[{"Plan": {"Node Type": "Aggregate", "Strategy": "Plain", "Partial Mode": "Finalize", "Parallel Aware": false, "Async Capable": false, "Startup Cost": 5000.88, "Total Cost": 5000.89, "Plan Rows": 1, "Plan Width": 8, "Actual Rows": 1, "Actual Loops": 1, "Plans": [{"Node Type": "Gather", "Parent Relationship": "Outer", "Parallel Aware": false, "Async Capable": false, "Startup Cost": 5000.77, "Total Cost": 5000.88, "Plan Rows": 1, "Plan Width": 8, "Actual Rows": 2, "Actual Loops": 1, "Workers Planned": 1, "Workers Launched": 1, "Single Copy": false, "Plans": [{"Node Type": "Aggregate", "Strategy": "Plain", "Partial Mode": "Partial", "Parent Relationship": "Outer", "Parallel Aware": false, "Async Capable": false, "Startup Cost": 4000.77, "Total Cost": 4000.78, "Plan Rows": 1, "Plan Width": 8, "Actual Rows": 1, "Actual Loops": 2, "Workers": [], "Plans": [{"Node Type": "Nested Loop", "Parent Relationship": "Outer", "Parallel Aware": false, "Async Capable": false, "Join Type": "Inner", "Startup Cost": 1.0, "Total Cost": 3975.61, "Plan Rows": 8.0, "Plan Width": 0, "Actual Rows": 1485472, "Actual Loops": 2, "Inner Unique": false, "Workers": [], "Plans": [{"Node Type": "Nested Loop", "Parent Relationship": "Outer", "Parallel Aware": false, "Async Capable": false, "Join Type": "Inner", "Startup Cost": 0.71, "Total Cost": 3577.9, "Plan Rows": 2.0, "Plan Width": 12, "Actual Rows": 17866, "Actual Loops": 2, "Inner Unique": false, "Workers": [], "Plans": [{"Node Type": "Nested Loop", "Parent Relationship": "Outer", "Parallel Aware": false, "Async Capable": false, "Join Type": "Inner", "Startup Cost": 0.29, "Total Cost": 3444.12, "Plan Rows": 24.0, "Plan Width": 8, "Actual Rows": 124, "Actual Loops": 2, "Inner Unique": true, "Workers": [], "Plans": [{"Node Type": "Seq Scan", "Parent Relationship": "Outer", "Parallel Aware": true, "Async Capable": false, "Relation Name": "comments", "Alias": "c", "Startup Cost": 0.0, "Total Cost": 3138.32, "Plan Rows": 131, "Plan Width": 4, "Actual Rows": 130, "Actual Loops": 2, "Filter": "((creationdate >= '2010-03-11 18:46:57'::timestamp without time zone) AND (creationdate <= '2013-11-20 09:43:41'::timestamp without time zone) AND (score = 6))", "Rows Removed by Filter": 87023, "Workers": []}, {"Node Type": "Index Only Scan", "Parent Relationship": "Inner", "Parallel Aware": false, "Async Capable": false, "Scan Direction": "Forward", "Index Name": "users_pkey", "Relation Name": "users", "Alias": "u", "Startup Cost": 0.29, "Total Cost": 2.33, "Plan Rows": 1, "Plan Width": 4, "Actual Rows": 1, "Actual Loops": 259, "Index Cond": "(id = c.userid)", "Rows Removed by Index Recheck": 0, "Heap Fetches": 0, "Workers": []}]}, {"Node Type": "Index Scan", "Parent Relationship": "Inner", "Parallel Aware": false, "Async Capable": false, "Scan Direction": "Forward", "Index Name": "idx_posthistory_userid", "Relation Name": "posthistory", "Alias": "ph", "Startup Cost": 0.42, "Total Cost": 1.03, "Plan Rows": 1, "Plan Width": 4, "Actual Rows": 144, "Actual Loops": 248, "Index Cond": "(userid = u.id)", "Rows Removed by Index Recheck": 0, "Filter": "((creationdate >= '2010-03-13 18:00:48'::timestamp without time zone) AND (creationdate <= '2014-05-02 23:41:27'::timestamp without time zone) AND (posthistorytypeid = 10))", "Rows Removed by Filter": 2166, "Workers": []}]}, {"Node Type": "Index Scan", "Parent Relationship": "Inner", "Parallel Aware": false, "Async Capable": false, "Scan Direction": "Forward", "Index Name": "idx_badges_userid", "Relation Name": "badges", "Alias": "b", "Startup Cost": 0.29, "Total Cost": 0.41, "Plan Rows": 1, "Plan Width": 4, "Actual Rows": 83, "Actual Loops": 35732, "Index Cond": "(userid = u.id)", "Rows Removed by Index Recheck": 0, "Filter": "(date <= '2011-08-23 21:37:40'::timestamp without time zone)", "Rows Removed by Filter": 356, "Workers": []}]}]}]}]}, "Planning Time": 6.216, "Triggers": [], "Execution Time": 1927.881}, {"Plan": {"Node Type": "Aggregate", "Strategy": "Plain", "Partial Mode": "Finalize", "Parallel Aware": false, "Async Capable": false, "Startup Cost": 10217.47, "Total Cost": 10217.48, "Plan Rows": 1, "Plan Width": 8, "Actual Rows": 1, "Actual Loops": 1, "Plans": [{"Node Type": "Gather", "Parent Relationship": "Outer", "Parallel Aware": false, "Async Capable": false, "Startup Cost": 10217.36, "Total Cost": 10217.47, "Plan Rows": 1, "Plan Width": 8, "Actual Rows": 2, "Actual Loops": 1, "Workers Planned": 1, "Workers Launched": 1, "Single Copy": false, "Plans": [{"Node Type": "Aggregate", "Strategy": "Plain", "Partial Mode": "Partial", "Parent Relationship": "Outer", "Parallel Aware": false, "Async Capable": false, "Startup Cost": 9217.36, "Total Cost": 9217.37, "Plan Rows": 1, "Plan Width": 8, "Actual Rows": 1, "Actual Loops": 2, "Workers": [], "Plans": [{"Node Type": "Hash Join", "Parent Relationship": "Outer", "Parallel Aware": false, "Async Capable": false, "Join Type": "Inner", "Startup Cost": 2778.2, "Total Cost": 9192.21, "Plan Rows": 8.0, "Plan Width": 0, "Actual Rows": 1485472, "Actual Loops": 2, "Inner Unique": false, "Hash Cond": "(c.userid = u.id)", "Workers": [], "Plans": [{"Node Type": "Nested Loop", "Parent Relationship": "Outer", "Parallel Aware": false, "Async Capable": false, "Join Type": "Inner", "Startup Cost": 0.42, "Total Cost": 6408.58, "Plan Rows": 5.0, "Plan Width": 8, "Actual Rows": 17866, "Actual Loops": 2, "Inner Unique": false, "Workers": [], "Plans": [{"Node Type": "Seq Scan", "Parent Relationship": "Outer", "Parallel Aware": true, "Async Capable": false, "Relation Name": "comments", "Alias": "c", "Startup Cost": 0.0, "Total Cost": 3138.32, "Plan Rows": 131, "Plan Width": 4, "Actual Rows": 130, "Actual Loops": 2, "Filter": "((creationdate >= '2010-03-11 18:46:57'::timestamp without time zone) AND (creationdate <= '2013-11-20 09:43:41'::timestamp without time zone) AND (score = 6))", "Rows Removed by Filter": 87023, "Workers": []}, {"Node Type": "Index Scan", "Parent Relationship": "Inner", "Parallel Aware": false, "Async Capable": false, "Scan Direction": "Forward", "Index Name": "idx_posthistory_userid", "Relation Name": "posthistory", "Alias": "ph", "Startup Cost": 0.42, "Total Cost": 24.95, "Plan Rows": 1, "Plan Width": 4, "Actual Rows": 138, "Actual Loops": 259, "Index Cond": "(userid = c.userid)", "Rows Removed by Index Recheck": 0, "Filter": "((creationdate >= '2010-03-13 18:00:48'::timestamp without time zone) AND (creationdate <= '2014-05-02 23:41:27'::timestamp without time zone) AND (posthistorytypeid = 10))", "Rows Removed by Filter": 2074, "Workers": []}]}, {"Node Type": "Hash", "Parent Relationship": "Inner", "Parallel Aware": false, "Async Capable": false, "Startup Cost": 2659.32, "Total Cost": 2659.32, "Plan Rows": 1230.0, "Plan Width": 8, "Actual Rows": 9473, "Actual Loops": 2, "Hash Buckets": 16384, "Original Hash Buckets": 16384, "Hash Batches": 1, "Original Hash Batches": 1, "Peak Memory Usage": 499, "Workers": [], "Plans": [{"Node Type": "Hash Join", "Parent Relationship": "Outer", "Parallel Aware": false, "Async Capable": false, "Join Type": "Inner", "Startup Cost": 1204.31, "Total Cost": 2659.32, "Plan Rows": 1230.0, "Plan Width": 8, "Actual Rows": 9473, "Actual Loops": 2, "Inner Unique": true, "Hash Cond": "(b.userid = u.id)", "Workers": [], "Plans": [{"Node Type": "Seq Scan", "Parent Relationship": "Outer", "Parallel Aware": false, "Async Capable": false, "Relation Name": "badges", "Alias": "b", "Startup Cost": 0.0, "Total Cost": 1430.14, "Plan Rows": 9476, "Plan Width": 4, "Actual Rows": 9473, "Actual Loops": 2, "Filter": "(date <= '2011-08-23 21:37:40'::timestamp without time zone)", "Rows Removed by Filter": 70378, "Workers": []}, {"Node Type": "Hash", "Parent Relationship": "Inner", "Parallel Aware": false, "Async Capable": false, "Startup Cost": 700.25, "Total Cost": 700.25, "Plan Rows": 40325, "Plan Width": 4, "Actual Rows": 40325, "Actual Loops": 2, "Hash Buckets": 65536, "Original Hash Buckets": 65536, "Hash Batches": 1, "Original Hash Batches": 1, "Peak Memory Usage": 1930, "Workers": [], "Plans": [{"Node Type": "Seq Scan", "Parent Relationship": "Outer", "Parallel Aware": false, "Async Capable": false, "Relation Name": "users", "Alias": "u", "Startup Cost": 0.0, "Total Cost": 700.25, "Plan Rows": 40325, "Plan Width": 4, "Actual Rows": 40325, "Actual Loops": 2, "Workers": []}]}]}]}]}]}]}]}, "Planning Time": 5.867, "Triggers": [], "Execution Time": 260.396}, {"Plan": {"Node Type": "Aggregate", "Strategy": "Plain", "Partial Mode": "Finalize", "Parallel Aware": false, "Async Capable": false, "Startup Cost": 9905.05, "Total Cost": 9905.06, "Plan Rows": 1, "Plan Width": 8, "Actual Rows": 1, "Actual Loops": 1, "Plans": [{"Node Type": "Gather", "Parent Relationship": "Outer", "Parallel Aware": false, "Async Capable": false, "Startup Cost": 9904.94, "Total Cost": 9905.05, "Plan Rows": 1, "Plan Width": 8, "Actual Rows": 2, "Actual Loops": 1, "Workers Planned": 1, "Workers Launched": 1, "Single Copy": false, "Plans": [{"Node Type": "Aggregate", "Strategy": "Plain", "Partial Mode": "Partial", "Parent Relationship": "Outer", "Parallel Aware": false, "Async Capable": false, "Startup Cost": 8904.94, "Total Cost": 8904.95, "Plan Rows": 1, "Plan Width": 8, "Actual Rows": 1, "Actual Loops": 2, "Workers": [], "Plans": [{"Node Type": "Hash Join", "Parent Relationship": "Outer", "Parallel Aware": true, "Async Capable": false, "Join Type": "Inner", "Startup Cost": 3515.2, "Total Cost": 8879.78, "Plan Rows": 8.0, "Plan Width": 0, "Actual Rows": 1485472, "Actual Loops": 2, "Inner Unique": false, "Hash Cond": "(ph.userid = u.id)", "Workers": [], "Plans": [{"Node Type": "Seq Scan", "Parent Relationship": "Outer", "Parallel Aware": true, "Async Capable": false, "Relation Name": "posthistory", "Alias": "ph", "Startup Cost": 0.0, "Total Cost": 5361.04, "Plan Rows": 871, "Plan Width": 4, "Actual Rows": 695, "Actual Loops": 2, "Filter": "((creationdate >= '2010-03-13 18:00:48'::timestamp without time zone) AND (creationdate <= '2014-05-02 23:41:27'::timestamp without time zone) AND (posthistorytypeid = 10))", "Rows Removed by Filter": 150898, "Workers": []}, {"Node Type": "Hash", "Parent Relationship": "Inner", "Parallel Aware": true, "Async Capable": false, "Startup Cost": 3498.13, "Total Cost": 3498.13, "Plan Rows": 87.0, "Plan Width": 12, "Actual Rows": 3400, "Actual Loops": 2, "Hash Buckets": 8192, "Original Hash Buckets": 4096, "Hash Batches": 1, "Original Hash Batches": 1, "Peak Memory Usage": 448, "Workers": [], "Plans": [{"Node Type": "Nested Loop", "Parent Relationship": "Outer", "Parallel Aware": false, "Async Capable": false, "Join Type": "Inner", "Startup Cost": 0.58, "Total Cost": 3498.13, "Plan Rows": 87.0, "Plan Width": 12, "Actual Rows": 3400, "Actual Loops": 2, "Inner Unique": false, "Workers": [], "Plans": [{"Node Type": "Nested Loop", "Parent Relationship": "Outer", "Parallel Aware": false, "Async Capable": false, "Join Type": "Inner", "Startup Cost": 0.29, "Total Cost": 3444.12, "Plan Rows": 24.0, "Plan Width": 8, "Actual Rows": 124, "Actual Loops": 2, "Inner Unique": true, "Workers": [], "Plans": [{"Node Type": "Seq Scan", "Parent Relationship": "Outer", "Parallel Aware": true, "Async Capable": false, "Relation Name": "comments", "Alias": "c", "Startup Cost": 0.0, "Total Cost": 3138.32, "Plan Rows": 131, "Plan Width": 4, "Actual Rows": 130, "Actual Loops": 2, "Filter": "((creationdate >= '2010-03-11 18:46:57'::timestamp without time zone) AND (creationdate <= '2013-11-20 09:43:41'::timestamp without time zone) AND (score = 6))", "Rows Removed by Filter": 87023, "Workers": []}, {"Node Type": "Index Only Scan", "Parent Relationship": "Inner", "Parallel Aware": false, "Async Capable": false, "Scan Direction": "Forward", "Index Name": "users_pkey", "Relation Name": "users", "Alias": "u", "Startup Cost": 0.29, "Total Cost": 2.33, "Plan Rows": 1, "Plan Width": 4, "Actual Rows": 1, "Actual Loops": 259, "Index Cond": "(id = c.userid)", "Rows Removed by Index Recheck": 0, "Heap Fetches": 0, "Workers": []}]}, {"Node Type": "Index Scan", "Parent Relationship": "Inner", "Parallel Aware": false, "Async Capable": false, "Scan Direction": "Forward", "Index Name": "idx_badges_userid", "Relation Name": "badges", "Alias": "b", "Startup Cost": 0.29, "Total Cost": 0.41, "Plan Rows": 1, "Plan Width": 4, "Actual Rows": 27, "Actual Loops": 248, "Index Cond": "(userid = u.id)", "Rows Removed by Index Recheck": 0, "Filter": "(date <= '2011-08-23 21:37:40'::timestamp without time zone)", "Rows Removed by Filter": 123, "Workers": []}]}]}]}]}]}]}, "Planning Time": 5.678, "Triggers": [], "Execution Time": 173.853}, {"Plan": {"Node Type": "Aggregate", "Strategy": "Plain", "Partial Mode": "Finalize", "Parallel Aware": false, "Async Capable": false, "Startup Cost": 11500.63, "Total Cost": 11500.64, "Plan Rows": 1, "Plan Width": 8, "Actual Rows": 1, "Actual Loops": 1, "Plans": [{"Node Type": "Gather", "Parent Relationship": "Outer", "Parallel Aware": false, "Async Capable": false, "Startup Cost": 11500.51, "Total Cost": 11500.62, "Plan Rows": 1, "Plan Width": 8, "Actual Rows": 2, "Actual Loops": 1, "Workers Planned": 1, "Workers Launched": 1, "Single Copy": false, "Plans": [{"Node Type": "Aggregate", "Strategy": "Plain", "Partial Mode": "Partial", "Parent Relationship": "Outer", "Parallel Aware": false, "Async Capable": false, "Startup Cost": 10500.51, "Total Cost": 10500.52, "Plan Rows": 1, "Plan Width": 8, "Actual Rows": 1, "Actual Loops": 2, "Workers": [], "Plans": [{"Node Type": "Hash Join", "Parent Relationship": "Outer", "Parallel Aware": true, "Async Capable": false, "Join Type": "Inner", "Startup Cost": 3446.03, "Total Cost": 10475.36, "Plan Rows": 8.0, "Plan Width": 0, "Actual Rows": 1485472, "Actual Loops": 2, "Inner Unique": false, "Hash Cond": "(ph.userid = u.id)", "Workers": [], "Plans": [{"Node Type": "Nested Loop", "Parent Relationship": "Outer", "Parallel Aware": false, "Async Capable": false, "Join Type": "Inner", "Startup Cost": 0.29, "Total Cost": 7009.17, "Plan Rows": 218.0, "Plan Width": 8, "Actual Rows": 45310, "Actual Loops": 2, "Inner Unique": false, "Workers": [], "Plans": [{"Node Type": "Seq Scan", "Parent Relationship": "Outer", "Parallel Aware": true, "Async Capable": false, "Relation Name": "posthistory", "Alias": "ph", "Startup Cost": 0.0, "Total Cost": 5361.04, "Plan Rows": 871, "Plan Width": 4, "Actual Rows": 695, "Actual Loops": 2, "Filter": "((creationdate >= '2010-03-13 18:00:48'::timestamp without time zone) AND (creationdate <= '2014-05-02 23:41:27'::timestamp without time zone) AND (posthistorytypeid = 10))", "Rows Removed by Filter": 150898, "Workers": []}, {"Node Type": "Index Scan", "Parent Relationship": "Inner", "Parallel Aware": false, "Async Capable": false, "Scan Direction": "Forward", "Index Name": "idx_badges_userid", "Relation Name": "badges", "Alias": "b", "Startup Cost": 0.29, "Total Cost": 1.88, "Plan Rows": 1, "Plan Width": 4, "Actual Rows": 65, "Actual Loops": 1390, "Index Cond": "(userid = ph.userid)", "Rows Removed by Index Recheck": 0, "Filter": "(date <= '2011-08-23 21:37:40'::timestamp without time zone)", "Rows Removed by Filter": 263, "Workers": []}]}, {"Node Type": "Hash", "Parent Relationship": "Inner", "Parallel Aware": true, "Async Capable": false, "Startup Cost": 3444.12, "Total Cost": 3444.12, "Plan Rows": 24.0, "Plan Width": 8, "Actual Rows": 124, "Actual Loops": 2, "Hash Buckets": 1024, "Original Hash Buckets": 1024, "Hash Batches": 1, "Original Hash Batches": 1, "Peak Memory Usage": 72, "Workers": [], "Plans": [{"Node Type": "Nested Loop", "Parent Relationship": "Outer", "Parallel Aware": false, "Async Capable": false, "Join Type": "Inner", "Startup Cost": 0.29, "Total Cost": 3444.12, "Plan Rows": 24.0, "Plan Width": 8, "Actual Rows": 124, "Actual Loops": 2, "Inner Unique": true, "Workers": [], "Plans": [{"Node Type": "Seq Scan", "Parent Relationship": "Outer", "Parallel Aware": true, "Async Capable": false, "Relation Name": "comments", "Alias": "c", "Startup Cost": 0.0, "Total Cost": 3138.32, "Plan Rows": 131, "Plan Width": 4, "Actual Rows": 130, "Actual Loops": 2, "Filter": "((creationdate >= '2010-03-11 18:46:57'::timestamp without time zone) AND (creationdate <= '2013-11-20 09:43:41'::timestamp without time zone) AND (score = 6))", "Rows Removed by Filter": 87023, "Workers": []}, {"Node Type": "Index Only Scan", "Parent Relationship": "Inner", "Parallel Aware": false, "Async Capable": false, "Scan Direction": "Forward", "Index Name": "users_pkey", "Relation Name": "users", "Alias": "u", "Startup Cost": 0.29, "Total Cost": 2.33, "Plan Rows": 1, "Plan Width": 4, "Actual Rows": 1, "Actual Loops": 259, "Index Cond": "(id = c.userid)", "Rows Removed by Index Recheck": 0, "Heap Fetches": 0, "Workers": []}]}]}]}]}]}]}, "Planning Time": 3.824, "Triggers": [], "Execution Time": 218.169}, {"Plan": {"Node Type": "Aggregate", "Strategy": "Plain", "Partial Mode": "Finalize", "Parallel Aware": false, "Async Capable": false, "Startup Cost": 5000.88, "Total Cost": 5000.89, "Plan Rows": 1, "Plan Width": 8, "Actual Rows": 1, "Actual Loops": 1, "Plans": [{"Node Type": "Gather", "Parent Relationship": "Outer", "Parallel Aware": false, "Async Capable": false, "Startup Cost": 5000.77, "Total Cost": 5000.88, "Plan Rows": 1, "Plan Width": 8, "Actual Rows": 2, "Actual Loops": 1, "Workers Planned": 1, "Workers Launched": 1, "Single Copy": false, "Plans": [{"Node Type": "Aggregate", "Strategy": "Plain", "Partial Mode": "Partial", "Parent Relationship": "Outer", "Parallel Aware": false, "Async Capable": false, "Startup Cost": 4000.77, "Total Cost": 4000.78, "Plan Rows": 1, "Plan Width": 8, "Actual Rows": 1, "Actual Loops": 2, "Workers": [], "Plans": [{"Node Type": "Nested Loop", "Parent Relationship": "Outer", "Parallel Aware": false, "Async Capable": false, "Join Type": "Inner", "Startup Cost": 1.0, "Total Cost": 3975.61, "Plan Rows": 8.0, "Plan Width": 0, "Actual Rows": 1485472, "Actual Loops": 2, "Inner Unique": false, "Workers": [], "Plans": [{"Node Type": "Nested Loop", "Parent Relationship": "Outer", "Parallel Aware": false, "Async Capable": false, "Join Type": "Inner", "Startup Cost": 0.71, "Total Cost": 3577.9, "Plan Rows": 2.0, "Plan Width": 12, "Actual Rows": 17866, "Actual Loops": 2, "Inner Unique": false, "Workers": [], "Plans": [{"Node Type": "Nested Loop", "Parent Relationship": "Outer", "Parallel Aware": false, "Async Capable": false, "Join Type": "Inner", "Startup Cost": 0.29, "Total Cost": 3444.12, "Plan Rows": 24.0, "Plan Width": 8, "Actual Rows": 124, "Actual Loops": 2, "Inner Unique": true, "Workers": [], "Plans": [{"Node Type": "Seq Scan", "Parent Relationship": "Outer", "Parallel Aware": true, "Async Capable": false, "Relation Name": "comments", "Alias": "c", "Startup Cost": 0.0, "Total Cost": 3138.32, "Plan Rows": 131, "Plan Width": 4, "Actual Rows": 130, "Actual Loops": 2, "Filter": "((creationdate >= '2010-03-11 18:46:57'::timestamp without time zone) AND (creationdate <= '2013-11-20 09:43:41'::timestamp without time zone) AND (score = 6))", "Rows Removed by Filter": 87023, "Workers": []}, {"Node Type": "Index Only Scan", "Parent Relationship": "Inner", "Parallel Aware": false, "Async Capable": false, "Scan Direction": "Forward", "Index Name": "users_pkey", "Relation Name": "users", "Alias": "u", "Startup Cost": 0.29, "Total Cost": 2.33, "Plan Rows": 1, "Plan Width": 4, "Actual Rows": 1, "Actual Loops": 259, "Index Cond": "(id = c.userid)", "Rows Removed by Index Recheck": 0, "Heap Fetches": 0, "Workers": []}]}, {"Node Type": "Index Scan", "Parent Relationship": "Inner", "Parallel Aware": false, "Async Capable": false, "Scan Direction": "Forward", "Index Name": "idx_posthistory_userid", "Relation Name": "posthistory", "Alias": "ph", "Startup Cost": 0.42, "Total Cost": 1.03, "Plan Rows": 1, "Plan Width": 4, "Actual Rows": 144, "Actual Loops": 248, "Index Cond": "(userid = u.id)", "Rows Removed by Index Recheck": 0, "Filter": "((creationdate >= '2010-03-13 18:00:48'::timestamp without time zone) AND (creationdate <= '2014-05-02 23:41:27'::timestamp without time zone) AND (posthistorytypeid = 10))", "Rows Removed by Filter": 2166, "Workers": []}]}, {"Node Type": "Index Scan", "Parent Relationship": "Inner", "Parallel Aware": false, "Async Capable": false, "Scan Direction": "Forward", "Index Name": "idx_badges_userid", "Relation Name": "badges", "Alias": "b", "Startup Cost": 0.29, "Total Cost": 0.41, "Plan Rows": 1, "Plan Width": 4, "Actual Rows": 83, "Actual Loops": 35732, "Index Cond": "(userid = u.id)", "Rows Removed by Index Recheck": 0, "Filter": "(date <= '2011-08-23 21:37:40'::timestamp without time zone)", "Rows Removed by Filter": 356, "Workers": []}]}]}]}]}, "Planning Time": 5.802, "Triggers": [], "Execution Time": 1934.908}, {"Plan": {"Node Type": "Aggregate", "Strategy": "Plain", "Partial Mode": "Finalize", "Parallel Aware": false, "Async Capable": false, "Startup Cost": 12489.98, "Total Cost": 12489.99, "Plan Rows": 1, "Plan Width": 8, "Actual Rows": 1, "Actual Loops": 1, "Plans": [{"Node Type": "Gather", "Parent Relationship": "Outer", "Parallel Aware": false, "Async Capable": false, "Startup Cost": 12489.87, "Total Cost": 12489.98, "Plan Rows": 1, "Plan Width": 8, "Actual Rows": 2, "Actual Loops": 1, "Workers Planned": 1, "Workers Launched": 1, "Single Copy": false, "Plans": [{"Node Type": "Aggregate", "Strategy": "Plain", "Partial Mode": "Partial", "Parent Relationship": "Outer", "Parallel Aware": false, "Async Capable": false, "Startup Cost": 11489.87, "Total Cost": 11489.88, "Plan Rows": 1, "Plan Width": 8, "Actual Rows": 1, "Actual Loops": 2, "Workers": [], "Plans": [{"Node Type": "Hash Join", "Parent Relationship": "Outer", "Parallel Aware": true, "Async Capable": false, "Join Type": "Inner", "Startup Cost": 4161.46, "Total Cost": 11464.71, "Plan Rows": 8.0, "Plan Width": 0, "Actual Rows": 1485472, "Actual Loops": 2, "Inner Unique": false, "Hash Cond": "(u.id = c.userid)", "Workers": [], "Plans": [{"Node Type": "Nested Loop", "Parent Relationship": "Outer", "Parallel Aware": false, "Async Capable": false, "Join Type": "Inner", "Startup Cost": 0.29, "Total Cost": 5894.88, "Plan Rows": 38.0, "Plan Width": 8, "Actual Rows": 695, "Actual Loops": 2, "Inner Unique": true, "Workers": [], "Plans": [{"Node Type": "Seq Scan", "Parent Relationship": "Outer", "Parallel Aware": true, "Async Capable": false, "Relation Name": "posthistory", "Alias": "ph", "Startup Cost": 0.0, "Total Cost": 5361.04, "Plan Rows": 871, "Plan Width": 4, "Actual Rows": 695, "Actual Loops": 2, "Filter": "((creationdate >= '2010-03-13 18:00:48'::timestamp without time zone) AND (creationdate <= '2014-05-02 23:41:27'::timestamp without time zone) AND (posthistorytypeid = 10))", "Rows Removed by Filter": 150898, "Workers": []}, {"Node Type": "Index Only Scan", "Parent Relationship": "Inner", "Parallel Aware": false, "Async Capable": false, "Scan Direction": "Forward", "Index Name": "users_pkey", "Relation Name": "users", "Alias": "u", "Startup Cost": 0.29, "Total Cost": 0.61, "Plan Rows": 1, "Plan Width": 4, "Actual Rows": 1, "Actual Loops": 1390, "Index Cond": "(id = ph.userid)", "Rows Removed by Index Recheck": 0, "Heap Fetches": 0, "Workers": []}]}, {"Node Type": "Hash", "Parent Relationship": "Inner", "Parallel Aware": true, "Async Capable": false, "Startup Cost": 4143.81, "Total Cost": 4143.81, "Plan Rows": 165.0, "Plan Width": 8, "Actual Rows": 3400, "Actual Loops": 2, "Hash Buckets": 8192, "Original Hash Buckets": 4096, "Hash Batches": 1, "Original Hash Batches": 1, "Peak Memory Usage": 384, "Workers": [], "Plans": [{"Node Type": "Nested Loop", "Parent Relationship": "Outer", "Parallel Aware": false, "Async Capable": false, "Join Type": "Inner", "Startup Cost": 0.29, "Total Cost": 4143.81, "Plan Rows": 165.0, "Plan Width": 8, "Actual Rows": 3400, "Actual Loops": 2, "Inner Unique": false, "Workers": [], "Plans": [{"Node Type": "Seq Scan", "Parent Relationship": "Outer", "Parallel Aware": true, "Async Capable": false, "Relation Name": "comments", "Alias": "c", "Startup Cost": 0.0, "Total Cost": 3138.32, "Plan Rows": 131, "Plan Width": 4, "Actual Rows": 130, "Actual Loops": 2, "Filter": "((creationdate >= '2010-03-11 18:46:57'::timestamp without time zone) AND (creationdate <= '2013-11-20 09:43:41'::timestamp without time zone) AND (score = 6))", "Rows Removed by Filter": 87023, "Workers": []}, {"Node Type": "Index Scan", "Parent Relationship": "Inner", "Parallel Aware": false, "Async Capable": false, "Scan Direction": "Forward", "Index Name": "idx_badges_userid", "Relation Name": "badges", "Alias": "b", "Startup Cost": 0.29, "Total Cost": 7.67, "Plan Rows": 1, "Plan Width": 4, "Actual Rows": 26, "Actual Loops": 259, "Index Cond": "(userid = c.userid)", "Rows Removed by Index Recheck": 0, "Filter": "(date <= '2011-08-23 21:37:40'::timestamp without time zone)", "Rows Removed by Filter": 118, "Workers": []}]}]}]}]}]}]}, "Planning Time": 3.176, "Triggers": [], "Execution Time": 168.038}, {"Plan": {"Node Type": "Aggregate", "Strategy": "Plain", "Partial Mode": "Simple", "Parallel Aware": false, "Async Capable": false, "Startup Cost": 6225.56, "Total Cost": 6225.57, "Plan Rows": 1, "Plan Width": 8, "Actual Rows": 1, "Actual Loops": 1, "Plans": [{"Node Type": "Hash Join", "Parent Relationship": "Outer", "Parallel Aware": false, "Async Capable": false, "Join Type": "Inner", "Startup Cost": 4713.32, "Total Cost": 6182.79, "Plan Rows": 8.0, "Plan Width": 0, "Actual Rows": 2970944, "Actual Loops": 1, "Inner Unique": false, "Hash Cond": "(b.userid = u.id)", "Plans": [{"Node Type": "Seq Scan", "Parent Relationship": "Outer", "Parallel Aware": false, "Async Capable": false, "Relation Name": "badges", "Alias": "b", "Startup Cost": 0.0, "Total Cost": 1430.14, "Plan Rows": 9476, "Plan Width": 4, "Actual Rows": 9473, "Actual Loops": 1, "Filter": "(date <= '2011-08-23 21:37:40'::timestamp without time zone)", "Rows Removed by Filter": 70378}, {"Node Type": "Hash", "Parent Relationship": "Inner", "Parallel Aware": false, "Async Capable": false, "Startup Cost": 4693.13, "Total Cost": 4693.13, "Plan Rows": 2.0, "Plan Width": 12, "Actual Rows": 35732, "Actual Loops": 1, "Hash Buckets": 65536, "Original Hash Buckets": 2048, "Hash Batches": 1, "Original Hash Batches": 1, "Peak Memory Usage": 2048, "Plans": [{"Node Type": "Nested Loop", "Parent Relationship": "Outer", "Parallel Aware": false, "Async Capable": false, "Join Type": "Inner", "Startup Cost": 1000.71, "Total Cost": 4693.13, "Plan Rows": 2.0, "Plan Width": 12, "Actual Rows": 35732, "Actual Loops": 1, "Inner Unique": false, "Plans": [{"Node Type": "Gather", "Parent Relationship": "Outer", "Parallel Aware": false, "Async Capable": false, "Startup Cost": 1000.29, "Total Cost": 4466.02, "Plan Rows": 24.0, "Plan Width": 8, "Actual Rows": 248, "Actual Loops": 1, "Workers Planned": 1, "Workers Launched": 1, "Single Copy": false, "Plans": [{"Node Type": "Nested Loop", "Parent Relationship": "Outer", "Parallel Aware": false, "Async Capable": false, "Join Type": "Inner", "Startup Cost": 0.29, "Total Cost": 3444.12, "Plan Rows": 24.0, "Plan Width": 8, "Actual Rows": 124, "Actual Loops": 2, "Inner Unique": true, "Workers": [], "Plans": [{"Node Type": "Seq Scan", "Parent Relationship": "Outer", "Parallel Aware": true, "Async Capable": false, "Relation Name": "comments", "Alias": "c", "Startup Cost": 0.0, "Total Cost": 3138.32, "Plan Rows": 131, "Plan Width": 4, "Actual Rows": 130, "Actual Loops": 2, "Filter": "((creationdate >= '2010-03-11 18:46:57'::timestamp without time zone) AND (creationdate <= '2013-11-20 09:43:41'::timestamp without time zone) AND (score = 6))", "Rows Removed by Filter": 87023, "Workers": []}, {"Node Type": "Index Only Scan", "Parent Relationship": "Inner", "Parallel Aware": false, "Async Capable": false, "Scan Direction": "Forward", "Index Name": "users_pkey", "Relation Name": "users", "Alias": "u", "Startup Cost": 0.29, "Total Cost": 2.33, "Plan Rows": 1, "Plan Width": 4, "Actual Rows": 1, "Actual Loops": 259, "Index Cond": "(id = c.userid)", "Rows Removed by Index Recheck": 0, "Heap Fetches": 0, "Workers": []}]}]}, {"Node Type": "Index Scan", "Parent Relationship": "Inner", "Parallel Aware": false, "Async Capable": false, "Scan Direction": "Forward", "Index Name": "idx_posthistory_userid", "Relation Name": "posthistory", "Alias": "ph", "Startup Cost": 0.42, "Total Cost": 1.03, "Plan Rows": 1, "Plan Width": 4, "Actual Rows": 144, "Actual Loops": 248, "Index Cond": "(userid = u.id)", "Rows Removed by Index Recheck": 0, "Filter": "((creationdate >= '2010-03-13 18:00:48'::timestamp without time zone) AND (creationdate <= '2014-05-02 23:41:27'::timestamp without time zone) AND (posthistorytypeid = 10))", "Rows Removed by Filter": 2166}]}]}]}]}, "Planning Time": 3.038, "Triggers": [], "Execution Time": 346.206}, {"Plan": {"Node Type": "Aggregate", "Strategy": "Plain", "Partial Mode": "Finalize", "Parallel Aware": false, "Async Capable": false, "Startup Cost": 11079.56, "Total Cost": 11079.57, "Plan Rows": 1, "Plan Width": 8, "Actual Rows": 1, "Actual Loops": 1, "Plans": [{"Node Type": "Gather", "Parent Relationship": "Outer", "Parallel Aware": false, "Async Capable": false, "Startup Cost": 11079.45, "Total Cost": 11079.56, "Plan Rows": 1, "Plan Width": 8, "Actual Rows": 2, "Actual Loops": 1, "Workers Planned": 1, "Workers Launched": 1, "Single Copy": false, "Plans": [{"Node Type": "Aggregate", "Strategy": "Plain", "Partial Mode": "Partial", "Parent Relationship": "Outer", "Parallel Aware": false, "Async Capable": false, "Startup Cost": 10079.45, "Total Cost": 10079.46, "Plan Rows": 1, "Plan Width": 8, "Actual Rows": 1, "Actual Loops": 2, "Workers": [], "Plans": [{"Node Type": "Hash Join", "Parent Relationship": "Outer", "Parallel Aware": true, "Async Capable": false, "Join Type": "Inner", "Startup Cost": 5905.3, "Total Cost": 10054.3, "Plan Rows": 8.0, "Plan Width": 0, "Actual Rows": 1485472, "Actual Loops": 2, "Inner Unique": false, "Hash Cond": "(c.userid = u.id)", "Workers": [], "Plans": [{"Node Type": "Nested Loop", "Parent Relationship": "Outer", "Parallel Aware": false, "Async Capable": false, "Join Type": "Inner", "Startup Cost": 0.29, "Total Cost": 4143.81, "Plan Rows": 165.0, "Plan Width": 8, "Actual Rows": 3400, "Actual Loops": 2, "Inner Unique": false, "Workers": [], "Plans": [{"Node Type": "Seq Scan", "Parent Relationship": "Outer", "Parallel Aware": true, "Async Capable": false, "Relation Name": "comments", "Alias": "c", "Startup Cost": 0.0, "Total Cost": 3138.32, "Plan Rows": 131, "Plan Width": 4, "Actual Rows": 130, "Actual Loops": 2, "Filter": "((creationdate >= '2010-03-11 18:46:57'::timestamp without time zone) AND (creationdate <= '2013-11-20 09:43:41'::timestamp without time zone) AND (score = 6))", "Rows Removed by Filter": 87023, "Workers": []}, {"Node Type": "Index Scan", "Parent Relationship": "Inner", "Parallel Aware": false, "Async Capable": false, "Scan Direction": "Forward", "Index Name": "idx_badges_userid", "Relation Name": "badges", "Alias": "b", "Startup Cost": 0.29, "Total Cost": 7.67, "Plan Rows": 1, "Plan Width": 4, "Actual Rows": 26, "Actual Loops": 259, "Index Cond": "(userid = c.userid)", "Rows Removed by Index Recheck": 0, "Filter": "(date <= '2011-08-23 21:37:40'::timestamp without time zone)", "Rows Removed by Filter": 118, "Workers": []}]}, {"Node Type": "Hash", "Parent Relationship": "Inner", "Parallel Aware": true, "Async Capable": false, "Startup Cost": 5894.88, "Total Cost": 5894.88, "Plan Rows": 38.0, "Plan Width": 8, "Actual Rows": 695, "Actual Loops": 2, "Hash Buckets": 2048, "Original Hash Buckets": 2048, "Hash Batches": 1, "Original Hash Batches": 1, "Peak Memory Usage": 112, "Workers": [], "Plans": [{"Node Type": "Nested Loop", "Parent Relationship": "Outer", "Parallel Aware": false, "Async Capable": false, "Join Type": "Inner", "Startup Cost": 0.29, "Total Cost": 5894.88, "Plan Rows": 38.0, "Plan Width": 8, "Actual Rows": 695, "Actual Loops": 2, "Inner Unique": true, "Workers": [], "Plans": [{"Node Type": "Seq Scan", "Parent Relationship": "Outer", "Parallel Aware": true, "Async Capable": false, "Relation Name": "posthistory", "Alias": "ph", "Startup Cost": 0.0, "Total Cost": 5361.04, "Plan Rows": 871, "Plan Width": 4, "Actual Rows": 695, "Actual Loops": 2, "Filter": "((creationdate >= '2010-03-13 18:00:48'::timestamp without time zone) AND (creationdate <= '2014-05-02 23:41:27'::timestamp without time zone) AND (posthistorytypeid = 10))", "Rows Removed by Filter": 150898, "Workers": []}, {"Node Type": "Index Only Scan", "Parent Relationship": "Inner", "Parallel Aware": false, "Async Capable": false, "Scan Direction": "Forward", "Index Name": "users_pkey", "Relation Name": "users", "Alias": "u", "Startup Cost": 0.29, "Total Cost": 0.61, "Plan Rows": 1, "Plan Width": 4, "Actual Rows": 1, "Actual Loops": 1390, "Index Cond": "(id = ph.userid)", "Rows Removed by Index Recheck": 0, "Heap Fetches": 0, "Workers": []}]}]}]}]}]}]}, "Planning Time": 4.763, "Triggers": [], "Execution Time": 160.449}, {"Plan": {"Node Type": "Aggregate", "Strategy": "Plain", "Partial Mode": "Finalize", "Parallel Aware": false, "Async Capable": false, "Startup Cost": 5939.98, "Total Cost": 5939.99, "Plan Rows": 1, "Plan Width": 8, "Actual Rows": 1, "Actual Loops": 1, "Plans": [{"Node Type": "Gather", "Parent Relationship": "Outer", "Parallel Aware": false, "Async Capable": false, "Startup Cost": 5939.87, "Total Cost": 5939.98, "Plan Rows": 1, "Plan Width": 8, "Actual Rows": 2, "Actual Loops": 1, "Workers Planned": 1, "Workers Launched": 1, "Single Copy": false, "Plans": [{"Node Type": "Aggregate", "Strategy": "Plain", "Partial Mode": "Partial", "Parent Relationship": "Outer", "Parallel Aware": false, "Async Capable": false, "Startup Cost": 4939.87, "Total Cost": 4939.88, "Plan Rows": 1, "Plan Width": 8, "Actual Rows": 1, "Actual Loops": 2, "Workers": [], "Plans": [{"Node Type": "Nested Loop", "Parent Relationship": "Outer", "Parallel Aware": false, "Async Capable": false, "Join Type": "Inner", "Startup Cost": 1.0, "Total Cost": 4914.71, "Plan Rows": 8.0, "Plan Width": 0, "Actual Rows": 1485472, "Actual Loops": 2, "Inner Unique": false, "Workers": [], "Plans": [{"Node Type": "Nested Loop", "Parent Relationship": "Outer", "Parallel Aware": false, "Async Capable": false, "Join Type": "Inner", "Startup Cost": 0.58, "Total Cost": 3498.13, "Plan Rows": 87.0, "Plan Width": 12, "Actual Rows": 3400, "Actual Loops": 2, "Inner Unique": false, "Workers": [], "Plans": [{"Node Type": "Nested Loop", "Parent Relationship": "Outer", "Parallel Aware": false, "Async Capable": false, "Join Type": "Inner", "Startup Cost": 0.29, "Total Cost": 3444.12, "Plan Rows": 24.0, "Plan Width": 8, "Actual Rows": 124, "Actual Loops": 2, "Inner Unique": true, "Workers": [], "Plans": [{"Node Type": "Seq Scan", "Parent Relationship": "Outer", "Parallel Aware": true, "Async Capable": false, "Relation Name": "comments", "Alias": "c", "Startup Cost": 0.0, "Total Cost": 3138.32, "Plan Rows": 131, "Plan Width": 4, "Actual Rows": 130, "Actual Loops": 2, "Filter": "((creationdate >= '2010-03-11 18:46:57'::timestamp without time zone) AND (creationdate <= '2013-11-20 09:43:41'::timestamp without time zone) AND (score = 6))", "Rows Removed by Filter": 87023, "Workers": []}, {"Node Type": "Index Only Scan", "Parent Relationship": "Inner", "Parallel Aware": false, "Async Capable": false, "Scan Direction": "Forward", "Index Name": "users_pkey", "Relation Name": "users", "Alias": "u", "Startup Cost": 0.29, "Total Cost": 2.33, "Plan Rows": 1, "Plan Width": 4, "Actual Rows": 1, "Actual Loops": 259, "Index Cond": "(id = c.userid)", "Rows Removed by Index Recheck": 0, "Heap Fetches": 0, "Workers": []}]}, {"Node Type": "Index Scan", "Parent Relationship": "Inner", "Parallel Aware": false, "Async Capable": false, "Scan Direction": "Forward", "Index Name": "idx_badges_userid", "Relation Name": "badges", "Alias": "b", "Startup Cost": 0.29, "Total Cost": 0.41, "Plan Rows": 1, "Plan Width": 4, "Actual Rows": 27, "Actual Loops": 248, "Index Cond": "(userid = u.id)", "Rows Removed by Index Recheck": 0, "Filter": "(date <= '2011-08-23 21:37:40'::timestamp without time zone)", "Rows Removed by Filter": 123, "Workers": []}]}, {"Node Type": "Index Scan", "Parent Relationship": "Inner", "Parallel Aware": false, "Async Capable": false, "Scan Direction": "Forward", "Index Name": "idx_posthistory_userid", "Relation Name": "posthistory", "Alias": "ph", "Startup Cost": 0.42, "Total Cost": 1.03, "Plan Rows": 1, "Plan Width": 4, "Actual Rows": 437, "Actual Loops": 6799, "Index Cond": "(userid = u.id)", "Rows Removed by Index Recheck": 0, "Filter": "((creationdate >= '2010-03-13 18:00:48'::timestamp without time zone) AND (creationdate <= '2014-05-02 23:41:27'::timestamp without time zone) AND (posthistorytypeid = 10))", "Rows Removed by Filter": 4250, "Workers": []}]}]}]}]}, "Planning Time": 5.407, "Triggers": [], "Execution Time": 3373.605}, {"Plan": {"Node Type": "Aggregate", "Strategy": "Plain", "Partial Mode": "Finalize", "Parallel Aware": false, "Async Capable": false, "Startup Cost": 12419.04, "Total Cost": 12419.05, "Plan Rows": 1, "Plan Width": 8, "Actual Rows": 1, "Actual Loops": 1, "Plans": [{"Node Type": "Gather", "Parent Relationship": "Outer", "Parallel Aware": false, "Async Capable": false, "Startup Cost": 12418.92, "Total Cost": 12419.03, "Plan Rows": 1, "Plan Width": 8, "Actual Rows": 2, "Actual Loops": 1, "Workers Planned": 1, "Workers Launched": 1, "Single Copy": false, "Plans": [{"Node Type": "Aggregate", "Strategy": "Plain", "Partial Mode": "Partial", "Parent Relationship": "Outer", "Parallel Aware": false, "Async Capable": false, "Startup Cost": 11418.92, "Total Cost": 11418.93, "Plan Rows": 1, "Plan Width": 8, "Actual Rows": 1, "Actual Loops": 2, "Workers": [], "Plans": [{"Node Type": "Hash Join", "Parent Relationship": "Outer", "Parallel Aware": true, "Async Capable": false, "Join Type": "Inner", "Startup Cost": 7077.09, "Total Cost": 11393.77, "Plan Rows": 8.0, "Plan Width": 0, "Actual Rows": 1485472, "Actual Loops": 2, "Inner Unique": false, "Hash Cond": "(u.id = ph.userid)", "Workers": [], "Plans": [{"Node Type": "Nested Loop", "Parent Relationship": "Outer", "Parallel Aware": false, "Async Capable": false, "Join Type": "Inner", "Startup Cost": 0.29, "Total Cost": 3444.12, "Plan Rows": 24.0, "Plan Width": 8, "Actual Rows": 124, "Actual Loops": 2, "Inner Unique": true, "Workers": [], "Plans": [{"Node Type": "Seq Scan", "Parent Relationship": "Outer", "Parallel Aware": true, "Async Capable": false, "Relation Name": "comments", "Alias": "c", "Startup Cost": 0.0, "Total Cost": 3138.32, "Plan Rows": 131, "Plan Width": 4, "Actual Rows": 130, "Actual Loops": 2, "Filter": "((creationdate >= '2010-03-11 18:46:57'::timestamp without time zone) AND (creationdate <= '2013-11-20 09:43:41'::timestamp without time zone) AND (score = 6))", "Rows Removed by Filter": 87023, "Workers": []}, {"Node Type": "Index Only Scan", "Parent Relationship": "Inner", "Parallel Aware": false, "Async Capable": false, "Scan Direction": "Forward", "Index Name": "users_pkey", "Relation Name": "users", "Alias": "u", "Startup Cost": 0.29, "Total Cost": 2.33, "Plan Rows": 1, "Plan Width": 4, "Actual Rows": 1, "Actual Loops": 259, "Index Cond": "(id = c.userid)", "Rows Removed by Index Recheck": 0, "Heap Fetches": 0, "Workers": []}]}, {"Node Type": "Hash", "Parent Relationship": "Inner", "Parallel Aware": true, "Async Capable": false, "Startup Cost": 7009.17, "Total Cost": 7009.17, "Plan Rows": 218.0, "Plan Width": 8, "Actual Rows": 45310, "Actual Loops": 2, "Hash Buckets": 131072, "Original Hash Buckets": 16384, "Hash Batches": 1, "Original Hash Batches": 1, "Peak Memory Usage": 5504, "Workers": [], "Plans": [{"Node Type": "Nested Loop", "Parent Relationship": "Outer", "Parallel Aware": false, "Async Capable": false, "Join Type": "Inner", "Startup Cost": 0.29, "Total Cost": 7009.17, "Plan Rows": 218.0, "Plan Width": 8, "Actual Rows": 45310, "Actual Loops": 2, "Inner Unique": false, "Workers": [], "Plans": [{"Node Type": "Seq Scan", "Parent Relationship": "Outer", "Parallel Aware": true, "Async Capable": false, "Relation Name": "posthistory", "Alias": "ph", "Startup Cost": 0.0, "Total Cost": 5361.04, "Plan Rows": 871, "Plan Width": 4, "Actual Rows": 695, "Actual Loops": 2, "Filter": "((creationdate >= '2010-03-13 18:00:48'::timestamp without time zone) AND (creationdate <= '2014-05-02 23:41:27'::timestamp without time zone) AND (posthistorytypeid = 10))", "Rows Removed by Filter": 150898, "Workers": []}, {"Node Type": "Index Scan", "Parent Relationship": "Inner", "Parallel Aware": false, "Async Capable": false, "Scan Direction": "Forward", "Index Name": "idx_badges_userid", "Relation Name": "badges", "Alias": "b", "Startup Cost": 0.29, "Total Cost": 1.88, "Plan Rows": 1, "Plan Width": 4, "Actual Rows": 65, "Actual Loops": 1390, "Index Cond": "(userid = ph.userid)", "Rows Removed by Index Recheck": 0, "Filter": "(date <= '2011-08-23 21:37:40'::timestamp without time zone)", "Rows Removed by Filter": 263, "Workers": []}]}]}]}]}]}]}, "Planning Time": 5.187, "Triggers": [], "Execution Time": 248.87}, {"Plan": {"Node Type": "Aggregate", "Strategy": "Plain", "Partial Mode": "Simple", "Parallel Aware": false, "Async Capable": false, "Startup Cost": 11094.91, "Total Cost": 11094.92, "Plan Rows": 1, "Plan Width": 8, "Actual Rows": 1, "Actual Loops": 1, "Plans": [{"Node Type": "Merge Join", "Parent Relationship": "Outer", "Parallel Aware": false, "Async Capable": false, "Join Type": "Inner", "Startup Cost": 9716.99, "Total Cost": 11052.15, "Plan Rows": 8.0, "Plan Width": 0, "Actual Rows": 2970944, "Actual Loops": 1, "Inner Unique": false, "Merge Cond": "(u.id = c.userid)", "Plans": [{"Node Type": "Merge Join", "Parent Relationship": "Outer", "Parallel Aware": false, "Async Capable": false, "Join Type": "Inner", "Startup Cost": 2056.38, "Total Cost": 3356.12, "Plan Rows": 1230.0, "Plan Width": 8, "Actual Rows": 6144, "Actual Loops": 1, "Inner Unique": false, "Merge Cond": "(u.id = b.userid)", "Plans": [{"Node Type": "Index Only Scan", "Parent Relationship": "Outer", "Parallel Aware": false, "Async Capable": false, "Scan Direction": "Forward", "Index Name": "users_pkey", "Relation Name": "users", "Alias": "u", "Startup Cost": 0.29, "Total Cost": 1057.16, "Plan Rows": 40325, "Plan Width": 4, "Actual Rows": 1893, "Actual Loops": 1, "Heap Fetches": 0}, {"Node Type": "Sort", "Parent Relationship": "Inner", "Parallel Aware": false, "Async Capable": false, "Startup Cost": 2056.03, "Total Cost": 2079.72, "Plan Rows": 9476, "Plan Width": 4, "Actual Rows": 6144, "Actual Loops": 1, "Sort Key": ["b.userid"], "Sort Method": "quicksort", "Sort Space Used": 385, "Sort Space Type": "Memory", "Plans": [{"Node Type": "Seq Scan", "Parent Relationship": "Outer", "Parallel Aware": false, "Async Capable": false, "Relation Name": "badges", "Alias": "b", "Startup Cost": 0.0, "Total Cost": 1430.14, "Plan Rows": 9476, "Plan Width": 4, "Actual Rows": 9473, "Actual Loops": 1, "Filter": "(date <= '2011-08-23 21:37:40'::timestamp without time zone)", "Rows Removed by Filter": 70378}]}]}, {"Node Type": "Sort", "Parent Relationship": "Inner", "Parallel Aware": false, "Async Capable": false, "Startup Cost": 7660.47, "Total Cost": 7664.58, "Plan Rows": 5.0, "Plan Width": 8, "Actual Rows": 2970914, "Actual Loops": 1, "Sort Key": ["c.userid"], "Sort Method": "quicksort", "Sort Space Used": 2653, "Sort Space Type": "Memory", "Plans": [{"Node Type": "Gather", "Parent Relationship": "Outer", "Parallel Aware": false, "Async Capable": false, "Startup Cost": 1000.42, "Total Cost": 7572.78, "Plan Rows": 5.0, "Plan Width": 8, "Actual Rows": 35732, "Actual Loops": 1, "Workers Planned": 1, "Workers Launched": 1, "Single Copy": false, "Plans": [{"Node Type": "Nested Loop", "Parent Relationship": "Outer", "Parallel Aware": false, "Async Capable": false, "Join Type": "Inner", "Startup Cost": 0.42, "Total Cost": 6408.58, "Plan Rows": 5.0, "Plan Width": 8, "Actual Rows": 17866, "Actual Loops": 2, "Inner Unique": false, "Workers": [], "Plans": [{"Node Type": "Seq Scan", "Parent Relationship": "Outer", "Parallel Aware": true, "Async Capable": false, "Relation Name": "comments", "Alias": "c", "Startup Cost": 0.0, "Total Cost": 3138.32, "Plan Rows": 131, "Plan Width": 4, "Actual Rows": 130, "Actual Loops": 2, "Filter": "((creationdate >= '2010-03-11 18:46:57'::timestamp without time zone) AND (creationdate <= '2013-11-20 09:43:41'::timestamp without time zone) AND (score = 6))", "Rows Removed by Filter": 87023, "Workers": []}, {"Node Type": "Index Scan", "Parent Relationship": "Inner", "Parallel Aware": false, "Async Capable": false, "Scan Direction": "Forward", "Index Name": "idx_posthistory_userid", "Relation Name": "posthistory", "Alias": "ph", "Startup Cost": 0.42, "Total Cost": 24.95, "Plan Rows": 1, "Plan Width": 4, "Actual Rows": 138, "Actual Loops": 259, "Index Cond": "(userid = c.userid)", "Rows Removed by Index Recheck": 0, "Filter": "((creationdate >= '2010-03-13 18:00:48'::timestamp without time zone) AND (creationdate <= '2014-05-02 23:41:27'::timestamp without time zone) AND (posthistorytypeid = 10))", "Rows Removed by Filter": 2074, "Workers": []}]}]}]}]}]}, "Planning Time": 3.089, "Triggers": [], "Execution Time": 368.43}, {"Plan": {"Node Type": "Aggregate", "Strategy": "Plain", "Partial Mode": "Finalize", "Parallel Aware": false, "Async Capable": false, "Startup Cost": 10461.14, "Total Cost": 10461.15, "Plan Rows": 1, "Plan Width": 8, "Actual Rows": 1, "Actual Loops": 1, "Plans": [{"Node Type": "Gather", "Parent Relationship": "Outer", "Parallel Aware": false, "Async Capable": false, "Startup Cost": 10461.03, "Total Cost": 10461.14, "Plan Rows": 1, "Plan Width": 8, "Actual Rows": 2, "Actual Loops": 1, "Workers Planned": 1, "Workers Launched": 1, "Single Copy": false, "Plans": [{"Node Type": "Aggregate", "Strategy": "Plain", "Partial Mode": "Partial", "Parent Relationship": "Outer", "Parallel Aware": false, "Async Capable": false, "Startup Cost": 9461.03, "Total Cost": 9461.04, "Plan Rows": 1, "Plan Width": 8, "Actual Rows": 1, "Actual Loops": 2, "Workers": [], "Plans": [{"Node Type": "Hash Join", "Parent Relationship": "Outer", "Parallel Aware": true, "Async Capable": false, "Join Type": "Inner", "Startup Cost": 6296.91, "Total Cost": 9435.88, "Plan Rows": 8.0, "Plan Width": 0, "Actual Rows": 1485472, "Actual Loops": 2, "Inner Unique": false, "Hash Cond": "(c.userid = u.id)", "Workers": [], "Plans": [{"Node Type": "Seq Scan", "Parent Relationship": "Outer", "Parallel Aware": true, "Async Capable": false, "Relation Name": "comments", "Alias": "c", "Startup Cost": 0.0, "Total Cost": 3138.32, "Plan Rows": 131, "Plan Width": 4, "Actual Rows": 130, "Actual Loops": 2, "Filter": "((creationdate >= '2010-03-11 18:46:57'::timestamp without time zone) AND (creationdate <= '2013-11-20 09:43:41'::timestamp without time zone) AND (score = 6))", "Rows Removed by Filter": 87023, "Workers": []}, {"Node Type": "Hash", "Parent Relationship": "Inner", "Parallel Aware": true, "Async Capable": false, "Startup Cost": 6233.98, "Total Cost": 6233.98, "Plan Rows": 130.0, "Plan Width": 12, "Actual Rows": 45310, "Actual Loops": 2, "Hash Buckets": 131072, "Original Hash Buckets": 16384, "Hash Batches": 1, "Original Hash Batches": 1, "Peak Memory Usage": 6176, "Workers": [], "Plans": [{"Node Type": "Nested Loop", "Parent Relationship": "Outer", "Parallel Aware": false, "Async Capable": false, "Join Type": "Inner", "Startup Cost": 0.58, "Total Cost": 6233.98, "Plan Rows": 130.0, "Plan Width": 12, "Actual Rows": 45310, "Actual Loops": 2, "Inner Unique": false, "Workers": [], "Plans": [{"Node Type": "Nested Loop", "Parent Relationship": "Outer", "Parallel Aware": false, "Async Capable": false, "Join Type": "Inner", "Startup Cost": 0.29, "Total Cost": 5894.88, "Plan Rows": 38.0, "Plan Width": 8, "Actual Rows": 695, "Actual Loops": 2, "Inner Unique": true, "Workers": [], "Plans": [{"Node Type": "Seq Scan", "Parent Relationship": "Outer", "Parallel Aware": true, "Async Capable": false, "Relation Name": "posthistory", "Alias": "ph", "Startup Cost": 0.0, "Total Cost": 5361.04, "Plan Rows": 871, "Plan Width": 4, "Actual Rows": 695, "Actual Loops": 2, "Filter": "((creationdate >= '2010-03-13 18:00:48'::timestamp without time zone) AND (creationdate <= '2014-05-02 23:41:27'::timestamp without time zone) AND (posthistorytypeid = 10))", "Rows Removed by Filter": 150898, "Workers": []}, {"Node Type": "Index Only Scan", "Parent Relationship": "Inner", "Parallel Aware": false, "Async Capable": false, "Scan Direction": "Forward", "Index Name": "users_pkey", "Relation Name": "users", "Alias": "u", "Startup Cost": 0.29, "Total Cost": 0.61, "Plan Rows": 1, "Plan Width": 4, "Actual Rows": 1, "Actual Loops": 1390, "Index Cond": "(id = ph.userid)", "Rows Removed by Index Recheck": 0, "Heap Fetches": 0, "Workers": []}]}, {"Node Type": "Index Scan", "Parent Relationship": "Inner", "Parallel Aware": false, "Async Capable": false, "Scan Direction": "Forward", "Index Name": "idx_badges_userid", "Relation Name": "badges", "Alias": "b", "Startup Cost": 0.29, "Total Cost": 0.41, "Plan Rows": 1, "Plan Width": 4, "Actual Rows": 65, "Actual Loops": 1390, "Index Cond": "(userid = u.id)", "Rows Removed by Index Recheck": 0, "Filter": "(date <= '2011-08-23 21:37:40'::timestamp without time zone)", "Rows Removed by Filter": 263, "Workers": []}]}]}]}]}]}]}, "Planning Time": 5.996, "Triggers": [], "Execution Time": 260.102}, {"Plan": {"Node Type": "Aggregate", "Strategy": "Plain", "Partial Mode": "Finalize", "Parallel Aware": false, "Async Capable": false, "Startup Cost": 11194.67, "Total Cost": 11194.68, "Plan Rows": 1, "Plan Width": 8, "Plans": [{"Node Type": "Gather", "Parent Relationship": "Outer", "Parallel Aware": false, "Async Capable": false, "Startup Cost": 11194.55, "Total Cost": 11194.66, "Plan Rows": 1, "Plan Width": 8, "Workers Planned": 1, "Single Copy": false, "Plans": [{"Node Type": "Aggregate", "Strategy": "Plain", "Partial Mode": "Partial", "Parent Relationship": "Outer", "Parallel Aware": false, "Async Capable": false, "Startup Cost": 10194.55, "Total Cost": 10194.56, "Plan Rows": 1, "Plan Width": 8, "Plans": [{"Node Type": "Nested Loop", "Parent Relationship": "Outer", "Parallel Aware": false, "Async Capable": false, "Join Type": "Inner", "Startup Cost": 0.88, "Total Cost": 10169.4, "Plan Rows": 8.0, "Plan Width": 0, "Inner Unique": false, "Plans": [{"Node Type": "Nested Loop", "Parent Relationship": "Outer", "Parallel Aware": false, "Async Capable": false, "Join Type": "Inner", "Startup Cost": 0.58, "Total Cost": 6233.98, "Plan Rows": 130.0, "Plan Width": 12, "Inner Unique": false, "Plans": [{"Node Type": "Nested Loop", "Parent Relationship": "Outer", "Parallel Aware": false, "Async Capable": false, "Join Type": "Inner", "Startup Cost": 0.29, "Total Cost": 5894.88, "Plan Rows": 38.0, "Plan Width": 8, "Inner Unique": true, "Plans": [{"Node Type": "Seq Scan", "Parent Relationship": "Outer", "Parallel Aware": true, "Async Capable": false, "Relation Name": "posthistory", "Alias": "ph", "Startup Cost": 0.0, "Total Cost": 5361.04, "Plan Rows": 871, "Plan Width": 4, "Filter": "((creationdate >= '2010-03-13 18:00:48'::timestamp without time zone) AND (creationdate <= '2014-05-02 23:41:27'::timestamp without time zone) AND (posthistorytypeid = 10))"}, {"Node Type": "Index Only Scan", "Parent Relationship": "Inner", "Parallel Aware": false, "Async Capable": false, "Scan Direction": "Forward", "Index Name": "users_pkey", "Relation Name": "users", "Alias": "u", "Startup Cost": 0.29, "Total Cost": 0.61, "Plan Rows": 1, "Plan Width": 4, "Index Cond": "(id = ph.userid)"}]}, {"Node Type": "Index Scan", "Parent Relationship": "Inner", "Parallel Aware": false, "Async Capable": false, "Scan Direction": "Forward", "Index Name": "idx_badges_userid", "Relation Name": "badges", "Alias": "b", "Startup Cost": 0.29, "Total Cost": 0.41, "Plan Rows": 1, "Plan Width": 4, "Index Cond": "(userid = u.id)", "Filter": "(date <= '2011-08-23 21:37:40'::timestamp without time zone)"}]}, {"Node Type": "Index Scan", "Parent Relationship": "Inner", "Parallel Aware": false, "Async Capable": false, "Scan Direction": "Forward", "Index Name": "idx_comments_userid", "Relation Name": "comments", "Alias": "c", "Startup Cost": 0.29, "Total Cost": 0.77, "Plan Rows": 1, "Plan Width": 4, "Index Cond": "(userid = u.id)", "Filter": "((creationdate >= '2010-03-11 18:46:57'::timestamp without time zone) AND (creationdate <= '2013-11-20 09:43:41'::timestamp without time zone) AND (score = 6))"}]}]}]}]}, "Timeout Time": 7711.524}, {"Plan": {"Node Type": "Aggregate", "Strategy": "Plain", "Partial Mode": "Simple", "Parallel Aware": false, "Async Capable": false, "Startup Cost": 11438.33, "Total Cost": 11438.34, "Plan Rows": 1, "Plan Width": 8, "Actual Rows": 1, "Actual Loops": 1, "Plans": [{"Node Type": "Merge Join", "Parent Relationship": "Outer", "Parallel Aware": false, "Async Capable": false, "Join Type": "Inner", "Startup Cost": 9716.88, "Total Cost": 11395.57, "Plan Rows": 8.0, "Plan Width": 0, "Actual Rows": 2970944, "Actual Loops": 1, "Inner Unique": false, "Merge Cond": "(u.id = c.userid)", "Plans": [{"Node Type": "Index Only Scan", "Parent Relationship": "Outer", "Parallel Aware": false, "Async Capable": false, "Scan Direction": "Forward", "Index Name": "users_pkey", "Relation Name": "users", "Alias": "u", "Startup Cost": 0.29, "Total Cost": 1057.16, "Plan Rows": 40325, "Plan Width": 4, "Actual Rows": 1893, "Actual Loops": 1, "Heap Fetches": 0}, {"Node Type": "Materialize", "Parent Relationship": "Inner", "Parallel Aware": false, "Async Capable": false, "Startup Cost": 9716.5, "Total Cost": 10028.96, "Plan Rows": 17.0, "Plan Width": 12, "Actual Rows": 2970944, "Actual Loops": 1, "Plans": [{"Node Type": "Merge Join", "Parent Relationship": "Outer", "Parallel Aware": false, "Async Capable": false, "Join Type": "Inner", "Startup Cost": 9716.5, "Total Cost": 9985.47, "Plan Rows": 17.0, "Plan Width": 12, "Actual Rows": 2970944, "Actual Loops": 1, "Inner Unique": false, "Merge Cond": "(c.userid = b.userid)", "Plans": [{"Node Type": "Sort", "Parent Relationship": "Outer", "Parallel Aware": false, "Async Capable": false, "Startup Cost": 7660.47, "Total Cost": 7664.58, "Plan Rows": 5.0, "Plan Width": 8, "Actual Rows": 35732, "Actual Loops": 1, "Sort Key": ["c.userid"], "Sort Method": "quicksort", "Sort Space Used": 2653, "Sort Space Type": "Memory", "Plans": [{"Node Type": "Gather", "Parent Relationship": "Outer", "Parallel Aware": false, "Async Capable": false, "Startup Cost": 1000.42, "Total Cost": 7572.78, "Plan Rows": 5.0, "Plan Width": 8, "Actual Rows": 35732, "Actual Loops": 1, "Workers Planned": 1, "Workers Launched": 1, "Single Copy": false, "Plans": [{"Node Type": "Nested Loop", "Parent Relationship": "Outer", "Parallel Aware": false, "Async Capable": false, "Join Type": "Inner", "Startup Cost": 0.42, "Total Cost": 6408.58, "Plan Rows": 5.0, "Plan Width": 8, "Actual Rows": 17866, "Actual Loops": 2, "Inner Unique": false, "Workers": [], "Plans": [{"Node Type": "Seq Scan", "Parent Relationship": "Outer", "Parallel Aware": true, "Async Capable": false, "Relation Name": "comments", "Alias": "c", "Startup Cost": 0.0, "Total Cost": 3138.32, "Plan Rows": 131, "Plan Width": 4, "Actual Rows": 130, "Actual Loops": 2, "Filter": "((creationdate >= '2010-03-11 18:46:57'::timestamp without time zone) AND (creationdate <= '2013-11-20 09:43:41'::timestamp without time zone) AND (score = 6))", "Rows Removed by Filter": 87023, "Workers": []}, {"Node Type": "Index Scan", "Parent Relationship": "Inner", "Parallel Aware": false, "Async Capable": false, "Scan Direction": "Forward", "Index Name": "idx_posthistory_userid", "Relation Name": "posthistory", "Alias": "ph", "Startup Cost": 0.42, "Total Cost": 24.95, "Plan Rows": 1, "Plan Width": 4, "Actual Rows": 138, "Actual Loops": 259, "Index Cond": "(userid = c.userid)", "Rows Removed by Index Recheck": 0, "Filter": "((creationdate >= '2010-03-13 18:00:48'::timestamp without time zone) AND (creationdate <= '2014-05-02 23:41:27'::timestamp without time zone) AND (posthistorytypeid = 10))", "Rows Removed by Filter": 2074, "Workers": []}]}]}]}, {"Node Type": "Sort", "Parent Relationship": "Inner", "Parallel Aware": false, "Async Capable": false, "Startup Cost": 2056.03, "Total Cost": 2079.72, "Plan Rows": 9476, "Plan Width": 4, "Actual Rows": 2976756, "Actual Loops": 1, "Sort Key": ["b.userid"], "Sort Method": "quicksort", "Sort Space Used": 385, "Sort Space Type": "Memory", "Plans": [{"Node Type": "Seq Scan", "Parent Relationship": "Outer", "Parallel Aware": false, "Async Capable": false, "Relation Name": "badges", "Alias": "b", "Startup Cost": 0.0, "Total Cost": 1430.14, "Plan Rows": 9476, "Plan Width": 4, "Actual Rows": 9473, "Actual Loops": 1, "Filter": "(date <= '2011-08-23 21:37:40'::timestamp without time zone)", "Rows Removed by Filter": 70378}]}]}]}]}]}, "Planning Time": 3.225, "Triggers": [], "Execution Time": 1002.442}, {"Plan": {"Node Type": "Aggregate", "Strategy": "Plain", "Partial Mode": "Finalize", "Parallel Aware": false, "Async Capable": false, "Startup Cost": 9931.94, "Total Cost": 9931.95, "Plan Rows": 1, "Plan Width": 8, "Actual Rows": 1, "Actual Loops": 1, "Plans": [{"Node Type": "Gather", "Parent Relationship": "Outer", "Parallel Aware": false, "Async Capable": false, "Startup Cost": 9931.83, "Total Cost": 9931.94, "Plan Rows": 1, "Plan Width": 8, "Actual Rows": 2, "Actual Loops": 1, "Workers Planned": 1, "Workers Launched": 1, "Single Copy": false, "Plans": [{"Node Type": "Aggregate", "Strategy": "Plain", "Partial Mode": "Partial", "Parent Relationship": "Outer", "Parallel Aware": false, "Async Capable": false, "Startup Cost": 8931.83, "Total Cost": 8931.84, "Plan Rows": 1, "Plan Width": 8, "Actual Rows": 1, "Actual Loops": 2, "Workers": [], "Plans": [{"Node Type": "Nested Loop", "Parent Relationship": "Outer", "Parallel Aware": false, "Async Capable": false, "Join Type": "Inner", "Startup Cost": 1.02, "Total Cost": 8906.67, "Plan Rows": 8.0, "Plan Width": 0, "Actual Rows": 1485472, "Actual Loops": 2, "Inner Unique": true, "Workers": [], "Plans": [{"Node Type": "Nested Loop", "Parent Relationship": "Outer", "Parallel Aware": false, "Async Capable": false, "Join Type": "Inner", "Startup Cost": 0.72, "Total Cost": 8132.72, "Plan Rows": 17.0, "Plan Width": 12, "Actual Rows": 1485472, "Actual Loops": 2, "Inner Unique": false, "Workers": [], "Plans": [{"Node Type": "Nested Loop", "Parent Relationship": "Outer", "Parallel Aware": false, "Async Capable": false, "Join Type": "Inner", "Startup Cost": 0.42, "Total Cost": 6408.58, "Plan Rows": 5.0, "Plan Width": 8, "Actual Rows": 17866, "Actual Loops": 2, "Inner Unique": false, "Workers": [], "Plans": [{"Node Type": "Seq Scan", "Parent Relationship": "Outer", "Parallel Aware": true, "Async Capable": false, "Relation Name": "comments", "Alias": "c", "Startup Cost": 0.0, "Total Cost": 3138.32, "Plan Rows": 131, "Plan Width": 4, "Actual Rows": 130, "Actual Loops": 2, "Filter": "((creationdate >= '2010-03-11 18:46:57'::timestamp without time zone) AND (creationdate <= '2013-11-20 09:43:41'::timestamp without time zone) AND (score = 6))", "Rows Removed by Filter": 87023, "Workers": []}, {"Node Type": "Index Scan", "Parent Relationship": "Inner", "Parallel Aware": false, "Async Capable": false, "Scan Direction": "Forward", "Index Name": "idx_posthistory_userid", "Relation Name": "posthistory", "Alias": "ph", "Startup Cost": 0.42, "Total Cost": 24.95, "Plan Rows": 1, "Plan Width": 4, "Actual Rows": 138, "Actual Loops": 259, "Index Cond": "(userid = c.userid)", "Rows Removed by Index Recheck": 0, "Filter": "((creationdate >= '2010-03-13 18:00:48'::timestamp without time zone) AND (creationdate <= '2014-05-02 23:41:27'::timestamp without time zone) AND (posthistorytypeid = 10))", "Rows Removed by Filter": 2074, "Workers": []}]}, {"Node Type": "Memoize", "Parent Relationship": "Inner", "Parallel Aware": false, "Async Capable": false, "Startup Cost": 0.3, "Total Cost": 7.68, "Plan Rows": 1, "Plan Width": 4, "Actual Rows": 83, "Actual Loops": 35732, "Cache Key": "c.userid", "Cache Mode": "logical", "Cache Hits": 17660, "Cache Misses": 6, "Cache Evictions": 0, "Cache Overflows": 0, "Peak Memory Usage": 13, "Workers": [{"Worker Number": 0, "Cache Hits": 18062, "Cache Misses": 4, "Cache Evictions": 0, "Cache Overflows": 0, "Peak Memory Usage": 9}], "Plans": [{"Node Type": "Index Scan", "Parent Relationship": "Outer", "Parallel Aware": false, "Async Capable": false, "Scan Direction": "Forward", "Index Name": "idx_badges_userid", "Relation Name": "badges", "Alias": "b", "Startup Cost": 0.29, "Total Cost": 7.67, "Plan Rows": 1, "Plan Width": 4, "Actual Rows": 55, "Actual Loops": 10, "Index Cond": "(userid = c.userid)", "Rows Removed by Index Recheck": 0, "Filter": "(date <= '2011-08-23 21:37:40'::timestamp without time zone)", "Rows Removed by Filter": 178, "Workers": []}]}]}, {"Node Type": "Memoize", "Parent Relationship": "Inner", "Parallel Aware": false, "Async Capable": false, "Startup Cost": 0.3, "Total Cost": 2.34, "Plan Rows": 1, "Plan Width": 4, "Actual Rows": 1, "Actual Loops": 2970944, "Cache Key": "c.userid", "Cache Mode": "logical", "Cache Hits": 1462512, "Cache Misses": 6, "Cache Evictions": 0, "Cache Overflows": 0, "Peak Memory Usage": 1, "Workers": [{"Worker Number": 0, "Cache Hits": 1508422, "Cache Misses": 4, "Cache Evictions": 0, "Cache Overflows": 0, "Peak Memory Usage": 1}], "Plans": [{"Node Type": "Index Only Scan", "Parent Relationship": "Outer", "Parallel Aware": false, "Async Capable": false, "Scan Direction": "Forward", "Index Name": "users_pkey", "Relation Name": "users", "Alias": "u", "Startup Cost": 0.29, "Total Cost": 2.33, "Plan Rows": 1, "Plan Width": 4, "Actual Rows": 1, "Actual Loops": 10, "Index Cond": "(id = c.userid)", "Rows Removed by Index Recheck": 0, "Heap Fetches": 0, "Workers": []}]}]}]}]}]}, "Planning Time": 6.107, "Triggers": [], "Execution Time": 421.613}]