[{"Plan": {"Node Type": "Aggregate", "Strategy": "Plain", "Partial Mode": "Finalize", "Parallel Aware": false, "Async Capable": false, "Startup Cost": 5408.75, "Total Cost": 5408.76, "Plan Rows": 1, "Plan Width": 8, "Actual Rows": 1, "Actual Loops": 1, "Plans": [{"Node Type": "Gather", "Parent Relationship": "Outer", "Parallel Aware": false, "Async Capable": false, "Startup Cost": 5408.64, "Total Cost": 5408.75, "Plan Rows": 1, "Plan Width": 8, "Actual Rows": 2, "Actual Loops": 1, "Workers Planned": 1, "Workers Launched": 1, "Single Copy": false, "Plans": [{"Node Type": "Aggregate", "Strategy": "Plain", "Partial Mode": "Partial", "Parent Relationship": "Outer", "Parallel Aware": false, "Async Capable": false, "Startup Cost": 4408.64, "Total Cost": 4408.65, "Plan Rows": 1, "Plan Width": 8, "Actual Rows": 1, "Actual Loops": 2, "Workers": [], "Plans": [{"Node Type": "Nested Loop", "Parent Relationship": "Outer", "Parallel Aware": false, "Async Capable": false, "Join Type": "Inner", "Startup Cost": 1161.15, "Total Cost": 2572.0, "Plan Rows": 1.0, "Plan Width": 0, "Actual Rows": 6451493, "Actual Loops": 2, "Inner Unique": false, "Join Filter": "(c.userid = v.userid)", "Rows Removed by Join Filter": 0, "Workers": [], "Plans": [{"Node Type": "Nested Loop", "Parent Relationship": "Outer", "Parallel Aware": false, "Async Capable": false, "Join Type": "Inner", "Startup Cost": 1160.86, "Total Cost": 2356.18, "Plan Rows": 10.0, "Plan Width": 16, "Actual Rows": 31416, "Actual Loops": 2, "Inner Unique": false, "Join Filter": "(ph.userid = v.userid)", "Rows Removed by Join Filter": 0, "Workers": [], "Plans": [{"Node Type": "Nested Loop", "Parent Relationship": "Outer", "Parallel Aware": false, "Async Capable": false, "Join Type": "Inner", "Startup Cost": 1160.43, "Total Cost": 2352.21, "Plan Rows": 14.0, "Plan Width": 12, "Actual Rows": 210, "Actual Loops": 2, "Inner Unique": false, "Join Filter": "(p.owneruserid = v.userid)", "Rows Removed by Join Filter": 0, "Workers": [], "Plans": [{"Node Type": "Merge Join", "Parent Relationship": "Outer", "Parallel Aware": false, "Async Capable": false, "Join Type": "Inner", "Startup Cost": 1160.14, "Total Cost": 2346.73, "Plan Rows": 159.0, "Plan Width": 8, "Actual Rows": 26, "Actual Loops": 2, "Inner Unique": true, "Merge Cond": "(v.userid = u.id)", "Workers": [], "Plans": [{"Node Type": "Index Scan", "Parent Relationship": "Outer", "Parallel Aware": true, "Async Capable": false, "Scan Direction": "Forward", "Index Name": "idx_votes_userid", "Relation Name": "votes", "Alias": "v", "Startup Cost": 0.42, "Total Cost": 11216.36, "Plan Rows": 373, "Plan Width": 4, "Actual Rows": 162, "Actual Loops": 2, "Filter": "((bountyamount >= 47) AND (creationdate >= '2013-07-20 05:36:05'::timestamp without time zone))", "Rows Removed by Filter": 13449, "Workers": []}, {"Node Type": "Sort", "Parent Relationship": "Inner", "Parallel Aware": false, "Async Capable": false, "Startup Cost": 1159.72, "Total Cost": 1166.59, "Plan Rows": 2749, "Plan Width": 4, "Actual Rows": 2750, "Actual Loops": 2, "Sort Key": ["u.id"], "Sort Method": "quicksort", "Sort Space Used": 97, "Sort Space Type": "Memory", "Workers": [{"Worker Number": 0, "Sort Method": "quicksort", "Sort Space Used": 97, "Sort Space Type": "Memory"}], "Plans": [{"Node Type": "Seq Scan", "Parent Relationship": "Outer", "Parallel Aware": false, "Async Capable": false, "Relation Name": "users", "Alias": "u", "Startup Cost": 0.0, "Total Cost": 1002.69, "Plan Rows": 2749, "Plan Width": 4, "Actual Rows": 2750, "Actual Loops": 2, "Filter": "((upvotes <= 4041) AND (creationdate >= '2010-11-18 14:45:51'::timestamp without time zone) AND (creationdate <= '2011-08-23 15:04:19'::timestamp without time zone))", "Rows Removed by Filter": 37575, "Workers": []}]}]}, {"Node Type": "Index Scan", "Parent Relationship": "Inner", "Parallel Aware": false, "Async Capable": false, "Scan Direction": "Forward", "Index Name": "idx_posts_owneruserid", "Relation Name": "posts", "Alias": "p", "Startup Cost": 0.29, "Total Cost": 1.81, "Plan Rows": 1, "Plan Width": 4, "Actual Rows": 8, "Actual Loops": 52, "Index Cond": "(owneruserid = u.id)", "Rows Removed by Index Recheck": 0, "Filter": "((answercount >= 0) AND (answercount <= 114) AND (creationdate >= '2009-07-07 07:37:28'::timestamp without time zone) AND (creationdate <= '2011-12-09 17:19:18'::timestamp without time zone))", "Rows Removed by Filter": 66, "Workers": []}]}, {"Node Type": "Index Scan", "Parent Relationship": "Inner", "Parallel Aware": false, "Async Capable": false, "Scan Direction": "Forward", "Index Name": "idx_posthistory_userid", "Relation Name": "posthistory", "Alias": "ph", "Startup Cost": 0.42, "Total Cost": 1.94, "Plan Rows": 4, "Plan Width": 4, "Actual Rows": 150, "Actual Loops": 419, "Index Cond": "(userid = p.owneruserid)", "Rows Removed by Index Recheck": 0, "Filter": "(creationdate <= '2012-05-10 10:25:46'::timestamp without time zone)", "Rows Removed by Filter": 101, "Workers": []}]}, {"Node Type": "Index Scan", "Parent Relationship": "Inner", "Parallel Aware": false, "Async Capable": false, "Scan Direction": "Forward", "Index Name": "idx_comments_userid", "Relation Name": "comments", "Alias": "c", "Startup Cost": 0.29, "Total Cost": 0.63, "Plan Rows": 10, "Plan Width": 4, "Actual Rows": 205, "Actual Loops": 62833, "Index Cond": "(userid = ph.userid)", "Rows Removed by Index Recheck": 0, "Filter": "(score = 0)", "Rows Removed by Filter": 51, "Workers": []}]}]}]}]}, "Planning Time": 11.518, "Triggers": [], "Execution Time": 2234.522}, {"Plan": {"Node Type": "Aggregate", "Strategy": "Plain", "Partial Mode": "Simple", "Parallel Aware": false, "Async Capable": false, "Startup Cost": 20892.97, "Total Cost": 20892.98, "Plan Rows": 1, "Plan Width": 8, "Actual Rows": 1, "Actual Loops": 1, "Plans": [{"Node Type": "Merge Join", "Parent Relationship": "Outer", "Parallel Aware": false, "Async Capable": false, "Join Type": "Inner", "Startup Cost": 16215.32, "Total Cost": 17770.69, "Plan Rows": 1.0, "Plan Width": 0, "Actual Rows": 12902986, "Actual Loops": 1, "Inner Unique": false, "Merge Cond": "(u.id = v.userid)", "Plans": [{"Node Type": "Nested Loop", "Parent Relationship": "Outer", "Parallel Aware": false, "Async Capable": false, "Join Type": "Inner", "Startup Cost": 4380.69, "Total Cost": 5230.93, "Plan Rows": 1.0, "Plan Width": 12, "Actual Rows": 99345, "Actual Loops": 1, "Inner Unique": false, "Join Filter": "(c.userid = u.id)", "Rows Removed by Join Filter": 0, "Plans": [{"Node Type": "Merge Join", "Parent Relationship": "Outer", "Parallel Aware": false, "Async Capable": false, "Join Type": "Inner", "Startup Cost": 4380.39, "Total Cost": 4440.65, "Plan Rows": 3.0, "Plan Width": 8, "Actual Rows": 2664, "Actual Loops": 1, "Inner Unique": true, "Merge Cond": "(p.owneruserid = u.id)", "Plans": [{"Node Type": "Sort", "Parent Relationship": "Outer", "Parallel Aware": false, "Async Capable": false, "Startup Cost": 3220.67, "Total Cost": 3241.45, "Plan Rows": 8312, "Plan Width": 4, "Actual Rows": 5905, "Actual Loops": 1, "Sort Key": ["p.owneruserid"], "Sort Method": "quicksort", "Sort Space Used": 193, "Sort Space Type": "Memory", "Plans": [{"Node Type": "Seq Scan", "Parent Relationship": "Outer", "Parallel Aware": false, "Async Capable": false, "Relation Name": "posts", "Alias": "p", "Startup Cost": 0.0, "Total Cost": 2679.52, "Plan Rows": 8312, "Plan Width": 4, "Actual Rows": 6281, "Actual Loops": 1, "Filter": "((answercount >= 0) AND (answercount <= 114) AND (creationdate >= '2009-07-07 07:37:28'::timestamp without time zone) AND (creationdate <= '2011-12-09 17:19:18'::timestamp without time zone))", "Rows Removed by Filter": 85695}]}, {"Node Type": "Sort", "Parent Relationship": "Inner", "Parallel Aware": false, "Async Capable": false, "Startup Cost": 1159.72, "Total Cost": 1166.59, "Plan Rows": 2749, "Plan Width": 4, "Actual Rows": 2746, "Actual Loops": 1, "Sort Key": ["u.id"], "Sort Method": "quicksort", "Sort Space Used": 97, "Sort Space Type": "Memory", "Plans": [{"Node Type": "Seq Scan", "Parent Relationship": "Outer", "Parallel Aware": false, "Async Capable": false, "Relation Name": "users", "Alias": "u", "Startup Cost": 0.0, "Total Cost": 1002.69, "Plan Rows": 2749, "Plan Width": 4, "Actual Rows": 2750, "Actual Loops": 1, "Filter": "((upvotes <= 4041) AND (creationdate >= '2010-11-18 14:45:51'::timestamp without time zone) AND (creationdate <= '2011-08-23 15:04:19'::timestamp without time zone))", "Rows Removed by Filter": 37575}]}]}, {"Node Type": "Index Scan", "Parent Relationship": "Inner", "Parallel Aware": false, "Async Capable": false, "Scan Direction": "Forward", "Index Name": "idx_comments_userid", "Relation Name": "comments", "Alias": "c", "Startup Cost": 0.29, "Total Cost": 1.29, "Plan Rows": 10, "Plan Width": 4, "Actual Rows": 37, "Actual Loops": 2664, "Index Cond": "(userid = p.owneruserid)", "Rows Removed by Index Recheck": 0, "Filter": "(score = 0)", "Rows Removed by Filter": 8}]}, {"Node Type": "Sort", "Parent Relationship": "Inner", "Parallel Aware": false, "Async Capable": false, "Startup Cost": 11834.64, "Total Cost": 11851.14, "Plan Rows": 3987.0, "Plan Width": 8, "Actual Rows": 12952305, "Actual Loops": 1, "Sort Key": ["ph.userid"], "Sort Method": "quicksort", "Sort Space Used": 3202, "Sort Space Type": "Memory", "Plans": [{"Node Type": "Gather", "Parent Relationship": "Outer", "Parallel Aware": false, "Async Capable": false, "Startup Cost": 1000.42, "Total Cost": 11415.92, "Plan Rows": 6600, "Plan Width": 8, "Actual Rows": 53281, "Actual Loops": 1, "Workers Planned": 1, "Workers Launched": 1, "Single Copy": false, "Plans": [{"Node Type": "Nested Loop", "Parent Relationship": "Outer", "Parallel Aware": false, "Async Capable": false, "Join Type": "Inner", "Startup Cost": 0.42, "Total Cost": 9755.92, "Plan Rows": 3987.0, "Plan Width": 8, "Actual Rows": 26640, "Actual Loops": 2, "Inner Unique": false, "Workers": [], "Plans": [{"Node Type": "Seq Scan", "Parent Relationship": "Outer", "Parallel Aware": true, "Async Capable": false, "Relation Name": "votes", "Alias": "v", "Startup Cost": 0.0, "Total Cost": 5054.68, "Plan Rows": 373, "Plan Width": 4, "Actual Rows": 419, "Actual Loops": 2, "Filter": "((bountyamount >= 47) AND (creationdate >= '2013-07-20 05:36:05'::timestamp without time zone))", "Rows Removed by Filter": 163613, "Workers": []}, {"Node Type": "Index Scan", "Parent Relationship": "Inner", "Parallel Aware": false, "Async Capable": false, "Scan Direction": "Forward", "Index Name": "idx_posthistory_userid", "Relation Name": "posthistory", "Alias": "ph", "Startup Cost": 0.42, "Total Cost": 12.56, "Plan Rows": 4, "Plan Width": 4, "Actual Rows": 64, "Actual Loops": 838, "Index Cond": "(userid = v.userid)", "Rows Removed by Index Recheck": 0, "Filter": "(creationdate <= '2012-05-10 10:25:46'::timestamp without time zone)", "Rows Removed by Filter": 354, "Workers": []}]}]}]}]}]}, "Planning Time": 5.175, "Triggers": [], "Execution Time": 1197.359}, {"Plan": {"Node Type": "Aggregate", "Strategy": "Plain", "Partial Mode": "Finalize", "Parallel Aware": false, "Async Capable": false, "Startup Cost": 12580.67, "Total Cost": 12580.68, "Plan Rows": 1, "Plan Width": 8, "Actual Rows": 1, "Actual Loops": 1, "Plans": [{"Node Type": "Gather", "Parent Relationship": "Outer", "Parallel Aware": false, "Async Capable": false, "Startup Cost": 12580.56, "Total Cost": 12580.67, "Plan Rows": 1, "Plan Width": 8, "Actual Rows": 2, "Actual Loops": 1, "Workers Planned": 1, "Workers Launched": 1, "Single Copy": false, "Plans": [{"Node Type": "Aggregate", "Strategy": "Plain", "Partial Mode": "Partial", "Parent Relationship": "Outer", "Parallel Aware": false, "Async Capable": false, "Startup Cost": 11580.56, "Total Cost": 11580.57, "Plan Rows": 1, "Plan Width": 8, "Actual Rows": 1, "Actual Loops": 2, "Workers": [], "Plans": [{"Node Type": "Merge Join", "Parent Relationship": "Outer", "Parallel Aware": false, "Async Capable": false, "Join Type": "Inner", "Startup Cost": 9111.31, "Total Cost": 9743.92, "Plan Rows": 1.0, "Plan Width": 0, "Actual Rows": 6451493, "Actual Loops": 2, "Inner Unique": false, "Merge Cond": "(ph.userid = v.userid)", "Workers": [], "Plans": [{"Node Type": "Sort", "Parent Relationship": "Outer", "Parallel Aware": false, "Async Capable": false, "Startup Cost": 7950.58, "Total Cost": 8063.18, "Plan Rows": 45039, "Plan Width": 4, "Actual Rows": 27820, "Actual Loops": 2, "Sort Key": ["ph.userid"], "Sort Method": "quicksort", "Sort Space Used": 3073, "Sort Space Type": "Memory", "Workers": [{"Worker Number": 0, "Sort Method": "quicksort", "Sort Space Used": 25, "Sort Space Type": "Memory"}], "Plans": [{"Node Type": "Seq Scan", "Parent Relationship": "Outer", "Parallel Aware": true, "Async Capable": false, "Relation Name": "posthistory", "Alias": "ph", "Startup Cost": 0.0, "Total Cost": 4469.32, "Plan Rows": 45039, "Plan Width": 4, "Actual Rows": 38246, "Actual Loops": 2, "Filter": "(creationdate <= '2012-05-10 10:25:46'::timestamp without time zone)", "Rows Removed by Filter": 113347, "Workers": []}]}, {"Node Type": "Materialize", "Parent Relationship": "Inner", "Parallel Aware": false, "Async Capable": false, "Startup Cost": 1160.73, "Total Cost": 2311.19, "Plan Rows": 2.0, "Plan Width": 16, "Actual Rows": 6481548, "Actual Loops": 2, "Workers": [], "Plans": [{"Node Type": "Nested Loop", "Parent Relationship": "Outer", "Parallel Aware": false, "Async Capable": false, "Join Type": "Inner", "Startup Cost": 1160.73, "Total Cost": 2302.99, "Plan Rows": 2.0, "Plan Width": 16, "Actual Rows": 60120, "Actual Loops": 2, "Inner Unique": false, "Join Filter": "(p.owneruserid = v.userid)", "Rows Removed by Join Filter": 0, "Workers": [], "Plans": [{"Node Type": "Merge Join", "Parent Relationship": "Outer", "Parallel Aware": false, "Async Capable": false, "Join Type": "Inner", "Startup Cost": 1160.44, "Total Cost": 2252.85, "Plan Rows": 13.0, "Plan Width": 12, "Actual Rows": 6818, "Actual Loops": 2, "Inner Unique": true, "Merge Cond": "(v.userid = u.id)", "Workers": [], "Plans": [{"Node Type": "Merge Join", "Parent Relationship": "Outer", "Parallel Aware": false, "Async Capable": false, "Join Type": "Inner", "Startup Cost": 0.72, "Total Cost": 10152.9, "Plan Rows": 543.0, "Plan Width": 8, "Actual Rows": 217386, "Actual Loops": 2, "Inner Unique": false, "Merge Cond": "(v.userid = c.userid)", "Workers": [], "Plans": [{"Node Type": "Index Scan", "Parent Relationship": "Outer", "Parallel Aware": false, "Async Capable": false, "Scan Direction": "Forward", "Index Name": "idx_votes_userid", "Relation Name": "votes", "Alias": "v", "Startup Cost": 0.42, "Total Cost": 13242.63, "Plan Rows": 634, "Plan Width": 4, "Actual Rows": 323, "Actual Loops": 2, "Filter": "((bountyamount >= 47) AND (creationdate >= '2013-07-20 05:36:05'::timestamp without time zone))", "Rows Removed by Filter": 26792, "Workers": []}, {"Node Type": "Index Scan", "Parent Relationship": "Inner", "Parallel Aware": false, "Async Capable": false, "Scan Direction": "Forward", "Index Name": "idx_comments_userid", "Relation Name": "comments", "Alias": "c", "Startup Cost": 0.29, "Total Cost": 8258.96, "Plan Rows": 134887, "Plan Width": 4, "Actual Rows": 286731, "Actual Loops": 2, "Filter": "(score = 0)", "Rows Removed by Filter": 120226, "Workers": []}]}, {"Node Type": "Sort", "Parent Relationship": "Inner", "Parallel Aware": false, "Async Capable": false, "Startup Cost": 1159.72, "Total Cost": 1166.59, "Plan Rows": 2749, "Plan Width": 4, "Actual Rows": 2750, "Actual Loops": 2, "Sort Key": ["u.id"], "Sort Method": "quicksort", "Sort Space Used": 97, "Sort Space Type": "Memory", "Workers": [{"Worker Number": 0, "Sort Method": "quicksort", "Sort Space Used": 97, "Sort Space Type": "Memory"}], "Plans": [{"Node Type": "Seq Scan", "Parent Relationship": "Outer", "Parallel Aware": false, "Async Capable": false, "Relation Name": "users", "Alias": "u", "Startup Cost": 0.0, "Total Cost": 1002.69, "Plan Rows": 2749, "Plan Width": 4, "Actual Rows": 2750, "Actual Loops": 2, "Filter": "((upvotes <= 4041) AND (creationdate >= '2010-11-18 14:45:51'::timestamp without time zone) AND (creationdate <= '2011-08-23 15:04:19'::timestamp without time zone))", "Rows Removed by Filter": 37575, "Workers": []}]}]}, {"Node Type": "Index Scan", "Parent Relationship": "Inner", "Parallel Aware": false, "Async Capable": false, "Scan Direction": "Forward", "Index Name": "idx_posts_owneruserid", "Relation Name": "posts", "Alias": "p", "Startup Cost": 0.29, "Total Cost": 0.43, "Plan Rows": 1, "Plan Width": 4, "Actual Rows": 9, "Actual Loops": 13636, "Index Cond": "(owneruserid = c.userid)", "Rows Removed by Index Recheck": 0, "Filter": "((answercount >= 0) AND (answercount <= 114) AND (creationdate >= '2009-07-07 07:37:28'::timestamp without time zone) AND (creationdate <= '2011-12-09 17:19:18'::timestamp without time zone))", "Rows Removed by Filter": 212, "Workers": []}]}]}]}]}]}]}, "Planning Time": 5.177, "Triggers": [], "Execution Time": 1585.559}, {"Plan": {"Node Type": "Aggregate", "Strategy": "Plain", "Partial Mode": "Finalize", "Parallel Aware": false, "Async Capable": false, "Startup Cost": 102726.64, "Total Cost": 102726.65, "Plan Rows": 1, "Plan Width": 8, "Actual Rows": 1, "Actual Loops": 1, "Plans": [{"Node Type": "Gather", "Parent Relationship": "Outer", "Parallel Aware": false, "Async Capable": false, "Startup Cost": 102726.53, "Total Cost": 102726.64, "Plan Rows": 1, "Plan Width": 8, "Actual Rows": 2, "Actual Loops": 1, "Workers Planned": 1, "Workers Launched": 1, "Single Copy": false, "Plans": [{"Node Type": "Aggregate", "Strategy": "Plain", "Partial Mode": "Partial", "Parent Relationship": "Outer", "Parallel Aware": false, "Async Capable": false, "Startup Cost": 101726.53, "Total Cost": 101726.54, "Plan Rows": 1, "Plan Width": 8, "Actual Rows": 1, "Actual Loops": 2, "Workers": [], "Plans": [{"Node Type": "Merge Join", "Parent Relationship": "Outer", "Parallel Aware": false, "Async Capable": false, "Join Type": "Inner", "Startup Cost": 1161.16, "Total Cost": 99889.9, "Plan Rows": 1.0, "Plan Width": 0, "Actual Rows": 6451493, "Actual Loops": 2, "Inner Unique": false, "Merge Cond": "(c.userid = v.userid)", "Workers": [], "Plans": [{"Node Type": "Nested Loop", "Parent Relationship": "Outer", "Parallel Aware": false, "Async Capable": false, "Join Type": "Inner", "Startup Cost": 0.73, "Total Cost": 22460.35, "Plan Rows": 104.0, "Plan Width": 8, "Actual Rows": 19235540, "Actual Loops": 2, "Inner Unique": false, "Workers": [], "Plans": [{"Node Type": "Index Scan", "Parent Relationship": "Outer", "Parallel Aware": true, "Async Capable": false, "Scan Direction": "Forward", "Index Name": "idx_comments_userid", "Relation Name": "comments", "Alias": "c", "Startup Cost": 0.29, "Total Cost": 7361.8, "Plan Rows": 79345, "Plan Width": 4, "Actual Rows": 28664, "Actual Loops": 2, "Filter": "(score = 0)", "Rows Removed by Filter": 11965, "Workers": []}, {"Node Type": "Memoize", "Parent Relationship": "Inner", "Parallel Aware": false, "Async Capable": false, "Startup Cost": 0.43, "Total Cost": 0.79, "Plan Rows": 4, "Plan Width": 4, "Actual Rows": 671, "Actual Loops": 57329, "Cache Key": "c.userid", "Cache Mode": "logical", "Cache Hits": 31308, "Cache Misses": 1027, "Cache Evictions": 0, "Cache Overflows": 0, "Peak Memory Usage": 1292, "Workers": [{"Worker Number": 0, "Cache Hits": 23962, "Cache Misses": 1032, "Cache Evictions": 0, "Cache Overflows": 0, "Peak Memory Usage": 1151}], "Plans": [{"Node Type": "Index Scan", "Parent Relationship": "Outer", "Parallel Aware": false, "Async Capable": false, "Scan Direction": "Forward", "Index Name": "idx_posthistory_userid", "Relation Name": "posthistory", "Alias": "ph", "Startup Cost": 0.42, "Total Cost": 0.78, "Plan Rows": 4, "Plan Width": 4, "Actual Rows": 32, "Actual Loops": 2059, "Index Cond": "(userid = c.userid)", "Rows Removed by Index Recheck": 0, "Filter": "(creationdate <= '2012-05-10 10:25:46'::timestamp without time zone)", "Rows Removed by Filter": 33, "Workers": []}]}]}, {"Node Type": "Materialize", "Parent Relationship": "Inner", "Parallel Aware": false, "Async Capable": false, "Startup Cost": 1160.43, "Total Cost": 2582.66, "Plan Rows": 14.0, "Plan Width": 12, "Actual Rows": 6451532, "Actual Loops": 2, "Workers": [], "Plans": [{"Node Type": "Nested Loop", "Parent Relationship": "Outer", "Parallel Aware": false, "Async Capable": false, "Join Type": "Inner", "Startup Cost": 1160.43, "Total Cost": 2582.65, "Plan Rows": 14.0, "Plan Width": 12, "Actual Rows": 419, "Actual Loops": 2, "Inner Unique": false, "Join Filter": "(p.owneruserid = v.userid)", "Rows Removed by Join Filter": 0, "Workers": [], "Plans": [{"Node Type": "Merge Join", "Parent Relationship": "Outer", "Parallel Aware": false, "Async Capable": false, "Join Type": "Inner", "Startup Cost": 1160.14, "Total Cost": 2573.52, "Plan Rows": 159.0, "Plan Width": 8, "Actual Rows": 52, "Actual Loops": 2, "Inner Unique": true, "Merge Cond": "(v.userid = u.id)", "Workers": [], "Plans": [{"Node Type": "Index Scan", "Parent Relationship": "Outer", "Parallel Aware": false, "Async Capable": false, "Scan Direction": "Forward", "Index Name": "idx_votes_userid", "Relation Name": "votes", "Alias": "v", "Startup Cost": 0.42, "Total Cost": 13242.63, "Plan Rows": 634, "Plan Width": 4, "Actual Rows": 323, "Actual Loops": 2, "Filter": "((bountyamount >= 47) AND (creationdate >= '2013-07-20 05:36:05'::timestamp without time zone))", "Rows Removed by Filter": 26792, "Workers": []}, {"Node Type": "Sort", "Parent Relationship": "Inner", "Parallel Aware": false, "Async Capable": false, "Startup Cost": 1159.72, "Total Cost": 1166.59, "Plan Rows": 2749, "Plan Width": 4, "Actual Rows": 2750, "Actual Loops": 2, "Sort Key": ["u.id"], "Sort Method": "quicksort", "Sort Space Used": 97, "Sort Space Type": "Memory", "Workers": [{"Worker Number": 0, "Sort Method": "quicksort", "Sort Space Used": 97, "Sort Space Type": "Memory"}], "Plans": [{"Node Type": "Seq Scan", "Parent Relationship": "Outer", "Parallel Aware": false, "Async Capable": false, "Relation Name": "users", "Alias": "u", "Startup Cost": 0.0, "Total Cost": 1002.69, "Plan Rows": 2749, "Plan Width": 4, "Actual Rows": 2750, "Actual Loops": 2, "Filter": "((upvotes <= 4041) AND (creationdate >= '2010-11-18 14:45:51'::timestamp without time zone) AND (creationdate <= '2011-08-23 15:04:19'::timestamp without time zone))", "Rows Removed by Filter": 37575, "Workers": []}]}]}, {"Node Type": "Index Scan", "Parent Relationship": "Inner", "Parallel Aware": false, "Async Capable": false, "Scan Direction": "Forward", "Index Name": "idx_posts_owneruserid", "Relation Name": "posts", "Alias": "p", "Startup Cost": 0.29, "Total Cost": 1.81, "Plan Rows": 1, "Plan Width": 4, "Actual Rows": 8, "Actual Loops": 104, "Index Cond": "(owneruserid = u.id)", "Rows Removed by Index Recheck": 0, "Filter": "((answercount >= 0) AND (answercount <= 114) AND (creationdate >= '2009-07-07 07:37:28'::timestamp without time zone) AND (creationdate <= '2011-12-09 17:19:18'::timestamp without time zone))", "Rows Removed by Filter": 66, "Workers": []}]}]}]}]}]}]}, "Planning Time": 5.247, "Triggers": [], "Execution Time": 1812.445}, {"Plan": {"Node Type": "Aggregate", "Strategy": "Plain", "Partial Mode": "Finalize", "Parallel Aware": false, "Async Capable": false, "Startup Cost": 12266.02, "Total Cost": 12266.03, "Plan Rows": 1, "Plan Width": 8, "Actual Rows": 1, "Actual Loops": 1, "Plans": [{"Node Type": "Gather", "Parent Relationship": "Outer", "Parallel Aware": false, "Async Capable": false, "Startup Cost": 12265.91, "Total Cost": 12266.02, "Plan Rows": 1, "Plan Width": 8, "Actual Rows": 2, "Actual Loops": 1, "Workers Planned": 1, "Workers Launched": 1, "Single Copy": false, "Plans": [{"Node Type": "Aggregate", "Strategy": "Plain", "Partial Mode": "Partial", "Parent Relationship": "Outer", "Parallel Aware": false, "Async Capable": false, "Startup Cost": 11265.91, "Total Cost": 11265.92, "Plan Rows": 1, "Plan Width": 8, "Actual Rows": 1, "Actual Loops": 2, "Workers": [], "Plans": [{"Node Type": "Merge Join", "Parent Relationship": "Outer", "Parallel Aware": false, "Async Capable": false, "Join Type": "Inner", "Startup Cost": 9009.93, "Total Cost": 9429.27, "Plan Rows": 1.0, "Plan Width": 0, "Actual Rows": 6451493, "Actual Loops": 2, "Inner Unique": false, "Merge Cond": "(u.id = v.userid)", "Workers": [], "Plans": [{"Node Type": "Sort", "Parent Relationship": "Outer", "Parallel Aware": false, "Async Capable": false, "Startup Cost": 5788.54, "Total Cost": 5795.68, "Plan Rows": 20.0, "Plan Width": 8, "Actual Rows": 10170, "Actual Loops": 2, "Sort Key": ["ph.userid"], "Sort Method": "quicksort", "Sort Space Used": 1396, "Sort Space Type": "Memory", "Workers": [{"Worker Number": 0, "Sort Method": "quicksort", "Sort Space Used": 37, "Sort Space Type": "Memory"}], "Plans": [{"Node Type": "Hash Join", "Parent Relationship": "Outer", "Parallel Aware": false, "Async Capable": false, "Join Type": "Inner", "Startup Cost": 1037.05, "Total Cost": 5624.6, "Plan Rows": 20.0, "Plan Width": 8, "Actual Rows": 10244, "Actual Loops": 2, "Inner Unique": true, "Hash Cond": "(ph.userid = u.id)", "Workers": [], "Plans": [{"Node Type": "Seq Scan", "Parent Relationship": "Outer", "Parallel Aware": true, "Async Capable": false, "Relation Name": "posthistory", "Alias": "ph", "Startup Cost": 0.0, "Total Cost": 4469.32, "Plan Rows": 45039, "Plan Width": 4, "Actual Rows": 38246, "Actual Loops": 2, "Filter": "(creationdate <= '2012-05-10 10:25:46'::timestamp without time zone)", "Rows Removed by Filter": 113347, "Workers": []}, {"Node Type": "Hash", "Parent Relationship": "Inner", "Parallel Aware": false, "Async Capable": false, "Startup Cost": 1002.69, "Total Cost": 1002.69, "Plan Rows": 2749, "Plan Width": 4, "Actual Rows": 2750, "Actual Loops": 2, "Hash Buckets": 4096, "Original Hash Buckets": 4096, "Hash Batches": 1, "Original Hash Batches": 1, "Peak Memory Usage": 129, "Workers": [], "Plans": [{"Node Type": "Seq Scan", "Parent Relationship": "Outer", "Parallel Aware": false, "Async Capable": false, "Relation Name": "users", "Alias": "u", "Startup Cost": 0.0, "Total Cost": 1002.69, "Plan Rows": 2749, "Plan Width": 4, "Actual Rows": 2750, "Actual Loops": 2, "Filter": "((upvotes <= 4041) AND (creationdate >= '2010-11-18 14:45:51'::timestamp without time zone) AND (creationdate <= '2011-08-23 15:04:19'::timestamp without time zone))", "Rows Removed by Filter": 37575, "Workers": []}]}]}]}, {"Node Type": "Materialize", "Parent Relationship": "Inner", "Parallel Aware": false, "Async Capable": false, "Startup Cost": 3221.39, "Total Cost": 5592.36, "Plan Rows": 33.0, "Plan Width": 12, "Actual Rows": 6787801, "Actual Loops": 2, "Workers": [], "Plans": [{"Node Type": "Merge Join", "Parent Relationship": "Outer", "Parallel Aware": false, "Async Capable": false, "Join Type": "Inner", "Startup Cost": 3221.39, "Total Cost": 4455.18, "Plan Rows": 33.0, "Plan Width": 12, "Actual Rows": 394785, "Actual Loops": 2, "Inner Unique": false, "Merge Cond": "(p.owneruserid = v.userid)", "Workers": [], "Plans": [{"Node Type": "Sort", "Parent Relationship": "Outer", "Parallel Aware": false, "Async Capable": false, "Startup Cost": 3220.67, "Total Cost": 3241.45, "Plan Rows": 8312, "Plan Width": 4, "Actual Rows": 5363, "Actual Loops": 2, "Sort Key": ["p.owneruserid"], "Sort Method": "quicksort", "Sort Space Used": 193, "Sort Space Type": "Memory", "Workers": [{"Worker Number": 0, "Sort Method": "quicksort", "Sort Space Used": 193, "Sort Space Type": "Memory"}], "Plans": [{"Node Type": "Seq Scan", "Parent Relationship": "Outer", "Parallel Aware": false, "Async Capable": false, "Relation Name": "posts", "Alias": "p", "Startup Cost": 0.0, "Total Cost": 2679.52, "Plan Rows": 8312, "Plan Width": 4, "Actual Rows": 6281, "Actual Loops": 2, "Filter": "((answercount >= 0) AND (answercount <= 114) AND (creationdate >= '2009-07-07 07:37:28'::timestamp without time zone) AND (creationdate <= '2011-12-09 17:19:18'::timestamp without time zone))", "Rows Removed by Filter": 85695, "Workers": []}]}, {"Node Type": "Materialize", "Parent Relationship": "Inner", "Parallel Aware": false, "Async Capable": false, "Startup Cost": 0.72, "Total Cost": 10192.08, "Plan Rows": 543.0, "Plan Width": 8, "Actual Rows": 558454, "Actual Loops": 2, "Workers": [], "Plans": [{"Node Type": "Merge Join", "Parent Relationship": "Outer", "Parallel Aware": false, "Async Capable": false, "Join Type": "Inner", "Startup Cost": 0.72, "Total Cost": 10152.9, "Plan Rows": 543.0, "Plan Width": 8, "Actual Rows": 210820, "Actual Loops": 2, "Inner Unique": false, "Merge Cond": "(v.userid = c.userid)", "Workers": [], "Plans": [{"Node Type": "Index Scan", "Parent Relationship": "Outer", "Parallel Aware": false, "Async Capable": false, "Scan Direction": "Forward", "Index Name": "idx_votes_userid", "Relation Name": "votes", "Alias": "v", "Startup Cost": 0.42, "Total Cost": 13242.63, "Plan Rows": 634, "Plan Width": 4, "Actual Rows": 325, "Actual Loops": 2, "Filter": "((bountyamount >= 47) AND (creationdate >= '2013-07-20 05:36:05'::timestamp without time zone))", "Rows Removed by Filter": 23098, "Workers": []}, {"Node Type": "Index Scan", "Parent Relationship": "Inner", "Parallel Aware": false, "Async Capable": false, "Scan Direction": "Forward", "Index Name": "idx_comments_userid", "Relation Name": "comments", "Alias": "c", "Startup Cost": 0.29, "Total Cost": 8258.96, "Plan Rows": 134887, "Plan Width": 4, "Actual Rows": 271997, "Actual Loops": 2, "Filter": "(score = 0)", "Rows Removed by Filter": 113400, "Workers": []}]}]}]}]}]}]}]}]}, "Planning Time": 5.164, "Triggers": [], "Execution Time": 1441.813}, {"Plan": {"Node Type": "Aggregate", "Strategy": "Plain", "Partial Mode": "Simple", "Parallel Aware": false, "Async Capable": false, "Startup Cost": 22746.74, "Total Cost": 22746.75, "Plan Rows": 1, "Plan Width": 8, "Plans": [{"Node Type": "Merge Join", "Parent Relationship": "Outer", "Parallel Aware": false, "Async Capable": false, "Join Type": "Inner", "Startup Cost": 16005.59, "Total Cost": 19624.46, "Plan Rows": 1.0, "Plan Width": 0, "Inner Unique": false, "Merge Cond": "(u.id = v.userid)", "Plans": [{"Node Type": "Sort", "Parent Relationship": "Outer", "Parallel Aware": false, "Async Capable": false, "Startup Cost": 3763.85, "Total Cost": 3765.24, "Plan Rows": 3.0, "Plan Width": 8, "Sort Key": ["p.owneruserid"], "Plans": [{"Node Type": "Hash Join", "Parent Relationship": "Outer", "Parallel Aware": false, "Async Capable": false, "Join Type": "Inner", "Startup Cost": 1037.05, "Total Cost": 3738.39, "Plan Rows": 3.0, "Plan Width": 8, "Inner Unique": true, "Hash Cond": "(p.owneruserid = u.id)", "Plans": [{"Node Type": "Seq Scan", "Parent Relationship": "Outer", "Parallel Aware": false, "Async Capable": false, "Relation Name": "posts", "Alias": "p", "Startup Cost": 0.0, "Total Cost": 2679.52, "Plan Rows": 8312, "Plan Width": 4, "Filter": "((answercount >= 0) AND (answercount <= 114) AND (creationdate >= '2009-07-07 07:37:28'::timestamp without time zone) AND (creationdate <= '2011-12-09 17:19:18'::timestamp without time zone))"}, {"Node Type": "Hash", "Parent Relationship": "Inner", "Parallel Aware": false, "Async Capable": false, "Startup Cost": 1002.69, "Total Cost": 1002.69, "Plan Rows": 2749, "Plan Width": 4, "Plans": [{"Node Type": "Seq Scan", "Parent Relationship": "Outer", "Parallel Aware": false, "Async Capable": false, "Relation Name": "users", "Alias": "u", "Startup Cost": 0.0, "Total Cost": 1002.69, "Plan Rows": 2749, "Plan Width": 4, "Filter": "((upvotes <= 4041) AND (creationdate >= '2010-11-18 14:45:51'::timestamp without time zone) AND (creationdate <= '2011-08-23 15:04:19'::timestamp without time zone))"}]}]}]}, {"Node Type": "Materialize", "Parent Relationship": "Inner", "Parallel Aware": false, "Async Capable": false, "Startup Cost": 12241.75, "Total Cost": 30687.97, "Plan Rows": 323.0, "Plan Width": 12, "Plans": [{"Node Type": "Merge Join", "Parent Relationship": "Outer", "Parallel Aware": false, "Async Capable": false, "Join Type": "Inner", "Startup Cost": 12241.75, "Total Cost": 15766.52, "Plan Rows": 323.0, "Plan Width": 12, "Inner Unique": false, "Merge Cond": "(v.userid = ph.userid)", "Plans": [{"Node Type": "Merge Join", "Parent Relationship": "Outer", "Parallel Aware": false, "Async Capable": false, "Join Type": "Inner", "Startup Cost": 0.72, "Total Cost": 10152.9, "Plan Rows": 543.0, "Plan Width": 8, "Inner Unique": false, "Merge Cond": "(v.userid = c.userid)", "Plans": [{"Node Type": "Index Scan", "Parent Relationship": "Outer", "Parallel Aware": false, "Async Capable": false, "Scan Direction": "Forward", "Index Name": "idx_votes_userid", "Relation Name": "votes", "Alias": "v", "Startup Cost": 0.42, "Total Cost": 13242.63, "Plan Rows": 634, "Plan Width": 4, "Filter": "((bountyamount >= 47) AND (creationdate >= '2013-07-20 05:36:05'::timestamp without time zone))"}, {"Node Type": "Index Scan", "Parent Relationship": "Inner", "Parallel Aware": false, "Async Capable": false, "Scan Direction": "Forward", "Index Name": "idx_comments_userid", "Relation Name": "comments", "Alias": "c", "Startup Cost": 0.29, "Total Cost": 8258.96, "Plan Rows": 134887, "Plan Width": 4, "Filter": "(score = 0)"}]}, {"Node Type": "Sort", "Parent Relationship": "Inner", "Parallel Aware": false, "Async Capable": false, "Startup Cost": 12241.03, "Total Cost": 12432.45, "Plan Rows": 76566, "Plan Width": 4, "Sort Key": ["ph.userid"], "Plans": [{"Node Type": "Seq Scan", "Parent Relationship": "Outer", "Parallel Aware": false, "Async Capable": false, "Relation Name": "posthistory", "Alias": "ph", "Startup Cost": 0.0, "Total Cost": 6029.84, "Plan Rows": 76566, "Plan Width": 4, "Filter": "(creationdate <= '2012-05-10 10:25:46'::timestamp without time zone)"}]}]}]}]}]}, "Timeout Time": 8938.088}, {"Plan": {"Node Type": "Aggregate", "Strategy": "Plain", "Partial Mode": "Simple", "Parallel Aware": false, "Async Capable": false, "Startup Cost": 9996.94, "Total Cost": 9996.95, "Plan Rows": 1, "Plan Width": 8, "Actual Rows": 1, "Actual Loops": 1, "Plans": [{"Node Type": "Merge Join", "Parent Relationship": "Outer", "Parallel Aware": false, "Async Capable": false, "Join Type": "Inner", "Startup Cost": 4381.53, "Total Cost": 6874.66, "Plan Rows": 1.0, "Plan Width": 0, "Actual Rows": 12902986, "Actual Loops": 1, "Inner Unique": false, "Merge Cond": "(u.id = v.userid)", "Plans": [{"Node Type": "Nested Loop", "Parent Relationship": "Outer", "Parallel Aware": false, "Async Capable": false, "Join Type": "Inner", "Startup Cost": 4380.81, "Total Cost": 5549.58, "Plan Rows": 6.0, "Plan Width": 12, "Actual Rows": 114443, "Actual Loops": 1, "Inner Unique": false, "Join Filter": "(ph.userid = u.id)", "Rows Removed by Join Filter": 0, "Plans": [{"Node Type": "Merge Join", "Parent Relationship": "Outer", "Parallel Aware": false, "Async Capable": false, "Join Type": "Inner", "Startup Cost": 4380.39, "Total Cost": 4440.65, "Plan Rows": 3.0, "Plan Width": 8, "Actual Rows": 2683, "Actual Loops": 1, "Inner Unique": true, "Merge Cond": "(p.owneruserid = u.id)", "Plans": [{"Node Type": "Sort", "Parent Relationship": "Outer", "Parallel Aware": false, "Async Capable": false, "Startup Cost": 3220.67, "Total Cost": 3241.45, "Plan Rows": 8312, "Plan Width": 4, "Actual Rows": 5926, "Actual Loops": 1, "Sort Key": ["p.owneruserid"], "Sort Method": "quicksort", "Sort Space Used": 193, "Sort Space Type": "Memory", "Plans": [{"Node Type": "Seq Scan", "Parent Relationship": "Outer", "Parallel Aware": false, "Async Capable": false, "Relation Name": "posts", "Alias": "p", "Startup Cost": 0.0, "Total Cost": 2679.52, "Plan Rows": 8312, "Plan Width": 4, "Actual Rows": 6281, "Actual Loops": 1, "Filter": "((answercount >= 0) AND (answercount <= 114) AND (creationdate >= '2009-07-07 07:37:28'::timestamp without time zone) AND (creationdate <= '2011-12-09 17:19:18'::timestamp without time zone))", "Rows Removed by Filter": 85695}]}, {"Node Type": "Sort", "Parent Relationship": "Inner", "Parallel Aware": false, "Async Capable": false, "Startup Cost": 1159.72, "Total Cost": 1166.59, "Plan Rows": 2749, "Plan Width": 4, "Actual Rows": 2750, "Actual Loops": 1, "Sort Key": ["u.id"], "Sort Method": "quicksort", "Sort Space Used": 97, "Sort Space Type": "Memory", "Plans": [{"Node Type": "Seq Scan", "Parent Relationship": "Outer", "Parallel Aware": false, "Async Capable": false, "Relation Name": "users", "Alias": "u", "Startup Cost": 0.0, "Total Cost": 1002.69, "Plan Rows": 2749, "Plan Width": 4, "Actual Rows": 2750, "Actual Loops": 1, "Filter": "((upvotes <= 4041) AND (creationdate >= '2010-11-18 14:45:51'::timestamp without time zone) AND (creationdate <= '2011-08-23 15:04:19'::timestamp without time zone))", "Rows Removed by Filter": 37575}]}]}, {"Node Type": "Index Scan", "Parent Relationship": "Inner", "Parallel Aware": false, "Async Capable": false, "Scan Direction": "Forward", "Index Name": "idx_posthistory_userid", "Relation Name": "posthistory", "Alias": "ph", "Startup Cost": 0.42, "Total Cost": 1.94, "Plan Rows": 4, "Plan Width": 4, "Actual Rows": 43, "Actual Loops": 2683, "Index Cond": "(userid = p.owneruserid)", "Rows Removed by Index Recheck": 0, "Filter": "(creationdate <= '2012-05-10 10:25:46'::timestamp without time zone)", "Rows Removed by Filter": 20}]}, {"Node Type": "Materialize", "Parent Relationship": "Inner", "Parallel Aware": false, "Async Capable": false, "Startup Cost": 0.72, "Total Cost": 10192.08, "Plan Rows": 543.0, "Plan Width": 8, "Actual Rows": 13114864, "Actual Loops": 1, "Plans": [{"Node Type": "Merge Join", "Parent Relationship": "Outer", "Parallel Aware": false, "Async Capable": false, "Join Type": "Inner", "Startup Cost": 0.72, "Total Cost": 10152.9, "Plan Rows": 543.0, "Plan Width": 8, "Actual Rows": 217386, "Actual Loops": 1, "Inner Unique": false, "Merge Cond": "(v.userid = c.userid)", "Plans": [{"Node Type": "Index Scan", "Parent Relationship": "Outer", "Parallel Aware": false, "Async Capable": false, "Scan Direction": "Forward", "Index Name": "idx_votes_userid", "Relation Name": "votes", "Alias": "v", "Startup Cost": 0.42, "Total Cost": 13242.63, "Plan Rows": 634, "Plan Width": 4, "Actual Rows": 323, "Actual Loops": 1, "Filter": "((bountyamount >= 47) AND (creationdate >= '2013-07-20 05:36:05'::timestamp without time zone))", "Rows Removed by Filter": 26792}, {"Node Type": "Index Scan", "Parent Relationship": "Inner", "Parallel Aware": false, "Async Capable": false, "Scan Direction": "Forward", "Index Name": "idx_comments_userid", "Relation Name": "comments", "Alias": "c", "Startup Cost": 0.29, "Total Cost": 8258.96, "Plan Rows": 134887, "Plan Width": 4, "Actual Rows": 286731, "Actual Loops": 1, "Filter": "(score = 0)", "Rows Removed by Filter": 120226}]}]}]}]}, "Planning Time": 5.026, "Triggers": [], "Execution Time": 1292.392}, {"Plan": {"Node Type": "Aggregate", "Strategy": "Plain", "Partial Mode": "Simple", "Parallel Aware": false, "Async Capable": false, "Startup Cost": 7997.05, "Total Cost": 7997.06, "Plan Rows": 1, "Plan Width": 8, "Actual Rows": 1, "Actual Loops": 1, "Plans": [{"Node Type": "Merge Join", "Parent Relationship": "Outer", "Parallel Aware": false, "Async Capable": false, "Join Type": "Inner", "Startup Cost": 4381.53, "Total Cost": 4874.77, "Plan Rows": 1.0, "Plan Width": 0, "Actual Rows": 12902986, "Actual Loops": 1, "Inner Unique": false, "Merge Cond": "(p.owneruserid = v.userid)", "Plans": [{"Node Type": "Sort", "Parent Relationship": "Outer", "Parallel Aware": false, "Async Capable": false, "Startup Cost": 3220.67, "Total Cost": 3241.45, "Plan Rows": 8312, "Plan Width": 4, "Actual Rows": 5273, "Actual Loops": 1, "Sort Key": ["p.owneruserid"], "Sort Method": "quicksort", "Sort Space Used": 193, "Sort Space Type": "Memory", "Plans": [{"Node Type": "Seq Scan", "Parent Relationship": "Outer", "Parallel Aware": false, "Async Capable": false, "Relation Name": "posts", "Alias": "p", "Startup Cost": 0.0, "Total Cost": 2679.52, "Plan Rows": 8312, "Plan Width": 4, "Actual Rows": 6281, "Actual Loops": 1, "Filter": "((answercount >= 0) AND (answercount <= 114) AND (creationdate >= '2009-07-07 07:37:28'::timestamp without time zone) AND (creationdate <= '2011-12-09 17:19:18'::timestamp without time zone))", "Rows Removed by Filter": 85695}]}, {"Node Type": "Materialize", "Parent Relationship": "Inner", "Parallel Aware": false, "Async Capable": false, "Startup Cost": 1160.86, "Total Cost": 2454.05, "Plan Rows": 10.0, "Plan Width": 16, "Actual Rows": 13167339, "Actual Loops": 1, "Plans": [{"Node Type": "Nested Loop", "Parent Relationship": "Outer", "Parallel Aware": false, "Async Capable": false, "Join Type": "Inner", "Startup Cost": 1160.86, "Total Cost": 2346.48, "Plan Rows": 10.0, "Plan Width": 16, "Actual Rows": 1483850, "Actual Loops": 1, "Inner Unique": false, "Join Filter": "(ph.userid = v.userid)", "Rows Removed by Join Filter": 0, "Plans": [{"Node Type": "Merge Join", "Parent Relationship": "Outer", "Parallel Aware": false, "Async Capable": false, "Join Type": "Inner", "Startup Cost": 1160.44, "Total Cost": 2252.85, "Plan Rows": 13.0, "Plan Width": 12, "Actual Rows": 6818, "Actual Loops": 1, "Inner Unique": true, "Merge Cond": "(v.userid = u.id)", "Plans": [{"Node Type": "Merge Join", "Parent Relationship": "Outer", "Parallel Aware": false, "Async Capable": false, "Join Type": "Inner", "Startup Cost": 0.72, "Total Cost": 10152.9, "Plan Rows": 543.0, "Plan Width": 8, "Actual Rows": 217386, "Actual Loops": 1, "Inner Unique": false, "Merge Cond": "(v.userid = c.userid)", "Plans": [{"Node Type": "Index Scan", "Parent Relationship": "Outer", "Parallel Aware": false, "Async Capable": false, "Scan Direction": "Forward", "Index Name": "idx_votes_userid", "Relation Name": "votes", "Alias": "v", "Startup Cost": 0.42, "Total Cost": 13242.63, "Plan Rows": 634, "Plan Width": 4, "Actual Rows": 323, "Actual Loops": 1, "Filter": "((bountyamount >= 47) AND (creationdate >= '2013-07-20 05:36:05'::timestamp without time zone))", "Rows Removed by Filter": 26792}, {"Node Type": "Index Scan", "Parent Relationship": "Inner", "Parallel Aware": false, "Async Capable": false, "Scan Direction": "Forward", "Index Name": "idx_comments_userid", "Relation Name": "comments", "Alias": "c", "Startup Cost": 0.29, "Total Cost": 8258.96, "Plan Rows": 134887, "Plan Width": 4, "Actual Rows": 286731, "Actual Loops": 1, "Filter": "(score = 0)", "Rows Removed by Filter": 120226}]}, {"Node Type": "Sort", "Parent Relationship": "Inner", "Parallel Aware": false, "Async Capable": false, "Startup Cost": 1159.72, "Total Cost": 1166.59, "Plan Rows": 2749, "Plan Width": 4, "Actual Rows": 2750, "Actual Loops": 1, "Sort Key": ["u.id"], "Sort Method": "quicksort", "Sort Space Used": 97, "Sort Space Type": "Memory", "Plans": [{"Node Type": "Seq Scan", "Parent Relationship": "Outer", "Parallel Aware": false, "Async Capable": false, "Relation Name": "users", "Alias": "u", "Startup Cost": 0.0, "Total Cost": 1002.69, "Plan Rows": 2749, "Plan Width": 4, "Actual Rows": 2750, "Actual Loops": 1, "Filter": "((upvotes <= 4041) AND (creationdate >= '2010-11-18 14:45:51'::timestamp without time zone) AND (creationdate <= '2011-08-23 15:04:19'::timestamp without time zone))", "Rows Removed by Filter": 37575}]}]}, {"Node Type": "Index Scan", "Parent Relationship": "Inner", "Parallel Aware": false, "Async Capable": false, "Scan Direction": "Forward", "Index Name": "idx_posthistory_userid", "Relation Name": "posthistory", "Alias": "ph", "Startup Cost": 0.42, "Total Cost": 0.78, "Plan Rows": 4, "Plan Width": 4, "Actual Rows": 218, "Actual Loops": 6818, "Index Cond": "(userid = c.userid)", "Rows Removed by Index Recheck": 0, "Filter": "(creationdate <= '2012-05-10 10:25:46'::timestamp without time zone)", "Rows Removed by Filter": 361}]}]}]}]}, "Planning Time": 5.06, "Triggers": [], "Execution Time": 2344.735}, {"Plan": {"Node Type": "Aggregate", "Strategy": "Plain", "Partial Mode": "Finalize", "Parallel Aware": false, "Async Capable": false, "Startup Cost": 20899.73, "Total Cost": 20899.74, "Plan Rows": 1, "Plan Width": 8, "Actual Rows": 1, "Actual Loops": 1, "Plans": [{"Node Type": "Gather", "Parent Relationship": "Outer", "Parallel Aware": false, "Async Capable": false, "Startup Cost": 20899.62, "Total Cost": 20899.73, "Plan Rows": 1, "Plan Width": 8, "Actual Rows": 2, "Actual Loops": 1, "Workers Planned": 1, "Workers Launched": 1, "Single Copy": false, "Plans": [{"Node Type": "Aggregate", "Strategy": "Plain", "Partial Mode": "Partial", "Parent Relationship": "Outer", "Parallel Aware": false, "Async Capable": false, "Startup Cost": 19899.62, "Total Cost": 19899.63, "Plan Rows": 1, "Plan Width": 8, "Actual Rows": 1, "Actual Loops": 2, "Workers": [], "Plans": [{"Node Type": "Hash Join", "Parent Relationship": "Outer", "Parallel Aware": false, "Async Capable": false, "Join Type": "Inner", "Startup Cost": 7810.07, "Total Cost": 18062.99, "Plan Rows": 1.0, "Plan Width": 0, "Actual Rows": 6451493, "Actual Loops": 2, "Inner Unique": false, "Hash Cond": "(v.userid = u.id)", "Workers": [], "Plans": [{"Node Type": "Nested Loop", "Parent Relationship": "Outer", "Parallel Aware": false, "Async Capable": false, "Join Type": "Inner", "Startup Cost": 0.42, "Total Cost": 9755.92, "Plan Rows": 3987.0, "Plan Width": 8, "Actual Rows": 26640, "Actual Loops": 2, "Inner Unique": false, "Workers": [], "Plans": [{"Node Type": "Seq Scan", "Parent Relationship": "Outer", "Parallel Aware": true, "Async Capable": false, "Relation Name": "votes", "Alias": "v", "Startup Cost": 0.0, "Total Cost": 5054.68, "Plan Rows": 373, "Plan Width": 4, "Actual Rows": 419, "Actual Loops": 2, "Filter": "((bountyamount >= 47) AND (creationdate >= '2013-07-20 05:36:05'::timestamp without time zone))", "Rows Removed by Filter": 163613, "Workers": []}, {"Node Type": "Index Scan", "Parent Relationship": "Inner", "Parallel Aware": false, "Async Capable": false, "Scan Direction": "Forward", "Index Name": "idx_posthistory_userid", "Relation Name": "posthistory", "Alias": "ph", "Startup Cost": 0.42, "Total Cost": 12.56, "Plan Rows": 4, "Plan Width": 4, "Actual Rows": 64, "Actual Loops": 838, "Index Cond": "(userid = v.userid)", "Rows Removed by Index Recheck": 0, "Filter": "(creationdate <= '2012-05-10 10:25:46'::timestamp without time zone)", "Rows Removed by Filter": 354, "Workers": []}]}, {"Node Type": "Hash", "Parent Relationship": "Inner", "Parallel Aware": false, "Async Capable": false, "Startup Cost": 4528.68, "Total Cost": 4528.68, "Plan Rows": 1.0, "Plan Width": 12, "Actual Rows": 99997, "Actual Loops": 2, "Hash Buckets": 524288, "Original Hash Buckets": 524288, "Hash Batches": 1, "Original Hash Batches": 1, "Peak Memory Usage": 8393, "Workers": [], "Plans": [{"Node Type": "Nested Loop", "Parent Relationship": "Outer", "Parallel Aware": false, "Async Capable": false, "Join Type": "Inner", "Startup Cost": 1037.35, "Total Cost": 4528.68, "Plan Rows": 1.0, "Plan Width": 12, "Actual Rows": 99997, "Actual Loops": 2, "Inner Unique": false, "Join Filter": "(c.userid = u.id)", "Rows Removed by Join Filter": 0, "Workers": [], "Plans": [{"Node Type": "Hash Join", "Parent Relationship": "Outer", "Parallel Aware": false, "Async Capable": false, "Join Type": "Inner", "Startup Cost": 1037.05, "Total Cost": 3738.39, "Plan Rows": 3.0, "Plan Width": 8, "Actual Rows": 2683, "Actual Loops": 2, "Inner Unique": true, "Hash Cond": "(p.owneruserid = u.id)", "Workers": [], "Plans": [{"Node Type": "Seq Scan", "Parent Relationship": "Outer", "Parallel Aware": false, "Async Capable": false, "Relation Name": "posts", "Alias": "p", "Startup Cost": 0.0, "Total Cost": 2679.52, "Plan Rows": 8312, "Plan Width": 4, "Actual Rows": 6281, "Actual Loops": 2, "Filter": "((answercount >= 0) AND (answercount <= 114) AND (creationdate >= '2009-07-07 07:37:28'::timestamp without time zone) AND (creationdate <= '2011-12-09 17:19:18'::timestamp without time zone))", "Rows Removed by Filter": 85695, "Workers": []}, {"Node Type": "Hash", "Parent Relationship": "Inner", "Parallel Aware": false, "Async Capable": false, "Startup Cost": 1002.69, "Total Cost": 1002.69, "Plan Rows": 2749, "Plan Width": 4, "Actual Rows": 2750, "Actual Loops": 2, "Hash Buckets": 4096, "Original Hash Buckets": 4096, "Hash Batches": 1, "Original Hash Batches": 1, "Peak Memory Usage": 129, "Workers": [], "Plans": [{"Node Type": "Seq Scan", "Parent Relationship": "Outer", "Parallel Aware": false, "Async Capable": false, "Relation Name": "users", "Alias": "u", "Startup Cost": 0.0, "Total Cost": 1002.69, "Plan Rows": 2749, "Plan Width": 4, "Actual Rows": 2750, "Actual Loops": 2, "Filter": "((upvotes <= 4041) AND (creationdate >= '2010-11-18 14:45:51'::timestamp without time zone) AND (creationdate <= '2011-08-23 15:04:19'::timestamp without time zone))", "Rows Removed by Filter": 37575, "Workers": []}]}]}, {"Node Type": "Index Scan", "Parent Relationship": "Inner", "Parallel Aware": false, "Async Capable": false, "Scan Direction": "Forward", "Index Name": "idx_comments_userid", "Relation Name": "comments", "Alias": "c", "Startup Cost": 0.29, "Total Cost": 1.29, "Plan Rows": 10, "Plan Width": 4, "Actual Rows": 37, "Actual Loops": 5366, "Index Cond": "(userid = p.owneruserid)", "Rows Removed by Index Recheck": 0, "Filter": "(score = 0)", "Rows Removed by Filter": 8, "Workers": []}]}]}]}]}]}]}, "Planning Time": 9.244, "Triggers": [], "Execution Time": 654.785}, {"Plan": {"Node Type": "Aggregate", "Strategy": "Plain", "Partial Mode": "Finalize", "Parallel Aware": false, "Async Capable": false, "Startup Cost": 7610.63, "Total Cost": 7610.64, "Plan Rows": 1, "Plan Width": 8, "Actual Rows": 1, "Actual Loops": 1, "Plans": [{"Node Type": "Gather", "Parent Relationship": "Outer", "Parallel Aware": false, "Async Capable": false, "Startup Cost": 7610.52, "Total Cost": 7610.63, "Plan Rows": 1, "Plan Width": 8, "Actual Rows": 2, "Actual Loops": 1, "Workers Planned": 1, "Workers Launched": 1, "Single Copy": false, "Plans": [{"Node Type": "Aggregate", "Strategy": "Plain", "Partial Mode": "Partial", "Parent Relationship": "Outer", "Parallel Aware": false, "Async Capable": false, "Startup Cost": 6610.52, "Total Cost": 6610.53, "Plan Rows": 1, "Plan Width": 8, "Actual Rows": 1, "Actual Loops": 2, "Workers": [], "Plans": [{"Node Type": "Merge Join", "Parent Relationship": "Outer", "Parallel Aware": false, "Async Capable": false, "Join Type": "Inner", "Startup Cost": 4381.53, "Total Cost": 4773.89, "Plan Rows": 1.0, "Plan Width": 0, "Actual Rows": 6451493, "Actual Loops": 2, "Inner Unique": false, "Merge Cond": "(v.userid = p.owneruserid)", "Workers": [], "Plans": [{"Node Type": "Nested Loop", "Parent Relationship": "Outer", "Parallel Aware": false, "Async Capable": false, "Join Type": "Inner", "Startup Cost": 1160.86, "Total Cost": 2274.85, "Plan Rows": 10.0, "Plan Width": 16, "Actual Rows": 741925, "Actual Loops": 2, "Inner Unique": false, "Join Filter": "(ph.userid = v.userid)", "Rows Removed by Join Filter": 0, "Workers": [], "Plans": [{"Node Type": "Merge Join", "Parent Relationship": "Outer", "Parallel Aware": false, "Async Capable": false, "Join Type": "Inner", "Startup Cost": 1160.44, "Total Cost": 2220.17, "Plan Rows": 13.0, "Plan Width": 12, "Actual Rows": 3409, "Actual Loops": 2, "Inner Unique": true, "Merge Cond": "(v.userid = u.id)", "Workers": [], "Plans": [{"Node Type": "Merge Join", "Parent Relationship": "Outer", "Parallel Aware": false, "Async Capable": false, "Join Type": "Inner", "Startup Cost": 0.72, "Total Cost": 9861.61, "Plan Rows": 543.0, "Plan Width": 8, "Actual Rows": 108694, "Actual Loops": 2, "Inner Unique": false, "Merge Cond": "(v.userid = c.userid)", "Workers": [], "Plans": [{"Node Type": "Index Scan", "Parent Relationship": "Outer", "Parallel Aware": true, "Async Capable": false, "Scan Direction": "Forward", "Index Name": "idx_votes_userid", "Relation Name": "votes", "Alias": "v", "Startup Cost": 0.42, "Total Cost": 11216.36, "Plan Rows": 373, "Plan Width": 4, "Actual Rows": 162, "Actual Loops": 2, "Filter": "((bountyamount >= 47) AND (creationdate >= '2013-07-20 05:36:05'::timestamp without time zone))", "Rows Removed by Filter": 13449, "Workers": []}, {"Node Type": "Index Scan", "Parent Relationship": "Inner", "Parallel Aware": false, "Async Capable": false, "Scan Direction": "Forward", "Index Name": "idx_comments_userid", "Relation Name": "comments", "Alias": "c", "Startup Cost": 0.29, "Total Cost": 8258.96, "Plan Rows": 134887, "Plan Width": 4, "Actual Rows": 195073, "Actual Loops": 2, "Filter": "(score = 0)", "Rows Removed by Filter": 77656, "Workers": []}]}, {"Node Type": "Sort", "Parent Relationship": "Inner", "Parallel Aware": false, "Async Capable": false, "Startup Cost": 1159.72, "Total Cost": 1166.59, "Plan Rows": 2749, "Plan Width": 4, "Actual Rows": 2750, "Actual Loops": 2, "Sort Key": ["u.id"], "Sort Method": "quicksort", "Sort Space Used": 97, "Sort Space Type": "Memory", "Workers": [{"Worker Number": 0, "Sort Method": "quicksort", "Sort Space Used": 97, "Sort Space Type": "Memory"}], "Plans": [{"Node Type": "Seq Scan", "Parent Relationship": "Outer", "Parallel Aware": false, "Async Capable": false, "Relation Name": "users", "Alias": "u", "Startup Cost": 0.0, "Total Cost": 1002.69, "Plan Rows": 2749, "Plan Width": 4, "Actual Rows": 2750, "Actual Loops": 2, "Filter": "((upvotes <= 4041) AND (creationdate >= '2010-11-18 14:45:51'::timestamp without time zone) AND (creationdate <= '2011-08-23 15:04:19'::timestamp without time zone))", "Rows Removed by Filter": 37575, "Workers": []}]}]}, {"Node Type": "Index Scan", "Parent Relationship": "Inner", "Parallel Aware": false, "Async Capable": false, "Scan Direction": "Forward", "Index Name": "idx_posthistory_userid", "Relation Name": "posthistory", "Alias": "ph", "Startup Cost": 0.42, "Total Cost": 0.78, "Plan Rows": 4, "Plan Width": 4, "Actual Rows": 218, "Actual Loops": 6818, "Index Cond": "(userid = c.userid)", "Rows Removed by Index Recheck": 0, "Filter": "(creationdate <= '2012-05-10 10:25:46'::timestamp without time zone)", "Rows Removed by Filter": 361, "Workers": []}]}, {"Node Type": "Sort", "Parent Relationship": "Inner", "Parallel Aware": false, "Async Capable": false, "Startup Cost": 3220.67, "Total Cost": 3241.45, "Plan Rows": 8312, "Plan Width": 4, "Actual Rows": 6456443, "Actual Loops": 2, "Sort Key": ["p.owneruserid"], "Sort Method": "quicksort", "Sort Space Used": 193, "Sort Space Type": "Memory", "Workers": [{"Worker Number": 0, "Sort Method": "quicksort", "Sort Space Used": 193, "Sort Space Type": "Memory"}], "Plans": [{"Node Type": "Seq Scan", "Parent Relationship": "Outer", "Parallel Aware": false, "Async Capable": false, "Relation Name": "posts", "Alias": "p", "Startup Cost": 0.0, "Total Cost": 2679.52, "Plan Rows": 8312, "Plan Width": 4, "Actual Rows": 6281, "Actual Loops": 2, "Filter": "((answercount >= 0) AND (answercount <= 114) AND (creationdate >= '2009-07-07 07:37:28'::timestamp without time zone) AND (creationdate <= '2011-12-09 17:19:18'::timestamp without time zone))", "Rows Removed by Filter": 85695, "Workers": []}]}]}]}]}]}, "Planning Time": 11.504, "Triggers": [], "Execution Time": 1109.246}, {"Plan": {"Node Type": "Aggregate", "Strategy": "Plain", "Partial Mode": "Simple", "Parallel Aware": false, "Async Capable": false, "Startup Cost": 32237.36, "Total Cost": 32237.37, "Plan Rows": 1, "Plan Width": 8, "Actual Rows": 1, "Actual Loops": 1, "Plans": [{"Node Type": "Merge Join", "Parent Relationship": "Outer", "Parallel Aware": false, "Async Capable": false, "Join Type": "Inner", "Startup Cost": 3222.1, "Total Cost": 29115.08, "Plan Rows": 1.0, "Plan Width": 0, "Actual Rows": 12902986, "Actual Loops": 1, "Inner Unique": false, "Merge Cond": "(u.id = v.userid)", "Plans": [{"Node Type": "Nested Loop", "Parent Relationship": "Outer", "Parallel Aware": false, "Async Capable": false, "Join Type": "Inner", "Startup Cost": 1.01, "Total Cost": 17073.17, "Plan Rows": 5.0, "Plan Width": 12, "Actual Rows": 4743416, "Actual Loops": 1, "Inner Unique": false, "Join Filter": "(ph.userid = u.id)", "Rows Removed by Join Filter": 0, "Plans": [{"Node Type": "Nested Loop", "Parent Relationship": "Outer", "Parallel Aware": false, "Async Capable": false, "Join Type": "Inner", "Startup Cost": 0.58, "Total Cost": 9580.2, "Plan Rows": 3.0, "Plan Width": 8, "Actual Rows": 21591, "Actual Loops": 1, "Inner Unique": false, "Plans": [{"Node Type": "Index Scan", "Parent Relationship": "Outer", "Parallel Aware": false, "Async Capable": false, "Scan Direction": "Forward", "Index Name": "users_pkey", "Relation Name": "users", "Alias": "u", "Startup Cost": 0.29, "Total Cost": 1659.6, "Plan Rows": 2749, "Plan Width": 4, "Actual Rows": 2744, "Actual Loops": 1, "Filter": "((upvotes <= 4041) AND (creationdate >= '2010-11-18 14:45:51'::timestamp without time zone) AND (creationdate <= '2011-08-23 15:04:19'::timestamp without time zone))", "Rows Removed by Filter": 5358}, {"Node Type": "Index Scan", "Parent Relationship": "Inner", "Parallel Aware": false, "Async Capable": false, "Scan Direction": "Forward", "Index Name": "idx_comments_userid", "Relation Name": "comments", "Alias": "c", "Startup Cost": 0.29, "Total Cost": 2.78, "Plan Rows": 10, "Plan Width": 4, "Actual Rows": 8, "Actual Loops": 2744, "Index Cond": "(userid = u.id)", "Rows Removed by Index Recheck": 0, "Filter": "(score = 0)", "Rows Removed by Filter": 3}]}, {"Node Type": "Index Scan", "Parent Relationship": "Inner", "Parallel Aware": false, "Async Capable": false, "Scan Direction": "Forward", "Index Name": "idx_posthistory_userid", "Relation Name": "posthistory", "Alias": "ph", "Startup Cost": 0.42, "Total Cost": 0.78, "Plan Rows": 4, "Plan Width": 4, "Actual Rows": 220, "Actual Loops": 21591, "Index Cond": "(userid = c.userid)", "Rows Removed by Index Recheck": 0, "Filter": "(creationdate <= '2012-05-10 10:25:46'::timestamp without time zone)", "Rows Removed by Filter": 266}]}, {"Node Type": "Materialize", "Parent Relationship": "Inner", "Parallel Aware": false, "Async Capable": false, "Startup Cost": 3221.09, "Total Cost": 4667.82, "Plan Rows": 577.0, "Plan Width": 8, "Actual Rows": 12903752, "Actual Loops": 1, "Plans": [{"Node Type": "Merge Join", "Parent Relationship": "Outer", "Parallel Aware": false, "Async Capable": false, "Join Type": "Inner", "Startup Cost": 3221.09, "Total Cost": 4666.71, "Plan Rows": 577.0, "Plan Width": 8, "Actual Rows": 1185, "Actual Loops": 1, "Inner Unique": false, "Merge Cond": "(v.userid = p.owneruserid)", "Plans": [{"Node Type": "Index Scan", "Parent Relationship": "Outer", "Parallel Aware": false, "Async Capable": false, "Scan Direction": "Forward", "Index Name": "idx_votes_userid", "Relation Name": "votes", "Alias": "v", "Startup Cost": 0.42, "Total Cost": 13242.63, "Plan Rows": 634, "Plan Width": 4, "Actual Rows": 519, "Actual Loops": 1, "Filter": "((bountyamount >= 47) AND (creationdate >= '2013-07-20 05:36:05'::timestamp without time zone))", "Rows Removed by Filter": 33942}, {"Node Type": "Sort", "Parent Relationship": "Inner", "Parallel Aware": false, "Async Capable": false, "Startup Cost": 3220.67, "Total Cost": 3241.45, "Plan Rows": 8312, "Plan Width": 4, "Actual Rows": 6642, "Actual Loops": 1, "Sort Key": ["p.owneruserid"], "Sort Method": "quicksort", "Sort Space Used": 193, "Sort Space Type": "Memory", "Plans": [{"Node Type": "Seq Scan", "Parent Relationship": "Outer", "Parallel Aware": false, "Async Capable": false, "Relation Name": "posts", "Alias": "p", "Startup Cost": 0.0, "Total Cost": 2679.52, "Plan Rows": 8312, "Plan Width": 4, "Actual Rows": 6281, "Actual Loops": 1, "Filter": "((answercount >= 0) AND (answercount <= 114) AND (creationdate >= '2009-07-07 07:37:28'::timestamp without time zone) AND (creationdate <= '2011-12-09 17:19:18'::timestamp without time zone))", "Rows Removed by Filter": 85695}]}]}]}]}]}, "Planning Time": 5.076, "Triggers": [], "Execution Time": 3009.714}, {"Plan": {"Node Type": "Aggregate", "Strategy": "Plain", "Partial Mode": "Finalize", "Parallel Aware": false, "Async Capable": false, "Startup Cost": 42836.62, "Total Cost": 42836.63, "Plan Rows": 1, "Plan Width": 8, "Plans": [{"Node Type": "Gather", "Parent Relationship": "Outer", "Parallel Aware": false, "Async Capable": false, "Startup Cost": 42836.5, "Total Cost": 42836.61, "Plan Rows": 1, "Plan Width": 8, "Workers Planned": 1, "Single Copy": false, "Plans": [{"Node Type": "Aggregate", "Strategy": "Plain", "Partial Mode": "Partial", "Parent Relationship": "Outer", "Parallel Aware": false, "Async Capable": false, "Startup Cost": 41836.5, "Total Cost": 41836.51, "Plan Rows": 1, "Plan Width": 8, "Plans": [{"Node Type": "Merge Join", "Parent Relationship": "Outer", "Parallel Aware": false, "Async Capable": false, "Join Type": "Inner", "Startup Cost": 4381.54, "Total Cost": 39999.87, "Plan Rows": 1.0, "Plan Width": 0, "Inner Unique": true, "Merge Cond": "(v.userid = u.id)", "Plans": [{"Node Type": "Nested Loop", "Parent Relationship": "Outer", "Parallel Aware": false, "Async Capable": false, "Join Type": "Inner", "Startup Cost": 3221.82, "Total Cost": 15670.61, "Plan Rows": 32.0, "Plan Width": 16, "Inner Unique": false, "Plans": [{"Node Type": "Nested Loop", "Parent Relationship": "Outer", "Parallel Aware": false, "Async Capable": false, "Join Type": "Inner", "Startup Cost": 3221.52, "Total Cost": 4960.76, "Plan Rows": 253.0, "Plan Width": 12, "Inner Unique": false, "Join Filter": "(ph.userid = v.userid)", "Plans": [{"Node Type": "Merge Join", "Parent Relationship": "Outer", "Parallel Aware": false, "Async Capable": false, "Join Type": "Inner", "Startup Cost": 3221.09, "Total Cost": 4438.09, "Plan Rows": 577.0, "Plan Width": 8, "Inner Unique": false, "Merge Cond": "(v.userid = p.owneruserid)", "Plans": [{"Node Type": "Index Scan", "Parent Relationship": "Outer", "Parallel Aware": true, "Async Capable": false, "Scan Direction": "Forward", "Index Name": "idx_votes_userid", "Relation Name": "votes", "Alias": "v", "Startup Cost": 0.42, "Total Cost": 11216.36, "Plan Rows": 373, "Plan Width": 4, "Filter": "((bountyamount >= 47) AND (creationdate >= '2013-07-20 05:36:05'::timestamp without time zone))"}, {"Node Type": "Sort", "Parent Relationship": "Inner", "Parallel Aware": false, "Async Capable": false, "Startup Cost": 3220.67, "Total Cost": 3241.45, "Plan Rows": 8312, "Plan Width": 4, "Sort Key": ["p.owneruserid"], "Plans": [{"Node Type": "Seq Scan", "Parent Relationship": "Outer", "Parallel Aware": false, "Async Capable": false, "Relation Name": "posts", "Alias": "p", "Startup Cost": 0.0, "Total Cost": 2679.52, "Plan Rows": 8312, "Plan Width": 4, "Filter": "((answercount >= 0) AND (answercount <= 114) AND (creationdate >= '2009-07-07 07:37:28'::timestamp without time zone) AND (creationdate <= '2011-12-09 17:19:18'::timestamp without time zone))"}]}]}, {"Node Type": "Index Scan", "Parent Relationship": "Inner", "Parallel Aware": false, "Async Capable": false, "Scan Direction": "Forward", "Index Name": "idx_posthistory_userid", "Relation Name": "posthistory", "Alias": "ph", "Startup Cost": 0.42, "Total Cost": 1.94, "Plan Rows": 4, "Plan Width": 4, "Index Cond": "(userid = p.owneruserid)", "Filter": "(creationdate <= '2012-05-10 10:25:46'::timestamp without time zone)"}]}, {"Node Type": "Memoize", "Parent Relationship": "Inner", "Parallel Aware": false, "Async Capable": false, "Startup Cost": 0.3, "Total Cost": 9.03, "Plan Rows": 10, "Plan Width": 4, "Cache Key": "v.userid", "Cache Mode": "logical", "Plans": [{"Node Type": "Index Scan", "Parent Relationship": "Outer", "Parallel Aware": false, "Async Capable": false, "Scan Direction": "Forward", "Index Name": "idx_comments_userid", "Relation Name": "comments", "Alias": "c", "Startup Cost": 0.29, "Total Cost": 9.02, "Plan Rows": 10, "Plan Width": 4, "Index Cond": "(userid = v.userid)", "Filter": "(score = 0)"}]}]}, {"Node Type": "Sort", "Parent Relationship": "Inner", "Parallel Aware": false, "Async Capable": false, "Startup Cost": 1159.72, "Total Cost": 1166.59, "Plan Rows": 2749, "Plan Width": 4, "Sort Key": ["u.id"], "Plans": [{"Node Type": "Seq Scan", "Parent Relationship": "Outer", "Parallel Aware": false, "Async Capable": false, "Relation Name": "users", "Alias": "u", "Startup Cost": 0.0, "Total Cost": 1002.69, "Plan Rows": 2749, "Plan Width": 4, "Filter": "((upvotes <= 4041) AND (creationdate >= '2010-11-18 14:45:51'::timestamp without time zone) AND (creationdate <= '2011-08-23 15:04:19'::timestamp without time zone))"}]}]}]}]}]}, "Timeout Time": 8938.088}, {"Plan": {"Node Type": "Aggregate", "Strategy": "Plain", "Partial Mode": "Finalize", "Parallel Aware": false, "Async Capable": false, "Startup Cost": 39346.53, "Total Cost": 39346.54, "Plan Rows": 1, "Plan Width": 8, "Actual Rows": 1, "Actual Loops": 1, "Plans": [{"Node Type": "Gather", "Parent Relationship": "Outer", "Parallel Aware": false, "Async Capable": false, "Startup Cost": 39346.41, "Total Cost": 39346.52, "Plan Rows": 1, "Plan Width": 8, "Actual Rows": 2, "Actual Loops": 1, "Workers Planned": 1, "Workers Launched": 1, "Single Copy": false, "Plans": [{"Node Type": "Aggregate", "Strategy": "Plain", "Partial Mode": "Partial", "Parent Relationship": "Outer", "Parallel Aware": false, "Async Capable": false, "Startup Cost": 38346.41, "Total Cost": 38346.42, "Plan Rows": 1, "Plan Width": 8, "Actual Rows": 1, "Actual Loops": 2, "Workers": [], "Plans": [{"Node Type": "Merge Join", "Parent Relationship": "Outer", "Parallel Aware": false, "Async Capable": false, "Join Type": "Inner", "Startup Cost": 1161.16, "Total Cost": 36509.78, "Plan Rows": 1.0, "Plan Width": 0, "Actual Rows": 6451493, "Actual Loops": 2, "Inner Unique": false, "Merge Cond": "(v.userid = c.userid)", "Workers": [], "Plans": [{"Node Type": "Nested Loop", "Parent Relationship": "Outer", "Parallel Aware": false, "Async Capable": false, "Join Type": "Inner", "Startup Cost": 1160.56, "Total Cost": 2359.24, "Plan Rows": 91.0, "Plan Width": 12, "Actual Rows": 2270, "Actual Loops": 2, "Inner Unique": false, "Join Filter": "(ph.userid = v.userid)", "Rows Removed by Join Filter": 0, "Workers": [], "Plans": [{"Node Type": "Merge Join", "Parent Relationship": "Outer", "Parallel Aware": false, "Async Capable": false, "Join Type": "Inner", "Startup Cost": 1160.14, "Total Cost": 2346.73, "Plan Rows": 159.0, "Plan Width": 8, "Actual Rows": 26, "Actual Loops": 2, "Inner Unique": true, "Merge Cond": "(v.userid = u.id)", "Workers": [], "Plans": [{"Node Type": "Index Scan", "Parent Relationship": "Outer", "Parallel Aware": true, "Async Capable": false, "Scan Direction": "Forward", "Index Name": "idx_votes_userid", "Relation Name": "votes", "Alias": "v", "Startup Cost": 0.42, "Total Cost": 11216.36, "Plan Rows": 373, "Plan Width": 4, "Actual Rows": 162, "Actual Loops": 2, "Filter": "((bountyamount >= 47) AND (creationdate >= '2013-07-20 05:36:05'::timestamp without time zone))", "Rows Removed by Filter": 13449, "Workers": []}, {"Node Type": "Sort", "Parent Relationship": "Inner", "Parallel Aware": false, "Async Capable": false, "Startup Cost": 1159.72, "Total Cost": 1166.59, "Plan Rows": 2749, "Plan Width": 4, "Actual Rows": 2750, "Actual Loops": 2, "Sort Key": ["u.id"], "Sort Method": "quicksort", "Sort Space Used": 97, "Sort Space Type": "Memory", "Workers": [{"Worker Number": 0, "Sort Method": "quicksort", "Sort Space Used": 97, "Sort Space Type": "Memory"}], "Plans": [{"Node Type": "Seq Scan", "Parent Relationship": "Outer", "Parallel Aware": false, "Async Capable": false, "Relation Name": "users", "Alias": "u", "Startup Cost": 0.0, "Total Cost": 1002.69, "Plan Rows": 2749, "Plan Width": 4, "Actual Rows": 2750, "Actual Loops": 2, "Filter": "((upvotes <= 4041) AND (creationdate >= '2010-11-18 14:45:51'::timestamp without time zone) AND (creationdate <= '2011-08-23 15:04:19'::timestamp without time zone))", "Rows Removed by Filter": 37575, "Workers": []}]}]}, {"Node Type": "Index Scan", "Parent Relationship": "Inner", "Parallel Aware": false, "Async Capable": false, "Scan Direction": "Forward", "Index Name": "idx_posthistory_userid", "Relation Name": "posthistory", "Alias": "ph", "Startup Cost": 0.42, "Total Cost": 4.12, "Plan Rows": 4, "Plan Width": 4, "Actual Rows": 87, "Actual Loops": 52, "Index Cond": "(userid = u.id)", "Rows Removed by Index Recheck": 0, "Filter": "(creationdate <= '2012-05-10 10:25:46'::timestamp without time zone)", "Rows Removed by Filter": 101, "Workers": []}]}, {"Node Type": "Materialize", "Parent Relationship": "Inner", "Parallel Aware": false, "Async Capable": false, "Startup Cost": 0.6, "Total Cost": 25232.29, "Plan Rows": 5.0, "Plan Width": 8, "Actual Rows": 6775543, "Actual Loops": 2, "Workers": [], "Plans": [{"Node Type": "Nested Loop", "Parent Relationship": "Outer", "Parallel Aware": false, "Async Capable": false, "Join Type": "Inner", "Startup Cost": 0.6, "Total Cost": 15444.69, "Plan Rows": 5.0, "Plan Width": 8, "Actual Rows": 340616, "Actual Loops": 2, "Inner Unique": false, "Workers": [], "Plans": [{"Node Type": "Index Scan", "Parent Relationship": "Outer", "Parallel Aware": false, "Async Capable": false, "Scan Direction": "Forward", "Index Name": "idx_posts_owneruserid", "Relation Name": "posts", "Alias": "p", "Startup Cost": 0.29, "Total Cost": 5013.43, "Plan Rows": 8312, "Plan Width": 4, "Actual Rows": 5044, "Actual Loops": 2, "Filter": "((answercount >= 0) AND (answercount <= 114) AND (creationdate >= '2009-07-07 07:37:28'::timestamp without time zone) AND (creationdate <= '2011-12-09 17:19:18'::timestamp without time zone))", "Rows Removed by Filter": 26252, "Workers": []}, {"Node Type": "Memoize", "Parent Relationship": "Inner", "Parallel Aware": false, "Async Capable": false, "Startup Cost": 0.3, "Total Cost": 1.3, "Plan Rows": 10, "Plan Width": 4, "Actual Rows": 68, "Actual Loops": 10089, "Cache Key": "p.owneruserid", "Cache Mode": "logical", "Cache Hits": 2987, "Cache Misses": 1829, "Cache Evictions": 0, "Cache Overflows": 0, "Peak Memory Usage": 1569, "Workers": [{"Worker Number": 0, "Cache Hits": 3177, "Cache Misses": 2096, "Cache Evictions": 0, "Cache Overflows": 0, "Peak Memory Usage": 1647}], "Plans": [{"Node Type": "Index Scan", "Parent Relationship": "Outer", "Parallel Aware": false, "Async Capable": false, "Scan Direction": "Forward", "Index Name": "idx_comments_userid", "Relation Name": "comments", "Alias": "c", "Startup Cost": 0.29, "Total Cost": 1.29, "Plan Rows": 10, "Plan Width": 4, "Actual Rows": 21, "Actual Loops": 3925, "Index Cond": "(userid = p.owneruserid)", "Rows Removed by Index Recheck": 0, "Filter": "(score = 0)", "Rows Removed by Filter": 9, "Workers": []}]}]}]}]}]}]}]}, "Planning Time": 4.447, "Triggers": [], "Execution Time": 731.204}, {"Plan": {"Node Type": "Aggregate", "Strategy": "Plain", "Partial Mode": "Finalize", "Parallel Aware": false, "Async Capable": false, "Startup Cost": 6684.56, "Total Cost": 6684.57, "Plan Rows": 1, "Plan Width": 8, "Actual Rows": 1, "Actual Loops": 1, "Plans": [{"Node Type": "Gather", "Parent Relationship": "Outer", "Parallel Aware": false, "Async Capable": false, "Startup Cost": 6684.45, "Total Cost": 6684.56, "Plan Rows": 1, "Plan Width": 8, "Actual Rows": 2, "Actual Loops": 1, "Workers Planned": 1, "Workers Launched": 1, "Single Copy": false, "Plans": [{"Node Type": "Aggregate", "Strategy": "Plain", "Partial Mode": "Partial", "Parent Relationship": "Outer", "Parallel Aware": false, "Async Capable": false, "Startup Cost": 5684.45, "Total Cost": 5684.46, "Plan Rows": 1, "Plan Width": 8, "Actual Rows": 1, "Actual Loops": 2, "Workers": [], "Plans": [{"Node Type": "Nested Loop", "Parent Relationship": "Outer", "Parallel Aware": false, "Async Capable": false, "Join Type": "Inner", "Startup Cost": 1161.15, "Total Cost": 3847.81, "Plan Rows": 1.0, "Plan Width": 0, "Actual Rows": 6451493, "Actual Loops": 2, "Inner Unique": false, "Join Filter": "(ph.userid = v.userid)", "Rows Removed by Join Filter": 0, "Workers": [], "Plans": [{"Node Type": "Nested Loop", "Parent Relationship": "Outer", "Parallel Aware": false, "Async Capable": false, "Join Type": "Inner", "Startup Cost": 1160.73, "Total Cost": 2249.45, "Plan Rows": 2.0, "Plan Width": 16, "Actual Rows": 30060, "Actual Loops": 2, "Inner Unique": false, "Join Filter": "(p.owneruserid = v.userid)", "Rows Removed by Join Filter": 0, "Workers": [], "Plans": [{"Node Type": "Merge Join", "Parent Relationship": "Outer", "Parallel Aware": false, "Async Capable": false, "Join Type": "Inner", "Startup Cost": 1160.44, "Total Cost": 2220.17, "Plan Rows": 13.0, "Plan Width": 12, "Actual Rows": 3409, "Actual Loops": 2, "Inner Unique": true, "Merge Cond": "(v.userid = u.id)", "Workers": [], "Plans": [{"Node Type": "Merge Join", "Parent Relationship": "Outer", "Parallel Aware": false, "Async Capable": false, "Join Type": "Inner", "Startup Cost": 0.72, "Total Cost": 9861.61, "Plan Rows": 543.0, "Plan Width": 8, "Actual Rows": 108694, "Actual Loops": 2, "Inner Unique": false, "Merge Cond": "(v.userid = c.userid)", "Workers": [], "Plans": [{"Node Type": "Index Scan", "Parent Relationship": "Outer", "Parallel Aware": true, "Async Capable": false, "Scan Direction": "Forward", "Index Name": "idx_votes_userid", "Relation Name": "votes", "Alias": "v", "Startup Cost": 0.42, "Total Cost": 11216.36, "Plan Rows": 373, "Plan Width": 4, "Actual Rows": 162, "Actual Loops": 2, "Filter": "((bountyamount >= 47) AND (creationdate >= '2013-07-20 05:36:05'::timestamp without time zone))", "Rows Removed by Filter": 13449, "Workers": []}, {"Node Type": "Index Scan", "Parent Relationship": "Inner", "Parallel Aware": false, "Async Capable": false, "Scan Direction": "Forward", "Index Name": "idx_comments_userid", "Relation Name": "comments", "Alias": "c", "Startup Cost": 0.29, "Total Cost": 8258.96, "Plan Rows": 134887, "Plan Width": 4, "Actual Rows": 195073, "Actual Loops": 2, "Filter": "(score = 0)", "Rows Removed by Filter": 77656, "Workers": []}]}, {"Node Type": "Sort", "Parent Relationship": "Inner", "Parallel Aware": false, "Async Capable": false, "Startup Cost": 1159.72, "Total Cost": 1166.59, "Plan Rows": 2749, "Plan Width": 4, "Actual Rows": 2750, "Actual Loops": 2, "Sort Key": ["u.id"], "Sort Method": "quicksort", "Sort Space Used": 97, "Sort Space Type": "Memory", "Workers": [{"Worker Number": 0, "Sort Method": "quicksort", "Sort Space Used": 97, "Sort Space Type": "Memory"}], "Plans": [{"Node Type": "Seq Scan", "Parent Relationship": "Outer", "Parallel Aware": false, "Async Capable": false, "Relation Name": "users", "Alias": "u", "Startup Cost": 0.0, "Total Cost": 1002.69, "Plan Rows": 2749, "Plan Width": 4, "Actual Rows": 2750, "Actual Loops": 2, "Filter": "((upvotes <= 4041) AND (creationdate >= '2010-11-18 14:45:51'::timestamp without time zone) AND (creationdate <= '2011-08-23 15:04:19'::timestamp without time zone))", "Rows Removed by Filter": 37575, "Workers": []}]}]}, {"Node Type": "Index Scan", "Parent Relationship": "Inner", "Parallel Aware": false, "Async Capable": false, "Scan Direction": "Forward", "Index Name": "idx_posts_owneruserid", "Relation Name": "posts", "Alias": "p", "Startup Cost": 0.29, "Total Cost": 0.43, "Plan Rows": 1, "Plan Width": 4, "Actual Rows": 9, "Actual Loops": 6818, "Index Cond": "(owneruserid = c.userid)", "Rows Removed by Index Recheck": 0, "Filter": "((answercount >= 0) AND (answercount <= 114) AND (creationdate >= '2009-07-07 07:37:28'::timestamp without time zone) AND (creationdate <= '2011-12-09 17:19:18'::timestamp without time zone))", "Rows Removed by Filter": 212, "Workers": []}]}, {"Node Type": "Index Scan", "Parent Relationship": "Inner", "Parallel Aware": false, "Async Capable": false, "Scan Direction": "Forward", "Index Name": "idx_posthistory_userid", "Relation Name": "posthistory", "Alias": "ph", "Startup Cost": 0.42, "Total Cost": 0.78, "Plan Rows": 4, "Plan Width": 4, "Actual Rows": 215, "Actual Loops": 60120, "Index Cond": "(userid = c.userid)", "Rows Removed by Index Recheck": 0, "Filter": "(creationdate <= '2012-05-10 10:25:46'::timestamp without time zone)", "Rows Removed by Filter": 225, "Workers": []}]}]}]}]}, "Planning Time": 4.836, "Triggers": [], "Execution Time": 3555.861}, {"Plan": {"Node Type": "Aggregate", "Strategy": "Plain", "Partial Mode": "Simple", "Parallel Aware": false, "Async Capable": false, "Startup Cost": 523986.42, "Total Cost": 523986.43, "Plan Rows": 1, "Plan Width": 8, "Actual Rows": 1, "Actual Loops": 1, "Plans": [{"Node Type": "Merge Join", "Parent Relationship": "Outer", "Parallel Aware": false, "Async Capable": false, "Join Type": "Inner", "Startup Cost": 4381.65, "Total Cost": 520864.14, "Plan Rows": 1.0, "Plan Width": 0, "Actual Rows": 12902986, "Actual Loops": 1, "Inner Unique": false, "Merge Cond": "(v.userid = u.id)", "Plans": [{"Node Type": "Index Scan", "Parent Relationship": "Outer", "Parallel Aware": false, "Async Capable": false, "Scan Direction": "Forward", "Index Name": "idx_votes_userid", "Relation Name": "votes", "Alias": "v", "Startup Cost": 0.42, "Total Cost": 13242.63, "Plan Rows": 634, "Plan Width": 4, "Actual Rows": 323, "Actual Loops": 1, "Filter": "((bountyamount >= 47) AND (creationdate >= '2013-07-20 05:36:05'::timestamp without time zone))", "Rows Removed by Filter": 26792}, {"Node Type": "Materialize", "Parent Relationship": "Inner", "Parallel Aware": false, "Async Capable": false, "Startup Cost": 4381.22, "Total Cost": 267892.56, "Plan Rows": 1.0, "Plan Width": 16, "Actual Rows": 27050334, "Actual Loops": 1, "Plans": [{"Node Type": "Merge Join", "Parent Relationship": "Outer", "Parallel Aware": false, "Async Capable": false, "Join Type": "Inner", "Startup Cost": 4381.22, "Total Cost": 17983.07, "Plan Rows": 1.0, "Plan Width": 16, "Actual Rows": 22190442, "Actual Loops": 1, "Inner Unique": false, "Merge Cond": "(u.id = c.userid)", "Plans": [{"Node Type": "Nested Loop", "Parent Relationship": "Outer", "Parallel Aware": false, "Async Capable": false, "Join Type": "Inner", "Startup Cost": 4380.81, "Total Cost": 5549.58, "Plan Rows": 6.0, "Plan Width": 12, "Actual Rows": 114443, "Actual Loops": 1, "Inner Unique": false, "Join Filter": "(ph.userid = u.id)", "Rows Removed by Join Filter": 0, "Plans": [{"Node Type": "Merge Join", "Parent Relationship": "Outer", "Parallel Aware": false, "Async Capable": false, "Join Type": "Inner", "Startup Cost": 4380.39, "Total Cost": 4440.65, "Plan Rows": 3.0, "Plan Width": 8, "Actual Rows": 2683, "Actual Loops": 1, "Inner Unique": true, "Merge Cond": "(p.owneruserid = u.id)", "Plans": [{"Node Type": "Sort", "Parent Relationship": "Outer", "Parallel Aware": false, "Async Capable": false, "Startup Cost": 3220.67, "Total Cost": 3241.45, "Plan Rows": 8312, "Plan Width": 4, "Actual Rows": 5926, "Actual Loops": 1, "Sort Key": ["p.owneruserid"], "Sort Method": "quicksort", "Sort Space Used": 193, "Sort Space Type": "Memory", "Plans": [{"Node Type": "Seq Scan", "Parent Relationship": "Outer", "Parallel Aware": false, "Async Capable": false, "Relation Name": "posts", "Alias": "p", "Startup Cost": 0.0, "Total Cost": 2679.52, "Plan Rows": 8312, "Plan Width": 4, "Actual Rows": 6281, "Actual Loops": 1, "Filter": "((answercount >= 0) AND (answercount <= 114) AND (creationdate >= '2009-07-07 07:37:28'::timestamp without time zone) AND (creationdate <= '2011-12-09 17:19:18'::timestamp without time zone))", "Rows Removed by Filter": 85695}]}, {"Node Type": "Sort", "Parent Relationship": "Inner", "Parallel Aware": false, "Async Capable": false, "Startup Cost": 1159.72, "Total Cost": 1166.59, "Plan Rows": 2749, "Plan Width": 4, "Actual Rows": 2750, "Actual Loops": 1, "Sort Key": ["u.id"], "Sort Method": "quicksort", "Sort Space Used": 97, "Sort Space Type": "Memory", "Plans": [{"Node Type": "Seq Scan", "Parent Relationship": "Outer", "Parallel Aware": false, "Async Capable": false, "Relation Name": "users", "Alias": "u", "Startup Cost": 0.0, "Total Cost": 1002.69, "Plan Rows": 2749, "Plan Width": 4, "Actual Rows": 2750, "Actual Loops": 1, "Filter": "((upvotes <= 4041) AND (creationdate >= '2010-11-18 14:45:51'::timestamp without time zone) AND (creationdate <= '2011-08-23 15:04:19'::timestamp without time zone))", "Rows Removed by Filter": 37575}]}]}, {"Node Type": "Index Scan", "Parent Relationship": "Inner", "Parallel Aware": false, "Async Capable": false, "Scan Direction": "Forward", "Index Name": "idx_posthistory_userid", "Relation Name": "posthistory", "Alias": "ph", "Startup Cost": 0.42, "Total Cost": 1.94, "Plan Rows": 4, "Plan Width": 4, "Actual Rows": 43, "Actual Loops": 2683, "Index Cond": "(userid = p.owneruserid)", "Rows Removed by Index Recheck": 0, "Filter": "(creationdate <= '2012-05-10 10:25:46'::timestamp without time zone)", "Rows Removed by Filter": 20}]}, {"Node Type": "Materialize", "Parent Relationship": "Inner", "Parallel Aware": false, "Async Capable": false, "Startup Cost": 0.29, "Total Cost": 8596.18, "Plan Rows": 134887, "Plan Width": 4, "Actual Rows": 22277966, "Actual Loops": 1, "Plans": [{"Node Type": "Index Scan", "Parent Relationship": "Outer", "Parallel Aware": false, "Async Capable": false, "Scan Direction": "Forward", "Index Name": "idx_comments_userid", "Relation Name": "comments", "Alias": "c", "Startup Cost": 0.29, "Total Cost": 8258.96, "Plan Rows": 134887, "Plan Width": 4, "Actual Rows": 103058, "Actual Loops": 1, "Filter": "(score = 0)", "Rows Removed by Filter": 35032}]}]}]}]}]}, "Planning Time": 5.055, "Triggers": [], "Execution Time": 7217.636}, {"Plan": {"Node Type": "Aggregate", "Strategy": "Plain", "Partial Mode": "Finalize", "Parallel Aware": false, "Async Capable": false, "Startup Cost": 9869.38, "Total Cost": 9869.39, "Plan Rows": 1, "Plan Width": 8, "Actual Rows": 1, "Actual Loops": 1, "Plans": [{"Node Type": "Gather", "Parent Relationship": "Outer", "Parallel Aware": false, "Async Capable": false, "Startup Cost": 9869.26, "Total Cost": 9869.37, "Plan Rows": 1, "Plan Width": 8, "Actual Rows": 2, "Actual Loops": 1, "Workers Planned": 1, "Workers Launched": 1, "Single Copy": false, "Plans": [{"Node Type": "Aggregate", "Strategy": "Plain", "Partial Mode": "Partial", "Parent Relationship": "Outer", "Parallel Aware": false, "Async Capable": false, "Startup Cost": 8869.26, "Total Cost": 8869.27, "Plan Rows": 1, "Plan Width": 8, "Actual Rows": 1, "Actual Loops": 2, "Workers": [], "Plans": [{"Node Type": "Merge Join", "Parent Relationship": "Outer", "Parallel Aware": false, "Async Capable": false, "Join Type": "Inner", "Startup Cost": 4381.53, "Total Cost": 7032.63, "Plan Rows": 1.0, "Plan Width": 0, "Actual Rows": 6451493, "Actual Loops": 2, "Inner Unique": false, "Merge Cond": "(v.userid = u.id)", "Workers": [], "Plans": [{"Node Type": "Merge Join", "Parent Relationship": "Outer", "Parallel Aware": false, "Async Capable": false, "Join Type": "Inner", "Startup Cost": 0.72, "Total Cost": 9861.61, "Plan Rows": 543.0, "Plan Width": 8, "Actual Rows": 108694, "Actual Loops": 2, "Inner Unique": false, "Merge Cond": "(v.userid = c.userid)", "Workers": [], "Plans": [{"Node Type": "Index Scan", "Parent Relationship": "Outer", "Parallel Aware": true, "Async Capable": false, "Scan Direction": "Forward", "Index Name": "idx_votes_userid", "Relation Name": "votes", "Alias": "v", "Startup Cost": 0.42, "Total Cost": 11216.36, "Plan Rows": 373, "Plan Width": 4, "Actual Rows": 162, "Actual Loops": 2, "Filter": "((bountyamount >= 47) AND (creationdate >= '2013-07-20 05:36:05'::timestamp without time zone))", "Rows Removed by Filter": 13449, "Workers": []}, {"Node Type": "Index Scan", "Parent Relationship": "Inner", "Parallel Aware": false, "Async Capable": false, "Scan Direction": "Forward", "Index Name": "idx_comments_userid", "Relation Name": "comments", "Alias": "c", "Startup Cost": 0.29, "Total Cost": 8258.96, "Plan Rows": 134887, "Plan Width": 4, "Actual Rows": 195073, "Actual Loops": 2, "Filter": "(score = 0)", "Rows Removed by Filter": 77656, "Workers": []}]}, {"Node Type": "Materialize", "Parent Relationship": "Inner", "Parallel Aware": false, "Async Capable": false, "Startup Cost": 4380.81, "Total Cost": 5758.01, "Plan Rows": 6.0, "Plan Width": 12, "Actual Rows": 6552165, "Actual Loops": 2, "Workers": [], "Plans": [{"Node Type": "Nested Loop", "Parent Relationship": "Outer", "Parallel Aware": false, "Async Capable": false, "Join Type": "Inner", "Startup Cost": 4380.81, "Total Cost": 5549.58, "Plan Rows": 6.0, "Plan Width": 12, "Actual Rows": 114443, "Actual Loops": 2, "Inner Unique": false, "Join Filter": "(ph.userid = u.id)", "Rows Removed by Join Filter": 0, "Workers": [], "Plans": [{"Node Type": "Merge Join", "Parent Relationship": "Outer", "Parallel Aware": false, "Async Capable": false, "Join Type": "Inner", "Startup Cost": 4380.39, "Total Cost": 4440.65, "Plan Rows": 3.0, "Plan Width": 8, "Actual Rows": 2683, "Actual Loops": 2, "Inner Unique": true, "Merge Cond": "(p.owneruserid = u.id)", "Workers": [], "Plans": [{"Node Type": "Sort", "Parent Relationship": "Outer", "Parallel Aware": false, "Async Capable": false, "Startup Cost": 3220.67, "Total Cost": 3241.45, "Plan Rows": 8312, "Plan Width": 4, "Actual Rows": 5926, "Actual Loops": 2, "Sort Key": ["p.owneruserid"], "Sort Method": "quicksort", "Sort Space Used": 193, "Sort Space Type": "Memory", "Workers": [{"Worker Number": 0, "Sort Method": "quicksort", "Sort Space Used": 193, "Sort Space Type": "Memory"}], "Plans": [{"Node Type": "Seq Scan", "Parent Relationship": "Outer", "Parallel Aware": false, "Async Capable": false, "Relation Name": "posts", "Alias": "p", "Startup Cost": 0.0, "Total Cost": 2679.52, "Plan Rows": 8312, "Plan Width": 4, "Actual Rows": 6281, "Actual Loops": 2, "Filter": "((answercount >= 0) AND (answercount <= 114) AND (creationdate >= '2009-07-07 07:37:28'::timestamp without time zone) AND (creationdate <= '2011-12-09 17:19:18'::timestamp without time zone))", "Rows Removed by Filter": 85695, "Workers": []}]}, {"Node Type": "Sort", "Parent Relationship": "Inner", "Parallel Aware": false, "Async Capable": false, "Startup Cost": 1159.72, "Total Cost": 1166.59, "Plan Rows": 2749, "Plan Width": 4, "Actual Rows": 2750, "Actual Loops": 2, "Sort Key": ["u.id"], "Sort Method": "quicksort", "Sort Space Used": 97, "Sort Space Type": "Memory", "Workers": [{"Worker Number": 0, "Sort Method": "quicksort", "Sort Space Used": 97, "Sort Space Type": "Memory"}], "Plans": [{"Node Type": "Seq Scan", "Parent Relationship": "Outer", "Parallel Aware": false, "Async Capable": false, "Relation Name": "users", "Alias": "u", "Startup Cost": 0.0, "Total Cost": 1002.69, "Plan Rows": 2749, "Plan Width": 4, "Actual Rows": 2750, "Actual Loops": 2, "Filter": "((upvotes <= 4041) AND (creationdate >= '2010-11-18 14:45:51'::timestamp without time zone) AND (creationdate <= '2011-08-23 15:04:19'::timestamp without time zone))", "Rows Removed by Filter": 37575, "Workers": []}]}]}, {"Node Type": "Index Scan", "Parent Relationship": "Inner", "Parallel Aware": false, "Async Capable": false, "Scan Direction": "Forward", "Index Name": "idx_posthistory_userid", "Relation Name": "posthistory", "Alias": "ph", "Startup Cost": 0.42, "Total Cost": 1.94, "Plan Rows": 4, "Plan Width": 4, "Actual Rows": 43, "Actual Loops": 5366, "Index Cond": "(userid = p.owneruserid)", "Rows Removed by Index Recheck": 0, "Filter": "(creationdate <= '2012-05-10 10:25:46'::timestamp without time zone)", "Rows Removed by Filter": 20, "Workers": []}]}]}]}]}]}]}, "Planning Time": 9.897, "Triggers": [], "Execution Time": 827.876}, {"Plan": {"Node Type": "Aggregate", "Strategy": "Plain", "Partial Mode": "Simple", "Parallel Aware": false, "Async Capable": false, "Startup Cost": 113880.36, "Total Cost": 113880.37, "Plan Rows": 1, "Plan Width": 8, "Plans": [{"Node Type": "Merge Join", "Parent Relationship": "Outer", "Parallel Aware": false, "Async Capable": false, "Join Type": "Inner", "Startup Cost": 3222.11, "Total Cost": 110758.08, "Plan Rows": 1.0, "Plan Width": 0, "Inner Unique": false, "Merge Cond": "(u.id = v.userid)", "Plans": [{"Node Type": "Index Scan", "Parent Relationship": "Outer", "Parallel Aware": false, "Async Capable": false, "Scan Direction": "Forward", "Index Name": "users_pkey", "Relation Name": "users", "Alias": "u", "Startup Cost": 0.29, "Total Cost": 1659.6, "Plan Rows": 2749, "Plan Width": 4, "Filter": "((upvotes <= 4041) AND (creationdate >= '2010-11-18 14:45:51'::timestamp without time zone) AND (creationdate <= '2011-08-23 15:04:19'::timestamp without time zone))"}, {"Node Type": "Materialize", "Parent Relationship": "Inner", "Parallel Aware": false, "Async Capable": false, "Startup Cost": 3221.82, "Total Cost": 453136.98, "Plan Rows": 32.0, "Plan Width": 16, "Plans": [{"Node Type": "Nested Loop", "Parent Relationship": "Outer", "Parallel Aware": false, "Async Capable": false, "Join Type": "Inner", "Startup Cost": 3221.82, "Total Cost": 20047.98, "Plan Rows": 32.0, "Plan Width": 16, "Inner Unique": false, "Plans": [{"Node Type": "Nested Loop", "Parent Relationship": "Outer", "Parallel Aware": false, "Async Capable": false, "Join Type": "Inner", "Startup Cost": 3221.52, "Total Cost": 5555.05, "Plan Rows": 253.0, "Plan Width": 12, "Inner Unique": false, "Join Filter": "(ph.userid = v.userid)", "Plans": [{"Node Type": "Merge Join", "Parent Relationship": "Outer", "Parallel Aware": false, "Async Capable": false, "Join Type": "Inner", "Startup Cost": 3221.09, "Total Cost": 4666.71, "Plan Rows": 577.0, "Plan Width": 8, "Inner Unique": false, "Merge Cond": "(v.userid = p.owneruserid)", "Plans": [{"Node Type": "Index Scan", "Parent Relationship": "Outer", "Parallel Aware": false, "Async Capable": false, "Scan Direction": "Forward", "Index Name": "idx_votes_userid", "Relation Name": "votes", "Alias": "v", "Startup Cost": 0.42, "Total Cost": 13242.63, "Plan Rows": 634, "Plan Width": 4, "Filter": "((bountyamount >= 47) AND (creationdate >= '2013-07-20 05:36:05'::timestamp without time zone))"}, {"Node Type": "Sort", "Parent Relationship": "Inner", "Parallel Aware": false, "Async Capable": false, "Startup Cost": 3220.67, "Total Cost": 3241.45, "Plan Rows": 8312, "Plan Width": 4, "Sort Key": ["p.owneruserid"], "Plans": [{"Node Type": "Seq Scan", "Parent Relationship": "Outer", "Parallel Aware": false, "Async Capable": false, "Relation Name": "posts", "Alias": "p", "Startup Cost": 0.0, "Total Cost": 2679.52, "Plan Rows": 8312, "Plan Width": 4, "Filter": "((answercount >= 0) AND (answercount <= 114) AND (creationdate >= '2009-07-07 07:37:28'::timestamp without time zone) AND (creationdate <= '2011-12-09 17:19:18'::timestamp without time zone))"}]}]}, {"Node Type": "Index Scan", "Parent Relationship": "Inner", "Parallel Aware": false, "Async Capable": false, "Scan Direction": "Forward", "Index Name": "idx_posthistory_userid", "Relation Name": "posthistory", "Alias": "ph", "Startup Cost": 0.42, "Total Cost": 1.94, "Plan Rows": 4, "Plan Width": 4, "Index Cond": "(userid = p.owneruserid)", "Filter": "(creationdate <= '2012-05-10 10:25:46'::timestamp without time zone)"}]}, {"Node Type": "Memoize", "Parent Relationship": "Inner", "Parallel Aware": false, "Async Capable": false, "Startup Cost": 0.3, "Total Cost": 9.03, "Plan Rows": 10, "Plan Width": 4, "Cache Key": "v.userid", "Cache Mode": "logical", "Plans": [{"Node Type": "Index Scan", "Parent Relationship": "Outer", "Parallel Aware": false, "Async Capable": false, "Scan Direction": "Forward", "Index Name": "idx_comments_userid", "Relation Name": "comments", "Alias": "c", "Startup Cost": 0.29, "Total Cost": 9.02, "Plan Rows": 10, "Plan Width": 4, "Index Cond": "(userid = v.userid)", "Filter": "(score = 0)"}]}]}]}]}]}, "Timeout Time": 8938.088}, {"Plan": {"Node Type": "Aggregate", "Strategy": "Plain", "Partial Mode": "Finalize", "Parallel Aware": false, "Async Capable": false, "Startup Cost": 22840.82, "Total Cost": 22840.83, "Plan Rows": 1, "Plan Width": 8, "Actual Rows": 1, "Actual Loops": 1, "Plans": [{"Node Type": "Gather", "Parent Relationship": "Outer", "Parallel Aware": false, "Async Capable": false, "Startup Cost": 22840.7, "Total Cost": 22840.81, "Plan Rows": 1, "Plan Width": 8, "Actual Rows": 2, "Actual Loops": 1, "Workers Planned": 1, "Workers Launched": 1, "Single Copy": false, "Plans": [{"Node Type": "Aggregate", "Strategy": "Plain", "Partial Mode": "Partial", "Parent Relationship": "Outer", "Parallel Aware": false, "Async Capable": false, "Startup Cost": 21840.7, "Total Cost": 21840.71, "Plan Rows": 1, "Plan Width": 8, "Actual Rows": 1, "Actual Loops": 2, "Workers": [], "Plans": [{"Node Type": "Merge Join", "Parent Relationship": "Outer", "Parallel Aware": false, "Async Capable": false, "Join Type": "Inner", "Startup Cost": 12331.69, "Total Cost": 20004.07, "Plan Rows": 1.0, "Plan Width": 0, "Actual Rows": 6451493, "Actual Loops": 2, "Inner Unique": false, "Merge Cond": "(u.id = v.userid)", "Workers": [], "Plans": [{"Node Type": "Nested Loop", "Parent Relationship": "Outer", "Parallel Aware": false, "Async Capable": false, "Join Type": "Inner", "Startup Cost": 9110.6, "Total Cost": 11532.49, "Plan Rows": 5.0, "Plan Width": 12, "Actual Rows": 2371708, "Actual Loops": 2, "Inner Unique": false, "Join Filter": "(c.userid = u.id)", "Rows Removed by Join Filter": 0, "Workers": [], "Plans": [{"Node Type": "Merge Join", "Parent Relationship": "Outer", "Parallel Aware": false, "Async Capable": false, "Join Type": "Inner", "Startup Cost": 9110.3, "Total Cost": 9362.13, "Plan Rows": 20.0, "Plan Width": 8, "Actual Rows": 10170, "Actual Loops": 2, "Inner Unique": true, "Merge Cond": "(ph.userid = u.id)", "Workers": [], "Plans": [{"Node Type": "Sort", "Parent Relationship": "Outer", "Parallel Aware": false, "Async Capable": false, "Startup Cost": 7950.58, "Total Cost": 8063.18, "Plan Rows": 45039, "Plan Width": 4, "Actual Rows": 34280, "Actual Loops": 2, "Sort Key": ["ph.userid"], "Sort Method": "quicksort", "Sort Space Used": 3073, "Sort Space Type": "Memory", "Workers": [{"Worker Number": 0, "Sort Method": "quicksort", "Sort Space Used": 97, "Sort Space Type": "Memory"}], "Plans": [{"Node Type": "Seq Scan", "Parent Relationship": "Outer", "Parallel Aware": true, "Async Capable": false, "Relation Name": "posthistory", "Alias": "ph", "Startup Cost": 0.0, "Total Cost": 4469.32, "Plan Rows": 45039, "Plan Width": 4, "Actual Rows": 38246, "Actual Loops": 2, "Filter": "(creationdate <= '2012-05-10 10:25:46'::timestamp without time zone)", "Rows Removed by Filter": 113347, "Workers": []}]}, {"Node Type": "Sort", "Parent Relationship": "Inner", "Parallel Aware": false, "Async Capable": false, "Startup Cost": 1159.72, "Total Cost": 1166.59, "Plan Rows": 2749, "Plan Width": 4, "Actual Rows": 2747, "Actual Loops": 2, "Sort Key": ["u.id"], "Sort Method": "quicksort", "Sort Space Used": 97, "Sort Space Type": "Memory", "Workers": [{"Worker Number": 0, "Sort Method": "quicksort", "Sort Space Used": 97, "Sort Space Type": "Memory"}], "Plans": [{"Node Type": "Seq Scan", "Parent Relationship": "Outer", "Parallel Aware": false, "Async Capable": false, "Relation Name": "users", "Alias": "u", "Startup Cost": 0.0, "Total Cost": 1002.69, "Plan Rows": 2749, "Plan Width": 4, "Actual Rows": 2750, "Actual Loops": 2, "Filter": "((upvotes <= 4041) AND (creationdate >= '2010-11-18 14:45:51'::timestamp without time zone) AND (creationdate <= '2011-08-23 15:04:19'::timestamp without time zone))", "Rows Removed by Filter": 37575, "Workers": []}]}]}, {"Node Type": "Index Scan", "Parent Relationship": "Inner", "Parallel Aware": false, "Async Capable": false, "Scan Direction": "Forward", "Index Name": "idx_comments_userid", "Relation Name": "comments", "Alias": "c", "Startup Cost": 0.29, "Total Cost": 0.63, "Plan Rows": 10, "Plan Width": 4, "Actual Rows": 233, "Actual Loops": 20340, "Index Cond": "(userid = ph.userid)", "Rows Removed by Index Recheck": 0, "Filter": "(score = 0)", "Rows Removed by Filter": 115, "Workers": []}]}, {"Node Type": "Materialize", "Parent Relationship": "Inner", "Parallel Aware": false, "Async Capable": false, "Startup Cost": 3221.09, "Total Cost": 4667.82, "Plan Rows": 577.0, "Plan Width": 8, "Actual Rows": 6452352, "Actual Loops": 2, "Workers": [], "Plans": [{"Node Type": "Merge Join", "Parent Relationship": "Outer", "Parallel Aware": false, "Async Capable": false, "Join Type": "Inner", "Startup Cost": 3221.09, "Total Cost": 4666.71, "Plan Rows": 577.0, "Plan Width": 8, "Actual Rows": 1150, "Actual Loops": 2, "Inner Unique": false, "Merge Cond": "(v.userid = p.owneruserid)", "Workers": [], "Plans": [{"Node Type": "Index Scan", "Parent Relationship": "Outer", "Parallel Aware": false, "Async Capable": false, "Scan Direction": "Forward", "Index Name": "idx_votes_userid", "Relation Name": "votes", "Alias": "v", "Startup Cost": 0.42, "Total Cost": 13242.63, "Plan Rows": 634, "Plan Width": 4, "Actual Rows": 327, "Actual Loops": 2, "Filter": "((bountyamount >= 47) AND (creationdate >= '2013-07-20 05:36:05'::timestamp without time zone))", "Rows Removed by Filter": 23486, "Workers": []}, {"Node Type": "Sort", "Parent Relationship": "Inner", "Parallel Aware": false, "Async Capable": false, "Startup Cost": 3220.67, "Total Cost": 3241.45, "Plan Rows": 8312, "Plan Width": 4, "Actual Rows": 6296, "Actual Loops": 2, "Sort Key": ["p.owneruserid"], "Sort Method": "quicksort", "Sort Space Used": 193, "Sort Space Type": "Memory", "Workers": [{"Worker Number": 0, "Sort Method": "quicksort", "Sort Space Used": 193, "Sort Space Type": "Memory"}], "Plans": [{"Node Type": "Seq Scan", "Parent Relationship": "Outer", "Parallel Aware": false, "Async Capable": false, "Relation Name": "posts", "Alias": "p", "Startup Cost": 0.0, "Total Cost": 2679.52, "Plan Rows": 8312, "Plan Width": 4, "Actual Rows": 6281, "Actual Loops": 2, "Filter": "((answercount >= 0) AND (answercount <= 114) AND (creationdate >= '2009-07-07 07:37:28'::timestamp without time zone) AND (creationdate <= '2011-12-09 17:19:18'::timestamp without time zone))", "Rows Removed by Filter": 85695, "Workers": []}]}]}]}]}]}]}]}, "Planning Time": 5.021, "Triggers": [], "Execution Time": 2405.665}, {"Plan": {"Node Type": "Aggregate", "Strategy": "Plain", "Partial Mode": "Simple", "Parallel Aware": false, "Async Capable": false, "Startup Cost": 30180.84, "Total Cost": 30180.85, "Plan Rows": 1, "Plan Width": 8, "Actual Rows": 1, "Actual Loops": 1, "Plans": [{"Node Type": "Merge Join", "Parent Relationship": "Outer", "Parallel Aware": false, "Async Capable": false, "Join Type": "Inner", "Startup Cost": 1161.16, "Total Cost": 27058.56, "Plan Rows": 1.0, "Plan Width": 0, "Actual Rows": 12902986, "Actual Loops": 1, "Inner Unique": false, "Merge Cond": "(c.userid = v.userid)", "Plans": [{"Node Type": "Nested Loop", "Parent Relationship": "Outer", "Parallel Aware": false, "Async Capable": false, "Join Type": "Inner", "Startup Cost": 0.6, "Total Cost": 15444.69, "Plan Rows": 5.0, "Plan Width": 8, "Actual Rows": 346529, "Actual Loops": 1, "Inner Unique": false, "Plans": [{"Node Type": "Index Scan", "Parent Relationship": "Outer", "Parallel Aware": false, "Async Capable": false, "Scan Direction": "Forward", "Index Name": "idx_posts_owneruserid", "Relation Name": "posts", "Alias": "p", "Startup Cost": 0.29, "Total Cost": 5013.43, "Plan Rows": 8312, "Plan Width": 4, "Actual Rows": 5273, "Actual Loops": 1, "Filter": "((answercount >= 0) AND (answercount <= 114) AND (creationdate >= '2009-07-07 07:37:28'::timestamp without time zone) AND (creationdate <= '2011-12-09 17:19:18'::timestamp without time zone))", "Rows Removed by Filter": 26888}, {"Node Type": "Memoize", "Parent Relationship": "Inner", "Parallel Aware": false, "Async Capable": false, "Startup Cost": 0.3, "Total Cost": 1.3, "Plan Rows": 10, "Plan Width": 4, "Actual Rows": 66, "Actual Loops": 5273, "Cache Key": "p.owneruserid", "Cache Mode": "logical", "Cache Hits": 3177, "Cache Misses": 2096, "Cache Evictions": 0, "Cache Overflows": 0, "Peak Memory Usage": 1647, "Plans": [{"Node Type": "Index Scan", "Parent Relationship": "Outer", "Parallel Aware": false, "Async Capable": false, "Scan Direction": "Forward", "Index Name": "idx_comments_userid", "Relation Name": "comments", "Alias": "c", "Startup Cost": 0.29, "Total Cost": 1.29, "Plan Rows": 10, "Plan Width": 4, "Actual Rows": 20, "Actual Loops": 2096, "Index Cond": "(userid = p.owneruserid)", "Rows Removed by Index Recheck": 0, "Filter": "(score = 0)", "Rows Removed by Filter": 8}]}]}, {"Node Type": "Materialize", "Parent Relationship": "Inner", "Parallel Aware": false, "Async Capable": false, "Startup Cost": 1160.56, "Total Cost": 2594.49, "Plan Rows": 91.0, "Plan Width": 12, "Actual Rows": 12903481, "Actual Loops": 1, "Plans": [{"Node Type": "Nested Loop", "Parent Relationship": "Outer", "Parallel Aware": false, "Async Capable": false, "Join Type": "Inner", "Startup Cost": 1160.56, "Total Cost": 2594.37, "Plan Rows": 91.0, "Plan Width": 12, "Actual Rows": 4540, "Actual Loops": 1, "Inner Unique": false, "Join Filter": "(ph.userid = v.userid)", "Rows Removed by Join Filter": 0, "Plans": [{"Node Type": "Merge Join", "Parent Relationship": "Outer", "Parallel Aware": false, "Async Capable": false, "Join Type": "Inner", "Startup Cost": 1160.14, "Total Cost": 2573.52, "Plan Rows": 159.0, "Plan Width": 8, "Actual Rows": 52, "Actual Loops": 1, "Inner Unique": true, "Merge Cond": "(v.userid = u.id)", "Plans": [{"Node Type": "Index Scan", "Parent Relationship": "Outer", "Parallel Aware": false, "Async Capable": false, "Scan Direction": "Forward", "Index Name": "idx_votes_userid", "Relation Name": "votes", "Alias": "v", "Startup Cost": 0.42, "Total Cost": 13242.63, "Plan Rows": 634, "Plan Width": 4, "Actual Rows": 323, "Actual Loops": 1, "Filter": "((bountyamount >= 47) AND (creationdate >= '2013-07-20 05:36:05'::timestamp without time zone))", "Rows Removed by Filter": 26792}, {"Node Type": "Sort", "Parent Relationship": "Inner", "Parallel Aware": false, "Async Capable": false, "Startup Cost": 1159.72, "Total Cost": 1166.59, "Plan Rows": 2749, "Plan Width": 4, "Actual Rows": 2750, "Actual Loops": 1, "Sort Key": ["u.id"], "Sort Method": "quicksort", "Sort Space Used": 97, "Sort Space Type": "Memory", "Plans": [{"Node Type": "Seq Scan", "Parent Relationship": "Outer", "Parallel Aware": false, "Async Capable": false, "Relation Name": "users", "Alias": "u", "Startup Cost": 0.0, "Total Cost": 1002.69, "Plan Rows": 2749, "Plan Width": 4, "Actual Rows": 2750, "Actual Loops": 1, "Filter": "((upvotes <= 4041) AND (creationdate >= '2010-11-18 14:45:51'::timestamp without time zone) AND (creationdate <= '2011-08-23 15:04:19'::timestamp without time zone))", "Rows Removed by Filter": 37575}]}]}, {"Node Type": "Index Scan", "Parent Relationship": "Inner", "Parallel Aware": false, "Async Capable": false, "Scan Direction": "Forward", "Index Name": "idx_posthistory_userid", "Relation Name": "posthistory", "Alias": "ph", "Startup Cost": 0.42, "Total Cost": 4.12, "Plan Rows": 4, "Plan Width": 4, "Actual Rows": 87, "Actual Loops": 52, "Index Cond": "(userid = u.id)", "Rows Removed by Index Recheck": 0, "Filter": "(creationdate <= '2012-05-10 10:25:46'::timestamp without time zone)", "Rows Removed by Filter": 101}]}]}]}]}, "Planning Time": 5.092, "Triggers": [], "Execution Time": 1161.941}, {"Plan": {"Node Type": "Aggregate", "Strategy": "Plain", "Partial Mode": "Simple", "Parallel Aware": false, "Async Capable": false, "Startup Cost": 38355.06, "Total Cost": 38355.07, "Plan Rows": 1, "Plan Width": 8, "Actual Rows": 1, "Actual Loops": 1, "Plans": [{"Node Type": "Merge Join", "Parent Relationship": "Outer", "Parallel Aware": false, "Async Capable": false, "Join Type": "Inner", "Startup Cost": 13331.7, "Total Cost": 35232.78, "Plan Rows": 1.0, "Plan Width": 0, "Actual Rows": 12902986, "Actual Loops": 1, "Inner Unique": false, "Merge Cond": "(v.userid = u.id)", "Plans": [{"Node Type": "Merge Join", "Parent Relationship": "Outer", "Parallel Aware": false, "Async Capable": false, "Join Type": "Inner", "Startup Cost": 3221.09, "Total Cost": 4666.71, "Plan Rows": 577.0, "Plan Width": 8, "Actual Rows": 1185, "Actual Loops": 1, "Inner Unique": false, "Merge Cond": "(v.userid = p.owneruserid)", "Plans": [{"Node Type": "Index Scan", "Parent Relationship": "Outer", "Parallel Aware": false, "Async Capable": false, "Scan Direction": "Forward", "Index Name": "idx_votes_userid", "Relation Name": "votes", "Alias": "v", "Startup Cost": 0.42, "Total Cost": 13242.63, "Plan Rows": 634, "Plan Width": 4, "Actual Rows": 519, "Actual Loops": 1, "Filter": "((bountyamount >= 47) AND (creationdate >= '2013-07-20 05:36:05'::timestamp without time zone))", "Rows Removed by Filter": 33942}, {"Node Type": "Sort", "Parent Relationship": "Inner", "Parallel Aware": false, "Async Capable": false, "Startup Cost": 3220.67, "Total Cost": 3241.45, "Plan Rows": 8312, "Plan Width": 4, "Actual Rows": 6642, "Actual Loops": 1, "Sort Key": ["p.owneruserid"], "Sort Method": "quicksort", "Sort Space Used": 193, "Sort Space Type": "Memory", "Plans": [{"Node Type": "Seq Scan", "Parent Relationship": "Outer", "Parallel Aware": false, "Async Capable": false, "Relation Name": "posts", "Alias": "p", "Startup Cost": 0.0, "Total Cost": 2679.52, "Plan Rows": 8312, "Plan Width": 4, "Actual Rows": 6281, "Actual Loops": 1, "Filter": "((answercount >= 0) AND (answercount <= 114) AND (creationdate >= '2009-07-07 07:37:28'::timestamp without time zone) AND (creationdate <= '2011-12-09 17:19:18'::timestamp without time zone))", "Rows Removed by Filter": 85695}]}]}, {"Node Type": "Materialize", "Parent Relationship": "Inner", "Parallel Aware": false, "Async Capable": false, "Startup Cost": 10110.61, "Total Cost": 23208.93, "Plan Rows": 5.0, "Plan Width": 12, "Actual Rows": 16804343, "Actual Loops": 1, "Plans": [{"Node Type": "Nested Loop", "Parent Relationship": "Outer", "Parallel Aware": false, "Async Capable": false, "Join Type": "Inner", "Startup Cost": 10110.61, "Total Cost": 14598.66, "Plan Rows": 5.0, "Plan Width": 12, "Actual Rows": 4743416, "Actual Loops": 1, "Inner Unique": false, "Join Filter": "(c.userid = u.id)", "Rows Removed by Join Filter": 0, "Plans": [{"Node Type": "Gather Merge", "Parent Relationship": "Outer", "Parallel Aware": false, "Async Capable": false, "Startup Cost": 10110.31, "Total Cost": 10908.44, "Plan Rows": 20.0, "Plan Width": 8, "Actual Rows": 20340, "Actual Loops": 1, "Workers Planned": 1, "Workers Launched": 1, "Plans": [{"Node Type": "Merge Join", "Parent Relationship": "Outer", "Parallel Aware": false, "Async Capable": false, "Join Type": "Inner", "Startup Cost": 9110.3, "Total Cost": 9362.13, "Plan Rows": 20.0, "Plan Width": 8, "Actual Rows": 10170, "Actual Loops": 2, "Inner Unique": true, "Merge Cond": "(ph.userid = u.id)", "Workers": [], "Plans": [{"Node Type": "Sort", "Parent Relationship": "Outer", "Parallel Aware": false, "Async Capable": false, "Startup Cost": 7950.58, "Total Cost": 8063.18, "Plan Rows": 45039, "Plan Width": 4, "Actual Rows": 34304, "Actual Loops": 2, "Sort Key": ["ph.userid"], "Sort Method": "quicksort", "Sort Space Used": 3073, "Sort Space Type": "Memory", "Workers": [{"Worker Number": 0, "Sort Method": "quicksort", "Sort Space Used": 49, "Sort Space Type": "Memory"}], "Plans": [{"Node Type": "Seq Scan", "Parent Relationship": "Outer", "Parallel Aware": true, "Async Capable": false, "Relation Name": "posthistory", "Alias": "ph", "Startup Cost": 0.0, "Total Cost": 4469.32, "Plan Rows": 45039, "Plan Width": 4, "Actual Rows": 38246, "Actual Loops": 2, "Filter": "(creationdate <= '2012-05-10 10:25:46'::timestamp without time zone)", "Rows Removed by Filter": 113347, "Workers": []}]}, {"Node Type": "Sort", "Parent Relationship": "Inner", "Parallel Aware": false, "Async Capable": false, "Startup Cost": 1159.72, "Total Cost": 1166.59, "Plan Rows": 2749, "Plan Width": 4, "Actual Rows": 2747, "Actual Loops": 2, "Sort Key": ["u.id"], "Sort Method": "quicksort", "Sort Space Used": 97, "Sort Space Type": "Memory", "Workers": [{"Worker Number": 0, "Sort Method": "quicksort", "Sort Space Used": 97, "Sort Space Type": "Memory"}], "Plans": [{"Node Type": "Seq Scan", "Parent Relationship": "Outer", "Parallel Aware": false, "Async Capable": false, "Relation Name": "users", "Alias": "u", "Startup Cost": 0.0, "Total Cost": 1002.69, "Plan Rows": 2749, "Plan Width": 4, "Actual Rows": 2750, "Actual Loops": 2, "Filter": "((upvotes <= 4041) AND (creationdate >= '2010-11-18 14:45:51'::timestamp without time zone) AND (creationdate <= '2011-08-23 15:04:19'::timestamp without time zone))", "Rows Removed by Filter": 37575, "Workers": []}]}]}]}, {"Node Type": "Index Scan", "Parent Relationship": "Inner", "Parallel Aware": false, "Async Capable": false, "Scan Direction": "Forward", "Index Name": "idx_comments_userid", "Relation Name": "comments", "Alias": "c", "Startup Cost": 0.29, "Total Cost": 0.63, "Plan Rows": 10, "Plan Width": 4, "Actual Rows": 233, "Actual Loops": 20340, "Index Cond": "(userid = ph.userid)", "Rows Removed by Index Recheck": 0, "Filter": "(score = 0)", "Rows Removed by Filter": 115}]}]}]}]}, "Planning Time": 4.893, "Triggers": [], "Execution Time": 3398.573}, {"Plan": {"Node Type": "Aggregate", "Strategy": "Plain", "Partial Mode": "Simple", "Parallel Aware": false, "Async Capable": false, "Startup Cost": 3952123.67, "Total Cost": 3952123.68, "Plan Rows": 1, "Plan Width": 8, "Plans": [{"Node Type": "Merge Join", "Parent Relationship": "Outer", "Parallel Aware": false, "Async Capable": false, "Join Type": "Inner", "Startup Cost": 1161.17, "Total Cost": 3949001.39, "Plan Rows": 1.0, "Plan Width": 0, "Inner Unique": false, "Merge Cond": "(c.userid = v.userid)", "Plans": [{"Node Type": "Nested Loop", "Parent Relationship": "Outer", "Parallel Aware": false, "Async Capable": false, "Join Type": "Inner", "Startup Cost": 1.03, "Total Cost": 199496.5, "Plan Rows": 6.0, "Plan Width": 12, "Inner Unique": false, "Plans": [{"Node Type": "Nested Loop", "Parent Relationship": "Outer", "Parallel Aware": false, "Async Capable": false, "Join Type": "Inner", "Startup Cost": 0.72, "Total Cost": 19468.47, "Plan Rows": 45.0, "Plan Width": 8, "Inner Unique": false, "Plans": [{"Node Type": "Index Scan", "Parent Relationship": "Outer", "Parallel Aware": false, "Async Capable": false, "Scan Direction": "Forward", "Index Name": "idx_posts_owneruserid", "Relation Name": "posts", "Alias": "p", "Startup Cost": 0.29, "Total Cost": 5013.43, "Plan Rows": 8312, "Plan Width": 4, "Filter": "((answercount >= 0) AND (answercount <= 114) AND (creationdate >= '2009-07-07 07:37:28'::timestamp without time zone) AND (creationdate <= '2011-12-09 17:19:18'::timestamp without time zone))"}, {"Node Type": "Memoize", "Parent Relationship": "Inner", "Parallel Aware": false, "Async Capable": false, "Startup Cost": 0.43, "Total Cost": 1.95, "Plan Rows": 4, "Plan Width": 4, "Cache Key": "p.owneruserid", "Cache Mode": "logical", "Plans": [{"Node Type": "Index Scan", "Parent Relationship": "Outer", "Parallel Aware": false, "Async Capable": false, "Scan Direction": "Forward", "Index Name": "idx_posthistory_userid", "Relation Name": "posthistory", "Alias": "ph", "Startup Cost": 0.42, "Total Cost": 1.94, "Plan Rows": 4, "Plan Width": 4, "Index Cond": "(userid = p.owneruserid)", "Filter": "(creationdate <= '2012-05-10 10:25:46'::timestamp without time zone)"}]}]}, {"Node Type": "Memoize", "Parent Relationship": "Inner", "Parallel Aware": false, "Async Capable": false, "Startup Cost": 0.3, "Total Cost": 1.3, "Plan Rows": 10, "Plan Width": 4, "Cache Key": "p.owneruserid", "Cache Mode": "logical", "Plans": [{"Node Type": "Index Scan", "Parent Relationship": "Outer", "Parallel Aware": false, "Async Capable": false, "Scan Direction": "Forward", "Index Name": "idx_comments_userid", "Relation Name": "comments", "Alias": "c", "Startup Cost": 0.29, "Total Cost": 1.29, "Plan Rows": 10, "Plan Width": 4, "Index Cond": "(userid = p.owneruserid)", "Filter": "(score = 0)"}]}]}, {"Node Type": "Materialize", "Parent Relationship": "Inner", "Parallel Aware": false, "Async Capable": false, "Startup Cost": 1160.14, "Total Cost": 2573.53, "Plan Rows": 159.0, "Plan Width": 8, "Plans": [{"Node Type": "Merge Join", "Parent Relationship": "Outer", "Parallel Aware": false, "Async Capable": false, "Join Type": "Inner", "Startup Cost": 1160.14, "Total Cost": 2573.52, "Plan Rows": 159.0, "Plan Width": 8, "Inner Unique": true, "Merge Cond": "(v.userid = u.id)", "Plans": [{"Node Type": "Index Scan", "Parent Relationship": "Outer", "Parallel Aware": false, "Async Capable": false, "Scan Direction": "Forward", "Index Name": "idx_votes_userid", "Relation Name": "votes", "Alias": "v", "Startup Cost": 0.42, "Total Cost": 13242.63, "Plan Rows": 634, "Plan Width": 4, "Filter": "((bountyamount >= 47) AND (creationdate >= '2013-07-20 05:36:05'::timestamp without time zone))"}, {"Node Type": "Sort", "Parent Relationship": "Inner", "Parallel Aware": false, "Async Capable": false, "Startup Cost": 1159.72, "Total Cost": 1166.59, "Plan Rows": 2749, "Plan Width": 4, "Sort Key": ["u.id"], "Plans": [{"Node Type": "Seq Scan", "Parent Relationship": "Outer", "Parallel Aware": false, "Async Capable": false, "Relation Name": "users", "Alias": "u", "Startup Cost": 0.0, "Total Cost": 1002.69, "Plan Rows": 2749, "Plan Width": 4, "Filter": "((upvotes <= 4041) AND (creationdate >= '2010-11-18 14:45:51'::timestamp without time zone) AND (creationdate <= '2011-08-23 15:04:19'::timestamp without time zone))"}]}]}]}]}]}, "Timeout Time": 8938.088}, {"Plan": {"Node Type": "Aggregate", "Strategy": "Plain", "Partial Mode": "Finalize", "Parallel Aware": false, "Async Capable": false, "Startup Cost": 5408.75, "Total Cost": 5408.76, "Plan Rows": 1, "Plan Width": 8, "Actual Rows": 1, "Actual Loops": 1, "Plans": [{"Node Type": "Gather", "Parent Relationship": "Outer", "Parallel Aware": false, "Async Capable": false, "Startup Cost": 5408.64, "Total Cost": 5408.75, "Plan Rows": 1, "Plan Width": 8, "Actual Rows": 2, "Actual Loops": 1, "Workers Planned": 1, "Workers Launched": 1, "Single Copy": false, "Plans": [{"Node Type": "Aggregate", "Strategy": "Plain", "Partial Mode": "Partial", "Parent Relationship": "Outer", "Parallel Aware": false, "Async Capable": false, "Startup Cost": 4408.64, "Total Cost": 4408.65, "Plan Rows": 1, "Plan Width": 8, "Actual Rows": 1, "Actual Loops": 2, "Workers": [], "Plans": [{"Node Type": "Nested Loop", "Parent Relationship": "Outer", "Parallel Aware": false, "Async Capable": false, "Join Type": "Inner", "Startup Cost": 1161.15, "Total Cost": 2572.0, "Plan Rows": 1.0, "Plan Width": 0, "Actual Rows": 6451493, "Actual Loops": 2, "Inner Unique": false, "Join Filter": "(c.userid = v.userid)", "Rows Removed by Join Filter": 0, "Workers": [], "Plans": [{"Node Type": "Nested Loop", "Parent Relationship": "Outer", "Parallel Aware": false, "Async Capable": false, "Join Type": "Inner", "Startup Cost": 1160.86, "Total Cost": 2356.18, "Plan Rows": 10.0, "Plan Width": 16, "Actual Rows": 31416, "Actual Loops": 2, "Inner Unique": false, "Join Filter": "(ph.userid = v.userid)", "Rows Removed by Join Filter": 0, "Workers": [], "Plans": [{"Node Type": "Nested Loop", "Parent Relationship": "Outer", "Parallel Aware": false, "Async Capable": false, "Join Type": "Inner", "Startup Cost": 1160.43, "Total Cost": 2352.21, "Plan Rows": 14.0, "Plan Width": 12, "Actual Rows": 210, "Actual Loops": 2, "Inner Unique": false, "Join Filter": "(p.owneruserid = v.userid)", "Rows Removed by Join Filter": 0, "Workers": [], "Plans": [{"Node Type": "Merge Join", "Parent Relationship": "Outer", "Parallel Aware": false, "Async Capable": false, "Join Type": "Inner", "Startup Cost": 1160.14, "Total Cost": 2346.73, "Plan Rows": 159.0, "Plan Width": 8, "Actual Rows": 26, "Actual Loops": 2, "Inner Unique": true, "Merge Cond": "(v.userid = u.id)", "Workers": [], "Plans": [{"Node Type": "Index Scan", "Parent Relationship": "Outer", "Parallel Aware": true, "Async Capable": false, "Scan Direction": "Forward", "Index Name": "idx_votes_userid", "Relation Name": "votes", "Alias": "v", "Startup Cost": 0.42, "Total Cost": 11216.36, "Plan Rows": 373, "Plan Width": 4, "Actual Rows": 162, "Actual Loops": 2, "Filter": "((bountyamount >= 47) AND (creationdate >= '2013-07-20 05:36:05'::timestamp without time zone))", "Rows Removed by Filter": 13449, "Workers": []}, {"Node Type": "Sort", "Parent Relationship": "Inner", "Parallel Aware": false, "Async Capable": false, "Startup Cost": 1159.72, "Total Cost": 1166.59, "Plan Rows": 2749, "Plan Width": 4, "Actual Rows": 2750, "Actual Loops": 2, "Sort Key": ["u.id"], "Sort Method": "quicksort", "Sort Space Used": 97, "Sort Space Type": "Memory", "Workers": [{"Worker Number": 0, "Sort Method": "quicksort", "Sort Space Used": 97, "Sort Space Type": "Memory"}], "Plans": [{"Node Type": "Seq Scan", "Parent Relationship": "Outer", "Parallel Aware": false, "Async Capable": false, "Relation Name": "users", "Alias": "u", "Startup Cost": 0.0, "Total Cost": 1002.69, "Plan Rows": 2749, "Plan Width": 4, "Actual Rows": 2750, "Actual Loops": 2, "Filter": "((upvotes <= 4041) AND (creationdate >= '2010-11-18 14:45:51'::timestamp without time zone) AND (creationdate <= '2011-08-23 15:04:19'::timestamp without time zone))", "Rows Removed by Filter": 37575, "Workers": []}]}]}, {"Node Type": "Index Scan", "Parent Relationship": "Inner", "Parallel Aware": false, "Async Capable": false, "Scan Direction": "Forward", "Index Name": "idx_posts_owneruserid", "Relation Name": "posts", "Alias": "p", "Startup Cost": 0.29, "Total Cost": 1.81, "Plan Rows": 1, "Plan Width": 4, "Actual Rows": 8, "Actual Loops": 52, "Index Cond": "(owneruserid = u.id)", "Rows Removed by Index Recheck": 0, "Filter": "((answercount >= 0) AND (answercount <= 114) AND (creationdate >= '2009-07-07 07:37:28'::timestamp without time zone) AND (creationdate <= '2011-12-09 17:19:18'::timestamp without time zone))", "Rows Removed by Filter": 66, "Workers": []}]}, {"Node Type": "Index Scan", "Parent Relationship": "Inner", "Parallel Aware": false, "Async Capable": false, "Scan Direction": "Forward", "Index Name": "idx_posthistory_userid", "Relation Name": "posthistory", "Alias": "ph", "Startup Cost": 0.42, "Total Cost": 1.94, "Plan Rows": 4, "Plan Width": 4, "Actual Rows": 150, "Actual Loops": 419, "Index Cond": "(userid = p.owneruserid)", "Rows Removed by Index Recheck": 0, "Filter": "(creationdate <= '2012-05-10 10:25:46'::timestamp without time zone)", "Rows Removed by Filter": 101, "Workers": []}]}, {"Node Type": "Index Scan", "Parent Relationship": "Inner", "Parallel Aware": false, "Async Capable": false, "Scan Direction": "Forward", "Index Name": "idx_comments_userid", "Relation Name": "comments", "Alias": "c", "Startup Cost": 0.29, "Total Cost": 0.63, "Plan Rows": 10, "Plan Width": 4, "Actual Rows": 205, "Actual Loops": 62833, "Index Cond": "(userid = ph.userid)", "Rows Removed by Index Recheck": 0, "Filter": "(score = 0)", "Rows Removed by Filter": 51, "Workers": []}]}]}]}]}, "Planning Time": 9.906, "Triggers": [], "Execution Time": 2211.097}, {"Plan": {"Node Type": "Aggregate", "Strategy": "Plain", "Partial Mode": "Finalize", "Parallel Aware": false, "Async Capable": false, "Startup Cost": 11811.82, "Total Cost": 11811.83, "Plan Rows": 1, "Plan Width": 8, "Actual Rows": 1, "Actual Loops": 1, "Plans": [{"Node Type": "Gather", "Parent Relationship": "Outer", "Parallel Aware": false, "Async Capable": false, "Startup Cost": 11811.71, "Total Cost": 11811.82, "Plan Rows": 1, "Plan Width": 8, "Actual Rows": 2, "Actual Loops": 1, "Workers Planned": 1, "Workers Launched": 1, "Single Copy": false, "Plans": [{"Node Type": "Aggregate", "Strategy": "Plain", "Partial Mode": "Partial", "Parent Relationship": "Outer", "Parallel Aware": false, "Async Capable": false, "Startup Cost": 10811.71, "Total Cost": 10811.72, "Plan Rows": 1, "Plan Width": 8, "Actual Rows": 1, "Actual Loops": 2, "Workers": [], "Plans": [{"Node Type": "Merge Join", "Parent Relationship": "Outer", "Parallel Aware": false, "Async Capable": false, "Join Type": "Inner", "Startup Cost": 1161.15, "Total Cost": 8975.07, "Plan Rows": 1.0, "Plan Width": 0, "Actual Rows": 6451493, "Actual Loops": 2, "Inner Unique": false, "Merge Cond": "(c.userid = v.userid)", "Workers": [], "Plans": [{"Node Type": "Index Scan", "Parent Relationship": "Outer", "Parallel Aware": true, "Async Capable": false, "Scan Direction": "Forward", "Index Name": "idx_comments_userid", "Relation Name": "comments", "Alias": "c", "Startup Cost": 0.29, "Total Cost": 7361.8, "Plan Rows": 79345, "Plan Width": 4, "Actual Rows": 28664, "Actual Loops": 2, "Filter": "(score = 0)", "Rows Removed by Filter": 11965, "Workers": []}, {"Node Type": "Materialize", "Parent Relationship": "Inner", "Parallel Aware": false, "Async Capable": false, "Startup Cost": 1160.86, "Total Cost": 2589.82, "Plan Rows": 10.0, "Plan Width": 16, "Actual Rows": 6482896, "Actual Loops": 2, "Workers": [], "Plans": [{"Node Type": "Nested Loop", "Parent Relationship": "Outer", "Parallel Aware": false, "Async Capable": false, "Join Type": "Inner", "Startup Cost": 1160.86, "Total Cost": 2588.61, "Plan Rows": 10.0, "Plan Width": 16, "Actual Rows": 62833, "Actual Loops": 2, "Inner Unique": false, "Join Filter": "(ph.userid = v.userid)", "Rows Removed by Join Filter": 0, "Workers": [], "Plans": [{"Node Type": "Nested Loop", "Parent Relationship": "Outer", "Parallel Aware": false, "Async Capable": false, "Join Type": "Inner", "Startup Cost": 1160.43, "Total Cost": 2582.65, "Plan Rows": 14.0, "Plan Width": 12, "Actual Rows": 419, "Actual Loops": 2, "Inner Unique": false, "Join Filter": "(p.owneruserid = v.userid)", "Rows Removed by Join Filter": 0, "Workers": [], "Plans": [{"Node Type": "Merge Join", "Parent Relationship": "Outer", "Parallel Aware": false, "Async Capable": false, "Join Type": "Inner", "Startup Cost": 1160.14, "Total Cost": 2573.52, "Plan Rows": 159.0, "Plan Width": 8, "Actual Rows": 52, "Actual Loops": 2, "Inner Unique": true, "Merge Cond": "(v.userid = u.id)", "Workers": [], "Plans": [{"Node Type": "Index Scan", "Parent Relationship": "Outer", "Parallel Aware": false, "Async Capable": false, "Scan Direction": "Forward", "Index Name": "idx_votes_userid", "Relation Name": "votes", "Alias": "v", "Startup Cost": 0.42, "Total Cost": 13242.63, "Plan Rows": 634, "Plan Width": 4, "Actual Rows": 323, "Actual Loops": 2, "Filter": "((bountyamount >= 47) AND (creationdate >= '2013-07-20 05:36:05'::timestamp without time zone))", "Rows Removed by Filter": 26792, "Workers": []}, {"Node Type": "Sort", "Parent Relationship": "Inner", "Parallel Aware": false, "Async Capable": false, "Startup Cost": 1159.72, "Total Cost": 1166.59, "Plan Rows": 2749, "Plan Width": 4, "Actual Rows": 2750, "Actual Loops": 2, "Sort Key": ["u.id"], "Sort Method": "quicksort", "Sort Space Used": 97, "Sort Space Type": "Memory", "Workers": [{"Worker Number": 0, "Sort Method": "quicksort", "Sort Space Used": 97, "Sort Space Type": "Memory"}], "Plans": [{"Node Type": "Seq Scan", "Parent Relationship": "Outer", "Parallel Aware": false, "Async Capable": false, "Relation Name": "users", "Alias": "u", "Startup Cost": 0.0, "Total Cost": 1002.69, "Plan Rows": 2749, "Plan Width": 4, "Actual Rows": 2750, "Actual Loops": 2, "Filter": "((upvotes <= 4041) AND (creationdate >= '2010-11-18 14:45:51'::timestamp without time zone) AND (creationdate <= '2011-08-23 15:04:19'::timestamp without time zone))", "Rows Removed by Filter": 37575, "Workers": []}]}]}, {"Node Type": "Index Scan", "Parent Relationship": "Inner", "Parallel Aware": false, "Async Capable": false, "Scan Direction": "Forward", "Index Name": "idx_posts_owneruserid", "Relation Name": "posts", "Alias": "p", "Startup Cost": 0.29, "Total Cost": 1.81, "Plan Rows": 1, "Plan Width": 4, "Actual Rows": 8, "Actual Loops": 104, "Index Cond": "(owneruserid = u.id)", "Rows Removed by Index Recheck": 0, "Filter": "((answercount >= 0) AND (answercount <= 114) AND (creationdate >= '2009-07-07 07:37:28'::timestamp without time zone) AND (creationdate <= '2011-12-09 17:19:18'::timestamp without time zone))", "Rows Removed by Filter": 66, "Workers": []}]}, {"Node Type": "Index Scan", "Parent Relationship": "Inner", "Parallel Aware": false, "Async Capable": false, "Scan Direction": "Forward", "Index Name": "idx_posthistory_userid", "Relation Name": "posthistory", "Alias": "ph", "Startup Cost": 0.42, "Total Cost": 1.94, "Plan Rows": 4, "Plan Width": 4, "Actual Rows": 150, "Actual Loops": 838, "Index Cond": "(userid = p.owneruserid)", "Rows Removed by Index Recheck": 0, "Filter": "(creationdate <= '2012-05-10 10:25:46'::timestamp without time zone)", "Rows Removed by Filter": 101, "Workers": []}]}]}]}]}]}]}, "Planning Time": 10.25, "Triggers": [], "Execution Time": 655.357}, {"Plan": {"Node Type": "Aggregate", "Strategy": "Plain", "Partial Mode": "Finalize", "Parallel Aware": false, "Async Capable": false, "Startup Cost": 11815.36, "Total Cost": 11815.37, "Plan Rows": 1, "Plan Width": 8, "Actual Rows": 1, "Actual Loops": 1, "Plans": [{"Node Type": "Gather", "Parent Relationship": "Outer", "Parallel Aware": false, "Async Capable": false, "Startup Cost": 11815.24, "Total Cost": 11815.35, "Plan Rows": 1, "Plan Width": 8, "Actual Rows": 2, "Actual Loops": 1, "Workers Planned": 1, "Workers Launched": 1, "Single Copy": false, "Plans": [{"Node Type": "Aggregate", "Strategy": "Plain", "Partial Mode": "Partial", "Parent Relationship": "Outer", "Parallel Aware": false, "Async Capable": false, "Startup Cost": 10815.24, "Total Cost": 10815.25, "Plan Rows": 1, "Plan Width": 8, "Actual Rows": 1, "Actual Loops": 2, "Workers": [], "Plans": [{"Node Type": "Merge Join", "Parent Relationship": "Outer", "Parallel Aware": false, "Async Capable": false, "Join Type": "Inner", "Startup Cost": 8729.73, "Total Cost": 8978.61, "Plan Rows": 1.0, "Plan Width": 0, "Actual Rows": 6451493, "Actual Loops": 2, "Inner Unique": false, "Merge Cond": "(v.userid = u.id)", "Workers": [], "Plans": [{"Node Type": "Nested Loop", "Parent Relationship": "Outer", "Parallel Aware": false, "Async Capable": false, "Join Type": "Inner", "Startup Cost": 3221.52, "Total Cost": 4960.76, "Plan Rows": 253.0, "Plan Width": 12, "Actual Rows": 218483, "Actual Loops": 2, "Inner Unique": false, "Join Filter": "(ph.userid = v.userid)", "Rows Removed by Join Filter": 0, "Workers": [], "Plans": [{"Node Type": "Merge Join", "Parent Relationship": "Outer", "Parallel Aware": false, "Async Capable": false, "Join Type": "Inner", "Startup Cost": 3221.09, "Total Cost": 4438.09, "Plan Rows": 577.0, "Plan Width": 8, "Actual Rows": 592, "Actual Loops": 2, "Inner Unique": false, "Merge Cond": "(v.userid = p.owneruserid)", "Workers": [], "Plans": [{"Node Type": "Index Scan", "Parent Relationship": "Outer", "Parallel Aware": true, "Async Capable": false, "Scan Direction": "Forward", "Index Name": "idx_votes_userid", "Relation Name": "votes", "Alias": "v", "Startup Cost": 0.42, "Total Cost": 11216.36, "Plan Rows": 373, "Plan Width": 4, "Actual Rows": 260, "Actual Loops": 2, "Filter": "((bountyamount >= 47) AND (creationdate >= '2013-07-20 05:36:05'::timestamp without time zone))", "Rows Removed by Filter": 17004, "Workers": []}, {"Node Type": "Sort", "Parent Relationship": "Inner", "Parallel Aware": false, "Async Capable": false, "Startup Cost": 3220.67, "Total Cost": 3241.45, "Plan Rows": 8312, "Plan Width": 4, "Actual Rows": 6286, "Actual Loops": 2, "Sort Key": ["p.owneruserid"], "Sort Method": "quicksort", "Sort Space Used": 193, "Sort Space Type": "Memory", "Workers": [{"Worker Number": 0, "Sort Method": "quicksort", "Sort Space Used": 193, "Sort Space Type": "Memory"}], "Plans": [{"Node Type": "Seq Scan", "Parent Relationship": "Outer", "Parallel Aware": false, "Async Capable": false, "Relation Name": "posts", "Alias": "p", "Startup Cost": 0.0, "Total Cost": 2679.52, "Plan Rows": 8312, "Plan Width": 4, "Actual Rows": 6281, "Actual Loops": 2, "Filter": "((answercount >= 0) AND (answercount <= 114) AND (creationdate >= '2009-07-07 07:37:28'::timestamp without time zone) AND (creationdate <= '2011-12-09 17:19:18'::timestamp without time zone))", "Rows Removed by Filter": 85695, "Workers": []}]}]}, {"Node Type": "Index Scan", "Parent Relationship": "Inner", "Parallel Aware": false, "Async Capable": false, "Scan Direction": "Forward", "Index Name": "idx_posthistory_userid", "Relation Name": "posthistory", "Alias": "ph", "Startup Cost": 0.42, "Total Cost": 1.94, "Plan Rows": 4, "Plan Width": 4, "Actual Rows": 369, "Actual Loops": 1185, "Index Cond": "(userid = p.owneruserid)", "Rows Removed by Index Recheck": 0, "Filter": "(creationdate <= '2012-05-10 10:25:46'::timestamp without time zone)", "Rows Removed by Filter": 319, "Workers": []}]}, {"Node Type": "Sort", "Parent Relationship": "Inner", "Parallel Aware": false, "Async Capable": false, "Startup Cost": 5508.22, "Total Cost": 5530.82, "Plan Rows": 3.0, "Plan Width": 8, "Actual Rows": 6471142, "Actual Loops": 2, "Sort Key": ["c.userid"], "Sort Method": "quicksort", "Sort Space Used": 1446, "Sort Space Type": "Memory", "Workers": [{"Worker Number": 0, "Sort Method": "quicksort", "Sort Space Used": 1446, "Sort Space Type": "Memory"}], "Plans": [{"Node Type": "Hash Join", "Parent Relationship": "Outer", "Parallel Aware": false, "Async Capable": false, "Join Type": "Inner", "Startup Cost": 1037.05, "Total Cost": 4913.97, "Plan Rows": 3.0, "Plan Width": 8, "Actual Rows": 21677, "Actual Loops": 2, "Inner Unique": true, "Hash Cond": "(c.userid = u.id)", "Workers": [], "Plans": [{"Node Type": "Seq Scan", "Parent Relationship": "Outer", "Parallel Aware": false, "Async Capable": false, "Relation Name": "comments", "Alias": "c", "Startup Cost": 0.0, "Total Cost": 3522.81, "Plan Rows": 134887, "Plan Width": 4, "Actual Rows": 134887, "Actual Loops": 2, "Filter": "(score = 0)", "Rows Removed by Filter": 39418, "Workers": []}, {"Node Type": "Hash", "Parent Relationship": "Inner", "Parallel Aware": false, "Async Capable": false, "Startup Cost": 1002.69, "Total Cost": 1002.69, "Plan Rows": 2749, "Plan Width": 4, "Actual Rows": 2750, "Actual Loops": 2, "Hash Buckets": 4096, "Original Hash Buckets": 4096, "Hash Batches": 1, "Original Hash Batches": 1, "Peak Memory Usage": 129, "Workers": [], "Plans": [{"Node Type": "Seq Scan", "Parent Relationship": "Outer", "Parallel Aware": false, "Async Capable": false, "Relation Name": "users", "Alias": "u", "Startup Cost": 0.0, "Total Cost": 1002.69, "Plan Rows": 2749, "Plan Width": 4, "Actual Rows": 2750, "Actual Loops": 2, "Filter": "((upvotes <= 4041) AND (creationdate >= '2010-11-18 14:45:51'::timestamp without time zone) AND (creationdate <= '2011-08-23 15:04:19'::timestamp without time zone))", "Rows Removed by Filter": 37575, "Workers": []}]}]}]}]}]}]}]}, "Planning Time": 4.811, "Triggers": [], "Execution Time": 748.255}, {"Plan": {"Node Type": "Aggregate", "Strategy": "Plain", "Partial Mode": "Finalize", "Parallel Aware": false, "Async Capable": false, "Startup Cost": 10576.45, "Total Cost": 10576.46, "Plan Rows": 1, "Plan Width": 8, "Actual Rows": 1, "Actual Loops": 1, "Plans": [{"Node Type": "Gather", "Parent Relationship": "Outer", "Parallel Aware": false, "Async Capable": false, "Startup Cost": 10576.34, "Total Cost": 10576.45, "Plan Rows": 1, "Plan Width": 8, "Actual Rows": 2, "Actual Loops": 1, "Workers Planned": 1, "Workers Launched": 1, "Single Copy": false, "Plans": [{"Node Type": "Aggregate", "Strategy": "Plain", "Partial Mode": "Partial", "Parent Relationship": "Outer", "Parallel Aware": false, "Async Capable": false, "Startup Cost": 9576.34, "Total Cost": 9576.35, "Plan Rows": 1, "Plan Width": 8, "Actual Rows": 1, "Actual Loops": 2, "Workers": [], "Plans": [{"Node Type": "Merge Join", "Parent Relationship": "Outer", "Parallel Aware": false, "Async Capable": false, "Join Type": "Inner", "Startup Cost": 7421.69, "Total Cost": 7739.7, "Plan Rows": 1.0, "Plan Width": 0, "Actual Rows": 6451493, "Actual Loops": 2, "Inner Unique": false, "Merge Cond": "(u.id = v.userid)", "Workers": [], "Plans": [{"Node Type": "Sort", "Parent Relationship": "Outer", "Parallel Aware": false, "Async Capable": false, "Startup Cost": 4200.17, "Total Cost": 4213.47, "Plan Rows": 3.0, "Plan Width": 8, "Actual Rows": 10796, "Actual Loops": 2, "Sort Key": ["c.userid"], "Sort Method": "quicksort", "Sort Space Used": 1376, "Sort Space Type": "Memory", "Workers": [{"Worker Number": 0, "Sort Method": "quicksort", "Sort Space Used": 166, "Sort Space Type": "Memory"}], "Plans": [{"Node Type": "Hash Join", "Parent Relationship": "Outer", "Parallel Aware": false, "Async Capable": false, "Join Type": "Inner", "Startup Cost": 1037.05, "Total Cost": 3871.01, "Plan Rows": 3.0, "Plan Width": 8, "Actual Rows": 10838, "Actual Loops": 2, "Inner Unique": true, "Hash Cond": "(c.userid = u.id)", "Workers": [], "Plans": [{"Node Type": "Seq Scan", "Parent Relationship": "Outer", "Parallel Aware": true, "Async Capable": false, "Relation Name": "comments", "Alias": "c", "Startup Cost": 0.0, "Total Cost": 2625.65, "Plan Rows": 79345, "Plan Width": 4, "Actual Rows": 67444, "Actual Loops": 2, "Filter": "(score = 0)", "Rows Removed by Filter": 19709, "Workers": []}, {"Node Type": "Hash", "Parent Relationship": "Inner", "Parallel Aware": false, "Async Capable": false, "Startup Cost": 1002.69, "Total Cost": 1002.69, "Plan Rows": 2749, "Plan Width": 4, "Actual Rows": 2750, "Actual Loops": 2, "Hash Buckets": 4096, "Original Hash Buckets": 4096, "Hash Batches": 1, "Original Hash Batches": 1, "Peak Memory Usage": 129, "Workers": [], "Plans": [{"Node Type": "Seq Scan", "Parent Relationship": "Outer", "Parallel Aware": false, "Async Capable": false, "Relation Name": "users", "Alias": "u", "Startup Cost": 0.0, "Total Cost": 1002.69, "Plan Rows": 2749, "Plan Width": 4, "Actual Rows": 2750, "Actual Loops": 2, "Filter": "((upvotes <= 4041) AND (creationdate >= '2010-11-18 14:45:51'::timestamp without time zone) AND (creationdate <= '2011-08-23 15:04:19'::timestamp without time zone))", "Rows Removed by Filter": 37575, "Workers": []}]}]}]}, {"Node Type": "Materialize", "Parent Relationship": "Inner", "Parallel Aware": false, "Async Capable": false, "Startup Cost": 3221.52, "Total Cost": 5722.09, "Plan Rows": 253.0, "Plan Width": 12, "Actual Rows": 6825695, "Actual Loops": 2, "Workers": [], "Plans": [{"Node Type": "Nested Loop", "Parent Relationship": "Outer", "Parallel Aware": false, "Async Capable": false, "Join Type": "Inner", "Startup Cost": 3221.52, "Total Cost": 5555.05, "Plan Rows": 253.0, "Plan Width": 12, "Actual Rows": 436966, "Actual Loops": 2, "Inner Unique": false, "Join Filter": "(ph.userid = v.userid)", "Rows Removed by Join Filter": 0, "Workers": [], "Plans": [{"Node Type": "Merge Join", "Parent Relationship": "Outer", "Parallel Aware": false, "Async Capable": false, "Join Type": "Inner", "Startup Cost": 3221.09, "Total Cost": 4666.71, "Plan Rows": 577.0, "Plan Width": 8, "Actual Rows": 1185, "Actual Loops": 2, "Inner Unique": false, "Merge Cond": "(v.userid = p.owneruserid)", "Workers": [], "Plans": [{"Node Type": "Index Scan", "Parent Relationship": "Outer", "Parallel Aware": false, "Async Capable": false, "Scan Direction": "Forward", "Index Name": "idx_votes_userid", "Relation Name": "votes", "Alias": "v", "Startup Cost": 0.42, "Total Cost": 13242.63, "Plan Rows": 634, "Plan Width": 4, "Actual Rows": 519, "Actual Loops": 2, "Filter": "((bountyamount >= 47) AND (creationdate >= '2013-07-20 05:36:05'::timestamp without time zone))", "Rows Removed by Filter": 33942, "Workers": []}, {"Node Type": "Sort", "Parent Relationship": "Inner", "Parallel Aware": false, "Async Capable": false, "Startup Cost": 3220.67, "Total Cost": 3241.45, "Plan Rows": 8312, "Plan Width": 4, "Actual Rows": 6642, "Actual Loops": 2, "Sort Key": ["p.owneruserid"], "Sort Method": "quicksort", "Sort Space Used": 193, "Sort Space Type": "Memory", "Workers": [{"Worker Number": 0, "Sort Method": "quicksort", "Sort Space Used": 193, "Sort Space Type": "Memory"}], "Plans": [{"Node Type": "Seq Scan", "Parent Relationship": "Outer", "Parallel Aware": false, "Async Capable": false, "Relation Name": "posts", "Alias": "p", "Startup Cost": 0.0, "Total Cost": 2679.52, "Plan Rows": 8312, "Plan Width": 4, "Actual Rows": 6281, "Actual Loops": 2, "Filter": "((answercount >= 0) AND (answercount <= 114) AND (creationdate >= '2009-07-07 07:37:28'::timestamp without time zone) AND (creationdate <= '2011-12-09 17:19:18'::timestamp without time zone))", "Rows Removed by Filter": 85695, "Workers": []}]}]}, {"Node Type": "Index Scan", "Parent Relationship": "Inner", "Parallel Aware": false, "Async Capable": false, "Scan Direction": "Forward", "Index Name": "idx_posthistory_userid", "Relation Name": "posthistory", "Alias": "ph", "Startup Cost": 0.42, "Total Cost": 1.94, "Plan Rows": 4, "Plan Width": 4, "Actual Rows": 369, "Actual Loops": 2370, "Index Cond": "(userid = p.owneruserid)", "Rows Removed by Index Recheck": 0, "Filter": "(creationdate <= '2012-05-10 10:25:46'::timestamp without time zone)", "Rows Removed by Filter": 319, "Workers": []}]}]}]}]}]}]}, "Planning Time": 5.039, "Triggers": [], "Execution Time": 1291.011}, {"Plan": {"Node Type": "Aggregate", "Strategy": "Plain", "Partial Mode": "Simple", "Parallel Aware": false, "Async Capable": false, "Startup Cost": 27149.67, "Total Cost": 27149.68, "Plan Rows": 1, "Plan Width": 8, "Actual Rows": 1, "Actual Loops": 1, "Plans": [{"Node Type": "Merge Join", "Parent Relationship": "Outer", "Parallel Aware": false, "Async Capable": false, "Join Type": "Inner", "Startup Cost": 1161.16, "Total Cost": 24027.39, "Plan Rows": 1.0, "Plan Width": 0, "Actual Rows": 12902986, "Actual Loops": 1, "Inner Unique": false, "Merge Cond": "(p.owneruserid = v.userid)", "Plans": [{"Node Type": "Nested Loop", "Parent Relationship": "Outer", "Parallel Aware": false, "Async Capable": false, "Join Type": "Inner", "Startup Cost": 0.72, "Total Cost": 19468.47, "Plan Rows": 45.0, "Plan Width": 8, "Actual Rows": 512171, "Actual Loops": 1, "Inner Unique": false, "Plans": [{"Node Type": "Index Scan", "Parent Relationship": "Outer", "Parallel Aware": false, "Async Capable": false, "Scan Direction": "Forward", "Index Name": "idx_posts_owneruserid", "Relation Name": "posts", "Alias": "p", "Startup Cost": 0.29, "Total Cost": 5013.43, "Plan Rows": 8312, "Plan Width": 4, "Actual Rows": 5273, "Actual Loops": 1, "Filter": "((answercount >= 0) AND (answercount <= 114) AND (creationdate >= '2009-07-07 07:37:28'::timestamp without time zone) AND (creationdate <= '2011-12-09 17:19:18'::timestamp without time zone))", "Rows Removed by Filter": 26888}, {"Node Type": "Memoize", "Parent Relationship": "Inner", "Parallel Aware": false, "Async Capable": false, "Startup Cost": 0.43, "Total Cost": 1.95, "Plan Rows": 4, "Plan Width": 4, "Actual Rows": 97, "Actual Loops": 5273, "Cache Key": "p.owneruserid", "Cache Mode": "logical", "Cache Hits": 3177, "Cache Misses": 2096, "Cache Evictions": 0, "Cache Overflows": 0, "Peak Memory Usage": 1852, "Plans": [{"Node Type": "Index Scan", "Parent Relationship": "Outer", "Parallel Aware": false, "Async Capable": false, "Scan Direction": "Forward", "Index Name": "idx_posthistory_userid", "Relation Name": "posthistory", "Alias": "ph", "Startup Cost": 0.42, "Total Cost": 1.94, "Plan Rows": 4, "Plan Width": 4, "Actual Rows": 23, "Actual Loops": 2096, "Index Cond": "(userid = p.owneruserid)", "Rows Removed by Index Recheck": 0, "Filter": "(creationdate <= '2012-05-10 10:25:46'::timestamp without time zone)", "Rows Removed by Filter": 15}]}]}, {"Node Type": "Materialize", "Parent Relationship": "Inner", "Parallel Aware": false, "Async Capable": false, "Startup Cost": 1160.44, "Total Cost": 2253.13, "Plan Rows": 13.0, "Plan Width": 12, "Actual Rows": 12904261, "Actual Loops": 1, "Plans": [{"Node Type": "Merge Join", "Parent Relationship": "Outer", "Parallel Aware": false, "Async Capable": false, "Join Type": "Inner", "Startup Cost": 1160.44, "Total Cost": 2252.85, "Plan Rows": 13.0, "Plan Width": 12, "Actual Rows": 6818, "Actual Loops": 1, "Inner Unique": true, "Merge Cond": "(v.userid = u.id)", "Plans": [{"Node Type": "Merge Join", "Parent Relationship": "Outer", "Parallel Aware": false, "Async Capable": false, "Join Type": "Inner", "Startup Cost": 0.72, "Total Cost": 10152.9, "Plan Rows": 543.0, "Plan Width": 8, "Actual Rows": 217386, "Actual Loops": 1, "Inner Unique": false, "Merge Cond": "(v.userid = c.userid)", "Plans": [{"Node Type": "Index Scan", "Parent Relationship": "Outer", "Parallel Aware": false, "Async Capable": false, "Scan Direction": "Forward", "Index Name": "idx_votes_userid", "Relation Name": "votes", "Alias": "v", "Startup Cost": 0.42, "Total Cost": 13242.63, "Plan Rows": 634, "Plan Width": 4, "Actual Rows": 323, "Actual Loops": 1, "Filter": "((bountyamount >= 47) AND (creationdate >= '2013-07-20 05:36:05'::timestamp without time zone))", "Rows Removed by Filter": 26792}, {"Node Type": "Index Scan", "Parent Relationship": "Inner", "Parallel Aware": false, "Async Capable": false, "Scan Direction": "Forward", "Index Name": "idx_comments_userid", "Relation Name": "comments", "Alias": "c", "Startup Cost": 0.29, "Total Cost": 8258.96, "Plan Rows": 134887, "Plan Width": 4, "Actual Rows": 286731, "Actual Loops": 1, "Filter": "(score = 0)", "Rows Removed by Filter": 120226}]}, {"Node Type": "Sort", "Parent Relationship": "Inner", "Parallel Aware": false, "Async Capable": false, "Startup Cost": 1159.72, "Total Cost": 1166.59, "Plan Rows": 2749, "Plan Width": 4, "Actual Rows": 2750, "Actual Loops": 1, "Sort Key": ["u.id"], "Sort Method": "quicksort", "Sort Space Used": 97, "Sort Space Type": "Memory", "Plans": [{"Node Type": "Seq Scan", "Parent Relationship": "Outer", "Parallel Aware": false, "Async Capable": false, "Relation Name": "users", "Alias": "u", "Startup Cost": 0.0, "Total Cost": 1002.69, "Plan Rows": 2749, "Plan Width": 4, "Actual Rows": 2750, "Actual Loops": 1, "Filter": "((upvotes <= 4041) AND (creationdate >= '2010-11-18 14:45:51'::timestamp without time zone) AND (creationdate <= '2011-08-23 15:04:19'::timestamp without time zone))", "Rows Removed by Filter": 37575}]}]}]}]}]}, "Planning Time": 5.169, "Triggers": [], "Execution Time": 1384.225}, {"Plan": {"Node Type": "Aggregate", "Strategy": "Plain", "Partial Mode": "Finalize", "Parallel Aware": false, "Async Capable": false, "Startup Cost": 29856.31, "Total Cost": 29856.32, "Plan Rows": 1, "Plan Width": 8, "Actual Rows": 1, "Actual Loops": 1, "Plans": [{"Node Type": "Gather", "Parent Relationship": "Outer", "Parallel Aware": false, "Async Capable": false, "Startup Cost": 29856.19, "Total Cost": 29856.3, "Plan Rows": 1, "Plan Width": 8, "Actual Rows": 2, "Actual Loops": 1, "Workers Planned": 1, "Workers Launched": 1, "Single Copy": false, "Plans": [{"Node Type": "Aggregate", "Strategy": "Plain", "Partial Mode": "Partial", "Parent Relationship": "Outer", "Parallel Aware": false, "Async Capable": false, "Startup Cost": 28856.19, "Total Cost": 28856.2, "Plan Rows": 1, "Plan Width": 8, "Actual Rows": 1, "Actual Loops": 2, "Workers": [], "Plans": [{"Node Type": "Merge Join", "Parent Relationship": "Outer", "Parallel Aware": false, "Async Capable": false, "Join Type": "Inner", "Startup Cost": 1161.16, "Total Cost": 27019.56, "Plan Rows": 1.0, "Plan Width": 0, "Actual Rows": 6451493, "Actual Loops": 2, "Inner Unique": false, "Merge Cond": "(v.userid = p.owneruserid)", "Workers": [], "Plans": [{"Node Type": "Merge Join", "Parent Relationship": "Outer", "Parallel Aware": false, "Async Capable": false, "Join Type": "Inner", "Startup Cost": 1160.44, "Total Cost": 2220.17, "Plan Rows": 13.0, "Plan Width": 12, "Actual Rows": 3409, "Actual Loops": 2, "Inner Unique": true, "Merge Cond": "(v.userid = u.id)", "Workers": [], "Plans": [{"Node Type": "Merge Join", "Parent Relationship": "Outer", "Parallel Aware": false, "Async Capable": false, "Join Type": "Inner", "Startup Cost": 0.72, "Total Cost": 9861.61, "Plan Rows": 543.0, "Plan Width": 8, "Actual Rows": 108694, "Actual Loops": 2, "Inner Unique": false, "Merge Cond": "(v.userid = c.userid)", "Workers": [], "Plans": [{"Node Type": "Index Scan", "Parent Relationship": "Outer", "Parallel Aware": true, "Async Capable": false, "Scan Direction": "Forward", "Index Name": "idx_votes_userid", "Relation Name": "votes", "Alias": "v", "Startup Cost": 0.42, "Total Cost": 11216.36, "Plan Rows": 373, "Plan Width": 4, "Actual Rows": 162, "Actual Loops": 2, "Filter": "((bountyamount >= 47) AND (creationdate >= '2013-07-20 05:36:05'::timestamp without time zone))", "Rows Removed by Filter": 13449, "Workers": []}, {"Node Type": "Index Scan", "Parent Relationship": "Inner", "Parallel Aware": false, "Async Capable": false, "Scan Direction": "Forward", "Index Name": "idx_comments_userid", "Relation Name": "comments", "Alias": "c", "Startup Cost": 0.29, "Total Cost": 8258.96, "Plan Rows": 134887, "Plan Width": 4, "Actual Rows": 195073, "Actual Loops": 2, "Filter": "(score = 0)", "Rows Removed by Filter": 77656, "Workers": []}]}, {"Node Type": "Sort", "Parent Relationship": "Inner", "Parallel Aware": false, "Async Capable": false, "Startup Cost": 1159.72, "Total Cost": 1166.59, "Plan Rows": 2749, "Plan Width": 4, "Actual Rows": 2750, "Actual Loops": 2, "Sort Key": ["u.id"], "Sort Method": "quicksort", "Sort Space Used": 97, "Sort Space Type": "Memory", "Workers": [{"Worker Number": 0, "Sort Method": "quicksort", "Sort Space Used": 97, "Sort Space Type": "Memory"}], "Plans": [{"Node Type": "Seq Scan", "Parent Relationship": "Outer", "Parallel Aware": false, "Async Capable": false, "Relation Name": "users", "Alias": "u", "Startup Cost": 0.0, "Total Cost": 1002.69, "Plan Rows": 2749, "Plan Width": 4, "Actual Rows": 2750, "Actual Loops": 2, "Filter": "((upvotes <= 4041) AND (creationdate >= '2010-11-18 14:45:51'::timestamp without time zone) AND (creationdate <= '2011-08-23 15:04:19'::timestamp without time zone))", "Rows Removed by Filter": 37575, "Workers": []}]}]}, {"Node Type": "Materialize", "Parent Relationship": "Inner", "Parallel Aware": false, "Async Capable": false, "Startup Cost": 0.72, "Total Cost": 22572.81, "Plan Rows": 45.0, "Plan Width": 8, "Actual Rows": 6937777, "Actual Loops": 2, "Workers": [], "Plans": [{"Node Type": "Nested Loop", "Parent Relationship": "Outer", "Parallel Aware": false, "Async Capable": false, "Join Type": "Inner", "Startup Cost": 0.72, "Total Cost": 19468.47, "Plan Rows": 45.0, "Plan Width": 8, "Actual Rows": 500055, "Actual Loops": 2, "Inner Unique": false, "Workers": [], "Plans": [{"Node Type": "Index Scan", "Parent Relationship": "Outer", "Parallel Aware": false, "Async Capable": false, "Scan Direction": "Forward", "Index Name": "idx_posts_owneruserid", "Relation Name": "posts", "Alias": "p", "Startup Cost": 0.29, "Total Cost": 5013.43, "Plan Rows": 8312, "Plan Width": 4, "Actual Rows": 5044, "Actual Loops": 2, "Filter": "((answercount >= 0) AND (answercount <= 114) AND (creationdate >= '2009-07-07 07:37:28'::timestamp without time zone) AND (creationdate <= '2011-12-09 17:19:18'::timestamp without time zone))", "Rows Removed by Filter": 26252, "Workers": []}, {"Node Type": "Memoize", "Parent Relationship": "Inner", "Parallel Aware": false, "Async Capable": false, "Startup Cost": 0.43, "Total Cost": 1.95, "Plan Rows": 4, "Plan Width": 4, "Actual Rows": 99, "Actual Loops": 10089, "Cache Key": "p.owneruserid", "Cache Mode": "logical", "Cache Hits": 2987, "Cache Misses": 1829, "Cache Evictions": 0, "Cache Overflows": 0, "Peak Memory Usage": 1748, "Workers": [{"Worker Number": 0, "Cache Hits": 3177, "Cache Misses": 2096, "Cache Evictions": 0, "Cache Overflows": 0, "Peak Memory Usage": 1852}], "Plans": [{"Node Type": "Index Scan", "Parent Relationship": "Outer", "Parallel Aware": false, "Async Capable": false, "Scan Direction": "Forward", "Index Name": "idx_posthistory_userid", "Relation Name": "posthistory", "Alias": "ph", "Startup Cost": 0.42, "Total Cost": 1.94, "Plan Rows": 4, "Plan Width": 4, "Actual Rows": 24, "Actual Loops": 3925, "Index Cond": "(userid = p.owneruserid)", "Rows Removed by Index Recheck": 0, "Filter": "(creationdate <= '2012-05-10 10:25:46'::timestamp without time zone)", "Rows Removed by Filter": 16, "Workers": []}]}]}]}]}]}]}]}, "Planning Time": 5.186, "Triggers": [], "Execution Time": 952.793}, {"Plan": {"Node Type": "Aggregate", "Strategy": "Plain", "Partial Mode": "Simple", "Parallel Aware": false, "Async Capable": false, "Startup Cost": 14088.83, "Total Cost": 14088.84, "Plan Rows": 1, "Plan Width": 8, "Actual Rows": 1, "Actual Loops": 1, "Plans": [{"Node Type": "Merge Join", "Parent Relationship": "Outer", "Parallel Aware": false, "Async Capable": false, "Join Type": "Inner", "Startup Cost": 10628.92, "Total Cost": 10966.55, "Plan Rows": 1.0, "Plan Width": 0, "Actual Rows": 12902986, "Actual Loops": 1, "Inner Unique": false, "Merge Cond": "(v.userid = u.id)", "Plans": [{"Node Type": "Merge Join", "Parent Relationship": "Outer", "Parallel Aware": false, "Async Capable": false, "Join Type": "Inner", "Startup Cost": 3221.39, "Total Cost": 4455.18, "Plan Rows": 33.0, "Plan Width": 12, "Actual Rows": 401251, "Actual Loops": 1, "Inner Unique": false, "Merge Cond": "(p.owneruserid = v.userid)", "Plans": [{"Node Type": "Sort", "Parent Relationship": "Outer", "Parallel Aware": false, "Async Capable": false, "Startup Cost": 3220.67, "Total Cost": 3241.45, "Plan Rows": 8312, "Plan Width": 4, "Actual Rows": 5931, "Actual Loops": 1, "Sort Key": ["p.owneruserid"], "Sort Method": "quicksort", "Sort Space Used": 193, "Sort Space Type": "Memory", "Plans": [{"Node Type": "Seq Scan", "Parent Relationship": "Outer", "Parallel Aware": false, "Async Capable": false, "Relation Name": "posts", "Alias": "p", "Startup Cost": 0.0, "Total Cost": 2679.52, "Plan Rows": 8312, "Plan Width": 4, "Actual Rows": 6281, "Actual Loops": 1, "Filter": "((answercount >= 0) AND (answercount <= 114) AND (creationdate >= '2009-07-07 07:37:28'::timestamp without time zone) AND (creationdate <= '2011-12-09 17:19:18'::timestamp without time zone))", "Rows Removed by Filter": 85695}]}, {"Node Type": "Materialize", "Parent Relationship": "Inner", "Parallel Aware": false, "Async Capable": false, "Startup Cost": 0.72, "Total Cost": 10192.08, "Plan Rows": 543.0, "Plan Width": 8, "Actual Rows": 575368, "Actual Loops": 1, "Plans": [{"Node Type": "Merge Join", "Parent Relationship": "Outer", "Parallel Aware": false, "Async Capable": false, "Join Type": "Inner", "Startup Cost": 0.72, "Total Cost": 10152.9, "Plan Rows": 543.0, "Plan Width": 8, "Actual Rows": 226550, "Actual Loops": 1, "Inner Unique": false, "Merge Cond": "(v.userid = c.userid)", "Plans": [{"Node Type": "Index Scan", "Parent Relationship": "Outer", "Parallel Aware": false, "Async Capable": false, "Scan Direction": "Forward", "Index Name": "idx_votes_userid", "Relation Name": "votes", "Alias": "v", "Startup Cost": 0.42, "Total Cost": 13242.63, "Plan Rows": 634, "Plan Width": 4, "Actual Rows": 519, "Actual Loops": 1, "Filter": "((bountyamount >= 47) AND (creationdate >= '2013-07-20 05:36:05'::timestamp without time zone))", "Rows Removed by Filter": 33942}, {"Node Type": "Index Scan", "Parent Relationship": "Inner", "Parallel Aware": false, "Async Capable": false, "Scan Direction": "Forward", "Index Name": "idx_comments_userid", "Relation Name": "comments", "Alias": "c", "Startup Cost": 0.29, "Total Cost": 8258.96, "Plan Rows": 134887, "Plan Width": 4, "Actual Rows": 318618, "Actual Loops": 1, "Filter": "(score = 0)", "Rows Removed by Filter": 124444}]}]}]}, {"Node Type": "Sort", "Parent Relationship": "Inner", "Parallel Aware": false, "Async Capable": false, "Startup Cost": 7407.53, "Total Cost": 7419.67, "Plan Rows": 20.0, "Plan Width": 8, "Actual Rows": 12921133, "Actual Loops": 1, "Sort Key": ["ph.userid"], "Sort Method": "quicksort", "Sort Space Used": 1409, "Sort Space Type": "Memory", "Plans": [{"Node Type": "Gather", "Parent Relationship": "Outer", "Parallel Aware": false, "Async Capable": false, "Startup Cost": 2037.05, "Total Cost": 7110.2, "Plan Rows": 4856, "Plan Width": 8, "Actual Rows": 20489, "Actual Loops": 1, "Workers Planned": 1, "Workers Launched": 1, "Single Copy": false, "Plans": [{"Node Type": "Hash Join", "Parent Relationship": "Outer", "Parallel Aware": false, "Async Capable": false, "Join Type": "Inner", "Startup Cost": 1037.05, "Total Cost": 5624.6, "Plan Rows": 20.0, "Plan Width": 8, "Actual Rows": 10244, "Actual Loops": 2, "Inner Unique": true, "Hash Cond": "(ph.userid = u.id)", "Workers": [], "Plans": [{"Node Type": "Seq Scan", "Parent Relationship": "Outer", "Parallel Aware": true, "Async Capable": false, "Relation Name": "posthistory", "Alias": "ph", "Startup Cost": 0.0, "Total Cost": 4469.32, "Plan Rows": 45039, "Plan Width": 4, "Actual Rows": 38246, "Actual Loops": 2, "Filter": "(creationdate <= '2012-05-10 10:25:46'::timestamp without time zone)", "Rows Removed by Filter": 113347, "Workers": []}, {"Node Type": "Hash", "Parent Relationship": "Inner", "Parallel Aware": false, "Async Capable": false, "Startup Cost": 1002.69, "Total Cost": 1002.69, "Plan Rows": 2749, "Plan Width": 4, "Actual Rows": 2750, "Actual Loops": 2, "Hash Buckets": 4096, "Original Hash Buckets": 4096, "Hash Batches": 1, "Original Hash Batches": 1, "Peak Memory Usage": 129, "Workers": [], "Plans": [{"Node Type": "Seq Scan", "Parent Relationship": "Outer", "Parallel Aware": false, "Async Capable": false, "Relation Name": "users", "Alias": "u", "Startup Cost": 0.0, "Total Cost": 1002.69, "Plan Rows": 2749, "Plan Width": 4, "Actual Rows": 2750, "Actual Loops": 2, "Filter": "((upvotes <= 4041) AND (creationdate >= '2010-11-18 14:45:51'::timestamp without time zone) AND (creationdate <= '2011-08-23 15:04:19'::timestamp without time zone))", "Rows Removed by Filter": 37575, "Workers": []}]}]}]}]}]}]}, "Planning Time": 5.346, "Triggers": [], "Execution Time": 1368.831}, {"Plan": {"Node Type": "Aggregate", "Strategy": "Plain", "Partial Mode": "Simple", "Parallel Aware": false, "Async Capable": false, "Startup Cost": 274904.96, "Total Cost": 274904.97, "Plan Rows": 1, "Plan Width": 8, "Actual Rows": 1, "Actual Loops": 1, "Plans": [{"Node Type": "Merge Join", "Parent Relationship": "Outer", "Parallel Aware": false, "Async Capable": false, "Join Type": "Inner", "Startup Cost": 4381.65, "Total Cost": 271782.68, "Plan Rows": 1.0, "Plan Width": 0, "Actual Rows": 12902986, "Actual Loops": 1, "Inner Unique": false, "Merge Cond": "(u.id = v.userid)", "Plans": [{"Node Type": "Merge Join", "Parent Relationship": "Outer", "Parallel Aware": false, "Async Capable": false, "Join Type": "Inner", "Startup Cost": 4381.22, "Total Cost": 17983.07, "Plan Rows": 1.0, "Plan Width": 16, "Actual Rows": 22190442, "Actual Loops": 1, "Inner Unique": false, "Merge Cond": "(u.id = c.userid)", "Plans": [{"Node Type": "Nested Loop", "Parent Relationship": "Outer", "Parallel Aware": false, "Async Capable": false, "Join Type": "Inner", "Startup Cost": 4380.81, "Total Cost": 5549.58, "Plan Rows": 6.0, "Plan Width": 12, "Actual Rows": 114443, "Actual Loops": 1, "Inner Unique": false, "Join Filter": "(ph.userid = u.id)", "Rows Removed by Join Filter": 0, "Plans": [{"Node Type": "Merge Join", "Parent Relationship": "Outer", "Parallel Aware": false, "Async Capable": false, "Join Type": "Inner", "Startup Cost": 4380.39, "Total Cost": 4440.65, "Plan Rows": 3.0, "Plan Width": 8, "Actual Rows": 2683, "Actual Loops": 1, "Inner Unique": true, "Merge Cond": "(p.owneruserid = u.id)", "Plans": [{"Node Type": "Sort", "Parent Relationship": "Outer", "Parallel Aware": false, "Async Capable": false, "Startup Cost": 3220.67, "Total Cost": 3241.45, "Plan Rows": 8312, "Plan Width": 4, "Actual Rows": 5926, "Actual Loops": 1, "Sort Key": ["p.owneruserid"], "Sort Method": "quicksort", "Sort Space Used": 193, "Sort Space Type": "Memory", "Plans": [{"Node Type": "Seq Scan", "Parent Relationship": "Outer", "Parallel Aware": false, "Async Capable": false, "Relation Name": "posts", "Alias": "p", "Startup Cost": 0.0, "Total Cost": 2679.52, "Plan Rows": 8312, "Plan Width": 4, "Actual Rows": 6281, "Actual Loops": 1, "Filter": "((answercount >= 0) AND (answercount <= 114) AND (creationdate >= '2009-07-07 07:37:28'::timestamp without time zone) AND (creationdate <= '2011-12-09 17:19:18'::timestamp without time zone))", "Rows Removed by Filter": 85695}]}, {"Node Type": "Sort", "Parent Relationship": "Inner", "Parallel Aware": false, "Async Capable": false, "Startup Cost": 1159.72, "Total Cost": 1166.59, "Plan Rows": 2749, "Plan Width": 4, "Actual Rows": 2750, "Actual Loops": 1, "Sort Key": ["u.id"], "Sort Method": "quicksort", "Sort Space Used": 97, "Sort Space Type": "Memory", "Plans": [{"Node Type": "Seq Scan", "Parent Relationship": "Outer", "Parallel Aware": false, "Async Capable": false, "Relation Name": "users", "Alias": "u", "Startup Cost": 0.0, "Total Cost": 1002.69, "Plan Rows": 2749, "Plan Width": 4, "Actual Rows": 2750, "Actual Loops": 1, "Filter": "((upvotes <= 4041) AND (creationdate >= '2010-11-18 14:45:51'::timestamp without time zone) AND (creationdate <= '2011-08-23 15:04:19'::timestamp without time zone))", "Rows Removed by Filter": 37575}]}]}, {"Node Type": "Index Scan", "Parent Relationship": "Inner", "Parallel Aware": false, "Async Capable": false, "Scan Direction": "Forward", "Index Name": "idx_posthistory_userid", "Relation Name": "posthistory", "Alias": "ph", "Startup Cost": 0.42, "Total Cost": 1.94, "Plan Rows": 4, "Plan Width": 4, "Actual Rows": 43, "Actual Loops": 2683, "Index Cond": "(userid = p.owneruserid)", "Rows Removed by Index Recheck": 0, "Filter": "(creationdate <= '2012-05-10 10:25:46'::timestamp without time zone)", "Rows Removed by Filter": 20}]}, {"Node Type": "Materialize", "Parent Relationship": "Inner", "Parallel Aware": false, "Async Capable": false, "Startup Cost": 0.29, "Total Cost": 8596.18, "Plan Rows": 134887, "Plan Width": 4, "Actual Rows": 22277966, "Actual Loops": 1, "Plans": [{"Node Type": "Index Scan", "Parent Relationship": "Outer", "Parallel Aware": false, "Async Capable": false, "Scan Direction": "Forward", "Index Name": "idx_comments_userid", "Relation Name": "comments", "Alias": "c", "Startup Cost": 0.29, "Total Cost": 8258.96, "Plan Rows": 134887, "Plan Width": 4, "Actual Rows": 103058, "Actual Loops": 1, "Filter": "(score = 0)", "Rows Removed by Filter": 35032}]}]}, {"Node Type": "Materialize", "Parent Relationship": "Inner", "Parallel Aware": false, "Async Capable": false, "Startup Cost": 0.42, "Total Cost": 13244.22, "Plan Rows": 634, "Plan Width": 4, "Actual Rows": 12903269, "Actual Loops": 1, "Plans": [{"Node Type": "Index Scan", "Parent Relationship": "Outer", "Parallel Aware": false, "Async Capable": false, "Scan Direction": "Forward", "Index Name": "idx_votes_userid", "Relation Name": "votes", "Alias": "v", "Startup Cost": 0.42, "Total Cost": 13242.63, "Plan Rows": 634, "Plan Width": 4, "Actual Rows": 323, "Actual Loops": 1, "Filter": "((bountyamount >= 47) AND (creationdate >= '2013-07-20 05:36:05'::timestamp without time zone))", "Rows Removed by Filter": 26792}]}]}]}, "Planning Time": 5.222, "Triggers": [], "Execution Time": 3506.486}, {"Plan": {"Node Type": "Aggregate", "Strategy": "Plain", "Partial Mode": "Simple", "Parallel Aware": false, "Async Capable": false, "Startup Cost": 288724.06, "Total Cost": 288724.07, "Plan Rows": 1, "Plan Width": 8, "Actual Rows": 1, "Actual Loops": 1, "Plans": [{"Node Type": "Merge Join", "Parent Relationship": "Outer", "Parallel Aware": false, "Async Capable": false, "Join Type": "Inner", "Startup Cost": 1161.16, "Total Cost": 285601.78, "Plan Rows": 1.0, "Plan Width": 0, "Actual Rows": 12902986, "Actual Loops": 1, "Inner Unique": false, "Merge Cond": "(v.userid = c.userid)", "Plans": [{"Node Type": "Nested Loop", "Parent Relationship": "Outer", "Parallel Aware": false, "Async Capable": false, "Join Type": "Inner", "Startup Cost": 1160.43, "Total Cost": 2582.65, "Plan Rows": 14.0, "Plan Width": 12, "Actual Rows": 419, "Actual Loops": 1, "Inner Unique": false, "Join Filter": "(p.owneruserid = v.userid)", "Rows Removed by Join Filter": 0, "Plans": [{"Node Type": "Merge Join", "Parent Relationship": "Outer", "Parallel Aware": false, "Async Capable": false, "Join Type": "Inner", "Startup Cost": 1160.14, "Total Cost": 2573.52, "Plan Rows": 159.0, "Plan Width": 8, "Actual Rows": 52, "Actual Loops": 1, "Inner Unique": true, "Merge Cond": "(v.userid = u.id)", "Plans": [{"Node Type": "Index Scan", "Parent Relationship": "Outer", "Parallel Aware": false, "Async Capable": false, "Scan Direction": "Forward", "Index Name": "idx_votes_userid", "Relation Name": "votes", "Alias": "v", "Startup Cost": 0.42, "Total Cost": 13242.63, "Plan Rows": 634, "Plan Width": 4, "Actual Rows": 323, "Actual Loops": 1, "Filter": "((bountyamount >= 47) AND (creationdate >= '2013-07-20 05:36:05'::timestamp without time zone))", "Rows Removed by Filter": 26792}, {"Node Type": "Sort", "Parent Relationship": "Inner", "Parallel Aware": false, "Async Capable": false, "Startup Cost": 1159.72, "Total Cost": 1166.59, "Plan Rows": 2749, "Plan Width": 4, "Actual Rows": 2750, "Actual Loops": 1, "Sort Key": ["u.id"], "Sort Method": "quicksort", "Sort Space Used": 97, "Sort Space Type": "Memory", "Plans": [{"Node Type": "Seq Scan", "Parent Relationship": "Outer", "Parallel Aware": false, "Async Capable": false, "Relation Name": "users", "Alias": "u", "Startup Cost": 0.0, "Total Cost": 1002.69, "Plan Rows": 2749, "Plan Width": 4, "Actual Rows": 2750, "Actual Loops": 1, "Filter": "((upvotes <= 4041) AND (creationdate >= '2010-11-18 14:45:51'::timestamp without time zone) AND (creationdate <= '2011-08-23 15:04:19'::timestamp without time zone))", "Rows Removed by Filter": 37575}]}]}, {"Node Type": "Index Scan", "Parent Relationship": "Inner", "Parallel Aware": false, "Async Capable": false, "Scan Direction": "Forward", "Index Name": "idx_posts_owneruserid", "Relation Name": "posts", "Alias": "p", "Startup Cost": 0.29, "Total Cost": 1.81, "Plan Rows": 1, "Plan Width": 4, "Actual Rows": 8, "Actual Loops": 52, "Index Cond": "(owneruserid = u.id)", "Rows Removed by Index Recheck": 0, "Filter": "((answercount >= 0) AND (answercount <= 114) AND (creationdate >= '2009-07-07 07:37:28'::timestamp without time zone) AND (creationdate <= '2011-12-09 17:19:18'::timestamp without time zone))", "Rows Removed by Filter": 66}]}, {"Node Type": "Materialize", "Parent Relationship": "Inner", "Parallel Aware": false, "Async Capable": false, "Startup Cost": 0.73, "Total Cost": 155256.89, "Plan Rows": 104.0, "Plan Width": 8, "Actual Rows": 50532006, "Actual Loops": 1, "Plans": [{"Node Type": "Nested Loop", "Parent Relationship": "Outer", "Parallel Aware": false, "Async Capable": false, "Join Type": "Inner", "Startup Cost": 0.73, "Total Cost": 26828.93, "Plan Rows": 104.0, "Plan Width": 8, "Actual Rows": 38471079, "Actual Loops": 1, "Inner Unique": false, "Plans": [{"Node Type": "Index Scan", "Parent Relationship": "Outer", "Parallel Aware": false, "Async Capable": false, "Scan Direction": "Forward", "Index Name": "idx_comments_userid", "Relation Name": "comments", "Alias": "c", "Startup Cost": 0.29, "Total Cost": 8258.96, "Plan Rows": 134887, "Plan Width": 4, "Actual Rows": 57328, "Actual Loops": 1, "Filter": "(score = 0)", "Rows Removed by Filter": 23930}, {"Node Type": "Memoize", "Parent Relationship": "Inner", "Parallel Aware": false, "Async Capable": false, "Startup Cost": 0.43, "Total Cost": 0.79, "Plan Rows": 4, "Plan Width": 4, "Actual Rows": 671, "Actual Loops": 57328, "Cache Key": "c.userid", "Cache Mode": "logical", "Cache Hits": 55281, "Cache Misses": 2047, "Cache Evictions": 0, "Cache Overflows": 0, "Peak Memory Usage": 1965, "Plans": [{"Node Type": "Index Scan", "Parent Relationship": "Outer", "Parallel Aware": false, "Async Capable": false, "Scan Direction": "Forward", "Index Name": "idx_posthistory_userid", "Relation Name": "posthistory", "Alias": "ph", "Startup Cost": 0.42, "Total Cost": 0.78, "Plan Rows": 4, "Plan Width": 4, "Actual Rows": 25, "Actual Loops": 2047, "Index Cond": "(userid = c.userid)", "Rows Removed by Index Recheck": 0, "Filter": "(creationdate <= '2012-05-10 10:25:46'::timestamp without time zone)", "Rows Removed by Filter": 22}]}]}]}]}]}, "Planning Time": 5.0, "Triggers": [], "Execution Time": 8749.142}, {"Plan": {"Node Type": "Aggregate", "Strategy": "Plain", "Partial Mode": "Finalize", "Parallel Aware": false, "Async Capable": false, "Startup Cost": 20110.43, "Total Cost": 20110.44, "Plan Rows": 1, "Plan Width": 8, "Actual Rows": 1, "Actual Loops": 1, "Plans": [{"Node Type": "Gather", "Parent Relationship": "Outer", "Parallel Aware": false, "Async Capable": false, "Startup Cost": 20110.32, "Total Cost": 20110.43, "Plan Rows": 1, "Plan Width": 8, "Actual Rows": 2, "Actual Loops": 1, "Workers Planned": 1, "Workers Launched": 1, "Single Copy": false, "Plans": [{"Node Type": "Aggregate", "Strategy": "Plain", "Partial Mode": "Partial", "Parent Relationship": "Outer", "Parallel Aware": false, "Async Capable": false, "Startup Cost": 19110.32, "Total Cost": 19110.33, "Plan Rows": 1, "Plan Width": 8, "Actual Rows": 1, "Actual Loops": 2, "Workers": [], "Plans": [{"Node Type": "Merge Join", "Parent Relationship": "Outer", "Parallel Aware": false, "Async Capable": false, "Join Type": "Inner", "Startup Cost": 16005.59, "Total Cost": 17273.68, "Plan Rows": 1.0, "Plan Width": 0, "Actual Rows": 6451493, "Actual Loops": 2, "Inner Unique": false, "Merge Cond": "(v.userid = u.id)", "Workers": [], "Plans": [{"Node Type": "Merge Join", "Parent Relationship": "Outer", "Parallel Aware": false, "Async Capable": false, "Join Type": "Inner", "Startup Cost": 12241.75, "Total Cost": 14726.65, "Plan Rows": 323.0, "Plan Width": 12, "Actual Rows": 46141724, "Actual Loops": 2, "Inner Unique": false, "Merge Cond": "(v.userid = ph.userid)", "Workers": [], "Plans": [{"Node Type": "Merge Join", "Parent Relationship": "Outer", "Parallel Aware": false, "Async Capable": false, "Join Type": "Inner", "Startup Cost": 0.72, "Total Cost": 9861.61, "Plan Rows": 543.0, "Plan Width": 8, "Actual Rows": 113664, "Actual Loops": 2, "Inner Unique": false, "Merge Cond": "(v.userid = c.userid)", "Workers": [], "Plans": [{"Node Type": "Index Scan", "Parent Relationship": "Outer", "Parallel Aware": true, "Async Capable": false, "Scan Direction": "Forward", "Index Name": "idx_votes_userid", "Relation Name": "votes", "Alias": "v", "Startup Cost": 0.42, "Total Cost": 11216.36, "Plan Rows": 373, "Plan Width": 4, "Actual Rows": 266, "Actual Loops": 2, "Filter": "((bountyamount >= 47) AND (creationdate >= '2013-07-20 05:36:05'::timestamp without time zone))", "Rows Removed by Filter": 109600, "Workers": []}, {"Node Type": "Index Scan", "Parent Relationship": "Inner", "Parallel Aware": false, "Async Capable": false, "Scan Direction": "Forward", "Index Name": "idx_comments_userid", "Relation Name": "comments", "Alias": "c", "Startup Cost": 0.29, "Total Cost": 8258.96, "Plan Rows": 134887, "Plan Width": 4, "Actual Rows": 174994, "Actual Loops": 2, "Filter": "(score = 0)", "Rows Removed by Filter": 69604, "Workers": []}]}, {"Node Type": "Sort", "Parent Relationship": "Inner", "Parallel Aware": false, "Async Capable": false, "Startup Cost": 12241.03, "Total Cost": 12432.45, "Plan Rows": 76566, "Plan Width": 4, "Actual Rows": 46184070, "Actual Loops": 2, "Sort Key": ["ph.userid"], "Sort Method": "quicksort", "Sort Space Used": 3073, "Sort Space Type": "Memory", "Workers": [{"Worker Number": 0, "Sort Method": "quicksort", "Sort Space Used": 3073, "Sort Space Type": "Memory"}], "Plans": [{"Node Type": "Seq Scan", "Parent Relationship": "Outer", "Parallel Aware": false, "Async Capable": false, "Relation Name": "posthistory", "Alias": "ph", "Startup Cost": 0.0, "Total Cost": 6029.84, "Plan Rows": 76566, "Plan Width": 4, "Actual Rows": 76493, "Actual Loops": 2, "Filter": "(creationdate <= '2012-05-10 10:25:46'::timestamp without time zone)", "Rows Removed by Filter": 226694, "Workers": []}]}]}, {"Node Type": "Sort", "Parent Relationship": "Inner", "Parallel Aware": false, "Async Capable": false, "Startup Cost": 3763.85, "Total Cost": 3765.24, "Plan Rows": 3.0, "Plan Width": 8, "Actual Rows": 6452731, "Actual Loops": 2, "Sort Key": ["p.owneruserid"], "Sort Method": "quicksort", "Sort Space Used": 180, "Sort Space Type": "Memory", "Workers": [{"Worker Number": 0, "Sort Method": "quicksort", "Sort Space Used": 180, "Sort Space Type": "Memory"}], "Plans": [{"Node Type": "Hash Join", "Parent Relationship": "Outer", "Parallel Aware": false, "Async Capable": false, "Join Type": "Inner", "Startup Cost": 1037.05, "Total Cost": 3738.39, "Plan Rows": 3.0, "Plan Width": 8, "Actual Rows": 2683, "Actual Loops": 2, "Inner Unique": true, "Hash Cond": "(p.owneruserid = u.id)", "Workers": [], "Plans": [{"Node Type": "Seq Scan", "Parent Relationship": "Outer", "Parallel Aware": false, "Async Capable": false, "Relation Name": "posts", "Alias": "p", "Startup Cost": 0.0, "Total Cost": 2679.52, "Plan Rows": 8312, "Plan Width": 4, "Actual Rows": 6281, "Actual Loops": 2, "Filter": "((answercount >= 0) AND (answercount <= 114) AND (creationdate >= '2009-07-07 07:37:28'::timestamp without time zone) AND (creationdate <= '2011-12-09 17:19:18'::timestamp without time zone))", "Rows Removed by Filter": 85695, "Workers": []}, {"Node Type": "Hash", "Parent Relationship": "Inner", "Parallel Aware": false, "Async Capable": false, "Startup Cost": 1002.69, "Total Cost": 1002.69, "Plan Rows": 2749, "Plan Width": 4, "Actual Rows": 2750, "Actual Loops": 2, "Hash Buckets": 4096, "Original Hash Buckets": 4096, "Hash Batches": 1, "Original Hash Batches": 1, "Peak Memory Usage": 129, "Workers": [], "Plans": [{"Node Type": "Seq Scan", "Parent Relationship": "Outer", "Parallel Aware": false, "Async Capable": false, "Relation Name": "users", "Alias": "u", "Startup Cost": 0.0, "Total Cost": 1002.69, "Plan Rows": 2749, "Plan Width": 4, "Actual Rows": 2750, "Actual Loops": 2, "Filter": "((upvotes <= 4041) AND (creationdate >= '2010-11-18 14:45:51'::timestamp without time zone) AND (creationdate <= '2011-08-23 15:04:19'::timestamp without time zone))", "Rows Removed by Filter": 37575, "Workers": []}]}]}]}]}]}]}]}, "Planning Time": 9.136, "Triggers": [], "Execution Time": 5885.758}, {"Plan": {"Node Type": "Aggregate", "Strategy": "Plain", "Partial Mode": "Simple", "Parallel Aware": false, "Async Capable": false, "Startup Cost": 40829.56, "Total Cost": 40829.57, "Plan Rows": 1, "Plan Width": 8, "Actual Rows": 1, "Actual Loops": 1, "Plans": [{"Node Type": "Merge Join", "Parent Relationship": "Outer", "Parallel Aware": false, "Async Capable": false, "Join Type": "Inner", "Startup Cost": 3222.1, "Total Cost": 37707.28, "Plan Rows": 1.0, "Plan Width": 0, "Actual Rows": 12902986, "Actual Loops": 1, "Inner Unique": false, "Merge Cond": "(v.userid = u.id)", "Plans": [{"Node Type": "Merge Join", "Parent Relationship": "Outer", "Parallel Aware": false, "Async Capable": false, "Join Type": "Inner", "Startup Cost": 3221.09, "Total Cost": 4666.71, "Plan Rows": 577.0, "Plan Width": 8, "Actual Rows": 1185, "Actual Loops": 1, "Inner Unique": false, "Merge Cond": "(v.userid = p.owneruserid)", "Plans": [{"Node Type": "Index Scan", "Parent Relationship": "Outer", "Parallel Aware": false, "Async Capable": false, "Scan Direction": "Forward", "Index Name": "idx_votes_userid", "Relation Name": "votes", "Alias": "v", "Startup Cost": 0.42, "Total Cost": 13242.63, "Plan Rows": 634, "Plan Width": 4, "Actual Rows": 519, "Actual Loops": 1, "Filter": "((bountyamount >= 47) AND (creationdate >= '2013-07-20 05:36:05'::timestamp without time zone))", "Rows Removed by Filter": 33942}, {"Node Type": "Sort", "Parent Relationship": "Inner", "Parallel Aware": false, "Async Capable": false, "Startup Cost": 3220.67, "Total Cost": 3241.45, "Plan Rows": 8312, "Plan Width": 4, "Actual Rows": 6642, "Actual Loops": 1, "Sort Key": ["p.owneruserid"], "Sort Method": "quicksort", "Sort Space Used": 193, "Sort Space Type": "Memory", "Plans": [{"Node Type": "Seq Scan", "Parent Relationship": "Outer", "Parallel Aware": false, "Async Capable": false, "Relation Name": "posts", "Alias": "p", "Startup Cost": 0.0, "Total Cost": 2679.52, "Plan Rows": 8312, "Plan Width": 4, "Actual Rows": 6281, "Actual Loops": 1, "Filter": "((answercount >= 0) AND (answercount <= 114) AND (creationdate >= '2009-07-07 07:37:28'::timestamp without time zone) AND (creationdate <= '2011-12-09 17:19:18'::timestamp without time zone))", "Rows Removed by Filter": 85695}]}]}, {"Node Type": "Materialize", "Parent Relationship": "Inner", "Parallel Aware": false, "Async Capable": false, "Startup Cost": 1.01, "Total Cost": 25683.43, "Plan Rows": 5.0, "Plan Width": 12, "Actual Rows": 16804343, "Actual Loops": 1, "Plans": [{"Node Type": "Nested Loop", "Parent Relationship": "Outer", "Parallel Aware": false, "Async Capable": false, "Join Type": "Inner", "Startup Cost": 1.01, "Total Cost": 17073.17, "Plan Rows": 5.0, "Plan Width": 12, "Actual Rows": 4743416, "Actual Loops": 1, "Inner Unique": false, "Join Filter": "(ph.userid = u.id)", "Rows Removed by Join Filter": 0, "Plans": [{"Node Type": "Nested Loop", "Parent Relationship": "Outer", "Parallel Aware": false, "Async Capable": false, "Join Type": "Inner", "Startup Cost": 0.58, "Total Cost": 9580.2, "Plan Rows": 3.0, "Plan Width": 8, "Actual Rows": 21591, "Actual Loops": 1, "Inner Unique": false, "Plans": [{"Node Type": "Index Scan", "Parent Relationship": "Outer", "Parallel Aware": false, "Async Capable": false, "Scan Direction": "Forward", "Index Name": "users_pkey", "Relation Name": "users", "Alias": "u", "Startup Cost": 0.29, "Total Cost": 1659.6, "Plan Rows": 2749, "Plan Width": 4, "Actual Rows": 2744, "Actual Loops": 1, "Filter": "((upvotes <= 4041) AND (creationdate >= '2010-11-18 14:45:51'::timestamp without time zone) AND (creationdate <= '2011-08-23 15:04:19'::timestamp without time zone))", "Rows Removed by Filter": 5358}, {"Node Type": "Index Scan", "Parent Relationship": "Inner", "Parallel Aware": false, "Async Capable": false, "Scan Direction": "Forward", "Index Name": "idx_comments_userid", "Relation Name": "comments", "Alias": "c", "Startup Cost": 0.29, "Total Cost": 2.78, "Plan Rows": 10, "Plan Width": 4, "Actual Rows": 8, "Actual Loops": 2744, "Index Cond": "(userid = u.id)", "Rows Removed by Index Recheck": 0, "Filter": "(score = 0)", "Rows Removed by Filter": 3}]}, {"Node Type": "Index Scan", "Parent Relationship": "Inner", "Parallel Aware": false, "Async Capable": false, "Scan Direction": "Forward", "Index Name": "idx_posthistory_userid", "Relation Name": "posthistory", "Alias": "ph", "Startup Cost": 0.42, "Total Cost": 0.78, "Plan Rows": 4, "Plan Width": 4, "Actual Rows": 220, "Actual Loops": 21591, "Index Cond": "(userid = c.userid)", "Rows Removed by Index Recheck": 0, "Filter": "(creationdate <= '2012-05-10 10:25:46'::timestamp without time zone)", "Rows Removed by Filter": 266}]}]}]}]}, "Planning Time": 4.993, "Triggers": [], "Execution Time": 3945.424}, {"Plan": {"Node Type": "Aggregate", "Strategy": "Plain", "Partial Mode": "Simple", "Parallel Aware": false, "Async Capable": false, "Startup Cost": 7672861.57, "Total Cost": 7672861.58, "Plan Rows": 1, "Plan Width": 8, "Plans": [{"Node Type": "Merge Join", "Parent Relationship": "Outer", "Parallel Aware": false, "Async Capable": false, "Join Type": "Inner", "Startup Cost": 1161.17, "Total Cost": 7669739.29, "Plan Rows": 1.0, "Plan Width": 0, "Inner Unique": false, "Merge Cond": "(v.userid = c.userid)", "Plans": [{"Node Type": "Merge Join", "Parent Relationship": "Outer", "Parallel Aware": false, "Async Capable": false, "Join Type": "Inner", "Startup Cost": 1160.14, "Total Cost": 2573.52, "Plan Rows": 159.0, "Plan Width": 8, "Inner Unique": true, "Merge Cond": "(v.userid = u.id)", "Plans": [{"Node Type": "Index Scan", "Parent Relationship": "Outer", "Parallel Aware": false, "Async Capable": false, "Scan Direction": "Forward", "Index Name": "idx_votes_userid", "Relation Name": "votes", "Alias": "v", "Startup Cost": 0.42, "Total Cost": 13242.63, "Plan Rows": 634, "Plan Width": 4, "Filter": "((bountyamount >= 47) AND (creationdate >= '2013-07-20 05:36:05'::timestamp without time zone))"}, {"Node Type": "Sort", "Parent Relationship": "Inner", "Parallel Aware": false, "Async Capable": false, "Startup Cost": 1159.72, "Total Cost": 1166.59, "Plan Rows": 2749, "Plan Width": 4, "Sort Key": ["u.id"], "Plans": [{"Node Type": "Seq Scan", "Parent Relationship": "Outer", "Parallel Aware": false, "Async Capable": false, "Relation Name": "users", "Alias": "u", "Startup Cost": 0.0, "Total Cost": 1002.69, "Plan Rows": 2749, "Plan Width": 4, "Filter": "((upvotes <= 4041) AND (creationdate >= '2010-11-18 14:45:51'::timestamp without time zone) AND (creationdate <= '2011-08-23 15:04:19'::timestamp without time zone))"}]}]}, {"Node Type": "Materialize", "Parent Relationship": "Inner", "Parallel Aware": false, "Async Capable": false, "Startup Cost": 1.03, "Total Cost": 3927065.43, "Plan Rows": 6.0, "Plan Width": 12, "Plans": [{"Node Type": "Nested Loop", "Parent Relationship": "Outer", "Parallel Aware": false, "Async Capable": false, "Join Type": "Inner", "Startup Cost": 1.03, "Total Cost": 199496.5, "Plan Rows": 6.0, "Plan Width": 12, "Inner Unique": false, "Plans": [{"Node Type": "Nested Loop", "Parent Relationship": "Outer", "Parallel Aware": false, "Async Capable": false, "Join Type": "Inner", "Startup Cost": 0.72, "Total Cost": 19468.47, "Plan Rows": 45.0, "Plan Width": 8, "Inner Unique": false, "Plans": [{"Node Type": "Index Scan", "Parent Relationship": "Outer", "Parallel Aware": false, "Async Capable": false, "Scan Direction": "Forward", "Index Name": "idx_posts_owneruserid", "Relation Name": "posts", "Alias": "p", "Startup Cost": 0.29, "Total Cost": 5013.43, "Plan Rows": 8312, "Plan Width": 4, "Filter": "((answercount >= 0) AND (answercount <= 114) AND (creationdate >= '2009-07-07 07:37:28'::timestamp without time zone) AND (creationdate <= '2011-12-09 17:19:18'::timestamp without time zone))"}, {"Node Type": "Memoize", "Parent Relationship": "Inner", "Parallel Aware": false, "Async Capable": false, "Startup Cost": 0.43, "Total Cost": 1.95, "Plan Rows": 4, "Plan Width": 4, "Cache Key": "p.owneruserid", "Cache Mode": "logical", "Plans": [{"Node Type": "Index Scan", "Parent Relationship": "Outer", "Parallel Aware": false, "Async Capable": false, "Scan Direction": "Forward", "Index Name": "idx_posthistory_userid", "Relation Name": "posthistory", "Alias": "ph", "Startup Cost": 0.42, "Total Cost": 1.94, "Plan Rows": 4, "Plan Width": 4, "Index Cond": "(userid = p.owneruserid)", "Filter": "(creationdate <= '2012-05-10 10:25:46'::timestamp without time zone)"}]}]}, {"Node Type": "Memoize", "Parent Relationship": "Inner", "Parallel Aware": false, "Async Capable": false, "Startup Cost": 0.3, "Total Cost": 1.3, "Plan Rows": 10, "Plan Width": 4, "Cache Key": "p.owneruserid", "Cache Mode": "logical", "Plans": [{"Node Type": "Index Scan", "Parent Relationship": "Outer", "Parallel Aware": false, "Async Capable": false, "Scan Direction": "Forward", "Index Name": "idx_comments_userid", "Relation Name": "comments", "Alias": "c", "Startup Cost": 0.29, "Total Cost": 1.29, "Plan Rows": 10, "Plan Width": 4, "Index Cond": "(userid = p.owneruserid)", "Filter": "(score = 0)"}]}]}]}]}]}, "Timeout Time": 8938.088}]