[{"Plan": {"Node Type": "Aggregate", "Strategy": "Plain", "Partial Mode": "Simple", "Parallel Aware": false, "Async Capable": false, "Startup Cost": 2549.26, "Total Cost": 2549.27, "Plan Rows": 1, "Plan Width": 8, "Actual Rows": 1, "Actual Loops": 1, "Plans": [{"Node Type": "Nested Loop", "Parent Relationship": "Outer", "Parallel Aware": false, "Async Capable": false, "Join Type": "Inner", "Startup Cost": 0.59, "Total Cost": 2526.36, "Plan Rows": 4.0, "Plan Width": 0, "Actual Rows": 34788, "Actual Loops": 1, "Inner Unique": false, "Join Filter": "(c.userid = u.id)", "Rows Removed by Join Filter": 0, "Plans": [{"Node Type": "Nested Loop", "Parent Relationship": "Outer", "Parallel Aware": false, "Async Capable": false, "Join Type": "Inner", "Startup Cost": 0.29, "Total Cost": 2496.09, "Plan Rows": 1.0, "Plan Width": 8, "Actual Rows": 77, "Actual Loops": 1, "Inner Unique": false, "Plans": [{"Node Type": "Seq Scan", "Parent Relationship": "Outer", "Parallel Aware": false, "Async Capable": false, "Relation Name": "users", "Alias": "u", "Startup Cost": 0.0, "Total Cost": 1002.69, "Plan Rows": 131, "Plan Width": 4, "Actual Rows": 101, "Actual Loops": 1, "Filter": "((reputation >= 2119) AND (creationdate >= '2010-08-13 10:16:44'::timestamp without time zone) AND (creationdate <= '2014-08-12 11:24:22'::timestamp without time zone))", "Rows Removed by Filter": 40224}, {"Node Type": "Index Scan", "Parent Relationship": "Inner", "Parallel Aware": false, "Async Capable": false, "Scan Direction": "Forward", "Index Name": "idx_posts_owneruserid", "Relation Name": "posts", "Alias": "p", "Startup Cost": 0.29, "Total Cost": 11.39, "Plan Rows": 1, "Plan Width": 4, "Actual Rows": 1, "Actual Loops": 101, "Index Cond": "(owneruserid = u.id)", "Rows Removed by Index Recheck": 0, "Filter": "((answercount >= 1) AND (answercount <= 16) AND (commentcount >= 1) AND (commentcount <= 12) AND (creationdate >= '2013-08-27 18:34:11'::timestamp without time zone) AND (creationdate <= '2014-06-09 15:58:24'::timestamp without time zone))", "Rows Removed by Filter": 190}]}, {"Node Type": "Index Scan", "Parent Relationship": "Inner", "Parallel Aware": false, "Async Capable": false, "Scan Direction": "Forward", "Index Name": "idx_comments_userid", "Relation Name": "comments", "Alias": "c", "Startup Cost": 0.29, "Total Cost": 1.85, "Plan Rows": 13, "Plan Width": 4, "Actual Rows": 452, "Actual Loops": 77, "Index Cond": "(userid = p.owneruserid)", "Rows Removed by Index Recheck": 0, "Filter": "(creationdate >= '2009-07-29 10:52:49'::timestamp without time zone)", "Rows Removed by Filter": 0}]}]}, "Planning Time": 0.771, "Triggers": [], "Execution Time": 30.27}, {"Plan": {"Node Type": "Aggregate", "Strategy": "Plain", "Partial Mode": "Simple", "Parallel Aware": false, "Async Capable": false, "Startup Cost": 2549.26, "Total Cost": 2549.27, "Plan Rows": 1, "Plan Width": 8, "Actual Rows": 1, "Actual Loops": 1, "Plans": [{"Node Type": "Nested Loop", "Parent Relationship": "Outer", "Parallel Aware": false, "Async Capable": false, "Join Type": "Inner", "Startup Cost": 0.59, "Total Cost": 2526.36, "Plan Rows": 4.0, "Plan Width": 0, "Actual Rows": 34788, "Actual Loops": 1, "Inner Unique": false, "Join Filter": "(c.userid = u.id)", "Rows Removed by Join Filter": 0, "Plans": [{"Node Type": "Nested Loop", "Parent Relationship": "Outer", "Parallel Aware": false, "Async Capable": false, "Join Type": "Inner", "Startup Cost": 0.29, "Total Cost": 2496.09, "Plan Rows": 1.0, "Plan Width": 8, "Actual Rows": 77, "Actual Loops": 1, "Inner Unique": false, "Plans": [{"Node Type": "Seq Scan", "Parent Relationship": "Outer", "Parallel Aware": false, "Async Capable": false, "Relation Name": "users", "Alias": "u", "Startup Cost": 0.0, "Total Cost": 1002.69, "Plan Rows": 131, "Plan Width": 4, "Actual Rows": 101, "Actual Loops": 1, "Filter": "((reputation >= 2119) AND (creationdate >= '2010-08-13 10:16:44'::timestamp without time zone) AND (creationdate <= '2014-08-12 11:24:22'::timestamp without time zone))", "Rows Removed by Filter": 40224}, {"Node Type": "Index Scan", "Parent Relationship": "Inner", "Parallel Aware": false, "Async Capable": false, "Scan Direction": "Forward", "Index Name": "idx_posts_owneruserid", "Relation Name": "posts", "Alias": "p", "Startup Cost": 0.29, "Total Cost": 11.39, "Plan Rows": 1, "Plan Width": 4, "Actual Rows": 1, "Actual Loops": 101, "Index Cond": "(owneruserid = u.id)", "Rows Removed by Index Recheck": 0, "Filter": "((answercount >= 1) AND (answercount <= 16) AND (commentcount >= 1) AND (commentcount <= 12) AND (creationdate >= '2013-08-27 18:34:11'::timestamp without time zone) AND (creationdate <= '2014-06-09 15:58:24'::timestamp without time zone))", "Rows Removed by Filter": 190}]}, {"Node Type": "Index Scan", "Parent Relationship": "Inner", "Parallel Aware": false, "Async Capable": false, "Scan Direction": "Forward", "Index Name": "idx_comments_userid", "Relation Name": "comments", "Alias": "c", "Startup Cost": 0.29, "Total Cost": 1.85, "Plan Rows": 13, "Plan Width": 4, "Actual Rows": 452, "Actual Loops": 77, "Index Cond": "(userid = p.owneruserid)", "Rows Removed by Index Recheck": 0, "Filter": "(creationdate >= '2009-07-29 10:52:49'::timestamp without time zone)", "Rows Removed by Filter": 0}]}]}, "Planning Time": 0.717, "Triggers": [], "Execution Time": 22.002}, {"Plan": {"Node Type": "Aggregate", "Strategy": "Plain", "Partial Mode": "Simple", "Parallel Aware": false, "Async Capable": false, "Startup Cost": 8026.75, "Total Cost": 8026.76, "Plan Rows": 1, "Plan Width": 8, "Actual Rows": 1, "Actual Loops": 1, "Plans": [{"Node Type": "Hash Join", "Parent Relationship": "Outer", "Parallel Aware": false, "Async Capable": false, "Join Type": "Inner", "Startup Cost": 4828.5, "Total Cost": 8003.85, "Plan Rows": 4.0, "Plan Width": 0, "Actual Rows": 34788, "Actual Loops": 1, "Inner Unique": false, "Hash Cond": "(p.owneruserid = u.id)", "Plans": [{"Node Type": "Seq Scan", "Parent Relationship": "Outer", "Parallel Aware": false, "Async Capable": false, "Relation Name": "posts", "Alias": "p", "Startup Cost": 0.0, "Total Cost": 3139.4, "Plan Rows": 4708, "Plan Width": 4, "Actual Rows": 4643, "Actual Loops": 1, "Filter": "((answercount >= 1) AND (answercount <= 16) AND (commentcount >= 1) AND (commentcount <= 12) AND (creationdate >= '2013-08-27 18:34:11'::timestamp without time zone) AND (creationdate <= '2014-06-09 15:58:24'::timestamp without time zone))", "Rows Removed by Filter": 87333}, {"Node Type": "Hash", "Parent Relationship": "Inner", "Parallel Aware": false, "Async Capable": false, "Startup Cost": 4821.53, "Total Cost": 4821.53, "Plan Rows": 205.0, "Plan Width": 8, "Actual Rows": 64373, "Actual Loops": 1, "Hash Buckets": 65536, "Original Hash Buckets": 1024, "Hash Batches": 1, "Original Hash Batches": 1, "Peak Memory Usage": 3027, "Plans": [{"Node Type": "Nested Loop", "Parent Relationship": "Outer", "Parallel Aware": false, "Async Capable": false, "Join Type": "Inner", "Startup Cost": 0.29, "Total Cost": 4821.53, "Plan Rows": 205.0, "Plan Width": 8, "Actual Rows": 64373, "Actual Loops": 1, "Inner Unique": false, "Plans": [{"Node Type": "Seq Scan", "Parent Relationship": "Outer", "Parallel Aware": false, "Async Capable": false, "Relation Name": "users", "Alias": "u", "Startup Cost": 0.0, "Total Cost": 1002.69, "Plan Rows": 131, "Plan Width": 4, "Actual Rows": 101, "Actual Loops": 1, "Filter": "((reputation >= 2119) AND (creationdate >= '2010-08-13 10:16:44'::timestamp without time zone) AND (creationdate <= '2014-08-12 11:24:22'::timestamp without time zone))", "Rows Removed by Filter": 40224}, {"Node Type": "Index Scan", "Parent Relationship": "Inner", "Parallel Aware": false, "Async Capable": false, "Scan Direction": "Forward", "Index Name": "idx_comments_userid", "Relation Name": "comments", "Alias": "c", "Startup Cost": 0.29, "Total Cost": 29.02, "Plan Rows": 13, "Plan Width": 4, "Actual Rows": 637, "Actual Loops": 101, "Index Cond": "(userid = u.id)", "Rows Removed by Index Recheck": 0, "Filter": "(creationdate >= '2009-07-29 10:52:49'::timestamp without time zone)", "Rows Removed by Filter": 0}]}]}]}]}, "Planning Time": 1.408, "Triggers": [], "Execution Time": 87.898}, {"Plan": {"Node Type": "Aggregate", "Strategy": "Plain", "Partial Mode": "Simple", "Parallel Aware": false, "Async Capable": false, "Startup Cost": 30002.88, "Total Cost": 30002.89, "Plan Rows": 1, "Plan Width": 8, "Actual Rows": 1, "Actual Loops": 1, "Plans": [{"Node Type": "Merge Join", "Parent Relationship": "Outer", "Parallel Aware": false, "Async Capable": false, "Join Type": "Inner", "Startup Cost": 0.89, "Total Cost": 29979.97, "Plan Rows": 4.0, "Plan Width": 0, "Actual Rows": 34788, "Actual Loops": 1, "Inner Unique": false, "Merge Cond": "(u.id = p.owneruserid)", "Plans": [{"Node Type": "Index Scan", "Parent Relationship": "Outer", "Parallel Aware": false, "Async Capable": false, "Scan Direction": "Forward", "Index Name": "users_pkey", "Relation Name": "users", "Alias": "u", "Startup Cost": 0.29, "Total Cost": 1659.6, "Plan Rows": 131, "Plan Width": 4, "Actual Rows": 101, "Actual Loops": 1, "Filter": "((reputation >= 2119) AND (creationdate >= '2010-08-13 10:16:44'::timestamp without time zone) AND (creationdate <= '2014-08-12 11:24:22'::timestamp without time zone))", "Rows Removed by Filter": 37078}, {"Node Type": "Materialize", "Parent Relationship": "Inner", "Parallel Aware": false, "Async Capable": false, "Startup Cost": 0.6, "Total Cost": 21503.07, "Plan Rows": 62.0, "Plan Width": 8, "Actual Rows": 153869, "Actual Loops": 1, "Plans": [{"Node Type": "Nested Loop", "Parent Relationship": "Outer", "Parallel Aware": false, "Async Capable": false, "Join Type": "Inner", "Startup Cost": 0.6, "Total Cost": 14343.94, "Plan Rows": 62.0, "Plan Width": 8, "Actual Rows": 153869, "Actual Loops": 1, "Inner Unique": false, "Plans": [{"Node Type": "Index Scan", "Parent Relationship": "Outer", "Parallel Aware": false, "Async Capable": false, "Scan Direction": "Forward", "Index Name": "idx_posts_owneruserid", "Relation Name": "posts", "Alias": "p", "Startup Cost": 0.29, "Total Cost": 5473.31, "Plan Rows": 4708, "Plan Width": 4, "Actual Rows": 4643, "Actual Loops": 1, "Filter": "((answercount >= 1) AND (answercount <= 16) AND (commentcount >= 1) AND (commentcount <= 12) AND (creationdate >= '2013-08-27 18:34:11'::timestamp without time zone) AND (creationdate <= '2014-06-09 15:58:24'::timestamp without time zone))", "Rows Removed by Filter": 87333}, {"Node Type": "Memoize", "Parent Relationship": "Inner", "Parallel Aware": false, "Async Capable": false, "Startup Cost": 0.3, "Total Cost": 1.86, "Plan Rows": 13, "Plan Width": 4, "Actual Rows": 33, "Actual Loops": 4643, "Cache Key": "p.owneruserid", "Cache Mode": "logical", "Cache Hits": 1496, "Cache Misses": 3147, "Cache Evictions": 0, "Cache Overflows": 0, "Peak Memory Usage": 2302, "Plans": [{"Node Type": "Index Scan", "Parent Relationship": "Outer", "Parallel Aware": false, "Async Capable": false, "Scan Direction": "Forward", "Index Name": "idx_comments_userid", "Relation Name": "comments", "Alias": "c", "Startup Cost": 0.29, "Total Cost": 1.85, "Plan Rows": 13, "Plan Width": 4, "Actual Rows": 19, "Actual Loops": 3147, "Index Cond": "(userid = p.owneruserid)", "Rows Removed by Index Recheck": 0, "Filter": "(creationdate >= '2009-07-29 10:52:49'::timestamp without time zone)", "Rows Removed by Filter": 0}]}]}]}]}]}, "Planning Time": 1.567, "Triggers": [], "Execution Time": 177.291}, {"Plan": {"Node Type": "Aggregate", "Strategy": "Plain", "Partial Mode": "Simple", "Parallel Aware": false, "Async Capable": false, "Startup Cost": 20555.13, "Total Cost": 20555.14, "Plan Rows": 1, "Plan Width": 8, "Actual Rows": 1, "Actual Loops": 1, "Plans": [{"Node Type": "Hash Join", "Parent Relationship": "Outer", "Parallel Aware": false, "Async Capable": false, "Join Type": "Inner", "Startup Cost": 1004.63, "Total Cost": 20532.22, "Plan Rows": 4.0, "Plan Width": 0, "Actual Rows": 34788, "Actual Loops": 1, "Inner Unique": true, "Hash Cond": "(p.owneruserid = u.id)", "Plans": [{"Node Type": "Nested Loop", "Parent Relationship": "Outer", "Parallel Aware": false, "Async Capable": false, "Join Type": "Inner", "Startup Cost": 0.3, "Total Cost": 12010.03, "Plan Rows": 62.0, "Plan Width": 8, "Actual Rows": 153869, "Actual Loops": 1, "Inner Unique": false, "Plans": [{"Node Type": "Seq Scan", "Parent Relationship": "Outer", "Parallel Aware": false, "Async Capable": false, "Relation Name": "posts", "Alias": "p", "Startup Cost": 0.0, "Total Cost": 3139.4, "Plan Rows": 4708, "Plan Width": 4, "Actual Rows": 4643, "Actual Loops": 1, "Filter": "((answercount >= 1) AND (answercount <= 16) AND (commentcount >= 1) AND (commentcount <= 12) AND (creationdate >= '2013-08-27 18:34:11'::timestamp without time zone) AND (creationdate <= '2014-06-09 15:58:24'::timestamp without time zone))", "Rows Removed by Filter": 87333}, {"Node Type": "Memoize", "Parent Relationship": "Inner", "Parallel Aware": false, "Async Capable": false, "Startup Cost": 0.3, "Total Cost": 1.86, "Plan Rows": 13, "Plan Width": 4, "Actual Rows": 33, "Actual Loops": 4643, "Cache Key": "p.owneruserid", "Cache Mode": "logical", "Cache Hits": 1496, "Cache Misses": 3147, "Cache Evictions": 0, "Cache Overflows": 0, "Peak Memory Usage": 2302, "Plans": [{"Node Type": "Index Scan", "Parent Relationship": "Outer", "Parallel Aware": false, "Async Capable": false, "Scan Direction": "Forward", "Index Name": "idx_comments_userid", "Relation Name": "comments", "Alias": "c", "Startup Cost": 0.29, "Total Cost": 1.85, "Plan Rows": 13, "Plan Width": 4, "Actual Rows": 19, "Actual Loops": 3147, "Index Cond": "(userid = p.owneruserid)", "Rows Removed by Index Recheck": 0, "Filter": "(creationdate >= '2009-07-29 10:52:49'::timestamp without time zone)", "Rows Removed by Filter": 0}]}]}, {"Node Type": "Hash", "Parent Relationship": "Inner", "Parallel Aware": false, "Async Capable": false, "Startup Cost": 1002.69, "Total Cost": 1002.69, "Plan Rows": 131, "Plan Width": 4, "Actual Rows": 101, "Actual Loops": 1, "Hash Buckets": 1024, "Original Hash Buckets": 1024, "Hash Batches": 1, "Original Hash Batches": 1, "Peak Memory Usage": 12, "Plans": [{"Node Type": "Seq Scan", "Parent Relationship": "Outer", "Parallel Aware": false, "Async Capable": false, "Relation Name": "users", "Alias": "u", "Startup Cost": 0.0, "Total Cost": 1002.69, "Plan Rows": 131, "Plan Width": 4, "Actual Rows": 101, "Actual Loops": 1, "Filter": "((reputation >= 2119) AND (creationdate >= '2010-08-13 10:16:44'::timestamp without time zone) AND (creationdate <= '2014-08-12 11:24:22'::timestamp without time zone))", "Rows Removed by Filter": 40224}]}]}]}, "Planning Time": 1.572, "Triggers": [], "Execution Time": 104.561}, {"Plan": {"Node Type": "Aggregate", "Strategy": "Plain", "Partial Mode": "Simple", "Parallel Aware": false, "Async Capable": false, "Startup Cost": 5099.14, "Total Cost": 5099.15, "Plan Rows": 1, "Plan Width": 8, "Plans": [{"Node Type": "Nested Loop", "Parent Relationship": "Outer", "Parallel Aware": false, "Async Capable": false, "Join Type": "Inner", "Startup Cost": 0.59, "Total Cost": 5076.24, "Plan Rows": 4.0, "Plan Width": 0, "Inner Unique": false, "Join Filter": "(p.owneruserid = u.id)", "Plans": [{"Node Type": "Nested Loop", "Parent Relationship": "Outer", "Parallel Aware": false, "Async Capable": false, "Join Type": "Inner", "Startup Cost": 0.29, "Total Cost": 4821.53, "Plan Rows": 205.0, "Plan Width": 8, "Inner Unique": false, "Plans": [{"Node Type": "Seq Scan", "Parent Relationship": "Outer", "Parallel Aware": false, "Async Capable": false, "Relation Name": "users", "Alias": "u", "Startup Cost": 0.0, "Total Cost": 1002.69, "Plan Rows": 131, "Plan Width": 4, "Filter": "((reputation >= 2119) AND (creationdate >= '2010-08-13 10:16:44'::timestamp without time zone) AND (creationdate <= '2014-08-12 11:24:22'::timestamp without time zone))"}, {"Node Type": "Index Scan", "Parent Relationship": "Inner", "Parallel Aware": false, "Async Capable": false, "Scan Direction": "Forward", "Index Name": "idx_comments_userid", "Relation Name": "comments", "Alias": "c", "Startup Cost": 0.29, "Total Cost": 29.02, "Plan Rows": 13, "Plan Width": 4, "Index Cond": "(userid = u.id)", "Filter": "(creationdate >= '2009-07-29 10:52:49'::timestamp without time zone)"}]}, {"Node Type": "Index Scan", "Parent Relationship": "Inner", "Parallel Aware": false, "Async Capable": false, "Scan Direction": "Forward", "Index Name": "idx_posts_owneruserid", "Relation Name": "posts", "Alias": "p", "Startup Cost": 0.29, "Total Cost": 0.44, "Plan Rows": 1, "Plan Width": 4, "Index Cond": "(owneruserid = c.userid)", "Filter": "((answercount >= 1) AND (answercount <= 16) AND (commentcount >= 1) AND (commentcount <= 12) AND (creationdate >= '2013-08-27 18:34:11'::timestamp without time zone) AND (creationdate <= '2014-06-09 15:58:24'::timestamp without time zone))"}]}]}, "Timeout Time": 5000}, {"Plan": {"Node Type": "Aggregate", "Strategy": "Plain", "Partial Mode": "Finalize", "Parallel Aware": false, "Async Capable": false, "Startup Cost": 6520.14, "Total Cost": 6520.15, "Plan Rows": 1, "Plan Width": 8, "Actual Rows": 1, "Actual Loops": 1, "Plans": [{"Node Type": "Gather", "Parent Relationship": "Outer", "Parallel Aware": false, "Async Capable": false, "Startup Cost": 6520.02, "Total Cost": 6520.13, "Plan Rows": 1, "Plan Width": 8, "Actual Rows": 2, "Actual Loops": 1, "Workers Planned": 1, "Workers Launched": 1, "Single Copy": false, "Plans": [{"Node Type": "Aggregate", "Strategy": "Plain", "Partial Mode": "Partial", "Parent Relationship": "Outer", "Parallel Aware": false, "Async Capable": false, "Startup Cost": 5520.02, "Total Cost": 5520.03, "Plan Rows": 1, "Plan Width": 8, "Actual Rows": 1, "Actual Loops": 2, "Workers": [], "Plans": [{"Node Type": "Hash Join", "Parent Relationship": "Outer", "Parallel Aware": false, "Async Capable": false, "Join Type": "Inner", "Startup Cost": 2496.28, "Total Cost": 5506.55, "Plan Rows": 4.0, "Plan Width": 0, "Actual Rows": 17394, "Actual Loops": 2, "Inner Unique": false, "Hash Cond": "(c.userid = u.id)", "Workers": [], "Plans": [{"Node Type": "Seq Scan", "Parent Relationship": "Outer", "Parallel Aware": true, "Async Capable": false, "Relation Name": "comments", "Alias": "c", "Startup Cost": 0.0, "Total Cost": 2625.65, "Plan Rows": 102465, "Plan Width": 4, "Actual Rows": 87138, "Actual Loops": 2, "Filter": "(creationdate >= '2009-07-29 10:52:49'::timestamp without time zone)", "Rows Removed by Filter": 14, "Workers": []}, {"Node Type": "Hash", "Parent Relationship": "Inner", "Parallel Aware": false, "Async Capable": false, "Startup Cost": 2496.09, "Total Cost": 2496.09, "Plan Rows": 1.0, "Plan Width": 8, "Actual Rows": 77, "Actual Loops": 2, "Hash Buckets": 1024, "Original Hash Buckets": 1024, "Hash Batches": 1, "Original Hash Batches": 1, "Peak Memory Usage": 12, "Workers": [], "Plans": [{"Node Type": "Nested Loop", "Parent Relationship": "Outer", "Parallel Aware": false, "Async Capable": false, "Join Type": "Inner", "Startup Cost": 0.29, "Total Cost": 2496.09, "Plan Rows": 1.0, "Plan Width": 8, "Actual Rows": 77, "Actual Loops": 2, "Inner Unique": false, "Workers": [], "Plans": [{"Node Type": "Seq Scan", "Parent Relationship": "Outer", "Parallel Aware": false, "Async Capable": false, "Relation Name": "users", "Alias": "u", "Startup Cost": 0.0, "Total Cost": 1002.69, "Plan Rows": 131, "Plan Width": 4, "Actual Rows": 101, "Actual Loops": 2, "Filter": "((reputation >= 2119) AND (creationdate >= '2010-08-13 10:16:44'::timestamp without time zone) AND (creationdate <= '2014-08-12 11:24:22'::timestamp without time zone))", "Rows Removed by Filter": 40224, "Workers": []}, {"Node Type": "Index Scan", "Parent Relationship": "Inner", "Parallel Aware": false, "Async Capable": false, "Scan Direction": "Forward", "Index Name": "idx_posts_owneruserid", "Relation Name": "posts", "Alias": "p", "Startup Cost": 0.29, "Total Cost": 11.39, "Plan Rows": 1, "Plan Width": 4, "Actual Rows": 1, "Actual Loops": 202, "Index Cond": "(owneruserid = u.id)", "Rows Removed by Index Recheck": 0, "Filter": "((answercount >= 1) AND (answercount <= 16) AND (commentcount >= 1) AND (commentcount <= 12) AND (creationdate >= '2013-08-27 18:34:11'::timestamp without time zone) AND (creationdate <= '2014-06-09 15:58:24'::timestamp without time zone))", "Rows Removed by Filter": 190, "Workers": []}]}]}]}]}]}]}, "Planning Time": 1.002, "Triggers": [], "Execution Time": 45.304}, {"Plan": {"Node Type": "Aggregate", "Strategy": "Plain", "Partial Mode": "Finalize", "Parallel Aware": false, "Async Capable": false, "Startup Cost": 5062.54, "Total Cost": 5062.55, "Plan Rows": 1, "Plan Width": 8, "Actual Rows": 1, "Actual Loops": 1, "Plans": [{"Node Type": "Gather", "Parent Relationship": "Outer", "Parallel Aware": false, "Async Capable": false, "Startup Cost": 5062.43, "Total Cost": 5062.54, "Plan Rows": 1, "Plan Width": 8, "Actual Rows": 2, "Actual Loops": 1, "Workers Planned": 1, "Workers Launched": 1, "Single Copy": false, "Plans": [{"Node Type": "Aggregate", "Strategy": "Plain", "Partial Mode": "Partial", "Parent Relationship": "Outer", "Parallel Aware": false, "Async Capable": false, "Startup Cost": 4062.43, "Total Cost": 4062.44, "Plan Rows": 1, "Plan Width": 8, "Actual Rows": 1, "Actual Loops": 2, "Workers": [], "Plans": [{"Node Type": "Nested Loop", "Parent Relationship": "Outer", "Parallel Aware": false, "Async Capable": false, "Join Type": "Inner", "Startup Cost": 1004.62, "Total Cost": 4048.96, "Plan Rows": 4.0, "Plan Width": 0, "Actual Rows": 17394, "Actual Loops": 2, "Inner Unique": false, "Join Filter": "(p.owneruserid = u.id)", "Rows Removed by Join Filter": 0, "Workers": [], "Plans": [{"Node Type": "Hash Join", "Parent Relationship": "Outer", "Parallel Aware": false, "Async Capable": false, "Join Type": "Inner", "Startup Cost": 1004.33, "Total Cost": 3898.97, "Plan Rows": 205.0, "Plan Width": 8, "Actual Rows": 32186, "Actual Loops": 2, "Inner Unique": true, "Hash Cond": "(c.userid = u.id)", "Workers": [], "Plans": [{"Node Type": "Seq Scan", "Parent Relationship": "Outer", "Parallel Aware": true, "Async Capable": false, "Relation Name": "comments", "Alias": "c", "Startup Cost": 0.0, "Total Cost": 2625.65, "Plan Rows": 102465, "Plan Width": 4, "Actual Rows": 87138, "Actual Loops": 2, "Filter": "(creationdate >= '2009-07-29 10:52:49'::timestamp without time zone)", "Rows Removed by Filter": 14, "Workers": []}, {"Node Type": "Hash", "Parent Relationship": "Inner", "Parallel Aware": false, "Async Capable": false, "Startup Cost": 1002.69, "Total Cost": 1002.69, "Plan Rows": 131, "Plan Width": 4, "Actual Rows": 101, "Actual Loops": 2, "Hash Buckets": 1024, "Original Hash Buckets": 1024, "Hash Batches": 1, "Original Hash Batches": 1, "Peak Memory Usage": 12, "Workers": [], "Plans": [{"Node Type": "Seq Scan", "Parent Relationship": "Outer", "Parallel Aware": false, "Async Capable": false, "Relation Name": "users", "Alias": "u", "Startup Cost": 0.0, "Total Cost": 1002.69, "Plan Rows": 131, "Plan Width": 4, "Actual Rows": 101, "Actual Loops": 2, "Filter": "((reputation >= 2119) AND (creationdate >= '2010-08-13 10:16:44'::timestamp without time zone) AND (creationdate <= '2014-08-12 11:24:22'::timestamp without time zone))", "Rows Removed by Filter": 40224, "Workers": []}]}]}, {"Node Type": "Index Scan", "Parent Relationship": "Inner", "Parallel Aware": false, "Async Capable": false, "Scan Direction": "Forward", "Index Name": "idx_posts_owneruserid", "Relation Name": "posts", "Alias": "p", "Startup Cost": 0.29, "Total Cost": 0.44, "Plan Rows": 1, "Plan Width": 4, "Actual Rows": 1, "Actual Loops": 64373, "Index Cond": "(owneruserid = c.userid)", "Rows Removed by Index Recheck": 0, "Filter": "((answercount >= 1) AND (answercount <= 16) AND (commentcount >= 1) AND (commentcount <= 12) AND (creationdate >= '2013-08-27 18:34:11'::timestamp without time zone) AND (creationdate <= '2014-06-09 15:58:24'::timestamp without time zone))", "Rows Removed by Filter": 502, "Workers": []}]}]}]}]}, "Planning Time": 2.449, "Triggers": [], "Execution Time": 3985.08}]