[{"Plan": {"Node Type": "Aggregate", "Strategy": "Plain", "Partial Mode": "Finalize", "Parallel Aware": false, "Async Capable": false, "Startup Cost": 9608.45, "Total Cost": 9608.46, "Plan Rows": 1, "Plan Width": 8, "Actual Rows": 1, "Actual Loops": 1, "Plans": [{"Node Type": "Gather", "Parent Relationship": "Outer", "Parallel Aware": false, "Async Capable": false, "Startup Cost": 9608.34, "Total Cost": 9608.45, "Plan Rows": 1, "Plan Width": 8, "Actual Rows": 2, "Actual Loops": 1, "Workers Planned": 1, "Workers Launched": 1, "Single Copy": false, "Plans": [{"Node Type": "Aggregate", "Strategy": "Plain", "Partial Mode": "Partial", "Parent Relationship": "Outer", "Parallel Aware": false, "Async Capable": false, "Startup Cost": 8608.34, "Total Cost": 8608.35, "Plan Rows": 1, "Plan Width": 8, "Actual Rows": 1, "Actual Loops": 2, "Workers": [], "Plans": [{"Node Type": "Hash Join", "Parent Relationship": "Outer", "Parallel Aware": true, "Async Capable": false, "Join Type": "Inner", "Startup Cost": 2846.8, "Total Cost": 6072.29, "Plan Rows": 7706.0, "Plan Width": 0, "Actual Rows": 1257504, "Actual Loops": 2, "Inner Unique": false, "Hash Cond": "(c.userid = u.id)", "Workers": [], "Plans": [{"Node Type": "Seq Scan", "Parent Relationship": "Outer", "Parallel Aware": true, "Async Capable": false, "Relation Name": "comments", "Alias": "c", "Startup Cost": 0.0, "Total Cost": 2881.99, "Plan Rows": 68835, "Plan Width": 4, "Actual Rows": 58586, "Actual Loops": 2, "Filter": "((creationdate >= '2010-04-09 03:50:04'::timestamp without time zone) AND (creationdate <= '2013-11-02 15:14:42'::timestamp without time zone))", "Rows Removed by Filter": 28566, "Workers": []}, {"Node Type": "Hash", "Parent Relationship": "Inner", "Parallel Aware": true, "Async Capable": false, "Startup Cost": 2783.22, "Total Cost": 2783.22, "Plan Rows": 3178.0, "Plan Width": 8, "Actual Rows": 5370, "Actual Loops": 2, "Hash Buckets": 16384, "Original Hash Buckets": 16384, "Hash Batches": 1, "Original Hash Batches": 1, "Peak Memory Usage": 576, "Workers": [], "Plans": [{"Node Type": "Merge Join", "Parent Relationship": "Outer", "Parallel Aware": false, "Async Capable": false, "Join Type": "Inner", "Startup Cost": 0.71, "Total Cost": 2783.22, "Plan Rows": 3178.0, "Plan Width": 8, "Actual Rows": 5370, "Actual Loops": 2, "Inner Unique": true, "Merge Cond": "(v.userid = u.id)", "Workers": [], "Plans": [{"Node Type": "Index Scan", "Parent Relationship": "Outer", "Parallel Aware": true, "Async Capable": false, "Scan Direction": "Forward", "Index Name": "idx_votes_userid", "Relation Name": "votes", "Alias": "v", "Startup Cost": 0.42, "Total Cost": 11216.36, "Plan Rows": 69936, "Plan Width": 4, "Actual Rows": 5370, "Actual Loops": 2, "Filter": "((creationdate >= '2010-11-10 01:25:49'::timestamp without time zone) AND (creationdate <= '2012-10-02 04:44:39'::timestamp without time zone))", "Rows Removed by Filter": 19573, "Workers": []}, {"Node Type": "Index Scan", "Parent Relationship": "Inner", "Parallel Aware": false, "Async Capable": false, "Scan Direction": "Forward", "Index Name": "users_pkey", "Relation Name": "users", "Alias": "u", "Startup Cost": 0.29, "Total Cost": 1457.98, "Plan Rows": 27734, "Plan Width": 4, "Actual Rows": 14549, "Actual Loops": 2, "Filter": "(creationdate <= '2014-02-10 08:49:11'::timestamp without time zone)", "Rows Removed by Filter": 0, "Workers": []}]}]}]}]}]}]}, "Planning Time": 2.006, "Triggers": [], "Execution Time": 166.731}, {"Plan": {"Node Type": "Aggregate", "Strategy": "Plain", "Partial Mode": "Simple", "Parallel Aware": false, "Async Capable": false, "Startup Cost": 59004.98, "Total Cost": 59004.99, "Plan Rows": 1, "Plan Width": 8, "Actual Rows": 1, "Actual Loops": 1, "Plans": [{"Node Type": "Merge Join", "Parent Relationship": "Outer", "Parallel Aware": false, "Async Capable": false, "Join Type": "Inner", "Startup Cost": 1.13, "Total Cost": 54693.7, "Plan Rows": 7706.0, "Plan Width": 0, "Actual Rows": 2515008, "Actual Loops": 1, "Inner Unique": false, "Merge Cond": "(u.id = c.userid)", "Plans": [{"Node Type": "Index Scan", "Parent Relationship": "Outer", "Parallel Aware": false, "Async Capable": false, "Scan Direction": "Forward", "Index Name": "users_pkey", "Relation Name": "users", "Alias": "u", "Startup Cost": 0.29, "Total Cost": 1457.98, "Plan Rows": 27734, "Plan Width": 4, "Actual Rows": 17716, "Actual Loops": 1, "Filter": "(creationdate <= '2014-02-10 08:49:11'::timestamp without time zone)", "Rows Removed by Filter": 0}, {"Node Type": "Materialize", "Parent Relationship": "Inner", "Parallel Aware": false, "Async Capable": false, "Startup Cost": 0.73, "Total Cost": 30151.41, "Plan Rows": 22321.0, "Plan Width": 8, "Actual Rows": 2515008, "Actual Loops": 1, "Plans": [{"Node Type": "Nested Loop", "Parent Relationship": "Outer", "Parallel Aware": false, "Async Capable": false, "Join Type": "Inner", "Startup Cost": 0.73, "Total Cost": 23777.42, "Plan Rows": 22321.0, "Plan Width": 8, "Actual Rows": 2515008, "Actual Loops": 1, "Inner Unique": false, "Plans": [{"Node Type": "Index Scan", "Parent Relationship": "Outer", "Parallel Aware": false, "Async Capable": false, "Scan Direction": "Forward", "Index Name": "idx_comments_userid", "Relation Name": "comments", "Alias": "c", "Startup Cost": 0.29, "Total Cost": 8694.72, "Plan Rows": 117020, "Plan Width": 4, "Actual Rows": 117173, "Actual Loops": 1, "Filter": "((creationdate >= '2010-04-09 03:50:04'::timestamp without time zone) AND (creationdate <= '2013-11-02 15:14:42'::timestamp without time zone))", "Rows Removed by Filter": 57132}, {"Node Type": "Memoize", "Parent Relationship": "Inner", "Parallel Aware": false, "Async Capable": false, "Startup Cost": 0.43, "Total Cost": 0.72, "Plan Rows": 3, "Plan Width": 4, "Actual Rows": 21, "Actual Loops": 117173, "Cache Key": "c.userid", "Cache Mode": "logical", "Cache Hits": 108439, "Cache Misses": 8734, "Cache Evictions": 0, "Cache Overflows": 0, "Peak Memory Usage": 900, "Plans": [{"Node Type": "Index Scan", "Parent Relationship": "Outer", "Parallel Aware": false, "Async Capable": false, "Scan Direction": "Forward", "Index Name": "idx_votes_userid", "Relation Name": "votes", "Alias": "v", "Startup Cost": 0.42, "Total Cost": 0.71, "Plan Rows": 3, "Plan Width": 4, "Actual Rows": 1, "Actual Loops": 8734, "Index Cond": "(userid = c.userid)", "Rows Removed by Index Recheck": 0, "Filter": "((creationdate >= '2010-11-10 01:25:49'::timestamp without time zone) AND (creationdate <= '2012-10-02 04:44:39'::timestamp without time zone))", "Rows Removed by Filter": 2}]}]}]}]}]}, "Planning Time": 1.79, "Triggers": [], "Execution Time": 885.792}, {"Plan": {"Node Type": "Aggregate", "Strategy": "Plain", "Partial Mode": "Finalize", "Parallel Aware": false, "Async Capable": false, "Startup Cost": 13818.33, "Total Cost": 13818.34, "Plan Rows": 1, "Plan Width": 8, "Actual Rows": 1, "Actual Loops": 1, "Plans": [{"Node Type": "Gather", "Parent Relationship": "Outer", "Parallel Aware": false, "Async Capable": false, "Startup Cost": 13818.22, "Total Cost": 13818.33, "Plan Rows": 1, "Plan Width": 8, "Actual Rows": 2, "Actual Loops": 1, "Workers Planned": 1, "Workers Launched": 1, "Single Copy": false, "Plans": [{"Node Type": "Aggregate", "Strategy": "Plain", "Partial Mode": "Partial", "Parent Relationship": "Outer", "Parallel Aware": false, "Async Capable": false, "Startup Cost": 12818.22, "Total Cost": 12818.23, "Plan Rows": 1, "Plan Width": 8, "Actual Rows": 1, "Actual Loops": 2, "Workers": [], "Plans": [{"Node Type": "Hash Join", "Parent Relationship": "Outer", "Parallel Aware": true, "Async Capable": false, "Join Type": "Inner", "Startup Cost": 4792.42, "Total Cost": 10282.18, "Plan Rows": 7706.0, "Plan Width": 0, "Actual Rows": 1257504, "Actual Loops": 2, "Inner Unique": false, "Hash Cond": "(v.userid = u.id)", "Workers": [], "Plans": [{"Node Type": "Seq Scan", "Parent Relationship": "Outer", "Parallel Aware": true, "Async Capable": false, "Relation Name": "votes", "Alias": "v", "Startup Cost": 0.0, "Total Cost": 5054.68, "Plan Rows": 69936, "Plan Width": 4, "Actual Rows": 59445, "Actual Loops": 2, "Filter": "((creationdate >= '2010-11-10 01:25:49'::timestamp without time zone) AND (creationdate <= '2012-10-02 04:44:39'::timestamp without time zone))", "Rows Removed by Filter": 104587, "Workers": []}, {"Node Type": "Hash", "Parent Relationship": "Inner", "Parallel Aware": true, "Async Capable": false, "Startup Cost": 4210.44, "Total Cost": 4210.44, "Plan Rows": 603.0, "Plan Width": 8, "Actual Rows": 57312, "Actual Loops": 2, "Hash Buckets": 131072, "Original Hash Buckets": 131072, "Hash Batches": 1, "Original Hash Batches": 1, "Peak Memory Usage": 5536, "Workers": [], "Plans": [{"Node Type": "Hash Join", "Parent Relationship": "Outer", "Parallel Aware": false, "Async Capable": false, "Join Type": "Inner", "Startup Cost": 1147.74, "Total Cost": 4210.44, "Plan Rows": 603.0, "Plan Width": 8, "Actual Rows": 57312, "Actual Loops": 2, "Inner Unique": true, "Hash Cond": "(c.userid = u.id)", "Workers": [], "Plans": [{"Node Type": "Seq Scan", "Parent Relationship": "Outer", "Parallel Aware": true, "Async Capable": false, "Relation Name": "comments", "Alias": "c", "Startup Cost": 0.0, "Total Cost": 2881.99, "Plan Rows": 68835, "Plan Width": 4, "Actual Rows": 58586, "Actual Loops": 2, "Filter": "((creationdate >= '2010-04-09 03:50:04'::timestamp without time zone) AND (creationdate <= '2013-11-02 15:14:42'::timestamp without time zone))", "Rows Removed by Filter": 28566, "Workers": []}, {"Node Type": "Hash", "Parent Relationship": "Inner", "Parallel Aware": false, "Async Capable": false, "Startup Cost": 801.06, "Total Cost": 801.06, "Plan Rows": 27734, "Plan Width": 4, "Actual Rows": 27723, "Actual Loops": 2, "Hash Buckets": 32768, "Original Hash Buckets": 32768, "Hash Batches": 1, "Original Hash Batches": 1, "Peak Memory Usage": 1231, "Workers": [], "Plans": [{"Node Type": "Seq Scan", "Parent Relationship": "Outer", "Parallel Aware": false, "Async Capable": false, "Relation Name": "users", "Alias": "u", "Startup Cost": 0.0, "Total Cost": 801.06, "Plan Rows": 27734, "Plan Width": 4, "Actual Rows": 27723, "Actual Loops": 2, "Filter": "(creationdate <= '2014-02-10 08:49:11'::timestamp without time zone)", "Rows Removed by Filter": 12602, "Workers": []}]}]}]}]}]}]}]}, "Planning Time": 3.538, "Triggers": [], "Execution Time": 233.81}, {"Plan": {"Node Type": "Aggregate", "Strategy": "Plain", "Partial Mode": "Finalize", "Parallel Aware": false, "Async Capable": false, "Startup Cost": 9608.45, "Total Cost": 9608.46, "Plan Rows": 1, "Plan Width": 8, "Actual Rows": 1, "Actual Loops": 1, "Plans": [{"Node Type": "Gather", "Parent Relationship": "Outer", "Parallel Aware": false, "Async Capable": false, "Startup Cost": 9608.34, "Total Cost": 9608.45, "Plan Rows": 1, "Plan Width": 8, "Actual Rows": 2, "Actual Loops": 1, "Workers Planned": 1, "Workers Launched": 1, "Single Copy": false, "Plans": [{"Node Type": "Aggregate", "Strategy": "Plain", "Partial Mode": "Partial", "Parent Relationship": "Outer", "Parallel Aware": false, "Async Capable": false, "Startup Cost": 8608.34, "Total Cost": 8608.35, "Plan Rows": 1, "Plan Width": 8, "Actual Rows": 1, "Actual Loops": 2, "Workers": [], "Plans": [{"Node Type": "Hash Join", "Parent Relationship": "Outer", "Parallel Aware": true, "Async Capable": false, "Join Type": "Inner", "Startup Cost": 2846.8, "Total Cost": 6072.29, "Plan Rows": 7706.0, "Plan Width": 0, "Actual Rows": 1257504, "Actual Loops": 2, "Inner Unique": false, "Hash Cond": "(c.userid = u.id)", "Workers": [], "Plans": [{"Node Type": "Seq Scan", "Parent Relationship": "Outer", "Parallel Aware": true, "Async Capable": false, "Relation Name": "comments", "Alias": "c", "Startup Cost": 0.0, "Total Cost": 2881.99, "Plan Rows": 68835, "Plan Width": 4, "Actual Rows": 58586, "Actual Loops": 2, "Filter": "((creationdate >= '2010-04-09 03:50:04'::timestamp without time zone) AND (creationdate <= '2013-11-02 15:14:42'::timestamp without time zone))", "Rows Removed by Filter": 28566, "Workers": []}, {"Node Type": "Hash", "Parent Relationship": "Inner", "Parallel Aware": true, "Async Capable": false, "Startup Cost": 2783.22, "Total Cost": 2783.22, "Plan Rows": 3178.0, "Plan Width": 8, "Actual Rows": 5370, "Actual Loops": 2, "Hash Buckets": 16384, "Original Hash Buckets": 16384, "Hash Batches": 1, "Original Hash Batches": 1, "Peak Memory Usage": 576, "Workers": [], "Plans": [{"Node Type": "Merge Join", "Parent Relationship": "Outer", "Parallel Aware": false, "Async Capable": false, "Join Type": "Inner", "Startup Cost": 0.71, "Total Cost": 2783.22, "Plan Rows": 3178.0, "Plan Width": 8, "Actual Rows": 5370, "Actual Loops": 2, "Inner Unique": true, "Merge Cond": "(v.userid = u.id)", "Workers": [], "Plans": [{"Node Type": "Index Scan", "Parent Relationship": "Outer", "Parallel Aware": true, "Async Capable": false, "Scan Direction": "Forward", "Index Name": "idx_votes_userid", "Relation Name": "votes", "Alias": "v", "Startup Cost": 0.42, "Total Cost": 11216.36, "Plan Rows": 69936, "Plan Width": 4, "Actual Rows": 5370, "Actual Loops": 2, "Filter": "((creationdate >= '2010-11-10 01:25:49'::timestamp without time zone) AND (creationdate <= '2012-10-02 04:44:39'::timestamp without time zone))", "Rows Removed by Filter": 19573, "Workers": []}, {"Node Type": "Index Scan", "Parent Relationship": "Inner", "Parallel Aware": false, "Async Capable": false, "Scan Direction": "Forward", "Index Name": "users_pkey", "Relation Name": "users", "Alias": "u", "Startup Cost": 0.29, "Total Cost": 1457.98, "Plan Rows": 27734, "Plan Width": 4, "Actual Rows": 14549, "Actual Loops": 2, "Filter": "(creationdate <= '2014-02-10 08:49:11'::timestamp without time zone)", "Rows Removed by Filter": 0, "Workers": []}]}]}]}]}]}]}, "Planning Time": 2.935, "Triggers": [], "Execution Time": 151.424}, {"Plan": {"Node Type": "Aggregate", "Strategy": "Plain", "Partial Mode": "Finalize", "Parallel Aware": false, "Async Capable": false, "Startup Cost": 9630.05, "Total Cost": 9630.06, "Plan Rows": 1, "Plan Width": 8, "Actual Rows": 1, "Actual Loops": 1, "Plans": [{"Node Type": "Gather", "Parent Relationship": "Outer", "Parallel Aware": false, "Async Capable": false, "Startup Cost": 9629.94, "Total Cost": 9630.05, "Plan Rows": 1, "Plan Width": 8, "Actual Rows": 2, "Actual Loops": 1, "Workers Planned": 1, "Workers Launched": 1, "Single Copy": false, "Plans": [{"Node Type": "Aggregate", "Strategy": "Plain", "Partial Mode": "Partial", "Parent Relationship": "Outer", "Parallel Aware": false, "Async Capable": false, "Startup Cost": 8629.94, "Total Cost": 8629.95, "Plan Rows": 1, "Plan Width": 8, "Actual Rows": 1, "Actual Loops": 2, "Workers": [], "Plans": [{"Node Type": "Nested Loop", "Parent Relationship": "Outer", "Parallel Aware": false, "Async Capable": false, "Join Type": "Inner", "Startup Cost": 1.02, "Total Cost": 6093.89, "Plan Rows": 7706.0, "Plan Width": 0, "Actual Rows": 1257504, "Actual Loops": 2, "Inner Unique": false, "Join Filter": "(c.userid = u.id)", "Rows Removed by Join Filter": 0, "Workers": [], "Plans": [{"Node Type": "Merge Join", "Parent Relationship": "Outer", "Parallel Aware": false, "Async Capable": false, "Join Type": "Inner", "Startup Cost": 0.71, "Total Cost": 2783.22, "Plan Rows": 3178.0, "Plan Width": 8, "Actual Rows": 5370, "Actual Loops": 2, "Inner Unique": true, "Merge Cond": "(v.userid = u.id)", "Workers": [], "Plans": [{"Node Type": "Index Scan", "Parent Relationship": "Outer", "Parallel Aware": true, "Async Capable": false, "Scan Direction": "Forward", "Index Name": "idx_votes_userid", "Relation Name": "votes", "Alias": "v", "Startup Cost": 0.42, "Total Cost": 11216.36, "Plan Rows": 69936, "Plan Width": 4, "Actual Rows": 5370, "Actual Loops": 2, "Filter": "((creationdate >= '2010-11-10 01:25:49'::timestamp without time zone) AND (creationdate <= '2012-10-02 04:44:39'::timestamp without time zone))", "Rows Removed by Filter": 19573, "Workers": []}, {"Node Type": "Index Scan", "Parent Relationship": "Inner", "Parallel Aware": false, "Async Capable": false, "Scan Direction": "Forward", "Index Name": "users_pkey", "Relation Name": "users", "Alias": "u", "Startup Cost": 0.29, "Total Cost": 1457.98, "Plan Rows": 27734, "Plan Width": 4, "Actual Rows": 14494, "Actual Loops": 2, "Filter": "(creationdate <= '2014-02-10 08:49:11'::timestamp without time zone)", "Rows Removed by Filter": 0, "Workers": []}]}, {"Node Type": "Memoize", "Parent Relationship": "Inner", "Parallel Aware": false, "Async Capable": false, "Startup Cost": 0.3, "Total Cost": 0.65, "Plan Rows": 9, "Plan Width": 4, "Actual Rows": 234, "Actual Loops": 10739, "Cache Key": "v.userid", "Cache Mode": "logical", "Cache Hits": 7075, "Cache Misses": 1258, "Cache Evictions": 0, "Cache Overflows": 0, "Peak Memory Usage": 1682, "Workers": [{"Worker Number": 0, "Cache Hits": 2017, "Cache Misses": 389, "Cache Evictions": 0, "Cache Overflows": 0, "Peak Memory Usage": 801}], "Plans": [{"Node Type": "Index Scan", "Parent Relationship": "Outer", "Parallel Aware": false, "Async Capable": false, "Scan Direction": "Forward", "Index Name": "idx_comments_userid", "Relation Name": "comments", "Alias": "c", "Startup Cost": 0.29, "Total Cost": 0.64, "Plan Rows": 9, "Plan Width": 4, "Actual Rows": 41, "Actual Loops": 1647, "Index Cond": "(userid = v.userid)", "Rows Removed by Index Recheck": 0, "Filter": "((creationdate >= '2010-04-09 03:50:04'::timestamp without time zone) AND (creationdate <= '2013-11-02 15:14:42'::timestamp without time zone))", "Rows Removed by Filter": 11, "Workers": []}]}]}]}]}]}, "Planning Time": 2.785, "Triggers": [], "Execution Time": 177.968}, {"Plan": {"Node Type": "Aggregate", "Strategy": "Plain", "Partial Mode": "Finalize", "Parallel Aware": false, "Async Capable": false, "Startup Cost": 14884.2, "Total Cost": 14884.21, "Plan Rows": 1, "Plan Width": 8, "Actual Rows": 1, "Actual Loops": 1, "Plans": [{"Node Type": "Gather", "Parent Relationship": "Outer", "Parallel Aware": false, "Async Capable": false, "Startup Cost": 14884.09, "Total Cost": 14884.2, "Plan Rows": 1, "Plan Width": 8, "Actual Rows": 2, "Actual Loops": 1, "Workers Planned": 1, "Workers Launched": 1, "Single Copy": false, "Plans": [{"Node Type": "Aggregate", "Strategy": "Plain", "Partial Mode": "Partial", "Parent Relationship": "Outer", "Parallel Aware": false, "Async Capable": false, "Startup Cost": 13884.09, "Total Cost": 13884.1, "Plan Rows": 1, "Plan Width": 8, "Actual Rows": 1, "Actual Loops": 2, "Workers": [], "Plans": [{"Node Type": "Merge Join", "Parent Relationship": "Outer", "Parallel Aware": false, "Async Capable": false, "Join Type": "Inner", "Startup Cost": 1.12, "Total Cost": 11348.04, "Plan Rows": 7706.0, "Plan Width": 0, "Actual Rows": 1257504, "Actual Loops": 2, "Inner Unique": false, "Merge Cond": "(u.id = v.userid)", "Workers": [], "Plans": [{"Node Type": "Merge Join", "Parent Relationship": "Outer", "Parallel Aware": false, "Async Capable": false, "Join Type": "Inner", "Startup Cost": 0.7, "Total Cost": 9654.23, "Plan Rows": 603.0, "Plan Width": 8, "Actual Rows": 53506, "Actual Loops": 2, "Inner Unique": true, "Merge Cond": "(c.userid = u.id)", "Workers": [], "Plans": [{"Node Type": "Index Scan", "Parent Relationship": "Outer", "Parallel Aware": true, "Async Capable": false, "Scan Direction": "Forward", "Index Name": "idx_comments_userid", "Relation Name": "comments", "Alias": "c", "Startup Cost": 0.29, "Total Cost": 7618.14, "Plan Rows": 68835, "Plan Width": 4, "Actual Rows": 53506, "Actual Loops": 2, "Filter": "((creationdate >= '2010-04-09 03:50:04'::timestamp without time zone) AND (creationdate <= '2013-11-02 15:14:42'::timestamp without time zone))", "Rows Removed by Filter": 15540, "Workers": []}, {"Node Type": "Index Scan", "Parent Relationship": "Inner", "Parallel Aware": false, "Async Capable": false, "Scan Direction": "Forward", "Index Name": "users_pkey", "Relation Name": "users", "Alias": "u", "Startup Cost": 0.29, "Total Cost": 1457.98, "Plan Rows": 27734, "Plan Width": 4, "Actual Rows": 17736, "Actual Loops": 2, "Filter": "(creationdate <= '2014-02-10 08:49:11'::timestamp without time zone)", "Rows Removed by Filter": 0, "Workers": []}]}, {"Node Type": "Index Scan", "Parent Relationship": "Inner", "Parallel Aware": false, "Async Capable": false, "Scan Direction": "Forward", "Index Name": "idx_votes_userid", "Relation Name": "votes", "Alias": "v", "Startup Cost": 0.42, "Total Cost": 13242.63, "Plan Rows": 118891, "Plan Width": 4, "Actual Rows": 1263341, "Actual Loops": 2, "Filter": "((creationdate >= '2010-11-10 01:25:49'::timestamp without time zone) AND (creationdate <= '2012-10-02 04:44:39'::timestamp without time zone))", "Rows Removed by Filter": 2555448, "Workers": []}]}]}]}]}, "Planning Time": 3.022, "Triggers": [], "Execution Time": 1301.524}, {"Plan": {"Node Type": "Aggregate", "Strategy": "Plain", "Partial Mode": "Finalize", "Parallel Aware": false, "Async Capable": false, "Startup Cost": 24176.56, "Total Cost": 24176.57, "Plan Rows": 1, "Plan Width": 8, "Actual Rows": 1, "Actual Loops": 1, "Plans": [{"Node Type": "Gather", "Parent Relationship": "Outer", "Parallel Aware": false, "Async Capable": false, "Startup Cost": 24176.45, "Total Cost": 24176.56, "Plan Rows": 1, "Plan Width": 8, "Actual Rows": 2, "Actual Loops": 1, "Workers Planned": 1, "Workers Launched": 1, "Single Copy": false, "Plans": [{"Node Type": "Aggregate", "Strategy": "Plain", "Partial Mode": "Partial", "Parent Relationship": "Outer", "Parallel Aware": false, "Async Capable": false, "Startup Cost": 23176.45, "Total Cost": 23176.46, "Plan Rows": 1, "Plan Width": 8, "Actual Rows": 1, "Actual Loops": 2, "Workers": [], "Plans": [{"Node Type": "Hash Join", "Parent Relationship": "Outer", "Parallel Aware": false, "Async Capable": false, "Join Type": "Inner", "Startup Cost": 1148.17, "Total Cost": 20640.4, "Plan Rows": 7706.0, "Plan Width": 0, "Actual Rows": 1257504, "Actual Loops": 2, "Inner Unique": true, "Hash Cond": "(c.userid = u.id)", "Workers": [], "Plans": [{"Node Type": "Nested Loop", "Parent Relationship": "Outer", "Parallel Aware": false, "Async Capable": false, "Join Type": "Inner", "Startup Cost": 0.43, "Total Cost": 15555.38, "Plan Rows": 22321.0, "Plan Width": 8, "Actual Rows": 1257504, "Actual Loops": 2, "Inner Unique": false, "Workers": [], "Plans": [{"Node Type": "Seq Scan", "Parent Relationship": "Outer", "Parallel Aware": true, "Async Capable": false, "Relation Name": "comments", "Alias": "c", "Startup Cost": 0.0, "Total Cost": 2881.99, "Plan Rows": 68835, "Plan Width": 4, "Actual Rows": 58586, "Actual Loops": 2, "Filter": "((creationdate >= '2010-04-09 03:50:04'::timestamp without time zone) AND (creationdate <= '2013-11-02 15:14:42'::timestamp without time zone))", "Rows Removed by Filter": 28566, "Workers": []}, {"Node Type": "Memoize", "Parent Relationship": "Inner", "Parallel Aware": false, "Async Capable": false, "Startup Cost": 0.43, "Total Cost": 0.72, "Plan Rows": 3, "Plan Width": 4, "Actual Rows": 21, "Actual Loops": 117173, "Cache Key": "c.userid", "Cache Mode": "logical", "Cache Hits": 54162, "Cache Misses": 6217, "Cache Evictions": 0, "Cache Overflows": 0, "Peak Memory Usage": 721, "Workers": [{"Worker Number": 0, "Cache Hits": 50673, "Cache Misses": 6121, "Cache Evictions": 0, "Cache Overflows": 0, "Peak Memory Usage": 707}], "Plans": [{"Node Type": "Index Scan", "Parent Relationship": "Outer", "Parallel Aware": false, "Async Capable": false, "Scan Direction": "Forward", "Index Name": "idx_votes_userid", "Relation Name": "votes", "Alias": "v", "Startup Cost": 0.42, "Total Cost": 0.71, "Plan Rows": 3, "Plan Width": 4, "Actual Rows": 1, "Actual Loops": 12338, "Index Cond": "(userid = c.userid)", "Rows Removed by Index Recheck": 0, "Filter": "((creationdate >= '2010-11-10 01:25:49'::timestamp without time zone) AND (creationdate <= '2012-10-02 04:44:39'::timestamp without time zone))", "Rows Removed by Filter": 2, "Workers": []}]}]}, {"Node Type": "Hash", "Parent Relationship": "Inner", "Parallel Aware": false, "Async Capable": false, "Startup Cost": 801.06, "Total Cost": 801.06, "Plan Rows": 27734, "Plan Width": 4, "Actual Rows": 27723, "Actual Loops": 2, "Hash Buckets": 32768, "Original Hash Buckets": 32768, "Hash Batches": 1, "Original Hash Batches": 1, "Peak Memory Usage": 1231, "Workers": [], "Plans": [{"Node Type": "Seq Scan", "Parent Relationship": "Outer", "Parallel Aware": false, "Async Capable": false, "Relation Name": "users", "Alias": "u", "Startup Cost": 0.0, "Total Cost": 801.06, "Plan Rows": 27734, "Plan Width": 4, "Actual Rows": 27723, "Actual Loops": 2, "Filter": "(creationdate <= '2014-02-10 08:49:11'::timestamp without time zone)", "Rows Removed by Filter": 12602, "Workers": []}]}]}]}]}]}, "Planning Time": 3.037, "Triggers": [], "Execution Time": 261.401}]