[{"Plan": {"Node Type": "Aggregate", "Strategy": "Plain", "Partial Mode": "Simple", "Parallel Aware": false, "Async Capable": false, "Startup Cost": 3225.92, "Total Cost": 3225.93, "Plan Rows": 1, "Plan Width": 8, "Actual Rows": 1, "Actual Loops": 1, "Plans": [{"Node Type": "Nested Loop", "Parent Relationship": "Outer", "Parallel Aware": false, "Async Capable": false, "Join Type": "Inner", "Startup Cost": 2912.88, "Total Cost": 3225.76, "Plan Rows": 2755.0, "Plan Width": 0, "Actual Rows": 6158, "Actual Loops": 1, "Inner Unique": false, "Join Filter": "(p.id = v.postid)", "Rows Removed by Join Filter": 0, "Plans": [{"Node Type": "Nested Loop", "Parent Relationship": "Outer", "Parallel Aware": false, "Async Capable": false, "Join Type": "Inner", "Startup Cost": 2912.45, "Total Cost": 3211.19, "Plan Rows": 127.0, "Plan Width": 16, "Actual Rows": 151, "Actual Loops": 1, "Inner Unique": false, "Join Filter": "(p.id = ph.postid)", "Rows Removed by Join Filter": 0, "Plans": [{"Node Type": "Nested Loop", "Parent Relationship": "Outer", "Parallel Aware": false, "Async Capable": false, "Join Type": "Inner", "Startup Cost": 2912.03, "Total Cost": 3202.98, "Plan Rows": 109.0, "Plan Width": 12, "Actual Rows": 39, "Actual Loops": 1, "Inner Unique": false, "Join Filter": "(c.postid = p.id)", "Rows Removed by Join Filter": 0, "Plans": [{"Node Type": "Hash Join", "Parent Relationship": "Outer", "Parallel Aware": false, "Async Capable": false, "Join Type": "Inner", "Startup Cost": 2911.61, "Total Cost": 3183.05, "Plan Rows": 51.0, "Plan Width": 8, "Actual Rows": 84, "Actual Loops": 1, "Inner Unique": true, "Hash Cond": "(pl.postid = p.id)", "Plans": [{"Node Type": "Seq Scan", "Parent Relationship": "Outer", "Parallel Aware": false, "Async Capable": false, "Relation Name": "postlinks", "Alias": "pl", "Startup Cost": 0.0, "Total Cost": 248.53, "Plan Rows": 8727, "Plan Width": 4, "Actual Rows": 8742, "Actual Loops": 1, "Filter": "((creationdate <= '2014-05-26 07:38:02'::timestamp without time zone) AND (linktypeid = 1))", "Rows Removed by Filter": 2360}, {"Node Type": "Hash", "Parent Relationship": "Inner", "Parallel Aware": false, "Async Capable": false, "Startup Cost": 2909.46, "Total Cost": 2909.46, "Plan Rows": 172, "Plan Width": 4, "Actual Rows": 75, "Actual Loops": 1, "Hash Buckets": 1024, "Original Hash Buckets": 1024, "Hash Batches": 1, "Original Hash Batches": 1, "Peak Memory Usage": 11, "Plans": [{"Node Type": "Seq Scan", "Parent Relationship": "Outer", "Parallel Aware": false, "Async Capable": false, "Relation Name": "posts", "Alias": "p", "Startup Cost": 0.0, "Total Cost": 2909.46, "Plan Rows": 172, "Plan Width": 4, "Actual Rows": 75, "Actual Loops": 1, "Filter": "((score <= 85) AND (favoritecount >= 13) AND (favoritecount <= 196) AND (creationdate >= '2012-01-19 05:11:21'::timestamp without time zone) AND (creationdate <= '2014-02-26 06:44:04'::timestamp without time zone))", "Rows Removed by Filter": 91901}]}]}, {"Node Type": "Index Scan", "Parent Relationship": "Inner", "Parallel Aware": false, "Async Capable": false, "Scan Direction": "Forward", "Index Name": "idx_comments_postid", "Relation Name": "comments", "Alias": "c", "Startup Cost": 0.42, "Total Cost": 1.23, "Plan Rows": 1, "Plan Width": 4, "Actual Rows": 0, "Actual Loops": 84, "Index Cond": "(postid = pl.postid)", "Rows Removed by Index Recheck": 0, "Filter": "(creationdate >= '2013-08-07 03:44:59'::timestamp without time zone)", "Rows Removed by Filter": 3}]}, {"Node Type": "Index Scan", "Parent Relationship": "Inner", "Parallel Aware": false, "Async Capable": false, "Scan Direction": "Forward", "Index Name": "idx_posthistory_postid", "Relation Name": "posthistory", "Alias": "ph", "Startup Cost": 0.42, "Total Cost": 0.66, "Plan Rows": 2, "Plan Width": 4, "Actual Rows": 4, "Actual Loops": 39, "Index Cond": "(postid = c.postid)", "Rows Removed by Index Recheck": 0, "Filter": "(creationdate >= '2013-02-08 14:14:48'::timestamp without time zone)", "Rows Removed by Filter": 3}]}, {"Node Type": "Index Scan", "Parent Relationship": "Inner", "Parallel Aware": false, "Async Capable": false, "Scan Direction": "Forward", "Index Name": "idx_votes_postid", "Relation Name": "votes", "Alias": "v", "Startup Cost": 0.42, "Total Cost": 0.58, "Plan Rows": 4, "Plan Width": 4, "Actual Rows": 41, "Actual Loops": 151, "Index Cond": "(postid = ph.postid)", "Rows Removed by Index Recheck": 0, "Filter": "(creationdate <= '2014-02-12 18:32:31'::timestamp without time zone)", "Rows Removed by Filter": 9}]}]}, "Planning Time": 5.189, "Triggers": [], "Execution Time": 15.733}, {"Plan": {"Node Type": "Aggregate", "Strategy": "Plain", "Partial Mode": "Simple", "Parallel Aware": false, "Async Capable": false, "Startup Cost": 7018.06, "Total Cost": 7018.07, "Plan Rows": 1, "Plan Width": 8, "Actual Rows": 1, "Actual Loops": 1, "Plans": [{"Node Type": "Hash Join", "Parent Relationship": "Outer", "Parallel Aware": false, "Async Capable": false, "Join Type": "Inner", "Startup Cost": 3231.71, "Total Cost": 7017.9, "Plan Rows": 2755.0, "Plan Width": 0, "Actual Rows": 6158, "Actual Loops": 1, "Inner Unique": false, "Hash Cond": "(c.postid = p.id)", "Plans": [{"Node Type": "Seq Scan", "Parent Relationship": "Outer", "Parallel Aware": false, "Async Capable": false, "Relation Name": "comments", "Alias": "c", "Startup Cost": 0.0, "Total Cost": 3522.81, "Plan Rows": 70059, "Plan Width": 4, "Actual Rows": 70191, "Actual Loops": 1, "Filter": "(creationdate >= '2013-08-07 03:44:59'::timestamp without time zone)", "Rows Removed by Filter": 104114}, {"Node Type": "Hash", "Parent Relationship": "Inner", "Parallel Aware": false, "Async Capable": false, "Startup Cost": 3230.65, "Total Cost": 3230.65, "Plan Rows": 2079.0, "Plan Width": 16, "Actual Rows": 6391, "Actual Loops": 1, "Hash Buckets": 8192, "Original Hash Buckets": 1024, "Hash Batches": 1, "Original Hash Batches": 1, "Peak Memory Usage": 364, "Plans": [{"Node Type": "Nested Loop", "Parent Relationship": "Outer", "Parallel Aware": false, "Async Capable": false, "Join Type": "Inner", "Startup Cost": 2912.46, "Total Cost": 3230.65, "Plan Rows": 2079.0, "Plan Width": 16, "Actual Rows": 6391, "Actual Loops": 1, "Inner Unique": false, "Join Filter": "(p.id = v.postid)", "Rows Removed by Join Filter": 0, "Plans": [{"Node Type": "Nested Loop", "Parent Relationship": "Outer", "Parallel Aware": false, "Async Capable": false, "Join Type": "Inner", "Startup Cost": 2912.03, "Total Cost": 3211.65, "Plan Rows": 62.0, "Plan Width": 12, "Actual Rows": 150, "Actual Loops": 1, "Inner Unique": false, "Join Filter": "(p.id = ph.postid)", "Rows Removed by Join Filter": 0, "Plans": [{"Node Type": "Hash Join", "Parent Relationship": "Outer", "Parallel Aware": false, "Async Capable": false, "Join Type": "Inner", "Startup Cost": 2911.61, "Total Cost": 3183.05, "Plan Rows": 51.0, "Plan Width": 8, "Actual Rows": 84, "Actual Loops": 1, "Inner Unique": true, "Hash Cond": "(pl.postid = p.id)", "Plans": [{"Node Type": "Seq Scan", "Parent Relationship": "Outer", "Parallel Aware": false, "Async Capable": false, "Relation Name": "postlinks", "Alias": "pl", "Startup Cost": 0.0, "Total Cost": 248.53, "Plan Rows": 8727, "Plan Width": 4, "Actual Rows": 8742, "Actual Loops": 1, "Filter": "((creationdate <= '2014-05-26 07:38:02'::timestamp without time zone) AND (linktypeid = 1))", "Rows Removed by Filter": 2360}, {"Node Type": "Hash", "Parent Relationship": "Inner", "Parallel Aware": false, "Async Capable": false, "Startup Cost": 2909.46, "Total Cost": 2909.46, "Plan Rows": 172, "Plan Width": 4, "Actual Rows": 75, "Actual Loops": 1, "Hash Buckets": 1024, "Original Hash Buckets": 1024, "Hash Batches": 1, "Original Hash Batches": 1, "Peak Memory Usage": 11, "Plans": [{"Node Type": "Seq Scan", "Parent Relationship": "Outer", "Parallel Aware": false, "Async Capable": false, "Relation Name": "posts", "Alias": "p", "Startup Cost": 0.0, "Total Cost": 2909.46, "Plan Rows": 172, "Plan Width": 4, "Actual Rows": 75, "Actual Loops": 1, "Filter": "((score <= 85) AND (favoritecount >= 13) AND (favoritecount <= 196) AND (creationdate >= '2012-01-19 05:11:21'::timestamp without time zone) AND (creationdate <= '2014-02-26 06:44:04'::timestamp without time zone))", "Rows Removed by Filter": 91901}]}]}, {"Node Type": "Index Scan", "Parent Relationship": "Inner", "Parallel Aware": false, "Async Capable": false, "Scan Direction": "Forward", "Index Name": "idx_posthistory_postid", "Relation Name": "posthistory", "Alias": "ph", "Startup Cost": 0.42, "Total Cost": 1.76, "Plan Rows": 2, "Plan Width": 4, "Actual Rows": 2, "Actual Loops": 84, "Index Cond": "(postid = pl.postid)", "Rows Removed by Index Recheck": 0, "Filter": "(creationdate >= '2013-02-08 14:14:48'::timestamp without time zone)", "Rows Removed by Filter": 6}]}, {"Node Type": "Index Scan", "Parent Relationship": "Inner", "Parallel Aware": false, "Async Capable": false, "Scan Direction": "Forward", "Index Name": "idx_votes_postid", "Relation Name": "votes", "Alias": "v", "Startup Cost": 0.42, "Total Cost": 0.58, "Plan Rows": 4, "Plan Width": 4, "Actual Rows": 43, "Actual Loops": 150, "Index Cond": "(postid = ph.postid)", "Rows Removed by Index Recheck": 0, "Filter": "(creationdate <= '2014-02-12 18:32:31'::timestamp without time zone)", "Rows Removed by Filter": 14}]}]}]}]}, "Planning Time": 4.762, "Triggers": [], "Execution Time": 49.178}, {"Plan": {"Node Type": "Aggregate", "Strategy": "Plain", "Partial Mode": "Finalize", "Parallel Aware": false, "Async Capable": false, "Startup Cost": 14851.87, "Total Cost": 14851.88, "Plan Rows": 1, "Plan Width": 8, "Actual Rows": 1, "Actual Loops": 1, "Plans": [{"Node Type": "Gather", "Parent Relationship": "Outer", "Parallel Aware": false, "Async Capable": false, "Startup Cost": 14851.76, "Total Cost": 14851.87, "Plan Rows": 1, "Plan Width": 8, "Actual Rows": 2, "Actual Loops": 1, "Workers Planned": 1, "Workers Launched": 1, "Single Copy": false, "Plans": [{"Node Type": "Aggregate", "Strategy": "Plain", "Partial Mode": "Partial", "Parent Relationship": "Outer", "Parallel Aware": false, "Async Capable": false, "Startup Cost": 13851.76, "Total Cost": 13851.77, "Plan Rows": 1, "Plan Width": 8, "Actual Rows": 1, "Actual Loops": 2, "Workers": [], "Plans": [{"Node Type": "Hash Join", "Parent Relationship": "Outer", "Parallel Aware": false, "Async Capable": false, "Join Type": "Inner", "Startup Cost": 8960.47, "Total Cost": 13851.66, "Plan Rows": 2755.0, "Plan Width": 0, "Actual Rows": 3079, "Actual Loops": 2, "Inner Unique": false, "Hash Cond": "(c.postid = p.id)", "Workers": [], "Plans": [{"Node Type": "Hash Join", "Parent Relationship": "Outer", "Parallel Aware": true, "Async Capable": false, "Join Type": "Inner", "Startup Cost": 5748.25, "Total Cost": 10298.66, "Plan Rows": 1270.0, "Plan Width": 8, "Actual Rows": 140419, "Actual Loops": 2, "Inner Unique": false, "Hash Cond": "(c.postid = ph.postid)", "Workers": [], "Plans": [{"Node Type": "Seq Scan", "Parent Relationship": "Outer", "Parallel Aware": true, "Async Capable": false, "Relation Name": "comments", "Alias": "c", "Startup Cost": 0.0, "Total Cost": 2625.65, "Plan Rows": 41211, "Plan Width": 4, "Actual Rows": 35096, "Actual Loops": 2, "Filter": "(creationdate >= '2013-08-07 03:44:59'::timestamp without time zone)", "Rows Removed by Filter": 52057, "Workers": []}, {"Node Type": "Hash", "Parent Relationship": "Inner", "Parallel Aware": true, "Async Capable": false, "Startup Cost": 4469.32, "Total Cost": 4469.32, "Plan Rows": 102315, "Plan Width": 4, "Actual Rows": 86867, "Actual Loops": 2, "Hash Buckets": 262144, "Original Hash Buckets": 262144, "Hash Batches": 1, "Original Hash Batches": 1, "Peak Memory Usage": 8864, "Workers": [], "Plans": [{"Node Type": "Seq Scan", "Parent Relationship": "Outer", "Parallel Aware": true, "Async Capable": false, "Relation Name": "posthistory", "Alias": "ph", "Startup Cost": 0.0, "Total Cost": 4469.32, "Plan Rows": 102315, "Plan Width": 4, "Actual Rows": 86867, "Actual Loops": 2, "Filter": "(creationdate >= '2013-02-08 14:14:48'::timestamp without time zone)", "Rows Removed by Filter": 64726, "Workers": []}]}]}, {"Node Type": "Hash", "Parent Relationship": "Inner", "Parallel Aware": false, "Async Capable": false, "Startup Cost": 3211.65, "Total Cost": 3211.65, "Plan Rows": 884.0, "Plan Width": 12, "Actual Rows": 3747, "Actual Loops": 2, "Hash Buckets": 4096, "Original Hash Buckets": 1024, "Hash Batches": 1, "Original Hash Batches": 1, "Peak Memory Usage": 194, "Workers": [], "Plans": [{"Node Type": "Nested Loop", "Parent Relationship": "Outer", "Parallel Aware": false, "Async Capable": false, "Join Type": "Inner", "Startup Cost": 2912.03, "Total Cost": 3211.65, "Plan Rows": 884.0, "Plan Width": 12, "Actual Rows": 3747, "Actual Loops": 2, "Inner Unique": false, "Join Filter": "(p.id = v.postid)", "Rows Removed by Join Filter": 0, "Workers": [], "Plans": [{"Node Type": "Hash Join", "Parent Relationship": "Outer", "Parallel Aware": false, "Async Capable": false, "Join Type": "Inner", "Startup Cost": 2911.61, "Total Cost": 3183.05, "Plan Rows": 51.0, "Plan Width": 8, "Actual Rows": 84, "Actual Loops": 2, "Inner Unique": true, "Hash Cond": "(pl.postid = p.id)", "Workers": [], "Plans": [{"Node Type": "Seq Scan", "Parent Relationship": "Outer", "Parallel Aware": false, "Async Capable": false, "Relation Name": "postlinks", "Alias": "pl", "Startup Cost": 0.0, "Total Cost": 248.53, "Plan Rows": 8727, "Plan Width": 4, "Actual Rows": 8742, "Actual Loops": 2, "Filter": "((creationdate <= '2014-05-26 07:38:02'::timestamp without time zone) AND (linktypeid = 1))", "Rows Removed by Filter": 2360, "Workers": []}, {"Node Type": "Hash", "Parent Relationship": "Inner", "Parallel Aware": false, "Async Capable": false, "Startup Cost": 2909.46, "Total Cost": 2909.46, "Plan Rows": 172, "Plan Width": 4, "Actual Rows": 75, "Actual Loops": 2, "Hash Buckets": 1024, "Original Hash Buckets": 1024, "Hash Batches": 1, "Original Hash Batches": 1, "Peak Memory Usage": 11, "Workers": [], "Plans": [{"Node Type": "Seq Scan", "Parent Relationship": "Outer", "Parallel Aware": false, "Async Capable": false, "Relation Name": "posts", "Alias": "p", "Startup Cost": 0.0, "Total Cost": 2909.46, "Plan Rows": 172, "Plan Width": 4, "Actual Rows": 75, "Actual Loops": 2, "Filter": "((score <= 85) AND (favoritecount >= 13) AND (favoritecount <= 196) AND (creationdate >= '2012-01-19 05:11:21'::timestamp without time zone) AND (creationdate <= '2014-02-26 06:44:04'::timestamp without time zone))", "Rows Removed by Filter": 91901, "Workers": []}]}]}, {"Node Type": "Index Scan", "Parent Relationship": "Inner", "Parallel Aware": false, "Async Capable": false, "Scan Direction": "Forward", "Index Name": "idx_votes_postid", "Relation Name": "votes", "Alias": "v", "Startup Cost": 0.42, "Total Cost": 1.74, "Plan Rows": 4, "Plan Width": 4, "Actual Rows": 45, "Actual Loops": 168, "Index Cond": "(postid = pl.postid)", "Rows Removed by Index Recheck": 0, "Filter": "(creationdate <= '2014-02-12 18:32:31'::timestamp without time zone)", "Rows Removed by Filter": 10, "Workers": []}]}]}]}]}]}]}, "Planning Time": 9.044, "Triggers": [], "Execution Time": 167.513}, {"Plan": {"Node Type": "Aggregate", "Strategy": "Plain", "Partial Mode": "Finalize", "Parallel Aware": false, "Async Capable": false, "Startup Cost": 40087.75, "Total Cost": 40087.76, "Plan Rows": 1, "Plan Width": 8, "Actual Rows": 1, "Actual Loops": 1, "Plans": [{"Node Type": "Gather", "Parent Relationship": "Outer", "Parallel Aware": false, "Async Capable": false, "Startup Cost": 40087.63, "Total Cost": 40087.74, "Plan Rows": 1, "Plan Width": 8, "Actual Rows": 2, "Actual Loops": 1, "Workers Planned": 1, "Workers Launched": 1, "Single Copy": false, "Plans": [{"Node Type": "Aggregate", "Strategy": "Plain", "Partial Mode": "Partial", "Parent Relationship": "Outer", "Parallel Aware": false, "Async Capable": false, "Startup Cost": 39087.63, "Total Cost": 39087.64, "Plan Rows": 1, "Plan Width": 8, "Actual Rows": 1, "Actual Loops": 2, "Workers": [], "Plans": [{"Node Type": "Merge Join", "Parent Relationship": "Outer", "Parallel Aware": false, "Async Capable": false, "Join Type": "Inner", "Startup Cost": 3184.63, "Total Cost": 39087.54, "Plan Rows": 2755.0, "Plan Width": 0, "Actual Rows": 3079, "Actual Loops": 2, "Inner Unique": false, "Merge Cond": "(c.postid = p.id)", "Workers": [], "Plans": [{"Node Type": "Merge Join", "Parent Relationship": "Outer", "Parallel Aware": false, "Async Capable": false, "Join Type": "Inner", "Startup Cost": 1.27, "Total Cost": 34953.83, "Plan Rows": 41703.0, "Plan Width": 12, "Actual Rows": 158286, "Actual Loops": 2, "Inner Unique": false, "Merge Cond": "(c.postid = v.postid)", "Workers": [], "Plans": [{"Node Type": "Merge Join", "Parent Relationship": "Outer", "Parallel Aware": false, "Async Capable": false, "Join Type": "Inner", "Startup Cost": 0.84, "Total Cost": 16236.61, "Plan Rows": 1270.0, "Plan Width": 8, "Actual Rows": 45010, "Actual Loops": 2, "Inner Unique": false, "Merge Cond": "(c.postid = ph.postid)", "Workers": [], "Plans": [{"Node Type": "Index Scan", "Parent Relationship": "Outer", "Parallel Aware": true, "Async Capable": false, "Scan Direction": "Forward", "Index Name": "idx_comments_postid", "Relation Name": "comments", "Alias": "c", "Startup Cost": 0.42, "Total Cost": 4959.84, "Plan Rows": 41211, "Plan Width": 4, "Actual Rows": 11320, "Actual Loops": 2, "Filter": "(creationdate >= '2013-08-07 03:44:59'::timestamp without time zone)", "Rows Removed by Filter": 52057, "Workers": []}, {"Node Type": "Index Scan", "Parent Relationship": "Inner", "Parallel Aware": false, "Async Capable": false, "Scan Direction": "Forward", "Index Name": "idx_posthistory_postid", "Relation Name": "posthistory", "Alias": "ph", "Startup Cost": 0.42, "Total Cost": 9831.47, "Plan Rows": 173936, "Plan Width": 4, "Actual Rows": 115572, "Actual Loops": 2, "Filter": "(creationdate >= '2013-02-08 14:14:48'::timestamp without time zone)", "Rows Removed by Filter": 138278, "Workers": []}]}, {"Node Type": "Materialize", "Parent Relationship": "Inner", "Parallel Aware": false, "Async Capable": false, "Startup Cost": 0.42, "Total Cost": 13446.55, "Plan Rows": 260852, "Plan Width": 4, "Actual Rows": 396392, "Actual Loops": 2, "Workers": [], "Plans": [{"Node Type": "Index Scan", "Parent Relationship": "Outer", "Parallel Aware": false, "Async Capable": false, "Scan Direction": "Forward", "Index Name": "idx_votes_postid", "Relation Name": "votes", "Alias": "v", "Startup Cost": 0.42, "Total Cost": 12794.42, "Plan Rows": 260852, "Plan Width": 4, "Actual Rows": 248600, "Actual Loops": 2, "Filter": "(creationdate <= '2014-02-12 18:32:31'::timestamp without time zone)", "Rows Removed by Filter": 21828, "Workers": []}]}]}, {"Node Type": "Sort", "Parent Relationship": "Inner", "Parallel Aware": false, "Async Capable": false, "Startup Cost": 3183.37, "Total Cost": 3183.41, "Plan Rows": 51.0, "Plan Width": 8, "Actual Rows": 2080, "Actual Loops": 2, "Sort Key": ["p.id"], "Sort Method": "quicksort", "Sort Space Used": 27, "Sort Space Type": "Memory", "Workers": [{"Worker Number": 0, "Sort Method": "quicksort", "Sort Space Used": 27, "Sort Space Type": "Memory"}], "Plans": [{"Node Type": "Hash Join", "Parent Relationship": "Outer", "Parallel Aware": false, "Async Capable": false, "Join Type": "Inner", "Startup Cost": 2911.61, "Total Cost": 3183.05, "Plan Rows": 51.0, "Plan Width": 8, "Actual Rows": 84, "Actual Loops": 2, "Inner Unique": true, "Hash Cond": "(pl.postid = p.id)", "Workers": [], "Plans": [{"Node Type": "Seq Scan", "Parent Relationship": "Outer", "Parallel Aware": false, "Async Capable": false, "Relation Name": "postlinks", "Alias": "pl", "Startup Cost": 0.0, "Total Cost": 248.53, "Plan Rows": 8727, "Plan Width": 4, "Actual Rows": 8742, "Actual Loops": 2, "Filter": "((creationdate <= '2014-05-26 07:38:02'::timestamp without time zone) AND (linktypeid = 1))", "Rows Removed by Filter": 2360, "Workers": []}, {"Node Type": "Hash", "Parent Relationship": "Inner", "Parallel Aware": false, "Async Capable": false, "Startup Cost": 2909.46, "Total Cost": 2909.46, "Plan Rows": 172, "Plan Width": 4, "Actual Rows": 75, "Actual Loops": 2, "Hash Buckets": 1024, "Original Hash Buckets": 1024, "Hash Batches": 1, "Original Hash Batches": 1, "Peak Memory Usage": 11, "Workers": [], "Plans": [{"Node Type": "Seq Scan", "Parent Relationship": "Outer", "Parallel Aware": false, "Async Capable": false, "Relation Name": "posts", "Alias": "p", "Startup Cost": 0.0, "Total Cost": 2909.46, "Plan Rows": 172, "Plan Width": 4, "Actual Rows": 75, "Actual Loops": 2, "Filter": "((score <= 85) AND (favoritecount >= 13) AND (favoritecount <= 196) AND (creationdate >= '2012-01-19 05:11:21'::timestamp without time zone) AND (creationdate <= '2014-02-26 06:44:04'::timestamp without time zone))", "Rows Removed by Filter": 91901, "Workers": []}]}]}]}]}]}]}]}, "Planning Time": 12.979, "Triggers": [], "Execution Time": 536.61}, {"Plan": {"Node Type": "Aggregate", "Strategy": "Plain", "Partial Mode": "Simple", "Parallel Aware": false, "Async Capable": false, "Startup Cost": 47323.07, "Total Cost": 47323.08, "Plan Rows": 1, "Plan Width": 8, "Actual Rows": 1, "Actual Loops": 1, "Plans": [{"Node Type": "Merge Join", "Parent Relationship": "Outer", "Parallel Aware": false, "Async Capable": false, "Join Type": "Inner", "Startup Cost": 2917.4, "Total Cost": 47322.91, "Plan Rows": 2755.0, "Plan Width": 0, "Actual Rows": 6158, "Actual Loops": 1, "Inner Unique": false, "Merge Cond": "(p.id = c.postid)", "Plans": [{"Node Type": "Merge Join", "Parent Relationship": "Outer", "Parallel Aware": false, "Async Capable": false, "Join Type": "Inner", "Startup Cost": 2916.13, "Total Cost": 3389.49, "Plan Rows": 51.0, "Plan Width": 8, "Actual Rows": 84, "Actual Loops": 1, "Inner Unique": true, "Merge Cond": "(pl.postid = p.id)", "Plans": [{"Node Type": "Index Scan", "Parent Relationship": "Outer", "Parallel Aware": false, "Async Capable": false, "Scan Direction": "Forward", "Index Name": "idx_postlinks_postid", "Relation Name": "postlinks", "Alias": "pl", "Startup Cost": 0.29, "Total Cost": 450.8, "Plan Rows": 8727, "Plan Width": 4, "Actual Rows": 6691, "Actual Loops": 1, "Filter": "((creationdate <= '2014-05-26 07:38:02'::timestamp without time zone) AND (linktypeid = 1))", "Rows Removed by Filter": 590}, {"Node Type": "Sort", "Parent Relationship": "Inner", "Parallel Aware": false, "Async Capable": false, "Startup Cost": 2915.85, "Total Cost": 2916.28, "Plan Rows": 172, "Plan Width": 4, "Actual Rows": 75, "Actual Loops": 1, "Sort Key": ["p.id"], "Sort Method": "quicksort", "Sort Space Used": 25, "Sort Space Type": "Memory", "Plans": [{"Node Type": "Seq Scan", "Parent Relationship": "Outer", "Parallel Aware": false, "Async Capable": false, "Relation Name": "posts", "Alias": "p", "Startup Cost": 0.0, "Total Cost": 2909.46, "Plan Rows": 172, "Plan Width": 4, "Actual Rows": 75, "Actual Loops": 1, "Filter": "((score <= 85) AND (favoritecount >= 13) AND (favoritecount <= 196) AND (creationdate >= '2012-01-19 05:11:21'::timestamp without time zone) AND (creationdate <= '2014-02-26 06:44:04'::timestamp without time zone))", "Rows Removed by Filter": 91901}]}]}, {"Node Type": "Materialize", "Parent Relationship": "Inner", "Parallel Aware": false, "Async Capable": false, "Startup Cost": 1.27, "Total Cost": 42318.37, "Plan Rows": 41703.0, "Plan Width": 12, "Actual Rows": 319336, "Actual Loops": 1, "Plans": [{"Node Type": "Merge Join", "Parent Relationship": "Outer", "Parallel Aware": false, "Async Capable": false, "Join Type": "Inner", "Startup Cost": 1.27, "Total Cost": 40704.48, "Plan Rows": 41703.0, "Plan Width": 12, "Actual Rows": 316572, "Actual Loops": 1, "Inner Unique": false, "Merge Cond": "(c.postid = v.postid)", "Plans": [{"Node Type": "Merge Join", "Parent Relationship": "Outer", "Parallel Aware": false, "Async Capable": false, "Join Type": "Inner", "Startup Cost": 0.84, "Total Cost": 17841.21, "Plan Rows": 1270.0, "Plan Width": 8, "Actual Rows": 90019, "Actual Loops": 1, "Inner Unique": false, "Merge Cond": "(c.postid = ph.postid)", "Plans": [{"Node Type": "Index Scan", "Parent Relationship": "Outer", "Parallel Aware": false, "Async Capable": false, "Scan Direction": "Forward", "Index Name": "idx_comments_postid", "Relation Name": "comments", "Alias": "c", "Startup Cost": 0.42, "Total Cost": 5857.0, "Plan Rows": 70059, "Plan Width": 4, "Actual Rows": 22640, "Actual Loops": 1, "Filter": "(creationdate >= '2013-08-07 03:44:59'::timestamp without time zone)", "Rows Removed by Filter": 104114}, {"Node Type": "Index Scan", "Parent Relationship": "Inner", "Parallel Aware": false, "Async Capable": false, "Scan Direction": "Forward", "Index Name": "idx_posthistory_postid", "Relation Name": "posthistory", "Alias": "ph", "Startup Cost": 0.42, "Total Cost": 9831.47, "Plan Rows": 173936, "Plan Width": 4, "Actual Rows": 147530, "Actual Loops": 1, "Filter": "(creationdate >= '2013-02-08 14:14:48'::timestamp without time zone)", "Rows Removed by Filter": 147104}]}, {"Node Type": "Materialize", "Parent Relationship": "Inner", "Parallel Aware": false, "Async Capable": false, "Startup Cost": 0.42, "Total Cost": 13446.55, "Plan Rows": 260852, "Plan Width": 4, "Actual Rows": 544030, "Actual Loops": 1, "Plans": [{"Node Type": "Index Scan", "Parent Relationship": "Outer", "Parallel Aware": false, "Async Capable": false, "Scan Direction": "Forward", "Index Name": "idx_votes_postid", "Relation Name": "votes", "Alias": "v", "Startup Cost": 0.42, "Total Cost": 12794.42, "Plan Rows": 260852, "Plan Width": 4, "Actual Rows": 248445, "Actual Loops": 1, "Filter": "(creationdate <= '2014-02-12 18:32:31'::timestamp without time zone)", "Rows Removed by Filter": 21808}]}]}]}]}]}, "Planning Time": 6.328, "Triggers": [], "Execution Time": 642.844}, {"Plan": {"Node Type": "Aggregate", "Strategy": "Plain", "Partial Mode": "Finalize", "Parallel Aware": false, "Async Capable": false, "Startup Cost": 14954.64, "Total Cost": 14954.65, "Plan Rows": 1, "Plan Width": 8, "Actual Rows": 1, "Actual Loops": 1, "Plans": [{"Node Type": "Gather", "Parent Relationship": "Outer", "Parallel Aware": false, "Async Capable": false, "Startup Cost": 14954.52, "Total Cost": 14954.63, "Plan Rows": 1, "Plan Width": 8, "Actual Rows": 2, "Actual Loops": 1, "Workers Planned": 1, "Workers Launched": 1, "Single Copy": false, "Plans": [{"Node Type": "Aggregate", "Strategy": "Plain", "Partial Mode": "Partial", "Parent Relationship": "Outer", "Parallel Aware": false, "Async Capable": false, "Startup Cost": 13954.52, "Total Cost": 13954.53, "Plan Rows": 1, "Plan Width": 8, "Actual Rows": 1, "Actual Loops": 2, "Workers": [], "Plans": [{"Node Type": "Hash Join", "Parent Relationship": "Outer", "Parallel Aware": false, "Async Capable": false, "Join Type": "Inner", "Startup Cost": 5619.78, "Total Cost": 13954.43, "Plan Rows": 2755.0, "Plan Width": 0, "Actual Rows": 3079, "Actual Loops": 2, "Inner Unique": false, "Hash Cond": "(c.postid = p.id)", "Workers": [], "Plans": [{"Node Type": "Nested Loop", "Parent Relationship": "Outer", "Parallel Aware": false, "Async Capable": false, "Join Type": "Inner", "Startup Cost": 358.04, "Total Cost": 8595.25, "Plan Rows": 927.0, "Plan Width": 12, "Actual Rows": 30968, "Actual Loops": 2, "Inner Unique": false, "Workers": [], "Plans": [{"Node Type": "Hash Join", "Parent Relationship": "Outer", "Parallel Aware": false, "Async Capable": false, "Join Type": "Inner", "Startup Cost": 357.62, "Total Cost": 3826.17, "Plan Rows": 287.0, "Plan Width": 8, "Actual Rows": 5304, "Actual Loops": 2, "Inner Unique": false, "Hash Cond": "(c.postid = pl.postid)", "Workers": [], "Plans": [{"Node Type": "Seq Scan", "Parent Relationship": "Outer", "Parallel Aware": true, "Async Capable": false, "Relation Name": "comments", "Alias": "c", "Startup Cost": 0.0, "Total Cost": 2625.65, "Plan Rows": 41211, "Plan Width": 4, "Actual Rows": 35096, "Actual Loops": 2, "Filter": "(creationdate >= '2013-08-07 03:44:59'::timestamp without time zone)", "Rows Removed by Filter": 52057, "Workers": []}, {"Node Type": "Hash", "Parent Relationship": "Inner", "Parallel Aware": false, "Async Capable": false, "Startup Cost": 248.53, "Total Cost": 248.53, "Plan Rows": 8727, "Plan Width": 4, "Actual Rows": 8742, "Actual Loops": 2, "Hash Buckets": 16384, "Original Hash Buckets": 16384, "Hash Batches": 1, "Original Hash Batches": 1, "Peak Memory Usage": 436, "Workers": [], "Plans": [{"Node Type": "Seq Scan", "Parent Relationship": "Outer", "Parallel Aware": false, "Async Capable": false, "Relation Name": "postlinks", "Alias": "pl", "Startup Cost": 0.0, "Total Cost": 248.53, "Plan Rows": 8727, "Plan Width": 4, "Actual Rows": 8742, "Actual Loops": 2, "Filter": "((creationdate <= '2014-05-26 07:38:02'::timestamp without time zone) AND (linktypeid = 1))", "Rows Removed by Filter": 2360, "Workers": []}]}]}, {"Node Type": "Index Scan", "Parent Relationship": "Inner", "Parallel Aware": false, "Async Capable": false, "Scan Direction": "Forward", "Index Name": "idx_posthistory_postid", "Relation Name": "posthistory", "Alias": "ph", "Startup Cost": 0.42, "Total Cost": 0.66, "Plan Rows": 2, "Plan Width": 4, "Actual Rows": 6, "Actual Loops": 10609, "Index Cond": "(postid = c.postid)", "Rows Removed by Index Recheck": 0, "Filter": "(creationdate >= '2013-02-08 14:14:48'::timestamp without time zone)", "Rows Removed by Filter": 0, "Workers": []}]}, {"Node Type": "Hash", "Parent Relationship": "Inner", "Parallel Aware": false, "Async Capable": false, "Startup Cost": 5255.64, "Total Cost": 5255.64, "Plan Rows": 2340.0, "Plan Width": 8, "Actual Rows": 3088, "Actual Loops": 2, "Hash Buckets": 4096, "Original Hash Buckets": 1024, "Hash Batches": 1, "Original Hash Batches": 1, "Peak Memory Usage": 153, "Workers": [], "Plans": [{"Node Type": "Nested Loop", "Parent Relationship": "Outer", "Parallel Aware": false, "Async Capable": false, "Join Type": "Inner", "Startup Cost": 0.42, "Total Cost": 5255.64, "Plan Rows": 2340.0, "Plan Width": 8, "Actual Rows": 3088, "Actual Loops": 2, "Inner Unique": false, "Workers": [], "Plans": [{"Node Type": "Seq Scan", "Parent Relationship": "Outer", "Parallel Aware": false, "Async Capable": false, "Relation Name": "posts", "Alias": "p", "Startup Cost": 0.0, "Total Cost": 2909.46, "Plan Rows": 172, "Plan Width": 4, "Actual Rows": 75, "Actual Loops": 2, "Filter": "((score <= 85) AND (favoritecount >= 13) AND (favoritecount <= 196) AND (creationdate >= '2012-01-19 05:11:21'::timestamp without time zone) AND (creationdate <= '2014-02-26 06:44:04'::timestamp without time zone))", "Rows Removed by Filter": 91901, "Workers": []}, {"Node Type": "Index Scan", "Parent Relationship": "Inner", "Parallel Aware": false, "Async Capable": false, "Scan Direction": "Forward", "Index Name": "idx_votes_postid", "Relation Name": "votes", "Alias": "v", "Startup Cost": 0.42, "Total Cost": 13.6, "Plan Rows": 4, "Plan Width": 4, "Actual Rows": 41, "Actual Loops": 150, "Index Cond": "(postid = p.id)", "Rows Removed by Index Recheck": 0, "Filter": "(creationdate <= '2014-02-12 18:32:31'::timestamp without time zone)", "Rows Removed by Filter": 9, "Workers": []}]}]}]}]}]}]}, "Planning Time": 12.56, "Triggers": [], "Execution Time": 93.488}, {"Plan": {"Node Type": "Aggregate", "Strategy": "Plain", "Partial Mode": "Finalize", "Parallel Aware": false, "Async Capable": false, "Startup Cost": 9424.43, "Total Cost": 9424.44, "Plan Rows": 1, "Plan Width": 8, "Actual Rows": 1, "Actual Loops": 1, "Plans": [{"Node Type": "Gather", "Parent Relationship": "Outer", "Parallel Aware": false, "Async Capable": false, "Startup Cost": 9424.32, "Total Cost": 9424.43, "Plan Rows": 1, "Plan Width": 8, "Actual Rows": 2, "Actual Loops": 1, "Workers Planned": 1, "Workers Launched": 1, "Single Copy": false, "Plans": [{"Node Type": "Aggregate", "Strategy": "Plain", "Partial Mode": "Partial", "Parent Relationship": "Outer", "Parallel Aware": false, "Async Capable": false, "Startup Cost": 8424.32, "Total Cost": 8424.33, "Plan Rows": 1, "Plan Width": 8, "Actual Rows": 1, "Actual Loops": 2, "Workers": [], "Plans": [{"Node Type": "Hash Join", "Parent Relationship": "Outer", "Parallel Aware": false, "Async Capable": false, "Join Type": "Inner", "Startup Cost": 4893.56, "Total Cost": 8424.23, "Plan Rows": 2755.0, "Plan Width": 0, "Actual Rows": 3079, "Actual Loops": 2, "Inner Unique": false, "Hash Cond": "(c.postid = p.id)", "Workers": [], "Plans": [{"Node Type": "Hash Join", "Parent Relationship": "Outer", "Parallel Aware": false, "Async Capable": false, "Join Type": "Inner", "Startup Cost": 357.62, "Total Cost": 3826.17, "Plan Rows": 287.0, "Plan Width": 8, "Actual Rows": 5304, "Actual Loops": 2, "Inner Unique": false, "Hash Cond": "(c.postid = pl.postid)", "Workers": [], "Plans": [{"Node Type": "Seq Scan", "Parent Relationship": "Outer", "Parallel Aware": true, "Async Capable": false, "Relation Name": "comments", "Alias": "c", "Startup Cost": 0.0, "Total Cost": 2625.65, "Plan Rows": 41211, "Plan Width": 4, "Actual Rows": 35096, "Actual Loops": 2, "Filter": "(creationdate >= '2013-08-07 03:44:59'::timestamp without time zone)", "Rows Removed by Filter": 52057, "Workers": []}, {"Node Type": "Hash", "Parent Relationship": "Inner", "Parallel Aware": false, "Async Capable": false, "Startup Cost": 248.53, "Total Cost": 248.53, "Plan Rows": 8727, "Plan Width": 4, "Actual Rows": 8742, "Actual Loops": 2, "Hash Buckets": 16384, "Original Hash Buckets": 16384, "Hash Batches": 1, "Original Hash Batches": 1, "Peak Memory Usage": 436, "Workers": [], "Plans": [{"Node Type": "Seq Scan", "Parent Relationship": "Outer", "Parallel Aware": false, "Async Capable": false, "Relation Name": "postlinks", "Alias": "pl", "Startup Cost": 0.0, "Total Cost": 248.53, "Plan Rows": 8727, "Plan Width": 4, "Actual Rows": 8742, "Actual Loops": 2, "Filter": "((creationdate <= '2014-05-26 07:38:02'::timestamp without time zone) AND (linktypeid = 1))", "Rows Removed by Filter": 2360, "Workers": []}]}]}, {"Node Type": "Hash", "Parent Relationship": "Inner", "Parallel Aware": false, "Async Capable": false, "Startup Cost": 4524.42, "Total Cost": 4524.42, "Plan Rows": 4285.0, "Plan Width": 12, "Actual Rows": 4985, "Actual Loops": 2, "Hash Buckets": 8192, "Original Hash Buckets": 1024, "Hash Batches": 1, "Original Hash Batches": 1, "Peak Memory Usage": 279, "Workers": [], "Plans": [{"Node Type": "Nested Loop", "Parent Relationship": "Outer", "Parallel Aware": false, "Async Capable": false, "Join Type": "Inner", "Startup Cost": 0.84, "Total Cost": 4524.42, "Plan Rows": 4285.0, "Plan Width": 12, "Actual Rows": 4985, "Actual Loops": 2, "Inner Unique": false, "Join Filter": "(p.id = v.postid)", "Rows Removed by Join Filter": 0, "Workers": [], "Plans": [{"Node Type": "Nested Loop", "Parent Relationship": "Outer", "Parallel Aware": false, "Async Capable": false, "Join Type": "Inner", "Startup Cost": 0.42, "Total Cost": 4318.54, "Plan Rows": 214.0, "Plan Width": 8, "Actual Rows": 135, "Actual Loops": 2, "Inner Unique": false, "Workers": [], "Plans": [{"Node Type": "Seq Scan", "Parent Relationship": "Outer", "Parallel Aware": false, "Async Capable": false, "Relation Name": "posts", "Alias": "p", "Startup Cost": 0.0, "Total Cost": 2909.46, "Plan Rows": 172, "Plan Width": 4, "Actual Rows": 75, "Actual Loops": 2, "Filter": "((score <= 85) AND (favoritecount >= 13) AND (favoritecount <= 196) AND (creationdate >= '2012-01-19 05:11:21'::timestamp without time zone) AND (creationdate <= '2014-02-26 06:44:04'::timestamp without time zone))", "Rows Removed by Filter": 91901, "Workers": []}, {"Node Type": "Index Scan", "Parent Relationship": "Inner", "Parallel Aware": false, "Async Capable": false, "Scan Direction": "Forward", "Index Name": "idx_posthistory_postid", "Relation Name": "posthistory", "Alias": "ph", "Startup Cost": 0.42, "Total Cost": 8.17, "Plan Rows": 2, "Plan Width": 4, "Actual Rows": 2, "Actual Loops": 150, "Index Cond": "(postid = p.id)", "Rows Removed by Index Recheck": 0, "Filter": "(creationdate >= '2013-02-08 14:14:48'::timestamp without time zone)", "Rows Removed by Filter": 5, "Workers": []}]}, {"Node Type": "Index Scan", "Parent Relationship": "Inner", "Parallel Aware": false, "Async Capable": false, "Scan Direction": "Forward", "Index Name": "idx_votes_postid", "Relation Name": "votes", "Alias": "v", "Startup Cost": 0.42, "Total Cost": 0.58, "Plan Rows": 4, "Plan Width": 4, "Actual Rows": 37, "Actual Loops": 270, "Index Cond": "(postid = ph.postid)", "Rows Removed by Index Recheck": 0, "Filter": "(creationdate <= '2014-02-12 18:32:31'::timestamp without time zone)", "Rows Removed by Filter": 12, "Workers": []}]}]}]}]}]}]}, "Planning Time": 9.472, "Triggers": [], "Execution Time": 55.044}, {"Plan": {"Node Type": "Aggregate", "Strategy": "Plain", "Partial Mode": "Simple", "Parallel Aware": false, "Async Capable": false, "Startup Cost": 28108.29, "Total Cost": 28108.3, "Plan Rows": 1, "Plan Width": 8, "Actual Rows": 1, "Actual Loops": 1, "Plans": [{"Node Type": "Merge Join", "Parent Relationship": "Outer", "Parallel Aware": false, "Async Capable": false, "Join Type": "Inner", "Startup Cost": 2917.4, "Total Cost": 28108.13, "Plan Rows": 2755.0, "Plan Width": 0, "Actual Rows": 6158, "Actual Loops": 1, "Inner Unique": false, "Merge Cond": "(p.id = c.postid)", "Plans": [{"Node Type": "Nested Loop", "Parent Relationship": "Outer", "Parallel Aware": false, "Async Capable": false, "Join Type": "Inner", "Startup Cost": 2916.55, "Total Cost": 3418.09, "Plan Rows": 62.0, "Plan Width": 12, "Actual Rows": 150, "Actual Loops": 1, "Inner Unique": false, "Join Filter": "(p.id = ph.postid)", "Rows Removed by Join Filter": 0, "Plans": [{"Node Type": "Merge Join", "Parent Relationship": "Outer", "Parallel Aware": false, "Async Capable": false, "Join Type": "Inner", "Startup Cost": 2916.13, "Total Cost": 3389.49, "Plan Rows": 51.0, "Plan Width": 8, "Actual Rows": 84, "Actual Loops": 1, "Inner Unique": true, "Merge Cond": "(pl.postid = p.id)", "Plans": [{"Node Type": "Index Scan", "Parent Relationship": "Outer", "Parallel Aware": false, "Async Capable": false, "Scan Direction": "Forward", "Index Name": "idx_postlinks_postid", "Relation Name": "postlinks", "Alias": "pl", "Startup Cost": 0.29, "Total Cost": 450.8, "Plan Rows": 8727, "Plan Width": 4, "Actual Rows": 6691, "Actual Loops": 1, "Filter": "((creationdate <= '2014-05-26 07:38:02'::timestamp without time zone) AND (linktypeid = 1))", "Rows Removed by Filter": 590}, {"Node Type": "Sort", "Parent Relationship": "Inner", "Parallel Aware": false, "Async Capable": false, "Startup Cost": 2915.85, "Total Cost": 2916.28, "Plan Rows": 172, "Plan Width": 4, "Actual Rows": 75, "Actual Loops": 1, "Sort Key": ["p.id"], "Sort Method": "quicksort", "Sort Space Used": 25, "Sort Space Type": "Memory", "Plans": [{"Node Type": "Seq Scan", "Parent Relationship": "Outer", "Parallel Aware": false, "Async Capable": false, "Relation Name": "posts", "Alias": "p", "Startup Cost": 0.0, "Total Cost": 2909.46, "Plan Rows": 172, "Plan Width": 4, "Actual Rows": 75, "Actual Loops": 1, "Filter": "((score <= 85) AND (favoritecount >= 13) AND (favoritecount <= 196) AND (creationdate >= '2012-01-19 05:11:21'::timestamp without time zone) AND (creationdate <= '2014-02-26 06:44:04'::timestamp without time zone))", "Rows Removed by Filter": 91901}]}]}, {"Node Type": "Index Scan", "Parent Relationship": "Inner", "Parallel Aware": false, "Async Capable": false, "Scan Direction": "Forward", "Index Name": "idx_posthistory_postid", "Relation Name": "posthistory", "Alias": "ph", "Startup Cost": 0.42, "Total Cost": 1.76, "Plan Rows": 2, "Plan Width": 4, "Actual Rows": 2, "Actual Loops": 84, "Index Cond": "(postid = pl.postid)", "Rows Removed by Index Recheck": 0, "Filter": "(creationdate >= '2013-02-08 14:14:48'::timestamp without time zone)", "Rows Removed by Filter": 6}]}, {"Node Type": "Materialize", "Parent Relationship": "Inner", "Parallel Aware": false, "Async Capable": false, "Startup Cost": 0.84, "Total Cost": 23956.19, "Plan Rows": 20755.0, "Plan Width": 8, "Actual Rows": 89239, "Actual Loops": 1, "Plans": [{"Node Type": "Merge Join", "Parent Relationship": "Outer", "Parallel Aware": false, "Async Capable": false, "Join Type": "Inner", "Startup Cost": 0.84, "Total Cost": 23223.37, "Plan Rows": 20755.0, "Plan Width": 8, "Actual Rows": 83741, "Actual Loops": 1, "Inner Unique": false, "Merge Cond": "(c.postid = v.postid)", "Plans": [{"Node Type": "Index Scan", "Parent Relationship": "Outer", "Parallel Aware": false, "Async Capable": false, "Scan Direction": "Forward", "Index Name": "idx_comments_postid", "Relation Name": "comments", "Alias": "c", "Startup Cost": 0.42, "Total Cost": 5857.0, "Plan Rows": 70059, "Plan Width": 4, "Actual Rows": 22640, "Actual Loops": 1, "Filter": "(creationdate >= '2013-08-07 03:44:59'::timestamp without time zone)", "Rows Removed by Filter": 104114}, {"Node Type": "Materialize", "Parent Relationship": "Inner", "Parallel Aware": false, "Async Capable": false, "Startup Cost": 0.42, "Total Cost": 13446.55, "Plan Rows": 260852, "Plan Width": 4, "Actual Rows": 300164, "Actual Loops": 1, "Plans": [{"Node Type": "Index Scan", "Parent Relationship": "Outer", "Parallel Aware": false, "Async Capable": false, "Scan Direction": "Forward", "Index Name": "idx_votes_postid", "Relation Name": "votes", "Alias": "v", "Startup Cost": 0.42, "Total Cost": 12794.42, "Plan Rows": 260852, "Plan Width": 4, "Actual Rows": 248445, "Actual Loops": 1, "Filter": "(creationdate <= '2014-02-12 18:32:31'::timestamp without time zone)", "Rows Removed by Filter": 21808}]}]}]}]}]}, "Planning Time": 6.193, "Triggers": [], "Execution Time": 405.839}, {"Plan": {"Node Type": "Aggregate", "Strategy": "Plain", "Partial Mode": "Simple", "Parallel Aware": false, "Async Capable": false, "Startup Cost": 13727.46, "Total Cost": 13727.47, "Plan Rows": 1, "Plan Width": 8, "Actual Rows": 1, "Actual Loops": 1, "Plans": [{"Node Type": "Hash Join", "Parent Relationship": "Outer", "Parallel Aware": false, "Async Capable": false, "Join Type": "Inner", "Startup Cost": 9369.56, "Total Cost": 13727.3, "Plan Rows": 2755.0, "Plan Width": 0, "Actual Rows": 6158, "Actual Loops": 1, "Inner Unique": false, "Hash Cond": "(p.id = pl.postid)", "Plans": [{"Node Type": "Nested Loop", "Parent Relationship": "Outer", "Parallel Aware": false, "Async Capable": false, "Join Type": "Inner", "Startup Cost": 0.84, "Total Cost": 4343.39, "Plan Rows": 3621.0, "Plan Width": 12, "Actual Rows": 1472, "Actual Loops": 1, "Inner Unique": false, "Join Filter": "(p.id = v.postid)", "Rows Removed by Join Filter": 0, "Plans": [{"Node Type": "Nested Loop", "Parent Relationship": "Outer", "Parallel Aware": false, "Async Capable": false, "Join Type": "Inner", "Startup Cost": 0.42, "Total Cost": 4248.57, "Plan Rows": 176.0, "Plan Width": 8, "Actual Rows": 38, "Actual Loops": 1, "Inner Unique": false, "Plans": [{"Node Type": "Seq Scan", "Parent Relationship": "Outer", "Parallel Aware": false, "Async Capable": false, "Relation Name": "posts", "Alias": "p", "Startup Cost": 0.0, "Total Cost": 2909.46, "Plan Rows": 172, "Plan Width": 4, "Actual Rows": 75, "Actual Loops": 1, "Filter": "((score <= 85) AND (favoritecount >= 13) AND (favoritecount <= 196) AND (creationdate >= '2012-01-19 05:11:21'::timestamp without time zone) AND (creationdate <= '2014-02-26 06:44:04'::timestamp without time zone))", "Rows Removed by Filter": 91901}, {"Node Type": "Index Scan", "Parent Relationship": "Inner", "Parallel Aware": false, "Async Capable": false, "Scan Direction": "Forward", "Index Name": "idx_comments_postid", "Relation Name": "comments", "Alias": "c", "Startup Cost": 0.42, "Total Cost": 7.78, "Plan Rows": 1, "Plan Width": 4, "Actual Rows": 1, "Actual Loops": 75, "Index Cond": "(postid = p.id)", "Rows Removed by Index Recheck": 0, "Filter": "(creationdate >= '2013-08-07 03:44:59'::timestamp without time zone)", "Rows Removed by Filter": 3}]}, {"Node Type": "Index Scan", "Parent Relationship": "Inner", "Parallel Aware": false, "Async Capable": false, "Scan Direction": "Forward", "Index Name": "idx_votes_postid", "Relation Name": "votes", "Alias": "v", "Startup Cost": 0.42, "Total Cost": 0.67, "Plan Rows": 4, "Plan Width": 4, "Actual Rows": 39, "Actual Loops": 38, "Index Cond": "(postid = c.postid)", "Rows Removed by Index Recheck": 0, "Filter": "(creationdate <= '2014-02-12 18:32:31'::timestamp without time zone)", "Rows Removed by Filter": 14}]}, {"Node Type": "Hash", "Parent Relationship": "Inner", "Parallel Aware": false, "Async Capable": false, "Startup Cost": 9126.4, "Total Cost": 9126.4, "Plan Rows": 430.0, "Plan Width": 8, "Actual Rows": 26893, "Actual Loops": 1, "Hash Buckets": 32768, "Original Hash Buckets": 32768, "Hash Batches": 1, "Original Hash Batches": 1, "Peak Memory Usage": 1307, "Plans": [{"Node Type": "Hash Join", "Parent Relationship": "Outer", "Parallel Aware": false, "Async Capable": false, "Join Type": "Inner", "Startup Cost": 8204.04, "Total Cost": 9126.4, "Plan Rows": 430.0, "Plan Width": 8, "Actual Rows": 26893, "Actual Loops": 1, "Inner Unique": false, "Hash Cond": "(pl.postid = ph.postid)", "Plans": [{"Node Type": "Seq Scan", "Parent Relationship": "Outer", "Parallel Aware": false, "Async Capable": false, "Relation Name": "postlinks", "Alias": "pl", "Startup Cost": 0.0, "Total Cost": 248.53, "Plan Rows": 8727, "Plan Width": 4, "Actual Rows": 8742, "Actual Loops": 1, "Filter": "((creationdate <= '2014-05-26 07:38:02'::timestamp without time zone) AND (linktypeid = 1))", "Rows Removed by Filter": 2360}, {"Node Type": "Hash", "Parent Relationship": "Inner", "Parallel Aware": false, "Async Capable": false, "Startup Cost": 6029.84, "Total Cost": 6029.84, "Plan Rows": 173936, "Plan Width": 4, "Actual Rows": 173734, "Actual Loops": 1, "Hash Buckets": 262144, "Original Hash Buckets": 262144, "Hash Batches": 1, "Original Hash Batches": 1, "Peak Memory Usage": 8156, "Plans": [{"Node Type": "Seq Scan", "Parent Relationship": "Outer", "Parallel Aware": false, "Async Capable": false, "Relation Name": "posthistory", "Alias": "ph", "Startup Cost": 0.0, "Total Cost": 6029.84, "Plan Rows": 173936, "Plan Width": 4, "Actual Rows": 173734, "Actual Loops": 1, "Filter": "(creationdate >= '2013-02-08 14:14:48'::timestamp without time zone)", "Rows Removed by Filter": 129453}]}]}]}]}]}, "Planning Time": 5.928, "Triggers": [], "Execution Time": 159.146}, {"Plan": {"Node Type": "Aggregate", "Strategy": "Plain", "Partial Mode": "Simple", "Parallel Aware": false, "Async Capable": false, "Startup Cost": 10002.14, "Total Cost": 10002.15, "Plan Rows": 1, "Plan Width": 8, "Actual Rows": 1, "Actual Loops": 1, "Plans": [{"Node Type": "Hash Join", "Parent Relationship": "Outer", "Parallel Aware": false, "Async Capable": false, "Join Type": "Inner", "Startup Cost": 5463.37, "Total Cost": 10001.98, "Plan Rows": 2755.0, "Plan Width": 0, "Actual Rows": 6158, "Actual Loops": 1, "Inner Unique": false, "Hash Cond": "(p.id = c.postid)", "Plans": [{"Node Type": "Nested Loop", "Parent Relationship": "Outer", "Parallel Aware": false, "Async Capable": false, "Join Type": "Inner", "Startup Cost": 0.84, "Total Cost": 4524.42, "Plan Rows": 4285.0, "Plan Width": 12, "Actual Rows": 4985, "Actual Loops": 1, "Inner Unique": false, "Join Filter": "(p.id = v.postid)", "Rows Removed by Join Filter": 0, "Plans": [{"Node Type": "Nested Loop", "Parent Relationship": "Outer", "Parallel Aware": false, "Async Capable": false, "Join Type": "Inner", "Startup Cost": 0.42, "Total Cost": 4318.54, "Plan Rows": 214.0, "Plan Width": 8, "Actual Rows": 135, "Actual Loops": 1, "Inner Unique": false, "Plans": [{"Node Type": "Seq Scan", "Parent Relationship": "Outer", "Parallel Aware": false, "Async Capable": false, "Relation Name": "posts", "Alias": "p", "Startup Cost": 0.0, "Total Cost": 2909.46, "Plan Rows": 172, "Plan Width": 4, "Actual Rows": 75, "Actual Loops": 1, "Filter": "((score <= 85) AND (favoritecount >= 13) AND (favoritecount <= 196) AND (creationdate >= '2012-01-19 05:11:21'::timestamp without time zone) AND (creationdate <= '2014-02-26 06:44:04'::timestamp without time zone))", "Rows Removed by Filter": 91901}, {"Node Type": "Index Scan", "Parent Relationship": "Inner", "Parallel Aware": false, "Async Capable": false, "Scan Direction": "Forward", "Index Name": "idx_posthistory_postid", "Relation Name": "posthistory", "Alias": "ph", "Startup Cost": 0.42, "Total Cost": 8.17, "Plan Rows": 2, "Plan Width": 4, "Actual Rows": 2, "Actual Loops": 75, "Index Cond": "(postid = p.id)", "Rows Removed by Index Recheck": 0, "Filter": "(creationdate >= '2013-02-08 14:14:48'::timestamp without time zone)", "Rows Removed by Filter": 5}]}, {"Node Type": "Index Scan", "Parent Relationship": "Inner", "Parallel Aware": false, "Async Capable": false, "Scan Direction": "Forward", "Index Name": "idx_votes_postid", "Relation Name": "votes", "Alias": "v", "Startup Cost": 0.42, "Total Cost": 0.58, "Plan Rows": 4, "Plan Width": 4, "Actual Rows": 37, "Actual Loops": 135, "Index Cond": "(postid = ph.postid)", "Rows Removed by Index Recheck": 0, "Filter": "(creationdate <= '2014-02-12 18:32:31'::timestamp without time zone)", "Rows Removed by Filter": 12}]}, {"Node Type": "Hash", "Parent Relationship": "Inner", "Parallel Aware": false, "Async Capable": false, "Startup Cost": 5313.37, "Total Cost": 5313.37, "Plan Rows": 287.0, "Plan Width": 8, "Actual Rows": 10609, "Actual Loops": 1, "Hash Buckets": 16384, "Original Hash Buckets": 16384, "Hash Batches": 1, "Original Hash Batches": 1, "Peak Memory Usage": 543, "Plans": [{"Node Type": "Hash Join", "Parent Relationship": "Outer", "Parallel Aware": false, "Async Capable": false, "Join Type": "Inner", "Startup Cost": 357.62, "Total Cost": 5313.37, "Plan Rows": 287.0, "Plan Width": 8, "Actual Rows": 10609, "Actual Loops": 1, "Inner Unique": false, "Hash Cond": "(c.postid = pl.postid)", "Plans": [{"Node Type": "Seq Scan", "Parent Relationship": "Outer", "Parallel Aware": false, "Async Capable": false, "Relation Name": "comments", "Alias": "c", "Startup Cost": 0.0, "Total Cost": 3522.81, "Plan Rows": 70059, "Plan Width": 4, "Actual Rows": 70191, "Actual Loops": 1, "Filter": "(creationdate >= '2013-08-07 03:44:59'::timestamp without time zone)", "Rows Removed by Filter": 104114}, {"Node Type": "Hash", "Parent Relationship": "Inner", "Parallel Aware": false, "Async Capable": false, "Startup Cost": 248.53, "Total Cost": 248.53, "Plan Rows": 8727, "Plan Width": 4, "Actual Rows": 8742, "Actual Loops": 1, "Hash Buckets": 16384, "Original Hash Buckets": 16384, "Hash Batches": 1, "Original Hash Batches": 1, "Peak Memory Usage": 436, "Plans": [{"Node Type": "Seq Scan", "Parent Relationship": "Outer", "Parallel Aware": false, "Async Capable": false, "Relation Name": "postlinks", "Alias": "pl", "Startup Cost": 0.0, "Total Cost": 248.53, "Plan Rows": 8727, "Plan Width": 4, "Actual Rows": 8742, "Actual Loops": 1, "Filter": "((creationdate <= '2014-05-26 07:38:02'::timestamp without time zone) AND (linktypeid = 1))", "Rows Removed by Filter": 2360}]}]}]}]}]}, "Planning Time": 5.842, "Triggers": [], "Execution Time": 70.825}, {"Plan": {"Node Type": "Aggregate", "Strategy": "Plain", "Partial Mode": "Simple", "Parallel Aware": false, "Async Capable": false, "Startup Cost": 38129.73, "Total Cost": 38129.74, "Plan Rows": 1, "Plan Width": 8, "Actual Rows": 1, "Actual Loops": 1, "Plans": [{"Node Type": "Merge Join", "Parent Relationship": "Outer", "Parallel Aware": false, "Async Capable": false, "Join Type": "Inner", "Startup Cost": 2917.4, "Total Cost": 38129.57, "Plan Rows": 2755.0, "Plan Width": 0, "Actual Rows": 6158, "Actual Loops": 1, "Inner Unique": false, "Merge Cond": "(p.id = ph.postid)", "Plans": [{"Node Type": "Nested Loop", "Parent Relationship": "Outer", "Parallel Aware": false, "Async Capable": false, "Join Type": "Inner", "Startup Cost": 2916.55, "Total Cost": 3409.42, "Plan Rows": 109.0, "Plan Width": 12, "Actual Rows": 39, "Actual Loops": 1, "Inner Unique": false, "Join Filter": "(c.postid = p.id)", "Rows Removed by Join Filter": 0, "Plans": [{"Node Type": "Merge Join", "Parent Relationship": "Outer", "Parallel Aware": false, "Async Capable": false, "Join Type": "Inner", "Startup Cost": 2916.13, "Total Cost": 3389.49, "Plan Rows": 51.0, "Plan Width": 8, "Actual Rows": 84, "Actual Loops": 1, "Inner Unique": true, "Merge Cond": "(pl.postid = p.id)", "Plans": [{"Node Type": "Index Scan", "Parent Relationship": "Outer", "Parallel Aware": false, "Async Capable": false, "Scan Direction": "Forward", "Index Name": "idx_postlinks_postid", "Relation Name": "postlinks", "Alias": "pl", "Startup Cost": 0.29, "Total Cost": 450.8, "Plan Rows": 8727, "Plan Width": 4, "Actual Rows": 6691, "Actual Loops": 1, "Filter": "((creationdate <= '2014-05-26 07:38:02'::timestamp without time zone) AND (linktypeid = 1))", "Rows Removed by Filter": 590}, {"Node Type": "Sort", "Parent Relationship": "Inner", "Parallel Aware": false, "Async Capable": false, "Startup Cost": 2915.85, "Total Cost": 2916.28, "Plan Rows": 172, "Plan Width": 4, "Actual Rows": 75, "Actual Loops": 1, "Sort Key": ["p.id"], "Sort Method": "quicksort", "Sort Space Used": 25, "Sort Space Type": "Memory", "Plans": [{"Node Type": "Seq Scan", "Parent Relationship": "Outer", "Parallel Aware": false, "Async Capable": false, "Relation Name": "posts", "Alias": "p", "Startup Cost": 0.0, "Total Cost": 2909.46, "Plan Rows": 172, "Plan Width": 4, "Actual Rows": 75, "Actual Loops": 1, "Filter": "((score <= 85) AND (favoritecount >= 13) AND (favoritecount <= 196) AND (creationdate >= '2012-01-19 05:11:21'::timestamp without time zone) AND (creationdate <= '2014-02-26 06:44:04'::timestamp without time zone))", "Rows Removed by Filter": 91901}]}]}, {"Node Type": "Index Scan", "Parent Relationship": "Inner", "Parallel Aware": false, "Async Capable": false, "Scan Direction": "Forward", "Index Name": "idx_comments_postid", "Relation Name": "comments", "Alias": "c", "Startup Cost": 0.42, "Total Cost": 1.23, "Plan Rows": 1, "Plan Width": 4, "Actual Rows": 0, "Actual Loops": 84, "Index Cond": "(postid = pl.postid)", "Rows Removed by Index Recheck": 0, "Filter": "(creationdate >= '2013-08-07 03:44:59'::timestamp without time zone)", "Rows Removed by Filter": 3}]}, {"Node Type": "Materialize", "Parent Relationship": "Inner", "Parallel Aware": false, "Async Capable": false, "Startup Cost": 0.84, "Total Cost": 33261.98, "Plan Rows": 22732.0, "Plan Width": 8, "Actual Rows": 266408, "Actual Loops": 1, "Plans": [{"Node Type": "Merge Join", "Parent Relationship": "Outer", "Parallel Aware": false, "Async Capable": false, "Join Type": "Inner", "Startup Cost": 0.84, "Total Cost": 31804.6, "Plan Rows": 22732.0, "Plan Width": 8, "Actual Rows": 261086, "Actual Loops": 1, "Inner Unique": false, "Merge Cond": "(ph.postid = v.postid)", "Plans": [{"Node Type": "Index Scan", "Parent Relationship": "Outer", "Parallel Aware": false, "Async Capable": false, "Scan Direction": "Forward", "Index Name": "idx_posthistory_postid", "Relation Name": "posthistory", "Alias": "ph", "Startup Cost": 0.42, "Total Cost": 9831.47, "Plan Rows": 173936, "Plan Width": 4, "Actual Rows": 83099, "Actual Loops": 1, "Filter": "(creationdate >= '2013-02-08 14:14:48'::timestamp without time zone)", "Rows Removed by Filter": 129453}, {"Node Type": "Materialize", "Parent Relationship": "Inner", "Parallel Aware": false, "Async Capable": false, "Startup Cost": 0.42, "Total Cost": 13446.55, "Plan Rows": 260852, "Plan Width": 4, "Actual Rows": 435826, "Actual Loops": 1, "Plans": [{"Node Type": "Index Scan", "Parent Relationship": "Outer", "Parallel Aware": false, "Async Capable": false, "Scan Direction": "Forward", "Index Name": "idx_votes_postid", "Relation Name": "votes", "Alias": "v", "Startup Cost": 0.42, "Total Cost": 12794.42, "Plan Rows": 260852, "Plan Width": 4, "Actual Rows": 248445, "Actual Loops": 1, "Filter": "(creationdate <= '2014-02-12 18:32:31'::timestamp without time zone)", "Rows Removed by Filter": 21808}]}]}]}]}]}, "Planning Time": 6.326, "Triggers": [], "Execution Time": 505.56}, {"Plan": {"Node Type": "Aggregate", "Strategy": "Plain", "Partial Mode": "Finalize", "Parallel Aware": false, "Async Capable": false, "Startup Cost": 24878.19, "Total Cost": 24878.2, "Plan Rows": 1, "Plan Width": 8, "Actual Rows": 1, "Actual Loops": 1, "Plans": [{"Node Type": "Gather", "Parent Relationship": "Outer", "Parallel Aware": false, "Async Capable": false, "Startup Cost": 24878.08, "Total Cost": 24878.19, "Plan Rows": 1, "Plan Width": 8, "Actual Rows": 2, "Actual Loops": 1, "Workers Planned": 1, "Workers Launched": 1, "Single Copy": false, "Plans": [{"Node Type": "Aggregate", "Strategy": "Plain", "Partial Mode": "Partial", "Parent Relationship": "Outer", "Parallel Aware": false, "Async Capable": false, "Startup Cost": 23878.08, "Total Cost": 23878.09, "Plan Rows": 1, "Plan Width": 8, "Actual Rows": 1, "Actual Loops": 2, "Workers": [], "Plans": [{"Node Type": "Merge Join", "Parent Relationship": "Outer", "Parallel Aware": false, "Async Capable": false, "Join Type": "Inner", "Startup Cost": 3213.23, "Total Cost": 23877.98, "Plan Rows": 2755.0, "Plan Width": 0, "Actual Rows": 3079, "Actual Loops": 2, "Inner Unique": false, "Merge Cond": "(c.postid = p.id)", "Workers": [], "Plans": [{"Node Type": "Merge Join", "Parent Relationship": "Outer", "Parallel Aware": false, "Async Capable": false, "Join Type": "Inner", "Startup Cost": 0.84, "Total Cost": 20233.69, "Plan Rows": 20755.0, "Plan Width": 8, "Actual Rows": 41871, "Actual Loops": 2, "Inner Unique": false, "Merge Cond": "(c.postid = v.postid)", "Workers": [], "Plans": [{"Node Type": "Index Scan", "Parent Relationship": "Outer", "Parallel Aware": true, "Async Capable": false, "Scan Direction": "Forward", "Index Name": "idx_comments_postid", "Relation Name": "comments", "Alias": "c", "Startup Cost": 0.42, "Total Cost": 4959.84, "Plan Rows": 41211, "Plan Width": 4, "Actual Rows": 11320, "Actual Loops": 2, "Filter": "(creationdate >= '2013-08-07 03:44:59'::timestamp without time zone)", "Rows Removed by Filter": 52057, "Workers": []}, {"Node Type": "Index Scan", "Parent Relationship": "Inner", "Parallel Aware": false, "Async Capable": false, "Scan Direction": "Forward", "Index Name": "idx_votes_postid", "Relation Name": "votes", "Alias": "v", "Startup Cost": 0.42, "Total Cost": 12794.42, "Plan Rows": 260852, "Plan Width": 4, "Actual Rows": 274459, "Actual Loops": 2, "Filter": "(creationdate <= '2014-02-12 18:32:31'::timestamp without time zone)", "Rows Removed by Filter": 25491, "Workers": []}]}, {"Node Type": "Sort", "Parent Relationship": "Inner", "Parallel Aware": false, "Async Capable": false, "Startup Cost": 3212.38, "Total Cost": 3212.46, "Plan Rows": 62.0, "Plan Width": 12, "Actual Rows": 3032, "Actual Loops": 2, "Sort Key": ["p.id"], "Sort Method": "quicksort", "Sort Space Used": 30, "Sort Space Type": "Memory", "Workers": [{"Worker Number": 0, "Sort Method": "quicksort", "Sort Space Used": 30, "Sort Space Type": "Memory"}], "Plans": [{"Node Type": "Nested Loop", "Parent Relationship": "Outer", "Parallel Aware": false, "Async Capable": false, "Join Type": "Inner", "Startup Cost": 2912.03, "Total Cost": 3211.65, "Plan Rows": 62.0, "Plan Width": 12, "Actual Rows": 150, "Actual Loops": 2, "Inner Unique": false, "Join Filter": "(p.id = ph.postid)", "Rows Removed by Join Filter": 0, "Workers": [], "Plans": [{"Node Type": "Hash Join", "Parent Relationship": "Outer", "Parallel Aware": false, "Async Capable": false, "Join Type": "Inner", "Startup Cost": 2911.61, "Total Cost": 3183.05, "Plan Rows": 51.0, "Plan Width": 8, "Actual Rows": 84, "Actual Loops": 2, "Inner Unique": true, "Hash Cond": "(pl.postid = p.id)", "Workers": [], "Plans": [{"Node Type": "Seq Scan", "Parent Relationship": "Outer", "Parallel Aware": false, "Async Capable": false, "Relation Name": "postlinks", "Alias": "pl", "Startup Cost": 0.0, "Total Cost": 248.53, "Plan Rows": 8727, "Plan Width": 4, "Actual Rows": 8742, "Actual Loops": 2, "Filter": "((creationdate <= '2014-05-26 07:38:02'::timestamp without time zone) AND (linktypeid = 1))", "Rows Removed by Filter": 2360, "Workers": []}, {"Node Type": "Hash", "Parent Relationship": "Inner", "Parallel Aware": false, "Async Capable": false, "Startup Cost": 2909.46, "Total Cost": 2909.46, "Plan Rows": 172, "Plan Width": 4, "Actual Rows": 75, "Actual Loops": 2, "Hash Buckets": 1024, "Original Hash Buckets": 1024, "Hash Batches": 1, "Original Hash Batches": 1, "Peak Memory Usage": 11, "Workers": [], "Plans": [{"Node Type": "Seq Scan", "Parent Relationship": "Outer", "Parallel Aware": false, "Async Capable": false, "Relation Name": "posts", "Alias": "p", "Startup Cost": 0.0, "Total Cost": 2909.46, "Plan Rows": 172, "Plan Width": 4, "Actual Rows": 75, "Actual Loops": 2, "Filter": "((score <= 85) AND (favoritecount >= 13) AND (favoritecount <= 196) AND (creationdate >= '2012-01-19 05:11:21'::timestamp without time zone) AND (creationdate <= '2014-02-26 06:44:04'::timestamp without time zone))", "Rows Removed by Filter": 91901, "Workers": []}]}]}, {"Node Type": "Index Scan", "Parent Relationship": "Inner", "Parallel Aware": false, "Async Capable": false, "Scan Direction": "Forward", "Index Name": "idx_posthistory_postid", "Relation Name": "posthistory", "Alias": "ph", "Startup Cost": 0.42, "Total Cost": 1.76, "Plan Rows": 2, "Plan Width": 4, "Actual Rows": 2, "Actual Loops": 168, "Index Cond": "(postid = pl.postid)", "Rows Removed by Index Recheck": 0, "Filter": "(creationdate >= '2013-02-08 14:14:48'::timestamp without time zone)", "Rows Removed by Filter": 6, "Workers": []}]}]}]}]}]}]}, "Planning Time": 11.682, "Triggers": [], "Execution Time": 349.816}, {"Plan": {"Node Type": "Aggregate", "Strategy": "Plain", "Partial Mode": "Simple", "Parallel Aware": false, "Async Capable": false, "Startup Cost": 26759.48, "Total Cost": 26759.49, "Plan Rows": 1, "Plan Width": 8, "Actual Rows": 1, "Actual Loops": 1, "Plans": [{"Node Type": "Hash Join", "Parent Relationship": "Outer", "Parallel Aware": false, "Async Capable": false, "Join Type": "Inner", "Startup Cost": 22488.49, "Total Cost": 26759.32, "Plan Rows": 2755.0, "Plan Width": 0, "Actual Rows": 6158, "Actual Loops": 1, "Inner Unique": false, "Hash Cond": "(p.id = pl.postid)", "Plans": [{"Node Type": "Nested Loop", "Parent Relationship": "Outer", "Parallel Aware": false, "Async Capable": false, "Join Type": "Inner", "Startup Cost": 0.42, "Total Cost": 4248.57, "Plan Rows": 176.0, "Plan Width": 8, "Actual Rows": 38, "Actual Loops": 1, "Inner Unique": false, "Plans": [{"Node Type": "Seq Scan", "Parent Relationship": "Outer", "Parallel Aware": false, "Async Capable": false, "Relation Name": "posts", "Alias": "p", "Startup Cost": 0.0, "Total Cost": 2909.46, "Plan Rows": 172, "Plan Width": 4, "Actual Rows": 75, "Actual Loops": 1, "Filter": "((score <= 85) AND (favoritecount >= 13) AND (favoritecount <= 196) AND (creationdate >= '2012-01-19 05:11:21'::timestamp without time zone) AND (creationdate <= '2014-02-26 06:44:04'::timestamp without time zone))", "Rows Removed by Filter": 91901}, {"Node Type": "Index Scan", "Parent Relationship": "Inner", "Parallel Aware": false, "Async Capable": false, "Scan Direction": "Forward", "Index Name": "idx_comments_postid", "Relation Name": "comments", "Alias": "c", "Startup Cost": 0.42, "Total Cost": 7.78, "Plan Rows": 1, "Plan Width": 4, "Actual Rows": 1, "Actual Loops": 75, "Index Cond": "(postid = p.id)", "Rows Removed by Index Recheck": 0, "Filter": "(creationdate >= '2013-08-07 03:44:59'::timestamp without time zone)", "Rows Removed by Filter": 3}]}, {"Node Type": "Hash", "Parent Relationship": "Inner", "Parallel Aware": false, "Async Capable": false, "Startup Cost": 21406.12, "Total Cost": 21406.12, "Plan Rows": 12225.0, "Plan Width": 12, "Actual Rows": 96271, "Actual Loops": 1, "Hash Buckets": 131072, "Original Hash Buckets": 131072, "Hash Batches": 1, "Original Hash Batches": 1, "Peak Memory Usage": 5161, "Plans": [{"Node Type": "Nested Loop", "Parent Relationship": "Outer", "Parallel Aware": false, "Async Capable": false, "Join Type": "Inner", "Startup Cost": 8204.46, "Total Cost": 21406.12, "Plan Rows": 12225.0, "Plan Width": 12, "Actual Rows": 96271, "Actual Loops": 1, "Inner Unique": false, "Join Filter": "(pl.postid = v.postid)", "Rows Removed by Join Filter": 0, "Plans": [{"Node Type": "Hash Join", "Parent Relationship": "Outer", "Parallel Aware": false, "Async Capable": false, "Join Type": "Inner", "Startup Cost": 8204.04, "Total Cost": 9126.4, "Plan Rows": 430.0, "Plan Width": 8, "Actual Rows": 26893, "Actual Loops": 1, "Inner Unique": false, "Hash Cond": "(pl.postid = ph.postid)", "Plans": [{"Node Type": "Seq Scan", "Parent Relationship": "Outer", "Parallel Aware": false, "Async Capable": false, "Relation Name": "postlinks", "Alias": "pl", "Startup Cost": 0.0, "Total Cost": 248.53, "Plan Rows": 8727, "Plan Width": 4, "Actual Rows": 8742, "Actual Loops": 1, "Filter": "((creationdate <= '2014-05-26 07:38:02'::timestamp without time zone) AND (linktypeid = 1))", "Rows Removed by Filter": 2360}, {"Node Type": "Hash", "Parent Relationship": "Inner", "Parallel Aware": false, "Async Capable": false, "Startup Cost": 6029.84, "Total Cost": 6029.84, "Plan Rows": 173936, "Plan Width": 4, "Actual Rows": 173734, "Actual Loops": 1, "Hash Buckets": 262144, "Original Hash Buckets": 262144, "Hash Batches": 1, "Original Hash Batches": 1, "Peak Memory Usage": 8156, "Plans": [{"Node Type": "Seq Scan", "Parent Relationship": "Outer", "Parallel Aware": false, "Async Capable": false, "Relation Name": "posthistory", "Alias": "ph", "Startup Cost": 0.0, "Total Cost": 6029.84, "Plan Rows": 173936, "Plan Width": 4, "Actual Rows": 173734, "Actual Loops": 1, "Filter": "(creationdate >= '2013-02-08 14:14:48'::timestamp without time zone)", "Rows Removed by Filter": 129453}]}]}, {"Node Type": "Index Scan", "Parent Relationship": "Inner", "Parallel Aware": false, "Async Capable": false, "Scan Direction": "Forward", "Index Name": "idx_votes_postid", "Relation Name": "votes", "Alias": "v", "Startup Cost": 0.42, "Total Cost": 0.58, "Plan Rows": 4, "Plan Width": 4, "Actual Rows": 4, "Actual Loops": 26893, "Index Cond": "(postid = ph.postid)", "Rows Removed by Index Recheck": 0, "Filter": "(creationdate <= '2014-02-12 18:32:31'::timestamp without time zone)", "Rows Removed by Filter": 2}]}]}]}]}, "Planning Time": 6.082, "Triggers": [], "Execution Time": 266.486}, {"Plan": {"Node Type": "Aggregate", "Strategy": "Plain", "Partial Mode": "Simple", "Parallel Aware": false, "Async Capable": false, "Startup Cost": 3231.19, "Total Cost": 3231.2, "Plan Rows": 1, "Plan Width": 8, "Actual Rows": 1, "Actual Loops": 1, "Plans": [{"Node Type": "Nested Loop", "Parent Relationship": "Outer", "Parallel Aware": false, "Async Capable": false, "Join Type": "Inner", "Startup Cost": 2912.88, "Total Cost": 3231.03, "Plan Rows": 2755.0, "Plan Width": 0, "Actual Rows": 6158, "Actual Loops": 1, "Inner Unique": false, "Join Filter": "(p.id = ph.postid)", "Rows Removed by Join Filter": 0, "Plans": [{"Node Type": "Nested Loop", "Parent Relationship": "Outer", "Parallel Aware": false, "Async Capable": false, "Join Type": "Inner", "Startup Cost": 2912.45, "Total Cost": 3211.66, "Plan Rows": 1547.0, "Plan Width": 16, "Actual Rows": 1848, "Actual Loops": 1, "Inner Unique": false, "Join Filter": "(p.id = v.postid)", "Rows Removed by Join Filter": 0, "Plans": [{"Node Type": "Nested Loop", "Parent Relationship": "Outer", "Parallel Aware": false, "Async Capable": false, "Join Type": "Inner", "Startup Cost": 2912.03, "Total Cost": 3202.98, "Plan Rows": 109.0, "Plan Width": 12, "Actual Rows": 39, "Actual Loops": 1, "Inner Unique": false, "Join Filter": "(c.postid = p.id)", "Rows Removed by Join Filter": 0, "Plans": [{"Node Type": "Hash Join", "Parent Relationship": "Outer", "Parallel Aware": false, "Async Capable": false, "Join Type": "Inner", "Startup Cost": 2911.61, "Total Cost": 3183.05, "Plan Rows": 51.0, "Plan Width": 8, "Actual Rows": 84, "Actual Loops": 1, "Inner Unique": true, "Hash Cond": "(pl.postid = p.id)", "Plans": [{"Node Type": "Seq Scan", "Parent Relationship": "Outer", "Parallel Aware": false, "Async Capable": false, "Relation Name": "postlinks", "Alias": "pl", "Startup Cost": 0.0, "Total Cost": 248.53, "Plan Rows": 8727, "Plan Width": 4, "Actual Rows": 8742, "Actual Loops": 1, "Filter": "((creationdate <= '2014-05-26 07:38:02'::timestamp without time zone) AND (linktypeid = 1))", "Rows Removed by Filter": 2360}, {"Node Type": "Hash", "Parent Relationship": "Inner", "Parallel Aware": false, "Async Capable": false, "Startup Cost": 2909.46, "Total Cost": 2909.46, "Plan Rows": 172, "Plan Width": 4, "Actual Rows": 75, "Actual Loops": 1, "Hash Buckets": 1024, "Original Hash Buckets": 1024, "Hash Batches": 1, "Original Hash Batches": 1, "Peak Memory Usage": 11, "Plans": [{"Node Type": "Seq Scan", "Parent Relationship": "Outer", "Parallel Aware": false, "Async Capable": false, "Relation Name": "posts", "Alias": "p", "Startup Cost": 0.0, "Total Cost": 2909.46, "Plan Rows": 172, "Plan Width": 4, "Actual Rows": 75, "Actual Loops": 1, "Filter": "((score <= 85) AND (favoritecount >= 13) AND (favoritecount <= 196) AND (creationdate >= '2012-01-19 05:11:21'::timestamp without time zone) AND (creationdate <= '2014-02-26 06:44:04'::timestamp without time zone))", "Rows Removed by Filter": 91901}]}]}, {"Node Type": "Index Scan", "Parent Relationship": "Inner", "Parallel Aware": false, "Async Capable": false, "Scan Direction": "Forward", "Index Name": "idx_comments_postid", "Relation Name": "comments", "Alias": "c", "Startup Cost": 0.42, "Total Cost": 1.23, "Plan Rows": 1, "Plan Width": 4, "Actual Rows": 0, "Actual Loops": 84, "Index Cond": "(postid = pl.postid)", "Rows Removed by Index Recheck": 0, "Filter": "(creationdate >= '2013-08-07 03:44:59'::timestamp without time zone)", "Rows Removed by Filter": 3}]}, {"Node Type": "Index Scan", "Parent Relationship": "Inner", "Parallel Aware": false, "Async Capable": false, "Scan Direction": "Forward", "Index Name": "idx_votes_postid", "Relation Name": "votes", "Alias": "v", "Startup Cost": 0.42, "Total Cost": 0.67, "Plan Rows": 4, "Plan Width": 4, "Actual Rows": 47, "Actual Loops": 39, "Index Cond": "(postid = c.postid)", "Rows Removed by Index Recheck": 0, "Filter": "(creationdate <= '2014-02-12 18:32:31'::timestamp without time zone)", "Rows Removed by Filter": 13}]}, {"Node Type": "Index Scan", "Parent Relationship": "Inner", "Parallel Aware": false, "Async Capable": false, "Scan Direction": "Forward", "Index Name": "idx_posthistory_postid", "Relation Name": "posthistory", "Alias": "ph", "Startup Cost": 0.42, "Total Cost": 0.54, "Plan Rows": 2, "Plan Width": 4, "Actual Rows": 3, "Actual Loops": 1848, "Index Cond": "(postid = v.postid)", "Rows Removed by Index Recheck": 0, "Filter": "(creationdate >= '2013-02-08 14:14:48'::timestamp without time zone)", "Rows Removed by Filter": 4}]}]}, "Planning Time": 5.18, "Triggers": [], "Execution Time": 15.408}, {"Plan": {"Node Type": "Aggregate", "Strategy": "Plain", "Partial Mode": "Simple", "Parallel Aware": false, "Async Capable": false, "Startup Cost": 4721.65, "Total Cost": 4721.66, "Plan Rows": 1, "Plan Width": 8, "Actual Rows": 1, "Actual Loops": 1, "Plans": [{"Node Type": "Nested Loop", "Parent Relationship": "Outer", "Parallel Aware": false, "Async Capable": false, "Join Type": "Inner", "Startup Cost": 1.55, "Total Cost": 4721.49, "Plan Rows": 2755.0, "Plan Width": 0, "Actual Rows": 6158, "Actual Loops": 1, "Inner Unique": false, "Join Filter": "(p.id = pl.postid)", "Rows Removed by Join Filter": 0, "Plans": [{"Node Type": "Nested Loop", "Parent Relationship": "Outer", "Parallel Aware": false, "Async Capable": false, "Join Type": "Inner", "Startup Cost": 1.27, "Total Cost": 4495.33, "Plan Rows": 6780.0, "Plan Width": 16, "Actual Rows": 5964, "Actual Loops": 1, "Inner Unique": false, "Join Filter": "(p.id = v.postid)", "Rows Removed by Join Filter": 0, "Plans": [{"Node Type": "Nested Loop", "Parent Relationship": "Outer", "Parallel Aware": false, "Async Capable": false, "Join Type": "Inner", "Startup Cost": 0.84, "Total Cost": 4338.23, "Plan Rows": 559.0, "Plan Width": 12, "Actual Rows": 213, "Actual Loops": 1, "Inner Unique": false, "Join Filter": "(p.id = ph.postid)", "Rows Removed by Join Filter": 0, "Plans": [{"Node Type": "Nested Loop", "Parent Relationship": "Outer", "Parallel Aware": false, "Async Capable": false, "Join Type": "Inner", "Startup Cost": 0.42, "Total Cost": 4248.57, "Plan Rows": 176.0, "Plan Width": 8, "Actual Rows": 38, "Actual Loops": 1, "Inner Unique": false, "Plans": [{"Node Type": "Seq Scan", "Parent Relationship": "Outer", "Parallel Aware": false, "Async Capable": false, "Relation Name": "posts", "Alias": "p", "Startup Cost": 0.0, "Total Cost": 2909.46, "Plan Rows": 172, "Plan Width": 4, "Actual Rows": 75, "Actual Loops": 1, "Filter": "((score <= 85) AND (favoritecount >= 13) AND (favoritecount <= 196) AND (creationdate >= '2012-01-19 05:11:21'::timestamp without time zone) AND (creationdate <= '2014-02-26 06:44:04'::timestamp without time zone))", "Rows Removed by Filter": 91901}, {"Node Type": "Index Scan", "Parent Relationship": "Inner", "Parallel Aware": false, "Async Capable": false, "Scan Direction": "Forward", "Index Name": "idx_comments_postid", "Relation Name": "comments", "Alias": "c", "Startup Cost": 0.42, "Total Cost": 7.78, "Plan Rows": 1, "Plan Width": 4, "Actual Rows": 1, "Actual Loops": 75, "Index Cond": "(postid = p.id)", "Rows Removed by Index Recheck": 0, "Filter": "(creationdate >= '2013-08-07 03:44:59'::timestamp without time zone)", "Rows Removed by Filter": 3}]}, {"Node Type": "Index Scan", "Parent Relationship": "Inner", "Parallel Aware": false, "Async Capable": false, "Scan Direction": "Forward", "Index Name": "idx_posthistory_postid", "Relation Name": "posthistory", "Alias": "ph", "Startup Cost": 0.42, "Total Cost": 0.66, "Plan Rows": 2, "Plan Width": 4, "Actual Rows": 6, "Actual Loops": 38, "Index Cond": "(postid = c.postid)", "Rows Removed by Index Recheck": 0, "Filter": "(creationdate >= '2013-02-08 14:14:48'::timestamp without time zone)", "Rows Removed by Filter": 2}]}, {"Node Type": "Index Scan", "Parent Relationship": "Inner", "Parallel Aware": false, "Async Capable": false, "Scan Direction": "Forward", "Index Name": "idx_votes_postid", "Relation Name": "votes", "Alias": "v", "Startup Cost": 0.42, "Total Cost": 0.58, "Plan Rows": 4, "Plan Width": 4, "Actual Rows": 28, "Actual Loops": 213, "Index Cond": "(postid = ph.postid)", "Rows Removed by Index Recheck": 0, "Filter": "(creationdate <= '2014-02-12 18:32:31'::timestamp without time zone)", "Rows Removed by Filter": 10}]}, {"Node Type": "Index Scan", "Parent Relationship": "Inner", "Parallel Aware": false, "Async Capable": false, "Scan Direction": "Forward", "Index Name": "idx_postlinks_postid", "Relation Name": "postlinks", "Alias": "pl", "Startup Cost": 0.29, "Total Cost": 0.31, "Plan Rows": 1, "Plan Width": 4, "Actual Rows": 1, "Actual Loops": 5964, "Index Cond": "(postid = v.postid)", "Rows Removed by Index Recheck": 0, "Filter": "((creationdate <= '2014-05-26 07:38:02'::timestamp without time zone) AND (linktypeid = 1))", "Rows Removed by Filter": 0}]}]}, "Planning Time": 4.557, "Triggers": [], "Execution Time": 14.964}, {"Plan": {"Node Type": "Aggregate", "Strategy": "Plain", "Partial Mode": "Simple", "Parallel Aware": false, "Async Capable": false, "Startup Cost": 3225.92, "Total Cost": 3225.93, "Plan Rows": 1, "Plan Width": 8, "Actual Rows": 1, "Actual Loops": 1, "Plans": [{"Node Type": "Nested Loop", "Parent Relationship": "Outer", "Parallel Aware": false, "Async Capable": false, "Join Type": "Inner", "Startup Cost": 2912.88, "Total Cost": 3225.76, "Plan Rows": 2755.0, "Plan Width": 0, "Actual Rows": 6158, "Actual Loops": 1, "Inner Unique": false, "Join Filter": "(p.id = v.postid)", "Rows Removed by Join Filter": 0, "Plans": [{"Node Type": "Nested Loop", "Parent Relationship": "Outer", "Parallel Aware": false, "Async Capable": false, "Join Type": "Inner", "Startup Cost": 2912.45, "Total Cost": 3211.19, "Plan Rows": 127.0, "Plan Width": 16, "Actual Rows": 151, "Actual Loops": 1, "Inner Unique": false, "Join Filter": "(p.id = ph.postid)", "Rows Removed by Join Filter": 0, "Plans": [{"Node Type": "Nested Loop", "Parent Relationship": "Outer", "Parallel Aware": false, "Async Capable": false, "Join Type": "Inner", "Startup Cost": 2912.03, "Total Cost": 3202.98, "Plan Rows": 109.0, "Plan Width": 12, "Actual Rows": 39, "Actual Loops": 1, "Inner Unique": false, "Join Filter": "(c.postid = p.id)", "Rows Removed by Join Filter": 0, "Plans": [{"Node Type": "Hash Join", "Parent Relationship": "Outer", "Parallel Aware": false, "Async Capable": false, "Join Type": "Inner", "Startup Cost": 2911.61, "Total Cost": 3183.05, "Plan Rows": 51.0, "Plan Width": 8, "Actual Rows": 84, "Actual Loops": 1, "Inner Unique": true, "Hash Cond": "(pl.postid = p.id)", "Plans": [{"Node Type": "Seq Scan", "Parent Relationship": "Outer", "Parallel Aware": false, "Async Capable": false, "Relation Name": "postlinks", "Alias": "pl", "Startup Cost": 0.0, "Total Cost": 248.53, "Plan Rows": 8727, "Plan Width": 4, "Actual Rows": 8742, "Actual Loops": 1, "Filter": "((creationdate <= '2014-05-26 07:38:02'::timestamp without time zone) AND (linktypeid = 1))", "Rows Removed by Filter": 2360}, {"Node Type": "Hash", "Parent Relationship": "Inner", "Parallel Aware": false, "Async Capable": false, "Startup Cost": 2909.46, "Total Cost": 2909.46, "Plan Rows": 172, "Plan Width": 4, "Actual Rows": 75, "Actual Loops": 1, "Hash Buckets": 1024, "Original Hash Buckets": 1024, "Hash Batches": 1, "Original Hash Batches": 1, "Peak Memory Usage": 11, "Plans": [{"Node Type": "Seq Scan", "Parent Relationship": "Outer", "Parallel Aware": false, "Async Capable": false, "Relation Name": "posts", "Alias": "p", "Startup Cost": 0.0, "Total Cost": 2909.46, "Plan Rows": 172, "Plan Width": 4, "Actual Rows": 75, "Actual Loops": 1, "Filter": "((score <= 85) AND (favoritecount >= 13) AND (favoritecount <= 196) AND (creationdate >= '2012-01-19 05:11:21'::timestamp without time zone) AND (creationdate <= '2014-02-26 06:44:04'::timestamp without time zone))", "Rows Removed by Filter": 91901}]}]}, {"Node Type": "Index Scan", "Parent Relationship": "Inner", "Parallel Aware": false, "Async Capable": false, "Scan Direction": "Forward", "Index Name": "idx_comments_postid", "Relation Name": "comments", "Alias": "c", "Startup Cost": 0.42, "Total Cost": 1.23, "Plan Rows": 1, "Plan Width": 4, "Actual Rows": 0, "Actual Loops": 84, "Index Cond": "(postid = pl.postid)", "Rows Removed by Index Recheck": 0, "Filter": "(creationdate >= '2013-08-07 03:44:59'::timestamp without time zone)", "Rows Removed by Filter": 3}]}, {"Node Type": "Index Scan", "Parent Relationship": "Inner", "Parallel Aware": false, "Async Capable": false, "Scan Direction": "Forward", "Index Name": "idx_posthistory_postid", "Relation Name": "posthistory", "Alias": "ph", "Startup Cost": 0.42, "Total Cost": 0.66, "Plan Rows": 2, "Plan Width": 4, "Actual Rows": 4, "Actual Loops": 39, "Index Cond": "(postid = c.postid)", "Rows Removed by Index Recheck": 0, "Filter": "(creationdate >= '2013-02-08 14:14:48'::timestamp without time zone)", "Rows Removed by Filter": 3}]}, {"Node Type": "Index Scan", "Parent Relationship": "Inner", "Parallel Aware": false, "Async Capable": false, "Scan Direction": "Forward", "Index Name": "idx_votes_postid", "Relation Name": "votes", "Alias": "v", "Startup Cost": 0.42, "Total Cost": 0.58, "Plan Rows": 4, "Plan Width": 4, "Actual Rows": 41, "Actual Loops": 151, "Index Cond": "(postid = ph.postid)", "Rows Removed by Index Recheck": 0, "Filter": "(creationdate <= '2014-02-12 18:32:31'::timestamp without time zone)", "Rows Removed by Filter": 9}]}]}, "Planning Time": 4.303, "Triggers": [], "Execution Time": 10.007}, {"Plan": {"Node Type": "Aggregate", "Strategy": "Plain", "Partial Mode": "Simple", "Parallel Aware": false, "Async Capable": false, "Startup Cost": 4818.93, "Total Cost": 4818.94, "Plan Rows": 1, "Plan Width": 8, "Actual Rows": 1, "Actual Loops": 1, "Plans": [{"Node Type": "Hash Join", "Parent Relationship": "Outer", "Parallel Aware": false, "Async Capable": false, "Join Type": "Inner", "Startup Cost": 4504.12, "Total Cost": 4818.77, "Plan Rows": 2755.0, "Plan Width": 0, "Actual Rows": 6158, "Actual Loops": 1, "Inner Unique": false, "Hash Cond": "(pl.postid = p.id)", "Plans": [{"Node Type": "Seq Scan", "Parent Relationship": "Outer", "Parallel Aware": false, "Async Capable": false, "Relation Name": "postlinks", "Alias": "pl", "Startup Cost": 0.0, "Total Cost": 248.53, "Plan Rows": 8727, "Plan Width": 4, "Actual Rows": 8742, "Actual Loops": 1, "Filter": "((creationdate <= '2014-05-26 07:38:02'::timestamp without time zone) AND (linktypeid = 1))", "Rows Removed by Filter": 2360}, {"Node Type": "Hash", "Parent Relationship": "Inner", "Parallel Aware": false, "Async Capable": false, "Startup Cost": 4495.33, "Total Cost": 4495.33, "Plan Rows": 6780.0, "Plan Width": 16, "Actual Rows": 5964, "Actual Loops": 1, "Hash Buckets": 8192, "Original Hash Buckets": 1024, "Hash Batches": 1, "Original Hash Batches": 1, "Peak Memory Usage": 344, "Plans": [{"Node Type": "Nested Loop", "Parent Relationship": "Outer", "Parallel Aware": false, "Async Capable": false, "Join Type": "Inner", "Startup Cost": 1.27, "Total Cost": 4495.33, "Plan Rows": 6780.0, "Plan Width": 16, "Actual Rows": 5964, "Actual Loops": 1, "Inner Unique": false, "Join Filter": "(p.id = v.postid)", "Rows Removed by Join Filter": 0, "Plans": [{"Node Type": "Nested Loop", "Parent Relationship": "Outer", "Parallel Aware": false, "Async Capable": false, "Join Type": "Inner", "Startup Cost": 0.84, "Total Cost": 4338.23, "Plan Rows": 559.0, "Plan Width": 12, "Actual Rows": 213, "Actual Loops": 1, "Inner Unique": false, "Join Filter": "(p.id = ph.postid)", "Rows Removed by Join Filter": 0, "Plans": [{"Node Type": "Nested Loop", "Parent Relationship": "Outer", "Parallel Aware": false, "Async Capable": false, "Join Type": "Inner", "Startup Cost": 0.42, "Total Cost": 4248.57, "Plan Rows": 176.0, "Plan Width": 8, "Actual Rows": 38, "Actual Loops": 1, "Inner Unique": false, "Plans": [{"Node Type": "Seq Scan", "Parent Relationship": "Outer", "Parallel Aware": false, "Async Capable": false, "Relation Name": "posts", "Alias": "p", "Startup Cost": 0.0, "Total Cost": 2909.46, "Plan Rows": 172, "Plan Width": 4, "Actual Rows": 75, "Actual Loops": 1, "Filter": "((score <= 85) AND (favoritecount >= 13) AND (favoritecount <= 196) AND (creationdate >= '2012-01-19 05:11:21'::timestamp without time zone) AND (creationdate <= '2014-02-26 06:44:04'::timestamp without time zone))", "Rows Removed by Filter": 91901}, {"Node Type": "Index Scan", "Parent Relationship": "Inner", "Parallel Aware": false, "Async Capable": false, "Scan Direction": "Forward", "Index Name": "idx_comments_postid", "Relation Name": "comments", "Alias": "c", "Startup Cost": 0.42, "Total Cost": 7.78, "Plan Rows": 1, "Plan Width": 4, "Actual Rows": 1, "Actual Loops": 75, "Index Cond": "(postid = p.id)", "Rows Removed by Index Recheck": 0, "Filter": "(creationdate >= '2013-08-07 03:44:59'::timestamp without time zone)", "Rows Removed by Filter": 3}]}, {"Node Type": "Index Scan", "Parent Relationship": "Inner", "Parallel Aware": false, "Async Capable": false, "Scan Direction": "Forward", "Index Name": "idx_posthistory_postid", "Relation Name": "posthistory", "Alias": "ph", "Startup Cost": 0.42, "Total Cost": 0.66, "Plan Rows": 2, "Plan Width": 4, "Actual Rows": 6, "Actual Loops": 38, "Index Cond": "(postid = c.postid)", "Rows Removed by Index Recheck": 0, "Filter": "(creationdate >= '2013-02-08 14:14:48'::timestamp without time zone)", "Rows Removed by Filter": 2}]}, {"Node Type": "Index Scan", "Parent Relationship": "Inner", "Parallel Aware": false, "Async Capable": false, "Scan Direction": "Forward", "Index Name": "idx_votes_postid", "Relation Name": "votes", "Alias": "v", "Startup Cost": 0.42, "Total Cost": 0.58, "Plan Rows": 4, "Plan Width": 4, "Actual Rows": 28, "Actual Loops": 213, "Index Cond": "(postid = ph.postid)", "Rows Removed by Index Recheck": 0, "Filter": "(creationdate <= '2014-02-12 18:32:31'::timestamp without time zone)", "Rows Removed by Filter": 10}]}]}]}]}, "Planning Time": 4.296, "Triggers": [], "Execution Time": 11.943}, {"Plan": {"Node Type": "Aggregate", "Strategy": "Plain", "Partial Mode": "Simple", "Parallel Aware": false, "Async Capable": false, "Startup Cost": 22031.78, "Total Cost": 22031.79, "Plan Rows": 1, "Plan Width": 8, "Actual Rows": 1, "Actual Loops": 1, "Plans": [{"Node Type": "Merge Join", "Parent Relationship": "Outer", "Parallel Aware": false, "Async Capable": false, "Join Type": "Inner", "Startup Cost": 2917.4, "Total Cost": 22031.62, "Plan Rows": 2755.0, "Plan Width": 0, "Actual Rows": 6158, "Actual Loops": 1, "Inner Unique": false, "Merge Cond": "(p.id = c.postid)", "Plans": [{"Node Type": "Nested Loop", "Parent Relationship": "Outer", "Parallel Aware": false, "Async Capable": false, "Join Type": "Inner", "Startup Cost": 2916.55, "Total Cost": 3418.09, "Plan Rows": 884.0, "Plan Width": 12, "Actual Rows": 3747, "Actual Loops": 1, "Inner Unique": false, "Join Filter": "(p.id = v.postid)", "Rows Removed by Join Filter": 0, "Plans": [{"Node Type": "Merge Join", "Parent Relationship": "Outer", "Parallel Aware": false, "Async Capable": false, "Join Type": "Inner", "Startup Cost": 2916.13, "Total Cost": 3389.49, "Plan Rows": 51.0, "Plan Width": 8, "Actual Rows": 84, "Actual Loops": 1, "Inner Unique": true, "Merge Cond": "(pl.postid = p.id)", "Plans": [{"Node Type": "Index Scan", "Parent Relationship": "Outer", "Parallel Aware": false, "Async Capable": false, "Scan Direction": "Forward", "Index Name": "idx_postlinks_postid", "Relation Name": "postlinks", "Alias": "pl", "Startup Cost": 0.29, "Total Cost": 450.8, "Plan Rows": 8727, "Plan Width": 4, "Actual Rows": 6691, "Actual Loops": 1, "Filter": "((creationdate <= '2014-05-26 07:38:02'::timestamp without time zone) AND (linktypeid = 1))", "Rows Removed by Filter": 590}, {"Node Type": "Sort", "Parent Relationship": "Inner", "Parallel Aware": false, "Async Capable": false, "Startup Cost": 2915.85, "Total Cost": 2916.28, "Plan Rows": 172, "Plan Width": 4, "Actual Rows": 75, "Actual Loops": 1, "Sort Key": ["p.id"], "Sort Method": "quicksort", "Sort Space Used": 25, "Sort Space Type": "Memory", "Plans": [{"Node Type": "Seq Scan", "Parent Relationship": "Outer", "Parallel Aware": false, "Async Capable": false, "Relation Name": "posts", "Alias": "p", "Startup Cost": 0.0, "Total Cost": 2909.46, "Plan Rows": 172, "Plan Width": 4, "Actual Rows": 75, "Actual Loops": 1, "Filter": "((score <= 85) AND (favoritecount >= 13) AND (favoritecount <= 196) AND (creationdate >= '2012-01-19 05:11:21'::timestamp without time zone) AND (creationdate <= '2014-02-26 06:44:04'::timestamp without time zone))", "Rows Removed by Filter": 91901}]}]}, {"Node Type": "Index Scan", "Parent Relationship": "Inner", "Parallel Aware": false, "Async Capable": false, "Scan Direction": "Forward", "Index Name": "idx_votes_postid", "Relation Name": "votes", "Alias": "v", "Startup Cost": 0.42, "Total Cost": 1.74, "Plan Rows": 4, "Plan Width": 4, "Actual Rows": 45, "Actual Loops": 84, "Index Cond": "(postid = pl.postid)", "Rows Removed by Index Recheck": 0, "Filter": "(creationdate <= '2014-02-12 18:32:31'::timestamp without time zone)", "Rows Removed by Filter": 10}]}, {"Node Type": "Materialize", "Parent Relationship": "Inner", "Parallel Aware": false, "Async Capable": false, "Startup Cost": 0.84, "Total Cost": 18226.94, "Plan Rows": 1270.0, "Plan Width": 8, "Actual Rows": 96084, "Actual Loops": 1, "Plans": [{"Node Type": "Merge Join", "Parent Relationship": "Outer", "Parallel Aware": false, "Async Capable": false, "Join Type": "Inner", "Startup Cost": 0.84, "Total Cost": 17841.21, "Plan Rows": 1270.0, "Plan Width": 8, "Actual Rows": 90019, "Actual Loops": 1, "Inner Unique": false, "Merge Cond": "(c.postid = ph.postid)", "Plans": [{"Node Type": "Index Scan", "Parent Relationship": "Outer", "Parallel Aware": false, "Async Capable": false, "Scan Direction": "Forward", "Index Name": "idx_comments_postid", "Relation Name": "comments", "Alias": "c", "Startup Cost": 0.42, "Total Cost": 5857.0, "Plan Rows": 70059, "Plan Width": 4, "Actual Rows": 22640, "Actual Loops": 1, "Filter": "(creationdate >= '2013-08-07 03:44:59'::timestamp without time zone)", "Rows Removed by Filter": 104114}, {"Node Type": "Index Scan", "Parent Relationship": "Inner", "Parallel Aware": false, "Async Capable": false, "Scan Direction": "Forward", "Index Name": "idx_posthistory_postid", "Relation Name": "posthistory", "Alias": "ph", "Startup Cost": 0.42, "Total Cost": 9831.47, "Plan Rows": 173936, "Plan Width": 4, "Actual Rows": 147530, "Actual Loops": 1, "Filter": "(creationdate >= '2013-02-08 14:14:48'::timestamp without time zone)", "Rows Removed by Filter": 147104}]}]}]}]}, "Planning Time": 6.103, "Triggers": [], "Execution Time": 258.743}, {"Plan": {"Node Type": "Aggregate", "Strategy": "Plain", "Partial Mode": "Finalize", "Parallel Aware": false, "Async Capable": false, "Startup Cost": 31525.86, "Total Cost": 31525.87, "Plan Rows": 1, "Plan Width": 8, "Actual Rows": 1, "Actual Loops": 1, "Plans": [{"Node Type": "Gather", "Parent Relationship": "Outer", "Parallel Aware": false, "Async Capable": false, "Startup Cost": 31525.75, "Total Cost": 31525.86, "Plan Rows": 1, "Plan Width": 8, "Actual Rows": 2, "Actual Loops": 1, "Workers Planned": 1, "Workers Launched": 1, "Single Copy": false, "Plans": [{"Node Type": "Aggregate", "Strategy": "Plain", "Partial Mode": "Partial", "Parent Relationship": "Outer", "Parallel Aware": false, "Async Capable": false, "Startup Cost": 30525.75, "Total Cost": 30525.76, "Plan Rows": 1, "Plan Width": 8, "Actual Rows": 1, "Actual Loops": 2, "Workers": [], "Plans": [{"Node Type": "Merge Join", "Parent Relationship": "Outer", "Parallel Aware": false, "Async Capable": false, "Join Type": "Inner", "Startup Cost": 3204.04, "Total Cost": 30525.66, "Plan Rows": 2755.0, "Plan Width": 0, "Actual Rows": 3079, "Actual Loops": 2, "Inner Unique": false, "Merge Cond": "(ph.postid = p.id)", "Workers": [], "Plans": [{"Node Type": "Merge Join", "Parent Relationship": "Outer", "Parallel Aware": false, "Async Capable": false, "Join Type": "Inner", "Startup Cost": 0.84, "Total Cost": 26464.51, "Plan Rows": 22732.0, "Plan Width": 8, "Actual Rows": 130544, "Actual Loops": 2, "Inner Unique": false, "Merge Cond": "(ph.postid = v.postid)", "Workers": [], "Plans": [{"Node Type": "Index Scan", "Parent Relationship": "Outer", "Parallel Aware": true, "Async Capable": false, "Scan Direction": "Forward", "Index Name": "idx_posthistory_postid", "Relation Name": "posthistory", "Alias": "ph", "Startup Cost": 0.42, "Total Cost": 8270.95, "Plan Rows": 102315, "Plan Width": 4, "Actual Rows": 41550, "Actual Loops": 2, "Filter": "(creationdate >= '2013-02-08 14:14:48'::timestamp without time zone)", "Rows Removed by Filter": 64726, "Workers": []}, {"Node Type": "Materialize", "Parent Relationship": "Inner", "Parallel Aware": false, "Async Capable": false, "Startup Cost": 0.42, "Total Cost": 13446.55, "Plan Rows": 260852, "Plan Width": 4, "Actual Rows": 342220, "Actual Loops": 2, "Workers": [], "Plans": [{"Node Type": "Index Scan", "Parent Relationship": "Outer", "Parallel Aware": false, "Async Capable": false, "Scan Direction": "Forward", "Index Name": "idx_votes_postid", "Relation Name": "votes", "Alias": "v", "Startup Cost": 0.42, "Total Cost": 12794.42, "Plan Rows": 260852, "Plan Width": 4, "Actual Rows": 248530, "Actual Loops": 2, "Filter": "(creationdate <= '2014-02-12 18:32:31'::timestamp without time zone)", "Rows Removed by Filter": 21820, "Workers": []}]}]}, {"Node Type": "Sort", "Parent Relationship": "Inner", "Parallel Aware": false, "Async Capable": false, "Startup Cost": 3203.19, "Total Cost": 3203.22, "Plan Rows": 109.0, "Plan Width": 12, "Actual Rows": 2970, "Actual Loops": 2, "Sort Key": ["c.postid"], "Sort Method": "quicksort", "Sort Space Used": 26, "Sort Space Type": "Memory", "Workers": [{"Worker Number": 0, "Sort Method": "quicksort", "Sort Space Used": 26, "Sort Space Type": "Memory"}], "Plans": [{"Node Type": "Nested Loop", "Parent Relationship": "Outer", "Parallel Aware": false, "Async Capable": false, "Join Type": "Inner", "Startup Cost": 2912.03, "Total Cost": 3202.98, "Plan Rows": 109.0, "Plan Width": 12, "Actual Rows": 39, "Actual Loops": 2, "Inner Unique": false, "Join Filter": "(c.postid = p.id)", "Rows Removed by Join Filter": 0, "Workers": [], "Plans": [{"Node Type": "Hash Join", "Parent Relationship": "Outer", "Parallel Aware": false, "Async Capable": false, "Join Type": "Inner", "Startup Cost": 2911.61, "Total Cost": 3183.05, "Plan Rows": 51.0, "Plan Width": 8, "Actual Rows": 84, "Actual Loops": 2, "Inner Unique": true, "Hash Cond": "(pl.postid = p.id)", "Workers": [], "Plans": [{"Node Type": "Seq Scan", "Parent Relationship": "Outer", "Parallel Aware": false, "Async Capable": false, "Relation Name": "postlinks", "Alias": "pl", "Startup Cost": 0.0, "Total Cost": 248.53, "Plan Rows": 8727, "Plan Width": 4, "Actual Rows": 8742, "Actual Loops": 2, "Filter": "((creationdate <= '2014-05-26 07:38:02'::timestamp without time zone) AND (linktypeid = 1))", "Rows Removed by Filter": 2360, "Workers": []}, {"Node Type": "Hash", "Parent Relationship": "Inner", "Parallel Aware": false, "Async Capable": false, "Startup Cost": 2909.46, "Total Cost": 2909.46, "Plan Rows": 172, "Plan Width": 4, "Actual Rows": 75, "Actual Loops": 2, "Hash Buckets": 1024, "Original Hash Buckets": 1024, "Hash Batches": 1, "Original Hash Batches": 1, "Peak Memory Usage": 11, "Workers": [], "Plans": [{"Node Type": "Seq Scan", "Parent Relationship": "Outer", "Parallel Aware": false, "Async Capable": false, "Relation Name": "posts", "Alias": "p", "Startup Cost": 0.0, "Total Cost": 2909.46, "Plan Rows": 172, "Plan Width": 4, "Actual Rows": 75, "Actual Loops": 2, "Filter": "((score <= 85) AND (favoritecount >= 13) AND (favoritecount <= 196) AND (creationdate >= '2012-01-19 05:11:21'::timestamp without time zone) AND (creationdate <= '2014-02-26 06:44:04'::timestamp without time zone))", "Rows Removed by Filter": 91901, "Workers": []}]}]}, {"Node Type": "Index Scan", "Parent Relationship": "Inner", "Parallel Aware": false, "Async Capable": false, "Scan Direction": "Forward", "Index Name": "idx_comments_postid", "Relation Name": "comments", "Alias": "c", "Startup Cost": 0.42, "Total Cost": 1.23, "Plan Rows": 1, "Plan Width": 4, "Actual Rows": 0, "Actual Loops": 168, "Index Cond": "(postid = pl.postid)", "Rows Removed by Index Recheck": 0, "Filter": "(creationdate >= '2013-08-07 03:44:59'::timestamp without time zone)", "Rows Removed by Filter": 3, "Workers": []}]}]}]}]}]}]}, "Planning Time": 12.916, "Triggers": [], "Execution Time": 420.639}, {"Plan": {"Node Type": "Aggregate", "Strategy": "Plain", "Partial Mode": "Finalize", "Parallel Aware": false, "Async Capable": false, "Startup Cost": 9359.71, "Total Cost": 9359.72, "Plan Rows": 1, "Plan Width": 8, "Actual Rows": 1, "Actual Loops": 1, "Plans": [{"Node Type": "Gather", "Parent Relationship": "Outer", "Parallel Aware": false, "Async Capable": false, "Startup Cost": 9359.6, "Total Cost": 9359.71, "Plan Rows": 1, "Plan Width": 8, "Actual Rows": 2, "Actual Loops": 1, "Workers Planned": 1, "Workers Launched": 1, "Single Copy": false, "Plans": [{"Node Type": "Aggregate", "Strategy": "Plain", "Partial Mode": "Partial", "Parent Relationship": "Outer", "Parallel Aware": false, "Async Capable": false, "Startup Cost": 8359.6, "Total Cost": 8359.61, "Plan Rows": 1, "Plan Width": 8, "Actual Rows": 1, "Actual Loops": 2, "Workers": [], "Plans": [{"Node Type": "Hash Join", "Parent Relationship": "Outer", "Parallel Aware": false, "Async Capable": false, "Join Type": "Inner", "Startup Cost": 3211.48, "Total Cost": 8359.5, "Plan Rows": 2755.0, "Plan Width": 0, "Actual Rows": 3079, "Actual Loops": 2, "Inner Unique": false, "Hash Cond": "(v.postid = p.id)", "Workers": [], "Plans": [{"Node Type": "Seq Scan", "Parent Relationship": "Outer", "Parallel Aware": true, "Async Capable": false, "Relation Name": "votes", "Alias": "v", "Startup Cost": 0.0, "Total Cost": 4572.24, "Plan Rows": 153442, "Plan Width": 4, "Actual Rows": 130216, "Actual Loops": 2, "Filter": "(creationdate <= '2014-02-12 18:32:31'::timestamp without time zone)", "Rows Removed by Filter": 33816, "Workers": []}, {"Node Type": "Hash", "Parent Relationship": "Inner", "Parallel Aware": false, "Async Capable": false, "Startup Cost": 3211.19, "Total Cost": 3211.19, "Plan Rows": 127.0, "Plan Width": 16, "Actual Rows": 151, "Actual Loops": 2, "Hash Buckets": 1024, "Original Hash Buckets": 1024, "Hash Batches": 1, "Original Hash Batches": 1, "Peak Memory Usage": 16, "Workers": [], "Plans": [{"Node Type": "Nested Loop", "Parent Relationship": "Outer", "Parallel Aware": false, "Async Capable": false, "Join Type": "Inner", "Startup Cost": 2912.45, "Total Cost": 3211.19, "Plan Rows": 127.0, "Plan Width": 16, "Actual Rows": 151, "Actual Loops": 2, "Inner Unique": false, "Join Filter": "(p.id = ph.postid)", "Rows Removed by Join Filter": 0, "Workers": [], "Plans": [{"Node Type": "Nested Loop", "Parent Relationship": "Outer", "Parallel Aware": false, "Async Capable": false, "Join Type": "Inner", "Startup Cost": 2912.03, "Total Cost": 3202.98, "Plan Rows": 109.0, "Plan Width": 12, "Actual Rows": 39, "Actual Loops": 2, "Inner Unique": false, "Join Filter": "(c.postid = p.id)", "Rows Removed by Join Filter": 0, "Workers": [], "Plans": [{"Node Type": "Hash Join", "Parent Relationship": "Outer", "Parallel Aware": false, "Async Capable": false, "Join Type": "Inner", "Startup Cost": 2911.61, "Total Cost": 3183.05, "Plan Rows": 51.0, "Plan Width": 8, "Actual Rows": 84, "Actual Loops": 2, "Inner Unique": true, "Hash Cond": "(pl.postid = p.id)", "Workers": [], "Plans": [{"Node Type": "Seq Scan", "Parent Relationship": "Outer", "Parallel Aware": false, "Async Capable": false, "Relation Name": "postlinks", "Alias": "pl", "Startup Cost": 0.0, "Total Cost": 248.53, "Plan Rows": 8727, "Plan Width": 4, "Actual Rows": 8742, "Actual Loops": 2, "Filter": "((creationdate <= '2014-05-26 07:38:02'::timestamp without time zone) AND (linktypeid = 1))", "Rows Removed by Filter": 2360, "Workers": []}, {"Node Type": "Hash", "Parent Relationship": "Inner", "Parallel Aware": false, "Async Capable": false, "Startup Cost": 2909.46, "Total Cost": 2909.46, "Plan Rows": 172, "Plan Width": 4, "Actual Rows": 75, "Actual Loops": 2, "Hash Buckets": 1024, "Original Hash Buckets": 1024, "Hash Batches": 1, "Original Hash Batches": 1, "Peak Memory Usage": 11, "Workers": [], "Plans": [{"Node Type": "Seq Scan", "Parent Relationship": "Outer", "Parallel Aware": false, "Async Capable": false, "Relation Name": "posts", "Alias": "p", "Startup Cost": 0.0, "Total Cost": 2909.46, "Plan Rows": 172, "Plan Width": 4, "Actual Rows": 75, "Actual Loops": 2, "Filter": "((score <= 85) AND (favoritecount >= 13) AND (favoritecount <= 196) AND (creationdate >= '2012-01-19 05:11:21'::timestamp without time zone) AND (creationdate <= '2014-02-26 06:44:04'::timestamp without time zone))", "Rows Removed by Filter": 91901, "Workers": []}]}]}, {"Node Type": "Index Scan", "Parent Relationship": "Inner", "Parallel Aware": false, "Async Capable": false, "Scan Direction": "Forward", "Index Name": "idx_comments_postid", "Relation Name": "comments", "Alias": "c", "Startup Cost": 0.42, "Total Cost": 1.23, "Plan Rows": 1, "Plan Width": 4, "Actual Rows": 0, "Actual Loops": 168, "Index Cond": "(postid = pl.postid)", "Rows Removed by Index Recheck": 0, "Filter": "(creationdate >= '2013-08-07 03:44:59'::timestamp without time zone)", "Rows Removed by Filter": 3, "Workers": []}]}, {"Node Type": "Index Scan", "Parent Relationship": "Inner", "Parallel Aware": false, "Async Capable": false, "Scan Direction": "Forward", "Index Name": "idx_posthistory_postid", "Relation Name": "posthistory", "Alias": "ph", "Startup Cost": 0.42, "Total Cost": 0.66, "Plan Rows": 2, "Plan Width": 4, "Actual Rows": 4, "Actual Loops": 78, "Index Cond": "(postid = c.postid)", "Rows Removed by Index Recheck": 0, "Filter": "(creationdate >= '2013-02-08 14:14:48'::timestamp without time zone)", "Rows Removed by Filter": 3, "Workers": []}]}]}]}]}]}]}, "Planning Time": 12.373, "Triggers": [], "Execution Time": 61.528}, {"Plan": {"Node Type": "Aggregate", "Strategy": "Plain", "Partial Mode": "Simple", "Parallel Aware": false, "Async Capable": false, "Startup Cost": 16744.19, "Total Cost": 16744.2, "Plan Rows": 1, "Plan Width": 8, "Actual Rows": 1, "Actual Loops": 1, "Plans": [{"Node Type": "Hash Join", "Parent Relationship": "Outer", "Parallel Aware": false, "Async Capable": false, "Join Type": "Inner", "Startup Cost": 12386.99, "Total Cost": 16744.03, "Plan Rows": 2755.0, "Plan Width": 0, "Actual Rows": 6158, "Actual Loops": 1, "Inner Unique": false, "Hash Cond": "(p.id = pl.postid)", "Plans": [{"Node Type": "Nested Loop", "Parent Relationship": "Outer", "Parallel Aware": false, "Async Capable": false, "Join Type": "Inner", "Startup Cost": 0.84, "Total Cost": 4338.23, "Plan Rows": 559.0, "Plan Width": 12, "Actual Rows": 213, "Actual Loops": 1, "Inner Unique": false, "Join Filter": "(p.id = ph.postid)", "Rows Removed by Join Filter": 0, "Plans": [{"Node Type": "Nested Loop", "Parent Relationship": "Outer", "Parallel Aware": false, "Async Capable": false, "Join Type": "Inner", "Startup Cost": 0.42, "Total Cost": 4248.57, "Plan Rows": 176.0, "Plan Width": 8, "Actual Rows": 38, "Actual Loops": 1, "Inner Unique": false, "Plans": [{"Node Type": "Seq Scan", "Parent Relationship": "Outer", "Parallel Aware": false, "Async Capable": false, "Relation Name": "posts", "Alias": "p", "Startup Cost": 0.0, "Total Cost": 2909.46, "Plan Rows": 172, "Plan Width": 4, "Actual Rows": 75, "Actual Loops": 1, "Filter": "((score <= 85) AND (favoritecount >= 13) AND (favoritecount <= 196) AND (creationdate >= '2012-01-19 05:11:21'::timestamp without time zone) AND (creationdate <= '2014-02-26 06:44:04'::timestamp without time zone))", "Rows Removed by Filter": 91901}, {"Node Type": "Index Scan", "Parent Relationship": "Inner", "Parallel Aware": false, "Async Capable": false, "Scan Direction": "Forward", "Index Name": "idx_comments_postid", "Relation Name": "comments", "Alias": "c", "Startup Cost": 0.42, "Total Cost": 7.78, "Plan Rows": 1, "Plan Width": 4, "Actual Rows": 1, "Actual Loops": 75, "Index Cond": "(postid = p.id)", "Rows Removed by Index Recheck": 0, "Filter": "(creationdate >= '2013-08-07 03:44:59'::timestamp without time zone)", "Rows Removed by Filter": 3}]}, {"Node Type": "Index Scan", "Parent Relationship": "Inner", "Parallel Aware": false, "Async Capable": false, "Scan Direction": "Forward", "Index Name": "idx_posthistory_postid", "Relation Name": "posthistory", "Alias": "ph", "Startup Cost": 0.42, "Total Cost": 0.66, "Plan Rows": 2, "Plan Width": 4, "Actual Rows": 6, "Actual Loops": 38, "Index Cond": "(postid = c.postid)", "Rows Removed by Index Recheck": 0, "Filter": "(creationdate >= '2013-02-08 14:14:48'::timestamp without time zone)", "Rows Removed by Filter": 2}]}, {"Node Type": "Hash", "Parent Relationship": "Inner", "Parallel Aware": false, "Async Capable": false, "Startup Cost": 11899.06, "Total Cost": 11899.06, "Plan Rows": 6138.0, "Plan Width": 8, "Actual Rows": 50483, "Actual Loops": 1, "Hash Buckets": 65536, "Original Hash Buckets": 65536, "Hash Batches": 1, "Original Hash Batches": 1, "Peak Memory Usage": 2484, "Plans": [{"Node Type": "Hash Join", "Parent Relationship": "Outer", "Parallel Aware": false, "Async Capable": false, "Join Type": "Inner", "Startup Cost": 357.62, "Total Cost": 11899.06, "Plan Rows": 6138.0, "Plan Width": 8, "Actual Rows": 50483, "Actual Loops": 1, "Inner Unique": false, "Hash Cond": "(v.postid = pl.postid)", "Plans": [{"Node Type": "Seq Scan", "Parent Relationship": "Outer", "Parallel Aware": false, "Async Capable": false, "Relation Name": "votes", "Alias": "v", "Startup Cost": 0.0, "Total Cost": 6260.8, "Plan Rows": 260852, "Plan Width": 4, "Actual Rows": 260433, "Actual Loops": 1, "Filter": "(creationdate <= '2014-02-12 18:32:31'::timestamp without time zone)", "Rows Removed by Filter": 67631}, {"Node Type": "Hash", "Parent Relationship": "Inner", "Parallel Aware": false, "Async Capable": false, "Startup Cost": 248.53, "Total Cost": 248.53, "Plan Rows": 8727, "Plan Width": 4, "Actual Rows": 8742, "Actual Loops": 1, "Hash Buckets": 16384, "Original Hash Buckets": 16384, "Hash Batches": 1, "Original Hash Batches": 1, "Peak Memory Usage": 436, "Plans": [{"Node Type": "Seq Scan", "Parent Relationship": "Outer", "Parallel Aware": false, "Async Capable": false, "Relation Name": "postlinks", "Alias": "pl", "Startup Cost": 0.0, "Total Cost": 248.53, "Plan Rows": 8727, "Plan Width": 4, "Actual Rows": 8742, "Actual Loops": 1, "Filter": "((creationdate <= '2014-05-26 07:38:02'::timestamp without time zone) AND (linktypeid = 1))", "Rows Removed by Filter": 2360}]}]}]}]}]}, "Planning Time": 5.827, "Triggers": [], "Execution Time": 116.45}, {"Plan": {"Node Type": "Aggregate", "Strategy": "Plain", "Partial Mode": "Simple", "Parallel Aware": false, "Async Capable": false, "Startup Cost": 18790.62, "Total Cost": 18790.63, "Plan Rows": 1, "Plan Width": 8, "Actual Rows": 1, "Actual Loops": 1, "Plans": [{"Node Type": "Hash Join", "Parent Relationship": "Outer", "Parallel Aware": false, "Async Capable": false, "Join Type": "Inner", "Startup Cost": 14456.36, "Total Cost": 18790.45, "Plan Rows": 2755.0, "Plan Width": 0, "Actual Rows": 6158, "Actual Loops": 1, "Inner Unique": false, "Hash Cond": "(p.id = c.postid)", "Plans": [{"Node Type": "Nested Loop", "Parent Relationship": "Outer", "Parallel Aware": false, "Async Capable": false, "Join Type": "Inner", "Startup Cost": 0.42, "Total Cost": 4318.54, "Plan Rows": 214.0, "Plan Width": 8, "Actual Rows": 135, "Actual Loops": 1, "Inner Unique": false, "Plans": [{"Node Type": "Seq Scan", "Parent Relationship": "Outer", "Parallel Aware": false, "Async Capable": false, "Relation Name": "posts", "Alias": "p", "Startup Cost": 0.0, "Total Cost": 2909.46, "Plan Rows": 172, "Plan Width": 4, "Actual Rows": 75, "Actual Loops": 1, "Filter": "((score <= 85) AND (favoritecount >= 13) AND (favoritecount <= 196) AND (creationdate >= '2012-01-19 05:11:21'::timestamp without time zone) AND (creationdate <= '2014-02-26 06:44:04'::timestamp without time zone))", "Rows Removed by Filter": 91901}, {"Node Type": "Index Scan", "Parent Relationship": "Inner", "Parallel Aware": false, "Async Capable": false, "Scan Direction": "Forward", "Index Name": "idx_posthistory_postid", "Relation Name": "posthistory", "Alias": "ph", "Startup Cost": 0.42, "Total Cost": 8.17, "Plan Rows": 2, "Plan Width": 4, "Actual Rows": 2, "Actual Loops": 75, "Index Cond": "(postid = p.id)", "Rows Removed by Index Recheck": 0, "Filter": "(creationdate >= '2013-02-08 14:14:48'::timestamp without time zone)", "Rows Removed by Filter": 5}]}, {"Node Type": "Hash", "Parent Relationship": "Inner", "Parallel Aware": false, "Async Capable": false, "Startup Cost": 13831.84, "Total Cost": 13831.84, "Plan Rows": 11239.0, "Plan Width": 12, "Actual Rows": 35855, "Actual Loops": 1, "Hash Buckets": 65536, "Original Hash Buckets": 65536, "Hash Batches": 1, "Original Hash Batches": 1, "Peak Memory Usage": 2053, "Plans": [{"Node Type": "Nested Loop", "Parent Relationship": "Outer", "Parallel Aware": false, "Async Capable": false, "Join Type": "Inner", "Startup Cost": 358.04, "Total Cost": 13831.84, "Plan Rows": 11239.0, "Plan Width": 12, "Actual Rows": 35855, "Actual Loops": 1, "Inner Unique": false, "Plans": [{"Node Type": "Hash Join", "Parent Relationship": "Outer", "Parallel Aware": false, "Async Capable": false, "Join Type": "Inner", "Startup Cost": 357.62, "Total Cost": 5313.37, "Plan Rows": 287.0, "Plan Width": 8, "Actual Rows": 10609, "Actual Loops": 1, "Inner Unique": false, "Hash Cond": "(c.postid = pl.postid)", "Plans": [{"Node Type": "Seq Scan", "Parent Relationship": "Outer", "Parallel Aware": false, "Async Capable": false, "Relation Name": "comments", "Alias": "c", "Startup Cost": 0.0, "Total Cost": 3522.81, "Plan Rows": 70059, "Plan Width": 4, "Actual Rows": 70191, "Actual Loops": 1, "Filter": "(creationdate >= '2013-08-07 03:44:59'::timestamp without time zone)", "Rows Removed by Filter": 104114}, {"Node Type": "Hash", "Parent Relationship": "Inner", "Parallel Aware": false, "Async Capable": false, "Startup Cost": 248.53, "Total Cost": 248.53, "Plan Rows": 8727, "Plan Width": 4, "Actual Rows": 8742, "Actual Loops": 1, "Hash Buckets": 16384, "Original Hash Buckets": 16384, "Hash Batches": 1, "Original Hash Batches": 1, "Peak Memory Usage": 436, "Plans": [{"Node Type": "Seq Scan", "Parent Relationship": "Outer", "Parallel Aware": false, "Async Capable": false, "Relation Name": "postlinks", "Alias": "pl", "Startup Cost": 0.0, "Total Cost": 248.53, "Plan Rows": 8727, "Plan Width": 4, "Actual Rows": 8742, "Actual Loops": 1, "Filter": "((creationdate <= '2014-05-26 07:38:02'::timestamp without time zone) AND (linktypeid = 1))", "Rows Removed by Filter": 2360}]}]}, {"Node Type": "Index Scan", "Parent Relationship": "Inner", "Parallel Aware": false, "Async Capable": false, "Scan Direction": "Forward", "Index Name": "idx_votes_postid", "Relation Name": "votes", "Alias": "v", "Startup Cost": 0.42, "Total Cost": 0.67, "Plan Rows": 4, "Plan Width": 4, "Actual Rows": 3, "Actual Loops": 10609, "Index Cond": "(postid = c.postid)", "Rows Removed by Index Recheck": 0, "Filter": "(creationdate <= '2014-02-12 18:32:31'::timestamp without time zone)", "Rows Removed by Filter": 2}]}]}]}]}, "Planning Time": 5.776, "Triggers": [], "Execution Time": 111.009}, {"Plan": {"Node Type": "Aggregate", "Strategy": "Plain", "Partial Mode": "Simple", "Parallel Aware": false, "Async Capable": false, "Startup Cost": 3274.82, "Total Cost": 3274.83, "Plan Rows": 1, "Plan Width": 8, "Actual Rows": 1, "Actual Loops": 1, "Plans": [{"Node Type": "Nested Loop", "Parent Relationship": "Outer", "Parallel Aware": false, "Async Capable": false, "Join Type": "Inner", "Startup Cost": 2912.88, "Total Cost": 3274.66, "Plan Rows": 2755.0, "Plan Width": 0, "Actual Rows": 6158, "Actual Loops": 1, "Inner Unique": false, "Join Filter": "(c.postid = p.id)", "Rows Removed by Join Filter": 0, "Plans": [{"Node Type": "Nested Loop", "Parent Relationship": "Outer", "Parallel Aware": false, "Async Capable": false, "Join Type": "Inner", "Startup Cost": 2912.46, "Total Cost": 3230.65, "Plan Rows": 2079.0, "Plan Width": 16, "Actual Rows": 6391, "Actual Loops": 1, "Inner Unique": false, "Join Filter": "(p.id = v.postid)", "Rows Removed by Join Filter": 0, "Plans": [{"Node Type": "Nested Loop", "Parent Relationship": "Outer", "Parallel Aware": false, "Async Capable": false, "Join Type": "Inner", "Startup Cost": 2912.03, "Total Cost": 3211.65, "Plan Rows": 62.0, "Plan Width": 12, "Actual Rows": 150, "Actual Loops": 1, "Inner Unique": false, "Join Filter": "(p.id = ph.postid)", "Rows Removed by Join Filter": 0, "Plans": [{"Node Type": "Hash Join", "Parent Relationship": "Outer", "Parallel Aware": false, "Async Capable": false, "Join Type": "Inner", "Startup Cost": 2911.61, "Total Cost": 3183.05, "Plan Rows": 51.0, "Plan Width": 8, "Actual Rows": 84, "Actual Loops": 1, "Inner Unique": true, "Hash Cond": "(pl.postid = p.id)", "Plans": [{"Node Type": "Seq Scan", "Parent Relationship": "Outer", "Parallel Aware": false, "Async Capable": false, "Relation Name": "postlinks", "Alias": "pl", "Startup Cost": 0.0, "Total Cost": 248.53, "Plan Rows": 8727, "Plan Width": 4, "Actual Rows": 8742, "Actual Loops": 1, "Filter": "((creationdate <= '2014-05-26 07:38:02'::timestamp without time zone) AND (linktypeid = 1))", "Rows Removed by Filter": 2360}, {"Node Type": "Hash", "Parent Relationship": "Inner", "Parallel Aware": false, "Async Capable": false, "Startup Cost": 2909.46, "Total Cost": 2909.46, "Plan Rows": 172, "Plan Width": 4, "Actual Rows": 75, "Actual Loops": 1, "Hash Buckets": 1024, "Original Hash Buckets": 1024, "Hash Batches": 1, "Original Hash Batches": 1, "Peak Memory Usage": 11, "Plans": [{"Node Type": "Seq Scan", "Parent Relationship": "Outer", "Parallel Aware": false, "Async Capable": false, "Relation Name": "posts", "Alias": "p", "Startup Cost": 0.0, "Total Cost": 2909.46, "Plan Rows": 172, "Plan Width": 4, "Actual Rows": 75, "Actual Loops": 1, "Filter": "((score <= 85) AND (favoritecount >= 13) AND (favoritecount <= 196) AND (creationdate >= '2012-01-19 05:11:21'::timestamp without time zone) AND (creationdate <= '2014-02-26 06:44:04'::timestamp without time zone))", "Rows Removed by Filter": 91901}]}]}, {"Node Type": "Index Scan", "Parent Relationship": "Inner", "Parallel Aware": false, "Async Capable": false, "Scan Direction": "Forward", "Index Name": "idx_posthistory_postid", "Relation Name": "posthistory", "Alias": "ph", "Startup Cost": 0.42, "Total Cost": 1.76, "Plan Rows": 2, "Plan Width": 4, "Actual Rows": 2, "Actual Loops": 84, "Index Cond": "(postid = pl.postid)", "Rows Removed by Index Recheck": 0, "Filter": "(creationdate >= '2013-02-08 14:14:48'::timestamp without time zone)", "Rows Removed by Filter": 6}]}, {"Node Type": "Index Scan", "Parent Relationship": "Inner", "Parallel Aware": false, "Async Capable": false, "Scan Direction": "Forward", "Index Name": "idx_votes_postid", "Relation Name": "votes", "Alias": "v", "Startup Cost": 0.42, "Total Cost": 0.58, "Plan Rows": 4, "Plan Width": 4, "Actual Rows": 43, "Actual Loops": 150, "Index Cond": "(postid = ph.postid)", "Rows Removed by Index Recheck": 0, "Filter": "(creationdate <= '2014-02-12 18:32:31'::timestamp without time zone)", "Rows Removed by Filter": 14}]}, {"Node Type": "Index Scan", "Parent Relationship": "Inner", "Parallel Aware": false, "Async Capable": false, "Scan Direction": "Forward", "Index Name": "idx_comments_postid", "Relation Name": "comments", "Alias": "c", "Startup Cost": 0.42, "Total Cost": 0.51, "Plan Rows": 1, "Plan Width": 4, "Actual Rows": 1, "Actual Loops": 6391, "Index Cond": "(postid = v.postid)", "Rows Removed by Index Recheck": 0, "Filter": "(creationdate >= '2013-08-07 03:44:59'::timestamp without time zone)", "Rows Removed by Filter": 2}]}]}, "Planning Time": 5.037, "Triggers": [], "Execution Time": 21.307}, {"Plan": {"Node Type": "Aggregate", "Strategy": "Plain", "Partial Mode": "Finalize", "Parallel Aware": false, "Async Capable": false, "Startup Cost": 13464.22, "Total Cost": 13464.23, "Plan Rows": 1, "Plan Width": 8, "Actual Rows": 1, "Actual Loops": 1, "Plans": [{"Node Type": "Gather", "Parent Relationship": "Outer", "Parallel Aware": false, "Async Capable": false, "Startup Cost": 13464.11, "Total Cost": 13464.22, "Plan Rows": 1, "Plan Width": 8, "Actual Rows": 2, "Actual Loops": 1, "Workers Planned": 1, "Workers Launched": 1, "Single Copy": false, "Plans": [{"Node Type": "Aggregate", "Strategy": "Plain", "Partial Mode": "Partial", "Parent Relationship": "Outer", "Parallel Aware": false, "Async Capable": false, "Startup Cost": 12464.11, "Total Cost": 12464.12, "Plan Rows": 1, "Plan Width": 8, "Actual Rows": 1, "Actual Loops": 2, "Workers": [], "Plans": [{"Node Type": "Hash Join", "Parent Relationship": "Outer", "Parallel Aware": false, "Async Capable": false, "Join Type": "Inner", "Startup Cost": 4698.95, "Total Cost": 12464.02, "Plan Rows": 2755.0, "Plan Width": 0, "Actual Rows": 3079, "Actual Loops": 2, "Inner Unique": false, "Hash Cond": "(pl.postid = p.id)", "Workers": [], "Plans": [{"Node Type": "Hash Join", "Parent Relationship": "Outer", "Parallel Aware": false, "Async Capable": false, "Join Type": "Inner", "Startup Cost": 357.62, "Total Cost": 8036.11, "Plan Rows": 6138.0, "Plan Width": 8, "Actual Rows": 25242, "Actual Loops": 2, "Inner Unique": false, "Hash Cond": "(v.postid = pl.postid)", "Workers": [], "Plans": [{"Node Type": "Seq Scan", "Parent Relationship": "Outer", "Parallel Aware": true, "Async Capable": false, "Relation Name": "votes", "Alias": "v", "Startup Cost": 0.0, "Total Cost": 4572.24, "Plan Rows": 153442, "Plan Width": 4, "Actual Rows": 130216, "Actual Loops": 2, "Filter": "(creationdate <= '2014-02-12 18:32:31'::timestamp without time zone)", "Rows Removed by Filter": 33816, "Workers": []}, {"Node Type": "Hash", "Parent Relationship": "Inner", "Parallel Aware": false, "Async Capable": false, "Startup Cost": 248.53, "Total Cost": 248.53, "Plan Rows": 8727, "Plan Width": 4, "Actual Rows": 8742, "Actual Loops": 2, "Hash Buckets": 16384, "Original Hash Buckets": 16384, "Hash Batches": 1, "Original Hash Batches": 1, "Peak Memory Usage": 436, "Workers": [], "Plans": [{"Node Type": "Seq Scan", "Parent Relationship": "Outer", "Parallel Aware": false, "Async Capable": false, "Relation Name": "postlinks", "Alias": "pl", "Startup Cost": 0.0, "Total Cost": 248.53, "Plan Rows": 8727, "Plan Width": 4, "Actual Rows": 8742, "Actual Loops": 2, "Filter": "((creationdate <= '2014-05-26 07:38:02'::timestamp without time zone) AND (linktypeid = 1))", "Rows Removed by Filter": 2360, "Workers": []}]}]}, {"Node Type": "Hash", "Parent Relationship": "Inner", "Parallel Aware": false, "Async Capable": false, "Startup Cost": 4338.23, "Total Cost": 4338.23, "Plan Rows": 559.0, "Plan Width": 12, "Actual Rows": 213, "Actual Loops": 2, "Hash Buckets": 1024, "Original Hash Buckets": 1024, "Hash Batches": 1, "Original Hash Batches": 1, "Peak Memory Usage": 18, "Workers": [], "Plans": [{"Node Type": "Nested Loop", "Parent Relationship": "Outer", "Parallel Aware": false, "Async Capable": false, "Join Type": "Inner", "Startup Cost": 0.84, "Total Cost": 4338.23, "Plan Rows": 559.0, "Plan Width": 12, "Actual Rows": 213, "Actual Loops": 2, "Inner Unique": false, "Join Filter": "(p.id = ph.postid)", "Rows Removed by Join Filter": 0, "Workers": [], "Plans": [{"Node Type": "Nested Loop", "Parent Relationship": "Outer", "Parallel Aware": false, "Async Capable": false, "Join Type": "Inner", "Startup Cost": 0.42, "Total Cost": 4248.57, "Plan Rows": 176.0, "Plan Width": 8, "Actual Rows": 38, "Actual Loops": 2, "Inner Unique": false, "Workers": [], "Plans": [{"Node Type": "Seq Scan", "Parent Relationship": "Outer", "Parallel Aware": false, "Async Capable": false, "Relation Name": "posts", "Alias": "p", "Startup Cost": 0.0, "Total Cost": 2909.46, "Plan Rows": 172, "Plan Width": 4, "Actual Rows": 75, "Actual Loops": 2, "Filter": "((score <= 85) AND (favoritecount >= 13) AND (favoritecount <= 196) AND (creationdate >= '2012-01-19 05:11:21'::timestamp without time zone) AND (creationdate <= '2014-02-26 06:44:04'::timestamp without time zone))", "Rows Removed by Filter": 91901, "Workers": []}, {"Node Type": "Index Scan", "Parent Relationship": "Inner", "Parallel Aware": false, "Async Capable": false, "Scan Direction": "Forward", "Index Name": "idx_comments_postid", "Relation Name": "comments", "Alias": "c", "Startup Cost": 0.42, "Total Cost": 7.78, "Plan Rows": 1, "Plan Width": 4, "Actual Rows": 1, "Actual Loops": 150, "Index Cond": "(postid = p.id)", "Rows Removed by Index Recheck": 0, "Filter": "(creationdate >= '2013-08-07 03:44:59'::timestamp without time zone)", "Rows Removed by Filter": 3, "Workers": []}]}, {"Node Type": "Index Scan", "Parent Relationship": "Inner", "Parallel Aware": false, "Async Capable": false, "Scan Direction": "Forward", "Index Name": "idx_posthistory_postid", "Relation Name": "posthistory", "Alias": "ph", "Startup Cost": 0.42, "Total Cost": 0.66, "Plan Rows": 2, "Plan Width": 4, "Actual Rows": 6, "Actual Loops": 76, "Index Cond": "(postid = c.postid)", "Rows Removed by Index Recheck": 0, "Filter": "(creationdate >= '2013-02-08 14:14:48'::timestamp without time zone)", "Rows Removed by Filter": 2, "Workers": []}]}]}]}]}]}]}, "Planning Time": 6.354, "Triggers": [], "Execution Time": 77.324}, {"Plan": {"Node Type": "Aggregate", "Strategy": "Plain", "Partial Mode": "Simple", "Parallel Aware": false, "Async Capable": false, "Startup Cost": 17820.53, "Total Cost": 17820.54, "Plan Rows": 1, "Plan Width": 8, "Actual Rows": 1, "Actual Loops": 1, "Plans": [{"Node Type": "Hash Join", "Parent Relationship": "Outer", "Parallel Aware": false, "Async Capable": false, "Join Type": "Inner", "Startup Cost": 12552.17, "Total Cost": 17820.37, "Plan Rows": 2755.0, "Plan Width": 0, "Actual Rows": 6158, "Actual Loops": 1, "Inner Unique": false, "Hash Cond": "(p.id = c.postid)", "Plans": [{"Node Type": "Nested Loop", "Parent Relationship": "Outer", "Parallel Aware": false, "Async Capable": false, "Join Type": "Inner", "Startup Cost": 0.42, "Total Cost": 5255.64, "Plan Rows": 2340.0, "Plan Width": 8, "Actual Rows": 3088, "Actual Loops": 1, "Inner Unique": false, "Plans": [{"Node Type": "Seq Scan", "Parent Relationship": "Outer", "Parallel Aware": false, "Async Capable": false, "Relation Name": "posts", "Alias": "p", "Startup Cost": 0.0, "Total Cost": 2909.46, "Plan Rows": 172, "Plan Width": 4, "Actual Rows": 75, "Actual Loops": 1, "Filter": "((score <= 85) AND (favoritecount >= 13) AND (favoritecount <= 196) AND (creationdate >= '2012-01-19 05:11:21'::timestamp without time zone) AND (creationdate <= '2014-02-26 06:44:04'::timestamp without time zone))", "Rows Removed by Filter": 91901}, {"Node Type": "Index Scan", "Parent Relationship": "Inner", "Parallel Aware": false, "Async Capable": false, "Scan Direction": "Forward", "Index Name": "idx_votes_postid", "Relation Name": "votes", "Alias": "v", "Startup Cost": 0.42, "Total Cost": 13.6, "Plan Rows": 4, "Plan Width": 4, "Actual Rows": 41, "Actual Loops": 75, "Index Cond": "(postid = p.id)", "Rows Removed by Index Recheck": 0, "Filter": "(creationdate <= '2014-02-12 18:32:31'::timestamp without time zone)", "Rows Removed by Filter": 9}]}, {"Node Type": "Hash", "Parent Relationship": "Inner", "Parallel Aware": false, "Async Capable": false, "Startup Cost": 12223.25, "Total Cost": 12223.25, "Plan Rows": 927.0, "Plan Width": 12, "Actual Rows": 61937, "Actual Loops": 1, "Hash Buckets": 65536, "Original Hash Buckets": 32768, "Hash Batches": 1, "Original Hash Batches": 1, "Peak Memory Usage": 3174, "Plans": [{"Node Type": "Gather", "Parent Relationship": "Outer", "Parallel Aware": false, "Async Capable": false, "Startup Cost": 1358.04, "Total Cost": 12223.25, "Plan Rows": 26280, "Plan Width": 12, "Actual Rows": 61937, "Actual Loops": 1, "Workers Planned": 1, "Workers Launched": 1, "Single Copy": false, "Plans": [{"Node Type": "Nested Loop", "Parent Relationship": "Outer", "Parallel Aware": false, "Async Capable": false, "Join Type": "Inner", "Startup Cost": 358.04, "Total Cost": 8595.25, "Plan Rows": 927.0, "Plan Width": 12, "Actual Rows": 30968, "Actual Loops": 2, "Inner Unique": false, "Workers": [], "Plans": [{"Node Type": "Hash Join", "Parent Relationship": "Outer", "Parallel Aware": false, "Async Capable": false, "Join Type": "Inner", "Startup Cost": 357.62, "Total Cost": 3826.17, "Plan Rows": 287.0, "Plan Width": 8, "Actual Rows": 5304, "Actual Loops": 2, "Inner Unique": false, "Hash Cond": "(c.postid = pl.postid)", "Workers": [], "Plans": [{"Node Type": "Seq Scan", "Parent Relationship": "Outer", "Parallel Aware": true, "Async Capable": false, "Relation Name": "comments", "Alias": "c", "Startup Cost": 0.0, "Total Cost": 2625.65, "Plan Rows": 41211, "Plan Width": 4, "Actual Rows": 35096, "Actual Loops": 2, "Filter": "(creationdate >= '2013-08-07 03:44:59'::timestamp without time zone)", "Rows Removed by Filter": 52057, "Workers": []}, {"Node Type": "Hash", "Parent Relationship": "Inner", "Parallel Aware": false, "Async Capable": false, "Startup Cost": 248.53, "Total Cost": 248.53, "Plan Rows": 8727, "Plan Width": 4, "Actual Rows": 8742, "Actual Loops": 2, "Hash Buckets": 16384, "Original Hash Buckets": 16384, "Hash Batches": 1, "Original Hash Batches": 1, "Peak Memory Usage": 436, "Workers": [], "Plans": [{"Node Type": "Seq Scan", "Parent Relationship": "Outer", "Parallel Aware": false, "Async Capable": false, "Relation Name": "postlinks", "Alias": "pl", "Startup Cost": 0.0, "Total Cost": 248.53, "Plan Rows": 8727, "Plan Width": 4, "Actual Rows": 8742, "Actual Loops": 2, "Filter": "((creationdate <= '2014-05-26 07:38:02'::timestamp without time zone) AND (linktypeid = 1))", "Rows Removed by Filter": 2360, "Workers": []}]}]}, {"Node Type": "Index Scan", "Parent Relationship": "Inner", "Parallel Aware": false, "Async Capable": false, "Scan Direction": "Forward", "Index Name": "idx_posthistory_postid", "Relation Name": "posthistory", "Alias": "ph", "Startup Cost": 0.42, "Total Cost": 0.66, "Plan Rows": 2, "Plan Width": 4, "Actual Rows": 6, "Actual Loops": 10609, "Index Cond": "(postid = c.postid)", "Rows Removed by Index Recheck": 0, "Filter": "(creationdate >= '2013-02-08 14:14:48'::timestamp without time zone)", "Rows Removed by Filter": 0, "Workers": []}]}]}]}]}]}, "Planning Time": 5.518, "Triggers": [], "Execution Time": 96.06}, {"Plan": {"Node Type": "Aggregate", "Strategy": "Plain", "Partial Mode": "Simple", "Parallel Aware": false, "Async Capable": false, "Startup Cost": 13572.31, "Total Cost": 13572.32, "Plan Rows": 1, "Plan Width": 8, "Actual Rows": 1, "Actual Loops": 1, "Plans": [{"Node Type": "Hash Join", "Parent Relationship": "Outer", "Parallel Aware": false, "Async Capable": false, "Join Type": "Inner", "Startup Cost": 12552.08, "Total Cost": 13572.15, "Plan Rows": 2755.0, "Plan Width": 0, "Actual Rows": 6158, "Actual Loops": 1, "Inner Unique": false, "Hash Cond": "(pl.postid = p.id)", "Plans": [{"Node Type": "Hash Join", "Parent Relationship": "Outer", "Parallel Aware": false, "Async Capable": false, "Join Type": "Inner", "Startup Cost": 8204.04, "Total Cost": 9126.4, "Plan Rows": 430.0, "Plan Width": 8, "Actual Rows": 26893, "Actual Loops": 1, "Inner Unique": false, "Hash Cond": "(pl.postid = ph.postid)", "Plans": [{"Node Type": "Seq Scan", "Parent Relationship": "Outer", "Parallel Aware": false, "Async Capable": false, "Relation Name": "postlinks", "Alias": "pl", "Startup Cost": 0.0, "Total Cost": 248.53, "Plan Rows": 8727, "Plan Width": 4, "Actual Rows": 8742, "Actual Loops": 1, "Filter": "((creationdate <= '2014-05-26 07:38:02'::timestamp without time zone) AND (linktypeid = 1))", "Rows Removed by Filter": 2360}, {"Node Type": "Hash", "Parent Relationship": "Inner", "Parallel Aware": false, "Async Capable": false, "Startup Cost": 6029.84, "Total Cost": 6029.84, "Plan Rows": 173936, "Plan Width": 4, "Actual Rows": 173734, "Actual Loops": 1, "Hash Buckets": 262144, "Original Hash Buckets": 262144, "Hash Batches": 1, "Original Hash Batches": 1, "Peak Memory Usage": 8156, "Plans": [{"Node Type": "Seq Scan", "Parent Relationship": "Outer", "Parallel Aware": false, "Async Capable": false, "Relation Name": "posthistory", "Alias": "ph", "Startup Cost": 0.0, "Total Cost": 6029.84, "Plan Rows": 173936, "Plan Width": 4, "Actual Rows": 173734, "Actual Loops": 1, "Filter": "(creationdate >= '2013-02-08 14:14:48'::timestamp without time zone)", "Rows Removed by Filter": 129453}]}]}, {"Node Type": "Hash", "Parent Relationship": "Inner", "Parallel Aware": false, "Async Capable": false, "Startup Cost": 4343.39, "Total Cost": 4343.39, "Plan Rows": 3621.0, "Plan Width": 12, "Actual Rows": 1472, "Actual Loops": 1, "Hash Buckets": 2048, "Original Hash Buckets": 1024, "Hash Batches": 1, "Original Hash Batches": 1, "Peak Memory Usage": 80, "Plans": [{"Node Type": "Nested Loop", "Parent Relationship": "Outer", "Parallel Aware": false, "Async Capable": false, "Join Type": "Inner", "Startup Cost": 0.84, "Total Cost": 4343.39, "Plan Rows": 3621.0, "Plan Width": 12, "Actual Rows": 1472, "Actual Loops": 1, "Inner Unique": false, "Join Filter": "(p.id = v.postid)", "Rows Removed by Join Filter": 0, "Plans": [{"Node Type": "Nested Loop", "Parent Relationship": "Outer", "Parallel Aware": false, "Async Capable": false, "Join Type": "Inner", "Startup Cost": 0.42, "Total Cost": 4248.57, "Plan Rows": 176.0, "Plan Width": 8, "Actual Rows": 38, "Actual Loops": 1, "Inner Unique": false, "Plans": [{"Node Type": "Seq Scan", "Parent Relationship": "Outer", "Parallel Aware": false, "Async Capable": false, "Relation Name": "posts", "Alias": "p", "Startup Cost": 0.0, "Total Cost": 2909.46, "Plan Rows": 172, "Plan Width": 4, "Actual Rows": 75, "Actual Loops": 1, "Filter": "((score <= 85) AND (favoritecount >= 13) AND (favoritecount <= 196) AND (creationdate >= '2012-01-19 05:11:21'::timestamp without time zone) AND (creationdate <= '2014-02-26 06:44:04'::timestamp without time zone))", "Rows Removed by Filter": 91901}, {"Node Type": "Index Scan", "Parent Relationship": "Inner", "Parallel Aware": false, "Async Capable": false, "Scan Direction": "Forward", "Index Name": "idx_comments_postid", "Relation Name": "comments", "Alias": "c", "Startup Cost": 0.42, "Total Cost": 7.78, "Plan Rows": 1, "Plan Width": 4, "Actual Rows": 1, "Actual Loops": 75, "Index Cond": "(postid = p.id)", "Rows Removed by Index Recheck": 0, "Filter": "(creationdate >= '2013-08-07 03:44:59'::timestamp without time zone)", "Rows Removed by Filter": 3}]}, {"Node Type": "Index Scan", "Parent Relationship": "Inner", "Parallel Aware": false, "Async Capable": false, "Scan Direction": "Forward", "Index Name": "idx_votes_postid", "Relation Name": "votes", "Alias": "v", "Startup Cost": 0.42, "Total Cost": 0.67, "Plan Rows": 4, "Plan Width": 4, "Actual Rows": 39, "Actual Loops": 38, "Index Cond": "(postid = c.postid)", "Rows Removed by Index Recheck": 0, "Filter": "(creationdate <= '2014-02-12 18:32:31'::timestamp without time zone)", "Rows Removed by Filter": 14}]}]}]}]}, "Planning Time": 5.852, "Triggers": [], "Execution Time": 154.313}, {"Plan": {"Node Type": "Aggregate", "Strategy": "Plain", "Partial Mode": "Finalize", "Parallel Aware": false, "Async Capable": false, "Startup Cost": 14307.43, "Total Cost": 14307.44, "Plan Rows": 1, "Plan Width": 8, "Actual Rows": 1, "Actual Loops": 1, "Plans": [{"Node Type": "Gather", "Parent Relationship": "Outer", "Parallel Aware": false, "Async Capable": false, "Startup Cost": 14307.32, "Total Cost": 14307.43, "Plan Rows": 1, "Plan Width": 8, "Actual Rows": 2, "Actual Loops": 1, "Workers Planned": 1, "Workers Launched": 1, "Single Copy": false, "Plans": [{"Node Type": "Aggregate", "Strategy": "Plain", "Partial Mode": "Partial", "Parent Relationship": "Outer", "Parallel Aware": false, "Async Capable": false, "Startup Cost": 13307.32, "Total Cost": 13307.33, "Plan Rows": 1, "Plan Width": 8, "Actual Rows": 1, "Actual Loops": 2, "Workers": [], "Plans": [{"Node Type": "Hash Join", "Parent Relationship": "Outer", "Parallel Aware": false, "Async Capable": false, "Join Type": "Inner", "Startup Cost": 4680.64, "Total Cost": 13307.23, "Plan Rows": 2755.0, "Plan Width": 0, "Actual Rows": 3079, "Actual Loops": 2, "Inner Unique": false, "Hash Cond": "(c.postid = p.id)", "Workers": [], "Plans": [{"Node Type": "Nested Loop", "Parent Relationship": "Outer", "Parallel Aware": false, "Async Capable": false, "Join Type": "Inner", "Startup Cost": 358.04, "Total Cost": 8836.74, "Plan Rows": 11239.0, "Plan Width": 12, "Actual Rows": 17928, "Actual Loops": 2, "Inner Unique": false, "Workers": [], "Plans": [{"Node Type": "Hash Join", "Parent Relationship": "Outer", "Parallel Aware": false, "Async Capable": false, "Join Type": "Inner", "Startup Cost": 357.62, "Total Cost": 3826.17, "Plan Rows": 287.0, "Plan Width": 8, "Actual Rows": 5304, "Actual Loops": 2, "Inner Unique": false, "Hash Cond": "(c.postid = pl.postid)", "Workers": [], "Plans": [{"Node Type": "Seq Scan", "Parent Relationship": "Outer", "Parallel Aware": true, "Async Capable": false, "Relation Name": "comments", "Alias": "c", "Startup Cost": 0.0, "Total Cost": 2625.65, "Plan Rows": 41211, "Plan Width": 4, "Actual Rows": 35096, "Actual Loops": 2, "Filter": "(creationdate >= '2013-08-07 03:44:59'::timestamp without time zone)", "Rows Removed by Filter": 52057, "Workers": []}, {"Node Type": "Hash", "Parent Relationship": "Inner", "Parallel Aware": false, "Async Capable": false, "Startup Cost": 248.53, "Total Cost": 248.53, "Plan Rows": 8727, "Plan Width": 4, "Actual Rows": 8742, "Actual Loops": 2, "Hash Buckets": 16384, "Original Hash Buckets": 16384, "Hash Batches": 1, "Original Hash Batches": 1, "Peak Memory Usage": 436, "Workers": [], "Plans": [{"Node Type": "Seq Scan", "Parent Relationship": "Outer", "Parallel Aware": false, "Async Capable": false, "Relation Name": "postlinks", "Alias": "pl", "Startup Cost": 0.0, "Total Cost": 248.53, "Plan Rows": 8727, "Plan Width": 4, "Actual Rows": 8742, "Actual Loops": 2, "Filter": "((creationdate <= '2014-05-26 07:38:02'::timestamp without time zone) AND (linktypeid = 1))", "Rows Removed by Filter": 2360, "Workers": []}]}]}, {"Node Type": "Index Scan", "Parent Relationship": "Inner", "Parallel Aware": false, "Async Capable": false, "Scan Direction": "Forward", "Index Name": "idx_votes_postid", "Relation Name": "votes", "Alias": "v", "Startup Cost": 0.42, "Total Cost": 0.67, "Plan Rows": 4, "Plan Width": 4, "Actual Rows": 3, "Actual Loops": 10609, "Index Cond": "(postid = c.postid)", "Rows Removed by Index Recheck": 0, "Filter": "(creationdate <= '2014-02-12 18:32:31'::timestamp without time zone)", "Rows Removed by Filter": 2, "Workers": []}]}, {"Node Type": "Hash", "Parent Relationship": "Inner", "Parallel Aware": false, "Async Capable": false, "Startup Cost": 4318.54, "Total Cost": 4318.54, "Plan Rows": 214.0, "Plan Width": 8, "Actual Rows": 135, "Actual Loops": 2, "Hash Buckets": 1024, "Original Hash Buckets": 1024, "Hash Batches": 1, "Original Hash Batches": 1, "Peak Memory Usage": 14, "Workers": [], "Plans": [{"Node Type": "Nested Loop", "Parent Relationship": "Outer", "Parallel Aware": false, "Async Capable": false, "Join Type": "Inner", "Startup Cost": 0.42, "Total Cost": 4318.54, "Plan Rows": 214.0, "Plan Width": 8, "Actual Rows": 135, "Actual Loops": 2, "Inner Unique": false, "Workers": [], "Plans": [{"Node Type": "Seq Scan", "Parent Relationship": "Outer", "Parallel Aware": false, "Async Capable": false, "Relation Name": "posts", "Alias": "p", "Startup Cost": 0.0, "Total Cost": 2909.46, "Plan Rows": 172, "Plan Width": 4, "Actual Rows": 75, "Actual Loops": 2, "Filter": "((score <= 85) AND (favoritecount >= 13) AND (favoritecount <= 196) AND (creationdate >= '2012-01-19 05:11:21'::timestamp without time zone) AND (creationdate <= '2014-02-26 06:44:04'::timestamp without time zone))", "Rows Removed by Filter": 91901, "Workers": []}, {"Node Type": "Index Scan", "Parent Relationship": "Inner", "Parallel Aware": false, "Async Capable": false, "Scan Direction": "Forward", "Index Name": "idx_posthistory_postid", "Relation Name": "posthistory", "Alias": "ph", "Startup Cost": 0.42, "Total Cost": 8.17, "Plan Rows": 2, "Plan Width": 4, "Actual Rows": 2, "Actual Loops": 150, "Index Cond": "(postid = p.id)", "Rows Removed by Index Recheck": 0, "Filter": "(creationdate >= '2013-02-08 14:14:48'::timestamp without time zone)", "Rows Removed by Filter": 5, "Workers": []}]}]}]}]}]}]}, "Planning Time": 8.067, "Triggers": [], "Execution Time": 84.861}, {"Plan": {"Node Type": "Aggregate", "Strategy": "Plain", "Partial Mode": "Simple", "Parallel Aware": false, "Async Capable": false, "Startup Cost": 30183.73, "Total Cost": 30183.74, "Plan Rows": 1, "Plan Width": 8, "Actual Rows": 1, "Actual Loops": 1, "Plans": [{"Node Type": "Hash Join", "Parent Relationship": "Outer", "Parallel Aware": false, "Async Capable": false, "Join Type": "Inner", "Startup Cost": 27255.92, "Total Cost": 30183.57, "Plan Rows": 2755.0, "Plan Width": 0, "Actual Rows": 6158, "Actual Loops": 1, "Inner Unique": false, "Hash Cond": "(p.id = c.postid)", "Plans": [{"Node Type": "Seq Scan", "Parent Relationship": "Outer", "Parallel Aware": false, "Async Capable": false, "Relation Name": "posts", "Alias": "p", "Startup Cost": 0.0, "Total Cost": 2909.46, "Plan Rows": 172, "Plan Width": 4, "Actual Rows": 75, "Actual Loops": 1, "Filter": "((score <= 85) AND (favoritecount >= 13) AND (favoritecount <= 196) AND (creationdate >= '2012-01-19 05:11:21'::timestamp without time zone) AND (creationdate <= '2014-02-26 06:44:04'::timestamp without time zone))", "Rows Removed by Filter": 91901}, {"Node Type": "Hash", "Parent Relationship": "Inner", "Parallel Aware": false, "Async Capable": false, "Startup Cost": 25881.48, "Total Cost": 25881.48, "Plan Rows": 16342.0, "Plan Width": 16, "Actual Rows": 212790, "Actual Loops": 1, "Hash Buckets": 262144, "Original Hash Buckets": 131072, "Hash Batches": 1, "Original Hash Batches": 1, "Peak Memory Usage": 12023, "Plans": [{"Node Type": "Hash Join", "Parent Relationship": "Outer", "Parallel Aware": false, "Async Capable": false, "Join Type": "Inner", "Startup Cost": 8562.08, "Total Cost": 25881.48, "Plan Rows": 16342.0, "Plan Width": 16, "Actual Rows": 212790, "Actual Loops": 1, "Inner Unique": false, "Hash Cond": "(c.postid = ph.postid)", "Plans": [{"Node Type": "Nested Loop", "Parent Relationship": "Outer", "Parallel Aware": false, "Async Capable": false, "Join Type": "Inner", "Startup Cost": 358.04, "Total Cost": 13831.84, "Plan Rows": 11239.0, "Plan Width": 12, "Actual Rows": 35855, "Actual Loops": 1, "Inner Unique": false, "Plans": [{"Node Type": "Hash Join", "Parent Relationship": "Outer", "Parallel Aware": false, "Async Capable": false, "Join Type": "Inner", "Startup Cost": 357.62, "Total Cost": 5313.37, "Plan Rows": 287.0, "Plan Width": 8, "Actual Rows": 10609, "Actual Loops": 1, "Inner Unique": false, "Hash Cond": "(c.postid = pl.postid)", "Plans": [{"Node Type": "Seq Scan", "Parent Relationship": "Outer", "Parallel Aware": false, "Async Capable": false, "Relation Name": "comments", "Alias": "c", "Startup Cost": 0.0, "Total Cost": 3522.81, "Plan Rows": 70059, "Plan Width": 4, "Actual Rows": 70191, "Actual Loops": 1, "Filter": "(creationdate >= '2013-08-07 03:44:59'::timestamp without time zone)", "Rows Removed by Filter": 104114}, {"Node Type": "Hash", "Parent Relationship": "Inner", "Parallel Aware": false, "Async Capable": false, "Startup Cost": 248.53, "Total Cost": 248.53, "Plan Rows": 8727, "Plan Width": 4, "Actual Rows": 8742, "Actual Loops": 1, "Hash Buckets": 16384, "Original Hash Buckets": 16384, "Hash Batches": 1, "Original Hash Batches": 1, "Peak Memory Usage": 436, "Plans": [{"Node Type": "Seq Scan", "Parent Relationship": "Outer", "Parallel Aware": false, "Async Capable": false, "Relation Name": "postlinks", "Alias": "pl", "Startup Cost": 0.0, "Total Cost": 248.53, "Plan Rows": 8727, "Plan Width": 4, "Actual Rows": 8742, "Actual Loops": 1, "Filter": "((creationdate <= '2014-05-26 07:38:02'::timestamp without time zone) AND (linktypeid = 1))", "Rows Removed by Filter": 2360}]}]}, {"Node Type": "Index Scan", "Parent Relationship": "Inner", "Parallel Aware": false, "Async Capable": false, "Scan Direction": "Forward", "Index Name": "idx_votes_postid", "Relation Name": "votes", "Alias": "v", "Startup Cost": 0.42, "Total Cost": 0.67, "Plan Rows": 4, "Plan Width": 4, "Actual Rows": 3, "Actual Loops": 10609, "Index Cond": "(postid = c.postid)", "Rows Removed by Index Recheck": 0, "Filter": "(creationdate <= '2014-02-12 18:32:31'::timestamp without time zone)", "Rows Removed by Filter": 2}]}, {"Node Type": "Hash", "Parent Relationship": "Inner", "Parallel Aware": false, "Async Capable": false, "Startup Cost": 6029.84, "Total Cost": 6029.84, "Plan Rows": 173936, "Plan Width": 4, "Actual Rows": 173734, "Actual Loops": 1, "Hash Buckets": 262144, "Original Hash Buckets": 262144, "Hash Batches": 1, "Original Hash Batches": 1, "Peak Memory Usage": 8156, "Plans": [{"Node Type": "Seq Scan", "Parent Relationship": "Outer", "Parallel Aware": false, "Async Capable": false, "Relation Name": "posthistory", "Alias": "ph", "Startup Cost": 0.0, "Total Cost": 6029.84, "Plan Rows": 173936, "Plan Width": 4, "Actual Rows": 173734, "Actual Loops": 1, "Filter": "(creationdate >= '2013-02-08 14:14:48'::timestamp without time zone)", "Rows Removed by Filter": 129453}]}]}]}]}]}, "Planning Time": 6.067, "Triggers": [], "Execution Time": 266.971}, {"Plan": {"Node Type": "Aggregate", "Strategy": "Plain", "Partial Mode": "Finalize", "Parallel Aware": false, "Async Capable": false, "Startup Cost": 9065.67, "Total Cost": 9065.68, "Plan Rows": 1, "Plan Width": 8, "Actual Rows": 1, "Actual Loops": 1, "Plans": [{"Node Type": "Gather", "Parent Relationship": "Outer", "Parallel Aware": false, "Async Capable": false, "Startup Cost": 9065.56, "Total Cost": 9065.67, "Plan Rows": 1, "Plan Width": 8, "Actual Rows": 2, "Actual Loops": 1, "Workers Planned": 1, "Workers Launched": 1, "Single Copy": false, "Plans": [{"Node Type": "Aggregate", "Strategy": "Plain", "Partial Mode": "Partial", "Parent Relationship": "Outer", "Parallel Aware": false, "Async Capable": false, "Startup Cost": 8065.56, "Total Cost": 8065.57, "Plan Rows": 1, "Plan Width": 8, "Actual Rows": 1, "Actual Loops": 2, "Workers": [], "Plans": [{"Node Type": "Hash Join", "Parent Relationship": "Outer", "Parallel Aware": false, "Async Capable": false, "Join Type": "Inner", "Startup Cost": 3212.09, "Total Cost": 8065.47, "Plan Rows": 2755.0, "Plan Width": 0, "Actual Rows": 3079, "Actual Loops": 2, "Inner Unique": false, "Hash Cond": "(ph.postid = p.id)", "Workers": [], "Plans": [{"Node Type": "Seq Scan", "Parent Relationship": "Outer", "Parallel Aware": true, "Async Capable": false, "Relation Name": "posthistory", "Alias": "ph", "Startup Cost": 0.0, "Total Cost": 4469.32, "Plan Rows": 102315, "Plan Width": 4, "Actual Rows": 86867, "Actual Loops": 2, "Filter": "(creationdate >= '2013-02-08 14:14:48'::timestamp without time zone)", "Rows Removed by Filter": 64726, "Workers": []}, {"Node Type": "Hash", "Parent Relationship": "Inner", "Parallel Aware": false, "Async Capable": false, "Startup Cost": 3211.66, "Total Cost": 3211.66, "Plan Rows": 1547.0, "Plan Width": 16, "Actual Rows": 1848, "Actual Loops": 2, "Hash Buckets": 2048, "Original Hash Buckets": 1024, "Hash Batches": 1, "Original Hash Batches": 1, "Peak Memory Usage": 103, "Workers": [], "Plans": [{"Node Type": "Nested Loop", "Parent Relationship": "Outer", "Parallel Aware": false, "Async Capable": false, "Join Type": "Inner", "Startup Cost": 2912.45, "Total Cost": 3211.66, "Plan Rows": 1547.0, "Plan Width": 16, "Actual Rows": 1848, "Actual Loops": 2, "Inner Unique": false, "Join Filter": "(p.id = v.postid)", "Rows Removed by Join Filter": 0, "Workers": [], "Plans": [{"Node Type": "Nested Loop", "Parent Relationship": "Outer", "Parallel Aware": false, "Async Capable": false, "Join Type": "Inner", "Startup Cost": 2912.03, "Total Cost": 3202.98, "Plan Rows": 109.0, "Plan Width": 12, "Actual Rows": 39, "Actual Loops": 2, "Inner Unique": false, "Join Filter": "(c.postid = p.id)", "Rows Removed by Join Filter": 0, "Workers": [], "Plans": [{"Node Type": "Hash Join", "Parent Relationship": "Outer", "Parallel Aware": false, "Async Capable": false, "Join Type": "Inner", "Startup Cost": 2911.61, "Total Cost": 3183.05, "Plan Rows": 51.0, "Plan Width": 8, "Actual Rows": 84, "Actual Loops": 2, "Inner Unique": true, "Hash Cond": "(pl.postid = p.id)", "Workers": [], "Plans": [{"Node Type": "Seq Scan", "Parent Relationship": "Outer", "Parallel Aware": false, "Async Capable": false, "Relation Name": "postlinks", "Alias": "pl", "Startup Cost": 0.0, "Total Cost": 248.53, "Plan Rows": 8727, "Plan Width": 4, "Actual Rows": 8742, "Actual Loops": 2, "Filter": "((creationdate <= '2014-05-26 07:38:02'::timestamp without time zone) AND (linktypeid = 1))", "Rows Removed by Filter": 2360, "Workers": []}, {"Node Type": "Hash", "Parent Relationship": "Inner", "Parallel Aware": false, "Async Capable": false, "Startup Cost": 2909.46, "Total Cost": 2909.46, "Plan Rows": 172, "Plan Width": 4, "Actual Rows": 75, "Actual Loops": 2, "Hash Buckets": 1024, "Original Hash Buckets": 1024, "Hash Batches": 1, "Original Hash Batches": 1, "Peak Memory Usage": 11, "Workers": [], "Plans": [{"Node Type": "Seq Scan", "Parent Relationship": "Outer", "Parallel Aware": false, "Async Capable": false, "Relation Name": "posts", "Alias": "p", "Startup Cost": 0.0, "Total Cost": 2909.46, "Plan Rows": 172, "Plan Width": 4, "Actual Rows": 75, "Actual Loops": 2, "Filter": "((score <= 85) AND (favoritecount >= 13) AND (favoritecount <= 196) AND (creationdate >= '2012-01-19 05:11:21'::timestamp without time zone) AND (creationdate <= '2014-02-26 06:44:04'::timestamp without time zone))", "Rows Removed by Filter": 91901, "Workers": []}]}]}, {"Node Type": "Index Scan", "Parent Relationship": "Inner", "Parallel Aware": false, "Async Capable": false, "Scan Direction": "Forward", "Index Name": "idx_comments_postid", "Relation Name": "comments", "Alias": "c", "Startup Cost": 0.42, "Total Cost": 1.23, "Plan Rows": 1, "Plan Width": 4, "Actual Rows": 0, "Actual Loops": 168, "Index Cond": "(postid = pl.postid)", "Rows Removed by Index Recheck": 0, "Filter": "(creationdate >= '2013-08-07 03:44:59'::timestamp without time zone)", "Rows Removed by Filter": 3, "Workers": []}]}, {"Node Type": "Index Scan", "Parent Relationship": "Inner", "Parallel Aware": false, "Async Capable": false, "Scan Direction": "Forward", "Index Name": "idx_votes_postid", "Relation Name": "votes", "Alias": "v", "Startup Cost": 0.42, "Total Cost": 0.67, "Plan Rows": 4, "Plan Width": 4, "Actual Rows": 47, "Actual Loops": 78, "Index Cond": "(postid = c.postid)", "Rows Removed by Index Recheck": 0, "Filter": "(creationdate <= '2014-02-12 18:32:31'::timestamp without time zone)", "Rows Removed by Filter": 13, "Workers": []}]}]}]}]}]}]}, "Planning Time": 8.453, "Triggers": [], "Execution Time": 60.11}, {"Plan": {"Node Type": "Aggregate", "Strategy": "Plain", "Partial Mode": "Simple", "Parallel Aware": false, "Async Capable": false, "Startup Cost": 25982.3, "Total Cost": 25982.31, "Plan Rows": 1, "Plan Width": 8, "Actual Rows": 1, "Actual Loops": 1, "Plans": [{"Node Type": "Hash Join", "Parent Relationship": "Outer", "Parallel Aware": false, "Async Capable": false, "Join Type": "Inner", "Startup Cost": 12454.66, "Total Cost": 25982.14, "Plan Rows": 2755.0, "Plan Width": 0, "Actual Rows": 6158, "Actual Loops": 1, "Inner Unique": false, "Hash Cond": "(pl.postid = p.id)", "Plans": [{"Node Type": "Nested Loop", "Parent Relationship": "Outer", "Parallel Aware": false, "Async Capable": false, "Join Type": "Inner", "Startup Cost": 8204.46, "Total Cost": 21406.12, "Plan Rows": 12225.0, "Plan Width": 12, "Actual Rows": 96271, "Actual Loops": 1, "Inner Unique": false, "Join Filter": "(pl.postid = v.postid)", "Rows Removed by Join Filter": 0, "Plans": [{"Node Type": "Hash Join", "Parent Relationship": "Outer", "Parallel Aware": false, "Async Capable": false, "Join Type": "Inner", "Startup Cost": 8204.04, "Total Cost": 9126.4, "Plan Rows": 430.0, "Plan Width": 8, "Actual Rows": 26893, "Actual Loops": 1, "Inner Unique": false, "Hash Cond": "(pl.postid = ph.postid)", "Plans": [{"Node Type": "Seq Scan", "Parent Relationship": "Outer", "Parallel Aware": false, "Async Capable": false, "Relation Name": "postlinks", "Alias": "pl", "Startup Cost": 0.0, "Total Cost": 248.53, "Plan Rows": 8727, "Plan Width": 4, "Actual Rows": 8742, "Actual Loops": 1, "Filter": "((creationdate <= '2014-05-26 07:38:02'::timestamp without time zone) AND (linktypeid = 1))", "Rows Removed by Filter": 2360}, {"Node Type": "Hash", "Parent Relationship": "Inner", "Parallel Aware": false, "Async Capable": false, "Startup Cost": 6029.84, "Total Cost": 6029.84, "Plan Rows": 173936, "Plan Width": 4, "Actual Rows": 173734, "Actual Loops": 1, "Hash Buckets": 262144, "Original Hash Buckets": 262144, "Hash Batches": 1, "Original Hash Batches": 1, "Peak Memory Usage": 8156, "Plans": [{"Node Type": "Seq Scan", "Parent Relationship": "Outer", "Parallel Aware": false, "Async Capable": false, "Relation Name": "posthistory", "Alias": "ph", "Startup Cost": 0.0, "Total Cost": 6029.84, "Plan Rows": 173936, "Plan Width": 4, "Actual Rows": 173734, "Actual Loops": 1, "Filter": "(creationdate >= '2013-02-08 14:14:48'::timestamp without time zone)", "Rows Removed by Filter": 129453}]}]}, {"Node Type": "Index Scan", "Parent Relationship": "Inner", "Parallel Aware": false, "Async Capable": false, "Scan Direction": "Forward", "Index Name": "idx_votes_postid", "Relation Name": "votes", "Alias": "v", "Startup Cost": 0.42, "Total Cost": 0.58, "Plan Rows": 4, "Plan Width": 4, "Actual Rows": 4, "Actual Loops": 26893, "Index Cond": "(postid = ph.postid)", "Rows Removed by Index Recheck": 0, "Filter": "(creationdate <= '2014-02-12 18:32:31'::timestamp without time zone)", "Rows Removed by Filter": 2}]}, {"Node Type": "Hash", "Parent Relationship": "Inner", "Parallel Aware": false, "Async Capable": false, "Startup Cost": 4248.57, "Total Cost": 4248.57, "Plan Rows": 176.0, "Plan Width": 8, "Actual Rows": 38, "Actual Loops": 1, "Hash Buckets": 1024, "Original Hash Buckets": 1024, "Hash Batches": 1, "Original Hash Batches": 1, "Peak Memory Usage": 10, "Plans": [{"Node Type": "Nested Loop", "Parent Relationship": "Outer", "Parallel Aware": false, "Async Capable": false, "Join Type": "Inner", "Startup Cost": 0.42, "Total Cost": 4248.57, "Plan Rows": 176.0, "Plan Width": 8, "Actual Rows": 38, "Actual Loops": 1, "Inner Unique": false, "Plans": [{"Node Type": "Seq Scan", "Parent Relationship": "Outer", "Parallel Aware": false, "Async Capable": false, "Relation Name": "posts", "Alias": "p", "Startup Cost": 0.0, "Total Cost": 2909.46, "Plan Rows": 172, "Plan Width": 4, "Actual Rows": 75, "Actual Loops": 1, "Filter": "((score <= 85) AND (favoritecount >= 13) AND (favoritecount <= 196) AND (creationdate >= '2012-01-19 05:11:21'::timestamp without time zone) AND (creationdate <= '2014-02-26 06:44:04'::timestamp without time zone))", "Rows Removed by Filter": 91901}, {"Node Type": "Index Scan", "Parent Relationship": "Inner", "Parallel Aware": false, "Async Capable": false, "Scan Direction": "Forward", "Index Name": "idx_comments_postid", "Relation Name": "comments", "Alias": "c", "Startup Cost": 0.42, "Total Cost": 7.78, "Plan Rows": 1, "Plan Width": 4, "Actual Rows": 1, "Actual Loops": 75, "Index Cond": "(postid = p.id)", "Rows Removed by Index Recheck": 0, "Filter": "(creationdate >= '2013-08-07 03:44:59'::timestamp without time zone)", "Rows Removed by Filter": 3}]}]}]}]}, "Planning Time": 5.994, "Triggers": [], "Execution Time": 250.146}, {"Plan": {"Node Type": "Aggregate", "Strategy": "Plain", "Partial Mode": "Finalize", "Parallel Aware": false, "Async Capable": false, "Startup Cost": 20038.28, "Total Cost": 20038.29, "Plan Rows": 1, "Plan Width": 8, "Actual Rows": 1, "Actual Loops": 1, "Plans": [{"Node Type": "Gather", "Parent Relationship": "Outer", "Parallel Aware": false, "Async Capable": false, "Startup Cost": 20038.16, "Total Cost": 20038.27, "Plan Rows": 1, "Plan Width": 8, "Actual Rows": 2, "Actual Loops": 1, "Workers Planned": 1, "Workers Launched": 1, "Single Copy": false, "Plans": [{"Node Type": "Aggregate", "Strategy": "Plain", "Partial Mode": "Partial", "Parent Relationship": "Outer", "Parallel Aware": false, "Async Capable": false, "Startup Cost": 19038.16, "Total Cost": 19038.17, "Plan Rows": 1, "Plan Width": 8, "Actual Rows": 1, "Actual Loops": 2, "Workers": [], "Plans": [{"Node Type": "Hash Join", "Parent Relationship": "Outer", "Parallel Aware": false, "Async Capable": false, "Join Type": "Inner", "Startup Cost": 9017.9, "Total Cost": 19038.07, "Plan Rows": 2755.0, "Plan Width": 0, "Actual Rows": 3079, "Actual Loops": 2, "Inner Unique": true, "Hash Cond": "(c.postid = p.id)", "Workers": [], "Plans": [{"Node Type": "Hash Join", "Parent Relationship": "Outer", "Parallel Aware": true, "Async Capable": false, "Join Type": "Inner", "Startup Cost": 6106.29, "Total Cost": 15956.67, "Plan Rows": 16342.0, "Plan Width": 16, "Actual Rows": 106395, "Actual Loops": 2, "Inner Unique": false, "Hash Cond": "(c.postid = ph.postid)", "Workers": [], "Plans": [{"Node Type": "Nested Loop", "Parent Relationship": "Outer", "Parallel Aware": false, "Async Capable": false, "Join Type": "Inner", "Startup Cost": 358.04, "Total Cost": 8836.74, "Plan Rows": 11239.0, "Plan Width": 12, "Actual Rows": 17928, "Actual Loops": 2, "Inner Unique": false, "Workers": [], "Plans": [{"Node Type": "Hash Join", "Parent Relationship": "Outer", "Parallel Aware": false, "Async Capable": false, "Join Type": "Inner", "Startup Cost": 357.62, "Total Cost": 3826.17, "Plan Rows": 287.0, "Plan Width": 8, "Actual Rows": 5304, "Actual Loops": 2, "Inner Unique": false, "Hash Cond": "(c.postid = pl.postid)", "Workers": [], "Plans": [{"Node Type": "Seq Scan", "Parent Relationship": "Outer", "Parallel Aware": true, "Async Capable": false, "Relation Name": "comments", "Alias": "c", "Startup Cost": 0.0, "Total Cost": 2625.65, "Plan Rows": 41211, "Plan Width": 4, "Actual Rows": 35096, "Actual Loops": 2, "Filter": "(creationdate >= '2013-08-07 03:44:59'::timestamp without time zone)", "Rows Removed by Filter": 52057, "Workers": []}, {"Node Type": "Hash", "Parent Relationship": "Inner", "Parallel Aware": false, "Async Capable": false, "Startup Cost": 248.53, "Total Cost": 248.53, "Plan Rows": 8727, "Plan Width": 4, "Actual Rows": 8742, "Actual Loops": 2, "Hash Buckets": 16384, "Original Hash Buckets": 16384, "Hash Batches": 1, "Original Hash Batches": 1, "Peak Memory Usage": 436, "Workers": [], "Plans": [{"Node Type": "Seq Scan", "Parent Relationship": "Outer", "Parallel Aware": false, "Async Capable": false, "Relation Name": "postlinks", "Alias": "pl", "Startup Cost": 0.0, "Total Cost": 248.53, "Plan Rows": 8727, "Plan Width": 4, "Actual Rows": 8742, "Actual Loops": 2, "Filter": "((creationdate <= '2014-05-26 07:38:02'::timestamp without time zone) AND (linktypeid = 1))", "Rows Removed by Filter": 2360, "Workers": []}]}]}, {"Node Type": "Index Scan", "Parent Relationship": "Inner", "Parallel Aware": false, "Async Capable": false, "Scan Direction": "Forward", "Index Name": "idx_votes_postid", "Relation Name": "votes", "Alias": "v", "Startup Cost": 0.42, "Total Cost": 0.67, "Plan Rows": 4, "Plan Width": 4, "Actual Rows": 3, "Actual Loops": 10609, "Index Cond": "(postid = c.postid)", "Rows Removed by Index Recheck": 0, "Filter": "(creationdate <= '2014-02-12 18:32:31'::timestamp without time zone)", "Rows Removed by Filter": 2, "Workers": []}]}, {"Node Type": "Hash", "Parent Relationship": "Inner", "Parallel Aware": true, "Async Capable": false, "Startup Cost": 4469.32, "Total Cost": 4469.32, "Plan Rows": 102315, "Plan Width": 4, "Actual Rows": 86867, "Actual Loops": 2, "Hash Buckets": 262144, "Original Hash Buckets": 262144, "Hash Batches": 1, "Original Hash Batches": 1, "Peak Memory Usage": 8896, "Workers": [], "Plans": [{"Node Type": "Seq Scan", "Parent Relationship": "Outer", "Parallel Aware": true, "Async Capable": false, "Relation Name": "posthistory", "Alias": "ph", "Startup Cost": 0.0, "Total Cost": 4469.32, "Plan Rows": 102315, "Plan Width": 4, "Actual Rows": 86867, "Actual Loops": 2, "Filter": "(creationdate >= '2013-02-08 14:14:48'::timestamp without time zone)", "Rows Removed by Filter": 64726, "Workers": []}]}]}, {"Node Type": "Hash", "Parent Relationship": "Inner", "Parallel Aware": false, "Async Capable": false, "Startup Cost": 2909.46, "Total Cost": 2909.46, "Plan Rows": 172, "Plan Width": 4, "Actual Rows": 75, "Actual Loops": 2, "Hash Buckets": 1024, "Original Hash Buckets": 1024, "Hash Batches": 1, "Original Hash Batches": 1, "Peak Memory Usage": 11, "Workers": [], "Plans": [{"Node Type": "Seq Scan", "Parent Relationship": "Outer", "Parallel Aware": false, "Async Capable": false, "Relation Name": "posts", "Alias": "p", "Startup Cost": 0.0, "Total Cost": 2909.46, "Plan Rows": 172, "Plan Width": 4, "Actual Rows": 75, "Actual Loops": 2, "Filter": "((score <= 85) AND (favoritecount >= 13) AND (favoritecount <= 196) AND (creationdate >= '2012-01-19 05:11:21'::timestamp without time zone) AND (creationdate <= '2014-02-26 06:44:04'::timestamp without time zone))", "Rows Removed by Filter": 91901, "Workers": []}]}]}]}]}]}, "Planning Time": 13.042, "Triggers": [], "Execution Time": 161.447}]