[{"Plan": {"Node Type": "Aggregate", "Strategy": "Plain", "Partial Mode": "Simple", "Parallel Aware": false, "Async Capable": false, "Startup Cost": 905.53, "Total Cost": 905.54, "Plan Rows": 1, "Plan Width": 8, "Actual Rows": 1, "Actual Loops": 1, "Plans": [{"Node Type": "Nested Loop", "Parent Relationship": "Outer", "Parallel Aware": false, "Async Capable": false, "Join Type": "Inner", "Startup Cost": 0.59, "Total Cost": 905.46, "Plan Rows": 4.0, "Plan Width": 0, "Actual Rows": 208901, "Actual Loops": 1, "Inner Unique": false, "Join Filter": "(c.userid = u.id)", "Rows Removed by Join Filter": 0, "Plans": [{"Node Type": "Nested Loop", "Parent Relationship": "Outer", "Parallel Aware": false, "Async Capable": false, "Join Type": "Inner", "Startup Cost": 0.29, "Total Cost": 902.49, "Plan Rows": 74.0, "Plan Width": 8, "Actual Rows": 358, "Actual Loops": 1, "Inner Unique": false, "Plans": [{"Node Type": "Seq Scan", "Parent Relationship": "Outer", "Parallel Aware": false, "Async Capable": false, "Relation Name": "users", "Alias": "u", "Startup Cost": 0.0, "Total Cost": 801.06, "Plan Rows": 8, "Plan Width": 4, "Actual Rows": 7, "Actual Loops": 1, "Filter": "(upvotes >= 4366)", "Rows Removed by Filter": 40318}, {"Node Type": "Index Scan", "Parent Relationship": "Inner", "Parallel Aware": false, "Async Capable": false, "Scan Direction": "Forward", "Index Name": "idx_badges_userid", "Relation Name": "badges", "Alias": "b", "Startup Cost": 0.29, "Total Cost": 12.67, "Plan Rows": 1, "Plan Width": 4, "Actual Rows": 51, "Actual Loops": 7, "Index Cond": "(userid = u.id)", "Rows Removed by Index Recheck": 0, "Filter": "((date >= '2011-12-16 12:14:54'::timestamp without time zone) AND (date <= '2012-11-27 19:02:15'::timestamp without time zone))", "Rows Removed by Filter": 158}]}, {"Node Type": "Index Scan", "Parent Relationship": "Inner", "Parallel Aware": false, "Async Capable": false, "Scan Direction": "Forward", "Index Name": "idx_comments_userid", "Relation Name": "comments", "Alias": "c", "Startup Cost": 0.29, "Total Cost": 0.98, "Plan Rows": 1, "Plan Width": 4, "Actual Rows": 584, "Actual Loops": 358, "Index Cond": "(userid = b.userid)", "Rows Removed by Index Recheck": 0, "Filter": "((creationdate >= '2011-06-16 13:16:30'::timestamp without time zone) AND (score = 2))", "Rows Removed by Filter": 6044}]}]}, "Planning Time": 0.918, "Triggers": [], "Execution Time": 333.731}, {"Plan": {"Node Type": "Aggregate", "Strategy": "Plain", "Partial Mode": "Simple", "Parallel Aware": false, "Async Capable": false, "Startup Cost": 905.53, "Total Cost": 905.54, "Plan Rows": 1, "Plan Width": 8, "Actual Rows": 1, "Actual Loops": 1, "Plans": [{"Node Type": "Nested Loop", "Parent Relationship": "Outer", "Parallel Aware": false, "Async Capable": false, "Join Type": "Inner", "Startup Cost": 0.59, "Total Cost": 905.46, "Plan Rows": 4.0, "Plan Width": 0, "Actual Rows": 208901, "Actual Loops": 1, "Inner Unique": false, "Join Filter": "(c.userid = u.id)", "Rows Removed by Join Filter": 0, "Plans": [{"Node Type": "Nested Loop", "Parent Relationship": "Outer", "Parallel Aware": false, "Async Capable": false, "Join Type": "Inner", "Startup Cost": 0.29, "Total Cost": 902.49, "Plan Rows": 74.0, "Plan Width": 8, "Actual Rows": 358, "Actual Loops": 1, "Inner Unique": false, "Plans": [{"Node Type": "Seq Scan", "Parent Relationship": "Outer", "Parallel Aware": false, "Async Capable": false, "Relation Name": "users", "Alias": "u", "Startup Cost": 0.0, "Total Cost": 801.06, "Plan Rows": 8, "Plan Width": 4, "Actual Rows": 7, "Actual Loops": 1, "Filter": "(upvotes >= 4366)", "Rows Removed by Filter": 40318}, {"Node Type": "Index Scan", "Parent Relationship": "Inner", "Parallel Aware": false, "Async Capable": false, "Scan Direction": "Forward", "Index Name": "idx_badges_userid", "Relation Name": "badges", "Alias": "b", "Startup Cost": 0.29, "Total Cost": 12.67, "Plan Rows": 1, "Plan Width": 4, "Actual Rows": 51, "Actual Loops": 7, "Index Cond": "(userid = u.id)", "Rows Removed by Index Recheck": 0, "Filter": "((date >= '2011-12-16 12:14:54'::timestamp without time zone) AND (date <= '2012-11-27 19:02:15'::timestamp without time zone))", "Rows Removed by Filter": 158}]}, {"Node Type": "Index Scan", "Parent Relationship": "Inner", "Parallel Aware": false, "Async Capable": false, "Scan Direction": "Forward", "Index Name": "idx_comments_userid", "Relation Name": "comments", "Alias": "c", "Startup Cost": 0.29, "Total Cost": 0.98, "Plan Rows": 1, "Plan Width": 4, "Actual Rows": 584, "Actual Loops": 358, "Index Cond": "(userid = b.userid)", "Rows Removed by Index Recheck": 0, "Filter": "((creationdate >= '2011-06-16 13:16:30'::timestamp without time zone) AND (score = 2))", "Rows Removed by Filter": 6044}]}]}, "Planning Time": 0.838, "Triggers": [], "Execution Time": 332.383}, {"Plan": {"Node Type": "Aggregate", "Strategy": "Plain", "Partial Mode": "Simple", "Parallel Aware": false, "Async Capable": false, "Startup Cost": 1158.4, "Total Cost": 1158.41, "Plan Rows": 1, "Plan Width": 8, "Actual Rows": 1, "Actual Loops": 1, "Plans": [{"Node Type": "Nested Loop", "Parent Relationship": "Outer", "Parallel Aware": false, "Async Capable": false, "Join Type": "Inner", "Startup Cost": 0.59, "Total Cost": 1158.34, "Plan Rows": 4.0, "Plan Width": 0, "Actual Rows": 208901, "Actual Loops": 1, "Inner Unique": false, "Plans": [{"Node Type": "Nested Loop", "Parent Relationship": "Outer", "Parallel Aware": false, "Async Capable": false, "Join Type": "Inner", "Startup Cost": 0.29, "Total Cost": 1157.67, "Plan Rows": 2.0, "Plan Width": 8, "Actual Rows": 2432, "Actual Loops": 1, "Inner Unique": false, "Plans": [{"Node Type": "Seq Scan", "Parent Relationship": "Outer", "Parallel Aware": false, "Async Capable": false, "Relation Name": "users", "Alias": "u", "Startup Cost": 0.0, "Total Cost": 801.06, "Plan Rows": 8, "Plan Width": 4, "Actual Rows": 7, "Actual Loops": 1, "Filter": "(upvotes >= 4366)", "Rows Removed by Filter": 40318}, {"Node Type": "Index Scan", "Parent Relationship": "Inner", "Parallel Aware": false, "Async Capable": false, "Scan Direction": "Forward", "Index Name": "idx_comments_userid", "Relation Name": "comments", "Alias": "c", "Startup Cost": 0.29, "Total Cost": 44.57, "Plan Rows": 1, "Plan Width": 4, "Actual Rows": 347, "Actual Loops": 7, "Index Cond": "(userid = u.id)", "Rows Removed by Index Recheck": 0, "Filter": "((creationdate >= '2011-06-16 13:16:30'::timestamp without time zone) AND (score = 2))", "Rows Removed by Filter": 3914}]}, {"Node Type": "Index Scan", "Parent Relationship": "Inner", "Parallel Aware": false, "Async Capable": false, "Scan Direction": "Forward", "Index Name": "idx_badges_userid", "Relation Name": "badges", "Alias": "b", "Startup Cost": 0.29, "Total Cost": 0.66, "Plan Rows": 1, "Plan Width": 4, "Actual Rows": 86, "Actual Loops": 2432, "Index Cond": "(userid = c.userid)", "Rows Removed by Index Recheck": 0, "Filter": "((date >= '2011-12-16 12:14:54'::timestamp without time zone) AND (date <= '2012-11-27 19:02:15'::timestamp without time zone))", "Rows Removed by Filter": 279}]}]}, "Planning Time": 0.849, "Triggers": [], "Execution Time": 162.9}, {"Plan": {"Node Type": "Aggregate", "Strategy": "Plain", "Partial Mode": "Finalize", "Parallel Aware": false, "Async Capable": false, "Startup Cost": 7852.01, "Total Cost": 7852.02, "Plan Rows": 1, "Plan Width": 8, "Actual Rows": 1, "Actual Loops": 1, "Plans": [{"Node Type": "Gather", "Parent Relationship": "Outer", "Parallel Aware": false, "Async Capable": false, "Startup Cost": 7851.9, "Total Cost": 7852.01, "Plan Rows": 1, "Plan Width": 8, "Actual Rows": 2, "Actual Loops": 1, "Workers Planned": 1, "Workers Launched": 1, "Single Copy": false, "Plans": [{"Node Type": "Aggregate", "Strategy": "Plain", "Partial Mode": "Partial", "Parent Relationship": "Outer", "Parallel Aware": false, "Async Capable": false, "Startup Cost": 6851.9, "Total Cost": 6851.91, "Plan Rows": 1, "Plan Width": 8, "Actual Rows": 1, "Actual Loops": 2, "Workers": [], "Plans": [{"Node Type": "Hash Join", "Parent Relationship": "Outer", "Parallel Aware": false, "Async Capable": false, "Join Type": "Inner", "Startup Cost": 801.46, "Total Cost": 6851.86, "Plan Rows": 4.0, "Plan Width": 0, "Actual Rows": 104450, "Actual Loops": 2, "Inner Unique": true, "Hash Cond": "(c.userid = u.id)", "Workers": [], "Plans": [{"Node Type": "Nested Loop", "Parent Relationship": "Outer", "Parallel Aware": false, "Async Capable": false, "Join Type": "Inner", "Startup Cost": 0.29, "Total Cost": 5848.52, "Plan Rows": 423.0, "Plan Width": 8, "Actual Rows": 146842, "Actual Loops": 2, "Inner Unique": false, "Workers": [], "Plans": [{"Node Type": "Seq Scan", "Parent Relationship": "Outer", "Parallel Aware": true, "Async Capable": false, "Relation Name": "comments", "Alias": "c", "Startup Cost": 0.0, "Total Cost": 2881.99, "Plan Rows": 4418, "Plan Width": 4, "Actual Rows": 3672, "Actual Loops": 2, "Filter": "((creationdate >= '2011-06-16 13:16:30'::timestamp without time zone) AND (score = 2))", "Rows Removed by Filter": 83480, "Workers": []}, {"Node Type": "Index Scan", "Parent Relationship": "Inner", "Parallel Aware": false, "Async Capable": false, "Scan Direction": "Forward", "Index Name": "idx_badges_userid", "Relation Name": "badges", "Alias": "b", "Startup Cost": 0.29, "Total Cost": 0.66, "Plan Rows": 1, "Plan Width": 4, "Actual Rows": 40, "Actual Loops": 7344, "Index Cond": "(userid = c.userid)", "Rows Removed by Index Recheck": 0, "Filter": "((date >= '2011-12-16 12:14:54'::timestamp without time zone) AND (date <= '2012-11-27 19:02:15'::timestamp without time zone))", "Rows Removed by Filter": 120, "Workers": []}]}, {"Node Type": "Hash", "Parent Relationship": "Inner", "Parallel Aware": false, "Async Capable": false, "Startup Cost": 801.06, "Total Cost": 801.06, "Plan Rows": 8, "Plan Width": 4, "Actual Rows": 7, "Actual Loops": 2, "Hash Buckets": 1024, "Original Hash Buckets": 1024, "Hash Batches": 1, "Original Hash Batches": 1, "Peak Memory Usage": 9, "Workers": [], "Plans": [{"Node Type": "Seq Scan", "Parent Relationship": "Outer", "Parallel Aware": false, "Async Capable": false, "Relation Name": "users", "Alias": "u", "Startup Cost": 0.0, "Total Cost": 801.06, "Plan Rows": 8, "Plan Width": 4, "Actual Rows": 7, "Actual Loops": 2, "Filter": "(upvotes >= 4366)", "Rows Removed by Filter": 40318, "Workers": []}]}]}]}]}]}, "Planning Time": 2.323, "Triggers": [], "Execution Time": 222.597}, {"Plan": {"Node Type": "Aggregate", "Strategy": "Plain", "Partial Mode": "Finalize", "Parallel Aware": false, "Async Capable": false, "Startup Cost": 4695.57, "Total Cost": 4695.58, "Plan Rows": 1, "Plan Width": 8, "Actual Rows": 1, "Actual Loops": 1, "Plans": [{"Node Type": "Gather", "Parent Relationship": "Outer", "Parallel Aware": false, "Async Capable": false, "Startup Cost": 4695.45, "Total Cost": 4695.56, "Plan Rows": 1, "Plan Width": 8, "Actual Rows": 2, "Actual Loops": 1, "Workers Planned": 1, "Workers Launched": 1, "Single Copy": false, "Plans": [{"Node Type": "Aggregate", "Strategy": "Plain", "Partial Mode": "Partial", "Parent Relationship": "Outer", "Parallel Aware": false, "Async Capable": false, "Startup Cost": 3695.45, "Total Cost": 3695.46, "Plan Rows": 1, "Plan Width": 8, "Actual Rows": 1, "Actual Loops": 2, "Workers": [], "Plans": [{"Node Type": "Nested Loop", "Parent Relationship": "Outer", "Parallel Aware": false, "Async Capable": false, "Join Type": "Inner", "Startup Cost": 801.46, "Total Cost": 3695.42, "Plan Rows": 4.0, "Plan Width": 0, "Actual Rows": 104450, "Actual Loops": 2, "Inner Unique": false, "Workers": [], "Plans": [{"Node Type": "Hash Join", "Parent Relationship": "Outer", "Parallel Aware": false, "Async Capable": false, "Join Type": "Inner", "Startup Cost": 801.16, "Total Cost": 3694.75, "Plan Rows": 2.0, "Plan Width": 8, "Actual Rows": 1216, "Actual Loops": 2, "Inner Unique": true, "Hash Cond": "(c.userid = u.id)", "Workers": [], "Plans": [{"Node Type": "Seq Scan", "Parent Relationship": "Outer", "Parallel Aware": true, "Async Capable": false, "Relation Name": "comments", "Alias": "c", "Startup Cost": 0.0, "Total Cost": 2881.99, "Plan Rows": 4418, "Plan Width": 4, "Actual Rows": 3672, "Actual Loops": 2, "Filter": "((creationdate >= '2011-06-16 13:16:30'::timestamp without time zone) AND (score = 2))", "Rows Removed by Filter": 83480, "Workers": []}, {"Node Type": "Hash", "Parent Relationship": "Inner", "Parallel Aware": false, "Async Capable": false, "Startup Cost": 801.06, "Total Cost": 801.06, "Plan Rows": 8, "Plan Width": 4, "Actual Rows": 7, "Actual Loops": 2, "Hash Buckets": 1024, "Original Hash Buckets": 1024, "Hash Batches": 1, "Original Hash Batches": 1, "Peak Memory Usage": 9, "Workers": [], "Plans": [{"Node Type": "Seq Scan", "Parent Relationship": "Outer", "Parallel Aware": false, "Async Capable": false, "Relation Name": "users", "Alias": "u", "Startup Cost": 0.0, "Total Cost": 801.06, "Plan Rows": 8, "Plan Width": 4, "Actual Rows": 7, "Actual Loops": 2, "Filter": "(upvotes >= 4366)", "Rows Removed by Filter": 40318, "Workers": []}]}]}, {"Node Type": "Index Scan", "Parent Relationship": "Inner", "Parallel Aware": false, "Async Capable": false, "Scan Direction": "Forward", "Index Name": "idx_badges_userid", "Relation Name": "badges", "Alias": "b", "Startup Cost": 0.29, "Total Cost": 0.66, "Plan Rows": 1, "Plan Width": 4, "Actual Rows": 86, "Actual Loops": 2432, "Index Cond": "(userid = c.userid)", "Rows Removed by Index Recheck": 0, "Filter": "((date >= '2011-12-16 12:14:54'::timestamp without time zone) AND (date <= '2012-11-27 19:02:15'::timestamp without time zone))", "Rows Removed by Filter": 279, "Workers": []}]}]}]}]}, "Planning Time": 0.993, "Triggers": [], "Execution Time": 134.231}, {"Plan": {"Node Type": "Aggregate", "Strategy": "Plain", "Partial Mode": "Simple", "Parallel Aware": false, "Async Capable": false, "Startup Cost": 2846.16, "Total Cost": 2846.17, "Plan Rows": 1, "Plan Width": 8, "Actual Rows": 1, "Actual Loops": 1, "Plans": [{"Node Type": "Hash Join", "Parent Relationship": "Outer", "Parallel Aware": false, "Async Capable": false, "Join Type": "Inner", "Startup Cost": 1157.68, "Total Cost": 2846.1, "Plan Rows": 4.0, "Plan Width": 0, "Actual Rows": 208901, "Actual Loops": 1, "Inner Unique": false, "Hash Cond": "(b.userid = c.userid)", "Plans": [{"Node Type": "Seq Scan", "Parent Relationship": "Outer", "Parallel Aware": false, "Async Capable": false, "Relation Name": "badges", "Alias": "b", "Startup Cost": 0.0, "Total Cost": 1629.76, "Plan Rows": 15595, "Plan Width": 4, "Actual Rows": 15581, "Actual Loops": 1, "Filter": "((date >= '2011-12-16 12:14:54'::timestamp without time zone) AND (date <= '2012-11-27 19:02:15'::timestamp without time zone))", "Rows Removed by Filter": 64270}, {"Node Type": "Hash", "Parent Relationship": "Inner", "Parallel Aware": false, "Async Capable": false, "Startup Cost": 1157.67, "Total Cost": 1157.67, "Plan Rows": 2.0, "Plan Width": 8, "Actual Rows": 2432, "Actual Loops": 1, "Hash Buckets": 4096, "Original Hash Buckets": 1024, "Hash Batches": 1, "Original Hash Batches": 1, "Peak Memory Usage": 127, "Plans": [{"Node Type": "Nested Loop", "Parent Relationship": "Outer", "Parallel Aware": false, "Async Capable": false, "Join Type": "Inner", "Startup Cost": 0.29, "Total Cost": 1157.67, "Plan Rows": 2.0, "Plan Width": 8, "Actual Rows": 2432, "Actual Loops": 1, "Inner Unique": false, "Plans": [{"Node Type": "Seq Scan", "Parent Relationship": "Outer", "Parallel Aware": false, "Async Capable": false, "Relation Name": "users", "Alias": "u", "Startup Cost": 0.0, "Total Cost": 801.06, "Plan Rows": 8, "Plan Width": 4, "Actual Rows": 7, "Actual Loops": 1, "Filter": "(upvotes >= 4366)", "Rows Removed by Filter": 40318}, {"Node Type": "Index Scan", "Parent Relationship": "Inner", "Parallel Aware": false, "Async Capable": false, "Scan Direction": "Forward", "Index Name": "idx_comments_userid", "Relation Name": "comments", "Alias": "c", "Startup Cost": 0.29, "Total Cost": 44.57, "Plan Rows": 1, "Plan Width": 4, "Actual Rows": 347, "Actual Loops": 7, "Index Cond": "(userid = u.id)", "Rows Removed by Index Recheck": 0, "Filter": "((creationdate >= '2011-06-16 13:16:30'::timestamp without time zone) AND (score = 2))", "Rows Removed by Filter": 3914}]}]}]}]}, "Planning Time": 1.257, "Triggers": [], "Execution Time": 39.159}, {"Plan": {"Node Type": "Aggregate", "Strategy": "Plain", "Partial Mode": "Finalize", "Parallel Aware": false, "Async Capable": false, "Startup Cost": 4801.24, "Total Cost": 4801.25, "Plan Rows": 1, "Plan Width": 8, "Actual Rows": 1, "Actual Loops": 1, "Plans": [{"Node Type": "Gather", "Parent Relationship": "Outer", "Parallel Aware": false, "Async Capable": false, "Startup Cost": 4801.12, "Total Cost": 4801.23, "Plan Rows": 1, "Plan Width": 8, "Actual Rows": 2, "Actual Loops": 1, "Workers Planned": 1, "Workers Launched": 1, "Single Copy": false, "Plans": [{"Node Type": "Aggregate", "Strategy": "Plain", "Partial Mode": "Partial", "Parent Relationship": "Outer", "Parallel Aware": false, "Async Capable": false, "Startup Cost": 3801.12, "Total Cost": 3801.13, "Plan Rows": 1, "Plan Width": 8, "Actual Rows": 1, "Actual Loops": 2, "Workers": [], "Plans": [{"Node Type": "Hash Join", "Parent Relationship": "Outer", "Parallel Aware": false, "Async Capable": false, "Join Type": "Inner", "Startup Cost": 902.52, "Total Cost": 3801.09, "Plan Rows": 4.0, "Plan Width": 0, "Actual Rows": 104450, "Actual Loops": 2, "Inner Unique": false, "Hash Cond": "(c.userid = u.id)", "Workers": [], "Plans": [{"Node Type": "Seq Scan", "Parent Relationship": "Outer", "Parallel Aware": true, "Async Capable": false, "Relation Name": "comments", "Alias": "c", "Startup Cost": 0.0, "Total Cost": 2881.99, "Plan Rows": 4418, "Plan Width": 4, "Actual Rows": 3672, "Actual Loops": 2, "Filter": "((creationdate >= '2011-06-16 13:16:30'::timestamp without time zone) AND (score = 2))", "Rows Removed by Filter": 83480, "Workers": []}, {"Node Type": "Hash", "Parent Relationship": "Inner", "Parallel Aware": false, "Async Capable": false, "Startup Cost": 902.49, "Total Cost": 902.49, "Plan Rows": 74.0, "Plan Width": 8, "Actual Rows": 358, "Actual Loops": 2, "Hash Buckets": 1024, "Original Hash Buckets": 1024, "Hash Batches": 1, "Original Hash Batches": 1, "Peak Memory Usage": 22, "Workers": [], "Plans": [{"Node Type": "Nested Loop", "Parent Relationship": "Outer", "Parallel Aware": false, "Async Capable": false, "Join Type": "Inner", "Startup Cost": 0.29, "Total Cost": 902.49, "Plan Rows": 74.0, "Plan Width": 8, "Actual Rows": 358, "Actual Loops": 2, "Inner Unique": false, "Workers": [], "Plans": [{"Node Type": "Seq Scan", "Parent Relationship": "Outer", "Parallel Aware": false, "Async Capable": false, "Relation Name": "users", "Alias": "u", "Startup Cost": 0.0, "Total Cost": 801.06, "Plan Rows": 8, "Plan Width": 4, "Actual Rows": 7, "Actual Loops": 2, "Filter": "(upvotes >= 4366)", "Rows Removed by Filter": 40318, "Workers": []}, {"Node Type": "Index Scan", "Parent Relationship": "Inner", "Parallel Aware": false, "Async Capable": false, "Scan Direction": "Forward", "Index Name": "idx_badges_userid", "Relation Name": "badges", "Alias": "b", "Startup Cost": 0.29, "Total Cost": 12.67, "Plan Rows": 1, "Plan Width": 4, "Actual Rows": 51, "Actual Loops": 14, "Index Cond": "(userid = u.id)", "Rows Removed by Index Recheck": 0, "Filter": "((date >= '2011-12-16 12:14:54'::timestamp without time zone) AND (date <= '2012-11-27 19:02:15'::timestamp without time zone))", "Rows Removed by Filter": 158, "Workers": []}]}]}]}]}]}]}, "Planning Time": 1.155, "Triggers": [], "Execution Time": 31.734}, {"Plan": {"Node Type": "Aggregate", "Strategy": "Plain", "Partial Mode": "Simple", "Parallel Aware": false, "Async Capable": false, "Startup Cost": 11227.64, "Total Cost": 11227.65, "Plan Rows": 1, "Plan Width": 8, "Actual Rows": 1, "Actual Loops": 1, "Plans": [{"Node Type": "Merge Join", "Parent Relationship": "Outer", "Parallel Aware": false, "Async Capable": false, "Join Type": "Inner", "Startup Cost": 7158.19, "Total Cost": 11227.58, "Plan Rows": 4.0, "Plan Width": 0, "Actual Rows": 208901, "Actual Loops": 1, "Inner Unique": false, "Merge Cond": "(u.id = c.userid)", "Plans": [{"Node Type": "Index Scan", "Parent Relationship": "Outer", "Parallel Aware": false, "Async Capable": false, "Scan Direction": "Forward", "Index Name": "users_pkey", "Relation Name": "users", "Alias": "u", "Startup Cost": 0.29, "Total Cost": 1457.98, "Plan Rows": 8, "Plan Width": 4, "Actual Rows": 7, "Actual Loops": 1, "Filter": "(upvotes >= 4366)", "Rows Removed by Filter": 15174}, {"Node Type": "Materialize", "Parent Relationship": "Inner", "Parallel Aware": false, "Async Capable": false, "Startup Cost": 7157.9, "Total Cost": 9485.93, "Plan Rows": 423.0, "Plan Width": 8, "Actual Rows": 293684, "Actual Loops": 1, "Plans": [{"Node Type": "Merge Join", "Parent Relationship": "Outer", "Parallel Aware": false, "Async Capable": false, "Join Type": "Inner", "Startup Cost": 7157.9, "Total Cost": 9158.62, "Plan Rows": 423.0, "Plan Width": 8, "Actual Rows": 293684, "Actual Loops": 1, "Inner Unique": false, "Merge Cond": "(c.userid = b.userid)", "Plans": [{"Node Type": "Sort", "Parent Relationship": "Outer", "Parallel Aware": false, "Async Capable": false, "Startup Cost": 4442.02, "Total Cost": 4460.79, "Plan Rows": 7510, "Plan Width": 4, "Actual Rows": 6052, "Actual Loops": 1, "Sort Key": ["c.userid"], "Sort Method": "quicksort", "Sort Space Used": 193, "Sort Space Type": "Memory", "Plans": [{"Node Type": "Seq Scan", "Parent Relationship": "Outer", "Parallel Aware": false, "Async Capable": false, "Relation Name": "comments", "Alias": "c", "Startup Cost": 0.0, "Total Cost": 3958.57, "Plan Rows": 7510, "Plan Width": 4, "Actual Rows": 7344, "Actual Loops": 1, "Filter": "((creationdate >= '2011-06-16 13:16:30'::timestamp without time zone) AND (score = 2))", "Rows Removed by Filter": 166961}]}, {"Node Type": "Sort", "Parent Relationship": "Inner", "Parallel Aware": false, "Async Capable": false, "Startup Cost": 2715.86, "Total Cost": 2754.85, "Plan Rows": 15595, "Plan Width": 4, "Actual Rows": 305161, "Actual Loops": 1, "Sort Key": ["b.userid"], "Sort Method": "quicksort", "Sort Space Used": 385, "Sort Space Type": "Memory", "Plans": [{"Node Type": "Seq Scan", "Parent Relationship": "Outer", "Parallel Aware": false, "Async Capable": false, "Relation Name": "badges", "Alias": "b", "Startup Cost": 0.0, "Total Cost": 1629.76, "Plan Rows": 15595, "Plan Width": 4, "Actual Rows": 15581, "Actual Loops": 1, "Filter": "((date >= '2011-12-16 12:14:54'::timestamp without time zone) AND (date <= '2012-11-27 19:02:15'::timestamp without time zone))", "Rows Removed by Filter": 64270}]}]}]}]}]}, "Planning Time": 1.485, "Triggers": [], "Execution Time": 108.64}]