[{"Plan": {"Node Type": "Aggregate", "Strategy": "Plain", "Partial Mode": "Simple", "Parallel Aware": false, "Async Capable": false, "Startup Cost": 980.14, "Total Cost": 980.15, "Plan Rows": 1, "Plan Width": 8, "Actual Rows": 1, "Actual Loops": 1, "Plans": [{"Node Type": "Nested Loop", "Parent Relationship": "Outer", "Parallel Aware": false, "Async Capable": false, "Join Type": "Inner", "Startup Cost": 0.71, "Total Cost": 980.09, "Plan Rows": 3.0, "Plan Width": 0, "Actual Rows": 3116, "Actual Loops": 1, "Inner Unique": false, "Plans": [{"Node Type": "Nested Loop", "Parent Relationship": "Outer", "Parallel Aware": false, "Async Capable": false, "Join Type": "Inner", "Startup Cost": 0.29, "Total Cost": 976.09, "Plan Rows": 2.0, "Plan Width": 4, "Actual Rows": 1203, "Actual Loops": 1, "Inner Unique": false, "Plans": [{"Node Type": "Seq Scan", "Parent Relationship": "Outer", "Parallel Aware": false, "Async Capable": false, "Relation Name": "users", "Alias": "u", "Startup Cost": 0.0, "Total Cost": 901.88, "Plan Rows": 5, "Plan Width": 4, "Actual Rows": 4, "Actual Loops": 1, "Filter": "((upvotes >= 3640) AND (upvotes <= 7080))", "Rows Removed by Filter": 40321}, {"Node Type": "Index Scan", "Parent Relationship": "Inner", "Parallel Aware": false, "Async Capable": false, "Scan Direction": "Forward", "Index Name": "idx_posts_owneruserid", "Relation Name": "posts", "Alias": "p", "Startup Cost": 0.29, "Total Cost": 14.82, "Plan Rows": 2, "Plan Width": 8, "Actual Rows": 301, "Actual Loops": 4, "Index Cond": "(owneruserid = u.id)", "Rows Removed by Index Recheck": 0, "Filter": "((creationdate >= '2010-09-21 02:40:30'::timestamp without time zone) AND (creationdate <= '2013-09-18 07:19:10'::timestamp without time zone))", "Rows Removed by Filter": 292}]}, {"Node Type": "Index Only Scan", "Parent Relationship": "Inner", "Parallel Aware": false, "Async Capable": false, "Scan Direction": "Forward", "Index Name": "idx_posthistory_postid", "Relation Name": "posthistory", "Alias": "ph", "Startup Cost": 0.42, "Total Cost": 0.53, "Plan Rows": 4, "Plan Width": 4, "Actual Rows": 3, "Actual Loops": 1203, "Index Cond": "(postid = p.id)", "Rows Removed by Index Recheck": 0, "Heap Fetches": 0}]}]}, "Planning Time": 0.318, "Triggers": [], "Execution Time": 5.302}, {"Plan": {"Node Type": "Aggregate", "Strategy": "Plain", "Partial Mode": "Finalize", "Parallel Aware": false, "Async Capable": false, "Startup Cost": 9571.56, "Total Cost": 9571.57, "Plan Rows": 1, "Plan Width": 8, "Actual Rows": 1, "Actual Loops": 1, "Plans": [{"Node Type": "Gather", "Parent Relationship": "Outer", "Parallel Aware": false, "Async Capable": false, "Startup Cost": 9571.45, "Total Cost": 9571.56, "Plan Rows": 1, "Plan Width": 8, "Actual Rows": 2, "Actual Loops": 1, "Workers Planned": 1, "Workers Launched": 1, "Single Copy": false, "Plans": [{"Node Type": "Aggregate", "Strategy": "Plain", "Partial Mode": "Partial", "Parent Relationship": "Outer", "Parallel Aware": false, "Async Capable": false, "Startup Cost": 8571.45, "Total Cost": 8571.46, "Plan Rows": 1, "Plan Width": 8, "Actual Rows": 1, "Actual Loops": 2, "Workers": [], "Plans": [{"Node Type": "Hash Join", "Parent Relationship": "Outer", "Parallel Aware": false, "Async Capable": false, "Join Type": "Inner", "Startup Cost": 3802.49, "Total Cost": 8571.42, "Plan Rows": 3.0, "Plan Width": 0, "Actual Rows": 1558, "Actual Loops": 2, "Inner Unique": true, "Hash Cond": "(p.owneruserid = u.id)", "Workers": [], "Plans": [{"Node Type": "Hash Join", "Parent Relationship": "Outer", "Parallel Aware": false, "Async Capable": false, "Join Type": "Inner", "Startup Cost": 2900.55, "Total Cost": 7392.18, "Plan Rows": 648.0, "Plan Width": 4, "Actual Rows": 90642, "Actual Loops": 2, "Inner Unique": true, "Hash Cond": "(ph.postid = p.id)", "Workers": [], "Plans": [{"Node Type": "Seq Scan", "Parent Relationship": "Outer", "Parallel Aware": true, "Async Capable": false, "Relation Name": "posthistory", "Alias": "ph", "Startup Cost": 0.0, "Total Cost": 4023.45, "Plan Rows": 178345, "Plan Width": 4, "Actual Rows": 151594, "Actual Loops": 2, "Workers": []}, {"Node Type": "Hash", "Parent Relationship": "Inner", "Parallel Aware": false, "Async Capable": false, "Startup Cost": 2219.64, "Total Cost": 2219.64, "Plan Rows": 54473, "Plan Width": 8, "Actual Rows": 54474, "Actual Loops": 2, "Hash Buckets": 65536, "Original Hash Buckets": 65536, "Hash Batches": 1, "Original Hash Batches": 1, "Peak Memory Usage": 2637, "Workers": [], "Plans": [{"Node Type": "Seq Scan", "Parent Relationship": "Outer", "Parallel Aware": false, "Async Capable": false, "Relation Name": "posts", "Alias": "p", "Startup Cost": 0.0, "Total Cost": 2219.64, "Plan Rows": 54473, "Plan Width": 8, "Actual Rows": 54474, "Actual Loops": 2, "Filter": "((creationdate >= '2010-09-21 02:40:30'::timestamp without time zone) AND (creationdate <= '2013-09-18 07:19:10'::timestamp without time zone))", "Rows Removed by Filter": 37502, "Workers": []}]}]}, {"Node Type": "Hash", "Parent Relationship": "Inner", "Parallel Aware": false, "Async Capable": false, "Startup Cost": 901.88, "Total Cost": 901.88, "Plan Rows": 5, "Plan Width": 4, "Actual Rows": 4, "Actual Loops": 2, "Hash Buckets": 1024, "Original Hash Buckets": 1024, "Hash Batches": 1, "Original Hash Batches": 1, "Peak Memory Usage": 9, "Workers": [], "Plans": [{"Node Type": "Seq Scan", "Parent Relationship": "Outer", "Parallel Aware": false, "Async Capable": false, "Relation Name": "users", "Alias": "u", "Startup Cost": 0.0, "Total Cost": 901.88, "Plan Rows": 5, "Plan Width": 4, "Actual Rows": 4, "Actual Loops": 2, "Filter": "((upvotes >= 3640) AND (upvotes <= 7080))", "Rows Removed by Filter": 40321, "Workers": []}]}]}]}]}]}, "Planning Time": 1.514, "Triggers": [], "Execution Time": 96.777}, {"Plan": {"Node Type": "Aggregate", "Strategy": "Plain", "Partial Mode": "Simple", "Parallel Aware": false, "Async Capable": false, "Startup Cost": 980.14, "Total Cost": 980.15, "Plan Rows": 1, "Plan Width": 8, "Actual Rows": 1, "Actual Loops": 1, "Plans": [{"Node Type": "Nested Loop", "Parent Relationship": "Outer", "Parallel Aware": false, "Async Capable": false, "Join Type": "Inner", "Startup Cost": 0.71, "Total Cost": 980.09, "Plan Rows": 3.0, "Plan Width": 0, "Actual Rows": 3116, "Actual Loops": 1, "Inner Unique": false, "Plans": [{"Node Type": "Nested Loop", "Parent Relationship": "Outer", "Parallel Aware": false, "Async Capable": false, "Join Type": "Inner", "Startup Cost": 0.29, "Total Cost": 976.09, "Plan Rows": 2.0, "Plan Width": 4, "Actual Rows": 1203, "Actual Loops": 1, "Inner Unique": false, "Plans": [{"Node Type": "Seq Scan", "Parent Relationship": "Outer", "Parallel Aware": false, "Async Capable": false, "Relation Name": "users", "Alias": "u", "Startup Cost": 0.0, "Total Cost": 901.88, "Plan Rows": 5, "Plan Width": 4, "Actual Rows": 4, "Actual Loops": 1, "Filter": "((upvotes >= 3640) AND (upvotes <= 7080))", "Rows Removed by Filter": 40321}, {"Node Type": "Index Scan", "Parent Relationship": "Inner", "Parallel Aware": false, "Async Capable": false, "Scan Direction": "Forward", "Index Name": "idx_posts_owneruserid", "Relation Name": "posts", "Alias": "p", "Startup Cost": 0.29, "Total Cost": 14.82, "Plan Rows": 2, "Plan Width": 8, "Actual Rows": 301, "Actual Loops": 4, "Index Cond": "(owneruserid = u.id)", "Rows Removed by Index Recheck": 0, "Filter": "((creationdate >= '2010-09-21 02:40:30'::timestamp without time zone) AND (creationdate <= '2013-09-18 07:19:10'::timestamp without time zone))", "Rows Removed by Filter": 292}]}, {"Node Type": "Index Only Scan", "Parent Relationship": "Inner", "Parallel Aware": false, "Async Capable": false, "Scan Direction": "Forward", "Index Name": "idx_posthistory_postid", "Relation Name": "posthistory", "Alias": "ph", "Startup Cost": 0.42, "Total Cost": 0.53, "Plan Rows": 4, "Plan Width": 4, "Actual Rows": 3, "Actual Loops": 1203, "Index Cond": "(postid = p.id)", "Rows Removed by Index Recheck": 0, "Heap Fetches": 0}]}]}, "Planning Time": 0.435, "Triggers": [], "Execution Time": 5.155}, {"Plan": {"Node Type": "Aggregate", "Strategy": "Plain", "Partial Mode": "Simple", "Parallel Aware": false, "Async Capable": false, "Startup Cost": 12151.0, "Total Cost": 12151.01, "Plan Rows": 1, "Plan Width": 8, "Actual Rows": 1, "Actual Loops": 1, "Plans": [{"Node Type": "Hash Join", "Parent Relationship": "Outer", "Parallel Aware": false, "Async Capable": false, "Join Type": "Inner", "Startup Cost": 11212.86, "Total Cost": 12150.95, "Plan Rows": 3.0, "Plan Width": 0, "Actual Rows": 3116, "Actual Loops": 1, "Inner Unique": false, "Hash Cond": "(u.id = p.owneruserid)", "Plans": [{"Node Type": "Seq Scan", "Parent Relationship": "Outer", "Parallel Aware": false, "Async Capable": false, "Relation Name": "users", "Alias": "u", "Startup Cost": 0.0, "Total Cost": 901.88, "Plan Rows": 5, "Plan Width": 4, "Actual Rows": 4, "Actual Loops": 1, "Filter": "((upvotes >= 3640) AND (upvotes <= 7080))", "Rows Removed by Filter": 40321}, {"Node Type": "Hash", "Parent Relationship": "Inner", "Parallel Aware": false, "Async Capable": false, "Startup Cost": 8968.32, "Total Cost": 8968.32, "Plan Rows": 648.0, "Plan Width": 4, "Actual Rows": 177444, "Actual Loops": 1, "Hash Buckets": 262144, "Original Hash Buckets": 262144, "Hash Batches": 1, "Original Hash Batches": 1, "Peak Memory Usage": 8287, "Plans": [{"Node Type": "Hash Join", "Parent Relationship": "Outer", "Parallel Aware": false, "Async Capable": false, "Join Type": "Inner", "Startup Cost": 2900.55, "Total Cost": 8968.32, "Plan Rows": 648.0, "Plan Width": 4, "Actual Rows": 181284, "Actual Loops": 1, "Inner Unique": true, "Hash Cond": "(ph.postid = p.id)", "Plans": [{"Node Type": "Seq Scan", "Parent Relationship": "Outer", "Parallel Aware": false, "Async Capable": false, "Relation Name": "posthistory", "Alias": "ph", "Startup Cost": 0.0, "Total Cost": 5271.87, "Plan Rows": 303187, "Plan Width": 4, "Actual Rows": 303187, "Actual Loops": 1}, {"Node Type": "Hash", "Parent Relationship": "Inner", "Parallel Aware": false, "Async Capable": false, "Startup Cost": 2219.64, "Total Cost": 2219.64, "Plan Rows": 54473, "Plan Width": 8, "Actual Rows": 54474, "Actual Loops": 1, "Hash Buckets": 65536, "Original Hash Buckets": 65536, "Hash Batches": 1, "Original Hash Batches": 1, "Peak Memory Usage": 2637, "Plans": [{"Node Type": "Seq Scan", "Parent Relationship": "Outer", "Parallel Aware": false, "Async Capable": false, "Relation Name": "posts", "Alias": "p", "Startup Cost": 0.0, "Total Cost": 2219.64, "Plan Rows": 54473, "Plan Width": 8, "Actual Rows": 54474, "Actual Loops": 1, "Filter": "((creationdate >= '2010-09-21 02:40:30'::timestamp without time zone) AND (creationdate <= '2013-09-18 07:19:10'::timestamp without time zone))", "Rows Removed by Filter": 37502}]}]}]}]}]}, "Planning Time": 1.268, "Triggers": [], "Execution Time": 154.379}, {"Plan": {"Node Type": "Aggregate", "Strategy": "Plain", "Partial Mode": "Finalize", "Parallel Aware": false, "Async Capable": false, "Startup Cost": 6668.71, "Total Cost": 6668.72, "Plan Rows": 1, "Plan Width": 8, "Actual Rows": 1, "Actual Loops": 1, "Plans": [{"Node Type": "Gather", "Parent Relationship": "Outer", "Parallel Aware": false, "Async Capable": false, "Startup Cost": 6668.59, "Total Cost": 6668.7, "Plan Rows": 1, "Plan Width": 8, "Actual Rows": 2, "Actual Loops": 1, "Workers Planned": 1, "Workers Launched": 1, "Single Copy": false, "Plans": [{"Node Type": "Aggregate", "Strategy": "Plain", "Partial Mode": "Partial", "Parent Relationship": "Outer", "Parallel Aware": false, "Async Capable": false, "Startup Cost": 5668.59, "Total Cost": 5668.6, "Plan Rows": 1, "Plan Width": 8, "Actual Rows": 1, "Actual Loops": 2, "Workers": [], "Plans": [{"Node Type": "Hash Join", "Parent Relationship": "Outer", "Parallel Aware": false, "Async Capable": false, "Join Type": "Inner", "Startup Cost": 976.17, "Total Cost": 5668.56, "Plan Rows": 3.0, "Plan Width": 0, "Actual Rows": 1558, "Actual Loops": 2, "Inner Unique": false, "Hash Cond": "(ph.postid = p.id)", "Workers": [], "Plans": [{"Node Type": "Seq Scan", "Parent Relationship": "Outer", "Parallel Aware": true, "Async Capable": false, "Relation Name": "posthistory", "Alias": "ph", "Startup Cost": 0.0, "Total Cost": 4023.45, "Plan Rows": 178345, "Plan Width": 4, "Actual Rows": 151594, "Actual Loops": 2, "Workers": []}, {"Node Type": "Hash", "Parent Relationship": "Inner", "Parallel Aware": false, "Async Capable": false, "Startup Cost": 976.09, "Total Cost": 976.09, "Plan Rows": 2.0, "Plan Width": 4, "Actual Rows": 1203, "Actual Loops": 2, "Hash Buckets": 2048, "Original Hash Buckets": 1024, "Hash Batches": 1, "Original Hash Batches": 1, "Peak Memory Usage": 59, "Workers": [], "Plans": [{"Node Type": "Nested Loop", "Parent Relationship": "Outer", "Parallel Aware": false, "Async Capable": false, "Join Type": "Inner", "Startup Cost": 0.29, "Total Cost": 976.09, "Plan Rows": 2.0, "Plan Width": 4, "Actual Rows": 1203, "Actual Loops": 2, "Inner Unique": false, "Workers": [], "Plans": [{"Node Type": "Seq Scan", "Parent Relationship": "Outer", "Parallel Aware": false, "Async Capable": false, "Relation Name": "users", "Alias": "u", "Startup Cost": 0.0, "Total Cost": 901.88, "Plan Rows": 5, "Plan Width": 4, "Actual Rows": 4, "Actual Loops": 2, "Filter": "((upvotes >= 3640) AND (upvotes <= 7080))", "Rows Removed by Filter": 40321, "Workers": []}, {"Node Type": "Index Scan", "Parent Relationship": "Inner", "Parallel Aware": false, "Async Capable": false, "Scan Direction": "Forward", "Index Name": "idx_posts_owneruserid", "Relation Name": "posts", "Alias": "p", "Startup Cost": 0.29, "Total Cost": 14.82, "Plan Rows": 2, "Plan Width": 8, "Actual Rows": 301, "Actual Loops": 8, "Index Cond": "(owneruserid = u.id)", "Rows Removed by Index Recheck": 0, "Filter": "((creationdate >= '2010-09-21 02:40:30'::timestamp without time zone) AND (creationdate <= '2013-09-18 07:19:10'::timestamp without time zone))", "Rows Removed by Filter": 292, "Workers": []}]}]}]}]}]}]}, "Planning Time": 1.237, "Triggers": [], "Execution Time": 47.985}]