[{"Plan": {"Node Type": "Aggregate", "Strategy": "Plain", "Partial Mode": "Simple", "Parallel Aware": false, "Async Capable": false, "Startup Cost": 1967.29, "Total Cost": 1967.3, "Plan Rows": 1, "Plan Width": 8, "Actual Rows": 1, "Actual Loops": 1, "Plans": [{"Node Type": "Nested Loop", "Parent Relationship": "Outer", "Parallel Aware": false, "Async Capable": false, "Join Type": "Inner", "Startup Cost": 1422.63, "Total Cost": 1967.27, "Plan Rows": 215.0, "Plan Width": 0, "Actual Rows": 2870, "Actual Loops": 1, "Inner Unique": false, "Join Filter": "(p.owneruserid = u.id)", "Rows Removed by Join Filter": 0, "Plans": [{"Node Type": "Nested Loop", "Parent Relationship": "Outer", "Parallel Aware": false, "Async Capable": false, "Join Type": "Inner", "Startup Cost": 1422.34, "Total Cost": 1963.68, "Plan Rows": 1618.0, "Plan Width": 16, "Actual Rows": 410, "Actual Loops": 1, "Inner Unique": false, "Join Filter": "(c.userid = u.id)", "Rows Removed by Join Filter": 0, "Plans": [{"Node Type": "Merge Join", "Parent Relationship": "Outer", "Parallel Aware": false, "Async Capable": false, "Join Type": "Inner", "Startup Cost": 1422.04, "Total Cost": 1932.61, "Plan Rows": 15380.0, "Plan Width": 12, "Actual Rows": 5004, "Actual Loops": 1, "Inner Unique": true, "Merge Cond": "(v.userid = u.id)", "Plans": [{"Node Type": "Merge Join", "Parent Relationship": "Outer", "Parallel Aware": false, "Async Capable": false, "Join Type": "Inner", "Startup Cost": 0.71, "Total Cost": 4503.78, "Plan Rows": 221713.0, "Plan Width": 8, "Actual Rows": 21551, "Actual Loops": 1, "Inner Unique": false, "Merge Cond": "(v.userid = b.userid)", "Plans": [{"Node Type": "Index Scan", "Parent Relationship": "Outer", "Parallel Aware": false, "Async Capable": false, "Scan Direction": "Forward", "Index Name": "idx_votes_userid", "Relation Name": "votes", "Alias": "v", "Startup Cost": 0.42, "Total Cost": 12422.47, "Plan Rows": 1739, "Plan Width": 4, "Actual Rows": 889, "Actual Loops": 1, "Filter": "(bountyamount <= 339)", "Rows Removed by Filter": 26781}, {"Node Type": "Index Scan", "Parent Relationship": "Inner", "Parallel Aware": false, "Async Capable": false, "Scan Direction": "Forward", "Index Name": "idx_badges_userid", "Relation Name": "badges", "Alias": "b", "Startup Cost": 0.29, "Total Cost": 3064.97, "Plan Rows": 39449, "Plan Width": 4, "Actual Rows": 54099, "Actual Loops": 1, "Filter": "(date <= '2013-05-25 11:12:33'::timestamp without time zone)", "Rows Removed by Filter": 54109}]}, {"Node Type": "Sort", "Parent Relationship": "Inner", "Parallel Aware": false, "Async Capable": false, "Startup Cost": 1421.33, "Total Cost": 1437.83, "Plan Rows": 6599, "Plan Width": 4, "Actual Rows": 6598, "Actual Loops": 1, "Sort Key": ["u.id"], "Sort Method": "quicksort", "Sort Space Used": 193, "Sort Space Type": "Memory", "Plans": [{"Node Type": "Seq Scan", "Parent Relationship": "Outer", "Parallel Aware": false, "Async Capable": false, "Relation Name": "users", "Alias": "u", "Startup Cost": 0.0, "Total Cost": 1002.69, "Plan Rows": 6599, "Plan Width": 4, "Actual Rows": 6598, "Actual Loops": 1, "Filter": "((downvotes <= 401) AND (creationdate >= '2011-07-15 03:59:19'::timestamp without time zone) AND (creationdate <= '2012-08-09 05:42:29'::timestamp without time zone))", "Rows Removed by Filter": 33727}]}]}, {"Node Type": "Index Scan", "Parent Relationship": "Inner", "Parallel Aware": false, "Async Capable": false, "Scan Direction": "Forward", "Index Name": "idx_comments_userid", "Relation Name": "comments", "Alias": "c", "Startup Cost": 0.29, "Total Cost": 0.71, "Plan Rows": 1, "Plan Width": 4, "Actual Rows": 0, "Actual Loops": 5004, "Index Cond": "(userid = b.userid)", "Rows Removed by Index Recheck": 0, "Filter": "(score = 21)", "Rows Removed by Filter": 678}]}, {"Node Type": "Index Scan", "Parent Relationship": "Inner", "Parallel Aware": false, "Async Capable": false, "Scan Direction": "Forward", "Index Name": "idx_posts_owneruserid", "Relation Name": "posts", "Alias": "p", "Startup Cost": 0.29, "Total Cost": 0.5, "Plan Rows": 1, "Plan Width": 4, "Actual Rows": 7, "Actual Loops": 410, "Index Cond": "(owneruserid = b.userid)", "Rows Removed by Index Recheck": 0, "Filter": "((score >= 23) AND (score <= 145) AND (creationdate >= '2009-12-10 10:31:40'::timestamp without time zone) AND (creationdate <= '2012-12-14 05:01:22'::timestamp without time zone))", "Rows Removed by Filter": 258}]}]}, "Planning Time": 5.088, "Triggers": [], "Execution Time": 598.615}, {"Plan": {"Node Type": "Aggregate", "Strategy": "Plain", "Partial Mode": "Simple", "Parallel Aware": false, "Async Capable": false, "Startup Cost": 7578.54, "Total Cost": 7578.55, "Plan Rows": 1, "Plan Width": 8, "Actual Rows": 1, "Actual Loops": 1, "Plans": [{"Node Type": "Nested Loop", "Parent Relationship": "Outer", "Parallel Aware": false, "Async Capable": false, "Join Type": "Inner", "Startup Cost": 1422.34, "Total Cost": 7578.52, "Plan Rows": 215.0, "Plan Width": 0, "Actual Rows": 2870, "Actual Loops": 1, "Inner Unique": false, "Join Filter": "(p.owneruserid = u.id)", "Rows Removed by Join Filter": 188925, "Plans": [{"Node Type": "Nested Loop", "Parent Relationship": "Outer", "Parallel Aware": false, "Async Capable": false, "Join Type": "Inner", "Startup Cost": 0.29, "Total Cost": 4676.86, "Plan Rows": 2043.0, "Plan Width": 8, "Actual Rows": 38359, "Actual Loops": 1, "Inner Unique": false, "Plans": [{"Node Type": "Seq Scan", "Parent Relationship": "Outer", "Parallel Aware": false, "Async Capable": false, "Relation Name": "posts", "Alias": "p", "Startup Cost": 0.0, "Total Cost": 2679.52, "Plan Rows": 305, "Plan Width": 4, "Actual Rows": 633, "Actual Loops": 1, "Filter": "((score >= 23) AND (score <= 145) AND (creationdate >= '2009-12-10 10:31:40'::timestamp without time zone) AND (creationdate <= '2012-12-14 05:01:22'::timestamp without time zone))", "Rows Removed by Filter": 91343}, {"Node Type": "Index Scan", "Parent Relationship": "Inner", "Parallel Aware": false, "Async Capable": false, "Scan Direction": "Forward", "Index Name": "idx_badges_userid", "Relation Name": "badges", "Alias": "b", "Startup Cost": 0.29, "Total Cost": 6.53, "Plan Rows": 2, "Plan Width": 4, "Actual Rows": 61, "Actual Loops": 633, "Index Cond": "(userid = p.owneruserid)", "Rows Removed by Index Recheck": 0, "Filter": "(date <= '2013-05-25 11:12:33'::timestamp without time zone)", "Rows Removed by Filter": 28}]}, {"Node Type": "Materialize", "Parent Relationship": "Inner", "Parallel Aware": false, "Async Capable": false, "Startup Cost": 1422.05, "Total Cost": 2814.64, "Plan Rows": 99.0, "Plan Width": 12, "Actual Rows": 5, "Actual Loops": 38359, "Plans": [{"Node Type": "Nested Loop", "Parent Relationship": "Outer", "Parallel Aware": false, "Async Capable": false, "Join Type": "Inner", "Startup Cost": 1422.05, "Total Cost": 2814.63, "Plan Rows": 99.0, "Plan Width": 12, "Actual Rows": 5, "Actual Loops": 1, "Inner Unique": false, "Plans": [{"Node Type": "Merge Join", "Parent Relationship": "Outer", "Parallel Aware": false, "Async Capable": false, "Join Type": "Inner", "Startup Cost": 1421.75, "Total Cost": 2769.86, "Plan Rows": 819.0, "Plan Width": 8, "Actual Rows": 322, "Actual Loops": 1, "Inner Unique": true, "Merge Cond": "(v.userid = u.id)", "Plans": [{"Node Type": "Index Scan", "Parent Relationship": "Outer", "Parallel Aware": false, "Async Capable": false, "Scan Direction": "Forward", "Index Name": "idx_votes_userid", "Relation Name": "votes", "Alias": "v", "Startup Cost": 0.42, "Total Cost": 12422.47, "Plan Rows": 1739, "Plan Width": 4, "Actual Rows": 1051, "Actual Loops": 1, "Filter": "(bountyamount <= 339)", "Rows Removed by Filter": 32338}, {"Node Type": "Sort", "Parent Relationship": "Inner", "Parallel Aware": false, "Async Capable": false, "Startup Cost": 1421.33, "Total Cost": 1437.83, "Plan Rows": 6599, "Plan Width": 4, "Actual Rows": 6598, "Actual Loops": 1, "Sort Key": ["u.id"], "Sort Method": "quicksort", "Sort Space Used": 193, "Sort Space Type": "Memory", "Plans": [{"Node Type": "Seq Scan", "Parent Relationship": "Outer", "Parallel Aware": false, "Async Capable": false, "Relation Name": "users", "Alias": "u", "Startup Cost": 0.0, "Total Cost": 1002.69, "Plan Rows": 6599, "Plan Width": 4, "Actual Rows": 6598, "Actual Loops": 1, "Filter": "((downvotes <= 401) AND (creationdate >= '2011-07-15 03:59:19'::timestamp without time zone) AND (creationdate <= '2012-08-09 05:42:29'::timestamp without time zone))", "Rows Removed by Filter": 33727}]}]}, {"Node Type": "Index Scan", "Parent Relationship": "Inner", "Parallel Aware": false, "Async Capable": false, "Scan Direction": "Forward", "Index Name": "idx_comments_userid", "Relation Name": "comments", "Alias": "c", "Startup Cost": 0.29, "Total Cost": 1.48, "Plan Rows": 1, "Plan Width": 4, "Actual Rows": 0, "Actual Loops": 322, "Index Cond": "(userid = u.id)", "Rows Removed by Index Recheck": 0, "Filter": "(score = 21)", "Rows Removed by Filter": 165}]}]}]}]}, "Planning Time": 4.639, "Triggers": [], "Execution Time": 128.183}, {"Plan": {"Node Type": "Aggregate", "Strategy": "Plain", "Partial Mode": "Simple", "Parallel Aware": false, "Async Capable": false, "Startup Cost": 4675.26, "Total Cost": 4675.27, "Plan Rows": 1, "Plan Width": 8, "Actual Rows": 1, "Actual Loops": 1, "Plans": [{"Node Type": "Nested Loop", "Parent Relationship": "Outer", "Parallel Aware": false, "Async Capable": false, "Join Type": "Inner", "Startup Cost": 1422.34, "Total Cost": 4675.24, "Plan Rows": 215.0, "Plan Width": 0, "Actual Rows": 2870, "Actual Loops": 1, "Inner Unique": false, "Join Filter": "(p.owneruserid = u.id)", "Rows Removed by Join Filter": 256660, "Plans": [{"Node Type": "Seq Scan", "Parent Relationship": "Outer", "Parallel Aware": false, "Async Capable": false, "Relation Name": "posts", "Alias": "p", "Startup Cost": 0.0, "Total Cost": 2679.52, "Plan Rows": 305, "Plan Width": 4, "Actual Rows": 633, "Actual Loops": 1, "Filter": "((score >= 23) AND (score <= 145) AND (creationdate >= '2009-12-10 10:31:40'::timestamp without time zone) AND (creationdate <= '2012-12-14 05:01:22'::timestamp without time zone))", "Rows Removed by Filter": 91343}, {"Node Type": "Materialize", "Parent Relationship": "Inner", "Parallel Aware": false, "Async Capable": false, "Startup Cost": 1422.34, "Total Cost": 1963.71, "Plan Rows": 1618.0, "Plan Width": 16, "Actual Rows": 410, "Actual Loops": 633, "Plans": [{"Node Type": "Nested Loop", "Parent Relationship": "Outer", "Parallel Aware": false, "Async Capable": false, "Join Type": "Inner", "Startup Cost": 1422.34, "Total Cost": 1963.68, "Plan Rows": 1618.0, "Plan Width": 16, "Actual Rows": 410, "Actual Loops": 1, "Inner Unique": false, "Join Filter": "(c.userid = u.id)", "Rows Removed by Join Filter": 0, "Plans": [{"Node Type": "Merge Join", "Parent Relationship": "Outer", "Parallel Aware": false, "Async Capable": false, "Join Type": "Inner", "Startup Cost": 1422.04, "Total Cost": 1932.61, "Plan Rows": 15380.0, "Plan Width": 12, "Actual Rows": 5004, "Actual Loops": 1, "Inner Unique": true, "Merge Cond": "(v.userid = u.id)", "Plans": [{"Node Type": "Merge Join", "Parent Relationship": "Outer", "Parallel Aware": false, "Async Capable": false, "Join Type": "Inner", "Startup Cost": 0.71, "Total Cost": 4503.78, "Plan Rows": 221713.0, "Plan Width": 8, "Actual Rows": 21551, "Actual Loops": 1, "Inner Unique": false, "Merge Cond": "(v.userid = b.userid)", "Plans": [{"Node Type": "Index Scan", "Parent Relationship": "Outer", "Parallel Aware": false, "Async Capable": false, "Scan Direction": "Forward", "Index Name": "idx_votes_userid", "Relation Name": "votes", "Alias": "v", "Startup Cost": 0.42, "Total Cost": 12422.47, "Plan Rows": 1739, "Plan Width": 4, "Actual Rows": 889, "Actual Loops": 1, "Filter": "(bountyamount <= 339)", "Rows Removed by Filter": 26781}, {"Node Type": "Index Scan", "Parent Relationship": "Inner", "Parallel Aware": false, "Async Capable": false, "Scan Direction": "Forward", "Index Name": "idx_badges_userid", "Relation Name": "badges", "Alias": "b", "Startup Cost": 0.29, "Total Cost": 3064.97, "Plan Rows": 39449, "Plan Width": 4, "Actual Rows": 54099, "Actual Loops": 1, "Filter": "(date <= '2013-05-25 11:12:33'::timestamp without time zone)", "Rows Removed by Filter": 54109}]}, {"Node Type": "Sort", "Parent Relationship": "Inner", "Parallel Aware": false, "Async Capable": false, "Startup Cost": 1421.33, "Total Cost": 1437.83, "Plan Rows": 6599, "Plan Width": 4, "Actual Rows": 6598, "Actual Loops": 1, "Sort Key": ["u.id"], "Sort Method": "quicksort", "Sort Space Used": 193, "Sort Space Type": "Memory", "Plans": [{"Node Type": "Seq Scan", "Parent Relationship": "Outer", "Parallel Aware": false, "Async Capable": false, "Relation Name": "users", "Alias": "u", "Startup Cost": 0.0, "Total Cost": 1002.69, "Plan Rows": 6599, "Plan Width": 4, "Actual Rows": 6598, "Actual Loops": 1, "Filter": "((downvotes <= 401) AND (creationdate >= '2011-07-15 03:59:19'::timestamp without time zone) AND (creationdate <= '2012-08-09 05:42:29'::timestamp without time zone))", "Rows Removed by Filter": 33727}]}]}, {"Node Type": "Index Scan", "Parent Relationship": "Inner", "Parallel Aware": false, "Async Capable": false, "Scan Direction": "Forward", "Index Name": "idx_comments_userid", "Relation Name": "comments", "Alias": "c", "Startup Cost": 0.29, "Total Cost": 0.71, "Plan Rows": 1, "Plan Width": 4, "Actual Rows": 0, "Actual Loops": 5004, "Index Cond": "(userid = b.userid)", "Rows Removed by Index Recheck": 0, "Filter": "(score = 21)", "Rows Removed by Filter": 678}]}]}]}]}, "Planning Time": 4.755, "Triggers": [], "Execution Time": 623.253}, {"Plan": {"Node Type": "Aggregate", "Strategy": "Plain", "Partial Mode": "Simple", "Parallel Aware": false, "Async Capable": false, "Startup Cost": 7564.03, "Total Cost": 7564.04, "Plan Rows": 1, "Plan Width": 8, "Actual Rows": 1, "Actual Loops": 1, "Plans": [{"Node Type": "Nested Loop", "Parent Relationship": "Outer", "Parallel Aware": false, "Async Capable": false, "Join Type": "Inner", "Startup Cost": 1422.34, "Total Cost": 7564.01, "Plan Rows": 215.0, "Plan Width": 0, "Actual Rows": 2870, "Actual Loops": 1, "Inner Unique": false, "Join Filter": "(p.owneruserid = u.id)", "Rows Removed by Join Filter": 188925, "Plans": [{"Node Type": "Nested Loop", "Parent Relationship": "Outer", "Parallel Aware": false, "Async Capable": false, "Join Type": "Inner", "Startup Cost": 1422.05, "Total Cost": 2814.63, "Plan Rows": 99.0, "Plan Width": 12, "Actual Rows": 5, "Actual Loops": 1, "Inner Unique": false, "Plans": [{"Node Type": "Merge Join", "Parent Relationship": "Outer", "Parallel Aware": false, "Async Capable": false, "Join Type": "Inner", "Startup Cost": 1421.75, "Total Cost": 2769.86, "Plan Rows": 819.0, "Plan Width": 8, "Actual Rows": 322, "Actual Loops": 1, "Inner Unique": true, "Merge Cond": "(v.userid = u.id)", "Plans": [{"Node Type": "Index Scan", "Parent Relationship": "Outer", "Parallel Aware": false, "Async Capable": false, "Scan Direction": "Forward", "Index Name": "idx_votes_userid", "Relation Name": "votes", "Alias": "v", "Startup Cost": 0.42, "Total Cost": 12422.47, "Plan Rows": 1739, "Plan Width": 4, "Actual Rows": 1051, "Actual Loops": 1, "Filter": "(bountyamount <= 339)", "Rows Removed by Filter": 32338}, {"Node Type": "Sort", "Parent Relationship": "Inner", "Parallel Aware": false, "Async Capable": false, "Startup Cost": 1421.33, "Total Cost": 1437.83, "Plan Rows": 6599, "Plan Width": 4, "Actual Rows": 6598, "Actual Loops": 1, "Sort Key": ["u.id"], "Sort Method": "quicksort", "Sort Space Used": 193, "Sort Space Type": "Memory", "Plans": [{"Node Type": "Seq Scan", "Parent Relationship": "Outer", "Parallel Aware": false, "Async Capable": false, "Relation Name": "users", "Alias": "u", "Startup Cost": 0.0, "Total Cost": 1002.69, "Plan Rows": 6599, "Plan Width": 4, "Actual Rows": 6598, "Actual Loops": 1, "Filter": "((downvotes <= 401) AND (creationdate >= '2011-07-15 03:59:19'::timestamp without time zone) AND (creationdate <= '2012-08-09 05:42:29'::timestamp without time zone))", "Rows Removed by Filter": 33727}]}]}, {"Node Type": "Index Scan", "Parent Relationship": "Inner", "Parallel Aware": false, "Async Capable": false, "Scan Direction": "Forward", "Index Name": "idx_comments_userid", "Relation Name": "comments", "Alias": "c", "Startup Cost": 0.29, "Total Cost": 1.48, "Plan Rows": 1, "Plan Width": 4, "Actual Rows": 0, "Actual Loops": 322, "Index Cond": "(userid = u.id)", "Rows Removed by Index Recheck": 0, "Filter": "(score = 21)", "Rows Removed by Filter": 165}]}, {"Node Type": "Nested Loop", "Parent Relationship": "Inner", "Parallel Aware": false, "Async Capable": false, "Join Type": "Inner", "Startup Cost": 0.29, "Total Cost": 4676.86, "Plan Rows": 2043.0, "Plan Width": 8, "Actual Rows": 38359, "Actual Loops": 5, "Inner Unique": false, "Plans": [{"Node Type": "Seq Scan", "Parent Relationship": "Outer", "Parallel Aware": false, "Async Capable": false, "Relation Name": "posts", "Alias": "p", "Startup Cost": 0.0, "Total Cost": 2679.52, "Plan Rows": 305, "Plan Width": 4, "Actual Rows": 633, "Actual Loops": 5, "Filter": "((score >= 23) AND (score <= 145) AND (creationdate >= '2009-12-10 10:31:40'::timestamp without time zone) AND (creationdate <= '2012-12-14 05:01:22'::timestamp without time zone))", "Rows Removed by Filter": 91343}, {"Node Type": "Index Scan", "Parent Relationship": "Inner", "Parallel Aware": false, "Async Capable": false, "Scan Direction": "Forward", "Index Name": "idx_badges_userid", "Relation Name": "badges", "Alias": "b", "Startup Cost": 0.29, "Total Cost": 6.53, "Plan Rows": 2, "Plan Width": 4, "Actual Rows": 61, "Actual Loops": 3165, "Index Cond": "(userid = p.owneruserid)", "Rows Removed by Index Recheck": 0, "Filter": "(date <= '2013-05-25 11:12:33'::timestamp without time zone)", "Rows Removed by Filter": 28}]}]}]}, "Planning Time": 4.83, "Triggers": [], "Execution Time": 198.563}, {"Plan": {"Node Type": "Aggregate", "Strategy": "Plain", "Partial Mode": "Finalize", "Parallel Aware": false, "Async Capable": false, "Startup Cost": 6245.07, "Total Cost": 6245.08, "Plan Rows": 1, "Plan Width": 8, "Actual Rows": 1, "Actual Loops": 1, "Plans": [{"Node Type": "Gather", "Parent Relationship": "Outer", "Parallel Aware": false, "Async Capable": false, "Startup Cost": 6244.96, "Total Cost": 6245.07, "Plan Rows": 1, "Plan Width": 8, "Actual Rows": 2, "Actual Loops": 1, "Workers Planned": 1, "Workers Launched": 1, "Single Copy": false, "Plans": [{"Node Type": "Aggregate", "Strategy": "Plain", "Partial Mode": "Partial", "Parent Relationship": "Outer", "Parallel Aware": false, "Async Capable": false, "Startup Cost": 5244.96, "Total Cost": 5244.97, "Plan Rows": 1, "Plan Width": 8, "Actual Rows": 1, "Actual Loops": 2, "Workers": [], "Plans": [{"Node Type": "Hash Join", "Parent Relationship": "Outer", "Parallel Aware": true, "Async Capable": false, "Join Type": "Inner", "Startup Cost": 2606.7, "Total Cost": 5244.95, "Plan Rows": 215.0, "Plan Width": 0, "Actual Rows": 1435, "Actual Loops": 2, "Inner Unique": false, "Hash Cond": "(c.userid = u.id)", "Workers": [], "Plans": [{"Node Type": "Nested Loop", "Parent Relationship": "Outer", "Parallel Aware": false, "Async Capable": false, "Join Type": "Inner", "Startup Cost": 0.29, "Total Cost": 2638.33, "Plan Rows": 1253.0, "Plan Width": 8, "Actual Rows": 188, "Actual Loops": 2, "Inner Unique": false, "Workers": [], "Plans": [{"Node Type": "Seq Scan", "Parent Relationship": "Outer", "Parallel Aware": true, "Async Capable": false, "Relation Name": "comments", "Alias": "c", "Startup Cost": 0.0, "Total Cost": 2625.65, "Plan Rows": 1, "Plan Width": 4, "Actual Rows": 2, "Actual Loops": 2, "Filter": "(score = 21)", "Rows Removed by Filter": 87151, "Workers": []}, {"Node Type": "Index Scan", "Parent Relationship": "Inner", "Parallel Aware": false, "Async Capable": false, "Scan Direction": "Forward", "Index Name": "idx_badges_userid", "Relation Name": "badges", "Alias": "b", "Startup Cost": 0.29, "Total Cost": 12.66, "Plan Rows": 2, "Plan Width": 4, "Actual Rows": 126, "Actual Loops": 3, "Index Cond": "(userid = c.userid)", "Rows Removed by Index Recheck": 0, "Filter": "(date <= '2013-05-25 11:12:33'::timestamp without time zone)", "Rows Removed by Filter": 73, "Workers": []}]}, {"Node Type": "Hash", "Parent Relationship": "Inner", "Parallel Aware": true, "Async Capable": false, "Startup Cost": 2606.36, "Total Cost": 2606.36, "Plan Rows": 170.0, "Plan Width": 12, "Actual Rows": 86, "Actual Loops": 2, "Hash Buckets": 1024, "Original Hash Buckets": 1024, "Hash Batches": 1, "Original Hash Batches": 1, "Peak Memory Usage": 72, "Workers": [], "Plans": [{"Node Type": "Nested Loop", "Parent Relationship": "Outer", "Parallel Aware": false, "Async Capable": false, "Join Type": "Inner", "Startup Cost": 1422.04, "Total Cost": 2606.36, "Plan Rows": 170.0, "Plan Width": 12, "Actual Rows": 86, "Actual Loops": 2, "Inner Unique": false, "Workers": [], "Plans": [{"Node Type": "Merge Join", "Parent Relationship": "Outer", "Parallel Aware": false, "Async Capable": false, "Join Type": "Inner", "Startup Cost": 1421.75, "Total Cost": 2588.35, "Plan Rows": 819.0, "Plan Width": 8, "Actual Rows": 161, "Actual Loops": 2, "Inner Unique": true, "Merge Cond": "(v.userid = u.id)", "Workers": [], "Plans": [{"Node Type": "Index Scan", "Parent Relationship": "Outer", "Parallel Aware": true, "Async Capable": false, "Scan Direction": "Forward", "Index Name": "idx_votes_userid", "Relation Name": "votes", "Alias": "v", "Startup Cost": 0.42, "Total Cost": 10733.91, "Plan Rows": 1023, "Plan Width": 4, "Actual Rows": 526, "Actual Loops": 2, "Filter": "(bountyamount <= 339)", "Rows Removed by Filter": 16180, "Workers": []}, {"Node Type": "Sort", "Parent Relationship": "Inner", "Parallel Aware": false, "Async Capable": false, "Startup Cost": 1421.33, "Total Cost": 1437.83, "Plan Rows": 6599, "Plan Width": 4, "Actual Rows": 6598, "Actual Loops": 2, "Sort Key": ["u.id"], "Sort Method": "quicksort", "Sort Space Used": 193, "Sort Space Type": "Memory", "Workers": [{"Worker Number": 0, "Sort Method": "quicksort", "Sort Space Used": 193, "Sort Space Type": "Memory"}], "Plans": [{"Node Type": "Seq Scan", "Parent Relationship": "Outer", "Parallel Aware": false, "Async Capable": false, "Relation Name": "users", "Alias": "u", "Startup Cost": 0.0, "Total Cost": 1002.69, "Plan Rows": 6599, "Plan Width": 4, "Actual Rows": 6598, "Actual Loops": 2, "Filter": "((downvotes <= 401) AND (creationdate >= '2011-07-15 03:59:19'::timestamp without time zone) AND (creationdate <= '2012-08-09 05:42:29'::timestamp without time zone))", "Rows Removed by Filter": 33727, "Workers": []}]}]}, {"Node Type": "Index Scan", "Parent Relationship": "Inner", "Parallel Aware": false, "Async Capable": false, "Scan Direction": "Forward", "Index Name": "idx_posts_owneruserid", "Relation Name": "posts", "Alias": "p", "Startup Cost": 0.29, "Total Cost": 0.99, "Plan Rows": 1, "Plan Width": 4, "Actual Rows": 1, "Actual Loops": 322, "Index Cond": "(owneruserid = u.id)", "Rows Removed by Index Recheck": 0, "Filter": "((score >= 23) AND (score <= 145) AND (creationdate >= '2009-12-10 10:31:40'::timestamp without time zone) AND (creationdate <= '2012-12-14 05:01:22'::timestamp without time zone))", "Rows Removed by Filter": 59, "Workers": []}]}]}]}]}]}]}, "Planning Time": 8.936, "Triggers": [], "Execution Time": 74.961}, {"Plan": {"Node Type": "Aggregate", "Strategy": "Plain", "Partial Mode": "Simple", "Parallel Aware": false, "Async Capable": false, "Startup Cost": 4019.0, "Total Cost": 4019.01, "Plan Rows": 1, "Plan Width": 8, "Actual Rows": 1, "Actual Loops": 1, "Plans": [{"Node Type": "Merge Join", "Parent Relationship": "Outer", "Parallel Aware": false, "Async Capable": false, "Join Type": "Inner", "Startup Cost": 3541.17, "Total Cost": 4018.98, "Plan Rows": 215.0, "Plan Width": 0, "Actual Rows": 2870, "Actual Loops": 1, "Inner Unique": false, "Merge Cond": "(u.id = v.userid)", "Plans": [{"Node Type": "Sort", "Parent Relationship": "Outer", "Parallel Aware": false, "Async Capable": false, "Startup Cost": 3540.46, "Total Cost": 3540.46, "Plan Rows": 2.0, "Plan Width": 12, "Actual Rows": 7, "Actual Loops": 1, "Sort Key": ["c.userid"], "Sort Method": "quicksort", "Sort Space Used": 25, "Sort Space Type": "Memory", "Plans": [{"Node Type": "Nested Loop", "Parent Relationship": "Outer", "Parallel Aware": false, "Async Capable": false, "Join Type": "Inner", "Startup Cost": 0.58, "Total Cost": 3540.45, "Plan Rows": 2.0, "Plan Width": 12, "Actual Rows": 7, "Actual Loops": 1, "Inner Unique": false, "Plans": [{"Node Type": "Nested Loop", "Parent Relationship": "Outer", "Parallel Aware": false, "Async Capable": false, "Join Type": "Inner", "Startup Cost": 0.29, "Total Cost": 3539.44, "Plan Rows": 6.0, "Plan Width": 8, "Actual Rows": 1, "Actual Loops": 1, "Inner Unique": true, "Plans": [{"Node Type": "Seq Scan", "Parent Relationship": "Outer", "Parallel Aware": false, "Async Capable": false, "Relation Name": "comments", "Alias": "c", "Startup Cost": 0.0, "Total Cost": 3522.81, "Plan Rows": 2, "Plan Width": 4, "Actual Rows": 3, "Actual Loops": 1, "Filter": "(score = 21)", "Rows Removed by Filter": 174302}, {"Node Type": "Index Scan", "Parent Relationship": "Inner", "Parallel Aware": false, "Async Capable": false, "Scan Direction": "Forward", "Index Name": "users_pkey", "Relation Name": "users", "Alias": "u", "Startup Cost": 0.29, "Total Cost": 8.31, "Plan Rows": 1, "Plan Width": 4, "Actual Rows": 0, "Actual Loops": 3, "Index Cond": "(id = c.userid)", "Rows Removed by Index Recheck": 0, "Filter": "((downvotes <= 401) AND (creationdate >= '2011-07-15 03:59:19'::timestamp without time zone) AND (creationdate <= '2012-08-09 05:42:29'::timestamp without time zone))", "Rows Removed by Filter": 1}]}, {"Node Type": "Index Scan", "Parent Relationship": "Inner", "Parallel Aware": false, "Async Capable": false, "Scan Direction": "Forward", "Index Name": "idx_posts_owneruserid", "Relation Name": "posts", "Alias": "p", "Startup Cost": 0.29, "Total Cost": 0.99, "Plan Rows": 1, "Plan Width": 4, "Actual Rows": 7, "Actual Loops": 1, "Index Cond": "(owneruserid = u.id)", "Rows Removed by Index Recheck": 0, "Filter": "((score >= 23) AND (score <= 145) AND (creationdate >= '2009-12-10 10:31:40'::timestamp without time zone) AND (creationdate <= '2012-12-14 05:01:22'::timestamp without time zone))", "Rows Removed by Filter": 258}]}]}, {"Node Type": "Materialize", "Parent Relationship": "Inner", "Parallel Aware": false, "Async Capable": false, "Startup Cost": 0.71, "Total Cost": 4510.01, "Plan Rows": 221713.0, "Plan Width": 8, "Actual Rows": 18372, "Actual Loops": 1, "Plans": [{"Node Type": "Merge Join", "Parent Relationship": "Outer", "Parallel Aware": false, "Async Capable": false, "Join Type": "Inner", "Startup Cost": 0.71, "Total Cost": 4503.78, "Plan Rows": 221713.0, "Plan Width": 8, "Actual Rows": 15912, "Actual Loops": 1, "Inner Unique": false, "Merge Cond": "(v.userid = b.userid)", "Plans": [{"Node Type": "Index Scan", "Parent Relationship": "Outer", "Parallel Aware": false, "Async Capable": false, "Scan Direction": "Forward", "Index Name": "idx_votes_userid", "Relation Name": "votes", "Alias": "v", "Startup Cost": 0.42, "Total Cost": 12422.47, "Plan Rows": 1739, "Plan Width": 4, "Actual Rows": 390, "Actual Loops": 1, "Filter": "(bountyamount <= 339)", "Rows Removed by Filter": 11979}, {"Node Type": "Index Scan", "Parent Relationship": "Inner", "Parallel Aware": false, "Async Capable": false, "Scan Direction": "Forward", "Index Name": "idx_badges_userid", "Relation Name": "badges", "Alias": "b", "Startup Cost": 0.29, "Total Cost": 3064.97, "Plan Rows": 39449, "Plan Width": 4, "Actual Rows": 28429, "Actual Loops": 1, "Filter": "(date <= '2013-05-25 11:12:33'::timestamp without time zone)", "Rows Removed by Filter": 16472}]}]}]}]}, "Planning Time": 4.38, "Triggers": [], "Execution Time": 62.469}, {"Plan": {"Node Type": "Aggregate", "Strategy": "Plain", "Partial Mode": "Finalize", "Parallel Aware": false, "Async Capable": false, "Startup Cost": 7462.75, "Total Cost": 7462.76, "Plan Rows": 1, "Plan Width": 8, "Actual Rows": 1, "Actual Loops": 1, "Plans": [{"Node Type": "Gather", "Parent Relationship": "Outer", "Parallel Aware": false, "Async Capable": false, "Startup Cost": 7462.64, "Total Cost": 7462.75, "Plan Rows": 1, "Plan Width": 8, "Actual Rows": 2, "Actual Loops": 1, "Workers Planned": 1, "Workers Launched": 1, "Single Copy": false, "Plans": [{"Node Type": "Aggregate", "Strategy": "Plain", "Partial Mode": "Partial", "Parent Relationship": "Outer", "Parallel Aware": false, "Async Capable": false, "Startup Cost": 6462.64, "Total Cost": 6462.65, "Plan Rows": 1, "Plan Width": 8, "Actual Rows": 1, "Actual Loops": 2, "Workers": [], "Plans": [{"Node Type": "Hash Join", "Parent Relationship": "Outer", "Parallel Aware": true, "Async Capable": false, "Join Type": "Inner", "Startup Cost": 5327.32, "Total Cost": 6462.63, "Plan Rows": 215.0, "Plan Width": 0, "Actual Rows": 1435, "Actual Loops": 2, "Inner Unique": false, "Hash Cond": "(p.owneruserid = u.id)", "Workers": [], "Plans": [{"Node Type": "Merge Join", "Parent Relationship": "Outer", "Parallel Aware": false, "Async Capable": false, "Join Type": "Inner", "Startup Cost": 2692.53, "Total Cost": 3827.74, "Plan Rows": 2062.0, "Plan Width": 8, "Actual Rows": 506, "Actual Loops": 2, "Inner Unique": false, "Merge Cond": "(v.userid = p.owneruserid)", "Workers": [], "Plans": [{"Node Type": "Index Scan", "Parent Relationship": "Outer", "Parallel Aware": true, "Async Capable": false, "Scan Direction": "Forward", "Index Name": "idx_votes_userid", "Relation Name": "votes", "Alias": "v", "Startup Cost": 0.42, "Total Cost": 10733.91, "Plan Rows": 1023, "Plan Width": 4, "Actual Rows": 542, "Actual Loops": 2, "Filter": "(bountyamount <= 339)", "Rows Removed by Filter": 16722, "Workers": []}, {"Node Type": "Sort", "Parent Relationship": "Inner", "Parallel Aware": false, "Async Capable": false, "Startup Cost": 2692.11, "Total Cost": 2692.87, "Plan Rows": 305, "Plan Width": 4, "Actual Rows": 982, "Actual Loops": 2, "Sort Key": ["p.owneruserid"], "Sort Method": "quicksort", "Sort Space Used": 25, "Sort Space Type": "Memory", "Workers": [{"Worker Number": 0, "Sort Method": "quicksort", "Sort Space Used": 25, "Sort Space Type": "Memory"}], "Plans": [{"Node Type": "Seq Scan", "Parent Relationship": "Outer", "Parallel Aware": false, "Async Capable": false, "Relation Name": "posts", "Alias": "p", "Startup Cost": 0.0, "Total Cost": 2679.52, "Plan Rows": 305, "Plan Width": 4, "Actual Rows": 633, "Actual Loops": 2, "Filter": "((score >= 23) AND (score <= 145) AND (creationdate >= '2009-12-10 10:31:40'::timestamp without time zone) AND (creationdate <= '2012-12-14 05:01:22'::timestamp without time zone))", "Rows Removed by Filter": 91343, "Workers": []}]}]}, {"Node Type": "Hash", "Parent Relationship": "Inner", "Parallel Aware": true, "Async Capable": false, "Startup Cost": 2634.69, "Total Cost": 2634.69, "Plan Rows": 65.0, "Plan Width": 12, "Actual Rows": 41, "Actual Loops": 2, "Hash Buckets": 1024, "Original Hash Buckets": 1024, "Hash Batches": 1, "Original Hash Batches": 1, "Peak Memory Usage": 40, "Workers": [], "Plans": [{"Node Type": "Nested Loop", "Parent Relationship": "Outer", "Parallel Aware": false, "Async Capable": false, "Join Type": "Inner", "Startup Cost": 0.58, "Total Cost": 2634.69, "Plan Rows": 65.0, "Plan Width": 12, "Actual Rows": 41, "Actual Loops": 2, "Inner Unique": false, "Workers": [], "Plans": [{"Node Type": "Nested Loop", "Parent Relationship": "Outer", "Parallel Aware": false, "Async Capable": false, "Join Type": "Inner", "Startup Cost": 0.29, "Total Cost": 2633.97, "Plan Rows": 6.0, "Plan Width": 8, "Actual Rows": 0, "Actual Loops": 2, "Inner Unique": true, "Workers": [], "Plans": [{"Node Type": "Seq Scan", "Parent Relationship": "Outer", "Parallel Aware": true, "Async Capable": false, "Relation Name": "comments", "Alias": "c", "Startup Cost": 0.0, "Total Cost": 2625.65, "Plan Rows": 1, "Plan Width": 4, "Actual Rows": 2, "Actual Loops": 2, "Filter": "(score = 21)", "Rows Removed by Filter": 87151, "Workers": []}, {"Node Type": "Index Scan", "Parent Relationship": "Inner", "Parallel Aware": false, "Async Capable": false, "Scan Direction": "Forward", "Index Name": "users_pkey", "Relation Name": "users", "Alias": "u", "Startup Cost": 0.29, "Total Cost": 8.31, "Plan Rows": 1, "Plan Width": 4, "Actual Rows": 0, "Actual Loops": 3, "Index Cond": "(id = c.userid)", "Rows Removed by Index Recheck": 0, "Filter": "((downvotes <= 401) AND (creationdate >= '2011-07-15 03:59:19'::timestamp without time zone) AND (creationdate <= '2012-08-09 05:42:29'::timestamp without time zone))", "Rows Removed by Filter": 1, "Workers": []}]}, {"Node Type": "Index Scan", "Parent Relationship": "Inner", "Parallel Aware": false, "Async Capable": false, "Scan Direction": "Forward", "Index Name": "idx_badges_userid", "Relation Name": "badges", "Alias": "b", "Startup Cost": 0.29, "Total Cost": 0.7, "Plan Rows": 2, "Plan Width": 4, "Actual Rows": 82, "Actual Loops": 1, "Index Cond": "(userid = u.id)", "Rows Removed by Index Recheck": 0, "Filter": "(date <= '2013-05-25 11:12:33'::timestamp without time zone)", "Rows Removed by Filter": 41, "Workers": []}]}]}]}]}]}]}, "Planning Time": 5.165, "Triggers": [], "Execution Time": 77.73}, {"Plan": {"Node Type": "Aggregate", "Strategy": "Plain", "Partial Mode": "Simple", "Parallel Aware": false, "Async Capable": false, "Startup Cost": 3553.27, "Total Cost": 3553.28, "Plan Rows": 1, "Plan Width": 8, "Actual Rows": 1, "Actual Loops": 1, "Plans": [{"Node Type": "Nested Loop", "Parent Relationship": "Outer", "Parallel Aware": false, "Async Capable": false, "Join Type": "Inner", "Startup Cost": 1.3, "Total Cost": 3553.25, "Plan Rows": 215.0, "Plan Width": 0, "Actual Rows": 2870, "Actual Loops": 1, "Inner Unique": false, "Join Filter": "(v.userid = u.id)", "Rows Removed by Join Filter": 0, "Plans": [{"Node Type": "Nested Loop", "Parent Relationship": "Outer", "Parallel Aware": false, "Async Capable": false, "Join Type": "Inner", "Startup Cost": 0.88, "Total Cost": 3541.16, "Plan Rows": 12.0, "Plan Width": 16, "Actual Rows": 574, "Actual Loops": 1, "Inner Unique": false, "Plans": [{"Node Type": "Nested Loop", "Parent Relationship": "Outer", "Parallel Aware": false, "Async Capable": false, "Join Type": "Inner", "Startup Cost": 0.58, "Total Cost": 3540.45, "Plan Rows": 2.0, "Plan Width": 12, "Actual Rows": 7, "Actual Loops": 1, "Inner Unique": false, "Plans": [{"Node Type": "Nested Loop", "Parent Relationship": "Outer", "Parallel Aware": false, "Async Capable": false, "Join Type": "Inner", "Startup Cost": 0.29, "Total Cost": 3539.44, "Plan Rows": 6.0, "Plan Width": 8, "Actual Rows": 1, "Actual Loops": 1, "Inner Unique": true, "Plans": [{"Node Type": "Seq Scan", "Parent Relationship": "Outer", "Parallel Aware": false, "Async Capable": false, "Relation Name": "comments", "Alias": "c", "Startup Cost": 0.0, "Total Cost": 3522.81, "Plan Rows": 2, "Plan Width": 4, "Actual Rows": 3, "Actual Loops": 1, "Filter": "(score = 21)", "Rows Removed by Filter": 174302}, {"Node Type": "Index Scan", "Parent Relationship": "Inner", "Parallel Aware": false, "Async Capable": false, "Scan Direction": "Forward", "Index Name": "users_pkey", "Relation Name": "users", "Alias": "u", "Startup Cost": 0.29, "Total Cost": 8.31, "Plan Rows": 1, "Plan Width": 4, "Actual Rows": 0, "Actual Loops": 3, "Index Cond": "(id = c.userid)", "Rows Removed by Index Recheck": 0, "Filter": "((downvotes <= 401) AND (creationdate >= '2011-07-15 03:59:19'::timestamp without time zone) AND (creationdate <= '2012-08-09 05:42:29'::timestamp without time zone))", "Rows Removed by Filter": 1}]}, {"Node Type": "Index Scan", "Parent Relationship": "Inner", "Parallel Aware": false, "Async Capable": false, "Scan Direction": "Forward", "Index Name": "idx_posts_owneruserid", "Relation Name": "posts", "Alias": "p", "Startup Cost": 0.29, "Total Cost": 0.99, "Plan Rows": 1, "Plan Width": 4, "Actual Rows": 7, "Actual Loops": 1, "Index Cond": "(owneruserid = u.id)", "Rows Removed by Index Recheck": 0, "Filter": "((score >= 23) AND (score <= 145) AND (creationdate >= '2009-12-10 10:31:40'::timestamp without time zone) AND (creationdate <= '2012-12-14 05:01:22'::timestamp without time zone))", "Rows Removed by Filter": 258}]}, {"Node Type": "Index Scan", "Parent Relationship": "Inner", "Parallel Aware": false, "Async Capable": false, "Scan Direction": "Forward", "Index Name": "idx_badges_userid", "Relation Name": "badges", "Alias": "b", "Startup Cost": 0.29, "Total Cost": 0.7, "Plan Rows": 2, "Plan Width": 4, "Actual Rows": 82, "Actual Loops": 7, "Index Cond": "(userid = u.id)", "Rows Removed by Index Recheck": 0, "Filter": "(date <= '2013-05-25 11:12:33'::timestamp without time zone)", "Rows Removed by Filter": 41}]}, {"Node Type": "Index Scan", "Parent Relationship": "Inner", "Parallel Aware": false, "Async Capable": false, "Scan Direction": "Forward", "Index Name": "idx_votes_userid", "Relation Name": "votes", "Alias": "v", "Startup Cost": 0.42, "Total Cost": 0.85, "Plan Rows": 1, "Plan Width": 4, "Actual Rows": 5, "Actual Loops": 574, "Index Cond": "(userid = b.userid)", "Rows Removed by Index Recheck": 0, "Filter": "(bountyamount <= 339)", "Rows Removed by Filter": 13}]}]}, "Planning Time": 4.259, "Triggers": [], "Execution Time": 21.02}, {"Plan": {"Node Type": "Aggregate", "Strategy": "Plain", "Partial Mode": "Simple", "Parallel Aware": false, "Async Capable": false, "Startup Cost": 6722.29, "Total Cost": 6722.3, "Plan Rows": 1, "Plan Width": 8, "Actual Rows": 1, "Actual Loops": 1, "Plans": [{"Node Type": "Nested Loop", "Parent Relationship": "Outer", "Parallel Aware": false, "Async Capable": false, "Join Type": "Inner", "Startup Cost": 2693.11, "Total Cost": 6722.28, "Plan Rows": 215.0, "Plan Width": 0, "Actual Rows": 2870, "Actual Loops": 1, "Inner Unique": false, "Join Filter": "(p.owneruserid = u.id)", "Rows Removed by Join Filter": 154930, "Plans": [{"Node Type": "Nested Loop", "Parent Relationship": "Outer", "Parallel Aware": false, "Async Capable": false, "Join Type": "Inner", "Startup Cost": 0.29, "Total Cost": 3539.44, "Plan Rows": 6.0, "Plan Width": 8, "Actual Rows": 1, "Actual Loops": 1, "Inner Unique": true, "Plans": [{"Node Type": "Seq Scan", "Parent Relationship": "Outer", "Parallel Aware": false, "Async Capable": false, "Relation Name": "comments", "Alias": "c", "Startup Cost": 0.0, "Total Cost": 3522.81, "Plan Rows": 2, "Plan Width": 4, "Actual Rows": 3, "Actual Loops": 1, "Filter": "(score = 21)", "Rows Removed by Filter": 174302}, {"Node Type": "Index Scan", "Parent Relationship": "Inner", "Parallel Aware": false, "Async Capable": false, "Scan Direction": "Forward", "Index Name": "users_pkey", "Relation Name": "users", "Alias": "u", "Startup Cost": 0.29, "Total Cost": 8.31, "Plan Rows": 1, "Plan Width": 4, "Actual Rows": 0, "Actual Loops": 3, "Index Cond": "(id = c.userid)", "Rows Removed by Index Recheck": 0, "Filter": "((downvotes <= 401) AND (creationdate >= '2011-07-15 03:59:19'::timestamp without time zone) AND (creationdate <= '2012-08-09 05:42:29'::timestamp without time zone))", "Rows Removed by Filter": 1}]}, {"Node Type": "Merge Join", "Parent Relationship": "Inner", "Parallel Aware": false, "Async Capable": false, "Join Type": "Inner", "Startup Cost": 2692.82, "Total Cost": 3172.13, "Plan Rows": 30001.0, "Plan Width": 12, "Actual Rows": 157800, "Actual Loops": 1, "Inner Unique": false, "Merge Cond": "(v.userid = p.owneruserid)", "Plans": [{"Node Type": "Merge Join", "Parent Relationship": "Outer", "Parallel Aware": false, "Async Capable": false, "Join Type": "Inner", "Startup Cost": 0.71, "Total Cost": 4503.78, "Plan Rows": 221713.0, "Plan Width": 8, "Actual Rows": 21551, "Actual Loops": 1, "Inner Unique": false, "Merge Cond": "(v.userid = b.userid)", "Plans": [{"Node Type": "Index Scan", "Parent Relationship": "Outer", "Parallel Aware": false, "Async Capable": false, "Scan Direction": "Forward", "Index Name": "idx_votes_userid", "Relation Name": "votes", "Alias": "v", "Startup Cost": 0.42, "Total Cost": 12422.47, "Plan Rows": 1739, "Plan Width": 4, "Actual Rows": 889, "Actual Loops": 1, "Filter": "(bountyamount <= 339)", "Rows Removed by Filter": 26781}, {"Node Type": "Index Scan", "Parent Relationship": "Inner", "Parallel Aware": false, "Async Capable": false, "Scan Direction": "Forward", "Index Name": "idx_badges_userid", "Relation Name": "badges", "Alias": "b", "Startup Cost": 0.29, "Total Cost": 3064.97, "Plan Rows": 39449, "Plan Width": 4, "Actual Rows": 54099, "Actual Loops": 1, "Filter": "(date <= '2013-05-25 11:12:33'::timestamp without time zone)", "Rows Removed by Filter": 54109}]}, {"Node Type": "Sort", "Parent Relationship": "Inner", "Parallel Aware": false, "Async Capable": false, "Startup Cost": 2692.11, "Total Cost": 2692.87, "Plan Rows": 305, "Plan Width": 4, "Actual Rows": 158138, "Actual Loops": 1, "Sort Key": ["p.owneruserid"], "Sort Method": "quicksort", "Sort Space Used": 25, "Sort Space Type": "Memory", "Plans": [{"Node Type": "Seq Scan", "Parent Relationship": "Outer", "Parallel Aware": false, "Async Capable": false, "Relation Name": "posts", "Alias": "p", "Startup Cost": 0.0, "Total Cost": 2679.52, "Plan Rows": 305, "Plan Width": 4, "Actual Rows": 633, "Actual Loops": 1, "Filter": "((score >= 23) AND (score <= 145) AND (creationdate >= '2009-12-10 10:31:40'::timestamp without time zone) AND (creationdate <= '2012-12-14 05:01:22'::timestamp without time zone))", "Rows Removed by Filter": 91343}]}]}]}]}, "Planning Time": 5.075, "Triggers": [], "Execution Time": 135.155}, {"Plan": {"Node Type": "Aggregate", "Strategy": "Plain", "Partial Mode": "Simple", "Parallel Aware": false, "Async Capable": false, "Startup Cost": 4018.34, "Total Cost": 4018.35, "Plan Rows": 1, "Plan Width": 8, "Actual Rows": 1, "Actual Loops": 1, "Plans": [{"Node Type": "Merge Join", "Parent Relationship": "Outer", "Parallel Aware": false, "Async Capable": false, "Join Type": "Inner", "Startup Cost": 3541.17, "Total Cost": 4018.32, "Plan Rows": 215.0, "Plan Width": 0, "Actual Rows": 2870, "Actual Loops": 1, "Inner Unique": false, "Merge Cond": "(v.userid = u.id)", "Plans": [{"Node Type": "Merge Join", "Parent Relationship": "Outer", "Parallel Aware": false, "Async Capable": false, "Join Type": "Inner", "Startup Cost": 0.71, "Total Cost": 4503.78, "Plan Rows": 221713.0, "Plan Width": 8, "Actual Rows": 15912, "Actual Loops": 1, "Inner Unique": false, "Merge Cond": "(v.userid = b.userid)", "Plans": [{"Node Type": "Index Scan", "Parent Relationship": "Outer", "Parallel Aware": false, "Async Capable": false, "Scan Direction": "Forward", "Index Name": "idx_votes_userid", "Relation Name": "votes", "Alias": "v", "Startup Cost": 0.42, "Total Cost": 12422.47, "Plan Rows": 1739, "Plan Width": 4, "Actual Rows": 390, "Actual Loops": 1, "Filter": "(bountyamount <= 339)", "Rows Removed by Filter": 11979}, {"Node Type": "Index Scan", "Parent Relationship": "Inner", "Parallel Aware": false, "Async Capable": false, "Scan Direction": "Forward", "Index Name": "idx_badges_userid", "Relation Name": "badges", "Alias": "b", "Startup Cost": 0.29, "Total Cost": 3064.97, "Plan Rows": 39449, "Plan Width": 4, "Actual Rows": 28429, "Actual Loops": 1, "Filter": "(date <= '2013-05-25 11:12:33'::timestamp without time zone)", "Rows Removed by Filter": 16472}]}, {"Node Type": "Sort", "Parent Relationship": "Inner", "Parallel Aware": false, "Async Capable": false, "Startup Cost": 3540.46, "Total Cost": 3540.46, "Plan Rows": 2.0, "Plan Width": 12, "Actual Rows": 2461, "Actual Loops": 1, "Sort Key": ["c.userid"], "Sort Method": "quicksort", "Sort Space Used": 25, "Sort Space Type": "Memory", "Plans": [{"Node Type": "Nested Loop", "Parent Relationship": "Outer", "Parallel Aware": false, "Async Capable": false, "Join Type": "Inner", "Startup Cost": 0.58, "Total Cost": 3540.45, "Plan Rows": 2.0, "Plan Width": 12, "Actual Rows": 7, "Actual Loops": 1, "Inner Unique": false, "Plans": [{"Node Type": "Nested Loop", "Parent Relationship": "Outer", "Parallel Aware": false, "Async Capable": false, "Join Type": "Inner", "Startup Cost": 0.29, "Total Cost": 3539.44, "Plan Rows": 6.0, "Plan Width": 8, "Actual Rows": 1, "Actual Loops": 1, "Inner Unique": true, "Plans": [{"Node Type": "Seq Scan", "Parent Relationship": "Outer", "Parallel Aware": false, "Async Capable": false, "Relation Name": "comments", "Alias": "c", "Startup Cost": 0.0, "Total Cost": 3522.81, "Plan Rows": 2, "Plan Width": 4, "Actual Rows": 3, "Actual Loops": 1, "Filter": "(score = 21)", "Rows Removed by Filter": 174302}, {"Node Type": "Index Scan", "Parent Relationship": "Inner", "Parallel Aware": false, "Async Capable": false, "Scan Direction": "Forward", "Index Name": "users_pkey", "Relation Name": "users", "Alias": "u", "Startup Cost": 0.29, "Total Cost": 8.31, "Plan Rows": 1, "Plan Width": 4, "Actual Rows": 0, "Actual Loops": 3, "Index Cond": "(id = c.userid)", "Rows Removed by Index Recheck": 0, "Filter": "((downvotes <= 401) AND (creationdate >= '2011-07-15 03:59:19'::timestamp without time zone) AND (creationdate <= '2012-08-09 05:42:29'::timestamp without time zone))", "Rows Removed by Filter": 1}]}, {"Node Type": "Index Scan", "Parent Relationship": "Inner", "Parallel Aware": false, "Async Capable": false, "Scan Direction": "Forward", "Index Name": "idx_posts_owneruserid", "Relation Name": "posts", "Alias": "p", "Startup Cost": 0.29, "Total Cost": 0.99, "Plan Rows": 1, "Plan Width": 4, "Actual Rows": 7, "Actual Loops": 1, "Index Cond": "(owneruserid = u.id)", "Rows Removed by Index Recheck": 0, "Filter": "((score >= 23) AND (score <= 145) AND (creationdate >= '2009-12-10 10:31:40'::timestamp without time zone) AND (creationdate <= '2012-12-14 05:01:22'::timestamp without time zone))", "Rows Removed by Filter": 258}]}]}]}]}, "Planning Time": 4.746, "Triggers": [], "Execution Time": 53.303}, {"Plan": {"Node Type": "Aggregate", "Strategy": "Plain", "Partial Mode": "Simple", "Parallel Aware": false, "Async Capable": false, "Startup Cost": 7385.32, "Total Cost": 7385.33, "Plan Rows": 1, "Plan Width": 8, "Actual Rows": 1, "Actual Loops": 1, "Plans": [{"Node Type": "Nested Loop", "Parent Relationship": "Outer", "Parallel Aware": false, "Async Capable": false, "Join Type": "Inner", "Startup Cost": 1085.89, "Total Cost": 7385.31, "Plan Rows": 215.0, "Plan Width": 0, "Actual Rows": 2870, "Actual Loops": 1, "Inner Unique": false, "Join Filter": "(c.userid = u.id)", "Rows Removed by Join Filter": 43966, "Plans": [{"Node Type": "Nested Loop", "Parent Relationship": "Outer", "Parallel Aware": false, "Async Capable": false, "Join Type": "Inner", "Startup Cost": 0.42, "Total Cost": 3573.06, "Plan Rows": 1545.0, "Plan Width": 8, "Actual Rows": 12, "Actual Loops": 1, "Inner Unique": false, "Plans": [{"Node Type": "Seq Scan", "Parent Relationship": "Outer", "Parallel Aware": false, "Async Capable": false, "Relation Name": "comments", "Alias": "c", "Startup Cost": 0.0, "Total Cost": 3522.81, "Plan Rows": 2, "Plan Width": 4, "Actual Rows": 3, "Actual Loops": 1, "Filter": "(score = 21)", "Rows Removed by Filter": 174302}, {"Node Type": "Index Scan", "Parent Relationship": "Inner", "Parallel Aware": false, "Async Capable": false, "Scan Direction": "Forward", "Index Name": "idx_votes_userid", "Relation Name": "votes", "Alias": "v", "Startup Cost": 0.42, "Total Cost": 25.11, "Plan Rows": 1, "Plan Width": 4, "Actual Rows": 4, "Actual Loops": 3, "Index Cond": "(userid = c.userid)", "Rows Removed by Index Recheck": 0, "Filter": "(bountyamount <= 339)", "Rows Removed by Filter": 33}]}, {"Node Type": "Nested Loop", "Parent Relationship": "Inner", "Parallel Aware": false, "Async Capable": false, "Join Type": "Inner", "Startup Cost": 1085.47, "Total Cost": 3800.56, "Plan Rows": 172.0, "Plan Width": 12, "Actual Rows": 3903, "Actual Loops": 12, "Inner Unique": false, "Plans": [{"Node Type": "Hash Join", "Parent Relationship": "Outer", "Parallel Aware": false, "Async Capable": false, "Join Type": "Inner", "Startup Cost": 1085.18, "Total Cost": 3765.5, "Plan Rows": 7.0, "Plan Width": 8, "Actual Rows": 102, "Actual Loops": 12, "Inner Unique": true, "Hash Cond": "(p.owneruserid = u.id)", "Plans": [{"Node Type": "Seq Scan", "Parent Relationship": "Outer", "Parallel Aware": false, "Async Capable": false, "Relation Name": "posts", "Alias": "p", "Startup Cost": 0.0, "Total Cost": 2679.52, "Plan Rows": 305, "Plan Width": 4, "Actual Rows": 633, "Actual Loops": 12, "Filter": "((score >= 23) AND (score <= 145) AND (creationdate >= '2009-12-10 10:31:40'::timestamp without time zone) AND (creationdate <= '2012-12-14 05:01:22'::timestamp without time zone))", "Rows Removed by Filter": 91343}, {"Node Type": "Hash", "Parent Relationship": "Inner", "Parallel Aware": false, "Async Capable": false, "Startup Cost": 1002.69, "Total Cost": 1002.69, "Plan Rows": 6599, "Plan Width": 4, "Actual Rows": 6598, "Actual Loops": 1, "Hash Buckets": 8192, "Original Hash Buckets": 8192, "Hash Batches": 1, "Original Hash Batches": 1, "Peak Memory Usage": 296, "Plans": [{"Node Type": "Seq Scan", "Parent Relationship": "Outer", "Parallel Aware": false, "Async Capable": false, "Relation Name": "users", "Alias": "u", "Startup Cost": 0.0, "Total Cost": 1002.69, "Plan Rows": 6599, "Plan Width": 4, "Actual Rows": 6598, "Actual Loops": 1, "Filter": "((downvotes <= 401) AND (creationdate >= '2011-07-15 03:59:19'::timestamp without time zone) AND (creationdate <= '2012-08-09 05:42:29'::timestamp without time zone))", "Rows Removed by Filter": 33727}]}]}, {"Node Type": "Index Scan", "Parent Relationship": "Inner", "Parallel Aware": false, "Async Capable": false, "Scan Direction": "Forward", "Index Name": "idx_badges_userid", "Relation Name": "badges", "Alias": "b", "Startup Cost": 0.29, "Total Cost": 0.7, "Plan Rows": 2, "Plan Width": 4, "Actual Rows": 38, "Actual Loops": 1224, "Index Cond": "(userid = u.id)", "Rows Removed by Index Recheck": 0, "Filter": "(date <= '2013-05-25 11:12:33'::timestamp without time zone)", "Rows Removed by Filter": 26}]}]}]}, "Planning Time": 4.985, "Triggers": [], "Execution Time": 114.935}, {"Plan": {"Node Type": "Aggregate", "Strategy": "Plain", "Partial Mode": "Simple", "Parallel Aware": false, "Async Capable": false, "Startup Cost": 2054.42, "Total Cost": 2054.43, "Plan Rows": 1, "Plan Width": 8, "Actual Rows": 1, "Actual Loops": 1, "Plans": [{"Node Type": "Nested Loop", "Parent Relationship": "Outer", "Parallel Aware": false, "Async Capable": false, "Join Type": "Inner", "Startup Cost": 1422.63, "Total Cost": 2054.4, "Plan Rows": 215.0, "Plan Width": 0, "Actual Rows": 2870, "Actual Loops": 1, "Inner Unique": false, "Join Filter": "(c.userid = u.id)", "Rows Removed by Join Filter": 0, "Plans": [{"Node Type": "Nested Loop", "Parent Relationship": "Outer", "Parallel Aware": false, "Async Capable": false, "Join Type": "Inner", "Startup Cost": 1422.34, "Total Cost": 1954.68, "Plan Rows": 2155.0, "Plan Width": 16, "Actual Rows": 13049, "Actual Loops": 1, "Inner Unique": false, "Join Filter": "(p.owneruserid = u.id)", "Rows Removed by Join Filter": 0, "Plans": [{"Node Type": "Merge Join", "Parent Relationship": "Outer", "Parallel Aware": false, "Async Capable": false, "Join Type": "Inner", "Startup Cost": 1422.04, "Total Cost": 1932.61, "Plan Rows": 15380.0, "Plan Width": 12, "Actual Rows": 5004, "Actual Loops": 1, "Inner Unique": true, "Merge Cond": "(v.userid = u.id)", "Plans": [{"Node Type": "Merge Join", "Parent Relationship": "Outer", "Parallel Aware": false, "Async Capable": false, "Join Type": "Inner", "Startup Cost": 0.71, "Total Cost": 4503.78, "Plan Rows": 221713.0, "Plan Width": 8, "Actual Rows": 21551, "Actual Loops": 1, "Inner Unique": false, "Merge Cond": "(v.userid = b.userid)", "Plans": [{"Node Type": "Index Scan", "Parent Relationship": "Outer", "Parallel Aware": false, "Async Capable": false, "Scan Direction": "Forward", "Index Name": "idx_votes_userid", "Relation Name": "votes", "Alias": "v", "Startup Cost": 0.42, "Total Cost": 12422.47, "Plan Rows": 1739, "Plan Width": 4, "Actual Rows": 889, "Actual Loops": 1, "Filter": "(bountyamount <= 339)", "Rows Removed by Filter": 26781}, {"Node Type": "Index Scan", "Parent Relationship": "Inner", "Parallel Aware": false, "Async Capable": false, "Scan Direction": "Forward", "Index Name": "idx_badges_userid", "Relation Name": "badges", "Alias": "b", "Startup Cost": 0.29, "Total Cost": 3064.97, "Plan Rows": 39449, "Plan Width": 4, "Actual Rows": 54099, "Actual Loops": 1, "Filter": "(date <= '2013-05-25 11:12:33'::timestamp without time zone)", "Rows Removed by Filter": 54109}]}, {"Node Type": "Sort", "Parent Relationship": "Inner", "Parallel Aware": false, "Async Capable": false, "Startup Cost": 1421.33, "Total Cost": 1437.83, "Plan Rows": 6599, "Plan Width": 4, "Actual Rows": 6598, "Actual Loops": 1, "Sort Key": ["u.id"], "Sort Method": "quicksort", "Sort Space Used": 193, "Sort Space Type": "Memory", "Plans": [{"Node Type": "Seq Scan", "Parent Relationship": "Outer", "Parallel Aware": false, "Async Capable": false, "Relation Name": "users", "Alias": "u", "Startup Cost": 0.0, "Total Cost": 1002.69, "Plan Rows": 6599, "Plan Width": 4, "Actual Rows": 6598, "Actual Loops": 1, "Filter": "((downvotes <= 401) AND (creationdate >= '2011-07-15 03:59:19'::timestamp without time zone) AND (creationdate <= '2012-08-09 05:42:29'::timestamp without time zone))", "Rows Removed by Filter": 33727}]}]}, {"Node Type": "Index Scan", "Parent Relationship": "Inner", "Parallel Aware": false, "Async Capable": false, "Scan Direction": "Forward", "Index Name": "idx_posts_owneruserid", "Relation Name": "posts", "Alias": "p", "Startup Cost": 0.29, "Total Cost": 0.5, "Plan Rows": 1, "Plan Width": 4, "Actual Rows": 3, "Actual Loops": 5004, "Index Cond": "(owneruserid = b.userid)", "Rows Removed by Index Recheck": 0, "Filter": "((score >= 23) AND (score <= 145) AND (creationdate >= '2009-12-10 10:31:40'::timestamp without time zone) AND (creationdate <= '2012-12-14 05:01:22'::timestamp without time zone))", "Rows Removed by Filter": 182}]}, {"Node Type": "Index Scan", "Parent Relationship": "Inner", "Parallel Aware": false, "Async Capable": false, "Scan Direction": "Forward", "Index Name": "idx_comments_userid", "Relation Name": "comments", "Alias": "c", "Startup Cost": 0.29, "Total Cost": 0.71, "Plan Rows": 1, "Plan Width": 4, "Actual Rows": 0, "Actual Loops": 13049, "Index Cond": "(userid = b.userid)", "Rows Removed by Index Recheck": 0, "Filter": "(score = 21)", "Rows Removed by Filter": 2433}]}]}, "Planning Time": 4.941, "Triggers": [], "Execution Time": 4873.713}, {"Plan": {"Node Type": "Aggregate", "Strategy": "Plain", "Partial Mode": "Simple", "Parallel Aware": false, "Async Capable": false, "Startup Cost": 4388.43, "Total Cost": 4388.44, "Plan Rows": 1, "Plan Width": 8, "Actual Rows": 1, "Actual Loops": 1, "Plans": [{"Node Type": "Hash Join", "Parent Relationship": "Outer", "Parallel Aware": false, "Async Capable": false, "Join Type": "Inner", "Startup Cost": 2810.33, "Total Cost": 4388.41, "Plan Rows": 215.0, "Plan Width": 0, "Actual Rows": 2870, "Actual Loops": 1, "Inner Unique": false, "Hash Cond": "(b.userid = u.id)", "Plans": [{"Node Type": "Seq Scan", "Parent Relationship": "Outer", "Parallel Aware": false, "Async Capable": false, "Relation Name": "badges", "Alias": "b", "Startup Cost": 0.0, "Total Cost": 1430.14, "Plan Rows": 39449, "Plan Width": 4, "Actual Rows": 39455, "Actual Loops": 1, "Filter": "(date <= '2013-05-25 11:12:33'::timestamp without time zone)", "Rows Removed by Filter": 40396}, {"Node Type": "Hash", "Parent Relationship": "Inner", "Parallel Aware": false, "Async Capable": false, "Startup Cost": 2810.32, "Total Cost": 2810.32, "Plan Rows": 16.0, "Plan Width": 16, "Actual Rows": 35, "Actual Loops": 1, "Hash Buckets": 1024, "Original Hash Buckets": 1024, "Hash Batches": 1, "Original Hash Batches": 1, "Peak Memory Usage": 10, "Plans": [{"Node Type": "Nested Loop", "Parent Relationship": "Outer", "Parallel Aware": false, "Async Capable": false, "Join Type": "Inner", "Startup Cost": 1422.34, "Total Cost": 2810.32, "Plan Rows": 16.0, "Plan Width": 16, "Actual Rows": 35, "Actual Loops": 1, "Inner Unique": false, "Plans": [{"Node Type": "Nested Loop", "Parent Relationship": "Outer", "Parallel Aware": false, "Async Capable": false, "Join Type": "Inner", "Startup Cost": 1422.04, "Total Cost": 2799.87, "Plan Rows": 170.0, "Plan Width": 12, "Actual Rows": 172, "Actual Loops": 1, "Inner Unique": false, "Plans": [{"Node Type": "Merge Join", "Parent Relationship": "Outer", "Parallel Aware": false, "Async Capable": false, "Join Type": "Inner", "Startup Cost": 1421.75, "Total Cost": 2769.86, "Plan Rows": 819.0, "Plan Width": 8, "Actual Rows": 322, "Actual Loops": 1, "Inner Unique": true, "Merge Cond": "(v.userid = u.id)", "Plans": [{"Node Type": "Index Scan", "Parent Relationship": "Outer", "Parallel Aware": false, "Async Capable": false, "Scan Direction": "Forward", "Index Name": "idx_votes_userid", "Relation Name": "votes", "Alias": "v", "Startup Cost": 0.42, "Total Cost": 12422.47, "Plan Rows": 1739, "Plan Width": 4, "Actual Rows": 1051, "Actual Loops": 1, "Filter": "(bountyamount <= 339)", "Rows Removed by Filter": 32338}, {"Node Type": "Sort", "Parent Relationship": "Inner", "Parallel Aware": false, "Async Capable": false, "Startup Cost": 1421.33, "Total Cost": 1437.83, "Plan Rows": 6599, "Plan Width": 4, "Actual Rows": 6598, "Actual Loops": 1, "Sort Key": ["u.id"], "Sort Method": "quicksort", "Sort Space Used": 193, "Sort Space Type": "Memory", "Plans": [{"Node Type": "Seq Scan", "Parent Relationship": "Outer", "Parallel Aware": false, "Async Capable": false, "Relation Name": "users", "Alias": "u", "Startup Cost": 0.0, "Total Cost": 1002.69, "Plan Rows": 6599, "Plan Width": 4, "Actual Rows": 6598, "Actual Loops": 1, "Filter": "((downvotes <= 401) AND (creationdate >= '2011-07-15 03:59:19'::timestamp without time zone) AND (creationdate <= '2012-08-09 05:42:29'::timestamp without time zone))", "Rows Removed by Filter": 33727}]}]}, {"Node Type": "Index Scan", "Parent Relationship": "Inner", "Parallel Aware": false, "Async Capable": false, "Scan Direction": "Forward", "Index Name": "idx_posts_owneruserid", "Relation Name": "posts", "Alias": "p", "Startup Cost": 0.29, "Total Cost": 0.99, "Plan Rows": 1, "Plan Width": 4, "Actual Rows": 1, "Actual Loops": 322, "Index Cond": "(owneruserid = u.id)", "Rows Removed by Index Recheck": 0, "Filter": "((score >= 23) AND (score <= 145) AND (creationdate >= '2009-12-10 10:31:40'::timestamp without time zone) AND (creationdate <= '2012-12-14 05:01:22'::timestamp without time zone))", "Rows Removed by Filter": 59}]}, {"Node Type": "Index Scan", "Parent Relationship": "Inner", "Parallel Aware": false, "Async Capable": false, "Scan Direction": "Forward", "Index Name": "idx_comments_userid", "Relation Name": "comments", "Alias": "c", "Startup Cost": 0.29, "Total Cost": 1.48, "Plan Rows": 1, "Plan Width": 4, "Actual Rows": 0, "Actual Loops": 172, "Index Cond": "(userid = u.id)", "Rows Removed by Index Recheck": 0, "Filter": "(score = 21)", "Rows Removed by Filter": 1585}]}]}]}]}, "Planning Time": 4.626, "Triggers": [], "Execution Time": 111.995}, {"Plan": {"Node Type": "Aggregate", "Strategy": "Plain", "Partial Mode": "Simple", "Parallel Aware": false, "Async Capable": false, "Startup Cost": 5486.43, "Total Cost": 5486.44, "Plan Rows": 1, "Plan Width": 8, "Actual Rows": 1, "Actual Loops": 1, "Plans": [{"Node Type": "Nested Loop", "Parent Relationship": "Outer", "Parallel Aware": false, "Async Capable": false, "Join Type": "Inner", "Startup Cost": 1422.34, "Total Cost": 5486.42, "Plan Rows": 215.0, "Plan Width": 0, "Actual Rows": 2870, "Actual Loops": 1, "Inner Unique": false, "Join Filter": "(c.userid = u.id)", "Rows Removed by Join Filter": 207298, "Plans": [{"Node Type": "Merge Join", "Parent Relationship": "Outer", "Parallel Aware": false, "Async Capable": false, "Join Type": "Inner", "Startup Cost": 1422.04, "Total Cost": 1932.61, "Plan Rows": 15380.0, "Plan Width": 12, "Actual Rows": 5004, "Actual Loops": 1, "Inner Unique": true, "Merge Cond": "(v.userid = u.id)", "Plans": [{"Node Type": "Merge Join", "Parent Relationship": "Outer", "Parallel Aware": false, "Async Capable": false, "Join Type": "Inner", "Startup Cost": 0.71, "Total Cost": 4503.78, "Plan Rows": 221713.0, "Plan Width": 8, "Actual Rows": 21551, "Actual Loops": 1, "Inner Unique": false, "Merge Cond": "(v.userid = b.userid)", "Plans": [{"Node Type": "Index Scan", "Parent Relationship": "Outer", "Parallel Aware": false, "Async Capable": false, "Scan Direction": "Forward", "Index Name": "idx_votes_userid", "Relation Name": "votes", "Alias": "v", "Startup Cost": 0.42, "Total Cost": 12422.47, "Plan Rows": 1739, "Plan Width": 4, "Actual Rows": 889, "Actual Loops": 1, "Filter": "(bountyamount <= 339)", "Rows Removed by Filter": 26781}, {"Node Type": "Index Scan", "Parent Relationship": "Inner", "Parallel Aware": false, "Async Capable": false, "Scan Direction": "Forward", "Index Name": "idx_badges_userid", "Relation Name": "badges", "Alias": "b", "Startup Cost": 0.29, "Total Cost": 3064.97, "Plan Rows": 39449, "Plan Width": 4, "Actual Rows": 54099, "Actual Loops": 1, "Filter": "(date <= '2013-05-25 11:12:33'::timestamp without time zone)", "Rows Removed by Filter": 54109}]}, {"Node Type": "Sort", "Parent Relationship": "Inner", "Parallel Aware": false, "Async Capable": false, "Startup Cost": 1421.33, "Total Cost": 1437.83, "Plan Rows": 6599, "Plan Width": 4, "Actual Rows": 6598, "Actual Loops": 1, "Sort Key": ["u.id"], "Sort Method": "quicksort", "Sort Space Used": 193, "Sort Space Type": "Memory", "Plans": [{"Node Type": "Seq Scan", "Parent Relationship": "Outer", "Parallel Aware": false, "Async Capable": false, "Relation Name": "users", "Alias": "u", "Startup Cost": 0.0, "Total Cost": 1002.69, "Plan Rows": 6599, "Plan Width": 4, "Actual Rows": 6598, "Actual Loops": 1, "Filter": "((downvotes <= 401) AND (creationdate >= '2011-07-15 03:59:19'::timestamp without time zone) AND (creationdate <= '2012-08-09 05:42:29'::timestamp without time zone))", "Rows Removed by Filter": 33727}]}]}, {"Node Type": "Materialize", "Parent Relationship": "Inner", "Parallel Aware": false, "Async Capable": false, "Startup Cost": 0.29, "Total Cost": 3552.53, "Plan Rows": 9.0, "Plan Width": 8, "Actual Rows": 42, "Actual Loops": 5004, "Plans": [{"Node Type": "Nested Loop", "Parent Relationship": "Outer", "Parallel Aware": false, "Async Capable": false, "Join Type": "Inner", "Startup Cost": 0.29, "Total Cost": 3552.52, "Plan Rows": 9.0, "Plan Width": 8, "Actual Rows": 42, "Actual Loops": 1, "Inner Unique": false, "Plans": [{"Node Type": "Seq Scan", "Parent Relationship": "Outer", "Parallel Aware": false, "Async Capable": false, "Relation Name": "comments", "Alias": "c", "Startup Cost": 0.0, "Total Cost": 3522.81, "Plan Rows": 2, "Plan Width": 4, "Actual Rows": 3, "Actual Loops": 1, "Filter": "(score = 21)", "Rows Removed by Filter": 174302}, {"Node Type": "Index Scan", "Parent Relationship": "Inner", "Parallel Aware": false, "Async Capable": false, "Scan Direction": "Forward", "Index Name": "idx_posts_owneruserid", "Relation Name": "posts", "Alias": "p", "Startup Cost": 0.29, "Total Cost": 14.84, "Plan Rows": 1, "Plan Width": 4, "Actual Rows": 14, "Actual Loops": 3, "Index Cond": "(owneruserid = c.userid)", "Rows Removed by Index Recheck": 0, "Filter": "((score >= 23) AND (score <= 145) AND (creationdate >= '2009-12-10 10:31:40'::timestamp without time zone) AND (creationdate <= '2012-12-14 05:01:22'::timestamp without time zone))", "Rows Removed by Filter": 484}]}]}]}]}, "Planning Time": 5.04, "Triggers": [], "Execution Time": 119.973}, {"Plan": {"Node Type": "Aggregate", "Strategy": "Plain", "Partial Mode": "Simple", "Parallel Aware": false, "Async Capable": false, "Startup Cost": 2811.05, "Total Cost": 2811.06, "Plan Rows": 1, "Plan Width": 8, "Actual Rows": 1, "Actual Loops": 1, "Plans": [{"Node Type": "Nested Loop", "Parent Relationship": "Outer", "Parallel Aware": false, "Async Capable": false, "Join Type": "Inner", "Startup Cost": 1422.63, "Total Cost": 2811.03, "Plan Rows": 215.0, "Plan Width": 0, "Actual Rows": 2870, "Actual Loops": 1, "Inner Unique": false, "Plans": [{"Node Type": "Nested Loop", "Parent Relationship": "Outer", "Parallel Aware": false, "Async Capable": false, "Join Type": "Inner", "Startup Cost": 1422.34, "Total Cost": 2810.32, "Plan Rows": 16.0, "Plan Width": 16, "Actual Rows": 35, "Actual Loops": 1, "Inner Unique": false, "Plans": [{"Node Type": "Nested Loop", "Parent Relationship": "Outer", "Parallel Aware": false, "Async Capable": false, "Join Type": "Inner", "Startup Cost": 1422.04, "Total Cost": 2799.87, "Plan Rows": 170.0, "Plan Width": 12, "Actual Rows": 172, "Actual Loops": 1, "Inner Unique": false, "Plans": [{"Node Type": "Merge Join", "Parent Relationship": "Outer", "Parallel Aware": false, "Async Capable": false, "Join Type": "Inner", "Startup Cost": 1421.75, "Total Cost": 2769.86, "Plan Rows": 819.0, "Plan Width": 8, "Actual Rows": 322, "Actual Loops": 1, "Inner Unique": true, "Merge Cond": "(v.userid = u.id)", "Plans": [{"Node Type": "Index Scan", "Parent Relationship": "Outer", "Parallel Aware": false, "Async Capable": false, "Scan Direction": "Forward", "Index Name": "idx_votes_userid", "Relation Name": "votes", "Alias": "v", "Startup Cost": 0.42, "Total Cost": 12422.47, "Plan Rows": 1739, "Plan Width": 4, "Actual Rows": 1051, "Actual Loops": 1, "Filter": "(bountyamount <= 339)", "Rows Removed by Filter": 32338}, {"Node Type": "Sort", "Parent Relationship": "Inner", "Parallel Aware": false, "Async Capable": false, "Startup Cost": 1421.33, "Total Cost": 1437.83, "Plan Rows": 6599, "Plan Width": 4, "Actual Rows": 6598, "Actual Loops": 1, "Sort Key": ["u.id"], "Sort Method": "quicksort", "Sort Space Used": 193, "Sort Space Type": "Memory", "Plans": [{"Node Type": "Seq Scan", "Parent Relationship": "Outer", "Parallel Aware": false, "Async Capable": false, "Relation Name": "users", "Alias": "u", "Startup Cost": 0.0, "Total Cost": 1002.69, "Plan Rows": 6599, "Plan Width": 4, "Actual Rows": 6598, "Actual Loops": 1, "Filter": "((downvotes <= 401) AND (creationdate >= '2011-07-15 03:59:19'::timestamp without time zone) AND (creationdate <= '2012-08-09 05:42:29'::timestamp without time zone))", "Rows Removed by Filter": 33727}]}]}, {"Node Type": "Index Scan", "Parent Relationship": "Inner", "Parallel Aware": false, "Async Capable": false, "Scan Direction": "Forward", "Index Name": "idx_posts_owneruserid", "Relation Name": "posts", "Alias": "p", "Startup Cost": 0.29, "Total Cost": 0.99, "Plan Rows": 1, "Plan Width": 4, "Actual Rows": 1, "Actual Loops": 322, "Index Cond": "(owneruserid = u.id)", "Rows Removed by Index Recheck": 0, "Filter": "((score >= 23) AND (score <= 145) AND (creationdate >= '2009-12-10 10:31:40'::timestamp without time zone) AND (creationdate <= '2012-12-14 05:01:22'::timestamp without time zone))", "Rows Removed by Filter": 59}]}, {"Node Type": "Index Scan", "Parent Relationship": "Inner", "Parallel Aware": false, "Async Capable": false, "Scan Direction": "Forward", "Index Name": "idx_comments_userid", "Relation Name": "comments", "Alias": "c", "Startup Cost": 0.29, "Total Cost": 1.48, "Plan Rows": 1, "Plan Width": 4, "Actual Rows": 0, "Actual Loops": 172, "Index Cond": "(userid = u.id)", "Rows Removed by Index Recheck": 0, "Filter": "(score = 21)", "Rows Removed by Filter": 1585}]}, {"Node Type": "Index Scan", "Parent Relationship": "Inner", "Parallel Aware": false, "Async Capable": false, "Scan Direction": "Forward", "Index Name": "idx_badges_userid", "Relation Name": "badges", "Alias": "b", "Startup Cost": 0.29, "Total Cost": 0.7, "Plan Rows": 2, "Plan Width": 4, "Actual Rows": 82, "Actual Loops": 35, "Index Cond": "(userid = u.id)", "Rows Removed by Index Recheck": 0, "Filter": "(date <= '2013-05-25 11:12:33'::timestamp without time zone)", "Rows Removed by Filter": 41}]}]}, "Planning Time": 4.488, "Triggers": [], "Execution Time": 97.453}, {"Plan": {"Node Type": "Aggregate", "Strategy": "Plain", "Partial Mode": "Finalize", "Parallel Aware": false, "Async Capable": false, "Startup Cost": 6245.75, "Total Cost": 6245.76, "Plan Rows": 1, "Plan Width": 8, "Actual Rows": 1, "Actual Loops": 1, "Plans": [{"Node Type": "Gather", "Parent Relationship": "Outer", "Parallel Aware": false, "Async Capable": false, "Startup Cost": 6245.63, "Total Cost": 6245.74, "Plan Rows": 1, "Plan Width": 8, "Actual Rows": 2, "Actual Loops": 1, "Workers Planned": 1, "Workers Launched": 1, "Single Copy": false, "Plans": [{"Node Type": "Aggregate", "Strategy": "Plain", "Partial Mode": "Partial", "Parent Relationship": "Outer", "Parallel Aware": false, "Async Capable": false, "Startup Cost": 5245.63, "Total Cost": 5245.64, "Plan Rows": 1, "Plan Width": 8, "Actual Rows": 1, "Actual Loops": 2, "Workers": [], "Plans": [{"Node Type": "Hash Join", "Parent Relationship": "Outer", "Parallel Aware": true, "Async Capable": false, "Join Type": "Inner", "Startup Cost": 4061.03, "Total Cost": 5245.62, "Plan Rows": 215.0, "Plan Width": 0, "Actual Rows": 1435, "Actual Loops": 2, "Inner Unique": false, "Hash Cond": "(u.id = c.userid)", "Workers": [], "Plans": [{"Node Type": "Nested Loop", "Parent Relationship": "Outer", "Parallel Aware": false, "Async Capable": false, "Join Type": "Inner", "Startup Cost": 1422.04, "Total Cost": 2606.36, "Plan Rows": 170.0, "Plan Width": 12, "Actual Rows": 86, "Actual Loops": 2, "Inner Unique": false, "Workers": [], "Plans": [{"Node Type": "Merge Join", "Parent Relationship": "Outer", "Parallel Aware": false, "Async Capable": false, "Join Type": "Inner", "Startup Cost": 1421.75, "Total Cost": 2588.35, "Plan Rows": 819.0, "Plan Width": 8, "Actual Rows": 161, "Actual Loops": 2, "Inner Unique": true, "Merge Cond": "(v.userid = u.id)", "Workers": [], "Plans": [{"Node Type": "Index Scan", "Parent Relationship": "Outer", "Parallel Aware": true, "Async Capable": false, "Scan Direction": "Forward", "Index Name": "idx_votes_userid", "Relation Name": "votes", "Alias": "v", "Startup Cost": 0.42, "Total Cost": 10733.91, "Plan Rows": 1023, "Plan Width": 4, "Actual Rows": 526, "Actual Loops": 2, "Filter": "(bountyamount <= 339)", "Rows Removed by Filter": 16180, "Workers": []}, {"Node Type": "Sort", "Parent Relationship": "Inner", "Parallel Aware": false, "Async Capable": false, "Startup Cost": 1421.33, "Total Cost": 1437.83, "Plan Rows": 6599, "Plan Width": 4, "Actual Rows": 6598, "Actual Loops": 2, "Sort Key": ["u.id"], "Sort Method": "quicksort", "Sort Space Used": 193, "Sort Space Type": "Memory", "Workers": [{"Worker Number": 0, "Sort Method": "quicksort", "Sort Space Used": 193, "Sort Space Type": "Memory"}], "Plans": [{"Node Type": "Seq Scan", "Parent Relationship": "Outer", "Parallel Aware": false, "Async Capable": false, "Relation Name": "users", "Alias": "u", "Startup Cost": 0.0, "Total Cost": 1002.69, "Plan Rows": 6599, "Plan Width": 4, "Actual Rows": 6598, "Actual Loops": 2, "Filter": "((downvotes <= 401) AND (creationdate >= '2011-07-15 03:59:19'::timestamp without time zone) AND (creationdate <= '2012-08-09 05:42:29'::timestamp without time zone))", "Rows Removed by Filter": 33727, "Workers": []}]}]}, {"Node Type": "Index Scan", "Parent Relationship": "Inner", "Parallel Aware": false, "Async Capable": false, "Scan Direction": "Forward", "Index Name": "idx_posts_owneruserid", "Relation Name": "posts", "Alias": "p", "Startup Cost": 0.29, "Total Cost": 0.99, "Plan Rows": 1, "Plan Width": 4, "Actual Rows": 1, "Actual Loops": 322, "Index Cond": "(owneruserid = u.id)", "Rows Removed by Index Recheck": 0, "Filter": "((score >= 23) AND (score <= 145) AND (creationdate >= '2009-12-10 10:31:40'::timestamp without time zone) AND (creationdate <= '2012-12-14 05:01:22'::timestamp without time zone))", "Rows Removed by Filter": 59, "Workers": []}]}, {"Node Type": "Hash", "Parent Relationship": "Inner", "Parallel Aware": true, "Async Capable": false, "Startup Cost": 2638.33, "Total Cost": 2638.33, "Plan Rows": 1253.0, "Plan Width": 8, "Actual Rows": 188, "Actual Loops": 2, "Hash Buckets": 1024, "Original Hash Buckets": 1024, "Hash Batches": 1, "Original Hash Batches": 1, "Peak Memory Usage": 72, "Workers": [], "Plans": [{"Node Type": "Nested Loop", "Parent Relationship": "Outer", "Parallel Aware": false, "Async Capable": false, "Join Type": "Inner", "Startup Cost": 0.29, "Total Cost": 2638.33, "Plan Rows": 1253.0, "Plan Width": 8, "Actual Rows": 188, "Actual Loops": 2, "Inner Unique": false, "Workers": [], "Plans": [{"Node Type": "Seq Scan", "Parent Relationship": "Outer", "Parallel Aware": true, "Async Capable": false, "Relation Name": "comments", "Alias": "c", "Startup Cost": 0.0, "Total Cost": 2625.65, "Plan Rows": 1, "Plan Width": 4, "Actual Rows": 2, "Actual Loops": 2, "Filter": "(score = 21)", "Rows Removed by Filter": 87151, "Workers": []}, {"Node Type": "Index Scan", "Parent Relationship": "Inner", "Parallel Aware": false, "Async Capable": false, "Scan Direction": "Forward", "Index Name": "idx_badges_userid", "Relation Name": "badges", "Alias": "b", "Startup Cost": 0.29, "Total Cost": 12.66, "Plan Rows": 2, "Plan Width": 4, "Actual Rows": 126, "Actual Loops": 3, "Index Cond": "(userid = c.userid)", "Rows Removed by Index Recheck": 0, "Filter": "(date <= '2013-05-25 11:12:33'::timestamp without time zone)", "Rows Removed by Filter": 73, "Workers": []}]}]}]}]}]}]}, "Planning Time": 7.327, "Triggers": [], "Execution Time": 72.069}, {"Plan": {"Node Type": "Aggregate", "Strategy": "Plain", "Partial Mode": "Simple", "Parallel Aware": false, "Async Capable": false, "Startup Cost": 3593.64, "Total Cost": 3593.65, "Plan Rows": 1, "Plan Width": 8, "Actual Rows": 1, "Actual Loops": 1, "Plans": [{"Node Type": "Nested Loop", "Parent Relationship": "Outer", "Parallel Aware": false, "Async Capable": false, "Join Type": "Inner", "Startup Cost": 1.3, "Total Cost": 3593.62, "Plan Rows": 215.0, "Plan Width": 0, "Actual Rows": 2870, "Actual Loops": 1, "Inner Unique": true, "Join Filter": "(c.userid = u.id)", "Rows Removed by Join Filter": 0, "Plans": [{"Node Type": "Nested Loop", "Parent Relationship": "Outer", "Parallel Aware": false, "Async Capable": false, "Join Type": "Inner", "Startup Cost": 1.01, "Total Cost": 3577.39, "Plan Rows": 2865.0, "Plan Width": 16, "Actual Rows": 69986, "Actual Loops": 1, "Inner Unique": false, "Join Filter": "(c.userid = b.userid)", "Rows Removed by Join Filter": 0, "Plans": [{"Node Type": "Nested Loop", "Parent Relationship": "Outer", "Parallel Aware": false, "Async Capable": false, "Join Type": "Inner", "Startup Cost": 0.71, "Total Cost": 3575.71, "Plan Rows": 176.0, "Plan Width": 12, "Actual Rows": 273, "Actual Loops": 1, "Inner Unique": false, "Join Filter": "(c.userid = p.owneruserid)", "Rows Removed by Join Filter": 0, "Plans": [{"Node Type": "Nested Loop", "Parent Relationship": "Outer", "Parallel Aware": false, "Async Capable": false, "Join Type": "Inner", "Startup Cost": 0.42, "Total Cost": 3573.06, "Plan Rows": 1545.0, "Plan Width": 8, "Actual Rows": 12, "Actual Loops": 1, "Inner Unique": false, "Plans": [{"Node Type": "Seq Scan", "Parent Relationship": "Outer", "Parallel Aware": false, "Async Capable": false, "Relation Name": "comments", "Alias": "c", "Startup Cost": 0.0, "Total Cost": 3522.81, "Plan Rows": 2, "Plan Width": 4, "Actual Rows": 3, "Actual Loops": 1, "Filter": "(score = 21)", "Rows Removed by Filter": 174302}, {"Node Type": "Index Scan", "Parent Relationship": "Inner", "Parallel Aware": false, "Async Capable": false, "Scan Direction": "Forward", "Index Name": "idx_votes_userid", "Relation Name": "votes", "Alias": "v", "Startup Cost": 0.42, "Total Cost": 25.11, "Plan Rows": 1, "Plan Width": 4, "Actual Rows": 4, "Actual Loops": 3, "Index Cond": "(userid = c.userid)", "Rows Removed by Index Recheck": 0, "Filter": "(bountyamount <= 339)", "Rows Removed by Filter": 33}]}, {"Node Type": "Index Scan", "Parent Relationship": "Inner", "Parallel Aware": false, "Async Capable": false, "Scan Direction": "Forward", "Index Name": "idx_posts_owneruserid", "Relation Name": "posts", "Alias": "p", "Startup Cost": 0.29, "Total Cost": 2.63, "Plan Rows": 1, "Plan Width": 4, "Actual Rows": 23, "Actual Loops": 12, "Index Cond": "(owneruserid = v.userid)", "Rows Removed by Index Recheck": 0, "Filter": "((score >= 23) AND (score <= 145) AND (creationdate >= '2009-12-10 10:31:40'::timestamp without time zone) AND (creationdate <= '2012-12-14 05:01:22'::timestamp without time zone))", "Rows Removed by Filter": 790}]}, {"Node Type": "Index Scan", "Parent Relationship": "Inner", "Parallel Aware": false, "Async Capable": false, "Scan Direction": "Forward", "Index Name": "idx_badges_userid", "Relation Name": "badges", "Alias": "b", "Startup Cost": 0.29, "Total Cost": 1.65, "Plan Rows": 2, "Plan Width": 4, "Actual Rows": 256, "Actual Loops": 273, "Index Cond": "(userid = v.userid)", "Rows Removed by Index Recheck": 0, "Filter": "(date <= '2013-05-25 11:12:33'::timestamp without time zone)", "Rows Removed by Filter": 157}]}, {"Node Type": "Index Scan", "Parent Relationship": "Inner", "Parallel Aware": false, "Async Capable": false, "Scan Direction": "Forward", "Index Name": "users_pkey", "Relation Name": "users", "Alias": "u", "Startup Cost": 0.29, "Total Cost": 0.36, "Plan Rows": 1, "Plan Width": 4, "Actual Rows": 0, "Actual Loops": 69986, "Index Cond": "(id = b.userid)", "Rows Removed by Index Recheck": 0, "Filter": "((downvotes <= 401) AND (creationdate >= '2011-07-15 03:59:19'::timestamp without time zone) AND (creationdate <= '2012-08-09 05:42:29'::timestamp without time zone))", "Rows Removed by Filter": 1}]}]}, "Planning Time": 4.448, "Triggers": [], "Execution Time": 103.311}, {"Plan": {"Node Type": "Aggregate", "Strategy": "Plain", "Partial Mode": "Finalize", "Parallel Aware": false, "Async Capable": false, "Startup Cost": 7463.16, "Total Cost": 7463.17, "Plan Rows": 1, "Plan Width": 8, "Actual Rows": 1, "Actual Loops": 1, "Plans": [{"Node Type": "Gather", "Parent Relationship": "Outer", "Parallel Aware": false, "Async Capable": false, "Startup Cost": 7463.05, "Total Cost": 7463.16, "Plan Rows": 1, "Plan Width": 8, "Actual Rows": 2, "Actual Loops": 1, "Workers Planned": 1, "Workers Launched": 1, "Single Copy": false, "Plans": [{"Node Type": "Aggregate", "Strategy": "Plain", "Partial Mode": "Partial", "Parent Relationship": "Outer", "Parallel Aware": false, "Async Capable": false, "Startup Cost": 6463.05, "Total Cost": 6463.06, "Plan Rows": 1, "Plan Width": 8, "Actual Rows": 1, "Actual Loops": 2, "Workers": [], "Plans": [{"Node Type": "Hash Join", "Parent Relationship": "Outer", "Parallel Aware": true, "Async Capable": false, "Join Type": "Inner", "Startup Cost": 3828.64, "Total Cost": 6463.04, "Plan Rows": 215.0, "Plan Width": 0, "Actual Rows": 1435, "Actual Loops": 2, "Inner Unique": false, "Hash Cond": "(u.id = p.owneruserid)", "Workers": [], "Plans": [{"Node Type": "Nested Loop", "Parent Relationship": "Outer", "Parallel Aware": false, "Async Capable": false, "Join Type": "Inner", "Startup Cost": 0.58, "Total Cost": 2634.69, "Plan Rows": 65.0, "Plan Width": 12, "Actual Rows": 41, "Actual Loops": 2, "Inner Unique": false, "Workers": [], "Plans": [{"Node Type": "Nested Loop", "Parent Relationship": "Outer", "Parallel Aware": false, "Async Capable": false, "Join Type": "Inner", "Startup Cost": 0.29, "Total Cost": 2633.97, "Plan Rows": 6.0, "Plan Width": 8, "Actual Rows": 0, "Actual Loops": 2, "Inner Unique": true, "Workers": [], "Plans": [{"Node Type": "Seq Scan", "Parent Relationship": "Outer", "Parallel Aware": true, "Async Capable": false, "Relation Name": "comments", "Alias": "c", "Startup Cost": 0.0, "Total Cost": 2625.65, "Plan Rows": 1, "Plan Width": 4, "Actual Rows": 2, "Actual Loops": 2, "Filter": "(score = 21)", "Rows Removed by Filter": 87151, "Workers": []}, {"Node Type": "Index Scan", "Parent Relationship": "Inner", "Parallel Aware": false, "Async Capable": false, "Scan Direction": "Forward", "Index Name": "users_pkey", "Relation Name": "users", "Alias": "u", "Startup Cost": 0.29, "Total Cost": 8.31, "Plan Rows": 1, "Plan Width": 4, "Actual Rows": 0, "Actual Loops": 3, "Index Cond": "(id = c.userid)", "Rows Removed by Index Recheck": 0, "Filter": "((downvotes <= 401) AND (creationdate >= '2011-07-15 03:59:19'::timestamp without time zone) AND (creationdate <= '2012-08-09 05:42:29'::timestamp without time zone))", "Rows Removed by Filter": 1, "Workers": []}]}, {"Node Type": "Index Scan", "Parent Relationship": "Inner", "Parallel Aware": false, "Async Capable": false, "Scan Direction": "Forward", "Index Name": "idx_badges_userid", "Relation Name": "badges", "Alias": "b", "Startup Cost": 0.29, "Total Cost": 0.7, "Plan Rows": 2, "Plan Width": 4, "Actual Rows": 82, "Actual Loops": 1, "Index Cond": "(userid = u.id)", "Rows Removed by Index Recheck": 0, "Filter": "(date <= '2013-05-25 11:12:33'::timestamp without time zone)", "Rows Removed by Filter": 41, "Workers": []}]}, {"Node Type": "Hash", "Parent Relationship": "Inner", "Parallel Aware": true, "Async Capable": false, "Startup Cost": 3827.74, "Total Cost": 3827.74, "Plan Rows": 2062.0, "Plan Width": 8, "Actual Rows": 506, "Actual Loops": 2, "Hash Buckets": 1024, "Original Hash Buckets": 1024, "Hash Batches": 1, "Original Hash Batches": 1, "Peak Memory Usage": 104, "Workers": [], "Plans": [{"Node Type": "Merge Join", "Parent Relationship": "Outer", "Parallel Aware": false, "Async Capable": false, "Join Type": "Inner", "Startup Cost": 2692.53, "Total Cost": 3827.74, "Plan Rows": 2062.0, "Plan Width": 8, "Actual Rows": 506, "Actual Loops": 2, "Inner Unique": false, "Merge Cond": "(v.userid = p.owneruserid)", "Workers": [], "Plans": [{"Node Type": "Index Scan", "Parent Relationship": "Outer", "Parallel Aware": true, "Async Capable": false, "Scan Direction": "Forward", "Index Name": "idx_votes_userid", "Relation Name": "votes", "Alias": "v", "Startup Cost": 0.42, "Total Cost": 10733.91, "Plan Rows": 1023, "Plan Width": 4, "Actual Rows": 542, "Actual Loops": 2, "Filter": "(bountyamount <= 339)", "Rows Removed by Filter": 16722, "Workers": []}, {"Node Type": "Sort", "Parent Relationship": "Inner", "Parallel Aware": false, "Async Capable": false, "Startup Cost": 2692.11, "Total Cost": 2692.87, "Plan Rows": 305, "Plan Width": 4, "Actual Rows": 982, "Actual Loops": 2, "Sort Key": ["p.owneruserid"], "Sort Method": "quicksort", "Sort Space Used": 25, "Sort Space Type": "Memory", "Workers": [{"Worker Number": 0, "Sort Method": "quicksort", "Sort Space Used": 25, "Sort Space Type": "Memory"}], "Plans": [{"Node Type": "Seq Scan", "Parent Relationship": "Outer", "Parallel Aware": false, "Async Capable": false, "Relation Name": "posts", "Alias": "p", "Startup Cost": 0.0, "Total Cost": 2679.52, "Plan Rows": 305, "Plan Width": 4, "Actual Rows": 633, "Actual Loops": 2, "Filter": "((score >= 23) AND (score <= 145) AND (creationdate >= '2009-12-10 10:31:40'::timestamp without time zone) AND (creationdate <= '2012-12-14 05:01:22'::timestamp without time zone))", "Rows Removed by Filter": 91343, "Workers": []}]}]}]}]}]}]}]}, "Planning Time": 6.478, "Triggers": [], "Execution Time": 77.799}, {"Plan": {"Node Type": "Aggregate", "Strategy": "Plain", "Partial Mode": "Simple", "Parallel Aware": false, "Async Capable": false, "Startup Cost": 7372.71, "Total Cost": 7372.72, "Plan Rows": 1, "Plan Width": 8, "Actual Rows": 1, "Actual Loops": 1, "Plans": [{"Node Type": "Nested Loop", "Parent Relationship": "Outer", "Parallel Aware": false, "Async Capable": false, "Join Type": "Inner", "Startup Cost": 1085.89, "Total Cost": 7372.7, "Plan Rows": 215.0, "Plan Width": 0, "Actual Rows": 2870, "Actual Loops": 1, "Inner Unique": false, "Join Filter": "(c.userid = u.id)", "Rows Removed by Join Filter": 240298, "Plans": [{"Node Type": "Nested Loop", "Parent Relationship": "Outer", "Parallel Aware": false, "Async Capable": false, "Join Type": "Inner", "Startup Cost": 0.71, "Total Cost": 3574.74, "Plan Rows": 19034.0, "Plan Width": 12, "Actual Rows": 2384, "Actual Loops": 1, "Inner Unique": false, "Join Filter": "(c.userid = b.userid)", "Rows Removed by Join Filter": 0, "Plans": [{"Node Type": "Nested Loop", "Parent Relationship": "Outer", "Parallel Aware": false, "Async Capable": false, "Join Type": "Inner", "Startup Cost": 0.42, "Total Cost": 3573.06, "Plan Rows": 1545.0, "Plan Width": 8, "Actual Rows": 12, "Actual Loops": 1, "Inner Unique": false, "Plans": [{"Node Type": "Seq Scan", "Parent Relationship": "Outer", "Parallel Aware": false, "Async Capable": false, "Relation Name": "comments", "Alias": "c", "Startup Cost": 0.0, "Total Cost": 3522.81, "Plan Rows": 2, "Plan Width": 4, "Actual Rows": 3, "Actual Loops": 1, "Filter": "(score = 21)", "Rows Removed by Filter": 174302}, {"Node Type": "Index Scan", "Parent Relationship": "Inner", "Parallel Aware": false, "Async Capable": false, "Scan Direction": "Forward", "Index Name": "idx_votes_userid", "Relation Name": "votes", "Alias": "v", "Startup Cost": 0.42, "Total Cost": 25.11, "Plan Rows": 1, "Plan Width": 4, "Actual Rows": 4, "Actual Loops": 3, "Index Cond": "(userid = c.userid)", "Rows Removed by Index Recheck": 0, "Filter": "(bountyamount <= 339)", "Rows Removed by Filter": 33}]}, {"Node Type": "Index Scan", "Parent Relationship": "Inner", "Parallel Aware": false, "Async Capable": false, "Scan Direction": "Forward", "Index Name": "idx_badges_userid", "Relation Name": "badges", "Alias": "b", "Startup Cost": 0.29, "Total Cost": 1.65, "Plan Rows": 2, "Plan Width": 4, "Actual Rows": 199, "Actual Loops": 12, "Index Cond": "(userid = v.userid)", "Rows Removed by Index Recheck": 0, "Filter": "(date <= '2013-05-25 11:12:33'::timestamp without time zone)", "Rows Removed by Filter": 119}]}, {"Node Type": "Materialize", "Parent Relationship": "Inner", "Parallel Aware": false, "Async Capable": false, "Startup Cost": 1085.18, "Total Cost": 3765.74, "Plan Rows": 7.0, "Plan Width": 8, "Actual Rows": 102, "Actual Loops": 2384, "Plans": [{"Node Type": "Hash Join", "Parent Relationship": "Outer", "Parallel Aware": false, "Async Capable": false, "Join Type": "Inner", "Startup Cost": 1085.18, "Total Cost": 3765.5, "Plan Rows": 7.0, "Plan Width": 8, "Actual Rows": 102, "Actual Loops": 1, "Inner Unique": true, "Hash Cond": "(p.owneruserid = u.id)", "Plans": [{"Node Type": "Seq Scan", "Parent Relationship": "Outer", "Parallel Aware": false, "Async Capable": false, "Relation Name": "posts", "Alias": "p", "Startup Cost": 0.0, "Total Cost": 2679.52, "Plan Rows": 305, "Plan Width": 4, "Actual Rows": 633, "Actual Loops": 1, "Filter": "((score >= 23) AND (score <= 145) AND (creationdate >= '2009-12-10 10:31:40'::timestamp without time zone) AND (creationdate <= '2012-12-14 05:01:22'::timestamp without time zone))", "Rows Removed by Filter": 91343}, {"Node Type": "Hash", "Parent Relationship": "Inner", "Parallel Aware": false, "Async Capable": false, "Startup Cost": 1002.69, "Total Cost": 1002.69, "Plan Rows": 6599, "Plan Width": 4, "Actual Rows": 6598, "Actual Loops": 1, "Hash Buckets": 8192, "Original Hash Buckets": 8192, "Hash Batches": 1, "Original Hash Batches": 1, "Peak Memory Usage": 296, "Plans": [{"Node Type": "Seq Scan", "Parent Relationship": "Outer", "Parallel Aware": false, "Async Capable": false, "Relation Name": "users", "Alias": "u", "Startup Cost": 0.0, "Total Cost": 1002.69, "Plan Rows": 6599, "Plan Width": 4, "Actual Rows": 6598, "Actual Loops": 1, "Filter": "((downvotes <= 401) AND (creationdate >= '2011-07-15 03:59:19'::timestamp without time zone) AND (creationdate <= '2012-08-09 05:42:29'::timestamp without time zone))", "Rows Removed by Filter": 33727}]}]}]}]}]}, "Planning Time": 4.518, "Triggers": [], "Execution Time": 52.84}, {"Plan": {"Node Type": "Aggregate", "Strategy": "Plain", "Partial Mode": "Simple", "Parallel Aware": false, "Async Capable": false, "Startup Cost": 5481.99, "Total Cost": 5482.0, "Plan Rows": 1, "Plan Width": 8, "Actual Rows": 1, "Actual Loops": 1, "Plans": [{"Node Type": "Nested Loop", "Parent Relationship": "Outer", "Parallel Aware": false, "Async Capable": false, "Join Type": "Inner", "Startup Cost": 1422.34, "Total Cost": 5481.98, "Plan Rows": 215.0, "Plan Width": 0, "Actual Rows": 2870, "Actual Loops": 1, "Inner Unique": false, "Join Filter": "(c.userid = u.id)", "Rows Removed by Join Filter": 36277, "Plans": [{"Node Type": "Seq Scan", "Parent Relationship": "Outer", "Parallel Aware": false, "Async Capable": false, "Relation Name": "comments", "Alias": "c", "Startup Cost": 0.0, "Total Cost": 3522.81, "Plan Rows": 2, "Plan Width": 4, "Actual Rows": 3, "Actual Loops": 1, "Filter": "(score = 21)", "Rows Removed by Filter": 174302}, {"Node Type": "Materialize", "Parent Relationship": "Inner", "Parallel Aware": false, "Async Capable": false, "Startup Cost": 1422.34, "Total Cost": 1955.37, "Plan Rows": 2155.0, "Plan Width": 16, "Actual Rows": 13049, "Actual Loops": 3, "Plans": [{"Node Type": "Nested Loop", "Parent Relationship": "Outer", "Parallel Aware": false, "Async Capable": false, "Join Type": "Inner", "Startup Cost": 1422.34, "Total Cost": 1954.68, "Plan Rows": 2155.0, "Plan Width": 16, "Actual Rows": 13049, "Actual Loops": 1, "Inner Unique": false, "Join Filter": "(p.owneruserid = u.id)", "Rows Removed by Join Filter": 0, "Plans": [{"Node Type": "Merge Join", "Parent Relationship": "Outer", "Parallel Aware": false, "Async Capable": false, "Join Type": "Inner", "Startup Cost": 1422.04, "Total Cost": 1932.61, "Plan Rows": 15380.0, "Plan Width": 12, "Actual Rows": 5004, "Actual Loops": 1, "Inner Unique": true, "Merge Cond": "(v.userid = u.id)", "Plans": [{"Node Type": "Merge Join", "Parent Relationship": "Outer", "Parallel Aware": false, "Async Capable": false, "Join Type": "Inner", "Startup Cost": 0.71, "Total Cost": 4503.78, "Plan Rows": 221713.0, "Plan Width": 8, "Actual Rows": 21551, "Actual Loops": 1, "Inner Unique": false, "Merge Cond": "(v.userid = b.userid)", "Plans": [{"Node Type": "Index Scan", "Parent Relationship": "Outer", "Parallel Aware": false, "Async Capable": false, "Scan Direction": "Forward", "Index Name": "idx_votes_userid", "Relation Name": "votes", "Alias": "v", "Startup Cost": 0.42, "Total Cost": 12422.47, "Plan Rows": 1739, "Plan Width": 4, "Actual Rows": 889, "Actual Loops": 1, "Filter": "(bountyamount <= 339)", "Rows Removed by Filter": 26781}, {"Node Type": "Index Scan", "Parent Relationship": "Inner", "Parallel Aware": false, "Async Capable": false, "Scan Direction": "Forward", "Index Name": "idx_badges_userid", "Relation Name": "badges", "Alias": "b", "Startup Cost": 0.29, "Total Cost": 3064.97, "Plan Rows": 39449, "Plan Width": 4, "Actual Rows": 54099, "Actual Loops": 1, "Filter": "(date <= '2013-05-25 11:12:33'::timestamp without time zone)", "Rows Removed by Filter": 54109}]}, {"Node Type": "Sort", "Parent Relationship": "Inner", "Parallel Aware": false, "Async Capable": false, "Startup Cost": 1421.33, "Total Cost": 1437.83, "Plan Rows": 6599, "Plan Width": 4, "Actual Rows": 6598, "Actual Loops": 1, "Sort Key": ["u.id"], "Sort Method": "quicksort", "Sort Space Used": 193, "Sort Space Type": "Memory", "Plans": [{"Node Type": "Seq Scan", "Parent Relationship": "Outer", "Parallel Aware": false, "Async Capable": false, "Relation Name": "users", "Alias": "u", "Startup Cost": 0.0, "Total Cost": 1002.69, "Plan Rows": 6599, "Plan Width": 4, "Actual Rows": 6598, "Actual Loops": 1, "Filter": "((downvotes <= 401) AND (creationdate >= '2011-07-15 03:59:19'::timestamp without time zone) AND (creationdate <= '2012-08-09 05:42:29'::timestamp without time zone))", "Rows Removed by Filter": 33727}]}]}, {"Node Type": "Index Scan", "Parent Relationship": "Inner", "Parallel Aware": false, "Async Capable": false, "Scan Direction": "Forward", "Index Name": "idx_posts_owneruserid", "Relation Name": "posts", "Alias": "p", "Startup Cost": 0.29, "Total Cost": 0.5, "Plan Rows": 1, "Plan Width": 4, "Actual Rows": 3, "Actual Loops": 5004, "Index Cond": "(owneruserid = b.userid)", "Rows Removed by Index Recheck": 0, "Filter": "((score >= 23) AND (score <= 145) AND (creationdate >= '2009-12-10 10:31:40'::timestamp without time zone) AND (creationdate <= '2012-12-14 05:01:22'::timestamp without time zone))", "Rows Removed by Filter": 182}]}]}]}]}, "Planning Time": 4.856, "Triggers": [], "Execution Time": 298.704}, {"Plan": {"Node Type": "Aggregate", "Strategy": "Plain", "Partial Mode": "Finalize", "Parallel Aware": false, "Async Capable": false, "Startup Cost": 6235.96, "Total Cost": 6235.97, "Plan Rows": 1, "Plan Width": 8, "Actual Rows": 1, "Actual Loops": 1, "Plans": [{"Node Type": "Gather", "Parent Relationship": "Outer", "Parallel Aware": false, "Async Capable": false, "Startup Cost": 6235.85, "Total Cost": 6235.96, "Plan Rows": 1, "Plan Width": 8, "Actual Rows": 2, "Actual Loops": 1, "Workers Planned": 1, "Workers Launched": 1, "Single Copy": false, "Plans": [{"Node Type": "Aggregate", "Strategy": "Plain", "Partial Mode": "Partial", "Parent Relationship": "Outer", "Parallel Aware": false, "Async Capable": false, "Startup Cost": 5235.85, "Total Cost": 5235.86, "Plan Rows": 1, "Plan Width": 8, "Actual Rows": 1, "Actual Loops": 2, "Workers": [], "Plans": [{"Node Type": "Hash Join", "Parent Relationship": "Outer", "Parallel Aware": true, "Async Capable": false, "Join Type": "Inner", "Startup Cost": 2589.16, "Total Cost": 5235.84, "Plan Rows": 215.0, "Plan Width": 0, "Actual Rows": 1435, "Actual Loops": 2, "Inner Unique": false, "Hash Cond": "(c.userid = u.id)", "Workers": [], "Plans": [{"Node Type": "Nested Loop", "Parent Relationship": "Outer", "Parallel Aware": false, "Async Capable": false, "Join Type": "Inner", "Startup Cost": 0.58, "Total Cost": 2647.06, "Plan Rows": 178.0, "Plan Width": 12, "Actual Rows": 5088, "Actual Loops": 2, "Inner Unique": false, "Join Filter": "(c.userid = b.userid)", "Rows Removed by Join Filter": 0, "Workers": [], "Plans": [{"Node Type": "Nested Loop", "Parent Relationship": "Outer", "Parallel Aware": false, "Async Capable": false, "Join Type": "Inner", "Startup Cost": 0.29, "Total Cost": 2640.51, "Plan Rows": 9.0, "Plan Width": 8, "Actual Rows": 21, "Actual Loops": 2, "Inner Unique": false, "Workers": [], "Plans": [{"Node Type": "Seq Scan", "Parent Relationship": "Outer", "Parallel Aware": true, "Async Capable": false, "Relation Name": "comments", "Alias": "c", "Startup Cost": 0.0, "Total Cost": 2625.65, "Plan Rows": 1, "Plan Width": 4, "Actual Rows": 2, "Actual Loops": 2, "Filter": "(score = 21)", "Rows Removed by Filter": 87151, "Workers": []}, {"Node Type": "Index Scan", "Parent Relationship": "Inner", "Parallel Aware": false, "Async Capable": false, "Scan Direction": "Forward", "Index Name": "idx_posts_owneruserid", "Relation Name": "posts", "Alias": "p", "Startup Cost": 0.29, "Total Cost": 14.84, "Plan Rows": 1, "Plan Width": 4, "Actual Rows": 14, "Actual Loops": 3, "Index Cond": "(owneruserid = c.userid)", "Rows Removed by Index Recheck": 0, "Filter": "((score >= 23) AND (score <= 145) AND (creationdate >= '2009-12-10 10:31:40'::timestamp without time zone) AND (creationdate <= '2012-12-14 05:01:22'::timestamp without time zone))", "Rows Removed by Filter": 484, "Workers": []}]}, {"Node Type": "Index Scan", "Parent Relationship": "Inner", "Parallel Aware": false, "Async Capable": false, "Scan Direction": "Forward", "Index Name": "idx_badges_userid", "Relation Name": "badges", "Alias": "b", "Startup Cost": 0.29, "Total Cost": 6.53, "Plan Rows": 2, "Plan Width": 4, "Actual Rows": 242, "Actual Loops": 42, "Index Cond": "(userid = p.owneruserid)", "Rows Removed by Index Recheck": 0, "Filter": "(date <= '2013-05-25 11:12:33'::timestamp without time zone)", "Rows Removed by Filter": 148, "Workers": []}]}, {"Node Type": "Hash", "Parent Relationship": "Inner", "Parallel Aware": true, "Async Capable": false, "Startup Cost": 2588.35, "Total Cost": 2588.35, "Plan Rows": 819.0, "Plan Width": 8, "Actual Rows": 161, "Actual Loops": 2, "Hash Buckets": 1024, "Original Hash Buckets": 1024, "Hash Batches": 1, "Original Hash Batches": 1, "Peak Memory Usage": 72, "Workers": [], "Plans": [{"Node Type": "Merge Join", "Parent Relationship": "Outer", "Parallel Aware": false, "Async Capable": false, "Join Type": "Inner", "Startup Cost": 1421.75, "Total Cost": 2588.35, "Plan Rows": 819.0, "Plan Width": 8, "Actual Rows": 161, "Actual Loops": 2, "Inner Unique": true, "Merge Cond": "(v.userid = u.id)", "Workers": [], "Plans": [{"Node Type": "Index Scan", "Parent Relationship": "Outer", "Parallel Aware": true, "Async Capable": false, "Scan Direction": "Forward", "Index Name": "idx_votes_userid", "Relation Name": "votes", "Alias": "v", "Startup Cost": 0.42, "Total Cost": 10733.91, "Plan Rows": 1023, "Plan Width": 4, "Actual Rows": 526, "Actual Loops": 2, "Filter": "(bountyamount <= 339)", "Rows Removed by Filter": 16180, "Workers": []}, {"Node Type": "Sort", "Parent Relationship": "Inner", "Parallel Aware": false, "Async Capable": false, "Startup Cost": 1421.33, "Total Cost": 1437.83, "Plan Rows": 6599, "Plan Width": 4, "Actual Rows": 6598, "Actual Loops": 2, "Sort Key": ["u.id"], "Sort Method": "quicksort", "Sort Space Used": 193, "Sort Space Type": "Memory", "Workers": [{"Worker Number": 0, "Sort Method": "quicksort", "Sort Space Used": 193, "Sort Space Type": "Memory"}], "Plans": [{"Node Type": "Seq Scan", "Parent Relationship": "Outer", "Parallel Aware": false, "Async Capable": false, "Relation Name": "users", "Alias": "u", "Startup Cost": 0.0, "Total Cost": 1002.69, "Plan Rows": 6599, "Plan Width": 4, "Actual Rows": 6598, "Actual Loops": 2, "Filter": "((downvotes <= 401) AND (creationdate >= '2011-07-15 03:59:19'::timestamp without time zone) AND (creationdate <= '2012-08-09 05:42:29'::timestamp without time zone))", "Rows Removed by Filter": 33727, "Workers": []}]}]}]}]}]}]}]}, "Planning Time": 6.022, "Triggers": [], "Execution Time": 69.962}, {"Plan": {"Node Type": "Aggregate", "Strategy": "Plain", "Partial Mode": "Simple", "Parallel Aware": false, "Async Capable": false, "Startup Cost": 7372.7, "Total Cost": 7372.71, "Plan Rows": 1, "Plan Width": 8, "Actual Rows": 1, "Actual Loops": 1, "Plans": [{"Node Type": "Nested Loop", "Parent Relationship": "Outer", "Parallel Aware": false, "Async Capable": false, "Join Type": "Inner", "Startup Cost": 1085.89, "Total Cost": 7372.68, "Plan Rows": 215.0, "Plan Width": 0, "Actual Rows": 2870, "Actual Loops": 1, "Inner Unique": false, "Join Filter": "(c.userid = u.id)", "Rows Removed by Join Filter": 240298, "Plans": [{"Node Type": "Hash Join", "Parent Relationship": "Outer", "Parallel Aware": false, "Async Capable": false, "Join Type": "Inner", "Startup Cost": 1085.18, "Total Cost": 3765.5, "Plan Rows": 7.0, "Plan Width": 8, "Actual Rows": 102, "Actual Loops": 1, "Inner Unique": true, "Hash Cond": "(p.owneruserid = u.id)", "Plans": [{"Node Type": "Seq Scan", "Parent Relationship": "Outer", "Parallel Aware": false, "Async Capable": false, "Relation Name": "posts", "Alias": "p", "Startup Cost": 0.0, "Total Cost": 2679.52, "Plan Rows": 305, "Plan Width": 4, "Actual Rows": 633, "Actual Loops": 1, "Filter": "((score >= 23) AND (score <= 145) AND (creationdate >= '2009-12-10 10:31:40'::timestamp without time zone) AND (creationdate <= '2012-12-14 05:01:22'::timestamp without time zone))", "Rows Removed by Filter": 91343}, {"Node Type": "Hash", "Parent Relationship": "Inner", "Parallel Aware": false, "Async Capable": false, "Startup Cost": 1002.69, "Total Cost": 1002.69, "Plan Rows": 6599, "Plan Width": 4, "Actual Rows": 6598, "Actual Loops": 1, "Hash Buckets": 8192, "Original Hash Buckets": 8192, "Hash Batches": 1, "Original Hash Batches": 1, "Peak Memory Usage": 296, "Plans": [{"Node Type": "Seq Scan", "Parent Relationship": "Outer", "Parallel Aware": false, "Async Capable": false, "Relation Name": "users", "Alias": "u", "Startup Cost": 0.0, "Total Cost": 1002.69, "Plan Rows": 6599, "Plan Width": 4, "Actual Rows": 6598, "Actual Loops": 1, "Filter": "((downvotes <= 401) AND (creationdate >= '2011-07-15 03:59:19'::timestamp without time zone) AND (creationdate <= '2012-08-09 05:42:29'::timestamp without time zone))", "Rows Removed by Filter": 33727}]}]}, {"Node Type": "Materialize", "Parent Relationship": "Inner", "Parallel Aware": false, "Async Capable": false, "Startup Cost": 0.71, "Total Cost": 3574.96, "Plan Rows": 19034.0, "Plan Width": 12, "Actual Rows": 2384, "Actual Loops": 102, "Plans": [{"Node Type": "Nested Loop", "Parent Relationship": "Outer", "Parallel Aware": false, "Async Capable": false, "Join Type": "Inner", "Startup Cost": 0.71, "Total Cost": 3574.74, "Plan Rows": 19034.0, "Plan Width": 12, "Actual Rows": 2384, "Actual Loops": 1, "Inner Unique": false, "Join Filter": "(c.userid = b.userid)", "Rows Removed by Join Filter": 0, "Plans": [{"Node Type": "Nested Loop", "Parent Relationship": "Outer", "Parallel Aware": false, "Async Capable": false, "Join Type": "Inner", "Startup Cost": 0.42, "Total Cost": 3573.06, "Plan Rows": 1545.0, "Plan Width": 8, "Actual Rows": 12, "Actual Loops": 1, "Inner Unique": false, "Plans": [{"Node Type": "Seq Scan", "Parent Relationship": "Outer", "Parallel Aware": false, "Async Capable": false, "Relation Name": "comments", "Alias": "c", "Startup Cost": 0.0, "Total Cost": 3522.81, "Plan Rows": 2, "Plan Width": 4, "Actual Rows": 3, "Actual Loops": 1, "Filter": "(score = 21)", "Rows Removed by Filter": 174302}, {"Node Type": "Index Scan", "Parent Relationship": "Inner", "Parallel Aware": false, "Async Capable": false, "Scan Direction": "Forward", "Index Name": "idx_votes_userid", "Relation Name": "votes", "Alias": "v", "Startup Cost": 0.42, "Total Cost": 25.11, "Plan Rows": 1, "Plan Width": 4, "Actual Rows": 4, "Actual Loops": 3, "Index Cond": "(userid = c.userid)", "Rows Removed by Index Recheck": 0, "Filter": "(bountyamount <= 339)", "Rows Removed by Filter": 33}]}, {"Node Type": "Index Scan", "Parent Relationship": "Inner", "Parallel Aware": false, "Async Capable": false, "Scan Direction": "Forward", "Index Name": "idx_badges_userid", "Relation Name": "badges", "Alias": "b", "Startup Cost": 0.29, "Total Cost": 1.65, "Plan Rows": 2, "Plan Width": 4, "Actual Rows": 199, "Actual Loops": 12, "Index Cond": "(userid = v.userid)", "Rows Removed by Index Recheck": 0, "Filter": "(date <= '2013-05-25 11:12:33'::timestamp without time zone)", "Rows Removed by Filter": 119}]}]}]}]}, "Planning Time": 4.734, "Triggers": [], "Execution Time": 54.066}, {"Plan": {"Node Type": "Aggregate", "Strategy": "Plain", "Partial Mode": "Simple", "Parallel Aware": false, "Async Capable": false, "Startup Cost": 4856.76, "Total Cost": 4856.77, "Plan Rows": 1, "Plan Width": 8, "Actual Rows": 1, "Actual Loops": 1, "Plans": [{"Node Type": "Merge Join", "Parent Relationship": "Outer", "Parallel Aware": false, "Async Capable": false, "Join Type": "Inner", "Startup Cost": 3541.85, "Total Cost": 4856.74, "Plan Rows": 215.0, "Plan Width": 0, "Actual Rows": 2870, "Actual Loops": 1, "Inner Unique": false, "Merge Cond": "(v.userid = u.id)", "Plans": [{"Node Type": "Index Scan", "Parent Relationship": "Outer", "Parallel Aware": false, "Async Capable": false, "Scan Direction": "Forward", "Index Name": "idx_votes_userid", "Relation Name": "votes", "Alias": "v", "Startup Cost": 0.42, "Total Cost": 12422.47, "Plan Rows": 1739, "Plan Width": 4, "Actual Rows": 390, "Actual Loops": 1, "Filter": "(bountyamount <= 339)", "Rows Removed by Filter": 11979}, {"Node Type": "Sort", "Parent Relationship": "Inner", "Parallel Aware": false, "Async Capable": false, "Startup Cost": 3541.43, "Total Cost": 3541.46, "Plan Rows": 12.0, "Plan Width": 16, "Actual Rows": 2866, "Actual Loops": 1, "Sort Key": ["c.userid"], "Sort Method": "quicksort", "Sort Space Used": 47, "Sort Space Type": "Memory", "Plans": [{"Node Type": "Nested Loop", "Parent Relationship": "Outer", "Parallel Aware": false, "Async Capable": false, "Join Type": "Inner", "Startup Cost": 0.88, "Total Cost": 3541.16, "Plan Rows": 12.0, "Plan Width": 16, "Actual Rows": 574, "Actual Loops": 1, "Inner Unique": false, "Plans": [{"Node Type": "Nested Loop", "Parent Relationship": "Outer", "Parallel Aware": false, "Async Capable": false, "Join Type": "Inner", "Startup Cost": 0.58, "Total Cost": 3540.45, "Plan Rows": 2.0, "Plan Width": 12, "Actual Rows": 7, "Actual Loops": 1, "Inner Unique": false, "Plans": [{"Node Type": "Nested Loop", "Parent Relationship": "Outer", "Parallel Aware": false, "Async Capable": false, "Join Type": "Inner", "Startup Cost": 0.29, "Total Cost": 3539.44, "Plan Rows": 6.0, "Plan Width": 8, "Actual Rows": 1, "Actual Loops": 1, "Inner Unique": true, "Plans": [{"Node Type": "Seq Scan", "Parent Relationship": "Outer", "Parallel Aware": false, "Async Capable": false, "Relation Name": "comments", "Alias": "c", "Startup Cost": 0.0, "Total Cost": 3522.81, "Plan Rows": 2, "Plan Width": 4, "Actual Rows": 3, "Actual Loops": 1, "Filter": "(score = 21)", "Rows Removed by Filter": 174302}, {"Node Type": "Index Scan", "Parent Relationship": "Inner", "Parallel Aware": false, "Async Capable": false, "Scan Direction": "Forward", "Index Name": "users_pkey", "Relation Name": "users", "Alias": "u", "Startup Cost": 0.29, "Total Cost": 8.31, "Plan Rows": 1, "Plan Width": 4, "Actual Rows": 0, "Actual Loops": 3, "Index Cond": "(id = c.userid)", "Rows Removed by Index Recheck": 0, "Filter": "((downvotes <= 401) AND (creationdate >= '2011-07-15 03:59:19'::timestamp without time zone) AND (creationdate <= '2012-08-09 05:42:29'::timestamp without time zone))", "Rows Removed by Filter": 1}]}, {"Node Type": "Index Scan", "Parent Relationship": "Inner", "Parallel Aware": false, "Async Capable": false, "Scan Direction": "Forward", "Index Name": "idx_posts_owneruserid", "Relation Name": "posts", "Alias": "p", "Startup Cost": 0.29, "Total Cost": 0.99, "Plan Rows": 1, "Plan Width": 4, "Actual Rows": 7, "Actual Loops": 1, "Index Cond": "(owneruserid = u.id)", "Rows Removed by Index Recheck": 0, "Filter": "((score >= 23) AND (score <= 145) AND (creationdate >= '2009-12-10 10:31:40'::timestamp without time zone) AND (creationdate <= '2012-12-14 05:01:22'::timestamp without time zone))", "Rows Removed by Filter": 258}]}, {"Node Type": "Index Scan", "Parent Relationship": "Inner", "Parallel Aware": false, "Async Capable": false, "Scan Direction": "Forward", "Index Name": "idx_badges_userid", "Relation Name": "badges", "Alias": "b", "Startup Cost": 0.29, "Total Cost": 0.7, "Plan Rows": 2, "Plan Width": 4, "Actual Rows": 82, "Actual Loops": 7, "Index Cond": "(userid = u.id)", "Rows Removed by Index Recheck": 0, "Filter": "(date <= '2013-05-25 11:12:33'::timestamp without time zone)", "Rows Removed by Filter": 41}]}]}]}]}, "Planning Time": 4.451, "Triggers": [], "Execution Time": 35.335}, {"Plan": {"Node Type": "Aggregate", "Strategy": "Plain", "Partial Mode": "Simple", "Parallel Aware": false, "Async Capable": false, "Startup Cost": 4960.15, "Total Cost": 4960.16, "Plan Rows": 1, "Plan Width": 8, "Actual Rows": 1, "Actual Loops": 1, "Plans": [{"Node Type": "Hash Join", "Parent Relationship": "Outer", "Parallel Aware": false, "Async Capable": false, "Join Type": "Inner", "Startup Cost": 3577.94, "Total Cost": 4960.14, "Plan Rows": 215.0, "Plan Width": 0, "Actual Rows": 2870, "Actual Loops": 1, "Inner Unique": false, "Hash Cond": "(u.id = c.userid)", "Plans": [{"Node Type": "Seq Scan", "Parent Relationship": "Outer", "Parallel Aware": false, "Async Capable": false, "Relation Name": "users", "Alias": "u", "Startup Cost": 0.0, "Total Cost": 1002.69, "Plan Rows": 6599, "Plan Width": 4, "Actual Rows": 6598, "Actual Loops": 1, "Filter": "((downvotes <= 401) AND (creationdate >= '2011-07-15 03:59:19'::timestamp without time zone) AND (creationdate <= '2012-08-09 05:42:29'::timestamp without time zone))", "Rows Removed by Filter": 33727}, {"Node Type": "Hash", "Parent Relationship": "Inner", "Parallel Aware": false, "Async Capable": false, "Startup Cost": 3577.39, "Total Cost": 3577.39, "Plan Rows": 2865.0, "Plan Width": 16, "Actual Rows": 69986, "Actual Loops": 1, "Hash Buckets": 131072, "Original Hash Buckets": 1024, "Hash Batches": 1, "Original Hash Batches": 1, "Peak Memory Usage": 4305, "Plans": [{"Node Type": "Nested Loop", "Parent Relationship": "Outer", "Parallel Aware": false, "Async Capable": false, "Join Type": "Inner", "Startup Cost": 1.01, "Total Cost": 3577.39, "Plan Rows": 2865.0, "Plan Width": 16, "Actual Rows": 69986, "Actual Loops": 1, "Inner Unique": false, "Join Filter": "(c.userid = b.userid)", "Rows Removed by Join Filter": 0, "Plans": [{"Node Type": "Nested Loop", "Parent Relationship": "Outer", "Parallel Aware": false, "Async Capable": false, "Join Type": "Inner", "Startup Cost": 0.71, "Total Cost": 3575.71, "Plan Rows": 176.0, "Plan Width": 12, "Actual Rows": 273, "Actual Loops": 1, "Inner Unique": false, "Join Filter": "(c.userid = p.owneruserid)", "Rows Removed by Join Filter": 0, "Plans": [{"Node Type": "Nested Loop", "Parent Relationship": "Outer", "Parallel Aware": false, "Async Capable": false, "Join Type": "Inner", "Startup Cost": 0.42, "Total Cost": 3573.06, "Plan Rows": 1545.0, "Plan Width": 8, "Actual Rows": 12, "Actual Loops": 1, "Inner Unique": false, "Plans": [{"Node Type": "Seq Scan", "Parent Relationship": "Outer", "Parallel Aware": false, "Async Capable": false, "Relation Name": "comments", "Alias": "c", "Startup Cost": 0.0, "Total Cost": 3522.81, "Plan Rows": 2, "Plan Width": 4, "Actual Rows": 3, "Actual Loops": 1, "Filter": "(score = 21)", "Rows Removed by Filter": 174302}, {"Node Type": "Index Scan", "Parent Relationship": "Inner", "Parallel Aware": false, "Async Capable": false, "Scan Direction": "Forward", "Index Name": "idx_votes_userid", "Relation Name": "votes", "Alias": "v", "Startup Cost": 0.42, "Total Cost": 25.11, "Plan Rows": 1, "Plan Width": 4, "Actual Rows": 4, "Actual Loops": 3, "Index Cond": "(userid = c.userid)", "Rows Removed by Index Recheck": 0, "Filter": "(bountyamount <= 339)", "Rows Removed by Filter": 33}]}, {"Node Type": "Index Scan", "Parent Relationship": "Inner", "Parallel Aware": false, "Async Capable": false, "Scan Direction": "Forward", "Index Name": "idx_posts_owneruserid", "Relation Name": "posts", "Alias": "p", "Startup Cost": 0.29, "Total Cost": 2.63, "Plan Rows": 1, "Plan Width": 4, "Actual Rows": 23, "Actual Loops": 12, "Index Cond": "(owneruserid = v.userid)", "Rows Removed by Index Recheck": 0, "Filter": "((score >= 23) AND (score <= 145) AND (creationdate >= '2009-12-10 10:31:40'::timestamp without time zone) AND (creationdate <= '2012-12-14 05:01:22'::timestamp without time zone))", "Rows Removed by Filter": 790}]}, {"Node Type": "Index Scan", "Parent Relationship": "Inner", "Parallel Aware": false, "Async Capable": false, "Scan Direction": "Forward", "Index Name": "idx_badges_userid", "Relation Name": "badges", "Alias": "b", "Startup Cost": 0.29, "Total Cost": 1.65, "Plan Rows": 2, "Plan Width": 4, "Actual Rows": 256, "Actual Loops": 273, "Index Cond": "(userid = v.userid)", "Rows Removed by Index Recheck": 0, "Filter": "(date <= '2013-05-25 11:12:33'::timestamp without time zone)", "Rows Removed by Filter": 157}]}]}]}]}, "Planning Time": 4.552, "Triggers": [], "Execution Time": 66.426}, {"Plan": {"Node Type": "Aggregate", "Strategy": "Plain", "Partial Mode": "Finalize", "Parallel Aware": false, "Async Capable": false, "Startup Cost": 6237.41, "Total Cost": 6237.42, "Plan Rows": 1, "Plan Width": 8, "Actual Rows": 1, "Actual Loops": 1, "Plans": [{"Node Type": "Gather", "Parent Relationship": "Outer", "Parallel Aware": false, "Async Capable": false, "Startup Cost": 6237.3, "Total Cost": 6237.41, "Plan Rows": 1, "Plan Width": 8, "Actual Rows": 2, "Actual Loops": 1, "Workers Planned": 1, "Workers Launched": 1, "Single Copy": false, "Plans": [{"Node Type": "Aggregate", "Strategy": "Plain", "Partial Mode": "Partial", "Parent Relationship": "Outer", "Parallel Aware": false, "Async Capable": false, "Startup Cost": 5237.3, "Total Cost": 5237.31, "Plan Rows": 1, "Plan Width": 8, "Actual Rows": 1, "Actual Loops": 2, "Workers": [], "Plans": [{"Node Type": "Hash Join", "Parent Relationship": "Outer", "Parallel Aware": true, "Async Capable": false, "Join Type": "Inner", "Startup Cost": 4069.46, "Total Cost": 5237.29, "Plan Rows": 215.0, "Plan Width": 0, "Actual Rows": 1435, "Actual Loops": 2, "Inner Unique": false, "Hash Cond": "(u.id = c.userid)", "Workers": [], "Plans": [{"Node Type": "Merge Join", "Parent Relationship": "Outer", "Parallel Aware": false, "Async Capable": false, "Join Type": "Inner", "Startup Cost": 1421.75, "Total Cost": 2588.35, "Plan Rows": 819.0, "Plan Width": 8, "Actual Rows": 161, "Actual Loops": 2, "Inner Unique": true, "Merge Cond": "(v.userid = u.id)", "Workers": [], "Plans": [{"Node Type": "Index Scan", "Parent Relationship": "Outer", "Parallel Aware": true, "Async Capable": false, "Scan Direction": "Forward", "Index Name": "idx_votes_userid", "Relation Name": "votes", "Alias": "v", "Startup Cost": 0.42, "Total Cost": 10733.91, "Plan Rows": 1023, "Plan Width": 4, "Actual Rows": 526, "Actual Loops": 2, "Filter": "(bountyamount <= 339)", "Rows Removed by Filter": 16180, "Workers": []}, {"Node Type": "Sort", "Parent Relationship": "Inner", "Parallel Aware": false, "Async Capable": false, "Startup Cost": 1421.33, "Total Cost": 1437.83, "Plan Rows": 6599, "Plan Width": 4, "Actual Rows": 6598, "Actual Loops": 2, "Sort Key": ["u.id"], "Sort Method": "quicksort", "Sort Space Used": 193, "Sort Space Type": "Memory", "Workers": [{"Worker Number": 0, "Sort Method": "quicksort", "Sort Space Used": 193, "Sort Space Type": "Memory"}], "Plans": [{"Node Type": "Seq Scan", "Parent Relationship": "Outer", "Parallel Aware": false, "Async Capable": false, "Relation Name": "users", "Alias": "u", "Startup Cost": 0.0, "Total Cost": 1002.69, "Plan Rows": 6599, "Plan Width": 4, "Actual Rows": 6598, "Actual Loops": 2, "Filter": "((downvotes <= 401) AND (creationdate >= '2011-07-15 03:59:19'::timestamp without time zone) AND (creationdate <= '2012-08-09 05:42:29'::timestamp without time zone))", "Rows Removed by Filter": 33727, "Workers": []}]}]}, {"Node Type": "Hash", "Parent Relationship": "Inner", "Parallel Aware": true, "Async Capable": false, "Startup Cost": 2647.06, "Total Cost": 2647.06, "Plan Rows": 178.0, "Plan Width": 12, "Actual Rows": 5088, "Actual Loops": 2, "Hash Buckets": 16384, "Original Hash Buckets": 1024, "Hash Batches": 1, "Original Hash Batches": 1, "Peak Memory Usage": 728, "Workers": [], "Plans": [{"Node Type": "Nested Loop", "Parent Relationship": "Outer", "Parallel Aware": false, "Async Capable": false, "Join Type": "Inner", "Startup Cost": 0.58, "Total Cost": 2647.06, "Plan Rows": 178.0, "Plan Width": 12, "Actual Rows": 5088, "Actual Loops": 2, "Inner Unique": false, "Join Filter": "(c.userid = b.userid)", "Rows Removed by Join Filter": 0, "Workers": [], "Plans": [{"Node Type": "Nested Loop", "Parent Relationship": "Outer", "Parallel Aware": false, "Async Capable": false, "Join Type": "Inner", "Startup Cost": 0.29, "Total Cost": 2640.51, "Plan Rows": 9.0, "Plan Width": 8, "Actual Rows": 21, "Actual Loops": 2, "Inner Unique": false, "Workers": [], "Plans": [{"Node Type": "Seq Scan", "Parent Relationship": "Outer", "Parallel Aware": true, "Async Capable": false, "Relation Name": "comments", "Alias": "c", "Startup Cost": 0.0, "Total Cost": 2625.65, "Plan Rows": 1, "Plan Width": 4, "Actual Rows": 2, "Actual Loops": 2, "Filter": "(score = 21)", "Rows Removed by Filter": 87151, "Workers": []}, {"Node Type": "Index Scan", "Parent Relationship": "Inner", "Parallel Aware": false, "Async Capable": false, "Scan Direction": "Forward", "Index Name": "idx_posts_owneruserid", "Relation Name": "posts", "Alias": "p", "Startup Cost": 0.29, "Total Cost": 14.84, "Plan Rows": 1, "Plan Width": 4, "Actual Rows": 14, "Actual Loops": 3, "Index Cond": "(owneruserid = c.userid)", "Rows Removed by Index Recheck": 0, "Filter": "((score >= 23) AND (score <= 145) AND (creationdate >= '2009-12-10 10:31:40'::timestamp without time zone) AND (creationdate <= '2012-12-14 05:01:22'::timestamp without time zone))", "Rows Removed by Filter": 484, "Workers": []}]}, {"Node Type": "Index Scan", "Parent Relationship": "Inner", "Parallel Aware": false, "Async Capable": false, "Scan Direction": "Forward", "Index Name": "idx_badges_userid", "Relation Name": "badges", "Alias": "b", "Startup Cost": 0.29, "Total Cost": 6.53, "Plan Rows": 2, "Plan Width": 4, "Actual Rows": 242, "Actual Loops": 42, "Index Cond": "(userid = p.owneruserid)", "Rows Removed by Index Recheck": 0, "Filter": "(date <= '2013-05-25 11:12:33'::timestamp without time zone)", "Rows Removed by Filter": 148, "Workers": []}]}]}]}]}]}]}, "Planning Time": 5.502, "Triggers": [], "Execution Time": 67.694}, {"Plan": {"Node Type": "Aggregate", "Strategy": "Plain", "Partial Mode": "Simple", "Parallel Aware": false, "Async Capable": false, "Startup Cost": 6218.83, "Total Cost": 6218.84, "Plan Rows": 1, "Plan Width": 8, "Actual Rows": 1, "Actual Loops": 1, "Plans": [{"Node Type": "Hash Join", "Parent Relationship": "Outer", "Parallel Aware": false, "Async Capable": false, "Join Type": "Inner", "Startup Cost": 4660.89, "Total Cost": 6218.82, "Plan Rows": 215.0, "Plan Width": 0, "Actual Rows": 2870, "Actual Loops": 1, "Inner Unique": false, "Hash Cond": "(u.id = c.userid)", "Plans": [{"Node Type": "Hash Join", "Parent Relationship": "Outer", "Parallel Aware": false, "Async Capable": false, "Join Type": "Inner", "Startup Cost": 1085.18, "Total Cost": 2618.88, "Plan Rows": 885.0, "Plan Width": 8, "Actual Rows": 13465, "Actual Loops": 1, "Inner Unique": true, "Hash Cond": "(b.userid = u.id)", "Plans": [{"Node Type": "Seq Scan", "Parent Relationship": "Outer", "Parallel Aware": false, "Async Capable": false, "Relation Name": "badges", "Alias": "b", "Startup Cost": 0.0, "Total Cost": 1430.14, "Plan Rows": 39449, "Plan Width": 4, "Actual Rows": 39455, "Actual Loops": 1, "Filter": "(date <= '2013-05-25 11:12:33'::timestamp without time zone)", "Rows Removed by Filter": 40396}, {"Node Type": "Hash", "Parent Relationship": "Inner", "Parallel Aware": false, "Async Capable": false, "Startup Cost": 1002.69, "Total Cost": 1002.69, "Plan Rows": 6599, "Plan Width": 4, "Actual Rows": 6598, "Actual Loops": 1, "Hash Buckets": 8192, "Original Hash Buckets": 8192, "Hash Batches": 1, "Original Hash Batches": 1, "Peak Memory Usage": 296, "Plans": [{"Node Type": "Seq Scan", "Parent Relationship": "Outer", "Parallel Aware": false, "Async Capable": false, "Relation Name": "users", "Alias": "u", "Startup Cost": 0.0, "Total Cost": 1002.69, "Plan Rows": 6599, "Plan Width": 4, "Actual Rows": 6598, "Actual Loops": 1, "Filter": "((downvotes <= 401) AND (creationdate >= '2011-07-15 03:59:19'::timestamp without time zone) AND (creationdate <= '2012-08-09 05:42:29'::timestamp without time zone))", "Rows Removed by Filter": 33727}]}]}, {"Node Type": "Hash", "Parent Relationship": "Inner", "Parallel Aware": false, "Async Capable": false, "Startup Cost": 3575.71, "Total Cost": 3575.71, "Plan Rows": 176.0, "Plan Width": 12, "Actual Rows": 273, "Actual Loops": 1, "Hash Buckets": 1024, "Original Hash Buckets": 1024, "Hash Batches": 1, "Original Hash Batches": 1, "Peak Memory Usage": 20, "Plans": [{"Node Type": "Nested Loop", "Parent Relationship": "Outer", "Parallel Aware": false, "Async Capable": false, "Join Type": "Inner", "Startup Cost": 0.71, "Total Cost": 3575.71, "Plan Rows": 176.0, "Plan Width": 12, "Actual Rows": 273, "Actual Loops": 1, "Inner Unique": false, "Join Filter": "(c.userid = p.owneruserid)", "Rows Removed by Join Filter": 0, "Plans": [{"Node Type": "Nested Loop", "Parent Relationship": "Outer", "Parallel Aware": false, "Async Capable": false, "Join Type": "Inner", "Startup Cost": 0.42, "Total Cost": 3573.06, "Plan Rows": 1545.0, "Plan Width": 8, "Actual Rows": 12, "Actual Loops": 1, "Inner Unique": false, "Plans": [{"Node Type": "Seq Scan", "Parent Relationship": "Outer", "Parallel Aware": false, "Async Capable": false, "Relation Name": "comments", "Alias": "c", "Startup Cost": 0.0, "Total Cost": 3522.81, "Plan Rows": 2, "Plan Width": 4, "Actual Rows": 3, "Actual Loops": 1, "Filter": "(score = 21)", "Rows Removed by Filter": 174302}, {"Node Type": "Index Scan", "Parent Relationship": "Inner", "Parallel Aware": false, "Async Capable": false, "Scan Direction": "Forward", "Index Name": "idx_votes_userid", "Relation Name": "votes", "Alias": "v", "Startup Cost": 0.42, "Total Cost": 25.11, "Plan Rows": 1, "Plan Width": 4, "Actual Rows": 4, "Actual Loops": 3, "Index Cond": "(userid = c.userid)", "Rows Removed by Index Recheck": 0, "Filter": "(bountyamount <= 339)", "Rows Removed by Filter": 33}]}, {"Node Type": "Index Scan", "Parent Relationship": "Inner", "Parallel Aware": false, "Async Capable": false, "Scan Direction": "Forward", "Index Name": "idx_posts_owneruserid", "Relation Name": "posts", "Alias": "p", "Startup Cost": 0.29, "Total Cost": 2.63, "Plan Rows": 1, "Plan Width": 4, "Actual Rows": 23, "Actual Loops": 12, "Index Cond": "(owneruserid = v.userid)", "Rows Removed by Index Recheck": 0, "Filter": "((score >= 23) AND (score <= 145) AND (creationdate >= '2009-12-10 10:31:40'::timestamp without time zone) AND (creationdate <= '2012-12-14 05:01:22'::timestamp without time zone))", "Rows Removed by Filter": 790}]}]}]}]}, "Planning Time": 4.55, "Triggers": [], "Execution Time": 43.029}, {"Plan": {"Node Type": "Aggregate", "Strategy": "Plain", "Partial Mode": "Simple", "Parallel Aware": false, "Async Capable": false, "Startup Cost": 6275.3, "Total Cost": 6275.31, "Plan Rows": 1, "Plan Width": 8, "Actual Rows": 1, "Actual Loops": 1, "Plans": [{"Node Type": "Nested Loop", "Parent Relationship": "Outer", "Parallel Aware": false, "Async Capable": false, "Join Type": "Inner", "Startup Cost": 1085.89, "Total Cost": 6275.28, "Plan Rows": 215.0, "Plan Width": 0, "Actual Rows": 2870, "Actual Loops": 1, "Inner Unique": false, "Join Filter": "(c.userid = u.id)", "Rows Removed by Join Filter": 3673075, "Plans": [{"Node Type": "Nested Loop", "Parent Relationship": "Outer", "Parallel Aware": false, "Async Capable": false, "Join Type": "Inner", "Startup Cost": 0.71, "Total Cost": 3575.71, "Plan Rows": 176.0, "Plan Width": 12, "Actual Rows": 273, "Actual Loops": 1, "Inner Unique": false, "Join Filter": "(c.userid = p.owneruserid)", "Rows Removed by Join Filter": 0, "Plans": [{"Node Type": "Nested Loop", "Parent Relationship": "Outer", "Parallel Aware": false, "Async Capable": false, "Join Type": "Inner", "Startup Cost": 0.42, "Total Cost": 3573.06, "Plan Rows": 1545.0, "Plan Width": 8, "Actual Rows": 12, "Actual Loops": 1, "Inner Unique": false, "Plans": [{"Node Type": "Seq Scan", "Parent Relationship": "Outer", "Parallel Aware": false, "Async Capable": false, "Relation Name": "comments", "Alias": "c", "Startup Cost": 0.0, "Total Cost": 3522.81, "Plan Rows": 2, "Plan Width": 4, "Actual Rows": 3, "Actual Loops": 1, "Filter": "(score = 21)", "Rows Removed by Filter": 174302}, {"Node Type": "Index Scan", "Parent Relationship": "Inner", "Parallel Aware": false, "Async Capable": false, "Scan Direction": "Forward", "Index Name": "idx_votes_userid", "Relation Name": "votes", "Alias": "v", "Startup Cost": 0.42, "Total Cost": 25.11, "Plan Rows": 1, "Plan Width": 4, "Actual Rows": 4, "Actual Loops": 3, "Index Cond": "(userid = c.userid)", "Rows Removed by Index Recheck": 0, "Filter": "(bountyamount <= 339)", "Rows Removed by Filter": 33}]}, {"Node Type": "Index Scan", "Parent Relationship": "Inner", "Parallel Aware": false, "Async Capable": false, "Scan Direction": "Forward", "Index Name": "idx_posts_owneruserid", "Relation Name": "posts", "Alias": "p", "Startup Cost": 0.29, "Total Cost": 2.63, "Plan Rows": 1, "Plan Width": 4, "Actual Rows": 23, "Actual Loops": 12, "Index Cond": "(owneruserid = v.userid)", "Rows Removed by Index Recheck": 0, "Filter": "((score >= 23) AND (score <= 145) AND (creationdate >= '2009-12-10 10:31:40'::timestamp without time zone) AND (creationdate <= '2012-12-14 05:01:22'::timestamp without time zone))", "Rows Removed by Filter": 790}]}, {"Node Type": "Hash Join", "Parent Relationship": "Inner", "Parallel Aware": false, "Async Capable": false, "Join Type": "Inner", "Startup Cost": 1085.18, "Total Cost": 2618.88, "Plan Rows": 885.0, "Plan Width": 8, "Actual Rows": 13465, "Actual Loops": 273, "Inner Unique": true, "Hash Cond": "(b.userid = u.id)", "Plans": [{"Node Type": "Seq Scan", "Parent Relationship": "Outer", "Parallel Aware": false, "Async Capable": false, "Relation Name": "badges", "Alias": "b", "Startup Cost": 0.0, "Total Cost": 1430.14, "Plan Rows": 39449, "Plan Width": 4, "Actual Rows": 39455, "Actual Loops": 273, "Filter": "(date <= '2013-05-25 11:12:33'::timestamp without time zone)", "Rows Removed by Filter": 40396}, {"Node Type": "Hash", "Parent Relationship": "Inner", "Parallel Aware": false, "Async Capable": false, "Startup Cost": 1002.69, "Total Cost": 1002.69, "Plan Rows": 6599, "Plan Width": 4, "Actual Rows": 6598, "Actual Loops": 1, "Hash Buckets": 8192, "Original Hash Buckets": 8192, "Hash Batches": 1, "Original Hash Batches": 1, "Peak Memory Usage": 296, "Plans": [{"Node Type": "Seq Scan", "Parent Relationship": "Outer", "Parallel Aware": false, "Async Capable": false, "Relation Name": "users", "Alias": "u", "Startup Cost": 0.0, "Total Cost": 1002.69, "Plan Rows": 6599, "Plan Width": 4, "Actual Rows": 6598, "Actual Loops": 1, "Filter": "((downvotes <= 401) AND (creationdate >= '2011-07-15 03:59:19'::timestamp without time zone) AND (creationdate <= '2012-08-09 05:42:29'::timestamp without time zone))", "Rows Removed by Filter": 33727}]}]}]}]}, "Planning Time": 4.909, "Triggers": [], "Execution Time": 1684.078}, {"Plan": {"Node Type": "Aggregate", "Strategy": "Plain", "Partial Mode": "Simple", "Parallel Aware": false, "Async Capable": false, "Startup Cost": 1967.29, "Total Cost": 1967.3, "Plan Rows": 1, "Plan Width": 8, "Actual Rows": 1, "Actual Loops": 1, "Plans": [{"Node Type": "Nested Loop", "Parent Relationship": "Outer", "Parallel Aware": false, "Async Capable": false, "Join Type": "Inner", "Startup Cost": 1422.63, "Total Cost": 1967.27, "Plan Rows": 215.0, "Plan Width": 0, "Actual Rows": 2870, "Actual Loops": 1, "Inner Unique": false, "Join Filter": "(p.owneruserid = u.id)", "Rows Removed by Join Filter": 0, "Plans": [{"Node Type": "Nested Loop", "Parent Relationship": "Outer", "Parallel Aware": false, "Async Capable": false, "Join Type": "Inner", "Startup Cost": 1422.34, "Total Cost": 1963.68, "Plan Rows": 1618.0, "Plan Width": 16, "Actual Rows": 410, "Actual Loops": 1, "Inner Unique": false, "Join Filter": "(c.userid = u.id)", "Rows Removed by Join Filter": 0, "Plans": [{"Node Type": "Merge Join", "Parent Relationship": "Outer", "Parallel Aware": false, "Async Capable": false, "Join Type": "Inner", "Startup Cost": 1422.04, "Total Cost": 1932.61, "Plan Rows": 15380.0, "Plan Width": 12, "Actual Rows": 5004, "Actual Loops": 1, "Inner Unique": true, "Merge Cond": "(v.userid = u.id)", "Plans": [{"Node Type": "Merge Join", "Parent Relationship": "Outer", "Parallel Aware": false, "Async Capable": false, "Join Type": "Inner", "Startup Cost": 0.71, "Total Cost": 4503.78, "Plan Rows": 221713.0, "Plan Width": 8, "Actual Rows": 21551, "Actual Loops": 1, "Inner Unique": false, "Merge Cond": "(v.userid = b.userid)", "Plans": [{"Node Type": "Index Scan", "Parent Relationship": "Outer", "Parallel Aware": false, "Async Capable": false, "Scan Direction": "Forward", "Index Name": "idx_votes_userid", "Relation Name": "votes", "Alias": "v", "Startup Cost": 0.42, "Total Cost": 12422.47, "Plan Rows": 1739, "Plan Width": 4, "Actual Rows": 889, "Actual Loops": 1, "Filter": "(bountyamount <= 339)", "Rows Removed by Filter": 26781}, {"Node Type": "Index Scan", "Parent Relationship": "Inner", "Parallel Aware": false, "Async Capable": false, "Scan Direction": "Forward", "Index Name": "idx_badges_userid", "Relation Name": "badges", "Alias": "b", "Startup Cost": 0.29, "Total Cost": 3064.97, "Plan Rows": 39449, "Plan Width": 4, "Actual Rows": 54099, "Actual Loops": 1, "Filter": "(date <= '2013-05-25 11:12:33'::timestamp without time zone)", "Rows Removed by Filter": 54109}]}, {"Node Type": "Sort", "Parent Relationship": "Inner", "Parallel Aware": false, "Async Capable": false, "Startup Cost": 1421.33, "Total Cost": 1437.83, "Plan Rows": 6599, "Plan Width": 4, "Actual Rows": 6598, "Actual Loops": 1, "Sort Key": ["u.id"], "Sort Method": "quicksort", "Sort Space Used": 193, "Sort Space Type": "Memory", "Plans": [{"Node Type": "Seq Scan", "Parent Relationship": "Outer", "Parallel Aware": false, "Async Capable": false, "Relation Name": "users", "Alias": "u", "Startup Cost": 0.0, "Total Cost": 1002.69, "Plan Rows": 6599, "Plan Width": 4, "Actual Rows": 6598, "Actual Loops": 1, "Filter": "((downvotes <= 401) AND (creationdate >= '2011-07-15 03:59:19'::timestamp without time zone) AND (creationdate <= '2012-08-09 05:42:29'::timestamp without time zone))", "Rows Removed by Filter": 33727}]}]}, {"Node Type": "Index Scan", "Parent Relationship": "Inner", "Parallel Aware": false, "Async Capable": false, "Scan Direction": "Forward", "Index Name": "idx_comments_userid", "Relation Name": "comments", "Alias": "c", "Startup Cost": 0.29, "Total Cost": 0.71, "Plan Rows": 1, "Plan Width": 4, "Actual Rows": 0, "Actual Loops": 5004, "Index Cond": "(userid = b.userid)", "Rows Removed by Index Recheck": 0, "Filter": "(score = 21)", "Rows Removed by Filter": 678}]}, {"Node Type": "Index Scan", "Parent Relationship": "Inner", "Parallel Aware": false, "Async Capable": false, "Scan Direction": "Forward", "Index Name": "idx_posts_owneruserid", "Relation Name": "posts", "Alias": "p", "Startup Cost": 0.29, "Total Cost": 0.5, "Plan Rows": 1, "Plan Width": 4, "Actual Rows": 7, "Actual Loops": 410, "Index Cond": "(owneruserid = b.userid)", "Rows Removed by Index Recheck": 0, "Filter": "((score >= 23) AND (score <= 145) AND (creationdate >= '2009-12-10 10:31:40'::timestamp without time zone) AND (creationdate <= '2012-12-14 05:01:22'::timestamp without time zone))", "Rows Removed by Filter": 258}]}]}, "Planning Time": 4.691, "Triggers": [], "Execution Time": 592.184}, {"Plan": {"Node Type": "Aggregate", "Strategy": "Plain", "Partial Mode": "Simple", "Parallel Aware": false, "Async Capable": false, "Startup Cost": 7387.66, "Total Cost": 7387.67, "Plan Rows": 1, "Plan Width": 8, "Actual Rows": 1, "Actual Loops": 1, "Plans": [{"Node Type": "Nested Loop", "Parent Relationship": "Outer", "Parallel Aware": false, "Async Capable": false, "Join Type": "Inner", "Startup Cost": 1085.89, "Total Cost": 7387.65, "Plan Rows": 215.0, "Plan Width": 0, "Actual Rows": 2870, "Actual Loops": 1, "Inner Unique": false, "Join Filter": "(c.userid = u.id)", "Rows Removed by Join Filter": 43966, "Plans": [{"Node Type": "Nested Loop", "Parent Relationship": "Outer", "Parallel Aware": false, "Async Capable": false, "Join Type": "Inner", "Startup Cost": 1085.47, "Total Cost": 3800.56, "Plan Rows": 172.0, "Plan Width": 12, "Actual Rows": 3903, "Actual Loops": 1, "Inner Unique": false, "Plans": [{"Node Type": "Hash Join", "Parent Relationship": "Outer", "Parallel Aware": false, "Async Capable": false, "Join Type": "Inner", "Startup Cost": 1085.18, "Total Cost": 3765.5, "Plan Rows": 7.0, "Plan Width": 8, "Actual Rows": 102, "Actual Loops": 1, "Inner Unique": true, "Hash Cond": "(p.owneruserid = u.id)", "Plans": [{"Node Type": "Seq Scan", "Parent Relationship": "Outer", "Parallel Aware": false, "Async Capable": false, "Relation Name": "posts", "Alias": "p", "Startup Cost": 0.0, "Total Cost": 2679.52, "Plan Rows": 305, "Plan Width": 4, "Actual Rows": 633, "Actual Loops": 1, "Filter": "((score >= 23) AND (score <= 145) AND (creationdate >= '2009-12-10 10:31:40'::timestamp without time zone) AND (creationdate <= '2012-12-14 05:01:22'::timestamp without time zone))", "Rows Removed by Filter": 91343}, {"Node Type": "Hash", "Parent Relationship": "Inner", "Parallel Aware": false, "Async Capable": false, "Startup Cost": 1002.69, "Total Cost": 1002.69, "Plan Rows": 6599, "Plan Width": 4, "Actual Rows": 6598, "Actual Loops": 1, "Hash Buckets": 8192, "Original Hash Buckets": 8192, "Hash Batches": 1, "Original Hash Batches": 1, "Peak Memory Usage": 296, "Plans": [{"Node Type": "Seq Scan", "Parent Relationship": "Outer", "Parallel Aware": false, "Async Capable": false, "Relation Name": "users", "Alias": "u", "Startup Cost": 0.0, "Total Cost": 1002.69, "Plan Rows": 6599, "Plan Width": 4, "Actual Rows": 6598, "Actual Loops": 1, "Filter": "((downvotes <= 401) AND (creationdate >= '2011-07-15 03:59:19'::timestamp without time zone) AND (creationdate <= '2012-08-09 05:42:29'::timestamp without time zone))", "Rows Removed by Filter": 33727}]}]}, {"Node Type": "Index Scan", "Parent Relationship": "Inner", "Parallel Aware": false, "Async Capable": false, "Scan Direction": "Forward", "Index Name": "idx_badges_userid", "Relation Name": "badges", "Alias": "b", "Startup Cost": 0.29, "Total Cost": 0.7, "Plan Rows": 2, "Plan Width": 4, "Actual Rows": 38, "Actual Loops": 102, "Index Cond": "(userid = u.id)", "Rows Removed by Index Recheck": 0, "Filter": "(date <= '2013-05-25 11:12:33'::timestamp without time zone)", "Rows Removed by Filter": 26}]}, {"Node Type": "Materialize", "Parent Relationship": "Inner", "Parallel Aware": false, "Async Capable": false, "Startup Cost": 0.42, "Total Cost": 3573.06, "Plan Rows": 1545.0, "Plan Width": 8, "Actual Rows": 12, "Actual Loops": 3903, "Plans": [{"Node Type": "Nested Loop", "Parent Relationship": "Outer", "Parallel Aware": false, "Async Capable": false, "Join Type": "Inner", "Startup Cost": 0.42, "Total Cost": 3573.06, "Plan Rows": 1545.0, "Plan Width": 8, "Actual Rows": 12, "Actual Loops": 1, "Inner Unique": false, "Plans": [{"Node Type": "Seq Scan", "Parent Relationship": "Outer", "Parallel Aware": false, "Async Capable": false, "Relation Name": "comments", "Alias": "c", "Startup Cost": 0.0, "Total Cost": 3522.81, "Plan Rows": 2, "Plan Width": 4, "Actual Rows": 3, "Actual Loops": 1, "Filter": "(score = 21)", "Rows Removed by Filter": 174302}, {"Node Type": "Index Scan", "Parent Relationship": "Inner", "Parallel Aware": false, "Async Capable": false, "Scan Direction": "Forward", "Index Name": "idx_votes_userid", "Relation Name": "votes", "Alias": "v", "Startup Cost": 0.42, "Total Cost": 25.11, "Plan Rows": 1, "Plan Width": 4, "Actual Rows": 4, "Actual Loops": 3, "Index Cond": "(userid = c.userid)", "Rows Removed by Index Recheck": 0, "Filter": "(bountyamount <= 339)", "Rows Removed by Filter": 33}]}]}]}]}, "Planning Time": 4.743, "Triggers": [], "Execution Time": 53.331}, {"Plan": {"Node Type": "Aggregate", "Strategy": "Plain", "Partial Mode": "Simple", "Parallel Aware": false, "Async Capable": false, "Startup Cost": 5486.54, "Total Cost": 5486.55, "Plan Rows": 1, "Plan Width": 8, "Actual Rows": 1, "Actual Loops": 1, "Plans": [{"Node Type": "Nested Loop", "Parent Relationship": "Outer", "Parallel Aware": false, "Async Capable": false, "Join Type": "Inner", "Startup Cost": 1422.34, "Total Cost": 5486.52, "Plan Rows": 215.0, "Plan Width": 0, "Actual Rows": 2870, "Actual Loops": 1, "Inner Unique": false, "Join Filter": "(c.userid = u.id)", "Rows Removed by Join Filter": 207298, "Plans": [{"Node Type": "Nested Loop", "Parent Relationship": "Outer", "Parallel Aware": false, "Async Capable": false, "Join Type": "Inner", "Startup Cost": 0.29, "Total Cost": 3552.52, "Plan Rows": 9.0, "Plan Width": 8, "Actual Rows": 42, "Actual Loops": 1, "Inner Unique": false, "Plans": [{"Node Type": "Seq Scan", "Parent Relationship": "Outer", "Parallel Aware": false, "Async Capable": false, "Relation Name": "comments", "Alias": "c", "Startup Cost": 0.0, "Total Cost": 3522.81, "Plan Rows": 2, "Plan Width": 4, "Actual Rows": 3, "Actual Loops": 1, "Filter": "(score = 21)", "Rows Removed by Filter": 174302}, {"Node Type": "Index Scan", "Parent Relationship": "Inner", "Parallel Aware": false, "Async Capable": false, "Scan Direction": "Forward", "Index Name": "idx_posts_owneruserid", "Relation Name": "posts", "Alias": "p", "Startup Cost": 0.29, "Total Cost": 14.84, "Plan Rows": 1, "Plan Width": 4, "Actual Rows": 14, "Actual Loops": 3, "Index Cond": "(owneruserid = c.userid)", "Rows Removed by Index Recheck": 0, "Filter": "((score >= 23) AND (score <= 145) AND (creationdate >= '2009-12-10 10:31:40'::timestamp without time zone) AND (creationdate <= '2012-12-14 05:01:22'::timestamp without time zone))", "Rows Removed by Filter": 484}]}, {"Node Type": "Materialize", "Parent Relationship": "Inner", "Parallel Aware": false, "Async Capable": false, "Startup Cost": 1422.04, "Total Cost": 1932.82, "Plan Rows": 15380.0, "Plan Width": 12, "Actual Rows": 5004, "Actual Loops": 42, "Plans": [{"Node Type": "Merge Join", "Parent Relationship": "Outer", "Parallel Aware": false, "Async Capable": false, "Join Type": "Inner", "Startup Cost": 1422.04, "Total Cost": 1932.61, "Plan Rows": 15380.0, "Plan Width": 12, "Actual Rows": 5004, "Actual Loops": 1, "Inner Unique": true, "Merge Cond": "(v.userid = u.id)", "Plans": [{"Node Type": "Merge Join", "Parent Relationship": "Outer", "Parallel Aware": false, "Async Capable": false, "Join Type": "Inner", "Startup Cost": 0.71, "Total Cost": 4503.78, "Plan Rows": 221713.0, "Plan Width": 8, "Actual Rows": 21551, "Actual Loops": 1, "Inner Unique": false, "Merge Cond": "(v.userid = b.userid)", "Plans": [{"Node Type": "Index Scan", "Parent Relationship": "Outer", "Parallel Aware": false, "Async Capable": false, "Scan Direction": "Forward", "Index Name": "idx_votes_userid", "Relation Name": "votes", "Alias": "v", "Startup Cost": 0.42, "Total Cost": 12422.47, "Plan Rows": 1739, "Plan Width": 4, "Actual Rows": 889, "Actual Loops": 1, "Filter": "(bountyamount <= 339)", "Rows Removed by Filter": 26781}, {"Node Type": "Index Scan", "Parent Relationship": "Inner", "Parallel Aware": false, "Async Capable": false, "Scan Direction": "Forward", "Index Name": "idx_badges_userid", "Relation Name": "badges", "Alias": "b", "Startup Cost": 0.29, "Total Cost": 3064.97, "Plan Rows": 39449, "Plan Width": 4, "Actual Rows": 54099, "Actual Loops": 1, "Filter": "(date <= '2013-05-25 11:12:33'::timestamp without time zone)", "Rows Removed by Filter": 54109}]}, {"Node Type": "Sort", "Parent Relationship": "Inner", "Parallel Aware": false, "Async Capable": false, "Startup Cost": 1421.33, "Total Cost": 1437.83, "Plan Rows": 6599, "Plan Width": 4, "Actual Rows": 6598, "Actual Loops": 1, "Sort Key": ["u.id"], "Sort Method": "quicksort", "Sort Space Used": 193, "Sort Space Type": "Memory", "Plans": [{"Node Type": "Seq Scan", "Parent Relationship": "Outer", "Parallel Aware": false, "Async Capable": false, "Relation Name": "users", "Alias": "u", "Startup Cost": 0.0, "Total Cost": 1002.69, "Plan Rows": 6599, "Plan Width": 4, "Actual Rows": 6598, "Actual Loops": 1, "Filter": "((downvotes <= 401) AND (creationdate >= '2011-07-15 03:59:19'::timestamp without time zone) AND (creationdate <= '2012-08-09 05:42:29'::timestamp without time zone))", "Rows Removed by Filter": 33727}]}]}]}]}]}, "Planning Time": 4.943, "Triggers": [], "Execution Time": 125.468}, {"Plan": {"Node Type": "Aggregate", "Strategy": "Plain", "Partial Mode": "Simple", "Parallel Aware": false, "Async Capable": false, "Startup Cost": 6724.44, "Total Cost": 6724.45, "Plan Rows": 1, "Plan Width": 8, "Actual Rows": 1, "Actual Loops": 1, "Plans": [{"Node Type": "Nested Loop", "Parent Relationship": "Outer", "Parallel Aware": false, "Async Capable": false, "Join Type": "Inner", "Startup Cost": 2693.11, "Total Cost": 6724.42, "Plan Rows": 215.0, "Plan Width": 0, "Actual Rows": 2870, "Actual Loops": 1, "Inner Unique": false, "Join Filter": "(p.owneruserid = u.id)", "Rows Removed by Join Filter": 154930, "Plans": [{"Node Type": "Merge Join", "Parent Relationship": "Outer", "Parallel Aware": false, "Async Capable": false, "Join Type": "Inner", "Startup Cost": 2692.82, "Total Cost": 3172.13, "Plan Rows": 30001.0, "Plan Width": 12, "Actual Rows": 157800, "Actual Loops": 1, "Inner Unique": false, "Merge Cond": "(v.userid = p.owneruserid)", "Plans": [{"Node Type": "Merge Join", "Parent Relationship": "Outer", "Parallel Aware": false, "Async Capable": false, "Join Type": "Inner", "Startup Cost": 0.71, "Total Cost": 4503.78, "Plan Rows": 221713.0, "Plan Width": 8, "Actual Rows": 21551, "Actual Loops": 1, "Inner Unique": false, "Merge Cond": "(v.userid = b.userid)", "Plans": [{"Node Type": "Index Scan", "Parent Relationship": "Outer", "Parallel Aware": false, "Async Capable": false, "Scan Direction": "Forward", "Index Name": "idx_votes_userid", "Relation Name": "votes", "Alias": "v", "Startup Cost": 0.42, "Total Cost": 12422.47, "Plan Rows": 1739, "Plan Width": 4, "Actual Rows": 889, "Actual Loops": 1, "Filter": "(bountyamount <= 339)", "Rows Removed by Filter": 26781}, {"Node Type": "Index Scan", "Parent Relationship": "Inner", "Parallel Aware": false, "Async Capable": false, "Scan Direction": "Forward", "Index Name": "idx_badges_userid", "Relation Name": "badges", "Alias": "b", "Startup Cost": 0.29, "Total Cost": 3064.97, "Plan Rows": 39449, "Plan Width": 4, "Actual Rows": 54099, "Actual Loops": 1, "Filter": "(date <= '2013-05-25 11:12:33'::timestamp without time zone)", "Rows Removed by Filter": 54109}]}, {"Node Type": "Sort", "Parent Relationship": "Inner", "Parallel Aware": false, "Async Capable": false, "Startup Cost": 2692.11, "Total Cost": 2692.87, "Plan Rows": 305, "Plan Width": 4, "Actual Rows": 158138, "Actual Loops": 1, "Sort Key": ["p.owneruserid"], "Sort Method": "quicksort", "Sort Space Used": 25, "Sort Space Type": "Memory", "Plans": [{"Node Type": "Seq Scan", "Parent Relationship": "Outer", "Parallel Aware": false, "Async Capable": false, "Relation Name": "posts", "Alias": "p", "Startup Cost": 0.0, "Total Cost": 2679.52, "Plan Rows": 305, "Plan Width": 4, "Actual Rows": 633, "Actual Loops": 1, "Filter": "((score >= 23) AND (score <= 145) AND (creationdate >= '2009-12-10 10:31:40'::timestamp without time zone) AND (creationdate <= '2012-12-14 05:01:22'::timestamp without time zone))", "Rows Removed by Filter": 91343}]}]}, {"Node Type": "Materialize", "Parent Relationship": "Inner", "Parallel Aware": false, "Async Capable": false, "Startup Cost": 0.29, "Total Cost": 3539.45, "Plan Rows": 6.0, "Plan Width": 8, "Actual Rows": 1, "Actual Loops": 157800, "Plans": [{"Node Type": "Nested Loop", "Parent Relationship": "Outer", "Parallel Aware": false, "Async Capable": false, "Join Type": "Inner", "Startup Cost": 0.29, "Total Cost": 3539.44, "Plan Rows": 6.0, "Plan Width": 8, "Actual Rows": 1, "Actual Loops": 1, "Inner Unique": true, "Plans": [{"Node Type": "Seq Scan", "Parent Relationship": "Outer", "Parallel Aware": false, "Async Capable": false, "Relation Name": "comments", "Alias": "c", "Startup Cost": 0.0, "Total Cost": 3522.81, "Plan Rows": 2, "Plan Width": 4, "Actual Rows": 3, "Actual Loops": 1, "Filter": "(score = 21)", "Rows Removed by Filter": 174302}, {"Node Type": "Index Scan", "Parent Relationship": "Inner", "Parallel Aware": false, "Async Capable": false, "Scan Direction": "Forward", "Index Name": "users_pkey", "Relation Name": "users", "Alias": "u", "Startup Cost": 0.29, "Total Cost": 8.31, "Plan Rows": 1, "Plan Width": 4, "Actual Rows": 0, "Actual Loops": 3, "Index Cond": "(id = c.userid)", "Rows Removed by Index Recheck": 0, "Filter": "((downvotes <= 401) AND (creationdate >= '2011-07-15 03:59:19'::timestamp without time zone) AND (creationdate <= '2012-08-09 05:42:29'::timestamp without time zone))", "Rows Removed by Filter": 1}]}]}]}]}, "Planning Time": 4.786, "Triggers": [], "Execution Time": 142.758}]