[{"Plan": {"Node Type": "Aggregate", "Strategy": "Plain", "Partial Mode": "Simple", "Parallel Aware": false, "Async Capable": false, "Startup Cost": 2851.65, "Total Cost": 2851.66, "Plan Rows": 1, "Plan Width": 8, "Actual Rows": 1, "Actual Loops": 1, "Plans": [{"Node Type": "Nested Loop", "Parent Relationship": "Outer", "Parallel Aware": false, "Async Capable": false, "Join Type": "Inner", "Startup Cost": 2461.59, "Total Cost": 2851.64, "Plan Rows": 80.0, "Plan Width": 0, "Actual Rows": 198, "Actual Loops": 1, "Inner Unique": false, "Plans": [{"Node Type": "Nested Loop", "Parent Relationship": "Outer", "Parallel Aware": false, "Async Capable": false, "Join Type": "Inner", "Startup Cost": 2461.3, "Total Cost": 2851.17, "Plan Rows": 3.0, "Plan Width": 8, "Actual Rows": 4, "Actual Loops": 1, "Inner Unique": true, "Plans": [{"Node Type": "Nested Loop", "Parent Relationship": "Outer", "Parallel Aware": false, "Async Capable": false, "Join Type": "Inner", "Startup Cost": 2461.01, "Total Cost": 2848.92, "Plan Rows": 43.0, "Plan Width": 4, "Actual Rows": 66, "Actual Loops": 1, "Inner Unique": false, "Join Filter": "(p.id = v.postid)", "Rows Removed by Join Filter": 0, "Plans": [{"Node Type": "Nested Loop", "Parent Relationship": "Outer", "Parallel Aware": false, "Async Capable": false, "Join Type": "Inner", "Startup Cost": 2460.59, "Total Cost": 2835.26, "Plan Rows": 7.0, "Plan Width": 16, "Actual Rows": 876, "Actual Loops": 1, "Inner Unique": false, "Join Filter": "(c.postid = p.id)", "Rows Removed by Join Filter": 0, "Plans": [{"Node Type": "Hash Join", "Parent Relationship": "Outer", "Parallel Aware": false, "Async Capable": false, "Join Type": "Inner", "Startup Cost": 2460.17, "Total Cost": 2732.96, "Plan Rows": 55.0, "Plan Width": 12, "Actual Rows": 2148, "Actual Loops": 1, "Inner Unique": true, "Hash Cond": "(pl.relatedpostid = p.id)", "Plans": [{"Node Type": "Seq Scan", "Parent Relationship": "Outer", "Parallel Aware": false, "Async Capable": false, "Relation Name": "postlinks", "Alias": "pl", "Startup Cost": 0.0, "Total Cost": 248.53, "Plan Rows": 9242, "Plan Width": 4, "Actual Rows": 9154, "Actual Loops": 1, "Filter": "((creationdate >= '2011-10-14 22:52:24'::timestamp without time zone) AND (linktypeid = 1))", "Rows Removed by Filter": 1948}, {"Node Type": "Hash", "Parent Relationship": "Inner", "Parallel Aware": false, "Async Capable": false, "Startup Cost": 2449.58, "Total Cost": 2449.58, "Plan Rows": 847, "Plan Width": 8, "Actual Rows": 1268, "Actual Loops": 1, "Hash Buckets": 2048, "Original Hash Buckets": 1024, "Hash Batches": 1, "Original Hash Batches": 1, "Peak Memory Usage": 66, "Plans": [{"Node Type": "Seq Scan", "Parent Relationship": "Outer", "Parallel Aware": false, "Async Capable": false, "Relation Name": "posts", "Alias": "p", "Startup Cost": 0.0, "Total Cost": 2449.58, "Plan Rows": 847, "Plan Width": 8, "Actual Rows": 1268, "Actual Loops": 1, "Filter": "((answercount >= 4) AND (answercount <= 37) AND (creationdate <= '2013-07-12 13:35:20'::timestamp without time zone))", "Rows Removed by Filter": 90708}]}]}, {"Node Type": "Index Scan", "Parent Relationship": "Inner", "Parallel Aware": false, "Async Capable": false, "Scan Direction": "Forward", "Index Name": "idx_comments_postid", "Relation Name": "comments", "Alias": "c", "Startup Cost": 0.42, "Total Cost": 1.19, "Plan Rows": 1, "Plan Width": 4, "Actual Rows": 0, "Actual Loops": 2148, "Index Cond": "(postid = pl.relatedpostid)", "Rows Removed by Index Recheck": 0, "Filter": "(score = 2)", "Rows Removed by Filter": 3}]}, {"Node Type": "Index Scan", "Parent Relationship": "Inner", "Parallel Aware": false, "Async Capable": false, "Scan Direction": "Forward", "Index Name": "idx_votes_postid", "Relation Name": "votes", "Alias": "v", "Startup Cost": 0.42, "Total Cost": 1.69, "Plan Rows": 1, "Plan Width": 4, "Actual Rows": 0, "Actual Loops": 876, "Index Cond": "(postid = pl.relatedpostid)", "Rows Removed by Index Recheck": 0, "Filter": "((bountyamount <= 293) AND (creationdate >= '2011-11-24 23:37:29'::timestamp without time zone) AND (creationdate <= '2013-05-11 06:36:52'::timestamp without time zone))", "Rows Removed by Filter": 85}]}, {"Node Type": "Index Scan", "Parent Relationship": "Inner", "Parallel Aware": false, "Async Capable": false, "Scan Direction": "Forward", "Index Name": "users_pkey", "Relation Name": "users", "Alias": "u", "Startup Cost": 0.29, "Total Cost": 2.25, "Plan Rows": 1, "Plan Width": 4, "Actual Rows": 0, "Actual Loops": 66, "Index Cond": "(id = p.owneruserid)", "Rows Removed by Index Recheck": 0, "Filter": "((views <= 9245) AND (creationdate >= '2011-06-26 08:06:30'::timestamp without time zone) AND (creationdate <= '2012-07-01 18:12:14'::timestamp without time zone))", "Rows Removed by Filter": 1}]}, {"Node Type": "Index Only Scan", "Parent Relationship": "Inner", "Parallel Aware": false, "Async Capable": false, "Scan Direction": "Forward", "Index Name": "idx_badges_userid", "Relation Name": "badges", "Alias": "b", "Startup Cost": 0.29, "Total Cost": 0.43, "Plan Rows": 3, "Plan Width": 4, "Actual Rows": 50, "Actual Loops": 4, "Index Cond": "(userid = u.id)", "Rows Removed by Index Recheck": 0, "Heap Fetches": 0}]}]}, "Planning Time": 4.089, "Triggers": [], "Execution Time": 41.292}, {"Plan": {"Node Type": "Aggregate", "Strategy": "Plain", "Partial Mode": "Simple", "Parallel Aware": false, "Async Capable": false, "Startup Cost": 9718.36, "Total Cost": 9718.37, "Plan Rows": 1, "Plan Width": 8, "Actual Rows": 1, "Actual Loops": 1, "Plans": [{"Node Type": "Hash Join", "Parent Relationship": "Outer", "Parallel Aware": false, "Async Capable": false, "Join Type": "Inner", "Startup Cost": 7190.29, "Total Cost": 9718.34, "Plan Rows": 80.0, "Plan Width": 0, "Actual Rows": 198, "Actual Loops": 1, "Inner Unique": false, "Hash Cond": "(p.id = c.postid)", "Plans": [{"Node Type": "Nested Loop", "Parent Relationship": "Outer", "Parallel Aware": false, "Async Capable": false, "Join Type": "Inner", "Startup Cost": 1079.13, "Total Cost": 3588.98, "Plan Rows": 436.0, "Plan Width": 4, "Actual Rows": 5063, "Actual Loops": 1, "Inner Unique": false, "Plans": [{"Node Type": "Hash Join", "Parent Relationship": "Outer", "Parallel Aware": false, "Async Capable": false, "Join Type": "Inner", "Startup Cost": 1078.84, "Total Cost": 3530.64, "Plan Rows": 7.0, "Plan Width": 12, "Actual Rows": 322, "Actual Loops": 1, "Inner Unique": true, "Hash Cond": "(p.owneruserid = u.id)", "Plans": [{"Node Type": "Seq Scan", "Parent Relationship": "Outer", "Parallel Aware": false, "Async Capable": false, "Relation Name": "posts", "Alias": "p", "Startup Cost": 0.0, "Total Cost": 2449.58, "Plan Rows": 847, "Plan Width": 8, "Actual Rows": 1268, "Actual Loops": 1, "Filter": "((answercount >= 4) AND (answercount <= 37) AND (creationdate <= '2013-07-12 13:35:20'::timestamp without time zone))", "Rows Removed by Filter": 90708}, {"Node Type": "Hash", "Parent Relationship": "Inner", "Parallel Aware": false, "Async Capable": false, "Startup Cost": 1002.69, "Total Cost": 1002.69, "Plan Rows": 6092, "Plan Width": 4, "Actual Rows": 6090, "Actual Loops": 1, "Hash Buckets": 8192, "Original Hash Buckets": 8192, "Hash Batches": 1, "Original Hash Batches": 1, "Peak Memory Usage": 279, "Plans": [{"Node Type": "Seq Scan", "Parent Relationship": "Outer", "Parallel Aware": false, "Async Capable": false, "Relation Name": "users", "Alias": "u", "Startup Cost": 0.0, "Total Cost": 1002.69, "Plan Rows": 6092, "Plan Width": 4, "Actual Rows": 6090, "Actual Loops": 1, "Filter": "((views <= 9245) AND (creationdate >= '2011-06-26 08:06:30'::timestamp without time zone) AND (creationdate <= '2012-07-01 18:12:14'::timestamp without time zone))", "Rows Removed by Filter": 34235}]}]}, {"Node Type": "Index Only Scan", "Parent Relationship": "Inner", "Parallel Aware": false, "Async Capable": false, "Scan Direction": "Forward", "Index Name": "idx_badges_userid", "Relation Name": "badges", "Alias": "b", "Startup Cost": 0.29, "Total Cost": 0.43, "Plan Rows": 3, "Plan Width": 4, "Actual Rows": 16, "Actual Loops": 322, "Index Cond": "(userid = u.id)", "Rows Removed by Index Recheck": 0, "Heap Fetches": 0}]}, {"Node Type": "Hash", "Parent Relationship": "Inner", "Parallel Aware": false, "Async Capable": false, "Startup Cost": 6110.98, "Total Cost": 6110.98, "Plan Rows": 201.0, "Plan Width": 12, "Actual Rows": 88, "Actual Loops": 1, "Hash Buckets": 1024, "Original Hash Buckets": 1024, "Hash Batches": 1, "Original Hash Batches": 1, "Peak Memory Usage": 12, "Plans": [{"Node Type": "Gather", "Parent Relationship": "Outer", "Parallel Aware": false, "Async Capable": false, "Startup Cost": 1364.48, "Total Cost": 6110.98, "Plan Rows": 14, "Plan Width": 12, "Actual Rows": 88, "Actual Loops": 1, "Workers Planned": 1, "Workers Launched": 1, "Single Copy": false, "Plans": [{"Node Type": "Nested Loop", "Parent Relationship": "Outer", "Parallel Aware": false, "Async Capable": false, "Join Type": "Inner", "Startup Cost": 364.48, "Total Cost": 5109.58, "Plan Rows": 201.0, "Plan Width": 12, "Actual Rows": 44, "Actual Loops": 2, "Inner Unique": false, "Join Filter": "(c.postid = v.postid)", "Rows Removed by Join Filter": 0, "Workers": [], "Plans": [{"Node Type": "Hash Join", "Parent Relationship": "Outer", "Parallel Aware": false, "Async Capable": false, "Join Type": "Inner", "Startup Cost": 364.06, "Total Cost": 3603.68, "Plan Rows": 28.0, "Plan Width": 8, "Actual Rows": 1222, "Actual Loops": 2, "Inner Unique": false, "Hash Cond": "(c.postid = pl.relatedpostid)", "Workers": [], "Plans": [{"Node Type": "Seq Scan", "Parent Relationship": "Outer", "Parallel Aware": true, "Async Capable": false, "Relation Name": "comments", "Alias": "c", "Startup Cost": 0.0, "Total Cost": 2625.65, "Plan Rows": 4940, "Plan Width": 4, "Actual Rows": 4181, "Actual Loops": 2, "Filter": "(score = 2)", "Rows Removed by Filter": 82972, "Workers": []}, {"Node Type": "Hash", "Parent Relationship": "Inner", "Parallel Aware": false, "Async Capable": false, "Startup Cost": 248.53, "Total Cost": 248.53, "Plan Rows": 9242, "Plan Width": 4, "Actual Rows": 9154, "Actual Loops": 2, "Hash Buckets": 16384, "Original Hash Buckets": 16384, "Hash Batches": 1, "Original Hash Batches": 1, "Peak Memory Usage": 450, "Workers": [], "Plans": [{"Node Type": "Seq Scan", "Parent Relationship": "Outer", "Parallel Aware": false, "Async Capable": false, "Relation Name": "postlinks", "Alias": "pl", "Startup Cost": 0.0, "Total Cost": 248.53, "Plan Rows": 9242, "Plan Width": 4, "Actual Rows": 9154, "Actual Loops": 2, "Filter": "((creationdate >= '2011-10-14 22:52:24'::timestamp without time zone) AND (linktypeid = 1))", "Rows Removed by Filter": 1948, "Workers": []}]}]}, {"Node Type": "Index Scan", "Parent Relationship": "Inner", "Parallel Aware": false, "Async Capable": false, "Scan Direction": "Forward", "Index Name": "idx_votes_postid", "Relation Name": "votes", "Alias": "v", "Startup Cost": 0.42, "Total Cost": 1.69, "Plan Rows": 1, "Plan Width": 4, "Actual Rows": 0, "Actual Loops": 2445, "Index Cond": "(postid = pl.relatedpostid)", "Rows Removed by Index Recheck": 0, "Filter": "((bountyamount <= 293) AND (creationdate >= '2011-11-24 23:37:29'::timestamp without time zone) AND (creationdate <= '2013-05-11 06:36:52'::timestamp without time zone))", "Rows Removed by Filter": 43, "Workers": []}]}]}]}]}]}, "Planning Time": 4.399, "Triggers": [], "Execution Time": 84.807}, {"Plan": {"Node Type": "Aggregate", "Strategy": "Plain", "Partial Mode": "Simple", "Parallel Aware": false, "Async Capable": false, "Startup Cost": 4381.17, "Total Cost": 4381.18, "Plan Rows": 1, "Plan Width": 8, "Actual Rows": 1, "Actual Loops": 1, "Plans": [{"Node Type": "Hash Join", "Parent Relationship": "Outer", "Parallel Aware": false, "Async Capable": false, "Join Type": "Inner", "Startup Cost": 2851.19, "Total Cost": 4381.16, "Plan Rows": 80.0, "Plan Width": 0, "Actual Rows": 198, "Actual Loops": 1, "Inner Unique": false, "Hash Cond": "(b.userid = u.id)", "Plans": [{"Node Type": "Seq Scan", "Parent Relationship": "Outer", "Parallel Aware": false, "Async Capable": false, "Relation Name": "badges", "Alias": "b", "Startup Cost": 0.0, "Total Cost": 1230.51, "Plan Rows": 79851, "Plan Width": 4, "Actual Rows": 79851, "Actual Loops": 1}, {"Node Type": "Hash", "Parent Relationship": "Inner", "Parallel Aware": false, "Async Capable": false, "Startup Cost": 2851.17, "Total Cost": 2851.17, "Plan Rows": 3.0, "Plan Width": 8, "Actual Rows": 4, "Actual Loops": 1, "Hash Buckets": 1024, "Original Hash Buckets": 1024, "Hash Batches": 1, "Original Hash Batches": 1, "Peak Memory Usage": 9, "Plans": [{"Node Type": "Nested Loop", "Parent Relationship": "Outer", "Parallel Aware": false, "Async Capable": false, "Join Type": "Inner", "Startup Cost": 2461.3, "Total Cost": 2851.17, "Plan Rows": 3.0, "Plan Width": 8, "Actual Rows": 4, "Actual Loops": 1, "Inner Unique": true, "Plans": [{"Node Type": "Nested Loop", "Parent Relationship": "Outer", "Parallel Aware": false, "Async Capable": false, "Join Type": "Inner", "Startup Cost": 2461.01, "Total Cost": 2848.92, "Plan Rows": 43.0, "Plan Width": 4, "Actual Rows": 66, "Actual Loops": 1, "Inner Unique": false, "Join Filter": "(p.id = v.postid)", "Rows Removed by Join Filter": 0, "Plans": [{"Node Type": "Nested Loop", "Parent Relationship": "Outer", "Parallel Aware": false, "Async Capable": false, "Join Type": "Inner", "Startup Cost": 2460.59, "Total Cost": 2835.26, "Plan Rows": 7.0, "Plan Width": 16, "Actual Rows": 876, "Actual Loops": 1, "Inner Unique": false, "Join Filter": "(c.postid = p.id)", "Rows Removed by Join Filter": 0, "Plans": [{"Node Type": "Hash Join", "Parent Relationship": "Outer", "Parallel Aware": false, "Async Capable": false, "Join Type": "Inner", "Startup Cost": 2460.17, "Total Cost": 2732.96, "Plan Rows": 55.0, "Plan Width": 12, "Actual Rows": 2148, "Actual Loops": 1, "Inner Unique": true, "Hash Cond": "(pl.relatedpostid = p.id)", "Plans": [{"Node Type": "Seq Scan", "Parent Relationship": "Outer", "Parallel Aware": false, "Async Capable": false, "Relation Name": "postlinks", "Alias": "pl", "Startup Cost": 0.0, "Total Cost": 248.53, "Plan Rows": 9242, "Plan Width": 4, "Actual Rows": 9154, "Actual Loops": 1, "Filter": "((creationdate >= '2011-10-14 22:52:24'::timestamp without time zone) AND (linktypeid = 1))", "Rows Removed by Filter": 1948}, {"Node Type": "Hash", "Parent Relationship": "Inner", "Parallel Aware": false, "Async Capable": false, "Startup Cost": 2449.58, "Total Cost": 2449.58, "Plan Rows": 847, "Plan Width": 8, "Actual Rows": 1268, "Actual Loops": 1, "Hash Buckets": 2048, "Original Hash Buckets": 1024, "Hash Batches": 1, "Original Hash Batches": 1, "Peak Memory Usage": 66, "Plans": [{"Node Type": "Seq Scan", "Parent Relationship": "Outer", "Parallel Aware": false, "Async Capable": false, "Relation Name": "posts", "Alias": "p", "Startup Cost": 0.0, "Total Cost": 2449.58, "Plan Rows": 847, "Plan Width": 8, "Actual Rows": 1268, "Actual Loops": 1, "Filter": "((answercount >= 4) AND (answercount <= 37) AND (creationdate <= '2013-07-12 13:35:20'::timestamp without time zone))", "Rows Removed by Filter": 90708}]}]}, {"Node Type": "Index Scan", "Parent Relationship": "Inner", "Parallel Aware": false, "Async Capable": false, "Scan Direction": "Forward", "Index Name": "idx_comments_postid", "Relation Name": "comments", "Alias": "c", "Startup Cost": 0.42, "Total Cost": 1.19, "Plan Rows": 1, "Plan Width": 4, "Actual Rows": 0, "Actual Loops": 2148, "Index Cond": "(postid = pl.relatedpostid)", "Rows Removed by Index Recheck": 0, "Filter": "(score = 2)", "Rows Removed by Filter": 3}]}, {"Node Type": "Index Scan", "Parent Relationship": "Inner", "Parallel Aware": false, "Async Capable": false, "Scan Direction": "Forward", "Index Name": "idx_votes_postid", "Relation Name": "votes", "Alias": "v", "Startup Cost": 0.42, "Total Cost": 1.69, "Plan Rows": 1, "Plan Width": 4, "Actual Rows": 0, "Actual Loops": 876, "Index Cond": "(postid = pl.relatedpostid)", "Rows Removed by Index Recheck": 0, "Filter": "((bountyamount <= 293) AND (creationdate >= '2011-11-24 23:37:29'::timestamp without time zone) AND (creationdate <= '2013-05-11 06:36:52'::timestamp without time zone))", "Rows Removed by Filter": 85}]}, {"Node Type": "Index Scan", "Parent Relationship": "Inner", "Parallel Aware": false, "Async Capable": false, "Scan Direction": "Forward", "Index Name": "users_pkey", "Relation Name": "users", "Alias": "u", "Startup Cost": 0.29, "Total Cost": 2.25, "Plan Rows": 1, "Plan Width": 4, "Actual Rows": 0, "Actual Loops": 66, "Index Cond": "(id = p.owneruserid)", "Rows Removed by Index Recheck": 0, "Filter": "((views <= 9245) AND (creationdate >= '2011-06-26 08:06:30'::timestamp without time zone) AND (creationdate <= '2012-07-01 18:12:14'::timestamp without time zone))", "Rows Removed by Filter": 1}]}]}]}]}, "Planning Time": 4.159, "Triggers": [], "Execution Time": 50.263}, {"Plan": {"Node Type": "Aggregate", "Strategy": "Plain", "Partial Mode": "Simple", "Parallel Aware": false, "Async Capable": false, "Startup Cost": 2888.04, "Total Cost": 2888.05, "Plan Rows": 1, "Plan Width": 8, "Actual Rows": 1, "Actual Loops": 1, "Plans": [{"Node Type": "Nested Loop", "Parent Relationship": "Outer", "Parallel Aware": false, "Async Capable": false, "Join Type": "Inner", "Startup Cost": 2461.59, "Total Cost": 2888.02, "Plan Rows": 80.0, "Plan Width": 0, "Actual Rows": 198, "Actual Loops": 1, "Inner Unique": false, "Join Filter": "(c.postid = p.id)", "Rows Removed by Join Filter": 0, "Plans": [{"Node Type": "Nested Loop", "Parent Relationship": "Outer", "Parallel Aware": false, "Async Capable": false, "Join Type": "Inner", "Startup Cost": 2461.17, "Total Cost": 2880.8, "Plan Rows": 809.0, "Plan Width": 12, "Actual Rows": 168, "Actual Loops": 1, "Inner Unique": false, "Plans": [{"Node Type": "Nested Loop", "Parent Relationship": "Outer", "Parallel Aware": false, "Async Capable": false, "Join Type": "Inner", "Startup Cost": 2460.88, "Total Cost": 2880.34, "Plan Rows": 27.0, "Plan Width": 20, "Actual Rows": 4, "Actual Loops": 1, "Inner Unique": true, "Plans": [{"Node Type": "Nested Loop", "Parent Relationship": "Outer", "Parallel Aware": false, "Async Capable": false, "Join Type": "Inner", "Startup Cost": 2460.59, "Total Cost": 2878.08, "Plan Rows": 349.0, "Plan Width": 16, "Actual Rows": 72, "Actual Loops": 1, "Inner Unique": false, "Join Filter": "(p.id = v.postid)", "Rows Removed by Join Filter": 0, "Plans": [{"Node Type": "Hash Join", "Parent Relationship": "Outer", "Parallel Aware": false, "Async Capable": false, "Join Type": "Inner", "Startup Cost": 2460.17, "Total Cost": 2732.96, "Plan Rows": 55.0, "Plan Width": 12, "Actual Rows": 2148, "Actual Loops": 1, "Inner Unique": true, "Hash Cond": "(pl.relatedpostid = p.id)", "Plans": [{"Node Type": "Seq Scan", "Parent Relationship": "Outer", "Parallel Aware": false, "Async Capable": false, "Relation Name": "postlinks", "Alias": "pl", "Startup Cost": 0.0, "Total Cost": 248.53, "Plan Rows": 9242, "Plan Width": 4, "Actual Rows": 9154, "Actual Loops": 1, "Filter": "((creationdate >= '2011-10-14 22:52:24'::timestamp without time zone) AND (linktypeid = 1))", "Rows Removed by Filter": 1948}, {"Node Type": "Hash", "Parent Relationship": "Inner", "Parallel Aware": false, "Async Capable": false, "Startup Cost": 2449.58, "Total Cost": 2449.58, "Plan Rows": 847, "Plan Width": 8, "Actual Rows": 1268, "Actual Loops": 1, "Hash Buckets": 2048, "Original Hash Buckets": 1024, "Hash Batches": 1, "Original Hash Batches": 1, "Peak Memory Usage": 66, "Plans": [{"Node Type": "Seq Scan", "Parent Relationship": "Outer", "Parallel Aware": false, "Async Capable": false, "Relation Name": "posts", "Alias": "p", "Startup Cost": 0.0, "Total Cost": 2449.58, "Plan Rows": 847, "Plan Width": 8, "Actual Rows": 1268, "Actual Loops": 1, "Filter": "((answercount >= 4) AND (answercount <= 37) AND (creationdate <= '2013-07-12 13:35:20'::timestamp without time zone))", "Rows Removed by Filter": 90708}]}]}, {"Node Type": "Index Scan", "Parent Relationship": "Inner", "Parallel Aware": false, "Async Capable": false, "Scan Direction": "Forward", "Index Name": "idx_votes_postid", "Relation Name": "votes", "Alias": "v", "Startup Cost": 0.42, "Total Cost": 1.69, "Plan Rows": 1, "Plan Width": 4, "Actual Rows": 0, "Actual Loops": 2148, "Index Cond": "(postid = pl.relatedpostid)", "Rows Removed by Index Recheck": 0, "Filter": "((bountyamount <= 293) AND (creationdate >= '2011-11-24 23:37:29'::timestamp without time zone) AND (creationdate <= '2013-05-11 06:36:52'::timestamp without time zone))", "Rows Removed by Filter": 72}]}, {"Node Type": "Index Scan", "Parent Relationship": "Inner", "Parallel Aware": false, "Async Capable": false, "Scan Direction": "Forward", "Index Name": "users_pkey", "Relation Name": "users", "Alias": "u", "Startup Cost": 0.29, "Total Cost": 2.25, "Plan Rows": 1, "Plan Width": 4, "Actual Rows": 0, "Actual Loops": 72, "Index Cond": "(id = p.owneruserid)", "Rows Removed by Index Recheck": 0, "Filter": "((views <= 9245) AND (creationdate >= '2011-06-26 08:06:30'::timestamp without time zone) AND (creationdate <= '2012-07-01 18:12:14'::timestamp without time zone))", "Rows Removed by Filter": 1}]}, {"Node Type": "Index Only Scan", "Parent Relationship": "Inner", "Parallel Aware": false, "Async Capable": false, "Scan Direction": "Forward", "Index Name": "idx_badges_userid", "Relation Name": "badges", "Alias": "b", "Startup Cost": 0.29, "Total Cost": 0.43, "Plan Rows": 3, "Plan Width": 4, "Actual Rows": 42, "Actual Loops": 4, "Index Cond": "(userid = u.id)", "Rows Removed by Index Recheck": 0, "Heap Fetches": 0}]}, {"Node Type": "Index Scan", "Parent Relationship": "Inner", "Parallel Aware": false, "Async Capable": false, "Scan Direction": "Forward", "Index Name": "idx_comments_postid", "Relation Name": "comments", "Alias": "c", "Startup Cost": 0.42, "Total Cost": 1.19, "Plan Rows": 1, "Plan Width": 4, "Actual Rows": 1, "Actual Loops": 168, "Index Cond": "(postid = pl.relatedpostid)", "Rows Removed by Index Recheck": 0, "Filter": "(score = 2)", "Rows Removed by Filter": 4}]}]}, "Planning Time": 3.977, "Triggers": [], "Execution Time": 59.341}, {"Plan": {"Node Type": "Aggregate", "Strategy": "Plain", "Partial Mode": "Simple", "Parallel Aware": false, "Async Capable": false, "Startup Cost": 9130.27, "Total Cost": 9130.28, "Plan Rows": 1, "Plan Width": 8, "Actual Rows": 1, "Actual Loops": 1, "Plans": [{"Node Type": "Hash Join", "Parent Relationship": "Outer", "Parallel Aware": false, "Async Capable": false, "Join Type": "Inner", "Startup Cost": 8306.57, "Total Cost": 9130.26, "Plan Rows": 80.0, "Plan Width": 0, "Actual Rows": 198, "Actual Loops": 1, "Inner Unique": false, "Hash Cond": "(c.postid = p.id)", "Plans": [{"Node Type": "Hash Join", "Parent Relationship": "Outer", "Parallel Aware": false, "Async Capable": false, "Join Type": "Inner", "Startup Cost": 3627.79, "Total Cost": 4445.84, "Plan Rows": 28.0, "Plan Width": 8, "Actual Rows": 2445, "Actual Loops": 1, "Inner Unique": false, "Hash Cond": "(pl.relatedpostid = c.postid)", "Plans": [{"Node Type": "Seq Scan", "Parent Relationship": "Outer", "Parallel Aware": false, "Async Capable": false, "Relation Name": "postlinks", "Alias": "pl", "Startup Cost": 0.0, "Total Cost": 248.53, "Plan Rows": 9242, "Plan Width": 4, "Actual Rows": 9154, "Actual Loops": 1, "Filter": "((creationdate >= '2011-10-14 22:52:24'::timestamp without time zone) AND (linktypeid = 1))", "Rows Removed by Filter": 1948}, {"Node Type": "Hash", "Parent Relationship": "Inner", "Parallel Aware": false, "Async Capable": false, "Startup Cost": 3522.81, "Total Cost": 3522.81, "Plan Rows": 8398, "Plan Width": 4, "Actual Rows": 8362, "Actual Loops": 1, "Hash Buckets": 16384, "Original Hash Buckets": 16384, "Hash Batches": 1, "Original Hash Batches": 1, "Peak Memory Usage": 422, "Plans": [{"Node Type": "Seq Scan", "Parent Relationship": "Outer", "Parallel Aware": false, "Async Capable": false, "Relation Name": "comments", "Alias": "c", "Startup Cost": 0.0, "Total Cost": 3522.81, "Plan Rows": 8398, "Plan Width": 4, "Actual Rows": 8362, "Actual Loops": 1, "Filter": "(score = 2)", "Rows Removed by Filter": 165943}]}]}, {"Node Type": "Hash", "Parent Relationship": "Inner", "Parallel Aware": false, "Async Capable": false, "Startup Cost": 4678.36, "Total Cost": 4678.36, "Plan Rows": 1764.0, "Plan Width": 8, "Actual Rows": 221, "Actual Loops": 1, "Hash Buckets": 1024, "Original Hash Buckets": 1024, "Hash Batches": 1, "Original Hash Batches": 1, "Peak Memory Usage": 17, "Plans": [{"Node Type": "Nested Loop", "Parent Relationship": "Outer", "Parallel Aware": false, "Async Capable": false, "Join Type": "Inner", "Startup Cost": 1079.55, "Total Cost": 4678.36, "Plan Rows": 1764.0, "Plan Width": 8, "Actual Rows": 221, "Actual Loops": 1, "Inner Unique": false, "Plans": [{"Node Type": "Nested Loop", "Parent Relationship": "Outer", "Parallel Aware": false, "Async Capable": false, "Join Type": "Inner", "Startup Cost": 1079.26, "Total Cost": 4677.9, "Plan Rows": 49.0, "Plan Width": 16, "Actual Rows": 11, "Actual Loops": 1, "Inner Unique": false, "Plans": [{"Node Type": "Hash Join", "Parent Relationship": "Outer", "Parallel Aware": false, "Async Capable": false, "Join Type": "Inner", "Startup Cost": 1078.84, "Total Cost": 3530.64, "Plan Rows": 7.0, "Plan Width": 12, "Actual Rows": 322, "Actual Loops": 1, "Inner Unique": true, "Hash Cond": "(p.owneruserid = u.id)", "Plans": [{"Node Type": "Seq Scan", "Parent Relationship": "Outer", "Parallel Aware": false, "Async Capable": false, "Relation Name": "posts", "Alias": "p", "Startup Cost": 0.0, "Total Cost": 2449.58, "Plan Rows": 847, "Plan Width": 8, "Actual Rows": 1268, "Actual Loops": 1, "Filter": "((answercount >= 4) AND (answercount <= 37) AND (creationdate <= '2013-07-12 13:35:20'::timestamp without time zone))", "Rows Removed by Filter": 90708}, {"Node Type": "Hash", "Parent Relationship": "Inner", "Parallel Aware": false, "Async Capable": false, "Startup Cost": 1002.69, "Total Cost": 1002.69, "Plan Rows": 6092, "Plan Width": 4, "Actual Rows": 6090, "Actual Loops": 1, "Hash Buckets": 8192, "Original Hash Buckets": 8192, "Hash Batches": 1, "Original Hash Batches": 1, "Peak Memory Usage": 279, "Plans": [{"Node Type": "Seq Scan", "Parent Relationship": "Outer", "Parallel Aware": false, "Async Capable": false, "Relation Name": "users", "Alias": "u", "Startup Cost": 0.0, "Total Cost": 1002.69, "Plan Rows": 6092, "Plan Width": 4, "Actual Rows": 6090, "Actual Loops": 1, "Filter": "((views <= 9245) AND (creationdate >= '2011-06-26 08:06:30'::timestamp without time zone) AND (creationdate <= '2012-07-01 18:12:14'::timestamp without time zone))", "Rows Removed by Filter": 34235}]}]}, {"Node Type": "Index Scan", "Parent Relationship": "Inner", "Parallel Aware": false, "Async Capable": false, "Scan Direction": "Forward", "Index Name": "idx_votes_postid", "Relation Name": "votes", "Alias": "v", "Startup Cost": 0.42, "Total Cost": 9.1, "Plan Rows": 1, "Plan Width": 4, "Actual Rows": 0, "Actual Loops": 322, "Index Cond": "(postid = p.id)", "Rows Removed by Index Recheck": 0, "Filter": "((bountyamount <= 293) AND (creationdate >= '2011-11-24 23:37:29'::timestamp without time zone) AND (creationdate <= '2013-05-11 06:36:52'::timestamp without time zone))", "Rows Removed by Filter": 15}]}, {"Node Type": "Index Only Scan", "Parent Relationship": "Inner", "Parallel Aware": false, "Async Capable": false, "Scan Direction": "Forward", "Index Name": "idx_badges_userid", "Relation Name": "badges", "Alias": "b", "Startup Cost": 0.29, "Total Cost": 0.43, "Plan Rows": 3, "Plan Width": 4, "Actual Rows": 20, "Actual Loops": 11, "Index Cond": "(userid = u.id)", "Rows Removed by Index Recheck": 0, "Heap Fetches": 0}]}]}]}]}, "Planning Time": 4.438, "Triggers": [], "Execution Time": 74.505}, {"Plan": {"Node Type": "Aggregate", "Strategy": "Plain", "Partial Mode": "Finalize", "Parallel Aware": false, "Async Capable": false, "Startup Cost": 11601.49, "Total Cost": 11601.5, "Plan Rows": 1, "Plan Width": 8, "Actual Rows": 1, "Actual Loops": 1, "Plans": [{"Node Type": "Gather", "Parent Relationship": "Outer", "Parallel Aware": false, "Async Capable": false, "Startup Cost": 11601.38, "Total Cost": 11601.49, "Plan Rows": 1, "Plan Width": 8, "Actual Rows": 2, "Actual Loops": 1, "Workers Planned": 1, "Workers Launched": 1, "Single Copy": false, "Plans": [{"Node Type": "Aggregate", "Strategy": "Plain", "Partial Mode": "Partial", "Parent Relationship": "Outer", "Parallel Aware": false, "Async Capable": false, "Startup Cost": 10601.38, "Total Cost": 10601.39, "Plan Rows": 1, "Plan Width": 8, "Actual Rows": 1, "Actual Loops": 2, "Workers": [], "Plans": [{"Node Type": "Hash Join", "Parent Relationship": "Outer", "Parallel Aware": false, "Async Capable": false, "Join Type": "Inner", "Startup Cost": 2936.84, "Total Cost": 10601.37, "Plan Rows": 80.0, "Plan Width": 0, "Actual Rows": 99, "Actual Loops": 2, "Inner Unique": false, "Hash Cond": "(c.postid = p.id)", "Workers": [], "Plans": [{"Node Type": "Nested Loop", "Parent Relationship": "Outer", "Parallel Aware": false, "Async Capable": false, "Join Type": "Inner", "Startup Cost": 0.42, "Total Cost": 7664.76, "Plan Rows": 376.0, "Plan Width": 8, "Actual Rows": 36, "Actual Loops": 2, "Inner Unique": false, "Workers": [], "Plans": [{"Node Type": "Seq Scan", "Parent Relationship": "Outer", "Parallel Aware": true, "Async Capable": false, "Relation Name": "votes", "Alias": "v", "Startup Cost": 0.0, "Total Cost": 5537.13, "Plan Rows": 354, "Plan Width": 4, "Actual Rows": 280, "Actual Loops": 2, "Filter": "((bountyamount <= 293) AND (creationdate >= '2011-11-24 23:37:29'::timestamp without time zone) AND (creationdate <= '2013-05-11 06:36:52'::timestamp without time zone))", "Rows Removed by Filter": 163752, "Workers": []}, {"Node Type": "Index Scan", "Parent Relationship": "Inner", "Parallel Aware": false, "Async Capable": false, "Scan Direction": "Forward", "Index Name": "idx_comments_postid", "Relation Name": "comments", "Alias": "c", "Startup Cost": 0.42, "Total Cost": 6.0, "Plan Rows": 1, "Plan Width": 4, "Actual Rows": 0, "Actual Loops": 561, "Index Cond": "(postid = v.postid)", "Rows Removed by Index Recheck": 0, "Filter": "(score = 2)", "Rows Removed by Filter": 3, "Workers": []}]}, {"Node Type": "Hash", "Parent Relationship": "Inner", "Parallel Aware": false, "Async Capable": false, "Startup Cost": 2930.33, "Total Cost": 2930.33, "Plan Rows": 177.0, "Plan Width": 8, "Actual Rows": 8833, "Actual Loops": 2, "Hash Buckets": 16384, "Original Hash Buckets": 1024, "Hash Batches": 1, "Original Hash Batches": 1, "Peak Memory Usage": 474, "Workers": [], "Plans": [{"Node Type": "Nested Loop", "Parent Relationship": "Outer", "Parallel Aware": false, "Async Capable": false, "Join Type": "Inner", "Startup Cost": 2460.75, "Total Cost": 2930.33, "Plan Rows": 177.0, "Plan Width": 8, "Actual Rows": 8833, "Actual Loops": 2, "Inner Unique": false, "Workers": [], "Plans": [{"Node Type": "Nested Loop", "Parent Relationship": "Outer", "Parallel Aware": false, "Async Capable": false, "Join Type": "Inner", "Startup Cost": 2460.46, "Total Cost": 2924.31, "Plan Rows": 6.0, "Plan Width": 16, "Actual Rows": 531, "Actual Loops": 2, "Inner Unique": true, "Workers": [], "Plans": [{"Node Type": "Hash Join", "Parent Relationship": "Outer", "Parallel Aware": false, "Async Capable": false, "Join Type": "Inner", "Startup Cost": 2460.17, "Total Cost": 2732.96, "Plan Rows": 55.0, "Plan Width": 12, "Actual Rows": 2148, "Actual Loops": 2, "Inner Unique": true, "Hash Cond": "(pl.relatedpostid = p.id)", "Workers": [], "Plans": [{"Node Type": "Seq Scan", "Parent Relationship": "Outer", "Parallel Aware": false, "Async Capable": false, "Relation Name": "postlinks", "Alias": "pl", "Startup Cost": 0.0, "Total Cost": 248.53, "Plan Rows": 9242, "Plan Width": 4, "Actual Rows": 9154, "Actual Loops": 2, "Filter": "((creationdate >= '2011-10-14 22:52:24'::timestamp without time zone) AND (linktypeid = 1))", "Rows Removed by Filter": 1948, "Workers": []}, {"Node Type": "Hash", "Parent Relationship": "Inner", "Parallel Aware": false, "Async Capable": false, "Startup Cost": 2449.58, "Total Cost": 2449.58, "Plan Rows": 847, "Plan Width": 8, "Actual Rows": 1268, "Actual Loops": 2, "Hash Buckets": 2048, "Original Hash Buckets": 1024, "Hash Batches": 1, "Original Hash Batches": 1, "Peak Memory Usage": 66, "Workers": [], "Plans": [{"Node Type": "Seq Scan", "Parent Relationship": "Outer", "Parallel Aware": false, "Async Capable": false, "Relation Name": "posts", "Alias": "p", "Startup Cost": 0.0, "Total Cost": 2449.58, "Plan Rows": 847, "Plan Width": 8, "Actual Rows": 1268, "Actual Loops": 2, "Filter": "((answercount >= 4) AND (answercount <= 37) AND (creationdate <= '2013-07-12 13:35:20'::timestamp without time zone))", "Rows Removed by Filter": 90708, "Workers": []}]}]}, {"Node Type": "Index Scan", "Parent Relationship": "Inner", "Parallel Aware": false, "Async Capable": false, "Scan Direction": "Forward", "Index Name": "users_pkey", "Relation Name": "users", "Alias": "u", "Startup Cost": 0.29, "Total Cost": 2.25, "Plan Rows": 1, "Plan Width": 4, "Actual Rows": 0, "Actual Loops": 4296, "Index Cond": "(id = p.owneruserid)", "Rows Removed by Index Recheck": 0, "Filter": "((views <= 9245) AND (creationdate >= '2011-06-26 08:06:30'::timestamp without time zone) AND (creationdate <= '2012-07-01 18:12:14'::timestamp without time zone))", "Rows Removed by Filter": 1, "Workers": []}]}, {"Node Type": "Index Only Scan", "Parent Relationship": "Inner", "Parallel Aware": false, "Async Capable": false, "Scan Direction": "Forward", "Index Name": "idx_badges_userid", "Relation Name": "badges", "Alias": "b", "Startup Cost": 0.29, "Total Cost": 0.43, "Plan Rows": 3, "Plan Width": 4, "Actual Rows": 17, "Actual Loops": 1062, "Index Cond": "(userid = u.id)", "Rows Removed by Index Recheck": 0, "Heap Fetches": 0, "Workers": []}]}]}]}]}]}]}, "Planning Time": 7.429, "Triggers": [], "Execution Time": 69.547}, {"Plan": {"Node Type": "Aggregate", "Strategy": "Plain", "Partial Mode": "Simple", "Parallel Aware": false, "Async Capable": false, "Startup Cost": 9143.48, "Total Cost": 9143.49, "Plan Rows": 1, "Plan Width": 8, "Actual Rows": 1, "Actual Loops": 1, "Plans": [{"Node Type": "Hash Join", "Parent Relationship": "Outer", "Parallel Aware": false, "Async Capable": false, "Join Type": "Inner", "Startup Cost": 5544.14, "Total Cost": 9143.47, "Plan Rows": 80.0, "Plan Width": 0, "Actual Rows": 198, "Actual Loops": 1, "Inner Unique": false, "Hash Cond": "(p.id = c.postid)", "Plans": [{"Node Type": "Nested Loop", "Parent Relationship": "Outer", "Parallel Aware": false, "Async Capable": false, "Join Type": "Inner", "Startup Cost": 1079.55, "Total Cost": 4678.36, "Plan Rows": 1764.0, "Plan Width": 8, "Actual Rows": 221, "Actual Loops": 1, "Inner Unique": false, "Plans": [{"Node Type": "Nested Loop", "Parent Relationship": "Outer", "Parallel Aware": false, "Async Capable": false, "Join Type": "Inner", "Startup Cost": 1079.26, "Total Cost": 4677.9, "Plan Rows": 49.0, "Plan Width": 16, "Actual Rows": 11, "Actual Loops": 1, "Inner Unique": false, "Plans": [{"Node Type": "Hash Join", "Parent Relationship": "Outer", "Parallel Aware": false, "Async Capable": false, "Join Type": "Inner", "Startup Cost": 1078.84, "Total Cost": 3530.64, "Plan Rows": 7.0, "Plan Width": 12, "Actual Rows": 322, "Actual Loops": 1, "Inner Unique": true, "Hash Cond": "(p.owneruserid = u.id)", "Plans": [{"Node Type": "Seq Scan", "Parent Relationship": "Outer", "Parallel Aware": false, "Async Capable": false, "Relation Name": "posts", "Alias": "p", "Startup Cost": 0.0, "Total Cost": 2449.58, "Plan Rows": 847, "Plan Width": 8, "Actual Rows": 1268, "Actual Loops": 1, "Filter": "((answercount >= 4) AND (answercount <= 37) AND (creationdate <= '2013-07-12 13:35:20'::timestamp without time zone))", "Rows Removed by Filter": 90708}, {"Node Type": "Hash", "Parent Relationship": "Inner", "Parallel Aware": false, "Async Capable": false, "Startup Cost": 1002.69, "Total Cost": 1002.69, "Plan Rows": 6092, "Plan Width": 4, "Actual Rows": 6090, "Actual Loops": 1, "Hash Buckets": 8192, "Original Hash Buckets": 8192, "Hash Batches": 1, "Original Hash Batches": 1, "Peak Memory Usage": 279, "Plans": [{"Node Type": "Seq Scan", "Parent Relationship": "Outer", "Parallel Aware": false, "Async Capable": false, "Relation Name": "users", "Alias": "u", "Startup Cost": 0.0, "Total Cost": 1002.69, "Plan Rows": 6092, "Plan Width": 4, "Actual Rows": 6090, "Actual Loops": 1, "Filter": "((views <= 9245) AND (creationdate >= '2011-06-26 08:06:30'::timestamp without time zone) AND (creationdate <= '2012-07-01 18:12:14'::timestamp without time zone))", "Rows Removed by Filter": 34235}]}]}, {"Node Type": "Index Scan", "Parent Relationship": "Inner", "Parallel Aware": false, "Async Capable": false, "Scan Direction": "Forward", "Index Name": "idx_votes_postid", "Relation Name": "votes", "Alias": "v", "Startup Cost": 0.42, "Total Cost": 9.1, "Plan Rows": 1, "Plan Width": 4, "Actual Rows": 0, "Actual Loops": 322, "Index Cond": "(postid = p.id)", "Rows Removed by Index Recheck": 0, "Filter": "((bountyamount <= 293) AND (creationdate >= '2011-11-24 23:37:29'::timestamp without time zone) AND (creationdate <= '2013-05-11 06:36:52'::timestamp without time zone))", "Rows Removed by Filter": 15}]}, {"Node Type": "Index Only Scan", "Parent Relationship": "Inner", "Parallel Aware": false, "Async Capable": false, "Scan Direction": "Forward", "Index Name": "idx_badges_userid", "Relation Name": "badges", "Alias": "b", "Startup Cost": 0.29, "Total Cost": 0.43, "Plan Rows": 3, "Plan Width": 4, "Actual Rows": 20, "Actual Loops": 11, "Index Cond": "(userid = u.id)", "Rows Removed by Index Recheck": 0, "Heap Fetches": 0}]}, {"Node Type": "Hash", "Parent Relationship": "Inner", "Parallel Aware": false, "Async Capable": false, "Startup Cost": 4445.84, "Total Cost": 4445.84, "Plan Rows": 28.0, "Plan Width": 8, "Actual Rows": 2445, "Actual Loops": 1, "Hash Buckets": 4096, "Original Hash Buckets": 2048, "Hash Batches": 1, "Original Hash Batches": 1, "Peak Memory Usage": 128, "Plans": [{"Node Type": "Hash Join", "Parent Relationship": "Outer", "Parallel Aware": false, "Async Capable": false, "Join Type": "Inner", "Startup Cost": 3627.79, "Total Cost": 4445.84, "Plan Rows": 28.0, "Plan Width": 8, "Actual Rows": 2445, "Actual Loops": 1, "Inner Unique": false, "Hash Cond": "(pl.relatedpostid = c.postid)", "Plans": [{"Node Type": "Seq Scan", "Parent Relationship": "Outer", "Parallel Aware": false, "Async Capable": false, "Relation Name": "postlinks", "Alias": "pl", "Startup Cost": 0.0, "Total Cost": 248.53, "Plan Rows": 9242, "Plan Width": 4, "Actual Rows": 9154, "Actual Loops": 1, "Filter": "((creationdate >= '2011-10-14 22:52:24'::timestamp without time zone) AND (linktypeid = 1))", "Rows Removed by Filter": 1948}, {"Node Type": "Hash", "Parent Relationship": "Inner", "Parallel Aware": false, "Async Capable": false, "Startup Cost": 3522.81, "Total Cost": 3522.81, "Plan Rows": 8398, "Plan Width": 4, "Actual Rows": 8362, "Actual Loops": 1, "Hash Buckets": 16384, "Original Hash Buckets": 16384, "Hash Batches": 1, "Original Hash Batches": 1, "Peak Memory Usage": 422, "Plans": [{"Node Type": "Seq Scan", "Parent Relationship": "Outer", "Parallel Aware": false, "Async Capable": false, "Relation Name": "comments", "Alias": "c", "Startup Cost": 0.0, "Total Cost": 3522.81, "Plan Rows": 8398, "Plan Width": 4, "Actual Rows": 8362, "Actual Loops": 1, "Filter": "(score = 2)", "Rows Removed by Filter": 165943}]}]}]}]}]}, "Planning Time": 4.437, "Triggers": [], "Execution Time": 76.35}, {"Plan": {"Node Type": "Aggregate", "Strategy": "Plain", "Partial Mode": "Finalize", "Parallel Aware": false, "Async Capable": false, "Startup Cost": 9759.43, "Total Cost": 9759.44, "Plan Rows": 1, "Plan Width": 8, "Actual Rows": 1, "Actual Loops": 1, "Plans": [{"Node Type": "Gather", "Parent Relationship": "Outer", "Parallel Aware": false, "Async Capable": false, "Startup Cost": 9759.32, "Total Cost": 9759.43, "Plan Rows": 1, "Plan Width": 8, "Actual Rows": 2, "Actual Loops": 1, "Workers Planned": 1, "Workers Launched": 1, "Single Copy": false, "Plans": [{"Node Type": "Aggregate", "Strategy": "Plain", "Partial Mode": "Partial", "Parent Relationship": "Outer", "Parallel Aware": false, "Async Capable": false, "Startup Cost": 8759.32, "Total Cost": 8759.33, "Plan Rows": 1, "Plan Width": 8, "Actual Rows": 1, "Actual Loops": 2, "Workers": [], "Plans": [{"Node Type": "Hash Join", "Parent Relationship": "Outer", "Parallel Aware": false, "Async Capable": false, "Join Type": "Inner", "Startup Cost": 4014.12, "Total Cost": 8759.31, "Plan Rows": 80.0, "Plan Width": 0, "Actual Rows": 99, "Actual Loops": 2, "Inner Unique": false, "Hash Cond": "(c.postid = p.id)", "Workers": [], "Plans": [{"Node Type": "Nested Loop", "Parent Relationship": "Outer", "Parallel Aware": false, "Async Capable": false, "Join Type": "Inner", "Startup Cost": 364.48, "Total Cost": 5109.58, "Plan Rows": 201.0, "Plan Width": 12, "Actual Rows": 44, "Actual Loops": 2, "Inner Unique": false, "Join Filter": "(c.postid = v.postid)", "Rows Removed by Join Filter": 0, "Workers": [], "Plans": [{"Node Type": "Hash Join", "Parent Relationship": "Outer", "Parallel Aware": false, "Async Capable": false, "Join Type": "Inner", "Startup Cost": 364.06, "Total Cost": 3603.68, "Plan Rows": 28.0, "Plan Width": 8, "Actual Rows": 1222, "Actual Loops": 2, "Inner Unique": false, "Hash Cond": "(c.postid = pl.relatedpostid)", "Workers": [], "Plans": [{"Node Type": "Seq Scan", "Parent Relationship": "Outer", "Parallel Aware": true, "Async Capable": false, "Relation Name": "comments", "Alias": "c", "Startup Cost": 0.0, "Total Cost": 2625.65, "Plan Rows": 4940, "Plan Width": 4, "Actual Rows": 4181, "Actual Loops": 2, "Filter": "(score = 2)", "Rows Removed by Filter": 82972, "Workers": []}, {"Node Type": "Hash", "Parent Relationship": "Inner", "Parallel Aware": false, "Async Capable": false, "Startup Cost": 248.53, "Total Cost": 248.53, "Plan Rows": 9242, "Plan Width": 4, "Actual Rows": 9154, "Actual Loops": 2, "Hash Buckets": 16384, "Original Hash Buckets": 16384, "Hash Batches": 1, "Original Hash Batches": 1, "Peak Memory Usage": 450, "Workers": [], "Plans": [{"Node Type": "Seq Scan", "Parent Relationship": "Outer", "Parallel Aware": false, "Async Capable": false, "Relation Name": "postlinks", "Alias": "pl", "Startup Cost": 0.0, "Total Cost": 248.53, "Plan Rows": 9242, "Plan Width": 4, "Actual Rows": 9154, "Actual Loops": 2, "Filter": "((creationdate >= '2011-10-14 22:52:24'::timestamp without time zone) AND (linktypeid = 1))", "Rows Removed by Filter": 1948, "Workers": []}]}]}, {"Node Type": "Index Scan", "Parent Relationship": "Inner", "Parallel Aware": false, "Async Capable": false, "Scan Direction": "Forward", "Index Name": "idx_votes_postid", "Relation Name": "votes", "Alias": "v", "Startup Cost": 0.42, "Total Cost": 1.69, "Plan Rows": 1, "Plan Width": 4, "Actual Rows": 0, "Actual Loops": 2445, "Index Cond": "(postid = pl.relatedpostid)", "Rows Removed by Index Recheck": 0, "Filter": "((bountyamount <= 293) AND (creationdate >= '2011-11-24 23:37:29'::timestamp without time zone) AND (creationdate <= '2013-05-11 06:36:52'::timestamp without time zone))", "Rows Removed by Filter": 43, "Workers": []}]}, {"Node Type": "Hash", "Parent Relationship": "Inner", "Parallel Aware": false, "Async Capable": false, "Startup Cost": 3588.98, "Total Cost": 3588.98, "Plan Rows": 436.0, "Plan Width": 4, "Actual Rows": 5063, "Actual Loops": 2, "Hash Buckets": 8192, "Original Hash Buckets": 8192, "Hash Batches": 1, "Original Hash Batches": 1, "Peak Memory Usage": 242, "Workers": [], "Plans": [{"Node Type": "Nested Loop", "Parent Relationship": "Outer", "Parallel Aware": false, "Async Capable": false, "Join Type": "Inner", "Startup Cost": 1079.13, "Total Cost": 3588.98, "Plan Rows": 436.0, "Plan Width": 4, "Actual Rows": 5063, "Actual Loops": 2, "Inner Unique": false, "Workers": [], "Plans": [{"Node Type": "Hash Join", "Parent Relationship": "Outer", "Parallel Aware": false, "Async Capable": false, "Join Type": "Inner", "Startup Cost": 1078.84, "Total Cost": 3530.64, "Plan Rows": 7.0, "Plan Width": 12, "Actual Rows": 322, "Actual Loops": 2, "Inner Unique": true, "Hash Cond": "(p.owneruserid = u.id)", "Workers": [], "Plans": [{"Node Type": "Seq Scan", "Parent Relationship": "Outer", "Parallel Aware": false, "Async Capable": false, "Relation Name": "posts", "Alias": "p", "Startup Cost": 0.0, "Total Cost": 2449.58, "Plan Rows": 847, "Plan Width": 8, "Actual Rows": 1268, "Actual Loops": 2, "Filter": "((answercount >= 4) AND (answercount <= 37) AND (creationdate <= '2013-07-12 13:35:20'::timestamp without time zone))", "Rows Removed by Filter": 90708, "Workers": []}, {"Node Type": "Hash", "Parent Relationship": "Inner", "Parallel Aware": false, "Async Capable": false, "Startup Cost": 1002.69, "Total Cost": 1002.69, "Plan Rows": 6092, "Plan Width": 4, "Actual Rows": 6090, "Actual Loops": 2, "Hash Buckets": 8192, "Original Hash Buckets": 8192, "Hash Batches": 1, "Original Hash Batches": 1, "Peak Memory Usage": 279, "Workers": [], "Plans": [{"Node Type": "Seq Scan", "Parent Relationship": "Outer", "Parallel Aware": false, "Async Capable": false, "Relation Name": "users", "Alias": "u", "Startup Cost": 0.0, "Total Cost": 1002.69, "Plan Rows": 6092, "Plan Width": 4, "Actual Rows": 6090, "Actual Loops": 2, "Filter": "((views <= 9245) AND (creationdate >= '2011-06-26 08:06:30'::timestamp without time zone) AND (creationdate <= '2012-07-01 18:12:14'::timestamp without time zone))", "Rows Removed by Filter": 34235, "Workers": []}]}]}, {"Node Type": "Index Only Scan", "Parent Relationship": "Inner", "Parallel Aware": false, "Async Capable": false, "Scan Direction": "Forward", "Index Name": "idx_badges_userid", "Relation Name": "badges", "Alias": "b", "Startup Cost": 0.29, "Total Cost": 0.43, "Plan Rows": 3, "Plan Width": 4, "Actual Rows": 16, "Actual Loops": 644, "Index Cond": "(userid = u.id)", "Rows Removed by Index Recheck": 0, "Heap Fetches": 0, "Workers": []}]}]}]}]}]}]}, "Planning Time": 10.251, "Triggers": [], "Execution Time": 95.238}, {"Plan": {"Node Type": "Aggregate", "Strategy": "Plain", "Partial Mode": "Simple", "Parallel Aware": false, "Async Capable": false, "Startup Cost": 11606.06, "Total Cost": 11606.07, "Plan Rows": 1, "Plan Width": 8, "Actual Rows": 1, "Actual Loops": 1, "Plans": [{"Node Type": "Hash Join", "Parent Relationship": "Outer", "Parallel Aware": false, "Async Capable": false, "Join Type": "Inner", "Startup Cost": 11134.62, "Total Cost": 11606.04, "Plan Rows": 80.0, "Plan Width": 0, "Actual Rows": 198, "Actual Loops": 1, "Inner Unique": false, "Hash Cond": "(p.id = c.postid)", "Plans": [{"Node Type": "Nested Loop", "Parent Relationship": "Outer", "Parallel Aware": false, "Async Capable": false, "Join Type": "Inner", "Startup Cost": 2460.75, "Total Cost": 2930.33, "Plan Rows": 177.0, "Plan Width": 8, "Actual Rows": 8833, "Actual Loops": 1, "Inner Unique": false, "Plans": [{"Node Type": "Nested Loop", "Parent Relationship": "Outer", "Parallel Aware": false, "Async Capable": false, "Join Type": "Inner", "Startup Cost": 2460.46, "Total Cost": 2924.31, "Plan Rows": 6.0, "Plan Width": 16, "Actual Rows": 531, "Actual Loops": 1, "Inner Unique": true, "Plans": [{"Node Type": "Hash Join", "Parent Relationship": "Outer", "Parallel Aware": false, "Async Capable": false, "Join Type": "Inner", "Startup Cost": 2460.17, "Total Cost": 2732.96, "Plan Rows": 55.0, "Plan Width": 12, "Actual Rows": 2148, "Actual Loops": 1, "Inner Unique": true, "Hash Cond": "(pl.relatedpostid = p.id)", "Plans": [{"Node Type": "Seq Scan", "Parent Relationship": "Outer", "Parallel Aware": false, "Async Capable": false, "Relation Name": "postlinks", "Alias": "pl", "Startup Cost": 0.0, "Total Cost": 248.53, "Plan Rows": 9242, "Plan Width": 4, "Actual Rows": 9154, "Actual Loops": 1, "Filter": "((creationdate >= '2011-10-14 22:52:24'::timestamp without time zone) AND (linktypeid = 1))", "Rows Removed by Filter": 1948}, {"Node Type": "Hash", "Parent Relationship": "Inner", "Parallel Aware": false, "Async Capable": false, "Startup Cost": 2449.58, "Total Cost": 2449.58, "Plan Rows": 847, "Plan Width": 8, "Actual Rows": 1268, "Actual Loops": 1, "Hash Buckets": 2048, "Original Hash Buckets": 1024, "Hash Batches": 1, "Original Hash Batches": 1, "Peak Memory Usage": 66, "Plans": [{"Node Type": "Seq Scan", "Parent Relationship": "Outer", "Parallel Aware": false, "Async Capable": false, "Relation Name": "posts", "Alias": "p", "Startup Cost": 0.0, "Total Cost": 2449.58, "Plan Rows": 847, "Plan Width": 8, "Actual Rows": 1268, "Actual Loops": 1, "Filter": "((answercount >= 4) AND (answercount <= 37) AND (creationdate <= '2013-07-12 13:35:20'::timestamp without time zone))", "Rows Removed by Filter": 90708}]}]}, {"Node Type": "Index Scan", "Parent Relationship": "Inner", "Parallel Aware": false, "Async Capable": false, "Scan Direction": "Forward", "Index Name": "users_pkey", "Relation Name": "users", "Alias": "u", "Startup Cost": 0.29, "Total Cost": 2.25, "Plan Rows": 1, "Plan Width": 4, "Actual Rows": 0, "Actual Loops": 2148, "Index Cond": "(id = p.owneruserid)", "Rows Removed by Index Recheck": 0, "Filter": "((views <= 9245) AND (creationdate >= '2011-06-26 08:06:30'::timestamp without time zone) AND (creationdate <= '2012-07-01 18:12:14'::timestamp without time zone))", "Rows Removed by Filter": 1}]}, {"Node Type": "Index Only Scan", "Parent Relationship": "Inner", "Parallel Aware": false, "Async Capable": false, "Scan Direction": "Forward", "Index Name": "idx_badges_userid", "Relation Name": "badges", "Alias": "b", "Startup Cost": 0.29, "Total Cost": 0.43, "Plan Rows": 3, "Plan Width": 4, "Actual Rows": 17, "Actual Loops": 531, "Index Cond": "(userid = u.id)", "Rows Removed by Index Recheck": 0, "Heap Fetches": 0}]}, {"Node Type": "Hash", "Parent Relationship": "Inner", "Parallel Aware": false, "Async Capable": false, "Startup Cost": 8672.86, "Total Cost": 8672.86, "Plan Rows": 376.0, "Plan Width": 8, "Actual Rows": 72, "Actual Loops": 1, "Hash Buckets": 1024, "Original Hash Buckets": 1024, "Hash Batches": 1, "Original Hash Batches": 1, "Peak Memory Usage": 11, "Plans": [{"Node Type": "Gather", "Parent Relationship": "Outer", "Parallel Aware": false, "Async Capable": false, "Startup Cost": 1000.42, "Total Cost": 8672.86, "Plan Rows": 81, "Plan Width": 8, "Actual Rows": 72, "Actual Loops": 1, "Workers Planned": 1, "Workers Launched": 1, "Single Copy": false, "Plans": [{"Node Type": "Nested Loop", "Parent Relationship": "Outer", "Parallel Aware": false, "Async Capable": false, "Join Type": "Inner", "Startup Cost": 0.42, "Total Cost": 7664.76, "Plan Rows": 376.0, "Plan Width": 8, "Actual Rows": 36, "Actual Loops": 2, "Inner Unique": false, "Workers": [], "Plans": [{"Node Type": "Seq Scan", "Parent Relationship": "Outer", "Parallel Aware": true, "Async Capable": false, "Relation Name": "votes", "Alias": "v", "Startup Cost": 0.0, "Total Cost": 5537.13, "Plan Rows": 354, "Plan Width": 4, "Actual Rows": 280, "Actual Loops": 2, "Filter": "((bountyamount <= 293) AND (creationdate >= '2011-11-24 23:37:29'::timestamp without time zone) AND (creationdate <= '2013-05-11 06:36:52'::timestamp without time zone))", "Rows Removed by Filter": 163752, "Workers": []}, {"Node Type": "Index Scan", "Parent Relationship": "Inner", "Parallel Aware": false, "Async Capable": false, "Scan Direction": "Forward", "Index Name": "idx_comments_postid", "Relation Name": "comments", "Alias": "c", "Startup Cost": 0.42, "Total Cost": 6.0, "Plan Rows": 1, "Plan Width": 4, "Actual Rows": 0, "Actual Loops": 561, "Index Cond": "(postid = v.postid)", "Rows Removed by Index Recheck": 0, "Filter": "(score = 2)", "Rows Removed by Filter": 3, "Workers": []}]}]}]}]}]}, "Planning Time": 4.314, "Triggers": [], "Execution Time": 59.475}, {"Plan": {"Node Type": "Aggregate", "Strategy": "Plain", "Partial Mode": "Finalize", "Parallel Aware": false, "Async Capable": false, "Startup Cost": 9392.9, "Total Cost": 9392.91, "Plan Rows": 1, "Plan Width": 8, "Actual Rows": 1, "Actual Loops": 1, "Plans": [{"Node Type": "Gather", "Parent Relationship": "Outer", "Parallel Aware": false, "Async Capable": false, "Startup Cost": 9392.79, "Total Cost": 9392.9, "Plan Rows": 1, "Plan Width": 8, "Actual Rows": 2, "Actual Loops": 1, "Workers Planned": 1, "Workers Launched": 1, "Single Copy": false, "Plans": [{"Node Type": "Aggregate", "Strategy": "Plain", "Partial Mode": "Partial", "Parent Relationship": "Outer", "Parallel Aware": false, "Async Capable": false, "Startup Cost": 8392.79, "Total Cost": 8392.8, "Plan Rows": 1, "Plan Width": 8, "Actual Rows": 1, "Actual Loops": 2, "Workers": [], "Plans": [{"Node Type": "Hash Join", "Parent Relationship": "Outer", "Parallel Aware": false, "Async Capable": false, "Join Type": "Inner", "Startup Cost": 2854.31, "Total Cost": 8392.78, "Plan Rows": 80.0, "Plan Width": 0, "Actual Rows": 99, "Actual Loops": 2, "Inner Unique": false, "Hash Cond": "(v.postid = p.id)", "Workers": [], "Plans": [{"Node Type": "Seq Scan", "Parent Relationship": "Outer", "Parallel Aware": true, "Async Capable": false, "Relation Name": "votes", "Alias": "v", "Startup Cost": 0.0, "Total Cost": 5537.13, "Plan Rows": 354, "Plan Width": 4, "Actual Rows": 280, "Actual Loops": 2, "Filter": "((bountyamount <= 293) AND (creationdate >= '2011-11-24 23:37:29'::timestamp without time zone) AND (creationdate <= '2013-05-11 06:36:52'::timestamp without time zone))", "Rows Removed by Filter": 163752, "Workers": []}, {"Node Type": "Hash", "Parent Relationship": "Inner", "Parallel Aware": false, "Async Capable": false, "Startup Cost": 2853.74, "Total Cost": 2853.74, "Plan Rows": 15.0, "Plan Width": 12, "Actual Rows": 4252, "Actual Loops": 2, "Hash Buckets": 8192, "Original Hash Buckets": 1024, "Hash Batches": 1, "Original Hash Batches": 1, "Peak Memory Usage": 247, "Workers": [], "Plans": [{"Node Type": "Nested Loop", "Parent Relationship": "Outer", "Parallel Aware": false, "Async Capable": false, "Join Type": "Inner", "Startup Cost": 2461.17, "Total Cost": 2853.74, "Plan Rows": 15.0, "Plan Width": 12, "Actual Rows": 4252, "Actual Loops": 2, "Inner Unique": false, "Workers": [], "Plans": [{"Node Type": "Nested Loop", "Parent Relationship": "Outer", "Parallel Aware": false, "Async Capable": false, "Join Type": "Inner", "Startup Cost": 2460.88, "Total Cost": 2853.27, "Plan Rows": 1.0, "Plan Width": 20, "Actual Rows": 310, "Actual Loops": 2, "Inner Unique": true, "Workers": [], "Plans": [{"Node Type": "Nested Loop", "Parent Relationship": "Outer", "Parallel Aware": false, "Async Capable": false, "Join Type": "Inner", "Startup Cost": 2460.59, "Total Cost": 2835.26, "Plan Rows": 7.0, "Plan Width": 16, "Actual Rows": 876, "Actual Loops": 2, "Inner Unique": false, "Join Filter": "(c.postid = p.id)", "Rows Removed by Join Filter": 0, "Workers": [], "Plans": [{"Node Type": "Hash Join", "Parent Relationship": "Outer", "Parallel Aware": false, "Async Capable": false, "Join Type": "Inner", "Startup Cost": 2460.17, "Total Cost": 2732.96, "Plan Rows": 55.0, "Plan Width": 12, "Actual Rows": 2148, "Actual Loops": 2, "Inner Unique": true, "Hash Cond": "(pl.relatedpostid = p.id)", "Workers": [], "Plans": [{"Node Type": "Seq Scan", "Parent Relationship": "Outer", "Parallel Aware": false, "Async Capable": false, "Relation Name": "postlinks", "Alias": "pl", "Startup Cost": 0.0, "Total Cost": 248.53, "Plan Rows": 9242, "Plan Width": 4, "Actual Rows": 9154, "Actual Loops": 2, "Filter": "((creationdate >= '2011-10-14 22:52:24'::timestamp without time zone) AND (linktypeid = 1))", "Rows Removed by Filter": 1948, "Workers": []}, {"Node Type": "Hash", "Parent Relationship": "Inner", "Parallel Aware": false, "Async Capable": false, "Startup Cost": 2449.58, "Total Cost": 2449.58, "Plan Rows": 847, "Plan Width": 8, "Actual Rows": 1268, "Actual Loops": 2, "Hash Buckets": 2048, "Original Hash Buckets": 1024, "Hash Batches": 1, "Original Hash Batches": 1, "Peak Memory Usage": 66, "Workers": [], "Plans": [{"Node Type": "Seq Scan", "Parent Relationship": "Outer", "Parallel Aware": false, "Async Capable": false, "Relation Name": "posts", "Alias": "p", "Startup Cost": 0.0, "Total Cost": 2449.58, "Plan Rows": 847, "Plan Width": 8, "Actual Rows": 1268, "Actual Loops": 2, "Filter": "((answercount >= 4) AND (answercount <= 37) AND (creationdate <= '2013-07-12 13:35:20'::timestamp without time zone))", "Rows Removed by Filter": 90708, "Workers": []}]}]}, {"Node Type": "Index Scan", "Parent Relationship": "Inner", "Parallel Aware": false, "Async Capable": false, "Scan Direction": "Forward", "Index Name": "idx_comments_postid", "Relation Name": "comments", "Alias": "c", "Startup Cost": 0.42, "Total Cost": 1.19, "Plan Rows": 1, "Plan Width": 4, "Actual Rows": 0, "Actual Loops": 4296, "Index Cond": "(postid = pl.relatedpostid)", "Rows Removed by Index Recheck": 0, "Filter": "(score = 2)", "Rows Removed by Filter": 3, "Workers": []}]}, {"Node Type": "Index Scan", "Parent Relationship": "Inner", "Parallel Aware": false, "Async Capable": false, "Scan Direction": "Forward", "Index Name": "users_pkey", "Relation Name": "users", "Alias": "u", "Startup Cost": 0.29, "Total Cost": 2.25, "Plan Rows": 1, "Plan Width": 4, "Actual Rows": 0, "Actual Loops": 1752, "Index Cond": "(id = p.owneruserid)", "Rows Removed by Index Recheck": 0, "Filter": "((views <= 9245) AND (creationdate >= '2011-06-26 08:06:30'::timestamp without time zone) AND (creationdate <= '2012-07-01 18:12:14'::timestamp without time zone))", "Rows Removed by Filter": 1, "Workers": []}]}, {"Node Type": "Index Only Scan", "Parent Relationship": "Inner", "Parallel Aware": false, "Async Capable": false, "Scan Direction": "Forward", "Index Name": "idx_badges_userid", "Relation Name": "badges", "Alias": "b", "Startup Cost": 0.29, "Total Cost": 0.43, "Plan Rows": 3, "Plan Width": 4, "Actual Rows": 14, "Actual Loops": 620, "Index Cond": "(userid = u.id)", "Rows Removed by Index Recheck": 0, "Heap Fetches": 0, "Workers": []}]}]}]}]}]}]}, "Planning Time": 6.678, "Triggers": [], "Execution Time": 68.068}, {"Plan": {"Node Type": "Aggregate", "Strategy": "Plain", "Partial Mode": "Simple", "Parallel Aware": false, "Async Capable": false, "Startup Cost": 5413.18, "Total Cost": 5413.19, "Plan Rows": 1, "Plan Width": 8, "Actual Rows": 1, "Actual Loops": 1, "Plans": [{"Node Type": "Hash Join", "Parent Relationship": "Outer", "Parallel Aware": false, "Async Capable": false, "Join Type": "Inner", "Startup Cost": 3927.77, "Total Cost": 5413.16, "Plan Rows": 80.0, "Plan Width": 0, "Actual Rows": 198, "Actual Loops": 1, "Inner Unique": false, "Hash Cond": "(u.id = p.owneruserid)", "Plans": [{"Node Type": "Hash Join", "Parent Relationship": "Outer", "Parallel Aware": false, "Async Capable": false, "Join Type": "Inner", "Startup Cost": 1078.84, "Total Cost": 2518.98, "Plan Rows": 2009.0, "Plan Width": 8, "Actual Rows": 17188, "Actual Loops": 1, "Inner Unique": true, "Hash Cond": "(b.userid = u.id)", "Plans": [{"Node Type": "Seq Scan", "Parent Relationship": "Outer", "Parallel Aware": false, "Async Capable": false, "Relation Name": "badges", "Alias": "b", "Startup Cost": 0.0, "Total Cost": 1230.51, "Plan Rows": 79851, "Plan Width": 4, "Actual Rows": 79851, "Actual Loops": 1}, {"Node Type": "Hash", "Parent Relationship": "Inner", "Parallel Aware": false, "Async Capable": false, "Startup Cost": 1002.69, "Total Cost": 1002.69, "Plan Rows": 6092, "Plan Width": 4, "Actual Rows": 6090, "Actual Loops": 1, "Hash Buckets": 8192, "Original Hash Buckets": 8192, "Hash Batches": 1, "Original Hash Batches": 1, "Peak Memory Usage": 279, "Plans": [{"Node Type": "Seq Scan", "Parent Relationship": "Outer", "Parallel Aware": false, "Async Capable": false, "Relation Name": "users", "Alias": "u", "Startup Cost": 0.0, "Total Cost": 1002.69, "Plan Rows": 6092, "Plan Width": 4, "Actual Rows": 6090, "Actual Loops": 1, "Filter": "((views <= 9245) AND (creationdate >= '2011-06-26 08:06:30'::timestamp without time zone) AND (creationdate <= '2012-07-01 18:12:14'::timestamp without time zone))", "Rows Removed by Filter": 34235}]}]}, {"Node Type": "Hash", "Parent Relationship": "Inner", "Parallel Aware": false, "Async Capable": false, "Startup Cost": 2848.92, "Total Cost": 2848.92, "Plan Rows": 43.0, "Plan Width": 4, "Actual Rows": 66, "Actual Loops": 1, "Hash Buckets": 1024, "Original Hash Buckets": 1024, "Hash Batches": 1, "Original Hash Batches": 1, "Peak Memory Usage": 11, "Plans": [{"Node Type": "Nested Loop", "Parent Relationship": "Outer", "Parallel Aware": false, "Async Capable": false, "Join Type": "Inner", "Startup Cost": 2461.01, "Total Cost": 2848.92, "Plan Rows": 43.0, "Plan Width": 4, "Actual Rows": 66, "Actual Loops": 1, "Inner Unique": false, "Join Filter": "(p.id = v.postid)", "Rows Removed by Join Filter": 0, "Plans": [{"Node Type": "Nested Loop", "Parent Relationship": "Outer", "Parallel Aware": false, "Async Capable": false, "Join Type": "Inner", "Startup Cost": 2460.59, "Total Cost": 2835.26, "Plan Rows": 7.0, "Plan Width": 16, "Actual Rows": 876, "Actual Loops": 1, "Inner Unique": false, "Join Filter": "(c.postid = p.id)", "Rows Removed by Join Filter": 0, "Plans": [{"Node Type": "Hash Join", "Parent Relationship": "Outer", "Parallel Aware": false, "Async Capable": false, "Join Type": "Inner", "Startup Cost": 2460.17, "Total Cost": 2732.96, "Plan Rows": 55.0, "Plan Width": 12, "Actual Rows": 2148, "Actual Loops": 1, "Inner Unique": true, "Hash Cond": "(pl.relatedpostid = p.id)", "Plans": [{"Node Type": "Seq Scan", "Parent Relationship": "Outer", "Parallel Aware": false, "Async Capable": false, "Relation Name": "postlinks", "Alias": "pl", "Startup Cost": 0.0, "Total Cost": 248.53, "Plan Rows": 9242, "Plan Width": 4, "Actual Rows": 9154, "Actual Loops": 1, "Filter": "((creationdate >= '2011-10-14 22:52:24'::timestamp without time zone) AND (linktypeid = 1))", "Rows Removed by Filter": 1948}, {"Node Type": "Hash", "Parent Relationship": "Inner", "Parallel Aware": false, "Async Capable": false, "Startup Cost": 2449.58, "Total Cost": 2449.58, "Plan Rows": 847, "Plan Width": 8, "Actual Rows": 1268, "Actual Loops": 1, "Hash Buckets": 2048, "Original Hash Buckets": 1024, "Hash Batches": 1, "Original Hash Batches": 1, "Peak Memory Usage": 66, "Plans": [{"Node Type": "Seq Scan", "Parent Relationship": "Outer", "Parallel Aware": false, "Async Capable": false, "Relation Name": "posts", "Alias": "p", "Startup Cost": 0.0, "Total Cost": 2449.58, "Plan Rows": 847, "Plan Width": 8, "Actual Rows": 1268, "Actual Loops": 1, "Filter": "((answercount >= 4) AND (answercount <= 37) AND (creationdate <= '2013-07-12 13:35:20'::timestamp without time zone))", "Rows Removed by Filter": 90708}]}]}, {"Node Type": "Index Scan", "Parent Relationship": "Inner", "Parallel Aware": false, "Async Capable": false, "Scan Direction": "Forward", "Index Name": "idx_comments_postid", "Relation Name": "comments", "Alias": "c", "Startup Cost": 0.42, "Total Cost": 1.19, "Plan Rows": 1, "Plan Width": 4, "Actual Rows": 0, "Actual Loops": 2148, "Index Cond": "(postid = pl.relatedpostid)", "Rows Removed by Index Recheck": 0, "Filter": "(score = 2)", "Rows Removed by Filter": 3}]}, {"Node Type": "Index Scan", "Parent Relationship": "Inner", "Parallel Aware": false, "Async Capable": false, "Scan Direction": "Forward", "Index Name": "idx_votes_postid", "Relation Name": "votes", "Alias": "v", "Startup Cost": 0.42, "Total Cost": 1.69, "Plan Rows": 1, "Plan Width": 4, "Actual Rows": 0, "Actual Loops": 876, "Index Cond": "(postid = pl.relatedpostid)", "Rows Removed by Index Recheck": 0, "Filter": "((bountyamount <= 293) AND (creationdate >= '2011-11-24 23:37:29'::timestamp without time zone) AND (creationdate <= '2013-05-11 06:36:52'::timestamp without time zone))", "Rows Removed by Filter": 85}]}]}]}]}, "Planning Time": 4.173, "Triggers": [], "Execution Time": 65.565}, {"Plan": {"Node Type": "Aggregate", "Strategy": "Plain", "Partial Mode": "Simple", "Parallel Aware": false, "Async Capable": false, "Startup Cost": 11150.09, "Total Cost": 11150.1, "Plan Rows": 1, "Plan Width": 8, "Actual Rows": 1, "Actual Loops": 1, "Plans": [{"Node Type": "Hash Join", "Parent Relationship": "Outer", "Parallel Aware": false, "Async Capable": false, "Join Type": "Inner", "Startup Cost": 8034.2, "Total Cost": 11150.07, "Plan Rows": 80.0, "Plan Width": 0, "Actual Rows": 198, "Actual Loops": 1, "Inner Unique": false, "Hash Cond": "(p.id = pl.relatedpostid)", "Plans": [{"Node Type": "Nested Loop", "Parent Relationship": "Outer", "Parallel Aware": false, "Async Capable": false, "Join Type": "Inner", "Startup Cost": 1079.55, "Total Cost": 4184.93, "Plan Rows": 35.0, "Plan Width": 8, "Actual Rows": 1321, "Actual Loops": 1, "Inner Unique": false, "Plans": [{"Node Type": "Nested Loop", "Parent Relationship": "Outer", "Parallel Aware": false, "Async Capable": false, "Join Type": "Inner", "Startup Cost": 1079.26, "Total Cost": 4179.84, "Plan Rows": 1.0, "Plan Width": 16, "Actual Rows": 82, "Actual Loops": 1, "Inner Unique": false, "Plans": [{"Node Type": "Hash Join", "Parent Relationship": "Outer", "Parallel Aware": false, "Async Capable": false, "Join Type": "Inner", "Startup Cost": 1078.84, "Total Cost": 3530.64, "Plan Rows": 7.0, "Plan Width": 12, "Actual Rows": 322, "Actual Loops": 1, "Inner Unique": true, "Hash Cond": "(p.owneruserid = u.id)", "Plans": [{"Node Type": "Seq Scan", "Parent Relationship": "Outer", "Parallel Aware": false, "Async Capable": false, "Relation Name": "posts", "Alias": "p", "Startup Cost": 0.0, "Total Cost": 2449.58, "Plan Rows": 847, "Plan Width": 8, "Actual Rows": 1268, "Actual Loops": 1, "Filter": "((answercount >= 4) AND (answercount <= 37) AND (creationdate <= '2013-07-12 13:35:20'::timestamp without time zone))", "Rows Removed by Filter": 90708}, {"Node Type": "Hash", "Parent Relationship": "Inner", "Parallel Aware": false, "Async Capable": false, "Startup Cost": 1002.69, "Total Cost": 1002.69, "Plan Rows": 6092, "Plan Width": 4, "Actual Rows": 6090, "Actual Loops": 1, "Hash Buckets": 8192, "Original Hash Buckets": 8192, "Hash Batches": 1, "Original Hash Batches": 1, "Peak Memory Usage": 279, "Plans": [{"Node Type": "Seq Scan", "Parent Relationship": "Outer", "Parallel Aware": false, "Async Capable": false, "Relation Name": "users", "Alias": "u", "Startup Cost": 0.0, "Total Cost": 1002.69, "Plan Rows": 6092, "Plan Width": 4, "Actual Rows": 6090, "Actual Loops": 1, "Filter": "((views <= 9245) AND (creationdate >= '2011-06-26 08:06:30'::timestamp without time zone) AND (creationdate <= '2012-07-01 18:12:14'::timestamp without time zone))", "Rows Removed by Filter": 34235}]}]}, {"Node Type": "Index Scan", "Parent Relationship": "Inner", "Parallel Aware": false, "Async Capable": false, "Scan Direction": "Forward", "Index Name": "idx_comments_postid", "Relation Name": "comments", "Alias": "c", "Startup Cost": 0.42, "Total Cost": 5.14, "Plan Rows": 1, "Plan Width": 4, "Actual Rows": 0, "Actual Loops": 322, "Index Cond": "(postid = p.id)", "Rows Removed by Index Recheck": 0, "Filter": "(score = 2)", "Rows Removed by Filter": 3}]}, {"Node Type": "Index Only Scan", "Parent Relationship": "Inner", "Parallel Aware": false, "Async Capable": false, "Scan Direction": "Forward", "Index Name": "idx_badges_userid", "Relation Name": "badges", "Alias": "b", "Startup Cost": 0.29, "Total Cost": 0.43, "Plan Rows": 3, "Plan Width": 4, "Actual Rows": 16, "Actual Loops": 82, "Index Cond": "(userid = u.id)", "Rows Removed by Index Recheck": 0, "Heap Fetches": 0}]}, {"Node Type": "Hash", "Parent Relationship": "Inner", "Parallel Aware": false, "Async Capable": false, "Startup Cost": 6949.77, "Total Cost": 6949.77, "Plan Rows": 1549.0, "Plan Width": 8, "Actual Rows": 172, "Actual Loops": 1, "Hash Buckets": 1024, "Original Hash Buckets": 1024, "Hash Batches": 1, "Original Hash Batches": 1, "Peak Memory Usage": 15, "Plans": [{"Node Type": "Gather", "Parent Relationship": "Outer", "Parallel Aware": false, "Async Capable": false, "Startup Cost": 1000.28, "Total Cost": 6949.77, "Plan Rows": 390, "Plan Width": 8, "Actual Rows": 172, "Actual Loops": 1, "Workers Planned": 1, "Workers Launched": 1, "Single Copy": false, "Plans": [{"Node Type": "Nested Loop", "Parent Relationship": "Outer", "Parallel Aware": false, "Async Capable": false, "Join Type": "Inner", "Startup Cost": 0.29, "Total Cost": 5910.77, "Plan Rows": 1549.0, "Plan Width": 8, "Actual Rows": 86, "Actual Loops": 2, "Inner Unique": false, "Workers": [], "Plans": [{"Node Type": "Seq Scan", "Parent Relationship": "Outer", "Parallel Aware": true, "Async Capable": false, "Relation Name": "votes", "Alias": "v", "Startup Cost": 0.0, "Total Cost": 5537.13, "Plan Rows": 354, "Plan Width": 4, "Actual Rows": 280, "Actual Loops": 2, "Filter": "((bountyamount <= 293) AND (creationdate >= '2011-11-24 23:37:29'::timestamp without time zone) AND (creationdate <= '2013-05-11 06:36:52'::timestamp without time zone))", "Rows Removed by Filter": 163752, "Workers": []}, {"Node Type": "Index Scan", "Parent Relationship": "Inner", "Parallel Aware": false, "Async Capable": false, "Scan Direction": "Forward", "Index Name": "idx_postlinks_relatedpostid", "Relation Name": "postlinks", "Alias": "pl", "Startup Cost": 0.29, "Total Cost": 1.04, "Plan Rows": 2, "Plan Width": 4, "Actual Rows": 0, "Actual Loops": 561, "Index Cond": "(relatedpostid = v.postid)", "Rows Removed by Index Recheck": 0, "Filter": "((creationdate >= '2011-10-14 22:52:24'::timestamp without time zone) AND (linktypeid = 1))", "Rows Removed by Filter": 0, "Workers": []}]}]}]}]}]}, "Planning Time": 4.55, "Triggers": [], "Execution Time": 62.175}, {"Plan": {"Node Type": "Aggregate", "Strategy": "Plain", "Partial Mode": "Simple", "Parallel Aware": false, "Async Capable": false, "Startup Cost": 4202.8, "Total Cost": 4202.81, "Plan Rows": 1, "Plan Width": 8, "Actual Rows": 1, "Actual Loops": 1, "Plans": [{"Node Type": "Nested Loop", "Parent Relationship": "Outer", "Parallel Aware": false, "Async Capable": false, "Join Type": "Inner", "Startup Cost": 1080.26, "Total Cost": 4202.78, "Plan Rows": 80.0, "Plan Width": 0, "Actual Rows": 198, "Actual Loops": 1, "Inner Unique": false, "Join Filter": "(p.id = pl.relatedpostid)", "Rows Removed by Join Filter": 0, "Plans": [{"Node Type": "Nested Loop", "Parent Relationship": "Outer", "Parallel Aware": false, "Async Capable": false, "Join Type": "Inner", "Startup Cost": 1079.97, "Total Cost": 4200.35, "Plan Rows": 186.0, "Plan Width": 12, "Actual Rows": 144, "Actual Loops": 1, "Inner Unique": false, "Plans": [{"Node Type": "Nested Loop", "Parent Relationship": "Outer", "Parallel Aware": false, "Async Capable": false, "Join Type": "Inner", "Startup Cost": 1079.68, "Total Cost": 4199.89, "Plan Rows": 7.0, "Plan Width": 20, "Actual Rows": 4, "Actual Loops": 1, "Inner Unique": false, "Join Filter": "(p.id = v.postid)", "Rows Removed by Join Filter": 0, "Plans": [{"Node Type": "Nested Loop", "Parent Relationship": "Outer", "Parallel Aware": false, "Async Capable": false, "Join Type": "Inner", "Startup Cost": 1079.26, "Total Cost": 4179.84, "Plan Rows": 1.0, "Plan Width": 16, "Actual Rows": 82, "Actual Loops": 1, "Inner Unique": false, "Plans": [{"Node Type": "Hash Join", "Parent Relationship": "Outer", "Parallel Aware": false, "Async Capable": false, "Join Type": "Inner", "Startup Cost": 1078.84, "Total Cost": 3530.64, "Plan Rows": 7.0, "Plan Width": 12, "Actual Rows": 322, "Actual Loops": 1, "Inner Unique": true, "Hash Cond": "(p.owneruserid = u.id)", "Plans": [{"Node Type": "Seq Scan", "Parent Relationship": "Outer", "Parallel Aware": false, "Async Capable": false, "Relation Name": "posts", "Alias": "p", "Startup Cost": 0.0, "Total Cost": 2449.58, "Plan Rows": 847, "Plan Width": 8, "Actual Rows": 1268, "Actual Loops": 1, "Filter": "((answercount >= 4) AND (answercount <= 37) AND (creationdate <= '2013-07-12 13:35:20'::timestamp without time zone))", "Rows Removed by Filter": 90708}, {"Node Type": "Hash", "Parent Relationship": "Inner", "Parallel Aware": false, "Async Capable": false, "Startup Cost": 1002.69, "Total Cost": 1002.69, "Plan Rows": 6092, "Plan Width": 4, "Actual Rows": 6090, "Actual Loops": 1, "Hash Buckets": 8192, "Original Hash Buckets": 8192, "Hash Batches": 1, "Original Hash Batches": 1, "Peak Memory Usage": 279, "Plans": [{"Node Type": "Seq Scan", "Parent Relationship": "Outer", "Parallel Aware": false, "Async Capable": false, "Relation Name": "users", "Alias": "u", "Startup Cost": 0.0, "Total Cost": 1002.69, "Plan Rows": 6092, "Plan Width": 4, "Actual Rows": 6090, "Actual Loops": 1, "Filter": "((views <= 9245) AND (creationdate >= '2011-06-26 08:06:30'::timestamp without time zone) AND (creationdate <= '2012-07-01 18:12:14'::timestamp without time zone))", "Rows Removed by Filter": 34235}]}]}, {"Node Type": "Index Scan", "Parent Relationship": "Inner", "Parallel Aware": false, "Async Capable": false, "Scan Direction": "Forward", "Index Name": "idx_comments_postid", "Relation Name": "comments", "Alias": "c", "Startup Cost": 0.42, "Total Cost": 5.14, "Plan Rows": 1, "Plan Width": 4, "Actual Rows": 0, "Actual Loops": 322, "Index Cond": "(postid = p.id)", "Rows Removed by Index Recheck": 0, "Filter": "(score = 2)", "Rows Removed by Filter": 3}]}, {"Node Type": "Index Scan", "Parent Relationship": "Inner", "Parallel Aware": false, "Async Capable": false, "Scan Direction": "Forward", "Index Name": "idx_votes_postid", "Relation Name": "votes", "Alias": "v", "Startup Cost": 0.42, "Total Cost": 1.81, "Plan Rows": 1, "Plan Width": 4, "Actual Rows": 0, "Actual Loops": 82, "Index Cond": "(postid = c.postid)", "Rows Removed by Index Recheck": 0, "Filter": "((bountyamount <= 293) AND (creationdate >= '2011-11-24 23:37:29'::timestamp without time zone) AND (creationdate <= '2013-05-11 06:36:52'::timestamp without time zone))", "Rows Removed by Filter": 21}]}, {"Node Type": "Index Only Scan", "Parent Relationship": "Inner", "Parallel Aware": false, "Async Capable": false, "Scan Direction": "Forward", "Index Name": "idx_badges_userid", "Relation Name": "badges", "Alias": "b", "Startup Cost": 0.29, "Total Cost": 0.43, "Plan Rows": 3, "Plan Width": 4, "Actual Rows": 36, "Actual Loops": 4, "Index Cond": "(userid = u.id)", "Rows Removed by Index Recheck": 0, "Heap Fetches": 0}]}, {"Node Type": "Index Scan", "Parent Relationship": "Inner", "Parallel Aware": false, "Async Capable": false, "Scan Direction": "Forward", "Index Name": "idx_postlinks_relatedpostid", "Relation Name": "postlinks", "Alias": "pl", "Startup Cost": 0.29, "Total Cost": 0.38, "Plan Rows": 2, "Plan Width": 4, "Actual Rows": 1, "Actual Loops": 144, "Index Cond": "(relatedpostid = c.postid)", "Rows Removed by Index Recheck": 0, "Filter": "((creationdate >= '2011-10-14 22:52:24'::timestamp without time zone) AND (linktypeid = 1))", "Rows Removed by Filter": 0}]}]}, "Planning Time": 3.91, "Triggers": [], "Execution Time": 21.254}, {"Plan": {"Node Type": "Aggregate", "Strategy": "Plain", "Partial Mode": "Simple", "Parallel Aware": false, "Async Capable": false, "Startup Cost": 2851.65, "Total Cost": 2851.66, "Plan Rows": 1, "Plan Width": 8, "Actual Rows": 1, "Actual Loops": 1, "Plans": [{"Node Type": "Nested Loop", "Parent Relationship": "Outer", "Parallel Aware": false, "Async Capable": false, "Join Type": "Inner", "Startup Cost": 2461.59, "Total Cost": 2851.64, "Plan Rows": 80.0, "Plan Width": 0, "Actual Rows": 198, "Actual Loops": 1, "Inner Unique": false, "Plans": [{"Node Type": "Nested Loop", "Parent Relationship": "Outer", "Parallel Aware": false, "Async Capable": false, "Join Type": "Inner", "Startup Cost": 2461.3, "Total Cost": 2851.17, "Plan Rows": 3.0, "Plan Width": 8, "Actual Rows": 4, "Actual Loops": 1, "Inner Unique": true, "Plans": [{"Node Type": "Nested Loop", "Parent Relationship": "Outer", "Parallel Aware": false, "Async Capable": false, "Join Type": "Inner", "Startup Cost": 2461.01, "Total Cost": 2848.92, "Plan Rows": 43.0, "Plan Width": 4, "Actual Rows": 66, "Actual Loops": 1, "Inner Unique": false, "Join Filter": "(p.id = v.postid)", "Rows Removed by Join Filter": 0, "Plans": [{"Node Type": "Nested Loop", "Parent Relationship": "Outer", "Parallel Aware": false, "Async Capable": false, "Join Type": "Inner", "Startup Cost": 2460.59, "Total Cost": 2835.26, "Plan Rows": 7.0, "Plan Width": 16, "Actual Rows": 876, "Actual Loops": 1, "Inner Unique": false, "Join Filter": "(c.postid = p.id)", "Rows Removed by Join Filter": 0, "Plans": [{"Node Type": "Hash Join", "Parent Relationship": "Outer", "Parallel Aware": false, "Async Capable": false, "Join Type": "Inner", "Startup Cost": 2460.17, "Total Cost": 2732.96, "Plan Rows": 55.0, "Plan Width": 12, "Actual Rows": 2148, "Actual Loops": 1, "Inner Unique": true, "Hash Cond": "(pl.relatedpostid = p.id)", "Plans": [{"Node Type": "Seq Scan", "Parent Relationship": "Outer", "Parallel Aware": false, "Async Capable": false, "Relation Name": "postlinks", "Alias": "pl", "Startup Cost": 0.0, "Total Cost": 248.53, "Plan Rows": 9242, "Plan Width": 4, "Actual Rows": 9154, "Actual Loops": 1, "Filter": "((creationdate >= '2011-10-14 22:52:24'::timestamp without time zone) AND (linktypeid = 1))", "Rows Removed by Filter": 1948}, {"Node Type": "Hash", "Parent Relationship": "Inner", "Parallel Aware": false, "Async Capable": false, "Startup Cost": 2449.58, "Total Cost": 2449.58, "Plan Rows": 847, "Plan Width": 8, "Actual Rows": 1268, "Actual Loops": 1, "Hash Buckets": 2048, "Original Hash Buckets": 1024, "Hash Batches": 1, "Original Hash Batches": 1, "Peak Memory Usage": 66, "Plans": [{"Node Type": "Seq Scan", "Parent Relationship": "Outer", "Parallel Aware": false, "Async Capable": false, "Relation Name": "posts", "Alias": "p", "Startup Cost": 0.0, "Total Cost": 2449.58, "Plan Rows": 847, "Plan Width": 8, "Actual Rows": 1268, "Actual Loops": 1, "Filter": "((answercount >= 4) AND (answercount <= 37) AND (creationdate <= '2013-07-12 13:35:20'::timestamp without time zone))", "Rows Removed by Filter": 90708}]}]}, {"Node Type": "Index Scan", "Parent Relationship": "Inner", "Parallel Aware": false, "Async Capable": false, "Scan Direction": "Forward", "Index Name": "idx_comments_postid", "Relation Name": "comments", "Alias": "c", "Startup Cost": 0.42, "Total Cost": 1.19, "Plan Rows": 1, "Plan Width": 4, "Actual Rows": 0, "Actual Loops": 2148, "Index Cond": "(postid = pl.relatedpostid)", "Rows Removed by Index Recheck": 0, "Filter": "(score = 2)", "Rows Removed by Filter": 3}]}, {"Node Type": "Index Scan", "Parent Relationship": "Inner", "Parallel Aware": false, "Async Capable": false, "Scan Direction": "Forward", "Index Name": "idx_votes_postid", "Relation Name": "votes", "Alias": "v", "Startup Cost": 0.42, "Total Cost": 1.69, "Plan Rows": 1, "Plan Width": 4, "Actual Rows": 0, "Actual Loops": 876, "Index Cond": "(postid = pl.relatedpostid)", "Rows Removed by Index Recheck": 0, "Filter": "((bountyamount <= 293) AND (creationdate >= '2011-11-24 23:37:29'::timestamp without time zone) AND (creationdate <= '2013-05-11 06:36:52'::timestamp without time zone))", "Rows Removed by Filter": 85}]}, {"Node Type": "Index Scan", "Parent Relationship": "Inner", "Parallel Aware": false, "Async Capable": false, "Scan Direction": "Forward", "Index Name": "users_pkey", "Relation Name": "users", "Alias": "u", "Startup Cost": 0.29, "Total Cost": 2.25, "Plan Rows": 1, "Plan Width": 4, "Actual Rows": 0, "Actual Loops": 66, "Index Cond": "(id = p.owneruserid)", "Rows Removed by Index Recheck": 0, "Filter": "((views <= 9245) AND (creationdate >= '2011-06-26 08:06:30'::timestamp without time zone) AND (creationdate <= '2012-07-01 18:12:14'::timestamp without time zone))", "Rows Removed by Filter": 1}]}, {"Node Type": "Index Only Scan", "Parent Relationship": "Inner", "Parallel Aware": false, "Async Capable": false, "Scan Direction": "Forward", "Index Name": "idx_badges_userid", "Relation Name": "badges", "Alias": "b", "Startup Cost": 0.29, "Total Cost": 0.43, "Plan Rows": 3, "Plan Width": 4, "Actual Rows": 50, "Actual Loops": 4, "Index Cond": "(userid = u.id)", "Rows Removed by Index Recheck": 0, "Heap Fetches": 0}]}]}, "Planning Time": 3.723, "Triggers": [], "Execution Time": 36.837}, {"Plan": {"Node Type": "Aggregate", "Strategy": "Plain", "Partial Mode": "Simple", "Parallel Aware": false, "Async Capable": false, "Startup Cost": 4483.64, "Total Cost": 4483.65, "Plan Rows": 1, "Plan Width": 8, "Actual Rows": 1, "Actual Loops": 1, "Plans": [{"Node Type": "Hash Join", "Parent Relationship": "Outer", "Parallel Aware": false, "Async Capable": false, "Join Type": "Inner", "Startup Cost": 4200.42, "Total Cost": 4483.62, "Plan Rows": 80.0, "Plan Width": 0, "Actual Rows": 198, "Actual Loops": 1, "Inner Unique": false, "Hash Cond": "(pl.relatedpostid = p.id)", "Plans": [{"Node Type": "Seq Scan", "Parent Relationship": "Outer", "Parallel Aware": false, "Async Capable": false, "Relation Name": "postlinks", "Alias": "pl", "Startup Cost": 0.0, "Total Cost": 248.53, "Plan Rows": 9242, "Plan Width": 4, "Actual Rows": 9154, "Actual Loops": 1, "Filter": "((creationdate >= '2011-10-14 22:52:24'::timestamp without time zone) AND (linktypeid = 1))", "Rows Removed by Filter": 1948}, {"Node Type": "Hash", "Parent Relationship": "Inner", "Parallel Aware": false, "Async Capable": false, "Startup Cost": 4200.35, "Total Cost": 4200.35, "Plan Rows": 186.0, "Plan Width": 12, "Actual Rows": 144, "Actual Loops": 1, "Hash Buckets": 1024, "Original Hash Buckets": 1024, "Hash Batches": 1, "Original Hash Batches": 1, "Peak Memory Usage": 15, "Plans": [{"Node Type": "Nested Loop", "Parent Relationship": "Outer", "Parallel Aware": false, "Async Capable": false, "Join Type": "Inner", "Startup Cost": 1079.97, "Total Cost": 4200.35, "Plan Rows": 186.0, "Plan Width": 12, "Actual Rows": 144, "Actual Loops": 1, "Inner Unique": false, "Plans": [{"Node Type": "Nested Loop", "Parent Relationship": "Outer", "Parallel Aware": false, "Async Capable": false, "Join Type": "Inner", "Startup Cost": 1079.68, "Total Cost": 4199.89, "Plan Rows": 7.0, "Plan Width": 20, "Actual Rows": 4, "Actual Loops": 1, "Inner Unique": false, "Join Filter": "(p.id = v.postid)", "Rows Removed by Join Filter": 0, "Plans": [{"Node Type": "Nested Loop", "Parent Relationship": "Outer", "Parallel Aware": false, "Async Capable": false, "Join Type": "Inner", "Startup Cost": 1079.26, "Total Cost": 4179.84, "Plan Rows": 1.0, "Plan Width": 16, "Actual Rows": 82, "Actual Loops": 1, "Inner Unique": false, "Plans": [{"Node Type": "Hash Join", "Parent Relationship": "Outer", "Parallel Aware": false, "Async Capable": false, "Join Type": "Inner", "Startup Cost": 1078.84, "Total Cost": 3530.64, "Plan Rows": 7.0, "Plan Width": 12, "Actual Rows": 322, "Actual Loops": 1, "Inner Unique": true, "Hash Cond": "(p.owneruserid = u.id)", "Plans": [{"Node Type": "Seq Scan", "Parent Relationship": "Outer", "Parallel Aware": false, "Async Capable": false, "Relation Name": "posts", "Alias": "p", "Startup Cost": 0.0, "Total Cost": 2449.58, "Plan Rows": 847, "Plan Width": 8, "Actual Rows": 1268, "Actual Loops": 1, "Filter": "((answercount >= 4) AND (answercount <= 37) AND (creationdate <= '2013-07-12 13:35:20'::timestamp without time zone))", "Rows Removed by Filter": 90708}, {"Node Type": "Hash", "Parent Relationship": "Inner", "Parallel Aware": false, "Async Capable": false, "Startup Cost": 1002.69, "Total Cost": 1002.69, "Plan Rows": 6092, "Plan Width": 4, "Actual Rows": 6090, "Actual Loops": 1, "Hash Buckets": 8192, "Original Hash Buckets": 8192, "Hash Batches": 1, "Original Hash Batches": 1, "Peak Memory Usage": 279, "Plans": [{"Node Type": "Seq Scan", "Parent Relationship": "Outer", "Parallel Aware": false, "Async Capable": false, "Relation Name": "users", "Alias": "u", "Startup Cost": 0.0, "Total Cost": 1002.69, "Plan Rows": 6092, "Plan Width": 4, "Actual Rows": 6090, "Actual Loops": 1, "Filter": "((views <= 9245) AND (creationdate >= '2011-06-26 08:06:30'::timestamp without time zone) AND (creationdate <= '2012-07-01 18:12:14'::timestamp without time zone))", "Rows Removed by Filter": 34235}]}]}, {"Node Type": "Index Scan", "Parent Relationship": "Inner", "Parallel Aware": false, "Async Capable": false, "Scan Direction": "Forward", "Index Name": "idx_comments_postid", "Relation Name": "comments", "Alias": "c", "Startup Cost": 0.42, "Total Cost": 5.14, "Plan Rows": 1, "Plan Width": 4, "Actual Rows": 0, "Actual Loops": 322, "Index Cond": "(postid = p.id)", "Rows Removed by Index Recheck": 0, "Filter": "(score = 2)", "Rows Removed by Filter": 3}]}, {"Node Type": "Index Scan", "Parent Relationship": "Inner", "Parallel Aware": false, "Async Capable": false, "Scan Direction": "Forward", "Index Name": "idx_votes_postid", "Relation Name": "votes", "Alias": "v", "Startup Cost": 0.42, "Total Cost": 1.81, "Plan Rows": 1, "Plan Width": 4, "Actual Rows": 0, "Actual Loops": 82, "Index Cond": "(postid = c.postid)", "Rows Removed by Index Recheck": 0, "Filter": "((bountyamount <= 293) AND (creationdate >= '2011-11-24 23:37:29'::timestamp without time zone) AND (creationdate <= '2013-05-11 06:36:52'::timestamp without time zone))", "Rows Removed by Filter": 21}]}, {"Node Type": "Index Only Scan", "Parent Relationship": "Inner", "Parallel Aware": false, "Async Capable": false, "Scan Direction": "Forward", "Index Name": "idx_badges_userid", "Relation Name": "badges", "Alias": "b", "Startup Cost": 0.29, "Total Cost": 0.43, "Plan Rows": 3, "Plan Width": 4, "Actual Rows": 36, "Actual Loops": 4, "Index Cond": "(userid = u.id)", "Rows Removed by Index Recheck": 0, "Heap Fetches": 0}]}]}]}]}, "Planning Time": 3.671, "Triggers": [], "Execution Time": 21.259}, {"Plan": {"Node Type": "Aggregate", "Strategy": "Plain", "Partial Mode": "Simple", "Parallel Aware": false, "Async Capable": false, "Startup Cost": 6435.2, "Total Cost": 6435.21, "Plan Rows": 1, "Plan Width": 8, "Actual Rows": 1, "Actual Loops": 1, "Plans": [{"Node Type": "Hash Join", "Parent Relationship": "Outer", "Parallel Aware": false, "Async Capable": false, "Join Type": "Inner", "Startup Cost": 2880.87, "Total Cost": 6435.19, "Plan Rows": 80.0, "Plan Width": 0, "Actual Rows": 198, "Actual Loops": 1, "Inner Unique": false, "Hash Cond": "(c.postid = p.id)", "Plans": [{"Node Type": "Seq Scan", "Parent Relationship": "Outer", "Parallel Aware": false, "Async Capable": false, "Relation Name": "comments", "Alias": "c", "Startup Cost": 0.0, "Total Cost": 3522.81, "Plan Rows": 8398, "Plan Width": 4, "Actual Rows": 8362, "Actual Loops": 1, "Filter": "(score = 2)", "Rows Removed by Filter": 165943}, {"Node Type": "Hash", "Parent Relationship": "Inner", "Parallel Aware": false, "Async Capable": false, "Startup Cost": 2880.8, "Total Cost": 2880.8, "Plan Rows": 809.0, "Plan Width": 12, "Actual Rows": 168, "Actual Loops": 1, "Hash Buckets": 1024, "Original Hash Buckets": 1024, "Hash Batches": 1, "Original Hash Batches": 1, "Peak Memory Usage": 16, "Plans": [{"Node Type": "Nested Loop", "Parent Relationship": "Outer", "Parallel Aware": false, "Async Capable": false, "Join Type": "Inner", "Startup Cost": 2461.17, "Total Cost": 2880.8, "Plan Rows": 809.0, "Plan Width": 12, "Actual Rows": 168, "Actual Loops": 1, "Inner Unique": false, "Plans": [{"Node Type": "Nested Loop", "Parent Relationship": "Outer", "Parallel Aware": false, "Async Capable": false, "Join Type": "Inner", "Startup Cost": 2460.88, "Total Cost": 2880.34, "Plan Rows": 27.0, "Plan Width": 20, "Actual Rows": 4, "Actual Loops": 1, "Inner Unique": true, "Plans": [{"Node Type": "Nested Loop", "Parent Relationship": "Outer", "Parallel Aware": false, "Async Capable": false, "Join Type": "Inner", "Startup Cost": 2460.59, "Total Cost": 2878.08, "Plan Rows": 349.0, "Plan Width": 16, "Actual Rows": 72, "Actual Loops": 1, "Inner Unique": false, "Join Filter": "(p.id = v.postid)", "Rows Removed by Join Filter": 0, "Plans": [{"Node Type": "Hash Join", "Parent Relationship": "Outer", "Parallel Aware": false, "Async Capable": false, "Join Type": "Inner", "Startup Cost": 2460.17, "Total Cost": 2732.96, "Plan Rows": 55.0, "Plan Width": 12, "Actual Rows": 2148, "Actual Loops": 1, "Inner Unique": true, "Hash Cond": "(pl.relatedpostid = p.id)", "Plans": [{"Node Type": "Seq Scan", "Parent Relationship": "Outer", "Parallel Aware": false, "Async Capable": false, "Relation Name": "postlinks", "Alias": "pl", "Startup Cost": 0.0, "Total Cost": 248.53, "Plan Rows": 9242, "Plan Width": 4, "Actual Rows": 9154, "Actual Loops": 1, "Filter": "((creationdate >= '2011-10-14 22:52:24'::timestamp without time zone) AND (linktypeid = 1))", "Rows Removed by Filter": 1948}, {"Node Type": "Hash", "Parent Relationship": "Inner", "Parallel Aware": false, "Async Capable": false, "Startup Cost": 2449.58, "Total Cost": 2449.58, "Plan Rows": 847, "Plan Width": 8, "Actual Rows": 1268, "Actual Loops": 1, "Hash Buckets": 2048, "Original Hash Buckets": 1024, "Hash Batches": 1, "Original Hash Batches": 1, "Peak Memory Usage": 66, "Plans": [{"Node Type": "Seq Scan", "Parent Relationship": "Outer", "Parallel Aware": false, "Async Capable": false, "Relation Name": "posts", "Alias": "p", "Startup Cost": 0.0, "Total Cost": 2449.58, "Plan Rows": 847, "Plan Width": 8, "Actual Rows": 1268, "Actual Loops": 1, "Filter": "((answercount >= 4) AND (answercount <= 37) AND (creationdate <= '2013-07-12 13:35:20'::timestamp without time zone))", "Rows Removed by Filter": 90708}]}]}, {"Node Type": "Index Scan", "Parent Relationship": "Inner", "Parallel Aware": false, "Async Capable": false, "Scan Direction": "Forward", "Index Name": "idx_votes_postid", "Relation Name": "votes", "Alias": "v", "Startup Cost": 0.42, "Total Cost": 1.69, "Plan Rows": 1, "Plan Width": 4, "Actual Rows": 0, "Actual Loops": 2148, "Index Cond": "(postid = pl.relatedpostid)", "Rows Removed by Index Recheck": 0, "Filter": "((bountyamount <= 293) AND (creationdate >= '2011-11-24 23:37:29'::timestamp without time zone) AND (creationdate <= '2013-05-11 06:36:52'::timestamp without time zone))", "Rows Removed by Filter": 72}]}, {"Node Type": "Index Scan", "Parent Relationship": "Inner", "Parallel Aware": false, "Async Capable": false, "Scan Direction": "Forward", "Index Name": "users_pkey", "Relation Name": "users", "Alias": "u", "Startup Cost": 0.29, "Total Cost": 2.25, "Plan Rows": 1, "Plan Width": 4, "Actual Rows": 0, "Actual Loops": 72, "Index Cond": "(id = p.owneruserid)", "Rows Removed by Index Recheck": 0, "Filter": "((views <= 9245) AND (creationdate >= '2011-06-26 08:06:30'::timestamp without time zone) AND (creationdate <= '2012-07-01 18:12:14'::timestamp without time zone))", "Rows Removed by Filter": 1}]}, {"Node Type": "Index Only Scan", "Parent Relationship": "Inner", "Parallel Aware": false, "Async Capable": false, "Scan Direction": "Forward", "Index Name": "idx_badges_userid", "Relation Name": "badges", "Alias": "b", "Startup Cost": 0.29, "Total Cost": 0.43, "Plan Rows": 3, "Plan Width": 4, "Actual Rows": 42, "Actual Loops": 4, "Index Cond": "(userid = u.id)", "Rows Removed by Index Recheck": 0, "Heap Fetches": 0}]}]}]}]}, "Planning Time": 4.719, "Triggers": [], "Execution Time": 102.808}, {"Plan": {"Node Type": "Aggregate", "Strategy": "Plain", "Partial Mode": "Simple", "Parallel Aware": false, "Async Capable": false, "Startup Cost": 2932.29, "Total Cost": 2932.3, "Plan Rows": 1, "Plan Width": 8, "Actual Rows": 1, "Actual Loops": 1, "Plans": [{"Node Type": "Nested Loop", "Parent Relationship": "Outer", "Parallel Aware": false, "Async Capable": false, "Join Type": "Inner", "Startup Cost": 2461.59, "Total Cost": 2932.28, "Plan Rows": 80.0, "Plan Width": 0, "Actual Rows": 198, "Actual Loops": 1, "Inner Unique": false, "Join Filter": "(p.id = v.postid)", "Rows Removed by Join Filter": 0, "Plans": [{"Node Type": "Nested Loop", "Parent Relationship": "Outer", "Parallel Aware": false, "Async Capable": false, "Join Type": "Inner", "Startup Cost": 2461.17, "Total Cost": 2853.74, "Plan Rows": 15.0, "Plan Width": 12, "Actual Rows": 4252, "Actual Loops": 1, "Inner Unique": false, "Plans": [{"Node Type": "Nested Loop", "Parent Relationship": "Outer", "Parallel Aware": false, "Async Capable": false, "Join Type": "Inner", "Startup Cost": 2460.88, "Total Cost": 2853.27, "Plan Rows": 1.0, "Plan Width": 20, "Actual Rows": 310, "Actual Loops": 1, "Inner Unique": true, "Plans": [{"Node Type": "Nested Loop", "Parent Relationship": "Outer", "Parallel Aware": false, "Async Capable": false, "Join Type": "Inner", "Startup Cost": 2460.59, "Total Cost": 2835.26, "Plan Rows": 7.0, "Plan Width": 16, "Actual Rows": 876, "Actual Loops": 1, "Inner Unique": false, "Join Filter": "(c.postid = p.id)", "Rows Removed by Join Filter": 0, "Plans": [{"Node Type": "Hash Join", "Parent Relationship": "Outer", "Parallel Aware": false, "Async Capable": false, "Join Type": "Inner", "Startup Cost": 2460.17, "Total Cost": 2732.96, "Plan Rows": 55.0, "Plan Width": 12, "Actual Rows": 2148, "Actual Loops": 1, "Inner Unique": true, "Hash Cond": "(pl.relatedpostid = p.id)", "Plans": [{"Node Type": "Seq Scan", "Parent Relationship": "Outer", "Parallel Aware": false, "Async Capable": false, "Relation Name": "postlinks", "Alias": "pl", "Startup Cost": 0.0, "Total Cost": 248.53, "Plan Rows": 9242, "Plan Width": 4, "Actual Rows": 9154, "Actual Loops": 1, "Filter": "((creationdate >= '2011-10-14 22:52:24'::timestamp without time zone) AND (linktypeid = 1))", "Rows Removed by Filter": 1948}, {"Node Type": "Hash", "Parent Relationship": "Inner", "Parallel Aware": false, "Async Capable": false, "Startup Cost": 2449.58, "Total Cost": 2449.58, "Plan Rows": 847, "Plan Width": 8, "Actual Rows": 1268, "Actual Loops": 1, "Hash Buckets": 2048, "Original Hash Buckets": 1024, "Hash Batches": 1, "Original Hash Batches": 1, "Peak Memory Usage": 66, "Plans": [{"Node Type": "Seq Scan", "Parent Relationship": "Outer", "Parallel Aware": false, "Async Capable": false, "Relation Name": "posts", "Alias": "p", "Startup Cost": 0.0, "Total Cost": 2449.58, "Plan Rows": 847, "Plan Width": 8, "Actual Rows": 1268, "Actual Loops": 1, "Filter": "((answercount >= 4) AND (answercount <= 37) AND (creationdate <= '2013-07-12 13:35:20'::timestamp without time zone))", "Rows Removed by Filter": 90708}]}]}, {"Node Type": "Index Scan", "Parent Relationship": "Inner", "Parallel Aware": false, "Async Capable": false, "Scan Direction": "Forward", "Index Name": "idx_comments_postid", "Relation Name": "comments", "Alias": "c", "Startup Cost": 0.42, "Total Cost": 1.19, "Plan Rows": 1, "Plan Width": 4, "Actual Rows": 0, "Actual Loops": 2148, "Index Cond": "(postid = pl.relatedpostid)", "Rows Removed by Index Recheck": 0, "Filter": "(score = 2)", "Rows Removed by Filter": 3}]}, {"Node Type": "Index Scan", "Parent Relationship": "Inner", "Parallel Aware": false, "Async Capable": false, "Scan Direction": "Forward", "Index Name": "users_pkey", "Relation Name": "users", "Alias": "u", "Startup Cost": 0.29, "Total Cost": 2.25, "Plan Rows": 1, "Plan Width": 4, "Actual Rows": 0, "Actual Loops": 876, "Index Cond": "(id = p.owneruserid)", "Rows Removed by Index Recheck": 0, "Filter": "((views <= 9245) AND (creationdate >= '2011-06-26 08:06:30'::timestamp without time zone) AND (creationdate <= '2012-07-01 18:12:14'::timestamp without time zone))", "Rows Removed by Filter": 1}]}, {"Node Type": "Index Only Scan", "Parent Relationship": "Inner", "Parallel Aware": false, "Async Capable": false, "Scan Direction": "Forward", "Index Name": "idx_badges_userid", "Relation Name": "badges", "Alias": "b", "Startup Cost": 0.29, "Total Cost": 0.43, "Plan Rows": 3, "Plan Width": 4, "Actual Rows": 14, "Actual Loops": 310, "Index Cond": "(userid = u.id)", "Rows Removed by Index Recheck": 0, "Heap Fetches": 0}]}, {"Node Type": "Index Scan", "Parent Relationship": "Inner", "Parallel Aware": false, "Async Capable": false, "Scan Direction": "Forward", "Index Name": "idx_votes_postid", "Relation Name": "votes", "Alias": "v", "Startup Cost": 0.42, "Total Cost": 1.69, "Plan Rows": 1, "Plan Width": 4, "Actual Rows": 0, "Actual Loops": 4252, "Index Cond": "(postid = pl.relatedpostid)", "Rows Removed by Index Recheck": 0, "Filter": "((bountyamount <= 293) AND (creationdate >= '2011-11-24 23:37:29'::timestamp without time zone) AND (creationdate <= '2013-05-11 06:36:52'::timestamp without time zone))", "Rows Removed by Filter": 57}]}]}, "Planning Time": 4.175, "Triggers": [], "Execution Time": 72.275}, {"Plan": {"Node Type": "Aggregate", "Strategy": "Plain", "Partial Mode": "Simple", "Parallel Aware": false, "Async Capable": false, "Startup Cost": 5518.7, "Total Cost": 5518.71, "Plan Rows": 1, "Plan Width": 8, "Actual Rows": 1, "Actual Loops": 1, "Plans": [{"Node Type": "Nested Loop", "Parent Relationship": "Outer", "Parallel Aware": false, "Async Capable": false, "Join Type": "Inner", "Startup Cost": 3539.85, "Total Cost": 5518.69, "Plan Rows": 80.0, "Plan Width": 0, "Actual Rows": 198, "Actual Loops": 1, "Inner Unique": false, "Join Filter": "(p.owneruserid = u.id)", "Rows Removed by Join Filter": 1134210, "Plans": [{"Node Type": "Nested Loop", "Parent Relationship": "Outer", "Parallel Aware": false, "Async Capable": false, "Join Type": "Inner", "Startup Cost": 2461.01, "Total Cost": 2848.92, "Plan Rows": 43.0, "Plan Width": 4, "Actual Rows": 66, "Actual Loops": 1, "Inner Unique": false, "Join Filter": "(p.id = v.postid)", "Rows Removed by Join Filter": 0, "Plans": [{"Node Type": "Nested Loop", "Parent Relationship": "Outer", "Parallel Aware": false, "Async Capable": false, "Join Type": "Inner", "Startup Cost": 2460.59, "Total Cost": 2835.26, "Plan Rows": 7.0, "Plan Width": 16, "Actual Rows": 876, "Actual Loops": 1, "Inner Unique": false, "Join Filter": "(c.postid = p.id)", "Rows Removed by Join Filter": 0, "Plans": [{"Node Type": "Hash Join", "Parent Relationship": "Outer", "Parallel Aware": false, "Async Capable": false, "Join Type": "Inner", "Startup Cost": 2460.17, "Total Cost": 2732.96, "Plan Rows": 55.0, "Plan Width": 12, "Actual Rows": 2148, "Actual Loops": 1, "Inner Unique": true, "Hash Cond": "(pl.relatedpostid = p.id)", "Plans": [{"Node Type": "Seq Scan", "Parent Relationship": "Outer", "Parallel Aware": false, "Async Capable": false, "Relation Name": "postlinks", "Alias": "pl", "Startup Cost": 0.0, "Total Cost": 248.53, "Plan Rows": 9242, "Plan Width": 4, "Actual Rows": 9154, "Actual Loops": 1, "Filter": "((creationdate >= '2011-10-14 22:52:24'::timestamp without time zone) AND (linktypeid = 1))", "Rows Removed by Filter": 1948}, {"Node Type": "Hash", "Parent Relationship": "Inner", "Parallel Aware": false, "Async Capable": false, "Startup Cost": 2449.58, "Total Cost": 2449.58, "Plan Rows": 847, "Plan Width": 8, "Actual Rows": 1268, "Actual Loops": 1, "Hash Buckets": 2048, "Original Hash Buckets": 1024, "Hash Batches": 1, "Original Hash Batches": 1, "Peak Memory Usage": 66, "Plans": [{"Node Type": "Seq Scan", "Parent Relationship": "Outer", "Parallel Aware": false, "Async Capable": false, "Relation Name": "posts", "Alias": "p", "Startup Cost": 0.0, "Total Cost": 2449.58, "Plan Rows": 847, "Plan Width": 8, "Actual Rows": 1268, "Actual Loops": 1, "Filter": "((answercount >= 4) AND (answercount <= 37) AND (creationdate <= '2013-07-12 13:35:20'::timestamp without time zone))", "Rows Removed by Filter": 90708}]}]}, {"Node Type": "Index Scan", "Parent Relationship": "Inner", "Parallel Aware": false, "Async Capable": false, "Scan Direction": "Forward", "Index Name": "idx_comments_postid", "Relation Name": "comments", "Alias": "c", "Startup Cost": 0.42, "Total Cost": 1.19, "Plan Rows": 1, "Plan Width": 4, "Actual Rows": 0, "Actual Loops": 2148, "Index Cond": "(postid = pl.relatedpostid)", "Rows Removed by Index Recheck": 0, "Filter": "(score = 2)", "Rows Removed by Filter": 3}]}, {"Node Type": "Index Scan", "Parent Relationship": "Inner", "Parallel Aware": false, "Async Capable": false, "Scan Direction": "Forward", "Index Name": "idx_votes_postid", "Relation Name": "votes", "Alias": "v", "Startup Cost": 0.42, "Total Cost": 1.69, "Plan Rows": 1, "Plan Width": 4, "Actual Rows": 0, "Actual Loops": 876, "Index Cond": "(postid = pl.relatedpostid)", "Rows Removed by Index Recheck": 0, "Filter": "((bountyamount <= 293) AND (creationdate >= '2011-11-24 23:37:29'::timestamp without time zone) AND (creationdate <= '2013-05-11 06:36:52'::timestamp without time zone))", "Rows Removed by Filter": 85}]}, {"Node Type": "Hash Join", "Parent Relationship": "Inner", "Parallel Aware": false, "Async Capable": false, "Join Type": "Inner", "Startup Cost": 1078.84, "Total Cost": 2518.98, "Plan Rows": 2009.0, "Plan Width": 8, "Actual Rows": 17188, "Actual Loops": 66, "Inner Unique": true, "Hash Cond": "(b.userid = u.id)", "Plans": [{"Node Type": "Seq Scan", "Parent Relationship": "Outer", "Parallel Aware": false, "Async Capable": false, "Relation Name": "badges", "Alias": "b", "Startup Cost": 0.0, "Total Cost": 1230.51, "Plan Rows": 79851, "Plan Width": 4, "Actual Rows": 79851, "Actual Loops": 66}, {"Node Type": "Hash", "Parent Relationship": "Inner", "Parallel Aware": false, "Async Capable": false, "Startup Cost": 1002.69, "Total Cost": 1002.69, "Plan Rows": 6092, "Plan Width": 4, "Actual Rows": 6090, "Actual Loops": 1, "Hash Buckets": 8192, "Original Hash Buckets": 8192, "Hash Batches": 1, "Original Hash Batches": 1, "Peak Memory Usage": 279, "Plans": [{"Node Type": "Seq Scan", "Parent Relationship": "Outer", "Parallel Aware": false, "Async Capable": false, "Relation Name": "users", "Alias": "u", "Startup Cost": 0.0, "Total Cost": 1002.69, "Plan Rows": 6092, "Plan Width": 4, "Actual Rows": 6090, "Actual Loops": 1, "Filter": "((views <= 9245) AND (creationdate >= '2011-06-26 08:06:30'::timestamp without time zone) AND (creationdate <= '2012-07-01 18:12:14'::timestamp without time zone))", "Rows Removed by Filter": 34235}]}]}]}]}, "Planning Time": 4.631, "Triggers": [], "Execution Time": 533.908}, {"Plan": {"Node Type": "Aggregate", "Strategy": "Plain", "Partial Mode": "Finalize", "Parallel Aware": false, "Async Capable": false, "Startup Cost": 11102.21, "Total Cost": 11102.22, "Plan Rows": 1, "Plan Width": 8, "Actual Rows": 1, "Actual Loops": 1, "Plans": [{"Node Type": "Gather", "Parent Relationship": "Outer", "Parallel Aware": false, "Async Capable": false, "Startup Cost": 11102.09, "Total Cost": 11102.2, "Plan Rows": 1, "Plan Width": 8, "Actual Rows": 2, "Actual Loops": 1, "Workers Planned": 1, "Workers Launched": 1, "Single Copy": false, "Plans": [{"Node Type": "Aggregate", "Strategy": "Plain", "Partial Mode": "Partial", "Parent Relationship": "Outer", "Parallel Aware": false, "Async Capable": false, "Startup Cost": 10102.09, "Total Cost": 10102.1, "Plan Rows": 1, "Plan Width": 8, "Actual Rows": 1, "Actual Loops": 2, "Workers": [], "Plans": [{"Node Type": "Hash Join", "Parent Relationship": "Outer", "Parallel Aware": false, "Async Capable": false, "Join Type": "Inner", "Startup Cost": 4190.73, "Total Cost": 10102.08, "Plan Rows": 80.0, "Plan Width": 0, "Actual Rows": 99, "Actual Loops": 2, "Inner Unique": false, "Hash Cond": "(pl.relatedpostid = p.id)", "Workers": [], "Plans": [{"Node Type": "Nested Loop", "Parent Relationship": "Outer", "Parallel Aware": false, "Async Capable": false, "Join Type": "Inner", "Startup Cost": 0.29, "Total Cost": 5910.77, "Plan Rows": 1549.0, "Plan Width": 8, "Actual Rows": 86, "Actual Loops": 2, "Inner Unique": false, "Workers": [], "Plans": [{"Node Type": "Seq Scan", "Parent Relationship": "Outer", "Parallel Aware": true, "Async Capable": false, "Relation Name": "votes", "Alias": "v", "Startup Cost": 0.0, "Total Cost": 5537.13, "Plan Rows": 354, "Plan Width": 4, "Actual Rows": 280, "Actual Loops": 2, "Filter": "((bountyamount <= 293) AND (creationdate >= '2011-11-24 23:37:29'::timestamp without time zone) AND (creationdate <= '2013-05-11 06:36:52'::timestamp without time zone))", "Rows Removed by Filter": 163752, "Workers": []}, {"Node Type": "Index Scan", "Parent Relationship": "Inner", "Parallel Aware": false, "Async Capable": false, "Scan Direction": "Forward", "Index Name": "idx_postlinks_relatedpostid", "Relation Name": "postlinks", "Alias": "pl", "Startup Cost": 0.29, "Total Cost": 1.04, "Plan Rows": 2, "Plan Width": 4, "Actual Rows": 0, "Actual Loops": 561, "Index Cond": "(relatedpostid = v.postid)", "Rows Removed by Index Recheck": 0, "Filter": "((creationdate >= '2011-10-14 22:52:24'::timestamp without time zone) AND (linktypeid = 1))", "Rows Removed by Filter": 0, "Workers": []}]}, {"Node Type": "Hash", "Parent Relationship": "Inner", "Parallel Aware": false, "Async Capable": false, "Startup Cost": 4184.93, "Total Cost": 4184.93, "Plan Rows": 35.0, "Plan Width": 8, "Actual Rows": 1321, "Actual Loops": 2, "Hash Buckets": 2048, "Original Hash Buckets": 1024, "Hash Batches": 1, "Original Hash Batches": 1, "Peak Memory Usage": 68, "Workers": [], "Plans": [{"Node Type": "Nested Loop", "Parent Relationship": "Outer", "Parallel Aware": false, "Async Capable": false, "Join Type": "Inner", "Startup Cost": 1079.55, "Total Cost": 4184.93, "Plan Rows": 35.0, "Plan Width": 8, "Actual Rows": 1321, "Actual Loops": 2, "Inner Unique": false, "Workers": [], "Plans": [{"Node Type": "Nested Loop", "Parent Relationship": "Outer", "Parallel Aware": false, "Async Capable": false, "Join Type": "Inner", "Startup Cost": 1079.26, "Total Cost": 4179.84, "Plan Rows": 1.0, "Plan Width": 16, "Actual Rows": 82, "Actual Loops": 2, "Inner Unique": false, "Workers": [], "Plans": [{"Node Type": "Hash Join", "Parent Relationship": "Outer", "Parallel Aware": false, "Async Capable": false, "Join Type": "Inner", "Startup Cost": 1078.84, "Total Cost": 3530.64, "Plan Rows": 7.0, "Plan Width": 12, "Actual Rows": 322, "Actual Loops": 2, "Inner Unique": true, "Hash Cond": "(p.owneruserid = u.id)", "Workers": [], "Plans": [{"Node Type": "Seq Scan", "Parent Relationship": "Outer", "Parallel Aware": false, "Async Capable": false, "Relation Name": "posts", "Alias": "p", "Startup Cost": 0.0, "Total Cost": 2449.58, "Plan Rows": 847, "Plan Width": 8, "Actual Rows": 1268, "Actual Loops": 2, "Filter": "((answercount >= 4) AND (answercount <= 37) AND (creationdate <= '2013-07-12 13:35:20'::timestamp without time zone))", "Rows Removed by Filter": 90708, "Workers": []}, {"Node Type": "Hash", "Parent Relationship": "Inner", "Parallel Aware": false, "Async Capable": false, "Startup Cost": 1002.69, "Total Cost": 1002.69, "Plan Rows": 6092, "Plan Width": 4, "Actual Rows": 6090, "Actual Loops": 2, "Hash Buckets": 8192, "Original Hash Buckets": 8192, "Hash Batches": 1, "Original Hash Batches": 1, "Peak Memory Usage": 279, "Workers": [], "Plans": [{"Node Type": "Seq Scan", "Parent Relationship": "Outer", "Parallel Aware": false, "Async Capable": false, "Relation Name": "users", "Alias": "u", "Startup Cost": 0.0, "Total Cost": 1002.69, "Plan Rows": 6092, "Plan Width": 4, "Actual Rows": 6090, "Actual Loops": 2, "Filter": "((views <= 9245) AND (creationdate >= '2011-06-26 08:06:30'::timestamp without time zone) AND (creationdate <= '2012-07-01 18:12:14'::timestamp without time zone))", "Rows Removed by Filter": 34235, "Workers": []}]}]}, {"Node Type": "Index Scan", "Parent Relationship": "Inner", "Parallel Aware": false, "Async Capable": false, "Scan Direction": "Forward", "Index Name": "idx_comments_postid", "Relation Name": "comments", "Alias": "c", "Startup Cost": 0.42, "Total Cost": 5.14, "Plan Rows": 1, "Plan Width": 4, "Actual Rows": 0, "Actual Loops": 644, "Index Cond": "(postid = p.id)", "Rows Removed by Index Recheck": 0, "Filter": "(score = 2)", "Rows Removed by Filter": 3, "Workers": []}]}, {"Node Type": "Index Only Scan", "Parent Relationship": "Inner", "Parallel Aware": false, "Async Capable": false, "Scan Direction": "Forward", "Index Name": "idx_badges_userid", "Relation Name": "badges", "Alias": "b", "Startup Cost": 0.29, "Total Cost": 0.43, "Plan Rows": 3, "Plan Width": 4, "Actual Rows": 16, "Actual Loops": 164, "Index Cond": "(userid = u.id)", "Rows Removed by Index Recheck": 0, "Heap Fetches": 0, "Workers": []}]}]}]}]}]}]}, "Planning Time": 5.908, "Triggers": [], "Execution Time": 71.317}, {"Plan": {"Node Type": "Aggregate", "Strategy": "Plain", "Partial Mode": "Simple", "Parallel Aware": false, "Async Capable": false, "Startup Cost": 2863.52, "Total Cost": 2863.53, "Plan Rows": 1, "Plan Width": 8, "Actual Rows": 1, "Actual Loops": 1, "Plans": [{"Node Type": "Nested Loop", "Parent Relationship": "Outer", "Parallel Aware": false, "Async Capable": false, "Join Type": "Inner", "Startup Cost": 2461.59, "Total Cost": 2863.5, "Plan Rows": 80.0, "Plan Width": 0, "Actual Rows": 198, "Actual Loops": 1, "Inner Unique": true, "Join Filter": "(p.owneruserid = u.id)", "Rows Removed by Join Filter": 0, "Plans": [{"Node Type": "Nested Loop", "Parent Relationship": "Outer", "Parallel Aware": false, "Async Capable": false, "Join Type": "Inner", "Startup Cost": 2461.3, "Total Cost": 2849.93, "Plan Rows": 1070.0, "Plan Width": 8, "Actual Rows": 1919, "Actual Loops": 1, "Inner Unique": false, "Plans": [{"Node Type": "Nested Loop", "Parent Relationship": "Outer", "Parallel Aware": false, "Async Capable": false, "Join Type": "Inner", "Startup Cost": 2461.01, "Total Cost": 2848.92, "Plan Rows": 43.0, "Plan Width": 4, "Actual Rows": 66, "Actual Loops": 1, "Inner Unique": false, "Join Filter": "(p.id = v.postid)", "Rows Removed by Join Filter": 0, "Plans": [{"Node Type": "Nested Loop", "Parent Relationship": "Outer", "Parallel Aware": false, "Async Capable": false, "Join Type": "Inner", "Startup Cost": 2460.59, "Total Cost": 2835.26, "Plan Rows": 7.0, "Plan Width": 16, "Actual Rows": 876, "Actual Loops": 1, "Inner Unique": false, "Join Filter": "(c.postid = p.id)", "Rows Removed by Join Filter": 0, "Plans": [{"Node Type": "Hash Join", "Parent Relationship": "Outer", "Parallel Aware": false, "Async Capable": false, "Join Type": "Inner", "Startup Cost": 2460.17, "Total Cost": 2732.96, "Plan Rows": 55.0, "Plan Width": 12, "Actual Rows": 2148, "Actual Loops": 1, "Inner Unique": true, "Hash Cond": "(pl.relatedpostid = p.id)", "Plans": [{"Node Type": "Seq Scan", "Parent Relationship": "Outer", "Parallel Aware": false, "Async Capable": false, "Relation Name": "postlinks", "Alias": "pl", "Startup Cost": 0.0, "Total Cost": 248.53, "Plan Rows": 9242, "Plan Width": 4, "Actual Rows": 9154, "Actual Loops": 1, "Filter": "((creationdate >= '2011-10-14 22:52:24'::timestamp without time zone) AND (linktypeid = 1))", "Rows Removed by Filter": 1948}, {"Node Type": "Hash", "Parent Relationship": "Inner", "Parallel Aware": false, "Async Capable": false, "Startup Cost": 2449.58, "Total Cost": 2449.58, "Plan Rows": 847, "Plan Width": 8, "Actual Rows": 1268, "Actual Loops": 1, "Hash Buckets": 2048, "Original Hash Buckets": 1024, "Hash Batches": 1, "Original Hash Batches": 1, "Peak Memory Usage": 66, "Plans": [{"Node Type": "Seq Scan", "Parent Relationship": "Outer", "Parallel Aware": false, "Async Capable": false, "Relation Name": "posts", "Alias": "p", "Startup Cost": 0.0, "Total Cost": 2449.58, "Plan Rows": 847, "Plan Width": 8, "Actual Rows": 1268, "Actual Loops": 1, "Filter": "((answercount >= 4) AND (answercount <= 37) AND (creationdate <= '2013-07-12 13:35:20'::timestamp without time zone))", "Rows Removed by Filter": 90708}]}]}, {"Node Type": "Index Scan", "Parent Relationship": "Inner", "Parallel Aware": false, "Async Capable": false, "Scan Direction": "Forward", "Index Name": "idx_comments_postid", "Relation Name": "comments", "Alias": "c", "Startup Cost": 0.42, "Total Cost": 1.19, "Plan Rows": 1, "Plan Width": 4, "Actual Rows": 0, "Actual Loops": 2148, "Index Cond": "(postid = pl.relatedpostid)", "Rows Removed by Index Recheck": 0, "Filter": "(score = 2)", "Rows Removed by Filter": 3}]}, {"Node Type": "Index Scan", "Parent Relationship": "Inner", "Parallel Aware": false, "Async Capable": false, "Scan Direction": "Forward", "Index Name": "idx_votes_postid", "Relation Name": "votes", "Alias": "v", "Startup Cost": 0.42, "Total Cost": 1.69, "Plan Rows": 1, "Plan Width": 4, "Actual Rows": 0, "Actual Loops": 876, "Index Cond": "(postid = pl.relatedpostid)", "Rows Removed by Index Recheck": 0, "Filter": "((bountyamount <= 293) AND (creationdate >= '2011-11-24 23:37:29'::timestamp without time zone) AND (creationdate <= '2013-05-11 06:36:52'::timestamp without time zone))", "Rows Removed by Filter": 85}]}, {"Node Type": "Index Only Scan", "Parent Relationship": "Inner", "Parallel Aware": false, "Async Capable": false, "Scan Direction": "Forward", "Index Name": "idx_badges_userid", "Relation Name": "badges", "Alias": "b", "Startup Cost": 0.29, "Total Cost": 0.98, "Plan Rows": 3, "Plan Width": 4, "Actual Rows": 29, "Actual Loops": 66, "Index Cond": "(userid = p.owneruserid)", "Rows Removed by Index Recheck": 0, "Heap Fetches": 0}]}, {"Node Type": "Index Scan", "Parent Relationship": "Inner", "Parallel Aware": false, "Async Capable": false, "Scan Direction": "Forward", "Index Name": "users_pkey", "Relation Name": "users", "Alias": "u", "Startup Cost": 0.29, "Total Cost": 0.34, "Plan Rows": 1, "Plan Width": 4, "Actual Rows": 0, "Actual Loops": 1919, "Index Cond": "(id = b.userid)", "Rows Removed by Index Recheck": 0, "Filter": "((views <= 9245) AND (creationdate >= '2011-06-26 08:06:30'::timestamp without time zone) AND (creationdate <= '2012-07-01 18:12:14'::timestamp without time zone))", "Rows Removed by Filter": 1}]}]}, "Planning Time": 4.024, "Triggers": [], "Execution Time": 39.82}, {"Plan": {"Node Type": "Aggregate", "Strategy": "Plain", "Partial Mode": "Simple", "Parallel Aware": false, "Async Capable": false, "Startup Cost": 4165.4, "Total Cost": 4165.41, "Plan Rows": 1, "Plan Width": 8, "Actual Rows": 1, "Actual Loops": 1, "Plans": [{"Node Type": "Hash Join", "Parent Relationship": "Outer", "Parallel Aware": false, "Async Capable": false, "Join Type": "Inner", "Startup Cost": 2850.42, "Total Cost": 4165.38, "Plan Rows": 80.0, "Plan Width": 0, "Actual Rows": 198, "Actual Loops": 1, "Inner Unique": false, "Hash Cond": "(u.id = p.owneruserid)", "Plans": [{"Node Type": "Seq Scan", "Parent Relationship": "Outer", "Parallel Aware": false, "Async Capable": false, "Relation Name": "users", "Alias": "u", "Startup Cost": 0.0, "Total Cost": 1002.69, "Plan Rows": 6092, "Plan Width": 4, "Actual Rows": 6090, "Actual Loops": 1, "Filter": "((views <= 9245) AND (creationdate >= '2011-06-26 08:06:30'::timestamp without time zone) AND (creationdate <= '2012-07-01 18:12:14'::timestamp without time zone))", "Rows Removed by Filter": 34235}, {"Node Type": "Hash", "Parent Relationship": "Inner", "Parallel Aware": false, "Async Capable": false, "Startup Cost": 2849.93, "Total Cost": 2849.93, "Plan Rows": 1070.0, "Plan Width": 8, "Actual Rows": 1919, "Actual Loops": 1, "Hash Buckets": 2048, "Original Hash Buckets": 1024, "Hash Batches": 1, "Original Hash Batches": 1, "Peak Memory Usage": 91, "Plans": [{"Node Type": "Nested Loop", "Parent Relationship": "Outer", "Parallel Aware": false, "Async Capable": false, "Join Type": "Inner", "Startup Cost": 2461.3, "Total Cost": 2849.93, "Plan Rows": 1070.0, "Plan Width": 8, "Actual Rows": 1919, "Actual Loops": 1, "Inner Unique": false, "Plans": [{"Node Type": "Nested Loop", "Parent Relationship": "Outer", "Parallel Aware": false, "Async Capable": false, "Join Type": "Inner", "Startup Cost": 2461.01, "Total Cost": 2848.92, "Plan Rows": 43.0, "Plan Width": 4, "Actual Rows": 66, "Actual Loops": 1, "Inner Unique": false, "Join Filter": "(p.id = v.postid)", "Rows Removed by Join Filter": 0, "Plans": [{"Node Type": "Nested Loop", "Parent Relationship": "Outer", "Parallel Aware": false, "Async Capable": false, "Join Type": "Inner", "Startup Cost": 2460.59, "Total Cost": 2835.26, "Plan Rows": 7.0, "Plan Width": 16, "Actual Rows": 876, "Actual Loops": 1, "Inner Unique": false, "Join Filter": "(c.postid = p.id)", "Rows Removed by Join Filter": 0, "Plans": [{"Node Type": "Hash Join", "Parent Relationship": "Outer", "Parallel Aware": false, "Async Capable": false, "Join Type": "Inner", "Startup Cost": 2460.17, "Total Cost": 2732.96, "Plan Rows": 55.0, "Plan Width": 12, "Actual Rows": 2148, "Actual Loops": 1, "Inner Unique": true, "Hash Cond": "(pl.relatedpostid = p.id)", "Plans": [{"Node Type": "Seq Scan", "Parent Relationship": "Outer", "Parallel Aware": false, "Async Capable": false, "Relation Name": "postlinks", "Alias": "pl", "Startup Cost": 0.0, "Total Cost": 248.53, "Plan Rows": 9242, "Plan Width": 4, "Actual Rows": 9154, "Actual Loops": 1, "Filter": "((creationdate >= '2011-10-14 22:52:24'::timestamp without time zone) AND (linktypeid = 1))", "Rows Removed by Filter": 1948}, {"Node Type": "Hash", "Parent Relationship": "Inner", "Parallel Aware": false, "Async Capable": false, "Startup Cost": 2449.58, "Total Cost": 2449.58, "Plan Rows": 847, "Plan Width": 8, "Actual Rows": 1268, "Actual Loops": 1, "Hash Buckets": 2048, "Original Hash Buckets": 1024, "Hash Batches": 1, "Original Hash Batches": 1, "Peak Memory Usage": 66, "Plans": [{"Node Type": "Seq Scan", "Parent Relationship": "Outer", "Parallel Aware": false, "Async Capable": false, "Relation Name": "posts", "Alias": "p", "Startup Cost": 0.0, "Total Cost": 2449.58, "Plan Rows": 847, "Plan Width": 8, "Actual Rows": 1268, "Actual Loops": 1, "Filter": "((answercount >= 4) AND (answercount <= 37) AND (creationdate <= '2013-07-12 13:35:20'::timestamp without time zone))", "Rows Removed by Filter": 90708}]}]}, {"Node Type": "Index Scan", "Parent Relationship": "Inner", "Parallel Aware": false, "Async Capable": false, "Scan Direction": "Forward", "Index Name": "idx_comments_postid", "Relation Name": "comments", "Alias": "c", "Startup Cost": 0.42, "Total Cost": 1.19, "Plan Rows": 1, "Plan Width": 4, "Actual Rows": 0, "Actual Loops": 2148, "Index Cond": "(postid = pl.relatedpostid)", "Rows Removed by Index Recheck": 0, "Filter": "(score = 2)", "Rows Removed by Filter": 3}]}, {"Node Type": "Index Scan", "Parent Relationship": "Inner", "Parallel Aware": false, "Async Capable": false, "Scan Direction": "Forward", "Index Name": "idx_votes_postid", "Relation Name": "votes", "Alias": "v", "Startup Cost": 0.42, "Total Cost": 1.69, "Plan Rows": 1, "Plan Width": 4, "Actual Rows": 0, "Actual Loops": 876, "Index Cond": "(postid = pl.relatedpostid)", "Rows Removed by Index Recheck": 0, "Filter": "((bountyamount <= 293) AND (creationdate >= '2011-11-24 23:37:29'::timestamp without time zone) AND (creationdate <= '2013-05-11 06:36:52'::timestamp without time zone))", "Rows Removed by Filter": 85}]}, {"Node Type": "Index Only Scan", "Parent Relationship": "Inner", "Parallel Aware": false, "Async Capable": false, "Scan Direction": "Forward", "Index Name": "idx_badges_userid", "Relation Name": "badges", "Alias": "b", "Startup Cost": 0.29, "Total Cost": 0.98, "Plan Rows": 3, "Plan Width": 4, "Actual Rows": 29, "Actual Loops": 66, "Index Cond": "(userid = p.owneruserid)", "Rows Removed by Index Recheck": 0, "Heap Fetches": 0}]}]}]}]}, "Planning Time": 3.986, "Triggers": [], "Execution Time": 43.879}]