[{"Plan": {"Node Type": "Aggregate", "Strategy": "Plain", "Partial Mode": "Simple", "Parallel Aware": false, "Async Capable": false, "Startup Cost": 1089.74, "Total Cost": 1089.75, "Plan Rows": 1, "Plan Width": 8, "Actual Rows": 1, "Actual Loops": 1, "Plans": [{"Node Type": "Nested Loop", "Parent Relationship": "Outer", "Parallel Aware": false, "Async Capable": false, "Join Type": "Inner", "Startup Cost": 1.01, "Total Cost": 1089.73, "Plan Rows": 4.0, "Plan Width": 0, "Actual Rows": 139, "Actual Loops": 1, "Inner Unique": false, "Join Filter": "(c.postid = v.postid)", "Rows Removed by Join Filter": 0, "Plans": [{"Node Type": "Nested Loop", "Parent Relationship": "Outer", "Parallel Aware": false, "Async Capable": false, "Join Type": "Inner", "Startup Cost": 0.59, "Total Cost": 1089.14, "Plan Rows": 1.0, "Plan Width": 8, "Actual Rows": 2, "Actual Loops": 1, "Inner Unique": true, "Plans": [{"Node Type": "Nested Loop", "Parent Relationship": "Outer", "Parallel Aware": false, "Async Capable": false, "Join Type": "Inner", "Startup Cost": 0.29, "Total Cost": 1084.69, "Plan Rows": 1.0, "Plan Width": 4, "Actual Rows": 2, "Actual Loops": 1, "Inner Unique": false, "Plans": [{"Node Type": "Seq Scan", "Parent Relationship": "Outer", "Parallel Aware": false, "Async Capable": false, "Relation Name": "users", "Alias": "u", "Startup Cost": 0.0, "Total Cost": 901.88, "Plan Rows": 4, "Plan Width": 4, "Actual Rows": 3, "Actual Loops": 1, "Filter": "((views >= 5939) AND (views <= 13522))", "Rows Removed by Filter": 40322}, {"Node Type": "Index Scan", "Parent Relationship": "Inner", "Parallel Aware": false, "Async Capable": false, "Scan Direction": "Forward", "Index Name": "idx_comments_userid", "Relation Name": "comments", "Alias": "c", "Startup Cost": 0.29, "Total Cost": 45.69, "Plan Rows": 1, "Plan Width": 8, "Actual Rows": 1, "Actual Loops": 3, "Index Cond": "(userid = u.id)", "Rows Removed by Index Recheck": 0, "Filter": "(score = 11)", "Rows Removed by Filter": 2378}]}, {"Node Type": "Index Only Scan", "Parent Relationship": "Inner", "Parallel Aware": false, "Async Capable": false, "Scan Direction": "Forward", "Index Name": "posts_pkey", "Relation Name": "posts", "Alias": "p", "Startup Cost": 0.29, "Total Cost": 4.45, "Plan Rows": 1, "Plan Width": 4, "Actual Rows": 1, "Actual Loops": 2, "Index Cond": "(id = c.postid)", "Rows Removed by Index Recheck": 0, "Heap Fetches": 0}]}, {"Node Type": "Index Only Scan", "Parent Relationship": "Inner", "Parallel Aware": false, "Async Capable": false, "Scan Direction": "Forward", "Index Name": "idx_votes_postid", "Relation Name": "votes", "Alias": "v", "Startup Cost": 0.42, "Total Cost": 0.53, "Plan Rows": 5, "Plan Width": 4, "Actual Rows": 70, "Actual Loops": 2, "Index Cond": "(postid = p.id)", "Rows Removed by Index Recheck": 0, "Heap Fetches": 0}]}]}, "Planning Time": 1.104, "Triggers": [], "Execution Time": 3.896}, {"Plan": {"Node Type": "Aggregate", "Strategy": "Plain", "Partial Mode": "Simple", "Parallel Aware": false, "Async Capable": false, "Startup Cost": 3904.24, "Total Cost": 3904.25, "Plan Rows": 1, "Plan Width": 8, "Actual Rows": 1, "Actual Loops": 1, "Plans": [{"Node Type": "Nested Loop", "Parent Relationship": "Outer", "Parallel Aware": false, "Async Capable": false, "Join Type": "Inner", "Startup Cost": 1.01, "Total Cost": 3904.23, "Plan Rows": 4.0, "Plan Width": 0, "Actual Rows": 139, "Actual Loops": 1, "Inner Unique": true, "Plans": [{"Node Type": "Nested Loop", "Parent Relationship": "Outer", "Parallel Aware": false, "Async Capable": false, "Join Type": "Inner", "Startup Cost": 0.71, "Total Cost": 3669.06, "Plan Rows": 1076.0, "Plan Width": 4, "Actual Rows": 1149, "Actual Loops": 1, "Inner Unique": false, "Join Filter": "(c.postid = v.postid)", "Rows Removed by Join Filter": 0, "Plans": [{"Node Type": "Nested Loop", "Parent Relationship": "Outer", "Parallel Aware": false, "Async Capable": false, "Join Type": "Inner", "Startup Cost": 0.29, "Total Cost": 3651.8, "Plan Rows": 46.0, "Plan Width": 12, "Actual Rows": 28, "Actual Loops": 1, "Inner Unique": true, "Plans": [{"Node Type": "Seq Scan", "Parent Relationship": "Outer", "Parallel Aware": false, "Async Capable": false, "Relation Name": "comments", "Alias": "c", "Startup Cost": 0.0, "Total Cost": 3522.81, "Plan Rows": 29, "Plan Width": 8, "Actual Rows": 28, "Actual Loops": 1, "Filter": "(score = 11)", "Rows Removed by Filter": 174277}, {"Node Type": "Index Only Scan", "Parent Relationship": "Inner", "Parallel Aware": false, "Async Capable": false, "Scan Direction": "Forward", "Index Name": "posts_pkey", "Relation Name": "posts", "Alias": "p", "Startup Cost": 0.29, "Total Cost": 4.45, "Plan Rows": 1, "Plan Width": 4, "Actual Rows": 1, "Actual Loops": 28, "Index Cond": "(id = c.postid)", "Rows Removed by Index Recheck": 0, "Heap Fetches": 0}]}, {"Node Type": "Index Only Scan", "Parent Relationship": "Inner", "Parallel Aware": false, "Async Capable": false, "Scan Direction": "Forward", "Index Name": "idx_votes_postid", "Relation Name": "votes", "Alias": "v", "Startup Cost": 0.42, "Total Cost": 0.53, "Plan Rows": 5, "Plan Width": 4, "Actual Rows": 41, "Actual Loops": 28, "Index Cond": "(postid = p.id)", "Rows Removed by Index Recheck": 0, "Heap Fetches": 0}]}, {"Node Type": "Memoize", "Parent Relationship": "Inner", "Parallel Aware": false, "Async Capable": false, "Startup Cost": 0.3, "Total Cost": 7.77, "Plan Rows": 1, "Plan Width": 4, "Actual Rows": 0, "Actual Loops": 1149, "Cache Key": "c.userid", "Cache Mode": "logical", "Cache Hits": 1126, "Cache Misses": 23, "Cache Evictions": 0, "Cache Overflows": 0, "Peak Memory Usage": 2, "Plans": [{"Node Type": "Index Scan", "Parent Relationship": "Outer", "Parallel Aware": false, "Async Capable": false, "Scan Direction": "Forward", "Index Name": "users_pkey", "Relation Name": "users", "Alias": "u", "Startup Cost": 0.29, "Total Cost": 7.76, "Plan Rows": 1, "Plan Width": 4, "Actual Rows": 0, "Actual Loops": 23, "Index Cond": "(id = c.userid)", "Rows Removed by Index Recheck": 0, "Filter": "((views >= 5939) AND (views <= 13522))", "Rows Removed by Filter": 1}]}]}]}, "Planning Time": 1.082, "Triggers": [], "Execution Time": 17.406}, {"Plan": {"Node Type": "Aggregate", "Strategy": "Plain", "Partial Mode": "Simple", "Parallel Aware": false, "Async Capable": false, "Startup Cost": 1089.78, "Total Cost": 1089.79, "Plan Rows": 1, "Plan Width": 8, "Actual Rows": 1, "Actual Loops": 1, "Plans": [{"Node Type": "Nested Loop", "Parent Relationship": "Outer", "Parallel Aware": false, "Async Capable": false, "Join Type": "Inner", "Startup Cost": 1.01, "Total Cost": 1089.78, "Plan Rows": 4.0, "Plan Width": 0, "Actual Rows": 139, "Actual Loops": 1, "Inner Unique": true, "Join Filter": "(c.postid = p.id)", "Rows Removed by Join Filter": 0, "Plans": [{"Node Type": "Nested Loop", "Parent Relationship": "Outer", "Parallel Aware": false, "Async Capable": false, "Join Type": "Inner", "Startup Cost": 0.72, "Total Cost": 1089.45, "Plan Rows": 10.0, "Plan Width": 8, "Actual Rows": 139, "Actual Loops": 1, "Inner Unique": false, "Plans": [{"Node Type": "Nested Loop", "Parent Relationship": "Outer", "Parallel Aware": false, "Async Capable": false, "Join Type": "Inner", "Startup Cost": 0.29, "Total Cost": 1084.69, "Plan Rows": 1.0, "Plan Width": 4, "Actual Rows": 2, "Actual Loops": 1, "Inner Unique": false, "Plans": [{"Node Type": "Seq Scan", "Parent Relationship": "Outer", "Parallel Aware": false, "Async Capable": false, "Relation Name": "users", "Alias": "u", "Startup Cost": 0.0, "Total Cost": 901.88, "Plan Rows": 4, "Plan Width": 4, "Actual Rows": 3, "Actual Loops": 1, "Filter": "((views >= 5939) AND (views <= 13522))", "Rows Removed by Filter": 40322}, {"Node Type": "Index Scan", "Parent Relationship": "Inner", "Parallel Aware": false, "Async Capable": false, "Scan Direction": "Forward", "Index Name": "idx_comments_userid", "Relation Name": "comments", "Alias": "c", "Startup Cost": 0.29, "Total Cost": 45.69, "Plan Rows": 1, "Plan Width": 8, "Actual Rows": 1, "Actual Loops": 3, "Index Cond": "(userid = u.id)", "Rows Removed by Index Recheck": 0, "Filter": "(score = 11)", "Rows Removed by Filter": 2378}]}, {"Node Type": "Index Only Scan", "Parent Relationship": "Inner", "Parallel Aware": false, "Async Capable": false, "Scan Direction": "Forward", "Index Name": "idx_votes_postid", "Relation Name": "votes", "Alias": "v", "Startup Cost": 0.42, "Total Cost": 4.71, "Plan Rows": 5, "Plan Width": 4, "Actual Rows": 70, "Actual Loops": 2, "Index Cond": "(postid = c.postid)", "Rows Removed by Index Recheck": 0, "Heap Fetches": 0}]}, {"Node Type": "Index Only Scan", "Parent Relationship": "Inner", "Parallel Aware": false, "Async Capable": false, "Scan Direction": "Forward", "Index Name": "posts_pkey", "Relation Name": "posts", "Alias": "p", "Startup Cost": 0.29, "Total Cost": 0.31, "Plan Rows": 1, "Plan Width": 4, "Actual Rows": 1, "Actual Loops": 139, "Index Cond": "(id = v.postid)", "Rows Removed by Index Recheck": 0, "Heap Fetches": 0}]}]}, "Planning Time": 0.963, "Triggers": [], "Execution Time": 3.541}, {"Plan": {"Node Type": "Aggregate", "Strategy": "Plain", "Partial Mode": "Simple", "Parallel Aware": false, "Async Capable": false, "Startup Cost": 1089.74, "Total Cost": 1089.75, "Plan Rows": 1, "Plan Width": 8, "Actual Rows": 1, "Actual Loops": 1, "Plans": [{"Node Type": "Nested Loop", "Parent Relationship": "Outer", "Parallel Aware": false, "Async Capable": false, "Join Type": "Inner", "Startup Cost": 1.01, "Total Cost": 1089.73, "Plan Rows": 4.0, "Plan Width": 0, "Actual Rows": 139, "Actual Loops": 1, "Inner Unique": false, "Join Filter": "(c.postid = v.postid)", "Rows Removed by Join Filter": 0, "Plans": [{"Node Type": "Nested Loop", "Parent Relationship": "Outer", "Parallel Aware": false, "Async Capable": false, "Join Type": "Inner", "Startup Cost": 0.59, "Total Cost": 1089.14, "Plan Rows": 1.0, "Plan Width": 8, "Actual Rows": 2, "Actual Loops": 1, "Inner Unique": true, "Plans": [{"Node Type": "Nested Loop", "Parent Relationship": "Outer", "Parallel Aware": false, "Async Capable": false, "Join Type": "Inner", "Startup Cost": 0.29, "Total Cost": 1084.69, "Plan Rows": 1.0, "Plan Width": 4, "Actual Rows": 2, "Actual Loops": 1, "Inner Unique": false, "Plans": [{"Node Type": "Seq Scan", "Parent Relationship": "Outer", "Parallel Aware": false, "Async Capable": false, "Relation Name": "users", "Alias": "u", "Startup Cost": 0.0, "Total Cost": 901.88, "Plan Rows": 4, "Plan Width": 4, "Actual Rows": 3, "Actual Loops": 1, "Filter": "((views >= 5939) AND (views <= 13522))", "Rows Removed by Filter": 40322}, {"Node Type": "Index Scan", "Parent Relationship": "Inner", "Parallel Aware": false, "Async Capable": false, "Scan Direction": "Forward", "Index Name": "idx_comments_userid", "Relation Name": "comments", "Alias": "c", "Startup Cost": 0.29, "Total Cost": 45.69, "Plan Rows": 1, "Plan Width": 8, "Actual Rows": 1, "Actual Loops": 3, "Index Cond": "(userid = u.id)", "Rows Removed by Index Recheck": 0, "Filter": "(score = 11)", "Rows Removed by Filter": 2378}]}, {"Node Type": "Index Only Scan", "Parent Relationship": "Inner", "Parallel Aware": false, "Async Capable": false, "Scan Direction": "Forward", "Index Name": "posts_pkey", "Relation Name": "posts", "Alias": "p", "Startup Cost": 0.29, "Total Cost": 4.45, "Plan Rows": 1, "Plan Width": 4, "Actual Rows": 1, "Actual Loops": 2, "Index Cond": "(id = c.postid)", "Rows Removed by Index Recheck": 0, "Heap Fetches": 0}]}, {"Node Type": "Index Only Scan", "Parent Relationship": "Inner", "Parallel Aware": false, "Async Capable": false, "Scan Direction": "Forward", "Index Name": "idx_votes_postid", "Relation Name": "votes", "Alias": "v", "Startup Cost": 0.42, "Total Cost": 0.53, "Plan Rows": 5, "Plan Width": 4, "Actual Rows": 70, "Actual Loops": 2, "Index Cond": "(postid = p.id)", "Rows Removed by Index Recheck": 0, "Heap Fetches": 0}]}]}, "Planning Time": 0.963, "Triggers": [], "Execution Time": 3.05}, {"Plan": {"Node Type": "Aggregate", "Strategy": "Plain", "Partial Mode": "Simple", "Parallel Aware": false, "Async Capable": false, "Startup Cost": 3194.15, "Total Cost": 3194.16, "Plan Rows": 1, "Plan Width": 8, "Actual Rows": 1, "Actual Loops": 1, "Plans": [{"Node Type": "Hash Join", "Parent Relationship": "Outer", "Parallel Aware": false, "Async Capable": false, "Join Type": "Inner", "Startup Cost": 1089.46, "Total Cost": 3194.14, "Plan Rows": 4.0, "Plan Width": 0, "Actual Rows": 139, "Actual Loops": 1, "Inner Unique": false, "Hash Cond": "(p.id = c.postid)", "Plans": [{"Node Type": "Seq Scan", "Parent Relationship": "Outer", "Parallel Aware": false, "Async Capable": false, "Relation Name": "posts", "Alias": "p", "Startup Cost": 0.0, "Total Cost": 1759.76, "Plan Rows": 91976, "Plan Width": 4, "Actual Rows": 91976, "Actual Loops": 1}, {"Node Type": "Hash", "Parent Relationship": "Inner", "Parallel Aware": false, "Async Capable": false, "Startup Cost": 1089.45, "Total Cost": 1089.45, "Plan Rows": 10.0, "Plan Width": 8, "Actual Rows": 139, "Actual Loops": 1, "Hash Buckets": 1024, "Original Hash Buckets": 1024, "Hash Batches": 1, "Original Hash Batches": 1, "Peak Memory Usage": 14, "Plans": [{"Node Type": "Nested Loop", "Parent Relationship": "Outer", "Parallel Aware": false, "Async Capable": false, "Join Type": "Inner", "Startup Cost": 0.72, "Total Cost": 1089.45, "Plan Rows": 10.0, "Plan Width": 8, "Actual Rows": 139, "Actual Loops": 1, "Inner Unique": false, "Plans": [{"Node Type": "Nested Loop", "Parent Relationship": "Outer", "Parallel Aware": false, "Async Capable": false, "Join Type": "Inner", "Startup Cost": 0.29, "Total Cost": 1084.69, "Plan Rows": 1.0, "Plan Width": 4, "Actual Rows": 2, "Actual Loops": 1, "Inner Unique": false, "Plans": [{"Node Type": "Seq Scan", "Parent Relationship": "Outer", "Parallel Aware": false, "Async Capable": false, "Relation Name": "users", "Alias": "u", "Startup Cost": 0.0, "Total Cost": 901.88, "Plan Rows": 4, "Plan Width": 4, "Actual Rows": 3, "Actual Loops": 1, "Filter": "((views >= 5939) AND (views <= 13522))", "Rows Removed by Filter": 40322}, {"Node Type": "Index Scan", "Parent Relationship": "Inner", "Parallel Aware": false, "Async Capable": false, "Scan Direction": "Forward", "Index Name": "idx_comments_userid", "Relation Name": "comments", "Alias": "c", "Startup Cost": 0.29, "Total Cost": 45.69, "Plan Rows": 1, "Plan Width": 8, "Actual Rows": 1, "Actual Loops": 3, "Index Cond": "(userid = u.id)", "Rows Removed by Index Recheck": 0, "Filter": "(score = 11)", "Rows Removed by Filter": 2378}]}, {"Node Type": "Index Only Scan", "Parent Relationship": "Inner", "Parallel Aware": false, "Async Capable": false, "Scan Direction": "Forward", "Index Name": "idx_votes_postid", "Relation Name": "votes", "Alias": "v", "Startup Cost": 0.42, "Total Cost": 4.71, "Plan Rows": 5, "Plan Width": 4, "Actual Rows": 70, "Actual Loops": 2, "Index Cond": "(postid = c.postid)", "Rows Removed by Index Recheck": 0, "Heap Fetches": 0}]}]}]}]}, "Planning Time": 1.041, "Triggers": [], "Execution Time": 18.885}, {"Plan": {"Node Type": "Aggregate", "Strategy": "Plain", "Partial Mode": "Simple", "Parallel Aware": false, "Async Capable": false, "Startup Cost": 6902.74, "Total Cost": 6902.75, "Plan Rows": 1, "Plan Width": 8, "Actual Rows": 1, "Actual Loops": 1, "Plans": [{"Node Type": "Gather", "Parent Relationship": "Outer", "Parallel Aware": false, "Async Capable": false, "Startup Cost": 2089.15, "Total Cost": 6902.74, "Plan Rows": 1, "Plan Width": 0, "Actual Rows": 139, "Actual Loops": 1, "Workers Planned": 1, "Workers Launched": 1, "Single Copy": false, "Plans": [{"Node Type": "Hash Join", "Parent Relationship": "Outer", "Parallel Aware": false, "Async Capable": false, "Join Type": "Inner", "Startup Cost": 1089.15, "Total Cost": 5902.64, "Plan Rows": 4.0, "Plan Width": 0, "Actual Rows": 70, "Actual Loops": 2, "Inner Unique": false, "Hash Cond": "(v.postid = c.postid)", "Workers": [], "Plans": [{"Node Type": "Seq Scan", "Parent Relationship": "Outer", "Parallel Aware": true, "Async Capable": false, "Relation Name": "votes", "Alias": "v", "Startup Cost": 0.0, "Total Cost": 4089.79, "Plan Rows": 192979, "Plan Width": 4, "Actual Rows": 164032, "Actual Loops": 2, "Workers": []}, {"Node Type": "Hash", "Parent Relationship": "Inner", "Parallel Aware": false, "Async Capable": false, "Startup Cost": 1089.14, "Total Cost": 1089.14, "Plan Rows": 1.0, "Plan Width": 8, "Actual Rows": 2, "Actual Loops": 2, "Hash Buckets": 1024, "Original Hash Buckets": 1024, "Hash Batches": 1, "Original Hash Batches": 1, "Peak Memory Usage": 9, "Workers": [], "Plans": [{"Node Type": "Nested Loop", "Parent Relationship": "Outer", "Parallel Aware": false, "Async Capable": false, "Join Type": "Inner", "Startup Cost": 0.59, "Total Cost": 1089.14, "Plan Rows": 1.0, "Plan Width": 8, "Actual Rows": 2, "Actual Loops": 2, "Inner Unique": true, "Workers": [], "Plans": [{"Node Type": "Nested Loop", "Parent Relationship": "Outer", "Parallel Aware": false, "Async Capable": false, "Join Type": "Inner", "Startup Cost": 0.29, "Total Cost": 1084.69, "Plan Rows": 1.0, "Plan Width": 4, "Actual Rows": 2, "Actual Loops": 2, "Inner Unique": false, "Workers": [], "Plans": [{"Node Type": "Seq Scan", "Parent Relationship": "Outer", "Parallel Aware": false, "Async Capable": false, "Relation Name": "users", "Alias": "u", "Startup Cost": 0.0, "Total Cost": 901.88, "Plan Rows": 4, "Plan Width": 4, "Actual Rows": 3, "Actual Loops": 2, "Filter": "((views >= 5939) AND (views <= 13522))", "Rows Removed by Filter": 40322, "Workers": []}, {"Node Type": "Index Scan", "Parent Relationship": "Inner", "Parallel Aware": false, "Async Capable": false, "Scan Direction": "Forward", "Index Name": "idx_comments_userid", "Relation Name": "comments", "Alias": "c", "Startup Cost": 0.29, "Total Cost": 45.69, "Plan Rows": 1, "Plan Width": 8, "Actual Rows": 1, "Actual Loops": 6, "Index Cond": "(userid = u.id)", "Rows Removed by Index Recheck": 0, "Filter": "(score = 11)", "Rows Removed by Filter": 2378, "Workers": []}]}, {"Node Type": "Index Only Scan", "Parent Relationship": "Inner", "Parallel Aware": false, "Async Capable": false, "Scan Direction": "Forward", "Index Name": "posts_pkey", "Relation Name": "posts", "Alias": "p", "Startup Cost": 0.29, "Total Cost": 4.45, "Plan Rows": 1, "Plan Width": 4, "Actual Rows": 1, "Actual Loops": 4, "Index Cond": "(id = c.postid)", "Rows Removed by Index Recheck": 0, "Heap Fetches": 0, "Workers": []}]}]}]}]}]}, "Planning Time": 1.645, "Triggers": [], "Execution Time": 47.064}, {"Plan": {"Node Type": "Aggregate", "Strategy": "Plain", "Partial Mode": "Simple", "Parallel Aware": false, "Async Capable": false, "Startup Cost": 9775.33, "Total Cost": 9775.34, "Plan Rows": 1, "Plan Width": 8, "Actual Rows": 1, "Actual Loops": 1, "Plans": [{"Node Type": "Gather", "Parent Relationship": "Outer", "Parallel Aware": false, "Async Capable": false, "Startup Cost": 4455.15, "Total Cost": 9775.33, "Plan Rows": 1, "Plan Width": 0, "Actual Rows": 139, "Actual Loops": 1, "Workers Planned": 1, "Workers Launched": 1, "Single Copy": false, "Plans": [{"Node Type": "Hash Join", "Parent Relationship": "Outer", "Parallel Aware": false, "Async Capable": false, "Join Type": "Inner", "Startup Cost": 3455.15, "Total Cost": 8775.23, "Plan Rows": 4.0, "Plan Width": 0, "Actual Rows": 70, "Actual Loops": 2, "Inner Unique": false, "Hash Cond": "(p.id = c.postid)", "Workers": [], "Plans": [{"Node Type": "Hash Join", "Parent Relationship": "Outer", "Parallel Aware": true, "Async Capable": false, "Join Type": "Inner", "Startup Cost": 2370.45, "Total Cost": 6966.83, "Plan Rows": 9621.0, "Plan Width": 8, "Actual Rows": 164032, "Actual Loops": 2, "Inner Unique": true, "Hash Cond": "(v.postid = p.id)", "Workers": [], "Plans": [{"Node Type": "Seq Scan", "Parent Relationship": "Outer", "Parallel Aware": true, "Async Capable": false, "Relation Name": "votes", "Alias": "v", "Startup Cost": 0.0, "Total Cost": 4089.79, "Plan Rows": 192979, "Plan Width": 4, "Actual Rows": 164032, "Actual Loops": 2, "Workers": []}, {"Node Type": "Hash", "Parent Relationship": "Inner", "Parallel Aware": true, "Async Capable": false, "Startup Cost": 1891.41, "Total Cost": 1891.41, "Plan Rows": 38323, "Plan Width": 4, "Actual Rows": 45988, "Actual Loops": 2, "Hash Buckets": 131072, "Original Hash Buckets": 131072, "Hash Batches": 1, "Original Hash Batches": 1, "Peak Memory Usage": 4672, "Workers": [], "Plans": [{"Node Type": "Index Only Scan", "Parent Relationship": "Outer", "Parallel Aware": true, "Async Capable": false, "Scan Direction": "Forward", "Index Name": "posts_pkey", "Relation Name": "posts", "Alias": "p", "Startup Cost": 0.29, "Total Cost": 1891.41, "Plan Rows": 38323, "Plan Width": 4, "Actual Rows": 45988, "Actual Loops": 2, "Heap Fetches": 0, "Workers": []}]}]}, {"Node Type": "Hash", "Parent Relationship": "Inner", "Parallel Aware": false, "Async Capable": false, "Startup Cost": 1084.69, "Total Cost": 1084.69, "Plan Rows": 1.0, "Plan Width": 4, "Actual Rows": 2, "Actual Loops": 2, "Hash Buckets": 1024, "Original Hash Buckets": 1024, "Hash Batches": 1, "Original Hash Batches": 1, "Peak Memory Usage": 9, "Workers": [], "Plans": [{"Node Type": "Nested Loop", "Parent Relationship": "Outer", "Parallel Aware": false, "Async Capable": false, "Join Type": "Inner", "Startup Cost": 0.29, "Total Cost": 1084.69, "Plan Rows": 1.0, "Plan Width": 4, "Actual Rows": 2, "Actual Loops": 2, "Inner Unique": false, "Workers": [], "Plans": [{"Node Type": "Seq Scan", "Parent Relationship": "Outer", "Parallel Aware": false, "Async Capable": false, "Relation Name": "users", "Alias": "u", "Startup Cost": 0.0, "Total Cost": 901.88, "Plan Rows": 4, "Plan Width": 4, "Actual Rows": 3, "Actual Loops": 2, "Filter": "((views >= 5939) AND (views <= 13522))", "Rows Removed by Filter": 40322, "Workers": []}, {"Node Type": "Index Scan", "Parent Relationship": "Inner", "Parallel Aware": false, "Async Capable": false, "Scan Direction": "Forward", "Index Name": "idx_comments_userid", "Relation Name": "comments", "Alias": "c", "Startup Cost": 0.29, "Total Cost": 45.69, "Plan Rows": 1, "Plan Width": 8, "Actual Rows": 1, "Actual Loops": 6, "Index Cond": "(userid = u.id)", "Rows Removed by Index Recheck": 0, "Filter": "(score = 11)", "Rows Removed by Filter": 2378, "Workers": []}]}]}]}]}]}, "Planning Time": 2.674, "Triggers": [], "Execution Time": 137.31}, {"Plan": {"Node Type": "Aggregate", "Strategy": "Plain", "Partial Mode": "Simple", "Parallel Aware": false, "Async Capable": false, "Startup Cost": 14396.8, "Total Cost": 14396.81, "Plan Rows": 1, "Plan Width": 8, "Actual Rows": 1, "Actual Loops": 1, "Plans": [{"Node Type": "Nested Loop", "Parent Relationship": "Outer", "Parallel Aware": false, "Async Capable": false, "Join Type": "Inner", "Startup Cost": 2909.76, "Total Cost": 14396.8, "Plan Rows": 4.0, "Plan Width": 0, "Actual Rows": 139, "Actual Loops": 1, "Inner Unique": false, "Join Filter": "(c.postid = p.id)", "Rows Removed by Join Filter": 655989, "Plans": [{"Node Type": "Nested Loop", "Parent Relationship": "Outer", "Parallel Aware": false, "Async Capable": false, "Join Type": "Inner", "Startup Cost": 0.29, "Total Cost": 1084.69, "Plan Rows": 1.0, "Plan Width": 4, "Actual Rows": 2, "Actual Loops": 1, "Inner Unique": false, "Plans": [{"Node Type": "Seq Scan", "Parent Relationship": "Outer", "Parallel Aware": false, "Async Capable": false, "Relation Name": "users", "Alias": "u", "Startup Cost": 0.0, "Total Cost": 901.88, "Plan Rows": 4, "Plan Width": 4, "Actual Rows": 3, "Actual Loops": 1, "Filter": "((views >= 5939) AND (views <= 13522))", "Rows Removed by Filter": 40322}, {"Node Type": "Index Scan", "Parent Relationship": "Inner", "Parallel Aware": false, "Async Capable": false, "Scan Direction": "Forward", "Index Name": "idx_comments_userid", "Relation Name": "comments", "Alias": "c", "Startup Cost": 0.29, "Total Cost": 45.69, "Plan Rows": 1, "Plan Width": 8, "Actual Rows": 1, "Actual Loops": 3, "Index Cond": "(userid = u.id)", "Rows Removed by Index Recheck": 0, "Filter": "(score = 11)", "Rows Removed by Filter": 2378}]}, {"Node Type": "Hash Join", "Parent Relationship": "Inner", "Parallel Aware": false, "Async Capable": false, "Join Type": "Inner", "Startup Cost": 2909.46, "Total Cost": 9211.31, "Plan Rows": 9621.0, "Plan Width": 8, "Actual Rows": 328064, "Actual Loops": 2, "Inner Unique": true, "Hash Cond": "(v.postid = p.id)", "Plans": [{"Node Type": "Seq Scan", "Parent Relationship": "Outer", "Parallel Aware": false, "Async Capable": false, "Relation Name": "votes", "Alias": "v", "Startup Cost": 0.0, "Total Cost": 5440.64, "Plan Rows": 328064, "Plan Width": 4, "Actual Rows": 328064, "Actual Loops": 2}, {"Node Type": "Hash", "Parent Relationship": "Inner", "Parallel Aware": false, "Async Capable": false, "Startup Cost": 1759.76, "Total Cost": 1759.76, "Plan Rows": 91976, "Plan Width": 4, "Actual Rows": 91976, "Actual Loops": 1, "Hash Buckets": 131072, "Original Hash Buckets": 131072, "Hash Batches": 1, "Original Hash Batches": 1, "Peak Memory Usage": 4258, "Plans": [{"Node Type": "Seq Scan", "Parent Relationship": "Outer", "Parallel Aware": false, "Async Capable": false, "Relation Name": "posts", "Alias": "p", "Startup Cost": 0.0, "Total Cost": 1759.76, "Plan Rows": 91976, "Plan Width": 4, "Actual Rows": 91976, "Actual Loops": 1}]}]}]}]}, "Planning Time": 2.532, "Triggers": [], "Execution Time": 242.525}, {"Plan": {"Node Type": "Aggregate", "Strategy": "Plain", "Partial Mode": "Simple", "Parallel Aware": false, "Async Capable": false, "Startup Cost": 4580.5, "Total Cost": 4580.51, "Plan Rows": 1, "Plan Width": 8, "Actual Rows": 1, "Actual Loops": 1, "Plans": [{"Node Type": "Nested Loop", "Parent Relationship": "Outer", "Parallel Aware": false, "Async Capable": false, "Join Type": "Inner", "Startup Cost": 0.71, "Total Cost": 4580.5, "Plan Rows": 4.0, "Plan Width": 0, "Actual Rows": 139, "Actual Loops": 1, "Inner Unique": false, "Join Filter": "(c.userid = u.id)", "Rows Removed by Join Filter": 3308, "Plans": [{"Node Type": "Seq Scan", "Parent Relationship": "Outer", "Parallel Aware": false, "Async Capable": false, "Relation Name": "users", "Alias": "u", "Startup Cost": 0.0, "Total Cost": 901.88, "Plan Rows": 4, "Plan Width": 4, "Actual Rows": 3, "Actual Loops": 1, "Filter": "((views >= 5939) AND (views <= 13522))", "Rows Removed by Filter": 40322}, {"Node Type": "Materialize", "Parent Relationship": "Inner", "Parallel Aware": false, "Async Capable": false, "Startup Cost": 0.71, "Total Cost": 3669.83, "Plan Rows": 1076.0, "Plan Width": 4, "Actual Rows": 1149, "Actual Loops": 3, "Plans": [{"Node Type": "Nested Loop", "Parent Relationship": "Outer", "Parallel Aware": false, "Async Capable": false, "Join Type": "Inner", "Startup Cost": 0.71, "Total Cost": 3669.06, "Plan Rows": 1076.0, "Plan Width": 4, "Actual Rows": 1149, "Actual Loops": 1, "Inner Unique": false, "Join Filter": "(c.postid = v.postid)", "Rows Removed by Join Filter": 0, "Plans": [{"Node Type": "Nested Loop", "Parent Relationship": "Outer", "Parallel Aware": false, "Async Capable": false, "Join Type": "Inner", "Startup Cost": 0.29, "Total Cost": 3651.8, "Plan Rows": 46.0, "Plan Width": 12, "Actual Rows": 28, "Actual Loops": 1, "Inner Unique": true, "Plans": [{"Node Type": "Seq Scan", "Parent Relationship": "Outer", "Parallel Aware": false, "Async Capable": false, "Relation Name": "comments", "Alias": "c", "Startup Cost": 0.0, "Total Cost": 3522.81, "Plan Rows": 29, "Plan Width": 8, "Actual Rows": 28, "Actual Loops": 1, "Filter": "(score = 11)", "Rows Removed by Filter": 174277}, {"Node Type": "Index Only Scan", "Parent Relationship": "Inner", "Parallel Aware": false, "Async Capable": false, "Scan Direction": "Forward", "Index Name": "posts_pkey", "Relation Name": "posts", "Alias": "p", "Startup Cost": 0.29, "Total Cost": 4.45, "Plan Rows": 1, "Plan Width": 4, "Actual Rows": 1, "Actual Loops": 28, "Index Cond": "(id = c.postid)", "Rows Removed by Index Recheck": 0, "Heap Fetches": 0}]}, {"Node Type": "Index Only Scan", "Parent Relationship": "Inner", "Parallel Aware": false, "Async Capable": false, "Scan Direction": "Forward", "Index Name": "idx_votes_postid", "Relation Name": "votes", "Alias": "v", "Startup Cost": 0.42, "Total Cost": 0.53, "Plan Rows": 5, "Plan Width": 4, "Actual Rows": 41, "Actual Loops": 28, "Index Cond": "(postid = p.id)", "Rows Removed by Index Recheck": 0, "Heap Fetches": 0}]}]}]}]}, "Planning Time": 2.193, "Triggers": [], "Execution Time": 27.716}]