[{"Plan": {"Node Type": "Aggregate", "Strategy": "Plain", "Partial Mode": "Simple", "Parallel Aware": false, "Async Capable": false, "Startup Cost": 3002.17, "Total Cost": 3002.18, "Plan Rows": 1, "Plan Width": 8, "Actual Rows": 1, "Actual Loops": 1, "Plans": [{"Node Type": "Nested Loop", "Parent Relationship": "Outer", "Parallel Aware": false, "Async Capable": false, "Join Type": "Inner", "Startup Cost": 2573.69, "Total Cost": 3002.16, "Plan Rows": 7.0, "Plan Width": 0, "Actual Rows": 639, "Actual Loops": 1, "Inner Unique": false, "Join Filter": "(b.userid = u.id)", "Rows Removed by Join Filter": 0, "Plans": [{"Node Type": "Nested Loop", "Parent Relationship": "Outer", "Parallel Aware": false, "Async Capable": false, "Join Type": "Inner", "Startup Cost": 2573.4, "Total Cost": 3001.72, "Plan Rows": 1.0, "Plan Width": 8, "Actual Rows": 36, "Actual Loops": 1, "Inner Unique": false, "Plans": [{"Node Type": "Nested Loop", "Parent Relationship": "Outer", "Parallel Aware": false, "Async Capable": false, "Join Type": "Inner", "Startup Cost": 2572.98, "Total Cost": 3000.54, "Plan Rows": 3.0, "Plan Width": 20, "Actual Rows": 18, "Actual Loops": 1, "Inner Unique": false, "Plans": [{"Node Type": "Nested Loop", "Parent Relationship": "Outer", "Parallel Aware": false, "Async Capable": false, "Join Type": "Inner", "Startup Cost": 2572.56, "Total Cost": 2953.04, "Plan Rows": 2.0, "Plan Width": 16, "Actual Rows": 440, "Actual Loops": 1, "Inner Unique": true, "Plans": [{"Node Type": "Hash Join", "Parent Relationship": "Outer", "Parallel Aware": false, "Async Capable": false, "Join Type": "Inner", "Startup Cost": 2572.27, "Total Cost": 2827.22, "Plan Rows": 11.0, "Plan Width": 12, "Actual Rows": 942, "Actual Loops": 1, "Inner Unique": true, "Hash Cond": "(pl.relatedpostid = p.id)", "Plans": [{"Node Type": "Seq Scan", "Parent Relationship": "Outer", "Parallel Aware": false, "Async Capable": false, "Relation Name": "postlinks", "Alias": "pl", "Startup Cost": 0.0, "Total Cost": 248.53, "Plan Rows": 2445, "Plan Width": 4, "Actual Rows": 2402, "Actual Loops": 1, "Filter": "((creationdate >= '2014-03-18 12:56:29'::timestamp without time zone) AND (linktypeid = 1))", "Rows Removed by Filter": 8700}, {"Node Type": "Hash", "Parent Relationship": "Inner", "Parallel Aware": false, "Async Capable": false, "Startup Cost": 2449.58, "Total Cost": 2449.58, "Plan Rows": 9815, "Plan Width": 8, "Actual Rows": 10108, "Actual Loops": 1, "Hash Buckets": 16384, "Original Hash Buckets": 16384, "Hash Batches": 1, "Original Hash Batches": 1, "Peak Memory Usage": 522, "Plans": [{"Node Type": "Seq Scan", "Parent Relationship": "Outer", "Parallel Aware": false, "Async Capable": false, "Relation Name": "posts", "Alias": "p", "Startup Cost": 0.0, "Total Cost": 2449.58, "Plan Rows": 9815, "Plan Width": 8, "Actual Rows": 10108, "Actual Loops": 1, "Filter": "((answercount >= 1) AND (answercount <= 84) AND (creationdate <= '2012-08-22 01:01:49'::timestamp without time zone))", "Rows Removed by Filter": 81868}]}]}, {"Node Type": "Index Scan", "Parent Relationship": "Inner", "Parallel Aware": false, "Async Capable": false, "Scan Direction": "Forward", "Index Name": "users_pkey", "Relation Name": "users", "Alias": "u", "Startup Cost": 0.29, "Total Cost": 0.48, "Plan Rows": 1, "Plan Width": 4, "Actual Rows": 0, "Actual Loops": 942, "Index Cond": "(id = p.owneruserid)", "Rows Removed by Index Recheck": 0, "Filter": "((views <= 14188) AND (creationdate >= '2010-08-09 19:16:49'::timestamp without time zone) AND (creationdate <= '2011-11-01 15:48:05'::timestamp without time zone))", "Rows Removed by Filter": 1}]}, {"Node Type": "Index Scan", "Parent Relationship": "Inner", "Parallel Aware": false, "Async Capable": false, "Scan Direction": "Forward", "Index Name": "idx_votes_postid", "Relation Name": "votes", "Alias": "v", "Startup Cost": 0.42, "Total Cost": 1.63, "Plan Rows": 1, "Plan Width": 4, "Actual Rows": 0, "Actual Loops": 440, "Index Cond": "(postid = p.id)", "Rows Removed by Index Recheck": 0, "Filter": "((bountyamount <= 425) AND (creationdate >= '2014-02-13 13:22:29'::timestamp without time zone) AND (creationdate <= '2014-09-12 21:34:17'::timestamp without time zone))", "Rows Removed by Filter": 45}]}, {"Node Type": "Index Scan", "Parent Relationship": "Inner", "Parallel Aware": false, "Async Capable": false, "Scan Direction": "Forward", "Index Name": "idx_comments_postid", "Relation Name": "comments", "Alias": "c", "Startup Cost": 0.42, "Total Cost": 1.15, "Plan Rows": 3, "Plan Width": 4, "Actual Rows": 2, "Actual Loops": 18, "Index Cond": "(postid = p.id)", "Rows Removed by Index Recheck": 0, "Filter": "(score = 0)", "Rows Removed by Filter": 4}]}, {"Node Type": "Index Only Scan", "Parent Relationship": "Inner", "Parallel Aware": false, "Async Capable": false, "Scan Direction": "Forward", "Index Name": "idx_badges_userid", "Relation Name": "badges", "Alias": "b", "Startup Cost": 0.29, "Total Cost": 0.4, "Plan Rows": 3, "Plan Width": 4, "Actual Rows": 18, "Actual Loops": 36, "Index Cond": "(userid = p.owneruserid)", "Rows Removed by Index Recheck": 0, "Heap Fetches": 0}]}]}, "Planning Time": 4.124, "Triggers": [], "Execution Time": 27.09}, {"Plan": {"Node Type": "Aggregate", "Strategy": "Plain", "Partial Mode": "Finalize", "Parallel Aware": false, "Async Capable": false, "Startup Cost": 9564.58, "Total Cost": 9564.59, "Plan Rows": 1, "Plan Width": 8, "Actual Rows": 1, "Actual Loops": 1, "Plans": [{"Node Type": "Gather", "Parent Relationship": "Outer", "Parallel Aware": false, "Async Capable": false, "Startup Cost": 9564.47, "Total Cost": 9564.58, "Plan Rows": 1, "Plan Width": 8, "Actual Rows": 2, "Actual Loops": 1, "Workers Planned": 1, "Workers Launched": 1, "Single Copy": false, "Plans": [{"Node Type": "Aggregate", "Strategy": "Plain", "Partial Mode": "Partial", "Parent Relationship": "Outer", "Parallel Aware": false, "Async Capable": false, "Startup Cost": 8564.47, "Total Cost": 8564.48, "Plan Rows": 1, "Plan Width": 8, "Actual Rows": 1, "Actual Loops": 2, "Workers": [], "Plans": [{"Node Type": "Hash Join", "Parent Relationship": "Outer", "Parallel Aware": false, "Async Capable": false, "Join Type": "Inner", "Startup Cost": 3026.51, "Total Cost": 8564.46, "Plan Rows": 7.0, "Plan Width": 0, "Actual Rows": 320, "Actual Loops": 2, "Inner Unique": false, "Hash Cond": "(v.postid = p.id)", "Workers": [], "Plans": [{"Node Type": "Seq Scan", "Parent Relationship": "Outer", "Parallel Aware": true, "Async Capable": false, "Relation Name": "votes", "Alias": "v", "Startup Cost": 0.0, "Total Cost": 5537.13, "Plan Rows": 209, "Plan Width": 4, "Actual Rows": 252, "Actual Loops": 2, "Filter": "((bountyamount <= 425) AND (creationdate >= '2014-02-13 13:22:29'::timestamp without time zone) AND (creationdate <= '2014-09-12 21:34:17'::timestamp without time zone))", "Rows Removed by Filter": 163780, "Workers": []}, {"Node Type": "Hash", "Parent Relationship": "Inner", "Parallel Aware": false, "Async Capable": false, "Startup Cost": 3006.05, "Total Cost": 3006.05, "Plan Rows": 3.0, "Plan Width": 12, "Actual Rows": 14382, "Actual Loops": 2, "Hash Buckets": 16384, "Original Hash Buckets": 2048, "Hash Batches": 1, "Original Hash Batches": 1, "Peak Memory Usage": 746, "Workers": [], "Plans": [{"Node Type": "Nested Loop", "Parent Relationship": "Outer", "Parallel Aware": false, "Async Capable": false, "Join Type": "Inner", "Startup Cost": 2573.27, "Total Cost": 3006.05, "Plan Rows": 3.0, "Plan Width": 12, "Actual Rows": 14382, "Actual Loops": 2, "Inner Unique": false, "Join Filter": "(b.userid = u.id)", "Rows Removed by Join Filter": 0, "Workers": [], "Plans": [{"Node Type": "Nested Loop", "Parent Relationship": "Outer", "Parallel Aware": false, "Async Capable": false, "Join Type": "Inner", "Startup Cost": 2572.98, "Total Cost": 2987.25, "Plan Rows": 1.0, "Plan Width": 20, "Actual Rows": 736, "Actual Loops": 2, "Inner Unique": false, "Workers": [], "Plans": [{"Node Type": "Nested Loop", "Parent Relationship": "Outer", "Parallel Aware": false, "Async Capable": false, "Join Type": "Inner", "Startup Cost": 2572.56, "Total Cost": 2953.04, "Plan Rows": 2.0, "Plan Width": 16, "Actual Rows": 440, "Actual Loops": 2, "Inner Unique": true, "Workers": [], "Plans": [{"Node Type": "Hash Join", "Parent Relationship": "Outer", "Parallel Aware": false, "Async Capable": false, "Join Type": "Inner", "Startup Cost": 2572.27, "Total Cost": 2827.22, "Plan Rows": 11.0, "Plan Width": 12, "Actual Rows": 942, "Actual Loops": 2, "Inner Unique": true, "Hash Cond": "(pl.relatedpostid = p.id)", "Workers": [], "Plans": [{"Node Type": "Seq Scan", "Parent Relationship": "Outer", "Parallel Aware": false, "Async Capable": false, "Relation Name": "postlinks", "Alias": "pl", "Startup Cost": 0.0, "Total Cost": 248.53, "Plan Rows": 2445, "Plan Width": 4, "Actual Rows": 2402, "Actual Loops": 2, "Filter": "((creationdate >= '2014-03-18 12:56:29'::timestamp without time zone) AND (linktypeid = 1))", "Rows Removed by Filter": 8700, "Workers": []}, {"Node Type": "Hash", "Parent Relationship": "Inner", "Parallel Aware": false, "Async Capable": false, "Startup Cost": 2449.58, "Total Cost": 2449.58, "Plan Rows": 9815, "Plan Width": 8, "Actual Rows": 10108, "Actual Loops": 2, "Hash Buckets": 16384, "Original Hash Buckets": 16384, "Hash Batches": 1, "Original Hash Batches": 1, "Peak Memory Usage": 522, "Workers": [], "Plans": [{"Node Type": "Seq Scan", "Parent Relationship": "Outer", "Parallel Aware": false, "Async Capable": false, "Relation Name": "posts", "Alias": "p", "Startup Cost": 0.0, "Total Cost": 2449.58, "Plan Rows": 9815, "Plan Width": 8, "Actual Rows": 10108, "Actual Loops": 2, "Filter": "((answercount >= 1) AND (answercount <= 84) AND (creationdate <= '2012-08-22 01:01:49'::timestamp without time zone))", "Rows Removed by Filter": 81868, "Workers": []}]}]}, {"Node Type": "Index Scan", "Parent Relationship": "Inner", "Parallel Aware": false, "Async Capable": false, "Scan Direction": "Forward", "Index Name": "users_pkey", "Relation Name": "users", "Alias": "u", "Startup Cost": 0.29, "Total Cost": 0.48, "Plan Rows": 1, "Plan Width": 4, "Actual Rows": 0, "Actual Loops": 1884, "Index Cond": "(id = p.owneruserid)", "Rows Removed by Index Recheck": 0, "Filter": "((views <= 14188) AND (creationdate >= '2010-08-09 19:16:49'::timestamp without time zone) AND (creationdate <= '2011-11-01 15:48:05'::timestamp without time zone))", "Rows Removed by Filter": 1, "Workers": []}]}, {"Node Type": "Index Scan", "Parent Relationship": "Inner", "Parallel Aware": false, "Async Capable": false, "Scan Direction": "Forward", "Index Name": "idx_comments_postid", "Relation Name": "comments", "Alias": "c", "Startup Cost": 0.42, "Total Cost": 1.15, "Plan Rows": 3, "Plan Width": 4, "Actual Rows": 2, "Actual Loops": 880, "Index Cond": "(postid = p.id)", "Rows Removed by Index Recheck": 0, "Filter": "(score = 0)", "Rows Removed by Filter": 1, "Workers": []}]}, {"Node Type": "Index Only Scan", "Parent Relationship": "Inner", "Parallel Aware": false, "Async Capable": false, "Scan Direction": "Forward", "Index Name": "idx_badges_userid", "Relation Name": "badges", "Alias": "b", "Startup Cost": 0.29, "Total Cost": 0.4, "Plan Rows": 3, "Plan Width": 4, "Actual Rows": 20, "Actual Loops": 1472, "Index Cond": "(userid = p.owneruserid)", "Rows Removed by Index Recheck": 0, "Heap Fetches": 0, "Workers": []}]}]}]}]}]}]}, "Planning Time": 5.326, "Triggers": [], "Execution Time": 68.177}, {"Plan": {"Node Type": "Aggregate", "Strategy": "Plain", "Partial Mode": "Simple", "Parallel Aware": false, "Async Capable": false, "Startup Cost": 11014.16, "Total Cost": 11014.17, "Plan Rows": 1, "Plan Width": 8, "Actual Rows": 1, "Actual Loops": 1, "Plans": [{"Node Type": "Hash Join", "Parent Relationship": "Outer", "Parallel Aware": false, "Async Capable": false, "Join Type": "Inner", "Startup Cost": 10531.16, "Total Cost": 11014.15, "Plan Rows": 7.0, "Plan Width": 0, "Actual Rows": 639, "Actual Loops": 1, "Inner Unique": false, "Hash Cond": "(c.postid = p.id)", "Plans": [{"Node Type": "Hash Join", "Parent Relationship": "Outer", "Parallel Aware": false, "Async Capable": false, "Join Type": "Inner", "Startup Cost": 5208.9, "Total Cost": 5667.87, "Plan Rows": 16.0, "Plan Width": 8, "Actual Rows": 4333, "Actual Loops": 1, "Inner Unique": false, "Hash Cond": "(pl.relatedpostid = c.postid)", "Plans": [{"Node Type": "Seq Scan", "Parent Relationship": "Outer", "Parallel Aware": false, "Async Capable": false, "Relation Name": "postlinks", "Alias": "pl", "Startup Cost": 0.0, "Total Cost": 248.53, "Plan Rows": 2445, "Plan Width": 4, "Actual Rows": 2402, "Actual Loops": 1, "Filter": "((creationdate >= '2014-03-18 12:56:29'::timestamp without time zone) AND (linktypeid = 1))", "Rows Removed by Filter": 8700}, {"Node Type": "Hash", "Parent Relationship": "Inner", "Parallel Aware": false, "Async Capable": false, "Startup Cost": 3522.81, "Total Cost": 3522.81, "Plan Rows": 134887, "Plan Width": 4, "Actual Rows": 134887, "Actual Loops": 1, "Hash Buckets": 262144, "Original Hash Buckets": 262144, "Hash Batches": 1, "Original Hash Batches": 1, "Peak Memory Usage": 6791, "Plans": [{"Node Type": "Seq Scan", "Parent Relationship": "Outer", "Parallel Aware": false, "Async Capable": false, "Relation Name": "comments", "Alias": "c", "Startup Cost": 0.0, "Total Cost": 3522.81, "Plan Rows": 134887, "Plan Width": 4, "Actual Rows": 134887, "Actual Loops": 1, "Filter": "(score = 0)", "Rows Removed by Filter": 39418}]}]}, {"Node Type": "Hash", "Parent Relationship": "Inner", "Parallel Aware": false, "Async Capable": false, "Startup Cost": 5320.24, "Total Cost": 5320.24, "Plan Rows": 549.0, "Plan Width": 8, "Actual Rows": 157, "Actual Loops": 1, "Hash Buckets": 1024, "Original Hash Buckets": 1024, "Hash Batches": 1, "Original Hash Batches": 1, "Peak Memory Usage": 15, "Plans": [{"Node Type": "Nested Loop", "Parent Relationship": "Outer", "Parallel Aware": false, "Async Capable": false, "Join Type": "Inner", "Startup Cost": 1060.2, "Total Cost": 5320.24, "Plan Rows": 549.0, "Plan Width": 8, "Actual Rows": 157, "Actual Loops": 1, "Inner Unique": false, "Join Filter": "(b.userid = u.id)", "Rows Removed by Join Filter": 0, "Plans": [{"Node Type": "Nested Loop", "Parent Relationship": "Outer", "Parallel Aware": false, "Async Capable": false, "Join Type": "Inner", "Startup Cost": 1059.91, "Total Cost": 5318.49, "Plan Rows": 26.0, "Plan Width": 16, "Actual Rows": 5, "Actual Loops": 1, "Inner Unique": false, "Plans": [{"Node Type": "Hash Join", "Parent Relationship": "Outer", "Parallel Aware": false, "Async Capable": false, "Join Type": "Inner", "Startup Cost": 1059.49, "Total Cost": 3534.83, "Plan Rows": 5.0, "Plan Width": 12, "Actual Rows": 4996, "Actual Loops": 1, "Inner Unique": true, "Hash Cond": "(p.owneruserid = u.id)", "Plans": [{"Node Type": "Seq Scan", "Parent Relationship": "Outer", "Parallel Aware": false, "Async Capable": false, "Relation Name": "posts", "Alias": "p", "Startup Cost": 0.0, "Total Cost": 2449.58, "Plan Rows": 9815, "Plan Width": 8, "Actual Rows": 10108, "Actual Loops": 1, "Filter": "((answercount >= 1) AND (answercount <= 84) AND (creationdate <= '2012-08-22 01:01:49'::timestamp without time zone))", "Rows Removed by Filter": 81868}, {"Node Type": "Hash", "Parent Relationship": "Inner", "Parallel Aware": false, "Async Capable": false, "Startup Cost": 1002.69, "Total Cost": 1002.69, "Plan Rows": 4544, "Plan Width": 4, "Actual Rows": 4546, "Actual Loops": 1, "Hash Buckets": 8192, "Original Hash Buckets": 8192, "Hash Batches": 1, "Original Hash Batches": 1, "Peak Memory Usage": 224, "Plans": [{"Node Type": "Seq Scan", "Parent Relationship": "Outer", "Parallel Aware": false, "Async Capable": false, "Relation Name": "users", "Alias": "u", "Startup Cost": 0.0, "Total Cost": 1002.69, "Plan Rows": 4544, "Plan Width": 4, "Actual Rows": 4546, "Actual Loops": 1, "Filter": "((views <= 14188) AND (creationdate >= '2010-08-09 19:16:49'::timestamp without time zone) AND (creationdate <= '2011-11-01 15:48:05'::timestamp without time zone))", "Rows Removed by Filter": 35779}]}]}, {"Node Type": "Index Scan", "Parent Relationship": "Inner", "Parallel Aware": false, "Async Capable": false, "Scan Direction": "Forward", "Index Name": "idx_votes_postid", "Relation Name": "votes", "Alias": "v", "Startup Cost": 0.42, "Total Cost": 1.63, "Plan Rows": 1, "Plan Width": 4, "Actual Rows": 0, "Actual Loops": 4996, "Index Cond": "(postid = p.id)", "Rows Removed by Index Recheck": 0, "Filter": "((bountyamount <= 425) AND (creationdate >= '2014-02-13 13:22:29'::timestamp without time zone) AND (creationdate <= '2014-09-12 21:34:17'::timestamp without time zone))", "Rows Removed by Filter": 8}]}, {"Node Type": "Index Only Scan", "Parent Relationship": "Inner", "Parallel Aware": false, "Async Capable": false, "Scan Direction": "Forward", "Index Name": "idx_badges_userid", "Relation Name": "badges", "Alias": "b", "Startup Cost": 0.29, "Total Cost": 0.4, "Plan Rows": 3, "Plan Width": 4, "Actual Rows": 31, "Actual Loops": 5, "Index Cond": "(userid = p.owneruserid)", "Rows Removed by Index Recheck": 0, "Heap Fetches": 0}]}]}]}]}, "Planning Time": 4.781, "Triggers": [], "Execution Time": 179.545}, {"Plan": {"Node Type": "Aggregate", "Strategy": "Plain", "Partial Mode": "Simple", "Parallel Aware": false, "Async Capable": false, "Startup Cost": 4531.71, "Total Cost": 4531.72, "Plan Rows": 1, "Plan Width": 8, "Actual Rows": 1, "Actual Loops": 1, "Plans": [{"Node Type": "Hash Join", "Parent Relationship": "Outer", "Parallel Aware": false, "Async Capable": false, "Join Type": "Inner", "Startup Cost": 3001.73, "Total Cost": 4531.7, "Plan Rows": 7.0, "Plan Width": 0, "Actual Rows": 639, "Actual Loops": 1, "Inner Unique": false, "Hash Cond": "(b.userid = u.id)", "Plans": [{"Node Type": "Seq Scan", "Parent Relationship": "Outer", "Parallel Aware": false, "Async Capable": false, "Relation Name": "badges", "Alias": "b", "Startup Cost": 0.0, "Total Cost": 1230.51, "Plan Rows": 79851, "Plan Width": 4, "Actual Rows": 79851, "Actual Loops": 1}, {"Node Type": "Hash", "Parent Relationship": "Inner", "Parallel Aware": false, "Async Capable": false, "Startup Cost": 3001.72, "Total Cost": 3001.72, "Plan Rows": 1.0, "Plan Width": 8, "Actual Rows": 36, "Actual Loops": 1, "Hash Buckets": 1024, "Original Hash Buckets": 1024, "Hash Batches": 1, "Original Hash Batches": 1, "Peak Memory Usage": 10, "Plans": [{"Node Type": "Nested Loop", "Parent Relationship": "Outer", "Parallel Aware": false, "Async Capable": false, "Join Type": "Inner", "Startup Cost": 2573.4, "Total Cost": 3001.72, "Plan Rows": 1.0, "Plan Width": 8, "Actual Rows": 36, "Actual Loops": 1, "Inner Unique": false, "Plans": [{"Node Type": "Nested Loop", "Parent Relationship": "Outer", "Parallel Aware": false, "Async Capable": false, "Join Type": "Inner", "Startup Cost": 2572.98, "Total Cost": 3000.54, "Plan Rows": 3.0, "Plan Width": 20, "Actual Rows": 18, "Actual Loops": 1, "Inner Unique": false, "Plans": [{"Node Type": "Nested Loop", "Parent Relationship": "Outer", "Parallel Aware": false, "Async Capable": false, "Join Type": "Inner", "Startup Cost": 2572.56, "Total Cost": 2953.04, "Plan Rows": 2.0, "Plan Width": 16, "Actual Rows": 440, "Actual Loops": 1, "Inner Unique": true, "Plans": [{"Node Type": "Hash Join", "Parent Relationship": "Outer", "Parallel Aware": false, "Async Capable": false, "Join Type": "Inner", "Startup Cost": 2572.27, "Total Cost": 2827.22, "Plan Rows": 11.0, "Plan Width": 12, "Actual Rows": 942, "Actual Loops": 1, "Inner Unique": true, "Hash Cond": "(pl.relatedpostid = p.id)", "Plans": [{"Node Type": "Seq Scan", "Parent Relationship": "Outer", "Parallel Aware": false, "Async Capable": false, "Relation Name": "postlinks", "Alias": "pl", "Startup Cost": 0.0, "Total Cost": 248.53, "Plan Rows": 2445, "Plan Width": 4, "Actual Rows": 2402, "Actual Loops": 1, "Filter": "((creationdate >= '2014-03-18 12:56:29'::timestamp without time zone) AND (linktypeid = 1))", "Rows Removed by Filter": 8700}, {"Node Type": "Hash", "Parent Relationship": "Inner", "Parallel Aware": false, "Async Capable": false, "Startup Cost": 2449.58, "Total Cost": 2449.58, "Plan Rows": 9815, "Plan Width": 8, "Actual Rows": 10108, "Actual Loops": 1, "Hash Buckets": 16384, "Original Hash Buckets": 16384, "Hash Batches": 1, "Original Hash Batches": 1, "Peak Memory Usage": 522, "Plans": [{"Node Type": "Seq Scan", "Parent Relationship": "Outer", "Parallel Aware": false, "Async Capable": false, "Relation Name": "posts", "Alias": "p", "Startup Cost": 0.0, "Total Cost": 2449.58, "Plan Rows": 9815, "Plan Width": 8, "Actual Rows": 10108, "Actual Loops": 1, "Filter": "((answercount >= 1) AND (answercount <= 84) AND (creationdate <= '2012-08-22 01:01:49'::timestamp without time zone))", "Rows Removed by Filter": 81868}]}]}, {"Node Type": "Index Scan", "Parent Relationship": "Inner", "Parallel Aware": false, "Async Capable": false, "Scan Direction": "Forward", "Index Name": "users_pkey", "Relation Name": "users", "Alias": "u", "Startup Cost": 0.29, "Total Cost": 0.48, "Plan Rows": 1, "Plan Width": 4, "Actual Rows": 0, "Actual Loops": 942, "Index Cond": "(id = p.owneruserid)", "Rows Removed by Index Recheck": 0, "Filter": "((views <= 14188) AND (creationdate >= '2010-08-09 19:16:49'::timestamp without time zone) AND (creationdate <= '2011-11-01 15:48:05'::timestamp without time zone))", "Rows Removed by Filter": 1}]}, {"Node Type": "Index Scan", "Parent Relationship": "Inner", "Parallel Aware": false, "Async Capable": false, "Scan Direction": "Forward", "Index Name": "idx_votes_postid", "Relation Name": "votes", "Alias": "v", "Startup Cost": 0.42, "Total Cost": 1.63, "Plan Rows": 1, "Plan Width": 4, "Actual Rows": 0, "Actual Loops": 440, "Index Cond": "(postid = p.id)", "Rows Removed by Index Recheck": 0, "Filter": "((bountyamount <= 425) AND (creationdate >= '2014-02-13 13:22:29'::timestamp without time zone) AND (creationdate <= '2014-09-12 21:34:17'::timestamp without time zone))", "Rows Removed by Filter": 45}]}, {"Node Type": "Index Scan", "Parent Relationship": "Inner", "Parallel Aware": false, "Async Capable": false, "Scan Direction": "Forward", "Index Name": "idx_comments_postid", "Relation Name": "comments", "Alias": "c", "Startup Cost": 0.42, "Total Cost": 1.15, "Plan Rows": 3, "Plan Width": 4, "Actual Rows": 2, "Actual Loops": 18, "Index Cond": "(postid = p.id)", "Rows Removed by Index Recheck": 0, "Filter": "(score = 0)", "Rows Removed by Filter": 4}]}]}]}]}, "Planning Time": 4.366, "Triggers": [], "Execution Time": 37.109}, {"Plan": {"Node Type": "Aggregate", "Strategy": "Plain", "Partial Mode": "Finalize", "Parallel Aware": false, "Async Capable": false, "Startup Cost": 10958.92, "Total Cost": 10958.93, "Plan Rows": 1, "Plan Width": 8, "Actual Rows": 1, "Actual Loops": 1, "Plans": [{"Node Type": "Gather", "Parent Relationship": "Outer", "Parallel Aware": false, "Async Capable": false, "Startup Cost": 10958.81, "Total Cost": 10958.92, "Plan Rows": 1, "Plan Width": 8, "Actual Rows": 2, "Actual Loops": 1, "Workers Planned": 1, "Workers Launched": 1, "Single Copy": false, "Plans": [{"Node Type": "Aggregate", "Strategy": "Plain", "Partial Mode": "Partial", "Parent Relationship": "Outer", "Parallel Aware": false, "Async Capable": false, "Startup Cost": 9958.81, "Total Cost": 9958.82, "Plan Rows": 1, "Plan Width": 8, "Actual Rows": 1, "Actual Loops": 2, "Workers": [], "Plans": [{"Node Type": "Hash Join", "Parent Relationship": "Outer", "Parallel Aware": false, "Async Capable": false, "Join Type": "Inner", "Startup Cost": 2980.08, "Total Cost": 9958.8, "Plan Rows": 7.0, "Plan Width": 0, "Actual Rows": 320, "Actual Loops": 2, "Inner Unique": false, "Hash Cond": "(c.postid = p.id)", "Workers": [], "Plans": [{"Node Type": "Nested Loop", "Parent Relationship": "Outer", "Parallel Aware": false, "Async Capable": false, "Join Type": "Inner", "Startup Cost": 0.42, "Total Cost": 6977.4, "Plan Rows": 259.0, "Plan Width": 8, "Actual Rows": 637, "Actual Loops": 2, "Inner Unique": false, "Workers": [], "Plans": [{"Node Type": "Seq Scan", "Parent Relationship": "Outer", "Parallel Aware": true, "Async Capable": false, "Relation Name": "votes", "Alias": "v", "Startup Cost": 0.0, "Total Cost": 5537.13, "Plan Rows": 209, "Plan Width": 4, "Actual Rows": 252, "Actual Loops": 2, "Filter": "((bountyamount <= 425) AND (creationdate >= '2014-02-13 13:22:29'::timestamp without time zone) AND (creationdate <= '2014-09-12 21:34:17'::timestamp without time zone))", "Rows Removed by Filter": 163780, "Workers": []}, {"Node Type": "Index Scan", "Parent Relationship": "Inner", "Parallel Aware": false, "Async Capable": false, "Scan Direction": "Forward", "Index Name": "idx_comments_postid", "Relation Name": "comments", "Alias": "c", "Startup Cost": 0.42, "Total Cost": 6.86, "Plan Rows": 3, "Plan Width": 4, "Actual Rows": 3, "Actual Loops": 505, "Index Cond": "(postid = v.postid)", "Rows Removed by Index Recheck": 0, "Filter": "(score = 0)", "Rows Removed by Filter": 1, "Workers": []}]}, {"Node Type": "Hash", "Parent Relationship": "Inner", "Parallel Aware": false, "Async Capable": false, "Startup Cost": 2965.72, "Total Cost": 2965.72, "Plan Rows": 22.0, "Plan Width": 8, "Actual Rows": 10552, "Actual Loops": 2, "Hash Buckets": 16384, "Original Hash Buckets": 2048, "Hash Batches": 1, "Original Hash Batches": 1, "Peak Memory Usage": 541, "Workers": [], "Plans": [{"Node Type": "Nested Loop", "Parent Relationship": "Outer", "Parallel Aware": false, "Async Capable": false, "Join Type": "Inner", "Startup Cost": 2572.85, "Total Cost": 2965.72, "Plan Rows": 22.0, "Plan Width": 8, "Actual Rows": 10552, "Actual Loops": 2, "Inner Unique": false, "Join Filter": "(b.userid = u.id)", "Rows Removed by Join Filter": 0, "Workers": [], "Plans": [{"Node Type": "Nested Loop", "Parent Relationship": "Outer", "Parallel Aware": false, "Async Capable": false, "Join Type": "Inner", "Startup Cost": 2572.56, "Total Cost": 2953.04, "Plan Rows": 2.0, "Plan Width": 16, "Actual Rows": 440, "Actual Loops": 2, "Inner Unique": true, "Workers": [], "Plans": [{"Node Type": "Hash Join", "Parent Relationship": "Outer", "Parallel Aware": false, "Async Capable": false, "Join Type": "Inner", "Startup Cost": 2572.27, "Total Cost": 2827.22, "Plan Rows": 11.0, "Plan Width": 12, "Actual Rows": 942, "Actual Loops": 2, "Inner Unique": true, "Hash Cond": "(pl.relatedpostid = p.id)", "Workers": [], "Plans": [{"Node Type": "Seq Scan", "Parent Relationship": "Outer", "Parallel Aware": false, "Async Capable": false, "Relation Name": "postlinks", "Alias": "pl", "Startup Cost": 0.0, "Total Cost": 248.53, "Plan Rows": 2445, "Plan Width": 4, "Actual Rows": 2402, "Actual Loops": 2, "Filter": "((creationdate >= '2014-03-18 12:56:29'::timestamp without time zone) AND (linktypeid = 1))", "Rows Removed by Filter": 8700, "Workers": []}, {"Node Type": "Hash", "Parent Relationship": "Inner", "Parallel Aware": false, "Async Capable": false, "Startup Cost": 2449.58, "Total Cost": 2449.58, "Plan Rows": 9815, "Plan Width": 8, "Actual Rows": 10108, "Actual Loops": 2, "Hash Buckets": 16384, "Original Hash Buckets": 16384, "Hash Batches": 1, "Original Hash Batches": 1, "Peak Memory Usage": 522, "Workers": [], "Plans": [{"Node Type": "Seq Scan", "Parent Relationship": "Outer", "Parallel Aware": false, "Async Capable": false, "Relation Name": "posts", "Alias": "p", "Startup Cost": 0.0, "Total Cost": 2449.58, "Plan Rows": 9815, "Plan Width": 8, "Actual Rows": 10108, "Actual Loops": 2, "Filter": "((answercount >= 1) AND (answercount <= 84) AND (creationdate <= '2012-08-22 01:01:49'::timestamp without time zone))", "Rows Removed by Filter": 81868, "Workers": []}]}]}, {"Node Type": "Index Scan", "Parent Relationship": "Inner", "Parallel Aware": false, "Async Capable": false, "Scan Direction": "Forward", "Index Name": "users_pkey", "Relation Name": "users", "Alias": "u", "Startup Cost": 0.29, "Total Cost": 0.48, "Plan Rows": 1, "Plan Width": 4, "Actual Rows": 0, "Actual Loops": 1884, "Index Cond": "(id = p.owneruserid)", "Rows Removed by Index Recheck": 0, "Filter": "((views <= 14188) AND (creationdate >= '2010-08-09 19:16:49'::timestamp without time zone) AND (creationdate <= '2011-11-01 15:48:05'::timestamp without time zone))", "Rows Removed by Filter": 1, "Workers": []}]}, {"Node Type": "Index Only Scan", "Parent Relationship": "Inner", "Parallel Aware": false, "Async Capable": false, "Scan Direction": "Forward", "Index Name": "idx_badges_userid", "Relation Name": "badges", "Alias": "b", "Startup Cost": 0.29, "Total Cost": 0.4, "Plan Rows": 3, "Plan Width": 4, "Actual Rows": 24, "Actual Loops": 880, "Index Cond": "(userid = p.owneruserid)", "Rows Removed by Index Recheck": 0, "Heap Fetches": 0, "Workers": []}]}]}]}]}]}]}, "Planning Time": 4.531, "Triggers": [], "Execution Time": 68.309}, {"Plan": {"Node Type": "Aggregate", "Strategy": "Plain", "Partial Mode": "Simple", "Parallel Aware": false, "Async Capable": false, "Startup Cost": 5789.29, "Total Cost": 5789.3, "Plan Rows": 1, "Plan Width": 8, "Actual Rows": 1, "Actual Loops": 1, "Plans": [{"Node Type": "Hash Join", "Parent Relationship": "Outer", "Parallel Aware": false, "Async Capable": false, "Join Type": "Inner", "Startup Cost": 4315.38, "Total Cost": 5789.28, "Plan Rows": 7.0, "Plan Width": 0, "Actual Rows": 639, "Actual Loops": 1, "Inner Unique": false, "Hash Cond": "(u.id = p.owneruserid)", "Plans": [{"Node Type": "Hash Join", "Parent Relationship": "Outer", "Parallel Aware": false, "Async Capable": false, "Join Type": "Inner", "Startup Cost": 1059.49, "Total Cost": 2499.63, "Plan Rows": 1023.0, "Plan Width": 8, "Actual Rows": 18341, "Actual Loops": 1, "Inner Unique": true, "Hash Cond": "(b.userid = u.id)", "Plans": [{"Node Type": "Seq Scan", "Parent Relationship": "Outer", "Parallel Aware": false, "Async Capable": false, "Relation Name": "badges", "Alias": "b", "Startup Cost": 0.0, "Total Cost": 1230.51, "Plan Rows": 79851, "Plan Width": 4, "Actual Rows": 79851, "Actual Loops": 1}, {"Node Type": "Hash", "Parent Relationship": "Inner", "Parallel Aware": false, "Async Capable": false, "Startup Cost": 1002.69, "Total Cost": 1002.69, "Plan Rows": 4544, "Plan Width": 4, "Actual Rows": 4546, "Actual Loops": 1, "Hash Buckets": 8192, "Original Hash Buckets": 8192, "Hash Batches": 1, "Original Hash Batches": 1, "Peak Memory Usage": 224, "Plans": [{"Node Type": "Seq Scan", "Parent Relationship": "Outer", "Parallel Aware": false, "Async Capable": false, "Relation Name": "users", "Alias": "u", "Startup Cost": 0.0, "Total Cost": 1002.69, "Plan Rows": 4544, "Plan Width": 4, "Actual Rows": 4546, "Actual Loops": 1, "Filter": "((views <= 14188) AND (creationdate >= '2010-08-09 19:16:49'::timestamp without time zone) AND (creationdate <= '2011-11-01 15:48:05'::timestamp without time zone))", "Rows Removed by Filter": 35779}]}]}, {"Node Type": "Hash", "Parent Relationship": "Inner", "Parallel Aware": false, "Async Capable": false, "Startup Cost": 3255.88, "Total Cost": 3255.88, "Plan Rows": 5.0, "Plan Width": 4, "Actual Rows": 36, "Actual Loops": 1, "Hash Buckets": 1024, "Original Hash Buckets": 1024, "Hash Batches": 1, "Original Hash Batches": 1, "Peak Memory Usage": 10, "Plans": [{"Node Type": "Nested Loop", "Parent Relationship": "Outer", "Parallel Aware": false, "Async Capable": false, "Join Type": "Inner", "Startup Cost": 2573.11, "Total Cost": 3255.88, "Plan Rows": 5.0, "Plan Width": 4, "Actual Rows": 36, "Actual Loops": 1, "Inner Unique": false, "Plans": [{"Node Type": "Nested Loop", "Parent Relationship": "Outer", "Parallel Aware": false, "Async Capable": false, "Join Type": "Inner", "Startup Cost": 2572.69, "Total Cost": 3254.7, "Plan Rows": 55.0, "Plan Width": 16, "Actual Rows": 25, "Actual Loops": 1, "Inner Unique": false, "Plans": [{"Node Type": "Hash Join", "Parent Relationship": "Outer", "Parallel Aware": false, "Async Capable": false, "Join Type": "Inner", "Startup Cost": 2572.27, "Total Cost": 2827.22, "Plan Rows": 11.0, "Plan Width": 12, "Actual Rows": 942, "Actual Loops": 1, "Inner Unique": true, "Hash Cond": "(pl.relatedpostid = p.id)", "Plans": [{"Node Type": "Seq Scan", "Parent Relationship": "Outer", "Parallel Aware": false, "Async Capable": false, "Relation Name": "postlinks", "Alias": "pl", "Startup Cost": 0.0, "Total Cost": 248.53, "Plan Rows": 2445, "Plan Width": 4, "Actual Rows": 2402, "Actual Loops": 1, "Filter": "((creationdate >= '2014-03-18 12:56:29'::timestamp without time zone) AND (linktypeid = 1))", "Rows Removed by Filter": 8700}, {"Node Type": "Hash", "Parent Relationship": "Inner", "Parallel Aware": false, "Async Capable": false, "Startup Cost": 2449.58, "Total Cost": 2449.58, "Plan Rows": 9815, "Plan Width": 8, "Actual Rows": 10108, "Actual Loops": 1, "Hash Buckets": 16384, "Original Hash Buckets": 16384, "Hash Batches": 1, "Original Hash Batches": 1, "Peak Memory Usage": 522, "Plans": [{"Node Type": "Seq Scan", "Parent Relationship": "Outer", "Parallel Aware": false, "Async Capable": false, "Relation Name": "posts", "Alias": "p", "Startup Cost": 0.0, "Total Cost": 2449.58, "Plan Rows": 9815, "Plan Width": 8, "Actual Rows": 10108, "Actual Loops": 1, "Filter": "((answercount >= 1) AND (answercount <= 84) AND (creationdate <= '2012-08-22 01:01:49'::timestamp without time zone))", "Rows Removed by Filter": 81868}]}]}, {"Node Type": "Index Scan", "Parent Relationship": "Inner", "Parallel Aware": false, "Async Capable": false, "Scan Direction": "Forward", "Index Name": "idx_votes_postid", "Relation Name": "votes", "Alias": "v", "Startup Cost": 0.42, "Total Cost": 1.63, "Plan Rows": 1, "Plan Width": 4, "Actual Rows": 0, "Actual Loops": 942, "Index Cond": "(postid = p.id)", "Rows Removed by Index Recheck": 0, "Filter": "((bountyamount <= 425) AND (creationdate >= '2014-02-13 13:22:29'::timestamp without time zone) AND (creationdate <= '2014-09-12 21:34:17'::timestamp without time zone))", "Rows Removed by Filter": 45}]}, {"Node Type": "Index Scan", "Parent Relationship": "Inner", "Parallel Aware": false, "Async Capable": false, "Scan Direction": "Forward", "Index Name": "idx_comments_postid", "Relation Name": "comments", "Alias": "c", "Startup Cost": 0.42, "Total Cost": 1.15, "Plan Rows": 3, "Plan Width": 4, "Actual Rows": 1, "Actual Loops": 25, "Index Cond": "(postid = p.id)", "Rows Removed by Index Recheck": 0, "Filter": "(score = 0)", "Rows Removed by Filter": 3}]}]}]}]}, "Planning Time": 4.172, "Triggers": [], "Execution Time": 62.111}, {"Plan": {"Node Type": "Aggregate", "Strategy": "Plain", "Partial Mode": "Simple", "Parallel Aware": false, "Async Capable": false, "Startup Cost": 3005.71, "Total Cost": 3005.72, "Plan Rows": 1, "Plan Width": 8, "Actual Rows": 1, "Actual Loops": 1, "Plans": [{"Node Type": "Nested Loop", "Parent Relationship": "Outer", "Parallel Aware": false, "Async Capable": false, "Join Type": "Inner", "Startup Cost": 2573.69, "Total Cost": 3005.7, "Plan Rows": 7.0, "Plan Width": 0, "Actual Rows": 639, "Actual Loops": 1, "Inner Unique": false, "Plans": [{"Node Type": "Nested Loop", "Parent Relationship": "Outer", "Parallel Aware": false, "Async Capable": false, "Join Type": "Inner", "Startup Cost": 2573.27, "Total Cost": 3000.98, "Plan Rows": 68.0, "Plan Width": 12, "Actual Rows": 333, "Actual Loops": 1, "Inner Unique": false, "Join Filter": "(b.userid = u.id)", "Rows Removed by Join Filter": 0, "Plans": [{"Node Type": "Nested Loop", "Parent Relationship": "Outer", "Parallel Aware": false, "Async Capable": false, "Join Type": "Inner", "Startup Cost": 2572.98, "Total Cost": 3000.54, "Plan Rows": 3.0, "Plan Width": 20, "Actual Rows": 18, "Actual Loops": 1, "Inner Unique": false, "Plans": [{"Node Type": "Nested Loop", "Parent Relationship": "Outer", "Parallel Aware": false, "Async Capable": false, "Join Type": "Inner", "Startup Cost": 2572.56, "Total Cost": 2953.04, "Plan Rows": 2.0, "Plan Width": 16, "Actual Rows": 440, "Actual Loops": 1, "Inner Unique": true, "Plans": [{"Node Type": "Hash Join", "Parent Relationship": "Outer", "Parallel Aware": false, "Async Capable": false, "Join Type": "Inner", "Startup Cost": 2572.27, "Total Cost": 2827.22, "Plan Rows": 11.0, "Plan Width": 12, "Actual Rows": 942, "Actual Loops": 1, "Inner Unique": true, "Hash Cond": "(pl.relatedpostid = p.id)", "Plans": [{"Node Type": "Seq Scan", "Parent Relationship": "Outer", "Parallel Aware": false, "Async Capable": false, "Relation Name": "postlinks", "Alias": "pl", "Startup Cost": 0.0, "Total Cost": 248.53, "Plan Rows": 2445, "Plan Width": 4, "Actual Rows": 2402, "Actual Loops": 1, "Filter": "((creationdate >= '2014-03-18 12:56:29'::timestamp without time zone) AND (linktypeid = 1))", "Rows Removed by Filter": 8700}, {"Node Type": "Hash", "Parent Relationship": "Inner", "Parallel Aware": false, "Async Capable": false, "Startup Cost": 2449.58, "Total Cost": 2449.58, "Plan Rows": 9815, "Plan Width": 8, "Actual Rows": 10108, "Actual Loops": 1, "Hash Buckets": 16384, "Original Hash Buckets": 16384, "Hash Batches": 1, "Original Hash Batches": 1, "Peak Memory Usage": 522, "Plans": [{"Node Type": "Seq Scan", "Parent Relationship": "Outer", "Parallel Aware": false, "Async Capable": false, "Relation Name": "posts", "Alias": "p", "Startup Cost": 0.0, "Total Cost": 2449.58, "Plan Rows": 9815, "Plan Width": 8, "Actual Rows": 10108, "Actual Loops": 1, "Filter": "((answercount >= 1) AND (answercount <= 84) AND (creationdate <= '2012-08-22 01:01:49'::timestamp without time zone))", "Rows Removed by Filter": 81868}]}]}, {"Node Type": "Index Scan", "Parent Relationship": "Inner", "Parallel Aware": false, "Async Capable": false, "Scan Direction": "Forward", "Index Name": "users_pkey", "Relation Name": "users", "Alias": "u", "Startup Cost": 0.29, "Total Cost": 0.48, "Plan Rows": 1, "Plan Width": 4, "Actual Rows": 0, "Actual Loops": 942, "Index Cond": "(id = p.owneruserid)", "Rows Removed by Index Recheck": 0, "Filter": "((views <= 14188) AND (creationdate >= '2010-08-09 19:16:49'::timestamp without time zone) AND (creationdate <= '2011-11-01 15:48:05'::timestamp without time zone))", "Rows Removed by Filter": 1}]}, {"Node Type": "Index Scan", "Parent Relationship": "Inner", "Parallel Aware": false, "Async Capable": false, "Scan Direction": "Forward", "Index Name": "idx_votes_postid", "Relation Name": "votes", "Alias": "v", "Startup Cost": 0.42, "Total Cost": 1.63, "Plan Rows": 1, "Plan Width": 4, "Actual Rows": 0, "Actual Loops": 440, "Index Cond": "(postid = p.id)", "Rows Removed by Index Recheck": 0, "Filter": "((bountyamount <= 425) AND (creationdate >= '2014-02-13 13:22:29'::timestamp without time zone) AND (creationdate <= '2014-09-12 21:34:17'::timestamp without time zone))", "Rows Removed by Filter": 45}]}, {"Node Type": "Index Only Scan", "Parent Relationship": "Inner", "Parallel Aware": false, "Async Capable": false, "Scan Direction": "Forward", "Index Name": "idx_badges_userid", "Relation Name": "badges", "Alias": "b", "Startup Cost": 0.29, "Total Cost": 0.4, "Plan Rows": 3, "Plan Width": 4, "Actual Rows": 18, "Actual Loops": 18, "Index Cond": "(userid = p.owneruserid)", "Rows Removed by Index Recheck": 0, "Heap Fetches": 0}]}, {"Node Type": "Index Scan", "Parent Relationship": "Inner", "Parallel Aware": false, "Async Capable": false, "Scan Direction": "Forward", "Index Name": "idx_comments_postid", "Relation Name": "comments", "Alias": "c", "Startup Cost": 0.42, "Total Cost": 1.15, "Plan Rows": 3, "Plan Width": 4, "Actual Rows": 2, "Actual Loops": 333, "Index Cond": "(postid = p.id)", "Rows Removed by Index Recheck": 0, "Filter": "(score = 0)", "Rows Removed by Filter": 3}]}]}, "Planning Time": 3.904, "Triggers": [], "Execution Time": 23.546}, {"Plan": {"Node Type": "Aggregate", "Strategy": "Plain", "Partial Mode": "Simple", "Parallel Aware": false, "Async Capable": false, "Startup Cost": 11070.54, "Total Cost": 11070.55, "Plan Rows": 1, "Plan Width": 8, "Actual Rows": 1, "Actual Loops": 1, "Plans": [{"Node Type": "Hash Join", "Parent Relationship": "Outer", "Parallel Aware": false, "Async Capable": false, "Join Type": "Inner", "Startup Cost": 6807.75, "Total Cost": 11070.53, "Plan Rows": 7.0, "Plan Width": 0, "Actual Rows": 639, "Actual Loops": 1, "Inner Unique": false, "Hash Cond": "(p.id = c.postid)", "Plans": [{"Node Type": "Nested Loop", "Parent Relationship": "Outer", "Parallel Aware": false, "Async Capable": false, "Join Type": "Inner", "Startup Cost": 1060.2, "Total Cost": 5320.24, "Plan Rows": 549.0, "Plan Width": 8, "Actual Rows": 157, "Actual Loops": 1, "Inner Unique": false, "Join Filter": "(b.userid = u.id)", "Rows Removed by Join Filter": 0, "Plans": [{"Node Type": "Nested Loop", "Parent Relationship": "Outer", "Parallel Aware": false, "Async Capable": false, "Join Type": "Inner", "Startup Cost": 1059.91, "Total Cost": 5318.49, "Plan Rows": 26.0, "Plan Width": 16, "Actual Rows": 5, "Actual Loops": 1, "Inner Unique": false, "Plans": [{"Node Type": "Hash Join", "Parent Relationship": "Outer", "Parallel Aware": false, "Async Capable": false, "Join Type": "Inner", "Startup Cost": 1059.49, "Total Cost": 3534.83, "Plan Rows": 5.0, "Plan Width": 12, "Actual Rows": 4996, "Actual Loops": 1, "Inner Unique": true, "Hash Cond": "(p.owneruserid = u.id)", "Plans": [{"Node Type": "Seq Scan", "Parent Relationship": "Outer", "Parallel Aware": false, "Async Capable": false, "Relation Name": "posts", "Alias": "p", "Startup Cost": 0.0, "Total Cost": 2449.58, "Plan Rows": 9815, "Plan Width": 8, "Actual Rows": 10108, "Actual Loops": 1, "Filter": "((answercount >= 1) AND (answercount <= 84) AND (creationdate <= '2012-08-22 01:01:49'::timestamp without time zone))", "Rows Removed by Filter": 81868}, {"Node Type": "Hash", "Parent Relationship": "Inner", "Parallel Aware": false, "Async Capable": false, "Startup Cost": 1002.69, "Total Cost": 1002.69, "Plan Rows": 4544, "Plan Width": 4, "Actual Rows": 4546, "Actual Loops": 1, "Hash Buckets": 8192, "Original Hash Buckets": 8192, "Hash Batches": 1, "Original Hash Batches": 1, "Peak Memory Usage": 224, "Plans": [{"Node Type": "Seq Scan", "Parent Relationship": "Outer", "Parallel Aware": false, "Async Capable": false, "Relation Name": "users", "Alias": "u", "Startup Cost": 0.0, "Total Cost": 1002.69, "Plan Rows": 4544, "Plan Width": 4, "Actual Rows": 4546, "Actual Loops": 1, "Filter": "((views <= 14188) AND (creationdate >= '2010-08-09 19:16:49'::timestamp without time zone) AND (creationdate <= '2011-11-01 15:48:05'::timestamp without time zone))", "Rows Removed by Filter": 35779}]}]}, {"Node Type": "Index Scan", "Parent Relationship": "Inner", "Parallel Aware": false, "Async Capable": false, "Scan Direction": "Forward", "Index Name": "idx_votes_postid", "Relation Name": "votes", "Alias": "v", "Startup Cost": 0.42, "Total Cost": 1.63, "Plan Rows": 1, "Plan Width": 4, "Actual Rows": 0, "Actual Loops": 4996, "Index Cond": "(postid = p.id)", "Rows Removed by Index Recheck": 0, "Filter": "((bountyamount <= 425) AND (creationdate >= '2014-02-13 13:22:29'::timestamp without time zone) AND (creationdate <= '2014-09-12 21:34:17'::timestamp without time zone))", "Rows Removed by Filter": 8}]}, {"Node Type": "Index Only Scan", "Parent Relationship": "Inner", "Parallel Aware": false, "Async Capable": false, "Scan Direction": "Forward", "Index Name": "idx_badges_userid", "Relation Name": "badges", "Alias": "b", "Startup Cost": 0.29, "Total Cost": 0.4, "Plan Rows": 3, "Plan Width": 4, "Actual Rows": 31, "Actual Loops": 5, "Index Cond": "(userid = p.owneruserid)", "Rows Removed by Index Recheck": 0, "Heap Fetches": 0}]}, {"Node Type": "Hash", "Parent Relationship": "Inner", "Parallel Aware": false, "Async Capable": false, "Startup Cost": 5667.87, "Total Cost": 5667.87, "Plan Rows": 16.0, "Plan Width": 8, "Actual Rows": 4333, "Actual Loops": 1, "Hash Buckets": 8192, "Original Hash Buckets": 8192, "Hash Batches": 1, "Original Hash Batches": 1, "Peak Memory Usage": 234, "Plans": [{"Node Type": "Hash Join", "Parent Relationship": "Outer", "Parallel Aware": false, "Async Capable": false, "Join Type": "Inner", "Startup Cost": 5208.9, "Total Cost": 5667.87, "Plan Rows": 16.0, "Plan Width": 8, "Actual Rows": 4333, "Actual Loops": 1, "Inner Unique": false, "Hash Cond": "(pl.relatedpostid = c.postid)", "Plans": [{"Node Type": "Seq Scan", "Parent Relationship": "Outer", "Parallel Aware": false, "Async Capable": false, "Relation Name": "postlinks", "Alias": "pl", "Startup Cost": 0.0, "Total Cost": 248.53, "Plan Rows": 2445, "Plan Width": 4, "Actual Rows": 2402, "Actual Loops": 1, "Filter": "((creationdate >= '2014-03-18 12:56:29'::timestamp without time zone) AND (linktypeid = 1))", "Rows Removed by Filter": 8700}, {"Node Type": "Hash", "Parent Relationship": "Inner", "Parallel Aware": false, "Async Capable": false, "Startup Cost": 3522.81, "Total Cost": 3522.81, "Plan Rows": 134887, "Plan Width": 4, "Actual Rows": 134887, "Actual Loops": 1, "Hash Buckets": 262144, "Original Hash Buckets": 262144, "Hash Batches": 1, "Original Hash Batches": 1, "Peak Memory Usage": 6791, "Plans": [{"Node Type": "Seq Scan", "Parent Relationship": "Outer", "Parallel Aware": false, "Async Capable": false, "Relation Name": "comments", "Alias": "c", "Startup Cost": 0.0, "Total Cost": 3522.81, "Plan Rows": 134887, "Plan Width": 4, "Actual Rows": 134887, "Actual Loops": 1, "Filter": "(score = 0)", "Rows Removed by Filter": 39418}]}]}]}]}]}, "Planning Time": 4.878, "Triggers": [], "Execution Time": 176.367}, {"Plan": {"Node Type": "Aggregate", "Strategy": "Plain", "Partial Mode": "Simple", "Parallel Aware": false, "Async Capable": false, "Startup Cost": 3002.17, "Total Cost": 3002.18, "Plan Rows": 1, "Plan Width": 8, "Actual Rows": 1, "Actual Loops": 1, "Plans": [{"Node Type": "Nested Loop", "Parent Relationship": "Outer", "Parallel Aware": false, "Async Capable": false, "Join Type": "Inner", "Startup Cost": 2573.69, "Total Cost": 3002.16, "Plan Rows": 7.0, "Plan Width": 0, "Actual Rows": 639, "Actual Loops": 1, "Inner Unique": false, "Join Filter": "(b.userid = u.id)", "Rows Removed by Join Filter": 0, "Plans": [{"Node Type": "Nested Loop", "Parent Relationship": "Outer", "Parallel Aware": false, "Async Capable": false, "Join Type": "Inner", "Startup Cost": 2573.4, "Total Cost": 3001.72, "Plan Rows": 1.0, "Plan Width": 8, "Actual Rows": 36, "Actual Loops": 1, "Inner Unique": false, "Plans": [{"Node Type": "Nested Loop", "Parent Relationship": "Outer", "Parallel Aware": false, "Async Capable": false, "Join Type": "Inner", "Startup Cost": 2572.98, "Total Cost": 3000.54, "Plan Rows": 3.0, "Plan Width": 20, "Actual Rows": 18, "Actual Loops": 1, "Inner Unique": false, "Plans": [{"Node Type": "Nested Loop", "Parent Relationship": "Outer", "Parallel Aware": false, "Async Capable": false, "Join Type": "Inner", "Startup Cost": 2572.56, "Total Cost": 2953.04, "Plan Rows": 2.0, "Plan Width": 16, "Actual Rows": 440, "Actual Loops": 1, "Inner Unique": true, "Plans": [{"Node Type": "Hash Join", "Parent Relationship": "Outer", "Parallel Aware": false, "Async Capable": false, "Join Type": "Inner", "Startup Cost": 2572.27, "Total Cost": 2827.22, "Plan Rows": 11.0, "Plan Width": 12, "Actual Rows": 942, "Actual Loops": 1, "Inner Unique": true, "Hash Cond": "(pl.relatedpostid = p.id)", "Plans": [{"Node Type": "Seq Scan", "Parent Relationship": "Outer", "Parallel Aware": false, "Async Capable": false, "Relation Name": "postlinks", "Alias": "pl", "Startup Cost": 0.0, "Total Cost": 248.53, "Plan Rows": 2445, "Plan Width": 4, "Actual Rows": 2402, "Actual Loops": 1, "Filter": "((creationdate >= '2014-03-18 12:56:29'::timestamp without time zone) AND (linktypeid = 1))", "Rows Removed by Filter": 8700}, {"Node Type": "Hash", "Parent Relationship": "Inner", "Parallel Aware": false, "Async Capable": false, "Startup Cost": 2449.58, "Total Cost": 2449.58, "Plan Rows": 9815, "Plan Width": 8, "Actual Rows": 10108, "Actual Loops": 1, "Hash Buckets": 16384, "Original Hash Buckets": 16384, "Hash Batches": 1, "Original Hash Batches": 1, "Peak Memory Usage": 522, "Plans": [{"Node Type": "Seq Scan", "Parent Relationship": "Outer", "Parallel Aware": false, "Async Capable": false, "Relation Name": "posts", "Alias": "p", "Startup Cost": 0.0, "Total Cost": 2449.58, "Plan Rows": 9815, "Plan Width": 8, "Actual Rows": 10108, "Actual Loops": 1, "Filter": "((answercount >= 1) AND (answercount <= 84) AND (creationdate <= '2012-08-22 01:01:49'::timestamp without time zone))", "Rows Removed by Filter": 81868}]}]}, {"Node Type": "Index Scan", "Parent Relationship": "Inner", "Parallel Aware": false, "Async Capable": false, "Scan Direction": "Forward", "Index Name": "users_pkey", "Relation Name": "users", "Alias": "u", "Startup Cost": 0.29, "Total Cost": 0.48, "Plan Rows": 1, "Plan Width": 4, "Actual Rows": 0, "Actual Loops": 942, "Index Cond": "(id = p.owneruserid)", "Rows Removed by Index Recheck": 0, "Filter": "((views <= 14188) AND (creationdate >= '2010-08-09 19:16:49'::timestamp without time zone) AND (creationdate <= '2011-11-01 15:48:05'::timestamp without time zone))", "Rows Removed by Filter": 1}]}, {"Node Type": "Index Scan", "Parent Relationship": "Inner", "Parallel Aware": false, "Async Capable": false, "Scan Direction": "Forward", "Index Name": "idx_votes_postid", "Relation Name": "votes", "Alias": "v", "Startup Cost": 0.42, "Total Cost": 1.63, "Plan Rows": 1, "Plan Width": 4, "Actual Rows": 0, "Actual Loops": 440, "Index Cond": "(postid = p.id)", "Rows Removed by Index Recheck": 0, "Filter": "((bountyamount <= 425) AND (creationdate >= '2014-02-13 13:22:29'::timestamp without time zone) AND (creationdate <= '2014-09-12 21:34:17'::timestamp without time zone))", "Rows Removed by Filter": 45}]}, {"Node Type": "Index Scan", "Parent Relationship": "Inner", "Parallel Aware": false, "Async Capable": false, "Scan Direction": "Forward", "Index Name": "idx_comments_postid", "Relation Name": "comments", "Alias": "c", "Startup Cost": 0.42, "Total Cost": 1.15, "Plan Rows": 3, "Plan Width": 4, "Actual Rows": 2, "Actual Loops": 18, "Index Cond": "(postid = p.id)", "Rows Removed by Index Recheck": 0, "Filter": "(score = 0)", "Rows Removed by Filter": 4}]}, {"Node Type": "Index Only Scan", "Parent Relationship": "Inner", "Parallel Aware": false, "Async Capable": false, "Scan Direction": "Forward", "Index Name": "idx_badges_userid", "Relation Name": "badges", "Alias": "b", "Startup Cost": 0.29, "Total Cost": 0.4, "Plan Rows": 3, "Plan Width": 4, "Actual Rows": 18, "Actual Loops": 36, "Index Cond": "(userid = p.owneruserid)", "Rows Removed by Index Recheck": 0, "Heap Fetches": 0}]}]}, "Planning Time": 4.029, "Triggers": [], "Execution Time": 22.331}, {"Plan": {"Node Type": "Aggregate", "Strategy": "Plain", "Partial Mode": "Simple", "Parallel Aware": false, "Async Capable": false, "Startup Cost": 11046.34, "Total Cost": 11046.35, "Plan Rows": 1, "Plan Width": 8, "Actual Rows": 1, "Actual Loops": 1, "Plans": [{"Node Type": "Hash Join", "Parent Relationship": "Outer", "Parallel Aware": false, "Async Capable": false, "Join Type": "Inner", "Startup Cost": 10636.65, "Total Cost": 11046.33, "Plan Rows": 7.0, "Plan Width": 0, "Actual Rows": 639, "Actual Loops": 1, "Inner Unique": false, "Hash Cond": "(p.id = c.postid)", "Plans": [{"Node Type": "Nested Loop", "Parent Relationship": "Outer", "Parallel Aware": false, "Async Capable": false, "Join Type": "Inner", "Startup Cost": 2572.85, "Total Cost": 2965.72, "Plan Rows": 22.0, "Plan Width": 8, "Actual Rows": 10552, "Actual Loops": 1, "Inner Unique": false, "Join Filter": "(b.userid = u.id)", "Rows Removed by Join Filter": 0, "Plans": [{"Node Type": "Nested Loop", "Parent Relationship": "Outer", "Parallel Aware": false, "Async Capable": false, "Join Type": "Inner", "Startup Cost": 2572.56, "Total Cost": 2953.04, "Plan Rows": 2.0, "Plan Width": 16, "Actual Rows": 440, "Actual Loops": 1, "Inner Unique": true, "Plans": [{"Node Type": "Hash Join", "Parent Relationship": "Outer", "Parallel Aware": false, "Async Capable": false, "Join Type": "Inner", "Startup Cost": 2572.27, "Total Cost": 2827.22, "Plan Rows": 11.0, "Plan Width": 12, "Actual Rows": 942, "Actual Loops": 1, "Inner Unique": true, "Hash Cond": "(pl.relatedpostid = p.id)", "Plans": [{"Node Type": "Seq Scan", "Parent Relationship": "Outer", "Parallel Aware": false, "Async Capable": false, "Relation Name": "postlinks", "Alias": "pl", "Startup Cost": 0.0, "Total Cost": 248.53, "Plan Rows": 2445, "Plan Width": 4, "Actual Rows": 2402, "Actual Loops": 1, "Filter": "((creationdate >= '2014-03-18 12:56:29'::timestamp without time zone) AND (linktypeid = 1))", "Rows Removed by Filter": 8700}, {"Node Type": "Hash", "Parent Relationship": "Inner", "Parallel Aware": false, "Async Capable": false, "Startup Cost": 2449.58, "Total Cost": 2449.58, "Plan Rows": 9815, "Plan Width": 8, "Actual Rows": 10108, "Actual Loops": 1, "Hash Buckets": 16384, "Original Hash Buckets": 16384, "Hash Batches": 1, "Original Hash Batches": 1, "Peak Memory Usage": 522, "Plans": [{"Node Type": "Seq Scan", "Parent Relationship": "Outer", "Parallel Aware": false, "Async Capable": false, "Relation Name": "posts", "Alias": "p", "Startup Cost": 0.0, "Total Cost": 2449.58, "Plan Rows": 9815, "Plan Width": 8, "Actual Rows": 10108, "Actual Loops": 1, "Filter": "((answercount >= 1) AND (answercount <= 84) AND (creationdate <= '2012-08-22 01:01:49'::timestamp without time zone))", "Rows Removed by Filter": 81868}]}]}, {"Node Type": "Index Scan", "Parent Relationship": "Inner", "Parallel Aware": false, "Async Capable": false, "Scan Direction": "Forward", "Index Name": "users_pkey", "Relation Name": "users", "Alias": "u", "Startup Cost": 0.29, "Total Cost": 0.48, "Plan Rows": 1, "Plan Width": 4, "Actual Rows": 0, "Actual Loops": 942, "Index Cond": "(id = p.owneruserid)", "Rows Removed by Index Recheck": 0, "Filter": "((views <= 14188) AND (creationdate >= '2010-08-09 19:16:49'::timestamp without time zone) AND (creationdate <= '2011-11-01 15:48:05'::timestamp without time zone))", "Rows Removed by Filter": 1}]}, {"Node Type": "Index Only Scan", "Parent Relationship": "Inner", "Parallel Aware": false, "Async Capable": false, "Scan Direction": "Forward", "Index Name": "idx_badges_userid", "Relation Name": "badges", "Alias": "b", "Startup Cost": 0.29, "Total Cost": 0.4, "Plan Rows": 3, "Plan Width": 4, "Actual Rows": 24, "Actual Loops": 440, "Index Cond": "(userid = p.owneruserid)", "Rows Removed by Index Recheck": 0, "Heap Fetches": 0}]}, {"Node Type": "Hash", "Parent Relationship": "Inner", "Parallel Aware": false, "Async Capable": false, "Startup Cost": 8054.2, "Total Cost": 8054.2, "Plan Rows": 259.0, "Plan Width": 8, "Actual Rows": 1274, "Actual Loops": 1, "Hash Buckets": 2048, "Original Hash Buckets": 1024, "Hash Batches": 1, "Original Hash Batches": 1, "Peak Memory Usage": 66, "Plans": [{"Node Type": "Gather", "Parent Relationship": "Outer", "Parallel Aware": false, "Async Capable": false, "Startup Cost": 1000.42, "Total Cost": 8054.2, "Plan Rows": 259.0, "Plan Width": 8, "Actual Rows": 1274, "Actual Loops": 1, "Workers Planned": 1, "Workers Launched": 1, "Single Copy": false, "Plans": [{"Node Type": "Nested Loop", "Parent Relationship": "Outer", "Parallel Aware": false, "Async Capable": false, "Join Type": "Inner", "Startup Cost": 0.42, "Total Cost": 6977.4, "Plan Rows": 259.0, "Plan Width": 8, "Actual Rows": 637, "Actual Loops": 2, "Inner Unique": false, "Workers": [], "Plans": [{"Node Type": "Seq Scan", "Parent Relationship": "Outer", "Parallel Aware": true, "Async Capable": false, "Relation Name": "votes", "Alias": "v", "Startup Cost": 0.0, "Total Cost": 5537.13, "Plan Rows": 209, "Plan Width": 4, "Actual Rows": 252, "Actual Loops": 2, "Filter": "((bountyamount <= 425) AND (creationdate >= '2014-02-13 13:22:29'::timestamp without time zone) AND (creationdate <= '2014-09-12 21:34:17'::timestamp without time zone))", "Rows Removed by Filter": 163780, "Workers": []}, {"Node Type": "Index Scan", "Parent Relationship": "Inner", "Parallel Aware": false, "Async Capable": false, "Scan Direction": "Forward", "Index Name": "idx_comments_postid", "Relation Name": "comments", "Alias": "c", "Startup Cost": 0.42, "Total Cost": 6.86, "Plan Rows": 3, "Plan Width": 4, "Actual Rows": 3, "Actual Loops": 505, "Index Cond": "(postid = v.postid)", "Rows Removed by Index Recheck": 0, "Filter": "(score = 0)", "Rows Removed by Filter": 1, "Workers": []}]}]}]}]}]}, "Planning Time": 4.657, "Triggers": [], "Execution Time": 59.217}, {"Plan": {"Node Type": "Aggregate", "Strategy": "Plain", "Partial Mode": "Simple", "Parallel Aware": false, "Async Capable": false, "Startup Cost": 4361.78, "Total Cost": 4361.79, "Plan Rows": 1, "Plan Width": 8, "Actual Rows": 1, "Actual Loops": 1, "Plans": [{"Node Type": "Hash Join", "Parent Relationship": "Outer", "Parallel Aware": false, "Async Capable": false, "Join Type": "Inner", "Startup Cost": 3256.8, "Total Cost": 4361.77, "Plan Rows": 7.0, "Plan Width": 0, "Actual Rows": 639, "Actual Loops": 1, "Inner Unique": false, "Hash Cond": "(u.id = p.owneruserid)", "Plans": [{"Node Type": "Seq Scan", "Parent Relationship": "Outer", "Parallel Aware": false, "Async Capable": false, "Relation Name": "users", "Alias": "u", "Startup Cost": 0.0, "Total Cost": 1002.69, "Plan Rows": 4544, "Plan Width": 4, "Actual Rows": 4546, "Actual Loops": 1, "Filter": "((views <= 14188) AND (creationdate >= '2010-08-09 19:16:49'::timestamp without time zone) AND (creationdate <= '2011-11-01 15:48:05'::timestamp without time zone))", "Rows Removed by Filter": 35779}, {"Node Type": "Hash", "Parent Relationship": "Inner", "Parallel Aware": false, "Async Capable": false, "Startup Cost": 3256.31, "Total Cost": 3256.31, "Plan Rows": 116.0, "Plan Width": 8, "Actual Rows": 639, "Actual Loops": 1, "Hash Buckets": 1024, "Original Hash Buckets": 1024, "Hash Batches": 1, "Original Hash Batches": 1, "Peak Memory Usage": 33, "Plans": [{"Node Type": "Nested Loop", "Parent Relationship": "Outer", "Parallel Aware": false, "Async Capable": false, "Join Type": "Inner", "Startup Cost": 2573.4, "Total Cost": 3256.31, "Plan Rows": 116.0, "Plan Width": 8, "Actual Rows": 639, "Actual Loops": 1, "Inner Unique": false, "Plans": [{"Node Type": "Nested Loop", "Parent Relationship": "Outer", "Parallel Aware": false, "Async Capable": false, "Join Type": "Inner", "Startup Cost": 2573.11, "Total Cost": 3255.88, "Plan Rows": 5.0, "Plan Width": 4, "Actual Rows": 36, "Actual Loops": 1, "Inner Unique": false, "Plans": [{"Node Type": "Nested Loop", "Parent Relationship": "Outer", "Parallel Aware": false, "Async Capable": false, "Join Type": "Inner", "Startup Cost": 2572.69, "Total Cost": 3254.7, "Plan Rows": 55.0, "Plan Width": 16, "Actual Rows": 25, "Actual Loops": 1, "Inner Unique": false, "Plans": [{"Node Type": "Hash Join", "Parent Relationship": "Outer", "Parallel Aware": false, "Async Capable": false, "Join Type": "Inner", "Startup Cost": 2572.27, "Total Cost": 2827.22, "Plan Rows": 11.0, "Plan Width": 12, "Actual Rows": 942, "Actual Loops": 1, "Inner Unique": true, "Hash Cond": "(pl.relatedpostid = p.id)", "Plans": [{"Node Type": "Seq Scan", "Parent Relationship": "Outer", "Parallel Aware": false, "Async Capable": false, "Relation Name": "postlinks", "Alias": "pl", "Startup Cost": 0.0, "Total Cost": 248.53, "Plan Rows": 2445, "Plan Width": 4, "Actual Rows": 2402, "Actual Loops": 1, "Filter": "((creationdate >= '2014-03-18 12:56:29'::timestamp without time zone) AND (linktypeid = 1))", "Rows Removed by Filter": 8700}, {"Node Type": "Hash", "Parent Relationship": "Inner", "Parallel Aware": false, "Async Capable": false, "Startup Cost": 2449.58, "Total Cost": 2449.58, "Plan Rows": 9815, "Plan Width": 8, "Actual Rows": 10108, "Actual Loops": 1, "Hash Buckets": 16384, "Original Hash Buckets": 16384, "Hash Batches": 1, "Original Hash Batches": 1, "Peak Memory Usage": 522, "Plans": [{"Node Type": "Seq Scan", "Parent Relationship": "Outer", "Parallel Aware": false, "Async Capable": false, "Relation Name": "posts", "Alias": "p", "Startup Cost": 0.0, "Total Cost": 2449.58, "Plan Rows": 9815, "Plan Width": 8, "Actual Rows": 10108, "Actual Loops": 1, "Filter": "((answercount >= 1) AND (answercount <= 84) AND (creationdate <= '2012-08-22 01:01:49'::timestamp without time zone))", "Rows Removed by Filter": 81868}]}]}, {"Node Type": "Index Scan", "Parent Relationship": "Inner", "Parallel Aware": false, "Async Capable": false, "Scan Direction": "Forward", "Index Name": "idx_votes_postid", "Relation Name": "votes", "Alias": "v", "Startup Cost": 0.42, "Total Cost": 1.63, "Plan Rows": 1, "Plan Width": 4, "Actual Rows": 0, "Actual Loops": 942, "Index Cond": "(postid = p.id)", "Rows Removed by Index Recheck": 0, "Filter": "((bountyamount <= 425) AND (creationdate >= '2014-02-13 13:22:29'::timestamp without time zone) AND (creationdate <= '2014-09-12 21:34:17'::timestamp without time zone))", "Rows Removed by Filter": 45}]}, {"Node Type": "Index Scan", "Parent Relationship": "Inner", "Parallel Aware": false, "Async Capable": false, "Scan Direction": "Forward", "Index Name": "idx_comments_postid", "Relation Name": "comments", "Alias": "c", "Startup Cost": 0.42, "Total Cost": 1.15, "Plan Rows": 3, "Plan Width": 4, "Actual Rows": 1, "Actual Loops": 25, "Index Cond": "(postid = p.id)", "Rows Removed by Index Recheck": 0, "Filter": "(score = 0)", "Rows Removed by Filter": 3}]}, {"Node Type": "Index Only Scan", "Parent Relationship": "Inner", "Parallel Aware": false, "Async Capable": false, "Scan Direction": "Forward", "Index Name": "idx_badges_userid", "Relation Name": "badges", "Alias": "b", "Startup Cost": 0.29, "Total Cost": 0.4, "Plan Rows": 3, "Plan Width": 4, "Actual Rows": 18, "Actual Loops": 36, "Index Cond": "(userid = p.owneruserid)", "Rows Removed by Index Recheck": 0, "Heap Fetches": 0}]}]}]}]}, "Planning Time": 4.201, "Triggers": [], "Execution Time": 42.965}, {"Plan": {"Node Type": "Aggregate", "Strategy": "Plain", "Partial Mode": "Simple", "Parallel Aware": false, "Async Capable": false, "Startup Cost": 5586.59, "Total Cost": 5586.6, "Plan Rows": 1, "Plan Width": 8, "Actual Rows": 1, "Actual Loops": 1, "Plans": [{"Node Type": "Hash Join", "Parent Relationship": "Outer", "Parallel Aware": false, "Async Capable": false, "Join Type": "Inner", "Startup Cost": 5328.82, "Total Cost": 5586.58, "Plan Rows": 7.0, "Plan Width": 0, "Actual Rows": 639, "Actual Loops": 1, "Inner Unique": false, "Hash Cond": "(pl.relatedpostid = p.id)", "Plans": [{"Node Type": "Seq Scan", "Parent Relationship": "Outer", "Parallel Aware": false, "Async Capable": false, "Relation Name": "postlinks", "Alias": "pl", "Startup Cost": 0.0, "Total Cost": 248.53, "Plan Rows": 2445, "Plan Width": 4, "Actual Rows": 2402, "Actual Loops": 1, "Filter": "((creationdate >= '2014-03-18 12:56:29'::timestamp without time zone) AND (linktypeid = 1))", "Rows Removed by Filter": 8700}, {"Node Type": "Hash", "Parent Relationship": "Inner", "Parallel Aware": false, "Async Capable": false, "Startup Cost": 5325.83, "Total Cost": 5325.83, "Plan Rows": 54.0, "Plan Width": 12, "Actual Rows": 231, "Actual Loops": 1, "Hash Buckets": 1024, "Original Hash Buckets": 1024, "Hash Batches": 1, "Original Hash Batches": 1, "Peak Memory Usage": 18, "Plans": [{"Node Type": "Nested Loop", "Parent Relationship": "Outer", "Parallel Aware": false, "Async Capable": false, "Join Type": "Inner", "Startup Cost": 1060.62, "Total Cost": 5325.83, "Plan Rows": 54.0, "Plan Width": 12, "Actual Rows": 231, "Actual Loops": 1, "Inner Unique": false, "Join Filter": "(b.userid = u.id)", "Rows Removed by Join Filter": 0, "Plans": [{"Node Type": "Nested Loop", "Parent Relationship": "Outer", "Parallel Aware": false, "Async Capable": false, "Join Type": "Inner", "Startup Cost": 1060.33, "Total Cost": 5323.21, "Plan Rows": 2.0, "Plan Width": 20, "Actual Rows": 7, "Actual Loops": 1, "Inner Unique": false, "Plans": [{"Node Type": "Nested Loop", "Parent Relationship": "Outer", "Parallel Aware": false, "Async Capable": false, "Join Type": "Inner", "Startup Cost": 1059.91, "Total Cost": 5318.49, "Plan Rows": 26.0, "Plan Width": 16, "Actual Rows": 5, "Actual Loops": 1, "Inner Unique": false, "Plans": [{"Node Type": "Hash Join", "Parent Relationship": "Outer", "Parallel Aware": false, "Async Capable": false, "Join Type": "Inner", "Startup Cost": 1059.49, "Total Cost": 3534.83, "Plan Rows": 5.0, "Plan Width": 12, "Actual Rows": 4996, "Actual Loops": 1, "Inner Unique": true, "Hash Cond": "(p.owneruserid = u.id)", "Plans": [{"Node Type": "Seq Scan", "Parent Relationship": "Outer", "Parallel Aware": false, "Async Capable": false, "Relation Name": "posts", "Alias": "p", "Startup Cost": 0.0, "Total Cost": 2449.58, "Plan Rows": 9815, "Plan Width": 8, "Actual Rows": 10108, "Actual Loops": 1, "Filter": "((answercount >= 1) AND (answercount <= 84) AND (creationdate <= '2012-08-22 01:01:49'::timestamp without time zone))", "Rows Removed by Filter": 81868}, {"Node Type": "Hash", "Parent Relationship": "Inner", "Parallel Aware": false, "Async Capable": false, "Startup Cost": 1002.69, "Total Cost": 1002.69, "Plan Rows": 4544, "Plan Width": 4, "Actual Rows": 4546, "Actual Loops": 1, "Hash Buckets": 8192, "Original Hash Buckets": 8192, "Hash Batches": 1, "Original Hash Batches": 1, "Peak Memory Usage": 224, "Plans": [{"Node Type": "Seq Scan", "Parent Relationship": "Outer", "Parallel Aware": false, "Async Capable": false, "Relation Name": "users", "Alias": "u", "Startup Cost": 0.0, "Total Cost": 1002.69, "Plan Rows": 4544, "Plan Width": 4, "Actual Rows": 4546, "Actual Loops": 1, "Filter": "((views <= 14188) AND (creationdate >= '2010-08-09 19:16:49'::timestamp without time zone) AND (creationdate <= '2011-11-01 15:48:05'::timestamp without time zone))", "Rows Removed by Filter": 35779}]}]}, {"Node Type": "Index Scan", "Parent Relationship": "Inner", "Parallel Aware": false, "Async Capable": false, "Scan Direction": "Forward", "Index Name": "idx_votes_postid", "Relation Name": "votes", "Alias": "v", "Startup Cost": 0.42, "Total Cost": 1.63, "Plan Rows": 1, "Plan Width": 4, "Actual Rows": 0, "Actual Loops": 4996, "Index Cond": "(postid = p.id)", "Rows Removed by Index Recheck": 0, "Filter": "((bountyamount <= 425) AND (creationdate >= '2014-02-13 13:22:29'::timestamp without time zone) AND (creationdate <= '2014-09-12 21:34:17'::timestamp without time zone))", "Rows Removed by Filter": 8}]}, {"Node Type": "Index Scan", "Parent Relationship": "Inner", "Parallel Aware": false, "Async Capable": false, "Scan Direction": "Forward", "Index Name": "idx_comments_postid", "Relation Name": "comments", "Alias": "c", "Startup Cost": 0.42, "Total Cost": 1.15, "Plan Rows": 3, "Plan Width": 4, "Actual Rows": 1, "Actual Loops": 5, "Index Cond": "(postid = p.id)", "Rows Removed by Index Recheck": 0, "Filter": "(score = 0)", "Rows Removed by Filter": 2}]}, {"Node Type": "Index Only Scan", "Parent Relationship": "Inner", "Parallel Aware": false, "Async Capable": false, "Scan Direction": "Forward", "Index Name": "idx_badges_userid", "Relation Name": "badges", "Alias": "b", "Startup Cost": 0.29, "Total Cost": 0.4, "Plan Rows": 3, "Plan Width": 4, "Actual Rows": 33, "Actual Loops": 7, "Index Cond": "(userid = p.owneruserid)", "Rows Removed by Index Recheck": 0, "Heap Fetches": 0}]}]}]}]}, "Planning Time": 4.208, "Triggers": [], "Execution Time": 76.038}, {"Plan": {"Node Type": "Aggregate", "Strategy": "Plain", "Partial Mode": "Simple", "Parallel Aware": false, "Async Capable": false, "Startup Cost": 12751.37, "Total Cost": 12751.38, "Plan Rows": 1, "Plan Width": 8, "Actual Rows": 1, "Actual Loops": 1, "Plans": [{"Node Type": "Hash Join", "Parent Relationship": "Outer", "Parallel Aware": false, "Async Capable": false, "Join Type": "Inner", "Startup Cost": 7909.25, "Total Cost": 12751.36, "Plan Rows": 7.0, "Plan Width": 0, "Actual Rows": 639, "Actual Loops": 1, "Inner Unique": false, "Hash Cond": "(p.id = pl.relatedpostid)", "Plans": [{"Node Type": "Nested Loop", "Parent Relationship": "Outer", "Parallel Aware": false, "Async Capable": false, "Join Type": "Inner", "Startup Cost": 1060.2, "Total Cost": 5517.47, "Plan Rows": 16.0, "Plan Width": 8, "Actual Rows": 136913, "Actual Loops": 1, "Inner Unique": false, "Join Filter": "(b.userid = u.id)", "Rows Removed by Join Filter": 0, "Plans": [{"Node Type": "Nested Loop", "Parent Relationship": "Outer", "Parallel Aware": false, "Async Capable": false, "Join Type": "Inner", "Startup Cost": 1059.91, "Total Cost": 4819.4, "Plan Rows": 1.0, "Plan Width": 16, "Actual Rows": 7667, "Actual Loops": 1, "Inner Unique": false, "Plans": [{"Node Type": "Hash Join", "Parent Relationship": "Outer", "Parallel Aware": false, "Async Capable": false, "Join Type": "Inner", "Startup Cost": 1059.49, "Total Cost": 3534.83, "Plan Rows": 5.0, "Plan Width": 12, "Actual Rows": 4996, "Actual Loops": 1, "Inner Unique": true, "Hash Cond": "(p.owneruserid = u.id)", "Plans": [{"Node Type": "Seq Scan", "Parent Relationship": "Outer", "Parallel Aware": false, "Async Capable": false, "Relation Name": "posts", "Alias": "p", "Startup Cost": 0.0, "Total Cost": 2449.58, "Plan Rows": 9815, "Plan Width": 8, "Actual Rows": 10108, "Actual Loops": 1, "Filter": "((answercount >= 1) AND (answercount <= 84) AND (creationdate <= '2012-08-22 01:01:49'::timestamp without time zone))", "Rows Removed by Filter": 81868}, {"Node Type": "Hash", "Parent Relationship": "Inner", "Parallel Aware": false, "Async Capable": false, "Startup Cost": 1002.69, "Total Cost": 1002.69, "Plan Rows": 4544, "Plan Width": 4, "Actual Rows": 4546, "Actual Loops": 1, "Hash Buckets": 8192, "Original Hash Buckets": 8192, "Hash Batches": 1, "Original Hash Batches": 1, "Peak Memory Usage": 224, "Plans": [{"Node Type": "Seq Scan", "Parent Relationship": "Outer", "Parallel Aware": false, "Async Capable": false, "Relation Name": "users", "Alias": "u", "Startup Cost": 0.0, "Total Cost": 1002.69, "Plan Rows": 4544, "Plan Width": 4, "Actual Rows": 4546, "Actual Loops": 1, "Filter": "((views <= 14188) AND (creationdate >= '2010-08-09 19:16:49'::timestamp without time zone) AND (creationdate <= '2011-11-01 15:48:05'::timestamp without time zone))", "Rows Removed by Filter": 35779}]}]}, {"Node Type": "Index Scan", "Parent Relationship": "Inner", "Parallel Aware": false, "Async Capable": false, "Scan Direction": "Forward", "Index Name": "idx_comments_postid", "Relation Name": "comments", "Alias": "c", "Startup Cost": 0.42, "Total Cost": 1.15, "Plan Rows": 3, "Plan Width": 4, "Actual Rows": 2, "Actual Loops": 4996, "Index Cond": "(postid = p.id)", "Rows Removed by Index Recheck": 0, "Filter": "(score = 0)", "Rows Removed by Filter": 1}]}, {"Node Type": "Index Only Scan", "Parent Relationship": "Inner", "Parallel Aware": false, "Async Capable": false, "Scan Direction": "Forward", "Index Name": "idx_badges_userid", "Relation Name": "badges", "Alias": "b", "Startup Cost": 0.29, "Total Cost": 0.4, "Plan Rows": 3, "Plan Width": 4, "Actual Rows": 18, "Actual Loops": 7667, "Index Cond": "(userid = p.owneruserid)", "Rows Removed by Index Recheck": 0, "Heap Fetches": 0}]}, {"Node Type": "Hash", "Parent Relationship": "Inner", "Parallel Aware": false, "Async Capable": false, "Startup Cost": 6848.28, "Total Cost": 6848.28, "Plan Rows": 255.0, "Plan Width": 8, "Actual Rows": 87, "Actual Loops": 1, "Hash Buckets": 1024, "Original Hash Buckets": 1024, "Hash Batches": 1, "Original Hash Batches": 1, "Peak Memory Usage": 12, "Plans": [{"Node Type": "Gather", "Parent Relationship": "Outer", "Parallel Aware": false, "Async Capable": false, "Startup Cost": 1279.09, "Total Cost": 6848.28, "Plan Rows": 255.0, "Plan Width": 8, "Actual Rows": 87, "Actual Loops": 1, "Workers Planned": 1, "Workers Launched": 1, "Single Copy": false, "Plans": [{"Node Type": "Hash Join", "Parent Relationship": "Outer", "Parallel Aware": false, "Async Capable": false, "Join Type": "Inner", "Startup Cost": 279.09, "Total Cost": 5842.18, "Plan Rows": 255.0, "Plan Width": 8, "Actual Rows": 44, "Actual Loops": 2, "Inner Unique": false, "Hash Cond": "(v.postid = pl.relatedpostid)", "Workers": [], "Plans": [{"Node Type": "Seq Scan", "Parent Relationship": "Outer", "Parallel Aware": true, "Async Capable": false, "Relation Name": "votes", "Alias": "v", "Startup Cost": 0.0, "Total Cost": 5537.13, "Plan Rows": 209, "Plan Width": 4, "Actual Rows": 252, "Actual Loops": 2, "Filter": "((bountyamount <= 425) AND (creationdate >= '2014-02-13 13:22:29'::timestamp without time zone) AND (creationdate <= '2014-09-12 21:34:17'::timestamp without time zone))", "Rows Removed by Filter": 163780, "Workers": []}, {"Node Type": "Hash", "Parent Relationship": "Inner", "Parallel Aware": false, "Async Capable": false, "Startup Cost": 248.53, "Total Cost": 248.53, "Plan Rows": 2445, "Plan Width": 4, "Actual Rows": 2402, "Actual Loops": 2, "Hash Buckets": 4096, "Original Hash Buckets": 4096, "Hash Batches": 1, "Original Hash Batches": 1, "Peak Memory Usage": 117, "Workers": [], "Plans": [{"Node Type": "Seq Scan", "Parent Relationship": "Outer", "Parallel Aware": false, "Async Capable": false, "Relation Name": "postlinks", "Alias": "pl", "Startup Cost": 0.0, "Total Cost": 248.53, "Plan Rows": 2445, "Plan Width": 4, "Actual Rows": 2402, "Actual Loops": 2, "Filter": "((creationdate >= '2014-03-18 12:56:29'::timestamp without time zone) AND (linktypeid = 1))", "Rows Removed by Filter": 8700, "Workers": []}]}]}]}]}]}]}, "Planning Time": 4.768, "Triggers": [], "Execution Time": 102.303}, {"Plan": {"Node Type": "Aggregate", "Strategy": "Plain", "Partial Mode": "Simple", "Parallel Aware": false, "Async Capable": false, "Startup Cost": 11126.19, "Total Cost": 11126.2, "Plan Rows": 1, "Plan Width": 8, "Actual Rows": 1, "Actual Loops": 1, "Plans": [{"Node Type": "Hash Join", "Parent Relationship": "Outer", "Parallel Aware": false, "Async Capable": false, "Join Type": "Inner", "Startup Cost": 8017.67, "Total Cost": 11126.18, "Plan Rows": 7.0, "Plan Width": 0, "Actual Rows": 639, "Actual Loops": 1, "Inner Unique": false, "Hash Cond": "(p.id = c.postid)", "Plans": [{"Node Type": "Nested Loop", "Parent Relationship": "Outer", "Parallel Aware": false, "Async Capable": false, "Join Type": "Inner", "Startup Cost": 1059.78, "Total Cost": 4010.84, "Plan Rows": 239.0, "Plan Width": 4, "Actual Rows": 89976, "Actual Loops": 1, "Inner Unique": false, "Join Filter": "(b.userid = u.id)", "Rows Removed by Join Filter": 0, "Plans": [{"Node Type": "Hash Join", "Parent Relationship": "Outer", "Parallel Aware": false, "Async Capable": false, "Join Type": "Inner", "Startup Cost": 1059.49, "Total Cost": 3534.83, "Plan Rows": 5.0, "Plan Width": 12, "Actual Rows": 4996, "Actual Loops": 1, "Inner Unique": true, "Hash Cond": "(p.owneruserid = u.id)", "Plans": [{"Node Type": "Seq Scan", "Parent Relationship": "Outer", "Parallel Aware": false, "Async Capable": false, "Relation Name": "posts", "Alias": "p", "Startup Cost": 0.0, "Total Cost": 2449.58, "Plan Rows": 9815, "Plan Width": 8, "Actual Rows": 10108, "Actual Loops": 1, "Filter": "((answercount >= 1) AND (answercount <= 84) AND (creationdate <= '2012-08-22 01:01:49'::timestamp without time zone))", "Rows Removed by Filter": 81868}, {"Node Type": "Hash", "Parent Relationship": "Inner", "Parallel Aware": false, "Async Capable": false, "Startup Cost": 1002.69, "Total Cost": 1002.69, "Plan Rows": 4544, "Plan Width": 4, "Actual Rows": 4546, "Actual Loops": 1, "Hash Buckets": 8192, "Original Hash Buckets": 8192, "Hash Batches": 1, "Original Hash Batches": 1, "Peak Memory Usage": 224, "Plans": [{"Node Type": "Seq Scan", "Parent Relationship": "Outer", "Parallel Aware": false, "Async Capable": false, "Relation Name": "users", "Alias": "u", "Startup Cost": 0.0, "Total Cost": 1002.69, "Plan Rows": 4544, "Plan Width": 4, "Actual Rows": 4546, "Actual Loops": 1, "Filter": "((views <= 14188) AND (creationdate >= '2010-08-09 19:16:49'::timestamp without time zone) AND (creationdate <= '2011-11-01 15:48:05'::timestamp without time zone))", "Rows Removed by Filter": 35779}]}]}, {"Node Type": "Index Only Scan", "Parent Relationship": "Inner", "Parallel Aware": false, "Async Capable": false, "Scan Direction": "Forward", "Index Name": "idx_badges_userid", "Relation Name": "badges", "Alias": "b", "Startup Cost": 0.29, "Total Cost": 0.4, "Plan Rows": 3, "Plan Width": 4, "Actual Rows": 18, "Actual Loops": 4996, "Index Cond": "(userid = p.owneruserid)", "Rows Removed by Index Recheck": 0, "Heap Fetches": 0}]}, {"Node Type": "Hash", "Parent Relationship": "Inner", "Parallel Aware": false, "Async Capable": false, "Startup Cost": 6957.44, "Total Cost": 6957.44, "Plan Rows": 25.0, "Plan Width": 12, "Actual Rows": 179, "Actual Loops": 1, "Hash Buckets": 1024, "Original Hash Buckets": 1024, "Hash Batches": 1, "Original Hash Batches": 1, "Peak Memory Usage": 16, "Plans": [{"Node Type": "Gather", "Parent Relationship": "Outer", "Parallel Aware": false, "Async Capable": false, "Startup Cost": 1279.51, "Total Cost": 6957.44, "Plan Rows": 25.0, "Plan Width": 12, "Actual Rows": 179, "Actual Loops": 1, "Workers Planned": 1, "Workers Launched": 1, "Single Copy": false, "Plans": [{"Node Type": "Nested Loop", "Parent Relationship": "Outer", "Parallel Aware": false, "Async Capable": false, "Join Type": "Inner", "Startup Cost": 279.51, "Total Cost": 5953.84, "Plan Rows": 25.0, "Plan Width": 12, "Actual Rows": 90, "Actual Loops": 2, "Inner Unique": false, "Workers": [], "Plans": [{"Node Type": "Hash Join", "Parent Relationship": "Outer", "Parallel Aware": false, "Async Capable": false, "Join Type": "Inner", "Startup Cost": 279.09, "Total Cost": 5842.18, "Plan Rows": 255.0, "Plan Width": 8, "Actual Rows": 44, "Actual Loops": 2, "Inner Unique": false, "Hash Cond": "(v.postid = pl.relatedpostid)", "Workers": [], "Plans": [{"Node Type": "Seq Scan", "Parent Relationship": "Outer", "Parallel Aware": true, "Async Capable": false, "Relation Name": "votes", "Alias": "v", "Startup Cost": 0.0, "Total Cost": 5537.13, "Plan Rows": 209, "Plan Width": 4, "Actual Rows": 252, "Actual Loops": 2, "Filter": "((bountyamount <= 425) AND (creationdate >= '2014-02-13 13:22:29'::timestamp without time zone) AND (creationdate <= '2014-09-12 21:34:17'::timestamp without time zone))", "Rows Removed by Filter": 163780, "Workers": []}, {"Node Type": "Hash", "Parent Relationship": "Inner", "Parallel Aware": false, "Async Capable": false, "Startup Cost": 248.53, "Total Cost": 248.53, "Plan Rows": 2445, "Plan Width": 4, "Actual Rows": 2402, "Actual Loops": 2, "Hash Buckets": 4096, "Original Hash Buckets": 4096, "Hash Batches": 1, "Original Hash Batches": 1, "Peak Memory Usage": 117, "Workers": [], "Plans": [{"Node Type": "Seq Scan", "Parent Relationship": "Outer", "Parallel Aware": false, "Async Capable": false, "Relation Name": "postlinks", "Alias": "pl", "Startup Cost": 0.0, "Total Cost": 248.53, "Plan Rows": 2445, "Plan Width": 4, "Actual Rows": 2402, "Actual Loops": 2, "Filter": "((creationdate >= '2014-03-18 12:56:29'::timestamp without time zone) AND (linktypeid = 1))", "Rows Removed by Filter": 8700, "Workers": []}]}]}, {"Node Type": "Index Scan", "Parent Relationship": "Inner", "Parallel Aware": false, "Async Capable": false, "Scan Direction": "Forward", "Index Name": "idx_comments_postid", "Relation Name": "comments", "Alias": "c", "Startup Cost": 0.42, "Total Cost": 3.07, "Plan Rows": 3, "Plan Width": 4, "Actual Rows": 2, "Actual Loops": 87, "Index Cond": "(postid = pl.relatedpostid)", "Rows Removed by Index Recheck": 0, "Filter": "(score = 0)", "Rows Removed by Filter": 2, "Workers": []}]}]}]}]}]}, "Planning Time": 4.68, "Triggers": [], "Execution Time": 72.553}, {"Plan": {"Node Type": "Aggregate", "Strategy": "Plain", "Partial Mode": "Simple", "Parallel Aware": false, "Async Capable": false, "Startup Cost": 3269.9, "Total Cost": 3269.91, "Plan Rows": 1, "Plan Width": 8, "Actual Rows": 1, "Actual Loops": 1, "Plans": [{"Node Type": "Nested Loop", "Parent Relationship": "Outer", "Parallel Aware": false, "Async Capable": false, "Join Type": "Inner", "Startup Cost": 2573.69, "Total Cost": 3269.89, "Plan Rows": 7.0, "Plan Width": 0, "Actual Rows": 639, "Actual Loops": 1, "Inner Unique": true, "Join Filter": "(p.owneruserid = u.id)", "Rows Removed by Join Filter": 0, "Plans": [{"Node Type": "Nested Loop", "Parent Relationship": "Outer", "Parallel Aware": false, "Async Capable": false, "Join Type": "Inner", "Startup Cost": 2573.4, "Total Cost": 3256.31, "Plan Rows": 116.0, "Plan Width": 8, "Actual Rows": 639, "Actual Loops": 1, "Inner Unique": false, "Plans": [{"Node Type": "Nested Loop", "Parent Relationship": "Outer", "Parallel Aware": false, "Async Capable": false, "Join Type": "Inner", "Startup Cost": 2573.11, "Total Cost": 3255.88, "Plan Rows": 5.0, "Plan Width": 4, "Actual Rows": 36, "Actual Loops": 1, "Inner Unique": false, "Plans": [{"Node Type": "Nested Loop", "Parent Relationship": "Outer", "Parallel Aware": false, "Async Capable": false, "Join Type": "Inner", "Startup Cost": 2572.69, "Total Cost": 3254.7, "Plan Rows": 55.0, "Plan Width": 16, "Actual Rows": 25, "Actual Loops": 1, "Inner Unique": false, "Plans": [{"Node Type": "Hash Join", "Parent Relationship": "Outer", "Parallel Aware": false, "Async Capable": false, "Join Type": "Inner", "Startup Cost": 2572.27, "Total Cost": 2827.22, "Plan Rows": 11.0, "Plan Width": 12, "Actual Rows": 942, "Actual Loops": 1, "Inner Unique": true, "Hash Cond": "(pl.relatedpostid = p.id)", "Plans": [{"Node Type": "Seq Scan", "Parent Relationship": "Outer", "Parallel Aware": false, "Async Capable": false, "Relation Name": "postlinks", "Alias": "pl", "Startup Cost": 0.0, "Total Cost": 248.53, "Plan Rows": 2445, "Plan Width": 4, "Actual Rows": 2402, "Actual Loops": 1, "Filter": "((creationdate >= '2014-03-18 12:56:29'::timestamp without time zone) AND (linktypeid = 1))", "Rows Removed by Filter": 8700}, {"Node Type": "Hash", "Parent Relationship": "Inner", "Parallel Aware": false, "Async Capable": false, "Startup Cost": 2449.58, "Total Cost": 2449.58, "Plan Rows": 9815, "Plan Width": 8, "Actual Rows": 10108, "Actual Loops": 1, "Hash Buckets": 16384, "Original Hash Buckets": 16384, "Hash Batches": 1, "Original Hash Batches": 1, "Peak Memory Usage": 522, "Plans": [{"Node Type": "Seq Scan", "Parent Relationship": "Outer", "Parallel Aware": false, "Async Capable": false, "Relation Name": "posts", "Alias": "p", "Startup Cost": 0.0, "Total Cost": 2449.58, "Plan Rows": 9815, "Plan Width": 8, "Actual Rows": 10108, "Actual Loops": 1, "Filter": "((answercount >= 1) AND (answercount <= 84) AND (creationdate <= '2012-08-22 01:01:49'::timestamp without time zone))", "Rows Removed by Filter": 81868}]}]}, {"Node Type": "Index Scan", "Parent Relationship": "Inner", "Parallel Aware": false, "Async Capable": false, "Scan Direction": "Forward", "Index Name": "idx_votes_postid", "Relation Name": "votes", "Alias": "v", "Startup Cost": 0.42, "Total Cost": 1.63, "Plan Rows": 1, "Plan Width": 4, "Actual Rows": 0, "Actual Loops": 942, "Index Cond": "(postid = p.id)", "Rows Removed by Index Recheck": 0, "Filter": "((bountyamount <= 425) AND (creationdate >= '2014-02-13 13:22:29'::timestamp without time zone) AND (creationdate <= '2014-09-12 21:34:17'::timestamp without time zone))", "Rows Removed by Filter": 45}]}, {"Node Type": "Index Scan", "Parent Relationship": "Inner", "Parallel Aware": false, "Async Capable": false, "Scan Direction": "Forward", "Index Name": "idx_comments_postid", "Relation Name": "comments", "Alias": "c", "Startup Cost": 0.42, "Total Cost": 1.15, "Plan Rows": 3, "Plan Width": 4, "Actual Rows": 1, "Actual Loops": 25, "Index Cond": "(postid = p.id)", "Rows Removed by Index Recheck": 0, "Filter": "(score = 0)", "Rows Removed by Filter": 3}]}, {"Node Type": "Index Only Scan", "Parent Relationship": "Inner", "Parallel Aware": false, "Async Capable": false, "Scan Direction": "Forward", "Index Name": "idx_badges_userid", "Relation Name": "badges", "Alias": "b", "Startup Cost": 0.29, "Total Cost": 0.4, "Plan Rows": 3, "Plan Width": 4, "Actual Rows": 18, "Actual Loops": 36, "Index Cond": "(userid = p.owneruserid)", "Rows Removed by Index Recheck": 0, "Heap Fetches": 0}]}, {"Node Type": "Index Scan", "Parent Relationship": "Inner", "Parallel Aware": false, "Async Capable": false, "Scan Direction": "Forward", "Index Name": "users_pkey", "Relation Name": "users", "Alias": "u", "Startup Cost": 0.29, "Total Cost": 0.34, "Plan Rows": 1, "Plan Width": 4, "Actual Rows": 1, "Actual Loops": 639, "Index Cond": "(id = b.userid)", "Rows Removed by Index Recheck": 0, "Filter": "((views <= 14188) AND (creationdate >= '2010-08-09 19:16:49'::timestamp without time zone) AND (creationdate <= '2011-11-01 15:48:05'::timestamp without time zone))", "Rows Removed by Filter": 0}]}]}, "Planning Time": 4.176, "Triggers": [], "Execution Time": 33.892}, {"Plan": {"Node Type": "Aggregate", "Strategy": "Plain", "Partial Mode": "Finalize", "Parallel Aware": false, "Async Capable": false, "Startup Cost": 11489.34, "Total Cost": 11489.35, "Plan Rows": 1, "Plan Width": 8, "Actual Rows": 1, "Actual Loops": 1, "Plans": [{"Node Type": "Gather", "Parent Relationship": "Outer", "Parallel Aware": false, "Async Capable": false, "Startup Cost": 11489.22, "Total Cost": 11489.33, "Plan Rows": 1, "Plan Width": 8, "Actual Rows": 2, "Actual Loops": 1, "Workers Planned": 1, "Workers Launched": 1, "Single Copy": false, "Plans": [{"Node Type": "Aggregate", "Strategy": "Plain", "Partial Mode": "Partial", "Parent Relationship": "Outer", "Parallel Aware": false, "Async Capable": false, "Startup Cost": 10489.22, "Total Cost": 10489.23, "Plan Rows": 1, "Plan Width": 8, "Actual Rows": 1, "Actual Loops": 2, "Workers": [], "Plans": [{"Node Type": "Hash Join", "Parent Relationship": "Outer", "Parallel Aware": false, "Async Capable": false, "Join Type": "Inner", "Startup Cost": 4814.63, "Total Cost": 10489.22, "Plan Rows": 7.0, "Plan Width": 0, "Actual Rows": 320, "Actual Loops": 2, "Inner Unique": false, "Hash Cond": "(c.postid = p.id)", "Workers": [], "Plans": [{"Node Type": "Nested Loop", "Parent Relationship": "Outer", "Parallel Aware": false, "Async Capable": false, "Join Type": "Inner", "Startup Cost": 279.51, "Total Cost": 5953.84, "Plan Rows": 25.0, "Plan Width": 12, "Actual Rows": 90, "Actual Loops": 2, "Inner Unique": false, "Workers": [], "Plans": [{"Node Type": "Hash Join", "Parent Relationship": "Outer", "Parallel Aware": false, "Async Capable": false, "Join Type": "Inner", "Startup Cost": 279.09, "Total Cost": 5842.18, "Plan Rows": 255.0, "Plan Width": 8, "Actual Rows": 44, "Actual Loops": 2, "Inner Unique": false, "Hash Cond": "(v.postid = pl.relatedpostid)", "Workers": [], "Plans": [{"Node Type": "Seq Scan", "Parent Relationship": "Outer", "Parallel Aware": true, "Async Capable": false, "Relation Name": "votes", "Alias": "v", "Startup Cost": 0.0, "Total Cost": 5537.13, "Plan Rows": 209, "Plan Width": 4, "Actual Rows": 252, "Actual Loops": 2, "Filter": "((bountyamount <= 425) AND (creationdate >= '2014-02-13 13:22:29'::timestamp without time zone) AND (creationdate <= '2014-09-12 21:34:17'::timestamp without time zone))", "Rows Removed by Filter": 163780, "Workers": []}, {"Node Type": "Hash", "Parent Relationship": "Inner", "Parallel Aware": false, "Async Capable": false, "Startup Cost": 248.53, "Total Cost": 248.53, "Plan Rows": 2445, "Plan Width": 4, "Actual Rows": 2402, "Actual Loops": 2, "Hash Buckets": 4096, "Original Hash Buckets": 4096, "Hash Batches": 1, "Original Hash Batches": 1, "Peak Memory Usage": 117, "Workers": [], "Plans": [{"Node Type": "Seq Scan", "Parent Relationship": "Outer", "Parallel Aware": false, "Async Capable": false, "Relation Name": "postlinks", "Alias": "pl", "Startup Cost": 0.0, "Total Cost": 248.53, "Plan Rows": 2445, "Plan Width": 4, "Actual Rows": 2402, "Actual Loops": 2, "Filter": "((creationdate >= '2014-03-18 12:56:29'::timestamp without time zone) AND (linktypeid = 1))", "Rows Removed by Filter": 8700, "Workers": []}]}]}, {"Node Type": "Index Scan", "Parent Relationship": "Inner", "Parallel Aware": false, "Async Capable": false, "Scan Direction": "Forward", "Index Name": "idx_comments_postid", "Relation Name": "comments", "Alias": "c", "Startup Cost": 0.42, "Total Cost": 3.07, "Plan Rows": 3, "Plan Width": 4, "Actual Rows": 2, "Actual Loops": 87, "Index Cond": "(postid = pl.relatedpostid)", "Rows Removed by Index Recheck": 0, "Filter": "(score = 0)", "Rows Removed by Filter": 2, "Workers": []}]}, {"Node Type": "Hash", "Parent Relationship": "Inner", "Parallel Aware": false, "Async Capable": false, "Startup Cost": 4010.84, "Total Cost": 4010.84, "Plan Rows": 239.0, "Plan Width": 4, "Actual Rows": 89976, "Actual Loops": 2, "Hash Buckets": 131072, "Original Hash Buckets": 65536, "Hash Batches": 1, "Original Hash Batches": 1, "Peak Memory Usage": 4188, "Workers": [], "Plans": [{"Node Type": "Nested Loop", "Parent Relationship": "Outer", "Parallel Aware": false, "Async Capable": false, "Join Type": "Inner", "Startup Cost": 1059.78, "Total Cost": 4010.84, "Plan Rows": 239.0, "Plan Width": 4, "Actual Rows": 89976, "Actual Loops": 2, "Inner Unique": false, "Join Filter": "(b.userid = u.id)", "Rows Removed by Join Filter": 0, "Workers": [], "Plans": [{"Node Type": "Hash Join", "Parent Relationship": "Outer", "Parallel Aware": false, "Async Capable": false, "Join Type": "Inner", "Startup Cost": 1059.49, "Total Cost": 3534.83, "Plan Rows": 5.0, "Plan Width": 12, "Actual Rows": 4996, "Actual Loops": 2, "Inner Unique": true, "Hash Cond": "(p.owneruserid = u.id)", "Workers": [], "Plans": [{"Node Type": "Seq Scan", "Parent Relationship": "Outer", "Parallel Aware": false, "Async Capable": false, "Relation Name": "posts", "Alias": "p", "Startup Cost": 0.0, "Total Cost": 2449.58, "Plan Rows": 9815, "Plan Width": 8, "Actual Rows": 10108, "Actual Loops": 2, "Filter": "((answercount >= 1) AND (answercount <= 84) AND (creationdate <= '2012-08-22 01:01:49'::timestamp without time zone))", "Rows Removed by Filter": 81868, "Workers": []}, {"Node Type": "Hash", "Parent Relationship": "Inner", "Parallel Aware": false, "Async Capable": false, "Startup Cost": 1002.69, "Total Cost": 1002.69, "Plan Rows": 4544, "Plan Width": 4, "Actual Rows": 4546, "Actual Loops": 2, "Hash Buckets": 8192, "Original Hash Buckets": 8192, "Hash Batches": 1, "Original Hash Batches": 1, "Peak Memory Usage": 224, "Workers": [], "Plans": [{"Node Type": "Seq Scan", "Parent Relationship": "Outer", "Parallel Aware": false, "Async Capable": false, "Relation Name": "users", "Alias": "u", "Startup Cost": 0.0, "Total Cost": 1002.69, "Plan Rows": 4544, "Plan Width": 4, "Actual Rows": 4546, "Actual Loops": 2, "Filter": "((views <= 14188) AND (creationdate >= '2010-08-09 19:16:49'::timestamp without time zone) AND (creationdate <= '2011-11-01 15:48:05'::timestamp without time zone))", "Rows Removed by Filter": 35779, "Workers": []}]}]}, {"Node Type": "Index Only Scan", "Parent Relationship": "Inner", "Parallel Aware": false, "Async Capable": false, "Scan Direction": "Forward", "Index Name": "idx_badges_userid", "Relation Name": "badges", "Alias": "b", "Startup Cost": 0.29, "Total Cost": 0.4, "Plan Rows": 3, "Plan Width": 4, "Actual Rows": 18, "Actual Loops": 9992, "Index Cond": "(userid = p.owneruserid)", "Rows Removed by Index Recheck": 0, "Heap Fetches": 0, "Workers": []}]}]}]}]}]}]}, "Planning Time": 9.274, "Triggers": [], "Execution Time": 99.208}, {"Plan": {"Node Type": "Aggregate", "Strategy": "Plain", "Partial Mode": "Simple", "Parallel Aware": false, "Async Capable": false, "Startup Cost": 5408.45, "Total Cost": 5408.46, "Plan Rows": 1, "Plan Width": 8, "Actual Rows": 1, "Actual Loops": 1, "Plans": [{"Node Type": "Nested Loop", "Parent Relationship": "Outer", "Parallel Aware": false, "Async Capable": false, "Join Type": "Inner", "Startup Cost": 1060.91, "Total Cost": 5408.44, "Plan Rows": 7.0, "Plan Width": 0, "Actual Rows": 639, "Actual Loops": 1, "Inner Unique": false, "Join Filter": "(p.id = pl.relatedpostid)", "Rows Removed by Join Filter": 0, "Plans": [{"Node Type": "Nested Loop", "Parent Relationship": "Outer", "Parallel Aware": false, "Async Capable": false, "Join Type": "Inner", "Startup Cost": 1060.62, "Total Cost": 5325.83, "Plan Rows": 54.0, "Plan Width": 12, "Actual Rows": 231, "Actual Loops": 1, "Inner Unique": false, "Join Filter": "(b.userid = u.id)", "Rows Removed by Join Filter": 0, "Plans": [{"Node Type": "Nested Loop", "Parent Relationship": "Outer", "Parallel Aware": false, "Async Capable": false, "Join Type": "Inner", "Startup Cost": 1060.33, "Total Cost": 5323.21, "Plan Rows": 2.0, "Plan Width": 20, "Actual Rows": 7, "Actual Loops": 1, "Inner Unique": false, "Plans": [{"Node Type": "Nested Loop", "Parent Relationship": "Outer", "Parallel Aware": false, "Async Capable": false, "Join Type": "Inner", "Startup Cost": 1059.91, "Total Cost": 5318.49, "Plan Rows": 26.0, "Plan Width": 16, "Actual Rows": 5, "Actual Loops": 1, "Inner Unique": false, "Plans": [{"Node Type": "Hash Join", "Parent Relationship": "Outer", "Parallel Aware": false, "Async Capable": false, "Join Type": "Inner", "Startup Cost": 1059.49, "Total Cost": 3534.83, "Plan Rows": 5.0, "Plan Width": 12, "Actual Rows": 4996, "Actual Loops": 1, "Inner Unique": true, "Hash Cond": "(p.owneruserid = u.id)", "Plans": [{"Node Type": "Seq Scan", "Parent Relationship": "Outer", "Parallel Aware": false, "Async Capable": false, "Relation Name": "posts", "Alias": "p", "Startup Cost": 0.0, "Total Cost": 2449.58, "Plan Rows": 9815, "Plan Width": 8, "Actual Rows": 10108, "Actual Loops": 1, "Filter": "((answercount >= 1) AND (answercount <= 84) AND (creationdate <= '2012-08-22 01:01:49'::timestamp without time zone))", "Rows Removed by Filter": 81868}, {"Node Type": "Hash", "Parent Relationship": "Inner", "Parallel Aware": false, "Async Capable": false, "Startup Cost": 1002.69, "Total Cost": 1002.69, "Plan Rows": 4544, "Plan Width": 4, "Actual Rows": 4546, "Actual Loops": 1, "Hash Buckets": 8192, "Original Hash Buckets": 8192, "Hash Batches": 1, "Original Hash Batches": 1, "Peak Memory Usage": 224, "Plans": [{"Node Type": "Seq Scan", "Parent Relationship": "Outer", "Parallel Aware": false, "Async Capable": false, "Relation Name": "users", "Alias": "u", "Startup Cost": 0.0, "Total Cost": 1002.69, "Plan Rows": 4544, "Plan Width": 4, "Actual Rows": 4546, "Actual Loops": 1, "Filter": "((views <= 14188) AND (creationdate >= '2010-08-09 19:16:49'::timestamp without time zone) AND (creationdate <= '2011-11-01 15:48:05'::timestamp without time zone))", "Rows Removed by Filter": 35779}]}]}, {"Node Type": "Index Scan", "Parent Relationship": "Inner", "Parallel Aware": false, "Async Capable": false, "Scan Direction": "Forward", "Index Name": "idx_votes_postid", "Relation Name": "votes", "Alias": "v", "Startup Cost": 0.42, "Total Cost": 1.63, "Plan Rows": 1, "Plan Width": 4, "Actual Rows": 0, "Actual Loops": 4996, "Index Cond": "(postid = p.id)", "Rows Removed by Index Recheck": 0, "Filter": "((bountyamount <= 425) AND (creationdate >= '2014-02-13 13:22:29'::timestamp without time zone) AND (creationdate <= '2014-09-12 21:34:17'::timestamp without time zone))", "Rows Removed by Filter": 8}]}, {"Node Type": "Index Scan", "Parent Relationship": "Inner", "Parallel Aware": false, "Async Capable": false, "Scan Direction": "Forward", "Index Name": "idx_comments_postid", "Relation Name": "comments", "Alias": "c", "Startup Cost": 0.42, "Total Cost": 1.15, "Plan Rows": 3, "Plan Width": 4, "Actual Rows": 1, "Actual Loops": 5, "Index Cond": "(postid = p.id)", "Rows Removed by Index Recheck": 0, "Filter": "(score = 0)", "Rows Removed by Filter": 2}]}, {"Node Type": "Index Only Scan", "Parent Relationship": "Inner", "Parallel Aware": false, "Async Capable": false, "Scan Direction": "Forward", "Index Name": "idx_badges_userid", "Relation Name": "badges", "Alias": "b", "Startup Cost": 0.29, "Total Cost": 0.4, "Plan Rows": 3, "Plan Width": 4, "Actual Rows": 33, "Actual Loops": 7, "Index Cond": "(userid = p.owneruserid)", "Rows Removed by Index Recheck": 0, "Heap Fetches": 0}]}, {"Node Type": "Index Scan", "Parent Relationship": "Inner", "Parallel Aware": false, "Async Capable": false, "Scan Direction": "Forward", "Index Name": "idx_postlinks_relatedpostid", "Relation Name": "postlinks", "Alias": "pl", "Startup Cost": 0.29, "Total Cost": 0.33, "Plan Rows": 1, "Plan Width": 4, "Actual Rows": 3, "Actual Loops": 231, "Index Cond": "(relatedpostid = c.postid)", "Rows Removed by Index Recheck": 0, "Filter": "((creationdate >= '2014-03-18 12:56:29'::timestamp without time zone) AND (linktypeid = 1))", "Rows Removed by Filter": 9}]}]}, "Planning Time": 4.583, "Triggers": [], "Execution Time": 82.852}, {"Plan": {"Node Type": "Aggregate", "Strategy": "Plain", "Partial Mode": "Finalize", "Parallel Aware": false, "Async Capable": false, "Startup Cost": 13129.24, "Total Cost": 13129.25, "Plan Rows": 1, "Plan Width": 8, "Actual Rows": 1, "Actual Loops": 1, "Plans": [{"Node Type": "Gather", "Parent Relationship": "Outer", "Parallel Aware": false, "Async Capable": false, "Startup Cost": 13129.13, "Total Cost": 13129.24, "Plan Rows": 1, "Plan Width": 8, "Actual Rows": 2, "Actual Loops": 1, "Workers Planned": 1, "Workers Launched": 1, "Single Copy": false, "Plans": [{"Node Type": "Aggregate", "Strategy": "Plain", "Partial Mode": "Partial", "Parent Relationship": "Outer", "Parallel Aware": false, "Async Capable": false, "Startup Cost": 12129.13, "Total Cost": 12129.14, "Plan Rows": 1, "Plan Width": 8, "Actual Rows": 1, "Actual Loops": 2, "Workers": [], "Plans": [{"Node Type": "Hash Join", "Parent Relationship": "Outer", "Parallel Aware": false, "Async Capable": false, "Join Type": "Inner", "Startup Cost": 6565.44, "Total Cost": 12129.13, "Plan Rows": 7.0, "Plan Width": 0, "Actual Rows": 320, "Actual Loops": 2, "Inner Unique": false, "Hash Cond": "(pl.relatedpostid = p.id)", "Workers": [], "Plans": [{"Node Type": "Hash Join", "Parent Relationship": "Outer", "Parallel Aware": false, "Async Capable": false, "Join Type": "Inner", "Startup Cost": 279.09, "Total Cost": 5842.18, "Plan Rows": 255.0, "Plan Width": 8, "Actual Rows": 44, "Actual Loops": 2, "Inner Unique": false, "Hash Cond": "(v.postid = pl.relatedpostid)", "Workers": [], "Plans": [{"Node Type": "Seq Scan", "Parent Relationship": "Outer", "Parallel Aware": true, "Async Capable": false, "Relation Name": "votes", "Alias": "v", "Startup Cost": 0.0, "Total Cost": 5537.13, "Plan Rows": 209, "Plan Width": 4, "Actual Rows": 252, "Actual Loops": 2, "Filter": "((bountyamount <= 425) AND (creationdate >= '2014-02-13 13:22:29'::timestamp without time zone) AND (creationdate <= '2014-09-12 21:34:17'::timestamp without time zone))", "Rows Removed by Filter": 163780, "Workers": []}, {"Node Type": "Hash", "Parent Relationship": "Inner", "Parallel Aware": false, "Async Capable": false, "Startup Cost": 248.53, "Total Cost": 248.53, "Plan Rows": 2445, "Plan Width": 4, "Actual Rows": 2402, "Actual Loops": 2, "Hash Buckets": 4096, "Original Hash Buckets": 4096, "Hash Batches": 1, "Original Hash Batches": 1, "Peak Memory Usage": 117, "Workers": [], "Plans": [{"Node Type": "Seq Scan", "Parent Relationship": "Outer", "Parallel Aware": false, "Async Capable": false, "Relation Name": "postlinks", "Alias": "pl", "Startup Cost": 0.0, "Total Cost": 248.53, "Plan Rows": 2445, "Plan Width": 4, "Actual Rows": 2402, "Actual Loops": 2, "Filter": "((creationdate >= '2014-03-18 12:56:29'::timestamp without time zone) AND (linktypeid = 1))", "Rows Removed by Filter": 8700, "Workers": []}]}]}, {"Node Type": "Hash", "Parent Relationship": "Inner", "Parallel Aware": false, "Async Capable": false, "Startup Cost": 5517.47, "Total Cost": 5517.47, "Plan Rows": 16.0, "Plan Width": 8, "Actual Rows": 136913, "Actual Loops": 2, "Hash Buckets": 262144, "Original Hash Buckets": 65536, "Hash Batches": 1, "Original Hash Batches": 1, "Peak Memory Usage": 7397, "Workers": [], "Plans": [{"Node Type": "Nested Loop", "Parent Relationship": "Outer", "Parallel Aware": false, "Async Capable": false, "Join Type": "Inner", "Startup Cost": 1060.2, "Total Cost": 5517.47, "Plan Rows": 16.0, "Plan Width": 8, "Actual Rows": 136913, "Actual Loops": 2, "Inner Unique": false, "Join Filter": "(b.userid = u.id)", "Rows Removed by Join Filter": 0, "Workers": [], "Plans": [{"Node Type": "Nested Loop", "Parent Relationship": "Outer", "Parallel Aware": false, "Async Capable": false, "Join Type": "Inner", "Startup Cost": 1059.91, "Total Cost": 4819.4, "Plan Rows": 1.0, "Plan Width": 16, "Actual Rows": 7667, "Actual Loops": 2, "Inner Unique": false, "Workers": [], "Plans": [{"Node Type": "Hash Join", "Parent Relationship": "Outer", "Parallel Aware": false, "Async Capable": false, "Join Type": "Inner", "Startup Cost": 1059.49, "Total Cost": 3534.83, "Plan Rows": 5.0, "Plan Width": 12, "Actual Rows": 4996, "Actual Loops": 2, "Inner Unique": true, "Hash Cond": "(p.owneruserid = u.id)", "Workers": [], "Plans": [{"Node Type": "Seq Scan", "Parent Relationship": "Outer", "Parallel Aware": false, "Async Capable": false, "Relation Name": "posts", "Alias": "p", "Startup Cost": 0.0, "Total Cost": 2449.58, "Plan Rows": 9815, "Plan Width": 8, "Actual Rows": 10108, "Actual Loops": 2, "Filter": "((answercount >= 1) AND (answercount <= 84) AND (creationdate <= '2012-08-22 01:01:49'::timestamp without time zone))", "Rows Removed by Filter": 81868, "Workers": []}, {"Node Type": "Hash", "Parent Relationship": "Inner", "Parallel Aware": false, "Async Capable": false, "Startup Cost": 1002.69, "Total Cost": 1002.69, "Plan Rows": 4544, "Plan Width": 4, "Actual Rows": 4546, "Actual Loops": 2, "Hash Buckets": 8192, "Original Hash Buckets": 8192, "Hash Batches": 1, "Original Hash Batches": 1, "Peak Memory Usage": 224, "Workers": [], "Plans": [{"Node Type": "Seq Scan", "Parent Relationship": "Outer", "Parallel Aware": false, "Async Capable": false, "Relation Name": "users", "Alias": "u", "Startup Cost": 0.0, "Total Cost": 1002.69, "Plan Rows": 4544, "Plan Width": 4, "Actual Rows": 4546, "Actual Loops": 2, "Filter": "((views <= 14188) AND (creationdate >= '2010-08-09 19:16:49'::timestamp without time zone) AND (creationdate <= '2011-11-01 15:48:05'::timestamp without time zone))", "Rows Removed by Filter": 35779, "Workers": []}]}]}, {"Node Type": "Index Scan", "Parent Relationship": "Inner", "Parallel Aware": false, "Async Capable": false, "Scan Direction": "Forward", "Index Name": "idx_comments_postid", "Relation Name": "comments", "Alias": "c", "Startup Cost": 0.42, "Total Cost": 1.15, "Plan Rows": 3, "Plan Width": 4, "Actual Rows": 2, "Actual Loops": 9992, "Index Cond": "(postid = p.id)", "Rows Removed by Index Recheck": 0, "Filter": "(score = 0)", "Rows Removed by Filter": 1, "Workers": []}]}, {"Node Type": "Index Only Scan", "Parent Relationship": "Inner", "Parallel Aware": false, "Async Capable": false, "Scan Direction": "Forward", "Index Name": "idx_badges_userid", "Relation Name": "badges", "Alias": "b", "Startup Cost": 0.29, "Total Cost": 0.4, "Plan Rows": 3, "Plan Width": 4, "Actual Rows": 18, "Actual Loops": 15334, "Index Cond": "(userid = p.owneruserid)", "Rows Removed by Index Recheck": 0, "Heap Fetches": 0, "Workers": []}]}]}]}]}]}]}, "Planning Time": 6.743, "Triggers": [], "Execution Time": 148.121}, {"Plan": {"Node Type": "Aggregate", "Strategy": "Plain", "Partial Mode": "Simple", "Parallel Aware": false, "Async Capable": false, "Startup Cost": 5868.0, "Total Cost": 5868.01, "Plan Rows": 1, "Plan Width": 8, "Actual Rows": 1, "Actual Loops": 1, "Plans": [{"Node Type": "Nested Loop", "Parent Relationship": "Outer", "Parallel Aware": false, "Async Capable": false, "Join Type": "Inner", "Startup Cost": 3632.6, "Total Cost": 5867.99, "Plan Rows": 7.0, "Plan Width": 0, "Actual Rows": 639, "Actual Loops": 1, "Inner Unique": false, "Join Filter": "(p.owneruserid = u.id)", "Rows Removed by Join Filter": 659637, "Plans": [{"Node Type": "Nested Loop", "Parent Relationship": "Outer", "Parallel Aware": false, "Async Capable": false, "Join Type": "Inner", "Startup Cost": 2573.11, "Total Cost": 3255.88, "Plan Rows": 5.0, "Plan Width": 4, "Actual Rows": 36, "Actual Loops": 1, "Inner Unique": false, "Plans": [{"Node Type": "Nested Loop", "Parent Relationship": "Outer", "Parallel Aware": false, "Async Capable": false, "Join Type": "Inner", "Startup Cost": 2572.69, "Total Cost": 3254.7, "Plan Rows": 55.0, "Plan Width": 16, "Actual Rows": 25, "Actual Loops": 1, "Inner Unique": false, "Plans": [{"Node Type": "Hash Join", "Parent Relationship": "Outer", "Parallel Aware": false, "Async Capable": false, "Join Type": "Inner", "Startup Cost": 2572.27, "Total Cost": 2827.22, "Plan Rows": 11.0, "Plan Width": 12, "Actual Rows": 942, "Actual Loops": 1, "Inner Unique": true, "Hash Cond": "(pl.relatedpostid = p.id)", "Plans": [{"Node Type": "Seq Scan", "Parent Relationship": "Outer", "Parallel Aware": false, "Async Capable": false, "Relation Name": "postlinks", "Alias": "pl", "Startup Cost": 0.0, "Total Cost": 248.53, "Plan Rows": 2445, "Plan Width": 4, "Actual Rows": 2402, "Actual Loops": 1, "Filter": "((creationdate >= '2014-03-18 12:56:29'::timestamp without time zone) AND (linktypeid = 1))", "Rows Removed by Filter": 8700}, {"Node Type": "Hash", "Parent Relationship": "Inner", "Parallel Aware": false, "Async Capable": false, "Startup Cost": 2449.58, "Total Cost": 2449.58, "Plan Rows": 9815, "Plan Width": 8, "Actual Rows": 10108, "Actual Loops": 1, "Hash Buckets": 16384, "Original Hash Buckets": 16384, "Hash Batches": 1, "Original Hash Batches": 1, "Peak Memory Usage": 522, "Plans": [{"Node Type": "Seq Scan", "Parent Relationship": "Outer", "Parallel Aware": false, "Async Capable": false, "Relation Name": "posts", "Alias": "p", "Startup Cost": 0.0, "Total Cost": 2449.58, "Plan Rows": 9815, "Plan Width": 8, "Actual Rows": 10108, "Actual Loops": 1, "Filter": "((answercount >= 1) AND (answercount <= 84) AND (creationdate <= '2012-08-22 01:01:49'::timestamp without time zone))", "Rows Removed by Filter": 81868}]}]}, {"Node Type": "Index Scan", "Parent Relationship": "Inner", "Parallel Aware": false, "Async Capable": false, "Scan Direction": "Forward", "Index Name": "idx_votes_postid", "Relation Name": "votes", "Alias": "v", "Startup Cost": 0.42, "Total Cost": 1.63, "Plan Rows": 1, "Plan Width": 4, "Actual Rows": 0, "Actual Loops": 942, "Index Cond": "(postid = p.id)", "Rows Removed by Index Recheck": 0, "Filter": "((bountyamount <= 425) AND (creationdate >= '2014-02-13 13:22:29'::timestamp without time zone) AND (creationdate <= '2014-09-12 21:34:17'::timestamp without time zone))", "Rows Removed by Filter": 45}]}, {"Node Type": "Index Scan", "Parent Relationship": "Inner", "Parallel Aware": false, "Async Capable": false, "Scan Direction": "Forward", "Index Name": "idx_comments_postid", "Relation Name": "comments", "Alias": "c", "Startup Cost": 0.42, "Total Cost": 1.15, "Plan Rows": 3, "Plan Width": 4, "Actual Rows": 1, "Actual Loops": 25, "Index Cond": "(postid = p.id)", "Rows Removed by Index Recheck": 0, "Filter": "(score = 0)", "Rows Removed by Filter": 3}]}, {"Node Type": "Hash Join", "Parent Relationship": "Inner", "Parallel Aware": false, "Async Capable": false, "Join Type": "Inner", "Startup Cost": 1059.49, "Total Cost": 2499.63, "Plan Rows": 1023.0, "Plan Width": 8, "Actual Rows": 18341, "Actual Loops": 36, "Inner Unique": true, "Hash Cond": "(b.userid = u.id)", "Plans": [{"Node Type": "Seq Scan", "Parent Relationship": "Outer", "Parallel Aware": false, "Async Capable": false, "Relation Name": "badges", "Alias": "b", "Startup Cost": 0.0, "Total Cost": 1230.51, "Plan Rows": 79851, "Plan Width": 4, "Actual Rows": 79851, "Actual Loops": 36}, {"Node Type": "Hash", "Parent Relationship": "Inner", "Parallel Aware": false, "Async Capable": false, "Startup Cost": 1002.69, "Total Cost": 1002.69, "Plan Rows": 4544, "Plan Width": 4, "Actual Rows": 4546, "Actual Loops": 1, "Hash Buckets": 8192, "Original Hash Buckets": 8192, "Hash Batches": 1, "Original Hash Batches": 1, "Peak Memory Usage": 224, "Plans": [{"Node Type": "Seq Scan", "Parent Relationship": "Outer", "Parallel Aware": false, "Async Capable": false, "Relation Name": "users", "Alias": "u", "Startup Cost": 0.0, "Total Cost": 1002.69, "Plan Rows": 4544, "Plan Width": 4, "Actual Rows": 4546, "Actual Loops": 1, "Filter": "((views <= 14188) AND (creationdate >= '2010-08-09 19:16:49'::timestamp without time zone) AND (creationdate <= '2011-11-01 15:48:05'::timestamp without time zone))", "Rows Removed by Filter": 35779}]}]}]}]}, "Planning Time": 4.567, "Triggers": [], "Execution Time": 317.972}, {"Plan": {"Node Type": "Aggregate", "Strategy": "Plain", "Partial Mode": "Finalize", "Parallel Aware": false, "Async Capable": false, "Startup Cost": 6924.37, "Total Cost": 6924.38, "Plan Rows": 1, "Plan Width": 8, "Actual Rows": 1, "Actual Loops": 1, "Plans": [{"Node Type": "Gather", "Parent Relationship": "Outer", "Parallel Aware": false, "Async Capable": false, "Startup Cost": 6924.26, "Total Cost": 6924.37, "Plan Rows": 1, "Plan Width": 8, "Actual Rows": 2, "Actual Loops": 1, "Workers Planned": 1, "Workers Launched": 1, "Single Copy": false, "Plans": [{"Node Type": "Aggregate", "Strategy": "Plain", "Partial Mode": "Partial", "Parent Relationship": "Outer", "Parallel Aware": false, "Async Capable": false, "Startup Cost": 5924.26, "Total Cost": 5924.27, "Plan Rows": 1, "Plan Width": 8, "Actual Rows": 1, "Actual Loops": 2, "Workers": [], "Plans": [{"Node Type": "Hash Join", "Parent Relationship": "Outer", "Parallel Aware": false, "Async Capable": false, "Join Type": "Inner", "Startup Cost": 3001.03, "Total Cost": 5924.26, "Plan Rows": 7.0, "Plan Width": 0, "Actual Rows": 320, "Actual Loops": 2, "Inner Unique": false, "Hash Cond": "(c.postid = p.id)", "Workers": [], "Plans": [{"Node Type": "Seq Scan", "Parent Relationship": "Outer", "Parallel Aware": true, "Async Capable": false, "Relation Name": "comments", "Alias": "c", "Startup Cost": 0.0, "Total Cost": 2625.65, "Plan Rows": 79345, "Plan Width": 4, "Actual Rows": 67444, "Actual Loops": 2, "Filter": "(score = 0)", "Rows Removed by Filter": 19709, "Workers": []}, {"Node Type": "Hash", "Parent Relationship": "Inner", "Parallel Aware": false, "Async Capable": false, "Startup Cost": 3000.98, "Total Cost": 3000.98, "Plan Rows": 68.0, "Plan Width": 12, "Actual Rows": 333, "Actual Loops": 2, "Hash Buckets": 1024, "Original Hash Buckets": 1024, "Hash Batches": 1, "Original Hash Batches": 1, "Peak Memory Usage": 23, "Workers": [], "Plans": [{"Node Type": "Nested Loop", "Parent Relationship": "Outer", "Parallel Aware": false, "Async Capable": false, "Join Type": "Inner", "Startup Cost": 2573.27, "Total Cost": 3000.98, "Plan Rows": 68.0, "Plan Width": 12, "Actual Rows": 333, "Actual Loops": 2, "Inner Unique": false, "Join Filter": "(b.userid = u.id)", "Rows Removed by Join Filter": 0, "Workers": [], "Plans": [{"Node Type": "Nested Loop", "Parent Relationship": "Outer", "Parallel Aware": false, "Async Capable": false, "Join Type": "Inner", "Startup Cost": 2572.98, "Total Cost": 3000.54, "Plan Rows": 3.0, "Plan Width": 20, "Actual Rows": 18, "Actual Loops": 2, "Inner Unique": false, "Workers": [], "Plans": [{"Node Type": "Nested Loop", "Parent Relationship": "Outer", "Parallel Aware": false, "Async Capable": false, "Join Type": "Inner", "Startup Cost": 2572.56, "Total Cost": 2953.04, "Plan Rows": 2.0, "Plan Width": 16, "Actual Rows": 440, "Actual Loops": 2, "Inner Unique": true, "Workers": [], "Plans": [{"Node Type": "Hash Join", "Parent Relationship": "Outer", "Parallel Aware": false, "Async Capable": false, "Join Type": "Inner", "Startup Cost": 2572.27, "Total Cost": 2827.22, "Plan Rows": 11.0, "Plan Width": 12, "Actual Rows": 942, "Actual Loops": 2, "Inner Unique": true, "Hash Cond": "(pl.relatedpostid = p.id)", "Workers": [], "Plans": [{"Node Type": "Seq Scan", "Parent Relationship": "Outer", "Parallel Aware": false, "Async Capable": false, "Relation Name": "postlinks", "Alias": "pl", "Startup Cost": 0.0, "Total Cost": 248.53, "Plan Rows": 2445, "Plan Width": 4, "Actual Rows": 2402, "Actual Loops": 2, "Filter": "((creationdate >= '2014-03-18 12:56:29'::timestamp without time zone) AND (linktypeid = 1))", "Rows Removed by Filter": 8700, "Workers": []}, {"Node Type": "Hash", "Parent Relationship": "Inner", "Parallel Aware": false, "Async Capable": false, "Startup Cost": 2449.58, "Total Cost": 2449.58, "Plan Rows": 9815, "Plan Width": 8, "Actual Rows": 10108, "Actual Loops": 2, "Hash Buckets": 16384, "Original Hash Buckets": 16384, "Hash Batches": 1, "Original Hash Batches": 1, "Peak Memory Usage": 522, "Workers": [], "Plans": [{"Node Type": "Seq Scan", "Parent Relationship": "Outer", "Parallel Aware": false, "Async Capable": false, "Relation Name": "posts", "Alias": "p", "Startup Cost": 0.0, "Total Cost": 2449.58, "Plan Rows": 9815, "Plan Width": 8, "Actual Rows": 10108, "Actual Loops": 2, "Filter": "((answercount >= 1) AND (answercount <= 84) AND (creationdate <= '2012-08-22 01:01:49'::timestamp without time zone))", "Rows Removed by Filter": 81868, "Workers": []}]}]}, {"Node Type": "Index Scan", "Parent Relationship": "Inner", "Parallel Aware": false, "Async Capable": false, "Scan Direction": "Forward", "Index Name": "users_pkey", "Relation Name": "users", "Alias": "u", "Startup Cost": 0.29, "Total Cost": 0.48, "Plan Rows": 1, "Plan Width": 4, "Actual Rows": 0, "Actual Loops": 1884, "Index Cond": "(id = p.owneruserid)", "Rows Removed by Index Recheck": 0, "Filter": "((views <= 14188) AND (creationdate >= '2010-08-09 19:16:49'::timestamp without time zone) AND (creationdate <= '2011-11-01 15:48:05'::timestamp without time zone))", "Rows Removed by Filter": 1, "Workers": []}]}, {"Node Type": "Index Scan", "Parent Relationship": "Inner", "Parallel Aware": false, "Async Capable": false, "Scan Direction": "Forward", "Index Name": "idx_votes_postid", "Relation Name": "votes", "Alias": "v", "Startup Cost": 0.42, "Total Cost": 1.63, "Plan Rows": 1, "Plan Width": 4, "Actual Rows": 0, "Actual Loops": 880, "Index Cond": "(postid = p.id)", "Rows Removed by Index Recheck": 0, "Filter": "((bountyamount <= 425) AND (creationdate >= '2014-02-13 13:22:29'::timestamp without time zone) AND (creationdate <= '2014-09-12 21:34:17'::timestamp without time zone))", "Rows Removed by Filter": 45, "Workers": []}]}, {"Node Type": "Index Only Scan", "Parent Relationship": "Inner", "Parallel Aware": false, "Async Capable": false, "Scan Direction": "Forward", "Index Name": "idx_badges_userid", "Relation Name": "badges", "Alias": "b", "Startup Cost": 0.29, "Total Cost": 0.4, "Plan Rows": 3, "Plan Width": 4, "Actual Rows": 18, "Actual Loops": 36, "Index Cond": "(userid = p.owneruserid)", "Rows Removed by Index Recheck": 0, "Heap Fetches": 0, "Workers": []}]}]}]}]}]}]}, "Planning Time": 10.61, "Triggers": [], "Execution Time": 72.951}, {"Plan": {"Node Type": "Aggregate", "Strategy": "Plain", "Partial Mode": "Simple", "Parallel Aware": false, "Async Capable": false, "Startup Cost": 4051.47, "Total Cost": 4051.48, "Plan Rows": 1, "Plan Width": 8, "Actual Rows": 1, "Actual Loops": 1, "Plans": [{"Node Type": "Nested Loop", "Parent Relationship": "Outer", "Parallel Aware": false, "Async Capable": false, "Join Type": "Inner", "Startup Cost": 2573.69, "Total Cost": 4051.46, "Plan Rows": 7.0, "Plan Width": 0, "Actual Rows": 639, "Actual Loops": 1, "Inner Unique": false, "Join Filter": "(p.id = v.postid)", "Rows Removed by Join Filter": 0, "Plans": [{"Node Type": "Nested Loop", "Parent Relationship": "Outer", "Parallel Aware": false, "Async Capable": false, "Join Type": "Inner", "Startup Cost": 2573.27, "Total Cost": 3006.05, "Plan Rows": 3.0, "Plan Width": 12, "Actual Rows": 14382, "Actual Loops": 1, "Inner Unique": false, "Join Filter": "(b.userid = u.id)", "Rows Removed by Join Filter": 0, "Plans": [{"Node Type": "Nested Loop", "Parent Relationship": "Outer", "Parallel Aware": false, "Async Capable": false, "Join Type": "Inner", "Startup Cost": 2572.98, "Total Cost": 2987.25, "Plan Rows": 1.0, "Plan Width": 20, "Actual Rows": 736, "Actual Loops": 1, "Inner Unique": false, "Plans": [{"Node Type": "Nested Loop", "Parent Relationship": "Outer", "Parallel Aware": false, "Async Capable": false, "Join Type": "Inner", "Startup Cost": 2572.56, "Total Cost": 2953.04, "Plan Rows": 2.0, "Plan Width": 16, "Actual Rows": 440, "Actual Loops": 1, "Inner Unique": true, "Plans": [{"Node Type": "Hash Join", "Parent Relationship": "Outer", "Parallel Aware": false, "Async Capable": false, "Join Type": "Inner", "Startup Cost": 2572.27, "Total Cost": 2827.22, "Plan Rows": 11.0, "Plan Width": 12, "Actual Rows": 942, "Actual Loops": 1, "Inner Unique": true, "Hash Cond": "(pl.relatedpostid = p.id)", "Plans": [{"Node Type": "Seq Scan", "Parent Relationship": "Outer", "Parallel Aware": false, "Async Capable": false, "Relation Name": "postlinks", "Alias": "pl", "Startup Cost": 0.0, "Total Cost": 248.53, "Plan Rows": 2445, "Plan Width": 4, "Actual Rows": 2402, "Actual Loops": 1, "Filter": "((creationdate >= '2014-03-18 12:56:29'::timestamp without time zone) AND (linktypeid = 1))", "Rows Removed by Filter": 8700}, {"Node Type": "Hash", "Parent Relationship": "Inner", "Parallel Aware": false, "Async Capable": false, "Startup Cost": 2449.58, "Total Cost": 2449.58, "Plan Rows": 9815, "Plan Width": 8, "Actual Rows": 10108, "Actual Loops": 1, "Hash Buckets": 16384, "Original Hash Buckets": 16384, "Hash Batches": 1, "Original Hash Batches": 1, "Peak Memory Usage": 522, "Plans": [{"Node Type": "Seq Scan", "Parent Relationship": "Outer", "Parallel Aware": false, "Async Capable": false, "Relation Name": "posts", "Alias": "p", "Startup Cost": 0.0, "Total Cost": 2449.58, "Plan Rows": 9815, "Plan Width": 8, "Actual Rows": 10108, "Actual Loops": 1, "Filter": "((answercount >= 1) AND (answercount <= 84) AND (creationdate <= '2012-08-22 01:01:49'::timestamp without time zone))", "Rows Removed by Filter": 81868}]}]}, {"Node Type": "Index Scan", "Parent Relationship": "Inner", "Parallel Aware": false, "Async Capable": false, "Scan Direction": "Forward", "Index Name": "users_pkey", "Relation Name": "users", "Alias": "u", "Startup Cost": 0.29, "Total Cost": 0.48, "Plan Rows": 1, "Plan Width": 4, "Actual Rows": 0, "Actual Loops": 942, "Index Cond": "(id = p.owneruserid)", "Rows Removed by Index Recheck": 0, "Filter": "((views <= 14188) AND (creationdate >= '2010-08-09 19:16:49'::timestamp without time zone) AND (creationdate <= '2011-11-01 15:48:05'::timestamp without time zone))", "Rows Removed by Filter": 1}]}, {"Node Type": "Index Scan", "Parent Relationship": "Inner", "Parallel Aware": false, "Async Capable": false, "Scan Direction": "Forward", "Index Name": "idx_comments_postid", "Relation Name": "comments", "Alias": "c", "Startup Cost": 0.42, "Total Cost": 1.15, "Plan Rows": 3, "Plan Width": 4, "Actual Rows": 2, "Actual Loops": 440, "Index Cond": "(postid = p.id)", "Rows Removed by Index Recheck": 0, "Filter": "(score = 0)", "Rows Removed by Filter": 1}]}, {"Node Type": "Index Only Scan", "Parent Relationship": "Inner", "Parallel Aware": false, "Async Capable": false, "Scan Direction": "Forward", "Index Name": "idx_badges_userid", "Relation Name": "badges", "Alias": "b", "Startup Cost": 0.29, "Total Cost": 0.4, "Plan Rows": 3, "Plan Width": 4, "Actual Rows": 20, "Actual Loops": 736, "Index Cond": "(userid = p.owneruserid)", "Rows Removed by Index Recheck": 0, "Heap Fetches": 0}]}, {"Node Type": "Index Scan", "Parent Relationship": "Inner", "Parallel Aware": false, "Async Capable": false, "Scan Direction": "Forward", "Index Name": "idx_votes_postid", "Relation Name": "votes", "Alias": "v", "Startup Cost": 0.42, "Total Cost": 0.63, "Plan Rows": 1, "Plan Width": 4, "Actual Rows": 0, "Actual Loops": 14382, "Index Cond": "(postid = c.postid)", "Rows Removed by Index Recheck": 0, "Filter": "((bountyamount <= 425) AND (creationdate >= '2014-02-13 13:22:29'::timestamp without time zone) AND (creationdate <= '2014-09-12 21:34:17'::timestamp without time zone))", "Rows Removed by Filter": 42}]}]}, "Planning Time": 4.34, "Triggers": [], "Execution Time": 147.637}]