[{"Plan": {"Node Type": "Aggregate", "Strategy": "Plain", "Partial Mode": "Simple", "Parallel Aware": false, "Async Capable": false, "Startup Cost": 957.23, "Total Cost": 957.24, "Plan Rows": 1, "Plan Width": 8, "Actual Rows": 1, "Actual Loops": 1, "Plans": [{"Node Type": "Nested Loop", "Parent Relationship": "Outer", "Parallel Aware": false, "Async Capable": false, "Join Type": "Inner", "Startup Cost": 0.72, "Total Cost": 957.23, "Plan Rows": 4.0, "Plan Width": 0, "Actual Rows": 51, "Actual Loops": 1, "Inner Unique": false, "Join Filter": "(c.userid = u.id)", "Rows Removed by Join Filter": 0, "Plans": [{"Node Type": "Nested Loop", "Parent Relationship": "Outer", "Parallel Aware": false, "Async Capable": false, "Join Type": "Inner", "Startup Cost": 0.42, "Total Cost": 952.12, "Plan Rows": 4.0, "Plan Width": 8, "Actual Rows": 1, "Actual Loops": 1, "Inner Unique": false, "Plans": [{"Node Type": "Seq Scan", "Parent Relationship": "Outer", "Parallel Aware": false, "Async Capable": false, "Relation Name": "users", "Alias": "u", "Startup Cost": 0.0, "Total Cost": 901.88, "Plan Rows": 2, "Plan Width": 4, "Actual Rows": 5, "Actual Loops": 1, "Filter": "((creationdate <= '2013-07-02 01:08:00'::timestamp without time zone) AND (upvotes = 152))", "Rows Removed by Filter": 40320}, {"Node Type": "Index Scan", "Parent Relationship": "Inner", "Parallel Aware": false, "Async Capable": false, "Scan Direction": "Forward", "Index Name": "idx_votes_userid", "Relation Name": "votes", "Alias": "v", "Startup Cost": 0.42, "Total Cost": 25.11, "Plan Rows": 1, "Plan Width": 4, "Actual Rows": 0, "Actual Loops": 5, "Index Cond": "(userid = u.id)", "Rows Removed by Index Recheck": 0, "Filter": "(bountyamount <= 53)", "Rows Removed by Filter": 67}]}, {"Node Type": "Index Scan", "Parent Relationship": "Inner", "Parallel Aware": false, "Async Capable": false, "Scan Direction": "Forward", "Index Name": "idx_comments_userid", "Relation Name": "comments", "Alias": "c", "Startup Cost": 0.29, "Total Cost": 5.06, "Plan Rows": 4, "Plan Width": 4, "Actual Rows": 51, "Actual Loops": 1, "Index Cond": "(userid = v.userid)", "Rows Removed by Index Recheck": 0, "Filter": "((creationdate >= '2012-10-06 12:10:17'::timestamp without time zone) AND (creationdate <= '2013-12-03 12:13:26'::timestamp without time zone))", "Rows Removed by Filter": 48}]}]}, "Planning Time": 0.781, "Triggers": [], "Execution Time": 2.192}, {"Plan": {"Node Type": "Aggregate", "Strategy": "Plain", "Partial Mode": "Simple", "Parallel Aware": false, "Async Capable": false, "Startup Cost": 11078.98, "Total Cost": 11078.99, "Plan Rows": 1, "Plan Width": 8, "Actual Rows": 1, "Actual Loops": 1, "Plans": [{"Node Type": "Merge Join", "Parent Relationship": "Outer", "Parallel Aware": false, "Async Capable": false, "Join Type": "Inner", "Startup Cost": 902.6, "Total Cost": 11078.98, "Plan Rows": 4.0, "Plan Width": 0, "Actual Rows": 51, "Actual Loops": 1, "Inner Unique": false, "Merge Cond": "(u.id = c.userid)", "Plans": [{"Node Type": "Sort", "Parent Relationship": "Outer", "Parallel Aware": false, "Async Capable": false, "Startup Cost": 901.88, "Total Cost": 901.89, "Plan Rows": 2, "Plan Width": 4, "Actual Rows": 5, "Actual Loops": 1, "Sort Key": ["u.id"], "Sort Method": "quicksort", "Sort Space Used": 25, "Sort Space Type": "Memory", "Plans": [{"Node Type": "Seq Scan", "Parent Relationship": "Outer", "Parallel Aware": false, "Async Capable": false, "Relation Name": "users", "Alias": "u", "Startup Cost": 0.0, "Total Cost": 901.88, "Plan Rows": 2, "Plan Width": 4, "Actual Rows": 5, "Actual Loops": 1, "Filter": "((creationdate <= '2013-07-02 01:08:00'::timestamp without time zone) AND (upvotes = 152))", "Rows Removed by Filter": 40320}]}, {"Node Type": "Materialize", "Parent Relationship": "Inner", "Parallel Aware": false, "Async Capable": false, "Startup Cost": 0.72, "Total Cost": 10314.64, "Plan Rows": 4761.0, "Plan Width": 8, "Actual Rows": 128380, "Actual Loops": 1, "Plans": [{"Node Type": "Merge Join", "Parent Relationship": "Outer", "Parallel Aware": false, "Async Capable": false, "Join Type": "Inner", "Startup Cost": 0.72, "Total Cost": 10281.34, "Plan Rows": 4761.0, "Plan Width": 8, "Actual Rows": 128380, "Actual Loops": 1, "Inner Unique": false, "Merge Cond": "(v.userid = c.userid)", "Plans": [{"Node Type": "Index Scan", "Parent Relationship": "Outer", "Parallel Aware": false, "Async Capable": false, "Scan Direction": "Forward", "Index Name": "idx_votes_userid", "Relation Name": "votes", "Alias": "v", "Startup Cost": 0.42, "Total Cost": 12422.47, "Plan Rows": 1271, "Plan Width": 4, "Actual Rows": 552, "Actual Loops": 1, "Filter": "(bountyamount <= 53)", "Rows Removed by Filter": 22720}, {"Node Type": "Index Scan", "Parent Relationship": "Inner", "Parallel Aware": false, "Async Capable": false, "Scan Direction": "Forward", "Index Name": "idx_comments_userid", "Relation Name": "comments", "Alias": "c", "Startup Cost": 0.29, "Total Cost": 8694.72, "Plan Rows": 57197, "Plan Width": 4, "Actual Rows": 144476, "Actual Loops": 1, "Filter": "((creationdate >= '2012-10-06 12:10:17'::timestamp without time zone) AND (creationdate <= '2013-12-03 12:13:26'::timestamp without time zone))", "Rows Removed by Filter": 215474}]}]}]}]}, "Planning Time": 1.754, "Triggers": [], "Execution Time": 164.472}, {"Plan": {"Node Type": "Aggregate", "Strategy": "Plain", "Partial Mode": "Simple", "Parallel Aware": false, "Async Capable": false, "Startup Cost": 4960.4, "Total Cost": 4960.41, "Plan Rows": 1, "Plan Width": 8, "Actual Rows": 1, "Actual Loops": 1, "Plans": [{"Node Type": "Gather", "Parent Relationship": "Outer", "Parallel Aware": false, "Async Capable": false, "Startup Cost": 1952.13, "Total Cost": 4960.4, "Plan Rows": 1, "Plan Width": 0, "Actual Rows": 51, "Actual Loops": 1, "Workers Planned": 1, "Workers Launched": 1, "Single Copy": false, "Plans": [{"Node Type": "Hash Join", "Parent Relationship": "Outer", "Parallel Aware": false, "Async Capable": false, "Join Type": "Inner", "Startup Cost": 952.13, "Total Cost": 3960.3, "Plan Rows": 4.0, "Plan Width": 0, "Actual Rows": 26, "Actual Loops": 2, "Inner Unique": false, "Hash Cond": "(c.userid = u.id)", "Workers": [], "Plans": [{"Node Type": "Seq Scan", "Parent Relationship": "Outer", "Parallel Aware": true, "Async Capable": false, "Relation Name": "comments", "Alias": "c", "Startup Cost": 0.0, "Total Cost": 2881.99, "Plan Rows": 33645, "Plan Width": 4, "Actual Rows": 28591, "Actual Loops": 2, "Filter": "((creationdate >= '2012-10-06 12:10:17'::timestamp without time zone) AND (creationdate <= '2013-12-03 12:13:26'::timestamp without time zone))", "Rows Removed by Filter": 58562, "Workers": []}, {"Node Type": "Hash", "Parent Relationship": "Inner", "Parallel Aware": false, "Async Capable": false, "Startup Cost": 952.12, "Total Cost": 952.12, "Plan Rows": 4.0, "Plan Width": 8, "Actual Rows": 1, "Actual Loops": 2, "Hash Buckets": 1024, "Original Hash Buckets": 1024, "Hash Batches": 1, "Original Hash Batches": 1, "Peak Memory Usage": 9, "Workers": [], "Plans": [{"Node Type": "Nested Loop", "Parent Relationship": "Outer", "Parallel Aware": false, "Async Capable": false, "Join Type": "Inner", "Startup Cost": 0.42, "Total Cost": 952.12, "Plan Rows": 4.0, "Plan Width": 8, "Actual Rows": 1, "Actual Loops": 2, "Inner Unique": false, "Workers": [], "Plans": [{"Node Type": "Seq Scan", "Parent Relationship": "Outer", "Parallel Aware": false, "Async Capable": false, "Relation Name": "users", "Alias": "u", "Startup Cost": 0.0, "Total Cost": 901.88, "Plan Rows": 2, "Plan Width": 4, "Actual Rows": 5, "Actual Loops": 2, "Filter": "((creationdate <= '2013-07-02 01:08:00'::timestamp without time zone) AND (upvotes = 152))", "Rows Removed by Filter": 40320, "Workers": []}, {"Node Type": "Index Scan", "Parent Relationship": "Inner", "Parallel Aware": false, "Async Capable": false, "Scan Direction": "Forward", "Index Name": "idx_votes_userid", "Relation Name": "votes", "Alias": "v", "Startup Cost": 0.42, "Total Cost": 25.11, "Plan Rows": 1, "Plan Width": 4, "Actual Rows": 0, "Actual Loops": 10, "Index Cond": "(userid = u.id)", "Rows Removed by Index Recheck": 0, "Filter": "(bountyamount <= 53)", "Rows Removed by Filter": 67, "Workers": []}]}]}]}]}]}, "Planning Time": 1.789, "Triggers": [], "Execution Time": 24.096}, {"Plan": {"Node Type": "Aggregate", "Strategy": "Plain", "Partial Mode": "Simple", "Parallel Aware": false, "Async Capable": false, "Startup Cost": 957.23, "Total Cost": 957.24, "Plan Rows": 1, "Plan Width": 8, "Actual Rows": 1, "Actual Loops": 1, "Plans": [{"Node Type": "Nested Loop", "Parent Relationship": "Outer", "Parallel Aware": false, "Async Capable": false, "Join Type": "Inner", "Startup Cost": 0.72, "Total Cost": 957.23, "Plan Rows": 4.0, "Plan Width": 0, "Actual Rows": 51, "Actual Loops": 1, "Inner Unique": false, "Join Filter": "(c.userid = u.id)", "Rows Removed by Join Filter": 0, "Plans": [{"Node Type": "Nested Loop", "Parent Relationship": "Outer", "Parallel Aware": false, "Async Capable": false, "Join Type": "Inner", "Startup Cost": 0.42, "Total Cost": 952.12, "Plan Rows": 4.0, "Plan Width": 8, "Actual Rows": 1, "Actual Loops": 1, "Inner Unique": false, "Plans": [{"Node Type": "Seq Scan", "Parent Relationship": "Outer", "Parallel Aware": false, "Async Capable": false, "Relation Name": "users", "Alias": "u", "Startup Cost": 0.0, "Total Cost": 901.88, "Plan Rows": 2, "Plan Width": 4, "Actual Rows": 5, "Actual Loops": 1, "Filter": "((creationdate <= '2013-07-02 01:08:00'::timestamp without time zone) AND (upvotes = 152))", "Rows Removed by Filter": 40320}, {"Node Type": "Index Scan", "Parent Relationship": "Inner", "Parallel Aware": false, "Async Capable": false, "Scan Direction": "Forward", "Index Name": "idx_votes_userid", "Relation Name": "votes", "Alias": "v", "Startup Cost": 0.42, "Total Cost": 25.11, "Plan Rows": 1, "Plan Width": 4, "Actual Rows": 0, "Actual Loops": 5, "Index Cond": "(userid = u.id)", "Rows Removed by Index Recheck": 0, "Filter": "(bountyamount <= 53)", "Rows Removed by Filter": 67}]}, {"Node Type": "Index Scan", "Parent Relationship": "Inner", "Parallel Aware": false, "Async Capable": false, "Scan Direction": "Forward", "Index Name": "idx_comments_userid", "Relation Name": "comments", "Alias": "c", "Startup Cost": 0.29, "Total Cost": 5.06, "Plan Rows": 4, "Plan Width": 4, "Actual Rows": 51, "Actual Loops": 1, "Index Cond": "(userid = v.userid)", "Rows Removed by Index Recheck": 0, "Filter": "((creationdate >= '2012-10-06 12:10:17'::timestamp without time zone) AND (creationdate <= '2013-12-03 12:13:26'::timestamp without time zone))", "Rows Removed by Filter": 48}]}]}, "Planning Time": 0.922, "Triggers": [], "Execution Time": 2.669}, {"Plan": {"Node Type": "Aggregate", "Strategy": "Plain", "Partial Mode": "Simple", "Parallel Aware": false, "Async Capable": false, "Startup Cost": 2303.86, "Total Cost": 2303.87, "Plan Rows": 1, "Plan Width": 8, "Actual Rows": 1, "Actual Loops": 1, "Plans": [{"Node Type": "Merge Join", "Parent Relationship": "Outer", "Parallel Aware": false, "Async Capable": false, "Join Type": "Inner", "Startup Cost": 993.85, "Total Cost": 2303.86, "Plan Rows": 4.0, "Plan Width": 0, "Actual Rows": 51, "Actual Loops": 1, "Inner Unique": false, "Merge Cond": "(v.userid = u.id)", "Plans": [{"Node Type": "Index Scan", "Parent Relationship": "Outer", "Parallel Aware": false, "Async Capable": false, "Scan Direction": "Forward", "Index Name": "idx_votes_userid", "Relation Name": "votes", "Alias": "v", "Startup Cost": 0.42, "Total Cost": 12422.47, "Plan Rows": 1271, "Plan Width": 4, "Actual Rows": 552, "Actual Loops": 1, "Filter": "(bountyamount <= 53)", "Rows Removed by Filter": 22720}, {"Node Type": "Sort", "Parent Relationship": "Inner", "Parallel Aware": false, "Async Capable": false, "Startup Cost": 993.43, "Total Cost": 993.44, "Plan Rows": 1.0, "Plan Width": 8, "Actual Rows": 92, "Actual Loops": 1, "Sort Key": ["c.userid"], "Sort Method": "quicksort", "Sort Space Used": 27, "Sort Space Type": "Memory", "Plans": [{"Node Type": "Nested Loop", "Parent Relationship": "Outer", "Parallel Aware": false, "Async Capable": false, "Join Type": "Inner", "Startup Cost": 0.29, "Total Cost": 993.41, "Plan Rows": 1.0, "Plan Width": 8, "Actual Rows": 92, "Actual Loops": 1, "Inner Unique": false, "Plans": [{"Node Type": "Seq Scan", "Parent Relationship": "Outer", "Parallel Aware": false, "Async Capable": false, "Relation Name": "users", "Alias": "u", "Startup Cost": 0.0, "Total Cost": 901.88, "Plan Rows": 2, "Plan Width": 4, "Actual Rows": 5, "Actual Loops": 1, "Filter": "((creationdate <= '2013-07-02 01:08:00'::timestamp without time zone) AND (upvotes = 152))", "Rows Removed by Filter": 40320}, {"Node Type": "Index Scan", "Parent Relationship": "Inner", "Parallel Aware": false, "Async Capable": false, "Scan Direction": "Forward", "Index Name": "idx_comments_userid", "Relation Name": "comments", "Alias": "c", "Startup Cost": 0.29, "Total Cost": 45.73, "Plan Rows": 4, "Plan Width": 4, "Actual Rows": 18, "Actual Loops": 5, "Index Cond": "(userid = u.id)", "Rows Removed by Index Recheck": 0, "Filter": "((creationdate >= '2012-10-06 12:10:17'::timestamp without time zone) AND (creationdate <= '2013-12-03 12:13:26'::timestamp without time zone))", "Rows Removed by Filter": 29}]}]}]}]}, "Planning Time": 0.832, "Triggers": [], "Execution Time": 23.652}, {"Plan": {"Node Type": "Aggregate", "Strategy": "Plain", "Partial Mode": "Simple", "Parallel Aware": false, "Async Capable": false, "Startup Cost": 10309.66, "Total Cost": 10309.67, "Plan Rows": 1, "Plan Width": 8, "Actual Rows": 1, "Actual Loops": 1, "Plans": [{"Node Type": "Gather", "Parent Relationship": "Outer", "Parallel Aware": false, "Async Capable": false, "Startup Cost": 1902.19, "Total Cost": 10309.66, "Plan Rows": 1, "Plan Width": 0, "Actual Rows": 51, "Actual Loops": 1, "Workers Planned": 1, "Workers Launched": 1, "Single Copy": false, "Plans": [{"Node Type": "Hash Join", "Parent Relationship": "Outer", "Parallel Aware": false, "Async Capable": false, "Join Type": "Inner", "Startup Cost": 902.19, "Total Cost": 9309.56, "Plan Rows": 4.0, "Plan Width": 0, "Actual Rows": 26, "Actual Loops": 2, "Inner Unique": true, "Hash Cond": "(c.userid = u.id)", "Workers": [], "Plans": [{"Node Type": "Nested Loop", "Parent Relationship": "Outer", "Parallel Aware": false, "Async Capable": false, "Join Type": "Inner", "Startup Cost": 0.29, "Total Cost": 8387.09, "Plan Rows": 4761.0, "Plan Width": 8, "Actual Rows": 67310, "Actual Loops": 2, "Inner Unique": false, "Workers": [], "Plans": [{"Node Type": "Seq Scan", "Parent Relationship": "Outer", "Parallel Aware": true, "Async Capable": false, "Relation Name": "votes", "Alias": "v", "Startup Cost": 0.0, "Total Cost": 4572.24, "Plan Rows": 748, "Plan Width": 4, "Actual Rows": 650, "Actual Loops": 2, "Filter": "(bountyamount <= 53)", "Rows Removed by Filter": 163382, "Workers": []}, {"Node Type": "Index Scan", "Parent Relationship": "Inner", "Parallel Aware": false, "Async Capable": false, "Scan Direction": "Forward", "Index Name": "idx_comments_userid", "Relation Name": "comments", "Alias": "c", "Startup Cost": 0.29, "Total Cost": 5.06, "Plan Rows": 4, "Plan Width": 4, "Actual Rows": 103, "Actual Loops": 1301, "Index Cond": "(userid = v.userid)", "Rows Removed by Index Recheck": 0, "Filter": "((creationdate >= '2012-10-06 12:10:17'::timestamp without time zone) AND (creationdate <= '2013-12-03 12:13:26'::timestamp without time zone))", "Rows Removed by Filter": 171, "Workers": []}]}, {"Node Type": "Hash", "Parent Relationship": "Inner", "Parallel Aware": false, "Async Capable": false, "Startup Cost": 901.88, "Total Cost": 901.88, "Plan Rows": 2, "Plan Width": 4, "Actual Rows": 5, "Actual Loops": 2, "Hash Buckets": 1024, "Original Hash Buckets": 1024, "Hash Batches": 1, "Original Hash Batches": 1, "Peak Memory Usage": 9, "Workers": [], "Plans": [{"Node Type": "Seq Scan", "Parent Relationship": "Outer", "Parallel Aware": false, "Async Capable": false, "Relation Name": "users", "Alias": "u", "Startup Cost": 0.0, "Total Cost": 901.88, "Plan Rows": 2, "Plan Width": 4, "Actual Rows": 5, "Actual Loops": 2, "Filter": "((creationdate <= '2013-07-02 01:08:00'::timestamp without time zone) AND (upvotes = 152))", "Rows Removed by Filter": 40320, "Workers": []}]}]}]}]}, "Planning Time": 3.293, "Triggers": [], "Execution Time": 126.872}, {"Plan": {"Node Type": "Aggregate", "Strategy": "Plain", "Partial Mode": "Simple", "Parallel Aware": false, "Async Capable": false, "Startup Cost": 2217.42, "Total Cost": 2217.43, "Plan Rows": 1, "Plan Width": 8, "Actual Rows": 1, "Actual Loops": 1, "Plans": [{"Node Type": "Nested Loop", "Parent Relationship": "Outer", "Parallel Aware": false, "Async Capable": false, "Join Type": "Inner", "Startup Cost": 902.6, "Total Cost": 2217.41, "Plan Rows": 4.0, "Plan Width": 0, "Actual Rows": 51, "Actual Loops": 1, "Inner Unique": false, "Join Filter": "(c.userid = u.id)", "Rows Removed by Join Filter": 0, "Plans": [{"Node Type": "Merge Join", "Parent Relationship": "Outer", "Parallel Aware": false, "Async Capable": false, "Join Type": "Inner", "Startup Cost": 902.31, "Total Cost": 2212.3, "Plan Rows": 4.0, "Plan Width": 8, "Actual Rows": 1, "Actual Loops": 1, "Inner Unique": true, "Merge Cond": "(v.userid = u.id)", "Plans": [{"Node Type": "Index Scan", "Parent Relationship": "Outer", "Parallel Aware": false, "Async Capable": false, "Scan Direction": "Forward", "Index Name": "idx_votes_userid", "Relation Name": "votes", "Alias": "v", "Startup Cost": 0.42, "Total Cost": 12422.47, "Plan Rows": 1271, "Plan Width": 4, "Actual Rows": 552, "Actual Loops": 1, "Filter": "(bountyamount <= 53)", "Rows Removed by Filter": 22720}, {"Node Type": "Sort", "Parent Relationship": "Inner", "Parallel Aware": false, "Async Capable": false, "Startup Cost": 901.88, "Total Cost": 901.89, "Plan Rows": 2, "Plan Width": 4, "Actual Rows": 5, "Actual Loops": 1, "Sort Key": ["u.id"], "Sort Method": "quicksort", "Sort Space Used": 25, "Sort Space Type": "Memory", "Plans": [{"Node Type": "Seq Scan", "Parent Relationship": "Outer", "Parallel Aware": false, "Async Capable": false, "Relation Name": "users", "Alias": "u", "Startup Cost": 0.0, "Total Cost": 901.88, "Plan Rows": 2, "Plan Width": 4, "Actual Rows": 5, "Actual Loops": 1, "Filter": "((creationdate <= '2013-07-02 01:08:00'::timestamp without time zone) AND (upvotes = 152))", "Rows Removed by Filter": 40320}]}]}, {"Node Type": "Index Scan", "Parent Relationship": "Inner", "Parallel Aware": false, "Async Capable": false, "Scan Direction": "Forward", "Index Name": "idx_comments_userid", "Relation Name": "comments", "Alias": "c", "Startup Cost": 0.29, "Total Cost": 5.06, "Plan Rows": 4, "Plan Width": 4, "Actual Rows": 51, "Actual Loops": 1, "Index Cond": "(userid = v.userid)", "Rows Removed by Index Recheck": 0, "Filter": "((creationdate >= '2012-10-06 12:10:17'::timestamp without time zone) AND (creationdate <= '2013-12-03 12:13:26'::timestamp without time zone))", "Rows Removed by Filter": 48}]}]}, "Planning Time": 1.399, "Triggers": [], "Execution Time": 20.765}, {"Plan": {"Node Type": "Aggregate", "Strategy": "Plain", "Partial Mode": "Simple", "Parallel Aware": false, "Async Capable": false, "Startup Cost": 995.77, "Total Cost": 995.78, "Plan Rows": 1, "Plan Width": 8, "Actual Rows": 1, "Actual Loops": 1, "Plans": [{"Node Type": "Nested Loop", "Parent Relationship": "Outer", "Parallel Aware": false, "Async Capable": false, "Join Type": "Inner", "Startup Cost": 0.72, "Total Cost": 995.77, "Plan Rows": 4.0, "Plan Width": 0, "Actual Rows": 51, "Actual Loops": 1, "Inner Unique": false, "Join Filter": "(v.userid = u.id)", "Rows Removed by Join Filter": 0, "Plans": [{"Node Type": "Nested Loop", "Parent Relationship": "Outer", "Parallel Aware": false, "Async Capable": false, "Join Type": "Inner", "Startup Cost": 0.29, "Total Cost": 993.41, "Plan Rows": 1.0, "Plan Width": 8, "Actual Rows": 92, "Actual Loops": 1, "Inner Unique": false, "Plans": [{"Node Type": "Seq Scan", "Parent Relationship": "Outer", "Parallel Aware": false, "Async Capable": false, "Relation Name": "users", "Alias": "u", "Startup Cost": 0.0, "Total Cost": 901.88, "Plan Rows": 2, "Plan Width": 4, "Actual Rows": 5, "Actual Loops": 1, "Filter": "((creationdate <= '2013-07-02 01:08:00'::timestamp without time zone) AND (upvotes = 152))", "Rows Removed by Filter": 40320}, {"Node Type": "Index Scan", "Parent Relationship": "Inner", "Parallel Aware": false, "Async Capable": false, "Scan Direction": "Forward", "Index Name": "idx_comments_userid", "Relation Name": "comments", "Alias": "c", "Startup Cost": 0.29, "Total Cost": 45.73, "Plan Rows": 4, "Plan Width": 4, "Actual Rows": 18, "Actual Loops": 5, "Index Cond": "(userid = u.id)", "Rows Removed by Index Recheck": 0, "Filter": "((creationdate >= '2012-10-06 12:10:17'::timestamp without time zone) AND (creationdate <= '2013-12-03 12:13:26'::timestamp without time zone))", "Rows Removed by Filter": 29}]}, {"Node Type": "Index Scan", "Parent Relationship": "Inner", "Parallel Aware": false, "Async Capable": false, "Scan Direction": "Forward", "Index Name": "idx_votes_userid", "Relation Name": "votes", "Alias": "v", "Startup Cost": 0.42, "Total Cost": 0.77, "Plan Rows": 1, "Plan Width": 4, "Actual Rows": 1, "Actual Loops": 92, "Index Cond": "(userid = c.userid)", "Rows Removed by Index Recheck": 0, "Filter": "(bountyamount <= 53)", "Rows Removed by Filter": 42}]}]}, "Planning Time": 0.821, "Triggers": [], "Execution Time": 3.088}]