[{"Plan": {"Node Type": "Aggregate", "Strategy": "Plain", "Partial Mode": "Simple", "Parallel Aware": false, "Async Capable": false, "Startup Cost": 3397.68, "Total Cost": 3397.69, "Plan Rows": 1, "Plan Width": 8, "Actual Rows": 1, "Actual Loops": 1, "Plans": [{"Node Type": "Nested Loop", "Parent Relationship": "Outer", "Parallel Aware": false, "Async Capable": false, "Join Type": "Inner", "Startup Cost": 2922.33, "Total Cost": 3396.67, "Plan Rows": 1467.0, "Plan Width": 0, "Actual Rows": 64058, "Actual Loops": 1, "Inner Unique": false, "Join Filter": "(p.id = ph.postid)", "Rows Removed by Join Filter": 0, "Plans": [{"Node Type": "Nested Loop", "Parent Relationship": "Outer", "Parallel Aware": false, "Async Capable": false, "Join Type": "Inner", "Startup Cost": 2921.9, "Total Cost": 3316.59, "Plan Rows": 551.0, "Plan Width": 16, "Actual Rows": 8567, "Actual Loops": 1, "Inner Unique": false, "Join Filter": "(p.id = v.postid)", "Rows Removed by Join Filter": 0, "Plans": [{"Node Type": "Nested Loop", "Parent Relationship": "Outer", "Parallel Aware": false, "Async Capable": false, "Join Type": "Inner", "Startup Cost": 2921.48, "Total Cost": 3280.72, "Plan Rows": 24.0, "Plan Width": 12, "Actual Rows": 511, "Actual Loops": 1, "Inner Unique": false, "Join Filter": "(c.postid = p.id)", "Rows Removed by Join Filter": 0, "Plans": [{"Node Type": "Hash Join", "Parent Relationship": "Outer", "Parallel Aware": false, "Async Capable": false, "Join Type": "Inner", "Startup Cost": 2921.06, "Total Cost": 3184.55, "Plan Rows": 14.0, "Plan Width": 8, "Actual Rows": 666, "Actual Loops": 1, "Inner Unique": true, "Hash Cond": "(pl.postid = p.id)", "Plans": [{"Node Type": "Seq Scan", "Parent Relationship": "Outer", "Parallel Aware": false, "Async Capable": false, "Relation Name": "postlinks", "Alias": "pl", "Startup Cost": 0.0, "Total Cost": 248.53, "Plan Rows": 5700, "Plan Width": 4, "Actual Rows": 5792, "Actual Loops": 1, "Filter": "((creationdate <= '2013-09-30 02:34:03'::timestamp without time zone) AND (linktypeid = 1))", "Rows Removed by Filter": 5310}, {"Node Type": "Hash", "Parent Relationship": "Inner", "Parallel Aware": false, "Async Capable": false, "Startup Cost": 2909.46, "Total Cost": 2909.46, "Plan Rows": 928, "Plan Width": 4, "Actual Rows": 1261, "Actual Loops": 1, "Hash Buckets": 2048, "Original Hash Buckets": 1024, "Hash Batches": 1, "Original Hash Batches": 1, "Peak Memory Usage": 61, "Plans": [{"Node Type": "Seq Scan", "Parent Relationship": "Outer", "Parallel Aware": false, "Async Capable": false, "Relation Name": "posts", "Alias": "p", "Startup Cost": 0.0, "Total Cost": 2909.46, "Plan Rows": 928, "Plan Width": 4, "Actual Rows": 1261, "Actual Loops": 1, "Filter": "((score <= 52) AND (favoritecount >= 5) AND (favoritecount <= 38) AND (creationdate >= '2010-06-05 03:30:30'::timestamp without time zone) AND (creationdate <= '2013-12-10 23:58:44'::timestamp without time zone))", "Rows Removed by Filter": 90715}]}]}, {"Node Type": "Index Scan", "Parent Relationship": "Inner", "Parallel Aware": false, "Async Capable": false, "Scan Direction": "Forward", "Index Name": "idx_comments_postid", "Relation Name": "comments", "Alias": "c", "Startup Cost": 0.42, "Total Cost": 1.63, "Plan Rows": 2, "Plan Width": 4, "Actual Rows": 1, "Actual Loops": 666, "Index Cond": "(postid = pl.postid)", "Rows Removed by Index Recheck": 0, "Filter": "(creationdate >= '2013-05-27 18:05:52'::timestamp without time zone)", "Rows Removed by Filter": 3}]}, {"Node Type": "Index Scan", "Parent Relationship": "Inner", "Parallel Aware": false, "Async Capable": false, "Scan Direction": "Forward", "Index Name": "idx_votes_postid", "Relation Name": "votes", "Alias": "v", "Startup Cost": 0.42, "Total Cost": 0.65, "Plan Rows": 4, "Plan Width": 4, "Actual Rows": 17, "Actual Loops": 511, "Index Cond": "(postid = c.postid)", "Rows Removed by Index Recheck": 0, "Filter": "(creationdate <= '2014-01-07 01:12:00'::timestamp without time zone)", "Rows Removed by Filter": 6}]}, {"Node Type": "Index Scan", "Parent Relationship": "Inner", "Parallel Aware": false, "Async Capable": false, "Scan Direction": "Forward", "Index Name": "idx_posthistory_postid", "Relation Name": "posthistory", "Alias": "ph", "Startup Cost": 0.42, "Total Cost": 0.55, "Plan Rows": 3, "Plan Width": 4, "Actual Rows": 7, "Actual Loops": 8567, "Index Cond": "(postid = v.postid)", "Rows Removed by Index Recheck": 0, "Filter": "(creationdate >= '2011-06-22 16:32:17'::timestamp without time zone)", "Rows Removed by Filter": 1}]}]}, "Planning Time": 5.208, "Triggers": [], "Execution Time": 48.848}, {"Plan": {"Node Type": "Aggregate", "Strategy": "Plain", "Partial Mode": "Simple", "Parallel Aware": false, "Async Capable": false, "Startup Cost": 3408.54, "Total Cost": 3408.55, "Plan Rows": 1, "Plan Width": 8, "Actual Rows": 1, "Actual Loops": 1, "Plans": [{"Node Type": "Nested Loop", "Parent Relationship": "Outer", "Parallel Aware": false, "Async Capable": false, "Join Type": "Inner", "Startup Cost": 2922.33, "Total Cost": 3407.52, "Plan Rows": 1467.0, "Plan Width": 0, "Actual Rows": 64058, "Actual Loops": 1, "Inner Unique": false, "Join Filter": "(p.id = v.postid)", "Rows Removed by Join Filter": 0, "Plans": [{"Node Type": "Nested Loop", "Parent Relationship": "Outer", "Parallel Aware": false, "Async Capable": false, "Join Type": "Inner", "Startup Cost": 2921.9, "Total Cost": 3315.18, "Plan Rows": 70.0, "Plan Width": 16, "Actual Rows": 4093, "Actual Loops": 1, "Inner Unique": false, "Join Filter": "(p.id = ph.postid)", "Rows Removed by Join Filter": 0, "Plans": [{"Node Type": "Nested Loop", "Parent Relationship": "Outer", "Parallel Aware": false, "Async Capable": false, "Join Type": "Inner", "Startup Cost": 2921.48, "Total Cost": 3280.72, "Plan Rows": 24.0, "Plan Width": 12, "Actual Rows": 511, "Actual Loops": 1, "Inner Unique": false, "Join Filter": "(c.postid = p.id)", "Rows Removed by Join Filter": 0, "Plans": [{"Node Type": "Hash Join", "Parent Relationship": "Outer", "Parallel Aware": false, "Async Capable": false, "Join Type": "Inner", "Startup Cost": 2921.06, "Total Cost": 3184.55, "Plan Rows": 14.0, "Plan Width": 8, "Actual Rows": 666, "Actual Loops": 1, "Inner Unique": true, "Hash Cond": "(pl.postid = p.id)", "Plans": [{"Node Type": "Seq Scan", "Parent Relationship": "Outer", "Parallel Aware": false, "Async Capable": false, "Relation Name": "postlinks", "Alias": "pl", "Startup Cost": 0.0, "Total Cost": 248.53, "Plan Rows": 5700, "Plan Width": 4, "Actual Rows": 5792, "Actual Loops": 1, "Filter": "((creationdate <= '2013-09-30 02:34:03'::timestamp without time zone) AND (linktypeid = 1))", "Rows Removed by Filter": 5310}, {"Node Type": "Hash", "Parent Relationship": "Inner", "Parallel Aware": false, "Async Capable": false, "Startup Cost": 2909.46, "Total Cost": 2909.46, "Plan Rows": 928, "Plan Width": 4, "Actual Rows": 1261, "Actual Loops": 1, "Hash Buckets": 2048, "Original Hash Buckets": 1024, "Hash Batches": 1, "Original Hash Batches": 1, "Peak Memory Usage": 61, "Plans": [{"Node Type": "Seq Scan", "Parent Relationship": "Outer", "Parallel Aware": false, "Async Capable": false, "Relation Name": "posts", "Alias": "p", "Startup Cost": 0.0, "Total Cost": 2909.46, "Plan Rows": 928, "Plan Width": 4, "Actual Rows": 1261, "Actual Loops": 1, "Filter": "((score <= 52) AND (favoritecount >= 5) AND (favoritecount <= 38) AND (creationdate >= '2010-06-05 03:30:30'::timestamp without time zone) AND (creationdate <= '2013-12-10 23:58:44'::timestamp without time zone))", "Rows Removed by Filter": 90715}]}]}, {"Node Type": "Index Scan", "Parent Relationship": "Inner", "Parallel Aware": false, "Async Capable": false, "Scan Direction": "Forward", "Index Name": "idx_comments_postid", "Relation Name": "comments", "Alias": "c", "Startup Cost": 0.42, "Total Cost": 1.63, "Plan Rows": 2, "Plan Width": 4, "Actual Rows": 1, "Actual Loops": 666, "Index Cond": "(postid = pl.postid)", "Rows Removed by Index Recheck": 0, "Filter": "(creationdate >= '2013-05-27 18:05:52'::timestamp without time zone)", "Rows Removed by Filter": 3}]}, {"Node Type": "Index Scan", "Parent Relationship": "Inner", "Parallel Aware": false, "Async Capable": false, "Scan Direction": "Forward", "Index Name": "idx_posthistory_postid", "Relation Name": "posthistory", "Alias": "ph", "Startup Cost": 0.42, "Total Cost": 0.64, "Plan Rows": 3, "Plan Width": 4, "Actual Rows": 8, "Actual Loops": 511, "Index Cond": "(postid = c.postid)", "Rows Removed by Index Recheck": 0, "Filter": "(creationdate >= '2011-06-22 16:32:17'::timestamp without time zone)", "Rows Removed by Filter": 0}]}, {"Node Type": "Index Scan", "Parent Relationship": "Inner", "Parallel Aware": false, "Async Capable": false, "Scan Direction": "Forward", "Index Name": "idx_votes_postid", "Relation Name": "votes", "Alias": "v", "Startup Cost": 0.42, "Total Cost": 0.56, "Plan Rows": 4, "Plan Width": 4, "Actual Rows": 16, "Actual Loops": 4093, "Index Cond": "(postid = ph.postid)", "Rows Removed by Index Recheck": 0, "Filter": "(creationdate <= '2014-01-07 01:12:00'::timestamp without time zone)", "Rows Removed by Filter": 6}]}]}, "Planning Time": 4.616, "Triggers": [], "Execution Time": 40.832}, {"Plan": {"Node Type": "Aggregate", "Strategy": "Plain", "Partial Mode": "Simple", "Parallel Aware": false, "Async Capable": false, "Startup Cost": 54160.49, "Total Cost": 54160.5, "Plan Rows": 1, "Plan Width": 8, "Actual Rows": 1, "Actual Loops": 1, "Plans": [{"Node Type": "Merge Join", "Parent Relationship": "Outer", "Parallel Aware": false, "Async Capable": false, "Join Type": "Inner", "Startup Cost": 2956.75, "Total Cost": 54159.47, "Plan Rows": 1467.0, "Plan Width": 0, "Actual Rows": 64058, "Actual Loops": 1, "Inner Unique": false, "Merge Cond": "(p.id = v.postid)", "Plans": [{"Node Type": "Merge Join", "Parent Relationship": "Outer", "Parallel Aware": false, "Async Capable": false, "Join Type": "Inner", "Startup Cost": 2955.49, "Total Cost": 3425.48, "Plan Rows": 14.0, "Plan Width": 8, "Actual Rows": 666, "Actual Loops": 1, "Inner Unique": true, "Merge Cond": "(pl.postid = p.id)", "Plans": [{"Node Type": "Index Scan", "Parent Relationship": "Outer", "Parallel Aware": false, "Async Capable": false, "Scan Direction": "Forward", "Index Name": "idx_postlinks_postid", "Relation Name": "postlinks", "Alias": "pl", "Startup Cost": 0.29, "Total Cost": 450.8, "Plan Rows": 5700, "Plan Width": 4, "Actual Rows": 5792, "Actual Loops": 1, "Filter": "((creationdate <= '2013-09-30 02:34:03'::timestamp without time zone) AND (linktypeid = 1))", "Rows Removed by Filter": 5310}, {"Node Type": "Sort", "Parent Relationship": "Inner", "Parallel Aware": false, "Async Capable": false, "Startup Cost": 2955.2, "Total Cost": 2957.52, "Plan Rows": 928, "Plan Width": 4, "Actual Rows": 1233, "Actual Loops": 1, "Sort Key": ["p.id"], "Sort Method": "quicksort", "Sort Space Used": 49, "Sort Space Type": "Memory", "Plans": [{"Node Type": "Seq Scan", "Parent Relationship": "Outer", "Parallel Aware": false, "Async Capable": false, "Relation Name": "posts", "Alias": "p", "Startup Cost": 0.0, "Total Cost": 2909.46, "Plan Rows": 928, "Plan Width": 4, "Actual Rows": 1261, "Actual Loops": 1, "Filter": "((score <= 52) AND (favoritecount >= 5) AND (favoritecount <= 38) AND (creationdate >= '2010-06-05 03:30:30'::timestamp without time zone) AND (creationdate <= '2013-12-10 23:58:44'::timestamp without time zone))", "Rows Removed by Filter": 90715}]}]}, {"Node Type": "Materialize", "Parent Relationship": "Inner", "Parallel Aware": false, "Async Capable": false, "Startup Cost": 1.27, "Total Cost": 48516.22, "Plan Rows": 71025.0, "Plan Width": 12, "Actual Rows": 456247, "Actual Loops": 1, "Plans": [{"Node Type": "Merge Join", "Parent Relationship": "Outer", "Parallel Aware": false, "Async Capable": false, "Join Type": "Inner", "Startup Cost": 1.27, "Total Cost": 46304.17, "Plan Rows": 71025.0, "Plan Width": 12, "Actual Rows": 422073, "Actual Loops": 1, "Inner Unique": false, "Merge Cond": "(v.postid = ph.postid)", "Plans": [{"Node Type": "Index Scan", "Parent Relationship": "Outer", "Parallel Aware": false, "Async Capable": false, "Scan Direction": "Forward", "Index Name": "idx_votes_postid", "Relation Name": "votes", "Alias": "v", "Startup Cost": 0.42, "Total Cost": 12794.42, "Plan Rows": 247223, "Plan Width": 4, "Actual Rows": 231923, "Actual Loops": 1, "Filter": "(creationdate <= '2014-01-07 01:12:00'::timestamp without time zone)", "Rows Removed by Filter": 24890}, {"Node Type": "Materialize", "Parent Relationship": "Inner", "Parallel Aware": false, "Async Capable": false, "Startup Cost": 0.84, "Total Cost": 20316.6, "Plan Rows": 2746.0, "Plan Width": 8, "Actual Rows": 432242, "Actual Loops": 1, "Plans": [{"Node Type": "Merge Join", "Parent Relationship": "Outer", "Parallel Aware": false, "Async Capable": false, "Join Type": "Inner", "Startup Cost": 0.84, "Total Cost": 19620.2, "Plan Rows": 2746.0, "Plan Width": 8, "Actual Rows": 93331, "Actual Loops": 1, "Inner Unique": false, "Merge Cond": "(c.postid = ph.postid)", "Plans": [{"Node Type": "Index Scan", "Parent Relationship": "Outer", "Parallel Aware": false, "Async Capable": false, "Scan Direction": "Forward", "Index Name": "idx_comments_postid", "Relation Name": "comments", "Alias": "c", "Startup Cost": 0.42, "Total Cost": 5857.0, "Plan Rows": 80967, "Plan Width": 4, "Actual Rows": 21244, "Actual Loops": 1, "Filter": "(creationdate >= '2013-05-27 18:05:52'::timestamp without time zone)", "Rows Removed by Filter": 93133}, {"Node Type": "Index Scan", "Parent Relationship": "Inner", "Parallel Aware": false, "Async Capable": false, "Scan Direction": "Forward", "Index Name": "idx_posthistory_postid", "Relation Name": "posthistory", "Alias": "ph", "Startup Cost": 0.42, "Total Cost": 9831.47, "Plan Rows": 271718, "Plan Width": 4, "Actual Rows": 225962, "Actual Loops": 1, "Filter": "(creationdate >= '2011-06-22 16:32:17'::timestamp without time zone)", "Rows Removed by Filter": 33569}]}]}]}]}]}]}, "Planning Time": 6.462, "Triggers": [], "Execution Time": 630.531}, {"Plan": {"Node Type": "Aggregate", "Strategy": "Plain", "Partial Mode": "Finalize", "Parallel Aware": false, "Async Capable": false, "Startup Cost": 20707.79, "Total Cost": 20707.8, "Plan Rows": 1, "Plan Width": 8, "Actual Rows": 1, "Actual Loops": 1, "Plans": [{"Node Type": "Gather", "Parent Relationship": "Outer", "Parallel Aware": false, "Async Capable": false, "Startup Cost": 20707.68, "Total Cost": 20707.79, "Plan Rows": 1, "Plan Width": 8, "Actual Rows": 2, "Actual Loops": 1, "Workers Planned": 1, "Workers Launched": 1, "Single Copy": false, "Plans": [{"Node Type": "Aggregate", "Strategy": "Plain", "Partial Mode": "Partial", "Parent Relationship": "Outer", "Parallel Aware": false, "Async Capable": false, "Startup Cost": 19707.68, "Total Cost": 19707.69, "Plan Rows": 1, "Plan Width": 8, "Actual Rows": 1, "Actual Loops": 2, "Workers": [], "Plans": [{"Node Type": "Hash Join", "Parent Relationship": "Outer", "Parallel Aware": false, "Async Capable": false, "Join Type": "Inner", "Startup Cost": 14614.24, "Total Cost": 19707.08, "Plan Rows": 1467.0, "Plan Width": 0, "Actual Rows": 32029, "Actual Loops": 2, "Inner Unique": false, "Hash Cond": "(p.id = pl.postid)", "Workers": [], "Plans": [{"Node Type": "Hash Join", "Parent Relationship": "Outer", "Parallel Aware": false, "Async Capable": false, "Join Type": "Inner", "Startup Cost": 2921.06, "Total Cost": 7875.06, "Plan Rows": 1519.0, "Plan Width": 8, "Actual Rows": 13122, "Actual Loops": 2, "Inner Unique": true, "Hash Cond": "(v.postid = p.id)", "Workers": [], "Plans": [{"Node Type": "Seq Scan", "Parent Relationship": "Outer", "Parallel Aware": true, "Async Capable": false, "Relation Name": "votes", "Alias": "v", "Startup Cost": 0.0, "Total Cost": 4572.24, "Plan Rows": 145425, "Plan Width": 4, "Actual Rows": 123477, "Actual Loops": 2, "Filter": "(creationdate <= '2014-01-07 01:12:00'::timestamp without time zone)", "Rows Removed by Filter": 40555, "Workers": []}, {"Node Type": "Hash", "Parent Relationship": "Inner", "Parallel Aware": false, "Async Capable": false, "Startup Cost": 2909.46, "Total Cost": 2909.46, "Plan Rows": 928, "Plan Width": 4, "Actual Rows": 1261, "Actual Loops": 2, "Hash Buckets": 2048, "Original Hash Buckets": 1024, "Hash Batches": 1, "Original Hash Batches": 1, "Peak Memory Usage": 61, "Workers": [], "Plans": [{"Node Type": "Seq Scan", "Parent Relationship": "Outer", "Parallel Aware": false, "Async Capable": false, "Relation Name": "posts", "Alias": "p", "Startup Cost": 0.0, "Total Cost": 2909.46, "Plan Rows": 928, "Plan Width": 4, "Actual Rows": 1261, "Actual Loops": 2, "Filter": "((score <= 52) AND (favoritecount >= 5) AND (favoritecount <= 38) AND (creationdate >= '2010-06-05 03:30:30'::timestamp without time zone) AND (creationdate <= '2013-12-10 23:58:44'::timestamp without time zone))", "Rows Removed by Filter": 90715, "Workers": []}]}]}, {"Node Type": "Hash", "Parent Relationship": "Inner", "Parallel Aware": false, "Async Capable": false, "Startup Cost": 11302.51, "Total Cost": 11302.51, "Plan Rows": 815.0, "Plan Width": 12, "Actual Rows": 32322, "Actual Loops": 2, "Hash Buckets": 32768, "Original Hash Buckets": 32768, "Hash Batches": 1, "Original Hash Batches": 1, "Peak Memory Usage": 1645, "Workers": [], "Plans": [{"Node Type": "Nested Loop", "Parent Relationship": "Outer", "Parallel Aware": false, "Async Capable": false, "Join Type": "Inner", "Startup Cost": 4535.32, "Total Cost": 11302.51, "Plan Rows": 815.0, "Plan Width": 12, "Actual Rows": 32322, "Actual Loops": 2, "Inner Unique": false, "Join Filter": "(pl.postid = ph.postid)", "Rows Removed by Join Filter": 0, "Workers": [], "Plans": [{"Node Type": "Hash Join", "Parent Relationship": "Outer", "Parallel Aware": false, "Async Capable": false, "Join Type": "Inner", "Startup Cost": 4534.9, "Total Cost": 5215.5, "Plan Rows": 397.0, "Plan Width": 8, "Actual Rows": 4687, "Actual Loops": 2, "Inner Unique": false, "Hash Cond": "(pl.postid = c.postid)", "Workers": [], "Plans": [{"Node Type": "Seq Scan", "Parent Relationship": "Outer", "Parallel Aware": false, "Async Capable": false, "Relation Name": "postlinks", "Alias": "pl", "Startup Cost": 0.0, "Total Cost": 248.53, "Plan Rows": 5700, "Plan Width": 4, "Actual Rows": 5792, "Actual Loops": 2, "Filter": "((creationdate <= '2013-09-30 02:34:03'::timestamp without time zone) AND (linktypeid = 1))", "Rows Removed by Filter": 5310, "Workers": []}, {"Node Type": "Hash", "Parent Relationship": "Inner", "Parallel Aware": false, "Async Capable": false, "Startup Cost": 3522.81, "Total Cost": 3522.81, "Plan Rows": 80967, "Plan Width": 4, "Actual Rows": 81172, "Actual Loops": 2, "Hash Buckets": 131072, "Original Hash Buckets": 131072, "Hash Batches": 1, "Original Hash Batches": 1, "Peak Memory Usage": 3878, "Workers": [], "Plans": [{"Node Type": "Seq Scan", "Parent Relationship": "Outer", "Parallel Aware": false, "Async Capable": false, "Relation Name": "comments", "Alias": "c", "Startup Cost": 0.0, "Total Cost": 3522.81, "Plan Rows": 80967, "Plan Width": 4, "Actual Rows": 81172, "Actual Loops": 2, "Filter": "(creationdate >= '2013-05-27 18:05:52'::timestamp without time zone)", "Rows Removed by Filter": 93133, "Workers": []}]}]}, {"Node Type": "Index Scan", "Parent Relationship": "Inner", "Parallel Aware": false, "Async Capable": false, "Scan Direction": "Forward", "Index Name": "idx_posthistory_postid", "Relation Name": "posthistory", "Alias": "ph", "Startup Cost": 0.42, "Total Cost": 0.64, "Plan Rows": 3, "Plan Width": 4, "Actual Rows": 7, "Actual Loops": 9374, "Index Cond": "(postid = c.postid)", "Rows Removed by Index Recheck": 0, "Filter": "(creationdate >= '2011-06-22 16:32:17'::timestamp without time zone)", "Rows Removed by Filter": 0, "Workers": []}]}]}]}]}]}]}, "Planning Time": 11.24, "Triggers": [], "Execution Time": 152.338}, {"Plan": {"Node Type": "Aggregate", "Strategy": "Plain", "Partial Mode": "Simple", "Parallel Aware": false, "Async Capable": false, "Startup Cost": 19792.26, "Total Cost": 19792.27, "Plan Rows": 1, "Plan Width": 8, "Actual Rows": 1, "Actual Loops": 1, "Plans": [{"Node Type": "Hash Join", "Parent Relationship": "Outer", "Parallel Aware": false, "Async Capable": false, "Join Type": "Inner", "Startup Cost": 7239.16, "Total Cost": 19791.25, "Plan Rows": 1467.0, "Plan Width": 0, "Actual Rows": 64058, "Actual Loops": 1, "Inner Unique": false, "Hash Cond": "(pl.postid = p.id)", "Plans": [{"Node Type": "Nested Loop", "Parent Relationship": "Outer", "Parallel Aware": false, "Async Capable": false, "Join Type": "Inner", "Startup Cost": 0.43, "Total Cost": 12395.43, "Plan Rows": 5310.0, "Plan Width": 8, "Actual Rows": 42116, "Actual Loops": 1, "Inner Unique": false, "Plans": [{"Node Type": "Seq Scan", "Parent Relationship": "Outer", "Parallel Aware": false, "Async Capable": false, "Relation Name": "postlinks", "Alias": "pl", "Startup Cost": 0.0, "Total Cost": 248.53, "Plan Rows": 5700, "Plan Width": 4, "Actual Rows": 5792, "Actual Loops": 1, "Filter": "((creationdate <= '2013-09-30 02:34:03'::timestamp without time zone) AND (linktypeid = 1))", "Rows Removed by Filter": 5310}, {"Node Type": "Memoize", "Parent Relationship": "Inner", "Parallel Aware": false, "Async Capable": false, "Startup Cost": 0.43, "Total Cost": 2.39, "Plan Rows": 4, "Plan Width": 4, "Actual Rows": 7, "Actual Loops": 5792, "Cache Key": "pl.postid", "Cache Mode": "logical", "Cache Hits": 1472, "Cache Misses": 4320, "Cache Evictions": 0, "Cache Overflows": 0, "Peak Memory Usage": 1320, "Plans": [{"Node Type": "Index Scan", "Parent Relationship": "Outer", "Parallel Aware": false, "Async Capable": false, "Scan Direction": "Forward", "Index Name": "idx_votes_postid", "Relation Name": "votes", "Alias": "v", "Startup Cost": 0.42, "Total Cost": 2.38, "Plan Rows": 4, "Plan Width": 4, "Actual Rows": 7, "Actual Loops": 4320, "Index Cond": "(postid = pl.postid)", "Rows Removed by Index Recheck": 0, "Filter": "(creationdate <= '2014-01-07 01:12:00'::timestamp without time zone)", "Rows Removed by Filter": 1}]}]}, {"Node Type": "Hash", "Parent Relationship": "Inner", "Parallel Aware": false, "Async Capable": false, "Startup Cost": 7208.56, "Total Cost": 7208.56, "Plan Rows": 191.0, "Plan Width": 12, "Actual Rows": 3313, "Actual Loops": 1, "Hash Buckets": 4096, "Original Hash Buckets": 4096, "Hash Batches": 1, "Original Hash Batches": 1, "Peak Memory Usage": 175, "Plans": [{"Node Type": "Nested Loop", "Parent Relationship": "Outer", "Parallel Aware": false, "Async Capable": false, "Join Type": "Inner", "Startup Cost": 2921.48, "Total Cost": 7208.56, "Plan Rows": 191.0, "Plan Width": 12, "Actual Rows": 3313, "Actual Loops": 1, "Inner Unique": false, "Join Filter": "(p.id = ph.postid)", "Rows Removed by Join Filter": 0, "Plans": [{"Node Type": "Hash Join", "Parent Relationship": "Outer", "Parallel Aware": false, "Async Capable": false, "Join Type": "Inner", "Startup Cost": 2921.06, "Total Cost": 6656.42, "Plan Rows": 89.0, "Plan Width": 8, "Actual Rows": 493, "Actual Loops": 1, "Inner Unique": true, "Hash Cond": "(c.postid = p.id)", "Plans": [{"Node Type": "Seq Scan", "Parent Relationship": "Outer", "Parallel Aware": false, "Async Capable": false, "Relation Name": "comments", "Alias": "c", "Startup Cost": 0.0, "Total Cost": 3522.81, "Plan Rows": 80967, "Plan Width": 4, "Actual Rows": 81172, "Actual Loops": 1, "Filter": "(creationdate >= '2013-05-27 18:05:52'::timestamp without time zone)", "Rows Removed by Filter": 93133}, {"Node Type": "Hash", "Parent Relationship": "Inner", "Parallel Aware": false, "Async Capable": false, "Startup Cost": 2909.46, "Total Cost": 2909.46, "Plan Rows": 928, "Plan Width": 4, "Actual Rows": 1261, "Actual Loops": 1, "Hash Buckets": 2048, "Original Hash Buckets": 1024, "Hash Batches": 1, "Original Hash Batches": 1, "Peak Memory Usage": 61, "Plans": [{"Node Type": "Seq Scan", "Parent Relationship": "Outer", "Parallel Aware": false, "Async Capable": false, "Relation Name": "posts", "Alias": "p", "Startup Cost": 0.0, "Total Cost": 2909.46, "Plan Rows": 928, "Plan Width": 4, "Actual Rows": 1261, "Actual Loops": 1, "Filter": "((score <= 52) AND (favoritecount >= 5) AND (favoritecount <= 38) AND (creationdate >= '2010-06-05 03:30:30'::timestamp without time zone) AND (creationdate <= '2013-12-10 23:58:44'::timestamp without time zone))", "Rows Removed by Filter": 90715}]}]}, {"Node Type": "Index Scan", "Parent Relationship": "Inner", "Parallel Aware": false, "Async Capable": false, "Scan Direction": "Forward", "Index Name": "idx_posthistory_postid", "Relation Name": "posthistory", "Alias": "ph", "Startup Cost": 0.42, "Total Cost": 0.64, "Plan Rows": 3, "Plan Width": 4, "Actual Rows": 7, "Actual Loops": 493, "Index Cond": "(postid = c.postid)", "Rows Removed by Index Recheck": 0, "Filter": "(creationdate >= '2011-06-22 16:32:17'::timestamp without time zone)", "Rows Removed by Filter": 1}]}]}]}]}, "Planning Time": 5.897, "Triggers": [], "Execution Time": 156.147}, {"Plan": {"Node Type": "Aggregate", "Strategy": "Plain", "Partial Mode": "Simple", "Parallel Aware": false, "Async Capable": false, "Startup Cost": 44032.89, "Total Cost": 44032.9, "Plan Rows": 1, "Plan Width": 8, "Actual Rows": 1, "Actual Loops": 1, "Plans": [{"Node Type": "Merge Join", "Parent Relationship": "Outer", "Parallel Aware": false, "Async Capable": false, "Join Type": "Inner", "Startup Cost": 2956.75, "Total Cost": 44031.87, "Plan Rows": 1467.0, "Plan Width": 0, "Actual Rows": 64058, "Actual Loops": 1, "Inner Unique": false, "Merge Cond": "(p.id = v.postid)", "Plans": [{"Node Type": "Nested Loop", "Parent Relationship": "Outer", "Parallel Aware": false, "Async Capable": false, "Join Type": "Inner", "Startup Cost": 2955.91, "Total Cost": 3521.64, "Plan Rows": 24.0, "Plan Width": 12, "Actual Rows": 511, "Actual Loops": 1, "Inner Unique": false, "Join Filter": "(c.postid = p.id)", "Rows Removed by Join Filter": 0, "Plans": [{"Node Type": "Merge Join", "Parent Relationship": "Outer", "Parallel Aware": false, "Async Capable": false, "Join Type": "Inner", "Startup Cost": 2955.49, "Total Cost": 3425.48, "Plan Rows": 14.0, "Plan Width": 8, "Actual Rows": 666, "Actual Loops": 1, "Inner Unique": true, "Merge Cond": "(pl.postid = p.id)", "Plans": [{"Node Type": "Index Scan", "Parent Relationship": "Outer", "Parallel Aware": false, "Async Capable": false, "Scan Direction": "Forward", "Index Name": "idx_postlinks_postid", "Relation Name": "postlinks", "Alias": "pl", "Startup Cost": 0.29, "Total Cost": 450.8, "Plan Rows": 5700, "Plan Width": 4, "Actual Rows": 5792, "Actual Loops": 1, "Filter": "((creationdate <= '2013-09-30 02:34:03'::timestamp without time zone) AND (linktypeid = 1))", "Rows Removed by Filter": 5310}, {"Node Type": "Sort", "Parent Relationship": "Inner", "Parallel Aware": false, "Async Capable": false, "Startup Cost": 2955.2, "Total Cost": 2957.52, "Plan Rows": 928, "Plan Width": 4, "Actual Rows": 1233, "Actual Loops": 1, "Sort Key": ["p.id"], "Sort Method": "quicksort", "Sort Space Used": 49, "Sort Space Type": "Memory", "Plans": [{"Node Type": "Seq Scan", "Parent Relationship": "Outer", "Parallel Aware": false, "Async Capable": false, "Relation Name": "posts", "Alias": "p", "Startup Cost": 0.0, "Total Cost": 2909.46, "Plan Rows": 928, "Plan Width": 4, "Actual Rows": 1261, "Actual Loops": 1, "Filter": "((score <= 52) AND (favoritecount >= 5) AND (favoritecount <= 38) AND (creationdate >= '2010-06-05 03:30:30'::timestamp without time zone) AND (creationdate <= '2013-12-10 23:58:44'::timestamp without time zone))", "Rows Removed by Filter": 90715}]}]}, {"Node Type": "Index Scan", "Parent Relationship": "Inner", "Parallel Aware": false, "Async Capable": false, "Scan Direction": "Forward", "Index Name": "idx_comments_postid", "Relation Name": "comments", "Alias": "c", "Startup Cost": 0.42, "Total Cost": 1.63, "Plan Rows": 2, "Plan Width": 4, "Actual Rows": 1, "Actual Loops": 666, "Index Cond": "(postid = pl.postid)", "Rows Removed by Index Recheck": 0, "Filter": "(creationdate >= '2013-05-27 18:05:52'::timestamp without time zone)", "Rows Removed by Filter": 3}]}, {"Node Type": "Materialize", "Parent Relationship": "Inner", "Parallel Aware": false, "Async Capable": false, "Startup Cost": 0.84, "Total Cost": 38347.59, "Plan Rows": 39774.0, "Plan Width": 8, "Actual Rows": 715507, "Actual Loops": 1, "Plans": [{"Node Type": "Merge Join", "Parent Relationship": "Outer", "Parallel Aware": false, "Async Capable": false, "Join Type": "Inner", "Startup Cost": 0.84, "Total Cost": 36189.86, "Plan Rows": 39774.0, "Plan Width": 8, "Actual Rows": 660949, "Actual Loops": 1, "Inner Unique": false, "Merge Cond": "(v.postid = ph.postid)", "Plans": [{"Node Type": "Index Scan", "Parent Relationship": "Outer", "Parallel Aware": false, "Async Capable": false, "Scan Direction": "Forward", "Index Name": "idx_votes_postid", "Relation Name": "votes", "Alias": "v", "Startup Cost": 0.42, "Total Cost": 12794.42, "Plan Rows": 247223, "Plan Width": 4, "Actual Rows": 231923, "Actual Loops": 1, "Filter": "(creationdate <= '2014-01-07 01:12:00'::timestamp without time zone)", "Rows Removed by Filter": 24890}, {"Node Type": "Materialize", "Parent Relationship": "Inner", "Parallel Aware": false, "Async Capable": false, "Startup Cost": 0.42, "Total Cost": 10510.77, "Plan Rows": 271718, "Plan Width": 4, "Actual Rows": 676641, "Actual Loops": 1, "Plans": [{"Node Type": "Index Scan", "Parent Relationship": "Outer", "Parallel Aware": false, "Async Capable": false, "Scan Direction": "Forward", "Index Name": "idx_posthistory_postid", "Relation Name": "posthistory", "Alias": "ph", "Startup Cost": 0.42, "Total Cost": 9831.47, "Plan Rows": 271718, "Plan Width": 4, "Actual Rows": 160197, "Actual Loops": 1, "Filter": "(creationdate >= '2011-06-22 16:32:17'::timestamp without time zone)", "Rows Removed by Filter": 31483}]}]}]}]}]}, "Planning Time": 6.169, "Triggers": [], "Execution Time": 617.63}, {"Plan": {"Node Type": "Aggregate", "Strategy": "Plain", "Partial Mode": "Simple", "Parallel Aware": false, "Async Capable": false, "Startup Cost": 20662.96, "Total Cost": 20662.97, "Plan Rows": 1, "Plan Width": 8, "Actual Rows": 1, "Actual Loops": 1, "Plans": [{"Node Type": "Hash Join", "Parent Relationship": "Outer", "Parallel Aware": false, "Async Capable": false, "Join Type": "Inner", "Startup Cost": 13690.96, "Total Cost": 20661.95, "Plan Rows": 1467.0, "Plan Width": 0, "Actual Rows": 64058, "Actual Loops": 1, "Inner Unique": false, "Hash Cond": "(pl.postid = p.id)", "Plans": [{"Node Type": "Nested Loop", "Parent Relationship": "Outer", "Parallel Aware": false, "Async Capable": false, "Join Type": "Inner", "Startup Cost": 4535.32, "Total Cost": 11302.51, "Plan Rows": 815.0, "Plan Width": 12, "Actual Rows": 32322, "Actual Loops": 1, "Inner Unique": false, "Join Filter": "(pl.postid = ph.postid)", "Rows Removed by Join Filter": 0, "Plans": [{"Node Type": "Hash Join", "Parent Relationship": "Outer", "Parallel Aware": false, "Async Capable": false, "Join Type": "Inner", "Startup Cost": 4534.9, "Total Cost": 5215.5, "Plan Rows": 397.0, "Plan Width": 8, "Actual Rows": 4687, "Actual Loops": 1, "Inner Unique": false, "Hash Cond": "(pl.postid = c.postid)", "Plans": [{"Node Type": "Seq Scan", "Parent Relationship": "Outer", "Parallel Aware": false, "Async Capable": false, "Relation Name": "postlinks", "Alias": "pl", "Startup Cost": 0.0, "Total Cost": 248.53, "Plan Rows": 5700, "Plan Width": 4, "Actual Rows": 5792, "Actual Loops": 1, "Filter": "((creationdate <= '2013-09-30 02:34:03'::timestamp without time zone) AND (linktypeid = 1))", "Rows Removed by Filter": 5310}, {"Node Type": "Hash", "Parent Relationship": "Inner", "Parallel Aware": false, "Async Capable": false, "Startup Cost": 3522.81, "Total Cost": 3522.81, "Plan Rows": 80967, "Plan Width": 4, "Actual Rows": 81172, "Actual Loops": 1, "Hash Buckets": 131072, "Original Hash Buckets": 131072, "Hash Batches": 1, "Original Hash Batches": 1, "Peak Memory Usage": 3878, "Plans": [{"Node Type": "Seq Scan", "Parent Relationship": "Outer", "Parallel Aware": false, "Async Capable": false, "Relation Name": "comments", "Alias": "c", "Startup Cost": 0.0, "Total Cost": 3522.81, "Plan Rows": 80967, "Plan Width": 4, "Actual Rows": 81172, "Actual Loops": 1, "Filter": "(creationdate >= '2013-05-27 18:05:52'::timestamp without time zone)", "Rows Removed by Filter": 93133}]}]}, {"Node Type": "Index Scan", "Parent Relationship": "Inner", "Parallel Aware": false, "Async Capable": false, "Scan Direction": "Forward", "Index Name": "idx_posthistory_postid", "Relation Name": "posthistory", "Alias": "ph", "Startup Cost": 0.42, "Total Cost": 0.64, "Plan Rows": 3, "Plan Width": 4, "Actual Rows": 7, "Actual Loops": 4687, "Index Cond": "(postid = c.postid)", "Rows Removed by Index Recheck": 0, "Filter": "(creationdate >= '2011-06-22 16:32:17'::timestamp without time zone)", "Rows Removed by Filter": 0}]}, {"Node Type": "Hash", "Parent Relationship": "Inner", "Parallel Aware": false, "Async Capable": false, "Startup Cost": 9124.46, "Total Cost": 9124.46, "Plan Rows": 1519.0, "Plan Width": 8, "Actual Rows": 26244, "Actual Loops": 1, "Hash Buckets": 32768, "Original Hash Buckets": 4096, "Hash Batches": 1, "Original Hash Batches": 1, "Peak Memory Usage": 1282, "Plans": [{"Node Type": "Gather", "Parent Relationship": "Outer", "Parallel Aware": false, "Async Capable": false, "Startup Cost": 3921.06, "Total Cost": 9124.46, "Plan Rows": 1519.0, "Plan Width": 8, "Actual Rows": 26244, "Actual Loops": 1, "Workers Planned": 1, "Workers Launched": 1, "Single Copy": false, "Plans": [{"Node Type": "Hash Join", "Parent Relationship": "Outer", "Parallel Aware": false, "Async Capable": false, "Join Type": "Inner", "Startup Cost": 2921.06, "Total Cost": 7875.06, "Plan Rows": 1519.0, "Plan Width": 8, "Actual Rows": 13122, "Actual Loops": 2, "Inner Unique": true, "Hash Cond": "(v.postid = p.id)", "Workers": [], "Plans": [{"Node Type": "Seq Scan", "Parent Relationship": "Outer", "Parallel Aware": true, "Async Capable": false, "Relation Name": "votes", "Alias": "v", "Startup Cost": 0.0, "Total Cost": 4572.24, "Plan Rows": 145425, "Plan Width": 4, "Actual Rows": 123477, "Actual Loops": 2, "Filter": "(creationdate <= '2014-01-07 01:12:00'::timestamp without time zone)", "Rows Removed by Filter": 40555, "Workers": []}, {"Node Type": "Hash", "Parent Relationship": "Inner", "Parallel Aware": false, "Async Capable": false, "Startup Cost": 2909.46, "Total Cost": 2909.46, "Plan Rows": 928, "Plan Width": 4, "Actual Rows": 1261, "Actual Loops": 2, "Hash Buckets": 2048, "Original Hash Buckets": 1024, "Hash Batches": 1, "Original Hash Batches": 1, "Peak Memory Usage": 61, "Workers": [], "Plans": [{"Node Type": "Seq Scan", "Parent Relationship": "Outer", "Parallel Aware": false, "Async Capable": false, "Relation Name": "posts", "Alias": "p", "Startup Cost": 0.0, "Total Cost": 2909.46, "Plan Rows": 928, "Plan Width": 4, "Actual Rows": 1261, "Actual Loops": 2, "Filter": "((score <= 52) AND (favoritecount >= 5) AND (favoritecount <= 38) AND (creationdate >= '2010-06-05 03:30:30'::timestamp without time zone) AND (creationdate <= '2013-12-10 23:58:44'::timestamp without time zone))", "Rows Removed by Filter": 90715, "Workers": []}]}]}]}]}]}]}, "Planning Time": 6.125, "Triggers": [], "Execution Time": 139.613}, {"Plan": {"Node Type": "Aggregate", "Strategy": "Plain", "Partial Mode": "Simple", "Parallel Aware": false, "Async Capable": false, "Startup Cost": 30189.73, "Total Cost": 30189.74, "Plan Rows": 1, "Plan Width": 8, "Actual Rows": 1, "Actual Loops": 1, "Plans": [{"Node Type": "Hash Join", "Parent Relationship": "Outer", "Parallel Aware": false, "Async Capable": false, "Join Type": "Inner", "Startup Cost": 26248.82, "Total Cost": 30188.72, "Plan Rows": 1467.0, "Plan Width": 0, "Actual Rows": 64058, "Actual Loops": 1, "Inner Unique": false, "Hash Cond": "(p.id = pl.postid)", "Plans": [{"Node Type": "Hash Join", "Parent Relationship": "Outer", "Parallel Aware": false, "Async Capable": false, "Join Type": "Inner", "Startup Cost": 2921.06, "Total Cost": 6656.42, "Plan Rows": 89.0, "Plan Width": 8, "Actual Rows": 493, "Actual Loops": 1, "Inner Unique": true, "Hash Cond": "(c.postid = p.id)", "Plans": [{"Node Type": "Seq Scan", "Parent Relationship": "Outer", "Parallel Aware": false, "Async Capable": false, "Relation Name": "comments", "Alias": "c", "Startup Cost": 0.0, "Total Cost": 3522.81, "Plan Rows": 80967, "Plan Width": 4, "Actual Rows": 81172, "Actual Loops": 1, "Filter": "(creationdate >= '2013-05-27 18:05:52'::timestamp without time zone)", "Rows Removed by Filter": 93133}, {"Node Type": "Hash", "Parent Relationship": "Inner", "Parallel Aware": false, "Async Capable": false, "Startup Cost": 2909.46, "Total Cost": 2909.46, "Plan Rows": 928, "Plan Width": 4, "Actual Rows": 1261, "Actual Loops": 1, "Hash Buckets": 2048, "Original Hash Buckets": 1024, "Hash Batches": 1, "Original Hash Batches": 1, "Peak Memory Usage": 61, "Plans": [{"Node Type": "Seq Scan", "Parent Relationship": "Outer", "Parallel Aware": false, "Async Capable": false, "Relation Name": "posts", "Alias": "p", "Startup Cost": 0.0, "Total Cost": 2909.46, "Plan Rows": 928, "Plan Width": 4, "Actual Rows": 1261, "Actual Loops": 1, "Filter": "((score <= 52) AND (favoritecount >= 5) AND (favoritecount <= 38) AND (creationdate >= '2010-06-05 03:30:30'::timestamp without time zone) AND (creationdate <= '2013-12-10 23:58:44'::timestamp without time zone))", "Rows Removed by Filter": 90715}]}]}, {"Node Type": "Hash", "Parent Relationship": "Inner", "Parallel Aware": false, "Async Capable": false, "Startup Cost": 22281.5, "Total Cost": 22281.5, "Plan Rows": 11112.0, "Plan Width": 12, "Actual Rows": 204222, "Actual Loops": 1, "Hash Buckets": 262144, "Original Hash Buckets": 131072, "Hash Batches": 1, "Original Hash Batches": 1, "Peak Memory Usage": 10824, "Plans": [{"Node Type": "Nested Loop", "Parent Relationship": "Outer", "Parallel Aware": false, "Async Capable": false, "Join Type": "Inner", "Startup Cost": 9426.74, "Total Cost": 22281.5, "Plan Rows": 11112.0, "Plan Width": 12, "Actual Rows": 204222, "Actual Loops": 1, "Inner Unique": false, "Join Filter": "(pl.postid = v.postid)", "Rows Removed by Join Filter": 0, "Plans": [{"Node Type": "Hash Join", "Parent Relationship": "Outer", "Parallel Aware": false, "Async Capable": false, "Join Type": "Inner", "Startup Cost": 9426.31, "Total Cost": 10186.13, "Plan Rows": 764.0, "Plan Width": 8, "Actual Rows": 30352, "Actual Loops": 1, "Inner Unique": false, "Hash Cond": "(pl.postid = ph.postid)", "Plans": [{"Node Type": "Seq Scan", "Parent Relationship": "Outer", "Parallel Aware": false, "Async Capable": false, "Relation Name": "postlinks", "Alias": "pl", "Startup Cost": 0.0, "Total Cost": 248.53, "Plan Rows": 5700, "Plan Width": 4, "Actual Rows": 5792, "Actual Loops": 1, "Filter": "((creationdate <= '2013-09-30 02:34:03'::timestamp without time zone) AND (linktypeid = 1))", "Rows Removed by Filter": 5310}, {"Node Type": "Hash", "Parent Relationship": "Inner", "Parallel Aware": false, "Async Capable": false, "Startup Cost": 6029.84, "Total Cost": 6029.84, "Plan Rows": 271718, "Plan Width": 4, "Actual Rows": 271704, "Actual Loops": 1, "Hash Buckets": 524288, "Original Hash Buckets": 524288, "Hash Batches": 1, "Original Hash Batches": 1, "Peak Memory Usage": 13649, "Plans": [{"Node Type": "Seq Scan", "Parent Relationship": "Outer", "Parallel Aware": false, "Async Capable": false, "Relation Name": "posthistory", "Alias": "ph", "Startup Cost": 0.0, "Total Cost": 6029.84, "Plan Rows": 271718, "Plan Width": 4, "Actual Rows": 271704, "Actual Loops": 1, "Filter": "(creationdate >= '2011-06-22 16:32:17'::timestamp without time zone)", "Rows Removed by Filter": 31483}]}]}, {"Node Type": "Index Scan", "Parent Relationship": "Inner", "Parallel Aware": false, "Async Capable": false, "Scan Direction": "Forward", "Index Name": "idx_votes_postid", "Relation Name": "votes", "Alias": "v", "Startup Cost": 0.42, "Total Cost": 0.56, "Plan Rows": 4, "Plan Width": 4, "Actual Rows": 7, "Actual Loops": 30352, "Index Cond": "(postid = ph.postid)", "Rows Removed by Index Recheck": 0, "Filter": "(creationdate <= '2014-01-07 01:12:00'::timestamp without time zone)", "Rows Removed by Filter": 1}]}]}]}]}, "Planning Time": 6.014, "Triggers": [], "Execution Time": 398.57}, {"Plan": {"Node Type": "Aggregate", "Strategy": "Plain", "Partial Mode": "Finalize", "Parallel Aware": false, "Async Capable": false, "Startup Cost": 9390.09, "Total Cost": 9390.1, "Plan Rows": 1, "Plan Width": 8, "Actual Rows": 1, "Actual Loops": 1, "Plans": [{"Node Type": "Gather", "Parent Relationship": "Outer", "Parallel Aware": false, "Async Capable": false, "Startup Cost": 9389.98, "Total Cost": 9390.09, "Plan Rows": 1, "Plan Width": 8, "Actual Rows": 2, "Actual Loops": 1, "Workers Planned": 1, "Workers Launched": 1, "Single Copy": false, "Plans": [{"Node Type": "Aggregate", "Strategy": "Plain", "Partial Mode": "Partial", "Parent Relationship": "Outer", "Parallel Aware": false, "Async Capable": false, "Startup Cost": 8389.98, "Total Cost": 8389.99, "Plan Rows": 1, "Plan Width": 8, "Actual Rows": 1, "Actual Loops": 2, "Workers": [], "Plans": [{"Node Type": "Hash Join", "Parent Relationship": "Outer", "Parallel Aware": false, "Async Capable": false, "Join Type": "Inner", "Startup Cost": 3318.3, "Total Cost": 8389.38, "Plan Rows": 1467.0, "Plan Width": 0, "Actual Rows": 32029, "Actual Loops": 2, "Inner Unique": false, "Hash Cond": "(ph.postid = p.id)", "Workers": [], "Plans": [{"Node Type": "Seq Scan", "Parent Relationship": "Outer", "Parallel Aware": true, "Async Capable": false, "Relation Name": "posthistory", "Alias": "ph", "Startup Cost": 0.0, "Total Cost": 4469.32, "Plan Rows": 159834, "Plan Width": 4, "Actual Rows": 135852, "Actual Loops": 2, "Filter": "(creationdate >= '2011-06-22 16:32:17'::timestamp without time zone)", "Rows Removed by Filter": 15742, "Workers": []}, {"Node Type": "Hash", "Parent Relationship": "Inner", "Parallel Aware": false, "Async Capable": false, "Startup Cost": 3316.59, "Total Cost": 3316.59, "Plan Rows": 551.0, "Plan Width": 16, "Actual Rows": 8567, "Actual Loops": 2, "Hash Buckets": 16384, "Original Hash Buckets": 1024, "Hash Batches": 1, "Original Hash Batches": 1, "Peak Memory Usage": 530, "Workers": [], "Plans": [{"Node Type": "Nested Loop", "Parent Relationship": "Outer", "Parallel Aware": false, "Async Capable": false, "Join Type": "Inner", "Startup Cost": 2921.9, "Total Cost": 3316.59, "Plan Rows": 551.0, "Plan Width": 16, "Actual Rows": 8567, "Actual Loops": 2, "Inner Unique": false, "Join Filter": "(p.id = v.postid)", "Rows Removed by Join Filter": 0, "Workers": [], "Plans": [{"Node Type": "Nested Loop", "Parent Relationship": "Outer", "Parallel Aware": false, "Async Capable": false, "Join Type": "Inner", "Startup Cost": 2921.48, "Total Cost": 3280.72, "Plan Rows": 24.0, "Plan Width": 12, "Actual Rows": 511, "Actual Loops": 2, "Inner Unique": false, "Join Filter": "(c.postid = p.id)", "Rows Removed by Join Filter": 0, "Workers": [], "Plans": [{"Node Type": "Hash Join", "Parent Relationship": "Outer", "Parallel Aware": false, "Async Capable": false, "Join Type": "Inner", "Startup Cost": 2921.06, "Total Cost": 3184.55, "Plan Rows": 14.0, "Plan Width": 8, "Actual Rows": 666, "Actual Loops": 2, "Inner Unique": true, "Hash Cond": "(pl.postid = p.id)", "Workers": [], "Plans": [{"Node Type": "Seq Scan", "Parent Relationship": "Outer", "Parallel Aware": false, "Async Capable": false, "Relation Name": "postlinks", "Alias": "pl", "Startup Cost": 0.0, "Total Cost": 248.53, "Plan Rows": 5700, "Plan Width": 4, "Actual Rows": 5792, "Actual Loops": 2, "Filter": "((creationdate <= '2013-09-30 02:34:03'::timestamp without time zone) AND (linktypeid = 1))", "Rows Removed by Filter": 5310, "Workers": []}, {"Node Type": "Hash", "Parent Relationship": "Inner", "Parallel Aware": false, "Async Capable": false, "Startup Cost": 2909.46, "Total Cost": 2909.46, "Plan Rows": 928, "Plan Width": 4, "Actual Rows": 1261, "Actual Loops": 2, "Hash Buckets": 2048, "Original Hash Buckets": 1024, "Hash Batches": 1, "Original Hash Batches": 1, "Peak Memory Usage": 61, "Workers": [], "Plans": [{"Node Type": "Seq Scan", "Parent Relationship": "Outer", "Parallel Aware": false, "Async Capable": false, "Relation Name": "posts", "Alias": "p", "Startup Cost": 0.0, "Total Cost": 2909.46, "Plan Rows": 928, "Plan Width": 4, "Actual Rows": 1261, "Actual Loops": 2, "Filter": "((score <= 52) AND (favoritecount >= 5) AND (favoritecount <= 38) AND (creationdate >= '2010-06-05 03:30:30'::timestamp without time zone) AND (creationdate <= '2013-12-10 23:58:44'::timestamp without time zone))", "Rows Removed by Filter": 90715, "Workers": []}]}]}, {"Node Type": "Index Scan", "Parent Relationship": "Inner", "Parallel Aware": false, "Async Capable": false, "Scan Direction": "Forward", "Index Name": "idx_comments_postid", "Relation Name": "comments", "Alias": "c", "Startup Cost": 0.42, "Total Cost": 1.63, "Plan Rows": 2, "Plan Width": 4, "Actual Rows": 1, "Actual Loops": 1332, "Index Cond": "(postid = pl.postid)", "Rows Removed by Index Recheck": 0, "Filter": "(creationdate >= '2013-05-27 18:05:52'::timestamp without time zone)", "Rows Removed by Filter": 3, "Workers": []}]}, {"Node Type": "Index Scan", "Parent Relationship": "Inner", "Parallel Aware": false, "Async Capable": false, "Scan Direction": "Forward", "Index Name": "idx_votes_postid", "Relation Name": "votes", "Alias": "v", "Startup Cost": 0.42, "Total Cost": 0.65, "Plan Rows": 4, "Plan Width": 4, "Actual Rows": 17, "Actual Loops": 1022, "Index Cond": "(postid = c.postid)", "Rows Removed by Index Recheck": 0, "Filter": "(creationdate <= '2014-01-07 01:12:00'::timestamp without time zone)", "Rows Removed by Filter": 6, "Workers": []}]}]}]}]}]}]}, "Planning Time": 11.765, "Triggers": [], "Execution Time": 91.564}, {"Plan": {"Node Type": "Aggregate", "Strategy": "Plain", "Partial Mode": "Finalize", "Parallel Aware": false, "Async Capable": false, "Startup Cost": 14998.05, "Total Cost": 14998.06, "Plan Rows": 1, "Plan Width": 8, "Actual Rows": 1, "Actual Loops": 1, "Plans": [{"Node Type": "Gather", "Parent Relationship": "Outer", "Parallel Aware": false, "Async Capable": false, "Startup Cost": 14997.94, "Total Cost": 14998.05, "Plan Rows": 1, "Plan Width": 8, "Actual Rows": 2, "Actual Loops": 1, "Workers Planned": 1, "Workers Launched": 1, "Single Copy": false, "Plans": [{"Node Type": "Aggregate", "Strategy": "Plain", "Partial Mode": "Partial", "Parent Relationship": "Outer", "Parallel Aware": false, "Async Capable": false, "Startup Cost": 13997.94, "Total Cost": 13997.95, "Plan Rows": 1, "Plan Width": 8, "Actual Rows": 1, "Actual Loops": 2, "Workers": [], "Plans": [{"Node Type": "Hash Join", "Parent Relationship": "Outer", "Parallel Aware": true, "Async Capable": false, "Join Type": "Inner", "Startup Cost": 10859.47, "Total Cost": 13997.34, "Plan Rows": 1467.0, "Plan Width": 0, "Actual Rows": 32029, "Actual Loops": 2, "Inner Unique": false, "Hash Cond": "(p.id = pl.postid)", "Workers": [], "Plans": [{"Node Type": "Nested Loop", "Parent Relationship": "Outer", "Parallel Aware": false, "Async Capable": false, "Join Type": "Inner", "Startup Cost": 2921.48, "Total Cost": 5996.81, "Plan Rows": 191.0, "Plan Width": 12, "Actual Rows": 1656, "Actual Loops": 2, "Inner Unique": false, "Join Filter": "(p.id = ph.postid)", "Rows Removed by Join Filter": 0, "Workers": [], "Plans": [{"Node Type": "Hash Join", "Parent Relationship": "Outer", "Parallel Aware": false, "Async Capable": false, "Join Type": "Inner", "Startup Cost": 2921.06, "Total Cost": 5671.75, "Plan Rows": 89.0, "Plan Width": 8, "Actual Rows": 246, "Actual Loops": 2, "Inner Unique": true, "Hash Cond": "(c.postid = p.id)", "Workers": [], "Plans": [{"Node Type": "Seq Scan", "Parent Relationship": "Outer", "Parallel Aware": true, "Async Capable": false, "Relation Name": "comments", "Alias": "c", "Startup Cost": 0.0, "Total Cost": 2625.65, "Plan Rows": 47628, "Plan Width": 4, "Actual Rows": 40586, "Actual Loops": 2, "Filter": "(creationdate >= '2013-05-27 18:05:52'::timestamp without time zone)", "Rows Removed by Filter": 46566, "Workers": []}, {"Node Type": "Hash", "Parent Relationship": "Inner", "Parallel Aware": false, "Async Capable": false, "Startup Cost": 2909.46, "Total Cost": 2909.46, "Plan Rows": 928, "Plan Width": 4, "Actual Rows": 1261, "Actual Loops": 2, "Hash Buckets": 2048, "Original Hash Buckets": 1024, "Hash Batches": 1, "Original Hash Batches": 1, "Peak Memory Usage": 61, "Workers": [], "Plans": [{"Node Type": "Seq Scan", "Parent Relationship": "Outer", "Parallel Aware": false, "Async Capable": false, "Relation Name": "posts", "Alias": "p", "Startup Cost": 0.0, "Total Cost": 2909.46, "Plan Rows": 928, "Plan Width": 4, "Actual Rows": 1261, "Actual Loops": 2, "Filter": "((score <= 52) AND (favoritecount >= 5) AND (favoritecount <= 38) AND (creationdate >= '2010-06-05 03:30:30'::timestamp without time zone) AND (creationdate <= '2013-12-10 23:58:44'::timestamp without time zone))", "Rows Removed by Filter": 90715, "Workers": []}]}]}, {"Node Type": "Index Scan", "Parent Relationship": "Inner", "Parallel Aware": false, "Async Capable": false, "Scan Direction": "Forward", "Index Name": "idx_posthistory_postid", "Relation Name": "posthistory", "Alias": "ph", "Startup Cost": 0.42, "Total Cost": 0.64, "Plan Rows": 3, "Plan Width": 4, "Actual Rows": 7, "Actual Loops": 493, "Index Cond": "(postid = c.postid)", "Rows Removed by Index Recheck": 0, "Filter": "(creationdate >= '2011-06-22 16:32:17'::timestamp without time zone)", "Rows Removed by Filter": 1, "Workers": []}]}, {"Node Type": "Hash", "Parent Relationship": "Inner", "Parallel Aware": true, "Async Capable": false, "Startup Cost": 7760.62, "Total Cost": 7760.62, "Plan Rows": 5310.0, "Plan Width": 8, "Actual Rows": 21058, "Actual Loops": 2, "Hash Buckets": 65536, "Original Hash Buckets": 32768, "Hash Batches": 1, "Original Hash Batches": 1, "Peak Memory Usage": 2464, "Workers": [], "Plans": [{"Node Type": "Hash Join", "Parent Relationship": "Outer", "Parallel Aware": false, "Async Capable": false, "Join Type": "Inner", "Startup Cost": 319.78, "Total Cost": 7760.62, "Plan Rows": 5310.0, "Plan Width": 8, "Actual Rows": 21058, "Actual Loops": 2, "Inner Unique": false, "Hash Cond": "(v.postid = pl.postid)", "Workers": [], "Plans": [{"Node Type": "Seq Scan", "Parent Relationship": "Outer", "Parallel Aware": true, "Async Capable": false, "Relation Name": "votes", "Alias": "v", "Startup Cost": 0.0, "Total Cost": 4572.24, "Plan Rows": 145425, "Plan Width": 4, "Actual Rows": 123477, "Actual Loops": 2, "Filter": "(creationdate <= '2014-01-07 01:12:00'::timestamp without time zone)", "Rows Removed by Filter": 40555, "Workers": []}, {"Node Type": "Hash", "Parent Relationship": "Inner", "Parallel Aware": false, "Async Capable": false, "Startup Cost": 248.53, "Total Cost": 248.53, "Plan Rows": 5700, "Plan Width": 4, "Actual Rows": 5792, "Actual Loops": 2, "Hash Buckets": 8192, "Original Hash Buckets": 8192, "Hash Batches": 1, "Original Hash Batches": 1, "Peak Memory Usage": 268, "Workers": [], "Plans": [{"Node Type": "Seq Scan", "Parent Relationship": "Outer", "Parallel Aware": false, "Async Capable": false, "Relation Name": "postlinks", "Alias": "pl", "Startup Cost": 0.0, "Total Cost": 248.53, "Plan Rows": 5700, "Plan Width": 4, "Actual Rows": 5792, "Actual Loops": 2, "Filter": "((creationdate <= '2013-09-30 02:34:03'::timestamp without time zone) AND (linktypeid = 1))", "Rows Removed by Filter": 5310, "Workers": []}]}]}]}]}]}]}]}, "Planning Time": 11.221, "Triggers": [], "Execution Time": 108.781}, {"Plan": {"Node Type": "Aggregate", "Strategy": "Plain", "Partial Mode": "Finalize", "Parallel Aware": false, "Async Capable": false, "Startup Cost": 14849.03, "Total Cost": 14849.04, "Plan Rows": 1, "Plan Width": 8, "Actual Rows": 1, "Actual Loops": 1, "Plans": [{"Node Type": "Gather", "Parent Relationship": "Outer", "Parallel Aware": false, "Async Capable": false, "Startup Cost": 14848.92, "Total Cost": 14849.03, "Plan Rows": 1, "Plan Width": 8, "Actual Rows": 2, "Actual Loops": 1, "Workers Planned": 1, "Workers Launched": 1, "Single Copy": false, "Plans": [{"Node Type": "Aggregate", "Strategy": "Plain", "Partial Mode": "Partial", "Parent Relationship": "Outer", "Parallel Aware": false, "Async Capable": false, "Startup Cost": 13848.92, "Total Cost": 13848.93, "Plan Rows": 1, "Plan Width": 8, "Actual Rows": 1, "Actual Loops": 2, "Workers": [], "Plans": [{"Node Type": "Hash Join", "Parent Relationship": "Outer", "Parallel Aware": true, "Async Capable": false, "Join Type": "Inner", "Startup Cost": 6334.34, "Total Cost": 13848.32, "Plan Rows": 1467.0, "Plan Width": 0, "Actual Rows": 32029, "Actual Loops": 2, "Inner Unique": false, "Hash Cond": "(pl.postid = p.id)", "Workers": [], "Plans": [{"Node Type": "Hash Join", "Parent Relationship": "Outer", "Parallel Aware": false, "Async Capable": false, "Join Type": "Inner", "Startup Cost": 319.78, "Total Cost": 7760.62, "Plan Rows": 5310.0, "Plan Width": 8, "Actual Rows": 21058, "Actual Loops": 2, "Inner Unique": false, "Hash Cond": "(v.postid = pl.postid)", "Workers": [], "Plans": [{"Node Type": "Seq Scan", "Parent Relationship": "Outer", "Parallel Aware": true, "Async Capable": false, "Relation Name": "votes", "Alias": "v", "Startup Cost": 0.0, "Total Cost": 4572.24, "Plan Rows": 145425, "Plan Width": 4, "Actual Rows": 123477, "Actual Loops": 2, "Filter": "(creationdate <= '2014-01-07 01:12:00'::timestamp without time zone)", "Rows Removed by Filter": 40555, "Workers": []}, {"Node Type": "Hash", "Parent Relationship": "Inner", "Parallel Aware": false, "Async Capable": false, "Startup Cost": 248.53, "Total Cost": 248.53, "Plan Rows": 5700, "Plan Width": 4, "Actual Rows": 5792, "Actual Loops": 2, "Hash Buckets": 8192, "Original Hash Buckets": 8192, "Hash Batches": 1, "Original Hash Batches": 1, "Peak Memory Usage": 268, "Workers": [], "Plans": [{"Node Type": "Seq Scan", "Parent Relationship": "Outer", "Parallel Aware": false, "Async Capable": false, "Relation Name": "postlinks", "Alias": "pl", "Startup Cost": 0.0, "Total Cost": 248.53, "Plan Rows": 5700, "Plan Width": 4, "Actual Rows": 5792, "Actual Loops": 2, "Filter": "((creationdate <= '2013-09-30 02:34:03'::timestamp without time zone) AND (linktypeid = 1))", "Rows Removed by Filter": 5310, "Workers": []}]}]}, {"Node Type": "Hash", "Parent Relationship": "Inner", "Parallel Aware": true, "Async Capable": false, "Startup Cost": 5996.81, "Total Cost": 5996.81, "Plan Rows": 191.0, "Plan Width": 12, "Actual Rows": 1656, "Actual Loops": 2, "Hash Buckets": 4096, "Original Hash Buckets": 4096, "Hash Batches": 1, "Original Hash Batches": 1, "Peak Memory Usage": 224, "Workers": [], "Plans": [{"Node Type": "Nested Loop", "Parent Relationship": "Outer", "Parallel Aware": false, "Async Capable": false, "Join Type": "Inner", "Startup Cost": 2921.48, "Total Cost": 5996.81, "Plan Rows": 191.0, "Plan Width": 12, "Actual Rows": 1656, "Actual Loops": 2, "Inner Unique": false, "Join Filter": "(p.id = ph.postid)", "Rows Removed by Join Filter": 0, "Workers": [], "Plans": [{"Node Type": "Hash Join", "Parent Relationship": "Outer", "Parallel Aware": false, "Async Capable": false, "Join Type": "Inner", "Startup Cost": 2921.06, "Total Cost": 5671.75, "Plan Rows": 89.0, "Plan Width": 8, "Actual Rows": 246, "Actual Loops": 2, "Inner Unique": true, "Hash Cond": "(c.postid = p.id)", "Workers": [], "Plans": [{"Node Type": "Seq Scan", "Parent Relationship": "Outer", "Parallel Aware": true, "Async Capable": false, "Relation Name": "comments", "Alias": "c", "Startup Cost": 0.0, "Total Cost": 2625.65, "Plan Rows": 47628, "Plan Width": 4, "Actual Rows": 40586, "Actual Loops": 2, "Filter": "(creationdate >= '2013-05-27 18:05:52'::timestamp without time zone)", "Rows Removed by Filter": 46566, "Workers": []}, {"Node Type": "Hash", "Parent Relationship": "Inner", "Parallel Aware": false, "Async Capable": false, "Startup Cost": 2909.46, "Total Cost": 2909.46, "Plan Rows": 928, "Plan Width": 4, "Actual Rows": 1261, "Actual Loops": 2, "Hash Buckets": 2048, "Original Hash Buckets": 1024, "Hash Batches": 1, "Original Hash Batches": 1, "Peak Memory Usage": 61, "Workers": [], "Plans": [{"Node Type": "Seq Scan", "Parent Relationship": "Outer", "Parallel Aware": false, "Async Capable": false, "Relation Name": "posts", "Alias": "p", "Startup Cost": 0.0, "Total Cost": 2909.46, "Plan Rows": 928, "Plan Width": 4, "Actual Rows": 1261, "Actual Loops": 2, "Filter": "((score <= 52) AND (favoritecount >= 5) AND (favoritecount <= 38) AND (creationdate >= '2010-06-05 03:30:30'::timestamp without time zone) AND (creationdate <= '2013-12-10 23:58:44'::timestamp without time zone))", "Rows Removed by Filter": 90715, "Workers": []}]}]}, {"Node Type": "Index Scan", "Parent Relationship": "Inner", "Parallel Aware": false, "Async Capable": false, "Scan Direction": "Forward", "Index Name": "idx_posthistory_postid", "Relation Name": "posthistory", "Alias": "ph", "Startup Cost": 0.42, "Total Cost": 0.64, "Plan Rows": 3, "Plan Width": 4, "Actual Rows": 7, "Actual Loops": 493, "Index Cond": "(postid = c.postid)", "Rows Removed by Index Recheck": 0, "Filter": "(creationdate >= '2011-06-22 16:32:17'::timestamp without time zone)", "Rows Removed by Filter": 1, "Workers": []}]}]}]}]}]}]}, "Planning Time": 11.571, "Triggers": [], "Execution Time": 97.8}, {"Plan": {"Node Type": "Aggregate", "Strategy": "Plain", "Partial Mode": "Simple", "Parallel Aware": false, "Async Capable": false, "Startup Cost": 8812.96, "Total Cost": 8812.97, "Plan Rows": 1, "Plan Width": 8, "Actual Rows": 1, "Actual Loops": 1, "Plans": [{"Node Type": "Hash Join", "Parent Relationship": "Outer", "Parallel Aware": false, "Async Capable": false, "Join Type": "Inner", "Startup Cost": 8495.27, "Total Cost": 8811.95, "Plan Rows": 1467.0, "Plan Width": 0, "Actual Rows": 64058, "Actual Loops": 1, "Inner Unique": false, "Hash Cond": "(pl.postid = p.id)", "Plans": [{"Node Type": "Seq Scan", "Parent Relationship": "Outer", "Parallel Aware": false, "Async Capable": false, "Relation Name": "postlinks", "Alias": "pl", "Startup Cost": 0.0, "Total Cost": 248.53, "Plan Rows": 5700, "Plan Width": 4, "Actual Rows": 5792, "Actual Loops": 1, "Filter": "((creationdate <= '2013-09-30 02:34:03'::timestamp without time zone) AND (linktypeid = 1))", "Rows Removed by Filter": 5310}, {"Node Type": "Hash", "Parent Relationship": "Inner", "Parallel Aware": false, "Async Capable": false, "Startup Cost": 8414.16, "Total Cost": 8414.16, "Plan Rows": 5619.0, "Plan Width": 16, "Actual Rows": 59738, "Actual Loops": 1, "Hash Buckets": 65536, "Original Hash Buckets": 8192, "Hash Batches": 1, "Original Hash Batches": 1, "Peak Memory Usage": 3313, "Plans": [{"Node Type": "Gather", "Parent Relationship": "Outer", "Parallel Aware": false, "Async Capable": false, "Startup Cost": 3921.91, "Total Cost": 8414.16, "Plan Rows": 5619.0, "Plan Width": 16, "Actual Rows": 59738, "Actual Loops": 1, "Workers Planned": 1, "Workers Launched": 1, "Single Copy": false, "Plans": [{"Node Type": "Nested Loop", "Parent Relationship": "Outer", "Parallel Aware": false, "Async Capable": false, "Join Type": "Inner", "Startup Cost": 2921.91, "Total Cost": 6765.26, "Plan Rows": 5619.0, "Plan Width": 16, "Actual Rows": 29869, "Actual Loops": 2, "Inner Unique": false, "Join Filter": "(p.id = ph.postid)", "Rows Removed by Join Filter": 0, "Workers": [], "Plans": [{"Node Type": "Nested Loop", "Parent Relationship": "Outer", "Parallel Aware": false, "Async Capable": false, "Join Type": "Inner", "Startup Cost": 2921.48, "Total Cost": 6010.12, "Plan Rows": 2054.0, "Plan Width": 12, "Actual Rows": 4730, "Actual Loops": 2, "Inner Unique": false, "Join Filter": "(p.id = v.postid)", "Rows Removed by Join Filter": 0, "Workers": [], "Plans": [{"Node Type": "Hash Join", "Parent Relationship": "Outer", "Parallel Aware": false, "Async Capable": false, "Join Type": "Inner", "Startup Cost": 2921.06, "Total Cost": 5671.75, "Plan Rows": 89.0, "Plan Width": 8, "Actual Rows": 246, "Actual Loops": 2, "Inner Unique": true, "Hash Cond": "(c.postid = p.id)", "Workers": [], "Plans": [{"Node Type": "Seq Scan", "Parent Relationship": "Outer", "Parallel Aware": true, "Async Capable": false, "Relation Name": "comments", "Alias": "c", "Startup Cost": 0.0, "Total Cost": 2625.65, "Plan Rows": 47628, "Plan Width": 4, "Actual Rows": 40586, "Actual Loops": 2, "Filter": "(creationdate >= '2013-05-27 18:05:52'::timestamp without time zone)", "Rows Removed by Filter": 46566, "Workers": []}, {"Node Type": "Hash", "Parent Relationship": "Inner", "Parallel Aware": false, "Async Capable": false, "Startup Cost": 2909.46, "Total Cost": 2909.46, "Plan Rows": 928, "Plan Width": 4, "Actual Rows": 1261, "Actual Loops": 2, "Hash Buckets": 2048, "Original Hash Buckets": 1024, "Hash Batches": 1, "Original Hash Batches": 1, "Peak Memory Usage": 61, "Workers": [], "Plans": [{"Node Type": "Seq Scan", "Parent Relationship": "Outer", "Parallel Aware": false, "Async Capable": false, "Relation Name": "posts", "Alias": "p", "Startup Cost": 0.0, "Total Cost": 2909.46, "Plan Rows": 928, "Plan Width": 4, "Actual Rows": 1261, "Actual Loops": 2, "Filter": "((score <= 52) AND (favoritecount >= 5) AND (favoritecount <= 38) AND (creationdate >= '2010-06-05 03:30:30'::timestamp without time zone) AND (creationdate <= '2013-12-10 23:58:44'::timestamp without time zone))", "Rows Removed by Filter": 90715, "Workers": []}]}]}, {"Node Type": "Index Scan", "Parent Relationship": "Inner", "Parallel Aware": false, "Async Capable": false, "Scan Direction": "Forward", "Index Name": "idx_votes_postid", "Relation Name": "votes", "Alias": "v", "Startup Cost": 0.42, "Total Cost": 0.65, "Plan Rows": 4, "Plan Width": 4, "Actual Rows": 19, "Actual Loops": 493, "Index Cond": "(postid = c.postid)", "Rows Removed by Index Recheck": 0, "Filter": "(creationdate <= '2014-01-07 01:12:00'::timestamp without time zone)", "Rows Removed by Filter": 5, "Workers": []}]}, {"Node Type": "Index Scan", "Parent Relationship": "Inner", "Parallel Aware": false, "Async Capable": false, "Scan Direction": "Forward", "Index Name": "idx_posthistory_postid", "Relation Name": "posthistory", "Alias": "ph", "Startup Cost": 0.42, "Total Cost": 0.55, "Plan Rows": 3, "Plan Width": 4, "Actual Rows": 6, "Actual Loops": 9460, "Index Cond": "(postid = v.postid)", "Rows Removed by Index Recheck": 0, "Filter": "(creationdate >= '2011-06-22 16:32:17'::timestamp without time zone)", "Rows Removed by Filter": 1, "Workers": []}]}]}]}]}]}, "Planning Time": 5.847, "Triggers": [], "Execution Time": 80.538}, {"Plan": {"Node Type": "Aggregate", "Strategy": "Plain", "Partial Mode": "Simple", "Parallel Aware": false, "Async Capable": false, "Startup Cost": 3661.28, "Total Cost": 3661.29, "Plan Rows": 1, "Plan Width": 8, "Actual Rows": 1, "Actual Loops": 1, "Plans": [{"Node Type": "Nested Loop", "Parent Relationship": "Outer", "Parallel Aware": false, "Async Capable": false, "Join Type": "Inner", "Startup Cost": 2922.33, "Total Cost": 3660.26, "Plan Rows": 1467.0, "Plan Width": 0, "Actual Rows": 64058, "Actual Loops": 1, "Inner Unique": false, "Join Filter": "(c.postid = p.id)", "Rows Removed by Join Filter": 0, "Plans": [{"Node Type": "Nested Loop", "Parent Relationship": "Outer", "Parallel Aware": false, "Async Capable": false, "Join Type": "Inner", "Startup Cost": 2921.91, "Total Cost": 3416.84, "Plan Rows": 836.0, "Plan Width": 16, "Actual Rows": 70689, "Actual Loops": 1, "Inner Unique": false, "Join Filter": "(p.id = ph.postid)", "Rows Removed by Join Filter": 0, "Plans": [{"Node Type": "Nested Loop", "Parent Relationship": "Outer", "Parallel Aware": false, "Async Capable": false, "Join Type": "Inner", "Startup Cost": 2921.48, "Total Cost": 3325.66, "Plan Rows": 334.0, "Plan Width": 12, "Actual Rows": 15195, "Actual Loops": 1, "Inner Unique": false, "Join Filter": "(p.id = v.postid)", "Rows Removed by Join Filter": 0, "Plans": [{"Node Type": "Hash Join", "Parent Relationship": "Outer", "Parallel Aware": false, "Async Capable": false, "Join Type": "Inner", "Startup Cost": 2921.06, "Total Cost": 3184.55, "Plan Rows": 14.0, "Plan Width": 8, "Actual Rows": 666, "Actual Loops": 1, "Inner Unique": true, "Hash Cond": "(pl.postid = p.id)", "Plans": [{"Node Type": "Seq Scan", "Parent Relationship": "Outer", "Parallel Aware": false, "Async Capable": false, "Relation Name": "postlinks", "Alias": "pl", "Startup Cost": 0.0, "Total Cost": 248.53, "Plan Rows": 5700, "Plan Width": 4, "Actual Rows": 5792, "Actual Loops": 1, "Filter": "((creationdate <= '2013-09-30 02:34:03'::timestamp without time zone) AND (linktypeid = 1))", "Rows Removed by Filter": 5310}, {"Node Type": "Hash", "Parent Relationship": "Inner", "Parallel Aware": false, "Async Capable": false, "Startup Cost": 2909.46, "Total Cost": 2909.46, "Plan Rows": 928, "Plan Width": 4, "Actual Rows": 1261, "Actual Loops": 1, "Hash Buckets": 2048, "Original Hash Buckets": 1024, "Hash Batches": 1, "Original Hash Batches": 1, "Peak Memory Usage": 61, "Plans": [{"Node Type": "Seq Scan", "Parent Relationship": "Outer", "Parallel Aware": false, "Async Capable": false, "Relation Name": "posts", "Alias": "p", "Startup Cost": 0.0, "Total Cost": 2909.46, "Plan Rows": 928, "Plan Width": 4, "Actual Rows": 1261, "Actual Loops": 1, "Filter": "((score <= 52) AND (favoritecount >= 5) AND (favoritecount <= 38) AND (creationdate >= '2010-06-05 03:30:30'::timestamp without time zone) AND (creationdate <= '2013-12-10 23:58:44'::timestamp without time zone))", "Rows Removed by Filter": 90715}]}]}, {"Node Type": "Index Scan", "Parent Relationship": "Inner", "Parallel Aware": false, "Async Capable": false, "Scan Direction": "Forward", "Index Name": "idx_votes_postid", "Relation Name": "votes", "Alias": "v", "Startup Cost": 0.42, "Total Cost": 2.38, "Plan Rows": 4, "Plan Width": 4, "Actual Rows": 23, "Actual Loops": 666, "Index Cond": "(postid = pl.postid)", "Rows Removed by Index Recheck": 0, "Filter": "(creationdate <= '2014-01-07 01:12:00'::timestamp without time zone)", "Rows Removed by Filter": 5}]}, {"Node Type": "Index Scan", "Parent Relationship": "Inner", "Parallel Aware": false, "Async Capable": false, "Scan Direction": "Forward", "Index Name": "idx_posthistory_postid", "Relation Name": "posthistory", "Alias": "ph", "Startup Cost": 0.42, "Total Cost": 0.55, "Plan Rows": 3, "Plan Width": 4, "Actual Rows": 5, "Actual Loops": 15195, "Index Cond": "(postid = v.postid)", "Rows Removed by Index Recheck": 0, "Filter": "(creationdate >= '2011-06-22 16:32:17'::timestamp without time zone)", "Rows Removed by Filter": 2}]}, {"Node Type": "Index Scan", "Parent Relationship": "Inner", "Parallel Aware": false, "Async Capable": false, "Scan Direction": "Forward", "Index Name": "idx_comments_postid", "Relation Name": "comments", "Alias": "c", "Startup Cost": 0.42, "Total Cost": 0.5, "Plan Rows": 2, "Plan Width": 4, "Actual Rows": 1, "Actual Loops": 70689, "Index Cond": "(postid = ph.postid)", "Rows Removed by Index Recheck": 0, "Filter": "(creationdate >= '2013-05-27 18:05:52'::timestamp without time zone)", "Rows Removed by Filter": 3}]}]}, "Planning Time": 5.798, "Triggers": [], "Execution Time": 188.949}, {"Plan": {"Node Type": "Aggregate", "Strategy": "Plain", "Partial Mode": "Finalize", "Parallel Aware": false, "Async Capable": false, "Startup Cost": 16609.79, "Total Cost": 16609.8, "Plan Rows": 1, "Plan Width": 8, "Actual Rows": 1, "Actual Loops": 1, "Plans": [{"Node Type": "Gather", "Parent Relationship": "Outer", "Parallel Aware": false, "Async Capable": false, "Startup Cost": 16609.67, "Total Cost": 16609.78, "Plan Rows": 1, "Plan Width": 8, "Actual Rows": 2, "Actual Loops": 1, "Workers Planned": 1, "Workers Launched": 1, "Single Copy": false, "Plans": [{"Node Type": "Aggregate", "Strategy": "Plain", "Partial Mode": "Partial", "Parent Relationship": "Outer", "Parallel Aware": false, "Async Capable": false, "Startup Cost": 15609.67, "Total Cost": 15609.68, "Plan Rows": 1, "Plan Width": 8, "Actual Rows": 1, "Actual Loops": 2, "Workers": [], "Plans": [{"Node Type": "Hash Join", "Parent Relationship": "Outer", "Parallel Aware": false, "Async Capable": false, "Join Type": "Inner", "Startup Cost": 9794.85, "Total Cost": 15609.08, "Plan Rows": 1467.0, "Plan Width": 0, "Actual Rows": 32029, "Actual Loops": 2, "Inner Unique": false, "Hash Cond": "(ph.postid = p.id)", "Workers": [], "Plans": [{"Node Type": "Hash Join", "Parent Relationship": "Outer", "Parallel Aware": true, "Async Capable": false, "Join Type": "Inner", "Startup Cost": 6467.24, "Total Cost": 11664.22, "Plan Rows": 2746.0, "Plan Width": 8, "Actual Rows": 168402, "Actual Loops": 2, "Inner Unique": false, "Hash Cond": "(c.postid = ph.postid)", "Workers": [], "Plans": [{"Node Type": "Seq Scan", "Parent Relationship": "Outer", "Parallel Aware": true, "Async Capable": false, "Relation Name": "comments", "Alias": "c", "Startup Cost": 0.0, "Total Cost": 2625.65, "Plan Rows": 47628, "Plan Width": 4, "Actual Rows": 40586, "Actual Loops": 2, "Filter": "(creationdate >= '2013-05-27 18:05:52'::timestamp without time zone)", "Rows Removed by Filter": 46566, "Workers": []}, {"Node Type": "Hash", "Parent Relationship": "Inner", "Parallel Aware": true, "Async Capable": false, "Startup Cost": 4469.32, "Total Cost": 4469.32, "Plan Rows": 159834, "Plan Width": 4, "Actual Rows": 135852, "Actual Loops": 2, "Hash Buckets": 524288, "Original Hash Buckets": 524288, "Hash Batches": 1, "Original Hash Batches": 1, "Peak Memory Usage": 14752, "Workers": [], "Plans": [{"Node Type": "Seq Scan", "Parent Relationship": "Outer", "Parallel Aware": true, "Async Capable": false, "Relation Name": "posthistory", "Alias": "ph", "Startup Cost": 0.0, "Total Cost": 4469.32, "Plan Rows": 159834, "Plan Width": 4, "Actual Rows": 135852, "Actual Loops": 2, "Filter": "(creationdate >= '2011-06-22 16:32:17'::timestamp without time zone)", "Rows Removed by Filter": 15742, "Workers": []}]}]}, {"Node Type": "Hash", "Parent Relationship": "Inner", "Parallel Aware": false, "Async Capable": false, "Startup Cost": 3325.66, "Total Cost": 3325.66, "Plan Rows": 334.0, "Plan Width": 12, "Actual Rows": 15195, "Actual Loops": 2, "Hash Buckets": 16384, "Original Hash Buckets": 1024, "Hash Batches": 1, "Original Hash Batches": 1, "Peak Memory Usage": 781, "Workers": [], "Plans": [{"Node Type": "Nested Loop", "Parent Relationship": "Outer", "Parallel Aware": false, "Async Capable": false, "Join Type": "Inner", "Startup Cost": 2921.48, "Total Cost": 3325.66, "Plan Rows": 334.0, "Plan Width": 12, "Actual Rows": 15195, "Actual Loops": 2, "Inner Unique": false, "Join Filter": "(p.id = v.postid)", "Rows Removed by Join Filter": 0, "Workers": [], "Plans": [{"Node Type": "Hash Join", "Parent Relationship": "Outer", "Parallel Aware": false, "Async Capable": false, "Join Type": "Inner", "Startup Cost": 2921.06, "Total Cost": 3184.55, "Plan Rows": 14.0, "Plan Width": 8, "Actual Rows": 666, "Actual Loops": 2, "Inner Unique": true, "Hash Cond": "(pl.postid = p.id)", "Workers": [], "Plans": [{"Node Type": "Seq Scan", "Parent Relationship": "Outer", "Parallel Aware": false, "Async Capable": false, "Relation Name": "postlinks", "Alias": "pl", "Startup Cost": 0.0, "Total Cost": 248.53, "Plan Rows": 5700, "Plan Width": 4, "Actual Rows": 5792, "Actual Loops": 2, "Filter": "((creationdate <= '2013-09-30 02:34:03'::timestamp without time zone) AND (linktypeid = 1))", "Rows Removed by Filter": 5310, "Workers": []}, {"Node Type": "Hash", "Parent Relationship": "Inner", "Parallel Aware": false, "Async Capable": false, "Startup Cost": 2909.46, "Total Cost": 2909.46, "Plan Rows": 928, "Plan Width": 4, "Actual Rows": 1261, "Actual Loops": 2, "Hash Buckets": 2048, "Original Hash Buckets": 1024, "Hash Batches": 1, "Original Hash Batches": 1, "Peak Memory Usage": 61, "Workers": [], "Plans": [{"Node Type": "Seq Scan", "Parent Relationship": "Outer", "Parallel Aware": false, "Async Capable": false, "Relation Name": "posts", "Alias": "p", "Startup Cost": 0.0, "Total Cost": 2909.46, "Plan Rows": 928, "Plan Width": 4, "Actual Rows": 1261, "Actual Loops": 2, "Filter": "((score <= 52) AND (favoritecount >= 5) AND (favoritecount <= 38) AND (creationdate >= '2010-06-05 03:30:30'::timestamp without time zone) AND (creationdate <= '2013-12-10 23:58:44'::timestamp without time zone))", "Rows Removed by Filter": 90715, "Workers": []}]}]}, {"Node Type": "Index Scan", "Parent Relationship": "Inner", "Parallel Aware": false, "Async Capable": false, "Scan Direction": "Forward", "Index Name": "idx_votes_postid", "Relation Name": "votes", "Alias": "v", "Startup Cost": 0.42, "Total Cost": 2.38, "Plan Rows": 4, "Plan Width": 4, "Actual Rows": 23, "Actual Loops": 1332, "Index Cond": "(postid = pl.postid)", "Rows Removed by Index Recheck": 0, "Filter": "(creationdate <= '2014-01-07 01:12:00'::timestamp without time zone)", "Rows Removed by Filter": 5, "Workers": []}]}]}]}]}]}]}, "Planning Time": 11.398, "Triggers": [], "Execution Time": 230.508}, {"Plan": {"Node Type": "Aggregate", "Strategy": "Plain", "Partial Mode": "Simple", "Parallel Aware": false, "Async Capable": false, "Startup Cost": 17549.37, "Total Cost": 17549.38, "Plan Rows": 1, "Plan Width": 8, "Actual Rows": 1, "Actual Loops": 1, "Plans": [{"Node Type": "Hash Join", "Parent Relationship": "Outer", "Parallel Aware": false, "Async Capable": false, "Join Type": "Inner", "Startup Cost": 16684.92, "Total Cost": 17548.35, "Plan Rows": 1467.0, "Plan Width": 0, "Actual Rows": 64058, "Actual Loops": 1, "Inner Unique": false, "Hash Cond": "(pl.postid = p.id)", "Plans": [{"Node Type": "Hash Join", "Parent Relationship": "Outer", "Parallel Aware": false, "Async Capable": false, "Join Type": "Inner", "Startup Cost": 9426.31, "Total Cost": 10186.13, "Plan Rows": 764.0, "Plan Width": 8, "Actual Rows": 30352, "Actual Loops": 1, "Inner Unique": false, "Hash Cond": "(pl.postid = ph.postid)", "Plans": [{"Node Type": "Seq Scan", "Parent Relationship": "Outer", "Parallel Aware": false, "Async Capable": false, "Relation Name": "postlinks", "Alias": "pl", "Startup Cost": 0.0, "Total Cost": 248.53, "Plan Rows": 5700, "Plan Width": 4, "Actual Rows": 5792, "Actual Loops": 1, "Filter": "((creationdate <= '2013-09-30 02:34:03'::timestamp without time zone) AND (linktypeid = 1))", "Rows Removed by Filter": 5310}, {"Node Type": "Hash", "Parent Relationship": "Inner", "Parallel Aware": false, "Async Capable": false, "Startup Cost": 6029.84, "Total Cost": 6029.84, "Plan Rows": 271718, "Plan Width": 4, "Actual Rows": 271704, "Actual Loops": 1, "Hash Buckets": 524288, "Original Hash Buckets": 524288, "Hash Batches": 1, "Original Hash Batches": 1, "Peak Memory Usage": 13649, "Plans": [{"Node Type": "Seq Scan", "Parent Relationship": "Outer", "Parallel Aware": false, "Async Capable": false, "Relation Name": "posthistory", "Alias": "ph", "Startup Cost": 0.0, "Total Cost": 6029.84, "Plan Rows": 271718, "Plan Width": 4, "Actual Rows": 271704, "Actual Loops": 1, "Filter": "(creationdate >= '2011-06-22 16:32:17'::timestamp without time zone)", "Rows Removed by Filter": 31483}]}]}, {"Node Type": "Hash", "Parent Relationship": "Inner", "Parallel Aware": false, "Async Capable": false, "Startup Cost": 7231.15, "Total Cost": 7231.15, "Plan Rows": 2054.0, "Plan Width": 12, "Actual Rows": 9460, "Actual Loops": 1, "Hash Buckets": 16384, "Original Hash Buckets": 4096, "Hash Batches": 1, "Original Hash Batches": 1, "Peak Memory Usage": 535, "Plans": [{"Node Type": "Nested Loop", "Parent Relationship": "Outer", "Parallel Aware": false, "Async Capable": false, "Join Type": "Inner", "Startup Cost": 2921.48, "Total Cost": 7231.15, "Plan Rows": 2054.0, "Plan Width": 12, "Actual Rows": 9460, "Actual Loops": 1, "Inner Unique": false, "Join Filter": "(p.id = v.postid)", "Rows Removed by Join Filter": 0, "Plans": [{"Node Type": "Hash Join", "Parent Relationship": "Outer", "Parallel Aware": false, "Async Capable": false, "Join Type": "Inner", "Startup Cost": 2921.06, "Total Cost": 6656.42, "Plan Rows": 89.0, "Plan Width": 8, "Actual Rows": 493, "Actual Loops": 1, "Inner Unique": true, "Hash Cond": "(c.postid = p.id)", "Plans": [{"Node Type": "Seq Scan", "Parent Relationship": "Outer", "Parallel Aware": false, "Async Capable": false, "Relation Name": "comments", "Alias": "c", "Startup Cost": 0.0, "Total Cost": 3522.81, "Plan Rows": 80967, "Plan Width": 4, "Actual Rows": 81172, "Actual Loops": 1, "Filter": "(creationdate >= '2013-05-27 18:05:52'::timestamp without time zone)", "Rows Removed by Filter": 93133}, {"Node Type": "Hash", "Parent Relationship": "Inner", "Parallel Aware": false, "Async Capable": false, "Startup Cost": 2909.46, "Total Cost": 2909.46, "Plan Rows": 928, "Plan Width": 4, "Actual Rows": 1261, "Actual Loops": 1, "Hash Buckets": 2048, "Original Hash Buckets": 1024, "Hash Batches": 1, "Original Hash Batches": 1, "Peak Memory Usage": 61, "Plans": [{"Node Type": "Seq Scan", "Parent Relationship": "Outer", "Parallel Aware": false, "Async Capable": false, "Relation Name": "posts", "Alias": "p", "Startup Cost": 0.0, "Total Cost": 2909.46, "Plan Rows": 928, "Plan Width": 4, "Actual Rows": 1261, "Actual Loops": 1, "Filter": "((score <= 52) AND (favoritecount >= 5) AND (favoritecount <= 38) AND (creationdate >= '2010-06-05 03:30:30'::timestamp without time zone) AND (creationdate <= '2013-12-10 23:58:44'::timestamp without time zone))", "Rows Removed by Filter": 90715}]}]}, {"Node Type": "Index Scan", "Parent Relationship": "Inner", "Parallel Aware": false, "Async Capable": false, "Scan Direction": "Forward", "Index Name": "idx_votes_postid", "Relation Name": "votes", "Alias": "v", "Startup Cost": 0.42, "Total Cost": 0.65, "Plan Rows": 4, "Plan Width": 4, "Actual Rows": 19, "Actual Loops": 493, "Index Cond": "(postid = c.postid)", "Rows Removed by Index Recheck": 0, "Filter": "(creationdate <= '2014-01-07 01:12:00'::timestamp without time zone)", "Rows Removed by Filter": 5}]}]}]}]}, "Planning Time": 6.134, "Triggers": [], "Execution Time": 245.107}, {"Plan": {"Node Type": "Aggregate", "Strategy": "Plain", "Partial Mode": "Simple", "Parallel Aware": false, "Async Capable": false, "Startup Cost": 29270.46, "Total Cost": 29270.47, "Plan Rows": 1, "Plan Width": 8, "Actual Rows": 1, "Actual Loops": 1, "Plans": [{"Node Type": "Hash Join", "Parent Relationship": "Outer", "Parallel Aware": false, "Async Capable": false, "Join Type": "Inner", "Startup Cost": 16093.37, "Total Cost": 29269.44, "Plan Rows": 1467.0, "Plan Width": 0, "Actual Rows": 64058, "Actual Loops": 1, "Inner Unique": false, "Hash Cond": "(pl.postid = p.id)", "Plans": [{"Node Type": "Nested Loop", "Parent Relationship": "Outer", "Parallel Aware": false, "Async Capable": false, "Join Type": "Inner", "Startup Cost": 9426.74, "Total Cost": 22281.5, "Plan Rows": 11112.0, "Plan Width": 12, "Actual Rows": 204222, "Actual Loops": 1, "Inner Unique": false, "Join Filter": "(pl.postid = v.postid)", "Rows Removed by Join Filter": 0, "Plans": [{"Node Type": "Hash Join", "Parent Relationship": "Outer", "Parallel Aware": false, "Async Capable": false, "Join Type": "Inner", "Startup Cost": 9426.31, "Total Cost": 10186.13, "Plan Rows": 764.0, "Plan Width": 8, "Actual Rows": 30352, "Actual Loops": 1, "Inner Unique": false, "Hash Cond": "(pl.postid = ph.postid)", "Plans": [{"Node Type": "Seq Scan", "Parent Relationship": "Outer", "Parallel Aware": false, "Async Capable": false, "Relation Name": "postlinks", "Alias": "pl", "Startup Cost": 0.0, "Total Cost": 248.53, "Plan Rows": 5700, "Plan Width": 4, "Actual Rows": 5792, "Actual Loops": 1, "Filter": "((creationdate <= '2013-09-30 02:34:03'::timestamp without time zone) AND (linktypeid = 1))", "Rows Removed by Filter": 5310}, {"Node Type": "Hash", "Parent Relationship": "Inner", "Parallel Aware": false, "Async Capable": false, "Startup Cost": 6029.84, "Total Cost": 6029.84, "Plan Rows": 271718, "Plan Width": 4, "Actual Rows": 271704, "Actual Loops": 1, "Hash Buckets": 524288, "Original Hash Buckets": 524288, "Hash Batches": 1, "Original Hash Batches": 1, "Peak Memory Usage": 13649, "Plans": [{"Node Type": "Seq Scan", "Parent Relationship": "Outer", "Parallel Aware": false, "Async Capable": false, "Relation Name": "posthistory", "Alias": "ph", "Startup Cost": 0.0, "Total Cost": 6029.84, "Plan Rows": 271718, "Plan Width": 4, "Actual Rows": 271704, "Actual Loops": 1, "Filter": "(creationdate >= '2011-06-22 16:32:17'::timestamp without time zone)", "Rows Removed by Filter": 31483}]}]}, {"Node Type": "Index Scan", "Parent Relationship": "Inner", "Parallel Aware": false, "Async Capable": false, "Scan Direction": "Forward", "Index Name": "idx_votes_postid", "Relation Name": "votes", "Alias": "v", "Startup Cost": 0.42, "Total Cost": 0.56, "Plan Rows": 4, "Plan Width": 4, "Actual Rows": 7, "Actual Loops": 30352, "Index Cond": "(postid = ph.postid)", "Rows Removed by Index Recheck": 0, "Filter": "(creationdate <= '2014-01-07 01:12:00'::timestamp without time zone)", "Rows Removed by Filter": 1}]}, {"Node Type": "Hash", "Parent Relationship": "Inner", "Parallel Aware": false, "Async Capable": false, "Startup Cost": 6656.42, "Total Cost": 6656.42, "Plan Rows": 89.0, "Plan Width": 8, "Actual Rows": 493, "Actual Loops": 1, "Hash Buckets": 1024, "Original Hash Buckets": 1024, "Hash Batches": 1, "Original Hash Batches": 1, "Peak Memory Usage": 28, "Plans": [{"Node Type": "Hash Join", "Parent Relationship": "Outer", "Parallel Aware": false, "Async Capable": false, "Join Type": "Inner", "Startup Cost": 2921.06, "Total Cost": 6656.42, "Plan Rows": 89.0, "Plan Width": 8, "Actual Rows": 493, "Actual Loops": 1, "Inner Unique": true, "Hash Cond": "(c.postid = p.id)", "Plans": [{"Node Type": "Seq Scan", "Parent Relationship": "Outer", "Parallel Aware": false, "Async Capable": false, "Relation Name": "comments", "Alias": "c", "Startup Cost": 0.0, "Total Cost": 3522.81, "Plan Rows": 80967, "Plan Width": 4, "Actual Rows": 81172, "Actual Loops": 1, "Filter": "(creationdate >= '2013-05-27 18:05:52'::timestamp without time zone)", "Rows Removed by Filter": 93133}, {"Node Type": "Hash", "Parent Relationship": "Inner", "Parallel Aware": false, "Async Capable": false, "Startup Cost": 2909.46, "Total Cost": 2909.46, "Plan Rows": 928, "Plan Width": 4, "Actual Rows": 1261, "Actual Loops": 1, "Hash Buckets": 2048, "Original Hash Buckets": 1024, "Hash Batches": 1, "Original Hash Batches": 1, "Peak Memory Usage": 61, "Plans": [{"Node Type": "Seq Scan", "Parent Relationship": "Outer", "Parallel Aware": false, "Async Capable": false, "Relation Name": "posts", "Alias": "p", "Startup Cost": 0.0, "Total Cost": 2909.46, "Plan Rows": 928, "Plan Width": 4, "Actual Rows": 1261, "Actual Loops": 1, "Filter": "((score <= 52) AND (favoritecount >= 5) AND (favoritecount <= 38) AND (creationdate >= '2010-06-05 03:30:30'::timestamp without time zone) AND (creationdate <= '2013-12-10 23:58:44'::timestamp without time zone))", "Rows Removed by Filter": 90715}]}]}]}]}]}, "Planning Time": 6.188, "Triggers": [], "Execution Time": 352.874}, {"Plan": {"Node Type": "Aggregate", "Strategy": "Plain", "Partial Mode": "Simple", "Parallel Aware": false, "Async Capable": false, "Startup Cost": 15833.57, "Total Cost": 15833.58, "Plan Rows": 1, "Plan Width": 8, "Actual Rows": 1, "Actual Loops": 1, "Plans": [{"Node Type": "Hash Join", "Parent Relationship": "Outer", "Parallel Aware": false, "Async Capable": false, "Join Type": "Inner", "Startup Cost": 5328.93, "Total Cost": 15832.56, "Plan Rows": 1467.0, "Plan Width": 0, "Actual Rows": 64058, "Actual Loops": 1, "Inner Unique": false, "Hash Cond": "(p.id = pl.postid)", "Plans": [{"Node Type": "Nested Loop", "Parent Relationship": "Outer", "Parallel Aware": false, "Async Capable": false, "Join Type": "Inner", "Startup Cost": 0.84, "Total Cost": 10285.36, "Plan Rows": 3173.0, "Plan Width": 12, "Actual Rows": 96851, "Actual Loops": 1, "Inner Unique": false, "Join Filter": "(p.id = v.postid)", "Rows Removed by Join Filter": 0, "Plans": [{"Node Type": "Nested Loop", "Parent Relationship": "Outer", "Parallel Aware": false, "Async Capable": false, "Join Type": "Inner", "Startup Cost": 0.42, "Total Cost": 8608.56, "Plan Rows": 107.0, "Plan Width": 8, "Actual Rows": 4893, "Actual Loops": 1, "Inner Unique": false, "Plans": [{"Node Type": "Seq Scan", "Parent Relationship": "Outer", "Parallel Aware": false, "Async Capable": false, "Relation Name": "posts", "Alias": "p", "Startup Cost": 0.0, "Total Cost": 2909.46, "Plan Rows": 928, "Plan Width": 4, "Actual Rows": 1261, "Actual Loops": 1, "Filter": "((score <= 52) AND (favoritecount >= 5) AND (favoritecount <= 38) AND (creationdate >= '2010-06-05 03:30:30'::timestamp without time zone) AND (creationdate <= '2013-12-10 23:58:44'::timestamp without time zone))", "Rows Removed by Filter": 90715}, {"Node Type": "Index Scan", "Parent Relationship": "Inner", "Parallel Aware": false, "Async Capable": false, "Scan Direction": "Forward", "Index Name": "idx_posthistory_postid", "Relation Name": "posthistory", "Alias": "ph", "Startup Cost": 0.42, "Total Cost": 6.11, "Plan Rows": 3, "Plan Width": 4, "Actual Rows": 4, "Actual Loops": 1261, "Index Cond": "(postid = p.id)", "Rows Removed by Index Recheck": 0, "Filter": "(creationdate >= '2011-06-22 16:32:17'::timestamp without time zone)", "Rows Removed by Filter": 2}]}, {"Node Type": "Index Scan", "Parent Relationship": "Inner", "Parallel Aware": false, "Async Capable": false, "Scan Direction": "Forward", "Index Name": "idx_votes_postid", "Relation Name": "votes", "Alias": "v", "Startup Cost": 0.42, "Total Cost": 0.56, "Plan Rows": 4, "Plan Width": 4, "Actual Rows": 20, "Actual Loops": 4893, "Index Cond": "(postid = ph.postid)", "Rows Removed by Index Recheck": 0, "Filter": "(creationdate <= '2014-01-07 01:12:00'::timestamp without time zone)", "Rows Removed by Filter": 4}]}, {"Node Type": "Hash", "Parent Relationship": "Inner", "Parallel Aware": false, "Async Capable": false, "Startup Cost": 5215.5, "Total Cost": 5215.5, "Plan Rows": 397.0, "Plan Width": 8, "Actual Rows": 4687, "Actual Loops": 1, "Hash Buckets": 16384, "Original Hash Buckets": 16384, "Hash Batches": 1, "Original Hash Batches": 1, "Peak Memory Usage": 312, "Plans": [{"Node Type": "Hash Join", "Parent Relationship": "Outer", "Parallel Aware": false, "Async Capable": false, "Join Type": "Inner", "Startup Cost": 4534.9, "Total Cost": 5215.5, "Plan Rows": 397.0, "Plan Width": 8, "Actual Rows": 4687, "Actual Loops": 1, "Inner Unique": false, "Hash Cond": "(pl.postid = c.postid)", "Plans": [{"Node Type": "Seq Scan", "Parent Relationship": "Outer", "Parallel Aware": false, "Async Capable": false, "Relation Name": "postlinks", "Alias": "pl", "Startup Cost": 0.0, "Total Cost": 248.53, "Plan Rows": 5700, "Plan Width": 4, "Actual Rows": 5792, "Actual Loops": 1, "Filter": "((creationdate <= '2013-09-30 02:34:03'::timestamp without time zone) AND (linktypeid = 1))", "Rows Removed by Filter": 5310}, {"Node Type": "Hash", "Parent Relationship": "Inner", "Parallel Aware": false, "Async Capable": false, "Startup Cost": 3522.81, "Total Cost": 3522.81, "Plan Rows": 80967, "Plan Width": 4, "Actual Rows": 81172, "Actual Loops": 1, "Hash Buckets": 131072, "Original Hash Buckets": 131072, "Hash Batches": 1, "Original Hash Batches": 1, "Peak Memory Usage": 3878, "Plans": [{"Node Type": "Seq Scan", "Parent Relationship": "Outer", "Parallel Aware": false, "Async Capable": false, "Relation Name": "comments", "Alias": "c", "Startup Cost": 0.0, "Total Cost": 3522.81, "Plan Rows": 80967, "Plan Width": 4, "Actual Rows": 81172, "Actual Loops": 1, "Filter": "(creationdate >= '2013-05-27 18:05:52'::timestamp without time zone)", "Rows Removed by Filter": 93133}]}]}]}]}]}, "Planning Time": 6.226, "Triggers": [], "Execution Time": 176.786}, {"Plan": {"Node Type": "Aggregate", "Strategy": "Plain", "Partial Mode": "Simple", "Parallel Aware": false, "Async Capable": false, "Startup Cost": 3397.68, "Total Cost": 3397.69, "Plan Rows": 1, "Plan Width": 8, "Actual Rows": 1, "Actual Loops": 1, "Plans": [{"Node Type": "Nested Loop", "Parent Relationship": "Outer", "Parallel Aware": false, "Async Capable": false, "Join Type": "Inner", "Startup Cost": 2922.33, "Total Cost": 3396.67, "Plan Rows": 1467.0, "Plan Width": 0, "Actual Rows": 64058, "Actual Loops": 1, "Inner Unique": false, "Join Filter": "(p.id = ph.postid)", "Rows Removed by Join Filter": 0, "Plans": [{"Node Type": "Nested Loop", "Parent Relationship": "Outer", "Parallel Aware": false, "Async Capable": false, "Join Type": "Inner", "Startup Cost": 2921.9, "Total Cost": 3316.59, "Plan Rows": 551.0, "Plan Width": 16, "Actual Rows": 8567, "Actual Loops": 1, "Inner Unique": false, "Join Filter": "(p.id = v.postid)", "Rows Removed by Join Filter": 0, "Plans": [{"Node Type": "Nested Loop", "Parent Relationship": "Outer", "Parallel Aware": false, "Async Capable": false, "Join Type": "Inner", "Startup Cost": 2921.48, "Total Cost": 3280.72, "Plan Rows": 24.0, "Plan Width": 12, "Actual Rows": 511, "Actual Loops": 1, "Inner Unique": false, "Join Filter": "(c.postid = p.id)", "Rows Removed by Join Filter": 0, "Plans": [{"Node Type": "Hash Join", "Parent Relationship": "Outer", "Parallel Aware": false, "Async Capable": false, "Join Type": "Inner", "Startup Cost": 2921.06, "Total Cost": 3184.55, "Plan Rows": 14.0, "Plan Width": 8, "Actual Rows": 666, "Actual Loops": 1, "Inner Unique": true, "Hash Cond": "(pl.postid = p.id)", "Plans": [{"Node Type": "Seq Scan", "Parent Relationship": "Outer", "Parallel Aware": false, "Async Capable": false, "Relation Name": "postlinks", "Alias": "pl", "Startup Cost": 0.0, "Total Cost": 248.53, "Plan Rows": 5700, "Plan Width": 4, "Actual Rows": 5792, "Actual Loops": 1, "Filter": "((creationdate <= '2013-09-30 02:34:03'::timestamp without time zone) AND (linktypeid = 1))", "Rows Removed by Filter": 5310}, {"Node Type": "Hash", "Parent Relationship": "Inner", "Parallel Aware": false, "Async Capable": false, "Startup Cost": 2909.46, "Total Cost": 2909.46, "Plan Rows": 928, "Plan Width": 4, "Actual Rows": 1261, "Actual Loops": 1, "Hash Buckets": 2048, "Original Hash Buckets": 1024, "Hash Batches": 1, "Original Hash Batches": 1, "Peak Memory Usage": 61, "Plans": [{"Node Type": "Seq Scan", "Parent Relationship": "Outer", "Parallel Aware": false, "Async Capable": false, "Relation Name": "posts", "Alias": "p", "Startup Cost": 0.0, "Total Cost": 2909.46, "Plan Rows": 928, "Plan Width": 4, "Actual Rows": 1261, "Actual Loops": 1, "Filter": "((score <= 52) AND (favoritecount >= 5) AND (favoritecount <= 38) AND (creationdate >= '2010-06-05 03:30:30'::timestamp without time zone) AND (creationdate <= '2013-12-10 23:58:44'::timestamp without time zone))", "Rows Removed by Filter": 90715}]}]}, {"Node Type": "Index Scan", "Parent Relationship": "Inner", "Parallel Aware": false, "Async Capable": false, "Scan Direction": "Forward", "Index Name": "idx_comments_postid", "Relation Name": "comments", "Alias": "c", "Startup Cost": 0.42, "Total Cost": 1.63, "Plan Rows": 2, "Plan Width": 4, "Actual Rows": 1, "Actual Loops": 666, "Index Cond": "(postid = pl.postid)", "Rows Removed by Index Recheck": 0, "Filter": "(creationdate >= '2013-05-27 18:05:52'::timestamp without time zone)", "Rows Removed by Filter": 3}]}, {"Node Type": "Index Scan", "Parent Relationship": "Inner", "Parallel Aware": false, "Async Capable": false, "Scan Direction": "Forward", "Index Name": "idx_votes_postid", "Relation Name": "votes", "Alias": "v", "Startup Cost": 0.42, "Total Cost": 0.65, "Plan Rows": 4, "Plan Width": 4, "Actual Rows": 17, "Actual Loops": 511, "Index Cond": "(postid = c.postid)", "Rows Removed by Index Recheck": 0, "Filter": "(creationdate <= '2014-01-07 01:12:00'::timestamp without time zone)", "Rows Removed by Filter": 6}]}, {"Node Type": "Index Scan", "Parent Relationship": "Inner", "Parallel Aware": false, "Async Capable": false, "Scan Direction": "Forward", "Index Name": "idx_posthistory_postid", "Relation Name": "posthistory", "Alias": "ph", "Startup Cost": 0.42, "Total Cost": 0.55, "Plan Rows": 3, "Plan Width": 4, "Actual Rows": 7, "Actual Loops": 8567, "Index Cond": "(postid = v.postid)", "Rows Removed by Index Recheck": 0, "Filter": "(creationdate >= '2011-06-22 16:32:17'::timestamp without time zone)", "Rows Removed by Filter": 1}]}]}, "Planning Time": 5.524, "Triggers": [], "Execution Time": 43.77}, {"Plan": {"Node Type": "Aggregate", "Strategy": "Plain", "Partial Mode": "Finalize", "Parallel Aware": false, "Async Capable": false, "Startup Cost": 25192.16, "Total Cost": 25192.17, "Plan Rows": 1, "Plan Width": 8, "Actual Rows": 1, "Actual Loops": 1, "Plans": [{"Node Type": "Gather", "Parent Relationship": "Outer", "Parallel Aware": false, "Async Capable": false, "Startup Cost": 25192.05, "Total Cost": 25192.16, "Plan Rows": 1, "Plan Width": 8, "Actual Rows": 2, "Actual Loops": 1, "Workers Planned": 1, "Workers Launched": 1, "Single Copy": false, "Plans": [{"Node Type": "Aggregate", "Strategy": "Plain", "Partial Mode": "Partial", "Parent Relationship": "Outer", "Parallel Aware": false, "Async Capable": false, "Startup Cost": 24192.05, "Total Cost": 24192.06, "Plan Rows": 1, "Plan Width": 8, "Actual Rows": 1, "Actual Loops": 2, "Workers": [], "Plans": [{"Node Type": "Merge Join", "Parent Relationship": "Outer", "Parallel Aware": false, "Async Capable": false, "Join Type": "Inner", "Startup Cost": 3334.95, "Total Cost": 24191.45, "Plan Rows": 1467.0, "Plan Width": 0, "Actual Rows": 32029, "Actual Loops": 2, "Inner Unique": false, "Merge Cond": "(v.postid = p.id)", "Workers": [], "Plans": [{"Node Type": "Merge Join", "Parent Relationship": "Outer", "Parallel Aware": false, "Async Capable": false, "Join Type": "Inner", "Startup Cost": 0.84, "Total Cost": 20379.92, "Plan Rows": 31944.0, "Plan Width": 8, "Actual Rows": 44838, "Actual Loops": 2, "Inner Unique": false, "Merge Cond": "(c.postid = v.postid)", "Workers": [], "Plans": [{"Node Type": "Index Scan", "Parent Relationship": "Outer", "Parallel Aware": true, "Async Capable": false, "Scan Direction": "Forward", "Index Name": "idx_comments_postid", "Relation Name": "comments", "Alias": "c", "Startup Cost": 0.42, "Total Cost": 4959.84, "Plan Rows": 47628, "Plan Width": 4, "Actual Rows": 10622, "Actual Loops": 2, "Filter": "(creationdate >= '2013-05-27 18:05:52'::timestamp without time zone)", "Rows Removed by Filter": 46566, "Workers": []}, {"Node Type": "Index Scan", "Parent Relationship": "Inner", "Parallel Aware": false, "Async Capable": false, "Scan Direction": "Forward", "Index Name": "idx_votes_postid", "Relation Name": "votes", "Alias": "v", "Startup Cost": 0.42, "Total Cost": 12794.42, "Plan Rows": 247223, "Plan Width": 4, "Actual Rows": 259920, "Actual Loops": 2, "Filter": "(creationdate <= '2014-01-07 01:12:00'::timestamp without time zone)", "Rows Removed by Filter": 29528, "Workers": []}]}, {"Node Type": "Sort", "Parent Relationship": "Inner", "Parallel Aware": false, "Async Capable": false, "Startup Cost": 3334.1, "Total Cost": 3334.53, "Plan Rows": 38.0, "Plan Width": 12, "Actual Rows": 34824, "Actual Loops": 2, "Sort Key": ["p.id"], "Sort Method": "quicksort", "Sort Space Used": 225, "Sort Space Type": "Memory", "Workers": [{"Worker Number": 0, "Sort Method": "quicksort", "Sort Space Used": 225, "Sort Space Type": "Memory"}], "Plans": [{"Node Type": "Nested Loop", "Parent Relationship": "Outer", "Parallel Aware": false, "Async Capable": false, "Join Type": "Inner", "Startup Cost": 2921.48, "Total Cost": 3327.76, "Plan Rows": 38.0, "Plan Width": 12, "Actual Rows": 3284, "Actual Loops": 2, "Inner Unique": false, "Join Filter": "(p.id = ph.postid)", "Rows Removed by Join Filter": 0, "Workers": [], "Plans": [{"Node Type": "Hash Join", "Parent Relationship": "Outer", "Parallel Aware": false, "Async Capable": false, "Join Type": "Inner", "Startup Cost": 2921.06, "Total Cost": 3184.55, "Plan Rows": 14.0, "Plan Width": 8, "Actual Rows": 666, "Actual Loops": 2, "Inner Unique": true, "Hash Cond": "(pl.postid = p.id)", "Workers": [], "Plans": [{"Node Type": "Seq Scan", "Parent Relationship": "Outer", "Parallel Aware": false, "Async Capable": false, "Relation Name": "postlinks", "Alias": "pl", "Startup Cost": 0.0, "Total Cost": 248.53, "Plan Rows": 5700, "Plan Width": 4, "Actual Rows": 5792, "Actual Loops": 2, "Filter": "((creationdate <= '2013-09-30 02:34:03'::timestamp without time zone) AND (linktypeid = 1))", "Rows Removed by Filter": 5310, "Workers": []}, {"Node Type": "Hash", "Parent Relationship": "Inner", "Parallel Aware": false, "Async Capable": false, "Startup Cost": 2909.46, "Total Cost": 2909.46, "Plan Rows": 928, "Plan Width": 4, "Actual Rows": 1261, "Actual Loops": 2, "Hash Buckets": 2048, "Original Hash Buckets": 1024, "Hash Batches": 1, "Original Hash Batches": 1, "Peak Memory Usage": 61, "Workers": [], "Plans": [{"Node Type": "Seq Scan", "Parent Relationship": "Outer", "Parallel Aware": false, "Async Capable": false, "Relation Name": "posts", "Alias": "p", "Startup Cost": 0.0, "Total Cost": 2909.46, "Plan Rows": 928, "Plan Width": 4, "Actual Rows": 1261, "Actual Loops": 2, "Filter": "((score <= 52) AND (favoritecount >= 5) AND (favoritecount <= 38) AND (creationdate >= '2010-06-05 03:30:30'::timestamp without time zone) AND (creationdate <= '2013-12-10 23:58:44'::timestamp without time zone))", "Rows Removed by Filter": 90715, "Workers": []}]}]}, {"Node Type": "Index Scan", "Parent Relationship": "Inner", "Parallel Aware": false, "Async Capable": false, "Scan Direction": "Forward", "Index Name": "idx_posthistory_postid", "Relation Name": "posthistory", "Alias": "ph", "Startup Cost": 0.42, "Total Cost": 2.43, "Plan Rows": 3, "Plan Width": 4, "Actual Rows": 5, "Actual Loops": 1332, "Index Cond": "(postid = pl.postid)", "Rows Removed by Index Recheck": 0, "Filter": "(creationdate >= '2011-06-22 16:32:17'::timestamp without time zone)", "Rows Removed by Filter": 2, "Workers": []}]}]}]}]}]}]}, "Planning Time": 11.279, "Triggers": [], "Execution Time": 352.568}, {"Plan": {"Node Type": "Aggregate", "Strategy": "Plain", "Partial Mode": "Finalize", "Parallel Aware": false, "Async Capable": false, "Startup Cost": 8159.69, "Total Cost": 8159.7, "Plan Rows": 1, "Plan Width": 8, "Actual Rows": 1, "Actual Loops": 1, "Plans": [{"Node Type": "Gather", "Parent Relationship": "Outer", "Parallel Aware": false, "Async Capable": false, "Startup Cost": 8159.58, "Total Cost": 8159.69, "Plan Rows": 1, "Plan Width": 8, "Actual Rows": 2, "Actual Loops": 1, "Workers Planned": 1, "Workers Launched": 1, "Single Copy": false, "Plans": [{"Node Type": "Aggregate", "Strategy": "Plain", "Partial Mode": "Partial", "Parent Relationship": "Outer", "Parallel Aware": false, "Async Capable": false, "Startup Cost": 7159.58, "Total Cost": 7159.59, "Plan Rows": 1, "Plan Width": 8, "Actual Rows": 1, "Actual Loops": 2, "Workers": [], "Plans": [{"Node Type": "Hash Join", "Parent Relationship": "Outer", "Parallel Aware": false, "Async Capable": false, "Join Type": "Inner", "Startup Cost": 3241.69, "Total Cost": 7158.98, "Plan Rows": 1467.0, "Plan Width": 0, "Actual Rows": 32029, "Actual Loops": 2, "Inner Unique": false, "Hash Cond": "(p.id = pl.postid)", "Workers": [], "Plans": [{"Node Type": "Nested Loop", "Parent Relationship": "Outer", "Parallel Aware": false, "Async Capable": false, "Join Type": "Inner", "Startup Cost": 2921.91, "Total Cost": 6765.26, "Plan Rows": 5619.0, "Plan Width": 16, "Actual Rows": 29869, "Actual Loops": 2, "Inner Unique": false, "Join Filter": "(p.id = ph.postid)", "Rows Removed by Join Filter": 0, "Workers": [], "Plans": [{"Node Type": "Nested Loop", "Parent Relationship": "Outer", "Parallel Aware": false, "Async Capable": false, "Join Type": "Inner", "Startup Cost": 2921.48, "Total Cost": 6010.12, "Plan Rows": 2054.0, "Plan Width": 12, "Actual Rows": 4730, "Actual Loops": 2, "Inner Unique": false, "Join Filter": "(p.id = v.postid)", "Rows Removed by Join Filter": 0, "Workers": [], "Plans": [{"Node Type": "Hash Join", "Parent Relationship": "Outer", "Parallel Aware": false, "Async Capable": false, "Join Type": "Inner", "Startup Cost": 2921.06, "Total Cost": 5671.75, "Plan Rows": 89.0, "Plan Width": 8, "Actual Rows": 246, "Actual Loops": 2, "Inner Unique": true, "Hash Cond": "(c.postid = p.id)", "Workers": [], "Plans": [{"Node Type": "Seq Scan", "Parent Relationship": "Outer", "Parallel Aware": true, "Async Capable": false, "Relation Name": "comments", "Alias": "c", "Startup Cost": 0.0, "Total Cost": 2625.65, "Plan Rows": 47628, "Plan Width": 4, "Actual Rows": 40586, "Actual Loops": 2, "Filter": "(creationdate >= '2013-05-27 18:05:52'::timestamp without time zone)", "Rows Removed by Filter": 46566, "Workers": []}, {"Node Type": "Hash", "Parent Relationship": "Inner", "Parallel Aware": false, "Async Capable": false, "Startup Cost": 2909.46, "Total Cost": 2909.46, "Plan Rows": 928, "Plan Width": 4, "Actual Rows": 1261, "Actual Loops": 2, "Hash Buckets": 2048, "Original Hash Buckets": 1024, "Hash Batches": 1, "Original Hash Batches": 1, "Peak Memory Usage": 61, "Workers": [], "Plans": [{"Node Type": "Seq Scan", "Parent Relationship": "Outer", "Parallel Aware": false, "Async Capable": false, "Relation Name": "posts", "Alias": "p", "Startup Cost": 0.0, "Total Cost": 2909.46, "Plan Rows": 928, "Plan Width": 4, "Actual Rows": 1261, "Actual Loops": 2, "Filter": "((score <= 52) AND (favoritecount >= 5) AND (favoritecount <= 38) AND (creationdate >= '2010-06-05 03:30:30'::timestamp without time zone) AND (creationdate <= '2013-12-10 23:58:44'::timestamp without time zone))", "Rows Removed by Filter": 90715, "Workers": []}]}]}, {"Node Type": "Index Scan", "Parent Relationship": "Inner", "Parallel Aware": false, "Async Capable": false, "Scan Direction": "Forward", "Index Name": "idx_votes_postid", "Relation Name": "votes", "Alias": "v", "Startup Cost": 0.42, "Total Cost": 0.65, "Plan Rows": 4, "Plan Width": 4, "Actual Rows": 19, "Actual Loops": 493, "Index Cond": "(postid = c.postid)", "Rows Removed by Index Recheck": 0, "Filter": "(creationdate <= '2014-01-07 01:12:00'::timestamp without time zone)", "Rows Removed by Filter": 5, "Workers": []}]}, {"Node Type": "Index Scan", "Parent Relationship": "Inner", "Parallel Aware": false, "Async Capable": false, "Scan Direction": "Forward", "Index Name": "idx_posthistory_postid", "Relation Name": "posthistory", "Alias": "ph", "Startup Cost": 0.42, "Total Cost": 0.55, "Plan Rows": 3, "Plan Width": 4, "Actual Rows": 6, "Actual Loops": 9460, "Index Cond": "(postid = v.postid)", "Rows Removed by Index Recheck": 0, "Filter": "(creationdate >= '2011-06-22 16:32:17'::timestamp without time zone)", "Rows Removed by Filter": 1, "Workers": []}]}, {"Node Type": "Hash", "Parent Relationship": "Inner", "Parallel Aware": false, "Async Capable": false, "Startup Cost": 248.53, "Total Cost": 248.53, "Plan Rows": 5700, "Plan Width": 4, "Actual Rows": 5792, "Actual Loops": 2, "Hash Buckets": 8192, "Original Hash Buckets": 8192, "Hash Batches": 1, "Original Hash Batches": 1, "Peak Memory Usage": 268, "Workers": [], "Plans": [{"Node Type": "Seq Scan", "Parent Relationship": "Outer", "Parallel Aware": false, "Async Capable": false, "Relation Name": "postlinks", "Alias": "pl", "Startup Cost": 0.0, "Total Cost": 248.53, "Plan Rows": 5700, "Plan Width": 4, "Actual Rows": 5792, "Actual Loops": 2, "Filter": "((creationdate <= '2013-09-30 02:34:03'::timestamp without time zone) AND (linktypeid = 1))", "Rows Removed by Filter": 5310, "Workers": []}]}]}]}]}]}, "Planning Time": 12.886, "Triggers": [], "Execution Time": 83.376}, {"Plan": {"Node Type": "Aggregate", "Strategy": "Plain", "Partial Mode": "Simple", "Parallel Aware": false, "Async Capable": false, "Startup Cost": 24585.7, "Total Cost": 24585.71, "Plan Rows": 1, "Plan Width": 8, "Actual Rows": 1, "Actual Loops": 1, "Plans": [{"Node Type": "Merge Join", "Parent Relationship": "Outer", "Parallel Aware": false, "Async Capable": false, "Join Type": "Inner", "Startup Cost": 2956.75, "Total Cost": 24584.69, "Plan Rows": 1467.0, "Plan Width": 0, "Actual Rows": 64058, "Actual Loops": 1, "Inner Unique": false, "Merge Cond": "(p.id = ph.postid)", "Plans": [{"Node Type": "Nested Loop", "Parent Relationship": "Outer", "Parallel Aware": false, "Async Capable": false, "Join Type": "Inner", "Startup Cost": 2955.91, "Total Cost": 3566.58, "Plan Rows": 334.0, "Plan Width": 12, "Actual Rows": 15195, "Actual Loops": 1, "Inner Unique": false, "Join Filter": "(p.id = v.postid)", "Rows Removed by Join Filter": 0, "Plans": [{"Node Type": "Merge Join", "Parent Relationship": "Outer", "Parallel Aware": false, "Async Capable": false, "Join Type": "Inner", "Startup Cost": 2955.49, "Total Cost": 3425.48, "Plan Rows": 14.0, "Plan Width": 8, "Actual Rows": 666, "Actual Loops": 1, "Inner Unique": true, "Merge Cond": "(pl.postid = p.id)", "Plans": [{"Node Type": "Index Scan", "Parent Relationship": "Outer", "Parallel Aware": false, "Async Capable": false, "Scan Direction": "Forward", "Index Name": "idx_postlinks_postid", "Relation Name": "postlinks", "Alias": "pl", "Startup Cost": 0.29, "Total Cost": 450.8, "Plan Rows": 5700, "Plan Width": 4, "Actual Rows": 5792, "Actual Loops": 1, "Filter": "((creationdate <= '2013-09-30 02:34:03'::timestamp without time zone) AND (linktypeid = 1))", "Rows Removed by Filter": 5310}, {"Node Type": "Sort", "Parent Relationship": "Inner", "Parallel Aware": false, "Async Capable": false, "Startup Cost": 2955.2, "Total Cost": 2957.52, "Plan Rows": 928, "Plan Width": 4, "Actual Rows": 1233, "Actual Loops": 1, "Sort Key": ["p.id"], "Sort Method": "quicksort", "Sort Space Used": 49, "Sort Space Type": "Memory", "Plans": [{"Node Type": "Seq Scan", "Parent Relationship": "Outer", "Parallel Aware": false, "Async Capable": false, "Relation Name": "posts", "Alias": "p", "Startup Cost": 0.0, "Total Cost": 2909.46, "Plan Rows": 928, "Plan Width": 4, "Actual Rows": 1261, "Actual Loops": 1, "Filter": "((score <= 52) AND (favoritecount >= 5) AND (favoritecount <= 38) AND (creationdate >= '2010-06-05 03:30:30'::timestamp without time zone) AND (creationdate <= '2013-12-10 23:58:44'::timestamp without time zone))", "Rows Removed by Filter": 90715}]}]}, {"Node Type": "Index Scan", "Parent Relationship": "Inner", "Parallel Aware": false, "Async Capable": false, "Scan Direction": "Forward", "Index Name": "idx_votes_postid", "Relation Name": "votes", "Alias": "v", "Startup Cost": 0.42, "Total Cost": 2.38, "Plan Rows": 4, "Plan Width": 4, "Actual Rows": 23, "Actual Loops": 666, "Index Cond": "(postid = pl.postid)", "Rows Removed by Index Recheck": 0, "Filter": "(creationdate <= '2014-01-07 01:12:00'::timestamp without time zone)", "Rows Removed by Filter": 5}]}, {"Node Type": "Materialize", "Parent Relationship": "Inner", "Parallel Aware": false, "Async Capable": false, "Startup Cost": 0.84, "Total Cost": 20316.6, "Plan Rows": 2746.0, "Plan Width": 8, "Actual Rows": 155695, "Actual Loops": 1, "Plans": [{"Node Type": "Merge Join", "Parent Relationship": "Outer", "Parallel Aware": false, "Async Capable": false, "Join Type": "Inner", "Startup Cost": 0.84, "Total Cost": 19620.2, "Plan Rows": 2746.0, "Plan Width": 8, "Actual Rows": 93331, "Actual Loops": 1, "Inner Unique": false, "Merge Cond": "(c.postid = ph.postid)", "Plans": [{"Node Type": "Index Scan", "Parent Relationship": "Outer", "Parallel Aware": false, "Async Capable": false, "Scan Direction": "Forward", "Index Name": "idx_comments_postid", "Relation Name": "comments", "Alias": "c", "Startup Cost": 0.42, "Total Cost": 5857.0, "Plan Rows": 80967, "Plan Width": 4, "Actual Rows": 21244, "Actual Loops": 1, "Filter": "(creationdate >= '2013-05-27 18:05:52'::timestamp without time zone)", "Rows Removed by Filter": 93133}, {"Node Type": "Index Scan", "Parent Relationship": "Inner", "Parallel Aware": false, "Async Capable": false, "Scan Direction": "Forward", "Index Name": "idx_posthistory_postid", "Relation Name": "posthistory", "Alias": "ph", "Startup Cost": 0.42, "Total Cost": 9831.47, "Plan Rows": 271718, "Plan Width": 4, "Actual Rows": 225962, "Actual Loops": 1, "Filter": "(creationdate >= '2011-06-22 16:32:17'::timestamp without time zone)", "Rows Removed by Filter": 33569}]}]}]}]}, "Planning Time": 6.157, "Triggers": [], "Execution Time": 284.401}, {"Plan": {"Node Type": "Aggregate", "Strategy": "Plain", "Partial Mode": "Finalize", "Parallel Aware": false, "Async Capable": false, "Startup Cost": 17522.88, "Total Cost": 17522.89, "Plan Rows": 1, "Plan Width": 8, "Actual Rows": 1, "Actual Loops": 1, "Plans": [{"Node Type": "Gather", "Parent Relationship": "Outer", "Parallel Aware": false, "Async Capable": false, "Startup Cost": 17522.77, "Total Cost": 17522.88, "Plan Rows": 1, "Plan Width": 8, "Actual Rows": 2, "Actual Loops": 1, "Workers Planned": 1, "Workers Launched": 1, "Single Copy": false, "Plans": [{"Node Type": "Aggregate", "Strategy": "Plain", "Partial Mode": "Partial", "Parent Relationship": "Outer", "Parallel Aware": false, "Async Capable": false, "Startup Cost": 16522.77, "Total Cost": 16522.78, "Plan Rows": 1, "Plan Width": 8, "Actual Rows": 1, "Actual Loops": 2, "Workers": [], "Plans": [{"Node Type": "Hash Join", "Parent Relationship": "Outer", "Parallel Aware": false, "Async Capable": false, "Join Type": "Inner", "Startup Cost": 13354.85, "Total Cost": 16522.17, "Plan Rows": 1467.0, "Plan Width": 0, "Actual Rows": 32029, "Actual Loops": 2, "Inner Unique": false, "Hash Cond": "(p.id = pl.postid)", "Workers": [], "Plans": [{"Node Type": "Nested Loop", "Parent Relationship": "Outer", "Parallel Aware": false, "Async Capable": false, "Join Type": "Inner", "Startup Cost": 2921.48, "Total Cost": 6010.12, "Plan Rows": 2054.0, "Plan Width": 12, "Actual Rows": 4730, "Actual Loops": 2, "Inner Unique": false, "Join Filter": "(p.id = v.postid)", "Rows Removed by Join Filter": 0, "Workers": [], "Plans": [{"Node Type": "Hash Join", "Parent Relationship": "Outer", "Parallel Aware": false, "Async Capable": false, "Join Type": "Inner", "Startup Cost": 2921.06, "Total Cost": 5671.75, "Plan Rows": 89.0, "Plan Width": 8, "Actual Rows": 246, "Actual Loops": 2, "Inner Unique": true, "Hash Cond": "(c.postid = p.id)", "Workers": [], "Plans": [{"Node Type": "Seq Scan", "Parent Relationship": "Outer", "Parallel Aware": true, "Async Capable": false, "Relation Name": "comments", "Alias": "c", "Startup Cost": 0.0, "Total Cost": 2625.65, "Plan Rows": 47628, "Plan Width": 4, "Actual Rows": 40586, "Actual Loops": 2, "Filter": "(creationdate >= '2013-05-27 18:05:52'::timestamp without time zone)", "Rows Removed by Filter": 46566, "Workers": []}, {"Node Type": "Hash", "Parent Relationship": "Inner", "Parallel Aware": false, "Async Capable": false, "Startup Cost": 2909.46, "Total Cost": 2909.46, "Plan Rows": 928, "Plan Width": 4, "Actual Rows": 1261, "Actual Loops": 2, "Hash Buckets": 2048, "Original Hash Buckets": 1024, "Hash Batches": 1, "Original Hash Batches": 1, "Peak Memory Usage": 61, "Workers": [], "Plans": [{"Node Type": "Seq Scan", "Parent Relationship": "Outer", "Parallel Aware": false, "Async Capable": false, "Relation Name": "posts", "Alias": "p", "Startup Cost": 0.0, "Total Cost": 2909.46, "Plan Rows": 928, "Plan Width": 4, "Actual Rows": 1261, "Actual Loops": 2, "Filter": "((score <= 52) AND (favoritecount >= 5) AND (favoritecount <= 38) AND (creationdate >= '2010-06-05 03:30:30'::timestamp without time zone) AND (creationdate <= '2013-12-10 23:58:44'::timestamp without time zone))", "Rows Removed by Filter": 90715, "Workers": []}]}]}, {"Node Type": "Index Scan", "Parent Relationship": "Inner", "Parallel Aware": false, "Async Capable": false, "Scan Direction": "Forward", "Index Name": "idx_votes_postid", "Relation Name": "votes", "Alias": "v", "Startup Cost": 0.42, "Total Cost": 0.65, "Plan Rows": 4, "Plan Width": 4, "Actual Rows": 19, "Actual Loops": 493, "Index Cond": "(postid = c.postid)", "Rows Removed by Index Recheck": 0, "Filter": "(creationdate <= '2014-01-07 01:12:00'::timestamp without time zone)", "Rows Removed by Filter": 5, "Workers": []}]}, {"Node Type": "Hash", "Parent Relationship": "Inner", "Parallel Aware": false, "Async Capable": false, "Startup Cost": 10186.13, "Total Cost": 10186.13, "Plan Rows": 764.0, "Plan Width": 8, "Actual Rows": 30352, "Actual Loops": 2, "Hash Buckets": 32768, "Original Hash Buckets": 32768, "Hash Batches": 1, "Original Hash Batches": 1, "Peak Memory Usage": 1442, "Workers": [], "Plans": [{"Node Type": "Hash Join", "Parent Relationship": "Outer", "Parallel Aware": false, "Async Capable": false, "Join Type": "Inner", "Startup Cost": 9426.31, "Total Cost": 10186.13, "Plan Rows": 764.0, "Plan Width": 8, "Actual Rows": 30352, "Actual Loops": 2, "Inner Unique": false, "Hash Cond": "(pl.postid = ph.postid)", "Workers": [], "Plans": [{"Node Type": "Seq Scan", "Parent Relationship": "Outer", "Parallel Aware": false, "Async Capable": false, "Relation Name": "postlinks", "Alias": "pl", "Startup Cost": 0.0, "Total Cost": 248.53, "Plan Rows": 5700, "Plan Width": 4, "Actual Rows": 5792, "Actual Loops": 2, "Filter": "((creationdate <= '2013-09-30 02:34:03'::timestamp without time zone) AND (linktypeid = 1))", "Rows Removed by Filter": 5310, "Workers": []}, {"Node Type": "Hash", "Parent Relationship": "Inner", "Parallel Aware": false, "Async Capable": false, "Startup Cost": 6029.84, "Total Cost": 6029.84, "Plan Rows": 271718, "Plan Width": 4, "Actual Rows": 271704, "Actual Loops": 2, "Hash Buckets": 524288, "Original Hash Buckets": 524288, "Hash Batches": 1, "Original Hash Batches": 1, "Peak Memory Usage": 13649, "Workers": [], "Plans": [{"Node Type": "Seq Scan", "Parent Relationship": "Outer", "Parallel Aware": false, "Async Capable": false, "Relation Name": "posthistory", "Alias": "ph", "Startup Cost": 0.0, "Total Cost": 6029.84, "Plan Rows": 271718, "Plan Width": 4, "Actual Rows": 271704, "Actual Loops": 2, "Filter": "(creationdate >= '2011-06-22 16:32:17'::timestamp without time zone)", "Rows Removed by Filter": 31483, "Workers": []}]}]}]}]}]}]}]}, "Planning Time": 12.727, "Triggers": [], "Execution Time": 230.348}, {"Plan": {"Node Type": "Aggregate", "Strategy": "Plain", "Partial Mode": "Simple", "Parallel Aware": false, "Async Capable": false, "Startup Cost": 20445.06, "Total Cost": 20445.07, "Plan Rows": 1, "Plan Width": 8, "Actual Rows": 1, "Actual Loops": 1, "Plans": [{"Node Type": "Hash Join", "Parent Relationship": "Outer", "Parallel Aware": false, "Async Capable": false, "Join Type": "Inner", "Startup Cost": 13178.16, "Total Cost": 20444.05, "Plan Rows": 1467.0, "Plan Width": 0, "Actual Rows": 64058, "Actual Loops": 1, "Inner Unique": false, "Hash Cond": "(pl.postid = p.id)", "Plans": [{"Node Type": "Nested Loop", "Parent Relationship": "Outer", "Parallel Aware": false, "Async Capable": false, "Join Type": "Inner", "Startup Cost": 4535.32, "Total Cost": 11551.63, "Plan Rows": 7376.0, "Plan Width": 12, "Actual Rows": 28833, "Actual Loops": 1, "Inner Unique": false, "Join Filter": "(pl.postid = v.postid)", "Rows Removed by Join Filter": 0, "Plans": [{"Node Type": "Hash Join", "Parent Relationship": "Outer", "Parallel Aware": false, "Async Capable": false, "Join Type": "Inner", "Startup Cost": 4534.9, "Total Cost": 5215.5, "Plan Rows": 397.0, "Plan Width": 8, "Actual Rows": 4687, "Actual Loops": 1, "Inner Unique": false, "Hash Cond": "(pl.postid = c.postid)", "Plans": [{"Node Type": "Seq Scan", "Parent Relationship": "Outer", "Parallel Aware": false, "Async Capable": false, "Relation Name": "postlinks", "Alias": "pl", "Startup Cost": 0.0, "Total Cost": 248.53, "Plan Rows": 5700, "Plan Width": 4, "Actual Rows": 5792, "Actual Loops": 1, "Filter": "((creationdate <= '2013-09-30 02:34:03'::timestamp without time zone) AND (linktypeid = 1))", "Rows Removed by Filter": 5310}, {"Node Type": "Hash", "Parent Relationship": "Inner", "Parallel Aware": false, "Async Capable": false, "Startup Cost": 3522.81, "Total Cost": 3522.81, "Plan Rows": 80967, "Plan Width": 4, "Actual Rows": 81172, "Actual Loops": 1, "Hash Buckets": 131072, "Original Hash Buckets": 131072, "Hash Batches": 1, "Original Hash Batches": 1, "Peak Memory Usage": 3878, "Plans": [{"Node Type": "Seq Scan", "Parent Relationship": "Outer", "Parallel Aware": false, "Async Capable": false, "Relation Name": "comments", "Alias": "c", "Startup Cost": 0.0, "Total Cost": 3522.81, "Plan Rows": 80967, "Plan Width": 4, "Actual Rows": 81172, "Actual Loops": 1, "Filter": "(creationdate >= '2013-05-27 18:05:52'::timestamp without time zone)", "Rows Removed by Filter": 93133}]}]}, {"Node Type": "Index Scan", "Parent Relationship": "Inner", "Parallel Aware": false, "Async Capable": false, "Scan Direction": "Forward", "Index Name": "idx_votes_postid", "Relation Name": "votes", "Alias": "v", "Startup Cost": 0.42, "Total Cost": 0.65, "Plan Rows": 4, "Plan Width": 4, "Actual Rows": 6, "Actual Loops": 4687, "Index Cond": "(postid = c.postid)", "Rows Removed by Index Recheck": 0, "Filter": "(creationdate <= '2014-01-07 01:12:00'::timestamp without time zone)", "Rows Removed by Filter": 1}]}, {"Node Type": "Hash", "Parent Relationship": "Inner", "Parallel Aware": false, "Async Capable": false, "Startup Cost": 8608.56, "Total Cost": 8608.56, "Plan Rows": 107.0, "Plan Width": 8, "Actual Rows": 4893, "Actual Loops": 1, "Hash Buckets": 8192, "Original Hash Buckets": 4096, "Hash Batches": 1, "Original Hash Batches": 1, "Peak Memory Usage": 256, "Plans": [{"Node Type": "Nested Loop", "Parent Relationship": "Outer", "Parallel Aware": false, "Async Capable": false, "Join Type": "Inner", "Startup Cost": 0.42, "Total Cost": 8608.56, "Plan Rows": 107.0, "Plan Width": 8, "Actual Rows": 4893, "Actual Loops": 1, "Inner Unique": false, "Plans": [{"Node Type": "Seq Scan", "Parent Relationship": "Outer", "Parallel Aware": false, "Async Capable": false, "Relation Name": "posts", "Alias": "p", "Startup Cost": 0.0, "Total Cost": 2909.46, "Plan Rows": 928, "Plan Width": 4, "Actual Rows": 1261, "Actual Loops": 1, "Filter": "((score <= 52) AND (favoritecount >= 5) AND (favoritecount <= 38) AND (creationdate >= '2010-06-05 03:30:30'::timestamp without time zone) AND (creationdate <= '2013-12-10 23:58:44'::timestamp without time zone))", "Rows Removed by Filter": 90715}, {"Node Type": "Index Scan", "Parent Relationship": "Inner", "Parallel Aware": false, "Async Capable": false, "Scan Direction": "Forward", "Index Name": "idx_posthistory_postid", "Relation Name": "posthistory", "Alias": "ph", "Startup Cost": 0.42, "Total Cost": 6.11, "Plan Rows": 3, "Plan Width": 4, "Actual Rows": 4, "Actual Loops": 1261, "Index Cond": "(postid = p.id)", "Rows Removed by Index Recheck": 0, "Filter": "(creationdate >= '2011-06-22 16:32:17'::timestamp without time zone)", "Rows Removed by Filter": 2}]}]}]}]}, "Planning Time": 6.001, "Triggers": [], "Execution Time": 136.871}, {"Plan": {"Node Type": "Aggregate", "Strategy": "Plain", "Partial Mode": "Simple", "Parallel Aware": false, "Async Capable": false, "Startup Cost": 27666.21, "Total Cost": 27666.22, "Plan Rows": 1, "Plan Width": 8, "Actual Rows": 1, "Actual Loops": 1, "Plans": [{"Node Type": "Hash Join", "Parent Relationship": "Outer", "Parallel Aware": false, "Async Capable": false, "Join Type": "Inner", "Startup Cost": 16882.69, "Total Cost": 27665.2, "Plan Rows": 1467.0, "Plan Width": 0, "Actual Rows": 64058, "Actual Loops": 1, "Inner Unique": true, "Hash Cond": "(pl.postid = p.id)", "Plans": [{"Node Type": "Hash Join", "Parent Relationship": "Outer", "Parallel Aware": false, "Async Capable": false, "Join Type": "Inner", "Startup Cost": 13961.64, "Total Cost": 24396.94, "Plan Rows": 19773.0, "Plan Width": 16, "Actual Rows": 196794, "Actual Loops": 1, "Inner Unique": false, "Hash Cond": "(pl.postid = ph.postid)", "Plans": [{"Node Type": "Nested Loop", "Parent Relationship": "Outer", "Parallel Aware": false, "Async Capable": false, "Join Type": "Inner", "Startup Cost": 4535.32, "Total Cost": 11551.63, "Plan Rows": 7376.0, "Plan Width": 12, "Actual Rows": 28833, "Actual Loops": 1, "Inner Unique": false, "Join Filter": "(pl.postid = v.postid)", "Rows Removed by Join Filter": 0, "Plans": [{"Node Type": "Hash Join", "Parent Relationship": "Outer", "Parallel Aware": false, "Async Capable": false, "Join Type": "Inner", "Startup Cost": 4534.9, "Total Cost": 5215.5, "Plan Rows": 397.0, "Plan Width": 8, "Actual Rows": 4687, "Actual Loops": 1, "Inner Unique": false, "Hash Cond": "(pl.postid = c.postid)", "Plans": [{"Node Type": "Seq Scan", "Parent Relationship": "Outer", "Parallel Aware": false, "Async Capable": false, "Relation Name": "postlinks", "Alias": "pl", "Startup Cost": 0.0, "Total Cost": 248.53, "Plan Rows": 5700, "Plan Width": 4, "Actual Rows": 5792, "Actual Loops": 1, "Filter": "((creationdate <= '2013-09-30 02:34:03'::timestamp without time zone) AND (linktypeid = 1))", "Rows Removed by Filter": 5310}, {"Node Type": "Hash", "Parent Relationship": "Inner", "Parallel Aware": false, "Async Capable": false, "Startup Cost": 3522.81, "Total Cost": 3522.81, "Plan Rows": 80967, "Plan Width": 4, "Actual Rows": 81172, "Actual Loops": 1, "Hash Buckets": 131072, "Original Hash Buckets": 131072, "Hash Batches": 1, "Original Hash Batches": 1, "Peak Memory Usage": 3878, "Plans": [{"Node Type": "Seq Scan", "Parent Relationship": "Outer", "Parallel Aware": false, "Async Capable": false, "Relation Name": "comments", "Alias": "c", "Startup Cost": 0.0, "Total Cost": 3522.81, "Plan Rows": 80967, "Plan Width": 4, "Actual Rows": 81172, "Actual Loops": 1, "Filter": "(creationdate >= '2013-05-27 18:05:52'::timestamp without time zone)", "Rows Removed by Filter": 93133}]}]}, {"Node Type": "Index Scan", "Parent Relationship": "Inner", "Parallel Aware": false, "Async Capable": false, "Scan Direction": "Forward", "Index Name": "idx_votes_postid", "Relation Name": "votes", "Alias": "v", "Startup Cost": 0.42, "Total Cost": 0.65, "Plan Rows": 4, "Plan Width": 4, "Actual Rows": 6, "Actual Loops": 4687, "Index Cond": "(postid = c.postid)", "Rows Removed by Index Recheck": 0, "Filter": "(creationdate <= '2014-01-07 01:12:00'::timestamp without time zone)", "Rows Removed by Filter": 1}]}, {"Node Type": "Hash", "Parent Relationship": "Inner", "Parallel Aware": false, "Async Capable": false, "Startup Cost": 6029.84, "Total Cost": 6029.84, "Plan Rows": 271718, "Plan Width": 4, "Actual Rows": 271704, "Actual Loops": 1, "Hash Buckets": 524288, "Original Hash Buckets": 524288, "Hash Batches": 1, "Original Hash Batches": 1, "Peak Memory Usage": 13649, "Plans": [{"Node Type": "Seq Scan", "Parent Relationship": "Outer", "Parallel Aware": false, "Async Capable": false, "Relation Name": "posthistory", "Alias": "ph", "Startup Cost": 0.0, "Total Cost": 6029.84, "Plan Rows": 271718, "Plan Width": 4, "Actual Rows": 271704, "Actual Loops": 1, "Filter": "(creationdate >= '2011-06-22 16:32:17'::timestamp without time zone)", "Rows Removed by Filter": 31483}]}]}, {"Node Type": "Hash", "Parent Relationship": "Inner", "Parallel Aware": false, "Async Capable": false, "Startup Cost": 2909.46, "Total Cost": 2909.46, "Plan Rows": 928, "Plan Width": 4, "Actual Rows": 1261, "Actual Loops": 1, "Hash Buckets": 2048, "Original Hash Buckets": 1024, "Hash Batches": 1, "Original Hash Batches": 1, "Peak Memory Usage": 61, "Plans": [{"Node Type": "Seq Scan", "Parent Relationship": "Outer", "Parallel Aware": false, "Async Capable": false, "Relation Name": "posts", "Alias": "p", "Startup Cost": 0.0, "Total Cost": 2909.46, "Plan Rows": 928, "Plan Width": 4, "Actual Rows": 1261, "Actual Loops": 1, "Filter": "((score <= 52) AND (favoritecount >= 5) AND (favoritecount <= 38) AND (creationdate >= '2010-06-05 03:30:30'::timestamp without time zone) AND (creationdate <= '2013-12-10 23:58:44'::timestamp without time zone))", "Rows Removed by Filter": 90715}]}]}]}, "Planning Time": 6.394, "Triggers": [], "Execution Time": 274.873}, {"Plan": {"Node Type": "Aggregate", "Strategy": "Plain", "Partial Mode": "Finalize", "Parallel Aware": false, "Async Capable": false, "Startup Cost": 9437.75, "Total Cost": 9437.76, "Plan Rows": 1, "Plan Width": 8, "Actual Rows": 1, "Actual Loops": 1, "Plans": [{"Node Type": "Gather", "Parent Relationship": "Outer", "Parallel Aware": false, "Async Capable": false, "Startup Cost": 9437.64, "Total Cost": 9437.75, "Plan Rows": 1, "Plan Width": 8, "Actual Rows": 2, "Actual Loops": 1, "Workers Planned": 1, "Workers Launched": 1, "Single Copy": false, "Plans": [{"Node Type": "Aggregate", "Strategy": "Plain", "Partial Mode": "Partial", "Parent Relationship": "Outer", "Parallel Aware": false, "Async Capable": false, "Startup Cost": 8437.64, "Total Cost": 8437.65, "Plan Rows": 1, "Plan Width": 8, "Actual Rows": 1, "Actual Loops": 2, "Workers": [], "Plans": [{"Node Type": "Hash Join", "Parent Relationship": "Outer", "Parallel Aware": false, "Async Capable": false, "Join Type": "Inner", "Startup Cost": 3317.07, "Total Cost": 8437.04, "Plan Rows": 1467.0, "Plan Width": 0, "Actual Rows": 32029, "Actual Loops": 2, "Inner Unique": false, "Hash Cond": "(v.postid = p.id)", "Workers": [], "Plans": [{"Node Type": "Seq Scan", "Parent Relationship": "Outer", "Parallel Aware": true, "Async Capable": false, "Relation Name": "votes", "Alias": "v", "Startup Cost": 0.0, "Total Cost": 4572.24, "Plan Rows": 145425, "Plan Width": 4, "Actual Rows": 123477, "Actual Loops": 2, "Filter": "(creationdate <= '2014-01-07 01:12:00'::timestamp without time zone)", "Rows Removed by Filter": 40555, "Workers": []}, {"Node Type": "Hash", "Parent Relationship": "Inner", "Parallel Aware": false, "Async Capable": false, "Startup Cost": 3315.18, "Total Cost": 3315.18, "Plan Rows": 70.0, "Plan Width": 16, "Actual Rows": 4093, "Actual Loops": 2, "Hash Buckets": 4096, "Original Hash Buckets": 1024, "Hash Batches": 1, "Original Hash Batches": 1, "Peak Memory Usage": 224, "Workers": [], "Plans": [{"Node Type": "Nested Loop", "Parent Relationship": "Outer", "Parallel Aware": false, "Async Capable": false, "Join Type": "Inner", "Startup Cost": 2921.9, "Total Cost": 3315.18, "Plan Rows": 70.0, "Plan Width": 16, "Actual Rows": 4093, "Actual Loops": 2, "Inner Unique": false, "Join Filter": "(p.id = ph.postid)", "Rows Removed by Join Filter": 0, "Workers": [], "Plans": [{"Node Type": "Nested Loop", "Parent Relationship": "Outer", "Parallel Aware": false, "Async Capable": false, "Join Type": "Inner", "Startup Cost": 2921.48, "Total Cost": 3280.72, "Plan Rows": 24.0, "Plan Width": 12, "Actual Rows": 511, "Actual Loops": 2, "Inner Unique": false, "Join Filter": "(c.postid = p.id)", "Rows Removed by Join Filter": 0, "Workers": [], "Plans": [{"Node Type": "Hash Join", "Parent Relationship": "Outer", "Parallel Aware": false, "Async Capable": false, "Join Type": "Inner", "Startup Cost": 2921.06, "Total Cost": 3184.55, "Plan Rows": 14.0, "Plan Width": 8, "Actual Rows": 666, "Actual Loops": 2, "Inner Unique": true, "Hash Cond": "(pl.postid = p.id)", "Workers": [], "Plans": [{"Node Type": "Seq Scan", "Parent Relationship": "Outer", "Parallel Aware": false, "Async Capable": false, "Relation Name": "postlinks", "Alias": "pl", "Startup Cost": 0.0, "Total Cost": 248.53, "Plan Rows": 5700, "Plan Width": 4, "Actual Rows": 5792, "Actual Loops": 2, "Filter": "((creationdate <= '2013-09-30 02:34:03'::timestamp without time zone) AND (linktypeid = 1))", "Rows Removed by Filter": 5310, "Workers": []}, {"Node Type": "Hash", "Parent Relationship": "Inner", "Parallel Aware": false, "Async Capable": false, "Startup Cost": 2909.46, "Total Cost": 2909.46, "Plan Rows": 928, "Plan Width": 4, "Actual Rows": 1261, "Actual Loops": 2, "Hash Buckets": 2048, "Original Hash Buckets": 1024, "Hash Batches": 1, "Original Hash Batches": 1, "Peak Memory Usage": 61, "Workers": [], "Plans": [{"Node Type": "Seq Scan", "Parent Relationship": "Outer", "Parallel Aware": false, "Async Capable": false, "Relation Name": "posts", "Alias": "p", "Startup Cost": 0.0, "Total Cost": 2909.46, "Plan Rows": 928, "Plan Width": 4, "Actual Rows": 1261, "Actual Loops": 2, "Filter": "((score <= 52) AND (favoritecount >= 5) AND (favoritecount <= 38) AND (creationdate >= '2010-06-05 03:30:30'::timestamp without time zone) AND (creationdate <= '2013-12-10 23:58:44'::timestamp without time zone))", "Rows Removed by Filter": 90715, "Workers": []}]}]}, {"Node Type": "Index Scan", "Parent Relationship": "Inner", "Parallel Aware": false, "Async Capable": false, "Scan Direction": "Forward", "Index Name": "idx_comments_postid", "Relation Name": "comments", "Alias": "c", "Startup Cost": 0.42, "Total Cost": 1.63, "Plan Rows": 2, "Plan Width": 4, "Actual Rows": 1, "Actual Loops": 1332, "Index Cond": "(postid = pl.postid)", "Rows Removed by Index Recheck": 0, "Filter": "(creationdate >= '2013-05-27 18:05:52'::timestamp without time zone)", "Rows Removed by Filter": 3, "Workers": []}]}, {"Node Type": "Index Scan", "Parent Relationship": "Inner", "Parallel Aware": false, "Async Capable": false, "Scan Direction": "Forward", "Index Name": "idx_posthistory_postid", "Relation Name": "posthistory", "Alias": "ph", "Startup Cost": 0.42, "Total Cost": 0.64, "Plan Rows": 3, "Plan Width": 4, "Actual Rows": 8, "Actual Loops": 1022, "Index Cond": "(postid = c.postid)", "Rows Removed by Index Recheck": 0, "Filter": "(creationdate >= '2011-06-22 16:32:17'::timestamp without time zone)", "Rows Removed by Filter": 0, "Workers": []}]}]}]}]}]}]}, "Planning Time": 13.924, "Triggers": [], "Execution Time": 73.312}, {"Plan": {"Node Type": "Aggregate", "Strategy": "Plain", "Partial Mode": "Simple", "Parallel Aware": false, "Async Capable": false, "Startup Cost": 7254.09, "Total Cost": 7254.1, "Plan Rows": 1, "Plan Width": 8, "Actual Rows": 1, "Actual Loops": 1, "Plans": [{"Node Type": "Hash Join", "Parent Relationship": "Outer", "Parallel Aware": false, "Async Capable": false, "Join Type": "Inner", "Startup Cost": 3422.59, "Total Cost": 7253.08, "Plan Rows": 1467.0, "Plan Width": 0, "Actual Rows": 64058, "Actual Loops": 1, "Inner Unique": false, "Hash Cond": "(c.postid = p.id)", "Plans": [{"Node Type": "Seq Scan", "Parent Relationship": "Outer", "Parallel Aware": false, "Async Capable": false, "Relation Name": "comments", "Alias": "c", "Startup Cost": 0.0, "Total Cost": 3522.81, "Plan Rows": 80967, "Plan Width": 4, "Actual Rows": 81172, "Actual Loops": 1, "Filter": "(creationdate >= '2013-05-27 18:05:52'::timestamp without time zone)", "Rows Removed by Filter": 93133}, {"Node Type": "Hash", "Parent Relationship": "Inner", "Parallel Aware": false, "Async Capable": false, "Startup Cost": 3416.84, "Total Cost": 3416.84, "Plan Rows": 836.0, "Plan Width": 16, "Actual Rows": 70689, "Actual Loops": 1, "Hash Buckets": 131072, "Original Hash Buckets": 1024, "Hash Batches": 1, "Original Hash Batches": 1, "Peak Memory Usage": 4338, "Plans": [{"Node Type": "Nested Loop", "Parent Relationship": "Outer", "Parallel Aware": false, "Async Capable": false, "Join Type": "Inner", "Startup Cost": 2921.91, "Total Cost": 3416.84, "Plan Rows": 836.0, "Plan Width": 16, "Actual Rows": 70689, "Actual Loops": 1, "Inner Unique": false, "Join Filter": "(p.id = ph.postid)", "Rows Removed by Join Filter": 0, "Plans": [{"Node Type": "Nested Loop", "Parent Relationship": "Outer", "Parallel Aware": false, "Async Capable": false, "Join Type": "Inner", "Startup Cost": 2921.48, "Total Cost": 3325.66, "Plan Rows": 334.0, "Plan Width": 12, "Actual Rows": 15195, "Actual Loops": 1, "Inner Unique": false, "Join Filter": "(p.id = v.postid)", "Rows Removed by Join Filter": 0, "Plans": [{"Node Type": "Hash Join", "Parent Relationship": "Outer", "Parallel Aware": false, "Async Capable": false, "Join Type": "Inner", "Startup Cost": 2921.06, "Total Cost": 3184.55, "Plan Rows": 14.0, "Plan Width": 8, "Actual Rows": 666, "Actual Loops": 1, "Inner Unique": true, "Hash Cond": "(pl.postid = p.id)", "Plans": [{"Node Type": "Seq Scan", "Parent Relationship": "Outer", "Parallel Aware": false, "Async Capable": false, "Relation Name": "postlinks", "Alias": "pl", "Startup Cost": 0.0, "Total Cost": 248.53, "Plan Rows": 5700, "Plan Width": 4, "Actual Rows": 5792, "Actual Loops": 1, "Filter": "((creationdate <= '2013-09-30 02:34:03'::timestamp without time zone) AND (linktypeid = 1))", "Rows Removed by Filter": 5310}, {"Node Type": "Hash", "Parent Relationship": "Inner", "Parallel Aware": false, "Async Capable": false, "Startup Cost": 2909.46, "Total Cost": 2909.46, "Plan Rows": 928, "Plan Width": 4, "Actual Rows": 1261, "Actual Loops": 1, "Hash Buckets": 2048, "Original Hash Buckets": 1024, "Hash Batches": 1, "Original Hash Batches": 1, "Peak Memory Usage": 61, "Plans": [{"Node Type": "Seq Scan", "Parent Relationship": "Outer", "Parallel Aware": false, "Async Capable": false, "Relation Name": "posts", "Alias": "p", "Startup Cost": 0.0, "Total Cost": 2909.46, "Plan Rows": 928, "Plan Width": 4, "Actual Rows": 1261, "Actual Loops": 1, "Filter": "((score <= 52) AND (favoritecount >= 5) AND (favoritecount <= 38) AND (creationdate >= '2010-06-05 03:30:30'::timestamp without time zone) AND (creationdate <= '2013-12-10 23:58:44'::timestamp without time zone))", "Rows Removed by Filter": 90715}]}]}, {"Node Type": "Index Scan", "Parent Relationship": "Inner", "Parallel Aware": false, "Async Capable": false, "Scan Direction": "Forward", "Index Name": "idx_votes_postid", "Relation Name": "votes", "Alias": "v", "Startup Cost": 0.42, "Total Cost": 2.38, "Plan Rows": 4, "Plan Width": 4, "Actual Rows": 23, "Actual Loops": 666, "Index Cond": "(postid = pl.postid)", "Rows Removed by Index Recheck": 0, "Filter": "(creationdate <= '2014-01-07 01:12:00'::timestamp without time zone)", "Rows Removed by Filter": 5}]}, {"Node Type": "Index Scan", "Parent Relationship": "Inner", "Parallel Aware": false, "Async Capable": false, "Scan Direction": "Forward", "Index Name": "idx_posthistory_postid", "Relation Name": "posthistory", "Alias": "ph", "Startup Cost": 0.42, "Total Cost": 0.55, "Plan Rows": 3, "Plan Width": 4, "Actual Rows": 5, "Actual Loops": 15195, "Index Cond": "(postid = v.postid)", "Rows Removed by Index Recheck": 0, "Filter": "(creationdate >= '2011-06-22 16:32:17'::timestamp without time zone)", "Rows Removed by Filter": 2}]}]}]}]}, "Planning Time": 5.937, "Triggers": [], "Execution Time": 147.944}, {"Plan": {"Node Type": "Aggregate", "Strategy": "Plain", "Partial Mode": "Simple", "Parallel Aware": false, "Async Capable": false, "Startup Cost": 15713.81, "Total Cost": 15713.82, "Plan Rows": 1, "Plan Width": 8, "Actual Rows": 1, "Actual Loops": 1, "Plans": [{"Node Type": "Hash Join", "Parent Relationship": "Outer", "Parallel Aware": false, "Async Capable": false, "Join Type": "Inner", "Startup Cost": 14912.39, "Total Cost": 15712.79, "Plan Rows": 1467.0, "Plan Width": 0, "Actual Rows": 64058, "Actual Loops": 1, "Inner Unique": false, "Hash Cond": "(pl.postid = p.id)", "Plans": [{"Node Type": "Hash Join", "Parent Relationship": "Outer", "Parallel Aware": false, "Async Capable": false, "Join Type": "Inner", "Startup Cost": 4534.9, "Total Cost": 5215.5, "Plan Rows": 397.0, "Plan Width": 8, "Actual Rows": 4687, "Actual Loops": 1, "Inner Unique": false, "Hash Cond": "(pl.postid = c.postid)", "Plans": [{"Node Type": "Seq Scan", "Parent Relationship": "Outer", "Parallel Aware": false, "Async Capable": false, "Relation Name": "postlinks", "Alias": "pl", "Startup Cost": 0.0, "Total Cost": 248.53, "Plan Rows": 5700, "Plan Width": 4, "Actual Rows": 5792, "Actual Loops": 1, "Filter": "((creationdate <= '2013-09-30 02:34:03'::timestamp without time zone) AND (linktypeid = 1))", "Rows Removed by Filter": 5310}, {"Node Type": "Hash", "Parent Relationship": "Inner", "Parallel Aware": false, "Async Capable": false, "Startup Cost": 3522.81, "Total Cost": 3522.81, "Plan Rows": 80967, "Plan Width": 4, "Actual Rows": 81172, "Actual Loops": 1, "Hash Buckets": 131072, "Original Hash Buckets": 131072, "Hash Batches": 1, "Original Hash Batches": 1, "Peak Memory Usage": 3878, "Plans": [{"Node Type": "Seq Scan", "Parent Relationship": "Outer", "Parallel Aware": false, "Async Capable": false, "Relation Name": "comments", "Alias": "c", "Startup Cost": 0.0, "Total Cost": 3522.81, "Plan Rows": 80967, "Plan Width": 4, "Actual Rows": 81172, "Actual Loops": 1, "Filter": "(creationdate >= '2013-05-27 18:05:52'::timestamp without time zone)", "Rows Removed by Filter": 93133}]}]}, {"Node Type": "Hash", "Parent Relationship": "Inner", "Parallel Aware": false, "Async Capable": false, "Startup Cost": 10285.36, "Total Cost": 10285.36, "Plan Rows": 3173.0, "Plan Width": 12, "Actual Rows": 96851, "Actual Loops": 1, "Hash Buckets": 131072, "Original Hash Buckets": 8192, "Hash Batches": 1, "Original Hash Batches": 1, "Peak Memory Usage": 5186, "Plans": [{"Node Type": "Nested Loop", "Parent Relationship": "Outer", "Parallel Aware": false, "Async Capable": false, "Join Type": "Inner", "Startup Cost": 0.84, "Total Cost": 10285.36, "Plan Rows": 3173.0, "Plan Width": 12, "Actual Rows": 96851, "Actual Loops": 1, "Inner Unique": false, "Join Filter": "(p.id = v.postid)", "Rows Removed by Join Filter": 0, "Plans": [{"Node Type": "Nested Loop", "Parent Relationship": "Outer", "Parallel Aware": false, "Async Capable": false, "Join Type": "Inner", "Startup Cost": 0.42, "Total Cost": 8608.56, "Plan Rows": 107.0, "Plan Width": 8, "Actual Rows": 4893, "Actual Loops": 1, "Inner Unique": false, "Plans": [{"Node Type": "Seq Scan", "Parent Relationship": "Outer", "Parallel Aware": false, "Async Capable": false, "Relation Name": "posts", "Alias": "p", "Startup Cost": 0.0, "Total Cost": 2909.46, "Plan Rows": 928, "Plan Width": 4, "Actual Rows": 1261, "Actual Loops": 1, "Filter": "((score <= 52) AND (favoritecount >= 5) AND (favoritecount <= 38) AND (creationdate >= '2010-06-05 03:30:30'::timestamp without time zone) AND (creationdate <= '2013-12-10 23:58:44'::timestamp without time zone))", "Rows Removed by Filter": 90715}, {"Node Type": "Index Scan", "Parent Relationship": "Inner", "Parallel Aware": false, "Async Capable": false, "Scan Direction": "Forward", "Index Name": "idx_posthistory_postid", "Relation Name": "posthistory", "Alias": "ph", "Startup Cost": 0.42, "Total Cost": 6.11, "Plan Rows": 3, "Plan Width": 4, "Actual Rows": 4, "Actual Loops": 1261, "Index Cond": "(postid = p.id)", "Rows Removed by Index Recheck": 0, "Filter": "(creationdate >= '2011-06-22 16:32:17'::timestamp without time zone)", "Rows Removed by Filter": 2}]}, {"Node Type": "Index Scan", "Parent Relationship": "Inner", "Parallel Aware": false, "Async Capable": false, "Scan Direction": "Forward", "Index Name": "idx_votes_postid", "Relation Name": "votes", "Alias": "v", "Startup Cost": 0.42, "Total Cost": 0.56, "Plan Rows": 4, "Plan Width": 4, "Actual Rows": 20, "Actual Loops": 4893, "Index Cond": "(postid = ph.postid)", "Rows Removed by Index Recheck": 0, "Filter": "(creationdate <= '2014-01-07 01:12:00'::timestamp without time zone)", "Rows Removed by Filter": 4}]}]}]}]}, "Planning Time": 6.048, "Triggers": [], "Execution Time": 195.861}, {"Plan": {"Node Type": "Aggregate", "Strategy": "Plain", "Partial Mode": "Simple", "Parallel Aware": false, "Async Capable": false, "Startup Cost": 28851.18, "Total Cost": 28851.19, "Plan Rows": 1, "Plan Width": 8, "Actual Rows": 1, "Actual Loops": 1, "Plans": [{"Node Type": "Merge Join", "Parent Relationship": "Outer", "Parallel Aware": false, "Async Capable": false, "Join Type": "Inner", "Startup Cost": 2956.75, "Total Cost": 28850.17, "Plan Rows": 1467.0, "Plan Width": 0, "Actual Rows": 64058, "Actual Loops": 1, "Inner Unique": false, "Merge Cond": "(p.id = v.postid)", "Plans": [{"Node Type": "Nested Loop", "Parent Relationship": "Outer", "Parallel Aware": false, "Async Capable": false, "Join Type": "Inner", "Startup Cost": 2955.91, "Total Cost": 3568.68, "Plan Rows": 38.0, "Plan Width": 12, "Actual Rows": 3284, "Actual Loops": 1, "Inner Unique": false, "Join Filter": "(p.id = ph.postid)", "Rows Removed by Join Filter": 0, "Plans": [{"Node Type": "Merge Join", "Parent Relationship": "Outer", "Parallel Aware": false, "Async Capable": false, "Join Type": "Inner", "Startup Cost": 2955.49, "Total Cost": 3425.48, "Plan Rows": 14.0, "Plan Width": 8, "Actual Rows": 666, "Actual Loops": 1, "Inner Unique": true, "Merge Cond": "(pl.postid = p.id)", "Plans": [{"Node Type": "Index Scan", "Parent Relationship": "Outer", "Parallel Aware": false, "Async Capable": false, "Scan Direction": "Forward", "Index Name": "idx_postlinks_postid", "Relation Name": "postlinks", "Alias": "pl", "Startup Cost": 0.29, "Total Cost": 450.8, "Plan Rows": 5700, "Plan Width": 4, "Actual Rows": 5792, "Actual Loops": 1, "Filter": "((creationdate <= '2013-09-30 02:34:03'::timestamp without time zone) AND (linktypeid = 1))", "Rows Removed by Filter": 5310}, {"Node Type": "Sort", "Parent Relationship": "Inner", "Parallel Aware": false, "Async Capable": false, "Startup Cost": 2955.2, "Total Cost": 2957.52, "Plan Rows": 928, "Plan Width": 4, "Actual Rows": 1233, "Actual Loops": 1, "Sort Key": ["p.id"], "Sort Method": "quicksort", "Sort Space Used": 49, "Sort Space Type": "Memory", "Plans": [{"Node Type": "Seq Scan", "Parent Relationship": "Outer", "Parallel Aware": false, "Async Capable": false, "Relation Name": "posts", "Alias": "p", "Startup Cost": 0.0, "Total Cost": 2909.46, "Plan Rows": 928, "Plan Width": 4, "Actual Rows": 1261, "Actual Loops": 1, "Filter": "((score <= 52) AND (favoritecount >= 5) AND (favoritecount <= 38) AND (creationdate >= '2010-06-05 03:30:30'::timestamp without time zone) AND (creationdate <= '2013-12-10 23:58:44'::timestamp without time zone))", "Rows Removed by Filter": 90715}]}]}, {"Node Type": "Index Scan", "Parent Relationship": "Inner", "Parallel Aware": false, "Async Capable": false, "Scan Direction": "Forward", "Index Name": "idx_posthistory_postid", "Relation Name": "posthistory", "Alias": "ph", "Startup Cost": 0.42, "Total Cost": 2.43, "Plan Rows": 3, "Plan Width": 4, "Actual Rows": 5, "Actual Loops": 666, "Index Cond": "(postid = pl.postid)", "Rows Removed by Index Recheck": 0, "Filter": "(creationdate >= '2011-06-22 16:32:17'::timestamp without time zone)", "Rows Removed by Filter": 2}]}, {"Node Type": "Materialize", "Parent Relationship": "Inner", "Parallel Aware": false, "Async Capable": false, "Startup Cost": 0.84, "Total Cost": 24472.42, "Plan Rows": 31944.0, "Plan Width": 8, "Actual Rows": 149694, "Actual Loops": 1, "Plans": [{"Node Type": "Merge Join", "Parent Relationship": "Outer", "Parallel Aware": false, "Async Capable": false, "Join Type": "Inner", "Startup Cost": 0.84, "Total Cost": 23669.75, "Plan Rows": 31944.0, "Plan Width": 8, "Actual Rows": 89674, "Actual Loops": 1, "Inner Unique": false, "Merge Cond": "(c.postid = v.postid)", "Plans": [{"Node Type": "Index Scan", "Parent Relationship": "Outer", "Parallel Aware": false, "Async Capable": false, "Scan Direction": "Forward", "Index Name": "idx_comments_postid", "Relation Name": "comments", "Alias": "c", "Startup Cost": 0.42, "Total Cost": 5857.0, "Plan Rows": 80967, "Plan Width": 4, "Actual Rows": 21244, "Actual Loops": 1, "Filter": "(creationdate >= '2013-05-27 18:05:52'::timestamp without time zone)", "Rows Removed by Filter": 93133}, {"Node Type": "Materialize", "Parent Relationship": "Inner", "Parallel Aware": false, "Async Capable": false, "Startup Cost": 0.42, "Total Cost": 13412.48, "Plan Rows": 247223, "Plan Width": 4, "Actual Rows": 287862, "Actual Loops": 1, "Plans": [{"Node Type": "Index Scan", "Parent Relationship": "Outer", "Parallel Aware": false, "Async Capable": false, "Scan Direction": "Forward", "Index Name": "idx_votes_postid", "Relation Name": "votes", "Alias": "v", "Startup Cost": 0.42, "Total Cost": 12794.42, "Plan Rows": 247223, "Plan Width": 4, "Actual Rows": 231923, "Actual Loops": 1, "Filter": "(creationdate <= '2014-01-07 01:12:00'::timestamp without time zone)", "Rows Removed by Filter": 24890}]}]}]}]}]}, "Planning Time": 6.257, "Triggers": [], "Execution Time": 402.142}, {"Plan": {"Node Type": "Aggregate", "Strategy": "Plain", "Partial Mode": "Finalize", "Parallel Aware": false, "Async Capable": false, "Startup Cost": 32577.28, "Total Cost": 32577.29, "Plan Rows": 1, "Plan Width": 8, "Actual Rows": 1, "Actual Loops": 1, "Plans": [{"Node Type": "Gather", "Parent Relationship": "Outer", "Parallel Aware": false, "Async Capable": false, "Startup Cost": 32577.17, "Total Cost": 32577.28, "Plan Rows": 1, "Plan Width": 8, "Actual Rows": 2, "Actual Loops": 1, "Workers Planned": 1, "Workers Launched": 1, "Single Copy": false, "Plans": [{"Node Type": "Aggregate", "Strategy": "Plain", "Partial Mode": "Partial", "Parent Relationship": "Outer", "Parallel Aware": false, "Async Capable": false, "Startup Cost": 31577.17, "Total Cost": 31577.18, "Plan Rows": 1, "Plan Width": 8, "Actual Rows": 1, "Actual Loops": 2, "Workers": [], "Plans": [{"Node Type": "Hash Join", "Parent Relationship": "Outer", "Parallel Aware": false, "Async Capable": false, "Join Type": "Inner", "Startup Cost": 16897.72, "Total Cost": 31576.57, "Plan Rows": 1467.0, "Plan Width": 0, "Actual Rows": 32029, "Actual Loops": 2, "Inner Unique": false, "Hash Cond": "(v.postid = p.id)", "Workers": [], "Plans": [{"Node Type": "Hash Join", "Parent Relationship": "Outer", "Parallel Aware": true, "Async Capable": false, "Join Type": "Inner", "Startup Cost": 13712.45, "Total Cost": 26436.21, "Plan Rows": 71025.0, "Plan Width": 12, "Actual Rows": 306886, "Actual Loops": 2, "Inner Unique": false, "Hash Cond": "(v.postid = ph.postid)", "Workers": [], "Plans": [{"Node Type": "Seq Scan", "Parent Relationship": "Outer", "Parallel Aware": true, "Async Capable": false, "Relation Name": "votes", "Alias": "v", "Startup Cost": 0.0, "Total Cost": 4572.24, "Plan Rows": 145425, "Plan Width": 4, "Actual Rows": 123477, "Actual Loops": 2, "Filter": "(creationdate <= '2014-01-07 01:12:00'::timestamp without time zone)", "Rows Removed by Filter": 40555, "Workers": []}, {"Node Type": "Hash", "Parent Relationship": "Inner", "Parallel Aware": true, "Async Capable": false, "Startup Cost": 11664.22, "Total Cost": 11664.22, "Plan Rows": 2746.0, "Plan Width": 8, "Actual Rows": 168402, "Actual Loops": 2, "Hash Buckets": 524288, "Original Hash Buckets": 524288, "Hash Batches": 1, "Original Hash Batches": 1, "Peak Memory Usage": 17312, "Workers": [], "Plans": [{"Node Type": "Hash Join", "Parent Relationship": "Outer", "Parallel Aware": true, "Async Capable": false, "Join Type": "Inner", "Startup Cost": 6467.24, "Total Cost": 11664.22, "Plan Rows": 2746.0, "Plan Width": 8, "Actual Rows": 168402, "Actual Loops": 2, "Inner Unique": false, "Hash Cond": "(c.postid = ph.postid)", "Workers": [], "Plans": [{"Node Type": "Seq Scan", "Parent Relationship": "Outer", "Parallel Aware": true, "Async Capable": false, "Relation Name": "comments", "Alias": "c", "Startup Cost": 0.0, "Total Cost": 2625.65, "Plan Rows": 47628, "Plan Width": 4, "Actual Rows": 40586, "Actual Loops": 2, "Filter": "(creationdate >= '2013-05-27 18:05:52'::timestamp without time zone)", "Rows Removed by Filter": 46566, "Workers": []}, {"Node Type": "Hash", "Parent Relationship": "Inner", "Parallel Aware": true, "Async Capable": false, "Startup Cost": 4469.32, "Total Cost": 4469.32, "Plan Rows": 159834, "Plan Width": 4, "Actual Rows": 135852, "Actual Loops": 2, "Hash Buckets": 524288, "Original Hash Buckets": 524288, "Hash Batches": 1, "Original Hash Batches": 1, "Peak Memory Usage": 14752, "Workers": [], "Plans": [{"Node Type": "Seq Scan", "Parent Relationship": "Outer", "Parallel Aware": true, "Async Capable": false, "Relation Name": "posthistory", "Alias": "ph", "Startup Cost": 0.0, "Total Cost": 4469.32, "Plan Rows": 159834, "Plan Width": 4, "Actual Rows": 135852, "Actual Loops": 2, "Filter": "(creationdate >= '2011-06-22 16:32:17'::timestamp without time zone)", "Rows Removed by Filter": 15742, "Workers": []}]}]}]}]}, {"Node Type": "Hash", "Parent Relationship": "Inner", "Parallel Aware": false, "Async Capable": false, "Startup Cost": 3184.55, "Total Cost": 3184.55, "Plan Rows": 14.0, "Plan Width": 8, "Actual Rows": 666, "Actual Loops": 2, "Hash Buckets": 1024, "Original Hash Buckets": 1024, "Hash Batches": 1, "Original Hash Batches": 1, "Peak Memory Usage": 35, "Workers": [], "Plans": [{"Node Type": "Hash Join", "Parent Relationship": "Outer", "Parallel Aware": false, "Async Capable": false, "Join Type": "Inner", "Startup Cost": 2921.06, "Total Cost": 3184.55, "Plan Rows": 14.0, "Plan Width": 8, "Actual Rows": 666, "Actual Loops": 2, "Inner Unique": true, "Hash Cond": "(pl.postid = p.id)", "Workers": [], "Plans": [{"Node Type": "Seq Scan", "Parent Relationship": "Outer", "Parallel Aware": false, "Async Capable": false, "Relation Name": "postlinks", "Alias": "pl", "Startup Cost": 0.0, "Total Cost": 248.53, "Plan Rows": 5700, "Plan Width": 4, "Actual Rows": 5792, "Actual Loops": 2, "Filter": "((creationdate <= '2013-09-30 02:34:03'::timestamp without time zone) AND (linktypeid = 1))", "Rows Removed by Filter": 5310, "Workers": []}, {"Node Type": "Hash", "Parent Relationship": "Inner", "Parallel Aware": false, "Async Capable": false, "Startup Cost": 2909.46, "Total Cost": 2909.46, "Plan Rows": 928, "Plan Width": 4, "Actual Rows": 1261, "Actual Loops": 2, "Hash Buckets": 2048, "Original Hash Buckets": 1024, "Hash Batches": 1, "Original Hash Batches": 1, "Peak Memory Usage": 61, "Workers": [], "Plans": [{"Node Type": "Seq Scan", "Parent Relationship": "Outer", "Parallel Aware": false, "Async Capable": false, "Relation Name": "posts", "Alias": "p", "Startup Cost": 0.0, "Total Cost": 2909.46, "Plan Rows": 928, "Plan Width": 4, "Actual Rows": 1261, "Actual Loops": 2, "Filter": "((score <= 52) AND (favoritecount >= 5) AND (favoritecount <= 38) AND (creationdate >= '2010-06-05 03:30:30'::timestamp without time zone) AND (creationdate <= '2013-12-10 23:58:44'::timestamp without time zone))", "Rows Removed by Filter": 90715, "Workers": []}]}]}]}]}]}]}]}, "Planning Time": 6.958, "Triggers": [], "Execution Time": 366.144}, {"Plan": {"Node Type": "Aggregate", "Strategy": "Plain", "Partial Mode": "Simple", "Parallel Aware": false, "Async Capable": false, "Startup Cost": 20954.06, "Total Cost": 20954.07, "Plan Rows": 1, "Plan Width": 8, "Actual Rows": 1, "Actual Loops": 1, "Plans": [{"Node Type": "Hash Join", "Parent Relationship": "Outer", "Parallel Aware": false, "Async Capable": false, "Join Type": "Inner", "Startup Cost": 12028.5, "Total Cost": 20953.04, "Plan Rows": 1467.0, "Plan Width": 0, "Actual Rows": 64058, "Actual Loops": 1, "Inner Unique": false, "Hash Cond": "(p.id = pl.postid)", "Plans": [{"Node Type": "Nested Loop", "Parent Relationship": "Outer", "Parallel Aware": false, "Async Capable": false, "Join Type": "Inner", "Startup Cost": 0.42, "Total Cost": 8608.56, "Plan Rows": 107.0, "Plan Width": 8, "Actual Rows": 4893, "Actual Loops": 1, "Inner Unique": false, "Plans": [{"Node Type": "Seq Scan", "Parent Relationship": "Outer", "Parallel Aware": false, "Async Capable": false, "Relation Name": "posts", "Alias": "p", "Startup Cost": 0.0, "Total Cost": 2909.46, "Plan Rows": 928, "Plan Width": 4, "Actual Rows": 1261, "Actual Loops": 1, "Filter": "((score <= 52) AND (favoritecount >= 5) AND (favoritecount <= 38) AND (creationdate >= '2010-06-05 03:30:30'::timestamp without time zone) AND (creationdate <= '2013-12-10 23:58:44'::timestamp without time zone))", "Rows Removed by Filter": 90715}, {"Node Type": "Index Scan", "Parent Relationship": "Inner", "Parallel Aware": false, "Async Capable": false, "Scan Direction": "Forward", "Index Name": "idx_posthistory_postid", "Relation Name": "posthistory", "Alias": "ph", "Startup Cost": 0.42, "Total Cost": 6.11, "Plan Rows": 3, "Plan Width": 4, "Actual Rows": 4, "Actual Loops": 1261, "Index Cond": "(postid = p.id)", "Rows Removed by Index Recheck": 0, "Filter": "(creationdate >= '2011-06-22 16:32:17'::timestamp without time zone)", "Rows Removed by Filter": 2}]}, {"Node Type": "Hash", "Parent Relationship": "Inner", "Parallel Aware": false, "Async Capable": false, "Startup Cost": 11551.63, "Total Cost": 11551.63, "Plan Rows": 7376.0, "Plan Width": 12, "Actual Rows": 28833, "Actual Loops": 1, "Hash Buckets": 65536, "Original Hash Buckets": 65536, "Hash Batches": 1, "Original Hash Batches": 1, "Peak Memory Usage": 1751, "Plans": [{"Node Type": "Nested Loop", "Parent Relationship": "Outer", "Parallel Aware": false, "Async Capable": false, "Join Type": "Inner", "Startup Cost": 4535.32, "Total Cost": 11551.63, "Plan Rows": 7376.0, "Plan Width": 12, "Actual Rows": 28833, "Actual Loops": 1, "Inner Unique": false, "Join Filter": "(pl.postid = v.postid)", "Rows Removed by Join Filter": 0, "Plans": [{"Node Type": "Hash Join", "Parent Relationship": "Outer", "Parallel Aware": false, "Async Capable": false, "Join Type": "Inner", "Startup Cost": 4534.9, "Total Cost": 5215.5, "Plan Rows": 397.0, "Plan Width": 8, "Actual Rows": 4687, "Actual Loops": 1, "Inner Unique": false, "Hash Cond": "(pl.postid = c.postid)", "Plans": [{"Node Type": "Seq Scan", "Parent Relationship": "Outer", "Parallel Aware": false, "Async Capable": false, "Relation Name": "postlinks", "Alias": "pl", "Startup Cost": 0.0, "Total Cost": 248.53, "Plan Rows": 5700, "Plan Width": 4, "Actual Rows": 5792, "Actual Loops": 1, "Filter": "((creationdate <= '2013-09-30 02:34:03'::timestamp without time zone) AND (linktypeid = 1))", "Rows Removed by Filter": 5310}, {"Node Type": "Hash", "Parent Relationship": "Inner", "Parallel Aware": false, "Async Capable": false, "Startup Cost": 3522.81, "Total Cost": 3522.81, "Plan Rows": 80967, "Plan Width": 4, "Actual Rows": 81172, "Actual Loops": 1, "Hash Buckets": 131072, "Original Hash Buckets": 131072, "Hash Batches": 1, "Original Hash Batches": 1, "Peak Memory Usage": 3878, "Plans": [{"Node Type": "Seq Scan", "Parent Relationship": "Outer", "Parallel Aware": false, "Async Capable": false, "Relation Name": "comments", "Alias": "c", "Startup Cost": 0.0, "Total Cost": 3522.81, "Plan Rows": 80967, "Plan Width": 4, "Actual Rows": 81172, "Actual Loops": 1, "Filter": "(creationdate >= '2013-05-27 18:05:52'::timestamp without time zone)", "Rows Removed by Filter": 93133}]}]}, {"Node Type": "Index Scan", "Parent Relationship": "Inner", "Parallel Aware": false, "Async Capable": false, "Scan Direction": "Forward", "Index Name": "idx_votes_postid", "Relation Name": "votes", "Alias": "v", "Startup Cost": 0.42, "Total Cost": 0.65, "Plan Rows": 4, "Plan Width": 4, "Actual Rows": 6, "Actual Loops": 4687, "Index Cond": "(postid = c.postid)", "Rows Removed by Index Recheck": 0, "Filter": "(creationdate <= '2014-01-07 01:12:00'::timestamp without time zone)", "Rows Removed by Filter": 1}]}]}]}]}, "Planning Time": 6.058, "Triggers": [], "Execution Time": 147.469}, {"Plan": {"Node Type": "Aggregate", "Strategy": "Plain", "Partial Mode": "Finalize", "Parallel Aware": false, "Async Capable": false, "Startup Cost": 25122.8, "Total Cost": 25122.81, "Plan Rows": 1, "Plan Width": 8, "Actual Rows": 1, "Actual Loops": 1, "Plans": [{"Node Type": "Gather", "Parent Relationship": "Outer", "Parallel Aware": false, "Async Capable": false, "Startup Cost": 25122.69, "Total Cost": 25122.8, "Plan Rows": 1, "Plan Width": 8, "Actual Rows": 2, "Actual Loops": 1, "Workers Planned": 1, "Workers Launched": 1, "Single Copy": false, "Plans": [{"Node Type": "Aggregate", "Strategy": "Plain", "Partial Mode": "Partial", "Parent Relationship": "Outer", "Parallel Aware": false, "Async Capable": false, "Startup Cost": 24122.69, "Total Cost": 24122.7, "Plan Rows": 1, "Plan Width": 8, "Actual Rows": 1, "Actual Loops": 2, "Workers": [], "Plans": [{"Node Type": "Hash Join", "Parent Relationship": "Outer", "Parallel Aware": false, "Async Capable": false, "Join Type": "Inner", "Startup Cost": 9748.59, "Total Cost": 24122.09, "Plan Rows": 1467.0, "Plan Width": 0, "Actual Rows": 32029, "Actual Loops": 2, "Inner Unique": false, "Hash Cond": "(v.postid = p.id)", "Workers": [], "Plans": [{"Node Type": "Hash Join", "Parent Relationship": "Outer", "Parallel Aware": true, "Async Capable": false, "Join Type": "Inner", "Startup Cost": 6467.24, "Total Cost": 18934.04, "Plan Rows": 39774.0, "Plan Width": 8, "Actual Rows": 360472, "Actual Loops": 2, "Inner Unique": false, "Hash Cond": "(v.postid = ph.postid)", "Workers": [], "Plans": [{"Node Type": "Seq Scan", "Parent Relationship": "Outer", "Parallel Aware": true, "Async Capable": false, "Relation Name": "votes", "Alias": "v", "Startup Cost": 0.0, "Total Cost": 4572.24, "Plan Rows": 145425, "Plan Width": 4, "Actual Rows": 123477, "Actual Loops": 2, "Filter": "(creationdate <= '2014-01-07 01:12:00'::timestamp without time zone)", "Rows Removed by Filter": 40555, "Workers": []}, {"Node Type": "Hash", "Parent Relationship": "Inner", "Parallel Aware": true, "Async Capable": false, "Startup Cost": 4469.32, "Total Cost": 4469.32, "Plan Rows": 159834, "Plan Width": 4, "Actual Rows": 135852, "Actual Loops": 2, "Hash Buckets": 524288, "Original Hash Buckets": 524288, "Hash Batches": 1, "Original Hash Batches": 1, "Peak Memory Usage": 14752, "Workers": [], "Plans": [{"Node Type": "Seq Scan", "Parent Relationship": "Outer", "Parallel Aware": true, "Async Capable": false, "Relation Name": "posthistory", "Alias": "ph", "Startup Cost": 0.0, "Total Cost": 4469.32, "Plan Rows": 159834, "Plan Width": 4, "Actual Rows": 135852, "Actual Loops": 2, "Filter": "(creationdate >= '2011-06-22 16:32:17'::timestamp without time zone)", "Rows Removed by Filter": 15742, "Workers": []}]}]}, {"Node Type": "Hash", "Parent Relationship": "Inner", "Parallel Aware": false, "Async Capable": false, "Startup Cost": 3280.72, "Total Cost": 3280.72, "Plan Rows": 24.0, "Plan Width": 12, "Actual Rows": 511, "Actual Loops": 2, "Hash Buckets": 1024, "Original Hash Buckets": 1024, "Hash Batches": 1, "Original Hash Batches": 1, "Peak Memory Usage": 30, "Workers": [], "Plans": [{"Node Type": "Nested Loop", "Parent Relationship": "Outer", "Parallel Aware": false, "Async Capable": false, "Join Type": "Inner", "Startup Cost": 2921.48, "Total Cost": 3280.72, "Plan Rows": 24.0, "Plan Width": 12, "Actual Rows": 511, "Actual Loops": 2, "Inner Unique": false, "Join Filter": "(c.postid = p.id)", "Rows Removed by Join Filter": 0, "Workers": [], "Plans": [{"Node Type": "Hash Join", "Parent Relationship": "Outer", "Parallel Aware": false, "Async Capable": false, "Join Type": "Inner", "Startup Cost": 2921.06, "Total Cost": 3184.55, "Plan Rows": 14.0, "Plan Width": 8, "Actual Rows": 666, "Actual Loops": 2, "Inner Unique": true, "Hash Cond": "(pl.postid = p.id)", "Workers": [], "Plans": [{"Node Type": "Seq Scan", "Parent Relationship": "Outer", "Parallel Aware": false, "Async Capable": false, "Relation Name": "postlinks", "Alias": "pl", "Startup Cost": 0.0, "Total Cost": 248.53, "Plan Rows": 5700, "Plan Width": 4, "Actual Rows": 5792, "Actual Loops": 2, "Filter": "((creationdate <= '2013-09-30 02:34:03'::timestamp without time zone) AND (linktypeid = 1))", "Rows Removed by Filter": 5310, "Workers": []}, {"Node Type": "Hash", "Parent Relationship": "Inner", "Parallel Aware": false, "Async Capable": false, "Startup Cost": 2909.46, "Total Cost": 2909.46, "Plan Rows": 928, "Plan Width": 4, "Actual Rows": 1261, "Actual Loops": 2, "Hash Buckets": 2048, "Original Hash Buckets": 1024, "Hash Batches": 1, "Original Hash Batches": 1, "Peak Memory Usage": 61, "Workers": [], "Plans": [{"Node Type": "Seq Scan", "Parent Relationship": "Outer", "Parallel Aware": false, "Async Capable": false, "Relation Name": "posts", "Alias": "p", "Startup Cost": 0.0, "Total Cost": 2909.46, "Plan Rows": 928, "Plan Width": 4, "Actual Rows": 1261, "Actual Loops": 2, "Filter": "((score <= 52) AND (favoritecount >= 5) AND (favoritecount <= 38) AND (creationdate >= '2010-06-05 03:30:30'::timestamp without time zone) AND (creationdate <= '2013-12-10 23:58:44'::timestamp without time zone))", "Rows Removed by Filter": 90715, "Workers": []}]}]}, {"Node Type": "Index Scan", "Parent Relationship": "Inner", "Parallel Aware": false, "Async Capable": false, "Scan Direction": "Forward", "Index Name": "idx_comments_postid", "Relation Name": "comments", "Alias": "c", "Startup Cost": 0.42, "Total Cost": 1.63, "Plan Rows": 2, "Plan Width": 4, "Actual Rows": 1, "Actual Loops": 1332, "Index Cond": "(postid = pl.postid)", "Rows Removed by Index Recheck": 0, "Filter": "(creationdate >= '2013-05-27 18:05:52'::timestamp without time zone)", "Rows Removed by Filter": 3, "Workers": []}]}]}]}]}]}]}, "Planning Time": 11.607, "Triggers": [], "Execution Time": 291.916}, {"Plan": {"Node Type": "Aggregate", "Strategy": "Plain", "Partial Mode": "Simple", "Parallel Aware": false, "Async Capable": false, "Startup Cost": 29326.67, "Total Cost": 29326.68, "Plan Rows": 1, "Plan Width": 8, "Actual Rows": 1, "Actual Loops": 1, "Plans": [{"Node Type": "Hash Join", "Parent Relationship": "Outer", "Parallel Aware": false, "Async Capable": false, "Join Type": "Inner", "Startup Cost": 26050.21, "Total Cost": 29325.65, "Plan Rows": 1467.0, "Plan Width": 0, "Actual Rows": 64058, "Actual Loops": 1, "Inner Unique": false, "Hash Cond": "(p.id = pl.postid)", "Plans": [{"Node Type": "Seq Scan", "Parent Relationship": "Outer", "Parallel Aware": false, "Async Capable": false, "Relation Name": "posts", "Alias": "p", "Startup Cost": 0.0, "Total Cost": 2909.46, "Plan Rows": 928, "Plan Width": 4, "Actual Rows": 1261, "Actual Loops": 1, "Filter": "((score <= 52) AND (favoritecount >= 5) AND (favoritecount <= 38) AND (creationdate >= '2010-06-05 03:30:30'::timestamp without time zone) AND (creationdate <= '2013-12-10 23:58:44'::timestamp without time zone))", "Rows Removed by Filter": 90715}, {"Node Type": "Hash", "Parent Relationship": "Inner", "Parallel Aware": false, "Async Capable": false, "Startup Cost": 24396.94, "Total Cost": 24396.94, "Plan Rows": 19773.0, "Plan Width": 16, "Actual Rows": 196794, "Actual Loops": 1, "Hash Buckets": 262144, "Original Hash Buckets": 262144, "Hash Batches": 1, "Original Hash Batches": 1, "Peak Memory Usage": 11273, "Plans": [{"Node Type": "Hash Join", "Parent Relationship": "Outer", "Parallel Aware": false, "Async Capable": false, "Join Type": "Inner", "Startup Cost": 13961.64, "Total Cost": 24396.94, "Plan Rows": 19773.0, "Plan Width": 16, "Actual Rows": 196794, "Actual Loops": 1, "Inner Unique": false, "Hash Cond": "(pl.postid = ph.postid)", "Plans": [{"Node Type": "Nested Loop", "Parent Relationship": "Outer", "Parallel Aware": false, "Async Capable": false, "Join Type": "Inner", "Startup Cost": 4535.32, "Total Cost": 11551.63, "Plan Rows": 7376.0, "Plan Width": 12, "Actual Rows": 28833, "Actual Loops": 1, "Inner Unique": false, "Join Filter": "(pl.postid = v.postid)", "Rows Removed by Join Filter": 0, "Plans": [{"Node Type": "Hash Join", "Parent Relationship": "Outer", "Parallel Aware": false, "Async Capable": false, "Join Type": "Inner", "Startup Cost": 4534.9, "Total Cost": 5215.5, "Plan Rows": 397.0, "Plan Width": 8, "Actual Rows": 4687, "Actual Loops": 1, "Inner Unique": false, "Hash Cond": "(pl.postid = c.postid)", "Plans": [{"Node Type": "Seq Scan", "Parent Relationship": "Outer", "Parallel Aware": false, "Async Capable": false, "Relation Name": "postlinks", "Alias": "pl", "Startup Cost": 0.0, "Total Cost": 248.53, "Plan Rows": 5700, "Plan Width": 4, "Actual Rows": 5792, "Actual Loops": 1, "Filter": "((creationdate <= '2013-09-30 02:34:03'::timestamp without time zone) AND (linktypeid = 1))", "Rows Removed by Filter": 5310}, {"Node Type": "Hash", "Parent Relationship": "Inner", "Parallel Aware": false, "Async Capable": false, "Startup Cost": 3522.81, "Total Cost": 3522.81, "Plan Rows": 80967, "Plan Width": 4, "Actual Rows": 81172, "Actual Loops": 1, "Hash Buckets": 131072, "Original Hash Buckets": 131072, "Hash Batches": 1, "Original Hash Batches": 1, "Peak Memory Usage": 3878, "Plans": [{"Node Type": "Seq Scan", "Parent Relationship": "Outer", "Parallel Aware": false, "Async Capable": false, "Relation Name": "comments", "Alias": "c", "Startup Cost": 0.0, "Total Cost": 3522.81, "Plan Rows": 80967, "Plan Width": 4, "Actual Rows": 81172, "Actual Loops": 1, "Filter": "(creationdate >= '2013-05-27 18:05:52'::timestamp without time zone)", "Rows Removed by Filter": 93133}]}]}, {"Node Type": "Index Scan", "Parent Relationship": "Inner", "Parallel Aware": false, "Async Capable": false, "Scan Direction": "Forward", "Index Name": "idx_votes_postid", "Relation Name": "votes", "Alias": "v", "Startup Cost": 0.42, "Total Cost": 0.65, "Plan Rows": 4, "Plan Width": 4, "Actual Rows": 6, "Actual Loops": 4687, "Index Cond": "(postid = c.postid)", "Rows Removed by Index Recheck": 0, "Filter": "(creationdate <= '2014-01-07 01:12:00'::timestamp without time zone)", "Rows Removed by Filter": 1}]}, {"Node Type": "Hash", "Parent Relationship": "Inner", "Parallel Aware": false, "Async Capable": false, "Startup Cost": 6029.84, "Total Cost": 6029.84, "Plan Rows": 271718, "Plan Width": 4, "Actual Rows": 271704, "Actual Loops": 1, "Hash Buckets": 524288, "Original Hash Buckets": 524288, "Hash Batches": 1, "Original Hash Batches": 1, "Peak Memory Usage": 13649, "Plans": [{"Node Type": "Seq Scan", "Parent Relationship": "Outer", "Parallel Aware": false, "Async Capable": false, "Relation Name": "posthistory", "Alias": "ph", "Startup Cost": 0.0, "Total Cost": 6029.84, "Plan Rows": 271718, "Plan Width": 4, "Actual Rows": 271704, "Actual Loops": 1, "Filter": "(creationdate >= '2011-06-22 16:32:17'::timestamp without time zone)", "Rows Removed by Filter": 31483}]}]}]}]}]}, "Planning Time": 6.391, "Triggers": [], "Execution Time": 307.124}]