[{"Plan": {"Node Type": "Aggregate", "Strategy": "Plain", "Partial Mode": "Simple", "Parallel Aware": false, "Async Capable": false, "Startup Cost": 1801.31, "Total Cost": 1801.32, "Plan Rows": 1, "Plan Width": 8, "Actual Rows": 1, "Actual Loops": 1, "Plans": [{"Node Type": "Nested Loop", "Parent Relationship": "Outer", "Parallel Aware": false, "Async Capable": false, "Join Type": "Inner", "Startup Cost": 0.72, "Total Cost": 1740.13, "Plan Rows": 88.0, "Plan Width": 0, "Actual Rows": 759, "Actual Loops": 1, "Inner Unique": false, "Join Filter": "(v.userid = u.id)", "Rows Removed by Join Filter": 0, "Plans": [{"Node Type": "Nested Loop", "Parent Relationship": "Outer", "Parallel Aware": false, "Async Capable": false, "Join Type": "Inner", "Startup Cost": 0.29, "Total Cost": 1417.64, "Plan Rows": 4.0, "Plan Width": 8, "Actual Rows": 382, "Actual Loops": 1, "Inner Unique": false, "Plans": [{"Node Type": "Seq Scan", "Parent Relationship": "Outer", "Parallel Aware": false, "Async Capable": false, "Relation Name": "users", "Alias": "u", "Startup Cost": 0.0, "Total Cost": 901.88, "Plan Rows": 100, "Plan Width": 4, "Actual Rows": 88, "Actual Loops": 1, "Filter": "((creationdate >= '2010-09-01 05:58:51'::timestamp without time zone) AND (creationdate <= '2010-09-13 19:06:12'::timestamp without time zone))", "Rows Removed by Filter": 40237}, {"Node Type": "Index Only Scan", "Parent Relationship": "Inner", "Parallel Aware": false, "Async Capable": false, "Scan Direction": "Forward", "Index Name": "idx_comments_userid", "Relation Name": "comments", "Alias": "c", "Startup Cost": 0.29, "Total Cost": 5.03, "Plan Rows": 13, "Plan Width": 4, "Actual Rows": 4, "Actual Loops": 88, "Index Cond": "(userid = u.id)", "Rows Removed by Index Recheck": 0, "Heap Fetches": 0}]}, {"Node Type": "Index Scan", "Parent Relationship": "Inner", "Parallel Aware": false, "Async Capable": false, "Scan Direction": "Forward", "Index Name": "idx_votes_userid", "Relation Name": "votes", "Alias": "v", "Startup Cost": 0.42, "Total Cost": 0.66, "Plan Rows": 8, "Plan Width": 4, "Actual Rows": 2, "Actual Loops": 382, "Index Cond": "(userid = c.userid)", "Rows Removed by Index Recheck": 0, "Filter": "(creationdate <= '2014-07-29 22:43:11'::timestamp without time zone)", "Rows Removed by Filter": 0}]}]}, "Planning Time": 1.396, "Triggers": [], "Execution Time": 3.316}, {"Plan": {"Node Type": "Aggregate", "Strategy": "Plain", "Partial Mode": "Simple", "Parallel Aware": false, "Async Capable": false, "Startup Cost": 82437.21, "Total Cost": 82437.22, "Plan Rows": 1, "Plan Width": 8, "Actual Rows": 1, "Actual Loops": 1, "Plans": [{"Node Type": "Merge Join", "Parent Relationship": "Outer", "Parallel Aware": false, "Async Capable": false, "Join Type": "Inner", "Startup Cost": 1.02, "Total Cost": 82376.03, "Plan Rows": 88.0, "Plan Width": 0, "Actual Rows": 759, "Actual Loops": 1, "Inner Unique": false, "Merge Cond": "(u.id = c.userid)", "Plans": [{"Node Type": "Index Scan", "Parent Relationship": "Outer", "Parallel Aware": false, "Async Capable": false, "Scan Direction": "Forward", "Index Name": "users_pkey", "Relation Name": "users", "Alias": "u", "Startup Cost": 0.29, "Total Cost": 1558.79, "Plan Rows": 100, "Plan Width": 4, "Actual Rows": 88, "Actual Loops": 1, "Filter": "((creationdate >= '2010-09-01 05:58:51'::timestamp without time zone) AND (creationdate <= '2010-09-13 19:06:12'::timestamp without time zone))", "Rows Removed by Filter": 40237}, {"Node Type": "Materialize", "Parent Relationship": "Inner", "Parallel Aware": false, "Async Capable": false, "Startup Cost": 0.73, "Total Cost": 56842.56, "Plan Rows": 74989.0, "Plan Width": 8, "Actual Rows": 7299887, "Actual Loops": 1, "Plans": [{"Node Type": "Nested Loop", "Parent Relationship": "Outer", "Parallel Aware": false, "Async Capable": false, "Join Type": "Inner", "Startup Cost": 0.73, "Total Cost": 31757.77, "Plan Rows": 74989.0, "Plan Width": 8, "Actual Rows": 7299887, "Actual Loops": 1, "Inner Unique": false, "Plans": [{"Node Type": "Index Only Scan", "Parent Relationship": "Outer", "Parallel Aware": false, "Async Capable": false, "Scan Direction": "Forward", "Index Name": "idx_comments_userid", "Relation Name": "comments", "Alias": "c", "Startup Cost": 0.29, "Total Cost": 3568.78, "Plan Rows": 174305, "Plan Width": 4, "Actual Rows": 43556, "Actual Loops": 1, "Heap Fetches": 0}, {"Node Type": "Memoize", "Parent Relationship": "Inner", "Parallel Aware": false, "Async Capable": false, "Startup Cost": 0.43, "Total Cost": 0.67, "Plan Rows": 8, "Plan Width": 4, "Actual Rows": 168, "Actual Loops": 43556, "Cache Key": "c.userid", "Cache Mode": "logical", "Cache Hits": 43120, "Cache Misses": 436, "Cache Evictions": 0, "Cache Overflows": 0, "Peak Memory Usage": 194, "Plans": [{"Node Type": "Index Scan", "Parent Relationship": "Outer", "Parallel Aware": false, "Async Capable": false, "Scan Direction": "Forward", "Index Name": "idx_votes_userid", "Relation Name": "votes", "Alias": "v", "Startup Cost": 0.42, "Total Cost": 0.66, "Plan Rows": 8, "Plan Width": 4, "Actual Rows": 11, "Actual Loops": 436, "Index Cond": "(userid = c.userid)", "Rows Removed by Index Recheck": 0, "Filter": "(creationdate <= '2014-07-29 22:43:11'::timestamp without time zone)", "Rows Removed by Filter": 0}]}]}]}]}]}, "Planning Time": 0.845, "Triggers": [], "Execution Time": 1428.181}, {"Plan": {"Node Type": "Aggregate", "Strategy": "Plain", "Partial Mode": "Simple", "Parallel Aware": false, "Async Capable": false, "Startup Cost": 2900.12, "Total Cost": 2900.13, "Plan Rows": 1, "Plan Width": 8, "Actual Rows": 1, "Actual Loops": 1, "Plans": [{"Node Type": "Merge Join", "Parent Relationship": "Outer", "Parallel Aware": false, "Async Capable": false, "Join Type": "Inner", "Startup Cost": 1436.61, "Total Cost": 2838.94, "Plan Rows": 88.0, "Plan Width": 0, "Actual Rows": 759, "Actual Loops": 1, "Inner Unique": false, "Merge Cond": "(v.userid = u.id)", "Plans": [{"Node Type": "Index Scan", "Parent Relationship": "Outer", "Parallel Aware": false, "Async Capable": false, "Scan Direction": "Forward", "Index Name": "idx_votes_userid", "Relation Name": "votes", "Alias": "v", "Startup Cost": 0.42, "Total Cost": 12422.47, "Plan Rows": 314122, "Plan Width": 4, "Actual Rows": 4971, "Actual Loops": 1, "Filter": "(creationdate <= '2014-07-29 22:43:11'::timestamp without time zone)", "Rows Removed by Filter": 68}, {"Node Type": "Sort", "Parent Relationship": "Inner", "Parallel Aware": false, "Async Capable": false, "Startup Cost": 1436.19, "Total Cost": 1437.25, "Plan Rows": 4.0, "Plan Width": 8, "Actual Rows": 952, "Actual Loops": 1, "Sort Key": ["c.userid"], "Sort Method": "quicksort", "Sort Space Used": 36, "Sort Space Type": "Memory", "Plans": [{"Node Type": "Nested Loop", "Parent Relationship": "Outer", "Parallel Aware": false, "Async Capable": false, "Join Type": "Inner", "Startup Cost": 0.29, "Total Cost": 1417.64, "Plan Rows": 4.0, "Plan Width": 8, "Actual Rows": 382, "Actual Loops": 1, "Inner Unique": false, "Plans": [{"Node Type": "Seq Scan", "Parent Relationship": "Outer", "Parallel Aware": false, "Async Capable": false, "Relation Name": "users", "Alias": "u", "Startup Cost": 0.0, "Total Cost": 901.88, "Plan Rows": 100, "Plan Width": 4, "Actual Rows": 88, "Actual Loops": 1, "Filter": "((creationdate >= '2010-09-01 05:58:51'::timestamp without time zone) AND (creationdate <= '2010-09-13 19:06:12'::timestamp without time zone))", "Rows Removed by Filter": 40237}, {"Node Type": "Index Only Scan", "Parent Relationship": "Inner", "Parallel Aware": false, "Async Capable": false, "Scan Direction": "Forward", "Index Name": "idx_comments_userid", "Relation Name": "comments", "Alias": "c", "Startup Cost": 0.29, "Total Cost": 5.03, "Plan Rows": 13, "Plan Width": 4, "Actual Rows": 4, "Actual Loops": 88, "Index Cond": "(userid = u.id)", "Rows Removed by Index Recheck": 0, "Heap Fetches": 0}]}]}]}]}, "Planning Time": 0.721, "Triggers": [], "Execution Time": 3.78}, {"Plan": {"Node Type": "Aggregate", "Strategy": "Plain", "Partial Mode": "Finalize", "Parallel Aware": false, "Async Capable": false, "Startup Cost": 5882.28, "Total Cost": 5882.29, "Plan Rows": 1, "Plan Width": 8, "Actual Rows": 1, "Actual Loops": 1, "Plans": [{"Node Type": "Gather", "Parent Relationship": "Outer", "Parallel Aware": false, "Async Capable": false, "Startup Cost": 5882.17, "Total Cost": 5882.28, "Plan Rows": 1, "Plan Width": 8, "Actual Rows": 2, "Actual Loops": 1, "Workers Planned": 1, "Workers Launched": 1, "Single Copy": false, "Plans": [{"Node Type": "Aggregate", "Strategy": "Plain", "Partial Mode": "Partial", "Parent Relationship": "Outer", "Parallel Aware": false, "Async Capable": false, "Startup Cost": 4882.17, "Total Cost": 4882.18, "Plan Rows": 1, "Plan Width": 8, "Actual Rows": 1, "Actual Loops": 2, "Workers": [], "Plans": [{"Node Type": "Hash Join", "Parent Relationship": "Outer", "Parallel Aware": true, "Async Capable": false, "Join Type": "Inner", "Startup Cost": 2091.16, "Total Cost": 4846.18, "Plan Rows": 88.0, "Plan Width": 0, "Actual Rows": 380, "Actual Loops": 2, "Inner Unique": false, "Hash Cond": "(c.userid = u.id)", "Workers": [], "Plans": [{"Node Type": "Seq Scan", "Parent Relationship": "Outer", "Parallel Aware": true, "Async Capable": false, "Relation Name": "comments", "Alias": "c", "Startup Cost": 0.0, "Total Cost": 2369.32, "Plan Rows": 102532, "Plan Width": 4, "Actual Rows": 87152, "Actual Loops": 2, "Workers": []}, {"Node Type": "Hash", "Parent Relationship": "Inner", "Parallel Aware": true, "Async Capable": false, "Startup Cost": 2090.56, "Total Cost": 2090.56, "Plan Rows": 30.0, "Plan Width": 8, "Actual Rows": 30, "Actual Loops": 2, "Hash Buckets": 1024, "Original Hash Buckets": 1024, "Hash Batches": 1, "Original Hash Batches": 1, "Peak Memory Usage": 40, "Workers": [], "Plans": [{"Node Type": "Merge Join", "Parent Relationship": "Outer", "Parallel Aware": false, "Async Capable": false, "Join Type": "Inner", "Startup Cost": 905.62, "Total Cost": 2090.56, "Plan Rows": 30.0, "Plan Width": 8, "Actual Rows": 61, "Actual Loops": 1, "Inner Unique": true, "Merge Cond": "(v.userid = u.id)", "Workers": [], "Plans": [{"Node Type": "Index Scan", "Parent Relationship": "Outer", "Parallel Aware": true, "Async Capable": false, "Scan Direction": "Forward", "Index Name": "idx_votes_userid", "Relation Name": "votes", "Alias": "v", "Startup Cost": 0.42, "Total Cost": 10733.91, "Plan Rows": 184778, "Plan Width": 4, "Actual Rows": 4971, "Actual Loops": 1, "Filter": "(creationdate <= '2014-07-29 22:43:11'::timestamp without time zone)", "Rows Removed by Filter": 68, "Workers": []}, {"Node Type": "Sort", "Parent Relationship": "Inner", "Parallel Aware": false, "Async Capable": false, "Startup Cost": 905.2, "Total Cost": 905.45, "Plan Rows": 100, "Plan Width": 4, "Actual Rows": 88, "Actual Loops": 1, "Sort Key": ["u.id"], "Sort Method": "quicksort", "Sort Space Used": 25, "Sort Space Type": "Memory", "Workers": [], "Plans": [{"Node Type": "Seq Scan", "Parent Relationship": "Outer", "Parallel Aware": false, "Async Capable": false, "Relation Name": "users", "Alias": "u", "Startup Cost": 0.0, "Total Cost": 901.88, "Plan Rows": 100, "Plan Width": 4, "Actual Rows": 88, "Actual Loops": 1, "Filter": "((creationdate >= '2010-09-01 05:58:51'::timestamp without time zone) AND (creationdate <= '2010-09-13 19:06:12'::timestamp without time zone))", "Rows Removed by Filter": 40237, "Workers": []}]}]}]}]}]}]}]}, "Planning Time": 0.913, "Triggers": [], "Execution Time": 24.816}, {"Plan": {"Node Type": "Aggregate", "Strategy": "Plain", "Partial Mode": "Simple", "Parallel Aware": false, "Async Capable": false, "Startup Cost": 2421.25, "Total Cost": 2421.26, "Plan Rows": 1, "Plan Width": 8, "Actual Rows": 1, "Actual Loops": 1, "Plans": [{"Node Type": "Nested Loop", "Parent Relationship": "Outer", "Parallel Aware": false, "Async Capable": false, "Join Type": "Inner", "Startup Cost": 905.91, "Total Cost": 2360.07, "Plan Rows": 88.0, "Plan Width": 0, "Actual Rows": 759, "Actual Loops": 1, "Inner Unique": false, "Join Filter": "(c.userid = u.id)", "Rows Removed by Join Filter": 0, "Plans": [{"Node Type": "Merge Join", "Parent Relationship": "Outer", "Parallel Aware": false, "Async Capable": false, "Join Type": "Inner", "Startup Cost": 905.62, "Total Cost": 2303.64, "Plan Rows": 30.0, "Plan Width": 8, "Actual Rows": 61, "Actual Loops": 1, "Inner Unique": true, "Merge Cond": "(v.userid = u.id)", "Plans": [{"Node Type": "Index Scan", "Parent Relationship": "Outer", "Parallel Aware": false, "Async Capable": false, "Scan Direction": "Forward", "Index Name": "idx_votes_userid", "Relation Name": "votes", "Alias": "v", "Startup Cost": 0.42, "Total Cost": 12422.47, "Plan Rows": 314122, "Plan Width": 4, "Actual Rows": 4971, "Actual Loops": 1, "Filter": "(creationdate <= '2014-07-29 22:43:11'::timestamp without time zone)", "Rows Removed by Filter": 68}, {"Node Type": "Sort", "Parent Relationship": "Inner", "Parallel Aware": false, "Async Capable": false, "Startup Cost": 905.2, "Total Cost": 905.45, "Plan Rows": 100, "Plan Width": 4, "Actual Rows": 88, "Actual Loops": 1, "Sort Key": ["u.id"], "Sort Method": "quicksort", "Sort Space Used": 25, "Sort Space Type": "Memory", "Plans": [{"Node Type": "Seq Scan", "Parent Relationship": "Outer", "Parallel Aware": false, "Async Capable": false, "Relation Name": "users", "Alias": "u", "Startup Cost": 0.0, "Total Cost": 901.88, "Plan Rows": 100, "Plan Width": 4, "Actual Rows": 88, "Actual Loops": 1, "Filter": "((creationdate >= '2010-09-01 05:58:51'::timestamp without time zone) AND (creationdate <= '2010-09-13 19:06:12'::timestamp without time zone))", "Rows Removed by Filter": 40237}]}]}, {"Node Type": "Index Only Scan", "Parent Relationship": "Inner", "Parallel Aware": false, "Async Capable": false, "Scan Direction": "Forward", "Index Name": "idx_comments_userid", "Relation Name": "comments", "Alias": "c", "Startup Cost": 0.29, "Total Cost": 0.53, "Plan Rows": 13, "Plan Width": 4, "Actual Rows": 12, "Actual Loops": 61, "Index Cond": "(userid = v.userid)", "Rows Removed by Index Recheck": 0, "Heap Fetches": 0}]}]}, "Planning Time": 0.758, "Triggers": [], "Execution Time": 3.599}, {"Plan": {"Node Type": "Aggregate", "Strategy": "Plain", "Partial Mode": "Simple", "Parallel Aware": false, "Async Capable": false, "Startup Cost": 1801.31, "Total Cost": 1801.32, "Plan Rows": 1, "Plan Width": 8, "Actual Rows": 1, "Actual Loops": 1, "Plans": [{"Node Type": "Nested Loop", "Parent Relationship": "Outer", "Parallel Aware": false, "Async Capable": false, "Join Type": "Inner", "Startup Cost": 0.72, "Total Cost": 1740.13, "Plan Rows": 88.0, "Plan Width": 0, "Actual Rows": 759, "Actual Loops": 1, "Inner Unique": false, "Join Filter": "(v.userid = u.id)", "Rows Removed by Join Filter": 0, "Plans": [{"Node Type": "Nested Loop", "Parent Relationship": "Outer", "Parallel Aware": false, "Async Capable": false, "Join Type": "Inner", "Startup Cost": 0.29, "Total Cost": 1417.64, "Plan Rows": 4.0, "Plan Width": 8, "Actual Rows": 382, "Actual Loops": 1, "Inner Unique": false, "Plans": [{"Node Type": "Seq Scan", "Parent Relationship": "Outer", "Parallel Aware": false, "Async Capable": false, "Relation Name": "users", "Alias": "u", "Startup Cost": 0.0, "Total Cost": 901.88, "Plan Rows": 100, "Plan Width": 4, "Actual Rows": 88, "Actual Loops": 1, "Filter": "((creationdate >= '2010-09-01 05:58:51'::timestamp without time zone) AND (creationdate <= '2010-09-13 19:06:12'::timestamp without time zone))", "Rows Removed by Filter": 40237}, {"Node Type": "Index Only Scan", "Parent Relationship": "Inner", "Parallel Aware": false, "Async Capable": false, "Scan Direction": "Forward", "Index Name": "idx_comments_userid", "Relation Name": "comments", "Alias": "c", "Startup Cost": 0.29, "Total Cost": 5.03, "Plan Rows": 13, "Plan Width": 4, "Actual Rows": 4, "Actual Loops": 88, "Index Cond": "(userid = u.id)", "Rows Removed by Index Recheck": 0, "Heap Fetches": 0}]}, {"Node Type": "Index Scan", "Parent Relationship": "Inner", "Parallel Aware": false, "Async Capable": false, "Scan Direction": "Forward", "Index Name": "idx_votes_userid", "Relation Name": "votes", "Alias": "v", "Startup Cost": 0.42, "Total Cost": 0.66, "Plan Rows": 8, "Plan Width": 4, "Actual Rows": 2, "Actual Loops": 382, "Index Cond": "(userid = c.userid)", "Rows Removed by Index Recheck": 0, "Filter": "(creationdate <= '2014-07-29 22:43:11'::timestamp without time zone)", "Rows Removed by Filter": 0}]}]}, "Planning Time": 0.716, "Triggers": [], "Execution Time": 2.516}, {"Plan": {"Node Type": "Aggregate", "Strategy": "Plain", "Partial Mode": "Finalize", "Parallel Aware": false, "Async Capable": false, "Startup Cost": 39183.16, "Total Cost": 39183.17, "Plan Rows": 1, "Plan Width": 8, "Actual Rows": 1, "Actual Loops": 1, "Plans": [{"Node Type": "Gather", "Parent Relationship": "Outer", "Parallel Aware": false, "Async Capable": false, "Startup Cost": 39183.04, "Total Cost": 39183.15, "Plan Rows": 1, "Plan Width": 8, "Actual Rows": 2, "Actual Loops": 1, "Workers Planned": 1, "Workers Launched": 1, "Single Copy": false, "Plans": [{"Node Type": "Aggregate", "Strategy": "Plain", "Partial Mode": "Partial", "Parent Relationship": "Outer", "Parallel Aware": false, "Async Capable": false, "Startup Cost": 38183.04, "Total Cost": 38183.05, "Plan Rows": 1, "Plan Width": 8, "Actual Rows": 1, "Actual Loops": 2, "Workers": [], "Plans": [{"Node Type": "Merge Join", "Parent Relationship": "Outer", "Parallel Aware": false, "Async Capable": false, "Join Type": "Inner", "Startup Cost": 905.92, "Total Cost": 38147.06, "Plan Rows": 88.0, "Plan Width": 0, "Actual Rows": 380, "Actual Loops": 2, "Inner Unique": true, "Merge Cond": "(c.userid = u.id)", "Workers": [], "Plans": [{"Node Type": "Nested Loop", "Parent Relationship": "Outer", "Parallel Aware": false, "Async Capable": false, "Join Type": "Inner", "Startup Cost": 0.73, "Total Cost": 22965.55, "Plan Rows": 74989.0, "Plan Width": 8, "Actual Rows": 3649944, "Actual Loops": 2, "Inner Unique": false, "Workers": [], "Plans": [{"Node Type": "Index Only Scan", "Parent Relationship": "Outer", "Parallel Aware": true, "Async Capable": false, "Scan Direction": "Forward", "Index Name": "idx_comments_userid", "Relation Name": "comments", "Alias": "c", "Startup Cost": 0.29, "Total Cost": 2851.06, "Plan Rows": 102532, "Plan Width": 4, "Actual Rows": 21778, "Actual Loops": 2, "Heap Fetches": 0, "Workers": []}, {"Node Type": "Memoize", "Parent Relationship": "Inner", "Parallel Aware": false, "Async Capable": false, "Startup Cost": 0.43, "Total Cost": 0.67, "Plan Rows": 8, "Plan Width": 4, "Actual Rows": 168, "Actual Loops": 43557, "Cache Key": "c.userid", "Cache Mode": "logical", "Cache Hits": 21330, "Cache Misses": 274, "Cache Evictions": 0, "Cache Overflows": 0, "Peak Memory Usage": 130, "Workers": [{"Worker Number": 0, "Cache Hits": 21783, "Cache Misses": 170, "Cache Evictions": 0, "Cache Overflows": 0, "Peak Memory Usage": 106}], "Plans": [{"Node Type": "Index Scan", "Parent Relationship": "Outer", "Parallel Aware": false, "Async Capable": false, "Scan Direction": "Forward", "Index Name": "idx_votes_userid", "Relation Name": "votes", "Alias": "v", "Startup Cost": 0.42, "Total Cost": 0.66, "Plan Rows": 8, "Plan Width": 4, "Actual Rows": 13, "Actual Loops": 444, "Index Cond": "(userid = c.userid)", "Rows Removed by Index Recheck": 0, "Filter": "(creationdate <= '2014-07-29 22:43:11'::timestamp without time zone)", "Rows Removed by Filter": 0, "Workers": []}]}]}, {"Node Type": "Sort", "Parent Relationship": "Inner", "Parallel Aware": false, "Async Capable": false, "Startup Cost": 905.2, "Total Cost": 905.45, "Plan Rows": 100, "Plan Width": 4, "Actual Rows": 88, "Actual Loops": 2, "Sort Key": ["u.id"], "Sort Method": "quicksort", "Sort Space Used": 25, "Sort Space Type": "Memory", "Workers": [{"Worker Number": 0, "Sort Method": "quicksort", "Sort Space Used": 25, "Sort Space Type": "Memory"}], "Plans": [{"Node Type": "Seq Scan", "Parent Relationship": "Outer", "Parallel Aware": false, "Async Capable": false, "Relation Name": "users", "Alias": "u", "Startup Cost": 0.0, "Total Cost": 901.88, "Plan Rows": 100, "Plan Width": 4, "Actual Rows": 88, "Actual Loops": 2, "Filter": "((creationdate >= '2010-09-01 05:58:51'::timestamp without time zone) AND (creationdate <= '2010-09-13 19:06:12'::timestamp without time zone))", "Rows Removed by Filter": 40237, "Workers": []}]}]}]}]}]}, "Planning Time": 0.755, "Triggers": [], "Execution Time": 230.935}]