[{"Plan": {"Node Type": "Aggregate", "Strategy": "Plain", "Partial Mode": "Simple", "Parallel Aware": false, "Async Capable": false, "Startup Cost": 2458.13, "Total Cost": 2458.14, "Plan Rows": 1, "Plan Width": 8, "Actual Rows": 1, "Actual Loops": 1, "Plans": [{"Node Type": "Nested Loop", "Parent Relationship": "Outer", "Parallel Aware": false, "Async Capable": false, "Join Type": "Inner", "Startup Cost": 1.84, "Total Cost": 2457.46, "Plan Rows": 56.0, "Plan Width": 0, "Actual Rows": 114146, "Actual Loops": 1, "Inner Unique": false, "Plans": [{"Node Type": "Nested Loop", "Parent Relationship": "Outer", "Parallel Aware": false, "Async Capable": false, "Join Type": "Inner", "Startup Cost": 1.55, "Total Cost": 2456.32, "Plan Rows": 3.0, "Plan Width": 4, "Actual Rows": 27875, "Actual Loops": 1, "Inner Unique": false, "Join Filter": "(p.id = v.postid)", "Rows Removed by Join Filter": 0, "Plans": [{"Node Type": "Nested Loop", "Parent Relationship": "Outer", "Parallel Aware": false, "Async Capable": false, "Join Type": "Inner", "Startup Cost": 1.13, "Total Cost": 2455.65, "Plan Rows": 2.0, "Plan Width": 20, "Actual Rows": 308, "Actual Loops": 1, "Inner Unique": false, "Join Filter": "(p.id = ph.postid)", "Rows Removed by Join Filter": 0, "Plans": [{"Node Type": "Nested Loop", "Parent Relationship": "Outer", "Parallel Aware": false, "Async Capable": false, "Join Type": "Inner", "Startup Cost": 0.71, "Total Cost": 2455.02, "Plan Rows": 4.0, "Plan Width": 16, "Actual Rows": 483, "Actual Loops": 1, "Inner Unique": false, "Join Filter": "(c.postid = p.id)", "Rows Removed by Join Filter": 0, "Plans": [{"Node Type": "Nested Loop", "Parent Relationship": "Outer", "Parallel Aware": false, "Async Capable": false, "Join Type": "Inner", "Startup Cost": 0.29, "Total Cost": 2453.92, "Plan Rows": 2.0, "Plan Width": 8, "Actual Rows": 527, "Actual Loops": 1, "Inner Unique": false, "Plans": [{"Node Type": "Seq Scan", "Parent Relationship": "Outer", "Parallel Aware": false, "Async Capable": false, "Relation Name": "posts", "Alias": "p", "Startup Cost": 0.0, "Total Cost": 2449.58, "Plan Rows": 1, "Plan Width": 4, "Actual Rows": 40, "Actual Loops": 1, "Filter": "((score >= 23) AND (viewcount >= 22043) AND (commentcount <= 7))", "Rows Removed by Filter": 91936}, {"Node Type": "Index Only Scan", "Parent Relationship": "Inner", "Parallel Aware": false, "Async Capable": false, "Scan Direction": "Forward", "Index Name": "idx_postlinks_relatedpostid", "Relation Name": "postlinks", "Alias": "pl", "Startup Cost": 0.29, "Total Cost": 4.32, "Plan Rows": 2, "Plan Width": 4, "Actual Rows": 13, "Actual Loops": 40, "Index Cond": "(relatedpostid = p.id)", "Rows Removed by Index Recheck": 0, "Heap Fetches": 0}]}, {"Node Type": "Index Scan", "Parent Relationship": "Inner", "Parallel Aware": false, "Async Capable": false, "Scan Direction": "Forward", "Index Name": "idx_comments_postid", "Relation Name": "comments", "Alias": "c", "Startup Cost": 0.42, "Total Cost": 1.07, "Plan Rows": 2, "Plan Width": 8, "Actual Rows": 1, "Actual Loops": 527, "Index Cond": "(postid = pl.relatedpostid)", "Rows Removed by Index Recheck": 0, "Filter": "(creationdate >= '2012-11-08 09:16:18'::timestamp without time zone)", "Rows Removed by Filter": 2}]}, {"Node Type": "Index Scan", "Parent Relationship": "Inner", "Parallel Aware": false, "Async Capable": false, "Scan Direction": "Forward", "Index Name": "idx_posthistory_postid", "Relation Name": "posthistory", "Alias": "ph", "Startup Cost": 0.42, "Total Cost": 0.62, "Plan Rows": 1, "Plan Width": 4, "Actual Rows": 1, "Actual Loops": 483, "Index Cond": "(postid = c.postid)", "Rows Removed by Index Recheck": 0, "Filter": "((creationdate >= '2011-05-17 07:21:37'::timestamp without time zone) AND (creationdate <= '2012-01-04 06:09:01'::timestamp without time zone))", "Rows Removed by Filter": 7}]}, {"Node Type": "Index Scan", "Parent Relationship": "Inner", "Parallel Aware": false, "Async Capable": false, "Scan Direction": "Forward", "Index Name": "idx_votes_postid", "Relation Name": "votes", "Alias": "v", "Startup Cost": 0.42, "Total Cost": 0.62, "Plan Rows": 4, "Plan Width": 4, "Actual Rows": 91, "Actual Loops": 308, "Index Cond": "(postid = c.postid)", "Rows Removed by Index Recheck": 0, "Filter": "(votetypeid = 2)", "Rows Removed by Filter": 114}]}, {"Node Type": "Index Only Scan", "Parent Relationship": "Inner", "Parallel Aware": false, "Async Capable": false, "Scan Direction": "Forward", "Index Name": "idx_badges_userid", "Relation Name": "badges", "Alias": "b", "Startup Cost": 0.29, "Total Cost": 0.35, "Plan Rows": 3, "Plan Width": 4, "Actual Rows": 4, "Actual Loops": 27875, "Index Cond": "(userid = c.userid)", "Rows Removed by Index Recheck": 0, "Heap Fetches": 0}]}]}, "Planning Time": 5.853, "Triggers": [], "Execution Time": 38.687}, {"Plan": {"Node Type": "Aggregate", "Strategy": "Plain", "Partial Mode": "Simple", "Parallel Aware": false, "Async Capable": false, "Startup Cost": 20204.82, "Total Cost": 20204.83, "Plan Rows": 1, "Plan Width": 8, "Actual Rows": 1, "Actual Loops": 1, "Plans": [{"Node Type": "Merge Join", "Parent Relationship": "Outer", "Parallel Aware": false, "Async Capable": false, "Join Type": "Inner", "Startup Cost": 10497.86, "Total Cost": 20204.15, "Plan Rows": 56.0, "Plan Width": 0, "Actual Rows": 114146, "Actual Loops": 1, "Inner Unique": false, "Merge Cond": "(p.id = c.postid)", "Plans": [{"Node Type": "Sort", "Parent Relationship": "Outer", "Parallel Aware": false, "Async Capable": false, "Startup Cost": 2465.39, "Total Cost": 2465.4, "Plan Rows": 3.0, "Plan Width": 8, "Actual Rows": 2236, "Actual Loops": 1, "Sort Key": ["p.id"], "Sort Method": "quicksort", "Sort Space Used": 171, "Sort Space Type": "Memory", "Plans": [{"Node Type": "Nested Loop", "Parent Relationship": "Outer", "Parallel Aware": false, "Async Capable": false, "Join Type": "Inner", "Startup Cost": 0.42, "Total Cost": 2465.37, "Plan Rows": 3.0, "Plan Width": 8, "Actual Rows": 2396, "Actual Loops": 1, "Inner Unique": false, "Plans": [{"Node Type": "Seq Scan", "Parent Relationship": "Outer", "Parallel Aware": false, "Async Capable": false, "Relation Name": "posts", "Alias": "p", "Startup Cost": 0.0, "Total Cost": 2449.58, "Plan Rows": 1, "Plan Width": 4, "Actual Rows": 40, "Actual Loops": 1, "Filter": "((score >= 23) AND (viewcount >= 22043) AND (commentcount <= 7))", "Rows Removed by Filter": 91936}, {"Node Type": "Index Scan", "Parent Relationship": "Inner", "Parallel Aware": false, "Async Capable": false, "Scan Direction": "Forward", "Index Name": "idx_votes_postid", "Relation Name": "votes", "Alias": "v", "Startup Cost": 0.42, "Total Cost": 15.75, "Plan Rows": 4, "Plan Width": 4, "Actual Rows": 60, "Actual Loops": 40, "Index Cond": "(postid = p.id)", "Rows Removed by Index Recheck": 0, "Filter": "(votetypeid = 2)", "Rows Removed by Filter": 51}]}]}, {"Node Type": "Materialize", "Parent Relationship": "Inner", "Parallel Aware": false, "Async Capable": false, "Startup Cost": 8032.46, "Total Cost": 15922.68, "Plan Rows": 20187.0, "Plan Width": 12, "Actual Rows": 415176, "Actual Loops": 1, "Plans": [{"Node Type": "Nested Loop", "Parent Relationship": "Outer", "Parallel Aware": false, "Async Capable": false, "Join Type": "Inner", "Startup Cost": 8032.46, "Total Cost": 14106.86, "Plan Rows": 20187.0, "Plan Width": 12, "Actual Rows": 301626, "Actual Loops": 1, "Inner Unique": false, "Plans": [{"Node Type": "Gather Merge", "Parent Relationship": "Outer", "Parallel Aware": false, "Async Capable": false, "Startup Cost": 8032.17, "Total Cost": 11013.95, "Plan Rows": 850.0, "Plan Width": 16, "Actual Rows": 2787, "Actual Loops": 1, "Workers Planned": 1, "Workers Launched": 1, "Plans": [{"Node Type": "Nested Loop", "Parent Relationship": "Outer", "Parallel Aware": false, "Async Capable": false, "Join Type": "Inner", "Startup Cost": 7032.16, "Total Cost": 9098.52, "Plan Rows": 850.0, "Plan Width": 16, "Actual Rows": 1394, "Actual Loops": 2, "Inner Unique": false, "Join Filter": "(c.postid = pl.relatedpostid)", "Rows Removed by Join Filter": 0, "Workers": [], "Plans": [{"Node Type": "Merge Join", "Parent Relationship": "Outer", "Parallel Aware": false, "Async Capable": false, "Join Type": "Inner", "Startup Cost": 7031.74, "Total Cost": 7196.84, "Plan Rows": 377.0, "Plan Width": 8, "Actual Rows": 6126, "Actual Loops": 2, "Inner Unique": false, "Merge Cond": "(ph.postid = pl.relatedpostid)", "Workers": [], "Plans": [{"Node Type": "Sort", "Parent Relationship": "Outer", "Parallel Aware": false, "Async Capable": false, "Startup Cost": 6092.75, "Total Cost": 6134.7, "Plan Rows": 16781, "Plan Width": 4, "Actual Rows": 14081, "Actual Loops": 2, "Sort Key": ["ph.postid"], "Sort Method": "quicksort", "Sort Space Used": 769, "Sort Space Type": "Memory", "Workers": [{"Worker Number": 0, "Sort Method": "quicksort", "Sort Space Used": 49, "Sort Space Type": "Memory"}], "Plans": [{"Node Type": "Seq Scan", "Parent Relationship": "Outer", "Parallel Aware": true, "Async Capable": false, "Relation Name": "posthistory", "Alias": "ph", "Startup Cost": 0.0, "Total Cost": 4915.18, "Plan Rows": 16781, "Plan Width": 4, "Actual Rows": 14081, "Actual Loops": 2, "Filter": "((creationdate >= '2011-05-17 07:21:37'::timestamp without time zone) AND (creationdate <= '2012-01-04 06:09:01'::timestamp without time zone))", "Rows Removed by Filter": 137512, "Workers": []}]}, {"Node Type": "Sort", "Parent Relationship": "Inner", "Parallel Aware": false, "Async Capable": false, "Startup Cost": 938.99, "Total Cost": 966.75, "Plan Rows": 11102, "Plan Width": 4, "Actual Rows": 10505, "Actual Loops": 2, "Sort Key": ["pl.relatedpostid"], "Sort Method": "quicksort", "Sort Space Used": 385, "Sort Space Type": "Memory", "Workers": [{"Worker Number": 0, "Sort Method": "quicksort", "Sort Space Used": 385, "Sort Space Type": "Memory"}], "Plans": [{"Node Type": "Seq Scan", "Parent Relationship": "Outer", "Parallel Aware": false, "Async Capable": false, "Relation Name": "postlinks", "Alias": "pl", "Startup Cost": 0.0, "Total Cost": 193.02, "Plan Rows": 11102, "Plan Width": 4, "Actual Rows": 11102, "Actual Loops": 2, "Workers": []}]}]}, {"Node Type": "Index Scan", "Parent Relationship": "Inner", "Parallel Aware": false, "Async Capable": false, "Scan Direction": "Forward", "Index Name": "idx_comments_postid", "Relation Name": "comments", "Alias": "c", "Startup Cost": 0.42, "Total Cost": 0.71, "Plan Rows": 2, "Plan Width": 8, "Actual Rows": 0, "Actual Loops": 12251, "Index Cond": "(postid = ph.postid)", "Rows Removed by Index Recheck": 0, "Filter": "(creationdate >= '2012-11-08 09:16:18'::timestamp without time zone)", "Rows Removed by Filter": 3, "Workers": []}]}]}, {"Node Type": "Index Only Scan", "Parent Relationship": "Inner", "Parallel Aware": false, "Async Capable": false, "Scan Direction": "Forward", "Index Name": "idx_badges_userid", "Relation Name": "badges", "Alias": "b", "Startup Cost": 0.29, "Total Cost": 0.35, "Plan Rows": 3, "Plan Width": 4, "Actual Rows": 108, "Actual Loops": 2787, "Index Cond": "(userid = c.userid)", "Rows Removed by Index Recheck": 0, "Heap Fetches": 0}]}]}]}]}, "Planning Time": 6.609, "Triggers": [], "Execution Time": 175.086}, {"Plan": {"Node Type": "Aggregate", "Strategy": "Plain", "Partial Mode": "Simple", "Parallel Aware": false, "Async Capable": false, "Startup Cost": 15138.7, "Total Cost": 15138.71, "Plan Rows": 1, "Plan Width": 8, "Actual Rows": 1, "Actual Loops": 1, "Plans": [{"Node Type": "Merge Join", "Parent Relationship": "Outer", "Parallel Aware": false, "Async Capable": false, "Join Type": "Inner", "Startup Cost": 2463.0, "Total Cost": 15138.03, "Plan Rows": 56.0, "Plan Width": 0, "Actual Rows": 114146, "Actual Loops": 1, "Inner Unique": false, "Merge Cond": "(pl.relatedpostid = p.id)", "Plans": [{"Node Type": "Nested Loop", "Parent Relationship": "Outer", "Parallel Aware": false, "Async Capable": false, "Join Type": "Inner", "Startup Cost": 1.14, "Total Cost": 12472.73, "Plan Rows": 538.0, "Plan Width": 12, "Actual Rows": 229067, "Actual Loops": 1, "Inner Unique": false, "Join Filter": "(pl.relatedpostid = v.postid)", "Rows Removed by Join Filter": 0, "Plans": [{"Node Type": "Nested Loop", "Parent Relationship": "Outer", "Parallel Aware": false, "Async Capable": false, "Join Type": "Inner", "Startup Cost": 0.72, "Total Cost": 8321.95, "Plan Rows": 377.0, "Plan Width": 8, "Actual Rows": 12251, "Actual Loops": 1, "Inner Unique": false, "Plans": [{"Node Type": "Index Only Scan", "Parent Relationship": "Outer", "Parallel Aware": false, "Async Capable": false, "Scan Direction": "Forward", "Index Name": "idx_postlinks_relatedpostid", "Relation Name": "postlinks", "Alias": "pl", "Startup Cost": 0.29, "Total Cost": 262.81, "Plan Rows": 11102, "Plan Width": 4, "Actual Rows": 11102, "Actual Loops": 1, "Heap Fetches": 0}, {"Node Type": "Memoize", "Parent Relationship": "Inner", "Parallel Aware": false, "Async Capable": false, "Startup Cost": 0.43, "Total Cost": 1.51, "Plan Rows": 1, "Plan Width": 4, "Actual Rows": 1, "Actual Loops": 11102, "Cache Key": "pl.relatedpostid", "Cache Mode": "logical", "Cache Hits": 5925, "Cache Misses": 5177, "Cache Evictions": 0, "Cache Overflows": 0, "Peak Memory Usage": 511, "Plans": [{"Node Type": "Index Scan", "Parent Relationship": "Outer", "Parallel Aware": false, "Async Capable": false, "Scan Direction": "Forward", "Index Name": "idx_posthistory_postid", "Relation Name": "posthistory", "Alias": "ph", "Startup Cost": 0.42, "Total Cost": 1.5, "Plan Rows": 1, "Plan Width": 4, "Actual Rows": 1, "Actual Loops": 5177, "Index Cond": "(postid = pl.relatedpostid)", "Rows Removed by Index Recheck": 0, "Filter": "((creationdate >= '2011-05-17 07:21:37'::timestamp without time zone) AND (creationdate <= '2012-01-04 06:09:01'::timestamp without time zone))", "Rows Removed by Filter": 5}]}]}, {"Node Type": "Index Scan", "Parent Relationship": "Inner", "Parallel Aware": false, "Async Capable": false, "Scan Direction": "Forward", "Index Name": "idx_votes_postid", "Relation Name": "votes", "Alias": "v", "Startup Cost": 0.42, "Total Cost": 0.89, "Plan Rows": 4, "Plan Width": 4, "Actual Rows": 19, "Actual Loops": 12251, "Index Cond": "(postid = ph.postid)", "Rows Removed by Index Recheck": 0, "Filter": "(votetypeid = 2)", "Rows Removed by Filter": 15}]}, {"Node Type": "Sort", "Parent Relationship": "Inner", "Parallel Aware": false, "Async Capable": false, "Startup Cost": 2461.86, "Total Cost": 2462.09, "Plan Rows": 86.0, "Plan Width": 8, "Actual Rows": 115864, "Actual Loops": 1, "Sort Key": ["c.postid"], "Sort Method": "quicksort", "Sort Space Used": 112, "Sort Space Type": "Memory", "Plans": [{"Node Type": "Nested Loop", "Parent Relationship": "Outer", "Parallel Aware": false, "Async Capable": false, "Join Type": "Inner", "Startup Cost": 0.71, "Total Cost": 2458.98, "Plan Rows": 86.0, "Plan Width": 8, "Actual Rows": 2030, "Actual Loops": 1, "Inner Unique": false, "Plans": [{"Node Type": "Nested Loop", "Parent Relationship": "Outer", "Parallel Aware": false, "Async Capable": false, "Join Type": "Inner", "Startup Cost": 0.42, "Total Cost": 2458.6, "Plan Rows": 3.0, "Plan Width": 12, "Actual Rows": 22, "Actual Loops": 1, "Inner Unique": false, "Plans": [{"Node Type": "Seq Scan", "Parent Relationship": "Outer", "Parallel Aware": false, "Async Capable": false, "Relation Name": "posts", "Alias": "p", "Startup Cost": 0.0, "Total Cost": 2449.58, "Plan Rows": 1, "Plan Width": 4, "Actual Rows": 40, "Actual Loops": 1, "Filter": "((score >= 23) AND (viewcount >= 22043) AND (commentcount <= 7))", "Rows Removed by Filter": 91936}, {"Node Type": "Index Scan", "Parent Relationship": "Inner", "Parallel Aware": false, "Async Capable": false, "Scan Direction": "Forward", "Index Name": "idx_comments_postid", "Relation Name": "comments", "Alias": "c", "Startup Cost": 0.42, "Total Cost": 9.0, "Plan Rows": 2, "Plan Width": 8, "Actual Rows": 1, "Actual Loops": 40, "Index Cond": "(postid = p.id)", "Rows Removed by Index Recheck": 0, "Filter": "(creationdate >= '2012-11-08 09:16:18'::timestamp without time zone)", "Rows Removed by Filter": 2}]}, {"Node Type": "Index Only Scan", "Parent Relationship": "Inner", "Parallel Aware": false, "Async Capable": false, "Scan Direction": "Forward", "Index Name": "idx_badges_userid", "Relation Name": "badges", "Alias": "b", "Startup Cost": 0.29, "Total Cost": 0.35, "Plan Rows": 3, "Plan Width": 4, "Actual Rows": 92, "Actual Loops": 22, "Index Cond": "(userid = c.userid)", "Rows Removed by Index Recheck": 0, "Heap Fetches": 0}]}]}]}]}, "Planning Time": 6.367, "Triggers": [], "Execution Time": 205.94}, {"Plan": {"Node Type": "Aggregate", "Strategy": "Plain", "Partial Mode": "Finalize", "Parallel Aware": false, "Async Capable": false, "Startup Cost": 9646.63, "Total Cost": 9646.64, "Plan Rows": 1, "Plan Width": 8, "Actual Rows": 1, "Actual Loops": 1, "Plans": [{"Node Type": "Gather", "Parent Relationship": "Outer", "Parallel Aware": false, "Async Capable": false, "Startup Cost": 9646.52, "Total Cost": 9646.63, "Plan Rows": 1, "Plan Width": 8, "Actual Rows": 2, "Actual Loops": 1, "Workers Planned": 1, "Workers Launched": 1, "Single Copy": false, "Plans": [{"Node Type": "Aggregate", "Strategy": "Plain", "Partial Mode": "Partial", "Parent Relationship": "Outer", "Parallel Aware": false, "Async Capable": false, "Startup Cost": 8646.52, "Total Cost": 8646.53, "Plan Rows": 1, "Plan Width": 8, "Actual Rows": 1, "Actual Loops": 2, "Workers": [], "Plans": [{"Node Type": "Merge Join", "Parent Relationship": "Outer", "Parallel Aware": false, "Async Capable": false, "Join Type": "Inner", "Startup Cost": 8560.39, "Total Cost": 8646.12, "Plan Rows": 56.0, "Plan Width": 0, "Actual Rows": 57073, "Actual Loops": 2, "Inner Unique": false, "Merge Cond": "(ph.postid = p.id)", "Workers": [], "Plans": [{"Node Type": "Sort", "Parent Relationship": "Outer", "Parallel Aware": false, "Async Capable": false, "Startup Cost": 6092.75, "Total Cost": 6134.7, "Plan Rows": 16781, "Plan Width": 4, "Actual Rows": 14081, "Actual Loops": 2, "Sort Key": ["ph.postid"], "Sort Method": "quicksort", "Sort Space Used": 769, "Sort Space Type": "Memory", "Workers": [{"Worker Number": 0, "Sort Method": "quicksort", "Sort Space Used": 25, "Sort Space Type": "Memory"}], "Plans": [{"Node Type": "Seq Scan", "Parent Relationship": "Outer", "Parallel Aware": true, "Async Capable": false, "Relation Name": "posthistory", "Alias": "ph", "Startup Cost": 0.0, "Total Cost": 4915.18, "Plan Rows": 16781, "Plan Width": 4, "Actual Rows": 14081, "Actual Loops": 2, "Filter": "((creationdate >= '2011-05-17 07:21:37'::timestamp without time zone) AND (creationdate <= '2012-01-04 06:09:01'::timestamp without time zone))", "Rows Removed by Filter": 137512, "Workers": []}]}, {"Node Type": "Sort", "Parent Relationship": "Inner", "Parallel Aware": false, "Async Capable": false, "Startup Cost": 2467.64, "Total Cost": 2468.31, "Plan Rows": 207.0, "Plan Width": 16, "Actual Rows": 1897024, "Actual Loops": 1, "Sort Key": ["c.postid"], "Sort Method": "quicksort", "Sort Space Used": 162534, "Sort Space Type": "Memory", "Workers": [], "Plans": [{"Node Type": "Nested Loop", "Parent Relationship": "Outer", "Parallel Aware": false, "Async Capable": false, "Join Type": "Inner", "Startup Cost": 1.42, "Total Cost": 2456.83, "Plan Rows": 207.0, "Plan Width": 16, "Actual Rows": 2304872, "Actual Loops": 1, "Inner Unique": false, "Workers": [], "Plans": [{"Node Type": "Nested Loop", "Parent Relationship": "Outer", "Parallel Aware": false, "Async Capable": false, "Join Type": "Inner", "Startup Cost": 1.13, "Total Cost": 2455.69, "Plan Rows": 8.0, "Plan Width": 20, "Actual Rows": 31754, "Actual Loops": 1, "Inner Unique": false, "Join Filter": "(p.id = v.postid)", "Rows Removed by Join Filter": 0, "Workers": [], "Plans": [{"Node Type": "Nested Loop", "Parent Relationship": "Outer", "Parallel Aware": false, "Async Capable": false, "Join Type": "Inner", "Startup Cost": 0.71, "Total Cost": 2455.02, "Plan Rows": 4.0, "Plan Width": 16, "Actual Rows": 483, "Actual Loops": 1, "Inner Unique": false, "Join Filter": "(c.postid = p.id)", "Rows Removed by Join Filter": 0, "Workers": [], "Plans": [{"Node Type": "Nested Loop", "Parent Relationship": "Outer", "Parallel Aware": false, "Async Capable": false, "Join Type": "Inner", "Startup Cost": 0.29, "Total Cost": 2453.92, "Plan Rows": 2.0, "Plan Width": 8, "Actual Rows": 527, "Actual Loops": 1, "Inner Unique": false, "Workers": [], "Plans": [{"Node Type": "Seq Scan", "Parent Relationship": "Outer", "Parallel Aware": false, "Async Capable": false, "Relation Name": "posts", "Alias": "p", "Startup Cost": 0.0, "Total Cost": 2449.58, "Plan Rows": 1, "Plan Width": 4, "Actual Rows": 40, "Actual Loops": 1, "Filter": "((score >= 23) AND (viewcount >= 22043) AND (commentcount <= 7))", "Rows Removed by Filter": 91936, "Workers": []}, {"Node Type": "Index Only Scan", "Parent Relationship": "Inner", "Parallel Aware": false, "Async Capable": false, "Scan Direction": "Forward", "Index Name": "idx_postlinks_relatedpostid", "Relation Name": "postlinks", "Alias": "pl", "Startup Cost": 0.29, "Total Cost": 4.32, "Plan Rows": 2, "Plan Width": 4, "Actual Rows": 13, "Actual Loops": 40, "Index Cond": "(relatedpostid = p.id)", "Rows Removed by Index Recheck": 0, "Heap Fetches": 0, "Workers": []}]}, {"Node Type": "Index Scan", "Parent Relationship": "Inner", "Parallel Aware": false, "Async Capable": false, "Scan Direction": "Forward", "Index Name": "idx_comments_postid", "Relation Name": "comments", "Alias": "c", "Startup Cost": 0.42, "Total Cost": 1.07, "Plan Rows": 2, "Plan Width": 8, "Actual Rows": 1, "Actual Loops": 527, "Index Cond": "(postid = pl.relatedpostid)", "Rows Removed by Index Recheck": 0, "Filter": "(creationdate >= '2012-11-08 09:16:18'::timestamp without time zone)", "Rows Removed by Filter": 2, "Workers": []}]}, {"Node Type": "Index Scan", "Parent Relationship": "Inner", "Parallel Aware": false, "Async Capable": false, "Scan Direction": "Forward", "Index Name": "idx_votes_postid", "Relation Name": "votes", "Alias": "v", "Startup Cost": 0.42, "Total Cost": 0.62, "Plan Rows": 4, "Plan Width": 4, "Actual Rows": 66, "Actual Loops": 483, "Index Cond": "(postid = c.postid)", "Rows Removed by Index Recheck": 0, "Filter": "(votetypeid = 2)", "Rows Removed by Filter": 61, "Workers": []}]}, {"Node Type": "Index Only Scan", "Parent Relationship": "Inner", "Parallel Aware": false, "Async Capable": false, "Scan Direction": "Forward", "Index Name": "idx_badges_userid", "Relation Name": "badges", "Alias": "b", "Startup Cost": 0.29, "Total Cost": 0.35, "Plan Rows": 3, "Plan Width": 4, "Actual Rows": 73, "Actual Loops": 31754, "Index Cond": "(userid = c.userid)", "Rows Removed by Index Recheck": 0, "Heap Fetches": 0, "Workers": []}]}]}]}]}]}]}, "Planning Time": 13.967, "Triggers": [], "Execution Time": 656.442}, {"Plan": {"Node Type": "Aggregate", "Strategy": "Plain", "Partial Mode": "Finalize", "Parallel Aware": false, "Async Capable": false, "Startup Cost": 14953.04, "Total Cost": 14953.05, "Plan Rows": 1, "Plan Width": 8, "Actual Rows": 1, "Actual Loops": 1, "Plans": [{"Node Type": "Gather", "Parent Relationship": "Outer", "Parallel Aware": false, "Async Capable": false, "Startup Cost": 14952.93, "Total Cost": 14953.04, "Plan Rows": 1, "Plan Width": 8, "Actual Rows": 2, "Actual Loops": 1, "Workers Planned": 1, "Workers Launched": 1, "Single Copy": false, "Plans": [{"Node Type": "Aggregate", "Strategy": "Plain", "Partial Mode": "Partial", "Parent Relationship": "Outer", "Parallel Aware": false, "Async Capable": false, "Startup Cost": 13952.93, "Total Cost": 13952.94, "Plan Rows": 1, "Plan Width": 8, "Actual Rows": 1, "Actual Loops": 2, "Workers": [], "Plans": [{"Node Type": "Merge Join", "Parent Relationship": "Outer", "Parallel Aware": false, "Async Capable": false, "Join Type": "Inner", "Startup Cost": 2459.33, "Total Cost": 13952.54, "Plan Rows": 56.0, "Plan Width": 0, "Actual Rows": 57073, "Actual Loops": 2, "Inner Unique": false, "Merge Cond": "(v.postid = p.id)", "Workers": [], "Plans": [{"Node Type": "Index Scan", "Parent Relationship": "Outer", "Parallel Aware": true, "Async Capable": false, "Scan Direction": "Forward", "Index Name": "idx_votes_postid", "Relation Name": "votes", "Alias": "v", "Startup Cost": 0.42, "Total Cost": 11105.86, "Plan Rows": 154215, "Plan Width": 4, "Actual Rows": 19230, "Actual Loops": 2, "Filter": "(votetypeid = 2)", "Rows Removed by Filter": 4568, "Workers": []}, {"Node Type": "Sort", "Parent Relationship": "Inner", "Parallel Aware": false, "Async Capable": false, "Startup Cost": 2458.91, "Total Cost": 2459.13, "Plan Rows": 29.0, "Plan Width": 16, "Actual Rows": 57347, "Actual Loops": 2, "Sort Key": ["c.postid"], "Sort Method": "quicksort", "Sort Space Used": 48, "Sort Space Type": "Memory", "Workers": [{"Worker Number": 0, "Sort Method": "quicksort", "Sort Space Used": 48, "Sort Space Type": "Memory"}], "Plans": [{"Node Type": "Nested Loop", "Parent Relationship": "Outer", "Parallel Aware": false, "Async Capable": false, "Join Type": "Inner", "Startup Cost": 1.42, "Total Cost": 2456.03, "Plan Rows": 29.0, "Plan Width": 16, "Actual Rows": 596, "Actual Loops": 2, "Inner Unique": false, "Workers": [], "Plans": [{"Node Type": "Nested Loop", "Parent Relationship": "Outer", "Parallel Aware": false, "Async Capable": false, "Join Type": "Inner", "Startup Cost": 1.13, "Total Cost": 2455.65, "Plan Rows": 2.0, "Plan Width": 20, "Actual Rows": 308, "Actual Loops": 2, "Inner Unique": false, "Join Filter": "(p.id = ph.postid)", "Rows Removed by Join Filter": 0, "Workers": [], "Plans": [{"Node Type": "Nested Loop", "Parent Relationship": "Outer", "Parallel Aware": false, "Async Capable": false, "Join Type": "Inner", "Startup Cost": 0.71, "Total Cost": 2455.02, "Plan Rows": 4.0, "Plan Width": 16, "Actual Rows": 483, "Actual Loops": 2, "Inner Unique": false, "Join Filter": "(c.postid = p.id)", "Rows Removed by Join Filter": 0, "Workers": [], "Plans": [{"Node Type": "Nested Loop", "Parent Relationship": "Outer", "Parallel Aware": false, "Async Capable": false, "Join Type": "Inner", "Startup Cost": 0.29, "Total Cost": 2453.92, "Plan Rows": 2.0, "Plan Width": 8, "Actual Rows": 527, "Actual Loops": 2, "Inner Unique": false, "Workers": [], "Plans": [{"Node Type": "Seq Scan", "Parent Relationship": "Outer", "Parallel Aware": false, "Async Capable": false, "Relation Name": "posts", "Alias": "p", "Startup Cost": 0.0, "Total Cost": 2449.58, "Plan Rows": 1, "Plan Width": 4, "Actual Rows": 40, "Actual Loops": 2, "Filter": "((score >= 23) AND (viewcount >= 22043) AND (commentcount <= 7))", "Rows Removed by Filter": 91936, "Workers": []}, {"Node Type": "Index Only Scan", "Parent Relationship": "Inner", "Parallel Aware": false, "Async Capable": false, "Scan Direction": "Forward", "Index Name": "idx_postlinks_relatedpostid", "Relation Name": "postlinks", "Alias": "pl", "Startup Cost": 0.29, "Total Cost": 4.32, "Plan Rows": 2, "Plan Width": 4, "Actual Rows": 13, "Actual Loops": 80, "Index Cond": "(relatedpostid = p.id)", "Rows Removed by Index Recheck": 0, "Heap Fetches": 0, "Workers": []}]}, {"Node Type": "Index Scan", "Parent Relationship": "Inner", "Parallel Aware": false, "Async Capable": false, "Scan Direction": "Forward", "Index Name": "idx_comments_postid", "Relation Name": "comments", "Alias": "c", "Startup Cost": 0.42, "Total Cost": 1.07, "Plan Rows": 2, "Plan Width": 8, "Actual Rows": 1, "Actual Loops": 1054, "Index Cond": "(postid = pl.relatedpostid)", "Rows Removed by Index Recheck": 0, "Filter": "(creationdate >= '2012-11-08 09:16:18'::timestamp without time zone)", "Rows Removed by Filter": 2, "Workers": []}]}, {"Node Type": "Index Scan", "Parent Relationship": "Inner", "Parallel Aware": false, "Async Capable": false, "Scan Direction": "Forward", "Index Name": "idx_posthistory_postid", "Relation Name": "posthistory", "Alias": "ph", "Startup Cost": 0.42, "Total Cost": 0.62, "Plan Rows": 1, "Plan Width": 4, "Actual Rows": 1, "Actual Loops": 966, "Index Cond": "(postid = c.postid)", "Rows Removed by Index Recheck": 0, "Filter": "((creationdate >= '2011-05-17 07:21:37'::timestamp without time zone) AND (creationdate <= '2012-01-04 06:09:01'::timestamp without time zone))", "Rows Removed by Filter": 7, "Workers": []}]}, {"Node Type": "Index Only Scan", "Parent Relationship": "Inner", "Parallel Aware": false, "Async Capable": false, "Scan Direction": "Forward", "Index Name": "idx_badges_userid", "Relation Name": "badges", "Alias": "b", "Startup Cost": 0.29, "Total Cost": 0.35, "Plan Rows": 3, "Plan Width": 4, "Actual Rows": 2, "Actual Loops": 616, "Index Cond": "(userid = c.userid)", "Rows Removed by Index Recheck": 0, "Heap Fetches": 0, "Workers": []}]}]}]}]}]}]}, "Planning Time": 14.201, "Triggers": [], "Execution Time": 66.419}, {"Plan": {"Node Type": "Aggregate", "Strategy": "Plain", "Partial Mode": "Simple", "Parallel Aware": false, "Async Capable": false, "Startup Cost": 48408.55, "Total Cost": 48408.56, "Plan Rows": 1, "Plan Width": 8, "Actual Rows": 1, "Actual Loops": 1, "Plans": [{"Node Type": "Merge Join", "Parent Relationship": "Outer", "Parallel Aware": false, "Async Capable": false, "Join Type": "Inner", "Startup Cost": 2460.0, "Total Cost": 48407.88, "Plan Rows": 56.0, "Plan Width": 0, "Actual Rows": 114146, "Actual Loops": 1, "Inner Unique": false, "Merge Cond": "(c.postid = p.id)", "Plans": [{"Node Type": "Nested Loop", "Parent Relationship": "Outer", "Parallel Aware": false, "Async Capable": false, "Join Type": "Inner", "Startup Cost": 1.45, "Total Cost": 24809.08, "Plan Rows": 133660.0, "Plan Width": 12, "Actual Rows": 6596753, "Actual Loops": 1, "Inner Unique": false, "Plans": [{"Node Type": "Nested Loop", "Parent Relationship": "Outer", "Parallel Aware": false, "Async Capable": false, "Join Type": "Inner", "Startup Cost": 1.15, "Total Cost": 15513.36, "Plan Rows": 4973.0, "Plan Width": 16, "Actual Rows": 94423, "Actual Loops": 1, "Inner Unique": false, "Join Filter": "(c.postid = v.postid)", "Rows Removed by Join Filter": 0, "Plans": [{"Node Type": "Nested Loop", "Parent Relationship": "Outer", "Parallel Aware": false, "Async Capable": false, "Join Type": "Inner", "Startup Cost": 0.72, "Total Cost": 6229.27, "Plan Rows": 2294.0, "Plan Width": 12, "Actual Rows": 1765, "Actual Loops": 1, "Inner Unique": false, "Plans": [{"Node Type": "Index Only Scan", "Parent Relationship": "Outer", "Parallel Aware": false, "Async Capable": false, "Scan Direction": "Forward", "Index Name": "idx_postlinks_relatedpostid", "Relation Name": "postlinks", "Alias": "pl", "Startup Cost": 0.29, "Total Cost": 262.81, "Plan Rows": 11102, "Plan Width": 4, "Actual Rows": 4961, "Actual Loops": 1, "Heap Fetches": 0}, {"Node Type": "Memoize", "Parent Relationship": "Inner", "Parallel Aware": false, "Async Capable": false, "Startup Cost": 0.43, "Total Cost": 1.08, "Plan Rows": 2, "Plan Width": 8, "Actual Rows": 0, "Actual Loops": 4961, "Cache Key": "pl.relatedpostid", "Cache Mode": "logical", "Cache Hits": 3190, "Cache Misses": 1771, "Cache Evictions": 0, "Cache Overflows": 0, "Peak Memory Usage": 128, "Plans": [{"Node Type": "Index Scan", "Parent Relationship": "Outer", "Parallel Aware": false, "Async Capable": false, "Scan Direction": "Forward", "Index Name": "idx_comments_postid", "Relation Name": "comments", "Alias": "c", "Startup Cost": 0.42, "Total Cost": 1.07, "Plan Rows": 2, "Plan Width": 8, "Actual Rows": 0, "Actual Loops": 1771, "Index Cond": "(postid = pl.relatedpostid)", "Rows Removed by Index Recheck": 0, "Filter": "(creationdate >= '2012-11-08 09:16:18'::timestamp without time zone)", "Rows Removed by Filter": 2}]}]}, {"Node Type": "Memoize", "Parent Relationship": "Inner", "Parallel Aware": false, "Async Capable": false, "Startup Cost": 0.43, "Total Cost": 1.49, "Plan Rows": 4, "Plan Width": 4, "Actual Rows": 53, "Actual Loops": 1765, "Cache Key": "pl.relatedpostid", "Cache Mode": "logical", "Cache Hits": 1584, "Cache Misses": 181, "Cache Evictions": 0, "Cache Overflows": 0, "Peak Memory Usage": 151, "Plans": [{"Node Type": "Index Scan", "Parent Relationship": "Outer", "Parallel Aware": false, "Async Capable": false, "Scan Direction": "Forward", "Index Name": "idx_votes_postid", "Relation Name": "votes", "Alias": "v", "Startup Cost": 0.42, "Total Cost": 1.48, "Plan Rows": 4, "Plan Width": 4, "Actual Rows": 22, "Actual Loops": 181, "Index Cond": "(postid = pl.relatedpostid)", "Rows Removed by Index Recheck": 0, "Filter": "(votetypeid = 2)", "Rows Removed by Filter": 15}]}]}, {"Node Type": "Memoize", "Parent Relationship": "Inner", "Parallel Aware": false, "Async Capable": false, "Startup Cost": 0.3, "Total Cost": 0.36, "Plan Rows": 3, "Plan Width": 4, "Actual Rows": 70, "Actual Loops": 94423, "Cache Key": "c.userid", "Cache Mode": "logical", "Cache Hits": 94292, "Cache Misses": 131, "Cache Evictions": 0, "Cache Overflows": 0, "Peak Memory Usage": 177, "Plans": [{"Node Type": "Index Only Scan", "Parent Relationship": "Outer", "Parallel Aware": false, "Async Capable": false, "Scan Direction": "Forward", "Index Name": "idx_badges_userid", "Relation Name": "badges", "Alias": "b", "Startup Cost": 0.29, "Total Cost": 0.35, "Plan Rows": 3, "Plan Width": 4, "Actual Rows": 36, "Actual Loops": 131, "Index Cond": "(userid = c.userid)", "Rows Removed by Index Recheck": 0, "Heap Fetches": 0}]}]}, {"Node Type": "Materialize", "Parent Relationship": "Inner", "Parallel Aware": false, "Async Capable": false, "Startup Cost": 2458.55, "Total Cost": 2458.56, "Plan Rows": 1.0, "Plan Width": 8, "Actual Rows": 114168, "Actual Loops": 1, "Plans": [{"Node Type": "Sort", "Parent Relationship": "Outer", "Parallel Aware": false, "Async Capable": false, "Startup Cost": 2458.55, "Total Cost": 2458.56, "Plan Rows": 1.0, "Plan Width": 8, "Actual Rows": 25, "Actual Loops": 1, "Sort Key": ["p.id"], "Sort Method": "quicksort", "Sort Space Used": 25, "Sort Space Type": "Memory", "Plans": [{"Node Type": "Nested Loop", "Parent Relationship": "Outer", "Parallel Aware": false, "Async Capable": false, "Join Type": "Inner", "Startup Cost": 0.42, "Total Cost": 2458.54, "Plan Rows": 1.0, "Plan Width": 8, "Actual Rows": 25, "Actual Loops": 1, "Inner Unique": false, "Plans": [{"Node Type": "Seq Scan", "Parent Relationship": "Outer", "Parallel Aware": false, "Async Capable": false, "Relation Name": "posts", "Alias": "p", "Startup Cost": 0.0, "Total Cost": 2449.58, "Plan Rows": 1, "Plan Width": 4, "Actual Rows": 40, "Actual Loops": 1, "Filter": "((score >= 23) AND (viewcount >= 22043) AND (commentcount <= 7))", "Rows Removed by Filter": 91936}, {"Node Type": "Index Scan", "Parent Relationship": "Inner", "Parallel Aware": false, "Async Capable": false, "Scan Direction": "Forward", "Index Name": "idx_posthistory_postid", "Relation Name": "posthistory", "Alias": "ph", "Startup Cost": 0.42, "Total Cost": 8.95, "Plan Rows": 1, "Plan Width": 4, "Actual Rows": 1, "Actual Loops": 40, "Index Cond": "(postid = p.id)", "Rows Removed by Index Recheck": 0, "Filter": "((creationdate >= '2011-05-17 07:21:37'::timestamp without time zone) AND (creationdate <= '2012-01-04 06:09:01'::timestamp without time zone))", "Rows Removed by Filter": 6}]}]}]}]}]}, "Planning Time": 5.929, "Triggers": [], "Execution Time": 394.467}, {"Plan": {"Node Type": "Aggregate", "Strategy": "Plain", "Partial Mode": "Simple", "Parallel Aware": false, "Async Capable": false, "Startup Cost": 41711.0, "Total Cost": 41711.01, "Plan Rows": 1, "Plan Width": 8, "Actual Rows": 1, "Actual Loops": 1, "Plans": [{"Node Type": "Merge Join", "Parent Relationship": "Outer", "Parallel Aware": false, "Async Capable": false, "Join Type": "Inner", "Startup Cost": 11349.83, "Total Cost": 41710.33, "Plan Rows": 56.0, "Plan Width": 0, "Actual Rows": 114146, "Actual Loops": 1, "Inner Unique": false, "Merge Cond": "(p.id = c.postid)", "Plans": [{"Node Type": "Nested Loop", "Parent Relationship": "Outer", "Parallel Aware": false, "Async Capable": false, "Join Type": "Inner", "Startup Cost": 2450.3, "Total Cost": 2741.71, "Plan Rows": 4.0, "Plan Width": 12, "Actual Rows": 35907, "Actual Loops": 1, "Inner Unique": false, "Join Filter": "(p.id = v.postid)", "Rows Removed by Join Filter": 0, "Plans": [{"Node Type": "Merge Join", "Parent Relationship": "Outer", "Parallel Aware": false, "Async Capable": false, "Join Type": "Inner", "Startup Cost": 2449.88, "Total Cost": 2740.18, "Plan Rows": 2.0, "Plan Width": 8, "Actual Rows": 497, "Actual Loops": 1, "Inner Unique": true, "Merge Cond": "(pl.relatedpostid = p.id)", "Plans": [{"Node Type": "Index Only Scan", "Parent Relationship": "Outer", "Parallel Aware": false, "Async Capable": false, "Scan Direction": "Forward", "Index Name": "idx_postlinks_relatedpostid", "Relation Name": "postlinks", "Alias": "pl", "Startup Cost": 0.29, "Total Cost": 262.81, "Plan Rows": 11102, "Plan Width": 4, "Actual Rows": 6348, "Actual Loops": 1, "Heap Fetches": 0}, {"Node Type": "Sort", "Parent Relationship": "Inner", "Parallel Aware": false, "Async Capable": false, "Startup Cost": 2449.59, "Total Cost": 2449.6, "Plan Rows": 1, "Plan Width": 4, "Actual Rows": 40, "Actual Loops": 1, "Sort Key": ["p.id"], "Sort Method": "quicksort", "Sort Space Used": 25, "Sort Space Type": "Memory", "Plans": [{"Node Type": "Seq Scan", "Parent Relationship": "Outer", "Parallel Aware": false, "Async Capable": false, "Relation Name": "posts", "Alias": "p", "Startup Cost": 0.0, "Total Cost": 2449.58, "Plan Rows": 1, "Plan Width": 4, "Actual Rows": 40, "Actual Loops": 1, "Filter": "((score >= 23) AND (viewcount >= 22043) AND (commentcount <= 7))", "Rows Removed by Filter": 91936}]}]}, {"Node Type": "Index Scan", "Parent Relationship": "Inner", "Parallel Aware": false, "Async Capable": false, "Scan Direction": "Forward", "Index Name": "idx_votes_postid", "Relation Name": "votes", "Alias": "v", "Startup Cost": 0.42, "Total Cost": 1.48, "Plan Rows": 4, "Plan Width": 4, "Actual Rows": 72, "Actual Loops": 497, "Index Cond": "(postid = pl.relatedpostid)", "Rows Removed by Index Recheck": 0, "Filter": "(votetypeid = 2)", "Rows Removed by Filter": 70}]}, {"Node Type": "Materialize", "Parent Relationship": "Inner", "Parallel Aware": false, "Async Capable": false, "Startup Cost": 8899.53, "Total Cost": 30505.01, "Plan Rows": 12885.0, "Plan Width": 8, "Actual Rows": 313775, "Actual Loops": 1, "Plans": [{"Node Type": "Nested Loop", "Parent Relationship": "Outer", "Parallel Aware": false, "Async Capable": false, "Join Type": "Inner", "Startup Cost": 8899.53, "Total Cost": 22042.5, "Plan Rows": 12885.0, "Plan Width": 8, "Actual Rows": 199685, "Actual Loops": 1, "Inner Unique": false, "Plans": [{"Node Type": "Merge Join", "Parent Relationship": "Outer", "Parallel Aware": false, "Async Capable": false, "Join Type": "Inner", "Startup Cost": 8899.23, "Total Cost": 15587.11, "Plan Rows": 511.0, "Plan Width": 12, "Actual Rows": 1933, "Actual Loops": 1, "Inner Unique": false, "Merge Cond": "(c.postid = ph.postid)", "Plans": [{"Node Type": "Index Scan", "Parent Relationship": "Outer", "Parallel Aware": false, "Async Capable": false, "Scan Direction": "Forward", "Index Name": "idx_comments_postid", "Relation Name": "comments", "Alias": "c", "Startup Cost": 0.42, "Total Cost": 5857.0, "Plan Rows": 104988, "Plan Width": 8, "Actual Rows": 1957, "Actual Loops": 1, "Filter": "(creationdate >= '2012-11-08 09:16:18'::timestamp without time zone)", "Rows Removed by Filter": 46251}, {"Node Type": "Sort", "Parent Relationship": "Inner", "Parallel Aware": false, "Async Capable": false, "Startup Cost": 8898.81, "Total Cost": 8970.13, "Plan Rows": 28527, "Plan Width": 4, "Actual Rows": 28796, "Actual Loops": 1, "Sort Key": ["ph.postid"], "Sort Method": "quicksort", "Sort Space Used": 769, "Sort Space Type": "Memory", "Plans": [{"Node Type": "Seq Scan", "Parent Relationship": "Outer", "Parallel Aware": false, "Async Capable": false, "Relation Name": "posthistory", "Alias": "ph", "Startup Cost": 0.0, "Total Cost": 6787.8, "Plan Rows": 28527, "Plan Width": 4, "Actual Rows": 28162, "Actual Loops": 1, "Filter": "((creationdate >= '2011-05-17 07:21:37'::timestamp without time zone) AND (creationdate <= '2012-01-04 06:09:01'::timestamp without time zone))", "Rows Removed by Filter": 275025}]}]}, {"Node Type": "Memoize", "Parent Relationship": "Inner", "Parallel Aware": false, "Async Capable": false, "Startup Cost": 0.3, "Total Cost": 0.36, "Plan Rows": 3, "Plan Width": 4, "Actual Rows": 103, "Actual Loops": 1933, "Cache Key": "c.userid", "Cache Mode": "logical", "Cache Hits": 1630, "Cache Misses": 303, "Cache Evictions": 0, "Cache Overflows": 0, "Peak Memory Usage": 314, "Plans": [{"Node Type": "Index Only Scan", "Parent Relationship": "Outer", "Parallel Aware": false, "Async Capable": false, "Scan Direction": "Forward", "Index Name": "idx_badges_userid", "Relation Name": "badges", "Alias": "b", "Startup Cost": 0.29, "Total Cost": 0.35, "Plan Rows": 3, "Plan Width": 4, "Actual Rows": 28, "Actual Loops": 303, "Index Cond": "(userid = c.userid)", "Rows Removed by Index Recheck": 0, "Heap Fetches": 0}]}]}]}]}]}, "Planning Time": 7.001, "Triggers": [], "Execution Time": 173.789}, {"Plan": {"Node Type": "Aggregate", "Strategy": "Plain", "Partial Mode": "Simple", "Parallel Aware": false, "Async Capable": false, "Startup Cost": 2458.13, "Total Cost": 2458.14, "Plan Rows": 1, "Plan Width": 8, "Actual Rows": 1, "Actual Loops": 1, "Plans": [{"Node Type": "Nested Loop", "Parent Relationship": "Outer", "Parallel Aware": false, "Async Capable": false, "Join Type": "Inner", "Startup Cost": 1.84, "Total Cost": 2457.46, "Plan Rows": 56.0, "Plan Width": 0, "Actual Rows": 114146, "Actual Loops": 1, "Inner Unique": false, "Plans": [{"Node Type": "Nested Loop", "Parent Relationship": "Outer", "Parallel Aware": false, "Async Capable": false, "Join Type": "Inner", "Startup Cost": 1.55, "Total Cost": 2456.32, "Plan Rows": 3.0, "Plan Width": 4, "Actual Rows": 27875, "Actual Loops": 1, "Inner Unique": false, "Join Filter": "(p.id = v.postid)", "Rows Removed by Join Filter": 0, "Plans": [{"Node Type": "Nested Loop", "Parent Relationship": "Outer", "Parallel Aware": false, "Async Capable": false, "Join Type": "Inner", "Startup Cost": 1.13, "Total Cost": 2455.65, "Plan Rows": 2.0, "Plan Width": 20, "Actual Rows": 308, "Actual Loops": 1, "Inner Unique": false, "Join Filter": "(p.id = ph.postid)", "Rows Removed by Join Filter": 0, "Plans": [{"Node Type": "Nested Loop", "Parent Relationship": "Outer", "Parallel Aware": false, "Async Capable": false, "Join Type": "Inner", "Startup Cost": 0.71, "Total Cost": 2455.02, "Plan Rows": 4.0, "Plan Width": 16, "Actual Rows": 483, "Actual Loops": 1, "Inner Unique": false, "Join Filter": "(c.postid = p.id)", "Rows Removed by Join Filter": 0, "Plans": [{"Node Type": "Nested Loop", "Parent Relationship": "Outer", "Parallel Aware": false, "Async Capable": false, "Join Type": "Inner", "Startup Cost": 0.29, "Total Cost": 2453.92, "Plan Rows": 2.0, "Plan Width": 8, "Actual Rows": 527, "Actual Loops": 1, "Inner Unique": false, "Plans": [{"Node Type": "Seq Scan", "Parent Relationship": "Outer", "Parallel Aware": false, "Async Capable": false, "Relation Name": "posts", "Alias": "p", "Startup Cost": 0.0, "Total Cost": 2449.58, "Plan Rows": 1, "Plan Width": 4, "Actual Rows": 40, "Actual Loops": 1, "Filter": "((score >= 23) AND (viewcount >= 22043) AND (commentcount <= 7))", "Rows Removed by Filter": 91936}, {"Node Type": "Index Only Scan", "Parent Relationship": "Inner", "Parallel Aware": false, "Async Capable": false, "Scan Direction": "Forward", "Index Name": "idx_postlinks_relatedpostid", "Relation Name": "postlinks", "Alias": "pl", "Startup Cost": 0.29, "Total Cost": 4.32, "Plan Rows": 2, "Plan Width": 4, "Actual Rows": 13, "Actual Loops": 40, "Index Cond": "(relatedpostid = p.id)", "Rows Removed by Index Recheck": 0, "Heap Fetches": 0}]}, {"Node Type": "Index Scan", "Parent Relationship": "Inner", "Parallel Aware": false, "Async Capable": false, "Scan Direction": "Forward", "Index Name": "idx_comments_postid", "Relation Name": "comments", "Alias": "c", "Startup Cost": 0.42, "Total Cost": 1.07, "Plan Rows": 2, "Plan Width": 8, "Actual Rows": 1, "Actual Loops": 527, "Index Cond": "(postid = pl.relatedpostid)", "Rows Removed by Index Recheck": 0, "Filter": "(creationdate >= '2012-11-08 09:16:18'::timestamp without time zone)", "Rows Removed by Filter": 2}]}, {"Node Type": "Index Scan", "Parent Relationship": "Inner", "Parallel Aware": false, "Async Capable": false, "Scan Direction": "Forward", "Index Name": "idx_posthistory_postid", "Relation Name": "posthistory", "Alias": "ph", "Startup Cost": 0.42, "Total Cost": 0.62, "Plan Rows": 1, "Plan Width": 4, "Actual Rows": 1, "Actual Loops": 483, "Index Cond": "(postid = c.postid)", "Rows Removed by Index Recheck": 0, "Filter": "((creationdate >= '2011-05-17 07:21:37'::timestamp without time zone) AND (creationdate <= '2012-01-04 06:09:01'::timestamp without time zone))", "Rows Removed by Filter": 7}]}, {"Node Type": "Index Scan", "Parent Relationship": "Inner", "Parallel Aware": false, "Async Capable": false, "Scan Direction": "Forward", "Index Name": "idx_votes_postid", "Relation Name": "votes", "Alias": "v", "Startup Cost": 0.42, "Total Cost": 0.62, "Plan Rows": 4, "Plan Width": 4, "Actual Rows": 91, "Actual Loops": 308, "Index Cond": "(postid = c.postid)", "Rows Removed by Index Recheck": 0, "Filter": "(votetypeid = 2)", "Rows Removed by Filter": 114}]}, {"Node Type": "Index Only Scan", "Parent Relationship": "Inner", "Parallel Aware": false, "Async Capable": false, "Scan Direction": "Forward", "Index Name": "idx_badges_userid", "Relation Name": "badges", "Alias": "b", "Startup Cost": 0.29, "Total Cost": 0.35, "Plan Rows": 3, "Plan Width": 4, "Actual Rows": 4, "Actual Loops": 27875, "Index Cond": "(userid = c.userid)", "Rows Removed by Index Recheck": 0, "Heap Fetches": 0}]}]}, "Planning Time": 5.975, "Triggers": [], "Execution Time": 37.401}, {"Plan": {"Node Type": "Aggregate", "Strategy": "Plain", "Partial Mode": "Simple", "Parallel Aware": false, "Async Capable": false, "Startup Cost": 33310.03, "Total Cost": 33310.04, "Plan Rows": 1, "Plan Width": 8, "Actual Rows": 1, "Actual Loops": 1, "Plans": [{"Node Type": "Merge Join", "Parent Relationship": "Outer", "Parallel Aware": false, "Async Capable": false, "Join Type": "Inner", "Startup Cost": 2451.45, "Total Cost": 33309.36, "Plan Rows": 56.0, "Plan Width": 0, "Actual Rows": 114146, "Actual Loops": 1, "Inner Unique": true, "Merge Cond": "(c.postid = p.id)", "Plans": [{"Node Type": "Nested Loop", "Parent Relationship": "Outer", "Parallel Aware": false, "Async Capable": false, "Join Type": "Inner", "Startup Cost": 1.86, "Total Cost": 23223.71, "Plan Rows": 36482.0, "Plan Width": 16, "Actual Rows": 6179796, "Actual Loops": 1, "Inner Unique": false, "Plans": [{"Node Type": "Nested Loop", "Parent Relationship": "Outer", "Parallel Aware": false, "Async Capable": false, "Join Type": "Inner", "Startup Cost": 1.56, "Total Cost": 16953.58, "Plan Rows": 1368.0, "Plan Width": 20, "Actual Rows": 77491, "Actual Loops": 1, "Inner Unique": false, "Plans": [{"Node Type": "Nested Loop", "Parent Relationship": "Outer", "Parallel Aware": false, "Async Capable": false, "Join Type": "Inner", "Startup Cost": 1.14, "Total Cost": 11554.67, "Plan Rows": 850.0, "Plan Width": 16, "Actual Rows": 2787, "Actual Loops": 1, "Inner Unique": false, "Join Filter": "(c.postid = pl.relatedpostid)", "Rows Removed by Join Filter": 0, "Plans": [{"Node Type": "Nested Loop", "Parent Relationship": "Outer", "Parallel Aware": false, "Async Capable": false, "Join Type": "Inner", "Startup Cost": 0.72, "Total Cost": 8321.95, "Plan Rows": 377.0, "Plan Width": 8, "Actual Rows": 12251, "Actual Loops": 1, "Inner Unique": false, "Plans": [{"Node Type": "Index Only Scan", "Parent Relationship": "Outer", "Parallel Aware": false, "Async Capable": false, "Scan Direction": "Forward", "Index Name": "idx_postlinks_relatedpostid", "Relation Name": "postlinks", "Alias": "pl", "Startup Cost": 0.29, "Total Cost": 262.81, "Plan Rows": 11102, "Plan Width": 4, "Actual Rows": 11102, "Actual Loops": 1, "Heap Fetches": 0}, {"Node Type": "Memoize", "Parent Relationship": "Inner", "Parallel Aware": false, "Async Capable": false, "Startup Cost": 0.43, "Total Cost": 1.51, "Plan Rows": 1, "Plan Width": 4, "Actual Rows": 1, "Actual Loops": 11102, "Cache Key": "pl.relatedpostid", "Cache Mode": "logical", "Cache Hits": 5925, "Cache Misses": 5177, "Cache Evictions": 0, "Cache Overflows": 0, "Peak Memory Usage": 511, "Plans": [{"Node Type": "Index Scan", "Parent Relationship": "Outer", "Parallel Aware": false, "Async Capable": false, "Scan Direction": "Forward", "Index Name": "idx_posthistory_postid", "Relation Name": "posthistory", "Alias": "ph", "Startup Cost": 0.42, "Total Cost": 1.5, "Plan Rows": 1, "Plan Width": 4, "Actual Rows": 1, "Actual Loops": 5177, "Index Cond": "(postid = pl.relatedpostid)", "Rows Removed by Index Recheck": 0, "Filter": "((creationdate >= '2011-05-17 07:21:37'::timestamp without time zone) AND (creationdate <= '2012-01-04 06:09:01'::timestamp without time zone))", "Rows Removed by Filter": 5}]}]}, {"Node Type": "Index Scan", "Parent Relationship": "Inner", "Parallel Aware": false, "Async Capable": false, "Scan Direction": "Forward", "Index Name": "idx_comments_postid", "Relation Name": "comments", "Alias": "c", "Startup Cost": 0.42, "Total Cost": 0.71, "Plan Rows": 2, "Plan Width": 8, "Actual Rows": 0, "Actual Loops": 12251, "Index Cond": "(postid = ph.postid)", "Rows Removed by Index Recheck": 0, "Filter": "(creationdate >= '2012-11-08 09:16:18'::timestamp without time zone)", "Rows Removed by Filter": 3}]}, {"Node Type": "Index Scan", "Parent Relationship": "Inner", "Parallel Aware": false, "Async Capable": false, "Scan Direction": "Forward", "Index Name": "idx_votes_postid", "Relation Name": "votes", "Alias": "v", "Startup Cost": 0.42, "Total Cost": 0.62, "Plan Rows": 4, "Plan Width": 4, "Actual Rows": 28, "Actual Loops": 2787, "Index Cond": "(postid = c.postid)", "Rows Removed by Index Recheck": 0, "Filter": "(votetypeid = 2)", "Rows Removed by Filter": 23}]}, {"Node Type": "Memoize", "Parent Relationship": "Inner", "Parallel Aware": false, "Async Capable": false, "Startup Cost": 0.3, "Total Cost": 0.36, "Plan Rows": 3, "Plan Width": 4, "Actual Rows": 80, "Actual Loops": 77491, "Cache Key": "c.userid", "Cache Mode": "logical", "Cache Hits": 77421, "Cache Misses": 70, "Cache Evictions": 0, "Cache Overflows": 0, "Peak Memory Usage": 119, "Plans": [{"Node Type": "Index Only Scan", "Parent Relationship": "Outer", "Parallel Aware": false, "Async Capable": false, "Scan Direction": "Forward", "Index Name": "idx_badges_userid", "Relation Name": "badges", "Alias": "b", "Startup Cost": 0.29, "Total Cost": 0.35, "Plan Rows": 3, "Plan Width": 4, "Actual Rows": 46, "Actual Loops": 70, "Index Cond": "(userid = c.userid)", "Rows Removed by Index Recheck": 0, "Heap Fetches": 0}]}]}, {"Node Type": "Sort", "Parent Relationship": "Inner", "Parallel Aware": false, "Async Capable": false, "Startup Cost": 2449.59, "Total Cost": 2449.6, "Plan Rows": 1, "Plan Width": 4, "Actual Rows": 38, "Actual Loops": 1, "Sort Key": ["p.id"], "Sort Method": "quicksort", "Sort Space Used": 25, "Sort Space Type": "Memory", "Plans": [{"Node Type": "Seq Scan", "Parent Relationship": "Outer", "Parallel Aware": false, "Async Capable": false, "Relation Name": "posts", "Alias": "p", "Startup Cost": 0.0, "Total Cost": 2449.58, "Plan Rows": 1, "Plan Width": 4, "Actual Rows": 40, "Actual Loops": 1, "Filter": "((score >= 23) AND (viewcount >= 22043) AND (commentcount <= 7))", "Rows Removed by Filter": 91936}]}]}]}, "Planning Time": 6.324, "Triggers": [], "Execution Time": 456.81}, {"Plan": {"Node Type": "Aggregate", "Strategy": "Plain", "Partial Mode": "Finalize", "Parallel Aware": false, "Async Capable": false, "Startup Cost": 100116.99, "Total Cost": 100117.0, "Plan Rows": 1, "Plan Width": 8, "Actual Rows": 1, "Actual Loops": 1, "Plans": [{"Node Type": "Gather", "Parent Relationship": "Outer", "Parallel Aware": false, "Async Capable": false, "Startup Cost": 100116.88, "Total Cost": 100116.99, "Plan Rows": 1, "Plan Width": 8, "Actual Rows": 2, "Actual Loops": 1, "Workers Planned": 1, "Workers Launched": 1, "Single Copy": false, "Plans": [{"Node Type": "Aggregate", "Strategy": "Plain", "Partial Mode": "Partial", "Parent Relationship": "Outer", "Parallel Aware": false, "Async Capable": false, "Startup Cost": 99116.88, "Total Cost": 99116.89, "Plan Rows": 1, "Plan Width": 8, "Actual Rows": 1, "Actual Loops": 2, "Workers": [], "Plans": [{"Node Type": "Merge Join", "Parent Relationship": "Outer", "Parallel Aware": false, "Async Capable": false, "Join Type": "Inner", "Startup Cost": 2456.59, "Total Cost": 99116.48, "Plan Rows": 56.0, "Plan Width": 0, "Actual Rows": 57073, "Actual Loops": 2, "Inner Unique": false, "Merge Cond": "(c.postid = p.id)", "Workers": [], "Plans": [{"Node Type": "Nested Loop", "Parent Relationship": "Outer", "Parallel Aware": false, "Async Capable": false, "Join Type": "Inner", "Startup Cost": 1.15, "Total Cost": 38705.04, "Plan Rows": 90459.0, "Plan Width": 8, "Actual Rows": 955220, "Actual Loops": 2, "Inner Unique": false, "Workers": [], "Plans": [{"Node Type": "Merge Join", "Parent Relationship": "Outer", "Parallel Aware": false, "Async Capable": false, "Join Type": "Inner", "Startup Cost": 0.84, "Total Cost": 21160.95, "Plan Rows": 3433.0, "Plan Width": 12, "Actual Rows": 11657, "Actual Loops": 2, "Inner Unique": false, "Merge Cond": "(c.postid = v.postid)", "Workers": [], "Plans": [{"Node Type": "Index Scan", "Parent Relationship": "Outer", "Parallel Aware": true, "Async Capable": false, "Scan Direction": "Forward", "Index Name": "idx_comments_postid", "Relation Name": "comments", "Alias": "c", "Startup Cost": 0.42, "Total Cost": 4959.84, "Plan Rows": 61758, "Plan Width": 8, "Actual Rows": 760, "Actual Loops": 2, "Filter": "(creationdate >= '2012-11-08 09:16:18'::timestamp without time zone)", "Rows Removed by Filter": 16952, "Workers": []}, {"Node Type": "Index Scan", "Parent Relationship": "Inner", "Parallel Aware": false, "Async Capable": false, "Scan Direction": "Forward", "Index Name": "idx_votes_postid", "Relation Name": "votes", "Alias": "v", "Startup Cost": 0.42, "Total Cost": 12794.42, "Plan Rows": 262165, "Plan Width": 4, "Actual Rows": 103842, "Actual Loops": 2, "Filter": "(votetypeid = 2)", "Rows Removed by Filter": 23928, "Workers": []}]}, {"Node Type": "Memoize", "Parent Relationship": "Inner", "Parallel Aware": false, "Async Capable": false, "Startup Cost": 0.3, "Total Cost": 0.36, "Plan Rows": 3, "Plan Width": 4, "Actual Rows": 82, "Actual Loops": 23314, "Cache Key": "c.userid", "Cache Mode": "logical", "Cache Hits": 12773, "Cache Misses": 340, "Cache Evictions": 0, "Cache Overflows": 0, "Peak Memory Usage": 347, "Workers": [{"Worker Number": 0, "Cache Hits": 9884, "Cache Misses": 317, "Cache Evictions": 0, "Cache Overflows": 0, "Peak Memory Usage": 331}], "Plans": [{"Node Type": "Index Only Scan", "Parent Relationship": "Outer", "Parallel Aware": false, "Async Capable": false, "Scan Direction": "Forward", "Index Name": "idx_badges_userid", "Relation Name": "badges", "Alias": "b", "Startup Cost": 0.29, "Total Cost": 0.35, "Plan Rows": 3, "Plan Width": 4, "Actual Rows": 27, "Actual Loops": 657, "Index Cond": "(userid = c.userid)", "Rows Removed by Index Recheck": 0, "Heap Fetches": 0, "Workers": []}]}]}, {"Node Type": "Materialize", "Parent Relationship": "Inner", "Parallel Aware": false, "Async Capable": false, "Startup Cost": 2455.45, "Total Cost": 2455.45, "Plan Rows": 1.0, "Plan Width": 12, "Actual Rows": 57668, "Actual Loops": 2, "Workers": [], "Plans": [{"Node Type": "Sort", "Parent Relationship": "Outer", "Parallel Aware": false, "Async Capable": false, "Startup Cost": 2455.45, "Total Cost": 2455.45, "Plan Rows": 1.0, "Plan Width": 12, "Actual Rows": 602, "Actual Loops": 2, "Sort Key": ["p.id"], "Sort Method": "quicksort", "Sort Space Used": 48, "Sort Space Type": "Memory", "Workers": [{"Worker Number": 0, "Sort Method": "quicksort", "Sort Space Used": 48, "Sort Space Type": "Memory"}], "Plans": [{"Node Type": "Nested Loop", "Parent Relationship": "Outer", "Parallel Aware": false, "Async Capable": false, "Join Type": "Inner", "Startup Cost": 0.71, "Total Cost": 2455.44, "Plan Rows": 1.0, "Plan Width": 12, "Actual Rows": 602, "Actual Loops": 2, "Inner Unique": false, "Join Filter": "(p.id = ph.postid)", "Rows Removed by Join Filter": 0, "Workers": [], "Plans": [{"Node Type": "Nested Loop", "Parent Relationship": "Outer", "Parallel Aware": false, "Async Capable": false, "Join Type": "Inner", "Startup Cost": 0.29, "Total Cost": 2453.92, "Plan Rows": 2.0, "Plan Width": 8, "Actual Rows": 527, "Actual Loops": 2, "Inner Unique": false, "Workers": [], "Plans": [{"Node Type": "Seq Scan", "Parent Relationship": "Outer", "Parallel Aware": false, "Async Capable": false, "Relation Name": "posts", "Alias": "p", "Startup Cost": 0.0, "Total Cost": 2449.58, "Plan Rows": 1, "Plan Width": 4, "Actual Rows": 40, "Actual Loops": 2, "Filter": "((score >= 23) AND (viewcount >= 22043) AND (commentcount <= 7))", "Rows Removed by Filter": 91936, "Workers": []}, {"Node Type": "Index Only Scan", "Parent Relationship": "Inner", "Parallel Aware": false, "Async Capable": false, "Scan Direction": "Forward", "Index Name": "idx_postlinks_relatedpostid", "Relation Name": "postlinks", "Alias": "pl", "Startup Cost": 0.29, "Total Cost": 4.32, "Plan Rows": 2, "Plan Width": 4, "Actual Rows": 13, "Actual Loops": 80, "Index Cond": "(relatedpostid = p.id)", "Rows Removed by Index Recheck": 0, "Heap Fetches": 0, "Workers": []}]}, {"Node Type": "Index Scan", "Parent Relationship": "Inner", "Parallel Aware": false, "Async Capable": false, "Scan Direction": "Forward", "Index Name": "idx_posthistory_postid", "Relation Name": "posthistory", "Alias": "ph", "Startup Cost": 0.42, "Total Cost": 1.5, "Plan Rows": 1, "Plan Width": 4, "Actual Rows": 1, "Actual Loops": 1054, "Index Cond": "(postid = pl.relatedpostid)", "Rows Removed by Index Recheck": 0, "Filter": "((creationdate >= '2011-05-17 07:21:37'::timestamp without time zone) AND (creationdate <= '2012-01-04 06:09:01'::timestamp without time zone))", "Rows Removed by Filter": 7, "Workers": []}]}]}]}]}]}]}]}, "Planning Time": 12.704, "Triggers": [], "Execution Time": 222.645}, {"Plan": {"Node Type": "Aggregate", "Strategy": "Plain", "Partial Mode": "Simple", "Parallel Aware": false, "Async Capable": false, "Startup Cost": 10806.3, "Total Cost": 10806.31, "Plan Rows": 1, "Plan Width": 8, "Actual Rows": 1, "Actual Loops": 1, "Plans": [{"Node Type": "Merge Join", "Parent Relationship": "Outer", "Parallel Aware": false, "Async Capable": false, "Join Type": "Inner", "Startup Cost": 2471.94, "Total Cost": 10805.63, "Plan Rows": 56.0, "Plan Width": 0, "Actual Rows": 114146, "Actual Loops": 1, "Inner Unique": false, "Merge Cond": "(pl.relatedpostid = p.id)", "Plans": [{"Node Type": "Nested Loop", "Parent Relationship": "Outer", "Parallel Aware": false, "Async Capable": false, "Join Type": "Inner", "Startup Cost": 0.72, "Total Cost": 8321.95, "Plan Rows": 377.0, "Plan Width": 8, "Actual Rows": 12251, "Actual Loops": 1, "Inner Unique": false, "Plans": [{"Node Type": "Index Only Scan", "Parent Relationship": "Outer", "Parallel Aware": false, "Async Capable": false, "Scan Direction": "Forward", "Index Name": "idx_postlinks_relatedpostid", "Relation Name": "postlinks", "Alias": "pl", "Startup Cost": 0.29, "Total Cost": 262.81, "Plan Rows": 11102, "Plan Width": 4, "Actual Rows": 11102, "Actual Loops": 1, "Heap Fetches": 0}, {"Node Type": "Memoize", "Parent Relationship": "Inner", "Parallel Aware": false, "Async Capable": false, "Startup Cost": 0.43, "Total Cost": 1.51, "Plan Rows": 1, "Plan Width": 4, "Actual Rows": 1, "Actual Loops": 11102, "Cache Key": "pl.relatedpostid", "Cache Mode": "logical", "Cache Hits": 5925, "Cache Misses": 5177, "Cache Evictions": 0, "Cache Overflows": 0, "Peak Memory Usage": 511, "Plans": [{"Node Type": "Index Scan", "Parent Relationship": "Outer", "Parallel Aware": false, "Async Capable": false, "Scan Direction": "Forward", "Index Name": "idx_posthistory_postid", "Relation Name": "posthistory", "Alias": "ph", "Startup Cost": 0.42, "Total Cost": 1.5, "Plan Rows": 1, "Plan Width": 4, "Actual Rows": 1, "Actual Loops": 5177, "Index Cond": "(postid = pl.relatedpostid)", "Rows Removed by Index Recheck": 0, "Filter": "((creationdate >= '2011-05-17 07:21:37'::timestamp without time zone) AND (creationdate <= '2012-01-04 06:09:01'::timestamp without time zone))", "Rows Removed by Filter": 5}]}]}, {"Node Type": "Sort", "Parent Relationship": "Inner", "Parallel Aware": false, "Async Capable": false, "Startup Cost": 2471.23, "Total Cost": 2471.9, "Plan Rows": 140.0, "Plan Width": 12, "Actual Rows": 199068, "Actual Loops": 1, "Sort Key": ["c.postid"], "Sort Method": "quicksort", "Sort Space Used": 7311, "Sort Space Type": "Memory", "Plans": [{"Node Type": "Nested Loop", "Parent Relationship": "Outer", "Parallel Aware": false, "Async Capable": false, "Join Type": "Inner", "Startup Cost": 1.14, "Total Cost": 2460.42, "Plan Rows": 140.0, "Plan Width": 12, "Actual Rows": 108496, "Actual Loops": 1, "Inner Unique": false, "Plans": [{"Node Type": "Nested Loop", "Parent Relationship": "Outer", "Parallel Aware": false, "Async Capable": false, "Join Type": "Inner", "Startup Cost": 0.84, "Total Cost": 2459.28, "Plan Rows": 5.0, "Plan Width": 16, "Actual Rows": 1407, "Actual Loops": 1, "Inner Unique": false, "Join Filter": "(p.id = v.postid)", "Rows Removed by Join Filter": 0, "Plans": [{"Node Type": "Nested Loop", "Parent Relationship": "Outer", "Parallel Aware": false, "Async Capable": false, "Join Type": "Inner", "Startup Cost": 0.42, "Total Cost": 2458.6, "Plan Rows": 3.0, "Plan Width": 12, "Actual Rows": 22, "Actual Loops": 1, "Inner Unique": false, "Plans": [{"Node Type": "Seq Scan", "Parent Relationship": "Outer", "Parallel Aware": false, "Async Capable": false, "Relation Name": "posts", "Alias": "p", "Startup Cost": 0.0, "Total Cost": 2449.58, "Plan Rows": 1, "Plan Width": 4, "Actual Rows": 40, "Actual Loops": 1, "Filter": "((score >= 23) AND (viewcount >= 22043) AND (commentcount <= 7))", "Rows Removed by Filter": 91936}, {"Node Type": "Index Scan", "Parent Relationship": "Inner", "Parallel Aware": false, "Async Capable": false, "Scan Direction": "Forward", "Index Name": "idx_comments_postid", "Relation Name": "comments", "Alias": "c", "Startup Cost": 0.42, "Total Cost": 9.0, "Plan Rows": 2, "Plan Width": 8, "Actual Rows": 1, "Actual Loops": 40, "Index Cond": "(postid = p.id)", "Rows Removed by Index Recheck": 0, "Filter": "(creationdate >= '2012-11-08 09:16:18'::timestamp without time zone)", "Rows Removed by Filter": 2}]}, {"Node Type": "Index Scan", "Parent Relationship": "Inner", "Parallel Aware": false, "Async Capable": false, "Scan Direction": "Forward", "Index Name": "idx_votes_postid", "Relation Name": "votes", "Alias": "v", "Startup Cost": 0.42, "Total Cost": 0.62, "Plan Rows": 4, "Plan Width": 4, "Actual Rows": 64, "Actual Loops": 22, "Index Cond": "(postid = c.postid)", "Rows Removed by Index Recheck": 0, "Filter": "(votetypeid = 2)", "Rows Removed by Filter": 54}]}, {"Node Type": "Index Only Scan", "Parent Relationship": "Inner", "Parallel Aware": false, "Async Capable": false, "Scan Direction": "Forward", "Index Name": "idx_badges_userid", "Relation Name": "badges", "Alias": "b", "Startup Cost": 0.29, "Total Cost": 0.35, "Plan Rows": 3, "Plan Width": 4, "Actual Rows": 77, "Actual Loops": 1407, "Index Cond": "(userid = c.userid)", "Rows Removed by Index Recheck": 0, "Heap Fetches": 0}]}]}]}]}, "Planning Time": 6.668, "Triggers": [], "Execution Time": 122.969}, {"Plan": {"Node Type": "Aggregate", "Strategy": "Plain", "Partial Mode": "Finalize", "Parallel Aware": false, "Async Capable": false, "Startup Cost": 25781.53, "Total Cost": 25781.54, "Plan Rows": 1, "Plan Width": 8, "Actual Rows": 1, "Actual Loops": 1, "Plans": [{"Node Type": "Gather", "Parent Relationship": "Outer", "Parallel Aware": false, "Async Capable": false, "Startup Cost": 25781.42, "Total Cost": 25781.53, "Plan Rows": 1, "Plan Width": 8, "Actual Rows": 2, "Actual Loops": 1, "Workers Planned": 1, "Workers Launched": 1, "Single Copy": false, "Plans": [{"Node Type": "Aggregate", "Strategy": "Plain", "Partial Mode": "Partial", "Parent Relationship": "Outer", "Parallel Aware": false, "Async Capable": false, "Startup Cost": 24781.42, "Total Cost": 24781.43, "Plan Rows": 1, "Plan Width": 8, "Actual Rows": 1, "Actual Loops": 2, "Workers": [], "Plans": [{"Node Type": "Merge Join", "Parent Relationship": "Outer", "Parallel Aware": false, "Async Capable": false, "Join Type": "Inner", "Startup Cost": 9482.48, "Total Cost": 24781.02, "Plan Rows": 56.0, "Plan Width": 0, "Actual Rows": 57073, "Actual Loops": 2, "Inner Unique": true, "Merge Cond": "(c.postid = p.id)", "Workers": [], "Plans": [{"Node Type": "Nested Loop", "Parent Relationship": "Outer", "Parallel Aware": false, "Async Capable": false, "Join Type": "Inner", "Startup Cost": 7032.89, "Total Cost": 17839.63, "Plan Rows": 36482.0, "Plan Width": 16, "Actual Rows": 3089898, "Actual Loops": 2, "Inner Unique": false, "Workers": [], "Plans": [{"Node Type": "Nested Loop", "Parent Relationship": "Outer", "Parallel Aware": false, "Async Capable": false, "Join Type": "Inner", "Startup Cost": 7032.58, "Total Cost": 12274.04, "Plan Rows": 1368.0, "Plan Width": 20, "Actual Rows": 38746, "Actual Loops": 2, "Inner Unique": false, "Workers": [], "Plans": [{"Node Type": "Nested Loop", "Parent Relationship": "Outer", "Parallel Aware": false, "Async Capable": false, "Join Type": "Inner", "Startup Cost": 7032.16, "Total Cost": 9098.52, "Plan Rows": 850.0, "Plan Width": 16, "Actual Rows": 1394, "Actual Loops": 2, "Inner Unique": false, "Join Filter": "(c.postid = pl.relatedpostid)", "Rows Removed by Join Filter": 0, "Workers": [], "Plans": [{"Node Type": "Merge Join", "Parent Relationship": "Outer", "Parallel Aware": false, "Async Capable": false, "Join Type": "Inner", "Startup Cost": 7031.74, "Total Cost": 7196.84, "Plan Rows": 377.0, "Plan Width": 8, "Actual Rows": 6126, "Actual Loops": 2, "Inner Unique": false, "Merge Cond": "(ph.postid = pl.relatedpostid)", "Workers": [], "Plans": [{"Node Type": "Sort", "Parent Relationship": "Outer", "Parallel Aware": false, "Async Capable": false, "Startup Cost": 6092.75, "Total Cost": 6134.7, "Plan Rows": 16781, "Plan Width": 4, "Actual Rows": 14081, "Actual Loops": 2, "Sort Key": ["ph.postid"], "Sort Method": "quicksort", "Sort Space Used": 769, "Sort Space Type": "Memory", "Workers": [{"Worker Number": 0, "Sort Method": "quicksort", "Sort Space Used": 25, "Sort Space Type": "Memory"}], "Plans": [{"Node Type": "Seq Scan", "Parent Relationship": "Outer", "Parallel Aware": true, "Async Capable": false, "Relation Name": "posthistory", "Alias": "ph", "Startup Cost": 0.0, "Total Cost": 4915.18, "Plan Rows": 16781, "Plan Width": 4, "Actual Rows": 14081, "Actual Loops": 2, "Filter": "((creationdate >= '2011-05-17 07:21:37'::timestamp without time zone) AND (creationdate <= '2012-01-04 06:09:01'::timestamp without time zone))", "Rows Removed by Filter": 137512, "Workers": []}]}, {"Node Type": "Sort", "Parent Relationship": "Inner", "Parallel Aware": false, "Async Capable": false, "Startup Cost": 938.99, "Total Cost": 966.75, "Plan Rows": 11102, "Plan Width": 4, "Actual Rows": 16118, "Actual Loops": 1, "Sort Key": ["pl.relatedpostid"], "Sort Method": "quicksort", "Sort Space Used": 385, "Sort Space Type": "Memory", "Workers": [], "Plans": [{"Node Type": "Seq Scan", "Parent Relationship": "Outer", "Parallel Aware": false, "Async Capable": false, "Relation Name": "postlinks", "Alias": "pl", "Startup Cost": 0.0, "Total Cost": 193.02, "Plan Rows": 11102, "Plan Width": 4, "Actual Rows": 11102, "Actual Loops": 1, "Workers": []}]}]}, {"Node Type": "Index Scan", "Parent Relationship": "Inner", "Parallel Aware": false, "Async Capable": false, "Scan Direction": "Forward", "Index Name": "idx_comments_postid", "Relation Name": "comments", "Alias": "c", "Startup Cost": 0.42, "Total Cost": 0.71, "Plan Rows": 2, "Plan Width": 8, "Actual Rows": 0, "Actual Loops": 12251, "Index Cond": "(postid = ph.postid)", "Rows Removed by Index Recheck": 0, "Filter": "(creationdate >= '2012-11-08 09:16:18'::timestamp without time zone)", "Rows Removed by Filter": 3, "Workers": []}]}, {"Node Type": "Index Scan", "Parent Relationship": "Inner", "Parallel Aware": false, "Async Capable": false, "Scan Direction": "Forward", "Index Name": "idx_votes_postid", "Relation Name": "votes", "Alias": "v", "Startup Cost": 0.42, "Total Cost": 0.62, "Plan Rows": 4, "Plan Width": 4, "Actual Rows": 28, "Actual Loops": 2787, "Index Cond": "(postid = c.postid)", "Rows Removed by Index Recheck": 0, "Filter": "(votetypeid = 2)", "Rows Removed by Filter": 23, "Workers": []}]}, {"Node Type": "Memoize", "Parent Relationship": "Inner", "Parallel Aware": false, "Async Capable": false, "Startup Cost": 0.3, "Total Cost": 0.36, "Plan Rows": 3, "Plan Width": 4, "Actual Rows": 80, "Actual Loops": 77491, "Cache Key": "c.userid", "Cache Mode": "logical", "Cache Hits": 77421, "Cache Misses": 70, "Cache Evictions": 0, "Cache Overflows": 0, "Peak Memory Usage": 119, "Workers": [], "Plans": [{"Node Type": "Index Only Scan", "Parent Relationship": "Outer", "Parallel Aware": false, "Async Capable": false, "Scan Direction": "Forward", "Index Name": "idx_badges_userid", "Relation Name": "badges", "Alias": "b", "Startup Cost": 0.29, "Total Cost": 0.35, "Plan Rows": 3, "Plan Width": 4, "Actual Rows": 46, "Actual Loops": 70, "Index Cond": "(userid = c.userid)", "Rows Removed by Index Recheck": 0, "Heap Fetches": 0, "Workers": []}]}]}, {"Node Type": "Sort", "Parent Relationship": "Inner", "Parallel Aware": false, "Async Capable": false, "Startup Cost": 2449.59, "Total Cost": 2449.6, "Plan Rows": 1, "Plan Width": 4, "Actual Rows": 38, "Actual Loops": 1, "Sort Key": ["p.id"], "Sort Method": "quicksort", "Sort Space Used": 25, "Sort Space Type": "Memory", "Workers": [], "Plans": [{"Node Type": "Seq Scan", "Parent Relationship": "Outer", "Parallel Aware": false, "Async Capable": false, "Relation Name": "posts", "Alias": "p", "Startup Cost": 0.0, "Total Cost": 2449.58, "Plan Rows": 1, "Plan Width": 4, "Actual Rows": 40, "Actual Loops": 1, "Filter": "((score >= 23) AND (viewcount >= 22043) AND (commentcount <= 7))", "Rows Removed by Filter": 91936, "Workers": []}]}]}]}]}]}, "Planning Time": 6.717, "Triggers": [], "Execution Time": 447.154}, {"Plan": {"Node Type": "Aggregate", "Strategy": "Plain", "Partial Mode": "Finalize", "Parallel Aware": false, "Async Capable": false, "Startup Cost": 28488.2, "Total Cost": 28488.21, "Plan Rows": 1, "Plan Width": 8, "Actual Rows": 1, "Actual Loops": 1, "Plans": [{"Node Type": "Gather", "Parent Relationship": "Outer", "Parallel Aware": false, "Async Capable": false, "Startup Cost": 28488.09, "Total Cost": 28488.2, "Plan Rows": 1, "Plan Width": 8, "Actual Rows": 2, "Actual Loops": 1, "Workers Planned": 1, "Workers Launched": 1, "Single Copy": false, "Plans": [{"Node Type": "Aggregate", "Strategy": "Plain", "Partial Mode": "Partial", "Parent Relationship": "Outer", "Parallel Aware": false, "Async Capable": false, "Startup Cost": 27488.09, "Total Cost": 27488.1, "Plan Rows": 1, "Plan Width": 8, "Actual Rows": 1, "Actual Loops": 2, "Workers": [], "Plans": [{"Node Type": "Merge Join", "Parent Relationship": "Outer", "Parallel Aware": false, "Async Capable": false, "Join Type": "Inner", "Startup Cost": 11355.0, "Total Cost": 27487.7, "Plan Rows": 56.0, "Plan Width": 0, "Actual Rows": 57073, "Actual Loops": 2, "Inner Unique": false, "Merge Cond": "(c.postid = p.id)", "Workers": [], "Plans": [{"Node Type": "Nested Loop", "Parent Relationship": "Outer", "Parallel Aware": false, "Async Capable": false, "Join Type": "Inner", "Startup Cost": 8899.53, "Total Cost": 20053.31, "Plan Rows": 12885.0, "Plan Width": 8, "Actual Rows": 99842, "Actual Loops": 2, "Inner Unique": false, "Workers": [], "Plans": [{"Node Type": "Merge Join", "Parent Relationship": "Outer", "Parallel Aware": false, "Async Capable": false, "Join Type": "Inner", "Startup Cost": 8899.23, "Total Cost": 14378.75, "Plan Rows": 511.0, "Plan Width": 12, "Actual Rows": 966, "Actual Loops": 2, "Inner Unique": false, "Merge Cond": "(c.postid = ph.postid)", "Workers": [], "Plans": [{"Node Type": "Index Scan", "Parent Relationship": "Outer", "Parallel Aware": true, "Async Capable": false, "Scan Direction": "Forward", "Index Name": "idx_comments_postid", "Relation Name": "comments", "Alias": "c", "Startup Cost": 0.42, "Total Cost": 4959.84, "Plan Rows": 61758, "Plan Width": 8, "Actual Rows": 979, "Actual Loops": 2, "Filter": "(creationdate >= '2012-11-08 09:16:18'::timestamp without time zone)", "Rows Removed by Filter": 23130, "Workers": []}, {"Node Type": "Sort", "Parent Relationship": "Inner", "Parallel Aware": false, "Async Capable": false, "Startup Cost": 8898.81, "Total Cost": 8970.13, "Plan Rows": 28527, "Plan Width": 4, "Actual Rows": 28479, "Actual Loops": 2, "Sort Key": ["ph.postid"], "Sort Method": "quicksort", "Sort Space Used": 769, "Sort Space Type": "Memory", "Workers": [{"Worker Number": 0, "Sort Method": "quicksort", "Sort Space Used": 769, "Sort Space Type": "Memory"}], "Plans": [{"Node Type": "Seq Scan", "Parent Relationship": "Outer", "Parallel Aware": false, "Async Capable": false, "Relation Name": "posthistory", "Alias": "ph", "Startup Cost": 0.0, "Total Cost": 6787.8, "Plan Rows": 28527, "Plan Width": 4, "Actual Rows": 28162, "Actual Loops": 2, "Filter": "((creationdate >= '2011-05-17 07:21:37'::timestamp without time zone) AND (creationdate <= '2012-01-04 06:09:01'::timestamp without time zone))", "Rows Removed by Filter": 275025, "Workers": []}]}]}, {"Node Type": "Memoize", "Parent Relationship": "Inner", "Parallel Aware": false, "Async Capable": false, "Startup Cost": 0.3, "Total Cost": 0.36, "Plan Rows": 3, "Plan Width": 4, "Actual Rows": 103, "Actual Loops": 1933, "Cache Key": "c.userid", "Cache Mode": "logical", "Cache Hits": 936, "Cache Misses": 220, "Cache Evictions": 0, "Cache Overflows": 0, "Peak Memory Usage": 257, "Workers": [{"Worker Number": 0, "Cache Hits": 642, "Cache Misses": 135, "Cache Evictions": 0, "Cache Overflows": 0, "Peak Memory Usage": 188}], "Plans": [{"Node Type": "Index Only Scan", "Parent Relationship": "Outer", "Parallel Aware": false, "Async Capable": false, "Scan Direction": "Forward", "Index Name": "idx_badges_userid", "Relation Name": "badges", "Alias": "b", "Startup Cost": 0.29, "Total Cost": 0.35, "Plan Rows": 3, "Plan Width": 4, "Actual Rows": 34, "Actual Loops": 355, "Index Cond": "(userid = c.userid)", "Rows Removed by Index Recheck": 0, "Heap Fetches": 0, "Workers": []}]}]}, {"Node Type": "Sort", "Parent Relationship": "Inner", "Parallel Aware": false, "Async Capable": false, "Startup Cost": 2455.47, "Total Cost": 2455.48, "Plan Rows": 4.0, "Plan Width": 12, "Actual Rows": 91842, "Actual Loops": 2, "Sort Key": ["p.id"], "Sort Method": "quicksort", "Sort Space Used": 3001, "Sort Space Type": "Memory", "Workers": [{"Worker Number": 0, "Sort Method": "quicksort", "Sort Space Used": 3001, "Sort Space Type": "Memory"}], "Plans": [{"Node Type": "Nested Loop", "Parent Relationship": "Outer", "Parallel Aware": false, "Async Capable": false, "Join Type": "Inner", "Startup Cost": 0.71, "Total Cost": 2455.45, "Plan Rows": 4.0, "Plan Width": 12, "Actual Rows": 37487, "Actual Loops": 2, "Inner Unique": false, "Join Filter": "(p.id = v.postid)", "Rows Removed by Join Filter": 0, "Workers": [], "Plans": [{"Node Type": "Nested Loop", "Parent Relationship": "Outer", "Parallel Aware": false, "Async Capable": false, "Join Type": "Inner", "Startup Cost": 0.29, "Total Cost": 2453.92, "Plan Rows": 2.0, "Plan Width": 8, "Actual Rows": 527, "Actual Loops": 2, "Inner Unique": false, "Workers": [], "Plans": [{"Node Type": "Seq Scan", "Parent Relationship": "Outer", "Parallel Aware": false, "Async Capable": false, "Relation Name": "posts", "Alias": "p", "Startup Cost": 0.0, "Total Cost": 2449.58, "Plan Rows": 1, "Plan Width": 4, "Actual Rows": 40, "Actual Loops": 2, "Filter": "((score >= 23) AND (viewcount >= 22043) AND (commentcount <= 7))", "Rows Removed by Filter": 91936, "Workers": []}, {"Node Type": "Index Only Scan", "Parent Relationship": "Inner", "Parallel Aware": false, "Async Capable": false, "Scan Direction": "Forward", "Index Name": "idx_postlinks_relatedpostid", "Relation Name": "postlinks", "Alias": "pl", "Startup Cost": 0.29, "Total Cost": 4.32, "Plan Rows": 2, "Plan Width": 4, "Actual Rows": 13, "Actual Loops": 80, "Index Cond": "(relatedpostid = p.id)", "Rows Removed by Index Recheck": 0, "Heap Fetches": 0, "Workers": []}]}, {"Node Type": "Index Scan", "Parent Relationship": "Inner", "Parallel Aware": false, "Async Capable": false, "Scan Direction": "Forward", "Index Name": "idx_votes_postid", "Relation Name": "votes", "Alias": "v", "Startup Cost": 0.42, "Total Cost": 1.48, "Plan Rows": 4, "Plan Width": 4, "Actual Rows": 71, "Actual Loops": 1054, "Index Cond": "(postid = pl.relatedpostid)", "Rows Removed by Index Recheck": 0, "Filter": "(votetypeid = 2)", "Rows Removed by Filter": 69, "Workers": []}]}]}]}]}]}]}, "Planning Time": 12.043, "Triggers": [], "Execution Time": 161.179}, {"Plan": {"Node Type": "Aggregate", "Strategy": "Plain", "Partial Mode": "Simple", "Parallel Aware": false, "Async Capable": false, "Startup Cost": 2482.07, "Total Cost": 2482.08, "Plan Rows": 1, "Plan Width": 8, "Actual Rows": 1, "Actual Loops": 1, "Plans": [{"Node Type": "Nested Loop", "Parent Relationship": "Outer", "Parallel Aware": false, "Async Capable": false, "Join Type": "Inner", "Startup Cost": 1.85, "Total Cost": 2481.4, "Plan Rows": 56.0, "Plan Width": 0, "Actual Rows": 114146, "Actual Loops": 1, "Inner Unique": false, "Plans": [{"Node Type": "Nested Loop", "Parent Relationship": "Outer", "Parallel Aware": false, "Async Capable": false, "Join Type": "Inner", "Startup Cost": 1.42, "Total Cost": 2456.83, "Plan Rows": 207.0, "Plan Width": 16, "Actual Rows": 2304872, "Actual Loops": 1, "Inner Unique": false, "Plans": [{"Node Type": "Nested Loop", "Parent Relationship": "Outer", "Parallel Aware": false, "Async Capable": false, "Join Type": "Inner", "Startup Cost": 1.13, "Total Cost": 2455.69, "Plan Rows": 8.0, "Plan Width": 20, "Actual Rows": 31754, "Actual Loops": 1, "Inner Unique": false, "Join Filter": "(p.id = v.postid)", "Rows Removed by Join Filter": 0, "Plans": [{"Node Type": "Nested Loop", "Parent Relationship": "Outer", "Parallel Aware": false, "Async Capable": false, "Join Type": "Inner", "Startup Cost": 0.71, "Total Cost": 2455.02, "Plan Rows": 4.0, "Plan Width": 16, "Actual Rows": 483, "Actual Loops": 1, "Inner Unique": false, "Join Filter": "(c.postid = p.id)", "Rows Removed by Join Filter": 0, "Plans": [{"Node Type": "Nested Loop", "Parent Relationship": "Outer", "Parallel Aware": false, "Async Capable": false, "Join Type": "Inner", "Startup Cost": 0.29, "Total Cost": 2453.92, "Plan Rows": 2.0, "Plan Width": 8, "Actual Rows": 527, "Actual Loops": 1, "Inner Unique": false, "Plans": [{"Node Type": "Seq Scan", "Parent Relationship": "Outer", "Parallel Aware": false, "Async Capable": false, "Relation Name": "posts", "Alias": "p", "Startup Cost": 0.0, "Total Cost": 2449.58, "Plan Rows": 1, "Plan Width": 4, "Actual Rows": 40, "Actual Loops": 1, "Filter": "((score >= 23) AND (viewcount >= 22043) AND (commentcount <= 7))", "Rows Removed by Filter": 91936}, {"Node Type": "Index Only Scan", "Parent Relationship": "Inner", "Parallel Aware": false, "Async Capable": false, "Scan Direction": "Forward", "Index Name": "idx_postlinks_relatedpostid", "Relation Name": "postlinks", "Alias": "pl", "Startup Cost": 0.29, "Total Cost": 4.32, "Plan Rows": 2, "Plan Width": 4, "Actual Rows": 13, "Actual Loops": 40, "Index Cond": "(relatedpostid = p.id)", "Rows Removed by Index Recheck": 0, "Heap Fetches": 0}]}, {"Node Type": "Index Scan", "Parent Relationship": "Inner", "Parallel Aware": false, "Async Capable": false, "Scan Direction": "Forward", "Index Name": "idx_comments_postid", "Relation Name": "comments", "Alias": "c", "Startup Cost": 0.42, "Total Cost": 1.07, "Plan Rows": 2, "Plan Width": 8, "Actual Rows": 1, "Actual Loops": 527, "Index Cond": "(postid = pl.relatedpostid)", "Rows Removed by Index Recheck": 0, "Filter": "(creationdate >= '2012-11-08 09:16:18'::timestamp without time zone)", "Rows Removed by Filter": 2}]}, {"Node Type": "Index Scan", "Parent Relationship": "Inner", "Parallel Aware": false, "Async Capable": false, "Scan Direction": "Forward", "Index Name": "idx_votes_postid", "Relation Name": "votes", "Alias": "v", "Startup Cost": 0.42, "Total Cost": 0.62, "Plan Rows": 4, "Plan Width": 4, "Actual Rows": 66, "Actual Loops": 483, "Index Cond": "(postid = c.postid)", "Rows Removed by Index Recheck": 0, "Filter": "(votetypeid = 2)", "Rows Removed by Filter": 61}]}, {"Node Type": "Index Only Scan", "Parent Relationship": "Inner", "Parallel Aware": false, "Async Capable": false, "Scan Direction": "Forward", "Index Name": "idx_badges_userid", "Relation Name": "badges", "Alias": "b", "Startup Cost": 0.29, "Total Cost": 0.35, "Plan Rows": 3, "Plan Width": 4, "Actual Rows": 73, "Actual Loops": 31754, "Index Cond": "(userid = c.userid)", "Rows Removed by Index Recheck": 0, "Heap Fetches": 0}]}, {"Node Type": "Memoize", "Parent Relationship": "Inner", "Parallel Aware": false, "Async Capable": false, "Startup Cost": 0.43, "Total Cost": 8.96, "Plan Rows": 1, "Plan Width": 4, "Actual Rows": 0, "Actual Loops": 2304872, "Cache Key": "p.id", "Cache Mode": "logical", "Cache Hits": 2304861, "Cache Misses": 11, "Cache Evictions": 0, "Cache Overflows": 0, "Peak Memory Usage": 1, "Plans": [{"Node Type": "Index Scan", "Parent Relationship": "Outer", "Parallel Aware": false, "Async Capable": false, "Scan Direction": "Forward", "Index Name": "idx_posthistory_postid", "Relation Name": "posthistory", "Alias": "ph", "Startup Cost": 0.42, "Total Cost": 8.95, "Plan Rows": 1, "Plan Width": 4, "Actual Rows": 0, "Actual Loops": 11, "Index Cond": "(postid = p.id)", "Rows Removed by Index Recheck": 0, "Filter": "((creationdate >= '2011-05-17 07:21:37'::timestamp without time zone) AND (creationdate <= '2012-01-04 06:09:01'::timestamp without time zone))", "Rows Removed by Filter": 7}]}]}]}, "Planning Time": 6.046, "Triggers": [], "Execution Time": 471.425}, {"Plan": {"Node Type": "Aggregate", "Strategy": "Plain", "Partial Mode": "Simple", "Parallel Aware": false, "Async Capable": false, "Startup Cost": 71026.35, "Total Cost": 71026.36, "Plan Rows": 1, "Plan Width": 8, "Actual Rows": 1, "Actual Loops": 1, "Plans": [{"Node Type": "Merge Join", "Parent Relationship": "Outer", "Parallel Aware": false, "Async Capable": false, "Join Type": "Inner", "Startup Cost": 2.17, "Total Cost": 71025.68, "Plan Rows": 56.0, "Plan Width": 0, "Actual Rows": 114146, "Actual Loops": 1, "Inner Unique": false, "Merge Cond": "(p.id = c.postid)", "Plans": [{"Node Type": "Nested Loop", "Parent Relationship": "Outer", "Parallel Aware": false, "Async Capable": false, "Join Type": "Inner", "Startup Cost": 0.71, "Total Cost": 3937.95, "Plan Rows": 1.0, "Plan Width": 8, "Actual Rows": 25, "Actual Loops": 1, "Inner Unique": false, "Plans": [{"Node Type": "Index Scan", "Parent Relationship": "Outer", "Parallel Aware": false, "Async Capable": false, "Scan Direction": "Forward", "Index Name": "posts_pkey", "Relation Name": "posts", "Alias": "p", "Startup Cost": 0.29, "Total Cost": 3928.99, "Plan Rows": 1, "Plan Width": 4, "Actual Rows": 40, "Actual Loops": 1, "Filter": "((score >= 23) AND (viewcount >= 22043) AND (commentcount <= 7))", "Rows Removed by Filter": 91936}, {"Node Type": "Index Scan", "Parent Relationship": "Inner", "Parallel Aware": false, "Async Capable": false, "Scan Direction": "Forward", "Index Name": "idx_posthistory_postid", "Relation Name": "posthistory", "Alias": "ph", "Startup Cost": 0.42, "Total Cost": 8.95, "Plan Rows": 1, "Plan Width": 4, "Actual Rows": 1, "Actual Loops": 40, "Index Cond": "(postid = p.id)", "Rows Removed by Index Recheck": 0, "Filter": "((creationdate >= '2011-05-17 07:21:37'::timestamp without time zone) AND (creationdate <= '2012-01-04 06:09:01'::timestamp without time zone))", "Rows Removed by Filter": 6}]}, {"Node Type": "Materialize", "Parent Relationship": "Inner", "Parallel Aware": false, "Async Capable": false, "Startup Cost": 1.45, "Total Cost": 45947.94, "Plan Rows": 133660.0, "Plan Width": 12, "Actual Rows": 6596802, "Actual Loops": 1, "Plans": [{"Node Type": "Nested Loop", "Parent Relationship": "Outer", "Parallel Aware": false, "Async Capable": false, "Join Type": "Inner", "Startup Cost": 1.45, "Total Cost": 24809.08, "Plan Rows": 133660.0, "Plan Width": 12, "Actual Rows": 6596753, "Actual Loops": 1, "Inner Unique": false, "Plans": [{"Node Type": "Nested Loop", "Parent Relationship": "Outer", "Parallel Aware": false, "Async Capable": false, "Join Type": "Inner", "Startup Cost": 1.15, "Total Cost": 15513.36, "Plan Rows": 4973.0, "Plan Width": 16, "Actual Rows": 94423, "Actual Loops": 1, "Inner Unique": false, "Join Filter": "(c.postid = v.postid)", "Rows Removed by Join Filter": 0, "Plans": [{"Node Type": "Nested Loop", "Parent Relationship": "Outer", "Parallel Aware": false, "Async Capable": false, "Join Type": "Inner", "Startup Cost": 0.72, "Total Cost": 6229.27, "Plan Rows": 2294.0, "Plan Width": 12, "Actual Rows": 1765, "Actual Loops": 1, "Inner Unique": false, "Plans": [{"Node Type": "Index Only Scan", "Parent Relationship": "Outer", "Parallel Aware": false, "Async Capable": false, "Scan Direction": "Forward", "Index Name": "idx_postlinks_relatedpostid", "Relation Name": "postlinks", "Alias": "pl", "Startup Cost": 0.29, "Total Cost": 262.81, "Plan Rows": 11102, "Plan Width": 4, "Actual Rows": 4961, "Actual Loops": 1, "Heap Fetches": 0}, {"Node Type": "Memoize", "Parent Relationship": "Inner", "Parallel Aware": false, "Async Capable": false, "Startup Cost": 0.43, "Total Cost": 1.08, "Plan Rows": 2, "Plan Width": 8, "Actual Rows": 0, "Actual Loops": 4961, "Cache Key": "pl.relatedpostid", "Cache Mode": "logical", "Cache Hits": 3190, "Cache Misses": 1771, "Cache Evictions": 0, "Cache Overflows": 0, "Peak Memory Usage": 128, "Plans": [{"Node Type": "Index Scan", "Parent Relationship": "Outer", "Parallel Aware": false, "Async Capable": false, "Scan Direction": "Forward", "Index Name": "idx_comments_postid", "Relation Name": "comments", "Alias": "c", "Startup Cost": 0.42, "Total Cost": 1.07, "Plan Rows": 2, "Plan Width": 8, "Actual Rows": 0, "Actual Loops": 1771, "Index Cond": "(postid = pl.relatedpostid)", "Rows Removed by Index Recheck": 0, "Filter": "(creationdate >= '2012-11-08 09:16:18'::timestamp without time zone)", "Rows Removed by Filter": 2}]}]}, {"Node Type": "Memoize", "Parent Relationship": "Inner", "Parallel Aware": false, "Async Capable": false, "Startup Cost": 0.43, "Total Cost": 1.49, "Plan Rows": 4, "Plan Width": 4, "Actual Rows": 53, "Actual Loops": 1765, "Cache Key": "pl.relatedpostid", "Cache Mode": "logical", "Cache Hits": 1584, "Cache Misses": 181, "Cache Evictions": 0, "Cache Overflows": 0, "Peak Memory Usage": 151, "Plans": [{"Node Type": "Index Scan", "Parent Relationship": "Outer", "Parallel Aware": false, "Async Capable": false, "Scan Direction": "Forward", "Index Name": "idx_votes_postid", "Relation Name": "votes", "Alias": "v", "Startup Cost": 0.42, "Total Cost": 1.48, "Plan Rows": 4, "Plan Width": 4, "Actual Rows": 22, "Actual Loops": 181, "Index Cond": "(postid = pl.relatedpostid)", "Rows Removed by Index Recheck": 0, "Filter": "(votetypeid = 2)", "Rows Removed by Filter": 15}]}]}, {"Node Type": "Memoize", "Parent Relationship": "Inner", "Parallel Aware": false, "Async Capable": false, "Startup Cost": 0.3, "Total Cost": 0.36, "Plan Rows": 3, "Plan Width": 4, "Actual Rows": 70, "Actual Loops": 94423, "Cache Key": "c.userid", "Cache Mode": "logical", "Cache Hits": 94292, "Cache Misses": 131, "Cache Evictions": 0, "Cache Overflows": 0, "Peak Memory Usage": 177, "Plans": [{"Node Type": "Index Only Scan", "Parent Relationship": "Outer", "Parallel Aware": false, "Async Capable": false, "Scan Direction": "Forward", "Index Name": "idx_badges_userid", "Relation Name": "badges", "Alias": "b", "Startup Cost": 0.29, "Total Cost": 0.35, "Plan Rows": 3, "Plan Width": 4, "Actual Rows": 36, "Actual Loops": 131, "Index Cond": "(userid = c.userid)", "Rows Removed by Index Recheck": 0, "Heap Fetches": 0}]}]}]}]}]}, "Planning Time": 6.306, "Triggers": [], "Execution Time": 1291.783}, {"Plan": {"Node Type": "Aggregate", "Strategy": "Plain", "Partial Mode": "Simple", "Parallel Aware": false, "Async Capable": false, "Startup Cost": 15692.23, "Total Cost": 15692.24, "Plan Rows": 1, "Plan Width": 8, "Actual Rows": 1, "Actual Loops": 1, "Plans": [{"Node Type": "Hash Join", "Parent Relationship": "Outer", "Parallel Aware": false, "Async Capable": false, "Join Type": "Inner", "Startup Cost": 13154.53, "Total Cost": 15691.56, "Plan Rows": 56.0, "Plan Width": 0, "Actual Rows": 114146, "Actual Loops": 1, "Inner Unique": false, "Hash Cond": "(p.id = pl.relatedpostid)", "Plans": [{"Node Type": "Nested Loop", "Parent Relationship": "Outer", "Parallel Aware": false, "Async Capable": false, "Join Type": "Inner", "Startup Cost": 0.71, "Total Cost": 2458.98, "Plan Rows": 86.0, "Plan Width": 8, "Actual Rows": 2030, "Actual Loops": 1, "Inner Unique": false, "Plans": [{"Node Type": "Nested Loop", "Parent Relationship": "Outer", "Parallel Aware": false, "Async Capable": false, "Join Type": "Inner", "Startup Cost": 0.42, "Total Cost": 2458.6, "Plan Rows": 3.0, "Plan Width": 12, "Actual Rows": 22, "Actual Loops": 1, "Inner Unique": false, "Plans": [{"Node Type": "Seq Scan", "Parent Relationship": "Outer", "Parallel Aware": false, "Async Capable": false, "Relation Name": "posts", "Alias": "p", "Startup Cost": 0.0, "Total Cost": 2449.58, "Plan Rows": 1, "Plan Width": 4, "Actual Rows": 40, "Actual Loops": 1, "Filter": "((score >= 23) AND (viewcount >= 22043) AND (commentcount <= 7))", "Rows Removed by Filter": 91936}, {"Node Type": "Index Scan", "Parent Relationship": "Inner", "Parallel Aware": false, "Async Capable": false, "Scan Direction": "Forward", "Index Name": "idx_comments_postid", "Relation Name": "comments", "Alias": "c", "Startup Cost": 0.42, "Total Cost": 9.0, "Plan Rows": 2, "Plan Width": 8, "Actual Rows": 1, "Actual Loops": 40, "Index Cond": "(postid = p.id)", "Rows Removed by Index Recheck": 0, "Filter": "(creationdate >= '2012-11-08 09:16:18'::timestamp without time zone)", "Rows Removed by Filter": 2}]}, {"Node Type": "Index Only Scan", "Parent Relationship": "Inner", "Parallel Aware": false, "Async Capable": false, "Scan Direction": "Forward", "Index Name": "idx_badges_userid", "Relation Name": "badges", "Alias": "b", "Startup Cost": 0.29, "Total Cost": 0.35, "Plan Rows": 3, "Plan Width": 4, "Actual Rows": 92, "Actual Loops": 22, "Index Cond": "(userid = c.userid)", "Rows Removed by Index Recheck": 0, "Heap Fetches": 0}]}, {"Node Type": "Hash", "Parent Relationship": "Inner", "Parallel Aware": false, "Async Capable": false, "Startup Cost": 12142.76, "Total Cost": 12142.76, "Plan Rows": 538.0, "Plan Width": 12, "Actual Rows": 229067, "Actual Loops": 1, "Hash Buckets": 262144, "Original Hash Buckets": 131072, "Hash Batches": 1, "Original Hash Batches": 1, "Peak Memory Usage": 11891, "Plans": [{"Node Type": "Nested Loop", "Parent Relationship": "Outer", "Parallel Aware": false, "Async Capable": false, "Join Type": "Inner", "Startup Cost": 7144.81, "Total Cost": 12142.76, "Plan Rows": 538.0, "Plan Width": 12, "Actual Rows": 229067, "Actual Loops": 1, "Inner Unique": false, "Join Filter": "(pl.relatedpostid = v.postid)", "Rows Removed by Join Filter": 0, "Plans": [{"Node Type": "Hash Join", "Parent Relationship": "Outer", "Parallel Aware": false, "Async Capable": false, "Join Type": "Inner", "Startup Cost": 7144.39, "Total Cost": 7991.98, "Plan Rows": 377.0, "Plan Width": 8, "Actual Rows": 12251, "Actual Loops": 1, "Inner Unique": false, "Hash Cond": "(pl.relatedpostid = ph.postid)", "Plans": [{"Node Type": "Seq Scan", "Parent Relationship": "Outer", "Parallel Aware": false, "Async Capable": false, "Relation Name": "postlinks", "Alias": "pl", "Startup Cost": 0.0, "Total Cost": 193.02, "Plan Rows": 11102, "Plan Width": 4, "Actual Rows": 11102, "Actual Loops": 1}, {"Node Type": "Hash", "Parent Relationship": "Inner", "Parallel Aware": false, "Async Capable": false, "Startup Cost": 6787.8, "Total Cost": 6787.8, "Plan Rows": 28527, "Plan Width": 4, "Actual Rows": 28162, "Actual Loops": 1, "Hash Buckets": 32768, "Original Hash Buckets": 32768, "Hash Batches": 1, "Original Hash Batches": 1, "Peak Memory Usage": 1247, "Plans": [{"Node Type": "Seq Scan", "Parent Relationship": "Outer", "Parallel Aware": false, "Async Capable": false, "Relation Name": "posthistory", "Alias": "ph", "Startup Cost": 0.0, "Total Cost": 6787.8, "Plan Rows": 28527, "Plan Width": 4, "Actual Rows": 28162, "Actual Loops": 1, "Filter": "((creationdate >= '2011-05-17 07:21:37'::timestamp without time zone) AND (creationdate <= '2012-01-04 06:09:01'::timestamp without time zone))", "Rows Removed by Filter": 275025}]}]}, {"Node Type": "Index Scan", "Parent Relationship": "Inner", "Parallel Aware": false, "Async Capable": false, "Scan Direction": "Forward", "Index Name": "idx_votes_postid", "Relation Name": "votes", "Alias": "v", "Startup Cost": 0.42, "Total Cost": 0.89, "Plan Rows": 4, "Plan Width": 4, "Actual Rows": 19, "Actual Loops": 12251, "Index Cond": "(postid = ph.postid)", "Rows Removed by Index Recheck": 0, "Filter": "(votetypeid = 2)", "Rows Removed by Filter": 15}]}]}]}]}, "Planning Time": 6.698, "Triggers": [], "Execution Time": 274.492}, {"Plan": {"Node Type": "Aggregate", "Strategy": "Plain", "Partial Mode": "Simple", "Parallel Aware": false, "Async Capable": false, "Startup Cost": 13570.47, "Total Cost": 13570.48, "Plan Rows": 1, "Plan Width": 8, "Actual Rows": 1, "Actual Loops": 1, "Plans": [{"Node Type": "Merge Join", "Parent Relationship": "Outer", "Parallel Aware": false, "Async Capable": false, "Join Type": "Inner", "Startup Cost": 2.14, "Total Cost": 13569.8, "Plan Rows": 56.0, "Plan Width": 0, "Actual Rows": 114146, "Actual Loops": 1, "Inner Unique": false, "Merge Cond": "(p.id = pl.relatedpostid)", "Plans": [{"Node Type": "Nested Loop", "Parent Relationship": "Outer", "Parallel Aware": false, "Async Capable": false, "Join Type": "Inner", "Startup Cost": 1.43, "Total Cost": 3939.02, "Plan Rows": 19.0, "Plan Width": 12, "Actual Rows": 56, "Actual Loops": 1, "Inner Unique": false, "Plans": [{"Node Type": "Nested Loop", "Parent Relationship": "Outer", "Parallel Aware": false, "Async Capable": false, "Join Type": "Inner", "Startup Cost": 1.13, "Total Cost": 3938.64, "Plan Rows": 1.0, "Plan Width": 16, "Actual Rows": 8, "Actual Loops": 1, "Inner Unique": false, "Join Filter": "(p.id = ph.postid)", "Rows Removed by Join Filter": 0, "Plans": [{"Node Type": "Nested Loop", "Parent Relationship": "Outer", "Parallel Aware": false, "Async Capable": false, "Join Type": "Inner", "Startup Cost": 0.71, "Total Cost": 3938.01, "Plan Rows": 3.0, "Plan Width": 12, "Actual Rows": 22, "Actual Loops": 1, "Inner Unique": false, "Plans": [{"Node Type": "Index Scan", "Parent Relationship": "Outer", "Parallel Aware": false, "Async Capable": false, "Scan Direction": "Forward", "Index Name": "posts_pkey", "Relation Name": "posts", "Alias": "p", "Startup Cost": 0.29, "Total Cost": 3928.99, "Plan Rows": 1, "Plan Width": 4, "Actual Rows": 40, "Actual Loops": 1, "Filter": "((score >= 23) AND (viewcount >= 22043) AND (commentcount <= 7))", "Rows Removed by Filter": 91936}, {"Node Type": "Index Scan", "Parent Relationship": "Inner", "Parallel Aware": false, "Async Capable": false, "Scan Direction": "Forward", "Index Name": "idx_comments_postid", "Relation Name": "comments", "Alias": "c", "Startup Cost": 0.42, "Total Cost": 9.0, "Plan Rows": 2, "Plan Width": 8, "Actual Rows": 1, "Actual Loops": 40, "Index Cond": "(postid = p.id)", "Rows Removed by Index Recheck": 0, "Filter": "(creationdate >= '2012-11-08 09:16:18'::timestamp without time zone)", "Rows Removed by Filter": 2}]}, {"Node Type": "Index Scan", "Parent Relationship": "Inner", "Parallel Aware": false, "Async Capable": false, "Scan Direction": "Forward", "Index Name": "idx_posthistory_postid", "Relation Name": "posthistory", "Alias": "ph", "Startup Cost": 0.42, "Total Cost": 0.62, "Plan Rows": 1, "Plan Width": 4, "Actual Rows": 0, "Actual Loops": 22, "Index Cond": "(postid = c.postid)", "Rows Removed by Index Recheck": 0, "Filter": "((creationdate >= '2011-05-17 07:21:37'::timestamp without time zone) AND (creationdate <= '2012-01-04 06:09:01'::timestamp without time zone))", "Rows Removed by Filter": 7}]}, {"Node Type": "Index Only Scan", "Parent Relationship": "Inner", "Parallel Aware": false, "Async Capable": false, "Scan Direction": "Forward", "Index Name": "idx_badges_userid", "Relation Name": "badges", "Alias": "b", "Startup Cost": 0.29, "Total Cost": 0.35, "Plan Rows": 3, "Plan Width": 4, "Actual Rows": 7, "Actual Loops": 8, "Index Cond": "(userid = c.userid)", "Rows Removed by Index Recheck": 0, "Heap Fetches": 0}]}, {"Node Type": "Materialize", "Parent Relationship": "Inner", "Parallel Aware": false, "Async Capable": false, "Startup Cost": 0.72, "Total Cost": 9117.9, "Plan Rows": 2317.0, "Plan Width": 8, "Actual Rows": 190291, "Actual Loops": 1, "Plans": [{"Node Type": "Nested Loop", "Parent Relationship": "Outer", "Parallel Aware": false, "Async Capable": false, "Join Type": "Inner", "Startup Cost": 0.72, "Total Cost": 8607.23, "Plan Rows": 2317.0, "Plan Width": 8, "Actual Rows": 78306, "Actual Loops": 1, "Inner Unique": false, "Plans": [{"Node Type": "Index Only Scan", "Parent Relationship": "Outer", "Parallel Aware": false, "Async Capable": false, "Scan Direction": "Forward", "Index Name": "idx_postlinks_relatedpostid", "Relation Name": "postlinks", "Alias": "pl", "Startup Cost": 0.29, "Total Cost": 262.81, "Plan Rows": 11102, "Plan Width": 4, "Actual Rows": 1956, "Actual Loops": 1, "Heap Fetches": 0}, {"Node Type": "Memoize", "Parent Relationship": "Inner", "Parallel Aware": false, "Async Capable": false, "Startup Cost": 0.43, "Total Cost": 1.49, "Plan Rows": 4, "Plan Width": 4, "Actual Rows": 40, "Actual Loops": 1956, "Cache Key": "pl.relatedpostid", "Cache Mode": "logical", "Cache Hits": 1419, "Cache Misses": 537, "Cache Evictions": 0, "Cache Overflows": 0, "Peak Memory Usage": 353, "Plans": [{"Node Type": "Index Scan", "Parent Relationship": "Outer", "Parallel Aware": false, "Async Capable": false, "Scan Direction": "Forward", "Index Name": "idx_votes_postid", "Relation Name": "votes", "Alias": "v", "Startup Cost": 0.42, "Total Cost": 1.48, "Plan Rows": 4, "Plan Width": 4, "Actual Rows": 17, "Actual Loops": 537, "Index Cond": "(postid = pl.relatedpostid)", "Rows Removed by Index Recheck": 0, "Filter": "(votetypeid = 2)", "Rows Removed by Filter": 11}]}]}]}]}]}, "Planning Time": 6.354, "Triggers": [], "Execution Time": 67.109}, {"Plan": {"Node Type": "Aggregate", "Strategy": "Plain", "Partial Mode": "Simple", "Parallel Aware": false, "Async Capable": false, "Startup Cost": 11584.03, "Total Cost": 11584.04, "Plan Rows": 1, "Plan Width": 8, "Actual Rows": 1, "Actual Loops": 1, "Plans": [{"Node Type": "Merge Join", "Parent Relationship": "Outer", "Parallel Aware": false, "Async Capable": false, "Join Type": "Inner", "Startup Cost": 2463.21, "Total Cost": 11583.36, "Plan Rows": 56.0, "Plan Width": 0, "Actual Rows": 114146, "Actual Loops": 1, "Inner Unique": false, "Merge Cond": "(pl.relatedpostid = p.id)", "Plans": [{"Node Type": "Nested Loop", "Parent Relationship": "Outer", "Parallel Aware": false, "Async Capable": false, "Join Type": "Inner", "Startup Cost": 0.72, "Total Cost": 8607.23, "Plan Rows": 2317.0, "Plan Width": 8, "Actual Rows": 78306, "Actual Loops": 1, "Inner Unique": false, "Plans": [{"Node Type": "Index Only Scan", "Parent Relationship": "Outer", "Parallel Aware": false, "Async Capable": false, "Scan Direction": "Forward", "Index Name": "idx_postlinks_relatedpostid", "Relation Name": "postlinks", "Alias": "pl", "Startup Cost": 0.29, "Total Cost": 262.81, "Plan Rows": 11102, "Plan Width": 4, "Actual Rows": 1956, "Actual Loops": 1, "Heap Fetches": 0}, {"Node Type": "Memoize", "Parent Relationship": "Inner", "Parallel Aware": false, "Async Capable": false, "Startup Cost": 0.43, "Total Cost": 1.49, "Plan Rows": 4, "Plan Width": 4, "Actual Rows": 40, "Actual Loops": 1956, "Cache Key": "pl.relatedpostid", "Cache Mode": "logical", "Cache Hits": 1419, "Cache Misses": 537, "Cache Evictions": 0, "Cache Overflows": 0, "Peak Memory Usage": 353, "Plans": [{"Node Type": "Index Scan", "Parent Relationship": "Outer", "Parallel Aware": false, "Async Capable": false, "Scan Direction": "Forward", "Index Name": "idx_votes_postid", "Relation Name": "votes", "Alias": "v", "Startup Cost": 0.42, "Total Cost": 1.48, "Plan Rows": 4, "Plan Width": 4, "Actual Rows": 17, "Actual Loops": 537, "Index Cond": "(postid = pl.relatedpostid)", "Rows Removed by Index Recheck": 0, "Filter": "(votetypeid = 2)", "Rows Removed by Filter": 11}]}]}, {"Node Type": "Sort", "Parent Relationship": "Inner", "Parallel Aware": false, "Async Capable": false, "Startup Cost": 2462.49, "Total Cost": 2462.72, "Plan Rows": 19.0, "Plan Width": 12, "Actual Rows": 114098, "Actual Loops": 1, "Sort Key": ["c.postid"], "Sort Method": "quicksort", "Sort Space Used": 27, "Sort Space Type": "Memory", "Plans": [{"Node Type": "Nested Loop", "Parent Relationship": "Outer", "Parallel Aware": false, "Async Capable": false, "Join Type": "Inner", "Startup Cost": 1.14, "Total Cost": 2459.61, "Plan Rows": 19.0, "Plan Width": 12, "Actual Rows": 56, "Actual Loops": 1, "Inner Unique": false, "Plans": [{"Node Type": "Nested Loop", "Parent Relationship": "Outer", "Parallel Aware": false, "Async Capable": false, "Join Type": "Inner", "Startup Cost": 0.84, "Total Cost": 2459.23, "Plan Rows": 1.0, "Plan Width": 16, "Actual Rows": 8, "Actual Loops": 1, "Inner Unique": false, "Join Filter": "(p.id = ph.postid)", "Rows Removed by Join Filter": 0, "Plans": [{"Node Type": "Nested Loop", "Parent Relationship": "Outer", "Parallel Aware": false, "Async Capable": false, "Join Type": "Inner", "Startup Cost": 0.42, "Total Cost": 2458.6, "Plan Rows": 3.0, "Plan Width": 12, "Actual Rows": 22, "Actual Loops": 1, "Inner Unique": false, "Plans": [{"Node Type": "Seq Scan", "Parent Relationship": "Outer", "Parallel Aware": false, "Async Capable": false, "Relation Name": "posts", "Alias": "p", "Startup Cost": 0.0, "Total Cost": 2449.58, "Plan Rows": 1, "Plan Width": 4, "Actual Rows": 40, "Actual Loops": 1, "Filter": "((score >= 23) AND (viewcount >= 22043) AND (commentcount <= 7))", "Rows Removed by Filter": 91936}, {"Node Type": "Index Scan", "Parent Relationship": "Inner", "Parallel Aware": false, "Async Capable": false, "Scan Direction": "Forward", "Index Name": "idx_comments_postid", "Relation Name": "comments", "Alias": "c", "Startup Cost": 0.42, "Total Cost": 9.0, "Plan Rows": 2, "Plan Width": 8, "Actual Rows": 1, "Actual Loops": 40, "Index Cond": "(postid = p.id)", "Rows Removed by Index Recheck": 0, "Filter": "(creationdate >= '2012-11-08 09:16:18'::timestamp without time zone)", "Rows Removed by Filter": 2}]}, {"Node Type": "Index Scan", "Parent Relationship": "Inner", "Parallel Aware": false, "Async Capable": false, "Scan Direction": "Forward", "Index Name": "idx_posthistory_postid", "Relation Name": "posthistory", "Alias": "ph", "Startup Cost": 0.42, "Total Cost": 0.62, "Plan Rows": 1, "Plan Width": 4, "Actual Rows": 0, "Actual Loops": 22, "Index Cond": "(postid = c.postid)", "Rows Removed by Index Recheck": 0, "Filter": "((creationdate >= '2011-05-17 07:21:37'::timestamp without time zone) AND (creationdate <= '2012-01-04 06:09:01'::timestamp without time zone))", "Rows Removed by Filter": 7}]}, {"Node Type": "Index Only Scan", "Parent Relationship": "Inner", "Parallel Aware": false, "Async Capable": false, "Scan Direction": "Forward", "Index Name": "idx_badges_userid", "Relation Name": "badges", "Alias": "b", "Startup Cost": 0.29, "Total Cost": 0.35, "Plan Rows": 3, "Plan Width": 4, "Actual Rows": 7, "Actual Loops": 8, "Index Cond": "(userid = c.userid)", "Rows Removed by Index Recheck": 0, "Heap Fetches": 0}]}]}]}]}, "Planning Time": 5.739, "Triggers": [], "Execution Time": 37.548}, {"Plan": {"Node Type": "Aggregate", "Strategy": "Plain", "Partial Mode": "Simple", "Parallel Aware": false, "Async Capable": false, "Startup Cost": 2480.38, "Total Cost": 2480.39, "Plan Rows": 1, "Plan Width": 8, "Actual Rows": 1, "Actual Loops": 1, "Plans": [{"Node Type": "Nested Loop", "Parent Relationship": "Outer", "Parallel Aware": false, "Async Capable": false, "Join Type": "Inner", "Startup Cost": 1.85, "Total Cost": 2479.71, "Plan Rows": 56.0, "Plan Width": 0, "Actual Rows": 114146, "Actual Loops": 1, "Inner Unique": false, "Plans": [{"Node Type": "Nested Loop", "Parent Relationship": "Outer", "Parallel Aware": false, "Async Capable": false, "Join Type": "Inner", "Startup Cost": 1.56, "Total Cost": 2461.05, "Plan Rows": 39.0, "Plan Width": 16, "Actual Rows": 10466, "Actual Loops": 1, "Inner Unique": false, "Plans": [{"Node Type": "Nested Loop", "Parent Relationship": "Outer", "Parallel Aware": false, "Async Capable": false, "Join Type": "Inner", "Startup Cost": 1.27, "Total Cost": 2459.91, "Plan Rows": 2.0, "Plan Width": 20, "Actual Rows": 725, "Actual Loops": 1, "Inner Unique": false, "Join Filter": "(p.id = v.postid)", "Rows Removed by Join Filter": 0, "Plans": [{"Node Type": "Nested Loop", "Parent Relationship": "Outer", "Parallel Aware": false, "Async Capable": false, "Join Type": "Inner", "Startup Cost": 0.84, "Total Cost": 2459.23, "Plan Rows": 1.0, "Plan Width": 16, "Actual Rows": 8, "Actual Loops": 1, "Inner Unique": false, "Join Filter": "(p.id = ph.postid)", "Rows Removed by Join Filter": 0, "Plans": [{"Node Type": "Nested Loop", "Parent Relationship": "Outer", "Parallel Aware": false, "Async Capable": false, "Join Type": "Inner", "Startup Cost": 0.42, "Total Cost": 2458.6, "Plan Rows": 3.0, "Plan Width": 12, "Actual Rows": 22, "Actual Loops": 1, "Inner Unique": false, "Plans": [{"Node Type": "Seq Scan", "Parent Relationship": "Outer", "Parallel Aware": false, "Async Capable": false, "Relation Name": "posts", "Alias": "p", "Startup Cost": 0.0, "Total Cost": 2449.58, "Plan Rows": 1, "Plan Width": 4, "Actual Rows": 40, "Actual Loops": 1, "Filter": "((score >= 23) AND (viewcount >= 22043) AND (commentcount <= 7))", "Rows Removed by Filter": 91936}, {"Node Type": "Index Scan", "Parent Relationship": "Inner", "Parallel Aware": false, "Async Capable": false, "Scan Direction": "Forward", "Index Name": "idx_comments_postid", "Relation Name": "comments", "Alias": "c", "Startup Cost": 0.42, "Total Cost": 9.0, "Plan Rows": 2, "Plan Width": 8, "Actual Rows": 1, "Actual Loops": 40, "Index Cond": "(postid = p.id)", "Rows Removed by Index Recheck": 0, "Filter": "(creationdate >= '2012-11-08 09:16:18'::timestamp without time zone)", "Rows Removed by Filter": 2}]}, {"Node Type": "Index Scan", "Parent Relationship": "Inner", "Parallel Aware": false, "Async Capable": false, "Scan Direction": "Forward", "Index Name": "idx_posthistory_postid", "Relation Name": "posthistory", "Alias": "ph", "Startup Cost": 0.42, "Total Cost": 0.62, "Plan Rows": 1, "Plan Width": 4, "Actual Rows": 0, "Actual Loops": 22, "Index Cond": "(postid = c.postid)", "Rows Removed by Index Recheck": 0, "Filter": "((creationdate >= '2011-05-17 07:21:37'::timestamp without time zone) AND (creationdate <= '2012-01-04 06:09:01'::timestamp without time zone))", "Rows Removed by Filter": 7}]}, {"Node Type": "Index Scan", "Parent Relationship": "Inner", "Parallel Aware": false, "Async Capable": false, "Scan Direction": "Forward", "Index Name": "idx_votes_postid", "Relation Name": "votes", "Alias": "v", "Startup Cost": 0.42, "Total Cost": 0.62, "Plan Rows": 4, "Plan Width": 4, "Actual Rows": 91, "Actual Loops": 8, "Index Cond": "(postid = c.postid)", "Rows Removed by Index Recheck": 0, "Filter": "(votetypeid = 2)", "Rows Removed by Filter": 104}]}, {"Node Type": "Index Only Scan", "Parent Relationship": "Inner", "Parallel Aware": false, "Async Capable": false, "Scan Direction": "Forward", "Index Name": "idx_badges_userid", "Relation Name": "badges", "Alias": "b", "Startup Cost": 0.29, "Total Cost": 0.35, "Plan Rows": 3, "Plan Width": 4, "Actual Rows": 14, "Actual Loops": 725, "Index Cond": "(userid = c.userid)", "Rows Removed by Index Recheck": 0, "Heap Fetches": 0}]}, {"Node Type": "Memoize", "Parent Relationship": "Inner", "Parallel Aware": false, "Async Capable": false, "Startup Cost": 0.3, "Total Cost": 4.33, "Plan Rows": 2, "Plan Width": 4, "Actual Rows": 11, "Actual Loops": 10466, "Cache Key": "p.id", "Cache Mode": "logical", "Cache Hits": 10464, "Cache Misses": 2, "Cache Evictions": 0, "Cache Overflows": 0, "Peak Memory Usage": 1, "Plans": [{"Node Type": "Index Only Scan", "Parent Relationship": "Outer", "Parallel Aware": false, "Async Capable": false, "Scan Direction": "Forward", "Index Name": "idx_postlinks_relatedpostid", "Relation Name": "postlinks", "Alias": "pl", "Startup Cost": 0.29, "Total Cost": 4.32, "Plan Rows": 2, "Plan Width": 4, "Actual Rows": 6, "Actual Loops": 2, "Index Cond": "(relatedpostid = p.id)", "Rows Removed by Index Recheck": 0, "Heap Fetches": 0}]}]}]}, "Planning Time": 5.44, "Triggers": [], "Execution Time": 16.091}, {"Plan": {"Node Type": "Aggregate", "Strategy": "Plain", "Partial Mode": "Simple", "Parallel Aware": false, "Async Capable": false, "Startup Cost": 19403.03, "Total Cost": 19403.04, "Plan Rows": 1, "Plan Width": 8, "Actual Rows": 1, "Actual Loops": 1, "Plans": [{"Node Type": "Merge Join", "Parent Relationship": "Outer", "Parallel Aware": false, "Async Capable": false, "Join Type": "Inner", "Startup Cost": 2460.53, "Total Cost": 19402.36, "Plan Rows": 56.0, "Plan Width": 0, "Actual Rows": 114146, "Actual Loops": 1, "Inner Unique": false, "Merge Cond": "(c.postid = p.id)", "Plans": [{"Node Type": "Nested Loop", "Parent Relationship": "Outer", "Parallel Aware": false, "Async Capable": false, "Join Type": "Inner", "Startup Cost": 1.02, "Total Cost": 11914.83, "Plan Rows": 73106.0, "Plan Width": 8, "Actual Rows": 161120, "Actual Loops": 1, "Inner Unique": false, "Plans": [{"Node Type": "Nested Loop", "Parent Relationship": "Outer", "Parallel Aware": false, "Async Capable": false, "Join Type": "Inner", "Startup Cost": 0.72, "Total Cost": 6229.27, "Plan Rows": 2294.0, "Plan Width": 12, "Actual Rows": 1765, "Actual Loops": 1, "Inner Unique": false, "Plans": [{"Node Type": "Index Only Scan", "Parent Relationship": "Outer", "Parallel Aware": false, "Async Capable": false, "Scan Direction": "Forward", "Index Name": "idx_postlinks_relatedpostid", "Relation Name": "postlinks", "Alias": "pl", "Startup Cost": 0.29, "Total Cost": 262.81, "Plan Rows": 11102, "Plan Width": 4, "Actual Rows": 4961, "Actual Loops": 1, "Heap Fetches": 0}, {"Node Type": "Memoize", "Parent Relationship": "Inner", "Parallel Aware": false, "Async Capable": false, "Startup Cost": 0.43, "Total Cost": 1.08, "Plan Rows": 2, "Plan Width": 8, "Actual Rows": 0, "Actual Loops": 4961, "Cache Key": "pl.relatedpostid", "Cache Mode": "logical", "Cache Hits": 3190, "Cache Misses": 1771, "Cache Evictions": 0, "Cache Overflows": 0, "Peak Memory Usage": 128, "Plans": [{"Node Type": "Index Scan", "Parent Relationship": "Outer", "Parallel Aware": false, "Async Capable": false, "Scan Direction": "Forward", "Index Name": "idx_comments_postid", "Relation Name": "comments", "Alias": "c", "Startup Cost": 0.42, "Total Cost": 1.07, "Plan Rows": 2, "Plan Width": 8, "Actual Rows": 0, "Actual Loops": 1771, "Index Cond": "(postid = pl.relatedpostid)", "Rows Removed by Index Recheck": 0, "Filter": "(creationdate >= '2012-11-08 09:16:18'::timestamp without time zone)", "Rows Removed by Filter": 2}]}]}, {"Node Type": "Memoize", "Parent Relationship": "Inner", "Parallel Aware": false, "Async Capable": false, "Startup Cost": 0.3, "Total Cost": 0.36, "Plan Rows": 3, "Plan Width": 4, "Actual Rows": 91, "Actual Loops": 1765, "Cache Key": "c.userid", "Cache Mode": "logical", "Cache Hits": 1632, "Cache Misses": 133, "Cache Evictions": 0, "Cache Overflows": 0, "Peak Memory Usage": 181, "Plans": [{"Node Type": "Index Only Scan", "Parent Relationship": "Outer", "Parallel Aware": false, "Async Capable": false, "Scan Direction": "Forward", "Index Name": "idx_badges_userid", "Relation Name": "badges", "Alias": "b", "Startup Cost": 0.29, "Total Cost": 0.35, "Plan Rows": 3, "Plan Width": 4, "Actual Rows": 37, "Actual Loops": 133, "Index Cond": "(userid = c.userid)", "Rows Removed by Index Recheck": 0, "Heap Fetches": 0}]}]}, {"Node Type": "Sort", "Parent Relationship": "Inner", "Parallel Aware": false, "Async Capable": false, "Startup Cost": 2459.51, "Total Cost": 2459.52, "Plan Rows": 1.0, "Plan Width": 12, "Actual Rows": 115462, "Actual Loops": 1, "Sort Key": ["p.id"], "Sort Method": "quicksort", "Sort Space Used": 111, "Sort Space Type": "Memory", "Plans": [{"Node Type": "Nested Loop", "Parent Relationship": "Outer", "Parallel Aware": false, "Async Capable": false, "Join Type": "Inner", "Startup Cost": 0.84, "Total Cost": 2459.49, "Plan Rows": 1.0, "Plan Width": 12, "Actual Rows": 1606, "Actual Loops": 1, "Inner Unique": false, "Join Filter": "(p.id = v.postid)", "Rows Removed by Join Filter": 0, "Plans": [{"Node Type": "Nested Loop", "Parent Relationship": "Outer", "Parallel Aware": false, "Async Capable": false, "Join Type": "Inner", "Startup Cost": 0.42, "Total Cost": 2458.54, "Plan Rows": 1.0, "Plan Width": 8, "Actual Rows": 25, "Actual Loops": 1, "Inner Unique": false, "Plans": [{"Node Type": "Seq Scan", "Parent Relationship": "Outer", "Parallel Aware": false, "Async Capable": false, "Relation Name": "posts", "Alias": "p", "Startup Cost": 0.0, "Total Cost": 2449.58, "Plan Rows": 1, "Plan Width": 4, "Actual Rows": 40, "Actual Loops": 1, "Filter": "((score >= 23) AND (viewcount >= 22043) AND (commentcount <= 7))", "Rows Removed by Filter": 91936}, {"Node Type": "Index Scan", "Parent Relationship": "Inner", "Parallel Aware": false, "Async Capable": false, "Scan Direction": "Forward", "Index Name": "idx_posthistory_postid", "Relation Name": "posthistory", "Alias": "ph", "Startup Cost": 0.42, "Total Cost": 8.95, "Plan Rows": 1, "Plan Width": 4, "Actual Rows": 1, "Actual Loops": 40, "Index Cond": "(postid = p.id)", "Rows Removed by Index Recheck": 0, "Filter": "((creationdate >= '2011-05-17 07:21:37'::timestamp without time zone) AND (creationdate <= '2012-01-04 06:09:01'::timestamp without time zone))", "Rows Removed by Filter": 6}]}, {"Node Type": "Index Scan", "Parent Relationship": "Inner", "Parallel Aware": false, "Async Capable": false, "Scan Direction": "Forward", "Index Name": "idx_votes_postid", "Relation Name": "votes", "Alias": "v", "Startup Cost": 0.42, "Total Cost": 0.89, "Plan Rows": 4, "Plan Width": 4, "Actual Rows": 64, "Actual Loops": 25, "Index Cond": "(postid = ph.postid)", "Rows Removed by Index Recheck": 0, "Filter": "(votetypeid = 2)", "Rows Removed by Filter": 71}]}]}]}]}, "Planning Time": 5.157, "Triggers": [], "Execution Time": 37.231}, {"Plan": {"Node Type": "Aggregate", "Strategy": "Plain", "Partial Mode": "Simple", "Parallel Aware": false, "Async Capable": false, "Startup Cost": 117171.95, "Total Cost": 117171.96, "Plan Rows": 1, "Plan Width": 8, "Actual Rows": 1, "Actual Loops": 1, "Plans": [{"Node Type": "Merge Join", "Parent Relationship": "Outer", "Parallel Aware": false, "Async Capable": false, "Join Type": "Inner", "Startup Cost": 11349.83, "Total Cost": 117171.28, "Plan Rows": 56.0, "Plan Width": 0, "Actual Rows": 114146, "Actual Loops": 1, "Inner Unique": false, "Merge Cond": "(p.id = c.postid)", "Plans": [{"Node Type": "Merge Join", "Parent Relationship": "Outer", "Parallel Aware": false, "Async Capable": false, "Join Type": "Inner", "Startup Cost": 2449.88, "Total Cost": 2740.18, "Plan Rows": 2.0, "Plan Width": 8, "Actual Rows": 497, "Actual Loops": 1, "Inner Unique": true, "Merge Cond": "(pl.relatedpostid = p.id)", "Plans": [{"Node Type": "Index Only Scan", "Parent Relationship": "Outer", "Parallel Aware": false, "Async Capable": false, "Scan Direction": "Forward", "Index Name": "idx_postlinks_relatedpostid", "Relation Name": "postlinks", "Alias": "pl", "Startup Cost": 0.29, "Total Cost": 262.81, "Plan Rows": 11102, "Plan Width": 4, "Actual Rows": 6348, "Actual Loops": 1, "Heap Fetches": 0}, {"Node Type": "Sort", "Parent Relationship": "Inner", "Parallel Aware": false, "Async Capable": false, "Startup Cost": 2449.59, "Total Cost": 2449.6, "Plan Rows": 1, "Plan Width": 4, "Actual Rows": 40, "Actual Loops": 1, "Sort Key": ["p.id"], "Sort Method": "quicksort", "Sort Space Used": 25, "Sort Space Type": "Memory", "Plans": [{"Node Type": "Seq Scan", "Parent Relationship": "Outer", "Parallel Aware": false, "Async Capable": false, "Relation Name": "posts", "Alias": "p", "Startup Cost": 0.0, "Total Cost": 2449.58, "Plan Rows": 1, "Plan Width": 4, "Actual Rows": 40, "Actual Loops": 1, "Filter": "((score >= 23) AND (viewcount >= 22043) AND (commentcount <= 7))", "Rows Removed by Filter": 91936}]}]}, {"Node Type": "Materialize", "Parent Relationship": "Inner", "Parallel Aware": false, "Async Capable": false, "Startup Cost": 8899.95, "Total Cost": 78844.26, "Plan Rows": 25152.0, "Plan Width": 12, "Actual Rows": 2293242, "Actual Loops": 1, "Plans": [{"Node Type": "Nested Loop", "Parent Relationship": "Outer", "Parallel Aware": false, "Async Capable": false, "Join Type": "Inner", "Startup Cost": 8899.95, "Total Cost": 43258.97, "Plan Rows": 25152.0, "Plan Width": 12, "Actual Rows": 2189562, "Actual Loops": 1, "Inner Unique": false, "Plans": [{"Node Type": "Merge Join", "Parent Relationship": "Outer", "Parallel Aware": false, "Async Capable": false, "Join Type": "Inner", "Startup Cost": 8899.65, "Total Cost": 30726.38, "Plan Rows": 904.0, "Plan Width": 16, "Actual Rows": 22075, "Actual Loops": 1, "Inner Unique": false, "Merge Cond": "(c.postid = v.postid)", "Plans": [{"Node Type": "Merge Join", "Parent Relationship": "Outer", "Parallel Aware": false, "Async Capable": false, "Join Type": "Inner", "Startup Cost": 8899.23, "Total Cost": 15587.11, "Plan Rows": 511.0, "Plan Width": 12, "Actual Rows": 1933, "Actual Loops": 1, "Inner Unique": false, "Merge Cond": "(c.postid = ph.postid)", "Plans": [{"Node Type": "Index Scan", "Parent Relationship": "Outer", "Parallel Aware": false, "Async Capable": false, "Scan Direction": "Forward", "Index Name": "idx_comments_postid", "Relation Name": "comments", "Alias": "c", "Startup Cost": 0.42, "Total Cost": 5857.0, "Plan Rows": 104988, "Plan Width": 8, "Actual Rows": 1957, "Actual Loops": 1, "Filter": "(creationdate >= '2012-11-08 09:16:18'::timestamp without time zone)", "Rows Removed by Filter": 46251}, {"Node Type": "Sort", "Parent Relationship": "Inner", "Parallel Aware": false, "Async Capable": false, "Startup Cost": 8898.81, "Total Cost": 8970.13, "Plan Rows": 28527, "Plan Width": 4, "Actual Rows": 28796, "Actual Loops": 1, "Sort Key": ["ph.postid"], "Sort Method": "quicksort", "Sort Space Used": 769, "Sort Space Type": "Memory", "Plans": [{"Node Type": "Seq Scan", "Parent Relationship": "Outer", "Parallel Aware": false, "Async Capable": false, "Relation Name": "posthistory", "Alias": "ph", "Startup Cost": 0.0, "Total Cost": 6787.8, "Plan Rows": 28527, "Plan Width": 4, "Actual Rows": 28162, "Actual Loops": 1, "Filter": "((creationdate >= '2011-05-17 07:21:37'::timestamp without time zone) AND (creationdate <= '2012-01-04 06:09:01'::timestamp without time zone))", "Rows Removed by Filter": 275025}]}]}, {"Node Type": "Index Scan", "Parent Relationship": "Inner", "Parallel Aware": false, "Async Capable": false, "Scan Direction": "Forward", "Index Name": "idx_votes_postid", "Relation Name": "votes", "Alias": "v", "Startup Cost": 0.42, "Total Cost": 12794.42, "Plan Rows": 262165, "Plan Width": 4, "Actual Rows": 138361, "Actual Loops": 1, "Filter": "(votetypeid = 2)", "Rows Removed by Filter": 35540}]}, {"Node Type": "Memoize", "Parent Relationship": "Inner", "Parallel Aware": false, "Async Capable": false, "Startup Cost": 0.3, "Total Cost": 0.36, "Plan Rows": 3, "Plan Width": 4, "Actual Rows": 99, "Actual Loops": 22075, "Cache Key": "c.userid", "Cache Mode": "logical", "Cache Hits": 21776, "Cache Misses": 299, "Cache Evictions": 0, "Cache Overflows": 0, "Peak Memory Usage": 311, "Plans": [{"Node Type": "Index Only Scan", "Parent Relationship": "Outer", "Parallel Aware": false, "Async Capable": false, "Scan Direction": "Forward", "Index Name": "idx_badges_userid", "Relation Name": "badges", "Alias": "b", "Startup Cost": 0.29, "Total Cost": 0.35, "Plan Rows": 3, "Plan Width": 4, "Actual Rows": 28, "Actual Loops": 299, "Index Cond": "(userid = c.userid)", "Rows Removed by Index Recheck": 0, "Heap Fetches": 0}]}]}]}]}]}, "Planning Time": 7.291, "Triggers": [], "Execution Time": 677.637}, {"Plan": {"Node Type": "Aggregate", "Strategy": "Plain", "Partial Mode": "Simple", "Parallel Aware": false, "Async Capable": false, "Startup Cost": 4189.29, "Total Cost": 4189.3, "Plan Rows": 1, "Plan Width": 8, "Actual Rows": 1, "Actual Loops": 1, "Plans": [{"Node Type": "Hash Join", "Parent Relationship": "Outer", "Parallel Aware": false, "Async Capable": false, "Join Type": "Inner", "Startup Cost": 2456.36, "Total Cost": 4188.62, "Plan Rows": 56.0, "Plan Width": 0, "Actual Rows": 114146, "Actual Loops": 1, "Inner Unique": false, "Hash Cond": "(b.userid = c.userid)", "Plans": [{"Node Type": "Seq Scan", "Parent Relationship": "Outer", "Parallel Aware": false, "Async Capable": false, "Relation Name": "badges", "Alias": "b", "Startup Cost": 0.0, "Total Cost": 1230.51, "Plan Rows": 79851, "Plan Width": 4, "Actual Rows": 79851, "Actual Loops": 1}, {"Node Type": "Hash", "Parent Relationship": "Inner", "Parallel Aware": false, "Async Capable": false, "Startup Cost": 2456.32, "Total Cost": 2456.32, "Plan Rows": 3.0, "Plan Width": 4, "Actual Rows": 2210, "Actual Loops": 1, "Hash Buckets": 4096, "Original Hash Buckets": 1024, "Hash Batches": 1, "Original Hash Batches": 1, "Peak Memory Usage": 110, "Plans": [{"Node Type": "Nested Loop", "Parent Relationship": "Outer", "Parallel Aware": false, "Async Capable": false, "Join Type": "Inner", "Startup Cost": 1.55, "Total Cost": 2456.32, "Plan Rows": 3.0, "Plan Width": 4, "Actual Rows": 27875, "Actual Loops": 1, "Inner Unique": false, "Join Filter": "(p.id = v.postid)", "Rows Removed by Join Filter": 0, "Plans": [{"Node Type": "Nested Loop", "Parent Relationship": "Outer", "Parallel Aware": false, "Async Capable": false, "Join Type": "Inner", "Startup Cost": 1.13, "Total Cost": 2455.65, "Plan Rows": 2.0, "Plan Width": 20, "Actual Rows": 308, "Actual Loops": 1, "Inner Unique": false, "Join Filter": "(p.id = ph.postid)", "Rows Removed by Join Filter": 0, "Plans": [{"Node Type": "Nested Loop", "Parent Relationship": "Outer", "Parallel Aware": false, "Async Capable": false, "Join Type": "Inner", "Startup Cost": 0.71, "Total Cost": 2455.02, "Plan Rows": 4.0, "Plan Width": 16, "Actual Rows": 483, "Actual Loops": 1, "Inner Unique": false, "Join Filter": "(c.postid = p.id)", "Rows Removed by Join Filter": 0, "Plans": [{"Node Type": "Nested Loop", "Parent Relationship": "Outer", "Parallel Aware": false, "Async Capable": false, "Join Type": "Inner", "Startup Cost": 0.29, "Total Cost": 2453.92, "Plan Rows": 2.0, "Plan Width": 8, "Actual Rows": 527, "Actual Loops": 1, "Inner Unique": false, "Plans": [{"Node Type": "Seq Scan", "Parent Relationship": "Outer", "Parallel Aware": false, "Async Capable": false, "Relation Name": "posts", "Alias": "p", "Startup Cost": 0.0, "Total Cost": 2449.58, "Plan Rows": 1, "Plan Width": 4, "Actual Rows": 40, "Actual Loops": 1, "Filter": "((score >= 23) AND (viewcount >= 22043) AND (commentcount <= 7))", "Rows Removed by Filter": 91936}, {"Node Type": "Index Only Scan", "Parent Relationship": "Inner", "Parallel Aware": false, "Async Capable": false, "Scan Direction": "Forward", "Index Name": "idx_postlinks_relatedpostid", "Relation Name": "postlinks", "Alias": "pl", "Startup Cost": 0.29, "Total Cost": 4.32, "Plan Rows": 2, "Plan Width": 4, "Actual Rows": 13, "Actual Loops": 40, "Index Cond": "(relatedpostid = p.id)", "Rows Removed by Index Recheck": 0, "Heap Fetches": 0}]}, {"Node Type": "Index Scan", "Parent Relationship": "Inner", "Parallel Aware": false, "Async Capable": false, "Scan Direction": "Forward", "Index Name": "idx_comments_postid", "Relation Name": "comments", "Alias": "c", "Startup Cost": 0.42, "Total Cost": 1.07, "Plan Rows": 2, "Plan Width": 8, "Actual Rows": 1, "Actual Loops": 527, "Index Cond": "(postid = pl.relatedpostid)", "Rows Removed by Index Recheck": 0, "Filter": "(creationdate >= '2012-11-08 09:16:18'::timestamp without time zone)", "Rows Removed by Filter": 2}]}, {"Node Type": "Index Scan", "Parent Relationship": "Inner", "Parallel Aware": false, "Async Capable": false, "Scan Direction": "Forward", "Index Name": "idx_posthistory_postid", "Relation Name": "posthistory", "Alias": "ph", "Startup Cost": 0.42, "Total Cost": 0.62, "Plan Rows": 1, "Plan Width": 4, "Actual Rows": 1, "Actual Loops": 483, "Index Cond": "(postid = c.postid)", "Rows Removed by Index Recheck": 0, "Filter": "((creationdate >= '2011-05-17 07:21:37'::timestamp without time zone) AND (creationdate <= '2012-01-04 06:09:01'::timestamp without time zone))", "Rows Removed by Filter": 7}]}, {"Node Type": "Index Scan", "Parent Relationship": "Inner", "Parallel Aware": false, "Async Capable": false, "Scan Direction": "Forward", "Index Name": "idx_votes_postid", "Relation Name": "votes", "Alias": "v", "Startup Cost": 0.42, "Total Cost": 0.62, "Plan Rows": 4, "Plan Width": 4, "Actual Rows": 91, "Actual Loops": 308, "Index Cond": "(postid = c.postid)", "Rows Removed by Index Recheck": 0, "Filter": "(votetypeid = 2)", "Rows Removed by Filter": 114}]}]}]}]}, "Planning Time": 6.581, "Triggers": [], "Execution Time": 47.639}, {"Plan": {"Node Type": "Aggregate", "Strategy": "Plain", "Partial Mode": "Simple", "Parallel Aware": false, "Async Capable": false, "Startup Cost": 65269.48, "Total Cost": 65269.49, "Plan Rows": 1, "Plan Width": 8, "Actual Rows": 1, "Actual Loops": 1, "Plans": [{"Node Type": "Merge Join", "Parent Relationship": "Outer", "Parallel Aware": false, "Async Capable": false, "Join Type": "Inner", "Startup Cost": 2451.44, "Total Cost": 65268.81, "Plan Rows": 56.0, "Plan Width": 0, "Actual Rows": 114146, "Actual Loops": 1, "Inner Unique": false, "Merge Cond": "(p.id = c.postid)", "Plans": [{"Node Type": "Nested Loop", "Parent Relationship": "Outer", "Parallel Aware": false, "Async Capable": false, "Join Type": "Inner", "Startup Cost": 2450.72, "Total Cost": 2742.64, "Plan Rows": 1.0, "Plan Width": 16, "Actual Rows": 46023, "Actual Loops": 1, "Inner Unique": false, "Join Filter": "(p.id = v.postid)", "Rows Removed by Join Filter": 0, "Plans": [{"Node Type": "Nested Loop", "Parent Relationship": "Outer", "Parallel Aware": false, "Async Capable": false, "Join Type": "Inner", "Startup Cost": 2450.3, "Total Cost": 2741.69, "Plan Rows": 1.0, "Plan Width": 12, "Actual Rows": 602, "Actual Loops": 1, "Inner Unique": false, "Join Filter": "(p.id = ph.postid)", "Rows Removed by Join Filter": 0, "Plans": [{"Node Type": "Merge Join", "Parent Relationship": "Outer", "Parallel Aware": false, "Async Capable": false, "Join Type": "Inner", "Startup Cost": 2449.88, "Total Cost": 2740.18, "Plan Rows": 2.0, "Plan Width": 8, "Actual Rows": 527, "Actual Loops": 1, "Inner Unique": true, "Merge Cond": "(pl.relatedpostid = p.id)", "Plans": [{"Node Type": "Index Only Scan", "Parent Relationship": "Outer", "Parallel Aware": false, "Async Capable": false, "Scan Direction": "Forward", "Index Name": "idx_postlinks_relatedpostid", "Relation Name": "postlinks", "Alias": "pl", "Startup Cost": 0.29, "Total Cost": 262.81, "Plan Rows": 11102, "Plan Width": 4, "Actual Rows": 6379, "Actual Loops": 1, "Heap Fetches": 0}, {"Node Type": "Sort", "Parent Relationship": "Inner", "Parallel Aware": false, "Async Capable": false, "Startup Cost": 2449.59, "Total Cost": 2449.6, "Plan Rows": 1, "Plan Width": 4, "Actual Rows": 40, "Actual Loops": 1, "Sort Key": ["p.id"], "Sort Method": "quicksort", "Sort Space Used": 25, "Sort Space Type": "Memory", "Plans": [{"Node Type": "Seq Scan", "Parent Relationship": "Outer", "Parallel Aware": false, "Async Capable": false, "Relation Name": "posts", "Alias": "p", "Startup Cost": 0.0, "Total Cost": 2449.58, "Plan Rows": 1, "Plan Width": 4, "Actual Rows": 40, "Actual Loops": 1, "Filter": "((score >= 23) AND (viewcount >= 22043) AND (commentcount <= 7))", "Rows Removed by Filter": 91936}]}]}, {"Node Type": "Index Scan", "Parent Relationship": "Inner", "Parallel Aware": false, "Async Capable": false, "Scan Direction": "Forward", "Index Name": "idx_posthistory_postid", "Relation Name": "posthistory", "Alias": "ph", "Startup Cost": 0.42, "Total Cost": 1.5, "Plan Rows": 1, "Plan Width": 4, "Actual Rows": 1, "Actual Loops": 527, "Index Cond": "(postid = pl.relatedpostid)", "Rows Removed by Index Recheck": 0, "Filter": "((creationdate >= '2011-05-17 07:21:37'::timestamp without time zone) AND (creationdate <= '2012-01-04 06:09:01'::timestamp without time zone))", "Rows Removed by Filter": 7}]}, {"Node Type": "Index Scan", "Parent Relationship": "Inner", "Parallel Aware": false, "Async Capable": false, "Scan Direction": "Forward", "Index Name": "idx_votes_postid", "Relation Name": "votes", "Alias": "v", "Startup Cost": 0.42, "Total Cost": 0.89, "Plan Rows": 4, "Plan Width": 4, "Actual Rows": 76, "Actual Loops": 602, "Index Cond": "(postid = ph.postid)", "Rows Removed by Index Recheck": 0, "Filter": "(votetypeid = 2)", "Rows Removed by Filter": 97}]}, {"Node Type": "Materialize", "Parent Relationship": "Inner", "Parallel Aware": false, "Async Capable": false, "Startup Cost": 0.72, "Total Cost": 39094.44, "Plan Rows": 55832.0, "Plan Width": 4, "Actual Rows": 242519, "Actual Loops": 1, "Plans": [{"Node Type": "Nested Loop", "Parent Relationship": "Outer", "Parallel Aware": false, "Async Capable": false, "Join Type": "Inner", "Startup Cost": 0.72, "Total Cost": 15665.77, "Plan Rows": 55832.0, "Plan Width": 4, "Actual Rows": 128428, "Actual Loops": 1, "Inner Unique": false, "Plans": [{"Node Type": "Index Scan", "Parent Relationship": "Outer", "Parallel Aware": false, "Async Capable": false, "Scan Direction": "Forward", "Index Name": "idx_comments_postid", "Relation Name": "comments", "Alias": "c", "Startup Cost": 0.42, "Total Cost": 5857.0, "Plan Rows": 104988, "Plan Width": 8, "Actual Rows": 1520, "Actual Loops": 1, "Filter": "(creationdate >= '2012-11-08 09:16:18'::timestamp without time zone)", "Rows Removed by Filter": 33872}, {"Node Type": "Memoize", "Parent Relationship": "Inner", "Parallel Aware": false, "Async Capable": false, "Startup Cost": 0.3, "Total Cost": 0.36, "Plan Rows": 3, "Plan Width": 4, "Actual Rows": 84, "Actual Loops": 1520, "Cache Key": "c.userid", "Cache Mode": "logical", "Cache Hits": 981, "Cache Misses": 539, "Cache Evictions": 0, "Cache Overflows": 0, "Peak Memory Usage": 449, "Plans": [{"Node Type": "Index Only Scan", "Parent Relationship": "Outer", "Parallel Aware": false, "Async Capable": false, "Scan Direction": "Forward", "Index Name": "idx_badges_userid", "Relation Name": "badges", "Alias": "b", "Startup Cost": 0.29, "Total Cost": 0.35, "Plan Rows": 3, "Plan Width": 4, "Actual Rows": 22, "Actual Loops": 539, "Index Cond": "(userid = c.userid)", "Rows Removed by Index Recheck": 0, "Heap Fetches": 0}]}]}]}]}]}, "Planning Time": 5.916, "Triggers": [], "Execution Time": 89.498}, {"Plan": {"Node Type": "Aggregate", "Strategy": "Plain", "Partial Mode": "Simple", "Parallel Aware": false, "Async Capable": false, "Startup Cost": 25909.12, "Total Cost": 25909.13, "Plan Rows": 1, "Plan Width": 8, "Actual Rows": 1, "Actual Loops": 1, "Plans": [{"Node Type": "Merge Join", "Parent Relationship": "Outer", "Parallel Aware": false, "Async Capable": false, "Join Type": "Inner", "Startup Cost": 2.16, "Total Cost": 25908.45, "Plan Rows": 56.0, "Plan Width": 0, "Actual Rows": 114146, "Actual Loops": 1, "Inner Unique": false, "Merge Cond": "(p.id = c.postid)", "Plans": [{"Node Type": "Nested Loop", "Parent Relationship": "Outer", "Parallel Aware": false, "Async Capable": false, "Join Type": "Inner", "Startup Cost": 1.14, "Total Cost": 3938.89, "Plan Rows": 1.0, "Plan Width": 12, "Actual Rows": 1606, "Actual Loops": 1, "Inner Unique": false, "Join Filter": "(p.id = v.postid)", "Rows Removed by Join Filter": 0, "Plans": [{"Node Type": "Nested Loop", "Parent Relationship": "Outer", "Parallel Aware": false, "Async Capable": false, "Join Type": "Inner", "Startup Cost": 0.71, "Total Cost": 3937.95, "Plan Rows": 1.0, "Plan Width": 8, "Actual Rows": 25, "Actual Loops": 1, "Inner Unique": false, "Plans": [{"Node Type": "Index Scan", "Parent Relationship": "Outer", "Parallel Aware": false, "Async Capable": false, "Scan Direction": "Forward", "Index Name": "posts_pkey", "Relation Name": "posts", "Alias": "p", "Startup Cost": 0.29, "Total Cost": 3928.99, "Plan Rows": 1, "Plan Width": 4, "Actual Rows": 40, "Actual Loops": 1, "Filter": "((score >= 23) AND (viewcount >= 22043) AND (commentcount <= 7))", "Rows Removed by Filter": 91936}, {"Node Type": "Index Scan", "Parent Relationship": "Inner", "Parallel Aware": false, "Async Capable": false, "Scan Direction": "Forward", "Index Name": "idx_posthistory_postid", "Relation Name": "posthistory", "Alias": "ph", "Startup Cost": 0.42, "Total Cost": 8.95, "Plan Rows": 1, "Plan Width": 4, "Actual Rows": 1, "Actual Loops": 40, "Index Cond": "(postid = p.id)", "Rows Removed by Index Recheck": 0, "Filter": "((creationdate >= '2011-05-17 07:21:37'::timestamp without time zone) AND (creationdate <= '2012-01-04 06:09:01'::timestamp without time zone))", "Rows Removed by Filter": 6}]}, {"Node Type": "Index Scan", "Parent Relationship": "Inner", "Parallel Aware": false, "Async Capable": false, "Scan Direction": "Forward", "Index Name": "idx_votes_postid", "Relation Name": "votes", "Alias": "v", "Startup Cost": 0.42, "Total Cost": 0.89, "Plan Rows": 4, "Plan Width": 4, "Actual Rows": 64, "Actual Loops": 25, "Index Cond": "(postid = ph.postid)", "Rows Removed by Index Recheck": 0, "Filter": "(votetypeid = 2)", "Rows Removed by Filter": 71}]}, {"Node Type": "Materialize", "Parent Relationship": "Inner", "Parallel Aware": false, "Async Capable": false, "Startup Cost": 1.02, "Total Cost": 16941.86, "Plan Rows": 73106.0, "Plan Width": 8, "Actual Rows": 274671, "Actual Loops": 1, "Plans": [{"Node Type": "Nested Loop", "Parent Relationship": "Outer", "Parallel Aware": false, "Async Capable": false, "Join Type": "Inner", "Startup Cost": 1.02, "Total Cost": 11914.83, "Plan Rows": 73106.0, "Plan Width": 8, "Actual Rows": 161120, "Actual Loops": 1, "Inner Unique": false, "Plans": [{"Node Type": "Nested Loop", "Parent Relationship": "Outer", "Parallel Aware": false, "Async Capable": false, "Join Type": "Inner", "Startup Cost": 0.72, "Total Cost": 6229.27, "Plan Rows": 2294.0, "Plan Width": 12, "Actual Rows": 1765, "Actual Loops": 1, "Inner Unique": false, "Plans": [{"Node Type": "Index Only Scan", "Parent Relationship": "Outer", "Parallel Aware": false, "Async Capable": false, "Scan Direction": "Forward", "Index Name": "idx_postlinks_relatedpostid", "Relation Name": "postlinks", "Alias": "pl", "Startup Cost": 0.29, "Total Cost": 262.81, "Plan Rows": 11102, "Plan Width": 4, "Actual Rows": 4961, "Actual Loops": 1, "Heap Fetches": 0}, {"Node Type": "Memoize", "Parent Relationship": "Inner", "Parallel Aware": false, "Async Capable": false, "Startup Cost": 0.43, "Total Cost": 1.08, "Plan Rows": 2, "Plan Width": 8, "Actual Rows": 0, "Actual Loops": 4961, "Cache Key": "pl.relatedpostid", "Cache Mode": "logical", "Cache Hits": 3190, "Cache Misses": 1771, "Cache Evictions": 0, "Cache Overflows": 0, "Peak Memory Usage": 128, "Plans": [{"Node Type": "Index Scan", "Parent Relationship": "Outer", "Parallel Aware": false, "Async Capable": false, "Scan Direction": "Forward", "Index Name": "idx_comments_postid", "Relation Name": "comments", "Alias": "c", "Startup Cost": 0.42, "Total Cost": 1.07, "Plan Rows": 2, "Plan Width": 8, "Actual Rows": 0, "Actual Loops": 1771, "Index Cond": "(postid = pl.relatedpostid)", "Rows Removed by Index Recheck": 0, "Filter": "(creationdate >= '2012-11-08 09:16:18'::timestamp without time zone)", "Rows Removed by Filter": 2}]}]}, {"Node Type": "Memoize", "Parent Relationship": "Inner", "Parallel Aware": false, "Async Capable": false, "Startup Cost": 0.3, "Total Cost": 0.36, "Plan Rows": 3, "Plan Width": 4, "Actual Rows": 91, "Actual Loops": 1765, "Cache Key": "c.userid", "Cache Mode": "logical", "Cache Hits": 1632, "Cache Misses": 133, "Cache Evictions": 0, "Cache Overflows": 0, "Peak Memory Usage": 181, "Plans": [{"Node Type": "Index Only Scan", "Parent Relationship": "Outer", "Parallel Aware": false, "Async Capable": false, "Scan Direction": "Forward", "Index Name": "idx_badges_userid", "Relation Name": "badges", "Alias": "b", "Startup Cost": 0.29, "Total Cost": 0.35, "Plan Rows": 3, "Plan Width": 4, "Actual Rows": 37, "Actual Loops": 133, "Index Cond": "(userid = c.userid)", "Rows Removed by Index Recheck": 0, "Heap Fetches": 0}]}]}]}]}]}, "Planning Time": 5.678, "Triggers": [], "Execution Time": 65.583}, {"Plan": {"Node Type": "Aggregate", "Strategy": "Plain", "Partial Mode": "Simple", "Parallel Aware": false, "Async Capable": false, "Startup Cost": 251667.35, "Total Cost": 251667.36, "Plan Rows": 1, "Plan Width": 8, "Actual Rows": 1, "Actual Loops": 1, "Plans": [{"Node Type": "Merge Join", "Parent Relationship": "Outer", "Parallel Aware": false, "Async Capable": false, "Join Type": "Inner", "Startup Cost": 2456.59, "Total Cost": 251666.68, "Plan Rows": 56.0, "Plan Width": 0, "Actual Rows": 114146, "Actual Loops": 1, "Inner Unique": false, "Merge Cond": "(p.id = c.postid)", "Plans": [{"Node Type": "Sort", "Parent Relationship": "Outer", "Parallel Aware": false, "Async Capable": false, "Startup Cost": 2455.45, "Total Cost": 2455.45, "Plan Rows": 1.0, "Plan Width": 12, "Actual Rows": 602, "Actual Loops": 1, "Sort Key": ["p.id"], "Sort Method": "quicksort", "Sort Space Used": 48, "Sort Space Type": "Memory", "Plans": [{"Node Type": "Nested Loop", "Parent Relationship": "Outer", "Parallel Aware": false, "Async Capable": false, "Join Type": "Inner", "Startup Cost": 0.71, "Total Cost": 2455.44, "Plan Rows": 1.0, "Plan Width": 12, "Actual Rows": 602, "Actual Loops": 1, "Inner Unique": false, "Join Filter": "(p.id = ph.postid)", "Rows Removed by Join Filter": 0, "Plans": [{"Node Type": "Nested Loop", "Parent Relationship": "Outer", "Parallel Aware": false, "Async Capable": false, "Join Type": "Inner", "Startup Cost": 0.29, "Total Cost": 2453.92, "Plan Rows": 2.0, "Plan Width": 8, "Actual Rows": 527, "Actual Loops": 1, "Inner Unique": false, "Plans": [{"Node Type": "Seq Scan", "Parent Relationship": "Outer", "Parallel Aware": false, "Async Capable": false, "Relation Name": "posts", "Alias": "p", "Startup Cost": 0.0, "Total Cost": 2449.58, "Plan Rows": 1, "Plan Width": 4, "Actual Rows": 40, "Actual Loops": 1, "Filter": "((score >= 23) AND (viewcount >= 22043) AND (commentcount <= 7))", "Rows Removed by Filter": 91936}, {"Node Type": "Index Only Scan", "Parent Relationship": "Inner", "Parallel Aware": false, "Async Capable": false, "Scan Direction": "Forward", "Index Name": "idx_postlinks_relatedpostid", "Relation Name": "postlinks", "Alias": "pl", "Startup Cost": 0.29, "Total Cost": 4.32, "Plan Rows": 2, "Plan Width": 4, "Actual Rows": 13, "Actual Loops": 40, "Index Cond": "(relatedpostid = p.id)", "Rows Removed by Index Recheck": 0, "Heap Fetches": 0}]}, {"Node Type": "Index Scan", "Parent Relationship": "Inner", "Parallel Aware": false, "Async Capable": false, "Scan Direction": "Forward", "Index Name": "idx_posthistory_postid", "Relation Name": "posthistory", "Alias": "ph", "Startup Cost": 0.42, "Total Cost": 1.5, "Plan Rows": 1, "Plan Width": 4, "Actual Rows": 1, "Actual Loops": 527, "Index Cond": "(postid = pl.relatedpostid)", "Rows Removed by Index Recheck": 0, "Filter": "((creationdate >= '2011-05-17 07:21:37'::timestamp without time zone) AND (creationdate <= '2012-01-04 06:09:01'::timestamp without time zone))", "Rows Removed by Filter": 7}]}]}, {"Node Type": "Materialize", "Parent Relationship": "Inner", "Parallel Aware": false, "Async Capable": false, "Startup Cost": 1.15, "Total Cost": 150688.19, "Plan Rows": 90459.0, "Plan Width": 8, "Actual Rows": 2014168, "Actual Loops": 1, "Plans": [{"Node Type": "Nested Loop", "Parent Relationship": "Outer", "Parallel Aware": false, "Async Capable": false, "Join Type": "Inner", "Startup Cost": 1.15, "Total Cost": 52169.44, "Plan Rows": 90459.0, "Plan Width": 8, "Actual Rows": 1910439, "Actual Loops": 1, "Inner Unique": false, "Plans": [{"Node Type": "Merge Join", "Parent Relationship": "Outer", "Parallel Aware": false, "Async Capable": false, "Join Type": "Inner", "Startup Cost": 0.84, "Total Cost": 25536.03, "Plan Rows": 3433.0, "Plan Width": 12, "Actual Rows": 23313, "Actual Loops": 1, "Inner Unique": false, "Merge Cond": "(c.postid = v.postid)", "Plans": [{"Node Type": "Index Scan", "Parent Relationship": "Outer", "Parallel Aware": false, "Async Capable": false, "Scan Direction": "Forward", "Index Name": "idx_comments_postid", "Relation Name": "comments", "Alias": "c", "Startup Cost": 0.42, "Total Cost": 5857.0, "Plan Rows": 104988, "Plan Width": 8, "Actual Rows": 1520, "Actual Loops": 1, "Filter": "(creationdate >= '2012-11-08 09:16:18'::timestamp without time zone)", "Rows Removed by Filter": 33872}, {"Node Type": "Materialize", "Parent Relationship": "Inner", "Parallel Aware": false, "Async Capable": false, "Startup Cost": 0.42, "Total Cost": 13449.83, "Plan Rows": 262165, "Plan Width": 4, "Actual Rows": 108262, "Actual Loops": 1, "Plans": [{"Node Type": "Index Scan", "Parent Relationship": "Outer", "Parallel Aware": false, "Async Capable": false, "Scan Direction": "Forward", "Index Name": "idx_votes_postid", "Relation Name": "votes", "Alias": "v", "Startup Cost": 0.42, "Total Cost": 12794.42, "Plan Rows": 262165, "Plan Width": 4, "Actual Rows": 98463, "Actual Loops": 1, "Filter": "(votetypeid = 2)", "Rows Removed by Filter": 22739}]}]}, {"Node Type": "Memoize", "Parent Relationship": "Inner", "Parallel Aware": false, "Async Capable": false, "Startup Cost": 0.3, "Total Cost": 0.36, "Plan Rows": 3, "Plan Width": 4, "Actual Rows": 82, "Actual Loops": 23313, "Cache Key": "c.userid", "Cache Mode": "logical", "Cache Hits": 22776, "Cache Misses": 537, "Cache Evictions": 0, "Cache Overflows": 0, "Peak Memory Usage": 448, "Plans": [{"Node Type": "Index Only Scan", "Parent Relationship": "Outer", "Parallel Aware": false, "Async Capable": false, "Scan Direction": "Forward", "Index Name": "idx_badges_userid", "Relation Name": "badges", "Alias": "b", "Startup Cost": 0.29, "Total Cost": 0.35, "Plan Rows": 3, "Plan Width": 4, "Actual Rows": 22, "Actual Loops": 537, "Index Cond": "(userid = c.userid)", "Rows Removed by Index Recheck": 0, "Heap Fetches": 0}]}]}]}]}]}, "Planning Time": 6.631, "Triggers": [], "Execution Time": 528.884}, {"Plan": {"Node Type": "Aggregate", "Strategy": "Plain", "Partial Mode": "Finalize", "Parallel Aware": false, "Async Capable": false, "Startup Cost": 29848.26, "Total Cost": 29848.27, "Plan Rows": 1, "Plan Width": 8, "Actual Rows": 1, "Actual Loops": 1, "Plans": [{"Node Type": "Gather", "Parent Relationship": "Outer", "Parallel Aware": false, "Async Capable": false, "Startup Cost": 29848.15, "Total Cost": 29848.26, "Plan Rows": 1, "Plan Width": 8, "Actual Rows": 2, "Actual Loops": 1, "Workers Planned": 1, "Workers Launched": 1, "Single Copy": false, "Plans": [{"Node Type": "Aggregate", "Strategy": "Plain", "Partial Mode": "Partial", "Parent Relationship": "Outer", "Parallel Aware": false, "Async Capable": false, "Startup Cost": 28848.15, "Total Cost": 28848.16, "Plan Rows": 1, "Plan Width": 8, "Actual Rows": 1, "Actual Loops": 2, "Workers": [], "Plans": [{"Node Type": "Merge Join", "Parent Relationship": "Outer", "Parallel Aware": false, "Async Capable": false, "Join Type": "Inner", "Startup Cost": 2457.13, "Total Cost": 28847.75, "Plan Rows": 56.0, "Plan Width": 0, "Actual Rows": 57073, "Actual Loops": 2, "Inner Unique": false, "Merge Cond": "(c.postid = p.id)", "Workers": [], "Plans": [{"Node Type": "Nested Loop", "Parent Relationship": "Outer", "Parallel Aware": false, "Async Capable": false, "Join Type": "Inner", "Startup Cost": 0.72, "Total Cost": 12607.08, "Plan Rows": 55832.0, "Plan Width": 4, "Actual Rows": 64214, "Actual Loops": 2, "Inner Unique": false, "Workers": [], "Plans": [{"Node Type": "Index Scan", "Parent Relationship": "Outer", "Parallel Aware": true, "Async Capable": false, "Scan Direction": "Forward", "Index Name": "idx_comments_postid", "Relation Name": "comments", "Alias": "c", "Startup Cost": 0.42, "Total Cost": 4959.84, "Plan Rows": 61758, "Plan Width": 8, "Actual Rows": 760, "Actual Loops": 2, "Filter": "(creationdate >= '2012-11-08 09:16:18'::timestamp without time zone)", "Rows Removed by Filter": 16952, "Workers": []}, {"Node Type": "Memoize", "Parent Relationship": "Inner", "Parallel Aware": false, "Async Capable": false, "Startup Cost": 0.3, "Total Cost": 0.36, "Plan Rows": 3, "Plan Width": 4, "Actual Rows": 84, "Actual Loops": 1521, "Cache Key": "c.userid", "Cache Mode": "logical", "Cache Hits": 683, "Cache Misses": 413, "Cache Evictions": 0, "Cache Overflows": 0, "Peak Memory Usage": 385, "Workers": [{"Worker Number": 0, "Cache Hits": 198, "Cache Misses": 227, "Cache Evictions": 0, "Cache Overflows": 0, "Peak Memory Usage": 263}], "Plans": [{"Node Type": "Index Only Scan", "Parent Relationship": "Outer", "Parallel Aware": false, "Async Capable": false, "Scan Direction": "Forward", "Index Name": "idx_badges_userid", "Relation Name": "badges", "Alias": "b", "Startup Cost": 0.29, "Total Cost": 0.35, "Plan Rows": 3, "Plan Width": 4, "Actual Rows": 27, "Actual Loops": 640, "Index Cond": "(userid = c.userid)", "Rows Removed by Index Recheck": 0, "Heap Fetches": 0, "Workers": []}]}]}, {"Node Type": "Sort", "Parent Relationship": "Inner", "Parallel Aware": false, "Async Capable": false, "Startup Cost": 2456.4, "Total Cost": 2456.41, "Plan Rows": 1.0, "Plan Width": 16, "Actual Rows": 101991, "Actual Loops": 2, "Sort Key": ["p.id"], "Sort Method": "quicksort", "Sort Space Used": 3334, "Sort Space Type": "Memory", "Workers": [{"Worker Number": 0, "Sort Method": "quicksort", "Sort Space Used": 3334, "Sort Space Type": "Memory"}], "Plans": [{"Node Type": "Nested Loop", "Parent Relationship": "Outer", "Parallel Aware": false, "Async Capable": false, "Join Type": "Inner", "Startup Cost": 1.13, "Total Cost": 2456.38, "Plan Rows": 1.0, "Plan Width": 16, "Actual Rows": 46023, "Actual Loops": 2, "Inner Unique": false, "Join Filter": "(p.id = v.postid)", "Rows Removed by Join Filter": 0, "Workers": [], "Plans": [{"Node Type": "Nested Loop", "Parent Relationship": "Outer", "Parallel Aware": false, "Async Capable": false, "Join Type": "Inner", "Startup Cost": 0.71, "Total Cost": 2455.44, "Plan Rows": 1.0, "Plan Width": 12, "Actual Rows": 602, "Actual Loops": 2, "Inner Unique": false, "Join Filter": "(p.id = ph.postid)", "Rows Removed by Join Filter": 0, "Workers": [], "Plans": [{"Node Type": "Nested Loop", "Parent Relationship": "Outer", "Parallel Aware": false, "Async Capable": false, "Join Type": "Inner", "Startup Cost": 0.29, "Total Cost": 2453.92, "Plan Rows": 2.0, "Plan Width": 8, "Actual Rows": 527, "Actual Loops": 2, "Inner Unique": false, "Workers": [], "Plans": [{"Node Type": "Seq Scan", "Parent Relationship": "Outer", "Parallel Aware": false, "Async Capable": false, "Relation Name": "posts", "Alias": "p", "Startup Cost": 0.0, "Total Cost": 2449.58, "Plan Rows": 1, "Plan Width": 4, "Actual Rows": 40, "Actual Loops": 2, "Filter": "((score >= 23) AND (viewcount >= 22043) AND (commentcount <= 7))", "Rows Removed by Filter": 91936, "Workers": []}, {"Node Type": "Index Only Scan", "Parent Relationship": "Inner", "Parallel Aware": false, "Async Capable": false, "Scan Direction": "Forward", "Index Name": "idx_postlinks_relatedpostid", "Relation Name": "postlinks", "Alias": "pl", "Startup Cost": 0.29, "Total Cost": 4.32, "Plan Rows": 2, "Plan Width": 4, "Actual Rows": 13, "Actual Loops": 80, "Index Cond": "(relatedpostid = p.id)", "Rows Removed by Index Recheck": 0, "Heap Fetches": 0, "Workers": []}]}, {"Node Type": "Index Scan", "Parent Relationship": "Inner", "Parallel Aware": false, "Async Capable": false, "Scan Direction": "Forward", "Index Name": "idx_posthistory_postid", "Relation Name": "posthistory", "Alias": "ph", "Startup Cost": 0.42, "Total Cost": 1.5, "Plan Rows": 1, "Plan Width": 4, "Actual Rows": 1, "Actual Loops": 1054, "Index Cond": "(postid = pl.relatedpostid)", "Rows Removed by Index Recheck": 0, "Filter": "((creationdate >= '2011-05-17 07:21:37'::timestamp without time zone) AND (creationdate <= '2012-01-04 06:09:01'::timestamp without time zone))", "Rows Removed by Filter": 7, "Workers": []}]}, {"Node Type": "Index Scan", "Parent Relationship": "Inner", "Parallel Aware": false, "Async Capable": false, "Scan Direction": "Forward", "Index Name": "idx_votes_postid", "Relation Name": "votes", "Alias": "v", "Startup Cost": 0.42, "Total Cost": 0.89, "Plan Rows": 4, "Plan Width": 4, "Actual Rows": 76, "Actual Loops": 1204, "Index Cond": "(postid = ph.postid)", "Rows Removed by Index Recheck": 0, "Filter": "(votetypeid = 2)", "Rows Removed by Filter": 97, "Workers": []}]}]}]}]}]}]}, "Planning Time": 12.127, "Triggers": [], "Execution Time": 102.66}, {"Plan": {"Node Type": "Aggregate", "Strategy": "Plain", "Partial Mode": "Simple", "Parallel Aware": false, "Async Capable": false, "Startup Cost": 10521.55, "Total Cost": 10521.56, "Plan Rows": 1, "Plan Width": 8, "Actual Rows": 1, "Actual Loops": 1, "Plans": [{"Node Type": "Hash Join", "Parent Relationship": "Outer", "Parallel Aware": false, "Async Capable": false, "Join Type": "Inner", "Startup Cost": 8048.07, "Total Cost": 10520.88, "Plan Rows": 56.0, "Plan Width": 0, "Actual Rows": 114146, "Actual Loops": 1, "Inner Unique": false, "Hash Cond": "(p.id = pl.relatedpostid)", "Plans": [{"Node Type": "Nested Loop", "Parent Relationship": "Outer", "Parallel Aware": false, "Async Capable": false, "Join Type": "Inner", "Startup Cost": 1.14, "Total Cost": 2460.42, "Plan Rows": 140.0, "Plan Width": 12, "Actual Rows": 108496, "Actual Loops": 1, "Inner Unique": false, "Plans": [{"Node Type": "Nested Loop", "Parent Relationship": "Outer", "Parallel Aware": false, "Async Capable": false, "Join Type": "Inner", "Startup Cost": 0.84, "Total Cost": 2459.28, "Plan Rows": 5.0, "Plan Width": 16, "Actual Rows": 1407, "Actual Loops": 1, "Inner Unique": false, "Join Filter": "(p.id = v.postid)", "Rows Removed by Join Filter": 0, "Plans": [{"Node Type": "Nested Loop", "Parent Relationship": "Outer", "Parallel Aware": false, "Async Capable": false, "Join Type": "Inner", "Startup Cost": 0.42, "Total Cost": 2458.6, "Plan Rows": 3.0, "Plan Width": 12, "Actual Rows": 22, "Actual Loops": 1, "Inner Unique": false, "Plans": [{"Node Type": "Seq Scan", "Parent Relationship": "Outer", "Parallel Aware": false, "Async Capable": false, "Relation Name": "posts", "Alias": "p", "Startup Cost": 0.0, "Total Cost": 2449.58, "Plan Rows": 1, "Plan Width": 4, "Actual Rows": 40, "Actual Loops": 1, "Filter": "((score >= 23) AND (viewcount >= 22043) AND (commentcount <= 7))", "Rows Removed by Filter": 91936}, {"Node Type": "Index Scan", "Parent Relationship": "Inner", "Parallel Aware": false, "Async Capable": false, "Scan Direction": "Forward", "Index Name": "idx_comments_postid", "Relation Name": "comments", "Alias": "c", "Startup Cost": 0.42, "Total Cost": 9.0, "Plan Rows": 2, "Plan Width": 8, "Actual Rows": 1, "Actual Loops": 40, "Index Cond": "(postid = p.id)", "Rows Removed by Index Recheck": 0, "Filter": "(creationdate >= '2012-11-08 09:16:18'::timestamp without time zone)", "Rows Removed by Filter": 2}]}, {"Node Type": "Index Scan", "Parent Relationship": "Inner", "Parallel Aware": false, "Async Capable": false, "Scan Direction": "Forward", "Index Name": "idx_votes_postid", "Relation Name": "votes", "Alias": "v", "Startup Cost": 0.42, "Total Cost": 0.62, "Plan Rows": 4, "Plan Width": 4, "Actual Rows": 64, "Actual Loops": 22, "Index Cond": "(postid = c.postid)", "Rows Removed by Index Recheck": 0, "Filter": "(votetypeid = 2)", "Rows Removed by Filter": 54}]}, {"Node Type": "Index Only Scan", "Parent Relationship": "Inner", "Parallel Aware": false, "Async Capable": false, "Scan Direction": "Forward", "Index Name": "idx_badges_userid", "Relation Name": "badges", "Alias": "b", "Startup Cost": 0.29, "Total Cost": 0.35, "Plan Rows": 3, "Plan Width": 4, "Actual Rows": 77, "Actual Loops": 1407, "Index Cond": "(userid = c.userid)", "Rows Removed by Index Recheck": 0, "Heap Fetches": 0}]}, {"Node Type": "Hash", "Parent Relationship": "Inner", "Parallel Aware": false, "Async Capable": false, "Startup Cost": 7991.98, "Total Cost": 7991.98, "Plan Rows": 377.0, "Plan Width": 8, "Actual Rows": 12251, "Actual Loops": 1, "Hash Buckets": 16384, "Original Hash Buckets": 8192, "Hash Batches": 1, "Original Hash Batches": 1, "Peak Memory Usage": 607, "Plans": [{"Node Type": "Hash Join", "Parent Relationship": "Outer", "Parallel Aware": false, "Async Capable": false, "Join Type": "Inner", "Startup Cost": 7144.39, "Total Cost": 7991.98, "Plan Rows": 377.0, "Plan Width": 8, "Actual Rows": 12251, "Actual Loops": 1, "Inner Unique": false, "Hash Cond": "(pl.relatedpostid = ph.postid)", "Plans": [{"Node Type": "Seq Scan", "Parent Relationship": "Outer", "Parallel Aware": false, "Async Capable": false, "Relation Name": "postlinks", "Alias": "pl", "Startup Cost": 0.0, "Total Cost": 193.02, "Plan Rows": 11102, "Plan Width": 4, "Actual Rows": 11102, "Actual Loops": 1}, {"Node Type": "Hash", "Parent Relationship": "Inner", "Parallel Aware": false, "Async Capable": false, "Startup Cost": 6787.8, "Total Cost": 6787.8, "Plan Rows": 28527, "Plan Width": 4, "Actual Rows": 28162, "Actual Loops": 1, "Hash Buckets": 32768, "Original Hash Buckets": 32768, "Hash Batches": 1, "Original Hash Batches": 1, "Peak Memory Usage": 1247, "Plans": [{"Node Type": "Seq Scan", "Parent Relationship": "Outer", "Parallel Aware": false, "Async Capable": false, "Relation Name": "posthistory", "Alias": "ph", "Startup Cost": 0.0, "Total Cost": 6787.8, "Plan Rows": 28527, "Plan Width": 4, "Actual Rows": 28162, "Actual Loops": 1, "Filter": "((creationdate >= '2011-05-17 07:21:37'::timestamp without time zone) AND (creationdate <= '2012-01-04 06:09:01'::timestamp without time zone))", "Rows Removed by Filter": 275025}]}]}]}]}]}, "Planning Time": 6.684, "Triggers": [], "Execution Time": 101.777}, {"Plan": {"Node Type": "Aggregate", "Strategy": "Plain", "Partial Mode": "Simple", "Parallel Aware": false, "Async Capable": false, "Startup Cost": 2764.75, "Total Cost": 2764.76, "Plan Rows": 1, "Plan Width": 8, "Actual Rows": 1, "Actual Loops": 1, "Plans": [{"Node Type": "Merge Join", "Parent Relationship": "Outer", "Parallel Aware": false, "Async Capable": false, "Join Type": "Inner", "Startup Cost": 2472.14, "Total Cost": 2764.08, "Plan Rows": 56.0, "Plan Width": 0, "Actual Rows": 114146, "Actual Loops": 1, "Inner Unique": false, "Merge Cond": "(pl.relatedpostid = p.id)", "Plans": [{"Node Type": "Index Only Scan", "Parent Relationship": "Outer", "Parallel Aware": false, "Async Capable": false, "Scan Direction": "Forward", "Index Name": "idx_postlinks_relatedpostid", "Relation Name": "postlinks", "Alias": "pl", "Startup Cost": 0.29, "Total Cost": 262.81, "Plan Rows": 11102, "Plan Width": 4, "Actual Rows": 1956, "Actual Loops": 1, "Heap Fetches": 0}, {"Node Type": "Sort", "Parent Relationship": "Inner", "Parallel Aware": false, "Async Capable": false, "Startup Cost": 2471.85, "Total Cost": 2472.52, "Plan Rows": 39.0, "Plan Width": 16, "Actual Rows": 114146, "Actual Loops": 1, "Sort Key": ["c.postid"], "Sort Method": "quicksort", "Sort Space Used": 793, "Sort Space Type": "Memory", "Plans": [{"Node Type": "Nested Loop", "Parent Relationship": "Outer", "Parallel Aware": false, "Async Capable": false, "Join Type": "Inner", "Startup Cost": 1.56, "Total Cost": 2461.05, "Plan Rows": 39.0, "Plan Width": 16, "Actual Rows": 10466, "Actual Loops": 1, "Inner Unique": false, "Plans": [{"Node Type": "Nested Loop", "Parent Relationship": "Outer", "Parallel Aware": false, "Async Capable": false, "Join Type": "Inner", "Startup Cost": 1.27, "Total Cost": 2459.91, "Plan Rows": 2.0, "Plan Width": 20, "Actual Rows": 725, "Actual Loops": 1, "Inner Unique": false, "Join Filter": "(p.id = v.postid)", "Rows Removed by Join Filter": 0, "Plans": [{"Node Type": "Nested Loop", "Parent Relationship": "Outer", "Parallel Aware": false, "Async Capable": false, "Join Type": "Inner", "Startup Cost": 0.84, "Total Cost": 2459.23, "Plan Rows": 1.0, "Plan Width": 16, "Actual Rows": 8, "Actual Loops": 1, "Inner Unique": false, "Join Filter": "(p.id = ph.postid)", "Rows Removed by Join Filter": 0, "Plans": [{"Node Type": "Nested Loop", "Parent Relationship": "Outer", "Parallel Aware": false, "Async Capable": false, "Join Type": "Inner", "Startup Cost": 0.42, "Total Cost": 2458.6, "Plan Rows": 3.0, "Plan Width": 12, "Actual Rows": 22, "Actual Loops": 1, "Inner Unique": false, "Plans": [{"Node Type": "Seq Scan", "Parent Relationship": "Outer", "Parallel Aware": false, "Async Capable": false, "Relation Name": "posts", "Alias": "p", "Startup Cost": 0.0, "Total Cost": 2449.58, "Plan Rows": 1, "Plan Width": 4, "Actual Rows": 40, "Actual Loops": 1, "Filter": "((score >= 23) AND (viewcount >= 22043) AND (commentcount <= 7))", "Rows Removed by Filter": 91936}, {"Node Type": "Index Scan", "Parent Relationship": "Inner", "Parallel Aware": false, "Async Capable": false, "Scan Direction": "Forward", "Index Name": "idx_comments_postid", "Relation Name": "comments", "Alias": "c", "Startup Cost": 0.42, "Total Cost": 9.0, "Plan Rows": 2, "Plan Width": 8, "Actual Rows": 1, "Actual Loops": 40, "Index Cond": "(postid = p.id)", "Rows Removed by Index Recheck": 0, "Filter": "(creationdate >= '2012-11-08 09:16:18'::timestamp without time zone)", "Rows Removed by Filter": 2}]}, {"Node Type": "Index Scan", "Parent Relationship": "Inner", "Parallel Aware": false, "Async Capable": false, "Scan Direction": "Forward", "Index Name": "idx_posthistory_postid", "Relation Name": "posthistory", "Alias": "ph", "Startup Cost": 0.42, "Total Cost": 0.62, "Plan Rows": 1, "Plan Width": 4, "Actual Rows": 0, "Actual Loops": 22, "Index Cond": "(postid = c.postid)", "Rows Removed by Index Recheck": 0, "Filter": "((creationdate >= '2011-05-17 07:21:37'::timestamp without time zone) AND (creationdate <= '2012-01-04 06:09:01'::timestamp without time zone))", "Rows Removed by Filter": 7}]}, {"Node Type": "Index Scan", "Parent Relationship": "Inner", "Parallel Aware": false, "Async Capable": false, "Scan Direction": "Forward", "Index Name": "idx_votes_postid", "Relation Name": "votes", "Alias": "v", "Startup Cost": 0.42, "Total Cost": 0.62, "Plan Rows": 4, "Plan Width": 4, "Actual Rows": 91, "Actual Loops": 8, "Index Cond": "(postid = c.postid)", "Rows Removed by Index Recheck": 0, "Filter": "(votetypeid = 2)", "Rows Removed by Filter": 104}]}, {"Node Type": "Index Only Scan", "Parent Relationship": "Inner", "Parallel Aware": false, "Async Capable": false, "Scan Direction": "Forward", "Index Name": "idx_badges_userid", "Relation Name": "badges", "Alias": "b", "Startup Cost": 0.29, "Total Cost": 0.35, "Plan Rows": 3, "Plan Width": 4, "Actual Rows": 14, "Actual Loops": 725, "Index Cond": "(userid = c.userid)", "Rows Removed by Index Recheck": 0, "Heap Fetches": 0}]}]}]}]}, "Planning Time": 5.649, "Triggers": [], "Execution Time": 20.262}, {"Plan": {"Node Type": "Aggregate", "Strategy": "Plain", "Partial Mode": "Simple", "Parallel Aware": false, "Async Capable": false, "Startup Cost": 2493.57, "Total Cost": 2493.58, "Plan Rows": 1, "Plan Width": 8, "Actual Rows": 1, "Actual Loops": 1, "Plans": [{"Node Type": "Nested Loop", "Parent Relationship": "Outer", "Parallel Aware": false, "Async Capable": false, "Join Type": "Inner", "Startup Cost": 1.85, "Total Cost": 2492.9, "Plan Rows": 56.0, "Plan Width": 0, "Actual Rows": 114146, "Actual Loops": 1, "Inner Unique": false, "Plans": [{"Node Type": "Nested Loop", "Parent Relationship": "Outer", "Parallel Aware": false, "Async Capable": false, "Join Type": "Inner", "Startup Cost": 1.42, "Total Cost": 2456.03, "Plan Rows": 29.0, "Plan Width": 16, "Actual Rows": 596, "Actual Loops": 1, "Inner Unique": false, "Plans": [{"Node Type": "Nested Loop", "Parent Relationship": "Outer", "Parallel Aware": false, "Async Capable": false, "Join Type": "Inner", "Startup Cost": 1.13, "Total Cost": 2455.65, "Plan Rows": 2.0, "Plan Width": 20, "Actual Rows": 308, "Actual Loops": 1, "Inner Unique": false, "Join Filter": "(p.id = ph.postid)", "Rows Removed by Join Filter": 0, "Plans": [{"Node Type": "Nested Loop", "Parent Relationship": "Outer", "Parallel Aware": false, "Async Capable": false, "Join Type": "Inner", "Startup Cost": 0.71, "Total Cost": 2455.02, "Plan Rows": 4.0, "Plan Width": 16, "Actual Rows": 483, "Actual Loops": 1, "Inner Unique": false, "Join Filter": "(c.postid = p.id)", "Rows Removed by Join Filter": 0, "Plans": [{"Node Type": "Nested Loop", "Parent Relationship": "Outer", "Parallel Aware": false, "Async Capable": false, "Join Type": "Inner", "Startup Cost": 0.29, "Total Cost": 2453.92, "Plan Rows": 2.0, "Plan Width": 8, "Actual Rows": 527, "Actual Loops": 1, "Inner Unique": false, "Plans": [{"Node Type": "Seq Scan", "Parent Relationship": "Outer", "Parallel Aware": false, "Async Capable": false, "Relation Name": "posts", "Alias": "p", "Startup Cost": 0.0, "Total Cost": 2449.58, "Plan Rows": 1, "Plan Width": 4, "Actual Rows": 40, "Actual Loops": 1, "Filter": "((score >= 23) AND (viewcount >= 22043) AND (commentcount <= 7))", "Rows Removed by Filter": 91936}, {"Node Type": "Index Only Scan", "Parent Relationship": "Inner", "Parallel Aware": false, "Async Capable": false, "Scan Direction": "Forward", "Index Name": "idx_postlinks_relatedpostid", "Relation Name": "postlinks", "Alias": "pl", "Startup Cost": 0.29, "Total Cost": 4.32, "Plan Rows": 2, "Plan Width": 4, "Actual Rows": 13, "Actual Loops": 40, "Index Cond": "(relatedpostid = p.id)", "Rows Removed by Index Recheck": 0, "Heap Fetches": 0}]}, {"Node Type": "Index Scan", "Parent Relationship": "Inner", "Parallel Aware": false, "Async Capable": false, "Scan Direction": "Forward", "Index Name": "idx_comments_postid", "Relation Name": "comments", "Alias": "c", "Startup Cost": 0.42, "Total Cost": 1.07, "Plan Rows": 2, "Plan Width": 8, "Actual Rows": 1, "Actual Loops": 527, "Index Cond": "(postid = pl.relatedpostid)", "Rows Removed by Index Recheck": 0, "Filter": "(creationdate >= '2012-11-08 09:16:18'::timestamp without time zone)", "Rows Removed by Filter": 2}]}, {"Node Type": "Index Scan", "Parent Relationship": "Inner", "Parallel Aware": false, "Async Capable": false, "Scan Direction": "Forward", "Index Name": "idx_posthistory_postid", "Relation Name": "posthistory", "Alias": "ph", "Startup Cost": 0.42, "Total Cost": 0.62, "Plan Rows": 1, "Plan Width": 4, "Actual Rows": 1, "Actual Loops": 483, "Index Cond": "(postid = c.postid)", "Rows Removed by Index Recheck": 0, "Filter": "((creationdate >= '2011-05-17 07:21:37'::timestamp without time zone) AND (creationdate <= '2012-01-04 06:09:01'::timestamp without time zone))", "Rows Removed by Filter": 7}]}, {"Node Type": "Index Only Scan", "Parent Relationship": "Inner", "Parallel Aware": false, "Async Capable": false, "Scan Direction": "Forward", "Index Name": "idx_badges_userid", "Relation Name": "badges", "Alias": "b", "Startup Cost": 0.29, "Total Cost": 0.35, "Plan Rows": 3, "Plan Width": 4, "Actual Rows": 2, "Actual Loops": 308, "Index Cond": "(userid = c.userid)", "Rows Removed by Index Recheck": 0, "Heap Fetches": 0}]}, {"Node Type": "Memoize", "Parent Relationship": "Inner", "Parallel Aware": false, "Async Capable": false, "Startup Cost": 0.43, "Total Cost": 15.76, "Plan Rows": 4, "Plan Width": 4, "Actual Rows": 192, "Actual Loops": 596, "Cache Key": "p.id", "Cache Mode": "logical", "Cache Hits": 594, "Cache Misses": 2, "Cache Evictions": 0, "Cache Overflows": 0, "Peak Memory Usage": 9, "Plans": [{"Node Type": "Index Scan", "Parent Relationship": "Outer", "Parallel Aware": false, "Async Capable": false, "Scan Direction": "Forward", "Index Name": "idx_votes_postid", "Relation Name": "votes", "Alias": "v", "Startup Cost": 0.42, "Total Cost": 15.75, "Plan Rows": 4, "Plan Width": 4, "Actual Rows": 120, "Actual Loops": 2, "Index Cond": "(postid = p.id)", "Rows Removed by Index Recheck": 0, "Filter": "(votetypeid = 2)", "Rows Removed by Filter": 128}]}]}]}, "Planning Time": 5.146, "Triggers": [], "Execution Time": 14.764}, {"Plan": {"Node Type": "Aggregate", "Strategy": "Plain", "Partial Mode": "Finalize", "Parallel Aware": false, "Async Capable": false, "Startup Cost": 23438.44, "Total Cost": 23438.45, "Plan Rows": 1, "Plan Width": 8, "Actual Rows": 1, "Actual Loops": 1, "Plans": [{"Node Type": "Gather", "Parent Relationship": "Outer", "Parallel Aware": false, "Async Capable": false, "Startup Cost": 23438.32, "Total Cost": 23438.43, "Plan Rows": 1, "Plan Width": 8, "Actual Rows": 2, "Actual Loops": 1, "Workers Planned": 1, "Workers Launched": 1, "Single Copy": false, "Plans": [{"Node Type": "Aggregate", "Strategy": "Plain", "Partial Mode": "Partial", "Parent Relationship": "Outer", "Parallel Aware": false, "Async Capable": false, "Startup Cost": 22438.32, "Total Cost": 22438.33, "Plan Rows": 1, "Plan Width": 8, "Actual Rows": 1, "Actual Loops": 2, "Workers": [], "Plans": [{"Node Type": "Merge Join", "Parent Relationship": "Outer", "Parallel Aware": false, "Async Capable": false, "Join Type": "Inner", "Startup Cost": 22154.31, "Total Cost": 22437.93, "Plan Rows": 56.0, "Plan Width": 0, "Actual Rows": 57073, "Actual Loops": 2, "Inner Unique": false, "Merge Cond": "(ph.postid = p.id)", "Workers": [], "Plans": [{"Node Type": "Sort", "Parent Relationship": "Outer", "Parallel Aware": false, "Async Capable": false, "Startup Cost": 19696.04, "Total Cost": 19837.35, "Plan Rows": 462.0, "Plan Width": 8, "Actual Rows": 62978, "Actual Loops": 2, "Sort Key": ["ph.postid"], "Sort Method": "quicksort", "Sort Space Used": 3390, "Sort Space Type": "Memory", "Workers": [{"Worker Number": 0, "Sort Method": "quicksort", "Sort Space Used": 5155, "Sort Space Type": "Memory"}], "Plans": [{"Node Type": "Hash Join", "Parent Relationship": "Outer", "Parallel Aware": true, "Async Capable": false, "Join Type": "Inner", "Startup Cost": 5124.94, "Total Cost": 15234.43, "Plan Rows": 462.0, "Plan Width": 8, "Actual Rows": 62978, "Actual Loops": 2, "Inner Unique": false, "Hash Cond": "(v.postid = ph.postid)", "Workers": [], "Plans": [{"Node Type": "Seq Scan", "Parent Relationship": "Outer", "Parallel Aware": true, "Async Capable": false, "Relation Name": "votes", "Alias": "v", "Startup Cost": 0.0, "Total Cost": 4572.24, "Plan Rows": 154215, "Plan Width": 4, "Actual Rows": 131058, "Actual Loops": 2, "Filter": "(votetypeid = 2)", "Rows Removed by Filter": 32974, "Workers": []}, {"Node Type": "Hash", "Parent Relationship": "Inner", "Parallel Aware": true, "Async Capable": false, "Startup Cost": 4915.18, "Total Cost": 4915.18, "Plan Rows": 16781, "Plan Width": 4, "Actual Rows": 14081, "Actual Loops": 2, "Hash Buckets": 32768, "Original Hash Buckets": 32768, "Hash Batches": 1, "Original Hash Batches": 1, "Peak Memory Usage": 1376, "Workers": [], "Plans": [{"Node Type": "Seq Scan", "Parent Relationship": "Outer", "Parallel Aware": true, "Async Capable": false, "Relation Name": "posthistory", "Alias": "ph", "Startup Cost": 0.0, "Total Cost": 4915.18, "Plan Rows": 16781, "Plan Width": 4, "Actual Rows": 14081, "Actual Loops": 2, "Filter": "((creationdate >= '2011-05-17 07:21:37'::timestamp without time zone) AND (creationdate <= '2012-01-04 06:09:01'::timestamp without time zone))", "Rows Removed by Filter": 137512, "Workers": []}]}]}]}, {"Node Type": "Sort", "Parent Relationship": "Inner", "Parallel Aware": false, "Async Capable": false, "Startup Cost": 2458.28, "Total Cost": 2458.5, "Plan Rows": 105.0, "Plan Width": 12, "Actual Rows": 88315, "Actual Loops": 2, "Sort Key": ["c.postid"], "Sort Method": "quicksort", "Sort Space Used": 3093, "Sort Space Type": "Memory", "Workers": [{"Worker Number": 0, "Sort Method": "quicksort", "Sort Space Used": 3093, "Sort Space Type": "Memory"}], "Plans": [{"Node Type": "Nested Loop", "Parent Relationship": "Outer", "Parallel Aware": false, "Async Capable": false, "Join Type": "Inner", "Startup Cost": 1.0, "Total Cost": 2455.4, "Plan Rows": 105.0, "Plan Width": 12, "Actual Rows": 39834, "Actual Loops": 2, "Inner Unique": false, "Workers": [], "Plans": [{"Node Type": "Nested Loop", "Parent Relationship": "Outer", "Parallel Aware": false, "Async Capable": false, "Join Type": "Inner", "Startup Cost": 0.71, "Total Cost": 2455.02, "Plan Rows": 4.0, "Plan Width": 16, "Actual Rows": 483, "Actual Loops": 2, "Inner Unique": false, "Join Filter": "(c.postid = p.id)", "Rows Removed by Join Filter": 0, "Workers": [], "Plans": [{"Node Type": "Nested Loop", "Parent Relationship": "Outer", "Parallel Aware": false, "Async Capable": false, "Join Type": "Inner", "Startup Cost": 0.29, "Total Cost": 2453.92, "Plan Rows": 2.0, "Plan Width": 8, "Actual Rows": 527, "Actual Loops": 2, "Inner Unique": false, "Workers": [], "Plans": [{"Node Type": "Seq Scan", "Parent Relationship": "Outer", "Parallel Aware": false, "Async Capable": false, "Relation Name": "posts", "Alias": "p", "Startup Cost": 0.0, "Total Cost": 2449.58, "Plan Rows": 1, "Plan Width": 4, "Actual Rows": 40, "Actual Loops": 2, "Filter": "((score >= 23) AND (viewcount >= 22043) AND (commentcount <= 7))", "Rows Removed by Filter": 91936, "Workers": []}, {"Node Type": "Index Only Scan", "Parent Relationship": "Inner", "Parallel Aware": false, "Async Capable": false, "Scan Direction": "Forward", "Index Name": "idx_postlinks_relatedpostid", "Relation Name": "postlinks", "Alias": "pl", "Startup Cost": 0.29, "Total Cost": 4.32, "Plan Rows": 2, "Plan Width": 4, "Actual Rows": 13, "Actual Loops": 80, "Index Cond": "(relatedpostid = p.id)", "Rows Removed by Index Recheck": 0, "Heap Fetches": 0, "Workers": []}]}, {"Node Type": "Index Scan", "Parent Relationship": "Inner", "Parallel Aware": false, "Async Capable": false, "Scan Direction": "Forward", "Index Name": "idx_comments_postid", "Relation Name": "comments", "Alias": "c", "Startup Cost": 0.42, "Total Cost": 1.07, "Plan Rows": 2, "Plan Width": 8, "Actual Rows": 1, "Actual Loops": 1054, "Index Cond": "(postid = pl.relatedpostid)", "Rows Removed by Index Recheck": 0, "Filter": "(creationdate >= '2012-11-08 09:16:18'::timestamp without time zone)", "Rows Removed by Filter": 2, "Workers": []}]}, {"Node Type": "Index Only Scan", "Parent Relationship": "Inner", "Parallel Aware": false, "Async Capable": false, "Scan Direction": "Forward", "Index Name": "idx_badges_userid", "Relation Name": "badges", "Alias": "b", "Startup Cost": 0.29, "Total Cost": 0.35, "Plan Rows": 3, "Plan Width": 4, "Actual Rows": 82, "Actual Loops": 966, "Index Cond": "(userid = c.userid)", "Rows Removed by Index Recheck": 0, "Heap Fetches": 0, "Workers": []}]}]}]}]}]}]}, "Planning Time": 9.11, "Triggers": [], "Execution Time": 173.97}, {"Plan": {"Node Type": "Aggregate", "Strategy": "Plain", "Partial Mode": "Simple", "Parallel Aware": false, "Async Capable": false, "Startup Cost": 40405.02, "Total Cost": 40405.03, "Plan Rows": 1, "Plan Width": 8, "Actual Rows": 1, "Actual Loops": 1, "Plans": [{"Node Type": "Merge Join", "Parent Relationship": "Outer", "Parallel Aware": false, "Async Capable": false, "Join Type": "Inner", "Startup Cost": 10482.49, "Total Cost": 40404.35, "Plan Rows": 56.0, "Plan Width": 0, "Actual Rows": 114146, "Actual Loops": 1, "Inner Unique": false, "Merge Cond": "(p.id = c.postid)", "Plans": [{"Node Type": "Sort", "Parent Relationship": "Outer", "Parallel Aware": false, "Async Capable": false, "Startup Cost": 2449.59, "Total Cost": 2449.6, "Plan Rows": 1, "Plan Width": 4, "Actual Rows": 38, "Actual Loops": 1, "Sort Key": ["p.id"], "Sort Method": "quicksort", "Sort Space Used": 25, "Sort Space Type": "Memory", "Plans": [{"Node Type": "Seq Scan", "Parent Relationship": "Outer", "Parallel Aware": false, "Async Capable": false, "Relation Name": "posts", "Alias": "p", "Startup Cost": 0.0, "Total Cost": 2449.58, "Plan Rows": 1, "Plan Width": 4, "Actual Rows": 40, "Actual Loops": 1, "Filter": "((score >= 23) AND (viewcount >= 22043) AND (commentcount <= 7))", "Rows Removed by Filter": 91936}]}, {"Node Type": "Materialize", "Parent Relationship": "Inner", "Parallel Aware": false, "Async Capable": false, "Startup Cost": 8032.9, "Total Cost": 30318.71, "Plan Rows": 36482.0, "Plan Width": 16, "Actual Rows": 6179796, "Actual Loops": 1, "Plans": [{"Node Type": "Nested Loop", "Parent Relationship": "Outer", "Parallel Aware": false, "Async Capable": false, "Join Type": "Inner", "Startup Cost": 8032.9, "Total Cost": 22682.99, "Plan Rows": 36482.0, "Plan Width": 16, "Actual Rows": 6179796, "Actual Loops": 1, "Inner Unique": false, "Plans": [{"Node Type": "Nested Loop", "Parent Relationship": "Outer", "Parallel Aware": false, "Async Capable": false, "Join Type": "Inner", "Startup Cost": 8032.59, "Total Cost": 16412.86, "Plan Rows": 1368.0, "Plan Width": 20, "Actual Rows": 77491, "Actual Loops": 1, "Inner Unique": false, "Plans": [{"Node Type": "Gather Merge", "Parent Relationship": "Outer", "Parallel Aware": false, "Async Capable": false, "Startup Cost": 8032.17, "Total Cost": 11013.95, "Plan Rows": 850.0, "Plan Width": 16, "Actual Rows": 2787, "Actual Loops": 1, "Workers Planned": 1, "Workers Launched": 1, "Plans": [{"Node Type": "Nested Loop", "Parent Relationship": "Outer", "Parallel Aware": false, "Async Capable": false, "Join Type": "Inner", "Startup Cost": 7032.16, "Total Cost": 9098.52, "Plan Rows": 850.0, "Plan Width": 16, "Actual Rows": 1394, "Actual Loops": 2, "Inner Unique": false, "Join Filter": "(c.postid = pl.relatedpostid)", "Rows Removed by Join Filter": 0, "Workers": [], "Plans": [{"Node Type": "Merge Join", "Parent Relationship": "Outer", "Parallel Aware": false, "Async Capable": false, "Join Type": "Inner", "Startup Cost": 7031.74, "Total Cost": 7196.84, "Plan Rows": 377.0, "Plan Width": 8, "Actual Rows": 6126, "Actual Loops": 2, "Inner Unique": false, "Merge Cond": "(ph.postid = pl.relatedpostid)", "Workers": [], "Plans": [{"Node Type": "Sort", "Parent Relationship": "Outer", "Parallel Aware": false, "Async Capable": false, "Startup Cost": 6092.75, "Total Cost": 6134.7, "Plan Rows": 16781, "Plan Width": 4, "Actual Rows": 14081, "Actual Loops": 2, "Sort Key": ["ph.postid"], "Sort Method": "quicksort", "Sort Space Used": 769, "Sort Space Type": "Memory", "Workers": [{"Worker Number": 0, "Sort Method": "quicksort", "Sort Space Used": 25, "Sort Space Type": "Memory"}], "Plans": [{"Node Type": "Seq Scan", "Parent Relationship": "Outer", "Parallel Aware": true, "Async Capable": false, "Relation Name": "posthistory", "Alias": "ph", "Startup Cost": 0.0, "Total Cost": 4915.18, "Plan Rows": 16781, "Plan Width": 4, "Actual Rows": 14081, "Actual Loops": 2, "Filter": "((creationdate >= '2011-05-17 07:21:37'::timestamp without time zone) AND (creationdate <= '2012-01-04 06:09:01'::timestamp without time zone))", "Rows Removed by Filter": 137512, "Workers": []}]}, {"Node Type": "Sort", "Parent Relationship": "Inner", "Parallel Aware": false, "Async Capable": false, "Startup Cost": 938.99, "Total Cost": 966.75, "Plan Rows": 11102, "Plan Width": 4, "Actual Rows": 11086, "Actual Loops": 2, "Sort Key": ["pl.relatedpostid"], "Sort Method": "quicksort", "Sort Space Used": 385, "Sort Space Type": "Memory", "Workers": [{"Worker Number": 0, "Sort Method": "quicksort", "Sort Space Used": 385, "Sort Space Type": "Memory"}], "Plans": [{"Node Type": "Seq Scan", "Parent Relationship": "Outer", "Parallel Aware": false, "Async Capable": false, "Relation Name": "postlinks", "Alias": "pl", "Startup Cost": 0.0, "Total Cost": 193.02, "Plan Rows": 11102, "Plan Width": 4, "Actual Rows": 11102, "Actual Loops": 2, "Workers": []}]}]}, {"Node Type": "Index Scan", "Parent Relationship": "Inner", "Parallel Aware": false, "Async Capable": false, "Scan Direction": "Forward", "Index Name": "idx_comments_postid", "Relation Name": "comments", "Alias": "c", "Startup Cost": 0.42, "Total Cost": 0.71, "Plan Rows": 2, "Plan Width": 8, "Actual Rows": 0, "Actual Loops": 12251, "Index Cond": "(postid = ph.postid)", "Rows Removed by Index Recheck": 0, "Filter": "(creationdate >= '2012-11-08 09:16:18'::timestamp without time zone)", "Rows Removed by Filter": 3, "Workers": []}]}]}, {"Node Type": "Index Scan", "Parent Relationship": "Inner", "Parallel Aware": false, "Async Capable": false, "Scan Direction": "Forward", "Index Name": "idx_votes_postid", "Relation Name": "votes", "Alias": "v", "Startup Cost": 0.42, "Total Cost": 0.62, "Plan Rows": 4, "Plan Width": 4, "Actual Rows": 28, "Actual Loops": 2787, "Index Cond": "(postid = c.postid)", "Rows Removed by Index Recheck": 0, "Filter": "(votetypeid = 2)", "Rows Removed by Filter": 23}]}, {"Node Type": "Memoize", "Parent Relationship": "Inner", "Parallel Aware": false, "Async Capable": false, "Startup Cost": 0.3, "Total Cost": 0.36, "Plan Rows": 3, "Plan Width": 4, "Actual Rows": 80, "Actual Loops": 77491, "Cache Key": "c.userid", "Cache Mode": "logical", "Cache Hits": 77421, "Cache Misses": 70, "Cache Evictions": 0, "Cache Overflows": 0, "Peak Memory Usage": 119, "Plans": [{"Node Type": "Index Only Scan", "Parent Relationship": "Outer", "Parallel Aware": false, "Async Capable": false, "Scan Direction": "Forward", "Index Name": "idx_badges_userid", "Relation Name": "badges", "Alias": "b", "Startup Cost": 0.29, "Total Cost": 0.35, "Plan Rows": 3, "Plan Width": 4, "Actual Rows": 46, "Actual Loops": 70, "Index Cond": "(userid = c.userid)", "Rows Removed by Index Recheck": 0, "Heap Fetches": 0}]}]}]}]}]}, "Planning Time": 6.915, "Triggers": [], "Execution Time": 1478.659}, {"Plan": {"Node Type": "Aggregate", "Strategy": "Plain", "Partial Mode": "Simple", "Parallel Aware": false, "Async Capable": false, "Startup Cost": 26730.76, "Total Cost": 26730.77, "Plan Rows": 1, "Plan Width": 8, "Actual Rows": 1, "Actual Loops": 1, "Plans": [{"Node Type": "Merge Join", "Parent Relationship": "Outer", "Parallel Aware": false, "Async Capable": false, "Join Type": "Inner", "Startup Cost": 11357.51, "Total Cost": 26730.09, "Plan Rows": 56.0, "Plan Width": 0, "Actual Rows": 114146, "Actual Loops": 1, "Inner Unique": false, "Merge Cond": "(p.id = ph.postid)", "Plans": [{"Node Type": "Sort", "Parent Relationship": "Outer", "Parallel Aware": false, "Async Capable": false, "Startup Cost": 2458.28, "Total Cost": 2458.5, "Plan Rows": 105.0, "Plan Width": 12, "Actual Rows": 31837, "Actual Loops": 1, "Sort Key": ["c.postid"], "Sort Method": "quicksort", "Sort Space Used": 3093, "Sort Space Type": "Memory", "Plans": [{"Node Type": "Nested Loop", "Parent Relationship": "Outer", "Parallel Aware": false, "Async Capable": false, "Join Type": "Inner", "Startup Cost": 1.0, "Total Cost": 2455.4, "Plan Rows": 105.0, "Plan Width": 12, "Actual Rows": 39834, "Actual Loops": 1, "Inner Unique": false, "Plans": [{"Node Type": "Nested Loop", "Parent Relationship": "Outer", "Parallel Aware": false, "Async Capable": false, "Join Type": "Inner", "Startup Cost": 0.71, "Total Cost": 2455.02, "Plan Rows": 4.0, "Plan Width": 16, "Actual Rows": 483, "Actual Loops": 1, "Inner Unique": false, "Join Filter": "(c.postid = p.id)", "Rows Removed by Join Filter": 0, "Plans": [{"Node Type": "Nested Loop", "Parent Relationship": "Outer", "Parallel Aware": false, "Async Capable": false, "Join Type": "Inner", "Startup Cost": 0.29, "Total Cost": 2453.92, "Plan Rows": 2.0, "Plan Width": 8, "Actual Rows": 527, "Actual Loops": 1, "Inner Unique": false, "Plans": [{"Node Type": "Seq Scan", "Parent Relationship": "Outer", "Parallel Aware": false, "Async Capable": false, "Relation Name": "posts", "Alias": "p", "Startup Cost": 0.0, "Total Cost": 2449.58, "Plan Rows": 1, "Plan Width": 4, "Actual Rows": 40, "Actual Loops": 1, "Filter": "((score >= 23) AND (viewcount >= 22043) AND (commentcount <= 7))", "Rows Removed by Filter": 91936}, {"Node Type": "Index Only Scan", "Parent Relationship": "Inner", "Parallel Aware": false, "Async Capable": false, "Scan Direction": "Forward", "Index Name": "idx_postlinks_relatedpostid", "Relation Name": "postlinks", "Alias": "pl", "Startup Cost": 0.29, "Total Cost": 4.32, "Plan Rows": 2, "Plan Width": 4, "Actual Rows": 13, "Actual Loops": 40, "Index Cond": "(relatedpostid = p.id)", "Rows Removed by Index Recheck": 0, "Heap Fetches": 0}]}, {"Node Type": "Index Scan", "Parent Relationship": "Inner", "Parallel Aware": false, "Async Capable": false, "Scan Direction": "Forward", "Index Name": "idx_comments_postid", "Relation Name": "comments", "Alias": "c", "Startup Cost": 0.42, "Total Cost": 1.07, "Plan Rows": 2, "Plan Width": 8, "Actual Rows": 1, "Actual Loops": 527, "Index Cond": "(postid = pl.relatedpostid)", "Rows Removed by Index Recheck": 0, "Filter": "(creationdate >= '2012-11-08 09:16:18'::timestamp without time zone)", "Rows Removed by Filter": 2}]}, {"Node Type": "Index Only Scan", "Parent Relationship": "Inner", "Parallel Aware": false, "Async Capable": false, "Scan Direction": "Forward", "Index Name": "idx_badges_userid", "Relation Name": "badges", "Alias": "b", "Startup Cost": 0.29, "Total Cost": 0.35, "Plan Rows": 3, "Plan Width": 4, "Actual Rows": 82, "Actual Loops": 483, "Index Cond": "(userid = c.userid)", "Rows Removed by Index Recheck": 0, "Heap Fetches": 0}]}]}, {"Node Type": "Materialize", "Parent Relationship": "Inner", "Parallel Aware": false, "Async Capable": false, "Startup Cost": 8899.23, "Total Cost": 24030.21, "Plan Rows": 462.0, "Plan Width": 8, "Actual Rows": 239812, "Actual Loops": 1, "Plans": [{"Node Type": "Merge Join", "Parent Relationship": "Outer", "Parallel Aware": false, "Async Capable": false, "Join Type": "Inner", "Startup Cost": 8899.23, "Total Cost": 23789.99, "Plan Rows": 462.0, "Plan Width": 8, "Actual Rows": 125956, "Actual Loops": 1, "Inner Unique": false, "Merge Cond": "(v.postid = ph.postid)", "Plans": [{"Node Type": "Index Scan", "Parent Relationship": "Outer", "Parallel Aware": false, "Async Capable": false, "Scan Direction": "Forward", "Index Name": "idx_votes_postid", "Relation Name": "votes", "Alias": "v", "Startup Cost": 0.42, "Total Cost": 12794.42, "Plan Rows": 262165, "Plan Width": 4, "Actual Rows": 120861, "Actual Loops": 1, "Filter": "(votetypeid = 2)", "Rows Removed by Filter": 28271}, {"Node Type": "Sort", "Parent Relationship": "Inner", "Parallel Aware": false, "Async Capable": false, "Startup Cost": 8898.81, "Total Cost": 8970.13, "Plan Rows": 28527, "Plan Width": 4, "Actual Rows": 128558, "Actual Loops": 1, "Sort Key": ["ph.postid"], "Sort Method": "quicksort", "Sort Space Used": 769, "Sort Space Type": "Memory", "Plans": [{"Node Type": "Seq Scan", "Parent Relationship": "Outer", "Parallel Aware": false, "Async Capable": false, "Relation Name": "posthistory", "Alias": "ph", "Startup Cost": 0.0, "Total Cost": 6787.8, "Plan Rows": 28527, "Plan Width": 4, "Actual Rows": 28162, "Actual Loops": 1, "Filter": "((creationdate >= '2011-05-17 07:21:37'::timestamp without time zone) AND (creationdate <= '2012-01-04 06:09:01'::timestamp without time zone))", "Rows Removed by Filter": 275025}]}]}]}]}]}, "Planning Time": 7.042, "Triggers": [], "Execution Time": 272.736}, {"Plan": {"Node Type": "Aggregate", "Strategy": "Plain", "Partial Mode": "Finalize", "Parallel Aware": false, "Async Capable": false, "Startup Cost": 62460.16, "Total Cost": 62460.17, "Plan Rows": 1, "Plan Width": 8, "Actual Rows": 1, "Actual Loops": 1, "Plans": [{"Node Type": "Gather", "Parent Relationship": "Outer", "Parallel Aware": false, "Async Capable": false, "Startup Cost": 62460.05, "Total Cost": 62460.16, "Plan Rows": 1, "Plan Width": 8, "Actual Rows": 2, "Actual Loops": 1, "Workers Planned": 1, "Workers Launched": 1, "Single Copy": false, "Plans": [{"Node Type": "Aggregate", "Strategy": "Plain", "Partial Mode": "Partial", "Parent Relationship": "Outer", "Parallel Aware": false, "Async Capable": false, "Startup Cost": 61460.05, "Total Cost": 61460.06, "Plan Rows": 1, "Plan Width": 8, "Actual Rows": 1, "Actual Loops": 2, "Workers": [], "Plans": [{"Node Type": "Merge Join", "Parent Relationship": "Outer", "Parallel Aware": false, "Async Capable": false, "Join Type": "Inner", "Startup Cost": 11353.88, "Total Cost": 61459.66, "Plan Rows": 56.0, "Plan Width": 0, "Actual Rows": 57073, "Actual Loops": 2, "Inner Unique": false, "Merge Cond": "(c.postid = p.id)", "Workers": [], "Plans": [{"Node Type": "Nested Loop", "Parent Relationship": "Outer", "Parallel Aware": false, "Async Capable": false, "Join Type": "Inner", "Startup Cost": 8899.95, "Total Cost": 38071.83, "Plan Rows": 25152.0, "Plan Width": 12, "Actual Rows": 1094781, "Actual Loops": 2, "Inner Unique": false, "Workers": [], "Plans": [{"Node Type": "Merge Join", "Parent Relationship": "Outer", "Parallel Aware": false, "Async Capable": false, "Join Type": "Inner", "Startup Cost": 8899.65, "Total Cost": 28822.37, "Plan Rows": 904.0, "Plan Width": 16, "Actual Rows": 11038, "Actual Loops": 2, "Inner Unique": false, "Merge Cond": "(c.postid = v.postid)", "Workers": [], "Plans": [{"Node Type": "Merge Join", "Parent Relationship": "Outer", "Parallel Aware": false, "Async Capable": false, "Join Type": "Inner", "Startup Cost": 8899.23, "Total Cost": 14378.75, "Plan Rows": 511.0, "Plan Width": 12, "Actual Rows": 966, "Actual Loops": 2, "Inner Unique": false, "Merge Cond": "(c.postid = ph.postid)", "Workers": [], "Plans": [{"Node Type": "Index Scan", "Parent Relationship": "Outer", "Parallel Aware": true, "Async Capable": false, "Scan Direction": "Forward", "Index Name": "idx_comments_postid", "Relation Name": "comments", "Alias": "c", "Startup Cost": 0.42, "Total Cost": 4959.84, "Plan Rows": 61758, "Plan Width": 8, "Actual Rows": 979, "Actual Loops": 2, "Filter": "(creationdate >= '2012-11-08 09:16:18'::timestamp without time zone)", "Rows Removed by Filter": 23130, "Workers": []}, {"Node Type": "Sort", "Parent Relationship": "Inner", "Parallel Aware": false, "Async Capable": false, "Startup Cost": 8898.81, "Total Cost": 8970.13, "Plan Rows": 28527, "Plan Width": 4, "Actual Rows": 28479, "Actual Loops": 2, "Sort Key": ["ph.postid"], "Sort Method": "quicksort", "Sort Space Used": 769, "Sort Space Type": "Memory", "Workers": [{"Worker Number": 0, "Sort Method": "quicksort", "Sort Space Used": 769, "Sort Space Type": "Memory"}], "Plans": [{"Node Type": "Seq Scan", "Parent Relationship": "Outer", "Parallel Aware": false, "Async Capable": false, "Relation Name": "posthistory", "Alias": "ph", "Startup Cost": 0.0, "Total Cost": 6787.8, "Plan Rows": 28527, "Plan Width": 4, "Actual Rows": 28162, "Actual Loops": 2, "Filter": "((creationdate >= '2011-05-17 07:21:37'::timestamp without time zone) AND (creationdate <= '2012-01-04 06:09:01'::timestamp without time zone))", "Rows Removed by Filter": 275025, "Workers": []}]}]}, {"Node Type": "Index Scan", "Parent Relationship": "Inner", "Parallel Aware": false, "Async Capable": false, "Scan Direction": "Forward", "Index Name": "idx_votes_postid", "Relation Name": "votes", "Alias": "v", "Startup Cost": 0.42, "Total Cost": 12794.42, "Plan Rows": 262165, "Plan Width": 4, "Actual Rows": 118290, "Actual Loops": 2, "Filter": "(votetypeid = 2)", "Rows Removed by Filter": 29054, "Workers": []}]}, {"Node Type": "Memoize", "Parent Relationship": "Inner", "Parallel Aware": false, "Async Capable": false, "Startup Cost": 0.3, "Total Cost": 0.36, "Plan Rows": 3, "Plan Width": 4, "Actual Rows": 99, "Actual Loops": 22075, "Cache Key": "c.userid", "Cache Mode": "logical", "Cache Hits": 10707, "Cache Misses": 202, "Cache Evictions": 0, "Cache Overflows": 0, "Peak Memory Usage": 243, "Workers": [{"Worker Number": 0, "Cache Hits": 11020, "Cache Misses": 146, "Cache Evictions": 0, "Cache Overflows": 0, "Peak Memory Usage": 192}], "Plans": [{"Node Type": "Index Only Scan", "Parent Relationship": "Outer", "Parallel Aware": false, "Async Capable": false, "Scan Direction": "Forward", "Index Name": "idx_badges_userid", "Relation Name": "badges", "Alias": "b", "Startup Cost": 0.29, "Total Cost": 0.35, "Plan Rows": 3, "Plan Width": 4, "Actual Rows": 34, "Actual Loops": 348, "Index Cond": "(userid = c.userid)", "Rows Removed by Index Recheck": 0, "Heap Fetches": 0, "Workers": []}]}]}, {"Node Type": "Materialize", "Parent Relationship": "Inner", "Parallel Aware": false, "Async Capable": false, "Startup Cost": 2453.93, "Total Cost": 2453.94, "Plan Rows": 2.0, "Plan Width": 8, "Actual Rows": 57532, "Actual Loops": 2, "Workers": [], "Plans": [{"Node Type": "Sort", "Parent Relationship": "Outer", "Parallel Aware": false, "Async Capable": false, "Startup Cost": 2453.93, "Total Cost": 2453.93, "Plan Rows": 2.0, "Plan Width": 8, "Actual Rows": 465, "Actual Loops": 2, "Sort Key": ["p.id"], "Sort Method": "quicksort", "Sort Space Used": 41, "Sort Space Type": "Memory", "Workers": [{"Worker Number": 0, "Sort Method": "quicksort", "Sort Space Used": 41, "Sort Space Type": "Memory"}], "Plans": [{"Node Type": "Nested Loop", "Parent Relationship": "Outer", "Parallel Aware": false, "Async Capable": false, "Join Type": "Inner", "Startup Cost": 0.29, "Total Cost": 2453.92, "Plan Rows": 2.0, "Plan Width": 8, "Actual Rows": 527, "Actual Loops": 2, "Inner Unique": false, "Workers": [], "Plans": [{"Node Type": "Seq Scan", "Parent Relationship": "Outer", "Parallel Aware": false, "Async Capable": false, "Relation Name": "posts", "Alias": "p", "Startup Cost": 0.0, "Total Cost": 2449.58, "Plan Rows": 1, "Plan Width": 4, "Actual Rows": 40, "Actual Loops": 2, "Filter": "((score >= 23) AND (viewcount >= 22043) AND (commentcount <= 7))", "Rows Removed by Filter": 91936, "Workers": []}, {"Node Type": "Index Only Scan", "Parent Relationship": "Inner", "Parallel Aware": false, "Async Capable": false, "Scan Direction": "Forward", "Index Name": "idx_postlinks_relatedpostid", "Relation Name": "postlinks", "Alias": "pl", "Startup Cost": 0.29, "Total Cost": 4.32, "Plan Rows": 2, "Plan Width": 4, "Actual Rows": 13, "Actual Loops": 80, "Index Cond": "(relatedpostid = p.id)", "Rows Removed by Index Recheck": 0, "Heap Fetches": 0, "Workers": []}]}]}]}]}]}]}]}, "Planning Time": 12.239, "Triggers": [], "Execution Time": 333.15}, {"Plan": {"Node Type": "Aggregate", "Strategy": "Plain", "Partial Mode": "Finalize", "Parallel Aware": false, "Async Capable": false, "Startup Cost": 15451.95, "Total Cost": 15451.96, "Plan Rows": 1, "Plan Width": 8, "Actual Rows": 1, "Actual Loops": 1, "Plans": [{"Node Type": "Gather", "Parent Relationship": "Outer", "Parallel Aware": false, "Async Capable": false, "Startup Cost": 15451.83, "Total Cost": 15451.94, "Plan Rows": 1, "Plan Width": 8, "Actual Rows": 2, "Actual Loops": 1, "Workers Planned": 1, "Workers Launched": 1, "Single Copy": false, "Plans": [{"Node Type": "Aggregate", "Strategy": "Plain", "Partial Mode": "Partial", "Parent Relationship": "Outer", "Parallel Aware": false, "Async Capable": false, "Startup Cost": 14451.83, "Total Cost": 14451.84, "Plan Rows": 1, "Plan Width": 8, "Actual Rows": 1, "Actual Loops": 2, "Workers": [], "Plans": [{"Node Type": "Merge Join", "Parent Relationship": "Outer", "Parallel Aware": false, "Async Capable": false, "Join Type": "Inner", "Startup Cost": 9497.85, "Total Cost": 14451.44, "Plan Rows": 56.0, "Plan Width": 0, "Actual Rows": 57073, "Actual Loops": 2, "Inner Unique": false, "Merge Cond": "(c.postid = p.id)", "Workers": [], "Plans": [{"Node Type": "Nested Loop", "Parent Relationship": "Outer", "Parallel Aware": false, "Async Capable": false, "Join Type": "Inner", "Startup Cost": 7032.45, "Total Cost": 10917.71, "Plan Rows": 20187.0, "Plan Width": 12, "Actual Rows": 150813, "Actual Loops": 2, "Inner Unique": false, "Workers": [], "Plans": [{"Node Type": "Nested Loop", "Parent Relationship": "Outer", "Parallel Aware": false, "Async Capable": false, "Join Type": "Inner", "Startup Cost": 7032.16, "Total Cost": 9098.52, "Plan Rows": 850.0, "Plan Width": 16, "Actual Rows": 1394, "Actual Loops": 2, "Inner Unique": false, "Join Filter": "(c.postid = pl.relatedpostid)", "Rows Removed by Join Filter": 0, "Workers": [], "Plans": [{"Node Type": "Merge Join", "Parent Relationship": "Outer", "Parallel Aware": false, "Async Capable": false, "Join Type": "Inner", "Startup Cost": 7031.74, "Total Cost": 7196.84, "Plan Rows": 377.0, "Plan Width": 8, "Actual Rows": 6126, "Actual Loops": 2, "Inner Unique": false, "Merge Cond": "(ph.postid = pl.relatedpostid)", "Workers": [], "Plans": [{"Node Type": "Sort", "Parent Relationship": "Outer", "Parallel Aware": false, "Async Capable": false, "Startup Cost": 6092.75, "Total Cost": 6134.7, "Plan Rows": 16781, "Plan Width": 4, "Actual Rows": 14081, "Actual Loops": 2, "Sort Key": ["ph.postid"], "Sort Method": "quicksort", "Sort Space Used": 769, "Sort Space Type": "Memory", "Workers": [{"Worker Number": 0, "Sort Method": "quicksort", "Sort Space Used": 25, "Sort Space Type": "Memory"}], "Plans": [{"Node Type": "Seq Scan", "Parent Relationship": "Outer", "Parallel Aware": true, "Async Capable": false, "Relation Name": "posthistory", "Alias": "ph", "Startup Cost": 0.0, "Total Cost": 4915.18, "Plan Rows": 16781, "Plan Width": 4, "Actual Rows": 14081, "Actual Loops": 2, "Filter": "((creationdate >= '2011-05-17 07:21:37'::timestamp without time zone) AND (creationdate <= '2012-01-04 06:09:01'::timestamp without time zone))", "Rows Removed by Filter": 137512, "Workers": []}]}, {"Node Type": "Sort", "Parent Relationship": "Inner", "Parallel Aware": false, "Async Capable": false, "Startup Cost": 938.99, "Total Cost": 966.75, "Plan Rows": 11102, "Plan Width": 4, "Actual Rows": 16118, "Actual Loops": 1, "Sort Key": ["pl.relatedpostid"], "Sort Method": "quicksort", "Sort Space Used": 385, "Sort Space Type": "Memory", "Workers": [], "Plans": [{"Node Type": "Seq Scan", "Parent Relationship": "Outer", "Parallel Aware": false, "Async Capable": false, "Relation Name": "postlinks", "Alias": "pl", "Startup Cost": 0.0, "Total Cost": 193.02, "Plan Rows": 11102, "Plan Width": 4, "Actual Rows": 11102, "Actual Loops": 1, "Workers": []}]}]}, {"Node Type": "Index Scan", "Parent Relationship": "Inner", "Parallel Aware": false, "Async Capable": false, "Scan Direction": "Forward", "Index Name": "idx_comments_postid", "Relation Name": "comments", "Alias": "c", "Startup Cost": 0.42, "Total Cost": 0.71, "Plan Rows": 2, "Plan Width": 8, "Actual Rows": 0, "Actual Loops": 12251, "Index Cond": "(postid = ph.postid)", "Rows Removed by Index Recheck": 0, "Filter": "(creationdate >= '2012-11-08 09:16:18'::timestamp without time zone)", "Rows Removed by Filter": 3, "Workers": []}]}, {"Node Type": "Index Only Scan", "Parent Relationship": "Inner", "Parallel Aware": false, "Async Capable": false, "Scan Direction": "Forward", "Index Name": "idx_badges_userid", "Relation Name": "badges", "Alias": "b", "Startup Cost": 0.29, "Total Cost": 0.35, "Plan Rows": 3, "Plan Width": 4, "Actual Rows": 108, "Actual Loops": 2787, "Index Cond": "(userid = c.userid)", "Rows Removed by Index Recheck": 0, "Heap Fetches": 0, "Workers": []}]}, {"Node Type": "Sort", "Parent Relationship": "Inner", "Parallel Aware": false, "Async Capable": false, "Startup Cost": 2465.39, "Total Cost": 2465.4, "Plan Rows": 3.0, "Plan Width": 8, "Actual Rows": 116141, "Actual Loops": 1, "Sort Key": ["p.id"], "Sort Method": "quicksort", "Sort Space Used": 171, "Sort Space Type": "Memory", "Workers": [], "Plans": [{"Node Type": "Nested Loop", "Parent Relationship": "Outer", "Parallel Aware": false, "Async Capable": false, "Join Type": "Inner", "Startup Cost": 0.42, "Total Cost": 2465.37, "Plan Rows": 3.0, "Plan Width": 8, "Actual Rows": 2396, "Actual Loops": 1, "Inner Unique": false, "Workers": [], "Plans": [{"Node Type": "Seq Scan", "Parent Relationship": "Outer", "Parallel Aware": false, "Async Capable": false, "Relation Name": "posts", "Alias": "p", "Startup Cost": 0.0, "Total Cost": 2449.58, "Plan Rows": 1, "Plan Width": 4, "Actual Rows": 40, "Actual Loops": 1, "Filter": "((score >= 23) AND (viewcount >= 22043) AND (commentcount <= 7))", "Rows Removed by Filter": 91936, "Workers": []}, {"Node Type": "Index Scan", "Parent Relationship": "Inner", "Parallel Aware": false, "Async Capable": false, "Scan Direction": "Forward", "Index Name": "idx_votes_postid", "Relation Name": "votes", "Alias": "v", "Startup Cost": 0.42, "Total Cost": 15.75, "Plan Rows": 4, "Plan Width": 4, "Actual Rows": 60, "Actual Loops": 40, "Index Cond": "(postid = p.id)", "Rows Removed by Index Recheck": 0, "Filter": "(votetypeid = 2)", "Rows Removed by Filter": 51, "Workers": []}]}]}]}]}]}]}, "Planning Time": 6.742, "Triggers": [], "Execution Time": 124.239}]