[{"Plan": {"Node Type": "Aggregate", "Strategy": "Plain", "Partial Mode": "Simple", "Parallel Aware": false, "Async Capable": false, "Startup Cost": 3470.28, "Total Cost": 3470.29, "Plan Rows": 1, "Plan Width": 8, "Actual Rows": 1, "Actual Loops": 1, "Plans": [{"Node Type": "Nested Loop", "Parent Relationship": "Outer", "Parallel Aware": false, "Async Capable": false, "Join Type": "Inner", "Startup Cost": 2638.4, "Total Cost": 3470.27, "Plan Rows": 2.0, "Plan Width": 0, "Actual Rows": 1, "Actual Loops": 1, "Inner Unique": false, "Plans": [{"Node Type": "Hash Join", "Parent Relationship": "Outer", "Parallel Aware": false, "Async Capable": false, "Join Type": "Inner", "Startup Cost": 2638.1, "Total Cost": 2892.21, "Plan Rows": 11.0, "Plan Width": 4, "Actual Rows": 51, "Actual Loops": 1, "Inner Unique": true, "Hash Cond": "(pl.postid = p.id)", "Plans": [{"Node Type": "Seq Scan", "Parent Relationship": "Outer", "Parallel Aware": false, "Async Capable": false, "Relation Name": "postlinks", "Alias": "pl", "Startup Cost": 0.0, "Total Cost": 248.53, "Plan Rows": 2125, "Plan Width": 4, "Actual Rows": 2102, "Actual Loops": 1, "Filter": "((creationdate >= '2014-04-11 00:36:39'::timestamp without time zone) AND (linktypeid = 1))", "Rows Removed by Filter": 9000}, {"Node Type": "Hash", "Parent Relationship": "Inner", "Parallel Aware": false, "Async Capable": false, "Startup Cost": 2219.64, "Total Cost": 2219.64, "Plan Rows": 33477, "Plan Width": 8, "Actual Rows": 33638, "Actual Loops": 1, "Hash Buckets": 65536, "Original Hash Buckets": 65536, "Hash Batches": 1, "Original Hash Batches": 1, "Peak Memory Usage": 1823, "Plans": [{"Node Type": "Seq Scan", "Parent Relationship": "Outer", "Parallel Aware": false, "Async Capable": false, "Relation Name": "posts", "Alias": "p", "Startup Cost": 0.0, "Total Cost": 2219.64, "Plan Rows": 33477, "Plan Width": 8, "Actual Rows": 33638, "Actual Loops": 1, "Filter": "((creationdate >= '2010-07-19 17:51:43'::timestamp without time zone) AND (creationdate <= '2012-10-06 19:08:33'::timestamp without time zone))", "Rows Removed by Filter": 58338}]}]}, {"Node Type": "Index Scan", "Parent Relationship": "Inner", "Parallel Aware": false, "Async Capable": false, "Scan Direction": "Forward", "Index Name": "idx_comments_userid", "Relation Name": "comments", "Alias": "c", "Startup Cost": 0.29, "Total Cost": 0.74, "Plan Rows": 1, "Plan Width": 4, "Actual Rows": 0, "Actual Loops": 51, "Index Cond": "(userid = p.owneruserid)", "Rows Removed by Index Recheck": 0, "Filter": "(score = 26)", "Rows Removed by Filter": 400}]}]}, "Planning Time": 0.697, "Triggers": [], "Execution Time": 33.055}, {"Plan": {"Node Type": "Aggregate", "Strategy": "Plain", "Partial Mode": "Simple", "Parallel Aware": false, "Async Capable": false, "Startup Cost": 6440.16, "Total Cost": 6440.17, "Plan Rows": 1, "Plan Width": 8, "Actual Rows": 1, "Actual Loops": 1, "Plans": [{"Node Type": "Nested Loop", "Parent Relationship": "Outer", "Parallel Aware": false, "Async Capable": false, "Join Type": "Inner", "Startup Cost": 2638.1, "Total Cost": 6440.15, "Plan Rows": 2.0, "Plan Width": 0, "Actual Rows": 1, "Actual Loops": 1, "Inner Unique": false, "Join Filter": "(c.userid = p.owneruserid)", "Rows Removed by Join Filter": 152, "Plans": [{"Node Type": "Seq Scan", "Parent Relationship": "Outer", "Parallel Aware": false, "Async Capable": false, "Relation Name": "comments", "Alias": "c", "Startup Cost": 0.0, "Total Cost": 3522.81, "Plan Rows": 2, "Plan Width": 4, "Actual Rows": 3, "Actual Loops": 1, "Filter": "(score = 26)", "Rows Removed by Filter": 174302}, {"Node Type": "Materialize", "Parent Relationship": "Inner", "Parallel Aware": false, "Async Capable": false, "Startup Cost": 2638.1, "Total Cost": 2896.08, "Plan Rows": 11.0, "Plan Width": 4, "Actual Rows": 51, "Actual Loops": 3, "Plans": [{"Node Type": "Hash Join", "Parent Relationship": "Outer", "Parallel Aware": false, "Async Capable": false, "Join Type": "Inner", "Startup Cost": 2638.1, "Total Cost": 2892.21, "Plan Rows": 11.0, "Plan Width": 4, "Actual Rows": 51, "Actual Loops": 1, "Inner Unique": true, "Hash Cond": "(pl.postid = p.id)", "Plans": [{"Node Type": "Seq Scan", "Parent Relationship": "Outer", "Parallel Aware": false, "Async Capable": false, "Relation Name": "postlinks", "Alias": "pl", "Startup Cost": 0.0, "Total Cost": 248.53, "Plan Rows": 2125, "Plan Width": 4, "Actual Rows": 2102, "Actual Loops": 1, "Filter": "((creationdate >= '2014-04-11 00:36:39'::timestamp without time zone) AND (linktypeid = 1))", "Rows Removed by Filter": 9000}, {"Node Type": "Hash", "Parent Relationship": "Inner", "Parallel Aware": false, "Async Capable": false, "Startup Cost": 2219.64, "Total Cost": 2219.64, "Plan Rows": 33477, "Plan Width": 8, "Actual Rows": 33638, "Actual Loops": 1, "Hash Buckets": 65536, "Original Hash Buckets": 65536, "Hash Batches": 1, "Original Hash Batches": 1, "Peak Memory Usage": 1823, "Plans": [{"Node Type": "Seq Scan", "Parent Relationship": "Outer", "Parallel Aware": false, "Async Capable": false, "Relation Name": "posts", "Alias": "p", "Startup Cost": 0.0, "Total Cost": 2219.64, "Plan Rows": 33477, "Plan Width": 8, "Actual Rows": 33638, "Actual Loops": 1, "Filter": "((creationdate >= '2010-07-19 17:51:43'::timestamp without time zone) AND (creationdate <= '2012-10-06 19:08:33'::timestamp without time zone))", "Rows Removed by Filter": 58338}]}]}]}]}]}, "Planning Time": 1.171, "Triggers": [], "Execution Time": 41.383}, {"Plan": {"Node Type": "Aggregate", "Strategy": "Plain", "Partial Mode": "Simple", "Parallel Aware": false, "Async Capable": false, "Startup Cost": 3470.28, "Total Cost": 3470.29, "Plan Rows": 1, "Plan Width": 8, "Actual Rows": 1, "Actual Loops": 1, "Plans": [{"Node Type": "Nested Loop", "Parent Relationship": "Outer", "Parallel Aware": false, "Async Capable": false, "Join Type": "Inner", "Startup Cost": 2638.4, "Total Cost": 3470.27, "Plan Rows": 2.0, "Plan Width": 0, "Actual Rows": 1, "Actual Loops": 1, "Inner Unique": false, "Plans": [{"Node Type": "Hash Join", "Parent Relationship": "Outer", "Parallel Aware": false, "Async Capable": false, "Join Type": "Inner", "Startup Cost": 2638.1, "Total Cost": 2892.21, "Plan Rows": 11.0, "Plan Width": 4, "Actual Rows": 51, "Actual Loops": 1, "Inner Unique": true, "Hash Cond": "(pl.postid = p.id)", "Plans": [{"Node Type": "Seq Scan", "Parent Relationship": "Outer", "Parallel Aware": false, "Async Capable": false, "Relation Name": "postlinks", "Alias": "pl", "Startup Cost": 0.0, "Total Cost": 248.53, "Plan Rows": 2125, "Plan Width": 4, "Actual Rows": 2102, "Actual Loops": 1, "Filter": "((creationdate >= '2014-04-11 00:36:39'::timestamp without time zone) AND (linktypeid = 1))", "Rows Removed by Filter": 9000}, {"Node Type": "Hash", "Parent Relationship": "Inner", "Parallel Aware": false, "Async Capable": false, "Startup Cost": 2219.64, "Total Cost": 2219.64, "Plan Rows": 33477, "Plan Width": 8, "Actual Rows": 33638, "Actual Loops": 1, "Hash Buckets": 65536, "Original Hash Buckets": 65536, "Hash Batches": 1, "Original Hash Batches": 1, "Peak Memory Usage": 1823, "Plans": [{"Node Type": "Seq Scan", "Parent Relationship": "Outer", "Parallel Aware": false, "Async Capable": false, "Relation Name": "posts", "Alias": "p", "Startup Cost": 0.0, "Total Cost": 2219.64, "Plan Rows": 33477, "Plan Width": 8, "Actual Rows": 33638, "Actual Loops": 1, "Filter": "((creationdate >= '2010-07-19 17:51:43'::timestamp without time zone) AND (creationdate <= '2012-10-06 19:08:33'::timestamp without time zone))", "Rows Removed by Filter": 58338}]}]}, {"Node Type": "Index Scan", "Parent Relationship": "Inner", "Parallel Aware": false, "Async Capable": false, "Scan Direction": "Forward", "Index Name": "idx_comments_userid", "Relation Name": "comments", "Alias": "c", "Startup Cost": 0.29, "Total Cost": 0.74, "Plan Rows": 1, "Plan Width": 4, "Actual Rows": 0, "Actual Loops": 51, "Index Cond": "(userid = p.owneruserid)", "Rows Removed by Index Recheck": 0, "Filter": "(score = 26)", "Rows Removed by Filter": 400}]}]}, "Planning Time": 1.108, "Triggers": [], "Execution Time": 30.137}, {"Plan": {"Node Type": "Aggregate", "Strategy": "Plain", "Partial Mode": "Simple", "Parallel Aware": false, "Async Capable": false, "Startup Cost": 3629.89, "Total Cost": 3629.9, "Plan Rows": 1, "Plan Width": 8, "Actual Rows": 1, "Actual Loops": 1, "Plans": [{"Node Type": "Nested Loop", "Parent Relationship": "Outer", "Parallel Aware": false, "Async Capable": false, "Join Type": "Inner", "Startup Cost": 0.58, "Total Cost": 3629.88, "Plan Rows": 2.0, "Plan Width": 0, "Actual Rows": 1, "Actual Loops": 1, "Inner Unique": false, "Plans": [{"Node Type": "Nested Loop", "Parent Relationship": "Outer", "Parallel Aware": false, "Async Capable": false, "Join Type": "Inner", "Startup Cost": 0.29, "Total Cost": 3552.48, "Plan Rows": 10.0, "Plan Width": 4, "Actual Rows": 130, "Actual Loops": 1, "Inner Unique": false, "Plans": [{"Node Type": "Seq Scan", "Parent Relationship": "Outer", "Parallel Aware": false, "Async Capable": false, "Relation Name": "comments", "Alias": "c", "Startup Cost": 0.0, "Total Cost": 3522.81, "Plan Rows": 2, "Plan Width": 4, "Actual Rows": 3, "Actual Loops": 1, "Filter": "(score = 26)", "Rows Removed by Filter": 174302}, {"Node Type": "Index Scan", "Parent Relationship": "Inner", "Parallel Aware": false, "Async Capable": false, "Scan Direction": "Forward", "Index Name": "idx_posts_owneruserid", "Relation Name": "posts", "Alias": "p", "Startup Cost": 0.29, "Total Cost": 14.82, "Plan Rows": 1, "Plan Width": 8, "Actual Rows": 43, "Actual Loops": 3, "Index Cond": "(owneruserid = c.userid)", "Rows Removed by Index Recheck": 0, "Filter": "((creationdate >= '2010-07-19 17:51:43'::timestamp without time zone) AND (creationdate <= '2012-10-06 19:08:33'::timestamp without time zone))", "Rows Removed by Filter": 31}]}, {"Node Type": "Index Scan", "Parent Relationship": "Inner", "Parallel Aware": false, "Async Capable": false, "Scan Direction": "Forward", "Index Name": "idx_postlinks_postid", "Relation Name": "postlinks", "Alias": "pl", "Startup Cost": 0.29, "Total Cost": 0.32, "Plan Rows": 1, "Plan Width": 4, "Actual Rows": 0, "Actual Loops": 130, "Index Cond": "(postid = p.id)", "Rows Removed by Index Recheck": 0, "Filter": "((creationdate >= '2014-04-11 00:36:39'::timestamp without time zone) AND (linktypeid = 1))", "Rows Removed by Filter": 0}]}]}, "Planning Time": 0.943, "Triggers": [], "Execution Time": 16.397}, {"Plan": {"Node Type": "Aggregate", "Strategy": "Plain", "Partial Mode": "Simple", "Parallel Aware": false, "Async Capable": false, "Startup Cost": 3811.96, "Total Cost": 3811.97, "Plan Rows": 1, "Plan Width": 8, "Actual Rows": 1, "Actual Loops": 1, "Plans": [{"Node Type": "Hash Join", "Parent Relationship": "Outer", "Parallel Aware": false, "Async Capable": false, "Join Type": "Inner", "Startup Cost": 3555.4, "Total Cost": 3811.95, "Plan Rows": 2.0, "Plan Width": 0, "Actual Rows": 1, "Actual Loops": 1, "Inner Unique": false, "Hash Cond": "(pl.postid = p.id)", "Plans": [{"Node Type": "Seq Scan", "Parent Relationship": "Outer", "Parallel Aware": false, "Async Capable": false, "Relation Name": "postlinks", "Alias": "pl", "Startup Cost": 0.0, "Total Cost": 248.53, "Plan Rows": 2125, "Plan Width": 4, "Actual Rows": 2102, "Actual Loops": 1, "Filter": "((creationdate >= '2014-04-11 00:36:39'::timestamp without time zone) AND (linktypeid = 1))", "Rows Removed by Filter": 9000}, {"Node Type": "Hash", "Parent Relationship": "Inner", "Parallel Aware": false, "Async Capable": false, "Startup Cost": 3552.48, "Total Cost": 3552.48, "Plan Rows": 10.0, "Plan Width": 4, "Actual Rows": 130, "Actual Loops": 1, "Hash Buckets": 1024, "Original Hash Buckets": 1024, "Hash Batches": 1, "Original Hash Batches": 1, "Peak Memory Usage": 13, "Plans": [{"Node Type": "Nested Loop", "Parent Relationship": "Outer", "Parallel Aware": false, "Async Capable": false, "Join Type": "Inner", "Startup Cost": 0.29, "Total Cost": 3552.48, "Plan Rows": 10.0, "Plan Width": 4, "Actual Rows": 130, "Actual Loops": 1, "Inner Unique": false, "Plans": [{"Node Type": "Seq Scan", "Parent Relationship": "Outer", "Parallel Aware": false, "Async Capable": false, "Relation Name": "comments", "Alias": "c", "Startup Cost": 0.0, "Total Cost": 3522.81, "Plan Rows": 2, "Plan Width": 4, "Actual Rows": 3, "Actual Loops": 1, "Filter": "(score = 26)", "Rows Removed by Filter": 174302}, {"Node Type": "Index Scan", "Parent Relationship": "Inner", "Parallel Aware": false, "Async Capable": false, "Scan Direction": "Forward", "Index Name": "idx_posts_owneruserid", "Relation Name": "posts", "Alias": "p", "Startup Cost": 0.29, "Total Cost": 14.82, "Plan Rows": 1, "Plan Width": 8, "Actual Rows": 43, "Actual Loops": 3, "Index Cond": "(owneruserid = c.userid)", "Rows Removed by Index Recheck": 0, "Filter": "((creationdate >= '2010-07-19 17:51:43'::timestamp without time zone) AND (creationdate <= '2012-10-06 19:08:33'::timestamp without time zone))", "Rows Removed by Filter": 31}]}]}]}]}, "Planning Time": 0.837, "Triggers": [], "Execution Time": 14.643}]