[{"Plan": {"Node Type": "Aggregate", "Strategy": "Plain", "Partial Mode": "Simple", "Parallel Aware": false, "Async Capable": false, "Startup Cost": 1008.8, "Total Cost": 1008.81, "Plan Rows": 1, "Plan Width": 8, "Actual Rows": 1, "Actual Loops": 1, "Plans": [{"Node Type": "Nested Loop", "Parent Relationship": "Outer", "Parallel Aware": false, "Async Capable": false, "Join Type": "Inner", "Startup Cost": 0.59, "Total Cost": 1008.49, "Plan Rows": 49.0, "Plan Width": 0, "Actual Rows": 1650436, "Actual Loops": 1, "Inner Unique": false, "Join Filter": "(c.userid = u.id)", "Rows Removed by Join Filter": 0, "Plans": [{"Node Type": "Nested Loop", "Parent Relationship": "Outer", "Parallel Aware": false, "Async Capable": false, "Join Type": "Inner", "Startup Cost": 0.29, "Total Cost": 1007.06, "Plan Rows": 39.0, "Plan Width": 8, "Actual Rows": 915, "Actual Loops": 1, "Inner Unique": false, "Plans": [{"Node Type": "Seq Scan", "Parent Relationship": "Outer", "Parallel Aware": false, "Async Capable": false, "Relation Name": "users", "Alias": "u", "Startup Cost": 0.0, "Total Cost": 1002.69, "Plan Rows": 1, "Plan Width": 4, "Actual Rows": 4, "Actual Loops": 1, "Filter": "((views >= 4523) AND (downvotes >= 140) AND (downvotes <= 432))", "Rows Removed by Filter": 40321}, {"Node Type": "Index Only Scan", "Parent Relationship": "Inner", "Parallel Aware": false, "Async Capable": false, "Scan Direction": "Forward", "Index Name": "idx_badges_userid", "Relation Name": "badges", "Alias": "b", "Startup Cost": 0.29, "Total Cost": 4.35, "Plan Rows": 3, "Plan Width": 4, "Actual Rows": 229, "Actual Loops": 4, "Index Cond": "(userid = u.id)", "Rows Removed by Index Recheck": 0, "Heap Fetches": 0}]}, {"Node Type": "Index Scan", "Parent Relationship": "Inner", "Parallel Aware": false, "Async Capable": false, "Scan Direction": "Forward", "Index Name": "idx_comments_userid", "Relation Name": "comments", "Alias": "c", "Startup Cost": 0.29, "Total Cost": 0.66, "Plan Rows": 4, "Plan Width": 4, "Actual Rows": 1804, "Actual Loops": 915, "Index Cond": "(userid = b.userid)", "Rows Removed by Index Recheck": 0, "Filter": "((creationdate >= '2013-01-25 09:36:41'::timestamp without time zone) AND (creationdate <= '2014-02-11 08:54:10'::timestamp without time zone))", "Rows Removed by Filter": 2795}]}]}, "Planning Time": 0.828, "Triggers": [], "Execution Time": 627.737}, {"Plan": {"Node Type": "Aggregate", "Strategy": "Plain", "Partial Mode": "Simple", "Parallel Aware": false, "Async Capable": false, "Startup Cost": 1008.8, "Total Cost": 1008.81, "Plan Rows": 1, "Plan Width": 8, "Actual Rows": 1, "Actual Loops": 1, "Plans": [{"Node Type": "Nested Loop", "Parent Relationship": "Outer", "Parallel Aware": false, "Async Capable": false, "Join Type": "Inner", "Startup Cost": 0.59, "Total Cost": 1008.49, "Plan Rows": 49.0, "Plan Width": 0, "Actual Rows": 1650436, "Actual Loops": 1, "Inner Unique": false, "Join Filter": "(c.userid = u.id)", "Rows Removed by Join Filter": 0, "Plans": [{"Node Type": "Nested Loop", "Parent Relationship": "Outer", "Parallel Aware": false, "Async Capable": false, "Join Type": "Inner", "Startup Cost": 0.29, "Total Cost": 1007.06, "Plan Rows": 39.0, "Plan Width": 8, "Actual Rows": 915, "Actual Loops": 1, "Inner Unique": false, "Plans": [{"Node Type": "Seq Scan", "Parent Relationship": "Outer", "Parallel Aware": false, "Async Capable": false, "Relation Name": "users", "Alias": "u", "Startup Cost": 0.0, "Total Cost": 1002.69, "Plan Rows": 1, "Plan Width": 4, "Actual Rows": 4, "Actual Loops": 1, "Filter": "((views >= 4523) AND (downvotes >= 140) AND (downvotes <= 432))", "Rows Removed by Filter": 40321}, {"Node Type": "Index Only Scan", "Parent Relationship": "Inner", "Parallel Aware": false, "Async Capable": false, "Scan Direction": "Forward", "Index Name": "idx_badges_userid", "Relation Name": "badges", "Alias": "b", "Startup Cost": 0.29, "Total Cost": 4.35, "Plan Rows": 3, "Plan Width": 4, "Actual Rows": 229, "Actual Loops": 4, "Index Cond": "(userid = u.id)", "Rows Removed by Index Recheck": 0, "Heap Fetches": 0}]}, {"Node Type": "Index Scan", "Parent Relationship": "Inner", "Parallel Aware": false, "Async Capable": false, "Scan Direction": "Forward", "Index Name": "idx_comments_userid", "Relation Name": "comments", "Alias": "c", "Startup Cost": 0.29, "Total Cost": 0.66, "Plan Rows": 4, "Plan Width": 4, "Actual Rows": 1804, "Actual Loops": 915, "Index Cond": "(userid = b.userid)", "Rows Removed by Index Recheck": 0, "Filter": "((creationdate >= '2013-01-25 09:36:41'::timestamp without time zone) AND (creationdate <= '2014-02-11 08:54:10'::timestamp without time zone))", "Rows Removed by Filter": 2795}]}]}, "Planning Time": 0.74, "Triggers": [], "Execution Time": 625.461}, {"Plan": {"Node Type": "Aggregate", "Strategy": "Plain", "Partial Mode": "Simple", "Parallel Aware": false, "Async Capable": false, "Startup Cost": 1049.15, "Total Cost": 1049.16, "Plan Rows": 1, "Plan Width": 8, "Actual Rows": 1, "Actual Loops": 1, "Plans": [{"Node Type": "Nested Loop", "Parent Relationship": "Outer", "Parallel Aware": false, "Async Capable": false, "Join Type": "Inner", "Startup Cost": 0.59, "Total Cost": 1048.84, "Plan Rows": 49.0, "Plan Width": 0, "Actual Rows": 1650436, "Actual Loops": 1, "Inner Unique": false, "Plans": [{"Node Type": "Nested Loop", "Parent Relationship": "Outer", "Parallel Aware": false, "Async Capable": false, "Join Type": "Inner", "Startup Cost": 0.29, "Total Cost": 1048.45, "Plan Rows": 2.0, "Plan Width": 8, "Actual Rows": 5515, "Actual Loops": 1, "Inner Unique": false, "Plans": [{"Node Type": "Seq Scan", "Parent Relationship": "Outer", "Parallel Aware": false, "Async Capable": false, "Relation Name": "users", "Alias": "u", "Startup Cost": 0.0, "Total Cost": 1002.69, "Plan Rows": 1, "Plan Width": 4, "Actual Rows": 4, "Actual Loops": 1, "Filter": "((views >= 4523) AND (downvotes >= 140) AND (downvotes <= 432))", "Rows Removed by Filter": 40321}, {"Node Type": "Index Scan", "Parent Relationship": "Inner", "Parallel Aware": false, "Async Capable": false, "Scan Direction": "Forward", "Index Name": "idx_comments_userid", "Relation Name": "comments", "Alias": "c", "Startup Cost": 0.29, "Total Cost": 45.73, "Plan Rows": 4, "Plan Width": 4, "Actual Rows": 1379, "Actual Loops": 4, "Index Cond": "(userid = u.id)", "Rows Removed by Index Recheck": 0, "Filter": "((creationdate >= '2013-01-25 09:36:41'::timestamp without time zone) AND (creationdate <= '2014-02-11 08:54:10'::timestamp without time zone))", "Rows Removed by Filter": 2616}]}, {"Node Type": "Index Only Scan", "Parent Relationship": "Inner", "Parallel Aware": false, "Async Capable": false, "Scan Direction": "Forward", "Index Name": "idx_badges_userid", "Relation Name": "badges", "Alias": "b", "Startup Cost": 0.29, "Total Cost": 0.35, "Plan Rows": 3, "Plan Width": 4, "Actual Rows": 299, "Actual Loops": 5515, "Index Cond": "(userid = c.userid)", "Rows Removed by Index Recheck": 0, "Heap Fetches": 0}]}]}, "Planning Time": 0.722, "Triggers": [], "Execution Time": 122.673}, {"Plan": {"Node Type": "Aggregate", "Strategy": "Plain", "Partial Mode": "Finalize", "Parallel Aware": false, "Async Capable": false, "Startup Cost": 18890.05, "Total Cost": 18890.06, "Plan Rows": 1, "Plan Width": 8, "Actual Rows": 1, "Actual Loops": 1, "Plans": [{"Node Type": "Gather", "Parent Relationship": "Outer", "Parallel Aware": false, "Async Capable": false, "Startup Cost": 18889.93, "Total Cost": 18890.04, "Plan Rows": 1, "Plan Width": 8, "Actual Rows": 2, "Actual Loops": 1, "Workers Planned": 1, "Workers Launched": 1, "Single Copy": false, "Plans": [{"Node Type": "Aggregate", "Strategy": "Plain", "Partial Mode": "Partial", "Parent Relationship": "Outer", "Parallel Aware": false, "Async Capable": false, "Startup Cost": 17889.93, "Total Cost": 17889.94, "Plan Rows": 1, "Plan Width": 8, "Actual Rows": 1, "Actual Loops": 2, "Workers": [], "Plans": [{"Node Type": "Hash Join", "Parent Relationship": "Outer", "Parallel Aware": false, "Async Capable": false, "Join Type": "Inner", "Startup Cost": 1003.0, "Total Cost": 17889.75, "Plan Rows": 49.0, "Plan Width": 0, "Actual Rows": 825218, "Actual Loops": 2, "Inner Unique": true, "Hash Cond": "(c.userid = u.id)", "Workers": [], "Plans": [{"Node Type": "Nested Loop", "Parent Relationship": "Outer", "Parallel Aware": false, "Async Capable": false, "Join Type": "Inner", "Startup Cost": 0.3, "Total Cost": 9129.24, "Plan Rows": 25747.0, "Plan Width": 8, "Actual Rows": 2603756, "Actual Loops": 2, "Inner Unique": false, "Workers": [], "Plans": [{"Node Type": "Seq Scan", "Parent Relationship": "Outer", "Parallel Aware": true, "Async Capable": false, "Relation Name": "comments", "Alias": "c", "Startup Cost": 0.0, "Total Cost": 2881.99, "Plan Rows": 33105, "Plan Width": 4, "Actual Rows": 28176, "Actual Loops": 2, "Filter": "((creationdate >= '2013-01-25 09:36:41'::timestamp without time zone) AND (creationdate <= '2014-02-11 08:54:10'::timestamp without time zone))", "Rows Removed by Filter": 58977, "Workers": []}, {"Node Type": "Memoize", "Parent Relationship": "Inner", "Parallel Aware": false, "Async Capable": false, "Startup Cost": 0.3, "Total Cost": 0.36, "Plan Rows": 3, "Plan Width": 4, "Actual Rows": 92, "Actual Loops": 56351, "Cache Key": "c.userid", "Cache Mode": "logical", "Cache Hits": 24557, "Cache Misses": 4045, "Cache Evictions": 0, "Cache Overflows": 0, "Peak Memory Usage": 1272, "Workers": [{"Worker Number": 0, "Cache Hits": 23751, "Cache Misses": 3998, "Cache Evictions": 0, "Cache Overflows": 0, "Peak Memory Usage": 1267}], "Plans": [{"Node Type": "Index Only Scan", "Parent Relationship": "Outer", "Parallel Aware": false, "Async Capable": false, "Scan Direction": "Forward", "Index Name": "idx_badges_userid", "Relation Name": "badges", "Alias": "b", "Startup Cost": 0.29, "Total Cost": 0.35, "Plan Rows": 3, "Plan Width": 4, "Actual Rows": 7, "Actual Loops": 8043, "Index Cond": "(userid = c.userid)", "Rows Removed by Index Recheck": 0, "Heap Fetches": 0, "Workers": []}]}]}, {"Node Type": "Hash", "Parent Relationship": "Inner", "Parallel Aware": false, "Async Capable": false, "Startup Cost": 1002.69, "Total Cost": 1002.69, "Plan Rows": 1, "Plan Width": 4, "Actual Rows": 4, "Actual Loops": 2, "Hash Buckets": 1024, "Original Hash Buckets": 1024, "Hash Batches": 1, "Original Hash Batches": 1, "Peak Memory Usage": 9, "Workers": [], "Plans": [{"Node Type": "Seq Scan", "Parent Relationship": "Outer", "Parallel Aware": false, "Async Capable": false, "Relation Name": "users", "Alias": "u", "Startup Cost": 0.0, "Total Cost": 1002.69, "Plan Rows": 1, "Plan Width": 4, "Actual Rows": 4, "Actual Loops": 2, "Filter": "((views >= 4523) AND (downvotes >= 140) AND (downvotes <= 432))", "Rows Removed by Filter": 40321, "Workers": []}]}]}]}]}]}, "Planning Time": 1.534, "Triggers": [], "Execution Time": 259.927}, {"Plan": {"Node Type": "Aggregate", "Strategy": "Plain", "Partial Mode": "Simple", "Parallel Aware": false, "Async Capable": false, "Startup Cost": 2579.61, "Total Cost": 2579.62, "Plan Rows": 1, "Plan Width": 8, "Actual Rows": 1, "Actual Loops": 1, "Plans": [{"Node Type": "Hash Join", "Parent Relationship": "Outer", "Parallel Aware": false, "Async Capable": false, "Join Type": "Inner", "Startup Cost": 1048.47, "Total Cost": 2579.31, "Plan Rows": 49.0, "Plan Width": 0, "Actual Rows": 1650436, "Actual Loops": 1, "Inner Unique": false, "Hash Cond": "(b.userid = c.userid)", "Plans": [{"Node Type": "Seq Scan", "Parent Relationship": "Outer", "Parallel Aware": false, "Async Capable": false, "Relation Name": "badges", "Alias": "b", "Startup Cost": 0.0, "Total Cost": 1230.51, "Plan Rows": 79851, "Plan Width": 4, "Actual Rows": 79851, "Actual Loops": 1}, {"Node Type": "Hash", "Parent Relationship": "Inner", "Parallel Aware": false, "Async Capable": false, "Startup Cost": 1048.45, "Total Cost": 1048.45, "Plan Rows": 2.0, "Plan Width": 8, "Actual Rows": 5515, "Actual Loops": 1, "Hash Buckets": 8192, "Original Hash Buckets": 1024, "Hash Batches": 1, "Original Hash Batches": 1, "Peak Memory Usage": 280, "Plans": [{"Node Type": "Nested Loop", "Parent Relationship": "Outer", "Parallel Aware": false, "Async Capable": false, "Join Type": "Inner", "Startup Cost": 0.29, "Total Cost": 1048.45, "Plan Rows": 2.0, "Plan Width": 8, "Actual Rows": 5515, "Actual Loops": 1, "Inner Unique": false, "Plans": [{"Node Type": "Seq Scan", "Parent Relationship": "Outer", "Parallel Aware": false, "Async Capable": false, "Relation Name": "users", "Alias": "u", "Startup Cost": 0.0, "Total Cost": 1002.69, "Plan Rows": 1, "Plan Width": 4, "Actual Rows": 4, "Actual Loops": 1, "Filter": "((views >= 4523) AND (downvotes >= 140) AND (downvotes <= 432))", "Rows Removed by Filter": 40321}, {"Node Type": "Index Scan", "Parent Relationship": "Inner", "Parallel Aware": false, "Async Capable": false, "Scan Direction": "Forward", "Index Name": "idx_comments_userid", "Relation Name": "comments", "Alias": "c", "Startup Cost": 0.29, "Total Cost": 45.73, "Plan Rows": 4, "Plan Width": 4, "Actual Rows": 1379, "Actual Loops": 4, "Index Cond": "(userid = u.id)", "Rows Removed by Index Recheck": 0, "Filter": "((creationdate >= '2013-01-25 09:36:41'::timestamp without time zone) AND (creationdate <= '2014-02-11 08:54:10'::timestamp without time zone))", "Rows Removed by Filter": 2616}]}]}]}]}, "Planning Time": 0.998, "Triggers": [], "Execution Time": 112.533}, {"Plan": {"Node Type": "Aggregate", "Strategy": "Plain", "Partial Mode": "Finalize", "Parallel Aware": false, "Async Capable": false, "Startup Cost": 5054.91, "Total Cost": 5054.92, "Plan Rows": 1, "Plan Width": 8, "Actual Rows": 1, "Actual Loops": 1, "Plans": [{"Node Type": "Gather", "Parent Relationship": "Outer", "Parallel Aware": false, "Async Capable": false, "Startup Cost": 5054.8, "Total Cost": 5054.91, "Plan Rows": 1, "Plan Width": 8, "Actual Rows": 2, "Actual Loops": 1, "Workers Planned": 1, "Workers Launched": 1, "Single Copy": false, "Plans": [{"Node Type": "Aggregate", "Strategy": "Plain", "Partial Mode": "Partial", "Parent Relationship": "Outer", "Parallel Aware": false, "Async Capable": false, "Startup Cost": 4054.8, "Total Cost": 4054.81, "Plan Rows": 1, "Plan Width": 8, "Actual Rows": 1, "Actual Loops": 2, "Workers": [], "Plans": [{"Node Type": "Hash Join", "Parent Relationship": "Outer", "Parallel Aware": false, "Async Capable": false, "Join Type": "Inner", "Startup Cost": 1007.09, "Total Cost": 4054.62, "Plan Rows": 49.0, "Plan Width": 0, "Actual Rows": 825218, "Actual Loops": 2, "Inner Unique": false, "Hash Cond": "(c.userid = u.id)", "Workers": [], "Plans": [{"Node Type": "Seq Scan", "Parent Relationship": "Outer", "Parallel Aware": true, "Async Capable": false, "Relation Name": "comments", "Alias": "c", "Startup Cost": 0.0, "Total Cost": 2881.99, "Plan Rows": 33105, "Plan Width": 4, "Actual Rows": 28176, "Actual Loops": 2, "Filter": "((creationdate >= '2013-01-25 09:36:41'::timestamp without time zone) AND (creationdate <= '2014-02-11 08:54:10'::timestamp without time zone))", "Rows Removed by Filter": 58977, "Workers": []}, {"Node Type": "Hash", "Parent Relationship": "Inner", "Parallel Aware": false, "Async Capable": false, "Startup Cost": 1007.06, "Total Cost": 1007.06, "Plan Rows": 39.0, "Plan Width": 8, "Actual Rows": 915, "Actual Loops": 2, "Hash Buckets": 1024, "Original Hash Buckets": 1024, "Hash Batches": 1, "Original Hash Batches": 1, "Peak Memory Usage": 44, "Workers": [], "Plans": [{"Node Type": "Nested Loop", "Parent Relationship": "Outer", "Parallel Aware": false, "Async Capable": false, "Join Type": "Inner", "Startup Cost": 0.29, "Total Cost": 1007.06, "Plan Rows": 39.0, "Plan Width": 8, "Actual Rows": 915, "Actual Loops": 2, "Inner Unique": false, "Workers": [], "Plans": [{"Node Type": "Seq Scan", "Parent Relationship": "Outer", "Parallel Aware": false, "Async Capable": false, "Relation Name": "users", "Alias": "u", "Startup Cost": 0.0, "Total Cost": 1002.69, "Plan Rows": 1, "Plan Width": 4, "Actual Rows": 4, "Actual Loops": 2, "Filter": "((views >= 4523) AND (downvotes >= 140) AND (downvotes <= 432))", "Rows Removed by Filter": 40321, "Workers": []}, {"Node Type": "Index Only Scan", "Parent Relationship": "Inner", "Parallel Aware": false, "Async Capable": false, "Scan Direction": "Forward", "Index Name": "idx_badges_userid", "Relation Name": "badges", "Alias": "b", "Startup Cost": 0.29, "Total Cost": 4.35, "Plan Rows": 3, "Plan Width": 4, "Actual Rows": 229, "Actual Loops": 8, "Index Cond": "(userid = u.id)", "Rows Removed by Index Recheck": 0, "Heap Fetches": 0, "Workers": []}]}]}]}]}]}]}, "Planning Time": 1.256, "Triggers": [], "Execution Time": 74.095}, {"Plan": {"Node Type": "Aggregate", "Strategy": "Plain", "Partial Mode": "Simple", "Parallel Aware": false, "Async Capable": false, "Startup Cost": 42198.08, "Total Cost": 42198.09, "Plan Rows": 1, "Plan Width": 8, "Actual Rows": 1, "Actual Loops": 1, "Plans": [{"Node Type": "Merge Join", "Parent Relationship": "Outer", "Parallel Aware": false, "Async Capable": false, "Join Type": "Inner", "Startup Cost": 0.89, "Total Cost": 42197.78, "Plan Rows": 49.0, "Plan Width": 0, "Actual Rows": 1650436, "Actual Loops": 1, "Inner Unique": false, "Merge Cond": "(u.id = c.userid)", "Plans": [{"Node Type": "Index Scan", "Parent Relationship": "Outer", "Parallel Aware": false, "Async Capable": false, "Scan Direction": "Forward", "Index Name": "users_pkey", "Relation Name": "users", "Alias": "u", "Startup Cost": 0.29, "Total Cost": 1659.6, "Plan Rows": 1, "Plan Width": 4, "Actual Rows": 4, "Actual Loops": 1, "Filter": "((views >= 4523) AND (downvotes >= 140) AND (downvotes <= 432))", "Rows Removed by Filter": 40321}, {"Node Type": "Materialize", "Parent Relationship": "Inner", "Parallel Aware": false, "Async Capable": false, "Startup Cost": 0.6, "Total Cost": 28659.71, "Plan Rows": 25747.0, "Plan Width": 8, "Actual Rows": 4148492, "Actual Loops": 1, "Plans": [{"Node Type": "Nested Loop", "Parent Relationship": "Outer", "Parallel Aware": false, "Async Capable": false, "Join Type": "Inner", "Startup Cost": 0.6, "Total Cost": 16100.73, "Plan Rows": 25747.0, "Plan Width": 8, "Actual Rows": 4148492, "Actual Loops": 1, "Inner Unique": false, "Plans": [{"Node Type": "Index Scan", "Parent Relationship": "Outer", "Parallel Aware": false, "Async Capable": false, "Scan Direction": "Forward", "Index Name": "idx_comments_userid", "Relation Name": "comments", "Alias": "c", "Startup Cost": 0.29, "Total Cost": 8694.72, "Plan Rows": 56279, "Plan Width": 4, "Actual Rows": 18153, "Actual Loops": 1, "Filter": "((creationdate >= '2013-01-25 09:36:41'::timestamp without time zone) AND (creationdate <= '2014-02-11 08:54:10'::timestamp without time zone))", "Rows Removed by Filter": 54814}, {"Node Type": "Memoize", "Parent Relationship": "Inner", "Parallel Aware": false, "Async Capable": false, "Startup Cost": 0.3, "Total Cost": 0.36, "Plan Rows": 3, "Plan Width": 4, "Actual Rows": 229, "Actual Loops": 18153, "Cache Key": "c.userid", "Cache Mode": "logical", "Cache Hits": 17787, "Cache Misses": 366, "Cache Evictions": 0, "Cache Overflows": 0, "Peak Memory Usage": 361, "Plans": [{"Node Type": "Index Only Scan", "Parent Relationship": "Outer", "Parallel Aware": false, "Async Capable": false, "Scan Direction": "Forward", "Index Name": "idx_badges_userid", "Relation Name": "badges", "Alias": "b", "Startup Cost": 0.29, "Total Cost": 0.35, "Plan Rows": 3, "Plan Width": 4, "Actual Rows": 26, "Actual Loops": 366, "Index Cond": "(userid = c.userid)", "Rows Removed by Index Recheck": 0, "Heap Fetches": 0}]}]}]}]}]}, "Planning Time": 1.693, "Triggers": [], "Execution Time": 966.539}, {"Plan": {"Node Type": "Aggregate", "Strategy": "Plain", "Partial Mode": "Simple", "Parallel Aware": false, "Async Capable": false, "Startup Cost": 2444.58, "Total Cost": 2444.59, "Plan Rows": 1, "Plan Width": 8, "Actual Rows": 1, "Actual Loops": 1, "Plans": [{"Node Type": "Nested Loop", "Parent Relationship": "Outer", "Parallel Aware": false, "Async Capable": false, "Join Type": "Inner", "Startup Cost": 1003.0, "Total Cost": 2444.27, "Plan Rows": 49.0, "Plan Width": 0, "Actual Rows": 1650436, "Actual Loops": 1, "Inner Unique": false, "Join Filter": "(c.userid = u.id)", "Rows Removed by Join Filter": 0, "Plans": [{"Node Type": "Hash Join", "Parent Relationship": "Outer", "Parallel Aware": false, "Async Capable": false, "Join Type": "Inner", "Startup Cost": 1002.7, "Total Cost": 2442.84, "Plan Rows": 39.0, "Plan Width": 8, "Actual Rows": 915, "Actual Loops": 1, "Inner Unique": true, "Hash Cond": "(b.userid = u.id)", "Plans": [{"Node Type": "Seq Scan", "Parent Relationship": "Outer", "Parallel Aware": false, "Async Capable": false, "Relation Name": "badges", "Alias": "b", "Startup Cost": 0.0, "Total Cost": 1230.51, "Plan Rows": 79851, "Plan Width": 4, "Actual Rows": 79851, "Actual Loops": 1}, {"Node Type": "Hash", "Parent Relationship": "Inner", "Parallel Aware": false, "Async Capable": false, "Startup Cost": 1002.69, "Total Cost": 1002.69, "Plan Rows": 1, "Plan Width": 4, "Actual Rows": 4, "Actual Loops": 1, "Hash Buckets": 1024, "Original Hash Buckets": 1024, "Hash Batches": 1, "Original Hash Batches": 1, "Peak Memory Usage": 9, "Plans": [{"Node Type": "Seq Scan", "Parent Relationship": "Outer", "Parallel Aware": false, "Async Capable": false, "Relation Name": "users", "Alias": "u", "Startup Cost": 0.0, "Total Cost": 1002.69, "Plan Rows": 1, "Plan Width": 4, "Actual Rows": 4, "Actual Loops": 1, "Filter": "((views >= 4523) AND (downvotes >= 140) AND (downvotes <= 432))", "Rows Removed by Filter": 40321}]}]}, {"Node Type": "Index Scan", "Parent Relationship": "Inner", "Parallel Aware": false, "Async Capable": false, "Scan Direction": "Forward", "Index Name": "idx_comments_userid", "Relation Name": "comments", "Alias": "c", "Startup Cost": 0.29, "Total Cost": 0.66, "Plan Rows": 4, "Plan Width": 4, "Actual Rows": 1804, "Actual Loops": 915, "Index Cond": "(userid = b.userid)", "Rows Removed by Index Recheck": 0, "Filter": "((creationdate >= '2013-01-25 09:36:41'::timestamp without time zone) AND (creationdate <= '2014-02-11 08:54:10'::timestamp without time zone))", "Rows Removed by Filter": 2795}]}]}, "Planning Time": 1.455, "Triggers": [], "Execution Time": 654.898}]