[{"Plan": {"Node Type": "Aggregate", "Strategy": "Plain", "Partial Mode": "Simple", "Parallel Aware": false, "Async Capable": false, "Startup Cost": 2684.84, "Total Cost": 2684.85, "Plan Rows": 1, "Plan Width": 8, "Actual Rows": 1, "Actual Loops": 1, "Plans": [{"Node Type": "Nested Loop", "Parent Relationship": "Outer", "Parallel Aware": false, "Async Capable": false, "Join Type": "Inner", "Startup Cost": 1321.08, "Total Cost": 2684.67, "Plan Rows": 8.0, "Plan Width": 0, "Actual Rows": 38955, "Actual Loops": 1, "Inner Unique": false, "Join Filter": "(c.userid = u.id)", "Rows Removed by Join Filter": 0, "Plans": [{"Node Type": "Nested Loop", "Parent Relationship": "Outer", "Parallel Aware": false, "Async Capable": false, "Join Type": "Inner", "Startup Cost": 1320.79, "Total Cost": 2683.81, "Plan Rows": 73.0, "Plan Width": 16, "Actual Rows": 265, "Actual Loops": 1, "Inner Unique": false, "Plans": [{"Node Type": "Nested Loop", "Parent Relationship": "Outer", "Parallel Aware": false, "Async Capable": false, "Join Type": "Inner", "Startup Cost": 1320.5, "Total Cost": 2683.0, "Plan Rows": 9.0, "Plan Width": 12, "Actual Rows": 5, "Actual Loops": 1, "Inner Unique": false, "Plans": [{"Node Type": "Merge Join", "Parent Relationship": "Outer", "Parallel Aware": false, "Async Capable": false, "Join Type": "Inner", "Startup Cost": 1320.2, "Total Cost": 2657.33, "Plan Rows": 434.0, "Plan Width": 8, "Actual Rows": 249, "Actual Loops": 1, "Inner Unique": true, "Merge Cond": "(v.userid = u.id)", "Plans": [{"Node Type": "Index Scan", "Parent Relationship": "Outer", "Parallel Aware": false, "Async Capable": false, "Scan Direction": "Forward", "Index Name": "idx_votes_userid", "Relation Name": "votes", "Alias": "v", "Startup Cost": 0.42, "Total Cost": 12422.47, "Plan Rows": 1649, "Plan Width": 4, "Actual Rows": 997, "Actual Loops": 1, "Filter": "(bountyamount <= 109)", "Rows Removed by Filter": 32392}, {"Node Type": "Sort", "Parent Relationship": "Inner", "Parallel Aware": false, "Async Capable": false, "Startup Cost": 1319.78, "Total Cost": 1332.64, "Plan Rows": 5144, "Plan Width": 4, "Actual Rows": 5128, "Actual Loops": 1, "Sort Key": ["u.id"], "Sort Method": "quicksort", "Sort Space Used": 193, "Sort Space Type": "Memory", "Plans": [{"Node Type": "Seq Scan", "Parent Relationship": "Outer", "Parallel Aware": false, "Async Capable": false, "Relation Name": "users", "Alias": "u", "Startup Cost": 0.0, "Total Cost": 1002.69, "Plan Rows": 5144, "Plan Width": 4, "Actual Rows": 5128, "Actual Loops": 1, "Filter": "((downvotes <= 1177) AND (creationdate >= '2011-08-28 04:34:59'::timestamp without time zone) AND (creationdate <= '2012-06-18 00:47:33'::timestamp without time zone))", "Rows Removed by Filter": 35197}]}]}, {"Node Type": "Index Scan", "Parent Relationship": "Inner", "Parallel Aware": false, "Async Capable": false, "Scan Direction": "Forward", "Index Name": "idx_posts_owneruserid", "Relation Name": "posts", "Alias": "p", "Startup Cost": 0.29, "Total Cost": 1.16, "Plan Rows": 1, "Plan Width": 4, "Actual Rows": 0, "Actual Loops": 249, "Index Cond": "(owneruserid = u.id)", "Rows Removed by Index Recheck": 0, "Filter": "((score >= 116) AND (score <= 189) AND (creationdate >= '2011-02-12 19:38:00'::timestamp without time zone) AND (creationdate <= '2013-05-07 02:58:06'::timestamp without time zone))", "Rows Removed by Filter": 57}]}, {"Node Type": "Index Scan", "Parent Relationship": "Inner", "Parallel Aware": false, "Async Capable": false, "Scan Direction": "Forward", "Index Name": "idx_badges_userid", "Relation Name": "badges", "Alias": "b", "Startup Cost": 0.29, "Total Cost": 0.79, "Plan Rows": 1, "Plan Width": 4, "Actual Rows": 53, "Actual Loops": 5, "Index Cond": "(userid = u.id)", "Rows Removed by Index Recheck": 0, "Filter": "(date <= '2012-07-03 19:55:55'::timestamp without time zone)", "Rows Removed by Filter": 203}]}, {"Node Type": "Index Scan", "Parent Relationship": "Inner", "Parallel Aware": false, "Async Capable": false, "Scan Direction": "Forward", "Index Name": "idx_comments_userid", "Relation Name": "comments", "Alias": "c", "Startup Cost": 0.29, "Total Cost": 0.85, "Plan Rows": 1, "Plan Width": 4, "Actual Rows": 147, "Actual Loops": 265, "Index Cond": "(userid = b.userid)", "Rows Removed by Index Recheck": 0, "Filter": "(score = 3)", "Rows Removed by Filter": 3723}]}]}, "Planning Time": 4.488, "Triggers": [], "Execution Time": 206.686}, {"Plan": {"Node Type": "Aggregate", "Strategy": "Plain", "Partial Mode": "Simple", "Parallel Aware": false, "Async Capable": false, "Startup Cost": 8247.89, "Total Cost": 8247.9, "Plan Rows": 1, "Plan Width": 8, "Actual Rows": 1, "Actual Loops": 1, "Plans": [{"Node Type": "Merge Join", "Parent Relationship": "Outer", "Parallel Aware": false, "Async Capable": false, "Join Type": "Inner", "Startup Cost": 5671.22, "Total Cost": 8247.71, "Plan Rows": 8.0, "Plan Width": 0, "Actual Rows": 38955, "Actual Loops": 1, "Inner Unique": false, "Merge Cond": "(u.id = c.userid)", "Plans": [{"Node Type": "Sort", "Parent Relationship": "Outer", "Parallel Aware": false, "Async Capable": false, "Startup Cost": 2737.74, "Total Cost": 2737.74, "Plan Rows": 1.0, "Plan Width": 8, "Actual Rows": 1, "Actual Loops": 1, "Sort Key": ["p.owneruserid"], "Sort Method": "quicksort", "Sort Space Used": 25, "Sort Space Type": "Memory", "Plans": [{"Node Type": "Nested Loop", "Parent Relationship": "Outer", "Parallel Aware": false, "Async Capable": false, "Join Type": "Inner", "Startup Cost": 0.29, "Total Cost": 2737.73, "Plan Rows": 1.0, "Plan Width": 8, "Actual Rows": 1, "Actual Loops": 1, "Inner Unique": true, "Plans": [{"Node Type": "Seq Scan", "Parent Relationship": "Outer", "Parallel Aware": false, "Async Capable": false, "Relation Name": "posts", "Alias": "p", "Startup Cost": 0.0, "Total Cost": 2679.52, "Plan Rows": 7, "Plan Width": 4, "Actual Rows": 2, "Actual Loops": 1, "Filter": "((score >= 116) AND (score <= 189) AND (creationdate >= '2011-02-12 19:38:00'::timestamp without time zone) AND (creationdate <= '2013-05-07 02:58:06'::timestamp without time zone))", "Rows Removed by Filter": 91974}, {"Node Type": "Index Scan", "Parent Relationship": "Inner", "Parallel Aware": false, "Async Capable": false, "Scan Direction": "Forward", "Index Name": "users_pkey", "Relation Name": "users", "Alias": "u", "Startup Cost": 0.29, "Total Cost": 8.31, "Plan Rows": 1, "Plan Width": 4, "Actual Rows": 0, "Actual Loops": 2, "Index Cond": "(id = p.owneruserid)", "Rows Removed by Index Recheck": 0, "Filter": "((downvotes <= 1177) AND (creationdate >= '2011-08-28 04:34:59'::timestamp without time zone) AND (creationdate <= '2012-06-18 00:47:33'::timestamp without time zone))", "Rows Removed by Filter": 0}]}]}, {"Node Type": "Materialize", "Parent Relationship": "Inner", "Parallel Aware": false, "Async Capable": false, "Startup Cost": 2933.48, "Total Cost": 5496.95, "Plan Rows": 5306.0, "Plan Width": 12, "Actual Rows": 1019501, "Actual Loops": 1, "Plans": [{"Node Type": "Nested Loop", "Parent Relationship": "Outer", "Parallel Aware": false, "Async Capable": false, "Join Type": "Inner", "Startup Cost": 2933.48, "Total Cost": 5440.67, "Plan Rows": 5306.0, "Plan Width": 12, "Actual Rows": 1019501, "Actual Loops": 1, "Inner Unique": false, "Join Filter": "(c.userid = v.userid)", "Rows Removed by Join Filter": 0, "Plans": [{"Node Type": "Merge Join", "Parent Relationship": "Outer", "Parallel Aware": false, "Async Capable": false, "Join Type": "Inner", "Startup Cost": 2933.18, "Total Cost": 4361.61, "Plan Rows": 56279.0, "Plan Width": 8, "Actual Rows": 9857, "Actual Loops": 1, "Inner Unique": false, "Merge Cond": "(v.userid = b.userid)", "Plans": [{"Node Type": "Index Scan", "Parent Relationship": "Outer", "Parallel Aware": false, "Async Capable": false, "Scan Direction": "Forward", "Index Name": "idx_votes_userid", "Relation Name": "votes", "Alias": "v", "Startup Cost": 0.42, "Total Cost": 12422.47, "Plan Rows": 1649, "Plan Width": 4, "Actual Rows": 427, "Actual Loops": 1, "Filter": "(bountyamount <= 109)", "Rows Removed by Filter": 13826}, {"Node Type": "Sort", "Parent Relationship": "Inner", "Parallel Aware": false, "Async Capable": false, "Startup Cost": 2932.76, "Total Cost": 2985.1, "Plan Rows": 20937, "Plan Width": 4, "Actual Rows": 21915, "Actual Loops": 1, "Sort Key": ["b.userid"], "Sort Method": "quicksort", "Sort Space Used": 769, "Sort Space Type": "Memory", "Plans": [{"Node Type": "Seq Scan", "Parent Relationship": "Outer", "Parallel Aware": false, "Async Capable": false, "Relation Name": "badges", "Alias": "b", "Startup Cost": 0.0, "Total Cost": 1430.14, "Plan Rows": 20937, "Plan Width": 4, "Actual Rows": 20938, "Actual Loops": 1, "Filter": "(date <= '2012-07-03 19:55:55'::timestamp without time zone)", "Rows Removed by Filter": 58913}]}]}, {"Node Type": "Index Scan", "Parent Relationship": "Inner", "Parallel Aware": false, "Async Capable": false, "Scan Direction": "Forward", "Index Name": "idx_comments_userid", "Relation Name": "comments", "Alias": "c", "Startup Cost": 0.29, "Total Cost": 0.85, "Plan Rows": 1, "Plan Width": 4, "Actual Rows": 103, "Actual Loops": 9857, "Index Cond": "(userid = b.userid)", "Rows Removed by Index Recheck": 0, "Filter": "(score = 3)", "Rows Removed by Filter": 2476}]}]}]}]}, "Planning Time": 5.104, "Triggers": [], "Execution Time": 3588.015}, {"Plan": {"Node Type": "Aggregate", "Strategy": "Plain", "Partial Mode": "Simple", "Parallel Aware": false, "Async Capable": false, "Startup Cost": 7739.28, "Total Cost": 7739.29, "Plan Rows": 1, "Plan Width": 8, "Actual Rows": 1, "Actual Loops": 1, "Plans": [{"Node Type": "Hash Join", "Parent Relationship": "Outer", "Parallel Aware": false, "Async Capable": false, "Join Type": "Inner", "Startup Cost": 3922.68, "Total Cost": 7739.1, "Plan Rows": 8.0, "Plan Width": 0, "Actual Rows": 38955, "Actual Loops": 1, "Inner Unique": false, "Hash Cond": "(u.id = p.owneruserid)", "Plans": [{"Node Type": "Nested Loop", "Parent Relationship": "Outer", "Parallel Aware": false, "Async Capable": false, "Join Type": "Inner", "Startup Cost": 1067.28, "Total Cost": 4848.64, "Plan Rows": 35.0, "Plan Width": 12, "Actual Rows": 13304, "Actual Loops": 1, "Inner Unique": false, "Join Filter": "(c.userid = u.id)", "Rows Removed by Join Filter": 0, "Plans": [{"Node Type": "Hash Join", "Parent Relationship": "Outer", "Parallel Aware": false, "Async Capable": false, "Join Type": "Inner", "Startup Cost": 1066.99, "Total Cost": 2552.1, "Plan Rows": 338.0, "Plan Width": 8, "Actual Rows": 7437, "Actual Loops": 1, "Inner Unique": true, "Hash Cond": "(b.userid = u.id)", "Plans": [{"Node Type": "Seq Scan", "Parent Relationship": "Outer", "Parallel Aware": false, "Async Capable": false, "Relation Name": "badges", "Alias": "b", "Startup Cost": 0.0, "Total Cost": 1430.14, "Plan Rows": 20937, "Plan Width": 4, "Actual Rows": 20938, "Actual Loops": 1, "Filter": "(date <= '2012-07-03 19:55:55'::timestamp without time zone)", "Rows Removed by Filter": 58913}, {"Node Type": "Hash", "Parent Relationship": "Inner", "Parallel Aware": false, "Async Capable": false, "Startup Cost": 1002.69, "Total Cost": 1002.69, "Plan Rows": 5144, "Plan Width": 4, "Actual Rows": 5128, "Actual Loops": 1, "Hash Buckets": 8192, "Original Hash Buckets": 8192, "Hash Batches": 1, "Original Hash Batches": 1, "Peak Memory Usage": 245, "Plans": [{"Node Type": "Seq Scan", "Parent Relationship": "Outer", "Parallel Aware": false, "Async Capable": false, "Relation Name": "users", "Alias": "u", "Startup Cost": 0.0, "Total Cost": 1002.69, "Plan Rows": 5144, "Plan Width": 4, "Actual Rows": 5128, "Actual Loops": 1, "Filter": "((downvotes <= 1177) AND (creationdate >= '2011-08-28 04:34:59'::timestamp without time zone) AND (creationdate <= '2012-06-18 00:47:33'::timestamp without time zone))", "Rows Removed by Filter": 35197}]}]}, {"Node Type": "Index Scan", "Parent Relationship": "Inner", "Parallel Aware": false, "Async Capable": false, "Scan Direction": "Forward", "Index Name": "idx_comments_userid", "Relation Name": "comments", "Alias": "c", "Startup Cost": 0.29, "Total Cost": 0.85, "Plan Rows": 1, "Plan Width": 4, "Actual Rows": 2, "Actual Loops": 7437, "Index Cond": "(userid = b.userid)", "Rows Removed by Index Recheck": 0, "Filter": "(score = 3)", "Rows Removed by Filter": 69}]}, {"Node Type": "Hash", "Parent Relationship": "Inner", "Parallel Aware": false, "Async Capable": false, "Startup Cost": 2855.38, "Total Cost": 2855.38, "Plan Rows": 137.0, "Plan Width": 8, "Actual Rows": 11, "Actual Loops": 1, "Hash Buckets": 1024, "Original Hash Buckets": 1024, "Hash Batches": 1, "Original Hash Batches": 1, "Peak Memory Usage": 9, "Plans": [{"Node Type": "Nested Loop", "Parent Relationship": "Outer", "Parallel Aware": false, "Async Capable": false, "Join Type": "Inner", "Startup Cost": 0.42, "Total Cost": 2855.38, "Plan Rows": 137.0, "Plan Width": 8, "Actual Rows": 11, "Actual Loops": 1, "Inner Unique": false, "Plans": [{"Node Type": "Seq Scan", "Parent Relationship": "Outer", "Parallel Aware": false, "Async Capable": false, "Relation Name": "posts", "Alias": "p", "Startup Cost": 0.0, "Total Cost": 2679.52, "Plan Rows": 7, "Plan Width": 4, "Actual Rows": 2, "Actual Loops": 1, "Filter": "((score >= 116) AND (score <= 189) AND (creationdate >= '2011-02-12 19:38:00'::timestamp without time zone) AND (creationdate <= '2013-05-07 02:58:06'::timestamp without time zone))", "Rows Removed by Filter": 91974}, {"Node Type": "Index Scan", "Parent Relationship": "Inner", "Parallel Aware": false, "Async Capable": false, "Scan Direction": "Forward", "Index Name": "idx_votes_userid", "Relation Name": "votes", "Alias": "v", "Startup Cost": 0.42, "Total Cost": 25.11, "Plan Rows": 1, "Plan Width": 4, "Actual Rows": 6, "Actual Loops": 2, "Index Cond": "(userid = p.owneruserid)", "Rows Removed by Index Recheck": 0, "Filter": "(bountyamount <= 109)", "Rows Removed by Filter": 201}]}]}]}]}, "Planning Time": 5.016, "Triggers": [], "Execution Time": 136.875}, {"Plan": {"Node Type": "Aggregate", "Strategy": "Plain", "Partial Mode": "Simple", "Parallel Aware": false, "Async Capable": false, "Startup Cost": 5466.12, "Total Cost": 5466.13, "Plan Rows": 1, "Plan Width": 8, "Actual Rows": 1, "Actual Loops": 1, "Plans": [{"Node Type": "Hash Join", "Parent Relationship": "Outer", "Parallel Aware": false, "Async Capable": false, "Join Type": "Inner", "Startup Cost": 2697.74, "Total Cost": 5465.94, "Plan Rows": 8.0, "Plan Width": 0, "Actual Rows": 38955, "Actual Loops": 1, "Inner Unique": false, "Hash Cond": "(p.owneruserid = u.id)", "Plans": [{"Node Type": "Nested Loop", "Parent Relationship": "Outer", "Parallel Aware": false, "Async Capable": false, "Join Type": "Inner", "Startup Cost": 0.29, "Total Cost": 2768.21, "Plan Rows": 97.0, "Plan Width": 8, "Actual Rows": 238, "Actual Loops": 1, "Inner Unique": false, "Plans": [{"Node Type": "Seq Scan", "Parent Relationship": "Outer", "Parallel Aware": false, "Async Capable": false, "Relation Name": "posts", "Alias": "p", "Startup Cost": 0.0, "Total Cost": 2679.52, "Plan Rows": 7, "Plan Width": 4, "Actual Rows": 2, "Actual Loops": 1, "Filter": "((score >= 116) AND (score <= 189) AND (creationdate >= '2011-02-12 19:38:00'::timestamp without time zone) AND (creationdate <= '2013-05-07 02:58:06'::timestamp without time zone))", "Rows Removed by Filter": 91974}, {"Node Type": "Index Scan", "Parent Relationship": "Inner", "Parallel Aware": false, "Async Capable": false, "Scan Direction": "Forward", "Index Name": "idx_badges_userid", "Relation Name": "badges", "Alias": "b", "Startup Cost": 0.29, "Total Cost": 12.66, "Plan Rows": 1, "Plan Width": 4, "Actual Rows": 119, "Actual Loops": 2, "Index Cond": "(userid = p.owneruserid)", "Rows Removed by Index Recheck": 0, "Filter": "(date <= '2012-07-03 19:55:55'::timestamp without time zone)", "Rows Removed by Filter": 237}]}, {"Node Type": "Hash", "Parent Relationship": "Inner", "Parallel Aware": false, "Async Capable": false, "Startup Cost": 2695.94, "Total Cost": 2695.94, "Plan Rows": 45.0, "Plan Width": 12, "Actual Rows": 1088, "Actual Loops": 1, "Hash Buckets": 2048, "Original Hash Buckets": 1024, "Hash Batches": 1, "Original Hash Batches": 1, "Peak Memory Usage": 63, "Plans": [{"Node Type": "Nested Loop", "Parent Relationship": "Outer", "Parallel Aware": false, "Async Capable": false, "Join Type": "Inner", "Startup Cost": 1320.5, "Total Cost": 2695.94, "Plan Rows": 45.0, "Plan Width": 12, "Actual Rows": 1088, "Actual Loops": 1, "Inner Unique": false, "Plans": [{"Node Type": "Merge Join", "Parent Relationship": "Outer", "Parallel Aware": false, "Async Capable": false, "Join Type": "Inner", "Startup Cost": 1320.2, "Total Cost": 2657.33, "Plan Rows": 434.0, "Plan Width": 8, "Actual Rows": 249, "Actual Loops": 1, "Inner Unique": true, "Merge Cond": "(v.userid = u.id)", "Plans": [{"Node Type": "Index Scan", "Parent Relationship": "Outer", "Parallel Aware": false, "Async Capable": false, "Scan Direction": "Forward", "Index Name": "idx_votes_userid", "Relation Name": "votes", "Alias": "v", "Startup Cost": 0.42, "Total Cost": 12422.47, "Plan Rows": 1649, "Plan Width": 4, "Actual Rows": 997, "Actual Loops": 1, "Filter": "(bountyamount <= 109)", "Rows Removed by Filter": 32392}, {"Node Type": "Sort", "Parent Relationship": "Inner", "Parallel Aware": false, "Async Capable": false, "Startup Cost": 1319.78, "Total Cost": 1332.64, "Plan Rows": 5144, "Plan Width": 4, "Actual Rows": 5128, "Actual Loops": 1, "Sort Key": ["u.id"], "Sort Method": "quicksort", "Sort Space Used": 193, "Sort Space Type": "Memory", "Plans": [{"Node Type": "Seq Scan", "Parent Relationship": "Outer", "Parallel Aware": false, "Async Capable": false, "Relation Name": "users", "Alias": "u", "Startup Cost": 0.0, "Total Cost": 1002.69, "Plan Rows": 5144, "Plan Width": 4, "Actual Rows": 5128, "Actual Loops": 1, "Filter": "((downvotes <= 1177) AND (creationdate >= '2011-08-28 04:34:59'::timestamp without time zone) AND (creationdate <= '2012-06-18 00:47:33'::timestamp without time zone))", "Rows Removed by Filter": 35197}]}]}, {"Node Type": "Index Scan", "Parent Relationship": "Inner", "Parallel Aware": false, "Async Capable": false, "Scan Direction": "Forward", "Index Name": "idx_comments_userid", "Relation Name": "comments", "Alias": "c", "Startup Cost": 0.29, "Total Cost": 1.74, "Plan Rows": 1, "Plan Width": 4, "Actual Rows": 4, "Actual Loops": 249, "Index Cond": "(userid = u.id)", "Rows Removed by Index Recheck": 0, "Filter": "(score = 3)", "Rows Removed by Filter": 181}]}]}]}]}, "Planning Time": 4.847, "Triggers": [], "Execution Time": 96.334}, {"Plan": {"Node Type": "Aggregate", "Strategy": "Plain", "Partial Mode": "Simple", "Parallel Aware": false, "Async Capable": false, "Startup Cost": 2935.81, "Total Cost": 2935.82, "Plan Rows": 1, "Plan Width": 8, "Actual Rows": 1, "Actual Loops": 1, "Plans": [{"Node Type": "Nested Loop", "Parent Relationship": "Outer", "Parallel Aware": false, "Async Capable": false, "Join Type": "Inner", "Startup Cost": 1.31, "Total Cost": 2935.63, "Plan Rows": 8.0, "Plan Width": 0, "Actual Rows": 38955, "Actual Loops": 1, "Inner Unique": true, "Join Filter": "(c.userid = u.id)", "Rows Removed by Join Filter": 0, "Plans": [{"Node Type": "Nested Loop", "Parent Relationship": "Outer", "Parallel Aware": false, "Async Capable": false, "Join Type": "Inner", "Startup Cost": 1.01, "Total Cost": 2853.76, "Plan Rows": 120.0, "Plan Width": 16, "Actual Rows": 693855, "Actual Loops": 1, "Inner Unique": false, "Join Filter": "(c.userid = p.owneruserid)", "Rows Removed by Join Filter": 0, "Plans": [{"Node Type": "Nested Loop", "Parent Relationship": "Outer", "Parallel Aware": false, "Async Capable": false, "Join Type": "Inner", "Startup Cost": 0.71, "Total Cost": 2845.17, "Plan Rows": 1215.0, "Plan Width": 12, "Actual Rows": 1375, "Actual Loops": 1, "Inner Unique": false, "Join Filter": "(p.owneruserid = v.userid)", "Rows Removed by Join Filter": 0, "Plans": [{"Node Type": "Nested Loop", "Parent Relationship": "Outer", "Parallel Aware": false, "Async Capable": false, "Join Type": "Inner", "Startup Cost": 0.29, "Total Cost": 2768.21, "Plan Rows": 97.0, "Plan Width": 8, "Actual Rows": 238, "Actual Loops": 1, "Inner Unique": false, "Plans": [{"Node Type": "Seq Scan", "Parent Relationship": "Outer", "Parallel Aware": false, "Async Capable": false, "Relation Name": "posts", "Alias": "p", "Startup Cost": 0.0, "Total Cost": 2679.52, "Plan Rows": 7, "Plan Width": 4, "Actual Rows": 2, "Actual Loops": 1, "Filter": "((score >= 116) AND (score <= 189) AND (creationdate >= '2011-02-12 19:38:00'::timestamp without time zone) AND (creationdate <= '2013-05-07 02:58:06'::timestamp without time zone))", "Rows Removed by Filter": 91974}, {"Node Type": "Index Scan", "Parent Relationship": "Inner", "Parallel Aware": false, "Async Capable": false, "Scan Direction": "Forward", "Index Name": "idx_badges_userid", "Relation Name": "badges", "Alias": "b", "Startup Cost": 0.29, "Total Cost": 12.66, "Plan Rows": 1, "Plan Width": 4, "Actual Rows": 119, "Actual Loops": 2, "Index Cond": "(userid = p.owneruserid)", "Rows Removed by Index Recheck": 0, "Filter": "(date <= '2012-07-03 19:55:55'::timestamp without time zone)", "Rows Removed by Filter": 237}]}, {"Node Type": "Index Scan", "Parent Relationship": "Inner", "Parallel Aware": false, "Async Capable": false, "Scan Direction": "Forward", "Index Name": "idx_votes_userid", "Relation Name": "votes", "Alias": "v", "Startup Cost": 0.42, "Total Cost": 1.07, "Plan Rows": 1, "Plan Width": 4, "Actual Rows": 6, "Actual Loops": 238, "Index Cond": "(userid = b.userid)", "Rows Removed by Index Recheck": 0, "Filter": "(bountyamount <= 109)", "Rows Removed by Filter": 138}]}, {"Node Type": "Index Scan", "Parent Relationship": "Inner", "Parallel Aware": false, "Async Capable": false, "Scan Direction": "Forward", "Index Name": "idx_comments_userid", "Relation Name": "comments", "Alias": "c", "Startup Cost": 0.29, "Total Cost": 0.85, "Plan Rows": 1, "Plan Width": 4, "Actual Rows": 505, "Actual Loops": 1375, "Index Cond": "(userid = b.userid)", "Rows Removed by Index Recheck": 0, "Filter": "(score = 3)", "Rows Removed by Filter": 10913}]}, {"Node Type": "Memoize", "Parent Relationship": "Inner", "Parallel Aware": false, "Async Capable": false, "Startup Cost": 0.3, "Total Cost": 8.32, "Plan Rows": 1, "Plan Width": 4, "Actual Rows": 0, "Actual Loops": 693855, "Cache Key": "p.owneruserid", "Cache Mode": "logical", "Cache Hits": 693853, "Cache Misses": 2, "Cache Evictions": 0, "Cache Overflows": 0, "Peak Memory Usage": 1, "Plans": [{"Node Type": "Index Scan", "Parent Relationship": "Outer", "Parallel Aware": false, "Async Capable": false, "Scan Direction": "Forward", "Index Name": "users_pkey", "Relation Name": "users", "Alias": "u", "Startup Cost": 0.29, "Total Cost": 8.31, "Plan Rows": 1, "Plan Width": 4, "Actual Rows": 0, "Actual Loops": 2, "Index Cond": "(id = p.owneruserid)", "Rows Removed by Index Recheck": 0, "Filter": "((downvotes <= 1177) AND (creationdate >= '2011-08-28 04:34:59'::timestamp without time zone) AND (creationdate <= '2012-06-18 00:47:33'::timestamp without time zone))", "Rows Removed by Filter": 0}]}]}]}, "Planning Time": 4.697, "Triggers": [], "Execution Time": 2101.783}, {"Plan": {"Node Type": "Aggregate", "Strategy": "Plain", "Partial Mode": "Simple", "Parallel Aware": false, "Async Capable": false, "Startup Cost": 4228.59, "Total Cost": 4228.6, "Plan Rows": 1, "Plan Width": 8, "Actual Rows": 1, "Actual Loops": 1, "Plans": [{"Node Type": "Merge Join", "Parent Relationship": "Outer", "Parallel Aware": false, "Async Capable": false, "Join Type": "Inner", "Startup Cost": 4199.21, "Total Cost": 4228.41, "Plan Rows": 8.0, "Plan Width": 0, "Actual Rows": 38955, "Actual Loops": 1, "Inner Unique": false, "Merge Cond": "(u.id = c.userid)", "Plans": [{"Node Type": "Sort", "Parent Relationship": "Outer", "Parallel Aware": false, "Async Capable": false, "Startup Cost": 1319.78, "Total Cost": 1332.64, "Plan Rows": 5144, "Plan Width": 4, "Actual Rows": 1103, "Actual Loops": 1, "Sort Key": ["u.id"], "Sort Method": "quicksort", "Sort Space Used": 193, "Sort Space Type": "Memory", "Plans": [{"Node Type": "Seq Scan", "Parent Relationship": "Outer", "Parallel Aware": false, "Async Capable": false, "Relation Name": "users", "Alias": "u", "Startup Cost": 0.0, "Total Cost": 1002.69, "Plan Rows": 5144, "Plan Width": 4, "Actual Rows": 5128, "Actual Loops": 1, "Filter": "((downvotes <= 1177) AND (creationdate >= '2011-08-28 04:34:59'::timestamp without time zone) AND (creationdate <= '2012-06-18 00:47:33'::timestamp without time zone))", "Rows Removed by Filter": 35197}]}, {"Node Type": "Sort", "Parent Relationship": "Inner", "Parallel Aware": false, "Async Capable": false, "Startup Cost": 2879.43, "Total Cost": 2880.84, "Plan Rows": 120.0, "Plan Width": 16, "Actual Rows": 693855, "Actual Loops": 1, "Sort Key": ["c.userid"], "Sort Method": "quicksort", "Sort Space Used": 51680, "Sort Space Type": "Memory", "Plans": [{"Node Type": "Nested Loop", "Parent Relationship": "Outer", "Parallel Aware": false, "Async Capable": false, "Join Type": "Inner", "Startup Cost": 1.01, "Total Cost": 2853.76, "Plan Rows": 120.0, "Plan Width": 16, "Actual Rows": 693855, "Actual Loops": 1, "Inner Unique": false, "Join Filter": "(c.userid = p.owneruserid)", "Rows Removed by Join Filter": 0, "Plans": [{"Node Type": "Nested Loop", "Parent Relationship": "Outer", "Parallel Aware": false, "Async Capable": false, "Join Type": "Inner", "Startup Cost": 0.71, "Total Cost": 2845.17, "Plan Rows": 1215.0, "Plan Width": 12, "Actual Rows": 1375, "Actual Loops": 1, "Inner Unique": false, "Join Filter": "(p.owneruserid = v.userid)", "Rows Removed by Join Filter": 0, "Plans": [{"Node Type": "Nested Loop", "Parent Relationship": "Outer", "Parallel Aware": false, "Async Capable": false, "Join Type": "Inner", "Startup Cost": 0.29, "Total Cost": 2768.21, "Plan Rows": 97.0, "Plan Width": 8, "Actual Rows": 238, "Actual Loops": 1, "Inner Unique": false, "Plans": [{"Node Type": "Seq Scan", "Parent Relationship": "Outer", "Parallel Aware": false, "Async Capable": false, "Relation Name": "posts", "Alias": "p", "Startup Cost": 0.0, "Total Cost": 2679.52, "Plan Rows": 7, "Plan Width": 4, "Actual Rows": 2, "Actual Loops": 1, "Filter": "((score >= 116) AND (score <= 189) AND (creationdate >= '2011-02-12 19:38:00'::timestamp without time zone) AND (creationdate <= '2013-05-07 02:58:06'::timestamp without time zone))", "Rows Removed by Filter": 91974}, {"Node Type": "Index Scan", "Parent Relationship": "Inner", "Parallel Aware": false, "Async Capable": false, "Scan Direction": "Forward", "Index Name": "idx_badges_userid", "Relation Name": "badges", "Alias": "b", "Startup Cost": 0.29, "Total Cost": 12.66, "Plan Rows": 1, "Plan Width": 4, "Actual Rows": 119, "Actual Loops": 2, "Index Cond": "(userid = p.owneruserid)", "Rows Removed by Index Recheck": 0, "Filter": "(date <= '2012-07-03 19:55:55'::timestamp without time zone)", "Rows Removed by Filter": 237}]}, {"Node Type": "Index Scan", "Parent Relationship": "Inner", "Parallel Aware": false, "Async Capable": false, "Scan Direction": "Forward", "Index Name": "idx_votes_userid", "Relation Name": "votes", "Alias": "v", "Startup Cost": 0.42, "Total Cost": 1.07, "Plan Rows": 1, "Plan Width": 4, "Actual Rows": 6, "Actual Loops": 238, "Index Cond": "(userid = b.userid)", "Rows Removed by Index Recheck": 0, "Filter": "(bountyamount <= 109)", "Rows Removed by Filter": 138}]}, {"Node Type": "Index Scan", "Parent Relationship": "Inner", "Parallel Aware": false, "Async Capable": false, "Scan Direction": "Forward", "Index Name": "idx_comments_userid", "Relation Name": "comments", "Alias": "c", "Startup Cost": 0.29, "Total Cost": 0.85, "Plan Rows": 1, "Plan Width": 4, "Actual Rows": 505, "Actual Loops": 1375, "Index Cond": "(userid = b.userid)", "Rows Removed by Index Recheck": 0, "Filter": "(score = 3)", "Rows Removed by Filter": 10913}]}]}]}]}, "Planning Time": 5.248, "Triggers": [], "Execution Time": 2280.71}, {"Plan": {"Node Type": "Aggregate", "Strategy": "Plain", "Partial Mode": "Simple", "Parallel Aware": false, "Async Capable": false, "Startup Cost": 5404.66, "Total Cost": 5404.67, "Plan Rows": 1, "Plan Width": 8, "Actual Rows": 1, "Actual Loops": 1, "Plans": [{"Node Type": "Hash Join", "Parent Relationship": "Outer", "Parallel Aware": false, "Async Capable": false, "Join Type": "Inner", "Startup Cost": 2724.92, "Total Cost": 5404.48, "Plan Rows": 8.0, "Plan Width": 0, "Actual Rows": 38955, "Actual Loops": 1, "Inner Unique": false, "Hash Cond": "(p.owneruserid = u.id)", "Plans": [{"Node Type": "Seq Scan", "Parent Relationship": "Outer", "Parallel Aware": false, "Async Capable": false, "Relation Name": "posts", "Alias": "p", "Startup Cost": 0.0, "Total Cost": 2679.52, "Plan Rows": 7, "Plan Width": 4, "Actual Rows": 2, "Actual Loops": 1, "Filter": "((score >= 116) AND (score <= 189) AND (creationdate >= '2011-02-12 19:38:00'::timestamp without time zone) AND (creationdate <= '2013-05-07 02:58:06'::timestamp without time zone))", "Rows Removed by Filter": 91974}, {"Node Type": "Hash", "Parent Relationship": "Inner", "Parallel Aware": false, "Async Capable": false, "Startup Cost": 2689.61, "Total Cost": 2689.61, "Plan Rows": 313.0, "Plan Width": 16, "Actual Rows": 45075, "Actual Loops": 1, "Hash Buckets": 65536, "Original Hash Buckets": 4096, "Hash Batches": 1, "Original Hash Batches": 1, "Peak Memory Usage": 2625, "Plans": [{"Node Type": "Nested Loop", "Parent Relationship": "Outer", "Parallel Aware": false, "Async Capable": false, "Join Type": "Inner", "Startup Cost": 1320.79, "Total Cost": 2689.61, "Plan Rows": 313.0, "Plan Width": 16, "Actual Rows": 45075, "Actual Loops": 1, "Inner Unique": false, "Join Filter": "(c.userid = u.id)", "Rows Removed by Join Filter": 0, "Plans": [{"Node Type": "Nested Loop", "Parent Relationship": "Outer", "Parallel Aware": false, "Async Capable": false, "Join Type": "Inner", "Startup Cost": 1320.5, "Total Cost": 2674.99, "Plan Rows": 3448.0, "Plan Width": 12, "Actual Rows": 2053, "Actual Loops": 1, "Inner Unique": false, "Plans": [{"Node Type": "Merge Join", "Parent Relationship": "Outer", "Parallel Aware": false, "Async Capable": false, "Join Type": "Inner", "Startup Cost": 1320.2, "Total Cost": 2657.33, "Plan Rows": 434.0, "Plan Width": 8, "Actual Rows": 249, "Actual Loops": 1, "Inner Unique": true, "Merge Cond": "(v.userid = u.id)", "Plans": [{"Node Type": "Index Scan", "Parent Relationship": "Outer", "Parallel Aware": false, "Async Capable": false, "Scan Direction": "Forward", "Index Name": "idx_votes_userid", "Relation Name": "votes", "Alias": "v", "Startup Cost": 0.42, "Total Cost": 12422.47, "Plan Rows": 1649, "Plan Width": 4, "Actual Rows": 997, "Actual Loops": 1, "Filter": "(bountyamount <= 109)", "Rows Removed by Filter": 32392}, {"Node Type": "Sort", "Parent Relationship": "Inner", "Parallel Aware": false, "Async Capable": false, "Startup Cost": 1319.78, "Total Cost": 1332.64, "Plan Rows": 5144, "Plan Width": 4, "Actual Rows": 5128, "Actual Loops": 1, "Sort Key": ["u.id"], "Sort Method": "quicksort", "Sort Space Used": 193, "Sort Space Type": "Memory", "Plans": [{"Node Type": "Seq Scan", "Parent Relationship": "Outer", "Parallel Aware": false, "Async Capable": false, "Relation Name": "users", "Alias": "u", "Startup Cost": 0.0, "Total Cost": 1002.69, "Plan Rows": 5144, "Plan Width": 4, "Actual Rows": 5128, "Actual Loops": 1, "Filter": "((downvotes <= 1177) AND (creationdate >= '2011-08-28 04:34:59'::timestamp without time zone) AND (creationdate <= '2012-06-18 00:47:33'::timestamp without time zone))", "Rows Removed by Filter": 35197}]}]}, {"Node Type": "Index Scan", "Parent Relationship": "Inner", "Parallel Aware": false, "Async Capable": false, "Scan Direction": "Forward", "Index Name": "idx_badges_userid", "Relation Name": "badges", "Alias": "b", "Startup Cost": 0.29, "Total Cost": 0.79, "Plan Rows": 1, "Plan Width": 4, "Actual Rows": 8, "Actual Loops": 249, "Index Cond": "(userid = u.id)", "Rows Removed by Index Recheck": 0, "Filter": "(date <= '2012-07-03 19:55:55'::timestamp without time zone)", "Rows Removed by Filter": 18}]}, {"Node Type": "Index Scan", "Parent Relationship": "Inner", "Parallel Aware": false, "Async Capable": false, "Scan Direction": "Forward", "Index Name": "idx_comments_userid", "Relation Name": "comments", "Alias": "c", "Startup Cost": 0.29, "Total Cost": 0.85, "Plan Rows": 1, "Plan Width": 4, "Actual Rows": 22, "Actual Loops": 2053, "Index Cond": "(userid = b.userid)", "Rows Removed by Index Recheck": 0, "Filter": "(score = 3)", "Rows Removed by Filter": 651}]}]}]}]}, "Planning Time": 4.877, "Triggers": [], "Execution Time": 323.572}, {"Plan": {"Node Type": "Aggregate", "Strategy": "Plain", "Partial Mode": "Simple", "Parallel Aware": false, "Async Capable": false, "Startup Cost": 5467.18, "Total Cost": 5467.19, "Plan Rows": 1, "Plan Width": 8, "Actual Rows": 1, "Actual Loops": 1, "Plans": [{"Node Type": "Merge Join", "Parent Relationship": "Outer", "Parallel Aware": false, "Async Capable": false, "Join Type": "Inner", "Startup Cost": 4090.9, "Total Cost": 5467.0, "Plan Rows": 8.0, "Plan Width": 0, "Actual Rows": 38955, "Actual Loops": 1, "Inner Unique": false, "Merge Cond": "(u.id = p.owneruserid)", "Plans": [{"Node Type": "Nested Loop", "Parent Relationship": "Outer", "Parallel Aware": false, "Async Capable": false, "Join Type": "Inner", "Startup Cost": 1320.5, "Total Cost": 2695.94, "Plan Rows": 45.0, "Plan Width": 12, "Actual Rows": 785, "Actual Loops": 1, "Inner Unique": false, "Plans": [{"Node Type": "Merge Join", "Parent Relationship": "Outer", "Parallel Aware": false, "Async Capable": false, "Join Type": "Inner", "Startup Cost": 1320.2, "Total Cost": 2657.33, "Plan Rows": 434.0, "Plan Width": 8, "Actual Rows": 65, "Actual Loops": 1, "Inner Unique": true, "Merge Cond": "(v.userid = u.id)", "Plans": [{"Node Type": "Index Scan", "Parent Relationship": "Outer", "Parallel Aware": false, "Async Capable": false, "Scan Direction": "Forward", "Index Name": "idx_votes_userid", "Relation Name": "votes", "Alias": "v", "Startup Cost": 0.42, "Total Cost": 12422.47, "Plan Rows": 1649, "Plan Width": 4, "Actual Rows": 427, "Actual Loops": 1, "Filter": "(bountyamount <= 109)", "Rows Removed by Filter": 13826}, {"Node Type": "Sort", "Parent Relationship": "Inner", "Parallel Aware": false, "Async Capable": false, "Startup Cost": 1319.78, "Total Cost": 1332.64, "Plan Rows": 5144, "Plan Width": 4, "Actual Rows": 1161, "Actual Loops": 1, "Sort Key": ["u.id"], "Sort Method": "quicksort", "Sort Space Used": 193, "Sort Space Type": "Memory", "Plans": [{"Node Type": "Seq Scan", "Parent Relationship": "Outer", "Parallel Aware": false, "Async Capable": false, "Relation Name": "users", "Alias": "u", "Startup Cost": 0.0, "Total Cost": 1002.69, "Plan Rows": 5144, "Plan Width": 4, "Actual Rows": 5128, "Actual Loops": 1, "Filter": "((downvotes <= 1177) AND (creationdate >= '2011-08-28 04:34:59'::timestamp without time zone) AND (creationdate <= '2012-06-18 00:47:33'::timestamp without time zone))", "Rows Removed by Filter": 35197}]}]}, {"Node Type": "Index Scan", "Parent Relationship": "Inner", "Parallel Aware": false, "Async Capable": false, "Scan Direction": "Forward", "Index Name": "idx_comments_userid", "Relation Name": "comments", "Alias": "c", "Startup Cost": 0.29, "Total Cost": 1.74, "Plan Rows": 1, "Plan Width": 4, "Actual Rows": 12, "Actual Loops": 65, "Index Cond": "(userid = u.id)", "Rows Removed by Index Recheck": 0, "Filter": "(score = 3)", "Rows Removed by Filter": 358}]}, {"Node Type": "Sort", "Parent Relationship": "Inner", "Parallel Aware": false, "Async Capable": false, "Startup Cost": 2770.4, "Total Cost": 2770.57, "Plan Rows": 97.0, "Plan Width": 8, "Actual Rows": 38406, "Actual Loops": 1, "Sort Key": ["p.owneruserid"], "Sort Method": "quicksort", "Sort Space Used": 32, "Sort Space Type": "Memory", "Plans": [{"Node Type": "Nested Loop", "Parent Relationship": "Outer", "Parallel Aware": false, "Async Capable": false, "Join Type": "Inner", "Startup Cost": 0.29, "Total Cost": 2768.21, "Plan Rows": 97.0, "Plan Width": 8, "Actual Rows": 238, "Actual Loops": 1, "Inner Unique": false, "Plans": [{"Node Type": "Seq Scan", "Parent Relationship": "Outer", "Parallel Aware": false, "Async Capable": false, "Relation Name": "posts", "Alias": "p", "Startup Cost": 0.0, "Total Cost": 2679.52, "Plan Rows": 7, "Plan Width": 4, "Actual Rows": 2, "Actual Loops": 1, "Filter": "((score >= 116) AND (score <= 189) AND (creationdate >= '2011-02-12 19:38:00'::timestamp without time zone) AND (creationdate <= '2013-05-07 02:58:06'::timestamp without time zone))", "Rows Removed by Filter": 91974}, {"Node Type": "Index Scan", "Parent Relationship": "Inner", "Parallel Aware": false, "Async Capable": false, "Scan Direction": "Forward", "Index Name": "idx_badges_userid", "Relation Name": "badges", "Alias": "b", "Startup Cost": 0.29, "Total Cost": 12.66, "Plan Rows": 1, "Plan Width": 4, "Actual Rows": 119, "Actual Loops": 2, "Index Cond": "(userid = p.owneruserid)", "Rows Removed by Index Recheck": 0, "Filter": "(date <= '2012-07-03 19:55:55'::timestamp without time zone)", "Rows Removed by Filter": 237}]}]}]}]}, "Planning Time": 4.721, "Triggers": [], "Execution Time": 54.304}, {"Plan": {"Node Type": "Aggregate", "Strategy": "Plain", "Partial Mode": "Finalize", "Parallel Aware": false, "Async Capable": false, "Startup Cost": 8302.27, "Total Cost": 8302.28, "Plan Rows": 1, "Plan Width": 8, "Actual Rows": 1, "Actual Loops": 1, "Plans": [{"Node Type": "Gather", "Parent Relationship": "Outer", "Parallel Aware": false, "Async Capable": false, "Startup Cost": 8302.15, "Total Cost": 8302.26, "Plan Rows": 1, "Plan Width": 8, "Actual Rows": 2, "Actual Loops": 1, "Workers Planned": 1, "Workers Launched": 1, "Single Copy": false, "Plans": [{"Node Type": "Aggregate", "Strategy": "Plain", "Partial Mode": "Partial", "Parent Relationship": "Outer", "Parallel Aware": false, "Async Capable": false, "Startup Cost": 7302.15, "Total Cost": 7302.16, "Plan Rows": 1, "Plan Width": 8, "Actual Rows": 1, "Actual Loops": 2, "Workers": [], "Plans": [{"Node Type": "Hash Join", "Parent Relationship": "Outer", "Parallel Aware": true, "Async Capable": false, "Join Type": "Inner", "Startup Cost": 2501.53, "Total Cost": 7302.05, "Plan Rows": 8.0, "Plan Width": 0, "Actual Rows": 19478, "Actual Loops": 2, "Inner Unique": false, "Hash Cond": "(c.userid = u.id)", "Workers": [], "Plans": [{"Node Type": "Nested Loop", "Parent Relationship": "Outer", "Parallel Aware": false, "Async Capable": false, "Join Type": "Inner", "Startup Cost": 0.29, "Total Cost": 4636.42, "Plan Rows": 489.0, "Plan Width": 8, "Actual Rows": 94282, "Actual Loops": 2, "Inner Unique": false, "Workers": [], "Plans": [{"Node Type": "Seq Scan", "Parent Relationship": "Outer", "Parallel Aware": true, "Async Capable": false, "Relation Name": "comments", "Alias": "c", "Startup Cost": 0.0, "Total Cost": 2625.65, "Plan Rows": 1873, "Plan Width": 4, "Actual Rows": 1598, "Actual Loops": 2, "Filter": "(score = 3)", "Rows Removed by Filter": 85555, "Workers": []}, {"Node Type": "Index Scan", "Parent Relationship": "Inner", "Parallel Aware": false, "Async Capable": false, "Scan Direction": "Forward", "Index Name": "idx_badges_userid", "Relation Name": "badges", "Alias": "b", "Startup Cost": 0.29, "Total Cost": 1.06, "Plan Rows": 1, "Plan Width": 4, "Actual Rows": 59, "Actual Loops": 3195, "Index Cond": "(userid = c.userid)", "Rows Removed by Index Recheck": 0, "Filter": "(date <= '2012-07-03 19:55:55'::timestamp without time zone)", "Rows Removed by Filter": 108, "Workers": []}]}, {"Node Type": "Hash", "Parent Relationship": "Inner", "Parallel Aware": true, "Async Capable": false, "Startup Cost": 2501.22, "Total Cost": 2501.22, "Plan Rows": 9.0, "Plan Width": 12, "Actual Rows": 2, "Actual Loops": 2, "Hash Buckets": 1024, "Original Hash Buckets": 1024, "Hash Batches": 1, "Original Hash Batches": 1, "Peak Memory Usage": 40, "Workers": [], "Plans": [{"Node Type": "Nested Loop", "Parent Relationship": "Outer", "Parallel Aware": false, "Async Capable": false, "Join Type": "Inner", "Startup Cost": 1320.5, "Total Cost": 2501.22, "Plan Rows": 9.0, "Plan Width": 12, "Actual Rows": 2, "Actual Loops": 2, "Inner Unique": false, "Workers": [], "Plans": [{"Node Type": "Merge Join", "Parent Relationship": "Outer", "Parallel Aware": false, "Async Capable": false, "Join Type": "Inner", "Startup Cost": 1320.2, "Total Cost": 2486.05, "Plan Rows": 434.0, "Plan Width": 8, "Actual Rows": 124, "Actual Loops": 2, "Inner Unique": true, "Merge Cond": "(v.userid = u.id)", "Workers": [], "Plans": [{"Node Type": "Index Scan", "Parent Relationship": "Outer", "Parallel Aware": true, "Async Capable": false, "Scan Direction": "Forward", "Index Name": "idx_votes_userid", "Relation Name": "votes", "Alias": "v", "Startup Cost": 0.42, "Total Cost": 10733.91, "Plan Rows": 970, "Plan Width": 4, "Actual Rows": 499, "Actual Loops": 2, "Filter": "(bountyamount <= 109)", "Rows Removed by Filter": 16211, "Workers": []}, {"Node Type": "Sort", "Parent Relationship": "Inner", "Parallel Aware": false, "Async Capable": false, "Startup Cost": 1319.78, "Total Cost": 1332.64, "Plan Rows": 5144, "Plan Width": 4, "Actual Rows": 5128, "Actual Loops": 2, "Sort Key": ["u.id"], "Sort Method": "quicksort", "Sort Space Used": 193, "Sort Space Type": "Memory", "Workers": [{"Worker Number": 0, "Sort Method": "quicksort", "Sort Space Used": 193, "Sort Space Type": "Memory"}], "Plans": [{"Node Type": "Seq Scan", "Parent Relationship": "Outer", "Parallel Aware": false, "Async Capable": false, "Relation Name": "users", "Alias": "u", "Startup Cost": 0.0, "Total Cost": 1002.69, "Plan Rows": 5144, "Plan Width": 4, "Actual Rows": 5128, "Actual Loops": 2, "Filter": "((downvotes <= 1177) AND (creationdate >= '2011-08-28 04:34:59'::timestamp without time zone) AND (creationdate <= '2012-06-18 00:47:33'::timestamp without time zone))", "Rows Removed by Filter": 35197, "Workers": []}]}]}, {"Node Type": "Index Scan", "Parent Relationship": "Inner", "Parallel Aware": false, "Async Capable": false, "Scan Direction": "Forward", "Index Name": "idx_posts_owneruserid", "Relation Name": "posts", "Alias": "p", "Startup Cost": 0.29, "Total Cost": 1.16, "Plan Rows": 1, "Plan Width": 4, "Actual Rows": 0, "Actual Loops": 249, "Index Cond": "(owneruserid = u.id)", "Rows Removed by Index Recheck": 0, "Filter": "((score >= 116) AND (score <= 189) AND (creationdate >= '2011-02-12 19:38:00'::timestamp without time zone) AND (creationdate <= '2013-05-07 02:58:06'::timestamp without time zone))", "Rows Removed by Filter": 57, "Workers": []}]}]}]}]}]}]}, "Planning Time": 10.945, "Triggers": [], "Execution Time": 177.447}, {"Plan": {"Node Type": "Aggregate", "Strategy": "Plain", "Partial Mode": "Simple", "Parallel Aware": false, "Async Capable": false, "Startup Cost": 7503.38, "Total Cost": 7503.39, "Plan Rows": 1, "Plan Width": 8, "Actual Rows": 1, "Actual Loops": 1, "Plans": [{"Node Type": "Nested Loop", "Parent Relationship": "Outer", "Parallel Aware": false, "Async Capable": false, "Join Type": "Inner", "Startup Cost": 1067.7, "Total Cost": 7503.2, "Plan Rows": 8.0, "Plan Width": 0, "Actual Rows": 38955, "Actual Loops": 1, "Inner Unique": false, "Join Filter": "(p.owneruserid = u.id)", "Rows Removed by Join Filter": 691170, "Plans": [{"Node Type": "Hash Join", "Parent Relationship": "Outer", "Parallel Aware": false, "Async Capable": false, "Join Type": "Inner", "Startup Cost": 1066.99, "Total Cost": 4598.16, "Plan Rows": 6.0, "Plan Width": 8, "Actual Rows": 531, "Actual Loops": 1, "Inner Unique": true, "Hash Cond": "(c.userid = u.id)", "Plans": [{"Node Type": "Seq Scan", "Parent Relationship": "Outer", "Parallel Aware": false, "Async Capable": false, "Relation Name": "comments", "Alias": "c", "Startup Cost": 0.0, "Total Cost": 3522.81, "Plan Rows": 3184, "Plan Width": 4, "Actual Rows": 3195, "Actual Loops": 1, "Filter": "(score = 3)", "Rows Removed by Filter": 171110}, {"Node Type": "Hash", "Parent Relationship": "Inner", "Parallel Aware": false, "Async Capable": false, "Startup Cost": 1002.69, "Total Cost": 1002.69, "Plan Rows": 5144, "Plan Width": 4, "Actual Rows": 5128, "Actual Loops": 1, "Hash Buckets": 8192, "Original Hash Buckets": 8192, "Hash Batches": 1, "Original Hash Batches": 1, "Peak Memory Usage": 245, "Plans": [{"Node Type": "Seq Scan", "Parent Relationship": "Outer", "Parallel Aware": false, "Async Capable": false, "Relation Name": "users", "Alias": "u", "Startup Cost": 0.0, "Total Cost": 1002.69, "Plan Rows": 5144, "Plan Width": 4, "Actual Rows": 5128, "Actual Loops": 1, "Filter": "((downvotes <= 1177) AND (creationdate >= '2011-08-28 04:34:59'::timestamp without time zone) AND (creationdate <= '2012-06-18 00:47:33'::timestamp without time zone))", "Rows Removed by Filter": 35197}]}]}, {"Node Type": "Materialize", "Parent Relationship": "Inner", "Parallel Aware": false, "Async Capable": false, "Startup Cost": 0.71, "Total Cost": 2845.22, "Plan Rows": 1215.0, "Plan Width": 12, "Actual Rows": 1375, "Actual Loops": 531, "Plans": [{"Node Type": "Nested Loop", "Parent Relationship": "Outer", "Parallel Aware": false, "Async Capable": false, "Join Type": "Inner", "Startup Cost": 0.71, "Total Cost": 2845.17, "Plan Rows": 1215.0, "Plan Width": 12, "Actual Rows": 1375, "Actual Loops": 1, "Inner Unique": false, "Join Filter": "(p.owneruserid = v.userid)", "Rows Removed by Join Filter": 0, "Plans": [{"Node Type": "Nested Loop", "Parent Relationship": "Outer", "Parallel Aware": false, "Async Capable": false, "Join Type": "Inner", "Startup Cost": 0.29, "Total Cost": 2768.21, "Plan Rows": 97.0, "Plan Width": 8, "Actual Rows": 238, "Actual Loops": 1, "Inner Unique": false, "Plans": [{"Node Type": "Seq Scan", "Parent Relationship": "Outer", "Parallel Aware": false, "Async Capable": false, "Relation Name": "posts", "Alias": "p", "Startup Cost": 0.0, "Total Cost": 2679.52, "Plan Rows": 7, "Plan Width": 4, "Actual Rows": 2, "Actual Loops": 1, "Filter": "((score >= 116) AND (score <= 189) AND (creationdate >= '2011-02-12 19:38:00'::timestamp without time zone) AND (creationdate <= '2013-05-07 02:58:06'::timestamp without time zone))", "Rows Removed by Filter": 91974}, {"Node Type": "Index Scan", "Parent Relationship": "Inner", "Parallel Aware": false, "Async Capable": false, "Scan Direction": "Forward", "Index Name": "idx_badges_userid", "Relation Name": "badges", "Alias": "b", "Startup Cost": 0.29, "Total Cost": 12.66, "Plan Rows": 1, "Plan Width": 4, "Actual Rows": 119, "Actual Loops": 2, "Index Cond": "(userid = p.owneruserid)", "Rows Removed by Index Recheck": 0, "Filter": "(date <= '2012-07-03 19:55:55'::timestamp without time zone)", "Rows Removed by Filter": 237}]}, {"Node Type": "Index Scan", "Parent Relationship": "Inner", "Parallel Aware": false, "Async Capable": false, "Scan Direction": "Forward", "Index Name": "idx_votes_userid", "Relation Name": "votes", "Alias": "v", "Startup Cost": 0.42, "Total Cost": 1.07, "Plan Rows": 1, "Plan Width": 4, "Actual Rows": 6, "Actual Loops": 238, "Index Cond": "(userid = b.userid)", "Rows Removed by Index Recheck": 0, "Filter": "(bountyamount <= 109)", "Rows Removed by Filter": 138}]}]}]}]}, "Planning Time": 4.67, "Triggers": [], "Execution Time": 81.21}, {"Plan": {"Node Type": "Aggregate", "Strategy": "Plain", "Partial Mode": "Simple", "Parallel Aware": false, "Async Capable": false, "Startup Cost": 8192.53, "Total Cost": 8192.54, "Plan Rows": 1, "Plan Width": 8, "Actual Rows": 1, "Actual Loops": 1, "Plans": [{"Node Type": "Merge Join", "Parent Relationship": "Outer", "Parallel Aware": false, "Async Capable": false, "Join Type": "Inner", "Startup Cost": 5671.22, "Total Cost": 8192.35, "Plan Rows": 8.0, "Plan Width": 0, "Actual Rows": 38955, "Actual Loops": 1, "Inner Unique": false, "Merge Cond": "(c.userid = u.id)", "Plans": [{"Node Type": "Nested Loop", "Parent Relationship": "Outer", "Parallel Aware": false, "Async Capable": false, "Join Type": "Inner", "Startup Cost": 2933.48, "Total Cost": 5440.67, "Plan Rows": 5306.0, "Plan Width": 12, "Actual Rows": 1019501, "Actual Loops": 1, "Inner Unique": false, "Join Filter": "(c.userid = v.userid)", "Rows Removed by Join Filter": 0, "Plans": [{"Node Type": "Merge Join", "Parent Relationship": "Outer", "Parallel Aware": false, "Async Capable": false, "Join Type": "Inner", "Startup Cost": 2933.18, "Total Cost": 4361.61, "Plan Rows": 56279.0, "Plan Width": 8, "Actual Rows": 9857, "Actual Loops": 1, "Inner Unique": false, "Merge Cond": "(v.userid = b.userid)", "Plans": [{"Node Type": "Index Scan", "Parent Relationship": "Outer", "Parallel Aware": false, "Async Capable": false, "Scan Direction": "Forward", "Index Name": "idx_votes_userid", "Relation Name": "votes", "Alias": "v", "Startup Cost": 0.42, "Total Cost": 12422.47, "Plan Rows": 1649, "Plan Width": 4, "Actual Rows": 427, "Actual Loops": 1, "Filter": "(bountyamount <= 109)", "Rows Removed by Filter": 13826}, {"Node Type": "Sort", "Parent Relationship": "Inner", "Parallel Aware": false, "Async Capable": false, "Startup Cost": 2932.76, "Total Cost": 2985.1, "Plan Rows": 20937, "Plan Width": 4, "Actual Rows": 21915, "Actual Loops": 1, "Sort Key": ["b.userid"], "Sort Method": "quicksort", "Sort Space Used": 769, "Sort Space Type": "Memory", "Plans": [{"Node Type": "Seq Scan", "Parent Relationship": "Outer", "Parallel Aware": false, "Async Capable": false, "Relation Name": "badges", "Alias": "b", "Startup Cost": 0.0, "Total Cost": 1430.14, "Plan Rows": 20937, "Plan Width": 4, "Actual Rows": 20938, "Actual Loops": 1, "Filter": "(date <= '2012-07-03 19:55:55'::timestamp without time zone)", "Rows Removed by Filter": 58913}]}]}, {"Node Type": "Index Scan", "Parent Relationship": "Inner", "Parallel Aware": false, "Async Capable": false, "Scan Direction": "Forward", "Index Name": "idx_comments_userid", "Relation Name": "comments", "Alias": "c", "Startup Cost": 0.29, "Total Cost": 0.85, "Plan Rows": 1, "Plan Width": 4, "Actual Rows": 103, "Actual Loops": 9857, "Index Cond": "(userid = b.userid)", "Rows Removed by Index Recheck": 0, "Filter": "(score = 3)", "Rows Removed by Filter": 2476}]}, {"Node Type": "Sort", "Parent Relationship": "Inner", "Parallel Aware": false, "Async Capable": false, "Startup Cost": 2737.74, "Total Cost": 2737.74, "Plan Rows": 1.0, "Plan Width": 8, "Actual Rows": 1, "Actual Loops": 1, "Sort Key": ["p.owneruserid"], "Sort Method": "quicksort", "Sort Space Used": 25, "Sort Space Type": "Memory", "Plans": [{"Node Type": "Nested Loop", "Parent Relationship": "Outer", "Parallel Aware": false, "Async Capable": false, "Join Type": "Inner", "Startup Cost": 0.29, "Total Cost": 2737.73, "Plan Rows": 1.0, "Plan Width": 8, "Actual Rows": 1, "Actual Loops": 1, "Inner Unique": true, "Plans": [{"Node Type": "Seq Scan", "Parent Relationship": "Outer", "Parallel Aware": false, "Async Capable": false, "Relation Name": "posts", "Alias": "p", "Startup Cost": 0.0, "Total Cost": 2679.52, "Plan Rows": 7, "Plan Width": 4, "Actual Rows": 2, "Actual Loops": 1, "Filter": "((score >= 116) AND (score <= 189) AND (creationdate >= '2011-02-12 19:38:00'::timestamp without time zone) AND (creationdate <= '2013-05-07 02:58:06'::timestamp without time zone))", "Rows Removed by Filter": 91974}, {"Node Type": "Index Scan", "Parent Relationship": "Inner", "Parallel Aware": false, "Async Capable": false, "Scan Direction": "Forward", "Index Name": "users_pkey", "Relation Name": "users", "Alias": "u", "Startup Cost": 0.29, "Total Cost": 8.31, "Plan Rows": 1, "Plan Width": 4, "Actual Rows": 0, "Actual Loops": 2, "Index Cond": "(id = p.owneruserid)", "Rows Removed by Index Recheck": 0, "Filter": "((downvotes <= 1177) AND (creationdate >= '2011-08-28 04:34:59'::timestamp without time zone) AND (creationdate <= '2012-06-18 00:47:33'::timestamp without time zone))", "Rows Removed by Filter": 0}]}]}]}]}, "Planning Time": 5.023, "Triggers": [], "Execution Time": 3354.674}, {"Plan": {"Node Type": "Aggregate", "Strategy": "Plain", "Partial Mode": "Simple", "Parallel Aware": false, "Async Capable": false, "Startup Cost": 4193.64, "Total Cost": 4193.65, "Plan Rows": 1, "Plan Width": 8, "Actual Rows": 1, "Actual Loops": 1, "Plans": [{"Node Type": "Hash Join", "Parent Relationship": "Outer", "Parallel Aware": false, "Async Capable": false, "Join Type": "Inner", "Startup Cost": 2684.8, "Total Cost": 4193.47, "Plan Rows": 8.0, "Plan Width": 0, "Actual Rows": 38955, "Actual Loops": 1, "Inner Unique": false, "Hash Cond": "(b.userid = u.id)", "Plans": [{"Node Type": "Seq Scan", "Parent Relationship": "Outer", "Parallel Aware": false, "Async Capable": false, "Relation Name": "badges", "Alias": "b", "Startup Cost": 0.0, "Total Cost": 1430.14, "Plan Rows": 20937, "Plan Width": 4, "Actual Rows": 20938, "Actual Loops": 1, "Filter": "(date <= '2012-07-03 19:55:55'::timestamp without time zone)", "Rows Removed by Filter": 58913}, {"Node Type": "Hash", "Parent Relationship": "Inner", "Parallel Aware": false, "Async Capable": false, "Startup Cost": 2684.76, "Total Cost": 2684.76, "Plan Rows": 1.0, "Plan Width": 16, "Actual Rows": 735, "Actual Loops": 1, "Hash Buckets": 1024, "Original Hash Buckets": 1024, "Hash Batches": 1, "Original Hash Batches": 1, "Peak Memory Usage": 43, "Plans": [{"Node Type": "Nested Loop", "Parent Relationship": "Outer", "Parallel Aware": false, "Async Capable": false, "Join Type": "Inner", "Startup Cost": 1320.79, "Total Cost": 2684.76, "Plan Rows": 1.0, "Plan Width": 16, "Actual Rows": 735, "Actual Loops": 1, "Inner Unique": false, "Plans": [{"Node Type": "Nested Loop", "Parent Relationship": "Outer", "Parallel Aware": false, "Async Capable": false, "Join Type": "Inner", "Startup Cost": 1320.5, "Total Cost": 2683.0, "Plan Rows": 9.0, "Plan Width": 12, "Actual Rows": 5, "Actual Loops": 1, "Inner Unique": false, "Plans": [{"Node Type": "Merge Join", "Parent Relationship": "Outer", "Parallel Aware": false, "Async Capable": false, "Join Type": "Inner", "Startup Cost": 1320.2, "Total Cost": 2657.33, "Plan Rows": 434.0, "Plan Width": 8, "Actual Rows": 249, "Actual Loops": 1, "Inner Unique": true, "Merge Cond": "(v.userid = u.id)", "Plans": [{"Node Type": "Index Scan", "Parent Relationship": "Outer", "Parallel Aware": false, "Async Capable": false, "Scan Direction": "Forward", "Index Name": "idx_votes_userid", "Relation Name": "votes", "Alias": "v", "Startup Cost": 0.42, "Total Cost": 12422.47, "Plan Rows": 1649, "Plan Width": 4, "Actual Rows": 997, "Actual Loops": 1, "Filter": "(bountyamount <= 109)", "Rows Removed by Filter": 32392}, {"Node Type": "Sort", "Parent Relationship": "Inner", "Parallel Aware": false, "Async Capable": false, "Startup Cost": 1319.78, "Total Cost": 1332.64, "Plan Rows": 5144, "Plan Width": 4, "Actual Rows": 5128, "Actual Loops": 1, "Sort Key": ["u.id"], "Sort Method": "quicksort", "Sort Space Used": 193, "Sort Space Type": "Memory", "Plans": [{"Node Type": "Seq Scan", "Parent Relationship": "Outer", "Parallel Aware": false, "Async Capable": false, "Relation Name": "users", "Alias": "u", "Startup Cost": 0.0, "Total Cost": 1002.69, "Plan Rows": 5144, "Plan Width": 4, "Actual Rows": 5128, "Actual Loops": 1, "Filter": "((downvotes <= 1177) AND (creationdate >= '2011-08-28 04:34:59'::timestamp without time zone) AND (creationdate <= '2012-06-18 00:47:33'::timestamp without time zone))", "Rows Removed by Filter": 35197}]}]}, {"Node Type": "Index Scan", "Parent Relationship": "Inner", "Parallel Aware": false, "Async Capable": false, "Scan Direction": "Forward", "Index Name": "idx_posts_owneruserid", "Relation Name": "posts", "Alias": "p", "Startup Cost": 0.29, "Total Cost": 1.16, "Plan Rows": 1, "Plan Width": 4, "Actual Rows": 0, "Actual Loops": 249, "Index Cond": "(owneruserid = u.id)", "Rows Removed by Index Recheck": 0, "Filter": "((score >= 116) AND (score <= 189) AND (creationdate >= '2011-02-12 19:38:00'::timestamp without time zone) AND (creationdate <= '2013-05-07 02:58:06'::timestamp without time zone))", "Rows Removed by Filter": 57}]}, {"Node Type": "Index Scan", "Parent Relationship": "Inner", "Parallel Aware": false, "Async Capable": false, "Scan Direction": "Forward", "Index Name": "idx_comments_userid", "Relation Name": "comments", "Alias": "c", "Startup Cost": 0.29, "Total Cost": 1.74, "Plan Rows": 1, "Plan Width": 4, "Actual Rows": 147, "Actual Loops": 5, "Index Cond": "(userid = u.id)", "Rows Removed by Index Recheck": 0, "Filter": "(score = 3)", "Rows Removed by Filter": 3723}]}]}]}]}, "Planning Time": 4.838, "Triggers": [], "Execution Time": 77.621}, {"Plan": {"Node Type": "Aggregate", "Strategy": "Plain", "Partial Mode": "Simple", "Parallel Aware": false, "Async Capable": false, "Startup Cost": 2687.34, "Total Cost": 2687.35, "Plan Rows": 1, "Plan Width": 8, "Actual Rows": 1, "Actual Loops": 1, "Plans": [{"Node Type": "Nested Loop", "Parent Relationship": "Outer", "Parallel Aware": false, "Async Capable": false, "Join Type": "Inner", "Startup Cost": 1321.08, "Total Cost": 2687.17, "Plan Rows": 8.0, "Plan Width": 0, "Actual Rows": 38955, "Actual Loops": 1, "Inner Unique": false, "Plans": [{"Node Type": "Nested Loop", "Parent Relationship": "Outer", "Parallel Aware": false, "Async Capable": false, "Join Type": "Inner", "Startup Cost": 1320.79, "Total Cost": 2684.76, "Plan Rows": 1.0, "Plan Width": 16, "Actual Rows": 735, "Actual Loops": 1, "Inner Unique": false, "Plans": [{"Node Type": "Nested Loop", "Parent Relationship": "Outer", "Parallel Aware": false, "Async Capable": false, "Join Type": "Inner", "Startup Cost": 1320.5, "Total Cost": 2683.0, "Plan Rows": 9.0, "Plan Width": 12, "Actual Rows": 5, "Actual Loops": 1, "Inner Unique": false, "Plans": [{"Node Type": "Merge Join", "Parent Relationship": "Outer", "Parallel Aware": false, "Async Capable": false, "Join Type": "Inner", "Startup Cost": 1320.2, "Total Cost": 2657.33, "Plan Rows": 434.0, "Plan Width": 8, "Actual Rows": 249, "Actual Loops": 1, "Inner Unique": true, "Merge Cond": "(v.userid = u.id)", "Plans": [{"Node Type": "Index Scan", "Parent Relationship": "Outer", "Parallel Aware": false, "Async Capable": false, "Scan Direction": "Forward", "Index Name": "idx_votes_userid", "Relation Name": "votes", "Alias": "v", "Startup Cost": 0.42, "Total Cost": 12422.47, "Plan Rows": 1649, "Plan Width": 4, "Actual Rows": 997, "Actual Loops": 1, "Filter": "(bountyamount <= 109)", "Rows Removed by Filter": 32392}, {"Node Type": "Sort", "Parent Relationship": "Inner", "Parallel Aware": false, "Async Capable": false, "Startup Cost": 1319.78, "Total Cost": 1332.64, "Plan Rows": 5144, "Plan Width": 4, "Actual Rows": 5128, "Actual Loops": 1, "Sort Key": ["u.id"], "Sort Method": "quicksort", "Sort Space Used": 193, "Sort Space Type": "Memory", "Plans": [{"Node Type": "Seq Scan", "Parent Relationship": "Outer", "Parallel Aware": false, "Async Capable": false, "Relation Name": "users", "Alias": "u", "Startup Cost": 0.0, "Total Cost": 1002.69, "Plan Rows": 5144, "Plan Width": 4, "Actual Rows": 5128, "Actual Loops": 1, "Filter": "((downvotes <= 1177) AND (creationdate >= '2011-08-28 04:34:59'::timestamp without time zone) AND (creationdate <= '2012-06-18 00:47:33'::timestamp without time zone))", "Rows Removed by Filter": 35197}]}]}, {"Node Type": "Index Scan", "Parent Relationship": "Inner", "Parallel Aware": false, "Async Capable": false, "Scan Direction": "Forward", "Index Name": "idx_posts_owneruserid", "Relation Name": "posts", "Alias": "p", "Startup Cost": 0.29, "Total Cost": 1.16, "Plan Rows": 1, "Plan Width": 4, "Actual Rows": 0, "Actual Loops": 249, "Index Cond": "(owneruserid = u.id)", "Rows Removed by Index Recheck": 0, "Filter": "((score >= 116) AND (score <= 189) AND (creationdate >= '2011-02-12 19:38:00'::timestamp without time zone) AND (creationdate <= '2013-05-07 02:58:06'::timestamp without time zone))", "Rows Removed by Filter": 57}]}, {"Node Type": "Index Scan", "Parent Relationship": "Inner", "Parallel Aware": false, "Async Capable": false, "Scan Direction": "Forward", "Index Name": "idx_comments_userid", "Relation Name": "comments", "Alias": "c", "Startup Cost": 0.29, "Total Cost": 1.74, "Plan Rows": 1, "Plan Width": 4, "Actual Rows": 147, "Actual Loops": 5, "Index Cond": "(userid = u.id)", "Rows Removed by Index Recheck": 0, "Filter": "(score = 3)", "Rows Removed by Filter": 3723}]}, {"Node Type": "Index Scan", "Parent Relationship": "Inner", "Parallel Aware": false, "Async Capable": false, "Scan Direction": "Forward", "Index Name": "idx_badges_userid", "Relation Name": "badges", "Alias": "b", "Startup Cost": 0.29, "Total Cost": 0.79, "Plan Rows": 1, "Plan Width": 4, "Actual Rows": 53, "Actual Loops": 735, "Index Cond": "(userid = u.id)", "Rows Removed by Index Recheck": 0, "Filter": "(date <= '2012-07-03 19:55:55'::timestamp without time zone)", "Rows Removed by Filter": 203}]}]}, "Planning Time": 4.321, "Triggers": [], "Execution Time": 81.323}, {"Plan": {"Node Type": "Aggregate", "Strategy": "Plain", "Partial Mode": "Finalize", "Parallel Aware": false, "Async Capable": false, "Startup Cost": 8740.61, "Total Cost": 8740.62, "Plan Rows": 1, "Plan Width": 8, "Actual Rows": 1, "Actual Loops": 1, "Plans": [{"Node Type": "Gather", "Parent Relationship": "Outer", "Parallel Aware": false, "Async Capable": false, "Startup Cost": 8740.49, "Total Cost": 8740.6, "Plan Rows": 1, "Plan Width": 8, "Actual Rows": 2, "Actual Loops": 1, "Workers Planned": 1, "Workers Launched": 1, "Single Copy": false, "Plans": [{"Node Type": "Aggregate", "Strategy": "Plain", "Partial Mode": "Partial", "Parent Relationship": "Outer", "Parallel Aware": false, "Async Capable": false, "Startup Cost": 7740.49, "Total Cost": 7740.5, "Plan Rows": 1, "Plan Width": 8, "Actual Rows": 1, "Actual Loops": 2, "Workers": [], "Plans": [{"Node Type": "Hash Join", "Parent Relationship": "Outer", "Parallel Aware": true, "Async Capable": false, "Join Type": "Inner", "Startup Cost": 6504.86, "Total Cost": 7740.39, "Plan Rows": 8.0, "Plan Width": 0, "Actual Rows": 19478, "Actual Loops": 2, "Inner Unique": false, "Hash Cond": "(u.id = c.userid)", "Workers": [], "Plans": [{"Node Type": "Nested Loop", "Parent Relationship": "Outer", "Parallel Aware": false, "Async Capable": false, "Join Type": "Inner", "Startup Cost": 1320.5, "Total Cost": 2501.22, "Plan Rows": 9.0, "Plan Width": 12, "Actual Rows": 2, "Actual Loops": 2, "Inner Unique": false, "Workers": [], "Plans": [{"Node Type": "Merge Join", "Parent Relationship": "Outer", "Parallel Aware": false, "Async Capable": false, "Join Type": "Inner", "Startup Cost": 1320.2, "Total Cost": 2486.05, "Plan Rows": 434.0, "Plan Width": 8, "Actual Rows": 124, "Actual Loops": 2, "Inner Unique": true, "Merge Cond": "(v.userid = u.id)", "Workers": [], "Plans": [{"Node Type": "Index Scan", "Parent Relationship": "Outer", "Parallel Aware": true, "Async Capable": false, "Scan Direction": "Forward", "Index Name": "idx_votes_userid", "Relation Name": "votes", "Alias": "v", "Startup Cost": 0.42, "Total Cost": 10733.91, "Plan Rows": 970, "Plan Width": 4, "Actual Rows": 499, "Actual Loops": 2, "Filter": "(bountyamount <= 109)", "Rows Removed by Filter": 16211, "Workers": []}, {"Node Type": "Sort", "Parent Relationship": "Inner", "Parallel Aware": false, "Async Capable": false, "Startup Cost": 1319.78, "Total Cost": 1332.64, "Plan Rows": 5144, "Plan Width": 4, "Actual Rows": 5128, "Actual Loops": 2, "Sort Key": ["u.id"], "Sort Method": "quicksort", "Sort Space Used": 193, "Sort Space Type": "Memory", "Workers": [{"Worker Number": 0, "Sort Method": "quicksort", "Sort Space Used": 193, "Sort Space Type": "Memory"}], "Plans": [{"Node Type": "Seq Scan", "Parent Relationship": "Outer", "Parallel Aware": false, "Async Capable": false, "Relation Name": "users", "Alias": "u", "Startup Cost": 0.0, "Total Cost": 1002.69, "Plan Rows": 5144, "Plan Width": 4, "Actual Rows": 5128, "Actual Loops": 2, "Filter": "((downvotes <= 1177) AND (creationdate >= '2011-08-28 04:34:59'::timestamp without time zone) AND (creationdate <= '2012-06-18 00:47:33'::timestamp without time zone))", "Rows Removed by Filter": 35197, "Workers": []}]}]}, {"Node Type": "Index Scan", "Parent Relationship": "Inner", "Parallel Aware": false, "Async Capable": false, "Scan Direction": "Forward", "Index Name": "idx_posts_owneruserid", "Relation Name": "posts", "Alias": "p", "Startup Cost": 0.29, "Total Cost": 1.16, "Plan Rows": 1, "Plan Width": 4, "Actual Rows": 0, "Actual Loops": 249, "Index Cond": "(owneruserid = u.id)", "Rows Removed by Index Recheck": 0, "Filter": "((score >= 116) AND (score <= 189) AND (creationdate >= '2011-02-12 19:38:00'::timestamp without time zone) AND (creationdate <= '2013-05-07 02:58:06'::timestamp without time zone))", "Rows Removed by Filter": 57, "Workers": []}]}, {"Node Type": "Hash", "Parent Relationship": "Inner", "Parallel Aware": true, "Async Capable": false, "Startup Cost": 4636.42, "Total Cost": 4636.42, "Plan Rows": 489.0, "Plan Width": 8, "Actual Rows": 94282, "Actual Loops": 2, "Hash Buckets": 262144, "Original Hash Buckets": 131072, "Hash Batches": 1, "Original Hash Batches": 1, "Peak Memory Usage": 10464, "Workers": [], "Plans": [{"Node Type": "Nested Loop", "Parent Relationship": "Outer", "Parallel Aware": false, "Async Capable": false, "Join Type": "Inner", "Startup Cost": 0.29, "Total Cost": 4636.42, "Plan Rows": 489.0, "Plan Width": 8, "Actual Rows": 94282, "Actual Loops": 2, "Inner Unique": false, "Workers": [], "Plans": [{"Node Type": "Seq Scan", "Parent Relationship": "Outer", "Parallel Aware": true, "Async Capable": false, "Relation Name": "comments", "Alias": "c", "Startup Cost": 0.0, "Total Cost": 2625.65, "Plan Rows": 1873, "Plan Width": 4, "Actual Rows": 1598, "Actual Loops": 2, "Filter": "(score = 3)", "Rows Removed by Filter": 85555, "Workers": []}, {"Node Type": "Index Scan", "Parent Relationship": "Inner", "Parallel Aware": false, "Async Capable": false, "Scan Direction": "Forward", "Index Name": "idx_badges_userid", "Relation Name": "badges", "Alias": "b", "Startup Cost": 0.29, "Total Cost": 1.06, "Plan Rows": 1, "Plan Width": 4, "Actual Rows": 59, "Actual Loops": 3195, "Index Cond": "(userid = c.userid)", "Rows Removed by Index Recheck": 0, "Filter": "(date <= '2012-07-03 19:55:55'::timestamp without time zone)", "Rows Removed by Filter": 108, "Workers": []}]}]}]}]}]}]}, "Planning Time": 9.57, "Triggers": [], "Execution Time": 206.533}, {"Plan": {"Node Type": "Aggregate", "Strategy": "Plain", "Partial Mode": "Simple", "Parallel Aware": false, "Async Capable": false, "Startup Cost": 5445.26, "Total Cost": 5445.27, "Plan Rows": 1, "Plan Width": 8, "Actual Rows": 1, "Actual Loops": 1, "Plans": [{"Node Type": "Hash Join", "Parent Relationship": "Outer", "Parallel Aware": false, "Async Capable": false, "Join Type": "Inner", "Startup Cost": 2586.2, "Total Cost": 5445.08, "Plan Rows": 8.0, "Plan Width": 0, "Actual Rows": 38955, "Actual Loops": 1, "Inner Unique": false, "Hash Cond": "(c.userid = u.id)", "Plans": [{"Node Type": "Nested Loop", "Parent Relationship": "Outer", "Parallel Aware": false, "Async Capable": false, "Join Type": "Inner", "Startup Cost": 0.72, "Total Cost": 2859.49, "Plan Rows": 15.0, "Plan Width": 12, "Actual Rows": 4275, "Actual Loops": 1, "Inner Unique": false, "Join Filter": "(c.userid = p.owneruserid)", "Rows Removed by Join Filter": 0, "Plans": [{"Node Type": "Nested Loop", "Parent Relationship": "Outer", "Parallel Aware": false, "Async Capable": false, "Join Type": "Inner", "Startup Cost": 0.42, "Total Cost": 2855.38, "Plan Rows": 137.0, "Plan Width": 8, "Actual Rows": 11, "Actual Loops": 1, "Inner Unique": false, "Plans": [{"Node Type": "Seq Scan", "Parent Relationship": "Outer", "Parallel Aware": false, "Async Capable": false, "Relation Name": "posts", "Alias": "p", "Startup Cost": 0.0, "Total Cost": 2679.52, "Plan Rows": 7, "Plan Width": 4, "Actual Rows": 2, "Actual Loops": 1, "Filter": "((score >= 116) AND (score <= 189) AND (creationdate >= '2011-02-12 19:38:00'::timestamp without time zone) AND (creationdate <= '2013-05-07 02:58:06'::timestamp without time zone))", "Rows Removed by Filter": 91974}, {"Node Type": "Index Scan", "Parent Relationship": "Inner", "Parallel Aware": false, "Async Capable": false, "Scan Direction": "Forward", "Index Name": "idx_votes_userid", "Relation Name": "votes", "Alias": "v", "Startup Cost": 0.42, "Total Cost": 25.11, "Plan Rows": 1, "Plan Width": 4, "Actual Rows": 6, "Actual Loops": 2, "Index Cond": "(userid = p.owneruserid)", "Rows Removed by Index Recheck": 0, "Filter": "(bountyamount <= 109)", "Rows Removed by Filter": 201}]}, {"Node Type": "Index Scan", "Parent Relationship": "Inner", "Parallel Aware": false, "Async Capable": false, "Scan Direction": "Forward", "Index Name": "idx_comments_userid", "Relation Name": "comments", "Alias": "c", "Startup Cost": 0.29, "Total Cost": 4.09, "Plan Rows": 1, "Plan Width": 4, "Actual Rows": 389, "Actual Loops": 11, "Index Cond": "(userid = v.userid)", "Rows Removed by Index Recheck": 0, "Filter": "(score = 3)", "Rows Removed by Filter": 8581}]}, {"Node Type": "Hash", "Parent Relationship": "Inner", "Parallel Aware": false, "Async Capable": false, "Startup Cost": 2552.1, "Total Cost": 2552.1, "Plan Rows": 338.0, "Plan Width": 8, "Actual Rows": 7437, "Actual Loops": 1, "Hash Buckets": 8192, "Original Hash Buckets": 4096, "Hash Batches": 1, "Original Hash Batches": 1, "Peak Memory Usage": 355, "Plans": [{"Node Type": "Hash Join", "Parent Relationship": "Outer", "Parallel Aware": false, "Async Capable": false, "Join Type": "Inner", "Startup Cost": 1066.99, "Total Cost": 2552.1, "Plan Rows": 338.0, "Plan Width": 8, "Actual Rows": 7437, "Actual Loops": 1, "Inner Unique": true, "Hash Cond": "(b.userid = u.id)", "Plans": [{"Node Type": "Seq Scan", "Parent Relationship": "Outer", "Parallel Aware": false, "Async Capable": false, "Relation Name": "badges", "Alias": "b", "Startup Cost": 0.0, "Total Cost": 1430.14, "Plan Rows": 20937, "Plan Width": 4, "Actual Rows": 20938, "Actual Loops": 1, "Filter": "(date <= '2012-07-03 19:55:55'::timestamp without time zone)", "Rows Removed by Filter": 58913}, {"Node Type": "Hash", "Parent Relationship": "Inner", "Parallel Aware": false, "Async Capable": false, "Startup Cost": 1002.69, "Total Cost": 1002.69, "Plan Rows": 5144, "Plan Width": 4, "Actual Rows": 5128, "Actual Loops": 1, "Hash Buckets": 8192, "Original Hash Buckets": 8192, "Hash Batches": 1, "Original Hash Batches": 1, "Peak Memory Usage": 245, "Plans": [{"Node Type": "Seq Scan", "Parent Relationship": "Outer", "Parallel Aware": false, "Async Capable": false, "Relation Name": "users", "Alias": "u", "Startup Cost": 0.0, "Total Cost": 1002.69, "Plan Rows": 5144, "Plan Width": 4, "Actual Rows": 5128, "Actual Loops": 1, "Filter": "((downvotes <= 1177) AND (creationdate >= '2011-08-28 04:34:59'::timestamp without time zone) AND (creationdate <= '2012-06-18 00:47:33'::timestamp without time zone))", "Rows Removed by Filter": 35197}]}]}]}]}]}, "Planning Time": 4.705, "Triggers": [], "Execution Time": 53.451}, {"Plan": {"Node Type": "Aggregate", "Strategy": "Plain", "Partial Mode": "Simple", "Parallel Aware": false, "Async Capable": false, "Startup Cost": 7821.06, "Total Cost": 7821.07, "Plan Rows": 1, "Plan Width": 8, "Actual Rows": 1, "Actual Loops": 1, "Plans": [{"Node Type": "Nested Loop", "Parent Relationship": "Outer", "Parallel Aware": false, "Async Capable": false, "Join Type": "Inner", "Startup Cost": 1067.71, "Total Cost": 7820.88, "Plan Rows": 8.0, "Plan Width": 0, "Actual Rows": 38955, "Actual Loops": 1, "Inner Unique": false, "Join Filter": "(p.owneruserid = u.id)", "Rows Removed by Join Filter": 107389, "Plans": [{"Node Type": "Nested Loop", "Parent Relationship": "Outer", "Parallel Aware": false, "Async Capable": false, "Join Type": "Inner", "Startup Cost": 0.42, "Total Cost": 2855.38, "Plan Rows": 137.0, "Plan Width": 8, "Actual Rows": 11, "Actual Loops": 1, "Inner Unique": false, "Plans": [{"Node Type": "Seq Scan", "Parent Relationship": "Outer", "Parallel Aware": false, "Async Capable": false, "Relation Name": "posts", "Alias": "p", "Startup Cost": 0.0, "Total Cost": 2679.52, "Plan Rows": 7, "Plan Width": 4, "Actual Rows": 2, "Actual Loops": 1, "Filter": "((score >= 116) AND (score <= 189) AND (creationdate >= '2011-02-12 19:38:00'::timestamp without time zone) AND (creationdate <= '2013-05-07 02:58:06'::timestamp without time zone))", "Rows Removed by Filter": 91974}, {"Node Type": "Index Scan", "Parent Relationship": "Inner", "Parallel Aware": false, "Async Capable": false, "Scan Direction": "Forward", "Index Name": "idx_votes_userid", "Relation Name": "votes", "Alias": "v", "Startup Cost": 0.42, "Total Cost": 25.11, "Plan Rows": 1, "Plan Width": 4, "Actual Rows": 6, "Actual Loops": 2, "Index Cond": "(userid = p.owneruserid)", "Rows Removed by Index Recheck": 0, "Filter": "(bountyamount <= 109)", "Rows Removed by Filter": 201}]}, {"Node Type": "Nested Loop", "Parent Relationship": "Inner", "Parallel Aware": false, "Async Capable": false, "Join Type": "Inner", "Startup Cost": 1067.28, "Total Cost": 4848.64, "Plan Rows": 35.0, "Plan Width": 12, "Actual Rows": 13304, "Actual Loops": 11, "Inner Unique": false, "Join Filter": "(c.userid = u.id)", "Rows Removed by Join Filter": 0, "Plans": [{"Node Type": "Hash Join", "Parent Relationship": "Outer", "Parallel Aware": false, "Async Capable": false, "Join Type": "Inner", "Startup Cost": 1066.99, "Total Cost": 2552.1, "Plan Rows": 338.0, "Plan Width": 8, "Actual Rows": 7437, "Actual Loops": 11, "Inner Unique": true, "Hash Cond": "(b.userid = u.id)", "Plans": [{"Node Type": "Seq Scan", "Parent Relationship": "Outer", "Parallel Aware": false, "Async Capable": false, "Relation Name": "badges", "Alias": "b", "Startup Cost": 0.0, "Total Cost": 1430.14, "Plan Rows": 20937, "Plan Width": 4, "Actual Rows": 20938, "Actual Loops": 11, "Filter": "(date <= '2012-07-03 19:55:55'::timestamp without time zone)", "Rows Removed by Filter": 58913}, {"Node Type": "Hash", "Parent Relationship": "Inner", "Parallel Aware": false, "Async Capable": false, "Startup Cost": 1002.69, "Total Cost": 1002.69, "Plan Rows": 5144, "Plan Width": 4, "Actual Rows": 5128, "Actual Loops": 1, "Hash Buckets": 8192, "Original Hash Buckets": 8192, "Hash Batches": 1, "Original Hash Batches": 1, "Peak Memory Usage": 245, "Plans": [{"Node Type": "Seq Scan", "Parent Relationship": "Outer", "Parallel Aware": false, "Async Capable": false, "Relation Name": "users", "Alias": "u", "Startup Cost": 0.0, "Total Cost": 1002.69, "Plan Rows": 5144, "Plan Width": 4, "Actual Rows": 5128, "Actual Loops": 1, "Filter": "((downvotes <= 1177) AND (creationdate >= '2011-08-28 04:34:59'::timestamp without time zone) AND (creationdate <= '2012-06-18 00:47:33'::timestamp without time zone))", "Rows Removed by Filter": 35197}]}]}, {"Node Type": "Index Scan", "Parent Relationship": "Inner", "Parallel Aware": false, "Async Capable": false, "Scan Direction": "Forward", "Index Name": "idx_comments_userid", "Relation Name": "comments", "Alias": "c", "Startup Cost": 0.29, "Total Cost": 0.85, "Plan Rows": 1, "Plan Width": 4, "Actual Rows": 2, "Actual Loops": 81807, "Index Cond": "(userid = b.userid)", "Rows Removed by Index Recheck": 0, "Filter": "(score = 3)", "Rows Removed by Filter": 69}]}]}]}, "Planning Time": 5.056, "Triggers": [], "Execution Time": 1050.453}, {"Plan": {"Node Type": "Aggregate", "Strategy": "Plain", "Partial Mode": "Simple", "Parallel Aware": false, "Async Capable": false, "Startup Cost": 5688.51, "Total Cost": 5688.52, "Plan Rows": 1, "Plan Width": 8, "Actual Rows": 1, "Actual Loops": 1, "Plans": [{"Node Type": "Nested Loop", "Parent Relationship": "Outer", "Parallel Aware": false, "Async Capable": false, "Join Type": "Inner", "Startup Cost": 1320.79, "Total Cost": 5688.33, "Plan Rows": 8.0, "Plan Width": 0, "Actual Rows": 38955, "Actual Loops": 1, "Inner Unique": false, "Join Filter": "(c.userid = u.id)", "Rows Removed by Join Filter": 1474106, "Plans": [{"Node Type": "Nested Loop", "Parent Relationship": "Outer", "Parallel Aware": false, "Async Capable": false, "Join Type": "Inner", "Startup Cost": 1320.5, "Total Cost": 2674.99, "Plan Rows": 3448.0, "Plan Width": 12, "Actual Rows": 2053, "Actual Loops": 1, "Inner Unique": false, "Plans": [{"Node Type": "Merge Join", "Parent Relationship": "Outer", "Parallel Aware": false, "Async Capable": false, "Join Type": "Inner", "Startup Cost": 1320.2, "Total Cost": 2657.33, "Plan Rows": 434.0, "Plan Width": 8, "Actual Rows": 249, "Actual Loops": 1, "Inner Unique": true, "Merge Cond": "(v.userid = u.id)", "Plans": [{"Node Type": "Index Scan", "Parent Relationship": "Outer", "Parallel Aware": false, "Async Capable": false, "Scan Direction": "Forward", "Index Name": "idx_votes_userid", "Relation Name": "votes", "Alias": "v", "Startup Cost": 0.42, "Total Cost": 12422.47, "Plan Rows": 1649, "Plan Width": 4, "Actual Rows": 997, "Actual Loops": 1, "Filter": "(bountyamount <= 109)", "Rows Removed by Filter": 32392}, {"Node Type": "Sort", "Parent Relationship": "Inner", "Parallel Aware": false, "Async Capable": false, "Startup Cost": 1319.78, "Total Cost": 1332.64, "Plan Rows": 5144, "Plan Width": 4, "Actual Rows": 5128, "Actual Loops": 1, "Sort Key": ["u.id"], "Sort Method": "quicksort", "Sort Space Used": 193, "Sort Space Type": "Memory", "Plans": [{"Node Type": "Seq Scan", "Parent Relationship": "Outer", "Parallel Aware": false, "Async Capable": false, "Relation Name": "users", "Alias": "u", "Startup Cost": 0.0, "Total Cost": 1002.69, "Plan Rows": 5144, "Plan Width": 4, "Actual Rows": 5128, "Actual Loops": 1, "Filter": "((downvotes <= 1177) AND (creationdate >= '2011-08-28 04:34:59'::timestamp without time zone) AND (creationdate <= '2012-06-18 00:47:33'::timestamp without time zone))", "Rows Removed by Filter": 35197}]}]}, {"Node Type": "Index Scan", "Parent Relationship": "Inner", "Parallel Aware": false, "Async Capable": false, "Scan Direction": "Forward", "Index Name": "idx_badges_userid", "Relation Name": "badges", "Alias": "b", "Startup Cost": 0.29, "Total Cost": 0.79, "Plan Rows": 1, "Plan Width": 4, "Actual Rows": 8, "Actual Loops": 249, "Index Cond": "(userid = u.id)", "Rows Removed by Index Recheck": 0, "Filter": "(date <= '2012-07-03 19:55:55'::timestamp without time zone)", "Rows Removed by Filter": 18}]}, {"Node Type": "Materialize", "Parent Relationship": "Inner", "Parallel Aware": false, "Async Capable": false, "Startup Cost": 0.29, "Total Cost": 2993.65, "Plan Rows": 2.0, "Plan Width": 8, "Actual Rows": 737, "Actual Loops": 2053, "Plans": [{"Node Type": "Nested Loop", "Parent Relationship": "Outer", "Parallel Aware": false, "Async Capable": false, "Join Type": "Inner", "Startup Cost": 0.29, "Total Cost": 2993.26, "Plan Rows": 2.0, "Plan Width": 8, "Actual Rows": 737, "Actual Loops": 1, "Inner Unique": false, "Plans": [{"Node Type": "Seq Scan", "Parent Relationship": "Outer", "Parallel Aware": false, "Async Capable": false, "Relation Name": "posts", "Alias": "p", "Startup Cost": 0.0, "Total Cost": 2679.52, "Plan Rows": 7, "Plan Width": 4, "Actual Rows": 2, "Actual Loops": 1, "Filter": "((score >= 116) AND (score <= 189) AND (creationdate >= '2011-02-12 19:38:00'::timestamp without time zone) AND (creationdate <= '2013-05-07 02:58:06'::timestamp without time zone))", "Rows Removed by Filter": 91974}, {"Node Type": "Index Scan", "Parent Relationship": "Inner", "Parallel Aware": false, "Async Capable": false, "Scan Direction": "Forward", "Index Name": "idx_comments_userid", "Relation Name": "comments", "Alias": "c", "Startup Cost": 0.29, "Total Cost": 44.81, "Plan Rows": 1, "Plan Width": 4, "Actual Rows": 368, "Actual Loops": 2, "Index Cond": "(userid = p.owneruserid)", "Rows Removed by Index Recheck": 0, "Filter": "(score = 3)", "Rows Removed by Filter": 8176}]}]}]}]}, "Planning Time": 4.943, "Triggers": [], "Execution Time": 146.303}, {"Plan": {"Node Type": "Aggregate", "Strategy": "Plain", "Partial Mode": "Simple", "Parallel Aware": false, "Async Capable": false, "Startup Cost": 5825.11, "Total Cost": 5825.12, "Plan Rows": 1, "Plan Width": 8, "Actual Rows": 1, "Actual Loops": 1, "Plans": [{"Node Type": "Merge Join", "Parent Relationship": "Outer", "Parallel Aware": false, "Async Capable": false, "Join Type": "Inner", "Startup Cost": 5672.83, "Total Cost": 5824.94, "Plan Rows": 8.0, "Plan Width": 0, "Actual Rows": 38955, "Actual Loops": 1, "Inner Unique": false, "Merge Cond": "(u.id = v.userid)", "Plans": [{"Node Type": "Sort", "Parent Relationship": "Outer", "Parallel Aware": false, "Async Capable": false, "Startup Cost": 2739.65, "Total Cost": 2739.67, "Plan Rows": 1.0, "Plan Width": 12, "Actual Rows": 147, "Actual Loops": 1, "Sort Key": ["c.userid"], "Sort Method": "quicksort", "Sort Space Used": 30, "Sort Space Type": "Memory", "Plans": [{"Node Type": "Nested Loop", "Parent Relationship": "Outer", "Parallel Aware": false, "Async Capable": false, "Join Type": "Inner", "Startup Cost": 0.58, "Total Cost": 2739.48, "Plan Rows": 1.0, "Plan Width": 12, "Actual Rows": 147, "Actual Loops": 1, "Inner Unique": false, "Plans": [{"Node Type": "Nested Loop", "Parent Relationship": "Outer", "Parallel Aware": false, "Async Capable": false, "Join Type": "Inner", "Startup Cost": 0.29, "Total Cost": 2737.73, "Plan Rows": 1.0, "Plan Width": 8, "Actual Rows": 1, "Actual Loops": 1, "Inner Unique": true, "Plans": [{"Node Type": "Seq Scan", "Parent Relationship": "Outer", "Parallel Aware": false, "Async Capable": false, "Relation Name": "posts", "Alias": "p", "Startup Cost": 0.0, "Total Cost": 2679.52, "Plan Rows": 7, "Plan Width": 4, "Actual Rows": 2, "Actual Loops": 1, "Filter": "((score >= 116) AND (score <= 189) AND (creationdate >= '2011-02-12 19:38:00'::timestamp without time zone) AND (creationdate <= '2013-05-07 02:58:06'::timestamp without time zone))", "Rows Removed by Filter": 91974}, {"Node Type": "Index Scan", "Parent Relationship": "Inner", "Parallel Aware": false, "Async Capable": false, "Scan Direction": "Forward", "Index Name": "users_pkey", "Relation Name": "users", "Alias": "u", "Startup Cost": 0.29, "Total Cost": 8.31, "Plan Rows": 1, "Plan Width": 4, "Actual Rows": 0, "Actual Loops": 2, "Index Cond": "(id = p.owneruserid)", "Rows Removed by Index Recheck": 0, "Filter": "((downvotes <= 1177) AND (creationdate >= '2011-08-28 04:34:59'::timestamp without time zone) AND (creationdate <= '2012-06-18 00:47:33'::timestamp without time zone))", "Rows Removed by Filter": 0}]}, {"Node Type": "Index Scan", "Parent Relationship": "Inner", "Parallel Aware": false, "Async Capable": false, "Scan Direction": "Forward", "Index Name": "idx_comments_userid", "Relation Name": "comments", "Alias": "c", "Startup Cost": 0.29, "Total Cost": 1.74, "Plan Rows": 1, "Plan Width": 4, "Actual Rows": 147, "Actual Loops": 1, "Index Cond": "(userid = u.id)", "Rows Removed by Index Recheck": 0, "Filter": "(score = 3)", "Rows Removed by Filter": 3723}]}]}, {"Node Type": "Materialize", "Parent Relationship": "Inner", "Parallel Aware": false, "Async Capable": false, "Startup Cost": 2933.18, "Total Cost": 4364.75, "Plan Rows": 56279.0, "Plan Width": 8, "Actual Rows": 48536, "Actual Loops": 1, "Plans": [{"Node Type": "Merge Join", "Parent Relationship": "Outer", "Parallel Aware": false, "Async Capable": false, "Join Type": "Inner", "Startup Cost": 2933.18, "Total Cost": 4361.61, "Plan Rows": 56279.0, "Plan Width": 8, "Actual Rows": 9846, "Actual Loops": 1, "Inner Unique": false, "Merge Cond": "(v.userid = b.userid)", "Plans": [{"Node Type": "Index Scan", "Parent Relationship": "Outer", "Parallel Aware": false, "Async Capable": false, "Scan Direction": "Forward", "Index Name": "idx_votes_userid", "Relation Name": "votes", "Alias": "v", "Startup Cost": 0.42, "Total Cost": 12422.47, "Plan Rows": 1649, "Plan Width": 4, "Actual Rows": 425, "Actual Loops": 1, "Filter": "(bountyamount <= 109)", "Rows Removed by Filter": 13819}, {"Node Type": "Sort", "Parent Relationship": "Inner", "Parallel Aware": false, "Async Capable": false, "Startup Cost": 2932.76, "Total Cost": 2985.1, "Plan Rows": 20937, "Plan Width": 4, "Actual Rows": 21880, "Actual Loops": 1, "Sort Key": ["b.userid"], "Sort Method": "quicksort", "Sort Space Used": 769, "Sort Space Type": "Memory", "Plans": [{"Node Type": "Seq Scan", "Parent Relationship": "Outer", "Parallel Aware": false, "Async Capable": false, "Relation Name": "badges", "Alias": "b", "Startup Cost": 0.0, "Total Cost": 1430.14, "Plan Rows": 20937, "Plan Width": 4, "Actual Rows": 20938, "Actual Loops": 1, "Filter": "(date <= '2012-07-03 19:55:55'::timestamp without time zone)", "Rows Removed by Filter": 58913}]}]}]}]}]}, "Planning Time": 4.687, "Triggers": [], "Execution Time": 51.405}, {"Plan": {"Node Type": "Aggregate", "Strategy": "Plain", "Partial Mode": "Simple", "Parallel Aware": false, "Async Capable": false, "Startup Cost": 2952.88, "Total Cost": 2952.89, "Plan Rows": 1, "Plan Width": 8, "Actual Rows": 1, "Actual Loops": 1, "Plans": [{"Node Type": "Nested Loop", "Parent Relationship": "Outer", "Parallel Aware": false, "Async Capable": false, "Join Type": "Inner", "Startup Cost": 1.31, "Total Cost": 2952.7, "Plan Rows": 8.0, "Plan Width": 0, "Actual Rows": 38955, "Actual Loops": 1, "Inner Unique": false, "Join Filter": "(v.userid = u.id)", "Rows Removed by Join Filter": 0, "Plans": [{"Node Type": "Nested Loop", "Parent Relationship": "Outer", "Parallel Aware": false, "Async Capable": false, "Join Type": "Inner", "Startup Cost": 0.88, "Total Cost": 2746.27, "Plan Rows": 1.0, "Plan Width": 16, "Actual Rows": 7791, "Actual Loops": 1, "Inner Unique": false, "Join Filter": "(c.userid = u.id)", "Rows Removed by Join Filter": 0, "Plans": [{"Node Type": "Nested Loop", "Parent Relationship": "Outer", "Parallel Aware": false, "Async Capable": false, "Join Type": "Inner", "Startup Cost": 0.58, "Total Cost": 2738.53, "Plan Rows": 7.0, "Plan Width": 12, "Actual Rows": 53, "Actual Loops": 1, "Inner Unique": false, "Plans": [{"Node Type": "Nested Loop", "Parent Relationship": "Outer", "Parallel Aware": false, "Async Capable": false, "Join Type": "Inner", "Startup Cost": 0.29, "Total Cost": 2737.73, "Plan Rows": 1.0, "Plan Width": 8, "Actual Rows": 1, "Actual Loops": 1, "Inner Unique": true, "Plans": [{"Node Type": "Seq Scan", "Parent Relationship": "Outer", "Parallel Aware": false, "Async Capable": false, "Relation Name": "posts", "Alias": "p", "Startup Cost": 0.0, "Total Cost": 2679.52, "Plan Rows": 7, "Plan Width": 4, "Actual Rows": 2, "Actual Loops": 1, "Filter": "((score >= 116) AND (score <= 189) AND (creationdate >= '2011-02-12 19:38:00'::timestamp without time zone) AND (creationdate <= '2013-05-07 02:58:06'::timestamp without time zone))", "Rows Removed by Filter": 91974}, {"Node Type": "Index Scan", "Parent Relationship": "Inner", "Parallel Aware": false, "Async Capable": false, "Scan Direction": "Forward", "Index Name": "users_pkey", "Relation Name": "users", "Alias": "u", "Startup Cost": 0.29, "Total Cost": 8.31, "Plan Rows": 1, "Plan Width": 4, "Actual Rows": 0, "Actual Loops": 2, "Index Cond": "(id = p.owneruserid)", "Rows Removed by Index Recheck": 0, "Filter": "((downvotes <= 1177) AND (creationdate >= '2011-08-28 04:34:59'::timestamp without time zone) AND (creationdate <= '2012-06-18 00:47:33'::timestamp without time zone))", "Rows Removed by Filter": 0}]}, {"Node Type": "Index Scan", "Parent Relationship": "Inner", "Parallel Aware": false, "Async Capable": false, "Scan Direction": "Forward", "Index Name": "idx_badges_userid", "Relation Name": "badges", "Alias": "b", "Startup Cost": 0.29, "Total Cost": 0.79, "Plan Rows": 1, "Plan Width": 4, "Actual Rows": 53, "Actual Loops": 1, "Index Cond": "(userid = u.id)", "Rows Removed by Index Recheck": 0, "Filter": "(date <= '2012-07-03 19:55:55'::timestamp without time zone)", "Rows Removed by Filter": 203}]}, {"Node Type": "Index Scan", "Parent Relationship": "Inner", "Parallel Aware": false, "Async Capable": false, "Scan Direction": "Forward", "Index Name": "idx_comments_userid", "Relation Name": "comments", "Alias": "c", "Startup Cost": 0.29, "Total Cost": 0.85, "Plan Rows": 1, "Plan Width": 4, "Actual Rows": 147, "Actual Loops": 53, "Index Cond": "(userid = b.userid)", "Rows Removed by Index Recheck": 0, "Filter": "(score = 3)", "Rows Removed by Filter": 3723}]}, {"Node Type": "Memoize", "Parent Relationship": "Inner", "Parallel Aware": false, "Async Capable": false, "Startup Cost": 0.43, "Total Cost": 25.12, "Plan Rows": 1, "Plan Width": 4, "Actual Rows": 5, "Actual Loops": 7791, "Cache Key": "p.owneruserid", "Cache Mode": "logical", "Cache Hits": 7790, "Cache Misses": 1, "Cache Evictions": 0, "Cache Overflows": 0, "Peak Memory Usage": 1, "Plans": [{"Node Type": "Index Scan", "Parent Relationship": "Outer", "Parallel Aware": false, "Async Capable": false, "Scan Direction": "Forward", "Index Name": "idx_votes_userid", "Relation Name": "votes", "Alias": "v", "Startup Cost": 0.42, "Total Cost": 25.11, "Plan Rows": 1, "Plan Width": 4, "Actual Rows": 5, "Actual Loops": 1, "Index Cond": "(userid = p.owneruserid)", "Rows Removed by Index Recheck": 0, "Filter": "(bountyamount <= 109)", "Rows Removed by Filter": 315}]}]}]}, "Planning Time": 4.24, "Triggers": [], "Execution Time": 45.09}, {"Plan": {"Node Type": "Aggregate", "Strategy": "Plain", "Partial Mode": "Simple", "Parallel Aware": false, "Async Capable": false, "Startup Cost": 7504.35, "Total Cost": 7504.36, "Plan Rows": 1, "Plan Width": 8, "Actual Rows": 1, "Actual Loops": 1, "Plans": [{"Node Type": "Nested Loop", "Parent Relationship": "Outer", "Parallel Aware": false, "Async Capable": false, "Join Type": "Inner", "Startup Cost": 1067.7, "Total Cost": 7504.17, "Plan Rows": 8.0, "Plan Width": 0, "Actual Rows": 38955, "Actual Loops": 1, "Inner Unique": false, "Join Filter": "(p.owneruserid = u.id)", "Rows Removed by Join Filter": 691170, "Plans": [{"Node Type": "Nested Loop", "Parent Relationship": "Outer", "Parallel Aware": false, "Async Capable": false, "Join Type": "Inner", "Startup Cost": 0.71, "Total Cost": 2845.17, "Plan Rows": 1215.0, "Plan Width": 12, "Actual Rows": 1375, "Actual Loops": 1, "Inner Unique": false, "Join Filter": "(p.owneruserid = v.userid)", "Rows Removed by Join Filter": 0, "Plans": [{"Node Type": "Nested Loop", "Parent Relationship": "Outer", "Parallel Aware": false, "Async Capable": false, "Join Type": "Inner", "Startup Cost": 0.29, "Total Cost": 2768.21, "Plan Rows": 97.0, "Plan Width": 8, "Actual Rows": 238, "Actual Loops": 1, "Inner Unique": false, "Plans": [{"Node Type": "Seq Scan", "Parent Relationship": "Outer", "Parallel Aware": false, "Async Capable": false, "Relation Name": "posts", "Alias": "p", "Startup Cost": 0.0, "Total Cost": 2679.52, "Plan Rows": 7, "Plan Width": 4, "Actual Rows": 2, "Actual Loops": 1, "Filter": "((score >= 116) AND (score <= 189) AND (creationdate >= '2011-02-12 19:38:00'::timestamp without time zone) AND (creationdate <= '2013-05-07 02:58:06'::timestamp without time zone))", "Rows Removed by Filter": 91974}, {"Node Type": "Index Scan", "Parent Relationship": "Inner", "Parallel Aware": false, "Async Capable": false, "Scan Direction": "Forward", "Index Name": "idx_badges_userid", "Relation Name": "badges", "Alias": "b", "Startup Cost": 0.29, "Total Cost": 12.66, "Plan Rows": 1, "Plan Width": 4, "Actual Rows": 119, "Actual Loops": 2, "Index Cond": "(userid = p.owneruserid)", "Rows Removed by Index Recheck": 0, "Filter": "(date <= '2012-07-03 19:55:55'::timestamp without time zone)", "Rows Removed by Filter": 237}]}, {"Node Type": "Index Scan", "Parent Relationship": "Inner", "Parallel Aware": false, "Async Capable": false, "Scan Direction": "Forward", "Index Name": "idx_votes_userid", "Relation Name": "votes", "Alias": "v", "Startup Cost": 0.42, "Total Cost": 1.07, "Plan Rows": 1, "Plan Width": 4, "Actual Rows": 6, "Actual Loops": 238, "Index Cond": "(userid = b.userid)", "Rows Removed by Index Recheck": 0, "Filter": "(bountyamount <= 109)", "Rows Removed by Filter": 138}]}, {"Node Type": "Materialize", "Parent Relationship": "Inner", "Parallel Aware": false, "Async Capable": false, "Startup Cost": 1066.99, "Total Cost": 4600.15, "Plan Rows": 6.0, "Plan Width": 8, "Actual Rows": 531, "Actual Loops": 1375, "Plans": [{"Node Type": "Hash Join", "Parent Relationship": "Outer", "Parallel Aware": false, "Async Capable": false, "Join Type": "Inner", "Startup Cost": 1066.99, "Total Cost": 4598.16, "Plan Rows": 6.0, "Plan Width": 8, "Actual Rows": 531, "Actual Loops": 1, "Inner Unique": true, "Hash Cond": "(c.userid = u.id)", "Plans": [{"Node Type": "Seq Scan", "Parent Relationship": "Outer", "Parallel Aware": false, "Async Capable": false, "Relation Name": "comments", "Alias": "c", "Startup Cost": 0.0, "Total Cost": 3522.81, "Plan Rows": 3184, "Plan Width": 4, "Actual Rows": 3195, "Actual Loops": 1, "Filter": "(score = 3)", "Rows Removed by Filter": 171110}, {"Node Type": "Hash", "Parent Relationship": "Inner", "Parallel Aware": false, "Async Capable": false, "Startup Cost": 1002.69, "Total Cost": 1002.69, "Plan Rows": 5144, "Plan Width": 4, "Actual Rows": 5128, "Actual Loops": 1, "Hash Buckets": 8192, "Original Hash Buckets": 8192, "Hash Batches": 1, "Original Hash Batches": 1, "Peak Memory Usage": 245, "Plans": [{"Node Type": "Seq Scan", "Parent Relationship": "Outer", "Parallel Aware": false, "Async Capable": false, "Relation Name": "users", "Alias": "u", "Startup Cost": 0.0, "Total Cost": 1002.69, "Plan Rows": 5144, "Plan Width": 4, "Actual Rows": 5128, "Actual Loops": 1, "Filter": "((downvotes <= 1177) AND (creationdate >= '2011-08-28 04:34:59'::timestamp without time zone) AND (creationdate <= '2012-06-18 00:47:33'::timestamp without time zone))", "Rows Removed by Filter": 35197}]}]}]}]}]}, "Planning Time": 4.625, "Triggers": [], "Execution Time": 84.675}, {"Plan": {"Node Type": "Aggregate", "Strategy": "Plain", "Partial Mode": "Simple", "Parallel Aware": false, "Async Capable": false, "Startup Cost": 4068.19, "Total Cost": 4068.2, "Plan Rows": 1, "Plan Width": 8, "Actual Rows": 1, "Actual Loops": 1, "Plans": [{"Node Type": "Merge Join", "Parent Relationship": "Outer", "Parallel Aware": false, "Async Capable": false, "Join Type": "Inner", "Startup Cost": 2755.67, "Total Cost": 4068.01, "Plan Rows": 8.0, "Plan Width": 0, "Actual Rows": 38955, "Actual Loops": 1, "Inner Unique": false, "Merge Cond": "(v.userid = u.id)", "Plans": [{"Node Type": "Index Scan", "Parent Relationship": "Outer", "Parallel Aware": false, "Async Capable": false, "Scan Direction": "Forward", "Index Name": "idx_votes_userid", "Relation Name": "votes", "Alias": "v", "Startup Cost": 0.42, "Total Cost": 12422.47, "Plan Rows": 1649, "Plan Width": 4, "Actual Rows": 425, "Actual Loops": 1, "Filter": "(bountyamount <= 109)", "Rows Removed by Filter": 13819}, {"Node Type": "Sort", "Parent Relationship": "Inner", "Parallel Aware": false, "Async Capable": false, "Startup Cost": 2755.24, "Total Cost": 2755.82, "Plan Rows": 1.0, "Plan Width": 16, "Actual Rows": 38951, "Actual Loops": 1, "Sort Key": ["c.userid"], "Sort Method": "quicksort", "Sort Space Used": 497, "Sort Space Type": "Memory", "Plans": [{"Node Type": "Nested Loop", "Parent Relationship": "Outer", "Parallel Aware": false, "Async Capable": false, "Join Type": "Inner", "Startup Cost": 0.88, "Total Cost": 2746.27, "Plan Rows": 1.0, "Plan Width": 16, "Actual Rows": 7791, "Actual Loops": 1, "Inner Unique": false, "Join Filter": "(c.userid = u.id)", "Rows Removed by Join Filter": 0, "Plans": [{"Node Type": "Nested Loop", "Parent Relationship": "Outer", "Parallel Aware": false, "Async Capable": false, "Join Type": "Inner", "Startup Cost": 0.58, "Total Cost": 2738.53, "Plan Rows": 7.0, "Plan Width": 12, "Actual Rows": 53, "Actual Loops": 1, "Inner Unique": false, "Plans": [{"Node Type": "Nested Loop", "Parent Relationship": "Outer", "Parallel Aware": false, "Async Capable": false, "Join Type": "Inner", "Startup Cost": 0.29, "Total Cost": 2737.73, "Plan Rows": 1.0, "Plan Width": 8, "Actual Rows": 1, "Actual Loops": 1, "Inner Unique": true, "Plans": [{"Node Type": "Seq Scan", "Parent Relationship": "Outer", "Parallel Aware": false, "Async Capable": false, "Relation Name": "posts", "Alias": "p", "Startup Cost": 0.0, "Total Cost": 2679.52, "Plan Rows": 7, "Plan Width": 4, "Actual Rows": 2, "Actual Loops": 1, "Filter": "((score >= 116) AND (score <= 189) AND (creationdate >= '2011-02-12 19:38:00'::timestamp without time zone) AND (creationdate <= '2013-05-07 02:58:06'::timestamp without time zone))", "Rows Removed by Filter": 91974}, {"Node Type": "Index Scan", "Parent Relationship": "Inner", "Parallel Aware": false, "Async Capable": false, "Scan Direction": "Forward", "Index Name": "users_pkey", "Relation Name": "users", "Alias": "u", "Startup Cost": 0.29, "Total Cost": 8.31, "Plan Rows": 1, "Plan Width": 4, "Actual Rows": 0, "Actual Loops": 2, "Index Cond": "(id = p.owneruserid)", "Rows Removed by Index Recheck": 0, "Filter": "((downvotes <= 1177) AND (creationdate >= '2011-08-28 04:34:59'::timestamp without time zone) AND (creationdate <= '2012-06-18 00:47:33'::timestamp without time zone))", "Rows Removed by Filter": 0}]}, {"Node Type": "Index Scan", "Parent Relationship": "Inner", "Parallel Aware": false, "Async Capable": false, "Scan Direction": "Forward", "Index Name": "idx_badges_userid", "Relation Name": "badges", "Alias": "b", "Startup Cost": 0.29, "Total Cost": 0.79, "Plan Rows": 1, "Plan Width": 4, "Actual Rows": 53, "Actual Loops": 1, "Index Cond": "(userid = u.id)", "Rows Removed by Index Recheck": 0, "Filter": "(date <= '2012-07-03 19:55:55'::timestamp without time zone)", "Rows Removed by Filter": 203}]}, {"Node Type": "Index Scan", "Parent Relationship": "Inner", "Parallel Aware": false, "Async Capable": false, "Scan Direction": "Forward", "Index Name": "idx_comments_userid", "Relation Name": "comments", "Alias": "c", "Startup Cost": 0.29, "Total Cost": 0.85, "Plan Rows": 1, "Plan Width": 4, "Actual Rows": 147, "Actual Loops": 53, "Index Cond": "(userid = b.userid)", "Rows Removed by Index Recheck": 0, "Filter": "(score = 3)", "Rows Removed by Filter": 3723}]}]}]}]}, "Planning Time": 4.18, "Triggers": [], "Execution Time": 64.882}, {"Plan": {"Node Type": "Aggregate", "Strategy": "Plain", "Partial Mode": "Simple", "Parallel Aware": false, "Async Capable": false, "Startup Cost": 7806.81, "Total Cost": 7806.82, "Plan Rows": 1, "Plan Width": 8, "Actual Rows": 1, "Actual Loops": 1, "Plans": [{"Node Type": "Hash Join", "Parent Relationship": "Outer", "Parallel Aware": false, "Async Capable": false, "Join Type": "Inner", "Startup Cost": 5057.83, "Total Cost": 7806.63, "Plan Rows": 8.0, "Plan Width": 0, "Actual Rows": 38955, "Actual Loops": 1, "Inner Unique": false, "Hash Cond": "(u.id = c.userid)", "Plans": [{"Node Type": "Nested Loop", "Parent Relationship": "Outer", "Parallel Aware": false, "Async Capable": false, "Join Type": "Inner", "Startup Cost": 0.58, "Total Cost": 2738.53, "Plan Rows": 7.0, "Plan Width": 12, "Actual Rows": 53, "Actual Loops": 1, "Inner Unique": false, "Plans": [{"Node Type": "Nested Loop", "Parent Relationship": "Outer", "Parallel Aware": false, "Async Capable": false, "Join Type": "Inner", "Startup Cost": 0.29, "Total Cost": 2737.73, "Plan Rows": 1.0, "Plan Width": 8, "Actual Rows": 1, "Actual Loops": 1, "Inner Unique": true, "Plans": [{"Node Type": "Seq Scan", "Parent Relationship": "Outer", "Parallel Aware": false, "Async Capable": false, "Relation Name": "posts", "Alias": "p", "Startup Cost": 0.0, "Total Cost": 2679.52, "Plan Rows": 7, "Plan Width": 4, "Actual Rows": 2, "Actual Loops": 1, "Filter": "((score >= 116) AND (score <= 189) AND (creationdate >= '2011-02-12 19:38:00'::timestamp without time zone) AND (creationdate <= '2013-05-07 02:58:06'::timestamp without time zone))", "Rows Removed by Filter": 91974}, {"Node Type": "Index Scan", "Parent Relationship": "Inner", "Parallel Aware": false, "Async Capable": false, "Scan Direction": "Forward", "Index Name": "users_pkey", "Relation Name": "users", "Alias": "u", "Startup Cost": 0.29, "Total Cost": 8.31, "Plan Rows": 1, "Plan Width": 4, "Actual Rows": 0, "Actual Loops": 2, "Index Cond": "(id = p.owneruserid)", "Rows Removed by Index Recheck": 0, "Filter": "((downvotes <= 1177) AND (creationdate >= '2011-08-28 04:34:59'::timestamp without time zone) AND (creationdate <= '2012-06-18 00:47:33'::timestamp without time zone))", "Rows Removed by Filter": 0}]}, {"Node Type": "Index Scan", "Parent Relationship": "Inner", "Parallel Aware": false, "Async Capable": false, "Scan Direction": "Forward", "Index Name": "idx_badges_userid", "Relation Name": "badges", "Alias": "b", "Startup Cost": 0.29, "Total Cost": 0.79, "Plan Rows": 1, "Plan Width": 4, "Actual Rows": 53, "Actual Loops": 1, "Index Cond": "(userid = u.id)", "Rows Removed by Index Recheck": 0, "Filter": "(date <= '2012-07-03 19:55:55'::timestamp without time zone)", "Rows Removed by Filter": 203}]}, {"Node Type": "Hash", "Parent Relationship": "Inner", "Parallel Aware": false, "Async Capable": false, "Startup Cost": 5045.22, "Total Cost": 5045.22, "Plan Rows": 711.0, "Plan Width": 8, "Actual Rows": 12061, "Actual Loops": 1, "Hash Buckets": 16384, "Original Hash Buckets": 1024, "Hash Batches": 1, "Original Hash Batches": 1, "Peak Memory Usage": 600, "Plans": [{"Node Type": "Merge Join", "Parent Relationship": "Outer", "Parallel Aware": false, "Async Capable": false, "Join Type": "Inner", "Startup Cost": 3708.49, "Total Cost": 5045.22, "Plan Rows": 711.0, "Plan Width": 8, "Actual Rows": 12061, "Actual Loops": 1, "Inner Unique": false, "Merge Cond": "(v.userid = c.userid)", "Plans": [{"Node Type": "Index Scan", "Parent Relationship": "Outer", "Parallel Aware": false, "Async Capable": false, "Scan Direction": "Forward", "Index Name": "idx_votes_userid", "Relation Name": "votes", "Alias": "v", "Startup Cost": 0.42, "Total Cost": 12422.47, "Plan Rows": 1649, "Plan Width": 4, "Actual Rows": 1037, "Actual Loops": 1, "Filter": "(bountyamount <= 109)", "Rows Removed by Filter": 33747}, {"Node Type": "Sort", "Parent Relationship": "Inner", "Parallel Aware": false, "Async Capable": false, "Startup Cost": 3708.07, "Total Cost": 3716.03, "Plan Rows": 3184, "Plan Width": 4, "Actual Rows": 13301, "Actual Loops": 1, "Sort Key": ["c.userid"], "Sort Method": "quicksort", "Sort Space Used": 97, "Sort Space Type": "Memory", "Plans": [{"Node Type": "Seq Scan", "Parent Relationship": "Outer", "Parallel Aware": false, "Async Capable": false, "Relation Name": "comments", "Alias": "c", "Startup Cost": 0.0, "Total Cost": 3522.81, "Plan Rows": 3184, "Plan Width": 4, "Actual Rows": 3195, "Actual Loops": 1, "Filter": "(score = 3)", "Rows Removed by Filter": 171110}]}]}]}]}]}, "Planning Time": 4.883, "Triggers": [], "Execution Time": 90.829}, {"Plan": {"Node Type": "Aggregate", "Strategy": "Plain", "Partial Mode": "Simple", "Parallel Aware": false, "Async Capable": false, "Startup Cost": 4385.68, "Total Cost": 4385.69, "Plan Rows": 1, "Plan Width": 8, "Plans": [{"Node Type": "Nested Loop", "Parent Relationship": "Outer", "Parallel Aware": false, "Async Capable": false, "Join Type": "Inner", "Startup Cost": 1321.08, "Total Cost": 4385.51, "Plan Rows": 8.0, "Plan Width": 0, "Inner Unique": false, "Join Filter": "(p.owneruserid = u.id)", "Plans": [{"Node Type": "Nested Loop", "Parent Relationship": "Outer", "Parallel Aware": false, "Async Capable": false, "Join Type": "Inner", "Startup Cost": 1320.79, "Total Cost": 2689.61, "Plan Rows": 313.0, "Plan Width": 16, "Inner Unique": false, "Join Filter": "(c.userid = u.id)", "Plans": [{"Node Type": "Nested Loop", "Parent Relationship": "Outer", "Parallel Aware": false, "Async Capable": false, "Join Type": "Inner", "Startup Cost": 1320.5, "Total Cost": 2674.99, "Plan Rows": 3448.0, "Plan Width": 12, "Inner Unique": false, "Plans": [{"Node Type": "Merge Join", "Parent Relationship": "Outer", "Parallel Aware": false, "Async Capable": false, "Join Type": "Inner", "Startup Cost": 1320.2, "Total Cost": 2657.33, "Plan Rows": 434.0, "Plan Width": 8, "Inner Unique": true, "Merge Cond": "(v.userid = u.id)", "Plans": [{"Node Type": "Index Scan", "Parent Relationship": "Outer", "Parallel Aware": false, "Async Capable": false, "Scan Direction": "Forward", "Index Name": "idx_votes_userid", "Relation Name": "votes", "Alias": "v", "Startup Cost": 0.42, "Total Cost": 12422.47, "Plan Rows": 1649, "Plan Width": 4, "Filter": "(bountyamount <= 109)"}, {"Node Type": "Sort", "Parent Relationship": "Inner", "Parallel Aware": false, "Async Capable": false, "Startup Cost": 1319.78, "Total Cost": 1332.64, "Plan Rows": 5144, "Plan Width": 4, "Sort Key": ["u.id"], "Plans": [{"Node Type": "Seq Scan", "Parent Relationship": "Outer", "Parallel Aware": false, "Async Capable": false, "Relation Name": "users", "Alias": "u", "Startup Cost": 0.0, "Total Cost": 1002.69, "Plan Rows": 5144, "Plan Width": 4, "Filter": "((downvotes <= 1177) AND (creationdate >= '2011-08-28 04:34:59'::timestamp without time zone) AND (creationdate <= '2012-06-18 00:47:33'::timestamp without time zone))"}]}]}, {"Node Type": "Index Scan", "Parent Relationship": "Inner", "Parallel Aware": false, "Async Capable": false, "Scan Direction": "Forward", "Index Name": "idx_badges_userid", "Relation Name": "badges", "Alias": "b", "Startup Cost": 0.29, "Total Cost": 0.79, "Plan Rows": 1, "Plan Width": 4, "Index Cond": "(userid = u.id)", "Filter": "(date <= '2012-07-03 19:55:55'::timestamp without time zone)"}]}, {"Node Type": "Index Scan", "Parent Relationship": "Inner", "Parallel Aware": false, "Async Capable": false, "Scan Direction": "Forward", "Index Name": "idx_comments_userid", "Relation Name": "comments", "Alias": "c", "Startup Cost": 0.29, "Total Cost": 0.85, "Plan Rows": 1, "Plan Width": 4, "Index Cond": "(userid = b.userid)", "Filter": "(score = 3)"}]}, {"Node Type": "Index Scan", "Parent Relationship": "Inner", "Parallel Aware": false, "Async Capable": false, "Scan Direction": "Forward", "Index Name": "idx_posts_owneruserid", "Relation Name": "posts", "Alias": "p", "Startup Cost": 0.29, "Total Cost": 0.59, "Plan Rows": 1, "Plan Width": 4, "Index Cond": "(owneruserid = b.userid)", "Filter": "((score >= 116) AND (score <= 189) AND (creationdate >= '2011-02-12 19:38:00'::timestamp without time zone) AND (creationdate <= '2013-05-07 02:58:06'::timestamp without time zone))"}]}]}, "Timeout Time": 5000}, {"Plan": {"Node Type": "Aggregate", "Strategy": "Plain", "Partial Mode": "Simple", "Parallel Aware": false, "Async Capable": false, "Startup Cost": 5493.9, "Total Cost": 5493.91, "Plan Rows": 1, "Plan Width": 8, "Actual Rows": 1, "Actual Loops": 1, "Plans": [{"Node Type": "Hash Join", "Parent Relationship": "Outer", "Parallel Aware": false, "Async Capable": false, "Join Type": "Inner", "Startup Cost": 2658.2, "Total Cost": 5493.73, "Plan Rows": 8.0, "Plan Width": 0, "Actual Rows": 38955, "Actual Loops": 1, "Inner Unique": false, "Hash Cond": "(c.userid = u.id)", "Plans": [{"Node Type": "Nested Loop", "Parent Relationship": "Outer", "Parallel Aware": false, "Async Capable": false, "Join Type": "Inner", "Startup Cost": 0.59, "Total Cost": 2829.26, "Plan Rows": 13.0, "Plan Width": 12, "Actual Rows": 116941, "Actual Loops": 1, "Inner Unique": false, "Join Filter": "(c.userid = p.owneruserid)", "Rows Removed by Join Filter": 0, "Plans": [{"Node Type": "Nested Loop", "Parent Relationship": "Outer", "Parallel Aware": false, "Async Capable": false, "Join Type": "Inner", "Startup Cost": 0.29, "Total Cost": 2768.21, "Plan Rows": 97.0, "Plan Width": 8, "Actual Rows": 238, "Actual Loops": 1, "Inner Unique": false, "Plans": [{"Node Type": "Seq Scan", "Parent Relationship": "Outer", "Parallel Aware": false, "Async Capable": false, "Relation Name": "posts", "Alias": "p", "Startup Cost": 0.0, "Total Cost": 2679.52, "Plan Rows": 7, "Plan Width": 4, "Actual Rows": 2, "Actual Loops": 1, "Filter": "((score >= 116) AND (score <= 189) AND (creationdate >= '2011-02-12 19:38:00'::timestamp without time zone) AND (creationdate <= '2013-05-07 02:58:06'::timestamp without time zone))", "Rows Removed by Filter": 91974}, {"Node Type": "Index Scan", "Parent Relationship": "Inner", "Parallel Aware": false, "Async Capable": false, "Scan Direction": "Forward", "Index Name": "idx_badges_userid", "Relation Name": "badges", "Alias": "b", "Startup Cost": 0.29, "Total Cost": 12.66, "Plan Rows": 1, "Plan Width": 4, "Actual Rows": 119, "Actual Loops": 2, "Index Cond": "(userid = p.owneruserid)", "Rows Removed by Index Recheck": 0, "Filter": "(date <= '2012-07-03 19:55:55'::timestamp without time zone)", "Rows Removed by Filter": 237}]}, {"Node Type": "Index Scan", "Parent Relationship": "Inner", "Parallel Aware": false, "Async Capable": false, "Scan Direction": "Forward", "Index Name": "idx_comments_userid", "Relation Name": "comments", "Alias": "c", "Startup Cost": 0.29, "Total Cost": 0.85, "Plan Rows": 1, "Plan Width": 4, "Actual Rows": 491, "Actual Loops": 238, "Index Cond": "(userid = b.userid)", "Rows Removed by Index Recheck": 0, "Filter": "(score = 3)", "Rows Removed by Filter": 10647}]}, {"Node Type": "Hash", "Parent Relationship": "Inner", "Parallel Aware": false, "Async Capable": false, "Startup Cost": 2657.33, "Total Cost": 2657.33, "Plan Rows": 434.0, "Plan Width": 8, "Actual Rows": 249, "Actual Loops": 1, "Hash Buckets": 1024, "Original Hash Buckets": 1024, "Hash Batches": 1, "Original Hash Batches": 1, "Peak Memory Usage": 18, "Plans": [{"Node Type": "Merge Join", "Parent Relationship": "Outer", "Parallel Aware": false, "Async Capable": false, "Join Type": "Inner", "Startup Cost": 1320.2, "Total Cost": 2657.33, "Plan Rows": 434.0, "Plan Width": 8, "Actual Rows": 249, "Actual Loops": 1, "Inner Unique": true, "Merge Cond": "(v.userid = u.id)", "Plans": [{"Node Type": "Index Scan", "Parent Relationship": "Outer", "Parallel Aware": false, "Async Capable": false, "Scan Direction": "Forward", "Index Name": "idx_votes_userid", "Relation Name": "votes", "Alias": "v", "Startup Cost": 0.42, "Total Cost": 12422.47, "Plan Rows": 1649, "Plan Width": 4, "Actual Rows": 997, "Actual Loops": 1, "Filter": "(bountyamount <= 109)", "Rows Removed by Filter": 32392}, {"Node Type": "Sort", "Parent Relationship": "Inner", "Parallel Aware": false, "Async Capable": false, "Startup Cost": 1319.78, "Total Cost": 1332.64, "Plan Rows": 5144, "Plan Width": 4, "Actual Rows": 5128, "Actual Loops": 1, "Sort Key": ["u.id"], "Sort Method": "quicksort", "Sort Space Used": 193, "Sort Space Type": "Memory", "Plans": [{"Node Type": "Seq Scan", "Parent Relationship": "Outer", "Parallel Aware": false, "Async Capable": false, "Relation Name": "users", "Alias": "u", "Startup Cost": 0.0, "Total Cost": 1002.69, "Plan Rows": 5144, "Plan Width": 4, "Actual Rows": 5128, "Actual Loops": 1, "Filter": "((downvotes <= 1177) AND (creationdate >= '2011-08-28 04:34:59'::timestamp without time zone) AND (creationdate <= '2012-06-18 00:47:33'::timestamp without time zone))", "Rows Removed by Filter": 35197}]}]}]}]}]}, "Planning Time": 4.82, "Triggers": [], "Execution Time": 423.111}, {"Plan": {"Node Type": "Aggregate", "Strategy": "Plain", "Partial Mode": "Finalize", "Parallel Aware": false, "Async Capable": false, "Startup Cost": 6134.94, "Total Cost": 6134.95, "Plan Rows": 1, "Plan Width": 8, "Actual Rows": 1, "Actual Loops": 1, "Plans": [{"Node Type": "Gather", "Parent Relationship": "Outer", "Parallel Aware": false, "Async Capable": false, "Startup Cost": 6134.83, "Total Cost": 6134.94, "Plan Rows": 1, "Plan Width": 8, "Actual Rows": 2, "Actual Loops": 1, "Workers Planned": 1, "Workers Launched": 1, "Single Copy": false, "Plans": [{"Node Type": "Aggregate", "Strategy": "Plain", "Partial Mode": "Partial", "Parent Relationship": "Outer", "Parallel Aware": false, "Async Capable": false, "Startup Cost": 5134.83, "Total Cost": 5134.84, "Plan Rows": 1, "Plan Width": 8, "Actual Rows": 1, "Actual Loops": 2, "Workers": [], "Plans": [{"Node Type": "Hash Join", "Parent Relationship": "Outer", "Parallel Aware": true, "Async Capable": false, "Join Type": "Inner", "Startup Cost": 2502.04, "Total Cost": 5134.72, "Plan Rows": 8.0, "Plan Width": 0, "Actual Rows": 19478, "Actual Loops": 2, "Inner Unique": false, "Hash Cond": "(c.userid = u.id)", "Workers": [], "Plans": [{"Node Type": "Seq Scan", "Parent Relationship": "Outer", "Parallel Aware": true, "Async Capable": false, "Relation Name": "comments", "Alias": "c", "Startup Cost": 0.0, "Total Cost": 2625.65, "Plan Rows": 1873, "Plan Width": 4, "Actual Rows": 1598, "Actual Loops": 2, "Filter": "(score = 3)", "Rows Removed by Filter": 85555, "Workers": []}, {"Node Type": "Hash", "Parent Relationship": "Inner", "Parallel Aware": true, "Async Capable": false, "Startup Cost": 2502.02, "Total Cost": 2502.02, "Plan Rows": 73.0, "Plan Width": 16, "Actual Rows": 132, "Actual Loops": 2, "Hash Buckets": 1024, "Original Hash Buckets": 1024, "Hash Batches": 1, "Original Hash Batches": 1, "Peak Memory Usage": 40, "Workers": [], "Plans": [{"Node Type": "Nested Loop", "Parent Relationship": "Outer", "Parallel Aware": false, "Async Capable": false, "Join Type": "Inner", "Startup Cost": 1320.79, "Total Cost": 2502.02, "Plan Rows": 73.0, "Plan Width": 16, "Actual Rows": 132, "Actual Loops": 2, "Inner Unique": false, "Workers": [], "Plans": [{"Node Type": "Nested Loop", "Parent Relationship": "Outer", "Parallel Aware": false, "Async Capable": false, "Join Type": "Inner", "Startup Cost": 1320.5, "Total Cost": 2501.22, "Plan Rows": 9.0, "Plan Width": 12, "Actual Rows": 2, "Actual Loops": 2, "Inner Unique": false, "Workers": [], "Plans": [{"Node Type": "Merge Join", "Parent Relationship": "Outer", "Parallel Aware": false, "Async Capable": false, "Join Type": "Inner", "Startup Cost": 1320.2, "Total Cost": 2486.05, "Plan Rows": 434.0, "Plan Width": 8, "Actual Rows": 124, "Actual Loops": 2, "Inner Unique": true, "Merge Cond": "(v.userid = u.id)", "Workers": [], "Plans": [{"Node Type": "Index Scan", "Parent Relationship": "Outer", "Parallel Aware": true, "Async Capable": false, "Scan Direction": "Forward", "Index Name": "idx_votes_userid", "Relation Name": "votes", "Alias": "v", "Startup Cost": 0.42, "Total Cost": 10733.91, "Plan Rows": 970, "Plan Width": 4, "Actual Rows": 499, "Actual Loops": 2, "Filter": "(bountyamount <= 109)", "Rows Removed by Filter": 16211, "Workers": []}, {"Node Type": "Sort", "Parent Relationship": "Inner", "Parallel Aware": false, "Async Capable": false, "Startup Cost": 1319.78, "Total Cost": 1332.64, "Plan Rows": 5144, "Plan Width": 4, "Actual Rows": 5128, "Actual Loops": 2, "Sort Key": ["u.id"], "Sort Method": "quicksort", "Sort Space Used": 193, "Sort Space Type": "Memory", "Workers": [{"Worker Number": 0, "Sort Method": "quicksort", "Sort Space Used": 193, "Sort Space Type": "Memory"}], "Plans": [{"Node Type": "Seq Scan", "Parent Relationship": "Outer", "Parallel Aware": false, "Async Capable": false, "Relation Name": "users", "Alias": "u", "Startup Cost": 0.0, "Total Cost": 1002.69, "Plan Rows": 5144, "Plan Width": 4, "Actual Rows": 5128, "Actual Loops": 2, "Filter": "((downvotes <= 1177) AND (creationdate >= '2011-08-28 04:34:59'::timestamp without time zone) AND (creationdate <= '2012-06-18 00:47:33'::timestamp without time zone))", "Rows Removed by Filter": 35197, "Workers": []}]}]}, {"Node Type": "Index Scan", "Parent Relationship": "Inner", "Parallel Aware": false, "Async Capable": false, "Scan Direction": "Forward", "Index Name": "idx_posts_owneruserid", "Relation Name": "posts", "Alias": "p", "Startup Cost": 0.29, "Total Cost": 1.16, "Plan Rows": 1, "Plan Width": 4, "Actual Rows": 0, "Actual Loops": 249, "Index Cond": "(owneruserid = u.id)", "Rows Removed by Index Recheck": 0, "Filter": "((score >= 116) AND (score <= 189) AND (creationdate >= '2011-02-12 19:38:00'::timestamp without time zone) AND (creationdate <= '2013-05-07 02:58:06'::timestamp without time zone))", "Rows Removed by Filter": 57, "Workers": []}]}, {"Node Type": "Index Scan", "Parent Relationship": "Inner", "Parallel Aware": false, "Async Capable": false, "Scan Direction": "Forward", "Index Name": "idx_badges_userid", "Relation Name": "badges", "Alias": "b", "Startup Cost": 0.29, "Total Cost": 0.79, "Plan Rows": 1, "Plan Width": 4, "Actual Rows": 53, "Actual Loops": 5, "Index Cond": "(userid = u.id)", "Rows Removed by Index Recheck": 0, "Filter": "(date <= '2012-07-03 19:55:55'::timestamp without time zone)", "Rows Removed by Filter": 203, "Workers": []}]}]}]}]}]}]}, "Planning Time": 5.616, "Triggers": [], "Execution Time": 71.659}, {"Plan": {"Node Type": "Aggregate", "Strategy": "Plain", "Partial Mode": "Simple", "Parallel Aware": false, "Async Capable": false, "Startup Cost": 5559.88, "Total Cost": 5559.89, "Plan Rows": 1, "Plan Width": 8, "Actual Rows": 1, "Actual Loops": 1, "Plans": [{"Node Type": "Hash Join", "Parent Relationship": "Outer", "Parallel Aware": false, "Async Capable": false, "Join Type": "Inner", "Startup Cost": 4172.29, "Total Cost": 5559.7, "Plan Rows": 8.0, "Plan Width": 0, "Actual Rows": 38955, "Actual Loops": 1, "Inner Unique": false, "Hash Cond": "(u.id = c.userid)", "Plans": [{"Node Type": "Merge Join", "Parent Relationship": "Outer", "Parallel Aware": false, "Async Capable": false, "Join Type": "Inner", "Startup Cost": 1320.2, "Total Cost": 2657.33, "Plan Rows": 434.0, "Plan Width": 8, "Actual Rows": 249, "Actual Loops": 1, "Inner Unique": true, "Merge Cond": "(v.userid = u.id)", "Plans": [{"Node Type": "Index Scan", "Parent Relationship": "Outer", "Parallel Aware": false, "Async Capable": false, "Scan Direction": "Forward", "Index Name": "idx_votes_userid", "Relation Name": "votes", "Alias": "v", "Startup Cost": 0.42, "Total Cost": 12422.47, "Plan Rows": 1649, "Plan Width": 4, "Actual Rows": 997, "Actual Loops": 1, "Filter": "(bountyamount <= 109)", "Rows Removed by Filter": 32392}, {"Node Type": "Sort", "Parent Relationship": "Inner", "Parallel Aware": false, "Async Capable": false, "Startup Cost": 1319.78, "Total Cost": 1332.64, "Plan Rows": 5144, "Plan Width": 4, "Actual Rows": 5128, "Actual Loops": 1, "Sort Key": ["u.id"], "Sort Method": "quicksort", "Sort Space Used": 193, "Sort Space Type": "Memory", "Plans": [{"Node Type": "Seq Scan", "Parent Relationship": "Outer", "Parallel Aware": false, "Async Capable": false, "Relation Name": "users", "Alias": "u", "Startup Cost": 0.0, "Total Cost": 1002.69, "Plan Rows": 5144, "Plan Width": 4, "Actual Rows": 5128, "Actual Loops": 1, "Filter": "((downvotes <= 1177) AND (creationdate >= '2011-08-28 04:34:59'::timestamp without time zone) AND (creationdate <= '2012-06-18 00:47:33'::timestamp without time zone))", "Rows Removed by Filter": 35197}]}]}, {"Node Type": "Hash", "Parent Relationship": "Inner", "Parallel Aware": false, "Async Capable": false, "Startup Cost": 2829.26, "Total Cost": 2829.26, "Plan Rows": 13.0, "Plan Width": 12, "Actual Rows": 116941, "Actual Loops": 1, "Hash Buckets": 131072, "Original Hash Buckets": 2048, "Hash Batches": 1, "Original Hash Batches": 1, "Peak Memory Usage": 6049, "Plans": [{"Node Type": "Nested Loop", "Parent Relationship": "Outer", "Parallel Aware": false, "Async Capable": false, "Join Type": "Inner", "Startup Cost": 0.59, "Total Cost": 2829.26, "Plan Rows": 13.0, "Plan Width": 12, "Actual Rows": 116941, "Actual Loops": 1, "Inner Unique": false, "Join Filter": "(c.userid = p.owneruserid)", "Rows Removed by Join Filter": 0, "Plans": [{"Node Type": "Nested Loop", "Parent Relationship": "Outer", "Parallel Aware": false, "Async Capable": false, "Join Type": "Inner", "Startup Cost": 0.29, "Total Cost": 2768.21, "Plan Rows": 97.0, "Plan Width": 8, "Actual Rows": 238, "Actual Loops": 1, "Inner Unique": false, "Plans": [{"Node Type": "Seq Scan", "Parent Relationship": "Outer", "Parallel Aware": false, "Async Capable": false, "Relation Name": "posts", "Alias": "p", "Startup Cost": 0.0, "Total Cost": 2679.52, "Plan Rows": 7, "Plan Width": 4, "Actual Rows": 2, "Actual Loops": 1, "Filter": "((score >= 116) AND (score <= 189) AND (creationdate >= '2011-02-12 19:38:00'::timestamp without time zone) AND (creationdate <= '2013-05-07 02:58:06'::timestamp without time zone))", "Rows Removed by Filter": 91974}, {"Node Type": "Index Scan", "Parent Relationship": "Inner", "Parallel Aware": false, "Async Capable": false, "Scan Direction": "Forward", "Index Name": "idx_badges_userid", "Relation Name": "badges", "Alias": "b", "Startup Cost": 0.29, "Total Cost": 12.66, "Plan Rows": 1, "Plan Width": 4, "Actual Rows": 119, "Actual Loops": 2, "Index Cond": "(userid = p.owneruserid)", "Rows Removed by Index Recheck": 0, "Filter": "(date <= '2012-07-03 19:55:55'::timestamp without time zone)", "Rows Removed by Filter": 237}]}, {"Node Type": "Index Scan", "Parent Relationship": "Inner", "Parallel Aware": false, "Async Capable": false, "Scan Direction": "Forward", "Index Name": "idx_comments_userid", "Relation Name": "comments", "Alias": "c", "Startup Cost": 0.29, "Total Cost": 0.85, "Plan Rows": 1, "Plan Width": 4, "Actual Rows": 491, "Actual Loops": 238, "Index Cond": "(userid = b.userid)", "Rows Removed by Index Recheck": 0, "Filter": "(score = 3)", "Rows Removed by Filter": 10647}]}]}]}]}, "Planning Time": 5.01, "Triggers": [], "Execution Time": 515.817}, {"Plan": {"Node Type": "Aggregate", "Strategy": "Plain", "Partial Mode": "Simple", "Parallel Aware": false, "Async Capable": false, "Startup Cost": 7764.26, "Total Cost": 7764.27, "Plan Rows": 1, "Plan Width": 8, "Actual Rows": 1, "Actual Loops": 1, "Plans": [{"Node Type": "Merge Join", "Parent Relationship": "Outer", "Parallel Aware": false, "Async Capable": false, "Join Type": "Inner", "Startup Cost": 6447.16, "Total Cost": 7764.08, "Plan Rows": 8.0, "Plan Width": 0, "Actual Rows": 38955, "Actual Loops": 1, "Inner Unique": false, "Merge Cond": "(c.userid = u.id)", "Plans": [{"Node Type": "Merge Join", "Parent Relationship": "Outer", "Parallel Aware": false, "Async Capable": false, "Join Type": "Inner", "Startup Cost": 3708.49, "Total Cost": 5045.22, "Plan Rows": 711.0, "Plan Width": 8, "Actual Rows": 11490, "Actual Loops": 1, "Inner Unique": false, "Merge Cond": "(v.userid = c.userid)", "Plans": [{"Node Type": "Index Scan", "Parent Relationship": "Outer", "Parallel Aware": false, "Async Capable": false, "Scan Direction": "Forward", "Index Name": "idx_votes_userid", "Relation Name": "votes", "Alias": "v", "Startup Cost": 0.42, "Total Cost": 12422.47, "Plan Rows": 1649, "Plan Width": 4, "Actual Rows": 427, "Actual Loops": 1, "Filter": "(bountyamount <= 109)", "Rows Removed by Filter": 13826}, {"Node Type": "Sort", "Parent Relationship": "Inner", "Parallel Aware": false, "Async Capable": false, "Startup Cost": 3708.07, "Total Cost": 3716.03, "Plan Rows": 3184, "Plan Width": 4, "Actual Rows": 12183, "Actual Loops": 1, "Sort Key": ["c.userid"], "Sort Method": "quicksort", "Sort Space Used": 97, "Sort Space Type": "Memory", "Plans": [{"Node Type": "Seq Scan", "Parent Relationship": "Outer", "Parallel Aware": false, "Async Capable": false, "Relation Name": "comments", "Alias": "c", "Startup Cost": 0.0, "Total Cost": 3522.81, "Plan Rows": 3184, "Plan Width": 4, "Actual Rows": 3195, "Actual Loops": 1, "Filter": "(score = 3)", "Rows Removed by Filter": 171110}]}]}, {"Node Type": "Sort", "Parent Relationship": "Inner", "Parallel Aware": false, "Async Capable": false, "Startup Cost": 2738.67, "Total Cost": 2738.7, "Plan Rows": 7.0, "Plan Width": 12, "Actual Rows": 38221, "Actual Loops": 1, "Sort Key": ["p.owneruserid"], "Sort Method": "quicksort", "Sort Space Used": 27, "Sort Space Type": "Memory", "Plans": [{"Node Type": "Nested Loop", "Parent Relationship": "Outer", "Parallel Aware": false, "Async Capable": false, "Join Type": "Inner", "Startup Cost": 0.58, "Total Cost": 2738.53, "Plan Rows": 7.0, "Plan Width": 12, "Actual Rows": 53, "Actual Loops": 1, "Inner Unique": false, "Plans": [{"Node Type": "Nested Loop", "Parent Relationship": "Outer", "Parallel Aware": false, "Async Capable": false, "Join Type": "Inner", "Startup Cost": 0.29, "Total Cost": 2737.73, "Plan Rows": 1.0, "Plan Width": 8, "Actual Rows": 1, "Actual Loops": 1, "Inner Unique": true, "Plans": [{"Node Type": "Seq Scan", "Parent Relationship": "Outer", "Parallel Aware": false, "Async Capable": false, "Relation Name": "posts", "Alias": "p", "Startup Cost": 0.0, "Total Cost": 2679.52, "Plan Rows": 7, "Plan Width": 4, "Actual Rows": 2, "Actual Loops": 1, "Filter": "((score >= 116) AND (score <= 189) AND (creationdate >= '2011-02-12 19:38:00'::timestamp without time zone) AND (creationdate <= '2013-05-07 02:58:06'::timestamp without time zone))", "Rows Removed by Filter": 91974}, {"Node Type": "Index Scan", "Parent Relationship": "Inner", "Parallel Aware": false, "Async Capable": false, "Scan Direction": "Forward", "Index Name": "users_pkey", "Relation Name": "users", "Alias": "u", "Startup Cost": 0.29, "Total Cost": 8.31, "Plan Rows": 1, "Plan Width": 4, "Actual Rows": 0, "Actual Loops": 2, "Index Cond": "(id = p.owneruserid)", "Rows Removed by Index Recheck": 0, "Filter": "((downvotes <= 1177) AND (creationdate >= '2011-08-28 04:34:59'::timestamp without time zone) AND (creationdate <= '2012-06-18 00:47:33'::timestamp without time zone))", "Rows Removed by Filter": 0}]}, {"Node Type": "Index Scan", "Parent Relationship": "Inner", "Parallel Aware": false, "Async Capable": false, "Scan Direction": "Forward", "Index Name": "idx_badges_userid", "Relation Name": "badges", "Alias": "b", "Startup Cost": 0.29, "Total Cost": 0.79, "Plan Rows": 1, "Plan Width": 4, "Actual Rows": 53, "Actual Loops": 1, "Index Cond": "(userid = u.id)", "Rows Removed by Index Recheck": 0, "Filter": "(date <= '2012-07-03 19:55:55'::timestamp without time zone)", "Rows Removed by Filter": 203}]}]}]}]}, "Planning Time": 4.631, "Triggers": [], "Execution Time": 64.696}, {"Plan": {"Node Type": "Aggregate", "Strategy": "Plain", "Partial Mode": "Simple", "Parallel Aware": false, "Async Capable": false, "Startup Cost": 5688.36, "Total Cost": 5688.37, "Plan Rows": 1, "Plan Width": 8, "Actual Rows": 1, "Actual Loops": 1, "Plans": [{"Node Type": "Nested Loop", "Parent Relationship": "Outer", "Parallel Aware": false, "Async Capable": false, "Join Type": "Inner", "Startup Cost": 1320.79, "Total Cost": 5688.18, "Plan Rows": 8.0, "Plan Width": 0, "Actual Rows": 38955, "Actual Loops": 1, "Inner Unique": false, "Join Filter": "(c.userid = u.id)", "Rows Removed by Join Filter": 1474106, "Plans": [{"Node Type": "Nested Loop", "Parent Relationship": "Outer", "Parallel Aware": false, "Async Capable": false, "Join Type": "Inner", "Startup Cost": 0.29, "Total Cost": 2993.26, "Plan Rows": 2.0, "Plan Width": 8, "Actual Rows": 737, "Actual Loops": 1, "Inner Unique": false, "Plans": [{"Node Type": "Seq Scan", "Parent Relationship": "Outer", "Parallel Aware": false, "Async Capable": false, "Relation Name": "posts", "Alias": "p", "Startup Cost": 0.0, "Total Cost": 2679.52, "Plan Rows": 7, "Plan Width": 4, "Actual Rows": 2, "Actual Loops": 1, "Filter": "((score >= 116) AND (score <= 189) AND (creationdate >= '2011-02-12 19:38:00'::timestamp without time zone) AND (creationdate <= '2013-05-07 02:58:06'::timestamp without time zone))", "Rows Removed by Filter": 91974}, {"Node Type": "Index Scan", "Parent Relationship": "Inner", "Parallel Aware": false, "Async Capable": false, "Scan Direction": "Forward", "Index Name": "idx_comments_userid", "Relation Name": "comments", "Alias": "c", "Startup Cost": 0.29, "Total Cost": 44.81, "Plan Rows": 1, "Plan Width": 4, "Actual Rows": 368, "Actual Loops": 2, "Index Cond": "(userid = p.owneruserid)", "Rows Removed by Index Recheck": 0, "Filter": "(score = 3)", "Rows Removed by Filter": 8176}]}, {"Node Type": "Materialize", "Parent Relationship": "Inner", "Parallel Aware": false, "Async Capable": false, "Startup Cost": 1320.5, "Total Cost": 2675.08, "Plan Rows": 3448.0, "Plan Width": 12, "Actual Rows": 2053, "Actual Loops": 737, "Plans": [{"Node Type": "Nested Loop", "Parent Relationship": "Outer", "Parallel Aware": false, "Async Capable": false, "Join Type": "Inner", "Startup Cost": 1320.5, "Total Cost": 2674.99, "Plan Rows": 3448.0, "Plan Width": 12, "Actual Rows": 2053, "Actual Loops": 1, "Inner Unique": false, "Plans": [{"Node Type": "Merge Join", "Parent Relationship": "Outer", "Parallel Aware": false, "Async Capable": false, "Join Type": "Inner", "Startup Cost": 1320.2, "Total Cost": 2657.33, "Plan Rows": 434.0, "Plan Width": 8, "Actual Rows": 249, "Actual Loops": 1, "Inner Unique": true, "Merge Cond": "(v.userid = u.id)", "Plans": [{"Node Type": "Index Scan", "Parent Relationship": "Outer", "Parallel Aware": false, "Async Capable": false, "Scan Direction": "Forward", "Index Name": "idx_votes_userid", "Relation Name": "votes", "Alias": "v", "Startup Cost": 0.42, "Total Cost": 12422.47, "Plan Rows": 1649, "Plan Width": 4, "Actual Rows": 997, "Actual Loops": 1, "Filter": "(bountyamount <= 109)", "Rows Removed by Filter": 32392}, {"Node Type": "Sort", "Parent Relationship": "Inner", "Parallel Aware": false, "Async Capable": false, "Startup Cost": 1319.78, "Total Cost": 1332.64, "Plan Rows": 5144, "Plan Width": 4, "Actual Rows": 5128, "Actual Loops": 1, "Sort Key": ["u.id"], "Sort Method": "quicksort", "Sort Space Used": 193, "Sort Space Type": "Memory", "Plans": [{"Node Type": "Seq Scan", "Parent Relationship": "Outer", "Parallel Aware": false, "Async Capable": false, "Relation Name": "users", "Alias": "u", "Startup Cost": 0.0, "Total Cost": 1002.69, "Plan Rows": 5144, "Plan Width": 4, "Actual Rows": 5128, "Actual Loops": 1, "Filter": "((downvotes <= 1177) AND (creationdate >= '2011-08-28 04:34:59'::timestamp without time zone) AND (creationdate <= '2012-06-18 00:47:33'::timestamp without time zone))", "Rows Removed by Filter": 35197}]}]}, {"Node Type": "Index Scan", "Parent Relationship": "Inner", "Parallel Aware": false, "Async Capable": false, "Scan Direction": "Forward", "Index Name": "idx_badges_userid", "Relation Name": "badges", "Alias": "b", "Startup Cost": 0.29, "Total Cost": 0.79, "Plan Rows": 1, "Plan Width": 4, "Actual Rows": 8, "Actual Loops": 249, "Index Cond": "(userid = u.id)", "Rows Removed by Index Recheck": 0, "Filter": "(date <= '2012-07-03 19:55:55'::timestamp without time zone)", "Rows Removed by Filter": 18}]}]}]}]}, "Planning Time": 4.813, "Triggers": [], "Execution Time": 147.02}, {"Plan": {"Node Type": "Aggregate", "Strategy": "Plain", "Partial Mode": "Simple", "Parallel Aware": false, "Async Capable": false, "Startup Cost": 5498.89, "Total Cost": 5498.9, "Plan Rows": 1, "Plan Width": 8, "Actual Rows": 1, "Actual Loops": 1, "Plans": [{"Node Type": "Hash Join", "Parent Relationship": "Outer", "Parallel Aware": false, "Async Capable": false, "Join Type": "Inner", "Startup Cost": 3926.77, "Total Cost": 5498.71, "Plan Rows": 8.0, "Plan Width": 0, "Actual Rows": 38955, "Actual Loops": 1, "Inner Unique": false, "Hash Cond": "(u.id = c.userid)", "Plans": [{"Node Type": "Hash Join", "Parent Relationship": "Outer", "Parallel Aware": false, "Async Capable": false, "Join Type": "Inner", "Startup Cost": 1066.99, "Total Cost": 2552.1, "Plan Rows": 338.0, "Plan Width": 8, "Actual Rows": 7437, "Actual Loops": 1, "Inner Unique": true, "Hash Cond": "(b.userid = u.id)", "Plans": [{"Node Type": "Seq Scan", "Parent Relationship": "Outer", "Parallel Aware": false, "Async Capable": false, "Relation Name": "badges", "Alias": "b", "Startup Cost": 0.0, "Total Cost": 1430.14, "Plan Rows": 20937, "Plan Width": 4, "Actual Rows": 20938, "Actual Loops": 1, "Filter": "(date <= '2012-07-03 19:55:55'::timestamp without time zone)", "Rows Removed by Filter": 58913}, {"Node Type": "Hash", "Parent Relationship": "Inner", "Parallel Aware": false, "Async Capable": false, "Startup Cost": 1002.69, "Total Cost": 1002.69, "Plan Rows": 5144, "Plan Width": 4, "Actual Rows": 5128, "Actual Loops": 1, "Hash Buckets": 8192, "Original Hash Buckets": 8192, "Hash Batches": 1, "Original Hash Batches": 1, "Peak Memory Usage": 245, "Plans": [{"Node Type": "Seq Scan", "Parent Relationship": "Outer", "Parallel Aware": false, "Async Capable": false, "Relation Name": "users", "Alias": "u", "Startup Cost": 0.0, "Total Cost": 1002.69, "Plan Rows": 5144, "Plan Width": 4, "Actual Rows": 5128, "Actual Loops": 1, "Filter": "((downvotes <= 1177) AND (creationdate >= '2011-08-28 04:34:59'::timestamp without time zone) AND (creationdate <= '2012-06-18 00:47:33'::timestamp without time zone))", "Rows Removed by Filter": 35197}]}]}, {"Node Type": "Hash", "Parent Relationship": "Inner", "Parallel Aware": false, "Async Capable": false, "Startup Cost": 2859.49, "Total Cost": 2859.49, "Plan Rows": 15.0, "Plan Width": 12, "Actual Rows": 4275, "Actual Loops": 1, "Hash Buckets": 8192, "Original Hash Buckets": 1024, "Hash Batches": 1, "Original Hash Batches": 1, "Peak Memory Usage": 248, "Plans": [{"Node Type": "Nested Loop", "Parent Relationship": "Outer", "Parallel Aware": false, "Async Capable": false, "Join Type": "Inner", "Startup Cost": 0.72, "Total Cost": 2859.49, "Plan Rows": 15.0, "Plan Width": 12, "Actual Rows": 4275, "Actual Loops": 1, "Inner Unique": false, "Join Filter": "(c.userid = p.owneruserid)", "Rows Removed by Join Filter": 0, "Plans": [{"Node Type": "Nested Loop", "Parent Relationship": "Outer", "Parallel Aware": false, "Async Capable": false, "Join Type": "Inner", "Startup Cost": 0.42, "Total Cost": 2855.38, "Plan Rows": 137.0, "Plan Width": 8, "Actual Rows": 11, "Actual Loops": 1, "Inner Unique": false, "Plans": [{"Node Type": "Seq Scan", "Parent Relationship": "Outer", "Parallel Aware": false, "Async Capable": false, "Relation Name": "posts", "Alias": "p", "Startup Cost": 0.0, "Total Cost": 2679.52, "Plan Rows": 7, "Plan Width": 4, "Actual Rows": 2, "Actual Loops": 1, "Filter": "((score >= 116) AND (score <= 189) AND (creationdate >= '2011-02-12 19:38:00'::timestamp without time zone) AND (creationdate <= '2013-05-07 02:58:06'::timestamp without time zone))", "Rows Removed by Filter": 91974}, {"Node Type": "Index Scan", "Parent Relationship": "Inner", "Parallel Aware": false, "Async Capable": false, "Scan Direction": "Forward", "Index Name": "idx_votes_userid", "Relation Name": "votes", "Alias": "v", "Startup Cost": 0.42, "Total Cost": 25.11, "Plan Rows": 1, "Plan Width": 4, "Actual Rows": 6, "Actual Loops": 2, "Index Cond": "(userid = p.owneruserid)", "Rows Removed by Index Recheck": 0, "Filter": "(bountyamount <= 109)", "Rows Removed by Filter": 201}]}, {"Node Type": "Index Scan", "Parent Relationship": "Inner", "Parallel Aware": false, "Async Capable": false, "Scan Direction": "Forward", "Index Name": "idx_comments_userid", "Relation Name": "comments", "Alias": "c", "Startup Cost": 0.29, "Total Cost": 4.09, "Plan Rows": 1, "Plan Width": 4, "Actual Rows": 389, "Actual Loops": 11, "Index Cond": "(userid = v.userid)", "Rows Removed by Index Recheck": 0, "Filter": "(score = 3)", "Rows Removed by Filter": 8581}]}]}]}]}, "Planning Time": 4.829, "Triggers": [], "Execution Time": 53.286}, {"Plan": {"Node Type": "Aggregate", "Strategy": "Plain", "Partial Mode": "Simple", "Parallel Aware": false, "Async Capable": false, "Startup Cost": 5824.78, "Total Cost": 5824.79, "Plan Rows": 1, "Plan Width": 8, "Actual Rows": 1, "Actual Loops": 1, "Plans": [{"Node Type": "Merge Join", "Parent Relationship": "Outer", "Parallel Aware": false, "Async Capable": false, "Join Type": "Inner", "Startup Cost": 5672.83, "Total Cost": 5824.6, "Plan Rows": 8.0, "Plan Width": 0, "Actual Rows": 38955, "Actual Loops": 1, "Inner Unique": false, "Merge Cond": "(v.userid = u.id)", "Plans": [{"Node Type": "Merge Join", "Parent Relationship": "Outer", "Parallel Aware": false, "Async Capable": false, "Join Type": "Inner", "Startup Cost": 2933.18, "Total Cost": 4361.61, "Plan Rows": 56279.0, "Plan Width": 8, "Actual Rows": 9846, "Actual Loops": 1, "Inner Unique": false, "Merge Cond": "(v.userid = b.userid)", "Plans": [{"Node Type": "Index Scan", "Parent Relationship": "Outer", "Parallel Aware": false, "Async Capable": false, "Scan Direction": "Forward", "Index Name": "idx_votes_userid", "Relation Name": "votes", "Alias": "v", "Startup Cost": 0.42, "Total Cost": 12422.47, "Plan Rows": 1649, "Plan Width": 4, "Actual Rows": 425, "Actual Loops": 1, "Filter": "(bountyamount <= 109)", "Rows Removed by Filter": 13819}, {"Node Type": "Sort", "Parent Relationship": "Inner", "Parallel Aware": false, "Async Capable": false, "Startup Cost": 2932.76, "Total Cost": 2985.1, "Plan Rows": 20937, "Plan Width": 4, "Actual Rows": 21880, "Actual Loops": 1, "Sort Key": ["b.userid"], "Sort Method": "quicksort", "Sort Space Used": 769, "Sort Space Type": "Memory", "Plans": [{"Node Type": "Seq Scan", "Parent Relationship": "Outer", "Parallel Aware": false, "Async Capable": false, "Relation Name": "badges", "Alias": "b", "Startup Cost": 0.0, "Total Cost": 1430.14, "Plan Rows": 20937, "Plan Width": 4, "Actual Rows": 20938, "Actual Loops": 1, "Filter": "(date <= '2012-07-03 19:55:55'::timestamp without time zone)", "Rows Removed by Filter": 58913}]}]}, {"Node Type": "Sort", "Parent Relationship": "Inner", "Parallel Aware": false, "Async Capable": false, "Startup Cost": 2739.65, "Total Cost": 2739.67, "Plan Rows": 1.0, "Plan Width": 12, "Actual Rows": 38691, "Actual Loops": 1, "Sort Key": ["c.userid"], "Sort Method": "quicksort", "Sort Space Used": 30, "Sort Space Type": "Memory", "Plans": [{"Node Type": "Nested Loop", "Parent Relationship": "Outer", "Parallel Aware": false, "Async Capable": false, "Join Type": "Inner", "Startup Cost": 0.58, "Total Cost": 2739.48, "Plan Rows": 1.0, "Plan Width": 12, "Actual Rows": 147, "Actual Loops": 1, "Inner Unique": false, "Plans": [{"Node Type": "Nested Loop", "Parent Relationship": "Outer", "Parallel Aware": false, "Async Capable": false, "Join Type": "Inner", "Startup Cost": 0.29, "Total Cost": 2737.73, "Plan Rows": 1.0, "Plan Width": 8, "Actual Rows": 1, "Actual Loops": 1, "Inner Unique": true, "Plans": [{"Node Type": "Seq Scan", "Parent Relationship": "Outer", "Parallel Aware": false, "Async Capable": false, "Relation Name": "posts", "Alias": "p", "Startup Cost": 0.0, "Total Cost": 2679.52, "Plan Rows": 7, "Plan Width": 4, "Actual Rows": 2, "Actual Loops": 1, "Filter": "((score >= 116) AND (score <= 189) AND (creationdate >= '2011-02-12 19:38:00'::timestamp without time zone) AND (creationdate <= '2013-05-07 02:58:06'::timestamp without time zone))", "Rows Removed by Filter": 91974}, {"Node Type": "Index Scan", "Parent Relationship": "Inner", "Parallel Aware": false, "Async Capable": false, "Scan Direction": "Forward", "Index Name": "users_pkey", "Relation Name": "users", "Alias": "u", "Startup Cost": 0.29, "Total Cost": 8.31, "Plan Rows": 1, "Plan Width": 4, "Actual Rows": 0, "Actual Loops": 2, "Index Cond": "(id = p.owneruserid)", "Rows Removed by Index Recheck": 0, "Filter": "((downvotes <= 1177) AND (creationdate >= '2011-08-28 04:34:59'::timestamp without time zone) AND (creationdate <= '2012-06-18 00:47:33'::timestamp without time zone))", "Rows Removed by Filter": 0}]}, {"Node Type": "Index Scan", "Parent Relationship": "Inner", "Parallel Aware": false, "Async Capable": false, "Scan Direction": "Forward", "Index Name": "idx_comments_userid", "Relation Name": "comments", "Alias": "c", "Startup Cost": 0.29, "Total Cost": 1.74, "Plan Rows": 1, "Plan Width": 4, "Actual Rows": 147, "Actual Loops": 1, "Index Cond": "(userid = u.id)", "Rows Removed by Index Recheck": 0, "Filter": "(score = 3)", "Rows Removed by Filter": 3723}]}]}]}]}, "Planning Time": 4.684, "Triggers": [], "Execution Time": 53.206}, {"Plan": {"Node Type": "Aggregate", "Strategy": "Plain", "Partial Mode": "Simple", "Parallel Aware": false, "Async Capable": false, "Startup Cost": 2684.84, "Total Cost": 2684.85, "Plan Rows": 1, "Plan Width": 8, "Actual Rows": 1, "Actual Loops": 1, "Plans": [{"Node Type": "Nested Loop", "Parent Relationship": "Outer", "Parallel Aware": false, "Async Capable": false, "Join Type": "Inner", "Startup Cost": 1321.08, "Total Cost": 2684.67, "Plan Rows": 8.0, "Plan Width": 0, "Actual Rows": 38955, "Actual Loops": 1, "Inner Unique": false, "Join Filter": "(c.userid = u.id)", "Rows Removed by Join Filter": 0, "Plans": [{"Node Type": "Nested Loop", "Parent Relationship": "Outer", "Parallel Aware": false, "Async Capable": false, "Join Type": "Inner", "Startup Cost": 1320.79, "Total Cost": 2683.81, "Plan Rows": 73.0, "Plan Width": 16, "Actual Rows": 265, "Actual Loops": 1, "Inner Unique": false, "Plans": [{"Node Type": "Nested Loop", "Parent Relationship": "Outer", "Parallel Aware": false, "Async Capable": false, "Join Type": "Inner", "Startup Cost": 1320.5, "Total Cost": 2683.0, "Plan Rows": 9.0, "Plan Width": 12, "Actual Rows": 5, "Actual Loops": 1, "Inner Unique": false, "Plans": [{"Node Type": "Merge Join", "Parent Relationship": "Outer", "Parallel Aware": false, "Async Capable": false, "Join Type": "Inner", "Startup Cost": 1320.2, "Total Cost": 2657.33, "Plan Rows": 434.0, "Plan Width": 8, "Actual Rows": 249, "Actual Loops": 1, "Inner Unique": true, "Merge Cond": "(v.userid = u.id)", "Plans": [{"Node Type": "Index Scan", "Parent Relationship": "Outer", "Parallel Aware": false, "Async Capable": false, "Scan Direction": "Forward", "Index Name": "idx_votes_userid", "Relation Name": "votes", "Alias": "v", "Startup Cost": 0.42, "Total Cost": 12422.47, "Plan Rows": 1649, "Plan Width": 4, "Actual Rows": 997, "Actual Loops": 1, "Filter": "(bountyamount <= 109)", "Rows Removed by Filter": 32392}, {"Node Type": "Sort", "Parent Relationship": "Inner", "Parallel Aware": false, "Async Capable": false, "Startup Cost": 1319.78, "Total Cost": 1332.64, "Plan Rows": 5144, "Plan Width": 4, "Actual Rows": 5128, "Actual Loops": 1, "Sort Key": ["u.id"], "Sort Method": "quicksort", "Sort Space Used": 193, "Sort Space Type": "Memory", "Plans": [{"Node Type": "Seq Scan", "Parent Relationship": "Outer", "Parallel Aware": false, "Async Capable": false, "Relation Name": "users", "Alias": "u", "Startup Cost": 0.0, "Total Cost": 1002.69, "Plan Rows": 5144, "Plan Width": 4, "Actual Rows": 5128, "Actual Loops": 1, "Filter": "((downvotes <= 1177) AND (creationdate >= '2011-08-28 04:34:59'::timestamp without time zone) AND (creationdate <= '2012-06-18 00:47:33'::timestamp without time zone))", "Rows Removed by Filter": 35197}]}]}, {"Node Type": "Index Scan", "Parent Relationship": "Inner", "Parallel Aware": false, "Async Capable": false, "Scan Direction": "Forward", "Index Name": "idx_posts_owneruserid", "Relation Name": "posts", "Alias": "p", "Startup Cost": 0.29, "Total Cost": 1.16, "Plan Rows": 1, "Plan Width": 4, "Actual Rows": 0, "Actual Loops": 249, "Index Cond": "(owneruserid = u.id)", "Rows Removed by Index Recheck": 0, "Filter": "((score >= 116) AND (score <= 189) AND (creationdate >= '2011-02-12 19:38:00'::timestamp without time zone) AND (creationdate <= '2013-05-07 02:58:06'::timestamp without time zone))", "Rows Removed by Filter": 57}]}, {"Node Type": "Index Scan", "Parent Relationship": "Inner", "Parallel Aware": false, "Async Capable": false, "Scan Direction": "Forward", "Index Name": "idx_badges_userid", "Relation Name": "badges", "Alias": "b", "Startup Cost": 0.29, "Total Cost": 0.79, "Plan Rows": 1, "Plan Width": 4, "Actual Rows": 53, "Actual Loops": 5, "Index Cond": "(userid = u.id)", "Rows Removed by Index Recheck": 0, "Filter": "(date <= '2012-07-03 19:55:55'::timestamp without time zone)", "Rows Removed by Filter": 203}]}, {"Node Type": "Index Scan", "Parent Relationship": "Inner", "Parallel Aware": false, "Async Capable": false, "Scan Direction": "Forward", "Index Name": "idx_comments_userid", "Relation Name": "comments", "Alias": "c", "Startup Cost": 0.29, "Total Cost": 0.85, "Plan Rows": 1, "Plan Width": 4, "Actual Rows": 147, "Actual Loops": 265, "Index Cond": "(userid = b.userid)", "Rows Removed by Index Recheck": 0, "Filter": "(score = 3)", "Rows Removed by Filter": 3723}]}]}, "Planning Time": 4.471, "Triggers": [], "Execution Time": 195.839}]