[{"Plan": {"Node Type": "Aggregate", "Strategy": "Plain", "Partial Mode": "Finalize", "Parallel Aware": false, "Async Capable": false, "Startup Cost": 4330.96, "Total Cost": 4330.97, "Plan Rows": 1, "Plan Width": 8, "Actual Rows": 1, "Actual Loops": 1, "Plans": [{"Node Type": "Gather", "Parent Relationship": "Outer", "Parallel Aware": false, "Async Capable": false, "Startup Cost": 4330.85, "Total Cost": 4330.96, "Plan Rows": 1, "Plan Width": 8, "Actual Rows": 2, "Actual Loops": 1, "Workers Planned": 1, "Workers Launched": 1, "Single Copy": false, "Plans": [{"Node Type": "Aggregate", "Strategy": "Plain", "Partial Mode": "Partial", "Parent Relationship": "Outer", "Parallel Aware": false, "Async Capable": false, "Startup Cost": 3330.85, "Total Cost": 3330.86, "Plan Rows": 1, "Plan Width": 8, "Actual Rows": 1, "Actual Loops": 2, "Workers": [], "Plans": [{"Node Type": "Nested Loop", "Parent Relationship": "Outer", "Parallel Aware": false, "Async Capable": false, "Join Type": "Inner", "Startup Cost": 1.0, "Total Cost": 3325.91, "Plan Rows": 1.0, "Plan Width": 0, "Actual Rows": 78346, "Actual Loops": 2, "Inner Unique": false, "Workers": [], "Plans": [{"Node Type": "Nested Loop", "Parent Relationship": "Outer", "Parallel Aware": false, "Async Capable": false, "Join Type": "Inner", "Startup Cost": 0.71, "Total Cost": 3312.63, "Plan Rows": 1.0, "Plan Width": 12, "Actual Rows": 237, "Actual Loops": 2, "Inner Unique": false, "Workers": [], "Plans": [{"Node Type": "Nested Loop", "Parent Relationship": "Outer", "Parallel Aware": false, "Async Capable": false, "Join Type": "Inner", "Startup Cost": 0.29, "Total Cost": 3273.22, "Plan Rows": 1.0, "Plan Width": 8, "Actual Rows": 28, "Actual Loops": 2, "Inner Unique": true, "Workers": [], "Plans": [{"Node Type": "Seq Scan", "Parent Relationship": "Outer", "Parallel Aware": true, "Async Capable": false, "Relation Name": "comments", "Alias": "c", "Startup Cost": 0.0, "Total Cost": 3138.32, "Plan Rows": 39, "Plan Width": 4, "Actual Rows": 28, "Actual Loops": 2, "Filter": "((creationdate >= '2014-09-03 14:22:41'::timestamp without time zone) AND (creationdate <= '2014-09-10 13:44:40'::timestamp without time zone) AND (score = 2))", "Rows Removed by Filter": 87124, "Workers": []}, {"Node Type": "Index Only Scan", "Parent Relationship": "Inner", "Parallel Aware": false, "Async Capable": false, "Scan Direction": "Forward", "Index Name": "users_pkey", "Relation Name": "users", "Alias": "u", "Startup Cost": 0.29, "Total Cost": 3.46, "Plan Rows": 1, "Plan Width": 4, "Actual Rows": 1, "Actual Loops": 56, "Index Cond": "(id = c.userid)", "Rows Removed by Index Recheck": 0, "Heap Fetches": 0, "Workers": []}]}, {"Node Type": "Index Scan", "Parent Relationship": "Inner", "Parallel Aware": false, "Async Capable": false, "Scan Direction": "Forward", "Index Name": "idx_posthistory_userid", "Relation Name": "posthistory", "Alias": "ph", "Startup Cost": 0.42, "Total Cost": 1.03, "Plan Rows": 1, "Plan Width": 4, "Actual Rows": 9, "Actual Loops": 55, "Index Cond": "(userid = u.id)", "Rows Removed by Index Recheck": 0, "Filter": "((creationdate >= '2011-09-12 13:37:24'::timestamp without time zone) AND (creationdate <= '2014-08-22 17:02:16'::timestamp without time zone) AND (posthistorytypeid = 8))", "Rows Removed by Filter": 3072, "Workers": []}]}, {"Node Type": "Index Scan", "Parent Relationship": "Inner", "Parallel Aware": false, "Async Capable": false, "Scan Direction": "Forward", "Index Name": "idx_badges_userid", "Relation Name": "badges", "Alias": "b", "Startup Cost": 0.29, "Total Cost": 0.41, "Plan Rows": 2, "Plan Width": 4, "Actual Rows": 331, "Actual Loops": 474, "Index Cond": "(userid = u.id)", "Rows Removed by Index Recheck": 0, "Filter": "(date <= '2014-01-23 10:06:58'::timestamp without time zone)", "Rows Removed by Filter": 90, "Workers": []}]}]}]}]}, "Planning Time": 4.384, "Triggers": [], "Execution Time": 84.152}, {"Plan": {"Node Type": "Aggregate", "Strategy": "Plain", "Partial Mode": "Finalize", "Parallel Aware": false, "Async Capable": false, "Startup Cost": 8948.1, "Total Cost": 8948.11, "Plan Rows": 1, "Plan Width": 8, "Actual Rows": 1, "Actual Loops": 1, "Plans": [{"Node Type": "Gather", "Parent Relationship": "Outer", "Parallel Aware": false, "Async Capable": false, "Startup Cost": 8947.99, "Total Cost": 8948.1, "Plan Rows": 1, "Plan Width": 8, "Actual Rows": 2, "Actual Loops": 1, "Workers Planned": 1, "Workers Launched": 1, "Single Copy": false, "Plans": [{"Node Type": "Aggregate", "Strategy": "Plain", "Partial Mode": "Partial", "Parent Relationship": "Outer", "Parallel Aware": false, "Async Capable": false, "Startup Cost": 7947.99, "Total Cost": 7948.0, "Plan Rows": 1, "Plan Width": 8, "Actual Rows": 1, "Actual Loops": 2, "Workers": [], "Plans": [{"Node Type": "Hash Join", "Parent Relationship": "Outer", "Parallel Aware": false, "Async Capable": false, "Join Type": "Inner", "Startup Cost": 3490.35, "Total Cost": 7943.05, "Plan Rows": 1.0, "Plan Width": 0, "Actual Rows": 78346, "Actual Loops": 2, "Inner Unique": false, "Hash Cond": "(c.userid = u.id)", "Workers": [], "Plans": [{"Node Type": "Nested Loop", "Parent Relationship": "Outer", "Parallel Aware": false, "Async Capable": false, "Join Type": "Inner", "Startup Cost": 0.42, "Total Cost": 4452.56, "Plan Rows": 1.0, "Plan Width": 8, "Actual Rows": 237, "Actual Loops": 2, "Inner Unique": false, "Workers": [], "Plans": [{"Node Type": "Seq Scan", "Parent Relationship": "Outer", "Parallel Aware": true, "Async Capable": false, "Relation Name": "comments", "Alias": "c", "Startup Cost": 0.0, "Total Cost": 3138.32, "Plan Rows": 39, "Plan Width": 4, "Actual Rows": 28, "Actual Loops": 2, "Filter": "((creationdate >= '2014-09-03 14:22:41'::timestamp without time zone) AND (creationdate <= '2014-09-10 13:44:40'::timestamp without time zone) AND (score = 2))", "Rows Removed by Filter": 87124, "Workers": []}, {"Node Type": "Index Scan", "Parent Relationship": "Inner", "Parallel Aware": false, "Async Capable": false, "Scan Direction": "Forward", "Index Name": "idx_posthistory_userid", "Relation Name": "posthistory", "Alias": "ph", "Startup Cost": 0.42, "Total Cost": 33.69, "Plan Rows": 1, "Plan Width": 4, "Actual Rows": 8, "Actual Loops": 56, "Index Cond": "(userid = c.userid)", "Rows Removed by Index Recheck": 0, "Filter": "((creationdate >= '2011-09-12 13:37:24'::timestamp without time zone) AND (creationdate <= '2014-08-22 17:02:16'::timestamp without time zone) AND (posthistorytypeid = 8))", "Rows Removed by Filter": 3017, "Workers": []}]}, {"Node Type": "Hash", "Parent Relationship": "Inner", "Parallel Aware": false, "Async Capable": false, "Startup Cost": 2782.93, "Total Cost": 2782.93, "Plan Rows": 6001.0, "Plan Width": 8, "Actual Rows": 56542, "Actual Loops": 2, "Hash Buckets": 65536, "Original Hash Buckets": 65536, "Hash Batches": 1, "Original Hash Batches": 1, "Peak Memory Usage": 2721, "Workers": [], "Plans": [{"Node Type": "Hash Join", "Parent Relationship": "Outer", "Parallel Aware": false, "Async Capable": false, "Join Type": "Inner", "Startup Cost": 1204.31, "Total Cost": 2782.93, "Plan Rows": 6001.0, "Plan Width": 8, "Actual Rows": 56542, "Actual Loops": 2, "Inner Unique": true, "Hash Cond": "(b.userid = u.id)", "Workers": [], "Plans": [{"Node Type": "Seq Scan", "Parent Relationship": "Outer", "Parallel Aware": false, "Async Capable": false, "Relation Name": "badges", "Alias": "b", "Startup Cost": 0.0, "Total Cost": 1430.14, "Plan Rows": 56560, "Plan Width": 4, "Actual Rows": 56542, "Actual Loops": 2, "Filter": "(date <= '2014-01-23 10:06:58'::timestamp without time zone)", "Rows Removed by Filter": 23309, "Workers": []}, {"Node Type": "Hash", "Parent Relationship": "Inner", "Parallel Aware": false, "Async Capable": false, "Startup Cost": 700.25, "Total Cost": 700.25, "Plan Rows": 40325, "Plan Width": 4, "Actual Rows": 40325, "Actual Loops": 2, "Hash Buckets": 65536, "Original Hash Buckets": 65536, "Hash Batches": 1, "Original Hash Batches": 1, "Peak Memory Usage": 1930, "Workers": [], "Plans": [{"Node Type": "Seq Scan", "Parent Relationship": "Outer", "Parallel Aware": false, "Async Capable": false, "Relation Name": "users", "Alias": "u", "Startup Cost": 0.0, "Total Cost": 700.25, "Plan Rows": 40325, "Plan Width": 4, "Actual Rows": 40325, "Actual Loops": 2, "Workers": []}]}]}]}]}]}]}]}, "Planning Time": 5.309, "Triggers": [], "Execution Time": 135.442}, {"Plan": {"Node Type": "Aggregate", "Strategy": "Plain", "Partial Mode": "Finalize", "Parallel Aware": false, "Async Capable": false, "Startup Cost": 9686.19, "Total Cost": 9686.2, "Plan Rows": 1, "Plan Width": 8, "Actual Rows": 1, "Actual Loops": 1, "Plans": [{"Node Type": "Gather", "Parent Relationship": "Outer", "Parallel Aware": false, "Async Capable": false, "Startup Cost": 9686.08, "Total Cost": 9686.19, "Plan Rows": 1, "Plan Width": 8, "Actual Rows": 2, "Actual Loops": 1, "Workers Planned": 1, "Workers Launched": 1, "Single Copy": false, "Plans": [{"Node Type": "Aggregate", "Strategy": "Plain", "Partial Mode": "Partial", "Parent Relationship": "Outer", "Parallel Aware": false, "Async Capable": false, "Startup Cost": 8686.08, "Total Cost": 8686.09, "Plan Rows": 1, "Plan Width": 8, "Actual Rows": 1, "Actual Loops": 2, "Workers": [], "Plans": [{"Node Type": "Hash Join", "Parent Relationship": "Outer", "Parallel Aware": true, "Async Capable": false, "Join Type": "Inner", "Startup Cost": 3319.68, "Total Cost": 8681.14, "Plan Rows": 1.0, "Plan Width": 0, "Actual Rows": 78346, "Actual Loops": 2, "Inner Unique": false, "Hash Cond": "(ph.userid = u.id)", "Workers": [], "Plans": [{"Node Type": "Seq Scan", "Parent Relationship": "Outer", "Parallel Aware": true, "Async Capable": false, "Relation Name": "posthistory", "Alias": "ph", "Startup Cost": 0.0, "Total Cost": 5361.04, "Plan Rows": 97, "Plan Width": 4, "Actual Rows": 72, "Actual Loops": 2, "Filter": "((creationdate >= '2011-09-12 13:37:24'::timestamp without time zone) AND (creationdate <= '2014-08-22 17:02:16'::timestamp without time zone) AND (posthistorytypeid = 8))", "Rows Removed by Filter": 151522, "Workers": []}, {"Node Type": "Hash", "Parent Relationship": "Inner", "Parallel Aware": true, "Async Capable": false, "Startup Cost": 3289.51, "Total Cost": 3289.51, "Plan Rows": 6.0, "Plan Width": 12, "Actual Rows": 3254, "Actual Loops": 2, "Hash Buckets": 8192, "Original Hash Buckets": 8192, "Hash Batches": 1, "Original Hash Batches": 1, "Peak Memory Usage": 384, "Workers": [], "Plans": [{"Node Type": "Nested Loop", "Parent Relationship": "Outer", "Parallel Aware": false, "Async Capable": false, "Join Type": "Inner", "Startup Cost": 0.58, "Total Cost": 3289.51, "Plan Rows": 6.0, "Plan Width": 12, "Actual Rows": 3254, "Actual Loops": 2, "Inner Unique": false, "Workers": [], "Plans": [{"Node Type": "Nested Loop", "Parent Relationship": "Outer", "Parallel Aware": false, "Async Capable": false, "Join Type": "Inner", "Startup Cost": 0.29, "Total Cost": 3273.22, "Plan Rows": 1.0, "Plan Width": 8, "Actual Rows": 28, "Actual Loops": 2, "Inner Unique": true, "Workers": [], "Plans": [{"Node Type": "Seq Scan", "Parent Relationship": "Outer", "Parallel Aware": true, "Async Capable": false, "Relation Name": "comments", "Alias": "c", "Startup Cost": 0.0, "Total Cost": 3138.32, "Plan Rows": 39, "Plan Width": 4, "Actual Rows": 28, "Actual Loops": 2, "Filter": "((creationdate >= '2014-09-03 14:22:41'::timestamp without time zone) AND (creationdate <= '2014-09-10 13:44:40'::timestamp without time zone) AND (score = 2))", "Rows Removed by Filter": 87124, "Workers": []}, {"Node Type": "Index Only Scan", "Parent Relationship": "Inner", "Parallel Aware": false, "Async Capable": false, "Scan Direction": "Forward", "Index Name": "users_pkey", "Relation Name": "users", "Alias": "u", "Startup Cost": 0.29, "Total Cost": 3.46, "Plan Rows": 1, "Plan Width": 4, "Actual Rows": 1, "Actual Loops": 56, "Index Cond": "(id = c.userid)", "Rows Removed by Index Recheck": 0, "Heap Fetches": 0, "Workers": []}]}, {"Node Type": "Index Scan", "Parent Relationship": "Inner", "Parallel Aware": false, "Async Capable": false, "Scan Direction": "Forward", "Index Name": "idx_badges_userid", "Relation Name": "badges", "Alias": "b", "Startup Cost": 0.29, "Total Cost": 0.41, "Plan Rows": 2, "Plan Width": 4, "Actual Rows": 118, "Actual Loops": 55, "Index Cond": "(userid = u.id)", "Rows Removed by Index Recheck": 0, "Filter": "(date <= '2014-01-23 10:06:58'::timestamp without time zone)", "Rows Removed by Filter": 48, "Workers": []}]}]}]}]}]}]}, "Planning Time": 4.492, "Triggers": [], "Execution Time": 65.265}, {"Plan": {"Node Type": "Aggregate", "Strategy": "Plain", "Partial Mode": "Simple", "Parallel Aware": false, "Async Capable": false, "Startup Cost": 10540.33, "Total Cost": 10540.34, "Plan Rows": 1, "Plan Width": 8, "Actual Rows": 1, "Actual Loops": 1, "Plans": [{"Node Type": "Merge Join", "Parent Relationship": "Outer", "Parallel Aware": false, "Async Capable": false, "Join Type": "Inner", "Startup Cost": 5460.6, "Total Cost": 10531.94, "Plan Rows": 1.0, "Plan Width": 0, "Actual Rows": 156693, "Actual Loops": 1, "Inner Unique": false, "Merge Cond": "(u.id = c.userid)", "Plans": [{"Node Type": "Merge Join", "Parent Relationship": "Outer", "Parallel Aware": false, "Async Capable": false, "Join Type": "Inner", "Startup Cost": 0.64, "Total Cost": 4929.92, "Plan Rows": 6001.0, "Plan Width": 8, "Actual Rows": 43603, "Actual Loops": 1, "Inner Unique": true, "Merge Cond": "(b.userid = u.id)", "Plans": [{"Node Type": "Index Scan", "Parent Relationship": "Outer", "Parallel Aware": false, "Async Capable": false, "Scan Direction": "Forward", "Index Name": "idx_badges_userid", "Relation Name": "badges", "Alias": "b", "Startup Cost": 0.29, "Total Cost": 3064.97, "Plan Rows": 56560, "Plan Width": 4, "Actual Rows": 43603, "Actual Loops": 1, "Filter": "(date <= '2014-01-23 10:06:58'::timestamp without time zone)", "Rows Removed by Filter": 6692}, {"Node Type": "Index Only Scan", "Parent Relationship": "Inner", "Parallel Aware": false, "Async Capable": false, "Scan Direction": "Forward", "Index Name": "users_pkey", "Relation Name": "users", "Alias": "u", "Startup Cost": 0.29, "Total Cost": 1057.16, "Plan Rows": 40325, "Plan Width": 4, "Actual Rows": 16000, "Actual Loops": 1, "Heap Fetches": 0}]}, {"Node Type": "Sort", "Parent Relationship": "Inner", "Parallel Aware": false, "Async Capable": false, "Startup Cost": 5459.51, "Total Cost": 5459.65, "Plan Rows": 1.0, "Plan Width": 8, "Actual Rows": 156646, "Actual Loops": 1, "Sort Key": ["c.userid"], "Sort Method": "quicksort", "Sort Space Used": 39, "Sort Space Type": "Memory", "Plans": [{"Node Type": "Gather", "Parent Relationship": "Outer", "Parallel Aware": false, "Async Capable": false, "Startup Cost": 1000.42, "Total Cost": 5457.96, "Plan Rows": 54, "Plan Width": 8, "Actual Rows": 474, "Actual Loops": 1, "Workers Planned": 1, "Workers Launched": 1, "Single Copy": false, "Plans": [{"Node Type": "Nested Loop", "Parent Relationship": "Outer", "Parallel Aware": false, "Async Capable": false, "Join Type": "Inner", "Startup Cost": 0.42, "Total Cost": 4452.56, "Plan Rows": 1.0, "Plan Width": 8, "Actual Rows": 237, "Actual Loops": 2, "Inner Unique": false, "Workers": [], "Plans": [{"Node Type": "Seq Scan", "Parent Relationship": "Outer", "Parallel Aware": true, "Async Capable": false, "Relation Name": "comments", "Alias": "c", "Startup Cost": 0.0, "Total Cost": 3138.32, "Plan Rows": 39, "Plan Width": 4, "Actual Rows": 28, "Actual Loops": 2, "Filter": "((creationdate >= '2014-09-03 14:22:41'::timestamp without time zone) AND (creationdate <= '2014-09-10 13:44:40'::timestamp without time zone) AND (score = 2))", "Rows Removed by Filter": 87124, "Workers": []}, {"Node Type": "Index Scan", "Parent Relationship": "Inner", "Parallel Aware": false, "Async Capable": false, "Scan Direction": "Forward", "Index Name": "idx_posthistory_userid", "Relation Name": "posthistory", "Alias": "ph", "Startup Cost": 0.42, "Total Cost": 33.69, "Plan Rows": 1, "Plan Width": 4, "Actual Rows": 8, "Actual Loops": 56, "Index Cond": "(userid = c.userid)", "Rows Removed by Index Recheck": 0, "Filter": "((creationdate >= '2011-09-12 13:37:24'::timestamp without time zone) AND (creationdate <= '2014-08-22 17:02:16'::timestamp without time zone) AND (posthistorytypeid = 8))", "Rows Removed by Filter": 3017, "Workers": []}]}]}]}]}]}, "Planning Time": 5.487, "Triggers": [], "Execution Time": 107.455}, {"Plan": {"Node Type": "Aggregate", "Strategy": "Plain", "Partial Mode": "Finalize", "Parallel Aware": false, "Async Capable": false, "Startup Cost": 10481.38, "Total Cost": 10481.39, "Plan Rows": 1, "Plan Width": 8, "Actual Rows": 1, "Actual Loops": 1, "Plans": [{"Node Type": "Gather", "Parent Relationship": "Outer", "Parallel Aware": false, "Async Capable": false, "Startup Cost": 10481.27, "Total Cost": 10481.38, "Plan Rows": 1, "Plan Width": 8, "Actual Rows": 2, "Actual Loops": 1, "Workers Planned": 1, "Workers Launched": 1, "Single Copy": false, "Plans": [{"Node Type": "Aggregate", "Strategy": "Plain", "Partial Mode": "Partial", "Parent Relationship": "Outer", "Parallel Aware": false, "Async Capable": false, "Startup Cost": 9481.27, "Total Cost": 9481.28, "Plan Rows": 1, "Plan Width": 8, "Actual Rows": 1, "Actual Loops": 2, "Workers": [], "Plans": [{"Node Type": "Hash Join", "Parent Relationship": "Outer", "Parallel Aware": true, "Async Capable": false, "Join Type": "Inner", "Startup Cost": 3273.99, "Total Cost": 9476.33, "Plan Rows": 1.0, "Plan Width": 0, "Actual Rows": 78346, "Actual Loops": 2, "Inner Unique": false, "Hash Cond": "(ph.userid = u.id)", "Workers": [], "Plans": [{"Node Type": "Nested Loop", "Parent Relationship": "Outer", "Parallel Aware": false, "Async Capable": false, "Join Type": "Inner", "Startup Cost": 0.29, "Total Cost": 6189.11, "Plan Rows": 1892.0, "Plan Width": 8, "Actual Rows": 10264, "Actual Loops": 2, "Inner Unique": false, "Workers": [], "Plans": [{"Node Type": "Seq Scan", "Parent Relationship": "Outer", "Parallel Aware": true, "Async Capable": false, "Relation Name": "posthistory", "Alias": "ph", "Startup Cost": 0.0, "Total Cost": 5361.04, "Plan Rows": 97, "Plan Width": 4, "Actual Rows": 72, "Actual Loops": 2, "Filter": "((creationdate >= '2011-09-12 13:37:24'::timestamp without time zone) AND (creationdate <= '2014-08-22 17:02:16'::timestamp without time zone) AND (posthistorytypeid = 8))", "Rows Removed by Filter": 151522, "Workers": []}, {"Node Type": "Index Scan", "Parent Relationship": "Inner", "Parallel Aware": false, "Async Capable": false, "Scan Direction": "Forward", "Index Name": "idx_badges_userid", "Relation Name": "badges", "Alias": "b", "Startup Cost": 0.29, "Total Cost": 8.52, "Plan Rows": 2, "Plan Width": 4, "Actual Rows": 143, "Actual Loops": 144, "Index Cond": "(userid = ph.userid)", "Rows Removed by Index Recheck": 0, "Filter": "(date <= '2014-01-23 10:06:58'::timestamp without time zone)", "Rows Removed by Filter": 40, "Workers": []}]}, {"Node Type": "Hash", "Parent Relationship": "Inner", "Parallel Aware": true, "Async Capable": false, "Startup Cost": 3273.22, "Total Cost": 3273.22, "Plan Rows": 1.0, "Plan Width": 8, "Actual Rows": 28, "Actual Loops": 2, "Hash Buckets": 1024, "Original Hash Buckets": 1024, "Hash Batches": 1, "Original Hash Batches": 1, "Peak Memory Usage": 72, "Workers": [], "Plans": [{"Node Type": "Nested Loop", "Parent Relationship": "Outer", "Parallel Aware": false, "Async Capable": false, "Join Type": "Inner", "Startup Cost": 0.29, "Total Cost": 3273.22, "Plan Rows": 1.0, "Plan Width": 8, "Actual Rows": 28, "Actual Loops": 2, "Inner Unique": true, "Workers": [], "Plans": [{"Node Type": "Seq Scan", "Parent Relationship": "Outer", "Parallel Aware": true, "Async Capable": false, "Relation Name": "comments", "Alias": "c", "Startup Cost": 0.0, "Total Cost": 3138.32, "Plan Rows": 39, "Plan Width": 4, "Actual Rows": 28, "Actual Loops": 2, "Filter": "((creationdate >= '2014-09-03 14:22:41'::timestamp without time zone) AND (creationdate <= '2014-09-10 13:44:40'::timestamp without time zone) AND (score = 2))", "Rows Removed by Filter": 87124, "Workers": []}, {"Node Type": "Index Only Scan", "Parent Relationship": "Inner", "Parallel Aware": false, "Async Capable": false, "Scan Direction": "Forward", "Index Name": "users_pkey", "Relation Name": "users", "Alias": "u", "Startup Cost": 0.29, "Total Cost": 3.46, "Plan Rows": 1, "Plan Width": 4, "Actual Rows": 1, "Actual Loops": 56, "Index Cond": "(id = c.userid)", "Rows Removed by Index Recheck": 0, "Heap Fetches": 0, "Workers": []}]}]}]}]}]}]}, "Planning Time": 5.718, "Triggers": [], "Execution Time": 70.781}, {"Plan": {"Node Type": "Aggregate", "Strategy": "Plain", "Partial Mode": "Finalize", "Parallel Aware": false, "Async Capable": false, "Startup Cost": 4330.96, "Total Cost": 4330.97, "Plan Rows": 1, "Plan Width": 8, "Actual Rows": 1, "Actual Loops": 1, "Plans": [{"Node Type": "Gather", "Parent Relationship": "Outer", "Parallel Aware": false, "Async Capable": false, "Startup Cost": 4330.85, "Total Cost": 4330.96, "Plan Rows": 1, "Plan Width": 8, "Actual Rows": 2, "Actual Loops": 1, "Workers Planned": 1, "Workers Launched": 1, "Single Copy": false, "Plans": [{"Node Type": "Aggregate", "Strategy": "Plain", "Partial Mode": "Partial", "Parent Relationship": "Outer", "Parallel Aware": false, "Async Capable": false, "Startup Cost": 3330.85, "Total Cost": 3330.86, "Plan Rows": 1, "Plan Width": 8, "Actual Rows": 1, "Actual Loops": 2, "Workers": [], "Plans": [{"Node Type": "Nested Loop", "Parent Relationship": "Outer", "Parallel Aware": false, "Async Capable": false, "Join Type": "Inner", "Startup Cost": 1.0, "Total Cost": 3325.91, "Plan Rows": 1.0, "Plan Width": 0, "Actual Rows": 78346, "Actual Loops": 2, "Inner Unique": false, "Workers": [], "Plans": [{"Node Type": "Nested Loop", "Parent Relationship": "Outer", "Parallel Aware": false, "Async Capable": false, "Join Type": "Inner", "Startup Cost": 0.71, "Total Cost": 3312.63, "Plan Rows": 1.0, "Plan Width": 12, "Actual Rows": 237, "Actual Loops": 2, "Inner Unique": false, "Workers": [], "Plans": [{"Node Type": "Nested Loop", "Parent Relationship": "Outer", "Parallel Aware": false, "Async Capable": false, "Join Type": "Inner", "Startup Cost": 0.29, "Total Cost": 3273.22, "Plan Rows": 1.0, "Plan Width": 8, "Actual Rows": 28, "Actual Loops": 2, "Inner Unique": true, "Workers": [], "Plans": [{"Node Type": "Seq Scan", "Parent Relationship": "Outer", "Parallel Aware": true, "Async Capable": false, "Relation Name": "comments", "Alias": "c", "Startup Cost": 0.0, "Total Cost": 3138.32, "Plan Rows": 39, "Plan Width": 4, "Actual Rows": 28, "Actual Loops": 2, "Filter": "((creationdate >= '2014-09-03 14:22:41'::timestamp without time zone) AND (creationdate <= '2014-09-10 13:44:40'::timestamp without time zone) AND (score = 2))", "Rows Removed by Filter": 87124, "Workers": []}, {"Node Type": "Index Only Scan", "Parent Relationship": "Inner", "Parallel Aware": false, "Async Capable": false, "Scan Direction": "Forward", "Index Name": "users_pkey", "Relation Name": "users", "Alias": "u", "Startup Cost": 0.29, "Total Cost": 3.46, "Plan Rows": 1, "Plan Width": 4, "Actual Rows": 1, "Actual Loops": 56, "Index Cond": "(id = c.userid)", "Rows Removed by Index Recheck": 0, "Heap Fetches": 0, "Workers": []}]}, {"Node Type": "Index Scan", "Parent Relationship": "Inner", "Parallel Aware": false, "Async Capable": false, "Scan Direction": "Forward", "Index Name": "idx_posthistory_userid", "Relation Name": "posthistory", "Alias": "ph", "Startup Cost": 0.42, "Total Cost": 1.03, "Plan Rows": 1, "Plan Width": 4, "Actual Rows": 9, "Actual Loops": 55, "Index Cond": "(userid = u.id)", "Rows Removed by Index Recheck": 0, "Filter": "((creationdate >= '2011-09-12 13:37:24'::timestamp without time zone) AND (creationdate <= '2014-08-22 17:02:16'::timestamp without time zone) AND (posthistorytypeid = 8))", "Rows Removed by Filter": 3072, "Workers": []}]}, {"Node Type": "Index Scan", "Parent Relationship": "Inner", "Parallel Aware": false, "Async Capable": false, "Scan Direction": "Forward", "Index Name": "idx_badges_userid", "Relation Name": "badges", "Alias": "b", "Startup Cost": 0.29, "Total Cost": 0.41, "Plan Rows": 2, "Plan Width": 4, "Actual Rows": 331, "Actual Loops": 474, "Index Cond": "(userid = u.id)", "Rows Removed by Index Recheck": 0, "Filter": "(date <= '2014-01-23 10:06:58'::timestamp without time zone)", "Rows Removed by Filter": 90, "Workers": []}]}]}]}]}, "Planning Time": 4.416, "Triggers": [], "Execution Time": 85.04}, {"Plan": {"Node Type": "Aggregate", "Strategy": "Plain", "Partial Mode": "Finalize", "Parallel Aware": false, "Async Capable": false, "Startup Cost": 10483.83, "Total Cost": 10483.84, "Plan Rows": 1, "Plan Width": 8, "Actual Rows": 1, "Actual Loops": 1, "Plans": [{"Node Type": "Gather", "Parent Relationship": "Outer", "Parallel Aware": false, "Async Capable": false, "Startup Cost": 10483.72, "Total Cost": 10483.83, "Plan Rows": 1, "Plan Width": 8, "Actual Rows": 2, "Actual Loops": 1, "Workers Planned": 1, "Workers Launched": 1, "Single Copy": false, "Plans": [{"Node Type": "Aggregate", "Strategy": "Plain", "Partial Mode": "Partial", "Parent Relationship": "Outer", "Parallel Aware": false, "Async Capable": false, "Startup Cost": 9483.72, "Total Cost": 9483.73, "Plan Rows": 1, "Plan Width": 8, "Actual Rows": 1, "Actual Loops": 2, "Workers": [], "Plans": [{"Node Type": "Hash Join", "Parent Relationship": "Outer", "Parallel Aware": true, "Async Capable": false, "Join Type": "Inner", "Startup Cost": 3582.92, "Total Cost": 9478.78, "Plan Rows": 1.0, "Plan Width": 0, "Actual Rows": 78346, "Actual Loops": 2, "Inner Unique": false, "Hash Cond": "(u.id = c.userid)", "Workers": [], "Plans": [{"Node Type": "Nested Loop", "Parent Relationship": "Outer", "Parallel Aware": false, "Async Capable": false, "Join Type": "Inner", "Startup Cost": 0.29, "Total Cost": 5616.62, "Plan Rows": 33.0, "Plan Width": 8, "Actual Rows": 68, "Actual Loops": 2, "Inner Unique": true, "Workers": [], "Plans": [{"Node Type": "Seq Scan", "Parent Relationship": "Outer", "Parallel Aware": true, "Async Capable": false, "Relation Name": "posthistory", "Alias": "ph", "Startup Cost": 0.0, "Total Cost": 5361.04, "Plan Rows": 97, "Plan Width": 4, "Actual Rows": 72, "Actual Loops": 2, "Filter": "((creationdate >= '2011-09-12 13:37:24'::timestamp without time zone) AND (creationdate <= '2014-08-22 17:02:16'::timestamp without time zone) AND (posthistorytypeid = 8))", "Rows Removed by Filter": 151522, "Workers": []}, {"Node Type": "Index Only Scan", "Parent Relationship": "Inner", "Parallel Aware": false, "Async Capable": false, "Scan Direction": "Forward", "Index Name": "users_pkey", "Relation Name": "users", "Alias": "u", "Startup Cost": 0.29, "Total Cost": 2.63, "Plan Rows": 1, "Plan Width": 4, "Actual Rows": 1, "Actual Loops": 144, "Index Cond": "(id = ph.userid)", "Rows Removed by Index Recheck": 0, "Heap Fetches": 0, "Workers": []}]}, {"Node Type": "Hash", "Parent Relationship": "Inner", "Parallel Aware": true, "Async Capable": false, "Startup Cost": 3551.94, "Total Cost": 3551.94, "Plan Rows": 19.0, "Plan Width": 8, "Actual Rows": 3254, "Actual Loops": 2, "Hash Buckets": 8192, "Original Hash Buckets": 8192, "Hash Batches": 1, "Original Hash Batches": 1, "Peak Memory Usage": 352, "Workers": [], "Plans": [{"Node Type": "Nested Loop", "Parent Relationship": "Outer", "Parallel Aware": false, "Async Capable": false, "Join Type": "Inner", "Startup Cost": 0.29, "Total Cost": 3551.94, "Plan Rows": 19.0, "Plan Width": 8, "Actual Rows": 3254, "Actual Loops": 2, "Inner Unique": false, "Workers": [], "Plans": [{"Node Type": "Seq Scan", "Parent Relationship": "Outer", "Parallel Aware": true, "Async Capable": false, "Relation Name": "comments", "Alias": "c", "Startup Cost": 0.0, "Total Cost": 3138.32, "Plan Rows": 39, "Plan Width": 4, "Actual Rows": 28, "Actual Loops": 2, "Filter": "((creationdate >= '2014-09-03 14:22:41'::timestamp without time zone) AND (creationdate <= '2014-09-10 13:44:40'::timestamp without time zone) AND (score = 2))", "Rows Removed by Filter": 87124, "Workers": []}, {"Node Type": "Index Scan", "Parent Relationship": "Inner", "Parallel Aware": false, "Async Capable": false, "Scan Direction": "Forward", "Index Name": "idx_badges_userid", "Relation Name": "badges", "Alias": "b", "Startup Cost": 0.29, "Total Cost": 10.59, "Plan Rows": 2, "Plan Width": 4, "Actual Rows": 116, "Actual Loops": 56, "Index Cond": "(userid = c.userid)", "Rows Removed by Index Recheck": 0, "Filter": "(date <= '2014-01-23 10:06:58'::timestamp without time zone)", "Rows Removed by Filter": 47, "Workers": []}]}]}]}]}]}]}, "Planning Time": 5.649, "Triggers": [], "Execution Time": 62.196}, {"Plan": {"Node Type": "Aggregate", "Strategy": "Plain", "Partial Mode": "Simple", "Parallel Aware": false, "Async Capable": false, "Startup Cost": 5969.96, "Total Cost": 5969.97, "Plan Rows": 1, "Plan Width": 8, "Actual Rows": 1, "Actual Loops": 1, "Plans": [{"Node Type": "Hash Join", "Parent Relationship": "Outer", "Parallel Aware": false, "Async Capable": false, "Join Type": "Inner", "Startup Cost": 4318.59, "Total Cost": 5961.57, "Plan Rows": 1.0, "Plan Width": 0, "Actual Rows": 156693, "Actual Loops": 1, "Inner Unique": false, "Hash Cond": "(b.userid = u.id)", "Plans": [{"Node Type": "Seq Scan", "Parent Relationship": "Outer", "Parallel Aware": false, "Async Capable": false, "Relation Name": "badges", "Alias": "b", "Startup Cost": 0.0, "Total Cost": 1430.14, "Plan Rows": 56560, "Plan Width": 4, "Actual Rows": 56542, "Actual Loops": 1, "Filter": "(date <= '2014-01-23 10:06:58'::timestamp without time zone)", "Rows Removed by Filter": 23309}, {"Node Type": "Hash", "Parent Relationship": "Inner", "Parallel Aware": false, "Async Capable": false, "Startup Cost": 4317.93, "Total Cost": 4317.93, "Plan Rows": 1.0, "Plan Width": 12, "Actual Rows": 474, "Actual Loops": 1, "Hash Buckets": 1024, "Original Hash Buckets": 1024, "Hash Batches": 1, "Original Hash Batches": 1, "Peak Memory Usage": 29, "Plans": [{"Node Type": "Gather", "Parent Relationship": "Outer", "Parallel Aware": false, "Async Capable": false, "Startup Cost": 1000.71, "Total Cost": 4317.93, "Plan Rows": 53, "Plan Width": 12, "Actual Rows": 474, "Actual Loops": 1, "Workers Planned": 1, "Workers Launched": 1, "Single Copy": false, "Plans": [{"Node Type": "Nested Loop", "Parent Relationship": "Outer", "Parallel Aware": false, "Async Capable": false, "Join Type": "Inner", "Startup Cost": 0.71, "Total Cost": 3312.63, "Plan Rows": 1.0, "Plan Width": 12, "Actual Rows": 237, "Actual Loops": 2, "Inner Unique": false, "Workers": [], "Plans": [{"Node Type": "Nested Loop", "Parent Relationship": "Outer", "Parallel Aware": false, "Async Capable": false, "Join Type": "Inner", "Startup Cost": 0.29, "Total Cost": 3273.22, "Plan Rows": 1.0, "Plan Width": 8, "Actual Rows": 28, "Actual Loops": 2, "Inner Unique": true, "Workers": [], "Plans": [{"Node Type": "Seq Scan", "Parent Relationship": "Outer", "Parallel Aware": true, "Async Capable": false, "Relation Name": "comments", "Alias": "c", "Startup Cost": 0.0, "Total Cost": 3138.32, "Plan Rows": 39, "Plan Width": 4, "Actual Rows": 28, "Actual Loops": 2, "Filter": "((creationdate >= '2014-09-03 14:22:41'::timestamp without time zone) AND (creationdate <= '2014-09-10 13:44:40'::timestamp without time zone) AND (score = 2))", "Rows Removed by Filter": 87124, "Workers": []}, {"Node Type": "Index Only Scan", "Parent Relationship": "Inner", "Parallel Aware": false, "Async Capable": false, "Scan Direction": "Forward", "Index Name": "users_pkey", "Relation Name": "users", "Alias": "u", "Startup Cost": 0.29, "Total Cost": 3.46, "Plan Rows": 1, "Plan Width": 4, "Actual Rows": 1, "Actual Loops": 56, "Index Cond": "(id = c.userid)", "Rows Removed by Index Recheck": 0, "Heap Fetches": 0, "Workers": []}]}, {"Node Type": "Index Scan", "Parent Relationship": "Inner", "Parallel Aware": false, "Async Capable": false, "Scan Direction": "Forward", "Index Name": "idx_posthistory_userid", "Relation Name": "posthistory", "Alias": "ph", "Startup Cost": 0.42, "Total Cost": 1.03, "Plan Rows": 1, "Plan Width": 4, "Actual Rows": 9, "Actual Loops": 55, "Index Cond": "(userid = u.id)", "Rows Removed by Index Recheck": 0, "Filter": "((creationdate >= '2011-09-12 13:37:24'::timestamp without time zone) AND (creationdate <= '2014-08-22 17:02:16'::timestamp without time zone) AND (posthistorytypeid = 8))", "Rows Removed by Filter": 3072, "Workers": []}]}]}]}]}]}, "Planning Time": 2.578, "Triggers": [], "Execution Time": 75.892}, {"Plan": {"Node Type": "Aggregate", "Strategy": "Plain", "Partial Mode": "Finalize", "Parallel Aware": false, "Async Capable": false, "Startup Cost": 10184.0, "Total Cost": 10184.01, "Plan Rows": 1, "Plan Width": 8, "Actual Rows": 1, "Actual Loops": 1, "Plans": [{"Node Type": "Gather", "Parent Relationship": "Outer", "Parallel Aware": false, "Async Capable": false, "Startup Cost": 10183.89, "Total Cost": 10184.0, "Plan Rows": 1, "Plan Width": 8, "Actual Rows": 2, "Actual Loops": 1, "Workers Planned": 1, "Workers Launched": 1, "Single Copy": false, "Plans": [{"Node Type": "Aggregate", "Strategy": "Plain", "Partial Mode": "Partial", "Parent Relationship": "Outer", "Parallel Aware": false, "Async Capable": false, "Startup Cost": 9183.89, "Total Cost": 9183.9, "Plan Rows": 1, "Plan Width": 8, "Actual Rows": 1, "Actual Loops": 2, "Workers": [], "Plans": [{"Node Type": "Hash Join", "Parent Relationship": "Outer", "Parallel Aware": true, "Async Capable": false, "Join Type": "Inner", "Startup Cost": 5618.05, "Total Cost": 9178.95, "Plan Rows": 1.0, "Plan Width": 0, "Actual Rows": 78346, "Actual Loops": 2, "Inner Unique": false, "Hash Cond": "(c.userid = u.id)", "Workers": [], "Plans": [{"Node Type": "Nested Loop", "Parent Relationship": "Outer", "Parallel Aware": false, "Async Capable": false, "Join Type": "Inner", "Startup Cost": 0.29, "Total Cost": 3551.94, "Plan Rows": 19.0, "Plan Width": 8, "Actual Rows": 3254, "Actual Loops": 2, "Inner Unique": false, "Workers": [], "Plans": [{"Node Type": "Seq Scan", "Parent Relationship": "Outer", "Parallel Aware": true, "Async Capable": false, "Relation Name": "comments", "Alias": "c", "Startup Cost": 0.0, "Total Cost": 3138.32, "Plan Rows": 39, "Plan Width": 4, "Actual Rows": 28, "Actual Loops": 2, "Filter": "((creationdate >= '2014-09-03 14:22:41'::timestamp without time zone) AND (creationdate <= '2014-09-10 13:44:40'::timestamp without time zone) AND (score = 2))", "Rows Removed by Filter": 87124, "Workers": []}, {"Node Type": "Index Scan", "Parent Relationship": "Inner", "Parallel Aware": false, "Async Capable": false, "Scan Direction": "Forward", "Index Name": "idx_badges_userid", "Relation Name": "badges", "Alias": "b", "Startup Cost": 0.29, "Total Cost": 10.59, "Plan Rows": 2, "Plan Width": 4, "Actual Rows": 116, "Actual Loops": 56, "Index Cond": "(userid = c.userid)", "Rows Removed by Index Recheck": 0, "Filter": "(date <= '2014-01-23 10:06:58'::timestamp without time zone)", "Rows Removed by Filter": 47, "Workers": []}]}, {"Node Type": "Hash", "Parent Relationship": "Inner", "Parallel Aware": true, "Async Capable": false, "Startup Cost": 5616.62, "Total Cost": 5616.62, "Plan Rows": 33.0, "Plan Width": 8, "Actual Rows": 68, "Actual Loops": 2, "Hash Buckets": 1024, "Original Hash Buckets": 1024, "Hash Batches": 1, "Original Hash Batches": 1, "Peak Memory Usage": 72, "Workers": [], "Plans": [{"Node Type": "Nested Loop", "Parent Relationship": "Outer", "Parallel Aware": false, "Async Capable": false, "Join Type": "Inner", "Startup Cost": 0.29, "Total Cost": 5616.62, "Plan Rows": 33.0, "Plan Width": 8, "Actual Rows": 68, "Actual Loops": 2, "Inner Unique": true, "Workers": [], "Plans": [{"Node Type": "Seq Scan", "Parent Relationship": "Outer", "Parallel Aware": true, "Async Capable": false, "Relation Name": "posthistory", "Alias": "ph", "Startup Cost": 0.0, "Total Cost": 5361.04, "Plan Rows": 97, "Plan Width": 4, "Actual Rows": 72, "Actual Loops": 2, "Filter": "((creationdate >= '2011-09-12 13:37:24'::timestamp without time zone) AND (creationdate <= '2014-08-22 17:02:16'::timestamp without time zone) AND (posthistorytypeid = 8))", "Rows Removed by Filter": 151522, "Workers": []}, {"Node Type": "Index Only Scan", "Parent Relationship": "Inner", "Parallel Aware": false, "Async Capable": false, "Scan Direction": "Forward", "Index Name": "users_pkey", "Relation Name": "users", "Alias": "u", "Startup Cost": 0.29, "Total Cost": 2.63, "Plan Rows": 1, "Plan Width": 4, "Actual Rows": 1, "Actual Loops": 144, "Index Cond": "(id = ph.userid)", "Rows Removed by Index Recheck": 0, "Heap Fetches": 0, "Workers": []}]}]}]}]}]}]}, "Planning Time": 3.139, "Triggers": [], "Execution Time": 61.289}, {"Plan": {"Node Type": "Aggregate", "Strategy": "Plain", "Partial Mode": "Finalize", "Parallel Aware": false, "Async Capable": false, "Startup Cost": 6617.15, "Total Cost": 6617.16, "Plan Rows": 1, "Plan Width": 8, "Actual Rows": 1, "Actual Loops": 1, "Plans": [{"Node Type": "Gather", "Parent Relationship": "Outer", "Parallel Aware": false, "Async Capable": false, "Startup Cost": 6617.03, "Total Cost": 6617.14, "Plan Rows": 1, "Plan Width": 8, "Actual Rows": 2, "Actual Loops": 1, "Workers Planned": 1, "Workers Launched": 1, "Single Copy": false, "Plans": [{"Node Type": "Aggregate", "Strategy": "Plain", "Partial Mode": "Partial", "Parent Relationship": "Outer", "Parallel Aware": false, "Async Capable": false, "Startup Cost": 5617.03, "Total Cost": 5617.04, "Plan Rows": 1, "Plan Width": 8, "Actual Rows": 1, "Actual Loops": 2, "Workers": [], "Plans": [{"Node Type": "Nested Loop", "Parent Relationship": "Outer", "Parallel Aware": false, "Async Capable": false, "Join Type": "Inner", "Startup Cost": 1.02, "Total Cost": 5612.1, "Plan Rows": 1.0, "Plan Width": 0, "Actual Rows": 78346, "Actual Loops": 2, "Inner Unique": false, "Join Filter": "(ph.userid = u.id)", "Rows Removed by Join Filter": 0, "Workers": [], "Plans": [{"Node Type": "Nested Loop", "Parent Relationship": "Outer", "Parallel Aware": false, "Async Capable": false, "Join Type": "Inner", "Startup Cost": 0.58, "Total Cost": 3289.51, "Plan Rows": 6.0, "Plan Width": 12, "Actual Rows": 3254, "Actual Loops": 2, "Inner Unique": false, "Workers": [], "Plans": [{"Node Type": "Nested Loop", "Parent Relationship": "Outer", "Parallel Aware": false, "Async Capable": false, "Join Type": "Inner", "Startup Cost": 0.29, "Total Cost": 3273.22, "Plan Rows": 1.0, "Plan Width": 8, "Actual Rows": 28, "Actual Loops": 2, "Inner Unique": true, "Workers": [], "Plans": [{"Node Type": "Seq Scan", "Parent Relationship": "Outer", "Parallel Aware": true, "Async Capable": false, "Relation Name": "comments", "Alias": "c", "Startup Cost": 0.0, "Total Cost": 3138.32, "Plan Rows": 39, "Plan Width": 4, "Actual Rows": 28, "Actual Loops": 2, "Filter": "((creationdate >= '2014-09-03 14:22:41'::timestamp without time zone) AND (creationdate <= '2014-09-10 13:44:40'::timestamp without time zone) AND (score = 2))", "Rows Removed by Filter": 87124, "Workers": []}, {"Node Type": "Index Only Scan", "Parent Relationship": "Inner", "Parallel Aware": false, "Async Capable": false, "Scan Direction": "Forward", "Index Name": "users_pkey", "Relation Name": "users", "Alias": "u", "Startup Cost": 0.29, "Total Cost": 3.46, "Plan Rows": 1, "Plan Width": 4, "Actual Rows": 1, "Actual Loops": 56, "Index Cond": "(id = c.userid)", "Rows Removed by Index Recheck": 0, "Heap Fetches": 0, "Workers": []}]}, {"Node Type": "Index Scan", "Parent Relationship": "Inner", "Parallel Aware": false, "Async Capable": false, "Scan Direction": "Forward", "Index Name": "idx_badges_userid", "Relation Name": "badges", "Alias": "b", "Startup Cost": 0.29, "Total Cost": 0.41, "Plan Rows": 2, "Plan Width": 4, "Actual Rows": 118, "Actual Loops": 55, "Index Cond": "(userid = u.id)", "Rows Removed by Index Recheck": 0, "Filter": "(date <= '2014-01-23 10:06:58'::timestamp without time zone)", "Rows Removed by Filter": 48, "Workers": []}]}, {"Node Type": "Memoize", "Parent Relationship": "Inner", "Parallel Aware": false, "Async Capable": false, "Startup Cost": 0.43, "Total Cost": 33.7, "Plan Rows": 1, "Plan Width": 4, "Actual Rows": 24, "Actual Loops": 6507, "Cache Key": "c.userid", "Cache Mode": "logical", "Cache Hits": 4339, "Cache Misses": 12, "Cache Evictions": 0, "Cache Overflows": 0, "Peak Memory Usage": 3, "Workers": [{"Worker Number": 0, "Cache Hits": 2145, "Cache Misses": 11, "Cache Evictions": 0, "Cache Overflows": 0, "Peak Memory Usage": 3}], "Plans": [{"Node Type": "Index Scan", "Parent Relationship": "Outer", "Parallel Aware": false, "Async Capable": false, "Scan Direction": "Forward", "Index Name": "idx_posthistory_userid", "Relation Name": "posthistory", "Alias": "ph", "Startup Cost": 0.42, "Total Cost": 33.69, "Plan Rows": 1, "Plan Width": 4, "Actual Rows": 4, "Actual Loops": 23, "Index Cond": "(userid = c.userid)", "Rows Removed by Index Recheck": 0, "Filter": "((creationdate >= '2011-09-12 13:37:24'::timestamp without time zone) AND (creationdate <= '2014-08-22 17:02:16'::timestamp without time zone) AND (posthistorytypeid = 8))", "Rows Removed by Filter": 2276, "Workers": []}]}]}]}]}]}, "Planning Time": 2.446, "Triggers": [], "Execution Time": 50.47}, {"Plan": {"Node Type": "Aggregate", "Strategy": "Plain", "Partial Mode": "Finalize", "Parallel Aware": false, "Async Capable": false, "Startup Cost": 10683.5, "Total Cost": 10683.51, "Plan Rows": 1, "Plan Width": 8, "Actual Rows": 1, "Actual Loops": 1, "Plans": [{"Node Type": "Gather", "Parent Relationship": "Outer", "Parallel Aware": false, "Async Capable": false, "Startup Cost": 10683.39, "Total Cost": 10683.5, "Plan Rows": 1, "Plan Width": 8, "Actual Rows": 2, "Actual Loops": 1, "Workers Planned": 1, "Workers Launched": 1, "Single Copy": false, "Plans": [{"Node Type": "Aggregate", "Strategy": "Plain", "Partial Mode": "Partial", "Parent Relationship": "Outer", "Parallel Aware": false, "Async Capable": false, "Startup Cost": 9683.39, "Total Cost": 9683.4, "Plan Rows": 1, "Plan Width": 8, "Actual Rows": 1, "Actual Loops": 2, "Workers": [], "Plans": [{"Node Type": "Hash Join", "Parent Relationship": "Outer", "Parallel Aware": true, "Async Capable": false, "Join Type": "Inner", "Startup Cost": 6234.4, "Total Cost": 9678.45, "Plan Rows": 1.0, "Plan Width": 0, "Actual Rows": 78346, "Actual Loops": 2, "Inner Unique": false, "Hash Cond": "(u.id = ph.userid)", "Workers": [], "Plans": [{"Node Type": "Nested Loop", "Parent Relationship": "Outer", "Parallel Aware": false, "Async Capable": false, "Join Type": "Inner", "Startup Cost": 0.29, "Total Cost": 3273.22, "Plan Rows": 1.0, "Plan Width": 8, "Actual Rows": 28, "Actual Loops": 2, "Inner Unique": true, "Workers": [], "Plans": [{"Node Type": "Seq Scan", "Parent Relationship": "Outer", "Parallel Aware": true, "Async Capable": false, "Relation Name": "comments", "Alias": "c", "Startup Cost": 0.0, "Total Cost": 3138.32, "Plan Rows": 39, "Plan Width": 4, "Actual Rows": 28, "Actual Loops": 2, "Filter": "((creationdate >= '2014-09-03 14:22:41'::timestamp without time zone) AND (creationdate <= '2014-09-10 13:44:40'::timestamp without time zone) AND (score = 2))", "Rows Removed by Filter": 87124, "Workers": []}, {"Node Type": "Index Only Scan", "Parent Relationship": "Inner", "Parallel Aware": false, "Async Capable": false, "Scan Direction": "Forward", "Index Name": "users_pkey", "Relation Name": "users", "Alias": "u", "Startup Cost": 0.29, "Total Cost": 3.46, "Plan Rows": 1, "Plan Width": 4, "Actual Rows": 1, "Actual Loops": 56, "Index Cond": "(id = c.userid)", "Rows Removed by Index Recheck": 0, "Heap Fetches": 0, "Workers": []}]}, {"Node Type": "Hash", "Parent Relationship": "Inner", "Parallel Aware": true, "Async Capable": false, "Startup Cost": 6189.11, "Total Cost": 6189.11, "Plan Rows": 1892.0, "Plan Width": 8, "Actual Rows": 10264, "Actual Loops": 2, "Hash Buckets": 32768, "Original Hash Buckets": 8192, "Hash Batches": 1, "Original Hash Batches": 1, "Peak Memory Usage": 1280, "Workers": [], "Plans": [{"Node Type": "Nested Loop", "Parent Relationship": "Outer", "Parallel Aware": false, "Async Capable": false, "Join Type": "Inner", "Startup Cost": 0.29, "Total Cost": 6189.11, "Plan Rows": 1892.0, "Plan Width": 8, "Actual Rows": 10264, "Actual Loops": 2, "Inner Unique": false, "Workers": [], "Plans": [{"Node Type": "Seq Scan", "Parent Relationship": "Outer", "Parallel Aware": true, "Async Capable": false, "Relation Name": "posthistory", "Alias": "ph", "Startup Cost": 0.0, "Total Cost": 5361.04, "Plan Rows": 97, "Plan Width": 4, "Actual Rows": 72, "Actual Loops": 2, "Filter": "((creationdate >= '2011-09-12 13:37:24'::timestamp without time zone) AND (creationdate <= '2014-08-22 17:02:16'::timestamp without time zone) AND (posthistorytypeid = 8))", "Rows Removed by Filter": 151522, "Workers": []}, {"Node Type": "Index Scan", "Parent Relationship": "Inner", "Parallel Aware": false, "Async Capable": false, "Scan Direction": "Forward", "Index Name": "idx_badges_userid", "Relation Name": "badges", "Alias": "b", "Startup Cost": 0.29, "Total Cost": 8.52, "Plan Rows": 2, "Plan Width": 4, "Actual Rows": 143, "Actual Loops": 144, "Index Cond": "(userid = ph.userid)", "Rows Removed by Index Recheck": 0, "Filter": "(date <= '2014-01-23 10:06:58'::timestamp without time zone)", "Rows Removed by Filter": 40, "Workers": []}]}]}]}]}]}]}, "Planning Time": 5.819, "Triggers": [], "Execution Time": 75.026}, {"Plan": {"Node Type": "Aggregate", "Strategy": "Plain", "Partial Mode": "Finalize", "Parallel Aware": false, "Async Capable": false, "Startup Cost": 9841.03, "Total Cost": 9841.04, "Plan Rows": 1, "Plan Width": 8, "Actual Rows": 1, "Actual Loops": 1, "Plans": [{"Node Type": "Gather", "Parent Relationship": "Outer", "Parallel Aware": false, "Async Capable": false, "Startup Cost": 9840.91, "Total Cost": 9841.02, "Plan Rows": 1, "Plan Width": 8, "Actual Rows": 2, "Actual Loops": 1, "Workers Planned": 1, "Workers Launched": 1, "Single Copy": false, "Plans": [{"Node Type": "Aggregate", "Strategy": "Plain", "Partial Mode": "Partial", "Parent Relationship": "Outer", "Parallel Aware": false, "Async Capable": false, "Startup Cost": 8840.91, "Total Cost": 8840.92, "Plan Rows": 1, "Plan Width": 8, "Actual Rows": 1, "Actual Loops": 2, "Workers": [], "Plans": [{"Node Type": "Hash Join", "Parent Relationship": "Outer", "Parallel Aware": true, "Async Capable": false, "Join Type": "Inner", "Startup Cost": 5697.48, "Total Cost": 8835.98, "Plan Rows": 1.0, "Plan Width": 0, "Actual Rows": 78346, "Actual Loops": 2, "Inner Unique": false, "Hash Cond": "(c.userid = u.id)", "Workers": [], "Plans": [{"Node Type": "Seq Scan", "Parent Relationship": "Outer", "Parallel Aware": true, "Async Capable": false, "Relation Name": "comments", "Alias": "c", "Startup Cost": 0.0, "Total Cost": 3138.32, "Plan Rows": 39, "Plan Width": 4, "Actual Rows": 28, "Actual Loops": 2, "Filter": "((creationdate >= '2014-09-03 14:22:41'::timestamp without time zone) AND (creationdate <= '2014-09-10 13:44:40'::timestamp without time zone) AND (score = 2))", "Rows Removed by Filter": 87124, "Workers": []}, {"Node Type": "Hash", "Parent Relationship": "Inner", "Parallel Aware": true, "Async Capable": false, "Startup Cost": 5655.62, "Total Cost": 5655.62, "Plan Rows": 810.0, "Plan Width": 12, "Actual Rows": 10264, "Actual Loops": 2, "Hash Buckets": 32768, "Original Hash Buckets": 8192, "Hash Batches": 1, "Original Hash Batches": 1, "Peak Memory Usage": 1440, "Workers": [], "Plans": [{"Node Type": "Nested Loop", "Parent Relationship": "Outer", "Parallel Aware": false, "Async Capable": false, "Join Type": "Inner", "Startup Cost": 0.58, "Total Cost": 5655.62, "Plan Rows": 810.0, "Plan Width": 12, "Actual Rows": 10264, "Actual Loops": 2, "Inner Unique": false, "Workers": [], "Plans": [{"Node Type": "Nested Loop", "Parent Relationship": "Outer", "Parallel Aware": false, "Async Capable": false, "Join Type": "Inner", "Startup Cost": 0.29, "Total Cost": 5616.62, "Plan Rows": 33.0, "Plan Width": 8, "Actual Rows": 68, "Actual Loops": 2, "Inner Unique": true, "Workers": [], "Plans": [{"Node Type": "Seq Scan", "Parent Relationship": "Outer", "Parallel Aware": true, "Async Capable": false, "Relation Name": "posthistory", "Alias": "ph", "Startup Cost": 0.0, "Total Cost": 5361.04, "Plan Rows": 97, "Plan Width": 4, "Actual Rows": 72, "Actual Loops": 2, "Filter": "((creationdate >= '2011-09-12 13:37:24'::timestamp without time zone) AND (creationdate <= '2014-08-22 17:02:16'::timestamp without time zone) AND (posthistorytypeid = 8))", "Rows Removed by Filter": 151522, "Workers": []}, {"Node Type": "Index Only Scan", "Parent Relationship": "Inner", "Parallel Aware": false, "Async Capable": false, "Scan Direction": "Forward", "Index Name": "users_pkey", "Relation Name": "users", "Alias": "u", "Startup Cost": 0.29, "Total Cost": 2.63, "Plan Rows": 1, "Plan Width": 4, "Actual Rows": 1, "Actual Loops": 144, "Index Cond": "(id = ph.userid)", "Rows Removed by Index Recheck": 0, "Heap Fetches": 0, "Workers": []}]}, {"Node Type": "Index Scan", "Parent Relationship": "Inner", "Parallel Aware": false, "Async Capable": false, "Scan Direction": "Forward", "Index Name": "idx_badges_userid", "Relation Name": "badges", "Alias": "b", "Startup Cost": 0.29, "Total Cost": 0.41, "Plan Rows": 2, "Plan Width": 4, "Actual Rows": 152, "Actual Loops": 135, "Index Cond": "(userid = u.id)", "Rows Removed by Index Recheck": 0, "Filter": "(date <= '2014-01-23 10:06:58'::timestamp without time zone)", "Rows Removed by Filter": 42, "Workers": []}]}]}]}]}]}]}, "Planning Time": 3.895, "Triggers": [], "Execution Time": 74.931}, {"Plan": {"Node Type": "Aggregate", "Strategy": "Plain", "Partial Mode": "Finalize", "Parallel Aware": false, "Async Capable": false, "Startup Cost": 9141.29, "Total Cost": 9141.3, "Plan Rows": 1, "Plan Width": 8, "Plans": [{"Node Type": "Gather", "Parent Relationship": "Outer", "Parallel Aware": false, "Async Capable": false, "Startup Cost": 9141.18, "Total Cost": 9141.29, "Plan Rows": 1, "Plan Width": 8, "Workers Planned": 1, "Single Copy": false, "Plans": [{"Node Type": "Aggregate", "Strategy": "Plain", "Partial Mode": "Partial", "Parent Relationship": "Outer", "Parallel Aware": false, "Async Capable": false, "Startup Cost": 8141.18, "Total Cost": 8141.19, "Plan Rows": 1, "Plan Width": 8, "Plans": [{"Node Type": "Nested Loop", "Parent Relationship": "Outer", "Parallel Aware": false, "Async Capable": false, "Join Type": "Inner", "Startup Cost": 0.88, "Total Cost": 8136.24, "Plan Rows": 1.0, "Plan Width": 0, "Inner Unique": false, "Join Filter": "(c.userid = u.id)", "Plans": [{"Node Type": "Nested Loop", "Parent Relationship": "Outer", "Parallel Aware": false, "Async Capable": false, "Join Type": "Inner", "Startup Cost": 0.58, "Total Cost": 5655.62, "Plan Rows": 810.0, "Plan Width": 12, "Inner Unique": false, "Plans": [{"Node Type": "Nested Loop", "Parent Relationship": "Outer", "Parallel Aware": false, "Async Capable": false, "Join Type": "Inner", "Startup Cost": 0.29, "Total Cost": 5616.62, "Plan Rows": 33.0, "Plan Width": 8, "Inner Unique": true, "Plans": [{"Node Type": "Seq Scan", "Parent Relationship": "Outer", "Parallel Aware": true, "Async Capable": false, "Relation Name": "posthistory", "Alias": "ph", "Startup Cost": 0.0, "Total Cost": 5361.04, "Plan Rows": 97, "Plan Width": 4, "Filter": "((creationdate >= '2011-09-12 13:37:24'::timestamp without time zone) AND (creationdate <= '2014-08-22 17:02:16'::timestamp without time zone) AND (posthistorytypeid = 8))"}, {"Node Type": "Index Only Scan", "Parent Relationship": "Inner", "Parallel Aware": false, "Async Capable": false, "Scan Direction": "Forward", "Index Name": "users_pkey", "Relation Name": "users", "Alias": "u", "Startup Cost": 0.29, "Total Cost": 2.63, "Plan Rows": 1, "Plan Width": 4, "Index Cond": "(id = ph.userid)"}]}, {"Node Type": "Index Scan", "Parent Relationship": "Inner", "Parallel Aware": false, "Async Capable": false, "Scan Direction": "Forward", "Index Name": "idx_badges_userid", "Relation Name": "badges", "Alias": "b", "Startup Cost": 0.29, "Total Cost": 0.41, "Plan Rows": 2, "Plan Width": 4, "Index Cond": "(userid = u.id)", "Filter": "(date <= '2014-01-23 10:06:58'::timestamp without time zone)"}]}, {"Node Type": "Index Scan", "Parent Relationship": "Inner", "Parallel Aware": false, "Async Capable": false, "Scan Direction": "Forward", "Index Name": "idx_comments_userid", "Relation Name": "comments", "Alias": "c", "Startup Cost": 0.29, "Total Cost": 0.73, "Plan Rows": 1, "Plan Width": 4, "Index Cond": "(userid = b.userid)", "Filter": "((creationdate >= '2014-09-03 14:22:41'::timestamp without time zone) AND (creationdate <= '2014-09-10 13:44:40'::timestamp without time zone) AND (score = 2))"}]}]}]}]}, "Timeout Time": 5000}, {"Plan": {"Node Type": "Aggregate", "Strategy": "Plain", "Partial Mode": "Simple", "Parallel Aware": false, "Async Capable": false, "Startup Cost": 7336.31, "Total Cost": 7336.32, "Plan Rows": 1, "Plan Width": 8, "Actual Rows": 1, "Actual Loops": 1, "Plans": [{"Node Type": "Merge Join", "Parent Relationship": "Outer", "Parallel Aware": false, "Async Capable": false, "Join Type": "Inner", "Startup Cost": 6119.95, "Total Cost": 7327.92, "Plan Rows": 1.0, "Plan Width": 0, "Actual Rows": 156693, "Actual Loops": 1, "Inner Unique": false, "Merge Cond": "(u.id = c.userid)", "Plans": [{"Node Type": "Index Only Scan", "Parent Relationship": "Outer", "Parallel Aware": false, "Async Capable": false, "Scan Direction": "Forward", "Index Name": "users_pkey", "Relation Name": "users", "Alias": "u", "Startup Cost": 0.29, "Total Cost": 1057.16, "Plan Rows": 40325, "Plan Width": 4, "Actual Rows": 16000, "Actual Loops": 1, "Heap Fetches": 0}, {"Node Type": "Sort", "Parent Relationship": "Inner", "Parallel Aware": false, "Async Capable": false, "Startup Cost": 6119.57, "Total Cost": 6128.1, "Plan Rows": 2.0, "Plan Width": 12, "Actual Rows": 156693, "Actual Loops": 1, "Sort Key": ["c.userid"], "Sort Method": "quicksort", "Sort Space Used": 12265, "Sort Space Type": "Memory", "Plans": [{"Node Type": "Nested Loop", "Parent Relationship": "Outer", "Parallel Aware": false, "Async Capable": false, "Join Type": "Inner", "Startup Cost": 1000.72, "Total Cost": 5919.21, "Plan Rows": 2.0, "Plan Width": 12, "Actual Rows": 156693, "Actual Loops": 1, "Inner Unique": false, "Join Filter": "(c.userid = b.userid)", "Rows Removed by Join Filter": 0, "Plans": [{"Node Type": "Gather", "Parent Relationship": "Outer", "Parallel Aware": false, "Async Capable": false, "Startup Cost": 1000.42, "Total Cost": 5457.96, "Plan Rows": 54, "Plan Width": 8, "Actual Rows": 474, "Actual Loops": 1, "Workers Planned": 1, "Workers Launched": 1, "Single Copy": false, "Plans": [{"Node Type": "Nested Loop", "Parent Relationship": "Outer", "Parallel Aware": false, "Async Capable": false, "Join Type": "Inner", "Startup Cost": 0.42, "Total Cost": 4452.56, "Plan Rows": 1.0, "Plan Width": 8, "Actual Rows": 237, "Actual Loops": 2, "Inner Unique": false, "Workers": [], "Plans": [{"Node Type": "Seq Scan", "Parent Relationship": "Outer", "Parallel Aware": true, "Async Capable": false, "Relation Name": "comments", "Alias": "c", "Startup Cost": 0.0, "Total Cost": 3138.32, "Plan Rows": 39, "Plan Width": 4, "Actual Rows": 28, "Actual Loops": 2, "Filter": "((creationdate >= '2014-09-03 14:22:41'::timestamp without time zone) AND (creationdate <= '2014-09-10 13:44:40'::timestamp without time zone) AND (score = 2))", "Rows Removed by Filter": 87124, "Workers": []}, {"Node Type": "Index Scan", "Parent Relationship": "Inner", "Parallel Aware": false, "Async Capable": false, "Scan Direction": "Forward", "Index Name": "idx_posthistory_userid", "Relation Name": "posthistory", "Alias": "ph", "Startup Cost": 0.42, "Total Cost": 33.69, "Plan Rows": 1, "Plan Width": 4, "Actual Rows": 8, "Actual Loops": 56, "Index Cond": "(userid = c.userid)", "Rows Removed by Index Recheck": 0, "Filter": "((creationdate >= '2011-09-12 13:37:24'::timestamp without time zone) AND (creationdate <= '2014-08-22 17:02:16'::timestamp without time zone) AND (posthistorytypeid = 8))", "Rows Removed by Filter": 3017, "Workers": []}]}]}, {"Node Type": "Index Scan", "Parent Relationship": "Inner", "Parallel Aware": false, "Async Capable": false, "Scan Direction": "Forward", "Index Name": "idx_badges_userid", "Relation Name": "badges", "Alias": "b", "Startup Cost": 0.29, "Total Cost": 8.52, "Plan Rows": 2, "Plan Width": 4, "Actual Rows": 331, "Actual Loops": 474, "Index Cond": "(userid = ph.userid)", "Rows Removed by Index Recheck": 0, "Filter": "(date <= '2014-01-23 10:06:58'::timestamp without time zone)", "Rows Removed by Filter": 90}]}]}]}]}, "Planning Time": 2.76, "Triggers": [], "Execution Time": 155.915}, {"Plan": {"Node Type": "Aggregate", "Strategy": "Plain", "Partial Mode": "Finalize", "Parallel Aware": false, "Async Capable": false, "Startup Cost": 6012.78, "Total Cost": 6012.79, "Plan Rows": 1, "Plan Width": 8, "Actual Rows": 1, "Actual Loops": 1, "Plans": [{"Node Type": "Gather", "Parent Relationship": "Outer", "Parallel Aware": false, "Async Capable": false, "Startup Cost": 6012.67, "Total Cost": 6012.78, "Plan Rows": 1, "Plan Width": 8, "Actual Rows": 2, "Actual Loops": 1, "Workers Planned": 1, "Workers Launched": 1, "Single Copy": false, "Plans": [{"Node Type": "Aggregate", "Strategy": "Plain", "Partial Mode": "Partial", "Parent Relationship": "Outer", "Parallel Aware": false, "Async Capable": false, "Startup Cost": 5012.67, "Total Cost": 5012.68, "Plan Rows": 1, "Plan Width": 8, "Actual Rows": 1, "Actual Loops": 2, "Workers": [], "Plans": [{"Node Type": "Nested Loop", "Parent Relationship": "Outer", "Parallel Aware": false, "Async Capable": false, "Join Type": "Inner", "Startup Cost": 1.01, "Total Cost": 5007.73, "Plan Rows": 1.0, "Plan Width": 0, "Actual Rows": 78346, "Actual Loops": 2, "Inner Unique": true, "Workers": [], "Plans": [{"Node Type": "Nested Loop", "Parent Relationship": "Outer", "Parallel Aware": false, "Async Capable": false, "Join Type": "Inner", "Startup Cost": 0.71, "Total Cost": 4725.9, "Plan Rows": 2.0, "Plan Width": 12, "Actual Rows": 78346, "Actual Loops": 2, "Inner Unique": false, "Join Filter": "(c.userid = b.userid)", "Rows Removed by Join Filter": 0, "Workers": [], "Plans": [{"Node Type": "Nested Loop", "Parent Relationship": "Outer", "Parallel Aware": false, "Async Capable": false, "Join Type": "Inner", "Startup Cost": 0.42, "Total Cost": 4452.56, "Plan Rows": 1.0, "Plan Width": 8, "Actual Rows": 237, "Actual Loops": 2, "Inner Unique": false, "Workers": [], "Plans": [{"Node Type": "Seq Scan", "Parent Relationship": "Outer", "Parallel Aware": true, "Async Capable": false, "Relation Name": "comments", "Alias": "c", "Startup Cost": 0.0, "Total Cost": 3138.32, "Plan Rows": 39, "Plan Width": 4, "Actual Rows": 28, "Actual Loops": 2, "Filter": "((creationdate >= '2014-09-03 14:22:41'::timestamp without time zone) AND (creationdate <= '2014-09-10 13:44:40'::timestamp without time zone) AND (score = 2))", "Rows Removed by Filter": 87124, "Workers": []}, {"Node Type": "Index Scan", "Parent Relationship": "Inner", "Parallel Aware": false, "Async Capable": false, "Scan Direction": "Forward", "Index Name": "idx_posthistory_userid", "Relation Name": "posthistory", "Alias": "ph", "Startup Cost": 0.42, "Total Cost": 33.69, "Plan Rows": 1, "Plan Width": 4, "Actual Rows": 8, "Actual Loops": 56, "Index Cond": "(userid = c.userid)", "Rows Removed by Index Recheck": 0, "Filter": "((creationdate >= '2011-09-12 13:37:24'::timestamp without time zone) AND (creationdate <= '2014-08-22 17:02:16'::timestamp without time zone) AND (posthistorytypeid = 8))", "Rows Removed by Filter": 3017, "Workers": []}]}, {"Node Type": "Index Scan", "Parent Relationship": "Inner", "Parallel Aware": false, "Async Capable": false, "Scan Direction": "Forward", "Index Name": "idx_badges_userid", "Relation Name": "badges", "Alias": "b", "Startup Cost": 0.29, "Total Cost": 8.52, "Plan Rows": 2, "Plan Width": 4, "Actual Rows": 331, "Actual Loops": 474, "Index Cond": "(userid = ph.userid)", "Rows Removed by Index Recheck": 0, "Filter": "(date <= '2014-01-23 10:06:58'::timestamp without time zone)", "Rows Removed by Filter": 90, "Workers": []}]}, {"Node Type": "Memoize", "Parent Relationship": "Inner", "Parallel Aware": false, "Async Capable": false, "Startup Cost": 0.3, "Total Cost": 3.47, "Plan Rows": 1, "Plan Width": 4, "Actual Rows": 1, "Actual Loops": 156693, "Cache Key": "c.userid", "Cache Mode": "logical", "Cache Hits": 76577, "Cache Misses": 4, "Cache Evictions": 0, "Cache Overflows": 0, "Peak Memory Usage": 1, "Workers": [{"Worker Number": 0, "Cache Hits": 80107, "Cache Misses": 5, "Cache Evictions": 0, "Cache Overflows": 0, "Peak Memory Usage": 1}], "Plans": [{"Node Type": "Index Only Scan", "Parent Relationship": "Outer", "Parallel Aware": false, "Async Capable": false, "Scan Direction": "Forward", "Index Name": "users_pkey", "Relation Name": "users", "Alias": "u", "Startup Cost": 0.29, "Total Cost": 3.46, "Plan Rows": 1, "Plan Width": 4, "Actual Rows": 1, "Actual Loops": 9, "Index Cond": "(id = c.userid)", "Rows Removed by Index Recheck": 0, "Heap Fetches": 0, "Workers": []}]}]}]}]}]}, "Planning Time": 5.05, "Triggers": [], "Execution Time": 106.269}]