[{"Plan": {"Node Type": "Aggregate", "Strategy": "Plain", "Partial Mode": "Simple", "Parallel Aware": false, "Async Capable": false, "Startup Cost": 3901.02, "Total Cost": 3901.03, "Plan Rows": 1, "Plan Width": 8, "Actual Rows": 1, "Actual Loops": 1, "Plans": [{"Node Type": "Nested Loop", "Parent Relationship": "Outer", "Parallel Aware": false, "Async Capable": false, "Join Type": "Inner", "Startup Cost": 983.64, "Total Cost": 3647.07, "Plan Rows": 387.0, "Plan Width": 0, "Actual Rows": 1069324, "Actual Loops": 1, "Inner Unique": false, "Join Filter": "(c.userid = u.id)", "Rows Removed by Join Filter": 0, "Plans": [{"Node Type": "Merge Join", "Parent Relationship": "Outer", "Parallel Aware": false, "Async Capable": false, "Join Type": "Inner", "Startup Cost": 983.34, "Total Cost": 2476.55, "Plan Rows": 550.0, "Plan Width": 8, "Actual Rows": 6786, "Actual Loops": 1, "Inner Unique": true, "Merge Cond": "(v.userid = u.id)", "Plans": [{"Node Type": "Index Scan", "Parent Relationship": "Outer", "Parallel Aware": false, "Async Capable": false, "Scan Direction": "Forward", "Index Name": "idx_votes_userid", "Relation Name": "votes", "Alias": "v", "Startup Cost": 0.42, "Total Cost": 13242.63, "Plan Rows": 222721, "Plan Width": 4, "Actual Rows": 20578, "Actual Loops": 1, "Filter": "((creationdate >= '2011-04-08 14:22:46'::timestamp without time zone) AND (creationdate <= '2014-02-06 21:19:51'::timestamp without time zone))", "Rows Removed by Filter": 6876}, {"Node Type": "Sort", "Parent Relationship": "Inner", "Parallel Aware": false, "Async Capable": false, "Startup Cost": 982.92, "Total Cost": 990.75, "Plan Rows": 3132, "Plan Width": 4, "Actual Rows": 3144, "Actual Loops": 1, "Sort Key": ["u.id"], "Sort Method": "quicksort", "Sort Space Used": 97, "Sort Space Type": "Memory", "Plans": [{"Node Type": "Seq Scan", "Parent Relationship": "Outer", "Parallel Aware": false, "Async Capable": false, "Relation Name": "users", "Alias": "u", "Startup Cost": 0.0, "Total Cost": 801.06, "Plan Rows": 3132, "Plan Width": 4, "Actual Rows": 3144, "Actual Loops": 1, "Filter": "(creationdate <= '2011-05-28 02:44:01'::timestamp without time zone)", "Rows Removed by Filter": 37181}]}]}, {"Node Type": "Index Scan", "Parent Relationship": "Inner", "Parallel Aware": false, "Async Capable": false, "Scan Direction": "Forward", "Index Name": "idx_comments_userid", "Relation Name": "comments", "Alias": "c", "Startup Cost": 0.29, "Total Cost": 0.61, "Plan Rows": 2, "Plan Width": 4, "Actual Rows": 158, "Actual Loops": 6786, "Index Cond": "(userid = v.userid)", "Rows Removed by Index Recheck": 0, "Filter": "((creationdate >= '2010-07-03 17:31:47'::timestamp without time zone) AND (creationdate <= '2012-01-05 12:38:06'::timestamp without time zone))", "Rows Removed by Filter": 737}]}]}, "Planning Time": 1.479, "Triggers": [], "Execution Time": 920.884}, {"Plan": {"Node Type": "Aggregate", "Strategy": "Plain", "Partial Mode": "Simple", "Parallel Aware": false, "Async Capable": false, "Startup Cost": 31749.09, "Total Cost": 31749.1, "Plan Rows": 1, "Plan Width": 8, "Actual Rows": 1, "Actual Loops": 1, "Plans": [{"Node Type": "Merge Join", "Parent Relationship": "Outer", "Parallel Aware": false, "Async Capable": false, "Join Type": "Inner", "Startup Cost": 1.02, "Total Cost": 31495.14, "Plan Rows": 387.0, "Plan Width": 0, "Actual Rows": 1069324, "Actual Loops": 1, "Inner Unique": false, "Merge Cond": "(u.id = c.userid)", "Plans": [{"Node Type": "Index Scan", "Parent Relationship": "Outer", "Parallel Aware": false, "Async Capable": false, "Scan Direction": "Forward", "Index Name": "users_pkey", "Relation Name": "users", "Alias": "u", "Startup Cost": 0.29, "Total Cost": 1457.98, "Plan Rows": 3132, "Plan Width": 4, "Actual Rows": 3144, "Actual Loops": 1, "Filter": "(creationdate <= '2011-05-28 02:44:01'::timestamp without time zone)", "Rows Removed by Filter": 15029}, {"Node Type": "Materialize", "Parent Relationship": "Inner", "Parallel Aware": false, "Async Capable": false, "Startup Cost": 0.73, "Total Cost": 26176.88, "Plan Rows": 9380.0, "Plan Width": 8, "Actual Rows": 1174185, "Actual Loops": 1, "Plans": [{"Node Type": "Nested Loop", "Parent Relationship": "Outer", "Parallel Aware": false, "Async Capable": false, "Join Type": "Inner", "Startup Cost": 0.73, "Total Cost": 22852.27, "Plan Rows": 9380.0, "Plan Width": 8, "Actual Rows": 1174185, "Actual Loops": 1, "Inner Unique": false, "Plans": [{"Node Type": "Index Scan", "Parent Relationship": "Outer", "Parallel Aware": false, "Async Capable": false, "Scan Direction": "Forward", "Index Name": "idx_comments_userid", "Relation Name": "comments", "Alias": "c", "Startup Cost": 0.29, "Total Cost": 8694.72, "Plan Rows": 32582, "Plan Width": 4, "Actual Rows": 32805, "Actual Loops": 1, "Filter": "((creationdate >= '2010-07-03 17:31:47'::timestamp without time zone) AND (creationdate <= '2012-01-05 12:38:06'::timestamp without time zone))", "Rows Removed by Filter": 141500}, {"Node Type": "Memoize", "Parent Relationship": "Inner", "Parallel Aware": false, "Async Capable": false, "Startup Cost": 0.43, "Total Cost": 0.94, "Plan Rows": 6, "Plan Width": 4, "Actual Rows": 36, "Actual Loops": 32805, "Cache Key": "c.userid", "Cache Mode": "logical", "Cache Hits": 30536, "Cache Misses": 2269, "Cache Evictions": 0, "Cache Overflows": 0, "Peak Memory Usage": 465, "Plans": [{"Node Type": "Index Scan", "Parent Relationship": "Outer", "Parallel Aware": false, "Async Capable": false, "Scan Direction": "Forward", "Index Name": "idx_votes_userid", "Relation Name": "votes", "Alias": "v", "Startup Cost": 0.42, "Total Cost": 0.93, "Plan Rows": 6, "Plan Width": 4, "Actual Rows": 4, "Actual Loops": 2269, "Index Cond": "(userid = c.userid)", "Rows Removed by Index Recheck": 0, "Filter": "((creationdate >= '2011-04-08 14:22:46'::timestamp without time zone) AND (creationdate <= '2014-02-06 21:19:51'::timestamp without time zone))", "Rows Removed by Filter": 2}]}]}]}]}]}, "Planning Time": 1.792, "Triggers": [], "Execution Time": 457.65}, {"Plan": {"Node Type": "Aggregate", "Strategy": "Plain", "Partial Mode": "Simple", "Parallel Aware": false, "Async Capable": false, "Startup Cost": 6765.34, "Total Cost": 6765.35, "Plan Rows": 1, "Plan Width": 8, "Actual Rows": 1, "Actual Loops": 1, "Plans": [{"Node Type": "Merge Join", "Parent Relationship": "Outer", "Parallel Aware": false, "Async Capable": false, "Join Type": "Inner", "Startup Cost": 5025.15, "Total Cost": 6511.39, "Plan Rows": 387.0, "Plan Width": 0, "Actual Rows": 1069324, "Actual Loops": 1, "Inner Unique": false, "Merge Cond": "(v.userid = u.id)", "Plans": [{"Node Type": "Index Scan", "Parent Relationship": "Outer", "Parallel Aware": false, "Async Capable": false, "Scan Direction": "Forward", "Index Name": "idx_votes_userid", "Relation Name": "votes", "Alias": "v", "Startup Cost": 0.42, "Total Cost": 13242.63, "Plan Rows": 222721, "Plan Width": 4, "Actual Rows": 19800, "Actual Loops": 1, "Filter": "((creationdate >= '2011-04-08 14:22:46'::timestamp without time zone) AND (creationdate <= '2014-02-06 21:19:51'::timestamp without time zone))", "Rows Removed by Filter": 6627}, {"Node Type": "Sort", "Parent Relationship": "Inner", "Parallel Aware": false, "Async Capable": false, "Startup Cost": 5024.72, "Total Cost": 5030.95, "Plan Rows": 23.0, "Plan Width": 8, "Actual Rows": 1075908, "Actual Loops": 1, "Sort Key": ["c.userid"], "Sort Method": "quicksort", "Sort Space Used": 1597, "Sort Space Type": "Memory", "Plans": [{"Node Type": "Hash Join", "Parent Relationship": "Outer", "Parallel Aware": false, "Async Capable": false, "Join Type": "Inner", "Startup Cost": 840.21, "Total Cost": 4884.33, "Plan Rows": 23.0, "Plan Width": 8, "Actual Rows": 26526, "Actual Loops": 1, "Inner Unique": true, "Hash Cond": "(c.userid = u.id)", "Plans": [{"Node Type": "Seq Scan", "Parent Relationship": "Outer", "Parallel Aware": false, "Async Capable": false, "Relation Name": "comments", "Alias": "c", "Startup Cost": 0.0, "Total Cost": 3958.57, "Plan Rows": 32582, "Plan Width": 4, "Actual Rows": 32805, "Actual Loops": 1, "Filter": "((creationdate >= '2010-07-03 17:31:47'::timestamp without time zone) AND (creationdate <= '2012-01-05 12:38:06'::timestamp without time zone))", "Rows Removed by Filter": 141500}, {"Node Type": "Hash", "Parent Relationship": "Inner", "Parallel Aware": false, "Async Capable": false, "Startup Cost": 801.06, "Total Cost": 801.06, "Plan Rows": 3132, "Plan Width": 4, "Actual Rows": 3144, "Actual Loops": 1, "Hash Buckets": 4096, "Original Hash Buckets": 4096, "Hash Batches": 1, "Original Hash Batches": 1, "Peak Memory Usage": 143, "Plans": [{"Node Type": "Seq Scan", "Parent Relationship": "Outer", "Parallel Aware": false, "Async Capable": false, "Relation Name": "users", "Alias": "u", "Startup Cost": 0.0, "Total Cost": 801.06, "Plan Rows": 3132, "Plan Width": 4, "Actual Rows": 3144, "Actual Loops": 1, "Filter": "(creationdate <= '2011-05-28 02:44:01'::timestamp without time zone)", "Rows Removed by Filter": 37181}]}]}]}]}]}, "Planning Time": 1.864, "Triggers": [], "Execution Time": 154.973}, {"Plan": {"Node Type": "Aggregate", "Strategy": "Plain", "Partial Mode": "Finalize", "Parallel Aware": false, "Async Capable": false, "Startup Cost": 16475.79, "Total Cost": 16475.8, "Plan Rows": 1, "Plan Width": 8, "Actual Rows": 1, "Actual Loops": 1, "Plans": [{"Node Type": "Gather", "Parent Relationship": "Outer", "Parallel Aware": false, "Async Capable": false, "Startup Cost": 16475.68, "Total Cost": 16475.79, "Plan Rows": 1, "Plan Width": 8, "Actual Rows": 2, "Actual Loops": 1, "Workers Planned": 1, "Workers Launched": 1, "Single Copy": false, "Plans": [{"Node Type": "Aggregate", "Strategy": "Plain", "Partial Mode": "Partial", "Parent Relationship": "Outer", "Parallel Aware": false, "Async Capable": false, "Startup Cost": 15475.68, "Total Cost": 15475.69, "Plan Rows": 1, "Plan Width": 8, "Actual Rows": 1, "Actual Loops": 2, "Workers": [], "Plans": [{"Node Type": "Hash Join", "Parent Relationship": "Outer", "Parallel Aware": false, "Async Capable": false, "Join Type": "Inner", "Startup Cost": 840.52, "Total Cost": 15326.3, "Plan Rows": 387.0, "Plan Width": 0, "Actual Rows": 534662, "Actual Loops": 2, "Inner Unique": true, "Hash Cond": "(c.userid = u.id)", "Workers": [], "Plans": [{"Node Type": "Nested Loop", "Parent Relationship": "Outer", "Parallel Aware": false, "Async Capable": false, "Join Type": "Inner", "Startup Cost": 0.3, "Total Cost": 12432.44, "Plan Rows": 9380.0, "Plan Width": 8, "Actual Rows": 587092, "Actual Loops": 2, "Inner Unique": false, "Workers": [], "Plans": [{"Node Type": "Seq Scan", "Parent Relationship": "Outer", "Parallel Aware": true, "Async Capable": false, "Relation Name": "votes", "Alias": "v", "Startup Cost": 0.0, "Total Cost": 5054.68, "Plan Rows": 131012, "Plan Width": 4, "Actual Rows": 110926, "Actual Loops": 2, "Filter": "((creationdate >= '2011-04-08 14:22:46'::timestamp without time zone) AND (creationdate <= '2014-02-06 21:19:51'::timestamp without time zone))", "Rows Removed by Filter": 53106, "Workers": []}, {"Node Type": "Memoize", "Parent Relationship": "Inner", "Parallel Aware": false, "Async Capable": false, "Startup Cost": 0.3, "Total Cost": 0.62, "Plan Rows": 2, "Plan Width": 4, "Actual Rows": 5, "Actual Loops": 221852, "Cache Key": "v.userid", "Cache Mode": "logical", "Cache Hits": 104622, "Cache Misses": 2548, "Cache Evictions": 0, "Cache Overflows": 0, "Peak Memory Usage": 934, "Workers": [{"Worker Number": 0, "Cache Hits": 112050, "Cache Misses": 2632, "Cache Evictions": 0, "Cache Overflows": 0, "Peak Memory Usage": 933}], "Plans": [{"Node Type": "Index Scan", "Parent Relationship": "Outer", "Parallel Aware": false, "Async Capable": false, "Scan Direction": "Forward", "Index Name": "idx_comments_userid", "Relation Name": "comments", "Alias": "c", "Startup Cost": 0.29, "Total Cost": 0.61, "Plan Rows": 2, "Plan Width": 4, "Actual Rows": 8, "Actual Loops": 5180, "Index Cond": "(userid = v.userid)", "Rows Removed by Index Recheck": 0, "Filter": "((creationdate >= '2010-07-03 17:31:47'::timestamp without time zone) AND (creationdate <= '2012-01-05 12:38:06'::timestamp without time zone))", "Rows Removed by Filter": 32, "Workers": []}]}]}, {"Node Type": "Hash", "Parent Relationship": "Inner", "Parallel Aware": false, "Async Capable": false, "Startup Cost": 801.06, "Total Cost": 801.06, "Plan Rows": 3132, "Plan Width": 4, "Actual Rows": 3144, "Actual Loops": 2, "Hash Buckets": 4096, "Original Hash Buckets": 4096, "Hash Batches": 1, "Original Hash Batches": 1, "Peak Memory Usage": 143, "Workers": [], "Plans": [{"Node Type": "Seq Scan", "Parent Relationship": "Outer", "Parallel Aware": false, "Async Capable": false, "Relation Name": "users", "Alias": "u", "Startup Cost": 0.0, "Total Cost": 801.06, "Plan Rows": 3132, "Plan Width": 4, "Actual Rows": 3144, "Actual Loops": 2, "Filter": "(creationdate <= '2011-05-28 02:44:01'::timestamp without time zone)", "Rows Removed by Filter": 37181, "Workers": []}]}]}]}]}]}, "Planning Time": 3.586, "Triggers": [], "Execution Time": 232.806}, {"Plan": {"Node Type": "Aggregate", "Strategy": "Plain", "Partial Mode": "Finalize", "Parallel Aware": false, "Async Capable": false, "Startup Cost": 6352.36, "Total Cost": 6352.37, "Plan Rows": 1, "Plan Width": 8, "Actual Rows": 1, "Actual Loops": 1, "Plans": [{"Node Type": "Gather", "Parent Relationship": "Outer", "Parallel Aware": false, "Async Capable": false, "Startup Cost": 6352.24, "Total Cost": 6352.35, "Plan Rows": 1, "Plan Width": 8, "Actual Rows": 2, "Actual Loops": 1, "Workers Planned": 1, "Workers Launched": 1, "Single Copy": false, "Plans": [{"Node Type": "Aggregate", "Strategy": "Plain", "Partial Mode": "Partial", "Parent Relationship": "Outer", "Parallel Aware": false, "Async Capable": false, "Startup Cost": 5352.24, "Total Cost": 5352.25, "Plan Rows": 1, "Plan Width": 8, "Actual Rows": 1, "Actual Loops": 2, "Workers": [], "Plans": [{"Node Type": "Hash Join", "Parent Relationship": "Outer", "Parallel Aware": true, "Async Capable": false, "Join Type": "Inner", "Startup Cost": 2243.98, "Total Cost": 5202.86, "Plan Rows": 387.0, "Plan Width": 0, "Actual Rows": 534662, "Actual Loops": 2, "Inner Unique": false, "Hash Cond": "(c.userid = u.id)", "Workers": [], "Plans": [{"Node Type": "Seq Scan", "Parent Relationship": "Outer", "Parallel Aware": true, "Async Capable": false, "Relation Name": "comments", "Alias": "c", "Startup Cost": 0.0, "Total Cost": 2881.99, "Plan Rows": 19166, "Plan Width": 4, "Actual Rows": 16402, "Actual Loops": 2, "Filter": "((creationdate >= '2010-07-03 17:31:47'::timestamp without time zone) AND (creationdate <= '2012-01-05 12:38:06'::timestamp without time zone))", "Rows Removed by Filter": 70750, "Workers": []}, {"Node Type": "Hash", "Parent Relationship": "Inner", "Parallel Aware": true, "Async Capable": false, "Startup Cost": 2230.53, "Total Cost": 2230.53, "Plan Rows": 550.0, "Plan Width": 8, "Actual Rows": 3393, "Actual Loops": 2, "Hash Buckets": 8192, "Original Hash Buckets": 2048, "Hash Batches": 1, "Original Hash Batches": 1, "Peak Memory Usage": 400, "Workers": [], "Plans": [{"Node Type": "Merge Join", "Parent Relationship": "Outer", "Parallel Aware": false, "Async Capable": false, "Join Type": "Inner", "Startup Cost": 983.34, "Total Cost": 2230.53, "Plan Rows": 550.0, "Plan Width": 8, "Actual Rows": 3393, "Actual Loops": 2, "Inner Unique": true, "Merge Cond": "(v.userid = u.id)", "Workers": [], "Plans": [{"Node Type": "Index Scan", "Parent Relationship": "Outer", "Parallel Aware": true, "Async Capable": false, "Scan Direction": "Forward", "Index Name": "idx_votes_userid", "Relation Name": "votes", "Alias": "v", "Startup Cost": 0.42, "Total Cost": 11216.36, "Plan Rows": 131012, "Plan Width": 4, "Actual Rows": 10290, "Actual Loops": 2, "Filter": "((creationdate >= '2011-04-08 14:22:46'::timestamp without time zone) AND (creationdate <= '2014-02-06 21:19:51'::timestamp without time zone))", "Rows Removed by Filter": 3438, "Workers": []}, {"Node Type": "Sort", "Parent Relationship": "Inner", "Parallel Aware": false, "Async Capable": false, "Startup Cost": 982.92, "Total Cost": 990.75, "Plan Rows": 3132, "Plan Width": 4, "Actual Rows": 3144, "Actual Loops": 2, "Sort Key": ["u.id"], "Sort Method": "quicksort", "Sort Space Used": 97, "Sort Space Type": "Memory", "Workers": [{"Worker Number": 0, "Sort Method": "quicksort", "Sort Space Used": 97, "Sort Space Type": "Memory"}], "Plans": [{"Node Type": "Seq Scan", "Parent Relationship": "Outer", "Parallel Aware": false, "Async Capable": false, "Relation Name": "users", "Alias": "u", "Startup Cost": 0.0, "Total Cost": 801.06, "Plan Rows": 3132, "Plan Width": 4, "Actual Rows": 3144, "Actual Loops": 2, "Filter": "(creationdate <= '2011-05-28 02:44:01'::timestamp without time zone)", "Rows Removed by Filter": 37181, "Workers": []}]}]}]}]}]}]}]}, "Planning Time": 2.821, "Triggers": [], "Execution Time": 100.567}, {"Plan": {"Node Type": "Aggregate", "Strategy": "Plain", "Partial Mode": "Simple", "Parallel Aware": false, "Async Capable": false, "Startup Cost": 3901.02, "Total Cost": 3901.03, "Plan Rows": 1, "Plan Width": 8, "Actual Rows": 1, "Actual Loops": 1, "Plans": [{"Node Type": "Nested Loop", "Parent Relationship": "Outer", "Parallel Aware": false, "Async Capable": false, "Join Type": "Inner", "Startup Cost": 983.64, "Total Cost": 3647.07, "Plan Rows": 387.0, "Plan Width": 0, "Actual Rows": 1069324, "Actual Loops": 1, "Inner Unique": false, "Join Filter": "(c.userid = u.id)", "Rows Removed by Join Filter": 0, "Plans": [{"Node Type": "Merge Join", "Parent Relationship": "Outer", "Parallel Aware": false, "Async Capable": false, "Join Type": "Inner", "Startup Cost": 983.34, "Total Cost": 2476.55, "Plan Rows": 550.0, "Plan Width": 8, "Actual Rows": 6786, "Actual Loops": 1, "Inner Unique": true, "Merge Cond": "(v.userid = u.id)", "Plans": [{"Node Type": "Index Scan", "Parent Relationship": "Outer", "Parallel Aware": false, "Async Capable": false, "Scan Direction": "Forward", "Index Name": "idx_votes_userid", "Relation Name": "votes", "Alias": "v", "Startup Cost": 0.42, "Total Cost": 13242.63, "Plan Rows": 222721, "Plan Width": 4, "Actual Rows": 20578, "Actual Loops": 1, "Filter": "((creationdate >= '2011-04-08 14:22:46'::timestamp without time zone) AND (creationdate <= '2014-02-06 21:19:51'::timestamp without time zone))", "Rows Removed by Filter": 6876}, {"Node Type": "Sort", "Parent Relationship": "Inner", "Parallel Aware": false, "Async Capable": false, "Startup Cost": 982.92, "Total Cost": 990.75, "Plan Rows": 3132, "Plan Width": 4, "Actual Rows": 3144, "Actual Loops": 1, "Sort Key": ["u.id"], "Sort Method": "quicksort", "Sort Space Used": 97, "Sort Space Type": "Memory", "Plans": [{"Node Type": "Seq Scan", "Parent Relationship": "Outer", "Parallel Aware": false, "Async Capable": false, "Relation Name": "users", "Alias": "u", "Startup Cost": 0.0, "Total Cost": 801.06, "Plan Rows": 3132, "Plan Width": 4, "Actual Rows": 3144, "Actual Loops": 1, "Filter": "(creationdate <= '2011-05-28 02:44:01'::timestamp without time zone)", "Rows Removed by Filter": 37181}]}]}, {"Node Type": "Index Scan", "Parent Relationship": "Inner", "Parallel Aware": false, "Async Capable": false, "Scan Direction": "Forward", "Index Name": "idx_comments_userid", "Relation Name": "comments", "Alias": "c", "Startup Cost": 0.29, "Total Cost": 0.61, "Plan Rows": 2, "Plan Width": 4, "Actual Rows": 158, "Actual Loops": 6786, "Index Cond": "(userid = v.userid)", "Rows Removed by Index Recheck": 0, "Filter": "((creationdate >= '2010-07-03 17:31:47'::timestamp without time zone) AND (creationdate <= '2012-01-05 12:38:06'::timestamp without time zone))", "Rows Removed by Filter": 737}]}]}, "Planning Time": 1.663, "Triggers": [], "Execution Time": 919.91}, {"Plan": {"Node Type": "Aggregate", "Strategy": "Plain", "Partial Mode": "Finalize", "Parallel Aware": false, "Async Capable": false, "Startup Cost": 6387.86, "Total Cost": 6387.87, "Plan Rows": 1, "Plan Width": 8, "Actual Rows": 1, "Actual Loops": 1, "Plans": [{"Node Type": "Gather", "Parent Relationship": "Outer", "Parallel Aware": false, "Async Capable": false, "Startup Cost": 6387.75, "Total Cost": 6387.86, "Plan Rows": 1, "Plan Width": 8, "Actual Rows": 2, "Actual Loops": 1, "Workers Planned": 1, "Workers Launched": 1, "Single Copy": false, "Plans": [{"Node Type": "Aggregate", "Strategy": "Plain", "Partial Mode": "Partial", "Parent Relationship": "Outer", "Parallel Aware": false, "Async Capable": false, "Startup Cost": 5387.75, "Total Cost": 5387.76, "Plan Rows": 1, "Plan Width": 8, "Actual Rows": 1, "Actual Loops": 2, "Workers": [], "Plans": [{"Node Type": "Nested Loop", "Parent Relationship": "Outer", "Parallel Aware": false, "Async Capable": false, "Join Type": "Inner", "Startup Cost": 840.63, "Total Cost": 5238.37, "Plan Rows": 387.0, "Plan Width": 0, "Actual Rows": 534662, "Actual Loops": 2, "Inner Unique": false, "Join Filter": "(v.userid = u.id)", "Rows Removed by Join Filter": 0, "Workers": [], "Plans": [{"Node Type": "Hash Join", "Parent Relationship": "Outer", "Parallel Aware": false, "Async Capable": false, "Join Type": "Inner", "Startup Cost": 840.21, "Total Cost": 3772.51, "Plan Rows": 23.0, "Plan Width": 8, "Actual Rows": 13263, "Actual Loops": 2, "Inner Unique": true, "Hash Cond": "(c.userid = u.id)", "Workers": [], "Plans": [{"Node Type": "Seq Scan", "Parent Relationship": "Outer", "Parallel Aware": true, "Async Capable": false, "Relation Name": "comments", "Alias": "c", "Startup Cost": 0.0, "Total Cost": 2881.99, "Plan Rows": 19166, "Plan Width": 4, "Actual Rows": 16402, "Actual Loops": 2, "Filter": "((creationdate >= '2010-07-03 17:31:47'::timestamp without time zone) AND (creationdate <= '2012-01-05 12:38:06'::timestamp without time zone))", "Rows Removed by Filter": 70750, "Workers": []}, {"Node Type": "Hash", "Parent Relationship": "Inner", "Parallel Aware": false, "Async Capable": false, "Startup Cost": 801.06, "Total Cost": 801.06, "Plan Rows": 3132, "Plan Width": 4, "Actual Rows": 3144, "Actual Loops": 2, "Hash Buckets": 4096, "Original Hash Buckets": 4096, "Hash Batches": 1, "Original Hash Batches": 1, "Peak Memory Usage": 143, "Workers": [], "Plans": [{"Node Type": "Seq Scan", "Parent Relationship": "Outer", "Parallel Aware": false, "Async Capable": false, "Relation Name": "users", "Alias": "u", "Startup Cost": 0.0, "Total Cost": 801.06, "Plan Rows": 3132, "Plan Width": 4, "Actual Rows": 3144, "Actual Loops": 2, "Filter": "(creationdate <= '2011-05-28 02:44:01'::timestamp without time zone)", "Rows Removed by Filter": 37181, "Workers": []}]}]}, {"Node Type": "Index Scan", "Parent Relationship": "Inner", "Parallel Aware": false, "Async Capable": false, "Scan Direction": "Forward", "Index Name": "idx_votes_userid", "Relation Name": "votes", "Alias": "v", "Startup Cost": 0.42, "Total Cost": 0.93, "Plan Rows": 6, "Plan Width": 4, "Actual Rows": 40, "Actual Loops": 26526, "Index Cond": "(userid = c.userid)", "Rows Removed by Index Recheck": 0, "Filter": "((creationdate >= '2011-04-08 14:22:46'::timestamp without time zone) AND (creationdate <= '2014-02-06 21:19:51'::timestamp without time zone))", "Rows Removed by Filter": 22, "Workers": []}]}]}]}]}, "Planning Time": 3.047, "Triggers": [], "Execution Time": 365.033}]