[{"Plan": {"Node Type": "Aggregate", "Strategy": "Plain", "Partial Mode": "Simple", "Parallel Aware": false, "Async Capable": false, "Startup Cost": 3560.55, "Total Cost": 3560.56, "Plan Rows": 1, "Plan Width": 8, "Actual Rows": 1, "Actual Loops": 1, "Plans": [{"Node Type": "Nested Loop", "Parent Relationship": "Outer", "Parallel Aware": false, "Async Capable": false, "Join Type": "Inner", "Startup Cost": 1004.09, "Total Cost": 2948.82, "Plan Rows": 1093.0, "Plan Width": 0, "Actual Rows": 23575, "Actual Loops": 1, "Inner Unique": false, "Join Filter": "(c.userid = u.id)", "Rows Removed by Join Filter": 0, "Plans": [{"Node Type": "Merge Join", "Parent Relationship": "Outer", "Parallel Aware": false, "Async Capable": false, "Join Type": "Inner", "Startup Cost": 1003.8, "Total Cost": 2379.5, "Plan Rows": 340.0, "Plan Width": 8, "Actual Rows": 789, "Actual Loops": 1, "Inner Unique": true, "Merge Cond": "(v.userid = u.id)", "Plans": [{"Node Type": "Index Scan", "Parent Relationship": "Outer", "Parallel Aware": false, "Async Capable": false, "Scan Direction": "Forward", "Index Name": "idx_votes_userid", "Relation Name": "votes", "Alias": "v", "Startup Cost": 0.42, "Total Cost": 12422.47, "Plan Rows": 168147, "Plan Width": 4, "Actual Rows": 15778, "Actual Loops": 1, "Filter": "(creationdate <= '2013-02-27 22:04:04'::timestamp without time zone)", "Rows Removed by Filter": 8670}, {"Node Type": "Sort", "Parent Relationship": "Inner", "Parallel Aware": false, "Async Capable": false, "Startup Cost": 1003.38, "Total Cost": 1008.05, "Plan Rows": 1868, "Plan Width": 4, "Actual Rows": 1869, "Actual Loops": 1, "Sort Key": ["u.id"], "Sort Method": "quicksort", "Sort Space Used": 49, "Sort Space Type": "Memory", "Plans": [{"Node Type": "Seq Scan", "Parent Relationship": "Outer", "Parallel Aware": false, "Async Capable": false, "Relation Name": "users", "Alias": "u", "Startup Cost": 0.0, "Total Cost": 901.88, "Plan Rows": 1868, "Plan Width": 4, "Actual Rows": 1869, "Actual Loops": 1, "Filter": "((creationdate >= '2012-05-21 00:21:10'::timestamp without time zone) AND (creationdate <= '2012-08-28 10:13:09'::timestamp without time zone))", "Rows Removed by Filter": 38456}]}]}, {"Node Type": "Index Only Scan", "Parent Relationship": "Inner", "Parallel Aware": false, "Async Capable": false, "Scan Direction": "Forward", "Index Name": "idx_comments_userid", "Relation Name": "comments", "Alias": "c", "Startup Cost": 0.29, "Total Cost": 0.53, "Plan Rows": 13, "Plan Width": 4, "Actual Rows": 30, "Actual Loops": 789, "Index Cond": "(userid = v.userid)", "Rows Removed by Index Recheck": 0, "Heap Fetches": 0}]}]}, "Planning Time": 0.842, "Triggers": [], "Execution Time": 18.011}, {"Plan": {"Node Type": "Aggregate", "Strategy": "Plain", "Partial Mode": "Simple", "Parallel Aware": false, "Async Capable": false, "Startup Cost": 53694.71, "Total Cost": 53694.72, "Plan Rows": 1, "Plan Width": 8, "Actual Rows": 1, "Actual Loops": 1, "Plans": [{"Node Type": "Merge Join", "Parent Relationship": "Outer", "Parallel Aware": false, "Async Capable": false, "Join Type": "Inner", "Startup Cost": 1.02, "Total Cost": 53082.98, "Plan Rows": 1093.0, "Plan Width": 0, "Actual Rows": 23575, "Actual Loops": 1, "Inner Unique": false, "Merge Cond": "(u.id = c.userid)", "Plans": [{"Node Type": "Index Scan", "Parent Relationship": "Outer", "Parallel Aware": false, "Async Capable": false, "Scan Direction": "Forward", "Index Name": "users_pkey", "Relation Name": "users", "Alias": "u", "Startup Cost": 0.29, "Total Cost": 1558.79, "Plan Rows": 1868, "Plan Width": 4, "Actual Rows": 1869, "Actual Loops": 1, "Filter": "((creationdate >= '2012-05-21 00:21:10'::timestamp without time zone) AND (creationdate <= '2012-08-28 10:13:09'::timestamp without time zone))", "Rows Removed by Filter": 38456}, {"Node Type": "Materialize", "Parent Relationship": "Inner", "Parallel Aware": false, "Async Capable": false, "Startup Cost": 0.73, "Total Cost": 36470.22, "Plan Rows": 43826.0, "Plan Width": 8, "Actual Rows": 4933241, "Actual Loops": 1, "Plans": [{"Node Type": "Nested Loop", "Parent Relationship": "Outer", "Parallel Aware": false, "Async Capable": false, "Join Type": "Inner", "Startup Cost": 0.73, "Total Cost": 23042.53, "Plan Rows": 43826.0, "Plan Width": 8, "Actual Rows": 4933241, "Actual Loops": 1, "Inner Unique": false, "Plans": [{"Node Type": "Index Only Scan", "Parent Relationship": "Outer", "Parallel Aware": false, "Async Capable": false, "Scan Direction": "Forward", "Index Name": "idx_comments_userid", "Relation Name": "comments", "Alias": "c", "Startup Cost": 0.29, "Total Cost": 3568.78, "Plan Rows": 174305, "Plan Width": 4, "Actual Rows": 126873, "Actual Loops": 1, "Heap Fetches": 0}, {"Node Type": "Memoize", "Parent Relationship": "Inner", "Parallel Aware": false, "Async Capable": false, "Startup Cost": 0.43, "Total Cost": 0.67, "Plan Rows": 4, "Plan Width": 4, "Actual Rows": 39, "Actual Loops": 126873, "Cache Key": "c.userid", "Cache Mode": "logical", "Cache Hits": 120930, "Cache Misses": 5943, "Cache Evictions": 0, "Cache Overflows": 0, "Peak Memory Usage": 872, "Plans": [{"Node Type": "Index Scan", "Parent Relationship": "Outer", "Parallel Aware": false, "Async Capable": false, "Scan Direction": "Forward", "Index Name": "idx_votes_userid", "Relation Name": "votes", "Alias": "v", "Startup Cost": 0.42, "Total Cost": 0.66, "Plan Rows": 4, "Plan Width": 4, "Actual Rows": 2, "Actual Loops": 5943, "Index Cond": "(userid = c.userid)", "Rows Removed by Index Recheck": 0, "Filter": "(creationdate <= '2013-02-27 22:04:04'::timestamp without time zone)", "Rows Removed by Filter": 1}]}]}]}]}]}, "Planning Time": 0.95, "Triggers": [], "Execution Time": 1006.97}, {"Plan": {"Node Type": "Aggregate", "Strategy": "Plain", "Partial Mode": "Simple", "Parallel Aware": false, "Async Capable": false, "Startup Cost": 5666.17, "Total Cost": 5666.18, "Plan Rows": 1, "Plan Width": 8, "Actual Rows": 1, "Actual Loops": 1, "Plans": [{"Node Type": "Merge Join", "Parent Relationship": "Outer", "Parallel Aware": false, "Async Capable": false, "Join Type": "Inner", "Startup Cost": 3621.59, "Total Cost": 5054.44, "Plan Rows": 1093.0, "Plan Width": 0, "Actual Rows": 23575, "Actual Loops": 1, "Inner Unique": false, "Merge Cond": "(v.userid = u.id)", "Plans": [{"Node Type": "Index Scan", "Parent Relationship": "Outer", "Parallel Aware": false, "Async Capable": false, "Scan Direction": "Forward", "Index Name": "idx_votes_userid", "Relation Name": "votes", "Alias": "v", "Startup Cost": 0.42, "Total Cost": 12422.47, "Plan Rows": 168147, "Plan Width": 4, "Actual Rows": 15778, "Actual Loops": 1, "Filter": "(creationdate <= '2013-02-27 22:04:04'::timestamp without time zone)", "Rows Removed by Filter": 8670}, {"Node Type": "Sort", "Parent Relationship": "Inner", "Parallel Aware": false, "Async Capable": false, "Startup Cost": 3621.17, "Total Cost": 3641.02, "Plan Rows": 60.0, "Plan Width": 8, "Actual Rows": 27973, "Actual Loops": 1, "Sort Key": ["c.userid"], "Sort Method": "quicksort", "Sort Space Used": 426, "Sort Space Type": "Memory", "Plans": [{"Node Type": "Nested Loop", "Parent Relationship": "Outer", "Parallel Aware": false, "Async Capable": false, "Join Type": "Inner", "Startup Cost": 0.29, "Total Cost": 3106.79, "Plan Rows": 60.0, "Plan Width": 8, "Actual Rows": 7484, "Actual Loops": 1, "Inner Unique": false, "Plans": [{"Node Type": "Seq Scan", "Parent Relationship": "Outer", "Parallel Aware": false, "Async Capable": false, "Relation Name": "users", "Alias": "u", "Startup Cost": 0.0, "Total Cost": 901.88, "Plan Rows": 1868, "Plan Width": 4, "Actual Rows": 1869, "Actual Loops": 1, "Filter": "((creationdate >= '2012-05-21 00:21:10'::timestamp without time zone) AND (creationdate <= '2012-08-28 10:13:09'::timestamp without time zone))", "Rows Removed by Filter": 38456}, {"Node Type": "Index Only Scan", "Parent Relationship": "Inner", "Parallel Aware": false, "Async Capable": false, "Scan Direction": "Forward", "Index Name": "idx_comments_userid", "Relation Name": "comments", "Alias": "c", "Startup Cost": 0.29, "Total Cost": 1.05, "Plan Rows": 13, "Plan Width": 4, "Actual Rows": 4, "Actual Loops": 1869, "Index Cond": "(userid = u.id)", "Rows Removed by Index Recheck": 0, "Heap Fetches": 0}]}]}]}]}, "Planning Time": 0.85, "Triggers": [], "Execution Time": 15.988}, {"Plan": {"Node Type": "Aggregate", "Strategy": "Plain", "Partial Mode": "Finalize", "Parallel Aware": false, "Async Capable": false, "Startup Cost": 6311.2, "Total Cost": 6311.21, "Plan Rows": 1, "Plan Width": 8, "Actual Rows": 1, "Actual Loops": 1, "Plans": [{"Node Type": "Gather", "Parent Relationship": "Outer", "Parallel Aware": false, "Async Capable": false, "Startup Cost": 6311.08, "Total Cost": 6311.19, "Plan Rows": 1, "Plan Width": 8, "Actual Rows": 2, "Actual Loops": 1, "Workers Planned": 1, "Workers Launched": 1, "Single Copy": false, "Plans": [{"Node Type": "Aggregate", "Strategy": "Plain", "Partial Mode": "Partial", "Parent Relationship": "Outer", "Parallel Aware": false, "Async Capable": false, "Startup Cost": 5311.08, "Total Cost": 5311.09, "Plan Rows": 1, "Plan Width": 8, "Actual Rows": 1, "Actual Loops": 2, "Workers": [], "Plans": [{"Node Type": "Hash Join", "Parent Relationship": "Outer", "Parallel Aware": true, "Async Capable": false, "Join Type": "Inner", "Startup Cost": 2185.3, "Total Cost": 4951.24, "Plan Rows": 1093.0, "Plan Width": 0, "Actual Rows": 11788, "Actual Loops": 2, "Inner Unique": false, "Hash Cond": "(c.userid = u.id)", "Workers": [], "Plans": [{"Node Type": "Seq Scan", "Parent Relationship": "Outer", "Parallel Aware": true, "Async Capable": false, "Relation Name": "comments", "Alias": "c", "Startup Cost": 0.0, "Total Cost": 2369.32, "Plan Rows": 102532, "Plan Width": 4, "Actual Rows": 87152, "Actual Loops": 2, "Workers": []}, {"Node Type": "Hash", "Parent Relationship": "Inner", "Parallel Aware": true, "Async Capable": false, "Startup Cost": 2179.23, "Total Cost": 2179.23, "Plan Rows": 340.0, "Plan Width": 8, "Actual Rows": 394, "Actual Loops": 2, "Hash Buckets": 1024, "Original Hash Buckets": 1024, "Hash Batches": 1, "Original Hash Batches": 1, "Peak Memory Usage": 40, "Workers": [], "Plans": [{"Node Type": "Merge Join", "Parent Relationship": "Outer", "Parallel Aware": false, "Async Capable": false, "Join Type": "Inner", "Startup Cost": 1003.8, "Total Cost": 2179.23, "Plan Rows": 340.0, "Plan Width": 8, "Actual Rows": 394, "Actual Loops": 2, "Inner Unique": true, "Merge Cond": "(v.userid = u.id)", "Workers": [], "Plans": [{"Node Type": "Index Scan", "Parent Relationship": "Outer", "Parallel Aware": true, "Async Capable": false, "Scan Direction": "Forward", "Index Name": "idx_votes_userid", "Relation Name": "votes", "Alias": "v", "Startup Cost": 0.42, "Total Cost": 10733.91, "Plan Rows": 98910, "Plan Width": 4, "Actual Rows": 7890, "Actual Loops": 2, "Filter": "(creationdate <= '2013-02-27 22:04:04'::timestamp without time zone)", "Rows Removed by Filter": 4335, "Workers": []}, {"Node Type": "Sort", "Parent Relationship": "Inner", "Parallel Aware": false, "Async Capable": false, "Startup Cost": 1003.38, "Total Cost": 1008.05, "Plan Rows": 1868, "Plan Width": 4, "Actual Rows": 1869, "Actual Loops": 2, "Sort Key": ["u.id"], "Sort Method": "quicksort", "Sort Space Used": 49, "Sort Space Type": "Memory", "Workers": [{"Worker Number": 0, "Sort Method": "quicksort", "Sort Space Used": 49, "Sort Space Type": "Memory"}], "Plans": [{"Node Type": "Seq Scan", "Parent Relationship": "Outer", "Parallel Aware": false, "Async Capable": false, "Relation Name": "users", "Alias": "u", "Startup Cost": 0.0, "Total Cost": 901.88, "Plan Rows": 1868, "Plan Width": 4, "Actual Rows": 1869, "Actual Loops": 2, "Filter": "((creationdate >= '2012-05-21 00:21:10'::timestamp without time zone) AND (creationdate <= '2012-08-28 10:13:09'::timestamp without time zone))", "Rows Removed by Filter": 38456, "Workers": []}]}]}]}]}]}]}]}, "Planning Time": 1.132, "Triggers": [], "Execution Time": 44.676}, {"Plan": {"Node Type": "Aggregate", "Strategy": "Plain", "Partial Mode": "Simple", "Parallel Aware": false, "Async Capable": false, "Startup Cost": 3560.55, "Total Cost": 3560.56, "Plan Rows": 1, "Plan Width": 8, "Actual Rows": 1, "Actual Loops": 1, "Plans": [{"Node Type": "Nested Loop", "Parent Relationship": "Outer", "Parallel Aware": false, "Async Capable": false, "Join Type": "Inner", "Startup Cost": 1004.09, "Total Cost": 2948.82, "Plan Rows": 1093.0, "Plan Width": 0, "Actual Rows": 23575, "Actual Loops": 1, "Inner Unique": false, "Join Filter": "(c.userid = u.id)", "Rows Removed by Join Filter": 0, "Plans": [{"Node Type": "Merge Join", "Parent Relationship": "Outer", "Parallel Aware": false, "Async Capable": false, "Join Type": "Inner", "Startup Cost": 1003.8, "Total Cost": 2379.5, "Plan Rows": 340.0, "Plan Width": 8, "Actual Rows": 789, "Actual Loops": 1, "Inner Unique": true, "Merge Cond": "(v.userid = u.id)", "Plans": [{"Node Type": "Index Scan", "Parent Relationship": "Outer", "Parallel Aware": false, "Async Capable": false, "Scan Direction": "Forward", "Index Name": "idx_votes_userid", "Relation Name": "votes", "Alias": "v", "Startup Cost": 0.42, "Total Cost": 12422.47, "Plan Rows": 168147, "Plan Width": 4, "Actual Rows": 15778, "Actual Loops": 1, "Filter": "(creationdate <= '2013-02-27 22:04:04'::timestamp without time zone)", "Rows Removed by Filter": 8670}, {"Node Type": "Sort", "Parent Relationship": "Inner", "Parallel Aware": false, "Async Capable": false, "Startup Cost": 1003.38, "Total Cost": 1008.05, "Plan Rows": 1868, "Plan Width": 4, "Actual Rows": 1869, "Actual Loops": 1, "Sort Key": ["u.id"], "Sort Method": "quicksort", "Sort Space Used": 49, "Sort Space Type": "Memory", "Plans": [{"Node Type": "Seq Scan", "Parent Relationship": "Outer", "Parallel Aware": false, "Async Capable": false, "Relation Name": "users", "Alias": "u", "Startup Cost": 0.0, "Total Cost": 901.88, "Plan Rows": 1868, "Plan Width": 4, "Actual Rows": 1869, "Actual Loops": 1, "Filter": "((creationdate >= '2012-05-21 00:21:10'::timestamp without time zone) AND (creationdate <= '2012-08-28 10:13:09'::timestamp without time zone))", "Rows Removed by Filter": 38456}]}]}, {"Node Type": "Index Only Scan", "Parent Relationship": "Inner", "Parallel Aware": false, "Async Capable": false, "Scan Direction": "Forward", "Index Name": "idx_comments_userid", "Relation Name": "comments", "Alias": "c", "Startup Cost": 0.29, "Total Cost": 0.53, "Plan Rows": 13, "Plan Width": 4, "Actual Rows": 30, "Actual Loops": 789, "Index Cond": "(userid = v.userid)", "Rows Removed by Index Recheck": 0, "Heap Fetches": 0}]}]}, "Planning Time": 0.883, "Triggers": [], "Execution Time": 13.632}, {"Plan": {"Node Type": "Aggregate", "Strategy": "Plain", "Partial Mode": "Simple", "Parallel Aware": false, "Async Capable": false, "Startup Cost": 5788.85, "Total Cost": 5788.86, "Plan Rows": 1, "Plan Width": 8, "Actual Rows": 1, "Actual Loops": 1, "Plans": [{"Node Type": "Merge Join", "Parent Relationship": "Outer", "Parallel Aware": false, "Async Capable": false, "Join Type": "Inner", "Startup Cost": 1.01, "Total Cost": 5177.12, "Plan Rows": 1093.0, "Plan Width": 0, "Actual Rows": 23575, "Actual Loops": 1, "Inner Unique": false, "Merge Cond": "(u.id = v.userid)", "Plans": [{"Node Type": "Nested Loop", "Parent Relationship": "Outer", "Parallel Aware": false, "Async Capable": false, "Join Type": "Inner", "Startup Cost": 0.58, "Total Cost": 3763.7, "Plan Rows": 60.0, "Plan Width": 8, "Actual Rows": 7484, "Actual Loops": 1, "Inner Unique": false, "Plans": [{"Node Type": "Index Scan", "Parent Relationship": "Outer", "Parallel Aware": false, "Async Capable": false, "Scan Direction": "Forward", "Index Name": "users_pkey", "Relation Name": "users", "Alias": "u", "Startup Cost": 0.29, "Total Cost": 1558.79, "Plan Rows": 1868, "Plan Width": 4, "Actual Rows": 1869, "Actual Loops": 1, "Filter": "((creationdate >= '2012-05-21 00:21:10'::timestamp without time zone) AND (creationdate <= '2012-08-28 10:13:09'::timestamp without time zone))", "Rows Removed by Filter": 38456}, {"Node Type": "Index Only Scan", "Parent Relationship": "Inner", "Parallel Aware": false, "Async Capable": false, "Scan Direction": "Forward", "Index Name": "idx_comments_userid", "Relation Name": "comments", "Alias": "c", "Startup Cost": 0.29, "Total Cost": 1.05, "Plan Rows": 13, "Plan Width": 4, "Actual Rows": 4, "Actual Loops": 1869, "Index Cond": "(userid = u.id)", "Rows Removed by Index Recheck": 0, "Heap Fetches": 0}]}, {"Node Type": "Index Scan", "Parent Relationship": "Inner", "Parallel Aware": false, "Async Capable": false, "Scan Direction": "Forward", "Index Name": "idx_votes_userid", "Relation Name": "votes", "Alias": "v", "Startup Cost": 0.42, "Total Cost": 12422.47, "Plan Rows": 168147, "Plan Width": 4, "Actual Rows": 38794, "Actual Loops": 1, "Filter": "(creationdate <= '2013-02-27 22:04:04'::timestamp without time zone)", "Rows Removed by Filter": 61479}]}]}, "Planning Time": 0.859, "Triggers": [], "Execution Time": 30.694}, {"Plan": {"Node Type": "Aggregate", "Strategy": "Plain", "Partial Mode": "Finalize", "Parallel Aware": false, "Async Capable": false, "Startup Cost": 27936.83, "Total Cost": 27936.84, "Plan Rows": 1, "Plan Width": 8, "Actual Rows": 1, "Actual Loops": 1, "Plans": [{"Node Type": "Gather", "Parent Relationship": "Outer", "Parallel Aware": false, "Async Capable": false, "Startup Cost": 27936.72, "Total Cost": 27936.83, "Plan Rows": 1, "Plan Width": 8, "Actual Rows": 2, "Actual Loops": 1, "Workers Planned": 1, "Workers Launched": 1, "Single Copy": false, "Plans": [{"Node Type": "Aggregate", "Strategy": "Plain", "Partial Mode": "Partial", "Parent Relationship": "Outer", "Parallel Aware": false, "Async Capable": false, "Startup Cost": 26936.72, "Total Cost": 26936.73, "Plan Rows": 1, "Plan Width": 8, "Actual Rows": 1, "Actual Loops": 2, "Workers": [], "Plans": [{"Node Type": "Hash Join", "Parent Relationship": "Outer", "Parallel Aware": false, "Async Capable": false, "Join Type": "Inner", "Startup Cost": 925.66, "Total Cost": 26576.88, "Plan Rows": 1093.0, "Plan Width": 0, "Actual Rows": 11788, "Actual Loops": 2, "Inner Unique": true, "Hash Cond": "(c.userid = u.id)", "Workers": [], "Plans": [{"Node Type": "Nested Loop", "Parent Relationship": "Outer", "Parallel Aware": false, "Async Capable": false, "Join Type": "Inner", "Startup Cost": 0.43, "Total Cost": 17357.23, "Plan Rows": 43826.0, "Plan Width": 8, "Actual Rows": 2469108, "Actual Loops": 2, "Inner Unique": false, "Workers": [], "Plans": [{"Node Type": "Seq Scan", "Parent Relationship": "Outer", "Parallel Aware": true, "Async Capable": false, "Relation Name": "comments", "Alias": "c", "Startup Cost": 0.0, "Total Cost": 2369.32, "Plan Rows": 102532, "Plan Width": 4, "Actual Rows": 87152, "Actual Loops": 2, "Workers": []}, {"Node Type": "Memoize", "Parent Relationship": "Inner", "Parallel Aware": false, "Async Capable": false, "Startup Cost": 0.43, "Total Cost": 0.67, "Plan Rows": 4, "Plan Width": 4, "Actual Rows": 28, "Actual Loops": 174305, "Cache Key": "c.userid", "Cache Mode": "logical", "Cache Hits": 78858, "Cache Misses": 9620, "Cache Evictions": 0, "Cache Overflows": 0, "Peak Memory Usage": 1098, "Workers": [{"Worker Number": 0, "Cache Hits": 76379, "Cache Misses": 9448, "Cache Evictions": 0, "Cache Overflows": 0, "Peak Memory Usage": 1080}], "Plans": [{"Node Type": "Index Scan", "Parent Relationship": "Outer", "Parallel Aware": false, "Async Capable": false, "Scan Direction": "Forward", "Index Name": "idx_votes_userid", "Relation Name": "votes", "Alias": "v", "Startup Cost": 0.42, "Total Cost": 0.66, "Plan Rows": 4, "Plan Width": 4, "Actual Rows": 1, "Actual Loops": 19068, "Index Cond": "(userid = c.userid)", "Rows Removed by Index Recheck": 0, "Filter": "(creationdate <= '2013-02-27 22:04:04'::timestamp without time zone)", "Rows Removed by Filter": 1, "Workers": []}]}]}, {"Node Type": "Hash", "Parent Relationship": "Inner", "Parallel Aware": false, "Async Capable": false, "Startup Cost": 901.88, "Total Cost": 901.88, "Plan Rows": 1868, "Plan Width": 4, "Actual Rows": 1869, "Actual Loops": 2, "Hash Buckets": 2048, "Original Hash Buckets": 2048, "Hash Batches": 1, "Original Hash Batches": 1, "Peak Memory Usage": 82, "Workers": [], "Plans": [{"Node Type": "Seq Scan", "Parent Relationship": "Outer", "Parallel Aware": false, "Async Capable": false, "Relation Name": "users", "Alias": "u", "Startup Cost": 0.0, "Total Cost": 901.88, "Plan Rows": 1868, "Plan Width": 4, "Actual Rows": 1869, "Actual Loops": 2, "Filter": "((creationdate >= '2012-05-21 00:21:10'::timestamp without time zone) AND (creationdate <= '2012-08-28 10:13:09'::timestamp without time zone))", "Rows Removed by Filter": 38456, "Workers": []}]}]}]}]}]}, "Planning Time": 2.787, "Triggers": [], "Execution Time": 291.024}]