[{"Plan": {"Node Type": "Aggregate", "Strategy": "Plain", "Partial Mode": "Simple", "Parallel Aware": false, "Async Capable": false, "Startup Cost": 2685.44, "Total Cost": 2685.45, "Plan Rows": 1, "Plan Width": 8, "Actual Rows": 1, "Actual Loops": 1, "Plans": [{"Node Type": "Merge Join", "Parent Relationship": "Outer", "Parallel Aware": false, "Async Capable": false, "Join Type": "Inner", "Startup Cost": 2.69, "Total Cost": 2632.06, "Plan Rows": 7075.0, "Plan Width": 0, "Actual Rows": 252336, "Actual Loops": 1, "Inner Unique": true, "Merge Cond": "(v.userid = u.id)", "Plans": [{"Node Type": "Merge Join", "Parent Relationship": "Outer", "Parallel Aware": false, "Async Capable": false, "Join Type": "Inner", "Startup Cost": 2.4, "Total Cost": 7657.57, "Plan Rows": 14425.0, "Plan Width": 12, "Actual Rows": 2702022, "Actual Loops": 1, "Inner Unique": false, "Merge Cond": "(b.userid = v.userid)", "Plans": [{"Node Type": "Index Scan", "Parent Relationship": "Outer", "Parallel Aware": false, "Async Capable": false, "Scan Direction": "Forward", "Index Name": "idx_badges_userid", "Relation Name": "badges", "Alias": "b", "Startup Cost": 0.29, "Total Cost": 3264.6, "Plan Rows": 9397, "Plan Width": 4, "Actual Rows": 9407, "Actual Loops": 1, "Filter": "((date >= '2011-12-19 05:33:14'::timestamp without time zone) AND (date <= '2012-08-04 09:31:57'::timestamp without time zone))", "Rows Removed by Filter": 70444}, {"Node Type": "Materialize", "Parent Relationship": "Inner", "Parallel Aware": false, "Async Capable": false, "Startup Cost": 0.71, "Total Cost": 17230.8, "Plan Rows": 4025.0, "Plan Width": 8, "Actual Rows": 2708252, "Actual Loops": 1, "Plans": [{"Node Type": "Merge Join", "Parent Relationship": "Outer", "Parallel Aware": false, "Async Capable": false, "Join Type": "Inner", "Startup Cost": 0.71, "Total Cost": 15501.46, "Plan Rows": 4025.0, "Plan Width": 8, "Actual Rows": 210949, "Actual Loops": 1, "Inner Unique": false, "Merge Cond": "(p.owneruserid = v.userid)", "Plans": [{"Node Type": "Index Scan", "Parent Relationship": "Outer", "Parallel Aware": false, "Async Capable": false, "Scan Direction": "Forward", "Index Name": "idx_posts_owneruserid", "Relation Name": "posts", "Alias": "p", "Startup Cost": 0.29, "Total Cost": 4553.55, "Plan Rows": 42898, "Plan Width": 4, "Actual Rows": 16476, "Actual Loops": 1, "Filter": "((score <= 78) AND (answercount <= 110))", "Rows Removed by Filter": 33149}, {"Node Type": "Materialize", "Parent Relationship": "Inner", "Parallel Aware": false, "Async Capable": false, "Startup Cost": 0.42, "Total Cost": 12897.44, "Plan Rows": 189988, "Plan Width": 4, "Actual Rows": 213889, "Actual Loops": 1, "Plans": [{"Node Type": "Index Scan", "Parent Relationship": "Outer", "Parallel Aware": false, "Async Capable": false, "Scan Direction": "Forward", "Index Name": "idx_votes_userid", "Relation Name": "votes", "Alias": "v", "Startup Cost": 0.42, "Total Cost": 12422.47, "Plan Rows": 189988, "Plan Width": 4, "Actual Rows": 15604, "Actual Loops": 1, "Filter": "(creationdate <= '2013-06-04 09:27:12'::timestamp without time zone)", "Rows Removed by Filter": 5005}]}]}]}]}, {"Node Type": "Index Scan", "Parent Relationship": "Inner", "Parallel Aware": false, "Async Capable": false, "Scan Direction": "Forward", "Index Name": "users_pkey", "Relation Name": "users", "Alias": "u", "Startup Cost": 0.29, "Total Cost": 1457.98, "Plan Rows": 34446, "Plan Width": 4, "Actual Rows": 4268, "Actual Loops": 1, "Filter": "(creationdate >= '2011-12-15 13:31:45'::timestamp without time zone)", "Rows Removed by Filter": 5871}]}]}, "Planning Time": 2.869, "Triggers": [], "Execution Time": 399.845}, {"Plan": {"Node Type": "Aggregate", "Strategy": "Plain", "Partial Mode": "Simple", "Parallel Aware": false, "Async Capable": false, "Startup Cost": 9123.74, "Total Cost": 9123.75, "Plan Rows": 1, "Plan Width": 8, "Actual Rows": 1, "Actual Loops": 1, "Plans": [{"Node Type": "Merge Join", "Parent Relationship": "Outer", "Parallel Aware": false, "Async Capable": false, "Join Type": "Inner", "Startup Cost": 8547.01, "Total Cost": 9070.36, "Plan Rows": 7075.0, "Plan Width": 0, "Actual Rows": 252336, "Actual Loops": 1, "Inner Unique": false, "Merge Cond": "(u.id = v.userid)", "Plans": [{"Node Type": "Sort", "Parent Relationship": "Outer", "Parallel Aware": false, "Async Capable": false, "Startup Cost": 6295.7, "Total Cost": 6385.92, "Plan Rows": 51.0, "Plan Width": 8, "Actual Rows": 5911, "Actual Loops": 1, "Sort Key": ["p.owneruserid"], "Sort Method": "quicksort", "Sort Space Used": 1756, "Sort Space Type": "Memory", "Plans": [{"Node Type": "Hash Join", "Parent Relationship": "Outer", "Parallel Aware": false, "Async Capable": false, "Join Type": "Inner", "Startup Cost": 1231.64, "Total Cost": 3563.9, "Plan Rows": 51.0, "Plan Width": 8, "Actual Rows": 31606, "Actual Loops": 1, "Inner Unique": true, "Hash Cond": "(p.owneruserid = u.id)", "Plans": [{"Node Type": "Seq Scan", "Parent Relationship": "Outer", "Parallel Aware": false, "Async Capable": false, "Relation Name": "posts", "Alias": "p", "Startup Cost": 0.0, "Total Cost": 2219.64, "Plan Rows": 42898, "Plan Width": 4, "Actual Rows": 42902, "Actual Loops": 1, "Filter": "((score <= 78) AND (answercount <= 110))", "Rows Removed by Filter": 49074}, {"Node Type": "Hash", "Parent Relationship": "Inner", "Parallel Aware": false, "Async Capable": false, "Startup Cost": 801.06, "Total Cost": 801.06, "Plan Rows": 34446, "Plan Width": 4, "Actual Rows": 34446, "Actual Loops": 1, "Hash Buckets": 65536, "Original Hash Buckets": 65536, "Hash Batches": 1, "Original Hash Batches": 1, "Peak Memory Usage": 1723, "Plans": [{"Node Type": "Seq Scan", "Parent Relationship": "Outer", "Parallel Aware": false, "Async Capable": false, "Relation Name": "users", "Alias": "u", "Startup Cost": 0.0, "Total Cost": 801.06, "Plan Rows": 34446, "Plan Width": 4, "Actual Rows": 34446, "Actual Loops": 1, "Filter": "(creationdate >= '2011-12-15 13:31:45'::timestamp without time zone)", "Rows Removed by Filter": 5879}]}]}]}, {"Node Type": "Materialize", "Parent Relationship": "Inner", "Parallel Aware": false, "Async Capable": false, "Startup Cost": 2251.31, "Total Cost": 4750.32, "Plan Rows": 46656.0, "Plan Width": 8, "Actual Rows": 350420, "Actual Loops": 1, "Plans": [{"Node Type": "Merge Join", "Parent Relationship": "Outer", "Parallel Aware": false, "Async Capable": false, "Join Type": "Inner", "Startup Cost": 2251.31, "Total Cost": 4588.02, "Plan Rows": 46656.0, "Plan Width": 8, "Actual Rows": 115481, "Actual Loops": 1, "Inner Unique": false, "Merge Cond": "(v.userid = b.userid)", "Plans": [{"Node Type": "Index Scan", "Parent Relationship": "Outer", "Parallel Aware": false, "Async Capable": false, "Scan Direction": "Forward", "Index Name": "idx_votes_userid", "Relation Name": "votes", "Alias": "v", "Startup Cost": 0.42, "Total Cost": 12422.47, "Plan Rows": 189988, "Plan Width": 4, "Actual Rows": 15602, "Actual Loops": 1, "Filter": "(creationdate <= '2013-06-04 09:27:12'::timestamp without time zone)", "Rows Removed by Filter": 5005}, {"Node Type": "Sort", "Parent Relationship": "Inner", "Parallel Aware": false, "Async Capable": false, "Startup Cost": 2249.87, "Total Cost": 2273.36, "Plan Rows": 9397, "Plan Width": 4, "Actual Rows": 120712, "Actual Loops": 1, "Sort Key": ["b.userid"], "Sort Method": "quicksort", "Sort Space Used": 385, "Sort Space Type": "Memory", "Plans": [{"Node Type": "Seq Scan", "Parent Relationship": "Outer", "Parallel Aware": false, "Async Capable": false, "Relation Name": "badges", "Alias": "b", "Startup Cost": 0.0, "Total Cost": 1629.76, "Plan Rows": 9397, "Plan Width": 4, "Actual Rows": 9407, "Actual Loops": 1, "Filter": "((date >= '2011-12-19 05:33:14'::timestamp without time zone) AND (date <= '2012-08-04 09:31:57'::timestamp without time zone))", "Rows Removed by Filter": 70444}]}]}]}]}]}, "Planning Time": 2.861, "Triggers": [], "Execution Time": 140.485}, {"Plan": {"Node Type": "Aggregate", "Strategy": "Plain", "Partial Mode": "Simple", "Parallel Aware": false, "Async Capable": false, "Startup Cost": 4592.3, "Total Cost": 4592.31, "Plan Rows": 1, "Plan Width": 8, "Actual Rows": 1, "Actual Loops": 1, "Plans": [{"Node Type": "Merge Join", "Parent Relationship": "Outer", "Parallel Aware": false, "Async Capable": false, "Join Type": "Inner", "Startup Cost": 2252.27, "Total Cost": 4538.92, "Plan Rows": 7075.0, "Plan Width": 0, "Actual Rows": 252336, "Actual Loops": 1, "Inner Unique": true, "Merge Cond": "(v.userid = u.id)", "Plans": [{"Node Type": "Merge Join", "Parent Relationship": "Outer", "Parallel Aware": false, "Async Capable": false, "Join Type": "Inner", "Startup Cost": 2251.98, "Total Cost": 6666.33, "Plan Rows": 14425.0, "Plan Width": 12, "Actual Rows": 2702022, "Actual Loops": 1, "Inner Unique": false, "Merge Cond": "(b.userid = v.userid)", "Plans": [{"Node Type": "Sort", "Parent Relationship": "Outer", "Parallel Aware": false, "Async Capable": false, "Startup Cost": 2249.87, "Total Cost": 2273.36, "Plan Rows": 9397, "Plan Width": 4, "Actual Rows": 9407, "Actual Loops": 1, "Sort Key": ["b.userid"], "Sort Method": "quicksort", "Sort Space Used": 385, "Sort Space Type": "Memory", "Plans": [{"Node Type": "Seq Scan", "Parent Relationship": "Outer", "Parallel Aware": false, "Async Capable": false, "Relation Name": "badges", "Alias": "b", "Startup Cost": 0.0, "Total Cost": 1629.76, "Plan Rows": 9397, "Plan Width": 4, "Actual Rows": 9407, "Actual Loops": 1, "Filter": "((date >= '2011-12-19 05:33:14'::timestamp without time zone) AND (date <= '2012-08-04 09:31:57'::timestamp without time zone))", "Rows Removed by Filter": 70444}]}, {"Node Type": "Materialize", "Parent Relationship": "Inner", "Parallel Aware": false, "Async Capable": false, "Startup Cost": 0.71, "Total Cost": 17230.8, "Plan Rows": 4025.0, "Plan Width": 8, "Actual Rows": 2708252, "Actual Loops": 1, "Plans": [{"Node Type": "Merge Join", "Parent Relationship": "Outer", "Parallel Aware": false, "Async Capable": false, "Join Type": "Inner", "Startup Cost": 0.71, "Total Cost": 15501.46, "Plan Rows": 4025.0, "Plan Width": 8, "Actual Rows": 210949, "Actual Loops": 1, "Inner Unique": false, "Merge Cond": "(p.owneruserid = v.userid)", "Plans": [{"Node Type": "Index Scan", "Parent Relationship": "Outer", "Parallel Aware": false, "Async Capable": false, "Scan Direction": "Forward", "Index Name": "idx_posts_owneruserid", "Relation Name": "posts", "Alias": "p", "Startup Cost": 0.29, "Total Cost": 4553.55, "Plan Rows": 42898, "Plan Width": 4, "Actual Rows": 16476, "Actual Loops": 1, "Filter": "((score <= 78) AND (answercount <= 110))", "Rows Removed by Filter": 33149}, {"Node Type": "Materialize", "Parent Relationship": "Inner", "Parallel Aware": false, "Async Capable": false, "Startup Cost": 0.42, "Total Cost": 12897.44, "Plan Rows": 189988, "Plan Width": 4, "Actual Rows": 213889, "Actual Loops": 1, "Plans": [{"Node Type": "Index Scan", "Parent Relationship": "Outer", "Parallel Aware": false, "Async Capable": false, "Scan Direction": "Forward", "Index Name": "idx_votes_userid", "Relation Name": "votes", "Alias": "v", "Startup Cost": 0.42, "Total Cost": 12422.47, "Plan Rows": 189988, "Plan Width": 4, "Actual Rows": 15604, "Actual Loops": 1, "Filter": "(creationdate <= '2013-06-04 09:27:12'::timestamp without time zone)", "Rows Removed by Filter": 5005}]}]}]}]}, {"Node Type": "Index Scan", "Parent Relationship": "Inner", "Parallel Aware": false, "Async Capable": false, "Scan Direction": "Forward", "Index Name": "users_pkey", "Relation Name": "users", "Alias": "u", "Startup Cost": 0.29, "Total Cost": 1457.98, "Plan Rows": 34446, "Plan Width": 4, "Actual Rows": 4268, "Actual Loops": 1, "Filter": "(creationdate >= '2011-12-15 13:31:45'::timestamp without time zone)", "Rows Removed by Filter": 5871}]}]}, "Planning Time": 2.745, "Triggers": [], "Execution Time": 364.323}, {"Plan": {"Node Type": "Aggregate", "Strategy": "Plain", "Partial Mode": "Simple", "Parallel Aware": false, "Async Capable": false, "Startup Cost": 6145.97, "Total Cost": 6145.98, "Plan Rows": 1, "Plan Width": 8, "Actual Rows": 1, "Actual Loops": 1, "Plans": [{"Node Type": "Merge Join", "Parent Relationship": "Outer", "Parallel Aware": false, "Async Capable": false, "Join Type": "Inner", "Startup Cost": 2250.97, "Total Cost": 6092.59, "Plan Rows": 7075.0, "Plan Width": 0, "Actual Rows": 252336, "Actual Loops": 1, "Inner Unique": false, "Merge Cond": "(u.id = v.userid)", "Plans": [{"Node Type": "Merge Join", "Parent Relationship": "Outer", "Parallel Aware": false, "Async Capable": false, "Join Type": "Inner", "Startup Cost": 2250.25, "Total Cost": 3921.17, "Plan Rows": 1408.0, "Plan Width": 8, "Actual Rows": 5715, "Actual Loops": 1, "Inner Unique": false, "Merge Cond": "(u.id = b.userid)", "Plans": [{"Node Type": "Index Scan", "Parent Relationship": "Outer", "Parallel Aware": false, "Async Capable": false, "Scan Direction": "Forward", "Index Name": "users_pkey", "Relation Name": "users", "Alias": "u", "Startup Cost": 0.29, "Total Cost": 1457.98, "Plan Rows": 34446, "Plan Width": 4, "Actual Rows": 4290, "Actual Loops": 1, "Filter": "(creationdate >= '2011-12-15 13:31:45'::timestamp without time zone)", "Rows Removed by Filter": 5871}, {"Node Type": "Sort", "Parent Relationship": "Inner", "Parallel Aware": false, "Async Capable": false, "Startup Cost": 2249.87, "Total Cost": 2273.36, "Plan Rows": 9397, "Plan Width": 4, "Actual Rows": 9407, "Actual Loops": 1, "Sort Key": ["b.userid"], "Sort Method": "quicksort", "Sort Space Used": 385, "Sort Space Type": "Memory", "Plans": [{"Node Type": "Seq Scan", "Parent Relationship": "Outer", "Parallel Aware": false, "Async Capable": false, "Relation Name": "badges", "Alias": "b", "Startup Cost": 0.0, "Total Cost": 1629.76, "Plan Rows": 9397, "Plan Width": 4, "Actual Rows": 9407, "Actual Loops": 1, "Filter": "((date >= '2011-12-19 05:33:14'::timestamp without time zone) AND (date <= '2012-08-04 09:31:57'::timestamp without time zone))", "Rows Removed by Filter": 70444}]}]}, {"Node Type": "Materialize", "Parent Relationship": "Inner", "Parallel Aware": false, "Async Capable": false, "Startup Cost": 0.71, "Total Cost": 17230.8, "Plan Rows": 4025.0, "Plan Width": 8, "Actual Rows": 436106, "Actual Loops": 1, "Plans": [{"Node Type": "Merge Join", "Parent Relationship": "Outer", "Parallel Aware": false, "Async Capable": false, "Join Type": "Inner", "Startup Cost": 0.71, "Total Cost": 15501.46, "Plan Rows": 4025.0, "Plan Width": 8, "Actual Rows": 210949, "Actual Loops": 1, "Inner Unique": false, "Merge Cond": "(p.owneruserid = v.userid)", "Plans": [{"Node Type": "Index Scan", "Parent Relationship": "Outer", "Parallel Aware": false, "Async Capable": false, "Scan Direction": "Forward", "Index Name": "idx_posts_owneruserid", "Relation Name": "posts", "Alias": "p", "Startup Cost": 0.29, "Total Cost": 4553.55, "Plan Rows": 42898, "Plan Width": 4, "Actual Rows": 16476, "Actual Loops": 1, "Filter": "((score <= 78) AND (answercount <= 110))", "Rows Removed by Filter": 33149}, {"Node Type": "Materialize", "Parent Relationship": "Inner", "Parallel Aware": false, "Async Capable": false, "Startup Cost": 0.42, "Total Cost": 12897.44, "Plan Rows": 189988, "Plan Width": 4, "Actual Rows": 213889, "Actual Loops": 1, "Plans": [{"Node Type": "Index Scan", "Parent Relationship": "Outer", "Parallel Aware": false, "Async Capable": false, "Scan Direction": "Forward", "Index Name": "idx_votes_userid", "Relation Name": "votes", "Alias": "v", "Startup Cost": 0.42, "Total Cost": 12422.47, "Plan Rows": 189988, "Plan Width": 4, "Actual Rows": 15604, "Actual Loops": 1, "Filter": "(creationdate <= '2013-06-04 09:27:12'::timestamp without time zone)", "Rows Removed by Filter": 5005}]}]}]}]}]}, "Planning Time": 2.623, "Triggers": [], "Execution Time": 131.998}, {"Plan": {"Node Type": "Aggregate", "Strategy": "Plain", "Partial Mode": "Simple", "Parallel Aware": false, "Async Capable": false, "Startup Cost": 6035.62, "Total Cost": 6035.63, "Plan Rows": 1, "Plan Width": 8, "Actual Rows": 1, "Actual Loops": 1, "Plans": [{"Node Type": "Nested Loop", "Parent Relationship": "Outer", "Parallel Aware": false, "Async Capable": false, "Join Type": "Inner", "Startup Cost": 2251.91, "Total Cost": 5982.24, "Plan Rows": 7075.0, "Plan Width": 0, "Actual Rows": 252336, "Actual Loops": 1, "Inner Unique": false, "Join Filter": "(p.owneruserid = u.id)", "Rows Removed by Join Filter": 0, "Plans": [{"Node Type": "Merge Join", "Parent Relationship": "Outer", "Parallel Aware": false, "Async Capable": false, "Join Type": "Inner", "Startup Cost": 2251.6, "Total Cost": 4118.35, "Plan Rows": 19112.0, "Plan Width": 12, "Actual Rows": 20082, "Actual Loops": 1, "Inner Unique": true, "Merge Cond": "(v.userid = u.id)", "Plans": [{"Node Type": "Merge Join", "Parent Relationship": "Outer", "Parallel Aware": false, "Async Capable": false, "Join Type": "Inner", "Startup Cost": 2251.31, "Total Cost": 4588.02, "Plan Rows": 46656.0, "Plan Width": 8, "Actual Rows": 115481, "Actual Loops": 1, "Inner Unique": false, "Merge Cond": "(v.userid = b.userid)", "Plans": [{"Node Type": "Index Scan", "Parent Relationship": "Outer", "Parallel Aware": false, "Async Capable": false, "Scan Direction": "Forward", "Index Name": "idx_votes_userid", "Relation Name": "votes", "Alias": "v", "Startup Cost": 0.42, "Total Cost": 12422.47, "Plan Rows": 189988, "Plan Width": 4, "Actual Rows": 15602, "Actual Loops": 1, "Filter": "(creationdate <= '2013-06-04 09:27:12'::timestamp without time zone)", "Rows Removed by Filter": 5005}, {"Node Type": "Sort", "Parent Relationship": "Inner", "Parallel Aware": false, "Async Capable": false, "Startup Cost": 2249.87, "Total Cost": 2273.36, "Plan Rows": 9397, "Plan Width": 4, "Actual Rows": 120712, "Actual Loops": 1, "Sort Key": ["b.userid"], "Sort Method": "quicksort", "Sort Space Used": 385, "Sort Space Type": "Memory", "Plans": [{"Node Type": "Seq Scan", "Parent Relationship": "Outer", "Parallel Aware": false, "Async Capable": false, "Relation Name": "badges", "Alias": "b", "Startup Cost": 0.0, "Total Cost": 1629.76, "Plan Rows": 9397, "Plan Width": 4, "Actual Rows": 9407, "Actual Loops": 1, "Filter": "((date >= '2011-12-19 05:33:14'::timestamp without time zone) AND (date <= '2012-08-04 09:31:57'::timestamp without time zone))", "Rows Removed by Filter": 70444}]}]}, {"Node Type": "Index Scan", "Parent Relationship": "Inner", "Parallel Aware": false, "Async Capable": false, "Scan Direction": "Forward", "Index Name": "users_pkey", "Relation Name": "users", "Alias": "u", "Startup Cost": 0.29, "Total Cost": 1457.98, "Plan Rows": 34446, "Plan Width": 4, "Actual Rows": 4268, "Actual Loops": 1, "Filter": "(creationdate >= '2011-12-15 13:31:45'::timestamp without time zone)", "Rows Removed by Filter": 5871}]}, {"Node Type": "Memoize", "Parent Relationship": "Inner", "Parallel Aware": false, "Async Capable": false, "Startup Cost": 0.3, "Total Cost": 0.41, "Plan Rows": 2, "Plan Width": 4, "Actual Rows": 13, "Actual Loops": 20082, "Cache Key": "v.userid", "Cache Mode": "logical", "Cache Hits": 19669, "Cache Misses": 413, "Cache Evictions": 0, "Cache Overflows": 0, "Peak Memory Usage": 104, "Plans": [{"Node Type": "Index Scan", "Parent Relationship": "Outer", "Parallel Aware": false, "Async Capable": false, "Scan Direction": "Forward", "Index Name": "idx_posts_owneruserid", "Relation Name": "posts", "Alias": "p", "Startup Cost": 0.29, "Total Cost": 0.4, "Plan Rows": 2, "Plan Width": 4, "Actual Rows": 5, "Actual Loops": 413, "Index Cond": "(owneruserid = v.userid)", "Rows Removed by Index Recheck": 0, "Filter": "((score <= 78) AND (answercount <= 110))", "Rows Removed by Filter": 9}]}]}]}, "Planning Time": 2.441, "Triggers": [], "Execution Time": 61.542}, {"Plan": {"Node Type": "Aggregate", "Strategy": "Plain", "Partial Mode": "Simple", "Parallel Aware": false, "Async Capable": false, "Startup Cost": 10697.57, "Total Cost": 10697.58, "Plan Rows": 1, "Plan Width": 8, "Actual Rows": 1, "Actual Loops": 1, "Plans": [{"Node Type": "Merge Join", "Parent Relationship": "Outer", "Parallel Aware": false, "Async Capable": false, "Join Type": "Inner", "Startup Cost": 2250.97, "Total Cost": 10644.18, "Plan Rows": 7075.0, "Plan Width": 0, "Actual Rows": 252336, "Actual Loops": 1, "Inner Unique": false, "Merge Cond": "(u.id = v.userid)", "Plans": [{"Node Type": "Nested Loop", "Parent Relationship": "Outer", "Parallel Aware": false, "Async Capable": false, "Join Type": "Inner", "Startup Cost": 2250.54, "Total Cost": 8056.2, "Plan Rows": 550.0, "Plan Width": 12, "Actual Rows": 22246, "Actual Loops": 1, "Inner Unique": false, "Plans": [{"Node Type": "Merge Join", "Parent Relationship": "Outer", "Parallel Aware": false, "Async Capable": false, "Join Type": "Inner", "Startup Cost": 2250.25, "Total Cost": 3921.17, "Plan Rows": 1408.0, "Plan Width": 8, "Actual Rows": 5715, "Actual Loops": 1, "Inner Unique": false, "Merge Cond": "(u.id = b.userid)", "Plans": [{"Node Type": "Index Scan", "Parent Relationship": "Outer", "Parallel Aware": false, "Async Capable": false, "Scan Direction": "Forward", "Index Name": "users_pkey", "Relation Name": "users", "Alias": "u", "Startup Cost": 0.29, "Total Cost": 1457.98, "Plan Rows": 34446, "Plan Width": 4, "Actual Rows": 4290, "Actual Loops": 1, "Filter": "(creationdate >= '2011-12-15 13:31:45'::timestamp without time zone)", "Rows Removed by Filter": 5871}, {"Node Type": "Sort", "Parent Relationship": "Inner", "Parallel Aware": false, "Async Capable": false, "Startup Cost": 2249.87, "Total Cost": 2273.36, "Plan Rows": 9397, "Plan Width": 4, "Actual Rows": 9407, "Actual Loops": 1, "Sort Key": ["b.userid"], "Sort Method": "quicksort", "Sort Space Used": 385, "Sort Space Type": "Memory", "Plans": [{"Node Type": "Seq Scan", "Parent Relationship": "Outer", "Parallel Aware": false, "Async Capable": false, "Relation Name": "badges", "Alias": "b", "Startup Cost": 0.0, "Total Cost": 1629.76, "Plan Rows": 9397, "Plan Width": 4, "Actual Rows": 9407, "Actual Loops": 1, "Filter": "((date >= '2011-12-19 05:33:14'::timestamp without time zone) AND (date <= '2012-08-04 09:31:57'::timestamp without time zone))", "Rows Removed by Filter": 70444}]}]}, {"Node Type": "Index Scan", "Parent Relationship": "Inner", "Parallel Aware": false, "Async Capable": false, "Scan Direction": "Forward", "Index Name": "idx_posts_owneruserid", "Relation Name": "posts", "Alias": "p", "Startup Cost": 0.29, "Total Cost": 0.5, "Plan Rows": 2, "Plan Width": 4, "Actual Rows": 4, "Actual Loops": 5715, "Index Cond": "(owneruserid = u.id)", "Rows Removed by Index Recheck": 0, "Filter": "((score <= 78) AND (answercount <= 110))", "Rows Removed by Filter": 11}]}, {"Node Type": "Index Scan", "Parent Relationship": "Inner", "Parallel Aware": false, "Async Capable": false, "Scan Direction": "Forward", "Index Name": "idx_votes_userid", "Relation Name": "votes", "Alias": "v", "Startup Cost": 0.42, "Total Cost": 12422.47, "Plan Rows": 189988, "Plan Width": 4, "Actual Rows": 265743, "Actual Loops": 1, "Filter": "(creationdate <= '2013-06-04 09:27:12'::timestamp without time zone)", "Rows Removed by Filter": 121793}]}]}, "Planning Time": 2.364, "Triggers": [], "Execution Time": 136.175}, {"Plan": {"Node Type": "Aggregate", "Strategy": "Plain", "Partial Mode": "Simple", "Parallel Aware": false, "Async Capable": false, "Startup Cost": 11106.4, "Total Cost": 11106.41, "Plan Rows": 1, "Plan Width": 8, "Actual Rows": 1, "Actual Loops": 1, "Plans": [{"Node Type": "Merge Join", "Parent Relationship": "Outer", "Parallel Aware": false, "Async Capable": false, "Join Type": "Inner", "Startup Cost": 2250.97, "Total Cost": 11053.02, "Plan Rows": 7075.0, "Plan Width": 0, "Actual Rows": 252336, "Actual Loops": 1, "Inner Unique": false, "Merge Cond": "(v.userid = u.id)", "Plans": [{"Node Type": "Index Scan", "Parent Relationship": "Outer", "Parallel Aware": false, "Async Capable": false, "Scan Direction": "Forward", "Index Name": "idx_votes_userid", "Relation Name": "votes", "Alias": "v", "Startup Cost": 0.42, "Total Cost": 12422.47, "Plan Rows": 189988, "Plan Width": 4, "Actual Rows": 15602, "Actual Loops": 1, "Filter": "(creationdate <= '2013-06-04 09:27:12'::timestamp without time zone)", "Rows Removed by Filter": 5005}, {"Node Type": "Materialize", "Parent Relationship": "Inner", "Parallel Aware": false, "Async Capable": false, "Startup Cost": 2250.54, "Total Cost": 8465.04, "Plan Rows": 550.0, "Plan Width": 12, "Actual Rows": 261057, "Actual Loops": 1, "Plans": [{"Node Type": "Nested Loop", "Parent Relationship": "Outer", "Parallel Aware": false, "Async Capable": false, "Join Type": "Inner", "Startup Cost": 2250.54, "Total Cost": 8056.2, "Plan Rows": 550.0, "Plan Width": 12, "Actual Rows": 22246, "Actual Loops": 1, "Inner Unique": false, "Plans": [{"Node Type": "Merge Join", "Parent Relationship": "Outer", "Parallel Aware": false, "Async Capable": false, "Join Type": "Inner", "Startup Cost": 2250.25, "Total Cost": 3921.17, "Plan Rows": 1408.0, "Plan Width": 8, "Actual Rows": 5715, "Actual Loops": 1, "Inner Unique": false, "Merge Cond": "(u.id = b.userid)", "Plans": [{"Node Type": "Index Scan", "Parent Relationship": "Outer", "Parallel Aware": false, "Async Capable": false, "Scan Direction": "Forward", "Index Name": "users_pkey", "Relation Name": "users", "Alias": "u", "Startup Cost": 0.29, "Total Cost": 1457.98, "Plan Rows": 34446, "Plan Width": 4, "Actual Rows": 4290, "Actual Loops": 1, "Filter": "(creationdate >= '2011-12-15 13:31:45'::timestamp without time zone)", "Rows Removed by Filter": 5871}, {"Node Type": "Sort", "Parent Relationship": "Inner", "Parallel Aware": false, "Async Capable": false, "Startup Cost": 2249.87, "Total Cost": 2273.36, "Plan Rows": 9397, "Plan Width": 4, "Actual Rows": 9407, "Actual Loops": 1, "Sort Key": ["b.userid"], "Sort Method": "quicksort", "Sort Space Used": 385, "Sort Space Type": "Memory", "Plans": [{"Node Type": "Seq Scan", "Parent Relationship": "Outer", "Parallel Aware": false, "Async Capable": false, "Relation Name": "badges", "Alias": "b", "Startup Cost": 0.0, "Total Cost": 1629.76, "Plan Rows": 9397, "Plan Width": 4, "Actual Rows": 9407, "Actual Loops": 1, "Filter": "((date >= '2011-12-19 05:33:14'::timestamp without time zone) AND (date <= '2012-08-04 09:31:57'::timestamp without time zone))", "Rows Removed by Filter": 70444}]}]}, {"Node Type": "Index Scan", "Parent Relationship": "Inner", "Parallel Aware": false, "Async Capable": false, "Scan Direction": "Forward", "Index Name": "idx_posts_owneruserid", "Relation Name": "posts", "Alias": "p", "Startup Cost": 0.29, "Total Cost": 0.5, "Plan Rows": 2, "Plan Width": 4, "Actual Rows": 4, "Actual Loops": 5715, "Index Cond": "(owneruserid = u.id)", "Rows Removed by Index Recheck": 0, "Filter": "((score <= 78) AND (answercount <= 110))", "Rows Removed by Filter": 11}]}]}]}]}, "Planning Time": 2.334, "Triggers": [], "Execution Time": 70.621}, {"Plan": {"Node Type": "Aggregate", "Strategy": "Plain", "Partial Mode": "Simple", "Parallel Aware": false, "Async Capable": false, "Startup Cost": 6648.67, "Total Cost": 6648.68, "Plan Rows": 1, "Plan Width": 8, "Actual Rows": 1, "Actual Loops": 1, "Plans": [{"Node Type": "Hash Join", "Parent Relationship": "Outer", "Parallel Aware": false, "Async Capable": false, "Join Type": "Inner", "Startup Cost": 4772.92, "Total Cost": 6595.29, "Plan Rows": 7075.0, "Plan Width": 0, "Actual Rows": 252336, "Actual Loops": 1, "Inner Unique": false, "Hash Cond": "(b.userid = u.id)", "Plans": [{"Node Type": "Seq Scan", "Parent Relationship": "Outer", "Parallel Aware": false, "Async Capable": false, "Relation Name": "badges", "Alias": "b", "Startup Cost": 0.0, "Total Cost": 1629.76, "Plan Rows": 9397, "Plan Width": 4, "Actual Rows": 9407, "Actual Loops": 1, "Filter": "((date >= '2011-12-19 05:33:14'::timestamp without time zone) AND (date <= '2012-08-04 09:31:57'::timestamp without time zone))", "Rows Removed by Filter": 70444}, {"Node Type": "Hash", "Parent Relationship": "Inner", "Parallel Aware": false, "Async Capable": false, "Startup Cost": 3991.82, "Total Cost": 3991.82, "Plan Rows": 1712.0, "Plan Width": 12, "Actual Rows": 55329, "Actual Loops": 1, "Hash Buckets": 65536, "Original Hash Buckets": 65536, "Hash Batches": 1, "Original Hash Batches": 1, "Peak Memory Usage": 2890, "Plans": [{"Node Type": "Merge Join", "Parent Relationship": "Outer", "Parallel Aware": false, "Async Capable": false, "Join Type": "Inner", "Startup Cost": 1.0, "Total Cost": 3991.82, "Plan Rows": 1712.0, "Plan Width": 12, "Actual Rows": 55329, "Actual Loops": 1, "Inner Unique": true, "Merge Cond": "(v.userid = u.id)", "Plans": [{"Node Type": "Merge Join", "Parent Relationship": "Outer", "Parallel Aware": false, "Async Capable": false, "Join Type": "Inner", "Startup Cost": 0.71, "Total Cost": 15501.46, "Plan Rows": 4025.0, "Plan Width": 8, "Actual Rows": 238815, "Actual Loops": 1, "Inner Unique": false, "Merge Cond": "(p.owneruserid = v.userid)", "Plans": [{"Node Type": "Index Scan", "Parent Relationship": "Outer", "Parallel Aware": false, "Async Capable": false, "Scan Direction": "Forward", "Index Name": "idx_posts_owneruserid", "Relation Name": "posts", "Alias": "p", "Startup Cost": 0.29, "Total Cost": 4553.55, "Plan Rows": 42898, "Plan Width": 4, "Actual Rows": 28864, "Actual Loops": 1, "Filter": "((score <= 78) AND (answercount <= 110))", "Rows Removed by Filter": 42707}, {"Node Type": "Materialize", "Parent Relationship": "Inner", "Parallel Aware": false, "Async Capable": false, "Startup Cost": 0.42, "Total Cost": 12897.44, "Plan Rows": 189988, "Plan Width": 4, "Actual Rows": 242826, "Actual Loops": 1, "Plans": [{"Node Type": "Index Scan", "Parent Relationship": "Outer", "Parallel Aware": false, "Async Capable": false, "Scan Direction": "Forward", "Index Name": "idx_votes_userid", "Relation Name": "votes", "Alias": "v", "Startup Cost": 0.42, "Total Cost": 12422.47, "Plan Rows": 189988, "Plan Width": 4, "Actual Rows": 18528, "Actual Loops": 1, "Filter": "(creationdate <= '2013-06-04 09:27:12'::timestamp without time zone)", "Rows Removed by Filter": 16262}]}]}, {"Node Type": "Index Scan", "Parent Relationship": "Inner", "Parallel Aware": false, "Async Capable": false, "Scan Direction": "Forward", "Index Name": "users_pkey", "Relation Name": "users", "Alias": "u", "Startup Cost": 0.29, "Total Cost": 1457.98, "Plan Rows": 34446, "Plan Width": 4, "Actual Rows": 12972, "Actual Loops": 1, "Filter": "(creationdate >= '2011-12-15 13:31:45'::timestamp without time zone)", "Rows Removed by Filter": 5879}]}]}]}]}, "Planning Time": 2.751, "Triggers": [], "Execution Time": 166.433}, {"Plan": {"Node Type": "Aggregate", "Strategy": "Plain", "Partial Mode": "Simple", "Parallel Aware": false, "Async Capable": false, "Startup Cost": 14590.92, "Total Cost": 14590.93, "Plan Rows": 1, "Plan Width": 8, "Actual Rows": 1, "Actual Loops": 1, "Plans": [{"Node Type": "Merge Join", "Parent Relationship": "Outer", "Parallel Aware": false, "Async Capable": false, "Join Type": "Inner", "Startup Cost": 2261.85, "Total Cost": 14537.54, "Plan Rows": 7075.0, "Plan Width": 0, "Actual Rows": 252336, "Actual Loops": 1, "Inner Unique": false, "Merge Cond": "(u.id = p.owneruserid)", "Plans": [{"Node Type": "Merge Join", "Parent Relationship": "Outer", "Parallel Aware": false, "Async Capable": false, "Join Type": "Inner", "Startup Cost": 0.71, "Total Cost": 3080.06, "Plan Rows": 4050.0, "Plan Width": 8, "Actual Rows": 3356, "Actual Loops": 1, "Inner Unique": true, "Merge Cond": "(v.userid = u.id)", "Plans": [{"Node Type": "Index Scan", "Parent Relationship": "Outer", "Parallel Aware": false, "Async Capable": false, "Scan Direction": "Forward", "Index Name": "idx_votes_userid", "Relation Name": "votes", "Alias": "v", "Startup Cost": 0.42, "Total Cost": 12422.47, "Plan Rows": 189988, "Plan Width": 4, "Actual Rows": 15602, "Actual Loops": 1, "Filter": "(creationdate <= '2013-06-04 09:27:12'::timestamp without time zone)", "Rows Removed by Filter": 5005}, {"Node Type": "Index Scan", "Parent Relationship": "Inner", "Parallel Aware": false, "Async Capable": false, "Scan Direction": "Forward", "Index Name": "users_pkey", "Relation Name": "users", "Alias": "u", "Startup Cost": 0.29, "Total Cost": 1457.98, "Plan Rows": 34446, "Plan Width": 4, "Actual Rows": 4310, "Actual Loops": 1, "Filter": "(creationdate >= '2011-12-15 13:31:45'::timestamp without time zone)", "Rows Removed by Filter": 5871}]}, {"Node Type": "Materialize", "Parent Relationship": "Inner", "Parallel Aware": false, "Async Capable": false, "Startup Cost": 2261.14, "Total Cost": 10241.93, "Plan Rows": 658.0, "Plan Width": 8, "Actual Rows": 298101, "Actual Loops": 1, "Plans": [{"Node Type": "Merge Join", "Parent Relationship": "Outer", "Parallel Aware": false, "Async Capable": false, "Join Type": "Inner", "Startup Cost": 2261.14, "Total Cost": 9755.96, "Plan Rows": 658.0, "Plan Width": 8, "Actual Rows": 59290, "Actual Loops": 1, "Inner Unique": false, "Merge Cond": "(p.owneruserid = b.userid)", "Plans": [{"Node Type": "Index Scan", "Parent Relationship": "Outer", "Parallel Aware": false, "Async Capable": false, "Scan Direction": "Forward", "Index Name": "idx_posts_owneruserid", "Relation Name": "posts", "Alias": "p", "Startup Cost": 0.29, "Total Cost": 4553.55, "Plan Rows": 42898, "Plan Width": 4, "Actual Rows": 16451, "Actual Loops": 1, "Filter": "((score <= 78) AND (answercount <= 110))", "Rows Removed by Filter": 33145}, {"Node Type": "Sort", "Parent Relationship": "Inner", "Parallel Aware": false, "Async Capable": false, "Startup Cost": 2249.87, "Total Cost": 2273.36, "Plan Rows": 9397, "Plan Width": 4, "Actual Rows": 60842, "Actual Loops": 1, "Sort Key": ["b.userid"], "Sort Method": "quicksort", "Sort Space Used": 385, "Sort Space Type": "Memory", "Plans": [{"Node Type": "Seq Scan", "Parent Relationship": "Outer", "Parallel Aware": false, "Async Capable": false, "Relation Name": "badges", "Alias": "b", "Startup Cost": 0.0, "Total Cost": 1629.76, "Plan Rows": 9397, "Plan Width": 4, "Actual Rows": 9407, "Actual Loops": 1, "Filter": "((date >= '2011-12-19 05:33:14'::timestamp without time zone) AND (date <= '2012-08-04 09:31:57'::timestamp without time zone))", "Rows Removed by Filter": 70444}]}]}]}]}]}, "Planning Time": 2.709, "Triggers": [], "Execution Time": 91.287}, {"Plan": {"Node Type": "Aggregate", "Strategy": "Plain", "Partial Mode": "Simple", "Parallel Aware": false, "Async Capable": false, "Startup Cost": 5501.3, "Total Cost": 5501.31, "Plan Rows": 1, "Plan Width": 8, "Actual Rows": 1, "Actual Loops": 1, "Plans": [{"Node Type": "Merge Join", "Parent Relationship": "Outer", "Parallel Aware": false, "Async Capable": false, "Join Type": "Inner", "Startup Cost": 3407.36, "Total Cost": 5447.92, "Plan Rows": 7075.0, "Plan Width": 0, "Actual Rows": 252336, "Actual Loops": 1, "Inner Unique": false, "Merge Cond": "(v.userid = u.id)", "Plans": [{"Node Type": "Merge Join", "Parent Relationship": "Outer", "Parallel Aware": false, "Async Capable": false, "Join Type": "Inner", "Startup Cost": 0.71, "Total Cost": 15501.46, "Plan Rows": 4025.0, "Plan Width": 8, "Actual Rows": 210949, "Actual Loops": 1, "Inner Unique": false, "Merge Cond": "(p.owneruserid = v.userid)", "Plans": [{"Node Type": "Index Scan", "Parent Relationship": "Outer", "Parallel Aware": false, "Async Capable": false, "Scan Direction": "Forward", "Index Name": "idx_posts_owneruserid", "Relation Name": "posts", "Alias": "p", "Startup Cost": 0.29, "Total Cost": 4553.55, "Plan Rows": 42898, "Plan Width": 4, "Actual Rows": 16476, "Actual Loops": 1, "Filter": "((score <= 78) AND (answercount <= 110))", "Rows Removed by Filter": 33149}, {"Node Type": "Materialize", "Parent Relationship": "Inner", "Parallel Aware": false, "Async Capable": false, "Startup Cost": 0.42, "Total Cost": 12897.44, "Plan Rows": 189988, "Plan Width": 4, "Actual Rows": 213889, "Actual Loops": 1, "Plans": [{"Node Type": "Index Scan", "Parent Relationship": "Outer", "Parallel Aware": false, "Async Capable": false, "Scan Direction": "Forward", "Index Name": "idx_votes_userid", "Relation Name": "votes", "Alias": "v", "Startup Cost": 0.42, "Total Cost": 12422.47, "Plan Rows": 189988, "Plan Width": 4, "Actual Rows": 15604, "Actual Loops": 1, "Filter": "(creationdate <= '2013-06-04 09:27:12'::timestamp without time zone)", "Rows Removed by Filter": 5005}]}]}, {"Node Type": "Sort", "Parent Relationship": "Inner", "Parallel Aware": false, "Async Capable": false, "Startup Cost": 3406.65, "Total Cost": 3426.71, "Plan Rows": 1408.0, "Plan Width": 8, "Actual Rows": 256567, "Actual Loops": 1, "Sort Key": ["b.userid"], "Sort Method": "quicksort", "Sort Space Used": 371, "Sort Space Type": "Memory", "Plans": [{"Node Type": "Hash Join", "Parent Relationship": "Outer", "Parallel Aware": false, "Async Capable": false, "Join Type": "Inner", "Startup Cost": 1231.64, "Total Cost": 2886.07, "Plan Rows": 1408.0, "Plan Width": 8, "Actual Rows": 5715, "Actual Loops": 1, "Inner Unique": true, "Hash Cond": "(b.userid = u.id)", "Plans": [{"Node Type": "Seq Scan", "Parent Relationship": "Outer", "Parallel Aware": false, "Async Capable": false, "Relation Name": "badges", "Alias": "b", "Startup Cost": 0.0, "Total Cost": 1629.76, "Plan Rows": 9397, "Plan Width": 4, "Actual Rows": 9407, "Actual Loops": 1, "Filter": "((date >= '2011-12-19 05:33:14'::timestamp without time zone) AND (date <= '2012-08-04 09:31:57'::timestamp without time zone))", "Rows Removed by Filter": 70444}, {"Node Type": "Hash", "Parent Relationship": "Inner", "Parallel Aware": false, "Async Capable": false, "Startup Cost": 801.06, "Total Cost": 801.06, "Plan Rows": 34446, "Plan Width": 4, "Actual Rows": 34446, "Actual Loops": 1, "Hash Buckets": 65536, "Original Hash Buckets": 65536, "Hash Batches": 1, "Original Hash Batches": 1, "Peak Memory Usage": 1723, "Plans": [{"Node Type": "Seq Scan", "Parent Relationship": "Outer", "Parallel Aware": false, "Async Capable": false, "Relation Name": "users", "Alias": "u", "Startup Cost": 0.0, "Total Cost": 801.06, "Plan Rows": 34446, "Plan Width": 4, "Actual Rows": 34446, "Actual Loops": 1, "Filter": "(creationdate >= '2011-12-15 13:31:45'::timestamp without time zone)", "Rows Removed by Filter": 5879}]}]}]}]}]}, "Planning Time": 2.515, "Triggers": [], "Execution Time": 122.173}, {"Plan": {"Node Type": "Aggregate", "Strategy": "Plain", "Partial Mode": "Simple", "Parallel Aware": false, "Async Capable": false, "Startup Cost": 8961.31, "Total Cost": 8961.32, "Plan Rows": 1, "Plan Width": 8, "Actual Rows": 1, "Actual Loops": 1, "Plans": [{"Node Type": "Hash Join", "Parent Relationship": "Outer", "Parallel Aware": false, "Async Capable": false, "Join Type": "Inner", "Startup Cost": 6266.32, "Total Cost": 8907.92, "Plan Rows": 7075.0, "Plan Width": 0, "Actual Rows": 252336, "Actual Loops": 1, "Inner Unique": false, "Hash Cond": "(v.userid = u.id)", "Plans": [{"Node Type": "Merge Join", "Parent Relationship": "Outer", "Parallel Aware": false, "Async Capable": false, "Join Type": "Inner", "Startup Cost": 2251.31, "Total Cost": 4588.02, "Plan Rows": 46656.0, "Plan Width": 8, "Actual Rows": 115481, "Actual Loops": 1, "Inner Unique": false, "Merge Cond": "(v.userid = b.userid)", "Plans": [{"Node Type": "Index Scan", "Parent Relationship": "Outer", "Parallel Aware": false, "Async Capable": false, "Scan Direction": "Forward", "Index Name": "idx_votes_userid", "Relation Name": "votes", "Alias": "v", "Startup Cost": 0.42, "Total Cost": 12422.47, "Plan Rows": 189988, "Plan Width": 4, "Actual Rows": 15602, "Actual Loops": 1, "Filter": "(creationdate <= '2013-06-04 09:27:12'::timestamp without time zone)", "Rows Removed by Filter": 5005}, {"Node Type": "Sort", "Parent Relationship": "Inner", "Parallel Aware": false, "Async Capable": false, "Startup Cost": 2249.87, "Total Cost": 2273.36, "Plan Rows": 9397, "Plan Width": 4, "Actual Rows": 120712, "Actual Loops": 1, "Sort Key": ["b.userid"], "Sort Method": "quicksort", "Sort Space Used": 385, "Sort Space Type": "Memory", "Plans": [{"Node Type": "Seq Scan", "Parent Relationship": "Outer", "Parallel Aware": false, "Async Capable": false, "Relation Name": "badges", "Alias": "b", "Startup Cost": 0.0, "Total Cost": 1629.76, "Plan Rows": 9397, "Plan Width": 4, "Actual Rows": 9407, "Actual Loops": 1, "Filter": "((date >= '2011-12-19 05:33:14'::timestamp without time zone) AND (date <= '2012-08-04 09:31:57'::timestamp without time zone))", "Rows Removed by Filter": 70444}]}]}, {"Node Type": "Hash", "Parent Relationship": "Inner", "Parallel Aware": false, "Async Capable": false, "Startup Cost": 3563.9, "Total Cost": 3563.9, "Plan Rows": 51.0, "Plan Width": 8, "Actual Rows": 31606, "Actual Loops": 1, "Hash Buckets": 65536, "Original Hash Buckets": 65536, "Hash Batches": 1, "Original Hash Batches": 1, "Peak Memory Usage": 1747, "Plans": [{"Node Type": "Hash Join", "Parent Relationship": "Outer", "Parallel Aware": false, "Async Capable": false, "Join Type": "Inner", "Startup Cost": 1231.64, "Total Cost": 3563.9, "Plan Rows": 51.0, "Plan Width": 8, "Actual Rows": 31606, "Actual Loops": 1, "Inner Unique": true, "Hash Cond": "(p.owneruserid = u.id)", "Plans": [{"Node Type": "Seq Scan", "Parent Relationship": "Outer", "Parallel Aware": false, "Async Capable": false, "Relation Name": "posts", "Alias": "p", "Startup Cost": 0.0, "Total Cost": 2219.64, "Plan Rows": 42898, "Plan Width": 4, "Actual Rows": 42902, "Actual Loops": 1, "Filter": "((score <= 78) AND (answercount <= 110))", "Rows Removed by Filter": 49074}, {"Node Type": "Hash", "Parent Relationship": "Inner", "Parallel Aware": false, "Async Capable": false, "Startup Cost": 801.06, "Total Cost": 801.06, "Plan Rows": 34446, "Plan Width": 4, "Actual Rows": 34446, "Actual Loops": 1, "Hash Buckets": 65536, "Original Hash Buckets": 65536, "Hash Batches": 1, "Original Hash Batches": 1, "Peak Memory Usage": 1723, "Plans": [{"Node Type": "Seq Scan", "Parent Relationship": "Outer", "Parallel Aware": false, "Async Capable": false, "Relation Name": "users", "Alias": "u", "Startup Cost": 0.0, "Total Cost": 801.06, "Plan Rows": 34446, "Plan Width": 4, "Actual Rows": 34446, "Actual Loops": 1, "Filter": "(creationdate >= '2011-12-15 13:31:45'::timestamp without time zone)", "Rows Removed by Filter": 5879}]}]}]}]}]}, "Planning Time": 2.534, "Triggers": [], "Execution Time": 117.754}, {"Plan": {"Node Type": "Aggregate", "Strategy": "Plain", "Partial Mode": "Simple", "Parallel Aware": false, "Async Capable": false, "Startup Cost": 6687.0, "Total Cost": 6687.01, "Plan Rows": 1, "Plan Width": 8, "Actual Rows": 1, "Actual Loops": 1, "Plans": [{"Node Type": "Hash Join", "Parent Relationship": "Outer", "Parallel Aware": false, "Async Capable": false, "Join Type": "Inner", "Startup Cost": 4191.66, "Total Cost": 6633.62, "Plan Rows": 7075.0, "Plan Width": 0, "Actual Rows": 252336, "Actual Loops": 1, "Inner Unique": false, "Hash Cond": "(p.owneruserid = u.id)", "Plans": [{"Node Type": "Seq Scan", "Parent Relationship": "Outer", "Parallel Aware": false, "Async Capable": false, "Relation Name": "posts", "Alias": "p", "Startup Cost": 0.0, "Total Cost": 2219.64, "Plan Rows": 42898, "Plan Width": 4, "Actual Rows": 42902, "Actual Loops": 1, "Filter": "((score <= 78) AND (answercount <= 110))", "Rows Removed by Filter": 49074}, {"Node Type": "Hash", "Parent Relationship": "Inner", "Parallel Aware": false, "Async Capable": false, "Startup Cost": 4118.35, "Total Cost": 4118.35, "Plan Rows": 19112.0, "Plan Width": 12, "Actual Rows": 20082, "Actual Loops": 1, "Hash Buckets": 32768, "Original Hash Buckets": 8192, "Hash Batches": 1, "Original Hash Batches": 1, "Peak Memory Usage": 1119, "Plans": [{"Node Type": "Merge Join", "Parent Relationship": "Outer", "Parallel Aware": false, "Async Capable": false, "Join Type": "Inner", "Startup Cost": 2251.6, "Total Cost": 4118.35, "Plan Rows": 19112.0, "Plan Width": 12, "Actual Rows": 20082, "Actual Loops": 1, "Inner Unique": true, "Merge Cond": "(v.userid = u.id)", "Plans": [{"Node Type": "Merge Join", "Parent Relationship": "Outer", "Parallel Aware": false, "Async Capable": false, "Join Type": "Inner", "Startup Cost": 2251.31, "Total Cost": 4588.02, "Plan Rows": 46656.0, "Plan Width": 8, "Actual Rows": 115481, "Actual Loops": 1, "Inner Unique": false, "Merge Cond": "(v.userid = b.userid)", "Plans": [{"Node Type": "Index Scan", "Parent Relationship": "Outer", "Parallel Aware": false, "Async Capable": false, "Scan Direction": "Forward", "Index Name": "idx_votes_userid", "Relation Name": "votes", "Alias": "v", "Startup Cost": 0.42, "Total Cost": 12422.47, "Plan Rows": 189988, "Plan Width": 4, "Actual Rows": 15602, "Actual Loops": 1, "Filter": "(creationdate <= '2013-06-04 09:27:12'::timestamp without time zone)", "Rows Removed by Filter": 5005}, {"Node Type": "Sort", "Parent Relationship": "Inner", "Parallel Aware": false, "Async Capable": false, "Startup Cost": 2249.87, "Total Cost": 2273.36, "Plan Rows": 9397, "Plan Width": 4, "Actual Rows": 120712, "Actual Loops": 1, "Sort Key": ["b.userid"], "Sort Method": "quicksort", "Sort Space Used": 385, "Sort Space Type": "Memory", "Plans": [{"Node Type": "Seq Scan", "Parent Relationship": "Outer", "Parallel Aware": false, "Async Capable": false, "Relation Name": "badges", "Alias": "b", "Startup Cost": 0.0, "Total Cost": 1629.76, "Plan Rows": 9397, "Plan Width": 4, "Actual Rows": 9407, "Actual Loops": 1, "Filter": "((date >= '2011-12-19 05:33:14'::timestamp without time zone) AND (date <= '2012-08-04 09:31:57'::timestamp without time zone))", "Rows Removed by Filter": 70444}]}]}, {"Node Type": "Index Scan", "Parent Relationship": "Inner", "Parallel Aware": false, "Async Capable": false, "Scan Direction": "Forward", "Index Name": "users_pkey", "Relation Name": "users", "Alias": "u", "Startup Cost": 0.29, "Total Cost": 1457.98, "Plan Rows": 34446, "Plan Width": 4, "Actual Rows": 4268, "Actual Loops": 1, "Filter": "(creationdate >= '2011-12-15 13:31:45'::timestamp without time zone)", "Rows Removed by Filter": 5871}]}]}]}]}, "Planning Time": 2.667, "Triggers": [], "Execution Time": 89.493}, {"Plan": {"Node Type": "Aggregate", "Strategy": "Plain", "Partial Mode": "Simple", "Parallel Aware": false, "Async Capable": false, "Startup Cost": 6669.59, "Total Cost": 6669.6, "Plan Rows": 1, "Plan Width": 8, "Actual Rows": 1, "Actual Loops": 1, "Plans": [{"Node Type": "Merge Join", "Parent Relationship": "Outer", "Parallel Aware": false, "Async Capable": false, "Join Type": "Inner", "Startup Cost": 2251.14, "Total Cost": 6616.21, "Plan Rows": 7075.0, "Plan Width": 0, "Actual Rows": 252336, "Actual Loops": 1, "Inner Unique": false, "Merge Cond": "(u.id = b.userid)", "Plans": [{"Node Type": "Merge Join", "Parent Relationship": "Outer", "Parallel Aware": false, "Async Capable": false, "Join Type": "Inner", "Startup Cost": 1.0, "Total Cost": 3991.82, "Plan Rows": 1712.0, "Plan Width": 12, "Actual Rows": 27776, "Actual Loops": 1, "Inner Unique": true, "Merge Cond": "(v.userid = u.id)", "Plans": [{"Node Type": "Merge Join", "Parent Relationship": "Outer", "Parallel Aware": false, "Async Capable": false, "Join Type": "Inner", "Startup Cost": 0.71, "Total Cost": 15501.46, "Plan Rows": 4025.0, "Plan Width": 8, "Actual Rows": 210949, "Actual Loops": 1, "Inner Unique": false, "Merge Cond": "(p.owneruserid = v.userid)", "Plans": [{"Node Type": "Index Scan", "Parent Relationship": "Outer", "Parallel Aware": false, "Async Capable": false, "Scan Direction": "Forward", "Index Name": "idx_posts_owneruserid", "Relation Name": "posts", "Alias": "p", "Startup Cost": 0.29, "Total Cost": 4553.55, "Plan Rows": 42898, "Plan Width": 4, "Actual Rows": 16476, "Actual Loops": 1, "Filter": "((score <= 78) AND (answercount <= 110))", "Rows Removed by Filter": 33149}, {"Node Type": "Materialize", "Parent Relationship": "Inner", "Parallel Aware": false, "Async Capable": false, "Startup Cost": 0.42, "Total Cost": 12897.44, "Plan Rows": 189988, "Plan Width": 4, "Actual Rows": 213889, "Actual Loops": 1, "Plans": [{"Node Type": "Index Scan", "Parent Relationship": "Outer", "Parallel Aware": false, "Async Capable": false, "Scan Direction": "Forward", "Index Name": "idx_votes_userid", "Relation Name": "votes", "Alias": "v", "Startup Cost": 0.42, "Total Cost": 12422.47, "Plan Rows": 189988, "Plan Width": 4, "Actual Rows": 15604, "Actual Loops": 1, "Filter": "(creationdate <= '2013-06-04 09:27:12'::timestamp without time zone)", "Rows Removed by Filter": 5005}]}]}, {"Node Type": "Index Scan", "Parent Relationship": "Inner", "Parallel Aware": false, "Async Capable": false, "Scan Direction": "Forward", "Index Name": "users_pkey", "Relation Name": "users", "Alias": "u", "Startup Cost": 0.29, "Total Cost": 1457.98, "Plan Rows": 34446, "Plan Width": 4, "Actual Rows": 4318, "Actual Loops": 1, "Filter": "(creationdate >= '2011-12-15 13:31:45'::timestamp without time zone)", "Rows Removed by Filter": 5871}]}, {"Node Type": "Sort", "Parent Relationship": "Inner", "Parallel Aware": false, "Async Capable": false, "Startup Cost": 2249.87, "Total Cost": 2273.36, "Plan Rows": 9397, "Plan Width": 4, "Actual Rows": 260259, "Actual Loops": 1, "Sort Key": ["b.userid"], "Sort Method": "quicksort", "Sort Space Used": 385, "Sort Space Type": "Memory", "Plans": [{"Node Type": "Seq Scan", "Parent Relationship": "Outer", "Parallel Aware": false, "Async Capable": false, "Relation Name": "badges", "Alias": "b", "Startup Cost": 0.0, "Total Cost": 1629.76, "Plan Rows": 9397, "Plan Width": 4, "Actual Rows": 9407, "Actual Loops": 1, "Filter": "((date >= '2011-12-19 05:33:14'::timestamp without time zone) AND (date <= '2012-08-04 09:31:57'::timestamp without time zone))", "Rows Removed by Filter": 70444}]}]}]}, "Planning Time": 2.592, "Triggers": [], "Execution Time": 100.638}, {"Plan": {"Node Type": "Aggregate", "Strategy": "Plain", "Partial Mode": "Simple", "Parallel Aware": false, "Async Capable": false, "Startup Cost": 4654.8, "Total Cost": 4654.81, "Plan Rows": 1, "Plan Width": 8, "Actual Rows": 1, "Actual Loops": 1, "Plans": [{"Node Type": "Merge Join", "Parent Relationship": "Outer", "Parallel Aware": false, "Async Capable": false, "Join Type": "Inner", "Startup Cost": 2252.27, "Total Cost": 4601.41, "Plan Rows": 7075.0, "Plan Width": 0, "Actual Rows": 252336, "Actual Loops": 1, "Inner Unique": false, "Merge Cond": "(u.id = v.userid)", "Plans": [{"Node Type": "Index Scan", "Parent Relationship": "Outer", "Parallel Aware": false, "Async Capable": false, "Scan Direction": "Forward", "Index Name": "users_pkey", "Relation Name": "users", "Alias": "u", "Startup Cost": 0.29, "Total Cost": 1457.98, "Plan Rows": 34446, "Plan Width": 4, "Actual Rows": 4269, "Actual Loops": 1, "Filter": "(creationdate >= '2011-12-15 13:31:45'::timestamp without time zone)", "Rows Removed by Filter": 5871}, {"Node Type": "Materialize", "Parent Relationship": "Inner", "Parallel Aware": false, "Async Capable": false, "Startup Cost": 2251.98, "Total Cost": 7257.27, "Plan Rows": 14425.0, "Plan Width": 12, "Actual Rows": 2702022, "Actual Loops": 1, "Plans": [{"Node Type": "Merge Join", "Parent Relationship": "Outer", "Parallel Aware": false, "Async Capable": false, "Join Type": "Inner", "Startup Cost": 2251.98, "Total Cost": 6666.33, "Plan Rows": 14425.0, "Plan Width": 12, "Actual Rows": 2702022, "Actual Loops": 1, "Inner Unique": false, "Merge Cond": "(b.userid = v.userid)", "Plans": [{"Node Type": "Sort", "Parent Relationship": "Outer", "Parallel Aware": false, "Async Capable": false, "Startup Cost": 2249.87, "Total Cost": 2273.36, "Plan Rows": 9397, "Plan Width": 4, "Actual Rows": 9407, "Actual Loops": 1, "Sort Key": ["b.userid"], "Sort Method": "quicksort", "Sort Space Used": 385, "Sort Space Type": "Memory", "Plans": [{"Node Type": "Seq Scan", "Parent Relationship": "Outer", "Parallel Aware": false, "Async Capable": false, "Relation Name": "badges", "Alias": "b", "Startup Cost": 0.0, "Total Cost": 1629.76, "Plan Rows": 9397, "Plan Width": 4, "Actual Rows": 9407, "Actual Loops": 1, "Filter": "((date >= '2011-12-19 05:33:14'::timestamp without time zone) AND (date <= '2012-08-04 09:31:57'::timestamp without time zone))", "Rows Removed by Filter": 70444}]}, {"Node Type": "Materialize", "Parent Relationship": "Inner", "Parallel Aware": false, "Async Capable": false, "Startup Cost": 0.71, "Total Cost": 17230.8, "Plan Rows": 4025.0, "Plan Width": 8, "Actual Rows": 2708252, "Actual Loops": 1, "Plans": [{"Node Type": "Merge Join", "Parent Relationship": "Outer", "Parallel Aware": false, "Async Capable": false, "Join Type": "Inner", "Startup Cost": 0.71, "Total Cost": 15501.46, "Plan Rows": 4025.0, "Plan Width": 8, "Actual Rows": 210949, "Actual Loops": 1, "Inner Unique": false, "Merge Cond": "(p.owneruserid = v.userid)", "Plans": [{"Node Type": "Index Scan", "Parent Relationship": "Outer", "Parallel Aware": false, "Async Capable": false, "Scan Direction": "Forward", "Index Name": "idx_posts_owneruserid", "Relation Name": "posts", "Alias": "p", "Startup Cost": 0.29, "Total Cost": 4553.55, "Plan Rows": 42898, "Plan Width": 4, "Actual Rows": 16476, "Actual Loops": 1, "Filter": "((score <= 78) AND (answercount <= 110))", "Rows Removed by Filter": 33149}, {"Node Type": "Materialize", "Parent Relationship": "Inner", "Parallel Aware": false, "Async Capable": false, "Startup Cost": 0.42, "Total Cost": 12897.44, "Plan Rows": 189988, "Plan Width": 4, "Actual Rows": 213889, "Actual Loops": 1, "Plans": [{"Node Type": "Index Scan", "Parent Relationship": "Outer", "Parallel Aware": false, "Async Capable": false, "Scan Direction": "Forward", "Index Name": "idx_votes_userid", "Relation Name": "votes", "Alias": "v", "Startup Cost": 0.42, "Total Cost": 12422.47, "Plan Rows": 189988, "Plan Width": 4, "Actual Rows": 15604, "Actual Loops": 1, "Filter": "(creationdate <= '2013-06-04 09:27:12'::timestamp without time zone)", "Rows Removed by Filter": 5005}]}]}]}]}]}]}]}, "Planning Time": 2.837, "Triggers": [], "Execution Time": 736.726}, {"Plan": {"Node Type": "Aggregate", "Strategy": "Plain", "Partial Mode": "Simple", "Parallel Aware": false, "Async Capable": false, "Startup Cost": 13432.05, "Total Cost": 13432.06, "Plan Rows": 1, "Plan Width": 8, "Actual Rows": 1, "Actual Loops": 1, "Plans": [{"Node Type": "Hash Join", "Parent Relationship": "Outer", "Parallel Aware": false, "Async Capable": false, "Join Type": "Inner", "Startup Cost": 3294.9, "Total Cost": 13378.66, "Plan Rows": 7075.0, "Plan Width": 0, "Actual Rows": 252336, "Actual Loops": 1, "Inner Unique": false, "Hash Cond": "(p.owneruserid = u.id)", "Plans": [{"Node Type": "Nested Loop", "Parent Relationship": "Outer", "Parallel Aware": false, "Async Capable": false, "Join Type": "Inner", "Startup Cost": 0.3, "Total Cost": 8540.3, "Plan Rows": 658.0, "Plan Width": 8, "Actual Rows": 59290, "Actual Loops": 1, "Inner Unique": false, "Plans": [{"Node Type": "Seq Scan", "Parent Relationship": "Outer", "Parallel Aware": false, "Async Capable": false, "Relation Name": "badges", "Alias": "b", "Startup Cost": 0.0, "Total Cost": 1629.76, "Plan Rows": 9397, "Plan Width": 4, "Actual Rows": 9407, "Actual Loops": 1, "Filter": "((date >= '2011-12-19 05:33:14'::timestamp without time zone) AND (date <= '2012-08-04 09:31:57'::timestamp without time zone))", "Rows Removed by Filter": 70444}, {"Node Type": "Memoize", "Parent Relationship": "Inner", "Parallel Aware": false, "Async Capable": false, "Startup Cost": 0.3, "Total Cost": 0.81, "Plan Rows": 2, "Plan Width": 4, "Actual Rows": 6, "Actual Loops": 9407, "Cache Key": "b.userid", "Cache Mode": "logical", "Cache Hits": 5536, "Cache Misses": 3871, "Cache Evictions": 0, "Cache Overflows": 0, "Peak Memory Usage": 689, "Plans": [{"Node Type": "Index Scan", "Parent Relationship": "Outer", "Parallel Aware": false, "Async Capable": false, "Scan Direction": "Forward", "Index Name": "idx_posts_owneruserid", "Relation Name": "posts", "Alias": "p", "Startup Cost": 0.29, "Total Cost": 0.8, "Plan Rows": 2, "Plan Width": 4, "Actual Rows": 3, "Actual Loops": 3871, "Index Cond": "(owneruserid = b.userid)", "Rows Removed by Index Recheck": 0, "Filter": "((score <= 78) AND (answercount <= 110))", "Rows Removed by Filter": 8}]}]}, {"Node Type": "Hash", "Parent Relationship": "Inner", "Parallel Aware": false, "Async Capable": false, "Startup Cost": 3080.06, "Total Cost": 3080.06, "Plan Rows": 4050.0, "Plan Width": 8, "Actual Rows": 6262, "Actual Loops": 1, "Hash Buckets": 32768, "Original Hash Buckets": 32768, "Hash Batches": 1, "Original Hash Batches": 1, "Peak Memory Usage": 501, "Plans": [{"Node Type": "Merge Join", "Parent Relationship": "Outer", "Parallel Aware": false, "Async Capable": false, "Join Type": "Inner", "Startup Cost": 0.71, "Total Cost": 3080.06, "Plan Rows": 4050.0, "Plan Width": 8, "Actual Rows": 6262, "Actual Loops": 1, "Inner Unique": true, "Merge Cond": "(v.userid = u.id)", "Plans": [{"Node Type": "Index Scan", "Parent Relationship": "Outer", "Parallel Aware": false, "Async Capable": false, "Scan Direction": "Forward", "Index Name": "idx_votes_userid", "Relation Name": "votes", "Alias": "v", "Startup Cost": 0.42, "Total Cost": 12422.47, "Plan Rows": 189988, "Plan Width": 4, "Actual Rows": 18528, "Actual Loops": 1, "Filter": "(creationdate <= '2013-06-04 09:27:12'::timestamp without time zone)", "Rows Removed by Filter": 16262}, {"Node Type": "Index Scan", "Parent Relationship": "Inner", "Parallel Aware": false, "Async Capable": false, "Scan Direction": "Forward", "Index Name": "users_pkey", "Relation Name": "users", "Alias": "u", "Startup Cost": 0.29, "Total Cost": 1457.98, "Plan Rows": 34446, "Plan Width": 4, "Actual Rows": 15778, "Actual Loops": 1, "Filter": "(creationdate >= '2011-12-15 13:31:45'::timestamp without time zone)", "Rows Removed by Filter": 5879}]}]}]}]}, "Planning Time": 2.854, "Triggers": [], "Execution Time": 124.488}, {"Plan": {"Node Type": "Aggregate", "Strategy": "Plain", "Partial Mode": "Simple", "Parallel Aware": false, "Async Capable": false, "Startup Cost": 5585.11, "Total Cost": 5585.12, "Plan Rows": 1, "Plan Width": 8, "Actual Rows": 1, "Actual Loops": 1, "Plans": [{"Node Type": "Merge Join", "Parent Relationship": "Outer", "Parallel Aware": false, "Async Capable": false, "Join Type": "Inner", "Startup Cost": 3407.36, "Total Cost": 5531.73, "Plan Rows": 7075.0, "Plan Width": 0, "Actual Rows": 252336, "Actual Loops": 1, "Inner Unique": false, "Merge Cond": "(v.userid = u.id)", "Plans": [{"Node Type": "Merge Join", "Parent Relationship": "Outer", "Parallel Aware": false, "Async Capable": false, "Join Type": "Inner", "Startup Cost": 0.71, "Total Cost": 16293.92, "Plan Rows": 4025.0, "Plan Width": 8, "Actual Rows": 210949, "Actual Loops": 1, "Inner Unique": false, "Merge Cond": "(v.userid = p.owneruserid)", "Plans": [{"Node Type": "Index Scan", "Parent Relationship": "Outer", "Parallel Aware": false, "Async Capable": false, "Scan Direction": "Forward", "Index Name": "idx_votes_userid", "Relation Name": "votes", "Alias": "v", "Startup Cost": 0.42, "Total Cost": 12422.47, "Plan Rows": 189988, "Plan Width": 4, "Actual Rows": 15604, "Actual Loops": 1, "Filter": "(creationdate <= '2013-06-04 09:27:12'::timestamp without time zone)", "Rows Removed by Filter": 5005}, {"Node Type": "Materialize", "Parent Relationship": "Inner", "Parallel Aware": false, "Async Capable": false, "Startup Cost": 0.29, "Total Cost": 4660.79, "Plan Rows": 42898, "Plan Width": 4, "Actual Rows": 219012, "Actual Loops": 1, "Plans": [{"Node Type": "Index Scan", "Parent Relationship": "Outer", "Parallel Aware": false, "Async Capable": false, "Scan Direction": "Forward", "Index Name": "idx_posts_owneruserid", "Relation Name": "posts", "Alias": "p", "Startup Cost": 0.29, "Total Cost": 4553.55, "Plan Rows": 42898, "Plan Width": 4, "Actual Rows": 16476, "Actual Loops": 1, "Filter": "((score <= 78) AND (answercount <= 110))", "Rows Removed by Filter": 33149}]}]}, {"Node Type": "Sort", "Parent Relationship": "Inner", "Parallel Aware": false, "Async Capable": false, "Startup Cost": 3406.65, "Total Cost": 3426.71, "Plan Rows": 1408.0, "Plan Width": 8, "Actual Rows": 256567, "Actual Loops": 1, "Sort Key": ["b.userid"], "Sort Method": "quicksort", "Sort Space Used": 371, "Sort Space Type": "Memory", "Plans": [{"Node Type": "Hash Join", "Parent Relationship": "Outer", "Parallel Aware": false, "Async Capable": false, "Join Type": "Inner", "Startup Cost": 1231.64, "Total Cost": 2886.07, "Plan Rows": 1408.0, "Plan Width": 8, "Actual Rows": 5715, "Actual Loops": 1, "Inner Unique": true, "Hash Cond": "(b.userid = u.id)", "Plans": [{"Node Type": "Seq Scan", "Parent Relationship": "Outer", "Parallel Aware": false, "Async Capable": false, "Relation Name": "badges", "Alias": "b", "Startup Cost": 0.0, "Total Cost": 1629.76, "Plan Rows": 9397, "Plan Width": 4, "Actual Rows": 9407, "Actual Loops": 1, "Filter": "((date >= '2011-12-19 05:33:14'::timestamp without time zone) AND (date <= '2012-08-04 09:31:57'::timestamp without time zone))", "Rows Removed by Filter": 70444}, {"Node Type": "Hash", "Parent Relationship": "Inner", "Parallel Aware": false, "Async Capable": false, "Startup Cost": 801.06, "Total Cost": 801.06, "Plan Rows": 34446, "Plan Width": 4, "Actual Rows": 34446, "Actual Loops": 1, "Hash Buckets": 65536, "Original Hash Buckets": 65536, "Hash Batches": 1, "Original Hash Batches": 1, "Peak Memory Usage": 1723, "Plans": [{"Node Type": "Seq Scan", "Parent Relationship": "Outer", "Parallel Aware": false, "Async Capable": false, "Relation Name": "users", "Alias": "u", "Startup Cost": 0.0, "Total Cost": 801.06, "Plan Rows": 34446, "Plan Width": 4, "Actual Rows": 34446, "Actual Loops": 1, "Filter": "(creationdate >= '2011-12-15 13:31:45'::timestamp without time zone)", "Rows Removed by Filter": 5879}]}]}]}]}]}, "Planning Time": 2.801, "Triggers": [], "Execution Time": 126.944}]