[{"Plan": {"Node Type": "Aggregate", "Strategy": "Plain", "Partial Mode": "Simple", "Parallel Aware": false, "Async Capable": false, "Startup Cost": 1335.76, "Total Cost": 1335.77, "Plan Rows": 1, "Plan Width": 8, "Actual Rows": 1, "Actual Loops": 1, "Plans": [{"Node Type": "Nested Loop", "Parent Relationship": "Outer", "Parallel Aware": false, "Async Capable": false, "Join Type": "Inner", "Startup Cost": 0.72, "Total Cost": 1255.63, "Plan Rows": 22.0, "Plan Width": 0, "Actual Rows": 1746444, "Actual Loops": 1, "Inner Unique": false, "Join Filter": "(ph.userid = u.id)", "Rows Removed by Join Filter": 0, "Plans": [{"Node Type": "Nested Loop", "Parent Relationship": "Outer", "Parallel Aware": false, "Async Capable": false, "Join Type": "Inner", "Startup Cost": 0.29, "Total Cost": 1237.76, "Plan Rows": 5.0, "Plan Width": 8, "Actual Rows": 1223, "Actual Loops": 1, "Inner Unique": false, "Plans": [{"Node Type": "Seq Scan", "Parent Relationship": "Outer", "Parallel Aware": false, "Async Capable": false, "Relation Name": "users", "Alias": "u", "Startup Cost": 0.0, "Total Cost": 1204.31, "Plan Rows": 5, "Plan Width": 4, "Actual Rows": 1, "Actual Loops": 1, "Filter": "((reputation >= 8468) AND (reputation <= 82399) AND (upvotes <= 10391) AND (creationdate >= '2012-05-26 04:18:12'::timestamp without time zone) AND (creationdate <= '2013-01-17 21:29:53'::timestamp without time zone))", "Rows Removed by Filter": 40324}, {"Node Type": "Index Only Scan", "Parent Relationship": "Inner", "Parallel Aware": false, "Async Capable": false, "Scan Direction": "Forward", "Index Name": "idx_comments_userid", "Relation Name": "comments", "Alias": "c", "Startup Cost": 0.29, "Total Cost": 6.56, "Plan Rows": 13, "Plan Width": 4, "Actual Rows": 1223, "Actual Loops": 1, "Index Cond": "(userid = u.id)", "Rows Removed by Index Recheck": 0, "Heap Fetches": 0}]}, {"Node Type": "Index Only Scan", "Parent Relationship": "Inner", "Parallel Aware": false, "Async Capable": false, "Scan Direction": "Forward", "Index Name": "idx_posthistory_userid", "Relation Name": "posthistory", "Alias": "ph", "Startup Cost": 0.42, "Total Cost": 0.68, "Plan Rows": 14, "Plan Width": 4, "Actual Rows": 1428, "Actual Loops": 1223, "Index Cond": "(userid = c.userid)", "Rows Removed by Index Recheck": 0, "Heap Fetches": 0}]}]}, "Planning Time": 0.641, "Triggers": [], "Execution Time": 141.295}, {"Plan": {"Node Type": "Aggregate", "Strategy": "Plain", "Partial Mode": "Simple", "Parallel Aware": false, "Async Capable": false, "Startup Cost": 1335.76, "Total Cost": 1335.77, "Plan Rows": 1, "Plan Width": 8, "Actual Rows": 1, "Actual Loops": 1, "Plans": [{"Node Type": "Nested Loop", "Parent Relationship": "Outer", "Parallel Aware": false, "Async Capable": false, "Join Type": "Inner", "Startup Cost": 0.72, "Total Cost": 1255.63, "Plan Rows": 22.0, "Plan Width": 0, "Actual Rows": 1746444, "Actual Loops": 1, "Inner Unique": false, "Join Filter": "(ph.userid = u.id)", "Rows Removed by Join Filter": 0, "Plans": [{"Node Type": "Nested Loop", "Parent Relationship": "Outer", "Parallel Aware": false, "Async Capable": false, "Join Type": "Inner", "Startup Cost": 0.29, "Total Cost": 1237.76, "Plan Rows": 5.0, "Plan Width": 8, "Actual Rows": 1223, "Actual Loops": 1, "Inner Unique": false, "Plans": [{"Node Type": "Seq Scan", "Parent Relationship": "Outer", "Parallel Aware": false, "Async Capable": false, "Relation Name": "users", "Alias": "u", "Startup Cost": 0.0, "Total Cost": 1204.31, "Plan Rows": 5, "Plan Width": 4, "Actual Rows": 1, "Actual Loops": 1, "Filter": "((reputation >= 8468) AND (reputation <= 82399) AND (upvotes <= 10391) AND (creationdate >= '2012-05-26 04:18:12'::timestamp without time zone) AND (creationdate <= '2013-01-17 21:29:53'::timestamp without time zone))", "Rows Removed by Filter": 40324}, {"Node Type": "Index Only Scan", "Parent Relationship": "Inner", "Parallel Aware": false, "Async Capable": false, "Scan Direction": "Forward", "Index Name": "idx_comments_userid", "Relation Name": "comments", "Alias": "c", "Startup Cost": 0.29, "Total Cost": 6.56, "Plan Rows": 13, "Plan Width": 4, "Actual Rows": 1223, "Actual Loops": 1, "Index Cond": "(userid = u.id)", "Rows Removed by Index Recheck": 0, "Heap Fetches": 0}]}, {"Node Type": "Index Only Scan", "Parent Relationship": "Inner", "Parallel Aware": false, "Async Capable": false, "Scan Direction": "Forward", "Index Name": "idx_posthistory_userid", "Relation Name": "posthistory", "Alias": "ph", "Startup Cost": 0.42, "Total Cost": 0.68, "Plan Rows": 14, "Plan Width": 4, "Actual Rows": 1428, "Actual Loops": 1223, "Index Cond": "(userid = c.userid)", "Rows Removed by Index Recheck": 0, "Heap Fetches": 0}]}]}, "Planning Time": 0.572, "Triggers": [], "Execution Time": 140.847}, {"Plan": {"Node Type": "Aggregate", "Strategy": "Plain", "Partial Mode": "Simple", "Parallel Aware": false, "Async Capable": false, "Startup Cost": 1339155.29, "Total Cost": 1339155.3, "Plan Rows": 1, "Plan Width": 8, "Plans": [{"Node Type": "Merge Join", "Parent Relationship": "Outer", "Parallel Aware": false, "Async Capable": false, "Join Type": "Inner", "Startup Cost": 1.02, "Total Cost": 1339075.15, "Plan Rows": 22.0, "Plan Width": 0, "Inner Unique": false, "Merge Cond": "(u.id = c.userid)", "Plans": [{"Node Type": "Index Scan", "Parent Relationship": "Outer", "Parallel Aware": false, "Async Capable": false, "Scan Direction": "Forward", "Index Name": "users_pkey", "Relation Name": "users", "Alias": "u", "Startup Cost": 0.29, "Total Cost": 1861.23, "Plan Rows": 5, "Plan Width": 4, "Filter": "((reputation >= 8468) AND (reputation <= 82399) AND (upvotes <= 10391) AND (creationdate >= '2012-05-26 04:18:12'::timestamp without time zone) AND (creationdate <= '2013-01-17 21:29:53'::timestamp without time zone))"}, {"Node Type": "Materialize", "Parent Relationship": "Inner", "Parallel Aware": false, "Async Capable": false, "Startup Cost": 0.73, "Total Cost": 702213.2, "Plan Rows": 6804.0, "Plan Width": 8, "Plans": [{"Node Type": "Nested Loop", "Parent Relationship": "Outer", "Parallel Aware": false, "Async Capable": false, "Join Type": "Inner", "Startup Cost": 0.73, "Total Cost": 45048.93, "Plan Rows": 6804.0, "Plan Width": 8, "Inner Unique": false, "Plans": [{"Node Type": "Index Only Scan", "Parent Relationship": "Outer", "Parallel Aware": false, "Async Capable": false, "Scan Direction": "Forward", "Index Name": "idx_comments_userid", "Relation Name": "comments", "Alias": "c", "Startup Cost": 0.29, "Total Cost": 3568.78, "Plan Rows": 174305, "Plan Width": 4}, {"Node Type": "Memoize", "Parent Relationship": "Inner", "Parallel Aware": false, "Async Capable": false, "Startup Cost": 0.43, "Total Cost": 0.69, "Plan Rows": 14, "Plan Width": 4, "Cache Key": "c.userid", "Cache Mode": "logical", "Plans": [{"Node Type": "Index Only Scan", "Parent Relationship": "Outer", "Parallel Aware": false, "Async Capable": false, "Scan Direction": "Forward", "Index Name": "idx_posthistory_userid", "Relation Name": "posthistory", "Alias": "ph", "Startup Cost": 0.42, "Total Cost": 0.68, "Plan Rows": 14, "Plan Width": 4, "Index Cond": "(userid = c.userid)"}]}]}]}]}]}, "Timeout Time": 5000}, {"Plan": {"Node Type": "Aggregate", "Strategy": "Plain", "Partial Mode": "Simple", "Parallel Aware": false, "Async Capable": false, "Startup Cost": 5253.93, "Total Cost": 5253.94, "Plan Rows": 1, "Plan Width": 8, "Actual Rows": 1, "Actual Loops": 1, "Plans": [{"Node Type": "Merge Join", "Parent Relationship": "Outer", "Parallel Aware": false, "Async Capable": false, "Join Type": "Inner", "Startup Cost": 1233.54, "Total Cost": 5173.8, "Plan Rows": 22.0, "Plan Width": 0, "Actual Rows": 1746444, "Actual Loops": 1, "Inner Unique": false, "Merge Cond": "(c.userid = u.id)", "Plans": [{"Node Type": "Index Only Scan", "Parent Relationship": "Outer", "Parallel Aware": false, "Async Capable": false, "Scan Direction": "Forward", "Index Name": "idx_comments_userid", "Relation Name": "comments", "Alias": "c", "Startup Cost": 0.29, "Total Cost": 3568.78, "Plan Rows": 174305, "Plan Width": 4, "Actual Rows": 123928, "Actual Loops": 1, "Heap Fetches": 0}, {"Node Type": "Sort", "Parent Relationship": "Inner", "Parallel Aware": false, "Async Capable": false, "Startup Cost": 1233.25, "Total Cost": 1233.34, "Plan Rows": 7.0, "Plan Width": 8, "Actual Rows": 1745222, "Actual Loops": 1, "Sort Key": ["ph.userid"], "Sort Method": "quicksort", "Sort Space Used": 93, "Sort Space Type": "Memory", "Plans": [{"Node Type": "Nested Loop", "Parent Relationship": "Outer", "Parallel Aware": false, "Async Capable": false, "Join Type": "Inner", "Startup Cost": 0.42, "Total Cost": 1232.35, "Plan Rows": 7.0, "Plan Width": 8, "Actual Rows": 1428, "Actual Loops": 1, "Inner Unique": false, "Plans": [{"Node Type": "Seq Scan", "Parent Relationship": "Outer", "Parallel Aware": false, "Async Capable": false, "Relation Name": "users", "Alias": "u", "Startup Cost": 0.0, "Total Cost": 1204.31, "Plan Rows": 5, "Plan Width": 4, "Actual Rows": 1, "Actual Loops": 1, "Filter": "((reputation >= 8468) AND (reputation <= 82399) AND (upvotes <= 10391) AND (creationdate >= '2012-05-26 04:18:12'::timestamp without time zone) AND (creationdate <= '2013-01-17 21:29:53'::timestamp without time zone))", "Rows Removed by Filter": 40324}, {"Node Type": "Index Only Scan", "Parent Relationship": "Inner", "Parallel Aware": false, "Async Capable": false, "Scan Direction": "Forward", "Index Name": "idx_posthistory_userid", "Relation Name": "posthistory", "Alias": "ph", "Startup Cost": 0.42, "Total Cost": 5.47, "Plan Rows": 14, "Plan Width": 4, "Actual Rows": 1428, "Actual Loops": 1, "Index Cond": "(userid = u.id)", "Rows Removed by Index Recheck": 0, "Heap Fetches": 0}]}]}]}]}, "Planning Time": 0.574, "Triggers": [], "Execution Time": 139.054}, {"Plan": {"Node Type": "Aggregate", "Strategy": "Plain", "Partial Mode": "Finalize", "Parallel Aware": false, "Async Capable": false, "Startup Cost": 6434.37, "Total Cost": 6434.38, "Plan Rows": 1, "Plan Width": 8, "Actual Rows": 1, "Actual Loops": 1, "Plans": [{"Node Type": "Gather", "Parent Relationship": "Outer", "Parallel Aware": false, "Async Capable": false, "Startup Cost": 6434.16, "Total Cost": 6434.37, "Plan Rows": 2, "Plan Width": 8, "Actual Rows": 3, "Actual Loops": 1, "Workers Planned": 2, "Workers Launched": 2, "Single Copy": false, "Plans": [{"Node Type": "Aggregate", "Strategy": "Plain", "Partial Mode": "Partial", "Parent Relationship": "Outer", "Parallel Aware": false, "Async Capable": false, "Startup Cost": 5434.16, "Total Cost": 5434.17, "Plan Rows": 1, "Plan Width": 8, "Actual Rows": 1, "Actual Loops": 3, "Workers": [], "Plans": [{"Node Type": "Merge Join", "Parent Relationship": "Outer", "Parallel Aware": false, "Async Capable": false, "Join Type": "Inner", "Startup Cost": 1238.65, "Total Cost": 5400.77, "Plan Rows": 22.0, "Plan Width": 0, "Actual Rows": 582148, "Actual Loops": 3, "Inner Unique": false, "Merge Cond": "(ph.userid = u.id)", "Workers": [], "Plans": [{"Node Type": "Index Only Scan", "Parent Relationship": "Outer", "Parallel Aware": true, "Async Capable": false, "Scan Direction": "Forward", "Index Name": "idx_posthistory_userid", "Relation Name": "posthistory", "Alias": "ph", "Startup Cost": 0.42, "Total Cost": 4157.26, "Plan Rows": 126328, "Plan Width": 4, "Actual Rows": 57981, "Actual Loops": 3, "Heap Fetches": 0, "Workers": []}, {"Node Type": "Sort", "Parent Relationship": "Inner", "Parallel Aware": false, "Async Capable": false, "Startup Cost": 1238.23, "Total Cost": 1238.28, "Plan Rows": 5.0, "Plan Width": 8, "Actual Rows": 582080, "Actual Loops": 3, "Sort Key": ["c.userid"], "Sort Method": "quicksort", "Sort Space Used": 87, "Sort Space Type": "Memory", "Workers": [{"Worker Number": 0, "Sort Method": "quicksort", "Sort Space Used": 87, "Sort Space Type": "Memory"}, {"Worker Number": 1, "Sort Method": "quicksort", "Sort Space Used": 87, "Sort Space Type": "Memory"}], "Plans": [{"Node Type": "Nested Loop", "Parent Relationship": "Outer", "Parallel Aware": false, "Async Capable": false, "Join Type": "Inner", "Startup Cost": 0.29, "Total Cost": 1237.76, "Plan Rows": 5.0, "Plan Width": 8, "Actual Rows": 1223, "Actual Loops": 3, "Inner Unique": false, "Workers": [], "Plans": [{"Node Type": "Seq Scan", "Parent Relationship": "Outer", "Parallel Aware": false, "Async Capable": false, "Relation Name": "users", "Alias": "u", "Startup Cost": 0.0, "Total Cost": 1204.31, "Plan Rows": 5, "Plan Width": 4, "Actual Rows": 1, "Actual Loops": 3, "Filter": "((reputation >= 8468) AND (reputation <= 82399) AND (upvotes <= 10391) AND (creationdate >= '2012-05-26 04:18:12'::timestamp without time zone) AND (creationdate <= '2013-01-17 21:29:53'::timestamp without time zone))", "Rows Removed by Filter": 40324, "Workers": []}, {"Node Type": "Index Only Scan", "Parent Relationship": "Inner", "Parallel Aware": false, "Async Capable": false, "Scan Direction": "Forward", "Index Name": "idx_comments_userid", "Relation Name": "comments", "Alias": "c", "Startup Cost": 0.29, "Total Cost": 6.56, "Plan Rows": 13, "Plan Width": 4, "Actual Rows": 1223, "Actual Loops": 3, "Index Cond": "(userid = u.id)", "Rows Removed by Index Recheck": 0, "Heap Fetches": 0, "Workers": []}]}]}]}]}]}]}, "Planning Time": 1.76, "Triggers": [], "Execution Time": 99.764}, {"Plan": {"Node Type": "Aggregate", "Strategy": "Plain", "Partial Mode": "Simple", "Parallel Aware": false, "Async Capable": false, "Startup Cost": 1336.57, "Total Cost": 1336.58, "Plan Rows": 1, "Plan Width": 8, "Actual Rows": 1, "Actual Loops": 1, "Plans": [{"Node Type": "Nested Loop", "Parent Relationship": "Outer", "Parallel Aware": false, "Async Capable": false, "Join Type": "Inner", "Startup Cost": 0.72, "Total Cost": 1256.44, "Plan Rows": 22.0, "Plan Width": 0, "Actual Rows": 1746444, "Actual Loops": 1, "Inner Unique": false, "Join Filter": "(c.userid = u.id)", "Rows Removed by Join Filter": 0, "Plans": [{"Node Type": "Nested Loop", "Parent Relationship": "Outer", "Parallel Aware": false, "Async Capable": false, "Join Type": "Inner", "Startup Cost": 0.42, "Total Cost": 1232.35, "Plan Rows": 7.0, "Plan Width": 8, "Actual Rows": 1428, "Actual Loops": 1, "Inner Unique": false, "Plans": [{"Node Type": "Seq Scan", "Parent Relationship": "Outer", "Parallel Aware": false, "Async Capable": false, "Relation Name": "users", "Alias": "u", "Startup Cost": 0.0, "Total Cost": 1204.31, "Plan Rows": 5, "Plan Width": 4, "Actual Rows": 1, "Actual Loops": 1, "Filter": "((reputation >= 8468) AND (reputation <= 82399) AND (upvotes <= 10391) AND (creationdate >= '2012-05-26 04:18:12'::timestamp without time zone) AND (creationdate <= '2013-01-17 21:29:53'::timestamp without time zone))", "Rows Removed by Filter": 40324}, {"Node Type": "Index Only Scan", "Parent Relationship": "Inner", "Parallel Aware": false, "Async Capable": false, "Scan Direction": "Forward", "Index Name": "idx_posthistory_userid", "Relation Name": "posthistory", "Alias": "ph", "Startup Cost": 0.42, "Total Cost": 5.47, "Plan Rows": 14, "Plan Width": 4, "Actual Rows": 1428, "Actual Loops": 1, "Index Cond": "(userid = u.id)", "Rows Removed by Index Recheck": 0, "Heap Fetches": 0}]}, {"Node Type": "Index Only Scan", "Parent Relationship": "Inner", "Parallel Aware": false, "Async Capable": false, "Scan Direction": "Forward", "Index Name": "idx_comments_userid", "Relation Name": "comments", "Alias": "c", "Startup Cost": 0.29, "Total Cost": 0.53, "Plan Rows": 13, "Plan Width": 4, "Actual Rows": 1223, "Actual Loops": 1428, "Index Cond": "(userid = ph.userid)", "Rows Removed by Index Recheck": 0, "Heap Fetches": 0}]}]}, "Planning Time": 0.65, "Triggers": [], "Execution Time": 140.755}, {"Plan": {"Node Type": "Aggregate", "Strategy": "Plain", "Partial Mode": "Simple", "Parallel Aware": false, "Async Capable": false, "Startup Cost": 4847.02, "Total Cost": 4847.03, "Plan Rows": 1, "Plan Width": 8, "Actual Rows": 1, "Actual Loops": 1, "Plans": [{"Node Type": "Nested Loop", "Parent Relationship": "Outer", "Parallel Aware": false, "Async Capable": false, "Join Type": "Inner", "Startup Cost": 1204.8, "Total Cost": 4766.88, "Plan Rows": 22.0, "Plan Width": 0, "Actual Rows": 1746444, "Actual Loops": 1, "Inner Unique": false, "Join Filter": "(ph.userid = u.id)", "Rows Removed by Join Filter": 0, "Plans": [{"Node Type": "Hash Join", "Parent Relationship": "Outer", "Parallel Aware": false, "Async Capable": false, "Join Type": "Inner", "Startup Cost": 1204.38, "Total Cost": 4749.02, "Plan Rows": 5.0, "Plan Width": 8, "Actual Rows": 1223, "Actual Loops": 1, "Inner Unique": true, "Hash Cond": "(c.userid = u.id)", "Plans": [{"Node Type": "Seq Scan", "Parent Relationship": "Outer", "Parallel Aware": false, "Async Capable": false, "Relation Name": "comments", "Alias": "c", "Startup Cost": 0.0, "Total Cost": 3087.05, "Plan Rows": 174305, "Plan Width": 4, "Actual Rows": 174305, "Actual Loops": 1}, {"Node Type": "Hash", "Parent Relationship": "Inner", "Parallel Aware": false, "Async Capable": false, "Startup Cost": 1204.31, "Total Cost": 1204.31, "Plan Rows": 5, "Plan Width": 4, "Actual Rows": 1, "Actual Loops": 1, "Hash Buckets": 1024, "Original Hash Buckets": 1024, "Hash Batches": 1, "Original Hash Batches": 1, "Peak Memory Usage": 9, "Plans": [{"Node Type": "Seq Scan", "Parent Relationship": "Outer", "Parallel Aware": false, "Async Capable": false, "Relation Name": "users", "Alias": "u", "Startup Cost": 0.0, "Total Cost": 1204.31, "Plan Rows": 5, "Plan Width": 4, "Actual Rows": 1, "Actual Loops": 1, "Filter": "((reputation >= 8468) AND (reputation <= 82399) AND (upvotes <= 10391) AND (creationdate >= '2012-05-26 04:18:12'::timestamp without time zone) AND (creationdate <= '2013-01-17 21:29:53'::timestamp without time zone))", "Rows Removed by Filter": 40324}]}]}, {"Node Type": "Index Only Scan", "Parent Relationship": "Inner", "Parallel Aware": false, "Async Capable": false, "Scan Direction": "Forward", "Index Name": "idx_posthistory_userid", "Relation Name": "posthistory", "Alias": "ph", "Startup Cost": 0.42, "Total Cost": 0.68, "Plan Rows": 14, "Plan Width": 4, "Actual Rows": 1428, "Actual Loops": 1223, "Index Cond": "(userid = c.userid)", "Rows Removed by Index Recheck": 0, "Heap Fetches": 0}]}]}, "Planning Time": 0.707, "Triggers": [], "Execution Time": 171.24}, {"Plan": {"Node Type": "Aggregate", "Strategy": "Plain", "Partial Mode": "Finalize", "Parallel Aware": false, "Async Capable": false, "Startup Cost": 412976.68, "Total Cost": 412976.69, "Plan Rows": 1, "Plan Width": 8, "Plans": [{"Node Type": "Gather", "Parent Relationship": "Outer", "Parallel Aware": false, "Async Capable": false, "Startup Cost": 412976.57, "Total Cost": 412976.68, "Plan Rows": 1, "Plan Width": 8, "Workers Planned": 1, "Single Copy": false, "Plans": [{"Node Type": "Aggregate", "Strategy": "Plain", "Partial Mode": "Partial", "Parent Relationship": "Outer", "Parallel Aware": false, "Async Capable": false, "Startup Cost": 411976.57, "Total Cost": 411976.58, "Plan Rows": 1, "Plan Width": 8, "Plans": [{"Node Type": "Merge Join", "Parent Relationship": "Outer", "Parallel Aware": false, "Async Capable": false, "Join Type": "Inner", "Startup Cost": 1205.1, "Total Cost": 411929.43, "Plan Rows": 22.0, "Plan Width": 0, "Inner Unique": true, "Merge Cond": "(c.userid = u.id)", "Plans": [{"Node Type": "Nested Loop", "Parent Relationship": "Outer", "Parallel Aware": false, "Async Capable": false, "Join Type": "Inner", "Startup Cost": 0.73, "Total Cost": 30873.73, "Plan Rows": 6804.0, "Plan Width": 8, "Inner Unique": false, "Plans": [{"Node Type": "Index Only Scan", "Parent Relationship": "Outer", "Parallel Aware": true, "Async Capable": false, "Scan Direction": "Forward", "Index Name": "idx_comments_userid", "Relation Name": "comments", "Alias": "c", "Startup Cost": 0.29, "Total Cost": 2851.06, "Plan Rows": 102532, "Plan Width": 4}, {"Node Type": "Memoize", "Parent Relationship": "Inner", "Parallel Aware": false, "Async Capable": false, "Startup Cost": 0.43, "Total Cost": 0.69, "Plan Rows": 14, "Plan Width": 4, "Cache Key": "c.userid", "Cache Mode": "logical", "Plans": [{"Node Type": "Index Only Scan", "Parent Relationship": "Outer", "Parallel Aware": false, "Async Capable": false, "Scan Direction": "Forward", "Index Name": "idx_posthistory_userid", "Relation Name": "posthistory", "Alias": "ph", "Startup Cost": 0.42, "Total Cost": 0.68, "Plan Rows": 14, "Plan Width": 4, "Index Cond": "(userid = c.userid)"}]}]}, {"Node Type": "Sort", "Parent Relationship": "Inner", "Parallel Aware": false, "Async Capable": false, "Startup Cost": 1204.37, "Total Cost": 1204.38, "Plan Rows": 5, "Plan Width": 4, "Sort Key": ["u.id"], "Plans": [{"Node Type": "Seq Scan", "Parent Relationship": "Outer", "Parallel Aware": false, "Async Capable": false, "Relation Name": "users", "Alias": "u", "Startup Cost": 0.0, "Total Cost": 1204.31, "Plan Rows": 5, "Plan Width": 4, "Filter": "((reputation >= 8468) AND (reputation <= 82399) AND (upvotes <= 10391) AND (creationdate >= '2012-05-26 04:18:12'::timestamp without time zone) AND (creationdate <= '2013-01-17 21:29:53'::timestamp without time zone))"}]}]}]}]}]}, "Timeout Time": 5000}]