[{"Plan": {"Node Type": "Aggregate", "Strategy": "Plain", "Partial Mode": "Simple", "Parallel Aware": false, "Async Capable": false, "Startup Cost": 1504.99, "Total Cost": 1505.0, "Plan Rows": 1, "Plan Width": 8, "Actual Rows": 1, "Actual Loops": 1, "Plans": [{"Node Type": "Nested Loop", "Parent Relationship": "Outer", "Parallel Aware": false, "Async Capable": false, "Join Type": "Inner", "Startup Cost": 0.59, "Total Cost": 1502.89, "Plan Rows": 1.0, "Plan Width": 0, "Actual Rows": 1605, "Actual Loops": 1, "Inner Unique": false, "Join Filter": "(c.userid = u.id)", "Rows Removed by Join Filter": 0, "Plans": [{"Node Type": "Nested Loop", "Parent Relationship": "Outer", "Parallel Aware": false, "Async Capable": false, "Join Type": "Inner", "Startup Cost": 0.29, "Total Cost": 1498.48, "Plan Rows": 1.0, "Plan Width": 8, "Actual Rows": 8, "Actual Loops": 1, "Inner Unique": false, "Plans": [{"Node Type": "Seq Scan", "Parent Relationship": "Outer", "Parallel Aware": false, "Async Capable": false, "Relation Name": "users", "Alias": "u", "Startup Cost": 0.0, "Total Cost": 1002.69, "Plan Rows": 36, "Plan Width": 4, "Actual Rows": 25, "Actual Loops": 1, "Filter": "((reputation >= 2055) AND (creationdate >= '2011-12-23 12:00:58'::timestamp without time zone) AND (creationdate <= '2013-03-11 07:44:05'::timestamp without time zone))", "Rows Removed by Filter": 40300}, {"Node Type": "Index Scan", "Parent Relationship": "Inner", "Parallel Aware": false, "Async Capable": false, "Scan Direction": "Forward", "Index Name": "idx_posts_owneruserid", "Relation Name": "posts", "Alias": "p", "Startup Cost": 0.29, "Total Cost": 13.76, "Plan Rows": 1, "Plan Width": 4, "Actual Rows": 0, "Actual Loops": 25, "Index Cond": "(owneruserid = u.id)", "Rows Removed by Index Recheck": 0, "Filter": "((answercount >= 1) AND (answercount <= 113) AND (commentcount >= 0) AND (commentcount <= 7) AND (creationdate >= '2013-09-25 00:17:11'::timestamp without time zone) AND (creationdate <= '2013-11-28 22:04:33'::timestamp without time zone))", "Rows Removed by Filter": 147}]}, {"Node Type": "Index Scan", "Parent Relationship": "Inner", "Parallel Aware": false, "Async Capable": false, "Scan Direction": "Forward", "Index Name": "idx_comments_userid", "Relation Name": "comments", "Alias": "c", "Startup Cost": 0.29, "Total Cost": 4.25, "Plan Rows": 13, "Plan Width": 4, "Actual Rows": 201, "Actual Loops": 8, "Index Cond": "(userid = p.owneruserid)", "Rows Removed by Index Recheck": 0, "Filter": "(creationdate >= '2010-04-29 13:14:32'::timestamp without time zone)", "Rows Removed by Filter": 0}]}]}, "Planning Time": 0.698, "Triggers": [], "Execution Time": 3.72}, {"Plan": {"Node Type": "Aggregate", "Strategy": "Plain", "Partial Mode": "Simple", "Parallel Aware": false, "Async Capable": false, "Startup Cost": 1504.99, "Total Cost": 1505.0, "Plan Rows": 1, "Plan Width": 8, "Actual Rows": 1, "Actual Loops": 1, "Plans": [{"Node Type": "Nested Loop", "Parent Relationship": "Outer", "Parallel Aware": false, "Async Capable": false, "Join Type": "Inner", "Startup Cost": 0.59, "Total Cost": 1502.89, "Plan Rows": 1.0, "Plan Width": 0, "Actual Rows": 1605, "Actual Loops": 1, "Inner Unique": false, "Join Filter": "(c.userid = u.id)", "Rows Removed by Join Filter": 0, "Plans": [{"Node Type": "Nested Loop", "Parent Relationship": "Outer", "Parallel Aware": false, "Async Capable": false, "Join Type": "Inner", "Startup Cost": 0.29, "Total Cost": 1498.48, "Plan Rows": 1.0, "Plan Width": 8, "Actual Rows": 8, "Actual Loops": 1, "Inner Unique": false, "Plans": [{"Node Type": "Seq Scan", "Parent Relationship": "Outer", "Parallel Aware": false, "Async Capable": false, "Relation Name": "users", "Alias": "u", "Startup Cost": 0.0, "Total Cost": 1002.69, "Plan Rows": 36, "Plan Width": 4, "Actual Rows": 25, "Actual Loops": 1, "Filter": "((reputation >= 2055) AND (creationdate >= '2011-12-23 12:00:58'::timestamp without time zone) AND (creationdate <= '2013-03-11 07:44:05'::timestamp without time zone))", "Rows Removed by Filter": 40300}, {"Node Type": "Index Scan", "Parent Relationship": "Inner", "Parallel Aware": false, "Async Capable": false, "Scan Direction": "Forward", "Index Name": "idx_posts_owneruserid", "Relation Name": "posts", "Alias": "p", "Startup Cost": 0.29, "Total Cost": 13.76, "Plan Rows": 1, "Plan Width": 4, "Actual Rows": 0, "Actual Loops": 25, "Index Cond": "(owneruserid = u.id)", "Rows Removed by Index Recheck": 0, "Filter": "((answercount >= 1) AND (answercount <= 113) AND (commentcount >= 0) AND (commentcount <= 7) AND (creationdate >= '2013-09-25 00:17:11'::timestamp without time zone) AND (creationdate <= '2013-11-28 22:04:33'::timestamp without time zone))", "Rows Removed by Filter": 147}]}, {"Node Type": "Index Scan", "Parent Relationship": "Inner", "Parallel Aware": false, "Async Capable": false, "Scan Direction": "Forward", "Index Name": "idx_comments_userid", "Relation Name": "comments", "Alias": "c", "Startup Cost": 0.29, "Total Cost": 4.25, "Plan Rows": 13, "Plan Width": 4, "Actual Rows": 201, "Actual Loops": 8, "Index Cond": "(userid = p.owneruserid)", "Rows Removed by Index Recheck": 0, "Filter": "(creationdate >= '2010-04-29 13:14:32'::timestamp without time zone)", "Rows Removed by Filter": 0}]}]}, "Planning Time": 0.59, "Triggers": [], "Execution Time": 3.084}, {"Plan": {"Node Type": "Aggregate", "Strategy": "Plain", "Partial Mode": "Simple", "Parallel Aware": false, "Async Capable": false, "Startup Cost": 5582.02, "Total Cost": 5582.03, "Plan Rows": 1, "Plan Width": 8, "Actual Rows": 1, "Actual Loops": 1, "Plans": [{"Node Type": "Hash Join", "Parent Relationship": "Outer", "Parallel Aware": false, "Async Capable": false, "Join Type": "Inner", "Startup Cost": 2428.71, "Total Cost": 5579.93, "Plan Rows": 1.0, "Plan Width": 0, "Actual Rows": 1605, "Actual Loops": 1, "Inner Unique": false, "Hash Cond": "(p.owneruserid = u.id)", "Plans": [{"Node Type": "Seq Scan", "Parent Relationship": "Outer", "Parallel Aware": false, "Async Capable": false, "Relation Name": "posts", "Alias": "p", "Startup Cost": 0.0, "Total Cost": 3139.4, "Plan Rows": 1568, "Plan Width": 4, "Actual Rows": 1511, "Actual Loops": 1, "Filter": "((answercount >= 1) AND (answercount <= 113) AND (commentcount >= 0) AND (commentcount <= 7) AND (creationdate >= '2013-09-25 00:17:11'::timestamp without time zone) AND (creationdate <= '2013-11-28 22:04:33'::timestamp without time zone))", "Rows Removed by Filter": 90465}, {"Node Type": "Hash", "Parent Relationship": "Inner", "Parallel Aware": false, "Async Capable": false, "Startup Cost": 2426.79, "Total Cost": 2426.79, "Plan Rows": 32.0, "Plan Width": 8, "Actual Rows": 9898, "Actual Loops": 1, "Hash Buckets": 16384, "Original Hash Buckets": 1024, "Hash Batches": 1, "Original Hash Batches": 1, "Peak Memory Usage": 515, "Plans": [{"Node Type": "Nested Loop", "Parent Relationship": "Outer", "Parallel Aware": false, "Async Capable": false, "Join Type": "Inner", "Startup Cost": 0.29, "Total Cost": 2426.79, "Plan Rows": 32.0, "Plan Width": 8, "Actual Rows": 9898, "Actual Loops": 1, "Inner Unique": false, "Plans": [{"Node Type": "Seq Scan", "Parent Relationship": "Outer", "Parallel Aware": false, "Async Capable": false, "Relation Name": "users", "Alias": "u", "Startup Cost": 0.0, "Total Cost": 1002.69, "Plan Rows": 36, "Plan Width": 4, "Actual Rows": 25, "Actual Loops": 1, "Filter": "((reputation >= 2055) AND (creationdate >= '2011-12-23 12:00:58'::timestamp without time zone) AND (creationdate <= '2013-03-11 07:44:05'::timestamp without time zone))", "Rows Removed by Filter": 40300}, {"Node Type": "Index Scan", "Parent Relationship": "Inner", "Parallel Aware": false, "Async Capable": false, "Scan Direction": "Forward", "Index Name": "idx_comments_userid", "Relation Name": "comments", "Alias": "c", "Startup Cost": 0.29, "Total Cost": 39.43, "Plan Rows": 13, "Plan Width": 4, "Actual Rows": 396, "Actual Loops": 25, "Index Cond": "(userid = u.id)", "Rows Removed by Index Recheck": 0, "Filter": "(creationdate >= '2010-04-29 13:14:32'::timestamp without time zone)", "Rows Removed by Filter": 0}]}]}]}]}, "Planning Time": 0.716, "Triggers": [], "Execution Time": 23.906}, {"Plan": {"Node Type": "Aggregate", "Strategy": "Plain", "Partial Mode": "Simple", "Parallel Aware": false, "Async Capable": false, "Startup Cost": 18522.9, "Total Cost": 18522.91, "Plan Rows": 1, "Plan Width": 8, "Actual Rows": 1, "Actual Loops": 1, "Plans": [{"Node Type": "Merge Join", "Parent Relationship": "Outer", "Parallel Aware": false, "Async Capable": false, "Join Type": "Inner", "Startup Cost": 0.88, "Total Cost": 18520.81, "Plan Rows": 1.0, "Plan Width": 0, "Actual Rows": 1605, "Actual Loops": 1, "Inner Unique": false, "Merge Cond": "(u.id = p.owneruserid)", "Plans": [{"Node Type": "Index Scan", "Parent Relationship": "Outer", "Parallel Aware": false, "Async Capable": false, "Scan Direction": "Forward", "Index Name": "users_pkey", "Relation Name": "users", "Alias": "u", "Startup Cost": 0.29, "Total Cost": 1659.6, "Plan Rows": 36, "Plan Width": 4, "Actual Rows": 25, "Actual Loops": 1, "Filter": "((reputation >= 2055) AND (creationdate >= '2011-12-23 12:00:58'::timestamp without time zone) AND (creationdate <= '2013-03-11 07:44:05'::timestamp without time zone))", "Rows Removed by Filter": 40300}, {"Node Type": "Materialize", "Parent Relationship": "Inner", "Parallel Aware": false, "Async Capable": false, "Startup Cost": 0.59, "Total Cost": 14729.8, "Plan Rows": 9.0, "Plan Width": 8, "Actual Rows": 35337, "Actual Loops": 1, "Plans": [{"Node Type": "Nested Loop", "Parent Relationship": "Outer", "Parallel Aware": false, "Async Capable": false, "Join Type": "Inner", "Startup Cost": 0.59, "Total Cost": 12347.89, "Plan Rows": 9.0, "Plan Width": 8, "Actual Rows": 35337, "Actual Loops": 1, "Inner Unique": false, "Plans": [{"Node Type": "Index Scan", "Parent Relationship": "Outer", "Parallel Aware": false, "Async Capable": false, "Scan Direction": "Forward", "Index Name": "idx_posts_owneruserid", "Relation Name": "posts", "Alias": "p", "Startup Cost": 0.29, "Total Cost": 5473.31, "Plan Rows": 1568, "Plan Width": 4, "Actual Rows": 382, "Actual Loops": 1, "Filter": "((answercount >= 1) AND (answercount <= 113) AND (commentcount >= 0) AND (commentcount <= 7) AND (creationdate >= '2013-09-25 00:17:11'::timestamp without time zone) AND (creationdate <= '2013-11-28 22:04:33'::timestamp without time zone))", "Rows Removed by Filter": 59316}, {"Node Type": "Index Scan", "Parent Relationship": "Inner", "Parallel Aware": false, "Async Capable": false, "Scan Direction": "Forward", "Index Name": "idx_comments_userid", "Relation Name": "comments", "Alias": "c", "Startup Cost": 0.29, "Total Cost": 4.25, "Plan Rows": 13, "Plan Width": 4, "Actual Rows": 93, "Actual Loops": 382, "Index Cond": "(userid = p.owneruserid)", "Rows Removed by Index Recheck": 0, "Filter": "(creationdate >= '2010-04-29 13:14:32'::timestamp without time zone)", "Rows Removed by Filter": 0}]}]}]}]}, "Planning Time": 1.03, "Triggers": [], "Execution Time": 65.494}, {"Plan": {"Node Type": "Aggregate", "Strategy": "Plain", "Partial Mode": "Simple", "Parallel Aware": false, "Async Capable": false, "Startup Cost": 13412.43, "Total Cost": 13412.44, "Plan Rows": 1, "Plan Width": 8, "Actual Rows": 1, "Actual Loops": 1, "Plans": [{"Node Type": "Hash Join", "Parent Relationship": "Outer", "Parallel Aware": false, "Async Capable": false, "Join Type": "Inner", "Startup Cost": 1003.44, "Total Cost": 13410.34, "Plan Rows": 1.0, "Plan Width": 0, "Actual Rows": 1605, "Actual Loops": 1, "Inner Unique": true, "Hash Cond": "(p.owneruserid = u.id)", "Plans": [{"Node Type": "Nested Loop", "Parent Relationship": "Outer", "Parallel Aware": false, "Async Capable": false, "Join Type": "Inner", "Startup Cost": 0.3, "Total Cost": 9905.94, "Plan Rows": 9.0, "Plan Width": 8, "Actual Rows": 54545, "Actual Loops": 1, "Inner Unique": false, "Plans": [{"Node Type": "Seq Scan", "Parent Relationship": "Outer", "Parallel Aware": false, "Async Capable": false, "Relation Name": "posts", "Alias": "p", "Startup Cost": 0.0, "Total Cost": 3139.4, "Plan Rows": 1568, "Plan Width": 4, "Actual Rows": 1511, "Actual Loops": 1, "Filter": "((answercount >= 1) AND (answercount <= 113) AND (commentcount >= 0) AND (commentcount <= 7) AND (creationdate >= '2013-09-25 00:17:11'::timestamp without time zone) AND (creationdate <= '2013-11-28 22:04:33'::timestamp without time zone))", "Rows Removed by Filter": 90465}, {"Node Type": "Memoize", "Parent Relationship": "Inner", "Parallel Aware": false, "Async Capable": false, "Startup Cost": 0.3, "Total Cost": 4.26, "Plan Rows": 13, "Plan Width": 4, "Actual Rows": 36, "Actual Loops": 1511, "Cache Key": "p.owneruserid", "Cache Mode": "logical", "Cache Hits": 399, "Cache Misses": 1112, "Cache Evictions": 0, "Cache Overflows": 0, "Peak Memory Usage": 1281, "Plans": [{"Node Type": "Index Scan", "Parent Relationship": "Outer", "Parallel Aware": false, "Async Capable": false, "Scan Direction": "Forward", "Index Name": "idx_comments_userid", "Relation Name": "comments", "Alias": "c", "Startup Cost": 0.29, "Total Cost": 4.25, "Plan Rows": 13, "Plan Width": 4, "Actual Rows": 31, "Actual Loops": 1112, "Index Cond": "(userid = p.owneruserid)", "Rows Removed by Index Recheck": 0, "Filter": "(creationdate >= '2010-04-29 13:14:32'::timestamp without time zone)", "Rows Removed by Filter": 0}]}]}, {"Node Type": "Hash", "Parent Relationship": "Inner", "Parallel Aware": false, "Async Capable": false, "Startup Cost": 1002.69, "Total Cost": 1002.69, "Plan Rows": 36, "Plan Width": 4, "Actual Rows": 25, "Actual Loops": 1, "Hash Buckets": 1024, "Original Hash Buckets": 1024, "Hash Batches": 1, "Original Hash Batches": 1, "Peak Memory Usage": 9, "Plans": [{"Node Type": "Seq Scan", "Parent Relationship": "Outer", "Parallel Aware": false, "Async Capable": false, "Relation Name": "users", "Alias": "u", "Startup Cost": 0.0, "Total Cost": 1002.69, "Plan Rows": 36, "Plan Width": 4, "Actual Rows": 25, "Actual Loops": 1, "Filter": "((reputation >= 2055) AND (creationdate >= '2011-12-23 12:00:58'::timestamp without time zone) AND (creationdate <= '2013-03-11 07:44:05'::timestamp without time zone))", "Rows Removed by Filter": 40300}]}]}]}, "Planning Time": 1.163, "Triggers": [], "Execution Time": 57.272}, {"Plan": {"Node Type": "Aggregate", "Strategy": "Plain", "Partial Mode": "Simple", "Parallel Aware": false, "Async Capable": false, "Startup Cost": 2498.85, "Total Cost": 2498.86, "Plan Rows": 1, "Plan Width": 8, "Actual Rows": 1, "Actual Loops": 1, "Plans": [{"Node Type": "Nested Loop", "Parent Relationship": "Outer", "Parallel Aware": false, "Async Capable": false, "Join Type": "Inner", "Startup Cost": 0.59, "Total Cost": 2496.76, "Plan Rows": 1.0, "Plan Width": 0, "Actual Rows": 1605, "Actual Loops": 1, "Inner Unique": false, "Join Filter": "(p.owneruserid = u.id)", "Rows Removed by Join Filter": 0, "Plans": [{"Node Type": "Nested Loop", "Parent Relationship": "Outer", "Parallel Aware": false, "Async Capable": false, "Join Type": "Inner", "Startup Cost": 0.29, "Total Cost": 2426.79, "Plan Rows": 32.0, "Plan Width": 8, "Actual Rows": 9898, "Actual Loops": 1, "Inner Unique": false, "Plans": [{"Node Type": "Seq Scan", "Parent Relationship": "Outer", "Parallel Aware": false, "Async Capable": false, "Relation Name": "users", "Alias": "u", "Startup Cost": 0.0, "Total Cost": 1002.69, "Plan Rows": 36, "Plan Width": 4, "Actual Rows": 25, "Actual Loops": 1, "Filter": "((reputation >= 2055) AND (creationdate >= '2011-12-23 12:00:58'::timestamp without time zone) AND (creationdate <= '2013-03-11 07:44:05'::timestamp without time zone))", "Rows Removed by Filter": 40300}, {"Node Type": "Index Scan", "Parent Relationship": "Inner", "Parallel Aware": false, "Async Capable": false, "Scan Direction": "Forward", "Index Name": "idx_comments_userid", "Relation Name": "comments", "Alias": "c", "Startup Cost": 0.29, "Total Cost": 39.43, "Plan Rows": 13, "Plan Width": 4, "Actual Rows": 396, "Actual Loops": 25, "Index Cond": "(userid = u.id)", "Rows Removed by Index Recheck": 0, "Filter": "(creationdate >= '2010-04-29 13:14:32'::timestamp without time zone)", "Rows Removed by Filter": 0}]}, {"Node Type": "Index Scan", "Parent Relationship": "Inner", "Parallel Aware": false, "Async Capable": false, "Scan Direction": "Forward", "Index Name": "idx_posts_owneruserid", "Relation Name": "posts", "Alias": "p", "Startup Cost": 0.29, "Total Cost": 0.44, "Plan Rows": 1, "Plan Width": 4, "Actual Rows": 0, "Actual Loops": 9898, "Index Cond": "(owneruserid = c.userid)", "Rows Removed by Index Recheck": 0, "Filter": "((answercount >= 1) AND (answercount <= 113) AND (commentcount >= 0) AND (commentcount <= 7) AND (creationdate >= '2013-09-25 00:17:11'::timestamp without time zone) AND (creationdate <= '2013-11-28 22:04:33'::timestamp without time zone))", "Rows Removed by Filter": 388}]}]}, "Planning Time": 0.949, "Triggers": [], "Execution Time": 528.576}, {"Plan": {"Node Type": "Aggregate", "Strategy": "Plain", "Partial Mode": "Finalize", "Parallel Aware": false, "Async Capable": false, "Startup Cost": 5509.36, "Total Cost": 5509.37, "Plan Rows": 1, "Plan Width": 8, "Actual Rows": 1, "Actual Loops": 1, "Plans": [{"Node Type": "Gather", "Parent Relationship": "Outer", "Parallel Aware": false, "Async Capable": false, "Startup Cost": 5509.25, "Total Cost": 5509.36, "Plan Rows": 1, "Plan Width": 8, "Actual Rows": 2, "Actual Loops": 1, "Workers Planned": 1, "Workers Launched": 1, "Single Copy": false, "Plans": [{"Node Type": "Aggregate", "Strategy": "Plain", "Partial Mode": "Partial", "Parent Relationship": "Outer", "Parallel Aware": false, "Async Capable": false, "Startup Cost": 4509.25, "Total Cost": 4509.26, "Plan Rows": 1, "Plan Width": 8, "Actual Rows": 1, "Actual Loops": 2, "Workers": [], "Plans": [{"Node Type": "Hash Join", "Parent Relationship": "Outer", "Parallel Aware": false, "Async Capable": false, "Join Type": "Inner", "Startup Cost": 1498.49, "Total Cost": 4508.01, "Plan Rows": 1.0, "Plan Width": 0, "Actual Rows": 802, "Actual Loops": 2, "Inner Unique": false, "Hash Cond": "(c.userid = u.id)", "Workers": [], "Plans": [{"Node Type": "Seq Scan", "Parent Relationship": "Outer", "Parallel Aware": true, "Async Capable": false, "Relation Name": "comments", "Alias": "c", "Startup Cost": 0.0, "Total Cost": 2625.65, "Plan Rows": 102360, "Plan Width": 4, "Actual Rows": 87138, "Actual Loops": 2, "Filter": "(creationdate >= '2010-04-29 13:14:32'::timestamp without time zone)", "Rows Removed by Filter": 14, "Workers": []}, {"Node Type": "Hash", "Parent Relationship": "Inner", "Parallel Aware": false, "Async Capable": false, "Startup Cost": 1498.48, "Total Cost": 1498.48, "Plan Rows": 1.0, "Plan Width": 8, "Actual Rows": 8, "Actual Loops": 2, "Hash Buckets": 1024, "Original Hash Buckets": 1024, "Hash Batches": 1, "Original Hash Batches": 1, "Peak Memory Usage": 9, "Workers": [], "Plans": [{"Node Type": "Nested Loop", "Parent Relationship": "Outer", "Parallel Aware": false, "Async Capable": false, "Join Type": "Inner", "Startup Cost": 0.29, "Total Cost": 1498.48, "Plan Rows": 1.0, "Plan Width": 8, "Actual Rows": 8, "Actual Loops": 2, "Inner Unique": false, "Workers": [], "Plans": [{"Node Type": "Seq Scan", "Parent Relationship": "Outer", "Parallel Aware": false, "Async Capable": false, "Relation Name": "users", "Alias": "u", "Startup Cost": 0.0, "Total Cost": 1002.69, "Plan Rows": 36, "Plan Width": 4, "Actual Rows": 25, "Actual Loops": 2, "Filter": "((reputation >= 2055) AND (creationdate >= '2011-12-23 12:00:58'::timestamp without time zone) AND (creationdate <= '2013-03-11 07:44:05'::timestamp without time zone))", "Rows Removed by Filter": 40300, "Workers": []}, {"Node Type": "Index Scan", "Parent Relationship": "Inner", "Parallel Aware": false, "Async Capable": false, "Scan Direction": "Forward", "Index Name": "idx_posts_owneruserid", "Relation Name": "posts", "Alias": "p", "Startup Cost": 0.29, "Total Cost": 13.76, "Plan Rows": 1, "Plan Width": 4, "Actual Rows": 0, "Actual Loops": 50, "Index Cond": "(owneruserid = u.id)", "Rows Removed by Index Recheck": 0, "Filter": "((answercount >= 1) AND (answercount <= 113) AND (commentcount >= 0) AND (commentcount <= 7) AND (creationdate >= '2013-09-25 00:17:11'::timestamp without time zone) AND (creationdate <= '2013-11-28 22:04:33'::timestamp without time zone))", "Rows Removed by Filter": 147, "Workers": []}]}]}]}]}]}]}, "Planning Time": 0.878, "Triggers": [], "Execution Time": 30.463}, {"Plan": {"Node Type": "Aggregate", "Strategy": "Plain", "Partial Mode": "Finalize", "Parallel Aware": false, "Async Capable": false, "Startup Cost": 4940.01, "Total Cost": 4940.02, "Plan Rows": 1, "Plan Width": 8, "Actual Rows": 1, "Actual Loops": 1, "Plans": [{"Node Type": "Gather", "Parent Relationship": "Outer", "Parallel Aware": false, "Async Capable": false, "Startup Cost": 4939.9, "Total Cost": 4940.01, "Plan Rows": 1, "Plan Width": 8, "Actual Rows": 2, "Actual Loops": 1, "Workers Planned": 1, "Workers Launched": 1, "Single Copy": false, "Plans": [{"Node Type": "Aggregate", "Strategy": "Plain", "Partial Mode": "Partial", "Parent Relationship": "Outer", "Parallel Aware": false, "Async Capable": false, "Startup Cost": 3939.9, "Total Cost": 3939.91, "Plan Rows": 1, "Plan Width": 8, "Actual Rows": 1, "Actual Loops": 2, "Workers": [], "Plans": [{"Node Type": "Nested Loop", "Parent Relationship": "Outer", "Parallel Aware": false, "Async Capable": false, "Join Type": "Inner", "Startup Cost": 1003.43, "Total Cost": 3938.67, "Plan Rows": 1.0, "Plan Width": 0, "Actual Rows": 802, "Actual Loops": 2, "Inner Unique": false, "Join Filter": "(p.owneruserid = u.id)", "Rows Removed by Join Filter": 0, "Workers": [], "Plans": [{"Node Type": "Hash Join", "Parent Relationship": "Outer", "Parallel Aware": false, "Async Capable": false, "Join Type": "Inner", "Startup Cost": 1003.14, "Total Cost": 3897.51, "Plan Rows": 32.0, "Plan Width": 8, "Actual Rows": 4949, "Actual Loops": 2, "Inner Unique": true, "Hash Cond": "(c.userid = u.id)", "Workers": [], "Plans": [{"Node Type": "Seq Scan", "Parent Relationship": "Outer", "Parallel Aware": true, "Async Capable": false, "Relation Name": "comments", "Alias": "c", "Startup Cost": 0.0, "Total Cost": 2625.65, "Plan Rows": 102360, "Plan Width": 4, "Actual Rows": 87138, "Actual Loops": 2, "Filter": "(creationdate >= '2010-04-29 13:14:32'::timestamp without time zone)", "Rows Removed by Filter": 14, "Workers": []}, {"Node Type": "Hash", "Parent Relationship": "Inner", "Parallel Aware": false, "Async Capable": false, "Startup Cost": 1002.69, "Total Cost": 1002.69, "Plan Rows": 36, "Plan Width": 4, "Actual Rows": 25, "Actual Loops": 2, "Hash Buckets": 1024, "Original Hash Buckets": 1024, "Hash Batches": 1, "Original Hash Batches": 1, "Peak Memory Usage": 9, "Workers": [], "Plans": [{"Node Type": "Seq Scan", "Parent Relationship": "Outer", "Parallel Aware": false, "Async Capable": false, "Relation Name": "users", "Alias": "u", "Startup Cost": 0.0, "Total Cost": 1002.69, "Plan Rows": 36, "Plan Width": 4, "Actual Rows": 25, "Actual Loops": 2, "Filter": "((reputation >= 2055) AND (creationdate >= '2011-12-23 12:00:58'::timestamp without time zone) AND (creationdate <= '2013-03-11 07:44:05'::timestamp without time zone))", "Rows Removed by Filter": 40300, "Workers": []}]}]}, {"Node Type": "Index Scan", "Parent Relationship": "Inner", "Parallel Aware": false, "Async Capable": false, "Scan Direction": "Forward", "Index Name": "idx_posts_owneruserid", "Relation Name": "posts", "Alias": "p", "Startup Cost": 0.29, "Total Cost": 0.44, "Plan Rows": 1, "Plan Width": 4, "Actual Rows": 0, "Actual Loops": 9898, "Index Cond": "(owneruserid = c.userid)", "Rows Removed by Index Recheck": 0, "Filter": "((answercount >= 1) AND (answercount <= 113) AND (commentcount >= 0) AND (commentcount <= 7) AND (creationdate >= '2013-09-25 00:17:11'::timestamp without time zone) AND (creationdate <= '2013-11-28 22:04:33'::timestamp without time zone))", "Rows Removed by Filter": 388, "Workers": []}]}]}]}]}, "Planning Time": 0.877, "Triggers": [], "Execution Time": 381.265}]