[{"Plan": {"Node Type": "Aggregate", "Strategy": "Plain", "Partial Mode": "Simple", "Parallel Aware": false, "Async Capable": false, "Startup Cost": 1144.72, "Total Cost": 1144.73, "Plan Rows": 1, "Plan Width": 8, "Actual Rows": 1, "Actual Loops": 1, "Plans": [{"Node Type": "Nested Loop", "Parent Relationship": "Outer", "Parallel Aware": false, "Async Capable": false, "Join Type": "Inner", "Startup Cost": 1.14, "Total Cost": 1144.72, "Plan Rows": 1.0, "Plan Width": 0, "Actual Rows": 30, "Actual Loops": 1, "Inner Unique": false, "Plans": [{"Node Type": "Nested Loop", "Parent Relationship": "Outer", "Parallel Aware": false, "Async Capable": false, "Join Type": "Inner", "Startup Cost": 0.71, "Total Cost": 1143.66, "Plan Rows": 1.0, "Plan Width": 8, "Actual Rows": 23, "Actual Loops": 1, "Inner Unique": false, "Plans": [{"Node Type": "Nested Loop", "Parent Relationship": "Outer", "Parallel Aware": false, "Async Capable": false, "Join Type": "Inner", "Startup Cost": 0.29, "Total Cost": 1135.06, "Plan Rows": 1.0, "Plan Width": 4, "Actual Rows": 171, "Actual Loops": 1, "Inner Unique": false, "Plans": [{"Node Type": "Seq Scan", "Parent Relationship": "Outer", "Parallel Aware": false, "Async Capable": false, "Relation Name": "users", "Alias": "u", "Startup Cost": 0.0, "Total Cost": 901.88, "Plan Rows": 16, "Plan Width": 4, "Actual Rows": 21, "Actual Loops": 1, "Filter": "((creationdate <= '2014-03-16 15:38:51'::timestamp without time zone) AND (downvotes = 6))", "Rows Removed by Filter": 40304}, {"Node Type": "Index Scan", "Parent Relationship": "Inner", "Parallel Aware": false, "Async Capable": false, "Scan Direction": "Forward", "Index Name": "idx_posts_owneruserid", "Relation Name": "posts", "Alias": "p", "Startup Cost": 0.29, "Total Cost": 14.56, "Plan Rows": 1, "Plan Width": 8, "Actual Rows": 8, "Actual Loops": 21, "Index Cond": "(owneruserid = u.id)", "Rows Removed by Index Recheck": 0, "Filter": "((answercount >= 0) AND (answercount <= 16) AND (posttypeid = 1))", "Rows Removed by Filter": 79}]}, {"Node Type": "Index Scan", "Parent Relationship": "Inner", "Parallel Aware": false, "Async Capable": false, "Scan Direction": "Forward", "Index Name": "idx_votes_postid", "Relation Name": "votes", "Alias": "v", "Startup Cost": 0.42, "Total Cost": 1.06, "Plan Rows": 1, "Plan Width": 4, "Actual Rows": 0, "Actual Loops": 171, "Index Cond": "(postid = p.id)", "Rows Removed by Index Recheck": 0, "Filter": "((creationdate >= '2011-07-11 05:01:53'::timestamp without time zone) AND (creationdate <= '2011-10-02 08:55:34'::timestamp without time zone))", "Rows Removed by Filter": 7}]}, {"Node Type": "Index Scan", "Parent Relationship": "Inner", "Parallel Aware": false, "Async Capable": false, "Scan Direction": "Forward", "Index Name": "idx_posthistory_postid", "Relation Name": "posthistory", "Alias": "ph", "Startup Cost": 0.42, "Total Cost": 1.05, "Plan Rows": 1, "Plan Width": 4, "Actual Rows": 1, "Actual Loops": 23, "Index Cond": "(postid = p.id)", "Rows Removed by Index Recheck": 0, "Filter": "(creationdate <= '2011-05-03 23:18:20'::timestamp without time zone)", "Rows Removed by Filter": 4}]}]}, "Planning Time": 1.085, "Triggers": [], "Execution Time": 4.901}, {"Plan": {"Node Type": "Aggregate", "Strategy": "Plain", "Partial Mode": "Simple", "Parallel Aware": false, "Async Capable": false, "Startup Cost": 10583.79, "Total Cost": 10583.8, "Plan Rows": 1, "Plan Width": 8, "Actual Rows": 1, "Actual Loops": 1, "Plans": [{"Node Type": "Gather", "Parent Relationship": "Outer", "Parallel Aware": false, "Async Capable": false, "Startup Cost": 3700.53, "Total Cost": 10583.79, "Plan Rows": 1, "Plan Width": 0, "Actual Rows": 30, "Actual Loops": 1, "Workers Planned": 1, "Workers Launched": 1, "Single Copy": false, "Plans": [{"Node Type": "Nested Loop", "Parent Relationship": "Outer", "Parallel Aware": false, "Async Capable": false, "Join Type": "Inner", "Startup Cost": 2700.53, "Total Cost": 9583.69, "Plan Rows": 1.0, "Plan Width": 0, "Actual Rows": 15, "Actual Loops": 2, "Inner Unique": true, "Workers": [], "Plans": [{"Node Type": "Nested Loop", "Parent Relationship": "Outer", "Parallel Aware": false, "Async Capable": false, "Join Type": "Inner", "Startup Cost": 2700.24, "Total Cost": 9412.5, "Plan Rows": 10.0, "Plan Width": 4, "Actual Rows": 2154, "Actual Loops": 2, "Inner Unique": false, "Workers": [], "Plans": [{"Node Type": "Hash Join", "Parent Relationship": "Outer", "Parallel Aware": false, "Async Capable": false, "Join Type": "Inner", "Startup Cost": 2699.82, "Total Cost": 7773.11, "Plan Rows": 40.0, "Plan Width": 12, "Actual Rows": 2366, "Actual Loops": 2, "Inner Unique": true, "Hash Cond": "(v.postid = p.id)", "Workers": [], "Plans": [{"Node Type": "Seq Scan", "Parent Relationship": "Outer", "Parallel Aware": true, "Async Capable": false, "Relation Name": "votes", "Alias": "v", "Startup Cost": 0.0, "Total Cost": 5054.68, "Plan Rows": 7091, "Plan Width": 4, "Actual Rows": 5860, "Actual Loops": 2, "Filter": "((creationdate >= '2011-07-11 05:01:53'::timestamp without time zone) AND (creationdate <= '2011-10-02 08:55:34'::timestamp without time zone))", "Rows Removed by Filter": 158172, "Workers": []}, {"Node Type": "Hash", "Parent Relationship": "Inner", "Parallel Aware": false, "Async Capable": false, "Startup Cost": 2449.58, "Total Cost": 2449.58, "Plan Rows": 20019, "Plan Width": 8, "Actual Rows": 42900, "Actual Loops": 2, "Hash Buckets": 65536, "Original Hash Buckets": 32768, "Hash Batches": 1, "Original Hash Batches": 1, "Peak Memory Usage": 2185, "Workers": [], "Plans": [{"Node Type": "Seq Scan", "Parent Relationship": "Outer", "Parallel Aware": false, "Async Capable": false, "Relation Name": "posts", "Alias": "p", "Startup Cost": 0.0, "Total Cost": 2449.58, "Plan Rows": 20019, "Plan Width": 8, "Actual Rows": 42900, "Actual Loops": 2, "Filter": "((answercount >= 0) AND (answercount <= 16) AND (posttypeid = 1))", "Rows Removed by Filter": 49076, "Workers": []}]}]}, {"Node Type": "Index Scan", "Parent Relationship": "Inner", "Parallel Aware": false, "Async Capable": false, "Scan Direction": "Forward", "Index Name": "idx_posthistory_postid", "Relation Name": "posthistory", "Alias": "ph", "Startup Cost": 0.42, "Total Cost": 1.05, "Plan Rows": 1, "Plan Width": 4, "Actual Rows": 1, "Actual Loops": 4731, "Index Cond": "(postid = p.id)", "Rows Removed by Index Recheck": 0, "Filter": "(creationdate <= '2011-05-03 23:18:20'::timestamp without time zone)", "Rows Removed by Filter": 5, "Workers": []}]}, {"Node Type": "Index Scan", "Parent Relationship": "Inner", "Parallel Aware": false, "Async Capable": false, "Scan Direction": "Forward", "Index Name": "users_pkey", "Relation Name": "users", "Alias": "u", "Startup Cost": 0.29, "Total Cost": 0.39, "Plan Rows": 1, "Plan Width": 4, "Actual Rows": 0, "Actual Loops": 4308, "Index Cond": "(id = p.owneruserid)", "Rows Removed by Index Recheck": 0, "Filter": "((creationdate <= '2014-03-16 15:38:51'::timestamp without time zone) AND (downvotes = 6))", "Rows Removed by Filter": 1, "Workers": []}]}]}]}, "Planning Time": 4.506, "Triggers": [], "Execution Time": 97.516}, {"Plan": {"Node Type": "Aggregate", "Strategy": "Plain", "Partial Mode": "Simple", "Parallel Aware": false, "Async Capable": false, "Startup Cost": 6670.19, "Total Cost": 6670.2, "Plan Rows": 1, "Plan Width": 8, "Actual Rows": 1, "Actual Loops": 1, "Plans": [{"Node Type": "Gather", "Parent Relationship": "Outer", "Parallel Aware": false, "Async Capable": false, "Startup Cost": 2143.67, "Total Cost": 6670.19, "Plan Rows": 1, "Plan Width": 0, "Actual Rows": 30, "Actual Loops": 1, "Workers Planned": 1, "Workers Launched": 1, "Single Copy": false, "Plans": [{"Node Type": "Hash Join", "Parent Relationship": "Outer", "Parallel Aware": false, "Async Capable": false, "Join Type": "Inner", "Startup Cost": 1143.67, "Total Cost": 5670.09, "Plan Rows": 1.0, "Plan Width": 0, "Actual Rows": 15, "Actual Loops": 2, "Inner Unique": false, "Hash Cond": "(ph.postid = p.id)", "Workers": [], "Plans": [{"Node Type": "Seq Scan", "Parent Relationship": "Outer", "Parallel Aware": true, "Async Capable": false, "Relation Name": "posthistory", "Alias": "ph", "Startup Cost": 0.0, "Total Cost": 4469.32, "Plan Rows": 15226, "Plan Width": 4, "Actual Rows": 12974, "Actual Loops": 2, "Filter": "(creationdate <= '2011-05-03 23:18:20'::timestamp without time zone)", "Rows Removed by Filter": 138619, "Workers": []}, {"Node Type": "Hash", "Parent Relationship": "Inner", "Parallel Aware": false, "Async Capable": false, "Startup Cost": 1143.66, "Total Cost": 1143.66, "Plan Rows": 1.0, "Plan Width": 8, "Actual Rows": 23, "Actual Loops": 2, "Hash Buckets": 1024, "Original Hash Buckets": 1024, "Hash Batches": 1, "Original Hash Batches": 1, "Peak Memory Usage": 9, "Workers": [], "Plans": [{"Node Type": "Nested Loop", "Parent Relationship": "Outer", "Parallel Aware": false, "Async Capable": false, "Join Type": "Inner", "Startup Cost": 0.71, "Total Cost": 1143.66, "Plan Rows": 1.0, "Plan Width": 8, "Actual Rows": 23, "Actual Loops": 2, "Inner Unique": false, "Workers": [], "Plans": [{"Node Type": "Nested Loop", "Parent Relationship": "Outer", "Parallel Aware": false, "Async Capable": false, "Join Type": "Inner", "Startup Cost": 0.29, "Total Cost": 1135.06, "Plan Rows": 1.0, "Plan Width": 4, "Actual Rows": 171, "Actual Loops": 2, "Inner Unique": false, "Workers": [], "Plans": [{"Node Type": "Seq Scan", "Parent Relationship": "Outer", "Parallel Aware": false, "Async Capable": false, "Relation Name": "users", "Alias": "u", "Startup Cost": 0.0, "Total Cost": 901.88, "Plan Rows": 16, "Plan Width": 4, "Actual Rows": 21, "Actual Loops": 2, "Filter": "((creationdate <= '2014-03-16 15:38:51'::timestamp without time zone) AND (downvotes = 6))", "Rows Removed by Filter": 40304, "Workers": []}, {"Node Type": "Index Scan", "Parent Relationship": "Inner", "Parallel Aware": false, "Async Capable": false, "Scan Direction": "Forward", "Index Name": "idx_posts_owneruserid", "Relation Name": "posts", "Alias": "p", "Startup Cost": 0.29, "Total Cost": 14.56, "Plan Rows": 1, "Plan Width": 8, "Actual Rows": 8, "Actual Loops": 42, "Index Cond": "(owneruserid = u.id)", "Rows Removed by Index Recheck": 0, "Filter": "((answercount >= 0) AND (answercount <= 16) AND (posttypeid = 1))", "Rows Removed by Filter": 79, "Workers": []}]}, {"Node Type": "Index Scan", "Parent Relationship": "Inner", "Parallel Aware": false, "Async Capable": false, "Scan Direction": "Forward", "Index Name": "idx_votes_postid", "Relation Name": "votes", "Alias": "v", "Startup Cost": 0.42, "Total Cost": 1.06, "Plan Rows": 1, "Plan Width": 4, "Actual Rows": 0, "Actual Loops": 342, "Index Cond": "(postid = p.id)", "Rows Removed by Index Recheck": 0, "Filter": "((creationdate >= '2011-07-11 05:01:53'::timestamp without time zone) AND (creationdate <= '2011-10-02 08:55:34'::timestamp without time zone))", "Rows Removed by Filter": 7, "Workers": []}]}]}]}]}]}, "Planning Time": 3.934, "Triggers": [], "Execution Time": 55.328}, {"Plan": {"Node Type": "Aggregate", "Strategy": "Plain", "Partial Mode": "Simple", "Parallel Aware": false, "Async Capable": false, "Startup Cost": 12111.63, "Total Cost": 12111.64, "Plan Rows": 1, "Plan Width": 8, "Actual Rows": 1, "Actual Loops": 1, "Plans": [{"Node Type": "Gather", "Parent Relationship": "Outer", "Parallel Aware": false, "Async Capable": false, "Startup Cost": 6794.8, "Total Cost": 12111.63, "Plan Rows": 1, "Plan Width": 0, "Actual Rows": 30, "Actual Loops": 1, "Workers Planned": 1, "Workers Launched": 1, "Single Copy": false, "Plans": [{"Node Type": "Hash Join", "Parent Relationship": "Outer", "Parallel Aware": false, "Async Capable": false, "Join Type": "Inner", "Startup Cost": 5794.8, "Total Cost": 11111.53, "Plan Rows": 1.0, "Plan Width": 0, "Actual Rows": 15, "Actual Loops": 2, "Inner Unique": false, "Hash Cond": "(ph.postid = p.id)", "Workers": [], "Plans": [{"Node Type": "Hash Join", "Parent Relationship": "Outer", "Parallel Aware": true, "Async Capable": false, "Join Type": "Inner", "Startup Cost": 4659.64, "Total Cost": 9967.51, "Plan Rows": 286.0, "Plan Width": 8, "Actual Rows": 3906, "Actual Loops": 2, "Inner Unique": false, "Hash Cond": "(v.postid = ph.postid)", "Workers": [], "Plans": [{"Node Type": "Seq Scan", "Parent Relationship": "Outer", "Parallel Aware": true, "Async Capable": false, "Relation Name": "votes", "Alias": "v", "Startup Cost": 0.0, "Total Cost": 5054.68, "Plan Rows": 7091, "Plan Width": 4, "Actual Rows": 5860, "Actual Loops": 2, "Filter": "((creationdate >= '2011-07-11 05:01:53'::timestamp without time zone) AND (creationdate <= '2011-10-02 08:55:34'::timestamp without time zone))", "Rows Removed by Filter": 158172, "Workers": []}, {"Node Type": "Hash", "Parent Relationship": "Inner", "Parallel Aware": true, "Async Capable": false, "Startup Cost": 4469.32, "Total Cost": 4469.32, "Plan Rows": 15226, "Plan Width": 4, "Actual Rows": 12974, "Actual Loops": 2, "Hash Buckets": 32768, "Original Hash Buckets": 32768, "Hash Batches": 1, "Original Hash Batches": 1, "Peak Memory Usage": 1312, "Workers": [], "Plans": [{"Node Type": "Seq Scan", "Parent Relationship": "Outer", "Parallel Aware": true, "Async Capable": false, "Relation Name": "posthistory", "Alias": "ph", "Startup Cost": 0.0, "Total Cost": 4469.32, "Plan Rows": 15226, "Plan Width": 4, "Actual Rows": 12974, "Actual Loops": 2, "Filter": "(creationdate <= '2011-05-03 23:18:20'::timestamp without time zone)", "Rows Removed by Filter": 138619, "Workers": []}]}]}, {"Node Type": "Hash", "Parent Relationship": "Inner", "Parallel Aware": false, "Async Capable": false, "Startup Cost": 1135.06, "Total Cost": 1135.06, "Plan Rows": 1.0, "Plan Width": 4, "Actual Rows": 171, "Actual Loops": 2, "Hash Buckets": 1024, "Original Hash Buckets": 1024, "Hash Batches": 1, "Original Hash Batches": 1, "Peak Memory Usage": 15, "Workers": [], "Plans": [{"Node Type": "Nested Loop", "Parent Relationship": "Outer", "Parallel Aware": false, "Async Capable": false, "Join Type": "Inner", "Startup Cost": 0.29, "Total Cost": 1135.06, "Plan Rows": 1.0, "Plan Width": 4, "Actual Rows": 171, "Actual Loops": 2, "Inner Unique": false, "Workers": [], "Plans": [{"Node Type": "Seq Scan", "Parent Relationship": "Outer", "Parallel Aware": false, "Async Capable": false, "Relation Name": "users", "Alias": "u", "Startup Cost": 0.0, "Total Cost": 901.88, "Plan Rows": 16, "Plan Width": 4, "Actual Rows": 21, "Actual Loops": 2, "Filter": "((creationdate <= '2014-03-16 15:38:51'::timestamp without time zone) AND (downvotes = 6))", "Rows Removed by Filter": 40304, "Workers": []}, {"Node Type": "Index Scan", "Parent Relationship": "Inner", "Parallel Aware": false, "Async Capable": false, "Scan Direction": "Forward", "Index Name": "idx_posts_owneruserid", "Relation Name": "posts", "Alias": "p", "Startup Cost": 0.29, "Total Cost": 14.56, "Plan Rows": 1, "Plan Width": 8, "Actual Rows": 8, "Actual Loops": 42, "Index Cond": "(owneruserid = u.id)", "Rows Removed by Index Recheck": 0, "Filter": "((answercount >= 0) AND (answercount <= 16) AND (posttypeid = 1))", "Rows Removed by Filter": 79, "Workers": []}]}]}]}]}]}, "Planning Time": 2.71, "Triggers": [], "Execution Time": 91.601}, {"Plan": {"Node Type": "Aggregate", "Strategy": "Plain", "Partial Mode": "Simple", "Parallel Aware": false, "Async Capable": false, "Startup Cost": 1144.72, "Total Cost": 1144.73, "Plan Rows": 1, "Plan Width": 8, "Actual Rows": 1, "Actual Loops": 1, "Plans": [{"Node Type": "Nested Loop", "Parent Relationship": "Outer", "Parallel Aware": false, "Async Capable": false, "Join Type": "Inner", "Startup Cost": 1.14, "Total Cost": 1144.72, "Plan Rows": 1.0, "Plan Width": 0, "Actual Rows": 30, "Actual Loops": 1, "Inner Unique": false, "Plans": [{"Node Type": "Nested Loop", "Parent Relationship": "Outer", "Parallel Aware": false, "Async Capable": false, "Join Type": "Inner", "Startup Cost": 0.71, "Total Cost": 1143.66, "Plan Rows": 1.0, "Plan Width": 8, "Actual Rows": 23, "Actual Loops": 1, "Inner Unique": false, "Plans": [{"Node Type": "Nested Loop", "Parent Relationship": "Outer", "Parallel Aware": false, "Async Capable": false, "Join Type": "Inner", "Startup Cost": 0.29, "Total Cost": 1135.06, "Plan Rows": 1.0, "Plan Width": 4, "Actual Rows": 171, "Actual Loops": 1, "Inner Unique": false, "Plans": [{"Node Type": "Seq Scan", "Parent Relationship": "Outer", "Parallel Aware": false, "Async Capable": false, "Relation Name": "users", "Alias": "u", "Startup Cost": 0.0, "Total Cost": 901.88, "Plan Rows": 16, "Plan Width": 4, "Actual Rows": 21, "Actual Loops": 1, "Filter": "((creationdate <= '2014-03-16 15:38:51'::timestamp without time zone) AND (downvotes = 6))", "Rows Removed by Filter": 40304}, {"Node Type": "Index Scan", "Parent Relationship": "Inner", "Parallel Aware": false, "Async Capable": false, "Scan Direction": "Forward", "Index Name": "idx_posts_owneruserid", "Relation Name": "posts", "Alias": "p", "Startup Cost": 0.29, "Total Cost": 14.56, "Plan Rows": 1, "Plan Width": 8, "Actual Rows": 8, "Actual Loops": 21, "Index Cond": "(owneruserid = u.id)", "Rows Removed by Index Recheck": 0, "Filter": "((answercount >= 0) AND (answercount <= 16) AND (posttypeid = 1))", "Rows Removed by Filter": 79}]}, {"Node Type": "Index Scan", "Parent Relationship": "Inner", "Parallel Aware": false, "Async Capable": false, "Scan Direction": "Forward", "Index Name": "idx_votes_postid", "Relation Name": "votes", "Alias": "v", "Startup Cost": 0.42, "Total Cost": 1.06, "Plan Rows": 1, "Plan Width": 4, "Actual Rows": 0, "Actual Loops": 171, "Index Cond": "(postid = p.id)", "Rows Removed by Index Recheck": 0, "Filter": "((creationdate >= '2011-07-11 05:01:53'::timestamp without time zone) AND (creationdate <= '2011-10-02 08:55:34'::timestamp without time zone))", "Rows Removed by Filter": 7}]}, {"Node Type": "Index Scan", "Parent Relationship": "Inner", "Parallel Aware": false, "Async Capable": false, "Scan Direction": "Forward", "Index Name": "idx_posthistory_postid", "Relation Name": "posthistory", "Alias": "ph", "Startup Cost": 0.42, "Total Cost": 1.05, "Plan Rows": 1, "Plan Width": 4, "Actual Rows": 1, "Actual Loops": 23, "Index Cond": "(postid = p.id)", "Rows Removed by Index Recheck": 0, "Filter": "(creationdate <= '2011-05-03 23:18:20'::timestamp without time zone)", "Rows Removed by Filter": 4}]}]}, "Planning Time": 1.403, "Triggers": [], "Execution Time": 5.607}, {"Plan": {"Node Type": "Aggregate", "Strategy": "Plain", "Partial Mode": "Simple", "Parallel Aware": false, "Async Capable": false, "Startup Cost": 7224.96, "Total Cost": 7224.97, "Plan Rows": 1, "Plan Width": 8, "Actual Rows": 1, "Actual Loops": 1, "Plans": [{"Node Type": "Gather", "Parent Relationship": "Outer", "Parallel Aware": false, "Async Capable": false, "Startup Cost": 2143.58, "Total Cost": 7224.96, "Plan Rows": 1, "Plan Width": 0, "Actual Rows": 30, "Actual Loops": 1, "Workers Planned": 1, "Workers Launched": 1, "Single Copy": false, "Plans": [{"Node Type": "Hash Join", "Parent Relationship": "Outer", "Parallel Aware": false, "Async Capable": false, "Join Type": "Inner", "Startup Cost": 1143.58, "Total Cost": 6224.86, "Plan Rows": 1.0, "Plan Width": 0, "Actual Rows": 15, "Actual Loops": 2, "Inner Unique": false, "Hash Cond": "(v.postid = p.id)", "Workers": [], "Plans": [{"Node Type": "Seq Scan", "Parent Relationship": "Outer", "Parallel Aware": true, "Async Capable": false, "Relation Name": "votes", "Alias": "v", "Startup Cost": 0.0, "Total Cost": 5054.68, "Plan Rows": 7091, "Plan Width": 4, "Actual Rows": 5860, "Actual Loops": 2, "Filter": "((creationdate >= '2011-07-11 05:01:53'::timestamp without time zone) AND (creationdate <= '2011-10-02 08:55:34'::timestamp without time zone))", "Rows Removed by Filter": 158172, "Workers": []}, {"Node Type": "Hash", "Parent Relationship": "Inner", "Parallel Aware": false, "Async Capable": false, "Startup Cost": 1143.55, "Total Cost": 1143.55, "Plan Rows": 1.0, "Plan Width": 8, "Actual Rows": 106, "Actual Loops": 2, "Hash Buckets": 1024, "Original Hash Buckets": 1024, "Hash Batches": 1, "Original Hash Batches": 1, "Peak Memory Usage": 13, "Workers": [], "Plans": [{"Node Type": "Nested Loop", "Parent Relationship": "Outer", "Parallel Aware": false, "Async Capable": false, "Join Type": "Inner", "Startup Cost": 0.71, "Total Cost": 1143.55, "Plan Rows": 1.0, "Plan Width": 8, "Actual Rows": 106, "Actual Loops": 2, "Inner Unique": false, "Workers": [], "Plans": [{"Node Type": "Nested Loop", "Parent Relationship": "Outer", "Parallel Aware": false, "Async Capable": false, "Join Type": "Inner", "Startup Cost": 0.29, "Total Cost": 1135.06, "Plan Rows": 1.0, "Plan Width": 4, "Actual Rows": 171, "Actual Loops": 2, "Inner Unique": false, "Workers": [], "Plans": [{"Node Type": "Seq Scan", "Parent Relationship": "Outer", "Parallel Aware": false, "Async Capable": false, "Relation Name": "users", "Alias": "u", "Startup Cost": 0.0, "Total Cost": 901.88, "Plan Rows": 16, "Plan Width": 4, "Actual Rows": 21, "Actual Loops": 2, "Filter": "((creationdate <= '2014-03-16 15:38:51'::timestamp without time zone) AND (downvotes = 6))", "Rows Removed by Filter": 40304, "Workers": []}, {"Node Type": "Index Scan", "Parent Relationship": "Inner", "Parallel Aware": false, "Async Capable": false, "Scan Direction": "Forward", "Index Name": "idx_posts_owneruserid", "Relation Name": "posts", "Alias": "p", "Startup Cost": 0.29, "Total Cost": 14.56, "Plan Rows": 1, "Plan Width": 8, "Actual Rows": 8, "Actual Loops": 42, "Index Cond": "(owneruserid = u.id)", "Rows Removed by Index Recheck": 0, "Filter": "((answercount >= 0) AND (answercount <= 16) AND (posttypeid = 1))", "Rows Removed by Filter": 79, "Workers": []}]}, {"Node Type": "Index Scan", "Parent Relationship": "Inner", "Parallel Aware": false, "Async Capable": false, "Scan Direction": "Forward", "Index Name": "idx_posthistory_postid", "Relation Name": "posthistory", "Alias": "ph", "Startup Cost": 0.42, "Total Cost": 1.05, "Plan Rows": 1, "Plan Width": 4, "Actual Rows": 1, "Actual Loops": 342, "Index Cond": "(postid = p.id)", "Rows Removed by Index Recheck": 0, "Filter": "(creationdate <= '2011-05-03 23:18:20'::timestamp without time zone)", "Rows Removed by Filter": 4, "Workers": []}]}]}]}]}]}, "Planning Time": 1.677, "Triggers": [], "Execution Time": 47.116}, {"Plan": {"Node Type": "Aggregate", "Strategy": "Plain", "Partial Mode": "Simple", "Parallel Aware": false, "Async Capable": false, "Startup Cost": 12553.73, "Total Cost": 12553.74, "Plan Rows": 1, "Plan Width": 8, "Actual Rows": 1, "Actual Loops": 1, "Plans": [{"Node Type": "Hash Join", "Parent Relationship": "Outer", "Parallel Aware": false, "Async Capable": false, "Join Type": "Inner", "Startup Cost": 11418.82, "Total Cost": 12553.73, "Plan Rows": 1.0, "Plan Width": 0, "Actual Rows": 30, "Actual Loops": 1, "Inner Unique": false, "Hash Cond": "(p.id = ph.postid)", "Plans": [{"Node Type": "Nested Loop", "Parent Relationship": "Outer", "Parallel Aware": false, "Async Capable": false, "Join Type": "Inner", "Startup Cost": 0.29, "Total Cost": 1135.06, "Plan Rows": 1.0, "Plan Width": 4, "Actual Rows": 171, "Actual Loops": 1, "Inner Unique": false, "Plans": [{"Node Type": "Seq Scan", "Parent Relationship": "Outer", "Parallel Aware": false, "Async Capable": false, "Relation Name": "users", "Alias": "u", "Startup Cost": 0.0, "Total Cost": 901.88, "Plan Rows": 16, "Plan Width": 4, "Actual Rows": 21, "Actual Loops": 1, "Filter": "((creationdate <= '2014-03-16 15:38:51'::timestamp without time zone) AND (downvotes = 6))", "Rows Removed by Filter": 40304}, {"Node Type": "Index Scan", "Parent Relationship": "Inner", "Parallel Aware": false, "Async Capable": false, "Scan Direction": "Forward", "Index Name": "idx_posts_owneruserid", "Relation Name": "posts", "Alias": "p", "Startup Cost": 0.29, "Total Cost": 14.56, "Plan Rows": 1, "Plan Width": 8, "Actual Rows": 8, "Actual Loops": 21, "Index Cond": "(owneruserid = u.id)", "Rows Removed by Index Recheck": 0, "Filter": "((answercount >= 0) AND (answercount <= 16) AND (posttypeid = 1))", "Rows Removed by Filter": 79}]}, {"Node Type": "Hash", "Parent Relationship": "Inner", "Parallel Aware": false, "Async Capable": false, "Startup Cost": 11368.41, "Total Cost": 11368.41, "Plan Rows": 286.0, "Plan Width": 8, "Actual Rows": 7812, "Actual Loops": 1, "Hash Buckets": 8192, "Original Hash Buckets": 4096, "Hash Batches": 1, "Original Hash Batches": 1, "Peak Memory Usage": 370, "Plans": [{"Node Type": "Gather", "Parent Relationship": "Outer", "Parallel Aware": false, "Async Capable": false, "Startup Cost": 5659.64, "Total Cost": 11368.41, "Plan Rows": 286.0, "Plan Width": 8, "Actual Rows": 7812, "Actual Loops": 1, "Workers Planned": 1, "Workers Launched": 1, "Single Copy": false, "Plans": [{"Node Type": "Hash Join", "Parent Relationship": "Outer", "Parallel Aware": true, "Async Capable": false, "Join Type": "Inner", "Startup Cost": 4659.64, "Total Cost": 9967.51, "Plan Rows": 286.0, "Plan Width": 8, "Actual Rows": 3906, "Actual Loops": 2, "Inner Unique": false, "Hash Cond": "(v.postid = ph.postid)", "Workers": [], "Plans": [{"Node Type": "Seq Scan", "Parent Relationship": "Outer", "Parallel Aware": true, "Async Capable": false, "Relation Name": "votes", "Alias": "v", "Startup Cost": 0.0, "Total Cost": 5054.68, "Plan Rows": 7091, "Plan Width": 4, "Actual Rows": 5860, "Actual Loops": 2, "Filter": "((creationdate >= '2011-07-11 05:01:53'::timestamp without time zone) AND (creationdate <= '2011-10-02 08:55:34'::timestamp without time zone))", "Rows Removed by Filter": 158172, "Workers": []}, {"Node Type": "Hash", "Parent Relationship": "Inner", "Parallel Aware": true, "Async Capable": false, "Startup Cost": 4469.32, "Total Cost": 4469.32, "Plan Rows": 15226, "Plan Width": 4, "Actual Rows": 12974, "Actual Loops": 2, "Hash Buckets": 32768, "Original Hash Buckets": 32768, "Hash Batches": 1, "Original Hash Batches": 1, "Peak Memory Usage": 1312, "Workers": [], "Plans": [{"Node Type": "Seq Scan", "Parent Relationship": "Outer", "Parallel Aware": true, "Async Capable": false, "Relation Name": "posthistory", "Alias": "ph", "Startup Cost": 0.0, "Total Cost": 4469.32, "Plan Rows": 15226, "Plan Width": 4, "Actual Rows": 12974, "Actual Loops": 2, "Filter": "(creationdate <= '2011-05-03 23:18:20'::timestamp without time zone)", "Rows Removed by Filter": 138619, "Workers": []}]}]}]}]}]}]}, "Planning Time": 2.285, "Triggers": [], "Execution Time": 83.012}, {"Plan": {"Node Type": "Aggregate", "Strategy": "Plain", "Partial Mode": "Simple", "Parallel Aware": false, "Async Capable": false, "Startup Cost": 1145.47, "Total Cost": 1145.48, "Plan Rows": 1, "Plan Width": 8, "Actual Rows": 1, "Actual Loops": 1, "Plans": [{"Node Type": "Nested Loop", "Parent Relationship": "Outer", "Parallel Aware": false, "Async Capable": false, "Join Type": "Inner", "Startup Cost": 1.14, "Total Cost": 1145.47, "Plan Rows": 1.0, "Plan Width": 0, "Actual Rows": 30, "Actual Loops": 1, "Inner Unique": false, "Join Filter": "(p.id = v.postid)", "Rows Removed by Join Filter": 0, "Plans": [{"Node Type": "Nested Loop", "Parent Relationship": "Outer", "Parallel Aware": false, "Async Capable": false, "Join Type": "Inner", "Startup Cost": 0.71, "Total Cost": 1143.55, "Plan Rows": 1.0, "Plan Width": 8, "Actual Rows": 106, "Actual Loops": 1, "Inner Unique": false, "Plans": [{"Node Type": "Nested Loop", "Parent Relationship": "Outer", "Parallel Aware": false, "Async Capable": false, "Join Type": "Inner", "Startup Cost": 0.29, "Total Cost": 1135.06, "Plan Rows": 1.0, "Plan Width": 4, "Actual Rows": 171, "Actual Loops": 1, "Inner Unique": false, "Plans": [{"Node Type": "Seq Scan", "Parent Relationship": "Outer", "Parallel Aware": false, "Async Capable": false, "Relation Name": "users", "Alias": "u", "Startup Cost": 0.0, "Total Cost": 901.88, "Plan Rows": 16, "Plan Width": 4, "Actual Rows": 21, "Actual Loops": 1, "Filter": "((creationdate <= '2014-03-16 15:38:51'::timestamp without time zone) AND (downvotes = 6))", "Rows Removed by Filter": 40304}, {"Node Type": "Index Scan", "Parent Relationship": "Inner", "Parallel Aware": false, "Async Capable": false, "Scan Direction": "Forward", "Index Name": "idx_posts_owneruserid", "Relation Name": "posts", "Alias": "p", "Startup Cost": 0.29, "Total Cost": 14.56, "Plan Rows": 1, "Plan Width": 8, "Actual Rows": 8, "Actual Loops": 21, "Index Cond": "(owneruserid = u.id)", "Rows Removed by Index Recheck": 0, "Filter": "((answercount >= 0) AND (answercount <= 16) AND (posttypeid = 1))", "Rows Removed by Filter": 79}]}, {"Node Type": "Index Scan", "Parent Relationship": "Inner", "Parallel Aware": false, "Async Capable": false, "Scan Direction": "Forward", "Index Name": "idx_posthistory_postid", "Relation Name": "posthistory", "Alias": "ph", "Startup Cost": 0.42, "Total Cost": 1.05, "Plan Rows": 1, "Plan Width": 4, "Actual Rows": 1, "Actual Loops": 171, "Index Cond": "(postid = p.id)", "Rows Removed by Index Recheck": 0, "Filter": "(creationdate <= '2011-05-03 23:18:20'::timestamp without time zone)", "Rows Removed by Filter": 4}]}, {"Node Type": "Index Scan", "Parent Relationship": "Inner", "Parallel Aware": false, "Async Capable": false, "Scan Direction": "Forward", "Index Name": "idx_votes_postid", "Relation Name": "votes", "Alias": "v", "Startup Cost": 0.42, "Total Cost": 0.94, "Plan Rows": 1, "Plan Width": 4, "Actual Rows": 0, "Actual Loops": 106, "Index Cond": "(postid = ph.postid)", "Rows Removed by Index Recheck": 0, "Filter": "((creationdate >= '2011-07-11 05:01:53'::timestamp without time zone) AND (creationdate <= '2011-10-02 08:55:34'::timestamp without time zone))", "Rows Removed by Filter": 11}]}]}, "Planning Time": 1.21, "Triggers": [], "Execution Time": 4.279}, {"Plan": {"Node Type": "Aggregate", "Strategy": "Plain", "Partial Mode": "Simple", "Parallel Aware": false, "Async Capable": false, "Startup Cost": 11403.47, "Total Cost": 11403.48, "Plan Rows": 1, "Plan Width": 8, "Actual Rows": 1, "Actual Loops": 1, "Plans": [{"Node Type": "Hash Join", "Parent Relationship": "Outer", "Parallel Aware": false, "Async Capable": false, "Join Type": "Inner", "Startup Cost": 10495.52, "Total Cost": 11403.47, "Plan Rows": 1.0, "Plan Width": 0, "Actual Rows": 30, "Actual Loops": 1, "Inner Unique": false, "Hash Cond": "(u.id = p.owneruserid)", "Plans": [{"Node Type": "Seq Scan", "Parent Relationship": "Outer", "Parallel Aware": false, "Async Capable": false, "Relation Name": "users", "Alias": "u", "Startup Cost": 0.0, "Total Cost": 901.88, "Plan Rows": 16, "Plan Width": 4, "Actual Rows": 21, "Actual Loops": 1, "Filter": "((creationdate <= '2014-03-16 15:38:51'::timestamp without time zone) AND (downvotes = 6))", "Rows Removed by Filter": 40304}, {"Node Type": "Hash", "Parent Relationship": "Inner", "Parallel Aware": false, "Async Capable": false, "Startup Cost": 10486.3, "Total Cost": 10486.3, "Plan Rows": 10.0, "Plan Width": 4, "Actual Rows": 4109, "Actual Loops": 1, "Hash Buckets": 8192, "Original Hash Buckets": 1024, "Hash Batches": 1, "Original Hash Batches": 1, "Peak Memory Usage": 209, "Plans": [{"Node Type": "Gather", "Parent Relationship": "Outer", "Parallel Aware": false, "Async Capable": false, "Startup Cost": 3700.24, "Total Cost": 10486.3, "Plan Rows": 10.0, "Plan Width": 4, "Actual Rows": 4308, "Actual Loops": 1, "Workers Planned": 1, "Workers Launched": 1, "Single Copy": false, "Plans": [{"Node Type": "Nested Loop", "Parent Relationship": "Outer", "Parallel Aware": false, "Async Capable": false, "Join Type": "Inner", "Startup Cost": 2700.24, "Total Cost": 9412.5, "Plan Rows": 10.0, "Plan Width": 4, "Actual Rows": 2154, "Actual Loops": 2, "Inner Unique": false, "Workers": [], "Plans": [{"Node Type": "Hash Join", "Parent Relationship": "Outer", "Parallel Aware": false, "Async Capable": false, "Join Type": "Inner", "Startup Cost": 2699.82, "Total Cost": 7773.11, "Plan Rows": 40.0, "Plan Width": 12, "Actual Rows": 2366, "Actual Loops": 2, "Inner Unique": true, "Hash Cond": "(v.postid = p.id)", "Workers": [], "Plans": [{"Node Type": "Seq Scan", "Parent Relationship": "Outer", "Parallel Aware": true, "Async Capable": false, "Relation Name": "votes", "Alias": "v", "Startup Cost": 0.0, "Total Cost": 5054.68, "Plan Rows": 7091, "Plan Width": 4, "Actual Rows": 5860, "Actual Loops": 2, "Filter": "((creationdate >= '2011-07-11 05:01:53'::timestamp without time zone) AND (creationdate <= '2011-10-02 08:55:34'::timestamp without time zone))", "Rows Removed by Filter": 158172, "Workers": []}, {"Node Type": "Hash", "Parent Relationship": "Inner", "Parallel Aware": false, "Async Capable": false, "Startup Cost": 2449.58, "Total Cost": 2449.58, "Plan Rows": 20019, "Plan Width": 8, "Actual Rows": 42900, "Actual Loops": 2, "Hash Buckets": 65536, "Original Hash Buckets": 32768, "Hash Batches": 1, "Original Hash Batches": 1, "Peak Memory Usage": 2185, "Workers": [], "Plans": [{"Node Type": "Seq Scan", "Parent Relationship": "Outer", "Parallel Aware": false, "Async Capable": false, "Relation Name": "posts", "Alias": "p", "Startup Cost": 0.0, "Total Cost": 2449.58, "Plan Rows": 20019, "Plan Width": 8, "Actual Rows": 42900, "Actual Loops": 2, "Filter": "((answercount >= 0) AND (answercount <= 16) AND (posttypeid = 1))", "Rows Removed by Filter": 49076, "Workers": []}]}]}, {"Node Type": "Index Scan", "Parent Relationship": "Inner", "Parallel Aware": false, "Async Capable": false, "Scan Direction": "Forward", "Index Name": "idx_posthistory_postid", "Relation Name": "posthistory", "Alias": "ph", "Startup Cost": 0.42, "Total Cost": 1.05, "Plan Rows": 1, "Plan Width": 4, "Actual Rows": 1, "Actual Loops": 4731, "Index Cond": "(postid = p.id)", "Rows Removed by Index Recheck": 0, "Filter": "(creationdate <= '2011-05-03 23:18:20'::timestamp without time zone)", "Rows Removed by Filter": 5, "Workers": []}]}]}]}]}]}, "Planning Time": 1.926, "Triggers": [], "Execution Time": 95.893}]