[{"Plan": {"Node Type": "Aggregate", "Strategy": "Plain", "Partial Mode": "Simple", "Parallel Aware": false, "Async Capable": false, "Startup Cost": 2011.13, "Total Cost": 2011.14, "Plan Rows": 1, "Plan Width": 8, "Actual Rows": 1, "Actual Loops": 1, "Plans": [{"Node Type": "Nested Loop", "Parent Relationship": "Outer", "Parallel Aware": false, "Async Capable": false, "Join Type": "Inner", "Startup Cost": 0.71, "Total Cost": 2011.06, "Plan Rows": 10.0, "Plan Width": 0, "Actual Rows": 277, "Actual Loops": 1, "Inner Unique": false, "Join Filter": "(ph.userid = p.owneruserid)", "Rows Removed by Join Filter": 0, "Plans": [{"Node Type": "Nested Loop", "Parent Relationship": "Outer", "Parallel Aware": false, "Async Capable": false, "Join Type": "Inner", "Startup Cost": 0.29, "Total Cost": 1978.23, "Plan Rows": 4.0, "Plan Width": 8, "Actual Rows": 1, "Actual Loops": 1, "Inner Unique": false, "Plans": [{"Node Type": "Seq Scan", "Parent Relationship": "Outer", "Parallel Aware": false, "Async Capable": false, "Relation Name": "users", "Alias": "u", "Startup Cost": 0.0, "Total Cost": 1002.69, "Plan Rows": 78, "Plan Width": 4, "Actual Rows": 32, "Actual Loops": 1, "Filter": "((reputation >= 3661) AND (upvotes <= 6090) AND (creationdate >= '2011-07-01 12:06:02'::timestamp without time zone))", "Rows Removed by Filter": 40293}, {"Node Type": "Index Scan", "Parent Relationship": "Inner", "Parallel Aware": false, "Async Capable": false, "Scan Direction": "Forward", "Index Name": "idx_posts_owneruserid", "Relation Name": "posts", "Alias": "p", "Startup Cost": 0.29, "Total Cost": 12.5, "Plan Rows": 1, "Plan Width": 4, "Actual Rows": 0, "Actual Loops": 32, "Index Cond": "(owneruserid = u.id)", "Rows Removed by Index Recheck": 0, "Filter": "(score >= 96)", "Rows Removed by Filter": 231}]}, {"Node Type": "Index Scan", "Parent Relationship": "Inner", "Parallel Aware": false, "Async Capable": false, "Scan Direction": "Forward", "Index Name": "idx_posthistory_userid", "Relation Name": "posthistory", "Alias": "ph", "Startup Cost": 0.42, "Total Cost": 32.68, "Plan Rows": 12, "Plan Width": 4, "Actual Rows": 277, "Actual Loops": 1, "Index Cond": "(userid = u.id)", "Rows Removed by Index Recheck": 0, "Filter": "(creationdate >= '2011-11-14 06:13:22'::timestamp without time zone)", "Rows Removed by Filter": 167}]}]}, "Planning Time": 0.61, "Triggers": [], "Execution Time": 4.351}, {"Plan": {"Node Type": "Aggregate", "Strategy": "Plain", "Partial Mode": "Simple", "Parallel Aware": false, "Async Capable": false, "Startup Cost": 3743.91, "Total Cost": 3743.92, "Plan Rows": 1, "Plan Width": 8, "Actual Rows": 1, "Actual Loops": 1, "Plans": [{"Node Type": "Nested Loop", "Parent Relationship": "Outer", "Parallel Aware": false, "Async Capable": false, "Join Type": "Inner", "Startup Cost": 0.71, "Total Cost": 3743.85, "Plan Rows": 10.0, "Plan Width": 0, "Actual Rows": 277, "Actual Loops": 1, "Inner Unique": false, "Join Filter": "(p.owneruserid = u.id)", "Rows Removed by Join Filter": 0, "Plans": [{"Node Type": "Nested Loop", "Parent Relationship": "Outer", "Parallel Aware": false, "Async Capable": false, "Join Type": "Inner", "Startup Cost": 0.42, "Total Cost": 3561.31, "Plan Rows": 42.0, "Plan Width": 8, "Actual Rows": 22433, "Actual Loops": 1, "Inner Unique": false, "Plans": [{"Node Type": "Seq Scan", "Parent Relationship": "Outer", "Parallel Aware": false, "Async Capable": false, "Relation Name": "users", "Alias": "u", "Startup Cost": 0.0, "Total Cost": 1002.69, "Plan Rows": 78, "Plan Width": 4, "Actual Rows": 32, "Actual Loops": 1, "Filter": "((reputation >= 3661) AND (upvotes <= 6090) AND (creationdate >= '2011-07-01 12:06:02'::timestamp without time zone))", "Rows Removed by Filter": 40293}, {"Node Type": "Index Scan", "Parent Relationship": "Inner", "Parallel Aware": false, "Async Capable": false, "Scan Direction": "Forward", "Index Name": "idx_posthistory_userid", "Relation Name": "posthistory", "Alias": "ph", "Startup Cost": 0.42, "Total Cost": 32.68, "Plan Rows": 12, "Plan Width": 4, "Actual Rows": 701, "Actual Loops": 32, "Index Cond": "(userid = u.id)", "Rows Removed by Index Recheck": 0, "Filter": "(creationdate >= '2011-11-14 06:13:22'::timestamp without time zone)", "Rows Removed by Filter": 15}]}, {"Node Type": "Index Scan", "Parent Relationship": "Inner", "Parallel Aware": false, "Async Capable": false, "Scan Direction": "Forward", "Index Name": "idx_posts_owneruserid", "Relation Name": "posts", "Alias": "p", "Startup Cost": 0.29, "Total Cost": 0.39, "Plan Rows": 1, "Plan Width": 4, "Actual Rows": 0, "Actual Loops": 22433, "Index Cond": "(owneruserid = ph.userid)", "Rows Removed by Index Recheck": 0, "Filter": "(score >= 96)", "Rows Removed by Filter": 299}]}]}, "Planning Time": 0.764, "Triggers": [], "Execution Time": 1042.172}, {"Plan": {"Node Type": "Aggregate", "Strategy": "Plain", "Partial Mode": "Simple", "Parallel Aware": false, "Async Capable": false, "Startup Cost": 3652.06, "Total Cost": 3652.07, "Plan Rows": 1, "Plan Width": 8, "Actual Rows": 1, "Actual Loops": 1, "Plans": [{"Node Type": "Nested Loop", "Parent Relationship": "Outer", "Parallel Aware": false, "Async Capable": false, "Join Type": "Inner", "Startup Cost": 0.72, "Total Cost": 3651.99, "Plan Rows": 10.0, "Plan Width": 0, "Actual Rows": 277, "Actual Loops": 1, "Inner Unique": true, "Plans": [{"Node Type": "Nested Loop", "Parent Relationship": "Outer", "Parallel Aware": false, "Async Capable": false, "Join Type": "Inner", "Startup Cost": 0.42, "Total Cost": 3060.31, "Plan Rows": 108.0, "Plan Width": 8, "Actual Rows": 26613, "Actual Loops": 1, "Inner Unique": false, "Plans": [{"Node Type": "Seq Scan", "Parent Relationship": "Outer", "Parallel Aware": false, "Async Capable": false, "Relation Name": "posts", "Alias": "p", "Startup Cost": 0.0, "Total Cost": 1989.7, "Plan Rows": 29, "Plan Width": 4, "Actual Rows": 28, "Actual Loops": 1, "Filter": "(score >= 96)", "Rows Removed by Filter": 91948}, {"Node Type": "Index Scan", "Parent Relationship": "Inner", "Parallel Aware": false, "Async Capable": false, "Scan Direction": "Forward", "Index Name": "idx_posthistory_userid", "Relation Name": "posthistory", "Alias": "ph", "Startup Cost": 0.42, "Total Cost": 36.8, "Plan Rows": 12, "Plan Width": 4, "Actual Rows": 950, "Actual Loops": 28, "Index Cond": "(userid = p.owneruserid)", "Rows Removed by Index Recheck": 0, "Filter": "(creationdate >= '2011-11-14 06:13:22'::timestamp without time zone)", "Rows Removed by Filter": 276}]}, {"Node Type": "Memoize", "Parent Relationship": "Inner", "Parallel Aware": false, "Async Capable": false, "Startup Cost": 0.3, "Total Cost": 7.77, "Plan Rows": 1, "Plan Width": 4, "Actual Rows": 0, "Actual Loops": 26613, "Cache Key": "p.owneruserid", "Cache Mode": "logical", "Cache Hits": 26594, "Cache Misses": 19, "Cache Evictions": 0, "Cache Overflows": 0, "Peak Memory Usage": 2, "Plans": [{"Node Type": "Index Scan", "Parent Relationship": "Outer", "Parallel Aware": false, "Async Capable": false, "Scan Direction": "Forward", "Index Name": "users_pkey", "Relation Name": "users", "Alias": "u", "Startup Cost": 0.29, "Total Cost": 7.76, "Plan Rows": 1, "Plan Width": 4, "Actual Rows": 0, "Actual Loops": 19, "Index Cond": "(id = p.owneruserid)", "Rows Removed by Index Recheck": 0, "Filter": "((reputation >= 3661) AND (upvotes <= 6090) AND (creationdate >= '2011-07-01 12:06:02'::timestamp without time zone))", "Rows Removed by Filter": 1}]}]}]}, "Planning Time": 0.896, "Triggers": [], "Execution Time": 35.044}, {"Plan": {"Node Type": "Aggregate", "Strategy": "Plain", "Partial Mode": "Simple", "Parallel Aware": false, "Async Capable": false, "Startup Cost": 2011.13, "Total Cost": 2011.14, "Plan Rows": 1, "Plan Width": 8, "Actual Rows": 1, "Actual Loops": 1, "Plans": [{"Node Type": "Nested Loop", "Parent Relationship": "Outer", "Parallel Aware": false, "Async Capable": false, "Join Type": "Inner", "Startup Cost": 0.71, "Total Cost": 2011.06, "Plan Rows": 10.0, "Plan Width": 0, "Actual Rows": 277, "Actual Loops": 1, "Inner Unique": false, "Join Filter": "(ph.userid = p.owneruserid)", "Rows Removed by Join Filter": 0, "Plans": [{"Node Type": "Nested Loop", "Parent Relationship": "Outer", "Parallel Aware": false, "Async Capable": false, "Join Type": "Inner", "Startup Cost": 0.29, "Total Cost": 1978.23, "Plan Rows": 4.0, "Plan Width": 8, "Actual Rows": 1, "Actual Loops": 1, "Inner Unique": false, "Plans": [{"Node Type": "Seq Scan", "Parent Relationship": "Outer", "Parallel Aware": false, "Async Capable": false, "Relation Name": "users", "Alias": "u", "Startup Cost": 0.0, "Total Cost": 1002.69, "Plan Rows": 78, "Plan Width": 4, "Actual Rows": 32, "Actual Loops": 1, "Filter": "((reputation >= 3661) AND (upvotes <= 6090) AND (creationdate >= '2011-07-01 12:06:02'::timestamp without time zone))", "Rows Removed by Filter": 40293}, {"Node Type": "Index Scan", "Parent Relationship": "Inner", "Parallel Aware": false, "Async Capable": false, "Scan Direction": "Forward", "Index Name": "idx_posts_owneruserid", "Relation Name": "posts", "Alias": "p", "Startup Cost": 0.29, "Total Cost": 12.5, "Plan Rows": 1, "Plan Width": 4, "Actual Rows": 0, "Actual Loops": 32, "Index Cond": "(owneruserid = u.id)", "Rows Removed by Index Recheck": 0, "Filter": "(score >= 96)", "Rows Removed by Filter": 231}]}, {"Node Type": "Index Scan", "Parent Relationship": "Inner", "Parallel Aware": false, "Async Capable": false, "Scan Direction": "Forward", "Index Name": "idx_posthistory_userid", "Relation Name": "posthistory", "Alias": "ph", "Startup Cost": 0.42, "Total Cost": 32.68, "Plan Rows": 12, "Plan Width": 4, "Actual Rows": 277, "Actual Loops": 1, "Index Cond": "(userid = u.id)", "Rows Removed by Index Recheck": 0, "Filter": "(creationdate >= '2011-11-14 06:13:22'::timestamp without time zone)", "Rows Removed by Filter": 167}]}]}, "Planning Time": 0.677, "Triggers": [], "Execution Time": 4.873}, {"Plan": {"Node Type": "Aggregate", "Strategy": "Plain", "Partial Mode": "Simple", "Parallel Aware": false, "Async Capable": false, "Startup Cost": 5127.78, "Total Cost": 5127.79, "Plan Rows": 1, "Plan Width": 8, "Actual Rows": 1, "Actual Loops": 1, "Plans": [{"Node Type": "Merge Join", "Parent Relationship": "Outer", "Parallel Aware": false, "Async Capable": false, "Join Type": "Inner", "Startup Cost": 5056.38, "Total Cost": 5127.72, "Plan Rows": 10.0, "Plan Width": 0, "Actual Rows": 277, "Actual Loops": 1, "Inner Unique": false, "Merge Cond": "(u.id = p.owneruserid)", "Plans": [{"Node Type": "Sort", "Parent Relationship": "Outer", "Parallel Aware": false, "Async Capable": false, "Startup Cost": 1005.14, "Total Cost": 1005.33, "Plan Rows": 78, "Plan Width": 4, "Actual Rows": 32, "Actual Loops": 1, "Sort Key": ["u.id"], "Sort Method": "quicksort", "Sort Space Used": 25, "Sort Space Type": "Memory", "Plans": [{"Node Type": "Seq Scan", "Parent Relationship": "Outer", "Parallel Aware": false, "Async Capable": false, "Relation Name": "users", "Alias": "u", "Startup Cost": 0.0, "Total Cost": 1002.69, "Plan Rows": 78, "Plan Width": 4, "Actual Rows": 32, "Actual Loops": 1, "Filter": "((reputation >= 3661) AND (upvotes <= 6090) AND (creationdate >= '2011-07-01 12:06:02'::timestamp without time zone))", "Rows Removed by Filter": 40293}]}, {"Node Type": "Sort", "Parent Relationship": "Inner", "Parallel Aware": false, "Async Capable": false, "Startup Cost": 4051.24, "Total Cost": 4087.12, "Plan Rows": 108.0, "Plan Width": 8, "Actual Rows": 26613, "Actual Loops": 1, "Sort Key": ["ph.userid"], "Sort Method": "quicksort", "Sort Space Used": 1600, "Sort Space Type": "Memory", "Plans": [{"Node Type": "Nested Loop", "Parent Relationship": "Outer", "Parallel Aware": false, "Async Capable": false, "Join Type": "Inner", "Startup Cost": 0.42, "Total Cost": 3060.31, "Plan Rows": 108.0, "Plan Width": 8, "Actual Rows": 26613, "Actual Loops": 1, "Inner Unique": false, "Plans": [{"Node Type": "Seq Scan", "Parent Relationship": "Outer", "Parallel Aware": false, "Async Capable": false, "Relation Name": "posts", "Alias": "p", "Startup Cost": 0.0, "Total Cost": 1989.7, "Plan Rows": 29, "Plan Width": 4, "Actual Rows": 28, "Actual Loops": 1, "Filter": "(score >= 96)", "Rows Removed by Filter": 91948}, {"Node Type": "Index Scan", "Parent Relationship": "Inner", "Parallel Aware": false, "Async Capable": false, "Scan Direction": "Forward", "Index Name": "idx_posthistory_userid", "Relation Name": "posthistory", "Alias": "ph", "Startup Cost": 0.42, "Total Cost": 36.8, "Plan Rows": 12, "Plan Width": 4, "Actual Rows": 950, "Actual Loops": 28, "Index Cond": "(userid = p.owneruserid)", "Rows Removed by Index Recheck": 0, "Filter": "(creationdate >= '2011-11-14 06:13:22'::timestamp without time zone)", "Rows Removed by Filter": 276}]}]}]}]}, "Planning Time": 0.984, "Triggers": [], "Execution Time": 44.679}, {"Plan": {"Node Type": "Aggregate", "Strategy": "Plain", "Partial Mode": "Finalize", "Parallel Aware": false, "Async Capable": false, "Startup Cost": 8010.11, "Total Cost": 8010.12, "Plan Rows": 1, "Plan Width": 8, "Actual Rows": 1, "Actual Loops": 1, "Plans": [{"Node Type": "Gather", "Parent Relationship": "Outer", "Parallel Aware": false, "Async Capable": false, "Startup Cost": 8010.0, "Total Cost": 8010.11, "Plan Rows": 1, "Plan Width": 8, "Actual Rows": 2, "Actual Loops": 1, "Workers Planned": 1, "Workers Launched": 1, "Single Copy": false, "Plans": [{"Node Type": "Aggregate", "Strategy": "Plain", "Partial Mode": "Partial", "Parent Relationship": "Outer", "Parallel Aware": false, "Async Capable": false, "Startup Cost": 7010.0, "Total Cost": 7010.01, "Plan Rows": 1, "Plan Width": 8, "Actual Rows": 1, "Actual Loops": 2, "Workers": [], "Plans": [{"Node Type": "Hash Join", "Parent Relationship": "Outer", "Parallel Aware": false, "Async Capable": false, "Join Type": "Inner", "Startup Cost": 1978.24, "Total Cost": 7009.96, "Plan Rows": 10.0, "Plan Width": 0, "Actual Rows": 138, "Actual Loops": 2, "Inner Unique": false, "Hash Cond": "(ph.userid = p.owneruserid)", "Workers": [], "Plans": [{"Node Type": "Seq Scan", "Parent Relationship": "Outer", "Parallel Aware": true, "Async Capable": false, "Relation Name": "posthistory", "Alias": "ph", "Startup Cost": 0.0, "Total Cost": 4469.32, "Plan Rows": 149199, "Plan Width": 4, "Actual Rows": 126940, "Actual Loops": 2, "Filter": "(creationdate >= '2011-11-14 06:13:22'::timestamp without time zone)", "Rows Removed by Filter": 24653, "Workers": []}, {"Node Type": "Hash", "Parent Relationship": "Inner", "Parallel Aware": false, "Async Capable": false, "Startup Cost": 1978.23, "Total Cost": 1978.23, "Plan Rows": 4.0, "Plan Width": 8, "Actual Rows": 1, "Actual Loops": 2, "Hash Buckets": 1024, "Original Hash Buckets": 1024, "Hash Batches": 1, "Original Hash Batches": 1, "Peak Memory Usage": 9, "Workers": [], "Plans": [{"Node Type": "Nested Loop", "Parent Relationship": "Outer", "Parallel Aware": false, "Async Capable": false, "Join Type": "Inner", "Startup Cost": 0.29, "Total Cost": 1978.23, "Plan Rows": 4.0, "Plan Width": 8, "Actual Rows": 1, "Actual Loops": 2, "Inner Unique": false, "Workers": [], "Plans": [{"Node Type": "Seq Scan", "Parent Relationship": "Outer", "Parallel Aware": false, "Async Capable": false, "Relation Name": "users", "Alias": "u", "Startup Cost": 0.0, "Total Cost": 1002.69, "Plan Rows": 78, "Plan Width": 4, "Actual Rows": 32, "Actual Loops": 2, "Filter": "((reputation >= 3661) AND (upvotes <= 6090) AND (creationdate >= '2011-07-01 12:06:02'::timestamp without time zone))", "Rows Removed by Filter": 40293, "Workers": []}, {"Node Type": "Index Scan", "Parent Relationship": "Inner", "Parallel Aware": false, "Async Capable": false, "Scan Direction": "Forward", "Index Name": "idx_posts_owneruserid", "Relation Name": "posts", "Alias": "p", "Startup Cost": 0.29, "Total Cost": 12.5, "Plan Rows": 1, "Plan Width": 4, "Actual Rows": 0, "Actual Loops": 64, "Index Cond": "(owneruserid = u.id)", "Rows Removed by Index Recheck": 0, "Filter": "(score >= 96)", "Rows Removed by Filter": 231, "Workers": []}]}]}]}]}]}]}, "Planning Time": 1.424, "Triggers": [], "Execution Time": 50.614}, {"Plan": {"Node Type": "Aggregate", "Strategy": "Plain", "Partial Mode": "Simple", "Parallel Aware": false, "Async Capable": false, "Startup Cost": 5557.08, "Total Cost": 5557.09, "Plan Rows": 1, "Plan Width": 8, "Actual Rows": 1, "Actual Loops": 1, "Plans": [{"Node Type": "Hash Join", "Parent Relationship": "Outer", "Parallel Aware": false, "Async Capable": false, "Join Type": "Inner", "Startup Cost": 3567.01, "Total Cost": 5557.01, "Plan Rows": 10.0, "Plan Width": 0, "Actual Rows": 277, "Actual Loops": 1, "Inner Unique": false, "Hash Cond": "(p.owneruserid = u.id)", "Plans": [{"Node Type": "Seq Scan", "Parent Relationship": "Outer", "Parallel Aware": false, "Async Capable": false, "Relation Name": "posts", "Alias": "p", "Startup Cost": 0.0, "Total Cost": 1989.7, "Plan Rows": 29, "Plan Width": 4, "Actual Rows": 28, "Actual Loops": 1, "Filter": "(score >= 96)", "Rows Removed by Filter": 91948}, {"Node Type": "Hash", "Parent Relationship": "Inner", "Parallel Aware": false, "Async Capable": false, "Startup Cost": 3561.31, "Total Cost": 3561.31, "Plan Rows": 42.0, "Plan Width": 8, "Actual Rows": 22433, "Actual Loops": 1, "Hash Buckets": 32768, "Original Hash Buckets": 1024, "Hash Batches": 1, "Original Hash Batches": 1, "Peak Memory Usage": 1133, "Plans": [{"Node Type": "Nested Loop", "Parent Relationship": "Outer", "Parallel Aware": false, "Async Capable": false, "Join Type": "Inner", "Startup Cost": 0.42, "Total Cost": 3561.31, "Plan Rows": 42.0, "Plan Width": 8, "Actual Rows": 22433, "Actual Loops": 1, "Inner Unique": false, "Plans": [{"Node Type": "Seq Scan", "Parent Relationship": "Outer", "Parallel Aware": false, "Async Capable": false, "Relation Name": "users", "Alias": "u", "Startup Cost": 0.0, "Total Cost": 1002.69, "Plan Rows": 78, "Plan Width": 4, "Actual Rows": 32, "Actual Loops": 1, "Filter": "((reputation >= 3661) AND (upvotes <= 6090) AND (creationdate >= '2011-07-01 12:06:02'::timestamp without time zone))", "Rows Removed by Filter": 40293}, {"Node Type": "Index Scan", "Parent Relationship": "Inner", "Parallel Aware": false, "Async Capable": false, "Scan Direction": "Forward", "Index Name": "idx_posthistory_userid", "Relation Name": "posthistory", "Alias": "ph", "Startup Cost": 0.42, "Total Cost": 32.68, "Plan Rows": 12, "Plan Width": 4, "Actual Rows": 701, "Actual Loops": 32, "Index Cond": "(userid = u.id)", "Rows Removed by Index Recheck": 0, "Filter": "(creationdate >= '2011-11-14 06:13:22'::timestamp without time zone)", "Rows Removed by Filter": 15}]}]}]}]}, "Planning Time": 1.059, "Triggers": [], "Execution Time": 41.27}]