[{"Plan": {"Node Type": "Aggregate", "Strategy": "Plain", "Partial Mode": "Simple", "Parallel Aware": false, "Async Capable": false, "Startup Cost": 3625.52, "Total Cost": 3625.53, "Plan Rows": 1, "Plan Width": 8, "Actual Rows": 1, "Actual Loops": 1, "Plans": [{"Node Type": "Nested Loop", "Parent Relationship": "Outer", "Parallel Aware": false, "Async Capable": false, "Join Type": "Inner", "Startup Cost": 1069.0, "Total Cost": 3285.87, "Plan Rows": 508.0, "Plan Width": 0, "Actual Rows": 621389, "Actual Loops": 1, "Inner Unique": false, "Join Filter": "(c.userid = u.id)", "Rows Removed by Join Filter": 0, "Plans": [{"Node Type": "Merge Join", "Parent Relationship": "Outer", "Parallel Aware": false, "Async Capable": false, "Join Type": "Inner", "Startup Cost": 1068.71, "Total Cost": 2525.38, "Plan Rows": 272.0, "Plan Width": 8, "Actual Rows": 2849, "Actual Loops": 1, "Inner Unique": true, "Merge Cond": "(v.userid = u.id)", "Plans": [{"Node Type": "Index Scan", "Parent Relationship": "Outer", "Parallel Aware": false, "Async Capable": false, "Scan Direction": "Forward", "Index Name": "idx_votes_userid", "Relation Name": "votes", "Alias": "v", "Startup Cost": 0.42, "Total Cost": 13242.63, "Plan Rows": 89945, "Plan Width": 4, "Actual Rows": 9195, "Actual Loops": 1, "Filter": "((creationdate >= '2012-05-11 22:49:47'::timestamp without time zone) AND (creationdate <= '2013-06-11 17:18:24'::timestamp without time zone))", "Rows Removed by Filter": 18260}, {"Node Type": "Sort", "Parent Relationship": "Inner", "Parallel Aware": false, "Async Capable": false, "Startup Cost": 1068.28, "Total Cost": 1079.32, "Plan Rows": 4414, "Plan Width": 4, "Actual Rows": 4400, "Actual Loops": 1, "Sort Key": ["u.id"], "Sort Method": "quicksort", "Sort Space Used": 193, "Sort Space Type": "Memory", "Plans": [{"Node Type": "Seq Scan", "Parent Relationship": "Outer", "Parallel Aware": false, "Async Capable": false, "Relation Name": "users", "Alias": "u", "Startup Cost": 0.0, "Total Cost": 801.06, "Plan Rows": 4414, "Plan Width": 4, "Actual Rows": 4400, "Actual Loops": 1, "Filter": "(creationdate <= '2011-09-14 09:28:55'::timestamp without time zone)", "Rows Removed by Filter": 35925}]}]}, {"Node Type": "Index Scan", "Parent Relationship": "Inner", "Parallel Aware": false, "Async Capable": false, "Scan Direction": "Forward", "Index Name": "idx_comments_userid", "Relation Name": "comments", "Alias": "c", "Startup Cost": 0.29, "Total Cost": 0.66, "Plan Rows": 6, "Plan Width": 4, "Actual Rows": 218, "Actual Loops": 2849, "Index Cond": "(userid = v.userid)", "Rows Removed by Index Recheck": 0, "Filter": "((creationdate >= '2009-03-17 03:24:09'::timestamp without time zone) AND (creationdate <= '2013-01-16 08:31:05'::timestamp without time zone))", "Rows Removed by Filter": 761}]}]}, "Planning Time": 1.477, "Triggers": [], "Execution Time": 463.946}, {"Plan": {"Node Type": "Aggregate", "Strategy": "Plain", "Partial Mode": "Simple", "Parallel Aware": false, "Async Capable": false, "Startup Cost": 30390.03, "Total Cost": 30390.04, "Plan Rows": 1, "Plan Width": 8, "Actual Rows": 1, "Actual Loops": 1, "Plans": [{"Node Type": "Merge Join", "Parent Relationship": "Outer", "Parallel Aware": false, "Async Capable": false, "Join Type": "Inner", "Startup Cost": 1.02, "Total Cost": 30050.38, "Plan Rows": 508.0, "Plan Width": 0, "Actual Rows": 621389, "Actual Loops": 1, "Inner Unique": false, "Merge Cond": "(u.id = c.userid)", "Plans": [{"Node Type": "Index Scan", "Parent Relationship": "Outer", "Parallel Aware": false, "Async Capable": false, "Scan Direction": "Forward", "Index Name": "users_pkey", "Relation Name": "users", "Alias": "u", "Startup Cost": 0.29, "Total Cost": 1457.98, "Plan Rows": 4414, "Plan Width": 4, "Actual Rows": 4400, "Actual Loops": 1, "Filter": "(creationdate <= '2011-09-14 09:28:55'::timestamp without time zone)", "Rows Removed by Filter": 35925}, {"Node Type": "Materialize", "Parent Relationship": "Inner", "Parallel Aware": false, "Async Capable": false, "Startup Cost": 0.73, "Total Cost": 24525.43, "Plan Rows": 10259.0, "Plan Width": 8, "Actual Rows": 1207549, "Actual Loops": 1, "Plans": [{"Node Type": "Nested Loop", "Parent Relationship": "Outer", "Parallel Aware": false, "Async Capable": false, "Join Type": "Inner", "Startup Cost": 0.73, "Total Cost": 21370.27, "Plan Rows": 10259.0, "Plan Width": 8, "Actual Rows": 1207549, "Actual Loops": 1, "Inner Unique": false, "Plans": [{"Node Type": "Index Scan", "Parent Relationship": "Outer", "Parallel Aware": false, "Async Capable": false, "Scan Direction": "Forward", "Index Name": "idx_comments_userid", "Relation Name": "comments", "Alias": "c", "Startup Cost": 0.29, "Total Cost": 8694.72, "Plan Rows": 76567, "Plan Width": 4, "Actual Rows": 74405, "Actual Loops": 1, "Filter": "((creationdate >= '2009-03-17 03:24:09'::timestamp without time zone) AND (creationdate <= '2013-01-16 08:31:05'::timestamp without time zone))", "Rows Removed by Filter": 65581}, {"Node Type": "Memoize", "Parent Relationship": "Inner", "Parallel Aware": false, "Async Capable": false, "Startup Cost": 0.43, "Total Cost": 0.76, "Plan Rows": 2, "Plan Width": 4, "Actual Rows": 16, "Actual Loops": 74405, "Cache Key": "c.userid", "Cache Mode": "logical", "Cache Hits": 69054, "Cache Misses": 5351, "Cache Evictions": 0, "Cache Overflows": 0, "Peak Memory Usage": 582, "Plans": [{"Node Type": "Index Scan", "Parent Relationship": "Outer", "Parallel Aware": false, "Async Capable": false, "Scan Direction": "Forward", "Index Name": "idx_votes_userid", "Relation Name": "votes", "Alias": "v", "Startup Cost": 0.42, "Total Cost": 0.75, "Plan Rows": 2, "Plan Width": 4, "Actual Rows": 1, "Actual Loops": 5351, "Index Cond": "(userid = c.userid)", "Rows Removed by Index Recheck": 0, "Filter": "((creationdate >= '2012-05-11 22:49:47'::timestamp without time zone) AND (creationdate <= '2013-06-11 17:18:24'::timestamp without time zone))", "Rows Removed by Filter": 2}]}]}]}]}]}, "Planning Time": 1.819, "Triggers": [], "Execution Time": 450.33}, {"Plan": {"Node Type": "Aggregate", "Strategy": "Plain", "Partial Mode": "Simple", "Parallel Aware": false, "Async Capable": false, "Startup Cost": 7376.83, "Total Cost": 7376.84, "Plan Rows": 1, "Plan Width": 8, "Actual Rows": 1, "Actual Loops": 1, "Plans": [{"Node Type": "Merge Join", "Parent Relationship": "Outer", "Parallel Aware": false, "Async Capable": false, "Join Type": "Inner", "Startup Cost": 5552.34, "Total Cost": 7037.18, "Plan Rows": 508.0, "Plan Width": 0, "Actual Rows": 621389, "Actual Loops": 1, "Inner Unique": false, "Merge Cond": "(v.userid = u.id)", "Plans": [{"Node Type": "Index Scan", "Parent Relationship": "Outer", "Parallel Aware": false, "Async Capable": false, "Scan Direction": "Forward", "Index Name": "idx_votes_userid", "Relation Name": "votes", "Alias": "v", "Startup Cost": 0.42, "Total Cost": 13242.63, "Plan Rows": 89945, "Plan Width": 4, "Actual Rows": 9125, "Actual Loops": 1, "Filter": "((creationdate >= '2012-05-11 22:49:47'::timestamp without time zone) AND (creationdate <= '2013-06-11 17:18:24'::timestamp without time zone))", "Rows Removed by Filter": 17974}, {"Node Type": "Sort", "Parent Relationship": "Inner", "Parallel Aware": false, "Async Capable": false, "Startup Cost": 5551.91, "Total Cost": 5572.52, "Plan Rows": 46.0, "Plan Width": 8, "Actual Rows": 637445, "Actual Loops": 1, "Sort Key": ["c.userid"], "Sort Method": "quicksort", "Sort Space Used": 3029, "Sort Space Type": "Memory", "Plans": [{"Node Type": "Hash Join", "Parent Relationship": "Outer", "Parallel Aware": false, "Async Capable": false, "Join Type": "Inner", "Startup Cost": 856.24, "Total Cost": 5015.82, "Plan Rows": 46.0, "Plan Width": 8, "Actual Rows": 47770, "Actual Loops": 1, "Inner Unique": true, "Hash Cond": "(c.userid = u.id)", "Plans": [{"Node Type": "Seq Scan", "Parent Relationship": "Outer", "Parallel Aware": false, "Async Capable": false, "Relation Name": "comments", "Alias": "c", "Startup Cost": 0.0, "Total Cost": 3958.57, "Plan Rows": 76567, "Plan Width": 4, "Actual Rows": 76526, "Actual Loops": 1, "Filter": "((creationdate >= '2009-03-17 03:24:09'::timestamp without time zone) AND (creationdate <= '2013-01-16 08:31:05'::timestamp without time zone))", "Rows Removed by Filter": 97779}, {"Node Type": "Hash", "Parent Relationship": "Inner", "Parallel Aware": false, "Async Capable": false, "Startup Cost": 801.06, "Total Cost": 801.06, "Plan Rows": 4414, "Plan Width": 4, "Actual Rows": 4400, "Actual Loops": 1, "Hash Buckets": 8192, "Original Hash Buckets": 8192, "Hash Batches": 1, "Original Hash Batches": 1, "Peak Memory Usage": 219, "Plans": [{"Node Type": "Seq Scan", "Parent Relationship": "Outer", "Parallel Aware": false, "Async Capable": false, "Relation Name": "users", "Alias": "u", "Startup Cost": 0.0, "Total Cost": 801.06, "Plan Rows": 4414, "Plan Width": 4, "Actual Rows": 4400, "Actual Loops": 1, "Filter": "(creationdate <= '2011-09-14 09:28:55'::timestamp without time zone)", "Rows Removed by Filter": 35925}]}]}]}]}]}, "Planning Time": 1.915, "Triggers": [], "Execution Time": 134.772}, {"Plan": {"Node Type": "Aggregate", "Strategy": "Plain", "Partial Mode": "Finalize", "Parallel Aware": false, "Async Capable": false, "Startup Cost": 6562.1, "Total Cost": 6562.11, "Plan Rows": 1, "Plan Width": 8, "Actual Rows": 1, "Actual Loops": 1, "Plans": [{"Node Type": "Gather", "Parent Relationship": "Outer", "Parallel Aware": false, "Async Capable": false, "Startup Cost": 6561.99, "Total Cost": 6562.1, "Plan Rows": 1, "Plan Width": 8, "Actual Rows": 2, "Actual Loops": 1, "Workers Planned": 1, "Workers Launched": 1, "Single Copy": false, "Plans": [{"Node Type": "Aggregate", "Strategy": "Plain", "Partial Mode": "Partial", "Parent Relationship": "Outer", "Parallel Aware": false, "Async Capable": false, "Startup Cost": 5561.99, "Total Cost": 5562.0, "Plan Rows": 1, "Plan Width": 8, "Actual Rows": 1, "Actual Loops": 2, "Workers": [], "Plans": [{"Node Type": "Hash Join", "Parent Relationship": "Outer", "Parallel Aware": true, "Async Capable": false, "Join Type": "Inner", "Startup Cost": 2304.59, "Total Cost": 5362.19, "Plan Rows": 508.0, "Plan Width": 0, "Actual Rows": 310694, "Actual Loops": 2, "Inner Unique": false, "Hash Cond": "(c.userid = u.id)", "Workers": [], "Plans": [{"Node Type": "Seq Scan", "Parent Relationship": "Outer", "Parallel Aware": true, "Async Capable": false, "Relation Name": "comments", "Alias": "c", "Startup Cost": 0.0, "Total Cost": 2881.99, "Plan Rows": 45039, "Plan Width": 4, "Actual Rows": 38263, "Actual Loops": 2, "Filter": "((creationdate >= '2009-03-17 03:24:09'::timestamp without time zone) AND (creationdate <= '2013-01-16 08:31:05'::timestamp without time zone))", "Rows Removed by Filter": 48890, "Workers": []}, {"Node Type": "Hash", "Parent Relationship": "Inner", "Parallel Aware": true, "Async Capable": false, "Startup Cost": 2296.94, "Total Cost": 2296.94, "Plan Rows": 272.0, "Plan Width": 8, "Actual Rows": 1424, "Actual Loops": 2, "Hash Buckets": 4096, "Original Hash Buckets": 2048, "Hash Batches": 1, "Original Hash Batches": 1, "Peak Memory Usage": 208, "Workers": [], "Plans": [{"Node Type": "Merge Join", "Parent Relationship": "Outer", "Parallel Aware": false, "Async Capable": false, "Join Type": "Inner", "Startup Cost": 1068.71, "Total Cost": 2296.94, "Plan Rows": 272.0, "Plan Width": 8, "Actual Rows": 1424, "Actual Loops": 2, "Inner Unique": true, "Merge Cond": "(v.userid = u.id)", "Workers": [], "Plans": [{"Node Type": "Index Scan", "Parent Relationship": "Outer", "Parallel Aware": true, "Async Capable": false, "Scan Direction": "Forward", "Index Name": "idx_votes_userid", "Relation Name": "votes", "Alias": "v", "Startup Cost": 0.42, "Total Cost": 11216.36, "Plan Rows": 52909, "Plan Width": 4, "Actual Rows": 4598, "Actual Loops": 2, "Filter": "((creationdate >= '2012-05-11 22:49:47'::timestamp without time zone) AND (creationdate <= '2013-06-11 17:18:24'::timestamp without time zone))", "Rows Removed by Filter": 9130, "Workers": []}, {"Node Type": "Sort", "Parent Relationship": "Inner", "Parallel Aware": false, "Async Capable": false, "Startup Cost": 1068.28, "Total Cost": 1079.32, "Plan Rows": 4414, "Plan Width": 4, "Actual Rows": 4400, "Actual Loops": 2, "Sort Key": ["u.id"], "Sort Method": "quicksort", "Sort Space Used": 193, "Sort Space Type": "Memory", "Workers": [{"Worker Number": 0, "Sort Method": "quicksort", "Sort Space Used": 193, "Sort Space Type": "Memory"}], "Plans": [{"Node Type": "Seq Scan", "Parent Relationship": "Outer", "Parallel Aware": false, "Async Capable": false, "Relation Name": "users", "Alias": "u", "Startup Cost": 0.0, "Total Cost": 801.06, "Plan Rows": 4414, "Plan Width": 4, "Actual Rows": 4400, "Actual Loops": 2, "Filter": "(creationdate <= '2011-09-14 09:28:55'::timestamp without time zone)", "Rows Removed by Filter": 35925, "Workers": []}]}]}]}]}]}]}]}, "Planning Time": 2.514, "Triggers": [], "Execution Time": 92.759}, {"Plan": {"Node Type": "Aggregate", "Strategy": "Plain", "Partial Mode": "Simple", "Parallel Aware": false, "Async Capable": false, "Startup Cost": 3625.52, "Total Cost": 3625.53, "Plan Rows": 1, "Plan Width": 8, "Actual Rows": 1, "Actual Loops": 1, "Plans": [{"Node Type": "Nested Loop", "Parent Relationship": "Outer", "Parallel Aware": false, "Async Capable": false, "Join Type": "Inner", "Startup Cost": 1069.0, "Total Cost": 3285.87, "Plan Rows": 508.0, "Plan Width": 0, "Actual Rows": 621389, "Actual Loops": 1, "Inner Unique": false, "Join Filter": "(c.userid = u.id)", "Rows Removed by Join Filter": 0, "Plans": [{"Node Type": "Merge Join", "Parent Relationship": "Outer", "Parallel Aware": false, "Async Capable": false, "Join Type": "Inner", "Startup Cost": 1068.71, "Total Cost": 2525.38, "Plan Rows": 272.0, "Plan Width": 8, "Actual Rows": 2849, "Actual Loops": 1, "Inner Unique": true, "Merge Cond": "(v.userid = u.id)", "Plans": [{"Node Type": "Index Scan", "Parent Relationship": "Outer", "Parallel Aware": false, "Async Capable": false, "Scan Direction": "Forward", "Index Name": "idx_votes_userid", "Relation Name": "votes", "Alias": "v", "Startup Cost": 0.42, "Total Cost": 13242.63, "Plan Rows": 89945, "Plan Width": 4, "Actual Rows": 9195, "Actual Loops": 1, "Filter": "((creationdate >= '2012-05-11 22:49:47'::timestamp without time zone) AND (creationdate <= '2013-06-11 17:18:24'::timestamp without time zone))", "Rows Removed by Filter": 18260}, {"Node Type": "Sort", "Parent Relationship": "Inner", "Parallel Aware": false, "Async Capable": false, "Startup Cost": 1068.28, "Total Cost": 1079.32, "Plan Rows": 4414, "Plan Width": 4, "Actual Rows": 4400, "Actual Loops": 1, "Sort Key": ["u.id"], "Sort Method": "quicksort", "Sort Space Used": 193, "Sort Space Type": "Memory", "Plans": [{"Node Type": "Seq Scan", "Parent Relationship": "Outer", "Parallel Aware": false, "Async Capable": false, "Relation Name": "users", "Alias": "u", "Startup Cost": 0.0, "Total Cost": 801.06, "Plan Rows": 4414, "Plan Width": 4, "Actual Rows": 4400, "Actual Loops": 1, "Filter": "(creationdate <= '2011-09-14 09:28:55'::timestamp without time zone)", "Rows Removed by Filter": 35925}]}]}, {"Node Type": "Index Scan", "Parent Relationship": "Inner", "Parallel Aware": false, "Async Capable": false, "Scan Direction": "Forward", "Index Name": "idx_comments_userid", "Relation Name": "comments", "Alias": "c", "Startup Cost": 0.29, "Total Cost": 0.66, "Plan Rows": 6, "Plan Width": 4, "Actual Rows": 218, "Actual Loops": 2849, "Index Cond": "(userid = v.userid)", "Rows Removed by Index Recheck": 0, "Filter": "((creationdate >= '2009-03-17 03:24:09'::timestamp without time zone) AND (creationdate <= '2013-01-16 08:31:05'::timestamp without time zone))", "Rows Removed by Filter": 761}]}]}, "Planning Time": 1.627, "Triggers": [], "Execution Time": 463.415}, {"Plan": {"Node Type": "Aggregate", "Strategy": "Plain", "Partial Mode": "Finalize", "Parallel Aware": false, "Async Capable": false, "Startup Cost": 8829.09, "Total Cost": 8829.1, "Plan Rows": 1, "Plan Width": 8, "Actual Rows": 1, "Actual Loops": 1, "Plans": [{"Node Type": "Gather", "Parent Relationship": "Outer", "Parallel Aware": false, "Async Capable": false, "Startup Cost": 8828.98, "Total Cost": 8829.09, "Plan Rows": 1, "Plan Width": 8, "Actual Rows": 2, "Actual Loops": 1, "Workers Planned": 1, "Workers Launched": 1, "Single Copy": false, "Plans": [{"Node Type": "Aggregate", "Strategy": "Plain", "Partial Mode": "Partial", "Parent Relationship": "Outer", "Parallel Aware": false, "Async Capable": false, "Startup Cost": 7828.98, "Total Cost": 7828.99, "Plan Rows": 1, "Plan Width": 8, "Actual Rows": 1, "Actual Loops": 2, "Workers": [], "Plans": [{"Node Type": "Nested Loop", "Parent Relationship": "Outer", "Parallel Aware": false, "Async Capable": false, "Join Type": "Inner", "Startup Cost": 856.66, "Total Cost": 7629.18, "Plan Rows": 508.0, "Plan Width": 0, "Actual Rows": 310694, "Actual Loops": 2, "Inner Unique": false, "Join Filter": "(v.userid = u.id)", "Rows Removed by Join Filter": 0, "Workers": [], "Plans": [{"Node Type": "Hash Join", "Parent Relationship": "Outer", "Parallel Aware": false, "Async Capable": false, "Join Type": "Inner", "Startup Cost": 856.24, "Total Cost": 3856.46, "Plan Rows": 46.0, "Plan Width": 8, "Actual Rows": 23885, "Actual Loops": 2, "Inner Unique": true, "Hash Cond": "(c.userid = u.id)", "Workers": [], "Plans": [{"Node Type": "Seq Scan", "Parent Relationship": "Outer", "Parallel Aware": true, "Async Capable": false, "Relation Name": "comments", "Alias": "c", "Startup Cost": 0.0, "Total Cost": 2881.99, "Plan Rows": 45039, "Plan Width": 4, "Actual Rows": 38263, "Actual Loops": 2, "Filter": "((creationdate >= '2009-03-17 03:24:09'::timestamp without time zone) AND (creationdate <= '2013-01-16 08:31:05'::timestamp without time zone))", "Rows Removed by Filter": 48890, "Workers": []}, {"Node Type": "Hash", "Parent Relationship": "Inner", "Parallel Aware": false, "Async Capable": false, "Startup Cost": 801.06, "Total Cost": 801.06, "Plan Rows": 4414, "Plan Width": 4, "Actual Rows": 4400, "Actual Loops": 2, "Hash Buckets": 8192, "Original Hash Buckets": 8192, "Hash Batches": 1, "Original Hash Batches": 1, "Peak Memory Usage": 219, "Workers": [], "Plans": [{"Node Type": "Seq Scan", "Parent Relationship": "Outer", "Parallel Aware": false, "Async Capable": false, "Relation Name": "users", "Alias": "u", "Startup Cost": 0.0, "Total Cost": 801.06, "Plan Rows": 4414, "Plan Width": 4, "Actual Rows": 4400, "Actual Loops": 2, "Filter": "(creationdate <= '2011-09-14 09:28:55'::timestamp without time zone)", "Rows Removed by Filter": 35925, "Workers": []}]}]}, {"Node Type": "Index Scan", "Parent Relationship": "Inner", "Parallel Aware": false, "Async Capable": false, "Scan Direction": "Forward", "Index Name": "idx_votes_userid", "Relation Name": "votes", "Alias": "v", "Startup Cost": 0.42, "Total Cost": 0.75, "Plan Rows": 2, "Plan Width": 4, "Actual Rows": 13, "Actual Loops": 47770, "Index Cond": "(userid = c.userid)", "Rows Removed by Index Recheck": 0, "Filter": "((creationdate >= '2012-05-11 22:49:47'::timestamp without time zone) AND (creationdate <= '2013-06-11 17:18:24'::timestamp without time zone))", "Rows Removed by Filter": 46, "Workers": []}]}]}]}]}, "Planning Time": 2.066, "Triggers": [], "Execution Time": 564.545}, {"Plan": {"Node Type": "Aggregate", "Strategy": "Plain", "Partial Mode": "Finalize", "Parallel Aware": false, "Async Capable": false, "Startup Cost": 18380.26, "Total Cost": 18380.27, "Plan Rows": 1, "Plan Width": 8, "Actual Rows": 1, "Actual Loops": 1, "Plans": [{"Node Type": "Gather", "Parent Relationship": "Outer", "Parallel Aware": false, "Async Capable": false, "Startup Cost": 18380.15, "Total Cost": 18380.26, "Plan Rows": 1, "Plan Width": 8, "Actual Rows": 2, "Actual Loops": 1, "Workers Planned": 1, "Workers Launched": 1, "Single Copy": false, "Plans": [{"Node Type": "Aggregate", "Strategy": "Plain", "Partial Mode": "Partial", "Parent Relationship": "Outer", "Parallel Aware": false, "Async Capable": false, "Startup Cost": 17380.15, "Total Cost": 17380.16, "Plan Rows": 1, "Plan Width": 8, "Actual Rows": 1, "Actual Loops": 2, "Workers": [], "Plans": [{"Node Type": "Hash Join", "Parent Relationship": "Outer", "Parallel Aware": false, "Async Capable": false, "Join Type": "Inner", "Startup Cost": 856.67, "Total Cost": 17180.36, "Plan Rows": 508.0, "Plan Width": 0, "Actual Rows": 310694, "Actual Loops": 2, "Inner Unique": true, "Hash Cond": "(c.userid = u.id)", "Workers": [], "Plans": [{"Node Type": "Nested Loop", "Parent Relationship": "Outer", "Parallel Aware": false, "Async Capable": false, "Join Type": "Inner", "Startup Cost": 0.43, "Total Cost": 14375.15, "Plan Rows": 10259.0, "Plan Width": 8, "Actual Rows": 603782, "Actual Loops": 2, "Inner Unique": false, "Workers": [], "Plans": [{"Node Type": "Seq Scan", "Parent Relationship": "Outer", "Parallel Aware": true, "Async Capable": false, "Relation Name": "comments", "Alias": "c", "Startup Cost": 0.0, "Total Cost": 2881.99, "Plan Rows": 45039, "Plan Width": 4, "Actual Rows": 38263, "Actual Loops": 2, "Filter": "((creationdate >= '2009-03-17 03:24:09'::timestamp without time zone) AND (creationdate <= '2013-01-16 08:31:05'::timestamp without time zone))", "Rows Removed by Filter": 48890, "Workers": []}, {"Node Type": "Memoize", "Parent Relationship": "Inner", "Parallel Aware": false, "Async Capable": false, "Startup Cost": 0.43, "Total Cost": 0.76, "Plan Rows": 2, "Plan Width": 4, "Actual Rows": 16, "Actual Loops": 76526, "Cache Key": "c.userid", "Cache Mode": "logical", "Cache Hits": 38393, "Cache Misses": 3953, "Cache Evictions": 0, "Cache Overflows": 0, "Peak Memory Usage": 476, "Workers": [{"Worker Number": 0, "Cache Hits": 30581, "Cache Misses": 3599, "Cache Evictions": 0, "Cache Overflows": 0, "Peak Memory Usage": 448}], "Plans": [{"Node Type": "Index Scan", "Parent Relationship": "Outer", "Parallel Aware": false, "Async Capable": false, "Scan Direction": "Forward", "Index Name": "idx_votes_userid", "Relation Name": "votes", "Alias": "v", "Startup Cost": 0.42, "Total Cost": 0.75, "Plan Rows": 2, "Plan Width": 4, "Actual Rows": 2, "Actual Loops": 7552, "Index Cond": "(userid = c.userid)", "Rows Removed by Index Recheck": 0, "Filter": "((creationdate >= '2012-05-11 22:49:47'::timestamp without time zone) AND (creationdate <= '2013-06-11 17:18:24'::timestamp without time zone))", "Rows Removed by Filter": 3, "Workers": []}]}]}, {"Node Type": "Hash", "Parent Relationship": "Inner", "Parallel Aware": false, "Async Capable": false, "Startup Cost": 801.06, "Total Cost": 801.06, "Plan Rows": 4414, "Plan Width": 4, "Actual Rows": 4400, "Actual Loops": 2, "Hash Buckets": 8192, "Original Hash Buckets": 8192, "Hash Batches": 1, "Original Hash Batches": 1, "Peak Memory Usage": 219, "Workers": [], "Plans": [{"Node Type": "Seq Scan", "Parent Relationship": "Outer", "Parallel Aware": false, "Async Capable": false, "Relation Name": "users", "Alias": "u", "Startup Cost": 0.0, "Total Cost": 801.06, "Plan Rows": 4414, "Plan Width": 4, "Actual Rows": 4400, "Actual Loops": 2, "Filter": "(creationdate <= '2011-09-14 09:28:55'::timestamp without time zone)", "Rows Removed by Filter": 35925, "Workers": []}]}]}]}]}]}, "Planning Time": 2.422, "Triggers": [], "Execution Time": 134.193}]