[{"Plan": {"Node Type": "Aggregate", "Strategy": "Plain", "Partial Mode": "Simple", "Parallel Aware": false, "Async Capable": false, "Startup Cost": 1153.19, "Total Cost": 1153.2, "Plan Rows": 1, "Plan Width": 8, "Actual Rows": 1, "Actual Loops": 1, "Plans": [{"Node Type": "Nested Loop", "Parent Relationship": "Outer", "Parallel Aware": false, "Async Capable": false, "Join Type": "Inner", "Startup Cost": 1.14, "Total Cost": 1135.26, "Plan Rows": 33.0, "Plan Width": 0, "Actual Rows": 9369207, "Actual Loops": 1, "Inner Unique": false, "Plans": [{"Node Type": "Nested Loop", "Parent Relationship": "Outer", "Parallel Aware": false, "Async Capable": false, "Join Type": "Inner", "Startup Cost": 0.72, "Total Cost": 1131.2, "Plan Rows": 11.0, "Plan Width": 12, "Actual Rows": 8560, "Actual Loops": 1, "Inner Unique": false, "Plans": [{"Node Type": "Nested Loop", "Parent Relationship": "Outer", "Parallel Aware": false, "Async Capable": false, "Join Type": "Inner", "Startup Cost": 0.42, "Total Cost": 1118.23, "Plan Rows": 2218.0, "Plan Width": 8, "Actual Rows": 1172, "Actual Loops": 1, "Inner Unique": false, "Plans": [{"Node Type": "Seq Scan", "Parent Relationship": "Outer", "Parallel Aware": false, "Async Capable": false, "Relation Name": "users", "Alias": "u", "Startup Cost": 0.0, "Total Cost": 1002.69, "Plan Rows": 23, "Plan Width": 4, "Actual Rows": 29, "Actual Loops": 1, "Filter": "((views <= 2570) AND (downvotes >= 44) AND (creationdate <= '2013-07-21 19:51:58'::timestamp without time zone))", "Rows Removed by Filter": 40296}, {"Node Type": "Index Only Scan", "Parent Relationship": "Inner", "Parallel Aware": false, "Async Capable": false, "Scan Direction": "Forward", "Index Name": "idx_votes_userid", "Relation Name": "votes", "Alias": "v", "Startup Cost": 0.42, "Total Cost": 4.93, "Plan Rows": 9, "Plan Width": 4, "Actual Rows": 40, "Actual Loops": 29, "Index Cond": "(userid = u.id)", "Rows Removed by Index Recheck": 0, "Heap Fetches": 0}]}, {"Node Type": "Index Scan", "Parent Relationship": "Inner", "Parallel Aware": false, "Async Capable": false, "Scan Direction": "Forward", "Index Name": "idx_comments_userid", "Relation Name": "comments", "Alias": "c", "Startup Cost": 0.29, "Total Cost": 0.64, "Plan Rows": 1, "Plan Width": 4, "Actual Rows": 7, "Actual Loops": 1172, "Index Cond": "(userid = v.userid)", "Rows Removed by Index Recheck": 0, "Filter": "((creationdate >= '2014-03-27 09:19:53'::timestamp without time zone) AND (creationdate <= '2014-05-15 02:22:48'::timestamp without time zone) AND (score = 1))", "Rows Removed by Filter": 457}]}, {"Node Type": "Index Only Scan", "Parent Relationship": "Inner", "Parallel Aware": false, "Async Capable": false, "Scan Direction": "Forward", "Index Name": "idx_posthistory_userid", "Relation Name": "posthistory", "Alias": "ph", "Startup Cost": 0.42, "Total Cost": 0.67, "Plan Rows": 14, "Plan Width": 4, "Actual Rows": 1095, "Actual Loops": 8560, "Index Cond": "(userid = v.userid)", "Rows Removed by Index Recheck": 0, "Heap Fetches": 0}]}]}, "Planning Time": 1.942, "Triggers": [], "Execution Time": 733.555}, {"Plan": {"Node Type": "Aggregate", "Strategy": "Plain", "Partial Mode": "Simple", "Parallel Aware": false, "Async Capable": false, "Startup Cost": 2299.06, "Total Cost": 2299.07, "Plan Rows": 1, "Plan Width": 8, "Actual Rows": 1, "Actual Loops": 1, "Plans": [{"Node Type": "Merge Join", "Parent Relationship": "Outer", "Parallel Aware": false, "Async Capable": false, "Join Type": "Inner", "Startup Cost": 1131.59, "Total Cost": 2281.12, "Plan Rows": 33.0, "Plan Width": 0, "Actual Rows": 9369207, "Actual Loops": 1, "Inner Unique": false, "Merge Cond": "(v.userid = u.id)", "Plans": [{"Node Type": "Merge Join", "Parent Relationship": "Outer", "Parallel Aware": false, "Async Capable": false, "Join Type": "Inner", "Startup Cost": 1.29, "Total Cost": 10662.72, "Plan Rows": 105.0, "Plan Width": 8, "Actual Rows": 145656, "Actual Loops": 1, "Inner Unique": false, "Merge Cond": "(c.userid = v.userid)", "Plans": [{"Node Type": "Index Scan", "Parent Relationship": "Outer", "Parallel Aware": false, "Async Capable": false, "Scan Direction": "Forward", "Index Name": "idx_comments_userid", "Relation Name": "comments", "Alias": "c", "Startup Cost": 0.29, "Total Cost": 9130.49, "Plan Rows": 1312, "Plan Width": 4, "Actual Rows": 943, "Actual Loops": 1, "Filter": "((creationdate >= '2014-03-27 09:19:53'::timestamp without time zone) AND (creationdate <= '2014-05-15 02:22:48'::timestamp without time zone) AND (score = 1))", "Rows Removed by Filter": 139987}, {"Node Type": "Index Only Scan", "Parent Relationship": "Inner", "Parallel Aware": false, "Async Capable": false, "Scan Direction": "Forward", "Index Name": "idx_votes_userid", "Relation Name": "votes", "Alias": "v", "Startup Cost": 0.42, "Total Cost": 6175.27, "Plan Rows": 328064, "Plan Width": 4, "Actual Rows": 168500, "Actual Loops": 1, "Heap Fetches": 0}]}, {"Node Type": "Sort", "Parent Relationship": "Inner", "Parallel Aware": false, "Async Capable": false, "Startup Cost": 1130.3, "Total Cost": 1130.7, "Plan Rows": 342.0, "Plan Width": 8, "Actual Rows": 9378288, "Actual Loops": 1, "Sort Key": ["ph.userid"], "Sort Method": "quicksort", "Sort Space Used": 1363, "Sort Space Type": "Memory", "Plans": [{"Node Type": "Nested Loop", "Parent Relationship": "Outer", "Parallel Aware": false, "Async Capable": false, "Join Type": "Inner", "Startup Cost": 0.42, "Total Cost": 1124.4, "Plan Rows": 342.0, "Plan Width": 8, "Actual Rows": 19037, "Actual Loops": 1, "Inner Unique": false, "Plans": [{"Node Type": "Seq Scan", "Parent Relationship": "Outer", "Parallel Aware": false, "Async Capable": false, "Relation Name": "users", "Alias": "u", "Startup Cost": 0.0, "Total Cost": 1002.69, "Plan Rows": 23, "Plan Width": 4, "Actual Rows": 29, "Actual Loops": 1, "Filter": "((views <= 2570) AND (downvotes >= 44) AND (creationdate <= '2013-07-21 19:51:58'::timestamp without time zone))", "Rows Removed by Filter": 40296}, {"Node Type": "Index Only Scan", "Parent Relationship": "Inner", "Parallel Aware": false, "Async Capable": false, "Scan Direction": "Forward", "Index Name": "idx_posthistory_userid", "Relation Name": "posthistory", "Alias": "ph", "Startup Cost": 0.42, "Total Cost": 5.15, "Plan Rows": 14, "Plan Width": 4, "Actual Rows": 656, "Actual Loops": 29, "Index Cond": "(userid = u.id)", "Rows Removed by Index Recheck": 0, "Heap Fetches": 0}]}]}]}]}, "Planning Time": 2.618, "Triggers": [], "Execution Time": 765.98}, {"Plan": {"Node Type": "Aggregate", "Strategy": "Plain", "Partial Mode": "Simple", "Parallel Aware": false, "Async Capable": false, "Startup Cost": 1778.66, "Total Cost": 1778.67, "Plan Rows": 1, "Plan Width": 8, "Actual Rows": 1, "Actual Loops": 1, "Plans": [{"Node Type": "Nested Loop", "Parent Relationship": "Outer", "Parallel Aware": false, "Async Capable": false, "Join Type": "Inner", "Startup Cost": 1004.35, "Total Cost": 1760.73, "Plan Rows": 33.0, "Plan Width": 0, "Actual Rows": 9369207, "Actual Loops": 1, "Inner Unique": false, "Plans": [{"Node Type": "Nested Loop", "Parent Relationship": "Outer", "Parallel Aware": false, "Async Capable": false, "Join Type": "Inner", "Startup Cost": 1003.93, "Total Cost": 1756.67, "Plan Rows": 11.0, "Plan Width": 12, "Actual Rows": 8560, "Actual Loops": 1, "Inner Unique": false, "Plans": [{"Node Type": "Merge Join", "Parent Relationship": "Outer", "Parallel Aware": false, "Async Capable": false, "Join Type": "Inner", "Startup Cost": 1003.63, "Total Cost": 1743.69, "Plan Rows": 2218.0, "Plan Width": 8, "Actual Rows": 1172, "Actual Loops": 1, "Inner Unique": true, "Merge Cond": "(v.userid = u.id)", "Plans": [{"Node Type": "Index Only Scan", "Parent Relationship": "Outer", "Parallel Aware": false, "Async Capable": false, "Scan Direction": "Forward", "Index Name": "idx_votes_userid", "Relation Name": "votes", "Alias": "v", "Startup Cost": 0.42, "Total Cost": 6175.27, "Plan Rows": 328064, "Plan Width": 4, "Actual Rows": 27744, "Actual Loops": 1, "Heap Fetches": 0}, {"Node Type": "Sort", "Parent Relationship": "Inner", "Parallel Aware": false, "Async Capable": false, "Startup Cost": 1003.21, "Total Cost": 1003.27, "Plan Rows": 23, "Plan Width": 4, "Actual Rows": 29, "Actual Loops": 1, "Sort Key": ["u.id"], "Sort Method": "quicksort", "Sort Space Used": 25, "Sort Space Type": "Memory", "Plans": [{"Node Type": "Seq Scan", "Parent Relationship": "Outer", "Parallel Aware": false, "Async Capable": false, "Relation Name": "users", "Alias": "u", "Startup Cost": 0.0, "Total Cost": 1002.69, "Plan Rows": 23, "Plan Width": 4, "Actual Rows": 29, "Actual Loops": 1, "Filter": "((views <= 2570) AND (downvotes >= 44) AND (creationdate <= '2013-07-21 19:51:58'::timestamp without time zone))", "Rows Removed by Filter": 40296}]}]}, {"Node Type": "Index Scan", "Parent Relationship": "Inner", "Parallel Aware": false, "Async Capable": false, "Scan Direction": "Forward", "Index Name": "idx_comments_userid", "Relation Name": "comments", "Alias": "c", "Startup Cost": 0.29, "Total Cost": 0.64, "Plan Rows": 1, "Plan Width": 4, "Actual Rows": 7, "Actual Loops": 1172, "Index Cond": "(userid = v.userid)", "Rows Removed by Index Recheck": 0, "Filter": "((creationdate >= '2014-03-27 09:19:53'::timestamp without time zone) AND (creationdate <= '2014-05-15 02:22:48'::timestamp without time zone) AND (score = 1))", "Rows Removed by Filter": 457}]}, {"Node Type": "Index Only Scan", "Parent Relationship": "Inner", "Parallel Aware": false, "Async Capable": false, "Scan Direction": "Forward", "Index Name": "idx_posthistory_userid", "Relation Name": "posthistory", "Alias": "ph", "Startup Cost": 0.42, "Total Cost": 0.67, "Plan Rows": 14, "Plan Width": 4, "Actual Rows": 1095, "Actual Loops": 8560, "Index Cond": "(userid = v.userid)", "Rows Removed by Index Recheck": 0, "Heap Fetches": 0}]}]}, "Planning Time": 2.389, "Triggers": [], "Execution Time": 735.726}, {"Plan": {"Node Type": "Aggregate", "Strategy": "Plain", "Partial Mode": "Simple", "Parallel Aware": false, "Async Capable": false, "Startup Cost": 15658.62, "Total Cost": 15658.63, "Plan Rows": 1, "Plan Width": 8, "Actual Rows": 1, "Actual Loops": 1, "Plans": [{"Node Type": "Merge Join", "Parent Relationship": "Outer", "Parallel Aware": false, "Async Capable": false, "Join Type": "Inner", "Startup Cost": 1.44, "Total Cost": 15640.69, "Plan Rows": 33.0, "Plan Width": 0, "Actual Rows": 9369207, "Actual Loops": 1, "Inner Unique": false, "Merge Cond": "(u.id = v.userid)", "Plans": [{"Node Type": "Nested Loop", "Parent Relationship": "Outer", "Parallel Aware": false, "Async Capable": false, "Join Type": "Inner", "Startup Cost": 0.58, "Total Cost": 2618.53, "Plan Rows": 1.0, "Plan Width": 8, "Actual Rows": 104, "Actual Loops": 1, "Inner Unique": false, "Plans": [{"Node Type": "Index Scan", "Parent Relationship": "Outer", "Parallel Aware": false, "Async Capable": false, "Scan Direction": "Forward", "Index Name": "users_pkey", "Relation Name": "users", "Alias": "u", "Startup Cost": 0.29, "Total Cost": 1659.6, "Plan Rows": 23, "Plan Width": 4, "Actual Rows": 29, "Actual Loops": 1, "Filter": "((views <= 2570) AND (downvotes >= 44) AND (creationdate <= '2013-07-21 19:51:58'::timestamp without time zone))", "Rows Removed by Filter": 40296}, {"Node Type": "Index Scan", "Parent Relationship": "Inner", "Parallel Aware": false, "Async Capable": false, "Scan Direction": "Forward", "Index Name": "idx_comments_userid", "Relation Name": "comments", "Alias": "c", "Startup Cost": 0.29, "Total Cost": 41.68, "Plan Rows": 1, "Plan Width": 4, "Actual Rows": 4, "Actual Loops": 29, "Index Cond": "(userid = u.id)", "Rows Removed by Index Recheck": 0, "Filter": "((creationdate >= '2014-03-27 09:19:53'::timestamp without time zone) AND (creationdate <= '2014-05-15 02:22:48'::timestamp without time zone) AND (score = 1))", "Rows Removed by Filter": 382}]}, {"Node Type": "Materialize", "Parent Relationship": "Inner", "Parallel Aware": false, "Async Capable": false, "Startup Cost": 0.85, "Total Cost": 89317.49, "Plan Rows": 57375.0, "Plan Width": 8, "Actual Rows": 22596765, "Actual Loops": 1, "Plans": [{"Node Type": "Nested Loop", "Parent Relationship": "Outer", "Parallel Aware": false, "Async Capable": false, "Join Type": "Inner", "Startup Cost": 0.85, "Total Cost": 55508.49, "Plan Rows": 57375.0, "Plan Width": 8, "Actual Rows": 13814030, "Actual Loops": 1, "Inner Unique": false, "Plans": [{"Node Type": "Index Only Scan", "Parent Relationship": "Outer", "Parallel Aware": false, "Async Capable": false, "Scan Direction": "Forward", "Index Name": "idx_posthistory_userid", "Relation Name": "posthistory", "Alias": "ph", "Startup Cost": 0.42, "Total Cost": 5925.85, "Plan Rows": 303187, "Plan Width": 4, "Actual Rows": 208829, "Actual Loops": 1, "Heap Fetches": 0}, {"Node Type": "Memoize", "Parent Relationship": "Inner", "Parallel Aware": false, "Async Capable": false, "Startup Cost": 0.43, "Total Cost": 0.59, "Plan Rows": 9, "Plan Width": 4, "Actual Rows": 66, "Actual Loops": 208829, "Cache Key": "ph.userid", "Cache Mode": "logical", "Cache Hits": 197561, "Cache Misses": 11268, "Cache Evictions": 0, "Cache Overflows": 0, "Peak Memory Usage": 1614, "Plans": [{"Node Type": "Index Only Scan", "Parent Relationship": "Outer", "Parallel Aware": false, "Async Capable": false, "Scan Direction": "Forward", "Index Name": "idx_votes_userid", "Relation Name": "votes", "Alias": "v", "Startup Cost": 0.42, "Total Cost": 0.58, "Plan Rows": 9, "Plan Width": 4, "Actual Rows": 2, "Actual Loops": 11268, "Index Cond": "(userid = ph.userid)", "Rows Removed by Index Recheck": 0, "Heap Fetches": 0}]}]}]}]}]}, "Planning Time": 2.959, "Triggers": [], "Execution Time": 3503.683}, {"Plan": {"Node Type": "Aggregate", "Strategy": "Plain", "Partial Mode": "Finalize", "Parallel Aware": false, "Async Capable": false, "Startup Cost": 5360.41, "Total Cost": 5360.42, "Plan Rows": 1, "Plan Width": 8, "Actual Rows": 1, "Actual Loops": 1, "Plans": [{"Node Type": "Gather", "Parent Relationship": "Outer", "Parallel Aware": false, "Async Capable": false, "Startup Cost": 5360.3, "Total Cost": 5360.41, "Plan Rows": 1, "Plan Width": 8, "Actual Rows": 2, "Actual Loops": 1, "Workers Planned": 1, "Workers Launched": 1, "Single Copy": false, "Plans": [{"Node Type": "Aggregate", "Strategy": "Plain", "Partial Mode": "Partial", "Parent Relationship": "Outer", "Parallel Aware": false, "Async Capable": false, "Startup Cost": 4360.3, "Total Cost": 4360.31, "Plan Rows": 1, "Plan Width": 8, "Actual Rows": 1, "Actual Loops": 2, "Workers": [], "Plans": [{"Node Type": "Hash Join", "Parent Relationship": "Outer", "Parallel Aware": false, "Async Capable": false, "Join Type": "Inner", "Startup Cost": 1144.66, "Total Cost": 4349.75, "Plan Rows": 33.0, "Plan Width": 0, "Actual Rows": 4684604, "Actual Loops": 2, "Inner Unique": false, "Hash Cond": "(c.userid = v.userid)", "Workers": [], "Plans": [{"Node Type": "Seq Scan", "Parent Relationship": "Outer", "Parallel Aware": true, "Async Capable": false, "Relation Name": "comments", "Alias": "c", "Startup Cost": 0.0, "Total Cost": 3138.32, "Plan Rows": 772, "Plan Width": 4, "Actual Rows": 650, "Actual Loops": 2, "Filter": "((creationdate >= '2014-03-27 09:19:53'::timestamp without time zone) AND (creationdate <= '2014-05-15 02:22:48'::timestamp without time zone) AND (score = 1))", "Rows Removed by Filter": 86502, "Workers": []}, {"Node Type": "Hash", "Parent Relationship": "Inner", "Parallel Aware": false, "Async Capable": false, "Startup Cost": 1134.46, "Total Cost": 1134.46, "Plan Rows": 5801.0, "Plan Width": 12, "Actual Rows": 1013550, "Actual Loops": 2, "Hash Buckets": 1048576, "Original Hash Buckets": 1024, "Hash Batches": 1, "Original Hash Batches": 1, "Peak Memory Usage": 51743, "Workers": [], "Plans": [{"Node Type": "Nested Loop", "Parent Relationship": "Outer", "Parallel Aware": false, "Async Capable": false, "Join Type": "Inner", "Startup Cost": 0.84, "Total Cost": 1134.46, "Plan Rows": 5801.0, "Plan Width": 12, "Actual Rows": 1013550, "Actual Loops": 2, "Inner Unique": false, "Workers": [], "Plans": [{"Node Type": "Nested Loop", "Parent Relationship": "Outer", "Parallel Aware": false, "Async Capable": false, "Join Type": "Inner", "Startup Cost": 0.42, "Total Cost": 1118.23, "Plan Rows": 2218.0, "Plan Width": 8, "Actual Rows": 1172, "Actual Loops": 2, "Inner Unique": false, "Workers": [], "Plans": [{"Node Type": "Seq Scan", "Parent Relationship": "Outer", "Parallel Aware": false, "Async Capable": false, "Relation Name": "users", "Alias": "u", "Startup Cost": 0.0, "Total Cost": 1002.69, "Plan Rows": 23, "Plan Width": 4, "Actual Rows": 29, "Actual Loops": 2, "Filter": "((views <= 2570) AND (downvotes >= 44) AND (creationdate <= '2013-07-21 19:51:58'::timestamp without time zone))", "Rows Removed by Filter": 40296, "Workers": []}, {"Node Type": "Index Only Scan", "Parent Relationship": "Inner", "Parallel Aware": false, "Async Capable": false, "Scan Direction": "Forward", "Index Name": "idx_votes_userid", "Relation Name": "votes", "Alias": "v", "Startup Cost": 0.42, "Total Cost": 4.93, "Plan Rows": 9, "Plan Width": 4, "Actual Rows": 40, "Actual Loops": 58, "Index Cond": "(userid = u.id)", "Rows Removed by Index Recheck": 0, "Heap Fetches": 0, "Workers": []}]}, {"Node Type": "Index Only Scan", "Parent Relationship": "Inner", "Parallel Aware": false, "Async Capable": false, "Scan Direction": "Forward", "Index Name": "idx_posthistory_userid", "Relation Name": "posthistory", "Alias": "ph", "Startup Cost": 0.42, "Total Cost": 0.67, "Plan Rows": 14, "Plan Width": 4, "Actual Rows": 865, "Actual Loops": 2344, "Index Cond": "(userid = v.userid)", "Rows Removed by Index Recheck": 0, "Heap Fetches": 0, "Workers": []}]}]}]}]}]}]}, "Planning Time": 5.314, "Triggers": [], "Execution Time": 606.816}, {"Plan": {"Node Type": "Aggregate", "Strategy": "Plain", "Partial Mode": "Finalize", "Parallel Aware": false, "Async Capable": false, "Startup Cost": 12568.06, "Total Cost": 12568.07, "Plan Rows": 1, "Plan Width": 8, "Actual Rows": 1, "Actual Loops": 1, "Plans": [{"Node Type": "Gather", "Parent Relationship": "Outer", "Parallel Aware": false, "Async Capable": false, "Startup Cost": 12567.95, "Total Cost": 12568.06, "Plan Rows": 1, "Plan Width": 8, "Actual Rows": 2, "Actual Loops": 1, "Workers Planned": 1, "Workers Launched": 1, "Single Copy": false, "Plans": [{"Node Type": "Aggregate", "Strategy": "Plain", "Partial Mode": "Partial", "Parent Relationship": "Outer", "Parallel Aware": false, "Async Capable": false, "Startup Cost": 11567.95, "Total Cost": 11567.96, "Plan Rows": 1, "Plan Width": 8, "Actual Rows": 1, "Actual Loops": 2, "Workers": [], "Plans": [{"Node Type": "Hash Join", "Parent Relationship": "Outer", "Parallel Aware": false, "Async Capable": false, "Join Type": "Inner", "Startup Cost": 1118.9, "Total Cost": 11557.39, "Plan Rows": 33.0, "Plan Width": 0, "Actual Rows": 4684604, "Actual Loops": 2, "Inner Unique": false, "Hash Cond": "(c.userid = v.userid)", "Workers": [], "Plans": [{"Node Type": "Nested Loop", "Parent Relationship": "Outer", "Parallel Aware": false, "Async Capable": false, "Join Type": "Inner", "Startup Cost": 0.42, "Total Cost": 4576.85, "Plan Rows": 10.0, "Plan Width": 8, "Actual Rows": 1709852, "Actual Loops": 2, "Inner Unique": false, "Workers": [], "Plans": [{"Node Type": "Seq Scan", "Parent Relationship": "Outer", "Parallel Aware": true, "Async Capable": false, "Relation Name": "comments", "Alias": "c", "Startup Cost": 0.0, "Total Cost": 3138.32, "Plan Rows": 772, "Plan Width": 4, "Actual Rows": 650, "Actual Loops": 2, "Filter": "((creationdate >= '2014-03-27 09:19:53'::timestamp without time zone) AND (creationdate <= '2014-05-15 02:22:48'::timestamp without time zone) AND (score = 1))", "Rows Removed by Filter": 86502, "Workers": []}, {"Node Type": "Index Only Scan", "Parent Relationship": "Inner", "Parallel Aware": false, "Async Capable": false, "Scan Direction": "Forward", "Index Name": "idx_posthistory_userid", "Relation Name": "posthistory", "Alias": "ph", "Startup Cost": 0.42, "Total Cost": 1.72, "Plan Rows": 14, "Plan Width": 4, "Actual Rows": 2631, "Actual Loops": 1300, "Index Cond": "(userid = c.userid)", "Rows Removed by Index Recheck": 0, "Heap Fetches": 0, "Workers": []}]}, {"Node Type": "Hash", "Parent Relationship": "Inner", "Parallel Aware": false, "Async Capable": false, "Startup Cost": 1118.23, "Total Cost": 1118.23, "Plan Rows": 2218.0, "Plan Width": 8, "Actual Rows": 1172, "Actual Loops": 2, "Hash Buckets": 2048, "Original Hash Buckets": 1024, "Hash Batches": 1, "Original Hash Batches": 1, "Peak Memory Usage": 62, "Workers": [], "Plans": [{"Node Type": "Nested Loop", "Parent Relationship": "Outer", "Parallel Aware": false, "Async Capable": false, "Join Type": "Inner", "Startup Cost": 0.42, "Total Cost": 1118.23, "Plan Rows": 2218.0, "Plan Width": 8, "Actual Rows": 1172, "Actual Loops": 2, "Inner Unique": false, "Workers": [], "Plans": [{"Node Type": "Seq Scan", "Parent Relationship": "Outer", "Parallel Aware": false, "Async Capable": false, "Relation Name": "users", "Alias": "u", "Startup Cost": 0.0, "Total Cost": 1002.69, "Plan Rows": 23, "Plan Width": 4, "Actual Rows": 29, "Actual Loops": 2, "Filter": "((views <= 2570) AND (downvotes >= 44) AND (creationdate <= '2013-07-21 19:51:58'::timestamp without time zone))", "Rows Removed by Filter": 40296, "Workers": []}, {"Node Type": "Index Only Scan", "Parent Relationship": "Inner", "Parallel Aware": false, "Async Capable": false, "Scan Direction": "Forward", "Index Name": "idx_votes_userid", "Relation Name": "votes", "Alias": "v", "Startup Cost": 0.42, "Total Cost": 4.93, "Plan Rows": 9, "Plan Width": 4, "Actual Rows": 40, "Actual Loops": 58, "Index Cond": "(userid = u.id)", "Rows Removed by Index Recheck": 0, "Heap Fetches": 0, "Workers": []}]}]}]}]}]}]}, "Planning Time": 6.195, "Triggers": [], "Execution Time": 445.075}, {"Plan": {"Node Type": "Aggregate", "Strategy": "Plain", "Partial Mode": "Finalize", "Parallel Aware": false, "Async Capable": false, "Startup Cost": 22722.5, "Total Cost": 22722.51, "Plan Rows": 1, "Plan Width": 8, "Plans": [{"Node Type": "Gather", "Parent Relationship": "Outer", "Parallel Aware": false, "Async Capable": false, "Startup Cost": 22722.38, "Total Cost": 22722.49, "Plan Rows": 1, "Plan Width": 8, "Workers Planned": 1, "Single Copy": false, "Plans": [{"Node Type": "Aggregate", "Strategy": "Plain", "Partial Mode": "Partial", "Parent Relationship": "Outer", "Parallel Aware": false, "Async Capable": false, "Startup Cost": 21722.38, "Total Cost": 21722.39, "Plan Rows": 1, "Plan Width": 8, "Plans": [{"Node Type": "Merge Join", "Parent Relationship": "Outer", "Parallel Aware": false, "Async Capable": false, "Join Type": "Inner", "Startup Cost": 1004.93, "Total Cost": 21711.83, "Plan Rows": 33.0, "Plan Width": 0, "Inner Unique": true, "Merge Cond": "(v.userid = u.id)", "Plans": [{"Node Type": "Nested Loop", "Parent Relationship": "Outer", "Parallel Aware": false, "Async Capable": false, "Join Type": "Inner", "Startup Cost": 1.73, "Total Cost": 20472.96, "Plan Rows": 300.0, "Plan Width": 12, "Inner Unique": false, "Plans": [{"Node Type": "Merge Join", "Parent Relationship": "Outer", "Parallel Aware": false, "Async Capable": false, "Join Type": "Inner", "Startup Cost": 1.29, "Total Cost": 9080.7, "Plan Rows": 105.0, "Plan Width": 8, "Inner Unique": false, "Merge Cond": "(c.userid = v.userid)", "Plans": [{"Node Type": "Index Scan", "Parent Relationship": "Outer", "Parallel Aware": true, "Async Capable": false, "Scan Direction": "Forward", "Index Name": "idx_comments_userid", "Relation Name": "comments", "Alias": "c", "Startup Cost": 0.29, "Total Cost": 7874.47, "Plan Rows": 772, "Plan Width": 4, "Filter": "((creationdate >= '2014-03-27 09:19:53'::timestamp without time zone) AND (creationdate <= '2014-05-15 02:22:48'::timestamp without time zone) AND (score = 1))"}, {"Node Type": "Index Only Scan", "Parent Relationship": "Inner", "Parallel Aware": false, "Async Capable": false, "Scan Direction": "Forward", "Index Name": "idx_votes_userid", "Relation Name": "votes", "Alias": "v", "Startup Cost": 0.42, "Total Cost": 6175.27, "Plan Rows": 328064, "Plan Width": 4}]}, {"Node Type": "Memoize", "Parent Relationship": "Inner", "Parallel Aware": false, "Async Capable": false, "Startup Cost": 0.43, "Total Cost": 0.68, "Plan Rows": 14, "Plan Width": 4, "Cache Key": "v.userid", "Cache Mode": "logical", "Plans": [{"Node Type": "Index Only Scan", "Parent Relationship": "Outer", "Parallel Aware": false, "Async Capable": false, "Scan Direction": "Forward", "Index Name": "idx_posthistory_userid", "Relation Name": "posthistory", "Alias": "ph", "Startup Cost": 0.42, "Total Cost": 0.67, "Plan Rows": 14, "Plan Width": 4, "Index Cond": "(userid = v.userid)"}]}]}, {"Node Type": "Sort", "Parent Relationship": "Inner", "Parallel Aware": false, "Async Capable": false, "Startup Cost": 1003.21, "Total Cost": 1003.27, "Plan Rows": 23, "Plan Width": 4, "Sort Key": ["u.id"], "Plans": [{"Node Type": "Seq Scan", "Parent Relationship": "Outer", "Parallel Aware": false, "Async Capable": false, "Relation Name": "users", "Alias": "u", "Startup Cost": 0.0, "Total Cost": 1002.69, "Plan Rows": 23, "Plan Width": 4, "Filter": "((views <= 2570) AND (downvotes >= 44) AND (creationdate <= '2013-07-21 19:51:58'::timestamp without time zone))"}]}]}]}]}]}, "Timeout Time": 5000}, {"Plan": {"Node Type": "Aggregate", "Strategy": "Plain", "Partial Mode": "Simple", "Parallel Aware": false, "Async Capable": false, "Startup Cost": 1153.19, "Total Cost": 1153.2, "Plan Rows": 1, "Plan Width": 8, "Actual Rows": 1, "Actual Loops": 1, "Plans": [{"Node Type": "Nested Loop", "Parent Relationship": "Outer", "Parallel Aware": false, "Async Capable": false, "Join Type": "Inner", "Startup Cost": 1.14, "Total Cost": 1135.26, "Plan Rows": 33.0, "Plan Width": 0, "Actual Rows": 9369207, "Actual Loops": 1, "Inner Unique": false, "Plans": [{"Node Type": "Nested Loop", "Parent Relationship": "Outer", "Parallel Aware": false, "Async Capable": false, "Join Type": "Inner", "Startup Cost": 0.72, "Total Cost": 1131.2, "Plan Rows": 11.0, "Plan Width": 12, "Actual Rows": 8560, "Actual Loops": 1, "Inner Unique": false, "Plans": [{"Node Type": "Nested Loop", "Parent Relationship": "Outer", "Parallel Aware": false, "Async Capable": false, "Join Type": "Inner", "Startup Cost": 0.42, "Total Cost": 1118.23, "Plan Rows": 2218.0, "Plan Width": 8, "Actual Rows": 1172, "Actual Loops": 1, "Inner Unique": false, "Plans": [{"Node Type": "Seq Scan", "Parent Relationship": "Outer", "Parallel Aware": false, "Async Capable": false, "Relation Name": "users", "Alias": "u", "Startup Cost": 0.0, "Total Cost": 1002.69, "Plan Rows": 23, "Plan Width": 4, "Actual Rows": 29, "Actual Loops": 1, "Filter": "((views <= 2570) AND (downvotes >= 44) AND (creationdate <= '2013-07-21 19:51:58'::timestamp without time zone))", "Rows Removed by Filter": 40296}, {"Node Type": "Index Only Scan", "Parent Relationship": "Inner", "Parallel Aware": false, "Async Capable": false, "Scan Direction": "Forward", "Index Name": "idx_votes_userid", "Relation Name": "votes", "Alias": "v", "Startup Cost": 0.42, "Total Cost": 4.93, "Plan Rows": 9, "Plan Width": 4, "Actual Rows": 40, "Actual Loops": 29, "Index Cond": "(userid = u.id)", "Rows Removed by Index Recheck": 0, "Heap Fetches": 0}]}, {"Node Type": "Index Scan", "Parent Relationship": "Inner", "Parallel Aware": false, "Async Capable": false, "Scan Direction": "Forward", "Index Name": "idx_comments_userid", "Relation Name": "comments", "Alias": "c", "Startup Cost": 0.29, "Total Cost": 0.64, "Plan Rows": 1, "Plan Width": 4, "Actual Rows": 7, "Actual Loops": 1172, "Index Cond": "(userid = v.userid)", "Rows Removed by Index Recheck": 0, "Filter": "((creationdate >= '2014-03-27 09:19:53'::timestamp without time zone) AND (creationdate <= '2014-05-15 02:22:48'::timestamp without time zone) AND (score = 1))", "Rows Removed by Filter": 457}]}, {"Node Type": "Index Only Scan", "Parent Relationship": "Inner", "Parallel Aware": false, "Async Capable": false, "Scan Direction": "Forward", "Index Name": "idx_posthistory_userid", "Relation Name": "posthistory", "Alias": "ph", "Startup Cost": 0.42, "Total Cost": 0.67, "Plan Rows": 14, "Plan Width": 4, "Actual Rows": 1095, "Actual Loops": 8560, "Index Cond": "(userid = v.userid)", "Rows Removed by Index Recheck": 0, "Heap Fetches": 0}]}]}, "Planning Time": 1.765, "Triggers": [], "Execution Time": 747.724}, {"Plan": {"Node Type": "Aggregate", "Strategy": "Plain", "Partial Mode": "Simple", "Parallel Aware": false, "Async Capable": false, "Startup Cost": 2970.52, "Total Cost": 2970.53, "Plan Rows": 1, "Plan Width": 8, "Actual Rows": 1, "Actual Loops": 1, "Plans": [{"Node Type": "Merge Join", "Parent Relationship": "Outer", "Parallel Aware": false, "Async Capable": false, "Join Type": "Inner", "Startup Cost": 2.01, "Total Cost": 2952.58, "Plan Rows": 33.0, "Plan Width": 0, "Actual Rows": 9369207, "Actual Loops": 1, "Inner Unique": false, "Merge Cond": "(u.id = v.userid)", "Plans": [{"Node Type": "Nested Loop", "Parent Relationship": "Outer", "Parallel Aware": false, "Async Capable": false, "Join Type": "Inner", "Startup Cost": 0.71, "Total Cost": 1781.32, "Plan Rows": 342.0, "Plan Width": 8, "Actual Rows": 19037, "Actual Loops": 1, "Inner Unique": false, "Plans": [{"Node Type": "Index Scan", "Parent Relationship": "Outer", "Parallel Aware": false, "Async Capable": false, "Scan Direction": "Forward", "Index Name": "users_pkey", "Relation Name": "users", "Alias": "u", "Startup Cost": 0.29, "Total Cost": 1659.6, "Plan Rows": 23, "Plan Width": 4, "Actual Rows": 29, "Actual Loops": 1, "Filter": "((views <= 2570) AND (downvotes >= 44) AND (creationdate <= '2013-07-21 19:51:58'::timestamp without time zone))", "Rows Removed by Filter": 40296}, {"Node Type": "Index Only Scan", "Parent Relationship": "Inner", "Parallel Aware": false, "Async Capable": false, "Scan Direction": "Forward", "Index Name": "idx_posthistory_userid", "Relation Name": "posthistory", "Alias": "ph", "Startup Cost": 0.42, "Total Cost": 5.15, "Plan Rows": 14, "Plan Width": 4, "Actual Rows": 656, "Actual Loops": 29, "Index Cond": "(userid = u.id)", "Rows Removed by Index Recheck": 0, "Heap Fetches": 0}]}, {"Node Type": "Materialize", "Parent Relationship": "Inner", "Parallel Aware": false, "Async Capable": false, "Startup Cost": 1.29, "Total Cost": 10859.91, "Plan Rows": 105.0, "Plan Width": 8, "Actual Rows": 9506303, "Actual Loops": 1, "Plans": [{"Node Type": "Merge Join", "Parent Relationship": "Outer", "Parallel Aware": false, "Async Capable": false, "Join Type": "Inner", "Startup Cost": 1.29, "Total Cost": 10662.72, "Plan Rows": 105.0, "Plan Width": 8, "Actual Rows": 145656, "Actual Loops": 1, "Inner Unique": false, "Merge Cond": "(c.userid = v.userid)", "Plans": [{"Node Type": "Index Scan", "Parent Relationship": "Outer", "Parallel Aware": false, "Async Capable": false, "Scan Direction": "Forward", "Index Name": "idx_comments_userid", "Relation Name": "comments", "Alias": "c", "Startup Cost": 0.29, "Total Cost": 9130.49, "Plan Rows": 1312, "Plan Width": 4, "Actual Rows": 943, "Actual Loops": 1, "Filter": "((creationdate >= '2014-03-27 09:19:53'::timestamp without time zone) AND (creationdate <= '2014-05-15 02:22:48'::timestamp without time zone) AND (score = 1))", "Rows Removed by Filter": 139987}, {"Node Type": "Index Only Scan", "Parent Relationship": "Inner", "Parallel Aware": false, "Async Capable": false, "Scan Direction": "Forward", "Index Name": "idx_votes_userid", "Relation Name": "votes", "Alias": "v", "Startup Cost": 0.42, "Total Cost": 6175.27, "Plan Rows": 328064, "Plan Width": 4, "Actual Rows": 168500, "Actual Loops": 1, "Heap Fetches": 0}]}]}]}]}, "Planning Time": 2.562, "Triggers": [], "Execution Time": 795.527}, {"Plan": {"Node Type": "Aggregate", "Strategy": "Plain", "Partial Mode": "Finalize", "Parallel Aware": false, "Async Capable": false, "Startup Cost": 7805.31, "Total Cost": 7805.32, "Plan Rows": 1, "Plan Width": 8, "Actual Rows": 1, "Actual Loops": 1, "Plans": [{"Node Type": "Gather", "Parent Relationship": "Outer", "Parallel Aware": false, "Async Capable": false, "Startup Cost": 7805.1, "Total Cost": 7805.31, "Plan Rows": 2, "Plan Width": 8, "Actual Rows": 3, "Actual Loops": 1, "Workers Planned": 2, "Workers Launched": 2, "Single Copy": false, "Plans": [{"Node Type": "Aggregate", "Strategy": "Plain", "Partial Mode": "Partial", "Parent Relationship": "Outer", "Parallel Aware": false, "Async Capable": false, "Startup Cost": 6805.1, "Total Cost": 6805.11, "Plan Rows": 1, "Plan Width": 8, "Actual Rows": 1, "Actual Loops": 3, "Workers": [], "Plans": [{"Node Type": "Merge Join", "Parent Relationship": "Outer", "Parallel Aware": false, "Async Capable": false, "Join Type": "Inner", "Startup Cost": 1962.48, "Total Cost": 6797.62, "Plan Rows": 33.0, "Plan Width": 0, "Actual Rows": 3123069, "Actual Loops": 3, "Inner Unique": false, "Merge Cond": "(v.userid = u.id)", "Workers": [], "Plans": [{"Node Type": "Nested Loop", "Parent Relationship": "Outer", "Parallel Aware": false, "Async Capable": false, "Join Type": "Inner", "Startup Cost": 0.85, "Total Cost": 31632.47, "Plan Rows": 57375.0, "Plan Width": 8, "Actual Rows": 4604677, "Actual Loops": 3, "Inner Unique": false, "Workers": [], "Plans": [{"Node Type": "Index Only Scan", "Parent Relationship": "Outer", "Parallel Aware": true, "Async Capable": false, "Scan Direction": "Forward", "Index Name": "idx_posthistory_userid", "Relation Name": "posthistory", "Alias": "ph", "Startup Cost": 0.42, "Total Cost": 4157.26, "Plan Rows": 126328, "Plan Width": 4, "Actual Rows": 69680, "Actual Loops": 3, "Heap Fetches": 0, "Workers": []}, {"Node Type": "Memoize", "Parent Relationship": "Inner", "Parallel Aware": false, "Async Capable": false, "Startup Cost": 0.43, "Total Cost": 0.59, "Plan Rows": 9, "Plan Width": 4, "Actual Rows": 66, "Actual Loops": 209040, "Cache Key": "ph.userid", "Cache Mode": "logical", "Cache Hits": 69141, "Cache Misses": 3716, "Cache Evictions": 0, "Cache Overflows": 0, "Peak Memory Usage": 593, "Workers": [{"Worker Number": 0, "Cache Hits": 54035, "Cache Misses": 2113, "Cache Evictions": 0, "Cache Overflows": 0, "Peak Memory Usage": 453}, {"Worker Number": 1, "Cache Hits": 74523, "Cache Misses": 5512, "Cache Evictions": 0, "Cache Overflows": 0, "Peak Memory Usage": 711}], "Plans": [{"Node Type": "Index Only Scan", "Parent Relationship": "Outer", "Parallel Aware": false, "Async Capable": false, "Scan Direction": "Forward", "Index Name": "idx_votes_userid", "Relation Name": "votes", "Alias": "v", "Startup Cost": 0.42, "Total Cost": 0.58, "Plan Rows": 9, "Plan Width": 4, "Actual Rows": 3, "Actual Loops": 11341, "Index Cond": "(userid = ph.userid)", "Rows Removed by Index Recheck": 0, "Heap Fetches": 0, "Workers": []}]}]}, {"Node Type": "Materialize", "Parent Relationship": "Inner", "Parallel Aware": false, "Async Capable": false, "Startup Cost": 1961.63, "Total Cost": 1961.63, "Plan Rows": 1.0, "Plan Width": 8, "Actual Rows": 3122254, "Actual Loops": 3, "Workers": [], "Plans": [{"Node Type": "Sort", "Parent Relationship": "Outer", "Parallel Aware": false, "Async Capable": false, "Startup Cost": 1961.63, "Total Cost": 1961.63, "Plan Rows": 1.0, "Plan Width": 8, "Actual Rows": 104, "Actual Loops": 3, "Sort Key": ["c.userid"], "Sort Method": "quicksort", "Sort Space Used": 28, "Sort Space Type": "Memory", "Workers": [{"Worker Number": 0, "Sort Method": "quicksort", "Sort Space Used": 28, "Sort Space Type": "Memory"}, {"Worker Number": 1, "Sort Method": "quicksort", "Sort Space Used": 28, "Sort Space Type": "Memory"}], "Plans": [{"Node Type": "Nested Loop", "Parent Relationship": "Outer", "Parallel Aware": false, "Async Capable": false, "Join Type": "Inner", "Startup Cost": 0.29, "Total Cost": 1961.62, "Plan Rows": 1.0, "Plan Width": 8, "Actual Rows": 104, "Actual Loops": 3, "Inner Unique": false, "Workers": [], "Plans": [{"Node Type": "Seq Scan", "Parent Relationship": "Outer", "Parallel Aware": false, "Async Capable": false, "Relation Name": "users", "Alias": "u", "Startup Cost": 0.0, "Total Cost": 1002.69, "Plan Rows": 23, "Plan Width": 4, "Actual Rows": 29, "Actual Loops": 3, "Filter": "((views <= 2570) AND (downvotes >= 44) AND (creationdate <= '2013-07-21 19:51:58'::timestamp without time zone))", "Rows Removed by Filter": 40296, "Workers": []}, {"Node Type": "Index Scan", "Parent Relationship": "Inner", "Parallel Aware": false, "Async Capable": false, "Scan Direction": "Forward", "Index Name": "idx_comments_userid", "Relation Name": "comments", "Alias": "c", "Startup Cost": 0.29, "Total Cost": 41.68, "Plan Rows": 1, "Plan Width": 4, "Actual Rows": 4, "Actual Loops": 87, "Index Cond": "(userid = u.id)", "Rows Removed by Index Recheck": 0, "Filter": "((creationdate >= '2014-03-27 09:19:53'::timestamp without time zone) AND (creationdate <= '2014-05-15 02:22:48'::timestamp without time zone) AND (score = 1))", "Rows Removed by Filter": 382, "Workers": []}]}]}]}]}]}]}]}, "Planning Time": 5.758, "Triggers": [], "Execution Time": 699.111}, {"Plan": {"Node Type": "Aggregate", "Strategy": "Plain", "Partial Mode": "Simple", "Parallel Aware": false, "Async Capable": false, "Startup Cost": 1504.44, "Total Cost": 1504.45, "Plan Rows": 1, "Plan Width": 8, "Actual Rows": 1, "Actual Loops": 1, "Plans": [{"Node Type": "Nested Loop", "Parent Relationship": "Outer", "Parallel Aware": false, "Async Capable": false, "Join Type": "Inner", "Startup Cost": 1.15, "Total Cost": 1486.51, "Plan Rows": 33.0, "Plan Width": 0, "Actual Rows": 9369207, "Actual Loops": 1, "Inner Unique": false, "Plans": [{"Node Type": "Nested Loop", "Parent Relationship": "Outer", "Parallel Aware": false, "Async Capable": false, "Join Type": "Inner", "Startup Cost": 0.72, "Total Cost": 1229.48, "Plan Rows": 3.0, "Plan Width": 12, "Actual Rows": 80429, "Actual Loops": 1, "Inner Unique": false, "Join Filter": "(c.userid = u.id)", "Rows Removed by Join Filter": 0, "Plans": [{"Node Type": "Nested Loop", "Parent Relationship": "Outer", "Parallel Aware": false, "Async Capable": false, "Join Type": "Inner", "Startup Cost": 0.42, "Total Cost": 1124.4, "Plan Rows": 342.0, "Plan Width": 8, "Actual Rows": 19037, "Actual Loops": 1, "Inner Unique": false, "Plans": [{"Node Type": "Seq Scan", "Parent Relationship": "Outer", "Parallel Aware": false, "Async Capable": false, "Relation Name": "users", "Alias": "u", "Startup Cost": 0.0, "Total Cost": 1002.69, "Plan Rows": 23, "Plan Width": 4, "Actual Rows": 29, "Actual Loops": 1, "Filter": "((views <= 2570) AND (downvotes >= 44) AND (creationdate <= '2013-07-21 19:51:58'::timestamp without time zone))", "Rows Removed by Filter": 40296}, {"Node Type": "Index Only Scan", "Parent Relationship": "Inner", "Parallel Aware": false, "Async Capable": false, "Scan Direction": "Forward", "Index Name": "idx_posthistory_userid", "Relation Name": "posthistory", "Alias": "ph", "Startup Cost": 0.42, "Total Cost": 5.15, "Plan Rows": 14, "Plan Width": 4, "Actual Rows": 656, "Actual Loops": 29, "Index Cond": "(userid = u.id)", "Rows Removed by Index Recheck": 0, "Heap Fetches": 0}]}, {"Node Type": "Index Scan", "Parent Relationship": "Inner", "Parallel Aware": false, "Async Capable": false, "Scan Direction": "Forward", "Index Name": "idx_comments_userid", "Relation Name": "comments", "Alias": "c", "Startup Cost": 0.29, "Total Cost": 0.64, "Plan Rows": 1, "Plan Width": 4, "Actual Rows": 4, "Actual Loops": 19037, "Index Cond": "(userid = ph.userid)", "Rows Removed by Index Recheck": 0, "Filter": "((creationdate >= '2014-03-27 09:19:53'::timestamp without time zone) AND (creationdate <= '2014-05-15 02:22:48'::timestamp without time zone) AND (score = 1))", "Rows Removed by Filter": 397}]}, {"Node Type": "Memoize", "Parent Relationship": "Inner", "Parallel Aware": false, "Async Capable": false, "Startup Cost": 0.43, "Total Cost": 4.94, "Plan Rows": 9, "Plan Width": 4, "Actual Rows": 116, "Actual Loops": 80429, "Cache Key": "u.id", "Cache Mode": "logical", "Cache Hits": 80412, "Cache Misses": 17, "Cache Evictions": 0, "Cache Overflows": 0, "Peak Memory Usage": 29, "Plans": [{"Node Type": "Index Only Scan", "Parent Relationship": "Outer", "Parallel Aware": false, "Async Capable": false, "Scan Direction": "Forward", "Index Name": "idx_votes_userid", "Relation Name": "votes", "Alias": "v", "Startup Cost": 0.42, "Total Cost": 4.93, "Plan Rows": 9, "Plan Width": 4, "Actual Rows": 46, "Actual Loops": 17, "Index Cond": "(userid = u.id)", "Rows Removed by Index Recheck": 0, "Heap Fetches": 0}]}]}]}, "Planning Time": 2.556, "Triggers": [], "Execution Time": 1552.605}, {"Plan": {"Node Type": "Aggregate", "Strategy": "Plain", "Partial Mode": "Simple", "Parallel Aware": false, "Async Capable": false, "Startup Cost": 67626.19, "Total Cost": 67626.2, "Plan Rows": 1, "Plan Width": 8, "Plans": [{"Node Type": "Merge Join", "Parent Relationship": "Outer", "Parallel Aware": false, "Async Capable": false, "Join Type": "Inner", "Startup Cost": 2.02, "Total Cost": 67608.25, "Plan Rows": 33.0, "Plan Width": 0, "Inner Unique": false, "Merge Cond": "(u.id = v.userid)", "Plans": [{"Node Type": "Index Scan", "Parent Relationship": "Outer", "Parallel Aware": false, "Async Capable": false, "Scan Direction": "Forward", "Index Name": "users_pkey", "Relation Name": "users", "Alias": "u", "Startup Cost": 0.29, "Total Cost": 1659.6, "Plan Rows": 23, "Plan Width": 4, "Filter": "((views <= 2570) AND (downvotes >= 44) AND (creationdate <= '2013-07-21 19:51:58'::timestamp without time zone))"}, {"Node Type": "Materialize", "Parent Relationship": "Inner", "Parallel Aware": false, "Async Capable": false, "Startup Cost": 1.73, "Total Cost": 325529.63, "Plan Rows": 300.0, "Plan Width": 12, "Plans": [{"Node Type": "Nested Loop", "Parent Relationship": "Outer", "Parallel Aware": false, "Async Capable": false, "Join Type": "Inner", "Startup Cost": 1.73, "Total Cost": 28144.81, "Plan Rows": 300.0, "Plan Width": 12, "Inner Unique": false, "Plans": [{"Node Type": "Merge Join", "Parent Relationship": "Outer", "Parallel Aware": false, "Async Capable": false, "Join Type": "Inner", "Startup Cost": 1.29, "Total Cost": 10662.72, "Plan Rows": 105.0, "Plan Width": 8, "Inner Unique": false, "Merge Cond": "(c.userid = v.userid)", "Plans": [{"Node Type": "Index Scan", "Parent Relationship": "Outer", "Parallel Aware": false, "Async Capable": false, "Scan Direction": "Forward", "Index Name": "idx_comments_userid", "Relation Name": "comments", "Alias": "c", "Startup Cost": 0.29, "Total Cost": 9130.49, "Plan Rows": 1312, "Plan Width": 4, "Filter": "((creationdate >= '2014-03-27 09:19:53'::timestamp without time zone) AND (creationdate <= '2014-05-15 02:22:48'::timestamp without time zone) AND (score = 1))"}, {"Node Type": "Index Only Scan", "Parent Relationship": "Inner", "Parallel Aware": false, "Async Capable": false, "Scan Direction": "Forward", "Index Name": "idx_votes_userid", "Relation Name": "votes", "Alias": "v", "Startup Cost": 0.42, "Total Cost": 6175.27, "Plan Rows": 328064, "Plan Width": 4}]}, {"Node Type": "Memoize", "Parent Relationship": "Inner", "Parallel Aware": false, "Async Capable": false, "Startup Cost": 0.43, "Total Cost": 0.68, "Plan Rows": 14, "Plan Width": 4, "Cache Key": "v.userid", "Cache Mode": "logical", "Plans": [{"Node Type": "Index Only Scan", "Parent Relationship": "Outer", "Parallel Aware": false, "Async Capable": false, "Scan Direction": "Forward", "Index Name": "idx_posthistory_userid", "Relation Name": "posthistory", "Alias": "ph", "Startup Cost": 0.42, "Total Cost": 0.67, "Plan Rows": 14, "Plan Width": 4, "Index Cond": "(userid = v.userid)"}]}]}]}]}]}, "Timeout Time": 5000}, {"Plan": {"Node Type": "Aggregate", "Strategy": "Plain", "Partial Mode": "Simple", "Parallel Aware": false, "Async Capable": false, "Startup Cost": 1681.7, "Total Cost": 1681.71, "Plan Rows": 1, "Plan Width": 8, "Plans": [{"Node Type": "Nested Loop", "Parent Relationship": "Outer", "Parallel Aware": false, "Async Capable": false, "Join Type": "Inner", "Startup Cost": 1.14, "Total Cost": 1663.76, "Plan Rows": 33.0, "Plan Width": 0, "Inner Unique": false, "Plans": [{"Node Type": "Nested Loop", "Parent Relationship": "Outer", "Parallel Aware": false, "Async Capable": false, "Join Type": "Inner", "Startup Cost": 0.84, "Total Cost": 1134.46, "Plan Rows": 5801.0, "Plan Width": 12, "Inner Unique": false, "Plans": [{"Node Type": "Nested Loop", "Parent Relationship": "Outer", "Parallel Aware": false, "Async Capable": false, "Join Type": "Inner", "Startup Cost": 0.42, "Total Cost": 1118.23, "Plan Rows": 2218.0, "Plan Width": 8, "Inner Unique": false, "Plans": [{"Node Type": "Seq Scan", "Parent Relationship": "Outer", "Parallel Aware": false, "Async Capable": false, "Relation Name": "users", "Alias": "u", "Startup Cost": 0.0, "Total Cost": 1002.69, "Plan Rows": 23, "Plan Width": 4, "Filter": "((views <= 2570) AND (downvotes >= 44) AND (creationdate <= '2013-07-21 19:51:58'::timestamp without time zone))"}, {"Node Type": "Index Only Scan", "Parent Relationship": "Inner", "Parallel Aware": false, "Async Capable": false, "Scan Direction": "Forward", "Index Name": "idx_votes_userid", "Relation Name": "votes", "Alias": "v", "Startup Cost": 0.42, "Total Cost": 4.93, "Plan Rows": 9, "Plan Width": 4, "Index Cond": "(userid = u.id)"}]}, {"Node Type": "Index Only Scan", "Parent Relationship": "Inner", "Parallel Aware": false, "Async Capable": false, "Scan Direction": "Forward", "Index Name": "idx_posthistory_userid", "Relation Name": "posthistory", "Alias": "ph", "Startup Cost": 0.42, "Total Cost": 0.67, "Plan Rows": 14, "Plan Width": 4, "Index Cond": "(userid = v.userid)"}]}, {"Node Type": "Index Scan", "Parent Relationship": "Inner", "Parallel Aware": false, "Async Capable": false, "Scan Direction": "Forward", "Index Name": "idx_comments_userid", "Relation Name": "comments", "Alias": "c", "Startup Cost": 0.29, "Total Cost": 0.64, "Plan Rows": 1, "Plan Width": 4, "Index Cond": "(userid = v.userid)", "Filter": "((creationdate >= '2014-03-27 09:19:53'::timestamp without time zone) AND (creationdate <= '2014-05-15 02:22:48'::timestamp without time zone) AND (score = 1))"}]}]}, "Timeout Time": 5000}, {"Plan": {"Node Type": "Aggregate", "Strategy": "Plain", "Partial Mode": "Simple", "Parallel Aware": false, "Async Capable": false, "Startup Cost": 22636.35, "Total Cost": 22636.36, "Plan Rows": 1, "Plan Width": 8, "Actual Rows": 1, "Actual Loops": 1, "Plans": [{"Node Type": "Merge Join", "Parent Relationship": "Outer", "Parallel Aware": false, "Async Capable": false, "Join Type": "Inner", "Startup Cost": 1004.35, "Total Cost": 22618.41, "Plan Rows": 33.0, "Plan Width": 0, "Actual Rows": 9369207, "Actual Loops": 1, "Inner Unique": false, "Merge Cond": "(v.userid = c.userid)", "Plans": [{"Node Type": "Merge Join", "Parent Relationship": "Outer", "Parallel Aware": false, "Async Capable": false, "Join Type": "Inner", "Startup Cost": 1003.63, "Total Cost": 1743.69, "Plan Rows": 2218.0, "Plan Width": 8, "Actual Rows": 1172, "Actual Loops": 1, "Inner Unique": true, "Merge Cond": "(v.userid = u.id)", "Plans": [{"Node Type": "Index Only Scan", "Parent Relationship": "Outer", "Parallel Aware": false, "Async Capable": false, "Scan Direction": "Forward", "Index Name": "idx_votes_userid", "Relation Name": "votes", "Alias": "v", "Startup Cost": 0.42, "Total Cost": 6175.27, "Plan Rows": 328064, "Plan Width": 4, "Actual Rows": 27744, "Actual Loops": 1, "Heap Fetches": 0}, {"Node Type": "Sort", "Parent Relationship": "Inner", "Parallel Aware": false, "Async Capable": false, "Startup Cost": 1003.21, "Total Cost": 1003.27, "Plan Rows": 23, "Plan Width": 4, "Actual Rows": 29, "Actual Loops": 1, "Sort Key": ["u.id"], "Sort Method": "quicksort", "Sort Space Used": 25, "Sort Space Type": "Memory", "Plans": [{"Node Type": "Seq Scan", "Parent Relationship": "Outer", "Parallel Aware": false, "Async Capable": false, "Relation Name": "users", "Alias": "u", "Startup Cost": 0.0, "Total Cost": 1002.69, "Plan Rows": 23, "Plan Width": 4, "Actual Rows": 29, "Actual Loops": 1, "Filter": "((views <= 2570) AND (downvotes >= 44) AND (creationdate <= '2013-07-21 19:51:58'::timestamp without time zone))", "Rows Removed by Filter": 40296}]}]}, {"Node Type": "Materialize", "Parent Relationship": "Inner", "Parallel Aware": false, "Async Capable": false, "Startup Cost": 0.72, "Total Cost": 16521.75, "Plan Rows": 10.0, "Plan Width": 8, "Actual Rows": 12582376, "Actual Loops": 1, "Plans": [{"Node Type": "Nested Loop", "Parent Relationship": "Outer", "Parallel Aware": false, "Async Capable": false, "Join Type": "Inner", "Startup Cost": 0.72, "Total Cost": 11575.25, "Plan Rows": 10.0, "Plan Width": 8, "Actual Rows": 3287070, "Actual Loops": 1, "Inner Unique": false, "Plans": [{"Node Type": "Index Scan", "Parent Relationship": "Outer", "Parallel Aware": false, "Async Capable": false, "Scan Direction": "Forward", "Index Name": "idx_comments_userid", "Relation Name": "comments", "Alias": "c", "Startup Cost": 0.29, "Total Cost": 9130.49, "Plan Rows": 1312, "Plan Width": 4, "Actual Rows": 942, "Actual Loops": 1, "Filter": "((creationdate >= '2014-03-27 09:19:53'::timestamp without time zone) AND (creationdate <= '2014-05-15 02:22:48'::timestamp without time zone) AND (score = 1))", "Rows Removed by Filter": 139827}, {"Node Type": "Index Only Scan", "Parent Relationship": "Inner", "Parallel Aware": false, "Async Capable": false, "Scan Direction": "Forward", "Index Name": "idx_posthistory_userid", "Relation Name": "posthistory", "Alias": "ph", "Startup Cost": 0.42, "Total Cost": 1.72, "Plan Rows": 14, "Plan Width": 4, "Actual Rows": 3489, "Actual Loops": 942, "Index Cond": "(userid = c.userid)", "Rows Removed by Index Recheck": 0, "Heap Fetches": 0}]}]}]}]}, "Planning Time": 2.928, "Triggers": [], "Execution Time": 1525.8}, {"Plan": {"Node Type": "Aggregate", "Strategy": "Plain", "Partial Mode": "Finalize", "Parallel Aware": false, "Async Capable": false, "Startup Cost": 5840.47, "Total Cost": 5840.48, "Plan Rows": 1, "Plan Width": 8, "Actual Rows": 1, "Actual Loops": 1, "Plans": [{"Node Type": "Gather", "Parent Relationship": "Outer", "Parallel Aware": false, "Async Capable": false, "Startup Cost": 5840.26, "Total Cost": 5840.47, "Plan Rows": 2, "Plan Width": 8, "Actual Rows": 3, "Actual Loops": 1, "Workers Planned": 2, "Workers Launched": 2, "Single Copy": false, "Plans": [{"Node Type": "Aggregate", "Strategy": "Plain", "Partial Mode": "Partial", "Parent Relationship": "Outer", "Parallel Aware": false, "Async Capable": false, "Startup Cost": 4840.26, "Total Cost": 4840.27, "Plan Rows": 1, "Plan Width": 8, "Actual Rows": 1, "Actual Loops": 3, "Workers": [], "Plans": [{"Node Type": "Merge Join", "Parent Relationship": "Outer", "Parallel Aware": false, "Async Capable": false, "Join Type": "Inner", "Startup Cost": 1.43, "Total Cost": 4832.78, "Plan Rows": 33.0, "Plan Width": 0, "Actual Rows": 3123069, "Actual Loops": 3, "Inner Unique": false, "Merge Cond": "(ph.userid = v.userid)", "Workers": [], "Plans": [{"Node Type": "Index Only Scan", "Parent Relationship": "Outer", "Parallel Aware": true, "Async Capable": false, "Scan Direction": "Forward", "Index Name": "idx_posthistory_userid", "Relation Name": "posthistory", "Alias": "ph", "Startup Cost": 0.42, "Total Cost": 4157.26, "Plan Rows": 126328, "Plan Width": 4, "Actual Rows": 69599, "Actual Loops": 3, "Heap Fetches": 0, "Workers": []}, {"Node Type": "Materialize", "Parent Relationship": "Inner", "Parallel Aware": false, "Async Capable": false, "Startup Cost": 1.01, "Total Cost": 1788.13, "Plan Rows": 11.0, "Plan Width": 12, "Actual Rows": 3126533, "Actual Loops": 3, "Workers": [], "Plans": [{"Node Type": "Nested Loop", "Parent Relationship": "Outer", "Parallel Aware": false, "Async Capable": false, "Join Type": "Inner", "Startup Cost": 1.01, "Total Cost": 1788.11, "Plan Rows": 11.0, "Plan Width": 12, "Actual Rows": 8560, "Actual Loops": 3, "Inner Unique": false, "Workers": [], "Plans": [{"Node Type": "Nested Loop", "Parent Relationship": "Outer", "Parallel Aware": false, "Async Capable": false, "Join Type": "Inner", "Startup Cost": 0.71, "Total Cost": 1775.14, "Plan Rows": 2218.0, "Plan Width": 8, "Actual Rows": 1172, "Actual Loops": 3, "Inner Unique": false, "Workers": [], "Plans": [{"Node Type": "Index Scan", "Parent Relationship": "Outer", "Parallel Aware": false, "Async Capable": false, "Scan Direction": "Forward", "Index Name": "users_pkey", "Relation Name": "users", "Alias": "u", "Startup Cost": 0.29, "Total Cost": 1659.6, "Plan Rows": 23, "Plan Width": 4, "Actual Rows": 29, "Actual Loops": 3, "Filter": "((views <= 2570) AND (downvotes >= 44) AND (creationdate <= '2013-07-21 19:51:58'::timestamp without time zone))", "Rows Removed by Filter": 40296, "Workers": []}, {"Node Type": "Index Only Scan", "Parent Relationship": "Inner", "Parallel Aware": false, "Async Capable": false, "Scan Direction": "Forward", "Index Name": "idx_votes_userid", "Relation Name": "votes", "Alias": "v", "Startup Cost": 0.42, "Total Cost": 4.93, "Plan Rows": 9, "Plan Width": 4, "Actual Rows": 40, "Actual Loops": 87, "Index Cond": "(userid = u.id)", "Rows Removed by Index Recheck": 0, "Heap Fetches": 0, "Workers": []}]}, {"Node Type": "Index Scan", "Parent Relationship": "Inner", "Parallel Aware": false, "Async Capable": false, "Scan Direction": "Forward", "Index Name": "idx_comments_userid", "Relation Name": "comments", "Alias": "c", "Startup Cost": 0.29, "Total Cost": 0.64, "Plan Rows": 1, "Plan Width": 4, "Actual Rows": 7, "Actual Loops": 3516, "Index Cond": "(userid = v.userid)", "Rows Removed by Index Recheck": 0, "Filter": "((creationdate >= '2014-03-27 09:19:53'::timestamp without time zone) AND (creationdate <= '2014-05-15 02:22:48'::timestamp without time zone) AND (score = 1))", "Rows Removed by Filter": 457, "Workers": []}]}]}]}]}]}]}, "Planning Time": 5.588, "Triggers": [], "Execution Time": 552.584}, {"Plan": {"Node Type": "Aggregate", "Strategy": "Plain", "Partial Mode": "Simple", "Parallel Aware": false, "Async Capable": false, "Startup Cost": 2058.84, "Total Cost": 2058.85, "Plan Rows": 1, "Plan Width": 8, "Actual Rows": 1, "Actual Loops": 1, "Plans": [{"Node Type": "Merge Join", "Parent Relationship": "Outer", "Parallel Aware": false, "Async Capable": false, "Join Type": "Inner", "Startup Cost": 1286.05, "Total Cost": 2040.9, "Plan Rows": 33.0, "Plan Width": 0, "Actual Rows": 9369207, "Actual Loops": 1, "Inner Unique": false, "Merge Cond": "(v.userid = u.id)", "Plans": [{"Node Type": "Index Only Scan", "Parent Relationship": "Outer", "Parallel Aware": false, "Async Capable": false, "Scan Direction": "Forward", "Index Name": "idx_votes_userid", "Relation Name": "votes", "Alias": "v", "Startup Cost": 0.42, "Total Cost": 6175.27, "Plan Rows": 328064, "Plan Width": 4, "Actual Rows": 27744, "Actual Loops": 1, "Heap Fetches": 0}, {"Node Type": "Sort", "Parent Relationship": "Inner", "Parallel Aware": false, "Async Capable": false, "Startup Cost": 1285.63, "Total Cost": 1288.4, "Plan Rows": 3.0, "Plan Width": 12, "Actual Rows": 9375733, "Actual Loops": 1, "Sort Key": ["c.userid"], "Sort Method": "quicksort", "Sort Space Used": 6214, "Sort Space Type": "Memory", "Plans": [{"Node Type": "Nested Loop", "Parent Relationship": "Outer", "Parallel Aware": false, "Async Capable": false, "Join Type": "Inner", "Startup Cost": 0.72, "Total Cost": 1229.48, "Plan Rows": 3.0, "Plan Width": 12, "Actual Rows": 80429, "Actual Loops": 1, "Inner Unique": false, "Join Filter": "(c.userid = u.id)", "Rows Removed by Join Filter": 0, "Plans": [{"Node Type": "Nested Loop", "Parent Relationship": "Outer", "Parallel Aware": false, "Async Capable": false, "Join Type": "Inner", "Startup Cost": 0.42, "Total Cost": 1124.4, "Plan Rows": 342.0, "Plan Width": 8, "Actual Rows": 19037, "Actual Loops": 1, "Inner Unique": false, "Plans": [{"Node Type": "Seq Scan", "Parent Relationship": "Outer", "Parallel Aware": false, "Async Capable": false, "Relation Name": "users", "Alias": "u", "Startup Cost": 0.0, "Total Cost": 1002.69, "Plan Rows": 23, "Plan Width": 4, "Actual Rows": 29, "Actual Loops": 1, "Filter": "((views <= 2570) AND (downvotes >= 44) AND (creationdate <= '2013-07-21 19:51:58'::timestamp without time zone))", "Rows Removed by Filter": 40296}, {"Node Type": "Index Only Scan", "Parent Relationship": "Inner", "Parallel Aware": false, "Async Capable": false, "Scan Direction": "Forward", "Index Name": "idx_posthistory_userid", "Relation Name": "posthistory", "Alias": "ph", "Startup Cost": 0.42, "Total Cost": 5.15, "Plan Rows": 14, "Plan Width": 4, "Actual Rows": 656, "Actual Loops": 29, "Index Cond": "(userid = u.id)", "Rows Removed by Index Recheck": 0, "Heap Fetches": 0}]}, {"Node Type": "Index Scan", "Parent Relationship": "Inner", "Parallel Aware": false, "Async Capable": false, "Scan Direction": "Forward", "Index Name": "idx_comments_userid", "Relation Name": "comments", "Alias": "c", "Startup Cost": 0.29, "Total Cost": 0.64, "Plan Rows": 1, "Plan Width": 4, "Actual Rows": 4, "Actual Loops": 19037, "Index Cond": "(userid = ph.userid)", "Rows Removed by Index Recheck": 0, "Filter": "((creationdate >= '2014-03-27 09:19:53'::timestamp without time zone) AND (creationdate <= '2014-05-15 02:22:48'::timestamp without time zone) AND (score = 1))", "Rows Removed by Filter": 397}]}]}]}]}, "Planning Time": 2.825, "Triggers": [], "Execution Time": 1947.427}]