[{"Plan": {"Node Type": "Aggregate", "Strategy": "Plain", "Partial Mode": "Simple", "Parallel Aware": false, "Async Capable": false, "Startup Cost": 1854.81, "Total Cost": 1854.82, "Plan Rows": 1, "Plan Width": 8, "Actual Rows": 1, "Actual Loops": 1, "Plans": [{"Node Type": "Nested Loop", "Parent Relationship": "Outer", "Parallel Aware": false, "Async Capable": false, "Join Type": "Inner", "Startup Cost": 0.59, "Total Cost": 1854.81, "Plan Rows": 44.0, "Plan Width": 0, "Actual Rows": 1352, "Actual Loops": 1, "Inner Unique": false, "Join Filter": "(c.userid = u.id)", "Rows Removed by Join Filter": 0, "Plans": [{"Node Type": "Nested Loop", "Parent Relationship": "Outer", "Parallel Aware": false, "Async Capable": false, "Join Type": "Inner", "Startup Cost": 0.29, "Total Cost": 1821.54, "Plan Rows": 476.0, "Plan Width": 8, "Actual Rows": 1211, "Actual Loops": 1, "Inner Unique": false, "Plans": [{"Node Type": "Seq Scan", "Parent Relationship": "Outer", "Parallel Aware": false, "Async Capable": false, "Relation Name": "users", "Alias": "u", "Startup Cost": 0.0, "Total Cost": 801.06, "Plan Rows": 106, "Plan Width": 4, "Actual Rows": 105, "Actual Loops": 1, "Filter": "(upvotes >= 367)", "Rows Removed by Filter": 40220}, {"Node Type": "Index Scan", "Parent Relationship": "Inner", "Parallel Aware": false, "Async Capable": false, "Scan Direction": "Forward", "Index Name": "idx_badges_userid", "Relation Name": "badges", "Alias": "b", "Startup Cost": 0.29, "Total Cost": 9.62, "Plan Rows": 1, "Plan Width": 4, "Actual Rows": 12, "Actual Loops": 105, "Index Cond": "(userid = u.id)", "Rows Removed by Index Recheck": 0, "Filter": "((date >= '2011-02-25 04:11:22'::timestamp without time zone) AND (date <= '2012-03-19 04:46:55'::timestamp without time zone))", "Rows Removed by Filter": 54}]}, {"Node Type": "Index Scan", "Parent Relationship": "Inner", "Parallel Aware": false, "Async Capable": false, "Scan Direction": "Forward", "Index Name": "idx_comments_userid", "Relation Name": "comments", "Alias": "c", "Startup Cost": 0.29, "Total Cost": 1.13, "Plan Rows": 1, "Plan Width": 4, "Actual Rows": 1, "Actual Loops": 1211, "Index Cond": "(userid = b.userid)", "Rows Removed by Index Recheck": 0, "Filter": "((creationdate >= '2011-07-12 23:08:50'::timestamp without time zone) AND (score = 9))", "Rows Removed by Filter": 1772}]}]}, "Planning Time": 1.06, "Triggers": [], "Execution Time": 318.276}, {"Plan": {"Node Type": "Aggregate", "Strategy": "Plain", "Partial Mode": "Simple", "Parallel Aware": false, "Async Capable": false, "Startup Cost": 1854.81, "Total Cost": 1854.82, "Plan Rows": 1, "Plan Width": 8, "Actual Rows": 1, "Actual Loops": 1, "Plans": [{"Node Type": "Nested Loop", "Parent Relationship": "Outer", "Parallel Aware": false, "Async Capable": false, "Join Type": "Inner", "Startup Cost": 0.59, "Total Cost": 1854.81, "Plan Rows": 44.0, "Plan Width": 0, "Actual Rows": 1352, "Actual Loops": 1, "Inner Unique": false, "Join Filter": "(c.userid = u.id)", "Rows Removed by Join Filter": 0, "Plans": [{"Node Type": "Nested Loop", "Parent Relationship": "Outer", "Parallel Aware": false, "Async Capable": false, "Join Type": "Inner", "Startup Cost": 0.29, "Total Cost": 1821.54, "Plan Rows": 476.0, "Plan Width": 8, "Actual Rows": 1211, "Actual Loops": 1, "Inner Unique": false, "Plans": [{"Node Type": "Seq Scan", "Parent Relationship": "Outer", "Parallel Aware": false, "Async Capable": false, "Relation Name": "users", "Alias": "u", "Startup Cost": 0.0, "Total Cost": 801.06, "Plan Rows": 106, "Plan Width": 4, "Actual Rows": 105, "Actual Loops": 1, "Filter": "(upvotes >= 367)", "Rows Removed by Filter": 40220}, {"Node Type": "Index Scan", "Parent Relationship": "Inner", "Parallel Aware": false, "Async Capable": false, "Scan Direction": "Forward", "Index Name": "idx_badges_userid", "Relation Name": "badges", "Alias": "b", "Startup Cost": 0.29, "Total Cost": 9.62, "Plan Rows": 1, "Plan Width": 4, "Actual Rows": 12, "Actual Loops": 105, "Index Cond": "(userid = u.id)", "Rows Removed by Index Recheck": 0, "Filter": "((date >= '2011-02-25 04:11:22'::timestamp without time zone) AND (date <= '2012-03-19 04:46:55'::timestamp without time zone))", "Rows Removed by Filter": 54}]}, {"Node Type": "Index Scan", "Parent Relationship": "Inner", "Parallel Aware": false, "Async Capable": false, "Scan Direction": "Forward", "Index Name": "idx_comments_userid", "Relation Name": "comments", "Alias": "c", "Startup Cost": 0.29, "Total Cost": 1.13, "Plan Rows": 1, "Plan Width": 4, "Actual Rows": 1, "Actual Loops": 1211, "Index Cond": "(userid = b.userid)", "Rows Removed by Index Recheck": 0, "Filter": "((creationdate >= '2011-07-12 23:08:50'::timestamp without time zone) AND (score = 9))", "Rows Removed by Filter": 1772}]}]}, "Planning Time": 1.065, "Triggers": [], "Execution Time": 309.385}, {"Plan": {"Node Type": "Aggregate", "Strategy": "Plain", "Partial Mode": "Simple", "Parallel Aware": false, "Async Capable": false, "Startup Cost": 4117.8, "Total Cost": 4117.81, "Plan Rows": 1, "Plan Width": 8, "Actual Rows": 1, "Actual Loops": 1, "Plans": [{"Node Type": "Nested Loop", "Parent Relationship": "Outer", "Parallel Aware": false, "Async Capable": false, "Join Type": "Inner", "Startup Cost": 0.59, "Total Cost": 4117.79, "Plan Rows": 44.0, "Plan Width": 0, "Actual Rows": 1352, "Actual Loops": 1, "Inner Unique": false, "Join Filter": "(c.userid = b.userid)", "Rows Removed by Join Filter": 0, "Plans": [{"Node Type": "Nested Loop", "Parent Relationship": "Outer", "Parallel Aware": false, "Async Capable": false, "Join Type": "Inner", "Startup Cost": 0.29, "Total Cost": 4108.16, "Plan Rows": 10.0, "Plan Width": 8, "Actual Rows": 32, "Actual Loops": 1, "Inner Unique": false, "Plans": [{"Node Type": "Seq Scan", "Parent Relationship": "Outer", "Parallel Aware": false, "Async Capable": false, "Relation Name": "users", "Alias": "u", "Startup Cost": 0.0, "Total Cost": 801.06, "Plan Rows": 106, "Plan Width": 4, "Actual Rows": 105, "Actual Loops": 1, "Filter": "(upvotes >= 367)", "Rows Removed by Filter": 40220}, {"Node Type": "Index Scan", "Parent Relationship": "Inner", "Parallel Aware": false, "Async Capable": false, "Scan Direction": "Forward", "Index Name": "idx_comments_userid", "Relation Name": "comments", "Alias": "c", "Startup Cost": 0.29, "Total Cost": 31.19, "Plan Rows": 1, "Plan Width": 4, "Actual Rows": 0, "Actual Loops": 105, "Index Cond": "(userid = u.id)", "Rows Removed by Index Recheck": 0, "Filter": "((creationdate >= '2011-07-12 23:08:50'::timestamp without time zone) AND (score = 9))", "Rows Removed by Filter": 686}]}, {"Node Type": "Index Scan", "Parent Relationship": "Inner", "Parallel Aware": false, "Async Capable": false, "Scan Direction": "Forward", "Index Name": "idx_badges_userid", "Relation Name": "badges", "Alias": "b", "Startup Cost": 0.29, "Total Cost": 9.62, "Plan Rows": 1, "Plan Width": 4, "Actual Rows": 42, "Actual Loops": 32, "Index Cond": "(userid = u.id)", "Rows Removed by Index Recheck": 0, "Filter": "((date >= '2011-02-25 04:11:22'::timestamp without time zone) AND (date <= '2012-03-19 04:46:55'::timestamp without time zone))", "Rows Removed by Filter": 184}]}]}, "Planning Time": 1.083, "Triggers": [], "Execution Time": 29.293}, {"Plan": {"Node Type": "Aggregate", "Strategy": "Plain", "Partial Mode": "Finalize", "Parallel Aware": false, "Async Capable": false, "Startup Cost": 4449.71, "Total Cost": 4449.72, "Plan Rows": 1, "Plan Width": 8, "Actual Rows": 1, "Actual Loops": 1, "Plans": [{"Node Type": "Gather", "Parent Relationship": "Outer", "Parallel Aware": false, "Async Capable": false, "Startup Cost": 4449.6, "Total Cost": 4449.71, "Plan Rows": 1, "Plan Width": 8, "Actual Rows": 2, "Actual Loops": 1, "Workers Planned": 1, "Workers Launched": 1, "Single Copy": false, "Plans": [{"Node Type": "Aggregate", "Strategy": "Plain", "Partial Mode": "Partial", "Parent Relationship": "Outer", "Parallel Aware": false, "Async Capable": false, "Startup Cost": 3449.6, "Total Cost": 3449.61, "Plan Rows": 1, "Plan Width": 8, "Actual Rows": 1, "Actual Loops": 2, "Workers": [], "Plans": [{"Node Type": "Nested Loop", "Parent Relationship": "Outer", "Parallel Aware": false, "Async Capable": false, "Join Type": "Inner", "Startup Cost": 0.58, "Total Cost": 3449.59, "Plan Rows": 44.0, "Plan Width": 0, "Actual Rows": 676, "Actual Loops": 2, "Inner Unique": true, "Join Filter": "(c.userid = u.id)", "Rows Removed by Join Filter": 0, "Workers": [], "Plans": [{"Node Type": "Nested Loop", "Parent Relationship": "Outer", "Parallel Aware": false, "Async Capable": false, "Join Type": "Inner", "Startup Cost": 0.29, "Total Cost": 3249.73, "Plan Rows": 324.0, "Plan Width": 8, "Actual Rows": 706, "Actual Loops": 2, "Inner Unique": false, "Workers": [], "Plans": [{"Node Type": "Seq Scan", "Parent Relationship": "Outer", "Parallel Aware": true, "Async Capable": false, "Relation Name": "comments", "Alias": "c", "Startup Cost": 0.0, "Total Cost": 2881.99, "Plan Rows": 34, "Plan Width": 4, "Actual Rows": 21, "Actual Loops": 2, "Filter": "((creationdate >= '2011-07-12 23:08:50'::timestamp without time zone) AND (score = 9))", "Rows Removed by Filter": 87132, "Workers": []}, {"Node Type": "Index Scan", "Parent Relationship": "Inner", "Parallel Aware": false, "Async Capable": false, "Scan Direction": "Forward", "Index Name": "idx_badges_userid", "Relation Name": "badges", "Alias": "b", "Startup Cost": 0.29, "Total Cost": 10.81, "Plan Rows": 1, "Plan Width": 4, "Actual Rows": 34, "Actual Loops": 42, "Index Cond": "(userid = c.userid)", "Rows Removed by Index Recheck": 0, "Filter": "((date >= '2011-02-25 04:11:22'::timestamp without time zone) AND (date <= '2012-03-19 04:46:55'::timestamp without time zone))", "Rows Removed by Filter": 146, "Workers": []}]}, {"Node Type": "Index Scan", "Parent Relationship": "Inner", "Parallel Aware": false, "Async Capable": false, "Scan Direction": "Forward", "Index Name": "users_pkey", "Relation Name": "users", "Alias": "u", "Startup Cost": 0.29, "Total Cost": 0.46, "Plan Rows": 1, "Plan Width": 4, "Actual Rows": 1, "Actual Loops": 1411, "Index Cond": "(id = b.userid)", "Rows Removed by Index Recheck": 0, "Filter": "(upvotes >= 367)", "Rows Removed by Filter": 0, "Workers": []}]}]}]}]}, "Planning Time": 1.053, "Triggers": [], "Execution Time": 19.478}, {"Plan": {"Node Type": "Aggregate", "Strategy": "Plain", "Partial Mode": "Simple", "Parallel Aware": false, "Async Capable": false, "Startup Cost": 4136.87, "Total Cost": 4136.88, "Plan Rows": 1, "Plan Width": 8, "Actual Rows": 1, "Actual Loops": 1, "Plans": [{"Node Type": "Nested Loop", "Parent Relationship": "Outer", "Parallel Aware": false, "Async Capable": false, "Join Type": "Inner", "Startup Cost": 1000.58, "Total Cost": 4136.87, "Plan Rows": 44.0, "Plan Width": 0, "Actual Rows": 1352, "Actual Loops": 1, "Inner Unique": false, "Join Filter": "(c.userid = b.userid)", "Rows Removed by Join Filter": 0, "Plans": [{"Node Type": "Gather", "Parent Relationship": "Outer", "Parallel Aware": false, "Async Capable": false, "Startup Cost": 1000.29, "Total Cost": 4127.24, "Plan Rows": 10.0, "Plan Width": 8, "Actual Rows": 32, "Actual Loops": 1, "Workers Planned": 1, "Workers Launched": 1, "Single Copy": false, "Plans": [{"Node Type": "Nested Loop", "Parent Relationship": "Outer", "Parallel Aware": false, "Async Capable": false, "Join Type": "Inner", "Startup Cost": 0.29, "Total Cost": 3127.14, "Plan Rows": 10.0, "Plan Width": 8, "Actual Rows": 16, "Actual Loops": 2, "Inner Unique": true, "Workers": [], "Plans": [{"Node Type": "Seq Scan", "Parent Relationship": "Outer", "Parallel Aware": true, "Async Capable": false, "Relation Name": "comments", "Alias": "c", "Startup Cost": 0.0, "Total Cost": 2881.99, "Plan Rows": 34, "Plan Width": 4, "Actual Rows": 21, "Actual Loops": 2, "Filter": "((creationdate >= '2011-07-12 23:08:50'::timestamp without time zone) AND (score = 9))", "Rows Removed by Filter": 87132, "Workers": []}, {"Node Type": "Index Scan", "Parent Relationship": "Inner", "Parallel Aware": false, "Async Capable": false, "Scan Direction": "Forward", "Index Name": "users_pkey", "Relation Name": "users", "Alias": "u", "Startup Cost": 0.29, "Total Cost": 7.21, "Plan Rows": 1, "Plan Width": 4, "Actual Rows": 1, "Actual Loops": 42, "Index Cond": "(id = c.userid)", "Rows Removed by Index Recheck": 0, "Filter": "(upvotes >= 367)", "Rows Removed by Filter": 0, "Workers": []}]}]}, {"Node Type": "Index Scan", "Parent Relationship": "Inner", "Parallel Aware": false, "Async Capable": false, "Scan Direction": "Forward", "Index Name": "idx_badges_userid", "Relation Name": "badges", "Alias": "b", "Startup Cost": 0.29, "Total Cost": 9.62, "Plan Rows": 1, "Plan Width": 4, "Actual Rows": 42, "Actual Loops": 32, "Index Cond": "(userid = u.id)", "Rows Removed by Index Recheck": 0, "Filter": "((date >= '2011-02-25 04:11:22'::timestamp without time zone) AND (date <= '2012-03-19 04:46:55'::timestamp without time zone))", "Rows Removed by Filter": 184}]}]}, "Planning Time": 0.875, "Triggers": [], "Execution Time": 14.638}, {"Plan": {"Node Type": "Aggregate", "Strategy": "Plain", "Partial Mode": "Finalize", "Parallel Aware": false, "Async Capable": false, "Startup Cost": 5704.14, "Total Cost": 5704.15, "Plan Rows": 1, "Plan Width": 8, "Actual Rows": 1, "Actual Loops": 1, "Plans": [{"Node Type": "Gather", "Parent Relationship": "Outer", "Parallel Aware": false, "Async Capable": false, "Startup Cost": 5704.02, "Total Cost": 5704.13, "Plan Rows": 1, "Plan Width": 8, "Actual Rows": 2, "Actual Loops": 1, "Workers Planned": 1, "Workers Launched": 1, "Single Copy": false, "Plans": [{"Node Type": "Aggregate", "Strategy": "Plain", "Partial Mode": "Partial", "Parent Relationship": "Outer", "Parallel Aware": false, "Async Capable": false, "Startup Cost": 4704.02, "Total Cost": 4704.03, "Plan Rows": 1, "Plan Width": 8, "Actual Rows": 1, "Actual Loops": 2, "Workers": [], "Plans": [{"Node Type": "Hash Join", "Parent Relationship": "Outer", "Parallel Aware": false, "Async Capable": false, "Join Type": "Inner", "Startup Cost": 1821.9, "Total Cost": 4704.02, "Plan Rows": 44.0, "Plan Width": 0, "Actual Rows": 676, "Actual Loops": 2, "Inner Unique": false, "Hash Cond": "(c.userid = u.id)", "Workers": [], "Plans": [{"Node Type": "Seq Scan", "Parent Relationship": "Outer", "Parallel Aware": true, "Async Capable": false, "Relation Name": "comments", "Alias": "c", "Startup Cost": 0.0, "Total Cost": 2881.99, "Plan Rows": 34, "Plan Width": 4, "Actual Rows": 21, "Actual Loops": 2, "Filter": "((creationdate >= '2011-07-12 23:08:50'::timestamp without time zone) AND (score = 9))", "Rows Removed by Filter": 87132, "Workers": []}, {"Node Type": "Hash", "Parent Relationship": "Inner", "Parallel Aware": false, "Async Capable": false, "Startup Cost": 1821.54, "Total Cost": 1821.54, "Plan Rows": 476.0, "Plan Width": 8, "Actual Rows": 1211, "Actual Loops": 2, "Hash Buckets": 2048, "Original Hash Buckets": 1024, "Hash Batches": 1, "Original Hash Batches": 1, "Peak Memory Usage": 64, "Workers": [], "Plans": [{"Node Type": "Nested Loop", "Parent Relationship": "Outer", "Parallel Aware": false, "Async Capable": false, "Join Type": "Inner", "Startup Cost": 0.29, "Total Cost": 1821.54, "Plan Rows": 476.0, "Plan Width": 8, "Actual Rows": 1211, "Actual Loops": 2, "Inner Unique": false, "Workers": [], "Plans": [{"Node Type": "Seq Scan", "Parent Relationship": "Outer", "Parallel Aware": false, "Async Capable": false, "Relation Name": "users", "Alias": "u", "Startup Cost": 0.0, "Total Cost": 801.06, "Plan Rows": 106, "Plan Width": 4, "Actual Rows": 105, "Actual Loops": 2, "Filter": "(upvotes >= 367)", "Rows Removed by Filter": 40220, "Workers": []}, {"Node Type": "Index Scan", "Parent Relationship": "Inner", "Parallel Aware": false, "Async Capable": false, "Scan Direction": "Forward", "Index Name": "idx_badges_userid", "Relation Name": "badges", "Alias": "b", "Startup Cost": 0.29, "Total Cost": 9.62, "Plan Rows": 1, "Plan Width": 4, "Actual Rows": 12, "Actual Loops": 210, "Index Cond": "(userid = u.id)", "Rows Removed by Index Recheck": 0, "Filter": "((date >= '2011-02-25 04:11:22'::timestamp without time zone) AND (date <= '2012-03-19 04:46:55'::timestamp without time zone))", "Rows Removed by Filter": 54, "Workers": []}]}]}]}]}]}]}, "Planning Time": 1.142, "Triggers": [], "Execution Time": 29.886}, {"Plan": {"Node Type": "Aggregate", "Strategy": "Plain", "Partial Mode": "Simple", "Parallel Aware": false, "Async Capable": false, "Startup Cost": 5780.0, "Total Cost": 5780.01, "Plan Rows": 1, "Plan Width": 8, "Actual Rows": 1, "Actual Loops": 1, "Plans": [{"Node Type": "Hash Join", "Parent Relationship": "Outer", "Parallel Aware": false, "Async Capable": false, "Join Type": "Inner", "Startup Cost": 4108.18, "Total Cost": 5779.99, "Plan Rows": 44.0, "Plan Width": 0, "Actual Rows": 1352, "Actual Loops": 1, "Inner Unique": false, "Hash Cond": "(b.userid = c.userid)", "Plans": [{"Node Type": "Seq Scan", "Parent Relationship": "Outer", "Parallel Aware": false, "Async Capable": false, "Relation Name": "badges", "Alias": "b", "Startup Cost": 0.0, "Total Cost": 1629.76, "Plan Rows": 11181, "Plan Width": 4, "Actual Rows": 11177, "Actual Loops": 1, "Filter": "((date >= '2011-02-25 04:11:22'::timestamp without time zone) AND (date <= '2012-03-19 04:46:55'::timestamp without time zone))", "Rows Removed by Filter": 68674}, {"Node Type": "Hash", "Parent Relationship": "Inner", "Parallel Aware": false, "Async Capable": false, "Startup Cost": 4108.16, "Total Cost": 4108.16, "Plan Rows": 10.0, "Plan Width": 8, "Actual Rows": 32, "Actual Loops": 1, "Hash Buckets": 1024, "Original Hash Buckets": 1024, "Hash Batches": 1, "Original Hash Batches": 1, "Peak Memory Usage": 10, "Plans": [{"Node Type": "Nested Loop", "Parent Relationship": "Outer", "Parallel Aware": false, "Async Capable": false, "Join Type": "Inner", "Startup Cost": 0.29, "Total Cost": 4108.16, "Plan Rows": 10.0, "Plan Width": 8, "Actual Rows": 32, "Actual Loops": 1, "Inner Unique": false, "Plans": [{"Node Type": "Seq Scan", "Parent Relationship": "Outer", "Parallel Aware": false, "Async Capable": false, "Relation Name": "users", "Alias": "u", "Startup Cost": 0.0, "Total Cost": 801.06, "Plan Rows": 106, "Plan Width": 4, "Actual Rows": 105, "Actual Loops": 1, "Filter": "(upvotes >= 367)", "Rows Removed by Filter": 40220}, {"Node Type": "Index Scan", "Parent Relationship": "Inner", "Parallel Aware": false, "Async Capable": false, "Scan Direction": "Forward", "Index Name": "idx_comments_userid", "Relation Name": "comments", "Alias": "c", "Startup Cost": 0.29, "Total Cost": 31.19, "Plan Rows": 1, "Plan Width": 4, "Actual Rows": 0, "Actual Loops": 105, "Index Cond": "(userid = u.id)", "Rows Removed by Index Recheck": 0, "Filter": "((creationdate >= '2011-07-12 23:08:50'::timestamp without time zone) AND (score = 9))", "Rows Removed by Filter": 686}]}]}]}]}, "Planning Time": 1.133, "Triggers": [], "Execution Time": 42.4}, {"Plan": {"Node Type": "Aggregate", "Strategy": "Plain", "Partial Mode": "Simple", "Parallel Aware": false, "Async Capable": false, "Startup Cost": 5165.42, "Total Cost": 5165.43, "Plan Rows": 1, "Plan Width": 8, "Actual Rows": 1, "Actual Loops": 1, "Plans": [{"Node Type": "Merge Join", "Parent Relationship": "Outer", "Parallel Aware": false, "Async Capable": false, "Join Type": "Inner", "Startup Cost": 5161.3, "Total Cost": 5165.41, "Plan Rows": 44.0, "Plan Width": 0, "Actual Rows": 1352, "Actual Loops": 1, "Inner Unique": false, "Merge Cond": "(u.id = c.userid)", "Plans": [{"Node Type": "Sort", "Parent Relationship": "Outer", "Parallel Aware": false, "Async Capable": false, "Startup Cost": 804.63, "Total Cost": 804.89, "Plan Rows": 106, "Plan Width": 4, "Actual Rows": 75, "Actual Loops": 1, "Sort Key": ["u.id"], "Sort Method": "quicksort", "Sort Space Used": 25, "Sort Space Type": "Memory", "Plans": [{"Node Type": "Seq Scan", "Parent Relationship": "Outer", "Parallel Aware": false, "Async Capable": false, "Relation Name": "users", "Alias": "u", "Startup Cost": 0.0, "Total Cost": 801.06, "Plan Rows": 106, "Plan Width": 4, "Actual Rows": 105, "Actual Loops": 1, "Filter": "(upvotes >= 367)", "Rows Removed by Filter": 40220}]}, {"Node Type": "Sort", "Parent Relationship": "Inner", "Parallel Aware": false, "Async Capable": false, "Startup Cost": 4356.67, "Total Cost": 4358.48, "Plan Rows": 324.0, "Plan Width": 8, "Actual Rows": 1411, "Actual Loops": 1, "Sort Key": ["c.userid"], "Sort Method": "quicksort", "Sort Space Used": 93, "Sort Space Type": "Memory", "Plans": [{"Node Type": "Gather", "Parent Relationship": "Outer", "Parallel Aware": false, "Async Capable": false, "Startup Cost": 1000.29, "Total Cost": 4322.23, "Plan Rows": 324.0, "Plan Width": 8, "Actual Rows": 1411, "Actual Loops": 1, "Workers Planned": 1, "Workers Launched": 1, "Single Copy": false, "Plans": [{"Node Type": "Nested Loop", "Parent Relationship": "Outer", "Parallel Aware": false, "Async Capable": false, "Join Type": "Inner", "Startup Cost": 0.29, "Total Cost": 3249.73, "Plan Rows": 324.0, "Plan Width": 8, "Actual Rows": 706, "Actual Loops": 2, "Inner Unique": false, "Workers": [], "Plans": [{"Node Type": "Seq Scan", "Parent Relationship": "Outer", "Parallel Aware": true, "Async Capable": false, "Relation Name": "comments", "Alias": "c", "Startup Cost": 0.0, "Total Cost": 2881.99, "Plan Rows": 34, "Plan Width": 4, "Actual Rows": 21, "Actual Loops": 2, "Filter": "((creationdate >= '2011-07-12 23:08:50'::timestamp without time zone) AND (score = 9))", "Rows Removed by Filter": 87132, "Workers": []}, {"Node Type": "Index Scan", "Parent Relationship": "Inner", "Parallel Aware": false, "Async Capable": false, "Scan Direction": "Forward", "Index Name": "idx_badges_userid", "Relation Name": "badges", "Alias": "b", "Startup Cost": 0.29, "Total Cost": 10.81, "Plan Rows": 1, "Plan Width": 4, "Actual Rows": 34, "Actual Loops": 42, "Index Cond": "(userid = c.userid)", "Rows Removed by Index Recheck": 0, "Filter": "((date >= '2011-02-25 04:11:22'::timestamp without time zone) AND (date <= '2012-03-19 04:46:55'::timestamp without time zone))", "Rows Removed by Filter": 146, "Workers": []}]}]}]}]}]}, "Planning Time": 1.108, "Triggers": [], "Execution Time": 22.768}]