[{"Plan": {"Node Type": "Aggregate", "Strategy": "Plain", "Partial Mode": "Simple", "Parallel Aware": false, "Async Capable": false, "Startup Cost": 3389.24, "Total Cost": 3389.25, "Plan Rows": 1, "Plan Width": 8, "Actual Rows": 1, "Actual Loops": 1, "Plans": [{"Node Type": "Merge Join", "Parent Relationship": "Outer", "Parallel Aware": false, "Async Capable": false, "Join Type": "Inner", "Startup Cost": 2.62, "Total Cost": 3264.9, "Plan Rows": 4005.0, "Plan Width": 0, "Actual Rows": 788848, "Actual Loops": 1, "Inner Unique": true, "Merge Cond": "(v.userid = u.id)", "Plans": [{"Node Type": "Merge Join", "Parent Relationship": "Outer", "Parallel Aware": false, "Async Capable": false, "Join Type": "Inner", "Startup Cost": 2.33, "Total Cost": 10217.88, "Plan Rows": 8429.0, "Plan Width": 12, "Actual Rows": 5209447, "Actual Loops": 1, "Inner Unique": false, "Merge Cond": "(b.userid = v.userid)", "Plans": [{"Node Type": "Index Scan", "Parent Relationship": "Outer", "Parallel Aware": false, "Async Capable": false, "Scan Direction": "Forward", "Index Name": "idx_badges_userid", "Relation Name": "badges", "Alias": "b", "Startup Cost": 0.29, "Total Cost": 3264.6, "Plan Rows": 21225, "Plan Width": 4, "Actual Rows": 21193, "Actual Loops": 1, "Filter": "((date >= '2010-12-18 12:15:15'::timestamp without time zone) AND (date <= '2012-09-27 12:26:15'::timestamp without time zone))", "Rows Removed by Filter": 58658}, {"Node Type": "Materialize", "Parent Relationship": "Inner", "Parallel Aware": false, "Async Capable": false, "Startup Cost": 0.71, "Total Cost": 16478.86, "Plan Rows": 1210.0, "Plan Width": 8, "Actual Rows": 5231727, "Actual Loops": 1, "Plans": [{"Node Type": "Merge Join", "Parent Relationship": "Outer", "Parallel Aware": false, "Async Capable": false, "Join Type": "Inner", "Startup Cost": 0.71, "Total Cost": 14863.84, "Plan Rows": 1210.0, "Plan Width": 8, "Actual Rows": 215211, "Actual Loops": 1, "Inner Unique": false, "Merge Cond": "(p.owneruserid = v.userid)", "Plans": [{"Node Type": "Index Scan", "Parent Relationship": "Outer", "Parallel Aware": false, "Async Capable": false, "Scan Direction": "Forward", "Index Name": "idx_posts_owneruserid", "Relation Name": "posts", "Alias": "p", "Startup Cost": 0.29, "Total Cost": 4553.55, "Plan Rows": 42526, "Plan Width": 4, "Actual Rows": 25290, "Actual Loops": 1, "Filter": "((score <= 21) AND (answercount <= 21))", "Rows Removed by Filter": 40513}, {"Node Type": "Materialize", "Parent Relationship": "Inner", "Parallel Aware": false, "Async Capable": false, "Startup Cost": 0.42, "Total Cost": 12869.93, "Plan Rows": 178981, "Plan Width": 4, "Actual Rows": 218881, "Actual Loops": 1, "Plans": [{"Node Type": "Index Scan", "Parent Relationship": "Outer", "Parallel Aware": false, "Async Capable": false, "Scan Direction": "Forward", "Index Name": "idx_votes_userid", "Relation Name": "votes", "Alias": "v", "Startup Cost": 0.42, "Total Cost": 12422.47, "Plan Rows": 178981, "Plan Width": 4, "Actual Rows": 17217, "Actual Loops": 1, "Filter": "(creationdate <= '2013-04-19 05:02:19'::timestamp without time zone)", "Rows Removed by Filter": 10390}]}]}]}]}, {"Node Type": "Index Scan", "Parent Relationship": "Inner", "Parallel Aware": false, "Async Capable": false, "Scan Direction": "Forward", "Index Name": "users_pkey", "Relation Name": "users", "Alias": "u", "Startup Cost": 0.29, "Total Cost": 1457.98, "Plan Rows": 38036, "Plan Width": 4, "Actual Rows": 15421, "Actual Loops": 1, "Filter": "(creationdate >= '2011-03-08 06:08:13'::timestamp without time zone)", "Rows Removed by Filter": 2294}]}]}, "Planning Time": 2.981, "Triggers": [], "Execution Time": 698.719}, {"Plan": {"Node Type": "Aggregate", "Strategy": "Plain", "Partial Mode": "Simple", "Parallel Aware": false, "Async Capable": false, "Startup Cost": 13789.38, "Total Cost": 13789.39, "Plan Rows": 1, "Plan Width": 8, "Actual Rows": 1, "Actual Loops": 1, "Plans": [{"Node Type": "Merge Join", "Parent Relationship": "Outer", "Parallel Aware": false, "Async Capable": false, "Join Type": "Inner", "Startup Cost": 4393.06, "Total Cost": 13665.04, "Plan Rows": 4005.0, "Plan Width": 0, "Actual Rows": 788848, "Actual Loops": 1, "Inner Unique": false, "Merge Cond": "(u.id = v.userid)", "Plans": [{"Node Type": "Merge Join", "Parent Relationship": "Outer", "Parallel Aware": false, "Async Capable": false, "Join Type": "Inner", "Startup Cost": 4392.64, "Total Cost": 9293.55, "Plan Rows": 215.0, "Plan Width": 12, "Actual Rows": 61143, "Actual Loops": 1, "Inner Unique": false, "Merge Cond": "(p.owneruserid = u.id)", "Plans": [{"Node Type": "Index Scan", "Parent Relationship": "Outer", "Parallel Aware": false, "Async Capable": false, "Scan Direction": "Forward", "Index Name": "idx_posts_owneruserid", "Relation Name": "posts", "Alias": "p", "Startup Cost": 0.29, "Total Cost": 4553.55, "Plan Rows": 42526, "Plan Width": 4, "Actual Rows": 24508, "Actual Loops": 1, "Filter": "((score <= 21) AND (answercount <= 21))", "Rows Removed by Filter": 39987}, {"Node Type": "Sort", "Parent Relationship": "Inner", "Parallel Aware": false, "Async Capable": false, "Startup Cost": 4392.35, "Total Cost": 4442.4, "Plan Rows": 2836.0, "Plan Width": 8, "Actual Rows": 63948, "Actual Loops": 1, "Sort Key": ["b.userid"], "Sort Method": "quicksort", "Sort Space Used": 845, "Sort Space Type": "Memory", "Plans": [{"Node Type": "Hash Join", "Parent Relationship": "Outer", "Parallel Aware": false, "Async Capable": false, "Join Type": "Inner", "Startup Cost": 1276.51, "Total Cost": 2962.0, "Plan Rows": 2836.0, "Plan Width": 8, "Actual Rows": 14739, "Actual Loops": 1, "Inner Unique": true, "Hash Cond": "(b.userid = u.id)", "Plans": [{"Node Type": "Seq Scan", "Parent Relationship": "Outer", "Parallel Aware": false, "Async Capable": false, "Relation Name": "badges", "Alias": "b", "Startup Cost": 0.0, "Total Cost": 1629.76, "Plan Rows": 21225, "Plan Width": 4, "Actual Rows": 21193, "Actual Loops": 1, "Filter": "((date >= '2010-12-18 12:15:15'::timestamp without time zone) AND (date <= '2012-09-27 12:26:15'::timestamp without time zone))", "Rows Removed by Filter": 58658}, {"Node Type": "Hash", "Parent Relationship": "Inner", "Parallel Aware": false, "Async Capable": false, "Startup Cost": 801.06, "Total Cost": 801.06, "Plan Rows": 38036, "Plan Width": 4, "Actual Rows": 38030, "Actual Loops": 1, "Hash Buckets": 65536, "Original Hash Buckets": 65536, "Hash Batches": 1, "Original Hash Batches": 1, "Peak Memory Usage": 1849, "Plans": [{"Node Type": "Seq Scan", "Parent Relationship": "Outer", "Parallel Aware": false, "Async Capable": false, "Relation Name": "users", "Alias": "u", "Startup Cost": 0.0, "Total Cost": 801.06, "Plan Rows": 38036, "Plan Width": 4, "Actual Rows": 38030, "Actual Loops": 1, "Filter": "(creationdate >= '2011-03-08 06:08:13'::timestamp without time zone)", "Rows Removed by Filter": 2295}]}]}]}]}, {"Node Type": "Materialize", "Parent Relationship": "Inner", "Parallel Aware": false, "Async Capable": false, "Startup Cost": 0.42, "Total Cost": 12869.93, "Plan Rows": 178981, "Plan Width": 4, "Actual Rows": 800173, "Actual Loops": 1, "Plans": [{"Node Type": "Index Scan", "Parent Relationship": "Outer", "Parallel Aware": false, "Async Capable": false, "Scan Direction": "Forward", "Index Name": "idx_votes_userid", "Relation Name": "votes", "Alias": "v", "Startup Cost": 0.42, "Total Cost": 12422.47, "Plan Rows": 178981, "Plan Width": 4, "Actual Rows": 17217, "Actual Loops": 1, "Filter": "(creationdate <= '2013-04-19 05:02:19'::timestamp without time zone)", "Rows Removed by Filter": 10390}]}]}]}, "Planning Time": 2.767, "Triggers": [], "Execution Time": 194.466}, {"Plan": {"Node Type": "Aggregate", "Strategy": "Plain", "Partial Mode": "Finalize", "Parallel Aware": false, "Async Capable": false, "Startup Cost": 6849.83, "Total Cost": 6849.84, "Plan Rows": 1, "Plan Width": 8, "Actual Rows": 1, "Actual Loops": 1, "Plans": [{"Node Type": "Gather", "Parent Relationship": "Outer", "Parallel Aware": false, "Async Capable": false, "Startup Cost": 6849.71, "Total Cost": 6849.82, "Plan Rows": 1, "Plan Width": 8, "Actual Rows": 2, "Actual Loops": 1, "Workers Planned": 1, "Workers Launched": 1, "Single Copy": false, "Plans": [{"Node Type": "Aggregate", "Strategy": "Plain", "Partial Mode": "Partial", "Parent Relationship": "Outer", "Parallel Aware": false, "Async Capable": false, "Startup Cost": 5849.71, "Total Cost": 5849.72, "Plan Rows": 1, "Plan Width": 8, "Actual Rows": 1, "Actual Loops": 2, "Workers": [], "Plans": [{"Node Type": "Nested Loop", "Parent Relationship": "Outer", "Parallel Aware": false, "Async Capable": false, "Join Type": "Inner", "Startup Cost": 1.31, "Total Cost": 5776.57, "Plan Rows": 4005.0, "Plan Width": 0, "Actual Rows": 394424, "Actual Loops": 2, "Inner Unique": false, "Join Filter": "(b.userid = u.id)", "Rows Removed by Join Filter": 0, "Workers": [], "Plans": [{"Node Type": "Merge Join", "Parent Relationship": "Outer", "Parallel Aware": false, "Async Capable": false, "Join Type": "Inner", "Startup Cost": 1.0, "Total Cost": 3240.62, "Plan Rows": 521.0, "Plan Width": 12, "Actual Rows": 41787, "Actual Loops": 2, "Inner Unique": true, "Merge Cond": "(v.userid = u.id)", "Workers": [], "Plans": [{"Node Type": "Merge Join", "Parent Relationship": "Outer", "Parallel Aware": false, "Async Capable": false, "Join Type": "Inner", "Startup Cost": 0.71, "Total Cost": 11416.98, "Plan Rows": 1210.0, "Plan Width": 8, "Actual Rows": 107618, "Actual Loops": 2, "Inner Unique": false, "Merge Cond": "(v.userid = p.owneruserid)", "Workers": [], "Plans": [{"Node Type": "Index Scan", "Parent Relationship": "Outer", "Parallel Aware": true, "Async Capable": false, "Scan Direction": "Forward", "Index Name": "idx_votes_userid", "Relation Name": "votes", "Alias": "v", "Startup Cost": 0.42, "Total Cost": 10733.91, "Plan Rows": 105283, "Plan Width": 4, "Actual Rows": 8612, "Actual Loops": 2, "Filter": "(creationdate <= '2013-04-19 05:02:19'::timestamp without time zone)", "Rows Removed by Filter": 8784, "Workers": []}, {"Node Type": "Materialize", "Parent Relationship": "Inner", "Parallel Aware": false, "Async Capable": false, "Startup Cost": 0.29, "Total Cost": 4659.86, "Plan Rows": 42526, "Plan Width": 4, "Actual Rows": 129206, "Actual Loops": 2, "Workers": [], "Plans": [{"Node Type": "Index Scan", "Parent Relationship": "Outer", "Parallel Aware": false, "Async Capable": false, "Scan Direction": "Forward", "Index Name": "idx_posts_owneruserid", "Relation Name": "posts", "Alias": "p", "Startup Cost": 0.29, "Total Cost": 4553.55, "Plan Rows": 42526, "Plan Width": 4, "Actual Rows": 26542, "Actual Loops": 2, "Filter": "((score <= 21) AND (answercount <= 21))", "Rows Removed by Filter": 41490, "Workers": []}]}]}, {"Node Type": "Index Scan", "Parent Relationship": "Inner", "Parallel Aware": false, "Async Capable": false, "Scan Direction": "Forward", "Index Name": "users_pkey", "Relation Name": "users", "Alias": "u", "Startup Cost": 0.29, "Total Cost": 1457.98, "Plan Rows": 38036, "Plan Width": 4, "Actual Rows": 15826, "Actual Loops": 2, "Filter": "(creationdate >= '2011-03-08 06:08:13'::timestamp without time zone)", "Rows Removed by Filter": 2294, "Workers": []}]}, {"Node Type": "Memoize", "Parent Relationship": "Inner", "Parallel Aware": false, "Async Capable": false, "Startup Cost": 0.3, "Total Cost": 0.38, "Plan Rows": 1, "Plan Width": 4, "Actual Rows": 9, "Actual Loops": 83574, "Cache Key": "v.userid", "Cache Mode": "logical", "Cache Hits": 36156, "Cache Misses": 588, "Cache Evictions": 0, "Cache Overflows": 0, "Peak Memory Usage": 121, "Workers": [{"Worker Number": 0, "Cache Hits": 46271, "Cache Misses": 559, "Cache Evictions": 0, "Cache Overflows": 0, "Peak Memory Usage": 114}], "Plans": [{"Node Type": "Index Scan", "Parent Relationship": "Outer", "Parallel Aware": false, "Async Capable": false, "Scan Direction": "Forward", "Index Name": "idx_badges_userid", "Relation Name": "badges", "Alias": "b", "Startup Cost": 0.29, "Total Cost": 0.37, "Plan Rows": 1, "Plan Width": 4, "Actual Rows": 4, "Actual Loops": 1147, "Index Cond": "(userid = v.userid)", "Rows Removed by Index Recheck": 0, "Filter": "((date >= '2010-12-18 12:15:15'::timestamp without time zone) AND (date <= '2012-09-27 12:26:15'::timestamp without time zone))", "Rows Removed by Filter": 6, "Workers": []}]}]}]}]}]}, "Planning Time": 6.205, "Triggers": [], "Execution Time": 158.244}, {"Plan": {"Node Type": "Aggregate", "Strategy": "Plain", "Partial Mode": "Simple", "Parallel Aware": false, "Async Capable": false, "Startup Cost": 3389.24, "Total Cost": 3389.25, "Plan Rows": 1, "Plan Width": 8, "Actual Rows": 1, "Actual Loops": 1, "Plans": [{"Node Type": "Merge Join", "Parent Relationship": "Outer", "Parallel Aware": false, "Async Capable": false, "Join Type": "Inner", "Startup Cost": 2.62, "Total Cost": 3264.9, "Plan Rows": 4005.0, "Plan Width": 0, "Actual Rows": 788848, "Actual Loops": 1, "Inner Unique": true, "Merge Cond": "(v.userid = u.id)", "Plans": [{"Node Type": "Merge Join", "Parent Relationship": "Outer", "Parallel Aware": false, "Async Capable": false, "Join Type": "Inner", "Startup Cost": 2.33, "Total Cost": 10217.88, "Plan Rows": 8429.0, "Plan Width": 12, "Actual Rows": 5209447, "Actual Loops": 1, "Inner Unique": false, "Merge Cond": "(b.userid = v.userid)", "Plans": [{"Node Type": "Index Scan", "Parent Relationship": "Outer", "Parallel Aware": false, "Async Capable": false, "Scan Direction": "Forward", "Index Name": "idx_badges_userid", "Relation Name": "badges", "Alias": "b", "Startup Cost": 0.29, "Total Cost": 3264.6, "Plan Rows": 21225, "Plan Width": 4, "Actual Rows": 21193, "Actual Loops": 1, "Filter": "((date >= '2010-12-18 12:15:15'::timestamp without time zone) AND (date <= '2012-09-27 12:26:15'::timestamp without time zone))", "Rows Removed by Filter": 58658}, {"Node Type": "Materialize", "Parent Relationship": "Inner", "Parallel Aware": false, "Async Capable": false, "Startup Cost": 0.71, "Total Cost": 16478.86, "Plan Rows": 1210.0, "Plan Width": 8, "Actual Rows": 5231727, "Actual Loops": 1, "Plans": [{"Node Type": "Merge Join", "Parent Relationship": "Outer", "Parallel Aware": false, "Async Capable": false, "Join Type": "Inner", "Startup Cost": 0.71, "Total Cost": 14863.84, "Plan Rows": 1210.0, "Plan Width": 8, "Actual Rows": 215211, "Actual Loops": 1, "Inner Unique": false, "Merge Cond": "(p.owneruserid = v.userid)", "Plans": [{"Node Type": "Index Scan", "Parent Relationship": "Outer", "Parallel Aware": false, "Async Capable": false, "Scan Direction": "Forward", "Index Name": "idx_posts_owneruserid", "Relation Name": "posts", "Alias": "p", "Startup Cost": 0.29, "Total Cost": 4553.55, "Plan Rows": 42526, "Plan Width": 4, "Actual Rows": 25290, "Actual Loops": 1, "Filter": "((score <= 21) AND (answercount <= 21))", "Rows Removed by Filter": 40513}, {"Node Type": "Materialize", "Parent Relationship": "Inner", "Parallel Aware": false, "Async Capable": false, "Startup Cost": 0.42, "Total Cost": 12869.93, "Plan Rows": 178981, "Plan Width": 4, "Actual Rows": 218881, "Actual Loops": 1, "Plans": [{"Node Type": "Index Scan", "Parent Relationship": "Outer", "Parallel Aware": false, "Async Capable": false, "Scan Direction": "Forward", "Index Name": "idx_votes_userid", "Relation Name": "votes", "Alias": "v", "Startup Cost": 0.42, "Total Cost": 12422.47, "Plan Rows": 178981, "Plan Width": 4, "Actual Rows": 17217, "Actual Loops": 1, "Filter": "(creationdate <= '2013-04-19 05:02:19'::timestamp without time zone)", "Rows Removed by Filter": 10390}]}]}]}]}, {"Node Type": "Index Scan", "Parent Relationship": "Inner", "Parallel Aware": false, "Async Capable": false, "Scan Direction": "Forward", "Index Name": "users_pkey", "Relation Name": "users", "Alias": "u", "Startup Cost": 0.29, "Total Cost": 1457.98, "Plan Rows": 38036, "Plan Width": 4, "Actual Rows": 15421, "Actual Loops": 1, "Filter": "(creationdate >= '2011-03-08 06:08:13'::timestamp without time zone)", "Rows Removed by Filter": 2294}]}]}, "Planning Time": 2.809, "Triggers": [], "Execution Time": 684.082}, {"Plan": {"Node Type": "Aggregate", "Strategy": "Plain", "Partial Mode": "Simple", "Parallel Aware": false, "Async Capable": false, "Startup Cost": 5188.73, "Total Cost": 5188.74, "Plan Rows": 1, "Plan Width": 8, "Actual Rows": 1, "Actual Loops": 1, "Plans": [{"Node Type": "Hash Join", "Parent Relationship": "Outer", "Parallel Aware": false, "Async Capable": false, "Join Type": "Inner", "Startup Cost": 2542.16, "Total Cost": 5064.39, "Plan Rows": 4005.0, "Plan Width": 0, "Actual Rows": 788848, "Actual Loops": 1, "Inner Unique": false, "Hash Cond": "(p.owneruserid = u.id)", "Plans": [{"Node Type": "Seq Scan", "Parent Relationship": "Outer", "Parallel Aware": false, "Async Capable": false, "Relation Name": "posts", "Alias": "p", "Startup Cost": 0.0, "Total Cost": 2219.64, "Plan Rows": 42526, "Plan Width": 4, "Actual Rows": 42594, "Actual Loops": 1, "Filter": "((score <= 21) AND (answercount <= 21))", "Rows Removed by Filter": 49382}, {"Node Type": "Hash", "Parent Relationship": "Inner", "Parallel Aware": false, "Async Capable": false, "Startup Cost": 2369.91, "Total Cost": 2369.91, "Plan Rows": 48201.0, "Plan Width": 12, "Actual Rows": 85253, "Actual Loops": 1, "Hash Buckets": 131072, "Original Hash Buckets": 16384, "Hash Batches": 1, "Original Hash Batches": 1, "Peak Memory Usage": 4688, "Plans": [{"Node Type": "Merge Join", "Parent Relationship": "Outer", "Parallel Aware": false, "Async Capable": false, "Join Type": "Inner", "Startup Cost": 2.08, "Total Cost": 2369.91, "Plan Rows": 48201.0, "Plan Width": 12, "Actual Rows": 85253, "Actual Loops": 1, "Inner Unique": true, "Merge Cond": "(v.userid = u.id)", "Plans": [{"Node Type": "Merge Join", "Parent Relationship": "Outer", "Parallel Aware": false, "Async Capable": false, "Join Type": "Inner", "Startup Cost": 1.79, "Total Cost": 6060.52, "Plan Rows": 97212.0, "Plan Width": 8, "Actual Rows": 244911, "Actual Loops": 1, "Inner Unique": false, "Merge Cond": "(b.userid = v.userid)", "Plans": [{"Node Type": "Index Scan", "Parent Relationship": "Outer", "Parallel Aware": false, "Async Capable": false, "Scan Direction": "Forward", "Index Name": "idx_badges_userid", "Relation Name": "badges", "Alias": "b", "Startup Cost": 0.29, "Total Cost": 3264.6, "Plan Rows": 21225, "Plan Width": 4, "Actual Rows": 21193, "Actual Loops": 1, "Filter": "((date >= '2010-12-18 12:15:15'::timestamp without time zone) AND (date <= '2012-09-27 12:26:15'::timestamp without time zone))", "Rows Removed by Filter": 58658}, {"Node Type": "Index Scan", "Parent Relationship": "Inner", "Parallel Aware": false, "Async Capable": false, "Scan Direction": "Forward", "Index Name": "idx_votes_userid", "Relation Name": "votes", "Alias": "v", "Startup Cost": 0.42, "Total Cost": 12422.47, "Plan Rows": 178981, "Plan Width": 4, "Actual Rows": 248363, "Actual Loops": 1, "Filter": "(creationdate <= '2013-04-19 05:02:19'::timestamp without time zone)", "Rows Removed by Filter": 79323}]}, {"Node Type": "Index Scan", "Parent Relationship": "Inner", "Parallel Aware": false, "Async Capable": false, "Scan Direction": "Forward", "Index Name": "users_pkey", "Relation Name": "users", "Alias": "u", "Startup Cost": 0.29, "Total Cost": 1457.98, "Plan Rows": 38036, "Plan Width": 4, "Actual Rows": 15421, "Actual Loops": 1, "Filter": "(creationdate >= '2011-03-08 06:08:13'::timestamp without time zone)", "Rows Removed by Filter": 2294}]}]}]}]}, "Planning Time": 2.95, "Triggers": [], "Execution Time": 270.81}, {"Plan": {"Node Type": "Aggregate", "Strategy": "Plain", "Partial Mode": "Simple", "Parallel Aware": false, "Async Capable": false, "Startup Cost": 7442.2, "Total Cost": 7442.21, "Plan Rows": 1, "Plan Width": 8, "Actual Rows": 1, "Actual Loops": 1, "Plans": [{"Node Type": "Merge Join", "Parent Relationship": "Outer", "Parallel Aware": false, "Async Capable": false, "Join Type": "Inner", "Startup Cost": 3156.24, "Total Cost": 7317.86, "Plan Rows": 4005.0, "Plan Width": 0, "Actual Rows": 788848, "Actual Loops": 1, "Inner Unique": false, "Merge Cond": "(u.id = v.userid)", "Plans": [{"Node Type": "Merge Join", "Parent Relationship": "Outer", "Parallel Aware": false, "Async Capable": false, "Join Type": "Inner", "Startup Cost": 3155.52, "Total Cost": 5014.5, "Plan Rows": 2836.0, "Plan Width": 8, "Actual Rows": 14739, "Actual Loops": 1, "Inner Unique": false, "Merge Cond": "(u.id = b.userid)", "Plans": [{"Node Type": "Index Scan", "Parent Relationship": "Outer", "Parallel Aware": false, "Async Capable": false, "Scan Direction": "Forward", "Index Name": "users_pkey", "Relation Name": "users", "Alias": "u", "Startup Cost": 0.29, "Total Cost": 1457.98, "Plan Rows": 38036, "Plan Width": 4, "Actual Rows": 15422, "Actual Loops": 1, "Filter": "(creationdate >= '2011-03-08 06:08:13'::timestamp without time zone)", "Rows Removed by Filter": 2294}, {"Node Type": "Sort", "Parent Relationship": "Inner", "Parallel Aware": false, "Async Capable": false, "Startup Cost": 3155.15, "Total Cost": 3208.21, "Plan Rows": 21225, "Plan Width": 4, "Actual Rows": 21193, "Actual Loops": 1, "Sort Key": ["b.userid"], "Sort Method": "quicksort", "Sort Space Used": 769, "Sort Space Type": "Memory", "Plans": [{"Node Type": "Seq Scan", "Parent Relationship": "Outer", "Parallel Aware": false, "Async Capable": false, "Relation Name": "badges", "Alias": "b", "Startup Cost": 0.0, "Total Cost": 1629.76, "Plan Rows": 21225, "Plan Width": 4, "Actual Rows": 21193, "Actual Loops": 1, "Filter": "((date >= '2010-12-18 12:15:15'::timestamp without time zone) AND (date <= '2012-09-27 12:26:15'::timestamp without time zone))", "Rows Removed by Filter": 58658}]}]}, {"Node Type": "Materialize", "Parent Relationship": "Inner", "Parallel Aware": false, "Async Capable": false, "Startup Cost": 0.71, "Total Cost": 16478.86, "Plan Rows": 1210.0, "Plan Width": 8, "Actual Rows": 942601, "Actual Loops": 1, "Plans": [{"Node Type": "Merge Join", "Parent Relationship": "Outer", "Parallel Aware": false, "Async Capable": false, "Join Type": "Inner", "Startup Cost": 0.71, "Total Cost": 14863.84, "Plan Rows": 1210.0, "Plan Width": 8, "Actual Rows": 215211, "Actual Loops": 1, "Inner Unique": false, "Merge Cond": "(p.owneruserid = v.userid)", "Plans": [{"Node Type": "Index Scan", "Parent Relationship": "Outer", "Parallel Aware": false, "Async Capable": false, "Scan Direction": "Forward", "Index Name": "idx_posts_owneruserid", "Relation Name": "posts", "Alias": "p", "Startup Cost": 0.29, "Total Cost": 4553.55, "Plan Rows": 42526, "Plan Width": 4, "Actual Rows": 25290, "Actual Loops": 1, "Filter": "((score <= 21) AND (answercount <= 21))", "Rows Removed by Filter": 40513}, {"Node Type": "Materialize", "Parent Relationship": "Inner", "Parallel Aware": false, "Async Capable": false, "Startup Cost": 0.42, "Total Cost": 12869.93, "Plan Rows": 178981, "Plan Width": 4, "Actual Rows": 218881, "Actual Loops": 1, "Plans": [{"Node Type": "Index Scan", "Parent Relationship": "Outer", "Parallel Aware": false, "Async Capable": false, "Scan Direction": "Forward", "Index Name": "idx_votes_userid", "Relation Name": "votes", "Alias": "v", "Startup Cost": 0.42, "Total Cost": 12422.47, "Plan Rows": 178981, "Plan Width": 4, "Actual Rows": 17217, "Actual Loops": 1, "Filter": "(creationdate <= '2013-04-19 05:02:19'::timestamp without time zone)", "Rows Removed by Filter": 10390}]}]}]}]}]}, "Planning Time": 2.893, "Triggers": [], "Execution Time": 204.824}, {"Plan": {"Node Type": "Aggregate", "Strategy": "Plain", "Partial Mode": "Simple", "Parallel Aware": false, "Async Capable": false, "Startup Cost": 7619.21, "Total Cost": 7619.22, "Plan Rows": 1, "Plan Width": 8, "Actual Rows": 1, "Actual Loops": 1, "Plans": [{"Node Type": "Merge Join", "Parent Relationship": "Outer", "Parallel Aware": false, "Async Capable": false, "Join Type": "Inner", "Startup Cost": 2.38, "Total Cost": 7494.87, "Plan Rows": 4005.0, "Plan Width": 0, "Actual Rows": 788848, "Actual Loops": 1, "Inner Unique": false, "Merge Cond": "(u.id = v.userid)", "Plans": [{"Node Type": "Merge Join", "Parent Relationship": "Outer", "Parallel Aware": false, "Async Capable": false, "Join Type": "Inner", "Startup Cost": 0.58, "Total Cost": 6537.42, "Plan Rows": 43.0, "Plan Width": 8, "Actual Rows": 19344, "Actual Loops": 1, "Inner Unique": true, "Merge Cond": "(p.owneruserid = u.id)", "Plans": [{"Node Type": "Index Scan", "Parent Relationship": "Outer", "Parallel Aware": false, "Async Capable": false, "Scan Direction": "Forward", "Index Name": "idx_posts_owneruserid", "Relation Name": "posts", "Alias": "p", "Startup Cost": 0.29, "Total Cost": 4553.55, "Plan Rows": 42526, "Plan Width": 4, "Actual Rows": 24508, "Actual Loops": 1, "Filter": "((score <= 21) AND (answercount <= 21))", "Rows Removed by Filter": 39987}, {"Node Type": "Index Scan", "Parent Relationship": "Inner", "Parallel Aware": false, "Async Capable": false, "Scan Direction": "Forward", "Index Name": "users_pkey", "Relation Name": "users", "Alias": "u", "Startup Cost": 0.29, "Total Cost": 1457.98, "Plan Rows": 38036, "Plan Width": 4, "Actual Rows": 15422, "Actual Loops": 1, "Filter": "(creationdate >= '2011-03-08 06:08:13'::timestamp without time zone)", "Rows Removed by Filter": 2294}]}, {"Node Type": "Materialize", "Parent Relationship": "Inner", "Parallel Aware": false, "Async Capable": false, "Startup Cost": 1.79, "Total Cost": 6405.87, "Plan Rows": 97212.0, "Plan Width": 8, "Actual Rows": 956114, "Actual Loops": 1, "Plans": [{"Node Type": "Merge Join", "Parent Relationship": "Outer", "Parallel Aware": false, "Async Capable": false, "Join Type": "Inner", "Startup Cost": 1.79, "Total Cost": 6060.52, "Plan Rows": 97212.0, "Plan Width": 8, "Actual Rows": 244911, "Actual Loops": 1, "Inner Unique": false, "Merge Cond": "(b.userid = v.userid)", "Plans": [{"Node Type": "Index Scan", "Parent Relationship": "Outer", "Parallel Aware": false, "Async Capable": false, "Scan Direction": "Forward", "Index Name": "idx_badges_userid", "Relation Name": "badges", "Alias": "b", "Startup Cost": 0.29, "Total Cost": 3264.6, "Plan Rows": 21225, "Plan Width": 4, "Actual Rows": 21193, "Actual Loops": 1, "Filter": "((date >= '2010-12-18 12:15:15'::timestamp without time zone) AND (date <= '2012-09-27 12:26:15'::timestamp without time zone))", "Rows Removed by Filter": 58658}, {"Node Type": "Index Scan", "Parent Relationship": "Inner", "Parallel Aware": false, "Async Capable": false, "Scan Direction": "Forward", "Index Name": "idx_votes_userid", "Relation Name": "votes", "Alias": "v", "Startup Cost": 0.42, "Total Cost": 12422.47, "Plan Rows": 178981, "Plan Width": 4, "Actual Rows": 248363, "Actual Loops": 1, "Filter": "(creationdate <= '2013-04-19 05:02:19'::timestamp without time zone)", "Rows Removed by Filter": 79323}]}]}]}]}, "Planning Time": 2.779, "Triggers": [], "Execution Time": 302.819}, {"Plan": {"Node Type": "Aggregate", "Strategy": "Plain", "Partial Mode": "Simple", "Parallel Aware": false, "Async Capable": false, "Startup Cost": 6945.72, "Total Cost": 6945.73, "Plan Rows": 1, "Plan Width": 8, "Actual Rows": 1, "Actual Loops": 1, "Plans": [{"Node Type": "Hash Join", "Parent Relationship": "Outer", "Parallel Aware": false, "Async Capable": false, "Join Type": "Inner", "Startup Cost": 4746.31, "Total Cost": 6821.38, "Plan Rows": 4005.0, "Plan Width": 0, "Actual Rows": 788848, "Actual Loops": 1, "Inner Unique": false, "Hash Cond": "(b.userid = u.id)", "Plans": [{"Node Type": "Seq Scan", "Parent Relationship": "Outer", "Parallel Aware": false, "Async Capable": false, "Relation Name": "badges", "Alias": "b", "Startup Cost": 0.0, "Total Cost": 1629.76, "Plan Rows": 21225, "Plan Width": 4, "Actual Rows": 21193, "Actual Loops": 1, "Filter": "((date >= '2010-12-18 12:15:15'::timestamp without time zone) AND (date <= '2012-09-27 12:26:15'::timestamp without time zone))", "Rows Removed by Filter": 58658}, {"Node Type": "Hash", "Parent Relationship": "Inner", "Parallel Aware": false, "Async Capable": false, "Startup Cost": 3940.81, "Total Cost": 3940.81, "Plan Rows": 521.0, "Plan Width": 12, "Actual Rows": 83574, "Actual Loops": 1, "Hash Buckets": 131072, "Original Hash Buckets": 65536, "Hash Batches": 1, "Original Hash Batches": 1, "Peak Memory Usage": 4616, "Plans": [{"Node Type": "Merge Join", "Parent Relationship": "Outer", "Parallel Aware": false, "Async Capable": false, "Join Type": "Inner", "Startup Cost": 1.0, "Total Cost": 3940.81, "Plan Rows": 521.0, "Plan Width": 12, "Actual Rows": 83574, "Actual Loops": 1, "Inner Unique": true, "Merge Cond": "(v.userid = u.id)", "Plans": [{"Node Type": "Merge Join", "Parent Relationship": "Outer", "Parallel Aware": false, "Async Capable": false, "Join Type": "Inner", "Startup Cost": 0.71, "Total Cost": 14863.84, "Plan Rows": 1210.0, "Plan Width": 8, "Actual Rows": 215235, "Actual Loops": 1, "Inner Unique": false, "Merge Cond": "(p.owneruserid = v.userid)", "Plans": [{"Node Type": "Index Scan", "Parent Relationship": "Outer", "Parallel Aware": false, "Async Capable": false, "Scan Direction": "Forward", "Index Name": "idx_posts_owneruserid", "Relation Name": "posts", "Alias": "p", "Startup Cost": 0.29, "Total Cost": 4553.55, "Plan Rows": 42526, "Plan Width": 4, "Actual Rows": 28577, "Actual Loops": 1, "Filter": "((score <= 21) AND (answercount <= 21))", "Rows Removed by Filter": 42994}, {"Node Type": "Materialize", "Parent Relationship": "Inner", "Parallel Aware": false, "Async Capable": false, "Startup Cost": 0.42, "Total Cost": 12869.93, "Plan Rows": 178981, "Plan Width": 4, "Actual Rows": 218910, "Actual Loops": 1, "Plans": [{"Node Type": "Index Scan", "Parent Relationship": "Outer", "Parallel Aware": false, "Async Capable": false, "Scan Direction": "Forward", "Index Name": "idx_votes_userid", "Relation Name": "votes", "Alias": "v", "Startup Cost": 0.42, "Total Cost": 12422.47, "Plan Rows": 178981, "Plan Width": 4, "Actual Rows": 17222, "Actual Loops": 1, "Filter": "(creationdate <= '2013-04-19 05:02:19'::timestamp without time zone)", "Rows Removed by Filter": 17568}]}]}, {"Node Type": "Index Scan", "Parent Relationship": "Inner", "Parallel Aware": false, "Async Capable": false, "Scan Direction": "Forward", "Index Name": "users_pkey", "Relation Name": "users", "Alias": "u", "Startup Cost": 0.29, "Total Cost": 1457.98, "Plan Rows": 38036, "Plan Width": 4, "Actual Rows": 16232, "Actual Loops": 1, "Filter": "(creationdate >= '2011-03-08 06:08:13'::timestamp without time zone)", "Rows Removed by Filter": 2295}]}]}]}]}, "Planning Time": 2.892, "Triggers": [], "Execution Time": 212.135}, {"Plan": {"Node Type": "Aggregate", "Strategy": "Plain", "Partial Mode": "Simple", "Parallel Aware": false, "Async Capable": false, "Startup Cost": 4699.72, "Total Cost": 4699.73, "Plan Rows": 1, "Plan Width": 8, "Actual Rows": 1, "Actual Loops": 1, "Plans": [{"Node Type": "Nested Loop", "Parent Relationship": "Outer", "Parallel Aware": false, "Async Capable": false, "Join Type": "Inner", "Startup Cost": 2.39, "Total Cost": 4575.38, "Plan Rows": 4005.0, "Plan Width": 0, "Actual Rows": 788848, "Actual Loops": 1, "Inner Unique": false, "Join Filter": "(p.owneruserid = u.id)", "Rows Removed by Join Filter": 0, "Plans": [{"Node Type": "Merge Join", "Parent Relationship": "Outer", "Parallel Aware": false, "Async Capable": false, "Join Type": "Inner", "Startup Cost": 2.08, "Total Cost": 2369.91, "Plan Rows": 48201.0, "Plan Width": 12, "Actual Rows": 85253, "Actual Loops": 1, "Inner Unique": true, "Merge Cond": "(v.userid = u.id)", "Plans": [{"Node Type": "Merge Join", "Parent Relationship": "Outer", "Parallel Aware": false, "Async Capable": false, "Join Type": "Inner", "Startup Cost": 1.79, "Total Cost": 6060.52, "Plan Rows": 97212.0, "Plan Width": 8, "Actual Rows": 244911, "Actual Loops": 1, "Inner Unique": false, "Merge Cond": "(b.userid = v.userid)", "Plans": [{"Node Type": "Index Scan", "Parent Relationship": "Outer", "Parallel Aware": false, "Async Capable": false, "Scan Direction": "Forward", "Index Name": "idx_badges_userid", "Relation Name": "badges", "Alias": "b", "Startup Cost": 0.29, "Total Cost": 3264.6, "Plan Rows": 21225, "Plan Width": 4, "Actual Rows": 21193, "Actual Loops": 1, "Filter": "((date >= '2010-12-18 12:15:15'::timestamp without time zone) AND (date <= '2012-09-27 12:26:15'::timestamp without time zone))", "Rows Removed by Filter": 58658}, {"Node Type": "Index Scan", "Parent Relationship": "Inner", "Parallel Aware": false, "Async Capable": false, "Scan Direction": "Forward", "Index Name": "idx_votes_userid", "Relation Name": "votes", "Alias": "v", "Startup Cost": 0.42, "Total Cost": 12422.47, "Plan Rows": 178981, "Plan Width": 4, "Actual Rows": 248363, "Actual Loops": 1, "Filter": "(creationdate <= '2013-04-19 05:02:19'::timestamp without time zone)", "Rows Removed by Filter": 79323}]}, {"Node Type": "Index Scan", "Parent Relationship": "Inner", "Parallel Aware": false, "Async Capable": false, "Scan Direction": "Forward", "Index Name": "users_pkey", "Relation Name": "users", "Alias": "u", "Startup Cost": 0.29, "Total Cost": 1457.98, "Plan Rows": 38036, "Plan Width": 4, "Actual Rows": 15421, "Actual Loops": 1, "Filter": "(creationdate >= '2011-03-08 06:08:13'::timestamp without time zone)", "Rows Removed by Filter": 2294}]}, {"Node Type": "Memoize", "Parent Relationship": "Inner", "Parallel Aware": false, "Async Capable": false, "Startup Cost": 0.3, "Total Cost": 0.41, "Plan Rows": 2, "Plan Width": 4, "Actual Rows": 9, "Actual Loops": 85253, "Cache Key": "v.userid", "Cache Mode": "logical", "Cache Hits": 84215, "Cache Misses": 1038, "Cache Evictions": 0, "Cache Overflows": 0, "Peak Memory Usage": 243, "Plans": [{"Node Type": "Index Scan", "Parent Relationship": "Outer", "Parallel Aware": false, "Async Capable": false, "Scan Direction": "Forward", "Index Name": "idx_posts_owneruserid", "Relation Name": "posts", "Alias": "p", "Startup Cost": 0.29, "Total Cost": 0.4, "Plan Rows": 2, "Plan Width": 4, "Actual Rows": 5, "Actual Loops": 1038, "Index Cond": "(owneruserid = v.userid)", "Rows Removed by Index Recheck": 0, "Filter": "((score <= 21) AND (answercount <= 21))", "Rows Removed by Filter": 10}]}]}]}, "Planning Time": 2.79, "Triggers": [], "Execution Time": 235.395}, {"Plan": {"Node Type": "Aggregate", "Strategy": "Plain", "Partial Mode": "Simple", "Parallel Aware": false, "Async Capable": false, "Startup Cost": 6768.79, "Total Cost": 6768.8, "Plan Rows": 1, "Plan Width": 8, "Actual Rows": 1, "Actual Loops": 1, "Plans": [{"Node Type": "Merge Join", "Parent Relationship": "Outer", "Parallel Aware": false, "Async Capable": false, "Join Type": "Inner", "Startup Cost": 4393.06, "Total Cost": 6644.45, "Plan Rows": 4005.0, "Plan Width": 0, "Actual Rows": 788848, "Actual Loops": 1, "Inner Unique": false, "Merge Cond": "(v.userid = u.id)", "Plans": [{"Node Type": "Merge Join", "Parent Relationship": "Outer", "Parallel Aware": false, "Async Capable": false, "Join Type": "Inner", "Startup Cost": 0.71, "Total Cost": 14863.84, "Plan Rows": 1210.0, "Plan Width": 8, "Actual Rows": 215211, "Actual Loops": 1, "Inner Unique": false, "Merge Cond": "(p.owneruserid = v.userid)", "Plans": [{"Node Type": "Index Scan", "Parent Relationship": "Outer", "Parallel Aware": false, "Async Capable": false, "Scan Direction": "Forward", "Index Name": "idx_posts_owneruserid", "Relation Name": "posts", "Alias": "p", "Startup Cost": 0.29, "Total Cost": 4553.55, "Plan Rows": 42526, "Plan Width": 4, "Actual Rows": 25290, "Actual Loops": 1, "Filter": "((score <= 21) AND (answercount <= 21))", "Rows Removed by Filter": 40513}, {"Node Type": "Materialize", "Parent Relationship": "Inner", "Parallel Aware": false, "Async Capable": false, "Startup Cost": 0.42, "Total Cost": 12869.93, "Plan Rows": 178981, "Plan Width": 4, "Actual Rows": 218881, "Actual Loops": 1, "Plans": [{"Node Type": "Index Scan", "Parent Relationship": "Outer", "Parallel Aware": false, "Async Capable": false, "Scan Direction": "Forward", "Index Name": "idx_votes_userid", "Relation Name": "votes", "Alias": "v", "Startup Cost": 0.42, "Total Cost": 12422.47, "Plan Rows": 178981, "Plan Width": 4, "Actual Rows": 17217, "Actual Loops": 1, "Filter": "(creationdate <= '2013-04-19 05:02:19'::timestamp without time zone)", "Rows Removed by Filter": 10390}]}]}, {"Node Type": "Sort", "Parent Relationship": "Inner", "Parallel Aware": false, "Async Capable": false, "Startup Cost": 4392.35, "Total Cost": 4442.4, "Plan Rows": 2836.0, "Plan Width": 8, "Actual Rows": 798822, "Actual Loops": 1, "Sort Key": ["b.userid"], "Sort Method": "quicksort", "Sort Space Used": 845, "Sort Space Type": "Memory", "Plans": [{"Node Type": "Hash Join", "Parent Relationship": "Outer", "Parallel Aware": false, "Async Capable": false, "Join Type": "Inner", "Startup Cost": 1276.51, "Total Cost": 2962.0, "Plan Rows": 2836.0, "Plan Width": 8, "Actual Rows": 14739, "Actual Loops": 1, "Inner Unique": true, "Hash Cond": "(b.userid = u.id)", "Plans": [{"Node Type": "Seq Scan", "Parent Relationship": "Outer", "Parallel Aware": false, "Async Capable": false, "Relation Name": "badges", "Alias": "b", "Startup Cost": 0.0, "Total Cost": 1629.76, "Plan Rows": 21225, "Plan Width": 4, "Actual Rows": 21193, "Actual Loops": 1, "Filter": "((date >= '2010-12-18 12:15:15'::timestamp without time zone) AND (date <= '2012-09-27 12:26:15'::timestamp without time zone))", "Rows Removed by Filter": 58658}, {"Node Type": "Hash", "Parent Relationship": "Inner", "Parallel Aware": false, "Async Capable": false, "Startup Cost": 801.06, "Total Cost": 801.06, "Plan Rows": 38036, "Plan Width": 4, "Actual Rows": 38030, "Actual Loops": 1, "Hash Buckets": 65536, "Original Hash Buckets": 65536, "Hash Batches": 1, "Original Hash Batches": 1, "Peak Memory Usage": 1849, "Plans": [{"Node Type": "Seq Scan", "Parent Relationship": "Outer", "Parallel Aware": false, "Async Capable": false, "Relation Name": "users", "Alias": "u", "Startup Cost": 0.0, "Total Cost": 801.06, "Plan Rows": 38036, "Plan Width": 4, "Actual Rows": 38030, "Actual Loops": 1, "Filter": "(creationdate >= '2011-03-08 06:08:13'::timestamp without time zone)", "Rows Removed by Filter": 2295}]}]}]}]}]}, "Planning Time": 2.913, "Triggers": [], "Execution Time": 203.651}, {"Plan": {"Node Type": "Aggregate", "Strategy": "Plain", "Partial Mode": "Simple", "Parallel Aware": false, "Async Capable": false, "Startup Cost": 20044.46, "Total Cost": 20044.47, "Plan Rows": 1, "Plan Width": 8, "Actual Rows": 1, "Actual Loops": 1, "Plans": [{"Node Type": "Merge Join", "Parent Relationship": "Outer", "Parallel Aware": false, "Async Capable": false, "Join Type": "Inner", "Startup Cost": 1.31, "Total Cost": 19920.12, "Plan Rows": 4005.0, "Plan Width": 0, "Actual Rows": 788848, "Actual Loops": 1, "Inner Unique": false, "Merge Cond": "(u.id = p.owneruserid)", "Plans": [{"Node Type": "Merge Join", "Parent Relationship": "Outer", "Parallel Aware": false, "Async Capable": false, "Join Type": "Inner", "Startup Cost": 0.71, "Total Cost": 3093.02, "Plan Rows": 8206.0, "Plan Width": 8, "Actual Rows": 10051, "Actual Loops": 1, "Inner Unique": true, "Merge Cond": "(v.userid = u.id)", "Plans": [{"Node Type": "Index Scan", "Parent Relationship": "Outer", "Parallel Aware": false, "Async Capable": false, "Scan Direction": "Forward", "Index Name": "idx_votes_userid", "Relation Name": "votes", "Alias": "v", "Startup Cost": 0.42, "Total Cost": 12422.47, "Plan Rows": 178981, "Plan Width": 4, "Actual Rows": 17217, "Actual Loops": 1, "Filter": "(creationdate <= '2013-04-19 05:02:19'::timestamp without time zone)", "Rows Removed by Filter": 10390}, {"Node Type": "Index Scan", "Parent Relationship": "Inner", "Parallel Aware": false, "Async Capable": false, "Scan Direction": "Forward", "Index Name": "users_pkey", "Relation Name": "users", "Alias": "u", "Startup Cost": 0.29, "Total Cost": 1457.98, "Plan Rows": 38036, "Plan Width": 4, "Actual Rows": 16232, "Actual Loops": 1, "Filter": "(creationdate >= '2011-03-08 06:08:13'::timestamp without time zone)", "Rows Removed by Filter": 2295}]}, {"Node Type": "Materialize", "Parent Relationship": "Inner", "Parallel Aware": false, "Async Capable": false, "Startup Cost": 0.59, "Total Cost": 14025.2, "Plan Rows": 509.0, "Plan Width": 8, "Actual Rows": 873374, "Actual Loops": 1, "Plans": [{"Node Type": "Nested Loop", "Parent Relationship": "Outer", "Parallel Aware": false, "Async Capable": false, "Join Type": "Inner", "Startup Cost": 0.59, "Total Cost": 12937.07, "Plan Rows": 509.0, "Plan Width": 8, "Actual Rows": 124811, "Actual Loops": 1, "Inner Unique": false, "Plans": [{"Node Type": "Index Scan", "Parent Relationship": "Outer", "Parallel Aware": false, "Async Capable": false, "Scan Direction": "Forward", "Index Name": "idx_badges_userid", "Relation Name": "badges", "Alias": "b", "Startup Cost": 0.29, "Total Cost": 3264.6, "Plan Rows": 21225, "Plan Width": 4, "Actual Rows": 21193, "Actual Loops": 1, "Filter": "((date >= '2010-12-18 12:15:15'::timestamp without time zone) AND (date <= '2012-09-27 12:26:15'::timestamp without time zone))", "Rows Removed by Filter": 58658}, {"Node Type": "Memoize", "Parent Relationship": "Inner", "Parallel Aware": false, "Async Capable": false, "Startup Cost": 0.3, "Total Cost": 0.58, "Plan Rows": 2, "Plan Width": 4, "Actual Rows": 6, "Actual Loops": 21193, "Cache Key": "b.userid", "Cache Mode": "logical", "Cache Hits": 13967, "Cache Misses": 7226, "Cache Evictions": 0, "Cache Overflows": 0, "Peak Memory Usage": 1061, "Plans": [{"Node Type": "Index Scan", "Parent Relationship": "Outer", "Parallel Aware": false, "Async Capable": false, "Scan Direction": "Forward", "Index Name": "idx_posts_owneruserid", "Relation Name": "posts", "Alias": "p", "Startup Cost": 0.29, "Total Cost": 0.57, "Plan Rows": 2, "Plan Width": 4, "Actual Rows": 2, "Actual Loops": 7226, "Index Cond": "(owneruserid = b.userid)", "Rows Removed by Index Recheck": 0, "Filter": "((score <= 21) AND (answercount <= 21))", "Rows Removed by Filter": 5}]}]}]}]}]}, "Planning Time": 2.933, "Triggers": [], "Execution Time": 223.042}, {"Plan": {"Node Type": "Aggregate", "Strategy": "Plain", "Partial Mode": "Simple", "Parallel Aware": false, "Async Capable": false, "Startup Cost": 7330.8, "Total Cost": 7330.81, "Plan Rows": 1, "Plan Width": 8, "Actual Rows": 1, "Actual Loops": 1, "Plans": [{"Node Type": "Nested Loop", "Parent Relationship": "Outer", "Parallel Aware": false, "Async Capable": false, "Join Type": "Inner", "Startup Cost": 1.31, "Total Cost": 7206.46, "Plan Rows": 4005.0, "Plan Width": 0, "Actual Rows": 788848, "Actual Loops": 1, "Inner Unique": false, "Join Filter": "(b.userid = u.id)", "Rows Removed by Join Filter": 0, "Plans": [{"Node Type": "Merge Join", "Parent Relationship": "Outer", "Parallel Aware": false, "Async Capable": false, "Join Type": "Inner", "Startup Cost": 1.0, "Total Cost": 3940.81, "Plan Rows": 521.0, "Plan Width": 12, "Actual Rows": 83574, "Actual Loops": 1, "Inner Unique": true, "Merge Cond": "(v.userid = u.id)", "Plans": [{"Node Type": "Merge Join", "Parent Relationship": "Outer", "Parallel Aware": false, "Async Capable": false, "Join Type": "Inner", "Startup Cost": 0.71, "Total Cost": 14863.84, "Plan Rows": 1210.0, "Plan Width": 8, "Actual Rows": 215235, "Actual Loops": 1, "Inner Unique": false, "Merge Cond": "(p.owneruserid = v.userid)", "Plans": [{"Node Type": "Index Scan", "Parent Relationship": "Outer", "Parallel Aware": false, "Async Capable": false, "Scan Direction": "Forward", "Index Name": "idx_posts_owneruserid", "Relation Name": "posts", "Alias": "p", "Startup Cost": 0.29, "Total Cost": 4553.55, "Plan Rows": 42526, "Plan Width": 4, "Actual Rows": 28577, "Actual Loops": 1, "Filter": "((score <= 21) AND (answercount <= 21))", "Rows Removed by Filter": 42994}, {"Node Type": "Materialize", "Parent Relationship": "Inner", "Parallel Aware": false, "Async Capable": false, "Startup Cost": 0.42, "Total Cost": 12869.93, "Plan Rows": 178981, "Plan Width": 4, "Actual Rows": 218910, "Actual Loops": 1, "Plans": [{"Node Type": "Index Scan", "Parent Relationship": "Outer", "Parallel Aware": false, "Async Capable": false, "Scan Direction": "Forward", "Index Name": "idx_votes_userid", "Relation Name": "votes", "Alias": "v", "Startup Cost": 0.42, "Total Cost": 12422.47, "Plan Rows": 178981, "Plan Width": 4, "Actual Rows": 17222, "Actual Loops": 1, "Filter": "(creationdate <= '2013-04-19 05:02:19'::timestamp without time zone)", "Rows Removed by Filter": 17568}]}]}, {"Node Type": "Index Scan", "Parent Relationship": "Inner", "Parallel Aware": false, "Async Capable": false, "Scan Direction": "Forward", "Index Name": "users_pkey", "Relation Name": "users", "Alias": "u", "Startup Cost": 0.29, "Total Cost": 1457.98, "Plan Rows": 38036, "Plan Width": 4, "Actual Rows": 16232, "Actual Loops": 1, "Filter": "(creationdate >= '2011-03-08 06:08:13'::timestamp without time zone)", "Rows Removed by Filter": 2295}]}, {"Node Type": "Memoize", "Parent Relationship": "Inner", "Parallel Aware": false, "Async Capable": false, "Startup Cost": 0.3, "Total Cost": 0.38, "Plan Rows": 1, "Plan Width": 4, "Actual Rows": 9, "Actual Loops": 83574, "Cache Key": "v.userid", "Cache Mode": "logical", "Cache Hits": 82427, "Cache Misses": 1147, "Cache Evictions": 0, "Cache Overflows": 0, "Peak Memory Usage": 235, "Plans": [{"Node Type": "Index Scan", "Parent Relationship": "Outer", "Parallel Aware": false, "Async Capable": false, "Scan Direction": "Forward", "Index Name": "idx_badges_userid", "Relation Name": "badges", "Alias": "b", "Startup Cost": 0.29, "Total Cost": 0.37, "Plan Rows": 1, "Plan Width": 4, "Actual Rows": 4, "Actual Loops": 1147, "Index Cond": "(userid = v.userid)", "Rows Removed by Index Recheck": 0, "Filter": "((date >= '2010-12-18 12:15:15'::timestamp without time zone) AND (date <= '2012-09-27 12:26:15'::timestamp without time zone))", "Rows Removed by Filter": 6}]}]}]}, "Planning Time": 2.817, "Triggers": [], "Execution Time": 191.402}, {"Plan": {"Node Type": "Aggregate", "Strategy": "Plain", "Partial Mode": "Simple", "Parallel Aware": false, "Async Capable": false, "Startup Cost": 14698.87, "Total Cost": 14698.88, "Plan Rows": 1, "Plan Width": 8, "Actual Rows": 1, "Actual Loops": 1, "Plans": [{"Node Type": "Merge Join", "Parent Relationship": "Outer", "Parallel Aware": false, "Async Capable": false, "Join Type": "Inner", "Startup Cost": 4393.06, "Total Cost": 14574.53, "Plan Rows": 4005.0, "Plan Width": 0, "Actual Rows": 788848, "Actual Loops": 1, "Inner Unique": false, "Merge Cond": "(v.userid = u.id)", "Plans": [{"Node Type": "Index Scan", "Parent Relationship": "Outer", "Parallel Aware": false, "Async Capable": false, "Scan Direction": "Forward", "Index Name": "idx_votes_userid", "Relation Name": "votes", "Alias": "v", "Startup Cost": 0.42, "Total Cost": 12422.47, "Plan Rows": 178981, "Plan Width": 4, "Actual Rows": 17217, "Actual Loops": 1, "Filter": "(creationdate <= '2013-04-19 05:02:19'::timestamp without time zone)", "Rows Removed by Filter": 10390}, {"Node Type": "Materialize", "Parent Relationship": "Inner", "Parallel Aware": false, "Async Capable": false, "Startup Cost": 4392.64, "Total Cost": 10304.38, "Plan Rows": 215.0, "Plan Width": 12, "Actual Rows": 809706, "Actual Loops": 1, "Plans": [{"Node Type": "Merge Join", "Parent Relationship": "Outer", "Parallel Aware": false, "Async Capable": false, "Join Type": "Inner", "Startup Cost": 4392.64, "Total Cost": 9293.55, "Plan Rows": 215.0, "Plan Width": 12, "Actual Rows": 61143, "Actual Loops": 1, "Inner Unique": false, "Merge Cond": "(p.owneruserid = u.id)", "Plans": [{"Node Type": "Index Scan", "Parent Relationship": "Outer", "Parallel Aware": false, "Async Capable": false, "Scan Direction": "Forward", "Index Name": "idx_posts_owneruserid", "Relation Name": "posts", "Alias": "p", "Startup Cost": 0.29, "Total Cost": 4553.55, "Plan Rows": 42526, "Plan Width": 4, "Actual Rows": 24508, "Actual Loops": 1, "Filter": "((score <= 21) AND (answercount <= 21))", "Rows Removed by Filter": 39987}, {"Node Type": "Sort", "Parent Relationship": "Inner", "Parallel Aware": false, "Async Capable": false, "Startup Cost": 4392.35, "Total Cost": 4442.4, "Plan Rows": 2836.0, "Plan Width": 8, "Actual Rows": 63948, "Actual Loops": 1, "Sort Key": ["b.userid"], "Sort Method": "quicksort", "Sort Space Used": 845, "Sort Space Type": "Memory", "Plans": [{"Node Type": "Hash Join", "Parent Relationship": "Outer", "Parallel Aware": false, "Async Capable": false, "Join Type": "Inner", "Startup Cost": 1276.51, "Total Cost": 2962.0, "Plan Rows": 2836.0, "Plan Width": 8, "Actual Rows": 14739, "Actual Loops": 1, "Inner Unique": true, "Hash Cond": "(b.userid = u.id)", "Plans": [{"Node Type": "Seq Scan", "Parent Relationship": "Outer", "Parallel Aware": false, "Async Capable": false, "Relation Name": "badges", "Alias": "b", "Startup Cost": 0.0, "Total Cost": 1629.76, "Plan Rows": 21225, "Plan Width": 4, "Actual Rows": 21193, "Actual Loops": 1, "Filter": "((date >= '2010-12-18 12:15:15'::timestamp without time zone) AND (date <= '2012-09-27 12:26:15'::timestamp without time zone))", "Rows Removed by Filter": 58658}, {"Node Type": "Hash", "Parent Relationship": "Inner", "Parallel Aware": false, "Async Capable": false, "Startup Cost": 801.06, "Total Cost": 801.06, "Plan Rows": 38036, "Plan Width": 4, "Actual Rows": 38030, "Actual Loops": 1, "Hash Buckets": 65536, "Original Hash Buckets": 65536, "Hash Batches": 1, "Original Hash Batches": 1, "Peak Memory Usage": 1849, "Plans": [{"Node Type": "Seq Scan", "Parent Relationship": "Outer", "Parallel Aware": false, "Async Capable": false, "Relation Name": "users", "Alias": "u", "Startup Cost": 0.0, "Total Cost": 801.06, "Plan Rows": 38036, "Plan Width": 4, "Actual Rows": 38030, "Actual Loops": 1, "Filter": "(creationdate >= '2011-03-08 06:08:13'::timestamp without time zone)", "Rows Removed by Filter": 2295}]}]}]}]}]}]}]}, "Planning Time": 2.836, "Triggers": [], "Execution Time": 186.395}, {"Plan": {"Node Type": "Aggregate", "Strategy": "Plain", "Partial Mode": "Simple", "Parallel Aware": false, "Async Capable": false, "Startup Cost": 3521.06, "Total Cost": 3521.07, "Plan Rows": 1, "Plan Width": 8, "Actual Rows": 1, "Actual Loops": 1, "Plans": [{"Node Type": "Merge Join", "Parent Relationship": "Outer", "Parallel Aware": false, "Async Capable": false, "Join Type": "Inner", "Startup Cost": 2.62, "Total Cost": 3396.72, "Plan Rows": 4005.0, "Plan Width": 0, "Actual Rows": 788848, "Actual Loops": 1, "Inner Unique": false, "Merge Cond": "(u.id = v.userid)", "Plans": [{"Node Type": "Index Scan", "Parent Relationship": "Outer", "Parallel Aware": false, "Async Capable": false, "Scan Direction": "Forward", "Index Name": "users_pkey", "Relation Name": "users", "Alias": "u", "Startup Cost": 0.29, "Total Cost": 1457.98, "Plan Rows": 38036, "Plan Width": 4, "Actual Rows": 15422, "Actual Loops": 1, "Filter": "(creationdate >= '2011-03-08 06:08:13'::timestamp without time zone)", "Rows Removed by Filter": 2294}, {"Node Type": "Materialize", "Parent Relationship": "Inner", "Parallel Aware": false, "Async Capable": false, "Startup Cost": 2.33, "Total Cost": 11464.4, "Plan Rows": 8429.0, "Plan Width": 12, "Actual Rows": 5209447, "Actual Loops": 1, "Plans": [{"Node Type": "Merge Join", "Parent Relationship": "Outer", "Parallel Aware": false, "Async Capable": false, "Join Type": "Inner", "Startup Cost": 2.33, "Total Cost": 10217.88, "Plan Rows": 8429.0, "Plan Width": 12, "Actual Rows": 5209447, "Actual Loops": 1, "Inner Unique": false, "Merge Cond": "(b.userid = v.userid)", "Plans": [{"Node Type": "Index Scan", "Parent Relationship": "Outer", "Parallel Aware": false, "Async Capable": false, "Scan Direction": "Forward", "Index Name": "idx_badges_userid", "Relation Name": "badges", "Alias": "b", "Startup Cost": 0.29, "Total Cost": 3264.6, "Plan Rows": 21225, "Plan Width": 4, "Actual Rows": 21193, "Actual Loops": 1, "Filter": "((date >= '2010-12-18 12:15:15'::timestamp without time zone) AND (date <= '2012-09-27 12:26:15'::timestamp without time zone))", "Rows Removed by Filter": 58658}, {"Node Type": "Materialize", "Parent Relationship": "Inner", "Parallel Aware": false, "Async Capable": false, "Startup Cost": 0.71, "Total Cost": 16478.86, "Plan Rows": 1210.0, "Plan Width": 8, "Actual Rows": 5231727, "Actual Loops": 1, "Plans": [{"Node Type": "Merge Join", "Parent Relationship": "Outer", "Parallel Aware": false, "Async Capable": false, "Join Type": "Inner", "Startup Cost": 0.71, "Total Cost": 14863.84, "Plan Rows": 1210.0, "Plan Width": 8, "Actual Rows": 215211, "Actual Loops": 1, "Inner Unique": false, "Merge Cond": "(p.owneruserid = v.userid)", "Plans": [{"Node Type": "Index Scan", "Parent Relationship": "Outer", "Parallel Aware": false, "Async Capable": false, "Scan Direction": "Forward", "Index Name": "idx_posts_owneruserid", "Relation Name": "posts", "Alias": "p", "Startup Cost": 0.29, "Total Cost": 4553.55, "Plan Rows": 42526, "Plan Width": 4, "Actual Rows": 25290, "Actual Loops": 1, "Filter": "((score <= 21) AND (answercount <= 21))", "Rows Removed by Filter": 40513}, {"Node Type": "Materialize", "Parent Relationship": "Inner", "Parallel Aware": false, "Async Capable": false, "Startup Cost": 0.42, "Total Cost": 12869.93, "Plan Rows": 178981, "Plan Width": 4, "Actual Rows": 218881, "Actual Loops": 1, "Plans": [{"Node Type": "Index Scan", "Parent Relationship": "Outer", "Parallel Aware": false, "Async Capable": false, "Scan Direction": "Forward", "Index Name": "idx_votes_userid", "Relation Name": "votes", "Alias": "v", "Startup Cost": 0.42, "Total Cost": 12422.47, "Plan Rows": 178981, "Plan Width": 4, "Actual Rows": 17217, "Actual Loops": 1, "Filter": "(creationdate <= '2013-04-19 05:02:19'::timestamp without time zone)", "Rows Removed by Filter": 10390}]}]}]}]}]}]}]}, "Planning Time": 2.999, "Triggers": [], "Execution Time": 1409.912}, {"Plan": {"Node Type": "Aggregate", "Strategy": "Plain", "Partial Mode": "Simple", "Parallel Aware": false, "Async Capable": false, "Startup Cost": 18272.8, "Total Cost": 18272.81, "Plan Rows": 1, "Plan Width": 8, "Actual Rows": 1, "Actual Loops": 1, "Plans": [{"Node Type": "Hash Join", "Parent Relationship": "Outer", "Parallel Aware": false, "Async Capable": false, "Join Type": "Inner", "Startup Cost": 3316.49, "Total Cost": 18148.46, "Plan Rows": 4005.0, "Plan Width": 0, "Actual Rows": 788848, "Actual Loops": 1, "Inner Unique": false, "Hash Cond": "(p.owneruserid = u.id)", "Plans": [{"Node Type": "Nested Loop", "Parent Relationship": "Outer", "Parallel Aware": false, "Async Capable": false, "Join Type": "Inner", "Startup Cost": 0.3, "Total Cost": 11302.23, "Plan Rows": 509.0, "Plan Width": 8, "Actual Rows": 124811, "Actual Loops": 1, "Inner Unique": false, "Plans": [{"Node Type": "Seq Scan", "Parent Relationship": "Outer", "Parallel Aware": false, "Async Capable": false, "Relation Name": "badges", "Alias": "b", "Startup Cost": 0.0, "Total Cost": 1629.76, "Plan Rows": 21225, "Plan Width": 4, "Actual Rows": 21193, "Actual Loops": 1, "Filter": "((date >= '2010-12-18 12:15:15'::timestamp without time zone) AND (date <= '2012-09-27 12:26:15'::timestamp without time zone))", "Rows Removed by Filter": 58658}, {"Node Type": "Memoize", "Parent Relationship": "Inner", "Parallel Aware": false, "Async Capable": false, "Startup Cost": 0.3, "Total Cost": 0.58, "Plan Rows": 2, "Plan Width": 4, "Actual Rows": 6, "Actual Loops": 21193, "Cache Key": "b.userid", "Cache Mode": "logical", "Cache Hits": 13967, "Cache Misses": 7226, "Cache Evictions": 0, "Cache Overflows": 0, "Peak Memory Usage": 1061, "Plans": [{"Node Type": "Index Scan", "Parent Relationship": "Outer", "Parallel Aware": false, "Async Capable": false, "Scan Direction": "Forward", "Index Name": "idx_posts_owneruserid", "Relation Name": "posts", "Alias": "p", "Startup Cost": 0.29, "Total Cost": 0.57, "Plan Rows": 2, "Plan Width": 4, "Actual Rows": 2, "Actual Loops": 7226, "Index Cond": "(owneruserid = b.userid)", "Rows Removed by Index Recheck": 0, "Filter": "((score <= 21) AND (answercount <= 21))", "Rows Removed by Filter": 5}]}]}, {"Node Type": "Hash", "Parent Relationship": "Inner", "Parallel Aware": false, "Async Capable": false, "Startup Cost": 3093.02, "Total Cost": 3093.02, "Plan Rows": 8206.0, "Plan Width": 8, "Actual Rows": 10055, "Actual Loops": 1, "Hash Buckets": 32768, "Original Hash Buckets": 32768, "Hash Batches": 1, "Original Hash Batches": 1, "Peak Memory Usage": 649, "Plans": [{"Node Type": "Merge Join", "Parent Relationship": "Outer", "Parallel Aware": false, "Async Capable": false, "Join Type": "Inner", "Startup Cost": 0.71, "Total Cost": 3093.02, "Plan Rows": 8206.0, "Plan Width": 8, "Actual Rows": 10055, "Actual Loops": 1, "Inner Unique": true, "Merge Cond": "(v.userid = u.id)", "Plans": [{"Node Type": "Index Scan", "Parent Relationship": "Outer", "Parallel Aware": false, "Async Capable": false, "Scan Direction": "Forward", "Index Name": "idx_votes_userid", "Relation Name": "votes", "Alias": "v", "Startup Cost": 0.42, "Total Cost": 12422.47, "Plan Rows": 178981, "Plan Width": 4, "Actual Rows": 17222, "Actual Loops": 1, "Filter": "(creationdate <= '2013-04-19 05:02:19'::timestamp without time zone)", "Rows Removed by Filter": 17568}, {"Node Type": "Index Scan", "Parent Relationship": "Inner", "Parallel Aware": false, "Async Capable": false, "Scan Direction": "Forward", "Index Name": "users_pkey", "Relation Name": "users", "Alias": "u", "Startup Cost": 0.29, "Total Cost": 1457.98, "Plan Rows": 38036, "Plan Width": 4, "Actual Rows": 19362, "Actual Loops": 1, "Filter": "(creationdate >= '2011-03-08 06:08:13'::timestamp without time zone)", "Rows Removed by Filter": 2295}]}]}]}]}, "Planning Time": 2.929, "Triggers": [], "Execution Time": 187.901}, {"Plan": {"Node Type": "Aggregate", "Strategy": "Plain", "Partial Mode": "Simple", "Parallel Aware": false, "Async Capable": false, "Startup Cost": 7681.45, "Total Cost": 7681.46, "Plan Rows": 1, "Plan Width": 8, "Actual Rows": 1, "Actual Loops": 1, "Plans": [{"Node Type": "Merge Join", "Parent Relationship": "Outer", "Parallel Aware": false, "Async Capable": false, "Join Type": "Inner", "Startup Cost": 2.38, "Total Cost": 7557.11, "Plan Rows": 4005.0, "Plan Width": 0, "Actual Rows": 788848, "Actual Loops": 1, "Inner Unique": false, "Merge Cond": "(v.userid = u.id)", "Plans": [{"Node Type": "Merge Join", "Parent Relationship": "Outer", "Parallel Aware": false, "Async Capable": false, "Join Type": "Inner", "Startup Cost": 1.79, "Total Cost": 6060.52, "Plan Rows": 97212.0, "Plan Width": 8, "Actual Rows": 244911, "Actual Loops": 1, "Inner Unique": false, "Merge Cond": "(b.userid = v.userid)", "Plans": [{"Node Type": "Index Scan", "Parent Relationship": "Outer", "Parallel Aware": false, "Async Capable": false, "Scan Direction": "Forward", "Index Name": "idx_badges_userid", "Relation Name": "badges", "Alias": "b", "Startup Cost": 0.29, "Total Cost": 3264.6, "Plan Rows": 21225, "Plan Width": 4, "Actual Rows": 21193, "Actual Loops": 1, "Filter": "((date >= '2010-12-18 12:15:15'::timestamp without time zone) AND (date <= '2012-09-27 12:26:15'::timestamp without time zone))", "Rows Removed by Filter": 58658}, {"Node Type": "Index Scan", "Parent Relationship": "Inner", "Parallel Aware": false, "Async Capable": false, "Scan Direction": "Forward", "Index Name": "idx_votes_userid", "Relation Name": "votes", "Alias": "v", "Startup Cost": 0.42, "Total Cost": 12422.47, "Plan Rows": 178981, "Plan Width": 4, "Actual Rows": 248363, "Actual Loops": 1, "Filter": "(creationdate <= '2013-04-19 05:02:19'::timestamp without time zone)", "Rows Removed by Filter": 79323}]}, {"Node Type": "Materialize", "Parent Relationship": "Inner", "Parallel Aware": false, "Async Capable": false, "Startup Cost": 0.58, "Total Cost": 6636.18, "Plan Rows": 43.0, "Plan Width": 8, "Actual Rows": 803250, "Actual Loops": 1, "Plans": [{"Node Type": "Merge Join", "Parent Relationship": "Outer", "Parallel Aware": false, "Async Capable": false, "Join Type": "Inner", "Startup Cost": 0.58, "Total Cost": 6537.42, "Plan Rows": 43.0, "Plan Width": 8, "Actual Rows": 19344, "Actual Loops": 1, "Inner Unique": true, "Merge Cond": "(p.owneruserid = u.id)", "Plans": [{"Node Type": "Index Scan", "Parent Relationship": "Outer", "Parallel Aware": false, "Async Capable": false, "Scan Direction": "Forward", "Index Name": "idx_posts_owneruserid", "Relation Name": "posts", "Alias": "p", "Startup Cost": 0.29, "Total Cost": 4553.55, "Plan Rows": 42526, "Plan Width": 4, "Actual Rows": 24508, "Actual Loops": 1, "Filter": "((score <= 21) AND (answercount <= 21))", "Rows Removed by Filter": 39987}, {"Node Type": "Index Scan", "Parent Relationship": "Inner", "Parallel Aware": false, "Async Capable": false, "Scan Direction": "Forward", "Index Name": "users_pkey", "Relation Name": "users", "Alias": "u", "Startup Cost": 0.29, "Total Cost": 1457.98, "Plan Rows": 38036, "Plan Width": 4, "Actual Rows": 15422, "Actual Loops": 1, "Filter": "(creationdate >= '2011-03-08 06:08:13'::timestamp without time zone)", "Rows Removed by Filter": 2294}]}]}]}]}, "Planning Time": 2.871, "Triggers": [], "Execution Time": 265.093}]