[{"Plan": {"Node Type": "Aggregate", "Strategy": "Plain", "Partial Mode": "Simple", "Parallel Aware": false, "Async Capable": false, "Startup Cost": 2238.01, "Total Cost": 2238.02, "Plan Rows": 1, "Plan Width": 8, "Actual Rows": 1, "Actual Loops": 1, "Plans": [{"Node Type": "Nested Loop", "Parent Relationship": "Outer", "Parallel Aware": false, "Async Capable": false, "Join Type": "Inner", "Startup Cost": 1.59, "Total Cost": 2237.08, "Plan Rows": 47.0, "Plan Width": 0, "Actual Rows": 41058, "Actual Loops": 1, "Inner Unique": false, "Join Filter": "(c.userid = u.id)", "Rows Removed by Join Filter": 0, "Plans": [{"Node Type": "Nested Loop", "Parent Relationship": "Outer", "Parallel Aware": false, "Async Capable": false, "Join Type": "Inner", "Startup Cost": 1.3, "Total Cost": 2212.43, "Plan Rows": 473.0, "Plan Width": 16, "Actual Rows": 2734, "Actual Loops": 1, "Inner Unique": false, "Join Filter": "(p.owneruserid = u.id)", "Rows Removed by Join Filter": 0, "Plans": [{"Node Type": "Merge Join", "Parent Relationship": "Outer", "Parallel Aware": false, "Async Capable": false, "Join Type": "Inner", "Startup Cost": 1.0, "Total Cost": 2171.64, "Plan Rows": 23244.0, "Plan Width": 12, "Actual Rows": 8057, "Actual Loops": 1, "Inner Unique": true, "Merge Cond": "(v.userid = u.id)", "Plans": [{"Node Type": "Merge Join", "Parent Relationship": "Outer", "Parallel Aware": false, "Async Capable": false, "Join Type": "Inner", "Startup Cost": 0.71, "Total Cost": 4475.33, "Plan Rows": 129988.0, "Plan Width": 8, "Actual Rows": 17097, "Actual Loops": 1, "Inner Unique": false, "Merge Cond": "(v.userid = b.userid)", "Plans": [{"Node Type": "Index Scan", "Parent Relationship": "Outer", "Parallel Aware": false, "Async Capable": false, "Scan Direction": "Forward", "Index Name": "idx_votes_userid", "Relation Name": "votes", "Alias": "v", "Startup Cost": 0.42, "Total Cost": 12422.47, "Plan Rows": 1738, "Plan Width": 4, "Actual Rows": 870, "Actual Loops": 1, "Filter": "(bountyamount <= 297)", "Rows Removed by Filter": 26245}, {"Node Type": "Index Scan", "Parent Relationship": "Inner", "Parallel Aware": false, "Async Capable": false, "Scan Direction": "Forward", "Index Name": "idx_badges_userid", "Relation Name": "badges", "Alias": "b", "Startup Cost": 0.29, "Total Cost": 3064.97, "Plan Rows": 30132, "Plan Width": 4, "Actual Rows": 41687, "Actual Loops": 1, "Filter": "(date <= '2012-12-29 15:28:13'::timestamp without time zone)", "Rows Removed by Filter": 65826}]}, {"Node Type": "Index Scan", "Parent Relationship": "Inner", "Parallel Aware": false, "Async Capable": false, "Scan Direction": "Forward", "Index Name": "users_pkey", "Relation Name": "users", "Alias": "u", "Startup Cost": 0.29, "Total Cost": 1659.6, "Plan Rows": 15080, "Plan Width": 4, "Actual Rows": 12694, "Actual Loops": 1, "Filter": "((downvotes <= 180) AND (creationdate >= '2010-08-14 08:59:20'::timestamp without time zone) AND (creationdate <= '2013-03-08 18:28:08'::timestamp without time zone))", "Rows Removed by Filter": 688}]}, {"Node Type": "Index Scan", "Parent Relationship": "Inner", "Parallel Aware": false, "Async Capable": false, "Scan Direction": "Forward", "Index Name": "idx_posts_owneruserid", "Relation Name": "posts", "Alias": "p", "Startup Cost": 0.29, "Total Cost": 0.53, "Plan Rows": 1, "Plan Width": 4, "Actual Rows": 0, "Actual Loops": 8057, "Index Cond": "(owneruserid = b.userid)", "Rows Removed by Index Recheck": 0, "Filter": "((score >= 37) AND (score <= 60) AND (creationdate >= '2011-01-11 13:25:49'::timestamp without time zone) AND (creationdate <= '2012-06-01 01:44:43'::timestamp without time zone))", "Rows Removed by Filter": 143}]}, {"Node Type": "Index Scan", "Parent Relationship": "Inner", "Parallel Aware": false, "Async Capable": false, "Scan Direction": "Forward", "Index Name": "idx_comments_userid", "Relation Name": "comments", "Alias": "c", "Startup Cost": 0.29, "Total Cost": 0.76, "Plan Rows": 1, "Plan Width": 4, "Actual Rows": 15, "Actual Loops": 2734, "Index Cond": "(userid = b.userid)", "Rows Removed by Index Recheck": 0, "Filter": "(score = 5)", "Rows Removed by Filter": 1713}]}]}, "Planning Time": 5.09, "Triggers": [], "Execution Time": 1074.916}, {"Plan": {"Node Type": "Aggregate", "Strategy": "Plain", "Partial Mode": "Simple", "Parallel Aware": false, "Async Capable": false, "Startup Cost": 7062.14, "Total Cost": 7062.15, "Plan Rows": 1, "Plan Width": 8, "Actual Rows": 1, "Actual Loops": 1, "Plans": [{"Node Type": "Merge Join", "Parent Relationship": "Outer", "Parallel Aware": false, "Async Capable": false, "Join Type": "Inner", "Startup Cost": 6557.88, "Total Cost": 7061.21, "Plan Rows": 47.0, "Plan Width": 0, "Actual Rows": 41058, "Actual Loops": 1, "Inner Unique": false, "Merge Cond": "(u.id = c.userid)", "Plans": [{"Node Type": "Sort", "Parent Relationship": "Outer", "Parallel Aware": false, "Async Capable": false, "Startup Cost": 3005.39, "Total Cost": 3005.43, "Plan Rows": 3.0, "Plan Width": 8, "Actual Rows": 37, "Actual Loops": 1, "Sort Key": ["p.owneruserid"], "Sort Method": "quicksort", "Sort Space Used": 26, "Sort Space Type": "Memory", "Plans": [{"Node Type": "Nested Loop", "Parent Relationship": "Outer", "Parallel Aware": false, "Async Capable": false, "Join Type": "Inner", "Startup Cost": 0.29, "Total Cost": 3005.07, "Plan Rows": 3.0, "Plan Width": 8, "Actual Rows": 37, "Actual Loops": 1, "Inner Unique": true, "Plans": [{"Node Type": "Seq Scan", "Parent Relationship": "Outer", "Parallel Aware": false, "Async Capable": false, "Relation Name": "posts", "Alias": "p", "Startup Cost": 0.0, "Total Cost": 2679.52, "Plan Rows": 43, "Plan Width": 4, "Actual Rows": 57, "Actual Loops": 1, "Filter": "((score >= 37) AND (score <= 60) AND (creationdate >= '2011-01-11 13:25:49'::timestamp without time zone) AND (creationdate <= '2012-06-01 01:44:43'::timestamp without time zone))", "Rows Removed by Filter": 91919}, {"Node Type": "Index Scan", "Parent Relationship": "Inner", "Parallel Aware": false, "Async Capable": false, "Scan Direction": "Forward", "Index Name": "users_pkey", "Relation Name": "users", "Alias": "u", "Startup Cost": 0.29, "Total Cost": 7.57, "Plan Rows": 1, "Plan Width": 4, "Actual Rows": 1, "Actual Loops": 57, "Index Cond": "(id = p.owneruserid)", "Rows Removed by Index Recheck": 0, "Filter": "((downvotes <= 180) AND (creationdate >= '2010-08-14 08:59:20'::timestamp without time zone) AND (creationdate <= '2013-03-08 18:28:08'::timestamp without time zone))", "Rows Removed by Filter": 0}]}]}, {"Node Type": "Materialize", "Parent Relationship": "Inner", "Parallel Aware": false, "Async Capable": false, "Startup Cost": 3552.5, "Total Cost": 4047.43, "Plan Rows": 13459.0, "Plan Width": 12, "Actual Rows": 341295, "Actual Loops": 1, "Plans": [{"Node Type": "Merge Join", "Parent Relationship": "Outer", "Parallel Aware": false, "Async Capable": false, "Join Type": "Inner", "Startup Cost": 3552.5, "Total Cost": 4030.67, "Plan Rows": 13459.0, "Plan Width": 12, "Actual Rows": 320255, "Actual Loops": 1, "Inner Unique": false, "Merge Cond": "(v.userid = c.userid)", "Plans": [{"Node Type": "Merge Join", "Parent Relationship": "Outer", "Parallel Aware": false, "Async Capable": false, "Join Type": "Inner", "Startup Cost": 0.71, "Total Cost": 4475.33, "Plan Rows": 129988.0, "Plan Width": 8, "Actual Rows": 17097, "Actual Loops": 1, "Inner Unique": false, "Merge Cond": "(v.userid = b.userid)", "Plans": [{"Node Type": "Index Scan", "Parent Relationship": "Outer", "Parallel Aware": false, "Async Capable": false, "Scan Direction": "Forward", "Index Name": "idx_votes_userid", "Relation Name": "votes", "Alias": "v", "Startup Cost": 0.42, "Total Cost": 12422.47, "Plan Rows": 1738, "Plan Width": 4, "Actual Rows": 870, "Actual Loops": 1, "Filter": "(bountyamount <= 297)", "Rows Removed by Filter": 26245}, {"Node Type": "Index Scan", "Parent Relationship": "Inner", "Parallel Aware": false, "Async Capable": false, "Scan Direction": "Forward", "Index Name": "idx_badges_userid", "Relation Name": "badges", "Alias": "b", "Startup Cost": 0.29, "Total Cost": 3064.97, "Plan Rows": 30132, "Plan Width": 4, "Actual Rows": 41687, "Actual Loops": 1, "Filter": "(date <= '2012-12-29 15:28:13'::timestamp without time zone)", "Rows Removed by Filter": 65826}]}, {"Node Type": "Sort", "Parent Relationship": "Inner", "Parallel Aware": false, "Async Capable": false, "Startup Cost": 3551.78, "Total Cost": 3553.34, "Plan Rows": 624, "Plan Width": 4, "Actual Rows": 320445, "Actual Loops": 1, "Sort Key": ["c.userid"], "Sort Method": "quicksort", "Sort Space Used": 25, "Sort Space Type": "Memory", "Plans": [{"Node Type": "Seq Scan", "Parent Relationship": "Outer", "Parallel Aware": false, "Async Capable": false, "Relation Name": "comments", "Alias": "c", "Startup Cost": 0.0, "Total Cost": 3522.81, "Plan Rows": 624, "Plan Width": 4, "Actual Rows": 621, "Actual Loops": 1, "Filter": "(score = 5)", "Rows Removed by Filter": 173684}]}]}]}]}]}, "Planning Time": 5.026, "Triggers": [], "Execution Time": 201.672}, {"Plan": {"Node Type": "Aggregate", "Strategy": "Plain", "Partial Mode": "Simple", "Parallel Aware": false, "Async Capable": false, "Startup Cost": 3583.13, "Total Cost": 3583.14, "Plan Rows": 1, "Plan Width": 8, "Plans": [{"Node Type": "Nested Loop", "Parent Relationship": "Outer", "Parallel Aware": false, "Async Capable": false, "Join Type": "Inner", "Startup Cost": 2682.0, "Total Cost": 3582.2, "Plan Rows": 47.0, "Plan Width": 0, "Inner Unique": true, "Join Filter": "(c.userid = u.id)", "Plans": [{"Node Type": "Nested Loop", "Parent Relationship": "Outer", "Parallel Aware": false, "Async Capable": false, "Join Type": "Inner", "Startup Cost": 2681.7, "Total Cost": 3221.6, "Plan Rows": 287.0, "Plan Width": 16, "Inner Unique": false, "Join Filter": "(c.userid = p.owneruserid)", "Plans": [{"Node Type": "Merge Join", "Parent Relationship": "Outer", "Parallel Aware": false, "Async Capable": false, "Join Type": "Inner", "Startup Cost": 2681.4, "Total Cost": 3154.56, "Plan Rows": 2825.0, "Plan Width": 12, "Inner Unique": false, "Merge Cond": "(v.userid = p.owneruserid)", "Plans": [{"Node Type": "Merge Join", "Parent Relationship": "Outer", "Parallel Aware": false, "Async Capable": false, "Join Type": "Inner", "Startup Cost": 0.71, "Total Cost": 4475.33, "Plan Rows": 129988.0, "Plan Width": 8, "Inner Unique": false, "Merge Cond": "(v.userid = b.userid)", "Plans": [{"Node Type": "Index Scan", "Parent Relationship": "Outer", "Parallel Aware": false, "Async Capable": false, "Scan Direction": "Forward", "Index Name": "idx_votes_userid", "Relation Name": "votes", "Alias": "v", "Startup Cost": 0.42, "Total Cost": 12422.47, "Plan Rows": 1738, "Plan Width": 4, "Filter": "(bountyamount <= 297)"}, {"Node Type": "Index Scan", "Parent Relationship": "Inner", "Parallel Aware": false, "Async Capable": false, "Scan Direction": "Forward", "Index Name": "idx_badges_userid", "Relation Name": "badges", "Alias": "b", "Startup Cost": 0.29, "Total Cost": 3064.97, "Plan Rows": 30132, "Plan Width": 4, "Filter": "(date <= '2012-12-29 15:28:13'::timestamp without time zone)"}]}, {"Node Type": "Sort", "Parent Relationship": "Inner", "Parallel Aware": false, "Async Capable": false, "Startup Cost": 2680.69, "Total Cost": 2680.79, "Plan Rows": 43, "Plan Width": 4, "Sort Key": ["p.owneruserid"], "Plans": [{"Node Type": "Seq Scan", "Parent Relationship": "Outer", "Parallel Aware": false, "Async Capable": false, "Relation Name": "posts", "Alias": "p", "Startup Cost": 0.0, "Total Cost": 2679.52, "Plan Rows": 43, "Plan Width": 4, "Filter": "((score >= 37) AND (score <= 60) AND (creationdate >= '2011-01-11 13:25:49'::timestamp without time zone) AND (creationdate <= '2012-06-01 01:44:43'::timestamp without time zone))"}]}]}, {"Node Type": "Index Scan", "Parent Relationship": "Inner", "Parallel Aware": false, "Async Capable": false, "Scan Direction": "Forward", "Index Name": "idx_comments_userid", "Relation Name": "comments", "Alias": "c", "Startup Cost": 0.29, "Total Cost": 0.76, "Plan Rows": 1, "Plan Width": 4, "Index Cond": "(userid = b.userid)", "Filter": "(score = 5)"}]}, {"Node Type": "Memoize", "Parent Relationship": "Inner", "Parallel Aware": false, "Async Capable": false, "Startup Cost": 0.3, "Total Cost": 7.58, "Plan Rows": 1, "Plan Width": 4, "Cache Key": "p.owneruserid", "Cache Mode": "logical", "Plans": [{"Node Type": "Index Scan", "Parent Relationship": "Outer", "Parallel Aware": false, "Async Capable": false, "Scan Direction": "Forward", "Index Name": "users_pkey", "Relation Name": "users", "Alias": "u", "Startup Cost": 0.29, "Total Cost": 7.57, "Plan Rows": 1, "Plan Width": 4, "Index Cond": "(id = p.owneruserid)", "Filter": "((downvotes <= 180) AND (creationdate >= '2010-08-14 08:59:20'::timestamp without time zone) AND (creationdate <= '2013-03-08 18:28:08'::timestamp without time zone))"}]}]}]}, "Timeout Time": 5000}, {"Plan": {"Node Type": "Aggregate", "Strategy": "Plain", "Partial Mode": "Simple", "Parallel Aware": false, "Async Capable": false, "Startup Cost": 6251.36, "Total Cost": 6251.37, "Plan Rows": 1, "Plan Width": 8, "Actual Rows": 1, "Actual Loops": 1, "Plans": [{"Node Type": "Hash Join", "Parent Relationship": "Outer", "Parallel Aware": false, "Async Capable": false, "Join Type": "Inner", "Startup Cost": 3082.18, "Total Cost": 6250.43, "Plan Rows": 47.0, "Plan Width": 0, "Actual Rows": 41058, "Actual Loops": 1, "Inner Unique": false, "Hash Cond": "(p.owneruserid = u.id)", "Plans": [{"Node Type": "Nested Loop", "Parent Relationship": "Outer", "Parallel Aware": false, "Async Capable": false, "Join Type": "Inner", "Startup Cost": 0.29, "Total Cost": 3166.2, "Plan Rows": 185.0, "Plan Width": 8, "Actual Rows": 2664, "Actual Loops": 1, "Inner Unique": false, "Plans": [{"Node Type": "Seq Scan", "Parent Relationship": "Outer", "Parallel Aware": false, "Async Capable": false, "Relation Name": "posts", "Alias": "p", "Startup Cost": 0.0, "Total Cost": 2679.52, "Plan Rows": 43, "Plan Width": 4, "Actual Rows": 57, "Actual Loops": 1, "Filter": "((score >= 37) AND (score <= 60) AND (creationdate >= '2011-01-11 13:25:49'::timestamp without time zone) AND (creationdate <= '2012-06-01 01:44:43'::timestamp without time zone))", "Rows Removed by Filter": 91919}, {"Node Type": "Index Scan", "Parent Relationship": "Inner", "Parallel Aware": false, "Async Capable": false, "Scan Direction": "Forward", "Index Name": "idx_badges_userid", "Relation Name": "badges", "Alias": "b", "Startup Cost": 0.29, "Total Cost": 11.31, "Plan Rows": 1, "Plan Width": 4, "Actual Rows": 47, "Actual Loops": 57, "Index Cond": "(userid = p.owneruserid)", "Rows Removed by Index Recheck": 0, "Filter": "(date <= '2012-12-29 15:28:13'::timestamp without time zone)", "Rows Removed by Filter": 39}]}, {"Node Type": "Hash", "Parent Relationship": "Inner", "Parallel Aware": false, "Async Capable": false, "Startup Cost": 3080.97, "Total Cost": 3080.97, "Plan Rows": 198.0, "Plan Width": 12, "Actual Rows": 370, "Actual Loops": 1, "Hash Buckets": 1024, "Original Hash Buckets": 1024, "Hash Batches": 1, "Original Hash Batches": 1, "Peak Memory Usage": 24, "Plans": [{"Node Type": "Nested Loop", "Parent Relationship": "Outer", "Parallel Aware": false, "Async Capable": false, "Join Type": "Inner", "Startup Cost": 1.01, "Total Cost": 3080.97, "Plan Rows": 198.0, "Plan Width": 12, "Actual Rows": 370, "Actual Loops": 1, "Inner Unique": false, "Plans": [{"Node Type": "Merge Join", "Parent Relationship": "Outer", "Parallel Aware": false, "Async Capable": false, "Join Type": "Inner", "Startup Cost": 0.71, "Total Cost": 3013.98, "Plan Rows": 2023.0, "Plan Width": 8, "Actual Rows": 680, "Actual Loops": 1, "Inner Unique": true, "Merge Cond": "(v.userid = u.id)", "Plans": [{"Node Type": "Index Scan", "Parent Relationship": "Outer", "Parallel Aware": false, "Async Capable": false, "Scan Direction": "Forward", "Index Name": "idx_votes_userid", "Relation Name": "votes", "Alias": "v", "Startup Cost": 0.42, "Total Cost": 12422.47, "Plan Rows": 1738, "Plan Width": 4, "Actual Rows": 1057, "Actual Loops": 1, "Filter": "(bountyamount <= 297)", "Rows Removed by Filter": 32646}, {"Node Type": "Index Scan", "Parent Relationship": "Inner", "Parallel Aware": false, "Async Capable": false, "Scan Direction": "Forward", "Index Name": "users_pkey", "Relation Name": "users", "Alias": "u", "Startup Cost": 0.29, "Total Cost": 1659.6, "Plan Rows": 15080, "Plan Width": 4, "Actual Rows": 15070, "Actual Loops": 1, "Filter": "((downvotes <= 180) AND (creationdate >= '2010-08-14 08:59:20'::timestamp without time zone) AND (creationdate <= '2013-03-08 18:28:08'::timestamp without time zone))", "Rows Removed by Filter": 25255}]}, {"Node Type": "Index Scan", "Parent Relationship": "Inner", "Parallel Aware": false, "Async Capable": false, "Scan Direction": "Forward", "Index Name": "idx_comments_userid", "Relation Name": "comments", "Alias": "c", "Startup Cost": 0.29, "Total Cost": 0.96, "Plan Rows": 1, "Plan Width": 4, "Actual Rows": 1, "Actual Loops": 680, "Index Cond": "(userid = u.id)", "Rows Removed by Index Recheck": 0, "Filter": "(score = 5)", "Rows Removed by Filter": 139}]}]}]}]}, "Planning Time": 4.863, "Triggers": [], "Execution Time": 147.473}, {"Plan": {"Node Type": "Aggregate", "Strategy": "Plain", "Partial Mode": "Simple", "Parallel Aware": false, "Async Capable": false, "Startup Cost": 4940.89, "Total Cost": 4940.9, "Plan Rows": 1, "Plan Width": 8, "Actual Rows": 1, "Actual Loops": 1, "Plans": [{"Node Type": "Hash Join", "Parent Relationship": "Outer", "Parallel Aware": false, "Async Capable": false, "Join Type": "Inner", "Startup Cost": 2260.25, "Total Cost": 4939.96, "Plan Rows": 47.0, "Plan Width": 0, "Actual Rows": 41058, "Actual Loops": 1, "Inner Unique": false, "Hash Cond": "(p.owneruserid = u.id)", "Plans": [{"Node Type": "Seq Scan", "Parent Relationship": "Outer", "Parallel Aware": false, "Async Capable": false, "Relation Name": "posts", "Alias": "p", "Startup Cost": 0.0, "Total Cost": 2679.52, "Plan Rows": 43, "Plan Width": 4, "Actual Rows": 57, "Actual Loops": 1, "Filter": "((score >= 37) AND (score <= 60) AND (creationdate >= '2011-01-11 13:25:49'::timestamp without time zone) AND (creationdate <= '2012-06-01 01:44:43'::timestamp without time zone))", "Rows Removed by Filter": 91919}, {"Node Type": "Hash", "Parent Relationship": "Inner", "Parallel Aware": false, "Async Capable": false, "Startup Cost": 2229.44, "Total Cost": 2229.44, "Plan Rows": 2240.0, "Plan Width": 16, "Actual Rows": 24375, "Actual Loops": 1, "Hash Buckets": 32768, "Original Hash Buckets": 4096, "Hash Batches": 1, "Original Hash Batches": 1, "Peak Memory Usage": 1399, "Plans": [{"Node Type": "Nested Loop", "Parent Relationship": "Outer", "Parallel Aware": false, "Async Capable": false, "Join Type": "Inner", "Startup Cost": 1.3, "Total Cost": 2229.44, "Plan Rows": 2240.0, "Plan Width": 16, "Actual Rows": 24375, "Actual Loops": 1, "Inner Unique": false, "Join Filter": "(c.userid = u.id)", "Rows Removed by Join Filter": 0, "Plans": [{"Node Type": "Merge Join", "Parent Relationship": "Outer", "Parallel Aware": false, "Async Capable": false, "Join Type": "Inner", "Startup Cost": 1.0, "Total Cost": 2171.64, "Plan Rows": 23244.0, "Plan Width": 12, "Actual Rows": 8057, "Actual Loops": 1, "Inner Unique": true, "Merge Cond": "(v.userid = u.id)", "Plans": [{"Node Type": "Merge Join", "Parent Relationship": "Outer", "Parallel Aware": false, "Async Capable": false, "Join Type": "Inner", "Startup Cost": 0.71, "Total Cost": 4475.33, "Plan Rows": 129988.0, "Plan Width": 8, "Actual Rows": 17097, "Actual Loops": 1, "Inner Unique": false, "Merge Cond": "(v.userid = b.userid)", "Plans": [{"Node Type": "Index Scan", "Parent Relationship": "Outer", "Parallel Aware": false, "Async Capable": false, "Scan Direction": "Forward", "Index Name": "idx_votes_userid", "Relation Name": "votes", "Alias": "v", "Startup Cost": 0.42, "Total Cost": 12422.47, "Plan Rows": 1738, "Plan Width": 4, "Actual Rows": 870, "Actual Loops": 1, "Filter": "(bountyamount <= 297)", "Rows Removed by Filter": 26245}, {"Node Type": "Index Scan", "Parent Relationship": "Inner", "Parallel Aware": false, "Async Capable": false, "Scan Direction": "Forward", "Index Name": "idx_badges_userid", "Relation Name": "badges", "Alias": "b", "Startup Cost": 0.29, "Total Cost": 3064.97, "Plan Rows": 30132, "Plan Width": 4, "Actual Rows": 41687, "Actual Loops": 1, "Filter": "(date <= '2012-12-29 15:28:13'::timestamp without time zone)", "Rows Removed by Filter": 65826}]}, {"Node Type": "Index Scan", "Parent Relationship": "Inner", "Parallel Aware": false, "Async Capable": false, "Scan Direction": "Forward", "Index Name": "users_pkey", "Relation Name": "users", "Alias": "u", "Startup Cost": 0.29, "Total Cost": 1659.6, "Plan Rows": 15080, "Plan Width": 4, "Actual Rows": 12694, "Actual Loops": 1, "Filter": "((downvotes <= 180) AND (creationdate >= '2010-08-14 08:59:20'::timestamp without time zone) AND (creationdate <= '2013-03-08 18:28:08'::timestamp without time zone))", "Rows Removed by Filter": 688}]}, {"Node Type": "Index Scan", "Parent Relationship": "Inner", "Parallel Aware": false, "Async Capable": false, "Scan Direction": "Forward", "Index Name": "idx_comments_userid", "Relation Name": "comments", "Alias": "c", "Startup Cost": 0.29, "Total Cost": 0.76, "Plan Rows": 1, "Plan Width": 4, "Actual Rows": 3, "Actual Loops": 8057, "Index Cond": "(userid = b.userid)", "Rows Removed by Index Recheck": 0, "Filter": "(score = 5)", "Rows Removed by Filter": 474}]}]}]}]}, "Planning Time": 4.843, "Triggers": [], "Execution Time": 744.067}, {"Plan": {"Node Type": "Aggregate", "Strategy": "Plain", "Partial Mode": "Finalize", "Parallel Aware": false, "Async Capable": false, "Startup Cost": 8509.08, "Total Cost": 8509.09, "Plan Rows": 1, "Plan Width": 8, "Actual Rows": 1, "Actual Loops": 1, "Plans": [{"Node Type": "Gather", "Parent Relationship": "Outer", "Parallel Aware": false, "Async Capable": false, "Startup Cost": 8508.97, "Total Cost": 8509.08, "Plan Rows": 1, "Plan Width": 8, "Actual Rows": 2, "Actual Loops": 1, "Workers Planned": 1, "Workers Launched": 1, "Single Copy": false, "Plans": [{"Node Type": "Aggregate", "Strategy": "Plain", "Partial Mode": "Partial", "Parent Relationship": "Outer", "Parallel Aware": false, "Async Capable": false, "Startup Cost": 7508.97, "Total Cost": 7508.98, "Plan Rows": 1, "Plan Width": 8, "Actual Rows": 1, "Actual Loops": 2, "Workers": [], "Plans": [{"Node Type": "Hash Join", "Parent Relationship": "Outer", "Parallel Aware": false, "Async Capable": false, "Join Type": "Inner", "Startup Cost": 3688.51, "Total Cost": 7508.42, "Plan Rows": 47.0, "Plan Width": 0, "Actual Rows": 20529, "Actual Loops": 2, "Inner Unique": false, "Hash Cond": "(u.id = p.owneruserid)", "Workers": [], "Plans": [{"Node Type": "Nested Loop", "Parent Relationship": "Outer", "Parallel Aware": false, "Async Capable": false, "Join Type": "Inner", "Startup Cost": 0.58, "Total Cost": 3775.02, "Plan Rows": 156.0, "Plan Width": 12, "Actual Rows": 4372, "Actual Loops": 2, "Inner Unique": false, "Workers": [], "Plans": [{"Node Type": "Nested Loop", "Parent Relationship": "Outer", "Parallel Aware": false, "Async Capable": false, "Join Type": "Inner", "Startup Cost": 0.29, "Total Cost": 3705.81, "Plan Rows": 20.0, "Plan Width": 8, "Actual Rows": 118, "Actual Loops": 2, "Inner Unique": true, "Workers": [], "Plans": [{"Node Type": "Seq Scan", "Parent Relationship": "Outer", "Parallel Aware": true, "Async Capable": false, "Relation Name": "comments", "Alias": "c", "Startup Cost": 0.0, "Total Cost": 2625.65, "Plan Rows": 367, "Plan Width": 4, "Actual Rows": 310, "Actual Loops": 2, "Filter": "(score = 5)", "Rows Removed by Filter": 86842, "Workers": []}, {"Node Type": "Index Scan", "Parent Relationship": "Inner", "Parallel Aware": false, "Async Capable": false, "Scan Direction": "Forward", "Index Name": "users_pkey", "Relation Name": "users", "Alias": "u", "Startup Cost": 0.29, "Total Cost": 2.94, "Plan Rows": 1, "Plan Width": 4, "Actual Rows": 0, "Actual Loops": 621, "Index Cond": "(id = c.userid)", "Rows Removed by Index Recheck": 0, "Filter": "((downvotes <= 180) AND (creationdate >= '2010-08-14 08:59:20'::timestamp without time zone) AND (creationdate <= '2013-03-08 18:28:08'::timestamp without time zone))", "Rows Removed by Filter": 1, "Workers": []}]}, {"Node Type": "Index Scan", "Parent Relationship": "Inner", "Parallel Aware": false, "Async Capable": false, "Scan Direction": "Forward", "Index Name": "idx_badges_userid", "Relation Name": "badges", "Alias": "b", "Startup Cost": 0.29, "Total Cost": 0.5, "Plan Rows": 1, "Plan Width": 4, "Actual Rows": 37, "Actual Loops": 236, "Index Cond": "(userid = u.id)", "Rows Removed by Index Recheck": 0, "Filter": "(date <= '2012-12-29 15:28:13'::timestamp without time zone)", "Rows Removed by Filter": 42, "Workers": []}]}, {"Node Type": "Hash", "Parent Relationship": "Inner", "Parallel Aware": false, "Async Capable": false, "Startup Cost": 3687.85, "Total Cost": 3687.85, "Plan Rows": 259.0, "Plan Width": 8, "Actual Rows": 84, "Actual Loops": 2, "Hash Buckets": 1024, "Original Hash Buckets": 1024, "Hash Batches": 1, "Original Hash Batches": 1, "Peak Memory Usage": 12, "Workers": [], "Plans": [{"Node Type": "Nested Loop", "Parent Relationship": "Outer", "Parallel Aware": false, "Async Capable": false, "Join Type": "Inner", "Startup Cost": 0.42, "Total Cost": 3687.85, "Plan Rows": 259.0, "Plan Width": 8, "Actual Rows": 84, "Actual Loops": 2, "Inner Unique": false, "Workers": [], "Plans": [{"Node Type": "Seq Scan", "Parent Relationship": "Outer", "Parallel Aware": false, "Async Capable": false, "Relation Name": "posts", "Alias": "p", "Startup Cost": 0.0, "Total Cost": 2679.52, "Plan Rows": 43, "Plan Width": 4, "Actual Rows": 57, "Actual Loops": 2, "Filter": "((score >= 37) AND (score <= 60) AND (creationdate >= '2011-01-11 13:25:49'::timestamp without time zone) AND (creationdate <= '2012-06-01 01:44:43'::timestamp without time zone))", "Rows Removed by Filter": 91919, "Workers": []}, {"Node Type": "Index Scan", "Parent Relationship": "Inner", "Parallel Aware": false, "Async Capable": false, "Scan Direction": "Forward", "Index Name": "idx_votes_userid", "Relation Name": "votes", "Alias": "v", "Startup Cost": 0.42, "Total Cost": 23.44, "Plan Rows": 1, "Plan Width": 4, "Actual Rows": 1, "Actual Loops": 114, "Index Cond": "(userid = p.owneruserid)", "Rows Removed by Index Recheck": 0, "Filter": "(bountyamount <= 297)", "Rows Removed by Filter": 33, "Workers": []}]}]}]}]}]}]}, "Planning Time": 9.263, "Triggers": [], "Execution Time": 72.86}, {"Plan": {"Node Type": "Aggregate", "Strategy": "Plain", "Partial Mode": "Simple", "Parallel Aware": false, "Async Capable": false, "Startup Cost": 6280.39, "Total Cost": 6280.4, "Plan Rows": 1, "Plan Width": 8, "Actual Rows": 1, "Actual Loops": 1, "Plans": [{"Node Type": "Merge Join", "Parent Relationship": "Outer", "Parallel Aware": false, "Async Capable": false, "Join Type": "Inner", "Startup Cost": 3196.23, "Total Cost": 6279.46, "Plan Rows": 47.0, "Plan Width": 0, "Actual Rows": 41058, "Actual Loops": 1, "Inner Unique": false, "Merge Cond": "(u.id = p.owneruserid)", "Plans": [{"Node Type": "Nested Loop", "Parent Relationship": "Outer", "Parallel Aware": false, "Async Capable": false, "Join Type": "Inner", "Startup Cost": 1.01, "Total Cost": 3080.97, "Plan Rows": 198.0, "Plan Width": 12, "Actual Rows": 347, "Actual Loops": 1, "Inner Unique": false, "Plans": [{"Node Type": "Merge Join", "Parent Relationship": "Outer", "Parallel Aware": false, "Async Capable": false, "Join Type": "Inner", "Startup Cost": 0.71, "Total Cost": 3013.98, "Plan Rows": 2023.0, "Plan Width": 8, "Actual Rows": 496, "Actual Loops": 1, "Inner Unique": true, "Merge Cond": "(v.userid = u.id)", "Plans": [{"Node Type": "Index Scan", "Parent Relationship": "Outer", "Parallel Aware": false, "Async Capable": false, "Scan Direction": "Forward", "Index Name": "idx_votes_userid", "Relation Name": "votes", "Alias": "v", "Startup Cost": 0.42, "Total Cost": 12422.47, "Plan Rows": 1738, "Plan Width": 4, "Actual Rows": 647, "Actual Loops": 1, "Filter": "(bountyamount <= 297)", "Rows Removed by Filter": 18996}, {"Node Type": "Index Scan", "Parent Relationship": "Inner", "Parallel Aware": false, "Async Capable": false, "Scan Direction": "Forward", "Index Name": "users_pkey", "Relation Name": "users", "Alias": "u", "Startup Cost": 0.29, "Total Cost": 1659.6, "Plan Rows": 15080, "Plan Width": 4, "Actual Rows": 8439, "Actual Loops": 1, "Filter": "((downvotes <= 180) AND (creationdate >= '2010-08-14 08:59:20'::timestamp without time zone) AND (creationdate <= '2013-03-08 18:28:08'::timestamp without time zone))", "Rows Removed by Filter": 688}]}, {"Node Type": "Index Scan", "Parent Relationship": "Inner", "Parallel Aware": false, "Async Capable": false, "Scan Direction": "Forward", "Index Name": "idx_comments_userid", "Relation Name": "comments", "Alias": "c", "Startup Cost": 0.29, "Total Cost": 0.96, "Plan Rows": 1, "Plan Width": 4, "Actual Rows": 1, "Actual Loops": 496, "Index Cond": "(userid = u.id)", "Rows Removed by Index Recheck": 0, "Filter": "(score = 5)", "Rows Removed by Filter": 167}]}, {"Node Type": "Sort", "Parent Relationship": "Inner", "Parallel Aware": false, "Async Capable": false, "Startup Cost": 3195.22, "Total Cost": 3196.78, "Plan Rows": 185.0, "Plan Width": 8, "Actual Rows": 43138, "Actual Loops": 1, "Sort Key": ["p.owneruserid"], "Sort Method": "quicksort", "Sort Space Used": 180, "Sort Space Type": "Memory", "Plans": [{"Node Type": "Nested Loop", "Parent Relationship": "Outer", "Parallel Aware": false, "Async Capable": false, "Join Type": "Inner", "Startup Cost": 0.29, "Total Cost": 3166.2, "Plan Rows": 185.0, "Plan Width": 8, "Actual Rows": 2664, "Actual Loops": 1, "Inner Unique": false, "Plans": [{"Node Type": "Seq Scan", "Parent Relationship": "Outer", "Parallel Aware": false, "Async Capable": false, "Relation Name": "posts", "Alias": "p", "Startup Cost": 0.0, "Total Cost": 2679.52, "Plan Rows": 43, "Plan Width": 4, "Actual Rows": 57, "Actual Loops": 1, "Filter": "((score >= 37) AND (score <= 60) AND (creationdate >= '2011-01-11 13:25:49'::timestamp without time zone) AND (creationdate <= '2012-06-01 01:44:43'::timestamp without time zone))", "Rows Removed by Filter": 91919}, {"Node Type": "Index Scan", "Parent Relationship": "Inner", "Parallel Aware": false, "Async Capable": false, "Scan Direction": "Forward", "Index Name": "idx_badges_userid", "Relation Name": "badges", "Alias": "b", "Startup Cost": 0.29, "Total Cost": 11.31, "Plan Rows": 1, "Plan Width": 4, "Actual Rows": 47, "Actual Loops": 57, "Index Cond": "(userid = p.owneruserid)", "Rows Removed by Index Recheck": 0, "Filter": "(date <= '2012-12-29 15:28:13'::timestamp without time zone)", "Rows Removed by Filter": 39}]}]}]}]}, "Planning Time": 4.967, "Triggers": [], "Execution Time": 95.651}, {"Plan": {"Node Type": "Aggregate", "Strategy": "Plain", "Partial Mode": "Finalize", "Parallel Aware": false, "Async Capable": false, "Startup Cost": 8087.67, "Total Cost": 8087.68, "Plan Rows": 1, "Plan Width": 8, "Actual Rows": 1, "Actual Loops": 1, "Plans": [{"Node Type": "Gather", "Parent Relationship": "Outer", "Parallel Aware": false, "Async Capable": false, "Startup Cost": 8087.56, "Total Cost": 8087.67, "Plan Rows": 1, "Plan Width": 8, "Actual Rows": 2, "Actual Loops": 1, "Workers Planned": 1, "Workers Launched": 1, "Single Copy": false, "Plans": [{"Node Type": "Aggregate", "Strategy": "Plain", "Partial Mode": "Partial", "Parent Relationship": "Outer", "Parallel Aware": false, "Async Capable": false, "Startup Cost": 7087.56, "Total Cost": 7087.57, "Plan Rows": 1, "Plan Width": 8, "Actual Rows": 1, "Actual Loops": 2, "Workers": [], "Plans": [{"Node Type": "Hash Join", "Parent Relationship": "Outer", "Parallel Aware": false, "Async Capable": false, "Join Type": "Inner", "Startup Cost": 3025.6, "Total Cost": 7087.01, "Plan Rows": 47.0, "Plan Width": 0, "Actual Rows": 20529, "Actual Loops": 2, "Inner Unique": false, "Hash Cond": "(c.userid = u.id)", "Workers": [], "Plans": [{"Node Type": "Nested Loop", "Parent Relationship": "Outer", "Parallel Aware": false, "Async Capable": false, "Join Type": "Inner", "Startup Cost": 0.29, "Total Cost": 4015.33, "Plan Rows": 767.0, "Plan Width": 8, "Actual Rows": 26377, "Actual Loops": 2, "Inner Unique": false, "Workers": [], "Plans": [{"Node Type": "Seq Scan", "Parent Relationship": "Outer", "Parallel Aware": true, "Async Capable": false, "Relation Name": "comments", "Alias": "c", "Startup Cost": 0.0, "Total Cost": 2625.65, "Plan Rows": 367, "Plan Width": 4, "Actual Rows": 310, "Actual Loops": 2, "Filter": "(score = 5)", "Rows Removed by Filter": 86842, "Workers": []}, {"Node Type": "Index Scan", "Parent Relationship": "Inner", "Parallel Aware": false, "Async Capable": false, "Scan Direction": "Forward", "Index Name": "idx_badges_userid", "Relation Name": "badges", "Alias": "b", "Startup Cost": 0.29, "Total Cost": 3.78, "Plan Rows": 1, "Plan Width": 4, "Actual Rows": 85, "Actual Loops": 621, "Index Cond": "(userid = c.userid)", "Rows Removed by Index Recheck": 0, "Filter": "(date <= '2012-12-29 15:28:13'::timestamp without time zone)", "Rows Removed by Filter": 88, "Workers": []}]}, {"Node Type": "Hash", "Parent Relationship": "Inner", "Parallel Aware": false, "Async Capable": false, "Startup Cost": 3025.28, "Total Cost": 3025.28, "Plan Rows": 55.0, "Plan Width": 12, "Actual Rows": 48, "Actual Loops": 2, "Hash Buckets": 1024, "Original Hash Buckets": 1024, "Hash Batches": 1, "Original Hash Batches": 1, "Peak Memory Usage": 11, "Workers": [], "Plans": [{"Node Type": "Nested Loop", "Parent Relationship": "Outer", "Parallel Aware": false, "Async Capable": false, "Join Type": "Inner", "Startup Cost": 0.71, "Total Cost": 3025.28, "Plan Rows": 55.0, "Plan Width": 12, "Actual Rows": 48, "Actual Loops": 2, "Inner Unique": false, "Workers": [], "Plans": [{"Node Type": "Nested Loop", "Parent Relationship": "Outer", "Parallel Aware": false, "Async Capable": false, "Join Type": "Inner", "Startup Cost": 0.29, "Total Cost": 3005.07, "Plan Rows": 3.0, "Plan Width": 8, "Actual Rows": 37, "Actual Loops": 2, "Inner Unique": true, "Workers": [], "Plans": [{"Node Type": "Seq Scan", "Parent Relationship": "Outer", "Parallel Aware": false, "Async Capable": false, "Relation Name": "posts", "Alias": "p", "Startup Cost": 0.0, "Total Cost": 2679.52, "Plan Rows": 43, "Plan Width": 4, "Actual Rows": 57, "Actual Loops": 2, "Filter": "((score >= 37) AND (score <= 60) AND (creationdate >= '2011-01-11 13:25:49'::timestamp without time zone) AND (creationdate <= '2012-06-01 01:44:43'::timestamp without time zone))", "Rows Removed by Filter": 91919, "Workers": []}, {"Node Type": "Index Scan", "Parent Relationship": "Inner", "Parallel Aware": false, "Async Capable": false, "Scan Direction": "Forward", "Index Name": "users_pkey", "Relation Name": "users", "Alias": "u", "Startup Cost": 0.29, "Total Cost": 7.57, "Plan Rows": 1, "Plan Width": 4, "Actual Rows": 1, "Actual Loops": 114, "Index Cond": "(id = p.owneruserid)", "Rows Removed by Index Recheck": 0, "Filter": "((downvotes <= 180) AND (creationdate >= '2010-08-14 08:59:20'::timestamp without time zone) AND (creationdate <= '2013-03-08 18:28:08'::timestamp without time zone))", "Rows Removed by Filter": 0, "Workers": []}]}, {"Node Type": "Index Scan", "Parent Relationship": "Inner", "Parallel Aware": false, "Async Capable": false, "Scan Direction": "Forward", "Index Name": "idx_votes_userid", "Relation Name": "votes", "Alias": "v", "Startup Cost": 0.42, "Total Cost": 1.25, "Plan Rows": 1, "Plan Width": 4, "Actual Rows": 1, "Actual Loops": 74, "Index Cond": "(userid = u.id)", "Rows Removed by Index Recheck": 0, "Filter": "(bountyamount <= 297)", "Rows Removed by Filter": 26, "Workers": []}]}]}]}]}]}]}, "Planning Time": 9.482, "Triggers": [], "Execution Time": 78.466}, {"Plan": {"Node Type": "Aggregate", "Strategy": "Plain", "Partial Mode": "Simple", "Parallel Aware": false, "Async Capable": false, "Startup Cost": 7897.7, "Total Cost": 7897.71, "Plan Rows": 1, "Plan Width": 8, "Actual Rows": 1, "Actual Loops": 1, "Plans": [{"Node Type": "Hash Join", "Parent Relationship": "Outer", "Parallel Aware": false, "Async Capable": false, "Join Type": "Inner", "Startup Cost": 4346.84, "Total Cost": 7896.77, "Plan Rows": 47.0, "Plan Width": 0, "Actual Rows": 41058, "Actual Loops": 1, "Inner Unique": false, "Hash Cond": "(u.id = p.owneruserid)", "Plans": [{"Node Type": "Hash Join", "Parent Relationship": "Outer", "Parallel Aware": false, "Async Capable": false, "Join Type": "Inner", "Startup Cost": 1191.19, "Total Cost": 4715.64, "Plan Rows": 20.0, "Plan Width": 8, "Actual Rows": 236, "Actual Loops": 1, "Inner Unique": true, "Hash Cond": "(c.userid = u.id)", "Plans": [{"Node Type": "Seq Scan", "Parent Relationship": "Outer", "Parallel Aware": false, "Async Capable": false, "Relation Name": "comments", "Alias": "c", "Startup Cost": 0.0, "Total Cost": 3522.81, "Plan Rows": 624, "Plan Width": 4, "Actual Rows": 621, "Actual Loops": 1, "Filter": "(score = 5)", "Rows Removed by Filter": 173684}, {"Node Type": "Hash", "Parent Relationship": "Inner", "Parallel Aware": false, "Async Capable": false, "Startup Cost": 1002.69, "Total Cost": 1002.69, "Plan Rows": 15080, "Plan Width": 4, "Actual Rows": 15070, "Actual Loops": 1, "Hash Buckets": 16384, "Original Hash Buckets": 16384, "Hash Batches": 1, "Original Hash Batches": 1, "Peak Memory Usage": 658, "Plans": [{"Node Type": "Seq Scan", "Parent Relationship": "Outer", "Parallel Aware": false, "Async Capable": false, "Relation Name": "users", "Alias": "u", "Startup Cost": 0.0, "Total Cost": 1002.69, "Plan Rows": 15080, "Plan Width": 4, "Actual Rows": 15070, "Actual Loops": 1, "Filter": "((downvotes <= 180) AND (creationdate >= '2010-08-14 08:59:20'::timestamp without time zone) AND (creationdate <= '2013-03-08 18:28:08'::timestamp without time zone))", "Rows Removed by Filter": 25255}]}]}, {"Node Type": "Hash", "Parent Relationship": "Inner", "Parallel Aware": false, "Async Capable": false, "Startup Cost": 3154.56, "Total Cost": 3154.56, "Plan Rows": 2825.0, "Plan Width": 12, "Actual Rows": 8835, "Actual Loops": 1, "Hash Buckets": 16384, "Original Hash Buckets": 1024, "Hash Batches": 1, "Original Hash Batches": 1, "Peak Memory Usage": 508, "Plans": [{"Node Type": "Merge Join", "Parent Relationship": "Outer", "Parallel Aware": false, "Async Capable": false, "Join Type": "Inner", "Startup Cost": 2681.4, "Total Cost": 3154.56, "Plan Rows": 2825.0, "Plan Width": 12, "Actual Rows": 8835, "Actual Loops": 1, "Inner Unique": false, "Merge Cond": "(v.userid = p.owneruserid)", "Plans": [{"Node Type": "Merge Join", "Parent Relationship": "Outer", "Parallel Aware": false, "Async Capable": false, "Join Type": "Inner", "Startup Cost": 0.71, "Total Cost": 4475.33, "Plan Rows": 129988.0, "Plan Width": 8, "Actual Rows": 17097, "Actual Loops": 1, "Inner Unique": false, "Merge Cond": "(v.userid = b.userid)", "Plans": [{"Node Type": "Index Scan", "Parent Relationship": "Outer", "Parallel Aware": false, "Async Capable": false, "Scan Direction": "Forward", "Index Name": "idx_votes_userid", "Relation Name": "votes", "Alias": "v", "Startup Cost": 0.42, "Total Cost": 12422.47, "Plan Rows": 1738, "Plan Width": 4, "Actual Rows": 870, "Actual Loops": 1, "Filter": "(bountyamount <= 297)", "Rows Removed by Filter": 26245}, {"Node Type": "Index Scan", "Parent Relationship": "Inner", "Parallel Aware": false, "Async Capable": false, "Scan Direction": "Forward", "Index Name": "idx_badges_userid", "Relation Name": "badges", "Alias": "b", "Startup Cost": 0.29, "Total Cost": 3064.97, "Plan Rows": 30132, "Plan Width": 4, "Actual Rows": 41687, "Actual Loops": 1, "Filter": "(date <= '2012-12-29 15:28:13'::timestamp without time zone)", "Rows Removed by Filter": 65826}]}, {"Node Type": "Sort", "Parent Relationship": "Inner", "Parallel Aware": false, "Async Capable": false, "Startup Cost": 2680.69, "Total Cost": 2680.79, "Plan Rows": 43, "Plan Width": 4, "Actual Rows": 8864, "Actual Loops": 1, "Sort Key": ["p.owneruserid"], "Sort Method": "quicksort", "Sort Space Used": 25, "Sort Space Type": "Memory", "Plans": [{"Node Type": "Seq Scan", "Parent Relationship": "Outer", "Parallel Aware": false, "Async Capable": false, "Relation Name": "posts", "Alias": "p", "Startup Cost": 0.0, "Total Cost": 2679.52, "Plan Rows": 43, "Plan Width": 4, "Actual Rows": 57, "Actual Loops": 1, "Filter": "((score >= 37) AND (score <= 60) AND (creationdate >= '2011-01-11 13:25:49'::timestamp without time zone) AND (creationdate <= '2012-06-01 01:44:43'::timestamp without time zone))", "Rows Removed by Filter": 91919}]}]}]}]}]}, "Planning Time": 5.308, "Triggers": [], "Execution Time": 155.033}, {"Plan": {"Node Type": "Aggregate", "Strategy": "Plain", "Partial Mode": "Simple", "Parallel Aware": false, "Async Capable": false, "Startup Cost": 7045.66, "Total Cost": 7045.67, "Plan Rows": 1, "Plan Width": 8, "Actual Rows": 1, "Actual Loops": 1, "Plans": [{"Node Type": "Merge Join", "Parent Relationship": "Outer", "Parallel Aware": false, "Async Capable": false, "Join Type": "Inner", "Startup Cost": 6557.88, "Total Cost": 7044.73, "Plan Rows": 47.0, "Plan Width": 0, "Actual Rows": 41058, "Actual Loops": 1, "Inner Unique": false, "Merge Cond": "(c.userid = u.id)", "Plans": [{"Node Type": "Merge Join", "Parent Relationship": "Outer", "Parallel Aware": false, "Async Capable": false, "Join Type": "Inner", "Startup Cost": 3552.5, "Total Cost": 4030.67, "Plan Rows": 13459.0, "Plan Width": 12, "Actual Rows": 320255, "Actual Loops": 1, "Inner Unique": false, "Merge Cond": "(v.userid = c.userid)", "Plans": [{"Node Type": "Merge Join", "Parent Relationship": "Outer", "Parallel Aware": false, "Async Capable": false, "Join Type": "Inner", "Startup Cost": 0.71, "Total Cost": 4475.33, "Plan Rows": 129988.0, "Plan Width": 8, "Actual Rows": 17097, "Actual Loops": 1, "Inner Unique": false, "Merge Cond": "(v.userid = b.userid)", "Plans": [{"Node Type": "Index Scan", "Parent Relationship": "Outer", "Parallel Aware": false, "Async Capable": false, "Scan Direction": "Forward", "Index Name": "idx_votes_userid", "Relation Name": "votes", "Alias": "v", "Startup Cost": 0.42, "Total Cost": 12422.47, "Plan Rows": 1738, "Plan Width": 4, "Actual Rows": 870, "Actual Loops": 1, "Filter": "(bountyamount <= 297)", "Rows Removed by Filter": 26245}, {"Node Type": "Index Scan", "Parent Relationship": "Inner", "Parallel Aware": false, "Async Capable": false, "Scan Direction": "Forward", "Index Name": "idx_badges_userid", "Relation Name": "badges", "Alias": "b", "Startup Cost": 0.29, "Total Cost": 3064.97, "Plan Rows": 30132, "Plan Width": 4, "Actual Rows": 41687, "Actual Loops": 1, "Filter": "(date <= '2012-12-29 15:28:13'::timestamp without time zone)", "Rows Removed by Filter": 65826}]}, {"Node Type": "Sort", "Parent Relationship": "Inner", "Parallel Aware": false, "Async Capable": false, "Startup Cost": 3551.78, "Total Cost": 3553.34, "Plan Rows": 624, "Plan Width": 4, "Actual Rows": 320445, "Actual Loops": 1, "Sort Key": ["c.userid"], "Sort Method": "quicksort", "Sort Space Used": 25, "Sort Space Type": "Memory", "Plans": [{"Node Type": "Seq Scan", "Parent Relationship": "Outer", "Parallel Aware": false, "Async Capable": false, "Relation Name": "comments", "Alias": "c", "Startup Cost": 0.0, "Total Cost": 3522.81, "Plan Rows": 624, "Plan Width": 4, "Actual Rows": 621, "Actual Loops": 1, "Filter": "(score = 5)", "Rows Removed by Filter": 173684}]}]}, {"Node Type": "Sort", "Parent Relationship": "Inner", "Parallel Aware": false, "Async Capable": false, "Startup Cost": 3005.39, "Total Cost": 3005.43, "Plan Rows": 3.0, "Plan Width": 8, "Actual Rows": 41086, "Actual Loops": 1, "Sort Key": ["p.owneruserid"], "Sort Method": "quicksort", "Sort Space Used": 26, "Sort Space Type": "Memory", "Plans": [{"Node Type": "Nested Loop", "Parent Relationship": "Outer", "Parallel Aware": false, "Async Capable": false, "Join Type": "Inner", "Startup Cost": 0.29, "Total Cost": 3005.07, "Plan Rows": 3.0, "Plan Width": 8, "Actual Rows": 37, "Actual Loops": 1, "Inner Unique": true, "Plans": [{"Node Type": "Seq Scan", "Parent Relationship": "Outer", "Parallel Aware": false, "Async Capable": false, "Relation Name": "posts", "Alias": "p", "Startup Cost": 0.0, "Total Cost": 2679.52, "Plan Rows": 43, "Plan Width": 4, "Actual Rows": 57, "Actual Loops": 1, "Filter": "((score >= 37) AND (score <= 60) AND (creationdate >= '2011-01-11 13:25:49'::timestamp without time zone) AND (creationdate <= '2012-06-01 01:44:43'::timestamp without time zone))", "Rows Removed by Filter": 91919}, {"Node Type": "Index Scan", "Parent Relationship": "Inner", "Parallel Aware": false, "Async Capable": false, "Scan Direction": "Forward", "Index Name": "users_pkey", "Relation Name": "users", "Alias": "u", "Startup Cost": 0.29, "Total Cost": 7.57, "Plan Rows": 1, "Plan Width": 4, "Actual Rows": 1, "Actual Loops": 57, "Index Cond": "(id = p.owneruserid)", "Rows Removed by Index Recheck": 0, "Filter": "((downvotes <= 180) AND (creationdate >= '2010-08-14 08:59:20'::timestamp without time zone) AND (creationdate <= '2013-03-08 18:28:08'::timestamp without time zone))", "Rows Removed by Filter": 0}]}]}]}]}, "Planning Time": 5.036, "Triggers": [], "Execution Time": 156.191}, {"Plan": {"Node Type": "Aggregate", "Strategy": "Plain", "Partial Mode": "Simple", "Parallel Aware": false, "Async Capable": false, "Startup Cost": 2238.01, "Total Cost": 2238.02, "Plan Rows": 1, "Plan Width": 8, "Actual Rows": 1, "Actual Loops": 1, "Plans": [{"Node Type": "Nested Loop", "Parent Relationship": "Outer", "Parallel Aware": false, "Async Capable": false, "Join Type": "Inner", "Startup Cost": 1.59, "Total Cost": 2237.08, "Plan Rows": 47.0, "Plan Width": 0, "Actual Rows": 41058, "Actual Loops": 1, "Inner Unique": false, "Join Filter": "(c.userid = u.id)", "Rows Removed by Join Filter": 0, "Plans": [{"Node Type": "Nested Loop", "Parent Relationship": "Outer", "Parallel Aware": false, "Async Capable": false, "Join Type": "Inner", "Startup Cost": 1.3, "Total Cost": 2212.43, "Plan Rows": 473.0, "Plan Width": 16, "Actual Rows": 2734, "Actual Loops": 1, "Inner Unique": false, "Join Filter": "(p.owneruserid = u.id)", "Rows Removed by Join Filter": 0, "Plans": [{"Node Type": "Merge Join", "Parent Relationship": "Outer", "Parallel Aware": false, "Async Capable": false, "Join Type": "Inner", "Startup Cost": 1.0, "Total Cost": 2171.64, "Plan Rows": 23244.0, "Plan Width": 12, "Actual Rows": 8057, "Actual Loops": 1, "Inner Unique": true, "Merge Cond": "(v.userid = u.id)", "Plans": [{"Node Type": "Merge Join", "Parent Relationship": "Outer", "Parallel Aware": false, "Async Capable": false, "Join Type": "Inner", "Startup Cost": 0.71, "Total Cost": 4475.33, "Plan Rows": 129988.0, "Plan Width": 8, "Actual Rows": 17097, "Actual Loops": 1, "Inner Unique": false, "Merge Cond": "(v.userid = b.userid)", "Plans": [{"Node Type": "Index Scan", "Parent Relationship": "Outer", "Parallel Aware": false, "Async Capable": false, "Scan Direction": "Forward", "Index Name": "idx_votes_userid", "Relation Name": "votes", "Alias": "v", "Startup Cost": 0.42, "Total Cost": 12422.47, "Plan Rows": 1738, "Plan Width": 4, "Actual Rows": 870, "Actual Loops": 1, "Filter": "(bountyamount <= 297)", "Rows Removed by Filter": 26245}, {"Node Type": "Index Scan", "Parent Relationship": "Inner", "Parallel Aware": false, "Async Capable": false, "Scan Direction": "Forward", "Index Name": "idx_badges_userid", "Relation Name": "badges", "Alias": "b", "Startup Cost": 0.29, "Total Cost": 3064.97, "Plan Rows": 30132, "Plan Width": 4, "Actual Rows": 41687, "Actual Loops": 1, "Filter": "(date <= '2012-12-29 15:28:13'::timestamp without time zone)", "Rows Removed by Filter": 65826}]}, {"Node Type": "Index Scan", "Parent Relationship": "Inner", "Parallel Aware": false, "Async Capable": false, "Scan Direction": "Forward", "Index Name": "users_pkey", "Relation Name": "users", "Alias": "u", "Startup Cost": 0.29, "Total Cost": 1659.6, "Plan Rows": 15080, "Plan Width": 4, "Actual Rows": 12694, "Actual Loops": 1, "Filter": "((downvotes <= 180) AND (creationdate >= '2010-08-14 08:59:20'::timestamp without time zone) AND (creationdate <= '2013-03-08 18:28:08'::timestamp without time zone))", "Rows Removed by Filter": 688}]}, {"Node Type": "Index Scan", "Parent Relationship": "Inner", "Parallel Aware": false, "Async Capable": false, "Scan Direction": "Forward", "Index Name": "idx_posts_owneruserid", "Relation Name": "posts", "Alias": "p", "Startup Cost": 0.29, "Total Cost": 0.53, "Plan Rows": 1, "Plan Width": 4, "Actual Rows": 0, "Actual Loops": 8057, "Index Cond": "(owneruserid = b.userid)", "Rows Removed by Index Recheck": 0, "Filter": "((score >= 37) AND (score <= 60) AND (creationdate >= '2011-01-11 13:25:49'::timestamp without time zone) AND (creationdate <= '2012-06-01 01:44:43'::timestamp without time zone))", "Rows Removed by Filter": 143}]}, {"Node Type": "Index Scan", "Parent Relationship": "Inner", "Parallel Aware": false, "Async Capable": false, "Scan Direction": "Forward", "Index Name": "idx_comments_userid", "Relation Name": "comments", "Alias": "c", "Startup Cost": 0.29, "Total Cost": 0.76, "Plan Rows": 1, "Plan Width": 4, "Actual Rows": 15, "Actual Loops": 2734, "Index Cond": "(userid = b.userid)", "Rows Removed by Index Recheck": 0, "Filter": "(score = 5)", "Rows Removed by Filter": 1713}]}]}, "Planning Time": 4.952, "Triggers": [], "Execution Time": 1069.61}, {"Plan": {"Node Type": "Aggregate", "Strategy": "Plain", "Partial Mode": "Simple", "Parallel Aware": false, "Async Capable": false, "Startup Cost": 8618.47, "Total Cost": 8618.48, "Plan Rows": 1, "Plan Width": 8, "Actual Rows": 1, "Actual Loops": 1, "Plans": [{"Node Type": "Hash Join", "Parent Relationship": "Outer", "Parallel Aware": false, "Async Capable": false, "Join Type": "Inner", "Startup Cost": 4930.08, "Total Cost": 8617.54, "Plan Rows": 47.0, "Plan Width": 0, "Actual Rows": 41058, "Actual Loops": 1, "Inner Unique": false, "Hash Cond": "(p.owneruserid = u.id)", "Plans": [{"Node Type": "Nested Loop", "Parent Relationship": "Outer", "Parallel Aware": false, "Async Capable": false, "Join Type": "Inner", "Startup Cost": 0.42, "Total Cost": 3687.85, "Plan Rows": 259.0, "Plan Width": 8, "Actual Rows": 84, "Actual Loops": 1, "Inner Unique": false, "Plans": [{"Node Type": "Seq Scan", "Parent Relationship": "Outer", "Parallel Aware": false, "Async Capable": false, "Relation Name": "posts", "Alias": "p", "Startup Cost": 0.0, "Total Cost": 2679.52, "Plan Rows": 43, "Plan Width": 4, "Actual Rows": 57, "Actual Loops": 1, "Filter": "((score >= 37) AND (score <= 60) AND (creationdate >= '2011-01-11 13:25:49'::timestamp without time zone) AND (creationdate <= '2012-06-01 01:44:43'::timestamp without time zone))", "Rows Removed by Filter": 91919}, {"Node Type": "Index Scan", "Parent Relationship": "Inner", "Parallel Aware": false, "Async Capable": false, "Scan Direction": "Forward", "Index Name": "idx_votes_userid", "Relation Name": "votes", "Alias": "v", "Startup Cost": 0.42, "Total Cost": 23.44, "Plan Rows": 1, "Plan Width": 4, "Actual Rows": 1, "Actual Loops": 57, "Index Cond": "(userid = p.owneruserid)", "Rows Removed by Index Recheck": 0, "Filter": "(bountyamount <= 297)", "Rows Removed by Filter": 33}]}, {"Node Type": "Hash", "Parent Relationship": "Inner", "Parallel Aware": false, "Async Capable": false, "Startup Cost": 4833.03, "Total Cost": 4833.03, "Plan Rows": 156.0, "Plan Width": 12, "Actual Rows": 8744, "Actual Loops": 1, "Hash Buckets": 16384, "Original Hash Buckets": 8192, "Hash Batches": 1, "Original Hash Batches": 1, "Peak Memory Usage": 504, "Plans": [{"Node Type": "Nested Loop", "Parent Relationship": "Outer", "Parallel Aware": false, "Async Capable": false, "Join Type": "Inner", "Startup Cost": 1191.48, "Total Cost": 4833.03, "Plan Rows": 156.0, "Plan Width": 12, "Actual Rows": 8744, "Actual Loops": 1, "Inner Unique": false, "Plans": [{"Node Type": "Hash Join", "Parent Relationship": "Outer", "Parallel Aware": false, "Async Capable": false, "Join Type": "Inner", "Startup Cost": 1191.19, "Total Cost": 4715.64, "Plan Rows": 20.0, "Plan Width": 8, "Actual Rows": 236, "Actual Loops": 1, "Inner Unique": true, "Hash Cond": "(c.userid = u.id)", "Plans": [{"Node Type": "Seq Scan", "Parent Relationship": "Outer", "Parallel Aware": false, "Async Capable": false, "Relation Name": "comments", "Alias": "c", "Startup Cost": 0.0, "Total Cost": 3522.81, "Plan Rows": 624, "Plan Width": 4, "Actual Rows": 621, "Actual Loops": 1, "Filter": "(score = 5)", "Rows Removed by Filter": 173684}, {"Node Type": "Hash", "Parent Relationship": "Inner", "Parallel Aware": false, "Async Capable": false, "Startup Cost": 1002.69, "Total Cost": 1002.69, "Plan Rows": 15080, "Plan Width": 4, "Actual Rows": 15070, "Actual Loops": 1, "Hash Buckets": 16384, "Original Hash Buckets": 16384, "Hash Batches": 1, "Original Hash Batches": 1, "Peak Memory Usage": 658, "Plans": [{"Node Type": "Seq Scan", "Parent Relationship": "Outer", "Parallel Aware": false, "Async Capable": false, "Relation Name": "users", "Alias": "u", "Startup Cost": 0.0, "Total Cost": 1002.69, "Plan Rows": 15080, "Plan Width": 4, "Actual Rows": 15070, "Actual Loops": 1, "Filter": "((downvotes <= 180) AND (creationdate >= '2010-08-14 08:59:20'::timestamp without time zone) AND (creationdate <= '2013-03-08 18:28:08'::timestamp without time zone))", "Rows Removed by Filter": 25255}]}]}, {"Node Type": "Index Scan", "Parent Relationship": "Inner", "Parallel Aware": false, "Async Capable": false, "Scan Direction": "Forward", "Index Name": "idx_badges_userid", "Relation Name": "badges", "Alias": "b", "Startup Cost": 0.29, "Total Cost": 0.5, "Plan Rows": 1, "Plan Width": 4, "Actual Rows": 37, "Actual Loops": 236, "Index Cond": "(userid = u.id)", "Rows Removed by Index Recheck": 0, "Filter": "(date <= '2012-12-29 15:28:13'::timestamp without time zone)", "Rows Removed by Filter": 42}]}]}]}]}, "Planning Time": 5.029, "Triggers": [], "Execution Time": 72.938}, {"Plan": {"Node Type": "Aggregate", "Strategy": "Plain", "Partial Mode": "Simple", "Parallel Aware": false, "Async Capable": false, "Startup Cost": 6553.89, "Total Cost": 6553.9, "Plan Rows": 1, "Plan Width": 8, "Actual Rows": 1, "Actual Loops": 1, "Plans": [{"Node Type": "Hash Join", "Parent Relationship": "Outer", "Parallel Aware": false, "Async Capable": false, "Join Type": "Inner", "Startup Cost": 2842.0, "Total Cost": 6552.96, "Plan Rows": 47.0, "Plan Width": 0, "Actual Rows": 41058, "Actual Loops": 1, "Inner Unique": false, "Hash Cond": "(c.userid = u.id)", "Plans": [{"Node Type": "Nested Loop", "Parent Relationship": "Outer", "Parallel Aware": false, "Async Capable": false, "Join Type": "Inner", "Startup Cost": 0.72, "Total Cost": 3711.48, "Plan Rows": 28.0, "Plan Width": 12, "Actual Rows": 3010, "Actual Loops": 1, "Inner Unique": false, "Join Filter": "(c.userid = p.owneruserid)", "Rows Removed by Join Filter": 0, "Plans": [{"Node Type": "Nested Loop", "Parent Relationship": "Outer", "Parallel Aware": false, "Async Capable": false, "Join Type": "Inner", "Startup Cost": 0.42, "Total Cost": 3687.85, "Plan Rows": 259.0, "Plan Width": 8, "Actual Rows": 84, "Actual Loops": 1, "Inner Unique": false, "Plans": [{"Node Type": "Seq Scan", "Parent Relationship": "Outer", "Parallel Aware": false, "Async Capable": false, "Relation Name": "posts", "Alias": "p", "Startup Cost": 0.0, "Total Cost": 2679.52, "Plan Rows": 43, "Plan Width": 4, "Actual Rows": 57, "Actual Loops": 1, "Filter": "((score >= 37) AND (score <= 60) AND (creationdate >= '2011-01-11 13:25:49'::timestamp without time zone) AND (creationdate <= '2012-06-01 01:44:43'::timestamp without time zone))", "Rows Removed by Filter": 91919}, {"Node Type": "Index Scan", "Parent Relationship": "Inner", "Parallel Aware": false, "Async Capable": false, "Scan Direction": "Forward", "Index Name": "idx_votes_userid", "Relation Name": "votes", "Alias": "v", "Startup Cost": 0.42, "Total Cost": 23.44, "Plan Rows": 1, "Plan Width": 4, "Actual Rows": 1, "Actual Loops": 57, "Index Cond": "(userid = p.owneruserid)", "Rows Removed by Index Recheck": 0, "Filter": "(bountyamount <= 297)", "Rows Removed by Filter": 33}]}, {"Node Type": "Index Scan", "Parent Relationship": "Inner", "Parallel Aware": false, "Async Capable": false, "Scan Direction": "Forward", "Index Name": "idx_comments_userid", "Relation Name": "comments", "Alias": "c", "Startup Cost": 0.29, "Total Cost": 3.93, "Plan Rows": 1, "Plan Width": 4, "Actual Rows": 36, "Actual Loops": 84, "Index Cond": "(userid = v.userid)", "Rows Removed by Index Recheck": 0, "Filter": "(score = 5)", "Rows Removed by Filter": 3912}]}, {"Node Type": "Hash", "Parent Relationship": "Inner", "Parallel Aware": false, "Async Capable": false, "Startup Cost": 2700.43, "Total Cost": 2700.43, "Plan Rows": 1998.0, "Plan Width": 8, "Actual Rows": 24651, "Actual Loops": 1, "Hash Buckets": 32768, "Original Hash Buckets": 16384, "Hash Batches": 1, "Original Hash Batches": 1, "Peak Memory Usage": 1219, "Plans": [{"Node Type": "Hash Join", "Parent Relationship": "Outer", "Parallel Aware": false, "Async Capable": false, "Join Type": "Inner", "Startup Cost": 1191.19, "Total Cost": 2700.43, "Plan Rows": 1998.0, "Plan Width": 8, "Actual Rows": 24651, "Actual Loops": 1, "Inner Unique": true, "Hash Cond": "(b.userid = u.id)", "Plans": [{"Node Type": "Seq Scan", "Parent Relationship": "Outer", "Parallel Aware": false, "Async Capable": false, "Relation Name": "badges", "Alias": "b", "Startup Cost": 0.0, "Total Cost": 1430.14, "Plan Rows": 30132, "Plan Width": 4, "Actual Rows": 30132, "Actual Loops": 1, "Filter": "(date <= '2012-12-29 15:28:13'::timestamp without time zone)", "Rows Removed by Filter": 49719}, {"Node Type": "Hash", "Parent Relationship": "Inner", "Parallel Aware": false, "Async Capable": false, "Startup Cost": 1002.69, "Total Cost": 1002.69, "Plan Rows": 15080, "Plan Width": 4, "Actual Rows": 15070, "Actual Loops": 1, "Hash Buckets": 16384, "Original Hash Buckets": 16384, "Hash Batches": 1, "Original Hash Batches": 1, "Peak Memory Usage": 658, "Plans": [{"Node Type": "Seq Scan", "Parent Relationship": "Outer", "Parallel Aware": false, "Async Capable": false, "Relation Name": "users", "Alias": "u", "Startup Cost": 0.0, "Total Cost": 1002.69, "Plan Rows": 15080, "Plan Width": 4, "Actual Rows": 15070, "Actual Loops": 1, "Filter": "((downvotes <= 180) AND (creationdate >= '2010-08-14 08:59:20'::timestamp without time zone) AND (creationdate <= '2013-03-08 18:28:08'::timestamp without time zone))", "Rows Removed by Filter": 25255}]}]}]}]}]}, "Planning Time": 4.844, "Triggers": [], "Execution Time": 102.26}, {"Plan": {"Node Type": "Aggregate", "Strategy": "Plain", "Partial Mode": "Simple", "Parallel Aware": false, "Async Capable": false, "Startup Cost": 9227.14, "Total Cost": 9227.15, "Plan Rows": 1, "Plan Width": 8, "Actual Rows": 1, "Actual Loops": 1, "Plans": [{"Node Type": "Hash Join", "Parent Relationship": "Outer", "Parallel Aware": false, "Async Capable": false, "Join Type": "Inner", "Startup Cost": 6149.08, "Total Cost": 9226.21, "Plan Rows": 47.0, "Plan Width": 0, "Actual Rows": 41058, "Actual Loops": 1, "Inner Unique": false, "Hash Cond": "(u.id = c.userid)", "Plans": [{"Node Type": "Nested Loop", "Parent Relationship": "Outer", "Parallel Aware": false, "Async Capable": false, "Join Type": "Inner", "Startup Cost": 0.71, "Total Cost": 3025.28, "Plan Rows": 55.0, "Plan Width": 12, "Actual Rows": 48, "Actual Loops": 1, "Inner Unique": false, "Plans": [{"Node Type": "Nested Loop", "Parent Relationship": "Outer", "Parallel Aware": false, "Async Capable": false, "Join Type": "Inner", "Startup Cost": 0.29, "Total Cost": 3005.07, "Plan Rows": 3.0, "Plan Width": 8, "Actual Rows": 37, "Actual Loops": 1, "Inner Unique": true, "Plans": [{"Node Type": "Seq Scan", "Parent Relationship": "Outer", "Parallel Aware": false, "Async Capable": false, "Relation Name": "posts", "Alias": "p", "Startup Cost": 0.0, "Total Cost": 2679.52, "Plan Rows": 43, "Plan Width": 4, "Actual Rows": 57, "Actual Loops": 1, "Filter": "((score >= 37) AND (score <= 60) AND (creationdate >= '2011-01-11 13:25:49'::timestamp without time zone) AND (creationdate <= '2012-06-01 01:44:43'::timestamp without time zone))", "Rows Removed by Filter": 91919}, {"Node Type": "Index Scan", "Parent Relationship": "Inner", "Parallel Aware": false, "Async Capable": false, "Scan Direction": "Forward", "Index Name": "users_pkey", "Relation Name": "users", "Alias": "u", "Startup Cost": 0.29, "Total Cost": 7.57, "Plan Rows": 1, "Plan Width": 4, "Actual Rows": 1, "Actual Loops": 57, "Index Cond": "(id = p.owneruserid)", "Rows Removed by Index Recheck": 0, "Filter": "((downvotes <= 180) AND (creationdate >= '2010-08-14 08:59:20'::timestamp without time zone) AND (creationdate <= '2013-03-08 18:28:08'::timestamp without time zone))", "Rows Removed by Filter": 0}]}, {"Node Type": "Index Scan", "Parent Relationship": "Inner", "Parallel Aware": false, "Async Capable": false, "Scan Direction": "Forward", "Index Name": "idx_votes_userid", "Relation Name": "votes", "Alias": "v", "Startup Cost": 0.42, "Total Cost": 1.25, "Plan Rows": 1, "Plan Width": 4, "Actual Rows": 1, "Actual Loops": 37, "Index Cond": "(userid = u.id)", "Rows Removed by Index Recheck": 0, "Filter": "(bountyamount <= 297)", "Rows Removed by Filter": 26}]}, {"Node Type": "Hash", "Parent Relationship": "Inner", "Parallel Aware": false, "Async Capable": false, "Startup Cost": 5885.64, "Total Cost": 5885.64, "Plan Rows": 767.0, "Plan Width": 8, "Actual Rows": 52754, "Actual Loops": 1, "Hash Buckets": 65536, "Original Hash Buckets": 32768, "Hash Batches": 1, "Original Hash Batches": 1, "Peak Memory Usage": 2573, "Plans": [{"Node Type": "Nested Loop", "Parent Relationship": "Outer", "Parallel Aware": false, "Async Capable": false, "Join Type": "Inner", "Startup Cost": 0.29, "Total Cost": 5885.64, "Plan Rows": 767.0, "Plan Width": 8, "Actual Rows": 52754, "Actual Loops": 1, "Inner Unique": false, "Plans": [{"Node Type": "Seq Scan", "Parent Relationship": "Outer", "Parallel Aware": false, "Async Capable": false, "Relation Name": "comments", "Alias": "c", "Startup Cost": 0.0, "Total Cost": 3522.81, "Plan Rows": 624, "Plan Width": 4, "Actual Rows": 621, "Actual Loops": 1, "Filter": "(score = 5)", "Rows Removed by Filter": 173684}, {"Node Type": "Index Scan", "Parent Relationship": "Inner", "Parallel Aware": false, "Async Capable": false, "Scan Direction": "Forward", "Index Name": "idx_badges_userid", "Relation Name": "badges", "Alias": "b", "Startup Cost": 0.29, "Total Cost": 3.78, "Plan Rows": 1, "Plan Width": 4, "Actual Rows": 85, "Actual Loops": 621, "Index Cond": "(userid = c.userid)", "Rows Removed by Index Recheck": 0, "Filter": "(date <= '2012-12-29 15:28:13'::timestamp without time zone)", "Rows Removed by Filter": 88}]}]}]}]}, "Planning Time": 4.979, "Triggers": [], "Execution Time": 88.662}, {"Plan": {"Node Type": "Aggregate", "Strategy": "Plain", "Partial Mode": "Simple", "Parallel Aware": false, "Async Capable": false, "Startup Cost": 3033.79, "Total Cost": 3033.8, "Plan Rows": 1, "Plan Width": 8, "Actual Rows": 1, "Actual Loops": 1, "Plans": [{"Node Type": "Nested Loop", "Parent Relationship": "Outer", "Parallel Aware": false, "Async Capable": false, "Join Type": "Inner", "Startup Cost": 1.3, "Total Cost": 3032.86, "Plan Rows": 47.0, "Plan Width": 0, "Actual Rows": 41058, "Actual Loops": 1, "Inner Unique": false, "Plans": [{"Node Type": "Nested Loop", "Parent Relationship": "Outer", "Parallel Aware": false, "Async Capable": false, "Join Type": "Inner", "Startup Cost": 1.01, "Total Cost": 3027.22, "Plan Rows": 4.0, "Plan Width": 16, "Actual Rows": 434, "Actual Loops": 1, "Inner Unique": false, "Plans": [{"Node Type": "Nested Loop", "Parent Relationship": "Outer", "Parallel Aware": false, "Async Capable": false, "Join Type": "Inner", "Startup Cost": 0.71, "Total Cost": 3025.28, "Plan Rows": 55.0, "Plan Width": 12, "Actual Rows": 48, "Actual Loops": 1, "Inner Unique": false, "Plans": [{"Node Type": "Nested Loop", "Parent Relationship": "Outer", "Parallel Aware": false, "Async Capable": false, "Join Type": "Inner", "Startup Cost": 0.29, "Total Cost": 3005.07, "Plan Rows": 3.0, "Plan Width": 8, "Actual Rows": 37, "Actual Loops": 1, "Inner Unique": true, "Plans": [{"Node Type": "Seq Scan", "Parent Relationship": "Outer", "Parallel Aware": false, "Async Capable": false, "Relation Name": "posts", "Alias": "p", "Startup Cost": 0.0, "Total Cost": 2679.52, "Plan Rows": 43, "Plan Width": 4, "Actual Rows": 57, "Actual Loops": 1, "Filter": "((score >= 37) AND (score <= 60) AND (creationdate >= '2011-01-11 13:25:49'::timestamp without time zone) AND (creationdate <= '2012-06-01 01:44:43'::timestamp without time zone))", "Rows Removed by Filter": 91919}, {"Node Type": "Index Scan", "Parent Relationship": "Inner", "Parallel Aware": false, "Async Capable": false, "Scan Direction": "Forward", "Index Name": "users_pkey", "Relation Name": "users", "Alias": "u", "Startup Cost": 0.29, "Total Cost": 7.57, "Plan Rows": 1, "Plan Width": 4, "Actual Rows": 1, "Actual Loops": 57, "Index Cond": "(id = p.owneruserid)", "Rows Removed by Index Recheck": 0, "Filter": "((downvotes <= 180) AND (creationdate >= '2010-08-14 08:59:20'::timestamp without time zone) AND (creationdate <= '2013-03-08 18:28:08'::timestamp without time zone))", "Rows Removed by Filter": 0}]}, {"Node Type": "Index Scan", "Parent Relationship": "Inner", "Parallel Aware": false, "Async Capable": false, "Scan Direction": "Forward", "Index Name": "idx_votes_userid", "Relation Name": "votes", "Alias": "v", "Startup Cost": 0.42, "Total Cost": 1.25, "Plan Rows": 1, "Plan Width": 4, "Actual Rows": 1, "Actual Loops": 37, "Index Cond": "(userid = u.id)", "Rows Removed by Index Recheck": 0, "Filter": "(bountyamount <= 297)", "Rows Removed by Filter": 26}]}, {"Node Type": "Index Scan", "Parent Relationship": "Inner", "Parallel Aware": false, "Async Capable": false, "Scan Direction": "Forward", "Index Name": "idx_comments_userid", "Relation Name": "comments", "Alias": "c", "Startup Cost": 0.29, "Total Cost": 0.96, "Plan Rows": 1, "Plan Width": 4, "Actual Rows": 9, "Actual Loops": 48, "Index Cond": "(userid = u.id)", "Rows Removed by Index Recheck": 0, "Filter": "(score = 5)", "Rows Removed by Filter": 1036}]}, {"Node Type": "Index Scan", "Parent Relationship": "Inner", "Parallel Aware": false, "Async Capable": false, "Scan Direction": "Forward", "Index Name": "idx_badges_userid", "Relation Name": "badges", "Alias": "b", "Startup Cost": 0.29, "Total Cost": 0.5, "Plan Rows": 1, "Plan Width": 4, "Actual Rows": 95, "Actual Loops": 434, "Index Cond": "(userid = u.id)", "Rows Removed by Index Recheck": 0, "Filter": "(date <= '2012-12-29 15:28:13'::timestamp without time zone)", "Rows Removed by Filter": 125}]}]}, "Planning Time": 4.367, "Triggers": [], "Execution Time": 41.423}, {"Plan": {"Node Type": "Aggregate", "Strategy": "Plain", "Partial Mode": "Simple", "Parallel Aware": false, "Async Capable": false, "Startup Cost": 3496.7, "Total Cost": 3496.71, "Plan Rows": 1, "Plan Width": 8, "Actual Rows": 1, "Actual Loops": 1, "Plans": [{"Node Type": "Merge Join", "Parent Relationship": "Outer", "Parallel Aware": false, "Async Capable": false, "Join Type": "Inner", "Startup Cost": 3022.21, "Total Cost": 3495.77, "Plan Rows": 47.0, "Plan Width": 0, "Actual Rows": 41058, "Actual Loops": 1, "Inner Unique": false, "Merge Cond": "(u.id = v.userid)", "Plans": [{"Node Type": "Sort", "Parent Relationship": "Outer", "Parallel Aware": false, "Async Capable": false, "Startup Cost": 3021.5, "Total Cost": 3021.58, "Plan Rows": 1.0, "Plan Width": 12, "Actual Rows": 108, "Actual Loops": 1, "Sort Key": ["c.userid"], "Sort Method": "quicksort", "Sort Space Used": 29, "Sort Space Type": "Memory", "Plans": [{"Node Type": "Nested Loop", "Parent Relationship": "Outer", "Parallel Aware": false, "Async Capable": false, "Join Type": "Inner", "Startup Cost": 0.58, "Total Cost": 3020.6, "Plan Rows": 1.0, "Plan Width": 12, "Actual Rows": 108, "Actual Loops": 1, "Inner Unique": false, "Plans": [{"Node Type": "Nested Loop", "Parent Relationship": "Outer", "Parallel Aware": false, "Async Capable": false, "Join Type": "Inner", "Startup Cost": 0.29, "Total Cost": 3005.07, "Plan Rows": 3.0, "Plan Width": 8, "Actual Rows": 37, "Actual Loops": 1, "Inner Unique": true, "Plans": [{"Node Type": "Seq Scan", "Parent Relationship": "Outer", "Parallel Aware": false, "Async Capable": false, "Relation Name": "posts", "Alias": "p", "Startup Cost": 0.0, "Total Cost": 2679.52, "Plan Rows": 43, "Plan Width": 4, "Actual Rows": 57, "Actual Loops": 1, "Filter": "((score >= 37) AND (score <= 60) AND (creationdate >= '2011-01-11 13:25:49'::timestamp without time zone) AND (creationdate <= '2012-06-01 01:44:43'::timestamp without time zone))", "Rows Removed by Filter": 91919}, {"Node Type": "Index Scan", "Parent Relationship": "Inner", "Parallel Aware": false, "Async Capable": false, "Scan Direction": "Forward", "Index Name": "users_pkey", "Relation Name": "users", "Alias": "u", "Startup Cost": 0.29, "Total Cost": 7.57, "Plan Rows": 1, "Plan Width": 4, "Actual Rows": 1, "Actual Loops": 57, "Index Cond": "(id = p.owneruserid)", "Rows Removed by Index Recheck": 0, "Filter": "((downvotes <= 180) AND (creationdate >= '2010-08-14 08:59:20'::timestamp without time zone) AND (creationdate <= '2013-03-08 18:28:08'::timestamp without time zone))", "Rows Removed by Filter": 0}]}, {"Node Type": "Index Scan", "Parent Relationship": "Inner", "Parallel Aware": false, "Async Capable": false, "Scan Direction": "Forward", "Index Name": "idx_comments_userid", "Relation Name": "comments", "Alias": "c", "Startup Cost": 0.29, "Total Cost": 0.96, "Plan Rows": 1, "Plan Width": 4, "Actual Rows": 3, "Actual Loops": 37, "Index Cond": "(userid = u.id)", "Rows Removed by Index Recheck": 0, "Filter": "(score = 5)", "Rows Removed by Filter": 379}]}]}, {"Node Type": "Materialize", "Parent Relationship": "Inner", "Parallel Aware": false, "Async Capable": false, "Startup Cost": 0.71, "Total Cost": 4480.09, "Plan Rows": 129988.0, "Plan Width": 8, "Actual Rows": 54352, "Actual Loops": 1, "Plans": [{"Node Type": "Merge Join", "Parent Relationship": "Outer", "Parallel Aware": false, "Async Capable": false, "Join Type": "Inner", "Startup Cost": 0.71, "Total Cost": 4475.33, "Plan Rows": 129988.0, "Plan Width": 8, "Actual Rows": 14502, "Actual Loops": 1, "Inner Unique": false, "Merge Cond": "(v.userid = b.userid)", "Plans": [{"Node Type": "Index Scan", "Parent Relationship": "Outer", "Parallel Aware": false, "Async Capable": false, "Scan Direction": "Forward", "Index Name": "idx_votes_userid", "Relation Name": "votes", "Alias": "v", "Startup Cost": 0.42, "Total Cost": 12422.47, "Plan Rows": 1738, "Plan Width": 4, "Actual Rows": 473, "Actual Loops": 1, "Filter": "(bountyamount <= 297)", "Rows Removed by Filter": 14209}, {"Node Type": "Index Scan", "Parent Relationship": "Inner", "Parallel Aware": false, "Async Capable": false, "Scan Direction": "Forward", "Index Name": "idx_badges_userid", "Relation Name": "badges", "Alias": "b", "Startup Cost": 0.29, "Total Cost": 3064.97, "Plan Rows": 30132, "Plan Width": 4, "Actual Rows": 28276, "Actual Loops": 1, "Filter": "(date <= '2012-12-29 15:28:13'::timestamp without time zone)", "Rows Removed by Filter": 22986}]}]}]}]}, "Planning Time": 4.367, "Triggers": [], "Execution Time": 71.824}, {"Plan": {"Node Type": "Aggregate", "Strategy": "Plain", "Partial Mode": "Simple", "Parallel Aware": false, "Async Capable": false, "Startup Cost": 5738.92, "Total Cost": 5738.93, "Plan Rows": 1, "Plan Width": 8, "Actual Rows": 1, "Actual Loops": 1, "Plans": [{"Node Type": "Hash Join", "Parent Relationship": "Outer", "Parallel Aware": false, "Async Capable": false, "Join Type": "Inner", "Startup Cost": 2212.83, "Total Cost": 5737.99, "Plan Rows": 47.0, "Plan Width": 0, "Actual Rows": 41058, "Actual Loops": 1, "Inner Unique": false, "Hash Cond": "(c.userid = u.id)", "Plans": [{"Node Type": "Seq Scan", "Parent Relationship": "Outer", "Parallel Aware": false, "Async Capable": false, "Relation Name": "comments", "Alias": "c", "Startup Cost": 0.0, "Total Cost": 3522.81, "Plan Rows": 624, "Plan Width": 4, "Actual Rows": 621, "Actual Loops": 1, "Filter": "(score = 5)", "Rows Removed by Filter": 173684}, {"Node Type": "Hash", "Parent Relationship": "Inner", "Parallel Aware": false, "Async Capable": false, "Startup Cost": 2212.43, "Total Cost": 2212.43, "Plan Rows": 473.0, "Plan Width": 16, "Actual Rows": 2734, "Actual Loops": 1, "Hash Buckets": 4096, "Original Hash Buckets": 1024, "Hash Batches": 1, "Original Hash Batches": 1, "Peak Memory Usage": 161, "Plans": [{"Node Type": "Nested Loop", "Parent Relationship": "Outer", "Parallel Aware": false, "Async Capable": false, "Join Type": "Inner", "Startup Cost": 1.3, "Total Cost": 2212.43, "Plan Rows": 473.0, "Plan Width": 16, "Actual Rows": 2734, "Actual Loops": 1, "Inner Unique": false, "Join Filter": "(p.owneruserid = u.id)", "Rows Removed by Join Filter": 0, "Plans": [{"Node Type": "Merge Join", "Parent Relationship": "Outer", "Parallel Aware": false, "Async Capable": false, "Join Type": "Inner", "Startup Cost": 1.0, "Total Cost": 2171.64, "Plan Rows": 23244.0, "Plan Width": 12, "Actual Rows": 8057, "Actual Loops": 1, "Inner Unique": true, "Merge Cond": "(v.userid = u.id)", "Plans": [{"Node Type": "Merge Join", "Parent Relationship": "Outer", "Parallel Aware": false, "Async Capable": false, "Join Type": "Inner", "Startup Cost": 0.71, "Total Cost": 4475.33, "Plan Rows": 129988.0, "Plan Width": 8, "Actual Rows": 17097, "Actual Loops": 1, "Inner Unique": false, "Merge Cond": "(v.userid = b.userid)", "Plans": [{"Node Type": "Index Scan", "Parent Relationship": "Outer", "Parallel Aware": false, "Async Capable": false, "Scan Direction": "Forward", "Index Name": "idx_votes_userid", "Relation Name": "votes", "Alias": "v", "Startup Cost": 0.42, "Total Cost": 12422.47, "Plan Rows": 1738, "Plan Width": 4, "Actual Rows": 870, "Actual Loops": 1, "Filter": "(bountyamount <= 297)", "Rows Removed by Filter": 26245}, {"Node Type": "Index Scan", "Parent Relationship": "Inner", "Parallel Aware": false, "Async Capable": false, "Scan Direction": "Forward", "Index Name": "idx_badges_userid", "Relation Name": "badges", "Alias": "b", "Startup Cost": 0.29, "Total Cost": 3064.97, "Plan Rows": 30132, "Plan Width": 4, "Actual Rows": 41687, "Actual Loops": 1, "Filter": "(date <= '2012-12-29 15:28:13'::timestamp without time zone)", "Rows Removed by Filter": 65826}]}, {"Node Type": "Index Scan", "Parent Relationship": "Inner", "Parallel Aware": false, "Async Capable": false, "Scan Direction": "Forward", "Index Name": "users_pkey", "Relation Name": "users", "Alias": "u", "Startup Cost": 0.29, "Total Cost": 1659.6, "Plan Rows": 15080, "Plan Width": 4, "Actual Rows": 12694, "Actual Loops": 1, "Filter": "((downvotes <= 180) AND (creationdate >= '2010-08-14 08:59:20'::timestamp without time zone) AND (creationdate <= '2013-03-08 18:28:08'::timestamp without time zone))", "Rows Removed by Filter": 688}]}, {"Node Type": "Index Scan", "Parent Relationship": "Inner", "Parallel Aware": false, "Async Capable": false, "Scan Direction": "Forward", "Index Name": "idx_posts_owneruserid", "Relation Name": "posts", "Alias": "p", "Startup Cost": 0.29, "Total Cost": 0.53, "Plan Rows": 1, "Plan Width": 4, "Actual Rows": 0, "Actual Loops": 8057, "Index Cond": "(owneruserid = b.userid)", "Rows Removed by Index Recheck": 0, "Filter": "((score >= 37) AND (score <= 60) AND (creationdate >= '2011-01-11 13:25:49'::timestamp without time zone) AND (creationdate <= '2012-06-01 01:44:43'::timestamp without time zone))", "Rows Removed by Filter": 143}]}]}]}]}, "Planning Time": 4.974, "Triggers": [], "Execution Time": 342.335}, {"Plan": {"Node Type": "Aggregate", "Strategy": "Plain", "Partial Mode": "Simple", "Parallel Aware": false, "Async Capable": false, "Startup Cost": 7947.37, "Total Cost": 7947.38, "Plan Rows": 1, "Plan Width": 8, "Actual Rows": 1, "Actual Loops": 1, "Plans": [{"Node Type": "Hash Join", "Parent Relationship": "Outer", "Parallel Aware": false, "Async Capable": false, "Join Type": "Inner", "Startup Cost": 4875.95, "Total Cost": 7946.44, "Plan Rows": 47.0, "Plan Width": 0, "Actual Rows": 41058, "Actual Loops": 1, "Inner Unique": false, "Hash Cond": "(u.id = c.userid)", "Plans": [{"Node Type": "Nested Loop", "Parent Relationship": "Outer", "Parallel Aware": false, "Async Capable": false, "Join Type": "Inner", "Startup Cost": 0.58, "Total Cost": 3013.27, "Plan Rows": 29.0, "Plan Width": 12, "Actual Rows": 1122, "Actual Loops": 1, "Inner Unique": false, "Plans": [{"Node Type": "Nested Loop", "Parent Relationship": "Outer", "Parallel Aware": false, "Async Capable": false, "Join Type": "Inner", "Startup Cost": 0.29, "Total Cost": 3005.07, "Plan Rows": 3.0, "Plan Width": 8, "Actual Rows": 37, "Actual Loops": 1, "Inner Unique": true, "Plans": [{"Node Type": "Seq Scan", "Parent Relationship": "Outer", "Parallel Aware": false, "Async Capable": false, "Relation Name": "posts", "Alias": "p", "Startup Cost": 0.0, "Total Cost": 2679.52, "Plan Rows": 43, "Plan Width": 4, "Actual Rows": 57, "Actual Loops": 1, "Filter": "((score >= 37) AND (score <= 60) AND (creationdate >= '2011-01-11 13:25:49'::timestamp without time zone) AND (creationdate <= '2012-06-01 01:44:43'::timestamp without time zone))", "Rows Removed by Filter": 91919}, {"Node Type": "Index Scan", "Parent Relationship": "Inner", "Parallel Aware": false, "Async Capable": false, "Scan Direction": "Forward", "Index Name": "users_pkey", "Relation Name": "users", "Alias": "u", "Startup Cost": 0.29, "Total Cost": 7.57, "Plan Rows": 1, "Plan Width": 4, "Actual Rows": 1, "Actual Loops": 57, "Index Cond": "(id = p.owneruserid)", "Rows Removed by Index Recheck": 0, "Filter": "((downvotes <= 180) AND (creationdate >= '2010-08-14 08:59:20'::timestamp without time zone) AND (creationdate <= '2013-03-08 18:28:08'::timestamp without time zone))", "Rows Removed by Filter": 0}]}, {"Node Type": "Index Scan", "Parent Relationship": "Inner", "Parallel Aware": false, "Async Capable": false, "Scan Direction": "Forward", "Index Name": "idx_badges_userid", "Relation Name": "badges", "Alias": "b", "Startup Cost": 0.29, "Total Cost": 0.5, "Plan Rows": 1, "Plan Width": 4, "Actual Rows": 30, "Actual Loops": 37, "Index Cond": "(userid = u.id)", "Rows Removed by Index Recheck": 0, "Filter": "(date <= '2012-12-29 15:28:13'::timestamp without time zone)", "Rows Removed by Filter": 28}]}, {"Node Type": "Hash", "Parent Relationship": "Inner", "Parallel Aware": false, "Async Capable": false, "Startup Cost": 4872.88, "Total Cost": 4872.88, "Plan Rows": 1351.0, "Plan Width": 8, "Actual Rows": 2538, "Actual Loops": 1, "Hash Buckets": 4096, "Original Hash Buckets": 1024, "Hash Batches": 1, "Original Hash Batches": 1, "Peak Memory Usage": 132, "Plans": [{"Node Type": "Merge Join", "Parent Relationship": "Outer", "Parallel Aware": false, "Async Capable": false, "Join Type": "Inner", "Startup Cost": 3552.21, "Total Cost": 4872.88, "Plan Rows": 1351.0, "Plan Width": 8, "Actual Rows": 2538, "Actual Loops": 1, "Inner Unique": false, "Merge Cond": "(v.userid = c.userid)", "Plans": [{"Node Type": "Index Scan", "Parent Relationship": "Outer", "Parallel Aware": false, "Async Capable": false, "Scan Direction": "Forward", "Index Name": "idx_votes_userid", "Relation Name": "votes", "Alias": "v", "Startup Cost": 0.42, "Total Cost": 12422.47, "Plan Rows": 1738, "Plan Width": 4, "Actual Rows": 1071, "Actual Loops": 1, "Filter": "(bountyamount <= 297)", "Rows Removed by Filter": 33041}, {"Node Type": "Sort", "Parent Relationship": "Inner", "Parallel Aware": false, "Async Capable": false, "Startup Cost": 3551.78, "Total Cost": 3553.34, "Plan Rows": 624, "Plan Width": 4, "Actual Rows": 2776, "Actual Loops": 1, "Sort Key": ["c.userid"], "Sort Method": "quicksort", "Sort Space Used": 25, "Sort Space Type": "Memory", "Plans": [{"Node Type": "Seq Scan", "Parent Relationship": "Outer", "Parallel Aware": false, "Async Capable": false, "Relation Name": "comments", "Alias": "c", "Startup Cost": 0.0, "Total Cost": 3522.81, "Plan Rows": 624, "Plan Width": 4, "Actual Rows": 621, "Actual Loops": 1, "Filter": "(score = 5)", "Rows Removed by Filter": 173684}]}]}]}]}]}, "Planning Time": 5.01, "Triggers": [], "Execution Time": 101.551}, {"Plan": {"Node Type": "Aggregate", "Strategy": "Plain", "Partial Mode": "Simple", "Parallel Aware": false, "Async Capable": false, "Startup Cost": 4101.95, "Total Cost": 4101.96, "Plan Rows": 1, "Plan Width": 8, "Actual Rows": 1, "Actual Loops": 1, "Plans": [{"Node Type": "Nested Loop", "Parent Relationship": "Outer", "Parallel Aware": false, "Async Capable": false, "Join Type": "Inner", "Startup Cost": 1.31, "Total Cost": 4101.02, "Plan Rows": 47.0, "Plan Width": 0, "Actual Rows": 41058, "Actual Loops": 1, "Inner Unique": false, "Join Filter": "(v.userid = u.id)", "Rows Removed by Join Filter": 0, "Plans": [{"Node Type": "Nested Loop", "Parent Relationship": "Outer", "Parallel Aware": false, "Async Capable": false, "Join Type": "Inner", "Startup Cost": 0.88, "Total Cost": 3038.54, "Plan Rows": 3.0, "Plan Width": 16, "Actual Rows": 8995, "Actual Loops": 1, "Inner Unique": false, "Plans": [{"Node Type": "Nested Loop", "Parent Relationship": "Outer", "Parallel Aware": false, "Async Capable": false, "Join Type": "Inner", "Startup Cost": 0.58, "Total Cost": 3020.6, "Plan Rows": 1.0, "Plan Width": 12, "Actual Rows": 108, "Actual Loops": 1, "Inner Unique": false, "Plans": [{"Node Type": "Nested Loop", "Parent Relationship": "Outer", "Parallel Aware": false, "Async Capable": false, "Join Type": "Inner", "Startup Cost": 0.29, "Total Cost": 3005.07, "Plan Rows": 3.0, "Plan Width": 8, "Actual Rows": 37, "Actual Loops": 1, "Inner Unique": true, "Plans": [{"Node Type": "Seq Scan", "Parent Relationship": "Outer", "Parallel Aware": false, "Async Capable": false, "Relation Name": "posts", "Alias": "p", "Startup Cost": 0.0, "Total Cost": 2679.52, "Plan Rows": 43, "Plan Width": 4, "Actual Rows": 57, "Actual Loops": 1, "Filter": "((score >= 37) AND (score <= 60) AND (creationdate >= '2011-01-11 13:25:49'::timestamp without time zone) AND (creationdate <= '2012-06-01 01:44:43'::timestamp without time zone))", "Rows Removed by Filter": 91919}, {"Node Type": "Index Scan", "Parent Relationship": "Inner", "Parallel Aware": false, "Async Capable": false, "Scan Direction": "Forward", "Index Name": "users_pkey", "Relation Name": "users", "Alias": "u", "Startup Cost": 0.29, "Total Cost": 7.57, "Plan Rows": 1, "Plan Width": 4, "Actual Rows": 1, "Actual Loops": 57, "Index Cond": "(id = p.owneruserid)", "Rows Removed by Index Recheck": 0, "Filter": "((downvotes <= 180) AND (creationdate >= '2010-08-14 08:59:20'::timestamp without time zone) AND (creationdate <= '2013-03-08 18:28:08'::timestamp without time zone))", "Rows Removed by Filter": 0}]}, {"Node Type": "Index Scan", "Parent Relationship": "Inner", "Parallel Aware": false, "Async Capable": false, "Scan Direction": "Forward", "Index Name": "idx_comments_userid", "Relation Name": "comments", "Alias": "c", "Startup Cost": 0.29, "Total Cost": 0.96, "Plan Rows": 1, "Plan Width": 4, "Actual Rows": 3, "Actual Loops": 37, "Index Cond": "(userid = u.id)", "Rows Removed by Index Recheck": 0, "Filter": "(score = 5)", "Rows Removed by Filter": 379}]}, {"Node Type": "Index Scan", "Parent Relationship": "Inner", "Parallel Aware": false, "Async Capable": false, "Scan Direction": "Forward", "Index Name": "idx_badges_userid", "Relation Name": "badges", "Alias": "b", "Startup Cost": 0.29, "Total Cost": 0.5, "Plan Rows": 1, "Plan Width": 4, "Actual Rows": 83, "Actual Loops": 108, "Index Cond": "(userid = u.id)", "Rows Removed by Index Recheck": 0, "Filter": "(date <= '2012-12-29 15:28:13'::timestamp without time zone)", "Rows Removed by Filter": 110}]}, {"Node Type": "Memoize", "Parent Relationship": "Inner", "Parallel Aware": false, "Async Capable": false, "Startup Cost": 0.43, "Total Cost": 23.45, "Plan Rows": 1, "Plan Width": 4, "Actual Rows": 5, "Actual Loops": 8995, "Cache Key": "p.owneruserid", "Cache Mode": "logical", "Cache Hits": 8987, "Cache Misses": 8, "Cache Evictions": 0, "Cache Overflows": 0, "Peak Memory Usage": 2, "Plans": [{"Node Type": "Index Scan", "Parent Relationship": "Outer", "Parallel Aware": false, "Async Capable": false, "Scan Direction": "Forward", "Index Name": "idx_votes_userid", "Relation Name": "votes", "Alias": "v", "Startup Cost": 0.42, "Total Cost": 23.44, "Plan Rows": 1, "Plan Width": 4, "Actual Rows": 2, "Actual Loops": 8, "Index Cond": "(userid = p.owneruserid)", "Rows Removed by Index Recheck": 0, "Filter": "(bountyamount <= 297)", "Rows Removed by Filter": 55}]}]}]}, "Planning Time": 4.321, "Triggers": [], "Execution Time": 25.628}, {"Plan": {"Node Type": "Aggregate", "Strategy": "Plain", "Partial Mode": "Simple", "Parallel Aware": false, "Async Capable": false, "Startup Cost": 4420.61, "Total Cost": 4420.62, "Plan Rows": 1, "Plan Width": 8, "Actual Rows": 1, "Actual Loops": 1, "Plans": [{"Node Type": "Merge Join", "Parent Relationship": "Outer", "Parallel Aware": false, "Async Capable": false, "Join Type": "Inner", "Startup Cost": 3098.24, "Total Cost": 4419.68, "Plan Rows": 47.0, "Plan Width": 0, "Actual Rows": 41058, "Actual Loops": 1, "Inner Unique": false, "Merge Cond": "(v.userid = u.id)", "Plans": [{"Node Type": "Index Scan", "Parent Relationship": "Outer", "Parallel Aware": false, "Async Capable": false, "Scan Direction": "Forward", "Index Name": "idx_votes_userid", "Relation Name": "votes", "Alias": "v", "Startup Cost": 0.42, "Total Cost": 12422.47, "Plan Rows": 1738, "Plan Width": 4, "Actual Rows": 473, "Actual Loops": 1, "Filter": "(bountyamount <= 297)", "Rows Removed by Filter": 14209}, {"Node Type": "Sort", "Parent Relationship": "Inner", "Parallel Aware": false, "Async Capable": false, "Startup Cost": 3097.82, "Total Cost": 3100.73, "Plan Rows": 3.0, "Plan Width": 16, "Actual Rows": 41293, "Actual Loops": 1, "Sort Key": ["c.userid"], "Sort Method": "quicksort", "Sort Space Used": 736, "Sort Space Type": "Memory", "Plans": [{"Node Type": "Nested Loop", "Parent Relationship": "Outer", "Parallel Aware": false, "Async Capable": false, "Join Type": "Inner", "Startup Cost": 0.88, "Total Cost": 3038.54, "Plan Rows": 3.0, "Plan Width": 16, "Actual Rows": 8995, "Actual Loops": 1, "Inner Unique": false, "Plans": [{"Node Type": "Nested Loop", "Parent Relationship": "Outer", "Parallel Aware": false, "Async Capable": false, "Join Type": "Inner", "Startup Cost": 0.58, "Total Cost": 3020.6, "Plan Rows": 1.0, "Plan Width": 12, "Actual Rows": 108, "Actual Loops": 1, "Inner Unique": false, "Plans": [{"Node Type": "Nested Loop", "Parent Relationship": "Outer", "Parallel Aware": false, "Async Capable": false, "Join Type": "Inner", "Startup Cost": 0.29, "Total Cost": 3005.07, "Plan Rows": 3.0, "Plan Width": 8, "Actual Rows": 37, "Actual Loops": 1, "Inner Unique": true, "Plans": [{"Node Type": "Seq Scan", "Parent Relationship": "Outer", "Parallel Aware": false, "Async Capable": false, "Relation Name": "posts", "Alias": "p", "Startup Cost": 0.0, "Total Cost": 2679.52, "Plan Rows": 43, "Plan Width": 4, "Actual Rows": 57, "Actual Loops": 1, "Filter": "((score >= 37) AND (score <= 60) AND (creationdate >= '2011-01-11 13:25:49'::timestamp without time zone) AND (creationdate <= '2012-06-01 01:44:43'::timestamp without time zone))", "Rows Removed by Filter": 91919}, {"Node Type": "Index Scan", "Parent Relationship": "Inner", "Parallel Aware": false, "Async Capable": false, "Scan Direction": "Forward", "Index Name": "users_pkey", "Relation Name": "users", "Alias": "u", "Startup Cost": 0.29, "Total Cost": 7.57, "Plan Rows": 1, "Plan Width": 4, "Actual Rows": 1, "Actual Loops": 57, "Index Cond": "(id = p.owneruserid)", "Rows Removed by Index Recheck": 0, "Filter": "((downvotes <= 180) AND (creationdate >= '2010-08-14 08:59:20'::timestamp without time zone) AND (creationdate <= '2013-03-08 18:28:08'::timestamp without time zone))", "Rows Removed by Filter": 0}]}, {"Node Type": "Index Scan", "Parent Relationship": "Inner", "Parallel Aware": false, "Async Capable": false, "Scan Direction": "Forward", "Index Name": "idx_comments_userid", "Relation Name": "comments", "Alias": "c", "Startup Cost": 0.29, "Total Cost": 0.96, "Plan Rows": 1, "Plan Width": 4, "Actual Rows": 3, "Actual Loops": 37, "Index Cond": "(userid = u.id)", "Rows Removed by Index Recheck": 0, "Filter": "(score = 5)", "Rows Removed by Filter": 379}]}, {"Node Type": "Index Scan", "Parent Relationship": "Inner", "Parallel Aware": false, "Async Capable": false, "Scan Direction": "Forward", "Index Name": "idx_badges_userid", "Relation Name": "badges", "Alias": "b", "Startup Cost": 0.29, "Total Cost": 0.5, "Plan Rows": 1, "Plan Width": 4, "Actual Rows": 83, "Actual Loops": 108, "Index Cond": "(userid = u.id)", "Rows Removed by Index Recheck": 0, "Filter": "(date <= '2012-12-29 15:28:13'::timestamp without time zone)", "Rows Removed by Filter": 110}]}]}]}]}, "Planning Time": 4.239, "Triggers": [], "Execution Time": 47.454}, {"Plan": {"Node Type": "Aggregate", "Strategy": "Plain", "Partial Mode": "Simple", "Parallel Aware": false, "Async Capable": false, "Startup Cost": 6505.54, "Total Cost": 6505.55, "Plan Rows": 1, "Plan Width": 8, "Actual Rows": 1, "Actual Loops": 1, "Plans": [{"Node Type": "Hash Join", "Parent Relationship": "Outer", "Parallel Aware": false, "Async Capable": false, "Join Type": "Inner", "Startup Cost": 2172.88, "Total Cost": 6504.61, "Plan Rows": 47.0, "Plan Width": 0, "Actual Rows": 41058, "Actual Loops": 1, "Inner Unique": false, "Hash Cond": "(c.userid = u.id)", "Plans": [{"Node Type": "Nested Loop", "Parent Relationship": "Outer", "Parallel Aware": false, "Async Capable": false, "Join Type": "Inner", "Startup Cost": 0.29, "Total Cost": 4331.67, "Plan Rows": 2.0, "Plan Width": 8, "Actual Rows": 605, "Actual Loops": 1, "Inner Unique": false, "Plans": [{"Node Type": "Seq Scan", "Parent Relationship": "Outer", "Parallel Aware": false, "Async Capable": false, "Relation Name": "posts", "Alias": "p", "Startup Cost": 0.0, "Total Cost": 2679.52, "Plan Rows": 43, "Plan Width": 4, "Actual Rows": 57, "Actual Loops": 1, "Filter": "((score >= 37) AND (score <= 60) AND (creationdate >= '2011-01-11 13:25:49'::timestamp without time zone) AND (creationdate <= '2012-06-01 01:44:43'::timestamp without time zone))", "Rows Removed by Filter": 91919}, {"Node Type": "Index Scan", "Parent Relationship": "Inner", "Parallel Aware": false, "Async Capable": false, "Scan Direction": "Forward", "Index Name": "idx_comments_userid", "Relation Name": "comments", "Alias": "c", "Startup Cost": 0.29, "Total Cost": 38.41, "Plan Rows": 1, "Plan Width": 4, "Actual Rows": 11, "Actual Loops": 57, "Index Cond": "(userid = p.owneruserid)", "Rows Removed by Index Recheck": 0, "Filter": "(score = 5)", "Rows Removed by Filter": 1138}]}, {"Node Type": "Hash", "Parent Relationship": "Inner", "Parallel Aware": false, "Async Capable": false, "Startup Cost": 2171.64, "Total Cost": 2171.64, "Plan Rows": 23244.0, "Plan Width": 12, "Actual Rows": 8057, "Actual Loops": 1, "Hash Buckets": 8192, "Original Hash Buckets": 1024, "Hash Batches": 1, "Original Hash Batches": 1, "Peak Memory Usage": 411, "Plans": [{"Node Type": "Merge Join", "Parent Relationship": "Outer", "Parallel Aware": false, "Async Capable": false, "Join Type": "Inner", "Startup Cost": 1.0, "Total Cost": 2171.64, "Plan Rows": 23244.0, "Plan Width": 12, "Actual Rows": 8057, "Actual Loops": 1, "Inner Unique": true, "Merge Cond": "(v.userid = u.id)", "Plans": [{"Node Type": "Merge Join", "Parent Relationship": "Outer", "Parallel Aware": false, "Async Capable": false, "Join Type": "Inner", "Startup Cost": 0.71, "Total Cost": 4475.33, "Plan Rows": 129988.0, "Plan Width": 8, "Actual Rows": 17097, "Actual Loops": 1, "Inner Unique": false, "Merge Cond": "(v.userid = b.userid)", "Plans": [{"Node Type": "Index Scan", "Parent Relationship": "Outer", "Parallel Aware": false, "Async Capable": false, "Scan Direction": "Forward", "Index Name": "idx_votes_userid", "Relation Name": "votes", "Alias": "v", "Startup Cost": 0.42, "Total Cost": 12422.47, "Plan Rows": 1738, "Plan Width": 4, "Actual Rows": 870, "Actual Loops": 1, "Filter": "(bountyamount <= 297)", "Rows Removed by Filter": 26245}, {"Node Type": "Index Scan", "Parent Relationship": "Inner", "Parallel Aware": false, "Async Capable": false, "Scan Direction": "Forward", "Index Name": "idx_badges_userid", "Relation Name": "badges", "Alias": "b", "Startup Cost": 0.29, "Total Cost": 3064.97, "Plan Rows": 30132, "Plan Width": 4, "Actual Rows": 41687, "Actual Loops": 1, "Filter": "(date <= '2012-12-29 15:28:13'::timestamp without time zone)", "Rows Removed by Filter": 65826}]}, {"Node Type": "Index Scan", "Parent Relationship": "Inner", "Parallel Aware": false, "Async Capable": false, "Scan Direction": "Forward", "Index Name": "users_pkey", "Relation Name": "users", "Alias": "u", "Startup Cost": 0.29, "Total Cost": 1659.6, "Plan Rows": 15080, "Plan Width": 4, "Actual Rows": 12694, "Actual Loops": 1, "Filter": "((downvotes <= 180) AND (creationdate >= '2010-08-14 08:59:20'::timestamp without time zone) AND (creationdate <= '2013-03-08 18:28:08'::timestamp without time zone))", "Rows Removed by Filter": 688}]}]}]}]}, "Planning Time": 5.091, "Triggers": [], "Execution Time": 157.384}, {"Plan": {"Node Type": "Aggregate", "Strategy": "Plain", "Partial Mode": "Simple", "Parallel Aware": false, "Async Capable": false, "Startup Cost": 6507.98, "Total Cost": 6507.99, "Plan Rows": 1, "Plan Width": 8, "Actual Rows": 1, "Actual Loops": 1, "Plans": [{"Node Type": "Merge Join", "Parent Relationship": "Outer", "Parallel Aware": false, "Async Capable": false, "Join Type": "Inner", "Startup Cost": 4335.76, "Total Cost": 6507.05, "Plan Rows": 47.0, "Plan Width": 0, "Actual Rows": 41058, "Actual Loops": 1, "Inner Unique": false, "Merge Cond": "(u.id = c.userid)", "Plans": [{"Node Type": "Merge Join", "Parent Relationship": "Outer", "Parallel Aware": false, "Async Capable": false, "Join Type": "Inner", "Startup Cost": 1.0, "Total Cost": 2171.64, "Plan Rows": 23244.0, "Plan Width": 12, "Actual Rows": 5521, "Actual Loops": 1, "Inner Unique": true, "Merge Cond": "(v.userid = u.id)", "Plans": [{"Node Type": "Merge Join", "Parent Relationship": "Outer", "Parallel Aware": false, "Async Capable": false, "Join Type": "Inner", "Startup Cost": 0.71, "Total Cost": 4475.33, "Plan Rows": 129988.0, "Plan Width": 8, "Actual Rows": 14502, "Actual Loops": 1, "Inner Unique": false, "Merge Cond": "(v.userid = b.userid)", "Plans": [{"Node Type": "Index Scan", "Parent Relationship": "Outer", "Parallel Aware": false, "Async Capable": false, "Scan Direction": "Forward", "Index Name": "idx_votes_userid", "Relation Name": "votes", "Alias": "v", "Startup Cost": 0.42, "Total Cost": 12422.47, "Plan Rows": 1738, "Plan Width": 4, "Actual Rows": 473, "Actual Loops": 1, "Filter": "(bountyamount <= 297)", "Rows Removed by Filter": 14209}, {"Node Type": "Index Scan", "Parent Relationship": "Inner", "Parallel Aware": false, "Async Capable": false, "Scan Direction": "Forward", "Index Name": "idx_badges_userid", "Relation Name": "badges", "Alias": "b", "Startup Cost": 0.29, "Total Cost": 3064.97, "Plan Rows": 30132, "Plan Width": 4, "Actual Rows": 28276, "Actual Loops": 1, "Filter": "(date <= '2012-12-29 15:28:13'::timestamp without time zone)", "Rows Removed by Filter": 22986}]}, {"Node Type": "Index Scan", "Parent Relationship": "Inner", "Parallel Aware": false, "Async Capable": false, "Scan Direction": "Forward", "Index Name": "users_pkey", "Relation Name": "users", "Alias": "u", "Startup Cost": 0.29, "Total Cost": 1659.6, "Plan Rows": 15080, "Plan Width": 4, "Actual Rows": 4796, "Actual Loops": 1, "Filter": "((downvotes <= 180) AND (creationdate >= '2010-08-14 08:59:20'::timestamp without time zone) AND (creationdate <= '2013-03-08 18:28:08'::timestamp without time zone))", "Rows Removed by Filter": 685}]}, {"Node Type": "Sort", "Parent Relationship": "Inner", "Parallel Aware": false, "Async Capable": false, "Startup Cost": 4334.75, "Total Cost": 4334.99, "Plan Rows": 2.0, "Plan Width": 8, "Actual Rows": 41562, "Actual Loops": 1, "Sort Key": ["c.userid"], "Sort Method": "quicksort", "Sort Space Used": 43, "Sort Space Type": "Memory", "Plans": [{"Node Type": "Nested Loop", "Parent Relationship": "Outer", "Parallel Aware": false, "Async Capable": false, "Join Type": "Inner", "Startup Cost": 0.29, "Total Cost": 4331.67, "Plan Rows": 2.0, "Plan Width": 8, "Actual Rows": 605, "Actual Loops": 1, "Inner Unique": false, "Plans": [{"Node Type": "Seq Scan", "Parent Relationship": "Outer", "Parallel Aware": false, "Async Capable": false, "Relation Name": "posts", "Alias": "p", "Startup Cost": 0.0, "Total Cost": 2679.52, "Plan Rows": 43, "Plan Width": 4, "Actual Rows": 57, "Actual Loops": 1, "Filter": "((score >= 37) AND (score <= 60) AND (creationdate >= '2011-01-11 13:25:49'::timestamp without time zone) AND (creationdate <= '2012-06-01 01:44:43'::timestamp without time zone))", "Rows Removed by Filter": 91919}, {"Node Type": "Index Scan", "Parent Relationship": "Inner", "Parallel Aware": false, "Async Capable": false, "Scan Direction": "Forward", "Index Name": "idx_comments_userid", "Relation Name": "comments", "Alias": "c", "Startup Cost": 0.29, "Total Cost": 38.41, "Plan Rows": 1, "Plan Width": 4, "Actual Rows": 11, "Actual Loops": 57, "Index Cond": "(userid = p.owneruserid)", "Rows Removed by Index Recheck": 0, "Filter": "(score = 5)", "Rows Removed by Filter": 1138}]}]}]}]}, "Planning Time": 5.035, "Triggers": [], "Execution Time": 88.753}, {"Plan": {"Node Type": "Aggregate", "Strategy": "Plain", "Partial Mode": "Simple", "Parallel Aware": false, "Async Capable": false, "Startup Cost": 6675.52, "Total Cost": 6675.53, "Plan Rows": 1, "Plan Width": 8, "Actual Rows": 1, "Actual Loops": 1, "Plans": [{"Node Type": "Hash Join", "Parent Relationship": "Outer", "Parallel Aware": false, "Async Capable": false, "Join Type": "Inner", "Startup Cost": 3015.43, "Total Cost": 6674.59, "Plan Rows": 47.0, "Plan Width": 0, "Actual Rows": 41058, "Actual Loops": 1, "Inner Unique": false, "Hash Cond": "(c.userid = u.id)", "Plans": [{"Node Type": "Nested Loop", "Parent Relationship": "Outer", "Parallel Aware": false, "Async Capable": false, "Join Type": "Inner", "Startup Cost": 0.59, "Total Cost": 3647.83, "Plan Rows": 16.0, "Plan Width": 12, "Actual Rows": 111412, "Actual Loops": 1, "Inner Unique": false, "Join Filter": "(c.userid = p.owneruserid)", "Rows Removed by Join Filter": 0, "Plans": [{"Node Type": "Nested Loop", "Parent Relationship": "Outer", "Parallel Aware": false, "Async Capable": false, "Join Type": "Inner", "Startup Cost": 0.29, "Total Cost": 3166.2, "Plan Rows": 185.0, "Plan Width": 8, "Actual Rows": 2664, "Actual Loops": 1, "Inner Unique": false, "Plans": [{"Node Type": "Seq Scan", "Parent Relationship": "Outer", "Parallel Aware": false, "Async Capable": false, "Relation Name": "posts", "Alias": "p", "Startup Cost": 0.0, "Total Cost": 2679.52, "Plan Rows": 43, "Plan Width": 4, "Actual Rows": 57, "Actual Loops": 1, "Filter": "((score >= 37) AND (score <= 60) AND (creationdate >= '2011-01-11 13:25:49'::timestamp without time zone) AND (creationdate <= '2012-06-01 01:44:43'::timestamp without time zone))", "Rows Removed by Filter": 91919}, {"Node Type": "Index Scan", "Parent Relationship": "Inner", "Parallel Aware": false, "Async Capable": false, "Scan Direction": "Forward", "Index Name": "idx_badges_userid", "Relation Name": "badges", "Alias": "b", "Startup Cost": 0.29, "Total Cost": 11.31, "Plan Rows": 1, "Plan Width": 4, "Actual Rows": 47, "Actual Loops": 57, "Index Cond": "(userid = p.owneruserid)", "Rows Removed by Index Recheck": 0, "Filter": "(date <= '2012-12-29 15:28:13'::timestamp without time zone)", "Rows Removed by Filter": 39}]}, {"Node Type": "Index Scan", "Parent Relationship": "Inner", "Parallel Aware": false, "Async Capable": false, "Scan Direction": "Forward", "Index Name": "idx_comments_userid", "Relation Name": "comments", "Alias": "c", "Startup Cost": 0.29, "Total Cost": 0.76, "Plan Rows": 1, "Plan Width": 4, "Actual Rows": 42, "Actual Loops": 2664, "Index Cond": "(userid = b.userid)", "Rows Removed by Index Recheck": 0, "Filter": "(score = 5)", "Rows Removed by Filter": 4443}]}, {"Node Type": "Hash", "Parent Relationship": "Inner", "Parallel Aware": false, "Async Capable": false, "Startup Cost": 3013.98, "Total Cost": 3013.98, "Plan Rows": 2023.0, "Plan Width": 8, "Actual Rows": 680, "Actual Loops": 1, "Hash Buckets": 1024, "Original Hash Buckets": 1024, "Hash Batches": 1, "Original Hash Batches": 1, "Peak Memory Usage": 35, "Plans": [{"Node Type": "Merge Join", "Parent Relationship": "Outer", "Parallel Aware": false, "Async Capable": false, "Join Type": "Inner", "Startup Cost": 0.71, "Total Cost": 3013.98, "Plan Rows": 2023.0, "Plan Width": 8, "Actual Rows": 680, "Actual Loops": 1, "Inner Unique": true, "Merge Cond": "(v.userid = u.id)", "Plans": [{"Node Type": "Index Scan", "Parent Relationship": "Outer", "Parallel Aware": false, "Async Capable": false, "Scan Direction": "Forward", "Index Name": "idx_votes_userid", "Relation Name": "votes", "Alias": "v", "Startup Cost": 0.42, "Total Cost": 12422.47, "Plan Rows": 1738, "Plan Width": 4, "Actual Rows": 1057, "Actual Loops": 1, "Filter": "(bountyamount <= 297)", "Rows Removed by Filter": 32646}, {"Node Type": "Index Scan", "Parent Relationship": "Inner", "Parallel Aware": false, "Async Capable": false, "Scan Direction": "Forward", "Index Name": "users_pkey", "Relation Name": "users", "Alias": "u", "Startup Cost": 0.29, "Total Cost": 1659.6, "Plan Rows": 15080, "Plan Width": 4, "Actual Rows": 15070, "Actual Loops": 1, "Filter": "((downvotes <= 180) AND (creationdate >= '2010-08-14 08:59:20'::timestamp without time zone) AND (creationdate <= '2013-03-08 18:28:08'::timestamp without time zone))", "Rows Removed by Filter": 25255}]}]}]}]}, "Planning Time": 5.038, "Triggers": [], "Execution Time": 1594.056}, {"Plan": {"Node Type": "Aggregate", "Strategy": "Plain", "Partial Mode": "Simple", "Parallel Aware": false, "Async Capable": false, "Startup Cost": 4571.5, "Total Cost": 4571.51, "Plan Rows": 1, "Plan Width": 8, "Actual Rows": 1, "Actual Loops": 1, "Plans": [{"Node Type": "Hash Join", "Parent Relationship": "Outer", "Parallel Aware": false, "Async Capable": false, "Join Type": "Inner", "Startup Cost": 3027.36, "Total Cost": 4570.57, "Plan Rows": 47.0, "Plan Width": 0, "Actual Rows": 41058, "Actual Loops": 1, "Inner Unique": false, "Hash Cond": "(b.userid = u.id)", "Plans": [{"Node Type": "Seq Scan", "Parent Relationship": "Outer", "Parallel Aware": false, "Async Capable": false, "Relation Name": "badges", "Alias": "b", "Startup Cost": 0.0, "Total Cost": 1430.14, "Plan Rows": 30132, "Plan Width": 4, "Actual Rows": 30132, "Actual Loops": 1, "Filter": "(date <= '2012-12-29 15:28:13'::timestamp without time zone)", "Rows Removed by Filter": 49719}, {"Node Type": "Hash", "Parent Relationship": "Inner", "Parallel Aware": false, "Async Capable": false, "Startup Cost": 3027.22, "Total Cost": 3027.22, "Plan Rows": 4.0, "Plan Width": 16, "Actual Rows": 434, "Actual Loops": 1, "Hash Buckets": 1024, "Original Hash Buckets": 1024, "Hash Batches": 1, "Original Hash Batches": 1, "Peak Memory Usage": 29, "Plans": [{"Node Type": "Nested Loop", "Parent Relationship": "Outer", "Parallel Aware": false, "Async Capable": false, "Join Type": "Inner", "Startup Cost": 1.01, "Total Cost": 3027.22, "Plan Rows": 4.0, "Plan Width": 16, "Actual Rows": 434, "Actual Loops": 1, "Inner Unique": false, "Plans": [{"Node Type": "Nested Loop", "Parent Relationship": "Outer", "Parallel Aware": false, "Async Capable": false, "Join Type": "Inner", "Startup Cost": 0.71, "Total Cost": 3025.28, "Plan Rows": 55.0, "Plan Width": 12, "Actual Rows": 48, "Actual Loops": 1, "Inner Unique": false, "Plans": [{"Node Type": "Nested Loop", "Parent Relationship": "Outer", "Parallel Aware": false, "Async Capable": false, "Join Type": "Inner", "Startup Cost": 0.29, "Total Cost": 3005.07, "Plan Rows": 3.0, "Plan Width": 8, "Actual Rows": 37, "Actual Loops": 1, "Inner Unique": true, "Plans": [{"Node Type": "Seq Scan", "Parent Relationship": "Outer", "Parallel Aware": false, "Async Capable": false, "Relation Name": "posts", "Alias": "p", "Startup Cost": 0.0, "Total Cost": 2679.52, "Plan Rows": 43, "Plan Width": 4, "Actual Rows": 57, "Actual Loops": 1, "Filter": "((score >= 37) AND (score <= 60) AND (creationdate >= '2011-01-11 13:25:49'::timestamp without time zone) AND (creationdate <= '2012-06-01 01:44:43'::timestamp without time zone))", "Rows Removed by Filter": 91919}, {"Node Type": "Index Scan", "Parent Relationship": "Inner", "Parallel Aware": false, "Async Capable": false, "Scan Direction": "Forward", "Index Name": "users_pkey", "Relation Name": "users", "Alias": "u", "Startup Cost": 0.29, "Total Cost": 7.57, "Plan Rows": 1, "Plan Width": 4, "Actual Rows": 1, "Actual Loops": 57, "Index Cond": "(id = p.owneruserid)", "Rows Removed by Index Recheck": 0, "Filter": "((downvotes <= 180) AND (creationdate >= '2010-08-14 08:59:20'::timestamp without time zone) AND (creationdate <= '2013-03-08 18:28:08'::timestamp without time zone))", "Rows Removed by Filter": 0}]}, {"Node Type": "Index Scan", "Parent Relationship": "Inner", "Parallel Aware": false, "Async Capable": false, "Scan Direction": "Forward", "Index Name": "idx_votes_userid", "Relation Name": "votes", "Alias": "v", "Startup Cost": 0.42, "Total Cost": 1.25, "Plan Rows": 1, "Plan Width": 4, "Actual Rows": 1, "Actual Loops": 37, "Index Cond": "(userid = u.id)", "Rows Removed by Index Recheck": 0, "Filter": "(bountyamount <= 297)", "Rows Removed by Filter": 26}]}, {"Node Type": "Index Scan", "Parent Relationship": "Inner", "Parallel Aware": false, "Async Capable": false, "Scan Direction": "Forward", "Index Name": "idx_comments_userid", "Relation Name": "comments", "Alias": "c", "Startup Cost": 0.29, "Total Cost": 0.96, "Plan Rows": 1, "Plan Width": 4, "Actual Rows": 9, "Actual Loops": 48, "Index Cond": "(userid = u.id)", "Rows Removed by Index Recheck": 0, "Filter": "(score = 5)", "Rows Removed by Filter": 1036}]}]}]}]}, "Planning Time": 4.708, "Triggers": [], "Execution Time": 35.715}, {"Plan": {"Node Type": "Aggregate", "Strategy": "Plain", "Partial Mode": "Simple", "Parallel Aware": false, "Async Capable": false, "Startup Cost": 4919.45, "Total Cost": 4919.46, "Plan Rows": 1, "Plan Width": 8, "Plans": [{"Node Type": "Merge Join", "Parent Relationship": "Outer", "Parallel Aware": false, "Async Capable": false, "Join Type": "Inner", "Startup Cost": 2682.1, "Total Cost": 4918.52, "Plan Rows": 47.0, "Plan Width": 0, "Inner Unique": false, "Merge Cond": "(u.id = c.userid)", "Plans": [{"Node Type": "Index Scan", "Parent Relationship": "Outer", "Parallel Aware": false, "Async Capable": false, "Scan Direction": "Forward", "Index Name": "users_pkey", "Relation Name": "users", "Alias": "u", "Startup Cost": 0.29, "Total Cost": 1659.6, "Plan Rows": 15080, "Plan Width": 4, "Filter": "((downvotes <= 180) AND (creationdate >= '2010-08-14 08:59:20'::timestamp without time zone) AND (creationdate <= '2013-03-08 18:28:08'::timestamp without time zone))"}, {"Node Type": "Materialize", "Parent Relationship": "Inner", "Parallel Aware": false, "Async Capable": false, "Startup Cost": 2681.7, "Total Cost": 3224.13, "Plan Rows": 287.0, "Plan Width": 16, "Plans": [{"Node Type": "Nested Loop", "Parent Relationship": "Outer", "Parallel Aware": false, "Async Capable": false, "Join Type": "Inner", "Startup Cost": 2681.7, "Total Cost": 3221.6, "Plan Rows": 287.0, "Plan Width": 16, "Inner Unique": false, "Join Filter": "(c.userid = p.owneruserid)", "Plans": [{"Node Type": "Merge Join", "Parent Relationship": "Outer", "Parallel Aware": false, "Async Capable": false, "Join Type": "Inner", "Startup Cost": 2681.4, "Total Cost": 3154.56, "Plan Rows": 2825.0, "Plan Width": 12, "Inner Unique": false, "Merge Cond": "(v.userid = p.owneruserid)", "Plans": [{"Node Type": "Merge Join", "Parent Relationship": "Outer", "Parallel Aware": false, "Async Capable": false, "Join Type": "Inner", "Startup Cost": 0.71, "Total Cost": 4475.33, "Plan Rows": 129988.0, "Plan Width": 8, "Inner Unique": false, "Merge Cond": "(v.userid = b.userid)", "Plans": [{"Node Type": "Index Scan", "Parent Relationship": "Outer", "Parallel Aware": false, "Async Capable": false, "Scan Direction": "Forward", "Index Name": "idx_votes_userid", "Relation Name": "votes", "Alias": "v", "Startup Cost": 0.42, "Total Cost": 12422.47, "Plan Rows": 1738, "Plan Width": 4, "Filter": "(bountyamount <= 297)"}, {"Node Type": "Index Scan", "Parent Relationship": "Inner", "Parallel Aware": false, "Async Capable": false, "Scan Direction": "Forward", "Index Name": "idx_badges_userid", "Relation Name": "badges", "Alias": "b", "Startup Cost": 0.29, "Total Cost": 3064.97, "Plan Rows": 30132, "Plan Width": 4, "Filter": "(date <= '2012-12-29 15:28:13'::timestamp without time zone)"}]}, {"Node Type": "Sort", "Parent Relationship": "Inner", "Parallel Aware": false, "Async Capable": false, "Startup Cost": 2680.69, "Total Cost": 2680.79, "Plan Rows": 43, "Plan Width": 4, "Sort Key": ["p.owneruserid"], "Plans": [{"Node Type": "Seq Scan", "Parent Relationship": "Outer", "Parallel Aware": false, "Async Capable": false, "Relation Name": "posts", "Alias": "p", "Startup Cost": 0.0, "Total Cost": 2679.52, "Plan Rows": 43, "Plan Width": 4, "Filter": "((score >= 37) AND (score <= 60) AND (creationdate >= '2011-01-11 13:25:49'::timestamp without time zone) AND (creationdate <= '2012-06-01 01:44:43'::timestamp without time zone))"}]}]}, {"Node Type": "Index Scan", "Parent Relationship": "Inner", "Parallel Aware": false, "Async Capable": false, "Scan Direction": "Forward", "Index Name": "idx_comments_userid", "Relation Name": "comments", "Alias": "c", "Startup Cost": 0.29, "Total Cost": 0.76, "Plan Rows": 1, "Plan Width": 4, "Index Cond": "(userid = b.userid)", "Filter": "(score = 5)"}]}]}]}]}, "Timeout Time": 5000}, {"Plan": {"Node Type": "Aggregate", "Strategy": "Plain", "Partial Mode": "Simple", "Parallel Aware": false, "Async Capable": false, "Startup Cost": 6862.61, "Total Cost": 6862.62, "Plan Rows": 1, "Plan Width": 8, "Actual Rows": 1, "Actual Loops": 1, "Plans": [{"Node Type": "Merge Join", "Parent Relationship": "Outer", "Parallel Aware": false, "Async Capable": false, "Join Type": "Inner", "Startup Cost": 3832.62, "Total Cost": 6861.68, "Plan Rows": 47.0, "Plan Width": 0, "Actual Rows": 41058, "Actual Loops": 1, "Inner Unique": false, "Merge Cond": "(u.id = c.userid)", "Plans": [{"Node Type": "Merge Join", "Parent Relationship": "Outer", "Parallel Aware": false, "Async Capable": false, "Join Type": "Inner", "Startup Cost": 0.71, "Total Cost": 3013.98, "Plan Rows": 2023.0, "Plan Width": 8, "Actual Rows": 324, "Actual Loops": 1, "Inner Unique": true, "Merge Cond": "(v.userid = u.id)", "Plans": [{"Node Type": "Index Scan", "Parent Relationship": "Outer", "Parallel Aware": false, "Async Capable": false, "Scan Direction": "Forward", "Index Name": "idx_votes_userid", "Relation Name": "votes", "Alias": "v", "Startup Cost": 0.42, "Total Cost": 12422.47, "Plan Rows": 1738, "Plan Width": 4, "Actual Rows": 473, "Actual Loops": 1, "Filter": "(bountyamount <= 297)", "Rows Removed by Filter": 14209}, {"Node Type": "Index Scan", "Parent Relationship": "Inner", "Parallel Aware": false, "Async Capable": false, "Scan Direction": "Forward", "Index Name": "users_pkey", "Relation Name": "users", "Alias": "u", "Startup Cost": 0.29, "Total Cost": 1659.6, "Plan Rows": 15080, "Plan Width": 4, "Actual Rows": 4796, "Actual Loops": 1, "Filter": "((downvotes <= 180) AND (creationdate >= '2010-08-14 08:59:20'::timestamp without time zone) AND (creationdate <= '2013-03-08 18:28:08'::timestamp without time zone))", "Rows Removed by Filter": 685}]}, {"Node Type": "Sort", "Parent Relationship": "Inner", "Parallel Aware": false, "Async Capable": false, "Startup Cost": 3831.9, "Total Cost": 3839.82, "Plan Rows": 16.0, "Plan Width": 12, "Actual Rows": 143710, "Actual Loops": 1, "Sort Key": ["c.userid"], "Sort Method": "quicksort", "Sort Space Used": 7425, "Sort Space Type": "Memory", "Plans": [{"Node Type": "Nested Loop", "Parent Relationship": "Outer", "Parallel Aware": false, "Async Capable": false, "Join Type": "Inner", "Startup Cost": 0.59, "Total Cost": 3647.83, "Plan Rows": 16.0, "Plan Width": 12, "Actual Rows": 111412, "Actual Loops": 1, "Inner Unique": false, "Join Filter": "(c.userid = p.owneruserid)", "Rows Removed by Join Filter": 0, "Plans": [{"Node Type": "Nested Loop", "Parent Relationship": "Outer", "Parallel Aware": false, "Async Capable": false, "Join Type": "Inner", "Startup Cost": 0.29, "Total Cost": 3166.2, "Plan Rows": 185.0, "Plan Width": 8, "Actual Rows": 2664, "Actual Loops": 1, "Inner Unique": false, "Plans": [{"Node Type": "Seq Scan", "Parent Relationship": "Outer", "Parallel Aware": false, "Async Capable": false, "Relation Name": "posts", "Alias": "p", "Startup Cost": 0.0, "Total Cost": 2679.52, "Plan Rows": 43, "Plan Width": 4, "Actual Rows": 57, "Actual Loops": 1, "Filter": "((score >= 37) AND (score <= 60) AND (creationdate >= '2011-01-11 13:25:49'::timestamp without time zone) AND (creationdate <= '2012-06-01 01:44:43'::timestamp without time zone))", "Rows Removed by Filter": 91919}, {"Node Type": "Index Scan", "Parent Relationship": "Inner", "Parallel Aware": false, "Async Capable": false, "Scan Direction": "Forward", "Index Name": "idx_badges_userid", "Relation Name": "badges", "Alias": "b", "Startup Cost": 0.29, "Total Cost": 11.31, "Plan Rows": 1, "Plan Width": 4, "Actual Rows": 47, "Actual Loops": 57, "Index Cond": "(userid = p.owneruserid)", "Rows Removed by Index Recheck": 0, "Filter": "(date <= '2012-12-29 15:28:13'::timestamp without time zone)", "Rows Removed by Filter": 39}]}, {"Node Type": "Index Scan", "Parent Relationship": "Inner", "Parallel Aware": false, "Async Capable": false, "Scan Direction": "Forward", "Index Name": "idx_comments_userid", "Relation Name": "comments", "Alias": "c", "Startup Cost": 0.29, "Total Cost": 0.76, "Plan Rows": 1, "Plan Width": 4, "Actual Rows": 42, "Actual Loops": 2664, "Index Cond": "(userid = b.userid)", "Rows Removed by Index Recheck": 0, "Filter": "(score = 5)", "Rows Removed by Filter": 4443}]}]}]}]}, "Planning Time": 5.12, "Triggers": [], "Execution Time": 1690.457}, {"Plan": {"Node Type": "Aggregate", "Strategy": "Plain", "Partial Mode": "Simple", "Parallel Aware": false, "Async Capable": false, "Startup Cost": 7877.84, "Total Cost": 7877.85, "Plan Rows": 1, "Plan Width": 8, "Actual Rows": 1, "Actual Loops": 1, "Plans": [{"Node Type": "Merge Join", "Parent Relationship": "Outer", "Parallel Aware": false, "Async Capable": false, "Join Type": "Inner", "Startup Cost": 6574.5, "Total Cost": 7876.91, "Plan Rows": 47.0, "Plan Width": 0, "Actual Rows": 41058, "Actual Loops": 1, "Inner Unique": false, "Merge Cond": "(c.userid = u.id)", "Plans": [{"Node Type": "Merge Join", "Parent Relationship": "Outer", "Parallel Aware": false, "Async Capable": false, "Join Type": "Inner", "Startup Cost": 3552.21, "Total Cost": 4872.88, "Plan Rows": 1351.0, "Plan Width": 8, "Actual Rows": 2490, "Actual Loops": 1, "Inner Unique": false, "Merge Cond": "(v.userid = c.userid)", "Plans": [{"Node Type": "Index Scan", "Parent Relationship": "Outer", "Parallel Aware": false, "Async Capable": false, "Scan Direction": "Forward", "Index Name": "idx_votes_userid", "Relation Name": "votes", "Alias": "v", "Startup Cost": 0.42, "Total Cost": 12422.47, "Plan Rows": 1738, "Plan Width": 4, "Actual Rows": 647, "Actual Loops": 1, "Filter": "(bountyamount <= 297)", "Rows Removed by Filter": 18996}, {"Node Type": "Sort", "Parent Relationship": "Inner", "Parallel Aware": false, "Async Capable": false, "Startup Cost": 3551.78, "Total Cost": 3553.34, "Plan Rows": 624, "Plan Width": 4, "Actual Rows": 2671, "Actual Loops": 1, "Sort Key": ["c.userid"], "Sort Method": "quicksort", "Sort Space Used": 25, "Sort Space Type": "Memory", "Plans": [{"Node Type": "Seq Scan", "Parent Relationship": "Outer", "Parallel Aware": false, "Async Capable": false, "Relation Name": "comments", "Alias": "c", "Startup Cost": 0.0, "Total Cost": 3522.81, "Plan Rows": 624, "Plan Width": 4, "Actual Rows": 621, "Actual Loops": 1, "Filter": "(score = 5)", "Rows Removed by Filter": 173684}]}]}, {"Node Type": "Sort", "Parent Relationship": "Inner", "Parallel Aware": false, "Async Capable": false, "Startup Cost": 3022.29, "Total Cost": 3022.87, "Plan Rows": 29.0, "Plan Width": 12, "Actual Rows": 41596, "Actual Loops": 1, "Sort Key": ["p.owneruserid"], "Sort Method": "quicksort", "Sort Space Used": 92, "Sort Space Type": "Memory", "Plans": [{"Node Type": "Nested Loop", "Parent Relationship": "Outer", "Parallel Aware": false, "Async Capable": false, "Join Type": "Inner", "Startup Cost": 0.58, "Total Cost": 3013.27, "Plan Rows": 29.0, "Plan Width": 12, "Actual Rows": 1122, "Actual Loops": 1, "Inner Unique": false, "Plans": [{"Node Type": "Nested Loop", "Parent Relationship": "Outer", "Parallel Aware": false, "Async Capable": false, "Join Type": "Inner", "Startup Cost": 0.29, "Total Cost": 3005.07, "Plan Rows": 3.0, "Plan Width": 8, "Actual Rows": 37, "Actual Loops": 1, "Inner Unique": true, "Plans": [{"Node Type": "Seq Scan", "Parent Relationship": "Outer", "Parallel Aware": false, "Async Capable": false, "Relation Name": "posts", "Alias": "p", "Startup Cost": 0.0, "Total Cost": 2679.52, "Plan Rows": 43, "Plan Width": 4, "Actual Rows": 57, "Actual Loops": 1, "Filter": "((score >= 37) AND (score <= 60) AND (creationdate >= '2011-01-11 13:25:49'::timestamp without time zone) AND (creationdate <= '2012-06-01 01:44:43'::timestamp without time zone))", "Rows Removed by Filter": 91919}, {"Node Type": "Index Scan", "Parent Relationship": "Inner", "Parallel Aware": false, "Async Capable": false, "Scan Direction": "Forward", "Index Name": "users_pkey", "Relation Name": "users", "Alias": "u", "Startup Cost": 0.29, "Total Cost": 7.57, "Plan Rows": 1, "Plan Width": 4, "Actual Rows": 1, "Actual Loops": 57, "Index Cond": "(id = p.owneruserid)", "Rows Removed by Index Recheck": 0, "Filter": "((downvotes <= 180) AND (creationdate >= '2010-08-14 08:59:20'::timestamp without time zone) AND (creationdate <= '2013-03-08 18:28:08'::timestamp without time zone))", "Rows Removed by Filter": 0}]}, {"Node Type": "Index Scan", "Parent Relationship": "Inner", "Parallel Aware": false, "Async Capable": false, "Scan Direction": "Forward", "Index Name": "idx_badges_userid", "Relation Name": "badges", "Alias": "b", "Startup Cost": 0.29, "Total Cost": 0.5, "Plan Rows": 1, "Plan Width": 4, "Actual Rows": 30, "Actual Loops": 37, "Index Cond": "(userid = u.id)", "Rows Removed by Index Recheck": 0, "Filter": "(date <= '2012-12-29 15:28:13'::timestamp without time zone)", "Rows Removed by Filter": 28}]}]}]}]}, "Planning Time": 5.019, "Triggers": [], "Execution Time": 81.448}, {"Plan": {"Node Type": "Aggregate", "Strategy": "Plain", "Partial Mode": "Simple", "Parallel Aware": false, "Async Capable": false, "Startup Cost": 3570.75, "Total Cost": 3570.76, "Plan Rows": 1, "Plan Width": 8, "Actual Rows": 1, "Actual Loops": 1, "Plans": [{"Node Type": "Nested Loop", "Parent Relationship": "Outer", "Parallel Aware": false, "Async Capable": false, "Join Type": "Inner", "Startup Cost": 1.59, "Total Cost": 3569.82, "Plan Rows": 47.0, "Plan Width": 0, "Actual Rows": 41058, "Actual Loops": 1, "Inner Unique": false, "Join Filter": "(p.owneruserid = u.id)", "Rows Removed by Join Filter": 0, "Plans": [{"Node Type": "Nested Loop", "Parent Relationship": "Outer", "Parallel Aware": false, "Async Capable": false, "Join Type": "Inner", "Startup Cost": 1.3, "Total Cost": 2229.44, "Plan Rows": 2240.0, "Plan Width": 16, "Actual Rows": 24375, "Actual Loops": 1, "Inner Unique": false, "Join Filter": "(c.userid = u.id)", "Rows Removed by Join Filter": 0, "Plans": [{"Node Type": "Merge Join", "Parent Relationship": "Outer", "Parallel Aware": false, "Async Capable": false, "Join Type": "Inner", "Startup Cost": 1.0, "Total Cost": 2171.64, "Plan Rows": 23244.0, "Plan Width": 12, "Actual Rows": 8057, "Actual Loops": 1, "Inner Unique": true, "Merge Cond": "(v.userid = u.id)", "Plans": [{"Node Type": "Merge Join", "Parent Relationship": "Outer", "Parallel Aware": false, "Async Capable": false, "Join Type": "Inner", "Startup Cost": 0.71, "Total Cost": 4475.33, "Plan Rows": 129988.0, "Plan Width": 8, "Actual Rows": 17097, "Actual Loops": 1, "Inner Unique": false, "Merge Cond": "(v.userid = b.userid)", "Plans": [{"Node Type": "Index Scan", "Parent Relationship": "Outer", "Parallel Aware": false, "Async Capable": false, "Scan Direction": "Forward", "Index Name": "idx_votes_userid", "Relation Name": "votes", "Alias": "v", "Startup Cost": 0.42, "Total Cost": 12422.47, "Plan Rows": 1738, "Plan Width": 4, "Actual Rows": 870, "Actual Loops": 1, "Filter": "(bountyamount <= 297)", "Rows Removed by Filter": 26245}, {"Node Type": "Index Scan", "Parent Relationship": "Inner", "Parallel Aware": false, "Async Capable": false, "Scan Direction": "Forward", "Index Name": "idx_badges_userid", "Relation Name": "badges", "Alias": "b", "Startup Cost": 0.29, "Total Cost": 3064.97, "Plan Rows": 30132, "Plan Width": 4, "Actual Rows": 41687, "Actual Loops": 1, "Filter": "(date <= '2012-12-29 15:28:13'::timestamp without time zone)", "Rows Removed by Filter": 65826}]}, {"Node Type": "Index Scan", "Parent Relationship": "Inner", "Parallel Aware": false, "Async Capable": false, "Scan Direction": "Forward", "Index Name": "users_pkey", "Relation Name": "users", "Alias": "u", "Startup Cost": 0.29, "Total Cost": 1659.6, "Plan Rows": 15080, "Plan Width": 4, "Actual Rows": 12694, "Actual Loops": 1, "Filter": "((downvotes <= 180) AND (creationdate >= '2010-08-14 08:59:20'::timestamp without time zone) AND (creationdate <= '2013-03-08 18:28:08'::timestamp without time zone))", "Rows Removed by Filter": 688}]}, {"Node Type": "Index Scan", "Parent Relationship": "Inner", "Parallel Aware": false, "Async Capable": false, "Scan Direction": "Forward", "Index Name": "idx_comments_userid", "Relation Name": "comments", "Alias": "c", "Startup Cost": 0.29, "Total Cost": 0.76, "Plan Rows": 1, "Plan Width": 4, "Actual Rows": 3, "Actual Loops": 8057, "Index Cond": "(userid = b.userid)", "Rows Removed by Index Recheck": 0, "Filter": "(score = 5)", "Rows Removed by Filter": 474}]}, {"Node Type": "Index Scan", "Parent Relationship": "Inner", "Parallel Aware": false, "Async Capable": false, "Scan Direction": "Forward", "Index Name": "idx_posts_owneruserid", "Relation Name": "posts", "Alias": "p", "Startup Cost": 0.29, "Total Cost": 0.53, "Plan Rows": 1, "Plan Width": 4, "Actual Rows": 2, "Actual Loops": 24375, "Index Cond": "(owneruserid = b.userid)", "Rows Removed by Index Recheck": 0, "Filter": "((score >= 37) AND (score <= 60) AND (creationdate >= '2011-01-11 13:25:49'::timestamp without time zone) AND (creationdate <= '2012-06-01 01:44:43'::timestamp without time zone))", "Rows Removed by Filter": 648}]}]}, "Planning Time": 4.947, "Triggers": [], "Execution Time": 3459.488}, {"Plan": {"Node Type": "Aggregate", "Strategy": "Plain", "Partial Mode": "Simple", "Parallel Aware": false, "Async Capable": false, "Startup Cost": 7874.33, "Total Cost": 7874.34, "Plan Rows": 1, "Plan Width": 8, "Actual Rows": 1, "Actual Loops": 1, "Plans": [{"Node Type": "Hash Join", "Parent Relationship": "Outer", "Parallel Aware": false, "Async Capable": false, "Join Type": "Inner", "Startup Cost": 7399.9, "Total Cost": 7873.4, "Plan Rows": 47.0, "Plan Width": 0, "Actual Rows": 41058, "Actual Loops": 1, "Inner Unique": false, "Hash Cond": "(p.owneruserid = u.id)", "Plans": [{"Node Type": "Merge Join", "Parent Relationship": "Outer", "Parallel Aware": false, "Async Capable": false, "Join Type": "Inner", "Startup Cost": 2681.4, "Total Cost": 3154.56, "Plan Rows": 2825.0, "Plan Width": 12, "Actual Rows": 8835, "Actual Loops": 1, "Inner Unique": false, "Merge Cond": "(v.userid = p.owneruserid)", "Plans": [{"Node Type": "Merge Join", "Parent Relationship": "Outer", "Parallel Aware": false, "Async Capable": false, "Join Type": "Inner", "Startup Cost": 0.71, "Total Cost": 4475.33, "Plan Rows": 129988.0, "Plan Width": 8, "Actual Rows": 17097, "Actual Loops": 1, "Inner Unique": false, "Merge Cond": "(v.userid = b.userid)", "Plans": [{"Node Type": "Index Scan", "Parent Relationship": "Outer", "Parallel Aware": false, "Async Capable": false, "Scan Direction": "Forward", "Index Name": "idx_votes_userid", "Relation Name": "votes", "Alias": "v", "Startup Cost": 0.42, "Total Cost": 12422.47, "Plan Rows": 1738, "Plan Width": 4, "Actual Rows": 870, "Actual Loops": 1, "Filter": "(bountyamount <= 297)", "Rows Removed by Filter": 26245}, {"Node Type": "Index Scan", "Parent Relationship": "Inner", "Parallel Aware": false, "Async Capable": false, "Scan Direction": "Forward", "Index Name": "idx_badges_userid", "Relation Name": "badges", "Alias": "b", "Startup Cost": 0.29, "Total Cost": 3064.97, "Plan Rows": 30132, "Plan Width": 4, "Actual Rows": 41687, "Actual Loops": 1, "Filter": "(date <= '2012-12-29 15:28:13'::timestamp without time zone)", "Rows Removed by Filter": 65826}]}, {"Node Type": "Sort", "Parent Relationship": "Inner", "Parallel Aware": false, "Async Capable": false, "Startup Cost": 2680.69, "Total Cost": 2680.79, "Plan Rows": 43, "Plan Width": 4, "Actual Rows": 8864, "Actual Loops": 1, "Sort Key": ["p.owneruserid"], "Sort Method": "quicksort", "Sort Space Used": 25, "Sort Space Type": "Memory", "Plans": [{"Node Type": "Seq Scan", "Parent Relationship": "Outer", "Parallel Aware": false, "Async Capable": false, "Relation Name": "posts", "Alias": "p", "Startup Cost": 0.0, "Total Cost": 2679.52, "Plan Rows": 43, "Plan Width": 4, "Actual Rows": 57, "Actual Loops": 1, "Filter": "((score >= 37) AND (score <= 60) AND (creationdate >= '2011-01-11 13:25:49'::timestamp without time zone) AND (creationdate <= '2012-06-01 01:44:43'::timestamp without time zone))", "Rows Removed by Filter": 91919}]}]}, {"Node Type": "Hash", "Parent Relationship": "Inner", "Parallel Aware": false, "Async Capable": false, "Startup Cost": 4715.64, "Total Cost": 4715.64, "Plan Rows": 20.0, "Plan Width": 8, "Actual Rows": 236, "Actual Loops": 1, "Hash Buckets": 1024, "Original Hash Buckets": 1024, "Hash Batches": 1, "Original Hash Batches": 1, "Peak Memory Usage": 18, "Plans": [{"Node Type": "Hash Join", "Parent Relationship": "Outer", "Parallel Aware": false, "Async Capable": false, "Join Type": "Inner", "Startup Cost": 1191.19, "Total Cost": 4715.64, "Plan Rows": 20.0, "Plan Width": 8, "Actual Rows": 236, "Actual Loops": 1, "Inner Unique": true, "Hash Cond": "(c.userid = u.id)", "Plans": [{"Node Type": "Seq Scan", "Parent Relationship": "Outer", "Parallel Aware": false, "Async Capable": false, "Relation Name": "comments", "Alias": "c", "Startup Cost": 0.0, "Total Cost": 3522.81, "Plan Rows": 624, "Plan Width": 4, "Actual Rows": 621, "Actual Loops": 1, "Filter": "(score = 5)", "Rows Removed by Filter": 173684}, {"Node Type": "Hash", "Parent Relationship": "Inner", "Parallel Aware": false, "Async Capable": false, "Startup Cost": 1002.69, "Total Cost": 1002.69, "Plan Rows": 15080, "Plan Width": 4, "Actual Rows": 15070, "Actual Loops": 1, "Hash Buckets": 16384, "Original Hash Buckets": 16384, "Hash Batches": 1, "Original Hash Batches": 1, "Peak Memory Usage": 658, "Plans": [{"Node Type": "Seq Scan", "Parent Relationship": "Outer", "Parallel Aware": false, "Async Capable": false, "Relation Name": "users", "Alias": "u", "Startup Cost": 0.0, "Total Cost": 1002.69, "Plan Rows": 15080, "Plan Width": 4, "Actual Rows": 15070, "Actual Loops": 1, "Filter": "((downvotes <= 180) AND (creationdate >= '2010-08-14 08:59:20'::timestamp without time zone) AND (creationdate <= '2013-03-08 18:28:08'::timestamp without time zone))", "Rows Removed by Filter": 25255}]}]}]}]}]}, "Planning Time": 5.09, "Triggers": [], "Execution Time": 146.454}, {"Plan": {"Node Type": "Aggregate", "Strategy": "Plain", "Partial Mode": "Simple", "Parallel Aware": false, "Async Capable": false, "Startup Cost": 6864.02, "Total Cost": 6864.03, "Plan Rows": 1, "Plan Width": 8, "Actual Rows": 1, "Actual Loops": 1, "Plans": [{"Node Type": "Hash Join", "Parent Relationship": "Outer", "Parallel Aware": false, "Async Capable": false, "Join Type": "Inner", "Startup Cost": 4903.05, "Total Cost": 6863.09, "Plan Rows": 47.0, "Plan Width": 0, "Actual Rows": 41058, "Actual Loops": 1, "Inner Unique": false, "Hash Cond": "(u.id = c.userid)", "Plans": [{"Node Type": "Hash Join", "Parent Relationship": "Outer", "Parallel Aware": false, "Async Capable": false, "Join Type": "Inner", "Startup Cost": 1191.19, "Total Cost": 2700.43, "Plan Rows": 1998.0, "Plan Width": 8, "Actual Rows": 24651, "Actual Loops": 1, "Inner Unique": true, "Hash Cond": "(b.userid = u.id)", "Plans": [{"Node Type": "Seq Scan", "Parent Relationship": "Outer", "Parallel Aware": false, "Async Capable": false, "Relation Name": "badges", "Alias": "b", "Startup Cost": 0.0, "Total Cost": 1430.14, "Plan Rows": 30132, "Plan Width": 4, "Actual Rows": 30132, "Actual Loops": 1, "Filter": "(date <= '2012-12-29 15:28:13'::timestamp without time zone)", "Rows Removed by Filter": 49719}, {"Node Type": "Hash", "Parent Relationship": "Inner", "Parallel Aware": false, "Async Capable": false, "Startup Cost": 1002.69, "Total Cost": 1002.69, "Plan Rows": 15080, "Plan Width": 4, "Actual Rows": 15070, "Actual Loops": 1, "Hash Buckets": 16384, "Original Hash Buckets": 16384, "Hash Batches": 1, "Original Hash Batches": 1, "Peak Memory Usage": 658, "Plans": [{"Node Type": "Seq Scan", "Parent Relationship": "Outer", "Parallel Aware": false, "Async Capable": false, "Relation Name": "users", "Alias": "u", "Startup Cost": 0.0, "Total Cost": 1002.69, "Plan Rows": 15080, "Plan Width": 4, "Actual Rows": 15070, "Actual Loops": 1, "Filter": "((downvotes <= 180) AND (creationdate >= '2010-08-14 08:59:20'::timestamp without time zone) AND (creationdate <= '2013-03-08 18:28:08'::timestamp without time zone))", "Rows Removed by Filter": 25255}]}]}, {"Node Type": "Hash", "Parent Relationship": "Inner", "Parallel Aware": false, "Async Capable": false, "Startup Cost": 3711.48, "Total Cost": 3711.48, "Plan Rows": 28.0, "Plan Width": 12, "Actual Rows": 3010, "Actual Loops": 1, "Hash Buckets": 4096, "Original Hash Buckets": 1024, "Hash Batches": 1, "Original Hash Batches": 1, "Peak Memory Usage": 162, "Plans": [{"Node Type": "Nested Loop", "Parent Relationship": "Outer", "Parallel Aware": false, "Async Capable": false, "Join Type": "Inner", "Startup Cost": 0.72, "Total Cost": 3711.48, "Plan Rows": 28.0, "Plan Width": 12, "Actual Rows": 3010, "Actual Loops": 1, "Inner Unique": false, "Join Filter": "(c.userid = p.owneruserid)", "Rows Removed by Join Filter": 0, "Plans": [{"Node Type": "Nested Loop", "Parent Relationship": "Outer", "Parallel Aware": false, "Async Capable": false, "Join Type": "Inner", "Startup Cost": 0.42, "Total Cost": 3687.85, "Plan Rows": 259.0, "Plan Width": 8, "Actual Rows": 84, "Actual Loops": 1, "Inner Unique": false, "Plans": [{"Node Type": "Seq Scan", "Parent Relationship": "Outer", "Parallel Aware": false, "Async Capable": false, "Relation Name": "posts", "Alias": "p", "Startup Cost": 0.0, "Total Cost": 2679.52, "Plan Rows": 43, "Plan Width": 4, "Actual Rows": 57, "Actual Loops": 1, "Filter": "((score >= 37) AND (score <= 60) AND (creationdate >= '2011-01-11 13:25:49'::timestamp without time zone) AND (creationdate <= '2012-06-01 01:44:43'::timestamp without time zone))", "Rows Removed by Filter": 91919}, {"Node Type": "Index Scan", "Parent Relationship": "Inner", "Parallel Aware": false, "Async Capable": false, "Scan Direction": "Forward", "Index Name": "idx_votes_userid", "Relation Name": "votes", "Alias": "v", "Startup Cost": 0.42, "Total Cost": 23.44, "Plan Rows": 1, "Plan Width": 4, "Actual Rows": 1, "Actual Loops": 57, "Index Cond": "(userid = p.owneruserid)", "Rows Removed by Index Recheck": 0, "Filter": "(bountyamount <= 297)", "Rows Removed by Filter": 33}]}, {"Node Type": "Index Scan", "Parent Relationship": "Inner", "Parallel Aware": false, "Async Capable": false, "Scan Direction": "Forward", "Index Name": "idx_comments_userid", "Relation Name": "comments", "Alias": "c", "Startup Cost": 0.29, "Total Cost": 3.93, "Plan Rows": 1, "Plan Width": 4, "Actual Rows": 36, "Actual Loops": 84, "Index Cond": "(userid = v.userid)", "Rows Removed by Index Recheck": 0, "Filter": "(score = 5)", "Rows Removed by Filter": 3912}]}]}]}]}, "Planning Time": 4.997, "Triggers": [], "Execution Time": 99.552}, {"Plan": {"Node Type": "Aggregate", "Strategy": "Plain", "Partial Mode": "Simple", "Parallel Aware": false, "Async Capable": false, "Startup Cost": 3496.2, "Total Cost": 3496.21, "Plan Rows": 1, "Plan Width": 8, "Actual Rows": 1, "Actual Loops": 1, "Plans": [{"Node Type": "Merge Join", "Parent Relationship": "Outer", "Parallel Aware": false, "Async Capable": false, "Join Type": "Inner", "Startup Cost": 3022.21, "Total Cost": 3495.27, "Plan Rows": 47.0, "Plan Width": 0, "Actual Rows": 41058, "Actual Loops": 1, "Inner Unique": false, "Merge Cond": "(v.userid = u.id)", "Plans": [{"Node Type": "Merge Join", "Parent Relationship": "Outer", "Parallel Aware": false, "Async Capable": false, "Join Type": "Inner", "Startup Cost": 0.71, "Total Cost": 4475.33, "Plan Rows": 129988.0, "Plan Width": 8, "Actual Rows": 14502, "Actual Loops": 1, "Inner Unique": false, "Merge Cond": "(v.userid = b.userid)", "Plans": [{"Node Type": "Index Scan", "Parent Relationship": "Outer", "Parallel Aware": false, "Async Capable": false, "Scan Direction": "Forward", "Index Name": "idx_votes_userid", "Relation Name": "votes", "Alias": "v", "Startup Cost": 0.42, "Total Cost": 12422.47, "Plan Rows": 1738, "Plan Width": 4, "Actual Rows": 473, "Actual Loops": 1, "Filter": "(bountyamount <= 297)", "Rows Removed by Filter": 14209}, {"Node Type": "Index Scan", "Parent Relationship": "Inner", "Parallel Aware": false, "Async Capable": false, "Scan Direction": "Forward", "Index Name": "idx_badges_userid", "Relation Name": "badges", "Alias": "b", "Startup Cost": 0.29, "Total Cost": 3064.97, "Plan Rows": 30132, "Plan Width": 4, "Actual Rows": 28276, "Actual Loops": 1, "Filter": "(date <= '2012-12-29 15:28:13'::timestamp without time zone)", "Rows Removed by Filter": 22986}]}, {"Node Type": "Sort", "Parent Relationship": "Inner", "Parallel Aware": false, "Async Capable": false, "Startup Cost": 3021.5, "Total Cost": 3021.58, "Plan Rows": 1.0, "Plan Width": 12, "Actual Rows": 41065, "Actual Loops": 1, "Sort Key": ["c.userid"], "Sort Method": "quicksort", "Sort Space Used": 29, "Sort Space Type": "Memory", "Plans": [{"Node Type": "Nested Loop", "Parent Relationship": "Outer", "Parallel Aware": false, "Async Capable": false, "Join Type": "Inner", "Startup Cost": 0.58, "Total Cost": 3020.6, "Plan Rows": 1.0, "Plan Width": 12, "Actual Rows": 108, "Actual Loops": 1, "Inner Unique": false, "Plans": [{"Node Type": "Nested Loop", "Parent Relationship": "Outer", "Parallel Aware": false, "Async Capable": false, "Join Type": "Inner", "Startup Cost": 0.29, "Total Cost": 3005.07, "Plan Rows": 3.0, "Plan Width": 8, "Actual Rows": 37, "Actual Loops": 1, "Inner Unique": true, "Plans": [{"Node Type": "Seq Scan", "Parent Relationship": "Outer", "Parallel Aware": false, "Async Capable": false, "Relation Name": "posts", "Alias": "p", "Startup Cost": 0.0, "Total Cost": 2679.52, "Plan Rows": 43, "Plan Width": 4, "Actual Rows": 57, "Actual Loops": 1, "Filter": "((score >= 37) AND (score <= 60) AND (creationdate >= '2011-01-11 13:25:49'::timestamp without time zone) AND (creationdate <= '2012-06-01 01:44:43'::timestamp without time zone))", "Rows Removed by Filter": 91919}, {"Node Type": "Index Scan", "Parent Relationship": "Inner", "Parallel Aware": false, "Async Capable": false, "Scan Direction": "Forward", "Index Name": "users_pkey", "Relation Name": "users", "Alias": "u", "Startup Cost": 0.29, "Total Cost": 7.57, "Plan Rows": 1, "Plan Width": 4, "Actual Rows": 1, "Actual Loops": 57, "Index Cond": "(id = p.owneruserid)", "Rows Removed by Index Recheck": 0, "Filter": "((downvotes <= 180) AND (creationdate >= '2010-08-14 08:59:20'::timestamp without time zone) AND (creationdate <= '2013-03-08 18:28:08'::timestamp without time zone))", "Rows Removed by Filter": 0}]}, {"Node Type": "Index Scan", "Parent Relationship": "Inner", "Parallel Aware": false, "Async Capable": false, "Scan Direction": "Forward", "Index Name": "idx_comments_userid", "Relation Name": "comments", "Alias": "c", "Startup Cost": 0.29, "Total Cost": 0.96, "Plan Rows": 1, "Plan Width": 4, "Actual Rows": 3, "Actual Loops": 37, "Index Cond": "(userid = u.id)", "Rows Removed by Index Recheck": 0, "Filter": "(score = 5)", "Rows Removed by Filter": 379}]}]}]}]}, "Planning Time": 4.863, "Triggers": [], "Execution Time": 71.461}]