[{"Plan": {"Node Type": "Aggregate", "Strategy": "Plain", "Partial Mode": "Simple", "Parallel Aware": false, "Async Capable": false, "Startup Cost": 3046.23, "Total Cost": 3046.24, "Plan Rows": 1, "Plan Width": 8, "Actual Rows": 1, "Actual Loops": 1, "Plans": [{"Node Type": "Nested Loop", "Parent Relationship": "Outer", "Parallel Aware": false, "Async Capable": false, "Join Type": "Inner", "Startup Cost": 1009.87, "Total Cost": 3042.77, "Plan Rows": 58.0, "Plan Width": 0, "Actual Rows": 294, "Actual Loops": 1, "Inner Unique": false, "Join Filter": "(ph.userid = p.owneruserid)", "Rows Removed by Join Filter": 0, "Plans": [{"Node Type": "Hash Join", "Parent Relationship": "Outer", "Parallel Aware": false, "Async Capable": false, "Join Type": "Inner", "Startup Cost": 1009.45, "Total Cost": 2999.82, "Plan Rows": 24.0, "Plan Width": 8, "Actual Rows": 6, "Actual Loops": 1, "Inner Unique": true, "Hash Cond": "(p.owneruserid = u.id)", "Plans": [{"Node Type": "Seq Scan", "Parent Relationship": "Outer", "Parallel Aware": false, "Async Capable": false, "Relation Name": "posts", "Alias": "p", "Startup Cost": 0.0, "Total Cost": 1989.7, "Plan Rows": 254, "Plan Width": 4, "Actual Rows": 253, "Actual Loops": 1, "Filter": "(score >= 39)", "Rows Removed by Filter": 91723}, {"Node Type": "Hash", "Parent Relationship": "Inner", "Parallel Aware": false, "Async Capable": false, "Startup Cost": 1002.69, "Total Cost": 1002.69, "Plan Rows": 541, "Plan Width": 4, "Actual Rows": 149, "Actual Loops": 1, "Hash Buckets": 1024, "Original Hash Buckets": 1024, "Hash Batches": 1, "Original Hash Batches": 1, "Peak Memory Usage": 14, "Plans": [{"Node Type": "Seq Scan", "Parent Relationship": "Outer", "Parallel Aware": false, "Async Capable": false, "Relation Name": "users", "Alias": "u", "Startup Cost": 0.0, "Total Cost": 1002.69, "Plan Rows": 541, "Plan Width": 4, "Actual Rows": 149, "Actual Loops": 1, "Filter": "((reputation >= 301) AND (upvotes <= 4580) AND (creationdate >= '2013-06-21 14:29:37'::timestamp without time zone))", "Rows Removed by Filter": 40176}]}]}, {"Node Type": "Index Scan", "Parent Relationship": "Inner", "Parallel Aware": false, "Async Capable": false, "Scan Direction": "Forward", "Index Name": "idx_posthistory_userid", "Relation Name": "posthistory", "Alias": "ph", "Startup Cost": 0.42, "Total Cost": 14.19, "Plan Rows": 10, "Plan Width": 4, "Actual Rows": 49, "Actual Loops": 6, "Index Cond": "(userid = u.id)", "Rows Removed by Index Recheck": 0, "Filter": "(creationdate >= '2012-07-31 21:55:15'::timestamp without time zone)", "Rows Removed by Filter": 0}]}]}, "Planning Time": 0.707, "Triggers": [], "Execution Time": 11.156}, {"Plan": {"Node Type": "Aggregate", "Strategy": "Plain", "Partial Mode": "Simple", "Parallel Aware": false, "Async Capable": false, "Startup Cost": 9097.01, "Total Cost": 9097.02, "Plan Rows": 1, "Plan Width": 8, "Actual Rows": 1, "Actual Loops": 1, "Plans": [{"Node Type": "Hash Join", "Parent Relationship": "Outer", "Parallel Aware": false, "Async Capable": false, "Join Type": "Inner", "Startup Cost": 7101.47, "Total Cost": 9093.55, "Plan Rows": 58.0, "Plan Width": 0, "Actual Rows": 294, "Actual Loops": 1, "Inner Unique": false, "Hash Cond": "(p.owneruserid = u.id)", "Plans": [{"Node Type": "Seq Scan", "Parent Relationship": "Outer", "Parallel Aware": false, "Async Capable": false, "Relation Name": "posts", "Alias": "p", "Startup Cost": 0.0, "Total Cost": 1989.7, "Plan Rows": 254, "Plan Width": 4, "Actual Rows": 253, "Actual Loops": 1, "Filter": "(score >= 39)", "Rows Removed by Filter": 91723}, {"Node Type": "Hash", "Parent Relationship": "Inner", "Parallel Aware": false, "Async Capable": false, "Startup Cost": 7068.52, "Total Cost": 7068.52, "Plan Rows": 158.0, "Plan Width": 8, "Actual Rows": 13426, "Actual Loops": 1, "Hash Buckets": 16384, "Original Hash Buckets": 4096, "Hash Batches": 1, "Original Hash Batches": 1, "Peak Memory Usage": 653, "Plans": [{"Node Type": "Gather", "Parent Relationship": "Outer", "Parallel Aware": false, "Async Capable": false, "Startup Cost": 2009.45, "Total Cost": 7068.52, "Plan Rows": 2636, "Plan Width": 8, "Actual Rows": 13426, "Actual Loops": 1, "Workers Planned": 1, "Workers Launched": 1, "Single Copy": false, "Plans": [{"Node Type": "Hash Join", "Parent Relationship": "Outer", "Parallel Aware": false, "Async Capable": false, "Join Type": "Inner", "Startup Cost": 1009.45, "Total Cost": 5804.92, "Plan Rows": 158.0, "Plan Width": 8, "Actual Rows": 6713, "Actual Loops": 2, "Inner Unique": true, "Hash Cond": "(ph.userid = u.id)", "Workers": [], "Plans": [{"Node Type": "Seq Scan", "Parent Relationship": "Outer", "Parallel Aware": true, "Async Capable": false, "Relation Name": "posthistory", "Alias": "ph", "Startup Cost": 0.0, "Total Cost": 4469.32, "Plan Rows": 124235, "Plan Width": 4, "Actual Rows": 105530, "Actual Loops": 2, "Filter": "(creationdate >= '2012-07-31 21:55:15'::timestamp without time zone)", "Rows Removed by Filter": 46063, "Workers": []}, {"Node Type": "Hash", "Parent Relationship": "Inner", "Parallel Aware": false, "Async Capable": false, "Startup Cost": 1002.69, "Total Cost": 1002.69, "Plan Rows": 541, "Plan Width": 4, "Actual Rows": 149, "Actual Loops": 2, "Hash Buckets": 1024, "Original Hash Buckets": 1024, "Hash Batches": 1, "Original Hash Batches": 1, "Peak Memory Usage": 14, "Workers": [], "Plans": [{"Node Type": "Seq Scan", "Parent Relationship": "Outer", "Parallel Aware": false, "Async Capable": false, "Relation Name": "users", "Alias": "u", "Startup Cost": 0.0, "Total Cost": 1002.69, "Plan Rows": 541, "Plan Width": 4, "Actual Rows": 149, "Actual Loops": 2, "Filter": "((reputation >= 301) AND (upvotes <= 4580) AND (creationdate >= '2013-06-21 14:29:37'::timestamp without time zone))", "Rows Removed by Filter": 40176, "Workers": []}]}]}]}]}]}]}, "Planning Time": 1.349, "Triggers": [], "Execution Time": 56.443}, {"Plan": {"Node Type": "Aggregate", "Strategy": "Plain", "Partial Mode": "Simple", "Parallel Aware": false, "Async Capable": false, "Startup Cost": 9323.38, "Total Cost": 9323.39, "Plan Rows": 1, "Plan Width": 8, "Actual Rows": 1, "Actual Loops": 1, "Plans": [{"Node Type": "Hash Join", "Parent Relationship": "Outer", "Parallel Aware": false, "Async Capable": false, "Join Type": "Inner", "Startup Cost": 1009.87, "Total Cost": 9319.92, "Plan Rows": 58.0, "Plan Width": 0, "Actual Rows": 294, "Actual Loops": 1, "Inner Unique": true, "Hash Cond": "(p.owneruserid = u.id)", "Plans": [{"Node Type": "Nested Loop", "Parent Relationship": "Outer", "Parallel Aware": false, "Async Capable": false, "Join Type": "Inner", "Startup Cost": 0.42, "Total Cost": 8035.69, "Plan Rows": 487.0, "Plan Width": 8, "Actual Rows": 163212, "Actual Loops": 1, "Inner Unique": false, "Plans": [{"Node Type": "Seq Scan", "Parent Relationship": "Outer", "Parallel Aware": false, "Async Capable": false, "Relation Name": "posts", "Alias": "p", "Startup Cost": 0.0, "Total Cost": 1989.7, "Plan Rows": 254, "Plan Width": 4, "Actual Rows": 253, "Actual Loops": 1, "Filter": "(score >= 39)", "Rows Removed by Filter": 91723}, {"Node Type": "Index Scan", "Parent Relationship": "Inner", "Parallel Aware": false, "Async Capable": false, "Scan Direction": "Forward", "Index Name": "idx_posthistory_userid", "Relation Name": "posthistory", "Alias": "ph", "Startup Cost": 0.42, "Total Cost": 23.7, "Plan Rows": 10, "Plan Width": 4, "Actual Rows": 645, "Actual Loops": 253, "Index Cond": "(userid = p.owneruserid)", "Rows Removed by Index Recheck": 0, "Filter": "(creationdate >= '2012-07-31 21:55:15'::timestamp without time zone)", "Rows Removed by Filter": 513}]}, {"Node Type": "Hash", "Parent Relationship": "Inner", "Parallel Aware": false, "Async Capable": false, "Startup Cost": 1002.69, "Total Cost": 1002.69, "Plan Rows": 541, "Plan Width": 4, "Actual Rows": 149, "Actual Loops": 1, "Hash Buckets": 1024, "Original Hash Buckets": 1024, "Hash Batches": 1, "Original Hash Batches": 1, "Peak Memory Usage": 14, "Plans": [{"Node Type": "Seq Scan", "Parent Relationship": "Outer", "Parallel Aware": false, "Async Capable": false, "Relation Name": "users", "Alias": "u", "Startup Cost": 0.0, "Total Cost": 1002.69, "Plan Rows": 541, "Plan Width": 4, "Actual Rows": 149, "Actual Loops": 1, "Filter": "((reputation >= 301) AND (upvotes <= 4580) AND (creationdate >= '2013-06-21 14:29:37'::timestamp without time zone))", "Rows Removed by Filter": 40176}]}]}]}, "Planning Time": 1.513, "Triggers": [], "Execution Time": 105.524}, {"Plan": {"Node Type": "Aggregate", "Strategy": "Plain", "Partial Mode": "Finalize", "Parallel Aware": false, "Async Capable": false, "Startup Cost": 9255.06, "Total Cost": 9255.07, "Plan Rows": 1, "Plan Width": 8, "Actual Rows": 1, "Actual Loops": 1, "Plans": [{"Node Type": "Gather", "Parent Relationship": "Outer", "Parallel Aware": false, "Async Capable": false, "Startup Cost": 9254.94, "Total Cost": 9255.05, "Plan Rows": 1, "Plan Width": 8, "Actual Rows": 2, "Actual Loops": 1, "Workers Planned": 1, "Workers Launched": 1, "Single Copy": false, "Plans": [{"Node Type": "Aggregate", "Strategy": "Plain", "Partial Mode": "Partial", "Parent Relationship": "Outer", "Parallel Aware": false, "Async Capable": false, "Startup Cost": 8254.94, "Total Cost": 8254.95, "Plan Rows": 1, "Plan Width": 8, "Actual Rows": 1, "Actual Loops": 2, "Workers": [], "Plans": [{"Node Type": "Hash Join", "Parent Relationship": "Outer", "Parallel Aware": false, "Async Capable": false, "Join Type": "Inner", "Startup Cost": 2999.85, "Total Cost": 8252.91, "Plan Rows": 58.0, "Plan Width": 0, "Actual Rows": 147, "Actual Loops": 2, "Inner Unique": false, "Hash Cond": "(ph.userid = p.owneruserid)", "Workers": [], "Plans": [{"Node Type": "Seq Scan", "Parent Relationship": "Outer", "Parallel Aware": true, "Async Capable": false, "Relation Name": "posthistory", "Alias": "ph", "Startup Cost": 0.0, "Total Cost": 4469.32, "Plan Rows": 124235, "Plan Width": 4, "Actual Rows": 105530, "Actual Loops": 2, "Filter": "(creationdate >= '2012-07-31 21:55:15'::timestamp without time zone)", "Rows Removed by Filter": 46063, "Workers": []}, {"Node Type": "Hash", "Parent Relationship": "Inner", "Parallel Aware": false, "Async Capable": false, "Startup Cost": 2999.82, "Total Cost": 2999.82, "Plan Rows": 24.0, "Plan Width": 8, "Actual Rows": 6, "Actual Loops": 2, "Hash Buckets": 1024, "Original Hash Buckets": 1024, "Hash Batches": 1, "Original Hash Batches": 1, "Peak Memory Usage": 9, "Workers": [], "Plans": [{"Node Type": "Hash Join", "Parent Relationship": "Outer", "Parallel Aware": false, "Async Capable": false, "Join Type": "Inner", "Startup Cost": 1009.45, "Total Cost": 2999.82, "Plan Rows": 24.0, "Plan Width": 8, "Actual Rows": 6, "Actual Loops": 2, "Inner Unique": true, "Hash Cond": "(p.owneruserid = u.id)", "Workers": [], "Plans": [{"Node Type": "Seq Scan", "Parent Relationship": "Outer", "Parallel Aware": false, "Async Capable": false, "Relation Name": "posts", "Alias": "p", "Startup Cost": 0.0, "Total Cost": 1989.7, "Plan Rows": 254, "Plan Width": 4, "Actual Rows": 253, "Actual Loops": 2, "Filter": "(score >= 39)", "Rows Removed by Filter": 91723, "Workers": []}, {"Node Type": "Hash", "Parent Relationship": "Inner", "Parallel Aware": false, "Async Capable": false, "Startup Cost": 1002.69, "Total Cost": 1002.69, "Plan Rows": 541, "Plan Width": 4, "Actual Rows": 149, "Actual Loops": 2, "Hash Buckets": 1024, "Original Hash Buckets": 1024, "Hash Batches": 1, "Original Hash Batches": 1, "Peak Memory Usage": 14, "Workers": [], "Plans": [{"Node Type": "Seq Scan", "Parent Relationship": "Outer", "Parallel Aware": false, "Async Capable": false, "Relation Name": "users", "Alias": "u", "Startup Cost": 0.0, "Total Cost": 1002.69, "Plan Rows": 541, "Plan Width": 4, "Actual Rows": 149, "Actual Loops": 2, "Filter": "((reputation >= 301) AND (upvotes <= 4580) AND (creationdate >= '2013-06-21 14:29:37'::timestamp without time zone))", "Rows Removed by Filter": 40176, "Workers": []}]}]}]}]}]}]}]}, "Planning Time": 1.99, "Triggers": [], "Execution Time": 60.124}, {"Plan": {"Node Type": "Aggregate", "Strategy": "Plain", "Partial Mode": "Simple", "Parallel Aware": false, "Async Capable": false, "Startup Cost": 12406.34, "Total Cost": 12406.35, "Plan Rows": 1, "Plan Width": 8, "Actual Rows": 1, "Actual Loops": 1, "Plans": [{"Node Type": "Merge Join", "Parent Relationship": "Outer", "Parallel Aware": false, "Async Capable": false, "Join Type": "Inner", "Startup Cost": 1.0, "Total Cost": 12402.88, "Plan Rows": 58.0, "Plan Width": 0, "Actual Rows": 294, "Actual Loops": 1, "Inner Unique": false, "Merge Cond": "(u.id = p.owneruserid)", "Plans": [{"Node Type": "Index Scan", "Parent Relationship": "Outer", "Parallel Aware": false, "Async Capable": false, "Scan Direction": "Forward", "Index Name": "users_pkey", "Relation Name": "users", "Alias": "u", "Startup Cost": 0.29, "Total Cost": 1659.6, "Plan Rows": 541, "Plan Width": 4, "Actual Rows": 125, "Actual Loops": 1, "Filter": "((reputation >= 301) AND (upvotes <= 4580) AND (creationdate >= '2013-06-21 14:29:37'::timestamp without time zone))", "Rows Removed by Filter": 31612}, {"Node Type": "Materialize", "Parent Relationship": "Inner", "Parallel Aware": false, "Async Capable": false, "Startup Cost": 0.71, "Total Cost": 10631.27, "Plan Rows": 487.0, "Plan Width": 8, "Actual Rows": 163212, "Actual Loops": 1, "Plans": [{"Node Type": "Nested Loop", "Parent Relationship": "Outer", "Parallel Aware": false, "Async Capable": false, "Join Type": "Inner", "Startup Cost": 0.71, "Total Cost": 10369.6, "Plan Rows": 487.0, "Plan Width": 8, "Actual Rows": 163212, "Actual Loops": 1, "Inner Unique": false, "Plans": [{"Node Type": "Index Scan", "Parent Relationship": "Outer", "Parallel Aware": false, "Async Capable": false, "Scan Direction": "Forward", "Index Name": "idx_posts_owneruserid", "Relation Name": "posts", "Alias": "p", "Startup Cost": 0.29, "Total Cost": 4323.61, "Plan Rows": 254, "Plan Width": 4, "Actual Rows": 253, "Actual Loops": 1, "Filter": "(score >= 39)", "Rows Removed by Filter": 91723}, {"Node Type": "Index Scan", "Parent Relationship": "Inner", "Parallel Aware": false, "Async Capable": false, "Scan Direction": "Forward", "Index Name": "idx_posthistory_userid", "Relation Name": "posthistory", "Alias": "ph", "Startup Cost": 0.42, "Total Cost": 23.7, "Plan Rows": 10, "Plan Width": 4, "Actual Rows": 645, "Actual Loops": 253, "Index Cond": "(userid = p.owneruserid)", "Rows Removed by Index Recheck": 0, "Filter": "(creationdate >= '2012-07-31 21:55:15'::timestamp without time zone)", "Rows Removed by Filter": 513}]}]}]}]}, "Planning Time": 1.528, "Triggers": [], "Execution Time": 196.215}, {"Plan": {"Node Type": "Aggregate", "Strategy": "Plain", "Partial Mode": "Finalize", "Parallel Aware": false, "Async Capable": false, "Startup Cost": 7432.69, "Total Cost": 7432.7, "Plan Rows": 1, "Plan Width": 8, "Actual Rows": 1, "Actual Loops": 1, "Plans": [{"Node Type": "Gather", "Parent Relationship": "Outer", "Parallel Aware": false, "Async Capable": false, "Startup Cost": 7432.58, "Total Cost": 7432.69, "Plan Rows": 1, "Plan Width": 8, "Actual Rows": 2, "Actual Loops": 1, "Workers Planned": 1, "Workers Launched": 1, "Single Copy": false, "Plans": [{"Node Type": "Aggregate", "Strategy": "Plain", "Partial Mode": "Partial", "Parent Relationship": "Outer", "Parallel Aware": false, "Async Capable": false, "Startup Cost": 6432.58, "Total Cost": 6432.59, "Plan Rows": 1, "Plan Width": 8, "Actual Rows": 1, "Actual Loops": 2, "Workers": [], "Plans": [{"Node Type": "Nested Loop", "Parent Relationship": "Outer", "Parallel Aware": false, "Async Capable": false, "Join Type": "Inner", "Startup Cost": 1009.74, "Total Cost": 6430.55, "Plan Rows": 58.0, "Plan Width": 0, "Actual Rows": 147, "Actual Loops": 2, "Inner Unique": false, "Join Filter": "(p.owneruserid = u.id)", "Rows Removed by Join Filter": 0, "Workers": [], "Plans": [{"Node Type": "Hash Join", "Parent Relationship": "Outer", "Parallel Aware": false, "Async Capable": false, "Join Type": "Inner", "Startup Cost": 1009.45, "Total Cost": 5804.92, "Plan Rows": 158.0, "Plan Width": 8, "Actual Rows": 6713, "Actual Loops": 2, "Inner Unique": true, "Hash Cond": "(ph.userid = u.id)", "Workers": [], "Plans": [{"Node Type": "Seq Scan", "Parent Relationship": "Outer", "Parallel Aware": true, "Async Capable": false, "Relation Name": "posthistory", "Alias": "ph", "Startup Cost": 0.0, "Total Cost": 4469.32, "Plan Rows": 124235, "Plan Width": 4, "Actual Rows": 105530, "Actual Loops": 2, "Filter": "(creationdate >= '2012-07-31 21:55:15'::timestamp without time zone)", "Rows Removed by Filter": 46063, "Workers": []}, {"Node Type": "Hash", "Parent Relationship": "Inner", "Parallel Aware": false, "Async Capable": false, "Startup Cost": 1002.69, "Total Cost": 1002.69, "Plan Rows": 541, "Plan Width": 4, "Actual Rows": 149, "Actual Loops": 2, "Hash Buckets": 1024, "Original Hash Buckets": 1024, "Hash Batches": 1, "Original Hash Batches": 1, "Peak Memory Usage": 14, "Workers": [], "Plans": [{"Node Type": "Seq Scan", "Parent Relationship": "Outer", "Parallel Aware": false, "Async Capable": false, "Relation Name": "users", "Alias": "u", "Startup Cost": 0.0, "Total Cost": 1002.69, "Plan Rows": 541, "Plan Width": 4, "Actual Rows": 149, "Actual Loops": 2, "Filter": "((reputation >= 301) AND (upvotes <= 4580) AND (creationdate >= '2013-06-21 14:29:37'::timestamp without time zone))", "Rows Removed by Filter": 40176, "Workers": []}]}]}, {"Node Type": "Index Scan", "Parent Relationship": "Inner", "Parallel Aware": false, "Async Capable": false, "Scan Direction": "Forward", "Index Name": "idx_posts_owneruserid", "Relation Name": "posts", "Alias": "p", "Startup Cost": 0.29, "Total Cost": 0.39, "Plan Rows": 1, "Plan Width": 4, "Actual Rows": 0, "Actual Loops": 13426, "Index Cond": "(owneruserid = ph.userid)", "Rows Removed by Index Recheck": 0, "Filter": "(score >= 39)", "Rows Removed by Filter": 115, "Workers": []}]}]}]}]}, "Planning Time": 1.569, "Triggers": [], "Execution Time": 256.24}, {"Plan": {"Node Type": "Aggregate", "Strategy": "Plain", "Partial Mode": "Simple", "Parallel Aware": false, "Async Capable": false, "Startup Cost": 3046.23, "Total Cost": 3046.24, "Plan Rows": 1, "Plan Width": 8, "Actual Rows": 1, "Actual Loops": 1, "Plans": [{"Node Type": "Nested Loop", "Parent Relationship": "Outer", "Parallel Aware": false, "Async Capable": false, "Join Type": "Inner", "Startup Cost": 1009.87, "Total Cost": 3042.77, "Plan Rows": 58.0, "Plan Width": 0, "Actual Rows": 294, "Actual Loops": 1, "Inner Unique": false, "Join Filter": "(ph.userid = p.owneruserid)", "Rows Removed by Join Filter": 0, "Plans": [{"Node Type": "Hash Join", "Parent Relationship": "Outer", "Parallel Aware": false, "Async Capable": false, "Join Type": "Inner", "Startup Cost": 1009.45, "Total Cost": 2999.82, "Plan Rows": 24.0, "Plan Width": 8, "Actual Rows": 6, "Actual Loops": 1, "Inner Unique": true, "Hash Cond": "(p.owneruserid = u.id)", "Plans": [{"Node Type": "Seq Scan", "Parent Relationship": "Outer", "Parallel Aware": false, "Async Capable": false, "Relation Name": "posts", "Alias": "p", "Startup Cost": 0.0, "Total Cost": 1989.7, "Plan Rows": 254, "Plan Width": 4, "Actual Rows": 253, "Actual Loops": 1, "Filter": "(score >= 39)", "Rows Removed by Filter": 91723}, {"Node Type": "Hash", "Parent Relationship": "Inner", "Parallel Aware": false, "Async Capable": false, "Startup Cost": 1002.69, "Total Cost": 1002.69, "Plan Rows": 541, "Plan Width": 4, "Actual Rows": 149, "Actual Loops": 1, "Hash Buckets": 1024, "Original Hash Buckets": 1024, "Hash Batches": 1, "Original Hash Batches": 1, "Peak Memory Usage": 14, "Plans": [{"Node Type": "Seq Scan", "Parent Relationship": "Outer", "Parallel Aware": false, "Async Capable": false, "Relation Name": "users", "Alias": "u", "Startup Cost": 0.0, "Total Cost": 1002.69, "Plan Rows": 541, "Plan Width": 4, "Actual Rows": 149, "Actual Loops": 1, "Filter": "((reputation >= 301) AND (upvotes <= 4580) AND (creationdate >= '2013-06-21 14:29:37'::timestamp without time zone))", "Rows Removed by Filter": 40176}]}]}, {"Node Type": "Index Scan", "Parent Relationship": "Inner", "Parallel Aware": false, "Async Capable": false, "Scan Direction": "Forward", "Index Name": "idx_posthistory_userid", "Relation Name": "posthistory", "Alias": "ph", "Startup Cost": 0.42, "Total Cost": 14.19, "Plan Rows": 10, "Plan Width": 4, "Actual Rows": 49, "Actual Loops": 6, "Index Cond": "(userid = u.id)", "Rows Removed by Index Recheck": 0, "Filter": "(creationdate >= '2012-07-31 21:55:15'::timestamp without time zone)", "Rows Removed by Filter": 0}]}]}, "Planning Time": 1.07, "Triggers": [], "Execution Time": 13.466}]