[{"Plan": {"Node Type": "Aggregate", "Strategy": "Plain", "Partial Mode": "Simple", "Parallel Aware": false, "Async Capable": false, "Startup Cost": 2680.46, "Total Cost": 2680.47, "Plan Rows": 1, "Plan Width": 8, "Actual Rows": 1, "Actual Loops": 1, "Plans": [{"Node Type": "Nested Loop", "Parent Relationship": "Outer", "Parallel Aware": false, "Async Capable": false, "Join Type": "Inner", "Startup Cost": 1106.73, "Total Cost": 2680.45, "Plan Rows": 3.0, "Plan Width": 0, "Actual Rows": 245, "Actual Loops": 1, "Inner Unique": false, "Plans": [{"Node Type": "Nested Loop", "Parent Relationship": "Outer", "Parallel Aware": false, "Async Capable": false, "Join Type": "Inner", "Startup Cost": 1106.44, "Total Cost": 2678.27, "Plan Rows": 2.0, "Plan Width": 4, "Actual Rows": 157, "Actual Loops": 1, "Inner Unique": false, "Join Filter": "(p.owneruserid = u.id)", "Rows Removed by Join Filter": 0, "Plans": [{"Node Type": "Hash Join", "Parent Relationship": "Outer", "Parallel Aware": false, "Async Capable": false, "Join Type": "Inner", "Startup Cost": 1106.15, "Total Cost": 2601.38, "Plan Rows": 1388.0, "Plan Width": 8, "Actual Rows": 554, "Actual Loops": 1, "Inner Unique": true, "Hash Cond": "(b.userid = u.id)", "Plans": [{"Node Type": "Seq Scan", "Parent Relationship": "Outer", "Parallel Aware": false, "Async Capable": false, "Relation Name": "badges", "Alias": "b", "Startup Cost": 0.0, "Total Cost": 1430.14, "Plan Rows": 24792, "Plan Width": 4, "Actual Rows": 24791, "Actual Loops": 1, "Filter": "(date <= '2012-09-22 19:08:35'::timestamp without time zone)", "Rows Removed by Filter": 55060}, {"Node Type": "Hash", "Parent Relationship": "Inner", "Parallel Aware": false, "Async Capable": false, "Startup Cost": 1103.5, "Total Cost": 1103.5, "Plan Rows": 212, "Plan Width": 4, "Actual Rows": 212, "Actual Loops": 1, "Hash Buckets": 1024, "Original Hash Buckets": 1024, "Hash Batches": 1, "Original Hash Batches": 1, "Peak Memory Usage": 16, "Plans": [{"Node Type": "Seq Scan", "Parent Relationship": "Outer", "Parallel Aware": false, "Async Capable": false, "Relation Name": "users", "Alias": "u", "Startup Cost": 0.0, "Total Cost": 1103.5, "Plan Rows": 212, "Plan Width": 4, "Actual Rows": 212, "Actual Loops": 1, "Filter": "((views <= 19437) AND (downvotes >= 1) AND (creationdate >= '2012-03-21 02:42:49'::timestamp without time zone) AND (creationdate <= '2013-06-10 08:14:22'::timestamp without time zone))", "Rows Removed by Filter": 40113}]}]}, {"Node Type": "Index Scan", "Parent Relationship": "Inner", "Parallel Aware": false, "Async Capable": false, "Scan Direction": "Forward", "Index Name": "idx_posts_owneruserid", "Relation Name": "posts", "Alias": "p", "Startup Cost": 0.29, "Total Cost": 0.58, "Plan Rows": 1, "Plan Width": 8, "Actual Rows": 0, "Actual Loops": 554, "Index Cond": "(owneruserid = b.userid)", "Rows Removed by Index Recheck": 0, "Filter": "((score >= '-3'::integer) AND (score <= 56) AND (answercount <= 9) AND (favoritecount >= 1) AND (favoritecount <= 57) AND (commentcount = 5))", "Rows Removed by Filter": 112}]}, {"Node Type": "Index Scan", "Parent Relationship": "Inner", "Parallel Aware": false, "Async Capable": false, "Scan Direction": "Forward", "Index Name": "idx_postlinks_relatedpostid", "Relation Name": "postlinks", "Alias": "pl", "Startup Cost": 0.29, "Total Cost": 2.16, "Plan Rows": 2, "Plan Width": 4, "Actual Rows": 2, "Actual Loops": 157, "Index Cond": "(relatedpostid = p.id)", "Rows Removed by Index Recheck": 0, "Filter": "(creationdate <= '2014-06-27 01:54:14'::timestamp without time zone)", "Rows Removed by Filter": 0}]}]}, "Planning Time": 0.927, "Triggers": [], "Execution Time": 19.92}, {"Plan": {"Node Type": "Aggregate", "Strategy": "Plain", "Partial Mode": "Simple", "Parallel Aware": false, "Async Capable": false, "Startup Cost": 6039.83, "Total Cost": 6039.84, "Plan Rows": 1, "Plan Width": 8, "Actual Rows": 1, "Actual Loops": 1, "Plans": [{"Node Type": "Nested Loop", "Parent Relationship": "Outer", "Parallel Aware": false, "Async Capable": false, "Join Type": "Inner", "Startup Cost": 4248.44, "Total Cost": 6039.83, "Plan Rows": 3.0, "Plan Width": 0, "Actual Rows": 245, "Actual Loops": 1, "Inner Unique": false, "Join Filter": "(p.owneruserid = u.id)", "Rows Removed by Join Filter": 209721, "Plans": [{"Node Type": "Hash Join", "Parent Relationship": "Outer", "Parallel Aware": false, "Async Capable": false, "Join Type": "Inner", "Startup Cost": 3142.29, "Total Cost": 3389.37, "Plan Rows": 1.0, "Plan Width": 4, "Actual Rows": 379, "Actual Loops": 1, "Inner Unique": true, "Hash Cond": "(pl.relatedpostid = p.id)", "Plans": [{"Node Type": "Seq Scan", "Parent Relationship": "Outer", "Parallel Aware": false, "Async Capable": false, "Relation Name": "postlinks", "Alias": "pl", "Startup Cost": 0.0, "Total Cost": 220.78, "Plan Rows": 10023, "Plan Width": 4, "Actual Rows": 10022, "Actual Loops": 1, "Filter": "(creationdate <= '2014-06-27 01:54:14'::timestamp without time zone)", "Rows Removed by Filter": 1080}, {"Node Type": "Hash", "Parent Relationship": "Inner", "Parallel Aware": false, "Async Capable": false, "Startup Cost": 3139.4, "Total Cost": 3139.4, "Plan Rows": 231, "Plan Width": 8, "Actual Rows": 619, "Actual Loops": 1, "Hash Buckets": 1024, "Original Hash Buckets": 1024, "Hash Batches": 1, "Original Hash Batches": 1, "Peak Memory Usage": 33, "Plans": [{"Node Type": "Seq Scan", "Parent Relationship": "Outer", "Parallel Aware": false, "Async Capable": false, "Relation Name": "posts", "Alias": "p", "Startup Cost": 0.0, "Total Cost": 3139.4, "Plan Rows": 231, "Plan Width": 8, "Actual Rows": 619, "Actual Loops": 1, "Filter": "((score >= '-3'::integer) AND (score <= 56) AND (answercount <= 9) AND (favoritecount >= 1) AND (favoritecount <= 57) AND (commentcount = 5))", "Rows Removed by Filter": 91357}]}]}, {"Node Type": "Materialize", "Parent Relationship": "Inner", "Parallel Aware": false, "Async Capable": false, "Startup Cost": 1106.15, "Total Cost": 2602.03, "Plan Rows": 1388.0, "Plan Width": 8, "Actual Rows": 554, "Actual Loops": 379, "Plans": [{"Node Type": "Hash Join", "Parent Relationship": "Outer", "Parallel Aware": false, "Async Capable": false, "Join Type": "Inner", "Startup Cost": 1106.15, "Total Cost": 2601.38, "Plan Rows": 1388.0, "Plan Width": 8, "Actual Rows": 554, "Actual Loops": 1, "Inner Unique": true, "Hash Cond": "(b.userid = u.id)", "Plans": [{"Node Type": "Seq Scan", "Parent Relationship": "Outer", "Parallel Aware": false, "Async Capable": false, "Relation Name": "badges", "Alias": "b", "Startup Cost": 0.0, "Total Cost": 1430.14, "Plan Rows": 24792, "Plan Width": 4, "Actual Rows": 24791, "Actual Loops": 1, "Filter": "(date <= '2012-09-22 19:08:35'::timestamp without time zone)", "Rows Removed by Filter": 55060}, {"Node Type": "Hash", "Parent Relationship": "Inner", "Parallel Aware": false, "Async Capable": false, "Startup Cost": 1103.5, "Total Cost": 1103.5, "Plan Rows": 212, "Plan Width": 4, "Actual Rows": 212, "Actual Loops": 1, "Hash Buckets": 1024, "Original Hash Buckets": 1024, "Hash Batches": 1, "Original Hash Batches": 1, "Peak Memory Usage": 16, "Plans": [{"Node Type": "Seq Scan", "Parent Relationship": "Outer", "Parallel Aware": false, "Async Capable": false, "Relation Name": "users", "Alias": "u", "Startup Cost": 0.0, "Total Cost": 1103.5, "Plan Rows": 212, "Plan Width": 4, "Actual Rows": 212, "Actual Loops": 1, "Filter": "((views <= 19437) AND (downvotes >= 1) AND (creationdate >= '2012-03-21 02:42:49'::timestamp without time zone) AND (creationdate <= '2013-06-10 08:14:22'::timestamp without time zone))", "Rows Removed by Filter": 40113}]}]}]}]}]}, "Planning Time": 1.023, "Triggers": [], "Execution Time": 31.998}, {"Plan": {"Node Type": "Aggregate", "Strategy": "Plain", "Partial Mode": "Simple", "Parallel Aware": false, "Async Capable": false, "Startup Cost": 3233.92, "Total Cost": 3233.93, "Plan Rows": 1, "Plan Width": 8, "Actual Rows": 1, "Actual Loops": 1, "Plans": [{"Node Type": "Nested Loop", "Parent Relationship": "Outer", "Parallel Aware": false, "Async Capable": false, "Join Type": "Inner", "Startup Cost": 0.87, "Total Cost": 3233.92, "Plan Rows": 3.0, "Plan Width": 0, "Actual Rows": 245, "Actual Loops": 1, "Inner Unique": false, "Join Filter": "(u.id = b.userid)", "Rows Removed by Join Filter": 0, "Plans": [{"Node Type": "Nested Loop", "Parent Relationship": "Outer", "Parallel Aware": false, "Async Capable": false, "Join Type": "Inner", "Startup Cost": 0.58, "Total Cost": 3226.34, "Plan Rows": 1.0, "Plan Width": 8, "Actual Rows": 29, "Actual Loops": 1, "Inner Unique": false, "Plans": [{"Node Type": "Nested Loop", "Parent Relationship": "Outer", "Parallel Aware": false, "Async Capable": false, "Join Type": "Inner", "Startup Cost": 0.29, "Total Cost": 3224.16, "Plan Rows": 1.0, "Plan Width": 12, "Actual Rows": 33, "Actual Loops": 1, "Inner Unique": false, "Plans": [{"Node Type": "Seq Scan", "Parent Relationship": "Outer", "Parallel Aware": false, "Async Capable": false, "Relation Name": "users", "Alias": "u", "Startup Cost": 0.0, "Total Cost": 1103.5, "Plan Rows": 212, "Plan Width": 4, "Actual Rows": 212, "Actual Loops": 1, "Filter": "((views <= 19437) AND (downvotes >= 1) AND (creationdate >= '2012-03-21 02:42:49'::timestamp without time zone) AND (creationdate <= '2013-06-10 08:14:22'::timestamp without time zone))", "Rows Removed by Filter": 40113}, {"Node Type": "Index Scan", "Parent Relationship": "Inner", "Parallel Aware": false, "Async Capable": false, "Scan Direction": "Forward", "Index Name": "idx_posts_owneruserid", "Relation Name": "posts", "Alias": "p", "Startup Cost": 0.29, "Total Cost": 9.99, "Plan Rows": 1, "Plan Width": 8, "Actual Rows": 0, "Actual Loops": 212, "Index Cond": "(owneruserid = u.id)", "Rows Removed by Index Recheck": 0, "Filter": "((score >= '-3'::integer) AND (score <= 56) AND (answercount <= 9) AND (favoritecount >= 1) AND (favoritecount <= 57) AND (commentcount = 5))", "Rows Removed by Filter": 39}]}, {"Node Type": "Index Scan", "Parent Relationship": "Inner", "Parallel Aware": false, "Async Capable": false, "Scan Direction": "Forward", "Index Name": "idx_postlinks_relatedpostid", "Relation Name": "postlinks", "Alias": "pl", "Startup Cost": 0.29, "Total Cost": 2.16, "Plan Rows": 2, "Plan Width": 4, "Actual Rows": 1, "Actual Loops": 33, "Index Cond": "(relatedpostid = p.id)", "Rows Removed by Index Recheck": 0, "Filter": "(creationdate <= '2014-06-27 01:54:14'::timestamp without time zone)", "Rows Removed by Filter": 0}]}, {"Node Type": "Index Scan", "Parent Relationship": "Inner", "Parallel Aware": false, "Async Capable": false, "Scan Direction": "Forward", "Index Name": "idx_badges_userid", "Relation Name": "badges", "Alias": "b", "Startup Cost": 0.29, "Total Cost": 7.57, "Plan Rows": 1, "Plan Width": 4, "Actual Rows": 8, "Actual Loops": 29, "Index Cond": "(userid = p.owneruserid)", "Rows Removed by Index Recheck": 0, "Filter": "(date <= '2012-09-22 19:08:35'::timestamp without time zone)", "Rows Removed by Filter": 17}]}]}, "Planning Time": 0.836, "Triggers": [], "Execution Time": 5.854}, {"Plan": {"Node Type": "Aggregate", "Strategy": "Plain", "Partial Mode": "Simple", "Parallel Aware": false, "Async Capable": false, "Startup Cost": 2936.66, "Total Cost": 2936.67, "Plan Rows": 1, "Plan Width": 8, "Actual Rows": 1, "Actual Loops": 1, "Plans": [{"Node Type": "Hash Join", "Parent Relationship": "Outer", "Parallel Aware": false, "Async Capable": false, "Join Type": "Inner", "Startup Cost": 2678.29, "Total Cost": 2936.66, "Plan Rows": 3.0, "Plan Width": 0, "Actual Rows": 245, "Actual Loops": 1, "Inner Unique": false, "Hash Cond": "(pl.relatedpostid = p.id)", "Plans": [{"Node Type": "Seq Scan", "Parent Relationship": "Outer", "Parallel Aware": false, "Async Capable": false, "Relation Name": "postlinks", "Alias": "pl", "Startup Cost": 0.0, "Total Cost": 220.78, "Plan Rows": 10023, "Plan Width": 4, "Actual Rows": 10022, "Actual Loops": 1, "Filter": "(creationdate <= '2014-06-27 01:54:14'::timestamp without time zone)", "Rows Removed by Filter": 1080}, {"Node Type": "Hash", "Parent Relationship": "Inner", "Parallel Aware": false, "Async Capable": false, "Startup Cost": 2678.27, "Total Cost": 2678.27, "Plan Rows": 2.0, "Plan Width": 4, "Actual Rows": 157, "Actual Loops": 1, "Hash Buckets": 1024, "Original Hash Buckets": 1024, "Hash Batches": 1, "Original Hash Batches": 1, "Peak Memory Usage": 14, "Plans": [{"Node Type": "Nested Loop", "Parent Relationship": "Outer", "Parallel Aware": false, "Async Capable": false, "Join Type": "Inner", "Startup Cost": 1106.44, "Total Cost": 2678.27, "Plan Rows": 2.0, "Plan Width": 4, "Actual Rows": 157, "Actual Loops": 1, "Inner Unique": false, "Join Filter": "(p.owneruserid = u.id)", "Rows Removed by Join Filter": 0, "Plans": [{"Node Type": "Hash Join", "Parent Relationship": "Outer", "Parallel Aware": false, "Async Capable": false, "Join Type": "Inner", "Startup Cost": 1106.15, "Total Cost": 2601.38, "Plan Rows": 1388.0, "Plan Width": 8, "Actual Rows": 554, "Actual Loops": 1, "Inner Unique": true, "Hash Cond": "(b.userid = u.id)", "Plans": [{"Node Type": "Seq Scan", "Parent Relationship": "Outer", "Parallel Aware": false, "Async Capable": false, "Relation Name": "badges", "Alias": "b", "Startup Cost": 0.0, "Total Cost": 1430.14, "Plan Rows": 24792, "Plan Width": 4, "Actual Rows": 24791, "Actual Loops": 1, "Filter": "(date <= '2012-09-22 19:08:35'::timestamp without time zone)", "Rows Removed by Filter": 55060}, {"Node Type": "Hash", "Parent Relationship": "Inner", "Parallel Aware": false, "Async Capable": false, "Startup Cost": 1103.5, "Total Cost": 1103.5, "Plan Rows": 212, "Plan Width": 4, "Actual Rows": 212, "Actual Loops": 1, "Hash Buckets": 1024, "Original Hash Buckets": 1024, "Hash Batches": 1, "Original Hash Batches": 1, "Peak Memory Usage": 16, "Plans": [{"Node Type": "Seq Scan", "Parent Relationship": "Outer", "Parallel Aware": false, "Async Capable": false, "Relation Name": "users", "Alias": "u", "Startup Cost": 0.0, "Total Cost": 1103.5, "Plan Rows": 212, "Plan Width": 4, "Actual Rows": 212, "Actual Loops": 1, "Filter": "((views <= 19437) AND (downvotes >= 1) AND (creationdate >= '2012-03-21 02:42:49'::timestamp without time zone) AND (creationdate <= '2013-06-10 08:14:22'::timestamp without time zone))", "Rows Removed by Filter": 40113}]}]}, {"Node Type": "Index Scan", "Parent Relationship": "Inner", "Parallel Aware": false, "Async Capable": false, "Scan Direction": "Forward", "Index Name": "idx_posts_owneruserid", "Relation Name": "posts", "Alias": "p", "Startup Cost": 0.29, "Total Cost": 0.58, "Plan Rows": 1, "Plan Width": 8, "Actual Rows": 0, "Actual Loops": 554, "Index Cond": "(owneruserid = b.userid)", "Rows Removed by Index Recheck": 0, "Filter": "((score >= '-3'::integer) AND (score <= 56) AND (answercount <= 9) AND (favoritecount >= 1) AND (favoritecount <= 57) AND (commentcount = 5))", "Rows Removed by Filter": 112}]}]}]}]}, "Planning Time": 0.783, "Triggers": [], "Execution Time": 19.416}, {"Plan": {"Node Type": "Aggregate", "Strategy": "Plain", "Partial Mode": "Simple", "Parallel Aware": false, "Async Capable": false, "Startup Cost": 6039.57, "Total Cost": 6039.58, "Plan Rows": 1, "Plan Width": 8, "Actual Rows": 1, "Actual Loops": 1, "Plans": [{"Node Type": "Nested Loop", "Parent Relationship": "Outer", "Parallel Aware": false, "Async Capable": false, "Join Type": "Inner", "Startup Cost": 4248.44, "Total Cost": 6039.56, "Plan Rows": 3.0, "Plan Width": 0, "Actual Rows": 245, "Actual Loops": 1, "Inner Unique": false, "Join Filter": "(p.owneruserid = u.id)", "Rows Removed by Join Filter": 209721, "Plans": [{"Node Type": "Hash Join", "Parent Relationship": "Outer", "Parallel Aware": false, "Async Capable": false, "Join Type": "Inner", "Startup Cost": 1106.15, "Total Cost": 2601.38, "Plan Rows": 1388.0, "Plan Width": 8, "Actual Rows": 554, "Actual Loops": 1, "Inner Unique": true, "Hash Cond": "(b.userid = u.id)", "Plans": [{"Node Type": "Seq Scan", "Parent Relationship": "Outer", "Parallel Aware": false, "Async Capable": false, "Relation Name": "badges", "Alias": "b", "Startup Cost": 0.0, "Total Cost": 1430.14, "Plan Rows": 24792, "Plan Width": 4, "Actual Rows": 24791, "Actual Loops": 1, "Filter": "(date <= '2012-09-22 19:08:35'::timestamp without time zone)", "Rows Removed by Filter": 55060}, {"Node Type": "Hash", "Parent Relationship": "Inner", "Parallel Aware": false, "Async Capable": false, "Startup Cost": 1103.5, "Total Cost": 1103.5, "Plan Rows": 212, "Plan Width": 4, "Actual Rows": 212, "Actual Loops": 1, "Hash Buckets": 1024, "Original Hash Buckets": 1024, "Hash Batches": 1, "Original Hash Batches": 1, "Peak Memory Usage": 16, "Plans": [{"Node Type": "Seq Scan", "Parent Relationship": "Outer", "Parallel Aware": false, "Async Capable": false, "Relation Name": "users", "Alias": "u", "Startup Cost": 0.0, "Total Cost": 1103.5, "Plan Rows": 212, "Plan Width": 4, "Actual Rows": 212, "Actual Loops": 1, "Filter": "((views <= 19437) AND (downvotes >= 1) AND (creationdate >= '2012-03-21 02:42:49'::timestamp without time zone) AND (creationdate <= '2013-06-10 08:14:22'::timestamp without time zone))", "Rows Removed by Filter": 40113}]}]}, {"Node Type": "Materialize", "Parent Relationship": "Inner", "Parallel Aware": false, "Async Capable": false, "Startup Cost": 3142.29, "Total Cost": 3389.5, "Plan Rows": 1.0, "Plan Width": 4, "Actual Rows": 379, "Actual Loops": 554, "Plans": [{"Node Type": "Hash Join", "Parent Relationship": "Outer", "Parallel Aware": false, "Async Capable": false, "Join Type": "Inner", "Startup Cost": 3142.29, "Total Cost": 3389.37, "Plan Rows": 1.0, "Plan Width": 4, "Actual Rows": 379, "Actual Loops": 1, "Inner Unique": true, "Hash Cond": "(pl.relatedpostid = p.id)", "Plans": [{"Node Type": "Seq Scan", "Parent Relationship": "Outer", "Parallel Aware": false, "Async Capable": false, "Relation Name": "postlinks", "Alias": "pl", "Startup Cost": 0.0, "Total Cost": 220.78, "Plan Rows": 10023, "Plan Width": 4, "Actual Rows": 10022, "Actual Loops": 1, "Filter": "(creationdate <= '2014-06-27 01:54:14'::timestamp without time zone)", "Rows Removed by Filter": 1080}, {"Node Type": "Hash", "Parent Relationship": "Inner", "Parallel Aware": false, "Async Capable": false, "Startup Cost": 3139.4, "Total Cost": 3139.4, "Plan Rows": 231, "Plan Width": 8, "Actual Rows": 619, "Actual Loops": 1, "Hash Buckets": 1024, "Original Hash Buckets": 1024, "Hash Batches": 1, "Original Hash Batches": 1, "Peak Memory Usage": 33, "Plans": [{"Node Type": "Seq Scan", "Parent Relationship": "Outer", "Parallel Aware": false, "Async Capable": false, "Relation Name": "posts", "Alias": "p", "Startup Cost": 0.0, "Total Cost": 3139.4, "Plan Rows": 231, "Plan Width": 8, "Actual Rows": 619, "Actual Loops": 1, "Filter": "((score >= '-3'::integer) AND (score <= 56) AND (answercount <= 9) AND (favoritecount >= 1) AND (favoritecount <= 57) AND (commentcount = 5))", "Rows Removed by Filter": 91357}]}]}]}]}]}, "Planning Time": 0.952, "Triggers": [], "Execution Time": 31.028}, {"Plan": {"Node Type": "Aggregate", "Strategy": "Plain", "Partial Mode": "Simple", "Parallel Aware": false, "Async Capable": false, "Startup Cost": 3697.31, "Total Cost": 3697.32, "Plan Rows": 1, "Plan Width": 8, "Actual Rows": 1, "Actual Loops": 1, "Plans": [{"Node Type": "Nested Loop", "Parent Relationship": "Outer", "Parallel Aware": false, "Async Capable": false, "Join Type": "Inner", "Startup Cost": 3142.87, "Total Cost": 3697.31, "Plan Rows": 3.0, "Plan Width": 0, "Actual Rows": 245, "Actual Loops": 1, "Inner Unique": true, "Join Filter": "(p.owneruserid = u.id)", "Rows Removed by Join Filter": 0, "Plans": [{"Node Type": "Nested Loop", "Parent Relationship": "Outer", "Parallel Aware": false, "Async Capable": false, "Join Type": "Inner", "Startup Cost": 3142.58, "Total Cost": 3578.86, "Plan Rows": 13.0, "Plan Width": 8, "Actual Rows": 3369, "Actual Loops": 1, "Inner Unique": false, "Plans": [{"Node Type": "Hash Join", "Parent Relationship": "Outer", "Parallel Aware": false, "Async Capable": false, "Join Type": "Inner", "Startup Cost": 3142.29, "Total Cost": 3389.37, "Plan Rows": 1.0, "Plan Width": 4, "Actual Rows": 379, "Actual Loops": 1, "Inner Unique": true, "Hash Cond": "(pl.relatedpostid = p.id)", "Plans": [{"Node Type": "Seq Scan", "Parent Relationship": "Outer", "Parallel Aware": false, "Async Capable": false, "Relation Name": "postlinks", "Alias": "pl", "Startup Cost": 0.0, "Total Cost": 220.78, "Plan Rows": 10023, "Plan Width": 4, "Actual Rows": 10022, "Actual Loops": 1, "Filter": "(creationdate <= '2014-06-27 01:54:14'::timestamp without time zone)", "Rows Removed by Filter": 1080}, {"Node Type": "Hash", "Parent Relationship": "Inner", "Parallel Aware": false, "Async Capable": false, "Startup Cost": 3139.4, "Total Cost": 3139.4, "Plan Rows": 231, "Plan Width": 8, "Actual Rows": 619, "Actual Loops": 1, "Hash Buckets": 1024, "Original Hash Buckets": 1024, "Hash Batches": 1, "Original Hash Batches": 1, "Peak Memory Usage": 33, "Plans": [{"Node Type": "Seq Scan", "Parent Relationship": "Outer", "Parallel Aware": false, "Async Capable": false, "Relation Name": "posts", "Alias": "p", "Startup Cost": 0.0, "Total Cost": 3139.4, "Plan Rows": 231, "Plan Width": 8, "Actual Rows": 619, "Actual Loops": 1, "Filter": "((score >= '-3'::integer) AND (score <= 56) AND (answercount <= 9) AND (favoritecount >= 1) AND (favoritecount <= 57) AND (commentcount = 5))", "Rows Removed by Filter": 91357}]}]}, {"Node Type": "Index Scan", "Parent Relationship": "Inner", "Parallel Aware": false, "Async Capable": false, "Scan Direction": "Forward", "Index Name": "idx_badges_userid", "Relation Name": "badges", "Alias": "b", "Startup Cost": 0.29, "Total Cost": 7.57, "Plan Rows": 1, "Plan Width": 4, "Actual Rows": 9, "Actual Loops": 379, "Index Cond": "(userid = p.owneruserid)", "Rows Removed by Index Recheck": 0, "Filter": "(date <= '2012-09-22 19:08:35'::timestamp without time zone)", "Rows Removed by Filter": 11}]}, {"Node Type": "Index Scan", "Parent Relationship": "Inner", "Parallel Aware": false, "Async Capable": false, "Scan Direction": "Forward", "Index Name": "users_pkey", "Relation Name": "users", "Alias": "u", "Startup Cost": 0.29, "Total Cost": 0.38, "Plan Rows": 1, "Plan Width": 4, "Actual Rows": 0, "Actual Loops": 3369, "Index Cond": "(id = b.userid)", "Rows Removed by Index Recheck": 0, "Filter": "((views <= 19437) AND (downvotes >= 1) AND (creationdate >= '2012-03-21 02:42:49'::timestamp without time zone) AND (creationdate <= '2013-06-10 08:14:22'::timestamp without time zone))", "Rows Removed by Filter": 1}]}]}, "Planning Time": 0.932, "Triggers": [], "Execution Time": 17.203}, {"Plan": {"Node Type": "Aggregate", "Strategy": "Plain", "Partial Mode": "Simple", "Parallel Aware": false, "Async Capable": false, "Startup Cost": 4749.47, "Total Cost": 4749.48, "Plan Rows": 1, "Plan Width": 8, "Actual Rows": 1, "Actual Loops": 1, "Plans": [{"Node Type": "Hash Join", "Parent Relationship": "Outer", "Parallel Aware": false, "Async Capable": false, "Join Type": "Inner", "Startup Cost": 3226.35, "Total Cost": 4749.47, "Plan Rows": 3.0, "Plan Width": 0, "Actual Rows": 245, "Actual Loops": 1, "Inner Unique": false, "Hash Cond": "(b.userid = u.id)", "Plans": [{"Node Type": "Seq Scan", "Parent Relationship": "Outer", "Parallel Aware": false, "Async Capable": false, "Relation Name": "badges", "Alias": "b", "Startup Cost": 0.0, "Total Cost": 1430.14, "Plan Rows": 24792, "Plan Width": 4, "Actual Rows": 24791, "Actual Loops": 1, "Filter": "(date <= '2012-09-22 19:08:35'::timestamp without time zone)", "Rows Removed by Filter": 55060}, {"Node Type": "Hash", "Parent Relationship": "Inner", "Parallel Aware": false, "Async Capable": false, "Startup Cost": 3226.34, "Total Cost": 3226.34, "Plan Rows": 1.0, "Plan Width": 8, "Actual Rows": 29, "Actual Loops": 1, "Hash Buckets": 1024, "Original Hash Buckets": 1024, "Hash Batches": 1, "Original Hash Batches": 1, "Peak Memory Usage": 10, "Plans": [{"Node Type": "Nested Loop", "Parent Relationship": "Outer", "Parallel Aware": false, "Async Capable": false, "Join Type": "Inner", "Startup Cost": 0.58, "Total Cost": 3226.34, "Plan Rows": 1.0, "Plan Width": 8, "Actual Rows": 29, "Actual Loops": 1, "Inner Unique": false, "Plans": [{"Node Type": "Nested Loop", "Parent Relationship": "Outer", "Parallel Aware": false, "Async Capable": false, "Join Type": "Inner", "Startup Cost": 0.29, "Total Cost": 3224.16, "Plan Rows": 1.0, "Plan Width": 12, "Actual Rows": 33, "Actual Loops": 1, "Inner Unique": false, "Plans": [{"Node Type": "Seq Scan", "Parent Relationship": "Outer", "Parallel Aware": false, "Async Capable": false, "Relation Name": "users", "Alias": "u", "Startup Cost": 0.0, "Total Cost": 1103.5, "Plan Rows": 212, "Plan Width": 4, "Actual Rows": 212, "Actual Loops": 1, "Filter": "((views <= 19437) AND (downvotes >= 1) AND (creationdate >= '2012-03-21 02:42:49'::timestamp without time zone) AND (creationdate <= '2013-06-10 08:14:22'::timestamp without time zone))", "Rows Removed by Filter": 40113}, {"Node Type": "Index Scan", "Parent Relationship": "Inner", "Parallel Aware": false, "Async Capable": false, "Scan Direction": "Forward", "Index Name": "idx_posts_owneruserid", "Relation Name": "posts", "Alias": "p", "Startup Cost": 0.29, "Total Cost": 9.99, "Plan Rows": 1, "Plan Width": 8, "Actual Rows": 0, "Actual Loops": 212, "Index Cond": "(owneruserid = u.id)", "Rows Removed by Index Recheck": 0, "Filter": "((score >= '-3'::integer) AND (score <= 56) AND (answercount <= 9) AND (favoritecount >= 1) AND (favoritecount <= 57) AND (commentcount = 5))", "Rows Removed by Filter": 39}]}, {"Node Type": "Index Scan", "Parent Relationship": "Inner", "Parallel Aware": false, "Async Capable": false, "Scan Direction": "Forward", "Index Name": "idx_postlinks_relatedpostid", "Relation Name": "postlinks", "Alias": "pl", "Startup Cost": 0.29, "Total Cost": 2.16, "Plan Rows": 2, "Plan Width": 4, "Actual Rows": 1, "Actual Loops": 33, "Index Cond": "(relatedpostid = p.id)", "Rows Removed by Index Recheck": 0, "Filter": "(creationdate <= '2014-06-27 01:54:14'::timestamp without time zone)", "Rows Removed by Filter": 0}]}]}]}]}, "Planning Time": 0.909, "Triggers": [], "Execution Time": 14.674}, {"Plan": {"Node Type": "Aggregate", "Strategy": "Plain", "Partial Mode": "Simple", "Parallel Aware": false, "Async Capable": false, "Startup Cost": 2680.46, "Total Cost": 2680.47, "Plan Rows": 1, "Plan Width": 8, "Actual Rows": 1, "Actual Loops": 1, "Plans": [{"Node Type": "Nested Loop", "Parent Relationship": "Outer", "Parallel Aware": false, "Async Capable": false, "Join Type": "Inner", "Startup Cost": 1106.73, "Total Cost": 2680.45, "Plan Rows": 3.0, "Plan Width": 0, "Actual Rows": 245, "Actual Loops": 1, "Inner Unique": false, "Plans": [{"Node Type": "Nested Loop", "Parent Relationship": "Outer", "Parallel Aware": false, "Async Capable": false, "Join Type": "Inner", "Startup Cost": 1106.44, "Total Cost": 2678.27, "Plan Rows": 2.0, "Plan Width": 4, "Actual Rows": 157, "Actual Loops": 1, "Inner Unique": false, "Join Filter": "(p.owneruserid = u.id)", "Rows Removed by Join Filter": 0, "Plans": [{"Node Type": "Hash Join", "Parent Relationship": "Outer", "Parallel Aware": false, "Async Capable": false, "Join Type": "Inner", "Startup Cost": 1106.15, "Total Cost": 2601.38, "Plan Rows": 1388.0, "Plan Width": 8, "Actual Rows": 554, "Actual Loops": 1, "Inner Unique": true, "Hash Cond": "(b.userid = u.id)", "Plans": [{"Node Type": "Seq Scan", "Parent Relationship": "Outer", "Parallel Aware": false, "Async Capable": false, "Relation Name": "badges", "Alias": "b", "Startup Cost": 0.0, "Total Cost": 1430.14, "Plan Rows": 24792, "Plan Width": 4, "Actual Rows": 24791, "Actual Loops": 1, "Filter": "(date <= '2012-09-22 19:08:35'::timestamp without time zone)", "Rows Removed by Filter": 55060}, {"Node Type": "Hash", "Parent Relationship": "Inner", "Parallel Aware": false, "Async Capable": false, "Startup Cost": 1103.5, "Total Cost": 1103.5, "Plan Rows": 212, "Plan Width": 4, "Actual Rows": 212, "Actual Loops": 1, "Hash Buckets": 1024, "Original Hash Buckets": 1024, "Hash Batches": 1, "Original Hash Batches": 1, "Peak Memory Usage": 16, "Plans": [{"Node Type": "Seq Scan", "Parent Relationship": "Outer", "Parallel Aware": false, "Async Capable": false, "Relation Name": "users", "Alias": "u", "Startup Cost": 0.0, "Total Cost": 1103.5, "Plan Rows": 212, "Plan Width": 4, "Actual Rows": 212, "Actual Loops": 1, "Filter": "((views <= 19437) AND (downvotes >= 1) AND (creationdate >= '2012-03-21 02:42:49'::timestamp without time zone) AND (creationdate <= '2013-06-10 08:14:22'::timestamp without time zone))", "Rows Removed by Filter": 40113}]}]}, {"Node Type": "Index Scan", "Parent Relationship": "Inner", "Parallel Aware": false, "Async Capable": false, "Scan Direction": "Forward", "Index Name": "idx_posts_owneruserid", "Relation Name": "posts", "Alias": "p", "Startup Cost": 0.29, "Total Cost": 0.58, "Plan Rows": 1, "Plan Width": 8, "Actual Rows": 0, "Actual Loops": 554, "Index Cond": "(owneruserid = b.userid)", "Rows Removed by Index Recheck": 0, "Filter": "((score >= '-3'::integer) AND (score <= 56) AND (answercount <= 9) AND (favoritecount >= 1) AND (favoritecount <= 57) AND (commentcount = 5))", "Rows Removed by Filter": 112}]}, {"Node Type": "Index Scan", "Parent Relationship": "Inner", "Parallel Aware": false, "Async Capable": false, "Scan Direction": "Forward", "Index Name": "idx_postlinks_relatedpostid", "Relation Name": "postlinks", "Alias": "pl", "Startup Cost": 0.29, "Total Cost": 2.16, "Plan Rows": 2, "Plan Width": 4, "Actual Rows": 2, "Actual Loops": 157, "Index Cond": "(relatedpostid = p.id)", "Rows Removed by Index Recheck": 0, "Filter": "(creationdate <= '2014-06-27 01:54:14'::timestamp without time zone)", "Rows Removed by Filter": 0}]}]}, "Planning Time": 0.821, "Triggers": [], "Execution Time": 18.124}, {"Plan": {"Node Type": "Aggregate", "Strategy": "Plain", "Partial Mode": "Simple", "Parallel Aware": false, "Async Capable": false, "Startup Cost": 4705.4, "Total Cost": 4705.41, "Plan Rows": 1, "Plan Width": 8, "Actual Rows": 1, "Actual Loops": 1, "Plans": [{"Node Type": "Merge Join", "Parent Relationship": "Outer", "Parallel Aware": false, "Async Capable": false, "Join Type": "Inner", "Startup Cost": 4702.85, "Total Cost": 4705.4, "Plan Rows": 3.0, "Plan Width": 0, "Actual Rows": 245, "Actual Loops": 1, "Inner Unique": false, "Merge Cond": "(u.id = p.owneruserid)", "Plans": [{"Node Type": "Sort", "Parent Relationship": "Outer", "Parallel Aware": false, "Async Capable": false, "Startup Cost": 1111.69, "Total Cost": 1112.22, "Plan Rows": 212, "Plan Width": 4, "Actual Rows": 198, "Actual Loops": 1, "Sort Key": ["u.id"], "Sort Method": "quicksort", "Sort Space Used": 25, "Sort Space Type": "Memory", "Plans": [{"Node Type": "Seq Scan", "Parent Relationship": "Outer", "Parallel Aware": false, "Async Capable": false, "Relation Name": "users", "Alias": "u", "Startup Cost": 0.0, "Total Cost": 1103.5, "Plan Rows": 212, "Plan Width": 4, "Actual Rows": 212, "Actual Loops": 1, "Filter": "((views <= 19437) AND (downvotes >= 1) AND (creationdate >= '2012-03-21 02:42:49'::timestamp without time zone) AND (creationdate <= '2013-06-10 08:14:22'::timestamp without time zone))", "Rows Removed by Filter": 40113}]}, {"Node Type": "Sort", "Parent Relationship": "Inner", "Parallel Aware": false, "Async Capable": false, "Startup Cost": 3591.15, "Total Cost": 3591.9, "Plan Rows": 13.0, "Plan Width": 8, "Actual Rows": 3369, "Actual Loops": 1, "Sort Key": ["p.owneruserid"], "Sort Method": "quicksort", "Sort Space Used": 202, "Sort Space Type": "Memory", "Plans": [{"Node Type": "Nested Loop", "Parent Relationship": "Outer", "Parallel Aware": false, "Async Capable": false, "Join Type": "Inner", "Startup Cost": 3142.58, "Total Cost": 3578.86, "Plan Rows": 13.0, "Plan Width": 8, "Actual Rows": 3369, "Actual Loops": 1, "Inner Unique": false, "Plans": [{"Node Type": "Hash Join", "Parent Relationship": "Outer", "Parallel Aware": false, "Async Capable": false, "Join Type": "Inner", "Startup Cost": 3142.29, "Total Cost": 3389.37, "Plan Rows": 1.0, "Plan Width": 4, "Actual Rows": 379, "Actual Loops": 1, "Inner Unique": true, "Hash Cond": "(pl.relatedpostid = p.id)", "Plans": [{"Node Type": "Seq Scan", "Parent Relationship": "Outer", "Parallel Aware": false, "Async Capable": false, "Relation Name": "postlinks", "Alias": "pl", "Startup Cost": 0.0, "Total Cost": 220.78, "Plan Rows": 10023, "Plan Width": 4, "Actual Rows": 10022, "Actual Loops": 1, "Filter": "(creationdate <= '2014-06-27 01:54:14'::timestamp without time zone)", "Rows Removed by Filter": 1080}, {"Node Type": "Hash", "Parent Relationship": "Inner", "Parallel Aware": false, "Async Capable": false, "Startup Cost": 3139.4, "Total Cost": 3139.4, "Plan Rows": 231, "Plan Width": 8, "Actual Rows": 619, "Actual Loops": 1, "Hash Buckets": 1024, "Original Hash Buckets": 1024, "Hash Batches": 1, "Original Hash Batches": 1, "Peak Memory Usage": 33, "Plans": [{"Node Type": "Seq Scan", "Parent Relationship": "Outer", "Parallel Aware": false, "Async Capable": false, "Relation Name": "posts", "Alias": "p", "Startup Cost": 0.0, "Total Cost": 3139.4, "Plan Rows": 231, "Plan Width": 8, "Actual Rows": 619, "Actual Loops": 1, "Filter": "((score >= '-3'::integer) AND (score <= 56) AND (answercount <= 9) AND (favoritecount >= 1) AND (favoritecount <= 57) AND (commentcount = 5))", "Rows Removed by Filter": 91357}]}]}, {"Node Type": "Index Scan", "Parent Relationship": "Inner", "Parallel Aware": false, "Async Capable": false, "Scan Direction": "Forward", "Index Name": "idx_badges_userid", "Relation Name": "badges", "Alias": "b", "Startup Cost": 0.29, "Total Cost": 7.57, "Plan Rows": 1, "Plan Width": 4, "Actual Rows": 9, "Actual Loops": 379, "Index Cond": "(userid = p.owneruserid)", "Rows Removed by Index Recheck": 0, "Filter": "(date <= '2012-09-22 19:08:35'::timestamp without time zone)", "Rows Removed by Filter": 11}]}]}]}]}, "Planning Time": 1.039, "Triggers": [], "Execution Time": 22.742}]