[{"Plan": {"Node Type": "Aggregate", "Strategy": "Plain", "Partial Mode": "Simple", "Parallel Aware": false, "Async Capable": false, "Startup Cost": 3193.96, "Total Cost": 3193.97, "Plan Rows": 1, "Plan Width": 8, "Actual Rows": 1, "Actual Loops": 1, "Plans": [{"Node Type": "Nested Loop", "Parent Relationship": "Outer", "Parallel Aware": false, "Async Capable": false, "Join Type": "Inner", "Startup Cost": 1.72, "Total Cost": 3193.46, "Plan Rows": 1.0, "Plan Width": 0, "Actual Rows": 2520, "Actual Loops": 1, "Inner Unique": false, "Join Filter": "(ph.userid = v.userid)", "Rows Removed by Join Filter": 0, "Plans": [{"Node Type": "Nested Loop", "Parent Relationship": "Outer", "Parallel Aware": false, "Async Capable": false, "Join Type": "Inner", "Startup Cost": 1.3, "Total Cost": 3191.88, "Plan Rows": 1.0, "Plan Width": 16, "Actual Rows": 24, "Actual Loops": 1, "Inner Unique": false, "Join Filter": "(c.userid = v.userid)", "Rows Removed by Join Filter": 0, "Plans": [{"Node Type": "Nested Loop", "Parent Relationship": "Outer", "Parallel Aware": false, "Async Capable": false, "Join Type": "Inner", "Startup Cost": 1.0, "Total Cost": 3190.81, "Plan Rows": 5.0, "Plan Width": 12, "Actual Rows": 65, "Actual Loops": 1, "Inner Unique": false, "Join Filter": "(p.owneruserid = v.userid)", "Rows Removed by Join Filter": 0, "Plans": [{"Node Type": "Merge Join", "Parent Relationship": "Outer", "Parallel Aware": false, "Async Capable": false, "Join Type": "Inner", "Startup Cost": 0.71, "Total Cost": 3189.34, "Plan Rows": 49.0, "Plan Width": 8, "Actual Rows": 9, "Actual Loops": 1, "Inner Unique": true, "Merge Cond": "(v.userid = u.id)", "Plans": [{"Node Type": "Index Scan", "Parent Relationship": "Outer", "Parallel Aware": false, "Async Capable": false, "Scan Direction": "Forward", "Index Name": "idx_votes_userid", "Relation Name": "votes", "Alias": "v", "Startup Cost": 0.42, "Total Cost": 13242.63, "Plan Rows": 53, "Plan Width": 4, "Actual Rows": 34, "Actual Loops": 1, "Filter": "((bountyamount >= 19) AND (creationdate >= '2014-08-12 16:17:30'::timestamp without time zone))", "Rows Removed by Filter": 33669}, {"Node Type": "Index Scan", "Parent Relationship": "Inner", "Parallel Aware": false, "Async Capable": false, "Scan Direction": "Forward", "Index Name": "users_pkey", "Relation Name": "users", "Alias": "u", "Startup Cost": 0.29, "Total Cost": 1659.6, "Plan Rows": 12063, "Plan Width": 4, "Actual Rows": 12061, "Actual Loops": 1, "Filter": "((upvotes <= 7747) AND (creationdate >= '2010-11-17 13:07:32'::timestamp without time zone) AND (creationdate <= '2012-12-19 02:11:32'::timestamp without time zone))", "Rows Removed by Filter": 28264}]}, {"Node Type": "Index Scan", "Parent Relationship": "Inner", "Parallel Aware": false, "Async Capable": false, "Scan Direction": "Forward", "Index Name": "idx_posts_owneruserid", "Relation Name": "posts", "Alias": "p", "Startup Cost": 0.29, "Total Cost": 0.72, "Plan Rows": 1, "Plan Width": 4, "Actual Rows": 7, "Actual Loops": 9, "Index Cond": "(owneruserid = u.id)", "Rows Removed by Index Recheck": 0, "Filter": "((answercount >= 1) AND (answercount <= 111) AND (creationdate >= '2010-02-07 05:38:31'::timestamp without time zone) AND (creationdate <= '2011-08-15 18:12:07'::timestamp without time zone))", "Rows Removed by Filter": 76}]}, {"Node Type": "Index Scan", "Parent Relationship": "Inner", "Parallel Aware": false, "Async Capable": false, "Scan Direction": "Forward", "Index Name": "idx_comments_userid", "Relation Name": "comments", "Alias": "c", "Startup Cost": 0.29, "Total Cost": 1.06, "Plan Rows": 1, "Plan Width": 4, "Actual Rows": 0, "Actual Loops": 65, "Index Cond": "(userid = u.id)", "Rows Removed by Index Recheck": 0, "Filter": "(score = 7)", "Rows Removed by Filter": 308}]}, {"Node Type": "Index Scan", "Parent Relationship": "Inner", "Parallel Aware": false, "Async Capable": false, "Scan Direction": "Forward", "Index Name": "idx_posthistory_userid", "Relation Name": "posthistory", "Alias": "ph", "Startup Cost": 0.42, "Total Cost": 1.55, "Plan Rows": 2, "Plan Width": 4, "Actual Rows": 105, "Actual Loops": 24, "Index Cond": "(userid = u.id)", "Rows Removed by Index Recheck": 0, "Filter": "(creationdate <= '2011-09-26 15:51:03'::timestamp without time zone)", "Rows Removed by Filter": 1160}]}]}, "Planning Time": 4.377, "Triggers": [], "Execution Time": 56.321}, {"Plan": {"Node Type": "Aggregate", "Strategy": "Plain", "Partial Mode": "Simple", "Parallel Aware": false, "Async Capable": false, "Startup Cost": 4795.26, "Total Cost": 4795.27, "Plan Rows": 1, "Plan Width": 8, "Actual Rows": 1, "Actual Loops": 1, "Plans": [{"Node Type": "Merge Join", "Parent Relationship": "Outer", "Parallel Aware": false, "Async Capable": false, "Join Type": "Inner", "Startup Cost": 2927.38, "Total Cost": 4794.76, "Plan Rows": 1.0, "Plan Width": 0, "Actual Rows": 2520, "Actual Loops": 1, "Inner Unique": true, "Merge Cond": "(v.userid = u.id)", "Plans": [{"Node Type": "Nested Loop", "Parent Relationship": "Outer", "Parallel Aware": false, "Async Capable": false, "Join Type": "Inner", "Startup Cost": 2927.09, "Total Cost": 4575.74, "Plan Rows": 2.0, "Plan Width": 16, "Actual Rows": 79260, "Actual Loops": 1, "Inner Unique": false, "Join Filter": "(ph.userid = v.userid)", "Rows Removed by Join Filter": 0, "Plans": [{"Node Type": "Nested Loop", "Parent Relationship": "Outer", "Parallel Aware": false, "Async Capable": false, "Join Type": "Inner", "Startup Cost": 2926.67, "Total Cost": 4483.26, "Plan Rows": 3.0, "Plan Width": 12, "Actual Rows": 101, "Actual Loops": 1, "Inner Unique": false, "Join Filter": "(c.userid = v.userid)", "Rows Removed by Join Filter": 0, "Plans": [{"Node Type": "Merge Join", "Parent Relationship": "Outer", "Parallel Aware": false, "Async Capable": false, "Join Type": "Inner", "Startup Cost": 2926.37, "Total Cost": 4446.22, "Plan Rows": 35.0, "Plan Width": 8, "Actual Rows": 130, "Actual Loops": 1, "Inner Unique": false, "Merge Cond": "(v.userid = p.owneruserid)", "Plans": [{"Node Type": "Index Scan", "Parent Relationship": "Outer", "Parallel Aware": false, "Async Capable": false, "Scan Direction": "Forward", "Index Name": "idx_votes_userid", "Relation Name": "votes", "Alias": "v", "Startup Cost": 0.42, "Total Cost": 13242.63, "Plan Rows": 53, "Plan Width": 4, "Actual Rows": 22, "Actual Loops": 1, "Filter": "((bountyamount >= 19) AND (creationdate >= '2014-08-12 16:17:30'::timestamp without time zone))", "Rows Removed by Filter": 27449}, {"Node Type": "Sort", "Parent Relationship": "Inner", "Parallel Aware": false, "Async Capable": false, "Startup Cost": 2925.95, "Total Cost": 2936.22, "Plan Rows": 4106, "Plan Width": 4, "Actual Rows": 3787, "Actual Loops": 1, "Sort Key": ["p.owneruserid"], "Sort Method": "quicksort", "Sort Space Used": 97, "Sort Space Type": "Memory", "Plans": [{"Node Type": "Seq Scan", "Parent Relationship": "Outer", "Parallel Aware": false, "Async Capable": false, "Relation Name": "posts", "Alias": "p", "Startup Cost": 0.0, "Total Cost": 2679.52, "Plan Rows": 4106, "Plan Width": 4, "Actual Rows": 4081, "Actual Loops": 1, "Filter": "((answercount >= 1) AND (answercount <= 111) AND (creationdate >= '2010-02-07 05:38:31'::timestamp without time zone) AND (creationdate <= '2011-08-15 18:12:07'::timestamp without time zone))", "Rows Removed by Filter": 87895}]}]}, {"Node Type": "Index Scan", "Parent Relationship": "Inner", "Parallel Aware": false, "Async Capable": false, "Scan Direction": "Forward", "Index Name": "idx_comments_userid", "Relation Name": "comments", "Alias": "c", "Startup Cost": 0.29, "Total Cost": 2.05, "Plan Rows": 1, "Plan Width": 4, "Actual Rows": 1, "Actual Loops": 130, "Index Cond": "(userid = p.owneruserid)", "Rows Removed by Index Recheck": 0, "Filter": "(score = 7)", "Rows Removed by Filter": 423}]}, {"Node Type": "Index Scan", "Parent Relationship": "Inner", "Parallel Aware": false, "Async Capable": false, "Scan Direction": "Forward", "Index Name": "idx_posthistory_userid", "Relation Name": "posthistory", "Alias": "ph", "Startup Cost": 0.42, "Total Cost": 3.16, "Plan Rows": 2, "Plan Width": 4, "Actual Rows": 785, "Actual Loops": 101, "Index Cond": "(userid = p.owneruserid)", "Rows Removed by Index Recheck": 0, "Filter": "(creationdate <= '2011-09-26 15:51:03'::timestamp without time zone)", "Rows Removed by Filter": 1627}]}, {"Node Type": "Index Scan", "Parent Relationship": "Inner", "Parallel Aware": false, "Async Capable": false, "Scan Direction": "Forward", "Index Name": "users_pkey", "Relation Name": "users", "Alias": "u", "Startup Cost": 0.29, "Total Cost": 1659.6, "Plan Rows": 12063, "Plan Width": 4, "Actual Rows": 729, "Actual Loops": 1, "Filter": "((upvotes <= 7747) AND (creationdate >= '2010-11-17 13:07:32'::timestamp without time zone) AND (creationdate <= '2012-12-19 02:11:32'::timestamp without time zone))", "Rows Removed by Filter": 1350}]}]}, "Planning Time": 4.131, "Triggers": [], "Execution Time": 102.923}, {"Plan": {"Node Type": "Aggregate", "Strategy": "Plain", "Partial Mode": "Simple", "Parallel Aware": false, "Async Capable": false, "Startup Cost": 16747.21, "Total Cost": 16747.22, "Plan Rows": 1, "Plan Width": 8, "Actual Rows": 1, "Actual Loops": 1, "Plans": [{"Node Type": "Merge Join", "Parent Relationship": "Outer", "Parallel Aware": false, "Async Capable": false, "Join Type": "Inner", "Startup Cost": 6458.06, "Total Cost": 16746.72, "Plan Rows": 1.0, "Plan Width": 0, "Actual Rows": 2520, "Actual Loops": 1, "Inner Unique": false, "Merge Cond": "(v.userid = c.userid)", "Plans": [{"Node Type": "Merge Join", "Parent Relationship": "Outer", "Parallel Aware": false, "Async Capable": false, "Join Type": "Inner", "Startup Cost": 0.71, "Total Cost": 3189.34, "Plan Rows": 49.0, "Plan Width": 8, "Actual Rows": 5, "Actual Loops": 1, "Inner Unique": true, "Merge Cond": "(v.userid = u.id)", "Plans": [{"Node Type": "Index Scan", "Parent Relationship": "Outer", "Parallel Aware": false, "Async Capable": false, "Scan Direction": "Forward", "Index Name": "idx_votes_userid", "Relation Name": "votes", "Alias": "v", "Startup Cost": 0.42, "Total Cost": 13242.63, "Plan Rows": 53, "Plan Width": 4, "Actual Rows": 13, "Actual Loops": 1, "Filter": "((bountyamount >= 19) AND (creationdate >= '2014-08-12 16:17:30'::timestamp without time zone))", "Rows Removed by Filter": 11492}, {"Node Type": "Index Scan", "Parent Relationship": "Inner", "Parallel Aware": false, "Async Capable": false, "Scan Direction": "Forward", "Index Name": "users_pkey", "Relation Name": "users", "Alias": "u", "Startup Cost": 0.29, "Total Cost": 1659.6, "Plan Rows": 12063, "Plan Width": 4, "Actual Rows": 2233, "Actual Loops": 1, "Filter": "((upvotes <= 7747) AND (creationdate >= '2010-11-17 13:07:32'::timestamp without time zone) AND (creationdate <= '2012-12-19 02:11:32'::timestamp without time zone))", "Rows Removed by Filter": 1355}]}, {"Node Type": "Materialize", "Parent Relationship": "Inner", "Parallel Aware": false, "Async Capable": false, "Startup Cost": 6457.35, "Total Cost": 13539.9, "Plan Rows": 3.0, "Plan Width": 12, "Actual Rows": 494854, "Actual Loops": 1, "Plans": [{"Node Type": "Nested Loop", "Parent Relationship": "Outer", "Parallel Aware": false, "Async Capable": false, "Join Type": "Inner", "Startup Cost": 6457.35, "Total Cost": 11930.48, "Plan Rows": 3.0, "Plan Width": 12, "Actual Rows": 494854, "Actual Loops": 1, "Inner Unique": false, "Plans": [{"Node Type": "Merge Join", "Parent Relationship": "Outer", "Parallel Aware": false, "Async Capable": false, "Join Type": "Inner", "Startup Cost": 6456.91, "Total Cost": 6508.54, "Plan Rows": 5.0, "Plan Width": 8, "Actual Rows": 664, "Actual Loops": 1, "Inner Unique": false, "Merge Cond": "(c.userid = p.owneruserid)", "Plans": [{"Node Type": "Sort", "Parent Relationship": "Outer", "Parallel Aware": false, "Async Capable": false, "Startup Cost": 3530.91, "Total Cost": 3531.44, "Plan Rows": 210, "Plan Width": 4, "Actual Rows": 200, "Actual Loops": 1, "Sort Key": ["c.userid"], "Sort Method": "quicksort", "Sort Space Used": 25, "Sort Space Type": "Memory", "Plans": [{"Node Type": "Seq Scan", "Parent Relationship": "Outer", "Parallel Aware": false, "Async Capable": false, "Relation Name": "comments", "Alias": "c", "Startup Cost": 0.0, "Total Cost": 3522.81, "Plan Rows": 210, "Plan Width": 4, "Actual Rows": 211, "Actual Loops": 1, "Filter": "(score = 7)", "Rows Removed by Filter": 174094}]}, {"Node Type": "Sort", "Parent Relationship": "Inner", "Parallel Aware": false, "Async Capable": false, "Startup Cost": 2925.95, "Total Cost": 2936.22, "Plan Rows": 4106, "Plan Width": 4, "Actual Rows": 4107, "Actual Loops": 1, "Sort Key": ["p.owneruserid"], "Sort Method": "quicksort", "Sort Space Used": 97, "Sort Space Type": "Memory", "Plans": [{"Node Type": "Seq Scan", "Parent Relationship": "Outer", "Parallel Aware": false, "Async Capable": false, "Relation Name": "posts", "Alias": "p", "Startup Cost": 0.0, "Total Cost": 2679.52, "Plan Rows": 4106, "Plan Width": 4, "Actual Rows": 4081, "Actual Loops": 1, "Filter": "((answercount >= 1) AND (answercount <= 111) AND (creationdate >= '2010-02-07 05:38:31'::timestamp without time zone) AND (creationdate <= '2011-08-15 18:12:07'::timestamp without time zone))", "Rows Removed by Filter": 87895}]}]}, {"Node Type": "Memoize", "Parent Relationship": "Inner", "Parallel Aware": false, "Async Capable": false, "Startup Cost": 0.43, "Total Cost": 25.42, "Plan Rows": 2, "Plan Width": 4, "Actual Rows": 745, "Actual Loops": 664, "Cache Key": "c.userid", "Cache Mode": "logical", "Cache Hits": 626, "Cache Misses": 38, "Cache Evictions": 0, "Cache Overflows": 0, "Peak Memory Usage": 458, "Plans": [{"Node Type": "Index Scan", "Parent Relationship": "Outer", "Parallel Aware": false, "Async Capable": false, "Scan Direction": "Forward", "Index Name": "idx_posthistory_userid", "Relation Name": "posthistory", "Alias": "ph", "Startup Cost": 0.42, "Total Cost": 25.41, "Plan Rows": 2, "Plan Width": 4, "Actual Rows": 341, "Actual Loops": 38, "Index Cond": "(userid = c.userid)", "Rows Removed by Index Recheck": 0, "Filter": "(creationdate <= '2011-09-26 15:51:03'::timestamp without time zone)", "Rows Removed by Filter": 683}]}]}]}]}]}, "Planning Time": 4.87, "Triggers": [], "Execution Time": 197.046}, {"Plan": {"Node Type": "Aggregate", "Strategy": "Plain", "Partial Mode": "Simple", "Parallel Aware": false, "Async Capable": false, "Startup Cost": 3200.63, "Total Cost": 3200.64, "Plan Rows": 1, "Plan Width": 8, "Actual Rows": 1, "Actual Loops": 1, "Plans": [{"Node Type": "Nested Loop", "Parent Relationship": "Outer", "Parallel Aware": false, "Async Capable": false, "Join Type": "Inner", "Startup Cost": 1.72, "Total Cost": 3200.14, "Plan Rows": 1.0, "Plan Width": 0, "Actual Rows": 2520, "Actual Loops": 1, "Inner Unique": false, "Join Filter": "(p.owneruserid = v.userid)", "Rows Removed by Join Filter": 0, "Plans": [{"Node Type": "Nested Loop", "Parent Relationship": "Outer", "Parallel Aware": false, "Async Capable": false, "Join Type": "Inner", "Startup Cost": 1.43, "Total Cost": 3193.06, "Plan Rows": 3.0, "Plan Width": 16, "Actual Rows": 631, "Actual Loops": 1, "Inner Unique": false, "Join Filter": "(ph.userid = v.userid)", "Rows Removed by Join Filter": 0, "Plans": [{"Node Type": "Nested Loop", "Parent Relationship": "Outer", "Parallel Aware": false, "Async Capable": false, "Join Type": "Inner", "Startup Cost": 1.01, "Total Cost": 3191.49, "Plan Rows": 6.0, "Plan Width": 12, "Actual Rows": 7, "Actual Loops": 1, "Inner Unique": false, "Join Filter": "(c.userid = v.userid)", "Rows Removed by Join Filter": 0, "Plans": [{"Node Type": "Merge Join", "Parent Relationship": "Outer", "Parallel Aware": false, "Async Capable": false, "Join Type": "Inner", "Startup Cost": 0.71, "Total Cost": 3189.34, "Plan Rows": 49.0, "Plan Width": 8, "Actual Rows": 9, "Actual Loops": 1, "Inner Unique": true, "Merge Cond": "(v.userid = u.id)", "Plans": [{"Node Type": "Index Scan", "Parent Relationship": "Outer", "Parallel Aware": false, "Async Capable": false, "Scan Direction": "Forward", "Index Name": "idx_votes_userid", "Relation Name": "votes", "Alias": "v", "Startup Cost": 0.42, "Total Cost": 13242.63, "Plan Rows": 53, "Plan Width": 4, "Actual Rows": 34, "Actual Loops": 1, "Filter": "((bountyamount >= 19) AND (creationdate >= '2014-08-12 16:17:30'::timestamp without time zone))", "Rows Removed by Filter": 33669}, {"Node Type": "Index Scan", "Parent Relationship": "Inner", "Parallel Aware": false, "Async Capable": false, "Scan Direction": "Forward", "Index Name": "users_pkey", "Relation Name": "users", "Alias": "u", "Startup Cost": 0.29, "Total Cost": 1659.6, "Plan Rows": 12063, "Plan Width": 4, "Actual Rows": 12061, "Actual Loops": 1, "Filter": "((upvotes <= 7747) AND (creationdate >= '2010-11-17 13:07:32'::timestamp without time zone) AND (creationdate <= '2012-12-19 02:11:32'::timestamp without time zone))", "Rows Removed by Filter": 28264}]}, {"Node Type": "Index Scan", "Parent Relationship": "Inner", "Parallel Aware": false, "Async Capable": false, "Scan Direction": "Forward", "Index Name": "idx_comments_userid", "Relation Name": "comments", "Alias": "c", "Startup Cost": 0.29, "Total Cost": 1.06, "Plan Rows": 1, "Plan Width": 4, "Actual Rows": 1, "Actual Loops": 9, "Index Cond": "(userid = u.id)", "Rows Removed by Index Recheck": 0, "Filter": "(score = 7)", "Rows Removed by Filter": 343}]}, {"Node Type": "Index Scan", "Parent Relationship": "Inner", "Parallel Aware": false, "Async Capable": false, "Scan Direction": "Forward", "Index Name": "idx_posthistory_userid", "Relation Name": "posthistory", "Alias": "ph", "Startup Cost": 0.42, "Total Cost": 1.55, "Plan Rows": 2, "Plan Width": 4, "Actual Rows": 90, "Actual Loops": 7, "Index Cond": "(userid = u.id)", "Rows Removed by Index Recheck": 0, "Filter": "(creationdate <= '2011-09-26 15:51:03'::timestamp without time zone)", "Rows Removed by Filter": 1016}]}, {"Node Type": "Index Scan", "Parent Relationship": "Inner", "Parallel Aware": false, "Async Capable": false, "Scan Direction": "Forward", "Index Name": "idx_posts_owneruserid", "Relation Name": "posts", "Alias": "p", "Startup Cost": 0.29, "Total Cost": 0.49, "Plan Rows": 1, "Plan Width": 4, "Actual Rows": 4, "Actual Loops": 631, "Index Cond": "(owneruserid = ph.userid)", "Rows Removed by Index Recheck": 0, "Filter": "((answercount >= 1) AND (answercount <= 111) AND (creationdate >= '2010-02-07 05:38:31'::timestamp without time zone) AND (creationdate <= '2011-08-15 18:12:07'::timestamp without time zone))", "Rows Removed by Filter": 282}]}]}, "Planning Time": 4.333, "Triggers": [], "Execution Time": 79.31}, {"Plan": {"Node Type": "Aggregate", "Strategy": "Plain", "Partial Mode": "Finalize", "Parallel Aware": false, "Async Capable": false, "Startup Cost": 9654.89, "Total Cost": 9654.9, "Plan Rows": 1, "Plan Width": 8, "Actual Rows": 1, "Actual Loops": 1, "Plans": [{"Node Type": "Gather", "Parent Relationship": "Outer", "Parallel Aware": false, "Async Capable": false, "Startup Cost": 9654.78, "Total Cost": 9654.89, "Plan Rows": 1, "Plan Width": 8, "Actual Rows": 2, "Actual Loops": 1, "Workers Planned": 1, "Workers Launched": 1, "Single Copy": false, "Plans": [{"Node Type": "Aggregate", "Strategy": "Plain", "Partial Mode": "Partial", "Parent Relationship": "Outer", "Parallel Aware": false, "Async Capable": false, "Startup Cost": 8654.78, "Total Cost": 8654.79, "Plan Rows": 1, "Plan Width": 8, "Actual Rows": 1, "Actual Loops": 2, "Workers": [], "Plans": [{"Node Type": "Hash Join", "Parent Relationship": "Outer", "Parallel Aware": true, "Async Capable": false, "Join Type": "Inner", "Startup Cost": 2776.78, "Total Cost": 8654.49, "Plan Rows": 1.0, "Plan Width": 0, "Actual Rows": 1260, "Actual Loops": 2, "Inner Unique": false, "Hash Cond": "(c.userid = v.userid)", "Workers": [], "Plans": [{"Node Type": "Nested Loop", "Parent Relationship": "Outer", "Parallel Aware": false, "Async Capable": false, "Join Type": "Inner", "Startup Cost": 0.42, "Total Cost": 5779.03, "Plan Rows": 38.0, "Plan Width": 8, "Actual Rows": 47157, "Actual Loops": 2, "Inner Unique": false, "Workers": [], "Plans": [{"Node Type": "Seq Scan", "Parent Relationship": "Outer", "Parallel Aware": true, "Async Capable": false, "Relation Name": "comments", "Alias": "c", "Startup Cost": 0.0, "Total Cost": 2625.65, "Plan Rows": 124, "Plan Width": 4, "Actual Rows": 106, "Actual Loops": 2, "Filter": "(score = 7)", "Rows Removed by Filter": 87047, "Workers": []}, {"Node Type": "Index Scan", "Parent Relationship": "Inner", "Parallel Aware": false, "Async Capable": false, "Scan Direction": "Forward", "Index Name": "idx_posthistory_userid", "Relation Name": "posthistory", "Alias": "ph", "Startup Cost": 0.42, "Total Cost": 25.41, "Plan Rows": 2, "Plan Width": 4, "Actual Rows": 447, "Actual Loops": 211, "Index Cond": "(userid = c.userid)", "Rows Removed by Index Recheck": 0, "Filter": "(creationdate <= '2011-09-26 15:51:03'::timestamp without time zone)", "Rows Removed by Filter": 2231, "Workers": []}]}, {"Node Type": "Hash", "Parent Relationship": "Inner", "Parallel Aware": true, "Async Capable": false, "Startup Cost": 2776.35, "Total Cost": 2776.35, "Plan Rows": 5.0, "Plan Width": 12, "Actual Rows": 32, "Actual Loops": 2, "Hash Buckets": 1024, "Original Hash Buckets": 1024, "Hash Batches": 1, "Original Hash Batches": 1, "Peak Memory Usage": 72, "Workers": [], "Plans": [{"Node Type": "Nested Loop", "Parent Relationship": "Outer", "Parallel Aware": false, "Async Capable": false, "Join Type": "Inner", "Startup Cost": 1.0, "Total Cost": 2776.35, "Plan Rows": 5.0, "Plan Width": 12, "Actual Rows": 32, "Actual Loops": 2, "Inner Unique": false, "Join Filter": "(p.owneruserid = v.userid)", "Rows Removed by Join Filter": 0, "Workers": [], "Plans": [{"Node Type": "Merge Join", "Parent Relationship": "Outer", "Parallel Aware": false, "Async Capable": false, "Join Type": "Inner", "Startup Cost": 0.71, "Total Cost": 2775.61, "Plan Rows": 49.0, "Plan Width": 8, "Actual Rows": 4, "Actual Loops": 2, "Inner Unique": true, "Merge Cond": "(v.userid = u.id)", "Workers": [], "Plans": [{"Node Type": "Index Scan", "Parent Relationship": "Outer", "Parallel Aware": true, "Async Capable": false, "Scan Direction": "Forward", "Index Name": "idx_votes_userid", "Relation Name": "votes", "Alias": "v", "Startup Cost": 0.42, "Total Cost": 11216.36, "Plan Rows": 31, "Plan Width": 4, "Actual Rows": 18, "Actual Loops": 2, "Filter": "((bountyamount >= 19) AND (creationdate >= '2014-08-12 16:17:30'::timestamp without time zone))", "Rows Removed by Filter": 17041, "Workers": []}, {"Node Type": "Index Scan", "Parent Relationship": "Inner", "Parallel Aware": false, "Async Capable": false, "Scan Direction": "Forward", "Index Name": "users_pkey", "Relation Name": "users", "Alias": "u", "Startup Cost": 0.29, "Total Cost": 1659.6, "Plan Rows": 12063, "Plan Width": 4, "Actual Rows": 12061, "Actual Loops": 2, "Filter": "((upvotes <= 7747) AND (creationdate >= '2010-11-17 13:07:32'::timestamp without time zone) AND (creationdate <= '2012-12-19 02:11:32'::timestamp without time zone))", "Rows Removed by Filter": 28264, "Workers": []}]}, {"Node Type": "Index Scan", "Parent Relationship": "Inner", "Parallel Aware": false, "Async Capable": false, "Scan Direction": "Forward", "Index Name": "idx_posts_owneruserid", "Relation Name": "posts", "Alias": "p", "Startup Cost": 0.29, "Total Cost": 0.72, "Plan Rows": 1, "Plan Width": 4, "Actual Rows": 7, "Actual Loops": 9, "Index Cond": "(owneruserid = u.id)", "Rows Removed by Index Recheck": 0, "Filter": "((answercount >= 1) AND (answercount <= 111) AND (creationdate >= '2010-02-07 05:38:31'::timestamp without time zone) AND (creationdate <= '2011-08-15 18:12:07'::timestamp without time zone))", "Rows Removed by Filter": 76, "Workers": []}]}]}]}]}]}]}, "Planning Time": 9.716, "Triggers": [], "Execution Time": 191.043}, {"Plan": {"Node Type": "Aggregate", "Strategy": "Plain", "Partial Mode": "Finalize", "Parallel Aware": false, "Async Capable": false, "Startup Cost": 5292.71, "Total Cost": 5292.72, "Plan Rows": 1, "Plan Width": 8, "Actual Rows": 1, "Actual Loops": 1, "Plans": [{"Node Type": "Gather", "Parent Relationship": "Outer", "Parallel Aware": false, "Async Capable": false, "Startup Cost": 5292.6, "Total Cost": 5292.71, "Plan Rows": 1, "Plan Width": 8, "Actual Rows": 2, "Actual Loops": 1, "Workers Planned": 1, "Workers Launched": 1, "Single Copy": false, "Plans": [{"Node Type": "Aggregate", "Strategy": "Plain", "Partial Mode": "Partial", "Parent Relationship": "Outer", "Parallel Aware": false, "Async Capable": false, "Startup Cost": 4292.6, "Total Cost": 4292.61, "Plan Rows": 1, "Plan Width": 8, "Actual Rows": 1, "Actual Loops": 2, "Workers": [], "Plans": [{"Node Type": "Merge Join", "Parent Relationship": "Outer", "Parallel Aware": false, "Async Capable": false, "Join Type": "Inner", "Startup Cost": 3964.29, "Total Cost": 4292.31, "Plan Rows": 1.0, "Plan Width": 0, "Actual Rows": 1260, "Actual Loops": 2, "Inner Unique": false, "Merge Cond": "(c.userid = v.userid)", "Workers": [], "Plans": [{"Node Type": "Sort", "Parent Relationship": "Outer", "Parallel Aware": false, "Async Capable": false, "Startup Cost": 3963.15, "Total Cost": 3967.58, "Plan Rows": 5.0, "Plan Width": 8, "Actual Rows": 332, "Actual Loops": 2, "Sort Key": ["c.userid"], "Sort Method": "quicksort", "Sort Space Used": 42, "Sort Space Type": "Memory", "Workers": [{"Worker Number": 0, "Sort Method": "quicksort", "Sort Space Used": 28, "Sort Space Type": "Memory"}], "Plans": [{"Node Type": "Nested Loop", "Parent Relationship": "Outer", "Parallel Aware": false, "Async Capable": false, "Join Type": "Inner", "Startup Cost": 0.29, "Total Cost": 3867.6, "Plan Rows": 5.0, "Plan Width": 8, "Actual Rows": 332, "Actual Loops": 2, "Inner Unique": false, "Workers": [], "Plans": [{"Node Type": "Seq Scan", "Parent Relationship": "Outer", "Parallel Aware": true, "Async Capable": false, "Relation Name": "comments", "Alias": "c", "Startup Cost": 0.0, "Total Cost": 2625.65, "Plan Rows": 124, "Plan Width": 4, "Actual Rows": 106, "Actual Loops": 2, "Filter": "(score = 7)", "Rows Removed by Filter": 87047, "Workers": []}, {"Node Type": "Index Scan", "Parent Relationship": "Inner", "Parallel Aware": false, "Async Capable": false, "Scan Direction": "Forward", "Index Name": "idx_posts_owneruserid", "Relation Name": "posts", "Alias": "p", "Startup Cost": 0.29, "Total Cost": 10.01, "Plan Rows": 1, "Plan Width": 4, "Actual Rows": 3, "Actual Loops": 211, "Index Cond": "(owneruserid = c.userid)", "Rows Removed by Index Recheck": 0, "Filter": "((answercount >= 1) AND (answercount <= 111) AND (creationdate >= '2010-02-07 05:38:31'::timestamp without time zone) AND (creationdate <= '2011-08-15 18:12:07'::timestamp without time zone))", "Rows Removed by Filter": 499, "Workers": []}]}]}, {"Node Type": "Materialize", "Parent Relationship": "Inner", "Parallel Aware": false, "Async Capable": false, "Startup Cost": 1.13, "Total Cost": 3192.52, "Plan Rows": 23.0, "Plan Width": 12, "Actual Rows": 1599, "Actual Loops": 2, "Workers": [], "Plans": [{"Node Type": "Nested Loop", "Parent Relationship": "Outer", "Parallel Aware": false, "Async Capable": false, "Join Type": "Inner", "Startup Cost": 1.13, "Total Cost": 3192.49, "Plan Rows": 23.0, "Plan Width": 12, "Actual Rows": 444, "Actual Loops": 2, "Inner Unique": false, "Join Filter": "(ph.userid = v.userid)", "Rows Removed by Join Filter": 0, "Workers": [], "Plans": [{"Node Type": "Merge Join", "Parent Relationship": "Outer", "Parallel Aware": false, "Async Capable": false, "Join Type": "Inner", "Startup Cost": 0.71, "Total Cost": 3189.34, "Plan Rows": 49.0, "Plan Width": 8, "Actual Rows": 5, "Actual Loops": 2, "Inner Unique": true, "Merge Cond": "(v.userid = u.id)", "Workers": [], "Plans": [{"Node Type": "Index Scan", "Parent Relationship": "Outer", "Parallel Aware": false, "Async Capable": false, "Scan Direction": "Forward", "Index Name": "idx_votes_userid", "Relation Name": "votes", "Alias": "v", "Startup Cost": 0.42, "Total Cost": 13242.63, "Plan Rows": 53, "Plan Width": 4, "Actual Rows": 13, "Actual Loops": 2, "Filter": "((bountyamount >= 19) AND (creationdate >= '2014-08-12 16:17:30'::timestamp without time zone))", "Rows Removed by Filter": 11492, "Workers": []}, {"Node Type": "Index Scan", "Parent Relationship": "Inner", "Parallel Aware": false, "Async Capable": false, "Scan Direction": "Forward", "Index Name": "users_pkey", "Relation Name": "users", "Alias": "u", "Startup Cost": 0.29, "Total Cost": 1659.6, "Plan Rows": 12063, "Plan Width": 4, "Actual Rows": 2233, "Actual Loops": 2, "Filter": "((upvotes <= 7747) AND (creationdate >= '2010-11-17 13:07:32'::timestamp without time zone) AND (creationdate <= '2012-12-19 02:11:32'::timestamp without time zone))", "Rows Removed by Filter": 1355, "Workers": []}]}, {"Node Type": "Index Scan", "Parent Relationship": "Inner", "Parallel Aware": false, "Async Capable": false, "Scan Direction": "Forward", "Index Name": "idx_posthistory_userid", "Relation Name": "posthistory", "Alias": "ph", "Startup Cost": 0.42, "Total Cost": 1.55, "Plan Rows": 2, "Plan Width": 4, "Actual Rows": 89, "Actual Loops": 10, "Index Cond": "(userid = u.id)", "Rows Removed by Index Recheck": 0, "Filter": "(creationdate <= '2011-09-26 15:51:03'::timestamp without time zone)", "Rows Removed by Filter": 354, "Workers": []}]}]}]}]}]}]}, "Planning Time": 9.413, "Triggers": [], "Execution Time": 89.184}, {"Plan": {"Node Type": "Aggregate", "Strategy": "Plain", "Partial Mode": "Simple", "Parallel Aware": false, "Async Capable": false, "Startup Cost": 7607.87, "Total Cost": 7607.88, "Plan Rows": 1, "Plan Width": 8, "Actual Rows": 1, "Actual Loops": 1, "Plans": [{"Node Type": "Merge Join", "Parent Relationship": "Outer", "Parallel Aware": false, "Async Capable": false, "Join Type": "Inner", "Startup Cost": 7437.49, "Total Cost": 7607.38, "Plan Rows": 1.0, "Plan Width": 0, "Actual Rows": 2520, "Actual Loops": 1, "Inner Unique": false, "Merge Cond": "(u.id = v.userid)", "Plans": [{"Node Type": "Sort", "Parent Relationship": "Outer", "Parallel Aware": false, "Async Capable": false, "Startup Cost": 3905.73, "Total Cost": 3908.76, "Plan Rows": 5.0, "Plan Width": 8, "Actual Rows": 1684, "Actual Loops": 1, "Sort Key": ["p.owneruserid"], "Sort Method": "quicksort", "Sort Space Used": 109, "Sort Space Type": "Memory", "Plans": [{"Node Type": "Hash Join", "Parent Relationship": "Outer", "Parallel Aware": false, "Async Capable": false, "Join Type": "Inner", "Startup Cost": 1153.48, "Total Cost": 3843.77, "Plan Rows": 5.0, "Plan Width": 8, "Actual Rows": 1933, "Actual Loops": 1, "Inner Unique": true, "Hash Cond": "(p.owneruserid = u.id)", "Plans": [{"Node Type": "Seq Scan", "Parent Relationship": "Outer", "Parallel Aware": false, "Async Capable": false, "Relation Name": "posts", "Alias": "p", "Startup Cost": 0.0, "Total Cost": 2679.52, "Plan Rows": 4106, "Plan Width": 4, "Actual Rows": 4081, "Actual Loops": 1, "Filter": "((answercount >= 1) AND (answercount <= 111) AND (creationdate >= '2010-02-07 05:38:31'::timestamp without time zone) AND (creationdate <= '2011-08-15 18:12:07'::timestamp without time zone))", "Rows Removed by Filter": 87895}, {"Node Type": "Hash", "Parent Relationship": "Inner", "Parallel Aware": false, "Async Capable": false, "Startup Cost": 1002.69, "Total Cost": 1002.69, "Plan Rows": 12063, "Plan Width": 4, "Actual Rows": 12061, "Actual Loops": 1, "Hash Buckets": 16384, "Original Hash Buckets": 16384, "Hash Batches": 1, "Original Hash Batches": 1, "Peak Memory Usage": 553, "Plans": [{"Node Type": "Seq Scan", "Parent Relationship": "Outer", "Parallel Aware": false, "Async Capable": false, "Relation Name": "users", "Alias": "u", "Startup Cost": 0.0, "Total Cost": 1002.69, "Plan Rows": 12063, "Plan Width": 4, "Actual Rows": 12061, "Actual Loops": 1, "Filter": "((upvotes <= 7747) AND (creationdate >= '2010-11-17 13:07:32'::timestamp without time zone) AND (creationdate <= '2012-12-19 02:11:32'::timestamp without time zone))", "Rows Removed by Filter": 28264}]}]}]}, {"Node Type": "Materialize", "Parent Relationship": "Inner", "Parallel Aware": false, "Async Capable": false, "Startup Cost": 3531.76, "Total Cost": 5083.5, "Plan Rows": 16.0, "Plan Width": 12, "Actual Rows": 10683, "Actual Loops": 1, "Plans": [{"Node Type": "Nested Loop", "Parent Relationship": "Outer", "Parallel Aware": false, "Async Capable": false, "Join Type": "Inner", "Startup Cost": 3531.76, "Total Cost": 5082.41, "Plan Rows": 16.0, "Plan Width": 12, "Actual Rows": 8793, "Actual Loops": 1, "Inner Unique": false, "Join Filter": "(ph.userid = v.userid)", "Rows Removed by Join Filter": 0, "Plans": [{"Node Type": "Merge Join", "Parent Relationship": "Outer", "Parallel Aware": false, "Async Capable": false, "Join Type": "Inner", "Startup Cost": 3531.33, "Total Cost": 5031.54, "Plan Rows": 36.0, "Plan Width": 8, "Actual Rows": 14, "Actual Loops": 1, "Inner Unique": false, "Merge Cond": "(v.userid = c.userid)", "Plans": [{"Node Type": "Index Scan", "Parent Relationship": "Outer", "Parallel Aware": false, "Async Capable": false, "Scan Direction": "Forward", "Index Name": "idx_votes_userid", "Relation Name": "votes", "Alias": "v", "Startup Cost": 0.42, "Total Cost": 13242.63, "Plan Rows": 53, "Plan Width": 4, "Actual Rows": 35, "Actual Loops": 1, "Filter": "((bountyamount >= 19) AND (creationdate >= '2014-08-12 16:17:30'::timestamp without time zone))", "Rows Removed by Filter": 33924}, {"Node Type": "Sort", "Parent Relationship": "Inner", "Parallel Aware": false, "Async Capable": false, "Startup Cost": 3530.91, "Total Cost": 3531.44, "Plan Rows": 210, "Plan Width": 4, "Actual Rows": 209, "Actual Loops": 1, "Sort Key": ["c.userid"], "Sort Method": "quicksort", "Sort Space Used": 25, "Sort Space Type": "Memory", "Plans": [{"Node Type": "Seq Scan", "Parent Relationship": "Outer", "Parallel Aware": false, "Async Capable": false, "Relation Name": "comments", "Alias": "c", "Startup Cost": 0.0, "Total Cost": 3522.81, "Plan Rows": 210, "Plan Width": 4, "Actual Rows": 211, "Actual Loops": 1, "Filter": "(score = 7)", "Rows Removed by Filter": 174094}]}]}, {"Node Type": "Index Scan", "Parent Relationship": "Inner", "Parallel Aware": false, "Async Capable": false, "Scan Direction": "Forward", "Index Name": "idx_posthistory_userid", "Relation Name": "posthistory", "Alias": "ph", "Startup Cost": 0.42, "Total Cost": 25.41, "Plan Rows": 2, "Plan Width": 4, "Actual Rows": 628, "Actual Loops": 14, "Index Cond": "(userid = c.userid)", "Rows Removed by Index Recheck": 0, "Filter": "(creationdate <= '2011-09-26 15:51:03'::timestamp without time zone)", "Rows Removed by Filter": 1742}]}]}]}]}, "Planning Time": 4.655, "Triggers": [], "Execution Time": 121.308}, {"Plan": {"Node Type": "Aggregate", "Strategy": "Plain", "Partial Mode": "Simple", "Parallel Aware": false, "Async Capable": false, "Startup Cost": 3176.44, "Total Cost": 3176.45, "Plan Rows": 1, "Plan Width": 8, "Actual Rows": 1, "Actual Loops": 1, "Plans": [{"Node Type": "Merge Join", "Parent Relationship": "Outer", "Parallel Aware": false, "Async Capable": false, "Join Type": "Inner", "Startup Cost": 2927.38, "Total Cost": 3175.94, "Plan Rows": 1.0, "Plan Width": 0, "Actual Rows": 2520, "Actual Loops": 1, "Inner Unique": false, "Merge Cond": "(p.owneruserid = v.userid)", "Plans": [{"Node Type": "Sort", "Parent Relationship": "Outer", "Parallel Aware": false, "Async Capable": false, "Startup Cost": 2925.95, "Total Cost": 2936.22, "Plan Rows": 4106, "Plan Width": 4, "Actual Rows": 3514, "Actual Loops": 1, "Sort Key": ["p.owneruserid"], "Sort Method": "quicksort", "Sort Space Used": 97, "Sort Space Type": "Memory", "Plans": [{"Node Type": "Seq Scan", "Parent Relationship": "Outer", "Parallel Aware": false, "Async Capable": false, "Relation Name": "posts", "Alias": "p", "Startup Cost": 0.0, "Total Cost": 2679.52, "Plan Rows": 4106, "Plan Width": 4, "Actual Rows": 4081, "Actual Loops": 1, "Filter": "((answercount >= 1) AND (answercount <= 111) AND (creationdate >= '2010-02-07 05:38:31'::timestamp without time zone) AND (creationdate <= '2011-08-15 18:12:07'::timestamp without time zone))", "Rows Removed by Filter": 87895}]}, {"Node Type": "Materialize", "Parent Relationship": "Inner", "Parallel Aware": false, "Async Capable": false, "Startup Cost": 1.43, "Total Cost": 3193.1, "Plan Rows": 3.0, "Plan Width": 16, "Actual Rows": 2521, "Actual Loops": 1, "Plans": [{"Node Type": "Nested Loop", "Parent Relationship": "Outer", "Parallel Aware": false, "Async Capable": false, "Join Type": "Inner", "Startup Cost": 1.43, "Total Cost": 3193.06, "Plan Rows": 3.0, "Plan Width": 16, "Actual Rows": 631, "Actual Loops": 1, "Inner Unique": false, "Join Filter": "(ph.userid = v.userid)", "Rows Removed by Join Filter": 0, "Plans": [{"Node Type": "Nested Loop", "Parent Relationship": "Outer", "Parallel Aware": false, "Async Capable": false, "Join Type": "Inner", "Startup Cost": 1.01, "Total Cost": 3191.49, "Plan Rows": 6.0, "Plan Width": 12, "Actual Rows": 7, "Actual Loops": 1, "Inner Unique": false, "Join Filter": "(c.userid = v.userid)", "Rows Removed by Join Filter": 0, "Plans": [{"Node Type": "Merge Join", "Parent Relationship": "Outer", "Parallel Aware": false, "Async Capable": false, "Join Type": "Inner", "Startup Cost": 0.71, "Total Cost": 3189.34, "Plan Rows": 49.0, "Plan Width": 8, "Actual Rows": 9, "Actual Loops": 1, "Inner Unique": true, "Merge Cond": "(v.userid = u.id)", "Plans": [{"Node Type": "Index Scan", "Parent Relationship": "Outer", "Parallel Aware": false, "Async Capable": false, "Scan Direction": "Forward", "Index Name": "idx_votes_userid", "Relation Name": "votes", "Alias": "v", "Startup Cost": 0.42, "Total Cost": 13242.63, "Plan Rows": 53, "Plan Width": 4, "Actual Rows": 34, "Actual Loops": 1, "Filter": "((bountyamount >= 19) AND (creationdate >= '2014-08-12 16:17:30'::timestamp without time zone))", "Rows Removed by Filter": 33669}, {"Node Type": "Index Scan", "Parent Relationship": "Inner", "Parallel Aware": false, "Async Capable": false, "Scan Direction": "Forward", "Index Name": "users_pkey", "Relation Name": "users", "Alias": "u", "Startup Cost": 0.29, "Total Cost": 1659.6, "Plan Rows": 12063, "Plan Width": 4, "Actual Rows": 12061, "Actual Loops": 1, "Filter": "((upvotes <= 7747) AND (creationdate >= '2010-11-17 13:07:32'::timestamp without time zone) AND (creationdate <= '2012-12-19 02:11:32'::timestamp without time zone))", "Rows Removed by Filter": 28264}]}, {"Node Type": "Index Scan", "Parent Relationship": "Inner", "Parallel Aware": false, "Async Capable": false, "Scan Direction": "Forward", "Index Name": "idx_comments_userid", "Relation Name": "comments", "Alias": "c", "Startup Cost": 0.29, "Total Cost": 1.06, "Plan Rows": 1, "Plan Width": 4, "Actual Rows": 1, "Actual Loops": 9, "Index Cond": "(userid = u.id)", "Rows Removed by Index Recheck": 0, "Filter": "(score = 7)", "Rows Removed by Filter": 343}]}, {"Node Type": "Index Scan", "Parent Relationship": "Inner", "Parallel Aware": false, "Async Capable": false, "Scan Direction": "Forward", "Index Name": "idx_posthistory_userid", "Relation Name": "posthistory", "Alias": "ph", "Startup Cost": 0.42, "Total Cost": 1.55, "Plan Rows": 2, "Plan Width": 4, "Actual Rows": 90, "Actual Loops": 7, "Index Cond": "(userid = u.id)", "Rows Removed by Index Recheck": 0, "Filter": "(creationdate <= '2011-09-26 15:51:03'::timestamp without time zone)", "Rows Removed by Filter": 1016}]}]}]}]}, "Planning Time": 4.581, "Triggers": [], "Execution Time": 81.933}, {"Plan": {"Node Type": "Aggregate", "Strategy": "Plain", "Partial Mode": "Simple", "Parallel Aware": false, "Async Capable": false, "Startup Cost": 8448.66, "Total Cost": 8448.67, "Plan Rows": 1, "Plan Width": 8, "Actual Rows": 1, "Actual Loops": 1, "Plans": [{"Node Type": "Merge Join", "Parent Relationship": "Outer", "Parallel Aware": false, "Async Capable": false, "Join Type": "Inner", "Startup Cost": 6458.14, "Total Cost": 8448.16, "Plan Rows": 1.0, "Plan Width": 0, "Actual Rows": 2520, "Actual Loops": 1, "Inner Unique": false, "Merge Cond": "(u.id = v.userid)", "Plans": [{"Node Type": "Nested Loop", "Parent Relationship": "Outer", "Parallel Aware": false, "Async Capable": false, "Join Type": "Inner", "Startup Cost": 3531.77, "Total Cost": 5319.88, "Plan Rows": 6.0, "Plan Width": 12, "Actual Rows": 6286, "Actual Loops": 1, "Inner Unique": false, "Plans": [{"Node Type": "Merge Join", "Parent Relationship": "Outer", "Parallel Aware": false, "Async Capable": false, "Join Type": "Inner", "Startup Cost": 3531.34, "Total Cost": 5222.33, "Plan Rows": 25.0, "Plan Width": 8, "Actual Rows": 36, "Actual Loops": 1, "Inner Unique": false, "Merge Cond": "(u.id = c.userid)", "Plans": [{"Node Type": "Index Scan", "Parent Relationship": "Outer", "Parallel Aware": false, "Async Capable": false, "Scan Direction": "Forward", "Index Name": "users_pkey", "Relation Name": "users", "Alias": "u", "Startup Cost": 0.29, "Total Cost": 1659.6, "Plan Rows": 12063, "Plan Width": 4, "Actual Rows": 1312, "Actual Loops": 1, "Filter": "((upvotes <= 7747) AND (creationdate >= '2010-11-17 13:07:32'::timestamp without time zone) AND (creationdate <= '2012-12-19 02:11:32'::timestamp without time zone))", "Rows Removed by Filter": 1351}, {"Node Type": "Sort", "Parent Relationship": "Inner", "Parallel Aware": false, "Async Capable": false, "Startup Cost": 3530.91, "Total Cost": 3531.44, "Plan Rows": 210, "Plan Width": 4, "Actual Rows": 141, "Actual Loops": 1, "Sort Key": ["c.userid"], "Sort Method": "quicksort", "Sort Space Used": 25, "Sort Space Type": "Memory", "Plans": [{"Node Type": "Seq Scan", "Parent Relationship": "Outer", "Parallel Aware": false, "Async Capable": false, "Relation Name": "comments", "Alias": "c", "Startup Cost": 0.0, "Total Cost": 3522.81, "Plan Rows": 210, "Plan Width": 4, "Actual Rows": 211, "Actual Loops": 1, "Filter": "(score = 7)", "Rows Removed by Filter": 174094}]}]}, {"Node Type": "Index Scan", "Parent Relationship": "Inner", "Parallel Aware": false, "Async Capable": false, "Scan Direction": "Forward", "Index Name": "idx_posthistory_userid", "Relation Name": "posthistory", "Alias": "ph", "Startup Cost": 0.42, "Total Cost": 1.55, "Plan Rows": 2, "Plan Width": 4, "Actual Rows": 175, "Actual Loops": 36, "Index Cond": "(userid = u.id)", "Rows Removed by Index Recheck": 0, "Filter": "(creationdate <= '2011-09-26 15:51:03'::timestamp without time zone)", "Rows Removed by Filter": 644}]}, {"Node Type": "Materialize", "Parent Relationship": "Inner", "Parallel Aware": false, "Async Capable": false, "Startup Cost": 2926.37, "Total Cost": 4446.26, "Plan Rows": 35.0, "Plan Width": 8, "Actual Rows": 2646, "Actual Loops": 1, "Plans": [{"Node Type": "Merge Join", "Parent Relationship": "Outer", "Parallel Aware": false, "Async Capable": false, "Join Type": "Inner", "Startup Cost": 2926.37, "Total Cost": 4446.22, "Plan Rows": 35.0, "Plan Width": 8, "Actual Rows": 130, "Actual Loops": 1, "Inner Unique": false, "Merge Cond": "(v.userid = p.owneruserid)", "Plans": [{"Node Type": "Index Scan", "Parent Relationship": "Outer", "Parallel Aware": false, "Async Capable": false, "Scan Direction": "Forward", "Index Name": "idx_votes_userid", "Relation Name": "votes", "Alias": "v", "Startup Cost": 0.42, "Total Cost": 13242.63, "Plan Rows": 53, "Plan Width": 4, "Actual Rows": 22, "Actual Loops": 1, "Filter": "((bountyamount >= 19) AND (creationdate >= '2014-08-12 16:17:30'::timestamp without time zone))", "Rows Removed by Filter": 27449}, {"Node Type": "Sort", "Parent Relationship": "Inner", "Parallel Aware": false, "Async Capable": false, "Startup Cost": 2925.95, "Total Cost": 2936.22, "Plan Rows": 4106, "Plan Width": 4, "Actual Rows": 3787, "Actual Loops": 1, "Sort Key": ["p.owneruserid"], "Sort Method": "quicksort", "Sort Space Used": 97, "Sort Space Type": "Memory", "Plans": [{"Node Type": "Seq Scan", "Parent Relationship": "Outer", "Parallel Aware": false, "Async Capable": false, "Relation Name": "posts", "Alias": "p", "Startup Cost": 0.0, "Total Cost": 2679.52, "Plan Rows": 4106, "Plan Width": 4, "Actual Rows": 4081, "Actual Loops": 1, "Filter": "((answercount >= 1) AND (answercount <= 111) AND (creationdate >= '2010-02-07 05:38:31'::timestamp without time zone) AND (creationdate <= '2011-08-15 18:12:07'::timestamp without time zone))", "Rows Removed by Filter": 87895}]}]}]}]}]}, "Planning Time": 4.503, "Triggers": [], "Execution Time": 91.306}, {"Plan": {"Node Type": "Aggregate", "Strategy": "Plain", "Partial Mode": "Simple", "Parallel Aware": false, "Async Capable": false, "Startup Cost": 5678.56, "Total Cost": 5678.57, "Plan Rows": 1, "Plan Width": 8, "Actual Rows": 1, "Actual Loops": 1, "Plans": [{"Node Type": "Merge Join", "Parent Relationship": "Outer", "Parallel Aware": false, "Async Capable": false, "Join Type": "Inner", "Startup Cost": 5343.81, "Total Cost": 5678.07, "Plan Rows": 1.0, "Plan Width": 0, "Actual Rows": 2520, "Actual Loops": 1, "Inner Unique": false, "Merge Cond": "(v.userid = c.userid)", "Plans": [{"Node Type": "Nested Loop", "Parent Relationship": "Outer", "Parallel Aware": false, "Async Capable": false, "Join Type": "Inner", "Startup Cost": 1.13, "Total Cost": 3192.49, "Plan Rows": 23.0, "Plan Width": 12, "Actual Rows": 444, "Actual Loops": 1, "Inner Unique": false, "Join Filter": "(ph.userid = v.userid)", "Rows Removed by Join Filter": 0, "Plans": [{"Node Type": "Merge Join", "Parent Relationship": "Outer", "Parallel Aware": false, "Async Capable": false, "Join Type": "Inner", "Startup Cost": 0.71, "Total Cost": 3189.34, "Plan Rows": 49.0, "Plan Width": 8, "Actual Rows": 5, "Actual Loops": 1, "Inner Unique": true, "Merge Cond": "(v.userid = u.id)", "Plans": [{"Node Type": "Index Scan", "Parent Relationship": "Outer", "Parallel Aware": false, "Async Capable": false, "Scan Direction": "Forward", "Index Name": "idx_votes_userid", "Relation Name": "votes", "Alias": "v", "Startup Cost": 0.42, "Total Cost": 13242.63, "Plan Rows": 53, "Plan Width": 4, "Actual Rows": 13, "Actual Loops": 1, "Filter": "((bountyamount >= 19) AND (creationdate >= '2014-08-12 16:17:30'::timestamp without time zone))", "Rows Removed by Filter": 11492}, {"Node Type": "Index Scan", "Parent Relationship": "Inner", "Parallel Aware": false, "Async Capable": false, "Scan Direction": "Forward", "Index Name": "users_pkey", "Relation Name": "users", "Alias": "u", "Startup Cost": 0.29, "Total Cost": 1659.6, "Plan Rows": 12063, "Plan Width": 4, "Actual Rows": 2233, "Actual Loops": 1, "Filter": "((upvotes <= 7747) AND (creationdate >= '2010-11-17 13:07:32'::timestamp without time zone) AND (creationdate <= '2012-12-19 02:11:32'::timestamp without time zone))", "Rows Removed by Filter": 1355}]}, {"Node Type": "Index Scan", "Parent Relationship": "Inner", "Parallel Aware": false, "Async Capable": false, "Scan Direction": "Forward", "Index Name": "idx_posthistory_userid", "Relation Name": "posthistory", "Alias": "ph", "Startup Cost": 0.42, "Total Cost": 1.55, "Plan Rows": 2, "Plan Width": 4, "Actual Rows": 89, "Actual Loops": 5, "Index Cond": "(userid = u.id)", "Rows Removed by Index Recheck": 0, "Filter": "(creationdate <= '2011-09-26 15:51:03'::timestamp without time zone)", "Rows Removed by Filter": 354}]}, {"Node Type": "Sort", "Parent Relationship": "Inner", "Parallel Aware": false, "Async Capable": false, "Startup Cost": 5342.68, "Total Cost": 5350.21, "Plan Rows": 5.0, "Plan Width": 8, "Actual Rows": 3160, "Actual Loops": 1, "Sort Key": ["c.userid"], "Sort Method": "quicksort", "Sort Space Used": 45, "Sort Space Type": "Memory", "Plans": [{"Node Type": "Gather", "Parent Relationship": "Outer", "Parallel Aware": false, "Async Capable": false, "Startup Cost": 1000.29, "Total Cost": 5168.7, "Plan Rows": 5.0, "Plan Width": 8, "Actual Rows": 664, "Actual Loops": 1, "Workers Planned": 1, "Workers Launched": 1, "Single Copy": false, "Plans": [{"Node Type": "Nested Loop", "Parent Relationship": "Outer", "Parallel Aware": false, "Async Capable": false, "Join Type": "Inner", "Startup Cost": 0.29, "Total Cost": 3867.6, "Plan Rows": 5.0, "Plan Width": 8, "Actual Rows": 332, "Actual Loops": 2, "Inner Unique": false, "Workers": [], "Plans": [{"Node Type": "Seq Scan", "Parent Relationship": "Outer", "Parallel Aware": true, "Async Capable": false, "Relation Name": "comments", "Alias": "c", "Startup Cost": 0.0, "Total Cost": 2625.65, "Plan Rows": 124, "Plan Width": 4, "Actual Rows": 106, "Actual Loops": 2, "Filter": "(score = 7)", "Rows Removed by Filter": 87047, "Workers": []}, {"Node Type": "Index Scan", "Parent Relationship": "Inner", "Parallel Aware": false, "Async Capable": false, "Scan Direction": "Forward", "Index Name": "idx_posts_owneruserid", "Relation Name": "posts", "Alias": "p", "Startup Cost": 0.29, "Total Cost": 10.01, "Plan Rows": 1, "Plan Width": 4, "Actual Rows": 3, "Actual Loops": 211, "Index Cond": "(owneruserid = c.userid)", "Rows Removed by Index Recheck": 0, "Filter": "((answercount >= 1) AND (answercount <= 111) AND (creationdate >= '2010-02-07 05:38:31'::timestamp without time zone) AND (creationdate <= '2011-08-15 18:12:07'::timestamp without time zone))", "Rows Removed by Filter": 499, "Workers": []}]}]}]}]}]}, "Planning Time": 4.474, "Triggers": [], "Execution Time": 55.058}, {"Plan": {"Node Type": "Aggregate", "Strategy": "Plain", "Partial Mode": "Simple", "Parallel Aware": false, "Async Capable": false, "Startup Cost": 9109.13, "Total Cost": 9109.14, "Plan Rows": 1, "Plan Width": 8, "Actual Rows": 1, "Actual Loops": 1, "Plans": [{"Node Type": "Merge Join", "Parent Relationship": "Outer", "Parallel Aware": false, "Async Capable": false, "Join Type": "Inner", "Startup Cost": 3532.48, "Total Cost": 9108.64, "Plan Rows": 1.0, "Plan Width": 0, "Actual Rows": 2520, "Actual Loops": 1, "Inner Unique": false, "Merge Cond": "(v.userid = u.id)", "Plans": [{"Node Type": "Index Scan", "Parent Relationship": "Outer", "Parallel Aware": false, "Async Capable": false, "Scan Direction": "Forward", "Index Name": "idx_votes_userid", "Relation Name": "votes", "Alias": "v", "Startup Cost": 0.42, "Total Cost": 13242.63, "Plan Rows": 53, "Plan Width": 4, "Actual Rows": 13, "Actual Loops": 1, "Filter": "((bountyamount >= 19) AND (creationdate >= '2014-08-12 16:17:30'::timestamp without time zone))", "Rows Removed by Filter": 11492}, {"Node Type": "Materialize", "Parent Relationship": "Inner", "Parallel Aware": false, "Async Capable": false, "Startup Cost": 3532.06, "Total Cost": 7135.33, "Plan Rows": 1.0, "Plan Width": 16, "Actual Rows": 9627, "Actual Loops": 1, "Plans": [{"Node Type": "Nested Loop", "Parent Relationship": "Outer", "Parallel Aware": false, "Async Capable": false, "Join Type": "Inner", "Startup Cost": 3532.06, "Total Cost": 6661.85, "Plan Rows": 1.0, "Plan Width": 16, "Actual Rows": 9627, "Actual Loops": 1, "Inner Unique": false, "Plans": [{"Node Type": "Nested Loop", "Parent Relationship": "Outer", "Parallel Aware": false, "Async Capable": false, "Join Type": "Inner", "Startup Cost": 3531.64, "Total Cost": 5267.84, "Plan Rows": 1.0, "Plan Width": 12, "Actual Rows": 63, "Actual Loops": 1, "Inner Unique": false, "Plans": [{"Node Type": "Merge Join", "Parent Relationship": "Outer", "Parallel Aware": false, "Async Capable": false, "Join Type": "Inner", "Startup Cost": 3531.34, "Total Cost": 5222.33, "Plan Rows": 25.0, "Plan Width": 8, "Actual Rows": 75, "Actual Loops": 1, "Inner Unique": false, "Merge Cond": "(u.id = c.userid)", "Plans": [{"Node Type": "Index Scan", "Parent Relationship": "Outer", "Parallel Aware": false, "Async Capable": false, "Scan Direction": "Forward", "Index Name": "users_pkey", "Relation Name": "users", "Alias": "u", "Startup Cost": 0.29, "Total Cost": 1659.6, "Plan Rows": 12063, "Plan Width": 4, "Actual Rows": 12061, "Actual Loops": 1, "Filter": "((upvotes <= 7747) AND (creationdate >= '2010-11-17 13:07:32'::timestamp without time zone) AND (creationdate <= '2012-12-19 02:11:32'::timestamp without time zone))", "Rows Removed by Filter": 28264}, {"Node Type": "Sort", "Parent Relationship": "Inner", "Parallel Aware": false, "Async Capable": false, "Startup Cost": 3530.91, "Total Cost": 3531.44, "Plan Rows": 210, "Plan Width": 4, "Actual Rows": 208, "Actual Loops": 1, "Sort Key": ["c.userid"], "Sort Method": "quicksort", "Sort Space Used": 25, "Sort Space Type": "Memory", "Plans": [{"Node Type": "Seq Scan", "Parent Relationship": "Outer", "Parallel Aware": false, "Async Capable": false, "Relation Name": "comments", "Alias": "c", "Startup Cost": 0.0, "Total Cost": 3522.81, "Plan Rows": 210, "Plan Width": 4, "Actual Rows": 211, "Actual Loops": 1, "Filter": "(score = 7)", "Rows Removed by Filter": 174094}]}]}, {"Node Type": "Index Scan", "Parent Relationship": "Inner", "Parallel Aware": false, "Async Capable": false, "Scan Direction": "Forward", "Index Name": "idx_posts_owneruserid", "Relation Name": "posts", "Alias": "p", "Startup Cost": 0.29, "Total Cost": 0.72, "Plan Rows": 1, "Plan Width": 4, "Actual Rows": 1, "Actual Loops": 75, "Index Cond": "(owneruserid = u.id)", "Rows Removed by Index Recheck": 0, "Filter": "((answercount >= 1) AND (answercount <= 111) AND (creationdate >= '2010-02-07 05:38:31'::timestamp without time zone) AND (creationdate <= '2011-08-15 18:12:07'::timestamp without time zone))", "Rows Removed by Filter": 163}]}, {"Node Type": "Index Scan", "Parent Relationship": "Inner", "Parallel Aware": false, "Async Capable": false, "Scan Direction": "Forward", "Index Name": "idx_posthistory_userid", "Relation Name": "posthistory", "Alias": "ph", "Startup Cost": 0.42, "Total Cost": 1.55, "Plan Rows": 2, "Plan Width": 4, "Actual Rows": 153, "Actual Loops": 63, "Index Cond": "(userid = u.id)", "Rows Removed by Index Recheck": 0, "Filter": "(creationdate <= '2011-09-26 15:51:03'::timestamp without time zone)", "Rows Removed by Filter": 683}]}]}]}]}, "Planning Time": 4.494, "Triggers": [], "Execution Time": 74.71}, {"Plan": {"Node Type": "Aggregate", "Strategy": "Plain", "Partial Mode": "Finalize", "Parallel Aware": false, "Async Capable": false, "Startup Cost": 10570.64, "Total Cost": 10570.65, "Plan Rows": 1, "Plan Width": 8, "Actual Rows": 1, "Actual Loops": 1, "Plans": [{"Node Type": "Gather", "Parent Relationship": "Outer", "Parallel Aware": false, "Async Capable": false, "Startup Cost": 10570.52, "Total Cost": 10570.63, "Plan Rows": 1, "Plan Width": 8, "Actual Rows": 2, "Actual Loops": 1, "Workers Planned": 1, "Workers Launched": 1, "Single Copy": false, "Plans": [{"Node Type": "Aggregate", "Strategy": "Plain", "Partial Mode": "Partial", "Parent Relationship": "Outer", "Parallel Aware": false, "Async Capable": false, "Startup Cost": 9570.52, "Total Cost": 9570.53, "Plan Rows": 1, "Plan Width": 8, "Actual Rows": 1, "Actual Loops": 2, "Workers": [], "Plans": [{"Node Type": "Hash Join", "Parent Relationship": "Outer", "Parallel Aware": true, "Async Capable": false, "Join Type": "Inner", "Startup Cost": 6133.93, "Total Cost": 9570.23, "Plan Rows": 1.0, "Plan Width": 0, "Actual Rows": 1260, "Actual Loops": 2, "Inner Unique": false, "Hash Cond": "(u.id = v.userid)", "Workers": [], "Plans": [{"Node Type": "Nested Loop", "Parent Relationship": "Outer", "Parallel Aware": false, "Async Capable": false, "Join Type": "Inner", "Startup Cost": 0.58, "Total Cost": 3317.05, "Plan Rows": 1.0, "Plan Width": 12, "Actual Rows": 32, "Actual Loops": 2, "Inner Unique": false, "Workers": [], "Plans": [{"Node Type": "Nested Loop", "Parent Relationship": "Outer", "Parallel Aware": false, "Async Capable": false, "Join Type": "Inner", "Startup Cost": 0.29, "Total Cost": 3290.62, "Plan Rows": 25.0, "Plan Width": 8, "Actual Rows": 38, "Actual Loops": 2, "Inner Unique": true, "Workers": [], "Plans": [{"Node Type": "Seq Scan", "Parent Relationship": "Outer", "Parallel Aware": true, "Async Capable": false, "Relation Name": "comments", "Alias": "c", "Startup Cost": 0.0, "Total Cost": 2625.65, "Plan Rows": 124, "Plan Width": 4, "Actual Rows": 106, "Actual Loops": 2, "Filter": "(score = 7)", "Rows Removed by Filter": 87047, "Workers": []}, {"Node Type": "Index Scan", "Parent Relationship": "Inner", "Parallel Aware": false, "Async Capable": false, "Scan Direction": "Forward", "Index Name": "users_pkey", "Relation Name": "users", "Alias": "u", "Startup Cost": 0.29, "Total Cost": 5.36, "Plan Rows": 1, "Plan Width": 4, "Actual Rows": 0, "Actual Loops": 211, "Index Cond": "(id = c.userid)", "Rows Removed by Index Recheck": 0, "Filter": "((upvotes <= 7747) AND (creationdate >= '2010-11-17 13:07:32'::timestamp without time zone) AND (creationdate <= '2012-12-19 02:11:32'::timestamp without time zone))", "Rows Removed by Filter": 1, "Workers": []}]}, {"Node Type": "Index Scan", "Parent Relationship": "Inner", "Parallel Aware": false, "Async Capable": false, "Scan Direction": "Forward", "Index Name": "idx_posts_owneruserid", "Relation Name": "posts", "Alias": "p", "Startup Cost": 0.29, "Total Cost": 0.72, "Plan Rows": 1, "Plan Width": 4, "Actual Rows": 1, "Actual Loops": 75, "Index Cond": "(owneruserid = u.id)", "Rows Removed by Index Recheck": 0, "Filter": "((answercount >= 1) AND (answercount <= 111) AND (creationdate >= '2010-02-07 05:38:31'::timestamp without time zone) AND (creationdate <= '2011-08-15 18:12:07'::timestamp without time zone))", "Rows Removed by Filter": 163, "Workers": []}]}, {"Node Type": "Hash", "Parent Relationship": "Inner", "Parallel Aware": true, "Async Capable": false, "Startup Cost": 6131.07, "Total Cost": 6131.07, "Plan Rows": 177.0, "Plan Width": 8, "Actual Rows": 1492, "Actual Loops": 2, "Hash Buckets": 4096, "Original Hash Buckets": 1024, "Hash Batches": 1, "Original Hash Batches": 1, "Peak Memory Usage": 184, "Workers": [], "Plans": [{"Node Type": "Nested Loop", "Parent Relationship": "Outer", "Parallel Aware": false, "Async Capable": false, "Join Type": "Inner", "Startup Cost": 0.42, "Total Cost": 6131.07, "Plan Rows": 177.0, "Plan Width": 8, "Actual Rows": 1492, "Actual Loops": 2, "Inner Unique": false, "Workers": [], "Plans": [{"Node Type": "Seq Scan", "Parent Relationship": "Outer", "Parallel Aware": true, "Async Capable": false, "Relation Name": "votes", "Alias": "v", "Startup Cost": 0.0, "Total Cost": 5054.68, "Plan Rows": 31, "Plan Width": 4, "Actual Rows": 36, "Actual Loops": 2, "Filter": "((bountyamount >= 19) AND (creationdate >= '2014-08-12 16:17:30'::timestamp without time zone))", "Rows Removed by Filter": 163996, "Workers": []}, {"Node Type": "Index Scan", "Parent Relationship": "Inner", "Parallel Aware": false, "Async Capable": false, "Scan Direction": "Forward", "Index Name": "idx_posthistory_userid", "Relation Name": "posthistory", "Alias": "ph", "Startup Cost": 0.42, "Total Cost": 34.7, "Plan Rows": 2, "Plan Width": 4, "Actual Rows": 41, "Actual Loops": 73, "Index Cond": "(userid = v.userid)", "Rows Removed by Index Recheck": 0, "Filter": "(creationdate <= '2011-09-26 15:51:03'::timestamp without time zone)", "Rows Removed by Filter": 125, "Workers": []}]}]}]}]}]}]}, "Planning Time": 7.811, "Triggers": [], "Execution Time": 87.437}, {"Plan": {"Node Type": "Aggregate", "Strategy": "Plain", "Partial Mode": "Finalize", "Parallel Aware": false, "Async Capable": false, "Startup Cost": 14438.61, "Total Cost": 14438.62, "Plan Rows": 1, "Plan Width": 8, "Actual Rows": 1, "Actual Loops": 1, "Plans": [{"Node Type": "Gather", "Parent Relationship": "Outer", "Parallel Aware": false, "Async Capable": false, "Startup Cost": 14438.5, "Total Cost": 14438.61, "Plan Rows": 1, "Plan Width": 8, "Actual Rows": 2, "Actual Loops": 1, "Workers Planned": 1, "Workers Launched": 1, "Single Copy": false, "Plans": [{"Node Type": "Aggregate", "Strategy": "Plain", "Partial Mode": "Partial", "Parent Relationship": "Outer", "Parallel Aware": false, "Async Capable": false, "Startup Cost": 13438.5, "Total Cost": 13438.51, "Plan Rows": 1, "Plan Width": 8, "Actual Rows": 1, "Actual Loops": 2, "Workers": [], "Plans": [{"Node Type": "Hash Join", "Parent Relationship": "Outer", "Parallel Aware": true, "Async Capable": false, "Join Type": "Inner", "Startup Cost": 2776.35, "Total Cost": 13438.21, "Plan Rows": 1.0, "Plan Width": 0, "Actual Rows": 1260, "Actual Loops": 2, "Inner Unique": false, "Hash Cond": "(c.userid = v.userid)", "Workers": [], "Plans": [{"Node Type": "Nested Loop", "Parent Relationship": "Outer", "Parallel Aware": false, "Async Capable": false, "Join Type": "Inner", "Startup Cost": 0.72, "Total Cost": 9241.81, "Plan Rows": 3.0, "Plan Width": 12, "Actual Rows": 247427, "Actual Loops": 2, "Inner Unique": false, "Workers": [], "Plans": [{"Node Type": "Nested Loop", "Parent Relationship": "Outer", "Parallel Aware": false, "Async Capable": false, "Join Type": "Inner", "Startup Cost": 0.29, "Total Cost": 3867.6, "Plan Rows": 5.0, "Plan Width": 8, "Actual Rows": 332, "Actual Loops": 2, "Inner Unique": false, "Workers": [], "Plans": [{"Node Type": "Seq Scan", "Parent Relationship": "Outer", "Parallel Aware": true, "Async Capable": false, "Relation Name": "comments", "Alias": "c", "Startup Cost": 0.0, "Total Cost": 2625.65, "Plan Rows": 124, "Plan Width": 4, "Actual Rows": 106, "Actual Loops": 2, "Filter": "(score = 7)", "Rows Removed by Filter": 87047, "Workers": []}, {"Node Type": "Index Scan", "Parent Relationship": "Inner", "Parallel Aware": false, "Async Capable": false, "Scan Direction": "Forward", "Index Name": "idx_posts_owneruserid", "Relation Name": "posts", "Alias": "p", "Startup Cost": 0.29, "Total Cost": 10.01, "Plan Rows": 1, "Plan Width": 4, "Actual Rows": 3, "Actual Loops": 211, "Index Cond": "(owneruserid = c.userid)", "Rows Removed by Index Recheck": 0, "Filter": "((answercount >= 1) AND (answercount <= 111) AND (creationdate >= '2010-02-07 05:38:31'::timestamp without time zone) AND (creationdate <= '2011-08-15 18:12:07'::timestamp without time zone))", "Rows Removed by Filter": 499, "Workers": []}]}, {"Node Type": "Memoize", "Parent Relationship": "Inner", "Parallel Aware": false, "Async Capable": false, "Startup Cost": 0.43, "Total Cost": 25.42, "Plan Rows": 2, "Plan Width": 4, "Actual Rows": 745, "Actual Loops": 664, "Cache Key": "c.userid", "Cache Mode": "logical", "Cache Hits": 372, "Cache Misses": 24, "Cache Evictions": 0, "Cache Overflows": 0, "Peak Memory Usage": 356, "Workers": [{"Worker Number": 0, "Cache Hits": 243, "Cache Misses": 25, "Cache Evictions": 0, "Cache Overflows": 0, "Peak Memory Usage": 365}], "Plans": [{"Node Type": "Index Scan", "Parent Relationship": "Outer", "Parallel Aware": false, "Async Capable": false, "Scan Direction": "Forward", "Index Name": "idx_posthistory_userid", "Relation Name": "posthistory", "Alias": "ph", "Startup Cost": 0.42, "Total Cost": 25.41, "Plan Rows": 2, "Plan Width": 4, "Actual Rows": 416, "Actual Loops": 49, "Index Cond": "(userid = c.userid)", "Rows Removed by Index Recheck": 0, "Filter": "(creationdate <= '2011-09-26 15:51:03'::timestamp without time zone)", "Rows Removed by Filter": 920, "Workers": []}]}]}, {"Node Type": "Hash", "Parent Relationship": "Inner", "Parallel Aware": true, "Async Capable": false, "Startup Cost": 2775.61, "Total Cost": 2775.61, "Plan Rows": 49.0, "Plan Width": 8, "Actual Rows": 4, "Actual Loops": 2, "Hash Buckets": 1024, "Original Hash Buckets": 1024, "Hash Batches": 1, "Original Hash Batches": 1, "Peak Memory Usage": 72, "Workers": [], "Plans": [{"Node Type": "Merge Join", "Parent Relationship": "Outer", "Parallel Aware": false, "Async Capable": false, "Join Type": "Inner", "Startup Cost": 0.71, "Total Cost": 2775.61, "Plan Rows": 49.0, "Plan Width": 8, "Actual Rows": 4, "Actual Loops": 2, "Inner Unique": true, "Merge Cond": "(v.userid = u.id)", "Workers": [], "Plans": [{"Node Type": "Index Scan", "Parent Relationship": "Outer", "Parallel Aware": true, "Async Capable": false, "Scan Direction": "Forward", "Index Name": "idx_votes_userid", "Relation Name": "votes", "Alias": "v", "Startup Cost": 0.42, "Total Cost": 11216.36, "Plan Rows": 31, "Plan Width": 4, "Actual Rows": 18, "Actual Loops": 2, "Filter": "((bountyamount >= 19) AND (creationdate >= '2014-08-12 16:17:30'::timestamp without time zone))", "Rows Removed by Filter": 17041, "Workers": []}, {"Node Type": "Index Scan", "Parent Relationship": "Inner", "Parallel Aware": false, "Async Capable": false, "Scan Direction": "Forward", "Index Name": "users_pkey", "Relation Name": "users", "Alias": "u", "Startup Cost": 0.29, "Total Cost": 1659.6, "Plan Rows": 12063, "Plan Width": 4, "Actual Rows": 12061, "Actual Loops": 2, "Filter": "((upvotes <= 7747) AND (creationdate >= '2010-11-17 13:07:32'::timestamp without time zone) AND (creationdate <= '2012-12-19 02:11:32'::timestamp without time zone))", "Rows Removed by Filter": 28264, "Workers": []}]}]}]}]}]}]}, "Planning Time": 10.872, "Triggers": [], "Execution Time": 165.183}, {"Plan": {"Node Type": "Aggregate", "Strategy": "Plain", "Partial Mode": "Simple", "Parallel Aware": false, "Async Capable": false, "Startup Cost": 22180.78, "Total Cost": 22180.79, "Plan Rows": 1, "Plan Width": 8, "Actual Rows": 1, "Actual Loops": 1, "Plans": [{"Node Type": "Merge Join", "Parent Relationship": "Outer", "Parallel Aware": false, "Async Capable": false, "Join Type": "Inner", "Startup Cost": 1.73, "Total Cost": 22180.28, "Plan Rows": 1.0, "Plan Width": 0, "Actual Rows": 2520, "Actual Loops": 1, "Inner Unique": false, "Merge Cond": "(v.userid = p.owneruserid)", "Plans": [{"Node Type": "Nested Loop", "Parent Relationship": "Outer", "Parallel Aware": false, "Async Capable": false, "Join Type": "Inner", "Startup Cost": 1.01, "Total Cost": 3191.49, "Plan Rows": 6.0, "Plan Width": 12, "Actual Rows": 7, "Actual Loops": 1, "Inner Unique": false, "Join Filter": "(c.userid = v.userid)", "Rows Removed by Join Filter": 0, "Plans": [{"Node Type": "Merge Join", "Parent Relationship": "Outer", "Parallel Aware": false, "Async Capable": false, "Join Type": "Inner", "Startup Cost": 0.71, "Total Cost": 3189.34, "Plan Rows": 49.0, "Plan Width": 8, "Actual Rows": 9, "Actual Loops": 1, "Inner Unique": true, "Merge Cond": "(v.userid = u.id)", "Plans": [{"Node Type": "Index Scan", "Parent Relationship": "Outer", "Parallel Aware": false, "Async Capable": false, "Scan Direction": "Forward", "Index Name": "idx_votes_userid", "Relation Name": "votes", "Alias": "v", "Startup Cost": 0.42, "Total Cost": 13242.63, "Plan Rows": 53, "Plan Width": 4, "Actual Rows": 34, "Actual Loops": 1, "Filter": "((bountyamount >= 19) AND (creationdate >= '2014-08-12 16:17:30'::timestamp without time zone))", "Rows Removed by Filter": 33669}, {"Node Type": "Index Scan", "Parent Relationship": "Inner", "Parallel Aware": false, "Async Capable": false, "Scan Direction": "Forward", "Index Name": "users_pkey", "Relation Name": "users", "Alias": "u", "Startup Cost": 0.29, "Total Cost": 1659.6, "Plan Rows": 12063, "Plan Width": 4, "Actual Rows": 12061, "Actual Loops": 1, "Filter": "((upvotes <= 7747) AND (creationdate >= '2010-11-17 13:07:32'::timestamp without time zone) AND (creationdate <= '2012-12-19 02:11:32'::timestamp without time zone))", "Rows Removed by Filter": 28264}]}, {"Node Type": "Index Scan", "Parent Relationship": "Inner", "Parallel Aware": false, "Async Capable": false, "Scan Direction": "Forward", "Index Name": "idx_comments_userid", "Relation Name": "comments", "Alias": "c", "Startup Cost": 0.29, "Total Cost": 1.06, "Plan Rows": 1, "Plan Width": 4, "Actual Rows": 1, "Actual Loops": 9, "Index Cond": "(userid = u.id)", "Rows Removed by Index Recheck": 0, "Filter": "(score = 7)", "Rows Removed by Filter": 343}]}, {"Node Type": "Materialize", "Parent Relationship": "Inner", "Parallel Aware": false, "Async Capable": false, "Startup Cost": 0.72, "Total Cost": 18127.61, "Plan Rows": 23.0, "Plan Width": 8, "Actual Rows": 304444, "Actual Loops": 1, "Plans": [{"Node Type": "Nested Loop", "Parent Relationship": "Outer", "Parallel Aware": false, "Async Capable": false, "Join Type": "Inner", "Startup Cost": 0.72, "Total Cost": 17266.71, "Plan Rows": 23.0, "Plan Width": 8, "Actual Rows": 302344, "Actual Loops": 1, "Inner Unique": false, "Plans": [{"Node Type": "Index Scan", "Parent Relationship": "Outer", "Parallel Aware": false, "Async Capable": false, "Scan Direction": "Forward", "Index Name": "idx_posts_owneruserid", "Relation Name": "posts", "Alias": "p", "Startup Cost": 0.29, "Total Cost": 5013.43, "Plan Rows": 4106, "Plan Width": 4, "Actual Rows": 3514, "Actual Loops": 1, "Filter": "((answercount >= 1) AND (answercount <= 111) AND (creationdate >= '2010-02-07 05:38:31'::timestamp without time zone) AND (creationdate <= '2011-08-15 18:12:07'::timestamp without time zone))", "Rows Removed by Filter": 24866}, {"Node Type": "Memoize", "Parent Relationship": "Inner", "Parallel Aware": false, "Async Capable": false, "Startup Cost": 0.43, "Total Cost": 3.17, "Plan Rows": 2, "Plan Width": 4, "Actual Rows": 86, "Actual Loops": 3514, "Cache Key": "p.owneruserid", "Cache Mode": "logical", "Cache Hits": 2059, "Cache Misses": 1455, "Cache Evictions": 0, "Cache Overflows": 0, "Peak Memory Usage": 1203, "Plans": [{"Node Type": "Index Scan", "Parent Relationship": "Outer", "Parallel Aware": false, "Async Capable": false, "Scan Direction": "Forward", "Index Name": "idx_posthistory_userid", "Relation Name": "posthistory", "Alias": "ph", "Startup Cost": 0.42, "Total Cost": 3.16, "Plan Rows": 2, "Plan Width": 4, "Actual Rows": 22, "Actual Loops": 1455, "Index Cond": "(userid = p.owneruserid)", "Rows Removed by Index Recheck": 0, "Filter": "(creationdate <= '2011-09-26 15:51:03'::timestamp without time zone)", "Rows Removed by Filter": 28}]}]}]}]}]}, "Planning Time": 4.744, "Triggers": [], "Execution Time": 232.237}, {"Plan": {"Node Type": "Aggregate", "Strategy": "Plain", "Partial Mode": "Finalize", "Parallel Aware": false, "Async Capable": false, "Startup Cost": 8342.0, "Total Cost": 8342.01, "Plan Rows": 1, "Plan Width": 8, "Actual Rows": 1, "Actual Loops": 1, "Plans": [{"Node Type": "Gather", "Parent Relationship": "Outer", "Parallel Aware": false, "Async Capable": false, "Startup Cost": 8341.89, "Total Cost": 8342.0, "Plan Rows": 1, "Plan Width": 8, "Actual Rows": 2, "Actual Loops": 1, "Workers Planned": 1, "Workers Launched": 1, "Single Copy": false, "Plans": [{"Node Type": "Aggregate", "Strategy": "Plain", "Partial Mode": "Partial", "Parent Relationship": "Outer", "Parallel Aware": false, "Async Capable": false, "Startup Cost": 7341.89, "Total Cost": 7341.9, "Plan Rows": 1, "Plan Width": 8, "Actual Rows": 1, "Actual Loops": 2, "Workers": [], "Plans": [{"Node Type": "Hash Join", "Parent Relationship": "Outer", "Parallel Aware": true, "Async Capable": false, "Join Type": "Inner", "Startup Cost": 2777.44, "Total Cost": 7341.6, "Plan Rows": 1.0, "Plan Width": 0, "Actual Rows": 1260, "Actual Loops": 2, "Inner Unique": false, "Hash Cond": "(ph.userid = v.userid)", "Workers": [], "Plans": [{"Node Type": "Seq Scan", "Parent Relationship": "Outer", "Parallel Aware": true, "Async Capable": false, "Relation Name": "posthistory", "Alias": "ph", "Startup Cost": 0.0, "Total Cost": 4469.32, "Plan Rows": 25285, "Plan Width": 4, "Actual Rows": 21385, "Actual Loops": 2, "Filter": "(creationdate <= '2011-09-26 15:51:03'::timestamp without time zone)", "Rows Removed by Filter": 130208, "Workers": []}, {"Node Type": "Hash", "Parent Relationship": "Inner", "Parallel Aware": true, "Async Capable": false, "Startup Cost": 2777.42, "Total Cost": 2777.42, "Plan Rows": 1.0, "Plan Width": 16, "Actual Rows": 12, "Actual Loops": 2, "Hash Buckets": 1024, "Original Hash Buckets": 1024, "Hash Batches": 1, "Original Hash Batches": 1, "Peak Memory Usage": 40, "Workers": [], "Plans": [{"Node Type": "Nested Loop", "Parent Relationship": "Outer", "Parallel Aware": false, "Async Capable": false, "Join Type": "Inner", "Startup Cost": 1.3, "Total Cost": 2777.42, "Plan Rows": 1.0, "Plan Width": 16, "Actual Rows": 12, "Actual Loops": 2, "Inner Unique": false, "Join Filter": "(c.userid = v.userid)", "Rows Removed by Join Filter": 0, "Workers": [], "Plans": [{"Node Type": "Nested Loop", "Parent Relationship": "Outer", "Parallel Aware": false, "Async Capable": false, "Join Type": "Inner", "Startup Cost": 1.0, "Total Cost": 2776.35, "Plan Rows": 5.0, "Plan Width": 12, "Actual Rows": 32, "Actual Loops": 2, "Inner Unique": false, "Join Filter": "(p.owneruserid = v.userid)", "Rows Removed by Join Filter": 0, "Workers": [], "Plans": [{"Node Type": "Merge Join", "Parent Relationship": "Outer", "Parallel Aware": false, "Async Capable": false, "Join Type": "Inner", "Startup Cost": 0.71, "Total Cost": 2775.61, "Plan Rows": 49.0, "Plan Width": 8, "Actual Rows": 4, "Actual Loops": 2, "Inner Unique": true, "Merge Cond": "(v.userid = u.id)", "Workers": [], "Plans": [{"Node Type": "Index Scan", "Parent Relationship": "Outer", "Parallel Aware": true, "Async Capable": false, "Scan Direction": "Forward", "Index Name": "idx_votes_userid", "Relation Name": "votes", "Alias": "v", "Startup Cost": 0.42, "Total Cost": 11216.36, "Plan Rows": 31, "Plan Width": 4, "Actual Rows": 18, "Actual Loops": 2, "Filter": "((bountyamount >= 19) AND (creationdate >= '2014-08-12 16:17:30'::timestamp without time zone))", "Rows Removed by Filter": 17041, "Workers": []}, {"Node Type": "Index Scan", "Parent Relationship": "Inner", "Parallel Aware": false, "Async Capable": false, "Scan Direction": "Forward", "Index Name": "users_pkey", "Relation Name": "users", "Alias": "u", "Startup Cost": 0.29, "Total Cost": 1659.6, "Plan Rows": 12063, "Plan Width": 4, "Actual Rows": 12061, "Actual Loops": 2, "Filter": "((upvotes <= 7747) AND (creationdate >= '2010-11-17 13:07:32'::timestamp without time zone) AND (creationdate <= '2012-12-19 02:11:32'::timestamp without time zone))", "Rows Removed by Filter": 28264, "Workers": []}]}, {"Node Type": "Index Scan", "Parent Relationship": "Inner", "Parallel Aware": false, "Async Capable": false, "Scan Direction": "Forward", "Index Name": "idx_posts_owneruserid", "Relation Name": "posts", "Alias": "p", "Startup Cost": 0.29, "Total Cost": 0.72, "Plan Rows": 1, "Plan Width": 4, "Actual Rows": 7, "Actual Loops": 9, "Index Cond": "(owneruserid = u.id)", "Rows Removed by Index Recheck": 0, "Filter": "((answercount >= 1) AND (answercount <= 111) AND (creationdate >= '2010-02-07 05:38:31'::timestamp without time zone) AND (creationdate <= '2011-08-15 18:12:07'::timestamp without time zone))", "Rows Removed by Filter": 76, "Workers": []}]}, {"Node Type": "Index Scan", "Parent Relationship": "Inner", "Parallel Aware": false, "Async Capable": false, "Scan Direction": "Forward", "Index Name": "idx_comments_userid", "Relation Name": "comments", "Alias": "c", "Startup Cost": 0.29, "Total Cost": 1.06, "Plan Rows": 1, "Plan Width": 4, "Actual Rows": 0, "Actual Loops": 65, "Index Cond": "(userid = u.id)", "Rows Removed by Index Recheck": 0, "Filter": "(score = 7)", "Rows Removed by Filter": 308, "Workers": []}]}]}]}]}]}]}, "Planning Time": 9.109, "Triggers": [], "Execution Time": 91.212}, {"Plan": {"Node Type": "Aggregate", "Strategy": "Plain", "Partial Mode": "Simple", "Parallel Aware": false, "Async Capable": false, "Startup Cost": 11341.02, "Total Cost": 11341.03, "Plan Rows": 1, "Plan Width": 8, "Actual Rows": 1, "Actual Loops": 1, "Plans": [{"Node Type": "Merge Join", "Parent Relationship": "Outer", "Parallel Aware": false, "Async Capable": false, "Join Type": "Inner", "Startup Cost": 6458.0, "Total Cost": 11340.52, "Plan Rows": 1.0, "Plan Width": 0, "Actual Rows": 2520, "Actual Loops": 1, "Inner Unique": false, "Merge Cond": "(v.userid = u.id)", "Plans": [{"Node Type": "Merge Join", "Parent Relationship": "Outer", "Parallel Aware": false, "Async Capable": false, "Join Type": "Inner", "Startup Cost": 3531.33, "Total Cost": 5031.54, "Plan Rows": 36.0, "Plan Width": 8, "Actual Rows": 14, "Actual Loops": 1, "Inner Unique": false, "Merge Cond": "(v.userid = c.userid)", "Plans": [{"Node Type": "Index Scan", "Parent Relationship": "Outer", "Parallel Aware": false, "Async Capable": false, "Scan Direction": "Forward", "Index Name": "idx_votes_userid", "Relation Name": "votes", "Alias": "v", "Startup Cost": 0.42, "Total Cost": 13242.63, "Plan Rows": 53, "Plan Width": 4, "Actual Rows": 33, "Actual Loops": 1, "Filter": "((bountyamount >= 19) AND (creationdate >= '2014-08-12 16:17:30'::timestamp without time zone))", "Rows Removed by Filter": 33420}, {"Node Type": "Sort", "Parent Relationship": "Inner", "Parallel Aware": false, "Async Capable": false, "Startup Cost": 3530.91, "Total Cost": 3531.44, "Plan Rows": 210, "Plan Width": 4, "Actual Rows": 207, "Actual Loops": 1, "Sort Key": ["c.userid"], "Sort Method": "quicksort", "Sort Space Used": 25, "Sort Space Type": "Memory", "Plans": [{"Node Type": "Seq Scan", "Parent Relationship": "Outer", "Parallel Aware": false, "Async Capable": false, "Relation Name": "comments", "Alias": "c", "Startup Cost": 0.0, "Total Cost": 3522.81, "Plan Rows": 210, "Plan Width": 4, "Actual Rows": 211, "Actual Loops": 1, "Filter": "(score = 7)", "Rows Removed by Filter": 174094}]}]}, {"Node Type": "Materialize", "Parent Relationship": "Inner", "Parallel Aware": false, "Async Capable": false, "Startup Cost": 2926.66, "Total Cost": 6805.44, "Plan Rows": 4.0, "Plan Width": 12, "Actual Rows": 56633, "Actual Loops": 1, "Plans": [{"Node Type": "Nested Loop", "Parent Relationship": "Outer", "Parallel Aware": false, "Async Capable": false, "Join Type": "Inner", "Startup Cost": 2926.66, "Total Cost": 6551.81, "Plan Rows": 4.0, "Plan Width": 12, "Actual Rows": 54533, "Actual Loops": 1, "Inner Unique": false, "Plans": [{"Node Type": "Merge Join", "Parent Relationship": "Outer", "Parallel Aware": false, "Async Capable": false, "Join Type": "Inner", "Startup Cost": 2926.24, "Total Cost": 4648.03, "Plan Rows": 5.0, "Plan Width": 8, "Actual Rows": 1933, "Actual Loops": 1, "Inner Unique": false, "Merge Cond": "(u.id = p.owneruserid)", "Plans": [{"Node Type": "Index Scan", "Parent Relationship": "Outer", "Parallel Aware": false, "Async Capable": false, "Scan Direction": "Forward", "Index Name": "users_pkey", "Relation Name": "users", "Alias": "u", "Startup Cost": 0.29, "Total Cost": 1659.6, "Plan Rows": 12063, "Plan Width": 4, "Actual Rows": 12059, "Actual Loops": 1, "Filter": "((upvotes <= 7747) AND (creationdate >= '2010-11-17 13:07:32'::timestamp without time zone) AND (creationdate <= '2012-12-19 02:11:32'::timestamp without time zone))", "Rows Removed by Filter": 6468}, {"Node Type": "Sort", "Parent Relationship": "Inner", "Parallel Aware": false, "Async Capable": false, "Startup Cost": 2925.95, "Total Cost": 2936.22, "Plan Rows": 4106, "Plan Width": 4, "Actual Rows": 3784, "Actual Loops": 1, "Sort Key": ["p.owneruserid"], "Sort Method": "quicksort", "Sort Space Used": 97, "Sort Space Type": "Memory", "Plans": [{"Node Type": "Seq Scan", "Parent Relationship": "Outer", "Parallel Aware": false, "Async Capable": false, "Relation Name": "posts", "Alias": "p", "Startup Cost": 0.0, "Total Cost": 2679.52, "Plan Rows": 4106, "Plan Width": 4, "Actual Rows": 4081, "Actual Loops": 1, "Filter": "((answercount >= 1) AND (answercount <= 111) AND (creationdate >= '2010-02-07 05:38:31'::timestamp without time zone) AND (creationdate <= '2011-08-15 18:12:07'::timestamp without time zone))", "Rows Removed by Filter": 87895}]}]}, {"Node Type": "Index Scan", "Parent Relationship": "Inner", "Parallel Aware": false, "Async Capable": false, "Scan Direction": "Forward", "Index Name": "idx_posthistory_userid", "Relation Name": "posthistory", "Alias": "ph", "Startup Cost": 0.42, "Total Cost": 1.55, "Plan Rows": 2, "Plan Width": 4, "Actual Rows": 28, "Actual Loops": 1933, "Index Cond": "(userid = u.id)", "Rows Removed by Index Recheck": 0, "Filter": "(creationdate <= '2011-09-26 15:51:03'::timestamp without time zone)", "Rows Removed by Filter": 31}]}]}]}]}, "Planning Time": 4.608, "Triggers": [], "Execution Time": 153.957}, {"Plan": {"Node Type": "Aggregate", "Strategy": "Plain", "Partial Mode": "Simple", "Parallel Aware": false, "Async Capable": false, "Startup Cost": 3194.3, "Total Cost": 3194.31, "Plan Rows": 1, "Plan Width": 8, "Actual Rows": 1, "Actual Loops": 1, "Plans": [{"Node Type": "Nested Loop", "Parent Relationship": "Outer", "Parallel Aware": false, "Async Capable": false, "Join Type": "Inner", "Startup Cost": 1.72, "Total Cost": 3193.8, "Plan Rows": 1.0, "Plan Width": 0, "Actual Rows": 2520, "Actual Loops": 1, "Inner Unique": false, "Join Filter": "(ph.userid = v.userid)", "Rows Removed by Join Filter": 0, "Plans": [{"Node Type": "Nested Loop", "Parent Relationship": "Outer", "Parallel Aware": false, "Async Capable": false, "Join Type": "Inner", "Startup Cost": 1.3, "Total Cost": 3192.22, "Plan Rows": 1.0, "Plan Width": 16, "Actual Rows": 24, "Actual Loops": 1, "Inner Unique": false, "Join Filter": "(p.owneruserid = v.userid)", "Rows Removed by Join Filter": 0, "Plans": [{"Node Type": "Nested Loop", "Parent Relationship": "Outer", "Parallel Aware": false, "Async Capable": false, "Join Type": "Inner", "Startup Cost": 1.01, "Total Cost": 3191.49, "Plan Rows": 6.0, "Plan Width": 12, "Actual Rows": 7, "Actual Loops": 1, "Inner Unique": false, "Join Filter": "(c.userid = v.userid)", "Rows Removed by Join Filter": 0, "Plans": [{"Node Type": "Merge Join", "Parent Relationship": "Outer", "Parallel Aware": false, "Async Capable": false, "Join Type": "Inner", "Startup Cost": 0.71, "Total Cost": 3189.34, "Plan Rows": 49.0, "Plan Width": 8, "Actual Rows": 9, "Actual Loops": 1, "Inner Unique": true, "Merge Cond": "(v.userid = u.id)", "Plans": [{"Node Type": "Index Scan", "Parent Relationship": "Outer", "Parallel Aware": false, "Async Capable": false, "Scan Direction": "Forward", "Index Name": "idx_votes_userid", "Relation Name": "votes", "Alias": "v", "Startup Cost": 0.42, "Total Cost": 13242.63, "Plan Rows": 53, "Plan Width": 4, "Actual Rows": 34, "Actual Loops": 1, "Filter": "((bountyamount >= 19) AND (creationdate >= '2014-08-12 16:17:30'::timestamp without time zone))", "Rows Removed by Filter": 33669}, {"Node Type": "Index Scan", "Parent Relationship": "Inner", "Parallel Aware": false, "Async Capable": false, "Scan Direction": "Forward", "Index Name": "users_pkey", "Relation Name": "users", "Alias": "u", "Startup Cost": 0.29, "Total Cost": 1659.6, "Plan Rows": 12063, "Plan Width": 4, "Actual Rows": 12061, "Actual Loops": 1, "Filter": "((upvotes <= 7747) AND (creationdate >= '2010-11-17 13:07:32'::timestamp without time zone) AND (creationdate <= '2012-12-19 02:11:32'::timestamp without time zone))", "Rows Removed by Filter": 28264}]}, {"Node Type": "Index Scan", "Parent Relationship": "Inner", "Parallel Aware": false, "Async Capable": false, "Scan Direction": "Forward", "Index Name": "idx_comments_userid", "Relation Name": "comments", "Alias": "c", "Startup Cost": 0.29, "Total Cost": 1.06, "Plan Rows": 1, "Plan Width": 4, "Actual Rows": 1, "Actual Loops": 9, "Index Cond": "(userid = u.id)", "Rows Removed by Index Recheck": 0, "Filter": "(score = 7)", "Rows Removed by Filter": 343}]}, {"Node Type": "Index Scan", "Parent Relationship": "Inner", "Parallel Aware": false, "Async Capable": false, "Scan Direction": "Forward", "Index Name": "idx_posts_owneruserid", "Relation Name": "posts", "Alias": "p", "Startup Cost": 0.29, "Total Cost": 0.72, "Plan Rows": 1, "Plan Width": 4, "Actual Rows": 3, "Actual Loops": 7, "Index Cond": "(owneruserid = u.id)", "Rows Removed by Index Recheck": 0, "Filter": "((answercount >= 1) AND (answercount <= 111) AND (creationdate >= '2010-02-07 05:38:31'::timestamp without time zone) AND (creationdate <= '2011-08-15 18:12:07'::timestamp without time zone))", "Rows Removed by Filter": 251}]}, {"Node Type": "Index Scan", "Parent Relationship": "Inner", "Parallel Aware": false, "Async Capable": false, "Scan Direction": "Forward", "Index Name": "idx_posthistory_userid", "Relation Name": "posthistory", "Alias": "ph", "Startup Cost": 0.42, "Total Cost": 1.55, "Plan Rows": 2, "Plan Width": 4, "Actual Rows": 105, "Actual Loops": 24, "Index Cond": "(userid = u.id)", "Rows Removed by Index Recheck": 0, "Filter": "(creationdate <= '2011-09-26 15:51:03'::timestamp without time zone)", "Rows Removed by Filter": 1160}]}]}, "Planning Time": 4.34, "Triggers": [], "Execution Time": 42.209}, {"Plan": {"Node Type": "Aggregate", "Strategy": "Plain", "Partial Mode": "Finalize", "Parallel Aware": false, "Async Capable": false, "Startup Cost": 10262.17, "Total Cost": 10262.18, "Plan Rows": 1, "Plan Width": 8, "Actual Rows": 1, "Actual Loops": 1, "Plans": [{"Node Type": "Gather", "Parent Relationship": "Outer", "Parallel Aware": false, "Async Capable": false, "Startup Cost": 10262.06, "Total Cost": 10262.17, "Plan Rows": 1, "Plan Width": 8, "Actual Rows": 2, "Actual Loops": 1, "Workers Planned": 1, "Workers Launched": 1, "Single Copy": false, "Plans": [{"Node Type": "Aggregate", "Strategy": "Plain", "Partial Mode": "Partial", "Parent Relationship": "Outer", "Parallel Aware": false, "Async Capable": false, "Startup Cost": 9262.06, "Total Cost": 9262.07, "Plan Rows": 1, "Plan Width": 8, "Actual Rows": 1, "Actual Loops": 2, "Workers": [], "Plans": [{"Node Type": "Merge Join", "Parent Relationship": "Outer", "Parallel Aware": false, "Async Capable": false, "Join Type": "Inner", "Startup Cost": 9065.54, "Total Cost": 9261.77, "Plan Rows": 1.0, "Plan Width": 0, "Actual Rows": 1260, "Actual Loops": 2, "Inner Unique": false, "Merge Cond": "(u.id = v.userid)", "Workers": [], "Plans": [{"Node Type": "Sort", "Parent Relationship": "Outer", "Parallel Aware": false, "Async Capable": false, "Startup Cost": 6138.87, "Total Cost": 6156.46, "Plan Rows": 46.0, "Plan Width": 8, "Actual Rows": 2707, "Actual Loops": 2, "Sort Key": ["ph.userid"], "Sort Method": "quicksort", "Sort Space Used": 859, "Sort Space Type": "Memory", "Workers": [{"Worker Number": 0, "Sort Method": "quicksort", "Sort Space Used": 26, "Sort Space Type": "Memory"}], "Plans": [{"Node Type": "Hash Join", "Parent Relationship": "Outer", "Parallel Aware": false, "Async Capable": false, "Join Type": "Inner", "Startup Cost": 1153.48, "Total Cost": 5689.18, "Plan Rows": 46.0, "Plan Width": 8, "Actual Rows": 7618, "Actual Loops": 2, "Inner Unique": true, "Hash Cond": "(ph.userid = u.id)", "Workers": [], "Plans": [{"Node Type": "Seq Scan", "Parent Relationship": "Outer", "Parallel Aware": true, "Async Capable": false, "Relation Name": "posthistory", "Alias": "ph", "Startup Cost": 0.0, "Total Cost": 4469.32, "Plan Rows": 25285, "Plan Width": 4, "Actual Rows": 21385, "Actual Loops": 2, "Filter": "(creationdate <= '2011-09-26 15:51:03'::timestamp without time zone)", "Rows Removed by Filter": 130208, "Workers": []}, {"Node Type": "Hash", "Parent Relationship": "Inner", "Parallel Aware": false, "Async Capable": false, "Startup Cost": 1002.69, "Total Cost": 1002.69, "Plan Rows": 12063, "Plan Width": 4, "Actual Rows": 12061, "Actual Loops": 2, "Hash Buckets": 16384, "Original Hash Buckets": 16384, "Hash Batches": 1, "Original Hash Batches": 1, "Peak Memory Usage": 553, "Workers": [], "Plans": [{"Node Type": "Seq Scan", "Parent Relationship": "Outer", "Parallel Aware": false, "Async Capable": false, "Relation Name": "users", "Alias": "u", "Startup Cost": 0.0, "Total Cost": 1002.69, "Plan Rows": 12063, "Plan Width": 4, "Actual Rows": 12061, "Actual Loops": 2, "Filter": "((upvotes <= 7747) AND (creationdate >= '2010-11-17 13:07:32'::timestamp without time zone) AND (creationdate <= '2012-12-19 02:11:32'::timestamp without time zone))", "Rows Removed by Filter": 28264, "Workers": []}]}]}]}, {"Node Type": "Materialize", "Parent Relationship": "Inner", "Parallel Aware": false, "Async Capable": false, "Startup Cost": 2926.67, "Total Cost": 4483.33, "Plan Rows": 3.0, "Plan Width": 12, "Actual Rows": 1297, "Actual Loops": 2, "Workers": [], "Plans": [{"Node Type": "Nested Loop", "Parent Relationship": "Outer", "Parallel Aware": false, "Async Capable": false, "Join Type": "Inner", "Startup Cost": 2926.67, "Total Cost": 4483.26, "Plan Rows": 3.0, "Plan Width": 12, "Actual Rows": 101, "Actual Loops": 2, "Inner Unique": false, "Join Filter": "(c.userid = v.userid)", "Rows Removed by Join Filter": 0, "Workers": [], "Plans": [{"Node Type": "Merge Join", "Parent Relationship": "Outer", "Parallel Aware": false, "Async Capable": false, "Join Type": "Inner", "Startup Cost": 2926.37, "Total Cost": 4446.22, "Plan Rows": 35.0, "Plan Width": 8, "Actual Rows": 130, "Actual Loops": 2, "Inner Unique": false, "Merge Cond": "(v.userid = p.owneruserid)", "Workers": [], "Plans": [{"Node Type": "Index Scan", "Parent Relationship": "Outer", "Parallel Aware": false, "Async Capable": false, "Scan Direction": "Forward", "Index Name": "idx_votes_userid", "Relation Name": "votes", "Alias": "v", "Startup Cost": 0.42, "Total Cost": 13242.63, "Plan Rows": 53, "Plan Width": 4, "Actual Rows": 22, "Actual Loops": 2, "Filter": "((bountyamount >= 19) AND (creationdate >= '2014-08-12 16:17:30'::timestamp without time zone))", "Rows Removed by Filter": 27449, "Workers": []}, {"Node Type": "Sort", "Parent Relationship": "Inner", "Parallel Aware": false, "Async Capable": false, "Startup Cost": 2925.95, "Total Cost": 2936.22, "Plan Rows": 4106, "Plan Width": 4, "Actual Rows": 3787, "Actual Loops": 2, "Sort Key": ["p.owneruserid"], "Sort Method": "quicksort", "Sort Space Used": 97, "Sort Space Type": "Memory", "Workers": [{"Worker Number": 0, "Sort Method": "quicksort", "Sort Space Used": 97, "Sort Space Type": "Memory"}], "Plans": [{"Node Type": "Seq Scan", "Parent Relationship": "Outer", "Parallel Aware": false, "Async Capable": false, "Relation Name": "posts", "Alias": "p", "Startup Cost": 0.0, "Total Cost": 2679.52, "Plan Rows": 4106, "Plan Width": 4, "Actual Rows": 4081, "Actual Loops": 2, "Filter": "((answercount >= 1) AND (answercount <= 111) AND (creationdate >= '2010-02-07 05:38:31'::timestamp without time zone) AND (creationdate <= '2011-08-15 18:12:07'::timestamp without time zone))", "Rows Removed by Filter": 87895, "Workers": []}]}]}, {"Node Type": "Index Scan", "Parent Relationship": "Inner", "Parallel Aware": false, "Async Capable": false, "Scan Direction": "Forward", "Index Name": "idx_comments_userid", "Relation Name": "comments", "Alias": "c", "Startup Cost": 0.29, "Total Cost": 2.05, "Plan Rows": 1, "Plan Width": 4, "Actual Rows": 1, "Actual Loops": 260, "Index Cond": "(userid = p.owneruserid)", "Rows Removed by Index Recheck": 0, "Filter": "(score = 7)", "Rows Removed by Filter": 423, "Workers": []}]}]}]}]}]}]}, "Planning Time": 10.494, "Triggers": [], "Execution Time": 161.579}, {"Plan": {"Node Type": "Aggregate", "Strategy": "Plain", "Partial Mode": "Simple", "Parallel Aware": false, "Async Capable": false, "Startup Cost": 3227.67, "Total Cost": 3227.68, "Plan Rows": 1, "Plan Width": 8, "Actual Rows": 1, "Actual Loops": 1, "Plans": [{"Node Type": "Nested Loop", "Parent Relationship": "Outer", "Parallel Aware": false, "Async Capable": false, "Join Type": "Inner", "Startup Cost": 1.72, "Total Cost": 3227.17, "Plan Rows": 1.0, "Plan Width": 0, "Actual Rows": 2520, "Actual Loops": 1, "Inner Unique": false, "Join Filter": "(c.userid = v.userid)", "Rows Removed by Join Filter": 0, "Plans": [{"Node Type": "Nested Loop", "Parent Relationship": "Outer", "Parallel Aware": false, "Async Capable": false, "Join Type": "Inner", "Startup Cost": 1.43, "Total Cost": 3192.39, "Plan Rows": 2.0, "Plan Width": 16, "Actual Rows": 7296, "Actual Loops": 1, "Inner Unique": false, "Join Filter": "(ph.userid = v.userid)", "Rows Removed by Join Filter": 0, "Plans": [{"Node Type": "Nested Loop", "Parent Relationship": "Outer", "Parallel Aware": false, "Async Capable": false, "Join Type": "Inner", "Startup Cost": 1.0, "Total Cost": 3190.81, "Plan Rows": 5.0, "Plan Width": 12, "Actual Rows": 65, "Actual Loops": 1, "Inner Unique": false, "Join Filter": "(p.owneruserid = v.userid)", "Rows Removed by Join Filter": 0, "Plans": [{"Node Type": "Merge Join", "Parent Relationship": "Outer", "Parallel Aware": false, "Async Capable": false, "Join Type": "Inner", "Startup Cost": 0.71, "Total Cost": 3189.34, "Plan Rows": 49.0, "Plan Width": 8, "Actual Rows": 9, "Actual Loops": 1, "Inner Unique": true, "Merge Cond": "(v.userid = u.id)", "Plans": [{"Node Type": "Index Scan", "Parent Relationship": "Outer", "Parallel Aware": false, "Async Capable": false, "Scan Direction": "Forward", "Index Name": "idx_votes_userid", "Relation Name": "votes", "Alias": "v", "Startup Cost": 0.42, "Total Cost": 13242.63, "Plan Rows": 53, "Plan Width": 4, "Actual Rows": 34, "Actual Loops": 1, "Filter": "((bountyamount >= 19) AND (creationdate >= '2014-08-12 16:17:30'::timestamp without time zone))", "Rows Removed by Filter": 33669}, {"Node Type": "Index Scan", "Parent Relationship": "Inner", "Parallel Aware": false, "Async Capable": false, "Scan Direction": "Forward", "Index Name": "users_pkey", "Relation Name": "users", "Alias": "u", "Startup Cost": 0.29, "Total Cost": 1659.6, "Plan Rows": 12063, "Plan Width": 4, "Actual Rows": 12061, "Actual Loops": 1, "Filter": "((upvotes <= 7747) AND (creationdate >= '2010-11-17 13:07:32'::timestamp without time zone) AND (creationdate <= '2012-12-19 02:11:32'::timestamp without time zone))", "Rows Removed by Filter": 28264}]}, {"Node Type": "Index Scan", "Parent Relationship": "Inner", "Parallel Aware": false, "Async Capable": false, "Scan Direction": "Forward", "Index Name": "idx_posts_owneruserid", "Relation Name": "posts", "Alias": "p", "Startup Cost": 0.29, "Total Cost": 0.72, "Plan Rows": 1, "Plan Width": 4, "Actual Rows": 7, "Actual Loops": 9, "Index Cond": "(owneruserid = u.id)", "Rows Removed by Index Recheck": 0, "Filter": "((answercount >= 1) AND (answercount <= 111) AND (creationdate >= '2010-02-07 05:38:31'::timestamp without time zone) AND (creationdate <= '2011-08-15 18:12:07'::timestamp without time zone))", "Rows Removed by Filter": 76}]}, {"Node Type": "Index Scan", "Parent Relationship": "Inner", "Parallel Aware": false, "Async Capable": false, "Scan Direction": "Forward", "Index Name": "idx_posthistory_userid", "Relation Name": "posthistory", "Alias": "ph", "Startup Cost": 0.42, "Total Cost": 1.55, "Plan Rows": 2, "Plan Width": 4, "Actual Rows": 112, "Actual Loops": 65, "Index Cond": "(userid = u.id)", "Rows Removed by Index Recheck": 0, "Filter": "(creationdate <= '2011-09-26 15:51:03'::timestamp without time zone)", "Rows Removed by Filter": 248}]}, {"Node Type": "Index Scan", "Parent Relationship": "Inner", "Parallel Aware": false, "Async Capable": false, "Scan Direction": "Forward", "Index Name": "idx_comments_userid", "Relation Name": "comments", "Alias": "c", "Startup Cost": 0.29, "Total Cost": 0.7, "Plan Rows": 1, "Plan Width": 4, "Actual Rows": 0, "Actual Loops": 7296, "Index Cond": "(userid = ph.userid)", "Rows Removed by Index Recheck": 0, "Filter": "(score = 7)", "Rows Removed by Filter": 300}]}]}, "Planning Time": 4.297, "Triggers": [], "Execution Time": 366.341}, {"Plan": {"Node Type": "Aggregate", "Strategy": "Plain", "Partial Mode": "Simple", "Parallel Aware": false, "Async Capable": false, "Startup Cost": 3859.54, "Total Cost": 3859.55, "Plan Rows": 1, "Plan Width": 8, "Actual Rows": 1, "Actual Loops": 1, "Plans": [{"Node Type": "Merge Join", "Parent Relationship": "Outer", "Parallel Aware": false, "Async Capable": false, "Join Type": "Inner", "Startup Cost": 3532.34, "Total Cost": 3859.04, "Plan Rows": 1.0, "Plan Width": 0, "Actual Rows": 2520, "Actual Loops": 1, "Inner Unique": false, "Merge Cond": "(c.userid = v.userid)", "Plans": [{"Node Type": "Sort", "Parent Relationship": "Outer", "Parallel Aware": false, "Async Capable": false, "Startup Cost": 3530.91, "Total Cost": 3531.44, "Plan Rows": 210, "Plan Width": 4, "Actual Rows": 141, "Actual Loops": 1, "Sort Key": ["c.userid"], "Sort Method": "quicksort", "Sort Space Used": 25, "Sort Space Type": "Memory", "Plans": [{"Node Type": "Seq Scan", "Parent Relationship": "Outer", "Parallel Aware": false, "Async Capable": false, "Relation Name": "comments", "Alias": "c", "Startup Cost": 0.0, "Total Cost": 3522.81, "Plan Rows": 210, "Plan Width": 4, "Actual Rows": 211, "Actual Loops": 1, "Filter": "(score = 7)", "Rows Removed by Filter": 174094}]}, {"Node Type": "Materialize", "Parent Relationship": "Inner", "Parallel Aware": false, "Async Capable": false, "Startup Cost": 1.43, "Total Cost": 3192.51, "Plan Rows": 2.0, "Plan Width": 16, "Actual Rows": 9396, "Actual Loops": 1, "Plans": [{"Node Type": "Nested Loop", "Parent Relationship": "Outer", "Parallel Aware": false, "Async Capable": false, "Join Type": "Inner", "Startup Cost": 1.43, "Total Cost": 3192.39, "Plan Rows": 2.0, "Plan Width": 16, "Actual Rows": 7296, "Actual Loops": 1, "Inner Unique": false, "Join Filter": "(ph.userid = v.userid)", "Rows Removed by Join Filter": 0, "Plans": [{"Node Type": "Nested Loop", "Parent Relationship": "Outer", "Parallel Aware": false, "Async Capable": false, "Join Type": "Inner", "Startup Cost": 1.0, "Total Cost": 3190.81, "Plan Rows": 5.0, "Plan Width": 12, "Actual Rows": 65, "Actual Loops": 1, "Inner Unique": false, "Join Filter": "(p.owneruserid = v.userid)", "Rows Removed by Join Filter": 0, "Plans": [{"Node Type": "Merge Join", "Parent Relationship": "Outer", "Parallel Aware": false, "Async Capable": false, "Join Type": "Inner", "Startup Cost": 0.71, "Total Cost": 3189.34, "Plan Rows": 49.0, "Plan Width": 8, "Actual Rows": 9, "Actual Loops": 1, "Inner Unique": true, "Merge Cond": "(v.userid = u.id)", "Plans": [{"Node Type": "Index Scan", "Parent Relationship": "Outer", "Parallel Aware": false, "Async Capable": false, "Scan Direction": "Forward", "Index Name": "idx_votes_userid", "Relation Name": "votes", "Alias": "v", "Startup Cost": 0.42, "Total Cost": 13242.63, "Plan Rows": 53, "Plan Width": 4, "Actual Rows": 34, "Actual Loops": 1, "Filter": "((bountyamount >= 19) AND (creationdate >= '2014-08-12 16:17:30'::timestamp without time zone))", "Rows Removed by Filter": 33669}, {"Node Type": "Index Scan", "Parent Relationship": "Inner", "Parallel Aware": false, "Async Capable": false, "Scan Direction": "Forward", "Index Name": "users_pkey", "Relation Name": "users", "Alias": "u", "Startup Cost": 0.29, "Total Cost": 1659.6, "Plan Rows": 12063, "Plan Width": 4, "Actual Rows": 12061, "Actual Loops": 1, "Filter": "((upvotes <= 7747) AND (creationdate >= '2010-11-17 13:07:32'::timestamp without time zone) AND (creationdate <= '2012-12-19 02:11:32'::timestamp without time zone))", "Rows Removed by Filter": 28264}]}, {"Node Type": "Index Scan", "Parent Relationship": "Inner", "Parallel Aware": false, "Async Capable": false, "Scan Direction": "Forward", "Index Name": "idx_posts_owneruserid", "Relation Name": "posts", "Alias": "p", "Startup Cost": 0.29, "Total Cost": 0.72, "Plan Rows": 1, "Plan Width": 4, "Actual Rows": 7, "Actual Loops": 9, "Index Cond": "(owneruserid = u.id)", "Rows Removed by Index Recheck": 0, "Filter": "((answercount >= 1) AND (answercount <= 111) AND (creationdate >= '2010-02-07 05:38:31'::timestamp without time zone) AND (creationdate <= '2011-08-15 18:12:07'::timestamp without time zone))", "Rows Removed by Filter": 76}]}, {"Node Type": "Index Scan", "Parent Relationship": "Inner", "Parallel Aware": false, "Async Capable": false, "Scan Direction": "Forward", "Index Name": "idx_posthistory_userid", "Relation Name": "posthistory", "Alias": "ph", "Startup Cost": 0.42, "Total Cost": 1.55, "Plan Rows": 2, "Plan Width": 4, "Actual Rows": 112, "Actual Loops": 65, "Index Cond": "(userid = u.id)", "Rows Removed by Index Recheck": 0, "Filter": "(creationdate <= '2011-09-26 15:51:03'::timestamp without time zone)", "Rows Removed by Filter": 248}]}]}]}]}, "Planning Time": 4.469, "Triggers": [], "Execution Time": 79.028}, {"Plan": {"Node Type": "Aggregate", "Strategy": "Plain", "Partial Mode": "Simple", "Parallel Aware": false, "Async Capable": false, "Startup Cost": 7393.63, "Total Cost": 7393.64, "Plan Rows": 1, "Plan Width": 8, "Actual Rows": 1, "Actual Loops": 1, "Plans": [{"Node Type": "Merge Join", "Parent Relationship": "Outer", "Parallel Aware": false, "Async Capable": false, "Join Type": "Inner", "Startup Cost": 7225.46, "Total Cost": 7393.14, "Plan Rows": 1.0, "Plan Width": 0, "Actual Rows": 2520, "Actual Loops": 1, "Inner Unique": false, "Merge Cond": "(v.userid = u.id)", "Plans": [{"Node Type": "Nested Loop", "Parent Relationship": "Outer", "Parallel Aware": false, "Async Capable": false, "Join Type": "Inner", "Startup Cost": 2926.8, "Total Cost": 4503.62, "Plan Rows": 11.0, "Plan Width": 12, "Actual Rows": 37956, "Actual Loops": 1, "Inner Unique": false, "Join Filter": "(ph.userid = v.userid)", "Rows Removed by Join Filter": 0, "Plans": [{"Node Type": "Merge Join", "Parent Relationship": "Outer", "Parallel Aware": false, "Async Capable": false, "Join Type": "Inner", "Startup Cost": 2926.37, "Total Cost": 4446.22, "Plan Rows": 35.0, "Plan Width": 8, "Actual Rows": 130, "Actual Loops": 1, "Inner Unique": false, "Merge Cond": "(v.userid = p.owneruserid)", "Plans": [{"Node Type": "Index Scan", "Parent Relationship": "Outer", "Parallel Aware": false, "Async Capable": false, "Scan Direction": "Forward", "Index Name": "idx_votes_userid", "Relation Name": "votes", "Alias": "v", "Startup Cost": 0.42, "Total Cost": 13242.63, "Plan Rows": 53, "Plan Width": 4, "Actual Rows": 22, "Actual Loops": 1, "Filter": "((bountyamount >= 19) AND (creationdate >= '2014-08-12 16:17:30'::timestamp without time zone))", "Rows Removed by Filter": 27449}, {"Node Type": "Sort", "Parent Relationship": "Inner", "Parallel Aware": false, "Async Capable": false, "Startup Cost": 2925.95, "Total Cost": 2936.22, "Plan Rows": 4106, "Plan Width": 4, "Actual Rows": 3787, "Actual Loops": 1, "Sort Key": ["p.owneruserid"], "Sort Method": "quicksort", "Sort Space Used": 97, "Sort Space Type": "Memory", "Plans": [{"Node Type": "Seq Scan", "Parent Relationship": "Outer", "Parallel Aware": false, "Async Capable": false, "Relation Name": "posts", "Alias": "p", "Startup Cost": 0.0, "Total Cost": 2679.52, "Plan Rows": 4106, "Plan Width": 4, "Actual Rows": 4081, "Actual Loops": 1, "Filter": "((answercount >= 1) AND (answercount <= 111) AND (creationdate >= '2010-02-07 05:38:31'::timestamp without time zone) AND (creationdate <= '2011-08-15 18:12:07'::timestamp without time zone))", "Rows Removed by Filter": 87895}]}]}, {"Node Type": "Index Scan", "Parent Relationship": "Inner", "Parallel Aware": false, "Async Capable": false, "Scan Direction": "Forward", "Index Name": "idx_posthistory_userid", "Relation Name": "posthistory", "Alias": "ph", "Startup Cost": 0.42, "Total Cost": 3.16, "Plan Rows": 2, "Plan Width": 4, "Actual Rows": 292, "Actual Loops": 130, "Index Cond": "(userid = p.owneruserid)", "Rows Removed by Index Recheck": 0, "Filter": "(creationdate <= '2011-09-26 15:51:03'::timestamp without time zone)", "Rows Removed by Filter": 426}]}, {"Node Type": "Sort", "Parent Relationship": "Inner", "Parallel Aware": false, "Async Capable": false, "Startup Cost": 4298.67, "Total Cost": 4298.82, "Plan Rows": 25.0, "Plan Width": 8, "Actual Rows": 2550, "Actual Loops": 1, "Sort Key": ["c.userid"], "Sort Method": "quicksort", "Sort Space Used": 27, "Sort Space Type": "Memory", "Plans": [{"Node Type": "Gather", "Parent Relationship": "Outer", "Parallel Aware": false, "Async Capable": false, "Startup Cost": 1000.29, "Total Cost": 4296.82, "Plan Rows": 25.0, "Plan Width": 8, "Actual Rows": 75, "Actual Loops": 1, "Workers Planned": 1, "Workers Launched": 1, "Single Copy": false, "Plans": [{"Node Type": "Nested Loop", "Parent Relationship": "Outer", "Parallel Aware": false, "Async Capable": false, "Join Type": "Inner", "Startup Cost": 0.29, "Total Cost": 3290.62, "Plan Rows": 25.0, "Plan Width": 8, "Actual Rows": 38, "Actual Loops": 2, "Inner Unique": true, "Workers": [], "Plans": [{"Node Type": "Seq Scan", "Parent Relationship": "Outer", "Parallel Aware": true, "Async Capable": false, "Relation Name": "comments", "Alias": "c", "Startup Cost": 0.0, "Total Cost": 2625.65, "Plan Rows": 124, "Plan Width": 4, "Actual Rows": 106, "Actual Loops": 2, "Filter": "(score = 7)", "Rows Removed by Filter": 87047, "Workers": []}, {"Node Type": "Index Scan", "Parent Relationship": "Inner", "Parallel Aware": false, "Async Capable": false, "Scan Direction": "Forward", "Index Name": "users_pkey", "Relation Name": "users", "Alias": "u", "Startup Cost": 0.29, "Total Cost": 5.36, "Plan Rows": 1, "Plan Width": 4, "Actual Rows": 0, "Actual Loops": 211, "Index Cond": "(id = c.userid)", "Rows Removed by Index Recheck": 0, "Filter": "((upvotes <= 7747) AND (creationdate >= '2010-11-17 13:07:32'::timestamp without time zone) AND (creationdate <= '2012-12-19 02:11:32'::timestamp without time zone))", "Rows Removed by Filter": 1, "Workers": []}]}]}]}]}]}, "Planning Time": 4.597, "Triggers": [], "Execution Time": 98.855}, {"Plan": {"Node Type": "Aggregate", "Strategy": "Plain", "Partial Mode": "Finalize", "Parallel Aware": false, "Async Capable": false, "Startup Cost": 7386.71, "Total Cost": 7386.72, "Plan Rows": 1, "Plan Width": 8, "Actual Rows": 1, "Actual Loops": 1, "Plans": [{"Node Type": "Gather", "Parent Relationship": "Outer", "Parallel Aware": false, "Async Capable": false, "Startup Cost": 7386.59, "Total Cost": 7386.7, "Plan Rows": 1, "Plan Width": 8, "Actual Rows": 2, "Actual Loops": 1, "Workers Planned": 1, "Workers Launched": 1, "Single Copy": false, "Plans": [{"Node Type": "Aggregate", "Strategy": "Plain", "Partial Mode": "Partial", "Parent Relationship": "Outer", "Parallel Aware": false, "Async Capable": false, "Startup Cost": 6386.59, "Total Cost": 6386.6, "Plan Rows": 1, "Plan Width": 8, "Actual Rows": 1, "Actual Loops": 2, "Workers": [], "Plans": [{"Node Type": "Merge Join", "Parent Relationship": "Outer", "Parallel Aware": false, "Async Capable": false, "Join Type": "Inner", "Startup Cost": 6218.35, "Total Cost": 6386.3, "Plan Rows": 1.0, "Plan Width": 0, "Actual Rows": 1260, "Actual Loops": 2, "Inner Unique": false, "Merge Cond": "(u.id = v.userid)", "Workers": [], "Plans": [{"Node Type": "Sort", "Parent Relationship": "Outer", "Parallel Aware": false, "Async Capable": false, "Startup Cost": 3291.55, "Total Cost": 3291.64, "Plan Rows": 25.0, "Plan Width": 8, "Actual Rows": 18, "Actual Loops": 2, "Sort Key": ["c.userid"], "Sort Method": "quicksort", "Sort Space Used": 27, "Sort Space Type": "Memory", "Workers": [{"Worker Number": 0, "Sort Method": "quicksort", "Sort Space Used": 25, "Sort Space Type": "Memory"}], "Plans": [{"Node Type": "Nested Loop", "Parent Relationship": "Outer", "Parallel Aware": false, "Async Capable": false, "Join Type": "Inner", "Startup Cost": 0.29, "Total Cost": 3290.62, "Plan Rows": 25.0, "Plan Width": 8, "Actual Rows": 38, "Actual Loops": 2, "Inner Unique": true, "Workers": [], "Plans": [{"Node Type": "Seq Scan", "Parent Relationship": "Outer", "Parallel Aware": true, "Async Capable": false, "Relation Name": "comments", "Alias": "c", "Startup Cost": 0.0, "Total Cost": 2625.65, "Plan Rows": 124, "Plan Width": 4, "Actual Rows": 106, "Actual Loops": 2, "Filter": "(score = 7)", "Rows Removed by Filter": 87047, "Workers": []}, {"Node Type": "Index Scan", "Parent Relationship": "Inner", "Parallel Aware": false, "Async Capable": false, "Scan Direction": "Forward", "Index Name": "users_pkey", "Relation Name": "users", "Alias": "u", "Startup Cost": 0.29, "Total Cost": 5.36, "Plan Rows": 1, "Plan Width": 4, "Actual Rows": 0, "Actual Loops": 211, "Index Cond": "(id = c.userid)", "Rows Removed by Index Recheck": 0, "Filter": "((upvotes <= 7747) AND (creationdate >= '2010-11-17 13:07:32'::timestamp without time zone) AND (creationdate <= '2012-12-19 02:11:32'::timestamp without time zone))", "Rows Removed by Filter": 1, "Workers": []}]}]}, {"Node Type": "Materialize", "Parent Relationship": "Inner", "Parallel Aware": false, "Async Capable": false, "Startup Cost": 2926.8, "Total Cost": 4507.49, "Plan Rows": 11.0, "Plan Width": 12, "Actual Rows": 39006, "Actual Loops": 2, "Workers": [], "Plans": [{"Node Type": "Nested Loop", "Parent Relationship": "Outer", "Parallel Aware": false, "Async Capable": false, "Join Type": "Inner", "Startup Cost": 2926.8, "Total Cost": 4503.62, "Plan Rows": 11.0, "Plan Width": 12, "Actual Rows": 37956, "Actual Loops": 2, "Inner Unique": false, "Join Filter": "(ph.userid = v.userid)", "Rows Removed by Join Filter": 0, "Workers": [], "Plans": [{"Node Type": "Merge Join", "Parent Relationship": "Outer", "Parallel Aware": false, "Async Capable": false, "Join Type": "Inner", "Startup Cost": 2926.37, "Total Cost": 4446.22, "Plan Rows": 35.0, "Plan Width": 8, "Actual Rows": 130, "Actual Loops": 2, "Inner Unique": false, "Merge Cond": "(v.userid = p.owneruserid)", "Workers": [], "Plans": [{"Node Type": "Index Scan", "Parent Relationship": "Outer", "Parallel Aware": false, "Async Capable": false, "Scan Direction": "Forward", "Index Name": "idx_votes_userid", "Relation Name": "votes", "Alias": "v", "Startup Cost": 0.42, "Total Cost": 13242.63, "Plan Rows": 53, "Plan Width": 4, "Actual Rows": 22, "Actual Loops": 2, "Filter": "((bountyamount >= 19) AND (creationdate >= '2014-08-12 16:17:30'::timestamp without time zone))", "Rows Removed by Filter": 27449, "Workers": []}, {"Node Type": "Sort", "Parent Relationship": "Inner", "Parallel Aware": false, "Async Capable": false, "Startup Cost": 2925.95, "Total Cost": 2936.22, "Plan Rows": 4106, "Plan Width": 4, "Actual Rows": 3787, "Actual Loops": 2, "Sort Key": ["p.owneruserid"], "Sort Method": "quicksort", "Sort Space Used": 97, "Sort Space Type": "Memory", "Workers": [{"Worker Number": 0, "Sort Method": "quicksort", "Sort Space Used": 97, "Sort Space Type": "Memory"}], "Plans": [{"Node Type": "Seq Scan", "Parent Relationship": "Outer", "Parallel Aware": false, "Async Capable": false, "Relation Name": "posts", "Alias": "p", "Startup Cost": 0.0, "Total Cost": 2679.52, "Plan Rows": 4106, "Plan Width": 4, "Actual Rows": 4081, "Actual Loops": 2, "Filter": "((answercount >= 1) AND (answercount <= 111) AND (creationdate >= '2010-02-07 05:38:31'::timestamp without time zone) AND (creationdate <= '2011-08-15 18:12:07'::timestamp without time zone))", "Rows Removed by Filter": 87895, "Workers": []}]}]}, {"Node Type": "Index Scan", "Parent Relationship": "Inner", "Parallel Aware": false, "Async Capable": false, "Scan Direction": "Forward", "Index Name": "idx_posthistory_userid", "Relation Name": "posthistory", "Alias": "ph", "Startup Cost": 0.42, "Total Cost": 3.16, "Plan Rows": 2, "Plan Width": 4, "Actual Rows": 292, "Actual Loops": 260, "Index Cond": "(userid = p.owneruserid)", "Rows Removed by Index Recheck": 0, "Filter": "(creationdate <= '2011-09-26 15:51:03'::timestamp without time zone)", "Rows Removed by Filter": 426, "Workers": []}]}]}]}]}]}]}, "Planning Time": 10.688, "Triggers": [], "Execution Time": 141.84}, {"Plan": {"Node Type": "Aggregate", "Strategy": "Plain", "Partial Mode": "Simple", "Parallel Aware": false, "Async Capable": false, "Startup Cost": 8635.65, "Total Cost": 8635.66, "Plan Rows": 1, "Plan Width": 8, "Actual Rows": 1, "Actual Loops": 1, "Plans": [{"Node Type": "Merge Join", "Parent Relationship": "Outer", "Parallel Aware": false, "Async Capable": false, "Join Type": "Inner", "Startup Cost": 3532.48, "Total Cost": 8635.15, "Plan Rows": 1.0, "Plan Width": 0, "Actual Rows": 2520, "Actual Loops": 1, "Inner Unique": false, "Merge Cond": "(u.id = v.userid)", "Plans": [{"Node Type": "Nested Loop", "Parent Relationship": "Outer", "Parallel Aware": false, "Async Capable": false, "Join Type": "Inner", "Startup Cost": 3532.06, "Total Cost": 6661.85, "Plan Rows": 1.0, "Plan Width": 16, "Actual Rows": 9627, "Actual Loops": 1, "Inner Unique": false, "Plans": [{"Node Type": "Nested Loop", "Parent Relationship": "Outer", "Parallel Aware": false, "Async Capable": false, "Join Type": "Inner", "Startup Cost": 3531.64, "Total Cost": 5267.84, "Plan Rows": 1.0, "Plan Width": 12, "Actual Rows": 63, "Actual Loops": 1, "Inner Unique": false, "Plans": [{"Node Type": "Merge Join", "Parent Relationship": "Outer", "Parallel Aware": false, "Async Capable": false, "Join Type": "Inner", "Startup Cost": 3531.34, "Total Cost": 5222.33, "Plan Rows": 25.0, "Plan Width": 8, "Actual Rows": 75, "Actual Loops": 1, "Inner Unique": false, "Merge Cond": "(u.id = c.userid)", "Plans": [{"Node Type": "Index Scan", "Parent Relationship": "Outer", "Parallel Aware": false, "Async Capable": false, "Scan Direction": "Forward", "Index Name": "users_pkey", "Relation Name": "users", "Alias": "u", "Startup Cost": 0.29, "Total Cost": 1659.6, "Plan Rows": 12063, "Plan Width": 4, "Actual Rows": 12061, "Actual Loops": 1, "Filter": "((upvotes <= 7747) AND (creationdate >= '2010-11-17 13:07:32'::timestamp without time zone) AND (creationdate <= '2012-12-19 02:11:32'::timestamp without time zone))", "Rows Removed by Filter": 28264}, {"Node Type": "Sort", "Parent Relationship": "Inner", "Parallel Aware": false, "Async Capable": false, "Startup Cost": 3530.91, "Total Cost": 3531.44, "Plan Rows": 210, "Plan Width": 4, "Actual Rows": 208, "Actual Loops": 1, "Sort Key": ["c.userid"], "Sort Method": "quicksort", "Sort Space Used": 25, "Sort Space Type": "Memory", "Plans": [{"Node Type": "Seq Scan", "Parent Relationship": "Outer", "Parallel Aware": false, "Async Capable": false, "Relation Name": "comments", "Alias": "c", "Startup Cost": 0.0, "Total Cost": 3522.81, "Plan Rows": 210, "Plan Width": 4, "Actual Rows": 211, "Actual Loops": 1, "Filter": "(score = 7)", "Rows Removed by Filter": 174094}]}]}, {"Node Type": "Index Scan", "Parent Relationship": "Inner", "Parallel Aware": false, "Async Capable": false, "Scan Direction": "Forward", "Index Name": "idx_posts_owneruserid", "Relation Name": "posts", "Alias": "p", "Startup Cost": 0.29, "Total Cost": 0.72, "Plan Rows": 1, "Plan Width": 4, "Actual Rows": 1, "Actual Loops": 75, "Index Cond": "(owneruserid = u.id)", "Rows Removed by Index Recheck": 0, "Filter": "((answercount >= 1) AND (answercount <= 111) AND (creationdate >= '2010-02-07 05:38:31'::timestamp without time zone) AND (creationdate <= '2011-08-15 18:12:07'::timestamp without time zone))", "Rows Removed by Filter": 163}]}, {"Node Type": "Index Scan", "Parent Relationship": "Inner", "Parallel Aware": false, "Async Capable": false, "Scan Direction": "Forward", "Index Name": "idx_posthistory_userid", "Relation Name": "posthistory", "Alias": "ph", "Startup Cost": 0.42, "Total Cost": 1.55, "Plan Rows": 2, "Plan Width": 4, "Actual Rows": 153, "Actual Loops": 63, "Index Cond": "(userid = u.id)", "Rows Removed by Index Recheck": 0, "Filter": "(creationdate <= '2011-09-26 15:51:03'::timestamp without time zone)", "Rows Removed by Filter": 683}]}, {"Node Type": "Index Scan", "Parent Relationship": "Inner", "Parallel Aware": false, "Async Capable": false, "Scan Direction": "Forward", "Index Name": "idx_votes_userid", "Relation Name": "votes", "Alias": "v", "Startup Cost": 0.42, "Total Cost": 13242.63, "Plan Rows": 53, "Plan Width": 4, "Actual Rows": 2532, "Actual Loops": 1, "Filter": "((bountyamount >= 19) AND (creationdate >= '2014-08-12 16:17:30'::timestamp without time zone))", "Rows Removed by Filter": 2293706}]}]}, "Planning Time": 4.488, "Triggers": [], "Execution Time": 514.074}, {"Plan": {"Node Type": "Aggregate", "Strategy": "Plain", "Partial Mode": "Simple", "Parallel Aware": false, "Async Capable": false, "Startup Cost": 4796.91, "Total Cost": 4796.92, "Plan Rows": 1, "Plan Width": 8, "Actual Rows": 1, "Actual Loops": 1, "Plans": [{"Node Type": "Merge Join", "Parent Relationship": "Outer", "Parallel Aware": false, "Async Capable": false, "Join Type": "Inner", "Startup Cost": 2927.38, "Total Cost": 4796.41, "Plan Rows": 1.0, "Plan Width": 0, "Actual Rows": 2520, "Actual Loops": 1, "Inner Unique": false, "Merge Cond": "(u.id = v.userid)", "Plans": [{"Node Type": "Index Scan", "Parent Relationship": "Outer", "Parallel Aware": false, "Async Capable": false, "Scan Direction": "Forward", "Index Name": "users_pkey", "Relation Name": "users", "Alias": "u", "Startup Cost": 0.29, "Total Cost": 1659.6, "Plan Rows": 12063, "Plan Width": 4, "Actual Rows": 730, "Actual Loops": 1, "Filter": "((upvotes <= 7747) AND (creationdate >= '2010-11-17 13:07:32'::timestamp without time zone) AND (creationdate <= '2012-12-19 02:11:32'::timestamp without time zone))", "Rows Removed by Filter": 1350}, {"Node Type": "Materialize", "Parent Relationship": "Inner", "Parallel Aware": false, "Async Capable": false, "Startup Cost": 2927.09, "Total Cost": 4591.38, "Plan Rows": 2.0, "Plan Width": 16, "Actual Rows": 79260, "Actual Loops": 1, "Plans": [{"Node Type": "Nested Loop", "Parent Relationship": "Outer", "Parallel Aware": false, "Async Capable": false, "Join Type": "Inner", "Startup Cost": 2927.09, "Total Cost": 4575.74, "Plan Rows": 2.0, "Plan Width": 16, "Actual Rows": 79260, "Actual Loops": 1, "Inner Unique": false, "Join Filter": "(ph.userid = v.userid)", "Rows Removed by Join Filter": 0, "Plans": [{"Node Type": "Nested Loop", "Parent Relationship": "Outer", "Parallel Aware": false, "Async Capable": false, "Join Type": "Inner", "Startup Cost": 2926.67, "Total Cost": 4483.26, "Plan Rows": 3.0, "Plan Width": 12, "Actual Rows": 101, "Actual Loops": 1, "Inner Unique": false, "Join Filter": "(c.userid = v.userid)", "Rows Removed by Join Filter": 0, "Plans": [{"Node Type": "Merge Join", "Parent Relationship": "Outer", "Parallel Aware": false, "Async Capable": false, "Join Type": "Inner", "Startup Cost": 2926.37, "Total Cost": 4446.22, "Plan Rows": 35.0, "Plan Width": 8, "Actual Rows": 130, "Actual Loops": 1, "Inner Unique": false, "Merge Cond": "(v.userid = p.owneruserid)", "Plans": [{"Node Type": "Index Scan", "Parent Relationship": "Outer", "Parallel Aware": false, "Async Capable": false, "Scan Direction": "Forward", "Index Name": "idx_votes_userid", "Relation Name": "votes", "Alias": "v", "Startup Cost": 0.42, "Total Cost": 13242.63, "Plan Rows": 53, "Plan Width": 4, "Actual Rows": 22, "Actual Loops": 1, "Filter": "((bountyamount >= 19) AND (creationdate >= '2014-08-12 16:17:30'::timestamp without time zone))", "Rows Removed by Filter": 27449}, {"Node Type": "Sort", "Parent Relationship": "Inner", "Parallel Aware": false, "Async Capable": false, "Startup Cost": 2925.95, "Total Cost": 2936.22, "Plan Rows": 4106, "Plan Width": 4, "Actual Rows": 3787, "Actual Loops": 1, "Sort Key": ["p.owneruserid"], "Sort Method": "quicksort", "Sort Space Used": 97, "Sort Space Type": "Memory", "Plans": [{"Node Type": "Seq Scan", "Parent Relationship": "Outer", "Parallel Aware": false, "Async Capable": false, "Relation Name": "posts", "Alias": "p", "Startup Cost": 0.0, "Total Cost": 2679.52, "Plan Rows": 4106, "Plan Width": 4, "Actual Rows": 4081, "Actual Loops": 1, "Filter": "((answercount >= 1) AND (answercount <= 111) AND (creationdate >= '2010-02-07 05:38:31'::timestamp without time zone) AND (creationdate <= '2011-08-15 18:12:07'::timestamp without time zone))", "Rows Removed by Filter": 87895}]}]}, {"Node Type": "Index Scan", "Parent Relationship": "Inner", "Parallel Aware": false, "Async Capable": false, "Scan Direction": "Forward", "Index Name": "idx_comments_userid", "Relation Name": "comments", "Alias": "c", "Startup Cost": 0.29, "Total Cost": 2.05, "Plan Rows": 1, "Plan Width": 4, "Actual Rows": 1, "Actual Loops": 130, "Index Cond": "(userid = p.owneruserid)", "Rows Removed by Index Recheck": 0, "Filter": "(score = 7)", "Rows Removed by Filter": 423}]}, {"Node Type": "Index Scan", "Parent Relationship": "Inner", "Parallel Aware": false, "Async Capable": false, "Scan Direction": "Forward", "Index Name": "idx_posthistory_userid", "Relation Name": "posthistory", "Alias": "ph", "Startup Cost": 0.42, "Total Cost": 3.16, "Plan Rows": 2, "Plan Width": 4, "Actual Rows": 785, "Actual Loops": 101, "Index Cond": "(userid = p.owneruserid)", "Rows Removed by Index Recheck": 0, "Filter": "(creationdate <= '2011-09-26 15:51:03'::timestamp without time zone)", "Rows Removed by Filter": 1627}]}]}]}]}, "Planning Time": 4.514, "Triggers": [], "Execution Time": 122.086}, {"Plan": {"Node Type": "Aggregate", "Strategy": "Plain", "Partial Mode": "Simple", "Parallel Aware": false, "Async Capable": false, "Startup Cost": 3193.96, "Total Cost": 3193.97, "Plan Rows": 1, "Plan Width": 8, "Actual Rows": 1, "Actual Loops": 1, "Plans": [{"Node Type": "Nested Loop", "Parent Relationship": "Outer", "Parallel Aware": false, "Async Capable": false, "Join Type": "Inner", "Startup Cost": 1.72, "Total Cost": 3193.46, "Plan Rows": 1.0, "Plan Width": 0, "Actual Rows": 2520, "Actual Loops": 1, "Inner Unique": false, "Join Filter": "(ph.userid = v.userid)", "Rows Removed by Join Filter": 0, "Plans": [{"Node Type": "Nested Loop", "Parent Relationship": "Outer", "Parallel Aware": false, "Async Capable": false, "Join Type": "Inner", "Startup Cost": 1.3, "Total Cost": 3191.88, "Plan Rows": 1.0, "Plan Width": 16, "Actual Rows": 24, "Actual Loops": 1, "Inner Unique": false, "Join Filter": "(c.userid = v.userid)", "Rows Removed by Join Filter": 0, "Plans": [{"Node Type": "Nested Loop", "Parent Relationship": "Outer", "Parallel Aware": false, "Async Capable": false, "Join Type": "Inner", "Startup Cost": 1.0, "Total Cost": 3190.81, "Plan Rows": 5.0, "Plan Width": 12, "Actual Rows": 65, "Actual Loops": 1, "Inner Unique": false, "Join Filter": "(p.owneruserid = v.userid)", "Rows Removed by Join Filter": 0, "Plans": [{"Node Type": "Merge Join", "Parent Relationship": "Outer", "Parallel Aware": false, "Async Capable": false, "Join Type": "Inner", "Startup Cost": 0.71, "Total Cost": 3189.34, "Plan Rows": 49.0, "Plan Width": 8, "Actual Rows": 9, "Actual Loops": 1, "Inner Unique": true, "Merge Cond": "(v.userid = u.id)", "Plans": [{"Node Type": "Index Scan", "Parent Relationship": "Outer", "Parallel Aware": false, "Async Capable": false, "Scan Direction": "Forward", "Index Name": "idx_votes_userid", "Relation Name": "votes", "Alias": "v", "Startup Cost": 0.42, "Total Cost": 13242.63, "Plan Rows": 53, "Plan Width": 4, "Actual Rows": 34, "Actual Loops": 1, "Filter": "((bountyamount >= 19) AND (creationdate >= '2014-08-12 16:17:30'::timestamp without time zone))", "Rows Removed by Filter": 33669}, {"Node Type": "Index Scan", "Parent Relationship": "Inner", "Parallel Aware": false, "Async Capable": false, "Scan Direction": "Forward", "Index Name": "users_pkey", "Relation Name": "users", "Alias": "u", "Startup Cost": 0.29, "Total Cost": 1659.6, "Plan Rows": 12063, "Plan Width": 4, "Actual Rows": 12061, "Actual Loops": 1, "Filter": "((upvotes <= 7747) AND (creationdate >= '2010-11-17 13:07:32'::timestamp without time zone) AND (creationdate <= '2012-12-19 02:11:32'::timestamp without time zone))", "Rows Removed by Filter": 28264}]}, {"Node Type": "Index Scan", "Parent Relationship": "Inner", "Parallel Aware": false, "Async Capable": false, "Scan Direction": "Forward", "Index Name": "idx_posts_owneruserid", "Relation Name": "posts", "Alias": "p", "Startup Cost": 0.29, "Total Cost": 0.72, "Plan Rows": 1, "Plan Width": 4, "Actual Rows": 7, "Actual Loops": 9, "Index Cond": "(owneruserid = u.id)", "Rows Removed by Index Recheck": 0, "Filter": "((answercount >= 1) AND (answercount <= 111) AND (creationdate >= '2010-02-07 05:38:31'::timestamp without time zone) AND (creationdate <= '2011-08-15 18:12:07'::timestamp without time zone))", "Rows Removed by Filter": 76}]}, {"Node Type": "Index Scan", "Parent Relationship": "Inner", "Parallel Aware": false, "Async Capable": false, "Scan Direction": "Forward", "Index Name": "idx_comments_userid", "Relation Name": "comments", "Alias": "c", "Startup Cost": 0.29, "Total Cost": 1.06, "Plan Rows": 1, "Plan Width": 4, "Actual Rows": 0, "Actual Loops": 65, "Index Cond": "(userid = u.id)", "Rows Removed by Index Recheck": 0, "Filter": "(score = 7)", "Rows Removed by Filter": 308}]}, {"Node Type": "Index Scan", "Parent Relationship": "Inner", "Parallel Aware": false, "Async Capable": false, "Scan Direction": "Forward", "Index Name": "idx_posthistory_userid", "Relation Name": "posthistory", "Alias": "ph", "Startup Cost": 0.42, "Total Cost": 1.55, "Plan Rows": 2, "Plan Width": 4, "Actual Rows": 105, "Actual Loops": 24, "Index Cond": "(userid = u.id)", "Rows Removed by Index Recheck": 0, "Filter": "(creationdate <= '2011-09-26 15:51:03'::timestamp without time zone)", "Rows Removed by Filter": 1160}]}]}, "Planning Time": 4.276, "Triggers": [], "Execution Time": 44.342}, {"Plan": {"Node Type": "Aggregate", "Strategy": "Plain", "Partial Mode": "Finalize", "Parallel Aware": false, "Async Capable": false, "Startup Cost": 10455.73, "Total Cost": 10455.74, "Plan Rows": 1, "Plan Width": 8, "Actual Rows": 1, "Actual Loops": 1, "Plans": [{"Node Type": "Gather", "Parent Relationship": "Outer", "Parallel Aware": false, "Async Capable": false, "Startup Cost": 10455.61, "Total Cost": 10455.72, "Plan Rows": 1, "Plan Width": 8, "Actual Rows": 2, "Actual Loops": 1, "Workers Planned": 1, "Workers Launched": 1, "Single Copy": false, "Plans": [{"Node Type": "Aggregate", "Strategy": "Plain", "Partial Mode": "Partial", "Parent Relationship": "Outer", "Parallel Aware": false, "Async Capable": false, "Startup Cost": 9455.61, "Total Cost": 9455.62, "Plan Rows": 1, "Plan Width": 8, "Actual Rows": 1, "Actual Loops": 2, "Workers": [], "Plans": [{"Node Type": "Hash Join", "Parent Relationship": "Outer", "Parallel Aware": true, "Async Capable": false, "Join Type": "Inner", "Startup Cost": 3323.98, "Total Cost": 9455.32, "Plan Rows": 1.0, "Plan Width": 0, "Actual Rows": 1260, "Actual Loops": 2, "Inner Unique": false, "Hash Cond": "(v.userid = u.id)", "Workers": [], "Plans": [{"Node Type": "Nested Loop", "Parent Relationship": "Outer", "Parallel Aware": false, "Async Capable": false, "Join Type": "Inner", "Startup Cost": 0.42, "Total Cost": 6131.07, "Plan Rows": 177.0, "Plan Width": 8, "Actual Rows": 1492, "Actual Loops": 2, "Inner Unique": false, "Workers": [], "Plans": [{"Node Type": "Seq Scan", "Parent Relationship": "Outer", "Parallel Aware": true, "Async Capable": false, "Relation Name": "votes", "Alias": "v", "Startup Cost": 0.0, "Total Cost": 5054.68, "Plan Rows": 31, "Plan Width": 4, "Actual Rows": 36, "Actual Loops": 2, "Filter": "((bountyamount >= 19) AND (creationdate >= '2014-08-12 16:17:30'::timestamp without time zone))", "Rows Removed by Filter": 163996, "Workers": []}, {"Node Type": "Index Scan", "Parent Relationship": "Inner", "Parallel Aware": false, "Async Capable": false, "Scan Direction": "Forward", "Index Name": "idx_posthistory_userid", "Relation Name": "posthistory", "Alias": "ph", "Startup Cost": 0.42, "Total Cost": 34.7, "Plan Rows": 2, "Plan Width": 4, "Actual Rows": 41, "Actual Loops": 73, "Index Cond": "(userid = v.userid)", "Rows Removed by Index Recheck": 0, "Filter": "(creationdate <= '2011-09-26 15:51:03'::timestamp without time zone)", "Rows Removed by Filter": 125, "Workers": []}]}, {"Node Type": "Hash", "Parent Relationship": "Inner", "Parallel Aware": true, "Async Capable": false, "Startup Cost": 3317.05, "Total Cost": 3317.05, "Plan Rows": 1.0, "Plan Width": 12, "Actual Rows": 32, "Actual Loops": 2, "Hash Buckets": 1024, "Original Hash Buckets": 1024, "Hash Batches": 1, "Original Hash Batches": 1, "Peak Memory Usage": 72, "Workers": [], "Plans": [{"Node Type": "Nested Loop", "Parent Relationship": "Outer", "Parallel Aware": false, "Async Capable": false, "Join Type": "Inner", "Startup Cost": 0.58, "Total Cost": 3317.05, "Plan Rows": 1.0, "Plan Width": 12, "Actual Rows": 32, "Actual Loops": 2, "Inner Unique": false, "Workers": [], "Plans": [{"Node Type": "Nested Loop", "Parent Relationship": "Outer", "Parallel Aware": false, "Async Capable": false, "Join Type": "Inner", "Startup Cost": 0.29, "Total Cost": 3290.62, "Plan Rows": 25.0, "Plan Width": 8, "Actual Rows": 38, "Actual Loops": 2, "Inner Unique": true, "Workers": [], "Plans": [{"Node Type": "Seq Scan", "Parent Relationship": "Outer", "Parallel Aware": true, "Async Capable": false, "Relation Name": "comments", "Alias": "c", "Startup Cost": 0.0, "Total Cost": 2625.65, "Plan Rows": 124, "Plan Width": 4, "Actual Rows": 106, "Actual Loops": 2, "Filter": "(score = 7)", "Rows Removed by Filter": 87047, "Workers": []}, {"Node Type": "Index Scan", "Parent Relationship": "Inner", "Parallel Aware": false, "Async Capable": false, "Scan Direction": "Forward", "Index Name": "users_pkey", "Relation Name": "users", "Alias": "u", "Startup Cost": 0.29, "Total Cost": 5.36, "Plan Rows": 1, "Plan Width": 4, "Actual Rows": 0, "Actual Loops": 211, "Index Cond": "(id = c.userid)", "Rows Removed by Index Recheck": 0, "Filter": "((upvotes <= 7747) AND (creationdate >= '2010-11-17 13:07:32'::timestamp without time zone) AND (creationdate <= '2012-12-19 02:11:32'::timestamp without time zone))", "Rows Removed by Filter": 1, "Workers": []}]}, {"Node Type": "Index Scan", "Parent Relationship": "Inner", "Parallel Aware": false, "Async Capable": false, "Scan Direction": "Forward", "Index Name": "idx_posts_owneruserid", "Relation Name": "posts", "Alias": "p", "Startup Cost": 0.29, "Total Cost": 0.72, "Plan Rows": 1, "Plan Width": 4, "Actual Rows": 1, "Actual Loops": 75, "Index Cond": "(owneruserid = u.id)", "Rows Removed by Index Recheck": 0, "Filter": "((answercount >= 1) AND (answercount <= 111) AND (creationdate >= '2010-02-07 05:38:31'::timestamp without time zone) AND (creationdate <= '2011-08-15 18:12:07'::timestamp without time zone))", "Rows Removed by Filter": 163, "Workers": []}]}]}]}]}]}]}, "Planning Time": 5.394, "Triggers": [], "Execution Time": 82.975}, {"Plan": {"Node Type": "Aggregate", "Strategy": "Plain", "Partial Mode": "Simple", "Parallel Aware": false, "Async Capable": false, "Startup Cost": 11087.39, "Total Cost": 11087.4, "Plan Rows": 1, "Plan Width": 8, "Actual Rows": 1, "Actual Loops": 1, "Plans": [{"Node Type": "Merge Join", "Parent Relationship": "Outer", "Parallel Aware": false, "Async Capable": false, "Join Type": "Inner", "Startup Cost": 6458.0, "Total Cost": 11086.89, "Plan Rows": 1.0, "Plan Width": 0, "Actual Rows": 2520, "Actual Loops": 1, "Inner Unique": false, "Merge Cond": "(u.id = v.userid)", "Plans": [{"Node Type": "Nested Loop", "Parent Relationship": "Outer", "Parallel Aware": false, "Async Capable": false, "Join Type": "Inner", "Startup Cost": 2926.66, "Total Cost": 6551.81, "Plan Rows": 4.0, "Plan Width": 12, "Actual Rows": 54533, "Actual Loops": 1, "Inner Unique": false, "Plans": [{"Node Type": "Merge Join", "Parent Relationship": "Outer", "Parallel Aware": false, "Async Capable": false, "Join Type": "Inner", "Startup Cost": 2926.24, "Total Cost": 4648.03, "Plan Rows": 5.0, "Plan Width": 8, "Actual Rows": 1933, "Actual Loops": 1, "Inner Unique": false, "Merge Cond": "(u.id = p.owneruserid)", "Plans": [{"Node Type": "Index Scan", "Parent Relationship": "Outer", "Parallel Aware": false, "Async Capable": false, "Scan Direction": "Forward", "Index Name": "users_pkey", "Relation Name": "users", "Alias": "u", "Startup Cost": 0.29, "Total Cost": 1659.6, "Plan Rows": 12063, "Plan Width": 4, "Actual Rows": 12059, "Actual Loops": 1, "Filter": "((upvotes <= 7747) AND (creationdate >= '2010-11-17 13:07:32'::timestamp without time zone) AND (creationdate <= '2012-12-19 02:11:32'::timestamp without time zone))", "Rows Removed by Filter": 6468}, {"Node Type": "Sort", "Parent Relationship": "Inner", "Parallel Aware": false, "Async Capable": false, "Startup Cost": 2925.95, "Total Cost": 2936.22, "Plan Rows": 4106, "Plan Width": 4, "Actual Rows": 3784, "Actual Loops": 1, "Sort Key": ["p.owneruserid"], "Sort Method": "quicksort", "Sort Space Used": 97, "Sort Space Type": "Memory", "Plans": [{"Node Type": "Seq Scan", "Parent Relationship": "Outer", "Parallel Aware": false, "Async Capable": false, "Relation Name": "posts", "Alias": "p", "Startup Cost": 0.0, "Total Cost": 2679.52, "Plan Rows": 4106, "Plan Width": 4, "Actual Rows": 4081, "Actual Loops": 1, "Filter": "((answercount >= 1) AND (answercount <= 111) AND (creationdate >= '2010-02-07 05:38:31'::timestamp without time zone) AND (creationdate <= '2011-08-15 18:12:07'::timestamp without time zone))", "Rows Removed by Filter": 87895}]}]}, {"Node Type": "Index Scan", "Parent Relationship": "Inner", "Parallel Aware": false, "Async Capable": false, "Scan Direction": "Forward", "Index Name": "idx_posthistory_userid", "Relation Name": "posthistory", "Alias": "ph", "Startup Cost": 0.42, "Total Cost": 1.55, "Plan Rows": 2, "Plan Width": 4, "Actual Rows": 28, "Actual Loops": 1933, "Index Cond": "(userid = u.id)", "Rows Removed by Index Recheck": 0, "Filter": "(creationdate <= '2011-09-26 15:51:03'::timestamp without time zone)", "Rows Removed by Filter": 31}]}, {"Node Type": "Materialize", "Parent Relationship": "Inner", "Parallel Aware": false, "Async Capable": false, "Startup Cost": 3531.33, "Total Cost": 5031.54, "Plan Rows": 36.0, "Plan Width": 8, "Actual Rows": 2528, "Actual Loops": 1, "Plans": [{"Node Type": "Merge Join", "Parent Relationship": "Outer", "Parallel Aware": false, "Async Capable": false, "Join Type": "Inner", "Startup Cost": 3531.33, "Total Cost": 5031.54, "Plan Rows": 36.0, "Plan Width": 8, "Actual Rows": 14, "Actual Loops": 1, "Inner Unique": false, "Merge Cond": "(v.userid = c.userid)", "Plans": [{"Node Type": "Index Scan", "Parent Relationship": "Outer", "Parallel Aware": false, "Async Capable": false, "Scan Direction": "Forward", "Index Name": "idx_votes_userid", "Relation Name": "votes", "Alias": "v", "Startup Cost": 0.42, "Total Cost": 13242.63, "Plan Rows": 53, "Plan Width": 4, "Actual Rows": 33, "Actual Loops": 1, "Filter": "((bountyamount >= 19) AND (creationdate >= '2014-08-12 16:17:30'::timestamp without time zone))", "Rows Removed by Filter": 33420}, {"Node Type": "Sort", "Parent Relationship": "Inner", "Parallel Aware": false, "Async Capable": false, "Startup Cost": 3530.91, "Total Cost": 3531.44, "Plan Rows": 210, "Plan Width": 4, "Actual Rows": 207, "Actual Loops": 1, "Sort Key": ["c.userid"], "Sort Method": "quicksort", "Sort Space Used": 25, "Sort Space Type": "Memory", "Plans": [{"Node Type": "Seq Scan", "Parent Relationship": "Outer", "Parallel Aware": false, "Async Capable": false, "Relation Name": "comments", "Alias": "c", "Startup Cost": 0.0, "Total Cost": 3522.81, "Plan Rows": 210, "Plan Width": 4, "Actual Rows": 211, "Actual Loops": 1, "Filter": "(score = 7)", "Rows Removed by Filter": 174094}]}]}]}]}]}, "Planning Time": 4.765, "Triggers": [], "Execution Time": 143.02}, {"Plan": {"Node Type": "Aggregate", "Strategy": "Plain", "Partial Mode": "Finalize", "Parallel Aware": false, "Async Capable": false, "Startup Cost": 10832.69, "Total Cost": 10832.7, "Plan Rows": 1, "Plan Width": 8, "Actual Rows": 1, "Actual Loops": 1, "Plans": [{"Node Type": "Gather", "Parent Relationship": "Outer", "Parallel Aware": false, "Async Capable": false, "Startup Cost": 10832.57, "Total Cost": 10832.68, "Plan Rows": 1, "Plan Width": 8, "Actual Rows": 2, "Actual Loops": 1, "Workers Planned": 1, "Workers Launched": 1, "Single Copy": false, "Plans": [{"Node Type": "Aggregate", "Strategy": "Plain", "Partial Mode": "Partial", "Parent Relationship": "Outer", "Parallel Aware": false, "Async Capable": false, "Startup Cost": 9832.57, "Total Cost": 9832.58, "Plan Rows": 1, "Plan Width": 8, "Actual Rows": 1, "Actual Loops": 2, "Workers": [], "Plans": [{"Node Type": "Hash Join", "Parent Relationship": "Outer", "Parallel Aware": true, "Async Capable": false, "Join Type": "Inner", "Startup Cost": 8703.81, "Total Cost": 9832.28, "Plan Rows": 1.0, "Plan Width": 0, "Actual Rows": 1260, "Actual Loops": 2, "Inner Unique": false, "Hash Cond": "(v.userid = u.id)", "Workers": [], "Plans": [{"Node Type": "Nested Loop", "Parent Relationship": "Outer", "Parallel Aware": false, "Async Capable": false, "Join Type": "Inner", "Startup Cost": 2926.67, "Total Cost": 4055.07, "Plan Rows": 3.0, "Plan Width": 12, "Actual Rows": 50, "Actual Loops": 2, "Inner Unique": false, "Join Filter": "(c.userid = v.userid)", "Rows Removed by Join Filter": 0, "Workers": [], "Plans": [{"Node Type": "Merge Join", "Parent Relationship": "Outer", "Parallel Aware": false, "Async Capable": false, "Join Type": "Inner", "Startup Cost": 2926.37, "Total Cost": 4032.44, "Plan Rows": 35.0, "Plan Width": 8, "Actual Rows": 65, "Actual Loops": 2, "Inner Unique": false, "Merge Cond": "(v.userid = p.owneruserid)", "Workers": [], "Plans": [{"Node Type": "Index Scan", "Parent Relationship": "Outer", "Parallel Aware": true, "Async Capable": false, "Scan Direction": "Forward", "Index Name": "idx_votes_userid", "Relation Name": "votes", "Alias": "v", "Startup Cost": 0.42, "Total Cost": 11216.36, "Plan Rows": 31, "Plan Width": 4, "Actual Rows": 12, "Actual Loops": 2, "Filter": "((bountyamount >= 19) AND (creationdate >= '2014-08-12 16:17:30'::timestamp without time zone))", "Rows Removed by Filter": 13838, "Workers": []}, {"Node Type": "Sort", "Parent Relationship": "Inner", "Parallel Aware": false, "Async Capable": false, "Startup Cost": 2925.95, "Total Cost": 2936.22, "Plan Rows": 4106, "Plan Width": 4, "Actual Rows": 3786, "Actual Loops": 2, "Sort Key": ["p.owneruserid"], "Sort Method": "quicksort", "Sort Space Used": 97, "Sort Space Type": "Memory", "Workers": [{"Worker Number": 0, "Sort Method": "quicksort", "Sort Space Used": 97, "Sort Space Type": "Memory"}], "Plans": [{"Node Type": "Seq Scan", "Parent Relationship": "Outer", "Parallel Aware": false, "Async Capable": false, "Relation Name": "posts", "Alias": "p", "Startup Cost": 0.0, "Total Cost": 2679.52, "Plan Rows": 4106, "Plan Width": 4, "Actual Rows": 4081, "Actual Loops": 2, "Filter": "((answercount >= 1) AND (answercount <= 111) AND (creationdate >= '2010-02-07 05:38:31'::timestamp without time zone) AND (creationdate <= '2011-08-15 18:12:07'::timestamp without time zone))", "Rows Removed by Filter": 87895, "Workers": []}]}]}, {"Node Type": "Index Scan", "Parent Relationship": "Inner", "Parallel Aware": false, "Async Capable": false, "Scan Direction": "Forward", "Index Name": "idx_comments_userid", "Relation Name": "comments", "Alias": "c", "Startup Cost": 0.29, "Total Cost": 2.05, "Plan Rows": 1, "Plan Width": 4, "Actual Rows": 1, "Actual Loops": 130, "Index Cond": "(userid = p.owneruserid)", "Rows Removed by Index Recheck": 0, "Filter": "(score = 7)", "Rows Removed by Filter": 423, "Workers": []}]}, {"Node Type": "Hash", "Parent Relationship": "Inner", "Parallel Aware": true, "Async Capable": false, "Startup Cost": 5689.18, "Total Cost": 5689.18, "Plan Rows": 46.0, "Plan Width": 8, "Actual Rows": 7618, "Actual Loops": 2, "Hash Buckets": 16384, "Original Hash Buckets": 16384, "Hash Batches": 1, "Original Hash Batches": 1, "Peak Memory Usage": 768, "Workers": [], "Plans": [{"Node Type": "Hash Join", "Parent Relationship": "Outer", "Parallel Aware": false, "Async Capable": false, "Join Type": "Inner", "Startup Cost": 1153.48, "Total Cost": 5689.18, "Plan Rows": 46.0, "Plan Width": 8, "Actual Rows": 7618, "Actual Loops": 2, "Inner Unique": true, "Hash Cond": "(ph.userid = u.id)", "Workers": [], "Plans": [{"Node Type": "Seq Scan", "Parent Relationship": "Outer", "Parallel Aware": true, "Async Capable": false, "Relation Name": "posthistory", "Alias": "ph", "Startup Cost": 0.0, "Total Cost": 4469.32, "Plan Rows": 25285, "Plan Width": 4, "Actual Rows": 21385, "Actual Loops": 2, "Filter": "(creationdate <= '2011-09-26 15:51:03'::timestamp without time zone)", "Rows Removed by Filter": 130208, "Workers": []}, {"Node Type": "Hash", "Parent Relationship": "Inner", "Parallel Aware": false, "Async Capable": false, "Startup Cost": 1002.69, "Total Cost": 1002.69, "Plan Rows": 12063, "Plan Width": 4, "Actual Rows": 12061, "Actual Loops": 2, "Hash Buckets": 16384, "Original Hash Buckets": 16384, "Hash Batches": 1, "Original Hash Batches": 1, "Peak Memory Usage": 553, "Workers": [], "Plans": [{"Node Type": "Seq Scan", "Parent Relationship": "Outer", "Parallel Aware": false, "Async Capable": false, "Relation Name": "users", "Alias": "u", "Startup Cost": 0.0, "Total Cost": 1002.69, "Plan Rows": 12063, "Plan Width": 4, "Actual Rows": 12061, "Actual Loops": 2, "Filter": "((upvotes <= 7747) AND (creationdate >= '2010-11-17 13:07:32'::timestamp without time zone) AND (creationdate <= '2012-12-19 02:11:32'::timestamp without time zone))", "Rows Removed by Filter": 28264, "Workers": []}]}]}]}]}]}]}]}, "Planning Time": 9.639, "Triggers": [], "Execution Time": 110.889}, {"Plan": {"Node Type": "Aggregate", "Strategy": "Plain", "Partial Mode": "Finalize", "Parallel Aware": false, "Async Capable": false, "Startup Cost": 9918.99, "Total Cost": 9919.0, "Plan Rows": 1, "Plan Width": 8, "Actual Rows": 1, "Actual Loops": 1, "Plans": [{"Node Type": "Gather", "Parent Relationship": "Outer", "Parallel Aware": false, "Async Capable": false, "Startup Cost": 9918.88, "Total Cost": 9918.99, "Plan Rows": 1, "Plan Width": 8, "Actual Rows": 2, "Actual Loops": 1, "Workers Planned": 1, "Workers Launched": 1, "Single Copy": false, "Plans": [{"Node Type": "Aggregate", "Strategy": "Plain", "Partial Mode": "Partial", "Parent Relationship": "Outer", "Parallel Aware": false, "Async Capable": false, "Startup Cost": 8918.88, "Total Cost": 8918.89, "Plan Rows": 1, "Plan Width": 8, "Actual Rows": 1, "Actual Loops": 2, "Workers": [], "Plans": [{"Node Type": "Hash Join", "Parent Relationship": "Outer", "Parallel Aware": true, "Async Capable": false, "Join Type": "Inner", "Startup Cost": 6110.18, "Total Cost": 8918.59, "Plan Rows": 1.0, "Plan Width": 0, "Actual Rows": 1260, "Actual Loops": 2, "Inner Unique": false, "Hash Cond": "(v.userid = c.userid)", "Workers": [], "Plans": [{"Node Type": "Nested Loop", "Parent Relationship": "Outer", "Parallel Aware": false, "Async Capable": false, "Join Type": "Inner", "Startup Cost": 1.0, "Total Cost": 2776.35, "Plan Rows": 5.0, "Plan Width": 12, "Actual Rows": 32, "Actual Loops": 2, "Inner Unique": false, "Join Filter": "(p.owneruserid = v.userid)", "Rows Removed by Join Filter": 0, "Workers": [], "Plans": [{"Node Type": "Merge Join", "Parent Relationship": "Outer", "Parallel Aware": false, "Async Capable": false, "Join Type": "Inner", "Startup Cost": 0.71, "Total Cost": 2775.61, "Plan Rows": 49.0, "Plan Width": 8, "Actual Rows": 4, "Actual Loops": 2, "Inner Unique": true, "Merge Cond": "(v.userid = u.id)", "Workers": [], "Plans": [{"Node Type": "Index Scan", "Parent Relationship": "Outer", "Parallel Aware": true, "Async Capable": false, "Scan Direction": "Forward", "Index Name": "idx_votes_userid", "Relation Name": "votes", "Alias": "v", "Startup Cost": 0.42, "Total Cost": 11216.36, "Plan Rows": 31, "Plan Width": 4, "Actual Rows": 18, "Actual Loops": 2, "Filter": "((bountyamount >= 19) AND (creationdate >= '2014-08-12 16:17:30'::timestamp without time zone))", "Rows Removed by Filter": 17041, "Workers": []}, {"Node Type": "Index Scan", "Parent Relationship": "Inner", "Parallel Aware": false, "Async Capable": false, "Scan Direction": "Forward", "Index Name": "users_pkey", "Relation Name": "users", "Alias": "u", "Startup Cost": 0.29, "Total Cost": 1659.6, "Plan Rows": 12063, "Plan Width": 4, "Actual Rows": 12061, "Actual Loops": 2, "Filter": "((upvotes <= 7747) AND (creationdate >= '2010-11-17 13:07:32'::timestamp without time zone) AND (creationdate <= '2012-12-19 02:11:32'::timestamp without time zone))", "Rows Removed by Filter": 28264, "Workers": []}]}, {"Node Type": "Index Scan", "Parent Relationship": "Inner", "Parallel Aware": false, "Async Capable": false, "Scan Direction": "Forward", "Index Name": "idx_posts_owneruserid", "Relation Name": "posts", "Alias": "p", "Startup Cost": 0.29, "Total Cost": 0.72, "Plan Rows": 1, "Plan Width": 4, "Actual Rows": 7, "Actual Loops": 9, "Index Cond": "(owneruserid = u.id)", "Rows Removed by Index Recheck": 0, "Filter": "((answercount >= 1) AND (answercount <= 111) AND (creationdate >= '2010-02-07 05:38:31'::timestamp without time zone) AND (creationdate <= '2011-08-15 18:12:07'::timestamp without time zone))", "Rows Removed by Filter": 76, "Workers": []}]}, {"Node Type": "Hash", "Parent Relationship": "Inner", "Parallel Aware": true, "Async Capable": false, "Startup Cost": 5779.03, "Total Cost": 5779.03, "Plan Rows": 38.0, "Plan Width": 8, "Actual Rows": 47157, "Actual Loops": 2, "Hash Buckets": 131072, "Original Hash Buckets": 65536, "Hash Batches": 1, "Original Hash Batches": 1, "Peak Memory Usage": 5280, "Workers": [], "Plans": [{"Node Type": "Nested Loop", "Parent Relationship": "Outer", "Parallel Aware": false, "Async Capable": false, "Join Type": "Inner", "Startup Cost": 0.42, "Total Cost": 5779.03, "Plan Rows": 38.0, "Plan Width": 8, "Actual Rows": 47157, "Actual Loops": 2, "Inner Unique": false, "Workers": [], "Plans": [{"Node Type": "Seq Scan", "Parent Relationship": "Outer", "Parallel Aware": true, "Async Capable": false, "Relation Name": "comments", "Alias": "c", "Startup Cost": 0.0, "Total Cost": 2625.65, "Plan Rows": 124, "Plan Width": 4, "Actual Rows": 106, "Actual Loops": 2, "Filter": "(score = 7)", "Rows Removed by Filter": 87047, "Workers": []}, {"Node Type": "Index Scan", "Parent Relationship": "Inner", "Parallel Aware": false, "Async Capable": false, "Scan Direction": "Forward", "Index Name": "idx_posthistory_userid", "Relation Name": "posthistory", "Alias": "ph", "Startup Cost": 0.42, "Total Cost": 25.41, "Plan Rows": 2, "Plan Width": 4, "Actual Rows": 447, "Actual Loops": 211, "Index Cond": "(userid = c.userid)", "Rows Removed by Index Recheck": 0, "Filter": "(creationdate <= '2011-09-26 15:51:03'::timestamp without time zone)", "Rows Removed by Filter": 2231, "Workers": []}]}]}]}]}]}]}, "Planning Time": 9.813, "Triggers": [], "Execution Time": 217.03}, {"Plan": {"Node Type": "Aggregate", "Strategy": "Plain", "Partial Mode": "Simple", "Parallel Aware": false, "Async Capable": false, "Startup Cost": 7607.76, "Total Cost": 7607.77, "Plan Rows": 1, "Plan Width": 8, "Actual Rows": 1, "Actual Loops": 1, "Plans": [{"Node Type": "Merge Join", "Parent Relationship": "Outer", "Parallel Aware": false, "Async Capable": false, "Join Type": "Inner", "Startup Cost": 7437.49, "Total Cost": 7607.26, "Plan Rows": 1.0, "Plan Width": 0, "Actual Rows": 2520, "Actual Loops": 1, "Inner Unique": false, "Merge Cond": "(v.userid = u.id)", "Plans": [{"Node Type": "Nested Loop", "Parent Relationship": "Outer", "Parallel Aware": false, "Async Capable": false, "Join Type": "Inner", "Startup Cost": 3531.76, "Total Cost": 5082.41, "Plan Rows": 16.0, "Plan Width": 12, "Actual Rows": 8793, "Actual Loops": 1, "Inner Unique": false, "Join Filter": "(ph.userid = v.userid)", "Rows Removed by Join Filter": 0, "Plans": [{"Node Type": "Merge Join", "Parent Relationship": "Outer", "Parallel Aware": false, "Async Capable": false, "Join Type": "Inner", "Startup Cost": 3531.33, "Total Cost": 5031.54, "Plan Rows": 36.0, "Plan Width": 8, "Actual Rows": 14, "Actual Loops": 1, "Inner Unique": false, "Merge Cond": "(v.userid = c.userid)", "Plans": [{"Node Type": "Index Scan", "Parent Relationship": "Outer", "Parallel Aware": false, "Async Capable": false, "Scan Direction": "Forward", "Index Name": "idx_votes_userid", "Relation Name": "votes", "Alias": "v", "Startup Cost": 0.42, "Total Cost": 13242.63, "Plan Rows": 53, "Plan Width": 4, "Actual Rows": 35, "Actual Loops": 1, "Filter": "((bountyamount >= 19) AND (creationdate >= '2014-08-12 16:17:30'::timestamp without time zone))", "Rows Removed by Filter": 33924}, {"Node Type": "Sort", "Parent Relationship": "Inner", "Parallel Aware": false, "Async Capable": false, "Startup Cost": 3530.91, "Total Cost": 3531.44, "Plan Rows": 210, "Plan Width": 4, "Actual Rows": 209, "Actual Loops": 1, "Sort Key": ["c.userid"], "Sort Method": "quicksort", "Sort Space Used": 25, "Sort Space Type": "Memory", "Plans": [{"Node Type": "Seq Scan", "Parent Relationship": "Outer", "Parallel Aware": false, "Async Capable": false, "Relation Name": "comments", "Alias": "c", "Startup Cost": 0.0, "Total Cost": 3522.81, "Plan Rows": 210, "Plan Width": 4, "Actual Rows": 211, "Actual Loops": 1, "Filter": "(score = 7)", "Rows Removed by Filter": 174094}]}]}, {"Node Type": "Index Scan", "Parent Relationship": "Inner", "Parallel Aware": false, "Async Capable": false, "Scan Direction": "Forward", "Index Name": "idx_posthistory_userid", "Relation Name": "posthistory", "Alias": "ph", "Startup Cost": 0.42, "Total Cost": 25.41, "Plan Rows": 2, "Plan Width": 4, "Actual Rows": 628, "Actual Loops": 14, "Index Cond": "(userid = c.userid)", "Rows Removed by Index Recheck": 0, "Filter": "(creationdate <= '2011-09-26 15:51:03'::timestamp without time zone)", "Rows Removed by Filter": 1742}]}, {"Node Type": "Sort", "Parent Relationship": "Inner", "Parallel Aware": false, "Async Capable": false, "Startup Cost": 3905.73, "Total Cost": 3908.76, "Plan Rows": 5.0, "Plan Width": 8, "Actual Rows": 4200, "Actual Loops": 1, "Sort Key": ["p.owneruserid"], "Sort Method": "quicksort", "Sort Space Used": 109, "Sort Space Type": "Memory", "Plans": [{"Node Type": "Hash Join", "Parent Relationship": "Outer", "Parallel Aware": false, "Async Capable": false, "Join Type": "Inner", "Startup Cost": 1153.48, "Total Cost": 3843.77, "Plan Rows": 5.0, "Plan Width": 8, "Actual Rows": 1933, "Actual Loops": 1, "Inner Unique": true, "Hash Cond": "(p.owneruserid = u.id)", "Plans": [{"Node Type": "Seq Scan", "Parent Relationship": "Outer", "Parallel Aware": false, "Async Capable": false, "Relation Name": "posts", "Alias": "p", "Startup Cost": 0.0, "Total Cost": 2679.52, "Plan Rows": 4106, "Plan Width": 4, "Actual Rows": 4081, "Actual Loops": 1, "Filter": "((answercount >= 1) AND (answercount <= 111) AND (creationdate >= '2010-02-07 05:38:31'::timestamp without time zone) AND (creationdate <= '2011-08-15 18:12:07'::timestamp without time zone))", "Rows Removed by Filter": 87895}, {"Node Type": "Hash", "Parent Relationship": "Inner", "Parallel Aware": false, "Async Capable": false, "Startup Cost": 1002.69, "Total Cost": 1002.69, "Plan Rows": 12063, "Plan Width": 4, "Actual Rows": 12061, "Actual Loops": 1, "Hash Buckets": 16384, "Original Hash Buckets": 16384, "Hash Batches": 1, "Original Hash Batches": 1, "Peak Memory Usage": 553, "Plans": [{"Node Type": "Seq Scan", "Parent Relationship": "Outer", "Parallel Aware": false, "Async Capable": false, "Relation Name": "users", "Alias": "u", "Startup Cost": 0.0, "Total Cost": 1002.69, "Plan Rows": 12063, "Plan Width": 4, "Actual Rows": 12061, "Actual Loops": 1, "Filter": "((upvotes <= 7747) AND (creationdate >= '2010-11-17 13:07:32'::timestamp without time zone) AND (creationdate <= '2012-12-19 02:11:32'::timestamp without time zone))", "Rows Removed by Filter": 28264}]}]}]}]}]}, "Planning Time": 4.764, "Triggers": [], "Execution Time": 118.595}, {"Plan": {"Node Type": "Aggregate", "Strategy": "Plain", "Partial Mode": "Simple", "Parallel Aware": false, "Async Capable": false, "Startup Cost": 8481.68, "Total Cost": 8481.69, "Plan Rows": 1, "Plan Width": 8, "Actual Rows": 1, "Actual Loops": 1, "Plans": [{"Node Type": "Merge Join", "Parent Relationship": "Outer", "Parallel Aware": false, "Async Capable": false, "Join Type": "Inner", "Startup Cost": 6458.14, "Total Cost": 8481.18, "Plan Rows": 1.0, "Plan Width": 0, "Actual Rows": 2520, "Actual Loops": 1, "Inner Unique": false, "Merge Cond": "(v.userid = u.id)", "Plans": [{"Node Type": "Merge Join", "Parent Relationship": "Outer", "Parallel Aware": false, "Async Capable": false, "Join Type": "Inner", "Startup Cost": 2926.37, "Total Cost": 4446.22, "Plan Rows": 35.0, "Plan Width": 8, "Actual Rows": 130, "Actual Loops": 1, "Inner Unique": false, "Merge Cond": "(v.userid = p.owneruserid)", "Plans": [{"Node Type": "Index Scan", "Parent Relationship": "Outer", "Parallel Aware": false, "Async Capable": false, "Scan Direction": "Forward", "Index Name": "idx_votes_userid", "Relation Name": "votes", "Alias": "v", "Startup Cost": 0.42, "Total Cost": 13242.63, "Plan Rows": 53, "Plan Width": 4, "Actual Rows": 22, "Actual Loops": 1, "Filter": "((bountyamount >= 19) AND (creationdate >= '2014-08-12 16:17:30'::timestamp without time zone))", "Rows Removed by Filter": 27449}, {"Node Type": "Sort", "Parent Relationship": "Inner", "Parallel Aware": false, "Async Capable": false, "Startup Cost": 2925.95, "Total Cost": 2936.22, "Plan Rows": 4106, "Plan Width": 4, "Actual Rows": 3787, "Actual Loops": 1, "Sort Key": ["p.owneruserid"], "Sort Method": "quicksort", "Sort Space Used": 97, "Sort Space Type": "Memory", "Plans": [{"Node Type": "Seq Scan", "Parent Relationship": "Outer", "Parallel Aware": false, "Async Capable": false, "Relation Name": "posts", "Alias": "p", "Startup Cost": 0.0, "Total Cost": 2679.52, "Plan Rows": 4106, "Plan Width": 4, "Actual Rows": 4081, "Actual Loops": 1, "Filter": "((answercount >= 1) AND (answercount <= 111) AND (creationdate >= '2010-02-07 05:38:31'::timestamp without time zone) AND (creationdate <= '2011-08-15 18:12:07'::timestamp without time zone))", "Rows Removed by Filter": 87895}]}]}, {"Node Type": "Materialize", "Parent Relationship": "Inner", "Parallel Aware": false, "Async Capable": false, "Startup Cost": 3531.77, "Total Cost": 5352.9, "Plan Rows": 6.0, "Plan Width": 12, "Actual Rows": 8176, "Actual Loops": 1, "Plans": [{"Node Type": "Nested Loop", "Parent Relationship": "Outer", "Parallel Aware": false, "Async Capable": false, "Join Type": "Inner", "Startup Cost": 3531.77, "Total Cost": 5319.88, "Plan Rows": 6.0, "Plan Width": 12, "Actual Rows": 6286, "Actual Loops": 1, "Inner Unique": false, "Plans": [{"Node Type": "Merge Join", "Parent Relationship": "Outer", "Parallel Aware": false, "Async Capable": false, "Join Type": "Inner", "Startup Cost": 3531.34, "Total Cost": 5222.33, "Plan Rows": 25.0, "Plan Width": 8, "Actual Rows": 36, "Actual Loops": 1, "Inner Unique": false, "Merge Cond": "(u.id = c.userid)", "Plans": [{"Node Type": "Index Scan", "Parent Relationship": "Outer", "Parallel Aware": false, "Async Capable": false, "Scan Direction": "Forward", "Index Name": "users_pkey", "Relation Name": "users", "Alias": "u", "Startup Cost": 0.29, "Total Cost": 1659.6, "Plan Rows": 12063, "Plan Width": 4, "Actual Rows": 1312, "Actual Loops": 1, "Filter": "((upvotes <= 7747) AND (creationdate >= '2010-11-17 13:07:32'::timestamp without time zone) AND (creationdate <= '2012-12-19 02:11:32'::timestamp without time zone))", "Rows Removed by Filter": 1351}, {"Node Type": "Sort", "Parent Relationship": "Inner", "Parallel Aware": false, "Async Capable": false, "Startup Cost": 3530.91, "Total Cost": 3531.44, "Plan Rows": 210, "Plan Width": 4, "Actual Rows": 141, "Actual Loops": 1, "Sort Key": ["c.userid"], "Sort Method": "quicksort", "Sort Space Used": 25, "Sort Space Type": "Memory", "Plans": [{"Node Type": "Seq Scan", "Parent Relationship": "Outer", "Parallel Aware": false, "Async Capable": false, "Relation Name": "comments", "Alias": "c", "Startup Cost": 0.0, "Total Cost": 3522.81, "Plan Rows": 210, "Plan Width": 4, "Actual Rows": 211, "Actual Loops": 1, "Filter": "(score = 7)", "Rows Removed by Filter": 174094}]}]}, {"Node Type": "Index Scan", "Parent Relationship": "Inner", "Parallel Aware": false, "Async Capable": false, "Scan Direction": "Forward", "Index Name": "idx_posthistory_userid", "Relation Name": "posthistory", "Alias": "ph", "Startup Cost": 0.42, "Total Cost": 1.55, "Plan Rows": 2, "Plan Width": 4, "Actual Rows": 175, "Actual Loops": 36, "Index Cond": "(userid = u.id)", "Rows Removed by Index Recheck": 0, "Filter": "(creationdate <= '2011-09-26 15:51:03'::timestamp without time zone)", "Rows Removed by Filter": 644}]}]}]}]}, "Planning Time": 4.701, "Triggers": [], "Execution Time": 95.255}, {"Plan": {"Node Type": "Aggregate", "Strategy": "Plain", "Partial Mode": "Simple", "Parallel Aware": false, "Async Capable": false, "Startup Cost": 19416.43, "Total Cost": 19416.44, "Plan Rows": 1, "Plan Width": 8, "Actual Rows": 1, "Actual Loops": 1, "Plans": [{"Node Type": "Hash Join", "Parent Relationship": "Outer", "Parallel Aware": false, "Async Capable": false, "Join Type": "Inner", "Startup Cost": 3191.93, "Total Cost": 19415.93, "Plan Rows": 1.0, "Plan Width": 0, "Actual Rows": 2520, "Actual Loops": 1, "Inner Unique": false, "Hash Cond": "(p.owneruserid = v.userid)", "Plans": [{"Node Type": "Nested Loop", "Parent Relationship": "Outer", "Parallel Aware": false, "Async Capable": false, "Join Type": "Inner", "Startup Cost": 0.43, "Total Cost": 14932.8, "Plan Rows": 23.0, "Plan Width": 8, "Actual Rows": 307167, "Actual Loops": 1, "Inner Unique": false, "Plans": [{"Node Type": "Seq Scan", "Parent Relationship": "Outer", "Parallel Aware": false, "Async Capable": false, "Relation Name": "posts", "Alias": "p", "Startup Cost": 0.0, "Total Cost": 2679.52, "Plan Rows": 4106, "Plan Width": 4, "Actual Rows": 4081, "Actual Loops": 1, "Filter": "((answercount >= 1) AND (answercount <= 111) AND (creationdate >= '2010-02-07 05:38:31'::timestamp without time zone) AND (creationdate <= '2011-08-15 18:12:07'::timestamp without time zone))", "Rows Removed by Filter": 87895}, {"Node Type": "Memoize", "Parent Relationship": "Inner", "Parallel Aware": false, "Async Capable": false, "Startup Cost": 0.43, "Total Cost": 3.17, "Plan Rows": 2, "Plan Width": 4, "Actual Rows": 75, "Actual Loops": 4081, "Cache Key": "p.owneruserid", "Cache Mode": "logical", "Cache Hits": 2450, "Cache Misses": 1631, "Cache Evictions": 0, "Cache Overflows": 0, "Peak Memory Usage": 1263, "Plans": [{"Node Type": "Index Scan", "Parent Relationship": "Outer", "Parallel Aware": false, "Async Capable": false, "Scan Direction": "Forward", "Index Name": "idx_posthistory_userid", "Relation Name": "posthistory", "Alias": "ph", "Startup Cost": 0.42, "Total Cost": 3.16, "Plan Rows": 2, "Plan Width": 4, "Actual Rows": 20, "Actual Loops": 1631, "Index Cond": "(userid = p.owneruserid)", "Rows Removed by Index Recheck": 0, "Filter": "(creationdate <= '2011-09-26 15:51:03'::timestamp without time zone)", "Rows Removed by Filter": 25}]}]}, {"Node Type": "Hash", "Parent Relationship": "Inner", "Parallel Aware": false, "Async Capable": false, "Startup Cost": 3191.49, "Total Cost": 3191.49, "Plan Rows": 6.0, "Plan Width": 12, "Actual Rows": 7, "Actual Loops": 1, "Hash Buckets": 1024, "Original Hash Buckets": 1024, "Hash Batches": 1, "Original Hash Batches": 1, "Peak Memory Usage": 9, "Plans": [{"Node Type": "Nested Loop", "Parent Relationship": "Outer", "Parallel Aware": false, "Async Capable": false, "Join Type": "Inner", "Startup Cost": 1.01, "Total Cost": 3191.49, "Plan Rows": 6.0, "Plan Width": 12, "Actual Rows": 7, "Actual Loops": 1, "Inner Unique": false, "Join Filter": "(c.userid = v.userid)", "Rows Removed by Join Filter": 0, "Plans": [{"Node Type": "Merge Join", "Parent Relationship": "Outer", "Parallel Aware": false, "Async Capable": false, "Join Type": "Inner", "Startup Cost": 0.71, "Total Cost": 3189.34, "Plan Rows": 49.0, "Plan Width": 8, "Actual Rows": 9, "Actual Loops": 1, "Inner Unique": true, "Merge Cond": "(v.userid = u.id)", "Plans": [{"Node Type": "Index Scan", "Parent Relationship": "Outer", "Parallel Aware": false, "Async Capable": false, "Scan Direction": "Forward", "Index Name": "idx_votes_userid", "Relation Name": "votes", "Alias": "v", "Startup Cost": 0.42, "Total Cost": 13242.63, "Plan Rows": 53, "Plan Width": 4, "Actual Rows": 34, "Actual Loops": 1, "Filter": "((bountyamount >= 19) AND (creationdate >= '2014-08-12 16:17:30'::timestamp without time zone))", "Rows Removed by Filter": 33669}, {"Node Type": "Index Scan", "Parent Relationship": "Inner", "Parallel Aware": false, "Async Capable": false, "Scan Direction": "Forward", "Index Name": "users_pkey", "Relation Name": "users", "Alias": "u", "Startup Cost": 0.29, "Total Cost": 1659.6, "Plan Rows": 12063, "Plan Width": 4, "Actual Rows": 12061, "Actual Loops": 1, "Filter": "((upvotes <= 7747) AND (creationdate >= '2010-11-17 13:07:32'::timestamp without time zone) AND (creationdate <= '2012-12-19 02:11:32'::timestamp without time zone))", "Rows Removed by Filter": 28264}]}, {"Node Type": "Index Scan", "Parent Relationship": "Inner", "Parallel Aware": false, "Async Capable": false, "Scan Direction": "Forward", "Index Name": "idx_comments_userid", "Relation Name": "comments", "Alias": "c", "Startup Cost": 0.29, "Total Cost": 1.06, "Plan Rows": 1, "Plan Width": 4, "Actual Rows": 1, "Actual Loops": 9, "Index Cond": "(userid = u.id)", "Rows Removed by Index Recheck": 0, "Filter": "(score = 7)", "Rows Removed by Filter": 343}]}]}]}]}, "Planning Time": 4.808, "Triggers": [], "Execution Time": 190.127}]