[{"Plan": {"Node Type": "Aggregate", "Strategy": "Plain", "Partial Mode": "Simple", "Parallel Aware": false, "Async Capable": false, "Startup Cost": 1114.38, "Total Cost": 1114.39, "Plan Rows": 1, "Plan Width": 8, "Actual Rows": 1, "Actual Loops": 1, "Plans": [{"Node Type": "Nested Loop", "Parent Relationship": "Outer", "Parallel Aware": false, "Async Capable": false, "Join Type": "Inner", "Startup Cost": 0.59, "Total Cost": 1114.34, "Plan Rows": 2.0, "Plan Width": 0, "Actual Rows": 5680, "Actual Loops": 1, "Inner Unique": false, "Join Filter": "(c.userid = u.id)", "Rows Removed by Join Filter": 0, "Plans": [{"Node Type": "Nested Loop", "Parent Relationship": "Outer", "Parallel Aware": false, "Async Capable": false, "Join Type": "Inner", "Startup Cost": 0.29, "Total Cost": 1091.92, "Plan Rows": 1.0, "Plan Width": 8, "Actual Rows": 2, "Actual Loops": 1, "Inner Unique": false, "Plans": [{"Node Type": "Seq Scan", "Parent Relationship": "Outer", "Parallel Aware": false, "Async Capable": false, "Relation Name": "users", "Alias": "u", "Startup Cost": 0.0, "Total Cost": 1002.69, "Plan Rows": 6, "Plan Width": 4, "Actual Rows": 2, "Actual Loops": 1, "Filter": "((reputation >= 16922) AND (creationdate >= '2011-07-12 19:18:15'::timestamp without time zone) AND (creationdate <= '2013-09-24 22:49:07'::timestamp without time zone))", "Rows Removed by Filter": 40323}, {"Node Type": "Index Scan", "Parent Relationship": "Inner", "Parallel Aware": false, "Async Capable": false, "Scan Direction": "Forward", "Index Name": "idx_posts_owneruserid", "Relation Name": "posts", "Alias": "p", "Startup Cost": 0.29, "Total Cost": 14.86, "Plan Rows": 1, "Plan Width": 4, "Actual Rows": 1, "Actual Loops": 2, "Index Cond": "(owneruserid = u.id)", "Rows Removed by Index Recheck": 0, "Filter": "((answercount >= 0) AND (answercount <= 116) AND (commentcount >= 13) AND (commentcount <= 39) AND (creationdate >= '2010-04-04 07:12:10'::timestamp without time zone) AND (creationdate <= '2014-01-25 22:57:09'::timestamp without time zone))", "Rows Removed by Filter": 896}]}, {"Node Type": "Index Scan", "Parent Relationship": "Inner", "Parallel Aware": false, "Async Capable": false, "Scan Direction": "Forward", "Index Name": "idx_comments_userid", "Relation Name": "comments", "Alias": "c", "Startup Cost": 0.29, "Total Cost": 22.29, "Plan Rows": 10, "Plan Width": 4, "Actual Rows": 2840, "Actual Loops": 2, "Index Cond": "(userid = p.owneruserid)", "Rows Removed by Index Recheck": 0, "Filter": "(creationdate >= '2012-02-09 19:10:01'::timestamp without time zone)", "Rows Removed by Filter": 0}]}]}, "Planning Time": 0.666, "Triggers": [], "Execution Time": 3.446}, {"Plan": {"Node Type": "Aggregate", "Strategy": "Plain", "Partial Mode": "Simple", "Parallel Aware": false, "Async Capable": false, "Startup Cost": 1114.38, "Total Cost": 1114.39, "Plan Rows": 1, "Plan Width": 8, "Actual Rows": 1, "Actual Loops": 1, "Plans": [{"Node Type": "Nested Loop", "Parent Relationship": "Outer", "Parallel Aware": false, "Async Capable": false, "Join Type": "Inner", "Startup Cost": 0.59, "Total Cost": 1114.34, "Plan Rows": 2.0, "Plan Width": 0, "Actual Rows": 5680, "Actual Loops": 1, "Inner Unique": false, "Join Filter": "(c.userid = u.id)", "Rows Removed by Join Filter": 0, "Plans": [{"Node Type": "Nested Loop", "Parent Relationship": "Outer", "Parallel Aware": false, "Async Capable": false, "Join Type": "Inner", "Startup Cost": 0.29, "Total Cost": 1091.92, "Plan Rows": 1.0, "Plan Width": 8, "Actual Rows": 2, "Actual Loops": 1, "Inner Unique": false, "Plans": [{"Node Type": "Seq Scan", "Parent Relationship": "Outer", "Parallel Aware": false, "Async Capable": false, "Relation Name": "users", "Alias": "u", "Startup Cost": 0.0, "Total Cost": 1002.69, "Plan Rows": 6, "Plan Width": 4, "Actual Rows": 2, "Actual Loops": 1, "Filter": "((reputation >= 16922) AND (creationdate >= '2011-07-12 19:18:15'::timestamp without time zone) AND (creationdate <= '2013-09-24 22:49:07'::timestamp without time zone))", "Rows Removed by Filter": 40323}, {"Node Type": "Index Scan", "Parent Relationship": "Inner", "Parallel Aware": false, "Async Capable": false, "Scan Direction": "Forward", "Index Name": "idx_posts_owneruserid", "Relation Name": "posts", "Alias": "p", "Startup Cost": 0.29, "Total Cost": 14.86, "Plan Rows": 1, "Plan Width": 4, "Actual Rows": 1, "Actual Loops": 2, "Index Cond": "(owneruserid = u.id)", "Rows Removed by Index Recheck": 0, "Filter": "((answercount >= 0) AND (answercount <= 116) AND (commentcount >= 13) AND (commentcount <= 39) AND (creationdate >= '2010-04-04 07:12:10'::timestamp without time zone) AND (creationdate <= '2014-01-25 22:57:09'::timestamp without time zone))", "Rows Removed by Filter": 896}]}, {"Node Type": "Index Scan", "Parent Relationship": "Inner", "Parallel Aware": false, "Async Capable": false, "Scan Direction": "Forward", "Index Name": "idx_comments_userid", "Relation Name": "comments", "Alias": "c", "Startup Cost": 0.29, "Total Cost": 22.29, "Plan Rows": 10, "Plan Width": 4, "Actual Rows": 2840, "Actual Loops": 2, "Index Cond": "(userid = p.owneruserid)", "Rows Removed by Index Recheck": 0, "Filter": "(creationdate >= '2012-02-09 19:10:01'::timestamp without time zone)", "Rows Removed by Filter": 0}]}]}, "Planning Time": 0.584, "Triggers": [], "Execution Time": 3.172}, {"Plan": {"Node Type": "Aggregate", "Strategy": "Plain", "Partial Mode": "Simple", "Parallel Aware": false, "Async Capable": false, "Startup Cost": 4412.37, "Total Cost": 4412.38, "Plan Rows": 1, "Plan Width": 8, "Actual Rows": 1, "Actual Loops": 1, "Plans": [{"Node Type": "Hash Join", "Parent Relationship": "Outer", "Parallel Aware": false, "Async Capable": false, "Join Type": "Inner", "Startup Cost": 1271.51, "Total Cost": 4412.33, "Plan Rows": 2.0, "Plan Width": 0, "Actual Rows": 5680, "Actual Loops": 1, "Inner Unique": false, "Hash Cond": "(p.owneruserid = u.id)", "Plans": [{"Node Type": "Seq Scan", "Parent Relationship": "Outer", "Parallel Aware": false, "Async Capable": false, "Relation Name": "posts", "Alias": "p", "Startup Cost": 0.0, "Total Cost": 3139.4, "Plan Rows": 226, "Plan Width": 4, "Actual Rows": 235, "Actual Loops": 1, "Filter": "((answercount >= 0) AND (answercount <= 116) AND (commentcount >= 13) AND (commentcount <= 39) AND (creationdate >= '2010-04-04 07:12:10'::timestamp without time zone) AND (creationdate <= '2014-01-25 22:57:09'::timestamp without time zone))", "Rows Removed by Filter": 91741}, {"Node Type": "Hash", "Parent Relationship": "Inner", "Parallel Aware": false, "Async Capable": false, "Startup Cost": 1271.26, "Total Cost": 1271.26, "Plan Rows": 6.0, "Plan Width": 8, "Actual Rows": 6548, "Actual Loops": 1, "Hash Buckets": 8192, "Original Hash Buckets": 1024, "Hash Batches": 1, "Original Hash Batches": 1, "Peak Memory Usage": 320, "Plans": [{"Node Type": "Nested Loop", "Parent Relationship": "Outer", "Parallel Aware": false, "Async Capable": false, "Join Type": "Inner", "Startup Cost": 0.29, "Total Cost": 1271.26, "Plan Rows": 6.0, "Plan Width": 8, "Actual Rows": 6548, "Actual Loops": 1, "Inner Unique": false, "Plans": [{"Node Type": "Seq Scan", "Parent Relationship": "Outer", "Parallel Aware": false, "Async Capable": false, "Relation Name": "users", "Alias": "u", "Startup Cost": 0.0, "Total Cost": 1002.69, "Plan Rows": 6, "Plan Width": 4, "Actual Rows": 2, "Actual Loops": 1, "Filter": "((reputation >= 16922) AND (creationdate >= '2011-07-12 19:18:15'::timestamp without time zone) AND (creationdate <= '2013-09-24 22:49:07'::timestamp without time zone))", "Rows Removed by Filter": 40323}, {"Node Type": "Index Scan", "Parent Relationship": "Inner", "Parallel Aware": false, "Async Capable": false, "Scan Direction": "Forward", "Index Name": "idx_comments_userid", "Relation Name": "comments", "Alias": "c", "Startup Cost": 0.29, "Total Cost": 44.66, "Plan Rows": 10, "Plan Width": 4, "Actual Rows": 3274, "Actual Loops": 2, "Index Cond": "(userid = u.id)", "Rows Removed by Index Recheck": 0, "Filter": "(creationdate >= '2012-02-09 19:10:01'::timestamp without time zone)", "Rows Removed by Filter": 81}]}]}]}]}, "Planning Time": 0.666, "Triggers": [], "Execution Time": 19.0}, {"Plan": {"Node Type": "Aggregate", "Strategy": "Plain", "Partial Mode": "Simple", "Parallel Aware": false, "Async Capable": false, "Startup Cost": 11383.93, "Total Cost": 11383.94, "Plan Rows": 1, "Plan Width": 8, "Actual Rows": 1, "Actual Loops": 1, "Plans": [{"Node Type": "Hash Join", "Parent Relationship": "Outer", "Parallel Aware": false, "Async Capable": false, "Join Type": "Inner", "Startup Cost": 9563.19, "Total Cost": 11383.89, "Plan Rows": 2.0, "Plan Width": 0, "Actual Rows": 5680, "Actual Loops": 1, "Inner Unique": false, "Hash Cond": "(u.id = p.owneruserid)", "Plans": [{"Node Type": "Seq Scan", "Parent Relationship": "Outer", "Parallel Aware": false, "Async Capable": false, "Relation Name": "users", "Alias": "u", "Startup Cost": 0.0, "Total Cost": 1002.69, "Plan Rows": 6, "Plan Width": 4, "Actual Rows": 2, "Actual Loops": 1, "Filter": "((reputation >= 16922) AND (creationdate >= '2011-07-12 19:18:15'::timestamp without time zone) AND (creationdate <= '2013-09-24 22:49:07'::timestamp without time zone))", "Rows Removed by Filter": 40323}, {"Node Type": "Hash", "Parent Relationship": "Inner", "Parallel Aware": false, "Async Capable": false, "Startup Cost": 8200.13, "Total Cost": 8200.13, "Plan Rows": 317.0, "Plan Width": 8, "Actual Rows": 18668, "Actual Loops": 1, "Hash Buckets": 131072, "Original Hash Buckets": 131072, "Hash Batches": 1, "Original Hash Batches": 1, "Peak Memory Usage": 1754, "Plans": [{"Node Type": "Nested Loop", "Parent Relationship": "Outer", "Parallel Aware": false, "Async Capable": false, "Join Type": "Inner", "Startup Cost": 0.29, "Total Cost": 8200.13, "Plan Rows": 317.0, "Plan Width": 8, "Actual Rows": 18668, "Actual Loops": 1, "Inner Unique": false, "Plans": [{"Node Type": "Seq Scan", "Parent Relationship": "Outer", "Parallel Aware": false, "Async Capable": false, "Relation Name": "posts", "Alias": "p", "Startup Cost": 0.0, "Total Cost": 3139.4, "Plan Rows": 226, "Plan Width": 4, "Actual Rows": 235, "Actual Loops": 1, "Filter": "((answercount >= 0) AND (answercount <= 116) AND (commentcount >= 13) AND (commentcount <= 39) AND (creationdate >= '2010-04-04 07:12:10'::timestamp without time zone) AND (creationdate <= '2014-01-25 22:57:09'::timestamp without time zone))", "Rows Removed by Filter": 91741}, {"Node Type": "Index Scan", "Parent Relationship": "Inner", "Parallel Aware": false, "Async Capable": false, "Scan Direction": "Forward", "Index Name": "idx_comments_userid", "Relation Name": "comments", "Alias": "c", "Startup Cost": 0.29, "Total Cost": 22.29, "Plan Rows": 10, "Plan Width": 4, "Actual Rows": 79, "Actual Loops": 235, "Index Cond": "(userid = p.owneruserid)", "Rows Removed by Index Recheck": 0, "Filter": "(creationdate >= '2012-02-09 19:10:01'::timestamp without time zone)", "Rows Removed by Filter": 9}]}]}]}]}, "Planning Time": 0.787, "Triggers": [], "Execution Time": 31.132}, {"Plan": {"Node Type": "Aggregate", "Strategy": "Plain", "Partial Mode": "Simple", "Parallel Aware": false, "Async Capable": false, "Startup Cost": 9489.21, "Total Cost": 9489.22, "Plan Rows": 1, "Plan Width": 8, "Actual Rows": 1, "Actual Loops": 1, "Plans": [{"Node Type": "Hash Join", "Parent Relationship": "Outer", "Parallel Aware": false, "Async Capable": false, "Join Type": "Inner", "Startup Cost": 1003.06, "Total Cost": 9489.17, "Plan Rows": 2.0, "Plan Width": 0, "Actual Rows": 5680, "Actual Loops": 1, "Inner Unique": true, "Hash Cond": "(p.owneruserid = u.id)", "Plans": [{"Node Type": "Nested Loop", "Parent Relationship": "Outer", "Parallel Aware": false, "Async Capable": false, "Join Type": "Inner", "Startup Cost": 0.29, "Total Cost": 8200.13, "Plan Rows": 317.0, "Plan Width": 8, "Actual Rows": 18668, "Actual Loops": 1, "Inner Unique": false, "Plans": [{"Node Type": "Seq Scan", "Parent Relationship": "Outer", "Parallel Aware": false, "Async Capable": false, "Relation Name": "posts", "Alias": "p", "Startup Cost": 0.0, "Total Cost": 3139.4, "Plan Rows": 226, "Plan Width": 4, "Actual Rows": 235, "Actual Loops": 1, "Filter": "((answercount >= 0) AND (answercount <= 116) AND (commentcount >= 13) AND (commentcount <= 39) AND (creationdate >= '2010-04-04 07:12:10'::timestamp without time zone) AND (creationdate <= '2014-01-25 22:57:09'::timestamp without time zone))", "Rows Removed by Filter": 91741}, {"Node Type": "Index Scan", "Parent Relationship": "Inner", "Parallel Aware": false, "Async Capable": false, "Scan Direction": "Forward", "Index Name": "idx_comments_userid", "Relation Name": "comments", "Alias": "c", "Startup Cost": 0.29, "Total Cost": 22.29, "Plan Rows": 10, "Plan Width": 4, "Actual Rows": 79, "Actual Loops": 235, "Index Cond": "(userid = p.owneruserid)", "Rows Removed by Index Recheck": 0, "Filter": "(creationdate >= '2012-02-09 19:10:01'::timestamp without time zone)", "Rows Removed by Filter": 9}]}, {"Node Type": "Hash", "Parent Relationship": "Inner", "Parallel Aware": false, "Async Capable": false, "Startup Cost": 1002.69, "Total Cost": 1002.69, "Plan Rows": 6, "Plan Width": 4, "Actual Rows": 2, "Actual Loops": 1, "Hash Buckets": 1024, "Original Hash Buckets": 1024, "Hash Batches": 1, "Original Hash Batches": 1, "Peak Memory Usage": 9, "Plans": [{"Node Type": "Seq Scan", "Parent Relationship": "Outer", "Parallel Aware": false, "Async Capable": false, "Relation Name": "users", "Alias": "u", "Startup Cost": 0.0, "Total Cost": 1002.69, "Plan Rows": 6, "Plan Width": 4, "Actual Rows": 2, "Actual Loops": 1, "Filter": "((reputation >= 16922) AND (creationdate >= '2011-07-12 19:18:15'::timestamp without time zone) AND (creationdate <= '2013-09-24 22:49:07'::timestamp without time zone))", "Rows Removed by Filter": 40323}]}]}]}, "Planning Time": 0.803, "Triggers": [], "Execution Time": 24.655}, {"Plan": {"Node Type": "Aggregate", "Strategy": "Plain", "Partial Mode": "Simple", "Parallel Aware": false, "Async Capable": false, "Startup Cost": 1280.56, "Total Cost": 1280.57, "Plan Rows": 1, "Plan Width": 8, "Actual Rows": 1, "Actual Loops": 1, "Plans": [{"Node Type": "Nested Loop", "Parent Relationship": "Outer", "Parallel Aware": false, "Async Capable": false, "Join Type": "Inner", "Startup Cost": 0.59, "Total Cost": 1280.52, "Plan Rows": 2.0, "Plan Width": 0, "Actual Rows": 5680, "Actual Loops": 1, "Inner Unique": false, "Join Filter": "(p.owneruserid = u.id)", "Rows Removed by Join Filter": 0, "Plans": [{"Node Type": "Nested Loop", "Parent Relationship": "Outer", "Parallel Aware": false, "Async Capable": false, "Join Type": "Inner", "Startup Cost": 0.29, "Total Cost": 1271.26, "Plan Rows": 6.0, "Plan Width": 8, "Actual Rows": 6548, "Actual Loops": 1, "Inner Unique": false, "Plans": [{"Node Type": "Seq Scan", "Parent Relationship": "Outer", "Parallel Aware": false, "Async Capable": false, "Relation Name": "users", "Alias": "u", "Startup Cost": 0.0, "Total Cost": 1002.69, "Plan Rows": 6, "Plan Width": 4, "Actual Rows": 2, "Actual Loops": 1, "Filter": "((reputation >= 16922) AND (creationdate >= '2011-07-12 19:18:15'::timestamp without time zone) AND (creationdate <= '2013-09-24 22:49:07'::timestamp without time zone))", "Rows Removed by Filter": 40323}, {"Node Type": "Index Scan", "Parent Relationship": "Inner", "Parallel Aware": false, "Async Capable": false, "Scan Direction": "Forward", "Index Name": "idx_comments_userid", "Relation Name": "comments", "Alias": "c", "Startup Cost": 0.29, "Total Cost": 44.66, "Plan Rows": 10, "Plan Width": 4, "Actual Rows": 3274, "Actual Loops": 2, "Index Cond": "(userid = u.id)", "Rows Removed by Index Recheck": 0, "Filter": "(creationdate >= '2012-02-09 19:10:01'::timestamp without time zone)", "Rows Removed by Filter": 81}]}, {"Node Type": "Index Scan", "Parent Relationship": "Inner", "Parallel Aware": false, "Async Capable": false, "Scan Direction": "Forward", "Index Name": "idx_posts_owneruserid", "Relation Name": "posts", "Alias": "p", "Startup Cost": 0.29, "Total Cost": 0.45, "Plan Rows": 1, "Plan Width": 4, "Actual Rows": 1, "Actual Loops": 6548, "Index Cond": "(owneruserid = c.userid)", "Rows Removed by Index Recheck": 0, "Filter": "((answercount >= 0) AND (answercount <= 116) AND (commentcount >= 13) AND (commentcount <= 39) AND (creationdate >= '2010-04-04 07:12:10'::timestamp without time zone) AND (creationdate <= '2014-01-25 22:57:09'::timestamp without time zone))", "Rows Removed by Filter": 886}]}]}, "Planning Time": 0.754, "Triggers": [], "Execution Time": 849.255}, {"Plan": {"Node Type": "Aggregate", "Strategy": "Plain", "Partial Mode": "Finalize", "Parallel Aware": false, "Async Capable": false, "Startup Cost": 5022.55, "Total Cost": 5022.56, "Plan Rows": 1, "Plan Width": 8, "Actual Rows": 1, "Actual Loops": 1, "Plans": [{"Node Type": "Gather", "Parent Relationship": "Outer", "Parallel Aware": false, "Async Capable": false, "Startup Cost": 5022.43, "Total Cost": 5022.54, "Plan Rows": 1, "Plan Width": 8, "Actual Rows": 2, "Actual Loops": 1, "Workers Planned": 1, "Workers Launched": 1, "Single Copy": false, "Plans": [{"Node Type": "Aggregate", "Strategy": "Plain", "Partial Mode": "Partial", "Parent Relationship": "Outer", "Parallel Aware": false, "Async Capable": false, "Startup Cost": 4022.43, "Total Cost": 4022.44, "Plan Rows": 1, "Plan Width": 8, "Actual Rows": 1, "Actual Loops": 2, "Workers": [], "Plans": [{"Node Type": "Hash Join", "Parent Relationship": "Outer", "Parallel Aware": false, "Async Capable": false, "Join Type": "Inner", "Startup Cost": 1091.93, "Total Cost": 4022.41, "Plan Rows": 2.0, "Plan Width": 0, "Actual Rows": 2840, "Actual Loops": 2, "Inner Unique": false, "Hash Cond": "(c.userid = u.id)", "Workers": [], "Plans": [{"Node Type": "Seq Scan", "Parent Relationship": "Outer", "Parallel Aware": true, "Async Capable": false, "Relation Name": "comments", "Alias": "c", "Startup Cost": 0.0, "Total Cost": 2625.65, "Plan Rows": 81281, "Plan Width": 4, "Actual Rows": 69122, "Actual Loops": 2, "Filter": "(creationdate >= '2012-02-09 19:10:01'::timestamp without time zone)", "Rows Removed by Filter": 18030, "Workers": []}, {"Node Type": "Hash", "Parent Relationship": "Inner", "Parallel Aware": false, "Async Capable": false, "Startup Cost": 1091.92, "Total Cost": 1091.92, "Plan Rows": 1.0, "Plan Width": 8, "Actual Rows": 2, "Actual Loops": 2, "Hash Buckets": 1024, "Original Hash Buckets": 1024, "Hash Batches": 1, "Original Hash Batches": 1, "Peak Memory Usage": 9, "Workers": [], "Plans": [{"Node Type": "Nested Loop", "Parent Relationship": "Outer", "Parallel Aware": false, "Async Capable": false, "Join Type": "Inner", "Startup Cost": 0.29, "Total Cost": 1091.92, "Plan Rows": 1.0, "Plan Width": 8, "Actual Rows": 2, "Actual Loops": 2, "Inner Unique": false, "Workers": [], "Plans": [{"Node Type": "Seq Scan", "Parent Relationship": "Outer", "Parallel Aware": false, "Async Capable": false, "Relation Name": "users", "Alias": "u", "Startup Cost": 0.0, "Total Cost": 1002.69, "Plan Rows": 6, "Plan Width": 4, "Actual Rows": 2, "Actual Loops": 2, "Filter": "((reputation >= 16922) AND (creationdate >= '2011-07-12 19:18:15'::timestamp without time zone) AND (creationdate <= '2013-09-24 22:49:07'::timestamp without time zone))", "Rows Removed by Filter": 40323, "Workers": []}, {"Node Type": "Index Scan", "Parent Relationship": "Inner", "Parallel Aware": false, "Async Capable": false, "Scan Direction": "Forward", "Index Name": "idx_posts_owneruserid", "Relation Name": "posts", "Alias": "p", "Startup Cost": 0.29, "Total Cost": 14.86, "Plan Rows": 1, "Plan Width": 4, "Actual Rows": 1, "Actual Loops": 4, "Index Cond": "(owneruserid = u.id)", "Rows Removed by Index Recheck": 0, "Filter": "((answercount >= 0) AND (answercount <= 116) AND (commentcount >= 13) AND (commentcount <= 39) AND (creationdate >= '2010-04-04 07:12:10'::timestamp without time zone) AND (creationdate <= '2014-01-25 22:57:09'::timestamp without time zone))", "Rows Removed by Filter": 896, "Workers": []}]}]}]}]}]}]}, "Planning Time": 1.03, "Triggers": [], "Execution Time": 28.456}, {"Plan": {"Node Type": "Aggregate", "Strategy": "Plain", "Partial Mode": "Finalize", "Parallel Aware": false, "Async Capable": false, "Startup Cost": 4847.49, "Total Cost": 4847.5, "Plan Rows": 1, "Plan Width": 8, "Actual Rows": 1, "Actual Loops": 1, "Plans": [{"Node Type": "Gather", "Parent Relationship": "Outer", "Parallel Aware": false, "Async Capable": false, "Startup Cost": 4847.38, "Total Cost": 4847.49, "Plan Rows": 1, "Plan Width": 8, "Actual Rows": 2, "Actual Loops": 1, "Workers Planned": 1, "Workers Launched": 1, "Single Copy": false, "Plans": [{"Node Type": "Aggregate", "Strategy": "Plain", "Partial Mode": "Partial", "Parent Relationship": "Outer", "Parallel Aware": false, "Async Capable": false, "Startup Cost": 3847.38, "Total Cost": 3847.39, "Plan Rows": 1, "Plan Width": 8, "Actual Rows": 1, "Actual Loops": 2, "Workers": [], "Plans": [{"Node Type": "Nested Loop", "Parent Relationship": "Outer", "Parallel Aware": false, "Async Capable": false, "Join Type": "Inner", "Startup Cost": 1003.06, "Total Cost": 3847.36, "Plan Rows": 2.0, "Plan Width": 0, "Actual Rows": 2840, "Actual Loops": 2, "Inner Unique": false, "Join Filter": "(p.owneruserid = u.id)", "Rows Removed by Join Filter": 0, "Workers": [], "Plans": [{"Node Type": "Hash Join", "Parent Relationship": "Outer", "Parallel Aware": false, "Async Capable": false, "Join Type": "Inner", "Startup Cost": 1002.76, "Total Cost": 3841.8, "Plan Rows": 6.0, "Plan Width": 8, "Actual Rows": 3274, "Actual Loops": 2, "Inner Unique": true, "Hash Cond": "(c.userid = u.id)", "Workers": [], "Plans": [{"Node Type": "Seq Scan", "Parent Relationship": "Outer", "Parallel Aware": true, "Async Capable": false, "Relation Name": "comments", "Alias": "c", "Startup Cost": 0.0, "Total Cost": 2625.65, "Plan Rows": 81281, "Plan Width": 4, "Actual Rows": 69122, "Actual Loops": 2, "Filter": "(creationdate >= '2012-02-09 19:10:01'::timestamp without time zone)", "Rows Removed by Filter": 18030, "Workers": []}, {"Node Type": "Hash", "Parent Relationship": "Inner", "Parallel Aware": false, "Async Capable": false, "Startup Cost": 1002.69, "Total Cost": 1002.69, "Plan Rows": 6, "Plan Width": 4, "Actual Rows": 2, "Actual Loops": 2, "Hash Buckets": 1024, "Original Hash Buckets": 1024, "Hash Batches": 1, "Original Hash Batches": 1, "Peak Memory Usage": 9, "Workers": [], "Plans": [{"Node Type": "Seq Scan", "Parent Relationship": "Outer", "Parallel Aware": false, "Async Capable": false, "Relation Name": "users", "Alias": "u", "Startup Cost": 0.0, "Total Cost": 1002.69, "Plan Rows": 6, "Plan Width": 4, "Actual Rows": 2, "Actual Loops": 2, "Filter": "((reputation >= 16922) AND (creationdate >= '2011-07-12 19:18:15'::timestamp without time zone) AND (creationdate <= '2013-09-24 22:49:07'::timestamp without time zone))", "Rows Removed by Filter": 40323, "Workers": []}]}]}, {"Node Type": "Index Scan", "Parent Relationship": "Inner", "Parallel Aware": false, "Async Capable": false, "Scan Direction": "Forward", "Index Name": "idx_posts_owneruserid", "Relation Name": "posts", "Alias": "p", "Startup Cost": 0.29, "Total Cost": 0.45, "Plan Rows": 1, "Plan Width": 4, "Actual Rows": 1, "Actual Loops": 6548, "Index Cond": "(owneruserid = c.userid)", "Rows Removed by Index Recheck": 0, "Filter": "((answercount >= 0) AND (answercount <= 116) AND (commentcount >= 13) AND (commentcount <= 39) AND (creationdate >= '2010-04-04 07:12:10'::timestamp without time zone) AND (creationdate <= '2014-01-25 22:57:09'::timestamp without time zone))", "Rows Removed by Filter": 886, "Workers": []}]}]}]}]}, "Planning Time": 1.175, "Triggers": [], "Execution Time": 569.021}]