{"Plan": {"Node Type": "Aggregate", "Strategy": "Plain", "Partial Mode": "Simple", "Parallel Aware": false, "Async Capable": false, "Startup Cost": 414352.42, "Total Cost": 414352.43, "Plan Rows": 1, "Plan Width": 64, "Actual Rows": 1, "Actual Loops": 1, "Plans": [{"Node Type": "Nested Loop", "Parent Relationship": "Outer", "Parallel Aware": false, "Async Capable": false, "Join Type": "Inner", "Startup Cost": 77952.24, "Total Cost": 414352.42, "Plan Rows": 1, "Plan Width": 32, "Actual Rows": 126, "Actual Loops": 1, "Inner Unique": true, "Plans": [{"Node Type": "Nested Loop", "Parent Relationship": "Outer", "Parallel Aware": false, "Async Capable": false, "Join Type": "Inner", "Startup Cost": 77951.81, "Total Cost": 414351.96, "Plan Rows": 1, "Plan Width": 23, "Actual Rows": 127, "Actual Loops": 1, "Inner Unique": false, "Join Filter": "(ci.movie_id = ml.linked_movie_id)", "Rows Removed by Join Filter": 28293371, "Plans": [{"Node Type": "Gather", "Parent Relationship": "Outer", "Parallel Aware": false, "Async Capable": false, "Startup Cost": 77950.49, "Total Cost": 413707.07, "Plan Rows": 1, "Plan Width": 19, "Actual Rows": 3303, "Actual Loops": 1, "Workers Planned": 6, "Workers Launched": 6, "Single Copy": false, "Plans": [{"Node Type": "Nested Loop", "Parent Relationship": "Outer", "Parallel Aware": false, "Async Capable": false, "Join Type": "Inner", "Startup Cost": 76950.49, "Total Cost": 412706.97, "Plan Rows": 1, "Plan Width": 19, "Actual Rows": 472, "Actual Loops": 7, "Inner Unique": true, "Join Filter": "(n.id = an.person_id)", "Rows Removed by Join Filter": 0, "Workers": [], "Plans": [{"Node Type": "Hash Join", "Parent Relationship": "Outer", "Parallel Aware": true, "Async Capable": false, "Join Type": "Inner", "Startup Cost": 76950.06, "Total Cost": 412706.5, "Plan Rows": 1, "Plan Width": 16, "Actual Rows": 2338, "Actual Loops": 7, "Inner Unique": false, "Hash Cond": "(ci.person_id = an.person_id)", "Workers": [], "Plans": [{"Node Type": "Seq Scan", "Parent Relationship": "Outer", "Parallel Aware": true, "Async Capable": false, "Relation Name": "cast_info", "Alias": "ci", "Startup Cost": 0.0, "Total Cost": 313110.03, "Plan Rows": 6039003, "Plan Width": 8, "Actual Rows": 5177763, "Actual Loops": 7, "Workers": []}, {"Node Type": "Hash", "Parent Relationship": "Inner", "Parallel Aware": true, "Async Capable": false, "Startup Cost": 76950.05, "Total Cost": 76950.05, "Plan Rows": 1, "Plan Width": 8, "Actual Rows": 16, "Actual Loops": 7, "Hash Buckets": 1024, "Original Hash Buckets": 1024, "Hash Batches": 1, "Original Hash Batches": 1, "Peak Memory Usage": 232, "Workers": [], "Plans": [{"Node Type": "Hash Join", "Parent Relationship": "Outer", "Parallel Aware": true, "Async Capable": false, "Join Type": "Inner", "Startup Cost": 60343.89, "Total Cost": 76950.05, "Plan Rows": 1, "Plan Width": 8, "Actual Rows": 16, "Actual Loops": 7, "Inner Unique": false, "Hash Cond": "(an.person_id = pi.person_id)", "Workers": [], "Plans": [{"Node Type": "Seq Scan", "Parent Relationship": "Outer", "Parallel Aware": true, "Async Capable": false, "Relation Name": "aka_name", "Alias": "an", "Startup Cost": 0.0, "Total Cost": 15777.34, "Plan Rows": 221016, "Plan Width": 4, "Actual Rows": 98014, "Actual Loops": 7, "Filter": "(((name)::text ~~ '%a%'::text) OR ((name)::text ~~ 'A%'::text))", "Rows Removed by Filter": 30750, "Workers": []}, {"Node Type": "Hash", "Parent Relationship": "Inner", "Parallel Aware": true, "Async Capable": false, "Startup Cost": 60343.88, "Total Cost": 60343.88, "Plan Rows": 1, "Plan Width": 4, "Actual Rows": 9, "Actual Loops": 7, "Hash Buckets": 1024, "Original Hash Buckets": 1024, "Hash Batches": 1, "Original Hash Batches": 1, "Peak Memory Usage": 232, "Workers": [], "Plans": [{"Node Type": "Hash Join", "Parent Relationship": "Outer", "Parallel Aware": false, "Async Capable": false, "Join Type": "Inner", "Startup Cost": 2.43, "Total Cost": 60343.88, "Plan Rows": 1, "Plan Width": 4, "Actual Rows": 9, "Actual Loops": 7, "Inner Unique": true, "Hash Cond": "(pi.info_type_id = it.id)", "Workers": [], "Plans": [{"Node Type": "Seq Scan", "Parent Relationship": "Outer", "Parallel Aware": true, "Async Capable": false, "Relation Name": "person_info", "Alias": "pi", "Startup Cost": 0.0, "Total Cost": 60341.45, "Plan Rows": 2, "Plan Width": 8, "Actual Rows": 9, "Actual Loops": 7, "Filter": "((note)::text = 'Volker Boehm'::text)", "Rows Removed by Filter": 423371, "Workers": []}, {"Node Type": "Hash", "Parent Relationship": "Inner", "Parallel Aware": false, "Async Capable": false, "Startup Cost": 2.41, "Total Cost": 2.41, "Plan Rows": 1, "Plan Width": 4, "Actual Rows": 1, "Actual Loops": 7, "Hash Buckets": 1024, "Original Hash Buckets": 1024, "Hash Batches": 1, "Original Hash Batches": 1, "Peak Memory Usage": 9, "Workers": [], "Plans": [{"Node Type": "Seq Scan", "Parent Relationship": "Outer", "Parallel Aware": false, "Async Capable": false, "Relation Name": "info_type", "Alias": "it", "Startup Cost": 0.0, "Total Cost": 2.41, "Plan Rows": 1, "Plan Width": 4, "Actual Rows": 1, "Actual Loops": 7, "Filter": "((info)::text = 'mini biography'::text)", "Rows Removed by Filter": 112, "Workers": []}]}]}]}]}]}]}, {"Node Type": "Index Scan", "Parent Relationship": "Inner", "Parallel Aware": false, "Async Capable": false, "Scan Direction": "Forward", "Index Name": "name_pkey", "Relation Name": "name", "Alias": "n", "Startup Cost": 0.43, "Total Cost": 0.46, "Plan Rows": 1, "Plan Width": 19, "Actual Rows": 0, "Actual Loops": 16363, "Index Cond": "(id = ci.person_id)", "Rows Removed by Index Recheck": 0, "Filter": "(((name_pcode_cf)::text >= 'A'::text) AND ((name_pcode_cf)::text <= 'F'::text) AND ((gender)::text = 'f'::text))", "Rows Removed by Filter": 1, "Workers": []}]}]}, {"Node Type": "Hash Join", "Parent Relationship": "Inner", "Parallel Aware": false, "Async Capable": false, "Join Type": "Inner", "Startup Cost": 1.32, "Total Cost": 561.57, "Plan Rows": 6666, "Plan Width": 4, "Actual Rows": 8566, "Actual Loops": 3303, "Inner Unique": true, "Hash Cond": "(ml.link_type_id = lt.id)", "Plans": [{"Node Type": "Seq Scan", "Parent Relationship": "Outer", "Parallel Aware": false, "Async Capable": false, "Relation Name": "movie_link", "Alias": "ml", "Startup Cost": 0.0, "Total Cost": 462.97, "Plan Rows": 29997, "Plan Width": 8, "Actual Rows": 29997, "Actual Loops": 3303}, {"Node Type": "Hash", "Parent Relationship": "Inner", "Parallel Aware": false, "Async Capable": false, "Startup Cost": 1.27, "Total Cost": 1.27, "Plan Rows": 4, "Plan Width": 4, "Actual Rows": 3, "Actual Loops": 1, "Hash Buckets": 1024, "Original Hash Buckets": 1024, "Hash Batches": 1, "Original Hash Batches": 1, "Peak Memory Usage": 9, "Plans": [{"Node Type": "Seq Scan", "Parent Relationship": "Outer", "Parallel Aware": false, "Async Capable": false, "Relation Name": "link_type", "Alias": "lt", "Startup Cost": 0.0, "Total Cost": 1.27, "Plan Rows": 4, "Plan Width": 4, "Actual Rows": 3, "Actual Loops": 1, "Filter": "((link)::text = ANY ('{\"featured in\",features,features,\"followed by\"}'::text[]))", "Rows Removed by Filter": 15}]}]}]}, {"Node Type": "Index Scan", "Parent Relationship": "Inner", "Parallel Aware": false, "Async Capable": false, "Scan Direction": "Forward", "Index Name": "title_pkey", "Relation Name": "title", "Alias": "t", "Startup Cost": 0.43, "Total Cost": 0.45, "Plan Rows": 1, "Plan Width": 21, "Actual Rows": 1, "Actual Loops": 127, "Index Cond": "(id = ci.movie_id)", "Rows Removed by Index Recheck": 0, "Filter": "(production_year >= 1920)", "Rows Removed by Filter": 0}]}]}, "Planning Time": 6.016, "Triggers": [], "Execution Time": 8863.107}