{"Plan": {"Node Type": "Aggregate", "Strategy": "Plain", "Partial Mode": "Simple", "Parallel Aware": false, "Async Capable": false, "Startup Cost": 93543.8, "Total Cost": 93543.81, "Plan Rows": 1, "Plan Width": 192, "Actual Rows": 1, "Actual Loops": 1, "Plans": [{"Node Type": "Nested Loop", "Parent Relationship": "Outer", "Parallel Aware": false, "Async Capable": false, "Join Type": "Inner", "Startup Cost": 63146.86, "Total Cost": 93543.79, "Plan Rows": 1, "Plan Width": 82, "Actual Rows": 325, "Actual Loops": 1, "Inner Unique": true, "Plans": [{"Node Type": "Nested Loop", "Parent Relationship": "Outer", "Parallel Aware": false, "Async Capable": false, "Join Type": "Inner", "Startup Cost": 63146.72, "Total Cost": 93543.61, "Plan Rows": 1, "Plan Width": 86, "Actual Rows": 975, "Actual Loops": 1, "Inner Unique": true, "Plans": [{"Node Type": "Gather", "Parent Relationship": "Outer", "Parallel Aware": false, "Async Capable": false, "Startup Cost": 63146.3, "Total Cost": 93543.16, "Plan Rows": 1, "Plan Width": 71, "Actual Rows": 975, "Actual Loops": 1, "Workers Planned": 3, "Workers Launched": 3, "Single Copy": false, "Plans": [{"Node Type": "Hash Join", "Parent Relationship": "Outer", "Parallel Aware": true, "Async Capable": false, "Join Type": "Inner", "Startup Cost": 62146.3, "Total Cost": 92543.06, "Plan Rows": 1, "Plan Width": 71, "Actual Rows": 244, "Actual Loops": 4, "Inner Unique": false, "Hash Cond": "(mc1.movie_id = t1.id)", "Workers": [], "Plans": [{"Node Type": "Seq Scan", "Parent Relationship": "Outer", "Parallel Aware": true, "Async Capable": false, "Relation Name": "movie_companies", "Alias": "mc1", "Startup Cost": 0.0, "Total Cost": 27240.55, "Plan Rows": 841655, "Plan Width": 8, "Actual Rows": 652282, "Actual Loops": 4, "Workers": []}, {"Node Type": "Hash", "Parent Relationship": "Inner", "Parallel Aware": true, "Async Capable": false, "Startup Cost": 62146.29, "Total Cost": 62146.29, "Plan Rows": 1, "Plan Width": 79, "Actual Rows": 238, "Actual Loops": 4, "Hash Buckets": 1024, "Original Hash Buckets": 1024, "Hash Batches": 1, "Original Hash Batches": 1, "Peak Memory Usage": 232, "Workers": [], "Plans": [{"Node Type": "Nested Loop", "Parent Relationship": "Outer", "Parallel Aware": false, "Async Capable": false, "Join Type": "Inner", "Startup Cost": 31748.23, "Total Cost": 62146.29, "Plan Rows": 1, "Plan Width": 79, "Actual Rows": 238, "Actual Loops": 4, "Inner Unique": true, "Workers": [], "Plans": [{"Node Type": "Nested Loop", "Parent Relationship": "Outer", "Parallel Aware": false, "Async Capable": false, "Join Type": "Inner", "Startup Cost": 31748.1, "Total Cost": 62145.97, "Plan Rows": 2, "Plan Width": 83, "Actual Rows": 346, "Actual Loops": 4, "Inner Unique": true, "Join Filter": "(t2.id = ml.linked_movie_id)", "Rows Removed by Join Filter": 0, "Workers": [], "Plans": [{"Node Type": "Nested Loop", "Parent Relationship": "Outer", "Parallel Aware": false, "Async Capable": false, "Join Type": "Inner", "Startup Cost": 31747.67, "Total Cost": 62144.91, "Plan Rows": 2, "Plan Width": 74, "Actual Rows": 346, "Actual Loops": 4, "Inner Unique": true, "Workers": [], "Plans": [{"Node Type": "Hash Join", "Parent Relationship": "Outer", "Parallel Aware": true, "Async Capable": false, "Join Type": "Inner", "Startup Cost": 31747.25, "Total Cost": 62144.02, "Plan Rows": 2, "Plan Width": 59, "Actual Rows": 346, "Actual Loops": 4, "Inner Unique": false, "Hash Cond": "(mc2.movie_id = ml.linked_movie_id)", "Workers": [], "Plans": [{"Node Type": "Seq Scan", "Parent Relationship": "Outer", "Parallel Aware": true, "Async Capable": false, "Relation Name": "movie_companies", "Alias": "mc2", "Startup Cost": 0.0, "Total Cost": 27240.55, "Plan Rows": 841655, "Plan Width": 8, "Actual Rows": 652282, "Actual Loops": 4, "Workers": []}, {"Node Type": "Hash", "Parent Relationship": "Inner", "Parallel Aware": true, "Async Capable": false, "Startup Cost": 31747.23, "Total Cost": 31747.23, "Plan Rows": 1, "Plan Width": 51, "Actual Rows": 9, "Actual Loops": 4, "Hash Buckets": 1024, "Original Hash Buckets": 1024, "Hash Batches": 1, "Original Hash Batches": 1, "Peak Memory Usage": 136, "Workers": [], "Plans": [{"Node Type": "Nested Loop", "Parent Relationship": "Outer", "Parallel Aware": false, "Async Capable": false, "Join Type": "Inner", "Startup Cost": 15872.58, "Total Cost": 31747.23, "Plan Rows": 1, "Plan Width": 51, "Actual Rows": 9, "Actual Loops": 4, "Inner Unique": true, "Workers": [], "Plans": [{"Node Type": "Nested Loop", "Parent Relationship": "Outer", "Parallel Aware": false, "Async Capable": false, "Join Type": "Inner", "Startup Cost": 15872.45, "Total Cost": 31747.07, "Plan Rows": 1, "Plan Width": 55, "Actual Rows": 10, "Actual Loops": 4, "Inner Unique": true, "Join Filter": "(t1.id = ml.movie_id)", "Rows Removed by Join Filter": 0, "Workers": [], "Plans": [{"Node Type": "Hash Join", "Parent Relationship": "Outer", "Parallel Aware": true, "Async Capable": false, "Join Type": "Inner", "Startup Cost": 15872.02, "Total Cost": 31746.48, "Plan Rows": 1, "Plan Width": 30, "Actual Rows": 10, "Actual Loops": 4, "Inner Unique": false, "Hash Cond": "(mi_idx1.movie_id = ml.movie_id)", "Workers": [], "Plans": [{"Node Type": "Seq Scan", "Parent Relationship": "Outer", "Parallel Aware": true, "Async Capable": false, "Relation Name": "movie_info_idx", "Alias": "mi_idx1", "Startup Cost": 0.0, "Total Cost": 13718.15, "Plan Rows": 575015, "Plan Width": 13, "Actual Rows": 345009, "Actual Loops": 4, "Workers": []}, {"Node Type": "Hash", "Parent Relationship": "Inner", "Parallel Aware": true, "Async Capable": false, "Startup Cost": 15872.0, "Total Cost": 15872.0, "Plan Rows": 1, "Plan Width": 17, "Actual Rows": 9, "Actual Loops": 4, "Hash Buckets": 1024, "Original Hash Buckets": 1024, "Hash Batches": 1, "Original Hash Batches": 1, "Peak Memory Usage": 136, "Workers": [], "Plans": [{"Node Type": "Nested Loop", "Parent Relationship": "Outer", "Parallel Aware": false, "Async Capable": false, "Join Type": "Inner", "Startup Cost": 624.18, "Total Cost": 15872.0, "Plan Rows": 1, "Plan Width": 17, "Actual Rows": 9, "Actual Loops": 4, "Inner Unique": true, "Workers": [], "Plans": [{"Node Type": "Hash Join", "Parent Relationship": "Outer", "Parallel Aware": false, "Async Capable": false, "Join Type": "Inner", "Startup Cost": 624.03, "Total Cost": 15870.22, "Plan Rows": 33, "Plan Width": 21, "Actual Rows": 78, "Actual Loops": 4, "Inner Unique": false, "Hash Cond": "(mi_idx2.movie_id = ml.linked_movie_id)", "Workers": [], "Plans": [{"Node Type": "Seq Scan", "Parent Relationship": "Outer", "Parallel Aware": true, "Async Capable": false, "Relation Name": "movie_info_idx", "Alias": "mi_idx2", "Startup Cost": 0.0, "Total Cost": 15155.68, "Plan Rows": 3006, "Plan Width": 13, "Actual Rows": 1970, "Actual Loops": 4, "Filter": "((info)::text >= '9.0'::text)", "Rows Removed by Filter": 343039, "Workers": []}, {"Node Type": "Hash", "Parent Relationship": "Inner", "Parallel Aware": false, "Async Capable": false, "Startup Cost": 561.53, "Total Cost": 561.53, "Plan Rows": 5000, "Plan Width": 8, "Actual Rows": 7409, "Actual Loops": 4, "Hash Buckets": 8192, "Original Hash Buckets": 8192, "Hash Batches": 1, "Original Hash Batches": 1, "Peak Memory Usage": 354, "Workers": [], "Plans": [{"Node Type": "Hash Join", "Parent Relationship": "Outer", "Parallel Aware": false, "Async Capable": false, "Join Type": "Inner", "Startup Cost": 1.29, "Total Cost": 561.53, "Plan Rows": 5000, "Plan Width": 8, "Actual Rows": 7409, "Actual Loops": 4, "Inner Unique": true, "Hash Cond": "(ml.link_type_id = lt.id)", "Workers": [], "Plans": [{"Node Type": "Seq Scan", "Parent Relationship": "Outer", "Parallel Aware": false, "Async Capable": false, "Relation Name": "movie_link", "Alias": "ml", "Startup Cost": 0.0, "Total Cost": 462.97, "Plan Rows": 29997, "Plan Width": 12, "Actual Rows": 29997, "Actual Loops": 4, "Workers": []}, {"Node Type": "Hash", "Parent Relationship": "Inner", "Parallel Aware": false, "Async Capable": false, "Startup Cost": 1.25, "Total Cost": 1.25, "Plan Rows": 3, "Plan Width": 4, "Actual Rows": 2, "Actual Loops": 4, "Hash Buckets": 1024, "Original Hash Buckets": 1024, "Hash Batches": 1, "Original Hash Batches": 1, "Peak Memory Usage": 9, "Workers": [], "Plans": [{"Node Type": "Seq Scan", "Parent Relationship": "Outer", "Parallel Aware": false, "Async Capable": false, "Relation Name": "link_type", "Alias": "lt", "Startup Cost": 0.0, "Total Cost": 1.25, "Plan Rows": 3, "Plan Width": 4, "Actual Rows": 2, "Actual Loops": 4, "Filter": "((link)::text = ANY ('{\"featured in\",features,features}'::text[]))", "Rows Removed by Filter": 16, "Workers": []}]}]}]}]}, {"Node Type": "Memoize", "Parent Relationship": "Inner", "Parallel Aware": false, "Async Capable": false, "Startup Cost": 0.15, "Total Cost": 0.17, "Plan Rows": 1, "Plan Width": 4, "Actual Rows": 0, "Actual Loops": 314, "Cache Key": "mi_idx2.info_type_id", "Cache Mode": "logical", "Cache Hits": 123, "Cache Misses": 2, "Cache Evictions": 0, "Cache Overflows": 0, "Peak Memory Usage": 1, "Workers": [{"Worker Number": 0, "Cache Hits": 71, "Cache Misses": 3, "Cache Evictions": 0, "Cache Overflows": 0, "Peak Memory Usage": 1}, {"Worker Number": 1, "Cache Hits": 52, "Cache Misses": 2, "Cache Evictions": 0, "Cache Overflows": 0, "Peak Memory Usage": 1}, {"Worker Number": 2, "Cache Hits": 59, "Cache Misses": 2, "Cache Evictions": 0, "Cache Overflows": 0, "Peak Memory Usage": 1}], "Plans": [{"Node Type": "Index Scan", "Parent Relationship": "Outer", "Parallel Aware": false, "Async Capable": false, "Scan Direction": "Forward", "Index Name": "info_type_pkey", "Relation Name": "info_type", "Alias": "it2", "Startup Cost": 0.14, "Total Cost": 0.16, "Plan Rows": 1, "Plan Width": 4, "Actual Rows": 0, "Actual Loops": 9, "Index Cond": "(id = mi_idx2.info_type_id)", "Rows Removed by Index Recheck": 0, "Filter": "((info)::text = 'rating'::text)", "Rows Removed by Filter": 1, "Workers": []}]}]}]}]}, {"Node Type": "Index Scan", "Parent Relationship": "Inner", "Parallel Aware": false, "Async Capable": false, "Scan Direction": "Forward", "Index Name": "title_pkey", "Relation Name": "title", "Alias": "t1", "Startup Cost": 0.43, "Total Cost": 0.58, "Plan Rows": 1, "Plan Width": 25, "Actual Rows": 1, "Actual Loops": 39, "Index Cond": "(id = mi_idx1.movie_id)", "Rows Removed by Index Recheck": 0, "Workers": []}]}, {"Node Type": "Index Scan", "Parent Relationship": "Inner", "Parallel Aware": false, "Async Capable": false, "Scan Direction": "Forward", "Index Name": "kind_type_pkey", "Relation Name": "kind_type", "Alias": "kt1", "Startup Cost": 0.13, "Total Cost": 0.15, "Plan Rows": 1, "Plan Width": 4, "Actual Rows": 1, "Actual Loops": 39, "Index Cond": "(id = t1.kind_id)", "Rows Removed by Index Recheck": 0, "Filter": "((kind)::text = ANY ('{episode,movie}'::text[]))", "Rows Removed by Filter": 0, "Workers": []}]}]}]}, {"Node Type": "Index Scan", "Parent Relationship": "Inner", "Parallel Aware": false, "Async Capable": false, "Scan Direction": "Forward", "Index Name": "company_name_pkey", "Relation Name": "company_name", "Alias": "cn2", "Startup Cost": 0.42, "Total Cost": 0.44, "Plan Rows": 1, "Plan Width": 23, "Actual Rows": 1, "Actual Loops": 1386, "Index Cond": "(id = mc2.company_id)", "Rows Removed by Index Recheck": 0, "Workers": []}]}, {"Node Type": "Index Scan", "Parent Relationship": "Inner", "Parallel Aware": false, "Async Capable": false, "Scan Direction": "Forward", "Index Name": "title_pkey", "Relation Name": "title", "Alias": "t2", "Startup Cost": 0.43, "Total Cost": 0.52, "Plan Rows": 1, "Plan Width": 25, "Actual Rows": 1, "Actual Loops": 1386, "Index Cond": "(id = mc2.movie_id)", "Rows Removed by Index Recheck": 0, "Filter": "(production_year >= 1946)", "Rows Removed by Filter": 0, "Workers": []}]}, {"Node Type": "Index Scan", "Parent Relationship": "Inner", "Parallel Aware": false, "Async Capable": false, "Scan Direction": "Forward", "Index Name": "kind_type_pkey", "Relation Name": "kind_type", "Alias": "kt2", "Startup Cost": 0.13, "Total Cost": 0.15, "Plan Rows": 1, "Plan Width": 4, "Actual Rows": 1, "Actual Loops": 1386, "Index Cond": "(id = t2.kind_id)", "Rows Removed by Index Recheck": 0, "Filter": "((kind)::text = ANY ('{episode,movie}'::text[]))", "Rows Removed by Filter": 0, "Workers": []}]}]}]}]}, {"Node Type": "Index Scan", "Parent Relationship": "Inner", "Parallel Aware": false, "Async Capable": false, "Scan Direction": "Forward", "Index Name": "company_name_pkey", "Relation Name": "company_name", "Alias": "cn1", "Startup Cost": 0.42, "Total Cost": 0.45, "Plan Rows": 1, "Plan Width": 23, "Actual Rows": 1, "Actual Loops": 975, "Index Cond": "(id = mc1.company_id)", "Rows Removed by Index Recheck": 0, "Filter": "((country_code)::text <> '[sm]'::text)", "Rows Removed by Filter": 0}]}, {"Node Type": "Index Scan", "Parent Relationship": "Inner", "Parallel Aware": false, "Async Capable": false, "Scan Direction": "Forward", "Index Name": "info_type_pkey", "Relation Name": "info_type", "Alias": "it1", "Startup Cost": 0.14, "Total Cost": 0.16, "Plan Rows": 1, "Plan Width": 4, "Actual Rows": 0, "Actual Loops": 975, "Index Cond": "(id = mi_idx1.info_type_id)", "Rows Removed by Index Recheck": 0, "Filter": "((info)::text = 'votes'::text)", "Rows Removed by Filter": 1}]}]}, "Planning Time": 41.549, "Triggers": [], "Execution Time": 345.72}