{"Plan": {"Node Type": "Aggregate", "Strategy": "Plain", "Partial Mode": "Finalize", "Parallel Aware": false, "Async Capable": false, "Startup Cost": 827292.7, "Total Cost": 827292.71, "Plan Rows": 1, "Plan Width": 8, "Actual Rows": 1, "Actual Loops": 1, "Plans": [{"Node Type": "Gather", "Parent Relationship": "Outer", "Parallel Aware": false, "Async Capable": false, "Startup Cost": 827292.08, "Total Cost": 827292.69, "Plan Rows": 6, "Plan Width": 8, "Actual Rows": 7, "Actual Loops": 1, "Workers Planned": 6, "Workers Launched": 6, "Single Copy": false, "Plans": [{"Node Type": "Aggregate", "Strategy": "Plain", "Partial Mode": "Partial", "Parent Relationship": "Outer", "Parallel Aware": false, "Async Capable": false, "Startup Cost": 826292.08, "Total Cost": 826292.09, "Plan Rows": 1, "Plan Width": 8, "Actual Rows": 1, "Actual Loops": 7, "Workers": [], "Plans": [{"Node Type": "Nested Loop", "Parent Relationship": "Outer", "Parallel Aware": false, "Async Capable": false, "Join Type": "Inner", "Startup Cost": 41607.42, "Total Cost": 824982.16, "Plan Rows": 523968, "Plan Width": 0, "Actual Rows": 42709, "Actual Loops": 7, "Inner Unique": false, "Workers": [], "Plans": [{"Node Type": "Hash Join", "Parent Relationship": "Outer", "Parallel Aware": true, "Async Capable": false, "Join Type": "Inner", "Startup Cost": 41606.85, "Total Cost": 337358.47, "Plan Rows": 245516, "Plan Width": 4, "Actual Rows": 210298, "Actual Loops": 7, "Inner Unique": true, "Hash Cond": "(orders.o_custkey = customer.c_custkey)", "Workers": [], "Plans": [{"Node Type": "Seq Scan", "Parent Relationship": "Outer", "Parallel Aware": true, "Async Capable": false, "Relation Name": "orders", "Alias": "orders", "Startup Cost": 0.0, "Total Cost": 292521.79, "Plan Rows": 1230409, "Plan Width": 8, "Actual Rows": 1051150, "Actual Loops": 7, "Filter": "(o_orderdate < '1995-03-26'::date)", "Rows Removed by Filter": 1091707, "Workers": []}, {"Node Type": "Hash", "Parent Relationship": "Inner", "Parallel Aware": true, "Async Capable": false, "Startup Cost": 40671.5, "Total Cost": 40671.5, "Plan Rows": 74828, "Plan Width": 4, "Actual Rows": 42785, "Actual Loops": 7, "Hash Buckets": 524288, "Original Hash Buckets": 524288, "Hash Batches": 1, "Original Hash Batches": 1, "Peak Memory Usage": 15872, "Workers": [], "Plans": [{"Node Type": "Seq Scan", "Parent Relationship": "Outer", "Parallel Aware": true, "Async Capable": false, "Relation Name": "customer", "Alias": "customer", "Startup Cost": 0.0, "Total Cost": 40671.5, "Plan Rows": 74828, "Plan Width": 4, "Actual Rows": 42785, "Actual Loops": 7, "Filter": "(c_mktsegment = 'FURNITURE'::bpchar)", "Rows Removed by Filter": 171501, "Workers": []}]}]}, {"Node Type": "Index Scan", "Parent Relationship": "Inner", "Parallel Aware": false, "Async Capable": false, "Scan Direction": "Forward", "Index Name": "idx_lineitem_orderkey", "Relation Name": "lineitem", "Alias": "lineitem", "Startup Cost": 0.56, "Total Cost": 1.83, "Plan Rows": 16, "Plan Width": 4, "Actual Rows": 0, "Actual Loops": 1472088, "Index Cond": "(l_orderkey = orders.o_orderkey)", "Rows Removed by Index Recheck": 0, "Filter": "(l_shipdate > '1995-03-26'::date)", "Rows Removed by Filter": 4, "Workers": []}]}]}]}]}, "Planning Time": 2.246, "Triggers": [], "Execution Time": 2398.64}