{"Plan": {"Node Type": "Aggregate", "Strategy": "Plain", "Partial Mode": "Finalize", "Parallel Aware": false, "Async Capable": false, "Startup Cost": 828078.73, "Total Cost": 828078.74, "Plan Rows": 1, "Plan Width": 8, "Actual Rows": 1, "Actual Loops": 1, "Plans": [{"Node Type": "Gather", "Parent Relationship": "Outer", "Parallel Aware": false, "Async Capable": false, "Startup Cost": 828078.1, "Total Cost": 828078.71, "Plan Rows": 6, "Plan Width": 8, "Actual Rows": 7, "Actual Loops": 1, "Workers Planned": 6, "Workers Launched": 6, "Single Copy": false, "Plans": [{"Node Type": "Aggregate", "Strategy": "Plain", "Partial Mode": "Partial", "Parent Relationship": "Outer", "Parallel Aware": false, "Async Capable": false, "Startup Cost": 827078.1, "Total Cost": 827078.11, "Plan Rows": 1, "Plan Width": 8, "Actual Rows": 1, "Actual Loops": 7, "Workers": [], "Plans": [{"Node Type": "Nested Loop", "Parent Relationship": "Outer", "Parallel Aware": false, "Async Capable": false, "Join Type": "Inner", "Startup Cost": 41607.42, "Total Cost": 825769.22, "Plan Rows": 523551, "Plan Width": 0, "Actual Rows": 42729, "Actual Loops": 7, "Inner Unique": false, "Workers": [], "Plans": [{"Node Type": "Hash Join", "Parent Relationship": "Outer", "Parallel Aware": true, "Async Capable": false, "Join Type": "Inner", "Startup Cost": 41606.85, "Total Cost": 337366.2, "Plan Rows": 246104, "Plan Width": 4, "Actual Rows": 210837, "Actual Loops": 7, "Inner Unique": true, "Hash Cond": "(orders.o_custkey = customer.c_custkey)", "Workers": [], "Plans": [{"Node Type": "Seq Scan", "Parent Relationship": "Outer", "Parallel Aware": true, "Async Capable": false, "Relation Name": "orders", "Alias": "orders", "Startup Cost": 0.0, "Total Cost": 292521.79, "Plan Rows": 1233354, "Plan Width": 8, "Actual Rows": 1053800, "Actual Loops": 7, "Filter": "(o_orderdate < '1995-03-29'::date)", "Rows Removed by Filter": 1089058, "Workers": []}, {"Node Type": "Hash", "Parent Relationship": "Inner", "Parallel Aware": true, "Async Capable": false, "Startup Cost": 40671.5, "Total Cost": 40671.5, "Plan Rows": 74828, "Plan Width": 4, "Actual Rows": 42785, "Actual Loops": 7, "Hash Buckets": 524288, "Original Hash Buckets": 524288, "Hash Batches": 1, "Original Hash Batches": 1, "Peak Memory Usage": 15968, "Workers": [], "Plans": [{"Node Type": "Seq Scan", "Parent Relationship": "Outer", "Parallel Aware": true, "Async Capable": false, "Relation Name": "customer", "Alias": "customer", "Startup Cost": 0.0, "Total Cost": 40671.5, "Plan Rows": 74828, "Plan Width": 4, "Actual Rows": 42785, "Actual Loops": 7, "Filter": "(c_mktsegment = 'FURNITURE'::bpchar)", "Rows Removed by Filter": 171501, "Workers": []}]}]}, {"Node Type": "Index Scan", "Parent Relationship": "Inner", "Parallel Aware": false, "Async Capable": false, "Scan Direction": "Forward", "Index Name": "idx_lineitem_orderkey", "Relation Name": "lineitem", "Alias": "lineitem", "Startup Cost": 0.56, "Total Cost": 1.82, "Plan Rows": 16, "Plan Width": 4, "Actual Rows": 0, "Actual Loops": 1475858, "Index Cond": "(l_orderkey = orders.o_orderkey)", "Rows Removed by Index Recheck": 0, "Filter": "(l_shipdate > '1995-03-29'::date)", "Rows Removed by Filter": 4, "Workers": []}]}]}]}]}, "Planning Time": 2.383, "Triggers": [], "Execution Time": 2204.596}