[{"Plan": {"Node Type": "Aggregate", "Strategy": "Plain", "Partial Mode": "Simple", "Parallel Aware": false, "Async Capable": false, "Startup Cost": 97115.03, "Total Cost": 97115.04, "Plan Rows": 1, "Plan Width": 192, "Actual Rows": 1, "Actual Loops": 1, "Plans": [{"Node Type": "Nested Loop", "Parent Relationship": "Outer", "Parallel Aware": false, "Async Capable": false, "Join Type": "Inner", "Startup Cost": 66718.0, "Total Cost": 97115.02, "Plan Rows": 1, "Plan Width": 82, "Actual Rows": 134, "Actual Loops": 1, "Inner Unique": true, "Plans": [{"Node Type": "Nested Loop", "Parent Relationship": "Outer", "Parallel Aware": false, "Async Capable": false, "Join Type": "Inner", "Startup Cost": 66717.87, "Total Cost": 97114.85, "Plan Rows": 1, "Plan Width": 86, "Actual Rows": 134, "Actual Loops": 1, "Inner Unique": true, "Join Filter": "(t1.id = ml.movie_id)", "Rows Removed by Join Filter": 0, "Plans": [{"Node Type": "Nested Loop", "Parent Relationship": "Outer", "Parallel Aware": false, "Async Capable": false, "Join Type": "Inner", "Startup Cost": 66717.44, "Total Cost": 97114.32, "Plan Rows": 1, "Plan Width": 77, "Actual Rows": 134, "Actual Loops": 1, "Inner Unique": true, "Plans": [{"Node Type": "Gather", "Parent Relationship": "Outer", "Parallel Aware": false, "Async Capable": false, "Startup Cost": 66717.02, "Total Cost": 97113.88, "Plan Rows": 1, "Plan Width": 62, "Actual Rows": 134, "Actual Loops": 1, "Workers Planned": 3, "Workers Launched": 3, "Single Copy": false, "Plans": [{"Node Type": "Hash Join", "Parent Relationship": "Outer", "Parallel Aware": true, "Async Capable": false, "Join Type": "Inner", "Startup Cost": 65717.02, "Total Cost": 96113.78, "Plan Rows": 1, "Plan Width": 62, "Actual Rows": 34, "Actual Loops": 4, "Inner Unique": false, "Hash Cond": "(mc2.movie_id = t2.id)", "Workers": [], "Plans": [{"Node Type": "Seq Scan", "Parent Relationship": "Outer", "Parallel Aware": true, "Async Capable": false, "Relation Name": "movie_companies", "Alias": "mc2", "Startup Cost": 0.0, "Total Cost": 27240.55, "Plan Rows": 841655, "Plan Width": 8, "Actual Rows": 652282, "Actual Loops": 4, "Workers": []}, {"Node Type": "Hash", "Parent Relationship": "Inner", "Parallel Aware": true, "Async Capable": false, "Startup Cost": 65717.01, "Total Cost": 65717.01, "Plan Rows": 1, "Plan Width": 70, "Actual Rows": 1, "Actual Loops": 4, "Hash Buckets": 1024, "Original Hash Buckets": 1024, "Hash Batches": 1, "Original Hash Batches": 1, "Peak Memory Usage": 104, "Workers": [], "Plans": [{"Node Type": "Nested Loop", "Parent Relationship": "Outer", "Parallel Aware": false, "Async Capable": false, "Join Type": "Inner", "Startup Cost": 35320.22, "Total Cost": 65717.01, "Plan Rows": 1, "Plan Width": 70, "Actual Rows": 1, "Actual Loops": 4, "Inner Unique": true, "Workers": [], "Plans": [{"Node Type": "Hash Join", "Parent Relationship": "Outer", "Parallel Aware": true, "Async Capable": false, "Join Type": "Inner", "Startup Cost": 35319.8, "Total Cost": 65716.56, "Plan Rows": 1, "Plan Width": 55, "Actual Rows": 59, "Actual Loops": 4, "Inner Unique": false, "Hash Cond": "(mc1.movie_id = ml.movie_id)", "Workers": [], "Plans": [{"Node Type": "Seq Scan", "Parent Relationship": "Outer", "Parallel Aware": true, "Async Capable": false, "Relation Name": "movie_companies", "Alias": "mc1", "Startup Cost": 0.0, "Total Cost": 27240.55, "Plan Rows": 841655, "Plan Width": 8, "Actual Rows": 652282, "Actual Loops": 4, "Workers": []}, {"Node Type": "Hash", "Parent Relationship": "Inner", "Parallel Aware": true, "Async Capable": false, "Startup Cost": 35319.79, "Total Cost": 35319.79, "Plan Rows": 1, "Plan Width": 47, "Actual Rows": 26, "Actual Loops": 4, "Hash Buckets": 1024, "Original Hash Buckets": 1024, "Hash Batches": 1, "Original Hash Batches": 1, "Peak Memory Usage": 136, "Workers": [], "Plans": [{"Node Type": "Nested Loop", "Parent Relationship": "Outer", "Parallel Aware": false, "Async Capable": false, "Join Type": "Inner", "Startup Cost": 20016.48, "Total Cost": 35319.79, "Plan Rows": 1, "Plan Width": 47, "Actual Rows": 26, "Actual Loops": 4, "Inner Unique": true, "Workers": [], "Plans": [{"Node Type": "Hash Join", "Parent Relationship": "Outer", "Parallel Aware": true, "Async Capable": false, "Join Type": "Inner", "Startup Cost": 20016.35, "Total Cost": 35319.62, "Plan Rows": 1, "Plan Width": 51, "Actual Rows": 204, "Actual Loops": 4, "Inner Unique": false, "Hash Cond": "(mi_idx1.movie_id = ml.movie_id)", "Workers": [], "Plans": [{"Node Type": "Hash Join", "Parent Relationship": "Outer", "Parallel Aware": false, "Async Capable": false, "Join Type": "Inner", "Startup Cost": 2.43, "Total Cost": 15286.6, "Plan Rows": 5089, "Plan Width": 9, "Actual Rows": 114981, "Actual Loops": 4, "Inner Unique": true, "Hash Cond": "(mi_idx1.info_type_id = it1.id)", "Workers": [], "Plans": [{"Node Type": "Seq Scan", "Parent Relationship": "Outer", "Parallel Aware": true, "Async Capable": false, "Relation Name": "movie_info_idx", "Alias": "mi_idx1", "Startup Cost": 0.0, "Total Cost": 13718.15, "Plan Rows": 575015, "Plan Width": 13, "Actual Rows": 345009, "Actual Loops": 4, "Workers": []}, {"Node Type": "Hash", "Parent Relationship": "Inner", "Parallel Aware": false, "Async Capable": false, "Startup Cost": 2.41, "Total Cost": 2.41, "Plan Rows": 1, "Plan Width": 4, "Actual Rows": 1, "Actual Loops": 4, "Hash Buckets": 1024, "Original Hash Buckets": 1024, "Hash Batches": 1, "Original Hash Batches": 1, "Peak Memory Usage": 9, "Workers": [], "Plans": [{"Node Type": "Seq Scan", "Parent Relationship": "Outer", "Parallel Aware": false, "Async Capable": false, "Relation Name": "info_type", "Alias": "it1", "Startup Cost": 0.0, "Total Cost": 2.41, "Plan Rows": 1, "Plan Width": 4, "Actual Rows": 1, "Actual Loops": 4, "Filter": "((info)::text = 'votes'::text)", "Rows Removed by Filter": 112, "Workers": []}]}]}, {"Node Type": "Hash", "Parent Relationship": "Inner", "Parallel Aware": true, "Async Capable": false, "Startup Cost": 20013.9, "Total Cost": 20013.9, "Plan Rows": 2, "Plan Width": 42, "Actual Rows": 302, "Actual Loops": 4, "Hash Buckets": 2048, "Original Hash Buckets": 1024, "Hash Batches": 1, "Original Hash Batches": 1, "Peak Memory Usage": 152, "Workers": [], "Plans": [{"Node Type": "Hash Join", "Parent Relationship": "Outer", "Parallel Aware": false, "Async Capable": false, "Join Type": "Inner", "Startup Cost": 841.89, "Total Cost": 20013.9, "Plan Rows": 2, "Plan Width": 42, "Actual Rows": 302, "Actual Loops": 4, "Inner Unique": false, "Hash Cond": "(t2.id = ml.linked_movie_id)", "Workers": [], "Plans": [{"Node Type": "Hash Join", "Parent Relationship": "Outer", "Parallel Aware": false, "Async Capable": false, "Join Type": "Inner", "Startup Cost": 3.96, "Total Cost": 19145.19, "Plan Rows": 185, "Plan Width": 30, "Actual Rows": 30, "Actual Loops": 4, "Inner Unique": true, "Hash Cond": "(t2.kind_id = kt2.id)", "Workers": [], "Plans": [{"Node Type": "Nested Loop", "Parent Relationship": "Outer", "Parallel Aware": false, "Async Capable": false, "Join Type": "Inner", "Startup Cost": 2.86, "Total Cost": 19138.61, "Plan Rows": 1299, "Plan Width": 34, "Actual Rows": 30, "Actual Loops": 4, "Inner Unique": true, "Workers": [], "Plans": [{"Node Type": "Hash Join", "Parent Relationship": "Outer", "Parallel Aware": false, "Async Capable": false, "Join Type": "Inner", "Startup Cost": 2.43, "Total Cost": 16505.03, "Plan Rows": 4377, "Plan Width": 9, "Actual Rows": 55, "Actual Loops": 4, "Inner Unique": true, "Hash Cond": "(mi_idx2.info_type_id = it2.id)", "Workers": [], "Plans": [{"Node Type": "Seq Scan", "Parent Relationship": "Outer", "Parallel Aware": true, "Async Capable": false, "Relation Name": "movie_info_idx", "Alias": "mi_idx2", "Startup Cost": 0.0, "Total Cost": 15155.68, "Plan Rows": 494562, "Plan Width": 13, "Actual Rows": 296767, "Actual Loops": 4, "Filter": "((info)::text <= '7.0'::text)", "Rows Removed by Filter": 48242, "Workers": []}, {"Node Type": "Hash", "Parent Relationship": "Inner", "Parallel Aware": false, "Async Capable": false, "Startup Cost": 2.41, "Total Cost": 2.41, "Plan Rows": 1, "Plan Width": 4, "Actual Rows": 1, "Actual Loops": 4, "Hash Buckets": 1024, "Original Hash Buckets": 1024, "Hash Batches": 1, "Original Hash Batches": 1, "Peak Memory Usage": 9, "Workers": [], "Plans": [{"Node Type": "Seq Scan", "Parent Relationship": "Outer", "Parallel Aware": false, "Async Capable": false, "Relation Name": "info_type", "Alias": "it2", "Startup Cost": 0.0, "Total Cost": 2.41, "Plan Rows": 1, "Plan Width": 4, "Actual Rows": 1, "Actual Loops": 4, "Filter": "((info)::text = 'top 250 rank'::text)", "Rows Removed by Filter": 112, "Workers": []}]}]}, {"Node Type": "Index Scan", "Parent Relationship": "Inner", "Parallel Aware": false, "Async Capable": false, "Scan Direction": "Forward", "Index Name": "title_pkey", "Relation Name": "title", "Alias": "t2", "Startup Cost": 0.43, "Total Cost": 0.6, "Plan Rows": 1, "Plan Width": 25, "Actual Rows": 1, "Actual Loops": 219, "Index Cond": "(id = mi_idx2.movie_id)", "Rows Removed by Index Recheck": 0, "Filter": "(production_year <= 1992)", "Rows Removed by Filter": 0, "Workers": []}]}, {"Node Type": "Hash", "Parent Relationship": "Inner", "Parallel Aware": false, "Async Capable": false, "Startup Cost": 1.09, "Total Cost": 1.09, "Plan Rows": 1, "Plan Width": 4, "Actual Rows": 1, "Actual Loops": 4, "Hash Buckets": 1024, "Original Hash Buckets": 1024, "Hash Batches": 1, "Original Hash Batches": 1, "Peak Memory Usage": 9, "Workers": [], "Plans": [{"Node Type": "Seq Scan", "Parent Relationship": "Outer", "Parallel Aware": false, "Async Capable": false, "Relation Name": "kind_type", "Alias": "kt2", "Startup Cost": 0.0, "Total Cost": 1.09, "Plan Rows": 1, "Plan Width": 4, "Actual Rows": 1, "Actual Loops": 4, "Filter": "((kind)::text = 'movie'::text)", "Rows Removed by Filter": 6, "Workers": []}]}]}, {"Node Type": "Hash", "Parent Relationship": "Inner", "Parallel Aware": false, "Async Capable": false, "Startup Cost": 462.97, "Total Cost": 462.97, "Plan Rows": 29997, "Plan Width": 12, "Actual Rows": 29997, "Actual Loops": 2, "Hash Buckets": 32768, "Original Hash Buckets": 32768, "Hash Batches": 1, "Original Hash Batches": 1, "Peak Memory Usage": 1545, "Workers": [], "Plans": [{"Node Type": "Seq Scan", "Parent Relationship": "Outer", "Parallel Aware": false, "Async Capable": false, "Relation Name": "movie_link", "Alias": "ml", "Startup Cost": 0.0, "Total Cost": 462.97, "Plan Rows": 29997, "Plan Width": 12, "Actual Rows": 29997, "Actual Loops": 2, "Workers": []}]}]}]}]}, {"Node Type": "Index Scan", "Parent Relationship": "Inner", "Parallel Aware": false, "Async Capable": false, "Scan Direction": "Forward", "Index Name": "link_type_pkey", "Relation Name": "link_type", "Alias": "lt", "Startup Cost": 0.14, "Total Cost": 0.16, "Plan Rows": 1, "Plan Width": 4, "Actual Rows": 0, "Actual Loops": 815, "Index Cond": "(id = ml.link_type_id)", "Rows Removed by Index Recheck": 0, "Filter": "((link)::text = ANY ('{\"featured in\",features,features}'::text[]))", "Rows Removed by Filter": 1, "Workers": []}]}]}]}, {"Node Type": "Index Scan", "Parent Relationship": "Inner", "Parallel Aware": false, "Async Capable": false, "Scan Direction": "Forward", "Index Name": "company_name_pkey", "Relation Name": "company_name", "Alias": "cn1", "Startup Cost": 0.42, "Total Cost": 0.45, "Plan Rows": 1, "Plan Width": 23, "Actual Rows": 0, "Actual Loops": 237, "Index Cond": "(id = mc1.company_id)", "Rows Removed by Index Recheck": 0, "Filter": "((country_code)::text = '[de]'::text)", "Rows Removed by Filter": 1, "Workers": []}]}]}]}]}, {"Node Type": "Index Scan", "Parent Relationship": "Inner", "Parallel Aware": false, "Async Capable": false, "Scan Direction": "Forward", "Index Name": "company_name_pkey", "Relation Name": "company_name", "Alias": "cn2", "Startup Cost": 0.42, "Total Cost": 0.44, "Plan Rows": 1, "Plan Width": 23, "Actual Rows": 1, "Actual Loops": 134, "Index Cond": "(id = mc2.company_id)", "Rows Removed by Index Recheck": 0}]}, {"Node Type": "Index Scan", "Parent Relationship": "Inner", "Parallel Aware": false, "Async Capable": false, "Scan Direction": "Forward", "Index Name": "title_pkey", "Relation Name": "title", "Alias": "t1", "Startup Cost": 0.43, "Total Cost": 0.52, "Plan Rows": 1, "Plan Width": 25, "Actual Rows": 1, "Actual Loops": 134, "Index Cond": "(id = mc1.movie_id)", "Rows Removed by Index Recheck": 0}]}, {"Node Type": "Index Scan", "Parent Relationship": "Inner", "Parallel Aware": false, "Async Capable": false, "Scan Direction": "Forward", "Index Name": "kind_type_pkey", "Relation Name": "kind_type", "Alias": "kt1", "Startup Cost": 0.13, "Total Cost": 0.15, "Plan Rows": 1, "Plan Width": 4, "Actual Rows": 1, "Actual Loops": 134, "Index Cond": "(id = t1.kind_id)", "Rows Removed by Index Recheck": 0, "Filter": "((kind)::text = ANY ('{episode,movie}'::text[]))", "Rows Removed by Filter": 0}]}]}, "Planning Time": 41.61, "Triggers": [], "Execution Time": 380.925}, {"Plan": {"Node Type": "Aggregate", "Strategy": "Plain", "Partial Mode": "Simple", "Parallel Aware": false, "Async Capable": false, "Startup Cost": 95367.99, "Total Cost": 95368.0, "Plan Rows": 1, "Plan Width": 192, "Actual Rows": 1, "Actual Loops": 1, "Plans": [{"Node Type": "Nested Loop", "Parent Relationship": "Outer", "Parallel Aware": false, "Async Capable": false, "Join Type": "Inner", "Startup Cost": 64968.32, "Total Cost": 95367.97, "Plan Rows": 1, "Plan Width": 82, "Actual Rows": 134, "Actual Loops": 1, "Inner Unique": false, "Join Filter": "(it2.id = mi_idx2.info_type_id)", "Rows Removed by Join Filter": 958, "Plans": [{"Node Type": "Seq Scan", "Parent Relationship": "Outer", "Parallel Aware": false, "Async Capable": false, "Relation Name": "info_type", "Alias": "it2", "Startup Cost": 0.0, "Total Cost": 2.41, "Plan Rows": 1, "Plan Width": 4, "Actual Rows": 1, "Actual Loops": 1, "Filter": "((info)::text = 'top 250 rank'::text)", "Rows Removed by Filter": 112}, {"Node Type": "Gather", "Parent Relationship": "Inner", "Parallel Aware": false, "Async Capable": false, "Startup Cost": 64968.32, "Total Cost": 95365.51, "Plan Rows": 4, "Plan Width": 86, "Actual Rows": 1092, "Actual Loops": 1, "Workers Planned": 3, "Workers Launched": 3, "Single Copy": false, "Plans": [{"Node Type": "Nested Loop", "Parent Relationship": "Outer", "Parallel Aware": false, "Async Capable": false, "Join Type": "Inner", "Startup Cost": 63968.32, "Total Cost": 94365.11, "Plan Rows": 1, "Plan Width": 86, "Actual Rows": 273, "Actual Loops": 4, "Inner Unique": true, "Workers": [], "Plans": [{"Node Type": "Hash Join", "Parent Relationship": "Outer", "Parallel Aware": true, "Async Capable": false, "Join Type": "Inner", "Startup Cost": 63967.9, "Total Cost": 94364.67, "Plan Rows": 1, "Plan Width": 71, "Actual Rows": 273, "Actual Loops": 4, "Inner Unique": false, "Hash Cond": "(mc2.movie_id = t2.id)", "Workers": [], "Plans": [{"Node Type": "Seq Scan", "Parent Relationship": "Outer", "Parallel Aware": true, "Async Capable": false, "Relation Name": "movie_companies", "Alias": "mc2", "Startup Cost": 0.0, "Total Cost": 27240.55, "Plan Rows": 841655, "Plan Width": 8, "Actual Rows": 652282, "Actual Loops": 4, "Workers": []}, {"Node Type": "Hash", "Parent Relationship": "Inner", "Parallel Aware": true, "Async Capable": false, "Startup Cost": 63967.89, "Total Cost": 63967.89, "Plan Rows": 1, "Plan Width": 79, "Actual Rows": 20, "Actual Loops": 4, "Hash Buckets": 1024, "Original Hash Buckets": 1024, "Hash Batches": 1, "Original Hash Batches": 1, "Peak Memory Usage": 136, "Workers": [], "Plans": [{"Node Type": "Nested Loop", "Parent Relationship": "Outer", "Parallel Aware": false, "Async Capable": false, "Join Type": "Inner", "Startup Cost": 33568.87, "Total Cost": 63967.89, "Plan Rows": 1, "Plan Width": 79, "Actual Rows": 20, "Actual Loops": 4, "Inner Unique": true, "Workers": [], "Plans": [{"Node Type": "Hash Join", "Parent Relationship": "Outer", "Parallel Aware": true, "Async Capable": false, "Join Type": "Inner", "Startup Cost": 33568.45, "Total Cost": 63965.22, "Plan Rows": 6, "Plan Width": 64, "Actual Rows": 1696, "Actual Loops": 4, "Inner Unique": false, "Hash Cond": "(mc1.movie_id = t1.id)", "Workers": [], "Plans": [{"Node Type": "Seq Scan", "Parent Relationship": "Outer", "Parallel Aware": true, "Async Capable": false, "Relation Name": "movie_companies", "Alias": "mc1", "Startup Cost": 0.0, "Total Cost": 27240.55, "Plan Rows": 841655, "Plan Width": 8, "Actual Rows": 652282, "Actual Loops": 4, "Workers": []}, {"Node Type": "Hash", "Parent Relationship": "Inner", "Parallel Aware": true, "Async Capable": false, "Startup Cost": 33568.43, "Total Cost": 33568.43, "Plan Rows": 2, "Plan Width": 72, "Actual Rows": 566, "Actual Loops": 4, "Hash Buckets": 2048, "Original Hash Buckets": 1024, "Hash Batches": 1, "Original Hash Batches": 1, "Peak Memory Usage": 376, "Workers": [], "Plans": [{"Node Type": "Hash Join", "Parent Relationship": "Outer", "Parallel Aware": false, "Async Capable": false, "Join Type": "Inner", "Startup Cost": 16532.55, "Total Cost": 33568.43, "Plan Rows": 2, "Plan Width": 72, "Actual Rows": 566, "Actual Loops": 4, "Inner Unique": true, "Hash Cond": "(t2.kind_id = kt2.id)", "Workers": [], "Plans": [{"Node Type": "Nested Loop", "Parent Relationship": "Outer", "Parallel Aware": false, "Async Capable": false, "Join Type": "Inner", "Startup Cost": 16531.45, "Total Cost": 33567.28, "Plan Rows": 12, "Plan Width": 76, "Actual Rows": 748, "Actual Loops": 4, "Inner Unique": true, "Join Filter": "(t2.id = ml.linked_movie_id)", "Rows Removed by Join Filter": 0, "Workers": [], "Plans": [{"Node Type": "Hash Join", "Parent Relationship": "Outer", "Parallel Aware": true, "Async Capable": false, "Join Type": "Inner", "Startup Cost": 16531.02, "Total Cost": 33541.48, "Plan Rows": 42, "Plan Width": 51, "Actual Rows": 1150, "Actual Loops": 4, "Inner Unique": false, "Hash Cond": "(mi_idx2.movie_id = ml.linked_movie_id)", "Workers": [], "Plans": [{"Node Type": "Seq Scan", "Parent Relationship": "Outer", "Parallel Aware": true, "Async Capable": false, "Relation Name": "movie_info_idx", "Alias": "mi_idx2", "Startup Cost": 0.0, "Total Cost": 15155.68, "Plan Rows": 494562, "Plan Width": 13, "Actual Rows": 296767, "Actual Loops": 4, "Filter": "((info)::text <= '7.0'::text)", "Rows Removed by Filter": 48242, "Workers": []}, {"Node Type": "Hash", "Parent Relationship": "Inner", "Parallel Aware": true, "Async Capable": false, "Startup Cost": 16530.82, "Total Cost": 16530.82, "Plan Rows": 16, "Plan Width": 38, "Actual Rows": 515, "Actual Loops": 4, "Hash Buckets": 2048, "Original Hash Buckets": 1024, "Hash Batches": 1, "Original Hash Batches": 1, "Peak Memory Usage": 216, "Workers": [], "Plans": [{"Node Type": "Nested Loop", "Parent Relationship": "Outer", "Parallel Aware": false, "Async Capable": false, "Join Type": "Inner", "Startup Cost": 16469.21, "Total Cost": 16530.82, "Plan Rows": 16, "Plan Width": 38, "Actual Rows": 515, "Actual Loops": 4, "Inner Unique": true, "Workers": [], "Plans": [{"Node Type": "Nested Loop", "Parent Relationship": "Outer", "Parallel Aware": false, "Async Capable": false, "Join Type": "Inner", "Startup Cost": 16469.07, "Total Cost": 16528.42, "Plan Rows": 56, "Plan Width": 42, "Actual Rows": 947, "Actual Loops": 4, "Inner Unique": true, "Join Filter": "(t1.id = ml.movie_id)", "Rows Removed by Join Filter": 0, "Workers": [], "Plans": [{"Node Type": "Merge Join", "Parent Relationship": "Outer", "Parallel Aware": false, "Async Capable": false, "Join Type": "Inner", "Startup Cost": 16468.64, "Total Cost": 16495.35, "Plan Rows": 56, "Plan Width": 17, "Actual Rows": 947, "Actual Loops": 4, "Inner Unique": false, "Merge Cond": "(mi_idx1.movie_id = ml.movie_id)", "Workers": [], "Plans": [{"Node Type": "Sort", "Parent Relationship": "Outer", "Parallel Aware": false, "Async Capable": false, "Startup Cost": 15599.91, "Total Cost": 15612.63, "Plan Rows": 5089, "Plan Width": 9, "Actual Rows": 4708, "Actual Loops": 4, "Sort Key": ["mi_idx1.movie_id"], "Sort Method": "quicksort", "Sort Space Used": 11483, "Sort Space Type": "Memory", "Workers": [{"Worker Number": 0, "Sort Method": "quicksort", "Sort Space Used": 6122, "Sort Space Type": "Memory"}, {"Worker Number": 1, "Sort Method": "quicksort", "Sort Space Used": 6178, "Sort Space Type": "Memory"}, {"Worker Number": 2, "Sort Method": "quicksort", "Sort Space Used": 6113, "Sort Space Type": "Memory"}], "Plans": [{"Node Type": "Hash Join", "Parent Relationship": "Outer", "Parallel Aware": false, "Async Capable": false, "Join Type": "Inner", "Startup Cost": 2.43, "Total Cost": 15286.6, "Plan Rows": 5089, "Plan Width": 9, "Actual Rows": 114981, "Actual Loops": 4, "Inner Unique": true, "Hash Cond": "(mi_idx1.info_type_id = it1.id)", "Workers": [], "Plans": [{"Node Type": "Seq Scan", "Parent Relationship": "Outer", "Parallel Aware": true, "Async Capable": false, "Relation Name": "movie_info_idx", "Alias": "mi_idx1", "Startup Cost": 0.0, "Total Cost": 13718.15, "Plan Rows": 575015, "Plan Width": 13, "Actual Rows": 345009, "Actual Loops": 4, "Workers": []}, {"Node Type": "Hash", "Parent Relationship": "Inner", "Parallel Aware": false, "Async Capable": false, "Startup Cost": 2.41, "Total Cost": 2.41, "Plan Rows": 1, "Plan Width": 4, "Actual Rows": 1, "Actual Loops": 4, "Hash Buckets": 1024, "Original Hash Buckets": 1024, "Hash Batches": 1, "Original Hash Batches": 1, "Peak Memory Usage": 9, "Workers": [], "Plans": [{"Node Type": "Seq Scan", "Parent Relationship": "Outer", "Parallel Aware": false, "Async Capable": false, "Relation Name": "info_type", "Alias": "it1", "Startup Cost": 0.0, "Total Cost": 2.41, "Plan Rows": 1, "Plan Width": 4, "Actual Rows": 1, "Actual Loops": 4, "Filter": "((info)::text = 'votes'::text)", "Rows Removed by Filter": 112, "Workers": []}]}]}]}, {"Node Type": "Sort", "Parent Relationship": "Inner", "Parallel Aware": false, "Async Capable": false, "Startup Cost": 868.72, "Total Cost": 881.22, "Plan Rows": 5000, "Plan Width": 8, "Actual Rows": 7409, "Actual Loops": 4, "Sort Key": ["ml.movie_id"], "Sort Method": "quicksort", "Sort Space Used": 424, "Sort Space Type": "Memory", "Workers": [{"Worker Number": 0, "Sort Method": "quicksort", "Sort Space Used": 424, "Sort Space Type": "Memory"}, {"Worker Number": 1, "Sort Method": "quicksort", "Sort Space Used": 424, "Sort Space Type": "Memory"}, {"Worker Number": 2, "Sort Method": "quicksort", "Sort Space Used": 424, "Sort Space Type": "Memory"}], "Plans": [{"Node Type": "Hash Join", "Parent Relationship": "Outer", "Parallel Aware": false, "Async Capable": false, "Join Type": "Inner", "Startup Cost": 1.29, "Total Cost": 561.53, "Plan Rows": 5000, "Plan Width": 8, "Actual Rows": 7409, "Actual Loops": 4, "Inner Unique": true, "Hash Cond": "(ml.link_type_id = lt.id)", "Workers": [], "Plans": [{"Node Type": "Seq Scan", "Parent Relationship": "Outer", "Parallel Aware": false, "Async Capable": false, "Relation Name": "movie_link", "Alias": "ml", "Startup Cost": 0.0, "Total Cost": 462.97, "Plan Rows": 29997, "Plan Width": 12, "Actual Rows": 29997, "Actual Loops": 4, "Workers": []}, {"Node Type": "Hash", "Parent Relationship": "Inner", "Parallel Aware": false, "Async Capable": false, "Startup Cost": 1.25, "Total Cost": 1.25, "Plan Rows": 3, "Plan Width": 4, "Actual Rows": 2, "Actual Loops": 4, "Hash Buckets": 1024, "Original Hash Buckets": 1024, "Hash Batches": 1, "Original Hash Batches": 1, "Peak Memory Usage": 9, "Workers": [], "Plans": [{"Node Type": "Seq Scan", "Parent Relationship": "Outer", "Parallel Aware": false, "Async Capable": false, "Relation Name": "link_type", "Alias": "lt", "Startup Cost": 0.0, "Total Cost": 1.25, "Plan Rows": 3, "Plan Width": 4, "Actual Rows": 2, "Actual Loops": 4, "Filter": "((link)::text = ANY ('{\"featured in\",features,features}'::text[]))", "Rows Removed by Filter": 16, "Workers": []}]}]}]}]}, {"Node Type": "Index Scan", "Parent Relationship": "Inner", "Parallel Aware": false, "Async Capable": false, "Scan Direction": "Forward", "Index Name": "title_pkey", "Relation Name": "title", "Alias": "t1", "Startup Cost": 0.43, "Total Cost": 0.58, "Plan Rows": 1, "Plan Width": 25, "Actual Rows": 1, "Actual Loops": 3787, "Index Cond": "(id = mi_idx1.movie_id)", "Rows Removed by Index Recheck": 0, "Workers": []}]}, {"Node Type": "Memoize", "Parent Relationship": "Inner", "Parallel Aware": false, "Async Capable": false, "Startup Cost": 0.14, "Total Cost": 0.16, "Plan Rows": 1, "Plan Width": 4, "Actual Rows": 1, "Actual Loops": 3787, "Cache Key": "t1.kind_id", "Cache Mode": "logical", "Cache Hits": 3785, "Cache Misses": 2, "Cache Evictions": 0, "Cache Overflows": 0, "Peak Memory Usage": 1, "Workers": [], "Plans": [{"Node Type": "Index Scan", "Parent Relationship": "Outer", "Parallel Aware": false, "Async Capable": false, "Scan Direction": "Forward", "Index Name": "kind_type_pkey", "Relation Name": "kind_type", "Alias": "kt1", "Startup Cost": 0.13, "Total Cost": 0.15, "Plan Rows": 1, "Plan Width": 4, "Actual Rows": 0, "Actual Loops": 2, "Index Cond": "(id = t1.kind_id)", "Rows Removed by Index Recheck": 0, "Filter": "((kind)::text = ANY ('{episode,movie}'::text[]))", "Rows Removed by Filter": 0, "Workers": []}]}]}]}]}, {"Node Type": "Index Scan", "Parent Relationship": "Inner", "Parallel Aware": false, "Async Capable": false, "Scan Direction": "Forward", "Index Name": "title_pkey", "Relation Name": "title", "Alias": "t2", "Startup Cost": 0.43, "Total Cost": 0.6, "Plan Rows": 1, "Plan Width": 25, "Actual Rows": 1, "Actual Loops": 4599, "Index Cond": "(id = mi_idx2.movie_id)", "Rows Removed by Index Recheck": 0, "Filter": "(production_year <= 1992)", "Rows Removed by Filter": 0, "Workers": []}]}, {"Node Type": "Hash", "Parent Relationship": "Inner", "Parallel Aware": false, "Async Capable": false, "Startup Cost": 1.09, "Total Cost": 1.09, "Plan Rows": 1, "Plan Width": 4, "Actual Rows": 1, "Actual Loops": 4, "Hash Buckets": 1024, "Original Hash Buckets": 1024, "Hash Batches": 1, "Original Hash Batches": 1, "Peak Memory Usage": 9, "Workers": [], "Plans": [{"Node Type": "Seq Scan", "Parent Relationship": "Outer", "Parallel Aware": false, "Async Capable": false, "Relation Name": "kind_type", "Alias": "kt2", "Startup Cost": 0.0, "Total Cost": 1.09, "Plan Rows": 1, "Plan Width": 4, "Actual Rows": 1, "Actual Loops": 4, "Filter": "((kind)::text = 'movie'::text)", "Rows Removed by Filter": 6, "Workers": []}]}]}]}]}, {"Node Type": "Index Scan", "Parent Relationship": "Inner", "Parallel Aware": false, "Async Capable": false, "Scan Direction": "Forward", "Index Name": "company_name_pkey", "Relation Name": "company_name", "Alias": "cn1", "Startup Cost": 0.42, "Total Cost": 0.45, "Plan Rows": 1, "Plan Width": 23, "Actual Rows": 0, "Actual Loops": 6785, "Index Cond": "(id = mc1.company_id)", "Rows Removed by Index Recheck": 0, "Filter": "((country_code)::text = '[de]'::text)", "Rows Removed by Filter": 1, "Workers": []}]}]}]}, {"Node Type": "Index Scan", "Parent Relationship": "Inner", "Parallel Aware": false, "Async Capable": false, "Scan Direction": "Forward", "Index Name": "company_name_pkey", "Relation Name": "company_name", "Alias": "cn2", "Startup Cost": 0.42, "Total Cost": 0.44, "Plan Rows": 1, "Plan Width": 23, "Actual Rows": 1, "Actual Loops": 1092, "Index Cond": "(id = mc2.company_id)", "Rows Removed by Index Recheck": 0, "Workers": []}]}]}]}]}, "Planning Time": 68.086, "Triggers": [], "Execution Time": 458.717}, {"Plan": {"Node Type": "Aggregate", "Strategy": "Plain", "Partial Mode": "Simple", "Parallel Aware": false, "Async Capable": false, "Startup Cost": 98596.01, "Total Cost": 98596.02, "Plan Rows": 1, "Plan Width": 192, "Actual Rows": 1, "Actual Loops": 1, "Plans": [{"Node Type": "Gather", "Parent Relationship": "Outer", "Parallel Aware": false, "Async Capable": false, "Startup Cost": 68198.65, "Total Cost": 98596.0, "Plan Rows": 1, "Plan Width": 82, "Actual Rows": 134, "Actual Loops": 1, "Workers Planned": 3, "Workers Launched": 3, "Single Copy": false, "Plans": [{"Node Type": "Hash Join", "Parent Relationship": "Outer", "Parallel Aware": true, "Async Capable": false, "Join Type": "Inner", "Startup Cost": 67198.65, "Total Cost": 97595.9, "Plan Rows": 1, "Plan Width": 82, "Actual Rows": 34, "Actual Loops": 4, "Inner Unique": false, "Hash Cond": "(t1.id = mi_idx1.movie_id)", "Workers": [], "Plans": [{"Node Type": "Nested Loop", "Parent Relationship": "Outer", "Parallel Aware": false, "Async Capable": false, "Join Type": "Inner", "Startup Cost": 17416.08, "Total Cost": 47813.31, "Plan Rows": 2, "Plan Width": 66, "Actual Rows": 2182, "Actual Loops": 4, "Inner Unique": true, "Workers": [], "Plans": [{"Node Type": "Hash Join", "Parent Relationship": "Outer", "Parallel Aware": true, "Async Capable": false, "Join Type": "Inner", "Startup Cost": 17415.66, "Total Cost": 47812.42, "Plan Rows": 2, "Plan Width": 51, "Actual Rows": 2182, "Actual Loops": 4, "Inner Unique": false, "Hash Cond": "(mc2.movie_id = t2.id)", "Workers": [], "Plans": [{"Node Type": "Seq Scan", "Parent Relationship": "Outer", "Parallel Aware": true, "Async Capable": false, "Relation Name": "movie_companies", "Alias": "mc2", "Startup Cost": 0.0, "Total Cost": 27240.55, "Plan Rows": 841655, "Plan Width": 8, "Actual Rows": 652282, "Actual Loops": 4, "Workers": []}, {"Node Type": "Hash", "Parent Relationship": "Inner", "Parallel Aware": true, "Async Capable": false, "Startup Cost": 17415.65, "Total Cost": 17415.65, "Plan Rows": 1, "Plan Width": 59, "Actual Rows": 59, "Actual Loops": 4, "Hash Buckets": 1024, "Original Hash Buckets": 1024, "Hash Batches": 1, "Original Hash Batches": 1, "Peak Memory Usage": 72, "Workers": [], "Plans": [{"Node Type": "Nested Loop", "Parent Relationship": "Outer", "Parallel Aware": false, "Async Capable": false, "Join Type": "Inner", "Startup Cost": 628.55, "Total Cost": 17415.65, "Plan Rows": 1, "Plan Width": 59, "Actual Rows": 59, "Actual Loops": 4, "Inner Unique": true, "Workers": [], "Plans": [{"Node Type": "Nested Loop", "Parent Relationship": "Outer", "Parallel Aware": false, "Async Capable": false, "Join Type": "Inner", "Startup Cost": 628.42, "Total Cost": 17415.33, "Plan Rows": 2, "Plan Width": 63, "Actual Rows": 60, "Actual Loops": 4, "Inner Unique": true, "Workers": [], "Plans": [{"Node Type": "Hash Join", "Parent Relationship": "Outer", "Parallel Aware": false, "Async Capable": false, "Join Type": "Inner", "Startup Cost": 627.99, "Total Cost": 17406.38, "Plan Rows": 2, "Plan Width": 38, "Actual Rows": 60, "Actual Loops": 4, "Inner Unique": true, "Hash Cond": "(t2.kind_id = kt2.id)", "Workers": [], "Plans": [{"Node Type": "Nested Loop", "Parent Relationship": "Outer", "Parallel Aware": false, "Async Capable": false, "Join Type": "Inner", "Startup Cost": 626.89, "Total Cost": 17405.23, "Plan Rows": 14, "Plan Width": 42, "Actual Rows": 60, "Actual Loops": 4, "Inner Unique": true, "Join Filter": "(t2.id = ml.linked_movie_id)", "Rows Removed by Join Filter": 0, "Workers": [], "Plans": [{"Node Type": "Hash Join", "Parent Relationship": "Outer", "Parallel Aware": false, "Async Capable": false, "Join Type": "Inner", "Startup Cost": 626.46, "Total Cost": 17375.74, "Plan Rows": 48, "Plan Width": 17, "Actual Rows": 82, "Actual Loops": 4, "Inner Unique": false, "Hash Cond": "(mi_idx2.movie_id = ml.linked_movie_id)", "Workers": [], "Plans": [{"Node Type": "Hash Join", "Parent Relationship": "Outer", "Parallel Aware": false, "Async Capable": false, "Join Type": "Inner", "Startup Cost": 2.43, "Total Cost": 16505.03, "Plan Rows": 4377, "Plan Width": 9, "Actual Rows": 55, "Actual Loops": 4, "Inner Unique": true, "Hash Cond": "(mi_idx2.info_type_id = it2.id)", "Workers": [], "Plans": [{"Node Type": "Seq Scan", "Parent Relationship": "Outer", "Parallel Aware": true, "Async Capable": false, "Relation Name": "movie_info_idx", "Alias": "mi_idx2", "Startup Cost": 0.0, "Total Cost": 15155.68, "Plan Rows": 494562, "Plan Width": 13, "Actual Rows": 296767, "Actual Loops": 4, "Filter": "((info)::text <= '7.0'::text)", "Rows Removed by Filter": 48242, "Workers": []}, {"Node Type": "Hash", "Parent Relationship": "Inner", "Parallel Aware": false, "Async Capable": false, "Startup Cost": 2.41, "Total Cost": 2.41, "Plan Rows": 1, "Plan Width": 4, "Actual Rows": 1, "Actual Loops": 4, "Hash Buckets": 1024, "Original Hash Buckets": 1024, "Hash Batches": 1, "Original Hash Batches": 1, "Peak Memory Usage": 9, "Workers": [], "Plans": [{"Node Type": "Seq Scan", "Parent Relationship": "Outer", "Parallel Aware": false, "Async Capable": false, "Relation Name": "info_type", "Alias": "it2", "Startup Cost": 0.0, "Total Cost": 2.41, "Plan Rows": 1, "Plan Width": 4, "Actual Rows": 1, "Actual Loops": 4, "Filter": "((info)::text = 'top 250 rank'::text)", "Rows Removed by Filter": 112, "Workers": []}]}]}, {"Node Type": "Hash", "Parent Relationship": "Inner", "Parallel Aware": false, "Async Capable": false, "Startup Cost": 561.53, "Total Cost": 561.53, "Plan Rows": 5000, "Plan Width": 8, "Actual Rows": 7409, "Actual Loops": 2, "Hash Buckets": 8192, "Original Hash Buckets": 8192, "Hash Batches": 1, "Original Hash Batches": 1, "Peak Memory Usage": 354, "Workers": [], "Plans": [{"Node Type": "Hash Join", "Parent Relationship": "Outer", "Parallel Aware": false, "Async Capable": false, "Join Type": "Inner", "Startup Cost": 1.29, "Total Cost": 561.53, "Plan Rows": 5000, "Plan Width": 8, "Actual Rows": 7409, "Actual Loops": 2, "Inner Unique": true, "Hash Cond": "(ml.link_type_id = lt.id)", "Workers": [], "Plans": [{"Node Type": "Seq Scan", "Parent Relationship": "Outer", "Parallel Aware": false, "Async Capable": false, "Relation Name": "movie_link", "Alias": "ml", "Startup Cost": 0.0, "Total Cost": 462.97, "Plan Rows": 29997, "Plan Width": 12, "Actual Rows": 29997, "Actual Loops": 2, "Workers": []}, {"Node Type": "Hash", "Parent Relationship": "Inner", "Parallel Aware": false, "Async Capable": false, "Startup Cost": 1.25, "Total Cost": 1.25, "Plan Rows": 3, "Plan Width": 4, "Actual Rows": 2, "Actual Loops": 2, "Hash Buckets": 1024, "Original Hash Buckets": 1024, "Hash Batches": 1, "Original Hash Batches": 1, "Peak Memory Usage": 9, "Workers": [], "Plans": [{"Node Type": "Seq Scan", "Parent Relationship": "Outer", "Parallel Aware": false, "Async Capable": false, "Relation Name": "link_type", "Alias": "lt", "Startup Cost": 0.0, "Total Cost": 1.25, "Plan Rows": 3, "Plan Width": 4, "Actual Rows": 2, "Actual Loops": 2, "Filter": "((link)::text = ANY ('{\"featured in\",features,features}'::text[]))", "Rows Removed by Filter": 16, "Workers": []}]}]}]}]}, {"Node Type": "Index Scan", "Parent Relationship": "Inner", "Parallel Aware": false, "Async Capable": false, "Scan Direction": "Forward", "Index Name": "title_pkey", "Relation Name": "title", "Alias": "t2", "Startup Cost": 0.43, "Total Cost": 0.6, "Plan Rows": 1, "Plan Width": 25, "Actual Rows": 1, "Actual Loops": 330, "Index Cond": "(id = mi_idx2.movie_id)", "Rows Removed by Index Recheck": 0, "Filter": "(production_year <= 1992)", "Rows Removed by Filter": 0, "Workers": []}]}, {"Node Type": "Hash", "Parent Relationship": "Inner", "Parallel Aware": false, "Async Capable": false, "Startup Cost": 1.09, "Total Cost": 1.09, "Plan Rows": 1, "Plan Width": 4, "Actual Rows": 1, "Actual Loops": 4, "Hash Buckets": 1024, "Original Hash Buckets": 1024, "Hash Batches": 1, "Original Hash Batches": 1, "Peak Memory Usage": 9, "Workers": [], "Plans": [{"Node Type": "Seq Scan", "Parent Relationship": "Outer", "Parallel Aware": false, "Async Capable": false, "Relation Name": "kind_type", "Alias": "kt2", "Startup Cost": 0.0, "Total Cost": 1.09, "Plan Rows": 1, "Plan Width": 4, "Actual Rows": 1, "Actual Loops": 4, "Filter": "((kind)::text = 'movie'::text)", "Rows Removed by Filter": 6, "Workers": []}]}]}, {"Node Type": "Index Scan", "Parent Relationship": "Inner", "Parallel Aware": false, "Async Capable": false, "Scan Direction": "Forward", "Index Name": "title_pkey", "Relation Name": "title", "Alias": "t1", "Startup Cost": 0.43, "Total Cost": 4.47, "Plan Rows": 1, "Plan Width": 25, "Actual Rows": 1, "Actual Loops": 238, "Index Cond": "(id = ml.movie_id)", "Rows Removed by Index Recheck": 0, "Workers": []}]}, {"Node Type": "Index Scan", "Parent Relationship": "Inner", "Parallel Aware": false, "Async Capable": false, "Scan Direction": "Forward", "Index Name": "kind_type_pkey", "Relation Name": "kind_type", "Alias": "kt1", "Startup Cost": 0.13, "Total Cost": 0.15, "Plan Rows": 1, "Plan Width": 4, "Actual Rows": 1, "Actual Loops": 238, "Index Cond": "(id = t1.kind_id)", "Rows Removed by Index Recheck": 0, "Filter": "((kind)::text = ANY ('{episode,movie}'::text[]))", "Rows Removed by Filter": 0, "Workers": []}]}]}]}, {"Node Type": "Index Scan", "Parent Relationship": "Inner", "Parallel Aware": false, "Async Capable": false, "Scan Direction": "Forward", "Index Name": "company_name_pkey", "Relation Name": "company_name", "Alias": "cn2", "Startup Cost": 0.42, "Total Cost": 0.44, "Plan Rows": 1, "Plan Width": 23, "Actual Rows": 1, "Actual Loops": 8728, "Index Cond": "(id = mc2.company_id)", "Rows Removed by Index Recheck": 0, "Workers": []}]}, {"Node Type": "Hash", "Parent Relationship": "Inner", "Parallel Aware": true, "Async Capable": false, "Startup Cost": 49773.47, "Total Cost": 49773.47, "Plan Rows": 728, "Plan Width": 32, "Actual Rows": 20975, "Actual Loops": 4, "Hash Buckets": 131072, "Original Hash Buckets": 4096, "Hash Batches": 1, "Original Hash Batches": 1, "Peak Memory Usage": 7712, "Workers": [], "Plans": [{"Node Type": "Hash Join", "Parent Relationship": "Outer", "Parallel Aware": true, "Async Capable": false, "Join Type": "Inner", "Startup Cost": 20189.73, "Total Cost": 49773.47, "Plan Rows": 728, "Plan Width": 32, "Actual Rows": 20975, "Actual Loops": 4, "Inner Unique": false, "Hash Cond": "(mc1.movie_id = mi_idx1.movie_id)", "Workers": [], "Plans": [{"Node Type": "Hash Join", "Parent Relationship": "Outer", "Parallel Aware": true, "Async Capable": false, "Join Type": "Inner", "Startup Cost": 4839.52, "Total Cost": 34289.45, "Plan Rows": 34874, "Plan Width": 23, "Actual Rows": 37033, "Actual Loops": 4, "Inner Unique": true, "Hash Cond": "(mc1.company_id = cn1.id)", "Workers": [], "Plans": [{"Node Type": "Seq Scan", "Parent Relationship": "Outer", "Parallel Aware": true, "Async Capable": false, "Relation Name": "movie_companies", "Alias": "mc1", "Startup Cost": 0.0, "Total Cost": 27240.55, "Plan Rows": 841655, "Plan Width": 8, "Actual Rows": 652282, "Actual Loops": 4, "Workers": []}, {"Node Type": "Hash", "Parent Relationship": "Inner", "Parallel Aware": true, "Async Capable": false, "Startup Cost": 4767.92, "Total Cost": 4767.92, "Plan Rows": 5728, "Plan Width": 23, "Actual Rows": 2444, "Actual Loops": 4, "Hash Buckets": 16384, "Original Hash Buckets": 16384, "Hash Batches": 1, "Original Hash Batches": 1, "Peak Memory Usage": 768, "Workers": [], "Plans": [{"Node Type": "Seq Scan", "Parent Relationship": "Outer", "Parallel Aware": true, "Async Capable": false, "Relation Name": "company_name", "Alias": "cn1", "Startup Cost": 0.0, "Total Cost": 4767.92, "Plan Rows": 5728, "Plan Width": 23, "Actual Rows": 2444, "Actual Loops": 4, "Filter": "((country_code)::text = '[de]'::text)", "Rows Removed by Filter": 56306, "Workers": []}]}]}, {"Node Type": "Hash", "Parent Relationship": "Inner", "Parallel Aware": true, "Async Capable": false, "Startup Cost": 15286.6, "Total Cost": 15286.6, "Plan Rows": 5089, "Plan Width": 9, "Actual Rows": 114981, "Actual Loops": 4, "Hash Buckets": 524288, "Original Hash Buckets": 16384, "Hash Batches": 1, "Original Hash Batches": 1, "Peak Memory Usage": 26272, "Workers": [], "Plans": [{"Node Type": "Hash Join", "Parent Relationship": "Outer", "Parallel Aware": false, "Async Capable": false, "Join Type": "Inner", "Startup Cost": 2.43, "Total Cost": 15286.6, "Plan Rows": 5089, "Plan Width": 9, "Actual Rows": 114981, "Actual Loops": 4, "Inner Unique": true, "Hash Cond": "(mi_idx1.info_type_id = it1.id)", "Workers": [], "Plans": [{"Node Type": "Seq Scan", "Parent Relationship": "Outer", "Parallel Aware": true, "Async Capable": false, "Relation Name": "movie_info_idx", "Alias": "mi_idx1", "Startup Cost": 0.0, "Total Cost": 13718.15, "Plan Rows": 575015, "Plan Width": 13, "Actual Rows": 345009, "Actual Loops": 4, "Workers": []}, {"Node Type": "Hash", "Parent Relationship": "Inner", "Parallel Aware": false, "Async Capable": false, "Startup Cost": 2.41, "Total Cost": 2.41, "Plan Rows": 1, "Plan Width": 4, "Actual Rows": 1, "Actual Loops": 4, "Hash Buckets": 1024, "Original Hash Buckets": 1024, "Hash Batches": 1, "Original Hash Batches": 1, "Peak Memory Usage": 9, "Workers": [], "Plans": [{"Node Type": "Seq Scan", "Parent Relationship": "Outer", "Parallel Aware": false, "Async Capable": false, "Relation Name": "info_type", "Alias": "it1", "Startup Cost": 0.0, "Total Cost": 2.41, "Plan Rows": 1, "Plan Width": 4, "Actual Rows": 1, "Actual Loops": 4, "Filter": "((info)::text = 'votes'::text)", "Rows Removed by Filter": 112, "Workers": []}]}]}]}]}]}]}]}]}, "Planning Time": 68.408, "Triggers": [], "Execution Time": 576.147}, {"Plan": {"Node Type": "Aggregate", "Strategy": "Plain", "Partial Mode": "Simple", "Parallel Aware": false, "Async Capable": false, "Startup Cost": 139545.1, "Total Cost": 139545.11, "Plan Rows": 1, "Plan Width": 192, "Actual Rows": 1, "Actual Loops": 1, "Plans": [{"Node Type": "Gather", "Parent Relationship": "Outer", "Parallel Aware": false, "Async Capable": false, "Startup Cost": 109148.18, "Total Cost": 139545.08, "Plan Rows": 1, "Plan Width": 82, "Actual Rows": 134, "Actual Loops": 1, "Workers Planned": 3, "Workers Launched": 3, "Single Copy": false, "Plans": [{"Node Type": "Hash Join", "Parent Relationship": "Outer", "Parallel Aware": true, "Async Capable": false, "Join Type": "Inner", "Startup Cost": 108148.18, "Total Cost": 138544.98, "Plan Rows": 1, "Plan Width": 82, "Actual Rows": 34, "Actual Loops": 4, "Inner Unique": false, "Hash Cond": "(ml.linked_movie_id = t2.id)", "Workers": [], "Plans": [{"Node Type": "Nested Loop", "Parent Relationship": "Outer", "Parallel Aware": false, "Async Capable": false, "Join Type": "Inner", "Startup Cost": 63112.25, "Total Cost": 93509.05, "Plan Rows": 1, "Plan Width": 77, "Actual Rows": 34, "Actual Loops": 4, "Inner Unique": true, "Workers": [], "Plans": [{"Node Type": "Hash Join", "Parent Relationship": "Outer", "Parallel Aware": true, "Async Capable": false, "Join Type": "Inner", "Startup Cost": 63111.83, "Total Cost": 93508.6, "Plan Rows": 1, "Plan Width": 62, "Actual Rows": 34, "Actual Loops": 4, "Inner Unique": false, "Hash Cond": "(mc2.movie_id = ml.linked_movie_id)", "Workers": [], "Plans": [{"Node Type": "Seq Scan", "Parent Relationship": "Outer", "Parallel Aware": true, "Async Capable": false, "Relation Name": "movie_companies", "Alias": "mc2", "Startup Cost": 0.0, "Total Cost": 27240.55, "Plan Rows": 841655, "Plan Width": 8, "Actual Rows": 652282, "Actual Loops": 4, "Workers": []}, {"Node Type": "Hash", "Parent Relationship": "Inner", "Parallel Aware": true, "Async Capable": false, "Startup Cost": 63111.82, "Total Cost": 63111.82, "Plan Rows": 1, "Plan Width": 54, "Actual Rows": 1, "Actual Loops": 4, "Hash Buckets": 1024, "Original Hash Buckets": 1024, "Hash Batches": 1, "Original Hash Batches": 1, "Peak Memory Usage": 72, "Workers": [], "Plans": [{"Node Type": "Nested Loop", "Parent Relationship": "Outer", "Parallel Aware": false, "Async Capable": false, "Join Type": "Inner", "Startup Cost": 32715.03, "Total Cost": 63111.82, "Plan Rows": 1, "Plan Width": 54, "Actual Rows": 1, "Actual Loops": 4, "Inner Unique": true, "Workers": [], "Plans": [{"Node Type": "Hash Join", "Parent Relationship": "Outer", "Parallel Aware": true, "Async Capable": false, "Join Type": "Inner", "Startup Cost": 32714.61, "Total Cost": 63111.37, "Plan Rows": 1, "Plan Width": 39, "Actual Rows": 60, "Actual Loops": 4, "Inner Unique": false, "Hash Cond": "(mc1.movie_id = t1.id)", "Workers": [], "Plans": [{"Node Type": "Seq Scan", "Parent Relationship": "Outer", "Parallel Aware": true, "Async Capable": false, "Relation Name": "movie_companies", "Alias": "mc1", "Startup Cost": 0.0, "Total Cost": 27240.55, "Plan Rows": 841655, "Plan Width": 8, "Actual Rows": 652282, "Actual Loops": 4, "Workers": []}, {"Node Type": "Hash", "Parent Relationship": "Inner", "Parallel Aware": true, "Async Capable": false, "Startup Cost": 32714.6, "Total Cost": 32714.6, "Plan Rows": 1, "Plan Width": 47, "Actual Rows": 29, "Actual Loops": 4, "Hash Buckets": 1024, "Original Hash Buckets": 1024, "Hash Batches": 1, "Original Hash Batches": 1, "Peak Memory Usage": 136, "Workers": [], "Plans": [{"Node Type": "Nested Loop", "Parent Relationship": "Outer", "Parallel Aware": false, "Async Capable": false, "Join Type": "Inner", "Startup Cost": 17379.33, "Total Cost": 32714.6, "Plan Rows": 1, "Plan Width": 47, "Actual Rows": 29, "Actual Loops": 4, "Inner Unique": true, "Workers": [], "Plans": [{"Node Type": "Nested Loop", "Parent Relationship": "Outer", "Parallel Aware": false, "Async Capable": false, "Join Type": "Inner", "Startup Cost": 17379.2, "Total Cost": 32714.44, "Plan Rows": 1, "Plan Width": 51, "Actual Rows": 30, "Actual Loops": 4, "Inner Unique": true, "Join Filter": "(t1.id = ml.movie_id)", "Rows Removed by Join Filter": 0, "Workers": [], "Plans": [{"Node Type": "Hash Join", "Parent Relationship": "Outer", "Parallel Aware": true, "Async Capable": false, "Join Type": "Inner", "Startup Cost": 17378.77, "Total Cost": 32713.84, "Plan Rows": 1, "Plan Width": 26, "Actual Rows": 30, "Actual Loops": 4, "Inner Unique": false, "Hash Cond": "(mi_idx1.movie_id = ml.movie_id)", "Workers": [], "Plans": [{"Node Type": "Hash Join", "Parent Relationship": "Outer", "Parallel Aware": false, "Async Capable": false, "Join Type": "Inner", "Startup Cost": 2.43, "Total Cost": 15286.6, "Plan Rows": 5089, "Plan Width": 9, "Actual Rows": 114981, "Actual Loops": 4, "Inner Unique": true, "Hash Cond": "(mi_idx1.info_type_id = it1.id)", "Workers": [], "Plans": [{"Node Type": "Seq Scan", "Parent Relationship": "Outer", "Parallel Aware": true, "Async Capable": false, "Relation Name": "movie_info_idx", "Alias": "mi_idx1", "Startup Cost": 0.0, "Total Cost": 13718.15, "Plan Rows": 575015, "Plan Width": 13, "Actual Rows": 345009, "Actual Loops": 4, "Workers": []}, {"Node Type": "Hash", "Parent Relationship": "Inner", "Parallel Aware": false, "Async Capable": false, "Startup Cost": 2.41, "Total Cost": 2.41, "Plan Rows": 1, "Plan Width": 4, "Actual Rows": 1, "Actual Loops": 4, "Hash Buckets": 1024, "Original Hash Buckets": 1024, "Hash Batches": 1, "Original Hash Batches": 1, "Peak Memory Usage": 9, "Workers": [], "Plans": [{"Node Type": "Seq Scan", "Parent Relationship": "Outer", "Parallel Aware": false, "Async Capable": false, "Relation Name": "info_type", "Alias": "it1", "Startup Cost": 0.0, "Total Cost": 2.41, "Plan Rows": 1, "Plan Width": 4, "Actual Rows": 1, "Actual Loops": 4, "Filter": "((info)::text = 'votes'::text)", "Rows Removed by Filter": 112, "Workers": []}]}]}, {"Node Type": "Hash", "Parent Relationship": "Inner", "Parallel Aware": true, "Async Capable": false, "Startup Cost": 17375.74, "Total Cost": 17375.74, "Plan Rows": 48, "Plan Width": 17, "Actual Rows": 82, "Actual Loops": 4, "Hash Buckets": 1024, "Original Hash Buckets": 1024, "Hash Batches": 1, "Original Hash Batches": 1, "Peak Memory Usage": 72, "Workers": [], "Plans": [{"Node Type": "Hash Join", "Parent Relationship": "Outer", "Parallel Aware": false, "Async Capable": false, "Join Type": "Inner", "Startup Cost": 626.46, "Total Cost": 17375.74, "Plan Rows": 48, "Plan Width": 17, "Actual Rows": 82, "Actual Loops": 4, "Inner Unique": false, "Hash Cond": "(mi_idx2.movie_id = ml.linked_movie_id)", "Workers": [], "Plans": [{"Node Type": "Hash Join", "Parent Relationship": "Outer", "Parallel Aware": false, "Async Capable": false, "Join Type": "Inner", "Startup Cost": 2.43, "Total Cost": 16505.03, "Plan Rows": 4377, "Plan Width": 9, "Actual Rows": 55, "Actual Loops": 4, "Inner Unique": true, "Hash Cond": "(mi_idx2.info_type_id = it2.id)", "Workers": [], "Plans": [{"Node Type": "Seq Scan", "Parent Relationship": "Outer", "Parallel Aware": true, "Async Capable": false, "Relation Name": "movie_info_idx", "Alias": "mi_idx2", "Startup Cost": 0.0, "Total Cost": 15155.68, "Plan Rows": 494562, "Plan Width": 13, "Actual Rows": 296767, "Actual Loops": 4, "Filter": "((info)::text <= '7.0'::text)", "Rows Removed by Filter": 48242, "Workers": []}, {"Node Type": "Hash", "Parent Relationship": "Inner", "Parallel Aware": false, "Async Capable": false, "Startup Cost": 2.41, "Total Cost": 2.41, "Plan Rows": 1, "Plan Width": 4, "Actual Rows": 1, "Actual Loops": 4, "Hash Buckets": 1024, "Original Hash Buckets": 1024, "Hash Batches": 1, "Original Hash Batches": 1, "Peak Memory Usage": 9, "Workers": [], "Plans": [{"Node Type": "Seq Scan", "Parent Relationship": "Outer", "Parallel Aware": false, "Async Capable": false, "Relation Name": "info_type", "Alias": "it2", "Startup Cost": 0.0, "Total Cost": 2.41, "Plan Rows": 1, "Plan Width": 4, "Actual Rows": 1, "Actual Loops": 4, "Filter": "((info)::text = 'top 250 rank'::text)", "Rows Removed by Filter": 112, "Workers": []}]}]}, {"Node Type": "Hash", "Parent Relationship": "Inner", "Parallel Aware": false, "Async Capable": false, "Startup Cost": 561.53, "Total Cost": 561.53, "Plan Rows": 5000, "Plan Width": 8, "Actual Rows": 7409, "Actual Loops": 2, "Hash Buckets": 8192, "Original Hash Buckets": 8192, "Hash Batches": 1, "Original Hash Batches": 1, "Peak Memory Usage": 354, "Workers": [], "Plans": [{"Node Type": "Hash Join", "Parent Relationship": "Outer", "Parallel Aware": false, "Async Capable": false, "Join Type": "Inner", "Startup Cost": 1.29, "Total Cost": 561.53, "Plan Rows": 5000, "Plan Width": 8, "Actual Rows": 7409, "Actual Loops": 2, "Inner Unique": true, "Hash Cond": "(ml.link_type_id = lt.id)", "Workers": [], "Plans": [{"Node Type": "Seq Scan", "Parent Relationship": "Outer", "Parallel Aware": false, "Async Capable": false, "Relation Name": "movie_link", "Alias": "ml", "Startup Cost": 0.0, "Total Cost": 462.97, "Plan Rows": 29997, "Plan Width": 12, "Actual Rows": 29997, "Actual Loops": 2, "Workers": []}, {"Node Type": "Hash", "Parent Relationship": "Inner", "Parallel Aware": false, "Async Capable": false, "Startup Cost": 1.25, "Total Cost": 1.25, "Plan Rows": 3, "Plan Width": 4, "Actual Rows": 2, "Actual Loops": 2, "Hash Buckets": 1024, "Original Hash Buckets": 1024, "Hash Batches": 1, "Original Hash Batches": 1, "Peak Memory Usage": 9, "Workers": [], "Plans": [{"Node Type": "Seq Scan", "Parent Relationship": "Outer", "Parallel Aware": false, "Async Capable": false, "Relation Name": "link_type", "Alias": "lt", "Startup Cost": 0.0, "Total Cost": 1.25, "Plan Rows": 3, "Plan Width": 4, "Actual Rows": 2, "Actual Loops": 2, "Filter": "((link)::text = ANY ('{\"featured in\",features,features}'::text[]))", "Rows Removed by Filter": 16, "Workers": []}]}]}]}]}]}]}, {"Node Type": "Index Scan", "Parent Relationship": "Inner", "Parallel Aware": false, "Async Capable": false, "Scan Direction": "Forward", "Index Name": "title_pkey", "Relation Name": "title", "Alias": "t1", "Startup Cost": 0.43, "Total Cost": 0.58, "Plan Rows": 1, "Plan Width": 25, "Actual Rows": 1, "Actual Loops": 120, "Index Cond": "(id = mi_idx1.movie_id)", "Rows Removed by Index Recheck": 0, "Workers": []}]}, {"Node Type": "Index Scan", "Parent Relationship": "Inner", "Parallel Aware": false, "Async Capable": false, "Scan Direction": "Forward", "Index Name": "kind_type_pkey", "Relation Name": "kind_type", "Alias": "kt1", "Startup Cost": 0.13, "Total Cost": 0.15, "Plan Rows": 1, "Plan Width": 4, "Actual Rows": 1, "Actual Loops": 120, "Index Cond": "(id = t1.kind_id)", "Rows Removed by Index Recheck": 0, "Filter": "((kind)::text = ANY ('{episode,movie}'::text[]))", "Rows Removed by Filter": 0, "Workers": []}]}]}]}, {"Node Type": "Index Scan", "Parent Relationship": "Inner", "Parallel Aware": false, "Async Capable": false, "Scan Direction": "Forward", "Index Name": "company_name_pkey", "Relation Name": "company_name", "Alias": "cn1", "Startup Cost": 0.42, "Total Cost": 0.45, "Plan Rows": 1, "Plan Width": 23, "Actual Rows": 0, "Actual Loops": 241, "Index Cond": "(id = mc1.company_id)", "Rows Removed by Index Recheck": 0, "Filter": "((country_code)::text = '[de]'::text)", "Rows Removed by Filter": 1, "Workers": []}]}]}]}, {"Node Type": "Index Scan", "Parent Relationship": "Inner", "Parallel Aware": false, "Async Capable": false, "Scan Direction": "Forward", "Index Name": "company_name_pkey", "Relation Name": "company_name", "Alias": "cn2", "Startup Cost": 0.42, "Total Cost": 0.44, "Plan Rows": 1, "Plan Width": 23, "Actual Rows": 1, "Actual Loops": 134, "Index Cond": "(id = mc2.company_id)", "Rows Removed by Index Recheck": 0, "Workers": []}]}, {"Node Type": "Hash", "Parent Relationship": "Inner", "Parallel Aware": true, "Async Capable": false, "Startup Cost": 44700.85, "Total Cost": 44700.85, "Plan Rows": 26806, "Plan Width": 21, "Actual Rows": 82806, "Actual Loops": 4, "Hash Buckets": 524288, "Original Hash Buckets": 131072, "Hash Batches": 1, "Original Hash Batches": 1, "Peak Memory Usage": 26432, "Workers": [], "Plans": [{"Node Type": "Hash Join", "Parent Relationship": "Outer", "Parallel Aware": false, "Async Capable": false, "Join Type": "Inner", "Startup Cost": 1.1, "Total Cost": 44700.85, "Plan Rows": 26806, "Plan Width": 21, "Actual Rows": 82806, "Actual Loops": 4, "Inner Unique": true, "Hash Cond": "(t2.kind_id = kt2.id)", "Workers": [], "Plans": [{"Node Type": "Seq Scan", "Parent Relationship": "Outer", "Parallel Aware": true, "Async Capable": false, "Relation Name": "title", "Alias": "t2", "Startup Cost": 0.0, "Total Cost": 43908.97, "Plan Rows": 187640, "Plan Width": 25, "Actual Rows": 188976, "Actual Loops": 4, "Filter": "(production_year <= 1992)", "Rows Removed by Filter": 443102, "Workers": []}, {"Node Type": "Hash", "Parent Relationship": "Inner", "Parallel Aware": false, "Async Capable": false, "Startup Cost": 1.09, "Total Cost": 1.09, "Plan Rows": 1, "Plan Width": 4, "Actual Rows": 1, "Actual Loops": 4, "Hash Buckets": 1024, "Original Hash Buckets": 1024, "Hash Batches": 1, "Original Hash Batches": 1, "Peak Memory Usage": 9, "Workers": [], "Plans": [{"Node Type": "Seq Scan", "Parent Relationship": "Outer", "Parallel Aware": false, "Async Capable": false, "Relation Name": "kind_type", "Alias": "kt2", "Startup Cost": 0.0, "Total Cost": 1.09, "Plan Rows": 1, "Plan Width": 4, "Actual Rows": 1, "Actual Loops": 4, "Filter": "((kind)::text = 'movie'::text)", "Rows Removed by Filter": 6, "Workers": []}]}]}]}]}]}]}, "Planning Time": 67.438, "Triggers": [], "Execution Time": 581.222}, {"Plan": {"Node Type": "Aggregate", "Strategy": "Plain", "Partial Mode": "Simple", "Parallel Aware": false, "Async Capable": false, "Startup Cost": 94509.87, "Total Cost": 94509.88, "Plan Rows": 1, "Plan Width": 192, "Actual Rows": 1, "Actual Loops": 1, "Plans": [{"Node Type": "Nested Loop", "Parent Relationship": "Outer", "Parallel Aware": false, "Async Capable": false, "Join Type": "Inner", "Startup Cost": 64112.94, "Total Cost": 94509.85, "Plan Rows": 1, "Plan Width": 82, "Actual Rows": 134, "Actual Loops": 1, "Inner Unique": true, "Plans": [{"Node Type": "Nested Loop", "Parent Relationship": "Outer", "Parallel Aware": false, "Async Capable": false, "Join Type": "Inner", "Startup Cost": 64112.52, "Total Cost": 94509.41, "Plan Rows": 1, "Plan Width": 67, "Actual Rows": 6920, "Actual Loops": 1, "Inner Unique": true, "Plans": [{"Node Type": "Gather", "Parent Relationship": "Outer", "Parallel Aware": false, "Async Capable": false, "Startup Cost": 64112.1, "Total Cost": 94508.96, "Plan Rows": 1, "Plan Width": 52, "Actual Rows": 6920, "Actual Loops": 1, "Workers Planned": 3, "Workers Launched": 3, "Single Copy": false, "Plans": [{"Node Type": "Hash Join", "Parent Relationship": "Outer", "Parallel Aware": true, "Async Capable": false, "Join Type": "Inner", "Startup Cost": 63112.1, "Total Cost": 93508.86, "Plan Rows": 1, "Plan Width": 52, "Actual Rows": 1730, "Actual Loops": 4, "Inner Unique": false, "Hash Cond": "(mc1.movie_id = t1.id)", "Workers": [], "Plans": [{"Node Type": "Seq Scan", "Parent Relationship": "Outer", "Parallel Aware": true, "Async Capable": false, "Relation Name": "movie_companies", "Alias": "mc1", "Startup Cost": 0.0, "Total Cost": 27240.55, "Plan Rows": 841655, "Plan Width": 8, "Actual Rows": 652282, "Actual Loops": 4, "Workers": []}, {"Node Type": "Hash", "Parent Relationship": "Inner", "Parallel Aware": true, "Async Capable": false, "Startup Cost": 63112.09, "Total Cost": 63112.09, "Plan Rows": 1, "Plan Width": 60, "Actual Rows": 833, "Actual Loops": 4, "Hash Buckets": 4096, "Original Hash Buckets": 1024, "Hash Batches": 1, "Original Hash Batches": 1, "Peak Memory Usage": 504, "Workers": [], "Plans": [{"Node Type": "Nested Loop", "Parent Relationship": "Outer", "Parallel Aware": false, "Async Capable": false, "Join Type": "Inner", "Startup Cost": 32715.18, "Total Cost": 63112.09, "Plan Rows": 1, "Plan Width": 60, "Actual Rows": 833, "Actual Loops": 4, "Inner Unique": true, "Workers": [], "Plans": [{"Node Type": "Nested Loop", "Parent Relationship": "Outer", "Parallel Aware": false, "Async Capable": false, "Join Type": "Inner", "Startup Cost": 32715.04, "Total Cost": 63111.92, "Plan Rows": 1, "Plan Width": 64, "Actual Rows": 833, "Actual Loops": 4, "Inner Unique": true, "Join Filter": "(t2.id = ml.linked_movie_id)", "Rows Removed by Join Filter": 0, "Workers": [], "Plans": [{"Node Type": "Hash Join", "Parent Relationship": "Outer", "Parallel Aware": true, "Async Capable": false, "Join Type": "Inner", "Startup Cost": 32714.61, "Total Cost": 63111.38, "Plan Rows": 1, "Plan Width": 55, "Actual Rows": 1008, "Actual Loops": 4, "Inner Unique": false, "Hash Cond": "(mc2.movie_id = ml.linked_movie_id)", "Workers": [], "Plans": [{"Node Type": "Seq Scan", "Parent Relationship": "Outer", "Parallel Aware": true, "Async Capable": false, "Relation Name": "movie_companies", "Alias": "mc2", "Startup Cost": 0.0, "Total Cost": 27240.55, "Plan Rows": 841655, "Plan Width": 8, "Actual Rows": 652282, "Actual Loops": 4, "Workers": []}, {"Node Type": "Hash", "Parent Relationship": "Inner", "Parallel Aware": true, "Async Capable": false, "Startup Cost": 32714.6, "Total Cost": 32714.6, "Plan Rows": 1, "Plan Width": 47, "Actual Rows": 29, "Actual Loops": 4, "Hash Buckets": 1024, "Original Hash Buckets": 1024, "Hash Batches": 1, "Original Hash Batches": 1, "Peak Memory Usage": 136, "Workers": [], "Plans": [{"Node Type": "Nested Loop", "Parent Relationship": "Outer", "Parallel Aware": false, "Async Capable": false, "Join Type": "Inner", "Startup Cost": 17379.33, "Total Cost": 32714.6, "Plan Rows": 1, "Plan Width": 47, "Actual Rows": 29, "Actual Loops": 4, "Inner Unique": true, "Workers": [], "Plans": [{"Node Type": "Nested Loop", "Parent Relationship": "Outer", "Parallel Aware": false, "Async Capable": false, "Join Type": "Inner", "Startup Cost": 17379.2, "Total Cost": 32714.44, "Plan Rows": 1, "Plan Width": 51, "Actual Rows": 30, "Actual Loops": 4, "Inner Unique": true, "Join Filter": "(t1.id = ml.movie_id)", "Rows Removed by Join Filter": 0, "Workers": [], "Plans": [{"Node Type": "Hash Join", "Parent Relationship": "Outer", "Parallel Aware": true, "Async Capable": false, "Join Type": "Inner", "Startup Cost": 17378.77, "Total Cost": 32713.84, "Plan Rows": 1, "Plan Width": 26, "Actual Rows": 30, "Actual Loops": 4, "Inner Unique": false, "Hash Cond": "(mi_idx1.movie_id = ml.movie_id)", "Workers": [], "Plans": [{"Node Type": "Hash Join", "Parent Relationship": "Outer", "Parallel Aware": false, "Async Capable": false, "Join Type": "Inner", "Startup Cost": 2.43, "Total Cost": 15286.6, "Plan Rows": 5089, "Plan Width": 9, "Actual Rows": 114981, "Actual Loops": 4, "Inner Unique": true, "Hash Cond": "(mi_idx1.info_type_id = it1.id)", "Workers": [], "Plans": [{"Node Type": "Seq Scan", "Parent Relationship": "Outer", "Parallel Aware": true, "Async Capable": false, "Relation Name": "movie_info_idx", "Alias": "mi_idx1", "Startup Cost": 0.0, "Total Cost": 13718.15, "Plan Rows": 575015, "Plan Width": 13, "Actual Rows": 345009, "Actual Loops": 4, "Workers": []}, {"Node Type": "Hash", "Parent Relationship": "Inner", "Parallel Aware": false, "Async Capable": false, "Startup Cost": 2.41, "Total Cost": 2.41, "Plan Rows": 1, "Plan Width": 4, "Actual Rows": 1, "Actual Loops": 4, "Hash Buckets": 1024, "Original Hash Buckets": 1024, "Hash Batches": 1, "Original Hash Batches": 1, "Peak Memory Usage": 9, "Workers": [], "Plans": [{"Node Type": "Seq Scan", "Parent Relationship": "Outer", "Parallel Aware": false, "Async Capable": false, "Relation Name": "info_type", "Alias": "it1", "Startup Cost": 0.0, "Total Cost": 2.41, "Plan Rows": 1, "Plan Width": 4, "Actual Rows": 1, "Actual Loops": 4, "Filter": "((info)::text = 'votes'::text)", "Rows Removed by Filter": 112, "Workers": []}]}]}, {"Node Type": "Hash", "Parent Relationship": "Inner", "Parallel Aware": true, "Async Capable": false, "Startup Cost": 17375.74, "Total Cost": 17375.74, "Plan Rows": 48, "Plan Width": 17, "Actual Rows": 82, "Actual Loops": 4, "Hash Buckets": 1024, "Original Hash Buckets": 1024, "Hash Batches": 1, "Original Hash Batches": 1, "Peak Memory Usage": 72, "Workers": [], "Plans": [{"Node Type": "Hash Join", "Parent Relationship": "Outer", "Parallel Aware": false, "Async Capable": false, "Join Type": "Inner", "Startup Cost": 626.46, "Total Cost": 17375.74, "Plan Rows": 48, "Plan Width": 17, "Actual Rows": 82, "Actual Loops": 4, "Inner Unique": false, "Hash Cond": "(mi_idx2.movie_id = ml.linked_movie_id)", "Workers": [], "Plans": [{"Node Type": "Hash Join", "Parent Relationship": "Outer", "Parallel Aware": false, "Async Capable": false, "Join Type": "Inner", "Startup Cost": 2.43, "Total Cost": 16505.03, "Plan Rows": 4377, "Plan Width": 9, "Actual Rows": 55, "Actual Loops": 4, "Inner Unique": true, "Hash Cond": "(mi_idx2.info_type_id = it2.id)", "Workers": [], "Plans": [{"Node Type": "Seq Scan", "Parent Relationship": "Outer", "Parallel Aware": true, "Async Capable": false, "Relation Name": "movie_info_idx", "Alias": "mi_idx2", "Startup Cost": 0.0, "Total Cost": 15155.68, "Plan Rows": 494562, "Plan Width": 13, "Actual Rows": 296767, "Actual Loops": 4, "Filter": "((info)::text <= '7.0'::text)", "Rows Removed by Filter": 48242, "Workers": []}, {"Node Type": "Hash", "Parent Relationship": "Inner", "Parallel Aware": false, "Async Capable": false, "Startup Cost": 2.41, "Total Cost": 2.41, "Plan Rows": 1, "Plan Width": 4, "Actual Rows": 1, "Actual Loops": 4, "Hash Buckets": 1024, "Original Hash Buckets": 1024, "Hash Batches": 1, "Original Hash Batches": 1, "Peak Memory Usage": 9, "Workers": [], "Plans": [{"Node Type": "Seq Scan", "Parent Relationship": "Outer", "Parallel Aware": false, "Async Capable": false, "Relation Name": "info_type", "Alias": "it2", "Startup Cost": 0.0, "Total Cost": 2.41, "Plan Rows": 1, "Plan Width": 4, "Actual Rows": 1, "Actual Loops": 4, "Filter": "((info)::text = 'top 250 rank'::text)", "Rows Removed by Filter": 112, "Workers": []}]}]}, {"Node Type": "Hash", "Parent Relationship": "Inner", "Parallel Aware": false, "Async Capable": false, "Startup Cost": 561.53, "Total Cost": 561.53, "Plan Rows": 5000, "Plan Width": 8, "Actual Rows": 7409, "Actual Loops": 2, "Hash Buckets": 8192, "Original Hash Buckets": 8192, "Hash Batches": 1, "Original Hash Batches": 1, "Peak Memory Usage": 354, "Workers": [], "Plans": [{"Node Type": "Hash Join", "Parent Relationship": "Outer", "Parallel Aware": false, "Async Capable": false, "Join Type": "Inner", "Startup Cost": 1.29, "Total Cost": 561.53, "Plan Rows": 5000, "Plan Width": 8, "Actual Rows": 7409, "Actual Loops": 2, "Inner Unique": true, "Hash Cond": "(ml.link_type_id = lt.id)", "Workers": [], "Plans": [{"Node Type": "Seq Scan", "Parent Relationship": "Outer", "Parallel Aware": false, "Async Capable": false, "Relation Name": "movie_link", "Alias": "ml", "Startup Cost": 0.0, "Total Cost": 462.97, "Plan Rows": 29997, "Plan Width": 12, "Actual Rows": 29997, "Actual Loops": 2, "Workers": []}, {"Node Type": "Hash", "Parent Relationship": "Inner", "Parallel Aware": false, "Async Capable": false, "Startup Cost": 1.25, "Total Cost": 1.25, "Plan Rows": 3, "Plan Width": 4, "Actual Rows": 2, "Actual Loops": 2, "Hash Buckets": 1024, "Original Hash Buckets": 1024, "Hash Batches": 1, "Original Hash Batches": 1, "Peak Memory Usage": 9, "Workers": [], "Plans": [{"Node Type": "Seq Scan", "Parent Relationship": "Outer", "Parallel Aware": false, "Async Capable": false, "Relation Name": "link_type", "Alias": "lt", "Startup Cost": 0.0, "Total Cost": 1.25, "Plan Rows": 3, "Plan Width": 4, "Actual Rows": 2, "Actual Loops": 2, "Filter": "((link)::text = ANY ('{\"featured in\",features,features}'::text[]))", "Rows Removed by Filter": 16, "Workers": []}]}]}]}]}]}]}, {"Node Type": "Index Scan", "Parent Relationship": "Inner", "Parallel Aware": false, "Async Capable": false, "Scan Direction": "Forward", "Index Name": "title_pkey", "Relation Name": "title", "Alias": "t1", "Startup Cost": 0.43, "Total Cost": 0.58, "Plan Rows": 1, "Plan Width": 25, "Actual Rows": 1, "Actual Loops": 120, "Index Cond": "(id = mi_idx1.movie_id)", "Rows Removed by Index Recheck": 0, "Workers": []}]}, {"Node Type": "Index Scan", "Parent Relationship": "Inner", "Parallel Aware": false, "Async Capable": false, "Scan Direction": "Forward", "Index Name": "kind_type_pkey", "Relation Name": "kind_type", "Alias": "kt1", "Startup Cost": 0.13, "Total Cost": 0.15, "Plan Rows": 1, "Plan Width": 4, "Actual Rows": 1, "Actual Loops": 120, "Index Cond": "(id = t1.kind_id)", "Rows Removed by Index Recheck": 0, "Filter": "((kind)::text = ANY ('{episode,movie}'::text[]))", "Rows Removed by Filter": 0, "Workers": []}]}]}]}, {"Node Type": "Index Scan", "Parent Relationship": "Inner", "Parallel Aware": false, "Async Capable": false, "Scan Direction": "Forward", "Index Name": "title_pkey", "Relation Name": "title", "Alias": "t2", "Startup Cost": 0.43, "Total Cost": 0.52, "Plan Rows": 1, "Plan Width": 25, "Actual Rows": 1, "Actual Loops": 4034, "Index Cond": "(id = mc2.movie_id)", "Rows Removed by Index Recheck": 0, "Filter": "(production_year <= 1992)", "Rows Removed by Filter": 0, "Workers": []}]}, {"Node Type": "Index Scan", "Parent Relationship": "Inner", "Parallel Aware": false, "Async Capable": false, "Scan Direction": "Forward", "Index Name": "kind_type_pkey", "Relation Name": "kind_type", "Alias": "kt2", "Startup Cost": 0.13, "Total Cost": 0.15, "Plan Rows": 1, "Plan Width": 4, "Actual Rows": 1, "Actual Loops": 3332, "Index Cond": "(id = t2.kind_id)", "Rows Removed by Index Recheck": 0, "Filter": "((kind)::text = 'movie'::text)", "Rows Removed by Filter": 0, "Workers": []}]}]}]}]}, {"Node Type": "Index Scan", "Parent Relationship": "Inner", "Parallel Aware": false, "Async Capable": false, "Scan Direction": "Forward", "Index Name": "company_name_pkey", "Relation Name": "company_name", "Alias": "cn2", "Startup Cost": 0.42, "Total Cost": 0.44, "Plan Rows": 1, "Plan Width": 23, "Actual Rows": 1, "Actual Loops": 6920, "Index Cond": "(id = mc2.company_id)", "Rows Removed by Index Recheck": 0}]}, {"Node Type": "Index Scan", "Parent Relationship": "Inner", "Parallel Aware": false, "Async Capable": false, "Scan Direction": "Forward", "Index Name": "company_name_pkey", "Relation Name": "company_name", "Alias": "cn1", "Startup Cost": 0.42, "Total Cost": 0.45, "Plan Rows": 1, "Plan Width": 23, "Actual Rows": 0, "Actual Loops": 6920, "Index Cond": "(id = mc1.company_id)", "Rows Removed by Index Recheck": 0, "Filter": "((country_code)::text = '[de]'::text)", "Rows Removed by Filter": 1}]}]}, "Planning Time": 68.597, "Triggers": [], "Execution Time": 422.999}, {"Plan": {"Node Type": "Aggregate", "Strategy": "Plain", "Partial Mode": "Simple", "Parallel Aware": false, "Async Capable": false, "Startup Cost": 116686.67, "Total Cost": 116686.68, "Plan Rows": 1, "Plan Width": 192, "Actual Rows": 1, "Actual Loops": 1, "Plans": [{"Node Type": "Gather", "Parent Relationship": "Outer", "Parallel Aware": false, "Async Capable": false, "Startup Cost": 86289.73, "Total Cost": 116686.66, "Plan Rows": 1, "Plan Width": 82, "Actual Rows": 134, "Actual Loops": 1, "Workers Planned": 3, "Workers Launched": 3, "Single Copy": false, "Plans": [{"Node Type": "Hash Join", "Parent Relationship": "Outer", "Parallel Aware": true, "Async Capable": false, "Join Type": "Inner", "Startup Cost": 85289.73, "Total Cost": 115686.56, "Plan Rows": 1, "Plan Width": 82, "Actual Rows": 34, "Actual Loops": 4, "Inner Unique": false, "Hash Cond": "(ml.movie_id = t1.id)", "Workers": [], "Plans": [{"Node Type": "Nested Loop", "Parent Relationship": "Outer", "Parallel Aware": false, "Async Capable": false, "Join Type": "Inner", "Startup Cost": 32715.03, "Total Cost": 63111.85, "Plan Rows": 1, "Plan Width": 54, "Actual Rows": 862, "Actual Loops": 4, "Inner Unique": true, "Workers": [], "Plans": [{"Node Type": "Nested Loop", "Parent Relationship": "Outer", "Parallel Aware": false, "Async Capable": false, "Join Type": "Inner", "Startup Cost": 32714.61, "Total Cost": 63111.41, "Plan Rows": 1, "Plan Width": 39, "Actual Rows": 862, "Actual Loops": 4, "Inner Unique": true, "Workers": [], "Plans": [{"Node Type": "Hash Join", "Parent Relationship": "Outer", "Parallel Aware": true, "Async Capable": false, "Join Type": "Inner", "Startup Cost": 32714.47, "Total Cost": 63111.23, "Plan Rows": 1, "Plan Width": 43, "Actual Rows": 862, "Actual Loops": 4, "Inner Unique": false, "Hash Cond": "(mc2.movie_id = t2.id)", "Workers": [], "Plans": [{"Node Type": "Seq Scan", "Parent Relationship": "Outer", "Parallel Aware": true, "Async Capable": false, "Relation Name": "movie_companies", "Alias": "mc2", "Startup Cost": 0.0, "Total Cost": 27240.55, "Plan Rows": 841655, "Plan Width": 8, "Actual Rows": 652282, "Actual Loops": 4, "Workers": []}, {"Node Type": "Hash", "Parent Relationship": "Inner", "Parallel Aware": true, "Async Capable": false, "Startup Cost": 32714.46, "Total Cost": 32714.46, "Plan Rows": 1, "Plan Width": 51, "Actual Rows": 26, "Actual Loops": 4, "Hash Buckets": 1024, "Original Hash Buckets": 1024, "Hash Batches": 1, "Original Hash Batches": 1, "Peak Memory Usage": 136, "Workers": [], "Plans": [{"Node Type": "Nested Loop", "Parent Relationship": "Outer", "Parallel Aware": false, "Async Capable": false, "Join Type": "Inner", "Startup Cost": 17379.2, "Total Cost": 32714.46, "Plan Rows": 1, "Plan Width": 51, "Actual Rows": 26, "Actual Loops": 4, "Inner Unique": true, "Join Filter": "(t2.id = ml.linked_movie_id)", "Rows Removed by Join Filter": 0, "Workers": [], "Plans": [{"Node Type": "Hash Join", "Parent Relationship": "Outer", "Parallel Aware": true, "Async Capable": false, "Join Type": "Inner", "Startup Cost": 17378.77, "Total Cost": 32713.84, "Plan Rows": 1, "Plan Width": 26, "Actual Rows": 30, "Actual Loops": 4, "Inner Unique": false, "Hash Cond": "(mi_idx1.movie_id = ml.movie_id)", "Workers": [], "Plans": [{"Node Type": "Hash Join", "Parent Relationship": "Outer", "Parallel Aware": false, "Async Capable": false, "Join Type": "Inner", "Startup Cost": 2.43, "Total Cost": 15286.6, "Plan Rows": 5089, "Plan Width": 9, "Actual Rows": 114981, "Actual Loops": 4, "Inner Unique": true, "Hash Cond": "(mi_idx1.info_type_id = it1.id)", "Workers": [], "Plans": [{"Node Type": "Seq Scan", "Parent Relationship": "Outer", "Parallel Aware": true, "Async Capable": false, "Relation Name": "movie_info_idx", "Alias": "mi_idx1", "Startup Cost": 0.0, "Total Cost": 13718.15, "Plan Rows": 575015, "Plan Width": 13, "Actual Rows": 345009, "Actual Loops": 4, "Workers": []}, {"Node Type": "Hash", "Parent Relationship": "Inner", "Parallel Aware": false, "Async Capable": false, "Startup Cost": 2.41, "Total Cost": 2.41, "Plan Rows": 1, "Plan Width": 4, "Actual Rows": 1, "Actual Loops": 4, "Hash Buckets": 1024, "Original Hash Buckets": 1024, "Hash Batches": 1, "Original Hash Batches": 1, "Peak Memory Usage": 9, "Workers": [], "Plans": [{"Node Type": "Seq Scan", "Parent Relationship": "Outer", "Parallel Aware": false, "Async Capable": false, "Relation Name": "info_type", "Alias": "it1", "Startup Cost": 0.0, "Total Cost": 2.41, "Plan Rows": 1, "Plan Width": 4, "Actual Rows": 1, "Actual Loops": 4, "Filter": "((info)::text = 'votes'::text)", "Rows Removed by Filter": 112, "Workers": []}]}]}, {"Node Type": "Hash", "Parent Relationship": "Inner", "Parallel Aware": true, "Async Capable": false, "Startup Cost": 17375.74, "Total Cost": 17375.74, "Plan Rows": 48, "Plan Width": 17, "Actual Rows": 82, "Actual Loops": 4, "Hash Buckets": 1024, "Original Hash Buckets": 1024, "Hash Batches": 1, "Original Hash Batches": 1, "Peak Memory Usage": 72, "Workers": [], "Plans": [{"Node Type": "Hash Join", "Parent Relationship": "Outer", "Parallel Aware": false, "Async Capable": false, "Join Type": "Inner", "Startup Cost": 626.46, "Total Cost": 17375.74, "Plan Rows": 48, "Plan Width": 17, "Actual Rows": 82, "Actual Loops": 4, "Inner Unique": false, "Hash Cond": "(mi_idx2.movie_id = ml.linked_movie_id)", "Workers": [], "Plans": [{"Node Type": "Hash Join", "Parent Relationship": "Outer", "Parallel Aware": false, "Async Capable": false, "Join Type": "Inner", "Startup Cost": 2.43, "Total Cost": 16505.03, "Plan Rows": 4377, "Plan Width": 9, "Actual Rows": 55, "Actual Loops": 4, "Inner Unique": true, "Hash Cond": "(mi_idx2.info_type_id = it2.id)", "Workers": [], "Plans": [{"Node Type": "Seq Scan", "Parent Relationship": "Outer", "Parallel Aware": true, "Async Capable": false, "Relation Name": "movie_info_idx", "Alias": "mi_idx2", "Startup Cost": 0.0, "Total Cost": 15155.68, "Plan Rows": 494562, "Plan Width": 13, "Actual Rows": 296767, "Actual Loops": 4, "Filter": "((info)::text <= '7.0'::text)", "Rows Removed by Filter": 48242, "Workers": []}, {"Node Type": "Hash", "Parent Relationship": "Inner", "Parallel Aware": false, "Async Capable": false, "Startup Cost": 2.41, "Total Cost": 2.41, "Plan Rows": 1, "Plan Width": 4, "Actual Rows": 1, "Actual Loops": 4, "Hash Buckets": 1024, "Original Hash Buckets": 1024, "Hash Batches": 1, "Original Hash Batches": 1, "Peak Memory Usage": 9, "Workers": [], "Plans": [{"Node Type": "Seq Scan", "Parent Relationship": "Outer", "Parallel Aware": false, "Async Capable": false, "Relation Name": "info_type", "Alias": "it2", "Startup Cost": 0.0, "Total Cost": 2.41, "Plan Rows": 1, "Plan Width": 4, "Actual Rows": 1, "Actual Loops": 4, "Filter": "((info)::text = 'top 250 rank'::text)", "Rows Removed by Filter": 112, "Workers": []}]}]}, {"Node Type": "Hash", "Parent Relationship": "Inner", "Parallel Aware": false, "Async Capable": false, "Startup Cost": 561.53, "Total Cost": 561.53, "Plan Rows": 5000, "Plan Width": 8, "Actual Rows": 7409, "Actual Loops": 2, "Hash Buckets": 8192, "Original Hash Buckets": 8192, "Hash Batches": 1, "Original Hash Batches": 1, "Peak Memory Usage": 354, "Workers": [], "Plans": [{"Node Type": "Hash Join", "Parent Relationship": "Outer", "Parallel Aware": false, "Async Capable": false, "Join Type": "Inner", "Startup Cost": 1.29, "Total Cost": 561.53, "Plan Rows": 5000, "Plan Width": 8, "Actual Rows": 7409, "Actual Loops": 2, "Inner Unique": true, "Hash Cond": "(ml.link_type_id = lt.id)", "Workers": [], "Plans": [{"Node Type": "Seq Scan", "Parent Relationship": "Outer", "Parallel Aware": false, "Async Capable": false, "Relation Name": "movie_link", "Alias": "ml", "Startup Cost": 0.0, "Total Cost": 462.97, "Plan Rows": 29997, "Plan Width": 12, "Actual Rows": 29997, "Actual Loops": 2, "Workers": []}, {"Node Type": "Hash", "Parent Relationship": "Inner", "Parallel Aware": false, "Async Capable": false, "Startup Cost": 1.25, "Total Cost": 1.25, "Plan Rows": 3, "Plan Width": 4, "Actual Rows": 2, "Actual Loops": 2, "Hash Buckets": 1024, "Original Hash Buckets": 1024, "Hash Batches": 1, "Original Hash Batches": 1, "Peak Memory Usage": 9, "Workers": [], "Plans": [{"Node Type": "Seq Scan", "Parent Relationship": "Outer", "Parallel Aware": false, "Async Capable": false, "Relation Name": "link_type", "Alias": "lt", "Startup Cost": 0.0, "Total Cost": 1.25, "Plan Rows": 3, "Plan Width": 4, "Actual Rows": 2, "Actual Loops": 2, "Filter": "((link)::text = ANY ('{\"featured in\",features,features}'::text[]))", "Rows Removed by Filter": 16, "Workers": []}]}]}]}]}]}]}, {"Node Type": "Index Scan", "Parent Relationship": "Inner", "Parallel Aware": false, "Async Capable": false, "Scan Direction": "Forward", "Index Name": "title_pkey", "Relation Name": "title", "Alias": "t2", "Startup Cost": 0.43, "Total Cost": 0.6, "Plan Rows": 1, "Plan Width": 25, "Actual Rows": 1, "Actual Loops": 120, "Index Cond": "(id = mi_idx2.movie_id)", "Rows Removed by Index Recheck": 0, "Filter": "(production_year <= 1992)", "Rows Removed by Filter": 0, "Workers": []}]}]}]}, {"Node Type": "Memoize", "Parent Relationship": "Inner", "Parallel Aware": false, "Async Capable": false, "Startup Cost": 0.14, "Total Cost": 0.16, "Plan Rows": 1, "Plan Width": 4, "Actual Rows": 1, "Actual Loops": 3447, "Cache Key": "t2.kind_id", "Cache Mode": "logical", "Cache Hits": 656, "Cache Misses": 1, "Cache Evictions": 0, "Cache Overflows": 0, "Peak Memory Usage": 1, "Workers": [{"Worker Number": 0, "Cache Hits": 1386, "Cache Misses": 1, "Cache Evictions": 0, "Cache Overflows": 0, "Peak Memory Usage": 1}, {"Worker Number": 1, "Cache Hits": 382, "Cache Misses": 1, "Cache Evictions": 0, "Cache Overflows": 0, "Peak Memory Usage": 1}, {"Worker Number": 2, "Cache Hits": 1019, "Cache Misses": 1, "Cache Evictions": 0, "Cache Overflows": 0, "Peak Memory Usage": 1}], "Plans": [{"Node Type": "Index Scan", "Parent Relationship": "Outer", "Parallel Aware": false, "Async Capable": false, "Scan Direction": "Forward", "Index Name": "kind_type_pkey", "Relation Name": "kind_type", "Alias": "kt2", "Startup Cost": 0.13, "Total Cost": 0.15, "Plan Rows": 1, "Plan Width": 4, "Actual Rows": 1, "Actual Loops": 4, "Index Cond": "(id = t2.kind_id)", "Rows Removed by Index Recheck": 0, "Filter": "((kind)::text = 'movie'::text)", "Rows Removed by Filter": 0, "Workers": []}]}]}, {"Node Type": "Index Scan", "Parent Relationship": "Inner", "Parallel Aware": false, "Async Capable": false, "Scan Direction": "Forward", "Index Name": "company_name_pkey", "Relation Name": "company_name", "Alias": "cn2", "Startup Cost": 0.42, "Total Cost": 0.44, "Plan Rows": 1, "Plan Width": 23, "Actual Rows": 1, "Actual Loops": 3447, "Index Cond": "(id = mc2.company_id)", "Rows Removed by Index Recheck": 0, "Workers": []}]}, {"Node Type": "Hash", "Parent Relationship": "Inner", "Parallel Aware": true, "Async Capable": false, "Startup Cost": 52450.14, "Total Cost": 52450.14, "Plan Rows": 9964, "Plan Width": 44, "Actual Rows": 26192, "Actual Loops": 4, "Hash Buckets": 131072, "Original Hash Buckets": 32768, "Hash Batches": 1, "Original Hash Batches": 1, "Peak Memory Usage": 10592, "Workers": [], "Plans": [{"Node Type": "Hash Join", "Parent Relationship": "Outer", "Parallel Aware": false, "Async Capable": false, "Join Type": "Inner", "Startup Cost": 4841.06, "Total Cost": 52450.14, "Plan Rows": 9964, "Plan Width": 44, "Actual Rows": 26192, "Actual Loops": 4, "Inner Unique": true, "Hash Cond": "(t1.kind_id = kt1.id)", "Workers": [], "Plans": [{"Node Type": "Nested Loop", "Parent Relationship": "Outer", "Parallel Aware": false, "Async Capable": false, "Join Type": "Inner", "Startup Cost": 4839.95, "Total Cost": 52302.06, "Plan Rows": 34874, "Plan Width": 48, "Actual Rows": 37033, "Actual Loops": 4, "Inner Unique": true, "Workers": [], "Plans": [{"Node Type": "Hash Join", "Parent Relationship": "Outer", "Parallel Aware": true, "Async Capable": false, "Join Type": "Inner", "Startup Cost": 4839.52, "Total Cost": 34289.45, "Plan Rows": 34874, "Plan Width": 23, "Actual Rows": 37033, "Actual Loops": 4, "Inner Unique": true, "Hash Cond": "(mc1.company_id = cn1.id)", "Workers": [], "Plans": [{"Node Type": "Seq Scan", "Parent Relationship": "Outer", "Parallel Aware": true, "Async Capable": false, "Relation Name": "movie_companies", "Alias": "mc1", "Startup Cost": 0.0, "Total Cost": 27240.55, "Plan Rows": 841655, "Plan Width": 8, "Actual Rows": 652282, "Actual Loops": 4, "Workers": []}, {"Node Type": "Hash", "Parent Relationship": "Inner", "Parallel Aware": true, "Async Capable": false, "Startup Cost": 4767.92, "Total Cost": 4767.92, "Plan Rows": 5728, "Plan Width": 23, "Actual Rows": 2444, "Actual Loops": 4, "Hash Buckets": 16384, "Original Hash Buckets": 16384, "Hash Batches": 1, "Original Hash Batches": 1, "Peak Memory Usage": 768, "Workers": [], "Plans": [{"Node Type": "Seq Scan", "Parent Relationship": "Outer", "Parallel Aware": true, "Async Capable": false, "Relation Name": "company_name", "Alias": "cn1", "Startup Cost": 0.0, "Total Cost": 4767.92, "Plan Rows": 5728, "Plan Width": 23, "Actual Rows": 2444, "Actual Loops": 4, "Filter": "((country_code)::text = '[de]'::text)", "Rows Removed by Filter": 56306, "Workers": []}]}]}, {"Node Type": "Index Scan", "Parent Relationship": "Inner", "Parallel Aware": false, "Async Capable": false, "Scan Direction": "Forward", "Index Name": "title_pkey", "Relation Name": "title", "Alias": "t1", "Startup Cost": 0.43, "Total Cost": 0.52, "Plan Rows": 1, "Plan Width": 25, "Actual Rows": 1, "Actual Loops": 148132, "Index Cond": "(id = mc1.movie_id)", "Rows Removed by Index Recheck": 0, "Workers": []}]}, {"Node Type": "Hash", "Parent Relationship": "Inner", "Parallel Aware": false, "Async Capable": false, "Startup Cost": 1.09, "Total Cost": 1.09, "Plan Rows": 2, "Plan Width": 4, "Actual Rows": 2, "Actual Loops": 4, "Hash Buckets": 1024, "Original Hash Buckets": 1024, "Hash Batches": 1, "Original Hash Batches": 1, "Peak Memory Usage": 9, "Workers": [], "Plans": [{"Node Type": "Seq Scan", "Parent Relationship": "Outer", "Parallel Aware": false, "Async Capable": false, "Relation Name": "kind_type", "Alias": "kt1", "Startup Cost": 0.0, "Total Cost": 1.09, "Plan Rows": 2, "Plan Width": 4, "Actual Rows": 2, "Actual Loops": 4, "Filter": "((kind)::text = ANY ('{episode,movie}'::text[]))", "Rows Removed by Filter": 5, "Workers": []}]}]}]}]}]}]}, "Planning Time": 70.24, "Triggers": [], "Execution Time": 682.975}, {"Plan": {"Node Type": "Aggregate", "Strategy": "Plain", "Partial Mode": "Simple", "Parallel Aware": false, "Async Capable": false, "Startup Cost": 98838.05, "Total Cost": 98838.06, "Plan Rows": 1, "Plan Width": 192, "Actual Rows": 1, "Actual Loops": 1, "Plans": [{"Node Type": "Gather", "Parent Relationship": "Outer", "Parallel Aware": false, "Async Capable": false, "Startup Cost": 68440.97, "Total Cost": 98838.03, "Plan Rows": 1, "Plan Width": 82, "Actual Rows": 134, "Actual Loops": 1, "Workers Planned": 3, "Workers Launched": 3, "Single Copy": false, "Plans": [{"Node Type": "Hash Join", "Parent Relationship": "Outer", "Parallel Aware": true, "Async Capable": false, "Join Type": "Inner", "Startup Cost": 67440.97, "Total Cost": 97837.93, "Plan Rows": 1, "Plan Width": 82, "Actual Rows": 34, "Actual Loops": 4, "Inner Unique": false, "Hash Cond": "(t1.id = mc1.movie_id)", "Workers": [], "Plans": [{"Node Type": "Nested Loop", "Parent Relationship": "Outer", "Parallel Aware": false, "Async Capable": false, "Join Type": "Inner", "Startup Cost": 32715.6, "Total Cost": 63112.53, "Plan Rows": 1, "Plan Width": 75, "Actual Rows": 833, "Actual Loops": 4, "Inner Unique": true, "Workers": [], "Plans": [{"Node Type": "Nested Loop", "Parent Relationship": "Outer", "Parallel Aware": false, "Async Capable": false, "Join Type": "Inner", "Startup Cost": 32715.46, "Total Cost": 63112.36, "Plan Rows": 1, "Plan Width": 79, "Actual Rows": 833, "Actual Loops": 4, "Inner Unique": true, "Workers": [], "Plans": [{"Node Type": "Nested Loop", "Parent Relationship": "Outer", "Parallel Aware": false, "Async Capable": false, "Join Type": "Inner", "Startup Cost": 32715.04, "Total Cost": 63111.92, "Plan Rows": 1, "Plan Width": 64, "Actual Rows": 833, "Actual Loops": 4, "Inner Unique": true, "Join Filter": "(t2.id = ml.linked_movie_id)", "Rows Removed by Join Filter": 0, "Workers": [], "Plans": [{"Node Type": "Hash Join", "Parent Relationship": "Outer", "Parallel Aware": true, "Async Capable": false, "Join Type": "Inner", "Startup Cost": 32714.61, "Total Cost": 63111.38, "Plan Rows": 1, "Plan Width": 55, "Actual Rows": 1008, "Actual Loops": 4, "Inner Unique": false, "Hash Cond": "(mc2.movie_id = ml.linked_movie_id)", "Workers": [], "Plans": [{"Node Type": "Seq Scan", "Parent Relationship": "Outer", "Parallel Aware": true, "Async Capable": false, "Relation Name": "movie_companies", "Alias": "mc2", "Startup Cost": 0.0, "Total Cost": 27240.55, "Plan Rows": 841655, "Plan Width": 8, "Actual Rows": 652282, "Actual Loops": 4, "Workers": []}, {"Node Type": "Hash", "Parent Relationship": "Inner", "Parallel Aware": true, "Async Capable": false, "Startup Cost": 32714.6, "Total Cost": 32714.6, "Plan Rows": 1, "Plan Width": 47, "Actual Rows": 29, "Actual Loops": 4, "Hash Buckets": 1024, "Original Hash Buckets": 1024, "Hash Batches": 1, "Original Hash Batches": 1, "Peak Memory Usage": 136, "Workers": [], "Plans": [{"Node Type": "Nested Loop", "Parent Relationship": "Outer", "Parallel Aware": false, "Async Capable": false, "Join Type": "Inner", "Startup Cost": 17379.33, "Total Cost": 32714.6, "Plan Rows": 1, "Plan Width": 47, "Actual Rows": 29, "Actual Loops": 4, "Inner Unique": true, "Workers": [], "Plans": [{"Node Type": "Nested Loop", "Parent Relationship": "Outer", "Parallel Aware": false, "Async Capable": false, "Join Type": "Inner", "Startup Cost": 17379.2, "Total Cost": 32714.44, "Plan Rows": 1, "Plan Width": 51, "Actual Rows": 30, "Actual Loops": 4, "Inner Unique": true, "Join Filter": "(t1.id = ml.movie_id)", "Rows Removed by Join Filter": 0, "Workers": [], "Plans": [{"Node Type": "Hash Join", "Parent Relationship": "Outer", "Parallel Aware": true, "Async Capable": false, "Join Type": "Inner", "Startup Cost": 17378.77, "Total Cost": 32713.84, "Plan Rows": 1, "Plan Width": 26, "Actual Rows": 30, "Actual Loops": 4, "Inner Unique": false, "Hash Cond": "(mi_idx1.movie_id = ml.movie_id)", "Workers": [], "Plans": [{"Node Type": "Hash Join", "Parent Relationship": "Outer", "Parallel Aware": false, "Async Capable": false, "Join Type": "Inner", "Startup Cost": 2.43, "Total Cost": 15286.6, "Plan Rows": 5089, "Plan Width": 9, "Actual Rows": 114981, "Actual Loops": 4, "Inner Unique": true, "Hash Cond": "(mi_idx1.info_type_id = it1.id)", "Workers": [], "Plans": [{"Node Type": "Seq Scan", "Parent Relationship": "Outer", "Parallel Aware": true, "Async Capable": false, "Relation Name": "movie_info_idx", "Alias": "mi_idx1", "Startup Cost": 0.0, "Total Cost": 13718.15, "Plan Rows": 575015, "Plan Width": 13, "Actual Rows": 345009, "Actual Loops": 4, "Workers": []}, {"Node Type": "Hash", "Parent Relationship": "Inner", "Parallel Aware": false, "Async Capable": false, "Startup Cost": 2.41, "Total Cost": 2.41, "Plan Rows": 1, "Plan Width": 4, "Actual Rows": 1, "Actual Loops": 4, "Hash Buckets": 1024, "Original Hash Buckets": 1024, "Hash Batches": 1, "Original Hash Batches": 1, "Peak Memory Usage": 9, "Workers": [], "Plans": [{"Node Type": "Seq Scan", "Parent Relationship": "Outer", "Parallel Aware": false, "Async Capable": false, "Relation Name": "info_type", "Alias": "it1", "Startup Cost": 0.0, "Total Cost": 2.41, "Plan Rows": 1, "Plan Width": 4, "Actual Rows": 1, "Actual Loops": 4, "Filter": "((info)::text = 'votes'::text)", "Rows Removed by Filter": 112, "Workers": []}]}]}, {"Node Type": "Hash", "Parent Relationship": "Inner", "Parallel Aware": true, "Async Capable": false, "Startup Cost": 17375.74, "Total Cost": 17375.74, "Plan Rows": 48, "Plan Width": 17, "Actual Rows": 82, "Actual Loops": 4, "Hash Buckets": 1024, "Original Hash Buckets": 1024, "Hash Batches": 1, "Original Hash Batches": 1, "Peak Memory Usage": 72, "Workers": [], "Plans": [{"Node Type": "Hash Join", "Parent Relationship": "Outer", "Parallel Aware": false, "Async Capable": false, "Join Type": "Inner", "Startup Cost": 626.46, "Total Cost": 17375.74, "Plan Rows": 48, "Plan Width": 17, "Actual Rows": 82, "Actual Loops": 4, "Inner Unique": false, "Hash Cond": "(mi_idx2.movie_id = ml.linked_movie_id)", "Workers": [], "Plans": [{"Node Type": "Hash Join", "Parent Relationship": "Outer", "Parallel Aware": false, "Async Capable": false, "Join Type": "Inner", "Startup Cost": 2.43, "Total Cost": 16505.03, "Plan Rows": 4377, "Plan Width": 9, "Actual Rows": 55, "Actual Loops": 4, "Inner Unique": true, "Hash Cond": "(mi_idx2.info_type_id = it2.id)", "Workers": [], "Plans": [{"Node Type": "Seq Scan", "Parent Relationship": "Outer", "Parallel Aware": true, "Async Capable": false, "Relation Name": "movie_info_idx", "Alias": "mi_idx2", "Startup Cost": 0.0, "Total Cost": 15155.68, "Plan Rows": 494562, "Plan Width": 13, "Actual Rows": 296767, "Actual Loops": 4, "Filter": "((info)::text <= '7.0'::text)", "Rows Removed by Filter": 48242, "Workers": []}, {"Node Type": "Hash", "Parent Relationship": "Inner", "Parallel Aware": false, "Async Capable": false, "Startup Cost": 2.41, "Total Cost": 2.41, "Plan Rows": 1, "Plan Width": 4, "Actual Rows": 1, "Actual Loops": 4, "Hash Buckets": 1024, "Original Hash Buckets": 1024, "Hash Batches": 1, "Original Hash Batches": 1, "Peak Memory Usage": 9, "Workers": [], "Plans": [{"Node Type": "Seq Scan", "Parent Relationship": "Outer", "Parallel Aware": false, "Async Capable": false, "Relation Name": "info_type", "Alias": "it2", "Startup Cost": 0.0, "Total Cost": 2.41, "Plan Rows": 1, "Plan Width": 4, "Actual Rows": 1, "Actual Loops": 4, "Filter": "((info)::text = 'top 250 rank'::text)", "Rows Removed by Filter": 112, "Workers": []}]}]}, {"Node Type": "Hash", "Parent Relationship": "Inner", "Parallel Aware": false, "Async Capable": false, "Startup Cost": 561.53, "Total Cost": 561.53, "Plan Rows": 5000, "Plan Width": 8, "Actual Rows": 7409, "Actual Loops": 2, "Hash Buckets": 8192, "Original Hash Buckets": 8192, "Hash Batches": 1, "Original Hash Batches": 1, "Peak Memory Usage": 354, "Workers": [], "Plans": [{"Node Type": "Hash Join", "Parent Relationship": "Outer", "Parallel Aware": false, "Async Capable": false, "Join Type": "Inner", "Startup Cost": 1.29, "Total Cost": 561.53, "Plan Rows": 5000, "Plan Width": 8, "Actual Rows": 7409, "Actual Loops": 2, "Inner Unique": true, "Hash Cond": "(ml.link_type_id = lt.id)", "Workers": [], "Plans": [{"Node Type": "Seq Scan", "Parent Relationship": "Outer", "Parallel Aware": false, "Async Capable": false, "Relation Name": "movie_link", "Alias": "ml", "Startup Cost": 0.0, "Total Cost": 462.97, "Plan Rows": 29997, "Plan Width": 12, "Actual Rows": 29997, "Actual Loops": 2, "Workers": []}, {"Node Type": "Hash", "Parent Relationship": "Inner", "Parallel Aware": false, "Async Capable": false, "Startup Cost": 1.25, "Total Cost": 1.25, "Plan Rows": 3, "Plan Width": 4, "Actual Rows": 2, "Actual Loops": 2, "Hash Buckets": 1024, "Original Hash Buckets": 1024, "Hash Batches": 1, "Original Hash Batches": 1, "Peak Memory Usage": 9, "Workers": [], "Plans": [{"Node Type": "Seq Scan", "Parent Relationship": "Outer", "Parallel Aware": false, "Async Capable": false, "Relation Name": "link_type", "Alias": "lt", "Startup Cost": 0.0, "Total Cost": 1.25, "Plan Rows": 3, "Plan Width": 4, "Actual Rows": 2, "Actual Loops": 2, "Filter": "((link)::text = ANY ('{\"featured in\",features,features}'::text[]))", "Rows Removed by Filter": 16, "Workers": []}]}]}]}]}]}]}, {"Node Type": "Index Scan", "Parent Relationship": "Inner", "Parallel Aware": false, "Async Capable": false, "Scan Direction": "Forward", "Index Name": "title_pkey", "Relation Name": "title", "Alias": "t1", "Startup Cost": 0.43, "Total Cost": 0.58, "Plan Rows": 1, "Plan Width": 25, "Actual Rows": 1, "Actual Loops": 120, "Index Cond": "(id = mi_idx1.movie_id)", "Rows Removed by Index Recheck": 0, "Workers": []}]}, {"Node Type": "Index Scan", "Parent Relationship": "Inner", "Parallel Aware": false, "Async Capable": false, "Scan Direction": "Forward", "Index Name": "kind_type_pkey", "Relation Name": "kind_type", "Alias": "kt1", "Startup Cost": 0.13, "Total Cost": 0.15, "Plan Rows": 1, "Plan Width": 4, "Actual Rows": 1, "Actual Loops": 120, "Index Cond": "(id = t1.kind_id)", "Rows Removed by Index Recheck": 0, "Filter": "((kind)::text = ANY ('{episode,movie}'::text[]))", "Rows Removed by Filter": 0, "Workers": []}]}]}]}, {"Node Type": "Index Scan", "Parent Relationship": "Inner", "Parallel Aware": false, "Async Capable": false, "Scan Direction": "Forward", "Index Name": "title_pkey", "Relation Name": "title", "Alias": "t2", "Startup Cost": 0.43, "Total Cost": 0.52, "Plan Rows": 1, "Plan Width": 25, "Actual Rows": 1, "Actual Loops": 4034, "Index Cond": "(id = mc2.movie_id)", "Rows Removed by Index Recheck": 0, "Filter": "(production_year <= 1992)", "Rows Removed by Filter": 0, "Workers": []}]}, {"Node Type": "Index Scan", "Parent Relationship": "Inner", "Parallel Aware": false, "Async Capable": false, "Scan Direction": "Forward", "Index Name": "company_name_pkey", "Relation Name": "company_name", "Alias": "cn2", "Startup Cost": 0.42, "Total Cost": 0.44, "Plan Rows": 1, "Plan Width": 23, "Actual Rows": 1, "Actual Loops": 3332, "Index Cond": "(id = mc2.company_id)", "Rows Removed by Index Recheck": 0, "Workers": []}]}, {"Node Type": "Index Scan", "Parent Relationship": "Inner", "Parallel Aware": false, "Async Capable": false, "Scan Direction": "Forward", "Index Name": "kind_type_pkey", "Relation Name": "kind_type", "Alias": "kt2", "Startup Cost": 0.13, "Total Cost": 0.15, "Plan Rows": 1, "Plan Width": 4, "Actual Rows": 1, "Actual Loops": 3332, "Index Cond": "(id = t2.kind_id)", "Rows Removed by Index Recheck": 0, "Filter": "((kind)::text = 'movie'::text)", "Rows Removed by Filter": 0, "Workers": []}]}, {"Node Type": "Hash", "Parent Relationship": "Inner", "Parallel Aware": true, "Async Capable": false, "Startup Cost": 34289.45, "Total Cost": 34289.45, "Plan Rows": 34874, "Plan Width": 23, "Actual Rows": 37033, "Actual Loops": 4, "Hash Buckets": 262144, "Original Hash Buckets": 131072, "Hash Batches": 1, "Original Hash Batches": 1, "Peak Memory Usage": 12000, "Workers": [], "Plans": [{"Node Type": "Hash Join", "Parent Relationship": "Outer", "Parallel Aware": true, "Async Capable": false, "Join Type": "Inner", "Startup Cost": 4839.52, "Total Cost": 34289.45, "Plan Rows": 34874, "Plan Width": 23, "Actual Rows": 37033, "Actual Loops": 4, "Inner Unique": true, "Hash Cond": "(mc1.company_id = cn1.id)", "Workers": [], "Plans": [{"Node Type": "Seq Scan", "Parent Relationship": "Outer", "Parallel Aware": true, "Async Capable": false, "Relation Name": "movie_companies", "Alias": "mc1", "Startup Cost": 0.0, "Total Cost": 27240.55, "Plan Rows": 841655, "Plan Width": 8, "Actual Rows": 652282, "Actual Loops": 4, "Workers": []}, {"Node Type": "Hash", "Parent Relationship": "Inner", "Parallel Aware": true, "Async Capable": false, "Startup Cost": 4767.92, "Total Cost": 4767.92, "Plan Rows": 5728, "Plan Width": 23, "Actual Rows": 2444, "Actual Loops": 4, "Hash Buckets": 16384, "Original Hash Buckets": 16384, "Hash Batches": 1, "Original Hash Batches": 1, "Peak Memory Usage": 768, "Workers": [], "Plans": [{"Node Type": "Seq Scan", "Parent Relationship": "Outer", "Parallel Aware": true, "Async Capable": false, "Relation Name": "company_name", "Alias": "cn1", "Startup Cost": 0.0, "Total Cost": 4767.92, "Plan Rows": 5728, "Plan Width": 23, "Actual Rows": 2444, "Actual Loops": 4, "Filter": "((country_code)::text = '[de]'::text)", "Rows Removed by Filter": 56306, "Workers": []}]}]}]}]}]}]}, "Planning Time": 68.166, "Triggers": [], "Execution Time": 458.754}, {"Plan": {"Node Type": "Aggregate", "Strategy": "Plain", "Partial Mode": "Simple", "Parallel Aware": false, "Async Capable": false, "Startup Cost": 99298.84, "Total Cost": 99298.85, "Plan Rows": 1, "Plan Width": 192, "Actual Rows": 1, "Actual Loops": 1, "Plans": [{"Node Type": "Gather", "Parent Relationship": "Outer", "Parallel Aware": false, "Async Capable": false, "Startup Cost": 94509.32, "Total Cost": 99298.83, "Plan Rows": 1, "Plan Width": 82, "Actual Rows": 134, "Actual Loops": 1, "Workers Planned": 1, "Workers Launched": 1, "Single Copy": false, "Plans": [{"Node Type": "Hash Join", "Parent Relationship": "Outer", "Parallel Aware": true, "Async Capable": false, "Join Type": "Inner", "Startup Cost": 93509.32, "Total Cost": 98298.73, "Plan Rows": 1, "Plan Width": 82, "Actual Rows": 67, "Actual Loops": 2, "Inner Unique": false, "Hash Cond": "(cn1.id = mc1.company_id)", "Workers": [], "Plans": [{"Node Type": "Seq Scan", "Parent Relationship": "Outer", "Parallel Aware": true, "Async Capable": false, "Relation Name": "company_name", "Alias": "cn1", "Startup Cost": 0.0, "Total Cost": 4767.92, "Plan Rows": 5728, "Plan Width": 23, "Actual Rows": 4888, "Actual Loops": 2, "Filter": "((country_code)::text = '[de]'::text)", "Rows Removed by Filter": 112611, "Workers": []}, {"Node Type": "Hash", "Parent Relationship": "Inner", "Parallel Aware": true, "Async Capable": false, "Startup Cost": 93509.31, "Total Cost": 93509.31, "Plan Rows": 1, "Plan Width": 67, "Actual Rows": 3460, "Actual Loops": 2, "Hash Buckets": 8192, "Original Hash Buckets": 1024, "Hash Batches": 1, "Original Hash Batches": 1, "Peak Memory Usage": 984, "Workers": [], "Plans": [{"Node Type": "Nested Loop", "Parent Relationship": "Outer", "Parallel Aware": false, "Async Capable": false, "Join Type": "Inner", "Startup Cost": 63112.52, "Total Cost": 93509.31, "Plan Rows": 1, "Plan Width": 67, "Actual Rows": 3460, "Actual Loops": 2, "Inner Unique": true, "Workers": [], "Plans": [{"Node Type": "Hash Join", "Parent Relationship": "Outer", "Parallel Aware": true, "Async Capable": false, "Join Type": "Inner", "Startup Cost": 63112.1, "Total Cost": 93508.86, "Plan Rows": 1, "Plan Width": 52, "Actual Rows": 3460, "Actual Loops": 2, "Inner Unique": false, "Hash Cond": "(mc1.movie_id = t1.id)", "Workers": [], "Plans": [{"Node Type": "Seq Scan", "Parent Relationship": "Outer", "Parallel Aware": true, "Async Capable": false, "Relation Name": "movie_companies", "Alias": "mc1", "Startup Cost": 0.0, "Total Cost": 27240.55, "Plan Rows": 841655, "Plan Width": 8, "Actual Rows": 1304564, "Actual Loops": 2, "Workers": []}, {"Node Type": "Hash", "Parent Relationship": "Inner", "Parallel Aware": true, "Async Capable": false, "Startup Cost": 63112.09, "Total Cost": 63112.09, "Plan Rows": 1, "Plan Width": 60, "Actual Rows": 1666, "Actual Loops": 2, "Hash Buckets": 4096, "Original Hash Buckets": 1024, "Hash Batches": 1, "Original Hash Batches": 1, "Peak Memory Usage": 440, "Workers": [], "Plans": [{"Node Type": "Nested Loop", "Parent Relationship": "Outer", "Parallel Aware": false, "Async Capable": false, "Join Type": "Inner", "Startup Cost": 32715.18, "Total Cost": 63112.09, "Plan Rows": 1, "Plan Width": 60, "Actual Rows": 1666, "Actual Loops": 2, "Inner Unique": true, "Workers": [], "Plans": [{"Node Type": "Nested Loop", "Parent Relationship": "Outer", "Parallel Aware": false, "Async Capable": false, "Join Type": "Inner", "Startup Cost": 32715.04, "Total Cost": 63111.92, "Plan Rows": 1, "Plan Width": 64, "Actual Rows": 1666, "Actual Loops": 2, "Inner Unique": true, "Join Filter": "(t2.id = ml.linked_movie_id)", "Rows Removed by Join Filter": 0, "Workers": [], "Plans": [{"Node Type": "Hash Join", "Parent Relationship": "Outer", "Parallel Aware": true, "Async Capable": false, "Join Type": "Inner", "Startup Cost": 32714.61, "Total Cost": 63111.38, "Plan Rows": 1, "Plan Width": 55, "Actual Rows": 2017, "Actual Loops": 2, "Inner Unique": false, "Hash Cond": "(mc2.movie_id = ml.linked_movie_id)", "Workers": [], "Plans": [{"Node Type": "Seq Scan", "Parent Relationship": "Outer", "Parallel Aware": true, "Async Capable": false, "Relation Name": "movie_companies", "Alias": "mc2", "Startup Cost": 0.0, "Total Cost": 27240.55, "Plan Rows": 841655, "Plan Width": 8, "Actual Rows": 1304564, "Actual Loops": 2, "Workers": []}, {"Node Type": "Hash", "Parent Relationship": "Inner", "Parallel Aware": true, "Async Capable": false, "Startup Cost": 32714.6, "Total Cost": 32714.6, "Plan Rows": 1, "Plan Width": 47, "Actual Rows": 58, "Actual Loops": 2, "Hash Buckets": 1024, "Original Hash Buckets": 1024, "Hash Batches": 1, "Original Hash Batches": 1, "Peak Memory Usage": 72, "Workers": [], "Plans": [{"Node Type": "Nested Loop", "Parent Relationship": "Outer", "Parallel Aware": false, "Async Capable": false, "Join Type": "Inner", "Startup Cost": 17379.33, "Total Cost": 32714.6, "Plan Rows": 1, "Plan Width": 47, "Actual Rows": 58, "Actual Loops": 2, "Inner Unique": true, "Workers": [], "Plans": [{"Node Type": "Nested Loop", "Parent Relationship": "Outer", "Parallel Aware": false, "Async Capable": false, "Join Type": "Inner", "Startup Cost": 17379.2, "Total Cost": 32714.44, "Plan Rows": 1, "Plan Width": 51, "Actual Rows": 60, "Actual Loops": 2, "Inner Unique": true, "Join Filter": "(t1.id = ml.movie_id)", "Rows Removed by Join Filter": 0, "Workers": [], "Plans": [{"Node Type": "Hash Join", "Parent Relationship": "Outer", "Parallel Aware": true, "Async Capable": false, "Join Type": "Inner", "Startup Cost": 17378.77, "Total Cost": 32713.84, "Plan Rows": 1, "Plan Width": 26, "Actual Rows": 60, "Actual Loops": 2, "Inner Unique": false, "Hash Cond": "(mi_idx1.movie_id = ml.movie_id)", "Workers": [], "Plans": [{"Node Type": "Hash Join", "Parent Relationship": "Outer", "Parallel Aware": false, "Async Capable": false, "Join Type": "Inner", "Startup Cost": 2.43, "Total Cost": 15286.6, "Plan Rows": 5089, "Plan Width": 9, "Actual Rows": 229962, "Actual Loops": 2, "Inner Unique": true, "Hash Cond": "(mi_idx1.info_type_id = it1.id)", "Workers": [], "Plans": [{"Node Type": "Seq Scan", "Parent Relationship": "Outer", "Parallel Aware": true, "Async Capable": false, "Relation Name": "movie_info_idx", "Alias": "mi_idx1", "Startup Cost": 0.0, "Total Cost": 13718.15, "Plan Rows": 575015, "Plan Width": 13, "Actual Rows": 690018, "Actual Loops": 2, "Workers": []}, {"Node Type": "Hash", "Parent Relationship": "Inner", "Parallel Aware": false, "Async Capable": false, "Startup Cost": 2.41, "Total Cost": 2.41, "Plan Rows": 1, "Plan Width": 4, "Actual Rows": 1, "Actual Loops": 2, "Hash Buckets": 1024, "Original Hash Buckets": 1024, "Hash Batches": 1, "Original Hash Batches": 1, "Peak Memory Usage": 9, "Workers": [], "Plans": [{"Node Type": "Seq Scan", "Parent Relationship": "Outer", "Parallel Aware": false, "Async Capable": false, "Relation Name": "info_type", "Alias": "it1", "Startup Cost": 0.0, "Total Cost": 2.41, "Plan Rows": 1, "Plan Width": 4, "Actual Rows": 1, "Actual Loops": 2, "Filter": "((info)::text = 'votes'::text)", "Rows Removed by Filter": 112, "Workers": []}]}]}, {"Node Type": "Hash", "Parent Relationship": "Inner", "Parallel Aware": true, "Async Capable": false, "Startup Cost": 17375.74, "Total Cost": 17375.74, "Plan Rows": 48, "Plan Width": 17, "Actual Rows": 165, "Actual Loops": 2, "Hash Buckets": 1024, "Original Hash Buckets": 1024, "Hash Batches": 1, "Original Hash Batches": 1, "Peak Memory Usage": 72, "Workers": [], "Plans": [{"Node Type": "Hash Join", "Parent Relationship": "Outer", "Parallel Aware": false, "Async Capable": false, "Join Type": "Inner", "Startup Cost": 626.46, "Total Cost": 17375.74, "Plan Rows": 48, "Plan Width": 17, "Actual Rows": 165, "Actual Loops": 2, "Inner Unique": false, "Hash Cond": "(mi_idx2.movie_id = ml.linked_movie_id)", "Workers": [], "Plans": [{"Node Type": "Hash Join", "Parent Relationship": "Outer", "Parallel Aware": false, "Async Capable": false, "Join Type": "Inner", "Startup Cost": 2.43, "Total Cost": 16505.03, "Plan Rows": 4377, "Plan Width": 9, "Actual Rows": 110, "Actual Loops": 2, "Inner Unique": true, "Hash Cond": "(mi_idx2.info_type_id = it2.id)", "Workers": [], "Plans": [{"Node Type": "Seq Scan", "Parent Relationship": "Outer", "Parallel Aware": true, "Async Capable": false, "Relation Name": "movie_info_idx", "Alias": "mi_idx2", "Startup Cost": 0.0, "Total Cost": 15155.68, "Plan Rows": 494562, "Plan Width": 13, "Actual Rows": 593534, "Actual Loops": 2, "Filter": "((info)::text <= '7.0'::text)", "Rows Removed by Filter": 96484, "Workers": []}, {"Node Type": "Hash", "Parent Relationship": "Inner", "Parallel Aware": false, "Async Capable": false, "Startup Cost": 2.41, "Total Cost": 2.41, "Plan Rows": 1, "Plan Width": 4, "Actual Rows": 1, "Actual Loops": 2, "Hash Buckets": 1024, "Original Hash Buckets": 1024, "Hash Batches": 1, "Original Hash Batches": 1, "Peak Memory Usage": 9, "Workers": [], "Plans": [{"Node Type": "Seq Scan", "Parent Relationship": "Outer", "Parallel Aware": false, "Async Capable": false, "Relation Name": "info_type", "Alias": "it2", "Startup Cost": 0.0, "Total Cost": 2.41, "Plan Rows": 1, "Plan Width": 4, "Actual Rows": 1, "Actual Loops": 2, "Filter": "((info)::text = 'top 250 rank'::text)", "Rows Removed by Filter": 112, "Workers": []}]}]}, {"Node Type": "Hash", "Parent Relationship": "Inner", "Parallel Aware": false, "Async Capable": false, "Startup Cost": 561.53, "Total Cost": 561.53, "Plan Rows": 5000, "Plan Width": 8, "Actual Rows": 7409, "Actual Loops": 2, "Hash Buckets": 8192, "Original Hash Buckets": 8192, "Hash Batches": 1, "Original Hash Batches": 1, "Peak Memory Usage": 354, "Workers": [], "Plans": [{"Node Type": "Hash Join", "Parent Relationship": "Outer", "Parallel Aware": false, "Async Capable": false, "Join Type": "Inner", "Startup Cost": 1.29, "Total Cost": 561.53, "Plan Rows": 5000, "Plan Width": 8, "Actual Rows": 7409, "Actual Loops": 2, "Inner Unique": true, "Hash Cond": "(ml.link_type_id = lt.id)", "Workers": [], "Plans": [{"Node Type": "Seq Scan", "Parent Relationship": "Outer", "Parallel Aware": false, "Async Capable": false, "Relation Name": "movie_link", "Alias": "ml", "Startup Cost": 0.0, "Total Cost": 462.97, "Plan Rows": 29997, "Plan Width": 12, "Actual Rows": 29997, "Actual Loops": 2, "Workers": []}, {"Node Type": "Hash", "Parent Relationship": "Inner", "Parallel Aware": false, "Async Capable": false, "Startup Cost": 1.25, "Total Cost": 1.25, "Plan Rows": 3, "Plan Width": 4, "Actual Rows": 2, "Actual Loops": 2, "Hash Buckets": 1024, "Original Hash Buckets": 1024, "Hash Batches": 1, "Original Hash Batches": 1, "Peak Memory Usage": 9, "Workers": [], "Plans": [{"Node Type": "Seq Scan", "Parent Relationship": "Outer", "Parallel Aware": false, "Async Capable": false, "Relation Name": "link_type", "Alias": "lt", "Startup Cost": 0.0, "Total Cost": 1.25, "Plan Rows": 3, "Plan Width": 4, "Actual Rows": 2, "Actual Loops": 2, "Filter": "((link)::text = ANY ('{\"featured in\",features,features}'::text[]))", "Rows Removed by Filter": 16, "Workers": []}]}]}]}]}]}]}, {"Node Type": "Index Scan", "Parent Relationship": "Inner", "Parallel Aware": false, "Async Capable": false, "Scan Direction": "Forward", "Index Name": "title_pkey", "Relation Name": "title", "Alias": "t1", "Startup Cost": 0.43, "Total Cost": 0.58, "Plan Rows": 1, "Plan Width": 25, "Actual Rows": 1, "Actual Loops": 120, "Index Cond": "(id = mi_idx1.movie_id)", "Rows Removed by Index Recheck": 0, "Workers": []}]}, {"Node Type": "Index Scan", "Parent Relationship": "Inner", "Parallel Aware": false, "Async Capable": false, "Scan Direction": "Forward", "Index Name": "kind_type_pkey", "Relation Name": "kind_type", "Alias": "kt1", "Startup Cost": 0.13, "Total Cost": 0.15, "Plan Rows": 1, "Plan Width": 4, "Actual Rows": 1, "Actual Loops": 120, "Index Cond": "(id = t1.kind_id)", "Rows Removed by Index Recheck": 0, "Filter": "((kind)::text = ANY ('{episode,movie}'::text[]))", "Rows Removed by Filter": 0, "Workers": []}]}]}]}, {"Node Type": "Index Scan", "Parent Relationship": "Inner", "Parallel Aware": false, "Async Capable": false, "Scan Direction": "Forward", "Index Name": "title_pkey", "Relation Name": "title", "Alias": "t2", "Startup Cost": 0.43, "Total Cost": 0.52, "Plan Rows": 1, "Plan Width": 25, "Actual Rows": 1, "Actual Loops": 4034, "Index Cond": "(id = mc2.movie_id)", "Rows Removed by Index Recheck": 0, "Filter": "(production_year <= 1992)", "Rows Removed by Filter": 0, "Workers": []}]}, {"Node Type": "Index Scan", "Parent Relationship": "Inner", "Parallel Aware": false, "Async Capable": false, "Scan Direction": "Forward", "Index Name": "kind_type_pkey", "Relation Name": "kind_type", "Alias": "kt2", "Startup Cost": 0.13, "Total Cost": 0.15, "Plan Rows": 1, "Plan Width": 4, "Actual Rows": 1, "Actual Loops": 3332, "Index Cond": "(id = t2.kind_id)", "Rows Removed by Index Recheck": 0, "Filter": "((kind)::text = 'movie'::text)", "Rows Removed by Filter": 0, "Workers": []}]}]}]}, {"Node Type": "Index Scan", "Parent Relationship": "Inner", "Parallel Aware": false, "Async Capable": false, "Scan Direction": "Forward", "Index Name": "company_name_pkey", "Relation Name": "company_name", "Alias": "cn2", "Startup Cost": 0.42, "Total Cost": 0.44, "Plan Rows": 1, "Plan Width": 23, "Actual Rows": 1, "Actual Loops": 6920, "Index Cond": "(id = mc2.company_id)", "Rows Removed by Index Recheck": 0, "Workers": []}]}]}]}]}]}, "Planning Time": 72.226, "Triggers": [], "Execution Time": 811.705}, {"Plan": {"Node Type": "Aggregate", "Strategy": "Plain", "Partial Mode": "Simple", "Parallel Aware": false, "Async Capable": false, "Startup Cost": 94878.18, "Total Cost": 94878.19, "Plan Rows": 1, "Plan Width": 192, "Actual Rows": 1, "Actual Loops": 1, "Plans": [{"Node Type": "Gather", "Parent Relationship": "Outer", "Parallel Aware": false, "Async Capable": false, "Startup Cost": 78359.04, "Total Cost": 94878.16, "Plan Rows": 1, "Plan Width": 82, "Actual Rows": 134, "Actual Loops": 1, "Workers Planned": 2, "Workers Launched": 2, "Single Copy": false, "Plans": [{"Node Type": "Hash Join", "Parent Relationship": "Outer", "Parallel Aware": true, "Async Capable": false, "Join Type": "Inner", "Startup Cost": 77359.04, "Total Cost": 93878.06, "Plan Rows": 1, "Plan Width": 82, "Actual Rows": 45, "Actual Loops": 3, "Inner Unique": false, "Hash Cond": "(mi_idx2.movie_id = t2.id)", "Workers": [], "Plans": [{"Node Type": "Hash Join", "Parent Relationship": "Outer", "Parallel Aware": false, "Async Capable": false, "Join Type": "Inner", "Startup Cost": 2.43, "Total Cost": 16505.03, "Plan Rows": 4377, "Plan Width": 9, "Actual Rows": 73, "Actual Loops": 3, "Inner Unique": true, "Hash Cond": "(mi_idx2.info_type_id = it2.id)", "Workers": [], "Plans": [{"Node Type": "Seq Scan", "Parent Relationship": "Outer", "Parallel Aware": true, "Async Capable": false, "Relation Name": "movie_info_idx", "Alias": "mi_idx2", "Startup Cost": 0.0, "Total Cost": 15155.68, "Plan Rows": 494562, "Plan Width": 13, "Actual Rows": 395689, "Actual Loops": 3, "Filter": "((info)::text <= '7.0'::text)", "Rows Removed by Filter": 64322, "Workers": []}, {"Node Type": "Hash", "Parent Relationship": "Inner", "Parallel Aware": false, "Async Capable": false, "Startup Cost": 2.41, "Total Cost": 2.41, "Plan Rows": 1, "Plan Width": 4, "Actual Rows": 1, "Actual Loops": 3, "Hash Buckets": 1024, "Original Hash Buckets": 1024, "Hash Batches": 1, "Original Hash Batches": 1, "Peak Memory Usage": 9, "Workers": [], "Plans": [{"Node Type": "Seq Scan", "Parent Relationship": "Outer", "Parallel Aware": false, "Async Capable": false, "Relation Name": "info_type", "Alias": "it2", "Startup Cost": 0.0, "Total Cost": 2.41, "Plan Rows": 1, "Plan Width": 4, "Actual Rows": 1, "Actual Loops": 3, "Filter": "((info)::text = 'top 250 rank'::text)", "Rows Removed by Filter": 112, "Workers": []}]}]}, {"Node Type": "Hash", "Parent Relationship": "Inner", "Parallel Aware": true, "Async Capable": false, "Startup Cost": 77356.6, "Total Cost": 77356.6, "Plan Rows": 1, "Plan Width": 89, "Actual Rows": 155, "Actual Loops": 3, "Hash Buckets": 1024, "Original Hash Buckets": 1024, "Hash Batches": 1, "Original Hash Batches": 1, "Peak Memory Usage": 104, "Workers": [], "Plans": [{"Node Type": "Nested Loop", "Parent Relationship": "Outer", "Parallel Aware": false, "Async Capable": false, "Join Type": "Inner", "Startup Cost": 46953.36, "Total Cost": 77356.6, "Plan Rows": 1, "Plan Width": 89, "Actual Rows": 155, "Actual Loops": 3, "Inner Unique": true, "Workers": [], "Plans": [{"Node Type": "Nested Loop", "Parent Relationship": "Outer", "Parallel Aware": false, "Async Capable": false, "Join Type": "Inner", "Startup Cost": 46952.94, "Total Cost": 77356.16, "Plan Rows": 1, "Plan Width": 74, "Actual Rows": 155, "Actual Loops": 3, "Inner Unique": true, "Workers": [], "Plans": [{"Node Type": "Nested Loop", "Parent Relationship": "Outer", "Parallel Aware": false, "Async Capable": false, "Join Type": "Inner", "Startup Cost": 46952.81, "Total Cost": 77355.54, "Plan Rows": 4, "Plan Width": 78, "Actual Rows": 239, "Actual Loops": 3, "Inner Unique": true, "Join Filter": "(t2.id = ml.linked_movie_id)", "Rows Removed by Join Filter": 0, "Workers": [], "Plans": [{"Node Type": "Hash Join", "Parent Relationship": "Outer", "Parallel Aware": true, "Async Capable": false, "Join Type": "Inner", "Startup Cost": 46952.38, "Total Cost": 77349.16, "Plan Rows": 12, "Plan Width": 53, "Actual Rows": 355, "Actual Loops": 3, "Inner Unique": false, "Hash Cond": "(mc2.movie_id = ml.linked_movie_id)", "Workers": [], "Plans": [{"Node Type": "Seq Scan", "Parent Relationship": "Outer", "Parallel Aware": true, "Async Capable": false, "Relation Name": "movie_companies", "Alias": "mc2", "Startup Cost": 0.0, "Total Cost": 27240.55, "Plan Rows": 841655, "Plan Width": 8, "Actual Rows": 869710, "Actual Loops": 3, "Workers": []}, {"Node Type": "Hash", "Parent Relationship": "Inner", "Parallel Aware": true, "Async Capable": false, "Startup Cost": 46952.35, "Total Cost": 46952.35, "Plan Rows": 2, "Plan Width": 45, "Actual Rows": 31, "Actual Loops": 3, "Hash Buckets": 1024, "Original Hash Buckets": 1024, "Hash Batches": 1, "Original Hash Batches": 1, "Peak Memory Usage": 104, "Workers": [], "Plans": [{"Node Type": "Nested Loop", "Parent Relationship": "Outer", "Parallel Aware": false, "Async Capable": false, "Join Type": "Inner", "Startup Cost": 16531.44, "Total Cost": 46952.35, "Plan Rows": 2, "Plan Width": 45, "Actual Rows": 31, "Actual Loops": 3, "Inner Unique": true, "Workers": [], "Plans": [{"Node Type": "Hash Join", "Parent Relationship": "Outer", "Parallel Aware": true, "Async Capable": false, "Join Type": "Inner", "Startup Cost": 16531.02, "Total Cost": 46927.82, "Plan Rows": 55, "Plan Width": 30, "Actual Rows": 1619, "Actual Loops": 3, "Inner Unique": false, "Hash Cond": "(mc1.movie_id = t1.id)", "Workers": [], "Plans": [{"Node Type": "Seq Scan", "Parent Relationship": "Outer", "Parallel Aware": true, "Async Capable": false, "Relation Name": "movie_companies", "Alias": "mc1", "Startup Cost": 0.0, "Total Cost": 27240.55, "Plan Rows": 841655, "Plan Width": 8, "Actual Rows": 869710, "Actual Loops": 3, "Workers": []}, {"Node Type": "Hash", "Parent Relationship": "Inner", "Parallel Aware": true, "Async Capable": false, "Startup Cost": 16530.82, "Total Cost": 16530.82, "Plan Rows": 16, "Plan Width": 38, "Actual Rows": 687, "Actual Loops": 3, "Hash Buckets": 2048, "Original Hash Buckets": 1024, "Hash Batches": 1, "Original Hash Batches": 1, "Peak Memory Usage": 216, "Workers": [], "Plans": [{"Node Type": "Nested Loop", "Parent Relationship": "Outer", "Parallel Aware": false, "Async Capable": false, "Join Type": "Inner", "Startup Cost": 16469.21, "Total Cost": 16530.82, "Plan Rows": 16, "Plan Width": 38, "Actual Rows": 687, "Actual Loops": 3, "Inner Unique": true, "Workers": [], "Plans": [{"Node Type": "Nested Loop", "Parent Relationship": "Outer", "Parallel Aware": false, "Async Capable": false, "Join Type": "Inner", "Startup Cost": 16469.07, "Total Cost": 16528.42, "Plan Rows": 56, "Plan Width": 42, "Actual Rows": 1262, "Actual Loops": 3, "Inner Unique": true, "Join Filter": "(t1.id = ml.movie_id)", "Rows Removed by Join Filter": 0, "Workers": [], "Plans": [{"Node Type": "Merge Join", "Parent Relationship": "Outer", "Parallel Aware": false, "Async Capable": false, "Join Type": "Inner", "Startup Cost": 16468.64, "Total Cost": 16495.35, "Plan Rows": 56, "Plan Width": 17, "Actual Rows": 1262, "Actual Loops": 3, "Inner Unique": false, "Merge Cond": "(mi_idx1.movie_id = ml.movie_id)", "Workers": [], "Plans": [{"Node Type": "Sort", "Parent Relationship": "Outer", "Parallel Aware": false, "Async Capable": false, "Startup Cost": 15599.91, "Total Cost": 15612.63, "Plan Rows": 5089, "Plan Width": 9, "Actual Rows": 6277, "Actual Loops": 3, "Sort Key": ["mi_idx1.movie_id"], "Sort Method": "quicksort", "Sort Space Used": 12986, "Sort Space Type": "Memory", "Workers": [{"Worker Number": 0, "Sort Method": "quicksort", "Sort Space Used": 6895, "Sort Space Type": "Memory"}, {"Worker Number": 1, "Sort Method": "quicksort", "Sort Space Used": 6943, "Sort Space Type": "Memory"}], "Plans": [{"Node Type": "Hash Join", "Parent Relationship": "Outer", "Parallel Aware": false, "Async Capable": false, "Join Type": "Inner", "Startup Cost": 2.43, "Total Cost": 15286.6, "Plan Rows": 5089, "Plan Width": 9, "Actual Rows": 153308, "Actual Loops": 3, "Inner Unique": true, "Hash Cond": "(mi_idx1.info_type_id = it1.id)", "Workers": [], "Plans": [{"Node Type": "Seq Scan", "Parent Relationship": "Outer", "Parallel Aware": true, "Async Capable": false, "Relation Name": "movie_info_idx", "Alias": "mi_idx1", "Startup Cost": 0.0, "Total Cost": 13718.15, "Plan Rows": 575015, "Plan Width": 13, "Actual Rows": 460012, "Actual Loops": 3, "Workers": []}, {"Node Type": "Hash", "Parent Relationship": "Inner", "Parallel Aware": false, "Async Capable": false, "Startup Cost": 2.41, "Total Cost": 2.41, "Plan Rows": 1, "Plan Width": 4, "Actual Rows": 1, "Actual Loops": 3, "Hash Buckets": 1024, "Original Hash Buckets": 1024, "Hash Batches": 1, "Original Hash Batches": 1, "Peak Memory Usage": 9, "Workers": [], "Plans": [{"Node Type": "Seq Scan", "Parent Relationship": "Outer", "Parallel Aware": false, "Async Capable": false, "Relation Name": "info_type", "Alias": "it1", "Startup Cost": 0.0, "Total Cost": 2.41, "Plan Rows": 1, "Plan Width": 4, "Actual Rows": 1, "Actual Loops": 3, "Filter": "((info)::text = 'votes'::text)", "Rows Removed by Filter": 112, "Workers": []}]}]}]}, {"Node Type": "Sort", "Parent Relationship": "Inner", "Parallel Aware": false, "Async Capable": false, "Startup Cost": 868.72, "Total Cost": 881.22, "Plan Rows": 5000, "Plan Width": 8, "Actual Rows": 7409, "Actual Loops": 3, "Sort Key": ["ml.movie_id"], "Sort Method": "quicksort", "Sort Space Used": 424, "Sort Space Type": "Memory", "Workers": [{"Worker Number": 0, "Sort Method": "quicksort", "Sort Space Used": 424, "Sort Space Type": "Memory"}, {"Worker Number": 1, "Sort Method": "quicksort", "Sort Space Used": 424, "Sort Space Type": "Memory"}], "Plans": [{"Node Type": "Hash Join", "Parent Relationship": "Outer", "Parallel Aware": false, "Async Capable": false, "Join Type": "Inner", "Startup Cost": 1.29, "Total Cost": 561.53, "Plan Rows": 5000, "Plan Width": 8, "Actual Rows": 7409, "Actual Loops": 3, "Inner Unique": true, "Hash Cond": "(ml.link_type_id = lt.id)", "Workers": [], "Plans": [{"Node Type": "Seq Scan", "Parent Relationship": "Outer", "Parallel Aware": false, "Async Capable": false, "Relation Name": "movie_link", "Alias": "ml", "Startup Cost": 0.0, "Total Cost": 462.97, "Plan Rows": 29997, "Plan Width": 12, "Actual Rows": 29997, "Actual Loops": 3, "Workers": []}, {"Node Type": "Hash", "Parent Relationship": "Inner", "Parallel Aware": false, "Async Capable": false, "Startup Cost": 1.25, "Total Cost": 1.25, "Plan Rows": 3, "Plan Width": 4, "Actual Rows": 2, "Actual Loops": 3, "Hash Buckets": 1024, "Original Hash Buckets": 1024, "Hash Batches": 1, "Original Hash Batches": 1, "Peak Memory Usage": 9, "Workers": [], "Plans": [{"Node Type": "Seq Scan", "Parent Relationship": "Outer", "Parallel Aware": false, "Async Capable": false, "Relation Name": "link_type", "Alias": "lt", "Startup Cost": 0.0, "Total Cost": 1.25, "Plan Rows": 3, "Plan Width": 4, "Actual Rows": 2, "Actual Loops": 3, "Filter": "((link)::text = ANY ('{\"featured in\",features,features}'::text[]))", "Rows Removed by Filter": 16, "Workers": []}]}]}]}]}, {"Node Type": "Index Scan", "Parent Relationship": "Inner", "Parallel Aware": false, "Async Capable": false, "Scan Direction": "Forward", "Index Name": "title_pkey", "Relation Name": "title", "Alias": "t1", "Startup Cost": 0.43, "Total Cost": 0.58, "Plan Rows": 1, "Plan Width": 25, "Actual Rows": 1, "Actual Loops": 3787, "Index Cond": "(id = mi_idx1.movie_id)", "Rows Removed by Index Recheck": 0, "Workers": []}]}, {"Node Type": "Memoize", "Parent Relationship": "Inner", "Parallel Aware": false, "Async Capable": false, "Startup Cost": 0.14, "Total Cost": 0.16, "Plan Rows": 1, "Plan Width": 4, "Actual Rows": 1, "Actual Loops": 3787, "Cache Key": "t1.kind_id", "Cache Mode": "logical", "Cache Hits": 3785, "Cache Misses": 2, "Cache Evictions": 0, "Cache Overflows": 0, "Peak Memory Usage": 1, "Workers": [], "Plans": [{"Node Type": "Index Scan", "Parent Relationship": "Outer", "Parallel Aware": false, "Async Capable": false, "Scan Direction": "Forward", "Index Name": "kind_type_pkey", "Relation Name": "kind_type", "Alias": "kt1", "Startup Cost": 0.13, "Total Cost": 0.15, "Plan Rows": 1, "Plan Width": 4, "Actual Rows": 0, "Actual Loops": 2, "Index Cond": "(id = t1.kind_id)", "Rows Removed by Index Recheck": 0, "Filter": "((kind)::text = ANY ('{episode,movie}'::text[]))", "Rows Removed by Filter": 0, "Workers": []}]}]}]}]}, {"Node Type": "Index Scan", "Parent Relationship": "Inner", "Parallel Aware": false, "Async Capable": false, "Scan Direction": "Forward", "Index Name": "company_name_pkey", "Relation Name": "company_name", "Alias": "cn1", "Startup Cost": 0.42, "Total Cost": 0.45, "Plan Rows": 1, "Plan Width": 23, "Actual Rows": 0, "Actual Loops": 4858, "Index Cond": "(id = mc1.company_id)", "Rows Removed by Index Recheck": 0, "Filter": "((country_code)::text = '[de]'::text)", "Rows Removed by Filter": 1, "Workers": []}]}]}]}, {"Node Type": "Index Scan", "Parent Relationship": "Inner", "Parallel Aware": false, "Async Capable": false, "Scan Direction": "Forward", "Index Name": "title_pkey", "Relation Name": "title", "Alias": "t2", "Startup Cost": 0.43, "Total Cost": 0.52, "Plan Rows": 1, "Plan Width": 25, "Actual Rows": 1, "Actual Loops": 1064, "Index Cond": "(id = mc2.movie_id)", "Rows Removed by Index Recheck": 0, "Filter": "(production_year <= 1992)", "Rows Removed by Filter": 0, "Workers": []}]}, {"Node Type": "Index Scan", "Parent Relationship": "Inner", "Parallel Aware": false, "Async Capable": false, "Scan Direction": "Forward", "Index Name": "kind_type_pkey", "Relation Name": "kind_type", "Alias": "kt2", "Startup Cost": 0.13, "Total Cost": 0.15, "Plan Rows": 1, "Plan Width": 4, "Actual Rows": 1, "Actual Loops": 718, "Index Cond": "(id = t2.kind_id)", "Rows Removed by Index Recheck": 0, "Filter": "((kind)::text = 'movie'::text)", "Rows Removed by Filter": 0, "Workers": []}]}, {"Node Type": "Index Scan", "Parent Relationship": "Inner", "Parallel Aware": false, "Async Capable": false, "Scan Direction": "Forward", "Index Name": "company_name_pkey", "Relation Name": "company_name", "Alias": "cn2", "Startup Cost": 0.42, "Total Cost": 0.44, "Plan Rows": 1, "Plan Width": 23, "Actual Rows": 1, "Actual Loops": 465, "Index Cond": "(id = mc2.company_id)", "Rows Removed by Index Recheck": 0, "Workers": []}]}]}]}]}]}, "Planning Time": 69.462, "Triggers": [], "Execution Time": 557.546}, {"Plan": {"Node Type": "Aggregate", "Strategy": "Plain", "Partial Mode": "Simple", "Parallel Aware": false, "Async Capable": false, "Startup Cost": 97472.25, "Total Cost": 97472.26, "Plan Rows": 1, "Plan Width": 192, "Actual Rows": 1, "Actual Loops": 1, "Plans": [{"Node Type": "Gather", "Parent Relationship": "Outer", "Parallel Aware": false, "Async Capable": false, "Startup Cost": 67075.34, "Total Cost": 97472.23, "Plan Rows": 1, "Plan Width": 82, "Actual Rows": 134, "Actual Loops": 1, "Workers Planned": 3, "Workers Launched": 3, "Single Copy": false, "Plans": [{"Node Type": "Hash Join", "Parent Relationship": "Outer", "Parallel Aware": true, "Async Capable": false, "Join Type": "Inner", "Startup Cost": 66075.34, "Total Cost": 96472.13, "Plan Rows": 1, "Plan Width": 82, "Actual Rows": 34, "Actual Loops": 4, "Inner Unique": false, "Hash Cond": "(ml.movie_id = t1.id)", "Workers": [], "Plans": [{"Node Type": "Nested Loop", "Parent Relationship": "Outer", "Parallel Aware": false, "Async Capable": false, "Join Type": "Inner", "Startup Cost": 47806.75, "Total Cost": 78203.53, "Plan Rows": 1, "Plan Width": 68, "Actual Rows": 34, "Actual Loops": 4, "Inner Unique": true, "Workers": [], "Plans": [{"Node Type": "Hash Join", "Parent Relationship": "Outer", "Parallel Aware": true, "Async Capable": false, "Join Type": "Inner", "Startup Cost": 47806.33, "Total Cost": 78203.09, "Plan Rows": 1, "Plan Width": 53, "Actual Rows": 34, "Actual Loops": 4, "Inner Unique": false, "Hash Cond": "(mc2.movie_id = t2.id)", "Workers": [], "Plans": [{"Node Type": "Seq Scan", "Parent Relationship": "Outer", "Parallel Aware": true, "Async Capable": false, "Relation Name": "movie_companies", "Alias": "mc2", "Startup Cost": 0.0, "Total Cost": 27240.55, "Plan Rows": 841655, "Plan Width": 8, "Actual Rows": 652282, "Actual Loops": 4, "Workers": []}, {"Node Type": "Hash", "Parent Relationship": "Inner", "Parallel Aware": true, "Async Capable": false, "Startup Cost": 47806.31, "Total Cost": 47806.31, "Plan Rows": 1, "Plan Width": 61, "Actual Rows": 1, "Actual Loops": 4, "Hash Buckets": 1024, "Original Hash Buckets": 1024, "Hash Batches": 1, "Original Hash Batches": 1, "Peak Memory Usage": 72, "Workers": [], "Plans": [{"Node Type": "Nested Loop", "Parent Relationship": "Outer", "Parallel Aware": false, "Async Capable": false, "Join Type": "Inner", "Startup Cost": 17406.83, "Total Cost": 47806.31, "Plan Rows": 1, "Plan Width": 61, "Actual Rows": 1, "Actual Loops": 4, "Inner Unique": true, "Workers": [], "Plans": [{"Node Type": "Hash Join", "Parent Relationship": "Outer", "Parallel Aware": true, "Async Capable": false, "Join Type": "Inner", "Startup Cost": 17406.41, "Total Cost": 47803.19, "Plan Rows": 7, "Plan Width": 46, "Actual Rows": 66, "Actual Loops": 4, "Inner Unique": false, "Hash Cond": "(mc1.movie_id = ml.movie_id)", "Workers": [], "Plans": [{"Node Type": "Seq Scan", "Parent Relationship": "Outer", "Parallel Aware": true, "Async Capable": false, "Relation Name": "movie_companies", "Alias": "mc1", "Startup Cost": 0.0, "Total Cost": 27240.55, "Plan Rows": 841655, "Plan Width": 8, "Actual Rows": 652282, "Actual Loops": 4, "Workers": []}, {"Node Type": "Hash", "Parent Relationship": "Inner", "Parallel Aware": true, "Async Capable": false, "Startup Cost": 17406.38, "Total Cost": 17406.38, "Plan Rows": 2, "Plan Width": 38, "Actual Rows": 60, "Actual Loops": 4, "Hash Buckets": 1024, "Original Hash Buckets": 1024, "Hash Batches": 1, "Original Hash Batches": 1, "Peak Memory Usage": 72, "Workers": [], "Plans": [{"Node Type": "Hash Join", "Parent Relationship": "Outer", "Parallel Aware": false, "Async Capable": false, "Join Type": "Inner", "Startup Cost": 627.99, "Total Cost": 17406.38, "Plan Rows": 2, "Plan Width": 38, "Actual Rows": 60, "Actual Loops": 4, "Inner Unique": true, "Hash Cond": "(t2.kind_id = kt2.id)", "Workers": [], "Plans": [{"Node Type": "Nested Loop", "Parent Relationship": "Outer", "Parallel Aware": false, "Async Capable": false, "Join Type": "Inner", "Startup Cost": 626.89, "Total Cost": 17405.23, "Plan Rows": 14, "Plan Width": 42, "Actual Rows": 60, "Actual Loops": 4, "Inner Unique": true, "Join Filter": "(t2.id = ml.linked_movie_id)", "Rows Removed by Join Filter": 0, "Workers": [], "Plans": [{"Node Type": "Hash Join", "Parent Relationship": "Outer", "Parallel Aware": false, "Async Capable": false, "Join Type": "Inner", "Startup Cost": 626.46, "Total Cost": 17375.74, "Plan Rows": 48, "Plan Width": 17, "Actual Rows": 82, "Actual Loops": 4, "Inner Unique": false, "Hash Cond": "(mi_idx2.movie_id = ml.linked_movie_id)", "Workers": [], "Plans": [{"Node Type": "Hash Join", "Parent Relationship": "Outer", "Parallel Aware": false, "Async Capable": false, "Join Type": "Inner", "Startup Cost": 2.43, "Total Cost": 16505.03, "Plan Rows": 4377, "Plan Width": 9, "Actual Rows": 55, "Actual Loops": 4, "Inner Unique": true, "Hash Cond": "(mi_idx2.info_type_id = it2.id)", "Workers": [], "Plans": [{"Node Type": "Seq Scan", "Parent Relationship": "Outer", "Parallel Aware": true, "Async Capable": false, "Relation Name": "movie_info_idx", "Alias": "mi_idx2", "Startup Cost": 0.0, "Total Cost": 15155.68, "Plan Rows": 494562, "Plan Width": 13, "Actual Rows": 296767, "Actual Loops": 4, "Filter": "((info)::text <= '7.0'::text)", "Rows Removed by Filter": 48242, "Workers": []}, {"Node Type": "Hash", "Parent Relationship": "Inner", "Parallel Aware": false, "Async Capable": false, "Startup Cost": 2.41, "Total Cost": 2.41, "Plan Rows": 1, "Plan Width": 4, "Actual Rows": 1, "Actual Loops": 4, "Hash Buckets": 1024, "Original Hash Buckets": 1024, "Hash Batches": 1, "Original Hash Batches": 1, "Peak Memory Usage": 9, "Workers": [], "Plans": [{"Node Type": "Seq Scan", "Parent Relationship": "Outer", "Parallel Aware": false, "Async Capable": false, "Relation Name": "info_type", "Alias": "it2", "Startup Cost": 0.0, "Total Cost": 2.41, "Plan Rows": 1, "Plan Width": 4, "Actual Rows": 1, "Actual Loops": 4, "Filter": "((info)::text = 'top 250 rank'::text)", "Rows Removed by Filter": 112, "Workers": []}]}]}, {"Node Type": "Hash", "Parent Relationship": "Inner", "Parallel Aware": false, "Async Capable": false, "Startup Cost": 561.53, "Total Cost": 561.53, "Plan Rows": 5000, "Plan Width": 8, "Actual Rows": 7409, "Actual Loops": 2, "Hash Buckets": 8192, "Original Hash Buckets": 8192, "Hash Batches": 1, "Original Hash Batches": 1, "Peak Memory Usage": 354, "Workers": [], "Plans": [{"Node Type": "Hash Join", "Parent Relationship": "Outer", "Parallel Aware": false, "Async Capable": false, "Join Type": "Inner", "Startup Cost": 1.29, "Total Cost": 561.53, "Plan Rows": 5000, "Plan Width": 8, "Actual Rows": 7409, "Actual Loops": 2, "Inner Unique": true, "Hash Cond": "(ml.link_type_id = lt.id)", "Workers": [], "Plans": [{"Node Type": "Seq Scan", "Parent Relationship": "Outer", "Parallel Aware": false, "Async Capable": false, "Relation Name": "movie_link", "Alias": "ml", "Startup Cost": 0.0, "Total Cost": 462.97, "Plan Rows": 29997, "Plan Width": 12, "Actual Rows": 29997, "Actual Loops": 2, "Workers": []}, {"Node Type": "Hash", "Parent Relationship": "Inner", "Parallel Aware": false, "Async Capable": false, "Startup Cost": 1.25, "Total Cost": 1.25, "Plan Rows": 3, "Plan Width": 4, "Actual Rows": 2, "Actual Loops": 2, "Hash Buckets": 1024, "Original Hash Buckets": 1024, "Hash Batches": 1, "Original Hash Batches": 1, "Peak Memory Usage": 9, "Workers": [], "Plans": [{"Node Type": "Seq Scan", "Parent Relationship": "Outer", "Parallel Aware": false, "Async Capable": false, "Relation Name": "link_type", "Alias": "lt", "Startup Cost": 0.0, "Total Cost": 1.25, "Plan Rows": 3, "Plan Width": 4, "Actual Rows": 2, "Actual Loops": 2, "Filter": "((link)::text = ANY ('{\"featured in\",features,features}'::text[]))", "Rows Removed by Filter": 16, "Workers": []}]}]}]}]}, {"Node Type": "Index Scan", "Parent Relationship": "Inner", "Parallel Aware": false, "Async Capable": false, "Scan Direction": "Forward", "Index Name": "title_pkey", "Relation Name": "title", "Alias": "t2", "Startup Cost": 0.43, "Total Cost": 0.6, "Plan Rows": 1, "Plan Width": 25, "Actual Rows": 1, "Actual Loops": 330, "Index Cond": "(id = mi_idx2.movie_id)", "Rows Removed by Index Recheck": 0, "Filter": "(production_year <= 1992)", "Rows Removed by Filter": 0, "Workers": []}]}, {"Node Type": "Hash", "Parent Relationship": "Inner", "Parallel Aware": false, "Async Capable": false, "Startup Cost": 1.09, "Total Cost": 1.09, "Plan Rows": 1, "Plan Width": 4, "Actual Rows": 1, "Actual Loops": 4, "Hash Buckets": 1024, "Original Hash Buckets": 1024, "Hash Batches": 1, "Original Hash Batches": 1, "Peak Memory Usage": 9, "Workers": [], "Plans": [{"Node Type": "Seq Scan", "Parent Relationship": "Outer", "Parallel Aware": false, "Async Capable": false, "Relation Name": "kind_type", "Alias": "kt2", "Startup Cost": 0.0, "Total Cost": 1.09, "Plan Rows": 1, "Plan Width": 4, "Actual Rows": 1, "Actual Loops": 4, "Filter": "((kind)::text = 'movie'::text)", "Rows Removed by Filter": 6, "Workers": []}]}]}]}]}, {"Node Type": "Index Scan", "Parent Relationship": "Inner", "Parallel Aware": false, "Async Capable": false, "Scan Direction": "Forward", "Index Name": "company_name_pkey", "Relation Name": "company_name", "Alias": "cn1", "Startup Cost": 0.42, "Total Cost": 0.45, "Plan Rows": 1, "Plan Width": 23, "Actual Rows": 0, "Actual Loops": 263, "Index Cond": "(id = mc1.company_id)", "Rows Removed by Index Recheck": 0, "Filter": "((country_code)::text = '[de]'::text)", "Rows Removed by Filter": 1, "Workers": []}]}]}]}, {"Node Type": "Index Scan", "Parent Relationship": "Inner", "Parallel Aware": false, "Async Capable": false, "Scan Direction": "Forward", "Index Name": "company_name_pkey", "Relation Name": "company_name", "Alias": "cn2", "Startup Cost": 0.42, "Total Cost": 0.44, "Plan Rows": 1, "Plan Width": 23, "Actual Rows": 1, "Actual Loops": 134, "Index Cond": "(id = mc2.company_id)", "Rows Removed by Index Recheck": 0, "Workers": []}]}, {"Node Type": "Hash", "Parent Relationship": "Inner", "Parallel Aware": true, "Async Capable": false, "Startup Cost": 18250.41, "Total Cost": 18250.41, "Plan Rows": 1454, "Plan Width": 30, "Actual Rows": 87946, "Actual Loops": 4, "Hash Buckets": 524288, "Original Hash Buckets": 4096, "Hash Batches": 1, "Original Hash Batches": 1, "Peak Memory Usage": 30880, "Workers": [], "Plans": [{"Node Type": "Hash Join", "Parent Relationship": "Outer", "Parallel Aware": false, "Async Capable": false, "Join Type": "Inner", "Startup Cost": 3.97, "Total Cost": 18250.41, "Plan Rows": 1454, "Plan Width": 30, "Actual Rows": 87946, "Actual Loops": 4, "Inner Unique": true, "Hash Cond": "(t1.kind_id = kt1.id)", "Workers": [], "Plans": [{"Node Type": "Nested Loop", "Parent Relationship": "Outer", "Parallel Aware": false, "Async Capable": false, "Join Type": "Inner", "Startup Cost": 2.86, "Total Cost": 18227.86, "Plan Rows": 5089, "Plan Width": 34, "Actual Rows": 114981, "Actual Loops": 4, "Inner Unique": true, "Workers": [], "Plans": [{"Node Type": "Hash Join", "Parent Relationship": "Outer", "Parallel Aware": false, "Async Capable": false, "Join Type": "Inner", "Startup Cost": 2.43, "Total Cost": 15286.6, "Plan Rows": 5089, "Plan Width": 9, "Actual Rows": 114981, "Actual Loops": 4, "Inner Unique": true, "Hash Cond": "(mi_idx1.info_type_id = it1.id)", "Workers": [], "Plans": [{"Node Type": "Seq Scan", "Parent Relationship": "Outer", "Parallel Aware": true, "Async Capable": false, "Relation Name": "movie_info_idx", "Alias": "mi_idx1", "Startup Cost": 0.0, "Total Cost": 13718.15, "Plan Rows": 575015, "Plan Width": 13, "Actual Rows": 345009, "Actual Loops": 4, "Workers": []}, {"Node Type": "Hash", "Parent Relationship": "Inner", "Parallel Aware": false, "Async Capable": false, "Startup Cost": 2.41, "Total Cost": 2.41, "Plan Rows": 1, "Plan Width": 4, "Actual Rows": 1, "Actual Loops": 4, "Hash Buckets": 1024, "Original Hash Buckets": 1024, "Hash Batches": 1, "Original Hash Batches": 1, "Peak Memory Usage": 9, "Workers": [], "Plans": [{"Node Type": "Seq Scan", "Parent Relationship": "Outer", "Parallel Aware": false, "Async Capable": false, "Relation Name": "info_type", "Alias": "it1", "Startup Cost": 0.0, "Total Cost": 2.41, "Plan Rows": 1, "Plan Width": 4, "Actual Rows": 1, "Actual Loops": 4, "Filter": "((info)::text = 'votes'::text)", "Rows Removed by Filter": 112, "Workers": []}]}]}, {"Node Type": "Index Scan", "Parent Relationship": "Inner", "Parallel Aware": false, "Async Capable": false, "Scan Direction": "Forward", "Index Name": "title_pkey", "Relation Name": "title", "Alias": "t1", "Startup Cost": 0.43, "Total Cost": 0.58, "Plan Rows": 1, "Plan Width": 25, "Actual Rows": 1, "Actual Loops": 459925, "Index Cond": "(id = mi_idx1.movie_id)", "Rows Removed by Index Recheck": 0, "Workers": []}]}, {"Node Type": "Hash", "Parent Relationship": "Inner", "Parallel Aware": false, "Async Capable": false, "Startup Cost": 1.09, "Total Cost": 1.09, "Plan Rows": 2, "Plan Width": 4, "Actual Rows": 2, "Actual Loops": 4, "Hash Buckets": 1024, "Original Hash Buckets": 1024, "Hash Batches": 1, "Original Hash Batches": 1, "Peak Memory Usage": 9, "Workers": [], "Plans": [{"Node Type": "Seq Scan", "Parent Relationship": "Outer", "Parallel Aware": false, "Async Capable": false, "Relation Name": "kind_type", "Alias": "kt1", "Startup Cost": 0.0, "Total Cost": 1.09, "Plan Rows": 2, "Plan Width": 4, "Actual Rows": 2, "Actual Loops": 4, "Filter": "((kind)::text = ANY ('{episode,movie}'::text[]))", "Rows Removed by Filter": 5, "Workers": []}]}]}]}]}]}]}, "Planning Time": 68.942, "Triggers": [], "Execution Time": 1051.482}, {"Plan": {"Node Type": "Aggregate", "Strategy": "Plain", "Partial Mode": "Simple", "Parallel Aware": false, "Async Capable": false, "Startup Cost": 94510.05, "Total Cost": 94510.06, "Plan Rows": 1, "Plan Width": 192, "Actual Rows": 1, "Actual Loops": 1, "Plans": [{"Node Type": "Gather", "Parent Relationship": "Outer", "Parallel Aware": false, "Async Capable": false, "Startup Cost": 79206.66, "Total Cost": 94510.03, "Plan Rows": 1, "Plan Width": 82, "Actual Rows": 134, "Actual Loops": 1, "Workers Planned": 2, "Workers Launched": 2, "Single Copy": false, "Plans": [{"Node Type": "Hash Join", "Parent Relationship": "Outer", "Parallel Aware": true, "Async Capable": false, "Join Type": "Inner", "Startup Cost": 78206.66, "Total Cost": 93509.93, "Plan Rows": 1, "Plan Width": 82, "Actual Rows": 45, "Actual Loops": 3, "Inner Unique": false, "Hash Cond": "(mi_idx1.movie_id = t1.id)", "Workers": [], "Plans": [{"Node Type": "Hash Join", "Parent Relationship": "Outer", "Parallel Aware": false, "Async Capable": false, "Join Type": "Inner", "Startup Cost": 2.43, "Total Cost": 15286.6, "Plan Rows": 5089, "Plan Width": 9, "Actual Rows": 153308, "Actual Loops": 3, "Inner Unique": true, "Hash Cond": "(mi_idx1.info_type_id = it1.id)", "Workers": [], "Plans": [{"Node Type": "Seq Scan", "Parent Relationship": "Outer", "Parallel Aware": true, "Async Capable": false, "Relation Name": "movie_info_idx", "Alias": "mi_idx1", "Startup Cost": 0.0, "Total Cost": 13718.15, "Plan Rows": 575015, "Plan Width": 13, "Actual Rows": 460012, "Actual Loops": 3, "Workers": []}, {"Node Type": "Hash", "Parent Relationship": "Inner", "Parallel Aware": false, "Async Capable": false, "Startup Cost": 2.41, "Total Cost": 2.41, "Plan Rows": 1, "Plan Width": 4, "Actual Rows": 1, "Actual Loops": 3, "Hash Buckets": 1024, "Original Hash Buckets": 1024, "Hash Batches": 1, "Original Hash Batches": 1, "Peak Memory Usage": 9, "Workers": [], "Plans": [{"Node Type": "Seq Scan", "Parent Relationship": "Outer", "Parallel Aware": false, "Async Capable": false, "Relation Name": "info_type", "Alias": "it1", "Startup Cost": 0.0, "Total Cost": 2.41, "Plan Rows": 1, "Plan Width": 4, "Actual Rows": 1, "Actual Loops": 3, "Filter": "((info)::text = 'votes'::text)", "Rows Removed by Filter": 112, "Workers": []}]}]}, {"Node Type": "Hash", "Parent Relationship": "Inner", "Parallel Aware": true, "Async Capable": false, "Startup Cost": 78204.23, "Total Cost": 78204.23, "Plan Rows": 1, "Plan Width": 89, "Actual Rows": 45, "Actual Loops": 3, "Hash Buckets": 1024, "Original Hash Buckets": 1024, "Hash Batches": 1, "Original Hash Batches": 1, "Peak Memory Usage": 72, "Workers": [], "Plans": [{"Node Type": "Nested Loop", "Parent Relationship": "Outer", "Parallel Aware": false, "Async Capable": false, "Join Type": "Inner", "Startup Cost": 47807.31, "Total Cost": 78204.23, "Plan Rows": 1, "Plan Width": 89, "Actual Rows": 45, "Actual Loops": 3, "Inner Unique": true, "Workers": [], "Plans": [{"Node Type": "Nested Loop", "Parent Relationship": "Outer", "Parallel Aware": false, "Async Capable": false, "Join Type": "Inner", "Startup Cost": 47806.89, "Total Cost": 78203.78, "Plan Rows": 1, "Plan Width": 74, "Actual Rows": 45, "Actual Loops": 3, "Inner Unique": true, "Workers": [], "Plans": [{"Node Type": "Nested Loop", "Parent Relationship": "Outer", "Parallel Aware": false, "Async Capable": false, "Join Type": "Inner", "Startup Cost": 47806.76, "Total Cost": 78203.62, "Plan Rows": 1, "Plan Width": 78, "Actual Rows": 45, "Actual Loops": 3, "Inner Unique": true, "Join Filter": "(t1.id = ml.movie_id)", "Rows Removed by Join Filter": 0, "Workers": [], "Plans": [{"Node Type": "Hash Join", "Parent Relationship": "Outer", "Parallel Aware": true, "Async Capable": false, "Join Type": "Inner", "Startup Cost": 47806.33, "Total Cost": 78203.09, "Plan Rows": 1, "Plan Width": 53, "Actual Rows": 45, "Actual Loops": 3, "Inner Unique": false, "Hash Cond": "(mc2.movie_id = t2.id)", "Workers": [], "Plans": [{"Node Type": "Seq Scan", "Parent Relationship": "Outer", "Parallel Aware": true, "Async Capable": false, "Relation Name": "movie_companies", "Alias": "mc2", "Startup Cost": 0.0, "Total Cost": 27240.55, "Plan Rows": 841655, "Plan Width": 8, "Actual Rows": 869710, "Actual Loops": 3, "Workers": []}, {"Node Type": "Hash", "Parent Relationship": "Inner", "Parallel Aware": true, "Async Capable": false, "Startup Cost": 47806.31, "Total Cost": 47806.31, "Plan Rows": 1, "Plan Width": 61, "Actual Rows": 1, "Actual Loops": 3, "Hash Buckets": 1024, "Original Hash Buckets": 1024, "Hash Batches": 1, "Original Hash Batches": 1, "Peak Memory Usage": 104, "Workers": [], "Plans": [{"Node Type": "Nested Loop", "Parent Relationship": "Outer", "Parallel Aware": false, "Async Capable": false, "Join Type": "Inner", "Startup Cost": 17406.83, "Total Cost": 47806.31, "Plan Rows": 1, "Plan Width": 61, "Actual Rows": 1, "Actual Loops": 3, "Inner Unique": true, "Workers": [], "Plans": [{"Node Type": "Hash Join", "Parent Relationship": "Outer", "Parallel Aware": true, "Async Capable": false, "Join Type": "Inner", "Startup Cost": 17406.41, "Total Cost": 47803.19, "Plan Rows": 7, "Plan Width": 46, "Actual Rows": 88, "Actual Loops": 3, "Inner Unique": false, "Hash Cond": "(mc1.movie_id = ml.movie_id)", "Workers": [], "Plans": [{"Node Type": "Seq Scan", "Parent Relationship": "Outer", "Parallel Aware": true, "Async Capable": false, "Relation Name": "movie_companies", "Alias": "mc1", "Startup Cost": 0.0, "Total Cost": 27240.55, "Plan Rows": 841655, "Plan Width": 8, "Actual Rows": 869710, "Actual Loops": 3, "Workers": []}, {"Node Type": "Hash", "Parent Relationship": "Inner", "Parallel Aware": true, "Async Capable": false, "Startup Cost": 17406.38, "Total Cost": 17406.38, "Plan Rows": 2, "Plan Width": 38, "Actual Rows": 79, "Actual Loops": 3, "Hash Buckets": 1024, "Original Hash Buckets": 1024, "Hash Batches": 1, "Original Hash Batches": 1, "Peak Memory Usage": 72, "Workers": [], "Plans": [{"Node Type": "Hash Join", "Parent Relationship": "Outer", "Parallel Aware": false, "Async Capable": false, "Join Type": "Inner", "Startup Cost": 627.99, "Total Cost": 17406.38, "Plan Rows": 2, "Plan Width": 38, "Actual Rows": 79, "Actual Loops": 3, "Inner Unique": true, "Hash Cond": "(t2.kind_id = kt2.id)", "Workers": [], "Plans": [{"Node Type": "Nested Loop", "Parent Relationship": "Outer", "Parallel Aware": false, "Async Capable": false, "Join Type": "Inner", "Startup Cost": 626.89, "Total Cost": 17405.23, "Plan Rows": 14, "Plan Width": 42, "Actual Rows": 79, "Actual Loops": 3, "Inner Unique": true, "Join Filter": "(t2.id = ml.linked_movie_id)", "Rows Removed by Join Filter": 0, "Workers": [], "Plans": [{"Node Type": "Hash Join", "Parent Relationship": "Outer", "Parallel Aware": false, "Async Capable": false, "Join Type": "Inner", "Startup Cost": 626.46, "Total Cost": 17375.74, "Plan Rows": 48, "Plan Width": 17, "Actual Rows": 110, "Actual Loops": 3, "Inner Unique": false, "Hash Cond": "(mi_idx2.movie_id = ml.linked_movie_id)", "Workers": [], "Plans": [{"Node Type": "Hash Join", "Parent Relationship": "Outer", "Parallel Aware": false, "Async Capable": false, "Join Type": "Inner", "Startup Cost": 2.43, "Total Cost": 16505.03, "Plan Rows": 4377, "Plan Width": 9, "Actual Rows": 73, "Actual Loops": 3, "Inner Unique": true, "Hash Cond": "(mi_idx2.info_type_id = it2.id)", "Workers": [], "Plans": [{"Node Type": "Seq Scan", "Parent Relationship": "Outer", "Parallel Aware": true, "Async Capable": false, "Relation Name": "movie_info_idx", "Alias": "mi_idx2", "Startup Cost": 0.0, "Total Cost": 15155.68, "Plan Rows": 494562, "Plan Width": 13, "Actual Rows": 395689, "Actual Loops": 3, "Filter": "((info)::text <= '7.0'::text)", "Rows Removed by Filter": 64322, "Workers": []}, {"Node Type": "Hash", "Parent Relationship": "Inner", "Parallel Aware": false, "Async Capable": false, "Startup Cost": 2.41, "Total Cost": 2.41, "Plan Rows": 1, "Plan Width": 4, "Actual Rows": 1, "Actual Loops": 3, "Hash Buckets": 1024, "Original Hash Buckets": 1024, "Hash Batches": 1, "Original Hash Batches": 1, "Peak Memory Usage": 9, "Workers": [], "Plans": [{"Node Type": "Seq Scan", "Parent Relationship": "Outer", "Parallel Aware": false, "Async Capable": false, "Relation Name": "info_type", "Alias": "it2", "Startup Cost": 0.0, "Total Cost": 2.41, "Plan Rows": 1, "Plan Width": 4, "Actual Rows": 1, "Actual Loops": 3, "Filter": "((info)::text = 'top 250 rank'::text)", "Rows Removed by Filter": 112, "Workers": []}]}]}, {"Node Type": "Hash", "Parent Relationship": "Inner", "Parallel Aware": false, "Async Capable": false, "Startup Cost": 561.53, "Total Cost": 561.53, "Plan Rows": 5000, "Plan Width": 8, "Actual Rows": 7409, "Actual Loops": 2, "Hash Buckets": 8192, "Original Hash Buckets": 8192, "Hash Batches": 1, "Original Hash Batches": 1, "Peak Memory Usage": 354, "Workers": [], "Plans": [{"Node Type": "Hash Join", "Parent Relationship": "Outer", "Parallel Aware": false, "Async Capable": false, "Join Type": "Inner", "Startup Cost": 1.29, "Total Cost": 561.53, "Plan Rows": 5000, "Plan Width": 8, "Actual Rows": 7409, "Actual Loops": 2, "Inner Unique": true, "Hash Cond": "(ml.link_type_id = lt.id)", "Workers": [], "Plans": [{"Node Type": "Seq Scan", "Parent Relationship": "Outer", "Parallel Aware": false, "Async Capable": false, "Relation Name": "movie_link", "Alias": "ml", "Startup Cost": 0.0, "Total Cost": 462.97, "Plan Rows": 29997, "Plan Width": 12, "Actual Rows": 29997, "Actual Loops": 2, "Workers": []}, {"Node Type": "Hash", "Parent Relationship": "Inner", "Parallel Aware": false, "Async Capable": false, "Startup Cost": 1.25, "Total Cost": 1.25, "Plan Rows": 3, "Plan Width": 4, "Actual Rows": 2, "Actual Loops": 2, "Hash Buckets": 1024, "Original Hash Buckets": 1024, "Hash Batches": 1, "Original Hash Batches": 1, "Peak Memory Usage": 9, "Workers": [], "Plans": [{"Node Type": "Seq Scan", "Parent Relationship": "Outer", "Parallel Aware": false, "Async Capable": false, "Relation Name": "link_type", "Alias": "lt", "Startup Cost": 0.0, "Total Cost": 1.25, "Plan Rows": 3, "Plan Width": 4, "Actual Rows": 2, "Actual Loops": 2, "Filter": "((link)::text = ANY ('{\"featured in\",features,features}'::text[]))", "Rows Removed by Filter": 16, "Workers": []}]}]}]}]}, {"Node Type": "Index Scan", "Parent Relationship": "Inner", "Parallel Aware": false, "Async Capable": false, "Scan Direction": "Forward", "Index Name": "title_pkey", "Relation Name": "title", "Alias": "t2", "Startup Cost": 0.43, "Total Cost": 0.6, "Plan Rows": 1, "Plan Width": 25, "Actual Rows": 1, "Actual Loops": 330, "Index Cond": "(id = mi_idx2.movie_id)", "Rows Removed by Index Recheck": 0, "Filter": "(production_year <= 1992)", "Rows Removed by Filter": 0, "Workers": []}]}, {"Node Type": "Hash", "Parent Relationship": "Inner", "Parallel Aware": false, "Async Capable": false, "Startup Cost": 1.09, "Total Cost": 1.09, "Plan Rows": 1, "Plan Width": 4, "Actual Rows": 1, "Actual Loops": 3, "Hash Buckets": 1024, "Original Hash Buckets": 1024, "Hash Batches": 1, "Original Hash Batches": 1, "Peak Memory Usage": 9, "Workers": [], "Plans": [{"Node Type": "Seq Scan", "Parent Relationship": "Outer", "Parallel Aware": false, "Async Capable": false, "Relation Name": "kind_type", "Alias": "kt2", "Startup Cost": 0.0, "Total Cost": 1.09, "Plan Rows": 1, "Plan Width": 4, "Actual Rows": 1, "Actual Loops": 3, "Filter": "((kind)::text = 'movie'::text)", "Rows Removed by Filter": 6, "Workers": []}]}]}]}]}, {"Node Type": "Index Scan", "Parent Relationship": "Inner", "Parallel Aware": false, "Async Capable": false, "Scan Direction": "Forward", "Index Name": "company_name_pkey", "Relation Name": "company_name", "Alias": "cn1", "Startup Cost": 0.42, "Total Cost": 0.45, "Plan Rows": 1, "Plan Width": 23, "Actual Rows": 0, "Actual Loops": 263, "Index Cond": "(id = mc1.company_id)", "Rows Removed by Index Recheck": 0, "Filter": "((country_code)::text = '[de]'::text)", "Rows Removed by Filter": 1, "Workers": []}]}]}]}, {"Node Type": "Index Scan", "Parent Relationship": "Inner", "Parallel Aware": false, "Async Capable": false, "Scan Direction": "Forward", "Index Name": "title_pkey", "Relation Name": "title", "Alias": "t1", "Startup Cost": 0.43, "Total Cost": 0.52, "Plan Rows": 1, "Plan Width": 25, "Actual Rows": 1, "Actual Loops": 134, "Index Cond": "(id = mc1.movie_id)", "Rows Removed by Index Recheck": 0, "Workers": []}]}, {"Node Type": "Index Scan", "Parent Relationship": "Inner", "Parallel Aware": false, "Async Capable": false, "Scan Direction": "Forward", "Index Name": "kind_type_pkey", "Relation Name": "kind_type", "Alias": "kt1", "Startup Cost": 0.13, "Total Cost": 0.15, "Plan Rows": 1, "Plan Width": 4, "Actual Rows": 1, "Actual Loops": 134, "Index Cond": "(id = t1.kind_id)", "Rows Removed by Index Recheck": 0, "Filter": "((kind)::text = ANY ('{episode,movie}'::text[]))", "Rows Removed by Filter": 0, "Workers": []}]}, {"Node Type": "Index Scan", "Parent Relationship": "Inner", "Parallel Aware": false, "Async Capable": false, "Scan Direction": "Forward", "Index Name": "company_name_pkey", "Relation Name": "company_name", "Alias": "cn2", "Startup Cost": 0.42, "Total Cost": 0.44, "Plan Rows": 1, "Plan Width": 23, "Actual Rows": 1, "Actual Loops": 134, "Index Cond": "(id = mc2.company_id)", "Rows Removed by Index Recheck": 0, "Workers": []}]}]}]}]}]}, "Planning Time": 69.908, "Triggers": [], "Execution Time": 494.971}, {"Plan": {"Node Type": "Aggregate", "Strategy": "Plain", "Partial Mode": "Simple", "Parallel Aware": false, "Async Capable": false, "Startup Cost": 95365.41, "Total Cost": 95365.42, "Plan Rows": 1, "Plan Width": 192, "Actual Rows": 1, "Actual Loops": 1, "Plans": [{"Node Type": "Gather", "Parent Relationship": "Outer", "Parallel Aware": false, "Async Capable": false, "Startup Cost": 64968.48, "Total Cost": 95365.39, "Plan Rows": 1, "Plan Width": 82, "Actual Rows": 134, "Actual Loops": 1, "Workers Planned": 3, "Workers Launched": 3, "Single Copy": false, "Plans": [{"Node Type": "Nested Loop", "Parent Relationship": "Outer", "Parallel Aware": false, "Async Capable": false, "Join Type": "Inner", "Startup Cost": 63968.48, "Total Cost": 94365.29, "Plan Rows": 1, "Plan Width": 82, "Actual Rows": 34, "Actual Loops": 4, "Inner Unique": true, "Workers": [], "Plans": [{"Node Type": "Nested Loop", "Parent Relationship": "Outer", "Parallel Aware": false, "Async Capable": false, "Join Type": "Inner", "Startup Cost": 63968.32, "Total Cost": 94365.11, "Plan Rows": 1, "Plan Width": 86, "Actual Rows": 273, "Actual Loops": 4, "Inner Unique": true, "Workers": [], "Plans": [{"Node Type": "Hash Join", "Parent Relationship": "Outer", "Parallel Aware": true, "Async Capable": false, "Join Type": "Inner", "Startup Cost": 63967.9, "Total Cost": 94364.67, "Plan Rows": 1, "Plan Width": 71, "Actual Rows": 273, "Actual Loops": 4, "Inner Unique": false, "Hash Cond": "(mc2.movie_id = t2.id)", "Workers": [], "Plans": [{"Node Type": "Seq Scan", "Parent Relationship": "Outer", "Parallel Aware": true, "Async Capable": false, "Relation Name": "movie_companies", "Alias": "mc2", "Startup Cost": 0.0, "Total Cost": 27240.55, "Plan Rows": 841655, "Plan Width": 8, "Actual Rows": 652282, "Actual Loops": 4, "Workers": []}, {"Node Type": "Hash", "Parent Relationship": "Inner", "Parallel Aware": true, "Async Capable": false, "Startup Cost": 63967.89, "Total Cost": 63967.89, "Plan Rows": 1, "Plan Width": 79, "Actual Rows": 20, "Actual Loops": 4, "Hash Buckets": 1024, "Original Hash Buckets": 1024, "Hash Batches": 1, "Original Hash Batches": 1, "Peak Memory Usage": 136, "Workers": [], "Plans": [{"Node Type": "Nested Loop", "Parent Relationship": "Outer", "Parallel Aware": false, "Async Capable": false, "Join Type": "Inner", "Startup Cost": 33568.87, "Total Cost": 63967.89, "Plan Rows": 1, "Plan Width": 79, "Actual Rows": 20, "Actual Loops": 4, "Inner Unique": true, "Workers": [], "Plans": [{"Node Type": "Hash Join", "Parent Relationship": "Outer", "Parallel Aware": true, "Async Capable": false, "Join Type": "Inner", "Startup Cost": 33568.45, "Total Cost": 63965.22, "Plan Rows": 6, "Plan Width": 64, "Actual Rows": 1696, "Actual Loops": 4, "Inner Unique": false, "Hash Cond": "(mc1.movie_id = t1.id)", "Workers": [], "Plans": [{"Node Type": "Seq Scan", "Parent Relationship": "Outer", "Parallel Aware": true, "Async Capable": false, "Relation Name": "movie_companies", "Alias": "mc1", "Startup Cost": 0.0, "Total Cost": 27240.55, "Plan Rows": 841655, "Plan Width": 8, "Actual Rows": 652282, "Actual Loops": 4, "Workers": []}, {"Node Type": "Hash", "Parent Relationship": "Inner", "Parallel Aware": true, "Async Capable": false, "Startup Cost": 33568.43, "Total Cost": 33568.43, "Plan Rows": 2, "Plan Width": 72, "Actual Rows": 566, "Actual Loops": 4, "Hash Buckets": 2048, "Original Hash Buckets": 1024, "Hash Batches": 1, "Original Hash Batches": 1, "Peak Memory Usage": 376, "Workers": [], "Plans": [{"Node Type": "Hash Join", "Parent Relationship": "Outer", "Parallel Aware": false, "Async Capable": false, "Join Type": "Inner", "Startup Cost": 16532.55, "Total Cost": 33568.43, "Plan Rows": 2, "Plan Width": 72, "Actual Rows": 566, "Actual Loops": 4, "Inner Unique": true, "Hash Cond": "(t2.kind_id = kt2.id)", "Workers": [], "Plans": [{"Node Type": "Nested Loop", "Parent Relationship": "Outer", "Parallel Aware": false, "Async Capable": false, "Join Type": "Inner", "Startup Cost": 16531.45, "Total Cost": 33567.28, "Plan Rows": 12, "Plan Width": 76, "Actual Rows": 748, "Actual Loops": 4, "Inner Unique": true, "Join Filter": "(t2.id = ml.linked_movie_id)", "Rows Removed by Join Filter": 0, "Workers": [], "Plans": [{"Node Type": "Hash Join", "Parent Relationship": "Outer", "Parallel Aware": true, "Async Capable": false, "Join Type": "Inner", "Startup Cost": 16531.02, "Total Cost": 33541.48, "Plan Rows": 42, "Plan Width": 51, "Actual Rows": 1150, "Actual Loops": 4, "Inner Unique": false, "Hash Cond": "(mi_idx2.movie_id = ml.linked_movie_id)", "Workers": [], "Plans": [{"Node Type": "Seq Scan", "Parent Relationship": "Outer", "Parallel Aware": true, "Async Capable": false, "Relation Name": "movie_info_idx", "Alias": "mi_idx2", "Startup Cost": 0.0, "Total Cost": 15155.68, "Plan Rows": 494562, "Plan Width": 13, "Actual Rows": 296767, "Actual Loops": 4, "Filter": "((info)::text <= '7.0'::text)", "Rows Removed by Filter": 48242, "Workers": []}, {"Node Type": "Hash", "Parent Relationship": "Inner", "Parallel Aware": true, "Async Capable": false, "Startup Cost": 16530.82, "Total Cost": 16530.82, "Plan Rows": 16, "Plan Width": 38, "Actual Rows": 515, "Actual Loops": 4, "Hash Buckets": 2048, "Original Hash Buckets": 1024, "Hash Batches": 1, "Original Hash Batches": 1, "Peak Memory Usage": 216, "Workers": [], "Plans": [{"Node Type": "Nested Loop", "Parent Relationship": "Outer", "Parallel Aware": false, "Async Capable": false, "Join Type": "Inner", "Startup Cost": 16469.21, "Total Cost": 16530.82, "Plan Rows": 16, "Plan Width": 38, "Actual Rows": 515, "Actual Loops": 4, "Inner Unique": true, "Workers": [], "Plans": [{"Node Type": "Nested Loop", "Parent Relationship": "Outer", "Parallel Aware": false, "Async Capable": false, "Join Type": "Inner", "Startup Cost": 16469.07, "Total Cost": 16528.42, "Plan Rows": 56, "Plan Width": 42, "Actual Rows": 947, "Actual Loops": 4, "Inner Unique": true, "Join Filter": "(t1.id = ml.movie_id)", "Rows Removed by Join Filter": 0, "Workers": [], "Plans": [{"Node Type": "Merge Join", "Parent Relationship": "Outer", "Parallel Aware": false, "Async Capable": false, "Join Type": "Inner", "Startup Cost": 16468.64, "Total Cost": 16495.35, "Plan Rows": 56, "Plan Width": 17, "Actual Rows": 947, "Actual Loops": 4, "Inner Unique": false, "Merge Cond": "(mi_idx1.movie_id = ml.movie_id)", "Workers": [], "Plans": [{"Node Type": "Sort", "Parent Relationship": "Outer", "Parallel Aware": false, "Async Capable": false, "Startup Cost": 15599.91, "Total Cost": 15612.63, "Plan Rows": 5089, "Plan Width": 9, "Actual Rows": 4708, "Actual Loops": 4, "Sort Key": ["mi_idx1.movie_id"], "Sort Method": "quicksort", "Sort Space Used": 11478, "Sort Space Type": "Memory", "Workers": [{"Worker Number": 0, "Sort Method": "quicksort", "Sort Space Used": 6139, "Sort Space Type": "Memory"}, {"Worker Number": 1, "Sort Method": "quicksort", "Sort Space Used": 6156, "Sort Space Type": "Memory"}, {"Worker Number": 2, "Sort Method": "quicksort", "Sort Space Used": 6123, "Sort Space Type": "Memory"}], "Plans": [{"Node Type": "Hash Join", "Parent Relationship": "Outer", "Parallel Aware": false, "Async Capable": false, "Join Type": "Inner", "Startup Cost": 2.43, "Total Cost": 15286.6, "Plan Rows": 5089, "Plan Width": 9, "Actual Rows": 114981, "Actual Loops": 4, "Inner Unique": true, "Hash Cond": "(mi_idx1.info_type_id = it1.id)", "Workers": [], "Plans": [{"Node Type": "Seq Scan", "Parent Relationship": "Outer", "Parallel Aware": true, "Async Capable": false, "Relation Name": "movie_info_idx", "Alias": "mi_idx1", "Startup Cost": 0.0, "Total Cost": 13718.15, "Plan Rows": 575015, "Plan Width": 13, "Actual Rows": 345009, "Actual Loops": 4, "Workers": []}, {"Node Type": "Hash", "Parent Relationship": "Inner", "Parallel Aware": false, "Async Capable": false, "Startup Cost": 2.41, "Total Cost": 2.41, "Plan Rows": 1, "Plan Width": 4, "Actual Rows": 1, "Actual Loops": 4, "Hash Buckets": 1024, "Original Hash Buckets": 1024, "Hash Batches": 1, "Original Hash Batches": 1, "Peak Memory Usage": 9, "Workers": [], "Plans": [{"Node Type": "Seq Scan", "Parent Relationship": "Outer", "Parallel Aware": false, "Async Capable": false, "Relation Name": "info_type", "Alias": "it1", "Startup Cost": 0.0, "Total Cost": 2.41, "Plan Rows": 1, "Plan Width": 4, "Actual Rows": 1, "Actual Loops": 4, "Filter": "((info)::text = 'votes'::text)", "Rows Removed by Filter": 112, "Workers": []}]}]}]}, {"Node Type": "Sort", "Parent Relationship": "Inner", "Parallel Aware": false, "Async Capable": false, "Startup Cost": 868.72, "Total Cost": 881.22, "Plan Rows": 5000, "Plan Width": 8, "Actual Rows": 7409, "Actual Loops": 4, "Sort Key": ["ml.movie_id"], "Sort Method": "quicksort", "Sort Space Used": 424, "Sort Space Type": "Memory", "Workers": [{"Worker Number": 0, "Sort Method": "quicksort", "Sort Space Used": 424, "Sort Space Type": "Memory"}, {"Worker Number": 1, "Sort Method": "quicksort", "Sort Space Used": 424, "Sort Space Type": "Memory"}, {"Worker Number": 2, "Sort Method": "quicksort", "Sort Space Used": 424, "Sort Space Type": "Memory"}], "Plans": [{"Node Type": "Hash Join", "Parent Relationship": "Outer", "Parallel Aware": false, "Async Capable": false, "Join Type": "Inner", "Startup Cost": 1.29, "Total Cost": 561.53, "Plan Rows": 5000, "Plan Width": 8, "Actual Rows": 7409, "Actual Loops": 4, "Inner Unique": true, "Hash Cond": "(ml.link_type_id = lt.id)", "Workers": [], "Plans": [{"Node Type": "Seq Scan", "Parent Relationship": "Outer", "Parallel Aware": false, "Async Capable": false, "Relation Name": "movie_link", "Alias": "ml", "Startup Cost": 0.0, "Total Cost": 462.97, "Plan Rows": 29997, "Plan Width": 12, "Actual Rows": 29997, "Actual Loops": 4, "Workers": []}, {"Node Type": "Hash", "Parent Relationship": "Inner", "Parallel Aware": false, "Async Capable": false, "Startup Cost": 1.25, "Total Cost": 1.25, "Plan Rows": 3, "Plan Width": 4, "Actual Rows": 2, "Actual Loops": 4, "Hash Buckets": 1024, "Original Hash Buckets": 1024, "Hash Batches": 1, "Original Hash Batches": 1, "Peak Memory Usage": 9, "Workers": [], "Plans": [{"Node Type": "Seq Scan", "Parent Relationship": "Outer", "Parallel Aware": false, "Async Capable": false, "Relation Name": "link_type", "Alias": "lt", "Startup Cost": 0.0, "Total Cost": 1.25, "Plan Rows": 3, "Plan Width": 4, "Actual Rows": 2, "Actual Loops": 4, "Filter": "((link)::text = ANY ('{\"featured in\",features,features}'::text[]))", "Rows Removed by Filter": 16, "Workers": []}]}]}]}]}, {"Node Type": "Index Scan", "Parent Relationship": "Inner", "Parallel Aware": false, "Async Capable": false, "Scan Direction": "Forward", "Index Name": "title_pkey", "Relation Name": "title", "Alias": "t1", "Startup Cost": 0.43, "Total Cost": 0.58, "Plan Rows": 1, "Plan Width": 25, "Actual Rows": 1, "Actual Loops": 3787, "Index Cond": "(id = mi_idx1.movie_id)", "Rows Removed by Index Recheck": 0, "Workers": []}]}, {"Node Type": "Memoize", "Parent Relationship": "Inner", "Parallel Aware": false, "Async Capable": false, "Startup Cost": 0.14, "Total Cost": 0.16, "Plan Rows": 1, "Plan Width": 4, "Actual Rows": 1, "Actual Loops": 3787, "Cache Key": "t1.kind_id", "Cache Mode": "logical", "Cache Hits": 3785, "Cache Misses": 2, "Cache Evictions": 0, "Cache Overflows": 0, "Peak Memory Usage": 1, "Workers": [], "Plans": [{"Node Type": "Index Scan", "Parent Relationship": "Outer", "Parallel Aware": false, "Async Capable": false, "Scan Direction": "Forward", "Index Name": "kind_type_pkey", "Relation Name": "kind_type", "Alias": "kt1", "Startup Cost": 0.13, "Total Cost": 0.15, "Plan Rows": 1, "Plan Width": 4, "Actual Rows": 0, "Actual Loops": 2, "Index Cond": "(id = t1.kind_id)", "Rows Removed by Index Recheck": 0, "Filter": "((kind)::text = ANY ('{episode,movie}'::text[]))", "Rows Removed by Filter": 0, "Workers": []}]}]}]}]}, {"Node Type": "Index Scan", "Parent Relationship": "Inner", "Parallel Aware": false, "Async Capable": false, "Scan Direction": "Forward", "Index Name": "title_pkey", "Relation Name": "title", "Alias": "t2", "Startup Cost": 0.43, "Total Cost": 0.6, "Plan Rows": 1, "Plan Width": 25, "Actual Rows": 1, "Actual Loops": 4599, "Index Cond": "(id = mi_idx2.movie_id)", "Rows Removed by Index Recheck": 0, "Filter": "(production_year <= 1992)", "Rows Removed by Filter": 0, "Workers": []}]}, {"Node Type": "Hash", "Parent Relationship": "Inner", "Parallel Aware": false, "Async Capable": false, "Startup Cost": 1.09, "Total Cost": 1.09, "Plan Rows": 1, "Plan Width": 4, "Actual Rows": 1, "Actual Loops": 4, "Hash Buckets": 1024, "Original Hash Buckets": 1024, "Hash Batches": 1, "Original Hash Batches": 1, "Peak Memory Usage": 9, "Workers": [], "Plans": [{"Node Type": "Seq Scan", "Parent Relationship": "Outer", "Parallel Aware": false, "Async Capable": false, "Relation Name": "kind_type", "Alias": "kt2", "Startup Cost": 0.0, "Total Cost": 1.09, "Plan Rows": 1, "Plan Width": 4, "Actual Rows": 1, "Actual Loops": 4, "Filter": "((kind)::text = 'movie'::text)", "Rows Removed by Filter": 6, "Workers": []}]}]}]}]}, {"Node Type": "Index Scan", "Parent Relationship": "Inner", "Parallel Aware": false, "Async Capable": false, "Scan Direction": "Forward", "Index Name": "company_name_pkey", "Relation Name": "company_name", "Alias": "cn1", "Startup Cost": 0.42, "Total Cost": 0.45, "Plan Rows": 1, "Plan Width": 23, "Actual Rows": 0, "Actual Loops": 6785, "Index Cond": "(id = mc1.company_id)", "Rows Removed by Index Recheck": 0, "Filter": "((country_code)::text = '[de]'::text)", "Rows Removed by Filter": 1, "Workers": []}]}]}]}, {"Node Type": "Index Scan", "Parent Relationship": "Inner", "Parallel Aware": false, "Async Capable": false, "Scan Direction": "Forward", "Index Name": "company_name_pkey", "Relation Name": "company_name", "Alias": "cn2", "Startup Cost": 0.42, "Total Cost": 0.44, "Plan Rows": 1, "Plan Width": 23, "Actual Rows": 1, "Actual Loops": 1092, "Index Cond": "(id = mc2.company_id)", "Rows Removed by Index Recheck": 0, "Workers": []}]}, {"Node Type": "Memoize", "Parent Relationship": "Inner", "Parallel Aware": false, "Async Capable": false, "Startup Cost": 0.15, "Total Cost": 0.17, "Plan Rows": 1, "Plan Width": 4, "Actual Rows": 0, "Actual Loops": 1092, "Cache Key": "mi_idx2.info_type_id", "Cache Mode": "logical", "Cache Hits": 162, "Cache Misses": 4, "Cache Evictions": 0, "Cache Overflows": 0, "Peak Memory Usage": 1, "Workers": [{"Worker Number": 0, "Cache Hits": 327, "Cache Misses": 4, "Cache Evictions": 0, "Cache Overflows": 0, "Peak Memory Usage": 1}, {"Worker Number": 1, "Cache Hits": 385, "Cache Misses": 4, "Cache Evictions": 0, "Cache Overflows": 0, "Peak Memory Usage": 1}, {"Worker Number": 2, "Cache Hits": 203, "Cache Misses": 3, "Cache Evictions": 0, "Cache Overflows": 0, "Peak Memory Usage": 1}], "Plans": [{"Node Type": "Index Scan", "Parent Relationship": "Outer", "Parallel Aware": false, "Async Capable": false, "Scan Direction": "Forward", "Index Name": "info_type_pkey", "Relation Name": "info_type", "Alias": "it2", "Startup Cost": 0.14, "Total Cost": 0.16, "Plan Rows": 1, "Plan Width": 4, "Actual Rows": 0, "Actual Loops": 15, "Index Cond": "(id = mi_idx2.info_type_id)", "Rows Removed by Index Recheck": 0, "Filter": "((info)::text = 'top 250 rank'::text)", "Rows Removed by Filter": 1, "Workers": []}]}]}]}]}, "Planning Time": 66.662, "Triggers": [], "Execution Time": 456.498}, {"Plan": {"Node Type": "Aggregate", "Strategy": "Plain", "Partial Mode": "Simple", "Parallel Aware": false, "Async Capable": false, "Startup Cost": 95081.58, "Total Cost": 95081.59, "Plan Rows": 1, "Plan Width": 192, "Actual Rows": 1, "Actual Loops": 1, "Plans": [{"Node Type": "Nested Loop", "Parent Relationship": "Outer", "Parallel Aware": false, "Async Capable": false, "Join Type": "Inner", "Startup Cost": 64681.91, "Total Cost": 95081.56, "Plan Rows": 1, "Plan Width": 82, "Actual Rows": 134, "Actual Loops": 1, "Inner Unique": false, "Join Filter": "(it1.id = mi_idx1.info_type_id)", "Rows Removed by Join Filter": 268, "Plans": [{"Node Type": "Seq Scan", "Parent Relationship": "Outer", "Parallel Aware": false, "Async Capable": false, "Relation Name": "info_type", "Alias": "it1", "Startup Cost": 0.0, "Total Cost": 2.41, "Plan Rows": 1, "Plan Width": 4, "Actual Rows": 1, "Actual Loops": 1, "Filter": "((info)::text = 'votes'::text)", "Rows Removed by Filter": 112}, {"Node Type": "Gather", "Parent Relationship": "Inner", "Parallel Aware": false, "Async Capable": false, "Startup Cost": 64681.91, "Total Cost": 95079.1, "Plan Rows": 4, "Plan Width": 86, "Actual Rows": 402, "Actual Loops": 1, "Workers Planned": 3, "Workers Launched": 3, "Single Copy": false, "Plans": [{"Node Type": "Nested Loop", "Parent Relationship": "Outer", "Parallel Aware": false, "Async Capable": false, "Join Type": "Inner", "Startup Cost": 63681.91, "Total Cost": 94078.7, "Plan Rows": 1, "Plan Width": 86, "Actual Rows": 100, "Actual Loops": 4, "Inner Unique": true, "Workers": [], "Plans": [{"Node Type": "Hash Join", "Parent Relationship": "Outer", "Parallel Aware": true, "Async Capable": false, "Join Type": "Inner", "Startup Cost": 63681.49, "Total Cost": 94078.26, "Plan Rows": 1, "Plan Width": 71, "Actual Rows": 100, "Actual Loops": 4, "Inner Unique": false, "Hash Cond": "(mc2.movie_id = t2.id)", "Workers": [], "Plans": [{"Node Type": "Seq Scan", "Parent Relationship": "Outer", "Parallel Aware": true, "Async Capable": false, "Relation Name": "movie_companies", "Alias": "mc2", "Startup Cost": 0.0, "Total Cost": 27240.55, "Plan Rows": 841655, "Plan Width": 8, "Actual Rows": 652282, "Actual Loops": 4, "Workers": []}, {"Node Type": "Hash", "Parent Relationship": "Inner", "Parallel Aware": true, "Async Capable": false, "Startup Cost": 63681.48, "Total Cost": 63681.48, "Plan Rows": 1, "Plan Width": 79, "Actual Rows": 3, "Actual Loops": 4, "Hash Buckets": 1024, "Original Hash Buckets": 1024, "Hash Batches": 1, "Original Hash Batches": 1, "Peak Memory Usage": 72, "Workers": [], "Plans": [{"Node Type": "Nested Loop", "Parent Relationship": "Outer", "Parallel Aware": false, "Async Capable": false, "Join Type": "Inner", "Startup Cost": 47806.89, "Total Cost": 63681.48, "Plan Rows": 1, "Plan Width": 79, "Actual Rows": 3, "Actual Loops": 4, "Inner Unique": true, "Workers": [], "Plans": [{"Node Type": "Nested Loop", "Parent Relationship": "Outer", "Parallel Aware": false, "Async Capable": false, "Join Type": "Inner", "Startup Cost": 47806.76, "Total Cost": 63681.32, "Plan Rows": 1, "Plan Width": 83, "Actual Rows": 3, "Actual Loops": 4, "Inner Unique": true, "Join Filter": "(t1.id = ml.movie_id)", "Rows Removed by Join Filter": 0, "Workers": [], "Plans": [{"Node Type": "Hash Join", "Parent Relationship": "Outer", "Parallel Aware": true, "Async Capable": false, "Join Type": "Inner", "Startup Cost": 47806.33, "Total Cost": 63680.79, "Plan Rows": 1, "Plan Width": 74, "Actual Rows": 3, "Actual Loops": 4, "Inner Unique": false, "Hash Cond": "(mi_idx1.movie_id = ml.movie_id)", "Workers": [], "Plans": [{"Node Type": "Seq Scan", "Parent Relationship": "Outer", "Parallel Aware": true, "Async Capable": false, "Relation Name": "movie_info_idx", "Alias": "mi_idx1", "Startup Cost": 0.0, "Total Cost": 13718.15, "Plan Rows": 575015, "Plan Width": 13, "Actual Rows": 345009, "Actual Loops": 4, "Workers": []}, {"Node Type": "Hash", "Parent Relationship": "Inner", "Parallel Aware": true, "Async Capable": false, "Startup Cost": 47806.31, "Total Cost": 47806.31, "Plan Rows": 1, "Plan Width": 61, "Actual Rows": 1, "Actual Loops": 4, "Hash Buckets": 1024, "Original Hash Buckets": 1024, "Hash Batches": 1, "Original Hash Batches": 1, "Peak Memory Usage": 72, "Workers": [], "Plans": [{"Node Type": "Nested Loop", "Parent Relationship": "Outer", "Parallel Aware": false, "Async Capable": false, "Join Type": "Inner", "Startup Cost": 17406.83, "Total Cost": 47806.31, "Plan Rows": 1, "Plan Width": 61, "Actual Rows": 1, "Actual Loops": 4, "Inner Unique": true, "Workers": [], "Plans": [{"Node Type": "Hash Join", "Parent Relationship": "Outer", "Parallel Aware": true, "Async Capable": false, "Join Type": "Inner", "Startup Cost": 17406.41, "Total Cost": 47803.19, "Plan Rows": 7, "Plan Width": 46, "Actual Rows": 66, "Actual Loops": 4, "Inner Unique": false, "Hash Cond": "(mc1.movie_id = ml.movie_id)", "Workers": [], "Plans": [{"Node Type": "Seq Scan", "Parent Relationship": "Outer", "Parallel Aware": true, "Async Capable": false, "Relation Name": "movie_companies", "Alias": "mc1", "Startup Cost": 0.0, "Total Cost": 27240.55, "Plan Rows": 841655, "Plan Width": 8, "Actual Rows": 652282, "Actual Loops": 4, "Workers": []}, {"Node Type": "Hash", "Parent Relationship": "Inner", "Parallel Aware": true, "Async Capable": false, "Startup Cost": 17406.38, "Total Cost": 17406.38, "Plan Rows": 2, "Plan Width": 38, "Actual Rows": 60, "Actual Loops": 4, "Hash Buckets": 1024, "Original Hash Buckets": 1024, "Hash Batches": 1, "Original Hash Batches": 1, "Peak Memory Usage": 72, "Workers": [], "Plans": [{"Node Type": "Hash Join", "Parent Relationship": "Outer", "Parallel Aware": false, "Async Capable": false, "Join Type": "Inner", "Startup Cost": 627.99, "Total Cost": 17406.38, "Plan Rows": 2, "Plan Width": 38, "Actual Rows": 60, "Actual Loops": 4, "Inner Unique": true, "Hash Cond": "(t2.kind_id = kt2.id)", "Workers": [], "Plans": [{"Node Type": "Nested Loop", "Parent Relationship": "Outer", "Parallel Aware": false, "Async Capable": false, "Join Type": "Inner", "Startup Cost": 626.89, "Total Cost": 17405.23, "Plan Rows": 14, "Plan Width": 42, "Actual Rows": 60, "Actual Loops": 4, "Inner Unique": true, "Join Filter": "(t2.id = ml.linked_movie_id)", "Rows Removed by Join Filter": 0, "Workers": [], "Plans": [{"Node Type": "Hash Join", "Parent Relationship": "Outer", "Parallel Aware": false, "Async Capable": false, "Join Type": "Inner", "Startup Cost": 626.46, "Total Cost": 17375.74, "Plan Rows": 48, "Plan Width": 17, "Actual Rows": 82, "Actual Loops": 4, "Inner Unique": false, "Hash Cond": "(mi_idx2.movie_id = ml.linked_movie_id)", "Workers": [], "Plans": [{"Node Type": "Hash Join", "Parent Relationship": "Outer", "Parallel Aware": false, "Async Capable": false, "Join Type": "Inner", "Startup Cost": 2.43, "Total Cost": 16505.03, "Plan Rows": 4377, "Plan Width": 9, "Actual Rows": 55, "Actual Loops": 4, "Inner Unique": true, "Hash Cond": "(mi_idx2.info_type_id = it2.id)", "Workers": [], "Plans": [{"Node Type": "Seq Scan", "Parent Relationship": "Outer", "Parallel Aware": true, "Async Capable": false, "Relation Name": "movie_info_idx", "Alias": "mi_idx2", "Startup Cost": 0.0, "Total Cost": 15155.68, "Plan Rows": 494562, "Plan Width": 13, "Actual Rows": 296767, "Actual Loops": 4, "Filter": "((info)::text <= '7.0'::text)", "Rows Removed by Filter": 48242, "Workers": []}, {"Node Type": "Hash", "Parent Relationship": "Inner", "Parallel Aware": false, "Async Capable": false, "Startup Cost": 2.41, "Total Cost": 2.41, "Plan Rows": 1, "Plan Width": 4, "Actual Rows": 1, "Actual Loops": 4, "Hash Buckets": 1024, "Original Hash Buckets": 1024, "Hash Batches": 1, "Original Hash Batches": 1, "Peak Memory Usage": 9, "Workers": [], "Plans": [{"Node Type": "Seq Scan", "Parent Relationship": "Outer", "Parallel Aware": false, "Async Capable": false, "Relation Name": "info_type", "Alias": "it2", "Startup Cost": 0.0, "Total Cost": 2.41, "Plan Rows": 1, "Plan Width": 4, "Actual Rows": 1, "Actual Loops": 4, "Filter": "((info)::text = 'top 250 rank'::text)", "Rows Removed by Filter": 112, "Workers": []}]}]}, {"Node Type": "Hash", "Parent Relationship": "Inner", "Parallel Aware": false, "Async Capable": false, "Startup Cost": 561.53, "Total Cost": 561.53, "Plan Rows": 5000, "Plan Width": 8, "Actual Rows": 7409, "Actual Loops": 2, "Hash Buckets": 8192, "Original Hash Buckets": 8192, "Hash Batches": 1, "Original Hash Batches": 1, "Peak Memory Usage": 354, "Workers": [], "Plans": [{"Node Type": "Hash Join", "Parent Relationship": "Outer", "Parallel Aware": false, "Async Capable": false, "Join Type": "Inner", "Startup Cost": 1.29, "Total Cost": 561.53, "Plan Rows": 5000, "Plan Width": 8, "Actual Rows": 7409, "Actual Loops": 2, "Inner Unique": true, "Hash Cond": "(ml.link_type_id = lt.id)", "Workers": [], "Plans": [{"Node Type": "Seq Scan", "Parent Relationship": "Outer", "Parallel Aware": false, "Async Capable": false, "Relation Name": "movie_link", "Alias": "ml", "Startup Cost": 0.0, "Total Cost": 462.97, "Plan Rows": 29997, "Plan Width": 12, "Actual Rows": 29997, "Actual Loops": 2, "Workers": []}, {"Node Type": "Hash", "Parent Relationship": "Inner", "Parallel Aware": false, "Async Capable": false, "Startup Cost": 1.25, "Total Cost": 1.25, "Plan Rows": 3, "Plan Width": 4, "Actual Rows": 2, "Actual Loops": 2, "Hash Buckets": 1024, "Original Hash Buckets": 1024, "Hash Batches": 1, "Original Hash Batches": 1, "Peak Memory Usage": 9, "Workers": [], "Plans": [{"Node Type": "Seq Scan", "Parent Relationship": "Outer", "Parallel Aware": false, "Async Capable": false, "Relation Name": "link_type", "Alias": "lt", "Startup Cost": 0.0, "Total Cost": 1.25, "Plan Rows": 3, "Plan Width": 4, "Actual Rows": 2, "Actual Loops": 2, "Filter": "((link)::text = ANY ('{\"featured in\",features,features}'::text[]))", "Rows Removed by Filter": 16, "Workers": []}]}]}]}]}, {"Node Type": "Index Scan", "Parent Relationship": "Inner", "Parallel Aware": false, "Async Capable": false, "Scan Direction": "Forward", "Index Name": "title_pkey", "Relation Name": "title", "Alias": "t2", "Startup Cost": 0.43, "Total Cost": 0.6, "Plan Rows": 1, "Plan Width": 25, "Actual Rows": 1, "Actual Loops": 330, "Index Cond": "(id = mi_idx2.movie_id)", "Rows Removed by Index Recheck": 0, "Filter": "(production_year <= 1992)", "Rows Removed by Filter": 0, "Workers": []}]}, {"Node Type": "Hash", "Parent Relationship": "Inner", "Parallel Aware": false, "Async Capable": false, "Startup Cost": 1.09, "Total Cost": 1.09, "Plan Rows": 1, "Plan Width": 4, "Actual Rows": 1, "Actual Loops": 4, "Hash Buckets": 1024, "Original Hash Buckets": 1024, "Hash Batches": 1, "Original Hash Batches": 1, "Peak Memory Usage": 9, "Workers": [], "Plans": [{"Node Type": "Seq Scan", "Parent Relationship": "Outer", "Parallel Aware": false, "Async Capable": false, "Relation Name": "kind_type", "Alias": "kt2", "Startup Cost": 0.0, "Total Cost": 1.09, "Plan Rows": 1, "Plan Width": 4, "Actual Rows": 1, "Actual Loops": 4, "Filter": "((kind)::text = 'movie'::text)", "Rows Removed by Filter": 6, "Workers": []}]}]}]}]}, {"Node Type": "Index Scan", "Parent Relationship": "Inner", "Parallel Aware": false, "Async Capable": false, "Scan Direction": "Forward", "Index Name": "company_name_pkey", "Relation Name": "company_name", "Alias": "cn1", "Startup Cost": 0.42, "Total Cost": 0.45, "Plan Rows": 1, "Plan Width": 23, "Actual Rows": 0, "Actual Loops": 263, "Index Cond": "(id = mc1.company_id)", "Rows Removed by Index Recheck": 0, "Filter": "((country_code)::text = '[de]'::text)", "Rows Removed by Filter": 1, "Workers": []}]}]}]}, {"Node Type": "Index Scan", "Parent Relationship": "Inner", "Parallel Aware": false, "Async Capable": false, "Scan Direction": "Forward", "Index Name": "title_pkey", "Relation Name": "title", "Alias": "t1", "Startup Cost": 0.43, "Total Cost": 0.52, "Plan Rows": 1, "Plan Width": 25, "Actual Rows": 1, "Actual Loops": 12, "Index Cond": "(id = mc1.movie_id)", "Rows Removed by Index Recheck": 0, "Workers": []}]}, {"Node Type": "Index Scan", "Parent Relationship": "Inner", "Parallel Aware": false, "Async Capable": false, "Scan Direction": "Forward", "Index Name": "kind_type_pkey", "Relation Name": "kind_type", "Alias": "kt1", "Startup Cost": 0.13, "Total Cost": 0.15, "Plan Rows": 1, "Plan Width": 4, "Actual Rows": 1, "Actual Loops": 12, "Index Cond": "(id = t1.kind_id)", "Rows Removed by Index Recheck": 0, "Filter": "((kind)::text = ANY ('{episode,movie}'::text[]))", "Rows Removed by Filter": 0, "Workers": []}]}]}]}, {"Node Type": "Index Scan", "Parent Relationship": "Inner", "Parallel Aware": false, "Async Capable": false, "Scan Direction": "Forward", "Index Name": "company_name_pkey", "Relation Name": "company_name", "Alias": "cn2", "Startup Cost": 0.42, "Total Cost": 0.44, "Plan Rows": 1, "Plan Width": 23, "Actual Rows": 1, "Actual Loops": 402, "Index Cond": "(id = mc2.company_id)", "Rows Removed by Index Recheck": 0, "Workers": []}]}]}]}]}, "Planning Time": 67.076, "Triggers": [], "Execution Time": 349.997}, {"Plan": {"Node Type": "Aggregate", "Strategy": "Plain", "Partial Mode": "Simple", "Parallel Aware": false, "Async Capable": false, "Startup Cost": 110233.62, "Total Cost": 110233.63, "Plan Rows": 1, "Plan Width": 192, "Actual Rows": 1, "Actual Loops": 1, "Plans": [{"Node Type": "Gather", "Parent Relationship": "Outer", "Parallel Aware": false, "Async Capable": false, "Startup Cost": 79836.48, "Total Cost": 110233.6, "Plan Rows": 1, "Plan Width": 82, "Actual Rows": 134, "Actual Loops": 1, "Workers Planned": 3, "Workers Launched": 3, "Single Copy": false, "Plans": [{"Node Type": "Hash Join", "Parent Relationship": "Outer", "Parallel Aware": true, "Async Capable": false, "Join Type": "Inner", "Startup Cost": 78836.48, "Total Cost": 109233.5, "Plan Rows": 1, "Plan Width": 82, "Actual Rows": 34, "Actual Loops": 4, "Inner Unique": false, "Hash Cond": "(t2.id = mc2.movie_id)", "Workers": [], "Plans": [{"Node Type": "Nested Loop", "Parent Relationship": "Outer", "Parallel Aware": false, "Async Capable": false, "Join Type": "Inner", "Startup Cost": 32715.6, "Total Cost": 63112.55, "Plan Rows": 1, "Plan Width": 75, "Actual Rows": 1, "Actual Loops": 4, "Inner Unique": true, "Workers": [], "Plans": [{"Node Type": "Nested Loop", "Parent Relationship": "Outer", "Parallel Aware": false, "Async Capable": false, "Join Type": "Inner", "Startup Cost": 32715.46, "Total Cost": 63112.38, "Plan Rows": 1, "Plan Width": 79, "Actual Rows": 1, "Actual Loops": 4, "Inner Unique": true, "Join Filter": "(t1.id = ml.movie_id)", "Rows Removed by Join Filter": 0, "Workers": [], "Plans": [{"Node Type": "Nested Loop", "Parent Relationship": "Outer", "Parallel Aware": false, "Async Capable": false, "Join Type": "Inner", "Startup Cost": 32715.03, "Total Cost": 63111.85, "Plan Rows": 1, "Plan Width": 70, "Actual Rows": 1, "Actual Loops": 4, "Inner Unique": true, "Workers": [], "Plans": [{"Node Type": "Nested Loop", "Parent Relationship": "Outer", "Parallel Aware": false, "Async Capable": false, "Join Type": "Inner", "Startup Cost": 32714.61, "Total Cost": 63111.41, "Plan Rows": 1, "Plan Width": 55, "Actual Rows": 59, "Actual Loops": 4, "Inner Unique": true, "Workers": [], "Plans": [{"Node Type": "Hash Join", "Parent Relationship": "Outer", "Parallel Aware": true, "Async Capable": false, "Join Type": "Inner", "Startup Cost": 32714.47, "Total Cost": 63111.23, "Plan Rows": 1, "Plan Width": 59, "Actual Rows": 59, "Actual Loops": 4, "Inner Unique": false, "Hash Cond": "(mc1.movie_id = ml.movie_id)", "Workers": [], "Plans": [{"Node Type": "Seq Scan", "Parent Relationship": "Outer", "Parallel Aware": true, "Async Capable": false, "Relation Name": "movie_companies", "Alias": "mc1", "Startup Cost": 0.0, "Total Cost": 27240.55, "Plan Rows": 841655, "Plan Width": 8, "Actual Rows": 652282, "Actual Loops": 4, "Workers": []}, {"Node Type": "Hash", "Parent Relationship": "Inner", "Parallel Aware": true, "Async Capable": false, "Startup Cost": 32714.46, "Total Cost": 32714.46, "Plan Rows": 1, "Plan Width": 51, "Actual Rows": 26, "Actual Loops": 4, "Hash Buckets": 1024, "Original Hash Buckets": 1024, "Hash Batches": 1, "Original Hash Batches": 1, "Peak Memory Usage": 136, "Workers": [], "Plans": [{"Node Type": "Nested Loop", "Parent Relationship": "Outer", "Parallel Aware": false, "Async Capable": false, "Join Type": "Inner", "Startup Cost": 17379.2, "Total Cost": 32714.46, "Plan Rows": 1, "Plan Width": 51, "Actual Rows": 26, "Actual Loops": 4, "Inner Unique": true, "Join Filter": "(t2.id = ml.linked_movie_id)", "Rows Removed by Join Filter": 0, "Workers": [], "Plans": [{"Node Type": "Hash Join", "Parent Relationship": "Outer", "Parallel Aware": true, "Async Capable": false, "Join Type": "Inner", "Startup Cost": 17378.77, "Total Cost": 32713.84, "Plan Rows": 1, "Plan Width": 26, "Actual Rows": 30, "Actual Loops": 4, "Inner Unique": false, "Hash Cond": "(mi_idx1.movie_id = ml.movie_id)", "Workers": [], "Plans": [{"Node Type": "Hash Join", "Parent Relationship": "Outer", "Parallel Aware": false, "Async Capable": false, "Join Type": "Inner", "Startup Cost": 2.43, "Total Cost": 15286.6, "Plan Rows": 5089, "Plan Width": 9, "Actual Rows": 114981, "Actual Loops": 4, "Inner Unique": true, "Hash Cond": "(mi_idx1.info_type_id = it1.id)", "Workers": [], "Plans": [{"Node Type": "Seq Scan", "Parent Relationship": "Outer", "Parallel Aware": true, "Async Capable": false, "Relation Name": "movie_info_idx", "Alias": "mi_idx1", "Startup Cost": 0.0, "Total Cost": 13718.15, "Plan Rows": 575015, "Plan Width": 13, "Actual Rows": 345009, "Actual Loops": 4, "Workers": []}, {"Node Type": "Hash", "Parent Relationship": "Inner", "Parallel Aware": false, "Async Capable": false, "Startup Cost": 2.41, "Total Cost": 2.41, "Plan Rows": 1, "Plan Width": 4, "Actual Rows": 1, "Actual Loops": 4, "Hash Buckets": 1024, "Original Hash Buckets": 1024, "Hash Batches": 1, "Original Hash Batches": 1, "Peak Memory Usage": 9, "Workers": [], "Plans": [{"Node Type": "Seq Scan", "Parent Relationship": "Outer", "Parallel Aware": false, "Async Capable": false, "Relation Name": "info_type", "Alias": "it1", "Startup Cost": 0.0, "Total Cost": 2.41, "Plan Rows": 1, "Plan Width": 4, "Actual Rows": 1, "Actual Loops": 4, "Filter": "((info)::text = 'votes'::text)", "Rows Removed by Filter": 112, "Workers": []}]}]}, {"Node Type": "Hash", "Parent Relationship": "Inner", "Parallel Aware": true, "Async Capable": false, "Startup Cost": 17375.74, "Total Cost": 17375.74, "Plan Rows": 48, "Plan Width": 17, "Actual Rows": 82, "Actual Loops": 4, "Hash Buckets": 1024, "Original Hash Buckets": 1024, "Hash Batches": 1, "Original Hash Batches": 1, "Peak Memory Usage": 72, "Workers": [], "Plans": [{"Node Type": "Hash Join", "Parent Relationship": "Outer", "Parallel Aware": false, "Async Capable": false, "Join Type": "Inner", "Startup Cost": 626.46, "Total Cost": 17375.74, "Plan Rows": 48, "Plan Width": 17, "Actual Rows": 82, "Actual Loops": 4, "Inner Unique": false, "Hash Cond": "(mi_idx2.movie_id = ml.linked_movie_id)", "Workers": [], "Plans": [{"Node Type": "Hash Join", "Parent Relationship": "Outer", "Parallel Aware": false, "Async Capable": false, "Join Type": "Inner", "Startup Cost": 2.43, "Total Cost": 16505.03, "Plan Rows": 4377, "Plan Width": 9, "Actual Rows": 55, "Actual Loops": 4, "Inner Unique": true, "Hash Cond": "(mi_idx2.info_type_id = it2.id)", "Workers": [], "Plans": [{"Node Type": "Seq Scan", "Parent Relationship": "Outer", "Parallel Aware": true, "Async Capable": false, "Relation Name": "movie_info_idx", "Alias": "mi_idx2", "Startup Cost": 0.0, "Total Cost": 15155.68, "Plan Rows": 494562, "Plan Width": 13, "Actual Rows": 296767, "Actual Loops": 4, "Filter": "((info)::text <= '7.0'::text)", "Rows Removed by Filter": 48242, "Workers": []}, {"Node Type": "Hash", "Parent Relationship": "Inner", "Parallel Aware": false, "Async Capable": false, "Startup Cost": 2.41, "Total Cost": 2.41, "Plan Rows": 1, "Plan Width": 4, "Actual Rows": 1, "Actual Loops": 4, "Hash Buckets": 1024, "Original Hash Buckets": 1024, "Hash Batches": 1, "Original Hash Batches": 1, "Peak Memory Usage": 9, "Workers": [], "Plans": [{"Node Type": "Seq Scan", "Parent Relationship": "Outer", "Parallel Aware": false, "Async Capable": false, "Relation Name": "info_type", "Alias": "it2", "Startup Cost": 0.0, "Total Cost": 2.41, "Plan Rows": 1, "Plan Width": 4, "Actual Rows": 1, "Actual Loops": 4, "Filter": "((info)::text = 'top 250 rank'::text)", "Rows Removed by Filter": 112, "Workers": []}]}]}, {"Node Type": "Hash", "Parent Relationship": "Inner", "Parallel Aware": false, "Async Capable": false, "Startup Cost": 561.53, "Total Cost": 561.53, "Plan Rows": 5000, "Plan Width": 8, "Actual Rows": 7409, "Actual Loops": 2, "Hash Buckets": 8192, "Original Hash Buckets": 8192, "Hash Batches": 1, "Original Hash Batches": 1, "Peak Memory Usage": 354, "Workers": [], "Plans": [{"Node Type": "Hash Join", "Parent Relationship": "Outer", "Parallel Aware": false, "Async Capable": false, "Join Type": "Inner", "Startup Cost": 1.29, "Total Cost": 561.53, "Plan Rows": 5000, "Plan Width": 8, "Actual Rows": 7409, "Actual Loops": 2, "Inner Unique": true, "Hash Cond": "(ml.link_type_id = lt.id)", "Workers": [], "Plans": [{"Node Type": "Seq Scan", "Parent Relationship": "Outer", "Parallel Aware": false, "Async Capable": false, "Relation Name": "movie_link", "Alias": "ml", "Startup Cost": 0.0, "Total Cost": 462.97, "Plan Rows": 29997, "Plan Width": 12, "Actual Rows": 29997, "Actual Loops": 2, "Workers": []}, {"Node Type": "Hash", "Parent Relationship": "Inner", "Parallel Aware": false, "Async Capable": false, "Startup Cost": 1.25, "Total Cost": 1.25, "Plan Rows": 3, "Plan Width": 4, "Actual Rows": 2, "Actual Loops": 2, "Hash Buckets": 1024, "Original Hash Buckets": 1024, "Hash Batches": 1, "Original Hash Batches": 1, "Peak Memory Usage": 9, "Workers": [], "Plans": [{"Node Type": "Seq Scan", "Parent Relationship": "Outer", "Parallel Aware": false, "Async Capable": false, "Relation Name": "link_type", "Alias": "lt", "Startup Cost": 0.0, "Total Cost": 1.25, "Plan Rows": 3, "Plan Width": 4, "Actual Rows": 2, "Actual Loops": 2, "Filter": "((link)::text = ANY ('{\"featured in\",features,features}'::text[]))", "Rows Removed by Filter": 16, "Workers": []}]}]}]}]}]}]}, {"Node Type": "Index Scan", "Parent Relationship": "Inner", "Parallel Aware": false, "Async Capable": false, "Scan Direction": "Forward", "Index Name": "title_pkey", "Relation Name": "title", "Alias": "t2", "Startup Cost": 0.43, "Total Cost": 0.6, "Plan Rows": 1, "Plan Width": 25, "Actual Rows": 1, "Actual Loops": 120, "Index Cond": "(id = mi_idx2.movie_id)", "Rows Removed by Index Recheck": 0, "Filter": "(production_year <= 1992)", "Rows Removed by Filter": 0, "Workers": []}]}]}]}, {"Node Type": "Memoize", "Parent Relationship": "Inner", "Parallel Aware": false, "Async Capable": false, "Startup Cost": 0.14, "Total Cost": 0.16, "Plan Rows": 1, "Plan Width": 4, "Actual Rows": 1, "Actual Loops": 237, "Cache Key": "t2.kind_id", "Cache Mode": "logical", "Cache Hits": 96, "Cache Misses": 1, "Cache Evictions": 0, "Cache Overflows": 0, "Peak Memory Usage": 1, "Workers": [{"Worker Number": 0, "Cache Hits": 82, "Cache Misses": 1, "Cache Evictions": 0, "Cache Overflows": 0, "Peak Memory Usage": 1}, {"Worker Number": 1, "Cache Hits": 26, "Cache Misses": 1, "Cache Evictions": 0, "Cache Overflows": 0, "Peak Memory Usage": 1}, {"Worker Number": 2, "Cache Hits": 29, "Cache Misses": 1, "Cache Evictions": 0, "Cache Overflows": 0, "Peak Memory Usage": 1}], "Plans": [{"Node Type": "Index Scan", "Parent Relationship": "Outer", "Parallel Aware": false, "Async Capable": false, "Scan Direction": "Forward", "Index Name": "kind_type_pkey", "Relation Name": "kind_type", "Alias": "kt2", "Startup Cost": 0.13, "Total Cost": 0.15, "Plan Rows": 1, "Plan Width": 4, "Actual Rows": 1, "Actual Loops": 4, "Index Cond": "(id = t2.kind_id)", "Rows Removed by Index Recheck": 0, "Filter": "((kind)::text = 'movie'::text)", "Rows Removed by Filter": 0, "Workers": []}]}]}, {"Node Type": "Index Scan", "Parent Relationship": "Inner", "Parallel Aware": false, "Async Capable": false, "Scan Direction": "Forward", "Index Name": "company_name_pkey", "Relation Name": "company_name", "Alias": "cn1", "Startup Cost": 0.42, "Total Cost": 0.45, "Plan Rows": 1, "Plan Width": 23, "Actual Rows": 0, "Actual Loops": 237, "Index Cond": "(id = mc1.company_id)", "Rows Removed by Index Recheck": 0, "Filter": "((country_code)::text = '[de]'::text)", "Rows Removed by Filter": 1, "Workers": []}]}, {"Node Type": "Index Scan", "Parent Relationship": "Inner", "Parallel Aware": false, "Async Capable": false, "Scan Direction": "Forward", "Index Name": "title_pkey", "Relation Name": "title", "Alias": "t1", "Startup Cost": 0.43, "Total Cost": 0.52, "Plan Rows": 1, "Plan Width": 25, "Actual Rows": 1, "Actual Loops": 4, "Index Cond": "(id = mc1.movie_id)", "Rows Removed by Index Recheck": 0, "Workers": []}]}, {"Node Type": "Index Scan", "Parent Relationship": "Inner", "Parallel Aware": false, "Async Capable": false, "Scan Direction": "Forward", "Index Name": "kind_type_pkey", "Relation Name": "kind_type", "Alias": "kt1", "Startup Cost": 0.13, "Total Cost": 0.15, "Plan Rows": 1, "Plan Width": 4, "Actual Rows": 1, "Actual Loops": 4, "Index Cond": "(id = t1.kind_id)", "Rows Removed by Index Recheck": 0, "Filter": "((kind)::text = ANY ('{episode,movie}'::text[]))", "Rows Removed by Filter": 0, "Workers": []}]}, {"Node Type": "Hash", "Parent Relationship": "Inner", "Parallel Aware": true, "Async Capable": false, "Startup Cost": 35600.19, "Total Cost": 35600.19, "Plan Rows": 841655, "Plan Width": 23, "Actual Rows": 652282, "Actual Loops": 4, "Hash Buckets": 4194304, "Original Hash Buckets": 4194304, "Hash Batches": 1, "Original Hash Batches": 1, "Peak Memory Usage": 187680, "Workers": [], "Plans": [{"Node Type": "Hash Join", "Parent Relationship": "Outer", "Parallel Aware": true, "Async Capable": false, "Join Type": "Inner", "Startup Cost": 6150.26, "Total Cost": 35600.19, "Plan Rows": 841655, "Plan Width": 23, "Actual Rows": 652282, "Actual Loops": 4, "Inner Unique": true, "Hash Cond": "(mc2.company_id = cn2.id)", "Workers": [], "Plans": [{"Node Type": "Seq Scan", "Parent Relationship": "Outer", "Parallel Aware": true, "Async Capable": false, "Relation Name": "movie_companies", "Alias": "mc2", "Startup Cost": 0.0, "Total Cost": 27240.55, "Plan Rows": 841655, "Plan Width": 8, "Actual Rows": 652282, "Actual Loops": 4, "Workers": []}, {"Node Type": "Hash", "Parent Relationship": "Inner", "Parallel Aware": true, "Async Capable": false, "Startup Cost": 4422.34, "Total Cost": 4422.34, "Plan Rows": 138234, "Plan Width": 23, "Actual Rows": 58749, "Actual Loops": 4, "Hash Buckets": 262144, "Original Hash Buckets": 262144, "Hash Batches": 1, "Original Hash Batches": 1, "Peak Memory Usage": 15648, "Workers": [], "Plans": [{"Node Type": "Seq Scan", "Parent Relationship": "Outer", "Parallel Aware": true, "Async Capable": false, "Relation Name": "company_name", "Alias": "cn2", "Startup Cost": 0.0, "Total Cost": 4422.34, "Plan Rows": 138234, "Plan Width": 23, "Actual Rows": 58749, "Actual Loops": 4, "Workers": []}]}]}]}]}]}]}, "Planning Time": 69.872, "Triggers": [], "Execution Time": 1371.369}, {"Plan": {"Node Type": "Aggregate", "Strategy": "Plain", "Partial Mode": "Simple", "Parallel Aware": false, "Async Capable": false, "Startup Cost": 94510.83, "Total Cost": 94510.84, "Plan Rows": 1, "Plan Width": 192, "Actual Rows": 1, "Actual Loops": 1, "Plans": [{"Node Type": "Nested Loop", "Parent Relationship": "Outer", "Parallel Aware": false, "Async Capable": false, "Join Type": "Inner", "Startup Cost": 64112.71, "Total Cost": 94510.82, "Plan Rows": 1, "Plan Width": 82, "Actual Rows": 134, "Actual Loops": 1, "Inner Unique": false, "Join Filter": "(kt1.id = t1.kind_id)", "Rows Removed by Join Filter": 134, "Plans": [{"Node Type": "Seq Scan", "Parent Relationship": "Outer", "Parallel Aware": false, "Async Capable": false, "Relation Name": "kind_type", "Alias": "kt1", "Startup Cost": 0.0, "Total Cost": 1.09, "Plan Rows": 2, "Plan Width": 4, "Actual Rows": 2, "Actual Loops": 1, "Filter": "((kind)::text = ANY ('{episode,movie}'::text[]))", "Rows Removed by Filter": 5}, {"Node Type": "Materialize", "Parent Relationship": "Inner", "Parallel Aware": false, "Async Capable": false, "Startup Cost": 64112.71, "Total Cost": 94509.7, "Plan Rows": 1, "Plan Width": 86, "Actual Rows": 134, "Actual Loops": 2, "Plans": [{"Node Type": "Nested Loop", "Parent Relationship": "Outer", "Parallel Aware": false, "Async Capable": false, "Join Type": "Inner", "Startup Cost": 64112.71, "Total Cost": 94509.7, "Plan Rows": 1, "Plan Width": 86, "Actual Rows": 134, "Actual Loops": 1, "Inner Unique": true, "Join Filter": "(t1.id = ml.movie_id)", "Rows Removed by Join Filter": 0, "Plans": [{"Node Type": "Nested Loop", "Parent Relationship": "Outer", "Parallel Aware": false, "Async Capable": false, "Join Type": "Inner", "Startup Cost": 64112.28, "Total Cost": 94509.17, "Plan Rows": 1, "Plan Width": 77, "Actual Rows": 134, "Actual Loops": 1, "Inner Unique": true, "Plans": [{"Node Type": "Gather", "Parent Relationship": "Outer", "Parallel Aware": false, "Async Capable": false, "Startup Cost": 64111.86, "Total Cost": 94508.73, "Plan Rows": 1, "Plan Width": 62, "Actual Rows": 134, "Actual Loops": 1, "Workers Planned": 3, "Workers Launched": 3, "Single Copy": false, "Plans": [{"Node Type": "Hash Join", "Parent Relationship": "Outer", "Parallel Aware": true, "Async Capable": false, "Join Type": "Inner", "Startup Cost": 63111.86, "Total Cost": 93508.63, "Plan Rows": 1, "Plan Width": 62, "Actual Rows": 34, "Actual Loops": 4, "Inner Unique": false, "Hash Cond": "(mc2.movie_id = t2.id)", "Workers": [], "Plans": [{"Node Type": "Seq Scan", "Parent Relationship": "Outer", "Parallel Aware": true, "Async Capable": false, "Relation Name": "movie_companies", "Alias": "mc2", "Startup Cost": 0.0, "Total Cost": 27240.55, "Plan Rows": 841655, "Plan Width": 8, "Actual Rows": 652282, "Actual Loops": 4, "Workers": []}, {"Node Type": "Hash", "Parent Relationship": "Inner", "Parallel Aware": true, "Async Capable": false, "Startup Cost": 63111.85, "Total Cost": 63111.85, "Plan Rows": 1, "Plan Width": 70, "Actual Rows": 1, "Actual Loops": 4, "Hash Buckets": 1024, "Original Hash Buckets": 1024, "Hash Batches": 1, "Original Hash Batches": 1, "Peak Memory Usage": 104, "Workers": [], "Plans": [{"Node Type": "Nested Loop", "Parent Relationship": "Outer", "Parallel Aware": false, "Async Capable": false, "Join Type": "Inner", "Startup Cost": 32715.03, "Total Cost": 63111.85, "Plan Rows": 1, "Plan Width": 70, "Actual Rows": 1, "Actual Loops": 4, "Inner Unique": true, "Workers": [], "Plans": [{"Node Type": "Nested Loop", "Parent Relationship": "Outer", "Parallel Aware": false, "Async Capable": false, "Join Type": "Inner", "Startup Cost": 32714.61, "Total Cost": 63111.41, "Plan Rows": 1, "Plan Width": 55, "Actual Rows": 59, "Actual Loops": 4, "Inner Unique": true, "Workers": [], "Plans": [{"Node Type": "Hash Join", "Parent Relationship": "Outer", "Parallel Aware": true, "Async Capable": false, "Join Type": "Inner", "Startup Cost": 32714.47, "Total Cost": 63111.23, "Plan Rows": 1, "Plan Width": 59, "Actual Rows": 59, "Actual Loops": 4, "Inner Unique": false, "Hash Cond": "(mc1.movie_id = ml.movie_id)", "Workers": [], "Plans": [{"Node Type": "Seq Scan", "Parent Relationship": "Outer", "Parallel Aware": true, "Async Capable": false, "Relation Name": "movie_companies", "Alias": "mc1", "Startup Cost": 0.0, "Total Cost": 27240.55, "Plan Rows": 841655, "Plan Width": 8, "Actual Rows": 652282, "Actual Loops": 4, "Workers": []}, {"Node Type": "Hash", "Parent Relationship": "Inner", "Parallel Aware": true, "Async Capable": false, "Startup Cost": 32714.46, "Total Cost": 32714.46, "Plan Rows": 1, "Plan Width": 51, "Actual Rows": 26, "Actual Loops": 4, "Hash Buckets": 1024, "Original Hash Buckets": 1024, "Hash Batches": 1, "Original Hash Batches": 1, "Peak Memory Usage": 136, "Workers": [], "Plans": [{"Node Type": "Nested Loop", "Parent Relationship": "Outer", "Parallel Aware": false, "Async Capable": false, "Join Type": "Inner", "Startup Cost": 17379.2, "Total Cost": 32714.46, "Plan Rows": 1, "Plan Width": 51, "Actual Rows": 26, "Actual Loops": 4, "Inner Unique": true, "Join Filter": "(t2.id = ml.linked_movie_id)", "Rows Removed by Join Filter": 0, "Workers": [], "Plans": [{"Node Type": "Hash Join", "Parent Relationship": "Outer", "Parallel Aware": true, "Async Capable": false, "Join Type": "Inner", "Startup Cost": 17378.77, "Total Cost": 32713.84, "Plan Rows": 1, "Plan Width": 26, "Actual Rows": 30, "Actual Loops": 4, "Inner Unique": false, "Hash Cond": "(mi_idx1.movie_id = ml.movie_id)", "Workers": [], "Plans": [{"Node Type": "Hash Join", "Parent Relationship": "Outer", "Parallel Aware": false, "Async Capable": false, "Join Type": "Inner", "Startup Cost": 2.43, "Total Cost": 15286.6, "Plan Rows": 5089, "Plan Width": 9, "Actual Rows": 114981, "Actual Loops": 4, "Inner Unique": true, "Hash Cond": "(mi_idx1.info_type_id = it1.id)", "Workers": [], "Plans": [{"Node Type": "Seq Scan", "Parent Relationship": "Outer", "Parallel Aware": true, "Async Capable": false, "Relation Name": "movie_info_idx", "Alias": "mi_idx1", "Startup Cost": 0.0, "Total Cost": 13718.15, "Plan Rows": 575015, "Plan Width": 13, "Actual Rows": 345009, "Actual Loops": 4, "Workers": []}, {"Node Type": "Hash", "Parent Relationship": "Inner", "Parallel Aware": false, "Async Capable": false, "Startup Cost": 2.41, "Total Cost": 2.41, "Plan Rows": 1, "Plan Width": 4, "Actual Rows": 1, "Actual Loops": 4, "Hash Buckets": 1024, "Original Hash Buckets": 1024, "Hash Batches": 1, "Original Hash Batches": 1, "Peak Memory Usage": 9, "Workers": [], "Plans": [{"Node Type": "Seq Scan", "Parent Relationship": "Outer", "Parallel Aware": false, "Async Capable": false, "Relation Name": "info_type", "Alias": "it1", "Startup Cost": 0.0, "Total Cost": 2.41, "Plan Rows": 1, "Plan Width": 4, "Actual Rows": 1, "Actual Loops": 4, "Filter": "((info)::text = 'votes'::text)", "Rows Removed by Filter": 112, "Workers": []}]}]}, {"Node Type": "Hash", "Parent Relationship": "Inner", "Parallel Aware": true, "Async Capable": false, "Startup Cost": 17375.74, "Total Cost": 17375.74, "Plan Rows": 48, "Plan Width": 17, "Actual Rows": 82, "Actual Loops": 4, "Hash Buckets": 1024, "Original Hash Buckets": 1024, "Hash Batches": 1, "Original Hash Batches": 1, "Peak Memory Usage": 72, "Workers": [], "Plans": [{"Node Type": "Hash Join", "Parent Relationship": "Outer", "Parallel Aware": false, "Async Capable": false, "Join Type": "Inner", "Startup Cost": 626.46, "Total Cost": 17375.74, "Plan Rows": 48, "Plan Width": 17, "Actual Rows": 82, "Actual Loops": 4, "Inner Unique": false, "Hash Cond": "(mi_idx2.movie_id = ml.linked_movie_id)", "Workers": [], "Plans": [{"Node Type": "Hash Join", "Parent Relationship": "Outer", "Parallel Aware": false, "Async Capable": false, "Join Type": "Inner", "Startup Cost": 2.43, "Total Cost": 16505.03, "Plan Rows": 4377, "Plan Width": 9, "Actual Rows": 55, "Actual Loops": 4, "Inner Unique": true, "Hash Cond": "(mi_idx2.info_type_id = it2.id)", "Workers": [], "Plans": [{"Node Type": "Seq Scan", "Parent Relationship": "Outer", "Parallel Aware": true, "Async Capable": false, "Relation Name": "movie_info_idx", "Alias": "mi_idx2", "Startup Cost": 0.0, "Total Cost": 15155.68, "Plan Rows": 494562, "Plan Width": 13, "Actual Rows": 296767, "Actual Loops": 4, "Filter": "((info)::text <= '7.0'::text)", "Rows Removed by Filter": 48242, "Workers": []}, {"Node Type": "Hash", "Parent Relationship": "Inner", "Parallel Aware": false, "Async Capable": false, "Startup Cost": 2.41, "Total Cost": 2.41, "Plan Rows": 1, "Plan Width": 4, "Actual Rows": 1, "Actual Loops": 4, "Hash Buckets": 1024, "Original Hash Buckets": 1024, "Hash Batches": 1, "Original Hash Batches": 1, "Peak Memory Usage": 9, "Workers": [], "Plans": [{"Node Type": "Seq Scan", "Parent Relationship": "Outer", "Parallel Aware": false, "Async Capable": false, "Relation Name": "info_type", "Alias": "it2", "Startup Cost": 0.0, "Total Cost": 2.41, "Plan Rows": 1, "Plan Width": 4, "Actual Rows": 1, "Actual Loops": 4, "Filter": "((info)::text = 'top 250 rank'::text)", "Rows Removed by Filter": 112, "Workers": []}]}]}, {"Node Type": "Hash", "Parent Relationship": "Inner", "Parallel Aware": false, "Async Capable": false, "Startup Cost": 561.53, "Total Cost": 561.53, "Plan Rows": 5000, "Plan Width": 8, "Actual Rows": 7409, "Actual Loops": 2, "Hash Buckets": 8192, "Original Hash Buckets": 8192, "Hash Batches": 1, "Original Hash Batches": 1, "Peak Memory Usage": 354, "Workers": [], "Plans": [{"Node Type": "Hash Join", "Parent Relationship": "Outer", "Parallel Aware": false, "Async Capable": false, "Join Type": "Inner", "Startup Cost": 1.29, "Total Cost": 561.53, "Plan Rows": 5000, "Plan Width": 8, "Actual Rows": 7409, "Actual Loops": 2, "Inner Unique": true, "Hash Cond": "(ml.link_type_id = lt.id)", "Workers": [], "Plans": [{"Node Type": "Seq Scan", "Parent Relationship": "Outer", "Parallel Aware": false, "Async Capable": false, "Relation Name": "movie_link", "Alias": "ml", "Startup Cost": 0.0, "Total Cost": 462.97, "Plan Rows": 29997, "Plan Width": 12, "Actual Rows": 29997, "Actual Loops": 2, "Workers": []}, {"Node Type": "Hash", "Parent Relationship": "Inner", "Parallel Aware": false, "Async Capable": false, "Startup Cost": 1.25, "Total Cost": 1.25, "Plan Rows": 3, "Plan Width": 4, "Actual Rows": 2, "Actual Loops": 2, "Hash Buckets": 1024, "Original Hash Buckets": 1024, "Hash Batches": 1, "Original Hash Batches": 1, "Peak Memory Usage": 9, "Workers": [], "Plans": [{"Node Type": "Seq Scan", "Parent Relationship": "Outer", "Parallel Aware": false, "Async Capable": false, "Relation Name": "link_type", "Alias": "lt", "Startup Cost": 0.0, "Total Cost": 1.25, "Plan Rows": 3, "Plan Width": 4, "Actual Rows": 2, "Actual Loops": 2, "Filter": "((link)::text = ANY ('{\"featured in\",features,features}'::text[]))", "Rows Removed by Filter": 16, "Workers": []}]}]}]}]}]}]}, {"Node Type": "Index Scan", "Parent Relationship": "Inner", "Parallel Aware": false, "Async Capable": false, "Scan Direction": "Forward", "Index Name": "title_pkey", "Relation Name": "title", "Alias": "t2", "Startup Cost": 0.43, "Total Cost": 0.6, "Plan Rows": 1, "Plan Width": 25, "Actual Rows": 1, "Actual Loops": 120, "Index Cond": "(id = mi_idx2.movie_id)", "Rows Removed by Index Recheck": 0, "Filter": "(production_year <= 1992)", "Rows Removed by Filter": 0, "Workers": []}]}]}]}, {"Node Type": "Memoize", "Parent Relationship": "Inner", "Parallel Aware": false, "Async Capable": false, "Startup Cost": 0.14, "Total Cost": 0.16, "Plan Rows": 1, "Plan Width": 4, "Actual Rows": 1, "Actual Loops": 237, "Cache Key": "t2.kind_id", "Cache Mode": "logical", "Cache Hits": 96, "Cache Misses": 1, "Cache Evictions": 0, "Cache Overflows": 0, "Peak Memory Usage": 1, "Workers": [{"Worker Number": 0, "Cache Hits": 19, "Cache Misses": 1, "Cache Evictions": 0, "Cache Overflows": 0, "Peak Memory Usage": 1}, {"Worker Number": 1, "Cache Hits": 29, "Cache Misses": 1, "Cache Evictions": 0, "Cache Overflows": 0, "Peak Memory Usage": 1}, {"Worker Number": 2, "Cache Hits": 89, "Cache Misses": 1, "Cache Evictions": 0, "Cache Overflows": 0, "Peak Memory Usage": 1}], "Plans": [{"Node Type": "Index Scan", "Parent Relationship": "Outer", "Parallel Aware": false, "Async Capable": false, "Scan Direction": "Forward", "Index Name": "kind_type_pkey", "Relation Name": "kind_type", "Alias": "kt2", "Startup Cost": 0.13, "Total Cost": 0.15, "Plan Rows": 1, "Plan Width": 4, "Actual Rows": 1, "Actual Loops": 4, "Index Cond": "(id = t2.kind_id)", "Rows Removed by Index Recheck": 0, "Filter": "((kind)::text = 'movie'::text)", "Rows Removed by Filter": 0, "Workers": []}]}]}, {"Node Type": "Index Scan", "Parent Relationship": "Inner", "Parallel Aware": false, "Async Capable": false, "Scan Direction": "Forward", "Index Name": "company_name_pkey", "Relation Name": "company_name", "Alias": "cn1", "Startup Cost": 0.42, "Total Cost": 0.45, "Plan Rows": 1, "Plan Width": 23, "Actual Rows": 0, "Actual Loops": 237, "Index Cond": "(id = mc1.company_id)", "Rows Removed by Index Recheck": 0, "Filter": "((country_code)::text = '[de]'::text)", "Rows Removed by Filter": 1, "Workers": []}]}]}]}]}, {"Node Type": "Index Scan", "Parent Relationship": "Inner", "Parallel Aware": false, "Async Capable": false, "Scan Direction": "Forward", "Index Name": "company_name_pkey", "Relation Name": "company_name", "Alias": "cn2", "Startup Cost": 0.42, "Total Cost": 0.44, "Plan Rows": 1, "Plan Width": 23, "Actual Rows": 1, "Actual Loops": 134, "Index Cond": "(id = mc2.company_id)", "Rows Removed by Index Recheck": 0}]}, {"Node Type": "Index Scan", "Parent Relationship": "Inner", "Parallel Aware": false, "Async Capable": false, "Scan Direction": "Forward", "Index Name": "title_pkey", "Relation Name": "title", "Alias": "t1", "Startup Cost": 0.43, "Total Cost": 0.52, "Plan Rows": 1, "Plan Width": 25, "Actual Rows": 1, "Actual Loops": 134, "Index Cond": "(id = mc1.movie_id)", "Rows Removed by Index Recheck": 0}]}]}]}]}, "Planning Time": 70.747, "Triggers": [], "Execution Time": 358.283}, {"Plan": {"Node Type": "Aggregate", "Strategy": "Plain", "Partial Mode": "Simple", "Parallel Aware": false, "Async Capable": false, "Startup Cost": 110425.35, "Total Cost": 110425.36, "Plan Rows": 1, "Plan Width": 192, "Actual Rows": 1, "Actual Loops": 1, "Plans": [{"Node Type": "Merge Join", "Parent Relationship": "Outer", "Parallel Aware": false, "Async Capable": false, "Join Type": "Inner", "Startup Cost": 97541.45, "Total Cost": 110425.34, "Plan Rows": 1, "Plan Width": 82, "Actual Rows": 134, "Actual Loops": 1, "Inner Unique": false, "Merge Cond": "(ml.movie_id = t1.id)", "Plans": [{"Node Type": "Nested Loop", "Parent Relationship": "Outer", "Parallel Aware": false, "Async Capable": false, "Join Type": "Inner", "Startup Cost": 97540.87, "Total Cost": 97543.72, "Plan Rows": 1, "Plan Width": 77, "Actual Rows": 134, "Actual Loops": 1, "Inner Unique": true, "Plans": [{"Node Type": "Merge Join", "Parent Relationship": "Outer", "Parallel Aware": false, "Async Capable": false, "Join Type": "Inner", "Startup Cost": 97540.45, "Total Cost": 97543.27, "Plan Rows": 1, "Plan Width": 62, "Actual Rows": 134, "Actual Loops": 1, "Inner Unique": false, "Merge Cond": "(mi_idx1.movie_id = ml.movie_id)", "Plans": [{"Node Type": "Sort", "Parent Relationship": "Outer", "Parallel Aware": false, "Async Capable": false, "Startup Cost": 18336.93, "Total Cost": 18367.46, "Plan Rows": 12213, "Plan Width": 9, "Actual Rows": 16961, "Actual Loops": 1, "Sort Key": ["mi_idx1.movie_id"], "Sort Method": "quicksort", "Sort Space Used": 26822, "Sort Space Type": "Memory", "Plans": [{"Node Type": "Gather", "Parent Relationship": "Outer", "Parallel Aware": false, "Async Capable": false, "Startup Cost": 1002.42, "Total Cost": 17507.9, "Plan Rows": 12213, "Plan Width": 9, "Actual Rows": 459925, "Actual Loops": 1, "Workers Planned": 2, "Workers Launched": 2, "Single Copy": false, "Plans": [{"Node Type": "Hash Join", "Parent Relationship": "Outer", "Parallel Aware": false, "Async Capable": false, "Join Type": "Inner", "Startup Cost": 2.43, "Total Cost": 15286.6, "Plan Rows": 5089, "Plan Width": 9, "Actual Rows": 153308, "Actual Loops": 3, "Inner Unique": true, "Hash Cond": "(mi_idx1.info_type_id = it1.id)", "Workers": [], "Plans": [{"Node Type": "Seq Scan", "Parent Relationship": "Outer", "Parallel Aware": true, "Async Capable": false, "Relation Name": "movie_info_idx", "Alias": "mi_idx1", "Startup Cost": 0.0, "Total Cost": 13718.15, "Plan Rows": 575015, "Plan Width": 13, "Actual Rows": 460012, "Actual Loops": 3, "Workers": []}, {"Node Type": "Hash", "Parent Relationship": "Inner", "Parallel Aware": false, "Async Capable": false, "Startup Cost": 2.41, "Total Cost": 2.41, "Plan Rows": 1, "Plan Width": 4, "Actual Rows": 1, "Actual Loops": 3, "Hash Buckets": 1024, "Original Hash Buckets": 1024, "Hash Batches": 1, "Original Hash Batches": 1, "Peak Memory Usage": 9, "Workers": [], "Plans": [{"Node Type": "Seq Scan", "Parent Relationship": "Outer", "Parallel Aware": false, "Async Capable": false, "Relation Name": "info_type", "Alias": "it1", "Startup Cost": 0.0, "Total Cost": 2.41, "Plan Rows": 1, "Plan Width": 4, "Actual Rows": 1, "Actual Loops": 3, "Filter": "((info)::text = 'votes'::text)", "Rows Removed by Filter": 112, "Workers": []}]}]}]}]}, {"Node Type": "Sort", "Parent Relationship": "Inner", "Parallel Aware": false, "Async Capable": false, "Startup Cost": 79203.53, "Total Cost": 79203.54, "Plan Rows": 4, "Plan Width": 53, "Actual Rows": 134, "Actual Loops": 1, "Sort Key": ["mc1.movie_id"], "Sort Method": "quicksort", "Sort Space Used": 35, "Sort Space Type": "Memory", "Plans": [{"Node Type": "Gather", "Parent Relationship": "Outer", "Parallel Aware": false, "Async Capable": false, "Startup Cost": 48806.33, "Total Cost": 79203.49, "Plan Rows": 4, "Plan Width": 53, "Actual Rows": 134, "Actual Loops": 1, "Workers Planned": 3, "Workers Launched": 3, "Single Copy": false, "Plans": [{"Node Type": "Hash Join", "Parent Relationship": "Outer", "Parallel Aware": true, "Async Capable": false, "Join Type": "Inner", "Startup Cost": 47806.33, "Total Cost": 78203.09, "Plan Rows": 1, "Plan Width": 53, "Actual Rows": 34, "Actual Loops": 4, "Inner Unique": false, "Hash Cond": "(mc2.movie_id = t2.id)", "Workers": [], "Plans": [{"Node Type": "Seq Scan", "Parent Relationship": "Outer", "Parallel Aware": true, "Async Capable": false, "Relation Name": "movie_companies", "Alias": "mc2", "Startup Cost": 0.0, "Total Cost": 27240.55, "Plan Rows": 841655, "Plan Width": 8, "Actual Rows": 652282, "Actual Loops": 4, "Workers": []}, {"Node Type": "Hash", "Parent Relationship": "Inner", "Parallel Aware": true, "Async Capable": false, "Startup Cost": 47806.31, "Total Cost": 47806.31, "Plan Rows": 1, "Plan Width": 61, "Actual Rows": 1, "Actual Loops": 4, "Hash Buckets": 1024, "Original Hash Buckets": 1024, "Hash Batches": 1, "Original Hash Batches": 1, "Peak Memory Usage": 104, "Workers": [], "Plans": [{"Node Type": "Nested Loop", "Parent Relationship": "Outer", "Parallel Aware": false, "Async Capable": false, "Join Type": "Inner", "Startup Cost": 17406.83, "Total Cost": 47806.31, "Plan Rows": 1, "Plan Width": 61, "Actual Rows": 1, "Actual Loops": 4, "Inner Unique": true, "Workers": [], "Plans": [{"Node Type": "Hash Join", "Parent Relationship": "Outer", "Parallel Aware": true, "Async Capable": false, "Join Type": "Inner", "Startup Cost": 17406.41, "Total Cost": 47803.19, "Plan Rows": 7, "Plan Width": 46, "Actual Rows": 66, "Actual Loops": 4, "Inner Unique": false, "Hash Cond": "(mc1.movie_id = ml.movie_id)", "Workers": [], "Plans": [{"Node Type": "Seq Scan", "Parent Relationship": "Outer", "Parallel Aware": true, "Async Capable": false, "Relation Name": "movie_companies", "Alias": "mc1", "Startup Cost": 0.0, "Total Cost": 27240.55, "Plan Rows": 841655, "Plan Width": 8, "Actual Rows": 652282, "Actual Loops": 4, "Workers": []}, {"Node Type": "Hash", "Parent Relationship": "Inner", "Parallel Aware": true, "Async Capable": false, "Startup Cost": 17406.38, "Total Cost": 17406.38, "Plan Rows": 2, "Plan Width": 38, "Actual Rows": 60, "Actual Loops": 4, "Hash Buckets": 1024, "Original Hash Buckets": 1024, "Hash Batches": 1, "Original Hash Batches": 1, "Peak Memory Usage": 72, "Workers": [], "Plans": [{"Node Type": "Hash Join", "Parent Relationship": "Outer", "Parallel Aware": false, "Async Capable": false, "Join Type": "Inner", "Startup Cost": 627.99, "Total Cost": 17406.38, "Plan Rows": 2, "Plan Width": 38, "Actual Rows": 60, "Actual Loops": 4, "Inner Unique": true, "Hash Cond": "(t2.kind_id = kt2.id)", "Workers": [], "Plans": [{"Node Type": "Nested Loop", "Parent Relationship": "Outer", "Parallel Aware": false, "Async Capable": false, "Join Type": "Inner", "Startup Cost": 626.89, "Total Cost": 17405.23, "Plan Rows": 14, "Plan Width": 42, "Actual Rows": 60, "Actual Loops": 4, "Inner Unique": true, "Join Filter": "(t2.id = ml.linked_movie_id)", "Rows Removed by Join Filter": 0, "Workers": [], "Plans": [{"Node Type": "Hash Join", "Parent Relationship": "Outer", "Parallel Aware": false, "Async Capable": false, "Join Type": "Inner", "Startup Cost": 626.46, "Total Cost": 17375.74, "Plan Rows": 48, "Plan Width": 17, "Actual Rows": 82, "Actual Loops": 4, "Inner Unique": false, "Hash Cond": "(mi_idx2.movie_id = ml.linked_movie_id)", "Workers": [], "Plans": [{"Node Type": "Hash Join", "Parent Relationship": "Outer", "Parallel Aware": false, "Async Capable": false, "Join Type": "Inner", "Startup Cost": 2.43, "Total Cost": 16505.03, "Plan Rows": 4377, "Plan Width": 9, "Actual Rows": 55, "Actual Loops": 4, "Inner Unique": true, "Hash Cond": "(mi_idx2.info_type_id = it2.id)", "Workers": [], "Plans": [{"Node Type": "Seq Scan", "Parent Relationship": "Outer", "Parallel Aware": true, "Async Capable": false, "Relation Name": "movie_info_idx", "Alias": "mi_idx2", "Startup Cost": 0.0, "Total Cost": 15155.68, "Plan Rows": 494562, "Plan Width": 13, "Actual Rows": 296767, "Actual Loops": 4, "Filter": "((info)::text <= '7.0'::text)", "Rows Removed by Filter": 48242, "Workers": []}, {"Node Type": "Hash", "Parent Relationship": "Inner", "Parallel Aware": false, "Async Capable": false, "Startup Cost": 2.41, "Total Cost": 2.41, "Plan Rows": 1, "Plan Width": 4, "Actual Rows": 1, "Actual Loops": 4, "Hash Buckets": 1024, "Original Hash Buckets": 1024, "Hash Batches": 1, "Original Hash Batches": 1, "Peak Memory Usage": 9, "Workers": [], "Plans": [{"Node Type": "Seq Scan", "Parent Relationship": "Outer", "Parallel Aware": false, "Async Capable": false, "Relation Name": "info_type", "Alias": "it2", "Startup Cost": 0.0, "Total Cost": 2.41, "Plan Rows": 1, "Plan Width": 4, "Actual Rows": 1, "Actual Loops": 4, "Filter": "((info)::text = 'top 250 rank'::text)", "Rows Removed by Filter": 112, "Workers": []}]}]}, {"Node Type": "Hash", "Parent Relationship": "Inner", "Parallel Aware": false, "Async Capable": false, "Startup Cost": 561.53, "Total Cost": 561.53, "Plan Rows": 5000, "Plan Width": 8, "Actual Rows": 7409, "Actual Loops": 2, "Hash Buckets": 8192, "Original Hash Buckets": 8192, "Hash Batches": 1, "Original Hash Batches": 1, "Peak Memory Usage": 354, "Workers": [], "Plans": [{"Node Type": "Hash Join", "Parent Relationship": "Outer", "Parallel Aware": false, "Async Capable": false, "Join Type": "Inner", "Startup Cost": 1.29, "Total Cost": 561.53, "Plan Rows": 5000, "Plan Width": 8, "Actual Rows": 7409, "Actual Loops": 2, "Inner Unique": true, "Hash Cond": "(ml.link_type_id = lt.id)", "Workers": [], "Plans": [{"Node Type": "Seq Scan", "Parent Relationship": "Outer", "Parallel Aware": false, "Async Capable": false, "Relation Name": "movie_link", "Alias": "ml", "Startup Cost": 0.0, "Total Cost": 462.97, "Plan Rows": 29997, "Plan Width": 12, "Actual Rows": 29997, "Actual Loops": 2, "Workers": []}, {"Node Type": "Hash", "Parent Relationship": "Inner", "Parallel Aware": false, "Async Capable": false, "Startup Cost": 1.25, "Total Cost": 1.25, "Plan Rows": 3, "Plan Width": 4, "Actual Rows": 2, "Actual Loops": 2, "Hash Buckets": 1024, "Original Hash Buckets": 1024, "Hash Batches": 1, "Original Hash Batches": 1, "Peak Memory Usage": 9, "Workers": [], "Plans": [{"Node Type": "Seq Scan", "Parent Relationship": "Outer", "Parallel Aware": false, "Async Capable": false, "Relation Name": "link_type", "Alias": "lt", "Startup Cost": 0.0, "Total Cost": 1.25, "Plan Rows": 3, "Plan Width": 4, "Actual Rows": 2, "Actual Loops": 2, "Filter": "((link)::text = ANY ('{\"featured in\",features,features}'::text[]))", "Rows Removed by Filter": 16, "Workers": []}]}]}]}]}, {"Node Type": "Index Scan", "Parent Relationship": "Inner", "Parallel Aware": false, "Async Capable": false, "Scan Direction": "Forward", "Index Name": "title_pkey", "Relation Name": "title", "Alias": "t2", "Startup Cost": 0.43, "Total Cost": 0.6, "Plan Rows": 1, "Plan Width": 25, "Actual Rows": 1, "Actual Loops": 330, "Index Cond": "(id = mi_idx2.movie_id)", "Rows Removed by Index Recheck": 0, "Filter": "(production_year <= 1992)", "Rows Removed by Filter": 0, "Workers": []}]}, {"Node Type": "Hash", "Parent Relationship": "Inner", "Parallel Aware": false, "Async Capable": false, "Startup Cost": 1.09, "Total Cost": 1.09, "Plan Rows": 1, "Plan Width": 4, "Actual Rows": 1, "Actual Loops": 4, "Hash Buckets": 1024, "Original Hash Buckets": 1024, "Hash Batches": 1, "Original Hash Batches": 1, "Peak Memory Usage": 9, "Workers": [], "Plans": [{"Node Type": "Seq Scan", "Parent Relationship": "Outer", "Parallel Aware": false, "Async Capable": false, "Relation Name": "kind_type", "Alias": "kt2", "Startup Cost": 0.0, "Total Cost": 1.09, "Plan Rows": 1, "Plan Width": 4, "Actual Rows": 1, "Actual Loops": 4, "Filter": "((kind)::text = 'movie'::text)", "Rows Removed by Filter": 6, "Workers": []}]}]}]}]}, {"Node Type": "Index Scan", "Parent Relationship": "Inner", "Parallel Aware": false, "Async Capable": false, "Scan Direction": "Forward", "Index Name": "company_name_pkey", "Relation Name": "company_name", "Alias": "cn1", "Startup Cost": 0.42, "Total Cost": 0.45, "Plan Rows": 1, "Plan Width": 23, "Actual Rows": 0, "Actual Loops": 263, "Index Cond": "(id = mc1.company_id)", "Rows Removed by Index Recheck": 0, "Filter": "((country_code)::text = '[de]'::text)", "Rows Removed by Filter": 1, "Workers": []}]}]}]}]}]}]}, {"Node Type": "Index Scan", "Parent Relationship": "Inner", "Parallel Aware": false, "Async Capable": false, "Scan Direction": "Forward", "Index Name": "company_name_pkey", "Relation Name": "company_name", "Alias": "cn2", "Startup Cost": 0.42, "Total Cost": 0.44, "Plan Rows": 1, "Plan Width": 23, "Actual Rows": 1, "Actual Loops": 134, "Index Cond": "(id = mc2.company_id)", "Rows Removed by Index Recheck": 0}]}, {"Node Type": "Materialize", "Parent Relationship": "Inner", "Parallel Aware": false, "Async Capable": false, "Startup Cost": 0.57, "Total Cost": 173577.52, "Plan Rows": 722375, "Plan Width": 21, "Actual Rows": 145815, "Actual Loops": 1, "Plans": [{"Node Type": "Nested Loop", "Parent Relationship": "Outer", "Parallel Aware": false, "Async Capable": false, "Join Type": "Inner", "Startup Cost": 0.57, "Total Cost": 171771.59, "Plan Rows": 722375, "Plan Width": 21, "Actual Rows": 145684, "Actual Loops": 1, "Inner Unique": true, "Plans": [{"Node Type": "Index Scan", "Parent Relationship": "Outer", "Parallel Aware": false, "Async Capable": false, "Scan Direction": "Forward", "Index Name": "title_pkey", "Relation Name": "title", "Alias": "t1", "Startup Cost": 0.43, "Total Cost": 110368.67, "Plan Rows": 2528312, "Plan Width": 25, "Actual Rows": 154384, "Actual Loops": 1}, {"Node Type": "Memoize", "Parent Relationship": "Inner", "Parallel Aware": false, "Async Capable": false, "Startup Cost": 0.14, "Total Cost": 0.16, "Plan Rows": 1, "Plan Width": 4, "Actual Rows": 1, "Actual Loops": 154384, "Cache Key": "t1.kind_id", "Cache Mode": "logical", "Cache Hits": 154382, "Cache Misses": 2, "Cache Evictions": 0, "Cache Overflows": 0, "Peak Memory Usage": 1, "Plans": [{"Node Type": "Index Scan", "Parent Relationship": "Outer", "Parallel Aware": false, "Async Capable": false, "Scan Direction": "Forward", "Index Name": "kind_type_pkey", "Relation Name": "kind_type", "Alias": "kt1", "Startup Cost": 0.13, "Total Cost": 0.15, "Plan Rows": 1, "Plan Width": 4, "Actual Rows": 0, "Actual Loops": 2, "Index Cond": "(id = t1.kind_id)", "Rows Removed by Index Recheck": 0, "Filter": "((kind)::text = ANY ('{episode,movie}'::text[]))", "Rows Removed by Filter": 0}]}]}]}]}]}, "Planning Time": 67.56, "Triggers": [], "Execution Time": 841.197}, {"Plan": {"Node Type": "Aggregate", "Strategy": "Plain", "Partial Mode": "Simple", "Parallel Aware": false, "Async Capable": false, "Startup Cost": 97784.07, "Total Cost": 97784.08, "Plan Rows": 1, "Plan Width": 192, "Actual Rows": 1, "Actual Loops": 1, "Plans": [{"Node Type": "Gather", "Parent Relationship": "Outer", "Parallel Aware": false, "Async Capable": false, "Startup Cost": 67100.3, "Total Cost": 97784.05, "Plan Rows": 1, "Plan Width": 82, "Actual Rows": 134, "Actual Loops": 1, "Workers Planned": 3, "Workers Launched": 3, "Single Copy": false, "Plans": [{"Node Type": "Hash Join", "Parent Relationship": "Outer", "Parallel Aware": true, "Async Capable": false, "Join Type": "Inner", "Startup Cost": 66100.3, "Total Cost": 96783.95, "Plan Rows": 1, "Plan Width": 82, "Actual Rows": 34, "Actual Loops": 4, "Inner Unique": false, "Hash Cond": "(t2.id = ml.linked_movie_id)", "Workers": [], "Plans": [{"Node Type": "Nested Loop", "Parent Relationship": "Outer", "Parallel Aware": false, "Async Capable": false, "Join Type": "Inner", "Startup Cost": 19147.92, "Total Cost": 49829.16, "Plan Rows": 641, "Plan Width": 53, "Actual Rows": 926, "Actual Loops": 4, "Inner Unique": true, "Workers": [], "Plans": [{"Node Type": "Hash Join", "Parent Relationship": "Outer", "Parallel Aware": true, "Async Capable": false, "Join Type": "Inner", "Startup Cost": 19147.5, "Total Cost": 49544.87, "Plan Rows": 641, "Plan Width": 38, "Actual Rows": 926, "Actual Loops": 4, "Inner Unique": false, "Hash Cond": "(mc2.movie_id = t2.id)", "Workers": [], "Plans": [{"Node Type": "Seq Scan", "Parent Relationship": "Outer", "Parallel Aware": true, "Async Capable": false, "Relation Name": "movie_companies", "Alias": "mc2", "Startup Cost": 0.0, "Total Cost": 27240.55, "Plan Rows": 841655, "Plan Width": 8, "Actual Rows": 652282, "Actual Loops": 4, "Workers": []}, {"Node Type": "Hash", "Parent Relationship": "Inner", "Parallel Aware": true, "Async Capable": false, "Startup Cost": 19145.19, "Total Cost": 19145.19, "Plan Rows": 185, "Plan Width": 30, "Actual Rows": 30, "Actual Loops": 4, "Hash Buckets": 1024, "Original Hash Buckets": 1024, "Hash Batches": 1, "Original Hash Batches": 1, "Peak Memory Usage": 72, "Workers": [], "Plans": [{"Node Type": "Hash Join", "Parent Relationship": "Outer", "Parallel Aware": false, "Async Capable": false, "Join Type": "Inner", "Startup Cost": 3.96, "Total Cost": 19145.19, "Plan Rows": 185, "Plan Width": 30, "Actual Rows": 30, "Actual Loops": 4, "Inner Unique": true, "Hash Cond": "(t2.kind_id = kt2.id)", "Workers": [], "Plans": [{"Node Type": "Nested Loop", "Parent Relationship": "Outer", "Parallel Aware": false, "Async Capable": false, "Join Type": "Inner", "Startup Cost": 2.86, "Total Cost": 19138.61, "Plan Rows": 1299, "Plan Width": 34, "Actual Rows": 30, "Actual Loops": 4, "Inner Unique": true, "Workers": [], "Plans": [{"Node Type": "Hash Join", "Parent Relationship": "Outer", "Parallel Aware": false, "Async Capable": false, "Join Type": "Inner", "Startup Cost": 2.43, "Total Cost": 16505.03, "Plan Rows": 4377, "Plan Width": 9, "Actual Rows": 55, "Actual Loops": 4, "Inner Unique": true, "Hash Cond": "(mi_idx2.info_type_id = it2.id)", "Workers": [], "Plans": [{"Node Type": "Seq Scan", "Parent Relationship": "Outer", "Parallel Aware": true, "Async Capable": false, "Relation Name": "movie_info_idx", "Alias": "mi_idx2", "Startup Cost": 0.0, "Total Cost": 15155.68, "Plan Rows": 494562, "Plan Width": 13, "Actual Rows": 296767, "Actual Loops": 4, "Filter": "((info)::text <= '7.0'::text)", "Rows Removed by Filter": 48242, "Workers": []}, {"Node Type": "Hash", "Parent Relationship": "Inner", "Parallel Aware": false, "Async Capable": false, "Startup Cost": 2.41, "Total Cost": 2.41, "Plan Rows": 1, "Plan Width": 4, "Actual Rows": 1, "Actual Loops": 4, "Hash Buckets": 1024, "Original Hash Buckets": 1024, "Hash Batches": 1, "Original Hash Batches": 1, "Peak Memory Usage": 9, "Workers": [], "Plans": [{"Node Type": "Seq Scan", "Parent Relationship": "Outer", "Parallel Aware": false, "Async Capable": false, "Relation Name": "info_type", "Alias": "it2", "Startup Cost": 0.0, "Total Cost": 2.41, "Plan Rows": 1, "Plan Width": 4, "Actual Rows": 1, "Actual Loops": 4, "Filter": "((info)::text = 'top 250 rank'::text)", "Rows Removed by Filter": 112, "Workers": []}]}]}, {"Node Type": "Index Scan", "Parent Relationship": "Inner", "Parallel Aware": false, "Async Capable": false, "Scan Direction": "Forward", "Index Name": "title_pkey", "Relation Name": "title", "Alias": "t2", "Startup Cost": 0.43, "Total Cost": 0.6, "Plan Rows": 1, "Plan Width": 25, "Actual Rows": 1, "Actual Loops": 219, "Index Cond": "(id = mi_idx2.movie_id)", "Rows Removed by Index Recheck": 0, "Filter": "(production_year <= 1992)", "Rows Removed by Filter": 0, "Workers": []}]}, {"Node Type": "Hash", "Parent Relationship": "Inner", "Parallel Aware": false, "Async Capable": false, "Startup Cost": 1.09, "Total Cost": 1.09, "Plan Rows": 1, "Plan Width": 4, "Actual Rows": 1, "Actual Loops": 4, "Hash Buckets": 1024, "Original Hash Buckets": 1024, "Hash Batches": 1, "Original Hash Batches": 1, "Peak Memory Usage": 9, "Workers": [], "Plans": [{"Node Type": "Seq Scan", "Parent Relationship": "Outer", "Parallel Aware": false, "Async Capable": false, "Relation Name": "kind_type", "Alias": "kt2", "Startup Cost": 0.0, "Total Cost": 1.09, "Plan Rows": 1, "Plan Width": 4, "Actual Rows": 1, "Actual Loops": 4, "Filter": "((kind)::text = 'movie'::text)", "Rows Removed by Filter": 6, "Workers": []}]}]}]}]}, {"Node Type": "Index Scan", "Parent Relationship": "Inner", "Parallel Aware": false, "Async Capable": false, "Scan Direction": "Forward", "Index Name": "company_name_pkey", "Relation Name": "company_name", "Alias": "cn2", "Startup Cost": 0.42, "Total Cost": 0.44, "Plan Rows": 1, "Plan Width": 23, "Actual Rows": 1, "Actual Loops": 3706, "Index Cond": "(id = mc2.company_id)", "Rows Removed by Index Recheck": 0, "Workers": []}]}, {"Node Type": "Hash", "Parent Relationship": "Inner", "Parallel Aware": true, "Async Capable": false, "Startup Cost": 46952.35, "Total Cost": 46952.35, "Plan Rows": 2, "Plan Width": 45, "Actual Rows": 23, "Actual Loops": 4, "Hash Buckets": 1024, "Original Hash Buckets": 1024, "Hash Batches": 1, "Original Hash Batches": 1, "Peak Memory Usage": 136, "Workers": [], "Plans": [{"Node Type": "Nested Loop", "Parent Relationship": "Outer", "Parallel Aware": false, "Async Capable": false, "Join Type": "Inner", "Startup Cost": 16531.44, "Total Cost": 46952.35, "Plan Rows": 2, "Plan Width": 45, "Actual Rows": 23, "Actual Loops": 4, "Inner Unique": true, "Workers": [], "Plans": [{"Node Type": "Hash Join", "Parent Relationship": "Outer", "Parallel Aware": true, "Async Capable": false, "Join Type": "Inner", "Startup Cost": 16531.02, "Total Cost": 46927.82, "Plan Rows": 55, "Plan Width": 30, "Actual Rows": 1214, "Actual Loops": 4, "Inner Unique": false, "Hash Cond": "(mc1.movie_id = t1.id)", "Workers": [], "Plans": [{"Node Type": "Seq Scan", "Parent Relationship": "Outer", "Parallel Aware": true, "Async Capable": false, "Relation Name": "movie_companies", "Alias": "mc1", "Startup Cost": 0.0, "Total Cost": 27240.55, "Plan Rows": 841655, "Plan Width": 8, "Actual Rows": 652282, "Actual Loops": 4, "Workers": []}, {"Node Type": "Hash", "Parent Relationship": "Inner", "Parallel Aware": true, "Async Capable": false, "Startup Cost": 16530.82, "Total Cost": 16530.82, "Plan Rows": 16, "Plan Width": 38, "Actual Rows": 515, "Actual Loops": 4, "Hash Buckets": 2048, "Original Hash Buckets": 1024, "Hash Batches": 1, "Original Hash Batches": 1, "Peak Memory Usage": 216, "Workers": [], "Plans": [{"Node Type": "Nested Loop", "Parent Relationship": "Outer", "Parallel Aware": false, "Async Capable": false, "Join Type": "Inner", "Startup Cost": 16469.21, "Total Cost": 16530.82, "Plan Rows": 16, "Plan Width": 38, "Actual Rows": 515, "Actual Loops": 4, "Inner Unique": true, "Workers": [], "Plans": [{"Node Type": "Nested Loop", "Parent Relationship": "Outer", "Parallel Aware": false, "Async Capable": false, "Join Type": "Inner", "Startup Cost": 16469.07, "Total Cost": 16528.42, "Plan Rows": 56, "Plan Width": 42, "Actual Rows": 947, "Actual Loops": 4, "Inner Unique": true, "Join Filter": "(t1.id = ml.movie_id)", "Rows Removed by Join Filter": 0, "Workers": [], "Plans": [{"Node Type": "Merge Join", "Parent Relationship": "Outer", "Parallel Aware": false, "Async Capable": false, "Join Type": "Inner", "Startup Cost": 16468.64, "Total Cost": 16495.35, "Plan Rows": 56, "Plan Width": 17, "Actual Rows": 947, "Actual Loops": 4, "Inner Unique": false, "Merge Cond": "(mi_idx1.movie_id = ml.movie_id)", "Workers": [], "Plans": [{"Node Type": "Sort", "Parent Relationship": "Outer", "Parallel Aware": false, "Async Capable": false, "Startup Cost": 15599.91, "Total Cost": 15612.63, "Plan Rows": 5089, "Plan Width": 9, "Actual Rows": 4708, "Actual Loops": 4, "Sort Key": ["mi_idx1.movie_id"], "Sort Method": "quicksort", "Sort Space Used": 11606, "Sort Space Type": "Memory", "Workers": [{"Worker Number": 0, "Sort Method": "quicksort", "Sort Space Used": 6284, "Sort Space Type": "Memory"}, {"Worker Number": 1, "Sort Method": "quicksort", "Sort Space Used": 6033, "Sort Space Type": "Memory"}, {"Worker Number": 2, "Sort Method": "quicksort", "Sort Space Used": 5972, "Sort Space Type": "Memory"}], "Plans": [{"Node Type": "Hash Join", "Parent Relationship": "Outer", "Parallel Aware": false, "Async Capable": false, "Join Type": "Inner", "Startup Cost": 2.43, "Total Cost": 15286.6, "Plan Rows": 5089, "Plan Width": 9, "Actual Rows": 114981, "Actual Loops": 4, "Inner Unique": true, "Hash Cond": "(mi_idx1.info_type_id = it1.id)", "Workers": [], "Plans": [{"Node Type": "Seq Scan", "Parent Relationship": "Outer", "Parallel Aware": true, "Async Capable": false, "Relation Name": "movie_info_idx", "Alias": "mi_idx1", "Startup Cost": 0.0, "Total Cost": 13718.15, "Plan Rows": 575015, "Plan Width": 13, "Actual Rows": 345009, "Actual Loops": 4, "Workers": []}, {"Node Type": "Hash", "Parent Relationship": "Inner", "Parallel Aware": false, "Async Capable": false, "Startup Cost": 2.41, "Total Cost": 2.41, "Plan Rows": 1, "Plan Width": 4, "Actual Rows": 1, "Actual Loops": 4, "Hash Buckets": 1024, "Original Hash Buckets": 1024, "Hash Batches": 1, "Original Hash Batches": 1, "Peak Memory Usage": 9, "Workers": [], "Plans": [{"Node Type": "Seq Scan", "Parent Relationship": "Outer", "Parallel Aware": false, "Async Capable": false, "Relation Name": "info_type", "Alias": "it1", "Startup Cost": 0.0, "Total Cost": 2.41, "Plan Rows": 1, "Plan Width": 4, "Actual Rows": 1, "Actual Loops": 4, "Filter": "((info)::text = 'votes'::text)", "Rows Removed by Filter": 112, "Workers": []}]}]}]}, {"Node Type": "Sort", "Parent Relationship": "Inner", "Parallel Aware": false, "Async Capable": false, "Startup Cost": 868.72, "Total Cost": 881.22, "Plan Rows": 5000, "Plan Width": 8, "Actual Rows": 7409, "Actual Loops": 4, "Sort Key": ["ml.movie_id"], "Sort Method": "quicksort", "Sort Space Used": 424, "Sort Space Type": "Memory", "Workers": [{"Worker Number": 0, "Sort Method": "quicksort", "Sort Space Used": 424, "Sort Space Type": "Memory"}, {"Worker Number": 1, "Sort Method": "quicksort", "Sort Space Used": 424, "Sort Space Type": "Memory"}, {"Worker Number": 2, "Sort Method": "quicksort", "Sort Space Used": 424, "Sort Space Type": "Memory"}], "Plans": [{"Node Type": "Hash Join", "Parent Relationship": "Outer", "Parallel Aware": false, "Async Capable": false, "Join Type": "Inner", "Startup Cost": 1.29, "Total Cost": 561.53, "Plan Rows": 5000, "Plan Width": 8, "Actual Rows": 7409, "Actual Loops": 4, "Inner Unique": true, "Hash Cond": "(ml.link_type_id = lt.id)", "Workers": [], "Plans": [{"Node Type": "Seq Scan", "Parent Relationship": "Outer", "Parallel Aware": false, "Async Capable": false, "Relation Name": "movie_link", "Alias": "ml", "Startup Cost": 0.0, "Total Cost": 462.97, "Plan Rows": 29997, "Plan Width": 12, "Actual Rows": 29997, "Actual Loops": 4, "Workers": []}, {"Node Type": "Hash", "Parent Relationship": "Inner", "Parallel Aware": false, "Async Capable": false, "Startup Cost": 1.25, "Total Cost": 1.25, "Plan Rows": 3, "Plan Width": 4, "Actual Rows": 2, "Actual Loops": 4, "Hash Buckets": 1024, "Original Hash Buckets": 1024, "Hash Batches": 1, "Original Hash Batches": 1, "Peak Memory Usage": 9, "Workers": [], "Plans": [{"Node Type": "Seq Scan", "Parent Relationship": "Outer", "Parallel Aware": false, "Async Capable": false, "Relation Name": "link_type", "Alias": "lt", "Startup Cost": 0.0, "Total Cost": 1.25, "Plan Rows": 3, "Plan Width": 4, "Actual Rows": 2, "Actual Loops": 4, "Filter": "((link)::text = ANY ('{\"featured in\",features,features}'::text[]))", "Rows Removed by Filter": 16, "Workers": []}]}]}]}]}, {"Node Type": "Index Scan", "Parent Relationship": "Inner", "Parallel Aware": false, "Async Capable": false, "Scan Direction": "Forward", "Index Name": "title_pkey", "Relation Name": "title", "Alias": "t1", "Startup Cost": 0.43, "Total Cost": 0.58, "Plan Rows": 1, "Plan Width": 25, "Actual Rows": 1, "Actual Loops": 3787, "Index Cond": "(id = mi_idx1.movie_id)", "Rows Removed by Index Recheck": 0, "Workers": []}]}, {"Node Type": "Memoize", "Parent Relationship": "Inner", "Parallel Aware": false, "Async Capable": false, "Startup Cost": 0.14, "Total Cost": 0.16, "Plan Rows": 1, "Plan Width": 4, "Actual Rows": 1, "Actual Loops": 3787, "Cache Key": "t1.kind_id", "Cache Mode": "logical", "Cache Hits": 3785, "Cache Misses": 2, "Cache Evictions": 0, "Cache Overflows": 0, "Peak Memory Usage": 1, "Workers": [], "Plans": [{"Node Type": "Index Scan", "Parent Relationship": "Outer", "Parallel Aware": false, "Async Capable": false, "Scan Direction": "Forward", "Index Name": "kind_type_pkey", "Relation Name": "kind_type", "Alias": "kt1", "Startup Cost": 0.13, "Total Cost": 0.15, "Plan Rows": 1, "Plan Width": 4, "Actual Rows": 0, "Actual Loops": 2, "Index Cond": "(id = t1.kind_id)", "Rows Removed by Index Recheck": 0, "Filter": "((kind)::text = ANY ('{episode,movie}'::text[]))", "Rows Removed by Filter": 0, "Workers": []}]}]}]}]}, {"Node Type": "Index Scan", "Parent Relationship": "Inner", "Parallel Aware": false, "Async Capable": false, "Scan Direction": "Forward", "Index Name": "company_name_pkey", "Relation Name": "company_name", "Alias": "cn1", "Startup Cost": 0.42, "Total Cost": 0.45, "Plan Rows": 1, "Plan Width": 23, "Actual Rows": 0, "Actual Loops": 4858, "Index Cond": "(id = mc1.company_id)", "Rows Removed by Index Recheck": 0, "Filter": "((country_code)::text = '[de]'::text)", "Rows Removed by Filter": 1, "Workers": []}]}]}]}]}]}, "Planning Time": 89.431, "Triggers": [], "Execution Time": 426.738}, {"Plan": {"Node Type": "Aggregate", "Strategy": "Plain", "Partial Mode": "Simple", "Parallel Aware": false, "Async Capable": false, "Startup Cost": 98532.9, "Total Cost": 98532.91, "Plan Rows": 1, "Plan Width": 192, "Actual Rows": 1, "Actual Loops": 1, "Plans": [{"Node Type": "Gather", "Parent Relationship": "Outer", "Parallel Aware": false, "Async Capable": false, "Startup Cost": 68952.06, "Total Cost": 98532.89, "Plan Rows": 1, "Plan Width": 82, "Actual Rows": 134, "Actual Loops": 1, "Workers Planned": 3, "Workers Launched": 3, "Single Copy": false, "Plans": [{"Node Type": "Hash Join", "Parent Relationship": "Outer", "Parallel Aware": true, "Async Capable": false, "Join Type": "Inner", "Startup Cost": 67952.06, "Total Cost": 97532.79, "Plan Rows": 1, "Plan Width": 82, "Actual Rows": 34, "Actual Loops": 4, "Inner Unique": false, "Hash Cond": "(mc1.movie_id = t1.id)", "Workers": [], "Plans": [{"Node Type": "Hash Join", "Parent Relationship": "Outer", "Parallel Aware": true, "Async Capable": false, "Join Type": "Inner", "Startup Cost": 4839.52, "Total Cost": 34289.45, "Plan Rows": 34874, "Plan Width": 23, "Actual Rows": 37033, "Actual Loops": 4, "Inner Unique": true, "Hash Cond": "(mc1.company_id = cn1.id)", "Workers": [], "Plans": [{"Node Type": "Seq Scan", "Parent Relationship": "Outer", "Parallel Aware": true, "Async Capable": false, "Relation Name": "movie_companies", "Alias": "mc1", "Startup Cost": 0.0, "Total Cost": 27240.55, "Plan Rows": 841655, "Plan Width": 8, "Actual Rows": 652282, "Actual Loops": 4, "Workers": []}, {"Node Type": "Hash", "Parent Relationship": "Inner", "Parallel Aware": true, "Async Capable": false, "Startup Cost": 4767.92, "Total Cost": 4767.92, "Plan Rows": 5728, "Plan Width": 23, "Actual Rows": 2444, "Actual Loops": 4, "Hash Buckets": 16384, "Original Hash Buckets": 16384, "Hash Batches": 1, "Original Hash Batches": 1, "Peak Memory Usage": 736, "Workers": [], "Plans": [{"Node Type": "Seq Scan", "Parent Relationship": "Outer", "Parallel Aware": true, "Async Capable": false, "Relation Name": "company_name", "Alias": "cn1", "Startup Cost": 0.0, "Total Cost": 4767.92, "Plan Rows": 5728, "Plan Width": 23, "Actual Rows": 2444, "Actual Loops": 4, "Filter": "((country_code)::text = '[de]'::text)", "Rows Removed by Filter": 56306, "Workers": []}]}]}, {"Node Type": "Hash", "Parent Relationship": "Inner", "Parallel Aware": true, "Async Capable": false, "Startup Cost": 63112.53, "Total Cost": 63112.53, "Plan Rows": 1, "Plan Width": 75, "Actual Rows": 833, "Actual Loops": 4, "Hash Buckets": 4096, "Original Hash Buckets": 1024, "Hash Batches": 1, "Original Hash Batches": 1, "Peak Memory Usage": 536, "Workers": [], "Plans": [{"Node Type": "Nested Loop", "Parent Relationship": "Outer", "Parallel Aware": false, "Async Capable": false, "Join Type": "Inner", "Startup Cost": 32715.6, "Total Cost": 63112.53, "Plan Rows": 1, "Plan Width": 75, "Actual Rows": 833, "Actual Loops": 4, "Inner Unique": true, "Workers": [], "Plans": [{"Node Type": "Nested Loop", "Parent Relationship": "Outer", "Parallel Aware": false, "Async Capable": false, "Join Type": "Inner", "Startup Cost": 32715.46, "Total Cost": 63112.36, "Plan Rows": 1, "Plan Width": 79, "Actual Rows": 833, "Actual Loops": 4, "Inner Unique": true, "Workers": [], "Plans": [{"Node Type": "Nested Loop", "Parent Relationship": "Outer", "Parallel Aware": false, "Async Capable": false, "Join Type": "Inner", "Startup Cost": 32715.04, "Total Cost": 63111.92, "Plan Rows": 1, "Plan Width": 64, "Actual Rows": 833, "Actual Loops": 4, "Inner Unique": true, "Join Filter": "(t2.id = ml.linked_movie_id)", "Rows Removed by Join Filter": 0, "Workers": [], "Plans": [{"Node Type": "Hash Join", "Parent Relationship": "Outer", "Parallel Aware": true, "Async Capable": false, "Join Type": "Inner", "Startup Cost": 32714.61, "Total Cost": 63111.38, "Plan Rows": 1, "Plan Width": 55, "Actual Rows": 1008, "Actual Loops": 4, "Inner Unique": false, "Hash Cond": "(mc2.movie_id = ml.linked_movie_id)", "Workers": [], "Plans": [{"Node Type": "Seq Scan", "Parent Relationship": "Outer", "Parallel Aware": true, "Async Capable": false, "Relation Name": "movie_companies", "Alias": "mc2", "Startup Cost": 0.0, "Total Cost": 27240.55, "Plan Rows": 841655, "Plan Width": 8, "Actual Rows": 652282, "Actual Loops": 4, "Workers": []}, {"Node Type": "Hash", "Parent Relationship": "Inner", "Parallel Aware": true, "Async Capable": false, "Startup Cost": 32714.6, "Total Cost": 32714.6, "Plan Rows": 1, "Plan Width": 47, "Actual Rows": 29, "Actual Loops": 4, "Hash Buckets": 1024, "Original Hash Buckets": 1024, "Hash Batches": 1, "Original Hash Batches": 1, "Peak Memory Usage": 136, "Workers": [], "Plans": [{"Node Type": "Nested Loop", "Parent Relationship": "Outer", "Parallel Aware": false, "Async Capable": false, "Join Type": "Inner", "Startup Cost": 17379.33, "Total Cost": 32714.6, "Plan Rows": 1, "Plan Width": 47, "Actual Rows": 29, "Actual Loops": 4, "Inner Unique": true, "Workers": [], "Plans": [{"Node Type": "Nested Loop", "Parent Relationship": "Outer", "Parallel Aware": false, "Async Capable": false, "Join Type": "Inner", "Startup Cost": 17379.2, "Total Cost": 32714.44, "Plan Rows": 1, "Plan Width": 51, "Actual Rows": 30, "Actual Loops": 4, "Inner Unique": true, "Join Filter": "(t1.id = ml.movie_id)", "Rows Removed by Join Filter": 0, "Workers": [], "Plans": [{"Node Type": "Hash Join", "Parent Relationship": "Outer", "Parallel Aware": true, "Async Capable": false, "Join Type": "Inner", "Startup Cost": 17378.77, "Total Cost": 32713.84, "Plan Rows": 1, "Plan Width": 26, "Actual Rows": 30, "Actual Loops": 4, "Inner Unique": false, "Hash Cond": "(mi_idx1.movie_id = ml.movie_id)", "Workers": [], "Plans": [{"Node Type": "Hash Join", "Parent Relationship": "Outer", "Parallel Aware": false, "Async Capable": false, "Join Type": "Inner", "Startup Cost": 2.43, "Total Cost": 15286.6, "Plan Rows": 5089, "Plan Width": 9, "Actual Rows": 114981, "Actual Loops": 4, "Inner Unique": true, "Hash Cond": "(mi_idx1.info_type_id = it1.id)", "Workers": [], "Plans": [{"Node Type": "Seq Scan", "Parent Relationship": "Outer", "Parallel Aware": true, "Async Capable": false, "Relation Name": "movie_info_idx", "Alias": "mi_idx1", "Startup Cost": 0.0, "Total Cost": 13718.15, "Plan Rows": 575015, "Plan Width": 13, "Actual Rows": 345009, "Actual Loops": 4, "Workers": []}, {"Node Type": "Hash", "Parent Relationship": "Inner", "Parallel Aware": false, "Async Capable": false, "Startup Cost": 2.41, "Total Cost": 2.41, "Plan Rows": 1, "Plan Width": 4, "Actual Rows": 1, "Actual Loops": 4, "Hash Buckets": 1024, "Original Hash Buckets": 1024, "Hash Batches": 1, "Original Hash Batches": 1, "Peak Memory Usage": 9, "Workers": [], "Plans": [{"Node Type": "Seq Scan", "Parent Relationship": "Outer", "Parallel Aware": false, "Async Capable": false, "Relation Name": "info_type", "Alias": "it1", "Startup Cost": 0.0, "Total Cost": 2.41, "Plan Rows": 1, "Plan Width": 4, "Actual Rows": 1, "Actual Loops": 4, "Filter": "((info)::text = 'votes'::text)", "Rows Removed by Filter": 112, "Workers": []}]}]}, {"Node Type": "Hash", "Parent Relationship": "Inner", "Parallel Aware": true, "Async Capable": false, "Startup Cost": 17375.74, "Total Cost": 17375.74, "Plan Rows": 48, "Plan Width": 17, "Actual Rows": 82, "Actual Loops": 4, "Hash Buckets": 1024, "Original Hash Buckets": 1024, "Hash Batches": 1, "Original Hash Batches": 1, "Peak Memory Usage": 72, "Workers": [], "Plans": [{"Node Type": "Hash Join", "Parent Relationship": "Outer", "Parallel Aware": false, "Async Capable": false, "Join Type": "Inner", "Startup Cost": 626.46, "Total Cost": 17375.74, "Plan Rows": 48, "Plan Width": 17, "Actual Rows": 82, "Actual Loops": 4, "Inner Unique": false, "Hash Cond": "(mi_idx2.movie_id = ml.linked_movie_id)", "Workers": [], "Plans": [{"Node Type": "Hash Join", "Parent Relationship": "Outer", "Parallel Aware": false, "Async Capable": false, "Join Type": "Inner", "Startup Cost": 2.43, "Total Cost": 16505.03, "Plan Rows": 4377, "Plan Width": 9, "Actual Rows": 55, "Actual Loops": 4, "Inner Unique": true, "Hash Cond": "(mi_idx2.info_type_id = it2.id)", "Workers": [], "Plans": [{"Node Type": "Seq Scan", "Parent Relationship": "Outer", "Parallel Aware": true, "Async Capable": false, "Relation Name": "movie_info_idx", "Alias": "mi_idx2", "Startup Cost": 0.0, "Total Cost": 15155.68, "Plan Rows": 494562, "Plan Width": 13, "Actual Rows": 296767, "Actual Loops": 4, "Filter": "((info)::text <= '7.0'::text)", "Rows Removed by Filter": 48242, "Workers": []}, {"Node Type": "Hash", "Parent Relationship": "Inner", "Parallel Aware": false, "Async Capable": false, "Startup Cost": 2.41, "Total Cost": 2.41, "Plan Rows": 1, "Plan Width": 4, "Actual Rows": 1, "Actual Loops": 4, "Hash Buckets": 1024, "Original Hash Buckets": 1024, "Hash Batches": 1, "Original Hash Batches": 1, "Peak Memory Usage": 9, "Workers": [], "Plans": [{"Node Type": "Seq Scan", "Parent Relationship": "Outer", "Parallel Aware": false, "Async Capable": false, "Relation Name": "info_type", "Alias": "it2", "Startup Cost": 0.0, "Total Cost": 2.41, "Plan Rows": 1, "Plan Width": 4, "Actual Rows": 1, "Actual Loops": 4, "Filter": "((info)::text = 'top 250 rank'::text)", "Rows Removed by Filter": 112, "Workers": []}]}]}, {"Node Type": "Hash", "Parent Relationship": "Inner", "Parallel Aware": false, "Async Capable": false, "Startup Cost": 561.53, "Total Cost": 561.53, "Plan Rows": 5000, "Plan Width": 8, "Actual Rows": 7409, "Actual Loops": 2, "Hash Buckets": 8192, "Original Hash Buckets": 8192, "Hash Batches": 1, "Original Hash Batches": 1, "Peak Memory Usage": 354, "Workers": [], "Plans": [{"Node Type": "Hash Join", "Parent Relationship": "Outer", "Parallel Aware": false, "Async Capable": false, "Join Type": "Inner", "Startup Cost": 1.29, "Total Cost": 561.53, "Plan Rows": 5000, "Plan Width": 8, "Actual Rows": 7409, "Actual Loops": 2, "Inner Unique": true, "Hash Cond": "(ml.link_type_id = lt.id)", "Workers": [], "Plans": [{"Node Type": "Seq Scan", "Parent Relationship": "Outer", "Parallel Aware": false, "Async Capable": false, "Relation Name": "movie_link", "Alias": "ml", "Startup Cost": 0.0, "Total Cost": 462.97, "Plan Rows": 29997, "Plan Width": 12, "Actual Rows": 29997, "Actual Loops": 2, "Workers": []}, {"Node Type": "Hash", "Parent Relationship": "Inner", "Parallel Aware": false, "Async Capable": false, "Startup Cost": 1.25, "Total Cost": 1.25, "Plan Rows": 3, "Plan Width": 4, "Actual Rows": 2, "Actual Loops": 2, "Hash Buckets": 1024, "Original Hash Buckets": 1024, "Hash Batches": 1, "Original Hash Batches": 1, "Peak Memory Usage": 9, "Workers": [], "Plans": [{"Node Type": "Seq Scan", "Parent Relationship": "Outer", "Parallel Aware": false, "Async Capable": false, "Relation Name": "link_type", "Alias": "lt", "Startup Cost": 0.0, "Total Cost": 1.25, "Plan Rows": 3, "Plan Width": 4, "Actual Rows": 2, "Actual Loops": 2, "Filter": "((link)::text = ANY ('{\"featured in\",features,features}'::text[]))", "Rows Removed by Filter": 16, "Workers": []}]}]}]}]}]}]}, {"Node Type": "Index Scan", "Parent Relationship": "Inner", "Parallel Aware": false, "Async Capable": false, "Scan Direction": "Forward", "Index Name": "title_pkey", "Relation Name": "title", "Alias": "t1", "Startup Cost": 0.43, "Total Cost": 0.58, "Plan Rows": 1, "Plan Width": 25, "Actual Rows": 1, "Actual Loops": 120, "Index Cond": "(id = mi_idx1.movie_id)", "Rows Removed by Index Recheck": 0, "Workers": []}]}, {"Node Type": "Index Scan", "Parent Relationship": "Inner", "Parallel Aware": false, "Async Capable": false, "Scan Direction": "Forward", "Index Name": "kind_type_pkey", "Relation Name": "kind_type", "Alias": "kt1", "Startup Cost": 0.13, "Total Cost": 0.15, "Plan Rows": 1, "Plan Width": 4, "Actual Rows": 1, "Actual Loops": 120, "Index Cond": "(id = t1.kind_id)", "Rows Removed by Index Recheck": 0, "Filter": "((kind)::text = ANY ('{episode,movie}'::text[]))", "Rows Removed by Filter": 0, "Workers": []}]}]}]}, {"Node Type": "Index Scan", "Parent Relationship": "Inner", "Parallel Aware": false, "Async Capable": false, "Scan Direction": "Forward", "Index Name": "title_pkey", "Relation Name": "title", "Alias": "t2", "Startup Cost": 0.43, "Total Cost": 0.52, "Plan Rows": 1, "Plan Width": 25, "Actual Rows": 1, "Actual Loops": 4034, "Index Cond": "(id = mc2.movie_id)", "Rows Removed by Index Recheck": 0, "Filter": "(production_year <= 1992)", "Rows Removed by Filter": 0, "Workers": []}]}, {"Node Type": "Index Scan", "Parent Relationship": "Inner", "Parallel Aware": false, "Async Capable": false, "Scan Direction": "Forward", "Index Name": "company_name_pkey", "Relation Name": "company_name", "Alias": "cn2", "Startup Cost": 0.42, "Total Cost": 0.44, "Plan Rows": 1, "Plan Width": 23, "Actual Rows": 1, "Actual Loops": 3332, "Index Cond": "(id = mc2.company_id)", "Rows Removed by Index Recheck": 0, "Workers": []}]}, {"Node Type": "Index Scan", "Parent Relationship": "Inner", "Parallel Aware": false, "Async Capable": false, "Scan Direction": "Forward", "Index Name": "kind_type_pkey", "Relation Name": "kind_type", "Alias": "kt2", "Startup Cost": 0.13, "Total Cost": 0.15, "Plan Rows": 1, "Plan Width": 4, "Actual Rows": 1, "Actual Loops": 3332, "Index Cond": "(id = t2.kind_id)", "Rows Removed by Index Recheck": 0, "Filter": "((kind)::text = 'movie'::text)", "Rows Removed by Filter": 0, "Workers": []}]}]}]}]}]}, "Planning Time": 68.926, "Triggers": [], "Execution Time": 460.342}, {"Plan": {"Node Type": "Aggregate", "Strategy": "Plain", "Partial Mode": "Simple", "Parallel Aware": false, "Async Capable": false, "Startup Cost": 94509.88, "Total Cost": 94509.89, "Plan Rows": 1, "Plan Width": 192, "Actual Rows": 1, "Actual Loops": 1, "Plans": [{"Node Type": "Nested Loop", "Parent Relationship": "Outer", "Parallel Aware": false, "Async Capable": false, "Join Type": "Inner", "Startup Cost": 64112.85, "Total Cost": 94509.86, "Plan Rows": 1, "Plan Width": 82, "Actual Rows": 134, "Actual Loops": 1, "Inner Unique": true, "Plans": [{"Node Type": "Nested Loop", "Parent Relationship": "Outer", "Parallel Aware": false, "Async Capable": false, "Join Type": "Inner", "Startup Cost": 64112.71, "Total Cost": 94509.7, "Plan Rows": 1, "Plan Width": 86, "Actual Rows": 134, "Actual Loops": 1, "Inner Unique": true, "Join Filter": "(t1.id = ml.movie_id)", "Rows Removed by Join Filter": 0, "Plans": [{"Node Type": "Nested Loop", "Parent Relationship": "Outer", "Parallel Aware": false, "Async Capable": false, "Join Type": "Inner", "Startup Cost": 64112.28, "Total Cost": 94509.17, "Plan Rows": 1, "Plan Width": 77, "Actual Rows": 134, "Actual Loops": 1, "Inner Unique": true, "Plans": [{"Node Type": "Gather", "Parent Relationship": "Outer", "Parallel Aware": false, "Async Capable": false, "Startup Cost": 64111.86, "Total Cost": 94508.73, "Plan Rows": 1, "Plan Width": 62, "Actual Rows": 134, "Actual Loops": 1, "Workers Planned": 3, "Workers Launched": 3, "Single Copy": false, "Plans": [{"Node Type": "Hash Join", "Parent Relationship": "Outer", "Parallel Aware": true, "Async Capable": false, "Join Type": "Inner", "Startup Cost": 63111.86, "Total Cost": 93508.63, "Plan Rows": 1, "Plan Width": 62, "Actual Rows": 34, "Actual Loops": 4, "Inner Unique": false, "Hash Cond": "(mc2.movie_id = t2.id)", "Workers": [], "Plans": [{"Node Type": "Seq Scan", "Parent Relationship": "Outer", "Parallel Aware": true, "Async Capable": false, "Relation Name": "movie_companies", "Alias": "mc2", "Startup Cost": 0.0, "Total Cost": 27240.55, "Plan Rows": 841655, "Plan Width": 8, "Actual Rows": 652282, "Actual Loops": 4, "Workers": []}, {"Node Type": "Hash", "Parent Relationship": "Inner", "Parallel Aware": true, "Async Capable": false, "Startup Cost": 63111.85, "Total Cost": 63111.85, "Plan Rows": 1, "Plan Width": 70, "Actual Rows": 1, "Actual Loops": 4, "Hash Buckets": 1024, "Original Hash Buckets": 1024, "Hash Batches": 1, "Original Hash Batches": 1, "Peak Memory Usage": 72, "Workers": [], "Plans": [{"Node Type": "Nested Loop", "Parent Relationship": "Outer", "Parallel Aware": false, "Async Capable": false, "Join Type": "Inner", "Startup Cost": 32715.03, "Total Cost": 63111.85, "Plan Rows": 1, "Plan Width": 70, "Actual Rows": 1, "Actual Loops": 4, "Inner Unique": true, "Workers": [], "Plans": [{"Node Type": "Nested Loop", "Parent Relationship": "Outer", "Parallel Aware": false, "Async Capable": false, "Join Type": "Inner", "Startup Cost": 32714.61, "Total Cost": 63111.41, "Plan Rows": 1, "Plan Width": 55, "Actual Rows": 59, "Actual Loops": 4, "Inner Unique": true, "Workers": [], "Plans": [{"Node Type": "Hash Join", "Parent Relationship": "Outer", "Parallel Aware": true, "Async Capable": false, "Join Type": "Inner", "Startup Cost": 32714.47, "Total Cost": 63111.23, "Plan Rows": 1, "Plan Width": 59, "Actual Rows": 59, "Actual Loops": 4, "Inner Unique": false, "Hash Cond": "(mc1.movie_id = ml.movie_id)", "Workers": [], "Plans": [{"Node Type": "Seq Scan", "Parent Relationship": "Outer", "Parallel Aware": true, "Async Capable": false, "Relation Name": "movie_companies", "Alias": "mc1", "Startup Cost": 0.0, "Total Cost": 27240.55, "Plan Rows": 841655, "Plan Width": 8, "Actual Rows": 652282, "Actual Loops": 4, "Workers": []}, {"Node Type": "Hash", "Parent Relationship": "Inner", "Parallel Aware": true, "Async Capable": false, "Startup Cost": 32714.46, "Total Cost": 32714.46, "Plan Rows": 1, "Plan Width": 51, "Actual Rows": 26, "Actual Loops": 4, "Hash Buckets": 1024, "Original Hash Buckets": 1024, "Hash Batches": 1, "Original Hash Batches": 1, "Peak Memory Usage": 136, "Workers": [], "Plans": [{"Node Type": "Nested Loop", "Parent Relationship": "Outer", "Parallel Aware": false, "Async Capable": false, "Join Type": "Inner", "Startup Cost": 17379.2, "Total Cost": 32714.46, "Plan Rows": 1, "Plan Width": 51, "Actual Rows": 26, "Actual Loops": 4, "Inner Unique": true, "Join Filter": "(t2.id = ml.linked_movie_id)", "Rows Removed by Join Filter": 0, "Workers": [], "Plans": [{"Node Type": "Hash Join", "Parent Relationship": "Outer", "Parallel Aware": true, "Async Capable": false, "Join Type": "Inner", "Startup Cost": 17378.77, "Total Cost": 32713.84, "Plan Rows": 1, "Plan Width": 26, "Actual Rows": 30, "Actual Loops": 4, "Inner Unique": false, "Hash Cond": "(mi_idx1.movie_id = ml.movie_id)", "Workers": [], "Plans": [{"Node Type": "Hash Join", "Parent Relationship": "Outer", "Parallel Aware": false, "Async Capable": false, "Join Type": "Inner", "Startup Cost": 2.43, "Total Cost": 15286.6, "Plan Rows": 5089, "Plan Width": 9, "Actual Rows": 114981, "Actual Loops": 4, "Inner Unique": true, "Hash Cond": "(mi_idx1.info_type_id = it1.id)", "Workers": [], "Plans": [{"Node Type": "Seq Scan", "Parent Relationship": "Outer", "Parallel Aware": true, "Async Capable": false, "Relation Name": "movie_info_idx", "Alias": "mi_idx1", "Startup Cost": 0.0, "Total Cost": 13718.15, "Plan Rows": 575015, "Plan Width": 13, "Actual Rows": 345009, "Actual Loops": 4, "Workers": []}, {"Node Type": "Hash", "Parent Relationship": "Inner", "Parallel Aware": false, "Async Capable": false, "Startup Cost": 2.41, "Total Cost": 2.41, "Plan Rows": 1, "Plan Width": 4, "Actual Rows": 1, "Actual Loops": 4, "Hash Buckets": 1024, "Original Hash Buckets": 1024, "Hash Batches": 1, "Original Hash Batches": 1, "Peak Memory Usage": 9, "Workers": [], "Plans": [{"Node Type": "Seq Scan", "Parent Relationship": "Outer", "Parallel Aware": false, "Async Capable": false, "Relation Name": "info_type", "Alias": "it1", "Startup Cost": 0.0, "Total Cost": 2.41, "Plan Rows": 1, "Plan Width": 4, "Actual Rows": 1, "Actual Loops": 4, "Filter": "((info)::text = 'votes'::text)", "Rows Removed by Filter": 112, "Workers": []}]}]}, {"Node Type": "Hash", "Parent Relationship": "Inner", "Parallel Aware": true, "Async Capable": false, "Startup Cost": 17375.74, "Total Cost": 17375.74, "Plan Rows": 48, "Plan Width": 17, "Actual Rows": 82, "Actual Loops": 4, "Hash Buckets": 1024, "Original Hash Buckets": 1024, "Hash Batches": 1, "Original Hash Batches": 1, "Peak Memory Usage": 72, "Workers": [], "Plans": [{"Node Type": "Hash Join", "Parent Relationship": "Outer", "Parallel Aware": false, "Async Capable": false, "Join Type": "Inner", "Startup Cost": 626.46, "Total Cost": 17375.74, "Plan Rows": 48, "Plan Width": 17, "Actual Rows": 82, "Actual Loops": 4, "Inner Unique": false, "Hash Cond": "(mi_idx2.movie_id = ml.linked_movie_id)", "Workers": [], "Plans": [{"Node Type": "Hash Join", "Parent Relationship": "Outer", "Parallel Aware": false, "Async Capable": false, "Join Type": "Inner", "Startup Cost": 2.43, "Total Cost": 16505.03, "Plan Rows": 4377, "Plan Width": 9, "Actual Rows": 55, "Actual Loops": 4, "Inner Unique": true, "Hash Cond": "(mi_idx2.info_type_id = it2.id)", "Workers": [], "Plans": [{"Node Type": "Seq Scan", "Parent Relationship": "Outer", "Parallel Aware": true, "Async Capable": false, "Relation Name": "movie_info_idx", "Alias": "mi_idx2", "Startup Cost": 0.0, "Total Cost": 15155.68, "Plan Rows": 494562, "Plan Width": 13, "Actual Rows": 296767, "Actual Loops": 4, "Filter": "((info)::text <= '7.0'::text)", "Rows Removed by Filter": 48242, "Workers": []}, {"Node Type": "Hash", "Parent Relationship": "Inner", "Parallel Aware": false, "Async Capable": false, "Startup Cost": 2.41, "Total Cost": 2.41, "Plan Rows": 1, "Plan Width": 4, "Actual Rows": 1, "Actual Loops": 4, "Hash Buckets": 1024, "Original Hash Buckets": 1024, "Hash Batches": 1, "Original Hash Batches": 1, "Peak Memory Usage": 9, "Workers": [], "Plans": [{"Node Type": "Seq Scan", "Parent Relationship": "Outer", "Parallel Aware": false, "Async Capable": false, "Relation Name": "info_type", "Alias": "it2", "Startup Cost": 0.0, "Total Cost": 2.41, "Plan Rows": 1, "Plan Width": 4, "Actual Rows": 1, "Actual Loops": 4, "Filter": "((info)::text = 'top 250 rank'::text)", "Rows Removed by Filter": 112, "Workers": []}]}]}, {"Node Type": "Hash", "Parent Relationship": "Inner", "Parallel Aware": false, "Async Capable": false, "Startup Cost": 561.53, "Total Cost": 561.53, "Plan Rows": 5000, "Plan Width": 8, "Actual Rows": 7409, "Actual Loops": 2, "Hash Buckets": 8192, "Original Hash Buckets": 8192, "Hash Batches": 1, "Original Hash Batches": 1, "Peak Memory Usage": 354, "Workers": [], "Plans": [{"Node Type": "Hash Join", "Parent Relationship": "Outer", "Parallel Aware": false, "Async Capable": false, "Join Type": "Inner", "Startup Cost": 1.29, "Total Cost": 561.53, "Plan Rows": 5000, "Plan Width": 8, "Actual Rows": 7409, "Actual Loops": 2, "Inner Unique": true, "Hash Cond": "(ml.link_type_id = lt.id)", "Workers": [], "Plans": [{"Node Type": "Seq Scan", "Parent Relationship": "Outer", "Parallel Aware": false, "Async Capable": false, "Relation Name": "movie_link", "Alias": "ml", "Startup Cost": 0.0, "Total Cost": 462.97, "Plan Rows": 29997, "Plan Width": 12, "Actual Rows": 29997, "Actual Loops": 2, "Workers": []}, {"Node Type": "Hash", "Parent Relationship": "Inner", "Parallel Aware": false, "Async Capable": false, "Startup Cost": 1.25, "Total Cost": 1.25, "Plan Rows": 3, "Plan Width": 4, "Actual Rows": 2, "Actual Loops": 2, "Hash Buckets": 1024, "Original Hash Buckets": 1024, "Hash Batches": 1, "Original Hash Batches": 1, "Peak Memory Usage": 9, "Workers": [], "Plans": [{"Node Type": "Seq Scan", "Parent Relationship": "Outer", "Parallel Aware": false, "Async Capable": false, "Relation Name": "link_type", "Alias": "lt", "Startup Cost": 0.0, "Total Cost": 1.25, "Plan Rows": 3, "Plan Width": 4, "Actual Rows": 2, "Actual Loops": 2, "Filter": "((link)::text = ANY ('{\"featured in\",features,features}'::text[]))", "Rows Removed by Filter": 16, "Workers": []}]}]}]}]}]}]}, {"Node Type": "Index Scan", "Parent Relationship": "Inner", "Parallel Aware": false, "Async Capable": false, "Scan Direction": "Forward", "Index Name": "title_pkey", "Relation Name": "title", "Alias": "t2", "Startup Cost": 0.43, "Total Cost": 0.6, "Plan Rows": 1, "Plan Width": 25, "Actual Rows": 1, "Actual Loops": 120, "Index Cond": "(id = mi_idx2.movie_id)", "Rows Removed by Index Recheck": 0, "Filter": "(production_year <= 1992)", "Rows Removed by Filter": 0, "Workers": []}]}]}]}, {"Node Type": "Memoize", "Parent Relationship": "Inner", "Parallel Aware": false, "Async Capable": false, "Startup Cost": 0.14, "Total Cost": 0.16, "Plan Rows": 1, "Plan Width": 4, "Actual Rows": 1, "Actual Loops": 237, "Cache Key": "t2.kind_id", "Cache Mode": "logical", "Cache Hits": 21, "Cache Misses": 1, "Cache Evictions": 0, "Cache Overflows": 0, "Peak Memory Usage": 1, "Workers": [{"Worker Number": 0, "Cache Hits": 198, "Cache Misses": 1, "Cache Evictions": 0, "Cache Overflows": 0, "Peak Memory Usage": 1}, {"Worker Number": 1, "Cache Hits": 5, "Cache Misses": 1, "Cache Evictions": 0, "Cache Overflows": 0, "Peak Memory Usage": 1}, {"Worker Number": 2, "Cache Hits": 9, "Cache Misses": 1, "Cache Evictions": 0, "Cache Overflows": 0, "Peak Memory Usage": 1}], "Plans": [{"Node Type": "Index Scan", "Parent Relationship": "Outer", "Parallel Aware": false, "Async Capable": false, "Scan Direction": "Forward", "Index Name": "kind_type_pkey", "Relation Name": "kind_type", "Alias": "kt2", "Startup Cost": 0.13, "Total Cost": 0.15, "Plan Rows": 1, "Plan Width": 4, "Actual Rows": 1, "Actual Loops": 4, "Index Cond": "(id = t2.kind_id)", "Rows Removed by Index Recheck": 0, "Filter": "((kind)::text = 'movie'::text)", "Rows Removed by Filter": 0, "Workers": []}]}]}, {"Node Type": "Index Scan", "Parent Relationship": "Inner", "Parallel Aware": false, "Async Capable": false, "Scan Direction": "Forward", "Index Name": "company_name_pkey", "Relation Name": "company_name", "Alias": "cn1", "Startup Cost": 0.42, "Total Cost": 0.45, "Plan Rows": 1, "Plan Width": 23, "Actual Rows": 0, "Actual Loops": 237, "Index Cond": "(id = mc1.company_id)", "Rows Removed by Index Recheck": 0, "Filter": "((country_code)::text = '[de]'::text)", "Rows Removed by Filter": 1, "Workers": []}]}]}]}]}, {"Node Type": "Index Scan", "Parent Relationship": "Inner", "Parallel Aware": false, "Async Capable": false, "Scan Direction": "Forward", "Index Name": "company_name_pkey", "Relation Name": "company_name", "Alias": "cn2", "Startup Cost": 0.42, "Total Cost": 0.44, "Plan Rows": 1, "Plan Width": 23, "Actual Rows": 1, "Actual Loops": 134, "Index Cond": "(id = mc2.company_id)", "Rows Removed by Index Recheck": 0}]}, {"Node Type": "Index Scan", "Parent Relationship": "Inner", "Parallel Aware": false, "Async Capable": false, "Scan Direction": "Forward", "Index Name": "title_pkey", "Relation Name": "title", "Alias": "t1", "Startup Cost": 0.43, "Total Cost": 0.52, "Plan Rows": 1, "Plan Width": 25, "Actual Rows": 1, "Actual Loops": 134, "Index Cond": "(id = mc1.movie_id)", "Rows Removed by Index Recheck": 0}]}, {"Node Type": "Index Scan", "Parent Relationship": "Inner", "Parallel Aware": false, "Async Capable": false, "Scan Direction": "Forward", "Index Name": "kind_type_pkey", "Relation Name": "kind_type", "Alias": "kt1", "Startup Cost": 0.13, "Total Cost": 0.15, "Plan Rows": 1, "Plan Width": 4, "Actual Rows": 1, "Actual Loops": 134, "Index Cond": "(id = t1.kind_id)", "Rows Removed by Index Recheck": 0, "Filter": "((kind)::text = ANY ('{episode,movie}'::text[]))", "Rows Removed by Filter": 0}]}]}, "Planning Time": 69.642, "Triggers": [], "Execution Time": 359.683}, {"Plan": {"Node Type": "Aggregate", "Strategy": "Plain", "Partial Mode": "Simple", "Parallel Aware": false, "Async Capable": false, "Startup Cost": 94510.79, "Total Cost": 94510.8, "Plan Rows": 1, "Plan Width": 192, "Actual Rows": 1, "Actual Loops": 1, "Plans": [{"Node Type": "Nested Loop", "Parent Relationship": "Outer", "Parallel Aware": false, "Async Capable": false, "Join Type": "Inner", "Startup Cost": 64112.68, "Total Cost": 94510.78, "Plan Rows": 1, "Plan Width": 82, "Actual Rows": 134, "Actual Loops": 1, "Inner Unique": false, "Join Filter": "(kt2.id = t2.kind_id)", "Rows Removed by Join Filter": 0, "Plans": [{"Node Type": "Seq Scan", "Parent Relationship": "Outer", "Parallel Aware": false, "Async Capable": false, "Relation Name": "kind_type", "Alias": "kt2", "Startup Cost": 0.0, "Total Cost": 1.09, "Plan Rows": 1, "Plan Width": 4, "Actual Rows": 1, "Actual Loops": 1, "Filter": "((kind)::text = 'movie'::text)", "Rows Removed by Filter": 6}, {"Node Type": "Nested Loop", "Parent Relationship": "Inner", "Parallel Aware": false, "Async Capable": false, "Join Type": "Inner", "Startup Cost": 64112.68, "Total Cost": 94509.68, "Plan Rows": 1, "Plan Width": 86, "Actual Rows": 134, "Actual Loops": 1, "Inner Unique": true, "Join Filter": "(t2.id = ml.linked_movie_id)", "Rows Removed by Join Filter": 0, "Plans": [{"Node Type": "Nested Loop", "Parent Relationship": "Outer", "Parallel Aware": false, "Async Capable": false, "Join Type": "Inner", "Startup Cost": 64112.25, "Total Cost": 94509.15, "Plan Rows": 1, "Plan Width": 77, "Actual Rows": 134, "Actual Loops": 1, "Inner Unique": true, "Plans": [{"Node Type": "Gather", "Parent Relationship": "Outer", "Parallel Aware": false, "Async Capable": false, "Startup Cost": 64111.83, "Total Cost": 94508.7, "Plan Rows": 1, "Plan Width": 62, "Actual Rows": 134, "Actual Loops": 1, "Workers Planned": 3, "Workers Launched": 3, "Single Copy": false, "Plans": [{"Node Type": "Hash Join", "Parent Relationship": "Outer", "Parallel Aware": true, "Async Capable": false, "Join Type": "Inner", "Startup Cost": 63111.83, "Total Cost": 93508.6, "Plan Rows": 1, "Plan Width": 62, "Actual Rows": 34, "Actual Loops": 4, "Inner Unique": false, "Hash Cond": "(mc2.movie_id = ml.linked_movie_id)", "Workers": [], "Plans": [{"Node Type": "Seq Scan", "Parent Relationship": "Outer", "Parallel Aware": true, "Async Capable": false, "Relation Name": "movie_companies", "Alias": "mc2", "Startup Cost": 0.0, "Total Cost": 27240.55, "Plan Rows": 841655, "Plan Width": 8, "Actual Rows": 652282, "Actual Loops": 4, "Workers": []}, {"Node Type": "Hash", "Parent Relationship": "Inner", "Parallel Aware": true, "Async Capable": false, "Startup Cost": 63111.82, "Total Cost": 63111.82, "Plan Rows": 1, "Plan Width": 54, "Actual Rows": 1, "Actual Loops": 4, "Hash Buckets": 1024, "Original Hash Buckets": 1024, "Hash Batches": 1, "Original Hash Batches": 1, "Peak Memory Usage": 104, "Workers": [], "Plans": [{"Node Type": "Nested Loop", "Parent Relationship": "Outer", "Parallel Aware": false, "Async Capable": false, "Join Type": "Inner", "Startup Cost": 32715.03, "Total Cost": 63111.82, "Plan Rows": 1, "Plan Width": 54, "Actual Rows": 1, "Actual Loops": 4, "Inner Unique": true, "Workers": [], "Plans": [{"Node Type": "Hash Join", "Parent Relationship": "Outer", "Parallel Aware": true, "Async Capable": false, "Join Type": "Inner", "Startup Cost": 32714.61, "Total Cost": 63111.37, "Plan Rows": 1, "Plan Width": 39, "Actual Rows": 60, "Actual Loops": 4, "Inner Unique": false, "Hash Cond": "(mc1.movie_id = t1.id)", "Workers": [], "Plans": [{"Node Type": "Seq Scan", "Parent Relationship": "Outer", "Parallel Aware": true, "Async Capable": false, "Relation Name": "movie_companies", "Alias": "mc1", "Startup Cost": 0.0, "Total Cost": 27240.55, "Plan Rows": 841655, "Plan Width": 8, "Actual Rows": 652282, "Actual Loops": 4, "Workers": []}, {"Node Type": "Hash", "Parent Relationship": "Inner", "Parallel Aware": true, "Async Capable": false, "Startup Cost": 32714.6, "Total Cost": 32714.6, "Plan Rows": 1, "Plan Width": 47, "Actual Rows": 29, "Actual Loops": 4, "Hash Buckets": 1024, "Original Hash Buckets": 1024, "Hash Batches": 1, "Original Hash Batches": 1, "Peak Memory Usage": 136, "Workers": [], "Plans": [{"Node Type": "Nested Loop", "Parent Relationship": "Outer", "Parallel Aware": false, "Async Capable": false, "Join Type": "Inner", "Startup Cost": 17379.33, "Total Cost": 32714.6, "Plan Rows": 1, "Plan Width": 47, "Actual Rows": 29, "Actual Loops": 4, "Inner Unique": true, "Workers": [], "Plans": [{"Node Type": "Nested Loop", "Parent Relationship": "Outer", "Parallel Aware": false, "Async Capable": false, "Join Type": "Inner", "Startup Cost": 17379.2, "Total Cost": 32714.44, "Plan Rows": 1, "Plan Width": 51, "Actual Rows": 30, "Actual Loops": 4, "Inner Unique": true, "Join Filter": "(t1.id = ml.movie_id)", "Rows Removed by Join Filter": 0, "Workers": [], "Plans": [{"Node Type": "Hash Join", "Parent Relationship": "Outer", "Parallel Aware": true, "Async Capable": false, "Join Type": "Inner", "Startup Cost": 17378.77, "Total Cost": 32713.84, "Plan Rows": 1, "Plan Width": 26, "Actual Rows": 30, "Actual Loops": 4, "Inner Unique": false, "Hash Cond": "(mi_idx1.movie_id = ml.movie_id)", "Workers": [], "Plans": [{"Node Type": "Hash Join", "Parent Relationship": "Outer", "Parallel Aware": false, "Async Capable": false, "Join Type": "Inner", "Startup Cost": 2.43, "Total Cost": 15286.6, "Plan Rows": 5089, "Plan Width": 9, "Actual Rows": 114981, "Actual Loops": 4, "Inner Unique": true, "Hash Cond": "(mi_idx1.info_type_id = it1.id)", "Workers": [], "Plans": [{"Node Type": "Seq Scan", "Parent Relationship": "Outer", "Parallel Aware": true, "Async Capable": false, "Relation Name": "movie_info_idx", "Alias": "mi_idx1", "Startup Cost": 0.0, "Total Cost": 13718.15, "Plan Rows": 575015, "Plan Width": 13, "Actual Rows": 345009, "Actual Loops": 4, "Workers": []}, {"Node Type": "Hash", "Parent Relationship": "Inner", "Parallel Aware": false, "Async Capable": false, "Startup Cost": 2.41, "Total Cost": 2.41, "Plan Rows": 1, "Plan Width": 4, "Actual Rows": 1, "Actual Loops": 4, "Hash Buckets": 1024, "Original Hash Buckets": 1024, "Hash Batches": 1, "Original Hash Batches": 1, "Peak Memory Usage": 9, "Workers": [], "Plans": [{"Node Type": "Seq Scan", "Parent Relationship": "Outer", "Parallel Aware": false, "Async Capable": false, "Relation Name": "info_type", "Alias": "it1", "Startup Cost": 0.0, "Total Cost": 2.41, "Plan Rows": 1, "Plan Width": 4, "Actual Rows": 1, "Actual Loops": 4, "Filter": "((info)::text = 'votes'::text)", "Rows Removed by Filter": 112, "Workers": []}]}]}, {"Node Type": "Hash", "Parent Relationship": "Inner", "Parallel Aware": true, "Async Capable": false, "Startup Cost": 17375.74, "Total Cost": 17375.74, "Plan Rows": 48, "Plan Width": 17, "Actual Rows": 82, "Actual Loops": 4, "Hash Buckets": 1024, "Original Hash Buckets": 1024, "Hash Batches": 1, "Original Hash Batches": 1, "Peak Memory Usage": 72, "Workers": [], "Plans": [{"Node Type": "Hash Join", "Parent Relationship": "Outer", "Parallel Aware": false, "Async Capable": false, "Join Type": "Inner", "Startup Cost": 626.46, "Total Cost": 17375.74, "Plan Rows": 48, "Plan Width": 17, "Actual Rows": 82, "Actual Loops": 4, "Inner Unique": false, "Hash Cond": "(mi_idx2.movie_id = ml.linked_movie_id)", "Workers": [], "Plans": [{"Node Type": "Hash Join", "Parent Relationship": "Outer", "Parallel Aware": false, "Async Capable": false, "Join Type": "Inner", "Startup Cost": 2.43, "Total Cost": 16505.03, "Plan Rows": 4377, "Plan Width": 9, "Actual Rows": 55, "Actual Loops": 4, "Inner Unique": true, "Hash Cond": "(mi_idx2.info_type_id = it2.id)", "Workers": [], "Plans": [{"Node Type": "Seq Scan", "Parent Relationship": "Outer", "Parallel Aware": true, "Async Capable": false, "Relation Name": "movie_info_idx", "Alias": "mi_idx2", "Startup Cost": 0.0, "Total Cost": 15155.68, "Plan Rows": 494562, "Plan Width": 13, "Actual Rows": 296767, "Actual Loops": 4, "Filter": "((info)::text <= '7.0'::text)", "Rows Removed by Filter": 48242, "Workers": []}, {"Node Type": "Hash", "Parent Relationship": "Inner", "Parallel Aware": false, "Async Capable": false, "Startup Cost": 2.41, "Total Cost": 2.41, "Plan Rows": 1, "Plan Width": 4, "Actual Rows": 1, "Actual Loops": 4, "Hash Buckets": 1024, "Original Hash Buckets": 1024, "Hash Batches": 1, "Original Hash Batches": 1, "Peak Memory Usage": 9, "Workers": [], "Plans": [{"Node Type": "Seq Scan", "Parent Relationship": "Outer", "Parallel Aware": false, "Async Capable": false, "Relation Name": "info_type", "Alias": "it2", "Startup Cost": 0.0, "Total Cost": 2.41, "Plan Rows": 1, "Plan Width": 4, "Actual Rows": 1, "Actual Loops": 4, "Filter": "((info)::text = 'top 250 rank'::text)", "Rows Removed by Filter": 112, "Workers": []}]}]}, {"Node Type": "Hash", "Parent Relationship": "Inner", "Parallel Aware": false, "Async Capable": false, "Startup Cost": 561.53, "Total Cost": 561.53, "Plan Rows": 5000, "Plan Width": 8, "Actual Rows": 7409, "Actual Loops": 2, "Hash Buckets": 8192, "Original Hash Buckets": 8192, "Hash Batches": 1, "Original Hash Batches": 1, "Peak Memory Usage": 354, "Workers": [], "Plans": [{"Node Type": "Hash Join", "Parent Relationship": "Outer", "Parallel Aware": false, "Async Capable": false, "Join Type": "Inner", "Startup Cost": 1.29, "Total Cost": 561.53, "Plan Rows": 5000, "Plan Width": 8, "Actual Rows": 7409, "Actual Loops": 2, "Inner Unique": true, "Hash Cond": "(ml.link_type_id = lt.id)", "Workers": [], "Plans": [{"Node Type": "Seq Scan", "Parent Relationship": "Outer", "Parallel Aware": false, "Async Capable": false, "Relation Name": "movie_link", "Alias": "ml", "Startup Cost": 0.0, "Total Cost": 462.97, "Plan Rows": 29997, "Plan Width": 12, "Actual Rows": 29997, "Actual Loops": 2, "Workers": []}, {"Node Type": "Hash", "Parent Relationship": "Inner", "Parallel Aware": false, "Async Capable": false, "Startup Cost": 1.25, "Total Cost": 1.25, "Plan Rows": 3, "Plan Width": 4, "Actual Rows": 2, "Actual Loops": 2, "Hash Buckets": 1024, "Original Hash Buckets": 1024, "Hash Batches": 1, "Original Hash Batches": 1, "Peak Memory Usage": 9, "Workers": [], "Plans": [{"Node Type": "Seq Scan", "Parent Relationship": "Outer", "Parallel Aware": false, "Async Capable": false, "Relation Name": "link_type", "Alias": "lt", "Startup Cost": 0.0, "Total Cost": 1.25, "Plan Rows": 3, "Plan Width": 4, "Actual Rows": 2, "Actual Loops": 2, "Filter": "((link)::text = ANY ('{\"featured in\",features,features}'::text[]))", "Rows Removed by Filter": 16, "Workers": []}]}]}]}]}]}]}, {"Node Type": "Index Scan", "Parent Relationship": "Inner", "Parallel Aware": false, "Async Capable": false, "Scan Direction": "Forward", "Index Name": "title_pkey", "Relation Name": "title", "Alias": "t1", "Startup Cost": 0.43, "Total Cost": 0.58, "Plan Rows": 1, "Plan Width": 25, "Actual Rows": 1, "Actual Loops": 120, "Index Cond": "(id = mi_idx1.movie_id)", "Rows Removed by Index Recheck": 0, "Workers": []}]}, {"Node Type": "Index Scan", "Parent Relationship": "Inner", "Parallel Aware": false, "Async Capable": false, "Scan Direction": "Forward", "Index Name": "kind_type_pkey", "Relation Name": "kind_type", "Alias": "kt1", "Startup Cost": 0.13, "Total Cost": 0.15, "Plan Rows": 1, "Plan Width": 4, "Actual Rows": 1, "Actual Loops": 120, "Index Cond": "(id = t1.kind_id)", "Rows Removed by Index Recheck": 0, "Filter": "((kind)::text = ANY ('{episode,movie}'::text[]))", "Rows Removed by Filter": 0, "Workers": []}]}]}]}, {"Node Type": "Index Scan", "Parent Relationship": "Inner", "Parallel Aware": false, "Async Capable": false, "Scan Direction": "Forward", "Index Name": "company_name_pkey", "Relation Name": "company_name", "Alias": "cn1", "Startup Cost": 0.42, "Total Cost": 0.45, "Plan Rows": 1, "Plan Width": 23, "Actual Rows": 0, "Actual Loops": 241, "Index Cond": "(id = mc1.company_id)", "Rows Removed by Index Recheck": 0, "Filter": "((country_code)::text = '[de]'::text)", "Rows Removed by Filter": 1, "Workers": []}]}]}]}]}, {"Node Type": "Index Scan", "Parent Relationship": "Inner", "Parallel Aware": false, "Async Capable": false, "Scan Direction": "Forward", "Index Name": "company_name_pkey", "Relation Name": "company_name", "Alias": "cn2", "Startup Cost": 0.42, "Total Cost": 0.44, "Plan Rows": 1, "Plan Width": 23, "Actual Rows": 1, "Actual Loops": 134, "Index Cond": "(id = mc2.company_id)", "Rows Removed by Index Recheck": 0}]}, {"Node Type": "Index Scan", "Parent Relationship": "Inner", "Parallel Aware": false, "Async Capable": false, "Scan Direction": "Forward", "Index Name": "title_pkey", "Relation Name": "title", "Alias": "t2", "Startup Cost": 0.43, "Total Cost": 0.52, "Plan Rows": 1, "Plan Width": 25, "Actual Rows": 1, "Actual Loops": 134, "Index Cond": "(id = mc2.movie_id)", "Rows Removed by Index Recheck": 0, "Filter": "(production_year <= 1992)", "Rows Removed by Filter": 0}]}]}]}, "Planning Time": 68.258, "Triggers": [], "Execution Time": 362.772}, {"Plan": {"Node Type": "Aggregate", "Strategy": "Plain", "Partial Mode": "Simple", "Parallel Aware": false, "Async Capable": false, "Startup Cost": 94509.87, "Total Cost": 94509.88, "Plan Rows": 1, "Plan Width": 192, "Actual Rows": 1, "Actual Loops": 1, "Plans": [{"Node Type": "Nested Loop", "Parent Relationship": "Outer", "Parallel Aware": false, "Async Capable": false, "Join Type": "Inner", "Startup Cost": 64112.82, "Total Cost": 94509.85, "Plan Rows": 1, "Plan Width": 82, "Actual Rows": 134, "Actual Loops": 1, "Inner Unique": true, "Plans": [{"Node Type": "Nested Loop", "Parent Relationship": "Outer", "Parallel Aware": false, "Async Capable": false, "Join Type": "Inner", "Startup Cost": 64112.68, "Total Cost": 94509.68, "Plan Rows": 1, "Plan Width": 86, "Actual Rows": 134, "Actual Loops": 1, "Inner Unique": true, "Join Filter": "(t2.id = ml.linked_movie_id)", "Rows Removed by Join Filter": 0, "Plans": [{"Node Type": "Nested Loop", "Parent Relationship": "Outer", "Parallel Aware": false, "Async Capable": false, "Join Type": "Inner", "Startup Cost": 64112.25, "Total Cost": 94509.15, "Plan Rows": 1, "Plan Width": 77, "Actual Rows": 134, "Actual Loops": 1, "Inner Unique": true, "Plans": [{"Node Type": "Gather", "Parent Relationship": "Outer", "Parallel Aware": false, "Async Capable": false, "Startup Cost": 64111.83, "Total Cost": 94508.7, "Plan Rows": 1, "Plan Width": 62, "Actual Rows": 134, "Actual Loops": 1, "Workers Planned": 3, "Workers Launched": 3, "Single Copy": false, "Plans": [{"Node Type": "Hash Join", "Parent Relationship": "Outer", "Parallel Aware": true, "Async Capable": false, "Join Type": "Inner", "Startup Cost": 63111.83, "Total Cost": 93508.6, "Plan Rows": 1, "Plan Width": 62, "Actual Rows": 34, "Actual Loops": 4, "Inner Unique": false, "Hash Cond": "(mc2.movie_id = ml.linked_movie_id)", "Workers": [], "Plans": [{"Node Type": "Seq Scan", "Parent Relationship": "Outer", "Parallel Aware": true, "Async Capable": false, "Relation Name": "movie_companies", "Alias": "mc2", "Startup Cost": 0.0, "Total Cost": 27240.55, "Plan Rows": 841655, "Plan Width": 8, "Actual Rows": 652282, "Actual Loops": 4, "Workers": []}, {"Node Type": "Hash", "Parent Relationship": "Inner", "Parallel Aware": true, "Async Capable": false, "Startup Cost": 63111.82, "Total Cost": 63111.82, "Plan Rows": 1, "Plan Width": 54, "Actual Rows": 1, "Actual Loops": 4, "Hash Buckets": 1024, "Original Hash Buckets": 1024, "Hash Batches": 1, "Original Hash Batches": 1, "Peak Memory Usage": 72, "Workers": [], "Plans": [{"Node Type": "Nested Loop", "Parent Relationship": "Outer", "Parallel Aware": false, "Async Capable": false, "Join Type": "Inner", "Startup Cost": 32715.03, "Total Cost": 63111.82, "Plan Rows": 1, "Plan Width": 54, "Actual Rows": 1, "Actual Loops": 4, "Inner Unique": true, "Workers": [], "Plans": [{"Node Type": "Hash Join", "Parent Relationship": "Outer", "Parallel Aware": true, "Async Capable": false, "Join Type": "Inner", "Startup Cost": 32714.61, "Total Cost": 63111.37, "Plan Rows": 1, "Plan Width": 39, "Actual Rows": 60, "Actual Loops": 4, "Inner Unique": false, "Hash Cond": "(mc1.movie_id = t1.id)", "Workers": [], "Plans": [{"Node Type": "Seq Scan", "Parent Relationship": "Outer", "Parallel Aware": true, "Async Capable": false, "Relation Name": "movie_companies", "Alias": "mc1", "Startup Cost": 0.0, "Total Cost": 27240.55, "Plan Rows": 841655, "Plan Width": 8, "Actual Rows": 652282, "Actual Loops": 4, "Workers": []}, {"Node Type": "Hash", "Parent Relationship": "Inner", "Parallel Aware": true, "Async Capable": false, "Startup Cost": 32714.6, "Total Cost": 32714.6, "Plan Rows": 1, "Plan Width": 47, "Actual Rows": 29, "Actual Loops": 4, "Hash Buckets": 1024, "Original Hash Buckets": 1024, "Hash Batches": 1, "Original Hash Batches": 1, "Peak Memory Usage": 136, "Workers": [], "Plans": [{"Node Type": "Nested Loop", "Parent Relationship": "Outer", "Parallel Aware": false, "Async Capable": false, "Join Type": "Inner", "Startup Cost": 17379.33, "Total Cost": 32714.6, "Plan Rows": 1, "Plan Width": 47, "Actual Rows": 29, "Actual Loops": 4, "Inner Unique": true, "Workers": [], "Plans": [{"Node Type": "Nested Loop", "Parent Relationship": "Outer", "Parallel Aware": false, "Async Capable": false, "Join Type": "Inner", "Startup Cost": 17379.2, "Total Cost": 32714.44, "Plan Rows": 1, "Plan Width": 51, "Actual Rows": 30, "Actual Loops": 4, "Inner Unique": true, "Join Filter": "(t1.id = ml.movie_id)", "Rows Removed by Join Filter": 0, "Workers": [], "Plans": [{"Node Type": "Hash Join", "Parent Relationship": "Outer", "Parallel Aware": true, "Async Capable": false, "Join Type": "Inner", "Startup Cost": 17378.77, "Total Cost": 32713.84, "Plan Rows": 1, "Plan Width": 26, "Actual Rows": 30, "Actual Loops": 4, "Inner Unique": false, "Hash Cond": "(mi_idx1.movie_id = ml.movie_id)", "Workers": [], "Plans": [{"Node Type": "Hash Join", "Parent Relationship": "Outer", "Parallel Aware": false, "Async Capable": false, "Join Type": "Inner", "Startup Cost": 2.43, "Total Cost": 15286.6, "Plan Rows": 5089, "Plan Width": 9, "Actual Rows": 114981, "Actual Loops": 4, "Inner Unique": true, "Hash Cond": "(mi_idx1.info_type_id = it1.id)", "Workers": [], "Plans": [{"Node Type": "Seq Scan", "Parent Relationship": "Outer", "Parallel Aware": true, "Async Capable": false, "Relation Name": "movie_info_idx", "Alias": "mi_idx1", "Startup Cost": 0.0, "Total Cost": 13718.15, "Plan Rows": 575015, "Plan Width": 13, "Actual Rows": 345009, "Actual Loops": 4, "Workers": []}, {"Node Type": "Hash", "Parent Relationship": "Inner", "Parallel Aware": false, "Async Capable": false, "Startup Cost": 2.41, "Total Cost": 2.41, "Plan Rows": 1, "Plan Width": 4, "Actual Rows": 1, "Actual Loops": 4, "Hash Buckets": 1024, "Original Hash Buckets": 1024, "Hash Batches": 1, "Original Hash Batches": 1, "Peak Memory Usage": 9, "Workers": [], "Plans": [{"Node Type": "Seq Scan", "Parent Relationship": "Outer", "Parallel Aware": false, "Async Capable": false, "Relation Name": "info_type", "Alias": "it1", "Startup Cost": 0.0, "Total Cost": 2.41, "Plan Rows": 1, "Plan Width": 4, "Actual Rows": 1, "Actual Loops": 4, "Filter": "((info)::text = 'votes'::text)", "Rows Removed by Filter": 112, "Workers": []}]}]}, {"Node Type": "Hash", "Parent Relationship": "Inner", "Parallel Aware": true, "Async Capable": false, "Startup Cost": 17375.74, "Total Cost": 17375.74, "Plan Rows": 48, "Plan Width": 17, "Actual Rows": 82, "Actual Loops": 4, "Hash Buckets": 1024, "Original Hash Buckets": 1024, "Hash Batches": 1, "Original Hash Batches": 1, "Peak Memory Usage": 72, "Workers": [], "Plans": [{"Node Type": "Hash Join", "Parent Relationship": "Outer", "Parallel Aware": false, "Async Capable": false, "Join Type": "Inner", "Startup Cost": 626.46, "Total Cost": 17375.74, "Plan Rows": 48, "Plan Width": 17, "Actual Rows": 82, "Actual Loops": 4, "Inner Unique": false, "Hash Cond": "(mi_idx2.movie_id = ml.linked_movie_id)", "Workers": [], "Plans": [{"Node Type": "Hash Join", "Parent Relationship": "Outer", "Parallel Aware": false, "Async Capable": false, "Join Type": "Inner", "Startup Cost": 2.43, "Total Cost": 16505.03, "Plan Rows": 4377, "Plan Width": 9, "Actual Rows": 55, "Actual Loops": 4, "Inner Unique": true, "Hash Cond": "(mi_idx2.info_type_id = it2.id)", "Workers": [], "Plans": [{"Node Type": "Seq Scan", "Parent Relationship": "Outer", "Parallel Aware": true, "Async Capable": false, "Relation Name": "movie_info_idx", "Alias": "mi_idx2", "Startup Cost": 0.0, "Total Cost": 15155.68, "Plan Rows": 494562, "Plan Width": 13, "Actual Rows": 296767, "Actual Loops": 4, "Filter": "((info)::text <= '7.0'::text)", "Rows Removed by Filter": 48242, "Workers": []}, {"Node Type": "Hash", "Parent Relationship": "Inner", "Parallel Aware": false, "Async Capable": false, "Startup Cost": 2.41, "Total Cost": 2.41, "Plan Rows": 1, "Plan Width": 4, "Actual Rows": 1, "Actual Loops": 4, "Hash Buckets": 1024, "Original Hash Buckets": 1024, "Hash Batches": 1, "Original Hash Batches": 1, "Peak Memory Usage": 9, "Workers": [], "Plans": [{"Node Type": "Seq Scan", "Parent Relationship": "Outer", "Parallel Aware": false, "Async Capable": false, "Relation Name": "info_type", "Alias": "it2", "Startup Cost": 0.0, "Total Cost": 2.41, "Plan Rows": 1, "Plan Width": 4, "Actual Rows": 1, "Actual Loops": 4, "Filter": "((info)::text = 'top 250 rank'::text)", "Rows Removed by Filter": 112, "Workers": []}]}]}, {"Node Type": "Hash", "Parent Relationship": "Inner", "Parallel Aware": false, "Async Capable": false, "Startup Cost": 561.53, "Total Cost": 561.53, "Plan Rows": 5000, "Plan Width": 8, "Actual Rows": 7409, "Actual Loops": 2, "Hash Buckets": 8192, "Original Hash Buckets": 8192, "Hash Batches": 1, "Original Hash Batches": 1, "Peak Memory Usage": 354, "Workers": [], "Plans": [{"Node Type": "Hash Join", "Parent Relationship": "Outer", "Parallel Aware": false, "Async Capable": false, "Join Type": "Inner", "Startup Cost": 1.29, "Total Cost": 561.53, "Plan Rows": 5000, "Plan Width": 8, "Actual Rows": 7409, "Actual Loops": 2, "Inner Unique": true, "Hash Cond": "(ml.link_type_id = lt.id)", "Workers": [], "Plans": [{"Node Type": "Seq Scan", "Parent Relationship": "Outer", "Parallel Aware": false, "Async Capable": false, "Relation Name": "movie_link", "Alias": "ml", "Startup Cost": 0.0, "Total Cost": 462.97, "Plan Rows": 29997, "Plan Width": 12, "Actual Rows": 29997, "Actual Loops": 2, "Workers": []}, {"Node Type": "Hash", "Parent Relationship": "Inner", "Parallel Aware": false, "Async Capable": false, "Startup Cost": 1.25, "Total Cost": 1.25, "Plan Rows": 3, "Plan Width": 4, "Actual Rows": 2, "Actual Loops": 2, "Hash Buckets": 1024, "Original Hash Buckets": 1024, "Hash Batches": 1, "Original Hash Batches": 1, "Peak Memory Usage": 9, "Workers": [], "Plans": [{"Node Type": "Seq Scan", "Parent Relationship": "Outer", "Parallel Aware": false, "Async Capable": false, "Relation Name": "link_type", "Alias": "lt", "Startup Cost": 0.0, "Total Cost": 1.25, "Plan Rows": 3, "Plan Width": 4, "Actual Rows": 2, "Actual Loops": 2, "Filter": "((link)::text = ANY ('{\"featured in\",features,features}'::text[]))", "Rows Removed by Filter": 16, "Workers": []}]}]}]}]}]}]}, {"Node Type": "Index Scan", "Parent Relationship": "Inner", "Parallel Aware": false, "Async Capable": false, "Scan Direction": "Forward", "Index Name": "title_pkey", "Relation Name": "title", "Alias": "t1", "Startup Cost": 0.43, "Total Cost": 0.58, "Plan Rows": 1, "Plan Width": 25, "Actual Rows": 1, "Actual Loops": 120, "Index Cond": "(id = mi_idx1.movie_id)", "Rows Removed by Index Recheck": 0, "Workers": []}]}, {"Node Type": "Index Scan", "Parent Relationship": "Inner", "Parallel Aware": false, "Async Capable": false, "Scan Direction": "Forward", "Index Name": "kind_type_pkey", "Relation Name": "kind_type", "Alias": "kt1", "Startup Cost": 0.13, "Total Cost": 0.15, "Plan Rows": 1, "Plan Width": 4, "Actual Rows": 1, "Actual Loops": 120, "Index Cond": "(id = t1.kind_id)", "Rows Removed by Index Recheck": 0, "Filter": "((kind)::text = ANY ('{episode,movie}'::text[]))", "Rows Removed by Filter": 0, "Workers": []}]}]}]}, {"Node Type": "Index Scan", "Parent Relationship": "Inner", "Parallel Aware": false, "Async Capable": false, "Scan Direction": "Forward", "Index Name": "company_name_pkey", "Relation Name": "company_name", "Alias": "cn1", "Startup Cost": 0.42, "Total Cost": 0.45, "Plan Rows": 1, "Plan Width": 23, "Actual Rows": 0, "Actual Loops": 241, "Index Cond": "(id = mc1.company_id)", "Rows Removed by Index Recheck": 0, "Filter": "((country_code)::text = '[de]'::text)", "Rows Removed by Filter": 1, "Workers": []}]}]}]}]}, {"Node Type": "Index Scan", "Parent Relationship": "Inner", "Parallel Aware": false, "Async Capable": false, "Scan Direction": "Forward", "Index Name": "company_name_pkey", "Relation Name": "company_name", "Alias": "cn2", "Startup Cost": 0.42, "Total Cost": 0.44, "Plan Rows": 1, "Plan Width": 23, "Actual Rows": 1, "Actual Loops": 134, "Index Cond": "(id = mc2.company_id)", "Rows Removed by Index Recheck": 0}]}, {"Node Type": "Index Scan", "Parent Relationship": "Inner", "Parallel Aware": false, "Async Capable": false, "Scan Direction": "Forward", "Index Name": "title_pkey", "Relation Name": "title", "Alias": "t2", "Startup Cost": 0.43, "Total Cost": 0.52, "Plan Rows": 1, "Plan Width": 25, "Actual Rows": 1, "Actual Loops": 134, "Index Cond": "(id = mc2.movie_id)", "Rows Removed by Index Recheck": 0, "Filter": "(production_year <= 1992)", "Rows Removed by Filter": 0}]}, {"Node Type": "Index Scan", "Parent Relationship": "Inner", "Parallel Aware": false, "Async Capable": false, "Scan Direction": "Forward", "Index Name": "kind_type_pkey", "Relation Name": "kind_type", "Alias": "kt2", "Startup Cost": 0.13, "Total Cost": 0.15, "Plan Rows": 1, "Plan Width": 4, "Actual Rows": 1, "Actual Loops": 134, "Index Cond": "(id = t2.kind_id)", "Rows Removed by Index Recheck": 0, "Filter": "((kind)::text = 'movie'::text)", "Rows Removed by Filter": 0}]}]}, "Planning Time": 68.847, "Triggers": [], "Execution Time": 360.873}, {"Plan": {"Node Type": "Aggregate", "Strategy": "Plain", "Partial Mode": "Simple", "Parallel Aware": false, "Async Capable": false, "Startup Cost": 101227.63, "Total Cost": 101227.64, "Plan Rows": 1, "Plan Width": 192, "Actual Rows": 1, "Actual Loops": 1, "Plans": [{"Node Type": "Gather", "Parent Relationship": "Outer", "Parallel Aware": false, "Async Capable": false, "Startup Cost": 70671.48, "Total Cost": 101227.62, "Plan Rows": 1, "Plan Width": 82, "Actual Rows": 134, "Actual Loops": 1, "Workers Planned": 3, "Workers Launched": 3, "Single Copy": false, "Plans": [{"Node Type": "Hash Join", "Parent Relationship": "Outer", "Parallel Aware": true, "Async Capable": false, "Join Type": "Inner", "Startup Cost": 69671.48, "Total Cost": 100227.52, "Plan Rows": 1, "Plan Width": 82, "Actual Rows": 34, "Actual Loops": 4, "Inner Unique": false, "Hash Cond": "(mi_idx2.movie_id = t2.id)", "Workers": [], "Plans": [{"Node Type": "Hash Join", "Parent Relationship": "Outer", "Parallel Aware": true, "Async Capable": false, "Join Type": "Inner", "Startup Cost": 22710.0, "Total Cost": 53209.37, "Plan Rows": 15108, "Plan Width": 32, "Actual Rows": 1803, "Actual Loops": 4, "Inner Unique": true, "Hash Cond": "(mc2.company_id = cn2.id)", "Workers": [], "Plans": [{"Node Type": "Hash Join", "Parent Relationship": "Outer", "Parallel Aware": true, "Async Capable": false, "Join Type": "Inner", "Startup Cost": 16559.74, "Total Cost": 47019.45, "Plan Rows": 15108, "Plan Width": 17, "Actual Rows": 1803, "Actual Loops": 4, "Inner Unique": false, "Hash Cond": "(mc2.movie_id = mi_idx2.movie_id)", "Workers": [], "Plans": [{"Node Type": "Seq Scan", "Parent Relationship": "Outer", "Parallel Aware": true, "Async Capable": false, "Relation Name": "movie_companies", "Alias": "mc2", "Startup Cost": 0.0, "Total Cost": 27240.55, "Plan Rows": 841655, "Plan Width": 8, "Actual Rows": 652282, "Actual Loops": 4, "Workers": []}, {"Node Type": "Hash", "Parent Relationship": "Inner", "Parallel Aware": true, "Async Capable": false, "Startup Cost": 16505.03, "Total Cost": 16505.03, "Plan Rows": 4377, "Plan Width": 9, "Actual Rows": 55, "Actual Loops": 4, "Hash Buckets": 16384, "Original Hash Buckets": 16384, "Hash Batches": 1, "Original Hash Batches": 1, "Peak Memory Usage": 192, "Workers": [], "Plans": [{"Node Type": "Hash Join", "Parent Relationship": "Outer", "Parallel Aware": false, "Async Capable": false, "Join Type": "Inner", "Startup Cost": 2.43, "Total Cost": 16505.03, "Plan Rows": 4377, "Plan Width": 9, "Actual Rows": 55, "Actual Loops": 4, "Inner Unique": true, "Hash Cond": "(mi_idx2.info_type_id = it2.id)", "Workers": [], "Plans": [{"Node Type": "Seq Scan", "Parent Relationship": "Outer", "Parallel Aware": true, "Async Capable": false, "Relation Name": "movie_info_idx", "Alias": "mi_idx2", "Startup Cost": 0.0, "Total Cost": 15155.68, "Plan Rows": 494562, "Plan Width": 13, "Actual Rows": 296767, "Actual Loops": 4, "Filter": "((info)::text <= '7.0'::text)", "Rows Removed by Filter": 48242, "Workers": []}, {"Node Type": "Hash", "Parent Relationship": "Inner", "Parallel Aware": false, "Async Capable": false, "Startup Cost": 2.41, "Total Cost": 2.41, "Plan Rows": 1, "Plan Width": 4, "Actual Rows": 1, "Actual Loops": 4, "Hash Buckets": 1024, "Original Hash Buckets": 1024, "Hash Batches": 1, "Original Hash Batches": 1, "Peak Memory Usage": 9, "Workers": [], "Plans": [{"Node Type": "Seq Scan", "Parent Relationship": "Outer", "Parallel Aware": false, "Async Capable": false, "Relation Name": "info_type", "Alias": "it2", "Startup Cost": 0.0, "Total Cost": 2.41, "Plan Rows": 1, "Plan Width": 4, "Actual Rows": 1, "Actual Loops": 4, "Filter": "((info)::text = 'top 250 rank'::text)", "Rows Removed by Filter": 112, "Workers": []}]}]}]}]}, {"Node Type": "Hash", "Parent Relationship": "Inner", "Parallel Aware": true, "Async Capable": false, "Startup Cost": 4422.34, "Total Cost": 4422.34, "Plan Rows": 138234, "Plan Width": 23, "Actual Rows": 58749, "Actual Loops": 4, "Hash Buckets": 262144, "Original Hash Buckets": 262144, "Hash Batches": 1, "Original Hash Batches": 1, "Peak Memory Usage": 15616, "Workers": [], "Plans": [{"Node Type": "Seq Scan", "Parent Relationship": "Outer", "Parallel Aware": true, "Async Capable": false, "Relation Name": "company_name", "Alias": "cn2", "Startup Cost": 0.0, "Total Cost": 4422.34, "Plan Rows": 138234, "Plan Width": 23, "Actual Rows": 58749, "Actual Loops": 4, "Workers": []}]}]}, {"Node Type": "Hash", "Parent Relationship": "Inner", "Parallel Aware": true, "Async Capable": false, "Startup Cost": 46961.47, "Total Cost": 46961.47, "Plan Rows": 1, "Plan Width": 66, "Actual Rows": 8, "Actual Loops": 4, "Hash Buckets": 1024, "Original Hash Buckets": 1024, "Hash Batches": 1, "Original Hash Batches": 1, "Peak Memory Usage": 104, "Workers": [], "Plans": [{"Node Type": "Nested Loop", "Parent Relationship": "Outer", "Parallel Aware": false, "Async Capable": false, "Join Type": "Inner", "Startup Cost": 16532.01, "Total Cost": 46961.47, "Plan Rows": 1, "Plan Width": 66, "Actual Rows": 8, "Actual Loops": 4, "Inner Unique": true, "Workers": [], "Plans": [{"Node Type": "Nested Loop", "Parent Relationship": "Outer", "Parallel Aware": false, "Async Capable": false, "Join Type": "Inner", "Startup Cost": 16531.87, "Total Cost": 46961.3, "Plan Rows": 1, "Plan Width": 70, "Actual Rows": 16, "Actual Loops": 4, "Inner Unique": true, "Workers": [], "Plans": [{"Node Type": "Nested Loop", "Parent Relationship": "Outer", "Parallel Aware": false, "Async Capable": false, "Join Type": "Inner", "Startup Cost": 16531.44, "Total Cost": 46952.35, "Plan Rows": 2, "Plan Width": 45, "Actual Rows": 23, "Actual Loops": 4, "Inner Unique": true, "Workers": [], "Plans": [{"Node Type": "Hash Join", "Parent Relationship": "Outer", "Parallel Aware": true, "Async Capable": false, "Join Type": "Inner", "Startup Cost": 16531.02, "Total Cost": 46927.82, "Plan Rows": 55, "Plan Width": 30, "Actual Rows": 1214, "Actual Loops": 4, "Inner Unique": false, "Hash Cond": "(mc1.movie_id = t1.id)", "Workers": [], "Plans": [{"Node Type": "Seq Scan", "Parent Relationship": "Outer", "Parallel Aware": true, "Async Capable": false, "Relation Name": "movie_companies", "Alias": "mc1", "Startup Cost": 0.0, "Total Cost": 27240.55, "Plan Rows": 841655, "Plan Width": 8, "Actual Rows": 652282, "Actual Loops": 4, "Workers": []}, {"Node Type": "Hash", "Parent Relationship": "Inner", "Parallel Aware": true, "Async Capable": false, "Startup Cost": 16530.82, "Total Cost": 16530.82, "Plan Rows": 16, "Plan Width": 38, "Actual Rows": 515, "Actual Loops": 4, "Hash Buckets": 2048, "Original Hash Buckets": 1024, "Hash Batches": 1, "Original Hash Batches": 1, "Peak Memory Usage": 216, "Workers": [], "Plans": [{"Node Type": "Nested Loop", "Parent Relationship": "Outer", "Parallel Aware": false, "Async Capable": false, "Join Type": "Inner", "Startup Cost": 16469.21, "Total Cost": 16530.82, "Plan Rows": 16, "Plan Width": 38, "Actual Rows": 515, "Actual Loops": 4, "Inner Unique": true, "Workers": [], "Plans": [{"Node Type": "Nested Loop", "Parent Relationship": "Outer", "Parallel Aware": false, "Async Capable": false, "Join Type": "Inner", "Startup Cost": 16469.07, "Total Cost": 16528.42, "Plan Rows": 56, "Plan Width": 42, "Actual Rows": 947, "Actual Loops": 4, "Inner Unique": true, "Join Filter": "(t1.id = ml.movie_id)", "Rows Removed by Join Filter": 0, "Workers": [], "Plans": [{"Node Type": "Merge Join", "Parent Relationship": "Outer", "Parallel Aware": false, "Async Capable": false, "Join Type": "Inner", "Startup Cost": 16468.64, "Total Cost": 16495.35, "Plan Rows": 56, "Plan Width": 17, "Actual Rows": 947, "Actual Loops": 4, "Inner Unique": false, "Merge Cond": "(mi_idx1.movie_id = ml.movie_id)", "Workers": [], "Plans": [{"Node Type": "Sort", "Parent Relationship": "Outer", "Parallel Aware": false, "Async Capable": false, "Startup Cost": 15599.91, "Total Cost": 15612.63, "Plan Rows": 5089, "Plan Width": 9, "Actual Rows": 4708, "Actual Loops": 4, "Sort Key": ["mi_idx1.movie_id"], "Sort Method": "quicksort", "Sort Space Used": 11516, "Sort Space Type": "Memory", "Workers": [{"Worker Number": 0, "Sort Method": "quicksort", "Sort Space Used": 6330, "Sort Space Type": "Memory"}, {"Worker Number": 1, "Sort Method": "quicksort", "Sort Space Used": 6003, "Sort Space Type": "Memory"}, {"Worker Number": 2, "Sort Method": "quicksort", "Sort Space Used": 6047, "Sort Space Type": "Memory"}], "Plans": [{"Node Type": "Hash Join", "Parent Relationship": "Outer", "Parallel Aware": false, "Async Capable": false, "Join Type": "Inner", "Startup Cost": 2.43, "Total Cost": 15286.6, "Plan Rows": 5089, "Plan Width": 9, "Actual Rows": 114981, "Actual Loops": 4, "Inner Unique": true, "Hash Cond": "(mi_idx1.info_type_id = it1.id)", "Workers": [], "Plans": [{"Node Type": "Seq Scan", "Parent Relationship": "Outer", "Parallel Aware": true, "Async Capable": false, "Relation Name": "movie_info_idx", "Alias": "mi_idx1", "Startup Cost": 0.0, "Total Cost": 13718.15, "Plan Rows": 575015, "Plan Width": 13, "Actual Rows": 345009, "Actual Loops": 4, "Workers": []}, {"Node Type": "Hash", "Parent Relationship": "Inner", "Parallel Aware": false, "Async Capable": false, "Startup Cost": 2.41, "Total Cost": 2.41, "Plan Rows": 1, "Plan Width": 4, "Actual Rows": 1, "Actual Loops": 4, "Hash Buckets": 1024, "Original Hash Buckets": 1024, "Hash Batches": 1, "Original Hash Batches": 1, "Peak Memory Usage": 9, "Workers": [], "Plans": [{"Node Type": "Seq Scan", "Parent Relationship": "Outer", "Parallel Aware": false, "Async Capable": false, "Relation Name": "info_type", "Alias": "it1", "Startup Cost": 0.0, "Total Cost": 2.41, "Plan Rows": 1, "Plan Width": 4, "Actual Rows": 1, "Actual Loops": 4, "Filter": "((info)::text = 'votes'::text)", "Rows Removed by Filter": 112, "Workers": []}]}]}]}, {"Node Type": "Sort", "Parent Relationship": "Inner", "Parallel Aware": false, "Async Capable": false, "Startup Cost": 868.72, "Total Cost": 881.22, "Plan Rows": 5000, "Plan Width": 8, "Actual Rows": 7409, "Actual Loops": 4, "Sort Key": ["ml.movie_id"], "Sort Method": "quicksort", "Sort Space Used": 424, "Sort Space Type": "Memory", "Workers": [{"Worker Number": 0, "Sort Method": "quicksort", "Sort Space Used": 424, "Sort Space Type": "Memory"}, {"Worker Number": 1, "Sort Method": "quicksort", "Sort Space Used": 424, "Sort Space Type": "Memory"}, {"Worker Number": 2, "Sort Method": "quicksort", "Sort Space Used": 424, "Sort Space Type": "Memory"}], "Plans": [{"Node Type": "Hash Join", "Parent Relationship": "Outer", "Parallel Aware": false, "Async Capable": false, "Join Type": "Inner", "Startup Cost": 1.29, "Total Cost": 561.53, "Plan Rows": 5000, "Plan Width": 8, "Actual Rows": 7409, "Actual Loops": 4, "Inner Unique": true, "Hash Cond": "(ml.link_type_id = lt.id)", "Workers": [], "Plans": [{"Node Type": "Seq Scan", "Parent Relationship": "Outer", "Parallel Aware": false, "Async Capable": false, "Relation Name": "movie_link", "Alias": "ml", "Startup Cost": 0.0, "Total Cost": 462.97, "Plan Rows": 29997, "Plan Width": 12, "Actual Rows": 29997, "Actual Loops": 4, "Workers": []}, {"Node Type": "Hash", "Parent Relationship": "Inner", "Parallel Aware": false, "Async Capable": false, "Startup Cost": 1.25, "Total Cost": 1.25, "Plan Rows": 3, "Plan Width": 4, "Actual Rows": 2, "Actual Loops": 4, "Hash Buckets": 1024, "Original Hash Buckets": 1024, "Hash Batches": 1, "Original Hash Batches": 1, "Peak Memory Usage": 9, "Workers": [], "Plans": [{"Node Type": "Seq Scan", "Parent Relationship": "Outer", "Parallel Aware": false, "Async Capable": false, "Relation Name": "link_type", "Alias": "lt", "Startup Cost": 0.0, "Total Cost": 1.25, "Plan Rows": 3, "Plan Width": 4, "Actual Rows": 2, "Actual Loops": 4, "Filter": "((link)::text = ANY ('{\"featured in\",features,features}'::text[]))", "Rows Removed by Filter": 16, "Workers": []}]}]}]}]}, {"Node Type": "Index Scan", "Parent Relationship": "Inner", "Parallel Aware": false, "Async Capable": false, "Scan Direction": "Forward", "Index Name": "title_pkey", "Relation Name": "title", "Alias": "t1", "Startup Cost": 0.43, "Total Cost": 0.58, "Plan Rows": 1, "Plan Width": 25, "Actual Rows": 1, "Actual Loops": 3787, "Index Cond": "(id = mi_idx1.movie_id)", "Rows Removed by Index Recheck": 0, "Workers": []}]}, {"Node Type": "Memoize", "Parent Relationship": "Inner", "Parallel Aware": false, "Async Capable": false, "Startup Cost": 0.14, "Total Cost": 0.16, "Plan Rows": 1, "Plan Width": 4, "Actual Rows": 1, "Actual Loops": 3787, "Cache Key": "t1.kind_id", "Cache Mode": "logical", "Cache Hits": 3785, "Cache Misses": 2, "Cache Evictions": 0, "Cache Overflows": 0, "Peak Memory Usage": 1, "Workers": [], "Plans": [{"Node Type": "Index Scan", "Parent Relationship": "Outer", "Parallel Aware": false, "Async Capable": false, "Scan Direction": "Forward", "Index Name": "kind_type_pkey", "Relation Name": "kind_type", "Alias": "kt1", "Startup Cost": 0.13, "Total Cost": 0.15, "Plan Rows": 1, "Plan Width": 4, "Actual Rows": 0, "Actual Loops": 2, "Index Cond": "(id = t1.kind_id)", "Rows Removed by Index Recheck": 0, "Filter": "((kind)::text = ANY ('{episode,movie}'::text[]))", "Rows Removed by Filter": 0, "Workers": []}]}]}]}]}, {"Node Type": "Index Scan", "Parent Relationship": "Inner", "Parallel Aware": false, "Async Capable": false, "Scan Direction": "Forward", "Index Name": "company_name_pkey", "Relation Name": "company_name", "Alias": "cn1", "Startup Cost": 0.42, "Total Cost": 0.45, "Plan Rows": 1, "Plan Width": 23, "Actual Rows": 0, "Actual Loops": 4858, "Index Cond": "(id = mc1.company_id)", "Rows Removed by Index Recheck": 0, "Filter": "((country_code)::text = '[de]'::text)", "Rows Removed by Filter": 1, "Workers": []}]}, {"Node Type": "Index Scan", "Parent Relationship": "Inner", "Parallel Aware": false, "Async Capable": false, "Scan Direction": "Forward", "Index Name": "title_pkey", "Relation Name": "title", "Alias": "t2", "Startup Cost": 0.43, "Total Cost": 4.47, "Plan Rows": 1, "Plan Width": 25, "Actual Rows": 1, "Actual Loops": 93, "Index Cond": "(id = ml.linked_movie_id)", "Rows Removed by Index Recheck": 0, "Filter": "(production_year <= 1992)", "Rows Removed by Filter": 0, "Workers": []}]}, {"Node Type": "Memoize", "Parent Relationship": "Inner", "Parallel Aware": false, "Async Capable": false, "Startup Cost": 0.14, "Total Cost": 0.16, "Plan Rows": 1, "Plan Width": 4, "Actual Rows": 1, "Actual Loops": 62, "Cache Key": "t2.kind_id", "Cache Mode": "logical", "Cache Hits": 44, "Cache Misses": 4, "Cache Evictions": 0, "Cache Overflows": 0, "Peak Memory Usage": 1, "Workers": [{"Worker Number": 0, "Cache Hits": 3, "Cache Misses": 2, "Cache Evictions": 0, "Cache Overflows": 0, "Peak Memory Usage": 1}, {"Worker Number": 1, "Cache Hits": 3, "Cache Misses": 1, "Cache Evictions": 0, "Cache Overflows": 0, "Peak Memory Usage": 1}, {"Worker Number": 2, "Cache Hits": 2, "Cache Misses": 3, "Cache Evictions": 0, "Cache Overflows": 0, "Peak Memory Usage": 1}], "Plans": [{"Node Type": "Index Scan", "Parent Relationship": "Outer", "Parallel Aware": false, "Async Capable": false, "Scan Direction": "Forward", "Index Name": "kind_type_pkey", "Relation Name": "kind_type", "Alias": "kt2", "Startup Cost": 0.13, "Total Cost": 0.15, "Plan Rows": 1, "Plan Width": 4, "Actual Rows": 0, "Actual Loops": 10, "Index Cond": "(id = t2.kind_id)", "Rows Removed by Index Recheck": 0, "Filter": "((kind)::text = 'movie'::text)", "Rows Removed by Filter": 1, "Workers": []}]}]}]}]}]}]}, "Planning Time": 67.591, "Triggers": [], "Execution Time": 460.197}, {"Plan": {"Node Type": "Aggregate", "Strategy": "Plain", "Partial Mode": "Simple", "Parallel Aware": false, "Async Capable": false, "Startup Cost": 107258.18, "Total Cost": 107258.19, "Plan Rows": 1, "Plan Width": 192, "Actual Rows": 1, "Actual Loops": 1, "Plans": [{"Node Type": "Merge Join", "Parent Relationship": "Outer", "Parallel Aware": false, "Async Capable": false, "Join Type": "Inner", "Startup Cost": 94509.75, "Total Cost": 107258.17, "Plan Rows": 1, "Plan Width": 82, "Actual Rows": 134, "Actual Loops": 1, "Inner Unique": false, "Merge Cond": "(t1.id = ml.movie_id)", "Plans": [{"Node Type": "Nested Loop", "Parent Relationship": "Outer", "Parallel Aware": false, "Async Capable": false, "Join Type": "Inner", "Startup Cost": 0.57, "Total Cost": 171771.59, "Plan Rows": 722375, "Plan Width": 21, "Actual Rows": 145684, "Actual Loops": 1, "Inner Unique": true, "Plans": [{"Node Type": "Index Scan", "Parent Relationship": "Outer", "Parallel Aware": false, "Async Capable": false, "Scan Direction": "Forward", "Index Name": "title_pkey", "Relation Name": "title", "Alias": "t1", "Startup Cost": 0.43, "Total Cost": 110368.67, "Plan Rows": 2528312, "Plan Width": 25, "Actual Rows": 154384, "Actual Loops": 1}, {"Node Type": "Memoize", "Parent Relationship": "Inner", "Parallel Aware": false, "Async Capable": false, "Startup Cost": 0.14, "Total Cost": 0.16, "Plan Rows": 1, "Plan Width": 4, "Actual Rows": 1, "Actual Loops": 154384, "Cache Key": "t1.kind_id", "Cache Mode": "logical", "Cache Hits": 154382, "Cache Misses": 2, "Cache Evictions": 0, "Cache Overflows": 0, "Peak Memory Usage": 1, "Plans": [{"Node Type": "Index Scan", "Parent Relationship": "Outer", "Parallel Aware": false, "Async Capable": false, "Scan Direction": "Forward", "Index Name": "kind_type_pkey", "Relation Name": "kind_type", "Alias": "kt1", "Startup Cost": 0.13, "Total Cost": 0.15, "Plan Rows": 1, "Plan Width": 4, "Actual Rows": 0, "Actual Loops": 2, "Index Cond": "(id = t1.kind_id)", "Rows Removed by Index Recheck": 0, "Filter": "((kind)::text = ANY ('{episode,movie}'::text[]))", "Rows Removed by Filter": 0}]}]}, {"Node Type": "Sort", "Parent Relationship": "Inner", "Parallel Aware": false, "Async Capable": false, "Startup Cost": 94509.18, "Total Cost": 94509.18, "Plan Rows": 1, "Plan Width": 77, "Actual Rows": 134, "Actual Loops": 1, "Sort Key": ["mc1.movie_id"], "Sort Method": "quicksort", "Sort Space Used": 38, "Sort Space Type": "Memory", "Plans": [{"Node Type": "Nested Loop", "Parent Relationship": "Outer", "Parallel Aware": false, "Async Capable": false, "Join Type": "Inner", "Startup Cost": 64112.28, "Total Cost": 94509.17, "Plan Rows": 1, "Plan Width": 77, "Actual Rows": 134, "Actual Loops": 1, "Inner Unique": true, "Plans": [{"Node Type": "Gather", "Parent Relationship": "Outer", "Parallel Aware": false, "Async Capable": false, "Startup Cost": 64111.86, "Total Cost": 94508.73, "Plan Rows": 1, "Plan Width": 62, "Actual Rows": 134, "Actual Loops": 1, "Workers Planned": 3, "Workers Launched": 3, "Single Copy": false, "Plans": [{"Node Type": "Hash Join", "Parent Relationship": "Outer", "Parallel Aware": true, "Async Capable": false, "Join Type": "Inner", "Startup Cost": 63111.86, "Total Cost": 93508.63, "Plan Rows": 1, "Plan Width": 62, "Actual Rows": 34, "Actual Loops": 4, "Inner Unique": false, "Hash Cond": "(mc2.movie_id = t2.id)", "Workers": [], "Plans": [{"Node Type": "Seq Scan", "Parent Relationship": "Outer", "Parallel Aware": true, "Async Capable": false, "Relation Name": "movie_companies", "Alias": "mc2", "Startup Cost": 0.0, "Total Cost": 27240.55, "Plan Rows": 841655, "Plan Width": 8, "Actual Rows": 652282, "Actual Loops": 4, "Workers": []}, {"Node Type": "Hash", "Parent Relationship": "Inner", "Parallel Aware": true, "Async Capable": false, "Startup Cost": 63111.85, "Total Cost": 63111.85, "Plan Rows": 1, "Plan Width": 70, "Actual Rows": 1, "Actual Loops": 4, "Hash Buckets": 1024, "Original Hash Buckets": 1024, "Hash Batches": 1, "Original Hash Batches": 1, "Peak Memory Usage": 104, "Workers": [], "Plans": [{"Node Type": "Nested Loop", "Parent Relationship": "Outer", "Parallel Aware": false, "Async Capable": false, "Join Type": "Inner", "Startup Cost": 32715.03, "Total Cost": 63111.85, "Plan Rows": 1, "Plan Width": 70, "Actual Rows": 1, "Actual Loops": 4, "Inner Unique": true, "Workers": [], "Plans": [{"Node Type": "Nested Loop", "Parent Relationship": "Outer", "Parallel Aware": false, "Async Capable": false, "Join Type": "Inner", "Startup Cost": 32714.61, "Total Cost": 63111.41, "Plan Rows": 1, "Plan Width": 55, "Actual Rows": 59, "Actual Loops": 4, "Inner Unique": true, "Workers": [], "Plans": [{"Node Type": "Hash Join", "Parent Relationship": "Outer", "Parallel Aware": true, "Async Capable": false, "Join Type": "Inner", "Startup Cost": 32714.47, "Total Cost": 63111.23, "Plan Rows": 1, "Plan Width": 59, "Actual Rows": 59, "Actual Loops": 4, "Inner Unique": false, "Hash Cond": "(mc1.movie_id = ml.movie_id)", "Workers": [], "Plans": [{"Node Type": "Seq Scan", "Parent Relationship": "Outer", "Parallel Aware": true, "Async Capable": false, "Relation Name": "movie_companies", "Alias": "mc1", "Startup Cost": 0.0, "Total Cost": 27240.55, "Plan Rows": 841655, "Plan Width": 8, "Actual Rows": 652282, "Actual Loops": 4, "Workers": []}, {"Node Type": "Hash", "Parent Relationship": "Inner", "Parallel Aware": true, "Async Capable": false, "Startup Cost": 32714.46, "Total Cost": 32714.46, "Plan Rows": 1, "Plan Width": 51, "Actual Rows": 26, "Actual Loops": 4, "Hash Buckets": 1024, "Original Hash Buckets": 1024, "Hash Batches": 1, "Original Hash Batches": 1, "Peak Memory Usage": 136, "Workers": [], "Plans": [{"Node Type": "Nested Loop", "Parent Relationship": "Outer", "Parallel Aware": false, "Async Capable": false, "Join Type": "Inner", "Startup Cost": 17379.2, "Total Cost": 32714.46, "Plan Rows": 1, "Plan Width": 51, "Actual Rows": 26, "Actual Loops": 4, "Inner Unique": true, "Join Filter": "(t2.id = ml.linked_movie_id)", "Rows Removed by Join Filter": 0, "Workers": [], "Plans": [{"Node Type": "Hash Join", "Parent Relationship": "Outer", "Parallel Aware": true, "Async Capable": false, "Join Type": "Inner", "Startup Cost": 17378.77, "Total Cost": 32713.84, "Plan Rows": 1, "Plan Width": 26, "Actual Rows": 30, "Actual Loops": 4, "Inner Unique": false, "Hash Cond": "(mi_idx1.movie_id = ml.movie_id)", "Workers": [], "Plans": [{"Node Type": "Hash Join", "Parent Relationship": "Outer", "Parallel Aware": false, "Async Capable": false, "Join Type": "Inner", "Startup Cost": 2.43, "Total Cost": 15286.6, "Plan Rows": 5089, "Plan Width": 9, "Actual Rows": 114981, "Actual Loops": 4, "Inner Unique": true, "Hash Cond": "(mi_idx1.info_type_id = it1.id)", "Workers": [], "Plans": [{"Node Type": "Seq Scan", "Parent Relationship": "Outer", "Parallel Aware": true, "Async Capable": false, "Relation Name": "movie_info_idx", "Alias": "mi_idx1", "Startup Cost": 0.0, "Total Cost": 13718.15, "Plan Rows": 575015, "Plan Width": 13, "Actual Rows": 345009, "Actual Loops": 4, "Workers": []}, {"Node Type": "Hash", "Parent Relationship": "Inner", "Parallel Aware": false, "Async Capable": false, "Startup Cost": 2.41, "Total Cost": 2.41, "Plan Rows": 1, "Plan Width": 4, "Actual Rows": 1, "Actual Loops": 4, "Hash Buckets": 1024, "Original Hash Buckets": 1024, "Hash Batches": 1, "Original Hash Batches": 1, "Peak Memory Usage": 9, "Workers": [], "Plans": [{"Node Type": "Seq Scan", "Parent Relationship": "Outer", "Parallel Aware": false, "Async Capable": false, "Relation Name": "info_type", "Alias": "it1", "Startup Cost": 0.0, "Total Cost": 2.41, "Plan Rows": 1, "Plan Width": 4, "Actual Rows": 1, "Actual Loops": 4, "Filter": "((info)::text = 'votes'::text)", "Rows Removed by Filter": 112, "Workers": []}]}]}, {"Node Type": "Hash", "Parent Relationship": "Inner", "Parallel Aware": true, "Async Capable": false, "Startup Cost": 17375.74, "Total Cost": 17375.74, "Plan Rows": 48, "Plan Width": 17, "Actual Rows": 82, "Actual Loops": 4, "Hash Buckets": 1024, "Original Hash Buckets": 1024, "Hash Batches": 1, "Original Hash Batches": 1, "Peak Memory Usage": 72, "Workers": [], "Plans": [{"Node Type": "Hash Join", "Parent Relationship": "Outer", "Parallel Aware": false, "Async Capable": false, "Join Type": "Inner", "Startup Cost": 626.46, "Total Cost": 17375.74, "Plan Rows": 48, "Plan Width": 17, "Actual Rows": 82, "Actual Loops": 4, "Inner Unique": false, "Hash Cond": "(mi_idx2.movie_id = ml.linked_movie_id)", "Workers": [], "Plans": [{"Node Type": "Hash Join", "Parent Relationship": "Outer", "Parallel Aware": false, "Async Capable": false, "Join Type": "Inner", "Startup Cost": 2.43, "Total Cost": 16505.03, "Plan Rows": 4377, "Plan Width": 9, "Actual Rows": 55, "Actual Loops": 4, "Inner Unique": true, "Hash Cond": "(mi_idx2.info_type_id = it2.id)", "Workers": [], "Plans": [{"Node Type": "Seq Scan", "Parent Relationship": "Outer", "Parallel Aware": true, "Async Capable": false, "Relation Name": "movie_info_idx", "Alias": "mi_idx2", "Startup Cost": 0.0, "Total Cost": 15155.68, "Plan Rows": 494562, "Plan Width": 13, "Actual Rows": 296767, "Actual Loops": 4, "Filter": "((info)::text <= '7.0'::text)", "Rows Removed by Filter": 48242, "Workers": []}, {"Node Type": "Hash", "Parent Relationship": "Inner", "Parallel Aware": false, "Async Capable": false, "Startup Cost": 2.41, "Total Cost": 2.41, "Plan Rows": 1, "Plan Width": 4, "Actual Rows": 1, "Actual Loops": 4, "Hash Buckets": 1024, "Original Hash Buckets": 1024, "Hash Batches": 1, "Original Hash Batches": 1, "Peak Memory Usage": 9, "Workers": [], "Plans": [{"Node Type": "Seq Scan", "Parent Relationship": "Outer", "Parallel Aware": false, "Async Capable": false, "Relation Name": "info_type", "Alias": "it2", "Startup Cost": 0.0, "Total Cost": 2.41, "Plan Rows": 1, "Plan Width": 4, "Actual Rows": 1, "Actual Loops": 4, "Filter": "((info)::text = 'top 250 rank'::text)", "Rows Removed by Filter": 112, "Workers": []}]}]}, {"Node Type": "Hash", "Parent Relationship": "Inner", "Parallel Aware": false, "Async Capable": false, "Startup Cost": 561.53, "Total Cost": 561.53, "Plan Rows": 5000, "Plan Width": 8, "Actual Rows": 7409, "Actual Loops": 2, "Hash Buckets": 8192, "Original Hash Buckets": 8192, "Hash Batches": 1, "Original Hash Batches": 1, "Peak Memory Usage": 354, "Workers": [], "Plans": [{"Node Type": "Hash Join", "Parent Relationship": "Outer", "Parallel Aware": false, "Async Capable": false, "Join Type": "Inner", "Startup Cost": 1.29, "Total Cost": 561.53, "Plan Rows": 5000, "Plan Width": 8, "Actual Rows": 7409, "Actual Loops": 2, "Inner Unique": true, "Hash Cond": "(ml.link_type_id = lt.id)", "Workers": [], "Plans": [{"Node Type": "Seq Scan", "Parent Relationship": "Outer", "Parallel Aware": false, "Async Capable": false, "Relation Name": "movie_link", "Alias": "ml", "Startup Cost": 0.0, "Total Cost": 462.97, "Plan Rows": 29997, "Plan Width": 12, "Actual Rows": 29997, "Actual Loops": 2, "Workers": []}, {"Node Type": "Hash", "Parent Relationship": "Inner", "Parallel Aware": false, "Async Capable": false, "Startup Cost": 1.25, "Total Cost": 1.25, "Plan Rows": 3, "Plan Width": 4, "Actual Rows": 2, "Actual Loops": 2, "Hash Buckets": 1024, "Original Hash Buckets": 1024, "Hash Batches": 1, "Original Hash Batches": 1, "Peak Memory Usage": 9, "Workers": [], "Plans": [{"Node Type": "Seq Scan", "Parent Relationship": "Outer", "Parallel Aware": false, "Async Capable": false, "Relation Name": "link_type", "Alias": "lt", "Startup Cost": 0.0, "Total Cost": 1.25, "Plan Rows": 3, "Plan Width": 4, "Actual Rows": 2, "Actual Loops": 2, "Filter": "((link)::text = ANY ('{\"featured in\",features,features}'::text[]))", "Rows Removed by Filter": 16, "Workers": []}]}]}]}]}]}]}, {"Node Type": "Index Scan", "Parent Relationship": "Inner", "Parallel Aware": false, "Async Capable": false, "Scan Direction": "Forward", "Index Name": "title_pkey", "Relation Name": "title", "Alias": "t2", "Startup Cost": 0.43, "Total Cost": 0.6, "Plan Rows": 1, "Plan Width": 25, "Actual Rows": 1, "Actual Loops": 120, "Index Cond": "(id = mi_idx2.movie_id)", "Rows Removed by Index Recheck": 0, "Filter": "(production_year <= 1992)", "Rows Removed by Filter": 0, "Workers": []}]}]}]}, {"Node Type": "Memoize", "Parent Relationship": "Inner", "Parallel Aware": false, "Async Capable": false, "Startup Cost": 0.14, "Total Cost": 0.16, "Plan Rows": 1, "Plan Width": 4, "Actual Rows": 1, "Actual Loops": 237, "Cache Key": "t2.kind_id", "Cache Mode": "logical", "Cache Hits": 185, "Cache Misses": 1, "Cache Evictions": 0, "Cache Overflows": 0, "Peak Memory Usage": 1, "Workers": [{"Worker Number": 0, "Cache Hits": 9, "Cache Misses": 1, "Cache Evictions": 0, "Cache Overflows": 0, "Peak Memory Usage": 1}, {"Worker Number": 1, "Cache Hits": 32, "Cache Misses": 1, "Cache Evictions": 0, "Cache Overflows": 0, "Peak Memory Usage": 1}, {"Worker Number": 2, "Cache Hits": 7, "Cache Misses": 1, "Cache Evictions": 0, "Cache Overflows": 0, "Peak Memory Usage": 1}], "Plans": [{"Node Type": "Index Scan", "Parent Relationship": "Outer", "Parallel Aware": false, "Async Capable": false, "Scan Direction": "Forward", "Index Name": "kind_type_pkey", "Relation Name": "kind_type", "Alias": "kt2", "Startup Cost": 0.13, "Total Cost": 0.15, "Plan Rows": 1, "Plan Width": 4, "Actual Rows": 1, "Actual Loops": 4, "Index Cond": "(id = t2.kind_id)", "Rows Removed by Index Recheck": 0, "Filter": "((kind)::text = 'movie'::text)", "Rows Removed by Filter": 0, "Workers": []}]}]}, {"Node Type": "Index Scan", "Parent Relationship": "Inner", "Parallel Aware": false, "Async Capable": false, "Scan Direction": "Forward", "Index Name": "company_name_pkey", "Relation Name": "company_name", "Alias": "cn1", "Startup Cost": 0.42, "Total Cost": 0.45, "Plan Rows": 1, "Plan Width": 23, "Actual Rows": 0, "Actual Loops": 237, "Index Cond": "(id = mc1.company_id)", "Rows Removed by Index Recheck": 0, "Filter": "((country_code)::text = '[de]'::text)", "Rows Removed by Filter": 1, "Workers": []}]}]}]}]}, {"Node Type": "Index Scan", "Parent Relationship": "Inner", "Parallel Aware": false, "Async Capable": false, "Scan Direction": "Forward", "Index Name": "company_name_pkey", "Relation Name": "company_name", "Alias": "cn2", "Startup Cost": 0.42, "Total Cost": 0.44, "Plan Rows": 1, "Plan Width": 23, "Actual Rows": 1, "Actual Loops": 134, "Index Cond": "(id = mc2.company_id)", "Rows Removed by Index Recheck": 0}]}]}]}]}, "Planning Time": 68.23, "Triggers": [], "Execution Time": 680.785}, {"Plan": {"Node Type": "Aggregate", "Strategy": "Plain", "Partial Mode": "Simple", "Parallel Aware": false, "Async Capable": false, "Startup Cost": 97459.54, "Total Cost": 97459.55, "Plan Rows": 1, "Plan Width": 192, "Actual Rows": 1, "Actual Loops": 1, "Plans": [{"Node Type": "Gather", "Parent Relationship": "Outer", "Parallel Aware": false, "Async Capable": false, "Startup Cost": 79207.51, "Total Cost": 97459.52, "Plan Rows": 1, "Plan Width": 82, "Actual Rows": 134, "Actual Loops": 1, "Workers Planned": 2, "Workers Launched": 2, "Single Copy": false, "Plans": [{"Node Type": "Hash Join", "Parent Relationship": "Outer", "Parallel Aware": true, "Async Capable": false, "Join Type": "Inner", "Startup Cost": 78207.51, "Total Cost": 96459.42, "Plan Rows": 1, "Plan Width": 82, "Actual Rows": 45, "Actual Loops": 3, "Inner Unique": false, "Hash Cond": "(t1.id = ml.movie_id)", "Workers": [], "Plans": [{"Node Type": "Hash Join", "Parent Relationship": "Outer", "Parallel Aware": false, "Async Capable": false, "Join Type": "Inner", "Startup Cost": 3.97, "Total Cost": 18250.41, "Plan Rows": 1454, "Plan Width": 30, "Actual Rows": 117262, "Actual Loops": 3, "Inner Unique": true, "Hash Cond": "(t1.kind_id = kt1.id)", "Workers": [], "Plans": [{"Node Type": "Nested Loop", "Parent Relationship": "Outer", "Parallel Aware": false, "Async Capable": false, "Join Type": "Inner", "Startup Cost": 2.86, "Total Cost": 18227.86, "Plan Rows": 5089, "Plan Width": 34, "Actual Rows": 153308, "Actual Loops": 3, "Inner Unique": true, "Workers": [], "Plans": [{"Node Type": "Hash Join", "Parent Relationship": "Outer", "Parallel Aware": false, "Async Capable": false, "Join Type": "Inner", "Startup Cost": 2.43, "Total Cost": 15286.6, "Plan Rows": 5089, "Plan Width": 9, "Actual Rows": 153308, "Actual Loops": 3, "Inner Unique": true, "Hash Cond": "(mi_idx1.info_type_id = it1.id)", "Workers": [], "Plans": [{"Node Type": "Seq Scan", "Parent Relationship": "Outer", "Parallel Aware": true, "Async Capable": false, "Relation Name": "movie_info_idx", "Alias": "mi_idx1", "Startup Cost": 0.0, "Total Cost": 13718.15, "Plan Rows": 575015, "Plan Width": 13, "Actual Rows": 460012, "Actual Loops": 3, "Workers": []}, {"Node Type": "Hash", "Parent Relationship": "Inner", "Parallel Aware": false, "Async Capable": false, "Startup Cost": 2.41, "Total Cost": 2.41, "Plan Rows": 1, "Plan Width": 4, "Actual Rows": 1, "Actual Loops": 3, "Hash Buckets": 1024, "Original Hash Buckets": 1024, "Hash Batches": 1, "Original Hash Batches": 1, "Peak Memory Usage": 9, "Workers": [], "Plans": [{"Node Type": "Seq Scan", "Parent Relationship": "Outer", "Parallel Aware": false, "Async Capable": false, "Relation Name": "info_type", "Alias": "it1", "Startup Cost": 0.0, "Total Cost": 2.41, "Plan Rows": 1, "Plan Width": 4, "Actual Rows": 1, "Actual Loops": 3, "Filter": "((info)::text = 'votes'::text)", "Rows Removed by Filter": 112, "Workers": []}]}]}, {"Node Type": "Index Scan", "Parent Relationship": "Inner", "Parallel Aware": false, "Async Capable": false, "Scan Direction": "Forward", "Index Name": "title_pkey", "Relation Name": "title", "Alias": "t1", "Startup Cost": 0.43, "Total Cost": 0.58, "Plan Rows": 1, "Plan Width": 25, "Actual Rows": 1, "Actual Loops": 459925, "Index Cond": "(id = mi_idx1.movie_id)", "Rows Removed by Index Recheck": 0, "Workers": []}]}, {"Node Type": "Hash", "Parent Relationship": "Inner", "Parallel Aware": false, "Async Capable": false, "Startup Cost": 1.09, "Total Cost": 1.09, "Plan Rows": 2, "Plan Width": 4, "Actual Rows": 2, "Actual Loops": 3, "Hash Buckets": 1024, "Original Hash Buckets": 1024, "Hash Batches": 1, "Original Hash Batches": 1, "Peak Memory Usage": 9, "Workers": [], "Plans": [{"Node Type": "Seq Scan", "Parent Relationship": "Outer", "Parallel Aware": false, "Async Capable": false, "Relation Name": "kind_type", "Alias": "kt1", "Startup Cost": 0.0, "Total Cost": 1.09, "Plan Rows": 2, "Plan Width": 4, "Actual Rows": 2, "Actual Loops": 3, "Filter": "((kind)::text = ANY ('{episode,movie}'::text[]))", "Rows Removed by Filter": 5, "Workers": []}]}]}, {"Node Type": "Hash", "Parent Relationship": "Inner", "Parallel Aware": true, "Async Capable": false, "Startup Cost": 78203.53, "Total Cost": 78203.53, "Plan Rows": 1, "Plan Width": 68, "Actual Rows": 45, "Actual Loops": 3, "Hash Buckets": 1024, "Original Hash Buckets": 1024, "Hash Batches": 1, "Original Hash Batches": 1, "Peak Memory Usage": 104, "Workers": [], "Plans": [{"Node Type": "Nested Loop", "Parent Relationship": "Outer", "Parallel Aware": false, "Async Capable": false, "Join Type": "Inner", "Startup Cost": 47806.75, "Total Cost": 78203.53, "Plan Rows": 1, "Plan Width": 68, "Actual Rows": 45, "Actual Loops": 3, "Inner Unique": true, "Workers": [], "Plans": [{"Node Type": "Hash Join", "Parent Relationship": "Outer", "Parallel Aware": true, "Async Capable": false, "Join Type": "Inner", "Startup Cost": 47806.33, "Total Cost": 78203.09, "Plan Rows": 1, "Plan Width": 53, "Actual Rows": 45, "Actual Loops": 3, "Inner Unique": false, "Hash Cond": "(mc2.movie_id = t2.id)", "Workers": [], "Plans": [{"Node Type": "Seq Scan", "Parent Relationship": "Outer", "Parallel Aware": true, "Async Capable": false, "Relation Name": "movie_companies", "Alias": "mc2", "Startup Cost": 0.0, "Total Cost": 27240.55, "Plan Rows": 841655, "Plan Width": 8, "Actual Rows": 869710, "Actual Loops": 3, "Workers": []}, {"Node Type": "Hash", "Parent Relationship": "Inner", "Parallel Aware": true, "Async Capable": false, "Startup Cost": 47806.31, "Total Cost": 47806.31, "Plan Rows": 1, "Plan Width": 61, "Actual Rows": 1, "Actual Loops": 3, "Hash Buckets": 1024, "Original Hash Buckets": 1024, "Hash Batches": 1, "Original Hash Batches": 1, "Peak Memory Usage": 40, "Workers": [], "Plans": [{"Node Type": "Nested Loop", "Parent Relationship": "Outer", "Parallel Aware": false, "Async Capable": false, "Join Type": "Inner", "Startup Cost": 17406.83, "Total Cost": 47806.31, "Plan Rows": 1, "Plan Width": 61, "Actual Rows": 1, "Actual Loops": 3, "Inner Unique": true, "Workers": [], "Plans": [{"Node Type": "Hash Join", "Parent Relationship": "Outer", "Parallel Aware": true, "Async Capable": false, "Join Type": "Inner", "Startup Cost": 17406.41, "Total Cost": 47803.19, "Plan Rows": 7, "Plan Width": 46, "Actual Rows": 88, "Actual Loops": 3, "Inner Unique": false, "Hash Cond": "(mc1.movie_id = ml.movie_id)", "Workers": [], "Plans": [{"Node Type": "Seq Scan", "Parent Relationship": "Outer", "Parallel Aware": true, "Async Capable": false, "Relation Name": "movie_companies", "Alias": "mc1", "Startup Cost": 0.0, "Total Cost": 27240.55, "Plan Rows": 841655, "Plan Width": 8, "Actual Rows": 869710, "Actual Loops": 3, "Workers": []}, {"Node Type": "Hash", "Parent Relationship": "Inner", "Parallel Aware": true, "Async Capable": false, "Startup Cost": 17406.38, "Total Cost": 17406.38, "Plan Rows": 2, "Plan Width": 38, "Actual Rows": 79, "Actual Loops": 3, "Hash Buckets": 1024, "Original Hash Buckets": 1024, "Hash Batches": 1, "Original Hash Batches": 1, "Peak Memory Usage": 72, "Workers": [], "Plans": [{"Node Type": "Hash Join", "Parent Relationship": "Outer", "Parallel Aware": false, "Async Capable": false, "Join Type": "Inner", "Startup Cost": 627.99, "Total Cost": 17406.38, "Plan Rows": 2, "Plan Width": 38, "Actual Rows": 79, "Actual Loops": 3, "Inner Unique": true, "Hash Cond": "(t2.kind_id = kt2.id)", "Workers": [], "Plans": [{"Node Type": "Nested Loop", "Parent Relationship": "Outer", "Parallel Aware": false, "Async Capable": false, "Join Type": "Inner", "Startup Cost": 626.89, "Total Cost": 17405.23, "Plan Rows": 14, "Plan Width": 42, "Actual Rows": 79, "Actual Loops": 3, "Inner Unique": true, "Join Filter": "(t2.id = ml.linked_movie_id)", "Rows Removed by Join Filter": 0, "Workers": [], "Plans": [{"Node Type": "Hash Join", "Parent Relationship": "Outer", "Parallel Aware": false, "Async Capable": false, "Join Type": "Inner", "Startup Cost": 626.46, "Total Cost": 17375.74, "Plan Rows": 48, "Plan Width": 17, "Actual Rows": 110, "Actual Loops": 3, "Inner Unique": false, "Hash Cond": "(mi_idx2.movie_id = ml.linked_movie_id)", "Workers": [], "Plans": [{"Node Type": "Hash Join", "Parent Relationship": "Outer", "Parallel Aware": false, "Async Capable": false, "Join Type": "Inner", "Startup Cost": 2.43, "Total Cost": 16505.03, "Plan Rows": 4377, "Plan Width": 9, "Actual Rows": 73, "Actual Loops": 3, "Inner Unique": true, "Hash Cond": "(mi_idx2.info_type_id = it2.id)", "Workers": [], "Plans": [{"Node Type": "Seq Scan", "Parent Relationship": "Outer", "Parallel Aware": true, "Async Capable": false, "Relation Name": "movie_info_idx", "Alias": "mi_idx2", "Startup Cost": 0.0, "Total Cost": 15155.68, "Plan Rows": 494562, "Plan Width": 13, "Actual Rows": 395689, "Actual Loops": 3, "Filter": "((info)::text <= '7.0'::text)", "Rows Removed by Filter": 64322, "Workers": []}, {"Node Type": "Hash", "Parent Relationship": "Inner", "Parallel Aware": false, "Async Capable": false, "Startup Cost": 2.41, "Total Cost": 2.41, "Plan Rows": 1, "Plan Width": 4, "Actual Rows": 1, "Actual Loops": 3, "Hash Buckets": 1024, "Original Hash Buckets": 1024, "Hash Batches": 1, "Original Hash Batches": 1, "Peak Memory Usage": 9, "Workers": [], "Plans": [{"Node Type": "Seq Scan", "Parent Relationship": "Outer", "Parallel Aware": false, "Async Capable": false, "Relation Name": "info_type", "Alias": "it2", "Startup Cost": 0.0, "Total Cost": 2.41, "Plan Rows": 1, "Plan Width": 4, "Actual Rows": 1, "Actual Loops": 3, "Filter": "((info)::text = 'top 250 rank'::text)", "Rows Removed by Filter": 112, "Workers": []}]}]}, {"Node Type": "Hash", "Parent Relationship": "Inner", "Parallel Aware": false, "Async Capable": false, "Startup Cost": 561.53, "Total Cost": 561.53, "Plan Rows": 5000, "Plan Width": 8, "Actual Rows": 7409, "Actual Loops": 2, "Hash Buckets": 8192, "Original Hash Buckets": 8192, "Hash Batches": 1, "Original Hash Batches": 1, "Peak Memory Usage": 354, "Workers": [], "Plans": [{"Node Type": "Hash Join", "Parent Relationship": "Outer", "Parallel Aware": false, "Async Capable": false, "Join Type": "Inner", "Startup Cost": 1.29, "Total Cost": 561.53, "Plan Rows": 5000, "Plan Width": 8, "Actual Rows": 7409, "Actual Loops": 2, "Inner Unique": true, "Hash Cond": "(ml.link_type_id = lt.id)", "Workers": [], "Plans": [{"Node Type": "Seq Scan", "Parent Relationship": "Outer", "Parallel Aware": false, "Async Capable": false, "Relation Name": "movie_link", "Alias": "ml", "Startup Cost": 0.0, "Total Cost": 462.97, "Plan Rows": 29997, "Plan Width": 12, "Actual Rows": 29997, "Actual Loops": 2, "Workers": []}, {"Node Type": "Hash", "Parent Relationship": "Inner", "Parallel Aware": false, "Async Capable": false, "Startup Cost": 1.25, "Total Cost": 1.25, "Plan Rows": 3, "Plan Width": 4, "Actual Rows": 2, "Actual Loops": 2, "Hash Buckets": 1024, "Original Hash Buckets": 1024, "Hash Batches": 1, "Original Hash Batches": 1, "Peak Memory Usage": 9, "Workers": [], "Plans": [{"Node Type": "Seq Scan", "Parent Relationship": "Outer", "Parallel Aware": false, "Async Capable": false, "Relation Name": "link_type", "Alias": "lt", "Startup Cost": 0.0, "Total Cost": 1.25, "Plan Rows": 3, "Plan Width": 4, "Actual Rows": 2, "Actual Loops": 2, "Filter": "((link)::text = ANY ('{\"featured in\",features,features}'::text[]))", "Rows Removed by Filter": 16, "Workers": []}]}]}]}]}, {"Node Type": "Index Scan", "Parent Relationship": "Inner", "Parallel Aware": false, "Async Capable": false, "Scan Direction": "Forward", "Index Name": "title_pkey", "Relation Name": "title", "Alias": "t2", "Startup Cost": 0.43, "Total Cost": 0.6, "Plan Rows": 1, "Plan Width": 25, "Actual Rows": 1, "Actual Loops": 330, "Index Cond": "(id = mi_idx2.movie_id)", "Rows Removed by Index Recheck": 0, "Filter": "(production_year <= 1992)", "Rows Removed by Filter": 0, "Workers": []}]}, {"Node Type": "Hash", "Parent Relationship": "Inner", "Parallel Aware": false, "Async Capable": false, "Startup Cost": 1.09, "Total Cost": 1.09, "Plan Rows": 1, "Plan Width": 4, "Actual Rows": 1, "Actual Loops": 3, "Hash Buckets": 1024, "Original Hash Buckets": 1024, "Hash Batches": 1, "Original Hash Batches": 1, "Peak Memory Usage": 9, "Workers": [], "Plans": [{"Node Type": "Seq Scan", "Parent Relationship": "Outer", "Parallel Aware": false, "Async Capable": false, "Relation Name": "kind_type", "Alias": "kt2", "Startup Cost": 0.0, "Total Cost": 1.09, "Plan Rows": 1, "Plan Width": 4, "Actual Rows": 1, "Actual Loops": 3, "Filter": "((kind)::text = 'movie'::text)", "Rows Removed by Filter": 6, "Workers": []}]}]}]}]}, {"Node Type": "Index Scan", "Parent Relationship": "Inner", "Parallel Aware": false, "Async Capable": false, "Scan Direction": "Forward", "Index Name": "company_name_pkey", "Relation Name": "company_name", "Alias": "cn1", "Startup Cost": 0.42, "Total Cost": 0.45, "Plan Rows": 1, "Plan Width": 23, "Actual Rows": 0, "Actual Loops": 263, "Index Cond": "(id = mc1.company_id)", "Rows Removed by Index Recheck": 0, "Filter": "((country_code)::text = '[de]'::text)", "Rows Removed by Filter": 1, "Workers": []}]}]}]}, {"Node Type": "Index Scan", "Parent Relationship": "Inner", "Parallel Aware": false, "Async Capable": false, "Scan Direction": "Forward", "Index Name": "company_name_pkey", "Relation Name": "company_name", "Alias": "cn2", "Startup Cost": 0.42, "Total Cost": 0.44, "Plan Rows": 1, "Plan Width": 23, "Actual Rows": 1, "Actual Loops": 134, "Index Cond": "(id = mc2.company_id)", "Rows Removed by Index Recheck": 0, "Workers": []}]}]}]}]}]}, "Planning Time": 71.222, "Triggers": [], "Execution Time": 1276.422}, {"Plan": {"Node Type": "Aggregate", "Strategy": "Plain", "Partial Mode": "Simple", "Parallel Aware": false, "Async Capable": false, "Startup Cost": 97502.15, "Total Cost": 97502.16, "Plan Rows": 1, "Plan Width": 192, "Actual Rows": 1, "Actual Loops": 1, "Plans": [{"Node Type": "Gather", "Parent Relationship": "Outer", "Parallel Aware": false, "Async Capable": false, "Startup Cost": 67100.3, "Total Cost": 97502.14, "Plan Rows": 1, "Plan Width": 82, "Actual Rows": 134, "Actual Loops": 1, "Workers Planned": 3, "Workers Launched": 3, "Single Copy": false, "Plans": [{"Node Type": "Hash Join", "Parent Relationship": "Outer", "Parallel Aware": true, "Async Capable": false, "Join Type": "Inner", "Startup Cost": 66100.3, "Total Cost": 96502.04, "Plan Rows": 1, "Plan Width": 82, "Actual Rows": 34, "Actual Loops": 4, "Inner Unique": false, "Hash Cond": "(ml.linked_movie_id = t2.id)", "Workers": [], "Plans": [{"Node Type": "Nested Loop", "Parent Relationship": "Outer", "Parallel Aware": false, "Async Capable": false, "Join Type": "Inner", "Startup Cost": 46952.8, "Total Cost": 77354.48, "Plan Rows": 12, "Plan Width": 68, "Actual Rows": 266, "Actual Loops": 4, "Inner Unique": true, "Workers": [], "Plans": [{"Node Type": "Hash Join", "Parent Relationship": "Outer", "Parallel Aware": true, "Async Capable": false, "Join Type": "Inner", "Startup Cost": 46952.38, "Total Cost": 77349.16, "Plan Rows": 12, "Plan Width": 53, "Actual Rows": 266, "Actual Loops": 4, "Inner Unique": false, "Hash Cond": "(mc2.movie_id = ml.linked_movie_id)", "Workers": [], "Plans": [{"Node Type": "Seq Scan", "Parent Relationship": "Outer", "Parallel Aware": true, "Async Capable": false, "Relation Name": "movie_companies", "Alias": "mc2", "Startup Cost": 0.0, "Total Cost": 27240.55, "Plan Rows": 841655, "Plan Width": 8, "Actual Rows": 652282, "Actual Loops": 4, "Workers": []}, {"Node Type": "Hash", "Parent Relationship": "Inner", "Parallel Aware": true, "Async Capable": false, "Startup Cost": 46952.35, "Total Cost": 46952.35, "Plan Rows": 2, "Plan Width": 45, "Actual Rows": 23, "Actual Loops": 4, "Hash Buckets": 1024, "Original Hash Buckets": 1024, "Hash Batches": 1, "Original Hash Batches": 1, "Peak Memory Usage": 136, "Workers": [], "Plans": [{"Node Type": "Nested Loop", "Parent Relationship": "Outer", "Parallel Aware": false, "Async Capable": false, "Join Type": "Inner", "Startup Cost": 16531.44, "Total Cost": 46952.35, "Plan Rows": 2, "Plan Width": 45, "Actual Rows": 23, "Actual Loops": 4, "Inner Unique": true, "Workers": [], "Plans": [{"Node Type": "Hash Join", "Parent Relationship": "Outer", "Parallel Aware": true, "Async Capable": false, "Join Type": "Inner", "Startup Cost": 16531.02, "Total Cost": 46927.82, "Plan Rows": 55, "Plan Width": 30, "Actual Rows": 1214, "Actual Loops": 4, "Inner Unique": false, "Hash Cond": "(mc1.movie_id = t1.id)", "Workers": [], "Plans": [{"Node Type": "Seq Scan", "Parent Relationship": "Outer", "Parallel Aware": true, "Async Capable": false, "Relation Name": "movie_companies", "Alias": "mc1", "Startup Cost": 0.0, "Total Cost": 27240.55, "Plan Rows": 841655, "Plan Width": 8, "Actual Rows": 652282, "Actual Loops": 4, "Workers": []}, {"Node Type": "Hash", "Parent Relationship": "Inner", "Parallel Aware": true, "Async Capable": false, "Startup Cost": 16530.82, "Total Cost": 16530.82, "Plan Rows": 16, "Plan Width": 38, "Actual Rows": 515, "Actual Loops": 4, "Hash Buckets": 2048, "Original Hash Buckets": 1024, "Hash Batches": 1, "Original Hash Batches": 1, "Peak Memory Usage": 248, "Workers": [], "Plans": [{"Node Type": "Nested Loop", "Parent Relationship": "Outer", "Parallel Aware": false, "Async Capable": false, "Join Type": "Inner", "Startup Cost": 16469.21, "Total Cost": 16530.82, "Plan Rows": 16, "Plan Width": 38, "Actual Rows": 515, "Actual Loops": 4, "Inner Unique": true, "Workers": [], "Plans": [{"Node Type": "Nested Loop", "Parent Relationship": "Outer", "Parallel Aware": false, "Async Capable": false, "Join Type": "Inner", "Startup Cost": 16469.07, "Total Cost": 16528.42, "Plan Rows": 56, "Plan Width": 42, "Actual Rows": 947, "Actual Loops": 4, "Inner Unique": true, "Join Filter": "(t1.id = ml.movie_id)", "Rows Removed by Join Filter": 0, "Workers": [], "Plans": [{"Node Type": "Merge Join", "Parent Relationship": "Outer", "Parallel Aware": false, "Async Capable": false, "Join Type": "Inner", "Startup Cost": 16468.64, "Total Cost": 16495.35, "Plan Rows": 56, "Plan Width": 17, "Actual Rows": 947, "Actual Loops": 4, "Inner Unique": false, "Merge Cond": "(mi_idx1.movie_id = ml.movie_id)", "Workers": [], "Plans": [{"Node Type": "Sort", "Parent Relationship": "Outer", "Parallel Aware": false, "Async Capable": false, "Startup Cost": 15599.91, "Total Cost": 15612.63, "Plan Rows": 5089, "Plan Width": 9, "Actual Rows": 4708, "Actual Loops": 4, "Sort Key": ["mi_idx1.movie_id"], "Sort Method": "quicksort", "Sort Space Used": 10286, "Sort Space Type": "Memory", "Workers": [{"Worker Number": 0, "Sort Method": "quicksort", "Sort Space Used": 6672, "Sort Space Type": "Memory"}, {"Worker Number": 1, "Sort Method": "quicksort", "Sort Space Used": 6634, "Sort Space Type": "Memory"}, {"Worker Number": 2, "Sort Method": "quicksort", "Sort Space Used": 6305, "Sort Space Type": "Memory"}], "Plans": [{"Node Type": "Hash Join", "Parent Relationship": "Outer", "Parallel Aware": false, "Async Capable": false, "Join Type": "Inner", "Startup Cost": 2.43, "Total Cost": 15286.6, "Plan Rows": 5089, "Plan Width": 9, "Actual Rows": 114981, "Actual Loops": 4, "Inner Unique": true, "Hash Cond": "(mi_idx1.info_type_id = it1.id)", "Workers": [], "Plans": [{"Node Type": "Seq Scan", "Parent Relationship": "Outer", "Parallel Aware": true, "Async Capable": false, "Relation Name": "movie_info_idx", "Alias": "mi_idx1", "Startup Cost": 0.0, "Total Cost": 13718.15, "Plan Rows": 575015, "Plan Width": 13, "Actual Rows": 345009, "Actual Loops": 4, "Workers": []}, {"Node Type": "Hash", "Parent Relationship": "Inner", "Parallel Aware": false, "Async Capable": false, "Startup Cost": 2.41, "Total Cost": 2.41, "Plan Rows": 1, "Plan Width": 4, "Actual Rows": 1, "Actual Loops": 4, "Hash Buckets": 1024, "Original Hash Buckets": 1024, "Hash Batches": 1, "Original Hash Batches": 1, "Peak Memory Usage": 9, "Workers": [], "Plans": [{"Node Type": "Seq Scan", "Parent Relationship": "Outer", "Parallel Aware": false, "Async Capable": false, "Relation Name": "info_type", "Alias": "it1", "Startup Cost": 0.0, "Total Cost": 2.41, "Plan Rows": 1, "Plan Width": 4, "Actual Rows": 1, "Actual Loops": 4, "Filter": "((info)::text = 'votes'::text)", "Rows Removed by Filter": 112, "Workers": []}]}]}]}, {"Node Type": "Sort", "Parent Relationship": "Inner", "Parallel Aware": false, "Async Capable": false, "Startup Cost": 868.72, "Total Cost": 881.22, "Plan Rows": 5000, "Plan Width": 8, "Actual Rows": 7409, "Actual Loops": 4, "Sort Key": ["ml.movie_id"], "Sort Method": "quicksort", "Sort Space Used": 424, "Sort Space Type": "Memory", "Workers": [{"Worker Number": 0, "Sort Method": "quicksort", "Sort Space Used": 424, "Sort Space Type": "Memory"}, {"Worker Number": 1, "Sort Method": "quicksort", "Sort Space Used": 424, "Sort Space Type": "Memory"}, {"Worker Number": 2, "Sort Method": "quicksort", "Sort Space Used": 424, "Sort Space Type": "Memory"}], "Plans": [{"Node Type": "Hash Join", "Parent Relationship": "Outer", "Parallel Aware": false, "Async Capable": false, "Join Type": "Inner", "Startup Cost": 1.29, "Total Cost": 561.53, "Plan Rows": 5000, "Plan Width": 8, "Actual Rows": 7409, "Actual Loops": 4, "Inner Unique": true, "Hash Cond": "(ml.link_type_id = lt.id)", "Workers": [], "Plans": [{"Node Type": "Seq Scan", "Parent Relationship": "Outer", "Parallel Aware": false, "Async Capable": false, "Relation Name": "movie_link", "Alias": "ml", "Startup Cost": 0.0, "Total Cost": 462.97, "Plan Rows": 29997, "Plan Width": 12, "Actual Rows": 29997, "Actual Loops": 4, "Workers": []}, {"Node Type": "Hash", "Parent Relationship": "Inner", "Parallel Aware": false, "Async Capable": false, "Startup Cost": 1.25, "Total Cost": 1.25, "Plan Rows": 3, "Plan Width": 4, "Actual Rows": 2, "Actual Loops": 4, "Hash Buckets": 1024, "Original Hash Buckets": 1024, "Hash Batches": 1, "Original Hash Batches": 1, "Peak Memory Usage": 9, "Workers": [], "Plans": [{"Node Type": "Seq Scan", "Parent Relationship": "Outer", "Parallel Aware": false, "Async Capable": false, "Relation Name": "link_type", "Alias": "lt", "Startup Cost": 0.0, "Total Cost": 1.25, "Plan Rows": 3, "Plan Width": 4, "Actual Rows": 2, "Actual Loops": 4, "Filter": "((link)::text = ANY ('{\"featured in\",features,features}'::text[]))", "Rows Removed by Filter": 16, "Workers": []}]}]}]}]}, {"Node Type": "Index Scan", "Parent Relationship": "Inner", "Parallel Aware": false, "Async Capable": false, "Scan Direction": "Forward", "Index Name": "title_pkey", "Relation Name": "title", "Alias": "t1", "Startup Cost": 0.43, "Total Cost": 0.58, "Plan Rows": 1, "Plan Width": 25, "Actual Rows": 1, "Actual Loops": 3787, "Index Cond": "(id = mi_idx1.movie_id)", "Rows Removed by Index Recheck": 0, "Workers": []}]}, {"Node Type": "Memoize", "Parent Relationship": "Inner", "Parallel Aware": false, "Async Capable": false, "Startup Cost": 0.14, "Total Cost": 0.16, "Plan Rows": 1, "Plan Width": 4, "Actual Rows": 1, "Actual Loops": 3787, "Cache Key": "t1.kind_id", "Cache Mode": "logical", "Cache Hits": 1780, "Cache Misses": 2, "Cache Evictions": 0, "Cache Overflows": 0, "Peak Memory Usage": 1, "Workers": [{"Worker Number": 0, "Cache Hits": 622, "Cache Misses": 2, "Cache Evictions": 0, "Cache Overflows": 0, "Peak Memory Usage": 1}, {"Worker Number": 1, "Cache Hits": 496, "Cache Misses": 2, "Cache Evictions": 0, "Cache Overflows": 0, "Peak Memory Usage": 1}, {"Worker Number": 2, "Cache Hits": 881, "Cache Misses": 2, "Cache Evictions": 0, "Cache Overflows": 0, "Peak Memory Usage": 1}], "Plans": [{"Node Type": "Index Scan", "Parent Relationship": "Outer", "Parallel Aware": false, "Async Capable": false, "Scan Direction": "Forward", "Index Name": "kind_type_pkey", "Relation Name": "kind_type", "Alias": "kt1", "Startup Cost": 0.13, "Total Cost": 0.15, "Plan Rows": 1, "Plan Width": 4, "Actual Rows": 0, "Actual Loops": 8, "Index Cond": "(id = t1.kind_id)", "Rows Removed by Index Recheck": 0, "Filter": "((kind)::text = ANY ('{episode,movie}'::text[]))", "Rows Removed by Filter": 0, "Workers": []}]}]}]}]}, {"Node Type": "Index Scan", "Parent Relationship": "Inner", "Parallel Aware": false, "Async Capable": false, "Scan Direction": "Forward", "Index Name": "company_name_pkey", "Relation Name": "company_name", "Alias": "cn1", "Startup Cost": 0.42, "Total Cost": 0.45, "Plan Rows": 1, "Plan Width": 23, "Actual Rows": 0, "Actual Loops": 4858, "Index Cond": "(id = mc1.company_id)", "Rows Removed by Index Recheck": 0, "Filter": "((country_code)::text = '[de]'::text)", "Rows Removed by Filter": 1, "Workers": []}]}]}]}, {"Node Type": "Index Scan", "Parent Relationship": "Inner", "Parallel Aware": false, "Async Capable": false, "Scan Direction": "Forward", "Index Name": "company_name_pkey", "Relation Name": "company_name", "Alias": "cn2", "Startup Cost": 0.42, "Total Cost": 0.44, "Plan Rows": 1, "Plan Width": 23, "Actual Rows": 1, "Actual Loops": 1064, "Index Cond": "(id = mc2.company_id)", "Rows Removed by Index Recheck": 0, "Workers": []}]}, {"Node Type": "Hash", "Parent Relationship": "Inner", "Parallel Aware": true, "Async Capable": false, "Startup Cost": 19145.19, "Total Cost": 19145.19, "Plan Rows": 185, "Plan Width": 30, "Actual Rows": 30, "Actual Loops": 4, "Hash Buckets": 1024, "Original Hash Buckets": 1024, "Hash Batches": 1, "Original Hash Batches": 1, "Peak Memory Usage": 72, "Workers": [], "Plans": [{"Node Type": "Hash Join", "Parent Relationship": "Outer", "Parallel Aware": false, "Async Capable": false, "Join Type": "Inner", "Startup Cost": 3.96, "Total Cost": 19145.19, "Plan Rows": 185, "Plan Width": 30, "Actual Rows": 30, "Actual Loops": 4, "Inner Unique": true, "Hash Cond": "(t2.kind_id = kt2.id)", "Workers": [], "Plans": [{"Node Type": "Nested Loop", "Parent Relationship": "Outer", "Parallel Aware": false, "Async Capable": false, "Join Type": "Inner", "Startup Cost": 2.86, "Total Cost": 19138.61, "Plan Rows": 1299, "Plan Width": 34, "Actual Rows": 30, "Actual Loops": 4, "Inner Unique": true, "Workers": [], "Plans": [{"Node Type": "Hash Join", "Parent Relationship": "Outer", "Parallel Aware": false, "Async Capable": false, "Join Type": "Inner", "Startup Cost": 2.43, "Total Cost": 16505.03, "Plan Rows": 4377, "Plan Width": 9, "Actual Rows": 55, "Actual Loops": 4, "Inner Unique": true, "Hash Cond": "(mi_idx2.info_type_id = it2.id)", "Workers": [], "Plans": [{"Node Type": "Seq Scan", "Parent Relationship": "Outer", "Parallel Aware": true, "Async Capable": false, "Relation Name": "movie_info_idx", "Alias": "mi_idx2", "Startup Cost": 0.0, "Total Cost": 15155.68, "Plan Rows": 494562, "Plan Width": 13, "Actual Rows": 296767, "Actual Loops": 4, "Filter": "((info)::text <= '7.0'::text)", "Rows Removed by Filter": 48242, "Workers": []}, {"Node Type": "Hash", "Parent Relationship": "Inner", "Parallel Aware": false, "Async Capable": false, "Startup Cost": 2.41, "Total Cost": 2.41, "Plan Rows": 1, "Plan Width": 4, "Actual Rows": 1, "Actual Loops": 4, "Hash Buckets": 1024, "Original Hash Buckets": 1024, "Hash Batches": 1, "Original Hash Batches": 1, "Peak Memory Usage": 9, "Workers": [], "Plans": [{"Node Type": "Seq Scan", "Parent Relationship": "Outer", "Parallel Aware": false, "Async Capable": false, "Relation Name": "info_type", "Alias": "it2", "Startup Cost": 0.0, "Total Cost": 2.41, "Plan Rows": 1, "Plan Width": 4, "Actual Rows": 1, "Actual Loops": 4, "Filter": "((info)::text = 'top 250 rank'::text)", "Rows Removed by Filter": 112, "Workers": []}]}]}, {"Node Type": "Index Scan", "Parent Relationship": "Inner", "Parallel Aware": false, "Async Capable": false, "Scan Direction": "Forward", "Index Name": "title_pkey", "Relation Name": "title", "Alias": "t2", "Startup Cost": 0.43, "Total Cost": 0.6, "Plan Rows": 1, "Plan Width": 25, "Actual Rows": 1, "Actual Loops": 219, "Index Cond": "(id = mi_idx2.movie_id)", "Rows Removed by Index Recheck": 0, "Filter": "(production_year <= 1992)", "Rows Removed by Filter": 0, "Workers": []}]}, {"Node Type": "Hash", "Parent Relationship": "Inner", "Parallel Aware": false, "Async Capable": false, "Startup Cost": 1.09, "Total Cost": 1.09, "Plan Rows": 1, "Plan Width": 4, "Actual Rows": 1, "Actual Loops": 4, "Hash Buckets": 1024, "Original Hash Buckets": 1024, "Hash Batches": 1, "Original Hash Batches": 1, "Peak Memory Usage": 9, "Workers": [], "Plans": [{"Node Type": "Seq Scan", "Parent Relationship": "Outer", "Parallel Aware": false, "Async Capable": false, "Relation Name": "kind_type", "Alias": "kt2", "Startup Cost": 0.0, "Total Cost": 1.09, "Plan Rows": 1, "Plan Width": 4, "Actual Rows": 1, "Actual Loops": 4, "Filter": "((kind)::text = 'movie'::text)", "Rows Removed by Filter": 6, "Workers": []}]}]}]}]}]}]}, "Planning Time": 69.528, "Triggers": [], "Execution Time": 406.028}, {"Plan": {"Node Type": "Aggregate", "Strategy": "Plain", "Partial Mode": "Simple", "Parallel Aware": false, "Async Capable": false, "Startup Cost": 98589.66, "Total Cost": 98589.67, "Plan Rows": 1, "Plan Width": 192, "Actual Rows": 1, "Actual Loops": 1, "Plans": [{"Node Type": "Gather", "Parent Relationship": "Outer", "Parallel Aware": false, "Async Capable": false, "Startup Cost": 69003.06, "Total Cost": 98589.65, "Plan Rows": 1, "Plan Width": 82, "Actual Rows": 134, "Actual Loops": 1, "Workers Planned": 3, "Workers Launched": 3, "Single Copy": false, "Plans": [{"Node Type": "Hash Join", "Parent Relationship": "Outer", "Parallel Aware": true, "Async Capable": false, "Join Type": "Inner", "Startup Cost": 68003.06, "Total Cost": 97589.55, "Plan Rows": 1, "Plan Width": 82, "Actual Rows": 34, "Actual Loops": 4, "Inner Unique": false, "Hash Cond": "(mi_idx1.movie_id = t1.id)", "Workers": [], "Plans": [{"Node Type": "Hash Join", "Parent Relationship": "Outer", "Parallel Aware": true, "Async Capable": false, "Join Type": "Inner", "Startup Cost": 20189.73, "Total Cost": 49773.47, "Plan Rows": 728, "Plan Width": 32, "Actual Rows": 20975, "Actual Loops": 4, "Inner Unique": false, "Hash Cond": "(mc1.movie_id = mi_idx1.movie_id)", "Workers": [], "Plans": [{"Node Type": "Hash Join", "Parent Relationship": "Outer", "Parallel Aware": true, "Async Capable": false, "Join Type": "Inner", "Startup Cost": 4839.52, "Total Cost": 34289.45, "Plan Rows": 34874, "Plan Width": 23, "Actual Rows": 37033, "Actual Loops": 4, "Inner Unique": true, "Hash Cond": "(mc1.company_id = cn1.id)", "Workers": [], "Plans": [{"Node Type": "Seq Scan", "Parent Relationship": "Outer", "Parallel Aware": true, "Async Capable": false, "Relation Name": "movie_companies", "Alias": "mc1", "Startup Cost": 0.0, "Total Cost": 27240.55, "Plan Rows": 841655, "Plan Width": 8, "Actual Rows": 652282, "Actual Loops": 4, "Workers": []}, {"Node Type": "Hash", "Parent Relationship": "Inner", "Parallel Aware": true, "Async Capable": false, "Startup Cost": 4767.92, "Total Cost": 4767.92, "Plan Rows": 5728, "Plan Width": 23, "Actual Rows": 2444, "Actual Loops": 4, "Hash Buckets": 16384, "Original Hash Buckets": 16384, "Hash Batches": 1, "Original Hash Batches": 1, "Peak Memory Usage": 768, "Workers": [], "Plans": [{"Node Type": "Seq Scan", "Parent Relationship": "Outer", "Parallel Aware": true, "Async Capable": false, "Relation Name": "company_name", "Alias": "cn1", "Startup Cost": 0.0, "Total Cost": 4767.92, "Plan Rows": 5728, "Plan Width": 23, "Actual Rows": 2444, "Actual Loops": 4, "Filter": "((country_code)::text = '[de]'::text)", "Rows Removed by Filter": 56306, "Workers": []}]}]}, {"Node Type": "Hash", "Parent Relationship": "Inner", "Parallel Aware": true, "Async Capable": false, "Startup Cost": 15286.6, "Total Cost": 15286.6, "Plan Rows": 5089, "Plan Width": 9, "Actual Rows": 114981, "Actual Loops": 4, "Hash Buckets": 524288, "Original Hash Buckets": 16384, "Hash Batches": 1, "Original Hash Batches": 1, "Peak Memory Usage": 26272, "Workers": [], "Plans": [{"Node Type": "Hash Join", "Parent Relationship": "Outer", "Parallel Aware": false, "Async Capable": false, "Join Type": "Inner", "Startup Cost": 2.43, "Total Cost": 15286.6, "Plan Rows": 5089, "Plan Width": 9, "Actual Rows": 114981, "Actual Loops": 4, "Inner Unique": true, "Hash Cond": "(mi_idx1.info_type_id = it1.id)", "Workers": [], "Plans": [{"Node Type": "Seq Scan", "Parent Relationship": "Outer", "Parallel Aware": true, "Async Capable": false, "Relation Name": "movie_info_idx", "Alias": "mi_idx1", "Startup Cost": 0.0, "Total Cost": 13718.15, "Plan Rows": 575015, "Plan Width": 13, "Actual Rows": 345009, "Actual Loops": 4, "Workers": []}, {"Node Type": "Hash", "Parent Relationship": "Inner", "Parallel Aware": false, "Async Capable": false, "Startup Cost": 2.41, "Total Cost": 2.41, "Plan Rows": 1, "Plan Width": 4, "Actual Rows": 1, "Actual Loops": 4, "Hash Buckets": 1024, "Original Hash Buckets": 1024, "Hash Batches": 1, "Original Hash Batches": 1, "Peak Memory Usage": 9, "Workers": [], "Plans": [{"Node Type": "Seq Scan", "Parent Relationship": "Outer", "Parallel Aware": false, "Async Capable": false, "Relation Name": "info_type", "Alias": "it1", "Startup Cost": 0.0, "Total Cost": 2.41, "Plan Rows": 1, "Plan Width": 4, "Actual Rows": 1, "Actual Loops": 4, "Filter": "((info)::text = 'votes'::text)", "Rows Removed by Filter": 112, "Workers": []}]}]}]}]}, {"Node Type": "Hash", "Parent Relationship": "Inner", "Parallel Aware": true, "Async Capable": false, "Startup Cost": 47813.31, "Total Cost": 47813.31, "Plan Rows": 2, "Plan Width": 66, "Actual Rows": 2182, "Actual Loops": 4, "Hash Buckets": 16384, "Original Hash Buckets": 1024, "Hash Batches": 1, "Original Hash Batches": 1, "Peak Memory Usage": 1304, "Workers": [], "Plans": [{"Node Type": "Nested Loop", "Parent Relationship": "Outer", "Parallel Aware": false, "Async Capable": false, "Join Type": "Inner", "Startup Cost": 17416.08, "Total Cost": 47813.31, "Plan Rows": 2, "Plan Width": 66, "Actual Rows": 2182, "Actual Loops": 4, "Inner Unique": true, "Workers": [], "Plans": [{"Node Type": "Hash Join", "Parent Relationship": "Outer", "Parallel Aware": true, "Async Capable": false, "Join Type": "Inner", "Startup Cost": 17415.66, "Total Cost": 47812.42, "Plan Rows": 2, "Plan Width": 51, "Actual Rows": 2182, "Actual Loops": 4, "Inner Unique": false, "Hash Cond": "(mc2.movie_id = t2.id)", "Workers": [], "Plans": [{"Node Type": "Seq Scan", "Parent Relationship": "Outer", "Parallel Aware": true, "Async Capable": false, "Relation Name": "movie_companies", "Alias": "mc2", "Startup Cost": 0.0, "Total Cost": 27240.55, "Plan Rows": 841655, "Plan Width": 8, "Actual Rows": 652282, "Actual Loops": 4, "Workers": []}, {"Node Type": "Hash", "Parent Relationship": "Inner", "Parallel Aware": true, "Async Capable": false, "Startup Cost": 17415.65, "Total Cost": 17415.65, "Plan Rows": 1, "Plan Width": 59, "Actual Rows": 59, "Actual Loops": 4, "Hash Buckets": 1024, "Original Hash Buckets": 1024, "Hash Batches": 1, "Original Hash Batches": 1, "Peak Memory Usage": 72, "Workers": [], "Plans": [{"Node Type": "Nested Loop", "Parent Relationship": "Outer", "Parallel Aware": false, "Async Capable": false, "Join Type": "Inner", "Startup Cost": 628.55, "Total Cost": 17415.65, "Plan Rows": 1, "Plan Width": 59, "Actual Rows": 59, "Actual Loops": 4, "Inner Unique": true, "Workers": [], "Plans": [{"Node Type": "Nested Loop", "Parent Relationship": "Outer", "Parallel Aware": false, "Async Capable": false, "Join Type": "Inner", "Startup Cost": 628.42, "Total Cost": 17415.33, "Plan Rows": 2, "Plan Width": 63, "Actual Rows": 60, "Actual Loops": 4, "Inner Unique": true, "Workers": [], "Plans": [{"Node Type": "Hash Join", "Parent Relationship": "Outer", "Parallel Aware": false, "Async Capable": false, "Join Type": "Inner", "Startup Cost": 627.99, "Total Cost": 17406.38, "Plan Rows": 2, "Plan Width": 38, "Actual Rows": 60, "Actual Loops": 4, "Inner Unique": true, "Hash Cond": "(t2.kind_id = kt2.id)", "Workers": [], "Plans": [{"Node Type": "Nested Loop", "Parent Relationship": "Outer", "Parallel Aware": false, "Async Capable": false, "Join Type": "Inner", "Startup Cost": 626.89, "Total Cost": 17405.23, "Plan Rows": 14, "Plan Width": 42, "Actual Rows": 60, "Actual Loops": 4, "Inner Unique": true, "Join Filter": "(t2.id = ml.linked_movie_id)", "Rows Removed by Join Filter": 0, "Workers": [], "Plans": [{"Node Type": "Hash Join", "Parent Relationship": "Outer", "Parallel Aware": false, "Async Capable": false, "Join Type": "Inner", "Startup Cost": 626.46, "Total Cost": 17375.74, "Plan Rows": 48, "Plan Width": 17, "Actual Rows": 82, "Actual Loops": 4, "Inner Unique": false, "Hash Cond": "(mi_idx2.movie_id = ml.linked_movie_id)", "Workers": [], "Plans": [{"Node Type": "Hash Join", "Parent Relationship": "Outer", "Parallel Aware": false, "Async Capable": false, "Join Type": "Inner", "Startup Cost": 2.43, "Total Cost": 16505.03, "Plan Rows": 4377, "Plan Width": 9, "Actual Rows": 55, "Actual Loops": 4, "Inner Unique": true, "Hash Cond": "(mi_idx2.info_type_id = it2.id)", "Workers": [], "Plans": [{"Node Type": "Seq Scan", "Parent Relationship": "Outer", "Parallel Aware": true, "Async Capable": false, "Relation Name": "movie_info_idx", "Alias": "mi_idx2", "Startup Cost": 0.0, "Total Cost": 15155.68, "Plan Rows": 494562, "Plan Width": 13, "Actual Rows": 296767, "Actual Loops": 4, "Filter": "((info)::text <= '7.0'::text)", "Rows Removed by Filter": 48242, "Workers": []}, {"Node Type": "Hash", "Parent Relationship": "Inner", "Parallel Aware": false, "Async Capable": false, "Startup Cost": 2.41, "Total Cost": 2.41, "Plan Rows": 1, "Plan Width": 4, "Actual Rows": 1, "Actual Loops": 4, "Hash Buckets": 1024, "Original Hash Buckets": 1024, "Hash Batches": 1, "Original Hash Batches": 1, "Peak Memory Usage": 9, "Workers": [], "Plans": [{"Node Type": "Seq Scan", "Parent Relationship": "Outer", "Parallel Aware": false, "Async Capable": false, "Relation Name": "info_type", "Alias": "it2", "Startup Cost": 0.0, "Total Cost": 2.41, "Plan Rows": 1, "Plan Width": 4, "Actual Rows": 1, "Actual Loops": 4, "Filter": "((info)::text = 'top 250 rank'::text)", "Rows Removed by Filter": 112, "Workers": []}]}]}, {"Node Type": "Hash", "Parent Relationship": "Inner", "Parallel Aware": false, "Async Capable": false, "Startup Cost": 561.53, "Total Cost": 561.53, "Plan Rows": 5000, "Plan Width": 8, "Actual Rows": 7409, "Actual Loops": 2, "Hash Buckets": 8192, "Original Hash Buckets": 8192, "Hash Batches": 1, "Original Hash Batches": 1, "Peak Memory Usage": 354, "Workers": [], "Plans": [{"Node Type": "Hash Join", "Parent Relationship": "Outer", "Parallel Aware": false, "Async Capable": false, "Join Type": "Inner", "Startup Cost": 1.29, "Total Cost": 561.53, "Plan Rows": 5000, "Plan Width": 8, "Actual Rows": 7409, "Actual Loops": 2, "Inner Unique": true, "Hash Cond": "(ml.link_type_id = lt.id)", "Workers": [], "Plans": [{"Node Type": "Seq Scan", "Parent Relationship": "Outer", "Parallel Aware": false, "Async Capable": false, "Relation Name": "movie_link", "Alias": "ml", "Startup Cost": 0.0, "Total Cost": 462.97, "Plan Rows": 29997, "Plan Width": 12, "Actual Rows": 29997, "Actual Loops": 2, "Workers": []}, {"Node Type": "Hash", "Parent Relationship": "Inner", "Parallel Aware": false, "Async Capable": false, "Startup Cost": 1.25, "Total Cost": 1.25, "Plan Rows": 3, "Plan Width": 4, "Actual Rows": 2, "Actual Loops": 2, "Hash Buckets": 1024, "Original Hash Buckets": 1024, "Hash Batches": 1, "Original Hash Batches": 1, "Peak Memory Usage": 9, "Workers": [], "Plans": [{"Node Type": "Seq Scan", "Parent Relationship": "Outer", "Parallel Aware": false, "Async Capable": false, "Relation Name": "link_type", "Alias": "lt", "Startup Cost": 0.0, "Total Cost": 1.25, "Plan Rows": 3, "Plan Width": 4, "Actual Rows": 2, "Actual Loops": 2, "Filter": "((link)::text = ANY ('{\"featured in\",features,features}'::text[]))", "Rows Removed by Filter": 16, "Workers": []}]}]}]}]}, {"Node Type": "Index Scan", "Parent Relationship": "Inner", "Parallel Aware": false, "Async Capable": false, "Scan Direction": "Forward", "Index Name": "title_pkey", "Relation Name": "title", "Alias": "t2", "Startup Cost": 0.43, "Total Cost": 0.6, "Plan Rows": 1, "Plan Width": 25, "Actual Rows": 1, "Actual Loops": 330, "Index Cond": "(id = mi_idx2.movie_id)", "Rows Removed by Index Recheck": 0, "Filter": "(production_year <= 1992)", "Rows Removed by Filter": 0, "Workers": []}]}, {"Node Type": "Hash", "Parent Relationship": "Inner", "Parallel Aware": false, "Async Capable": false, "Startup Cost": 1.09, "Total Cost": 1.09, "Plan Rows": 1, "Plan Width": 4, "Actual Rows": 1, "Actual Loops": 4, "Hash Buckets": 1024, "Original Hash Buckets": 1024, "Hash Batches": 1, "Original Hash Batches": 1, "Peak Memory Usage": 9, "Workers": [], "Plans": [{"Node Type": "Seq Scan", "Parent Relationship": "Outer", "Parallel Aware": false, "Async Capable": false, "Relation Name": "kind_type", "Alias": "kt2", "Startup Cost": 0.0, "Total Cost": 1.09, "Plan Rows": 1, "Plan Width": 4, "Actual Rows": 1, "Actual Loops": 4, "Filter": "((kind)::text = 'movie'::text)", "Rows Removed by Filter": 6, "Workers": []}]}]}, {"Node Type": "Index Scan", "Parent Relationship": "Inner", "Parallel Aware": false, "Async Capable": false, "Scan Direction": "Forward", "Index Name": "title_pkey", "Relation Name": "title", "Alias": "t1", "Startup Cost": 0.43, "Total Cost": 4.47, "Plan Rows": 1, "Plan Width": 25, "Actual Rows": 1, "Actual Loops": 238, "Index Cond": "(id = ml.movie_id)", "Rows Removed by Index Recheck": 0, "Workers": []}]}, {"Node Type": "Index Scan", "Parent Relationship": "Inner", "Parallel Aware": false, "Async Capable": false, "Scan Direction": "Forward", "Index Name": "kind_type_pkey", "Relation Name": "kind_type", "Alias": "kt1", "Startup Cost": 0.13, "Total Cost": 0.15, "Plan Rows": 1, "Plan Width": 4, "Actual Rows": 1, "Actual Loops": 238, "Index Cond": "(id = t1.kind_id)", "Rows Removed by Index Recheck": 0, "Filter": "((kind)::text = ANY ('{episode,movie}'::text[]))", "Rows Removed by Filter": 0, "Workers": []}]}]}]}, {"Node Type": "Index Scan", "Parent Relationship": "Inner", "Parallel Aware": false, "Async Capable": false, "Scan Direction": "Forward", "Index Name": "company_name_pkey", "Relation Name": "company_name", "Alias": "cn2", "Startup Cost": 0.42, "Total Cost": 0.44, "Plan Rows": 1, "Plan Width": 23, "Actual Rows": 1, "Actual Loops": 8728, "Index Cond": "(id = mc2.company_id)", "Rows Removed by Index Recheck": 0, "Workers": []}]}]}]}]}]}, "Planning Time": 88.977, "Triggers": [], "Execution Time": 648.771}, {"Plan": {"Node Type": "Aggregate", "Strategy": "Plain", "Partial Mode": "Simple", "Parallel Aware": false, "Async Capable": false, "Startup Cost": 99450.16, "Total Cost": 99450.17, "Plan Rows": 1, "Plan Width": 192, "Actual Rows": 1, "Actual Loops": 1, "Plans": [{"Node Type": "Gather", "Parent Relationship": "Outer", "Parallel Aware": false, "Async Capable": false, "Startup Cost": 94509.32, "Total Cost": 99450.14, "Plan Rows": 1, "Plan Width": 82, "Actual Rows": 134, "Actual Loops": 1, "Workers Planned": 1, "Workers Launched": 1, "Single Copy": false, "Plans": [{"Node Type": "Hash Join", "Parent Relationship": "Outer", "Parallel Aware": true, "Async Capable": false, "Join Type": "Inner", "Startup Cost": 93509.32, "Total Cost": 98450.04, "Plan Rows": 1, "Plan Width": 82, "Actual Rows": 67, "Actual Loops": 2, "Inner Unique": false, "Hash Cond": "(cn2.id = mc2.company_id)", "Workers": [], "Plans": [{"Node Type": "Seq Scan", "Parent Relationship": "Outer", "Parallel Aware": true, "Async Capable": false, "Relation Name": "company_name", "Alias": "cn2", "Startup Cost": 0.0, "Total Cost": 4422.34, "Plan Rows": 138234, "Plan Width": 23, "Actual Rows": 117498, "Actual Loops": 2, "Workers": []}, {"Node Type": "Hash", "Parent Relationship": "Inner", "Parallel Aware": true, "Async Capable": false, "Startup Cost": 93509.31, "Total Cost": 93509.31, "Plan Rows": 1, "Plan Width": 67, "Actual Rows": 67, "Actual Loops": 2, "Hash Buckets": 1024, "Original Hash Buckets": 1024, "Hash Batches": 1, "Original Hash Batches": 1, "Peak Memory Usage": 72, "Workers": [], "Plans": [{"Node Type": "Nested Loop", "Parent Relationship": "Outer", "Parallel Aware": false, "Async Capable": false, "Join Type": "Inner", "Startup Cost": 63112.4, "Total Cost": 93509.31, "Plan Rows": 1, "Plan Width": 67, "Actual Rows": 67, "Actual Loops": 2, "Inner Unique": true, "Workers": [], "Plans": [{"Node Type": "Nested Loop", "Parent Relationship": "Outer", "Parallel Aware": false, "Async Capable": false, "Join Type": "Inner", "Startup Cost": 63112.26, "Total Cost": 93509.14, "Plan Rows": 1, "Plan Width": 71, "Actual Rows": 67, "Actual Loops": 2, "Inner Unique": true, "Join Filter": "(t2.id = ml.linked_movie_id)", "Rows Removed by Join Filter": 0, "Workers": [], "Plans": [{"Node Type": "Hash Join", "Parent Relationship": "Outer", "Parallel Aware": true, "Async Capable": false, "Join Type": "Inner", "Startup Cost": 63111.83, "Total Cost": 93508.6, "Plan Rows": 1, "Plan Width": 62, "Actual Rows": 67, "Actual Loops": 2, "Inner Unique": false, "Hash Cond": "(mc2.movie_id = ml.linked_movie_id)", "Workers": [], "Plans": [{"Node Type": "Seq Scan", "Parent Relationship": "Outer", "Parallel Aware": true, "Async Capable": false, "Relation Name": "movie_companies", "Alias": "mc2", "Startup Cost": 0.0, "Total Cost": 27240.55, "Plan Rows": 841655, "Plan Width": 8, "Actual Rows": 1304564, "Actual Loops": 2, "Workers": []}, {"Node Type": "Hash", "Parent Relationship": "Inner", "Parallel Aware": true, "Async Capable": false, "Startup Cost": 63111.82, "Total Cost": 63111.82, "Plan Rows": 1, "Plan Width": 54, "Actual Rows": 2, "Actual Loops": 2, "Hash Buckets": 1024, "Original Hash Buckets": 1024, "Hash Batches": 1, "Original Hash Batches": 1, "Peak Memory Usage": 40, "Workers": [], "Plans": [{"Node Type": "Nested Loop", "Parent Relationship": "Outer", "Parallel Aware": false, "Async Capable": false, "Join Type": "Inner", "Startup Cost": 32715.03, "Total Cost": 63111.82, "Plan Rows": 1, "Plan Width": 54, "Actual Rows": 2, "Actual Loops": 2, "Inner Unique": true, "Workers": [], "Plans": [{"Node Type": "Hash Join", "Parent Relationship": "Outer", "Parallel Aware": true, "Async Capable": false, "Join Type": "Inner", "Startup Cost": 32714.61, "Total Cost": 63111.37, "Plan Rows": 1, "Plan Width": 39, "Actual Rows": 120, "Actual Loops": 2, "Inner Unique": false, "Hash Cond": "(mc1.movie_id = t1.id)", "Workers": [], "Plans": [{"Node Type": "Seq Scan", "Parent Relationship": "Outer", "Parallel Aware": true, "Async Capable": false, "Relation Name": "movie_companies", "Alias": "mc1", "Startup Cost": 0.0, "Total Cost": 27240.55, "Plan Rows": 841655, "Plan Width": 8, "Actual Rows": 1304564, "Actual Loops": 2, "Workers": []}, {"Node Type": "Hash", "Parent Relationship": "Inner", "Parallel Aware": true, "Async Capable": false, "Startup Cost": 32714.6, "Total Cost": 32714.6, "Plan Rows": 1, "Plan Width": 47, "Actual Rows": 58, "Actual Loops": 2, "Hash Buckets": 1024, "Original Hash Buckets": 1024, "Hash Batches": 1, "Original Hash Batches": 1, "Peak Memory Usage": 72, "Workers": [], "Plans": [{"Node Type": "Nested Loop", "Parent Relationship": "Outer", "Parallel Aware": false, "Async Capable": false, "Join Type": "Inner", "Startup Cost": 17379.33, "Total Cost": 32714.6, "Plan Rows": 1, "Plan Width": 47, "Actual Rows": 58, "Actual Loops": 2, "Inner Unique": true, "Workers": [], "Plans": [{"Node Type": "Nested Loop", "Parent Relationship": "Outer", "Parallel Aware": false, "Async Capable": false, "Join Type": "Inner", "Startup Cost": 17379.2, "Total Cost": 32714.44, "Plan Rows": 1, "Plan Width": 51, "Actual Rows": 60, "Actual Loops": 2, "Inner Unique": true, "Join Filter": "(t1.id = ml.movie_id)", "Rows Removed by Join Filter": 0, "Workers": [], "Plans": [{"Node Type": "Hash Join", "Parent Relationship": "Outer", "Parallel Aware": true, "Async Capable": false, "Join Type": "Inner", "Startup Cost": 17378.77, "Total Cost": 32713.84, "Plan Rows": 1, "Plan Width": 26, "Actual Rows": 60, "Actual Loops": 2, "Inner Unique": false, "Hash Cond": "(mi_idx1.movie_id = ml.movie_id)", "Workers": [], "Plans": [{"Node Type": "Hash Join", "Parent Relationship": "Outer", "Parallel Aware": false, "Async Capable": false, "Join Type": "Inner", "Startup Cost": 2.43, "Total Cost": 15286.6, "Plan Rows": 5089, "Plan Width": 9, "Actual Rows": 229962, "Actual Loops": 2, "Inner Unique": true, "Hash Cond": "(mi_idx1.info_type_id = it1.id)", "Workers": [], "Plans": [{"Node Type": "Seq Scan", "Parent Relationship": "Outer", "Parallel Aware": true, "Async Capable": false, "Relation Name": "movie_info_idx", "Alias": "mi_idx1", "Startup Cost": 0.0, "Total Cost": 13718.15, "Plan Rows": 575015, "Plan Width": 13, "Actual Rows": 690018, "Actual Loops": 2, "Workers": []}, {"Node Type": "Hash", "Parent Relationship": "Inner", "Parallel Aware": false, "Async Capable": false, "Startup Cost": 2.41, "Total Cost": 2.41, "Plan Rows": 1, "Plan Width": 4, "Actual Rows": 1, "Actual Loops": 2, "Hash Buckets": 1024, "Original Hash Buckets": 1024, "Hash Batches": 1, "Original Hash Batches": 1, "Peak Memory Usage": 9, "Workers": [], "Plans": [{"Node Type": "Seq Scan", "Parent Relationship": "Outer", "Parallel Aware": false, "Async Capable": false, "Relation Name": "info_type", "Alias": "it1", "Startup Cost": 0.0, "Total Cost": 2.41, "Plan Rows": 1, "Plan Width": 4, "Actual Rows": 1, "Actual Loops": 2, "Filter": "((info)::text = 'votes'::text)", "Rows Removed by Filter": 112, "Workers": []}]}]}, {"Node Type": "Hash", "Parent Relationship": "Inner", "Parallel Aware": true, "Async Capable": false, "Startup Cost": 17375.74, "Total Cost": 17375.74, "Plan Rows": 48, "Plan Width": 17, "Actual Rows": 165, "Actual Loops": 2, "Hash Buckets": 1024, "Original Hash Buckets": 1024, "Hash Batches": 1, "Original Hash Batches": 1, "Peak Memory Usage": 72, "Workers": [], "Plans": [{"Node Type": "Hash Join", "Parent Relationship": "Outer", "Parallel Aware": false, "Async Capable": false, "Join Type": "Inner", "Startup Cost": 626.46, "Total Cost": 17375.74, "Plan Rows": 48, "Plan Width": 17, "Actual Rows": 165, "Actual Loops": 2, "Inner Unique": false, "Hash Cond": "(mi_idx2.movie_id = ml.linked_movie_id)", "Workers": [], "Plans": [{"Node Type": "Hash Join", "Parent Relationship": "Outer", "Parallel Aware": false, "Async Capable": false, "Join Type": "Inner", "Startup Cost": 2.43, "Total Cost": 16505.03, "Plan Rows": 4377, "Plan Width": 9, "Actual Rows": 110, "Actual Loops": 2, "Inner Unique": true, "Hash Cond": "(mi_idx2.info_type_id = it2.id)", "Workers": [], "Plans": [{"Node Type": "Seq Scan", "Parent Relationship": "Outer", "Parallel Aware": true, "Async Capable": false, "Relation Name": "movie_info_idx", "Alias": "mi_idx2", "Startup Cost": 0.0, "Total Cost": 15155.68, "Plan Rows": 494562, "Plan Width": 13, "Actual Rows": 593534, "Actual Loops": 2, "Filter": "((info)::text <= '7.0'::text)", "Rows Removed by Filter": 96484, "Workers": []}, {"Node Type": "Hash", "Parent Relationship": "Inner", "Parallel Aware": false, "Async Capable": false, "Startup Cost": 2.41, "Total Cost": 2.41, "Plan Rows": 1, "Plan Width": 4, "Actual Rows": 1, "Actual Loops": 2, "Hash Buckets": 1024, "Original Hash Buckets": 1024, "Hash Batches": 1, "Original Hash Batches": 1, "Peak Memory Usage": 9, "Workers": [], "Plans": [{"Node Type": "Seq Scan", "Parent Relationship": "Outer", "Parallel Aware": false, "Async Capable": false, "Relation Name": "info_type", "Alias": "it2", "Startup Cost": 0.0, "Total Cost": 2.41, "Plan Rows": 1, "Plan Width": 4, "Actual Rows": 1, "Actual Loops": 2, "Filter": "((info)::text = 'top 250 rank'::text)", "Rows Removed by Filter": 112, "Workers": []}]}]}, {"Node Type": "Hash", "Parent Relationship": "Inner", "Parallel Aware": false, "Async Capable": false, "Startup Cost": 561.53, "Total Cost": 561.53, "Plan Rows": 5000, "Plan Width": 8, "Actual Rows": 7409, "Actual Loops": 2, "Hash Buckets": 8192, "Original Hash Buckets": 8192, "Hash Batches": 1, "Original Hash Batches": 1, "Peak Memory Usage": 354, "Workers": [], "Plans": [{"Node Type": "Hash Join", "Parent Relationship": "Outer", "Parallel Aware": false, "Async Capable": false, "Join Type": "Inner", "Startup Cost": 1.29, "Total Cost": 561.53, "Plan Rows": 5000, "Plan Width": 8, "Actual Rows": 7409, "Actual Loops": 2, "Inner Unique": true, "Hash Cond": "(ml.link_type_id = lt.id)", "Workers": [], "Plans": [{"Node Type": "Seq Scan", "Parent Relationship": "Outer", "Parallel Aware": false, "Async Capable": false, "Relation Name": "movie_link", "Alias": "ml", "Startup Cost": 0.0, "Total Cost": 462.97, "Plan Rows": 29997, "Plan Width": 12, "Actual Rows": 29997, "Actual Loops": 2, "Workers": []}, {"Node Type": "Hash", "Parent Relationship": "Inner", "Parallel Aware": false, "Async Capable": false, "Startup Cost": 1.25, "Total Cost": 1.25, "Plan Rows": 3, "Plan Width": 4, "Actual Rows": 2, "Actual Loops": 2, "Hash Buckets": 1024, "Original Hash Buckets": 1024, "Hash Batches": 1, "Original Hash Batches": 1, "Peak Memory Usage": 9, "Workers": [], "Plans": [{"Node Type": "Seq Scan", "Parent Relationship": "Outer", "Parallel Aware": false, "Async Capable": false, "Relation Name": "link_type", "Alias": "lt", "Startup Cost": 0.0, "Total Cost": 1.25, "Plan Rows": 3, "Plan Width": 4, "Actual Rows": 2, "Actual Loops": 2, "Filter": "((link)::text = ANY ('{\"featured in\",features,features}'::text[]))", "Rows Removed by Filter": 16, "Workers": []}]}]}]}]}]}]}, {"Node Type": "Index Scan", "Parent Relationship": "Inner", "Parallel Aware": false, "Async Capable": false, "Scan Direction": "Forward", "Index Name": "title_pkey", "Relation Name": "title", "Alias": "t1", "Startup Cost": 0.43, "Total Cost": 0.58, "Plan Rows": 1, "Plan Width": 25, "Actual Rows": 1, "Actual Loops": 120, "Index Cond": "(id = mi_idx1.movie_id)", "Rows Removed by Index Recheck": 0, "Workers": []}]}, {"Node Type": "Index Scan", "Parent Relationship": "Inner", "Parallel Aware": false, "Async Capable": false, "Scan Direction": "Forward", "Index Name": "kind_type_pkey", "Relation Name": "kind_type", "Alias": "kt1", "Startup Cost": 0.13, "Total Cost": 0.15, "Plan Rows": 1, "Plan Width": 4, "Actual Rows": 1, "Actual Loops": 120, "Index Cond": "(id = t1.kind_id)", "Rows Removed by Index Recheck": 0, "Filter": "((kind)::text = ANY ('{episode,movie}'::text[]))", "Rows Removed by Filter": 0, "Workers": []}]}]}]}, {"Node Type": "Index Scan", "Parent Relationship": "Inner", "Parallel Aware": false, "Async Capable": false, "Scan Direction": "Forward", "Index Name": "company_name_pkey", "Relation Name": "company_name", "Alias": "cn1", "Startup Cost": 0.42, "Total Cost": 0.45, "Plan Rows": 1, "Plan Width": 23, "Actual Rows": 0, "Actual Loops": 241, "Index Cond": "(id = mc1.company_id)", "Rows Removed by Index Recheck": 0, "Filter": "((country_code)::text = '[de]'::text)", "Rows Removed by Filter": 1, "Workers": []}]}]}]}, {"Node Type": "Index Scan", "Parent Relationship": "Inner", "Parallel Aware": false, "Async Capable": false, "Scan Direction": "Forward", "Index Name": "title_pkey", "Relation Name": "title", "Alias": "t2", "Startup Cost": 0.43, "Total Cost": 0.52, "Plan Rows": 1, "Plan Width": 25, "Actual Rows": 1, "Actual Loops": 134, "Index Cond": "(id = mc2.movie_id)", "Rows Removed by Index Recheck": 0, "Filter": "(production_year <= 1992)", "Rows Removed by Filter": 0, "Workers": []}]}, {"Node Type": "Index Scan", "Parent Relationship": "Inner", "Parallel Aware": false, "Async Capable": false, "Scan Direction": "Forward", "Index Name": "kind_type_pkey", "Relation Name": "kind_type", "Alias": "kt2", "Startup Cost": 0.13, "Total Cost": 0.15, "Plan Rows": 1, "Plan Width": 4, "Actual Rows": 1, "Actual Loops": 134, "Index Cond": "(id = t2.kind_id)", "Rows Removed by Index Recheck": 0, "Filter": "((kind)::text = 'movie'::text)", "Rows Removed by Filter": 0, "Workers": []}]}]}]}]}]}, "Planning Time": 70.361, "Triggers": [], "Execution Time": 759.457}, {"Plan": {"Node Type": "Aggregate", "Strategy": "Plain", "Partial Mode": "Simple", "Parallel Aware": false, "Async Capable": false, "Startup Cost": 95079.0, "Total Cost": 95079.01, "Plan Rows": 1, "Plan Width": 192, "Actual Rows": 1, "Actual Loops": 1, "Plans": [{"Node Type": "Gather", "Parent Relationship": "Outer", "Parallel Aware": false, "Async Capable": false, "Startup Cost": 64682.06, "Total Cost": 95078.98, "Plan Rows": 1, "Plan Width": 82, "Actual Rows": 134, "Actual Loops": 1, "Workers Planned": 3, "Workers Launched": 3, "Single Copy": false, "Plans": [{"Node Type": "Nested Loop", "Parent Relationship": "Outer", "Parallel Aware": false, "Async Capable": false, "Join Type": "Inner", "Startup Cost": 63682.06, "Total Cost": 94078.88, "Plan Rows": 1, "Plan Width": 82, "Actual Rows": 34, "Actual Loops": 4, "Inner Unique": true, "Workers": [], "Plans": [{"Node Type": "Nested Loop", "Parent Relationship": "Outer", "Parallel Aware": false, "Async Capable": false, "Join Type": "Inner", "Startup Cost": 63681.91, "Total Cost": 94078.7, "Plan Rows": 1, "Plan Width": 86, "Actual Rows": 100, "Actual Loops": 4, "Inner Unique": true, "Workers": [], "Plans": [{"Node Type": "Hash Join", "Parent Relationship": "Outer", "Parallel Aware": true, "Async Capable": false, "Join Type": "Inner", "Startup Cost": 63681.49, "Total Cost": 94078.26, "Plan Rows": 1, "Plan Width": 71, "Actual Rows": 100, "Actual Loops": 4, "Inner Unique": false, "Hash Cond": "(mc2.movie_id = t2.id)", "Workers": [], "Plans": [{"Node Type": "Seq Scan", "Parent Relationship": "Outer", "Parallel Aware": true, "Async Capable": false, "Relation Name": "movie_companies", "Alias": "mc2", "Startup Cost": 0.0, "Total Cost": 27240.55, "Plan Rows": 841655, "Plan Width": 8, "Actual Rows": 652282, "Actual Loops": 4, "Workers": []}, {"Node Type": "Hash", "Parent Relationship": "Inner", "Parallel Aware": true, "Async Capable": false, "Startup Cost": 63681.48, "Total Cost": 63681.48, "Plan Rows": 1, "Plan Width": 79, "Actual Rows": 3, "Actual Loops": 4, "Hash Buckets": 1024, "Original Hash Buckets": 1024, "Hash Batches": 1, "Original Hash Batches": 1, "Peak Memory Usage": 104, "Workers": [], "Plans": [{"Node Type": "Nested Loop", "Parent Relationship": "Outer", "Parallel Aware": false, "Async Capable": false, "Join Type": "Inner", "Startup Cost": 47806.89, "Total Cost": 63681.48, "Plan Rows": 1, "Plan Width": 79, "Actual Rows": 3, "Actual Loops": 4, "Inner Unique": true, "Workers": [], "Plans": [{"Node Type": "Nested Loop", "Parent Relationship": "Outer", "Parallel Aware": false, "Async Capable": false, "Join Type": "Inner", "Startup Cost": 47806.76, "Total Cost": 63681.32, "Plan Rows": 1, "Plan Width": 83, "Actual Rows": 3, "Actual Loops": 4, "Inner Unique": true, "Join Filter": "(t1.id = ml.movie_id)", "Rows Removed by Join Filter": 0, "Workers": [], "Plans": [{"Node Type": "Hash Join", "Parent Relationship": "Outer", "Parallel Aware": true, "Async Capable": false, "Join Type": "Inner", "Startup Cost": 47806.33, "Total Cost": 63680.79, "Plan Rows": 1, "Plan Width": 74, "Actual Rows": 3, "Actual Loops": 4, "Inner Unique": false, "Hash Cond": "(mi_idx1.movie_id = ml.movie_id)", "Workers": [], "Plans": [{"Node Type": "Seq Scan", "Parent Relationship": "Outer", "Parallel Aware": true, "Async Capable": false, "Relation Name": "movie_info_idx", "Alias": "mi_idx1", "Startup Cost": 0.0, "Total Cost": 13718.15, "Plan Rows": 575015, "Plan Width": 13, "Actual Rows": 345009, "Actual Loops": 4, "Workers": []}, {"Node Type": "Hash", "Parent Relationship": "Inner", "Parallel Aware": true, "Async Capable": false, "Startup Cost": 47806.31, "Total Cost": 47806.31, "Plan Rows": 1, "Plan Width": 61, "Actual Rows": 1, "Actual Loops": 4, "Hash Buckets": 1024, "Original Hash Buckets": 1024, "Hash Batches": 1, "Original Hash Batches": 1, "Peak Memory Usage": 72, "Workers": [], "Plans": [{"Node Type": "Nested Loop", "Parent Relationship": "Outer", "Parallel Aware": false, "Async Capable": false, "Join Type": "Inner", "Startup Cost": 17406.83, "Total Cost": 47806.31, "Plan Rows": 1, "Plan Width": 61, "Actual Rows": 1, "Actual Loops": 4, "Inner Unique": true, "Workers": [], "Plans": [{"Node Type": "Hash Join", "Parent Relationship": "Outer", "Parallel Aware": true, "Async Capable": false, "Join Type": "Inner", "Startup Cost": 17406.41, "Total Cost": 47803.19, "Plan Rows": 7, "Plan Width": 46, "Actual Rows": 66, "Actual Loops": 4, "Inner Unique": false, "Hash Cond": "(mc1.movie_id = ml.movie_id)", "Workers": [], "Plans": [{"Node Type": "Seq Scan", "Parent Relationship": "Outer", "Parallel Aware": true, "Async Capable": false, "Relation Name": "movie_companies", "Alias": "mc1", "Startup Cost": 0.0, "Total Cost": 27240.55, "Plan Rows": 841655, "Plan Width": 8, "Actual Rows": 652282, "Actual Loops": 4, "Workers": []}, {"Node Type": "Hash", "Parent Relationship": "Inner", "Parallel Aware": true, "Async Capable": false, "Startup Cost": 17406.38, "Total Cost": 17406.38, "Plan Rows": 2, "Plan Width": 38, "Actual Rows": 60, "Actual Loops": 4, "Hash Buckets": 1024, "Original Hash Buckets": 1024, "Hash Batches": 1, "Original Hash Batches": 1, "Peak Memory Usage": 72, "Workers": [], "Plans": [{"Node Type": "Hash Join", "Parent Relationship": "Outer", "Parallel Aware": false, "Async Capable": false, "Join Type": "Inner", "Startup Cost": 627.99, "Total Cost": 17406.38, "Plan Rows": 2, "Plan Width": 38, "Actual Rows": 60, "Actual Loops": 4, "Inner Unique": true, "Hash Cond": "(t2.kind_id = kt2.id)", "Workers": [], "Plans": [{"Node Type": "Nested Loop", "Parent Relationship": "Outer", "Parallel Aware": false, "Async Capable": false, "Join Type": "Inner", "Startup Cost": 626.89, "Total Cost": 17405.23, "Plan Rows": 14, "Plan Width": 42, "Actual Rows": 60, "Actual Loops": 4, "Inner Unique": true, "Join Filter": "(t2.id = ml.linked_movie_id)", "Rows Removed by Join Filter": 0, "Workers": [], "Plans": [{"Node Type": "Hash Join", "Parent Relationship": "Outer", "Parallel Aware": false, "Async Capable": false, "Join Type": "Inner", "Startup Cost": 626.46, "Total Cost": 17375.74, "Plan Rows": 48, "Plan Width": 17, "Actual Rows": 82, "Actual Loops": 4, "Inner Unique": false, "Hash Cond": "(mi_idx2.movie_id = ml.linked_movie_id)", "Workers": [], "Plans": [{"Node Type": "Hash Join", "Parent Relationship": "Outer", "Parallel Aware": false, "Async Capable": false, "Join Type": "Inner", "Startup Cost": 2.43, "Total Cost": 16505.03, "Plan Rows": 4377, "Plan Width": 9, "Actual Rows": 55, "Actual Loops": 4, "Inner Unique": true, "Hash Cond": "(mi_idx2.info_type_id = it2.id)", "Workers": [], "Plans": [{"Node Type": "Seq Scan", "Parent Relationship": "Outer", "Parallel Aware": true, "Async Capable": false, "Relation Name": "movie_info_idx", "Alias": "mi_idx2", "Startup Cost": 0.0, "Total Cost": 15155.68, "Plan Rows": 494562, "Plan Width": 13, "Actual Rows": 296767, "Actual Loops": 4, "Filter": "((info)::text <= '7.0'::text)", "Rows Removed by Filter": 48242, "Workers": []}, {"Node Type": "Hash", "Parent Relationship": "Inner", "Parallel Aware": false, "Async Capable": false, "Startup Cost": 2.41, "Total Cost": 2.41, "Plan Rows": 1, "Plan Width": 4, "Actual Rows": 1, "Actual Loops": 4, "Hash Buckets": 1024, "Original Hash Buckets": 1024, "Hash Batches": 1, "Original Hash Batches": 1, "Peak Memory Usage": 9, "Workers": [], "Plans": [{"Node Type": "Seq Scan", "Parent Relationship": "Outer", "Parallel Aware": false, "Async Capable": false, "Relation Name": "info_type", "Alias": "it2", "Startup Cost": 0.0, "Total Cost": 2.41, "Plan Rows": 1, "Plan Width": 4, "Actual Rows": 1, "Actual Loops": 4, "Filter": "((info)::text = 'top 250 rank'::text)", "Rows Removed by Filter": 112, "Workers": []}]}]}, {"Node Type": "Hash", "Parent Relationship": "Inner", "Parallel Aware": false, "Async Capable": false, "Startup Cost": 561.53, "Total Cost": 561.53, "Plan Rows": 5000, "Plan Width": 8, "Actual Rows": 7409, "Actual Loops": 2, "Hash Buckets": 8192, "Original Hash Buckets": 8192, "Hash Batches": 1, "Original Hash Batches": 1, "Peak Memory Usage": 354, "Workers": [], "Plans": [{"Node Type": "Hash Join", "Parent Relationship": "Outer", "Parallel Aware": false, "Async Capable": false, "Join Type": "Inner", "Startup Cost": 1.29, "Total Cost": 561.53, "Plan Rows": 5000, "Plan Width": 8, "Actual Rows": 7409, "Actual Loops": 2, "Inner Unique": true, "Hash Cond": "(ml.link_type_id = lt.id)", "Workers": [], "Plans": [{"Node Type": "Seq Scan", "Parent Relationship": "Outer", "Parallel Aware": false, "Async Capable": false, "Relation Name": "movie_link", "Alias": "ml", "Startup Cost": 0.0, "Total Cost": 462.97, "Plan Rows": 29997, "Plan Width": 12, "Actual Rows": 29997, "Actual Loops": 2, "Workers": []}, {"Node Type": "Hash", "Parent Relationship": "Inner", "Parallel Aware": false, "Async Capable": false, "Startup Cost": 1.25, "Total Cost": 1.25, "Plan Rows": 3, "Plan Width": 4, "Actual Rows": 2, "Actual Loops": 2, "Hash Buckets": 1024, "Original Hash Buckets": 1024, "Hash Batches": 1, "Original Hash Batches": 1, "Peak Memory Usage": 9, "Workers": [], "Plans": [{"Node Type": "Seq Scan", "Parent Relationship": "Outer", "Parallel Aware": false, "Async Capable": false, "Relation Name": "link_type", "Alias": "lt", "Startup Cost": 0.0, "Total Cost": 1.25, "Plan Rows": 3, "Plan Width": 4, "Actual Rows": 2, "Actual Loops": 2, "Filter": "((link)::text = ANY ('{\"featured in\",features,features}'::text[]))", "Rows Removed by Filter": 16, "Workers": []}]}]}]}]}, {"Node Type": "Index Scan", "Parent Relationship": "Inner", "Parallel Aware": false, "Async Capable": false, "Scan Direction": "Forward", "Index Name": "title_pkey", "Relation Name": "title", "Alias": "t2", "Startup Cost": 0.43, "Total Cost": 0.6, "Plan Rows": 1, "Plan Width": 25, "Actual Rows": 1, "Actual Loops": 330, "Index Cond": "(id = mi_idx2.movie_id)", "Rows Removed by Index Recheck": 0, "Filter": "(production_year <= 1992)", "Rows Removed by Filter": 0, "Workers": []}]}, {"Node Type": "Hash", "Parent Relationship": "Inner", "Parallel Aware": false, "Async Capable": false, "Startup Cost": 1.09, "Total Cost": 1.09, "Plan Rows": 1, "Plan Width": 4, "Actual Rows": 1, "Actual Loops": 4, "Hash Buckets": 1024, "Original Hash Buckets": 1024, "Hash Batches": 1, "Original Hash Batches": 1, "Peak Memory Usage": 9, "Workers": [], "Plans": [{"Node Type": "Seq Scan", "Parent Relationship": "Outer", "Parallel Aware": false, "Async Capable": false, "Relation Name": "kind_type", "Alias": "kt2", "Startup Cost": 0.0, "Total Cost": 1.09, "Plan Rows": 1, "Plan Width": 4, "Actual Rows": 1, "Actual Loops": 4, "Filter": "((kind)::text = 'movie'::text)", "Rows Removed by Filter": 6, "Workers": []}]}]}]}]}, {"Node Type": "Index Scan", "Parent Relationship": "Inner", "Parallel Aware": false, "Async Capable": false, "Scan Direction": "Forward", "Index Name": "company_name_pkey", "Relation Name": "company_name", "Alias": "cn1", "Startup Cost": 0.42, "Total Cost": 0.45, "Plan Rows": 1, "Plan Width": 23, "Actual Rows": 0, "Actual Loops": 263, "Index Cond": "(id = mc1.company_id)", "Rows Removed by Index Recheck": 0, "Filter": "((country_code)::text = '[de]'::text)", "Rows Removed by Filter": 1, "Workers": []}]}]}]}, {"Node Type": "Index Scan", "Parent Relationship": "Inner", "Parallel Aware": false, "Async Capable": false, "Scan Direction": "Forward", "Index Name": "title_pkey", "Relation Name": "title", "Alias": "t1", "Startup Cost": 0.43, "Total Cost": 0.52, "Plan Rows": 1, "Plan Width": 25, "Actual Rows": 1, "Actual Loops": 12, "Index Cond": "(id = mc1.movie_id)", "Rows Removed by Index Recheck": 0, "Workers": []}]}, {"Node Type": "Index Scan", "Parent Relationship": "Inner", "Parallel Aware": false, "Async Capable": false, "Scan Direction": "Forward", "Index Name": "kind_type_pkey", "Relation Name": "kind_type", "Alias": "kt1", "Startup Cost": 0.13, "Total Cost": 0.15, "Plan Rows": 1, "Plan Width": 4, "Actual Rows": 1, "Actual Loops": 12, "Index Cond": "(id = t1.kind_id)", "Rows Removed by Index Recheck": 0, "Filter": "((kind)::text = ANY ('{episode,movie}'::text[]))", "Rows Removed by Filter": 0, "Workers": []}]}]}]}, {"Node Type": "Index Scan", "Parent Relationship": "Inner", "Parallel Aware": false, "Async Capable": false, "Scan Direction": "Forward", "Index Name": "company_name_pkey", "Relation Name": "company_name", "Alias": "cn2", "Startup Cost": 0.42, "Total Cost": 0.44, "Plan Rows": 1, "Plan Width": 23, "Actual Rows": 1, "Actual Loops": 402, "Index Cond": "(id = mc2.company_id)", "Rows Removed by Index Recheck": 0, "Workers": []}]}, {"Node Type": "Index Scan", "Parent Relationship": "Inner", "Parallel Aware": false, "Async Capable": false, "Scan Direction": "Forward", "Index Name": "info_type_pkey", "Relation Name": "info_type", "Alias": "it1", "Startup Cost": 0.14, "Total Cost": 0.16, "Plan Rows": 1, "Plan Width": 4, "Actual Rows": 0, "Actual Loops": 402, "Index Cond": "(id = mi_idx1.info_type_id)", "Rows Removed by Index Recheck": 0, "Filter": "((info)::text = 'votes'::text)", "Rows Removed by Filter": 1, "Workers": []}]}]}]}, "Planning Time": 66.643, "Triggers": [], "Execution Time": 355.25}, {"Plan": {"Node Type": "Aggregate", "Strategy": "Plain", "Partial Mode": "Simple", "Parallel Aware": false, "Async Capable": false, "Startup Cost": 94509.87, "Total Cost": 94509.88, "Plan Rows": 1, "Plan Width": 192, "Actual Rows": 1, "Actual Loops": 1, "Plans": [{"Node Type": "Nested Loop", "Parent Relationship": "Outer", "Parallel Aware": false, "Async Capable": false, "Join Type": "Inner", "Startup Cost": 64112.82, "Total Cost": 94509.85, "Plan Rows": 1, "Plan Width": 82, "Actual Rows": 134, "Actual Loops": 1, "Inner Unique": true, "Plans": [{"Node Type": "Nested Loop", "Parent Relationship": "Outer", "Parallel Aware": false, "Async Capable": false, "Join Type": "Inner", "Startup Cost": 64112.4, "Total Cost": 94509.41, "Plan Rows": 1, "Plan Width": 67, "Actual Rows": 134, "Actual Loops": 1, "Inner Unique": true, "Plans": [{"Node Type": "Nested Loop", "Parent Relationship": "Outer", "Parallel Aware": false, "Async Capable": false, "Join Type": "Inner", "Startup Cost": 64112.26, "Total Cost": 94509.24, "Plan Rows": 1, "Plan Width": 71, "Actual Rows": 134, "Actual Loops": 1, "Inner Unique": true, "Join Filter": "(t2.id = ml.linked_movie_id)", "Rows Removed by Join Filter": 0, "Plans": [{"Node Type": "Gather", "Parent Relationship": "Outer", "Parallel Aware": false, "Async Capable": false, "Startup Cost": 64111.83, "Total Cost": 94508.7, "Plan Rows": 1, "Plan Width": 62, "Actual Rows": 134, "Actual Loops": 1, "Workers Planned": 3, "Workers Launched": 3, "Single Copy": false, "Plans": [{"Node Type": "Hash Join", "Parent Relationship": "Outer", "Parallel Aware": true, "Async Capable": false, "Join Type": "Inner", "Startup Cost": 63111.83, "Total Cost": 93508.6, "Plan Rows": 1, "Plan Width": 62, "Actual Rows": 34, "Actual Loops": 4, "Inner Unique": false, "Hash Cond": "(mc2.movie_id = ml.linked_movie_id)", "Workers": [], "Plans": [{"Node Type": "Seq Scan", "Parent Relationship": "Outer", "Parallel Aware": true, "Async Capable": false, "Relation Name": "movie_companies", "Alias": "mc2", "Startup Cost": 0.0, "Total Cost": 27240.55, "Plan Rows": 841655, "Plan Width": 8, "Actual Rows": 652282, "Actual Loops": 4, "Workers": []}, {"Node Type": "Hash", "Parent Relationship": "Inner", "Parallel Aware": true, "Async Capable": false, "Startup Cost": 63111.82, "Total Cost": 63111.82, "Plan Rows": 1, "Plan Width": 54, "Actual Rows": 1, "Actual Loops": 4, "Hash Buckets": 1024, "Original Hash Buckets": 1024, "Hash Batches": 1, "Original Hash Batches": 1, "Peak Memory Usage": 72, "Workers": [], "Plans": [{"Node Type": "Nested Loop", "Parent Relationship": "Outer", "Parallel Aware": false, "Async Capable": false, "Join Type": "Inner", "Startup Cost": 32715.03, "Total Cost": 63111.82, "Plan Rows": 1, "Plan Width": 54, "Actual Rows": 1, "Actual Loops": 4, "Inner Unique": true, "Workers": [], "Plans": [{"Node Type": "Hash Join", "Parent Relationship": "Outer", "Parallel Aware": true, "Async Capable": false, "Join Type": "Inner", "Startup Cost": 32714.61, "Total Cost": 63111.37, "Plan Rows": 1, "Plan Width": 39, "Actual Rows": 60, "Actual Loops": 4, "Inner Unique": false, "Hash Cond": "(mc1.movie_id = t1.id)", "Workers": [], "Plans": [{"Node Type": "Seq Scan", "Parent Relationship": "Outer", "Parallel Aware": true, "Async Capable": false, "Relation Name": "movie_companies", "Alias": "mc1", "Startup Cost": 0.0, "Total Cost": 27240.55, "Plan Rows": 841655, "Plan Width": 8, "Actual Rows": 652282, "Actual Loops": 4, "Workers": []}, {"Node Type": "Hash", "Parent Relationship": "Inner", "Parallel Aware": true, "Async Capable": false, "Startup Cost": 32714.6, "Total Cost": 32714.6, "Plan Rows": 1, "Plan Width": 47, "Actual Rows": 29, "Actual Loops": 4, "Hash Buckets": 1024, "Original Hash Buckets": 1024, "Hash Batches": 1, "Original Hash Batches": 1, "Peak Memory Usage": 136, "Workers": [], "Plans": [{"Node Type": "Nested Loop", "Parent Relationship": "Outer", "Parallel Aware": false, "Async Capable": false, "Join Type": "Inner", "Startup Cost": 17379.33, "Total Cost": 32714.6, "Plan Rows": 1, "Plan Width": 47, "Actual Rows": 29, "Actual Loops": 4, "Inner Unique": true, "Workers": [], "Plans": [{"Node Type": "Nested Loop", "Parent Relationship": "Outer", "Parallel Aware": false, "Async Capable": false, "Join Type": "Inner", "Startup Cost": 17379.2, "Total Cost": 32714.44, "Plan Rows": 1, "Plan Width": 51, "Actual Rows": 30, "Actual Loops": 4, "Inner Unique": true, "Join Filter": "(t1.id = ml.movie_id)", "Rows Removed by Join Filter": 0, "Workers": [], "Plans": [{"Node Type": "Hash Join", "Parent Relationship": "Outer", "Parallel Aware": true, "Async Capable": false, "Join Type": "Inner", "Startup Cost": 17378.77, "Total Cost": 32713.84, "Plan Rows": 1, "Plan Width": 26, "Actual Rows": 30, "Actual Loops": 4, "Inner Unique": false, "Hash Cond": "(mi_idx1.movie_id = ml.movie_id)", "Workers": [], "Plans": [{"Node Type": "Hash Join", "Parent Relationship": "Outer", "Parallel Aware": false, "Async Capable": false, "Join Type": "Inner", "Startup Cost": 2.43, "Total Cost": 15286.6, "Plan Rows": 5089, "Plan Width": 9, "Actual Rows": 114981, "Actual Loops": 4, "Inner Unique": true, "Hash Cond": "(mi_idx1.info_type_id = it1.id)", "Workers": [], "Plans": [{"Node Type": "Seq Scan", "Parent Relationship": "Outer", "Parallel Aware": true, "Async Capable": false, "Relation Name": "movie_info_idx", "Alias": "mi_idx1", "Startup Cost": 0.0, "Total Cost": 13718.15, "Plan Rows": 575015, "Plan Width": 13, "Actual Rows": 345009, "Actual Loops": 4, "Workers": []}, {"Node Type": "Hash", "Parent Relationship": "Inner", "Parallel Aware": false, "Async Capable": false, "Startup Cost": 2.41, "Total Cost": 2.41, "Plan Rows": 1, "Plan Width": 4, "Actual Rows": 1, "Actual Loops": 4, "Hash Buckets": 1024, "Original Hash Buckets": 1024, "Hash Batches": 1, "Original Hash Batches": 1, "Peak Memory Usage": 9, "Workers": [], "Plans": [{"Node Type": "Seq Scan", "Parent Relationship": "Outer", "Parallel Aware": false, "Async Capable": false, "Relation Name": "info_type", "Alias": "it1", "Startup Cost": 0.0, "Total Cost": 2.41, "Plan Rows": 1, "Plan Width": 4, "Actual Rows": 1, "Actual Loops": 4, "Filter": "((info)::text = 'votes'::text)", "Rows Removed by Filter": 112, "Workers": []}]}]}, {"Node Type": "Hash", "Parent Relationship": "Inner", "Parallel Aware": true, "Async Capable": false, "Startup Cost": 17375.74, "Total Cost": 17375.74, "Plan Rows": 48, "Plan Width": 17, "Actual Rows": 82, "Actual Loops": 4, "Hash Buckets": 1024, "Original Hash Buckets": 1024, "Hash Batches": 1, "Original Hash Batches": 1, "Peak Memory Usage": 72, "Workers": [], "Plans": [{"Node Type": "Hash Join", "Parent Relationship": "Outer", "Parallel Aware": false, "Async Capable": false, "Join Type": "Inner", "Startup Cost": 626.46, "Total Cost": 17375.74, "Plan Rows": 48, "Plan Width": 17, "Actual Rows": 82, "Actual Loops": 4, "Inner Unique": false, "Hash Cond": "(mi_idx2.movie_id = ml.linked_movie_id)", "Workers": [], "Plans": [{"Node Type": "Hash Join", "Parent Relationship": "Outer", "Parallel Aware": false, "Async Capable": false, "Join Type": "Inner", "Startup Cost": 2.43, "Total Cost": 16505.03, "Plan Rows": 4377, "Plan Width": 9, "Actual Rows": 55, "Actual Loops": 4, "Inner Unique": true, "Hash Cond": "(mi_idx2.info_type_id = it2.id)", "Workers": [], "Plans": [{"Node Type": "Seq Scan", "Parent Relationship": "Outer", "Parallel Aware": true, "Async Capable": false, "Relation Name": "movie_info_idx", "Alias": "mi_idx2", "Startup Cost": 0.0, "Total Cost": 15155.68, "Plan Rows": 494562, "Plan Width": 13, "Actual Rows": 296767, "Actual Loops": 4, "Filter": "((info)::text <= '7.0'::text)", "Rows Removed by Filter": 48242, "Workers": []}, {"Node Type": "Hash", "Parent Relationship": "Inner", "Parallel Aware": false, "Async Capable": false, "Startup Cost": 2.41, "Total Cost": 2.41, "Plan Rows": 1, "Plan Width": 4, "Actual Rows": 1, "Actual Loops": 4, "Hash Buckets": 1024, "Original Hash Buckets": 1024, "Hash Batches": 1, "Original Hash Batches": 1, "Peak Memory Usage": 9, "Workers": [], "Plans": [{"Node Type": "Seq Scan", "Parent Relationship": "Outer", "Parallel Aware": false, "Async Capable": false, "Relation Name": "info_type", "Alias": "it2", "Startup Cost": 0.0, "Total Cost": 2.41, "Plan Rows": 1, "Plan Width": 4, "Actual Rows": 1, "Actual Loops": 4, "Filter": "((info)::text = 'top 250 rank'::text)", "Rows Removed by Filter": 112, "Workers": []}]}]}, {"Node Type": "Hash", "Parent Relationship": "Inner", "Parallel Aware": false, "Async Capable": false, "Startup Cost": 561.53, "Total Cost": 561.53, "Plan Rows": 5000, "Plan Width": 8, "Actual Rows": 7409, "Actual Loops": 2, "Hash Buckets": 8192, "Original Hash Buckets": 8192, "Hash Batches": 1, "Original Hash Batches": 1, "Peak Memory Usage": 354, "Workers": [], "Plans": [{"Node Type": "Hash Join", "Parent Relationship": "Outer", "Parallel Aware": false, "Async Capable": false, "Join Type": "Inner", "Startup Cost": 1.29, "Total Cost": 561.53, "Plan Rows": 5000, "Plan Width": 8, "Actual Rows": 7409, "Actual Loops": 2, "Inner Unique": true, "Hash Cond": "(ml.link_type_id = lt.id)", "Workers": [], "Plans": [{"Node Type": "Seq Scan", "Parent Relationship": "Outer", "Parallel Aware": false, "Async Capable": false, "Relation Name": "movie_link", "Alias": "ml", "Startup Cost": 0.0, "Total Cost": 462.97, "Plan Rows": 29997, "Plan Width": 12, "Actual Rows": 29997, "Actual Loops": 2, "Workers": []}, {"Node Type": "Hash", "Parent Relationship": "Inner", "Parallel Aware": false, "Async Capable": false, "Startup Cost": 1.25, "Total Cost": 1.25, "Plan Rows": 3, "Plan Width": 4, "Actual Rows": 2, "Actual Loops": 2, "Hash Buckets": 1024, "Original Hash Buckets": 1024, "Hash Batches": 1, "Original Hash Batches": 1, "Peak Memory Usage": 9, "Workers": [], "Plans": [{"Node Type": "Seq Scan", "Parent Relationship": "Outer", "Parallel Aware": false, "Async Capable": false, "Relation Name": "link_type", "Alias": "lt", "Startup Cost": 0.0, "Total Cost": 1.25, "Plan Rows": 3, "Plan Width": 4, "Actual Rows": 2, "Actual Loops": 2, "Filter": "((link)::text = ANY ('{\"featured in\",features,features}'::text[]))", "Rows Removed by Filter": 16, "Workers": []}]}]}]}]}]}]}, {"Node Type": "Index Scan", "Parent Relationship": "Inner", "Parallel Aware": false, "Async Capable": false, "Scan Direction": "Forward", "Index Name": "title_pkey", "Relation Name": "title", "Alias": "t1", "Startup Cost": 0.43, "Total Cost": 0.58, "Plan Rows": 1, "Plan Width": 25, "Actual Rows": 1, "Actual Loops": 120, "Index Cond": "(id = mi_idx1.movie_id)", "Rows Removed by Index Recheck": 0, "Workers": []}]}, {"Node Type": "Index Scan", "Parent Relationship": "Inner", "Parallel Aware": false, "Async Capable": false, "Scan Direction": "Forward", "Index Name": "kind_type_pkey", "Relation Name": "kind_type", "Alias": "kt1", "Startup Cost": 0.13, "Total Cost": 0.15, "Plan Rows": 1, "Plan Width": 4, "Actual Rows": 1, "Actual Loops": 120, "Index Cond": "(id = t1.kind_id)", "Rows Removed by Index Recheck": 0, "Filter": "((kind)::text = ANY ('{episode,movie}'::text[]))", "Rows Removed by Filter": 0, "Workers": []}]}]}]}, {"Node Type": "Index Scan", "Parent Relationship": "Inner", "Parallel Aware": false, "Async Capable": false, "Scan Direction": "Forward", "Index Name": "company_name_pkey", "Relation Name": "company_name", "Alias": "cn1", "Startup Cost": 0.42, "Total Cost": 0.45, "Plan Rows": 1, "Plan Width": 23, "Actual Rows": 0, "Actual Loops": 241, "Index Cond": "(id = mc1.company_id)", "Rows Removed by Index Recheck": 0, "Filter": "((country_code)::text = '[de]'::text)", "Rows Removed by Filter": 1, "Workers": []}]}]}]}]}, {"Node Type": "Index Scan", "Parent Relationship": "Inner", "Parallel Aware": false, "Async Capable": false, "Scan Direction": "Forward", "Index Name": "title_pkey", "Relation Name": "title", "Alias": "t2", "Startup Cost": 0.43, "Total Cost": 0.52, "Plan Rows": 1, "Plan Width": 25, "Actual Rows": 1, "Actual Loops": 134, "Index Cond": "(id = mc2.movie_id)", "Rows Removed by Index Recheck": 0, "Filter": "(production_year <= 1992)", "Rows Removed by Filter": 0}]}, {"Node Type": "Index Scan", "Parent Relationship": "Inner", "Parallel Aware": false, "Async Capable": false, "Scan Direction": "Forward", "Index Name": "kind_type_pkey", "Relation Name": "kind_type", "Alias": "kt2", "Startup Cost": 0.13, "Total Cost": 0.15, "Plan Rows": 1, "Plan Width": 4, "Actual Rows": 1, "Actual Loops": 134, "Index Cond": "(id = t2.kind_id)", "Rows Removed by Index Recheck": 0, "Filter": "((kind)::text = 'movie'::text)", "Rows Removed by Filter": 0}]}, {"Node Type": "Index Scan", "Parent Relationship": "Inner", "Parallel Aware": false, "Async Capable": false, "Scan Direction": "Forward", "Index Name": "company_name_pkey", "Relation Name": "company_name", "Alias": "cn2", "Startup Cost": 0.42, "Total Cost": 0.44, "Plan Rows": 1, "Plan Width": 23, "Actual Rows": 1, "Actual Loops": 134, "Index Cond": "(id = mc2.company_id)", "Rows Removed by Index Recheck": 0}]}]}, "Planning Time": 68.518, "Triggers": [], "Execution Time": 360.466}, {"Plan": {"Node Type": "Aggregate", "Strategy": "Plain", "Partial Mode": "Simple", "Parallel Aware": false, "Async Capable": false, "Startup Cost": 95394.53, "Total Cost": 95394.54, "Plan Rows": 1, "Plan Width": 192, "Actual Rows": 1, "Actual Loops": 1, "Plans": [{"Node Type": "Nested Loop", "Parent Relationship": "Outer", "Parallel Aware": false, "Async Capable": false, "Join Type": "Inner", "Startup Cost": 64996.2, "Total Cost": 95394.52, "Plan Rows": 1, "Plan Width": 82, "Actual Rows": 134, "Actual Loops": 1, "Inner Unique": false, "Join Filter": "(lt.id = ml.link_type_id)", "Rows Removed by Join Filter": 3874, "Plans": [{"Node Type": "Seq Scan", "Parent Relationship": "Outer", "Parallel Aware": false, "Async Capable": false, "Relation Name": "link_type", "Alias": "lt", "Startup Cost": 0.0, "Total Cost": 1.25, "Plan Rows": 3, "Plan Width": 4, "Actual Rows": 2, "Actual Loops": 1, "Filter": "((link)::text = ANY ('{\"featured in\",features,features}'::text[]))", "Rows Removed by Filter": 16}, {"Node Type": "Materialize", "Parent Relationship": "Inner", "Parallel Aware": false, "Async Capable": false, "Startup Cost": 64996.2, "Total Cost": 95393.23, "Plan Rows": 1, "Plan Width": 86, "Actual Rows": 2004, "Actual Loops": 2, "Plans": [{"Node Type": "Nested Loop", "Parent Relationship": "Outer", "Parallel Aware": false, "Async Capable": false, "Join Type": "Inner", "Startup Cost": 64996.2, "Total Cost": 95393.22, "Plan Rows": 1, "Plan Width": 86, "Actual Rows": 2004, "Actual Loops": 1, "Inner Unique": true, "Plans": [{"Node Type": "Nested Loop", "Parent Relationship": "Outer", "Parallel Aware": false, "Async Capable": false, "Join Type": "Inner", "Startup Cost": 64996.07, "Total Cost": 95393.06, "Plan Rows": 1, "Plan Width": 90, "Actual Rows": 2182, "Actual Loops": 1, "Inner Unique": true, "Join Filter": "(t1.id = ml.movie_id)", "Rows Removed by Join Filter": 0, "Plans": [{"Node Type": "Nested Loop", "Parent Relationship": "Outer", "Parallel Aware": false, "Async Capable": false, "Join Type": "Inner", "Startup Cost": 64995.64, "Total Cost": 95392.53, "Plan Rows": 1, "Plan Width": 81, "Actual Rows": 2182, "Actual Loops": 1, "Inner Unique": true, "Plans": [{"Node Type": "Gather", "Parent Relationship": "Outer", "Parallel Aware": false, "Async Capable": false, "Startup Cost": 64995.22, "Total Cost": 95392.08, "Plan Rows": 1, "Plan Width": 66, "Actual Rows": 2182, "Actual Loops": 1, "Workers Planned": 3, "Workers Launched": 3, "Single Copy": false, "Plans": [{"Node Type": "Hash Join", "Parent Relationship": "Outer", "Parallel Aware": true, "Async Capable": false, "Join Type": "Inner", "Startup Cost": 63995.22, "Total Cost": 94391.98, "Plan Rows": 1, "Plan Width": 66, "Actual Rows": 546, "Actual Loops": 4, "Inner Unique": false, "Hash Cond": "(mc2.movie_id = t2.id)", "Workers": [], "Plans": [{"Node Type": "Seq Scan", "Parent Relationship": "Outer", "Parallel Aware": true, "Async Capable": false, "Relation Name": "movie_companies", "Alias": "mc2", "Startup Cost": 0.0, "Total Cost": 27240.55, "Plan Rows": 841655, "Plan Width": 8, "Actual Rows": 652282, "Actual Loops": 4, "Workers": []}, {"Node Type": "Hash", "Parent Relationship": "Inner", "Parallel Aware": true, "Async Capable": false, "Startup Cost": 63995.21, "Total Cost": 63995.21, "Plan Rows": 1, "Plan Width": 74, "Actual Rows": 14, "Actual Loops": 4, "Hash Buckets": 1024, "Original Hash Buckets": 1024, "Hash Batches": 1, "Original Hash Batches": 1, "Peak Memory Usage": 136, "Workers": [], "Plans": [{"Node Type": "Nested Loop", "Parent Relationship": "Outer", "Parallel Aware": false, "Async Capable": false, "Join Type": "Inner", "Startup Cost": 33598.42, "Total Cost": 63995.21, "Plan Rows": 1, "Plan Width": 74, "Actual Rows": 14, "Actual Loops": 4, "Inner Unique": true, "Workers": [], "Plans": [{"Node Type": "Hash Join", "Parent Relationship": "Outer", "Parallel Aware": true, "Async Capable": false, "Join Type": "Inner", "Startup Cost": 33598.0, "Total Cost": 63994.76, "Plan Rows": 1, "Plan Width": 59, "Actual Rows": 511, "Actual Loops": 4, "Inner Unique": false, "Hash Cond": "(mc1.movie_id = ml.movie_id)", "Workers": [], "Plans": [{"Node Type": "Seq Scan", "Parent Relationship": "Outer", "Parallel Aware": true, "Async Capable": false, "Relation Name": "movie_companies", "Alias": "mc1", "Startup Cost": 0.0, "Total Cost": 27240.55, "Plan Rows": 841655, "Plan Width": 8, "Actual Rows": 652282, "Actual Loops": 4, "Workers": []}, {"Node Type": "Hash", "Parent Relationship": "Inner", "Parallel Aware": true, "Async Capable": false, "Startup Cost": 33597.99, "Total Cost": 33597.99, "Plan Rows": 1, "Plan Width": 51, "Actual Rows": 204, "Actual Loops": 4, "Hash Buckets": 1024, "Original Hash Buckets": 1024, "Hash Batches": 1, "Original Hash Batches": 1, "Peak Memory Usage": 136, "Workers": [], "Plans": [{"Node Type": "Nested Loop", "Parent Relationship": "Outer", "Parallel Aware": false, "Async Capable": false, "Join Type": "Inner", "Startup Cost": 18080.1, "Total Cost": 33597.99, "Plan Rows": 1, "Plan Width": 51, "Actual Rows": 204, "Actual Loops": 4, "Inner Unique": true, "Workers": [], "Plans": [{"Node Type": "Nested Loop", "Parent Relationship": "Outer", "Parallel Aware": false, "Async Capable": false, "Join Type": "Inner", "Startup Cost": 18079.97, "Total Cost": 33597.66, "Plan Rows": 2, "Plan Width": 55, "Actual Rows": 204, "Actual Loops": 4, "Inner Unique": true, "Join Filter": "(t2.id = ml.linked_movie_id)", "Rows Removed by Join Filter": 0, "Workers": [], "Plans": [{"Node Type": "Hash Join", "Parent Relationship": "Outer", "Parallel Aware": true, "Async Capable": false, "Join Type": "Inner", "Startup Cost": 18079.54, "Total Cost": 33592.75, "Plan Rows": 8, "Plan Width": 30, "Actual Rows": 248, "Actual Loops": 4, "Inner Unique": false, "Hash Cond": "(mi_idx1.movie_id = ml.movie_id)", "Workers": [], "Plans": [{"Node Type": "Hash Join", "Parent Relationship": "Outer", "Parallel Aware": false, "Async Capable": false, "Join Type": "Inner", "Startup Cost": 2.43, "Total Cost": 15286.6, "Plan Rows": 5089, "Plan Width": 9, "Actual Rows": 114981, "Actual Loops": 4, "Inner Unique": true, "Hash Cond": "(mi_idx1.info_type_id = it1.id)", "Workers": [], "Plans": [{"Node Type": "Seq Scan", "Parent Relationship": "Outer", "Parallel Aware": true, "Async Capable": false, "Relation Name": "movie_info_idx", "Alias": "mi_idx1", "Startup Cost": 0.0, "Total Cost": 13718.15, "Plan Rows": 575015, "Plan Width": 13, "Actual Rows": 345009, "Actual Loops": 4, "Workers": []}, {"Node Type": "Hash", "Parent Relationship": "Inner", "Parallel Aware": false, "Async Capable": false, "Startup Cost": 2.41, "Total Cost": 2.41, "Plan Rows": 1, "Plan Width": 4, "Actual Rows": 1, "Actual Loops": 4, "Hash Buckets": 1024, "Original Hash Buckets": 1024, "Hash Batches": 1, "Original Hash Batches": 1, "Peak Memory Usage": 9, "Workers": [], "Plans": [{"Node Type": "Seq Scan", "Parent Relationship": "Outer", "Parallel Aware": false, "Async Capable": false, "Relation Name": "info_type", "Alias": "it1", "Startup Cost": 0.0, "Total Cost": 2.41, "Plan Rows": 1, "Plan Width": 4, "Actual Rows": 1, "Actual Loops": 4, "Filter": "((info)::text = 'votes'::text)", "Rows Removed by Filter": 112, "Workers": []}]}]}, {"Node Type": "Hash", "Parent Relationship": "Inner", "Parallel Aware": true, "Async Capable": false, "Startup Cost": 18073.52, "Total Cost": 18073.52, "Plan Rows": 288, "Plan Width": 21, "Actual Rows": 388, "Actual Loops": 4, "Hash Buckets": 2048, "Original Hash Buckets": 1024, "Hash Batches": 1, "Original Hash Batches": 1, "Peak Memory Usage": 152, "Workers": [], "Plans": [{"Node Type": "Hash Join", "Parent Relationship": "Outer", "Parallel Aware": false, "Async Capable": false, "Join Type": "Inner", "Startup Cost": 840.36, "Total Cost": 18073.52, "Plan Rows": 288, "Plan Width": 21, "Actual Rows": 388, "Actual Loops": 4, "Inner Unique": false, "Hash Cond": "(mi_idx2.movie_id = ml.linked_movie_id)", "Workers": [], "Plans": [{"Node Type": "Hash Join", "Parent Relationship": "Outer", "Parallel Aware": false, "Async Capable": false, "Join Type": "Inner", "Startup Cost": 2.43, "Total Cost": 16505.03, "Plan Rows": 4377, "Plan Width": 9, "Actual Rows": 55, "Actual Loops": 4, "Inner Unique": true, "Hash Cond": "(mi_idx2.info_type_id = it2.id)", "Workers": [], "Plans": [{"Node Type": "Seq Scan", "Parent Relationship": "Outer", "Parallel Aware": true, "Async Capable": false, "Relation Name": "movie_info_idx", "Alias": "mi_idx2", "Startup Cost": 0.0, "Total Cost": 15155.68, "Plan Rows": 494562, "Plan Width": 13, "Actual Rows": 296767, "Actual Loops": 4, "Filter": "((info)::text <= '7.0'::text)", "Rows Removed by Filter": 48242, "Workers": []}, {"Node Type": "Hash", "Parent Relationship": "Inner", "Parallel Aware": false, "Async Capable": false, "Startup Cost": 2.41, "Total Cost": 2.41, "Plan Rows": 1, "Plan Width": 4, "Actual Rows": 1, "Actual Loops": 4, "Hash Buckets": 1024, "Original Hash Buckets": 1024, "Hash Batches": 1, "Original Hash Batches": 1, "Peak Memory Usage": 9, "Workers": [], "Plans": [{"Node Type": "Seq Scan", "Parent Relationship": "Outer", "Parallel Aware": false, "Async Capable": false, "Relation Name": "info_type", "Alias": "it2", "Startup Cost": 0.0, "Total Cost": 2.41, "Plan Rows": 1, "Plan Width": 4, "Actual Rows": 1, "Actual Loops": 4, "Filter": "((info)::text = 'top 250 rank'::text)", "Rows Removed by Filter": 112, "Workers": []}]}]}, {"Node Type": "Hash", "Parent Relationship": "Inner", "Parallel Aware": false, "Async Capable": false, "Startup Cost": 462.97, "Total Cost": 462.97, "Plan Rows": 29997, "Plan Width": 12, "Actual Rows": 29997, "Actual Loops": 2, "Hash Buckets": 32768, "Original Hash Buckets": 32768, "Hash Batches": 1, "Original Hash Batches": 1, "Peak Memory Usage": 1545, "Workers": [], "Plans": [{"Node Type": "Seq Scan", "Parent Relationship": "Outer", "Parallel Aware": false, "Async Capable": false, "Relation Name": "movie_link", "Alias": "ml", "Startup Cost": 0.0, "Total Cost": 462.97, "Plan Rows": 29997, "Plan Width": 12, "Actual Rows": 29997, "Actual Loops": 2, "Workers": []}]}]}]}]}, {"Node Type": "Index Scan", "Parent Relationship": "Inner", "Parallel Aware": false, "Async Capable": false, "Scan Direction": "Forward", "Index Name": "title_pkey", "Relation Name": "title", "Alias": "t2", "Startup Cost": 0.43, "Total Cost": 0.6, "Plan Rows": 1, "Plan Width": 25, "Actual Rows": 1, "Actual Loops": 993, "Index Cond": "(id = mi_idx2.movie_id)", "Rows Removed by Index Recheck": 0, "Filter": "(production_year <= 1992)", "Rows Removed by Filter": 0, "Workers": []}]}, {"Node Type": "Index Scan", "Parent Relationship": "Inner", "Parallel Aware": false, "Async Capable": false, "Scan Direction": "Forward", "Index Name": "kind_type_pkey", "Relation Name": "kind_type", "Alias": "kt2", "Startup Cost": 0.13, "Total Cost": 0.15, "Plan Rows": 1, "Plan Width": 4, "Actual Rows": 1, "Actual Loops": 815, "Index Cond": "(id = t2.kind_id)", "Rows Removed by Index Recheck": 0, "Filter": "((kind)::text = 'movie'::text)", "Rows Removed by Filter": 0, "Workers": []}]}]}]}, {"Node Type": "Index Scan", "Parent Relationship": "Inner", "Parallel Aware": false, "Async Capable": false, "Scan Direction": "Forward", "Index Name": "company_name_pkey", "Relation Name": "company_name", "Alias": "cn1", "Startup Cost": 0.42, "Total Cost": 0.45, "Plan Rows": 1, "Plan Width": 23, "Actual Rows": 0, "Actual Loops": 2045, "Index Cond": "(id = mc1.company_id)", "Rows Removed by Index Recheck": 0, "Filter": "((country_code)::text = '[de]'::text)", "Rows Removed by Filter": 1, "Workers": []}]}]}]}]}, {"Node Type": "Index Scan", "Parent Relationship": "Inner", "Parallel Aware": false, "Async Capable": false, "Scan Direction": "Forward", "Index Name": "company_name_pkey", "Relation Name": "company_name", "Alias": "cn2", "Startup Cost": 0.42, "Total Cost": 0.44, "Plan Rows": 1, "Plan Width": 23, "Actual Rows": 1, "Actual Loops": 2182, "Index Cond": "(id = mc2.company_id)", "Rows Removed by Index Recheck": 0}]}, {"Node Type": "Index Scan", "Parent Relationship": "Inner", "Parallel Aware": false, "Async Capable": false, "Scan Direction": "Forward", "Index Name": "title_pkey", "Relation Name": "title", "Alias": "t1", "Startup Cost": 0.43, "Total Cost": 0.52, "Plan Rows": 1, "Plan Width": 25, "Actual Rows": 1, "Actual Loops": 2182, "Index Cond": "(id = mc1.movie_id)", "Rows Removed by Index Recheck": 0}]}, {"Node Type": "Index Scan", "Parent Relationship": "Inner", "Parallel Aware": false, "Async Capable": false, "Scan Direction": "Forward", "Index Name": "kind_type_pkey", "Relation Name": "kind_type", "Alias": "kt1", "Startup Cost": 0.13, "Total Cost": 0.15, "Plan Rows": 1, "Plan Width": 4, "Actual Rows": 1, "Actual Loops": 2182, "Index Cond": "(id = t1.kind_id)", "Rows Removed by Index Recheck": 0, "Filter": "((kind)::text = ANY ('{episode,movie}'::text[]))", "Rows Removed by Filter": 0}]}]}]}]}, "Planning Time": 71.657, "Triggers": [], "Execution Time": 382.288}, {"Plan": {"Node Type": "Aggregate", "Strategy": "Plain", "Partial Mode": "Simple", "Parallel Aware": false, "Async Capable": false, "Startup Cost": 116599.5, "Total Cost": 116599.51, "Plan Rows": 1, "Plan Width": 192, "Actual Rows": 1, "Actual Loops": 1, "Plans": [{"Node Type": "Gather", "Parent Relationship": "Outer", "Parallel Aware": false, "Async Capable": false, "Startup Cost": 68952.92, "Total Cost": 116599.48, "Plan Rows": 1, "Plan Width": 82, "Actual Rows": 134, "Actual Loops": 1, "Workers Planned": 3, "Workers Launched": 3, "Single Copy": false, "Plans": [{"Node Type": "Hash Join", "Parent Relationship": "Outer", "Parallel Aware": true, "Async Capable": false, "Join Type": "Inner", "Startup Cost": 67952.92, "Total Cost": 115599.38, "Plan Rows": 1, "Plan Width": 82, "Actual Rows": 34, "Actual Loops": 4, "Inner Unique": false, "Hash Cond": "(t1.id = ml.movie_id)", "Workers": [], "Plans": [{"Node Type": "Hash Join", "Parent Relationship": "Outer", "Parallel Aware": false, "Async Capable": false, "Join Type": "Inner", "Startup Cost": 4841.06, "Total Cost": 52450.14, "Plan Rows": 9964, "Plan Width": 44, "Actual Rows": 26192, "Actual Loops": 4, "Inner Unique": true, "Hash Cond": "(t1.kind_id = kt1.id)", "Workers": [], "Plans": [{"Node Type": "Nested Loop", "Parent Relationship": "Outer", "Parallel Aware": false, "Async Capable": false, "Join Type": "Inner", "Startup Cost": 4839.95, "Total Cost": 52302.06, "Plan Rows": 34874, "Plan Width": 48, "Actual Rows": 37033, "Actual Loops": 4, "Inner Unique": true, "Workers": [], "Plans": [{"Node Type": "Hash Join", "Parent Relationship": "Outer", "Parallel Aware": true, "Async Capable": false, "Join Type": "Inner", "Startup Cost": 4839.52, "Total Cost": 34289.45, "Plan Rows": 34874, "Plan Width": 23, "Actual Rows": 37033, "Actual Loops": 4, "Inner Unique": true, "Hash Cond": "(mc1.company_id = cn1.id)", "Workers": [], "Plans": [{"Node Type": "Seq Scan", "Parent Relationship": "Outer", "Parallel Aware": true, "Async Capable": false, "Relation Name": "movie_companies", "Alias": "mc1", "Startup Cost": 0.0, "Total Cost": 27240.55, "Plan Rows": 841655, "Plan Width": 8, "Actual Rows": 652282, "Actual Loops": 4, "Workers": []}, {"Node Type": "Hash", "Parent Relationship": "Inner", "Parallel Aware": true, "Async Capable": false, "Startup Cost": 4767.92, "Total Cost": 4767.92, "Plan Rows": 5728, "Plan Width": 23, "Actual Rows": 2444, "Actual Loops": 4, "Hash Buckets": 16384, "Original Hash Buckets": 16384, "Hash Batches": 1, "Original Hash Batches": 1, "Peak Memory Usage": 736, "Workers": [], "Plans": [{"Node Type": "Seq Scan", "Parent Relationship": "Outer", "Parallel Aware": true, "Async Capable": false, "Relation Name": "company_name", "Alias": "cn1", "Startup Cost": 0.0, "Total Cost": 4767.92, "Plan Rows": 5728, "Plan Width": 23, "Actual Rows": 2444, "Actual Loops": 4, "Filter": "((country_code)::text = '[de]'::text)", "Rows Removed by Filter": 56306, "Workers": []}]}]}, {"Node Type": "Index Scan", "Parent Relationship": "Inner", "Parallel Aware": false, "Async Capable": false, "Scan Direction": "Forward", "Index Name": "title_pkey", "Relation Name": "title", "Alias": "t1", "Startup Cost": 0.43, "Total Cost": 0.52, "Plan Rows": 1, "Plan Width": 25, "Actual Rows": 1, "Actual Loops": 148132, "Index Cond": "(id = mc1.movie_id)", "Rows Removed by Index Recheck": 0, "Workers": []}]}, {"Node Type": "Hash", "Parent Relationship": "Inner", "Parallel Aware": false, "Async Capable": false, "Startup Cost": 1.09, "Total Cost": 1.09, "Plan Rows": 2, "Plan Width": 4, "Actual Rows": 2, "Actual Loops": 4, "Hash Buckets": 1024, "Original Hash Buckets": 1024, "Hash Batches": 1, "Original Hash Batches": 1, "Peak Memory Usage": 9, "Workers": [], "Plans": [{"Node Type": "Seq Scan", "Parent Relationship": "Outer", "Parallel Aware": false, "Async Capable": false, "Relation Name": "kind_type", "Alias": "kt1", "Startup Cost": 0.0, "Total Cost": 1.09, "Plan Rows": 2, "Plan Width": 4, "Actual Rows": 2, "Actual Loops": 4, "Filter": "((kind)::text = ANY ('{episode,movie}'::text[]))", "Rows Removed by Filter": 5, "Workers": []}]}]}, {"Node Type": "Hash", "Parent Relationship": "Inner", "Parallel Aware": true, "Async Capable": false, "Startup Cost": 63111.85, "Total Cost": 63111.85, "Plan Rows": 1, "Plan Width": 54, "Actual Rows": 862, "Actual Loops": 4, "Hash Buckets": 4096, "Original Hash Buckets": 1024, "Hash Batches": 1, "Original Hash Batches": 1, "Peak Memory Usage": 472, "Workers": [], "Plans": [{"Node Type": "Nested Loop", "Parent Relationship": "Outer", "Parallel Aware": false, "Async Capable": false, "Join Type": "Inner", "Startup Cost": 32715.03, "Total Cost": 63111.85, "Plan Rows": 1, "Plan Width": 54, "Actual Rows": 862, "Actual Loops": 4, "Inner Unique": true, "Workers": [], "Plans": [{"Node Type": "Nested Loop", "Parent Relationship": "Outer", "Parallel Aware": false, "Async Capable": false, "Join Type": "Inner", "Startup Cost": 32714.61, "Total Cost": 63111.41, "Plan Rows": 1, "Plan Width": 39, "Actual Rows": 862, "Actual Loops": 4, "Inner Unique": true, "Workers": [], "Plans": [{"Node Type": "Hash Join", "Parent Relationship": "Outer", "Parallel Aware": true, "Async Capable": false, "Join Type": "Inner", "Startup Cost": 32714.47, "Total Cost": 63111.23, "Plan Rows": 1, "Plan Width": 43, "Actual Rows": 862, "Actual Loops": 4, "Inner Unique": false, "Hash Cond": "(mc2.movie_id = t2.id)", "Workers": [], "Plans": [{"Node Type": "Seq Scan", "Parent Relationship": "Outer", "Parallel Aware": true, "Async Capable": false, "Relation Name": "movie_companies", "Alias": "mc2", "Startup Cost": 0.0, "Total Cost": 27240.55, "Plan Rows": 841655, "Plan Width": 8, "Actual Rows": 652282, "Actual Loops": 4, "Workers": []}, {"Node Type": "Hash", "Parent Relationship": "Inner", "Parallel Aware": true, "Async Capable": false, "Startup Cost": 32714.46, "Total Cost": 32714.46, "Plan Rows": 1, "Plan Width": 51, "Actual Rows": 26, "Actual Loops": 4, "Hash Buckets": 1024, "Original Hash Buckets": 1024, "Hash Batches": 1, "Original Hash Batches": 1, "Peak Memory Usage": 136, "Workers": [], "Plans": [{"Node Type": "Nested Loop", "Parent Relationship": "Outer", "Parallel Aware": false, "Async Capable": false, "Join Type": "Inner", "Startup Cost": 17379.2, "Total Cost": 32714.46, "Plan Rows": 1, "Plan Width": 51, "Actual Rows": 26, "Actual Loops": 4, "Inner Unique": true, "Join Filter": "(t2.id = ml.linked_movie_id)", "Rows Removed by Join Filter": 0, "Workers": [], "Plans": [{"Node Type": "Hash Join", "Parent Relationship": "Outer", "Parallel Aware": true, "Async Capable": false, "Join Type": "Inner", "Startup Cost": 17378.77, "Total Cost": 32713.84, "Plan Rows": 1, "Plan Width": 26, "Actual Rows": 30, "Actual Loops": 4, "Inner Unique": false, "Hash Cond": "(mi_idx1.movie_id = ml.movie_id)", "Workers": [], "Plans": [{"Node Type": "Hash Join", "Parent Relationship": "Outer", "Parallel Aware": false, "Async Capable": false, "Join Type": "Inner", "Startup Cost": 2.43, "Total Cost": 15286.6, "Plan Rows": 5089, "Plan Width": 9, "Actual Rows": 114981, "Actual Loops": 4, "Inner Unique": true, "Hash Cond": "(mi_idx1.info_type_id = it1.id)", "Workers": [], "Plans": [{"Node Type": "Seq Scan", "Parent Relationship": "Outer", "Parallel Aware": true, "Async Capable": false, "Relation Name": "movie_info_idx", "Alias": "mi_idx1", "Startup Cost": 0.0, "Total Cost": 13718.15, "Plan Rows": 575015, "Plan Width": 13, "Actual Rows": 345009, "Actual Loops": 4, "Workers": []}, {"Node Type": "Hash", "Parent Relationship": "Inner", "Parallel Aware": false, "Async Capable": false, "Startup Cost": 2.41, "Total Cost": 2.41, "Plan Rows": 1, "Plan Width": 4, "Actual Rows": 1, "Actual Loops": 4, "Hash Buckets": 1024, "Original Hash Buckets": 1024, "Hash Batches": 1, "Original Hash Batches": 1, "Peak Memory Usage": 9, "Workers": [], "Plans": [{"Node Type": "Seq Scan", "Parent Relationship": "Outer", "Parallel Aware": false, "Async Capable": false, "Relation Name": "info_type", "Alias": "it1", "Startup Cost": 0.0, "Total Cost": 2.41, "Plan Rows": 1, "Plan Width": 4, "Actual Rows": 1, "Actual Loops": 4, "Filter": "((info)::text = 'votes'::text)", "Rows Removed by Filter": 112, "Workers": []}]}]}, {"Node Type": "Hash", "Parent Relationship": "Inner", "Parallel Aware": true, "Async Capable": false, "Startup Cost": 17375.74, "Total Cost": 17375.74, "Plan Rows": 48, "Plan Width": 17, "Actual Rows": 82, "Actual Loops": 4, "Hash Buckets": 1024, "Original Hash Buckets": 1024, "Hash Batches": 1, "Original Hash Batches": 1, "Peak Memory Usage": 72, "Workers": [], "Plans": [{"Node Type": "Hash Join", "Parent Relationship": "Outer", "Parallel Aware": false, "Async Capable": false, "Join Type": "Inner", "Startup Cost": 626.46, "Total Cost": 17375.74, "Plan Rows": 48, "Plan Width": 17, "Actual Rows": 82, "Actual Loops": 4, "Inner Unique": false, "Hash Cond": "(mi_idx2.movie_id = ml.linked_movie_id)", "Workers": [], "Plans": [{"Node Type": "Hash Join", "Parent Relationship": "Outer", "Parallel Aware": false, "Async Capable": false, "Join Type": "Inner", "Startup Cost": 2.43, "Total Cost": 16505.03, "Plan Rows": 4377, "Plan Width": 9, "Actual Rows": 55, "Actual Loops": 4, "Inner Unique": true, "Hash Cond": "(mi_idx2.info_type_id = it2.id)", "Workers": [], "Plans": [{"Node Type": "Seq Scan", "Parent Relationship": "Outer", "Parallel Aware": true, "Async Capable": false, "Relation Name": "movie_info_idx", "Alias": "mi_idx2", "Startup Cost": 0.0, "Total Cost": 15155.68, "Plan Rows": 494562, "Plan Width": 13, "Actual Rows": 296767, "Actual Loops": 4, "Filter": "((info)::text <= '7.0'::text)", "Rows Removed by Filter": 48242, "Workers": []}, {"Node Type": "Hash", "Parent Relationship": "Inner", "Parallel Aware": false, "Async Capable": false, "Startup Cost": 2.41, "Total Cost": 2.41, "Plan Rows": 1, "Plan Width": 4, "Actual Rows": 1, "Actual Loops": 4, "Hash Buckets": 1024, "Original Hash Buckets": 1024, "Hash Batches": 1, "Original Hash Batches": 1, "Peak Memory Usage": 9, "Workers": [], "Plans": [{"Node Type": "Seq Scan", "Parent Relationship": "Outer", "Parallel Aware": false, "Async Capable": false, "Relation Name": "info_type", "Alias": "it2", "Startup Cost": 0.0, "Total Cost": 2.41, "Plan Rows": 1, "Plan Width": 4, "Actual Rows": 1, "Actual Loops": 4, "Filter": "((info)::text = 'top 250 rank'::text)", "Rows Removed by Filter": 112, "Workers": []}]}]}, {"Node Type": "Hash", "Parent Relationship": "Inner", "Parallel Aware": false, "Async Capable": false, "Startup Cost": 561.53, "Total Cost": 561.53, "Plan Rows": 5000, "Plan Width": 8, "Actual Rows": 7409, "Actual Loops": 2, "Hash Buckets": 8192, "Original Hash Buckets": 8192, "Hash Batches": 1, "Original Hash Batches": 1, "Peak Memory Usage": 354, "Workers": [], "Plans": [{"Node Type": "Hash Join", "Parent Relationship": "Outer", "Parallel Aware": false, "Async Capable": false, "Join Type": "Inner", "Startup Cost": 1.29, "Total Cost": 561.53, "Plan Rows": 5000, "Plan Width": 8, "Actual Rows": 7409, "Actual Loops": 2, "Inner Unique": true, "Hash Cond": "(ml.link_type_id = lt.id)", "Workers": [], "Plans": [{"Node Type": "Seq Scan", "Parent Relationship": "Outer", "Parallel Aware": false, "Async Capable": false, "Relation Name": "movie_link", "Alias": "ml", "Startup Cost": 0.0, "Total Cost": 462.97, "Plan Rows": 29997, "Plan Width": 12, "Actual Rows": 29997, "Actual Loops": 2, "Workers": []}, {"Node Type": "Hash", "Parent Relationship": "Inner", "Parallel Aware": false, "Async Capable": false, "Startup Cost": 1.25, "Total Cost": 1.25, "Plan Rows": 3, "Plan Width": 4, "Actual Rows": 2, "Actual Loops": 2, "Hash Buckets": 1024, "Original Hash Buckets": 1024, "Hash Batches": 1, "Original Hash Batches": 1, "Peak Memory Usage": 9, "Workers": [], "Plans": [{"Node Type": "Seq Scan", "Parent Relationship": "Outer", "Parallel Aware": false, "Async Capable": false, "Relation Name": "link_type", "Alias": "lt", "Startup Cost": 0.0, "Total Cost": 1.25, "Plan Rows": 3, "Plan Width": 4, "Actual Rows": 2, "Actual Loops": 2, "Filter": "((link)::text = ANY ('{\"featured in\",features,features}'::text[]))", "Rows Removed by Filter": 16, "Workers": []}]}]}]}]}]}]}, {"Node Type": "Index Scan", "Parent Relationship": "Inner", "Parallel Aware": false, "Async Capable": false, "Scan Direction": "Forward", "Index Name": "title_pkey", "Relation Name": "title", "Alias": "t2", "Startup Cost": 0.43, "Total Cost": 0.6, "Plan Rows": 1, "Plan Width": 25, "Actual Rows": 1, "Actual Loops": 120, "Index Cond": "(id = mi_idx2.movie_id)", "Rows Removed by Index Recheck": 0, "Filter": "(production_year <= 1992)", "Rows Removed by Filter": 0, "Workers": []}]}]}]}, {"Node Type": "Memoize", "Parent Relationship": "Inner", "Parallel Aware": false, "Async Capable": false, "Startup Cost": 0.14, "Total Cost": 0.16, "Plan Rows": 1, "Plan Width": 4, "Actual Rows": 1, "Actual Loops": 3447, "Cache Key": "t2.kind_id", "Cache Mode": "logical", "Cache Hits": 479, "Cache Misses": 1, "Cache Evictions": 0, "Cache Overflows": 0, "Peak Memory Usage": 1, "Workers": [{"Worker Number": 0, "Cache Hits": 1107, "Cache Misses": 1, "Cache Evictions": 0, "Cache Overflows": 0, "Peak Memory Usage": 1}, {"Worker Number": 1, "Cache Hits": 766, "Cache Misses": 1, "Cache Evictions": 0, "Cache Overflows": 0, "Peak Memory Usage": 1}, {"Worker Number": 2, "Cache Hits": 1091, "Cache Misses": 1, "Cache Evictions": 0, "Cache Overflows": 0, "Peak Memory Usage": 1}], "Plans": [{"Node Type": "Index Scan", "Parent Relationship": "Outer", "Parallel Aware": false, "Async Capable": false, "Scan Direction": "Forward", "Index Name": "kind_type_pkey", "Relation Name": "kind_type", "Alias": "kt2", "Startup Cost": 0.13, "Total Cost": 0.15, "Plan Rows": 1, "Plan Width": 4, "Actual Rows": 1, "Actual Loops": 4, "Index Cond": "(id = t2.kind_id)", "Rows Removed by Index Recheck": 0, "Filter": "((kind)::text = 'movie'::text)", "Rows Removed by Filter": 0, "Workers": []}]}]}, {"Node Type": "Index Scan", "Parent Relationship": "Inner", "Parallel Aware": false, "Async Capable": false, "Scan Direction": "Forward", "Index Name": "company_name_pkey", "Relation Name": "company_name", "Alias": "cn2", "Startup Cost": 0.42, "Total Cost": 0.44, "Plan Rows": 1, "Plan Width": 23, "Actual Rows": 1, "Actual Loops": 3447, "Index Cond": "(id = mc2.company_id)", "Rows Removed by Index Recheck": 0, "Workers": []}]}]}]}]}]}, "Planning Time": 70.417, "Triggers": [], "Execution Time": 855.596}, {"Plan": {"Node Type": "Aggregate", "Strategy": "Plain", "Partial Mode": "Simple", "Parallel Aware": false, "Async Capable": false, "Startup Cost": 94554.57, "Total Cost": 94554.58, "Plan Rows": 1, "Plan Width": 192, "Actual Rows": 1, "Actual Loops": 1, "Plans": [{"Node Type": "Gather", "Parent Relationship": "Outer", "Parallel Aware": false, "Async Capable": false, "Startup Cost": 64157.52, "Total Cost": 94554.55, "Plan Rows": 1, "Plan Width": 82, "Actual Rows": 134, "Actual Loops": 1, "Workers Planned": 3, "Workers Launched": 3, "Single Copy": false, "Plans": [{"Node Type": "Hash Join", "Parent Relationship": "Outer", "Parallel Aware": true, "Async Capable": false, "Join Type": "Inner", "Startup Cost": 63157.52, "Total Cost": 93554.45, "Plan Rows": 1, "Plan Width": 82, "Actual Rows": 34, "Actual Loops": 4, "Inner Unique": false, "Hash Cond": "(t1.id = mi_idx1.movie_id)", "Workers": [], "Plans": [{"Node Type": "Nested Loop", "Parent Relationship": "Outer", "Parallel Aware": false, "Async Capable": false, "Join Type": "Inner", "Startup Cost": 47807.31, "Total Cost": 78204.23, "Plan Rows": 1, "Plan Width": 89, "Actual Rows": 34, "Actual Loops": 4, "Inner Unique": true, "Workers": [], "Plans": [{"Node Type": "Nested Loop", "Parent Relationship": "Outer", "Parallel Aware": false, "Async Capable": false, "Join Type": "Inner", "Startup Cost": 47806.89, "Total Cost": 78203.78, "Plan Rows": 1, "Plan Width": 74, "Actual Rows": 34, "Actual Loops": 4, "Inner Unique": true, "Workers": [], "Plans": [{"Node Type": "Nested Loop", "Parent Relationship": "Outer", "Parallel Aware": false, "Async Capable": false, "Join Type": "Inner", "Startup Cost": 47806.76, "Total Cost": 78203.62, "Plan Rows": 1, "Plan Width": 78, "Actual Rows": 34, "Actual Loops": 4, "Inner Unique": true, "Join Filter": "(t1.id = ml.movie_id)", "Rows Removed by Join Filter": 0, "Workers": [], "Plans": [{"Node Type": "Hash Join", "Parent Relationship": "Outer", "Parallel Aware": true, "Async Capable": false, "Join Type": "Inner", "Startup Cost": 47806.33, "Total Cost": 78203.09, "Plan Rows": 1, "Plan Width": 53, "Actual Rows": 34, "Actual Loops": 4, "Inner Unique": false, "Hash Cond": "(mc2.movie_id = t2.id)", "Workers": [], "Plans": [{"Node Type": "Seq Scan", "Parent Relationship": "Outer", "Parallel Aware": true, "Async Capable": false, "Relation Name": "movie_companies", "Alias": "mc2", "Startup Cost": 0.0, "Total Cost": 27240.55, "Plan Rows": 841655, "Plan Width": 8, "Actual Rows": 652282, "Actual Loops": 4, "Workers": []}, {"Node Type": "Hash", "Parent Relationship": "Inner", "Parallel Aware": true, "Async Capable": false, "Startup Cost": 47806.31, "Total Cost": 47806.31, "Plan Rows": 1, "Plan Width": 61, "Actual Rows": 1, "Actual Loops": 4, "Hash Buckets": 1024, "Original Hash Buckets": 1024, "Hash Batches": 1, "Original Hash Batches": 1, "Peak Memory Usage": 40, "Workers": [], "Plans": [{"Node Type": "Nested Loop", "Parent Relationship": "Outer", "Parallel Aware": false, "Async Capable": false, "Join Type": "Inner", "Startup Cost": 17406.83, "Total Cost": 47806.31, "Plan Rows": 1, "Plan Width": 61, "Actual Rows": 1, "Actual Loops": 4, "Inner Unique": true, "Workers": [], "Plans": [{"Node Type": "Hash Join", "Parent Relationship": "Outer", "Parallel Aware": true, "Async Capable": false, "Join Type": "Inner", "Startup Cost": 17406.41, "Total Cost": 47803.19, "Plan Rows": 7, "Plan Width": 46, "Actual Rows": 66, "Actual Loops": 4, "Inner Unique": false, "Hash Cond": "(mc1.movie_id = ml.movie_id)", "Workers": [], "Plans": [{"Node Type": "Seq Scan", "Parent Relationship": "Outer", "Parallel Aware": true, "Async Capable": false, "Relation Name": "movie_companies", "Alias": "mc1", "Startup Cost": 0.0, "Total Cost": 27240.55, "Plan Rows": 841655, "Plan Width": 8, "Actual Rows": 652282, "Actual Loops": 4, "Workers": []}, {"Node Type": "Hash", "Parent Relationship": "Inner", "Parallel Aware": true, "Async Capable": false, "Startup Cost": 17406.38, "Total Cost": 17406.38, "Plan Rows": 2, "Plan Width": 38, "Actual Rows": 60, "Actual Loops": 4, "Hash Buckets": 1024, "Original Hash Buckets": 1024, "Hash Batches": 1, "Original Hash Batches": 1, "Peak Memory Usage": 72, "Workers": [], "Plans": [{"Node Type": "Hash Join", "Parent Relationship": "Outer", "Parallel Aware": false, "Async Capable": false, "Join Type": "Inner", "Startup Cost": 627.99, "Total Cost": 17406.38, "Plan Rows": 2, "Plan Width": 38, "Actual Rows": 60, "Actual Loops": 4, "Inner Unique": true, "Hash Cond": "(t2.kind_id = kt2.id)", "Workers": [], "Plans": [{"Node Type": "Nested Loop", "Parent Relationship": "Outer", "Parallel Aware": false, "Async Capable": false, "Join Type": "Inner", "Startup Cost": 626.89, "Total Cost": 17405.23, "Plan Rows": 14, "Plan Width": 42, "Actual Rows": 60, "Actual Loops": 4, "Inner Unique": true, "Join Filter": "(t2.id = ml.linked_movie_id)", "Rows Removed by Join Filter": 0, "Workers": [], "Plans": [{"Node Type": "Hash Join", "Parent Relationship": "Outer", "Parallel Aware": false, "Async Capable": false, "Join Type": "Inner", "Startup Cost": 626.46, "Total Cost": 17375.74, "Plan Rows": 48, "Plan Width": 17, "Actual Rows": 82, "Actual Loops": 4, "Inner Unique": false, "Hash Cond": "(mi_idx2.movie_id = ml.linked_movie_id)", "Workers": [], "Plans": [{"Node Type": "Hash Join", "Parent Relationship": "Outer", "Parallel Aware": false, "Async Capable": false, "Join Type": "Inner", "Startup Cost": 2.43, "Total Cost": 16505.03, "Plan Rows": 4377, "Plan Width": 9, "Actual Rows": 55, "Actual Loops": 4, "Inner Unique": true, "Hash Cond": "(mi_idx2.info_type_id = it2.id)", "Workers": [], "Plans": [{"Node Type": "Seq Scan", "Parent Relationship": "Outer", "Parallel Aware": true, "Async Capable": false, "Relation Name": "movie_info_idx", "Alias": "mi_idx2", "Startup Cost": 0.0, "Total Cost": 15155.68, "Plan Rows": 494562, "Plan Width": 13, "Actual Rows": 296767, "Actual Loops": 4, "Filter": "((info)::text <= '7.0'::text)", "Rows Removed by Filter": 48242, "Workers": []}, {"Node Type": "Hash", "Parent Relationship": "Inner", "Parallel Aware": false, "Async Capable": false, "Startup Cost": 2.41, "Total Cost": 2.41, "Plan Rows": 1, "Plan Width": 4, "Actual Rows": 1, "Actual Loops": 4, "Hash Buckets": 1024, "Original Hash Buckets": 1024, "Hash Batches": 1, "Original Hash Batches": 1, "Peak Memory Usage": 9, "Workers": [], "Plans": [{"Node Type": "Seq Scan", "Parent Relationship": "Outer", "Parallel Aware": false, "Async Capable": false, "Relation Name": "info_type", "Alias": "it2", "Startup Cost": 0.0, "Total Cost": 2.41, "Plan Rows": 1, "Plan Width": 4, "Actual Rows": 1, "Actual Loops": 4, "Filter": "((info)::text = 'top 250 rank'::text)", "Rows Removed by Filter": 112, "Workers": []}]}]}, {"Node Type": "Hash", "Parent Relationship": "Inner", "Parallel Aware": false, "Async Capable": false, "Startup Cost": 561.53, "Total Cost": 561.53, "Plan Rows": 5000, "Plan Width": 8, "Actual Rows": 7409, "Actual Loops": 2, "Hash Buckets": 8192, "Original Hash Buckets": 8192, "Hash Batches": 1, "Original Hash Batches": 1, "Peak Memory Usage": 354, "Workers": [], "Plans": [{"Node Type": "Hash Join", "Parent Relationship": "Outer", "Parallel Aware": false, "Async Capable": false, "Join Type": "Inner", "Startup Cost": 1.29, "Total Cost": 561.53, "Plan Rows": 5000, "Plan Width": 8, "Actual Rows": 7409, "Actual Loops": 2, "Inner Unique": true, "Hash Cond": "(ml.link_type_id = lt.id)", "Workers": [], "Plans": [{"Node Type": "Seq Scan", "Parent Relationship": "Outer", "Parallel Aware": false, "Async Capable": false, "Relation Name": "movie_link", "Alias": "ml", "Startup Cost": 0.0, "Total Cost": 462.97, "Plan Rows": 29997, "Plan Width": 12, "Actual Rows": 29997, "Actual Loops": 2, "Workers": []}, {"Node Type": "Hash", "Parent Relationship": "Inner", "Parallel Aware": false, "Async Capable": false, "Startup Cost": 1.25, "Total Cost": 1.25, "Plan Rows": 3, "Plan Width": 4, "Actual Rows": 2, "Actual Loops": 2, "Hash Buckets": 1024, "Original Hash Buckets": 1024, "Hash Batches": 1, "Original Hash Batches": 1, "Peak Memory Usage": 9, "Workers": [], "Plans": [{"Node Type": "Seq Scan", "Parent Relationship": "Outer", "Parallel Aware": false, "Async Capable": false, "Relation Name": "link_type", "Alias": "lt", "Startup Cost": 0.0, "Total Cost": 1.25, "Plan Rows": 3, "Plan Width": 4, "Actual Rows": 2, "Actual Loops": 2, "Filter": "((link)::text = ANY ('{\"featured in\",features,features}'::text[]))", "Rows Removed by Filter": 16, "Workers": []}]}]}]}]}, {"Node Type": "Index Scan", "Parent Relationship": "Inner", "Parallel Aware": false, "Async Capable": false, "Scan Direction": "Forward", "Index Name": "title_pkey", "Relation Name": "title", "Alias": "t2", "Startup Cost": 0.43, "Total Cost": 0.6, "Plan Rows": 1, "Plan Width": 25, "Actual Rows": 1, "Actual Loops": 330, "Index Cond": "(id = mi_idx2.movie_id)", "Rows Removed by Index Recheck": 0, "Filter": "(production_year <= 1992)", "Rows Removed by Filter": 0, "Workers": []}]}, {"Node Type": "Hash", "Parent Relationship": "Inner", "Parallel Aware": false, "Async Capable": false, "Startup Cost": 1.09, "Total Cost": 1.09, "Plan Rows": 1, "Plan Width": 4, "Actual Rows": 1, "Actual Loops": 4, "Hash Buckets": 1024, "Original Hash Buckets": 1024, "Hash Batches": 1, "Original Hash Batches": 1, "Peak Memory Usage": 9, "Workers": [], "Plans": [{"Node Type": "Seq Scan", "Parent Relationship": "Outer", "Parallel Aware": false, "Async Capable": false, "Relation Name": "kind_type", "Alias": "kt2", "Startup Cost": 0.0, "Total Cost": 1.09, "Plan Rows": 1, "Plan Width": 4, "Actual Rows": 1, "Actual Loops": 4, "Filter": "((kind)::text = 'movie'::text)", "Rows Removed by Filter": 6, "Workers": []}]}]}]}]}, {"Node Type": "Index Scan", "Parent Relationship": "Inner", "Parallel Aware": false, "Async Capable": false, "Scan Direction": "Forward", "Index Name": "company_name_pkey", "Relation Name": "company_name", "Alias": "cn1", "Startup Cost": 0.42, "Total Cost": 0.45, "Plan Rows": 1, "Plan Width": 23, "Actual Rows": 0, "Actual Loops": 263, "Index Cond": "(id = mc1.company_id)", "Rows Removed by Index Recheck": 0, "Filter": "((country_code)::text = '[de]'::text)", "Rows Removed by Filter": 1, "Workers": []}]}]}]}, {"Node Type": "Index Scan", "Parent Relationship": "Inner", "Parallel Aware": false, "Async Capable": false, "Scan Direction": "Forward", "Index Name": "title_pkey", "Relation Name": "title", "Alias": "t1", "Startup Cost": 0.43, "Total Cost": 0.52, "Plan Rows": 1, "Plan Width": 25, "Actual Rows": 1, "Actual Loops": 134, "Index Cond": "(id = mc1.movie_id)", "Rows Removed by Index Recheck": 0, "Workers": []}]}, {"Node Type": "Index Scan", "Parent Relationship": "Inner", "Parallel Aware": false, "Async Capable": false, "Scan Direction": "Forward", "Index Name": "kind_type_pkey", "Relation Name": "kind_type", "Alias": "kt1", "Startup Cost": 0.13, "Total Cost": 0.15, "Plan Rows": 1, "Plan Width": 4, "Actual Rows": 1, "Actual Loops": 134, "Index Cond": "(id = t1.kind_id)", "Rows Removed by Index Recheck": 0, "Filter": "((kind)::text = ANY ('{episode,movie}'::text[]))", "Rows Removed by Filter": 0, "Workers": []}]}, {"Node Type": "Index Scan", "Parent Relationship": "Inner", "Parallel Aware": false, "Async Capable": false, "Scan Direction": "Forward", "Index Name": "company_name_pkey", "Relation Name": "company_name", "Alias": "cn2", "Startup Cost": 0.42, "Total Cost": 0.44, "Plan Rows": 1, "Plan Width": 23, "Actual Rows": 1, "Actual Loops": 134, "Index Cond": "(id = mc2.company_id)", "Rows Removed by Index Recheck": 0, "Workers": []}]}, {"Node Type": "Hash", "Parent Relationship": "Inner", "Parallel Aware": true, "Async Capable": false, "Startup Cost": 15286.6, "Total Cost": 15286.6, "Plan Rows": 5089, "Plan Width": 9, "Actual Rows": 114981, "Actual Loops": 4, "Hash Buckets": 524288, "Original Hash Buckets": 16384, "Hash Batches": 1, "Original Hash Batches": 1, "Peak Memory Usage": 26304, "Workers": [], "Plans": [{"Node Type": "Hash Join", "Parent Relationship": "Outer", "Parallel Aware": false, "Async Capable": false, "Join Type": "Inner", "Startup Cost": 2.43, "Total Cost": 15286.6, "Plan Rows": 5089, "Plan Width": 9, "Actual Rows": 114981, "Actual Loops": 4, "Inner Unique": true, "Hash Cond": "(mi_idx1.info_type_id = it1.id)", "Workers": [], "Plans": [{"Node Type": "Seq Scan", "Parent Relationship": "Outer", "Parallel Aware": true, "Async Capable": false, "Relation Name": "movie_info_idx", "Alias": "mi_idx1", "Startup Cost": 0.0, "Total Cost": 13718.15, "Plan Rows": 575015, "Plan Width": 13, "Actual Rows": 345009, "Actual Loops": 4, "Workers": []}, {"Node Type": "Hash", "Parent Relationship": "Inner", "Parallel Aware": false, "Async Capable": false, "Startup Cost": 2.41, "Total Cost": 2.41, "Plan Rows": 1, "Plan Width": 4, "Actual Rows": 1, "Actual Loops": 4, "Hash Buckets": 1024, "Original Hash Buckets": 1024, "Hash Batches": 1, "Original Hash Batches": 1, "Peak Memory Usage": 9, "Workers": [], "Plans": [{"Node Type": "Seq Scan", "Parent Relationship": "Outer", "Parallel Aware": false, "Async Capable": false, "Relation Name": "info_type", "Alias": "it1", "Startup Cost": 0.0, "Total Cost": 2.41, "Plan Rows": 1, "Plan Width": 4, "Actual Rows": 1, "Actual Loops": 4, "Filter": "((info)::text = 'votes'::text)", "Rows Removed by Filter": 112, "Workers": []}]}]}]}]}]}]}, "Planning Time": 70.966, "Triggers": [], "Execution Time": 437.714}, {"Plan": {"Node Type": "Aggregate", "Strategy": "Plain", "Partial Mode": "Simple", "Parallel Aware": false, "Async Capable": false, "Startup Cost": 98970.04, "Total Cost": 98970.05, "Plan Rows": 1, "Plan Width": 192, "Actual Rows": 1, "Actual Loops": 1, "Plans": [{"Node Type": "Gather", "Parent Relationship": "Outer", "Parallel Aware": false, "Async Capable": false, "Startup Cost": 68997.64, "Total Cost": 98970.02, "Plan Rows": 1, "Plan Width": 82, "Actual Rows": 134, "Actual Loops": 1, "Workers Planned": 3, "Workers Launched": 3, "Single Copy": false, "Plans": [{"Node Type": "Hash Join", "Parent Relationship": "Outer", "Parallel Aware": true, "Async Capable": false, "Join Type": "Inner", "Startup Cost": 67997.64, "Total Cost": 97969.92, "Plan Rows": 1, "Plan Width": 82, "Actual Rows": 34, "Actual Loops": 4, "Inner Unique": false, "Hash Cond": "(t1.id = ml.movie_id)", "Workers": [], "Plans": [{"Node Type": "Hash Join", "Parent Relationship": "Outer", "Parallel Aware": false, "Async Capable": false, "Join Type": "Inner", "Startup Cost": 20191.27, "Total Cost": 50162.77, "Plan Rows": 208, "Plan Width": 53, "Actual Rows": 15962, "Actual Loops": 4, "Inner Unique": true, "Hash Cond": "(t1.kind_id = kt1.id)", "Workers": [], "Plans": [{"Node Type": "Nested Loop", "Parent Relationship": "Outer", "Parallel Aware": false, "Async Capable": false, "Join Type": "Inner", "Startup Cost": 20190.16, "Total Cost": 50158.59, "Plan Rows": 728, "Plan Width": 57, "Actual Rows": 20975, "Actual Loops": 4, "Inner Unique": true, "Join Filter": "(t1.id = mi_idx1.movie_id)", "Rows Removed by Join Filter": 0, "Workers": [], "Plans": [{"Node Type": "Hash Join", "Parent Relationship": "Outer", "Parallel Aware": true, "Async Capable": false, "Join Type": "Inner", "Startup Cost": 20189.73, "Total Cost": 49773.47, "Plan Rows": 728, "Plan Width": 32, "Actual Rows": 20975, "Actual Loops": 4, "Inner Unique": false, "Hash Cond": "(mc1.movie_id = mi_idx1.movie_id)", "Workers": [], "Plans": [{"Node Type": "Hash Join", "Parent Relationship": "Outer", "Parallel Aware": true, "Async Capable": false, "Join Type": "Inner", "Startup Cost": 4839.52, "Total Cost": 34289.45, "Plan Rows": 34874, "Plan Width": 23, "Actual Rows": 37033, "Actual Loops": 4, "Inner Unique": true, "Hash Cond": "(mc1.company_id = cn1.id)", "Workers": [], "Plans": [{"Node Type": "Seq Scan", "Parent Relationship": "Outer", "Parallel Aware": true, "Async Capable": false, "Relation Name": "movie_companies", "Alias": "mc1", "Startup Cost": 0.0, "Total Cost": 27240.55, "Plan Rows": 841655, "Plan Width": 8, "Actual Rows": 652282, "Actual Loops": 4, "Workers": []}, {"Node Type": "Hash", "Parent Relationship": "Inner", "Parallel Aware": true, "Async Capable": false, "Startup Cost": 4767.92, "Total Cost": 4767.92, "Plan Rows": 5728, "Plan Width": 23, "Actual Rows": 2444, "Actual Loops": 4, "Hash Buckets": 16384, "Original Hash Buckets": 16384, "Hash Batches": 1, "Original Hash Batches": 1, "Peak Memory Usage": 800, "Workers": [], "Plans": [{"Node Type": "Seq Scan", "Parent Relationship": "Outer", "Parallel Aware": true, "Async Capable": false, "Relation Name": "company_name", "Alias": "cn1", "Startup Cost": 0.0, "Total Cost": 4767.92, "Plan Rows": 5728, "Plan Width": 23, "Actual Rows": 2444, "Actual Loops": 4, "Filter": "((country_code)::text = '[de]'::text)", "Rows Removed by Filter": 56306, "Workers": []}]}]}, {"Node Type": "Hash", "Parent Relationship": "Inner", "Parallel Aware": true, "Async Capable": false, "Startup Cost": 15286.6, "Total Cost": 15286.6, "Plan Rows": 5089, "Plan Width": 9, "Actual Rows": 114981, "Actual Loops": 4, "Hash Buckets": 524288, "Original Hash Buckets": 16384, "Hash Batches": 1, "Original Hash Batches": 1, "Peak Memory Usage": 26272, "Workers": [], "Plans": [{"Node Type": "Hash Join", "Parent Relationship": "Outer", "Parallel Aware": false, "Async Capable": false, "Join Type": "Inner", "Startup Cost": 2.43, "Total Cost": 15286.6, "Plan Rows": 5089, "Plan Width": 9, "Actual Rows": 114981, "Actual Loops": 4, "Inner Unique": true, "Hash Cond": "(mi_idx1.info_type_id = it1.id)", "Workers": [], "Plans": [{"Node Type": "Seq Scan", "Parent Relationship": "Outer", "Parallel Aware": true, "Async Capable": false, "Relation Name": "movie_info_idx", "Alias": "mi_idx1", "Startup Cost": 0.0, "Total Cost": 13718.15, "Plan Rows": 575015, "Plan Width": 13, "Actual Rows": 345009, "Actual Loops": 4, "Workers": []}, {"Node Type": "Hash", "Parent Relationship": "Inner", "Parallel Aware": false, "Async Capable": false, "Startup Cost": 2.41, "Total Cost": 2.41, "Plan Rows": 1, "Plan Width": 4, "Actual Rows": 1, "Actual Loops": 4, "Hash Buckets": 1024, "Original Hash Buckets": 1024, "Hash Batches": 1, "Original Hash Batches": 1, "Peak Memory Usage": 9, "Workers": [], "Plans": [{"Node Type": "Seq Scan", "Parent Relationship": "Outer", "Parallel Aware": false, "Async Capable": false, "Relation Name": "info_type", "Alias": "it1", "Startup Cost": 0.0, "Total Cost": 2.41, "Plan Rows": 1, "Plan Width": 4, "Actual Rows": 1, "Actual Loops": 4, "Filter": "((info)::text = 'votes'::text)", "Rows Removed by Filter": 112, "Workers": []}]}]}]}]}, {"Node Type": "Index Scan", "Parent Relationship": "Inner", "Parallel Aware": false, "Async Capable": false, "Scan Direction": "Forward", "Index Name": "title_pkey", "Relation Name": "title", "Alias": "t1", "Startup Cost": 0.43, "Total Cost": 0.52, "Plan Rows": 1, "Plan Width": 25, "Actual Rows": 1, "Actual Loops": 83899, "Index Cond": "(id = mc1.movie_id)", "Rows Removed by Index Recheck": 0, "Workers": []}]}, {"Node Type": "Hash", "Parent Relationship": "Inner", "Parallel Aware": false, "Async Capable": false, "Startup Cost": 1.09, "Total Cost": 1.09, "Plan Rows": 2, "Plan Width": 4, "Actual Rows": 2, "Actual Loops": 4, "Hash Buckets": 1024, "Original Hash Buckets": 1024, "Hash Batches": 1, "Original Hash Batches": 1, "Peak Memory Usage": 9, "Workers": [], "Plans": [{"Node Type": "Seq Scan", "Parent Relationship": "Outer", "Parallel Aware": false, "Async Capable": false, "Relation Name": "kind_type", "Alias": "kt1", "Startup Cost": 0.0, "Total Cost": 1.09, "Plan Rows": 2, "Plan Width": 4, "Actual Rows": 2, "Actual Loops": 4, "Filter": "((kind)::text = ANY ('{episode,movie}'::text[]))", "Rows Removed by Filter": 5, "Workers": []}]}]}, {"Node Type": "Hash", "Parent Relationship": "Inner", "Parallel Aware": true, "Async Capable": false, "Startup Cost": 47806.28, "Total Cost": 47806.28, "Plan Rows": 7, "Plan Width": 45, "Actual Rows": 2211, "Actual Loops": 4, "Hash Buckets": 16384, "Original Hash Buckets": 1024, "Hash Batches": 1, "Original Hash Batches": 1, "Peak Memory Usage": 1048, "Workers": [], "Plans": [{"Node Type": "Nested Loop", "Parent Relationship": "Outer", "Parallel Aware": false, "Async Capable": false, "Join Type": "Inner", "Startup Cost": 17406.83, "Total Cost": 47806.28, "Plan Rows": 7, "Plan Width": 45, "Actual Rows": 2211, "Actual Loops": 4, "Inner Unique": true, "Workers": [], "Plans": [{"Node Type": "Hash Join", "Parent Relationship": "Outer", "Parallel Aware": true, "Async Capable": false, "Join Type": "Inner", "Startup Cost": 17406.41, "Total Cost": 47803.17, "Plan Rows": 7, "Plan Width": 30, "Actual Rows": 2211, "Actual Loops": 4, "Inner Unique": false, "Hash Cond": "(mc2.movie_id = t2.id)", "Workers": [], "Plans": [{"Node Type": "Seq Scan", "Parent Relationship": "Outer", "Parallel Aware": true, "Async Capable": false, "Relation Name": "movie_companies", "Alias": "mc2", "Startup Cost": 0.0, "Total Cost": 27240.55, "Plan Rows": 841655, "Plan Width": 8, "Actual Rows": 652282, "Actual Loops": 4, "Workers": []}, {"Node Type": "Hash", "Parent Relationship": "Inner", "Parallel Aware": true, "Async Capable": false, "Startup Cost": 17406.38, "Total Cost": 17406.38, "Plan Rows": 2, "Plan Width": 38, "Actual Rows": 60, "Actual Loops": 4, "Hash Buckets": 1024, "Original Hash Buckets": 1024, "Hash Batches": 1, "Original Hash Batches": 1, "Peak Memory Usage": 72, "Workers": [], "Plans": [{"Node Type": "Hash Join", "Parent Relationship": "Outer", "Parallel Aware": false, "Async Capable": false, "Join Type": "Inner", "Startup Cost": 627.99, "Total Cost": 17406.38, "Plan Rows": 2, "Plan Width": 38, "Actual Rows": 60, "Actual Loops": 4, "Inner Unique": true, "Hash Cond": "(t2.kind_id = kt2.id)", "Workers": [], "Plans": [{"Node Type": "Nested Loop", "Parent Relationship": "Outer", "Parallel Aware": false, "Async Capable": false, "Join Type": "Inner", "Startup Cost": 626.89, "Total Cost": 17405.23, "Plan Rows": 14, "Plan Width": 42, "Actual Rows": 60, "Actual Loops": 4, "Inner Unique": true, "Join Filter": "(t2.id = ml.linked_movie_id)", "Rows Removed by Join Filter": 0, "Workers": [], "Plans": [{"Node Type": "Hash Join", "Parent Relationship": "Outer", "Parallel Aware": false, "Async Capable": false, "Join Type": "Inner", "Startup Cost": 626.46, "Total Cost": 17375.74, "Plan Rows": 48, "Plan Width": 17, "Actual Rows": 82, "Actual Loops": 4, "Inner Unique": false, "Hash Cond": "(mi_idx2.movie_id = ml.linked_movie_id)", "Workers": [], "Plans": [{"Node Type": "Hash Join", "Parent Relationship": "Outer", "Parallel Aware": false, "Async Capable": false, "Join Type": "Inner", "Startup Cost": 2.43, "Total Cost": 16505.03, "Plan Rows": 4377, "Plan Width": 9, "Actual Rows": 55, "Actual Loops": 4, "Inner Unique": true, "Hash Cond": "(mi_idx2.info_type_id = it2.id)", "Workers": [], "Plans": [{"Node Type": "Seq Scan", "Parent Relationship": "Outer", "Parallel Aware": true, "Async Capable": false, "Relation Name": "movie_info_idx", "Alias": "mi_idx2", "Startup Cost": 0.0, "Total Cost": 15155.68, "Plan Rows": 494562, "Plan Width": 13, "Actual Rows": 296767, "Actual Loops": 4, "Filter": "((info)::text <= '7.0'::text)", "Rows Removed by Filter": 48242, "Workers": []}, {"Node Type": "Hash", "Parent Relationship": "Inner", "Parallel Aware": false, "Async Capable": false, "Startup Cost": 2.41, "Total Cost": 2.41, "Plan Rows": 1, "Plan Width": 4, "Actual Rows": 1, "Actual Loops": 4, "Hash Buckets": 1024, "Original Hash Buckets": 1024, "Hash Batches": 1, "Original Hash Batches": 1, "Peak Memory Usage": 9, "Workers": [], "Plans": [{"Node Type": "Seq Scan", "Parent Relationship": "Outer", "Parallel Aware": false, "Async Capable": false, "Relation Name": "info_type", "Alias": "it2", "Startup Cost": 0.0, "Total Cost": 2.41, "Plan Rows": 1, "Plan Width": 4, "Actual Rows": 1, "Actual Loops": 4, "Filter": "((info)::text = 'top 250 rank'::text)", "Rows Removed by Filter": 112, "Workers": []}]}]}, {"Node Type": "Hash", "Parent Relationship": "Inner", "Parallel Aware": false, "Async Capable": false, "Startup Cost": 561.53, "Total Cost": 561.53, "Plan Rows": 5000, "Plan Width": 8, "Actual Rows": 7409, "Actual Loops": 2, "Hash Buckets": 8192, "Original Hash Buckets": 8192, "Hash Batches": 1, "Original Hash Batches": 1, "Peak Memory Usage": 354, "Workers": [], "Plans": [{"Node Type": "Hash Join", "Parent Relationship": "Outer", "Parallel Aware": false, "Async Capable": false, "Join Type": "Inner", "Startup Cost": 1.29, "Total Cost": 561.53, "Plan Rows": 5000, "Plan Width": 8, "Actual Rows": 7409, "Actual Loops": 2, "Inner Unique": true, "Hash Cond": "(ml.link_type_id = lt.id)", "Workers": [], "Plans": [{"Node Type": "Seq Scan", "Parent Relationship": "Outer", "Parallel Aware": false, "Async Capable": false, "Relation Name": "movie_link", "Alias": "ml", "Startup Cost": 0.0, "Total Cost": 462.97, "Plan Rows": 29997, "Plan Width": 12, "Actual Rows": 29997, "Actual Loops": 2, "Workers": []}, {"Node Type": "Hash", "Parent Relationship": "Inner", "Parallel Aware": false, "Async Capable": false, "Startup Cost": 1.25, "Total Cost": 1.25, "Plan Rows": 3, "Plan Width": 4, "Actual Rows": 2, "Actual Loops": 2, "Hash Buckets": 1024, "Original Hash Buckets": 1024, "Hash Batches": 1, "Original Hash Batches": 1, "Peak Memory Usage": 9, "Workers": [], "Plans": [{"Node Type": "Seq Scan", "Parent Relationship": "Outer", "Parallel Aware": false, "Async Capable": false, "Relation Name": "link_type", "Alias": "lt", "Startup Cost": 0.0, "Total Cost": 1.25, "Plan Rows": 3, "Plan Width": 4, "Actual Rows": 2, "Actual Loops": 2, "Filter": "((link)::text = ANY ('{\"featured in\",features,features}'::text[]))", "Rows Removed by Filter": 16, "Workers": []}]}]}]}]}, {"Node Type": "Index Scan", "Parent Relationship": "Inner", "Parallel Aware": false, "Async Capable": false, "Scan Direction": "Forward", "Index Name": "title_pkey", "Relation Name": "title", "Alias": "t2", "Startup Cost": 0.43, "Total Cost": 0.6, "Plan Rows": 1, "Plan Width": 25, "Actual Rows": 1, "Actual Loops": 330, "Index Cond": "(id = mi_idx2.movie_id)", "Rows Removed by Index Recheck": 0, "Filter": "(production_year <= 1992)", "Rows Removed by Filter": 0, "Workers": []}]}, {"Node Type": "Hash", "Parent Relationship": "Inner", "Parallel Aware": false, "Async Capable": false, "Startup Cost": 1.09, "Total Cost": 1.09, "Plan Rows": 1, "Plan Width": 4, "Actual Rows": 1, "Actual Loops": 4, "Hash Buckets": 1024, "Original Hash Buckets": 1024, "Hash Batches": 1, "Original Hash Batches": 1, "Peak Memory Usage": 9, "Workers": [], "Plans": [{"Node Type": "Seq Scan", "Parent Relationship": "Outer", "Parallel Aware": false, "Async Capable": false, "Relation Name": "kind_type", "Alias": "kt2", "Startup Cost": 0.0, "Total Cost": 1.09, "Plan Rows": 1, "Plan Width": 4, "Actual Rows": 1, "Actual Loops": 4, "Filter": "((kind)::text = 'movie'::text)", "Rows Removed by Filter": 6, "Workers": []}]}]}]}]}, {"Node Type": "Index Scan", "Parent Relationship": "Inner", "Parallel Aware": false, "Async Capable": false, "Scan Direction": "Forward", "Index Name": "company_name_pkey", "Relation Name": "company_name", "Alias": "cn2", "Startup Cost": 0.42, "Total Cost": 0.44, "Plan Rows": 1, "Plan Width": 23, "Actual Rows": 1, "Actual Loops": 8843, "Index Cond": "(id = mc2.company_id)", "Rows Removed by Index Recheck": 0, "Workers": []}]}]}]}]}]}, "Planning Time": 68.122, "Triggers": [], "Execution Time": 814.986}, {"Plan": {"Node Type": "Aggregate", "Strategy": "Plain", "Partial Mode": "Simple", "Parallel Aware": false, "Async Capable": false, "Startup Cost": 97789.66, "Total Cost": 97789.67, "Plan Rows": 1, "Plan Width": 192, "Actual Rows": 1, "Actual Loops": 1, "Plans": [{"Node Type": "Gather", "Parent Relationship": "Outer", "Parallel Aware": false, "Async Capable": false, "Startup Cost": 67368.62, "Total Cost": 97789.65, "Plan Rows": 1, "Plan Width": 82, "Actual Rows": 134, "Actual Loops": 1, "Workers Planned": 3, "Workers Launched": 3, "Single Copy": false, "Plans": [{"Node Type": "Hash Join", "Parent Relationship": "Outer", "Parallel Aware": true, "Async Capable": false, "Join Type": "Inner", "Startup Cost": 66368.62, "Total Cost": 96789.55, "Plan Rows": 1, "Plan Width": 82, "Actual Rows": 34, "Actual Loops": 4, "Inner Unique": false, "Hash Cond": "(ml.linked_movie_id = t2.id)", "Workers": [], "Plans": [{"Node Type": "Nested Loop", "Parent Relationship": "Outer", "Parallel Aware": false, "Async Capable": false, "Join Type": "Inner", "Startup Cost": 16531.44, "Total Cost": 46952.35, "Plan Rows": 2, "Plan Width": 45, "Actual Rows": 23, "Actual Loops": 4, "Inner Unique": true, "Workers": [], "Plans": [{"Node Type": "Hash Join", "Parent Relationship": "Outer", "Parallel Aware": true, "Async Capable": false, "Join Type": "Inner", "Startup Cost": 16531.02, "Total Cost": 46927.82, "Plan Rows": 55, "Plan Width": 30, "Actual Rows": 1214, "Actual Loops": 4, "Inner Unique": false, "Hash Cond": "(mc1.movie_id = t1.id)", "Workers": [], "Plans": [{"Node Type": "Seq Scan", "Parent Relationship": "Outer", "Parallel Aware": true, "Async Capable": false, "Relation Name": "movie_companies", "Alias": "mc1", "Startup Cost": 0.0, "Total Cost": 27240.55, "Plan Rows": 841655, "Plan Width": 8, "Actual Rows": 652282, "Actual Loops": 4, "Workers": []}, {"Node Type": "Hash", "Parent Relationship": "Inner", "Parallel Aware": true, "Async Capable": false, "Startup Cost": 16530.82, "Total Cost": 16530.82, "Plan Rows": 16, "Plan Width": 38, "Actual Rows": 515, "Actual Loops": 4, "Hash Buckets": 2048, "Original Hash Buckets": 1024, "Hash Batches": 1, "Original Hash Batches": 1, "Peak Memory Usage": 248, "Workers": [], "Plans": [{"Node Type": "Nested Loop", "Parent Relationship": "Outer", "Parallel Aware": false, "Async Capable": false, "Join Type": "Inner", "Startup Cost": 16469.21, "Total Cost": 16530.82, "Plan Rows": 16, "Plan Width": 38, "Actual Rows": 515, "Actual Loops": 4, "Inner Unique": true, "Workers": [], "Plans": [{"Node Type": "Nested Loop", "Parent Relationship": "Outer", "Parallel Aware": false, "Async Capable": false, "Join Type": "Inner", "Startup Cost": 16469.07, "Total Cost": 16528.42, "Plan Rows": 56, "Plan Width": 42, "Actual Rows": 947, "Actual Loops": 4, "Inner Unique": true, "Join Filter": "(t1.id = ml.movie_id)", "Rows Removed by Join Filter": 0, "Workers": [], "Plans": [{"Node Type": "Merge Join", "Parent Relationship": "Outer", "Parallel Aware": false, "Async Capable": false, "Join Type": "Inner", "Startup Cost": 16468.64, "Total Cost": 16495.35, "Plan Rows": 56, "Plan Width": 17, "Actual Rows": 947, "Actual Loops": 4, "Inner Unique": false, "Merge Cond": "(mi_idx1.movie_id = ml.movie_id)", "Workers": [], "Plans": [{"Node Type": "Sort", "Parent Relationship": "Outer", "Parallel Aware": false, "Async Capable": false, "Startup Cost": 15599.91, "Total Cost": 15612.63, "Plan Rows": 5089, "Plan Width": 9, "Actual Rows": 4708, "Actual Loops": 4, "Sort Key": ["mi_idx1.movie_id"], "Sort Method": "quicksort", "Sort Space Used": 7189, "Sort Space Type": "Memory", "Workers": [{"Worker Number": 0, "Sort Method": "quicksort", "Sort Space Used": 6727, "Sort Space Type": "Memory"}, {"Worker Number": 1, "Sort Method": "quicksort", "Sort Space Used": 6463, "Sort Space Type": "Memory"}, {"Worker Number": 2, "Sort Method": "quicksort", "Sort Space Used": 6445, "Sort Space Type": "Memory"}], "Plans": [{"Node Type": "Hash Join", "Parent Relationship": "Outer", "Parallel Aware": false, "Async Capable": false, "Join Type": "Inner", "Startup Cost": 2.43, "Total Cost": 15286.6, "Plan Rows": 5089, "Plan Width": 9, "Actual Rows": 114981, "Actual Loops": 4, "Inner Unique": true, "Hash Cond": "(mi_idx1.info_type_id = it1.id)", "Workers": [], "Plans": [{"Node Type": "Seq Scan", "Parent Relationship": "Outer", "Parallel Aware": true, "Async Capable": false, "Relation Name": "movie_info_idx", "Alias": "mi_idx1", "Startup Cost": 0.0, "Total Cost": 13718.15, "Plan Rows": 575015, "Plan Width": 13, "Actual Rows": 345009, "Actual Loops": 4, "Workers": []}, {"Node Type": "Hash", "Parent Relationship": "Inner", "Parallel Aware": false, "Async Capable": false, "Startup Cost": 2.41, "Total Cost": 2.41, "Plan Rows": 1, "Plan Width": 4, "Actual Rows": 1, "Actual Loops": 4, "Hash Buckets": 1024, "Original Hash Buckets": 1024, "Hash Batches": 1, "Original Hash Batches": 1, "Peak Memory Usage": 9, "Workers": [], "Plans": [{"Node Type": "Seq Scan", "Parent Relationship": "Outer", "Parallel Aware": false, "Async Capable": false, "Relation Name": "info_type", "Alias": "it1", "Startup Cost": 0.0, "Total Cost": 2.41, "Plan Rows": 1, "Plan Width": 4, "Actual Rows": 1, "Actual Loops": 4, "Filter": "((info)::text = 'votes'::text)", "Rows Removed by Filter": 112, "Workers": []}]}]}]}, {"Node Type": "Sort", "Parent Relationship": "Inner", "Parallel Aware": false, "Async Capable": false, "Startup Cost": 868.72, "Total Cost": 881.22, "Plan Rows": 5000, "Plan Width": 8, "Actual Rows": 7409, "Actual Loops": 4, "Sort Key": ["ml.movie_id"], "Sort Method": "quicksort", "Sort Space Used": 424, "Sort Space Type": "Memory", "Workers": [{"Worker Number": 0, "Sort Method": "quicksort", "Sort Space Used": 424, "Sort Space Type": "Memory"}, {"Worker Number": 1, "Sort Method": "quicksort", "Sort Space Used": 424, "Sort Space Type": "Memory"}, {"Worker Number": 2, "Sort Method": "quicksort", "Sort Space Used": 424, "Sort Space Type": "Memory"}], "Plans": [{"Node Type": "Hash Join", "Parent Relationship": "Outer", "Parallel Aware": false, "Async Capable": false, "Join Type": "Inner", "Startup Cost": 1.29, "Total Cost": 561.53, "Plan Rows": 5000, "Plan Width": 8, "Actual Rows": 7409, "Actual Loops": 4, "Inner Unique": true, "Hash Cond": "(ml.link_type_id = lt.id)", "Workers": [], "Plans": [{"Node Type": "Seq Scan", "Parent Relationship": "Outer", "Parallel Aware": false, "Async Capable": false, "Relation Name": "movie_link", "Alias": "ml", "Startup Cost": 0.0, "Total Cost": 462.97, "Plan Rows": 29997, "Plan Width": 12, "Actual Rows": 29997, "Actual Loops": 4, "Workers": []}, {"Node Type": "Hash", "Parent Relationship": "Inner", "Parallel Aware": false, "Async Capable": false, "Startup Cost": 1.25, "Total Cost": 1.25, "Plan Rows": 3, "Plan Width": 4, "Actual Rows": 2, "Actual Loops": 4, "Hash Buckets": 1024, "Original Hash Buckets": 1024, "Hash Batches": 1, "Original Hash Batches": 1, "Peak Memory Usage": 9, "Workers": [], "Plans": [{"Node Type": "Seq Scan", "Parent Relationship": "Outer", "Parallel Aware": false, "Async Capable": false, "Relation Name": "link_type", "Alias": "lt", "Startup Cost": 0.0, "Total Cost": 1.25, "Plan Rows": 3, "Plan Width": 4, "Actual Rows": 2, "Actual Loops": 4, "Filter": "((link)::text = ANY ('{\"featured in\",features,features}'::text[]))", "Rows Removed by Filter": 16, "Workers": []}]}]}]}]}, {"Node Type": "Index Scan", "Parent Relationship": "Inner", "Parallel Aware": false, "Async Capable": false, "Scan Direction": "Forward", "Index Name": "title_pkey", "Relation Name": "title", "Alias": "t1", "Startup Cost": 0.43, "Total Cost": 0.58, "Plan Rows": 1, "Plan Width": 25, "Actual Rows": 1, "Actual Loops": 3787, "Index Cond": "(id = mi_idx1.movie_id)", "Rows Removed by Index Recheck": 0, "Workers": []}]}, {"Node Type": "Memoize", "Parent Relationship": "Inner", "Parallel Aware": false, "Async Capable": false, "Startup Cost": 0.14, "Total Cost": 0.16, "Plan Rows": 1, "Plan Width": 4, "Actual Rows": 1, "Actual Loops": 3787, "Cache Key": "t1.kind_id", "Cache Mode": "logical", "Cache Hits": 1617, "Cache Misses": 2, "Cache Evictions": 0, "Cache Overflows": 0, "Peak Memory Usage": 1, "Workers": [{"Worker Number": 0, "Cache Hits": 662, "Cache Misses": 2, "Cache Evictions": 0, "Cache Overflows": 0, "Peak Memory Usage": 1}, {"Worker Number": 1, "Cache Hits": 831, "Cache Misses": 2, "Cache Evictions": 0, "Cache Overflows": 0, "Peak Memory Usage": 1}, {"Worker Number": 2, "Cache Hits": 669, "Cache Misses": 2, "Cache Evictions": 0, "Cache Overflows": 0, "Peak Memory Usage": 1}], "Plans": [{"Node Type": "Index Scan", "Parent Relationship": "Outer", "Parallel Aware": false, "Async Capable": false, "Scan Direction": "Forward", "Index Name": "kind_type_pkey", "Relation Name": "kind_type", "Alias": "kt1", "Startup Cost": 0.13, "Total Cost": 0.15, "Plan Rows": 1, "Plan Width": 4, "Actual Rows": 0, "Actual Loops": 8, "Index Cond": "(id = t1.kind_id)", "Rows Removed by Index Recheck": 0, "Filter": "((kind)::text = ANY ('{episode,movie}'::text[]))", "Rows Removed by Filter": 0, "Workers": []}]}]}]}]}, {"Node Type": "Index Scan", "Parent Relationship": "Inner", "Parallel Aware": false, "Async Capable": false, "Scan Direction": "Forward", "Index Name": "company_name_pkey", "Relation Name": "company_name", "Alias": "cn1", "Startup Cost": 0.42, "Total Cost": 0.45, "Plan Rows": 1, "Plan Width": 23, "Actual Rows": 0, "Actual Loops": 4858, "Index Cond": "(id = mc1.company_id)", "Rows Removed by Index Recheck": 0, "Filter": "((country_code)::text = '[de]'::text)", "Rows Removed by Filter": 1, "Workers": []}]}, {"Node Type": "Hash", "Parent Relationship": "Inner", "Parallel Aware": true, "Async Capable": false, "Startup Cost": 49829.16, "Total Cost": 49829.16, "Plan Rows": 641, "Plan Width": 53, "Actual Rows": 926, "Actual Loops": 4, "Hash Buckets": 4096, "Original Hash Buckets": 2048, "Hash Batches": 1, "Original Hash Batches": 1, "Peak Memory Usage": 464, "Workers": [], "Plans": [{"Node Type": "Nested Loop", "Parent Relationship": "Outer", "Parallel Aware": false, "Async Capable": false, "Join Type": "Inner", "Startup Cost": 19147.92, "Total Cost": 49829.16, "Plan Rows": 641, "Plan Width": 53, "Actual Rows": 926, "Actual Loops": 4, "Inner Unique": true, "Workers": [], "Plans": [{"Node Type": "Hash Join", "Parent Relationship": "Outer", "Parallel Aware": true, "Async Capable": false, "Join Type": "Inner", "Startup Cost": 19147.5, "Total Cost": 49544.87, "Plan Rows": 641, "Plan Width": 38, "Actual Rows": 926, "Actual Loops": 4, "Inner Unique": false, "Hash Cond": "(mc2.movie_id = t2.id)", "Workers": [], "Plans": [{"Node Type": "Seq Scan", "Parent Relationship": "Outer", "Parallel Aware": true, "Async Capable": false, "Relation Name": "movie_companies", "Alias": "mc2", "Startup Cost": 0.0, "Total Cost": 27240.55, "Plan Rows": 841655, "Plan Width": 8, "Actual Rows": 652282, "Actual Loops": 4, "Workers": []}, {"Node Type": "Hash", "Parent Relationship": "Inner", "Parallel Aware": true, "Async Capable": false, "Startup Cost": 19145.19, "Total Cost": 19145.19, "Plan Rows": 185, "Plan Width": 30, "Actual Rows": 30, "Actual Loops": 4, "Hash Buckets": 1024, "Original Hash Buckets": 1024, "Hash Batches": 1, "Original Hash Batches": 1, "Peak Memory Usage": 72, "Workers": [], "Plans": [{"Node Type": "Hash Join", "Parent Relationship": "Outer", "Parallel Aware": false, "Async Capable": false, "Join Type": "Inner", "Startup Cost": 3.96, "Total Cost": 19145.19, "Plan Rows": 185, "Plan Width": 30, "Actual Rows": 30, "Actual Loops": 4, "Inner Unique": true, "Hash Cond": "(t2.kind_id = kt2.id)", "Workers": [], "Plans": [{"Node Type": "Nested Loop", "Parent Relationship": "Outer", "Parallel Aware": false, "Async Capable": false, "Join Type": "Inner", "Startup Cost": 2.86, "Total Cost": 19138.61, "Plan Rows": 1299, "Plan Width": 34, "Actual Rows": 30, "Actual Loops": 4, "Inner Unique": true, "Workers": [], "Plans": [{"Node Type": "Hash Join", "Parent Relationship": "Outer", "Parallel Aware": false, "Async Capable": false, "Join Type": "Inner", "Startup Cost": 2.43, "Total Cost": 16505.03, "Plan Rows": 4377, "Plan Width": 9, "Actual Rows": 55, "Actual Loops": 4, "Inner Unique": true, "Hash Cond": "(mi_idx2.info_type_id = it2.id)", "Workers": [], "Plans": [{"Node Type": "Seq Scan", "Parent Relationship": "Outer", "Parallel Aware": true, "Async Capable": false, "Relation Name": "movie_info_idx", "Alias": "mi_idx2", "Startup Cost": 0.0, "Total Cost": 15155.68, "Plan Rows": 494562, "Plan Width": 13, "Actual Rows": 296767, "Actual Loops": 4, "Filter": "((info)::text <= '7.0'::text)", "Rows Removed by Filter": 48242, "Workers": []}, {"Node Type": "Hash", "Parent Relationship": "Inner", "Parallel Aware": false, "Async Capable": false, "Startup Cost": 2.41, "Total Cost": 2.41, "Plan Rows": 1, "Plan Width": 4, "Actual Rows": 1, "Actual Loops": 4, "Hash Buckets": 1024, "Original Hash Buckets": 1024, "Hash Batches": 1, "Original Hash Batches": 1, "Peak Memory Usage": 9, "Workers": [], "Plans": [{"Node Type": "Seq Scan", "Parent Relationship": "Outer", "Parallel Aware": false, "Async Capable": false, "Relation Name": "info_type", "Alias": "it2", "Startup Cost": 0.0, "Total Cost": 2.41, "Plan Rows": 1, "Plan Width": 4, "Actual Rows": 1, "Actual Loops": 4, "Filter": "((info)::text = 'top 250 rank'::text)", "Rows Removed by Filter": 112, "Workers": []}]}]}, {"Node Type": "Index Scan", "Parent Relationship": "Inner", "Parallel Aware": false, "Async Capable": false, "Scan Direction": "Forward", "Index Name": "title_pkey", "Relation Name": "title", "Alias": "t2", "Startup Cost": 0.43, "Total Cost": 0.6, "Plan Rows": 1, "Plan Width": 25, "Actual Rows": 1, "Actual Loops": 219, "Index Cond": "(id = mi_idx2.movie_id)", "Rows Removed by Index Recheck": 0, "Filter": "(production_year <= 1992)", "Rows Removed by Filter": 0, "Workers": []}]}, {"Node Type": "Hash", "Parent Relationship": "Inner", "Parallel Aware": false, "Async Capable": false, "Startup Cost": 1.09, "Total Cost": 1.09, "Plan Rows": 1, "Plan Width": 4, "Actual Rows": 1, "Actual Loops": 4, "Hash Buckets": 1024, "Original Hash Buckets": 1024, "Hash Batches": 1, "Original Hash Batches": 1, "Peak Memory Usage": 9, "Workers": [], "Plans": [{"Node Type": "Seq Scan", "Parent Relationship": "Outer", "Parallel Aware": false, "Async Capable": false, "Relation Name": "kind_type", "Alias": "kt2", "Startup Cost": 0.0, "Total Cost": 1.09, "Plan Rows": 1, "Plan Width": 4, "Actual Rows": 1, "Actual Loops": 4, "Filter": "((kind)::text = 'movie'::text)", "Rows Removed by Filter": 6, "Workers": []}]}]}]}]}, {"Node Type": "Index Scan", "Parent Relationship": "Inner", "Parallel Aware": false, "Async Capable": false, "Scan Direction": "Forward", "Index Name": "company_name_pkey", "Relation Name": "company_name", "Alias": "cn2", "Startup Cost": 0.42, "Total Cost": 0.44, "Plan Rows": 1, "Plan Width": 23, "Actual Rows": 1, "Actual Loops": 3706, "Index Cond": "(id = mc2.company_id)", "Rows Removed by Index Recheck": 0, "Workers": []}]}]}]}]}]}, "Planning Time": 67.856, "Triggers": [], "Execution Time": 411.16}, {"Plan": {"Node Type": "Aggregate", "Strategy": "Plain", "Partial Mode": "Simple", "Parallel Aware": false, "Async Capable": false, "Startup Cost": 101359.82, "Total Cost": 101359.83, "Plan Rows": 1, "Plan Width": 192, "Actual Rows": 1, "Actual Loops": 1, "Plans": [{"Node Type": "Gather", "Parent Relationship": "Outer", "Parallel Aware": false, "Async Capable": false, "Startup Cost": 70930.23, "Total Cost": 101359.81, "Plan Rows": 1, "Plan Width": 82, "Actual Rows": 134, "Actual Loops": 1, "Workers Planned": 3, "Workers Launched": 3, "Single Copy": false, "Plans": [{"Node Type": "Hash Join", "Parent Relationship": "Outer", "Parallel Aware": true, "Async Capable": false, "Join Type": "Inner", "Startup Cost": 69930.23, "Total Cost": 100359.71, "Plan Rows": 1, "Plan Width": 82, "Actual Rows": 34, "Actual Loops": 4, "Inner Unique": false, "Hash Cond": "(t2.id = mi_idx2.movie_id)", "Workers": [], "Plans": [{"Node Type": "Nested Loop", "Parent Relationship": "Outer", "Parallel Aware": false, "Async Capable": false, "Join Type": "Inner", "Startup Cost": 16532.01, "Total Cost": 46961.47, "Plan Rows": 1, "Plan Width": 66, "Actual Rows": 8, "Actual Loops": 4, "Inner Unique": true, "Workers": [], "Plans": [{"Node Type": "Nested Loop", "Parent Relationship": "Outer", "Parallel Aware": false, "Async Capable": false, "Join Type": "Inner", "Startup Cost": 16531.87, "Total Cost": 46961.3, "Plan Rows": 1, "Plan Width": 70, "Actual Rows": 16, "Actual Loops": 4, "Inner Unique": true, "Workers": [], "Plans": [{"Node Type": "Nested Loop", "Parent Relationship": "Outer", "Parallel Aware": false, "Async Capable": false, "Join Type": "Inner", "Startup Cost": 16531.44, "Total Cost": 46952.35, "Plan Rows": 2, "Plan Width": 45, "Actual Rows": 23, "Actual Loops": 4, "Inner Unique": true, "Workers": [], "Plans": [{"Node Type": "Hash Join", "Parent Relationship": "Outer", "Parallel Aware": true, "Async Capable": false, "Join Type": "Inner", "Startup Cost": 16531.02, "Total Cost": 46927.82, "Plan Rows": 55, "Plan Width": 30, "Actual Rows": 1214, "Actual Loops": 4, "Inner Unique": false, "Hash Cond": "(mc1.movie_id = t1.id)", "Workers": [], "Plans": [{"Node Type": "Seq Scan", "Parent Relationship": "Outer", "Parallel Aware": true, "Async Capable": false, "Relation Name": "movie_companies", "Alias": "mc1", "Startup Cost": 0.0, "Total Cost": 27240.55, "Plan Rows": 841655, "Plan Width": 8, "Actual Rows": 652282, "Actual Loops": 4, "Workers": []}, {"Node Type": "Hash", "Parent Relationship": "Inner", "Parallel Aware": true, "Async Capable": false, "Startup Cost": 16530.82, "Total Cost": 16530.82, "Plan Rows": 16, "Plan Width": 38, "Actual Rows": 515, "Actual Loops": 4, "Hash Buckets": 2048, "Original Hash Buckets": 1024, "Hash Batches": 1, "Original Hash Batches": 1, "Peak Memory Usage": 280, "Workers": [], "Plans": [{"Node Type": "Nested Loop", "Parent Relationship": "Outer", "Parallel Aware": false, "Async Capable": false, "Join Type": "Inner", "Startup Cost": 16469.21, "Total Cost": 16530.82, "Plan Rows": 16, "Plan Width": 38, "Actual Rows": 515, "Actual Loops": 4, "Inner Unique": true, "Workers": [], "Plans": [{"Node Type": "Nested Loop", "Parent Relationship": "Outer", "Parallel Aware": false, "Async Capable": false, "Join Type": "Inner", "Startup Cost": 16469.07, "Total Cost": 16528.42, "Plan Rows": 56, "Plan Width": 42, "Actual Rows": 947, "Actual Loops": 4, "Inner Unique": true, "Join Filter": "(t1.id = ml.movie_id)", "Rows Removed by Join Filter": 0, "Workers": [], "Plans": [{"Node Type": "Merge Join", "Parent Relationship": "Outer", "Parallel Aware": false, "Async Capable": false, "Join Type": "Inner", "Startup Cost": 16468.64, "Total Cost": 16495.35, "Plan Rows": 56, "Plan Width": 17, "Actual Rows": 947, "Actual Loops": 4, "Inner Unique": false, "Merge Cond": "(mi_idx1.movie_id = ml.movie_id)", "Workers": [], "Plans": [{"Node Type": "Sort", "Parent Relationship": "Outer", "Parallel Aware": false, "Async Capable": false, "Startup Cost": 15599.91, "Total Cost": 15612.63, "Plan Rows": 5089, "Plan Width": 9, "Actual Rows": 4708, "Actual Loops": 4, "Sort Key": ["mi_idx1.movie_id"], "Sort Method": "quicksort", "Sort Space Used": 10308, "Sort Space Type": "Memory", "Workers": [{"Worker Number": 0, "Sort Method": "quicksort", "Sort Space Used": 6732, "Sort Space Type": "Memory"}, {"Worker Number": 1, "Sort Method": "quicksort", "Sort Space Used": 6446, "Sort Space Type": "Memory"}, {"Worker Number": 2, "Sort Method": "quicksort", "Sort Space Used": 6410, "Sort Space Type": "Memory"}], "Plans": [{"Node Type": "Hash Join", "Parent Relationship": "Outer", "Parallel Aware": false, "Async Capable": false, "Join Type": "Inner", "Startup Cost": 2.43, "Total Cost": 15286.6, "Plan Rows": 5089, "Plan Width": 9, "Actual Rows": 114981, "Actual Loops": 4, "Inner Unique": true, "Hash Cond": "(mi_idx1.info_type_id = it1.id)", "Workers": [], "Plans": [{"Node Type": "Seq Scan", "Parent Relationship": "Outer", "Parallel Aware": true, "Async Capable": false, "Relation Name": "movie_info_idx", "Alias": "mi_idx1", "Startup Cost": 0.0, "Total Cost": 13718.15, "Plan Rows": 575015, "Plan Width": 13, "Actual Rows": 345009, "Actual Loops": 4, "Workers": []}, {"Node Type": "Hash", "Parent Relationship": "Inner", "Parallel Aware": false, "Async Capable": false, "Startup Cost": 2.41, "Total Cost": 2.41, "Plan Rows": 1, "Plan Width": 4, "Actual Rows": 1, "Actual Loops": 4, "Hash Buckets": 1024, "Original Hash Buckets": 1024, "Hash Batches": 1, "Original Hash Batches": 1, "Peak Memory Usage": 9, "Workers": [], "Plans": [{"Node Type": "Seq Scan", "Parent Relationship": "Outer", "Parallel Aware": false, "Async Capable": false, "Relation Name": "info_type", "Alias": "it1", "Startup Cost": 0.0, "Total Cost": 2.41, "Plan Rows": 1, "Plan Width": 4, "Actual Rows": 1, "Actual Loops": 4, "Filter": "((info)::text = 'votes'::text)", "Rows Removed by Filter": 112, "Workers": []}]}]}]}, {"Node Type": "Sort", "Parent Relationship": "Inner", "Parallel Aware": false, "Async Capable": false, "Startup Cost": 868.72, "Total Cost": 881.22, "Plan Rows": 5000, "Plan Width": 8, "Actual Rows": 7409, "Actual Loops": 4, "Sort Key": ["ml.movie_id"], "Sort Method": "quicksort", "Sort Space Used": 424, "Sort Space Type": "Memory", "Workers": [{"Worker Number": 0, "Sort Method": "quicksort", "Sort Space Used": 424, "Sort Space Type": "Memory"}, {"Worker Number": 1, "Sort Method": "quicksort", "Sort Space Used": 424, "Sort Space Type": "Memory"}, {"Worker Number": 2, "Sort Method": "quicksort", "Sort Space Used": 424, "Sort Space Type": "Memory"}], "Plans": [{"Node Type": "Hash Join", "Parent Relationship": "Outer", "Parallel Aware": false, "Async Capable": false, "Join Type": "Inner", "Startup Cost": 1.29, "Total Cost": 561.53, "Plan Rows": 5000, "Plan Width": 8, "Actual Rows": 7409, "Actual Loops": 4, "Inner Unique": true, "Hash Cond": "(ml.link_type_id = lt.id)", "Workers": [], "Plans": [{"Node Type": "Seq Scan", "Parent Relationship": "Outer", "Parallel Aware": false, "Async Capable": false, "Relation Name": "movie_link", "Alias": "ml", "Startup Cost": 0.0, "Total Cost": 462.97, "Plan Rows": 29997, "Plan Width": 12, "Actual Rows": 29997, "Actual Loops": 4, "Workers": []}, {"Node Type": "Hash", "Parent Relationship": "Inner", "Parallel Aware": false, "Async Capable": false, "Startup Cost": 1.25, "Total Cost": 1.25, "Plan Rows": 3, "Plan Width": 4, "Actual Rows": 2, "Actual Loops": 4, "Hash Buckets": 1024, "Original Hash Buckets": 1024, "Hash Batches": 1, "Original Hash Batches": 1, "Peak Memory Usage": 9, "Workers": [], "Plans": [{"Node Type": "Seq Scan", "Parent Relationship": "Outer", "Parallel Aware": false, "Async Capable": false, "Relation Name": "link_type", "Alias": "lt", "Startup Cost": 0.0, "Total Cost": 1.25, "Plan Rows": 3, "Plan Width": 4, "Actual Rows": 2, "Actual Loops": 4, "Filter": "((link)::text = ANY ('{\"featured in\",features,features}'::text[]))", "Rows Removed by Filter": 16, "Workers": []}]}]}]}]}, {"Node Type": "Index Scan", "Parent Relationship": "Inner", "Parallel Aware": false, "Async Capable": false, "Scan Direction": "Forward", "Index Name": "title_pkey", "Relation Name": "title", "Alias": "t1", "Startup Cost": 0.43, "Total Cost": 0.58, "Plan Rows": 1, "Plan Width": 25, "Actual Rows": 1, "Actual Loops": 3787, "Index Cond": "(id = mi_idx1.movie_id)", "Rows Removed by Index Recheck": 0, "Workers": []}]}, {"Node Type": "Memoize", "Parent Relationship": "Inner", "Parallel Aware": false, "Async Capable": false, "Startup Cost": 0.14, "Total Cost": 0.16, "Plan Rows": 1, "Plan Width": 4, "Actual Rows": 1, "Actual Loops": 3787, "Cache Key": "t1.kind_id", "Cache Mode": "logical", "Cache Hits": 1417, "Cache Misses": 2, "Cache Evictions": 0, "Cache Overflows": 0, "Peak Memory Usage": 1, "Workers": [{"Worker Number": 0, "Cache Hits": 683, "Cache Misses": 2, "Cache Evictions": 0, "Cache Overflows": 0, "Peak Memory Usage": 1}, {"Worker Number": 1, "Cache Hits": 697, "Cache Misses": 2, "Cache Evictions": 0, "Cache Overflows": 0, "Peak Memory Usage": 1}, {"Worker Number": 2, "Cache Hits": 982, "Cache Misses": 2, "Cache Evictions": 0, "Cache Overflows": 0, "Peak Memory Usage": 1}], "Plans": [{"Node Type": "Index Scan", "Parent Relationship": "Outer", "Parallel Aware": false, "Async Capable": false, "Scan Direction": "Forward", "Index Name": "kind_type_pkey", "Relation Name": "kind_type", "Alias": "kt1", "Startup Cost": 0.13, "Total Cost": 0.15, "Plan Rows": 1, "Plan Width": 4, "Actual Rows": 0, "Actual Loops": 8, "Index Cond": "(id = t1.kind_id)", "Rows Removed by Index Recheck": 0, "Filter": "((kind)::text = ANY ('{episode,movie}'::text[]))", "Rows Removed by Filter": 0, "Workers": []}]}]}]}]}, {"Node Type": "Index Scan", "Parent Relationship": "Inner", "Parallel Aware": false, "Async Capable": false, "Scan Direction": "Forward", "Index Name": "company_name_pkey", "Relation Name": "company_name", "Alias": "cn1", "Startup Cost": 0.42, "Total Cost": 0.45, "Plan Rows": 1, "Plan Width": 23, "Actual Rows": 0, "Actual Loops": 4858, "Index Cond": "(id = mc1.company_id)", "Rows Removed by Index Recheck": 0, "Filter": "((country_code)::text = '[de]'::text)", "Rows Removed by Filter": 1, "Workers": []}]}, {"Node Type": "Index Scan", "Parent Relationship": "Inner", "Parallel Aware": false, "Async Capable": false, "Scan Direction": "Forward", "Index Name": "title_pkey", "Relation Name": "title", "Alias": "t2", "Startup Cost": 0.43, "Total Cost": 4.47, "Plan Rows": 1, "Plan Width": 25, "Actual Rows": 1, "Actual Loops": 93, "Index Cond": "(id = ml.linked_movie_id)", "Rows Removed by Index Recheck": 0, "Filter": "(production_year <= 1992)", "Rows Removed by Filter": 0, "Workers": []}]}, {"Node Type": "Memoize", "Parent Relationship": "Inner", "Parallel Aware": false, "Async Capable": false, "Startup Cost": 0.14, "Total Cost": 0.16, "Plan Rows": 1, "Plan Width": 4, "Actual Rows": 1, "Actual Loops": 62, "Cache Key": "t2.kind_id", "Cache Mode": "logical", "Cache Hits": 37, "Cache Misses": 3, "Cache Evictions": 0, "Cache Overflows": 0, "Peak Memory Usage": 1, "Workers": [{"Worker Number": 0, "Cache Hits": 10, "Cache Misses": 3, "Cache Evictions": 0, "Cache Overflows": 0, "Peak Memory Usage": 1}, {"Worker Number": 2, "Cache Hits": 6, "Cache Misses": 3, "Cache Evictions": 0, "Cache Overflows": 0, "Peak Memory Usage": 1}], "Plans": [{"Node Type": "Index Scan", "Parent Relationship": "Outer", "Parallel Aware": false, "Async Capable": false, "Scan Direction": "Forward", "Index Name": "kind_type_pkey", "Relation Name": "kind_type", "Alias": "kt2", "Startup Cost": 0.13, "Total Cost": 0.15, "Plan Rows": 1, "Plan Width": 4, "Actual Rows": 0, "Actual Loops": 9, "Index Cond": "(id = t2.kind_id)", "Rows Removed by Index Recheck": 0, "Filter": "((kind)::text = 'movie'::text)", "Rows Removed by Filter": 1, "Workers": []}]}]}, {"Node Type": "Hash", "Parent Relationship": "Inner", "Parallel Aware": true, "Async Capable": false, "Startup Cost": 53209.37, "Total Cost": 53209.37, "Plan Rows": 15108, "Plan Width": 32, "Actual Rows": 1803, "Actual Loops": 4, "Hash Buckets": 65536, "Original Hash Buckets": 65536, "Hash Batches": 1, "Original Hash Batches": 1, "Peak Memory Usage": 1056, "Workers": [], "Plans": [{"Node Type": "Hash Join", "Parent Relationship": "Outer", "Parallel Aware": true, "Async Capable": false, "Join Type": "Inner", "Startup Cost": 22710.0, "Total Cost": 53209.37, "Plan Rows": 15108, "Plan Width": 32, "Actual Rows": 1803, "Actual Loops": 4, "Inner Unique": true, "Hash Cond": "(mc2.company_id = cn2.id)", "Workers": [], "Plans": [{"Node Type": "Hash Join", "Parent Relationship": "Outer", "Parallel Aware": true, "Async Capable": false, "Join Type": "Inner", "Startup Cost": 16559.74, "Total Cost": 47019.45, "Plan Rows": 15108, "Plan Width": 17, "Actual Rows": 1803, "Actual Loops": 4, "Inner Unique": false, "Hash Cond": "(mc2.movie_id = mi_idx2.movie_id)", "Workers": [], "Plans": [{"Node Type": "Seq Scan", "Parent Relationship": "Outer", "Parallel Aware": true, "Async Capable": false, "Relation Name": "movie_companies", "Alias": "mc2", "Startup Cost": 0.0, "Total Cost": 27240.55, "Plan Rows": 841655, "Plan Width": 8, "Actual Rows": 652282, "Actual Loops": 4, "Workers": []}, {"Node Type": "Hash", "Parent Relationship": "Inner", "Parallel Aware": true, "Async Capable": false, "Startup Cost": 16505.03, "Total Cost": 16505.03, "Plan Rows": 4377, "Plan Width": 9, "Actual Rows": 55, "Actual Loops": 4, "Hash Buckets": 16384, "Original Hash Buckets": 16384, "Hash Batches": 1, "Original Hash Batches": 1, "Peak Memory Usage": 192, "Workers": [], "Plans": [{"Node Type": "Hash Join", "Parent Relationship": "Outer", "Parallel Aware": false, "Async Capable": false, "Join Type": "Inner", "Startup Cost": 2.43, "Total Cost": 16505.03, "Plan Rows": 4377, "Plan Width": 9, "Actual Rows": 55, "Actual Loops": 4, "Inner Unique": true, "Hash Cond": "(mi_idx2.info_type_id = it2.id)", "Workers": [], "Plans": [{"Node Type": "Seq Scan", "Parent Relationship": "Outer", "Parallel Aware": true, "Async Capable": false, "Relation Name": "movie_info_idx", "Alias": "mi_idx2", "Startup Cost": 0.0, "Total Cost": 15155.68, "Plan Rows": 494562, "Plan Width": 13, "Actual Rows": 296767, "Actual Loops": 4, "Filter": "((info)::text <= '7.0'::text)", "Rows Removed by Filter": 48242, "Workers": []}, {"Node Type": "Hash", "Parent Relationship": "Inner", "Parallel Aware": false, "Async Capable": false, "Startup Cost": 2.41, "Total Cost": 2.41, "Plan Rows": 1, "Plan Width": 4, "Actual Rows": 1, "Actual Loops": 4, "Hash Buckets": 1024, "Original Hash Buckets": 1024, "Hash Batches": 1, "Original Hash Batches": 1, "Peak Memory Usage": 9, "Workers": [], "Plans": [{"Node Type": "Seq Scan", "Parent Relationship": "Outer", "Parallel Aware": false, "Async Capable": false, "Relation Name": "info_type", "Alias": "it2", "Startup Cost": 0.0, "Total Cost": 2.41, "Plan Rows": 1, "Plan Width": 4, "Actual Rows": 1, "Actual Loops": 4, "Filter": "((info)::text = 'top 250 rank'::text)", "Rows Removed by Filter": 112, "Workers": []}]}]}]}]}, {"Node Type": "Hash", "Parent Relationship": "Inner", "Parallel Aware": true, "Async Capable": false, "Startup Cost": 4422.34, "Total Cost": 4422.34, "Plan Rows": 138234, "Plan Width": 23, "Actual Rows": 58749, "Actual Loops": 4, "Hash Buckets": 262144, "Original Hash Buckets": 262144, "Hash Batches": 1, "Original Hash Batches": 1, "Peak Memory Usage": 15648, "Workers": [], "Plans": [{"Node Type": "Seq Scan", "Parent Relationship": "Outer", "Parallel Aware": true, "Async Capable": false, "Relation Name": "company_name", "Alias": "cn2", "Startup Cost": 0.0, "Total Cost": 4422.34, "Plan Rows": 138234, "Plan Width": 23, "Actual Rows": 58749, "Actual Loops": 4, "Workers": []}]}]}]}]}]}]}, "Planning Time": 69.996, "Triggers": [], "Execution Time": 440.348}, {"Plan": {"Node Type": "Aggregate", "Strategy": "Plain", "Partial Mode": "Simple", "Parallel Aware": false, "Async Capable": false, "Startup Cost": 102869.08, "Total Cost": 102869.09, "Plan Rows": 1, "Plan Width": 192, "Actual Rows": 1, "Actual Loops": 1, "Plans": [{"Node Type": "Gather", "Parent Relationship": "Outer", "Parallel Aware": false, "Async Capable": false, "Startup Cost": 70262.82, "Total Cost": 102869.07, "Plan Rows": 1, "Plan Width": 82, "Actual Rows": 134, "Actual Loops": 1, "Workers Planned": 3, "Workers Launched": 3, "Single Copy": false, "Plans": [{"Node Type": "Hash Join", "Parent Relationship": "Outer", "Parallel Aware": true, "Async Capable": false, "Join Type": "Inner", "Startup Cost": 69262.82, "Total Cost": 101868.97, "Plan Rows": 1, "Plan Width": 82, "Actual Rows": 34, "Actual Loops": 4, "Inner Unique": false, "Hash Cond": "(mc2.movie_id = t2.id)", "Workers": [], "Plans": [{"Node Type": "Hash Join", "Parent Relationship": "Outer", "Parallel Aware": true, "Async Capable": false, "Join Type": "Inner", "Startup Cost": 6150.26, "Total Cost": 35600.19, "Plan Rows": 841655, "Plan Width": 23, "Actual Rows": 652282, "Actual Loops": 4, "Inner Unique": true, "Hash Cond": "(mc2.company_id = cn2.id)", "Workers": [], "Plans": [{"Node Type": "Seq Scan", "Parent Relationship": "Outer", "Parallel Aware": true, "Async Capable": false, "Relation Name": "movie_companies", "Alias": "mc2", "Startup Cost": 0.0, "Total Cost": 27240.55, "Plan Rows": 841655, "Plan Width": 8, "Actual Rows": 652282, "Actual Loops": 4, "Workers": []}, {"Node Type": "Hash", "Parent Relationship": "Inner", "Parallel Aware": true, "Async Capable": false, "Startup Cost": 4422.34, "Total Cost": 4422.34, "Plan Rows": 138234, "Plan Width": 23, "Actual Rows": 58749, "Actual Loops": 4, "Hash Buckets": 262144, "Original Hash Buckets": 262144, "Hash Batches": 1, "Original Hash Batches": 1, "Peak Memory Usage": 15616, "Workers": [], "Plans": [{"Node Type": "Seq Scan", "Parent Relationship": "Outer", "Parallel Aware": true, "Async Capable": false, "Relation Name": "company_name", "Alias": "cn2", "Startup Cost": 0.0, "Total Cost": 4422.34, "Plan Rows": 138234, "Plan Width": 23, "Actual Rows": 58749, "Actual Loops": 4, "Workers": []}]}]}, {"Node Type": "Hash", "Parent Relationship": "Inner", "Parallel Aware": true, "Async Capable": false, "Startup Cost": 63112.55, "Total Cost": 63112.55, "Plan Rows": 1, "Plan Width": 75, "Actual Rows": 1, "Actual Loops": 4, "Hash Buckets": 1024, "Original Hash Buckets": 1024, "Hash Batches": 1, "Original Hash Batches": 1, "Peak Memory Usage": 72, "Workers": [], "Plans": [{"Node Type": "Nested Loop", "Parent Relationship": "Outer", "Parallel Aware": false, "Async Capable": false, "Join Type": "Inner", "Startup Cost": 32715.6, "Total Cost": 63112.55, "Plan Rows": 1, "Plan Width": 75, "Actual Rows": 1, "Actual Loops": 4, "Inner Unique": true, "Workers": [], "Plans": [{"Node Type": "Nested Loop", "Parent Relationship": "Outer", "Parallel Aware": false, "Async Capable": false, "Join Type": "Inner", "Startup Cost": 32715.46, "Total Cost": 63112.38, "Plan Rows": 1, "Plan Width": 79, "Actual Rows": 1, "Actual Loops": 4, "Inner Unique": true, "Join Filter": "(t1.id = ml.movie_id)", "Rows Removed by Join Filter": 0, "Workers": [], "Plans": [{"Node Type": "Nested Loop", "Parent Relationship": "Outer", "Parallel Aware": false, "Async Capable": false, "Join Type": "Inner", "Startup Cost": 32715.03, "Total Cost": 63111.85, "Plan Rows": 1, "Plan Width": 70, "Actual Rows": 1, "Actual Loops": 4, "Inner Unique": true, "Workers": [], "Plans": [{"Node Type": "Nested Loop", "Parent Relationship": "Outer", "Parallel Aware": false, "Async Capable": false, "Join Type": "Inner", "Startup Cost": 32714.61, "Total Cost": 63111.41, "Plan Rows": 1, "Plan Width": 55, "Actual Rows": 59, "Actual Loops": 4, "Inner Unique": true, "Workers": [], "Plans": [{"Node Type": "Hash Join", "Parent Relationship": "Outer", "Parallel Aware": true, "Async Capable": false, "Join Type": "Inner", "Startup Cost": 32714.47, "Total Cost": 63111.23, "Plan Rows": 1, "Plan Width": 59, "Actual Rows": 59, "Actual Loops": 4, "Inner Unique": false, "Hash Cond": "(mc1.movie_id = ml.movie_id)", "Workers": [], "Plans": [{"Node Type": "Seq Scan", "Parent Relationship": "Outer", "Parallel Aware": true, "Async Capable": false, "Relation Name": "movie_companies", "Alias": "mc1", "Startup Cost": 0.0, "Total Cost": 27240.55, "Plan Rows": 841655, "Plan Width": 8, "Actual Rows": 652282, "Actual Loops": 4, "Workers": []}, {"Node Type": "Hash", "Parent Relationship": "Inner", "Parallel Aware": true, "Async Capable": false, "Startup Cost": 32714.46, "Total Cost": 32714.46, "Plan Rows": 1, "Plan Width": 51, "Actual Rows": 26, "Actual Loops": 4, "Hash Buckets": 1024, "Original Hash Buckets": 1024, "Hash Batches": 1, "Original Hash Batches": 1, "Peak Memory Usage": 136, "Workers": [], "Plans": [{"Node Type": "Nested Loop", "Parent Relationship": "Outer", "Parallel Aware": false, "Async Capable": false, "Join Type": "Inner", "Startup Cost": 17379.2, "Total Cost": 32714.46, "Plan Rows": 1, "Plan Width": 51, "Actual Rows": 26, "Actual Loops": 4, "Inner Unique": true, "Join Filter": "(t2.id = ml.linked_movie_id)", "Rows Removed by Join Filter": 0, "Workers": [], "Plans": [{"Node Type": "Hash Join", "Parent Relationship": "Outer", "Parallel Aware": true, "Async Capable": false, "Join Type": "Inner", "Startup Cost": 17378.77, "Total Cost": 32713.84, "Plan Rows": 1, "Plan Width": 26, "Actual Rows": 30, "Actual Loops": 4, "Inner Unique": false, "Hash Cond": "(mi_idx1.movie_id = ml.movie_id)", "Workers": [], "Plans": [{"Node Type": "Hash Join", "Parent Relationship": "Outer", "Parallel Aware": false, "Async Capable": false, "Join Type": "Inner", "Startup Cost": 2.43, "Total Cost": 15286.6, "Plan Rows": 5089, "Plan Width": 9, "Actual Rows": 114981, "Actual Loops": 4, "Inner Unique": true, "Hash Cond": "(mi_idx1.info_type_id = it1.id)", "Workers": [], "Plans": [{"Node Type": "Seq Scan", "Parent Relationship": "Outer", "Parallel Aware": true, "Async Capable": false, "Relation Name": "movie_info_idx", "Alias": "mi_idx1", "Startup Cost": 0.0, "Total Cost": 13718.15, "Plan Rows": 575015, "Plan Width": 13, "Actual Rows": 345009, "Actual Loops": 4, "Workers": []}, {"Node Type": "Hash", "Parent Relationship": "Inner", "Parallel Aware": false, "Async Capable": false, "Startup Cost": 2.41, "Total Cost": 2.41, "Plan Rows": 1, "Plan Width": 4, "Actual Rows": 1, "Actual Loops": 4, "Hash Buckets": 1024, "Original Hash Buckets": 1024, "Hash Batches": 1, "Original Hash Batches": 1, "Peak Memory Usage": 9, "Workers": [], "Plans": [{"Node Type": "Seq Scan", "Parent Relationship": "Outer", "Parallel Aware": false, "Async Capable": false, "Relation Name": "info_type", "Alias": "it1", "Startup Cost": 0.0, "Total Cost": 2.41, "Plan Rows": 1, "Plan Width": 4, "Actual Rows": 1, "Actual Loops": 4, "Filter": "((info)::text = 'votes'::text)", "Rows Removed by Filter": 112, "Workers": []}]}]}, {"Node Type": "Hash", "Parent Relationship": "Inner", "Parallel Aware": true, "Async Capable": false, "Startup Cost": 17375.74, "Total Cost": 17375.74, "Plan Rows": 48, "Plan Width": 17, "Actual Rows": 82, "Actual Loops": 4, "Hash Buckets": 1024, "Original Hash Buckets": 1024, "Hash Batches": 1, "Original Hash Batches": 1, "Peak Memory Usage": 72, "Workers": [], "Plans": [{"Node Type": "Hash Join", "Parent Relationship": "Outer", "Parallel Aware": false, "Async Capable": false, "Join Type": "Inner", "Startup Cost": 626.46, "Total Cost": 17375.74, "Plan Rows": 48, "Plan Width": 17, "Actual Rows": 82, "Actual Loops": 4, "Inner Unique": false, "Hash Cond": "(mi_idx2.movie_id = ml.linked_movie_id)", "Workers": [], "Plans": [{"Node Type": "Hash Join", "Parent Relationship": "Outer", "Parallel Aware": false, "Async Capable": false, "Join Type": "Inner", "Startup Cost": 2.43, "Total Cost": 16505.03, "Plan Rows": 4377, "Plan Width": 9, "Actual Rows": 55, "Actual Loops": 4, "Inner Unique": true, "Hash Cond": "(mi_idx2.info_type_id = it2.id)", "Workers": [], "Plans": [{"Node Type": "Seq Scan", "Parent Relationship": "Outer", "Parallel Aware": true, "Async Capable": false, "Relation Name": "movie_info_idx", "Alias": "mi_idx2", "Startup Cost": 0.0, "Total Cost": 15155.68, "Plan Rows": 494562, "Plan Width": 13, "Actual Rows": 296767, "Actual Loops": 4, "Filter": "((info)::text <= '7.0'::text)", "Rows Removed by Filter": 48242, "Workers": []}, {"Node Type": "Hash", "Parent Relationship": "Inner", "Parallel Aware": false, "Async Capable": false, "Startup Cost": 2.41, "Total Cost": 2.41, "Plan Rows": 1, "Plan Width": 4, "Actual Rows": 1, "Actual Loops": 4, "Hash Buckets": 1024, "Original Hash Buckets": 1024, "Hash Batches": 1, "Original Hash Batches": 1, "Peak Memory Usage": 9, "Workers": [], "Plans": [{"Node Type": "Seq Scan", "Parent Relationship": "Outer", "Parallel Aware": false, "Async Capable": false, "Relation Name": "info_type", "Alias": "it2", "Startup Cost": 0.0, "Total Cost": 2.41, "Plan Rows": 1, "Plan Width": 4, "Actual Rows": 1, "Actual Loops": 4, "Filter": "((info)::text = 'top 250 rank'::text)", "Rows Removed by Filter": 112, "Workers": []}]}]}, {"Node Type": "Hash", "Parent Relationship": "Inner", "Parallel Aware": false, "Async Capable": false, "Startup Cost": 561.53, "Total Cost": 561.53, "Plan Rows": 5000, "Plan Width": 8, "Actual Rows": 7409, "Actual Loops": 2, "Hash Buckets": 8192, "Original Hash Buckets": 8192, "Hash Batches": 1, "Original Hash Batches": 1, "Peak Memory Usage": 354, "Workers": [], "Plans": [{"Node Type": "Hash Join", "Parent Relationship": "Outer", "Parallel Aware": false, "Async Capable": false, "Join Type": "Inner", "Startup Cost": 1.29, "Total Cost": 561.53, "Plan Rows": 5000, "Plan Width": 8, "Actual Rows": 7409, "Actual Loops": 2, "Inner Unique": true, "Hash Cond": "(ml.link_type_id = lt.id)", "Workers": [], "Plans": [{"Node Type": "Seq Scan", "Parent Relationship": "Outer", "Parallel Aware": false, "Async Capable": false, "Relation Name": "movie_link", "Alias": "ml", "Startup Cost": 0.0, "Total Cost": 462.97, "Plan Rows": 29997, "Plan Width": 12, "Actual Rows": 29997, "Actual Loops": 2, "Workers": []}, {"Node Type": "Hash", "Parent Relationship": "Inner", "Parallel Aware": false, "Async Capable": false, "Startup Cost": 1.25, "Total Cost": 1.25, "Plan Rows": 3, "Plan Width": 4, "Actual Rows": 2, "Actual Loops": 2, "Hash Buckets": 1024, "Original Hash Buckets": 1024, "Hash Batches": 1, "Original Hash Batches": 1, "Peak Memory Usage": 9, "Workers": [], "Plans": [{"Node Type": "Seq Scan", "Parent Relationship": "Outer", "Parallel Aware": false, "Async Capable": false, "Relation Name": "link_type", "Alias": "lt", "Startup Cost": 0.0, "Total Cost": 1.25, "Plan Rows": 3, "Plan Width": 4, "Actual Rows": 2, "Actual Loops": 2, "Filter": "((link)::text = ANY ('{\"featured in\",features,features}'::text[]))", "Rows Removed by Filter": 16, "Workers": []}]}]}]}]}]}]}, {"Node Type": "Index Scan", "Parent Relationship": "Inner", "Parallel Aware": false, "Async Capable": false, "Scan Direction": "Forward", "Index Name": "title_pkey", "Relation Name": "title", "Alias": "t2", "Startup Cost": 0.43, "Total Cost": 0.6, "Plan Rows": 1, "Plan Width": 25, "Actual Rows": 1, "Actual Loops": 120, "Index Cond": "(id = mi_idx2.movie_id)", "Rows Removed by Index Recheck": 0, "Filter": "(production_year <= 1992)", "Rows Removed by Filter": 0, "Workers": []}]}]}]}, {"Node Type": "Memoize", "Parent Relationship": "Inner", "Parallel Aware": false, "Async Capable": false, "Startup Cost": 0.14, "Total Cost": 0.16, "Plan Rows": 1, "Plan Width": 4, "Actual Rows": 1, "Actual Loops": 237, "Cache Key": "t2.kind_id", "Cache Mode": "logical", "Cache Hits": 29, "Cache Misses": 1, "Cache Evictions": 0, "Cache Overflows": 0, "Peak Memory Usage": 1, "Workers": [{"Worker Number": 0, "Cache Hits": 93, "Cache Misses": 1, "Cache Evictions": 0, "Cache Overflows": 0, "Peak Memory Usage": 1}, {"Worker Number": 1, "Cache Hits": 106, "Cache Misses": 1, "Cache Evictions": 0, "Cache Overflows": 0, "Peak Memory Usage": 1}, {"Worker Number": 2, "Cache Hits": 5, "Cache Misses": 1, "Cache Evictions": 0, "Cache Overflows": 0, "Peak Memory Usage": 1}], "Plans": [{"Node Type": "Index Scan", "Parent Relationship": "Outer", "Parallel Aware": false, "Async Capable": false, "Scan Direction": "Forward", "Index Name": "kind_type_pkey", "Relation Name": "kind_type", "Alias": "kt2", "Startup Cost": 0.13, "Total Cost": 0.15, "Plan Rows": 1, "Plan Width": 4, "Actual Rows": 1, "Actual Loops": 4, "Index Cond": "(id = t2.kind_id)", "Rows Removed by Index Recheck": 0, "Filter": "((kind)::text = 'movie'::text)", "Rows Removed by Filter": 0, "Workers": []}]}]}, {"Node Type": "Index Scan", "Parent Relationship": "Inner", "Parallel Aware": false, "Async Capable": false, "Scan Direction": "Forward", "Index Name": "company_name_pkey", "Relation Name": "company_name", "Alias": "cn1", "Startup Cost": 0.42, "Total Cost": 0.45, "Plan Rows": 1, "Plan Width": 23, "Actual Rows": 0, "Actual Loops": 237, "Index Cond": "(id = mc1.company_id)", "Rows Removed by Index Recheck": 0, "Filter": "((country_code)::text = '[de]'::text)", "Rows Removed by Filter": 1, "Workers": []}]}, {"Node Type": "Index Scan", "Parent Relationship": "Inner", "Parallel Aware": false, "Async Capable": false, "Scan Direction": "Forward", "Index Name": "title_pkey", "Relation Name": "title", "Alias": "t1", "Startup Cost": 0.43, "Total Cost": 0.52, "Plan Rows": 1, "Plan Width": 25, "Actual Rows": 1, "Actual Loops": 4, "Index Cond": "(id = mc1.movie_id)", "Rows Removed by Index Recheck": 0, "Workers": []}]}, {"Node Type": "Index Scan", "Parent Relationship": "Inner", "Parallel Aware": false, "Async Capable": false, "Scan Direction": "Forward", "Index Name": "kind_type_pkey", "Relation Name": "kind_type", "Alias": "kt1", "Startup Cost": 0.13, "Total Cost": 0.15, "Plan Rows": 1, "Plan Width": 4, "Actual Rows": 1, "Actual Loops": 4, "Index Cond": "(id = t1.kind_id)", "Rows Removed by Index Recheck": 0, "Filter": "((kind)::text = ANY ('{episode,movie}'::text[]))", "Rows Removed by Filter": 0, "Workers": []}]}]}]}]}]}, "Planning Time": 68.206, "Triggers": [], "Execution Time": 679.604}, {"Plan": {"Node Type": "Aggregate", "Strategy": "Plain", "Partial Mode": "Simple", "Parallel Aware": false, "Async Capable": false, "Startup Cost": 139310.56, "Total Cost": 139310.57, "Plan Rows": 1, "Plan Width": 192, "Actual Rows": 1, "Actual Loops": 1, "Plans": [{"Node Type": "Gather", "Parent Relationship": "Outer", "Parallel Aware": false, "Async Capable": false, "Startup Cost": 94510.16, "Total Cost": 139310.54, "Plan Rows": 1, "Plan Width": 82, "Actual Rows": 134, "Actual Loops": 1, "Workers Planned": 4, "Workers Launched": 4, "Single Copy": false, "Plans": [{"Node Type": "Hash Join", "Parent Relationship": "Outer", "Parallel Aware": true, "Async Capable": false, "Join Type": "Inner", "Startup Cost": 93510.16, "Total Cost": 138310.44, "Plan Rows": 1, "Plan Width": 82, "Actual Rows": 27, "Actual Loops": 5, "Inner Unique": false, "Hash Cond": "(t2.id = ml.linked_movie_id)", "Workers": [], "Plans": [{"Node Type": "Hash Join", "Parent Relationship": "Outer", "Parallel Aware": false, "Async Capable": false, "Join Type": "Inner", "Startup Cost": 1.1, "Total Cost": 44700.85, "Plan Rows": 26806, "Plan Width": 21, "Actual Rows": 66244, "Actual Loops": 5, "Inner Unique": true, "Hash Cond": "(t2.kind_id = kt2.id)", "Workers": [], "Plans": [{"Node Type": "Seq Scan", "Parent Relationship": "Outer", "Parallel Aware": true, "Async Capable": false, "Relation Name": "title", "Alias": "t2", "Startup Cost": 0.0, "Total Cost": 43908.97, "Plan Rows": 187640, "Plan Width": 25, "Actual Rows": 151180, "Actual Loops": 5, "Filter": "(production_year <= 1992)", "Rows Removed by Filter": 354482, "Workers": []}, {"Node Type": "Hash", "Parent Relationship": "Inner", "Parallel Aware": false, "Async Capable": false, "Startup Cost": 1.09, "Total Cost": 1.09, "Plan Rows": 1, "Plan Width": 4, "Actual Rows": 1, "Actual Loops": 5, "Hash Buckets": 1024, "Original Hash Buckets": 1024, "Hash Batches": 1, "Original Hash Batches": 1, "Peak Memory Usage": 9, "Workers": [], "Plans": [{"Node Type": "Seq Scan", "Parent Relationship": "Outer", "Parallel Aware": false, "Async Capable": false, "Relation Name": "kind_type", "Alias": "kt2", "Startup Cost": 0.0, "Total Cost": 1.09, "Plan Rows": 1, "Plan Width": 4, "Actual Rows": 1, "Actual Loops": 5, "Filter": "((kind)::text = 'movie'::text)", "Rows Removed by Filter": 6, "Workers": []}]}]}, {"Node Type": "Hash", "Parent Relationship": "Inner", "Parallel Aware": true, "Async Capable": false, "Startup Cost": 93509.05, "Total Cost": 93509.05, "Plan Rows": 1, "Plan Width": 77, "Actual Rows": 27, "Actual Loops": 5, "Hash Buckets": 1024, "Original Hash Buckets": 1024, "Hash Batches": 1, "Original Hash Batches": 1, "Peak Memory Usage": 136, "Workers": [], "Plans": [{"Node Type": "Nested Loop", "Parent Relationship": "Outer", "Parallel Aware": false, "Async Capable": false, "Join Type": "Inner", "Startup Cost": 63112.25, "Total Cost": 93509.05, "Plan Rows": 1, "Plan Width": 77, "Actual Rows": 27, "Actual Loops": 5, "Inner Unique": true, "Workers": [], "Plans": [{"Node Type": "Hash Join", "Parent Relationship": "Outer", "Parallel Aware": true, "Async Capable": false, "Join Type": "Inner", "Startup Cost": 63111.83, "Total Cost": 93508.6, "Plan Rows": 1, "Plan Width": 62, "Actual Rows": 27, "Actual Loops": 5, "Inner Unique": false, "Hash Cond": "(mc2.movie_id = ml.linked_movie_id)", "Workers": [], "Plans": [{"Node Type": "Seq Scan", "Parent Relationship": "Outer", "Parallel Aware": true, "Async Capable": false, "Relation Name": "movie_companies", "Alias": "mc2", "Startup Cost": 0.0, "Total Cost": 27240.55, "Plan Rows": 841655, "Plan Width": 8, "Actual Rows": 521826, "Actual Loops": 5, "Workers": []}, {"Node Type": "Hash", "Parent Relationship": "Inner", "Parallel Aware": true, "Async Capable": false, "Startup Cost": 63111.82, "Total Cost": 63111.82, "Plan Rows": 1, "Plan Width": 54, "Actual Rows": 1, "Actual Loops": 5, "Hash Buckets": 1024, "Original Hash Buckets": 1024, "Hash Batches": 1, "Original Hash Batches": 1, "Peak Memory Usage": 104, "Workers": [], "Plans": [{"Node Type": "Nested Loop", "Parent Relationship": "Outer", "Parallel Aware": false, "Async Capable": false, "Join Type": "Inner", "Startup Cost": 32715.03, "Total Cost": 63111.82, "Plan Rows": 1, "Plan Width": 54, "Actual Rows": 1, "Actual Loops": 5, "Inner Unique": true, "Workers": [], "Plans": [{"Node Type": "Hash Join", "Parent Relationship": "Outer", "Parallel Aware": true, "Async Capable": false, "Join Type": "Inner", "Startup Cost": 32714.61, "Total Cost": 63111.37, "Plan Rows": 1, "Plan Width": 39, "Actual Rows": 48, "Actual Loops": 5, "Inner Unique": false, "Hash Cond": "(mc1.movie_id = t1.id)", "Workers": [], "Plans": [{"Node Type": "Seq Scan", "Parent Relationship": "Outer", "Parallel Aware": true, "Async Capable": false, "Relation Name": "movie_companies", "Alias": "mc1", "Startup Cost": 0.0, "Total Cost": 27240.55, "Plan Rows": 841655, "Plan Width": 8, "Actual Rows": 521826, "Actual Loops": 5, "Workers": []}, {"Node Type": "Hash", "Parent Relationship": "Inner", "Parallel Aware": true, "Async Capable": false, "Startup Cost": 32714.6, "Total Cost": 32714.6, "Plan Rows": 1, "Plan Width": 47, "Actual Rows": 23, "Actual Loops": 5, "Hash Buckets": 1024, "Original Hash Buckets": 1024, "Hash Batches": 1, "Original Hash Batches": 1, "Peak Memory Usage": 168, "Workers": [], "Plans": [{"Node Type": "Nested Loop", "Parent Relationship": "Outer", "Parallel Aware": false, "Async Capable": false, "Join Type": "Inner", "Startup Cost": 17379.33, "Total Cost": 32714.6, "Plan Rows": 1, "Plan Width": 47, "Actual Rows": 23, "Actual Loops": 5, "Inner Unique": true, "Workers": [], "Plans": [{"Node Type": "Nested Loop", "Parent Relationship": "Outer", "Parallel Aware": false, "Async Capable": false, "Join Type": "Inner", "Startup Cost": 17379.2, "Total Cost": 32714.44, "Plan Rows": 1, "Plan Width": 51, "Actual Rows": 24, "Actual Loops": 5, "Inner Unique": true, "Join Filter": "(t1.id = ml.movie_id)", "Rows Removed by Join Filter": 0, "Workers": [], "Plans": [{"Node Type": "Hash Join", "Parent Relationship": "Outer", "Parallel Aware": true, "Async Capable": false, "Join Type": "Inner", "Startup Cost": 17378.77, "Total Cost": 32713.84, "Plan Rows": 1, "Plan Width": 26, "Actual Rows": 24, "Actual Loops": 5, "Inner Unique": false, "Hash Cond": "(mi_idx1.movie_id = ml.movie_id)", "Workers": [], "Plans": [{"Node Type": "Hash Join", "Parent Relationship": "Outer", "Parallel Aware": false, "Async Capable": false, "Join Type": "Inner", "Startup Cost": 2.43, "Total Cost": 15286.6, "Plan Rows": 5089, "Plan Width": 9, "Actual Rows": 91985, "Actual Loops": 5, "Inner Unique": true, "Hash Cond": "(mi_idx1.info_type_id = it1.id)", "Workers": [], "Plans": [{"Node Type": "Seq Scan", "Parent Relationship": "Outer", "Parallel Aware": true, "Async Capable": false, "Relation Name": "movie_info_idx", "Alias": "mi_idx1", "Startup Cost": 0.0, "Total Cost": 13718.15, "Plan Rows": 575015, "Plan Width": 13, "Actual Rows": 276007, "Actual Loops": 5, "Workers": []}, {"Node Type": "Hash", "Parent Relationship": "Inner", "Parallel Aware": false, "Async Capable": false, "Startup Cost": 2.41, "Total Cost": 2.41, "Plan Rows": 1, "Plan Width": 4, "Actual Rows": 1, "Actual Loops": 5, "Hash Buckets": 1024, "Original Hash Buckets": 1024, "Hash Batches": 1, "Original Hash Batches": 1, "Peak Memory Usage": 9, "Workers": [], "Plans": [{"Node Type": "Seq Scan", "Parent Relationship": "Outer", "Parallel Aware": false, "Async Capable": false, "Relation Name": "info_type", "Alias": "it1", "Startup Cost": 0.0, "Total Cost": 2.41, "Plan Rows": 1, "Plan Width": 4, "Actual Rows": 1, "Actual Loops": 5, "Filter": "((info)::text = 'votes'::text)", "Rows Removed by Filter": 112, "Workers": []}]}]}, {"Node Type": "Hash", "Parent Relationship": "Inner", "Parallel Aware": true, "Async Capable": false, "Startup Cost": 17375.74, "Total Cost": 17375.74, "Plan Rows": 48, "Plan Width": 17, "Actual Rows": 66, "Actual Loops": 5, "Hash Buckets": 1024, "Original Hash Buckets": 1024, "Hash Batches": 1, "Original Hash Batches": 1, "Peak Memory Usage": 72, "Workers": [], "Plans": [{"Node Type": "Hash Join", "Parent Relationship": "Outer", "Parallel Aware": false, "Async Capable": false, "Join Type": "Inner", "Startup Cost": 626.46, "Total Cost": 17375.74, "Plan Rows": 48, "Plan Width": 17, "Actual Rows": 66, "Actual Loops": 5, "Inner Unique": false, "Hash Cond": "(mi_idx2.movie_id = ml.linked_movie_id)", "Workers": [], "Plans": [{"Node Type": "Hash Join", "Parent Relationship": "Outer", "Parallel Aware": false, "Async Capable": false, "Join Type": "Inner", "Startup Cost": 2.43, "Total Cost": 16505.03, "Plan Rows": 4377, "Plan Width": 9, "Actual Rows": 44, "Actual Loops": 5, "Inner Unique": true, "Hash Cond": "(mi_idx2.info_type_id = it2.id)", "Workers": [], "Plans": [{"Node Type": "Seq Scan", "Parent Relationship": "Outer", "Parallel Aware": true, "Async Capable": false, "Relation Name": "movie_info_idx", "Alias": "mi_idx2", "Startup Cost": 0.0, "Total Cost": 15155.68, "Plan Rows": 494562, "Plan Width": 13, "Actual Rows": 237414, "Actual Loops": 5, "Filter": "((info)::text <= '7.0'::text)", "Rows Removed by Filter": 38593, "Workers": []}, {"Node Type": "Hash", "Parent Relationship": "Inner", "Parallel Aware": false, "Async Capable": false, "Startup Cost": 2.41, "Total Cost": 2.41, "Plan Rows": 1, "Plan Width": 4, "Actual Rows": 1, "Actual Loops": 5, "Hash Buckets": 1024, "Original Hash Buckets": 1024, "Hash Batches": 1, "Original Hash Batches": 1, "Peak Memory Usage": 9, "Workers": [], "Plans": [{"Node Type": "Seq Scan", "Parent Relationship": "Outer", "Parallel Aware": false, "Async Capable": false, "Relation Name": "info_type", "Alias": "it2", "Startup Cost": 0.0, "Total Cost": 2.41, "Plan Rows": 1, "Plan Width": 4, "Actual Rows": 1, "Actual Loops": 5, "Filter": "((info)::text = 'top 250 rank'::text)", "Rows Removed by Filter": 112, "Workers": []}]}]}, {"Node Type": "Hash", "Parent Relationship": "Inner", "Parallel Aware": false, "Async Capable": false, "Startup Cost": 561.53, "Total Cost": 561.53, "Plan Rows": 5000, "Plan Width": 8, "Actual Rows": 7409, "Actual Loops": 2, "Hash Buckets": 8192, "Original Hash Buckets": 8192, "Hash Batches": 1, "Original Hash Batches": 1, "Peak Memory Usage": 354, "Workers": [], "Plans": [{"Node Type": "Hash Join", "Parent Relationship": "Outer", "Parallel Aware": false, "Async Capable": false, "Join Type": "Inner", "Startup Cost": 1.29, "Total Cost": 561.53, "Plan Rows": 5000, "Plan Width": 8, "Actual Rows": 7409, "Actual Loops": 2, "Inner Unique": true, "Hash Cond": "(ml.link_type_id = lt.id)", "Workers": [], "Plans": [{"Node Type": "Seq Scan", "Parent Relationship": "Outer", "Parallel Aware": false, "Async Capable": false, "Relation Name": "movie_link", "Alias": "ml", "Startup Cost": 0.0, "Total Cost": 462.97, "Plan Rows": 29997, "Plan Width": 12, "Actual Rows": 29997, "Actual Loops": 2, "Workers": []}, {"Node Type": "Hash", "Parent Relationship": "Inner", "Parallel Aware": false, "Async Capable": false, "Startup Cost": 1.25, "Total Cost": 1.25, "Plan Rows": 3, "Plan Width": 4, "Actual Rows": 2, "Actual Loops": 2, "Hash Buckets": 1024, "Original Hash Buckets": 1024, "Hash Batches": 1, "Original Hash Batches": 1, "Peak Memory Usage": 9, "Workers": [], "Plans": [{"Node Type": "Seq Scan", "Parent Relationship": "Outer", "Parallel Aware": false, "Async Capable": false, "Relation Name": "link_type", "Alias": "lt", "Startup Cost": 0.0, "Total Cost": 1.25, "Plan Rows": 3, "Plan Width": 4, "Actual Rows": 2, "Actual Loops": 2, "Filter": "((link)::text = ANY ('{\"featured in\",features,features}'::text[]))", "Rows Removed by Filter": 16, "Workers": []}]}]}]}]}]}]}, {"Node Type": "Index Scan", "Parent Relationship": "Inner", "Parallel Aware": false, "Async Capable": false, "Scan Direction": "Forward", "Index Name": "title_pkey", "Relation Name": "title", "Alias": "t1", "Startup Cost": 0.43, "Total Cost": 0.58, "Plan Rows": 1, "Plan Width": 25, "Actual Rows": 1, "Actual Loops": 120, "Index Cond": "(id = mi_idx1.movie_id)", "Rows Removed by Index Recheck": 0, "Workers": []}]}, {"Node Type": "Index Scan", "Parent Relationship": "Inner", "Parallel Aware": false, "Async Capable": false, "Scan Direction": "Forward", "Index Name": "kind_type_pkey", "Relation Name": "kind_type", "Alias": "kt1", "Startup Cost": 0.13, "Total Cost": 0.15, "Plan Rows": 1, "Plan Width": 4, "Actual Rows": 1, "Actual Loops": 120, "Index Cond": "(id = t1.kind_id)", "Rows Removed by Index Recheck": 0, "Filter": "((kind)::text = ANY ('{episode,movie}'::text[]))", "Rows Removed by Filter": 0, "Workers": []}]}]}]}, {"Node Type": "Index Scan", "Parent Relationship": "Inner", "Parallel Aware": false, "Async Capable": false, "Scan Direction": "Forward", "Index Name": "company_name_pkey", "Relation Name": "company_name", "Alias": "cn1", "Startup Cost": 0.42, "Total Cost": 0.45, "Plan Rows": 1, "Plan Width": 23, "Actual Rows": 0, "Actual Loops": 241, "Index Cond": "(id = mc1.company_id)", "Rows Removed by Index Recheck": 0, "Filter": "((country_code)::text = '[de]'::text)", "Rows Removed by Filter": 1, "Workers": []}]}]}]}, {"Node Type": "Index Scan", "Parent Relationship": "Inner", "Parallel Aware": false, "Async Capable": false, "Scan Direction": "Forward", "Index Name": "company_name_pkey", "Relation Name": "company_name", "Alias": "cn2", "Startup Cost": 0.42, "Total Cost": 0.44, "Plan Rows": 1, "Plan Width": 23, "Actual Rows": 1, "Actual Loops": 134, "Index Cond": "(id = mc2.company_id)", "Rows Removed by Index Recheck": 0, "Workers": []}]}]}]}]}]}, "Planning Time": 69.072, "Triggers": [], "Execution Time": 401.709}, {"Plan": {"Node Type": "Aggregate", "Strategy": "Plain", "Partial Mode": "Simple", "Parallel Aware": false, "Async Capable": false, "Startup Cost": 97500.64, "Total Cost": 97500.65, "Plan Rows": 1, "Plan Width": 192, "Actual Rows": 1, "Actual Loops": 1, "Plans": [{"Node Type": "Gather", "Parent Relationship": "Outer", "Parallel Aware": false, "Async Capable": false, "Startup Cost": 78358.59, "Total Cost": 97500.62, "Plan Rows": 1, "Plan Width": 82, "Actual Rows": 134, "Actual Loops": 1, "Workers Planned": 2, "Workers Launched": 2, "Single Copy": false, "Plans": [{"Node Type": "Hash Join", "Parent Relationship": "Outer", "Parallel Aware": true, "Async Capable": false, "Join Type": "Inner", "Startup Cost": 77358.59, "Total Cost": 96500.52, "Plan Rows": 1, "Plan Width": 82, "Actual Rows": 45, "Actual Loops": 3, "Inner Unique": false, "Hash Cond": "(t2.id = ml.linked_movie_id)", "Workers": [], "Plans": [{"Node Type": "Hash Join", "Parent Relationship": "Outer", "Parallel Aware": false, "Async Capable": false, "Join Type": "Inner", "Startup Cost": 3.96, "Total Cost": 19145.19, "Plan Rows": 185, "Plan Width": 30, "Actual Rows": 40, "Actual Loops": 3, "Inner Unique": true, "Hash Cond": "(t2.kind_id = kt2.id)", "Workers": [], "Plans": [{"Node Type": "Nested Loop", "Parent Relationship": "Outer", "Parallel Aware": false, "Async Capable": false, "Join Type": "Inner", "Startup Cost": 2.86, "Total Cost": 19138.61, "Plan Rows": 1299, "Plan Width": 34, "Actual Rows": 40, "Actual Loops": 3, "Inner Unique": true, "Workers": [], "Plans": [{"Node Type": "Hash Join", "Parent Relationship": "Outer", "Parallel Aware": false, "Async Capable": false, "Join Type": "Inner", "Startup Cost": 2.43, "Total Cost": 16505.03, "Plan Rows": 4377, "Plan Width": 9, "Actual Rows": 73, "Actual Loops": 3, "Inner Unique": true, "Hash Cond": "(mi_idx2.info_type_id = it2.id)", "Workers": [], "Plans": [{"Node Type": "Seq Scan", "Parent Relationship": "Outer", "Parallel Aware": true, "Async Capable": false, "Relation Name": "movie_info_idx", "Alias": "mi_idx2", "Startup Cost": 0.0, "Total Cost": 15155.68, "Plan Rows": 494562, "Plan Width": 13, "Actual Rows": 395689, "Actual Loops": 3, "Filter": "((info)::text <= '7.0'::text)", "Rows Removed by Filter": 64322, "Workers": []}, {"Node Type": "Hash", "Parent Relationship": "Inner", "Parallel Aware": false, "Async Capable": false, "Startup Cost": 2.41, "Total Cost": 2.41, "Plan Rows": 1, "Plan Width": 4, "Actual Rows": 1, "Actual Loops": 3, "Hash Buckets": 1024, "Original Hash Buckets": 1024, "Hash Batches": 1, "Original Hash Batches": 1, "Peak Memory Usage": 9, "Workers": [], "Plans": [{"Node Type": "Seq Scan", "Parent Relationship": "Outer", "Parallel Aware": false, "Async Capable": false, "Relation Name": "info_type", "Alias": "it2", "Startup Cost": 0.0, "Total Cost": 2.41, "Plan Rows": 1, "Plan Width": 4, "Actual Rows": 1, "Actual Loops": 3, "Filter": "((info)::text = 'top 250 rank'::text)", "Rows Removed by Filter": 112, "Workers": []}]}]}, {"Node Type": "Index Scan", "Parent Relationship": "Inner", "Parallel Aware": false, "Async Capable": false, "Scan Direction": "Forward", "Index Name": "title_pkey", "Relation Name": "title", "Alias": "t2", "Startup Cost": 0.43, "Total Cost": 0.6, "Plan Rows": 1, "Plan Width": 25, "Actual Rows": 1, "Actual Loops": 219, "Index Cond": "(id = mi_idx2.movie_id)", "Rows Removed by Index Recheck": 0, "Filter": "(production_year <= 1992)", "Rows Removed by Filter": 0, "Workers": []}]}, {"Node Type": "Hash", "Parent Relationship": "Inner", "Parallel Aware": false, "Async Capable": false, "Startup Cost": 1.09, "Total Cost": 1.09, "Plan Rows": 1, "Plan Width": 4, "Actual Rows": 1, "Actual Loops": 3, "Hash Buckets": 1024, "Original Hash Buckets": 1024, "Hash Batches": 1, "Original Hash Batches": 1, "Peak Memory Usage": 9, "Workers": [], "Plans": [{"Node Type": "Seq Scan", "Parent Relationship": "Outer", "Parallel Aware": false, "Async Capable": false, "Relation Name": "kind_type", "Alias": "kt2", "Startup Cost": 0.0, "Total Cost": 1.09, "Plan Rows": 1, "Plan Width": 4, "Actual Rows": 1, "Actual Loops": 3, "Filter": "((kind)::text = 'movie'::text)", "Rows Removed by Filter": 6, "Workers": []}]}]}, {"Node Type": "Hash", "Parent Relationship": "Inner", "Parallel Aware": true, "Async Capable": false, "Startup Cost": 77354.48, "Total Cost": 77354.48, "Plan Rows": 12, "Plan Width": 68, "Actual Rows": 355, "Actual Loops": 3, "Hash Buckets": 1024, "Original Hash Buckets": 1024, "Hash Batches": 1, "Original Hash Batches": 1, "Peak Memory Usage": 168, "Workers": [], "Plans": [{"Node Type": "Nested Loop", "Parent Relationship": "Outer", "Parallel Aware": false, "Async Capable": false, "Join Type": "Inner", "Startup Cost": 46952.8, "Total Cost": 77354.48, "Plan Rows": 12, "Plan Width": 68, "Actual Rows": 355, "Actual Loops": 3, "Inner Unique": true, "Workers": [], "Plans": [{"Node Type": "Hash Join", "Parent Relationship": "Outer", "Parallel Aware": true, "Async Capable": false, "Join Type": "Inner", "Startup Cost": 46952.38, "Total Cost": 77349.16, "Plan Rows": 12, "Plan Width": 53, "Actual Rows": 355, "Actual Loops": 3, "Inner Unique": false, "Hash Cond": "(mc2.movie_id = ml.linked_movie_id)", "Workers": [], "Plans": [{"Node Type": "Seq Scan", "Parent Relationship": "Outer", "Parallel Aware": true, "Async Capable": false, "Relation Name": "movie_companies", "Alias": "mc2", "Startup Cost": 0.0, "Total Cost": 27240.55, "Plan Rows": 841655, "Plan Width": 8, "Actual Rows": 869710, "Actual Loops": 3, "Workers": []}, {"Node Type": "Hash", "Parent Relationship": "Inner", "Parallel Aware": true, "Async Capable": false, "Startup Cost": 46952.35, "Total Cost": 46952.35, "Plan Rows": 2, "Plan Width": 45, "Actual Rows": 31, "Actual Loops": 3, "Hash Buckets": 1024, "Original Hash Buckets": 1024, "Hash Batches": 1, "Original Hash Batches": 1, "Peak Memory Usage": 104, "Workers": [], "Plans": [{"Node Type": "Nested Loop", "Parent Relationship": "Outer", "Parallel Aware": false, "Async Capable": false, "Join Type": "Inner", "Startup Cost": 16531.44, "Total Cost": 46952.35, "Plan Rows": 2, "Plan Width": 45, "Actual Rows": 31, "Actual Loops": 3, "Inner Unique": true, "Workers": [], "Plans": [{"Node Type": "Hash Join", "Parent Relationship": "Outer", "Parallel Aware": true, "Async Capable": false, "Join Type": "Inner", "Startup Cost": 16531.02, "Total Cost": 46927.82, "Plan Rows": 55, "Plan Width": 30, "Actual Rows": 1619, "Actual Loops": 3, "Inner Unique": false, "Hash Cond": "(mc1.movie_id = t1.id)", "Workers": [], "Plans": [{"Node Type": "Seq Scan", "Parent Relationship": "Outer", "Parallel Aware": true, "Async Capable": false, "Relation Name": "movie_companies", "Alias": "mc1", "Startup Cost": 0.0, "Total Cost": 27240.55, "Plan Rows": 841655, "Plan Width": 8, "Actual Rows": 869710, "Actual Loops": 3, "Workers": []}, {"Node Type": "Hash", "Parent Relationship": "Inner", "Parallel Aware": true, "Async Capable": false, "Startup Cost": 16530.82, "Total Cost": 16530.82, "Plan Rows": 16, "Plan Width": 38, "Actual Rows": 687, "Actual Loops": 3, "Hash Buckets": 2048, "Original Hash Buckets": 1024, "Hash Batches": 1, "Original Hash Batches": 1, "Peak Memory Usage": 216, "Workers": [], "Plans": [{"Node Type": "Nested Loop", "Parent Relationship": "Outer", "Parallel Aware": false, "Async Capable": false, "Join Type": "Inner", "Startup Cost": 16469.21, "Total Cost": 16530.82, "Plan Rows": 16, "Plan Width": 38, "Actual Rows": 687, "Actual Loops": 3, "Inner Unique": true, "Workers": [], "Plans": [{"Node Type": "Nested Loop", "Parent Relationship": "Outer", "Parallel Aware": false, "Async Capable": false, "Join Type": "Inner", "Startup Cost": 16469.07, "Total Cost": 16528.42, "Plan Rows": 56, "Plan Width": 42, "Actual Rows": 1262, "Actual Loops": 3, "Inner Unique": true, "Join Filter": "(t1.id = ml.movie_id)", "Rows Removed by Join Filter": 0, "Workers": [], "Plans": [{"Node Type": "Merge Join", "Parent Relationship": "Outer", "Parallel Aware": false, "Async Capable": false, "Join Type": "Inner", "Startup Cost": 16468.64, "Total Cost": 16495.35, "Plan Rows": 56, "Plan Width": 17, "Actual Rows": 1262, "Actual Loops": 3, "Inner Unique": false, "Merge Cond": "(mi_idx1.movie_id = ml.movie_id)", "Workers": [], "Plans": [{"Node Type": "Sort", "Parent Relationship": "Outer", "Parallel Aware": false, "Async Capable": false, "Startup Cost": 15599.91, "Total Cost": 15612.63, "Plan Rows": 5089, "Plan Width": 9, "Actual Rows": 6277, "Actual Loops": 3, "Sort Key": ["mi_idx1.movie_id"], "Sort Method": "quicksort", "Sort Space Used": 12881, "Sort Space Type": "Memory", "Workers": [{"Worker Number": 0, "Sort Method": "quicksort", "Sort Space Used": 6971, "Sort Space Type": "Memory"}, {"Worker Number": 1, "Sort Method": "quicksort", "Sort Space Used": 6971, "Sort Space Type": "Memory"}], "Plans": [{"Node Type": "Hash Join", "Parent Relationship": "Outer", "Parallel Aware": false, "Async Capable": false, "Join Type": "Inner", "Startup Cost": 2.43, "Total Cost": 15286.6, "Plan Rows": 5089, "Plan Width": 9, "Actual Rows": 153308, "Actual Loops": 3, "Inner Unique": true, "Hash Cond": "(mi_idx1.info_type_id = it1.id)", "Workers": [], "Plans": [{"Node Type": "Seq Scan", "Parent Relationship": "Outer", "Parallel Aware": true, "Async Capable": false, "Relation Name": "movie_info_idx", "Alias": "mi_idx1", "Startup Cost": 0.0, "Total Cost": 13718.15, "Plan Rows": 575015, "Plan Width": 13, "Actual Rows": 460012, "Actual Loops": 3, "Workers": []}, {"Node Type": "Hash", "Parent Relationship": "Inner", "Parallel Aware": false, "Async Capable": false, "Startup Cost": 2.41, "Total Cost": 2.41, "Plan Rows": 1, "Plan Width": 4, "Actual Rows": 1, "Actual Loops": 3, "Hash Buckets": 1024, "Original Hash Buckets": 1024, "Hash Batches": 1, "Original Hash Batches": 1, "Peak Memory Usage": 9, "Workers": [], "Plans": [{"Node Type": "Seq Scan", "Parent Relationship": "Outer", "Parallel Aware": false, "Async Capable": false, "Relation Name": "info_type", "Alias": "it1", "Startup Cost": 0.0, "Total Cost": 2.41, "Plan Rows": 1, "Plan Width": 4, "Actual Rows": 1, "Actual Loops": 3, "Filter": "((info)::text = 'votes'::text)", "Rows Removed by Filter": 112, "Workers": []}]}]}]}, {"Node Type": "Sort", "Parent Relationship": "Inner", "Parallel Aware": false, "Async Capable": false, "Startup Cost": 868.72, "Total Cost": 881.22, "Plan Rows": 5000, "Plan Width": 8, "Actual Rows": 7409, "Actual Loops": 3, "Sort Key": ["ml.movie_id"], "Sort Method": "quicksort", "Sort Space Used": 424, "Sort Space Type": "Memory", "Workers": [{"Worker Number": 0, "Sort Method": "quicksort", "Sort Space Used": 424, "Sort Space Type": "Memory"}, {"Worker Number": 1, "Sort Method": "quicksort", "Sort Space Used": 424, "Sort Space Type": "Memory"}], "Plans": [{"Node Type": "Hash Join", "Parent Relationship": "Outer", "Parallel Aware": false, "Async Capable": false, "Join Type": "Inner", "Startup Cost": 1.29, "Total Cost": 561.53, "Plan Rows": 5000, "Plan Width": 8, "Actual Rows": 7409, "Actual Loops": 3, "Inner Unique": true, "Hash Cond": "(ml.link_type_id = lt.id)", "Workers": [], "Plans": [{"Node Type": "Seq Scan", "Parent Relationship": "Outer", "Parallel Aware": false, "Async Capable": false, "Relation Name": "movie_link", "Alias": "ml", "Startup Cost": 0.0, "Total Cost": 462.97, "Plan Rows": 29997, "Plan Width": 12, "Actual Rows": 29997, "Actual Loops": 3, "Workers": []}, {"Node Type": "Hash", "Parent Relationship": "Inner", "Parallel Aware": false, "Async Capable": false, "Startup Cost": 1.25, "Total Cost": 1.25, "Plan Rows": 3, "Plan Width": 4, "Actual Rows": 2, "Actual Loops": 3, "Hash Buckets": 1024, "Original Hash Buckets": 1024, "Hash Batches": 1, "Original Hash Batches": 1, "Peak Memory Usage": 9, "Workers": [], "Plans": [{"Node Type": "Seq Scan", "Parent Relationship": "Outer", "Parallel Aware": false, "Async Capable": false, "Relation Name": "link_type", "Alias": "lt", "Startup Cost": 0.0, "Total Cost": 1.25, "Plan Rows": 3, "Plan Width": 4, "Actual Rows": 2, "Actual Loops": 3, "Filter": "((link)::text = ANY ('{\"featured in\",features,features}'::text[]))", "Rows Removed by Filter": 16, "Workers": []}]}]}]}]}, {"Node Type": "Index Scan", "Parent Relationship": "Inner", "Parallel Aware": false, "Async Capable": false, "Scan Direction": "Forward", "Index Name": "title_pkey", "Relation Name": "title", "Alias": "t1", "Startup Cost": 0.43, "Total Cost": 0.58, "Plan Rows": 1, "Plan Width": 25, "Actual Rows": 1, "Actual Loops": 3787, "Index Cond": "(id = mi_idx1.movie_id)", "Rows Removed by Index Recheck": 0, "Workers": []}]}, {"Node Type": "Memoize", "Parent Relationship": "Inner", "Parallel Aware": false, "Async Capable": false, "Startup Cost": 0.14, "Total Cost": 0.16, "Plan Rows": 1, "Plan Width": 4, "Actual Rows": 1, "Actual Loops": 3787, "Cache Key": "t1.kind_id", "Cache Mode": "logical", "Cache Hits": 3785, "Cache Misses": 2, "Cache Evictions": 0, "Cache Overflows": 0, "Peak Memory Usage": 1, "Workers": [], "Plans": [{"Node Type": "Index Scan", "Parent Relationship": "Outer", "Parallel Aware": false, "Async Capable": false, "Scan Direction": "Forward", "Index Name": "kind_type_pkey", "Relation Name": "kind_type", "Alias": "kt1", "Startup Cost": 0.13, "Total Cost": 0.15, "Plan Rows": 1, "Plan Width": 4, "Actual Rows": 0, "Actual Loops": 2, "Index Cond": "(id = t1.kind_id)", "Rows Removed by Index Recheck": 0, "Filter": "((kind)::text = ANY ('{episode,movie}'::text[]))", "Rows Removed by Filter": 0, "Workers": []}]}]}]}]}, {"Node Type": "Index Scan", "Parent Relationship": "Inner", "Parallel Aware": false, "Async Capable": false, "Scan Direction": "Forward", "Index Name": "company_name_pkey", "Relation Name": "company_name", "Alias": "cn1", "Startup Cost": 0.42, "Total Cost": 0.45, "Plan Rows": 1, "Plan Width": 23, "Actual Rows": 0, "Actual Loops": 4858, "Index Cond": "(id = mc1.company_id)", "Rows Removed by Index Recheck": 0, "Filter": "((country_code)::text = '[de]'::text)", "Rows Removed by Filter": 1, "Workers": []}]}]}]}, {"Node Type": "Index Scan", "Parent Relationship": "Inner", "Parallel Aware": false, "Async Capable": false, "Scan Direction": "Forward", "Index Name": "company_name_pkey", "Relation Name": "company_name", "Alias": "cn2", "Startup Cost": 0.42, "Total Cost": 0.44, "Plan Rows": 1, "Plan Width": 23, "Actual Rows": 1, "Actual Loops": 1064, "Index Cond": "(id = mc2.company_id)", "Rows Removed by Index Recheck": 0, "Workers": []}]}]}]}]}]}, "Planning Time": 70.843, "Triggers": [], "Execution Time": 550.113}, {"Plan": {"Node Type": "Aggregate", "Strategy": "Plain", "Partial Mode": "Simple", "Parallel Aware": false, "Async Capable": false, "Startup Cost": 146323.99, "Total Cost": 146324.0, "Plan Rows": 1, "Plan Width": 192, "Actual Rows": 1, "Actual Loops": 1, "Plans": [{"Node Type": "Gather", "Parent Relationship": "Outer", "Parallel Aware": false, "Async Capable": false, "Startup Cost": 115927.08, "Total Cost": 146323.98, "Plan Rows": 1, "Plan Width": 82, "Actual Rows": 134, "Actual Loops": 1, "Workers Planned": 3, "Workers Launched": 3, "Single Copy": false, "Plans": [{"Node Type": "Hash Join", "Parent Relationship": "Outer", "Parallel Aware": true, "Async Capable": false, "Join Type": "Inner", "Startup Cost": 114927.08, "Total Cost": 145323.88, "Plan Rows": 1, "Plan Width": 82, "Actual Rows": 34, "Actual Loops": 4, "Inner Unique": false, "Hash Cond": "(ml.linked_movie_id = t2.id)", "Workers": [], "Plans": [{"Node Type": "Nested Loop", "Parent Relationship": "Outer", "Parallel Aware": false, "Async Capable": false, "Join Type": "Inner", "Startup Cost": 32715.03, "Total Cost": 63111.82, "Plan Rows": 1, "Plan Width": 54, "Actual Rows": 1, "Actual Loops": 4, "Inner Unique": true, "Workers": [], "Plans": [{"Node Type": "Hash Join", "Parent Relationship": "Outer", "Parallel Aware": true, "Async Capable": false, "Join Type": "Inner", "Startup Cost": 32714.61, "Total Cost": 63111.37, "Plan Rows": 1, "Plan Width": 39, "Actual Rows": 60, "Actual Loops": 4, "Inner Unique": false, "Hash Cond": "(mc1.movie_id = t1.id)", "Workers": [], "Plans": [{"Node Type": "Seq Scan", "Parent Relationship": "Outer", "Parallel Aware": true, "Async Capable": false, "Relation Name": "movie_companies", "Alias": "mc1", "Startup Cost": 0.0, "Total Cost": 27240.55, "Plan Rows": 841655, "Plan Width": 8, "Actual Rows": 652282, "Actual Loops": 4, "Workers": []}, {"Node Type": "Hash", "Parent Relationship": "Inner", "Parallel Aware": true, "Async Capable": false, "Startup Cost": 32714.6, "Total Cost": 32714.6, "Plan Rows": 1, "Plan Width": 47, "Actual Rows": 29, "Actual Loops": 4, "Hash Buckets": 1024, "Original Hash Buckets": 1024, "Hash Batches": 1, "Original Hash Batches": 1, "Peak Memory Usage": 136, "Workers": [], "Plans": [{"Node Type": "Nested Loop", "Parent Relationship": "Outer", "Parallel Aware": false, "Async Capable": false, "Join Type": "Inner", "Startup Cost": 17379.33, "Total Cost": 32714.6, "Plan Rows": 1, "Plan Width": 47, "Actual Rows": 29, "Actual Loops": 4, "Inner Unique": true, "Workers": [], "Plans": [{"Node Type": "Nested Loop", "Parent Relationship": "Outer", "Parallel Aware": false, "Async Capable": false, "Join Type": "Inner", "Startup Cost": 17379.2, "Total Cost": 32714.44, "Plan Rows": 1, "Plan Width": 51, "Actual Rows": 30, "Actual Loops": 4, "Inner Unique": true, "Join Filter": "(t1.id = ml.movie_id)", "Rows Removed by Join Filter": 0, "Workers": [], "Plans": [{"Node Type": "Hash Join", "Parent Relationship": "Outer", "Parallel Aware": true, "Async Capable": false, "Join Type": "Inner", "Startup Cost": 17378.77, "Total Cost": 32713.84, "Plan Rows": 1, "Plan Width": 26, "Actual Rows": 30, "Actual Loops": 4, "Inner Unique": false, "Hash Cond": "(mi_idx1.movie_id = ml.movie_id)", "Workers": [], "Plans": [{"Node Type": "Hash Join", "Parent Relationship": "Outer", "Parallel Aware": false, "Async Capable": false, "Join Type": "Inner", "Startup Cost": 2.43, "Total Cost": 15286.6, "Plan Rows": 5089, "Plan Width": 9, "Actual Rows": 114981, "Actual Loops": 4, "Inner Unique": true, "Hash Cond": "(mi_idx1.info_type_id = it1.id)", "Workers": [], "Plans": [{"Node Type": "Seq Scan", "Parent Relationship": "Outer", "Parallel Aware": true, "Async Capable": false, "Relation Name": "movie_info_idx", "Alias": "mi_idx1", "Startup Cost": 0.0, "Total Cost": 13718.15, "Plan Rows": 575015, "Plan Width": 13, "Actual Rows": 345009, "Actual Loops": 4, "Workers": []}, {"Node Type": "Hash", "Parent Relationship": "Inner", "Parallel Aware": false, "Async Capable": false, "Startup Cost": 2.41, "Total Cost": 2.41, "Plan Rows": 1, "Plan Width": 4, "Actual Rows": 1, "Actual Loops": 4, "Hash Buckets": 1024, "Original Hash Buckets": 1024, "Hash Batches": 1, "Original Hash Batches": 1, "Peak Memory Usage": 9, "Workers": [], "Plans": [{"Node Type": "Seq Scan", "Parent Relationship": "Outer", "Parallel Aware": false, "Async Capable": false, "Relation Name": "info_type", "Alias": "it1", "Startup Cost": 0.0, "Total Cost": 2.41, "Plan Rows": 1, "Plan Width": 4, "Actual Rows": 1, "Actual Loops": 4, "Filter": "((info)::text = 'votes'::text)", "Rows Removed by Filter": 112, "Workers": []}]}]}, {"Node Type": "Hash", "Parent Relationship": "Inner", "Parallel Aware": true, "Async Capable": false, "Startup Cost": 17375.74, "Total Cost": 17375.74, "Plan Rows": 48, "Plan Width": 17, "Actual Rows": 82, "Actual Loops": 4, "Hash Buckets": 1024, "Original Hash Buckets": 1024, "Hash Batches": 1, "Original Hash Batches": 1, "Peak Memory Usage": 72, "Workers": [], "Plans": [{"Node Type": "Hash Join", "Parent Relationship": "Outer", "Parallel Aware": false, "Async Capable": false, "Join Type": "Inner", "Startup Cost": 626.46, "Total Cost": 17375.74, "Plan Rows": 48, "Plan Width": 17, "Actual Rows": 82, "Actual Loops": 4, "Inner Unique": false, "Hash Cond": "(mi_idx2.movie_id = ml.linked_movie_id)", "Workers": [], "Plans": [{"Node Type": "Hash Join", "Parent Relationship": "Outer", "Parallel Aware": false, "Async Capable": false, "Join Type": "Inner", "Startup Cost": 2.43, "Total Cost": 16505.03, "Plan Rows": 4377, "Plan Width": 9, "Actual Rows": 55, "Actual Loops": 4, "Inner Unique": true, "Hash Cond": "(mi_idx2.info_type_id = it2.id)", "Workers": [], "Plans": [{"Node Type": "Seq Scan", "Parent Relationship": "Outer", "Parallel Aware": true, "Async Capable": false, "Relation Name": "movie_info_idx", "Alias": "mi_idx2", "Startup Cost": 0.0, "Total Cost": 15155.68, "Plan Rows": 494562, "Plan Width": 13, "Actual Rows": 296767, "Actual Loops": 4, "Filter": "((info)::text <= '7.0'::text)", "Rows Removed by Filter": 48242, "Workers": []}, {"Node Type": "Hash", "Parent Relationship": "Inner", "Parallel Aware": false, "Async Capable": false, "Startup Cost": 2.41, "Total Cost": 2.41, "Plan Rows": 1, "Plan Width": 4, "Actual Rows": 1, "Actual Loops": 4, "Hash Buckets": 1024, "Original Hash Buckets": 1024, "Hash Batches": 1, "Original Hash Batches": 1, "Peak Memory Usage": 9, "Workers": [], "Plans": [{"Node Type": "Seq Scan", "Parent Relationship": "Outer", "Parallel Aware": false, "Async Capable": false, "Relation Name": "info_type", "Alias": "it2", "Startup Cost": 0.0, "Total Cost": 2.41, "Plan Rows": 1, "Plan Width": 4, "Actual Rows": 1, "Actual Loops": 4, "Filter": "((info)::text = 'top 250 rank'::text)", "Rows Removed by Filter": 112, "Workers": []}]}]}, {"Node Type": "Hash", "Parent Relationship": "Inner", "Parallel Aware": false, "Async Capable": false, "Startup Cost": 561.53, "Total Cost": 561.53, "Plan Rows": 5000, "Plan Width": 8, "Actual Rows": 7409, "Actual Loops": 2, "Hash Buckets": 8192, "Original Hash Buckets": 8192, "Hash Batches": 1, "Original Hash Batches": 1, "Peak Memory Usage": 354, "Workers": [], "Plans": [{"Node Type": "Hash Join", "Parent Relationship": "Outer", "Parallel Aware": false, "Async Capable": false, "Join Type": "Inner", "Startup Cost": 1.29, "Total Cost": 561.53, "Plan Rows": 5000, "Plan Width": 8, "Actual Rows": 7409, "Actual Loops": 2, "Inner Unique": true, "Hash Cond": "(ml.link_type_id = lt.id)", "Workers": [], "Plans": [{"Node Type": "Seq Scan", "Parent Relationship": "Outer", "Parallel Aware": false, "Async Capable": false, "Relation Name": "movie_link", "Alias": "ml", "Startup Cost": 0.0, "Total Cost": 462.97, "Plan Rows": 29997, "Plan Width": 12, "Actual Rows": 29997, "Actual Loops": 2, "Workers": []}, {"Node Type": "Hash", "Parent Relationship": "Inner", "Parallel Aware": false, "Async Capable": false, "Startup Cost": 1.25, "Total Cost": 1.25, "Plan Rows": 3, "Plan Width": 4, "Actual Rows": 2, "Actual Loops": 2, "Hash Buckets": 1024, "Original Hash Buckets": 1024, "Hash Batches": 1, "Original Hash Batches": 1, "Peak Memory Usage": 9, "Workers": [], "Plans": [{"Node Type": "Seq Scan", "Parent Relationship": "Outer", "Parallel Aware": false, "Async Capable": false, "Relation Name": "link_type", "Alias": "lt", "Startup Cost": 0.0, "Total Cost": 1.25, "Plan Rows": 3, "Plan Width": 4, "Actual Rows": 2, "Actual Loops": 2, "Filter": "((link)::text = ANY ('{\"featured in\",features,features}'::text[]))", "Rows Removed by Filter": 16, "Workers": []}]}]}]}]}]}]}, {"Node Type": "Index Scan", "Parent Relationship": "Inner", "Parallel Aware": false, "Async Capable": false, "Scan Direction": "Forward", "Index Name": "title_pkey", "Relation Name": "title", "Alias": "t1", "Startup Cost": 0.43, "Total Cost": 0.58, "Plan Rows": 1, "Plan Width": 25, "Actual Rows": 1, "Actual Loops": 120, "Index Cond": "(id = mi_idx1.movie_id)", "Rows Removed by Index Recheck": 0, "Workers": []}]}, {"Node Type": "Index Scan", "Parent Relationship": "Inner", "Parallel Aware": false, "Async Capable": false, "Scan Direction": "Forward", "Index Name": "kind_type_pkey", "Relation Name": "kind_type", "Alias": "kt1", "Startup Cost": 0.13, "Total Cost": 0.15, "Plan Rows": 1, "Plan Width": 4, "Actual Rows": 1, "Actual Loops": 120, "Index Cond": "(id = t1.kind_id)", "Rows Removed by Index Recheck": 0, "Filter": "((kind)::text = ANY ('{episode,movie}'::text[]))", "Rows Removed by Filter": 0, "Workers": []}]}]}]}, {"Node Type": "Index Scan", "Parent Relationship": "Inner", "Parallel Aware": false, "Async Capable": false, "Scan Direction": "Forward", "Index Name": "company_name_pkey", "Relation Name": "company_name", "Alias": "cn1", "Startup Cost": 0.42, "Total Cost": 0.45, "Plan Rows": 1, "Plan Width": 23, "Actual Rows": 0, "Actual Loops": 241, "Index Cond": "(id = mc1.company_id)", "Rows Removed by Index Recheck": 0, "Filter": "((country_code)::text = '[de]'::text)", "Rows Removed by Filter": 1, "Workers": []}]}, {"Node Type": "Hash", "Parent Relationship": "Inner", "Parallel Aware": true, "Async Capable": false, "Startup Cost": 81765.87, "Total Cost": 81765.87, "Plan Rows": 35694, "Plan Width": 44, "Actual Rows": 173346, "Actual Loops": 4, "Hash Buckets": 1048576, "Original Hash Buckets": 131072, "Hash Batches": 1, "Original Hash Batches": 1, "Peak Memory Usage": 73856, "Workers": [], "Plans": [{"Node Type": "Hash Join", "Parent Relationship": "Outer", "Parallel Aware": true, "Async Capable": false, "Join Type": "Inner", "Startup Cost": 51186.18, "Total Cost": 81765.87, "Plan Rows": 35694, "Plan Width": 44, "Actual Rows": 173346, "Actual Loops": 4, "Inner Unique": true, "Hash Cond": "(mc2.company_id = cn2.id)", "Workers": [], "Plans": [{"Node Type": "Hash Join", "Parent Relationship": "Outer", "Parallel Aware": true, "Async Capable": false, "Join Type": "Inner", "Startup Cost": 45035.92, "Total Cost": 75521.91, "Plan Rows": 35694, "Plan Width": 29, "Actual Rows": 173346, "Actual Loops": 4, "Inner Unique": false, "Hash Cond": "(mc2.movie_id = t2.id)", "Workers": [], "Plans": [{"Node Type": "Seq Scan", "Parent Relationship": "Outer", "Parallel Aware": true, "Async Capable": false, "Relation Name": "movie_companies", "Alias": "mc2", "Startup Cost": 0.0, "Total Cost": 27240.55, "Plan Rows": 841655, "Plan Width": 8, "Actual Rows": 652282, "Actual Loops": 4, "Workers": []}, {"Node Type": "Hash", "Parent Relationship": "Inner", "Parallel Aware": true, "Async Capable": false, "Startup Cost": 44700.85, "Total Cost": 44700.85, "Plan Rows": 26806, "Plan Width": 21, "Actual Rows": 82806, "Actual Loops": 4, "Hash Buckets": 524288, "Original Hash Buckets": 131072, "Hash Batches": 1, "Original Hash Batches": 1, "Peak Memory Usage": 26400, "Workers": [], "Plans": [{"Node Type": "Hash Join", "Parent Relationship": "Outer", "Parallel Aware": false, "Async Capable": false, "Join Type": "Inner", "Startup Cost": 1.1, "Total Cost": 44700.85, "Plan Rows": 26806, "Plan Width": 21, "Actual Rows": 82806, "Actual Loops": 4, "Inner Unique": true, "Hash Cond": "(t2.kind_id = kt2.id)", "Workers": [], "Plans": [{"Node Type": "Seq Scan", "Parent Relationship": "Outer", "Parallel Aware": true, "Async Capable": false, "Relation Name": "title", "Alias": "t2", "Startup Cost": 0.0, "Total Cost": 43908.97, "Plan Rows": 187640, "Plan Width": 25, "Actual Rows": 188976, "Actual Loops": 4, "Filter": "(production_year <= 1992)", "Rows Removed by Filter": 443102, "Workers": []}, {"Node Type": "Hash", "Parent Relationship": "Inner", "Parallel Aware": false, "Async Capable": false, "Startup Cost": 1.09, "Total Cost": 1.09, "Plan Rows": 1, "Plan Width": 4, "Actual Rows": 1, "Actual Loops": 4, "Hash Buckets": 1024, "Original Hash Buckets": 1024, "Hash Batches": 1, "Original Hash Batches": 1, "Peak Memory Usage": 9, "Workers": [], "Plans": [{"Node Type": "Seq Scan", "Parent Relationship": "Outer", "Parallel Aware": false, "Async Capable": false, "Relation Name": "kind_type", "Alias": "kt2", "Startup Cost": 0.0, "Total Cost": 1.09, "Plan Rows": 1, "Plan Width": 4, "Actual Rows": 1, "Actual Loops": 4, "Filter": "((kind)::text = 'movie'::text)", "Rows Removed by Filter": 6, "Workers": []}]}]}]}]}, {"Node Type": "Hash", "Parent Relationship": "Inner", "Parallel Aware": true, "Async Capable": false, "Startup Cost": 4422.34, "Total Cost": 4422.34, "Plan Rows": 138234, "Plan Width": 23, "Actual Rows": 58749, "Actual Loops": 4, "Hash Buckets": 262144, "Original Hash Buckets": 262144, "Hash Batches": 1, "Original Hash Batches": 1, "Peak Memory Usage": 15648, "Workers": [], "Plans": [{"Node Type": "Seq Scan", "Parent Relationship": "Outer", "Parallel Aware": true, "Async Capable": false, "Relation Name": "company_name", "Alias": "cn2", "Startup Cost": 0.0, "Total Cost": 4422.34, "Plan Rows": 138234, "Plan Width": 23, "Actual Rows": 58749, "Actual Loops": 4, "Workers": []}]}]}]}]}]}]}, "Planning Time": 68.842, "Triggers": [], "Execution Time": 1307.923}, {"Plan": {"Node Type": "Aggregate", "Strategy": "Plain", "Partial Mode": "Simple", "Parallel Aware": false, "Async Capable": false, "Startup Cost": 146011.68, "Total Cost": 146011.69, "Plan Rows": 1, "Plan Width": 192, "Actual Rows": 1, "Actual Loops": 1, "Plans": [{"Node Type": "Gather", "Parent Relationship": "Outer", "Parallel Aware": false, "Async Capable": false, "Startup Cost": 115298.02, "Total Cost": 146011.67, "Plan Rows": 1, "Plan Width": 82, "Actual Rows": 134, "Actual Loops": 1, "Workers Planned": 3, "Workers Launched": 3, "Single Copy": false, "Plans": [{"Node Type": "Hash Join", "Parent Relationship": "Outer", "Parallel Aware": true, "Async Capable": false, "Join Type": "Inner", "Startup Cost": 114298.02, "Total Cost": 145011.57, "Plan Rows": 1, "Plan Width": 82, "Actual Rows": 34, "Actual Loops": 4, "Inner Unique": false, "Hash Cond": "(t2.id = ml.linked_movie_id)", "Workers": [], "Plans": [{"Node Type": "Hash Join", "Parent Relationship": "Outer", "Parallel Aware": true, "Async Capable": false, "Join Type": "Inner", "Startup Cost": 51186.18, "Total Cost": 81765.87, "Plan Rows": 35694, "Plan Width": 44, "Actual Rows": 173346, "Actual Loops": 4, "Inner Unique": true, "Hash Cond": "(mc2.company_id = cn2.id)", "Workers": [], "Plans": [{"Node Type": "Hash Join", "Parent Relationship": "Outer", "Parallel Aware": true, "Async Capable": false, "Join Type": "Inner", "Startup Cost": 45035.92, "Total Cost": 75521.91, "Plan Rows": 35694, "Plan Width": 29, "Actual Rows": 173346, "Actual Loops": 4, "Inner Unique": false, "Hash Cond": "(mc2.movie_id = t2.id)", "Workers": [], "Plans": [{"Node Type": "Seq Scan", "Parent Relationship": "Outer", "Parallel Aware": true, "Async Capable": false, "Relation Name": "movie_companies", "Alias": "mc2", "Startup Cost": 0.0, "Total Cost": 27240.55, "Plan Rows": 841655, "Plan Width": 8, "Actual Rows": 652282, "Actual Loops": 4, "Workers": []}, {"Node Type": "Hash", "Parent Relationship": "Inner", "Parallel Aware": true, "Async Capable": false, "Startup Cost": 44700.85, "Total Cost": 44700.85, "Plan Rows": 26806, "Plan Width": 21, "Actual Rows": 82806, "Actual Loops": 4, "Hash Buckets": 524288, "Original Hash Buckets": 131072, "Hash Batches": 1, "Original Hash Batches": 1, "Peak Memory Usage": 26400, "Workers": [], "Plans": [{"Node Type": "Hash Join", "Parent Relationship": "Outer", "Parallel Aware": false, "Async Capable": false, "Join Type": "Inner", "Startup Cost": 1.1, "Total Cost": 44700.85, "Plan Rows": 26806, "Plan Width": 21, "Actual Rows": 82806, "Actual Loops": 4, "Inner Unique": true, "Hash Cond": "(t2.kind_id = kt2.id)", "Workers": [], "Plans": [{"Node Type": "Seq Scan", "Parent Relationship": "Outer", "Parallel Aware": true, "Async Capable": false, "Relation Name": "title", "Alias": "t2", "Startup Cost": 0.0, "Total Cost": 43908.97, "Plan Rows": 187640, "Plan Width": 25, "Actual Rows": 188976, "Actual Loops": 4, "Filter": "(production_year <= 1992)", "Rows Removed by Filter": 443102, "Workers": []}, {"Node Type": "Hash", "Parent Relationship": "Inner", "Parallel Aware": false, "Async Capable": false, "Startup Cost": 1.09, "Total Cost": 1.09, "Plan Rows": 1, "Plan Width": 4, "Actual Rows": 1, "Actual Loops": 4, "Hash Buckets": 1024, "Original Hash Buckets": 1024, "Hash Batches": 1, "Original Hash Batches": 1, "Peak Memory Usage": 9, "Workers": [], "Plans": [{"Node Type": "Seq Scan", "Parent Relationship": "Outer", "Parallel Aware": false, "Async Capable": false, "Relation Name": "kind_type", "Alias": "kt2", "Startup Cost": 0.0, "Total Cost": 1.09, "Plan Rows": 1, "Plan Width": 4, "Actual Rows": 1, "Actual Loops": 4, "Filter": "((kind)::text = 'movie'::text)", "Rows Removed by Filter": 6, "Workers": []}]}]}]}]}, {"Node Type": "Hash", "Parent Relationship": "Inner", "Parallel Aware": true, "Async Capable": false, "Startup Cost": 4422.34, "Total Cost": 4422.34, "Plan Rows": 138234, "Plan Width": 23, "Actual Rows": 58749, "Actual Loops": 4, "Hash Buckets": 262144, "Original Hash Buckets": 262144, "Hash Batches": 1, "Original Hash Batches": 1, "Peak Memory Usage": 15616, "Workers": [], "Plans": [{"Node Type": "Seq Scan", "Parent Relationship": "Outer", "Parallel Aware": true, "Async Capable": false, "Relation Name": "company_name", "Alias": "cn2", "Startup Cost": 0.0, "Total Cost": 4422.34, "Plan Rows": 138234, "Plan Width": 23, "Actual Rows": 58749, "Actual Loops": 4, "Workers": []}]}]}, {"Node Type": "Hash", "Parent Relationship": "Inner", "Parallel Aware": true, "Async Capable": false, "Startup Cost": 63111.82, "Total Cost": 63111.82, "Plan Rows": 1, "Plan Width": 54, "Actual Rows": 1, "Actual Loops": 4, "Hash Buckets": 1024, "Original Hash Buckets": 1024, "Hash Batches": 1, "Original Hash Batches": 1, "Peak Memory Usage": 104, "Workers": [], "Plans": [{"Node Type": "Nested Loop", "Parent Relationship": "Outer", "Parallel Aware": false, "Async Capable": false, "Join Type": "Inner", "Startup Cost": 32715.03, "Total Cost": 63111.82, "Plan Rows": 1, "Plan Width": 54, "Actual Rows": 1, "Actual Loops": 4, "Inner Unique": true, "Workers": [], "Plans": [{"Node Type": "Hash Join", "Parent Relationship": "Outer", "Parallel Aware": true, "Async Capable": false, "Join Type": "Inner", "Startup Cost": 32714.61, "Total Cost": 63111.37, "Plan Rows": 1, "Plan Width": 39, "Actual Rows": 60, "Actual Loops": 4, "Inner Unique": false, "Hash Cond": "(mc1.movie_id = t1.id)", "Workers": [], "Plans": [{"Node Type": "Seq Scan", "Parent Relationship": "Outer", "Parallel Aware": true, "Async Capable": false, "Relation Name": "movie_companies", "Alias": "mc1", "Startup Cost": 0.0, "Total Cost": 27240.55, "Plan Rows": 841655, "Plan Width": 8, "Actual Rows": 652282, "Actual Loops": 4, "Workers": []}, {"Node Type": "Hash", "Parent Relationship": "Inner", "Parallel Aware": true, "Async Capable": false, "Startup Cost": 32714.6, "Total Cost": 32714.6, "Plan Rows": 1, "Plan Width": 47, "Actual Rows": 29, "Actual Loops": 4, "Hash Buckets": 1024, "Original Hash Buckets": 1024, "Hash Batches": 1, "Original Hash Batches": 1, "Peak Memory Usage": 136, "Workers": [], "Plans": [{"Node Type": "Nested Loop", "Parent Relationship": "Outer", "Parallel Aware": false, "Async Capable": false, "Join Type": "Inner", "Startup Cost": 17379.33, "Total Cost": 32714.6, "Plan Rows": 1, "Plan Width": 47, "Actual Rows": 29, "Actual Loops": 4, "Inner Unique": true, "Workers": [], "Plans": [{"Node Type": "Nested Loop", "Parent Relationship": "Outer", "Parallel Aware": false, "Async Capable": false, "Join Type": "Inner", "Startup Cost": 17379.2, "Total Cost": 32714.44, "Plan Rows": 1, "Plan Width": 51, "Actual Rows": 30, "Actual Loops": 4, "Inner Unique": true, "Join Filter": "(t1.id = ml.movie_id)", "Rows Removed by Join Filter": 0, "Workers": [], "Plans": [{"Node Type": "Hash Join", "Parent Relationship": "Outer", "Parallel Aware": true, "Async Capable": false, "Join Type": "Inner", "Startup Cost": 17378.77, "Total Cost": 32713.84, "Plan Rows": 1, "Plan Width": 26, "Actual Rows": 30, "Actual Loops": 4, "Inner Unique": false, "Hash Cond": "(mi_idx1.movie_id = ml.movie_id)", "Workers": [], "Plans": [{"Node Type": "Hash Join", "Parent Relationship": "Outer", "Parallel Aware": false, "Async Capable": false, "Join Type": "Inner", "Startup Cost": 2.43, "Total Cost": 15286.6, "Plan Rows": 5089, "Plan Width": 9, "Actual Rows": 114981, "Actual Loops": 4, "Inner Unique": true, "Hash Cond": "(mi_idx1.info_type_id = it1.id)", "Workers": [], "Plans": [{"Node Type": "Seq Scan", "Parent Relationship": "Outer", "Parallel Aware": true, "Async Capable": false, "Relation Name": "movie_info_idx", "Alias": "mi_idx1", "Startup Cost": 0.0, "Total Cost": 13718.15, "Plan Rows": 575015, "Plan Width": 13, "Actual Rows": 345009, "Actual Loops": 4, "Workers": []}, {"Node Type": "Hash", "Parent Relationship": "Inner", "Parallel Aware": false, "Async Capable": false, "Startup Cost": 2.41, "Total Cost": 2.41, "Plan Rows": 1, "Plan Width": 4, "Actual Rows": 1, "Actual Loops": 4, "Hash Buckets": 1024, "Original Hash Buckets": 1024, "Hash Batches": 1, "Original Hash Batches": 1, "Peak Memory Usage": 9, "Workers": [], "Plans": [{"Node Type": "Seq Scan", "Parent Relationship": "Outer", "Parallel Aware": false, "Async Capable": false, "Relation Name": "info_type", "Alias": "it1", "Startup Cost": 0.0, "Total Cost": 2.41, "Plan Rows": 1, "Plan Width": 4, "Actual Rows": 1, "Actual Loops": 4, "Filter": "((info)::text = 'votes'::text)", "Rows Removed by Filter": 112, "Workers": []}]}]}, {"Node Type": "Hash", "Parent Relationship": "Inner", "Parallel Aware": true, "Async Capable": false, "Startup Cost": 17375.74, "Total Cost": 17375.74, "Plan Rows": 48, "Plan Width": 17, "Actual Rows": 82, "Actual Loops": 4, "Hash Buckets": 1024, "Original Hash Buckets": 1024, "Hash Batches": 1, "Original Hash Batches": 1, "Peak Memory Usage": 72, "Workers": [], "Plans": [{"Node Type": "Hash Join", "Parent Relationship": "Outer", "Parallel Aware": false, "Async Capable": false, "Join Type": "Inner", "Startup Cost": 626.46, "Total Cost": 17375.74, "Plan Rows": 48, "Plan Width": 17, "Actual Rows": 82, "Actual Loops": 4, "Inner Unique": false, "Hash Cond": "(mi_idx2.movie_id = ml.linked_movie_id)", "Workers": [], "Plans": [{"Node Type": "Hash Join", "Parent Relationship": "Outer", "Parallel Aware": false, "Async Capable": false, "Join Type": "Inner", "Startup Cost": 2.43, "Total Cost": 16505.03, "Plan Rows": 4377, "Plan Width": 9, "Actual Rows": 55, "Actual Loops": 4, "Inner Unique": true, "Hash Cond": "(mi_idx2.info_type_id = it2.id)", "Workers": [], "Plans": [{"Node Type": "Seq Scan", "Parent Relationship": "Outer", "Parallel Aware": true, "Async Capable": false, "Relation Name": "movie_info_idx", "Alias": "mi_idx2", "Startup Cost": 0.0, "Total Cost": 15155.68, "Plan Rows": 494562, "Plan Width": 13, "Actual Rows": 296767, "Actual Loops": 4, "Filter": "((info)::text <= '7.0'::text)", "Rows Removed by Filter": 48242, "Workers": []}, {"Node Type": "Hash", "Parent Relationship": "Inner", "Parallel Aware": false, "Async Capable": false, "Startup Cost": 2.41, "Total Cost": 2.41, "Plan Rows": 1, "Plan Width": 4, "Actual Rows": 1, "Actual Loops": 4, "Hash Buckets": 1024, "Original Hash Buckets": 1024, "Hash Batches": 1, "Original Hash Batches": 1, "Peak Memory Usage": 9, "Workers": [], "Plans": [{"Node Type": "Seq Scan", "Parent Relationship": "Outer", "Parallel Aware": false, "Async Capable": false, "Relation Name": "info_type", "Alias": "it2", "Startup Cost": 0.0, "Total Cost": 2.41, "Plan Rows": 1, "Plan Width": 4, "Actual Rows": 1, "Actual Loops": 4, "Filter": "((info)::text = 'top 250 rank'::text)", "Rows Removed by Filter": 112, "Workers": []}]}]}, {"Node Type": "Hash", "Parent Relationship": "Inner", "Parallel Aware": false, "Async Capable": false, "Startup Cost": 561.53, "Total Cost": 561.53, "Plan Rows": 5000, "Plan Width": 8, "Actual Rows": 7409, "Actual Loops": 2, "Hash Buckets": 8192, "Original Hash Buckets": 8192, "Hash Batches": 1, "Original Hash Batches": 1, "Peak Memory Usage": 354, "Workers": [], "Plans": [{"Node Type": "Hash Join", "Parent Relationship": "Outer", "Parallel Aware": false, "Async Capable": false, "Join Type": "Inner", "Startup Cost": 1.29, "Total Cost": 561.53, "Plan Rows": 5000, "Plan Width": 8, "Actual Rows": 7409, "Actual Loops": 2, "Inner Unique": true, "Hash Cond": "(ml.link_type_id = lt.id)", "Workers": [], "Plans": [{"Node Type": "Seq Scan", "Parent Relationship": "Outer", "Parallel Aware": false, "Async Capable": false, "Relation Name": "movie_link", "Alias": "ml", "Startup Cost": 0.0, "Total Cost": 462.97, "Plan Rows": 29997, "Plan Width": 12, "Actual Rows": 29997, "Actual Loops": 2, "Workers": []}, {"Node Type": "Hash", "Parent Relationship": "Inner", "Parallel Aware": false, "Async Capable": false, "Startup Cost": 1.25, "Total Cost": 1.25, "Plan Rows": 3, "Plan Width": 4, "Actual Rows": 2, "Actual Loops": 2, "Hash Buckets": 1024, "Original Hash Buckets": 1024, "Hash Batches": 1, "Original Hash Batches": 1, "Peak Memory Usage": 9, "Workers": [], "Plans": [{"Node Type": "Seq Scan", "Parent Relationship": "Outer", "Parallel Aware": false, "Async Capable": false, "Relation Name": "link_type", "Alias": "lt", "Startup Cost": 0.0, "Total Cost": 1.25, "Plan Rows": 3, "Plan Width": 4, "Actual Rows": 2, "Actual Loops": 2, "Filter": "((link)::text = ANY ('{\"featured in\",features,features}'::text[]))", "Rows Removed by Filter": 16, "Workers": []}]}]}]}]}]}]}, {"Node Type": "Index Scan", "Parent Relationship": "Inner", "Parallel Aware": false, "Async Capable": false, "Scan Direction": "Forward", "Index Name": "title_pkey", "Relation Name": "title", "Alias": "t1", "Startup Cost": 0.43, "Total Cost": 0.58, "Plan Rows": 1, "Plan Width": 25, "Actual Rows": 1, "Actual Loops": 120, "Index Cond": "(id = mi_idx1.movie_id)", "Rows Removed by Index Recheck": 0, "Workers": []}]}, {"Node Type": "Index Scan", "Parent Relationship": "Inner", "Parallel Aware": false, "Async Capable": false, "Scan Direction": "Forward", "Index Name": "kind_type_pkey", "Relation Name": "kind_type", "Alias": "kt1", "Startup Cost": 0.13, "Total Cost": 0.15, "Plan Rows": 1, "Plan Width": 4, "Actual Rows": 1, "Actual Loops": 120, "Index Cond": "(id = t1.kind_id)", "Rows Removed by Index Recheck": 0, "Filter": "((kind)::text = ANY ('{episode,movie}'::text[]))", "Rows Removed by Filter": 0, "Workers": []}]}]}]}, {"Node Type": "Index Scan", "Parent Relationship": "Inner", "Parallel Aware": false, "Async Capable": false, "Scan Direction": "Forward", "Index Name": "company_name_pkey", "Relation Name": "company_name", "Alias": "cn1", "Startup Cost": 0.42, "Total Cost": 0.45, "Plan Rows": 1, "Plan Width": 23, "Actual Rows": 0, "Actual Loops": 241, "Index Cond": "(id = mc1.company_id)", "Rows Removed by Index Recheck": 0, "Filter": "((country_code)::text = '[de]'::text)", "Rows Removed by Filter": 1, "Workers": []}]}]}]}]}]}, "Planning Time": 70.205, "Triggers": [], "Execution Time": 1201.726}, {"Plan": {"Node Type": "Aggregate", "Strategy": "Plain", "Partial Mode": "Simple", "Parallel Aware": false, "Async Capable": false, "Startup Cost": 98971.8, "Total Cost": 98971.81, "Plan Rows": 1, "Plan Width": 192, "Actual Rows": 1, "Actual Loops": 1, "Plans": [{"Node Type": "Gather", "Parent Relationship": "Outer", "Parallel Aware": false, "Async Capable": false, "Startup Cost": 68572.2, "Total Cost": 98971.78, "Plan Rows": 1, "Plan Width": 82, "Actual Rows": 134, "Actual Loops": 1, "Workers Planned": 3, "Workers Launched": 3, "Single Copy": false, "Plans": [{"Node Type": "Hash Join", "Parent Relationship": "Outer", "Parallel Aware": true, "Async Capable": false, "Join Type": "Inner", "Startup Cost": 67572.2, "Total Cost": 97971.68, "Plan Rows": 1, "Plan Width": 82, "Actual Rows": 34, "Actual Loops": 4, "Inner Unique": false, "Hash Cond": "(ml.movie_id = t1.id)", "Workers": [], "Plans": [{"Node Type": "Nested Loop", "Parent Relationship": "Outer", "Parallel Aware": false, "Async Capable": false, "Join Type": "Inner", "Startup Cost": 17406.83, "Total Cost": 47806.28, "Plan Rows": 7, "Plan Width": 45, "Actual Rows": 2211, "Actual Loops": 4, "Inner Unique": true, "Workers": [], "Plans": [{"Node Type": "Hash Join", "Parent Relationship": "Outer", "Parallel Aware": true, "Async Capable": false, "Join Type": "Inner", "Startup Cost": 17406.41, "Total Cost": 47803.17, "Plan Rows": 7, "Plan Width": 30, "Actual Rows": 2211, "Actual Loops": 4, "Inner Unique": false, "Hash Cond": "(mc2.movie_id = t2.id)", "Workers": [], "Plans": [{"Node Type": "Seq Scan", "Parent Relationship": "Outer", "Parallel Aware": true, "Async Capable": false, "Relation Name": "movie_companies", "Alias": "mc2", "Startup Cost": 0.0, "Total Cost": 27240.55, "Plan Rows": 841655, "Plan Width": 8, "Actual Rows": 652282, "Actual Loops": 4, "Workers": []}, {"Node Type": "Hash", "Parent Relationship": "Inner", "Parallel Aware": true, "Async Capable": false, "Startup Cost": 17406.38, "Total Cost": 17406.38, "Plan Rows": 2, "Plan Width": 38, "Actual Rows": 60, "Actual Loops": 4, "Hash Buckets": 1024, "Original Hash Buckets": 1024, "Hash Batches": 1, "Original Hash Batches": 1, "Peak Memory Usage": 72, "Workers": [], "Plans": [{"Node Type": "Hash Join", "Parent Relationship": "Outer", "Parallel Aware": false, "Async Capable": false, "Join Type": "Inner", "Startup Cost": 627.99, "Total Cost": 17406.38, "Plan Rows": 2, "Plan Width": 38, "Actual Rows": 60, "Actual Loops": 4, "Inner Unique": true, "Hash Cond": "(t2.kind_id = kt2.id)", "Workers": [], "Plans": [{"Node Type": "Nested Loop", "Parent Relationship": "Outer", "Parallel Aware": false, "Async Capable": false, "Join Type": "Inner", "Startup Cost": 626.89, "Total Cost": 17405.23, "Plan Rows": 14, "Plan Width": 42, "Actual Rows": 60, "Actual Loops": 4, "Inner Unique": true, "Join Filter": "(t2.id = ml.linked_movie_id)", "Rows Removed by Join Filter": 0, "Workers": [], "Plans": [{"Node Type": "Hash Join", "Parent Relationship": "Outer", "Parallel Aware": false, "Async Capable": false, "Join Type": "Inner", "Startup Cost": 626.46, "Total Cost": 17375.74, "Plan Rows": 48, "Plan Width": 17, "Actual Rows": 82, "Actual Loops": 4, "Inner Unique": false, "Hash Cond": "(mi_idx2.movie_id = ml.linked_movie_id)", "Workers": [], "Plans": [{"Node Type": "Hash Join", "Parent Relationship": "Outer", "Parallel Aware": false, "Async Capable": false, "Join Type": "Inner", "Startup Cost": 2.43, "Total Cost": 16505.03, "Plan Rows": 4377, "Plan Width": 9, "Actual Rows": 55, "Actual Loops": 4, "Inner Unique": true, "Hash Cond": "(mi_idx2.info_type_id = it2.id)", "Workers": [], "Plans": [{"Node Type": "Seq Scan", "Parent Relationship": "Outer", "Parallel Aware": true, "Async Capable": false, "Relation Name": "movie_info_idx", "Alias": "mi_idx2", "Startup Cost": 0.0, "Total Cost": 15155.68, "Plan Rows": 494562, "Plan Width": 13, "Actual Rows": 296767, "Actual Loops": 4, "Filter": "((info)::text <= '7.0'::text)", "Rows Removed by Filter": 48242, "Workers": []}, {"Node Type": "Hash", "Parent Relationship": "Inner", "Parallel Aware": false, "Async Capable": false, "Startup Cost": 2.41, "Total Cost": 2.41, "Plan Rows": 1, "Plan Width": 4, "Actual Rows": 1, "Actual Loops": 4, "Hash Buckets": 1024, "Original Hash Buckets": 1024, "Hash Batches": 1, "Original Hash Batches": 1, "Peak Memory Usage": 9, "Workers": [], "Plans": [{"Node Type": "Seq Scan", "Parent Relationship": "Outer", "Parallel Aware": false, "Async Capable": false, "Relation Name": "info_type", "Alias": "it2", "Startup Cost": 0.0, "Total Cost": 2.41, "Plan Rows": 1, "Plan Width": 4, "Actual Rows": 1, "Actual Loops": 4, "Filter": "((info)::text = 'top 250 rank'::text)", "Rows Removed by Filter": 112, "Workers": []}]}]}, {"Node Type": "Hash", "Parent Relationship": "Inner", "Parallel Aware": false, "Async Capable": false, "Startup Cost": 561.53, "Total Cost": 561.53, "Plan Rows": 5000, "Plan Width": 8, "Actual Rows": 7409, "Actual Loops": 2, "Hash Buckets": 8192, "Original Hash Buckets": 8192, "Hash Batches": 1, "Original Hash Batches": 1, "Peak Memory Usage": 354, "Workers": [], "Plans": [{"Node Type": "Hash Join", "Parent Relationship": "Outer", "Parallel Aware": false, "Async Capable": false, "Join Type": "Inner", "Startup Cost": 1.29, "Total Cost": 561.53, "Plan Rows": 5000, "Plan Width": 8, "Actual Rows": 7409, "Actual Loops": 2, "Inner Unique": true, "Hash Cond": "(ml.link_type_id = lt.id)", "Workers": [], "Plans": [{"Node Type": "Seq Scan", "Parent Relationship": "Outer", "Parallel Aware": false, "Async Capable": false, "Relation Name": "movie_link", "Alias": "ml", "Startup Cost": 0.0, "Total Cost": 462.97, "Plan Rows": 29997, "Plan Width": 12, "Actual Rows": 29997, "Actual Loops": 2, "Workers": []}, {"Node Type": "Hash", "Parent Relationship": "Inner", "Parallel Aware": false, "Async Capable": false, "Startup Cost": 1.25, "Total Cost": 1.25, "Plan Rows": 3, "Plan Width": 4, "Actual Rows": 2, "Actual Loops": 2, "Hash Buckets": 1024, "Original Hash Buckets": 1024, "Hash Batches": 1, "Original Hash Batches": 1, "Peak Memory Usage": 9, "Workers": [], "Plans": [{"Node Type": "Seq Scan", "Parent Relationship": "Outer", "Parallel Aware": false, "Async Capable": false, "Relation Name": "link_type", "Alias": "lt", "Startup Cost": 0.0, "Total Cost": 1.25, "Plan Rows": 3, "Plan Width": 4, "Actual Rows": 2, "Actual Loops": 2, "Filter": "((link)::text = ANY ('{\"featured in\",features,features}'::text[]))", "Rows Removed by Filter": 16, "Workers": []}]}]}]}]}, {"Node Type": "Index Scan", "Parent Relationship": "Inner", "Parallel Aware": false, "Async Capable": false, "Scan Direction": "Forward", "Index Name": "title_pkey", "Relation Name": "title", "Alias": "t2", "Startup Cost": 0.43, "Total Cost": 0.6, "Plan Rows": 1, "Plan Width": 25, "Actual Rows": 1, "Actual Loops": 330, "Index Cond": "(id = mi_idx2.movie_id)", "Rows Removed by Index Recheck": 0, "Filter": "(production_year <= 1992)", "Rows Removed by Filter": 0, "Workers": []}]}, {"Node Type": "Hash", "Parent Relationship": "Inner", "Parallel Aware": false, "Async Capable": false, "Startup Cost": 1.09, "Total Cost": 1.09, "Plan Rows": 1, "Plan Width": 4, "Actual Rows": 1, "Actual Loops": 4, "Hash Buckets": 1024, "Original Hash Buckets": 1024, "Hash Batches": 1, "Original Hash Batches": 1, "Peak Memory Usage": 9, "Workers": [], "Plans": [{"Node Type": "Seq Scan", "Parent Relationship": "Outer", "Parallel Aware": false, "Async Capable": false, "Relation Name": "kind_type", "Alias": "kt2", "Startup Cost": 0.0, "Total Cost": 1.09, "Plan Rows": 1, "Plan Width": 4, "Actual Rows": 1, "Actual Loops": 4, "Filter": "((kind)::text = 'movie'::text)", "Rows Removed by Filter": 6, "Workers": []}]}]}]}]}, {"Node Type": "Index Scan", "Parent Relationship": "Inner", "Parallel Aware": false, "Async Capable": false, "Scan Direction": "Forward", "Index Name": "company_name_pkey", "Relation Name": "company_name", "Alias": "cn2", "Startup Cost": 0.42, "Total Cost": 0.44, "Plan Rows": 1, "Plan Width": 23, "Actual Rows": 1, "Actual Loops": 8843, "Index Cond": "(id = mc2.company_id)", "Rows Removed by Index Recheck": 0, "Workers": []}]}, {"Node Type": "Hash", "Parent Relationship": "Inner", "Parallel Aware": true, "Async Capable": false, "Startup Cost": 50162.77, "Total Cost": 50162.77, "Plan Rows": 208, "Plan Width": 53, "Actual Rows": 15962, "Actual Loops": 4, "Hash Buckets": 65536, "Original Hash Buckets": 1024, "Hash Batches": 1, "Original Hash Batches": 1, "Peak Memory Usage": 6840, "Workers": [], "Plans": [{"Node Type": "Hash Join", "Parent Relationship": "Outer", "Parallel Aware": false, "Async Capable": false, "Join Type": "Inner", "Startup Cost": 20191.27, "Total Cost": 50162.77, "Plan Rows": 208, "Plan Width": 53, "Actual Rows": 15962, "Actual Loops": 4, "Inner Unique": true, "Hash Cond": "(t1.kind_id = kt1.id)", "Workers": [], "Plans": [{"Node Type": "Nested Loop", "Parent Relationship": "Outer", "Parallel Aware": false, "Async Capable": false, "Join Type": "Inner", "Startup Cost": 20190.16, "Total Cost": 50158.59, "Plan Rows": 728, "Plan Width": 57, "Actual Rows": 20975, "Actual Loops": 4, "Inner Unique": true, "Join Filter": "(t1.id = mi_idx1.movie_id)", "Rows Removed by Join Filter": 0, "Workers": [], "Plans": [{"Node Type": "Hash Join", "Parent Relationship": "Outer", "Parallel Aware": true, "Async Capable": false, "Join Type": "Inner", "Startup Cost": 20189.73, "Total Cost": 49773.47, "Plan Rows": 728, "Plan Width": 32, "Actual Rows": 20975, "Actual Loops": 4, "Inner Unique": false, "Hash Cond": "(mc1.movie_id = mi_idx1.movie_id)", "Workers": [], "Plans": [{"Node Type": "Hash Join", "Parent Relationship": "Outer", "Parallel Aware": true, "Async Capable": false, "Join Type": "Inner", "Startup Cost": 4839.52, "Total Cost": 34289.45, "Plan Rows": 34874, "Plan Width": 23, "Actual Rows": 37033, "Actual Loops": 4, "Inner Unique": true, "Hash Cond": "(mc1.company_id = cn1.id)", "Workers": [], "Plans": [{"Node Type": "Seq Scan", "Parent Relationship": "Outer", "Parallel Aware": true, "Async Capable": false, "Relation Name": "movie_companies", "Alias": "mc1", "Startup Cost": 0.0, "Total Cost": 27240.55, "Plan Rows": 841655, "Plan Width": 8, "Actual Rows": 652282, "Actual Loops": 4, "Workers": []}, {"Node Type": "Hash", "Parent Relationship": "Inner", "Parallel Aware": true, "Async Capable": false, "Startup Cost": 4767.92, "Total Cost": 4767.92, "Plan Rows": 5728, "Plan Width": 23, "Actual Rows": 2444, "Actual Loops": 4, "Hash Buckets": 16384, "Original Hash Buckets": 16384, "Hash Batches": 1, "Original Hash Batches": 1, "Peak Memory Usage": 768, "Workers": [], "Plans": [{"Node Type": "Seq Scan", "Parent Relationship": "Outer", "Parallel Aware": true, "Async Capable": false, "Relation Name": "company_name", "Alias": "cn1", "Startup Cost": 0.0, "Total Cost": 4767.92, "Plan Rows": 5728, "Plan Width": 23, "Actual Rows": 2444, "Actual Loops": 4, "Filter": "((country_code)::text = '[de]'::text)", "Rows Removed by Filter": 56306, "Workers": []}]}]}, {"Node Type": "Hash", "Parent Relationship": "Inner", "Parallel Aware": true, "Async Capable": false, "Startup Cost": 15286.6, "Total Cost": 15286.6, "Plan Rows": 5089, "Plan Width": 9, "Actual Rows": 114981, "Actual Loops": 4, "Hash Buckets": 524288, "Original Hash Buckets": 16384, "Hash Batches": 1, "Original Hash Batches": 1, "Peak Memory Usage": 26272, "Workers": [], "Plans": [{"Node Type": "Hash Join", "Parent Relationship": "Outer", "Parallel Aware": false, "Async Capable": false, "Join Type": "Inner", "Startup Cost": 2.43, "Total Cost": 15286.6, "Plan Rows": 5089, "Plan Width": 9, "Actual Rows": 114981, "Actual Loops": 4, "Inner Unique": true, "Hash Cond": "(mi_idx1.info_type_id = it1.id)", "Workers": [], "Plans": [{"Node Type": "Seq Scan", "Parent Relationship": "Outer", "Parallel Aware": true, "Async Capable": false, "Relation Name": "movie_info_idx", "Alias": "mi_idx1", "Startup Cost": 0.0, "Total Cost": 13718.15, "Plan Rows": 575015, "Plan Width": 13, "Actual Rows": 345009, "Actual Loops": 4, "Workers": []}, {"Node Type": "Hash", "Parent Relationship": "Inner", "Parallel Aware": false, "Async Capable": false, "Startup Cost": 2.41, "Total Cost": 2.41, "Plan Rows": 1, "Plan Width": 4, "Actual Rows": 1, "Actual Loops": 4, "Hash Buckets": 1024, "Original Hash Buckets": 1024, "Hash Batches": 1, "Original Hash Batches": 1, "Peak Memory Usage": 9, "Workers": [], "Plans": [{"Node Type": "Seq Scan", "Parent Relationship": "Outer", "Parallel Aware": false, "Async Capable": false, "Relation Name": "info_type", "Alias": "it1", "Startup Cost": 0.0, "Total Cost": 2.41, "Plan Rows": 1, "Plan Width": 4, "Actual Rows": 1, "Actual Loops": 4, "Filter": "((info)::text = 'votes'::text)", "Rows Removed by Filter": 112, "Workers": []}]}]}]}]}, {"Node Type": "Index Scan", "Parent Relationship": "Inner", "Parallel Aware": false, "Async Capable": false, "Scan Direction": "Forward", "Index Name": "title_pkey", "Relation Name": "title", "Alias": "t1", "Startup Cost": 0.43, "Total Cost": 0.52, "Plan Rows": 1, "Plan Width": 25, "Actual Rows": 1, "Actual Loops": 83899, "Index Cond": "(id = mc1.movie_id)", "Rows Removed by Index Recheck": 0, "Workers": []}]}, {"Node Type": "Hash", "Parent Relationship": "Inner", "Parallel Aware": false, "Async Capable": false, "Startup Cost": 1.09, "Total Cost": 1.09, "Plan Rows": 2, "Plan Width": 4, "Actual Rows": 2, "Actual Loops": 4, "Hash Buckets": 1024, "Original Hash Buckets": 1024, "Hash Batches": 1, "Original Hash Batches": 1, "Peak Memory Usage": 9, "Workers": [], "Plans": [{"Node Type": "Seq Scan", "Parent Relationship": "Outer", "Parallel Aware": false, "Async Capable": false, "Relation Name": "kind_type", "Alias": "kt1", "Startup Cost": 0.0, "Total Cost": 1.09, "Plan Rows": 2, "Plan Width": 4, "Actual Rows": 2, "Actual Loops": 4, "Filter": "((kind)::text = ANY ('{episode,movie}'::text[]))", "Rows Removed by Filter": 5, "Workers": []}]}]}]}]}]}]}, "Planning Time": 70.19, "Triggers": [], "Execution Time": 804.073}, {"Plan": {"Node Type": "Aggregate", "Strategy": "Plain", "Partial Mode": "Simple", "Parallel Aware": false, "Async Capable": false, "Startup Cost": 95393.41, "Total Cost": 95393.42, "Plan Rows": 1, "Plan Width": 192, "Actual Rows": 1, "Actual Loops": 1, "Plans": [{"Node Type": "Nested Loop", "Parent Relationship": "Outer", "Parallel Aware": false, "Async Capable": false, "Join Type": "Inner", "Startup Cost": 64996.34, "Total Cost": 95393.39, "Plan Rows": 1, "Plan Width": 82, "Actual Rows": 134, "Actual Loops": 1, "Inner Unique": true, "Plans": [{"Node Type": "Nested Loop", "Parent Relationship": "Outer", "Parallel Aware": false, "Async Capable": false, "Join Type": "Inner", "Startup Cost": 64996.2, "Total Cost": 95393.22, "Plan Rows": 1, "Plan Width": 86, "Actual Rows": 2004, "Actual Loops": 1, "Inner Unique": true, "Plans": [{"Node Type": "Nested Loop", "Parent Relationship": "Outer", "Parallel Aware": false, "Async Capable": false, "Join Type": "Inner", "Startup Cost": 64996.07, "Total Cost": 95393.06, "Plan Rows": 1, "Plan Width": 90, "Actual Rows": 2182, "Actual Loops": 1, "Inner Unique": true, "Join Filter": "(t1.id = ml.movie_id)", "Rows Removed by Join Filter": 0, "Plans": [{"Node Type": "Nested Loop", "Parent Relationship": "Outer", "Parallel Aware": false, "Async Capable": false, "Join Type": "Inner", "Startup Cost": 64995.64, "Total Cost": 95392.53, "Plan Rows": 1, "Plan Width": 81, "Actual Rows": 2182, "Actual Loops": 1, "Inner Unique": true, "Plans": [{"Node Type": "Gather", "Parent Relationship": "Outer", "Parallel Aware": false, "Async Capable": false, "Startup Cost": 64995.22, "Total Cost": 95392.08, "Plan Rows": 1, "Plan Width": 66, "Actual Rows": 2182, "Actual Loops": 1, "Workers Planned": 3, "Workers Launched": 3, "Single Copy": false, "Plans": [{"Node Type": "Hash Join", "Parent Relationship": "Outer", "Parallel Aware": true, "Async Capable": false, "Join Type": "Inner", "Startup Cost": 63995.22, "Total Cost": 94391.98, "Plan Rows": 1, "Plan Width": 66, "Actual Rows": 546, "Actual Loops": 4, "Inner Unique": false, "Hash Cond": "(mc2.movie_id = t2.id)", "Workers": [], "Plans": [{"Node Type": "Seq Scan", "Parent Relationship": "Outer", "Parallel Aware": true, "Async Capable": false, "Relation Name": "movie_companies", "Alias": "mc2", "Startup Cost": 0.0, "Total Cost": 27240.55, "Plan Rows": 841655, "Plan Width": 8, "Actual Rows": 652282, "Actual Loops": 4, "Workers": []}, {"Node Type": "Hash", "Parent Relationship": "Inner", "Parallel Aware": true, "Async Capable": false, "Startup Cost": 63995.21, "Total Cost": 63995.21, "Plan Rows": 1, "Plan Width": 74, "Actual Rows": 14, "Actual Loops": 4, "Hash Buckets": 1024, "Original Hash Buckets": 1024, "Hash Batches": 1, "Original Hash Batches": 1, "Peak Memory Usage": 136, "Workers": [], "Plans": [{"Node Type": "Nested Loop", "Parent Relationship": "Outer", "Parallel Aware": false, "Async Capable": false, "Join Type": "Inner", "Startup Cost": 33598.42, "Total Cost": 63995.21, "Plan Rows": 1, "Plan Width": 74, "Actual Rows": 14, "Actual Loops": 4, "Inner Unique": true, "Workers": [], "Plans": [{"Node Type": "Hash Join", "Parent Relationship": "Outer", "Parallel Aware": true, "Async Capable": false, "Join Type": "Inner", "Startup Cost": 33598.0, "Total Cost": 63994.76, "Plan Rows": 1, "Plan Width": 59, "Actual Rows": 511, "Actual Loops": 4, "Inner Unique": false, "Hash Cond": "(mc1.movie_id = ml.movie_id)", "Workers": [], "Plans": [{"Node Type": "Seq Scan", "Parent Relationship": "Outer", "Parallel Aware": true, "Async Capable": false, "Relation Name": "movie_companies", "Alias": "mc1", "Startup Cost": 0.0, "Total Cost": 27240.55, "Plan Rows": 841655, "Plan Width": 8, "Actual Rows": 652282, "Actual Loops": 4, "Workers": []}, {"Node Type": "Hash", "Parent Relationship": "Inner", "Parallel Aware": true, "Async Capable": false, "Startup Cost": 33597.99, "Total Cost": 33597.99, "Plan Rows": 1, "Plan Width": 51, "Actual Rows": 204, "Actual Loops": 4, "Hash Buckets": 1024, "Original Hash Buckets": 1024, "Hash Batches": 1, "Original Hash Batches": 1, "Peak Memory Usage": 136, "Workers": [], "Plans": [{"Node Type": "Nested Loop", "Parent Relationship": "Outer", "Parallel Aware": false, "Async Capable": false, "Join Type": "Inner", "Startup Cost": 18080.1, "Total Cost": 33597.99, "Plan Rows": 1, "Plan Width": 51, "Actual Rows": 204, "Actual Loops": 4, "Inner Unique": true, "Workers": [], "Plans": [{"Node Type": "Nested Loop", "Parent Relationship": "Outer", "Parallel Aware": false, "Async Capable": false, "Join Type": "Inner", "Startup Cost": 18079.97, "Total Cost": 33597.66, "Plan Rows": 2, "Plan Width": 55, "Actual Rows": 204, "Actual Loops": 4, "Inner Unique": true, "Join Filter": "(t2.id = ml.linked_movie_id)", "Rows Removed by Join Filter": 0, "Workers": [], "Plans": [{"Node Type": "Hash Join", "Parent Relationship": "Outer", "Parallel Aware": true, "Async Capable": false, "Join Type": "Inner", "Startup Cost": 18079.54, "Total Cost": 33592.75, "Plan Rows": 8, "Plan Width": 30, "Actual Rows": 248, "Actual Loops": 4, "Inner Unique": false, "Hash Cond": "(mi_idx1.movie_id = ml.movie_id)", "Workers": [], "Plans": [{"Node Type": "Hash Join", "Parent Relationship": "Outer", "Parallel Aware": false, "Async Capable": false, "Join Type": "Inner", "Startup Cost": 2.43, "Total Cost": 15286.6, "Plan Rows": 5089, "Plan Width": 9, "Actual Rows": 114981, "Actual Loops": 4, "Inner Unique": true, "Hash Cond": "(mi_idx1.info_type_id = it1.id)", "Workers": [], "Plans": [{"Node Type": "Seq Scan", "Parent Relationship": "Outer", "Parallel Aware": true, "Async Capable": false, "Relation Name": "movie_info_idx", "Alias": "mi_idx1", "Startup Cost": 0.0, "Total Cost": 13718.15, "Plan Rows": 575015, "Plan Width": 13, "Actual Rows": 345009, "Actual Loops": 4, "Workers": []}, {"Node Type": "Hash", "Parent Relationship": "Inner", "Parallel Aware": false, "Async Capable": false, "Startup Cost": 2.41, "Total Cost": 2.41, "Plan Rows": 1, "Plan Width": 4, "Actual Rows": 1, "Actual Loops": 4, "Hash Buckets": 1024, "Original Hash Buckets": 1024, "Hash Batches": 1, "Original Hash Batches": 1, "Peak Memory Usage": 9, "Workers": [], "Plans": [{"Node Type": "Seq Scan", "Parent Relationship": "Outer", "Parallel Aware": false, "Async Capable": false, "Relation Name": "info_type", "Alias": "it1", "Startup Cost": 0.0, "Total Cost": 2.41, "Plan Rows": 1, "Plan Width": 4, "Actual Rows": 1, "Actual Loops": 4, "Filter": "((info)::text = 'votes'::text)", "Rows Removed by Filter": 112, "Workers": []}]}]}, {"Node Type": "Hash", "Parent Relationship": "Inner", "Parallel Aware": true, "Async Capable": false, "Startup Cost": 18073.52, "Total Cost": 18073.52, "Plan Rows": 288, "Plan Width": 21, "Actual Rows": 388, "Actual Loops": 4, "Hash Buckets": 2048, "Original Hash Buckets": 1024, "Hash Batches": 1, "Original Hash Batches": 1, "Peak Memory Usage": 152, "Workers": [], "Plans": [{"Node Type": "Hash Join", "Parent Relationship": "Outer", "Parallel Aware": false, "Async Capable": false, "Join Type": "Inner", "Startup Cost": 840.36, "Total Cost": 18073.52, "Plan Rows": 288, "Plan Width": 21, "Actual Rows": 388, "Actual Loops": 4, "Inner Unique": false, "Hash Cond": "(mi_idx2.movie_id = ml.linked_movie_id)", "Workers": [], "Plans": [{"Node Type": "Hash Join", "Parent Relationship": "Outer", "Parallel Aware": false, "Async Capable": false, "Join Type": "Inner", "Startup Cost": 2.43, "Total Cost": 16505.03, "Plan Rows": 4377, "Plan Width": 9, "Actual Rows": 55, "Actual Loops": 4, "Inner Unique": true, "Hash Cond": "(mi_idx2.info_type_id = it2.id)", "Workers": [], "Plans": [{"Node Type": "Seq Scan", "Parent Relationship": "Outer", "Parallel Aware": true, "Async Capable": false, "Relation Name": "movie_info_idx", "Alias": "mi_idx2", "Startup Cost": 0.0, "Total Cost": 15155.68, "Plan Rows": 494562, "Plan Width": 13, "Actual Rows": 296767, "Actual Loops": 4, "Filter": "((info)::text <= '7.0'::text)", "Rows Removed by Filter": 48242, "Workers": []}, {"Node Type": "Hash", "Parent Relationship": "Inner", "Parallel Aware": false, "Async Capable": false, "Startup Cost": 2.41, "Total Cost": 2.41, "Plan Rows": 1, "Plan Width": 4, "Actual Rows": 1, "Actual Loops": 4, "Hash Buckets": 1024, "Original Hash Buckets": 1024, "Hash Batches": 1, "Original Hash Batches": 1, "Peak Memory Usage": 9, "Workers": [], "Plans": [{"Node Type": "Seq Scan", "Parent Relationship": "Outer", "Parallel Aware": false, "Async Capable": false, "Relation Name": "info_type", "Alias": "it2", "Startup Cost": 0.0, "Total Cost": 2.41, "Plan Rows": 1, "Plan Width": 4, "Actual Rows": 1, "Actual Loops": 4, "Filter": "((info)::text = 'top 250 rank'::text)", "Rows Removed by Filter": 112, "Workers": []}]}]}, {"Node Type": "Hash", "Parent Relationship": "Inner", "Parallel Aware": false, "Async Capable": false, "Startup Cost": 462.97, "Total Cost": 462.97, "Plan Rows": 29997, "Plan Width": 12, "Actual Rows": 29997, "Actual Loops": 2, "Hash Buckets": 32768, "Original Hash Buckets": 32768, "Hash Batches": 1, "Original Hash Batches": 1, "Peak Memory Usage": 1545, "Workers": [], "Plans": [{"Node Type": "Seq Scan", "Parent Relationship": "Outer", "Parallel Aware": false, "Async Capable": false, "Relation Name": "movie_link", "Alias": "ml", "Startup Cost": 0.0, "Total Cost": 462.97, "Plan Rows": 29997, "Plan Width": 12, "Actual Rows": 29997, "Actual Loops": 2, "Workers": []}]}]}]}]}, {"Node Type": "Index Scan", "Parent Relationship": "Inner", "Parallel Aware": false, "Async Capable": false, "Scan Direction": "Forward", "Index Name": "title_pkey", "Relation Name": "title", "Alias": "t2", "Startup Cost": 0.43, "Total Cost": 0.6, "Plan Rows": 1, "Plan Width": 25, "Actual Rows": 1, "Actual Loops": 993, "Index Cond": "(id = mi_idx2.movie_id)", "Rows Removed by Index Recheck": 0, "Filter": "(production_year <= 1992)", "Rows Removed by Filter": 0, "Workers": []}]}, {"Node Type": "Index Scan", "Parent Relationship": "Inner", "Parallel Aware": false, "Async Capable": false, "Scan Direction": "Forward", "Index Name": "kind_type_pkey", "Relation Name": "kind_type", "Alias": "kt2", "Startup Cost": 0.13, "Total Cost": 0.15, "Plan Rows": 1, "Plan Width": 4, "Actual Rows": 1, "Actual Loops": 815, "Index Cond": "(id = t2.kind_id)", "Rows Removed by Index Recheck": 0, "Filter": "((kind)::text = 'movie'::text)", "Rows Removed by Filter": 0, "Workers": []}]}]}]}, {"Node Type": "Index Scan", "Parent Relationship": "Inner", "Parallel Aware": false, "Async Capable": false, "Scan Direction": "Forward", "Index Name": "company_name_pkey", "Relation Name": "company_name", "Alias": "cn1", "Startup Cost": 0.42, "Total Cost": 0.45, "Plan Rows": 1, "Plan Width": 23, "Actual Rows": 0, "Actual Loops": 2045, "Index Cond": "(id = mc1.company_id)", "Rows Removed by Index Recheck": 0, "Filter": "((country_code)::text = '[de]'::text)", "Rows Removed by Filter": 1, "Workers": []}]}]}]}]}, {"Node Type": "Index Scan", "Parent Relationship": "Inner", "Parallel Aware": false, "Async Capable": false, "Scan Direction": "Forward", "Index Name": "company_name_pkey", "Relation Name": "company_name", "Alias": "cn2", "Startup Cost": 0.42, "Total Cost": 0.44, "Plan Rows": 1, "Plan Width": 23, "Actual Rows": 1, "Actual Loops": 2182, "Index Cond": "(id = mc2.company_id)", "Rows Removed by Index Recheck": 0}]}, {"Node Type": "Index Scan", "Parent Relationship": "Inner", "Parallel Aware": false, "Async Capable": false, "Scan Direction": "Forward", "Index Name": "title_pkey", "Relation Name": "title", "Alias": "t1", "Startup Cost": 0.43, "Total Cost": 0.52, "Plan Rows": 1, "Plan Width": 25, "Actual Rows": 1, "Actual Loops": 2182, "Index Cond": "(id = mc1.movie_id)", "Rows Removed by Index Recheck": 0}]}, {"Node Type": "Index Scan", "Parent Relationship": "Inner", "Parallel Aware": false, "Async Capable": false, "Scan Direction": "Forward", "Index Name": "kind_type_pkey", "Relation Name": "kind_type", "Alias": "kt1", "Startup Cost": 0.13, "Total Cost": 0.15, "Plan Rows": 1, "Plan Width": 4, "Actual Rows": 1, "Actual Loops": 2182, "Index Cond": "(id = t1.kind_id)", "Rows Removed by Index Recheck": 0, "Filter": "((kind)::text = ANY ('{episode,movie}'::text[]))", "Rows Removed by Filter": 0}]}, {"Node Type": "Index Scan", "Parent Relationship": "Inner", "Parallel Aware": false, "Async Capable": false, "Scan Direction": "Forward", "Index Name": "link_type_pkey", "Relation Name": "link_type", "Alias": "lt", "Startup Cost": 0.14, "Total Cost": 0.16, "Plan Rows": 1, "Plan Width": 4, "Actual Rows": 0, "Actual Loops": 2004, "Index Cond": "(id = ml.link_type_id)", "Rows Removed by Index Recheck": 0, "Filter": "((link)::text = ANY ('{\"featured in\",features,features}'::text[]))", "Rows Removed by Filter": 1}]}]}, "Planning Time": 70.061, "Triggers": [], "Execution Time": 385.441}, {"Plan": {"Node Type": "Aggregate", "Strategy": "Plain", "Partial Mode": "Simple", "Parallel Aware": false, "Async Capable": false, "Startup Cost": 94916.47, "Total Cost": 94916.48, "Plan Rows": 1, "Plan Width": 192, "Actual Rows": 1, "Actual Loops": 1, "Plans": [{"Node Type": "Gather", "Parent Relationship": "Outer", "Parallel Aware": false, "Async Capable": false, "Startup Cost": 64513.1, "Total Cost": 94916.45, "Plan Rows": 1, "Plan Width": 82, "Actual Rows": 134, "Actual Loops": 1, "Workers Planned": 3, "Workers Launched": 3, "Single Copy": false, "Plans": [{"Node Type": "Hash Join", "Parent Relationship": "Outer", "Parallel Aware": true, "Async Capable": false, "Join Type": "Inner", "Startup Cost": 63513.1, "Total Cost": 93916.35, "Plan Rows": 1, "Plan Width": 82, "Actual Rows": 34, "Actual Loops": 4, "Inner Unique": false, "Hash Cond": "(t2.id = mi_idx2.movie_id)", "Workers": [], "Plans": [{"Node Type": "Nested Loop", "Parent Relationship": "Outer", "Parallel Aware": false, "Async Capable": false, "Join Type": "Inner", "Startup Cost": 46953.36, "Total Cost": 77356.6, "Plan Rows": 1, "Plan Width": 89, "Actual Rows": 116, "Actual Loops": 4, "Inner Unique": true, "Workers": [], "Plans": [{"Node Type": "Nested Loop", "Parent Relationship": "Outer", "Parallel Aware": false, "Async Capable": false, "Join Type": "Inner", "Startup Cost": 46952.94, "Total Cost": 77356.16, "Plan Rows": 1, "Plan Width": 74, "Actual Rows": 116, "Actual Loops": 4, "Inner Unique": true, "Workers": [], "Plans": [{"Node Type": "Nested Loop", "Parent Relationship": "Outer", "Parallel Aware": false, "Async Capable": false, "Join Type": "Inner", "Startup Cost": 46952.81, "Total Cost": 77355.54, "Plan Rows": 4, "Plan Width": 78, "Actual Rows": 180, "Actual Loops": 4, "Inner Unique": true, "Join Filter": "(t2.id = ml.linked_movie_id)", "Rows Removed by Join Filter": 0, "Workers": [], "Plans": [{"Node Type": "Hash Join", "Parent Relationship": "Outer", "Parallel Aware": true, "Async Capable": false, "Join Type": "Inner", "Startup Cost": 46952.38, "Total Cost": 77349.16, "Plan Rows": 12, "Plan Width": 53, "Actual Rows": 266, "Actual Loops": 4, "Inner Unique": false, "Hash Cond": "(mc2.movie_id = ml.linked_movie_id)", "Workers": [], "Plans": [{"Node Type": "Seq Scan", "Parent Relationship": "Outer", "Parallel Aware": true, "Async Capable": false, "Relation Name": "movie_companies", "Alias": "mc2", "Startup Cost": 0.0, "Total Cost": 27240.55, "Plan Rows": 841655, "Plan Width": 8, "Actual Rows": 652282, "Actual Loops": 4, "Workers": []}, {"Node Type": "Hash", "Parent Relationship": "Inner", "Parallel Aware": true, "Async Capable": false, "Startup Cost": 46952.35, "Total Cost": 46952.35, "Plan Rows": 2, "Plan Width": 45, "Actual Rows": 23, "Actual Loops": 4, "Hash Buckets": 1024, "Original Hash Buckets": 1024, "Hash Batches": 1, "Original Hash Batches": 1, "Peak Memory Usage": 136, "Workers": [], "Plans": [{"Node Type": "Nested Loop", "Parent Relationship": "Outer", "Parallel Aware": false, "Async Capable": false, "Join Type": "Inner", "Startup Cost": 16531.44, "Total Cost": 46952.35, "Plan Rows": 2, "Plan Width": 45, "Actual Rows": 23, "Actual Loops": 4, "Inner Unique": true, "Workers": [], "Plans": [{"Node Type": "Hash Join", "Parent Relationship": "Outer", "Parallel Aware": true, "Async Capable": false, "Join Type": "Inner", "Startup Cost": 16531.02, "Total Cost": 46927.82, "Plan Rows": 55, "Plan Width": 30, "Actual Rows": 1214, "Actual Loops": 4, "Inner Unique": false, "Hash Cond": "(mc1.movie_id = t1.id)", "Workers": [], "Plans": [{"Node Type": "Seq Scan", "Parent Relationship": "Outer", "Parallel Aware": true, "Async Capable": false, "Relation Name": "movie_companies", "Alias": "mc1", "Startup Cost": 0.0, "Total Cost": 27240.55, "Plan Rows": 841655, "Plan Width": 8, "Actual Rows": 652282, "Actual Loops": 4, "Workers": []}, {"Node Type": "Hash", "Parent Relationship": "Inner", "Parallel Aware": true, "Async Capable": false, "Startup Cost": 16530.82, "Total Cost": 16530.82, "Plan Rows": 16, "Plan Width": 38, "Actual Rows": 515, "Actual Loops": 4, "Hash Buckets": 2048, "Original Hash Buckets": 1024, "Hash Batches": 1, "Original Hash Batches": 1, "Peak Memory Usage": 280, "Workers": [], "Plans": [{"Node Type": "Nested Loop", "Parent Relationship": "Outer", "Parallel Aware": false, "Async Capable": false, "Join Type": "Inner", "Startup Cost": 16469.21, "Total Cost": 16530.82, "Plan Rows": 16, "Plan Width": 38, "Actual Rows": 515, "Actual Loops": 4, "Inner Unique": true, "Workers": [], "Plans": [{"Node Type": "Nested Loop", "Parent Relationship": "Outer", "Parallel Aware": false, "Async Capable": false, "Join Type": "Inner", "Startup Cost": 16469.07, "Total Cost": 16528.42, "Plan Rows": 56, "Plan Width": 42, "Actual Rows": 947, "Actual Loops": 4, "Inner Unique": true, "Join Filter": "(t1.id = ml.movie_id)", "Rows Removed by Join Filter": 0, "Workers": [], "Plans": [{"Node Type": "Merge Join", "Parent Relationship": "Outer", "Parallel Aware": false, "Async Capable": false, "Join Type": "Inner", "Startup Cost": 16468.64, "Total Cost": 16495.35, "Plan Rows": 56, "Plan Width": 17, "Actual Rows": 947, "Actual Loops": 4, "Inner Unique": false, "Merge Cond": "(mi_idx1.movie_id = ml.movie_id)", "Workers": [], "Plans": [{"Node Type": "Sort", "Parent Relationship": "Outer", "Parallel Aware": false, "Async Capable": false, "Startup Cost": 15599.91, "Total Cost": 15612.63, "Plan Rows": 5089, "Plan Width": 9, "Actual Rows": 4708, "Actual Loops": 4, "Sort Key": ["mi_idx1.movie_id"], "Sort Method": "quicksort", "Sort Space Used": 10568, "Sort Space Type": "Memory", "Workers": [{"Worker Number": 0, "Sort Method": "quicksort", "Sort Space Used": 6645, "Sort Space Type": "Memory"}, {"Worker Number": 1, "Sort Method": "quicksort", "Sort Space Used": 6353, "Sort Space Type": "Memory"}, {"Worker Number": 2, "Sort Method": "quicksort", "Sort Space Used": 6329, "Sort Space Type": "Memory"}], "Plans": [{"Node Type": "Hash Join", "Parent Relationship": "Outer", "Parallel Aware": false, "Async Capable": false, "Join Type": "Inner", "Startup Cost": 2.43, "Total Cost": 15286.6, "Plan Rows": 5089, "Plan Width": 9, "Actual Rows": 114981, "Actual Loops": 4, "Inner Unique": true, "Hash Cond": "(mi_idx1.info_type_id = it1.id)", "Workers": [], "Plans": [{"Node Type": "Seq Scan", "Parent Relationship": "Outer", "Parallel Aware": true, "Async Capable": false, "Relation Name": "movie_info_idx", "Alias": "mi_idx1", "Startup Cost": 0.0, "Total Cost": 13718.15, "Plan Rows": 575015, "Plan Width": 13, "Actual Rows": 345009, "Actual Loops": 4, "Workers": []}, {"Node Type": "Hash", "Parent Relationship": "Inner", "Parallel Aware": false, "Async Capable": false, "Startup Cost": 2.41, "Total Cost": 2.41, "Plan Rows": 1, "Plan Width": 4, "Actual Rows": 1, "Actual Loops": 4, "Hash Buckets": 1024, "Original Hash Buckets": 1024, "Hash Batches": 1, "Original Hash Batches": 1, "Peak Memory Usage": 9, "Workers": [], "Plans": [{"Node Type": "Seq Scan", "Parent Relationship": "Outer", "Parallel Aware": false, "Async Capable": false, "Relation Name": "info_type", "Alias": "it1", "Startup Cost": 0.0, "Total Cost": 2.41, "Plan Rows": 1, "Plan Width": 4, "Actual Rows": 1, "Actual Loops": 4, "Filter": "((info)::text = 'votes'::text)", "Rows Removed by Filter": 112, "Workers": []}]}]}]}, {"Node Type": "Sort", "Parent Relationship": "Inner", "Parallel Aware": false, "Async Capable": false, "Startup Cost": 868.72, "Total Cost": 881.22, "Plan Rows": 5000, "Plan Width": 8, "Actual Rows": 7409, "Actual Loops": 4, "Sort Key": ["ml.movie_id"], "Sort Method": "quicksort", "Sort Space Used": 424, "Sort Space Type": "Memory", "Workers": [{"Worker Number": 0, "Sort Method": "quicksort", "Sort Space Used": 424, "Sort Space Type": "Memory"}, {"Worker Number": 1, "Sort Method": "quicksort", "Sort Space Used": 424, "Sort Space Type": "Memory"}, {"Worker Number": 2, "Sort Method": "quicksort", "Sort Space Used": 424, "Sort Space Type": "Memory"}], "Plans": [{"Node Type": "Hash Join", "Parent Relationship": "Outer", "Parallel Aware": false, "Async Capable": false, "Join Type": "Inner", "Startup Cost": 1.29, "Total Cost": 561.53, "Plan Rows": 5000, "Plan Width": 8, "Actual Rows": 7409, "Actual Loops": 4, "Inner Unique": true, "Hash Cond": "(ml.link_type_id = lt.id)", "Workers": [], "Plans": [{"Node Type": "Seq Scan", "Parent Relationship": "Outer", "Parallel Aware": false, "Async Capable": false, "Relation Name": "movie_link", "Alias": "ml", "Startup Cost": 0.0, "Total Cost": 462.97, "Plan Rows": 29997, "Plan Width": 12, "Actual Rows": 29997, "Actual Loops": 4, "Workers": []}, {"Node Type": "Hash", "Parent Relationship": "Inner", "Parallel Aware": false, "Async Capable": false, "Startup Cost": 1.25, "Total Cost": 1.25, "Plan Rows": 3, "Plan Width": 4, "Actual Rows": 2, "Actual Loops": 4, "Hash Buckets": 1024, "Original Hash Buckets": 1024, "Hash Batches": 1, "Original Hash Batches": 1, "Peak Memory Usage": 9, "Workers": [], "Plans": [{"Node Type": "Seq Scan", "Parent Relationship": "Outer", "Parallel Aware": false, "Async Capable": false, "Relation Name": "link_type", "Alias": "lt", "Startup Cost": 0.0, "Total Cost": 1.25, "Plan Rows": 3, "Plan Width": 4, "Actual Rows": 2, "Actual Loops": 4, "Filter": "((link)::text = ANY ('{\"featured in\",features,features}'::text[]))", "Rows Removed by Filter": 16, "Workers": []}]}]}]}]}, {"Node Type": "Index Scan", "Parent Relationship": "Inner", "Parallel Aware": false, "Async Capable": false, "Scan Direction": "Forward", "Index Name": "title_pkey", "Relation Name": "title", "Alias": "t1", "Startup Cost": 0.43, "Total Cost": 0.58, "Plan Rows": 1, "Plan Width": 25, "Actual Rows": 1, "Actual Loops": 3787, "Index Cond": "(id = mi_idx1.movie_id)", "Rows Removed by Index Recheck": 0, "Workers": []}]}, {"Node Type": "Memoize", "Parent Relationship": "Inner", "Parallel Aware": false, "Async Capable": false, "Startup Cost": 0.14, "Total Cost": 0.16, "Plan Rows": 1, "Plan Width": 4, "Actual Rows": 1, "Actual Loops": 3787, "Cache Key": "t1.kind_id", "Cache Mode": "logical", "Cache Hits": 1412, "Cache Misses": 2, "Cache Evictions": 0, "Cache Overflows": 0, "Peak Memory Usage": 1, "Workers": [{"Worker Number": 0, "Cache Hits": 583, "Cache Misses": 2, "Cache Evictions": 0, "Cache Overflows": 0, "Peak Memory Usage": 1}, {"Worker Number": 1, "Cache Hits": 877, "Cache Misses": 2, "Cache Evictions": 0, "Cache Overflows": 0, "Peak Memory Usage": 1}, {"Worker Number": 2, "Cache Hits": 907, "Cache Misses": 2, "Cache Evictions": 0, "Cache Overflows": 0, "Peak Memory Usage": 1}], "Plans": [{"Node Type": "Index Scan", "Parent Relationship": "Outer", "Parallel Aware": false, "Async Capable": false, "Scan Direction": "Forward", "Index Name": "kind_type_pkey", "Relation Name": "kind_type", "Alias": "kt1", "Startup Cost": 0.13, "Total Cost": 0.15, "Plan Rows": 1, "Plan Width": 4, "Actual Rows": 0, "Actual Loops": 8, "Index Cond": "(id = t1.kind_id)", "Rows Removed by Index Recheck": 0, "Filter": "((kind)::text = ANY ('{episode,movie}'::text[]))", "Rows Removed by Filter": 0, "Workers": []}]}]}]}]}, {"Node Type": "Index Scan", "Parent Relationship": "Inner", "Parallel Aware": false, "Async Capable": false, "Scan Direction": "Forward", "Index Name": "company_name_pkey", "Relation Name": "company_name", "Alias": "cn1", "Startup Cost": 0.42, "Total Cost": 0.45, "Plan Rows": 1, "Plan Width": 23, "Actual Rows": 0, "Actual Loops": 4858, "Index Cond": "(id = mc1.company_id)", "Rows Removed by Index Recheck": 0, "Filter": "((country_code)::text = '[de]'::text)", "Rows Removed by Filter": 1, "Workers": []}]}]}]}, {"Node Type": "Index Scan", "Parent Relationship": "Inner", "Parallel Aware": false, "Async Capable": false, "Scan Direction": "Forward", "Index Name": "title_pkey", "Relation Name": "title", "Alias": "t2", "Startup Cost": 0.43, "Total Cost": 0.52, "Plan Rows": 1, "Plan Width": 25, "Actual Rows": 1, "Actual Loops": 1064, "Index Cond": "(id = mc2.movie_id)", "Rows Removed by Index Recheck": 0, "Filter": "(production_year <= 1992)", "Rows Removed by Filter": 0, "Workers": []}]}, {"Node Type": "Index Scan", "Parent Relationship": "Inner", "Parallel Aware": false, "Async Capable": false, "Scan Direction": "Forward", "Index Name": "kind_type_pkey", "Relation Name": "kind_type", "Alias": "kt2", "Startup Cost": 0.13, "Total Cost": 0.15, "Plan Rows": 1, "Plan Width": 4, "Actual Rows": 1, "Actual Loops": 718, "Index Cond": "(id = t2.kind_id)", "Rows Removed by Index Recheck": 0, "Filter": "((kind)::text = 'movie'::text)", "Rows Removed by Filter": 0, "Workers": []}]}, {"Node Type": "Index Scan", "Parent Relationship": "Inner", "Parallel Aware": false, "Async Capable": false, "Scan Direction": "Forward", "Index Name": "company_name_pkey", "Relation Name": "company_name", "Alias": "cn2", "Startup Cost": 0.42, "Total Cost": 0.44, "Plan Rows": 1, "Plan Width": 23, "Actual Rows": 1, "Actual Loops": 465, "Index Cond": "(id = mc2.company_id)", "Rows Removed by Index Recheck": 0, "Workers": []}]}, {"Node Type": "Hash", "Parent Relationship": "Inner", "Parallel Aware": true, "Async Capable": false, "Startup Cost": 16505.03, "Total Cost": 16505.03, "Plan Rows": 4377, "Plan Width": 9, "Actual Rows": 55, "Actual Loops": 4, "Hash Buckets": 16384, "Original Hash Buckets": 16384, "Hash Batches": 1, "Original Hash Batches": 1, "Peak Memory Usage": 192, "Workers": [], "Plans": [{"Node Type": "Hash Join", "Parent Relationship": "Outer", "Parallel Aware": false, "Async Capable": false, "Join Type": "Inner", "Startup Cost": 2.43, "Total Cost": 16505.03, "Plan Rows": 4377, "Plan Width": 9, "Actual Rows": 55, "Actual Loops": 4, "Inner Unique": true, "Hash Cond": "(mi_idx2.info_type_id = it2.id)", "Workers": [], "Plans": [{"Node Type": "Seq Scan", "Parent Relationship": "Outer", "Parallel Aware": true, "Async Capable": false, "Relation Name": "movie_info_idx", "Alias": "mi_idx2", "Startup Cost": 0.0, "Total Cost": 15155.68, "Plan Rows": 494562, "Plan Width": 13, "Actual Rows": 296767, "Actual Loops": 4, "Filter": "((info)::text <= '7.0'::text)", "Rows Removed by Filter": 48242, "Workers": []}, {"Node Type": "Hash", "Parent Relationship": "Inner", "Parallel Aware": false, "Async Capable": false, "Startup Cost": 2.41, "Total Cost": 2.41, "Plan Rows": 1, "Plan Width": 4, "Actual Rows": 1, "Actual Loops": 4, "Hash Buckets": 1024, "Original Hash Buckets": 1024, "Hash Batches": 1, "Original Hash Batches": 1, "Peak Memory Usage": 9, "Workers": [], "Plans": [{"Node Type": "Seq Scan", "Parent Relationship": "Outer", "Parallel Aware": false, "Async Capable": false, "Relation Name": "info_type", "Alias": "it2", "Startup Cost": 0.0, "Total Cost": 2.41, "Plan Rows": 1, "Plan Width": 4, "Actual Rows": 1, "Actual Loops": 4, "Filter": "((info)::text = 'top 250 rank'::text)", "Rows Removed by Filter": 112, "Workers": []}]}]}]}]}]}]}, "Planning Time": 65.973, "Triggers": [], "Execution Time": 391.944}]