[{"Plan": {"Node Type": "Aggregate", "Strategy": "Plain", "Partial Mode": "Finalize", "Parallel Aware": false, "Async Capable": false, "Startup Cost": 408188.58, "Total Cost": 408188.59, "Plan Rows": 1, "Plan Width": 96, "Actual Rows": 1, "Actual Loops": 1, "Plans": [{"Node Type": "Gather", "Parent Relationship": "Outer", "Parallel Aware": false, "Async Capable": false, "Startup Cost": 408188.25, "Total Cost": 408188.56, "Plan Rows": 3, "Plan Width": 96, "Actual Rows": 4, "Actual Loops": 1, "Workers Planned": 3, "Workers Launched": 3, "Single Copy": false, "Plans": [{"Node Type": "Aggregate", "Strategy": "Plain", "Partial Mode": "Partial", "Parent Relationship": "Outer", "Parallel Aware": false, "Async Capable": false, "Startup Cost": 407188.25, "Total Cost": 407188.26, "Plan Rows": 1, "Plan Width": 96, "Actual Rows": 1, "Actual Loops": 4, "Workers": [], "Plans": [{"Node Type": "Hash Join", "Parent Relationship": "Outer", "Parallel Aware": true, "Async Capable": false, "Join Type": "Inner", "Startup Cost": 391720.63, "Total Cost": 407135.73, "Plan Rows": 7003, "Plan Width": 49, "Actual Rows": 3, "Actual Loops": 4, "Inner Unique": false, "Hash Cond": "(an.person_id = n.id)", "Workers": [], "Plans": [{"Node Type": "Seq Scan", "Parent Relationship": "Outer", "Parallel Aware": true, "Async Capable": false, "Relation Name": "aka_name", "Alias": "an", "Startup Cost": 0.0, "Total Cost": 14323.56, "Plan Rows": 290756, "Plan Width": 20, "Actual Rows": 225336, "Actual Loops": 4, "Workers": []}, {"Node Type": "Hash", "Parent Relationship": "Inner", "Parallel Aware": true, "Async Capable": false, "Startup Cost": 391699.12, "Total Cost": 391699.12, "Plan Rows": 1721, "Plan Width": 41, "Actual Rows": 2, "Actual Loops": 4, "Hash Buckets": 16384, "Original Hash Buckets": 16384, "Hash Batches": 1, "Original Hash Batches": 1, "Peak Memory Usage": 192, "Workers": [], "Plans": [{"Node Type": "Nested Loop", "Parent Relationship": "Outer", "Parallel Aware": false, "Async Capable": false, "Join Type": "Inner", "Startup Cost": 38417.06, "Total Cost": 391699.12, "Plan Rows": 1721, "Plan Width": 41, "Actual Rows": 2, "Actual Loops": 4, "Inner Unique": true, "Workers": [], "Plans": [{"Node Type": "Nested Loop", "Parent Relationship": "Outer", "Parallel Aware": false, "Async Capable": false, "Join Type": "Inner", "Startup Cost": 38416.63, "Total Cost": 390809.03, "Plan Rows": 1721, "Plan Width": 32, "Actual Rows": 2, "Actual Loops": 4, "Inner Unique": true, "Workers": [], "Plans": [{"Node Type": "Nested Loop", "Parent Relationship": "Outer", "Parallel Aware": false, "Async Capable": false, "Join Type": "Inner", "Startup Cost": 38416.2, "Total Cost": 388950.99, "Plan Rows": 3564, "Plan Width": 20, "Actual Rows": 2, "Actual Loops": 4, "Inner Unique": true, "Workers": [], "Plans": [{"Node Type": "Hash Join", "Parent Relationship": "Outer", "Parallel Aware": true, "Async Capable": false, "Join Type": "Inner", "Startup Cost": 38415.77, "Total Cost": 384174.63, "Plan Rows": 8538, "Plan Width": 16, "Actual Rows": 2, "Actual Loops": 4, "Inner Unique": false, "Hash Cond": "(ci.movie_id = mc.movie_id)", "Workers": [], "Plans": [{"Node Type": "Hash Join", "Parent Relationship": "Outer", "Parallel Aware": false, "Async Capable": false, "Join Type": "Inner", "Startup Cost": 1.16, "Total Cost": 344835.53, "Plan Rows": 35878, "Plan Width": 12, "Actual Rows": 4, "Actual Loops": 4, "Inner Unique": true, "Hash Cond": "(ci.role_id = rt.id)", "Workers": [], "Plans": [{"Node Type": "Seq Scan", "Parent Relationship": "Outer", "Parallel Aware": true, "Async Capable": false, "Relation Name": "cast_info", "Alias": "ci", "Startup Cost": 0.0, "Total Cost": 343305.05, "Plan Rows": 430541, "Plan Width": 16, "Actual Rows": 629181, "Actual Loops": 4, "Filter": "((note)::text = ANY ('{\"(executive producer)\",\"(head writer)\",(producer),\"(story editor)\"}'::text[]))", "Rows Removed by Filter": 8431905, "Workers": []}, {"Node Type": "Hash", "Parent Relationship": "Inner", "Parallel Aware": false, "Async Capable": false, "Startup Cost": 1.15, "Total Cost": 1.15, "Plan Rows": 1, "Plan Width": 4, "Actual Rows": 1, "Actual Loops": 4, "Hash Buckets": 1024, "Original Hash Buckets": 1024, "Hash Batches": 1, "Original Hash Batches": 1, "Peak Memory Usage": 9, "Workers": [], "Plans": [{"Node Type": "Seq Scan", "Parent Relationship": "Outer", "Parallel Aware": false, "Async Capable": false, "Relation Name": "role_type", "Alias": "rt", "Startup Cost": 0.0, "Total Cost": 1.15, "Plan Rows": 1, "Plan Width": 4, "Actual Rows": 1, "Actual Loops": 4, "Filter": "((role)::text = 'actor'::text)", "Rows Removed by Filter": 11, "Workers": []}]}]}, {"Node Type": "Hash", "Parent Relationship": "Inner", "Parallel Aware": true, "Async Capable": false, "Startup Cost": 37419.46, "Total Cost": 37419.46, "Plan Rows": 79612, "Plan Width": 4, "Actual Rows": 151368, "Actual Loops": 4, "Hash Buckets": 1048576, "Original Hash Buckets": 262144, "Hash Batches": 1, "Original Hash Batches": 1, "Peak Memory Usage": 38112, "Workers": [], "Plans": [{"Node Type": "Hash Join", "Parent Relationship": "Outer", "Parallel Aware": true, "Async Capable": false, "Join Type": "Inner", "Startup Cost": 5392.23, "Total Cost": 37419.46, "Plan Rows": 79612, "Plan Width": 4, "Actual Rows": 151368, "Actual Loops": 4, "Inner Unique": true, "Hash Cond": "(mc.company_id = cn.id)", "Workers": [], "Plans": [{"Node Type": "Seq Scan", "Parent Relationship": "Outer", "Parallel Aware": true, "Async Capable": false, "Relation Name": "movie_companies", "Alias": "mc", "Startup Cost": 0.0, "Total Cost": 31448.82, "Plan Rows": 220343, "Plan Width": 8, "Actual Rows": 329831, "Actual Loops": 4, "Filter": "((note IS NOT NULL) AND (((note)::text ~~ '%(as Metro-Goldwyn-Mayer Pictures)%'::text) OR ((note)::text !~~ '%(co-production)%'::text)))", "Rows Removed by Filter": 322451, "Workers": []}, {"Node Type": "Hash", "Parent Relationship": "Inner", "Parallel Aware": true, "Async Capable": false, "Startup Cost": 4767.92, "Total Cost": 4767.92, "Plan Rows": 49945, "Plan Width": 4, "Actual Rows": 21211, "Actual Loops": 4, "Hash Buckets": 131072, "Original Hash Buckets": 131072, "Hash Batches": 1, "Original Hash Batches": 1, "Peak Memory Usage": 4416, "Workers": [], "Plans": [{"Node Type": "Seq Scan", "Parent Relationship": "Outer", "Parallel Aware": true, "Async Capable": false, "Relation Name": "company_name", "Alias": "cn", "Startup Cost": 0.0, "Total Cost": 4767.92, "Plan Rows": 49945, "Plan Width": 4, "Actual Rows": 21211, "Actual Loops": 4, "Filter": "((country_code)::text = '[us]'::text)", "Rows Removed by Filter": 37538, "Workers": []}]}]}]}]}, {"Node Type": "Index Scan", "Parent Relationship": "Inner", "Parallel Aware": false, "Async Capable": false, "Scan Direction": "Forward", "Index Name": "name_pkey", "Relation Name": "name", "Alias": "n", "Startup Cost": 0.43, "Total Cost": 0.56, "Plan Rows": 1, "Plan Width": 4, "Actual Rows": 1, "Actual Loops": 6, "Index Cond": "(id = ci.person_id)", "Rows Removed by Index Recheck": 0, "Filter": "((gender)::text = 'm'::text)", "Rows Removed by Filter": 0, "Workers": []}]}, {"Node Type": "Index Scan", "Parent Relationship": "Inner", "Parallel Aware": false, "Async Capable": false, "Scan Direction": "Forward", "Index Name": "char_name_pkey", "Relation Name": "char_name", "Alias": "chn", "Startup Cost": 0.43, "Total Cost": 0.52, "Plan Rows": 1, "Plan Width": 20, "Actual Rows": 1, "Actual Loops": 6, "Index Cond": "(id = ci.person_role_id)", "Rows Removed by Index Recheck": 0, "Workers": []}]}, {"Node Type": "Index Scan", "Parent Relationship": "Inner", "Parallel Aware": false, "Async Capable": false, "Scan Direction": "Forward", "Index Name": "title_pkey", "Relation Name": "title", "Alias": "t", "Startup Cost": 0.43, "Total Cost": 0.52, "Plan Rows": 1, "Plan Width": 21, "Actual Rows": 1, "Actual Loops": 6, "Index Cond": "(id = ci.movie_id)", "Rows Removed by Index Recheck": 0, "Workers": []}]}]}]}]}]}]}, "Planning Time": 11.507, "Triggers": [], "Execution Time": 1825.029}, {"Plan": {"Node Type": "Aggregate", "Strategy": "Plain", "Partial Mode": "Finalize", "Parallel Aware": false, "Async Capable": false, "Startup Cost": 414781.93, "Total Cost": 414781.94, "Plan Rows": 1, "Plan Width": 96, "Actual Rows": 1, "Actual Loops": 1, "Plans": [{"Node Type": "Gather", "Parent Relationship": "Outer", "Parallel Aware": false, "Async Capable": false, "Startup Cost": 414781.27, "Total Cost": 414781.88, "Plan Rows": 6, "Plan Width": 96, "Actual Rows": 7, "Actual Loops": 1, "Workers Planned": 6, "Workers Launched": 6, "Single Copy": false, "Plans": [{"Node Type": "Aggregate", "Strategy": "Plain", "Partial Mode": "Partial", "Parent Relationship": "Outer", "Parallel Aware": false, "Async Capable": false, "Startup Cost": 413781.27, "Total Cost": 413781.28, "Plan Rows": 1, "Plan Width": 96, "Actual Rows": 1, "Actual Loops": 7, "Workers": [], "Plans": [{"Node Type": "Nested Loop", "Parent Relationship": "Outer", "Parallel Aware": false, "Async Capable": false, "Join Type": "Inner", "Startup Cost": 56375.07, "Total Cost": 413754.14, "Plan Rows": 3618, "Plan Width": 49, "Actual Rows": 2, "Actual Loops": 7, "Inner Unique": true, "Workers": [], "Plans": [{"Node Type": "Hash Join", "Parent Relationship": "Outer", "Parallel Aware": true, "Async Capable": false, "Join Type": "Inner", "Startup Cost": 56374.64, "Total Cost": 408904.49, "Plan Rows": 8669, "Plan Width": 57, "Actual Rows": 2, "Actual Loops": 7, "Inner Unique": false, "Hash Cond": "(ci.person_id = an.person_id)", "Workers": [], "Plans": [{"Node Type": "Nested Loop", "Parent Relationship": "Outer", "Parallel Aware": false, "Async Capable": false, "Join Type": "Inner", "Startup Cost": 38416.63, "Total Cost": 390758.71, "Plan Rows": 4124, "Plan Width": 37, "Actual Rows": 1, "Actual Loops": 7, "Inner Unique": true, "Workers": [], "Plans": [{"Node Type": "Nested Loop", "Parent Relationship": "Outer", "Parallel Aware": false, "Async Capable": false, "Join Type": "Inner", "Startup Cost": 38416.2, "Total Cost": 388625.79, "Plan Rows": 4124, "Plan Width": 28, "Actual Rows": 1, "Actual Loops": 7, "Inner Unique": true, "Workers": [], "Plans": [{"Node Type": "Hash Join", "Parent Relationship": "Outer", "Parallel Aware": true, "Async Capable": false, "Join Type": "Inner", "Startup Cost": 38415.77, "Total Cost": 384174.63, "Plan Rows": 8538, "Plan Width": 16, "Actual Rows": 1, "Actual Loops": 7, "Inner Unique": false, "Hash Cond": "(ci.movie_id = mc.movie_id)", "Workers": [], "Plans": [{"Node Type": "Hash Join", "Parent Relationship": "Outer", "Parallel Aware": false, "Async Capable": false, "Join Type": "Inner", "Startup Cost": 1.16, "Total Cost": 344835.53, "Plan Rows": 35878, "Plan Width": 12, "Actual Rows": 2, "Actual Loops": 7, "Inner Unique": true, "Hash Cond": "(ci.role_id = rt.id)", "Workers": [], "Plans": [{"Node Type": "Seq Scan", "Parent Relationship": "Outer", "Parallel Aware": true, "Async Capable": false, "Relation Name": "cast_info", "Alias": "ci", "Startup Cost": 0.0, "Total Cost": 343305.05, "Plan Rows": 430541, "Plan Width": 16, "Actual Rows": 359532, "Actual Loops": 7, "Filter": "((note)::text = ANY ('{\"(executive producer)\",\"(head writer)\",(producer),\"(story editor)\"}'::text[]))", "Rows Removed by Filter": 4818231, "Workers": []}, {"Node Type": "Hash", "Parent Relationship": "Inner", "Parallel Aware": false, "Async Capable": false, "Startup Cost": 1.15, "Total Cost": 1.15, "Plan Rows": 1, "Plan Width": 4, "Actual Rows": 1, "Actual Loops": 7, "Hash Buckets": 1024, "Original Hash Buckets": 1024, "Hash Batches": 1, "Original Hash Batches": 1, "Peak Memory Usage": 9, "Workers": [], "Plans": [{"Node Type": "Seq Scan", "Parent Relationship": "Outer", "Parallel Aware": false, "Async Capable": false, "Relation Name": "role_type", "Alias": "rt", "Startup Cost": 0.0, "Total Cost": 1.15, "Plan Rows": 1, "Plan Width": 4, "Actual Rows": 1, "Actual Loops": 7, "Filter": "((role)::text = 'actor'::text)", "Rows Removed by Filter": 11, "Workers": []}]}]}, {"Node Type": "Hash", "Parent Relationship": "Inner", "Parallel Aware": true, "Async Capable": false, "Startup Cost": 37419.46, "Total Cost": 37419.46, "Plan Rows": 79612, "Plan Width": 4, "Actual Rows": 86496, "Actual Loops": 7, "Hash Buckets": 1048576, "Original Hash Buckets": 262144, "Hash Batches": 1, "Original Hash Batches": 1, "Peak Memory Usage": 38112, "Workers": [], "Plans": [{"Node Type": "Hash Join", "Parent Relationship": "Outer", "Parallel Aware": true, "Async Capable": false, "Join Type": "Inner", "Startup Cost": 5392.23, "Total Cost": 37419.46, "Plan Rows": 79612, "Plan Width": 4, "Actual Rows": 86496, "Actual Loops": 7, "Inner Unique": true, "Hash Cond": "(mc.company_id = cn.id)", "Workers": [], "Plans": [{"Node Type": "Seq Scan", "Parent Relationship": "Outer", "Parallel Aware": true, "Async Capable": false, "Relation Name": "movie_companies", "Alias": "mc", "Startup Cost": 0.0, "Total Cost": 31448.82, "Plan Rows": 220343, "Plan Width": 8, "Actual Rows": 188475, "Actual Loops": 7, "Filter": "((note IS NOT NULL) AND (((note)::text ~~ '%(as Metro-Goldwyn-Mayer Pictures)%'::text) OR ((note)::text !~~ '%(co-production)%'::text)))", "Rows Removed by Filter": 184258, "Workers": []}, {"Node Type": "Hash", "Parent Relationship": "Inner", "Parallel Aware": true, "Async Capable": false, "Startup Cost": 4767.92, "Total Cost": 4767.92, "Plan Rows": 49945, "Plan Width": 4, "Actual Rows": 12120, "Actual Loops": 7, "Hash Buckets": 131072, "Original Hash Buckets": 131072, "Hash Batches": 1, "Original Hash Batches": 1, "Peak Memory Usage": 4416, "Workers": [], "Plans": [{"Node Type": "Seq Scan", "Parent Relationship": "Outer", "Parallel Aware": true, "Async Capable": false, "Relation Name": "company_name", "Alias": "cn", "Startup Cost": 0.0, "Total Cost": 4767.92, "Plan Rows": 49945, "Plan Width": 4, "Actual Rows": 12120, "Actual Loops": 7, "Filter": "((country_code)::text = '[us]'::text)", "Rows Removed by Filter": 21451, "Workers": []}]}]}]}]}, {"Node Type": "Index Scan", "Parent Relationship": "Inner", "Parallel Aware": false, "Async Capable": false, "Scan Direction": "Forward", "Index Name": "char_name_pkey", "Relation Name": "char_name", "Alias": "chn", "Startup Cost": 0.43, "Total Cost": 0.52, "Plan Rows": 1, "Plan Width": 20, "Actual Rows": 1, "Actual Loops": 6, "Index Cond": "(id = ci.person_role_id)", "Rows Removed by Index Recheck": 0, "Workers": []}]}, {"Node Type": "Index Scan", "Parent Relationship": "Inner", "Parallel Aware": false, "Async Capable": false, "Scan Direction": "Forward", "Index Name": "title_pkey", "Relation Name": "title", "Alias": "t", "Startup Cost": 0.43, "Total Cost": 0.52, "Plan Rows": 1, "Plan Width": 21, "Actual Rows": 1, "Actual Loops": 6, "Index Cond": "(id = ci.movie_id)", "Rows Removed by Index Recheck": 0, "Workers": []}]}, {"Node Type": "Hash", "Parent Relationship": "Inner", "Parallel Aware": true, "Async Capable": false, "Startup Cost": 14323.56, "Total Cost": 14323.56, "Plan Rows": 290756, "Plan Width": 20, "Actual Rows": 128763, "Actual Loops": 7, "Hash Buckets": 1048576, "Original Hash Buckets": 1048576, "Hash Batches": 1, "Original Hash Batches": 1, "Peak Memory Usage": 58144, "Workers": [], "Plans": [{"Node Type": "Seq Scan", "Parent Relationship": "Outer", "Parallel Aware": true, "Async Capable": false, "Relation Name": "aka_name", "Alias": "an", "Startup Cost": 0.0, "Total Cost": 14323.56, "Plan Rows": 290756, "Plan Width": 20, "Actual Rows": 128763, "Actual Loops": 7, "Workers": []}]}]}, {"Node Type": "Index Scan", "Parent Relationship": "Inner", "Parallel Aware": false, "Async Capable": false, "Scan Direction": "Forward", "Index Name": "name_pkey", "Relation Name": "name", "Alias": "n", "Startup Cost": 0.43, "Total Cost": 0.56, "Plan Rows": 1, "Plan Width": 4, "Actual Rows": 1, "Actual Loops": 13, "Index Cond": "(id = ci.person_id)", "Rows Removed by Index Recheck": 0, "Filter": "((gender)::text = 'm'::text)", "Rows Removed by Filter": 0, "Workers": []}]}]}]}]}, "Planning Time": 7.619, "Triggers": [], "Execution Time": 1030.6}, {"Plan": {"Node Type": "Aggregate", "Strategy": "Plain", "Partial Mode": "Finalize", "Parallel Aware": false, "Async Capable": false, "Startup Cost": 410752.81, "Total Cost": 410752.82, "Plan Rows": 1, "Plan Width": 96, "Actual Rows": 1, "Actual Loops": 1, "Plans": [{"Node Type": "Gather", "Parent Relationship": "Outer", "Parallel Aware": false, "Async Capable": false, "Startup Cost": 410752.15, "Total Cost": 410752.76, "Plan Rows": 6, "Plan Width": 96, "Actual Rows": 7, "Actual Loops": 1, "Workers Planned": 6, "Workers Launched": 6, "Single Copy": false, "Plans": [{"Node Type": "Aggregate", "Strategy": "Plain", "Partial Mode": "Partial", "Parent Relationship": "Outer", "Parallel Aware": false, "Async Capable": false, "Startup Cost": 409752.15, "Total Cost": 409752.16, "Plan Rows": 1, "Plan Width": 96, "Actual Rows": 1, "Actual Loops": 7, "Workers": [], "Plans": [{"Node Type": "Hash Join", "Parent Relationship": "Outer", "Parallel Aware": true, "Async Capable": false, "Join Type": "Inner", "Startup Cost": 56375.07, "Total Cost": 409725.02, "Plan Rows": 3618, "Plan Width": 49, "Actual Rows": 2, "Actual Loops": 7, "Inner Unique": false, "Hash Cond": "(n.id = an.person_id)", "Workers": [], "Plans": [{"Node Type": "Nested Loop", "Parent Relationship": "Outer", "Parallel Aware": false, "Async Capable": false, "Join Type": "Inner", "Startup Cost": 38417.06, "Total Cost": 391699.12, "Plan Rows": 1721, "Plan Width": 41, "Actual Rows": 1, "Actual Loops": 7, "Inner Unique": true, "Workers": [], "Plans": [{"Node Type": "Nested Loop", "Parent Relationship": "Outer", "Parallel Aware": false, "Async Capable": false, "Join Type": "Inner", "Startup Cost": 38416.63, "Total Cost": 390809.03, "Plan Rows": 1721, "Plan Width": 32, "Actual Rows": 1, "Actual Loops": 7, "Inner Unique": true, "Workers": [], "Plans": [{"Node Type": "Nested Loop", "Parent Relationship": "Outer", "Parallel Aware": false, "Async Capable": false, "Join Type": "Inner", "Startup Cost": 38416.2, "Total Cost": 388950.99, "Plan Rows": 3564, "Plan Width": 20, "Actual Rows": 1, "Actual Loops": 7, "Inner Unique": true, "Workers": [], "Plans": [{"Node Type": "Hash Join", "Parent Relationship": "Outer", "Parallel Aware": true, "Async Capable": false, "Join Type": "Inner", "Startup Cost": 38415.77, "Total Cost": 384174.63, "Plan Rows": 8538, "Plan Width": 16, "Actual Rows": 1, "Actual Loops": 7, "Inner Unique": false, "Hash Cond": "(ci.movie_id = mc.movie_id)", "Workers": [], "Plans": [{"Node Type": "Hash Join", "Parent Relationship": "Outer", "Parallel Aware": false, "Async Capable": false, "Join Type": "Inner", "Startup Cost": 1.16, "Total Cost": 344835.53, "Plan Rows": 35878, "Plan Width": 12, "Actual Rows": 2, "Actual Loops": 7, "Inner Unique": true, "Hash Cond": "(ci.role_id = rt.id)", "Workers": [], "Plans": [{"Node Type": "Seq Scan", "Parent Relationship": "Outer", "Parallel Aware": true, "Async Capable": false, "Relation Name": "cast_info", "Alias": "ci", "Startup Cost": 0.0, "Total Cost": 343305.05, "Plan Rows": 430541, "Plan Width": 16, "Actual Rows": 359532, "Actual Loops": 7, "Filter": "((note)::text = ANY ('{\"(executive producer)\",\"(head writer)\",(producer),\"(story editor)\"}'::text[]))", "Rows Removed by Filter": 4818231, "Workers": []}, {"Node Type": "Hash", "Parent Relationship": "Inner", "Parallel Aware": false, "Async Capable": false, "Startup Cost": 1.15, "Total Cost": 1.15, "Plan Rows": 1, "Plan Width": 4, "Actual Rows": 1, "Actual Loops": 7, "Hash Buckets": 1024, "Original Hash Buckets": 1024, "Hash Batches": 1, "Original Hash Batches": 1, "Peak Memory Usage": 9, "Workers": [], "Plans": [{"Node Type": "Seq Scan", "Parent Relationship": "Outer", "Parallel Aware": false, "Async Capable": false, "Relation Name": "role_type", "Alias": "rt", "Startup Cost": 0.0, "Total Cost": 1.15, "Plan Rows": 1, "Plan Width": 4, "Actual Rows": 1, "Actual Loops": 7, "Filter": "((role)::text = 'actor'::text)", "Rows Removed by Filter": 11, "Workers": []}]}]}, {"Node Type": "Hash", "Parent Relationship": "Inner", "Parallel Aware": true, "Async Capable": false, "Startup Cost": 37419.46, "Total Cost": 37419.46, "Plan Rows": 79612, "Plan Width": 4, "Actual Rows": 86496, "Actual Loops": 7, "Hash Buckets": 1048576, "Original Hash Buckets": 262144, "Hash Batches": 1, "Original Hash Batches": 1, "Peak Memory Usage": 38176, "Workers": [], "Plans": [{"Node Type": "Hash Join", "Parent Relationship": "Outer", "Parallel Aware": true, "Async Capable": false, "Join Type": "Inner", "Startup Cost": 5392.23, "Total Cost": 37419.46, "Plan Rows": 79612, "Plan Width": 4, "Actual Rows": 86496, "Actual Loops": 7, "Inner Unique": true, "Hash Cond": "(mc.company_id = cn.id)", "Workers": [], "Plans": [{"Node Type": "Seq Scan", "Parent Relationship": "Outer", "Parallel Aware": true, "Async Capable": false, "Relation Name": "movie_companies", "Alias": "mc", "Startup Cost": 0.0, "Total Cost": 31448.82, "Plan Rows": 220343, "Plan Width": 8, "Actual Rows": 188475, "Actual Loops": 7, "Filter": "((note IS NOT NULL) AND (((note)::text ~~ '%(as Metro-Goldwyn-Mayer Pictures)%'::text) OR ((note)::text !~~ '%(co-production)%'::text)))", "Rows Removed by Filter": 184258, "Workers": []}, {"Node Type": "Hash", "Parent Relationship": "Inner", "Parallel Aware": true, "Async Capable": false, "Startup Cost": 4767.92, "Total Cost": 4767.92, "Plan Rows": 49945, "Plan Width": 4, "Actual Rows": 12120, "Actual Loops": 7, "Hash Buckets": 131072, "Original Hash Buckets": 131072, "Hash Batches": 1, "Original Hash Batches": 1, "Peak Memory Usage": 4448, "Workers": [], "Plans": [{"Node Type": "Seq Scan", "Parent Relationship": "Outer", "Parallel Aware": true, "Async Capable": false, "Relation Name": "company_name", "Alias": "cn", "Startup Cost": 0.0, "Total Cost": 4767.92, "Plan Rows": 49945, "Plan Width": 4, "Actual Rows": 12120, "Actual Loops": 7, "Filter": "((country_code)::text = '[us]'::text)", "Rows Removed by Filter": 21451, "Workers": []}]}]}]}]}, {"Node Type": "Index Scan", "Parent Relationship": "Inner", "Parallel Aware": false, "Async Capable": false, "Scan Direction": "Forward", "Index Name": "name_pkey", "Relation Name": "name", "Alias": "n", "Startup Cost": 0.43, "Total Cost": 0.56, "Plan Rows": 1, "Plan Width": 4, "Actual Rows": 1, "Actual Loops": 6, "Index Cond": "(id = ci.person_id)", "Rows Removed by Index Recheck": 0, "Filter": "((gender)::text = 'm'::text)", "Rows Removed by Filter": 0, "Workers": []}]}, {"Node Type": "Index Scan", "Parent Relationship": "Inner", "Parallel Aware": false, "Async Capable": false, "Scan Direction": "Forward", "Index Name": "char_name_pkey", "Relation Name": "char_name", "Alias": "chn", "Startup Cost": 0.43, "Total Cost": 0.52, "Plan Rows": 1, "Plan Width": 20, "Actual Rows": 1, "Actual Loops": 6, "Index Cond": "(id = ci.person_role_id)", "Rows Removed by Index Recheck": 0, "Workers": []}]}, {"Node Type": "Index Scan", "Parent Relationship": "Inner", "Parallel Aware": false, "Async Capable": false, "Scan Direction": "Forward", "Index Name": "title_pkey", "Relation Name": "title", "Alias": "t", "Startup Cost": 0.43, "Total Cost": 0.52, "Plan Rows": 1, "Plan Width": 21, "Actual Rows": 1, "Actual Loops": 6, "Index Cond": "(id = ci.movie_id)", "Rows Removed by Index Recheck": 0, "Workers": []}]}, {"Node Type": "Hash", "Parent Relationship": "Inner", "Parallel Aware": true, "Async Capable": false, "Startup Cost": 14323.56, "Total Cost": 14323.56, "Plan Rows": 290756, "Plan Width": 20, "Actual Rows": 128763, "Actual Loops": 7, "Hash Buckets": 1048576, "Original Hash Buckets": 1048576, "Hash Batches": 1, "Original Hash Batches": 1, "Peak Memory Usage": 58112, "Workers": [], "Plans": [{"Node Type": "Seq Scan", "Parent Relationship": "Outer", "Parallel Aware": true, "Async Capable": false, "Relation Name": "aka_name", "Alias": "an", "Startup Cost": 0.0, "Total Cost": 14323.56, "Plan Rows": 290756, "Plan Width": 20, "Actual Rows": 128763, "Actual Loops": 7, "Workers": []}]}]}]}]}]}, "Planning Time": 6.739, "Triggers": [], "Execution Time": 1030.366}, {"Plan": {"Node Type": "Aggregate", "Strategy": "Plain", "Partial Mode": "Finalize", "Parallel Aware": false, "Async Capable": false, "Startup Cost": 410920.42, "Total Cost": 410920.43, "Plan Rows": 1, "Plan Width": 96, "Actual Rows": 1, "Actual Loops": 1, "Plans": [{"Node Type": "Gather", "Parent Relationship": "Outer", "Parallel Aware": false, "Async Capable": false, "Startup Cost": 410920.08, "Total Cost": 410920.39, "Plan Rows": 3, "Plan Width": 96, "Actual Rows": 4, "Actual Loops": 1, "Workers Planned": 3, "Workers Launched": 3, "Single Copy": false, "Plans": [{"Node Type": "Aggregate", "Strategy": "Plain", "Partial Mode": "Partial", "Parent Relationship": "Outer", "Parallel Aware": false, "Async Capable": false, "Startup Cost": 409920.08, "Total Cost": 409920.09, "Plan Rows": 1, "Plan Width": 96, "Actual Rows": 1, "Actual Loops": 4, "Workers": [], "Plans": [{"Node Type": "Nested Loop", "Parent Relationship": "Outer", "Parallel Aware": false, "Async Capable": false, "Join Type": "Inner", "Startup Cost": 390830.97, "Total Cost": 409867.56, "Plan Rows": 7003, "Plan Width": 49, "Actual Rows": 3, "Actual Loops": 4, "Inner Unique": true, "Workers": [], "Plans": [{"Node Type": "Hash Join", "Parent Relationship": "Outer", "Parallel Aware": true, "Async Capable": false, "Join Type": "Inner", "Startup Cost": 390830.54, "Total Cost": 406245.63, "Plan Rows": 7003, "Plan Width": 40, "Actual Rows": 3, "Actual Loops": 4, "Inner Unique": false, "Hash Cond": "(an.person_id = n.id)", "Workers": [], "Plans": [{"Node Type": "Seq Scan", "Parent Relationship": "Outer", "Parallel Aware": true, "Async Capable": false, "Relation Name": "aka_name", "Alias": "an", "Startup Cost": 0.0, "Total Cost": 14323.56, "Plan Rows": 290756, "Plan Width": 20, "Actual Rows": 225336, "Actual Loops": 4, "Workers": []}, {"Node Type": "Hash", "Parent Relationship": "Inner", "Parallel Aware": true, "Async Capable": false, "Startup Cost": 390809.03, "Total Cost": 390809.03, "Plan Rows": 1721, "Plan Width": 32, "Actual Rows": 2, "Actual Loops": 4, "Hash Buckets": 16384, "Original Hash Buckets": 16384, "Hash Batches": 1, "Original Hash Batches": 1, "Peak Memory Usage": 224, "Workers": [], "Plans": [{"Node Type": "Nested Loop", "Parent Relationship": "Outer", "Parallel Aware": false, "Async Capable": false, "Join Type": "Inner", "Startup Cost": 38416.63, "Total Cost": 390809.03, "Plan Rows": 1721, "Plan Width": 32, "Actual Rows": 2, "Actual Loops": 4, "Inner Unique": true, "Workers": [], "Plans": [{"Node Type": "Nested Loop", "Parent Relationship": "Outer", "Parallel Aware": false, "Async Capable": false, "Join Type": "Inner", "Startup Cost": 38416.2, "Total Cost": 388950.99, "Plan Rows": 3564, "Plan Width": 20, "Actual Rows": 2, "Actual Loops": 4, "Inner Unique": true, "Workers": [], "Plans": [{"Node Type": "Hash Join", "Parent Relationship": "Outer", "Parallel Aware": true, "Async Capable": false, "Join Type": "Inner", "Startup Cost": 38415.77, "Total Cost": 384174.63, "Plan Rows": 8538, "Plan Width": 16, "Actual Rows": 2, "Actual Loops": 4, "Inner Unique": false, "Hash Cond": "(ci.movie_id = mc.movie_id)", "Workers": [], "Plans": [{"Node Type": "Hash Join", "Parent Relationship": "Outer", "Parallel Aware": false, "Async Capable": false, "Join Type": "Inner", "Startup Cost": 1.16, "Total Cost": 344835.53, "Plan Rows": 35878, "Plan Width": 12, "Actual Rows": 4, "Actual Loops": 4, "Inner Unique": true, "Hash Cond": "(ci.role_id = rt.id)", "Workers": [], "Plans": [{"Node Type": "Seq Scan", "Parent Relationship": "Outer", "Parallel Aware": true, "Async Capable": false, "Relation Name": "cast_info", "Alias": "ci", "Startup Cost": 0.0, "Total Cost": 343305.05, "Plan Rows": 430541, "Plan Width": 16, "Actual Rows": 629181, "Actual Loops": 4, "Filter": "((note)::text = ANY ('{\"(executive producer)\",\"(head writer)\",(producer),\"(story editor)\"}'::text[]))", "Rows Removed by Filter": 8431905, "Workers": []}, {"Node Type": "Hash", "Parent Relationship": "Inner", "Parallel Aware": false, "Async Capable": false, "Startup Cost": 1.15, "Total Cost": 1.15, "Plan Rows": 1, "Plan Width": 4, "Actual Rows": 1, "Actual Loops": 4, "Hash Buckets": 1024, "Original Hash Buckets": 1024, "Hash Batches": 1, "Original Hash Batches": 1, "Peak Memory Usage": 9, "Workers": [], "Plans": [{"Node Type": "Seq Scan", "Parent Relationship": "Outer", "Parallel Aware": false, "Async Capable": false, "Relation Name": "role_type", "Alias": "rt", "Startup Cost": 0.0, "Total Cost": 1.15, "Plan Rows": 1, "Plan Width": 4, "Actual Rows": 1, "Actual Loops": 4, "Filter": "((role)::text = 'actor'::text)", "Rows Removed by Filter": 11, "Workers": []}]}]}, {"Node Type": "Hash", "Parent Relationship": "Inner", "Parallel Aware": true, "Async Capable": false, "Startup Cost": 37419.46, "Total Cost": 37419.46, "Plan Rows": 79612, "Plan Width": 4, "Actual Rows": 151368, "Actual Loops": 4, "Hash Buckets": 1048576, "Original Hash Buckets": 262144, "Hash Batches": 1, "Original Hash Batches": 1, "Peak Memory Usage": 38112, "Workers": [], "Plans": [{"Node Type": "Hash Join", "Parent Relationship": "Outer", "Parallel Aware": true, "Async Capable": false, "Join Type": "Inner", "Startup Cost": 5392.23, "Total Cost": 37419.46, "Plan Rows": 79612, "Plan Width": 4, "Actual Rows": 151368, "Actual Loops": 4, "Inner Unique": true, "Hash Cond": "(mc.company_id = cn.id)", "Workers": [], "Plans": [{"Node Type": "Seq Scan", "Parent Relationship": "Outer", "Parallel Aware": true, "Async Capable": false, "Relation Name": "movie_companies", "Alias": "mc", "Startup Cost": 0.0, "Total Cost": 31448.82, "Plan Rows": 220343, "Plan Width": 8, "Actual Rows": 329831, "Actual Loops": 4, "Filter": "((note IS NOT NULL) AND (((note)::text ~~ '%(as Metro-Goldwyn-Mayer Pictures)%'::text) OR ((note)::text !~~ '%(co-production)%'::text)))", "Rows Removed by Filter": 322451, "Workers": []}, {"Node Type": "Hash", "Parent Relationship": "Inner", "Parallel Aware": true, "Async Capable": false, "Startup Cost": 4767.92, "Total Cost": 4767.92, "Plan Rows": 49945, "Plan Width": 4, "Actual Rows": 21211, "Actual Loops": 4, "Hash Buckets": 131072, "Original Hash Buckets": 131072, "Hash Batches": 1, "Original Hash Batches": 1, "Peak Memory Usage": 4416, "Workers": [], "Plans": [{"Node Type": "Seq Scan", "Parent Relationship": "Outer", "Parallel Aware": true, "Async Capable": false, "Relation Name": "company_name", "Alias": "cn", "Startup Cost": 0.0, "Total Cost": 4767.92, "Plan Rows": 49945, "Plan Width": 4, "Actual Rows": 21211, "Actual Loops": 4, "Filter": "((country_code)::text = '[us]'::text)", "Rows Removed by Filter": 37538, "Workers": []}]}]}]}]}, {"Node Type": "Index Scan", "Parent Relationship": "Inner", "Parallel Aware": false, "Async Capable": false, "Scan Direction": "Forward", "Index Name": "name_pkey", "Relation Name": "name", "Alias": "n", "Startup Cost": 0.43, "Total Cost": 0.56, "Plan Rows": 1, "Plan Width": 4, "Actual Rows": 1, "Actual Loops": 6, "Index Cond": "(id = ci.person_id)", "Rows Removed by Index Recheck": 0, "Filter": "((gender)::text = 'm'::text)", "Rows Removed by Filter": 0, "Workers": []}]}, {"Node Type": "Index Scan", "Parent Relationship": "Inner", "Parallel Aware": false, "Async Capable": false, "Scan Direction": "Forward", "Index Name": "char_name_pkey", "Relation Name": "char_name", "Alias": "chn", "Startup Cost": 0.43, "Total Cost": 0.52, "Plan Rows": 1, "Plan Width": 20, "Actual Rows": 1, "Actual Loops": 6, "Index Cond": "(id = ci.person_role_id)", "Rows Removed by Index Recheck": 0, "Workers": []}]}]}]}, {"Node Type": "Index Scan", "Parent Relationship": "Inner", "Parallel Aware": false, "Async Capable": false, "Scan Direction": "Forward", "Index Name": "title_pkey", "Relation Name": "title", "Alias": "t", "Startup Cost": 0.43, "Total Cost": 0.52, "Plan Rows": 1, "Plan Width": 21, "Actual Rows": 1, "Actual Loops": 13, "Index Cond": "(id = ci.movie_id)", "Rows Removed by Index Recheck": 0, "Workers": []}]}]}]}]}, "Planning Time": 9.552, "Triggers": [], "Execution Time": 1820.727}, {"Plan": {"Node Type": "Aggregate", "Strategy": "Plain", "Partial Mode": "Finalize", "Parallel Aware": false, "Async Capable": false, "Startup Cost": 478248.72, "Total Cost": 478248.73, "Plan Rows": 1, "Plan Width": 96, "Actual Rows": 1, "Actual Loops": 1, "Plans": [{"Node Type": "Gather", "Parent Relationship": "Outer", "Parallel Aware": false, "Async Capable": false, "Startup Cost": 478248.39, "Total Cost": 478248.7, "Plan Rows": 3, "Plan Width": 96, "Actual Rows": 4, "Actual Loops": 1, "Workers Planned": 3, "Workers Launched": 3, "Single Copy": false, "Plans": [{"Node Type": "Aggregate", "Strategy": "Plain", "Partial Mode": "Partial", "Parent Relationship": "Outer", "Parallel Aware": false, "Async Capable": false, "Startup Cost": 477248.39, "Total Cost": 477248.4, "Plan Rows": 1, "Plan Width": 96, "Actual Rows": 1, "Actual Loops": 4, "Workers": [], "Plans": [{"Node Type": "Hash Join", "Parent Relationship": "Outer", "Parallel Aware": true, "Async Capable": false, "Join Type": "Inner", "Startup Cost": 461657.29, "Total Cost": 477195.86, "Plan Rows": 7003, "Plan Width": 49, "Actual Rows": 3, "Actual Loops": 4, "Inner Unique": false, "Hash Cond": "(ci.movie_id = t.id)", "Workers": [], "Plans": [{"Node Type": "Hash Join", "Parent Relationship": "Outer", "Parallel Aware": true, "Async Capable": false, "Join Type": "Inner", "Startup Cost": 372803.94, "Total Cost": 388222.89, "Plan Rows": 29429, "Plan Width": 36, "Actual Rows": 4, "Actual Loops": 4, "Inner Unique": false, "Hash Cond": "(an.person_id = n.id)", "Workers": [], "Plans": [{"Node Type": "Seq Scan", "Parent Relationship": "Outer", "Parallel Aware": true, "Async Capable": false, "Relation Name": "aka_name", "Alias": "an", "Startup Cost": 0.0, "Total Cost": 14323.56, "Plan Rows": 290756, "Plan Width": 20, "Actual Rows": 225336, "Actual Loops": 4, "Workers": []}, {"Node Type": "Hash", "Parent Relationship": "Inner", "Parallel Aware": true, "Async Capable": false, "Startup Cost": 372713.53, "Total Cost": 372713.53, "Plan Rows": 7233, "Plan Width": 28, "Actual Rows": 4, "Actual Loops": 4, "Hash Buckets": 65536, "Original Hash Buckets": 65536, "Hash Batches": 1, "Original Hash Batches": 1, "Peak Memory Usage": 640, "Workers": [], "Plans": [{"Node Type": "Nested Loop", "Parent Relationship": "Outer", "Parallel Aware": false, "Async Capable": false, "Join Type": "Inner", "Startup Cost": 2.02, "Total Cost": 372713.53, "Plan Rows": 7233, "Plan Width": 28, "Actual Rows": 4, "Actual Loops": 4, "Inner Unique": true, "Workers": [], "Plans": [{"Node Type": "Nested Loop", "Parent Relationship": "Outer", "Parallel Aware": false, "Async Capable": false, "Join Type": "Inner", "Startup Cost": 1.59, "Total Cost": 364906.53, "Plan Rows": 14975, "Plan Width": 16, "Actual Rows": 4, "Actual Loops": 4, "Inner Unique": true, "Workers": [], "Plans": [{"Node Type": "Hash Join", "Parent Relationship": "Outer", "Parallel Aware": false, "Async Capable": false, "Join Type": "Inner", "Startup Cost": 1.16, "Total Cost": 344835.53, "Plan Rows": 35878, "Plan Width": 12, "Actual Rows": 4, "Actual Loops": 4, "Inner Unique": true, "Hash Cond": "(ci.role_id = rt.id)", "Workers": [], "Plans": [{"Node Type": "Seq Scan", "Parent Relationship": "Outer", "Parallel Aware": true, "Async Capable": false, "Relation Name": "cast_info", "Alias": "ci", "Startup Cost": 0.0, "Total Cost": 343305.05, "Plan Rows": 430541, "Plan Width": 16, "Actual Rows": 629181, "Actual Loops": 4, "Filter": "((note)::text = ANY ('{\"(executive producer)\",\"(head writer)\",(producer),\"(story editor)\"}'::text[]))", "Rows Removed by Filter": 8431905, "Workers": []}, {"Node Type": "Hash", "Parent Relationship": "Inner", "Parallel Aware": false, "Async Capable": false, "Startup Cost": 1.15, "Total Cost": 1.15, "Plan Rows": 1, "Plan Width": 4, "Actual Rows": 1, "Actual Loops": 4, "Hash Buckets": 1024, "Original Hash Buckets": 1024, "Hash Batches": 1, "Original Hash Batches": 1, "Peak Memory Usage": 9, "Workers": [], "Plans": [{"Node Type": "Seq Scan", "Parent Relationship": "Outer", "Parallel Aware": false, "Async Capable": false, "Relation Name": "role_type", "Alias": "rt", "Startup Cost": 0.0, "Total Cost": 1.15, "Plan Rows": 1, "Plan Width": 4, "Actual Rows": 1, "Actual Loops": 4, "Filter": "((role)::text = 'actor'::text)", "Rows Removed by Filter": 11, "Workers": []}]}]}, {"Node Type": "Index Scan", "Parent Relationship": "Inner", "Parallel Aware": false, "Async Capable": false, "Scan Direction": "Forward", "Index Name": "name_pkey", "Relation Name": "name", "Alias": "n", "Startup Cost": 0.43, "Total Cost": 0.56, "Plan Rows": 1, "Plan Width": 4, "Actual Rows": 1, "Actual Loops": 14, "Index Cond": "(id = ci.person_id)", "Rows Removed by Index Recheck": 0, "Filter": "((gender)::text = 'm'::text)", "Rows Removed by Filter": 0, "Workers": []}]}, {"Node Type": "Index Scan", "Parent Relationship": "Inner", "Parallel Aware": false, "Async Capable": false, "Scan Direction": "Forward", "Index Name": "char_name_pkey", "Relation Name": "char_name", "Alias": "chn", "Startup Cost": 0.43, "Total Cost": 0.52, "Plan Rows": 1, "Plan Width": 20, "Actual Rows": 1, "Actual Loops": 14, "Index Cond": "(id = ci.person_role_id)", "Rows Removed by Index Recheck": 0, "Workers": []}]}]}]}, {"Node Type": "Hash", "Parent Relationship": "Inner", "Parallel Aware": true, "Async Capable": false, "Startup Cost": 87858.2, "Total Cost": 87858.2, "Plan Rows": 79612, "Plan Width": 25, "Actual Rows": 151368, "Actual Loops": 4, "Hash Buckets": 1048576, "Original Hash Buckets": 262144, "Hash Batches": 1, "Original Hash Batches": 1, "Peak Memory Usage": 51520, "Workers": [], "Plans": [{"Node Type": "Hash Join", "Parent Relationship": "Outer", "Parallel Aware": true, "Async Capable": false, "Join Type": "Inner", "Startup Cost": 55621.99, "Total Cost": 87858.2, "Plan Rows": 79612, "Plan Width": 25, "Actual Rows": 151368, "Actual Loops": 4, "Inner Unique": true, "Hash Cond": "(mc.movie_id = t.id)", "Workers": [], "Plans": [{"Node Type": "Hash Join", "Parent Relationship": "Outer", "Parallel Aware": true, "Async Capable": false, "Join Type": "Inner", "Startup Cost": 5392.23, "Total Cost": 37419.46, "Plan Rows": 79612, "Plan Width": 4, "Actual Rows": 151368, "Actual Loops": 4, "Inner Unique": true, "Hash Cond": "(mc.company_id = cn.id)", "Workers": [], "Plans": [{"Node Type": "Seq Scan", "Parent Relationship": "Outer", "Parallel Aware": true, "Async Capable": false, "Relation Name": "movie_companies", "Alias": "mc", "Startup Cost": 0.0, "Total Cost": 31448.82, "Plan Rows": 220343, "Plan Width": 8, "Actual Rows": 329831, "Actual Loops": 4, "Filter": "((note IS NOT NULL) AND (((note)::text ~~ '%(as Metro-Goldwyn-Mayer Pictures)%'::text) OR ((note)::text !~~ '%(co-production)%'::text)))", "Rows Removed by Filter": 322451, "Workers": []}, {"Node Type": "Hash", "Parent Relationship": "Inner", "Parallel Aware": true, "Async Capable": false, "Startup Cost": 4767.92, "Total Cost": 4767.92, "Plan Rows": 49945, "Plan Width": 4, "Actual Rows": 21211, "Actual Loops": 4, "Hash Buckets": 131072, "Original Hash Buckets": 131072, "Hash Batches": 1, "Original Hash Batches": 1, "Peak Memory Usage": 4384, "Workers": [], "Plans": [{"Node Type": "Seq Scan", "Parent Relationship": "Outer", "Parallel Aware": true, "Async Capable": false, "Relation Name": "company_name", "Alias": "cn", "Startup Cost": 0.0, "Total Cost": 4767.92, "Plan Rows": 49945, "Plan Width": 4, "Actual Rows": 21211, "Actual Loops": 4, "Filter": "((country_code)::text = '[us]'::text)", "Rows Removed by Filter": 37538, "Workers": []}]}]}, {"Node Type": "Hash", "Parent Relationship": "Inner", "Parallel Aware": true, "Async Capable": false, "Startup Cost": 42328.78, "Total Cost": 42328.78, "Plan Rows": 632078, "Plan Width": 21, "Actual Rows": 632078, "Actual Loops": 4, "Hash Buckets": 4194304, "Original Hash Buckets": 4194304, "Hash Batches": 1, "Original Hash Batches": 1, "Peak Memory Usage": 174816, "Workers": [], "Plans": [{"Node Type": "Seq Scan", "Parent Relationship": "Outer", "Parallel Aware": true, "Async Capable": false, "Relation Name": "title", "Alias": "t", "Startup Cost": 0.0, "Total Cost": 42328.78, "Plan Rows": 632078, "Plan Width": 21, "Actual Rows": 632078, "Actual Loops": 4, "Workers": []}]}]}]}]}]}]}]}, "Planning Time": 5.189, "Triggers": [], "Execution Time": 2829.187}, {"Plan": {"Node Type": "Aggregate", "Strategy": "Plain", "Partial Mode": "Simple", "Parallel Aware": false, "Async Capable": false, "Startup Cost": 552278.73, "Total Cost": 552278.74, "Plan Rows": 1, "Plan Width": 96, "Actual Rows": 1, "Actual Loops": 1, "Plans": [{"Node Type": "Merge Join", "Parent Relationship": "Outer", "Parallel Aware": false, "Async Capable": false, "Join Type": "Inner", "Startup Cost": 415232.0, "Total Cost": 552115.91, "Plan Rows": 21710, "Plan Width": 49, "Actual Rows": 13, "Actual Loops": 1, "Inner Unique": false, "Merge Cond": "(chn.id = ci.person_role_id)", "Plans": [{"Node Type": "Index Scan", "Parent Relationship": "Outer", "Parallel Aware": false, "Async Capable": false, "Scan Direction": "Forward", "Index Name": "char_name_pkey", "Relation Name": "char_name", "Alias": "chn", "Startup Cost": 0.43, "Total Cost": 128716.01, "Plan Rows": 3140339, "Plan Width": 20, "Actual Rows": 2, "Actual Loops": 1}, {"Node Type": "Sort", "Parent Relationship": "Inner", "Parallel Aware": false, "Async Capable": false, "Startup Cost": 415223.4, "Total Cost": 415335.77, "Plan Rows": 44947, "Plan Width": 37, "Actual Rows": 13, "Actual Loops": 1, "Sort Key": ["ci.person_role_id"], "Sort Method": "quicksort", "Sort Space Used": 26, "Sort Space Type": "Memory", "Plans": [{"Node Type": "Gather", "Parent Relationship": "Outer", "Parallel Aware": false, "Async Capable": false, "Startup Cost": 391838.83, "Total Cost": 411749.91, "Plan Rows": 44947, "Plan Width": 37, "Actual Rows": 13, "Actual Loops": 1, "Workers Planned": 3, "Workers Launched": 3, "Single Copy": false, "Plans": [{"Node Type": "Hash Join", "Parent Relationship": "Outer", "Parallel Aware": true, "Async Capable": false, "Join Type": "Inner", "Startup Cost": 390838.83, "Total Cost": 406255.21, "Plan Rows": 14499, "Plan Width": 37, "Actual Rows": 3, "Actual Loops": 4, "Inner Unique": false, "Hash Cond": "(an.person_id = n.id)", "Workers": [], "Plans": [{"Node Type": "Seq Scan", "Parent Relationship": "Outer", "Parallel Aware": true, "Async Capable": false, "Relation Name": "aka_name", "Alias": "an", "Startup Cost": 0.0, "Total Cost": 14323.56, "Plan Rows": 290756, "Plan Width": 20, "Actual Rows": 225336, "Actual Loops": 4, "Workers": []}, {"Node Type": "Hash", "Parent Relationship": "Inner", "Parallel Aware": true, "Async Capable": false, "Startup Cost": 390794.28, "Total Cost": 390794.28, "Plan Rows": 3564, "Plan Width": 29, "Actual Rows": 2, "Actual Loops": 4, "Hash Buckets": 32768, "Original Hash Buckets": 32768, "Hash Batches": 1, "Original Hash Batches": 1, "Peak Memory Usage": 352, "Workers": [], "Plans": [{"Node Type": "Nested Loop", "Parent Relationship": "Outer", "Parallel Aware": false, "Async Capable": false, "Join Type": "Inner", "Startup Cost": 38416.63, "Total Cost": 390794.28, "Plan Rows": 3564, "Plan Width": 29, "Actual Rows": 2, "Actual Loops": 4, "Inner Unique": true, "Workers": [], "Plans": [{"Node Type": "Nested Loop", "Parent Relationship": "Outer", "Parallel Aware": false, "Async Capable": false, "Join Type": "Inner", "Startup Cost": 38416.2, "Total Cost": 388950.99, "Plan Rows": 3564, "Plan Width": 20, "Actual Rows": 2, "Actual Loops": 4, "Inner Unique": true, "Workers": [], "Plans": [{"Node Type": "Hash Join", "Parent Relationship": "Outer", "Parallel Aware": true, "Async Capable": false, "Join Type": "Inner", "Startup Cost": 38415.77, "Total Cost": 384174.63, "Plan Rows": 8538, "Plan Width": 16, "Actual Rows": 2, "Actual Loops": 4, "Inner Unique": false, "Hash Cond": "(ci.movie_id = mc.movie_id)", "Workers": [], "Plans": [{"Node Type": "Hash Join", "Parent Relationship": "Outer", "Parallel Aware": false, "Async Capable": false, "Join Type": "Inner", "Startup Cost": 1.16, "Total Cost": 344835.53, "Plan Rows": 35878, "Plan Width": 12, "Actual Rows": 4, "Actual Loops": 4, "Inner Unique": true, "Hash Cond": "(ci.role_id = rt.id)", "Workers": [], "Plans": [{"Node Type": "Seq Scan", "Parent Relationship": "Outer", "Parallel Aware": true, "Async Capable": false, "Relation Name": "cast_info", "Alias": "ci", "Startup Cost": 0.0, "Total Cost": 343305.05, "Plan Rows": 430541, "Plan Width": 16, "Actual Rows": 629181, "Actual Loops": 4, "Filter": "((note)::text = ANY ('{\"(executive producer)\",\"(head writer)\",(producer),\"(story editor)\"}'::text[]))", "Rows Removed by Filter": 8431905, "Workers": []}, {"Node Type": "Hash", "Parent Relationship": "Inner", "Parallel Aware": false, "Async Capable": false, "Startup Cost": 1.15, "Total Cost": 1.15, "Plan Rows": 1, "Plan Width": 4, "Actual Rows": 1, "Actual Loops": 4, "Hash Buckets": 1024, "Original Hash Buckets": 1024, "Hash Batches": 1, "Original Hash Batches": 1, "Peak Memory Usage": 9, "Workers": [], "Plans": [{"Node Type": "Seq Scan", "Parent Relationship": "Outer", "Parallel Aware": false, "Async Capable": false, "Relation Name": "role_type", "Alias": "rt", "Startup Cost": 0.0, "Total Cost": 1.15, "Plan Rows": 1, "Plan Width": 4, "Actual Rows": 1, "Actual Loops": 4, "Filter": "((role)::text = 'actor'::text)", "Rows Removed by Filter": 11, "Workers": []}]}]}, {"Node Type": "Hash", "Parent Relationship": "Inner", "Parallel Aware": true, "Async Capable": false, "Startup Cost": 37419.46, "Total Cost": 37419.46, "Plan Rows": 79612, "Plan Width": 4, "Actual Rows": 151368, "Actual Loops": 4, "Hash Buckets": 1048576, "Original Hash Buckets": 262144, "Hash Batches": 1, "Original Hash Batches": 1, "Peak Memory Usage": 38080, "Workers": [], "Plans": [{"Node Type": "Hash Join", "Parent Relationship": "Outer", "Parallel Aware": true, "Async Capable": false, "Join Type": "Inner", "Startup Cost": 5392.23, "Total Cost": 37419.46, "Plan Rows": 79612, "Plan Width": 4, "Actual Rows": 151368, "Actual Loops": 4, "Inner Unique": true, "Hash Cond": "(mc.company_id = cn.id)", "Workers": [], "Plans": [{"Node Type": "Seq Scan", "Parent Relationship": "Outer", "Parallel Aware": true, "Async Capable": false, "Relation Name": "movie_companies", "Alias": "mc", "Startup Cost": 0.0, "Total Cost": 31448.82, "Plan Rows": 220343, "Plan Width": 8, "Actual Rows": 329831, "Actual Loops": 4, "Filter": "((note IS NOT NULL) AND (((note)::text ~~ '%(as Metro-Goldwyn-Mayer Pictures)%'::text) OR ((note)::text !~~ '%(co-production)%'::text)))", "Rows Removed by Filter": 322451, "Workers": []}, {"Node Type": "Hash", "Parent Relationship": "Inner", "Parallel Aware": true, "Async Capable": false, "Startup Cost": 4767.92, "Total Cost": 4767.92, "Plan Rows": 49945, "Plan Width": 4, "Actual Rows": 21211, "Actual Loops": 4, "Hash Buckets": 131072, "Original Hash Buckets": 131072, "Hash Batches": 1, "Original Hash Batches": 1, "Peak Memory Usage": 4384, "Workers": [], "Plans": [{"Node Type": "Seq Scan", "Parent Relationship": "Outer", "Parallel Aware": true, "Async Capable": false, "Relation Name": "company_name", "Alias": "cn", "Startup Cost": 0.0, "Total Cost": 4767.92, "Plan Rows": 49945, "Plan Width": 4, "Actual Rows": 21211, "Actual Loops": 4, "Filter": "((country_code)::text = '[us]'::text)", "Rows Removed by Filter": 37538, "Workers": []}]}]}]}]}, {"Node Type": "Index Scan", "Parent Relationship": "Inner", "Parallel Aware": false, "Async Capable": false, "Scan Direction": "Forward", "Index Name": "name_pkey", "Relation Name": "name", "Alias": "n", "Startup Cost": 0.43, "Total Cost": 0.56, "Plan Rows": 1, "Plan Width": 4, "Actual Rows": 1, "Actual Loops": 6, "Index Cond": "(id = ci.person_id)", "Rows Removed by Index Recheck": 0, "Filter": "((gender)::text = 'm'::text)", "Rows Removed by Filter": 0, "Workers": []}]}, {"Node Type": "Index Scan", "Parent Relationship": "Inner", "Parallel Aware": false, "Async Capable": false, "Scan Direction": "Forward", "Index Name": "title_pkey", "Relation Name": "title", "Alias": "t", "Startup Cost": 0.43, "Total Cost": 0.52, "Plan Rows": 1, "Plan Width": 21, "Actual Rows": 1, "Actual Loops": 6, "Index Cond": "(id = ci.movie_id)", "Rows Removed by Index Recheck": 0, "Workers": []}]}]}]}]}]}]}]}, "Planning Time": 9.795, "Triggers": [], "Execution Time": 1807.369}, {"Plan": {"Node Type": "Aggregate", "Strategy": "Plain", "Partial Mode": "Finalize", "Parallel Aware": false, "Async Capable": false, "Startup Cost": 497223.59, "Total Cost": 497223.6, "Plan Rows": 1, "Plan Width": 96, "Actual Rows": 1, "Actual Loops": 1, "Plans": [{"Node Type": "Gather", "Parent Relationship": "Outer", "Parallel Aware": false, "Async Capable": false, "Startup Cost": 497223.15, "Total Cost": 497223.56, "Plan Rows": 4, "Plan Width": 96, "Actual Rows": 5, "Actual Loops": 1, "Workers Planned": 4, "Workers Launched": 4, "Single Copy": false, "Plans": [{"Node Type": "Aggregate", "Strategy": "Plain", "Partial Mode": "Partial", "Parent Relationship": "Outer", "Parallel Aware": false, "Async Capable": false, "Startup Cost": 496223.15, "Total Cost": 496223.16, "Plan Rows": 1, "Plan Width": 96, "Actual Rows": 1, "Actual Loops": 5, "Workers": [], "Plans": [{"Node Type": "Hash Join", "Parent Relationship": "Outer", "Parallel Aware": true, "Async Capable": false, "Join Type": "Inner", "Startup Cost": 409012.86, "Total Cost": 496182.44, "Plan Rows": 5428, "Plan Width": 49, "Actual Rows": 3, "Actual Loops": 5, "Inner Unique": false, "Hash Cond": "(n.id = ci.person_id)", "Workers": [], "Plans": [{"Node Type": "Seq Scan", "Parent Relationship": "Outer", "Parallel Aware": true, "Async Capable": false, "Relation Name": "name", "Alias": "n", "Startup Cost": 0.0, "Total Cost": 68679.41, "Plan Rows": 434850, "Plan Width": 4, "Actual Rows": 347916, "Actual Loops": 5, "Filter": "((gender)::text = 'm'::text)", "Rows Removed by Filter": 485582, "Workers": []}, {"Node Type": "Hash", "Parent Relationship": "Inner", "Parallel Aware": true, "Async Capable": false, "Startup Cost": 408904.49, "Total Cost": 408904.49, "Plan Rows": 8669, "Plan Width": 57, "Actual Rows": 3, "Actual Loops": 5, "Hash Buckets": 65536, "Original Hash Buckets": 65536, "Hash Batches": 1, "Original Hash Batches": 1, "Peak Memory Usage": 576, "Workers": [], "Plans": [{"Node Type": "Hash Join", "Parent Relationship": "Outer", "Parallel Aware": true, "Async Capable": false, "Join Type": "Inner", "Startup Cost": 56374.64, "Total Cost": 408904.49, "Plan Rows": 8669, "Plan Width": 57, "Actual Rows": 3, "Actual Loops": 5, "Inner Unique": false, "Hash Cond": "(ci.person_id = an.person_id)", "Workers": [], "Plans": [{"Node Type": "Nested Loop", "Parent Relationship": "Outer", "Parallel Aware": false, "Async Capable": false, "Join Type": "Inner", "Startup Cost": 38416.63, "Total Cost": 390758.71, "Plan Rows": 4124, "Plan Width": 37, "Actual Rows": 1, "Actual Loops": 5, "Inner Unique": true, "Workers": [], "Plans": [{"Node Type": "Nested Loop", "Parent Relationship": "Outer", "Parallel Aware": false, "Async Capable": false, "Join Type": "Inner", "Startup Cost": 38416.2, "Total Cost": 388625.79, "Plan Rows": 4124, "Plan Width": 28, "Actual Rows": 1, "Actual Loops": 5, "Inner Unique": true, "Workers": [], "Plans": [{"Node Type": "Hash Join", "Parent Relationship": "Outer", "Parallel Aware": true, "Async Capable": false, "Join Type": "Inner", "Startup Cost": 38415.77, "Total Cost": 384174.63, "Plan Rows": 8538, "Plan Width": 16, "Actual Rows": 1, "Actual Loops": 5, "Inner Unique": false, "Hash Cond": "(ci.movie_id = mc.movie_id)", "Workers": [], "Plans": [{"Node Type": "Hash Join", "Parent Relationship": "Outer", "Parallel Aware": false, "Async Capable": false, "Join Type": "Inner", "Startup Cost": 1.16, "Total Cost": 344835.53, "Plan Rows": 35878, "Plan Width": 12, "Actual Rows": 3, "Actual Loops": 5, "Inner Unique": true, "Hash Cond": "(ci.role_id = rt.id)", "Workers": [], "Plans": [{"Node Type": "Seq Scan", "Parent Relationship": "Outer", "Parallel Aware": true, "Async Capable": false, "Relation Name": "cast_info", "Alias": "ci", "Startup Cost": 0.0, "Total Cost": 343305.05, "Plan Rows": 430541, "Plan Width": 16, "Actual Rows": 503345, "Actual Loops": 5, "Filter": "((note)::text = ANY ('{\"(executive producer)\",\"(head writer)\",(producer),\"(story editor)\"}'::text[]))", "Rows Removed by Filter": 6745524, "Workers": []}, {"Node Type": "Hash", "Parent Relationship": "Inner", "Parallel Aware": false, "Async Capable": false, "Startup Cost": 1.15, "Total Cost": 1.15, "Plan Rows": 1, "Plan Width": 4, "Actual Rows": 1, "Actual Loops": 5, "Hash Buckets": 1024, "Original Hash Buckets": 1024, "Hash Batches": 1, "Original Hash Batches": 1, "Peak Memory Usage": 9, "Workers": [], "Plans": [{"Node Type": "Seq Scan", "Parent Relationship": "Outer", "Parallel Aware": false, "Async Capable": false, "Relation Name": "role_type", "Alias": "rt", "Startup Cost": 0.0, "Total Cost": 1.15, "Plan Rows": 1, "Plan Width": 4, "Actual Rows": 1, "Actual Loops": 5, "Filter": "((role)::text = 'actor'::text)", "Rows Removed by Filter": 11, "Workers": []}]}]}, {"Node Type": "Hash", "Parent Relationship": "Inner", "Parallel Aware": true, "Async Capable": false, "Startup Cost": 37419.46, "Total Cost": 37419.46, "Plan Rows": 79612, "Plan Width": 4, "Actual Rows": 121094, "Actual Loops": 5, "Hash Buckets": 1048576, "Original Hash Buckets": 262144, "Hash Batches": 1, "Original Hash Batches": 1, "Peak Memory Usage": 38080, "Workers": [], "Plans": [{"Node Type": "Hash Join", "Parent Relationship": "Outer", "Parallel Aware": true, "Async Capable": false, "Join Type": "Inner", "Startup Cost": 5392.23, "Total Cost": 37419.46, "Plan Rows": 79612, "Plan Width": 4, "Actual Rows": 121094, "Actual Loops": 5, "Inner Unique": true, "Hash Cond": "(mc.company_id = cn.id)", "Workers": [], "Plans": [{"Node Type": "Seq Scan", "Parent Relationship": "Outer", "Parallel Aware": true, "Async Capable": false, "Relation Name": "movie_companies", "Alias": "mc", "Startup Cost": 0.0, "Total Cost": 31448.82, "Plan Rows": 220343, "Plan Width": 8, "Actual Rows": 263865, "Actual Loops": 5, "Filter": "((note IS NOT NULL) AND (((note)::text ~~ '%(as Metro-Goldwyn-Mayer Pictures)%'::text) OR ((note)::text !~~ '%(co-production)%'::text)))", "Rows Removed by Filter": 257961, "Workers": []}, {"Node Type": "Hash", "Parent Relationship": "Inner", "Parallel Aware": true, "Async Capable": false, "Startup Cost": 4767.92, "Total Cost": 4767.92, "Plan Rows": 49945, "Plan Width": 4, "Actual Rows": 16969, "Actual Loops": 5, "Hash Buckets": 131072, "Original Hash Buckets": 131072, "Hash Batches": 1, "Original Hash Batches": 1, "Peak Memory Usage": 4480, "Workers": [], "Plans": [{"Node Type": "Seq Scan", "Parent Relationship": "Outer", "Parallel Aware": true, "Async Capable": false, "Relation Name": "company_name", "Alias": "cn", "Startup Cost": 0.0, "Total Cost": 4767.92, "Plan Rows": 49945, "Plan Width": 4, "Actual Rows": 16969, "Actual Loops": 5, "Filter": "((country_code)::text = '[us]'::text)", "Rows Removed by Filter": 30031, "Workers": []}]}]}]}]}, {"Node Type": "Index Scan", "Parent Relationship": "Inner", "Parallel Aware": false, "Async Capable": false, "Scan Direction": "Forward", "Index Name": "char_name_pkey", "Relation Name": "char_name", "Alias": "chn", "Startup Cost": 0.43, "Total Cost": 0.52, "Plan Rows": 1, "Plan Width": 20, "Actual Rows": 1, "Actual Loops": 6, "Index Cond": "(id = ci.person_role_id)", "Rows Removed by Index Recheck": 0, "Workers": []}]}, {"Node Type": "Index Scan", "Parent Relationship": "Inner", "Parallel Aware": false, "Async Capable": false, "Scan Direction": "Forward", "Index Name": "title_pkey", "Relation Name": "title", "Alias": "t", "Startup Cost": 0.43, "Total Cost": 0.52, "Plan Rows": 1, "Plan Width": 21, "Actual Rows": 1, "Actual Loops": 6, "Index Cond": "(id = ci.movie_id)", "Rows Removed by Index Recheck": 0, "Workers": []}]}, {"Node Type": "Hash", "Parent Relationship": "Inner", "Parallel Aware": true, "Async Capable": false, "Startup Cost": 14323.56, "Total Cost": 14323.56, "Plan Rows": 290756, "Plan Width": 20, "Actual Rows": 180269, "Actual Loops": 5, "Hash Buckets": 1048576, "Original Hash Buckets": 1048576, "Hash Batches": 1, "Original Hash Batches": 1, "Peak Memory Usage": 58080, "Workers": [], "Plans": [{"Node Type": "Seq Scan", "Parent Relationship": "Outer", "Parallel Aware": true, "Async Capable": false, "Relation Name": "aka_name", "Alias": "an", "Startup Cost": 0.0, "Total Cost": 14323.56, "Plan Rows": 290756, "Plan Width": 20, "Actual Rows": 180269, "Actual Loops": 5, "Workers": []}]}]}]}]}]}]}]}, "Planning Time": 9.441, "Triggers": [], "Execution Time": 1724.793}, {"Plan": {"Node Type": "Aggregate", "Strategy": "Plain", "Partial Mode": "Simple", "Parallel Aware": false, "Async Capable": false, "Startup Cost": 521139.96, "Total Cost": 521139.97, "Plan Rows": 1, "Plan Width": 96, "Actual Rows": 1, "Actual Loops": 1, "Plans": [{"Node Type": "Nested Loop", "Parent Relationship": "Outer", "Parallel Aware": false, "Async Capable": false, "Join Type": "Inner", "Startup Cost": 476239.07, "Total Cost": 520977.13, "Plan Rows": 21710, "Plan Width": 49, "Actual Rows": 13, "Actual Loops": 1, "Inner Unique": false, "Join Filter": "(rt.id = ci.role_id)", "Rows Removed by Join Filter": 0, "Plans": [{"Node Type": "Seq Scan", "Parent Relationship": "Outer", "Parallel Aware": false, "Async Capable": false, "Relation Name": "role_type", "Alias": "rt", "Startup Cost": 0.0, "Total Cost": 1.15, "Plan Rows": 1, "Plan Width": 4, "Actual Rows": 1, "Actual Loops": 1, "Filter": "((role)::text = 'actor'::text)", "Rows Removed by Filter": 11}, {"Node Type": "Gather", "Parent Relationship": "Inner", "Parallel Aware": false, "Async Capable": false, "Startup Cost": 476239.07, "Total Cost": 517719.47, "Plan Rows": 260521, "Plan Width": 53, "Actual Rows": 13, "Actual Loops": 1, "Workers Planned": 3, "Workers Launched": 3, "Single Copy": false, "Plans": [{"Node Type": "Hash Join", "Parent Relationship": "Outer", "Parallel Aware": true, "Async Capable": false, "Join Type": "Inner", "Startup Cost": 475239.07, "Total Cost": 490667.37, "Plan Rows": 84039, "Plan Width": 53, "Actual Rows": 3, "Actual Loops": 4, "Inner Unique": false, "Hash Cond": "(an.person_id = n.id)", "Workers": [], "Plans": [{"Node Type": "Seq Scan", "Parent Relationship": "Outer", "Parallel Aware": true, "Async Capable": false, "Relation Name": "aka_name", "Alias": "an", "Startup Cost": 0.0, "Total Cost": 14323.56, "Plan Rows": 290756, "Plan Width": 20, "Actual Rows": 225336, "Actual Loops": 4, "Workers": []}, {"Node Type": "Hash", "Parent Relationship": "Inner", "Parallel Aware": true, "Async Capable": false, "Startup Cost": 474980.88, "Total Cost": 474980.88, "Plan Rows": 20655, "Plan Width": 45, "Actual Rows": 2, "Actual Loops": 4, "Hash Buckets": 131072, "Original Hash Buckets": 131072, "Hash Batches": 1, "Original Hash Batches": 1, "Peak Memory Usage": 1120, "Workers": [], "Plans": [{"Node Type": "Nested Loop", "Parent Relationship": "Outer", "Parallel Aware": false, "Async Capable": false, "Join Type": "Inner", "Startup Cost": 38415.91, "Total Cost": 474980.88, "Plan Rows": 20655, "Plan Width": 45, "Actual Rows": 2, "Actual Loops": 4, "Inner Unique": true, "Workers": [], "Plans": [{"Node Type": "Nested Loop", "Parent Relationship": "Outer", "Parallel Aware": false, "Async Capable": false, "Join Type": "Inner", "Startup Cost": 38415.48, "Total Cost": 464298.18, "Plan Rows": 20655, "Plan Width": 36, "Actual Rows": 2, "Actual Loops": 4, "Inner Unique": true, "Workers": [], "Plans": [{"Node Type": "Nested Loop", "Parent Relationship": "Outer", "Parallel Aware": false, "Async Capable": false, "Join Type": "Inner", "Startup Cost": 38415.05, "Total Cost": 436613.42, "Plan Rows": 49488, "Plan Width": 32, "Actual Rows": 2, "Actual Loops": 4, "Inner Unique": true, "Workers": [], "Plans": [{"Node Type": "Hash Join", "Parent Relationship": "Outer", "Parallel Aware": true, "Async Capable": false, "Join Type": "Inner", "Startup Cost": 38414.61, "Total Cost": 392813.7, "Plan Rows": 102457, "Plan Width": 20, "Actual Rows": 282022, "Actual Loops": 4, "Inner Unique": false, "Hash Cond": "(ci.movie_id = mc.movie_id)", "Workers": [], "Plans": [{"Node Type": "Seq Scan", "Parent Relationship": "Outer", "Parallel Aware": true, "Async Capable": false, "Relation Name": "cast_info", "Alias": "ci", "Startup Cost": 0.0, "Total Cost": 343305.05, "Plan Rows": 430541, "Plan Width": 16, "Actual Rows": 629181, "Actual Loops": 4, "Filter": "((note)::text = ANY ('{\"(executive producer)\",\"(head writer)\",(producer),\"(story editor)\"}'::text[]))", "Rows Removed by Filter": 8431905, "Workers": []}, {"Node Type": "Hash", "Parent Relationship": "Inner", "Parallel Aware": true, "Async Capable": false, "Startup Cost": 37419.46, "Total Cost": 37419.46, "Plan Rows": 79612, "Plan Width": 4, "Actual Rows": 151368, "Actual Loops": 4, "Hash Buckets": 1048576, "Original Hash Buckets": 262144, "Hash Batches": 1, "Original Hash Batches": 1, "Peak Memory Usage": 38080, "Workers": [], "Plans": [{"Node Type": "Hash Join", "Parent Relationship": "Outer", "Parallel Aware": true, "Async Capable": false, "Join Type": "Inner", "Startup Cost": 5392.23, "Total Cost": 37419.46, "Plan Rows": 79612, "Plan Width": 4, "Actual Rows": 151368, "Actual Loops": 4, "Inner Unique": true, "Hash Cond": "(mc.company_id = cn.id)", "Workers": [], "Plans": [{"Node Type": "Seq Scan", "Parent Relationship": "Outer", "Parallel Aware": true, "Async Capable": false, "Relation Name": "movie_companies", "Alias": "mc", "Startup Cost": 0.0, "Total Cost": 31448.82, "Plan Rows": 220343, "Plan Width": 8, "Actual Rows": 329831, "Actual Loops": 4, "Filter": "((note IS NOT NULL) AND (((note)::text ~~ '%(as Metro-Goldwyn-Mayer Pictures)%'::text) OR ((note)::text !~~ '%(co-production)%'::text)))", "Rows Removed by Filter": 322451, "Workers": []}, {"Node Type": "Hash", "Parent Relationship": "Inner", "Parallel Aware": true, "Async Capable": false, "Startup Cost": 4767.92, "Total Cost": 4767.92, "Plan Rows": 49945, "Plan Width": 4, "Actual Rows": 21211, "Actual Loops": 4, "Hash Buckets": 131072, "Original Hash Buckets": 131072, "Hash Batches": 1, "Original Hash Batches": 1, "Peak Memory Usage": 4448, "Workers": [], "Plans": [{"Node Type": "Seq Scan", "Parent Relationship": "Outer", "Parallel Aware": true, "Async Capable": false, "Relation Name": "company_name", "Alias": "cn", "Startup Cost": 0.0, "Total Cost": 4767.92, "Plan Rows": 49945, "Plan Width": 4, "Actual Rows": 21211, "Actual Loops": 4, "Filter": "((country_code)::text = '[us]'::text)", "Rows Removed by Filter": 37538, "Workers": []}]}]}]}]}, {"Node Type": "Memoize", "Parent Relationship": "Inner", "Parallel Aware": false, "Async Capable": false, "Startup Cost": 0.44, "Total Cost": 0.53, "Plan Rows": 1, "Plan Width": 20, "Actual Rows": 0, "Actual Loops": 1128086, "Cache Key": "ci.person_role_id", "Cache Mode": "logical", "Cache Hits": 282207, "Cache Misses": 1, "Cache Evictions": 0, "Cache Overflows": 0, "Peak Memory Usage": 1, "Workers": [{"Worker Number": 0, "Cache Hits": 280475, "Cache Misses": 2, "Cache Evictions": 0, "Cache Overflows": 0, "Peak Memory Usage": 1}, {"Worker Number": 1, "Cache Hits": 287385, "Cache Misses": 2, "Cache Evictions": 0, "Cache Overflows": 0, "Peak Memory Usage": 1}, {"Worker Number": 2, "Cache Hits": 278012, "Cache Misses": 2, "Cache Evictions": 0, "Cache Overflows": 0, "Peak Memory Usage": 1}], "Plans": [{"Node Type": "Index Scan", "Parent Relationship": "Outer", "Parallel Aware": false, "Async Capable": false, "Scan Direction": "Forward", "Index Name": "char_name_pkey", "Relation Name": "char_name", "Alias": "chn", "Startup Cost": 0.43, "Total Cost": 0.52, "Plan Rows": 1, "Plan Width": 20, "Actual Rows": 0, "Actual Loops": 7, "Index Cond": "(id = ci.person_role_id)", "Rows Removed by Index Recheck": 0, "Workers": []}]}]}, {"Node Type": "Index Scan", "Parent Relationship": "Inner", "Parallel Aware": false, "Async Capable": false, "Scan Direction": "Forward", "Index Name": "name_pkey", "Relation Name": "name", "Alias": "n", "Startup Cost": 0.43, "Total Cost": 0.56, "Plan Rows": 1, "Plan Width": 4, "Actual Rows": 1, "Actual Loops": 6, "Index Cond": "(id = ci.person_id)", "Rows Removed by Index Recheck": 0, "Filter": "((gender)::text = 'm'::text)", "Rows Removed by Filter": 0, "Workers": []}]}, {"Node Type": "Index Scan", "Parent Relationship": "Inner", "Parallel Aware": false, "Async Capable": false, "Scan Direction": "Forward", "Index Name": "title_pkey", "Relation Name": "title", "Alias": "t", "Startup Cost": 0.43, "Total Cost": 0.52, "Plan Rows": 1, "Plan Width": 21, "Actual Rows": 1, "Actual Loops": 6, "Index Cond": "(id = ci.movie_id)", "Rows Removed by Index Recheck": 0, "Workers": []}]}]}]}]}]}]}, "Planning Time": 8.11, "Triggers": [], "Execution Time": 2576.187}, {"Plan": {"Node Type": "Aggregate", "Strategy": "Plain", "Partial Mode": "Finalize", "Parallel Aware": false, "Async Capable": false, "Startup Cost": 479600.89, "Total Cost": 479600.9, "Plan Rows": 1, "Plan Width": 96, "Actual Rows": 1, "Actual Loops": 1, "Plans": [{"Node Type": "Gather", "Parent Relationship": "Outer", "Parallel Aware": false, "Async Capable": false, "Startup Cost": 479600.55, "Total Cost": 479600.86, "Plan Rows": 3, "Plan Width": 96, "Actual Rows": 4, "Actual Loops": 1, "Workers Planned": 3, "Workers Launched": 3, "Single Copy": false, "Plans": [{"Node Type": "Aggregate", "Strategy": "Plain", "Partial Mode": "Partial", "Parent Relationship": "Outer", "Parallel Aware": false, "Async Capable": false, "Startup Cost": 478600.55, "Total Cost": 478600.56, "Plan Rows": 1, "Plan Width": 96, "Actual Rows": 1, "Actual Loops": 4, "Workers": [], "Plans": [{"Node Type": "Hash Join", "Parent Relationship": "Outer", "Parallel Aware": true, "Async Capable": false, "Join Type": "Inner", "Startup Cost": 444212.74, "Total Cost": 478548.03, "Plan Rows": 7003, "Plan Width": 49, "Actual Rows": 3, "Actual Loops": 4, "Inner Unique": false, "Hash Cond": "(t.id = ci.movie_id)", "Workers": [], "Plans": [{"Node Type": "Hash Join", "Parent Relationship": "Outer", "Parallel Aware": true, "Async Capable": false, "Join Type": "Inner", "Startup Cost": 55621.99, "Total Cost": 87858.2, "Plan Rows": 79612, "Plan Width": 25, "Actual Rows": 151368, "Actual Loops": 4, "Inner Unique": true, "Hash Cond": "(mc.movie_id = t.id)", "Workers": [], "Plans": [{"Node Type": "Hash Join", "Parent Relationship": "Outer", "Parallel Aware": true, "Async Capable": false, "Join Type": "Inner", "Startup Cost": 5392.23, "Total Cost": 37419.46, "Plan Rows": 79612, "Plan Width": 4, "Actual Rows": 151368, "Actual Loops": 4, "Inner Unique": true, "Hash Cond": "(mc.company_id = cn.id)", "Workers": [], "Plans": [{"Node Type": "Seq Scan", "Parent Relationship": "Outer", "Parallel Aware": true, "Async Capable": false, "Relation Name": "movie_companies", "Alias": "mc", "Startup Cost": 0.0, "Total Cost": 31448.82, "Plan Rows": 220343, "Plan Width": 8, "Actual Rows": 329831, "Actual Loops": 4, "Filter": "((note IS NOT NULL) AND (((note)::text ~~ '%(as Metro-Goldwyn-Mayer Pictures)%'::text) OR ((note)::text !~~ '%(co-production)%'::text)))", "Rows Removed by Filter": 322451, "Workers": []}, {"Node Type": "Hash", "Parent Relationship": "Inner", "Parallel Aware": true, "Async Capable": false, "Startup Cost": 4767.92, "Total Cost": 4767.92, "Plan Rows": 49945, "Plan Width": 4, "Actual Rows": 21211, "Actual Loops": 4, "Hash Buckets": 131072, "Original Hash Buckets": 131072, "Hash Batches": 1, "Original Hash Batches": 1, "Peak Memory Usage": 4416, "Workers": [], "Plans": [{"Node Type": "Seq Scan", "Parent Relationship": "Outer", "Parallel Aware": true, "Async Capable": false, "Relation Name": "company_name", "Alias": "cn", "Startup Cost": 0.0, "Total Cost": 4767.92, "Plan Rows": 49945, "Plan Width": 4, "Actual Rows": 21211, "Actual Loops": 4, "Filter": "((country_code)::text = '[us]'::text)", "Rows Removed by Filter": 37538, "Workers": []}]}]}, {"Node Type": "Hash", "Parent Relationship": "Inner", "Parallel Aware": true, "Async Capable": false, "Startup Cost": 42328.78, "Total Cost": 42328.78, "Plan Rows": 632078, "Plan Width": 21, "Actual Rows": 632078, "Actual Loops": 4, "Hash Buckets": 4194304, "Original Hash Buckets": 4194304, "Hash Batches": 1, "Original Hash Batches": 1, "Peak Memory Usage": 174752, "Workers": [], "Plans": [{"Node Type": "Seq Scan", "Parent Relationship": "Outer", "Parallel Aware": true, "Async Capable": false, "Relation Name": "title", "Alias": "t", "Startup Cost": 0.0, "Total Cost": 42328.78, "Plan Rows": 632078, "Plan Width": 21, "Actual Rows": 632078, "Actual Loops": 4, "Workers": []}]}]}, {"Node Type": "Hash", "Parent Relationship": "Inner", "Parallel Aware": true, "Async Capable": false, "Startup Cost": 388222.89, "Total Cost": 388222.89, "Plan Rows": 29429, "Plan Width": 36, "Actual Rows": 4, "Actual Loops": 4, "Hash Buckets": 131072, "Original Hash Buckets": 131072, "Hash Batches": 1, "Original Hash Batches": 1, "Peak Memory Usage": 1152, "Workers": [], "Plans": [{"Node Type": "Hash Join", "Parent Relationship": "Outer", "Parallel Aware": true, "Async Capable": false, "Join Type": "Inner", "Startup Cost": 372803.94, "Total Cost": 388222.89, "Plan Rows": 29429, "Plan Width": 36, "Actual Rows": 4, "Actual Loops": 4, "Inner Unique": false, "Hash Cond": "(an.person_id = n.id)", "Workers": [], "Plans": [{"Node Type": "Seq Scan", "Parent Relationship": "Outer", "Parallel Aware": true, "Async Capable": false, "Relation Name": "aka_name", "Alias": "an", "Startup Cost": 0.0, "Total Cost": 14323.56, "Plan Rows": 290756, "Plan Width": 20, "Actual Rows": 225336, "Actual Loops": 4, "Workers": []}, {"Node Type": "Hash", "Parent Relationship": "Inner", "Parallel Aware": true, "Async Capable": false, "Startup Cost": 372713.53, "Total Cost": 372713.53, "Plan Rows": 7233, "Plan Width": 28, "Actual Rows": 4, "Actual Loops": 4, "Hash Buckets": 65536, "Original Hash Buckets": 65536, "Hash Batches": 1, "Original Hash Batches": 1, "Peak Memory Usage": 640, "Workers": [], "Plans": [{"Node Type": "Nested Loop", "Parent Relationship": "Outer", "Parallel Aware": false, "Async Capable": false, "Join Type": "Inner", "Startup Cost": 2.02, "Total Cost": 372713.53, "Plan Rows": 7233, "Plan Width": 28, "Actual Rows": 4, "Actual Loops": 4, "Inner Unique": true, "Workers": [], "Plans": [{"Node Type": "Nested Loop", "Parent Relationship": "Outer", "Parallel Aware": false, "Async Capable": false, "Join Type": "Inner", "Startup Cost": 1.59, "Total Cost": 364906.53, "Plan Rows": 14975, "Plan Width": 16, "Actual Rows": 4, "Actual Loops": 4, "Inner Unique": true, "Workers": [], "Plans": [{"Node Type": "Hash Join", "Parent Relationship": "Outer", "Parallel Aware": false, "Async Capable": false, "Join Type": "Inner", "Startup Cost": 1.16, "Total Cost": 344835.53, "Plan Rows": 35878, "Plan Width": 12, "Actual Rows": 4, "Actual Loops": 4, "Inner Unique": true, "Hash Cond": "(ci.role_id = rt.id)", "Workers": [], "Plans": [{"Node Type": "Seq Scan", "Parent Relationship": "Outer", "Parallel Aware": true, "Async Capable": false, "Relation Name": "cast_info", "Alias": "ci", "Startup Cost": 0.0, "Total Cost": 343305.05, "Plan Rows": 430541, "Plan Width": 16, "Actual Rows": 629181, "Actual Loops": 4, "Filter": "((note)::text = ANY ('{\"(executive producer)\",\"(head writer)\",(producer),\"(story editor)\"}'::text[]))", "Rows Removed by Filter": 8431905, "Workers": []}, {"Node Type": "Hash", "Parent Relationship": "Inner", "Parallel Aware": false, "Async Capable": false, "Startup Cost": 1.15, "Total Cost": 1.15, "Plan Rows": 1, "Plan Width": 4, "Actual Rows": 1, "Actual Loops": 4, "Hash Buckets": 1024, "Original Hash Buckets": 1024, "Hash Batches": 1, "Original Hash Batches": 1, "Peak Memory Usage": 9, "Workers": [], "Plans": [{"Node Type": "Seq Scan", "Parent Relationship": "Outer", "Parallel Aware": false, "Async Capable": false, "Relation Name": "role_type", "Alias": "rt", "Startup Cost": 0.0, "Total Cost": 1.15, "Plan Rows": 1, "Plan Width": 4, "Actual Rows": 1, "Actual Loops": 4, "Filter": "((role)::text = 'actor'::text)", "Rows Removed by Filter": 11, "Workers": []}]}]}, {"Node Type": "Index Scan", "Parent Relationship": "Inner", "Parallel Aware": false, "Async Capable": false, "Scan Direction": "Forward", "Index Name": "name_pkey", "Relation Name": "name", "Alias": "n", "Startup Cost": 0.43, "Total Cost": 0.56, "Plan Rows": 1, "Plan Width": 4, "Actual Rows": 1, "Actual Loops": 14, "Index Cond": "(id = ci.person_id)", "Rows Removed by Index Recheck": 0, "Filter": "((gender)::text = 'm'::text)", "Rows Removed by Filter": 0, "Workers": []}]}, {"Node Type": "Index Scan", "Parent Relationship": "Inner", "Parallel Aware": false, "Async Capable": false, "Scan Direction": "Forward", "Index Name": "char_name_pkey", "Relation Name": "char_name", "Alias": "chn", "Startup Cost": 0.43, "Total Cost": 0.52, "Plan Rows": 1, "Plan Width": 20, "Actual Rows": 1, "Actual Loops": 14, "Index Cond": "(id = ci.person_role_id)", "Rows Removed by Index Recheck": 0, "Workers": []}]}]}]}]}]}]}]}]}, "Planning Time": 8.597, "Triggers": [], "Execution Time": 2673.515}, {"Plan": {"Node Type": "Aggregate", "Strategy": "Plain", "Partial Mode": "Finalize", "Parallel Aware": false, "Async Capable": false, "Startup Cost": 432916.36, "Total Cost": 432916.37, "Plan Rows": 1, "Plan Width": 96, "Actual Rows": 1, "Actual Loops": 1, "Plans": [{"Node Type": "Gather", "Parent Relationship": "Outer", "Parallel Aware": false, "Async Capable": false, "Startup Cost": 432916.02, "Total Cost": 432916.33, "Plan Rows": 3, "Plan Width": 96, "Actual Rows": 4, "Actual Loops": 1, "Workers Planned": 3, "Workers Launched": 3, "Single Copy": false, "Plans": [{"Node Type": "Aggregate", "Strategy": "Plain", "Partial Mode": "Partial", "Parent Relationship": "Outer", "Parallel Aware": false, "Async Capable": false, "Startup Cost": 431916.02, "Total Cost": 431916.03, "Plan Rows": 1, "Plan Width": 96, "Actual Rows": 1, "Actual Loops": 4, "Workers": [], "Plans": [{"Node Type": "Hash Join", "Parent Relationship": "Outer", "Parallel Aware": true, "Async Capable": false, "Join Type": "Inner", "Startup Cost": 397723.87, "Total Cost": 431863.5, "Plan Rows": 7003, "Plan Width": 49, "Actual Rows": 3, "Actual Loops": 4, "Inner Unique": false, "Hash Cond": "(mc.movie_id = ci.movie_id)", "Workers": [], "Plans": [{"Node Type": "Hash Join", "Parent Relationship": "Outer", "Parallel Aware": true, "Async Capable": false, "Join Type": "Inner", "Startup Cost": 5392.23, "Total Cost": 37419.46, "Plan Rows": 79612, "Plan Width": 4, "Actual Rows": 151368, "Actual Loops": 4, "Inner Unique": true, "Hash Cond": "(mc.company_id = cn.id)", "Workers": [], "Plans": [{"Node Type": "Seq Scan", "Parent Relationship": "Outer", "Parallel Aware": true, "Async Capable": false, "Relation Name": "movie_companies", "Alias": "mc", "Startup Cost": 0.0, "Total Cost": 31448.82, "Plan Rows": 220343, "Plan Width": 8, "Actual Rows": 329831, "Actual Loops": 4, "Filter": "((note IS NOT NULL) AND (((note)::text ~~ '%(as Metro-Goldwyn-Mayer Pictures)%'::text) OR ((note)::text !~~ '%(co-production)%'::text)))", "Rows Removed by Filter": 322451, "Workers": []}, {"Node Type": "Hash", "Parent Relationship": "Inner", "Parallel Aware": true, "Async Capable": false, "Startup Cost": 4767.92, "Total Cost": 4767.92, "Plan Rows": 49945, "Plan Width": 4, "Actual Rows": 21211, "Actual Loops": 4, "Hash Buckets": 131072, "Original Hash Buckets": 131072, "Hash Batches": 1, "Original Hash Batches": 1, "Peak Memory Usage": 4416, "Workers": [], "Plans": [{"Node Type": "Seq Scan", "Parent Relationship": "Outer", "Parallel Aware": true, "Async Capable": false, "Relation Name": "company_name", "Alias": "cn", "Startup Cost": 0.0, "Total Cost": 4767.92, "Plan Rows": 49945, "Plan Width": 4, "Actual Rows": 21211, "Actual Loops": 4, "Filter": "((country_code)::text = '[us]'::text)", "Rows Removed by Filter": 37538, "Workers": []}]}]}, {"Node Type": "Hash", "Parent Relationship": "Inner", "Parallel Aware": true, "Async Capable": false, "Startup Cost": 391963.77, "Total Cost": 391963.77, "Plan Rows": 29429, "Plan Width": 57, "Actual Rows": 4, "Actual Loops": 4, "Hash Buckets": 131072, "Original Hash Buckets": 131072, "Hash Batches": 1, "Original Hash Batches": 1, "Peak Memory Usage": 1152, "Workers": [], "Plans": [{"Node Type": "Hash Join", "Parent Relationship": "Outer", "Parallel Aware": true, "Async Capable": false, "Join Type": "Inner", "Startup Cost": 376544.83, "Total Cost": 391963.77, "Plan Rows": 29429, "Plan Width": 57, "Actual Rows": 4, "Actual Loops": 4, "Inner Unique": false, "Hash Cond": "(an.person_id = n.id)", "Workers": [], "Plans": [{"Node Type": "Seq Scan", "Parent Relationship": "Outer", "Parallel Aware": true, "Async Capable": false, "Relation Name": "aka_name", "Alias": "an", "Startup Cost": 0.0, "Total Cost": 14323.56, "Plan Rows": 290756, "Plan Width": 20, "Actual Rows": 225336, "Actual Loops": 4, "Workers": []}, {"Node Type": "Hash", "Parent Relationship": "Inner", "Parallel Aware": true, "Async Capable": false, "Startup Cost": 376454.42, "Total Cost": 376454.42, "Plan Rows": 7233, "Plan Width": 49, "Actual Rows": 4, "Actual Loops": 4, "Hash Buckets": 65536, "Original Hash Buckets": 65536, "Hash Batches": 1, "Original Hash Batches": 1, "Peak Memory Usage": 640, "Workers": [], "Plans": [{"Node Type": "Nested Loop", "Parent Relationship": "Outer", "Parallel Aware": false, "Async Capable": false, "Join Type": "Inner", "Startup Cost": 2.45, "Total Cost": 376454.42, "Plan Rows": 7233, "Plan Width": 49, "Actual Rows": 4, "Actual Loops": 4, "Inner Unique": true, "Workers": [], "Plans": [{"Node Type": "Nested Loop", "Parent Relationship": "Outer", "Parallel Aware": false, "Async Capable": false, "Join Type": "Inner", "Startup Cost": 2.02, "Total Cost": 372713.53, "Plan Rows": 7233, "Plan Width": 28, "Actual Rows": 4, "Actual Loops": 4, "Inner Unique": true, "Workers": [], "Plans": [{"Node Type": "Nested Loop", "Parent Relationship": "Outer", "Parallel Aware": false, "Async Capable": false, "Join Type": "Inner", "Startup Cost": 1.59, "Total Cost": 364906.53, "Plan Rows": 14975, "Plan Width": 16, "Actual Rows": 4, "Actual Loops": 4, "Inner Unique": true, "Workers": [], "Plans": [{"Node Type": "Hash Join", "Parent Relationship": "Outer", "Parallel Aware": false, "Async Capable": false, "Join Type": "Inner", "Startup Cost": 1.16, "Total Cost": 344835.53, "Plan Rows": 35878, "Plan Width": 12, "Actual Rows": 4, "Actual Loops": 4, "Inner Unique": true, "Hash Cond": "(ci.role_id = rt.id)", "Workers": [], "Plans": [{"Node Type": "Seq Scan", "Parent Relationship": "Outer", "Parallel Aware": true, "Async Capable": false, "Relation Name": "cast_info", "Alias": "ci", "Startup Cost": 0.0, "Total Cost": 343305.05, "Plan Rows": 430541, "Plan Width": 16, "Actual Rows": 629181, "Actual Loops": 4, "Filter": "((note)::text = ANY ('{\"(executive producer)\",\"(head writer)\",(producer),\"(story editor)\"}'::text[]))", "Rows Removed by Filter": 8431905, "Workers": []}, {"Node Type": "Hash", "Parent Relationship": "Inner", "Parallel Aware": false, "Async Capable": false, "Startup Cost": 1.15, "Total Cost": 1.15, "Plan Rows": 1, "Plan Width": 4, "Actual Rows": 1, "Actual Loops": 4, "Hash Buckets": 1024, "Original Hash Buckets": 1024, "Hash Batches": 1, "Original Hash Batches": 1, "Peak Memory Usage": 9, "Workers": [], "Plans": [{"Node Type": "Seq Scan", "Parent Relationship": "Outer", "Parallel Aware": false, "Async Capable": false, "Relation Name": "role_type", "Alias": "rt", "Startup Cost": 0.0, "Total Cost": 1.15, "Plan Rows": 1, "Plan Width": 4, "Actual Rows": 1, "Actual Loops": 4, "Filter": "((role)::text = 'actor'::text)", "Rows Removed by Filter": 11, "Workers": []}]}]}, {"Node Type": "Index Scan", "Parent Relationship": "Inner", "Parallel Aware": false, "Async Capable": false, "Scan Direction": "Forward", "Index Name": "name_pkey", "Relation Name": "name", "Alias": "n", "Startup Cost": 0.43, "Total Cost": 0.56, "Plan Rows": 1, "Plan Width": 4, "Actual Rows": 1, "Actual Loops": 14, "Index Cond": "(id = ci.person_id)", "Rows Removed by Index Recheck": 0, "Filter": "((gender)::text = 'm'::text)", "Rows Removed by Filter": 0, "Workers": []}]}, {"Node Type": "Index Scan", "Parent Relationship": "Inner", "Parallel Aware": false, "Async Capable": false, "Scan Direction": "Forward", "Index Name": "char_name_pkey", "Relation Name": "char_name", "Alias": "chn", "Startup Cost": 0.43, "Total Cost": 0.52, "Plan Rows": 1, "Plan Width": 20, "Actual Rows": 1, "Actual Loops": 14, "Index Cond": "(id = ci.person_role_id)", "Rows Removed by Index Recheck": 0, "Workers": []}]}, {"Node Type": "Index Scan", "Parent Relationship": "Inner", "Parallel Aware": false, "Async Capable": false, "Scan Direction": "Forward", "Index Name": "title_pkey", "Relation Name": "title", "Alias": "t", "Startup Cost": 0.43, "Total Cost": 0.52, "Plan Rows": 1, "Plan Width": 21, "Actual Rows": 1, "Actual Loops": 14, "Index Cond": "(id = ci.movie_id)", "Rows Removed by Index Recheck": 0, "Workers": []}]}]}]}]}]}]}]}]}, "Planning Time": 8.864, "Triggers": [], "Execution Time": 1707.259}, {"Plan": {"Node Type": "Aggregate", "Strategy": "Plain", "Partial Mode": "Finalize", "Parallel Aware": false, "Async Capable": false, "Startup Cost": 483644.92, "Total Cost": 483644.93, "Plan Rows": 1, "Plan Width": 96, "Actual Rows": 1, "Actual Loops": 1, "Plans": [{"Node Type": "Gather", "Parent Relationship": "Outer", "Parallel Aware": false, "Async Capable": false, "Startup Cost": 483644.58, "Total Cost": 483644.89, "Plan Rows": 3, "Plan Width": 96, "Actual Rows": 4, "Actual Loops": 1, "Workers Planned": 3, "Workers Launched": 3, "Single Copy": false, "Plans": [{"Node Type": "Aggregate", "Strategy": "Plain", "Partial Mode": "Partial", "Parent Relationship": "Outer", "Parallel Aware": false, "Async Capable": false, "Startup Cost": 482644.58, "Total Cost": 482644.59, "Plan Rows": 1, "Plan Width": 96, "Actual Rows": 1, "Actual Loops": 4, "Workers": [], "Plans": [{"Node Type": "Hash Join", "Parent Relationship": "Outer", "Parallel Aware": true, "Async Capable": false, "Join Type": "Inner", "Startup Cost": 464925.3, "Total Cost": 482592.06, "Plan Rows": 7003, "Plan Width": 49, "Actual Rows": 3, "Actual Loops": 4, "Inner Unique": false, "Hash Cond": "(n.id = ci.person_id)", "Workers": [], "Plans": [{"Node Type": "Hash Join", "Parent Relationship": "Outer", "Parallel Aware": true, "Async Capable": false, "Join Type": "Inner", "Startup Cost": 74115.03, "Total Cost": 89201.83, "Plan Rows": 121354, "Plan Width": 24, "Actual Rows": 96345, "Actual Loops": 4, "Inner Unique": true, "Hash Cond": "(an.person_id = n.id)", "Workers": [], "Plans": [{"Node Type": "Seq Scan", "Parent Relationship": "Outer", "Parallel Aware": true, "Async Capable": false, "Relation Name": "aka_name", "Alias": "an", "Startup Cost": 0.0, "Total Cost": 14323.56, "Plan Rows": 290756, "Plan Width": 20, "Actual Rows": 225336, "Actual Loops": 4, "Workers": []}, {"Node Type": "Hash", "Parent Relationship": "Inner", "Parallel Aware": true, "Async Capable": false, "Startup Cost": 68679.41, "Total Cost": 68679.41, "Plan Rows": 434850, "Plan Width": 4, "Actual Rows": 434895, "Actual Loops": 4, "Hash Buckets": 2097152, "Original Hash Buckets": 2097152, "Hash Batches": 1, "Original Hash Batches": 1, "Peak Memory Usage": 84512, "Workers": [], "Plans": [{"Node Type": "Seq Scan", "Parent Relationship": "Outer", "Parallel Aware": true, "Async Capable": false, "Relation Name": "name", "Alias": "n", "Startup Cost": 0.0, "Total Cost": 68679.41, "Plan Rows": 434850, "Plan Width": 4, "Actual Rows": 434895, "Actual Loops": 4, "Filter": "((gender)::text = 'm'::text)", "Rows Removed by Filter": 606978, "Workers": []}]}]}, {"Node Type": "Hash", "Parent Relationship": "Inner", "Parallel Aware": true, "Async Capable": false, "Startup Cost": 390758.71, "Total Cost": 390758.71, "Plan Rows": 4124, "Plan Width": 37, "Actual Rows": 2, "Actual Loops": 4, "Hash Buckets": 32768, "Original Hash Buckets": 32768, "Hash Batches": 1, "Original Hash Batches": 1, "Peak Memory Usage": 320, "Workers": [], "Plans": [{"Node Type": "Nested Loop", "Parent Relationship": "Outer", "Parallel Aware": false, "Async Capable": false, "Join Type": "Inner", "Startup Cost": 38416.63, "Total Cost": 390758.71, "Plan Rows": 4124, "Plan Width": 37, "Actual Rows": 2, "Actual Loops": 4, "Inner Unique": true, "Workers": [], "Plans": [{"Node Type": "Nested Loop", "Parent Relationship": "Outer", "Parallel Aware": false, "Async Capable": false, "Join Type": "Inner", "Startup Cost": 38416.2, "Total Cost": 388625.79, "Plan Rows": 4124, "Plan Width": 28, "Actual Rows": 2, "Actual Loops": 4, "Inner Unique": true, "Workers": [], "Plans": [{"Node Type": "Hash Join", "Parent Relationship": "Outer", "Parallel Aware": true, "Async Capable": false, "Join Type": "Inner", "Startup Cost": 38415.77, "Total Cost": 384174.63, "Plan Rows": 8538, "Plan Width": 16, "Actual Rows": 2, "Actual Loops": 4, "Inner Unique": false, "Hash Cond": "(ci.movie_id = mc.movie_id)", "Workers": [], "Plans": [{"Node Type": "Hash Join", "Parent Relationship": "Outer", "Parallel Aware": false, "Async Capable": false, "Join Type": "Inner", "Startup Cost": 1.16, "Total Cost": 344835.53, "Plan Rows": 35878, "Plan Width": 12, "Actual Rows": 4, "Actual Loops": 4, "Inner Unique": true, "Hash Cond": "(ci.role_id = rt.id)", "Workers": [], "Plans": [{"Node Type": "Seq Scan", "Parent Relationship": "Outer", "Parallel Aware": true, "Async Capable": false, "Relation Name": "cast_info", "Alias": "ci", "Startup Cost": 0.0, "Total Cost": 343305.05, "Plan Rows": 430541, "Plan Width": 16, "Actual Rows": 629181, "Actual Loops": 4, "Filter": "((note)::text = ANY ('{\"(executive producer)\",\"(head writer)\",(producer),\"(story editor)\"}'::text[]))", "Rows Removed by Filter": 8431905, "Workers": []}, {"Node Type": "Hash", "Parent Relationship": "Inner", "Parallel Aware": false, "Async Capable": false, "Startup Cost": 1.15, "Total Cost": 1.15, "Plan Rows": 1, "Plan Width": 4, "Actual Rows": 1, "Actual Loops": 4, "Hash Buckets": 1024, "Original Hash Buckets": 1024, "Hash Batches": 1, "Original Hash Batches": 1, "Peak Memory Usage": 9, "Workers": [], "Plans": [{"Node Type": "Seq Scan", "Parent Relationship": "Outer", "Parallel Aware": false, "Async Capable": false, "Relation Name": "role_type", "Alias": "rt", "Startup Cost": 0.0, "Total Cost": 1.15, "Plan Rows": 1, "Plan Width": 4, "Actual Rows": 1, "Actual Loops": 4, "Filter": "((role)::text = 'actor'::text)", "Rows Removed by Filter": 11, "Workers": []}]}]}, {"Node Type": "Hash", "Parent Relationship": "Inner", "Parallel Aware": true, "Async Capable": false, "Startup Cost": 37419.46, "Total Cost": 37419.46, "Plan Rows": 79612, "Plan Width": 4, "Actual Rows": 151368, "Actual Loops": 4, "Hash Buckets": 1048576, "Original Hash Buckets": 262144, "Hash Batches": 1, "Original Hash Batches": 1, "Peak Memory Usage": 38080, "Workers": [], "Plans": [{"Node Type": "Hash Join", "Parent Relationship": "Outer", "Parallel Aware": true, "Async Capable": false, "Join Type": "Inner", "Startup Cost": 5392.23, "Total Cost": 37419.46, "Plan Rows": 79612, "Plan Width": 4, "Actual Rows": 151368, "Actual Loops": 4, "Inner Unique": true, "Hash Cond": "(mc.company_id = cn.id)", "Workers": [], "Plans": [{"Node Type": "Seq Scan", "Parent Relationship": "Outer", "Parallel Aware": true, "Async Capable": false, "Relation Name": "movie_companies", "Alias": "mc", "Startup Cost": 0.0, "Total Cost": 31448.82, "Plan Rows": 220343, "Plan Width": 8, "Actual Rows": 329831, "Actual Loops": 4, "Filter": "((note IS NOT NULL) AND (((note)::text ~~ '%(as Metro-Goldwyn-Mayer Pictures)%'::text) OR ((note)::text !~~ '%(co-production)%'::text)))", "Rows Removed by Filter": 322451, "Workers": []}, {"Node Type": "Hash", "Parent Relationship": "Inner", "Parallel Aware": true, "Async Capable": false, "Startup Cost": 4767.92, "Total Cost": 4767.92, "Plan Rows": 49945, "Plan Width": 4, "Actual Rows": 21211, "Actual Loops": 4, "Hash Buckets": 131072, "Original Hash Buckets": 131072, "Hash Batches": 1, "Original Hash Batches": 1, "Peak Memory Usage": 4416, "Workers": [], "Plans": [{"Node Type": "Seq Scan", "Parent Relationship": "Outer", "Parallel Aware": true, "Async Capable": false, "Relation Name": "company_name", "Alias": "cn", "Startup Cost": 0.0, "Total Cost": 4767.92, "Plan Rows": 49945, "Plan Width": 4, "Actual Rows": 21211, "Actual Loops": 4, "Filter": "((country_code)::text = '[us]'::text)", "Rows Removed by Filter": 37538, "Workers": []}]}]}]}]}, {"Node Type": "Index Scan", "Parent Relationship": "Inner", "Parallel Aware": false, "Async Capable": false, "Scan Direction": "Forward", "Index Name": "char_name_pkey", "Relation Name": "char_name", "Alias": "chn", "Startup Cost": 0.43, "Total Cost": 0.52, "Plan Rows": 1, "Plan Width": 20, "Actual Rows": 1, "Actual Loops": 6, "Index Cond": "(id = ci.person_role_id)", "Rows Removed by Index Recheck": 0, "Workers": []}]}, {"Node Type": "Index Scan", "Parent Relationship": "Inner", "Parallel Aware": false, "Async Capable": false, "Scan Direction": "Forward", "Index Name": "title_pkey", "Relation Name": "title", "Alias": "t", "Startup Cost": 0.43, "Total Cost": 0.52, "Plan Rows": 1, "Plan Width": 21, "Actual Rows": 1, "Actual Loops": 6, "Index Cond": "(id = ci.movie_id)", "Rows Removed by Index Recheck": 0, "Workers": []}]}]}]}]}]}]}, "Planning Time": 9.068, "Triggers": [], "Execution Time": 2712.28}, {"Plan": {"Node Type": "Aggregate", "Strategy": "Plain", "Partial Mode": "Finalize", "Parallel Aware": false, "Async Capable": false, "Startup Cost": 482521.92, "Total Cost": 482521.93, "Plan Rows": 1, "Plan Width": 96, "Actual Rows": 1, "Actual Loops": 1, "Plans": [{"Node Type": "Gather", "Parent Relationship": "Outer", "Parallel Aware": false, "Async Capable": false, "Startup Cost": 482521.26, "Total Cost": 482521.87, "Plan Rows": 6, "Plan Width": 96, "Actual Rows": 7, "Actual Loops": 1, "Workers Planned": 6, "Workers Launched": 6, "Single Copy": false, "Plans": [{"Node Type": "Aggregate", "Strategy": "Plain", "Partial Mode": "Partial", "Parent Relationship": "Outer", "Parallel Aware": false, "Async Capable": false, "Startup Cost": 481521.26, "Total Cost": 481521.27, "Plan Rows": 1, "Plan Width": 96, "Actual Rows": 1, "Actual Loops": 7, "Workers": [], "Plans": [{"Node Type": "Hash Join", "Parent Relationship": "Outer", "Parallel Aware": true, "Async Capable": false, "Join Type": "Inner", "Startup Cost": 129135.39, "Total Cost": 481494.13, "Plan Rows": 3618, "Plan Width": 49, "Actual Rows": 2, "Actual Loops": 7, "Inner Unique": false, "Hash Cond": "(ci.person_id = n.id)", "Workers": [], "Plans": [{"Node Type": "Nested Loop", "Parent Relationship": "Outer", "Parallel Aware": false, "Async Capable": false, "Join Type": "Inner", "Startup Cost": 38416.63, "Total Cost": 390758.71, "Plan Rows": 4124, "Plan Width": 37, "Actual Rows": 1, "Actual Loops": 7, "Inner Unique": true, "Workers": [], "Plans": [{"Node Type": "Nested Loop", "Parent Relationship": "Outer", "Parallel Aware": false, "Async Capable": false, "Join Type": "Inner", "Startup Cost": 38416.2, "Total Cost": 388625.79, "Plan Rows": 4124, "Plan Width": 28, "Actual Rows": 1, "Actual Loops": 7, "Inner Unique": true, "Workers": [], "Plans": [{"Node Type": "Hash Join", "Parent Relationship": "Outer", "Parallel Aware": true, "Async Capable": false, "Join Type": "Inner", "Startup Cost": 38415.77, "Total Cost": 384174.63, "Plan Rows": 8538, "Plan Width": 16, "Actual Rows": 1, "Actual Loops": 7, "Inner Unique": false, "Hash Cond": "(ci.movie_id = mc.movie_id)", "Workers": [], "Plans": [{"Node Type": "Hash Join", "Parent Relationship": "Outer", "Parallel Aware": false, "Async Capable": false, "Join Type": "Inner", "Startup Cost": 1.16, "Total Cost": 344835.53, "Plan Rows": 35878, "Plan Width": 12, "Actual Rows": 2, "Actual Loops": 7, "Inner Unique": true, "Hash Cond": "(ci.role_id = rt.id)", "Workers": [], "Plans": [{"Node Type": "Seq Scan", "Parent Relationship": "Outer", "Parallel Aware": true, "Async Capable": false, "Relation Name": "cast_info", "Alias": "ci", "Startup Cost": 0.0, "Total Cost": 343305.05, "Plan Rows": 430541, "Plan Width": 16, "Actual Rows": 359532, "Actual Loops": 7, "Filter": "((note)::text = ANY ('{\"(executive producer)\",\"(head writer)\",(producer),\"(story editor)\"}'::text[]))", "Rows Removed by Filter": 4818231, "Workers": []}, {"Node Type": "Hash", "Parent Relationship": "Inner", "Parallel Aware": false, "Async Capable": false, "Startup Cost": 1.15, "Total Cost": 1.15, "Plan Rows": 1, "Plan Width": 4, "Actual Rows": 1, "Actual Loops": 7, "Hash Buckets": 1024, "Original Hash Buckets": 1024, "Hash Batches": 1, "Original Hash Batches": 1, "Peak Memory Usage": 9, "Workers": [], "Plans": [{"Node Type": "Seq Scan", "Parent Relationship": "Outer", "Parallel Aware": false, "Async Capable": false, "Relation Name": "role_type", "Alias": "rt", "Startup Cost": 0.0, "Total Cost": 1.15, "Plan Rows": 1, "Plan Width": 4, "Actual Rows": 1, "Actual Loops": 7, "Filter": "((role)::text = 'actor'::text)", "Rows Removed by Filter": 11, "Workers": []}]}]}, {"Node Type": "Hash", "Parent Relationship": "Inner", "Parallel Aware": true, "Async Capable": false, "Startup Cost": 37419.46, "Total Cost": 37419.46, "Plan Rows": 79612, "Plan Width": 4, "Actual Rows": 86496, "Actual Loops": 7, "Hash Buckets": 1048576, "Original Hash Buckets": 262144, "Hash Batches": 1, "Original Hash Batches": 1, "Peak Memory Usage": 38144, "Workers": [], "Plans": [{"Node Type": "Hash Join", "Parent Relationship": "Outer", "Parallel Aware": true, "Async Capable": false, "Join Type": "Inner", "Startup Cost": 5392.23, "Total Cost": 37419.46, "Plan Rows": 79612, "Plan Width": 4, "Actual Rows": 86496, "Actual Loops": 7, "Inner Unique": true, "Hash Cond": "(mc.company_id = cn.id)", "Workers": [], "Plans": [{"Node Type": "Seq Scan", "Parent Relationship": "Outer", "Parallel Aware": true, "Async Capable": false, "Relation Name": "movie_companies", "Alias": "mc", "Startup Cost": 0.0, "Total Cost": 31448.82, "Plan Rows": 220343, "Plan Width": 8, "Actual Rows": 188475, "Actual Loops": 7, "Filter": "((note IS NOT NULL) AND (((note)::text ~~ '%(as Metro-Goldwyn-Mayer Pictures)%'::text) OR ((note)::text !~~ '%(co-production)%'::text)))", "Rows Removed by Filter": 184258, "Workers": []}, {"Node Type": "Hash", "Parent Relationship": "Inner", "Parallel Aware": true, "Async Capable": false, "Startup Cost": 4767.92, "Total Cost": 4767.92, "Plan Rows": 49945, "Plan Width": 4, "Actual Rows": 12120, "Actual Loops": 7, "Hash Buckets": 131072, "Original Hash Buckets": 131072, "Hash Batches": 1, "Original Hash Batches": 1, "Peak Memory Usage": 4448, "Workers": [], "Plans": [{"Node Type": "Seq Scan", "Parent Relationship": "Outer", "Parallel Aware": true, "Async Capable": false, "Relation Name": "company_name", "Alias": "cn", "Startup Cost": 0.0, "Total Cost": 4767.92, "Plan Rows": 49945, "Plan Width": 4, "Actual Rows": 12120, "Actual Loops": 7, "Filter": "((country_code)::text = '[us]'::text)", "Rows Removed by Filter": 21451, "Workers": []}]}]}]}]}, {"Node Type": "Index Scan", "Parent Relationship": "Inner", "Parallel Aware": false, "Async Capable": false, "Scan Direction": "Forward", "Index Name": "char_name_pkey", "Relation Name": "char_name", "Alias": "chn", "Startup Cost": 0.43, "Total Cost": 0.52, "Plan Rows": 1, "Plan Width": 20, "Actual Rows": 1, "Actual Loops": 6, "Index Cond": "(id = ci.person_role_id)", "Rows Removed by Index Recheck": 0, "Workers": []}]}, {"Node Type": "Index Scan", "Parent Relationship": "Inner", "Parallel Aware": false, "Async Capable": false, "Scan Direction": "Forward", "Index Name": "title_pkey", "Relation Name": "title", "Alias": "t", "Startup Cost": 0.43, "Total Cost": 0.52, "Plan Rows": 1, "Plan Width": 21, "Actual Rows": 1, "Actual Loops": 6, "Index Cond": "(id = ci.movie_id)", "Rows Removed by Index Recheck": 0, "Workers": []}]}, {"Node Type": "Hash", "Parent Relationship": "Inner", "Parallel Aware": true, "Async Capable": false, "Startup Cost": 89201.83, "Total Cost": 89201.83, "Plan Rows": 121354, "Plan Width": 24, "Actual Rows": 55054, "Actual Loops": 7, "Hash Buckets": 524288, "Original Hash Buckets": 524288, "Hash Batches": 1, "Original Hash Batches": 1, "Peak Memory Usage": 26848, "Workers": [], "Plans": [{"Node Type": "Hash Join", "Parent Relationship": "Outer", "Parallel Aware": true, "Async Capable": false, "Join Type": "Inner", "Startup Cost": 74115.03, "Total Cost": 89201.83, "Plan Rows": 121354, "Plan Width": 24, "Actual Rows": 55054, "Actual Loops": 7, "Inner Unique": true, "Hash Cond": "(an.person_id = n.id)", "Workers": [], "Plans": [{"Node Type": "Seq Scan", "Parent Relationship": "Outer", "Parallel Aware": true, "Async Capable": false, "Relation Name": "aka_name", "Alias": "an", "Startup Cost": 0.0, "Total Cost": 14323.56, "Plan Rows": 290756, "Plan Width": 20, "Actual Rows": 128763, "Actual Loops": 7, "Workers": []}, {"Node Type": "Hash", "Parent Relationship": "Inner", "Parallel Aware": true, "Async Capable": false, "Startup Cost": 68679.41, "Total Cost": 68679.41, "Plan Rows": 434850, "Plan Width": 4, "Actual Rows": 248511, "Actual Loops": 7, "Hash Buckets": 2097152, "Original Hash Buckets": 2097152, "Hash Batches": 1, "Original Hash Batches": 1, "Peak Memory Usage": 84544, "Workers": [], "Plans": [{"Node Type": "Seq Scan", "Parent Relationship": "Outer", "Parallel Aware": true, "Async Capable": false, "Relation Name": "name", "Alias": "n", "Startup Cost": 0.0, "Total Cost": 68679.41, "Plan Rows": 434850, "Plan Width": 4, "Actual Rows": 248511, "Actual Loops": 7, "Filter": "((gender)::text = 'm'::text)", "Rows Removed by Filter": 346845, "Workers": []}]}]}]}]}]}]}]}, "Planning Time": 5.375, "Triggers": [], "Execution Time": 1297.79}, {"Plan": {"Node Type": "Aggregate", "Strategy": "Plain", "Partial Mode": "Finalize", "Parallel Aware": false, "Async Capable": false, "Startup Cost": 408188.58, "Total Cost": 408188.59, "Plan Rows": 1, "Plan Width": 96, "Actual Rows": 1, "Actual Loops": 1, "Plans": [{"Node Type": "Gather", "Parent Relationship": "Outer", "Parallel Aware": false, "Async Capable": false, "Startup Cost": 408188.25, "Total Cost": 408188.56, "Plan Rows": 3, "Plan Width": 96, "Actual Rows": 4, "Actual Loops": 1, "Workers Planned": 3, "Workers Launched": 3, "Single Copy": false, "Plans": [{"Node Type": "Aggregate", "Strategy": "Plain", "Partial Mode": "Partial", "Parent Relationship": "Outer", "Parallel Aware": false, "Async Capable": false, "Startup Cost": 407188.25, "Total Cost": 407188.26, "Plan Rows": 1, "Plan Width": 96, "Actual Rows": 1, "Actual Loops": 4, "Workers": [], "Plans": [{"Node Type": "Hash Join", "Parent Relationship": "Outer", "Parallel Aware": true, "Async Capable": false, "Join Type": "Inner", "Startup Cost": 391720.63, "Total Cost": 407135.73, "Plan Rows": 7003, "Plan Width": 49, "Actual Rows": 3, "Actual Loops": 4, "Inner Unique": false, "Hash Cond": "(an.person_id = n.id)", "Workers": [], "Plans": [{"Node Type": "Seq Scan", "Parent Relationship": "Outer", "Parallel Aware": true, "Async Capable": false, "Relation Name": "aka_name", "Alias": "an", "Startup Cost": 0.0, "Total Cost": 14323.56, "Plan Rows": 290756, "Plan Width": 20, "Actual Rows": 225336, "Actual Loops": 4, "Workers": []}, {"Node Type": "Hash", "Parent Relationship": "Inner", "Parallel Aware": true, "Async Capable": false, "Startup Cost": 391699.12, "Total Cost": 391699.12, "Plan Rows": 1721, "Plan Width": 41, "Actual Rows": 2, "Actual Loops": 4, "Hash Buckets": 16384, "Original Hash Buckets": 16384, "Hash Batches": 1, "Original Hash Batches": 1, "Peak Memory Usage": 224, "Workers": [], "Plans": [{"Node Type": "Nested Loop", "Parent Relationship": "Outer", "Parallel Aware": false, "Async Capable": false, "Join Type": "Inner", "Startup Cost": 38417.06, "Total Cost": 391699.12, "Plan Rows": 1721, "Plan Width": 41, "Actual Rows": 2, "Actual Loops": 4, "Inner Unique": true, "Workers": [], "Plans": [{"Node Type": "Nested Loop", "Parent Relationship": "Outer", "Parallel Aware": false, "Async Capable": false, "Join Type": "Inner", "Startup Cost": 38416.63, "Total Cost": 390809.03, "Plan Rows": 1721, "Plan Width": 32, "Actual Rows": 2, "Actual Loops": 4, "Inner Unique": true, "Workers": [], "Plans": [{"Node Type": "Nested Loop", "Parent Relationship": "Outer", "Parallel Aware": false, "Async Capable": false, "Join Type": "Inner", "Startup Cost": 38416.2, "Total Cost": 388950.99, "Plan Rows": 3564, "Plan Width": 20, "Actual Rows": 2, "Actual Loops": 4, "Inner Unique": true, "Workers": [], "Plans": [{"Node Type": "Hash Join", "Parent Relationship": "Outer", "Parallel Aware": true, "Async Capable": false, "Join Type": "Inner", "Startup Cost": 38415.77, "Total Cost": 384174.63, "Plan Rows": 8538, "Plan Width": 16, "Actual Rows": 2, "Actual Loops": 4, "Inner Unique": false, "Hash Cond": "(ci.movie_id = mc.movie_id)", "Workers": [], "Plans": [{"Node Type": "Hash Join", "Parent Relationship": "Outer", "Parallel Aware": false, "Async Capable": false, "Join Type": "Inner", "Startup Cost": 1.16, "Total Cost": 344835.53, "Plan Rows": 35878, "Plan Width": 12, "Actual Rows": 4, "Actual Loops": 4, "Inner Unique": true, "Hash Cond": "(ci.role_id = rt.id)", "Workers": [], "Plans": [{"Node Type": "Seq Scan", "Parent Relationship": "Outer", "Parallel Aware": true, "Async Capable": false, "Relation Name": "cast_info", "Alias": "ci", "Startup Cost": 0.0, "Total Cost": 343305.05, "Plan Rows": 430541, "Plan Width": 16, "Actual Rows": 629181, "Actual Loops": 4, "Filter": "((note)::text = ANY ('{\"(executive producer)\",\"(head writer)\",(producer),\"(story editor)\"}'::text[]))", "Rows Removed by Filter": 8431905, "Workers": []}, {"Node Type": "Hash", "Parent Relationship": "Inner", "Parallel Aware": false, "Async Capable": false, "Startup Cost": 1.15, "Total Cost": 1.15, "Plan Rows": 1, "Plan Width": 4, "Actual Rows": 1, "Actual Loops": 4, "Hash Buckets": 1024, "Original Hash Buckets": 1024, "Hash Batches": 1, "Original Hash Batches": 1, "Peak Memory Usage": 9, "Workers": [], "Plans": [{"Node Type": "Seq Scan", "Parent Relationship": "Outer", "Parallel Aware": false, "Async Capable": false, "Relation Name": "role_type", "Alias": "rt", "Startup Cost": 0.0, "Total Cost": 1.15, "Plan Rows": 1, "Plan Width": 4, "Actual Rows": 1, "Actual Loops": 4, "Filter": "((role)::text = 'actor'::text)", "Rows Removed by Filter": 11, "Workers": []}]}]}, {"Node Type": "Hash", "Parent Relationship": "Inner", "Parallel Aware": true, "Async Capable": false, "Startup Cost": 37419.46, "Total Cost": 37419.46, "Plan Rows": 79612, "Plan Width": 4, "Actual Rows": 151368, "Actual Loops": 4, "Hash Buckets": 1048576, "Original Hash Buckets": 262144, "Hash Batches": 1, "Original Hash Batches": 1, "Peak Memory Usage": 38048, "Workers": [], "Plans": [{"Node Type": "Hash Join", "Parent Relationship": "Outer", "Parallel Aware": true, "Async Capable": false, "Join Type": "Inner", "Startup Cost": 5392.23, "Total Cost": 37419.46, "Plan Rows": 79612, "Plan Width": 4, "Actual Rows": 151368, "Actual Loops": 4, "Inner Unique": true, "Hash Cond": "(mc.company_id = cn.id)", "Workers": [], "Plans": [{"Node Type": "Seq Scan", "Parent Relationship": "Outer", "Parallel Aware": true, "Async Capable": false, "Relation Name": "movie_companies", "Alias": "mc", "Startup Cost": 0.0, "Total Cost": 31448.82, "Plan Rows": 220343, "Plan Width": 8, "Actual Rows": 329831, "Actual Loops": 4, "Filter": "((note IS NOT NULL) AND (((note)::text ~~ '%(as Metro-Goldwyn-Mayer Pictures)%'::text) OR ((note)::text !~~ '%(co-production)%'::text)))", "Rows Removed by Filter": 322451, "Workers": []}, {"Node Type": "Hash", "Parent Relationship": "Inner", "Parallel Aware": true, "Async Capable": false, "Startup Cost": 4767.92, "Total Cost": 4767.92, "Plan Rows": 49945, "Plan Width": 4, "Actual Rows": 21211, "Actual Loops": 4, "Hash Buckets": 131072, "Original Hash Buckets": 131072, "Hash Batches": 1, "Original Hash Batches": 1, "Peak Memory Usage": 4384, "Workers": [], "Plans": [{"Node Type": "Seq Scan", "Parent Relationship": "Outer", "Parallel Aware": true, "Async Capable": false, "Relation Name": "company_name", "Alias": "cn", "Startup Cost": 0.0, "Total Cost": 4767.92, "Plan Rows": 49945, "Plan Width": 4, "Actual Rows": 21211, "Actual Loops": 4, "Filter": "((country_code)::text = '[us]'::text)", "Rows Removed by Filter": 37538, "Workers": []}]}]}]}]}, {"Node Type": "Index Scan", "Parent Relationship": "Inner", "Parallel Aware": false, "Async Capable": false, "Scan Direction": "Forward", "Index Name": "name_pkey", "Relation Name": "name", "Alias": "n", "Startup Cost": 0.43, "Total Cost": 0.56, "Plan Rows": 1, "Plan Width": 4, "Actual Rows": 1, "Actual Loops": 6, "Index Cond": "(id = ci.person_id)", "Rows Removed by Index Recheck": 0, "Filter": "((gender)::text = 'm'::text)", "Rows Removed by Filter": 0, "Workers": []}]}, {"Node Type": "Index Scan", "Parent Relationship": "Inner", "Parallel Aware": false, "Async Capable": false, "Scan Direction": "Forward", "Index Name": "char_name_pkey", "Relation Name": "char_name", "Alias": "chn", "Startup Cost": 0.43, "Total Cost": 0.52, "Plan Rows": 1, "Plan Width": 20, "Actual Rows": 1, "Actual Loops": 6, "Index Cond": "(id = ci.person_role_id)", "Rows Removed by Index Recheck": 0, "Workers": []}]}, {"Node Type": "Index Scan", "Parent Relationship": "Inner", "Parallel Aware": false, "Async Capable": false, "Scan Direction": "Forward", "Index Name": "title_pkey", "Relation Name": "title", "Alias": "t", "Startup Cost": 0.43, "Total Cost": 0.52, "Plan Rows": 1, "Plan Width": 21, "Actual Rows": 1, "Actual Loops": 6, "Index Cond": "(id = ci.movie_id)", "Rows Removed by Index Recheck": 0, "Workers": []}]}]}]}]}]}]}, "Planning Time": 8.619, "Triggers": [], "Execution Time": 1790.795}, {"Plan": {"Node Type": "Aggregate", "Strategy": "Plain", "Partial Mode": "Finalize", "Parallel Aware": false, "Async Capable": false, "Startup Cost": 432189.55, "Total Cost": 432189.56, "Plan Rows": 1, "Plan Width": 96, "Actual Rows": 1, "Actual Loops": 1, "Plans": [{"Node Type": "Gather", "Parent Relationship": "Outer", "Parallel Aware": false, "Async Capable": false, "Startup Cost": 432189.22, "Total Cost": 432189.53, "Plan Rows": 3, "Plan Width": 96, "Actual Rows": 4, "Actual Loops": 1, "Workers Planned": 3, "Workers Launched": 3, "Single Copy": false, "Plans": [{"Node Type": "Aggregate", "Strategy": "Plain", "Partial Mode": "Partial", "Parent Relationship": "Outer", "Parallel Aware": false, "Async Capable": false, "Startup Cost": 431189.22, "Total Cost": 431189.23, "Plan Rows": 1, "Plan Width": 96, "Actual Rows": 1, "Actual Loops": 4, "Workers": [], "Plans": [{"Node Type": "Hash Join", "Parent Relationship": "Outer", "Parallel Aware": true, "Async Capable": false, "Join Type": "Inner", "Startup Cost": 414959.44, "Total Cost": 431136.7, "Plan Rows": 7003, "Plan Width": 49, "Actual Rows": 3, "Actual Loops": 4, "Inner Unique": false, "Hash Cond": "(ci.movie_id = mc.movie_id)", "Workers": [], "Plans": [{"Node Type": "Hash Join", "Parent Relationship": "Outer", "Parallel Aware": true, "Async Capable": false, "Join Type": "Inner", "Startup Cost": 376544.83, "Total Cost": 391963.77, "Plan Rows": 29429, "Plan Width": 57, "Actual Rows": 4, "Actual Loops": 4, "Inner Unique": false, "Hash Cond": "(an.person_id = n.id)", "Workers": [], "Plans": [{"Node Type": "Seq Scan", "Parent Relationship": "Outer", "Parallel Aware": true, "Async Capable": false, "Relation Name": "aka_name", "Alias": "an", "Startup Cost": 0.0, "Total Cost": 14323.56, "Plan Rows": 290756, "Plan Width": 20, "Actual Rows": 225336, "Actual Loops": 4, "Workers": []}, {"Node Type": "Hash", "Parent Relationship": "Inner", "Parallel Aware": true, "Async Capable": false, "Startup Cost": 376454.42, "Total Cost": 376454.42, "Plan Rows": 7233, "Plan Width": 49, "Actual Rows": 4, "Actual Loops": 4, "Hash Buckets": 65536, "Original Hash Buckets": 65536, "Hash Batches": 1, "Original Hash Batches": 1, "Peak Memory Usage": 640, "Workers": [], "Plans": [{"Node Type": "Nested Loop", "Parent Relationship": "Outer", "Parallel Aware": false, "Async Capable": false, "Join Type": "Inner", "Startup Cost": 2.45, "Total Cost": 376454.42, "Plan Rows": 7233, "Plan Width": 49, "Actual Rows": 4, "Actual Loops": 4, "Inner Unique": true, "Workers": [], "Plans": [{"Node Type": "Nested Loop", "Parent Relationship": "Outer", "Parallel Aware": false, "Async Capable": false, "Join Type": "Inner", "Startup Cost": 2.02, "Total Cost": 372713.53, "Plan Rows": 7233, "Plan Width": 28, "Actual Rows": 4, "Actual Loops": 4, "Inner Unique": true, "Workers": [], "Plans": [{"Node Type": "Nested Loop", "Parent Relationship": "Outer", "Parallel Aware": false, "Async Capable": false, "Join Type": "Inner", "Startup Cost": 1.59, "Total Cost": 364906.53, "Plan Rows": 14975, "Plan Width": 16, "Actual Rows": 4, "Actual Loops": 4, "Inner Unique": true, "Workers": [], "Plans": [{"Node Type": "Hash Join", "Parent Relationship": "Outer", "Parallel Aware": false, "Async Capable": false, "Join Type": "Inner", "Startup Cost": 1.16, "Total Cost": 344835.53, "Plan Rows": 35878, "Plan Width": 12, "Actual Rows": 4, "Actual Loops": 4, "Inner Unique": true, "Hash Cond": "(ci.role_id = rt.id)", "Workers": [], "Plans": [{"Node Type": "Seq Scan", "Parent Relationship": "Outer", "Parallel Aware": true, "Async Capable": false, "Relation Name": "cast_info", "Alias": "ci", "Startup Cost": 0.0, "Total Cost": 343305.05, "Plan Rows": 430541, "Plan Width": 16, "Actual Rows": 629181, "Actual Loops": 4, "Filter": "((note)::text = ANY ('{\"(executive producer)\",\"(head writer)\",(producer),\"(story editor)\"}'::text[]))", "Rows Removed by Filter": 8431905, "Workers": []}, {"Node Type": "Hash", "Parent Relationship": "Inner", "Parallel Aware": false, "Async Capable": false, "Startup Cost": 1.15, "Total Cost": 1.15, "Plan Rows": 1, "Plan Width": 4, "Actual Rows": 1, "Actual Loops": 4, "Hash Buckets": 1024, "Original Hash Buckets": 1024, "Hash Batches": 1, "Original Hash Batches": 1, "Peak Memory Usage": 9, "Workers": [], "Plans": [{"Node Type": "Seq Scan", "Parent Relationship": "Outer", "Parallel Aware": false, "Async Capable": false, "Relation Name": "role_type", "Alias": "rt", "Startup Cost": 0.0, "Total Cost": 1.15, "Plan Rows": 1, "Plan Width": 4, "Actual Rows": 1, "Actual Loops": 4, "Filter": "((role)::text = 'actor'::text)", "Rows Removed by Filter": 11, "Workers": []}]}]}, {"Node Type": "Index Scan", "Parent Relationship": "Inner", "Parallel Aware": false, "Async Capable": false, "Scan Direction": "Forward", "Index Name": "name_pkey", "Relation Name": "name", "Alias": "n", "Startup Cost": 0.43, "Total Cost": 0.56, "Plan Rows": 1, "Plan Width": 4, "Actual Rows": 1, "Actual Loops": 14, "Index Cond": "(id = ci.person_id)", "Rows Removed by Index Recheck": 0, "Filter": "((gender)::text = 'm'::text)", "Rows Removed by Filter": 0, "Workers": []}]}, {"Node Type": "Index Scan", "Parent Relationship": "Inner", "Parallel Aware": false, "Async Capable": false, "Scan Direction": "Forward", "Index Name": "char_name_pkey", "Relation Name": "char_name", "Alias": "chn", "Startup Cost": 0.43, "Total Cost": 0.52, "Plan Rows": 1, "Plan Width": 20, "Actual Rows": 1, "Actual Loops": 14, "Index Cond": "(id = ci.person_role_id)", "Rows Removed by Index Recheck": 0, "Workers": []}]}, {"Node Type": "Index Scan", "Parent Relationship": "Inner", "Parallel Aware": false, "Async Capable": false, "Scan Direction": "Forward", "Index Name": "title_pkey", "Relation Name": "title", "Alias": "t", "Startup Cost": 0.43, "Total Cost": 0.52, "Plan Rows": 1, "Plan Width": 21, "Actual Rows": 1, "Actual Loops": 14, "Index Cond": "(id = ci.movie_id)", "Rows Removed by Index Recheck": 0, "Workers": []}]}]}]}, {"Node Type": "Hash", "Parent Relationship": "Inner", "Parallel Aware": true, "Async Capable": false, "Startup Cost": 37419.46, "Total Cost": 37419.46, "Plan Rows": 79612, "Plan Width": 4, "Actual Rows": 151368, "Actual Loops": 4, "Hash Buckets": 1048576, "Original Hash Buckets": 262144, "Hash Batches": 1, "Original Hash Batches": 1, "Peak Memory Usage": 38080, "Workers": [], "Plans": [{"Node Type": "Hash Join", "Parent Relationship": "Outer", "Parallel Aware": true, "Async Capable": false, "Join Type": "Inner", "Startup Cost": 5392.23, "Total Cost": 37419.46, "Plan Rows": 79612, "Plan Width": 4, "Actual Rows": 151368, "Actual Loops": 4, "Inner Unique": true, "Hash Cond": "(mc.company_id = cn.id)", "Workers": [], "Plans": [{"Node Type": "Seq Scan", "Parent Relationship": "Outer", "Parallel Aware": true, "Async Capable": false, "Relation Name": "movie_companies", "Alias": "mc", "Startup Cost": 0.0, "Total Cost": 31448.82, "Plan Rows": 220343, "Plan Width": 8, "Actual Rows": 329831, "Actual Loops": 4, "Filter": "((note IS NOT NULL) AND (((note)::text ~~ '%(as Metro-Goldwyn-Mayer Pictures)%'::text) OR ((note)::text !~~ '%(co-production)%'::text)))", "Rows Removed by Filter": 322451, "Workers": []}, {"Node Type": "Hash", "Parent Relationship": "Inner", "Parallel Aware": true, "Async Capable": false, "Startup Cost": 4767.92, "Total Cost": 4767.92, "Plan Rows": 49945, "Plan Width": 4, "Actual Rows": 21211, "Actual Loops": 4, "Hash Buckets": 131072, "Original Hash Buckets": 131072, "Hash Batches": 1, "Original Hash Batches": 1, "Peak Memory Usage": 4416, "Workers": [], "Plans": [{"Node Type": "Seq Scan", "Parent Relationship": "Outer", "Parallel Aware": true, "Async Capable": false, "Relation Name": "company_name", "Alias": "cn", "Startup Cost": 0.0, "Total Cost": 4767.92, "Plan Rows": 49945, "Plan Width": 4, "Actual Rows": 21211, "Actual Loops": 4, "Filter": "((country_code)::text = '[us]'::text)", "Rows Removed by Filter": 37538, "Workers": []}]}]}]}]}]}]}]}, "Planning Time": 8.397, "Triggers": [], "Execution Time": 1830.049}, {"Plan": {"Node Type": "Aggregate", "Strategy": "Plain", "Partial Mode": "Finalize", "Parallel Aware": false, "Async Capable": false, "Startup Cost": 459201.78, "Total Cost": 459201.79, "Plan Rows": 1, "Plan Width": 96, "Actual Rows": 1, "Actual Loops": 1, "Plans": [{"Node Type": "Gather", "Parent Relationship": "Outer", "Parallel Aware": false, "Async Capable": false, "Startup Cost": 459201.34, "Total Cost": 459201.75, "Plan Rows": 4, "Plan Width": 96, "Actual Rows": 5, "Actual Loops": 1, "Workers Planned": 4, "Workers Launched": 4, "Single Copy": false, "Plans": [{"Node Type": "Aggregate", "Strategy": "Plain", "Partial Mode": "Partial", "Parent Relationship": "Outer", "Parallel Aware": false, "Async Capable": false, "Startup Cost": 458201.34, "Total Cost": 458201.35, "Plan Rows": 1, "Plan Width": 96, "Actual Rows": 1, "Actual Loops": 5, "Workers": [], "Plans": [{"Node Type": "Hash Join", "Parent Relationship": "Outer", "Parallel Aware": true, "Async Capable": false, "Join Type": "Inner", "Startup Cost": 406333.17, "Total Cost": 458160.63, "Plan Rows": 5428, "Plan Width": 49, "Actual Rows": 3, "Actual Loops": 5, "Inner Unique": false, "Hash Cond": "(t.id = ci.movie_id)", "Workers": [], "Plans": [{"Node Type": "Seq Scan", "Parent Relationship": "Outer", "Parallel Aware": true, "Async Capable": false, "Relation Name": "title", "Alias": "t", "Startup Cost": 0.0, "Total Cost": 42328.78, "Plan Rows": 632078, "Plan Width": 21, "Actual Rows": 505662, "Actual Loops": 5, "Workers": []}, {"Node Type": "Hash", "Parent Relationship": "Inner", "Parallel Aware": true, "Async Capable": false, "Startup Cost": 406245.63, "Total Cost": 406245.63, "Plan Rows": 7003, "Plan Width": 40, "Actual Rows": 3, "Actual Loops": 5, "Hash Buckets": 32768, "Original Hash Buckets": 32768, "Hash Batches": 1, "Original Hash Batches": 1, "Peak Memory Usage": 416, "Workers": [], "Plans": [{"Node Type": "Hash Join", "Parent Relationship": "Outer", "Parallel Aware": true, "Async Capable": false, "Join Type": "Inner", "Startup Cost": 390830.54, "Total Cost": 406245.63, "Plan Rows": 7003, "Plan Width": 40, "Actual Rows": 3, "Actual Loops": 5, "Inner Unique": false, "Hash Cond": "(an.person_id = n.id)", "Workers": [], "Plans": [{"Node Type": "Seq Scan", "Parent Relationship": "Outer", "Parallel Aware": true, "Async Capable": false, "Relation Name": "aka_name", "Alias": "an", "Startup Cost": 0.0, "Total Cost": 14323.56, "Plan Rows": 290756, "Plan Width": 20, "Actual Rows": 180269, "Actual Loops": 5, "Workers": []}, {"Node Type": "Hash", "Parent Relationship": "Inner", "Parallel Aware": true, "Async Capable": false, "Startup Cost": 390809.03, "Total Cost": 390809.03, "Plan Rows": 1721, "Plan Width": 32, "Actual Rows": 1, "Actual Loops": 5, "Hash Buckets": 16384, "Original Hash Buckets": 16384, "Hash Batches": 1, "Original Hash Batches": 1, "Peak Memory Usage": 224, "Workers": [], "Plans": [{"Node Type": "Nested Loop", "Parent Relationship": "Outer", "Parallel Aware": false, "Async Capable": false, "Join Type": "Inner", "Startup Cost": 38416.63, "Total Cost": 390809.03, "Plan Rows": 1721, "Plan Width": 32, "Actual Rows": 1, "Actual Loops": 5, "Inner Unique": true, "Workers": [], "Plans": [{"Node Type": "Nested Loop", "Parent Relationship": "Outer", "Parallel Aware": false, "Async Capable": false, "Join Type": "Inner", "Startup Cost": 38416.2, "Total Cost": 388950.99, "Plan Rows": 3564, "Plan Width": 20, "Actual Rows": 1, "Actual Loops": 5, "Inner Unique": true, "Workers": [], "Plans": [{"Node Type": "Hash Join", "Parent Relationship": "Outer", "Parallel Aware": true, "Async Capable": false, "Join Type": "Inner", "Startup Cost": 38415.77, "Total Cost": 384174.63, "Plan Rows": 8538, "Plan Width": 16, "Actual Rows": 1, "Actual Loops": 5, "Inner Unique": false, "Hash Cond": "(ci.movie_id = mc.movie_id)", "Workers": [], "Plans": [{"Node Type": "Hash Join", "Parent Relationship": "Outer", "Parallel Aware": false, "Async Capable": false, "Join Type": "Inner", "Startup Cost": 1.16, "Total Cost": 344835.53, "Plan Rows": 35878, "Plan Width": 12, "Actual Rows": 3, "Actual Loops": 5, "Inner Unique": true, "Hash Cond": "(ci.role_id = rt.id)", "Workers": [], "Plans": [{"Node Type": "Seq Scan", "Parent Relationship": "Outer", "Parallel Aware": true, "Async Capable": false, "Relation Name": "cast_info", "Alias": "ci", "Startup Cost": 0.0, "Total Cost": 343305.05, "Plan Rows": 430541, "Plan Width": 16, "Actual Rows": 503345, "Actual Loops": 5, "Filter": "((note)::text = ANY ('{\"(executive producer)\",\"(head writer)\",(producer),\"(story editor)\"}'::text[]))", "Rows Removed by Filter": 6745524, "Workers": []}, {"Node Type": "Hash", "Parent Relationship": "Inner", "Parallel Aware": false, "Async Capable": false, "Startup Cost": 1.15, "Total Cost": 1.15, "Plan Rows": 1, "Plan Width": 4, "Actual Rows": 1, "Actual Loops": 5, "Hash Buckets": 1024, "Original Hash Buckets": 1024, "Hash Batches": 1, "Original Hash Batches": 1, "Peak Memory Usage": 9, "Workers": [], "Plans": [{"Node Type": "Seq Scan", "Parent Relationship": "Outer", "Parallel Aware": false, "Async Capable": false, "Relation Name": "role_type", "Alias": "rt", "Startup Cost": 0.0, "Total Cost": 1.15, "Plan Rows": 1, "Plan Width": 4, "Actual Rows": 1, "Actual Loops": 5, "Filter": "((role)::text = 'actor'::text)", "Rows Removed by Filter": 11, "Workers": []}]}]}, {"Node Type": "Hash", "Parent Relationship": "Inner", "Parallel Aware": true, "Async Capable": false, "Startup Cost": 37419.46, "Total Cost": 37419.46, "Plan Rows": 79612, "Plan Width": 4, "Actual Rows": 121094, "Actual Loops": 5, "Hash Buckets": 1048576, "Original Hash Buckets": 262144, "Hash Batches": 1, "Original Hash Batches": 1, "Peak Memory Usage": 38112, "Workers": [], "Plans": [{"Node Type": "Hash Join", "Parent Relationship": "Outer", "Parallel Aware": true, "Async Capable": false, "Join Type": "Inner", "Startup Cost": 5392.23, "Total Cost": 37419.46, "Plan Rows": 79612, "Plan Width": 4, "Actual Rows": 121094, "Actual Loops": 5, "Inner Unique": true, "Hash Cond": "(mc.company_id = cn.id)", "Workers": [], "Plans": [{"Node Type": "Seq Scan", "Parent Relationship": "Outer", "Parallel Aware": true, "Async Capable": false, "Relation Name": "movie_companies", "Alias": "mc", "Startup Cost": 0.0, "Total Cost": 31448.82, "Plan Rows": 220343, "Plan Width": 8, "Actual Rows": 263865, "Actual Loops": 5, "Filter": "((note IS NOT NULL) AND (((note)::text ~~ '%(as Metro-Goldwyn-Mayer Pictures)%'::text) OR ((note)::text !~~ '%(co-production)%'::text)))", "Rows Removed by Filter": 257961, "Workers": []}, {"Node Type": "Hash", "Parent Relationship": "Inner", "Parallel Aware": true, "Async Capable": false, "Startup Cost": 4767.92, "Total Cost": 4767.92, "Plan Rows": 49945, "Plan Width": 4, "Actual Rows": 16969, "Actual Loops": 5, "Hash Buckets": 131072, "Original Hash Buckets": 131072, "Hash Batches": 1, "Original Hash Batches": 1, "Peak Memory Usage": 4416, "Workers": [], "Plans": [{"Node Type": "Seq Scan", "Parent Relationship": "Outer", "Parallel Aware": true, "Async Capable": false, "Relation Name": "company_name", "Alias": "cn", "Startup Cost": 0.0, "Total Cost": 4767.92, "Plan Rows": 49945, "Plan Width": 4, "Actual Rows": 16969, "Actual Loops": 5, "Filter": "((country_code)::text = '[us]'::text)", "Rows Removed by Filter": 30031, "Workers": []}]}]}]}]}, {"Node Type": "Index Scan", "Parent Relationship": "Inner", "Parallel Aware": false, "Async Capable": false, "Scan Direction": "Forward", "Index Name": "name_pkey", "Relation Name": "name", "Alias": "n", "Startup Cost": 0.43, "Total Cost": 0.56, "Plan Rows": 1, "Plan Width": 4, "Actual Rows": 1, "Actual Loops": 6, "Index Cond": "(id = ci.person_id)", "Rows Removed by Index Recheck": 0, "Filter": "((gender)::text = 'm'::text)", "Rows Removed by Filter": 0, "Workers": []}]}, {"Node Type": "Index Scan", "Parent Relationship": "Inner", "Parallel Aware": false, "Async Capable": false, "Scan Direction": "Forward", "Index Name": "char_name_pkey", "Relation Name": "char_name", "Alias": "chn", "Startup Cost": 0.43, "Total Cost": 0.52, "Plan Rows": 1, "Plan Width": 20, "Actual Rows": 1, "Actual Loops": 6, "Index Cond": "(id = ci.person_role_id)", "Rows Removed by Index Recheck": 0, "Workers": []}]}]}]}]}]}]}]}]}, "Planning Time": 8.78, "Triggers": [], "Execution Time": 1560.653}, {"Plan": {"Node Type": "Aggregate", "Strategy": "Plain", "Partial Mode": "Simple", "Parallel Aware": false, "Async Capable": false, "Startup Cost": 442979.16, "Total Cost": 442979.17, "Plan Rows": 1, "Plan Width": 96, "Actual Rows": 1, "Actual Loops": 1, "Plans": [{"Node Type": "Merge Join", "Parent Relationship": "Outer", "Parallel Aware": false, "Async Capable": false, "Join Type": "Inner", "Startup Cost": 429528.23, "Total Cost": 442816.34, "Plan Rows": 21710, "Plan Width": 49, "Actual Rows": 13, "Actual Loops": 1, "Inner Unique": false, "Merge Cond": "(cn.id = mc.company_id)", "Plans": [{"Node Type": "Index Scan", "Parent Relationship": "Outer", "Parallel Aware": false, "Async Capable": false, "Scan Direction": "Forward", "Index Name": "company_name_pkey", "Relation Name": "company_name", "Alias": "cn", "Startup Cost": 0.42, "Total Cost": 12559.02, "Plan Rows": 84906, "Plan Width": 4, "Actual Rows": 14699, "Actual Loops": 1, "Filter": "((country_code)::text = '[us]'::text)", "Rows Removed by Filter": 26667}, {"Node Type": "Sort", "Parent Relationship": "Inner", "Parallel Aware": false, "Async Capable": false, "Startup Cost": 429527.52, "Total Cost": 429677.74, "Plan Rows": 60088, "Plan Width": 53, "Actual Rows": 18, "Actual Loops": 1, "Sort Key": ["mc.company_id"], "Sort Method": "quicksort", "Sort Space Used": 26, "Sort Space Type": "Memory", "Plans": [{"Node Type": "Gather", "Parent Relationship": "Outer", "Parallel Aware": false, "Async Capable": false, "Startup Cost": 403332.08, "Total Cost": 424758.1, "Plan Rows": 60088, "Plan Width": 53, "Actual Rows": 18, "Actual Loops": 1, "Workers Planned": 3, "Workers Launched": 3, "Single Copy": false, "Plans": [{"Node Type": "Hash Join", "Parent Relationship": "Outer", "Parallel Aware": true, "Async Capable": false, "Join Type": "Inner", "Startup Cost": 402332.08, "Total Cost": 417749.3, "Plan Rows": 19383, "Plan Width": 53, "Actual Rows": 4, "Actual Loops": 4, "Inner Unique": false, "Hash Cond": "(an.person_id = n.id)", "Workers": [], "Plans": [{"Node Type": "Seq Scan", "Parent Relationship": "Outer", "Parallel Aware": true, "Async Capable": false, "Relation Name": "aka_name", "Alias": "an", "Startup Cost": 0.0, "Total Cost": 14323.56, "Plan Rows": 290756, "Plan Width": 20, "Actual Rows": 225336, "Actual Loops": 4, "Workers": []}, {"Node Type": "Hash", "Parent Relationship": "Inner", "Parallel Aware": true, "Async Capable": false, "Startup Cost": 402272.53, "Total Cost": 402272.53, "Plan Rows": 4764, "Plan Width": 45, "Actual Rows": 2, "Actual Loops": 4, "Hash Buckets": 32768, "Original Hash Buckets": 32768, "Hash Batches": 1, "Original Hash Batches": 1, "Peak Memory Usage": 288, "Workers": [], "Plans": [{"Node Type": "Nested Loop", "Parent Relationship": "Outer", "Parallel Aware": false, "Async Capable": false, "Join Type": "Inner", "Startup Cost": 34205.56, "Total Cost": 402272.53, "Plan Rows": 4764, "Plan Width": 45, "Actual Rows": 2, "Actual Loops": 4, "Inner Unique": true, "Workers": [], "Plans": [{"Node Type": "Nested Loop", "Parent Relationship": "Outer", "Parallel Aware": false, "Async Capable": false, "Join Type": "Inner", "Startup Cost": 34205.13, "Total Cost": 399808.61, "Plan Rows": 4764, "Plan Width": 36, "Actual Rows": 2, "Actual Loops": 4, "Inner Unique": true, "Workers": [], "Plans": [{"Node Type": "Nested Loop", "Parent Relationship": "Outer", "Parallel Aware": false, "Async Capable": false, "Join Type": "Inner", "Startup Cost": 34204.7, "Total Cost": 394666.67, "Plan Rows": 9863, "Plan Width": 24, "Actual Rows": 2, "Actual Loops": 4, "Inner Unique": true, "Workers": [], "Plans": [{"Node Type": "Hash Join", "Parent Relationship": "Outer", "Parallel Aware": true, "Async Capable": false, "Join Type": "Inner", "Startup Cost": 34204.27, "Total Cost": 381446.93, "Plan Rows": 23631, "Plan Width": 20, "Actual Rows": 2, "Actual Loops": 4, "Inner Unique": false, "Hash Cond": "(ci.movie_id = mc.movie_id)", "Workers": [], "Plans": [{"Node Type": "Hash Join", "Parent Relationship": "Outer", "Parallel Aware": false, "Async Capable": false, "Join Type": "Inner", "Startup Cost": 1.16, "Total Cost": 344835.53, "Plan Rows": 35878, "Plan Width": 12, "Actual Rows": 4, "Actual Loops": 4, "Inner Unique": true, "Hash Cond": "(ci.role_id = rt.id)", "Workers": [], "Plans": [{"Node Type": "Seq Scan", "Parent Relationship": "Outer", "Parallel Aware": true, "Async Capable": false, "Relation Name": "cast_info", "Alias": "ci", "Startup Cost": 0.0, "Total Cost": 343305.05, "Plan Rows": 430541, "Plan Width": 16, "Actual Rows": 629181, "Actual Loops": 4, "Filter": "((note)::text = ANY ('{\"(executive producer)\",\"(head writer)\",(producer),\"(story editor)\"}'::text[]))", "Rows Removed by Filter": 8431905, "Workers": []}, {"Node Type": "Hash", "Parent Relationship": "Inner", "Parallel Aware": false, "Async Capable": false, "Startup Cost": 1.15, "Total Cost": 1.15, "Plan Rows": 1, "Plan Width": 4, "Actual Rows": 1, "Actual Loops": 4, "Hash Buckets": 1024, "Original Hash Buckets": 1024, "Hash Batches": 1, "Original Hash Batches": 1, "Peak Memory Usage": 9, "Workers": [], "Plans": [{"Node Type": "Seq Scan", "Parent Relationship": "Outer", "Parallel Aware": false, "Async Capable": false, "Relation Name": "role_type", "Alias": "rt", "Startup Cost": 0.0, "Total Cost": 1.15, "Plan Rows": 1, "Plan Width": 4, "Actual Rows": 1, "Actual Loops": 4, "Filter": "((role)::text = 'actor'::text)", "Rows Removed by Filter": 11, "Workers": []}]}]}, {"Node Type": "Hash", "Parent Relationship": "Inner", "Parallel Aware": true, "Async Capable": false, "Startup Cost": 31448.82, "Total Cost": 31448.82, "Plan Rows": 220343, "Plan Width": 8, "Actual Rows": 329831, "Actual Loops": 4, "Hash Buckets": 2097152, "Original Hash Buckets": 1048576, "Hash Batches": 1, "Original Hash Batches": 1, "Peak Memory Usage": 76256, "Workers": [], "Plans": [{"Node Type": "Seq Scan", "Parent Relationship": "Outer", "Parallel Aware": true, "Async Capable": false, "Relation Name": "movie_companies", "Alias": "mc", "Startup Cost": 0.0, "Total Cost": 31448.82, "Plan Rows": 220343, "Plan Width": 8, "Actual Rows": 329831, "Actual Loops": 4, "Filter": "((note IS NOT NULL) AND (((note)::text ~~ '%(as Metro-Goldwyn-Mayer Pictures)%'::text) OR ((note)::text !~~ '%(co-production)%'::text)))", "Rows Removed by Filter": 322451, "Workers": []}]}]}, {"Node Type": "Index Scan", "Parent Relationship": "Inner", "Parallel Aware": false, "Async Capable": false, "Scan Direction": "Forward", "Index Name": "name_pkey", "Relation Name": "name", "Alias": "n", "Startup Cost": 0.43, "Total Cost": 0.56, "Plan Rows": 1, "Plan Width": 4, "Actual Rows": 1, "Actual Loops": 9, "Index Cond": "(id = ci.person_id)", "Rows Removed by Index Recheck": 0, "Filter": "((gender)::text = 'm'::text)", "Rows Removed by Filter": 0, "Workers": []}]}, {"Node Type": "Index Scan", "Parent Relationship": "Inner", "Parallel Aware": false, "Async Capable": false, "Scan Direction": "Forward", "Index Name": "char_name_pkey", "Relation Name": "char_name", "Alias": "chn", "Startup Cost": 0.43, "Total Cost": 0.52, "Plan Rows": 1, "Plan Width": 20, "Actual Rows": 1, "Actual Loops": 9, "Index Cond": "(id = ci.person_role_id)", "Rows Removed by Index Recheck": 0, "Workers": []}]}, {"Node Type": "Index Scan", "Parent Relationship": "Inner", "Parallel Aware": false, "Async Capable": false, "Scan Direction": "Forward", "Index Name": "title_pkey", "Relation Name": "title", "Alias": "t", "Startup Cost": 0.43, "Total Cost": 0.52, "Plan Rows": 1, "Plan Width": 21, "Actual Rows": 1, "Actual Loops": 9, "Index Cond": "(id = ci.movie_id)", "Rows Removed by Index Recheck": 0, "Workers": []}]}]}]}]}]}]}]}, "Planning Time": 5.066, "Triggers": [], "Execution Time": 1880.053}, {"Plan": {"Node Type": "Aggregate", "Strategy": "Plain", "Partial Mode": "Finalize", "Parallel Aware": false, "Async Capable": false, "Startup Cost": 414866.91, "Total Cost": 414866.92, "Plan Rows": 1, "Plan Width": 96, "Actual Rows": 1, "Actual Loops": 1, "Plans": [{"Node Type": "Gather", "Parent Relationship": "Outer", "Parallel Aware": false, "Async Capable": false, "Startup Cost": 414866.58, "Total Cost": 414866.89, "Plan Rows": 3, "Plan Width": 96, "Actual Rows": 4, "Actual Loops": 1, "Workers Planned": 3, "Workers Launched": 3, "Single Copy": false, "Plans": [{"Node Type": "Aggregate", "Strategy": "Plain", "Partial Mode": "Partial", "Parent Relationship": "Outer", "Parallel Aware": false, "Async Capable": false, "Startup Cost": 413866.58, "Total Cost": 413866.59, "Plan Rows": 1, "Plan Width": 96, "Actual Rows": 1, "Actual Loops": 4, "Workers": [], "Plans": [{"Node Type": "Nested Loop", "Parent Relationship": "Outer", "Parallel Aware": false, "Async Capable": false, "Join Type": "Inner", "Startup Cost": 390839.26, "Total Cost": 413814.06, "Plan Rows": 7003, "Plan Width": 49, "Actual Rows": 3, "Actual Loops": 4, "Inner Unique": true, "Workers": [], "Plans": [{"Node Type": "Hash Join", "Parent Relationship": "Outer", "Parallel Aware": true, "Async Capable": false, "Join Type": "Inner", "Startup Cost": 390838.83, "Total Cost": 406255.21, "Plan Rows": 14499, "Plan Width": 37, "Actual Rows": 3, "Actual Loops": 4, "Inner Unique": false, "Hash Cond": "(an.person_id = n.id)", "Workers": [], "Plans": [{"Node Type": "Seq Scan", "Parent Relationship": "Outer", "Parallel Aware": true, "Async Capable": false, "Relation Name": "aka_name", "Alias": "an", "Startup Cost": 0.0, "Total Cost": 14323.56, "Plan Rows": 290756, "Plan Width": 20, "Actual Rows": 225336, "Actual Loops": 4, "Workers": []}, {"Node Type": "Hash", "Parent Relationship": "Inner", "Parallel Aware": true, "Async Capable": false, "Startup Cost": 390794.28, "Total Cost": 390794.28, "Plan Rows": 3564, "Plan Width": 29, "Actual Rows": 2, "Actual Loops": 4, "Hash Buckets": 32768, "Original Hash Buckets": 32768, "Hash Batches": 1, "Original Hash Batches": 1, "Peak Memory Usage": 352, "Workers": [], "Plans": [{"Node Type": "Nested Loop", "Parent Relationship": "Outer", "Parallel Aware": false, "Async Capable": false, "Join Type": "Inner", "Startup Cost": 38416.63, "Total Cost": 390794.28, "Plan Rows": 3564, "Plan Width": 29, "Actual Rows": 2, "Actual Loops": 4, "Inner Unique": true, "Workers": [], "Plans": [{"Node Type": "Nested Loop", "Parent Relationship": "Outer", "Parallel Aware": false, "Async Capable": false, "Join Type": "Inner", "Startup Cost": 38416.2, "Total Cost": 388950.99, "Plan Rows": 3564, "Plan Width": 20, "Actual Rows": 2, "Actual Loops": 4, "Inner Unique": true, "Workers": [], "Plans": [{"Node Type": "Hash Join", "Parent Relationship": "Outer", "Parallel Aware": true, "Async Capable": false, "Join Type": "Inner", "Startup Cost": 38415.77, "Total Cost": 384174.63, "Plan Rows": 8538, "Plan Width": 16, "Actual Rows": 2, "Actual Loops": 4, "Inner Unique": false, "Hash Cond": "(ci.movie_id = mc.movie_id)", "Workers": [], "Plans": [{"Node Type": "Hash Join", "Parent Relationship": "Outer", "Parallel Aware": false, "Async Capable": false, "Join Type": "Inner", "Startup Cost": 1.16, "Total Cost": 344835.53, "Plan Rows": 35878, "Plan Width": 12, "Actual Rows": 4, "Actual Loops": 4, "Inner Unique": true, "Hash Cond": "(ci.role_id = rt.id)", "Workers": [], "Plans": [{"Node Type": "Seq Scan", "Parent Relationship": "Outer", "Parallel Aware": true, "Async Capable": false, "Relation Name": "cast_info", "Alias": "ci", "Startup Cost": 0.0, "Total Cost": 343305.05, "Plan Rows": 430541, "Plan Width": 16, "Actual Rows": 629181, "Actual Loops": 4, "Filter": "((note)::text = ANY ('{\"(executive producer)\",\"(head writer)\",(producer),\"(story editor)\"}'::text[]))", "Rows Removed by Filter": 8431905, "Workers": []}, {"Node Type": "Hash", "Parent Relationship": "Inner", "Parallel Aware": false, "Async Capable": false, "Startup Cost": 1.15, "Total Cost": 1.15, "Plan Rows": 1, "Plan Width": 4, "Actual Rows": 1, "Actual Loops": 4, "Hash Buckets": 1024, "Original Hash Buckets": 1024, "Hash Batches": 1, "Original Hash Batches": 1, "Peak Memory Usage": 9, "Workers": [], "Plans": [{"Node Type": "Seq Scan", "Parent Relationship": "Outer", "Parallel Aware": false, "Async Capable": false, "Relation Name": "role_type", "Alias": "rt", "Startup Cost": 0.0, "Total Cost": 1.15, "Plan Rows": 1, "Plan Width": 4, "Actual Rows": 1, "Actual Loops": 4, "Filter": "((role)::text = 'actor'::text)", "Rows Removed by Filter": 11, "Workers": []}]}]}, {"Node Type": "Hash", "Parent Relationship": "Inner", "Parallel Aware": true, "Async Capable": false, "Startup Cost": 37419.46, "Total Cost": 37419.46, "Plan Rows": 79612, "Plan Width": 4, "Actual Rows": 151368, "Actual Loops": 4, "Hash Buckets": 1048576, "Original Hash Buckets": 262144, "Hash Batches": 1, "Original Hash Batches": 1, "Peak Memory Usage": 38112, "Workers": [], "Plans": [{"Node Type": "Hash Join", "Parent Relationship": "Outer", "Parallel Aware": true, "Async Capable": false, "Join Type": "Inner", "Startup Cost": 5392.23, "Total Cost": 37419.46, "Plan Rows": 79612, "Plan Width": 4, "Actual Rows": 151368, "Actual Loops": 4, "Inner Unique": true, "Hash Cond": "(mc.company_id = cn.id)", "Workers": [], "Plans": [{"Node Type": "Seq Scan", "Parent Relationship": "Outer", "Parallel Aware": true, "Async Capable": false, "Relation Name": "movie_companies", "Alias": "mc", "Startup Cost": 0.0, "Total Cost": 31448.82, "Plan Rows": 220343, "Plan Width": 8, "Actual Rows": 329831, "Actual Loops": 4, "Filter": "((note IS NOT NULL) AND (((note)::text ~~ '%(as Metro-Goldwyn-Mayer Pictures)%'::text) OR ((note)::text !~~ '%(co-production)%'::text)))", "Rows Removed by Filter": 322451, "Workers": []}, {"Node Type": "Hash", "Parent Relationship": "Inner", "Parallel Aware": true, "Async Capable": false, "Startup Cost": 4767.92, "Total Cost": 4767.92, "Plan Rows": 49945, "Plan Width": 4, "Actual Rows": 21211, "Actual Loops": 4, "Hash Buckets": 131072, "Original Hash Buckets": 131072, "Hash Batches": 1, "Original Hash Batches": 1, "Peak Memory Usage": 4384, "Workers": [], "Plans": [{"Node Type": "Seq Scan", "Parent Relationship": "Outer", "Parallel Aware": true, "Async Capable": false, "Relation Name": "company_name", "Alias": "cn", "Startup Cost": 0.0, "Total Cost": 4767.92, "Plan Rows": 49945, "Plan Width": 4, "Actual Rows": 21211, "Actual Loops": 4, "Filter": "((country_code)::text = '[us]'::text)", "Rows Removed by Filter": 37538, "Workers": []}]}]}]}]}, {"Node Type": "Index Scan", "Parent Relationship": "Inner", "Parallel Aware": false, "Async Capable": false, "Scan Direction": "Forward", "Index Name": "name_pkey", "Relation Name": "name", "Alias": "n", "Startup Cost": 0.43, "Total Cost": 0.56, "Plan Rows": 1, "Plan Width": 4, "Actual Rows": 1, "Actual Loops": 6, "Index Cond": "(id = ci.person_id)", "Rows Removed by Index Recheck": 0, "Filter": "((gender)::text = 'm'::text)", "Rows Removed by Filter": 0, "Workers": []}]}, {"Node Type": "Index Scan", "Parent Relationship": "Inner", "Parallel Aware": false, "Async Capable": false, "Scan Direction": "Forward", "Index Name": "title_pkey", "Relation Name": "title", "Alias": "t", "Startup Cost": 0.43, "Total Cost": 0.52, "Plan Rows": 1, "Plan Width": 21, "Actual Rows": 1, "Actual Loops": 6, "Index Cond": "(id = ci.movie_id)", "Rows Removed by Index Recheck": 0, "Workers": []}]}]}]}, {"Node Type": "Index Scan", "Parent Relationship": "Inner", "Parallel Aware": false, "Async Capable": false, "Scan Direction": "Forward", "Index Name": "char_name_pkey", "Relation Name": "char_name", "Alias": "chn", "Startup Cost": 0.43, "Total Cost": 0.52, "Plan Rows": 1, "Plan Width": 20, "Actual Rows": 1, "Actual Loops": 13, "Index Cond": "(id = ci.person_role_id)", "Rows Removed by Index Recheck": 0, "Workers": []}]}]}]}]}, "Planning Time": 8.252, "Triggers": [], "Execution Time": 1834.621}, {"Plan": {"Node Type": "Aggregate", "Strategy": "Plain", "Partial Mode": "Finalize", "Parallel Aware": false, "Async Capable": false, "Startup Cost": 424245.26, "Total Cost": 424245.27, "Plan Rows": 1, "Plan Width": 96, "Actual Rows": 1, "Actual Loops": 1, "Plans": [{"Node Type": "Gather", "Parent Relationship": "Outer", "Parallel Aware": false, "Async Capable": false, "Startup Cost": 424244.93, "Total Cost": 424245.24, "Plan Rows": 3, "Plan Width": 96, "Actual Rows": 4, "Actual Loops": 1, "Workers Planned": 3, "Workers Launched": 3, "Single Copy": false, "Plans": [{"Node Type": "Aggregate", "Strategy": "Plain", "Partial Mode": "Partial", "Parent Relationship": "Outer", "Parallel Aware": false, "Async Capable": false, "Startup Cost": 423244.93, "Total Cost": 423244.94, "Plan Rows": 1, "Plan Width": 96, "Actual Rows": 1, "Actual Loops": 4, "Workers": [], "Plans": [{"Node Type": "Hash Join", "Parent Relationship": "Outer", "Parallel Aware": true, "Async Capable": false, "Join Type": "Inner", "Startup Cost": 407724.31, "Total Cost": 423192.41, "Plan Rows": 7003, "Plan Width": 49, "Actual Rows": 3, "Actual Loops": 4, "Inner Unique": true, "Hash Cond": "(mc.company_id = cn.id)", "Workers": [], "Plans": [{"Node Type": "Hash Join", "Parent Relationship": "Outer", "Parallel Aware": true, "Async Capable": false, "Join Type": "Inner", "Startup Cost": 402332.08, "Total Cost": 417749.3, "Plan Rows": 19383, "Plan Width": 53, "Actual Rows": 4, "Actual Loops": 4, "Inner Unique": false, "Hash Cond": "(an.person_id = n.id)", "Workers": [], "Plans": [{"Node Type": "Seq Scan", "Parent Relationship": "Outer", "Parallel Aware": true, "Async Capable": false, "Relation Name": "aka_name", "Alias": "an", "Startup Cost": 0.0, "Total Cost": 14323.56, "Plan Rows": 290756, "Plan Width": 20, "Actual Rows": 225336, "Actual Loops": 4, "Workers": []}, {"Node Type": "Hash", "Parent Relationship": "Inner", "Parallel Aware": true, "Async Capable": false, "Startup Cost": 402272.53, "Total Cost": 402272.53, "Plan Rows": 4764, "Plan Width": 45, "Actual Rows": 2, "Actual Loops": 4, "Hash Buckets": 32768, "Original Hash Buckets": 32768, "Hash Batches": 1, "Original Hash Batches": 1, "Peak Memory Usage": 352, "Workers": [], "Plans": [{"Node Type": "Nested Loop", "Parent Relationship": "Outer", "Parallel Aware": false, "Async Capable": false, "Join Type": "Inner", "Startup Cost": 34205.56, "Total Cost": 402272.53, "Plan Rows": 4764, "Plan Width": 45, "Actual Rows": 2, "Actual Loops": 4, "Inner Unique": true, "Workers": [], "Plans": [{"Node Type": "Nested Loop", "Parent Relationship": "Outer", "Parallel Aware": false, "Async Capable": false, "Join Type": "Inner", "Startup Cost": 34205.13, "Total Cost": 399808.61, "Plan Rows": 4764, "Plan Width": 36, "Actual Rows": 2, "Actual Loops": 4, "Inner Unique": true, "Workers": [], "Plans": [{"Node Type": "Nested Loop", "Parent Relationship": "Outer", "Parallel Aware": false, "Async Capable": false, "Join Type": "Inner", "Startup Cost": 34204.7, "Total Cost": 394666.67, "Plan Rows": 9863, "Plan Width": 24, "Actual Rows": 2, "Actual Loops": 4, "Inner Unique": true, "Workers": [], "Plans": [{"Node Type": "Hash Join", "Parent Relationship": "Outer", "Parallel Aware": true, "Async Capable": false, "Join Type": "Inner", "Startup Cost": 34204.27, "Total Cost": 381446.93, "Plan Rows": 23631, "Plan Width": 20, "Actual Rows": 2, "Actual Loops": 4, "Inner Unique": false, "Hash Cond": "(ci.movie_id = mc.movie_id)", "Workers": [], "Plans": [{"Node Type": "Hash Join", "Parent Relationship": "Outer", "Parallel Aware": false, "Async Capable": false, "Join Type": "Inner", "Startup Cost": 1.16, "Total Cost": 344835.53, "Plan Rows": 35878, "Plan Width": 12, "Actual Rows": 4, "Actual Loops": 4, "Inner Unique": true, "Hash Cond": "(ci.role_id = rt.id)", "Workers": [], "Plans": [{"Node Type": "Seq Scan", "Parent Relationship": "Outer", "Parallel Aware": true, "Async Capable": false, "Relation Name": "cast_info", "Alias": "ci", "Startup Cost": 0.0, "Total Cost": 343305.05, "Plan Rows": 430541, "Plan Width": 16, "Actual Rows": 629181, "Actual Loops": 4, "Filter": "((note)::text = ANY ('{\"(executive producer)\",\"(head writer)\",(producer),\"(story editor)\"}'::text[]))", "Rows Removed by Filter": 8431905, "Workers": []}, {"Node Type": "Hash", "Parent Relationship": "Inner", "Parallel Aware": false, "Async Capable": false, "Startup Cost": 1.15, "Total Cost": 1.15, "Plan Rows": 1, "Plan Width": 4, "Actual Rows": 1, "Actual Loops": 4, "Hash Buckets": 1024, "Original Hash Buckets": 1024, "Hash Batches": 1, "Original Hash Batches": 1, "Peak Memory Usage": 9, "Workers": [], "Plans": [{"Node Type": "Seq Scan", "Parent Relationship": "Outer", "Parallel Aware": false, "Async Capable": false, "Relation Name": "role_type", "Alias": "rt", "Startup Cost": 0.0, "Total Cost": 1.15, "Plan Rows": 1, "Plan Width": 4, "Actual Rows": 1, "Actual Loops": 4, "Filter": "((role)::text = 'actor'::text)", "Rows Removed by Filter": 11, "Workers": []}]}]}, {"Node Type": "Hash", "Parent Relationship": "Inner", "Parallel Aware": true, "Async Capable": false, "Startup Cost": 31448.82, "Total Cost": 31448.82, "Plan Rows": 220343, "Plan Width": 8, "Actual Rows": 329831, "Actual Loops": 4, "Hash Buckets": 2097152, "Original Hash Buckets": 1048576, "Hash Batches": 1, "Original Hash Batches": 1, "Peak Memory Usage": 76224, "Workers": [], "Plans": [{"Node Type": "Seq Scan", "Parent Relationship": "Outer", "Parallel Aware": true, "Async Capable": false, "Relation Name": "movie_companies", "Alias": "mc", "Startup Cost": 0.0, "Total Cost": 31448.82, "Plan Rows": 220343, "Plan Width": 8, "Actual Rows": 329831, "Actual Loops": 4, "Filter": "((note IS NOT NULL) AND (((note)::text ~~ '%(as Metro-Goldwyn-Mayer Pictures)%'::text) OR ((note)::text !~~ '%(co-production)%'::text)))", "Rows Removed by Filter": 322451, "Workers": []}]}]}, {"Node Type": "Index Scan", "Parent Relationship": "Inner", "Parallel Aware": false, "Async Capable": false, "Scan Direction": "Forward", "Index Name": "name_pkey", "Relation Name": "name", "Alias": "n", "Startup Cost": 0.43, "Total Cost": 0.56, "Plan Rows": 1, "Plan Width": 4, "Actual Rows": 1, "Actual Loops": 9, "Index Cond": "(id = ci.person_id)", "Rows Removed by Index Recheck": 0, "Filter": "((gender)::text = 'm'::text)", "Rows Removed by Filter": 0, "Workers": []}]}, {"Node Type": "Index Scan", "Parent Relationship": "Inner", "Parallel Aware": false, "Async Capable": false, "Scan Direction": "Forward", "Index Name": "char_name_pkey", "Relation Name": "char_name", "Alias": "chn", "Startup Cost": 0.43, "Total Cost": 0.52, "Plan Rows": 1, "Plan Width": 20, "Actual Rows": 1, "Actual Loops": 9, "Index Cond": "(id = ci.person_role_id)", "Rows Removed by Index Recheck": 0, "Workers": []}]}, {"Node Type": "Index Scan", "Parent Relationship": "Inner", "Parallel Aware": false, "Async Capable": false, "Scan Direction": "Forward", "Index Name": "title_pkey", "Relation Name": "title", "Alias": "t", "Startup Cost": 0.43, "Total Cost": 0.52, "Plan Rows": 1, "Plan Width": 21, "Actual Rows": 1, "Actual Loops": 9, "Index Cond": "(id = ci.movie_id)", "Rows Removed by Index Recheck": 0, "Workers": []}]}]}]}, {"Node Type": "Hash", "Parent Relationship": "Inner", "Parallel Aware": true, "Async Capable": false, "Startup Cost": 4767.92, "Total Cost": 4767.92, "Plan Rows": 49945, "Plan Width": 4, "Actual Rows": 21211, "Actual Loops": 4, "Hash Buckets": 131072, "Original Hash Buckets": 131072, "Hash Batches": 1, "Original Hash Batches": 1, "Peak Memory Usage": 4416, "Workers": [], "Plans": [{"Node Type": "Seq Scan", "Parent Relationship": "Outer", "Parallel Aware": true, "Async Capable": false, "Relation Name": "company_name", "Alias": "cn", "Startup Cost": 0.0, "Total Cost": 4767.92, "Plan Rows": 49945, "Plan Width": 4, "Actual Rows": 21211, "Actual Loops": 4, "Filter": "((country_code)::text = '[us]'::text)", "Rows Removed by Filter": 37538, "Workers": []}]}]}]}]}]}, "Planning Time": 10.152, "Triggers": [], "Execution Time": 1825.738}, {"Plan": {"Node Type": "Aggregate", "Strategy": "Plain", "Partial Mode": "Finalize", "Parallel Aware": false, "Async Capable": false, "Startup Cost": 492019.9, "Total Cost": 492019.91, "Plan Rows": 1, "Plan Width": 96, "Actual Rows": 1, "Actual Loops": 1, "Plans": [{"Node Type": "Gather", "Parent Relationship": "Outer", "Parallel Aware": false, "Async Capable": false, "Startup Cost": 492019.57, "Total Cost": 492019.88, "Plan Rows": 3, "Plan Width": 96, "Actual Rows": 4, "Actual Loops": 1, "Workers Planned": 3, "Workers Launched": 3, "Single Copy": false, "Plans": [{"Node Type": "Aggregate", "Strategy": "Plain", "Partial Mode": "Partial", "Parent Relationship": "Outer", "Parallel Aware": false, "Async Capable": false, "Startup Cost": 491019.57, "Total Cost": 491019.58, "Plan Rows": 1, "Plan Width": 96, "Actual Rows": 1, "Actual Loops": 4, "Workers": [], "Plans": [{"Node Type": "Hash Join", "Parent Relationship": "Outer", "Parallel Aware": false, "Async Capable": false, "Join Type": "Inner", "Startup Cost": 475240.23, "Total Cost": 490967.04, "Plan Rows": 7003, "Plan Width": 49, "Actual Rows": 3, "Actual Loops": 4, "Inner Unique": true, "Hash Cond": "(ci.role_id = rt.id)", "Workers": [], "Plans": [{"Node Type": "Hash Join", "Parent Relationship": "Outer", "Parallel Aware": true, "Async Capable": false, "Join Type": "Inner", "Startup Cost": 475239.07, "Total Cost": 490667.37, "Plan Rows": 84039, "Plan Width": 53, "Actual Rows": 3, "Actual Loops": 4, "Inner Unique": false, "Hash Cond": "(an.person_id = n.id)", "Workers": [], "Plans": [{"Node Type": "Seq Scan", "Parent Relationship": "Outer", "Parallel Aware": true, "Async Capable": false, "Relation Name": "aka_name", "Alias": "an", "Startup Cost": 0.0, "Total Cost": 14323.56, "Plan Rows": 290756, "Plan Width": 20, "Actual Rows": 225336, "Actual Loops": 4, "Workers": []}, {"Node Type": "Hash", "Parent Relationship": "Inner", "Parallel Aware": true, "Async Capable": false, "Startup Cost": 474980.88, "Total Cost": 474980.88, "Plan Rows": 20655, "Plan Width": 45, "Actual Rows": 2, "Actual Loops": 4, "Hash Buckets": 131072, "Original Hash Buckets": 131072, "Hash Batches": 1, "Original Hash Batches": 1, "Peak Memory Usage": 1088, "Workers": [], "Plans": [{"Node Type": "Nested Loop", "Parent Relationship": "Outer", "Parallel Aware": false, "Async Capable": false, "Join Type": "Inner", "Startup Cost": 38415.91, "Total Cost": 474980.88, "Plan Rows": 20655, "Plan Width": 45, "Actual Rows": 2, "Actual Loops": 4, "Inner Unique": true, "Workers": [], "Plans": [{"Node Type": "Nested Loop", "Parent Relationship": "Outer", "Parallel Aware": false, "Async Capable": false, "Join Type": "Inner", "Startup Cost": 38415.48, "Total Cost": 464298.18, "Plan Rows": 20655, "Plan Width": 36, "Actual Rows": 2, "Actual Loops": 4, "Inner Unique": true, "Workers": [], "Plans": [{"Node Type": "Nested Loop", "Parent Relationship": "Outer", "Parallel Aware": false, "Async Capable": false, "Join Type": "Inner", "Startup Cost": 38415.05, "Total Cost": 436613.42, "Plan Rows": 49488, "Plan Width": 32, "Actual Rows": 2, "Actual Loops": 4, "Inner Unique": true, "Workers": [], "Plans": [{"Node Type": "Hash Join", "Parent Relationship": "Outer", "Parallel Aware": true, "Async Capable": false, "Join Type": "Inner", "Startup Cost": 38414.61, "Total Cost": 392813.7, "Plan Rows": 102457, "Plan Width": 20, "Actual Rows": 282022, "Actual Loops": 4, "Inner Unique": false, "Hash Cond": "(ci.movie_id = mc.movie_id)", "Workers": [], "Plans": [{"Node Type": "Seq Scan", "Parent Relationship": "Outer", "Parallel Aware": true, "Async Capable": false, "Relation Name": "cast_info", "Alias": "ci", "Startup Cost": 0.0, "Total Cost": 343305.05, "Plan Rows": 430541, "Plan Width": 16, "Actual Rows": 629181, "Actual Loops": 4, "Filter": "((note)::text = ANY ('{\"(executive producer)\",\"(head writer)\",(producer),\"(story editor)\"}'::text[]))", "Rows Removed by Filter": 8431905, "Workers": []}, {"Node Type": "Hash", "Parent Relationship": "Inner", "Parallel Aware": true, "Async Capable": false, "Startup Cost": 37419.46, "Total Cost": 37419.46, "Plan Rows": 79612, "Plan Width": 4, "Actual Rows": 151368, "Actual Loops": 4, "Hash Buckets": 1048576, "Original Hash Buckets": 262144, "Hash Batches": 1, "Original Hash Batches": 1, "Peak Memory Usage": 38112, "Workers": [], "Plans": [{"Node Type": "Hash Join", "Parent Relationship": "Outer", "Parallel Aware": true, "Async Capable": false, "Join Type": "Inner", "Startup Cost": 5392.23, "Total Cost": 37419.46, "Plan Rows": 79612, "Plan Width": 4, "Actual Rows": 151368, "Actual Loops": 4, "Inner Unique": true, "Hash Cond": "(mc.company_id = cn.id)", "Workers": [], "Plans": [{"Node Type": "Seq Scan", "Parent Relationship": "Outer", "Parallel Aware": true, "Async Capable": false, "Relation Name": "movie_companies", "Alias": "mc", "Startup Cost": 0.0, "Total Cost": 31448.82, "Plan Rows": 220343, "Plan Width": 8, "Actual Rows": 329831, "Actual Loops": 4, "Filter": "((note IS NOT NULL) AND (((note)::text ~~ '%(as Metro-Goldwyn-Mayer Pictures)%'::text) OR ((note)::text !~~ '%(co-production)%'::text)))", "Rows Removed by Filter": 322451, "Workers": []}, {"Node Type": "Hash", "Parent Relationship": "Inner", "Parallel Aware": true, "Async Capable": false, "Startup Cost": 4767.92, "Total Cost": 4767.92, "Plan Rows": 49945, "Plan Width": 4, "Actual Rows": 21211, "Actual Loops": 4, "Hash Buckets": 131072, "Original Hash Buckets": 131072, "Hash Batches": 1, "Original Hash Batches": 1, "Peak Memory Usage": 4416, "Workers": [], "Plans": [{"Node Type": "Seq Scan", "Parent Relationship": "Outer", "Parallel Aware": true, "Async Capable": false, "Relation Name": "company_name", "Alias": "cn", "Startup Cost": 0.0, "Total Cost": 4767.92, "Plan Rows": 49945, "Plan Width": 4, "Actual Rows": 21211, "Actual Loops": 4, "Filter": "((country_code)::text = '[us]'::text)", "Rows Removed by Filter": 37538, "Workers": []}]}]}]}]}, {"Node Type": "Memoize", "Parent Relationship": "Inner", "Parallel Aware": false, "Async Capable": false, "Startup Cost": 0.44, "Total Cost": 0.53, "Plan Rows": 1, "Plan Width": 20, "Actual Rows": 0, "Actual Loops": 1128086, "Cache Key": "ci.person_role_id", "Cache Mode": "logical", "Cache Hits": 279150, "Cache Misses": 2, "Cache Evictions": 0, "Cache Overflows": 0, "Peak Memory Usage": 1, "Workers": [{"Worker Number": 0, "Cache Hits": 282453, "Cache Misses": 1, "Cache Evictions": 0, "Cache Overflows": 0, "Peak Memory Usage": 1}, {"Worker Number": 1, "Cache Hits": 286278, "Cache Misses": 2, "Cache Evictions": 0, "Cache Overflows": 0, "Peak Memory Usage": 1}, {"Worker Number": 2, "Cache Hits": 280199, "Cache Misses": 1, "Cache Evictions": 0, "Cache Overflows": 0, "Peak Memory Usage": 1}], "Plans": [{"Node Type": "Index Scan", "Parent Relationship": "Outer", "Parallel Aware": false, "Async Capable": false, "Scan Direction": "Forward", "Index Name": "char_name_pkey", "Relation Name": "char_name", "Alias": "chn", "Startup Cost": 0.43, "Total Cost": 0.52, "Plan Rows": 1, "Plan Width": 20, "Actual Rows": 0, "Actual Loops": 6, "Index Cond": "(id = ci.person_role_id)", "Rows Removed by Index Recheck": 0, "Workers": []}]}]}, {"Node Type": "Index Scan", "Parent Relationship": "Inner", "Parallel Aware": false, "Async Capable": false, "Scan Direction": "Forward", "Index Name": "name_pkey", "Relation Name": "name", "Alias": "n", "Startup Cost": 0.43, "Total Cost": 0.56, "Plan Rows": 1, "Plan Width": 4, "Actual Rows": 1, "Actual Loops": 6, "Index Cond": "(id = ci.person_id)", "Rows Removed by Index Recheck": 0, "Filter": "((gender)::text = 'm'::text)", "Rows Removed by Filter": 0, "Workers": []}]}, {"Node Type": "Index Scan", "Parent Relationship": "Inner", "Parallel Aware": false, "Async Capable": false, "Scan Direction": "Forward", "Index Name": "title_pkey", "Relation Name": "title", "Alias": "t", "Startup Cost": 0.43, "Total Cost": 0.52, "Plan Rows": 1, "Plan Width": 21, "Actual Rows": 1, "Actual Loops": 6, "Index Cond": "(id = ci.movie_id)", "Rows Removed by Index Recheck": 0, "Workers": []}]}]}]}, {"Node Type": "Hash", "Parent Relationship": "Inner", "Parallel Aware": false, "Async Capable": false, "Startup Cost": 1.15, "Total Cost": 1.15, "Plan Rows": 1, "Plan Width": 4, "Actual Rows": 1, "Actual Loops": 4, "Hash Buckets": 1024, "Original Hash Buckets": 1024, "Hash Batches": 1, "Original Hash Batches": 1, "Peak Memory Usage": 9, "Workers": [], "Plans": [{"Node Type": "Seq Scan", "Parent Relationship": "Outer", "Parallel Aware": false, "Async Capable": false, "Relation Name": "role_type", "Alias": "rt", "Startup Cost": 0.0, "Total Cost": 1.15, "Plan Rows": 1, "Plan Width": 4, "Actual Rows": 1, "Actual Loops": 4, "Filter": "((role)::text = 'actor'::text)", "Rows Removed by Filter": 11, "Workers": []}]}]}]}]}]}, "Planning Time": 8.018, "Triggers": [], "Execution Time": 2450.679}]