[{"Plan": {"Node Type": "Aggregate", "Strategy": "Plain", "Partial Mode": "Simple", "Parallel Aware": false, "Async Capable": false, "Startup Cost": 285344.11, "Total Cost": 285344.12, "Plan Rows": 1, "Plan Width": 64, "Actual Rows": 1, "Actual Loops": 1, "Plans": [{"Node Type": "Gather", "Parent Relationship": "Outer", "Parallel Aware": false, "Async Capable": false, "Startup Cost": 237558.6, "Total Cost": 285344.09, "Plan Rows": 3, "Plan Width": 27, "Actual Rows": 306, "Actual Loops": 1, "Workers Planned": 3, "Workers Launched": 3, "Single Copy": false, "Plans": [{"Node Type": "Nested Loop", "Parent Relationship": "Outer", "Parallel Aware": false, "Async Capable": false, "Join Type": "Inner", "Startup Cost": 236558.6, "Total Cost": 284343.79, "Plan Rows": 1, "Plan Width": 27, "Actual Rows": 76, "Actual Loops": 4, "Inner Unique": true, "Workers": [], "Plans": [{"Node Type": "Nested Loop", "Parent Relationship": "Outer", "Parallel Aware": false, "Async Capable": false, "Join Type": "Inner", "Startup Cost": 236558.18, "Total Cost": 284343.36, "Plan Rows": 1, "Plan Width": 31, "Actual Rows": 76, "Actual Loops": 4, "Inner Unique": true, "Workers": [], "Plans": [{"Node Type": "Nested Loop", "Parent Relationship": "Outer", "Parallel Aware": false, "Async Capable": false, "Join Type": "Inner", "Startup Cost": 236558.05, "Total Cost": 284343.2, "Plan Rows": 1, "Plan Width": 35, "Actual Rows": 76, "Actual Loops": 4, "Inner Unique": false, "Join Filter": "(t.id = cc.movie_id)", "Rows Removed by Join Filter": 5766748, "Workers": [], "Plans": [{"Node Type": "Hash Join", "Parent Relationship": "Outer", "Parallel Aware": true, "Async Capable": false, "Join Type": "Inner", "Startup Cost": 236556.99, "Total Cost": 281102.81, "Plan Rows": 1, "Plan Width": 51, "Actual Rows": 234, "Actual Loops": 4, "Inner Unique": false, "Hash Cond": "(mk.movie_id = t.id)", "Workers": [], "Plans": [{"Node Type": "Seq Scan", "Parent Relationship": "Outer", "Parallel Aware": true, "Async Capable": false, "Relation Name": "movie_keyword", "Alias": "mk", "Startup Cost": 0.0, "Total Cost": 39073.32, "Plan Rows": 1459332, "Plan Width": 8, "Actual Rows": 1130982, "Actual Loops": 4, "Workers": []}, {"Node Type": "Hash", "Parent Relationship": "Inner", "Parallel Aware": true, "Async Capable": false, "Startup Cost": 236556.97, "Total Cost": 236556.97, "Plan Rows": 1, "Plan Width": 43, "Actual Rows": 84, "Actual Loops": 4, "Hash Buckets": 1024, "Original Hash Buckets": 1024, "Hash Batches": 1, "Original Hash Batches": 1, "Peak Memory Usage": 136, "Workers": [], "Plans": [{"Node Type": "Nested Loop", "Parent Relationship": "Outer", "Parallel Aware": false, "Async Capable": false, "Join Type": "Inner", "Startup Cost": 206160.05, "Total Cost": 236556.97, "Plan Rows": 1, "Plan Width": 43, "Actual Rows": 84, "Actual Loops": 4, "Inner Unique": true, "Workers": [], "Plans": [{"Node Type": "Nested Loop", "Parent Relationship": "Outer", "Parallel Aware": false, "Async Capable": false, "Join Type": "Inner", "Startup Cost": 206159.92, "Total Cost": 236556.81, "Plan Rows": 1, "Plan Width": 37, "Actual Rows": 177, "Actual Loops": 4, "Inner Unique": true, "Join Filter": "(t.id = mi.movie_id)", "Rows Removed by Join Filter": 0, "Workers": [], "Plans": [{"Node Type": "Nested Loop", "Parent Relationship": "Outer", "Parallel Aware": false, "Async Capable": false, "Join Type": "Inner", "Startup Cost": 206159.49, "Total Cost": 236556.28, "Plan Rows": 1, "Plan Width": 12, "Actual Rows": 177, "Actual Loops": 4, "Inner Unique": true, "Workers": [], "Plans": [{"Node Type": "Hash Join", "Parent Relationship": "Outer", "Parallel Aware": true, "Async Capable": false, "Join Type": "Inner", "Startup Cost": 206159.07, "Total Cost": 236555.83, "Plan Rows": 1, "Plan Width": 16, "Actual Rows": 192, "Actual Loops": 4, "Inner Unique": false, "Hash Cond": "(mc.movie_id = mi.movie_id)", "Workers": [], "Plans": [{"Node Type": "Seq Scan", "Parent Relationship": "Outer", "Parallel Aware": true, "Async Capable": false, "Relation Name": "movie_companies", "Alias": "mc", "Startup Cost": 0.0, "Total Cost": 27240.55, "Plan Rows": 841655, "Plan Width": 12, "Actual Rows": 652282, "Actual Loops": 4, "Workers": []}, {"Node Type": "Hash", "Parent Relationship": "Inner", "Parallel Aware": true, "Async Capable": false, "Startup Cost": 206159.06, "Total Cost": 206159.06, "Plan Rows": 1, "Plan Width": 4, "Actual Rows": 124, "Actual Loops": 4, "Hash Buckets": 1024, "Original Hash Buckets": 1024, "Hash Batches": 1, "Original Hash Batches": 1, "Peak Memory Usage": 136, "Workers": [], "Plans": [{"Node Type": "Hash Join", "Parent Relationship": "Outer", "Parallel Aware": false, "Async Capable": false, "Join Type": "Inner", "Startup Cost": 2.43, "Total Cost": 206159.06, "Plan Rows": 1, "Plan Width": 4, "Actual Rows": 124, "Actual Loops": 4, "Inner Unique": true, "Hash Cond": "(mi.info_type_id = it1.id)", "Workers": [], "Plans": [{"Node Type": "Seq Scan", "Parent Relationship": "Outer", "Parallel Aware": true, "Async Capable": false, "Relation Name": "movie_info", "Alias": "mi", "Startup Cost": 0.0, "Total Cost": 206156.59, "Plan Rows": 15, "Plan Width": 8, "Actual Rows": 124, "Actual Loops": 4, "Filter": "(((note)::text ~~ '%internet%'::text) AND ((info)::text ~~ 'USA:%2008%'::text))", "Rows Removed by Filter": 3708806, "Workers": []}, {"Node Type": "Hash", "Parent Relationship": "Inner", "Parallel Aware": false, "Async Capable": false, "Startup Cost": 2.41, "Total Cost": 2.41, "Plan Rows": 1, "Plan Width": 4, "Actual Rows": 1, "Actual Loops": 4, "Hash Buckets": 1024, "Original Hash Buckets": 1024, "Hash Batches": 1, "Original Hash Batches": 1, "Peak Memory Usage": 9, "Workers": [], "Plans": [{"Node Type": "Seq Scan", "Parent Relationship": "Outer", "Parallel Aware": false, "Async Capable": false, "Relation Name": "info_type", "Alias": "it1", "Startup Cost": 0.0, "Total Cost": 2.41, "Plan Rows": 1, "Plan Width": 4, "Actual Rows": 1, "Actual Loops": 4, "Filter": "((info)::text = 'release dates'::text)", "Rows Removed by Filter": 112, "Workers": []}]}]}]}]}, {"Node Type": "Index Scan", "Parent Relationship": "Inner", "Parallel Aware": false, "Async Capable": false, "Scan Direction": "Forward", "Index Name": "company_name_pkey", "Relation Name": "company_name", "Alias": "cn", "Startup Cost": 0.42, "Total Cost": 0.45, "Plan Rows": 1, "Plan Width": 4, "Actual Rows": 1, "Actual Loops": 766, "Index Cond": "(id = mc.company_id)", "Rows Removed by Index Recheck": 0, "Filter": "((country_code)::text = '[us]'::text)", "Rows Removed by Filter": 0, "Workers": []}]}, {"Node Type": "Index Scan", "Parent Relationship": "Inner", "Parallel Aware": false, "Async Capable": false, "Scan Direction": "Forward", "Index Name": "title_pkey", "Relation Name": "title", "Alias": "t", "Startup Cost": 0.43, "Total Cost": 0.52, "Plan Rows": 1, "Plan Width": 25, "Actual Rows": 1, "Actual Loops": 707, "Index Cond": "(id = mc.movie_id)", "Rows Removed by Index Recheck": 0, "Filter": "(production_year >= 1976)", "Rows Removed by Filter": 0, "Workers": []}]}, {"Node Type": "Index Scan", "Parent Relationship": "Inner", "Parallel Aware": false, "Async Capable": false, "Scan Direction": "Forward", "Index Name": "kind_type_pkey", "Relation Name": "kind_type", "Alias": "kt", "Startup Cost": 0.13, "Total Cost": 0.15, "Plan Rows": 1, "Plan Width": 14, "Actual Rows": 0, "Actual Loops": 707, "Index Cond": "(id = t.kind_id)", "Rows Removed by Index Recheck": 0, "Filter": "((kind)::text = ANY ('{episode,movie,\"tv movie\"}'::text[]))", "Rows Removed by Filter": 1, "Workers": []}]}]}]}, {"Node Type": "Hash Join", "Parent Relationship": "Inner", "Parallel Aware": false, "Async Capable": false, "Join Type": "Inner", "Startup Cost": 1.06, "Total Cost": 2818.24, "Plan Rows": 33772, "Plan Width": 4, "Actual Rows": 24592, "Actual Loops": 938, "Inner Unique": true, "Hash Cond": "(cc.status_id = cct1.id)", "Workers": [], "Plans": [{"Node Type": "Seq Scan", "Parent Relationship": "Outer", "Parallel Aware": false, "Async Capable": false, "Relation Name": "complete_cast", "Alias": "cc", "Startup Cost": 0.0, "Total Cost": 2086.86, "Plan Rows": 135086, "Plan Width": 8, "Actual Rows": 135086, "Actual Loops": 938, "Workers": []}, {"Node Type": "Hash", "Parent Relationship": "Inner", "Parallel Aware": false, "Async Capable": false, "Startup Cost": 1.05, "Total Cost": 1.05, "Plan Rows": 1, "Plan Width": 4, "Actual Rows": 1, "Actual Loops": 4, "Hash Buckets": 1024, "Original Hash Buckets": 1024, "Hash Batches": 1, "Original Hash Batches": 1, "Peak Memory Usage": 9, "Workers": [], "Plans": [{"Node Type": "Seq Scan", "Parent Relationship": "Outer", "Parallel Aware": false, "Async Capable": false, "Relation Name": "comp_cast_type", "Alias": "cct1", "Startup Cost": 0.0, "Total Cost": 1.05, "Plan Rows": 1, "Plan Width": 4, "Actual Rows": 1, "Actual Loops": 4, "Filter": "((kind)::text = 'complete+verified'::text)", "Rows Removed by Filter": 3, "Workers": []}]}]}]}, {"Node Type": "Index Only Scan", "Parent Relationship": "Inner", "Parallel Aware": false, "Async Capable": false, "Scan Direction": "Forward", "Index Name": "company_type_pkey", "Relation Name": "company_type", "Alias": "ct", "Startup Cost": 0.13, "Total Cost": 0.15, "Plan Rows": 1, "Plan Width": 4, "Actual Rows": 1, "Actual Loops": 306, "Index Cond": "(id = mc.company_type_id)", "Rows Removed by Index Recheck": 0, "Heap Fetches": 306, "Workers": []}]}, {"Node Type": "Index Only Scan", "Parent Relationship": "Inner", "Parallel Aware": false, "Async Capable": false, "Scan Direction": "Forward", "Index Name": "keyword_pkey", "Relation Name": "keyword", "Alias": "k", "Startup Cost": 0.42, "Total Cost": 0.44, "Plan Rows": 1, "Plan Width": 4, "Actual Rows": 1, "Actual Loops": 306, "Index Cond": "(id = mk.keyword_id)", "Rows Removed by Index Recheck": 0, "Heap Fetches": 0, "Workers": []}]}]}]}, "Planning Time": 33.518, "Triggers": [], "Execution Time": 4243.494}, {"Plan": {"Node Type": "Aggregate", "Strategy": "Plain", "Partial Mode": "Simple", "Parallel Aware": false, "Async Capable": false, "Startup Cost": 344758.38, "Total Cost": 344758.39, "Plan Rows": 1, "Plan Width": 64, "Actual Rows": 1, "Actual Loops": 1, "Plans": [{"Node Type": "Gather", "Parent Relationship": "Outer", "Parallel Aware": false, "Async Capable": false, "Startup Cost": 295802.81, "Total Cost": 344758.37, "Plan Rows": 3, "Plan Width": 27, "Actual Rows": 306, "Actual Loops": 1, "Workers Planned": 3, "Workers Launched": 3, "Single Copy": false, "Plans": [{"Node Type": "Hash Join", "Parent Relationship": "Outer", "Parallel Aware": true, "Async Capable": false, "Join Type": "Inner", "Startup Cost": 294802.81, "Total Cost": 343758.07, "Plan Rows": 1, "Plan Width": 27, "Actual Rows": 76, "Actual Loops": 4, "Inner Unique": false, "Hash Cond": "(t.id = mi.movie_id)", "Workers": [], "Plans": [{"Node Type": "Hash Join", "Parent Relationship": "Outer", "Parallel Aware": true, "Async Capable": false, "Join Type": "Inner", "Startup Cost": 52722.08, "Total Cost": 99814.21, "Plan Rows": 496832, "Plan Width": 35, "Actual Rows": 661274, "Actual Loops": 4, "Inner Unique": true, "Hash Cond": "(mk.keyword_id = k.id)", "Workers": [], "Plans": [{"Node Type": "Hash Join", "Parent Relationship": "Outer", "Parallel Aware": true, "Async Capable": false, "Join Type": "Inner", "Startup Cost": 48716.07, "Total Cost": 94503.96, "Plan Rows": 496832, "Plan Width": 39, "Actual Rows": 661274, "Actual Loops": 4, "Inner Unique": false, "Hash Cond": "(mk.movie_id = t.id)", "Workers": [], "Plans": [{"Node Type": "Seq Scan", "Parent Relationship": "Outer", "Parallel Aware": true, "Async Capable": false, "Relation Name": "movie_keyword", "Alias": "mk", "Startup Cost": 0.0, "Total Cost": 39073.32, "Plan Rows": 1459332, "Plan Width": 8, "Actual Rows": 1130982, "Actual Loops": 4, "Workers": []}, {"Node Type": "Hash", "Parent Relationship": "Inner", "Parallel Aware": true, "Async Capable": false, "Startup Cost": 46026.17, "Total Cost": 46026.17, "Plan Rows": 215192, "Plan Width": 31, "Actual Rows": 448871, "Actual Loops": 4, "Hash Buckets": 2097152, "Original Hash Buckets": 1048576, "Hash Batches": 1, "Original Hash Batches": 1, "Peak Memory Usage": 137920, "Workers": [], "Plans": [{"Node Type": "Hash Join", "Parent Relationship": "Outer", "Parallel Aware": false, "Async Capable": false, "Join Type": "Inner", "Startup Cost": 1.13, "Total Cost": 46026.17, "Plan Rows": 215192, "Plan Width": 31, "Actual Rows": 448871, "Actual Loops": 4, "Inner Unique": true, "Hash Cond": "(t.kind_id = kt.id)", "Workers": [], "Plans": [{"Node Type": "Seq Scan", "Parent Relationship": "Outer", "Parallel Aware": true, "Async Capable": false, "Relation Name": "title", "Alias": "t", "Startup Cost": 0.0, "Total Cost": 43908.97, "Plan Rows": 502114, "Plan Width": 25, "Actual Rows": 501162, "Actual Loops": 4, "Filter": "(production_year >= 1976)", "Rows Removed by Filter": 130916, "Workers": []}, {"Node Type": "Hash", "Parent Relationship": "Inner", "Parallel Aware": false, "Async Capable": false, "Startup Cost": 1.1, "Total Cost": 1.1, "Plan Rows": 3, "Plan Width": 14, "Actual Rows": 3, "Actual Loops": 4, "Hash Buckets": 1024, "Original Hash Buckets": 1024, "Hash Batches": 1, "Original Hash Batches": 1, "Peak Memory Usage": 9, "Workers": [], "Plans": [{"Node Type": "Seq Scan", "Parent Relationship": "Outer", "Parallel Aware": false, "Async Capable": false, "Relation Name": "kind_type", "Alias": "kt", "Startup Cost": 0.0, "Total Cost": 1.1, "Plan Rows": 3, "Plan Width": 14, "Actual Rows": 3, "Actual Loops": 4, "Filter": "((kind)::text = ANY ('{episode,movie,\"tv movie\"}'::text[]))", "Rows Removed by Filter": 4, "Workers": []}]}]}]}]}, {"Node Type": "Hash", "Parent Relationship": "Inner", "Parallel Aware": true, "Async Capable": false, "Startup Cost": 3307.22, "Total Cost": 3307.22, "Plan Rows": 55904, "Plan Width": 4, "Actual Rows": 33542, "Actual Loops": 4, "Hash Buckets": 262144, "Original Hash Buckets": 262144, "Hash Batches": 1, "Original Hash Batches": 1, "Peak Memory Usage": 7392, "Workers": [], "Plans": [{"Node Type": "Index Only Scan", "Parent Relationship": "Outer", "Parallel Aware": true, "Async Capable": false, "Scan Direction": "Forward", "Index Name": "keyword_pkey", "Relation Name": "keyword", "Alias": "k", "Startup Cost": 0.42, "Total Cost": 3307.22, "Plan Rows": 55904, "Plan Width": 4, "Actual Rows": 33542, "Actual Loops": 4, "Heap Fetches": 0, "Workers": []}]}]}, {"Node Type": "Hash", "Parent Relationship": "Inner", "Parallel Aware": true, "Async Capable": false, "Startup Cost": 242080.72, "Total Cost": 242080.72, "Plan Rows": 1, "Plan Width": 12, "Actual Rows": 0, "Actual Loops": 4, "Hash Buckets": 1024, "Original Hash Buckets": 1024, "Hash Batches": 1, "Original Hash Batches": 1, "Peak Memory Usage": 40, "Workers": [], "Plans": [{"Node Type": "Nested Loop", "Parent Relationship": "Outer", "Parallel Aware": false, "Async Capable": false, "Join Type": "Inner", "Startup Cost": 241914.91, "Total Cost": 242080.72, "Plan Rows": 1, "Plan Width": 12, "Actual Rows": 0, "Actual Loops": 4, "Inner Unique": true, "Workers": [], "Plans": [{"Node Type": "Merge Join", "Parent Relationship": "Outer", "Parallel Aware": false, "Async Capable": false, "Join Type": "Inner", "Startup Cost": 241914.78, "Total Cost": 242080.56, "Plan Rows": 1, "Plan Width": 16, "Actual Rows": 0, "Actual Loops": 4, "Inner Unique": false, "Merge Cond": "(mi.movie_id = cc.movie_id)", "Workers": [], "Plans": [{"Node Type": "Sort", "Parent Relationship": "Outer", "Parallel Aware": false, "Async Capable": false, "Startup Cost": 236556.29, "Total Cost": 236556.29, "Plan Rows": 1, "Plan Width": 12, "Actual Rows": 177, "Actual Loops": 4, "Sort Key": ["mc.movie_id"], "Sort Method": "quicksort", "Sort Space Used": 33, "Sort Space Type": "Memory", "Workers": [{"Worker Number": 0, "Sort Method": "quicksort", "Sort Space Used": 30, "Sort Space Type": "Memory"}, {"Worker Number": 1, "Sort Method": "quicksort", "Sort Space Used": 32, "Sort Space Type": "Memory"}, {"Worker Number": 2, "Sort Method": "quicksort", "Sort Space Used": 31, "Sort Space Type": "Memory"}], "Plans": [{"Node Type": "Nested Loop", "Parent Relationship": "Outer", "Parallel Aware": false, "Async Capable": false, "Join Type": "Inner", "Startup Cost": 206159.49, "Total Cost": 236556.28, "Plan Rows": 1, "Plan Width": 12, "Actual Rows": 177, "Actual Loops": 4, "Inner Unique": true, "Workers": [], "Plans": [{"Node Type": "Hash Join", "Parent Relationship": "Outer", "Parallel Aware": true, "Async Capable": false, "Join Type": "Inner", "Startup Cost": 206159.07, "Total Cost": 236555.83, "Plan Rows": 1, "Plan Width": 16, "Actual Rows": 192, "Actual Loops": 4, "Inner Unique": false, "Hash Cond": "(mc.movie_id = mi.movie_id)", "Workers": [], "Plans": [{"Node Type": "Seq Scan", "Parent Relationship": "Outer", "Parallel Aware": true, "Async Capable": false, "Relation Name": "movie_companies", "Alias": "mc", "Startup Cost": 0.0, "Total Cost": 27240.55, "Plan Rows": 841655, "Plan Width": 12, "Actual Rows": 652282, "Actual Loops": 4, "Workers": []}, {"Node Type": "Hash", "Parent Relationship": "Inner", "Parallel Aware": true, "Async Capable": false, "Startup Cost": 206159.06, "Total Cost": 206159.06, "Plan Rows": 1, "Plan Width": 4, "Actual Rows": 124, "Actual Loops": 4, "Hash Buckets": 1024, "Original Hash Buckets": 1024, "Hash Batches": 1, "Original Hash Batches": 1, "Peak Memory Usage": 136, "Workers": [], "Plans": [{"Node Type": "Hash Join", "Parent Relationship": "Outer", "Parallel Aware": false, "Async Capable": false, "Join Type": "Inner", "Startup Cost": 2.43, "Total Cost": 206159.06, "Plan Rows": 1, "Plan Width": 4, "Actual Rows": 124, "Actual Loops": 4, "Inner Unique": true, "Hash Cond": "(mi.info_type_id = it1.id)", "Workers": [], "Plans": [{"Node Type": "Seq Scan", "Parent Relationship": "Outer", "Parallel Aware": true, "Async Capable": false, "Relation Name": "movie_info", "Alias": "mi", "Startup Cost": 0.0, "Total Cost": 206156.59, "Plan Rows": 15, "Plan Width": 8, "Actual Rows": 124, "Actual Loops": 4, "Filter": "(((note)::text ~~ '%internet%'::text) AND ((info)::text ~~ 'USA:%2008%'::text))", "Rows Removed by Filter": 3708806, "Workers": []}, {"Node Type": "Hash", "Parent Relationship": "Inner", "Parallel Aware": false, "Async Capable": false, "Startup Cost": 2.41, "Total Cost": 2.41, "Plan Rows": 1, "Plan Width": 4, "Actual Rows": 1, "Actual Loops": 4, "Hash Buckets": 1024, "Original Hash Buckets": 1024, "Hash Batches": 1, "Original Hash Batches": 1, "Peak Memory Usage": 9, "Workers": [], "Plans": [{"Node Type": "Seq Scan", "Parent Relationship": "Outer", "Parallel Aware": false, "Async Capable": false, "Relation Name": "info_type", "Alias": "it1", "Startup Cost": 0.0, "Total Cost": 2.41, "Plan Rows": 1, "Plan Width": 4, "Actual Rows": 1, "Actual Loops": 4, "Filter": "((info)::text = 'release dates'::text)", "Rows Removed by Filter": 112, "Workers": []}]}]}]}]}, {"Node Type": "Index Scan", "Parent Relationship": "Inner", "Parallel Aware": false, "Async Capable": false, "Scan Direction": "Forward", "Index Name": "company_name_pkey", "Relation Name": "company_name", "Alias": "cn", "Startup Cost": 0.42, "Total Cost": 0.45, "Plan Rows": 1, "Plan Width": 4, "Actual Rows": 1, "Actual Loops": 766, "Index Cond": "(id = mc.company_id)", "Rows Removed by Index Recheck": 0, "Filter": "((country_code)::text = '[us]'::text)", "Rows Removed by Filter": 0, "Workers": []}]}]}, {"Node Type": "Sort", "Parent Relationship": "Inner", "Parallel Aware": false, "Async Capable": false, "Startup Cost": 5358.49, "Total Cost": 5442.92, "Plan Rows": 33772, "Plan Width": 4, "Actual Rows": 23850, "Actual Loops": 4, "Sort Key": ["cc.movie_id"], "Sort Method": "quicksort", "Sort Space Used": 769, "Sort Space Type": "Memory", "Workers": [{"Worker Number": 0, "Sort Method": "quicksort", "Sort Space Used": 769, "Sort Space Type": "Memory"}, {"Worker Number": 1, "Sort Method": "quicksort", "Sort Space Used": 769, "Sort Space Type": "Memory"}, {"Worker Number": 2, "Sort Method": "quicksort", "Sort Space Used": 769, "Sort Space Type": "Memory"}], "Plans": [{"Node Type": "Hash Join", "Parent Relationship": "Outer", "Parallel Aware": false, "Async Capable": false, "Join Type": "Inner", "Startup Cost": 1.06, "Total Cost": 2818.24, "Plan Rows": 33772, "Plan Width": 4, "Actual Rows": 24592, "Actual Loops": 4, "Inner Unique": true, "Hash Cond": "(cc.status_id = cct1.id)", "Workers": [], "Plans": [{"Node Type": "Seq Scan", "Parent Relationship": "Outer", "Parallel Aware": false, "Async Capable": false, "Relation Name": "complete_cast", "Alias": "cc", "Startup Cost": 0.0, "Total Cost": 2086.86, "Plan Rows": 135086, "Plan Width": 8, "Actual Rows": 135086, "Actual Loops": 4, "Workers": []}, {"Node Type": "Hash", "Parent Relationship": "Inner", "Parallel Aware": false, "Async Capable": false, "Startup Cost": 1.05, "Total Cost": 1.05, "Plan Rows": 1, "Plan Width": 4, "Actual Rows": 1, "Actual Loops": 4, "Hash Buckets": 1024, "Original Hash Buckets": 1024, "Hash Batches": 1, "Original Hash Batches": 1, "Peak Memory Usage": 9, "Workers": [], "Plans": [{"Node Type": "Seq Scan", "Parent Relationship": "Outer", "Parallel Aware": false, "Async Capable": false, "Relation Name": "comp_cast_type", "Alias": "cct1", "Startup Cost": 0.0, "Total Cost": 1.05, "Plan Rows": 1, "Plan Width": 4, "Actual Rows": 1, "Actual Loops": 4, "Filter": "((kind)::text = 'complete+verified'::text)", "Rows Removed by Filter": 3, "Workers": []}]}]}]}]}, {"Node Type": "Index Only Scan", "Parent Relationship": "Inner", "Parallel Aware": false, "Async Capable": false, "Scan Direction": "Forward", "Index Name": "company_type_pkey", "Relation Name": "company_type", "Alias": "ct", "Startup Cost": 0.13, "Total Cost": 0.15, "Plan Rows": 1, "Plan Width": 4, "Actual Rows": 1, "Actual Loops": 2, "Index Cond": "(id = mc.company_type_id)", "Rows Removed by Index Recheck": 0, "Heap Fetches": 2, "Workers": []}]}]}]}]}]}, "Planning Time": 17.555, "Triggers": [], "Execution Time": 2129.448}, {"Plan": {"Node Type": "Aggregate", "Strategy": "Plain", "Partial Mode": "Simple", "Parallel Aware": false, "Async Capable": false, "Startup Cost": 286441.71, "Total Cost": 286441.72, "Plan Rows": 1, "Plan Width": 64, "Actual Rows": 1, "Actual Loops": 1, "Plans": [{"Node Type": "Nested Loop", "Parent Relationship": "Outer", "Parallel Aware": false, "Async Capable": false, "Join Type": "Inner", "Startup Cost": 237558.62, "Total Cost": 286441.69, "Plan Rows": 3, "Plan Width": 27, "Actual Rows": 306, "Actual Loops": 1, "Inner Unique": false, "Join Filter": "(t.id = cc.movie_id)", "Rows Removed by Join Filter": 23066990, "Plans": [{"Node Type": "Hash Join", "Parent Relationship": "Outer", "Parallel Aware": false, "Async Capable": false, "Join Type": "Inner", "Startup Cost": 1.06, "Total Cost": 2818.24, "Plan Rows": 33772, "Plan Width": 4, "Actual Rows": 24592, "Actual Loops": 1, "Inner Unique": true, "Hash Cond": "(cc.status_id = cct1.id)", "Plans": [{"Node Type": "Seq Scan", "Parent Relationship": "Outer", "Parallel Aware": false, "Async Capable": false, "Relation Name": "complete_cast", "Alias": "cc", "Startup Cost": 0.0, "Total Cost": 2086.86, "Plan Rows": 135086, "Plan Width": 8, "Actual Rows": 135086, "Actual Loops": 1}, {"Node Type": "Hash", "Parent Relationship": "Inner", "Parallel Aware": false, "Async Capable": false, "Startup Cost": 1.05, "Total Cost": 1.05, "Plan Rows": 1, "Plan Width": 4, "Actual Rows": 1, "Actual Loops": 1, "Hash Buckets": 1024, "Original Hash Buckets": 1024, "Hash Batches": 1, "Original Hash Batches": 1, "Peak Memory Usage": 9, "Plans": [{"Node Type": "Seq Scan", "Parent Relationship": "Outer", "Parallel Aware": false, "Async Capable": false, "Relation Name": "comp_cast_type", "Alias": "cct1", "Startup Cost": 0.0, "Total Cost": 1.05, "Plan Rows": 1, "Plan Width": 4, "Actual Rows": 1, "Actual Loops": 1, "Filter": "((kind)::text = 'complete+verified'::text)", "Rows Removed by Filter": 3}]}]}, {"Node Type": "Materialize", "Parent Relationship": "Inner", "Parallel Aware": false, "Async Capable": false, "Startup Cost": 237557.56, "Total Cost": 282103.72, "Plan Rows": 3, "Plan Width": 43, "Actual Rows": 938, "Actual Loops": 24592, "Plans": [{"Node Type": "Gather", "Parent Relationship": "Outer", "Parallel Aware": false, "Async Capable": false, "Startup Cost": 237557.56, "Total Cost": 282103.71, "Plan Rows": 3, "Plan Width": 43, "Actual Rows": 938, "Actual Loops": 1, "Workers Planned": 3, "Workers Launched": 3, "Single Copy": false, "Plans": [{"Node Type": "Nested Loop", "Parent Relationship": "Outer", "Parallel Aware": false, "Async Capable": false, "Join Type": "Inner", "Startup Cost": 236557.56, "Total Cost": 281103.41, "Plan Rows": 1, "Plan Width": 43, "Actual Rows": 234, "Actual Loops": 4, "Inner Unique": true, "Workers": [], "Plans": [{"Node Type": "Hash Join", "Parent Relationship": "Outer", "Parallel Aware": true, "Async Capable": false, "Join Type": "Inner", "Startup Cost": 236557.14, "Total Cost": 281102.97, "Plan Rows": 1, "Plan Width": 47, "Actual Rows": 234, "Actual Loops": 4, "Inner Unique": false, "Hash Cond": "(mk.movie_id = t.id)", "Workers": [], "Plans": [{"Node Type": "Seq Scan", "Parent Relationship": "Outer", "Parallel Aware": true, "Async Capable": false, "Relation Name": "movie_keyword", "Alias": "mk", "Startup Cost": 0.0, "Total Cost": 39073.32, "Plan Rows": 1459332, "Plan Width": 8, "Actual Rows": 1130982, "Actual Loops": 4, "Workers": []}, {"Node Type": "Hash", "Parent Relationship": "Inner", "Parallel Aware": true, "Async Capable": false, "Startup Cost": 236557.13, "Total Cost": 236557.13, "Plan Rows": 1, "Plan Width": 39, "Actual Rows": 84, "Actual Loops": 4, "Hash Buckets": 1024, "Original Hash Buckets": 1024, "Hash Batches": 1, "Original Hash Batches": 1, "Peak Memory Usage": 136, "Workers": [], "Plans": [{"Node Type": "Nested Loop", "Parent Relationship": "Outer", "Parallel Aware": false, "Async Capable": false, "Join Type": "Inner", "Startup Cost": 206160.18, "Total Cost": 236557.13, "Plan Rows": 1, "Plan Width": 39, "Actual Rows": 84, "Actual Loops": 4, "Inner Unique": true, "Workers": [], "Plans": [{"Node Type": "Nested Loop", "Parent Relationship": "Outer", "Parallel Aware": false, "Async Capable": false, "Join Type": "Inner", "Startup Cost": 206160.05, "Total Cost": 236556.96, "Plan Rows": 1, "Plan Width": 33, "Actual Rows": 177, "Actual Loops": 4, "Inner Unique": true, "Join Filter": "(t.id = mi.movie_id)", "Rows Removed by Join Filter": 0, "Workers": [], "Plans": [{"Node Type": "Nested Loop", "Parent Relationship": "Outer", "Parallel Aware": false, "Async Capable": false, "Join Type": "Inner", "Startup Cost": 206159.62, "Total Cost": 236556.43, "Plan Rows": 1, "Plan Width": 8, "Actual Rows": 177, "Actual Loops": 4, "Inner Unique": true, "Workers": [], "Plans": [{"Node Type": "Nested Loop", "Parent Relationship": "Outer", "Parallel Aware": false, "Async Capable": false, "Join Type": "Inner", "Startup Cost": 206159.49, "Total Cost": 236556.28, "Plan Rows": 1, "Plan Width": 12, "Actual Rows": 177, "Actual Loops": 4, "Inner Unique": true, "Workers": [], "Plans": [{"Node Type": "Hash Join", "Parent Relationship": "Outer", "Parallel Aware": true, "Async Capable": false, "Join Type": "Inner", "Startup Cost": 206159.07, "Total Cost": 236555.83, "Plan Rows": 1, "Plan Width": 16, "Actual Rows": 192, "Actual Loops": 4, "Inner Unique": false, "Hash Cond": "(mc.movie_id = mi.movie_id)", "Workers": [], "Plans": [{"Node Type": "Seq Scan", "Parent Relationship": "Outer", "Parallel Aware": true, "Async Capable": false, "Relation Name": "movie_companies", "Alias": "mc", "Startup Cost": 0.0, "Total Cost": 27240.55, "Plan Rows": 841655, "Plan Width": 12, "Actual Rows": 652282, "Actual Loops": 4, "Workers": []}, {"Node Type": "Hash", "Parent Relationship": "Inner", "Parallel Aware": true, "Async Capable": false, "Startup Cost": 206159.06, "Total Cost": 206159.06, "Plan Rows": 1, "Plan Width": 4, "Actual Rows": 124, "Actual Loops": 4, "Hash Buckets": 1024, "Original Hash Buckets": 1024, "Hash Batches": 1, "Original Hash Batches": 1, "Peak Memory Usage": 136, "Workers": [], "Plans": [{"Node Type": "Hash Join", "Parent Relationship": "Outer", "Parallel Aware": false, "Async Capable": false, "Join Type": "Inner", "Startup Cost": 2.43, "Total Cost": 206159.06, "Plan Rows": 1, "Plan Width": 4, "Actual Rows": 124, "Actual Loops": 4, "Inner Unique": true, "Hash Cond": "(mi.info_type_id = it1.id)", "Workers": [], "Plans": [{"Node Type": "Seq Scan", "Parent Relationship": "Outer", "Parallel Aware": true, "Async Capable": false, "Relation Name": "movie_info", "Alias": "mi", "Startup Cost": 0.0, "Total Cost": 206156.59, "Plan Rows": 15, "Plan Width": 8, "Actual Rows": 124, "Actual Loops": 4, "Filter": "(((note)::text ~~ '%internet%'::text) AND ((info)::text ~~ 'USA:%2008%'::text))", "Rows Removed by Filter": 3708806, "Workers": []}, {"Node Type": "Hash", "Parent Relationship": "Inner", "Parallel Aware": false, "Async Capable": false, "Startup Cost": 2.41, "Total Cost": 2.41, "Plan Rows": 1, "Plan Width": 4, "Actual Rows": 1, "Actual Loops": 4, "Hash Buckets": 1024, "Original Hash Buckets": 1024, "Hash Batches": 1, "Original Hash Batches": 1, "Peak Memory Usage": 9, "Workers": [], "Plans": [{"Node Type": "Seq Scan", "Parent Relationship": "Outer", "Parallel Aware": false, "Async Capable": false, "Relation Name": "info_type", "Alias": "it1", "Startup Cost": 0.0, "Total Cost": 2.41, "Plan Rows": 1, "Plan Width": 4, "Actual Rows": 1, "Actual Loops": 4, "Filter": "((info)::text = 'release dates'::text)", "Rows Removed by Filter": 112, "Workers": []}]}]}]}]}, {"Node Type": "Index Scan", "Parent Relationship": "Inner", "Parallel Aware": false, "Async Capable": false, "Scan Direction": "Forward", "Index Name": "company_name_pkey", "Relation Name": "company_name", "Alias": "cn", "Startup Cost": 0.42, "Total Cost": 0.45, "Plan Rows": 1, "Plan Width": 4, "Actual Rows": 1, "Actual Loops": 766, "Index Cond": "(id = mc.company_id)", "Rows Removed by Index Recheck": 0, "Filter": "((country_code)::text = '[us]'::text)", "Rows Removed by Filter": 0, "Workers": []}]}, {"Node Type": "Index Only Scan", "Parent Relationship": "Inner", "Parallel Aware": false, "Async Capable": false, "Scan Direction": "Forward", "Index Name": "company_type_pkey", "Relation Name": "company_type", "Alias": "ct", "Startup Cost": 0.13, "Total Cost": 0.15, "Plan Rows": 1, "Plan Width": 4, "Actual Rows": 1, "Actual Loops": 707, "Index Cond": "(id = mc.company_type_id)", "Rows Removed by Index Recheck": 0, "Heap Fetches": 707, "Workers": []}]}, {"Node Type": "Index Scan", "Parent Relationship": "Inner", "Parallel Aware": false, "Async Capable": false, "Scan Direction": "Forward", "Index Name": "title_pkey", "Relation Name": "title", "Alias": "t", "Startup Cost": 0.43, "Total Cost": 0.52, "Plan Rows": 1, "Plan Width": 25, "Actual Rows": 1, "Actual Loops": 707, "Index Cond": "(id = mc.movie_id)", "Rows Removed by Index Recheck": 0, "Filter": "(production_year >= 1976)", "Rows Removed by Filter": 0, "Workers": []}]}, {"Node Type": "Index Scan", "Parent Relationship": "Inner", "Parallel Aware": false, "Async Capable": false, "Scan Direction": "Forward", "Index Name": "kind_type_pkey", "Relation Name": "kind_type", "Alias": "kt", "Startup Cost": 0.13, "Total Cost": 0.15, "Plan Rows": 1, "Plan Width": 14, "Actual Rows": 0, "Actual Loops": 707, "Index Cond": "(id = t.kind_id)", "Rows Removed by Index Recheck": 0, "Filter": "((kind)::text = ANY ('{episode,movie,\"tv movie\"}'::text[]))", "Rows Removed by Filter": 1, "Workers": []}]}]}]}, {"Node Type": "Index Only Scan", "Parent Relationship": "Inner", "Parallel Aware": false, "Async Capable": false, "Scan Direction": "Forward", "Index Name": "keyword_pkey", "Relation Name": "keyword", "Alias": "k", "Startup Cost": 0.42, "Total Cost": 0.44, "Plan Rows": 1, "Plan Width": 4, "Actual Rows": 1, "Actual Loops": 938, "Index Cond": "(id = mk.keyword_id)", "Rows Removed by Index Recheck": 0, "Heap Fetches": 0, "Workers": []}]}]}]}]}]}, "Planning Time": 17.646, "Triggers": [], "Execution Time": 1947.701}, {"Plan": {"Node Type": "Aggregate", "Strategy": "Plain", "Partial Mode": "Simple", "Parallel Aware": false, "Async Capable": false, "Startup Cost": 312538.04, "Total Cost": 312538.05, "Plan Rows": 1, "Plan Width": 64, "Actual Rows": 1, "Actual Loops": 1, "Plans": [{"Node Type": "Gather", "Parent Relationship": "Outer", "Parallel Aware": false, "Async Capable": false, "Startup Cost": 106373.0, "Total Cost": 312538.02, "Plan Rows": 3, "Plan Width": 27, "Actual Rows": 306, "Actual Loops": 1, "Workers Planned": 5, "Workers Launched": 5, "Single Copy": false, "Plans": [{"Node Type": "Hash Join", "Parent Relationship": "Outer", "Parallel Aware": true, "Async Capable": false, "Join Type": "Inner", "Startup Cost": 105373.0, "Total Cost": 311537.72, "Plan Rows": 1, "Plan Width": 27, "Actual Rows": 51, "Actual Loops": 6, "Inner Unique": false, "Hash Cond": "(t.id = mk.movie_id)", "Workers": [], "Plans": [{"Node Type": "Nested Loop", "Parent Relationship": "Outer", "Parallel Aware": false, "Async Capable": false, "Join Type": "Inner", "Startup Cost": 2.99, "Total Cost": 206167.67, "Plan Rows": 1, "Plan Width": 35, "Actual Rows": 44, "Actual Loops": 6, "Inner Unique": true, "Workers": [], "Plans": [{"Node Type": "Nested Loop", "Parent Relationship": "Outer", "Parallel Aware": false, "Async Capable": false, "Join Type": "Inner", "Startup Cost": 2.86, "Total Cost": 206167.51, "Plan Rows": 1, "Plan Width": 29, "Actual Rows": 82, "Actual Loops": 6, "Inner Unique": true, "Workers": [], "Plans": [{"Node Type": "Hash Join", "Parent Relationship": "Outer", "Parallel Aware": false, "Async Capable": false, "Join Type": "Inner", "Startup Cost": 2.43, "Total Cost": 206159.06, "Plan Rows": 1, "Plan Width": 4, "Actual Rows": 82, "Actual Loops": 6, "Inner Unique": true, "Hash Cond": "(mi.info_type_id = it1.id)", "Workers": [], "Plans": [{"Node Type": "Seq Scan", "Parent Relationship": "Outer", "Parallel Aware": true, "Async Capable": false, "Relation Name": "movie_info", "Alias": "mi", "Startup Cost": 0.0, "Total Cost": 206156.59, "Plan Rows": 15, "Plan Width": 8, "Actual Rows": 82, "Actual Loops": 6, "Filter": "(((note)::text ~~ '%internet%'::text) AND ((info)::text ~~ 'USA:%2008%'::text))", "Rows Removed by Filter": 2472538, "Workers": []}, {"Node Type": "Hash", "Parent Relationship": "Inner", "Parallel Aware": false, "Async Capable": false, "Startup Cost": 2.41, "Total Cost": 2.41, "Plan Rows": 1, "Plan Width": 4, "Actual Rows": 1, "Actual Loops": 6, "Hash Buckets": 1024, "Original Hash Buckets": 1024, "Hash Batches": 1, "Original Hash Batches": 1, "Peak Memory Usage": 9, "Workers": [], "Plans": [{"Node Type": "Seq Scan", "Parent Relationship": "Outer", "Parallel Aware": false, "Async Capable": false, "Relation Name": "info_type", "Alias": "it1", "Startup Cost": 0.0, "Total Cost": 2.41, "Plan Rows": 1, "Plan Width": 4, "Actual Rows": 1, "Actual Loops": 6, "Filter": "((info)::text = 'release dates'::text)", "Rows Removed by Filter": 112, "Workers": []}]}]}, {"Node Type": "Index Scan", "Parent Relationship": "Inner", "Parallel Aware": false, "Async Capable": false, "Scan Direction": "Forward", "Index Name": "title_pkey", "Relation Name": "title", "Alias": "t", "Startup Cost": 0.43, "Total Cost": 8.45, "Plan Rows": 1, "Plan Width": 25, "Actual Rows": 1, "Actual Loops": 495, "Index Cond": "(id = mi.movie_id)", "Rows Removed by Index Recheck": 0, "Filter": "(production_year >= 1976)", "Rows Removed by Filter": 0, "Workers": []}]}, {"Node Type": "Index Scan", "Parent Relationship": "Inner", "Parallel Aware": false, "Async Capable": false, "Scan Direction": "Forward", "Index Name": "kind_type_pkey", "Relation Name": "kind_type", "Alias": "kt", "Startup Cost": 0.13, "Total Cost": 0.15, "Plan Rows": 1, "Plan Width": 14, "Actual Rows": 1, "Actual Loops": 494, "Index Cond": "(id = t.kind_id)", "Rows Removed by Index Recheck": 0, "Filter": "((kind)::text = ANY ('{episode,movie,\"tv movie\"}'::text[]))", "Rows Removed by Filter": 0, "Workers": []}]}, {"Node Type": "Hash", "Parent Relationship": "Inner", "Parallel Aware": true, "Async Capable": false, "Startup Cost": 103659.53, "Total Cost": 103659.53, "Plan Rows": 136838, "Plan Width": 12, "Actual Rows": 1041860, "Actual Loops": 6, "Hash Buckets": 8388608, "Original Hash Buckets": 524288, "Hash Batches": 1, "Original Hash Batches": 1, "Peak Memory Usage": 420416, "Workers": [], "Plans": [{"Node Type": "Hash Join", "Parent Relationship": "Outer", "Parallel Aware": true, "Async Capable": false, "Join Type": "Inner", "Startup Cost": 43719.77, "Total Cost": 103659.53, "Plan Rows": 136838, "Plan Width": 12, "Actual Rows": 1041860, "Actual Loops": 6, "Inner Unique": true, "Hash Cond": "(mk.keyword_id = k.id)", "Workers": [], "Plans": [{"Node Type": "Hash Join", "Parent Relationship": "Outer", "Parallel Aware": true, "Async Capable": false, "Join Type": "Inner", "Startup Cost": 39713.76, "Total Cost": 99294.31, "Plan Rows": 136838, "Plan Width": 16, "Actual Rows": 1041860, "Actual Loops": 6, "Inner Unique": false, "Hash Cond": "(mk.movie_id = mc.movie_id)", "Workers": [], "Plans": [{"Node Type": "Seq Scan", "Parent Relationship": "Outer", "Parallel Aware": true, "Async Capable": false, "Relation Name": "movie_keyword", "Alias": "mk", "Startup Cost": 0.0, "Total Cost": 39073.32, "Plan Rows": 1459332, "Plan Width": 8, "Actual Rows": 753988, "Actual Loops": 6, "Workers": []}, {"Node Type": "Hash", "Parent Relationship": "Inner", "Parallel Aware": true, "Async Capable": false, "Startup Cost": 39494.38, "Total Cost": 39494.38, "Plan Rows": 17550, "Plan Width": 8, "Actual Rows": 17548, "Actual Loops": 6, "Hash Buckets": 131072, "Original Hash Buckets": 65536, "Hash Batches": 1, "Original Hash Batches": 1, "Peak Memory Usage": 5760, "Workers": [], "Plans": [{"Node Type": "Hash Join", "Parent Relationship": "Outer", "Parallel Aware": false, "Async Capable": false, "Join Type": "Inner", "Startup Cost": 8633.71, "Total Cost": 39494.38, "Plan Rows": 17550, "Plan Width": 8, "Actual Rows": 17548, "Actual Loops": 6, "Inner Unique": true, "Hash Cond": "(mc.company_type_id = ct.id)", "Workers": [], "Plans": [{"Node Type": "Hash Join", "Parent Relationship": "Outer", "Parallel Aware": false, "Async Capable": false, "Join Type": "Inner", "Startup Cost": 8632.62, "Total Cost": 39398.41, "Plan Rows": 17550, "Plan Width": 12, "Actual Rows": 17548, "Actual Loops": 6, "Inner Unique": false, "Hash Cond": "(mc.movie_id = cc.movie_id)", "Workers": [], "Plans": [{"Node Type": "Hash Join", "Parent Relationship": "Outer", "Parallel Aware": true, "Async Capable": false, "Join Type": "Inner", "Startup Cost": 5392.23, "Total Cost": 34842.17, "Plan Rows": 304095, "Plan Width": 8, "Actual Rows": 192300, "Actual Loops": 6, "Inner Unique": true, "Hash Cond": "(mc.company_id = cn.id)", "Workers": [], "Plans": [{"Node Type": "Seq Scan", "Parent Relationship": "Outer", "Parallel Aware": true, "Async Capable": false, "Relation Name": "movie_companies", "Alias": "mc", "Startup Cost": 0.0, "Total Cost": 27240.55, "Plan Rows": 841655, "Plan Width": 12, "Actual Rows": 434855, "Actual Loops": 6, "Workers": []}, {"Node Type": "Hash", "Parent Relationship": "Inner", "Parallel Aware": true, "Async Capable": false, "Startup Cost": 4767.92, "Total Cost": 4767.92, "Plan Rows": 49945, "Plan Width": 4, "Actual Rows": 14140, "Actual Loops": 6, "Hash Buckets": 131072, "Original Hash Buckets": 131072, "Hash Batches": 1, "Original Hash Batches": 1, "Peak Memory Usage": 4384, "Workers": [], "Plans": [{"Node Type": "Seq Scan", "Parent Relationship": "Outer", "Parallel Aware": true, "Async Capable": false, "Relation Name": "company_name", "Alias": "cn", "Startup Cost": 0.0, "Total Cost": 4767.92, "Plan Rows": 49945, "Plan Width": 4, "Actual Rows": 14140, "Actual Loops": 6, "Filter": "((country_code)::text = '[us]'::text)", "Rows Removed by Filter": 25026, "Workers": []}]}]}, {"Node Type": "Hash", "Parent Relationship": "Inner", "Parallel Aware": false, "Async Capable": false, "Startup Cost": 2818.24, "Total Cost": 2818.24, "Plan Rows": 33772, "Plan Width": 4, "Actual Rows": 24592, "Actual Loops": 6, "Hash Buckets": 65536, "Original Hash Buckets": 65536, "Hash Batches": 1, "Original Hash Batches": 1, "Peak Memory Usage": 1377, "Workers": [], "Plans": [{"Node Type": "Hash Join", "Parent Relationship": "Outer", "Parallel Aware": false, "Async Capable": false, "Join Type": "Inner", "Startup Cost": 1.06, "Total Cost": 2818.24, "Plan Rows": 33772, "Plan Width": 4, "Actual Rows": 24592, "Actual Loops": 6, "Inner Unique": true, "Hash Cond": "(cc.status_id = cct1.id)", "Workers": [], "Plans": [{"Node Type": "Seq Scan", "Parent Relationship": "Outer", "Parallel Aware": false, "Async Capable": false, "Relation Name": "complete_cast", "Alias": "cc", "Startup Cost": 0.0, "Total Cost": 2086.86, "Plan Rows": 135086, "Plan Width": 8, "Actual Rows": 135086, "Actual Loops": 6, "Workers": []}, {"Node Type": "Hash", "Parent Relationship": "Inner", "Parallel Aware": false, "Async Capable": false, "Startup Cost": 1.05, "Total Cost": 1.05, "Plan Rows": 1, "Plan Width": 4, "Actual Rows": 1, "Actual Loops": 6, "Hash Buckets": 1024, "Original Hash Buckets": 1024, "Hash Batches": 1, "Original Hash Batches": 1, "Peak Memory Usage": 9, "Workers": [], "Plans": [{"Node Type": "Seq Scan", "Parent Relationship": "Outer", "Parallel Aware": false, "Async Capable": false, "Relation Name": "comp_cast_type", "Alias": "cct1", "Startup Cost": 0.0, "Total Cost": 1.05, "Plan Rows": 1, "Plan Width": 4, "Actual Rows": 1, "Actual Loops": 6, "Filter": "((kind)::text = 'complete+verified'::text)", "Rows Removed by Filter": 3, "Workers": []}]}]}]}]}, {"Node Type": "Hash", "Parent Relationship": "Inner", "Parallel Aware": false, "Async Capable": false, "Startup Cost": 1.04, "Total Cost": 1.04, "Plan Rows": 4, "Plan Width": 4, "Actual Rows": 4, "Actual Loops": 6, "Hash Buckets": 1024, "Original Hash Buckets": 1024, "Hash Batches": 1, "Original Hash Batches": 1, "Peak Memory Usage": 9, "Workers": [], "Plans": [{"Node Type": "Seq Scan", "Parent Relationship": "Outer", "Parallel Aware": false, "Async Capable": false, "Relation Name": "company_type", "Alias": "ct", "Startup Cost": 0.0, "Total Cost": 1.04, "Plan Rows": 4, "Plan Width": 4, "Actual Rows": 4, "Actual Loops": 6, "Workers": []}]}]}]}]}, {"Node Type": "Hash", "Parent Relationship": "Inner", "Parallel Aware": true, "Async Capable": false, "Startup Cost": 3307.22, "Total Cost": 3307.22, "Plan Rows": 55904, "Plan Width": 4, "Actual Rows": 22362, "Actual Loops": 6, "Hash Buckets": 262144, "Original Hash Buckets": 262144, "Hash Batches": 1, "Original Hash Batches": 1, "Peak Memory Usage": 7392, "Workers": [], "Plans": [{"Node Type": "Index Only Scan", "Parent Relationship": "Outer", "Parallel Aware": true, "Async Capable": false, "Scan Direction": "Forward", "Index Name": "keyword_pkey", "Relation Name": "keyword", "Alias": "k", "Startup Cost": 0.42, "Total Cost": 3307.22, "Plan Rows": 55904, "Plan Width": 4, "Actual Rows": 22362, "Actual Loops": 6, "Heap Fetches": 0, "Workers": []}]}]}]}]}]}]}, "Planning Time": 20.227, "Triggers": [], "Execution Time": 1556.926}, {"Plan": {"Node Type": "Aggregate", "Strategy": "Plain", "Partial Mode": "Simple", "Parallel Aware": false, "Async Capable": false, "Startup Cost": 291267.2, "Total Cost": 291267.21, "Plan Rows": 1, "Plan Width": 64, "Actual Rows": 1, "Actual Loops": 1, "Plans": [{"Node Type": "Gather", "Parent Relationship": "Outer", "Parallel Aware": false, "Async Capable": false, "Startup Cost": 260340.39, "Total Cost": 291267.19, "Plan Rows": 3, "Plan Width": 27, "Actual Rows": 306, "Actual Loops": 1, "Workers Planned": 3, "Workers Launched": 3, "Single Copy": false, "Plans": [{"Node Type": "Hash Join", "Parent Relationship": "Outer", "Parallel Aware": true, "Async Capable": false, "Join Type": "Inner", "Startup Cost": 259340.39, "Total Cost": 290266.89, "Plan Rows": 1, "Plan Width": 27, "Actual Rows": 76, "Actual Loops": 4, "Inner Unique": false, "Hash Cond": "(mc.movie_id = t.id)", "Workers": [], "Plans": [{"Node Type": "Hash Join", "Parent Relationship": "Outer", "Parallel Aware": false, "Async Capable": false, "Join Type": "Inner", "Startup Cost": 8633.71, "Total Cost": 39494.38, "Plan Rows": 17550, "Plan Width": 8, "Actual Rows": 26322, "Actual Loops": 4, "Inner Unique": true, "Hash Cond": "(mc.company_type_id = ct.id)", "Workers": [], "Plans": [{"Node Type": "Hash Join", "Parent Relationship": "Outer", "Parallel Aware": false, "Async Capable": false, "Join Type": "Inner", "Startup Cost": 8632.62, "Total Cost": 39398.41, "Plan Rows": 17550, "Plan Width": 12, "Actual Rows": 26322, "Actual Loops": 4, "Inner Unique": false, "Hash Cond": "(mc.movie_id = cc.movie_id)", "Workers": [], "Plans": [{"Node Type": "Hash Join", "Parent Relationship": "Outer", "Parallel Aware": true, "Async Capable": false, "Join Type": "Inner", "Startup Cost": 5392.23, "Total Cost": 34842.17, "Plan Rows": 304095, "Plan Width": 8, "Actual Rows": 288450, "Actual Loops": 4, "Inner Unique": true, "Hash Cond": "(mc.company_id = cn.id)", "Workers": [], "Plans": [{"Node Type": "Seq Scan", "Parent Relationship": "Outer", "Parallel Aware": true, "Async Capable": false, "Relation Name": "movie_companies", "Alias": "mc", "Startup Cost": 0.0, "Total Cost": 27240.55, "Plan Rows": 841655, "Plan Width": 12, "Actual Rows": 652282, "Actual Loops": 4, "Workers": []}, {"Node Type": "Hash", "Parent Relationship": "Inner", "Parallel Aware": true, "Async Capable": false, "Startup Cost": 4767.92, "Total Cost": 4767.92, "Plan Rows": 49945, "Plan Width": 4, "Actual Rows": 21211, "Actual Loops": 4, "Hash Buckets": 131072, "Original Hash Buckets": 131072, "Hash Batches": 1, "Original Hash Batches": 1, "Peak Memory Usage": 4416, "Workers": [], "Plans": [{"Node Type": "Seq Scan", "Parent Relationship": "Outer", "Parallel Aware": true, "Async Capable": false, "Relation Name": "company_name", "Alias": "cn", "Startup Cost": 0.0, "Total Cost": 4767.92, "Plan Rows": 49945, "Plan Width": 4, "Actual Rows": 21211, "Actual Loops": 4, "Filter": "((country_code)::text = '[us]'::text)", "Rows Removed by Filter": 37538, "Workers": []}]}]}, {"Node Type": "Hash", "Parent Relationship": "Inner", "Parallel Aware": false, "Async Capable": false, "Startup Cost": 2818.24, "Total Cost": 2818.24, "Plan Rows": 33772, "Plan Width": 4, "Actual Rows": 24592, "Actual Loops": 4, "Hash Buckets": 65536, "Original Hash Buckets": 65536, "Hash Batches": 1, "Original Hash Batches": 1, "Peak Memory Usage": 1377, "Workers": [], "Plans": [{"Node Type": "Hash Join", "Parent Relationship": "Outer", "Parallel Aware": false, "Async Capable": false, "Join Type": "Inner", "Startup Cost": 1.06, "Total Cost": 2818.24, "Plan Rows": 33772, "Plan Width": 4, "Actual Rows": 24592, "Actual Loops": 4, "Inner Unique": true, "Hash Cond": "(cc.status_id = cct1.id)", "Workers": [], "Plans": [{"Node Type": "Seq Scan", "Parent Relationship": "Outer", "Parallel Aware": false, "Async Capable": false, "Relation Name": "complete_cast", "Alias": "cc", "Startup Cost": 0.0, "Total Cost": 2086.86, "Plan Rows": 135086, "Plan Width": 8, "Actual Rows": 135086, "Actual Loops": 4, "Workers": []}, {"Node Type": "Hash", "Parent Relationship": "Inner", "Parallel Aware": false, "Async Capable": false, "Startup Cost": 1.05, "Total Cost": 1.05, "Plan Rows": 1, "Plan Width": 4, "Actual Rows": 1, "Actual Loops": 4, "Hash Buckets": 1024, "Original Hash Buckets": 1024, "Hash Batches": 1, "Original Hash Batches": 1, "Peak Memory Usage": 9, "Workers": [], "Plans": [{"Node Type": "Seq Scan", "Parent Relationship": "Outer", "Parallel Aware": false, "Async Capable": false, "Relation Name": "comp_cast_type", "Alias": "cct1", "Startup Cost": 0.0, "Total Cost": 1.05, "Plan Rows": 1, "Plan Width": 4, "Actual Rows": 1, "Actual Loops": 4, "Filter": "((kind)::text = 'complete+verified'::text)", "Rows Removed by Filter": 3, "Workers": []}]}]}]}]}, {"Node Type": "Hash", "Parent Relationship": "Inner", "Parallel Aware": false, "Async Capable": false, "Startup Cost": 1.04, "Total Cost": 1.04, "Plan Rows": 4, "Plan Width": 4, "Actual Rows": 4, "Actual Loops": 4, "Hash Buckets": 1024, "Original Hash Buckets": 1024, "Hash Batches": 1, "Original Hash Batches": 1, "Peak Memory Usage": 9, "Workers": [], "Plans": [{"Node Type": "Seq Scan", "Parent Relationship": "Outer", "Parallel Aware": false, "Async Capable": false, "Relation Name": "company_type", "Alias": "ct", "Startup Cost": 0.0, "Total Cost": 1.04, "Plan Rows": 4, "Plan Width": 4, "Actual Rows": 4, "Actual Loops": 4, "Workers": []}]}]}, {"Node Type": "Hash", "Parent Relationship": "Inner", "Parallel Aware": true, "Async Capable": false, "Startup Cost": 250706.67, "Total Cost": 250706.67, "Plan Rows": 1, "Plan Width": 39, "Actual Rows": 150, "Actual Loops": 4, "Hash Buckets": 1024, "Original Hash Buckets": 1024, "Hash Batches": 1, "Original Hash Batches": 1, "Peak Memory Usage": 136, "Workers": [], "Plans": [{"Node Type": "Nested Loop", "Parent Relationship": "Outer", "Parallel Aware": false, "Async Capable": false, "Join Type": "Inner", "Startup Cost": 206160.05, "Total Cost": 250706.67, "Plan Rows": 1, "Plan Width": 39, "Actual Rows": 150, "Actual Loops": 4, "Inner Unique": true, "Workers": [], "Plans": [{"Node Type": "Nested Loop", "Parent Relationship": "Outer", "Parallel Aware": false, "Async Capable": false, "Join Type": "Inner", "Startup Cost": 206159.63, "Total Cost": 250706.23, "Plan Rows": 1, "Plan Width": 43, "Actual Rows": 150, "Actual Loops": 4, "Inner Unique": true, "Workers": [], "Plans": [{"Node Type": "Nested Loop", "Parent Relationship": "Outer", "Parallel Aware": false, "Async Capable": false, "Join Type": "Inner", "Startup Cost": 206159.5, "Total Cost": 250705.91, "Plan Rows": 2, "Plan Width": 37, "Actual Rows": 215, "Actual Loops": 4, "Inner Unique": true, "Join Filter": "(t.id = mi.movie_id)", "Rows Removed by Join Filter": 0, "Workers": [], "Plans": [{"Node Type": "Hash Join", "Parent Relationship": "Outer", "Parallel Aware": true, "Async Capable": false, "Join Type": "Inner", "Startup Cost": 206159.07, "Total Cost": 250704.91, "Plan Rows": 2, "Plan Width": 12, "Actual Rows": 218, "Actual Loops": 4, "Inner Unique": false, "Hash Cond": "(mk.movie_id = mi.movie_id)", "Workers": [], "Plans": [{"Node Type": "Seq Scan", "Parent Relationship": "Outer", "Parallel Aware": true, "Async Capable": false, "Relation Name": "movie_keyword", "Alias": "mk", "Startup Cost": 0.0, "Total Cost": 39073.32, "Plan Rows": 1459332, "Plan Width": 8, "Actual Rows": 1130982, "Actual Loops": 4, "Workers": []}, {"Node Type": "Hash", "Parent Relationship": "Inner", "Parallel Aware": true, "Async Capable": false, "Startup Cost": 206159.06, "Total Cost": 206159.06, "Plan Rows": 1, "Plan Width": 4, "Actual Rows": 124, "Actual Loops": 4, "Hash Buckets": 1024, "Original Hash Buckets": 1024, "Hash Batches": 1, "Original Hash Batches": 1, "Peak Memory Usage": 136, "Workers": [], "Plans": [{"Node Type": "Hash Join", "Parent Relationship": "Outer", "Parallel Aware": false, "Async Capable": false, "Join Type": "Inner", "Startup Cost": 2.43, "Total Cost": 206159.06, "Plan Rows": 1, "Plan Width": 4, "Actual Rows": 124, "Actual Loops": 4, "Inner Unique": true, "Hash Cond": "(mi.info_type_id = it1.id)", "Workers": [], "Plans": [{"Node Type": "Seq Scan", "Parent Relationship": "Outer", "Parallel Aware": true, "Async Capable": false, "Relation Name": "movie_info", "Alias": "mi", "Startup Cost": 0.0, "Total Cost": 206156.59, "Plan Rows": 15, "Plan Width": 8, "Actual Rows": 124, "Actual Loops": 4, "Filter": "(((note)::text ~~ '%internet%'::text) AND ((info)::text ~~ 'USA:%2008%'::text))", "Rows Removed by Filter": 3708806, "Workers": []}, {"Node Type": "Hash", "Parent Relationship": "Inner", "Parallel Aware": false, "Async Capable": false, "Startup Cost": 2.41, "Total Cost": 2.41, "Plan Rows": 1, "Plan Width": 4, "Actual Rows": 1, "Actual Loops": 4, "Hash Buckets": 1024, "Original Hash Buckets": 1024, "Hash Batches": 1, "Original Hash Batches": 1, "Peak Memory Usage": 9, "Workers": [], "Plans": [{"Node Type": "Seq Scan", "Parent Relationship": "Outer", "Parallel Aware": false, "Async Capable": false, "Relation Name": "info_type", "Alias": "it1", "Startup Cost": 0.0, "Total Cost": 2.41, "Plan Rows": 1, "Plan Width": 4, "Actual Rows": 1, "Actual Loops": 4, "Filter": "((info)::text = 'release dates'::text)", "Rows Removed by Filter": 112, "Workers": []}]}]}]}]}, {"Node Type": "Index Scan", "Parent Relationship": "Inner", "Parallel Aware": false, "Async Capable": false, "Scan Direction": "Forward", "Index Name": "title_pkey", "Relation Name": "title", "Alias": "t", "Startup Cost": 0.43, "Total Cost": 0.49, "Plan Rows": 1, "Plan Width": 25, "Actual Rows": 1, "Actual Loops": 870, "Index Cond": "(id = mk.movie_id)", "Rows Removed by Index Recheck": 0, "Filter": "(production_year >= 1976)", "Rows Removed by Filter": 0, "Workers": []}]}, {"Node Type": "Index Scan", "Parent Relationship": "Inner", "Parallel Aware": false, "Async Capable": false, "Scan Direction": "Forward", "Index Name": "kind_type_pkey", "Relation Name": "kind_type", "Alias": "kt", "Startup Cost": 0.13, "Total Cost": 0.15, "Plan Rows": 1, "Plan Width": 14, "Actual Rows": 1, "Actual Loops": 860, "Index Cond": "(id = t.kind_id)", "Rows Removed by Index Recheck": 0, "Filter": "((kind)::text = ANY ('{episode,movie,\"tv movie\"}'::text[]))", "Rows Removed by Filter": 0, "Workers": []}]}, {"Node Type": "Index Only Scan", "Parent Relationship": "Inner", "Parallel Aware": false, "Async Capable": false, "Scan Direction": "Forward", "Index Name": "keyword_pkey", "Relation Name": "keyword", "Alias": "k", "Startup Cost": 0.42, "Total Cost": 0.44, "Plan Rows": 1, "Plan Width": 4, "Actual Rows": 1, "Actual Loops": 600, "Index Cond": "(id = mk.keyword_id)", "Rows Removed by Index Recheck": 0, "Heap Fetches": 0, "Workers": []}]}]}]}]}]}, "Planning Time": 22.239, "Triggers": [], "Execution Time": 1096.998}, {"Plan": {"Node Type": "Aggregate", "Strategy": "Plain", "Partial Mode": "Simple", "Parallel Aware": false, "Async Capable": false, "Startup Cost": 285345.18, "Total Cost": 285345.19, "Plan Rows": 1, "Plan Width": 64, "Actual Rows": 1, "Actual Loops": 1, "Plans": [{"Node Type": "Nested Loop", "Parent Relationship": "Outer", "Parallel Aware": false, "Async Capable": false, "Join Type": "Inner", "Startup Cost": 237558.47, "Total Cost": 285345.17, "Plan Rows": 3, "Plan Width": 27, "Actual Rows": 306, "Actual Loops": 1, "Inner Unique": false, "Join Filter": "(ct.id = mc.company_type_id)", "Rows Removed by Join Filter": 918, "Plans": [{"Node Type": "Seq Scan", "Parent Relationship": "Outer", "Parallel Aware": false, "Async Capable": false, "Relation Name": "company_type", "Alias": "ct", "Startup Cost": 0.0, "Total Cost": 1.04, "Plan Rows": 4, "Plan Width": 4, "Actual Rows": 4, "Actual Loops": 1}, {"Node Type": "Materialize", "Parent Relationship": "Inner", "Parallel Aware": false, "Async Capable": false, "Startup Cost": 237558.47, "Total Cost": 285343.95, "Plan Rows": 3, "Plan Width": 31, "Actual Rows": 306, "Actual Loops": 4, "Plans": [{"Node Type": "Gather", "Parent Relationship": "Outer", "Parallel Aware": false, "Async Capable": false, "Startup Cost": 237558.47, "Total Cost": 285343.94, "Plan Rows": 3, "Plan Width": 31, "Actual Rows": 306, "Actual Loops": 1, "Workers Planned": 3, "Workers Launched": 3, "Single Copy": false, "Plans": [{"Node Type": "Nested Loop", "Parent Relationship": "Outer", "Parallel Aware": false, "Async Capable": false, "Join Type": "Inner", "Startup Cost": 236558.47, "Total Cost": 284343.64, "Plan Rows": 1, "Plan Width": 31, "Actual Rows": 76, "Actual Loops": 4, "Inner Unique": true, "Workers": [], "Plans": [{"Node Type": "Nested Loop", "Parent Relationship": "Outer", "Parallel Aware": false, "Async Capable": false, "Join Type": "Inner", "Startup Cost": 236558.05, "Total Cost": 284343.2, "Plan Rows": 1, "Plan Width": 35, "Actual Rows": 76, "Actual Loops": 4, "Inner Unique": false, "Join Filter": "(t.id = cc.movie_id)", "Rows Removed by Join Filter": 5766748, "Workers": [], "Plans": [{"Node Type": "Hash Join", "Parent Relationship": "Outer", "Parallel Aware": true, "Async Capable": false, "Join Type": "Inner", "Startup Cost": 236556.99, "Total Cost": 281102.81, "Plan Rows": 1, "Plan Width": 51, "Actual Rows": 234, "Actual Loops": 4, "Inner Unique": false, "Hash Cond": "(mk.movie_id = t.id)", "Workers": [], "Plans": [{"Node Type": "Seq Scan", "Parent Relationship": "Outer", "Parallel Aware": true, "Async Capable": false, "Relation Name": "movie_keyword", "Alias": "mk", "Startup Cost": 0.0, "Total Cost": 39073.32, "Plan Rows": 1459332, "Plan Width": 8, "Actual Rows": 1130982, "Actual Loops": 4, "Workers": []}, {"Node Type": "Hash", "Parent Relationship": "Inner", "Parallel Aware": true, "Async Capable": false, "Startup Cost": 236556.97, "Total Cost": 236556.97, "Plan Rows": 1, "Plan Width": 43, "Actual Rows": 84, "Actual Loops": 4, "Hash Buckets": 1024, "Original Hash Buckets": 1024, "Hash Batches": 1, "Original Hash Batches": 1, "Peak Memory Usage": 136, "Workers": [], "Plans": [{"Node Type": "Nested Loop", "Parent Relationship": "Outer", "Parallel Aware": false, "Async Capable": false, "Join Type": "Inner", "Startup Cost": 206160.05, "Total Cost": 236556.97, "Plan Rows": 1, "Plan Width": 43, "Actual Rows": 84, "Actual Loops": 4, "Inner Unique": true, "Workers": [], "Plans": [{"Node Type": "Nested Loop", "Parent Relationship": "Outer", "Parallel Aware": false, "Async Capable": false, "Join Type": "Inner", "Startup Cost": 206159.92, "Total Cost": 236556.81, "Plan Rows": 1, "Plan Width": 37, "Actual Rows": 177, "Actual Loops": 4, "Inner Unique": true, "Join Filter": "(t.id = mi.movie_id)", "Rows Removed by Join Filter": 0, "Workers": [], "Plans": [{"Node Type": "Nested Loop", "Parent Relationship": "Outer", "Parallel Aware": false, "Async Capable": false, "Join Type": "Inner", "Startup Cost": 206159.49, "Total Cost": 236556.28, "Plan Rows": 1, "Plan Width": 12, "Actual Rows": 177, "Actual Loops": 4, "Inner Unique": true, "Workers": [], "Plans": [{"Node Type": "Hash Join", "Parent Relationship": "Outer", "Parallel Aware": true, "Async Capable": false, "Join Type": "Inner", "Startup Cost": 206159.07, "Total Cost": 236555.83, "Plan Rows": 1, "Plan Width": 16, "Actual Rows": 192, "Actual Loops": 4, "Inner Unique": false, "Hash Cond": "(mc.movie_id = mi.movie_id)", "Workers": [], "Plans": [{"Node Type": "Seq Scan", "Parent Relationship": "Outer", "Parallel Aware": true, "Async Capable": false, "Relation Name": "movie_companies", "Alias": "mc", "Startup Cost": 0.0, "Total Cost": 27240.55, "Plan Rows": 841655, "Plan Width": 12, "Actual Rows": 652282, "Actual Loops": 4, "Workers": []}, {"Node Type": "Hash", "Parent Relationship": "Inner", "Parallel Aware": true, "Async Capable": false, "Startup Cost": 206159.06, "Total Cost": 206159.06, "Plan Rows": 1, "Plan Width": 4, "Actual Rows": 124, "Actual Loops": 4, "Hash Buckets": 1024, "Original Hash Buckets": 1024, "Hash Batches": 1, "Original Hash Batches": 1, "Peak Memory Usage": 136, "Workers": [], "Plans": [{"Node Type": "Hash Join", "Parent Relationship": "Outer", "Parallel Aware": false, "Async Capable": false, "Join Type": "Inner", "Startup Cost": 2.43, "Total Cost": 206159.06, "Plan Rows": 1, "Plan Width": 4, "Actual Rows": 124, "Actual Loops": 4, "Inner Unique": true, "Hash Cond": "(mi.info_type_id = it1.id)", "Workers": [], "Plans": [{"Node Type": "Seq Scan", "Parent Relationship": "Outer", "Parallel Aware": true, "Async Capable": false, "Relation Name": "movie_info", "Alias": "mi", "Startup Cost": 0.0, "Total Cost": 206156.59, "Plan Rows": 15, "Plan Width": 8, "Actual Rows": 124, "Actual Loops": 4, "Filter": "(((note)::text ~~ '%internet%'::text) AND ((info)::text ~~ 'USA:%2008%'::text))", "Rows Removed by Filter": 3708806, "Workers": []}, {"Node Type": "Hash", "Parent Relationship": "Inner", "Parallel Aware": false, "Async Capable": false, "Startup Cost": 2.41, "Total Cost": 2.41, "Plan Rows": 1, "Plan Width": 4, "Actual Rows": 1, "Actual Loops": 4, "Hash Buckets": 1024, "Original Hash Buckets": 1024, "Hash Batches": 1, "Original Hash Batches": 1, "Peak Memory Usage": 9, "Workers": [], "Plans": [{"Node Type": "Seq Scan", "Parent Relationship": "Outer", "Parallel Aware": false, "Async Capable": false, "Relation Name": "info_type", "Alias": "it1", "Startup Cost": 0.0, "Total Cost": 2.41, "Plan Rows": 1, "Plan Width": 4, "Actual Rows": 1, "Actual Loops": 4, "Filter": "((info)::text = 'release dates'::text)", "Rows Removed by Filter": 112, "Workers": []}]}]}]}]}, {"Node Type": "Index Scan", "Parent Relationship": "Inner", "Parallel Aware": false, "Async Capable": false, "Scan Direction": "Forward", "Index Name": "company_name_pkey", "Relation Name": "company_name", "Alias": "cn", "Startup Cost": 0.42, "Total Cost": 0.45, "Plan Rows": 1, "Plan Width": 4, "Actual Rows": 1, "Actual Loops": 766, "Index Cond": "(id = mc.company_id)", "Rows Removed by Index Recheck": 0, "Filter": "((country_code)::text = '[us]'::text)", "Rows Removed by Filter": 0, "Workers": []}]}, {"Node Type": "Index Scan", "Parent Relationship": "Inner", "Parallel Aware": false, "Async Capable": false, "Scan Direction": "Forward", "Index Name": "title_pkey", "Relation Name": "title", "Alias": "t", "Startup Cost": 0.43, "Total Cost": 0.52, "Plan Rows": 1, "Plan Width": 25, "Actual Rows": 1, "Actual Loops": 707, "Index Cond": "(id = mc.movie_id)", "Rows Removed by Index Recheck": 0, "Filter": "(production_year >= 1976)", "Rows Removed by Filter": 0, "Workers": []}]}, {"Node Type": "Index Scan", "Parent Relationship": "Inner", "Parallel Aware": false, "Async Capable": false, "Scan Direction": "Forward", "Index Name": "kind_type_pkey", "Relation Name": "kind_type", "Alias": "kt", "Startup Cost": 0.13, "Total Cost": 0.15, "Plan Rows": 1, "Plan Width": 14, "Actual Rows": 0, "Actual Loops": 707, "Index Cond": "(id = t.kind_id)", "Rows Removed by Index Recheck": 0, "Filter": "((kind)::text = ANY ('{episode,movie,\"tv movie\"}'::text[]))", "Rows Removed by Filter": 1, "Workers": []}]}]}]}, {"Node Type": "Hash Join", "Parent Relationship": "Inner", "Parallel Aware": false, "Async Capable": false, "Join Type": "Inner", "Startup Cost": 1.06, "Total Cost": 2818.24, "Plan Rows": 33772, "Plan Width": 4, "Actual Rows": 24592, "Actual Loops": 938, "Inner Unique": true, "Hash Cond": "(cc.status_id = cct1.id)", "Workers": [], "Plans": [{"Node Type": "Seq Scan", "Parent Relationship": "Outer", "Parallel Aware": false, "Async Capable": false, "Relation Name": "complete_cast", "Alias": "cc", "Startup Cost": 0.0, "Total Cost": 2086.86, "Plan Rows": 135086, "Plan Width": 8, "Actual Rows": 135086, "Actual Loops": 938, "Workers": []}, {"Node Type": "Hash", "Parent Relationship": "Inner", "Parallel Aware": false, "Async Capable": false, "Startup Cost": 1.05, "Total Cost": 1.05, "Plan Rows": 1, "Plan Width": 4, "Actual Rows": 1, "Actual Loops": 4, "Hash Buckets": 1024, "Original Hash Buckets": 1024, "Hash Batches": 1, "Original Hash Batches": 1, "Peak Memory Usage": 9, "Workers": [], "Plans": [{"Node Type": "Seq Scan", "Parent Relationship": "Outer", "Parallel Aware": false, "Async Capable": false, "Relation Name": "comp_cast_type", "Alias": "cct1", "Startup Cost": 0.0, "Total Cost": 1.05, "Plan Rows": 1, "Plan Width": 4, "Actual Rows": 1, "Actual Loops": 4, "Filter": "((kind)::text = 'complete+verified'::text)", "Rows Removed by Filter": 3, "Workers": []}]}]}]}, {"Node Type": "Index Only Scan", "Parent Relationship": "Inner", "Parallel Aware": false, "Async Capable": false, "Scan Direction": "Forward", "Index Name": "keyword_pkey", "Relation Name": "keyword", "Alias": "k", "Startup Cost": 0.42, "Total Cost": 0.44, "Plan Rows": 1, "Plan Width": 4, "Actual Rows": 1, "Actual Loops": 306, "Index Cond": "(id = mk.keyword_id)", "Rows Removed by Index Recheck": 0, "Heap Fetches": 0, "Workers": []}]}]}]}]}]}, "Planning Time": 22.132, "Triggers": [], "Execution Time": 4308.784}, {"Plan": {"Node Type": "Aggregate", "Strategy": "Plain", "Partial Mode": "Simple", "Parallel Aware": false, "Async Capable": false, "Startup Cost": 285878.92, "Total Cost": 285878.93, "Plan Rows": 1, "Plan Width": 64, "Actual Rows": 1, "Actual Loops": 1, "Plans": [{"Node Type": "Nested Loop", "Parent Relationship": "Outer", "Parallel Aware": false, "Async Capable": false, "Join Type": "Inner", "Startup Cost": 241331.67, "Total Cost": 285878.9, "Plan Rows": 3, "Plan Width": 27, "Actual Rows": 306, "Actual Loops": 1, "Inner Unique": false, "Join Filter": "(cct1.id = cc.status_id)", "Rows Removed by Join Filter": 0, "Plans": [{"Node Type": "Seq Scan", "Parent Relationship": "Outer", "Parallel Aware": false, "Async Capable": false, "Relation Name": "comp_cast_type", "Alias": "cct1", "Startup Cost": 0.0, "Total Cost": 1.05, "Plan Rows": 1, "Plan Width": 4, "Actual Rows": 1, "Actual Loops": 1, "Filter": "((kind)::text = 'complete+verified'::text)", "Rows Removed by Filter": 3}, {"Node Type": "Gather", "Parent Relationship": "Inner", "Parallel Aware": false, "Async Capable": false, "Startup Cost": 241331.67, "Total Cost": 285877.81, "Plan Rows": 3, "Plan Width": 31, "Actual Rows": 306, "Actual Loops": 1, "Workers Planned": 3, "Workers Launched": 3, "Single Copy": false, "Plans": [{"Node Type": "Nested Loop", "Parent Relationship": "Outer", "Parallel Aware": false, "Async Capable": false, "Join Type": "Inner", "Startup Cost": 240331.67, "Total Cost": 284877.51, "Plan Rows": 1, "Plan Width": 31, "Actual Rows": 76, "Actual Loops": 4, "Inner Unique": true, "Workers": [], "Plans": [{"Node Type": "Hash Join", "Parent Relationship": "Outer", "Parallel Aware": true, "Async Capable": false, "Join Type": "Inner", "Startup Cost": 240331.25, "Total Cost": 284877.08, "Plan Rows": 1, "Plan Width": 35, "Actual Rows": 76, "Actual Loops": 4, "Inner Unique": false, "Hash Cond": "(mk.movie_id = t.id)", "Workers": [], "Plans": [{"Node Type": "Seq Scan", "Parent Relationship": "Outer", "Parallel Aware": true, "Async Capable": false, "Relation Name": "movie_keyword", "Alias": "mk", "Startup Cost": 0.0, "Total Cost": 39073.32, "Plan Rows": 1459332, "Plan Width": 8, "Actual Rows": 1130982, "Actual Loops": 4, "Workers": []}, {"Node Type": "Hash", "Parent Relationship": "Inner", "Parallel Aware": true, "Async Capable": false, "Startup Cost": 240331.24, "Total Cost": 240331.24, "Plan Rows": 1, "Plan Width": 47, "Actual Rows": 2, "Actual Loops": 4, "Hash Buckets": 1024, "Original Hash Buckets": 1024, "Hash Batches": 1, "Original Hash Batches": 1, "Peak Memory Usage": 72, "Workers": [], "Plans": [{"Node Type": "Nested Loop", "Parent Relationship": "Outer", "Parallel Aware": false, "Async Capable": false, "Join Type": "Inner", "Startup Cost": 209934.29, "Total Cost": 240331.24, "Plan Rows": 1, "Plan Width": 47, "Actual Rows": 2, "Actual Loops": 4, "Inner Unique": true, "Workers": [], "Plans": [{"Node Type": "Nested Loop", "Parent Relationship": "Outer", "Parallel Aware": false, "Async Capable": false, "Join Type": "Inner", "Startup Cost": 209934.16, "Total Cost": 240331.07, "Plan Rows": 1, "Plan Width": 41, "Actual Rows": 2, "Actual Loops": 4, "Inner Unique": true, "Join Filter": "(t.id = mi.movie_id)", "Rows Removed by Join Filter": 0, "Workers": [], "Plans": [{"Node Type": "Nested Loop", "Parent Relationship": "Outer", "Parallel Aware": false, "Async Capable": false, "Join Type": "Inner", "Startup Cost": 209933.73, "Total Cost": 240330.54, "Plan Rows": 1, "Plan Width": 16, "Actual Rows": 2, "Actual Loops": 4, "Inner Unique": true, "Workers": [], "Plans": [{"Node Type": "Nested Loop", "Parent Relationship": "Outer", "Parallel Aware": false, "Async Capable": false, "Join Type": "Inner", "Startup Cost": 209933.6, "Total Cost": 240330.39, "Plan Rows": 1, "Plan Width": 20, "Actual Rows": 2, "Actual Loops": 4, "Inner Unique": true, "Workers": [], "Plans": [{"Node Type": "Hash Join", "Parent Relationship": "Outer", "Parallel Aware": true, "Async Capable": false, "Join Type": "Inner", "Startup Cost": 209933.18, "Total Cost": 240329.94, "Plan Rows": 1, "Plan Width": 24, "Actual Rows": 2, "Actual Loops": 4, "Inner Unique": false, "Hash Cond": "(mc.movie_id = mi.movie_id)", "Workers": [], "Plans": [{"Node Type": "Seq Scan", "Parent Relationship": "Outer", "Parallel Aware": true, "Async Capable": false, "Relation Name": "movie_companies", "Alias": "mc", "Startup Cost": 0.0, "Total Cost": 27240.55, "Plan Rows": 841655, "Plan Width": 12, "Actual Rows": 652282, "Actual Loops": 4, "Workers": []}, {"Node Type": "Hash", "Parent Relationship": "Inner", "Parallel Aware": true, "Async Capable": false, "Startup Cost": 209933.17, "Total Cost": 209933.17, "Plan Rows": 1, "Plan Width": 12, "Actual Rows": 2, "Actual Loops": 4, "Hash Buckets": 1024, "Original Hash Buckets": 1024, "Hash Batches": 1, "Original Hash Batches": 1, "Peak Memory Usage": 72, "Workers": [], "Plans": [{"Node Type": "Nested Loop", "Parent Relationship": "Outer", "Parallel Aware": false, "Async Capable": false, "Join Type": "Inner", "Startup Cost": 3775.59, "Total Cost": 209933.17, "Plan Rows": 1, "Plan Width": 12, "Actual Rows": 2, "Actual Loops": 4, "Inner Unique": true, "Workers": [], "Plans": [{"Node Type": "Hash Join", "Parent Relationship": "Outer", "Parallel Aware": false, "Async Capable": false, "Join Type": "Inner", "Startup Cost": 3775.44, "Total Cost": 209932.13, "Plan Rows": 3, "Plan Width": 16, "Actual Rows": 2, "Actual Loops": 4, "Inner Unique": false, "Hash Cond": "(mi.movie_id = cc.movie_id)", "Workers": [], "Plans": [{"Node Type": "Seq Scan", "Parent Relationship": "Outer", "Parallel Aware": true, "Async Capable": false, "Relation Name": "movie_info", "Alias": "mi", "Startup Cost": 0.0, "Total Cost": 206156.59, "Plan Rows": 15, "Plan Width": 8, "Actual Rows": 124, "Actual Loops": 4, "Filter": "(((note)::text ~~ '%internet%'::text) AND ((info)::text ~~ 'USA:%2008%'::text))", "Rows Removed by Filter": 3708806, "Workers": []}, {"Node Type": "Hash", "Parent Relationship": "Inner", "Parallel Aware": false, "Async Capable": false, "Startup Cost": 2086.86, "Total Cost": 2086.86, "Plan Rows": 135086, "Plan Width": 8, "Actual Rows": 135086, "Actual Loops": 4, "Hash Buckets": 262144, "Original Hash Buckets": 262144, "Hash Batches": 1, "Original Hash Batches": 1, "Peak Memory Usage": 7325, "Workers": [], "Plans": [{"Node Type": "Seq Scan", "Parent Relationship": "Outer", "Parallel Aware": false, "Async Capable": false, "Relation Name": "complete_cast", "Alias": "cc", "Startup Cost": 0.0, "Total Cost": 2086.86, "Plan Rows": 135086, "Plan Width": 8, "Actual Rows": 135086, "Actual Loops": 4, "Workers": []}]}]}, {"Node Type": "Memoize", "Parent Relationship": "Inner", "Parallel Aware": false, "Async Capable": false, "Startup Cost": 0.15, "Total Cost": 0.33, "Plan Rows": 1, "Plan Width": 4, "Actual Rows": 1, "Actual Loops": 10, "Cache Key": "mi.info_type_id", "Cache Mode": "logical", "Cache Hits": 3, "Cache Misses": 1, "Cache Evictions": 0, "Cache Overflows": 0, "Peak Memory Usage": 1, "Workers": [{"Worker Number": 1, "Cache Hits": 5, "Cache Misses": 1, "Cache Evictions": 0, "Cache Overflows": 0, "Peak Memory Usage": 1}], "Plans": [{"Node Type": "Index Scan", "Parent Relationship": "Outer", "Parallel Aware": false, "Async Capable": false, "Scan Direction": "Forward", "Index Name": "info_type_pkey", "Relation Name": "info_type", "Alias": "it1", "Startup Cost": 0.14, "Total Cost": 0.32, "Plan Rows": 1, "Plan Width": 4, "Actual Rows": 1, "Actual Loops": 2, "Index Cond": "(id = mi.info_type_id)", "Rows Removed by Index Recheck": 0, "Filter": "((info)::text = 'release dates'::text)", "Rows Removed by Filter": 0, "Workers": []}]}]}]}]}, {"Node Type": "Index Scan", "Parent Relationship": "Inner", "Parallel Aware": false, "Async Capable": false, "Scan Direction": "Forward", "Index Name": "company_name_pkey", "Relation Name": "company_name", "Alias": "cn", "Startup Cost": 0.42, "Total Cost": 0.45, "Plan Rows": 1, "Plan Width": 4, "Actual Rows": 1, "Actual Loops": 10, "Index Cond": "(id = mc.company_id)", "Rows Removed by Index Recheck": 0, "Filter": "((country_code)::text = '[us]'::text)", "Rows Removed by Filter": 0, "Workers": []}]}, {"Node Type": "Index Only Scan", "Parent Relationship": "Inner", "Parallel Aware": false, "Async Capable": false, "Scan Direction": "Forward", "Index Name": "company_type_pkey", "Relation Name": "company_type", "Alias": "ct", "Startup Cost": 0.13, "Total Cost": 0.15, "Plan Rows": 1, "Plan Width": 4, "Actual Rows": 1, "Actual Loops": 8, "Index Cond": "(id = mc.company_type_id)", "Rows Removed by Index Recheck": 0, "Heap Fetches": 8, "Workers": []}]}, {"Node Type": "Index Scan", "Parent Relationship": "Inner", "Parallel Aware": false, "Async Capable": false, "Scan Direction": "Forward", "Index Name": "title_pkey", "Relation Name": "title", "Alias": "t", "Startup Cost": 0.43, "Total Cost": 0.52, "Plan Rows": 1, "Plan Width": 25, "Actual Rows": 1, "Actual Loops": 8, "Index Cond": "(id = mc.movie_id)", "Rows Removed by Index Recheck": 0, "Filter": "(production_year >= 1976)", "Rows Removed by Filter": 0, "Workers": []}]}, {"Node Type": "Index Scan", "Parent Relationship": "Inner", "Parallel Aware": false, "Async Capable": false, "Scan Direction": "Forward", "Index Name": "kind_type_pkey", "Relation Name": "kind_type", "Alias": "kt", "Startup Cost": 0.13, "Total Cost": 0.15, "Plan Rows": 1, "Plan Width": 14, "Actual Rows": 1, "Actual Loops": 8, "Index Cond": "(id = t.kind_id)", "Rows Removed by Index Recheck": 0, "Filter": "((kind)::text = ANY ('{episode,movie,\"tv movie\"}'::text[]))", "Rows Removed by Filter": 0, "Workers": []}]}]}]}, {"Node Type": "Index Only Scan", "Parent Relationship": "Inner", "Parallel Aware": false, "Async Capable": false, "Scan Direction": "Forward", "Index Name": "keyword_pkey", "Relation Name": "keyword", "Alias": "k", "Startup Cost": 0.42, "Total Cost": 0.44, "Plan Rows": 1, "Plan Width": 4, "Actual Rows": 1, "Actual Loops": 306, "Index Cond": "(id = mk.keyword_id)", "Rows Removed by Index Recheck": 0, "Heap Fetches": 0, "Workers": []}]}]}]}]}, "Planning Time": 23.71, "Triggers": [], "Execution Time": 879.607}, {"Plan": {"Node Type": "Aggregate", "Strategy": "Plain", "Partial Mode": "Simple", "Parallel Aware": false, "Async Capable": false, "Startup Cost": 285348.86, "Total Cost": 285348.87, "Plan Rows": 1, "Plan Width": 64, "Actual Rows": 1, "Actual Loops": 1, "Plans": [{"Node Type": "Nested Loop", "Parent Relationship": "Outer", "Parallel Aware": false, "Async Capable": false, "Join Type": "Inner", "Startup Cost": 240797.26, "Total Cost": 285348.84, "Plan Rows": 3, "Plan Width": 27, "Actual Rows": 306, "Actual Loops": 1, "Inner Unique": false, "Join Filter": "(it1.id = mi.info_type_id)", "Rows Removed by Join Filter": 0, "Plans": [{"Node Type": "Seq Scan", "Parent Relationship": "Outer", "Parallel Aware": false, "Async Capable": false, "Relation Name": "info_type", "Alias": "it1", "Startup Cost": 0.0, "Total Cost": 2.41, "Plan Rows": 1, "Plan Width": 4, "Actual Rows": 1, "Actual Loops": 1, "Filter": "((info)::text = 'release dates'::text)", "Rows Removed by Filter": 112}, {"Node Type": "Gather", "Parent Relationship": "Inner", "Parallel Aware": false, "Async Capable": false, "Startup Cost": 240797.26, "Total Cost": 285346.26, "Plan Rows": 14, "Plan Width": 31, "Actual Rows": 306, "Actual Loops": 1, "Workers Planned": 3, "Workers Launched": 3, "Single Copy": false, "Plans": [{"Node Type": "Nested Loop", "Parent Relationship": "Outer", "Parallel Aware": false, "Async Capable": false, "Join Type": "Inner", "Startup Cost": 239797.26, "Total Cost": 284344.86, "Plan Rows": 5, "Plan Width": 31, "Actual Rows": 76, "Actual Loops": 4, "Inner Unique": true, "Workers": [], "Plans": [{"Node Type": "Hash Join", "Parent Relationship": "Outer", "Parallel Aware": true, "Async Capable": false, "Join Type": "Inner", "Startup Cost": 239796.84, "Total Cost": 284342.67, "Plan Rows": 5, "Plan Width": 35, "Actual Rows": 76, "Actual Loops": 4, "Inner Unique": false, "Hash Cond": "(mk.movie_id = t.id)", "Workers": [], "Plans": [{"Node Type": "Seq Scan", "Parent Relationship": "Outer", "Parallel Aware": true, "Async Capable": false, "Relation Name": "movie_keyword", "Alias": "mk", "Startup Cost": 0.0, "Total Cost": 39073.32, "Plan Rows": 1459332, "Plan Width": 8, "Actual Rows": 1130982, "Actual Loops": 4, "Workers": []}, {"Node Type": "Hash", "Parent Relationship": "Inner", "Parallel Aware": true, "Async Capable": false, "Startup Cost": 239796.83, "Total Cost": 239796.83, "Plan Rows": 1, "Plan Width": 47, "Actual Rows": 0, "Actual Loops": 4, "Hash Buckets": 1024, "Original Hash Buckets": 1024, "Hash Batches": 1, "Original Hash Batches": 1, "Peak Memory Usage": 40, "Workers": [], "Plans": [{"Node Type": "Nested Loop", "Parent Relationship": "Outer", "Parallel Aware": false, "Async Capable": false, "Join Type": "Inner", "Startup Cost": 209399.57, "Total Cost": 239796.83, "Plan Rows": 1, "Plan Width": 47, "Actual Rows": 0, "Actual Loops": 4, "Inner Unique": true, "Workers": [], "Plans": [{"Node Type": "Nested Loop", "Parent Relationship": "Outer", "Parallel Aware": false, "Async Capable": false, "Join Type": "Inner", "Startup Cost": 209399.44, "Total Cost": 239796.67, "Plan Rows": 1, "Plan Width": 51, "Actual Rows": 0, "Actual Loops": 4, "Inner Unique": true, "Workers": [], "Plans": [{"Node Type": "Hash Join", "Parent Relationship": "Outer", "Parallel Aware": true, "Async Capable": false, "Join Type": "Inner", "Startup Cost": 209399.02, "Total Cost": 239795.78, "Plan Rows": 2, "Plan Width": 55, "Actual Rows": 0, "Actual Loops": 4, "Inner Unique": false, "Hash Cond": "(mc.movie_id = t.id)", "Workers": [], "Plans": [{"Node Type": "Seq Scan", "Parent Relationship": "Outer", "Parallel Aware": true, "Async Capable": false, "Relation Name": "movie_companies", "Alias": "mc", "Startup Cost": 0.0, "Total Cost": 27240.55, "Plan Rows": 841655, "Plan Width": 12, "Actual Rows": 652282, "Actual Loops": 4, "Workers": []}, {"Node Type": "Hash", "Parent Relationship": "Inner", "Parallel Aware": true, "Async Capable": false, "Startup Cost": 209399.01, "Total Cost": 209399.01, "Plan Rows": 1, "Plan Width": 43, "Actual Rows": 0, "Actual Loops": 4, "Hash Buckets": 1024, "Original Hash Buckets": 1024, "Hash Batches": 1, "Original Hash Batches": 1, "Peak Memory Usage": 40, "Workers": [], "Plans": [{"Node Type": "Nested Loop", "Parent Relationship": "Outer", "Parallel Aware": false, "Async Capable": false, "Join Type": "Inner", "Startup Cost": 3240.95, "Total Cost": 209399.01, "Plan Rows": 1, "Plan Width": 43, "Actual Rows": 0, "Actual Loops": 4, "Inner Unique": true, "Workers": [], "Plans": [{"Node Type": "Nested Loop", "Parent Relationship": "Outer", "Parallel Aware": false, "Async Capable": false, "Join Type": "Inner", "Startup Cost": 3240.82, "Total Cost": 209398.84, "Plan Rows": 1, "Plan Width": 37, "Actual Rows": 0, "Actual Loops": 4, "Inner Unique": true, "Join Filter": "(t.id = mi.movie_id)", "Rows Removed by Join Filter": 0, "Workers": [], "Plans": [{"Node Type": "Hash Join", "Parent Relationship": "Outer", "Parallel Aware": false, "Async Capable": false, "Join Type": "Inner", "Startup Cost": 3240.39, "Total Cost": 209397.05, "Plan Rows": 1, "Plan Width": 12, "Actual Rows": 0, "Actual Loops": 4, "Inner Unique": false, "Hash Cond": "(mi.movie_id = cc.movie_id)", "Workers": [], "Plans": [{"Node Type": "Seq Scan", "Parent Relationship": "Outer", "Parallel Aware": true, "Async Capable": false, "Relation Name": "movie_info", "Alias": "mi", "Startup Cost": 0.0, "Total Cost": 206156.59, "Plan Rows": 15, "Plan Width": 8, "Actual Rows": 124, "Actual Loops": 4, "Filter": "(((note)::text ~~ '%internet%'::text) AND ((info)::text ~~ 'USA:%2008%'::text))", "Rows Removed by Filter": 3708806, "Workers": []}, {"Node Type": "Hash", "Parent Relationship": "Inner", "Parallel Aware": false, "Async Capable": false, "Startup Cost": 2818.24, "Total Cost": 2818.24, "Plan Rows": 33772, "Plan Width": 4, "Actual Rows": 24592, "Actual Loops": 4, "Hash Buckets": 65536, "Original Hash Buckets": 65536, "Hash Batches": 1, "Original Hash Batches": 1, "Peak Memory Usage": 1377, "Workers": [], "Plans": [{"Node Type": "Hash Join", "Parent Relationship": "Outer", "Parallel Aware": false, "Async Capable": false, "Join Type": "Inner", "Startup Cost": 1.06, "Total Cost": 2818.24, "Plan Rows": 33772, "Plan Width": 4, "Actual Rows": 24592, "Actual Loops": 4, "Inner Unique": true, "Hash Cond": "(cc.status_id = cct1.id)", "Workers": [], "Plans": [{"Node Type": "Seq Scan", "Parent Relationship": "Outer", "Parallel Aware": false, "Async Capable": false, "Relation Name": "complete_cast", "Alias": "cc", "Startup Cost": 0.0, "Total Cost": 2086.86, "Plan Rows": 135086, "Plan Width": 8, "Actual Rows": 135086, "Actual Loops": 4, "Workers": []}, {"Node Type": "Hash", "Parent Relationship": "Inner", "Parallel Aware": false, "Async Capable": false, "Startup Cost": 1.05, "Total Cost": 1.05, "Plan Rows": 1, "Plan Width": 4, "Actual Rows": 1, "Actual Loops": 4, "Hash Buckets": 1024, "Original Hash Buckets": 1024, "Hash Batches": 1, "Original Hash Batches": 1, "Peak Memory Usage": 9, "Workers": [], "Plans": [{"Node Type": "Seq Scan", "Parent Relationship": "Outer", "Parallel Aware": false, "Async Capable": false, "Relation Name": "comp_cast_type", "Alias": "cct1", "Startup Cost": 0.0, "Total Cost": 1.05, "Plan Rows": 1, "Plan Width": 4, "Actual Rows": 1, "Actual Loops": 4, "Filter": "((kind)::text = 'complete+verified'::text)", "Rows Removed by Filter": 3, "Workers": []}]}]}]}]}, {"Node Type": "Index Scan", "Parent Relationship": "Inner", "Parallel Aware": false, "Async Capable": false, "Scan Direction": "Forward", "Index Name": "title_pkey", "Relation Name": "title", "Alias": "t", "Startup Cost": 0.43, "Total Cost": 1.78, "Plan Rows": 1, "Plan Width": 25, "Actual Rows": 1, "Actual Loops": 2, "Index Cond": "(id = cc.movie_id)", "Rows Removed by Index Recheck": 0, "Filter": "(production_year >= 1976)", "Rows Removed by Filter": 0, "Workers": []}]}, {"Node Type": "Index Scan", "Parent Relationship": "Inner", "Parallel Aware": false, "Async Capable": false, "Scan Direction": "Forward", "Index Name": "kind_type_pkey", "Relation Name": "kind_type", "Alias": "kt", "Startup Cost": 0.13, "Total Cost": 0.15, "Plan Rows": 1, "Plan Width": 14, "Actual Rows": 1, "Actual Loops": 2, "Index Cond": "(id = t.kind_id)", "Rows Removed by Index Recheck": 0, "Filter": "((kind)::text = ANY ('{episode,movie,\"tv movie\"}'::text[]))", "Rows Removed by Filter": 0, "Workers": []}]}]}]}, {"Node Type": "Index Scan", "Parent Relationship": "Inner", "Parallel Aware": false, "Async Capable": false, "Scan Direction": "Forward", "Index Name": "company_name_pkey", "Relation Name": "company_name", "Alias": "cn", "Startup Cost": 0.42, "Total Cost": 0.45, "Plan Rows": 1, "Plan Width": 4, "Actual Rows": 1, "Actual Loops": 2, "Index Cond": "(id = mc.company_id)", "Rows Removed by Index Recheck": 0, "Filter": "((country_code)::text = '[us]'::text)", "Rows Removed by Filter": 0, "Workers": []}]}, {"Node Type": "Index Only Scan", "Parent Relationship": "Inner", "Parallel Aware": false, "Async Capable": false, "Scan Direction": "Forward", "Index Name": "company_type_pkey", "Relation Name": "company_type", "Alias": "ct", "Startup Cost": 0.13, "Total Cost": 0.15, "Plan Rows": 1, "Plan Width": 4, "Actual Rows": 1, "Actual Loops": 2, "Index Cond": "(id = mc.company_type_id)", "Rows Removed by Index Recheck": 0, "Heap Fetches": 2, "Workers": []}]}]}]}, {"Node Type": "Index Only Scan", "Parent Relationship": "Inner", "Parallel Aware": false, "Async Capable": false, "Scan Direction": "Forward", "Index Name": "keyword_pkey", "Relation Name": "keyword", "Alias": "k", "Startup Cost": 0.42, "Total Cost": 0.44, "Plan Rows": 1, "Plan Width": 4, "Actual Rows": 1, "Actual Loops": 306, "Index Cond": "(id = mk.keyword_id)", "Rows Removed by Index Recheck": 0, "Heap Fetches": 0, "Workers": []}]}]}]}]}, "Planning Time": 23.606, "Triggers": [], "Execution Time": 864.158}, {"Plan": {"Node Type": "Aggregate", "Strategy": "Plain", "Partial Mode": "Simple", "Parallel Aware": false, "Async Capable": false, "Startup Cost": 300381.05, "Total Cost": 300381.06, "Plan Rows": 1, "Plan Width": 64, "Actual Rows": 1, "Actual Loops": 1, "Plans": [{"Node Type": "Gather", "Parent Relationship": "Outer", "Parallel Aware": false, "Async Capable": false, "Startup Cost": 255834.42, "Total Cost": 300381.03, "Plan Rows": 3, "Plan Width": 27, "Actual Rows": 306, "Actual Loops": 1, "Workers Planned": 3, "Workers Launched": 3, "Single Copy": false, "Plans": [{"Node Type": "Hash Join", "Parent Relationship": "Outer", "Parallel Aware": true, "Async Capable": false, "Join Type": "Inner", "Startup Cost": 254834.42, "Total Cost": 299380.73, "Plan Rows": 1, "Plan Width": 27, "Actual Rows": 76, "Actual Loops": 4, "Inner Unique": false, "Hash Cond": "(mi.movie_id = t.id)", "Workers": [], "Plans": [{"Node Type": "Nested Loop", "Parent Relationship": "Outer", "Parallel Aware": false, "Async Capable": false, "Join Type": "Inner", "Startup Cost": 206159.49, "Total Cost": 250705.78, "Plan Rows": 2, "Plan Width": 8, "Actual Rows": 218, "Actual Loops": 4, "Inner Unique": true, "Workers": [], "Plans": [{"Node Type": "Hash Join", "Parent Relationship": "Outer", "Parallel Aware": true, "Async Capable": false, "Join Type": "Inner", "Startup Cost": 206159.07, "Total Cost": 250704.91, "Plan Rows": 2, "Plan Width": 12, "Actual Rows": 218, "Actual Loops": 4, "Inner Unique": false, "Hash Cond": "(mk.movie_id = mi.movie_id)", "Workers": [], "Plans": [{"Node Type": "Seq Scan", "Parent Relationship": "Outer", "Parallel Aware": true, "Async Capable": false, "Relation Name": "movie_keyword", "Alias": "mk", "Startup Cost": 0.0, "Total Cost": 39073.32, "Plan Rows": 1459332, "Plan Width": 8, "Actual Rows": 1130982, "Actual Loops": 4, "Workers": []}, {"Node Type": "Hash", "Parent Relationship": "Inner", "Parallel Aware": true, "Async Capable": false, "Startup Cost": 206159.06, "Total Cost": 206159.06, "Plan Rows": 1, "Plan Width": 4, "Actual Rows": 124, "Actual Loops": 4, "Hash Buckets": 1024, "Original Hash Buckets": 1024, "Hash Batches": 1, "Original Hash Batches": 1, "Peak Memory Usage": 136, "Workers": [], "Plans": [{"Node Type": "Hash Join", "Parent Relationship": "Outer", "Parallel Aware": false, "Async Capable": false, "Join Type": "Inner", "Startup Cost": 2.43, "Total Cost": 206159.06, "Plan Rows": 1, "Plan Width": 4, "Actual Rows": 124, "Actual Loops": 4, "Inner Unique": true, "Hash Cond": "(mi.info_type_id = it1.id)", "Workers": [], "Plans": [{"Node Type": "Seq Scan", "Parent Relationship": "Outer", "Parallel Aware": true, "Async Capable": false, "Relation Name": "movie_info", "Alias": "mi", "Startup Cost": 0.0, "Total Cost": 206156.59, "Plan Rows": 15, "Plan Width": 8, "Actual Rows": 124, "Actual Loops": 4, "Filter": "(((note)::text ~~ '%internet%'::text) AND ((info)::text ~~ 'USA:%2008%'::text))", "Rows Removed by Filter": 3708806, "Workers": []}, {"Node Type": "Hash", "Parent Relationship": "Inner", "Parallel Aware": false, "Async Capable": false, "Startup Cost": 2.41, "Total Cost": 2.41, "Plan Rows": 1, "Plan Width": 4, "Actual Rows": 1, "Actual Loops": 4, "Hash Buckets": 1024, "Original Hash Buckets": 1024, "Hash Batches": 1, "Original Hash Batches": 1, "Peak Memory Usage": 9, "Workers": [], "Plans": [{"Node Type": "Seq Scan", "Parent Relationship": "Outer", "Parallel Aware": false, "Async Capable": false, "Relation Name": "info_type", "Alias": "it1", "Startup Cost": 0.0, "Total Cost": 2.41, "Plan Rows": 1, "Plan Width": 4, "Actual Rows": 1, "Actual Loops": 4, "Filter": "((info)::text = 'release dates'::text)", "Rows Removed by Filter": 112, "Workers": []}]}]}]}]}, {"Node Type": "Index Only Scan", "Parent Relationship": "Inner", "Parallel Aware": false, "Async Capable": false, "Scan Direction": "Forward", "Index Name": "keyword_pkey", "Relation Name": "keyword", "Alias": "k", "Startup Cost": 0.42, "Total Cost": 0.44, "Plan Rows": 1, "Plan Width": 4, "Actual Rows": 1, "Actual Loops": 870, "Index Cond": "(id = mk.keyword_id)", "Rows Removed by Index Recheck": 0, "Heap Fetches": 0, "Workers": []}]}, {"Node Type": "Hash", "Parent Relationship": "Inner", "Parallel Aware": true, "Async Capable": false, "Startup Cost": 48600.24, "Total Cost": 48600.24, "Plan Rows": 5975, "Plan Width": 39, "Actual Rows": 9632, "Actual Loops": 4, "Hash Buckets": 65536, "Original Hash Buckets": 32768, "Hash Batches": 1, "Original Hash Batches": 1, "Peak Memory Usage": 3584, "Workers": [], "Plans": [{"Node Type": "Hash Join", "Parent Relationship": "Outer", "Parallel Aware": false, "Async Capable": false, "Join Type": "Inner", "Startup Cost": 8635.27, "Total Cost": 48600.24, "Plan Rows": 5975, "Plan Width": 39, "Actual Rows": 9632, "Actual Loops": 4, "Inner Unique": true, "Hash Cond": "(mc.company_type_id = ct.id)", "Workers": [], "Plans": [{"Node Type": "Hash Join", "Parent Relationship": "Outer", "Parallel Aware": false, "Async Capable": false, "Join Type": "Inner", "Startup Cost": 8634.18, "Total Cost": 48566.85, "Plan Rows": 5975, "Plan Width": 43, "Actual Rows": 9632, "Actual Loops": 4, "Inner Unique": true, "Hash Cond": "(t.kind_id = kt.id)", "Workers": [], "Plans": [{"Node Type": "Nested Loop", "Parent Relationship": "Outer", "Parallel Aware": false, "Async Capable": false, "Join Type": "Inner", "Startup Cost": 8633.05, "Total Cost": 48506.95, "Plan Rows": 13942, "Plan Width": 37, "Actual Rows": 10016, "Actual Loops": 4, "Inner Unique": true, "Workers": [], "Plans": [{"Node Type": "Hash Join", "Parent Relationship": "Outer", "Parallel Aware": false, "Async Capable": false, "Join Type": "Inner", "Startup Cost": 8632.62, "Total Cost": 39398.41, "Plan Rows": 17550, "Plan Width": 12, "Actual Rows": 26322, "Actual Loops": 4, "Inner Unique": false, "Hash Cond": "(mc.movie_id = cc.movie_id)", "Workers": [], "Plans": [{"Node Type": "Hash Join", "Parent Relationship": "Outer", "Parallel Aware": true, "Async Capable": false, "Join Type": "Inner", "Startup Cost": 5392.23, "Total Cost": 34842.17, "Plan Rows": 304095, "Plan Width": 8, "Actual Rows": 288450, "Actual Loops": 4, "Inner Unique": true, "Hash Cond": "(mc.company_id = cn.id)", "Workers": [], "Plans": [{"Node Type": "Seq Scan", "Parent Relationship": "Outer", "Parallel Aware": true, "Async Capable": false, "Relation Name": "movie_companies", "Alias": "mc", "Startup Cost": 0.0, "Total Cost": 27240.55, "Plan Rows": 841655, "Plan Width": 12, "Actual Rows": 652282, "Actual Loops": 4, "Workers": []}, {"Node Type": "Hash", "Parent Relationship": "Inner", "Parallel Aware": true, "Async Capable": false, "Startup Cost": 4767.92, "Total Cost": 4767.92, "Plan Rows": 49945, "Plan Width": 4, "Actual Rows": 21211, "Actual Loops": 4, "Hash Buckets": 131072, "Original Hash Buckets": 131072, "Hash Batches": 1, "Original Hash Batches": 1, "Peak Memory Usage": 4384, "Workers": [], "Plans": [{"Node Type": "Seq Scan", "Parent Relationship": "Outer", "Parallel Aware": true, "Async Capable": false, "Relation Name": "company_name", "Alias": "cn", "Startup Cost": 0.0, "Total Cost": 4767.92, "Plan Rows": 49945, "Plan Width": 4, "Actual Rows": 21211, "Actual Loops": 4, "Filter": "((country_code)::text = '[us]'::text)", "Rows Removed by Filter": 37538, "Workers": []}]}]}, {"Node Type": "Hash", "Parent Relationship": "Inner", "Parallel Aware": false, "Async Capable": false, "Startup Cost": 2818.24, "Total Cost": 2818.24, "Plan Rows": 33772, "Plan Width": 4, "Actual Rows": 24592, "Actual Loops": 4, "Hash Buckets": 65536, "Original Hash Buckets": 65536, "Hash Batches": 1, "Original Hash Batches": 1, "Peak Memory Usage": 1377, "Workers": [], "Plans": [{"Node Type": "Hash Join", "Parent Relationship": "Outer", "Parallel Aware": false, "Async Capable": false, "Join Type": "Inner", "Startup Cost": 1.06, "Total Cost": 2818.24, "Plan Rows": 33772, "Plan Width": 4, "Actual Rows": 24592, "Actual Loops": 4, "Inner Unique": true, "Hash Cond": "(cc.status_id = cct1.id)", "Workers": [], "Plans": [{"Node Type": "Seq Scan", "Parent Relationship": "Outer", "Parallel Aware": false, "Async Capable": false, "Relation Name": "complete_cast", "Alias": "cc", "Startup Cost": 0.0, "Total Cost": 2086.86, "Plan Rows": 135086, "Plan Width": 8, "Actual Rows": 135086, "Actual Loops": 4, "Workers": []}, {"Node Type": "Hash", "Parent Relationship": "Inner", "Parallel Aware": false, "Async Capable": false, "Startup Cost": 1.05, "Total Cost": 1.05, "Plan Rows": 1, "Plan Width": 4, "Actual Rows": 1, "Actual Loops": 4, "Hash Buckets": 1024, "Original Hash Buckets": 1024, "Hash Batches": 1, "Original Hash Batches": 1, "Peak Memory Usage": 9, "Workers": [], "Plans": [{"Node Type": "Seq Scan", "Parent Relationship": "Outer", "Parallel Aware": false, "Async Capable": false, "Relation Name": "comp_cast_type", "Alias": "cct1", "Startup Cost": 0.0, "Total Cost": 1.05, "Plan Rows": 1, "Plan Width": 4, "Actual Rows": 1, "Actual Loops": 4, "Filter": "((kind)::text = 'complete+verified'::text)", "Rows Removed by Filter": 3, "Workers": []}]}]}]}]}, {"Node Type": "Index Scan", "Parent Relationship": "Inner", "Parallel Aware": false, "Async Capable": false, "Scan Direction": "Forward", "Index Name": "title_pkey", "Relation Name": "title", "Alias": "t", "Startup Cost": 0.43, "Total Cost": 0.52, "Plan Rows": 1, "Plan Width": 25, "Actual Rows": 0, "Actual Loops": 105289, "Index Cond": "(id = mc.movie_id)", "Rows Removed by Index Recheck": 0, "Filter": "(production_year >= 1976)", "Rows Removed by Filter": 1, "Workers": []}]}, {"Node Type": "Hash", "Parent Relationship": "Inner", "Parallel Aware": false, "Async Capable": false, "Startup Cost": 1.1, "Total Cost": 1.1, "Plan Rows": 3, "Plan Width": 14, "Actual Rows": 3, "Actual Loops": 4, "Hash Buckets": 1024, "Original Hash Buckets": 1024, "Hash Batches": 1, "Original Hash Batches": 1, "Peak Memory Usage": 9, "Workers": [], "Plans": [{"Node Type": "Seq Scan", "Parent Relationship": "Outer", "Parallel Aware": false, "Async Capable": false, "Relation Name": "kind_type", "Alias": "kt", "Startup Cost": 0.0, "Total Cost": 1.1, "Plan Rows": 3, "Plan Width": 14, "Actual Rows": 3, "Actual Loops": 4, "Filter": "((kind)::text = ANY ('{episode,movie,\"tv movie\"}'::text[]))", "Rows Removed by Filter": 4, "Workers": []}]}]}, {"Node Type": "Hash", "Parent Relationship": "Inner", "Parallel Aware": false, "Async Capable": false, "Startup Cost": 1.04, "Total Cost": 1.04, "Plan Rows": 4, "Plan Width": 4, "Actual Rows": 4, "Actual Loops": 4, "Hash Buckets": 1024, "Original Hash Buckets": 1024, "Hash Batches": 1, "Original Hash Batches": 1, "Peak Memory Usage": 9, "Workers": [], "Plans": [{"Node Type": "Seq Scan", "Parent Relationship": "Outer", "Parallel Aware": false, "Async Capable": false, "Relation Name": "company_type", "Alias": "ct", "Startup Cost": 0.0, "Total Cost": 1.04, "Plan Rows": 4, "Plan Width": 4, "Actual Rows": 4, "Actual Loops": 4, "Workers": []}]}]}]}]}]}]}, "Planning Time": 21.701, "Triggers": [], "Execution Time": 1253.248}, {"Plan": {"Node Type": "Aggregate", "Strategy": "Plain", "Partial Mode": "Simple", "Parallel Aware": false, "Async Capable": false, "Startup Cost": 344042.73, "Total Cost": 344042.74, "Plan Rows": 1, "Plan Width": 64, "Actual Rows": 1, "Actual Loops": 1, "Plans": [{"Node Type": "Gather", "Parent Relationship": "Outer", "Parallel Aware": false, "Async Capable": false, "Startup Cost": 343876.61, "Total Cost": 344042.72, "Plan Rows": 3, "Plan Width": 27, "Actual Rows": 306, "Actual Loops": 1, "Workers Planned": 3, "Workers Launched": 3, "Single Copy": false, "Plans": [{"Node Type": "Hash Join", "Parent Relationship": "Outer", "Parallel Aware": true, "Async Capable": false, "Join Type": "Inner", "Startup Cost": 342876.61, "Total Cost": 343042.42, "Plan Rows": 1, "Plan Width": 27, "Actual Rows": 76, "Actual Loops": 4, "Inner Unique": false, "Hash Cond": "(mi.movie_id = t.id)", "Workers": [], "Plans": [{"Node Type": "Merge Join", "Parent Relationship": "Outer", "Parallel Aware": false, "Async Capable": false, "Join Type": "Inner", "Startup Cost": 256064.28, "Total Cost": 256230.07, "Plan Rows": 2, "Plan Width": 12, "Actual Rows": 76, "Actual Loops": 4, "Inner Unique": false, "Merge Cond": "(mi.movie_id = cc.movie_id)", "Workers": [], "Plans": [{"Node Type": "Sort", "Parent Relationship": "Outer", "Parallel Aware": false, "Async Capable": false, "Startup Cost": 250705.79, "Total Cost": 250705.8, "Plan Rows": 2, "Plan Width": 8, "Actual Rows": 218, "Actual Loops": 4, "Sort Key": ["mi.movie_id"], "Sort Method": "quicksort", "Sort Space Used": 32, "Sort Space Type": "Memory", "Workers": [{"Worker Number": 0, "Sort Method": "quicksort", "Sort Space Used": 30, "Sort Space Type": "Memory"}, {"Worker Number": 1, "Sort Method": "quicksort", "Sort Space Used": 34, "Sort Space Type": "Memory"}, {"Worker Number": 2, "Sort Method": "quicksort", "Sort Space Used": 29, "Sort Space Type": "Memory"}], "Plans": [{"Node Type": "Nested Loop", "Parent Relationship": "Outer", "Parallel Aware": false, "Async Capable": false, "Join Type": "Inner", "Startup Cost": 206159.49, "Total Cost": 250705.78, "Plan Rows": 2, "Plan Width": 8, "Actual Rows": 218, "Actual Loops": 4, "Inner Unique": true, "Workers": [], "Plans": [{"Node Type": "Hash Join", "Parent Relationship": "Outer", "Parallel Aware": true, "Async Capable": false, "Join Type": "Inner", "Startup Cost": 206159.07, "Total Cost": 250704.91, "Plan Rows": 2, "Plan Width": 12, "Actual Rows": 218, "Actual Loops": 4, "Inner Unique": false, "Hash Cond": "(mk.movie_id = mi.movie_id)", "Workers": [], "Plans": [{"Node Type": "Seq Scan", "Parent Relationship": "Outer", "Parallel Aware": true, "Async Capable": false, "Relation Name": "movie_keyword", "Alias": "mk", "Startup Cost": 0.0, "Total Cost": 39073.32, "Plan Rows": 1459332, "Plan Width": 8, "Actual Rows": 1130982, "Actual Loops": 4, "Workers": []}, {"Node Type": "Hash", "Parent Relationship": "Inner", "Parallel Aware": true, "Async Capable": false, "Startup Cost": 206159.06, "Total Cost": 206159.06, "Plan Rows": 1, "Plan Width": 4, "Actual Rows": 124, "Actual Loops": 4, "Hash Buckets": 1024, "Original Hash Buckets": 1024, "Hash Batches": 1, "Original Hash Batches": 1, "Peak Memory Usage": 136, "Workers": [], "Plans": [{"Node Type": "Hash Join", "Parent Relationship": "Outer", "Parallel Aware": false, "Async Capable": false, "Join Type": "Inner", "Startup Cost": 2.43, "Total Cost": 206159.06, "Plan Rows": 1, "Plan Width": 4, "Actual Rows": 124, "Actual Loops": 4, "Inner Unique": true, "Hash Cond": "(mi.info_type_id = it1.id)", "Workers": [], "Plans": [{"Node Type": "Seq Scan", "Parent Relationship": "Outer", "Parallel Aware": true, "Async Capable": false, "Relation Name": "movie_info", "Alias": "mi", "Startup Cost": 0.0, "Total Cost": 206156.59, "Plan Rows": 15, "Plan Width": 8, "Actual Rows": 124, "Actual Loops": 4, "Filter": "(((note)::text ~~ '%internet%'::text) AND ((info)::text ~~ 'USA:%2008%'::text))", "Rows Removed by Filter": 3708806, "Workers": []}, {"Node Type": "Hash", "Parent Relationship": "Inner", "Parallel Aware": false, "Async Capable": false, "Startup Cost": 2.41, "Total Cost": 2.41, "Plan Rows": 1, "Plan Width": 4, "Actual Rows": 1, "Actual Loops": 4, "Hash Buckets": 1024, "Original Hash Buckets": 1024, "Hash Batches": 1, "Original Hash Batches": 1, "Peak Memory Usage": 9, "Workers": [], "Plans": [{"Node Type": "Seq Scan", "Parent Relationship": "Outer", "Parallel Aware": false, "Async Capable": false, "Relation Name": "info_type", "Alias": "it1", "Startup Cost": 0.0, "Total Cost": 2.41, "Plan Rows": 1, "Plan Width": 4, "Actual Rows": 1, "Actual Loops": 4, "Filter": "((info)::text = 'release dates'::text)", "Rows Removed by Filter": 112, "Workers": []}]}]}]}]}, {"Node Type": "Index Only Scan", "Parent Relationship": "Inner", "Parallel Aware": false, "Async Capable": false, "Scan Direction": "Forward", "Index Name": "keyword_pkey", "Relation Name": "keyword", "Alias": "k", "Startup Cost": 0.42, "Total Cost": 0.44, "Plan Rows": 1, "Plan Width": 4, "Actual Rows": 1, "Actual Loops": 870, "Index Cond": "(id = mk.keyword_id)", "Rows Removed by Index Recheck": 0, "Heap Fetches": 0, "Workers": []}]}]}, {"Node Type": "Sort", "Parent Relationship": "Inner", "Parallel Aware": false, "Async Capable": false, "Startup Cost": 5358.49, "Total Cost": 5442.92, "Plan Rows": 33772, "Plan Width": 4, "Actual Rows": 23916, "Actual Loops": 4, "Sort Key": ["cc.movie_id"], "Sort Method": "quicksort", "Sort Space Used": 769, "Sort Space Type": "Memory", "Workers": [{"Worker Number": 0, "Sort Method": "quicksort", "Sort Space Used": 769, "Sort Space Type": "Memory"}, {"Worker Number": 1, "Sort Method": "quicksort", "Sort Space Used": 769, "Sort Space Type": "Memory"}, {"Worker Number": 2, "Sort Method": "quicksort", "Sort Space Used": 769, "Sort Space Type": "Memory"}], "Plans": [{"Node Type": "Hash Join", "Parent Relationship": "Outer", "Parallel Aware": false, "Async Capable": false, "Join Type": "Inner", "Startup Cost": 1.06, "Total Cost": 2818.24, "Plan Rows": 33772, "Plan Width": 4, "Actual Rows": 24592, "Actual Loops": 4, "Inner Unique": true, "Hash Cond": "(cc.status_id = cct1.id)", "Workers": [], "Plans": [{"Node Type": "Seq Scan", "Parent Relationship": "Outer", "Parallel Aware": false, "Async Capable": false, "Relation Name": "complete_cast", "Alias": "cc", "Startup Cost": 0.0, "Total Cost": 2086.86, "Plan Rows": 135086, "Plan Width": 8, "Actual Rows": 135086, "Actual Loops": 4, "Workers": []}, {"Node Type": "Hash", "Parent Relationship": "Inner", "Parallel Aware": false, "Async Capable": false, "Startup Cost": 1.05, "Total Cost": 1.05, "Plan Rows": 1, "Plan Width": 4, "Actual Rows": 1, "Actual Loops": 4, "Hash Buckets": 1024, "Original Hash Buckets": 1024, "Hash Batches": 1, "Original Hash Batches": 1, "Peak Memory Usage": 9, "Workers": [], "Plans": [{"Node Type": "Seq Scan", "Parent Relationship": "Outer", "Parallel Aware": false, "Async Capable": false, "Relation Name": "comp_cast_type", "Alias": "cct1", "Startup Cost": 0.0, "Total Cost": 1.05, "Plan Rows": 1, "Plan Width": 4, "Actual Rows": 1, "Actual Loops": 4, "Filter": "((kind)::text = 'complete+verified'::text)", "Rows Removed by Filter": 3, "Workers": []}]}]}]}]}, {"Node Type": "Hash", "Parent Relationship": "Inner", "Parallel Aware": true, "Async Capable": false, "Startup Cost": 85518.2, "Total Cost": 85518.2, "Plan Rows": 103530, "Plan Width": 35, "Actual Rows": 137912, "Actual Loops": 4, "Hash Buckets": 1048576, "Original Hash Buckets": 524288, "Hash Batches": 1, "Original Hash Batches": 1, "Peak Memory Usage": 50496, "Workers": [], "Plans": [{"Node Type": "Hash Join", "Parent Relationship": "Outer", "Parallel Aware": false, "Async Capable": false, "Join Type": "Inner", "Startup Cost": 54109.39, "Total Cost": 85518.2, "Plan Rows": 103530, "Plan Width": 35, "Actual Rows": 137912, "Actual Loops": 4, "Inner Unique": true, "Hash Cond": "(mc.company_type_id = ct.id)", "Workers": [], "Plans": [{"Node Type": "Hash Join", "Parent Relationship": "Outer", "Parallel Aware": true, "Async Capable": false, "Join Type": "Inner", "Startup Cost": 54108.3, "Total Cost": 84957.41, "Plan Rows": 103530, "Plan Width": 39, "Actual Rows": 137912, "Actual Loops": 4, "Inner Unique": false, "Hash Cond": "(mc.movie_id = t.id)", "Workers": [], "Plans": [{"Node Type": "Hash Join", "Parent Relationship": "Outer", "Parallel Aware": true, "Async Capable": false, "Join Type": "Inner", "Startup Cost": 5392.23, "Total Cost": 34842.17, "Plan Rows": 304095, "Plan Width": 8, "Actual Rows": 288450, "Actual Loops": 4, "Inner Unique": true, "Hash Cond": "(mc.company_id = cn.id)", "Workers": [], "Plans": [{"Node Type": "Seq Scan", "Parent Relationship": "Outer", "Parallel Aware": true, "Async Capable": false, "Relation Name": "movie_companies", "Alias": "mc", "Startup Cost": 0.0, "Total Cost": 27240.55, "Plan Rows": 841655, "Plan Width": 12, "Actual Rows": 652282, "Actual Loops": 4, "Workers": []}, {"Node Type": "Hash", "Parent Relationship": "Inner", "Parallel Aware": true, "Async Capable": false, "Startup Cost": 4767.92, "Total Cost": 4767.92, "Plan Rows": 49945, "Plan Width": 4, "Actual Rows": 21211, "Actual Loops": 4, "Hash Buckets": 131072, "Original Hash Buckets": 131072, "Hash Batches": 1, "Original Hash Batches": 1, "Peak Memory Usage": 4384, "Workers": [], "Plans": [{"Node Type": "Seq Scan", "Parent Relationship": "Outer", "Parallel Aware": true, "Async Capable": false, "Relation Name": "company_name", "Alias": "cn", "Startup Cost": 0.0, "Total Cost": 4767.92, "Plan Rows": 49945, "Plan Width": 4, "Actual Rows": 21211, "Actual Loops": 4, "Filter": "((country_code)::text = '[us]'::text)", "Rows Removed by Filter": 37538, "Workers": []}]}]}, {"Node Type": "Hash", "Parent Relationship": "Inner", "Parallel Aware": true, "Async Capable": false, "Startup Cost": 46026.17, "Total Cost": 46026.17, "Plan Rows": 215192, "Plan Width": 31, "Actual Rows": 448871, "Actual Loops": 4, "Hash Buckets": 2097152, "Original Hash Buckets": 1048576, "Hash Batches": 1, "Original Hash Batches": 1, "Peak Memory Usage": 137952, "Workers": [], "Plans": [{"Node Type": "Hash Join", "Parent Relationship": "Outer", "Parallel Aware": false, "Async Capable": false, "Join Type": "Inner", "Startup Cost": 1.13, "Total Cost": 46026.17, "Plan Rows": 215192, "Plan Width": 31, "Actual Rows": 448871, "Actual Loops": 4, "Inner Unique": true, "Hash Cond": "(t.kind_id = kt.id)", "Workers": [], "Plans": [{"Node Type": "Seq Scan", "Parent Relationship": "Outer", "Parallel Aware": true, "Async Capable": false, "Relation Name": "title", "Alias": "t", "Startup Cost": 0.0, "Total Cost": 43908.97, "Plan Rows": 502114, "Plan Width": 25, "Actual Rows": 501162, "Actual Loops": 4, "Filter": "(production_year >= 1976)", "Rows Removed by Filter": 130916, "Workers": []}, {"Node Type": "Hash", "Parent Relationship": "Inner", "Parallel Aware": false, "Async Capable": false, "Startup Cost": 1.1, "Total Cost": 1.1, "Plan Rows": 3, "Plan Width": 14, "Actual Rows": 3, "Actual Loops": 4, "Hash Buckets": 1024, "Original Hash Buckets": 1024, "Hash Batches": 1, "Original Hash Batches": 1, "Peak Memory Usage": 9, "Workers": [], "Plans": [{"Node Type": "Seq Scan", "Parent Relationship": "Outer", "Parallel Aware": false, "Async Capable": false, "Relation Name": "kind_type", "Alias": "kt", "Startup Cost": 0.0, "Total Cost": 1.1, "Plan Rows": 3, "Plan Width": 14, "Actual Rows": 3, "Actual Loops": 4, "Filter": "((kind)::text = ANY ('{episode,movie,\"tv movie\"}'::text[]))", "Rows Removed by Filter": 4, "Workers": []}]}]}]}]}, {"Node Type": "Hash", "Parent Relationship": "Inner", "Parallel Aware": false, "Async Capable": false, "Startup Cost": 1.04, "Total Cost": 1.04, "Plan Rows": 4, "Plan Width": 4, "Actual Rows": 4, "Actual Loops": 4, "Hash Buckets": 1024, "Original Hash Buckets": 1024, "Hash Batches": 1, "Original Hash Batches": 1, "Peak Memory Usage": 9, "Workers": [], "Plans": [{"Node Type": "Seq Scan", "Parent Relationship": "Outer", "Parallel Aware": false, "Async Capable": false, "Relation Name": "company_type", "Alias": "ct", "Startup Cost": 0.0, "Total Cost": 1.04, "Plan Rows": 4, "Plan Width": 4, "Actual Rows": 4, "Actual Loops": 4, "Workers": []}]}]}]}]}]}]}, "Planning Time": 18.406, "Triggers": [], "Execution Time": 2606.764}, {"Plan": {"Node Type": "Aggregate", "Strategy": "Plain", "Partial Mode": "Simple", "Parallel Aware": false, "Async Capable": false, "Startup Cost": 335998.45, "Total Cost": 335998.46, "Plan Rows": 1, "Plan Width": 64, "Actual Rows": 1, "Actual Loops": 1, "Plans": [{"Node Type": "Gather", "Parent Relationship": "Outer", "Parallel Aware": false, "Async Capable": false, "Startup Cost": 290727.14, "Total Cost": 335998.44, "Plan Rows": 3, "Plan Width": 27, "Actual Rows": 306, "Actual Loops": 1, "Workers Planned": 3, "Workers Launched": 3, "Single Copy": false, "Plans": [{"Node Type": "Hash Join", "Parent Relationship": "Outer", "Parallel Aware": true, "Async Capable": false, "Join Type": "Inner", "Startup Cost": 289727.14, "Total Cost": 334998.14, "Plan Rows": 1, "Plan Width": 27, "Actual Rows": 76, "Actual Loops": 4, "Inner Unique": false, "Hash Cond": "(t.id = mi.movie_id)", "Workers": [], "Plans": [{"Node Type": "Hash Join", "Parent Relationship": "Outer", "Parallel Aware": true, "Async Capable": false, "Join Type": "Inner", "Startup Cost": 53170.7, "Total Cost": 98024.88, "Plan Rows": 111148, "Plan Width": 39, "Actual Rows": 125686, "Actual Loops": 4, "Inner Unique": true, "Hash Cond": "(mk.keyword_id = k.id)", "Workers": [], "Plans": [{"Node Type": "Hash Join", "Parent Relationship": "Outer", "Parallel Aware": true, "Async Capable": false, "Join Type": "Inner", "Startup Cost": 49164.68, "Total Cost": 93727.09, "Plan Rows": 111148, "Plan Width": 43, "Actual Rows": 125686, "Actual Loops": 4, "Inner Unique": false, "Hash Cond": "(mk.movie_id = t.id)", "Workers": [], "Plans": [{"Node Type": "Seq Scan", "Parent Relationship": "Outer", "Parallel Aware": true, "Async Capable": false, "Relation Name": "movie_keyword", "Alias": "mk", "Startup Cost": 0.0, "Total Cost": 39073.32, "Plan Rows": 1459332, "Plan Width": 8, "Actual Rows": 1130982, "Actual Loops": 4, "Workers": []}, {"Node Type": "Hash", "Parent Relationship": "Inner", "Parallel Aware": true, "Async Capable": false, "Startup Cost": 49128.76, "Total Cost": 49128.76, "Plan Rows": 2874, "Plan Width": 35, "Actual Rows": 2456, "Actual Loops": 4, "Hash Buckets": 16384, "Original Hash Buckets": 16384, "Hash Batches": 1, "Original Hash Batches": 1, "Peak Memory Usage": 832, "Workers": [], "Plans": [{"Node Type": "Hash Join", "Parent Relationship": "Outer", "Parallel Aware": false, "Async Capable": false, "Join Type": "Inner", "Startup Cost": 3241.52, "Total Cost": 49128.76, "Plan Rows": 2874, "Plan Width": 35, "Actual Rows": 2456, "Actual Loops": 4, "Inner Unique": true, "Hash Cond": "(t.kind_id = kt.id)", "Workers": [], "Plans": [{"Node Type": "Hash Join", "Parent Relationship": "Outer", "Parallel Aware": false, "Async Capable": false, "Join Type": "Inner", "Startup Cost": 3240.39, "Total Cost": 49099.36, "Plan Rows": 6707, "Plan Width": 29, "Actual Rows": 2578, "Actual Loops": 4, "Inner Unique": false, "Hash Cond": "(t.id = cc.movie_id)", "Workers": [], "Plans": [{"Node Type": "Seq Scan", "Parent Relationship": "Outer", "Parallel Aware": true, "Async Capable": false, "Relation Name": "title", "Alias": "t", "Startup Cost": 0.0, "Total Cost": 43908.97, "Plan Rows": 502114, "Plan Width": 25, "Actual Rows": 501162, "Actual Loops": 4, "Filter": "(production_year >= 1976)", "Rows Removed by Filter": 130916, "Workers": []}, {"Node Type": "Hash", "Parent Relationship": "Inner", "Parallel Aware": false, "Async Capable": false, "Startup Cost": 2818.24, "Total Cost": 2818.24, "Plan Rows": 33772, "Plan Width": 4, "Actual Rows": 24592, "Actual Loops": 4, "Hash Buckets": 65536, "Original Hash Buckets": 65536, "Hash Batches": 1, "Original Hash Batches": 1, "Peak Memory Usage": 1377, "Workers": [], "Plans": [{"Node Type": "Hash Join", "Parent Relationship": "Outer", "Parallel Aware": false, "Async Capable": false, "Join Type": "Inner", "Startup Cost": 1.06, "Total Cost": 2818.24, "Plan Rows": 33772, "Plan Width": 4, "Actual Rows": 24592, "Actual Loops": 4, "Inner Unique": true, "Hash Cond": "(cc.status_id = cct1.id)", "Workers": [], "Plans": [{"Node Type": "Seq Scan", "Parent Relationship": "Outer", "Parallel Aware": false, "Async Capable": false, "Relation Name": "complete_cast", "Alias": "cc", "Startup Cost": 0.0, "Total Cost": 2086.86, "Plan Rows": 135086, "Plan Width": 8, "Actual Rows": 135086, "Actual Loops": 4, "Workers": []}, {"Node Type": "Hash", "Parent Relationship": "Inner", "Parallel Aware": false, "Async Capable": false, "Startup Cost": 1.05, "Total Cost": 1.05, "Plan Rows": 1, "Plan Width": 4, "Actual Rows": 1, "Actual Loops": 4, "Hash Buckets": 1024, "Original Hash Buckets": 1024, "Hash Batches": 1, "Original Hash Batches": 1, "Peak Memory Usage": 9, "Workers": [], "Plans": [{"Node Type": "Seq Scan", "Parent Relationship": "Outer", "Parallel Aware": false, "Async Capable": false, "Relation Name": "comp_cast_type", "Alias": "cct1", "Startup Cost": 0.0, "Total Cost": 1.05, "Plan Rows": 1, "Plan Width": 4, "Actual Rows": 1, "Actual Loops": 4, "Filter": "((kind)::text = 'complete+verified'::text)", "Rows Removed by Filter": 3, "Workers": []}]}]}]}]}, {"Node Type": "Hash", "Parent Relationship": "Inner", "Parallel Aware": false, "Async Capable": false, "Startup Cost": 1.1, "Total Cost": 1.1, "Plan Rows": 3, "Plan Width": 14, "Actual Rows": 3, "Actual Loops": 4, "Hash Buckets": 1024, "Original Hash Buckets": 1024, "Hash Batches": 1, "Original Hash Batches": 1, "Peak Memory Usage": 9, "Workers": [], "Plans": [{"Node Type": "Seq Scan", "Parent Relationship": "Outer", "Parallel Aware": false, "Async Capable": false, "Relation Name": "kind_type", "Alias": "kt", "Startup Cost": 0.0, "Total Cost": 1.1, "Plan Rows": 3, "Plan Width": 14, "Actual Rows": 3, "Actual Loops": 4, "Filter": "((kind)::text = ANY ('{episode,movie,\"tv movie\"}'::text[]))", "Rows Removed by Filter": 4, "Workers": []}]}]}]}]}, {"Node Type": "Hash", "Parent Relationship": "Inner", "Parallel Aware": true, "Async Capable": false, "Startup Cost": 3307.22, "Total Cost": 3307.22, "Plan Rows": 55904, "Plan Width": 4, "Actual Rows": 33542, "Actual Loops": 4, "Hash Buckets": 262144, "Original Hash Buckets": 262144, "Hash Batches": 1, "Original Hash Batches": 1, "Peak Memory Usage": 7360, "Workers": [], "Plans": [{"Node Type": "Index Only Scan", "Parent Relationship": "Outer", "Parallel Aware": true, "Async Capable": false, "Scan Direction": "Forward", "Index Name": "keyword_pkey", "Relation Name": "keyword", "Alias": "k", "Startup Cost": 0.42, "Total Cost": 3307.22, "Plan Rows": 55904, "Plan Width": 4, "Actual Rows": 33542, "Actual Loops": 4, "Heap Fetches": 0, "Workers": []}]}]}, {"Node Type": "Hash", "Parent Relationship": "Inner", "Parallel Aware": true, "Async Capable": false, "Startup Cost": 236556.43, "Total Cost": 236556.43, "Plan Rows": 1, "Plan Width": 8, "Actual Rows": 177, "Actual Loops": 4, "Hash Buckets": 1024, "Original Hash Buckets": 1024, "Hash Batches": 1, "Original Hash Batches": 1, "Peak Memory Usage": 136, "Workers": [], "Plans": [{"Node Type": "Nested Loop", "Parent Relationship": "Outer", "Parallel Aware": false, "Async Capable": false, "Join Type": "Inner", "Startup Cost": 206159.62, "Total Cost": 236556.43, "Plan Rows": 1, "Plan Width": 8, "Actual Rows": 177, "Actual Loops": 4, "Inner Unique": true, "Workers": [], "Plans": [{"Node Type": "Nested Loop", "Parent Relationship": "Outer", "Parallel Aware": false, "Async Capable": false, "Join Type": "Inner", "Startup Cost": 206159.49, "Total Cost": 236556.28, "Plan Rows": 1, "Plan Width": 12, "Actual Rows": 177, "Actual Loops": 4, "Inner Unique": true, "Workers": [], "Plans": [{"Node Type": "Hash Join", "Parent Relationship": "Outer", "Parallel Aware": true, "Async Capable": false, "Join Type": "Inner", "Startup Cost": 206159.07, "Total Cost": 236555.83, "Plan Rows": 1, "Plan Width": 16, "Actual Rows": 192, "Actual Loops": 4, "Inner Unique": false, "Hash Cond": "(mc.movie_id = mi.movie_id)", "Workers": [], "Plans": [{"Node Type": "Seq Scan", "Parent Relationship": "Outer", "Parallel Aware": true, "Async Capable": false, "Relation Name": "movie_companies", "Alias": "mc", "Startup Cost": 0.0, "Total Cost": 27240.55, "Plan Rows": 841655, "Plan Width": 12, "Actual Rows": 652282, "Actual Loops": 4, "Workers": []}, {"Node Type": "Hash", "Parent Relationship": "Inner", "Parallel Aware": true, "Async Capable": false, "Startup Cost": 206159.06, "Total Cost": 206159.06, "Plan Rows": 1, "Plan Width": 4, "Actual Rows": 124, "Actual Loops": 4, "Hash Buckets": 1024, "Original Hash Buckets": 1024, "Hash Batches": 1, "Original Hash Batches": 1, "Peak Memory Usage": 136, "Workers": [], "Plans": [{"Node Type": "Hash Join", "Parent Relationship": "Outer", "Parallel Aware": false, "Async Capable": false, "Join Type": "Inner", "Startup Cost": 2.43, "Total Cost": 206159.06, "Plan Rows": 1, "Plan Width": 4, "Actual Rows": 124, "Actual Loops": 4, "Inner Unique": true, "Hash Cond": "(mi.info_type_id = it1.id)", "Workers": [], "Plans": [{"Node Type": "Seq Scan", "Parent Relationship": "Outer", "Parallel Aware": true, "Async Capable": false, "Relation Name": "movie_info", "Alias": "mi", "Startup Cost": 0.0, "Total Cost": 206156.59, "Plan Rows": 15, "Plan Width": 8, "Actual Rows": 124, "Actual Loops": 4, "Filter": "(((note)::text ~~ '%internet%'::text) AND ((info)::text ~~ 'USA:%2008%'::text))", "Rows Removed by Filter": 3708806, "Workers": []}, {"Node Type": "Hash", "Parent Relationship": "Inner", "Parallel Aware": false, "Async Capable": false, "Startup Cost": 2.41, "Total Cost": 2.41, "Plan Rows": 1, "Plan Width": 4, "Actual Rows": 1, "Actual Loops": 4, "Hash Buckets": 1024, "Original Hash Buckets": 1024, "Hash Batches": 1, "Original Hash Batches": 1, "Peak Memory Usage": 9, "Workers": [], "Plans": [{"Node Type": "Seq Scan", "Parent Relationship": "Outer", "Parallel Aware": false, "Async Capable": false, "Relation Name": "info_type", "Alias": "it1", "Startup Cost": 0.0, "Total Cost": 2.41, "Plan Rows": 1, "Plan Width": 4, "Actual Rows": 1, "Actual Loops": 4, "Filter": "((info)::text = 'release dates'::text)", "Rows Removed by Filter": 112, "Workers": []}]}]}]}]}, {"Node Type": "Index Scan", "Parent Relationship": "Inner", "Parallel Aware": false, "Async Capable": false, "Scan Direction": "Forward", "Index Name": "company_name_pkey", "Relation Name": "company_name", "Alias": "cn", "Startup Cost": 0.42, "Total Cost": 0.45, "Plan Rows": 1, "Plan Width": 4, "Actual Rows": 1, "Actual Loops": 766, "Index Cond": "(id = mc.company_id)", "Rows Removed by Index Recheck": 0, "Filter": "((country_code)::text = '[us]'::text)", "Rows Removed by Filter": 0, "Workers": []}]}, {"Node Type": "Index Only Scan", "Parent Relationship": "Inner", "Parallel Aware": false, "Async Capable": false, "Scan Direction": "Forward", "Index Name": "company_type_pkey", "Relation Name": "company_type", "Alias": "ct", "Startup Cost": 0.13, "Total Cost": 0.15, "Plan Rows": 1, "Plan Width": 4, "Actual Rows": 1, "Actual Loops": 707, "Index Cond": "(id = mc.company_type_id)", "Rows Removed by Index Recheck": 0, "Heap Fetches": 707, "Workers": []}]}]}]}]}]}, "Planning Time": 21.94, "Triggers": [], "Execution Time": 1302.975}, {"Plan": {"Node Type": "Aggregate", "Strategy": "Plain", "Partial Mode": "Simple", "Parallel Aware": false, "Async Capable": false, "Startup Cost": 291420.77, "Total Cost": 291420.78, "Plan Rows": 1, "Plan Width": 64, "Actual Rows": 1, "Actual Loops": 1, "Plans": [{"Node Type": "Gather", "Parent Relationship": "Outer", "Parallel Aware": false, "Async Capable": false, "Startup Cost": 246873.81, "Total Cost": 291420.75, "Plan Rows": 3, "Plan Width": 27, "Actual Rows": 306, "Actual Loops": 1, "Workers Planned": 3, "Workers Launched": 3, "Single Copy": false, "Plans": [{"Node Type": "Hash Join", "Parent Relationship": "Outer", "Parallel Aware": true, "Async Capable": false, "Join Type": "Inner", "Startup Cost": 245873.81, "Total Cost": 290420.45, "Plan Rows": 1, "Plan Width": 27, "Actual Rows": 76, "Actual Loops": 4, "Inner Unique": false, "Hash Cond": "(t.id = mc.movie_id)", "Workers": [], "Plans": [{"Node Type": "Nested Loop", "Parent Relationship": "Outer", "Parallel Aware": false, "Async Capable": false, "Join Type": "Inner", "Startup Cost": 206160.05, "Total Cost": 250706.67, "Plan Rows": 1, "Plan Width": 39, "Actual Rows": 150, "Actual Loops": 4, "Inner Unique": true, "Workers": [], "Plans": [{"Node Type": "Nested Loop", "Parent Relationship": "Outer", "Parallel Aware": false, "Async Capable": false, "Join Type": "Inner", "Startup Cost": 206159.63, "Total Cost": 250706.23, "Plan Rows": 1, "Plan Width": 43, "Actual Rows": 150, "Actual Loops": 4, "Inner Unique": true, "Workers": [], "Plans": [{"Node Type": "Nested Loop", "Parent Relationship": "Outer", "Parallel Aware": false, "Async Capable": false, "Join Type": "Inner", "Startup Cost": 206159.5, "Total Cost": 250705.91, "Plan Rows": 2, "Plan Width": 37, "Actual Rows": 215, "Actual Loops": 4, "Inner Unique": true, "Join Filter": "(t.id = mi.movie_id)", "Rows Removed by Join Filter": 0, "Workers": [], "Plans": [{"Node Type": "Hash Join", "Parent Relationship": "Outer", "Parallel Aware": true, "Async Capable": false, "Join Type": "Inner", "Startup Cost": 206159.07, "Total Cost": 250704.91, "Plan Rows": 2, "Plan Width": 12, "Actual Rows": 218, "Actual Loops": 4, "Inner Unique": false, "Hash Cond": "(mk.movie_id = mi.movie_id)", "Workers": [], "Plans": [{"Node Type": "Seq Scan", "Parent Relationship": "Outer", "Parallel Aware": true, "Async Capable": false, "Relation Name": "movie_keyword", "Alias": "mk", "Startup Cost": 0.0, "Total Cost": 39073.32, "Plan Rows": 1459332, "Plan Width": 8, "Actual Rows": 1130982, "Actual Loops": 4, "Workers": []}, {"Node Type": "Hash", "Parent Relationship": "Inner", "Parallel Aware": true, "Async Capable": false, "Startup Cost": 206159.06, "Total Cost": 206159.06, "Plan Rows": 1, "Plan Width": 4, "Actual Rows": 124, "Actual Loops": 4, "Hash Buckets": 1024, "Original Hash Buckets": 1024, "Hash Batches": 1, "Original Hash Batches": 1, "Peak Memory Usage": 136, "Workers": [], "Plans": [{"Node Type": "Hash Join", "Parent Relationship": "Outer", "Parallel Aware": false, "Async Capable": false, "Join Type": "Inner", "Startup Cost": 2.43, "Total Cost": 206159.06, "Plan Rows": 1, "Plan Width": 4, "Actual Rows": 124, "Actual Loops": 4, "Inner Unique": true, "Hash Cond": "(mi.info_type_id = it1.id)", "Workers": [], "Plans": [{"Node Type": "Seq Scan", "Parent Relationship": "Outer", "Parallel Aware": true, "Async Capable": false, "Relation Name": "movie_info", "Alias": "mi", "Startup Cost": 0.0, "Total Cost": 206156.59, "Plan Rows": 15, "Plan Width": 8, "Actual Rows": 124, "Actual Loops": 4, "Filter": "(((note)::text ~~ '%internet%'::text) AND ((info)::text ~~ 'USA:%2008%'::text))", "Rows Removed by Filter": 3708806, "Workers": []}, {"Node Type": "Hash", "Parent Relationship": "Inner", "Parallel Aware": false, "Async Capable": false, "Startup Cost": 2.41, "Total Cost": 2.41, "Plan Rows": 1, "Plan Width": 4, "Actual Rows": 1, "Actual Loops": 4, "Hash Buckets": 1024, "Original Hash Buckets": 1024, "Hash Batches": 1, "Original Hash Batches": 1, "Peak Memory Usage": 9, "Workers": [], "Plans": [{"Node Type": "Seq Scan", "Parent Relationship": "Outer", "Parallel Aware": false, "Async Capable": false, "Relation Name": "info_type", "Alias": "it1", "Startup Cost": 0.0, "Total Cost": 2.41, "Plan Rows": 1, "Plan Width": 4, "Actual Rows": 1, "Actual Loops": 4, "Filter": "((info)::text = 'release dates'::text)", "Rows Removed by Filter": 112, "Workers": []}]}]}]}]}, {"Node Type": "Index Scan", "Parent Relationship": "Inner", "Parallel Aware": false, "Async Capable": false, "Scan Direction": "Forward", "Index Name": "title_pkey", "Relation Name": "title", "Alias": "t", "Startup Cost": 0.43, "Total Cost": 0.49, "Plan Rows": 1, "Plan Width": 25, "Actual Rows": 1, "Actual Loops": 870, "Index Cond": "(id = mk.movie_id)", "Rows Removed by Index Recheck": 0, "Filter": "(production_year >= 1976)", "Rows Removed by Filter": 0, "Workers": []}]}, {"Node Type": "Index Scan", "Parent Relationship": "Inner", "Parallel Aware": false, "Async Capable": false, "Scan Direction": "Forward", "Index Name": "kind_type_pkey", "Relation Name": "kind_type", "Alias": "kt", "Startup Cost": 0.13, "Total Cost": 0.15, "Plan Rows": 1, "Plan Width": 14, "Actual Rows": 1, "Actual Loops": 860, "Index Cond": "(id = t.kind_id)", "Rows Removed by Index Recheck": 0, "Filter": "((kind)::text = ANY ('{episode,movie,\"tv movie\"}'::text[]))", "Rows Removed by Filter": 0, "Workers": []}]}, {"Node Type": "Index Only Scan", "Parent Relationship": "Inner", "Parallel Aware": false, "Async Capable": false, "Scan Direction": "Forward", "Index Name": "keyword_pkey", "Relation Name": "keyword", "Alias": "k", "Startup Cost": 0.42, "Total Cost": 0.44, "Plan Rows": 1, "Plan Width": 4, "Actual Rows": 1, "Actual Loops": 600, "Index Cond": "(id = mk.keyword_id)", "Rows Removed by Index Recheck": 0, "Heap Fetches": 0, "Workers": []}]}, {"Node Type": "Hash", "Parent Relationship": "Inner", "Parallel Aware": true, "Async Capable": false, "Startup Cost": 39494.38, "Total Cost": 39494.38, "Plan Rows": 17550, "Plan Width": 8, "Actual Rows": 26322, "Actual Loops": 4, "Hash Buckets": 131072, "Original Hash Buckets": 65536, "Hash Batches": 1, "Original Hash Batches": 1, "Peak Memory Usage": 5696, "Workers": [], "Plans": [{"Node Type": "Hash Join", "Parent Relationship": "Outer", "Parallel Aware": false, "Async Capable": false, "Join Type": "Inner", "Startup Cost": 8633.71, "Total Cost": 39494.38, "Plan Rows": 17550, "Plan Width": 8, "Actual Rows": 26322, "Actual Loops": 4, "Inner Unique": true, "Hash Cond": "(mc.company_type_id = ct.id)", "Workers": [], "Plans": [{"Node Type": "Hash Join", "Parent Relationship": "Outer", "Parallel Aware": false, "Async Capable": false, "Join Type": "Inner", "Startup Cost": 8632.62, "Total Cost": 39398.41, "Plan Rows": 17550, "Plan Width": 12, "Actual Rows": 26322, "Actual Loops": 4, "Inner Unique": false, "Hash Cond": "(mc.movie_id = cc.movie_id)", "Workers": [], "Plans": [{"Node Type": "Hash Join", "Parent Relationship": "Outer", "Parallel Aware": true, "Async Capable": false, "Join Type": "Inner", "Startup Cost": 5392.23, "Total Cost": 34842.17, "Plan Rows": 304095, "Plan Width": 8, "Actual Rows": 288450, "Actual Loops": 4, "Inner Unique": true, "Hash Cond": "(mc.company_id = cn.id)", "Workers": [], "Plans": [{"Node Type": "Seq Scan", "Parent Relationship": "Outer", "Parallel Aware": true, "Async Capable": false, "Relation Name": "movie_companies", "Alias": "mc", "Startup Cost": 0.0, "Total Cost": 27240.55, "Plan Rows": 841655, "Plan Width": 12, "Actual Rows": 652282, "Actual Loops": 4, "Workers": []}, {"Node Type": "Hash", "Parent Relationship": "Inner", "Parallel Aware": true, "Async Capable": false, "Startup Cost": 4767.92, "Total Cost": 4767.92, "Plan Rows": 49945, "Plan Width": 4, "Actual Rows": 21211, "Actual Loops": 4, "Hash Buckets": 131072, "Original Hash Buckets": 131072, "Hash Batches": 1, "Original Hash Batches": 1, "Peak Memory Usage": 4416, "Workers": [], "Plans": [{"Node Type": "Seq Scan", "Parent Relationship": "Outer", "Parallel Aware": true, "Async Capable": false, "Relation Name": "company_name", "Alias": "cn", "Startup Cost": 0.0, "Total Cost": 4767.92, "Plan Rows": 49945, "Plan Width": 4, "Actual Rows": 21211, "Actual Loops": 4, "Filter": "((country_code)::text = '[us]'::text)", "Rows Removed by Filter": 37538, "Workers": []}]}]}, {"Node Type": "Hash", "Parent Relationship": "Inner", "Parallel Aware": false, "Async Capable": false, "Startup Cost": 2818.24, "Total Cost": 2818.24, "Plan Rows": 33772, "Plan Width": 4, "Actual Rows": 24592, "Actual Loops": 4, "Hash Buckets": 65536, "Original Hash Buckets": 65536, "Hash Batches": 1, "Original Hash Batches": 1, "Peak Memory Usage": 1377, "Workers": [], "Plans": [{"Node Type": "Hash Join", "Parent Relationship": "Outer", "Parallel Aware": false, "Async Capable": false, "Join Type": "Inner", "Startup Cost": 1.06, "Total Cost": 2818.24, "Plan Rows": 33772, "Plan Width": 4, "Actual Rows": 24592, "Actual Loops": 4, "Inner Unique": true, "Hash Cond": "(cc.status_id = cct1.id)", "Workers": [], "Plans": [{"Node Type": "Seq Scan", "Parent Relationship": "Outer", "Parallel Aware": false, "Async Capable": false, "Relation Name": "complete_cast", "Alias": "cc", "Startup Cost": 0.0, "Total Cost": 2086.86, "Plan Rows": 135086, "Plan Width": 8, "Actual Rows": 135086, "Actual Loops": 4, "Workers": []}, {"Node Type": "Hash", "Parent Relationship": "Inner", "Parallel Aware": false, "Async Capable": false, "Startup Cost": 1.05, "Total Cost": 1.05, "Plan Rows": 1, "Plan Width": 4, "Actual Rows": 1, "Actual Loops": 4, "Hash Buckets": 1024, "Original Hash Buckets": 1024, "Hash Batches": 1, "Original Hash Batches": 1, "Peak Memory Usage": 9, "Workers": [], "Plans": [{"Node Type": "Seq Scan", "Parent Relationship": "Outer", "Parallel Aware": false, "Async Capable": false, "Relation Name": "comp_cast_type", "Alias": "cct1", "Startup Cost": 0.0, "Total Cost": 1.05, "Plan Rows": 1, "Plan Width": 4, "Actual Rows": 1, "Actual Loops": 4, "Filter": "((kind)::text = 'complete+verified'::text)", "Rows Removed by Filter": 3, "Workers": []}]}]}]}]}, {"Node Type": "Hash", "Parent Relationship": "Inner", "Parallel Aware": false, "Async Capable": false, "Startup Cost": 1.04, "Total Cost": 1.04, "Plan Rows": 4, "Plan Width": 4, "Actual Rows": 4, "Actual Loops": 4, "Hash Buckets": 1024, "Original Hash Buckets": 1024, "Hash Batches": 1, "Original Hash Batches": 1, "Peak Memory Usage": 9, "Workers": [], "Plans": [{"Node Type": "Seq Scan", "Parent Relationship": "Outer", "Parallel Aware": false, "Async Capable": false, "Relation Name": "company_type", "Alias": "ct", "Startup Cost": 0.0, "Total Cost": 1.04, "Plan Rows": 4, "Plan Width": 4, "Actual Rows": 4, "Actual Loops": 4, "Workers": []}]}]}]}]}]}]}, "Planning Time": 21.853, "Triggers": [], "Execution Time": 1122.961}, {"Plan": {"Node Type": "Aggregate", "Strategy": "Plain", "Partial Mode": "Simple", "Parallel Aware": false, "Async Capable": false, "Startup Cost": 331246.64, "Total Cost": 331246.65, "Plan Rows": 1, "Plan Width": 64, "Actual Rows": 1, "Actual Loops": 1, "Plans": [{"Node Type": "Gather", "Parent Relationship": "Outer", "Parallel Aware": false, "Async Capable": false, "Startup Cost": 285344.7, "Total Cost": 331246.62, "Plan Rows": 3, "Plan Width": 27, "Actual Rows": 306, "Actual Loops": 1, "Workers Planned": 4, "Workers Launched": 4, "Single Copy": false, "Plans": [{"Node Type": "Hash Join", "Parent Relationship": "Outer", "Parallel Aware": true, "Async Capable": false, "Join Type": "Inner", "Startup Cost": 284344.7, "Total Cost": 330246.32, "Plan Rows": 1, "Plan Width": 27, "Actual Rows": 61, "Actual Loops": 5, "Inner Unique": false, "Hash Cond": "(t.id = mi.movie_id)", "Workers": [], "Plans": [{"Node Type": "Hash Join", "Parent Relationship": "Outer", "Parallel Aware": false, "Async Capable": false, "Join Type": "Inner", "Startup Cost": 3241.52, "Total Cost": 49128.76, "Plan Rows": 2874, "Plan Width": 35, "Actual Rows": 1965, "Actual Loops": 5, "Inner Unique": true, "Hash Cond": "(t.kind_id = kt.id)", "Workers": [], "Plans": [{"Node Type": "Hash Join", "Parent Relationship": "Outer", "Parallel Aware": false, "Async Capable": false, "Join Type": "Inner", "Startup Cost": 3240.39, "Total Cost": 49099.36, "Plan Rows": 6707, "Plan Width": 29, "Actual Rows": 2062, "Actual Loops": 5, "Inner Unique": false, "Hash Cond": "(t.id = cc.movie_id)", "Workers": [], "Plans": [{"Node Type": "Seq Scan", "Parent Relationship": "Outer", "Parallel Aware": true, "Async Capable": false, "Relation Name": "title", "Alias": "t", "Startup Cost": 0.0, "Total Cost": 43908.97, "Plan Rows": 502114, "Plan Width": 25, "Actual Rows": 400930, "Actual Loops": 5, "Filter": "(production_year >= 1976)", "Rows Removed by Filter": 104733, "Workers": []}, {"Node Type": "Hash", "Parent Relationship": "Inner", "Parallel Aware": false, "Async Capable": false, "Startup Cost": 2818.24, "Total Cost": 2818.24, "Plan Rows": 33772, "Plan Width": 4, "Actual Rows": 24592, "Actual Loops": 5, "Hash Buckets": 65536, "Original Hash Buckets": 65536, "Hash Batches": 1, "Original Hash Batches": 1, "Peak Memory Usage": 1377, "Workers": [], "Plans": [{"Node Type": "Hash Join", "Parent Relationship": "Outer", "Parallel Aware": false, "Async Capable": false, "Join Type": "Inner", "Startup Cost": 1.06, "Total Cost": 2818.24, "Plan Rows": 33772, "Plan Width": 4, "Actual Rows": 24592, "Actual Loops": 5, "Inner Unique": true, "Hash Cond": "(cc.status_id = cct1.id)", "Workers": [], "Plans": [{"Node Type": "Seq Scan", "Parent Relationship": "Outer", "Parallel Aware": false, "Async Capable": false, "Relation Name": "complete_cast", "Alias": "cc", "Startup Cost": 0.0, "Total Cost": 2086.86, "Plan Rows": 135086, "Plan Width": 8, "Actual Rows": 135086, "Actual Loops": 5, "Workers": []}, {"Node Type": "Hash", "Parent Relationship": "Inner", "Parallel Aware": false, "Async Capable": false, "Startup Cost": 1.05, "Total Cost": 1.05, "Plan Rows": 1, "Plan Width": 4, "Actual Rows": 1, "Actual Loops": 5, "Hash Buckets": 1024, "Original Hash Buckets": 1024, "Hash Batches": 1, "Original Hash Batches": 1, "Peak Memory Usage": 9, "Workers": [], "Plans": [{"Node Type": "Seq Scan", "Parent Relationship": "Outer", "Parallel Aware": false, "Async Capable": false, "Relation Name": "comp_cast_type", "Alias": "cct1", "Startup Cost": 0.0, "Total Cost": 1.05, "Plan Rows": 1, "Plan Width": 4, "Actual Rows": 1, "Actual Loops": 5, "Filter": "((kind)::text = 'complete+verified'::text)", "Rows Removed by Filter": 3, "Workers": []}]}]}]}]}, {"Node Type": "Hash", "Parent Relationship": "Inner", "Parallel Aware": false, "Async Capable": false, "Startup Cost": 1.1, "Total Cost": 1.1, "Plan Rows": 3, "Plan Width": 14, "Actual Rows": 3, "Actual Loops": 5, "Hash Buckets": 1024, "Original Hash Buckets": 1024, "Hash Batches": 1, "Original Hash Batches": 1, "Peak Memory Usage": 9, "Workers": [], "Plans": [{"Node Type": "Seq Scan", "Parent Relationship": "Outer", "Parallel Aware": false, "Async Capable": false, "Relation Name": "kind_type", "Alias": "kt", "Startup Cost": 0.0, "Total Cost": 1.1, "Plan Rows": 3, "Plan Width": 14, "Actual Rows": 3, "Actual Loops": 5, "Filter": "((kind)::text = ANY ('{episode,movie,\"tv movie\"}'::text[]))", "Rows Removed by Filter": 4, "Workers": []}]}]}, {"Node Type": "Hash", "Parent Relationship": "Inner", "Parallel Aware": true, "Async Capable": false, "Startup Cost": 281103.16, "Total Cost": 281103.16, "Plan Rows": 2, "Plan Width": 12, "Actual Rows": 322, "Actual Loops": 5, "Hash Buckets": 1024, "Original Hash Buckets": 1024, "Hash Batches": 1, "Original Hash Batches": 1, "Peak Memory Usage": 168, "Workers": [], "Plans": [{"Node Type": "Nested Loop", "Parent Relationship": "Outer", "Parallel Aware": false, "Async Capable": false, "Join Type": "Inner", "Startup Cost": 236556.87, "Total Cost": 281103.16, "Plan Rows": 2, "Plan Width": 12, "Actual Rows": 322, "Actual Loops": 5, "Inner Unique": true, "Workers": [], "Plans": [{"Node Type": "Hash Join", "Parent Relationship": "Outer", "Parallel Aware": true, "Async Capable": false, "Join Type": "Inner", "Startup Cost": 236556.45, "Total Cost": 281102.28, "Plan Rows": 2, "Plan Width": 16, "Actual Rows": 322, "Actual Loops": 5, "Inner Unique": false, "Hash Cond": "(mk.movie_id = mi.movie_id)", "Workers": [], "Plans": [{"Node Type": "Seq Scan", "Parent Relationship": "Outer", "Parallel Aware": true, "Async Capable": false, "Relation Name": "movie_keyword", "Alias": "mk", "Startup Cost": 0.0, "Total Cost": 39073.32, "Plan Rows": 1459332, "Plan Width": 8, "Actual Rows": 904786, "Actual Loops": 5, "Workers": []}, {"Node Type": "Hash", "Parent Relationship": "Inner", "Parallel Aware": true, "Async Capable": false, "Startup Cost": 236556.43, "Total Cost": 236556.43, "Plan Rows": 1, "Plan Width": 8, "Actual Rows": 141, "Actual Loops": 5, "Hash Buckets": 1024, "Original Hash Buckets": 1024, "Hash Batches": 1, "Original Hash Batches": 1, "Peak Memory Usage": 168, "Workers": [], "Plans": [{"Node Type": "Nested Loop", "Parent Relationship": "Outer", "Parallel Aware": false, "Async Capable": false, "Join Type": "Inner", "Startup Cost": 206159.62, "Total Cost": 236556.43, "Plan Rows": 1, "Plan Width": 8, "Actual Rows": 141, "Actual Loops": 5, "Inner Unique": true, "Workers": [], "Plans": [{"Node Type": "Nested Loop", "Parent Relationship": "Outer", "Parallel Aware": false, "Async Capable": false, "Join Type": "Inner", "Startup Cost": 206159.49, "Total Cost": 236556.28, "Plan Rows": 1, "Plan Width": 12, "Actual Rows": 141, "Actual Loops": 5, "Inner Unique": true, "Workers": [], "Plans": [{"Node Type": "Hash Join", "Parent Relationship": "Outer", "Parallel Aware": true, "Async Capable": false, "Join Type": "Inner", "Startup Cost": 206159.07, "Total Cost": 236555.83, "Plan Rows": 1, "Plan Width": 16, "Actual Rows": 153, "Actual Loops": 5, "Inner Unique": false, "Hash Cond": "(mc.movie_id = mi.movie_id)", "Workers": [], "Plans": [{"Node Type": "Seq Scan", "Parent Relationship": "Outer", "Parallel Aware": true, "Async Capable": false, "Relation Name": "movie_companies", "Alias": "mc", "Startup Cost": 0.0, "Total Cost": 27240.55, "Plan Rows": 841655, "Plan Width": 12, "Actual Rows": 521826, "Actual Loops": 5, "Workers": []}, {"Node Type": "Hash", "Parent Relationship": "Inner", "Parallel Aware": true, "Async Capable": false, "Startup Cost": 206159.06, "Total Cost": 206159.06, "Plan Rows": 1, "Plan Width": 4, "Actual Rows": 99, "Actual Loops": 5, "Hash Buckets": 1024, "Original Hash Buckets": 1024, "Hash Batches": 1, "Original Hash Batches": 1, "Peak Memory Usage": 168, "Workers": [], "Plans": [{"Node Type": "Hash Join", "Parent Relationship": "Outer", "Parallel Aware": false, "Async Capable": false, "Join Type": "Inner", "Startup Cost": 2.43, "Total Cost": 206159.06, "Plan Rows": 1, "Plan Width": 4, "Actual Rows": 99, "Actual Loops": 5, "Inner Unique": true, "Hash Cond": "(mi.info_type_id = it1.id)", "Workers": [], "Plans": [{"Node Type": "Seq Scan", "Parent Relationship": "Outer", "Parallel Aware": true, "Async Capable": false, "Relation Name": "movie_info", "Alias": "mi", "Startup Cost": 0.0, "Total Cost": 206156.59, "Plan Rows": 15, "Plan Width": 8, "Actual Rows": 99, "Actual Loops": 5, "Filter": "(((note)::text ~~ '%internet%'::text) AND ((info)::text ~~ 'USA:%2008%'::text))", "Rows Removed by Filter": 2967045, "Workers": []}, {"Node Type": "Hash", "Parent Relationship": "Inner", "Parallel Aware": false, "Async Capable": false, "Startup Cost": 2.41, "Total Cost": 2.41, "Plan Rows": 1, "Plan Width": 4, "Actual Rows": 1, "Actual Loops": 5, "Hash Buckets": 1024, "Original Hash Buckets": 1024, "Hash Batches": 1, "Original Hash Batches": 1, "Peak Memory Usage": 9, "Workers": [], "Plans": [{"Node Type": "Seq Scan", "Parent Relationship": "Outer", "Parallel Aware": false, "Async Capable": false, "Relation Name": "info_type", "Alias": "it1", "Startup Cost": 0.0, "Total Cost": 2.41, "Plan Rows": 1, "Plan Width": 4, "Actual Rows": 1, "Actual Loops": 5, "Filter": "((info)::text = 'release dates'::text)", "Rows Removed by Filter": 112, "Workers": []}]}]}]}]}, {"Node Type": "Index Scan", "Parent Relationship": "Inner", "Parallel Aware": false, "Async Capable": false, "Scan Direction": "Forward", "Index Name": "company_name_pkey", "Relation Name": "company_name", "Alias": "cn", "Startup Cost": 0.42, "Total Cost": 0.45, "Plan Rows": 1, "Plan Width": 4, "Actual Rows": 1, "Actual Loops": 766, "Index Cond": "(id = mc.company_id)", "Rows Removed by Index Recheck": 0, "Filter": "((country_code)::text = '[us]'::text)", "Rows Removed by Filter": 0, "Workers": []}]}, {"Node Type": "Index Only Scan", "Parent Relationship": "Inner", "Parallel Aware": false, "Async Capable": false, "Scan Direction": "Forward", "Index Name": "company_type_pkey", "Relation Name": "company_type", "Alias": "ct", "Startup Cost": 0.13, "Total Cost": 0.15, "Plan Rows": 1, "Plan Width": 4, "Actual Rows": 1, "Actual Loops": 707, "Index Cond": "(id = mc.company_type_id)", "Rows Removed by Index Recheck": 0, "Heap Fetches": 707, "Workers": []}]}]}]}, {"Node Type": "Index Only Scan", "Parent Relationship": "Inner", "Parallel Aware": false, "Async Capable": false, "Scan Direction": "Forward", "Index Name": "keyword_pkey", "Relation Name": "keyword", "Alias": "k", "Startup Cost": 0.42, "Total Cost": 0.44, "Plan Rows": 1, "Plan Width": 4, "Actual Rows": 1, "Actual Loops": 1612, "Index Cond": "(id = mk.keyword_id)", "Rows Removed by Index Recheck": 0, "Heap Fetches": 0, "Workers": []}]}]}]}]}]}, "Planning Time": 21.401, "Triggers": [], "Execution Time": 884.627}, {"Plan": {"Node Type": "Aggregate", "Strategy": "Plain", "Partial Mode": "Simple", "Parallel Aware": false, "Async Capable": false, "Startup Cost": 288049.58, "Total Cost": 288049.59, "Plan Rows": 1, "Plan Width": 64, "Actual Rows": 1, "Actual Loops": 1, "Plans": [{"Node Type": "Nested Loop", "Parent Relationship": "Outer", "Parallel Aware": false, "Async Capable": false, "Join Type": "Inner", "Startup Cost": 237558.46, "Total Cost": 288049.56, "Plan Rows": 3, "Plan Width": 27, "Actual Rows": 306, "Actual Loops": 1, "Inner Unique": false, "Join Filter": "(kt.id = t.kind_id)", "Rows Removed by Join Filter": 612, "Plans": [{"Node Type": "Seq Scan", "Parent Relationship": "Outer", "Parallel Aware": false, "Async Capable": false, "Relation Name": "kind_type", "Alias": "kt", "Startup Cost": 0.0, "Total Cost": 1.1, "Plan Rows": 3, "Plan Width": 14, "Actual Rows": 3, "Actual Loops": 1, "Filter": "((kind)::text = ANY ('{episode,movie,\"tv movie\"}'::text[]))", "Rows Removed by Filter": 4}, {"Node Type": "Materialize", "Parent Relationship": "Inner", "Parallel Aware": false, "Async Capable": false, "Startup Cost": 237558.46, "Total Cost": 288048.21, "Plan Rows": 6, "Plan Width": 21, "Actual Rows": 306, "Actual Loops": 3, "Plans": [{"Node Type": "Nested Loop", "Parent Relationship": "Outer", "Parallel Aware": false, "Async Capable": false, "Join Type": "Inner", "Startup Cost": 237558.46, "Total Cost": 288048.18, "Plan Rows": 6, "Plan Width": 21, "Actual Rows": 306, "Actual Loops": 1, "Inner Unique": true, "Plans": [{"Node Type": "Nested Loop", "Parent Relationship": "Outer", "Parallel Aware": false, "Async Capable": false, "Join Type": "Inner", "Startup Cost": 237558.04, "Total Cost": 288045.55, "Plan Rows": 6, "Plan Width": 25, "Actual Rows": 306, "Actual Loops": 1, "Inner Unique": false, "Join Filter": "(t.id = cc.movie_id)", "Rows Removed by Join Filter": 39641998, "Plans": [{"Node Type": "Gather", "Parent Relationship": "Outer", "Parallel Aware": false, "Async Capable": false, "Startup Cost": 237556.98, "Total Cost": 282103.4, "Plan Rows": 6, "Plan Width": 41, "Actual Rows": 1612, "Actual Loops": 1, "Workers Planned": 3, "Workers Launched": 3, "Single Copy": false, "Plans": [{"Node Type": "Hash Join", "Parent Relationship": "Outer", "Parallel Aware": true, "Async Capable": false, "Join Type": "Inner", "Startup Cost": 236556.98, "Total Cost": 281102.8, "Plan Rows": 2, "Plan Width": 41, "Actual Rows": 403, "Actual Loops": 4, "Inner Unique": false, "Hash Cond": "(mk.movie_id = t.id)", "Workers": [], "Plans": [{"Node Type": "Seq Scan", "Parent Relationship": "Outer", "Parallel Aware": true, "Async Capable": false, "Relation Name": "movie_keyword", "Alias": "mk", "Startup Cost": 0.0, "Total Cost": 39073.32, "Plan Rows": 1459332, "Plan Width": 8, "Actual Rows": 1130982, "Actual Loops": 4, "Workers": []}, {"Node Type": "Hash", "Parent Relationship": "Inner", "Parallel Aware": true, "Async Capable": false, "Startup Cost": 236556.96, "Total Cost": 236556.96, "Plan Rows": 1, "Plan Width": 33, "Actual Rows": 177, "Actual Loops": 4, "Hash Buckets": 1024, "Original Hash Buckets": 1024, "Hash Batches": 1, "Original Hash Batches": 1, "Peak Memory Usage": 136, "Workers": [], "Plans": [{"Node Type": "Nested Loop", "Parent Relationship": "Outer", "Parallel Aware": false, "Async Capable": false, "Join Type": "Inner", "Startup Cost": 206160.05, "Total Cost": 236556.96, "Plan Rows": 1, "Plan Width": 33, "Actual Rows": 177, "Actual Loops": 4, "Inner Unique": true, "Join Filter": "(t.id = mi.movie_id)", "Rows Removed by Join Filter": 0, "Workers": [], "Plans": [{"Node Type": "Nested Loop", "Parent Relationship": "Outer", "Parallel Aware": false, "Async Capable": false, "Join Type": "Inner", "Startup Cost": 206159.62, "Total Cost": 236556.43, "Plan Rows": 1, "Plan Width": 8, "Actual Rows": 177, "Actual Loops": 4, "Inner Unique": true, "Workers": [], "Plans": [{"Node Type": "Nested Loop", "Parent Relationship": "Outer", "Parallel Aware": false, "Async Capable": false, "Join Type": "Inner", "Startup Cost": 206159.49, "Total Cost": 236556.28, "Plan Rows": 1, "Plan Width": 12, "Actual Rows": 177, "Actual Loops": 4, "Inner Unique": true, "Workers": [], "Plans": [{"Node Type": "Hash Join", "Parent Relationship": "Outer", "Parallel Aware": true, "Async Capable": false, "Join Type": "Inner", "Startup Cost": 206159.07, "Total Cost": 236555.83, "Plan Rows": 1, "Plan Width": 16, "Actual Rows": 192, "Actual Loops": 4, "Inner Unique": false, "Hash Cond": "(mc.movie_id = mi.movie_id)", "Workers": [], "Plans": [{"Node Type": "Seq Scan", "Parent Relationship": "Outer", "Parallel Aware": true, "Async Capable": false, "Relation Name": "movie_companies", "Alias": "mc", "Startup Cost": 0.0, "Total Cost": 27240.55, "Plan Rows": 841655, "Plan Width": 12, "Actual Rows": 652282, "Actual Loops": 4, "Workers": []}, {"Node Type": "Hash", "Parent Relationship": "Inner", "Parallel Aware": true, "Async Capable": false, "Startup Cost": 206159.06, "Total Cost": 206159.06, "Plan Rows": 1, "Plan Width": 4, "Actual Rows": 124, "Actual Loops": 4, "Hash Buckets": 1024, "Original Hash Buckets": 1024, "Hash Batches": 1, "Original Hash Batches": 1, "Peak Memory Usage": 136, "Workers": [], "Plans": [{"Node Type": "Hash Join", "Parent Relationship": "Outer", "Parallel Aware": false, "Async Capable": false, "Join Type": "Inner", "Startup Cost": 2.43, "Total Cost": 206159.06, "Plan Rows": 1, "Plan Width": 4, "Actual Rows": 124, "Actual Loops": 4, "Inner Unique": true, "Hash Cond": "(mi.info_type_id = it1.id)", "Workers": [], "Plans": [{"Node Type": "Seq Scan", "Parent Relationship": "Outer", "Parallel Aware": true, "Async Capable": false, "Relation Name": "movie_info", "Alias": "mi", "Startup Cost": 0.0, "Total Cost": 206156.59, "Plan Rows": 15, "Plan Width": 8, "Actual Rows": 124, "Actual Loops": 4, "Filter": "(((note)::text ~~ '%internet%'::text) AND ((info)::text ~~ 'USA:%2008%'::text))", "Rows Removed by Filter": 3708806, "Workers": []}, {"Node Type": "Hash", "Parent Relationship": "Inner", "Parallel Aware": false, "Async Capable": false, "Startup Cost": 2.41, "Total Cost": 2.41, "Plan Rows": 1, "Plan Width": 4, "Actual Rows": 1, "Actual Loops": 4, "Hash Buckets": 1024, "Original Hash Buckets": 1024, "Hash Batches": 1, "Original Hash Batches": 1, "Peak Memory Usage": 9, "Workers": [], "Plans": [{"Node Type": "Seq Scan", "Parent Relationship": "Outer", "Parallel Aware": false, "Async Capable": false, "Relation Name": "info_type", "Alias": "it1", "Startup Cost": 0.0, "Total Cost": 2.41, "Plan Rows": 1, "Plan Width": 4, "Actual Rows": 1, "Actual Loops": 4, "Filter": "((info)::text = 'release dates'::text)", "Rows Removed by Filter": 112, "Workers": []}]}]}]}]}, {"Node Type": "Index Scan", "Parent Relationship": "Inner", "Parallel Aware": false, "Async Capable": false, "Scan Direction": "Forward", "Index Name": "company_name_pkey", "Relation Name": "company_name", "Alias": "cn", "Startup Cost": 0.42, "Total Cost": 0.45, "Plan Rows": 1, "Plan Width": 4, "Actual Rows": 1, "Actual Loops": 766, "Index Cond": "(id = mc.company_id)", "Rows Removed by Index Recheck": 0, "Filter": "((country_code)::text = '[us]'::text)", "Rows Removed by Filter": 0, "Workers": []}]}, {"Node Type": "Index Only Scan", "Parent Relationship": "Inner", "Parallel Aware": false, "Async Capable": false, "Scan Direction": "Forward", "Index Name": "company_type_pkey", "Relation Name": "company_type", "Alias": "ct", "Startup Cost": 0.13, "Total Cost": 0.15, "Plan Rows": 1, "Plan Width": 4, "Actual Rows": 1, "Actual Loops": 707, "Index Cond": "(id = mc.company_type_id)", "Rows Removed by Index Recheck": 0, "Heap Fetches": 707, "Workers": []}]}, {"Node Type": "Index Scan", "Parent Relationship": "Inner", "Parallel Aware": false, "Async Capable": false, "Scan Direction": "Forward", "Index Name": "title_pkey", "Relation Name": "title", "Alias": "t", "Startup Cost": 0.43, "Total Cost": 0.52, "Plan Rows": 1, "Plan Width": 25, "Actual Rows": 1, "Actual Loops": 707, "Index Cond": "(id = mc.movie_id)", "Rows Removed by Index Recheck": 0, "Filter": "(production_year >= 1976)", "Rows Removed by Filter": 0, "Workers": []}]}]}]}]}, {"Node Type": "Materialize", "Parent Relationship": "Inner", "Parallel Aware": false, "Async Capable": false, "Startup Cost": 1.06, "Total Cost": 2987.1, "Plan Rows": 33772, "Plan Width": 4, "Actual Rows": 24592, "Actual Loops": 1612, "Plans": [{"Node Type": "Hash Join", "Parent Relationship": "Outer", "Parallel Aware": false, "Async Capable": false, "Join Type": "Inner", "Startup Cost": 1.06, "Total Cost": 2818.24, "Plan Rows": 33772, "Plan Width": 4, "Actual Rows": 24592, "Actual Loops": 1, "Inner Unique": true, "Hash Cond": "(cc.status_id = cct1.id)", "Plans": [{"Node Type": "Seq Scan", "Parent Relationship": "Outer", "Parallel Aware": false, "Async Capable": false, "Relation Name": "complete_cast", "Alias": "cc", "Startup Cost": 0.0, "Total Cost": 2086.86, "Plan Rows": 135086, "Plan Width": 8, "Actual Rows": 135086, "Actual Loops": 1}, {"Node Type": "Hash", "Parent Relationship": "Inner", "Parallel Aware": false, "Async Capable": false, "Startup Cost": 1.05, "Total Cost": 1.05, "Plan Rows": 1, "Plan Width": 4, "Actual Rows": 1, "Actual Loops": 1, "Hash Buckets": 1024, "Original Hash Buckets": 1024, "Hash Batches": 1, "Original Hash Batches": 1, "Peak Memory Usage": 9, "Plans": [{"Node Type": "Seq Scan", "Parent Relationship": "Outer", "Parallel Aware": false, "Async Capable": false, "Relation Name": "comp_cast_type", "Alias": "cct1", "Startup Cost": 0.0, "Total Cost": 1.05, "Plan Rows": 1, "Plan Width": 4, "Actual Rows": 1, "Actual Loops": 1, "Filter": "((kind)::text = 'complete+verified'::text)", "Rows Removed by Filter": 3}]}]}]}]}, {"Node Type": "Index Only Scan", "Parent Relationship": "Inner", "Parallel Aware": false, "Async Capable": false, "Scan Direction": "Forward", "Index Name": "keyword_pkey", "Relation Name": "keyword", "Alias": "k", "Startup Cost": 0.42, "Total Cost": 0.44, "Plan Rows": 1, "Plan Width": 4, "Actual Rows": 1, "Actual Loops": 306, "Index Cond": "(id = mk.keyword_id)", "Rows Removed by Index Recheck": 0, "Heap Fetches": 0}]}]}]}]}, "Planning Time": 17.263, "Triggers": [], "Execution Time": 2270.905}, {"Plan": {"Node Type": "Aggregate", "Strategy": "Plain", "Partial Mode": "Simple", "Parallel Aware": false, "Async Capable": false, "Startup Cost": 351507.56, "Total Cost": 351507.57, "Plan Rows": 1, "Plan Width": 64, "Actual Rows": 1, "Actual Loops": 1, "Plans": [{"Node Type": "Gather", "Parent Relationship": "Outer", "Parallel Aware": false, "Async Capable": false, "Startup Cost": 301217.8, "Total Cost": 351507.55, "Plan Rows": 3, "Plan Width": 27, "Actual Rows": 306, "Actual Loops": 1, "Workers Planned": 3, "Workers Launched": 3, "Single Copy": false, "Plans": [{"Node Type": "Hash Join", "Parent Relationship": "Outer", "Parallel Aware": true, "Async Capable": false, "Join Type": "Inner", "Startup Cost": 300217.8, "Total Cost": 350507.25, "Plan Rows": 1, "Plan Width": 27, "Actual Rows": 76, "Actual Loops": 4, "Inner Unique": false, "Hash Cond": "(t.id = mi.movie_id)", "Workers": [], "Plans": [{"Node Type": "Hash Join", "Parent Relationship": "Outer", "Parallel Aware": true, "Async Capable": false, "Join Type": "Inner", "Startup Cost": 90818.34, "Total Cost": 138080.73, "Plan Rows": 807213, "Plan Width": 39, "Actual Rows": 1746388, "Actual Loops": 4, "Inner Unique": true, "Hash Cond": "(mk.keyword_id = k.id)", "Workers": [], "Plans": [{"Node Type": "Hash Join", "Parent Relationship": "Outer", "Parallel Aware": true, "Async Capable": false, "Join Type": "Inner", "Startup Cost": 86812.33, "Total Cost": 131955.71, "Plan Rows": 807213, "Plan Width": 43, "Actual Rows": 1746388, "Actual Loops": 4, "Inner Unique": false, "Hash Cond": "(mk.movie_id = t.id)", "Workers": [], "Plans": [{"Node Type": "Seq Scan", "Parent Relationship": "Outer", "Parallel Aware": true, "Async Capable": false, "Relation Name": "movie_keyword", "Alias": "mk", "Startup Cost": 0.0, "Total Cost": 39073.32, "Plan Rows": 1459332, "Plan Width": 8, "Actual Rows": 1130982, "Actual Loops": 4, "Workers": []}, {"Node Type": "Hash", "Parent Relationship": "Inner", "Parallel Aware": true, "Async Capable": false, "Startup Cost": 85518.2, "Total Cost": 85518.2, "Plan Rows": 103530, "Plan Width": 35, "Actual Rows": 137912, "Actual Loops": 4, "Hash Buckets": 1048576, "Original Hash Buckets": 524288, "Hash Batches": 1, "Original Hash Batches": 1, "Peak Memory Usage": 50528, "Workers": [], "Plans": [{"Node Type": "Hash Join", "Parent Relationship": "Outer", "Parallel Aware": false, "Async Capable": false, "Join Type": "Inner", "Startup Cost": 54109.39, "Total Cost": 85518.2, "Plan Rows": 103530, "Plan Width": 35, "Actual Rows": 137912, "Actual Loops": 4, "Inner Unique": true, "Hash Cond": "(mc.company_type_id = ct.id)", "Workers": [], "Plans": [{"Node Type": "Hash Join", "Parent Relationship": "Outer", "Parallel Aware": true, "Async Capable": false, "Join Type": "Inner", "Startup Cost": 54108.3, "Total Cost": 84957.41, "Plan Rows": 103530, "Plan Width": 39, "Actual Rows": 137912, "Actual Loops": 4, "Inner Unique": false, "Hash Cond": "(mc.movie_id = t.id)", "Workers": [], "Plans": [{"Node Type": "Hash Join", "Parent Relationship": "Outer", "Parallel Aware": true, "Async Capable": false, "Join Type": "Inner", "Startup Cost": 5392.23, "Total Cost": 34842.17, "Plan Rows": 304095, "Plan Width": 8, "Actual Rows": 288450, "Actual Loops": 4, "Inner Unique": true, "Hash Cond": "(mc.company_id = cn.id)", "Workers": [], "Plans": [{"Node Type": "Seq Scan", "Parent Relationship": "Outer", "Parallel Aware": true, "Async Capable": false, "Relation Name": "movie_companies", "Alias": "mc", "Startup Cost": 0.0, "Total Cost": 27240.55, "Plan Rows": 841655, "Plan Width": 12, "Actual Rows": 652282, "Actual Loops": 4, "Workers": []}, {"Node Type": "Hash", "Parent Relationship": "Inner", "Parallel Aware": true, "Async Capable": false, "Startup Cost": 4767.92, "Total Cost": 4767.92, "Plan Rows": 49945, "Plan Width": 4, "Actual Rows": 21211, "Actual Loops": 4, "Hash Buckets": 131072, "Original Hash Buckets": 131072, "Hash Batches": 1, "Original Hash Batches": 1, "Peak Memory Usage": 4416, "Workers": [], "Plans": [{"Node Type": "Seq Scan", "Parent Relationship": "Outer", "Parallel Aware": true, "Async Capable": false, "Relation Name": "company_name", "Alias": "cn", "Startup Cost": 0.0, "Total Cost": 4767.92, "Plan Rows": 49945, "Plan Width": 4, "Actual Rows": 21211, "Actual Loops": 4, "Filter": "((country_code)::text = '[us]'::text)", "Rows Removed by Filter": 37538, "Workers": []}]}]}, {"Node Type": "Hash", "Parent Relationship": "Inner", "Parallel Aware": true, "Async Capable": false, "Startup Cost": 46026.17, "Total Cost": 46026.17, "Plan Rows": 215192, "Plan Width": 31, "Actual Rows": 448871, "Actual Loops": 4, "Hash Buckets": 2097152, "Original Hash Buckets": 1048576, "Hash Batches": 1, "Original Hash Batches": 1, "Peak Memory Usage": 137952, "Workers": [], "Plans": [{"Node Type": "Hash Join", "Parent Relationship": "Outer", "Parallel Aware": false, "Async Capable": false, "Join Type": "Inner", "Startup Cost": 1.13, "Total Cost": 46026.17, "Plan Rows": 215192, "Plan Width": 31, "Actual Rows": 448871, "Actual Loops": 4, "Inner Unique": true, "Hash Cond": "(t.kind_id = kt.id)", "Workers": [], "Plans": [{"Node Type": "Seq Scan", "Parent Relationship": "Outer", "Parallel Aware": true, "Async Capable": false, "Relation Name": "title", "Alias": "t", "Startup Cost": 0.0, "Total Cost": 43908.97, "Plan Rows": 502114, "Plan Width": 25, "Actual Rows": 501162, "Actual Loops": 4, "Filter": "(production_year >= 1976)", "Rows Removed by Filter": 130916, "Workers": []}, {"Node Type": "Hash", "Parent Relationship": "Inner", "Parallel Aware": false, "Async Capable": false, "Startup Cost": 1.1, "Total Cost": 1.1, "Plan Rows": 3, "Plan Width": 14, "Actual Rows": 3, "Actual Loops": 4, "Hash Buckets": 1024, "Original Hash Buckets": 1024, "Hash Batches": 1, "Original Hash Batches": 1, "Peak Memory Usage": 9, "Workers": [], "Plans": [{"Node Type": "Seq Scan", "Parent Relationship": "Outer", "Parallel Aware": false, "Async Capable": false, "Relation Name": "kind_type", "Alias": "kt", "Startup Cost": 0.0, "Total Cost": 1.1, "Plan Rows": 3, "Plan Width": 14, "Actual Rows": 3, "Actual Loops": 4, "Filter": "((kind)::text = ANY ('{episode,movie,\"tv movie\"}'::text[]))", "Rows Removed by Filter": 4, "Workers": []}]}]}]}]}, {"Node Type": "Hash", "Parent Relationship": "Inner", "Parallel Aware": false, "Async Capable": false, "Startup Cost": 1.04, "Total Cost": 1.04, "Plan Rows": 4, "Plan Width": 4, "Actual Rows": 4, "Actual Loops": 4, "Hash Buckets": 1024, "Original Hash Buckets": 1024, "Hash Batches": 1, "Original Hash Batches": 1, "Peak Memory Usage": 9, "Workers": [], "Plans": [{"Node Type": "Seq Scan", "Parent Relationship": "Outer", "Parallel Aware": false, "Async Capable": false, "Relation Name": "company_type", "Alias": "ct", "Startup Cost": 0.0, "Total Cost": 1.04, "Plan Rows": 4, "Plan Width": 4, "Actual Rows": 4, "Actual Loops": 4, "Workers": []}]}]}]}]}, {"Node Type": "Hash", "Parent Relationship": "Inner", "Parallel Aware": true, "Async Capable": false, "Startup Cost": 3307.22, "Total Cost": 3307.22, "Plan Rows": 55904, "Plan Width": 4, "Actual Rows": 33542, "Actual Loops": 4, "Hash Buckets": 262144, "Original Hash Buckets": 262144, "Hash Batches": 1, "Original Hash Batches": 1, "Peak Memory Usage": 7392, "Workers": [], "Plans": [{"Node Type": "Index Only Scan", "Parent Relationship": "Outer", "Parallel Aware": true, "Async Capable": false, "Scan Direction": "Forward", "Index Name": "keyword_pkey", "Relation Name": "keyword", "Alias": "k", "Startup Cost": 0.42, "Total Cost": 3307.22, "Plan Rows": 55904, "Plan Width": 4, "Actual Rows": 33542, "Actual Loops": 4, "Heap Fetches": 0, "Workers": []}]}]}, {"Node Type": "Hash", "Parent Relationship": "Inner", "Parallel Aware": true, "Async Capable": false, "Startup Cost": 209399.45, "Total Cost": 209399.45, "Plan Rows": 1, "Plan Width": 8, "Actual Rows": 0, "Actual Loops": 4, "Hash Buckets": 1024, "Original Hash Buckets": 1024, "Hash Batches": 1, "Original Hash Batches": 1, "Peak Memory Usage": 40, "Workers": [], "Plans": [{"Node Type": "Nested Loop", "Parent Relationship": "Outer", "Parallel Aware": false, "Async Capable": false, "Join Type": "Inner", "Startup Cost": 3.49, "Total Cost": 209399.45, "Plan Rows": 1, "Plan Width": 8, "Actual Rows": 0, "Actual Loops": 4, "Inner Unique": false, "Join Filter": "(cc.movie_id = mi.movie_id)", "Rows Removed by Join Filter": 3043260, "Workers": [], "Plans": [{"Node Type": "Hash Join", "Parent Relationship": "Outer", "Parallel Aware": false, "Async Capable": false, "Join Type": "Inner", "Startup Cost": 2.43, "Total Cost": 206159.06, "Plan Rows": 1, "Plan Width": 4, "Actual Rows": 124, "Actual Loops": 4, "Inner Unique": true, "Hash Cond": "(mi.info_type_id = it1.id)", "Workers": [], "Plans": [{"Node Type": "Seq Scan", "Parent Relationship": "Outer", "Parallel Aware": true, "Async Capable": false, "Relation Name": "movie_info", "Alias": "mi", "Startup Cost": 0.0, "Total Cost": 206156.59, "Plan Rows": 15, "Plan Width": 8, "Actual Rows": 124, "Actual Loops": 4, "Filter": "(((note)::text ~~ '%internet%'::text) AND ((info)::text ~~ 'USA:%2008%'::text))", "Rows Removed by Filter": 3708806, "Workers": []}, {"Node Type": "Hash", "Parent Relationship": "Inner", "Parallel Aware": false, "Async Capable": false, "Startup Cost": 2.41, "Total Cost": 2.41, "Plan Rows": 1, "Plan Width": 4, "Actual Rows": 1, "Actual Loops": 4, "Hash Buckets": 1024, "Original Hash Buckets": 1024, "Hash Batches": 1, "Original Hash Batches": 1, "Peak Memory Usage": 9, "Workers": [], "Plans": [{"Node Type": "Seq Scan", "Parent Relationship": "Outer", "Parallel Aware": false, "Async Capable": false, "Relation Name": "info_type", "Alias": "it1", "Startup Cost": 0.0, "Total Cost": 2.41, "Plan Rows": 1, "Plan Width": 4, "Actual Rows": 1, "Actual Loops": 4, "Filter": "((info)::text = 'release dates'::text)", "Rows Removed by Filter": 112, "Workers": []}]}]}, {"Node Type": "Hash Join", "Parent Relationship": "Inner", "Parallel Aware": false, "Async Capable": false, "Join Type": "Inner", "Startup Cost": 1.06, "Total Cost": 2818.24, "Plan Rows": 33772, "Plan Width": 4, "Actual Rows": 24592, "Actual Loops": 495, "Inner Unique": true, "Hash Cond": "(cc.status_id = cct1.id)", "Workers": [], "Plans": [{"Node Type": "Seq Scan", "Parent Relationship": "Outer", "Parallel Aware": false, "Async Capable": false, "Relation Name": "complete_cast", "Alias": "cc", "Startup Cost": 0.0, "Total Cost": 2086.86, "Plan Rows": 135086, "Plan Width": 8, "Actual Rows": 135086, "Actual Loops": 495, "Workers": []}, {"Node Type": "Hash", "Parent Relationship": "Inner", "Parallel Aware": false, "Async Capable": false, "Startup Cost": 1.05, "Total Cost": 1.05, "Plan Rows": 1, "Plan Width": 4, "Actual Rows": 1, "Actual Loops": 4, "Hash Buckets": 1024, "Original Hash Buckets": 1024, "Hash Batches": 1, "Original Hash Batches": 1, "Peak Memory Usage": 9, "Workers": [], "Plans": [{"Node Type": "Seq Scan", "Parent Relationship": "Outer", "Parallel Aware": false, "Async Capable": false, "Relation Name": "comp_cast_type", "Alias": "cct1", "Startup Cost": 0.0, "Total Cost": 1.05, "Plan Rows": 1, "Plan Width": 4, "Actual Rows": 1, "Actual Loops": 4, "Filter": "((kind)::text = 'complete+verified'::text)", "Rows Removed by Filter": 3, "Workers": []}]}]}]}]}]}]}]}, "Planning Time": 18.465, "Triggers": [], "Execution Time": 4655.047}, {"Plan": {"Node Type": "Aggregate", "Strategy": "Plain", "Partial Mode": "Simple", "Parallel Aware": false, "Async Capable": false, "Startup Cost": 295464.45, "Total Cost": 295464.46, "Plan Rows": 1, "Plan Width": 64, "Actual Rows": 1, "Actual Loops": 1, "Plans": [{"Node Type": "Gather", "Parent Relationship": "Outer", "Parallel Aware": false, "Async Capable": false, "Startup Cost": 247087.44, "Total Cost": 295464.44, "Plan Rows": 3, "Plan Width": 27, "Actual Rows": 306, "Actual Loops": 1, "Workers Planned": 3, "Workers Launched": 3, "Single Copy": false, "Plans": [{"Node Type": "Hash Join", "Parent Relationship": "Outer", "Parallel Aware": true, "Async Capable": false, "Join Type": "Inner", "Startup Cost": 246087.44, "Total Cost": 294464.14, "Plan Rows": 1, "Plan Width": 27, "Actual Rows": 76, "Actual Loops": 4, "Inner Unique": false, "Hash Cond": "(mk.movie_id = t.id)", "Workers": [], "Plans": [{"Node Type": "Hash Join", "Parent Relationship": "Outer", "Parallel Aware": true, "Async Capable": false, "Join Type": "Inner", "Startup Cost": 4006.02, "Total Cost": 46910.21, "Plan Rows": 1459332, "Plan Width": 4, "Actual Rows": 1130982, "Actual Loops": 4, "Inner Unique": true, "Hash Cond": "(mk.keyword_id = k.id)", "Workers": [], "Plans": [{"Node Type": "Seq Scan", "Parent Relationship": "Outer", "Parallel Aware": true, "Async Capable": false, "Relation Name": "movie_keyword", "Alias": "mk", "Startup Cost": 0.0, "Total Cost": 39073.32, "Plan Rows": 1459332, "Plan Width": 8, "Actual Rows": 1130982, "Actual Loops": 4, "Workers": []}, {"Node Type": "Hash", "Parent Relationship": "Inner", "Parallel Aware": true, "Async Capable": false, "Startup Cost": 3307.22, "Total Cost": 3307.22, "Plan Rows": 55904, "Plan Width": 4, "Actual Rows": 33542, "Actual Loops": 4, "Hash Buckets": 262144, "Original Hash Buckets": 262144, "Hash Batches": 1, "Original Hash Batches": 1, "Peak Memory Usage": 7392, "Workers": [], "Plans": [{"Node Type": "Index Only Scan", "Parent Relationship": "Outer", "Parallel Aware": true, "Async Capable": false, "Scan Direction": "Forward", "Index Name": "keyword_pkey", "Relation Name": "keyword", "Alias": "k", "Startup Cost": 0.42, "Total Cost": 3307.22, "Plan Rows": 55904, "Plan Width": 4, "Actual Rows": 33542, "Actual Loops": 4, "Heap Fetches": 0, "Workers": []}]}]}, {"Node Type": "Hash", "Parent Relationship": "Inner", "Parallel Aware": true, "Async Capable": false, "Startup Cost": 242081.42, "Total Cost": 242081.42, "Plan Rows": 1, "Plan Width": 43, "Actual Rows": 0, "Actual Loops": 4, "Hash Buckets": 1024, "Original Hash Buckets": 1024, "Hash Batches": 1, "Original Hash Batches": 1, "Peak Memory Usage": 40, "Workers": [], "Plans": [{"Node Type": "Nested Loop", "Parent Relationship": "Outer", "Parallel Aware": false, "Async Capable": false, "Join Type": "Inner", "Startup Cost": 241915.47, "Total Cost": 242081.42, "Plan Rows": 1, "Plan Width": 43, "Actual Rows": 0, "Actual Loops": 4, "Inner Unique": true, "Workers": [], "Plans": [{"Node Type": "Nested Loop", "Parent Relationship": "Outer", "Parallel Aware": false, "Async Capable": false, "Join Type": "Inner", "Startup Cost": 241915.34, "Total Cost": 242081.25, "Plan Rows": 1, "Plan Width": 37, "Actual Rows": 0, "Actual Loops": 4, "Inner Unique": true, "Join Filter": "(t.id = mi.movie_id)", "Rows Removed by Join Filter": 0, "Workers": [], "Plans": [{"Node Type": "Nested Loop", "Parent Relationship": "Outer", "Parallel Aware": false, "Async Capable": false, "Join Type": "Inner", "Startup Cost": 241914.91, "Total Cost": 242080.72, "Plan Rows": 1, "Plan Width": 12, "Actual Rows": 0, "Actual Loops": 4, "Inner Unique": true, "Workers": [], "Plans": [{"Node Type": "Merge Join", "Parent Relationship": "Outer", "Parallel Aware": false, "Async Capable": false, "Join Type": "Inner", "Startup Cost": 241914.78, "Total Cost": 242080.56, "Plan Rows": 1, "Plan Width": 16, "Actual Rows": 0, "Actual Loops": 4, "Inner Unique": false, "Merge Cond": "(mi.movie_id = cc.movie_id)", "Workers": [], "Plans": [{"Node Type": "Sort", "Parent Relationship": "Outer", "Parallel Aware": false, "Async Capable": false, "Startup Cost": 236556.29, "Total Cost": 236556.29, "Plan Rows": 1, "Plan Width": 12, "Actual Rows": 177, "Actual Loops": 4, "Sort Key": ["mc.movie_id"], "Sort Method": "quicksort", "Sort Space Used": 32, "Sort Space Type": "Memory", "Workers": [{"Worker Number": 0, "Sort Method": "quicksort", "Sort Space Used": 32, "Sort Space Type": "Memory"}, {"Worker Number": 1, "Sort Method": "quicksort", "Sort Space Used": 31, "Sort Space Type": "Memory"}, {"Worker Number": 2, "Sort Method": "quicksort", "Sort Space Used": 31, "Sort Space Type": "Memory"}], "Plans": [{"Node Type": "Nested Loop", "Parent Relationship": "Outer", "Parallel Aware": false, "Async Capable": false, "Join Type": "Inner", "Startup Cost": 206159.49, "Total Cost": 236556.28, "Plan Rows": 1, "Plan Width": 12, "Actual Rows": 177, "Actual Loops": 4, "Inner Unique": true, "Workers": [], "Plans": [{"Node Type": "Hash Join", "Parent Relationship": "Outer", "Parallel Aware": true, "Async Capable": false, "Join Type": "Inner", "Startup Cost": 206159.07, "Total Cost": 236555.83, "Plan Rows": 1, "Plan Width": 16, "Actual Rows": 192, "Actual Loops": 4, "Inner Unique": false, "Hash Cond": "(mc.movie_id = mi.movie_id)", "Workers": [], "Plans": [{"Node Type": "Seq Scan", "Parent Relationship": "Outer", "Parallel Aware": true, "Async Capable": false, "Relation Name": "movie_companies", "Alias": "mc", "Startup Cost": 0.0, "Total Cost": 27240.55, "Plan Rows": 841655, "Plan Width": 12, "Actual Rows": 652282, "Actual Loops": 4, "Workers": []}, {"Node Type": "Hash", "Parent Relationship": "Inner", "Parallel Aware": true, "Async Capable": false, "Startup Cost": 206159.06, "Total Cost": 206159.06, "Plan Rows": 1, "Plan Width": 4, "Actual Rows": 124, "Actual Loops": 4, "Hash Buckets": 1024, "Original Hash Buckets": 1024, "Hash Batches": 1, "Original Hash Batches": 1, "Peak Memory Usage": 136, "Workers": [], "Plans": [{"Node Type": "Hash Join", "Parent Relationship": "Outer", "Parallel Aware": false, "Async Capable": false, "Join Type": "Inner", "Startup Cost": 2.43, "Total Cost": 206159.06, "Plan Rows": 1, "Plan Width": 4, "Actual Rows": 124, "Actual Loops": 4, "Inner Unique": true, "Hash Cond": "(mi.info_type_id = it1.id)", "Workers": [], "Plans": [{"Node Type": "Seq Scan", "Parent Relationship": "Outer", "Parallel Aware": true, "Async Capable": false, "Relation Name": "movie_info", "Alias": "mi", "Startup Cost": 0.0, "Total Cost": 206156.59, "Plan Rows": 15, "Plan Width": 8, "Actual Rows": 124, "Actual Loops": 4, "Filter": "(((note)::text ~~ '%internet%'::text) AND ((info)::text ~~ 'USA:%2008%'::text))", "Rows Removed by Filter": 3708806, "Workers": []}, {"Node Type": "Hash", "Parent Relationship": "Inner", "Parallel Aware": false, "Async Capable": false, "Startup Cost": 2.41, "Total Cost": 2.41, "Plan Rows": 1, "Plan Width": 4, "Actual Rows": 1, "Actual Loops": 4, "Hash Buckets": 1024, "Original Hash Buckets": 1024, "Hash Batches": 1, "Original Hash Batches": 1, "Peak Memory Usage": 9, "Workers": [], "Plans": [{"Node Type": "Seq Scan", "Parent Relationship": "Outer", "Parallel Aware": false, "Async Capable": false, "Relation Name": "info_type", "Alias": "it1", "Startup Cost": 0.0, "Total Cost": 2.41, "Plan Rows": 1, "Plan Width": 4, "Actual Rows": 1, "Actual Loops": 4, "Filter": "((info)::text = 'release dates'::text)", "Rows Removed by Filter": 112, "Workers": []}]}]}]}]}, {"Node Type": "Index Scan", "Parent Relationship": "Inner", "Parallel Aware": false, "Async Capable": false, "Scan Direction": "Forward", "Index Name": "company_name_pkey", "Relation Name": "company_name", "Alias": "cn", "Startup Cost": 0.42, "Total Cost": 0.45, "Plan Rows": 1, "Plan Width": 4, "Actual Rows": 1, "Actual Loops": 766, "Index Cond": "(id = mc.company_id)", "Rows Removed by Index Recheck": 0, "Filter": "((country_code)::text = '[us]'::text)", "Rows Removed by Filter": 0, "Workers": []}]}]}, {"Node Type": "Sort", "Parent Relationship": "Inner", "Parallel Aware": false, "Async Capable": false, "Startup Cost": 5358.49, "Total Cost": 5442.92, "Plan Rows": 33772, "Plan Width": 4, "Actual Rows": 24064, "Actual Loops": 4, "Sort Key": ["cc.movie_id"], "Sort Method": "quicksort", "Sort Space Used": 769, "Sort Space Type": "Memory", "Workers": [{"Worker Number": 0, "Sort Method": "quicksort", "Sort Space Used": 769, "Sort Space Type": "Memory"}, {"Worker Number": 1, "Sort Method": "quicksort", "Sort Space Used": 769, "Sort Space Type": "Memory"}, {"Worker Number": 2, "Sort Method": "quicksort", "Sort Space Used": 769, "Sort Space Type": "Memory"}], "Plans": [{"Node Type": "Hash Join", "Parent Relationship": "Outer", "Parallel Aware": false, "Async Capable": false, "Join Type": "Inner", "Startup Cost": 1.06, "Total Cost": 2818.24, "Plan Rows": 33772, "Plan Width": 4, "Actual Rows": 24592, "Actual Loops": 4, "Inner Unique": true, "Hash Cond": "(cc.status_id = cct1.id)", "Workers": [], "Plans": [{"Node Type": "Seq Scan", "Parent Relationship": "Outer", "Parallel Aware": false, "Async Capable": false, "Relation Name": "complete_cast", "Alias": "cc", "Startup Cost": 0.0, "Total Cost": 2086.86, "Plan Rows": 135086, "Plan Width": 8, "Actual Rows": 135086, "Actual Loops": 4, "Workers": []}, {"Node Type": "Hash", "Parent Relationship": "Inner", "Parallel Aware": false, "Async Capable": false, "Startup Cost": 1.05, "Total Cost": 1.05, "Plan Rows": 1, "Plan Width": 4, "Actual Rows": 1, "Actual Loops": 4, "Hash Buckets": 1024, "Original Hash Buckets": 1024, "Hash Batches": 1, "Original Hash Batches": 1, "Peak Memory Usage": 9, "Workers": [], "Plans": [{"Node Type": "Seq Scan", "Parent Relationship": "Outer", "Parallel Aware": false, "Async Capable": false, "Relation Name": "comp_cast_type", "Alias": "cct1", "Startup Cost": 0.0, "Total Cost": 1.05, "Plan Rows": 1, "Plan Width": 4, "Actual Rows": 1, "Actual Loops": 4, "Filter": "((kind)::text = 'complete+verified'::text)", "Rows Removed by Filter": 3, "Workers": []}]}]}]}]}, {"Node Type": "Index Only Scan", "Parent Relationship": "Inner", "Parallel Aware": false, "Async Capable": false, "Scan Direction": "Forward", "Index Name": "company_type_pkey", "Relation Name": "company_type", "Alias": "ct", "Startup Cost": 0.13, "Total Cost": 0.15, "Plan Rows": 1, "Plan Width": 4, "Actual Rows": 1, "Actual Loops": 2, "Index Cond": "(id = mc.company_type_id)", "Rows Removed by Index Recheck": 0, "Heap Fetches": 2, "Workers": []}]}, {"Node Type": "Index Scan", "Parent Relationship": "Inner", "Parallel Aware": false, "Async Capable": false, "Scan Direction": "Forward", "Index Name": "title_pkey", "Relation Name": "title", "Alias": "t", "Startup Cost": 0.43, "Total Cost": 0.52, "Plan Rows": 1, "Plan Width": 25, "Actual Rows": 1, "Actual Loops": 2, "Index Cond": "(id = mc.movie_id)", "Rows Removed by Index Recheck": 0, "Filter": "(production_year >= 1976)", "Rows Removed by Filter": 0, "Workers": []}]}, {"Node Type": "Index Scan", "Parent Relationship": "Inner", "Parallel Aware": false, "Async Capable": false, "Scan Direction": "Forward", "Index Name": "kind_type_pkey", "Relation Name": "kind_type", "Alias": "kt", "Startup Cost": 0.13, "Total Cost": 0.15, "Plan Rows": 1, "Plan Width": 14, "Actual Rows": 1, "Actual Loops": 2, "Index Cond": "(id = t.kind_id)", "Rows Removed by Index Recheck": 0, "Filter": "((kind)::text = ANY ('{episode,movie,\"tv movie\"}'::text[]))", "Rows Removed by Filter": 0, "Workers": []}]}]}]}]}]}, "Planning Time": 22.085, "Triggers": [], "Execution Time": 1103.409}, {"Plan": {"Node Type": "Aggregate", "Strategy": "Plain", "Partial Mode": "Simple", "Parallel Aware": false, "Async Capable": false, "Startup Cost": 285344.13, "Total Cost": 285344.14, "Plan Rows": 1, "Plan Width": 64, "Actual Rows": 1, "Actual Loops": 1, "Plans": [{"Node Type": "Gather", "Parent Relationship": "Outer", "Parallel Aware": false, "Async Capable": false, "Startup Cost": 240797.92, "Total Cost": 285344.11, "Plan Rows": 3, "Plan Width": 27, "Actual Rows": 306, "Actual Loops": 1, "Workers Planned": 3, "Workers Launched": 3, "Single Copy": false, "Plans": [{"Node Type": "Nested Loop", "Parent Relationship": "Outer", "Parallel Aware": false, "Async Capable": false, "Join Type": "Inner", "Startup Cost": 239797.92, "Total Cost": 284343.81, "Plan Rows": 1, "Plan Width": 27, "Actual Rows": 76, "Actual Loops": 4, "Inner Unique": true, "Workers": [], "Plans": [{"Node Type": "Nested Loop", "Parent Relationship": "Outer", "Parallel Aware": false, "Async Capable": false, "Join Type": "Inner", "Startup Cost": 239797.5, "Total Cost": 284343.37, "Plan Rows": 1, "Plan Width": 31, "Actual Rows": 76, "Actual Loops": 4, "Inner Unique": true, "Workers": [], "Plans": [{"Node Type": "Hash Join", "Parent Relationship": "Outer", "Parallel Aware": false, "Async Capable": false, "Join Type": "Inner", "Startup Cost": 239797.08, "Total Cost": 284342.93, "Plan Rows": 1, "Plan Width": 35, "Actual Rows": 76, "Actual Loops": 4, "Inner Unique": false, "Hash Cond": "(t.id = cc.movie_id)", "Workers": [], "Plans": [{"Node Type": "Hash Join", "Parent Relationship": "Outer", "Parallel Aware": true, "Async Capable": false, "Join Type": "Inner", "Startup Cost": 236556.7, "Total Cost": 281102.52, "Plan Rows": 2, "Plan Width": 51, "Actual Rows": 267, "Actual Loops": 4, "Inner Unique": false, "Hash Cond": "(mk.movie_id = t.id)", "Workers": [], "Plans": [{"Node Type": "Seq Scan", "Parent Relationship": "Outer", "Parallel Aware": true, "Async Capable": false, "Relation Name": "movie_keyword", "Alias": "mk", "Startup Cost": 0.0, "Total Cost": 39073.32, "Plan Rows": 1459332, "Plan Width": 8, "Actual Rows": 1130982, "Actual Loops": 4, "Workers": []}, {"Node Type": "Hash", "Parent Relationship": "Inner", "Parallel Aware": true, "Async Capable": false, "Startup Cost": 236556.68, "Total Cost": 236556.68, "Plan Rows": 1, "Plan Width": 43, "Actual Rows": 92, "Actual Loops": 4, "Hash Buckets": 1024, "Original Hash Buckets": 1024, "Hash Batches": 1, "Original Hash Batches": 1, "Peak Memory Usage": 136, "Workers": [], "Plans": [{"Node Type": "Nested Loop", "Parent Relationship": "Outer", "Parallel Aware": false, "Async Capable": false, "Join Type": "Inner", "Startup Cost": 206159.76, "Total Cost": 236556.68, "Plan Rows": 1, "Plan Width": 43, "Actual Rows": 92, "Actual Loops": 4, "Inner Unique": true, "Workers": [], "Plans": [{"Node Type": "Nested Loop", "Parent Relationship": "Outer", "Parallel Aware": false, "Async Capable": false, "Join Type": "Inner", "Startup Cost": 206159.63, "Total Cost": 236556.52, "Plan Rows": 1, "Plan Width": 37, "Actual Rows": 192, "Actual Loops": 4, "Inner Unique": true, "Join Filter": "(t.id = mi.movie_id)", "Rows Removed by Join Filter": 0, "Workers": [], "Plans": [{"Node Type": "Nested Loop", "Parent Relationship": "Outer", "Parallel Aware": false, "Async Capable": false, "Join Type": "Inner", "Startup Cost": 206159.2, "Total Cost": 236555.99, "Plan Rows": 1, "Plan Width": 12, "Actual Rows": 192, "Actual Loops": 4, "Inner Unique": true, "Workers": [], "Plans": [{"Node Type": "Hash Join", "Parent Relationship": "Outer", "Parallel Aware": true, "Async Capable": false, "Join Type": "Inner", "Startup Cost": 206159.07, "Total Cost": 236555.83, "Plan Rows": 1, "Plan Width": 16, "Actual Rows": 192, "Actual Loops": 4, "Inner Unique": false, "Hash Cond": "(mc.movie_id = mi.movie_id)", "Workers": [], "Plans": [{"Node Type": "Seq Scan", "Parent Relationship": "Outer", "Parallel Aware": true, "Async Capable": false, "Relation Name": "movie_companies", "Alias": "mc", "Startup Cost": 0.0, "Total Cost": 27240.55, "Plan Rows": 841655, "Plan Width": 12, "Actual Rows": 652282, "Actual Loops": 4, "Workers": []}, {"Node Type": "Hash", "Parent Relationship": "Inner", "Parallel Aware": true, "Async Capable": false, "Startup Cost": 206159.06, "Total Cost": 206159.06, "Plan Rows": 1, "Plan Width": 4, "Actual Rows": 124, "Actual Loops": 4, "Hash Buckets": 1024, "Original Hash Buckets": 1024, "Hash Batches": 1, "Original Hash Batches": 1, "Peak Memory Usage": 136, "Workers": [], "Plans": [{"Node Type": "Hash Join", "Parent Relationship": "Outer", "Parallel Aware": false, "Async Capable": false, "Join Type": "Inner", "Startup Cost": 2.43, "Total Cost": 206159.06, "Plan Rows": 1, "Plan Width": 4, "Actual Rows": 124, "Actual Loops": 4, "Inner Unique": true, "Hash Cond": "(mi.info_type_id = it1.id)", "Workers": [], "Plans": [{"Node Type": "Seq Scan", "Parent Relationship": "Outer", "Parallel Aware": true, "Async Capable": false, "Relation Name": "movie_info", "Alias": "mi", "Startup Cost": 0.0, "Total Cost": 206156.59, "Plan Rows": 15, "Plan Width": 8, "Actual Rows": 124, "Actual Loops": 4, "Filter": "(((note)::text ~~ '%internet%'::text) AND ((info)::text ~~ 'USA:%2008%'::text))", "Rows Removed by Filter": 3708806, "Workers": []}, {"Node Type": "Hash", "Parent Relationship": "Inner", "Parallel Aware": false, "Async Capable": false, "Startup Cost": 2.41, "Total Cost": 2.41, "Plan Rows": 1, "Plan Width": 4, "Actual Rows": 1, "Actual Loops": 4, "Hash Buckets": 1024, "Original Hash Buckets": 1024, "Hash Batches": 1, "Original Hash Batches": 1, "Peak Memory Usage": 9, "Workers": [], "Plans": [{"Node Type": "Seq Scan", "Parent Relationship": "Outer", "Parallel Aware": false, "Async Capable": false, "Relation Name": "info_type", "Alias": "it1", "Startup Cost": 0.0, "Total Cost": 2.41, "Plan Rows": 1, "Plan Width": 4, "Actual Rows": 1, "Actual Loops": 4, "Filter": "((info)::text = 'release dates'::text)", "Rows Removed by Filter": 112, "Workers": []}]}]}]}]}, {"Node Type": "Index Only Scan", "Parent Relationship": "Inner", "Parallel Aware": false, "Async Capable": false, "Scan Direction": "Forward", "Index Name": "company_type_pkey", "Relation Name": "company_type", "Alias": "ct", "Startup Cost": 0.13, "Total Cost": 0.15, "Plan Rows": 1, "Plan Width": 4, "Actual Rows": 1, "Actual Loops": 766, "Index Cond": "(id = mc.company_type_id)", "Rows Removed by Index Recheck": 0, "Heap Fetches": 766, "Workers": []}]}, {"Node Type": "Index Scan", "Parent Relationship": "Inner", "Parallel Aware": false, "Async Capable": false, "Scan Direction": "Forward", "Index Name": "title_pkey", "Relation Name": "title", "Alias": "t", "Startup Cost": 0.43, "Total Cost": 0.52, "Plan Rows": 1, "Plan Width": 25, "Actual Rows": 1, "Actual Loops": 766, "Index Cond": "(id = mc.movie_id)", "Rows Removed by Index Recheck": 0, "Filter": "(production_year >= 1976)", "Rows Removed by Filter": 0, "Workers": []}]}, {"Node Type": "Index Scan", "Parent Relationship": "Inner", "Parallel Aware": false, "Async Capable": false, "Scan Direction": "Forward", "Index Name": "kind_type_pkey", "Relation Name": "kind_type", "Alias": "kt", "Startup Cost": 0.13, "Total Cost": 0.15, "Plan Rows": 1, "Plan Width": 14, "Actual Rows": 0, "Actual Loops": 766, "Index Cond": "(id = t.kind_id)", "Rows Removed by Index Recheck": 0, "Filter": "((kind)::text = ANY ('{episode,movie,\"tv movie\"}'::text[]))", "Rows Removed by Filter": 1, "Workers": []}]}]}]}, {"Node Type": "Hash", "Parent Relationship": "Inner", "Parallel Aware": false, "Async Capable": false, "Startup Cost": 2818.24, "Total Cost": 2818.24, "Plan Rows": 33772, "Plan Width": 4, "Actual Rows": 24592, "Actual Loops": 4, "Hash Buckets": 65536, "Original Hash Buckets": 65536, "Hash Batches": 1, "Original Hash Batches": 1, "Peak Memory Usage": 1377, "Workers": [], "Plans": [{"Node Type": "Hash Join", "Parent Relationship": "Outer", "Parallel Aware": false, "Async Capable": false, "Join Type": "Inner", "Startup Cost": 1.06, "Total Cost": 2818.24, "Plan Rows": 33772, "Plan Width": 4, "Actual Rows": 24592, "Actual Loops": 4, "Inner Unique": true, "Hash Cond": "(cc.status_id = cct1.id)", "Workers": [], "Plans": [{"Node Type": "Seq Scan", "Parent Relationship": "Outer", "Parallel Aware": false, "Async Capable": false, "Relation Name": "complete_cast", "Alias": "cc", "Startup Cost": 0.0, "Total Cost": 2086.86, "Plan Rows": 135086, "Plan Width": 8, "Actual Rows": 135086, "Actual Loops": 4, "Workers": []}, {"Node Type": "Hash", "Parent Relationship": "Inner", "Parallel Aware": false, "Async Capable": false, "Startup Cost": 1.05, "Total Cost": 1.05, "Plan Rows": 1, "Plan Width": 4, "Actual Rows": 1, "Actual Loops": 4, "Hash Buckets": 1024, "Original Hash Buckets": 1024, "Hash Batches": 1, "Original Hash Batches": 1, "Peak Memory Usage": 9, "Workers": [], "Plans": [{"Node Type": "Seq Scan", "Parent Relationship": "Outer", "Parallel Aware": false, "Async Capable": false, "Relation Name": "comp_cast_type", "Alias": "cct1", "Startup Cost": 0.0, "Total Cost": 1.05, "Plan Rows": 1, "Plan Width": 4, "Actual Rows": 1, "Actual Loops": 4, "Filter": "((kind)::text = 'complete+verified'::text)", "Rows Removed by Filter": 3, "Workers": []}]}]}]}]}, {"Node Type": "Index Only Scan", "Parent Relationship": "Inner", "Parallel Aware": false, "Async Capable": false, "Scan Direction": "Forward", "Index Name": "keyword_pkey", "Relation Name": "keyword", "Alias": "k", "Startup Cost": 0.42, "Total Cost": 0.44, "Plan Rows": 1, "Plan Width": 4, "Actual Rows": 1, "Actual Loops": 306, "Index Cond": "(id = mk.keyword_id)", "Rows Removed by Index Recheck": 0, "Heap Fetches": 0, "Workers": []}]}, {"Node Type": "Index Scan", "Parent Relationship": "Inner", "Parallel Aware": false, "Async Capable": false, "Scan Direction": "Forward", "Index Name": "company_name_pkey", "Relation Name": "company_name", "Alias": "cn", "Startup Cost": 0.42, "Total Cost": 0.45, "Plan Rows": 1, "Plan Width": 4, "Actual Rows": 1, "Actual Loops": 306, "Index Cond": "(id = mc.company_id)", "Rows Removed by Index Recheck": 0, "Filter": "((country_code)::text = '[us]'::text)", "Rows Removed by Filter": 0, "Workers": []}]}]}]}, "Planning Time": 23.332, "Triggers": [], "Execution Time": 892.785}, {"Plan": {"Node Type": "Aggregate", "Strategy": "Plain", "Partial Mode": "Simple", "Parallel Aware": false, "Async Capable": false, "Startup Cost": 371370.16, "Total Cost": 371370.17, "Plan Rows": 1, "Plan Width": 64, "Actual Rows": 1, "Actual Loops": 1, "Plans": [{"Node Type": "Gather", "Parent Relationship": "Outer", "Parallel Aware": false, "Async Capable": false, "Startup Cost": 161972.0, "Total Cost": 371370.15, "Plan Rows": 3, "Plan Width": 27, "Actual Rows": 306, "Actual Loops": 1, "Workers Planned": 5, "Workers Launched": 5, "Single Copy": false, "Plans": [{"Node Type": "Hash Join", "Parent Relationship": "Outer", "Parallel Aware": true, "Async Capable": false, "Join Type": "Inner", "Startup Cost": 160972.0, "Total Cost": 370369.85, "Plan Rows": 1, "Plan Width": 27, "Actual Rows": 51, "Actual Loops": 6, "Inner Unique": false, "Hash Cond": "(t.id = mk.movie_id)", "Workers": [], "Plans": [{"Node Type": "Nested Loop", "Parent Relationship": "Outer", "Parallel Aware": false, "Async Capable": false, "Join Type": "Inner", "Startup Cost": 4.05, "Total Cost": 209401.4, "Plan Rows": 1, "Plan Width": 39, "Actual Rows": 0, "Actual Loops": 6, "Inner Unique": true, "Workers": [], "Plans": [{"Node Type": "Nested Loop", "Parent Relationship": "Outer", "Parallel Aware": false, "Async Capable": false, "Join Type": "Inner", "Startup Cost": 3.92, "Total Cost": 209401.24, "Plan Rows": 1, "Plan Width": 33, "Actual Rows": 0, "Actual Loops": 6, "Inner Unique": true, "Join Filter": "(t.id = mi.movie_id)", "Rows Removed by Join Filter": 0, "Workers": [], "Plans": [{"Node Type": "Nested Loop", "Parent Relationship": "Outer", "Parallel Aware": false, "Async Capable": false, "Join Type": "Inner", "Startup Cost": 3.49, "Total Cost": 209399.45, "Plan Rows": 1, "Plan Width": 8, "Actual Rows": 0, "Actual Loops": 6, "Inner Unique": false, "Join Filter": "(cc.movie_id = mi.movie_id)", "Rows Removed by Join Filter": 2028840, "Workers": [], "Plans": [{"Node Type": "Hash Join", "Parent Relationship": "Outer", "Parallel Aware": false, "Async Capable": false, "Join Type": "Inner", "Startup Cost": 2.43, "Total Cost": 206159.06, "Plan Rows": 1, "Plan Width": 4, "Actual Rows": 82, "Actual Loops": 6, "Inner Unique": true, "Hash Cond": "(mi.info_type_id = it1.id)", "Workers": [], "Plans": [{"Node Type": "Seq Scan", "Parent Relationship": "Outer", "Parallel Aware": true, "Async Capable": false, "Relation Name": "movie_info", "Alias": "mi", "Startup Cost": 0.0, "Total Cost": 206156.59, "Plan Rows": 15, "Plan Width": 8, "Actual Rows": 82, "Actual Loops": 6, "Filter": "(((note)::text ~~ '%internet%'::text) AND ((info)::text ~~ 'USA:%2008%'::text))", "Rows Removed by Filter": 2472538, "Workers": []}, {"Node Type": "Hash", "Parent Relationship": "Inner", "Parallel Aware": false, "Async Capable": false, "Startup Cost": 2.41, "Total Cost": 2.41, "Plan Rows": 1, "Plan Width": 4, "Actual Rows": 1, "Actual Loops": 6, "Hash Buckets": 1024, "Original Hash Buckets": 1024, "Hash Batches": 1, "Original Hash Batches": 1, "Peak Memory Usage": 9, "Workers": [], "Plans": [{"Node Type": "Seq Scan", "Parent Relationship": "Outer", "Parallel Aware": false, "Async Capable": false, "Relation Name": "info_type", "Alias": "it1", "Startup Cost": 0.0, "Total Cost": 2.41, "Plan Rows": 1, "Plan Width": 4, "Actual Rows": 1, "Actual Loops": 6, "Filter": "((info)::text = 'release dates'::text)", "Rows Removed by Filter": 112, "Workers": []}]}]}, {"Node Type": "Hash Join", "Parent Relationship": "Inner", "Parallel Aware": false, "Async Capable": false, "Join Type": "Inner", "Startup Cost": 1.06, "Total Cost": 2818.24, "Plan Rows": 33772, "Plan Width": 4, "Actual Rows": 24592, "Actual Loops": 495, "Inner Unique": true, "Hash Cond": "(cc.status_id = cct1.id)", "Workers": [], "Plans": [{"Node Type": "Seq Scan", "Parent Relationship": "Outer", "Parallel Aware": false, "Async Capable": false, "Relation Name": "complete_cast", "Alias": "cc", "Startup Cost": 0.0, "Total Cost": 2086.86, "Plan Rows": 135086, "Plan Width": 8, "Actual Rows": 135086, "Actual Loops": 495, "Workers": []}, {"Node Type": "Hash", "Parent Relationship": "Inner", "Parallel Aware": false, "Async Capable": false, "Startup Cost": 1.05, "Total Cost": 1.05, "Plan Rows": 1, "Plan Width": 4, "Actual Rows": 1, "Actual Loops": 6, "Hash Buckets": 1024, "Original Hash Buckets": 1024, "Hash Batches": 1, "Original Hash Batches": 1, "Peak Memory Usage": 9, "Workers": [], "Plans": [{"Node Type": "Seq Scan", "Parent Relationship": "Outer", "Parallel Aware": false, "Async Capable": false, "Relation Name": "comp_cast_type", "Alias": "cct1", "Startup Cost": 0.0, "Total Cost": 1.05, "Plan Rows": 1, "Plan Width": 4, "Actual Rows": 1, "Actual Loops": 6, "Filter": "((kind)::text = 'complete+verified'::text)", "Rows Removed by Filter": 3, "Workers": []}]}]}]}, {"Node Type": "Index Scan", "Parent Relationship": "Inner", "Parallel Aware": false, "Async Capable": false, "Scan Direction": "Forward", "Index Name": "title_pkey", "Relation Name": "title", "Alias": "t", "Startup Cost": 0.43, "Total Cost": 1.78, "Plan Rows": 1, "Plan Width": 25, "Actual Rows": 1, "Actual Loops": 2, "Index Cond": "(id = cc.movie_id)", "Rows Removed by Index Recheck": 0, "Filter": "(production_year >= 1976)", "Rows Removed by Filter": 0, "Workers": []}]}, {"Node Type": "Index Scan", "Parent Relationship": "Inner", "Parallel Aware": false, "Async Capable": false, "Scan Direction": "Forward", "Index Name": "kind_type_pkey", "Relation Name": "kind_type", "Alias": "kt", "Startup Cost": 0.13, "Total Cost": 0.15, "Plan Rows": 1, "Plan Width": 14, "Actual Rows": 1, "Actual Loops": 2, "Index Cond": "(id = t.kind_id)", "Rows Removed by Index Recheck": 0, "Filter": "((kind)::text = ANY ('{episode,movie,\"tv movie\"}'::text[]))", "Rows Removed by Filter": 0, "Workers": []}]}, {"Node Type": "Hash", "Parent Relationship": "Inner", "Parallel Aware": true, "Async Capable": false, "Startup Cost": 131330.37, "Total Cost": 131330.37, "Plan Rows": 2371007, "Plan Width": 8, "Actual Rows": 2029605, "Actual Loops": 6, "Hash Buckets": 16777216, "Original Hash Buckets": 8388608, "Hash Batches": 1, "Original Hash Batches": 1, "Peak Memory Usage": 673056, "Workers": [], "Plans": [{"Node Type": "Hash Join", "Parent Relationship": "Outer", "Parallel Aware": true, "Async Capable": false, "Join Type": "Inner", "Startup Cost": 44294.48, "Total Cost": 131330.37, "Plan Rows": 2371007, "Plan Width": 8, "Actual Rows": 2029605, "Actual Loops": 6, "Inner Unique": false, "Hash Cond": "(mk.movie_id = mc.movie_id)", "Workers": [], "Plans": [{"Node Type": "Hash Join", "Parent Relationship": "Outer", "Parallel Aware": true, "Async Capable": false, "Join Type": "Inner", "Startup Cost": 4006.02, "Total Cost": 46910.21, "Plan Rows": 1459332, "Plan Width": 4, "Actual Rows": 753988, "Actual Loops": 6, "Inner Unique": true, "Hash Cond": "(mk.keyword_id = k.id)", "Workers": [], "Plans": [{"Node Type": "Seq Scan", "Parent Relationship": "Outer", "Parallel Aware": true, "Async Capable": false, "Relation Name": "movie_keyword", "Alias": "mk", "Startup Cost": 0.0, "Total Cost": 39073.32, "Plan Rows": 1459332, "Plan Width": 8, "Actual Rows": 753988, "Actual Loops": 6, "Workers": []}, {"Node Type": "Hash", "Parent Relationship": "Inner", "Parallel Aware": true, "Async Capable": false, "Startup Cost": 3307.22, "Total Cost": 3307.22, "Plan Rows": 55904, "Plan Width": 4, "Actual Rows": 22362, "Actual Loops": 6, "Hash Buckets": 262144, "Original Hash Buckets": 262144, "Hash Batches": 1, "Original Hash Batches": 1, "Peak Memory Usage": 7392, "Workers": [], "Plans": [{"Node Type": "Index Only Scan", "Parent Relationship": "Outer", "Parallel Aware": true, "Async Capable": false, "Scan Direction": "Forward", "Index Name": "keyword_pkey", "Relation Name": "keyword", "Alias": "k", "Startup Cost": 0.42, "Total Cost": 3307.22, "Plan Rows": 55904, "Plan Width": 4, "Actual Rows": 22362, "Actual Loops": 6, "Heap Fetches": 0, "Workers": []}]}]}, {"Node Type": "Hash", "Parent Relationship": "Inner", "Parallel Aware": true, "Async Capable": false, "Startup Cost": 36487.27, "Total Cost": 36487.27, "Plan Rows": 304095, "Plan Width": 4, "Actual Rows": 192300, "Actual Loops": 6, "Hash Buckets": 2097152, "Original Hash Buckets": 1048576, "Hash Batches": 1, "Original Hash Batches": 1, "Peak Memory Usage": 69824, "Workers": [], "Plans": [{"Node Type": "Hash Join", "Parent Relationship": "Outer", "Parallel Aware": false, "Async Capable": false, "Join Type": "Inner", "Startup Cost": 5393.32, "Total Cost": 36487.27, "Plan Rows": 304095, "Plan Width": 4, "Actual Rows": 192300, "Actual Loops": 6, "Inner Unique": true, "Hash Cond": "(mc.company_type_id = ct.id)", "Workers": [], "Plans": [{"Node Type": "Hash Join", "Parent Relationship": "Outer", "Parallel Aware": true, "Async Capable": false, "Join Type": "Inner", "Startup Cost": 5392.23, "Total Cost": 34842.17, "Plan Rows": 304095, "Plan Width": 8, "Actual Rows": 192300, "Actual Loops": 6, "Inner Unique": true, "Hash Cond": "(mc.company_id = cn.id)", "Workers": [], "Plans": [{"Node Type": "Seq Scan", "Parent Relationship": "Outer", "Parallel Aware": true, "Async Capable": false, "Relation Name": "movie_companies", "Alias": "mc", "Startup Cost": 0.0, "Total Cost": 27240.55, "Plan Rows": 841655, "Plan Width": 12, "Actual Rows": 434855, "Actual Loops": 6, "Workers": []}, {"Node Type": "Hash", "Parent Relationship": "Inner", "Parallel Aware": true, "Async Capable": false, "Startup Cost": 4767.92, "Total Cost": 4767.92, "Plan Rows": 49945, "Plan Width": 4, "Actual Rows": 14140, "Actual Loops": 6, "Hash Buckets": 131072, "Original Hash Buckets": 131072, "Hash Batches": 1, "Original Hash Batches": 1, "Peak Memory Usage": 4416, "Workers": [], "Plans": [{"Node Type": "Seq Scan", "Parent Relationship": "Outer", "Parallel Aware": true, "Async Capable": false, "Relation Name": "company_name", "Alias": "cn", "Startup Cost": 0.0, "Total Cost": 4767.92, "Plan Rows": 49945, "Plan Width": 4, "Actual Rows": 14140, "Actual Loops": 6, "Filter": "((country_code)::text = '[us]'::text)", "Rows Removed by Filter": 25026, "Workers": []}]}]}, {"Node Type": "Hash", "Parent Relationship": "Inner", "Parallel Aware": false, "Async Capable": false, "Startup Cost": 1.04, "Total Cost": 1.04, "Plan Rows": 4, "Plan Width": 4, "Actual Rows": 4, "Actual Loops": 6, "Hash Buckets": 1024, "Original Hash Buckets": 1024, "Hash Batches": 1, "Original Hash Batches": 1, "Peak Memory Usage": 9, "Workers": [], "Plans": [{"Node Type": "Seq Scan", "Parent Relationship": "Outer", "Parallel Aware": false, "Async Capable": false, "Relation Name": "company_type", "Alias": "ct", "Startup Cost": 0.0, "Total Cost": 1.04, "Plan Rows": 4, "Plan Width": 4, "Actual Rows": 4, "Actual Loops": 6, "Workers": []}]}]}]}]}]}]}]}]}, "Planning Time": 22.188, "Triggers": [], "Execution Time": 3124.897}, {"Plan": {"Node Type": "Aggregate", "Strategy": "Plain", "Partial Mode": "Simple", "Parallel Aware": false, "Async Capable": false, "Startup Cost": 304717.64, "Total Cost": 304717.65, "Plan Rows": 1, "Plan Width": 64, "Actual Rows": 1, "Actual Loops": 1, "Plans": [{"Node Type": "Gather", "Parent Relationship": "Outer", "Parallel Aware": false, "Async Capable": false, "Startup Cost": 259840.02, "Total Cost": 304717.62, "Plan Rows": 3, "Plan Width": 27, "Actual Rows": 306, "Actual Loops": 1, "Workers Planned": 3, "Workers Launched": 3, "Single Copy": false, "Plans": [{"Node Type": "Hash Join", "Parent Relationship": "Outer", "Parallel Aware": true, "Async Capable": false, "Join Type": "Inner", "Startup Cost": 258840.02, "Total Cost": 303717.32, "Plan Rows": 1, "Plan Width": 27, "Actual Rows": 76, "Actual Loops": 4, "Inner Unique": false, "Hash Cond": "(t.id = mi.movie_id)", "Workers": [], "Plans": [{"Node Type": "Hash Join", "Parent Relationship": "Outer", "Parallel Aware": true, "Async Capable": false, "Join Type": "Inner", "Startup Cost": 52680.94, "Total Cost": 97383.54, "Plan Rows": 46587, "Plan Width": 43, "Actual Rows": 735822, "Actual Loops": 4, "Inner Unique": true, "Hash Cond": "(mk.keyword_id = k.id)", "Workers": [], "Plans": [{"Node Type": "Hash Join", "Parent Relationship": "Outer", "Parallel Aware": true, "Async Capable": false, "Join Type": "Inner", "Startup Cost": 48674.93, "Total Cost": 93255.24, "Plan Rows": 46587, "Plan Width": 47, "Actual Rows": 735822, "Actual Loops": 4, "Inner Unique": false, "Hash Cond": "(mk.movie_id = t.id)", "Workers": [], "Plans": [{"Node Type": "Seq Scan", "Parent Relationship": "Outer", "Parallel Aware": true, "Async Capable": false, "Relation Name": "movie_keyword", "Alias": "mk", "Startup Cost": 0.0, "Total Cost": 39073.32, "Plan Rows": 1459332, "Plan Width": 8, "Actual Rows": 1130982, "Actual Loops": 4, "Workers": []}, {"Node Type": "Hash", "Parent Relationship": "Inner", "Parallel Aware": true, "Async Capable": false, "Startup Cost": 48600.24, "Total Cost": 48600.24, "Plan Rows": 5975, "Plan Width": 39, "Actual Rows": 9632, "Actual Loops": 4, "Hash Buckets": 65536, "Original Hash Buckets": 32768, "Hash Batches": 1, "Original Hash Batches": 1, "Peak Memory Usage": 3520, "Workers": [], "Plans": [{"Node Type": "Hash Join", "Parent Relationship": "Outer", "Parallel Aware": false, "Async Capable": false, "Join Type": "Inner", "Startup Cost": 8635.27, "Total Cost": 48600.24, "Plan Rows": 5975, "Plan Width": 39, "Actual Rows": 9632, "Actual Loops": 4, "Inner Unique": true, "Hash Cond": "(mc.company_type_id = ct.id)", "Workers": [], "Plans": [{"Node Type": "Hash Join", "Parent Relationship": "Outer", "Parallel Aware": false, "Async Capable": false, "Join Type": "Inner", "Startup Cost": 8634.18, "Total Cost": 48566.85, "Plan Rows": 5975, "Plan Width": 43, "Actual Rows": 9632, "Actual Loops": 4, "Inner Unique": true, "Hash Cond": "(t.kind_id = kt.id)", "Workers": [], "Plans": [{"Node Type": "Nested Loop", "Parent Relationship": "Outer", "Parallel Aware": false, "Async Capable": false, "Join Type": "Inner", "Startup Cost": 8633.05, "Total Cost": 48506.95, "Plan Rows": 13942, "Plan Width": 37, "Actual Rows": 10016, "Actual Loops": 4, "Inner Unique": true, "Workers": [], "Plans": [{"Node Type": "Hash Join", "Parent Relationship": "Outer", "Parallel Aware": false, "Async Capable": false, "Join Type": "Inner", "Startup Cost": 8632.62, "Total Cost": 39398.41, "Plan Rows": 17550, "Plan Width": 12, "Actual Rows": 26322, "Actual Loops": 4, "Inner Unique": false, "Hash Cond": "(mc.movie_id = cc.movie_id)", "Workers": [], "Plans": [{"Node Type": "Hash Join", "Parent Relationship": "Outer", "Parallel Aware": true, "Async Capable": false, "Join Type": "Inner", "Startup Cost": 5392.23, "Total Cost": 34842.17, "Plan Rows": 304095, "Plan Width": 8, "Actual Rows": 288450, "Actual Loops": 4, "Inner Unique": true, "Hash Cond": "(mc.company_id = cn.id)", "Workers": [], "Plans": [{"Node Type": "Seq Scan", "Parent Relationship": "Outer", "Parallel Aware": true, "Async Capable": false, "Relation Name": "movie_companies", "Alias": "mc", "Startup Cost": 0.0, "Total Cost": 27240.55, "Plan Rows": 841655, "Plan Width": 12, "Actual Rows": 652282, "Actual Loops": 4, "Workers": []}, {"Node Type": "Hash", "Parent Relationship": "Inner", "Parallel Aware": true, "Async Capable": false, "Startup Cost": 4767.92, "Total Cost": 4767.92, "Plan Rows": 49945, "Plan Width": 4, "Actual Rows": 21211, "Actual Loops": 4, "Hash Buckets": 131072, "Original Hash Buckets": 131072, "Hash Batches": 1, "Original Hash Batches": 1, "Peak Memory Usage": 4416, "Workers": [], "Plans": [{"Node Type": "Seq Scan", "Parent Relationship": "Outer", "Parallel Aware": true, "Async Capable": false, "Relation Name": "company_name", "Alias": "cn", "Startup Cost": 0.0, "Total Cost": 4767.92, "Plan Rows": 49945, "Plan Width": 4, "Actual Rows": 21211, "Actual Loops": 4, "Filter": "((country_code)::text = '[us]'::text)", "Rows Removed by Filter": 37538, "Workers": []}]}]}, {"Node Type": "Hash", "Parent Relationship": "Inner", "Parallel Aware": false, "Async Capable": false, "Startup Cost": 2818.24, "Total Cost": 2818.24, "Plan Rows": 33772, "Plan Width": 4, "Actual Rows": 24592, "Actual Loops": 4, "Hash Buckets": 65536, "Original Hash Buckets": 65536, "Hash Batches": 1, "Original Hash Batches": 1, "Peak Memory Usage": 1377, "Workers": [], "Plans": [{"Node Type": "Hash Join", "Parent Relationship": "Outer", "Parallel Aware": false, "Async Capable": false, "Join Type": "Inner", "Startup Cost": 1.06, "Total Cost": 2818.24, "Plan Rows": 33772, "Plan Width": 4, "Actual Rows": 24592, "Actual Loops": 4, "Inner Unique": true, "Hash Cond": "(cc.status_id = cct1.id)", "Workers": [], "Plans": [{"Node Type": "Seq Scan", "Parent Relationship": "Outer", "Parallel Aware": false, "Async Capable": false, "Relation Name": "complete_cast", "Alias": "cc", "Startup Cost": 0.0, "Total Cost": 2086.86, "Plan Rows": 135086, "Plan Width": 8, "Actual Rows": 135086, "Actual Loops": 4, "Workers": []}, {"Node Type": "Hash", "Parent Relationship": "Inner", "Parallel Aware": false, "Async Capable": false, "Startup Cost": 1.05, "Total Cost": 1.05, "Plan Rows": 1, "Plan Width": 4, "Actual Rows": 1, "Actual Loops": 4, "Hash Buckets": 1024, "Original Hash Buckets": 1024, "Hash Batches": 1, "Original Hash Batches": 1, "Peak Memory Usage": 9, "Workers": [], "Plans": [{"Node Type": "Seq Scan", "Parent Relationship": "Outer", "Parallel Aware": false, "Async Capable": false, "Relation Name": "comp_cast_type", "Alias": "cct1", "Startup Cost": 0.0, "Total Cost": 1.05, "Plan Rows": 1, "Plan Width": 4, "Actual Rows": 1, "Actual Loops": 4, "Filter": "((kind)::text = 'complete+verified'::text)", "Rows Removed by Filter": 3, "Workers": []}]}]}]}]}, {"Node Type": "Index Scan", "Parent Relationship": "Inner", "Parallel Aware": false, "Async Capable": false, "Scan Direction": "Forward", "Index Name": "title_pkey", "Relation Name": "title", "Alias": "t", "Startup Cost": 0.43, "Total Cost": 0.52, "Plan Rows": 1, "Plan Width": 25, "Actual Rows": 0, "Actual Loops": 105289, "Index Cond": "(id = mc.movie_id)", "Rows Removed by Index Recheck": 0, "Filter": "(production_year >= 1976)", "Rows Removed by Filter": 1, "Workers": []}]}, {"Node Type": "Hash", "Parent Relationship": "Inner", "Parallel Aware": false, "Async Capable": false, "Startup Cost": 1.1, "Total Cost": 1.1, "Plan Rows": 3, "Plan Width": 14, "Actual Rows": 3, "Actual Loops": 4, "Hash Buckets": 1024, "Original Hash Buckets": 1024, "Hash Batches": 1, "Original Hash Batches": 1, "Peak Memory Usage": 9, "Workers": [], "Plans": [{"Node Type": "Seq Scan", "Parent Relationship": "Outer", "Parallel Aware": false, "Async Capable": false, "Relation Name": "kind_type", "Alias": "kt", "Startup Cost": 0.0, "Total Cost": 1.1, "Plan Rows": 3, "Plan Width": 14, "Actual Rows": 3, "Actual Loops": 4, "Filter": "((kind)::text = ANY ('{episode,movie,\"tv movie\"}'::text[]))", "Rows Removed by Filter": 4, "Workers": []}]}]}, {"Node Type": "Hash", "Parent Relationship": "Inner", "Parallel Aware": false, "Async Capable": false, "Startup Cost": 1.04, "Total Cost": 1.04, "Plan Rows": 4, "Plan Width": 4, "Actual Rows": 4, "Actual Loops": 4, "Hash Buckets": 1024, "Original Hash Buckets": 1024, "Hash Batches": 1, "Original Hash Batches": 1, "Peak Memory Usage": 9, "Workers": [], "Plans": [{"Node Type": "Seq Scan", "Parent Relationship": "Outer", "Parallel Aware": false, "Async Capable": false, "Relation Name": "company_type", "Alias": "ct", "Startup Cost": 0.0, "Total Cost": 1.04, "Plan Rows": 4, "Plan Width": 4, "Actual Rows": 4, "Actual Loops": 4, "Workers": []}]}]}]}]}, {"Node Type": "Hash", "Parent Relationship": "Inner", "Parallel Aware": true, "Async Capable": false, "Startup Cost": 3307.22, "Total Cost": 3307.22, "Plan Rows": 55904, "Plan Width": 4, "Actual Rows": 33542, "Actual Loops": 4, "Hash Buckets": 262144, "Original Hash Buckets": 262144, "Hash Batches": 1, "Original Hash Batches": 1, "Peak Memory Usage": 7392, "Workers": [], "Plans": [{"Node Type": "Index Only Scan", "Parent Relationship": "Outer", "Parallel Aware": true, "Async Capable": false, "Scan Direction": "Forward", "Index Name": "keyword_pkey", "Relation Name": "keyword", "Alias": "k", "Startup Cost": 0.42, "Total Cost": 3307.22, "Plan Rows": 55904, "Plan Width": 4, "Actual Rows": 33542, "Actual Loops": 4, "Heap Fetches": 0, "Workers": []}]}]}, {"Node Type": "Hash", "Parent Relationship": "Inner", "Parallel Aware": true, "Async Capable": false, "Startup Cost": 206159.06, "Total Cost": 206159.06, "Plan Rows": 1, "Plan Width": 4, "Actual Rows": 124, "Actual Loops": 4, "Hash Buckets": 1024, "Original Hash Buckets": 1024, "Hash Batches": 1, "Original Hash Batches": 1, "Peak Memory Usage": 136, "Workers": [], "Plans": [{"Node Type": "Hash Join", "Parent Relationship": "Outer", "Parallel Aware": false, "Async Capable": false, "Join Type": "Inner", "Startup Cost": 2.43, "Total Cost": 206159.06, "Plan Rows": 1, "Plan Width": 4, "Actual Rows": 124, "Actual Loops": 4, "Inner Unique": true, "Hash Cond": "(mi.info_type_id = it1.id)", "Workers": [], "Plans": [{"Node Type": "Seq Scan", "Parent Relationship": "Outer", "Parallel Aware": true, "Async Capable": false, "Relation Name": "movie_info", "Alias": "mi", "Startup Cost": 0.0, "Total Cost": 206156.59, "Plan Rows": 15, "Plan Width": 8, "Actual Rows": 124, "Actual Loops": 4, "Filter": "(((note)::text ~~ '%internet%'::text) AND ((info)::text ~~ 'USA:%2008%'::text))", "Rows Removed by Filter": 3708806, "Workers": []}, {"Node Type": "Hash", "Parent Relationship": "Inner", "Parallel Aware": false, "Async Capable": false, "Startup Cost": 2.41, "Total Cost": 2.41, "Plan Rows": 1, "Plan Width": 4, "Actual Rows": 1, "Actual Loops": 4, "Hash Buckets": 1024, "Original Hash Buckets": 1024, "Hash Batches": 1, "Original Hash Batches": 1, "Peak Memory Usage": 9, "Workers": [], "Plans": [{"Node Type": "Seq Scan", "Parent Relationship": "Outer", "Parallel Aware": false, "Async Capable": false, "Relation Name": "info_type", "Alias": "it1", "Startup Cost": 0.0, "Total Cost": 2.41, "Plan Rows": 1, "Plan Width": 4, "Actual Rows": 1, "Actual Loops": 4, "Filter": "((info)::text = 'release dates'::text)", "Rows Removed by Filter": 112, "Workers": []}]}]}]}]}]}]}, "Planning Time": 25.438, "Triggers": [], "Execution Time": 1557.4}, {"Plan": {"Node Type": "Aggregate", "Strategy": "Plain", "Partial Mode": "Simple", "Parallel Aware": false, "Async Capable": false, "Startup Cost": 285344.11, "Total Cost": 285344.12, "Plan Rows": 1, "Plan Width": 64, "Actual Rows": 1, "Actual Loops": 1, "Plans": [{"Node Type": "Gather", "Parent Relationship": "Outer", "Parallel Aware": false, "Async Capable": false, "Startup Cost": 237558.62, "Total Cost": 285344.09, "Plan Rows": 3, "Plan Width": 27, "Actual Rows": 306, "Actual Loops": 1, "Workers Planned": 3, "Workers Launched": 3, "Single Copy": false, "Plans": [{"Node Type": "Nested Loop", "Parent Relationship": "Outer", "Parallel Aware": false, "Async Capable": false, "Join Type": "Inner", "Startup Cost": 236558.62, "Total Cost": 284343.79, "Plan Rows": 1, "Plan Width": 27, "Actual Rows": 76, "Actual Loops": 4, "Inner Unique": false, "Join Filter": "(t.id = cc.movie_id)", "Rows Removed by Join Filter": 5766748, "Workers": [], "Plans": [{"Node Type": "Nested Loop", "Parent Relationship": "Outer", "Parallel Aware": false, "Async Capable": false, "Join Type": "Inner", "Startup Cost": 236557.56, "Total Cost": 281103.41, "Plan Rows": 1, "Plan Width": 43, "Actual Rows": 234, "Actual Loops": 4, "Inner Unique": true, "Workers": [], "Plans": [{"Node Type": "Hash Join", "Parent Relationship": "Outer", "Parallel Aware": true, "Async Capable": false, "Join Type": "Inner", "Startup Cost": 236557.14, "Total Cost": 281102.97, "Plan Rows": 1, "Plan Width": 47, "Actual Rows": 234, "Actual Loops": 4, "Inner Unique": false, "Hash Cond": "(mk.movie_id = t.id)", "Workers": [], "Plans": [{"Node Type": "Seq Scan", "Parent Relationship": "Outer", "Parallel Aware": true, "Async Capable": false, "Relation Name": "movie_keyword", "Alias": "mk", "Startup Cost": 0.0, "Total Cost": 39073.32, "Plan Rows": 1459332, "Plan Width": 8, "Actual Rows": 1130982, "Actual Loops": 4, "Workers": []}, {"Node Type": "Hash", "Parent Relationship": "Inner", "Parallel Aware": true, "Async Capable": false, "Startup Cost": 236557.13, "Total Cost": 236557.13, "Plan Rows": 1, "Plan Width": 39, "Actual Rows": 84, "Actual Loops": 4, "Hash Buckets": 1024, "Original Hash Buckets": 1024, "Hash Batches": 1, "Original Hash Batches": 1, "Peak Memory Usage": 136, "Workers": [], "Plans": [{"Node Type": "Nested Loop", "Parent Relationship": "Outer", "Parallel Aware": false, "Async Capable": false, "Join Type": "Inner", "Startup Cost": 206160.18, "Total Cost": 236557.13, "Plan Rows": 1, "Plan Width": 39, "Actual Rows": 84, "Actual Loops": 4, "Inner Unique": true, "Workers": [], "Plans": [{"Node Type": "Nested Loop", "Parent Relationship": "Outer", "Parallel Aware": false, "Async Capable": false, "Join Type": "Inner", "Startup Cost": 206160.05, "Total Cost": 236556.96, "Plan Rows": 1, "Plan Width": 33, "Actual Rows": 177, "Actual Loops": 4, "Inner Unique": true, "Join Filter": "(t.id = mi.movie_id)", "Rows Removed by Join Filter": 0, "Workers": [], "Plans": [{"Node Type": "Nested Loop", "Parent Relationship": "Outer", "Parallel Aware": false, "Async Capable": false, "Join Type": "Inner", "Startup Cost": 206159.62, "Total Cost": 236556.43, "Plan Rows": 1, "Plan Width": 8, "Actual Rows": 177, "Actual Loops": 4, "Inner Unique": true, "Workers": [], "Plans": [{"Node Type": "Nested Loop", "Parent Relationship": "Outer", "Parallel Aware": false, "Async Capable": false, "Join Type": "Inner", "Startup Cost": 206159.49, "Total Cost": 236556.28, "Plan Rows": 1, "Plan Width": 12, "Actual Rows": 177, "Actual Loops": 4, "Inner Unique": true, "Workers": [], "Plans": [{"Node Type": "Hash Join", "Parent Relationship": "Outer", "Parallel Aware": true, "Async Capable": false, "Join Type": "Inner", "Startup Cost": 206159.07, "Total Cost": 236555.83, "Plan Rows": 1, "Plan Width": 16, "Actual Rows": 192, "Actual Loops": 4, "Inner Unique": false, "Hash Cond": "(mc.movie_id = mi.movie_id)", "Workers": [], "Plans": [{"Node Type": "Seq Scan", "Parent Relationship": "Outer", "Parallel Aware": true, "Async Capable": false, "Relation Name": "movie_companies", "Alias": "mc", "Startup Cost": 0.0, "Total Cost": 27240.55, "Plan Rows": 841655, "Plan Width": 12, "Actual Rows": 652282, "Actual Loops": 4, "Workers": []}, {"Node Type": "Hash", "Parent Relationship": "Inner", "Parallel Aware": true, "Async Capable": false, "Startup Cost": 206159.06, "Total Cost": 206159.06, "Plan Rows": 1, "Plan Width": 4, "Actual Rows": 124, "Actual Loops": 4, "Hash Buckets": 1024, "Original Hash Buckets": 1024, "Hash Batches": 1, "Original Hash Batches": 1, "Peak Memory Usage": 136, "Workers": [], "Plans": [{"Node Type": "Hash Join", "Parent Relationship": "Outer", "Parallel Aware": false, "Async Capable": false, "Join Type": "Inner", "Startup Cost": 2.43, "Total Cost": 206159.06, "Plan Rows": 1, "Plan Width": 4, "Actual Rows": 124, "Actual Loops": 4, "Inner Unique": true, "Hash Cond": "(mi.info_type_id = it1.id)", "Workers": [], "Plans": [{"Node Type": "Seq Scan", "Parent Relationship": "Outer", "Parallel Aware": true, "Async Capable": false, "Relation Name": "movie_info", "Alias": "mi", "Startup Cost": 0.0, "Total Cost": 206156.59, "Plan Rows": 15, "Plan Width": 8, "Actual Rows": 124, "Actual Loops": 4, "Filter": "(((note)::text ~~ '%internet%'::text) AND ((info)::text ~~ 'USA:%2008%'::text))", "Rows Removed by Filter": 3708806, "Workers": []}, {"Node Type": "Hash", "Parent Relationship": "Inner", "Parallel Aware": false, "Async Capable": false, "Startup Cost": 2.41, "Total Cost": 2.41, "Plan Rows": 1, "Plan Width": 4, "Actual Rows": 1, "Actual Loops": 4, "Hash Buckets": 1024, "Original Hash Buckets": 1024, "Hash Batches": 1, "Original Hash Batches": 1, "Peak Memory Usage": 9, "Workers": [], "Plans": [{"Node Type": "Seq Scan", "Parent Relationship": "Outer", "Parallel Aware": false, "Async Capable": false, "Relation Name": "info_type", "Alias": "it1", "Startup Cost": 0.0, "Total Cost": 2.41, "Plan Rows": 1, "Plan Width": 4, "Actual Rows": 1, "Actual Loops": 4, "Filter": "((info)::text = 'release dates'::text)", "Rows Removed by Filter": 112, "Workers": []}]}]}]}]}, {"Node Type": "Index Scan", "Parent Relationship": "Inner", "Parallel Aware": false, "Async Capable": false, "Scan Direction": "Forward", "Index Name": "company_name_pkey", "Relation Name": "company_name", "Alias": "cn", "Startup Cost": 0.42, "Total Cost": 0.45, "Plan Rows": 1, "Plan Width": 4, "Actual Rows": 1, "Actual Loops": 766, "Index Cond": "(id = mc.company_id)", "Rows Removed by Index Recheck": 0, "Filter": "((country_code)::text = '[us]'::text)", "Rows Removed by Filter": 0, "Workers": []}]}, {"Node Type": "Index Only Scan", "Parent Relationship": "Inner", "Parallel Aware": false, "Async Capable": false, "Scan Direction": "Forward", "Index Name": "company_type_pkey", "Relation Name": "company_type", "Alias": "ct", "Startup Cost": 0.13, "Total Cost": 0.15, "Plan Rows": 1, "Plan Width": 4, "Actual Rows": 1, "Actual Loops": 707, "Index Cond": "(id = mc.company_type_id)", "Rows Removed by Index Recheck": 0, "Heap Fetches": 707, "Workers": []}]}, {"Node Type": "Index Scan", "Parent Relationship": "Inner", "Parallel Aware": false, "Async Capable": false, "Scan Direction": "Forward", "Index Name": "title_pkey", "Relation Name": "title", "Alias": "t", "Startup Cost": 0.43, "Total Cost": 0.52, "Plan Rows": 1, "Plan Width": 25, "Actual Rows": 1, "Actual Loops": 707, "Index Cond": "(id = mc.movie_id)", "Rows Removed by Index Recheck": 0, "Filter": "(production_year >= 1976)", "Rows Removed by Filter": 0, "Workers": []}]}, {"Node Type": "Index Scan", "Parent Relationship": "Inner", "Parallel Aware": false, "Async Capable": false, "Scan Direction": "Forward", "Index Name": "kind_type_pkey", "Relation Name": "kind_type", "Alias": "kt", "Startup Cost": 0.13, "Total Cost": 0.15, "Plan Rows": 1, "Plan Width": 14, "Actual Rows": 0, "Actual Loops": 707, "Index Cond": "(id = t.kind_id)", "Rows Removed by Index Recheck": 0, "Filter": "((kind)::text = ANY ('{episode,movie,\"tv movie\"}'::text[]))", "Rows Removed by Filter": 1, "Workers": []}]}]}]}, {"Node Type": "Index Only Scan", "Parent Relationship": "Inner", "Parallel Aware": false, "Async Capable": false, "Scan Direction": "Forward", "Index Name": "keyword_pkey", "Relation Name": "keyword", "Alias": "k", "Startup Cost": 0.42, "Total Cost": 0.44, "Plan Rows": 1, "Plan Width": 4, "Actual Rows": 1, "Actual Loops": 938, "Index Cond": "(id = mk.keyword_id)", "Rows Removed by Index Recheck": 0, "Heap Fetches": 0, "Workers": []}]}, {"Node Type": "Hash Join", "Parent Relationship": "Inner", "Parallel Aware": false, "Async Capable": false, "Join Type": "Inner", "Startup Cost": 1.06, "Total Cost": 2818.24, "Plan Rows": 33772, "Plan Width": 4, "Actual Rows": 24592, "Actual Loops": 938, "Inner Unique": true, "Hash Cond": "(cc.status_id = cct1.id)", "Workers": [], "Plans": [{"Node Type": "Seq Scan", "Parent Relationship": "Outer", "Parallel Aware": false, "Async Capable": false, "Relation Name": "complete_cast", "Alias": "cc", "Startup Cost": 0.0, "Total Cost": 2086.86, "Plan Rows": 135086, "Plan Width": 8, "Actual Rows": 135086, "Actual Loops": 938, "Workers": []}, {"Node Type": "Hash", "Parent Relationship": "Inner", "Parallel Aware": false, "Async Capable": false, "Startup Cost": 1.05, "Total Cost": 1.05, "Plan Rows": 1, "Plan Width": 4, "Actual Rows": 1, "Actual Loops": 4, "Hash Buckets": 1024, "Original Hash Buckets": 1024, "Hash Batches": 1, "Original Hash Batches": 1, "Peak Memory Usage": 9, "Workers": [], "Plans": [{"Node Type": "Seq Scan", "Parent Relationship": "Outer", "Parallel Aware": false, "Async Capable": false, "Relation Name": "comp_cast_type", "Alias": "cct1", "Startup Cost": 0.0, "Total Cost": 1.05, "Plan Rows": 1, "Plan Width": 4, "Actual Rows": 1, "Actual Loops": 4, "Filter": "((kind)::text = 'complete+verified'::text)", "Rows Removed by Filter": 3, "Workers": []}]}]}]}]}]}, "Planning Time": 16.999, "Triggers": [], "Execution Time": 4347.486}, {"Plan": {"Node Type": "Aggregate", "Strategy": "Plain", "Partial Mode": "Simple", "Parallel Aware": false, "Async Capable": false, "Startup Cost": 285344.11, "Total Cost": 285344.12, "Plan Rows": 1, "Plan Width": 64, "Actual Rows": 1, "Actual Loops": 1, "Plans": [{"Node Type": "Gather", "Parent Relationship": "Outer", "Parallel Aware": false, "Async Capable": false, "Startup Cost": 237558.6, "Total Cost": 285344.09, "Plan Rows": 3, "Plan Width": 27, "Actual Rows": 306, "Actual Loops": 1, "Workers Planned": 3, "Workers Launched": 3, "Single Copy": false, "Plans": [{"Node Type": "Nested Loop", "Parent Relationship": "Outer", "Parallel Aware": false, "Async Capable": false, "Join Type": "Inner", "Startup Cost": 236558.6, "Total Cost": 284343.79, "Plan Rows": 1, "Plan Width": 27, "Actual Rows": 76, "Actual Loops": 4, "Inner Unique": true, "Workers": [], "Plans": [{"Node Type": "Nested Loop", "Parent Relationship": "Outer", "Parallel Aware": false, "Async Capable": false, "Join Type": "Inner", "Startup Cost": 236558.47, "Total Cost": 284343.64, "Plan Rows": 1, "Plan Width": 31, "Actual Rows": 76, "Actual Loops": 4, "Inner Unique": true, "Workers": [], "Plans": [{"Node Type": "Nested Loop", "Parent Relationship": "Outer", "Parallel Aware": false, "Async Capable": false, "Join Type": "Inner", "Startup Cost": 236558.05, "Total Cost": 284343.2, "Plan Rows": 1, "Plan Width": 35, "Actual Rows": 76, "Actual Loops": 4, "Inner Unique": false, "Join Filter": "(t.id = cc.movie_id)", "Rows Removed by Join Filter": 5766748, "Workers": [], "Plans": [{"Node Type": "Hash Join", "Parent Relationship": "Outer", "Parallel Aware": true, "Async Capable": false, "Join Type": "Inner", "Startup Cost": 236556.99, "Total Cost": 281102.81, "Plan Rows": 1, "Plan Width": 51, "Actual Rows": 234, "Actual Loops": 4, "Inner Unique": false, "Hash Cond": "(mk.movie_id = t.id)", "Workers": [], "Plans": [{"Node Type": "Seq Scan", "Parent Relationship": "Outer", "Parallel Aware": true, "Async Capable": false, "Relation Name": "movie_keyword", "Alias": "mk", "Startup Cost": 0.0, "Total Cost": 39073.32, "Plan Rows": 1459332, "Plan Width": 8, "Actual Rows": 1130982, "Actual Loops": 4, "Workers": []}, {"Node Type": "Hash", "Parent Relationship": "Inner", "Parallel Aware": true, "Async Capable": false, "Startup Cost": 236556.97, "Total Cost": 236556.97, "Plan Rows": 1, "Plan Width": 43, "Actual Rows": 84, "Actual Loops": 4, "Hash Buckets": 1024, "Original Hash Buckets": 1024, "Hash Batches": 1, "Original Hash Batches": 1, "Peak Memory Usage": 136, "Workers": [], "Plans": [{"Node Type": "Nested Loop", "Parent Relationship": "Outer", "Parallel Aware": false, "Async Capable": false, "Join Type": "Inner", "Startup Cost": 206160.05, "Total Cost": 236556.97, "Plan Rows": 1, "Plan Width": 43, "Actual Rows": 84, "Actual Loops": 4, "Inner Unique": true, "Workers": [], "Plans": [{"Node Type": "Nested Loop", "Parent Relationship": "Outer", "Parallel Aware": false, "Async Capable": false, "Join Type": "Inner", "Startup Cost": 206159.92, "Total Cost": 236556.81, "Plan Rows": 1, "Plan Width": 37, "Actual Rows": 177, "Actual Loops": 4, "Inner Unique": true, "Join Filter": "(t.id = mi.movie_id)", "Rows Removed by Join Filter": 0, "Workers": [], "Plans": [{"Node Type": "Nested Loop", "Parent Relationship": "Outer", "Parallel Aware": false, "Async Capable": false, "Join Type": "Inner", "Startup Cost": 206159.49, "Total Cost": 236556.28, "Plan Rows": 1, "Plan Width": 12, "Actual Rows": 177, "Actual Loops": 4, "Inner Unique": true, "Workers": [], "Plans": [{"Node Type": "Hash Join", "Parent Relationship": "Outer", "Parallel Aware": true, "Async Capable": false, "Join Type": "Inner", "Startup Cost": 206159.07, "Total Cost": 236555.83, "Plan Rows": 1, "Plan Width": 16, "Actual Rows": 192, "Actual Loops": 4, "Inner Unique": false, "Hash Cond": "(mc.movie_id = mi.movie_id)", "Workers": [], "Plans": [{"Node Type": "Seq Scan", "Parent Relationship": "Outer", "Parallel Aware": true, "Async Capable": false, "Relation Name": "movie_companies", "Alias": "mc", "Startup Cost": 0.0, "Total Cost": 27240.55, "Plan Rows": 841655, "Plan Width": 12, "Actual Rows": 652282, "Actual Loops": 4, "Workers": []}, {"Node Type": "Hash", "Parent Relationship": "Inner", "Parallel Aware": true, "Async Capable": false, "Startup Cost": 206159.06, "Total Cost": 206159.06, "Plan Rows": 1, "Plan Width": 4, "Actual Rows": 124, "Actual Loops": 4, "Hash Buckets": 1024, "Original Hash Buckets": 1024, "Hash Batches": 1, "Original Hash Batches": 1, "Peak Memory Usage": 136, "Workers": [], "Plans": [{"Node Type": "Hash Join", "Parent Relationship": "Outer", "Parallel Aware": false, "Async Capable": false, "Join Type": "Inner", "Startup Cost": 2.43, "Total Cost": 206159.06, "Plan Rows": 1, "Plan Width": 4, "Actual Rows": 124, "Actual Loops": 4, "Inner Unique": true, "Hash Cond": "(mi.info_type_id = it1.id)", "Workers": [], "Plans": [{"Node Type": "Seq Scan", "Parent Relationship": "Outer", "Parallel Aware": true, "Async Capable": false, "Relation Name": "movie_info", "Alias": "mi", "Startup Cost": 0.0, "Total Cost": 206156.59, "Plan Rows": 15, "Plan Width": 8, "Actual Rows": 124, "Actual Loops": 4, "Filter": "(((note)::text ~~ '%internet%'::text) AND ((info)::text ~~ 'USA:%2008%'::text))", "Rows Removed by Filter": 3708806, "Workers": []}, {"Node Type": "Hash", "Parent Relationship": "Inner", "Parallel Aware": false, "Async Capable": false, "Startup Cost": 2.41, "Total Cost": 2.41, "Plan Rows": 1, "Plan Width": 4, "Actual Rows": 1, "Actual Loops": 4, "Hash Buckets": 1024, "Original Hash Buckets": 1024, "Hash Batches": 1, "Original Hash Batches": 1, "Peak Memory Usage": 9, "Workers": [], "Plans": [{"Node Type": "Seq Scan", "Parent Relationship": "Outer", "Parallel Aware": false, "Async Capable": false, "Relation Name": "info_type", "Alias": "it1", "Startup Cost": 0.0, "Total Cost": 2.41, "Plan Rows": 1, "Plan Width": 4, "Actual Rows": 1, "Actual Loops": 4, "Filter": "((info)::text = 'release dates'::text)", "Rows Removed by Filter": 112, "Workers": []}]}]}]}]}, {"Node Type": "Index Scan", "Parent Relationship": "Inner", "Parallel Aware": false, "Async Capable": false, "Scan Direction": "Forward", "Index Name": "company_name_pkey", "Relation Name": "company_name", "Alias": "cn", "Startup Cost": 0.42, "Total Cost": 0.45, "Plan Rows": 1, "Plan Width": 4, "Actual Rows": 1, "Actual Loops": 766, "Index Cond": "(id = mc.company_id)", "Rows Removed by Index Recheck": 0, "Filter": "((country_code)::text = '[us]'::text)", "Rows Removed by Filter": 0, "Workers": []}]}, {"Node Type": "Index Scan", "Parent Relationship": "Inner", "Parallel Aware": false, "Async Capable": false, "Scan Direction": "Forward", "Index Name": "title_pkey", "Relation Name": "title", "Alias": "t", "Startup Cost": 0.43, "Total Cost": 0.52, "Plan Rows": 1, "Plan Width": 25, "Actual Rows": 1, "Actual Loops": 707, "Index Cond": "(id = mc.movie_id)", "Rows Removed by Index Recheck": 0, "Filter": "(production_year >= 1976)", "Rows Removed by Filter": 0, "Workers": []}]}, {"Node Type": "Index Scan", "Parent Relationship": "Inner", "Parallel Aware": false, "Async Capable": false, "Scan Direction": "Forward", "Index Name": "kind_type_pkey", "Relation Name": "kind_type", "Alias": "kt", "Startup Cost": 0.13, "Total Cost": 0.15, "Plan Rows": 1, "Plan Width": 14, "Actual Rows": 0, "Actual Loops": 707, "Index Cond": "(id = t.kind_id)", "Rows Removed by Index Recheck": 0, "Filter": "((kind)::text = ANY ('{episode,movie,\"tv movie\"}'::text[]))", "Rows Removed by Filter": 1, "Workers": []}]}]}]}, {"Node Type": "Hash Join", "Parent Relationship": "Inner", "Parallel Aware": false, "Async Capable": false, "Join Type": "Inner", "Startup Cost": 1.06, "Total Cost": 2818.24, "Plan Rows": 33772, "Plan Width": 4, "Actual Rows": 24592, "Actual Loops": 938, "Inner Unique": true, "Hash Cond": "(cc.status_id = cct1.id)", "Workers": [], "Plans": [{"Node Type": "Seq Scan", "Parent Relationship": "Outer", "Parallel Aware": false, "Async Capable": false, "Relation Name": "complete_cast", "Alias": "cc", "Startup Cost": 0.0, "Total Cost": 2086.86, "Plan Rows": 135086, "Plan Width": 8, "Actual Rows": 135086, "Actual Loops": 938, "Workers": []}, {"Node Type": "Hash", "Parent Relationship": "Inner", "Parallel Aware": false, "Async Capable": false, "Startup Cost": 1.05, "Total Cost": 1.05, "Plan Rows": 1, "Plan Width": 4, "Actual Rows": 1, "Actual Loops": 4, "Hash Buckets": 1024, "Original Hash Buckets": 1024, "Hash Batches": 1, "Original Hash Batches": 1, "Peak Memory Usage": 9, "Workers": [], "Plans": [{"Node Type": "Seq Scan", "Parent Relationship": "Outer", "Parallel Aware": false, "Async Capable": false, "Relation Name": "comp_cast_type", "Alias": "cct1", "Startup Cost": 0.0, "Total Cost": 1.05, "Plan Rows": 1, "Plan Width": 4, "Actual Rows": 1, "Actual Loops": 4, "Filter": "((kind)::text = 'complete+verified'::text)", "Rows Removed by Filter": 3, "Workers": []}]}]}]}, {"Node Type": "Index Only Scan", "Parent Relationship": "Inner", "Parallel Aware": false, "Async Capable": false, "Scan Direction": "Forward", "Index Name": "keyword_pkey", "Relation Name": "keyword", "Alias": "k", "Startup Cost": 0.42, "Total Cost": 0.44, "Plan Rows": 1, "Plan Width": 4, "Actual Rows": 1, "Actual Loops": 306, "Index Cond": "(id = mk.keyword_id)", "Rows Removed by Index Recheck": 0, "Heap Fetches": 0, "Workers": []}]}, {"Node Type": "Index Only Scan", "Parent Relationship": "Inner", "Parallel Aware": false, "Async Capable": false, "Scan Direction": "Forward", "Index Name": "company_type_pkey", "Relation Name": "company_type", "Alias": "ct", "Startup Cost": 0.13, "Total Cost": 0.15, "Plan Rows": 1, "Plan Width": 4, "Actual Rows": 1, "Actual Loops": 306, "Index Cond": "(id = mc.company_type_id)", "Rows Removed by Index Recheck": 0, "Heap Fetches": 306, "Workers": []}]}]}]}, "Planning Time": 17.528, "Triggers": [], "Execution Time": 4424.615}, {"Plan": {"Node Type": "Aggregate", "Strategy": "Plain", "Partial Mode": "Simple", "Parallel Aware": false, "Async Capable": false, "Startup Cost": 349105.65, "Total Cost": 349105.66, "Plan Rows": 1, "Plan Width": 64, "Actual Rows": 1, "Actual Loops": 1, "Plans": [{"Node Type": "Gather", "Parent Relationship": "Outer", "Parallel Aware": false, "Async Capable": false, "Startup Cost": 348939.51, "Total Cost": 349105.64, "Plan Rows": 3, "Plan Width": 27, "Actual Rows": 306, "Actual Loops": 1, "Workers Planned": 3, "Workers Launched": 3, "Single Copy": false, "Plans": [{"Node Type": "Hash Join", "Parent Relationship": "Outer", "Parallel Aware": true, "Async Capable": false, "Join Type": "Inner", "Startup Cost": 347939.51, "Total Cost": 348105.34, "Plan Rows": 1, "Plan Width": 27, "Actual Rows": 76, "Actual Loops": 4, "Inner Unique": false, "Hash Cond": "(mi.movie_id = t.id)", "Workers": [], "Plans": [{"Node Type": "Nested Loop", "Parent Relationship": "Outer", "Parallel Aware": false, "Async Capable": false, "Join Type": "Inner", "Startup Cost": 241914.91, "Total Cost": 242080.72, "Plan Rows": 1, "Plan Width": 12, "Actual Rows": 0, "Actual Loops": 4, "Inner Unique": true, "Workers": [], "Plans": [{"Node Type": "Merge Join", "Parent Relationship": "Outer", "Parallel Aware": false, "Async Capable": false, "Join Type": "Inner", "Startup Cost": 241914.78, "Total Cost": 242080.56, "Plan Rows": 1, "Plan Width": 16, "Actual Rows": 0, "Actual Loops": 4, "Inner Unique": false, "Merge Cond": "(mi.movie_id = cc.movie_id)", "Workers": [], "Plans": [{"Node Type": "Sort", "Parent Relationship": "Outer", "Parallel Aware": false, "Async Capable": false, "Startup Cost": 236556.29, "Total Cost": 236556.29, "Plan Rows": 1, "Plan Width": 12, "Actual Rows": 177, "Actual Loops": 4, "Sort Key": ["mc.movie_id"], "Sort Method": "quicksort", "Sort Space Used": 32, "Sort Space Type": "Memory", "Workers": [{"Worker Number": 0, "Sort Method": "quicksort", "Sort Space Used": 30, "Sort Space Type": "Memory"}, {"Worker Number": 1, "Sort Method": "quicksort", "Sort Space Used": 32, "Sort Space Type": "Memory"}, {"Worker Number": 2, "Sort Method": "quicksort", "Sort Space Used": 31, "Sort Space Type": "Memory"}], "Plans": [{"Node Type": "Nested Loop", "Parent Relationship": "Outer", "Parallel Aware": false, "Async Capable": false, "Join Type": "Inner", "Startup Cost": 206159.49, "Total Cost": 236556.28, "Plan Rows": 1, "Plan Width": 12, "Actual Rows": 177, "Actual Loops": 4, "Inner Unique": true, "Workers": [], "Plans": [{"Node Type": "Hash Join", "Parent Relationship": "Outer", "Parallel Aware": true, "Async Capable": false, "Join Type": "Inner", "Startup Cost": 206159.07, "Total Cost": 236555.83, "Plan Rows": 1, "Plan Width": 16, "Actual Rows": 192, "Actual Loops": 4, "Inner Unique": false, "Hash Cond": "(mc.movie_id = mi.movie_id)", "Workers": [], "Plans": [{"Node Type": "Seq Scan", "Parent Relationship": "Outer", "Parallel Aware": true, "Async Capable": false, "Relation Name": "movie_companies", "Alias": "mc", "Startup Cost": 0.0, "Total Cost": 27240.55, "Plan Rows": 841655, "Plan Width": 12, "Actual Rows": 652282, "Actual Loops": 4, "Workers": []}, {"Node Type": "Hash", "Parent Relationship": "Inner", "Parallel Aware": true, "Async Capable": false, "Startup Cost": 206159.06, "Total Cost": 206159.06, "Plan Rows": 1, "Plan Width": 4, "Actual Rows": 124, "Actual Loops": 4, "Hash Buckets": 1024, "Original Hash Buckets": 1024, "Hash Batches": 1, "Original Hash Batches": 1, "Peak Memory Usage": 136, "Workers": [], "Plans": [{"Node Type": "Hash Join", "Parent Relationship": "Outer", "Parallel Aware": false, "Async Capable": false, "Join Type": "Inner", "Startup Cost": 2.43, "Total Cost": 206159.06, "Plan Rows": 1, "Plan Width": 4, "Actual Rows": 124, "Actual Loops": 4, "Inner Unique": true, "Hash Cond": "(mi.info_type_id = it1.id)", "Workers": [], "Plans": [{"Node Type": "Seq Scan", "Parent Relationship": "Outer", "Parallel Aware": true, "Async Capable": false, "Relation Name": "movie_info", "Alias": "mi", "Startup Cost": 0.0, "Total Cost": 206156.59, "Plan Rows": 15, "Plan Width": 8, "Actual Rows": 124, "Actual Loops": 4, "Filter": "(((note)::text ~~ '%internet%'::text) AND ((info)::text ~~ 'USA:%2008%'::text))", "Rows Removed by Filter": 3708806, "Workers": []}, {"Node Type": "Hash", "Parent Relationship": "Inner", "Parallel Aware": false, "Async Capable": false, "Startup Cost": 2.41, "Total Cost": 2.41, "Plan Rows": 1, "Plan Width": 4, "Actual Rows": 1, "Actual Loops": 4, "Hash Buckets": 1024, "Original Hash Buckets": 1024, "Hash Batches": 1, "Original Hash Batches": 1, "Peak Memory Usage": 9, "Workers": [], "Plans": [{"Node Type": "Seq Scan", "Parent Relationship": "Outer", "Parallel Aware": false, "Async Capable": false, "Relation Name": "info_type", "Alias": "it1", "Startup Cost": 0.0, "Total Cost": 2.41, "Plan Rows": 1, "Plan Width": 4, "Actual Rows": 1, "Actual Loops": 4, "Filter": "((info)::text = 'release dates'::text)", "Rows Removed by Filter": 112, "Workers": []}]}]}]}]}, {"Node Type": "Index Scan", "Parent Relationship": "Inner", "Parallel Aware": false, "Async Capable": false, "Scan Direction": "Forward", "Index Name": "company_name_pkey", "Relation Name": "company_name", "Alias": "cn", "Startup Cost": 0.42, "Total Cost": 0.45, "Plan Rows": 1, "Plan Width": 4, "Actual Rows": 1, "Actual Loops": 766, "Index Cond": "(id = mc.company_id)", "Rows Removed by Index Recheck": 0, "Filter": "((country_code)::text = '[us]'::text)", "Rows Removed by Filter": 0, "Workers": []}]}]}, {"Node Type": "Sort", "Parent Relationship": "Inner", "Parallel Aware": false, "Async Capable": false, "Startup Cost": 5358.49, "Total Cost": 5442.92, "Plan Rows": 33772, "Plan Width": 4, "Actual Rows": 24103, "Actual Loops": 4, "Sort Key": ["cc.movie_id"], "Sort Method": "quicksort", "Sort Space Used": 769, "Sort Space Type": "Memory", "Workers": [{"Worker Number": 0, "Sort Method": "quicksort", "Sort Space Used": 769, "Sort Space Type": "Memory"}, {"Worker Number": 1, "Sort Method": "quicksort", "Sort Space Used": 769, "Sort Space Type": "Memory"}, {"Worker Number": 2, "Sort Method": "quicksort", "Sort Space Used": 769, "Sort Space Type": "Memory"}], "Plans": [{"Node Type": "Hash Join", "Parent Relationship": "Outer", "Parallel Aware": false, "Async Capable": false, "Join Type": "Inner", "Startup Cost": 1.06, "Total Cost": 2818.24, "Plan Rows": 33772, "Plan Width": 4, "Actual Rows": 24592, "Actual Loops": 4, "Inner Unique": true, "Hash Cond": "(cc.status_id = cct1.id)", "Workers": [], "Plans": [{"Node Type": "Seq Scan", "Parent Relationship": "Outer", "Parallel Aware": false, "Async Capable": false, "Relation Name": "complete_cast", "Alias": "cc", "Startup Cost": 0.0, "Total Cost": 2086.86, "Plan Rows": 135086, "Plan Width": 8, "Actual Rows": 135086, "Actual Loops": 4, "Workers": []}, {"Node Type": "Hash", "Parent Relationship": "Inner", "Parallel Aware": false, "Async Capable": false, "Startup Cost": 1.05, "Total Cost": 1.05, "Plan Rows": 1, "Plan Width": 4, "Actual Rows": 1, "Actual Loops": 4, "Hash Buckets": 1024, "Original Hash Buckets": 1024, "Hash Batches": 1, "Original Hash Batches": 1, "Peak Memory Usage": 9, "Workers": [], "Plans": [{"Node Type": "Seq Scan", "Parent Relationship": "Outer", "Parallel Aware": false, "Async Capable": false, "Relation Name": "comp_cast_type", "Alias": "cct1", "Startup Cost": 0.0, "Total Cost": 1.05, "Plan Rows": 1, "Plan Width": 4, "Actual Rows": 1, "Actual Loops": 4, "Filter": "((kind)::text = 'complete+verified'::text)", "Rows Removed by Filter": 3, "Workers": []}]}]}]}]}, {"Node Type": "Index Only Scan", "Parent Relationship": "Inner", "Parallel Aware": false, "Async Capable": false, "Scan Direction": "Forward", "Index Name": "company_type_pkey", "Relation Name": "company_type", "Alias": "ct", "Startup Cost": 0.13, "Total Cost": 0.15, "Plan Rows": 1, "Plan Width": 4, "Actual Rows": 1, "Actual Loops": 2, "Index Cond": "(id = mc.company_type_id)", "Rows Removed by Index Recheck": 0, "Heap Fetches": 2, "Workers": []}]}, {"Node Type": "Hash", "Parent Relationship": "Inner", "Parallel Aware": true, "Async Capable": false, "Startup Cost": 99814.21, "Total Cost": 99814.21, "Plan Rows": 496832, "Plan Width": 35, "Actual Rows": 661274, "Actual Loops": 4, "Hash Buckets": 4194304, "Original Hash Buckets": 2097152, "Hash Batches": 1, "Original Hash Batches": 1, "Peak Memory Usage": 228640, "Workers": [], "Plans": [{"Node Type": "Hash Join", "Parent Relationship": "Outer", "Parallel Aware": true, "Async Capable": false, "Join Type": "Inner", "Startup Cost": 52722.08, "Total Cost": 99814.21, "Plan Rows": 496832, "Plan Width": 35, "Actual Rows": 661274, "Actual Loops": 4, "Inner Unique": true, "Hash Cond": "(mk.keyword_id = k.id)", "Workers": [], "Plans": [{"Node Type": "Hash Join", "Parent Relationship": "Outer", "Parallel Aware": true, "Async Capable": false, "Join Type": "Inner", "Startup Cost": 48716.07, "Total Cost": 94503.96, "Plan Rows": 496832, "Plan Width": 39, "Actual Rows": 661274, "Actual Loops": 4, "Inner Unique": false, "Hash Cond": "(mk.movie_id = t.id)", "Workers": [], "Plans": [{"Node Type": "Seq Scan", "Parent Relationship": "Outer", "Parallel Aware": true, "Async Capable": false, "Relation Name": "movie_keyword", "Alias": "mk", "Startup Cost": 0.0, "Total Cost": 39073.32, "Plan Rows": 1459332, "Plan Width": 8, "Actual Rows": 1130982, "Actual Loops": 4, "Workers": []}, {"Node Type": "Hash", "Parent Relationship": "Inner", "Parallel Aware": true, "Async Capable": false, "Startup Cost": 46026.17, "Total Cost": 46026.17, "Plan Rows": 215192, "Plan Width": 31, "Actual Rows": 448871, "Actual Loops": 4, "Hash Buckets": 2097152, "Original Hash Buckets": 1048576, "Hash Batches": 1, "Original Hash Batches": 1, "Peak Memory Usage": 137920, "Workers": [], "Plans": [{"Node Type": "Hash Join", "Parent Relationship": "Outer", "Parallel Aware": false, "Async Capable": false, "Join Type": "Inner", "Startup Cost": 1.13, "Total Cost": 46026.17, "Plan Rows": 215192, "Plan Width": 31, "Actual Rows": 448871, "Actual Loops": 4, "Inner Unique": true, "Hash Cond": "(t.kind_id = kt.id)", "Workers": [], "Plans": [{"Node Type": "Seq Scan", "Parent Relationship": "Outer", "Parallel Aware": true, "Async Capable": false, "Relation Name": "title", "Alias": "t", "Startup Cost": 0.0, "Total Cost": 43908.97, "Plan Rows": 502114, "Plan Width": 25, "Actual Rows": 501162, "Actual Loops": 4, "Filter": "(production_year >= 1976)", "Rows Removed by Filter": 130916, "Workers": []}, {"Node Type": "Hash", "Parent Relationship": "Inner", "Parallel Aware": false, "Async Capable": false, "Startup Cost": 1.1, "Total Cost": 1.1, "Plan Rows": 3, "Plan Width": 14, "Actual Rows": 3, "Actual Loops": 4, "Hash Buckets": 1024, "Original Hash Buckets": 1024, "Hash Batches": 1, "Original Hash Batches": 1, "Peak Memory Usage": 9, "Workers": [], "Plans": [{"Node Type": "Seq Scan", "Parent Relationship": "Outer", "Parallel Aware": false, "Async Capable": false, "Relation Name": "kind_type", "Alias": "kt", "Startup Cost": 0.0, "Total Cost": 1.1, "Plan Rows": 3, "Plan Width": 14, "Actual Rows": 3, "Actual Loops": 4, "Filter": "((kind)::text = ANY ('{episode,movie,\"tv movie\"}'::text[]))", "Rows Removed by Filter": 4, "Workers": []}]}]}]}]}, {"Node Type": "Hash", "Parent Relationship": "Inner", "Parallel Aware": true, "Async Capable": false, "Startup Cost": 3307.22, "Total Cost": 3307.22, "Plan Rows": 55904, "Plan Width": 4, "Actual Rows": 33542, "Actual Loops": 4, "Hash Buckets": 262144, "Original Hash Buckets": 262144, "Hash Batches": 1, "Original Hash Batches": 1, "Peak Memory Usage": 7328, "Workers": [], "Plans": [{"Node Type": "Index Only Scan", "Parent Relationship": "Outer", "Parallel Aware": true, "Async Capable": false, "Scan Direction": "Forward", "Index Name": "keyword_pkey", "Relation Name": "keyword", "Alias": "k", "Startup Cost": 0.42, "Total Cost": 3307.22, "Plan Rows": 55904, "Plan Width": 4, "Actual Rows": 33542, "Actual Loops": 4, "Heap Fetches": 0, "Workers": []}]}]}]}]}]}]}, "Planning Time": 19.022, "Triggers": [], "Execution Time": 2674.457}, {"Plan": {"Node Type": "Aggregate", "Strategy": "Plain", "Partial Mode": "Simple", "Parallel Aware": false, "Async Capable": false, "Startup Cost": 308233.89, "Total Cost": 308233.9, "Plan Rows": 1, "Plan Width": 64, "Actual Rows": 1, "Actual Loops": 1, "Plans": [{"Node Type": "Gather", "Parent Relationship": "Outer", "Parallel Aware": false, "Async Capable": false, "Startup Cost": 308067.33, "Total Cost": 308233.88, "Plan Rows": 3, "Plan Width": 27, "Actual Rows": 306, "Actual Loops": 1, "Workers Planned": 3, "Workers Launched": 3, "Single Copy": false, "Plans": [{"Node Type": "Hash Join", "Parent Relationship": "Outer", "Parallel Aware": true, "Async Capable": false, "Join Type": "Inner", "Startup Cost": 307067.33, "Total Cost": 307233.58, "Plan Rows": 1, "Plan Width": 27, "Actual Rows": 76, "Actual Loops": 4, "Inner Unique": false, "Hash Cond": "(t.id = mk.movie_id)", "Workers": [], "Plans": [{"Node Type": "Nested Loop", "Parent Relationship": "Outer", "Parallel Aware": false, "Async Capable": false, "Join Type": "Inner", "Startup Cost": 241915.47, "Total Cost": 242081.42, "Plan Rows": 1, "Plan Width": 43, "Actual Rows": 0, "Actual Loops": 4, "Inner Unique": true, "Workers": [], "Plans": [{"Node Type": "Nested Loop", "Parent Relationship": "Outer", "Parallel Aware": false, "Async Capable": false, "Join Type": "Inner", "Startup Cost": 241915.34, "Total Cost": 242081.25, "Plan Rows": 1, "Plan Width": 37, "Actual Rows": 0, "Actual Loops": 4, "Inner Unique": true, "Join Filter": "(t.id = mi.movie_id)", "Rows Removed by Join Filter": 0, "Workers": [], "Plans": [{"Node Type": "Nested Loop", "Parent Relationship": "Outer", "Parallel Aware": false, "Async Capable": false, "Join Type": "Inner", "Startup Cost": 241914.91, "Total Cost": 242080.72, "Plan Rows": 1, "Plan Width": 12, "Actual Rows": 0, "Actual Loops": 4, "Inner Unique": true, "Workers": [], "Plans": [{"Node Type": "Merge Join", "Parent Relationship": "Outer", "Parallel Aware": false, "Async Capable": false, "Join Type": "Inner", "Startup Cost": 241914.78, "Total Cost": 242080.56, "Plan Rows": 1, "Plan Width": 16, "Actual Rows": 0, "Actual Loops": 4, "Inner Unique": false, "Merge Cond": "(mi.movie_id = cc.movie_id)", "Workers": [], "Plans": [{"Node Type": "Sort", "Parent Relationship": "Outer", "Parallel Aware": false, "Async Capable": false, "Startup Cost": 236556.29, "Total Cost": 236556.29, "Plan Rows": 1, "Plan Width": 12, "Actual Rows": 177, "Actual Loops": 4, "Sort Key": ["mc.movie_id"], "Sort Method": "quicksort", "Sort Space Used": 31, "Sort Space Type": "Memory", "Workers": [{"Worker Number": 0, "Sort Method": "quicksort", "Sort Space Used": 31, "Sort Space Type": "Memory"}, {"Worker Number": 1, "Sort Method": "quicksort", "Sort Space Used": 31, "Sort Space Type": "Memory"}, {"Worker Number": 2, "Sort Method": "quicksort", "Sort Space Used": 32, "Sort Space Type": "Memory"}], "Plans": [{"Node Type": "Nested Loop", "Parent Relationship": "Outer", "Parallel Aware": false, "Async Capable": false, "Join Type": "Inner", "Startup Cost": 206159.49, "Total Cost": 236556.28, "Plan Rows": 1, "Plan Width": 12, "Actual Rows": 177, "Actual Loops": 4, "Inner Unique": true, "Workers": [], "Plans": [{"Node Type": "Hash Join", "Parent Relationship": "Outer", "Parallel Aware": true, "Async Capable": false, "Join Type": "Inner", "Startup Cost": 206159.07, "Total Cost": 236555.83, "Plan Rows": 1, "Plan Width": 16, "Actual Rows": 192, "Actual Loops": 4, "Inner Unique": false, "Hash Cond": "(mc.movie_id = mi.movie_id)", "Workers": [], "Plans": [{"Node Type": "Seq Scan", "Parent Relationship": "Outer", "Parallel Aware": true, "Async Capable": false, "Relation Name": "movie_companies", "Alias": "mc", "Startup Cost": 0.0, "Total Cost": 27240.55, "Plan Rows": 841655, "Plan Width": 12, "Actual Rows": 652282, "Actual Loops": 4, "Workers": []}, {"Node Type": "Hash", "Parent Relationship": "Inner", "Parallel Aware": true, "Async Capable": false, "Startup Cost": 206159.06, "Total Cost": 206159.06, "Plan Rows": 1, "Plan Width": 4, "Actual Rows": 124, "Actual Loops": 4, "Hash Buckets": 1024, "Original Hash Buckets": 1024, "Hash Batches": 1, "Original Hash Batches": 1, "Peak Memory Usage": 136, "Workers": [], "Plans": [{"Node Type": "Hash Join", "Parent Relationship": "Outer", "Parallel Aware": false, "Async Capable": false, "Join Type": "Inner", "Startup Cost": 2.43, "Total Cost": 206159.06, "Plan Rows": 1, "Plan Width": 4, "Actual Rows": 124, "Actual Loops": 4, "Inner Unique": true, "Hash Cond": "(mi.info_type_id = it1.id)", "Workers": [], "Plans": [{"Node Type": "Seq Scan", "Parent Relationship": "Outer", "Parallel Aware": true, "Async Capable": false, "Relation Name": "movie_info", "Alias": "mi", "Startup Cost": 0.0, "Total Cost": 206156.59, "Plan Rows": 15, "Plan Width": 8, "Actual Rows": 124, "Actual Loops": 4, "Filter": "(((note)::text ~~ '%internet%'::text) AND ((info)::text ~~ 'USA:%2008%'::text))", "Rows Removed by Filter": 3708806, "Workers": []}, {"Node Type": "Hash", "Parent Relationship": "Inner", "Parallel Aware": false, "Async Capable": false, "Startup Cost": 2.41, "Total Cost": 2.41, "Plan Rows": 1, "Plan Width": 4, "Actual Rows": 1, "Actual Loops": 4, "Hash Buckets": 1024, "Original Hash Buckets": 1024, "Hash Batches": 1, "Original Hash Batches": 1, "Peak Memory Usage": 9, "Workers": [], "Plans": [{"Node Type": "Seq Scan", "Parent Relationship": "Outer", "Parallel Aware": false, "Async Capable": false, "Relation Name": "info_type", "Alias": "it1", "Startup Cost": 0.0, "Total Cost": 2.41, "Plan Rows": 1, "Plan Width": 4, "Actual Rows": 1, "Actual Loops": 4, "Filter": "((info)::text = 'release dates'::text)", "Rows Removed by Filter": 112, "Workers": []}]}]}]}]}, {"Node Type": "Index Scan", "Parent Relationship": "Inner", "Parallel Aware": false, "Async Capable": false, "Scan Direction": "Forward", "Index Name": "company_name_pkey", "Relation Name": "company_name", "Alias": "cn", "Startup Cost": 0.42, "Total Cost": 0.45, "Plan Rows": 1, "Plan Width": 4, "Actual Rows": 1, "Actual Loops": 766, "Index Cond": "(id = mc.company_id)", "Rows Removed by Index Recheck": 0, "Filter": "((country_code)::text = '[us]'::text)", "Rows Removed by Filter": 0, "Workers": []}]}]}, {"Node Type": "Sort", "Parent Relationship": "Inner", "Parallel Aware": false, "Async Capable": false, "Startup Cost": 5358.49, "Total Cost": 5442.92, "Plan Rows": 33772, "Plan Width": 4, "Actual Rows": 24102, "Actual Loops": 4, "Sort Key": ["cc.movie_id"], "Sort Method": "quicksort", "Sort Space Used": 769, "Sort Space Type": "Memory", "Workers": [{"Worker Number": 0, "Sort Method": "quicksort", "Sort Space Used": 769, "Sort Space Type": "Memory"}, {"Worker Number": 1, "Sort Method": "quicksort", "Sort Space Used": 769, "Sort Space Type": "Memory"}, {"Worker Number": 2, "Sort Method": "quicksort", "Sort Space Used": 769, "Sort Space Type": "Memory"}], "Plans": [{"Node Type": "Hash Join", "Parent Relationship": "Outer", "Parallel Aware": false, "Async Capable": false, "Join Type": "Inner", "Startup Cost": 1.06, "Total Cost": 2818.24, "Plan Rows": 33772, "Plan Width": 4, "Actual Rows": 24592, "Actual Loops": 4, "Inner Unique": true, "Hash Cond": "(cc.status_id = cct1.id)", "Workers": [], "Plans": [{"Node Type": "Seq Scan", "Parent Relationship": "Outer", "Parallel Aware": false, "Async Capable": false, "Relation Name": "complete_cast", "Alias": "cc", "Startup Cost": 0.0, "Total Cost": 2086.86, "Plan Rows": 135086, "Plan Width": 8, "Actual Rows": 135086, "Actual Loops": 4, "Workers": []}, {"Node Type": "Hash", "Parent Relationship": "Inner", "Parallel Aware": false, "Async Capable": false, "Startup Cost": 1.05, "Total Cost": 1.05, "Plan Rows": 1, "Plan Width": 4, "Actual Rows": 1, "Actual Loops": 4, "Hash Buckets": 1024, "Original Hash Buckets": 1024, "Hash Batches": 1, "Original Hash Batches": 1, "Peak Memory Usage": 9, "Workers": [], "Plans": [{"Node Type": "Seq Scan", "Parent Relationship": "Outer", "Parallel Aware": false, "Async Capable": false, "Relation Name": "comp_cast_type", "Alias": "cct1", "Startup Cost": 0.0, "Total Cost": 1.05, "Plan Rows": 1, "Plan Width": 4, "Actual Rows": 1, "Actual Loops": 4, "Filter": "((kind)::text = 'complete+verified'::text)", "Rows Removed by Filter": 3, "Workers": []}]}]}]}]}, {"Node Type": "Index Only Scan", "Parent Relationship": "Inner", "Parallel Aware": false, "Async Capable": false, "Scan Direction": "Forward", "Index Name": "company_type_pkey", "Relation Name": "company_type", "Alias": "ct", "Startup Cost": 0.13, "Total Cost": 0.15, "Plan Rows": 1, "Plan Width": 4, "Actual Rows": 1, "Actual Loops": 2, "Index Cond": "(id = mc.company_type_id)", "Rows Removed by Index Recheck": 0, "Heap Fetches": 2, "Workers": []}]}, {"Node Type": "Index Scan", "Parent Relationship": "Inner", "Parallel Aware": false, "Async Capable": false, "Scan Direction": "Forward", "Index Name": "title_pkey", "Relation Name": "title", "Alias": "t", "Startup Cost": 0.43, "Total Cost": 0.52, "Plan Rows": 1, "Plan Width": 25, "Actual Rows": 1, "Actual Loops": 2, "Index Cond": "(id = mc.movie_id)", "Rows Removed by Index Recheck": 0, "Filter": "(production_year >= 1976)", "Rows Removed by Filter": 0, "Workers": []}]}, {"Node Type": "Index Scan", "Parent Relationship": "Inner", "Parallel Aware": false, "Async Capable": false, "Scan Direction": "Forward", "Index Name": "kind_type_pkey", "Relation Name": "kind_type", "Alias": "kt", "Startup Cost": 0.13, "Total Cost": 0.15, "Plan Rows": 1, "Plan Width": 14, "Actual Rows": 1, "Actual Loops": 2, "Index Cond": "(id = t.kind_id)", "Rows Removed by Index Recheck": 0, "Filter": "((kind)::text = ANY ('{episode,movie,\"tv movie\"}'::text[]))", "Rows Removed by Filter": 0, "Workers": []}]}, {"Node Type": "Hash", "Parent Relationship": "Inner", "Parallel Aware": true, "Async Capable": false, "Startup Cost": 46910.21, "Total Cost": 46910.21, "Plan Rows": 1459332, "Plan Width": 4, "Actual Rows": 1130982, "Actual Loops": 4, "Hash Buckets": 8388608, "Original Hash Buckets": 8388608, "Hash Batches": 1, "Original Hash Batches": 1, "Peak Memory Usage": 242592, "Workers": [], "Plans": [{"Node Type": "Hash Join", "Parent Relationship": "Outer", "Parallel Aware": true, "Async Capable": false, "Join Type": "Inner", "Startup Cost": 4006.02, "Total Cost": 46910.21, "Plan Rows": 1459332, "Plan Width": 4, "Actual Rows": 1130982, "Actual Loops": 4, "Inner Unique": true, "Hash Cond": "(mk.keyword_id = k.id)", "Workers": [], "Plans": [{"Node Type": "Seq Scan", "Parent Relationship": "Outer", "Parallel Aware": true, "Async Capable": false, "Relation Name": "movie_keyword", "Alias": "mk", "Startup Cost": 0.0, "Total Cost": 39073.32, "Plan Rows": 1459332, "Plan Width": 8, "Actual Rows": 1130982, "Actual Loops": 4, "Workers": []}, {"Node Type": "Hash", "Parent Relationship": "Inner", "Parallel Aware": true, "Async Capable": false, "Startup Cost": 3307.22, "Total Cost": 3307.22, "Plan Rows": 55904, "Plan Width": 4, "Actual Rows": 33542, "Actual Loops": 4, "Hash Buckets": 262144, "Original Hash Buckets": 262144, "Hash Batches": 1, "Original Hash Batches": 1, "Peak Memory Usage": 7360, "Workers": [], "Plans": [{"Node Type": "Index Only Scan", "Parent Relationship": "Outer", "Parallel Aware": true, "Async Capable": false, "Scan Direction": "Forward", "Index Name": "keyword_pkey", "Relation Name": "keyword", "Alias": "k", "Startup Cost": 0.42, "Total Cost": 3307.22, "Plan Rows": 55904, "Plan Width": 4, "Actual Rows": 33542, "Actual Loops": 4, "Heap Fetches": 0, "Workers": []}]}]}]}]}]}]}, "Planning Time": 18.614, "Triggers": [], "Execution Time": 1540.299}, {"Plan": {"Node Type": "Aggregate", "Strategy": "Plain", "Partial Mode": "Simple", "Parallel Aware": false, "Async Capable": false, "Startup Cost": 285878.0, "Total Cost": 285878.01, "Plan Rows": 1, "Plan Width": 64, "Actual Rows": 1, "Actual Loops": 1, "Plans": [{"Node Type": "Gather", "Parent Relationship": "Outer", "Parallel Aware": false, "Async Capable": false, "Startup Cost": 241331.81, "Total Cost": 285877.98, "Plan Rows": 3, "Plan Width": 27, "Actual Rows": 306, "Actual Loops": 1, "Workers Planned": 3, "Workers Launched": 3, "Single Copy": false, "Plans": [{"Node Type": "Nested Loop", "Parent Relationship": "Outer", "Parallel Aware": false, "Async Capable": false, "Join Type": "Inner", "Startup Cost": 240331.81, "Total Cost": 284877.68, "Plan Rows": 1, "Plan Width": 27, "Actual Rows": 76, "Actual Loops": 4, "Inner Unique": true, "Workers": [], "Plans": [{"Node Type": "Nested Loop", "Parent Relationship": "Outer", "Parallel Aware": false, "Async Capable": false, "Join Type": "Inner", "Startup Cost": 240331.67, "Total Cost": 284877.51, "Plan Rows": 1, "Plan Width": 31, "Actual Rows": 76, "Actual Loops": 4, "Inner Unique": true, "Workers": [], "Plans": [{"Node Type": "Hash Join", "Parent Relationship": "Outer", "Parallel Aware": true, "Async Capable": false, "Join Type": "Inner", "Startup Cost": 240331.25, "Total Cost": 284877.08, "Plan Rows": 1, "Plan Width": 35, "Actual Rows": 76, "Actual Loops": 4, "Inner Unique": false, "Hash Cond": "(mk.movie_id = t.id)", "Workers": [], "Plans": [{"Node Type": "Seq Scan", "Parent Relationship": "Outer", "Parallel Aware": true, "Async Capable": false, "Relation Name": "movie_keyword", "Alias": "mk", "Startup Cost": 0.0, "Total Cost": 39073.32, "Plan Rows": 1459332, "Plan Width": 8, "Actual Rows": 1130982, "Actual Loops": 4, "Workers": []}, {"Node Type": "Hash", "Parent Relationship": "Inner", "Parallel Aware": true, "Async Capable": false, "Startup Cost": 240331.24, "Total Cost": 240331.24, "Plan Rows": 1, "Plan Width": 47, "Actual Rows": 2, "Actual Loops": 4, "Hash Buckets": 1024, "Original Hash Buckets": 1024, "Hash Batches": 1, "Original Hash Batches": 1, "Peak Memory Usage": 40, "Workers": [], "Plans": [{"Node Type": "Nested Loop", "Parent Relationship": "Outer", "Parallel Aware": false, "Async Capable": false, "Join Type": "Inner", "Startup Cost": 209934.29, "Total Cost": 240331.24, "Plan Rows": 1, "Plan Width": 47, "Actual Rows": 2, "Actual Loops": 4, "Inner Unique": true, "Workers": [], "Plans": [{"Node Type": "Nested Loop", "Parent Relationship": "Outer", "Parallel Aware": false, "Async Capable": false, "Join Type": "Inner", "Startup Cost": 209934.16, "Total Cost": 240331.07, "Plan Rows": 1, "Plan Width": 41, "Actual Rows": 2, "Actual Loops": 4, "Inner Unique": true, "Join Filter": "(t.id = mi.movie_id)", "Rows Removed by Join Filter": 0, "Workers": [], "Plans": [{"Node Type": "Nested Loop", "Parent Relationship": "Outer", "Parallel Aware": false, "Async Capable": false, "Join Type": "Inner", "Startup Cost": 209933.73, "Total Cost": 240330.54, "Plan Rows": 1, "Plan Width": 16, "Actual Rows": 2, "Actual Loops": 4, "Inner Unique": true, "Workers": [], "Plans": [{"Node Type": "Nested Loop", "Parent Relationship": "Outer", "Parallel Aware": false, "Async Capable": false, "Join Type": "Inner", "Startup Cost": 209933.6, "Total Cost": 240330.39, "Plan Rows": 1, "Plan Width": 20, "Actual Rows": 2, "Actual Loops": 4, "Inner Unique": true, "Workers": [], "Plans": [{"Node Type": "Hash Join", "Parent Relationship": "Outer", "Parallel Aware": true, "Async Capable": false, "Join Type": "Inner", "Startup Cost": 209933.18, "Total Cost": 240329.94, "Plan Rows": 1, "Plan Width": 24, "Actual Rows": 2, "Actual Loops": 4, "Inner Unique": false, "Hash Cond": "(mc.movie_id = mi.movie_id)", "Workers": [], "Plans": [{"Node Type": "Seq Scan", "Parent Relationship": "Outer", "Parallel Aware": true, "Async Capable": false, "Relation Name": "movie_companies", "Alias": "mc", "Startup Cost": 0.0, "Total Cost": 27240.55, "Plan Rows": 841655, "Plan Width": 12, "Actual Rows": 652282, "Actual Loops": 4, "Workers": []}, {"Node Type": "Hash", "Parent Relationship": "Inner", "Parallel Aware": true, "Async Capable": false, "Startup Cost": 209933.17, "Total Cost": 209933.17, "Plan Rows": 1, "Plan Width": 12, "Actual Rows": 2, "Actual Loops": 4, "Hash Buckets": 1024, "Original Hash Buckets": 1024, "Hash Batches": 1, "Original Hash Batches": 1, "Peak Memory Usage": 104, "Workers": [], "Plans": [{"Node Type": "Nested Loop", "Parent Relationship": "Outer", "Parallel Aware": false, "Async Capable": false, "Join Type": "Inner", "Startup Cost": 3775.59, "Total Cost": 209933.17, "Plan Rows": 1, "Plan Width": 12, "Actual Rows": 2, "Actual Loops": 4, "Inner Unique": true, "Workers": [], "Plans": [{"Node Type": "Hash Join", "Parent Relationship": "Outer", "Parallel Aware": false, "Async Capable": false, "Join Type": "Inner", "Startup Cost": 3775.44, "Total Cost": 209932.13, "Plan Rows": 3, "Plan Width": 16, "Actual Rows": 2, "Actual Loops": 4, "Inner Unique": false, "Hash Cond": "(mi.movie_id = cc.movie_id)", "Workers": [], "Plans": [{"Node Type": "Seq Scan", "Parent Relationship": "Outer", "Parallel Aware": true, "Async Capable": false, "Relation Name": "movie_info", "Alias": "mi", "Startup Cost": 0.0, "Total Cost": 206156.59, "Plan Rows": 15, "Plan Width": 8, "Actual Rows": 124, "Actual Loops": 4, "Filter": "(((note)::text ~~ '%internet%'::text) AND ((info)::text ~~ 'USA:%2008%'::text))", "Rows Removed by Filter": 3708806, "Workers": []}, {"Node Type": "Hash", "Parent Relationship": "Inner", "Parallel Aware": false, "Async Capable": false, "Startup Cost": 2086.86, "Total Cost": 2086.86, "Plan Rows": 135086, "Plan Width": 8, "Actual Rows": 135086, "Actual Loops": 4, "Hash Buckets": 262144, "Original Hash Buckets": 262144, "Hash Batches": 1, "Original Hash Batches": 1, "Peak Memory Usage": 7325, "Workers": [], "Plans": [{"Node Type": "Seq Scan", "Parent Relationship": "Outer", "Parallel Aware": false, "Async Capable": false, "Relation Name": "complete_cast", "Alias": "cc", "Startup Cost": 0.0, "Total Cost": 2086.86, "Plan Rows": 135086, "Plan Width": 8, "Actual Rows": 135086, "Actual Loops": 4, "Workers": []}]}]}, {"Node Type": "Memoize", "Parent Relationship": "Inner", "Parallel Aware": false, "Async Capable": false, "Startup Cost": 0.15, "Total Cost": 0.33, "Plan Rows": 1, "Plan Width": 4, "Actual Rows": 1, "Actual Loops": 10, "Cache Key": "mi.info_type_id", "Cache Mode": "logical", "Cache Hits": 1, "Cache Misses": 1, "Cache Evictions": 0, "Cache Overflows": 0, "Peak Memory Usage": 1, "Workers": [{"Worker Number": 0, "Cache Hits": 1, "Cache Misses": 1, "Cache Evictions": 0, "Cache Overflows": 0, "Peak Memory Usage": 1}, {"Worker Number": 2, "Cache Hits": 5, "Cache Misses": 1, "Cache Evictions": 0, "Cache Overflows": 0, "Peak Memory Usage": 1}], "Plans": [{"Node Type": "Index Scan", "Parent Relationship": "Outer", "Parallel Aware": false, "Async Capable": false, "Scan Direction": "Forward", "Index Name": "info_type_pkey", "Relation Name": "info_type", "Alias": "it1", "Startup Cost": 0.14, "Total Cost": 0.32, "Plan Rows": 1, "Plan Width": 4, "Actual Rows": 1, "Actual Loops": 3, "Index Cond": "(id = mi.info_type_id)", "Rows Removed by Index Recheck": 0, "Filter": "((info)::text = 'release dates'::text)", "Rows Removed by Filter": 0, "Workers": []}]}]}]}]}, {"Node Type": "Index Scan", "Parent Relationship": "Inner", "Parallel Aware": false, "Async Capable": false, "Scan Direction": "Forward", "Index Name": "company_name_pkey", "Relation Name": "company_name", "Alias": "cn", "Startup Cost": 0.42, "Total Cost": 0.45, "Plan Rows": 1, "Plan Width": 4, "Actual Rows": 1, "Actual Loops": 10, "Index Cond": "(id = mc.company_id)", "Rows Removed by Index Recheck": 0, "Filter": "((country_code)::text = '[us]'::text)", "Rows Removed by Filter": 0, "Workers": []}]}, {"Node Type": "Index Only Scan", "Parent Relationship": "Inner", "Parallel Aware": false, "Async Capable": false, "Scan Direction": "Forward", "Index Name": "company_type_pkey", "Relation Name": "company_type", "Alias": "ct", "Startup Cost": 0.13, "Total Cost": 0.15, "Plan Rows": 1, "Plan Width": 4, "Actual Rows": 1, "Actual Loops": 8, "Index Cond": "(id = mc.company_type_id)", "Rows Removed by Index Recheck": 0, "Heap Fetches": 8, "Workers": []}]}, {"Node Type": "Index Scan", "Parent Relationship": "Inner", "Parallel Aware": false, "Async Capable": false, "Scan Direction": "Forward", "Index Name": "title_pkey", "Relation Name": "title", "Alias": "t", "Startup Cost": 0.43, "Total Cost": 0.52, "Plan Rows": 1, "Plan Width": 25, "Actual Rows": 1, "Actual Loops": 8, "Index Cond": "(id = mc.movie_id)", "Rows Removed by Index Recheck": 0, "Filter": "(production_year >= 1976)", "Rows Removed by Filter": 0, "Workers": []}]}, {"Node Type": "Index Scan", "Parent Relationship": "Inner", "Parallel Aware": false, "Async Capable": false, "Scan Direction": "Forward", "Index Name": "kind_type_pkey", "Relation Name": "kind_type", "Alias": "kt", "Startup Cost": 0.13, "Total Cost": 0.15, "Plan Rows": 1, "Plan Width": 14, "Actual Rows": 1, "Actual Loops": 8, "Index Cond": "(id = t.kind_id)", "Rows Removed by Index Recheck": 0, "Filter": "((kind)::text = ANY ('{episode,movie,\"tv movie\"}'::text[]))", "Rows Removed by Filter": 0, "Workers": []}]}]}]}, {"Node Type": "Index Only Scan", "Parent Relationship": "Inner", "Parallel Aware": false, "Async Capable": false, "Scan Direction": "Forward", "Index Name": "keyword_pkey", "Relation Name": "keyword", "Alias": "k", "Startup Cost": 0.42, "Total Cost": 0.44, "Plan Rows": 1, "Plan Width": 4, "Actual Rows": 1, "Actual Loops": 306, "Index Cond": "(id = mk.keyword_id)", "Rows Removed by Index Recheck": 0, "Heap Fetches": 0, "Workers": []}]}, {"Node Type": "Memoize", "Parent Relationship": "Inner", "Parallel Aware": false, "Async Capable": false, "Startup Cost": 0.14, "Total Cost": 0.16, "Plan Rows": 1, "Plan Width": 4, "Actual Rows": 1, "Actual Loops": 306, "Cache Key": "cc.status_id", "Cache Mode": "logical", "Workers": [{"Worker Number": 1, "Cache Hits": 305, "Cache Misses": 1, "Cache Evictions": 0, "Cache Overflows": 0, "Peak Memory Usage": 1}], "Plans": [{"Node Type": "Index Scan", "Parent Relationship": "Outer", "Parallel Aware": false, "Async Capable": false, "Scan Direction": "Forward", "Index Name": "comp_cast_type_pkey", "Relation Name": "comp_cast_type", "Alias": "cct1", "Startup Cost": 0.13, "Total Cost": 0.15, "Plan Rows": 1, "Plan Width": 4, "Actual Rows": 1, "Actual Loops": 1, "Index Cond": "(id = cc.status_id)", "Rows Removed by Index Recheck": 0, "Filter": "((kind)::text = 'complete+verified'::text)", "Rows Removed by Filter": 0, "Workers": []}]}]}]}]}, "Planning Time": 23.747, "Triggers": [], "Execution Time": 893.892}, {"Plan": {"Node Type": "Aggregate", "Strategy": "Plain", "Partial Mode": "Finalize", "Parallel Aware": false, "Async Capable": false, "Startup Cost": 285344.73, "Total Cost": 285344.74, "Plan Rows": 1, "Plan Width": 64, "Actual Rows": 1, "Actual Loops": 1, "Plans": [{"Node Type": "Gather", "Parent Relationship": "Outer", "Parallel Aware": false, "Async Capable": false, "Startup Cost": 285344.41, "Total Cost": 285344.72, "Plan Rows": 3, "Plan Width": 64, "Actual Rows": 4, "Actual Loops": 1, "Workers Planned": 3, "Workers Launched": 3, "Single Copy": false, "Plans": [{"Node Type": "Aggregate", "Strategy": "Plain", "Partial Mode": "Partial", "Parent Relationship": "Outer", "Parallel Aware": false, "Async Capable": false, "Startup Cost": 284344.41, "Total Cost": 284344.42, "Plan Rows": 1, "Plan Width": 64, "Actual Rows": 1, "Actual Loops": 4, "Workers": [], "Plans": [{"Node Type": "Nested Loop", "Parent Relationship": "Outer", "Parallel Aware": false, "Async Capable": false, "Join Type": "Inner", "Startup Cost": 239797.92, "Total Cost": 284344.4, "Plan Rows": 1, "Plan Width": 27, "Actual Rows": 76, "Actual Loops": 4, "Inner Unique": true, "Workers": [], "Plans": [{"Node Type": "Nested Loop", "Parent Relationship": "Outer", "Parallel Aware": false, "Async Capable": false, "Join Type": "Inner", "Startup Cost": 239797.78, "Total Cost": 284344.08, "Plan Rows": 2, "Plan Width": 21, "Actual Rows": 76, "Actual Loops": 4, "Inner Unique": true, "Workers": [], "Plans": [{"Node Type": "Hash Join", "Parent Relationship": "Outer", "Parallel Aware": false, "Async Capable": false, "Join Type": "Inner", "Startup Cost": 239797.36, "Total Cost": 284343.21, "Plan Rows": 2, "Plan Width": 25, "Actual Rows": 76, "Actual Loops": 4, "Inner Unique": false, "Hash Cond": "(t.id = cc.movie_id)", "Workers": [], "Plans": [{"Node Type": "Hash Join", "Parent Relationship": "Outer", "Parallel Aware": true, "Async Capable": false, "Join Type": "Inner", "Startup Cost": 236556.98, "Total Cost": 281102.8, "Plan Rows": 2, "Plan Width": 41, "Actual Rows": 403, "Actual Loops": 4, "Inner Unique": false, "Hash Cond": "(mk.movie_id = t.id)", "Workers": [], "Plans": [{"Node Type": "Seq Scan", "Parent Relationship": "Outer", "Parallel Aware": true, "Async Capable": false, "Relation Name": "movie_keyword", "Alias": "mk", "Startup Cost": 0.0, "Total Cost": 39073.32, "Plan Rows": 1459332, "Plan Width": 8, "Actual Rows": 1130982, "Actual Loops": 4, "Workers": []}, {"Node Type": "Hash", "Parent Relationship": "Inner", "Parallel Aware": true, "Async Capable": false, "Startup Cost": 236556.96, "Total Cost": 236556.96, "Plan Rows": 1, "Plan Width": 33, "Actual Rows": 177, "Actual Loops": 4, "Hash Buckets": 1024, "Original Hash Buckets": 1024, "Hash Batches": 1, "Original Hash Batches": 1, "Peak Memory Usage": 136, "Workers": [], "Plans": [{"Node Type": "Nested Loop", "Parent Relationship": "Outer", "Parallel Aware": false, "Async Capable": false, "Join Type": "Inner", "Startup Cost": 206160.05, "Total Cost": 236556.96, "Plan Rows": 1, "Plan Width": 33, "Actual Rows": 177, "Actual Loops": 4, "Inner Unique": true, "Join Filter": "(t.id = mi.movie_id)", "Rows Removed by Join Filter": 0, "Workers": [], "Plans": [{"Node Type": "Nested Loop", "Parent Relationship": "Outer", "Parallel Aware": false, "Async Capable": false, "Join Type": "Inner", "Startup Cost": 206159.62, "Total Cost": 236556.43, "Plan Rows": 1, "Plan Width": 8, "Actual Rows": 177, "Actual Loops": 4, "Inner Unique": true, "Workers": [], "Plans": [{"Node Type": "Nested Loop", "Parent Relationship": "Outer", "Parallel Aware": false, "Async Capable": false, "Join Type": "Inner", "Startup Cost": 206159.49, "Total Cost": 236556.28, "Plan Rows": 1, "Plan Width": 12, "Actual Rows": 177, "Actual Loops": 4, "Inner Unique": true, "Workers": [], "Plans": [{"Node Type": "Hash Join", "Parent Relationship": "Outer", "Parallel Aware": true, "Async Capable": false, "Join Type": "Inner", "Startup Cost": 206159.07, "Total Cost": 236555.83, "Plan Rows": 1, "Plan Width": 16, "Actual Rows": 192, "Actual Loops": 4, "Inner Unique": false, "Hash Cond": "(mc.movie_id = mi.movie_id)", "Workers": [], "Plans": [{"Node Type": "Seq Scan", "Parent Relationship": "Outer", "Parallel Aware": true, "Async Capable": false, "Relation Name": "movie_companies", "Alias": "mc", "Startup Cost": 0.0, "Total Cost": 27240.55, "Plan Rows": 841655, "Plan Width": 12, "Actual Rows": 652282, "Actual Loops": 4, "Workers": []}, {"Node Type": "Hash", "Parent Relationship": "Inner", "Parallel Aware": true, "Async Capable": false, "Startup Cost": 206159.06, "Total Cost": 206159.06, "Plan Rows": 1, "Plan Width": 4, "Actual Rows": 124, "Actual Loops": 4, "Hash Buckets": 1024, "Original Hash Buckets": 1024, "Hash Batches": 1, "Original Hash Batches": 1, "Peak Memory Usage": 136, "Workers": [], "Plans": [{"Node Type": "Hash Join", "Parent Relationship": "Outer", "Parallel Aware": false, "Async Capable": false, "Join Type": "Inner", "Startup Cost": 2.43, "Total Cost": 206159.06, "Plan Rows": 1, "Plan Width": 4, "Actual Rows": 124, "Actual Loops": 4, "Inner Unique": true, "Hash Cond": "(mi.info_type_id = it1.id)", "Workers": [], "Plans": [{"Node Type": "Seq Scan", "Parent Relationship": "Outer", "Parallel Aware": true, "Async Capable": false, "Relation Name": "movie_info", "Alias": "mi", "Startup Cost": 0.0, "Total Cost": 206156.59, "Plan Rows": 15, "Plan Width": 8, "Actual Rows": 124, "Actual Loops": 4, "Filter": "(((note)::text ~~ '%internet%'::text) AND ((info)::text ~~ 'USA:%2008%'::text))", "Rows Removed by Filter": 3708806, "Workers": []}, {"Node Type": "Hash", "Parent Relationship": "Inner", "Parallel Aware": false, "Async Capable": false, "Startup Cost": 2.41, "Total Cost": 2.41, "Plan Rows": 1, "Plan Width": 4, "Actual Rows": 1, "Actual Loops": 4, "Hash Buckets": 1024, "Original Hash Buckets": 1024, "Hash Batches": 1, "Original Hash Batches": 1, "Peak Memory Usage": 9, "Workers": [], "Plans": [{"Node Type": "Seq Scan", "Parent Relationship": "Outer", "Parallel Aware": false, "Async Capable": false, "Relation Name": "info_type", "Alias": "it1", "Startup Cost": 0.0, "Total Cost": 2.41, "Plan Rows": 1, "Plan Width": 4, "Actual Rows": 1, "Actual Loops": 4, "Filter": "((info)::text = 'release dates'::text)", "Rows Removed by Filter": 112, "Workers": []}]}]}]}]}, {"Node Type": "Index Scan", "Parent Relationship": "Inner", "Parallel Aware": false, "Async Capable": false, "Scan Direction": "Forward", "Index Name": "company_name_pkey", "Relation Name": "company_name", "Alias": "cn", "Startup Cost": 0.42, "Total Cost": 0.45, "Plan Rows": 1, "Plan Width": 4, "Actual Rows": 1, "Actual Loops": 766, "Index Cond": "(id = mc.company_id)", "Rows Removed by Index Recheck": 0, "Filter": "((country_code)::text = '[us]'::text)", "Rows Removed by Filter": 0, "Workers": []}]}, {"Node Type": "Index Only Scan", "Parent Relationship": "Inner", "Parallel Aware": false, "Async Capable": false, "Scan Direction": "Forward", "Index Name": "company_type_pkey", "Relation Name": "company_type", "Alias": "ct", "Startup Cost": 0.13, "Total Cost": 0.15, "Plan Rows": 1, "Plan Width": 4, "Actual Rows": 1, "Actual Loops": 707, "Index Cond": "(id = mc.company_type_id)", "Rows Removed by Index Recheck": 0, "Heap Fetches": 707, "Workers": []}]}, {"Node Type": "Index Scan", "Parent Relationship": "Inner", "Parallel Aware": false, "Async Capable": false, "Scan Direction": "Forward", "Index Name": "title_pkey", "Relation Name": "title", "Alias": "t", "Startup Cost": 0.43, "Total Cost": 0.52, "Plan Rows": 1, "Plan Width": 25, "Actual Rows": 1, "Actual Loops": 707, "Index Cond": "(id = mc.movie_id)", "Rows Removed by Index Recheck": 0, "Filter": "(production_year >= 1976)", "Rows Removed by Filter": 0, "Workers": []}]}]}]}, {"Node Type": "Hash", "Parent Relationship": "Inner", "Parallel Aware": false, "Async Capable": false, "Startup Cost": 2818.24, "Total Cost": 2818.24, "Plan Rows": 33772, "Plan Width": 4, "Actual Rows": 24592, "Actual Loops": 4, "Hash Buckets": 65536, "Original Hash Buckets": 65536, "Hash Batches": 1, "Original Hash Batches": 1, "Peak Memory Usage": 1377, "Workers": [], "Plans": [{"Node Type": "Hash Join", "Parent Relationship": "Outer", "Parallel Aware": false, "Async Capable": false, "Join Type": "Inner", "Startup Cost": 1.06, "Total Cost": 2818.24, "Plan Rows": 33772, "Plan Width": 4, "Actual Rows": 24592, "Actual Loops": 4, "Inner Unique": true, "Hash Cond": "(cc.status_id = cct1.id)", "Workers": [], "Plans": [{"Node Type": "Seq Scan", "Parent Relationship": "Outer", "Parallel Aware": false, "Async Capable": false, "Relation Name": "complete_cast", "Alias": "cc", "Startup Cost": 0.0, "Total Cost": 2086.86, "Plan Rows": 135086, "Plan Width": 8, "Actual Rows": 135086, "Actual Loops": 4, "Workers": []}, {"Node Type": "Hash", "Parent Relationship": "Inner", "Parallel Aware": false, "Async Capable": false, "Startup Cost": 1.05, "Total Cost": 1.05, "Plan Rows": 1, "Plan Width": 4, "Actual Rows": 1, "Actual Loops": 4, "Hash Buckets": 1024, "Original Hash Buckets": 1024, "Hash Batches": 1, "Original Hash Batches": 1, "Peak Memory Usage": 9, "Workers": [], "Plans": [{"Node Type": "Seq Scan", "Parent Relationship": "Outer", "Parallel Aware": false, "Async Capable": false, "Relation Name": "comp_cast_type", "Alias": "cct1", "Startup Cost": 0.0, "Total Cost": 1.05, "Plan Rows": 1, "Plan Width": 4, "Actual Rows": 1, "Actual Loops": 4, "Filter": "((kind)::text = 'complete+verified'::text)", "Rows Removed by Filter": 3, "Workers": []}]}]}]}]}, {"Node Type": "Index Only Scan", "Parent Relationship": "Inner", "Parallel Aware": false, "Async Capable": false, "Scan Direction": "Forward", "Index Name": "keyword_pkey", "Relation Name": "keyword", "Alias": "k", "Startup Cost": 0.42, "Total Cost": 0.44, "Plan Rows": 1, "Plan Width": 4, "Actual Rows": 1, "Actual Loops": 306, "Index Cond": "(id = mk.keyword_id)", "Rows Removed by Index Recheck": 0, "Heap Fetches": 0, "Workers": []}]}, {"Node Type": "Index Scan", "Parent Relationship": "Inner", "Parallel Aware": false, "Async Capable": false, "Scan Direction": "Forward", "Index Name": "kind_type_pkey", "Relation Name": "kind_type", "Alias": "kt", "Startup Cost": 0.13, "Total Cost": 0.15, "Plan Rows": 1, "Plan Width": 14, "Actual Rows": 1, "Actual Loops": 306, "Index Cond": "(id = t.kind_id)", "Rows Removed by Index Recheck": 0, "Filter": "((kind)::text = ANY ('{episode,movie,\"tv movie\"}'::text[]))", "Rows Removed by Filter": 0, "Workers": []}]}]}]}]}, "Planning Time": 21.495, "Triggers": [], "Execution Time": 899.264}, {"Plan": {"Node Type": "Aggregate", "Strategy": "Plain", "Partial Mode": "Simple", "Parallel Aware": false, "Async Capable": false, "Startup Cost": 285344.11, "Total Cost": 285344.12, "Plan Rows": 1, "Plan Width": 64, "Actual Rows": 1, "Actual Loops": 1, "Plans": [{"Node Type": "Gather", "Parent Relationship": "Outer", "Parallel Aware": false, "Async Capable": false, "Startup Cost": 237558.6, "Total Cost": 285344.09, "Plan Rows": 3, "Plan Width": 27, "Actual Rows": 306, "Actual Loops": 1, "Workers Planned": 3, "Workers Launched": 3, "Single Copy": false, "Plans": [{"Node Type": "Nested Loop", "Parent Relationship": "Outer", "Parallel Aware": false, "Async Capable": false, "Join Type": "Inner", "Startup Cost": 236558.6, "Total Cost": 284343.79, "Plan Rows": 1, "Plan Width": 27, "Actual Rows": 76, "Actual Loops": 4, "Inner Unique": true, "Workers": [], "Plans": [{"Node Type": "Nested Loop", "Parent Relationship": "Outer", "Parallel Aware": false, "Async Capable": false, "Join Type": "Inner", "Startup Cost": 236558.18, "Total Cost": 284343.36, "Plan Rows": 1, "Plan Width": 31, "Actual Rows": 76, "Actual Loops": 4, "Inner Unique": true, "Workers": [], "Plans": [{"Node Type": "Nested Loop", "Parent Relationship": "Outer", "Parallel Aware": false, "Async Capable": false, "Join Type": "Inner", "Startup Cost": 236558.05, "Total Cost": 284343.2, "Plan Rows": 1, "Plan Width": 35, "Actual Rows": 76, "Actual Loops": 4, "Inner Unique": false, "Join Filter": "(t.id = cc.movie_id)", "Rows Removed by Join Filter": 5766748, "Workers": [], "Plans": [{"Node Type": "Hash Join", "Parent Relationship": "Outer", "Parallel Aware": true, "Async Capable": false, "Join Type": "Inner", "Startup Cost": 236556.99, "Total Cost": 281102.81, "Plan Rows": 1, "Plan Width": 51, "Actual Rows": 234, "Actual Loops": 4, "Inner Unique": false, "Hash Cond": "(mk.movie_id = t.id)", "Workers": [], "Plans": [{"Node Type": "Seq Scan", "Parent Relationship": "Outer", "Parallel Aware": true, "Async Capable": false, "Relation Name": "movie_keyword", "Alias": "mk", "Startup Cost": 0.0, "Total Cost": 39073.32, "Plan Rows": 1459332, "Plan Width": 8, "Actual Rows": 1130982, "Actual Loops": 4, "Workers": []}, {"Node Type": "Hash", "Parent Relationship": "Inner", "Parallel Aware": true, "Async Capable": false, "Startup Cost": 236556.97, "Total Cost": 236556.97, "Plan Rows": 1, "Plan Width": 43, "Actual Rows": 84, "Actual Loops": 4, "Hash Buckets": 1024, "Original Hash Buckets": 1024, "Hash Batches": 1, "Original Hash Batches": 1, "Peak Memory Usage": 136, "Workers": [], "Plans": [{"Node Type": "Nested Loop", "Parent Relationship": "Outer", "Parallel Aware": false, "Async Capable": false, "Join Type": "Inner", "Startup Cost": 206160.05, "Total Cost": 236556.97, "Plan Rows": 1, "Plan Width": 43, "Actual Rows": 84, "Actual Loops": 4, "Inner Unique": true, "Workers": [], "Plans": [{"Node Type": "Nested Loop", "Parent Relationship": "Outer", "Parallel Aware": false, "Async Capable": false, "Join Type": "Inner", "Startup Cost": 206159.92, "Total Cost": 236556.81, "Plan Rows": 1, "Plan Width": 37, "Actual Rows": 177, "Actual Loops": 4, "Inner Unique": true, "Join Filter": "(t.id = mi.movie_id)", "Rows Removed by Join Filter": 0, "Workers": [], "Plans": [{"Node Type": "Nested Loop", "Parent Relationship": "Outer", "Parallel Aware": false, "Async Capable": false, "Join Type": "Inner", "Startup Cost": 206159.49, "Total Cost": 236556.28, "Plan Rows": 1, "Plan Width": 12, "Actual Rows": 177, "Actual Loops": 4, "Inner Unique": true, "Workers": [], "Plans": [{"Node Type": "Hash Join", "Parent Relationship": "Outer", "Parallel Aware": true, "Async Capable": false, "Join Type": "Inner", "Startup Cost": 206159.07, "Total Cost": 236555.83, "Plan Rows": 1, "Plan Width": 16, "Actual Rows": 192, "Actual Loops": 4, "Inner Unique": false, "Hash Cond": "(mc.movie_id = mi.movie_id)", "Workers": [], "Plans": [{"Node Type": "Seq Scan", "Parent Relationship": "Outer", "Parallel Aware": true, "Async Capable": false, "Relation Name": "movie_companies", "Alias": "mc", "Startup Cost": 0.0, "Total Cost": 27240.55, "Plan Rows": 841655, "Plan Width": 12, "Actual Rows": 652282, "Actual Loops": 4, "Workers": []}, {"Node Type": "Hash", "Parent Relationship": "Inner", "Parallel Aware": true, "Async Capable": false, "Startup Cost": 206159.06, "Total Cost": 206159.06, "Plan Rows": 1, "Plan Width": 4, "Actual Rows": 124, "Actual Loops": 4, "Hash Buckets": 1024, "Original Hash Buckets": 1024, "Hash Batches": 1, "Original Hash Batches": 1, "Peak Memory Usage": 136, "Workers": [], "Plans": [{"Node Type": "Hash Join", "Parent Relationship": "Outer", "Parallel Aware": false, "Async Capable": false, "Join Type": "Inner", "Startup Cost": 2.43, "Total Cost": 206159.06, "Plan Rows": 1, "Plan Width": 4, "Actual Rows": 124, "Actual Loops": 4, "Inner Unique": true, "Hash Cond": "(mi.info_type_id = it1.id)", "Workers": [], "Plans": [{"Node Type": "Seq Scan", "Parent Relationship": "Outer", "Parallel Aware": true, "Async Capable": false, "Relation Name": "movie_info", "Alias": "mi", "Startup Cost": 0.0, "Total Cost": 206156.59, "Plan Rows": 15, "Plan Width": 8, "Actual Rows": 124, "Actual Loops": 4, "Filter": "(((note)::text ~~ '%internet%'::text) AND ((info)::text ~~ 'USA:%2008%'::text))", "Rows Removed by Filter": 3708806, "Workers": []}, {"Node Type": "Hash", "Parent Relationship": "Inner", "Parallel Aware": false, "Async Capable": false, "Startup Cost": 2.41, "Total Cost": 2.41, "Plan Rows": 1, "Plan Width": 4, "Actual Rows": 1, "Actual Loops": 4, "Hash Buckets": 1024, "Original Hash Buckets": 1024, "Hash Batches": 1, "Original Hash Batches": 1, "Peak Memory Usage": 9, "Workers": [], "Plans": [{"Node Type": "Seq Scan", "Parent Relationship": "Outer", "Parallel Aware": false, "Async Capable": false, "Relation Name": "info_type", "Alias": "it1", "Startup Cost": 0.0, "Total Cost": 2.41, "Plan Rows": 1, "Plan Width": 4, "Actual Rows": 1, "Actual Loops": 4, "Filter": "((info)::text = 'release dates'::text)", "Rows Removed by Filter": 112, "Workers": []}]}]}]}]}, {"Node Type": "Index Scan", "Parent Relationship": "Inner", "Parallel Aware": false, "Async Capable": false, "Scan Direction": "Forward", "Index Name": "company_name_pkey", "Relation Name": "company_name", "Alias": "cn", "Startup Cost": 0.42, "Total Cost": 0.45, "Plan Rows": 1, "Plan Width": 4, "Actual Rows": 1, "Actual Loops": 766, "Index Cond": "(id = mc.company_id)", "Rows Removed by Index Recheck": 0, "Filter": "((country_code)::text = '[us]'::text)", "Rows Removed by Filter": 0, "Workers": []}]}, {"Node Type": "Index Scan", "Parent Relationship": "Inner", "Parallel Aware": false, "Async Capable": false, "Scan Direction": "Forward", "Index Name": "title_pkey", "Relation Name": "title", "Alias": "t", "Startup Cost": 0.43, "Total Cost": 0.52, "Plan Rows": 1, "Plan Width": 25, "Actual Rows": 1, "Actual Loops": 707, "Index Cond": "(id = mc.movie_id)", "Rows Removed by Index Recheck": 0, "Filter": "(production_year >= 1976)", "Rows Removed by Filter": 0, "Workers": []}]}, {"Node Type": "Index Scan", "Parent Relationship": "Inner", "Parallel Aware": false, "Async Capable": false, "Scan Direction": "Forward", "Index Name": "kind_type_pkey", "Relation Name": "kind_type", "Alias": "kt", "Startup Cost": 0.13, "Total Cost": 0.15, "Plan Rows": 1, "Plan Width": 14, "Actual Rows": 0, "Actual Loops": 707, "Index Cond": "(id = t.kind_id)", "Rows Removed by Index Recheck": 0, "Filter": "((kind)::text = ANY ('{episode,movie,\"tv movie\"}'::text[]))", "Rows Removed by Filter": 1, "Workers": []}]}]}]}, {"Node Type": "Hash Join", "Parent Relationship": "Inner", "Parallel Aware": false, "Async Capable": false, "Join Type": "Inner", "Startup Cost": 1.06, "Total Cost": 2818.24, "Plan Rows": 33772, "Plan Width": 4, "Actual Rows": 24592, "Actual Loops": 938, "Inner Unique": true, "Hash Cond": "(cc.status_id = cct1.id)", "Workers": [], "Plans": [{"Node Type": "Seq Scan", "Parent Relationship": "Outer", "Parallel Aware": false, "Async Capable": false, "Relation Name": "complete_cast", "Alias": "cc", "Startup Cost": 0.0, "Total Cost": 2086.86, "Plan Rows": 135086, "Plan Width": 8, "Actual Rows": 135086, "Actual Loops": 938, "Workers": []}, {"Node Type": "Hash", "Parent Relationship": "Inner", "Parallel Aware": false, "Async Capable": false, "Startup Cost": 1.05, "Total Cost": 1.05, "Plan Rows": 1, "Plan Width": 4, "Actual Rows": 1, "Actual Loops": 4, "Hash Buckets": 1024, "Original Hash Buckets": 1024, "Hash Batches": 1, "Original Hash Batches": 1, "Peak Memory Usage": 9, "Workers": [], "Plans": [{"Node Type": "Seq Scan", "Parent Relationship": "Outer", "Parallel Aware": false, "Async Capable": false, "Relation Name": "comp_cast_type", "Alias": "cct1", "Startup Cost": 0.0, "Total Cost": 1.05, "Plan Rows": 1, "Plan Width": 4, "Actual Rows": 1, "Actual Loops": 4, "Filter": "((kind)::text = 'complete+verified'::text)", "Rows Removed by Filter": 3, "Workers": []}]}]}]}, {"Node Type": "Index Only Scan", "Parent Relationship": "Inner", "Parallel Aware": false, "Async Capable": false, "Scan Direction": "Forward", "Index Name": "company_type_pkey", "Relation Name": "company_type", "Alias": "ct", "Startup Cost": 0.13, "Total Cost": 0.15, "Plan Rows": 1, "Plan Width": 4, "Actual Rows": 1, "Actual Loops": 306, "Index Cond": "(id = mc.company_type_id)", "Rows Removed by Index Recheck": 0, "Heap Fetches": 306, "Workers": []}]}, {"Node Type": "Index Only Scan", "Parent Relationship": "Inner", "Parallel Aware": false, "Async Capable": false, "Scan Direction": "Forward", "Index Name": "keyword_pkey", "Relation Name": "keyword", "Alias": "k", "Startup Cost": 0.42, "Total Cost": 0.44, "Plan Rows": 1, "Plan Width": 4, "Actual Rows": 1, "Actual Loops": 306, "Index Cond": "(id = mk.keyword_id)", "Rows Removed by Index Recheck": 0, "Heap Fetches": 0, "Workers": []}]}]}]}, "Planning Time": 17.052, "Triggers": [], "Execution Time": 4335.978}, {"Plan": {"Node Type": "Aggregate", "Strategy": "Plain", "Partial Mode": "Simple", "Parallel Aware": false, "Async Capable": false, "Startup Cost": 358570.67, "Total Cost": 358570.68, "Plan Rows": 1, "Plan Width": 64, "Actual Rows": 1, "Actual Loops": 1, "Plans": [{"Node Type": "Gather", "Parent Relationship": "Outer", "Parallel Aware": false, "Async Capable": false, "Startup Cost": 149174.38, "Total Cost": 358570.65, "Plan Rows": 3, "Plan Width": 27, "Actual Rows": 306, "Actual Loops": 1, "Workers Planned": 5, "Workers Launched": 5, "Single Copy": false, "Plans": [{"Node Type": "Hash Join", "Parent Relationship": "Outer", "Parallel Aware": true, "Async Capable": false, "Join Type": "Inner", "Startup Cost": 148174.38, "Total Cost": 357570.35, "Plan Rows": 1, "Plan Width": 27, "Actual Rows": 51, "Actual Loops": 6, "Inner Unique": false, "Hash Cond": "(mi.movie_id = t.id)", "Workers": [], "Plans": [{"Node Type": "Nested Loop", "Parent Relationship": "Outer", "Parallel Aware": false, "Async Capable": false, "Join Type": "Inner", "Startup Cost": 3.49, "Total Cost": 209399.45, "Plan Rows": 1, "Plan Width": 8, "Actual Rows": 0, "Actual Loops": 6, "Inner Unique": false, "Join Filter": "(cc.movie_id = mi.movie_id)", "Rows Removed by Join Filter": 2028840, "Workers": [], "Plans": [{"Node Type": "Hash Join", "Parent Relationship": "Outer", "Parallel Aware": false, "Async Capable": false, "Join Type": "Inner", "Startup Cost": 2.43, "Total Cost": 206159.06, "Plan Rows": 1, "Plan Width": 4, "Actual Rows": 82, "Actual Loops": 6, "Inner Unique": true, "Hash Cond": "(mi.info_type_id = it1.id)", "Workers": [], "Plans": [{"Node Type": "Seq Scan", "Parent Relationship": "Outer", "Parallel Aware": true, "Async Capable": false, "Relation Name": "movie_info", "Alias": "mi", "Startup Cost": 0.0, "Total Cost": 206156.59, "Plan Rows": 15, "Plan Width": 8, "Actual Rows": 82, "Actual Loops": 6, "Filter": "(((note)::text ~~ '%internet%'::text) AND ((info)::text ~~ 'USA:%2008%'::text))", "Rows Removed by Filter": 2472538, "Workers": []}, {"Node Type": "Hash", "Parent Relationship": "Inner", "Parallel Aware": false, "Async Capable": false, "Startup Cost": 2.41, "Total Cost": 2.41, "Plan Rows": 1, "Plan Width": 4, "Actual Rows": 1, "Actual Loops": 6, "Hash Buckets": 1024, "Original Hash Buckets": 1024, "Hash Batches": 1, "Original Hash Batches": 1, "Peak Memory Usage": 9, "Workers": [], "Plans": [{"Node Type": "Seq Scan", "Parent Relationship": "Outer", "Parallel Aware": false, "Async Capable": false, "Relation Name": "info_type", "Alias": "it1", "Startup Cost": 0.0, "Total Cost": 2.41, "Plan Rows": 1, "Plan Width": 4, "Actual Rows": 1, "Actual Loops": 6, "Filter": "((info)::text = 'release dates'::text)", "Rows Removed by Filter": 112, "Workers": []}]}]}, {"Node Type": "Hash Join", "Parent Relationship": "Inner", "Parallel Aware": false, "Async Capable": false, "Join Type": "Inner", "Startup Cost": 1.06, "Total Cost": 2818.24, "Plan Rows": 33772, "Plan Width": 4, "Actual Rows": 24592, "Actual Loops": 495, "Inner Unique": true, "Hash Cond": "(cc.status_id = cct1.id)", "Workers": [], "Plans": [{"Node Type": "Seq Scan", "Parent Relationship": "Outer", "Parallel Aware": false, "Async Capable": false, "Relation Name": "complete_cast", "Alias": "cc", "Startup Cost": 0.0, "Total Cost": 2086.86, "Plan Rows": 135086, "Plan Width": 8, "Actual Rows": 135086, "Actual Loops": 495, "Workers": []}, {"Node Type": "Hash", "Parent Relationship": "Inner", "Parallel Aware": false, "Async Capable": false, "Startup Cost": 1.05, "Total Cost": 1.05, "Plan Rows": 1, "Plan Width": 4, "Actual Rows": 1, "Actual Loops": 6, "Hash Buckets": 1024, "Original Hash Buckets": 1024, "Hash Batches": 1, "Original Hash Batches": 1, "Peak Memory Usage": 9, "Workers": [], "Plans": [{"Node Type": "Seq Scan", "Parent Relationship": "Outer", "Parallel Aware": false, "Async Capable": false, "Relation Name": "comp_cast_type", "Alias": "cct1", "Startup Cost": 0.0, "Total Cost": 1.05, "Plan Rows": 1, "Plan Width": 4, "Actual Rows": 1, "Actual Loops": 6, "Filter": "((kind)::text = 'complete+verified'::text)", "Rows Removed by Filter": 3, "Workers": []}]}]}]}, {"Node Type": "Hash", "Parent Relationship": "Inner", "Parallel Aware": true, "Async Capable": false, "Startup Cost": 138080.73, "Total Cost": 138080.73, "Plan Rows": 807213, "Plan Width": 39, "Actual Rows": 1164258, "Actual Loops": 6, "Hash Buckets": 8388608, "Original Hash Buckets": 4194304, "Hash Batches": 1, "Original Hash Batches": 1, "Peak Memory Usage": 593632, "Workers": [], "Plans": [{"Node Type": "Hash Join", "Parent Relationship": "Outer", "Parallel Aware": true, "Async Capable": false, "Join Type": "Inner", "Startup Cost": 90818.34, "Total Cost": 138080.73, "Plan Rows": 807213, "Plan Width": 39, "Actual Rows": 1164258, "Actual Loops": 6, "Inner Unique": true, "Hash Cond": "(mk.keyword_id = k.id)", "Workers": [], "Plans": [{"Node Type": "Hash Join", "Parent Relationship": "Outer", "Parallel Aware": true, "Async Capable": false, "Join Type": "Inner", "Startup Cost": 86812.33, "Total Cost": 131955.71, "Plan Rows": 807213, "Plan Width": 43, "Actual Rows": 1164258, "Actual Loops": 6, "Inner Unique": false, "Hash Cond": "(mk.movie_id = t.id)", "Workers": [], "Plans": [{"Node Type": "Seq Scan", "Parent Relationship": "Outer", "Parallel Aware": true, "Async Capable": false, "Relation Name": "movie_keyword", "Alias": "mk", "Startup Cost": 0.0, "Total Cost": 39073.32, "Plan Rows": 1459332, "Plan Width": 8, "Actual Rows": 753988, "Actual Loops": 6, "Workers": []}, {"Node Type": "Hash", "Parent Relationship": "Inner", "Parallel Aware": true, "Async Capable": false, "Startup Cost": 85518.2, "Total Cost": 85518.2, "Plan Rows": 103530, "Plan Width": 35, "Actual Rows": 91942, "Actual Loops": 6, "Hash Buckets": 1048576, "Original Hash Buckets": 524288, "Hash Batches": 1, "Original Hash Batches": 1, "Peak Memory Usage": 50560, "Workers": [], "Plans": [{"Node Type": "Hash Join", "Parent Relationship": "Outer", "Parallel Aware": false, "Async Capable": false, "Join Type": "Inner", "Startup Cost": 54109.39, "Total Cost": 85518.2, "Plan Rows": 103530, "Plan Width": 35, "Actual Rows": 91942, "Actual Loops": 6, "Inner Unique": true, "Hash Cond": "(mc.company_type_id = ct.id)", "Workers": [], "Plans": [{"Node Type": "Hash Join", "Parent Relationship": "Outer", "Parallel Aware": true, "Async Capable": false, "Join Type": "Inner", "Startup Cost": 54108.3, "Total Cost": 84957.41, "Plan Rows": 103530, "Plan Width": 39, "Actual Rows": 91942, "Actual Loops": 6, "Inner Unique": false, "Hash Cond": "(mc.movie_id = t.id)", "Workers": [], "Plans": [{"Node Type": "Hash Join", "Parent Relationship": "Outer", "Parallel Aware": true, "Async Capable": false, "Join Type": "Inner", "Startup Cost": 5392.23, "Total Cost": 34842.17, "Plan Rows": 304095, "Plan Width": 8, "Actual Rows": 192300, "Actual Loops": 6, "Inner Unique": true, "Hash Cond": "(mc.company_id = cn.id)", "Workers": [], "Plans": [{"Node Type": "Seq Scan", "Parent Relationship": "Outer", "Parallel Aware": true, "Async Capable": false, "Relation Name": "movie_companies", "Alias": "mc", "Startup Cost": 0.0, "Total Cost": 27240.55, "Plan Rows": 841655, "Plan Width": 12, "Actual Rows": 434855, "Actual Loops": 6, "Workers": []}, {"Node Type": "Hash", "Parent Relationship": "Inner", "Parallel Aware": true, "Async Capable": false, "Startup Cost": 4767.92, "Total Cost": 4767.92, "Plan Rows": 49945, "Plan Width": 4, "Actual Rows": 14140, "Actual Loops": 6, "Hash Buckets": 131072, "Original Hash Buckets": 131072, "Hash Batches": 1, "Original Hash Batches": 1, "Peak Memory Usage": 4448, "Workers": [], "Plans": [{"Node Type": "Seq Scan", "Parent Relationship": "Outer", "Parallel Aware": true, "Async Capable": false, "Relation Name": "company_name", "Alias": "cn", "Startup Cost": 0.0, "Total Cost": 4767.92, "Plan Rows": 49945, "Plan Width": 4, "Actual Rows": 14140, "Actual Loops": 6, "Filter": "((country_code)::text = '[us]'::text)", "Rows Removed by Filter": 25026, "Workers": []}]}]}, {"Node Type": "Hash", "Parent Relationship": "Inner", "Parallel Aware": true, "Async Capable": false, "Startup Cost": 46026.17, "Total Cost": 46026.17, "Plan Rows": 215192, "Plan Width": 31, "Actual Rows": 299247, "Actual Loops": 6, "Hash Buckets": 2097152, "Original Hash Buckets": 1048576, "Hash Batches": 1, "Original Hash Batches": 1, "Peak Memory Usage": 138016, "Workers": [], "Plans": [{"Node Type": "Hash Join", "Parent Relationship": "Outer", "Parallel Aware": false, "Async Capable": false, "Join Type": "Inner", "Startup Cost": 1.13, "Total Cost": 46026.17, "Plan Rows": 215192, "Plan Width": 31, "Actual Rows": 299247, "Actual Loops": 6, "Inner Unique": true, "Hash Cond": "(t.kind_id = kt.id)", "Workers": [], "Plans": [{"Node Type": "Seq Scan", "Parent Relationship": "Outer", "Parallel Aware": true, "Async Capable": false, "Relation Name": "title", "Alias": "t", "Startup Cost": 0.0, "Total Cost": 43908.97, "Plan Rows": 502114, "Plan Width": 25, "Actual Rows": 334108, "Actual Loops": 6, "Filter": "(production_year >= 1976)", "Rows Removed by Filter": 87277, "Workers": []}, {"Node Type": "Hash", "Parent Relationship": "Inner", "Parallel Aware": false, "Async Capable": false, "Startup Cost": 1.1, "Total Cost": 1.1, "Plan Rows": 3, "Plan Width": 14, "Actual Rows": 3, "Actual Loops": 6, "Hash Buckets": 1024, "Original Hash Buckets": 1024, "Hash Batches": 1, "Original Hash Batches": 1, "Peak Memory Usage": 9, "Workers": [], "Plans": [{"Node Type": "Seq Scan", "Parent Relationship": "Outer", "Parallel Aware": false, "Async Capable": false, "Relation Name": "kind_type", "Alias": "kt", "Startup Cost": 0.0, "Total Cost": 1.1, "Plan Rows": 3, "Plan Width": 14, "Actual Rows": 3, "Actual Loops": 6, "Filter": "((kind)::text = ANY ('{episode,movie,\"tv movie\"}'::text[]))", "Rows Removed by Filter": 4, "Workers": []}]}]}]}]}, {"Node Type": "Hash", "Parent Relationship": "Inner", "Parallel Aware": false, "Async Capable": false, "Startup Cost": 1.04, "Total Cost": 1.04, "Plan Rows": 4, "Plan Width": 4, "Actual Rows": 4, "Actual Loops": 6, "Hash Buckets": 1024, "Original Hash Buckets": 1024, "Hash Batches": 1, "Original Hash Batches": 1, "Peak Memory Usage": 9, "Workers": [], "Plans": [{"Node Type": "Seq Scan", "Parent Relationship": "Outer", "Parallel Aware": false, "Async Capable": false, "Relation Name": "company_type", "Alias": "ct", "Startup Cost": 0.0, "Total Cost": 1.04, "Plan Rows": 4, "Plan Width": 4, "Actual Rows": 4, "Actual Loops": 6, "Workers": []}]}]}]}]}, {"Node Type": "Hash", "Parent Relationship": "Inner", "Parallel Aware": true, "Async Capable": false, "Startup Cost": 3307.22, "Total Cost": 3307.22, "Plan Rows": 55904, "Plan Width": 4, "Actual Rows": 22362, "Actual Loops": 6, "Hash Buckets": 262144, "Original Hash Buckets": 262144, "Hash Batches": 1, "Original Hash Batches": 1, "Peak Memory Usage": 7424, "Workers": [], "Plans": [{"Node Type": "Index Only Scan", "Parent Relationship": "Outer", "Parallel Aware": true, "Async Capable": false, "Scan Direction": "Forward", "Index Name": "keyword_pkey", "Relation Name": "keyword", "Alias": "k", "Startup Cost": 0.42, "Total Cost": 3307.22, "Plan Rows": 55904, "Plan Width": 4, "Actual Rows": 22362, "Actual Loops": 6, "Heap Fetches": 0, "Workers": []}]}]}]}]}]}]}, "Planning Time": 18.028, "Triggers": [], "Execution Time": 3572.222}, {"Plan": {"Node Type": "Aggregate", "Strategy": "Plain", "Partial Mode": "Simple", "Parallel Aware": false, "Async Capable": false, "Startup Cost": 323480.83, "Total Cost": 323480.84, "Plan Rows": 1, "Plan Width": 64, "Actual Rows": 1, "Actual Loops": 1, "Plans": [{"Node Type": "Hash Join", "Parent Relationship": "Outer", "Parallel Aware": false, "Async Capable": false, "Join Type": "Inner", "Startup Cost": 263084.87, "Total Cost": 323480.81, "Plan Rows": 3, "Plan Width": 27, "Actual Rows": 306, "Actual Loops": 1, "Inner Unique": false, "Hash Cond": "(mc.movie_id = t.id)", "Plans": [{"Node Type": "Hash Join", "Parent Relationship": "Outer", "Parallel Aware": false, "Async Capable": false, "Join Type": "Inner", "Startup Cost": 7039.88, "Total Cost": 63900.7, "Plan Rows": 942696, "Plan Width": 4, "Actual Rows": 1153798, "Actual Loops": 1, "Inner Unique": true, "Hash Cond": "(mc.company_type_id = ct.id)", "Plans": [{"Node Type": "Hash Join", "Parent Relationship": "Outer", "Parallel Aware": false, "Async Capable": false, "Join Type": "Inner", "Startup Cost": 7038.79, "Total Cost": 58803.16, "Plan Rows": 942696, "Plan Width": 8, "Actual Rows": 1153798, "Actual Loops": 1, "Inner Unique": true, "Hash Cond": "(mc.company_id = cn.id)", "Plans": [{"Node Type": "Seq Scan", "Parent Relationship": "Outer", "Parallel Aware": false, "Async Capable": false, "Relation Name": "movie_companies", "Alias": "mc", "Startup Cost": 0.0, "Total Cost": 44915.29, "Plan Rows": 2609129, "Plan Width": 12, "Actual Rows": 2609129, "Actual Loops": 1}, {"Node Type": "Hash", "Parent Relationship": "Inner", "Parallel Aware": false, "Async Capable": false, "Startup Cost": 5977.46, "Total Cost": 5977.46, "Plan Rows": 84906, "Plan Width": 4, "Actual Rows": 84843, "Actual Loops": 1, "Hash Buckets": 131072, "Original Hash Buckets": 131072, "Hash Batches": 1, "Original Hash Batches": 1, "Peak Memory Usage": 4007, "Plans": [{"Node Type": "Seq Scan", "Parent Relationship": "Outer", "Parallel Aware": false, "Async Capable": false, "Relation Name": "company_name", "Alias": "cn", "Startup Cost": 0.0, "Total Cost": 5977.46, "Plan Rows": 84906, "Plan Width": 4, "Actual Rows": 84843, "Actual Loops": 1, "Filter": "((country_code)::text = '[us]'::text)", "Rows Removed by Filter": 150154}]}]}, {"Node Type": "Hash", "Parent Relationship": "Inner", "Parallel Aware": false, "Async Capable": false, "Startup Cost": 1.04, "Total Cost": 1.04, "Plan Rows": 4, "Plan Width": 4, "Actual Rows": 4, "Actual Loops": 1, "Hash Buckets": 1024, "Original Hash Buckets": 1024, "Hash Batches": 1, "Original Hash Batches": 1, "Peak Memory Usage": 9, "Plans": [{"Node Type": "Seq Scan", "Parent Relationship": "Outer", "Parallel Aware": false, "Async Capable": false, "Relation Name": "company_type", "Alias": "ct", "Startup Cost": 0.0, "Total Cost": 1.04, "Plan Rows": 4, "Plan Width": 4, "Actual Rows": 4, "Actual Loops": 1}]}]}, {"Node Type": "Hash", "Parent Relationship": "Inner", "Parallel Aware": false, "Async Capable": false, "Startup Cost": 256044.95, "Total Cost": 256044.95, "Plan Rows": 3, "Plan Width": 43, "Actual Rows": 306, "Actual Loops": 1, "Hash Buckets": 1024, "Original Hash Buckets": 1024, "Hash Batches": 1, "Original Hash Batches": 1, "Peak Memory Usage": 29, "Plans": [{"Node Type": "Nested Loop", "Parent Relationship": "Outer", "Parallel Aware": false, "Async Capable": false, "Join Type": "Inner", "Startup Cost": 207161.12, "Total Cost": 256044.95, "Plan Rows": 3, "Plan Width": 43, "Actual Rows": 306, "Actual Loops": 1, "Inner Unique": false, "Join Filter": "(t.id = cc.movie_id)", "Rows Removed by Join Filter": 14754894, "Plans": [{"Node Type": "Hash Join", "Parent Relationship": "Outer", "Parallel Aware": false, "Async Capable": false, "Join Type": "Inner", "Startup Cost": 1.06, "Total Cost": 2818.24, "Plan Rows": 33772, "Plan Width": 4, "Actual Rows": 24592, "Actual Loops": 1, "Inner Unique": true, "Hash Cond": "(cc.status_id = cct1.id)", "Plans": [{"Node Type": "Seq Scan", "Parent Relationship": "Outer", "Parallel Aware": false, "Async Capable": false, "Relation Name": "complete_cast", "Alias": "cc", "Startup Cost": 0.0, "Total Cost": 2086.86, "Plan Rows": 135086, "Plan Width": 8, "Actual Rows": 135086, "Actual Loops": 1}, {"Node Type": "Hash", "Parent Relationship": "Inner", "Parallel Aware": false, "Async Capable": false, "Startup Cost": 1.05, "Total Cost": 1.05, "Plan Rows": 1, "Plan Width": 4, "Actual Rows": 1, "Actual Loops": 1, "Hash Buckets": 1024, "Original Hash Buckets": 1024, "Hash Batches": 1, "Original Hash Batches": 1, "Peak Memory Usage": 9, "Plans": [{"Node Type": "Seq Scan", "Parent Relationship": "Outer", "Parallel Aware": false, "Async Capable": false, "Relation Name": "comp_cast_type", "Alias": "cct1", "Startup Cost": 0.0, "Total Cost": 1.05, "Plan Rows": 1, "Plan Width": 4, "Actual Rows": 1, "Actual Loops": 1, "Filter": "((kind)::text = 'complete+verified'::text)", "Rows Removed by Filter": 3}]}]}, {"Node Type": "Materialize", "Parent Relationship": "Inner", "Parallel Aware": false, "Async Capable": false, "Startup Cost": 207160.05, "Total Cost": 251706.98, "Plan Rows": 3, "Plan Width": 39, "Actual Rows": 600, "Actual Loops": 24592, "Plans": [{"Node Type": "Gather", "Parent Relationship": "Outer", "Parallel Aware": false, "Async Capable": false, "Startup Cost": 207160.05, "Total Cost": 251706.97, "Plan Rows": 3, "Plan Width": 39, "Actual Rows": 600, "Actual Loops": 1, "Workers Planned": 3, "Workers Launched": 3, "Single Copy": false, "Plans": [{"Node Type": "Nested Loop", "Parent Relationship": "Outer", "Parallel Aware": false, "Async Capable": false, "Join Type": "Inner", "Startup Cost": 206160.05, "Total Cost": 250706.67, "Plan Rows": 1, "Plan Width": 39, "Actual Rows": 150, "Actual Loops": 4, "Inner Unique": true, "Workers": [], "Plans": [{"Node Type": "Nested Loop", "Parent Relationship": "Outer", "Parallel Aware": false, "Async Capable": false, "Join Type": "Inner", "Startup Cost": 206159.63, "Total Cost": 250706.23, "Plan Rows": 1, "Plan Width": 43, "Actual Rows": 150, "Actual Loops": 4, "Inner Unique": true, "Workers": [], "Plans": [{"Node Type": "Nested Loop", "Parent Relationship": "Outer", "Parallel Aware": false, "Async Capable": false, "Join Type": "Inner", "Startup Cost": 206159.5, "Total Cost": 250705.91, "Plan Rows": 2, "Plan Width": 37, "Actual Rows": 215, "Actual Loops": 4, "Inner Unique": true, "Join Filter": "(t.id = mi.movie_id)", "Rows Removed by Join Filter": 0, "Workers": [], "Plans": [{"Node Type": "Hash Join", "Parent Relationship": "Outer", "Parallel Aware": true, "Async Capable": false, "Join Type": "Inner", "Startup Cost": 206159.07, "Total Cost": 250704.91, "Plan Rows": 2, "Plan Width": 12, "Actual Rows": 218, "Actual Loops": 4, "Inner Unique": false, "Hash Cond": "(mk.movie_id = mi.movie_id)", "Workers": [], "Plans": [{"Node Type": "Seq Scan", "Parent Relationship": "Outer", "Parallel Aware": true, "Async Capable": false, "Relation Name": "movie_keyword", "Alias": "mk", "Startup Cost": 0.0, "Total Cost": 39073.32, "Plan Rows": 1459332, "Plan Width": 8, "Actual Rows": 1130982, "Actual Loops": 4, "Workers": []}, {"Node Type": "Hash", "Parent Relationship": "Inner", "Parallel Aware": true, "Async Capable": false, "Startup Cost": 206159.06, "Total Cost": 206159.06, "Plan Rows": 1, "Plan Width": 4, "Actual Rows": 124, "Actual Loops": 4, "Hash Buckets": 1024, "Original Hash Buckets": 1024, "Hash Batches": 1, "Original Hash Batches": 1, "Peak Memory Usage": 136, "Workers": [], "Plans": [{"Node Type": "Hash Join", "Parent Relationship": "Outer", "Parallel Aware": false, "Async Capable": false, "Join Type": "Inner", "Startup Cost": 2.43, "Total Cost": 206159.06, "Plan Rows": 1, "Plan Width": 4, "Actual Rows": 124, "Actual Loops": 4, "Inner Unique": true, "Hash Cond": "(mi.info_type_id = it1.id)", "Workers": [], "Plans": [{"Node Type": "Seq Scan", "Parent Relationship": "Outer", "Parallel Aware": true, "Async Capable": false, "Relation Name": "movie_info", "Alias": "mi", "Startup Cost": 0.0, "Total Cost": 206156.59, "Plan Rows": 15, "Plan Width": 8, "Actual Rows": 124, "Actual Loops": 4, "Filter": "(((note)::text ~~ '%internet%'::text) AND ((info)::text ~~ 'USA:%2008%'::text))", "Rows Removed by Filter": 3708806, "Workers": []}, {"Node Type": "Hash", "Parent Relationship": "Inner", "Parallel Aware": false, "Async Capable": false, "Startup Cost": 2.41, "Total Cost": 2.41, "Plan Rows": 1, "Plan Width": 4, "Actual Rows": 1, "Actual Loops": 4, "Hash Buckets": 1024, "Original Hash Buckets": 1024, "Hash Batches": 1, "Original Hash Batches": 1, "Peak Memory Usage": 9, "Workers": [], "Plans": [{"Node Type": "Seq Scan", "Parent Relationship": "Outer", "Parallel Aware": false, "Async Capable": false, "Relation Name": "info_type", "Alias": "it1", "Startup Cost": 0.0, "Total Cost": 2.41, "Plan Rows": 1, "Plan Width": 4, "Actual Rows": 1, "Actual Loops": 4, "Filter": "((info)::text = 'release dates'::text)", "Rows Removed by Filter": 112, "Workers": []}]}]}]}]}, {"Node Type": "Index Scan", "Parent Relationship": "Inner", "Parallel Aware": false, "Async Capable": false, "Scan Direction": "Forward", "Index Name": "title_pkey", "Relation Name": "title", "Alias": "t", "Startup Cost": 0.43, "Total Cost": 0.49, "Plan Rows": 1, "Plan Width": 25, "Actual Rows": 1, "Actual Loops": 870, "Index Cond": "(id = mk.movie_id)", "Rows Removed by Index Recheck": 0, "Filter": "(production_year >= 1976)", "Rows Removed by Filter": 0, "Workers": []}]}, {"Node Type": "Index Scan", "Parent Relationship": "Inner", "Parallel Aware": false, "Async Capable": false, "Scan Direction": "Forward", "Index Name": "kind_type_pkey", "Relation Name": "kind_type", "Alias": "kt", "Startup Cost": 0.13, "Total Cost": 0.15, "Plan Rows": 1, "Plan Width": 14, "Actual Rows": 1, "Actual Loops": 860, "Index Cond": "(id = t.kind_id)", "Rows Removed by Index Recheck": 0, "Filter": "((kind)::text = ANY ('{episode,movie,\"tv movie\"}'::text[]))", "Rows Removed by Filter": 0, "Workers": []}]}, {"Node Type": "Index Only Scan", "Parent Relationship": "Inner", "Parallel Aware": false, "Async Capable": false, "Scan Direction": "Forward", "Index Name": "keyword_pkey", "Relation Name": "keyword", "Alias": "k", "Startup Cost": 0.42, "Total Cost": 0.44, "Plan Rows": 1, "Plan Width": 4, "Actual Rows": 1, "Actual Loops": 600, "Index Cond": "(id = mk.keyword_id)", "Rows Removed by Index Recheck": 0, "Heap Fetches": 0, "Workers": []}]}]}]}]}]}]}]}, "Planning Time": 17.846, "Triggers": [], "Execution Time": 2565.553}, {"Plan": {"Node Type": "Aggregate", "Strategy": "Plain", "Partial Mode": "Simple", "Parallel Aware": false, "Async Capable": false, "Startup Cost": 350623.39, "Total Cost": 350623.4, "Plan Rows": 1, "Plan Width": 64, "Actual Rows": 1, "Actual Loops": 1, "Plans": [{"Node Type": "Gather", "Parent Relationship": "Outer", "Parallel Aware": false, "Async Capable": false, "Startup Cost": 254695.89, "Total Cost": 350623.37, "Plan Rows": 3, "Plan Width": 27, "Actual Rows": 306, "Actual Loops": 1, "Workers Planned": 3, "Workers Launched": 3, "Single Copy": false, "Plans": [{"Node Type": "Hash Join", "Parent Relationship": "Outer", "Parallel Aware": true, "Async Capable": false, "Join Type": "Inner", "Startup Cost": 253695.89, "Total Cost": 349623.07, "Plan Rows": 1, "Plan Width": 27, "Actual Rows": 76, "Actual Loops": 4, "Inner Unique": false, "Hash Cond": "(mk.movie_id = t.id)", "Workers": [], "Plans": [{"Node Type": "Hash Join", "Parent Relationship": "Outer", "Parallel Aware": true, "Async Capable": false, "Join Type": "Inner", "Startup Cost": 44294.48, "Total Cost": 131330.37, "Plan Rows": 2371007, "Plan Width": 8, "Actual Rows": 3044408, "Actual Loops": 4, "Inner Unique": false, "Hash Cond": "(mk.movie_id = mc.movie_id)", "Workers": [], "Plans": [{"Node Type": "Hash Join", "Parent Relationship": "Outer", "Parallel Aware": true, "Async Capable": false, "Join Type": "Inner", "Startup Cost": 4006.02, "Total Cost": 46910.21, "Plan Rows": 1459332, "Plan Width": 4, "Actual Rows": 1130982, "Actual Loops": 4, "Inner Unique": true, "Hash Cond": "(mk.keyword_id = k.id)", "Workers": [], "Plans": [{"Node Type": "Seq Scan", "Parent Relationship": "Outer", "Parallel Aware": true, "Async Capable": false, "Relation Name": "movie_keyword", "Alias": "mk", "Startup Cost": 0.0, "Total Cost": 39073.32, "Plan Rows": 1459332, "Plan Width": 8, "Actual Rows": 1130982, "Actual Loops": 4, "Workers": []}, {"Node Type": "Hash", "Parent Relationship": "Inner", "Parallel Aware": true, "Async Capable": false, "Startup Cost": 3307.22, "Total Cost": 3307.22, "Plan Rows": 55904, "Plan Width": 4, "Actual Rows": 33542, "Actual Loops": 4, "Hash Buckets": 262144, "Original Hash Buckets": 262144, "Hash Batches": 1, "Original Hash Batches": 1, "Peak Memory Usage": 7360, "Workers": [], "Plans": [{"Node Type": "Index Only Scan", "Parent Relationship": "Outer", "Parallel Aware": true, "Async Capable": false, "Scan Direction": "Forward", "Index Name": "keyword_pkey", "Relation Name": "keyword", "Alias": "k", "Startup Cost": 0.42, "Total Cost": 3307.22, "Plan Rows": 55904, "Plan Width": 4, "Actual Rows": 33542, "Actual Loops": 4, "Heap Fetches": 0, "Workers": []}]}]}, {"Node Type": "Hash", "Parent Relationship": "Inner", "Parallel Aware": true, "Async Capable": false, "Startup Cost": 36487.27, "Total Cost": 36487.27, "Plan Rows": 304095, "Plan Width": 4, "Actual Rows": 288450, "Actual Loops": 4, "Hash Buckets": 2097152, "Original Hash Buckets": 1048576, "Hash Batches": 1, "Original Hash Batches": 1, "Peak Memory Usage": 69792, "Workers": [], "Plans": [{"Node Type": "Hash Join", "Parent Relationship": "Outer", "Parallel Aware": false, "Async Capable": false, "Join Type": "Inner", "Startup Cost": 5393.32, "Total Cost": 36487.27, "Plan Rows": 304095, "Plan Width": 4, "Actual Rows": 288450, "Actual Loops": 4, "Inner Unique": true, "Hash Cond": "(mc.company_type_id = ct.id)", "Workers": [], "Plans": [{"Node Type": "Hash Join", "Parent Relationship": "Outer", "Parallel Aware": true, "Async Capable": false, "Join Type": "Inner", "Startup Cost": 5392.23, "Total Cost": 34842.17, "Plan Rows": 304095, "Plan Width": 8, "Actual Rows": 288450, "Actual Loops": 4, "Inner Unique": true, "Hash Cond": "(mc.company_id = cn.id)", "Workers": [], "Plans": [{"Node Type": "Seq Scan", "Parent Relationship": "Outer", "Parallel Aware": true, "Async Capable": false, "Relation Name": "movie_companies", "Alias": "mc", "Startup Cost": 0.0, "Total Cost": 27240.55, "Plan Rows": 841655, "Plan Width": 12, "Actual Rows": 652282, "Actual Loops": 4, "Workers": []}, {"Node Type": "Hash", "Parent Relationship": "Inner", "Parallel Aware": true, "Async Capable": false, "Startup Cost": 4767.92, "Total Cost": 4767.92, "Plan Rows": 49945, "Plan Width": 4, "Actual Rows": 21211, "Actual Loops": 4, "Hash Buckets": 131072, "Original Hash Buckets": 131072, "Hash Batches": 1, "Original Hash Batches": 1, "Peak Memory Usage": 4416, "Workers": [], "Plans": [{"Node Type": "Seq Scan", "Parent Relationship": "Outer", "Parallel Aware": true, "Async Capable": false, "Relation Name": "company_name", "Alias": "cn", "Startup Cost": 0.0, "Total Cost": 4767.92, "Plan Rows": 49945, "Plan Width": 4, "Actual Rows": 21211, "Actual Loops": 4, "Filter": "((country_code)::text = '[us]'::text)", "Rows Removed by Filter": 37538, "Workers": []}]}]}, {"Node Type": "Hash", "Parent Relationship": "Inner", "Parallel Aware": false, "Async Capable": false, "Startup Cost": 1.04, "Total Cost": 1.04, "Plan Rows": 4, "Plan Width": 4, "Actual Rows": 4, "Actual Loops": 4, "Hash Buckets": 1024, "Original Hash Buckets": 1024, "Hash Batches": 1, "Original Hash Batches": 1, "Peak Memory Usage": 9, "Workers": [], "Plans": [{"Node Type": "Seq Scan", "Parent Relationship": "Outer", "Parallel Aware": false, "Async Capable": false, "Relation Name": "company_type", "Alias": "ct", "Startup Cost": 0.0, "Total Cost": 1.04, "Plan Rows": 4, "Plan Width": 4, "Actual Rows": 4, "Actual Loops": 4, "Workers": []}]}]}]}]}, {"Node Type": "Hash", "Parent Relationship": "Inner", "Parallel Aware": true, "Async Capable": false, "Startup Cost": 209401.4, "Total Cost": 209401.4, "Plan Rows": 1, "Plan Width": 39, "Actual Rows": 0, "Actual Loops": 4, "Hash Buckets": 1024, "Original Hash Buckets": 1024, "Hash Batches": 1, "Original Hash Batches": 1, "Peak Memory Usage": 40, "Workers": [], "Plans": [{"Node Type": "Nested Loop", "Parent Relationship": "Outer", "Parallel Aware": false, "Async Capable": false, "Join Type": "Inner", "Startup Cost": 4.05, "Total Cost": 209401.4, "Plan Rows": 1, "Plan Width": 39, "Actual Rows": 0, "Actual Loops": 4, "Inner Unique": true, "Workers": [], "Plans": [{"Node Type": "Nested Loop", "Parent Relationship": "Outer", "Parallel Aware": false, "Async Capable": false, "Join Type": "Inner", "Startup Cost": 3.92, "Total Cost": 209401.24, "Plan Rows": 1, "Plan Width": 33, "Actual Rows": 0, "Actual Loops": 4, "Inner Unique": true, "Join Filter": "(t.id = mi.movie_id)", "Rows Removed by Join Filter": 0, "Workers": [], "Plans": [{"Node Type": "Nested Loop", "Parent Relationship": "Outer", "Parallel Aware": false, "Async Capable": false, "Join Type": "Inner", "Startup Cost": 3.49, "Total Cost": 209399.45, "Plan Rows": 1, "Plan Width": 8, "Actual Rows": 0, "Actual Loops": 4, "Inner Unique": false, "Join Filter": "(cc.movie_id = mi.movie_id)", "Rows Removed by Join Filter": 3043260, "Workers": [], "Plans": [{"Node Type": "Hash Join", "Parent Relationship": "Outer", "Parallel Aware": false, "Async Capable": false, "Join Type": "Inner", "Startup Cost": 2.43, "Total Cost": 206159.06, "Plan Rows": 1, "Plan Width": 4, "Actual Rows": 124, "Actual Loops": 4, "Inner Unique": true, "Hash Cond": "(mi.info_type_id = it1.id)", "Workers": [], "Plans": [{"Node Type": "Seq Scan", "Parent Relationship": "Outer", "Parallel Aware": true, "Async Capable": false, "Relation Name": "movie_info", "Alias": "mi", "Startup Cost": 0.0, "Total Cost": 206156.59, "Plan Rows": 15, "Plan Width": 8, "Actual Rows": 124, "Actual Loops": 4, "Filter": "(((note)::text ~~ '%internet%'::text) AND ((info)::text ~~ 'USA:%2008%'::text))", "Rows Removed by Filter": 3708806, "Workers": []}, {"Node Type": "Hash", "Parent Relationship": "Inner", "Parallel Aware": false, "Async Capable": false, "Startup Cost": 2.41, "Total Cost": 2.41, "Plan Rows": 1, "Plan Width": 4, "Actual Rows": 1, "Actual Loops": 4, "Hash Buckets": 1024, "Original Hash Buckets": 1024, "Hash Batches": 1, "Original Hash Batches": 1, "Peak Memory Usage": 9, "Workers": [], "Plans": [{"Node Type": "Seq Scan", "Parent Relationship": "Outer", "Parallel Aware": false, "Async Capable": false, "Relation Name": "info_type", "Alias": "it1", "Startup Cost": 0.0, "Total Cost": 2.41, "Plan Rows": 1, "Plan Width": 4, "Actual Rows": 1, "Actual Loops": 4, "Filter": "((info)::text = 'release dates'::text)", "Rows Removed by Filter": 112, "Workers": []}]}]}, {"Node Type": "Hash Join", "Parent Relationship": "Inner", "Parallel Aware": false, "Async Capable": false, "Join Type": "Inner", "Startup Cost": 1.06, "Total Cost": 2818.24, "Plan Rows": 33772, "Plan Width": 4, "Actual Rows": 24592, "Actual Loops": 495, "Inner Unique": true, "Hash Cond": "(cc.status_id = cct1.id)", "Workers": [], "Plans": [{"Node Type": "Seq Scan", "Parent Relationship": "Outer", "Parallel Aware": false, "Async Capable": false, "Relation Name": "complete_cast", "Alias": "cc", "Startup Cost": 0.0, "Total Cost": 2086.86, "Plan Rows": 135086, "Plan Width": 8, "Actual Rows": 135086, "Actual Loops": 495, "Workers": []}, {"Node Type": "Hash", "Parent Relationship": "Inner", "Parallel Aware": false, "Async Capable": false, "Startup Cost": 1.05, "Total Cost": 1.05, "Plan Rows": 1, "Plan Width": 4, "Actual Rows": 1, "Actual Loops": 4, "Hash Buckets": 1024, "Original Hash Buckets": 1024, "Hash Batches": 1, "Original Hash Batches": 1, "Peak Memory Usage": 9, "Workers": [], "Plans": [{"Node Type": "Seq Scan", "Parent Relationship": "Outer", "Parallel Aware": false, "Async Capable": false, "Relation Name": "comp_cast_type", "Alias": "cct1", "Startup Cost": 0.0, "Total Cost": 1.05, "Plan Rows": 1, "Plan Width": 4, "Actual Rows": 1, "Actual Loops": 4, "Filter": "((kind)::text = 'complete+verified'::text)", "Rows Removed by Filter": 3, "Workers": []}]}]}]}, {"Node Type": "Index Scan", "Parent Relationship": "Inner", "Parallel Aware": false, "Async Capable": false, "Scan Direction": "Forward", "Index Name": "title_pkey", "Relation Name": "title", "Alias": "t", "Startup Cost": 0.43, "Total Cost": 1.78, "Plan Rows": 1, "Plan Width": 25, "Actual Rows": 1, "Actual Loops": 2, "Index Cond": "(id = cc.movie_id)", "Rows Removed by Index Recheck": 0, "Filter": "(production_year >= 1976)", "Rows Removed by Filter": 0, "Workers": []}]}, {"Node Type": "Index Scan", "Parent Relationship": "Inner", "Parallel Aware": false, "Async Capable": false, "Scan Direction": "Forward", "Index Name": "kind_type_pkey", "Relation Name": "kind_type", "Alias": "kt", "Startup Cost": 0.13, "Total Cost": 0.15, "Plan Rows": 1, "Plan Width": 14, "Actual Rows": 1, "Actual Loops": 2, "Index Cond": "(id = t.kind_id)", "Rows Removed by Index Recheck": 0, "Filter": "((kind)::text = ANY ('{episode,movie,\"tv movie\"}'::text[]))", "Rows Removed by Filter": 0, "Workers": []}]}]}]}]}]}, "Planning Time": 19.725, "Triggers": [], "Execution Time": 3611.596}, {"Plan": {"Node Type": "Aggregate", "Strategy": "Plain", "Partial Mode": "Simple", "Parallel Aware": false, "Async Capable": false, "Startup Cost": 331268.17, "Total Cost": 331268.18, "Plan Rows": 1, "Plan Width": 64, "Actual Rows": 1, "Actual Loops": 1, "Plans": [{"Node Type": "Gather", "Parent Relationship": "Outer", "Parallel Aware": false, "Async Capable": false, "Startup Cost": 286721.55, "Total Cost": 331268.16, "Plan Rows": 3, "Plan Width": 27, "Actual Rows": 306, "Actual Loops": 1, "Workers Planned": 3, "Workers Launched": 3, "Single Copy": false, "Plans": [{"Node Type": "Hash Join", "Parent Relationship": "Outer", "Parallel Aware": true, "Async Capable": false, "Join Type": "Inner", "Startup Cost": 285721.55, "Total Cost": 330267.86, "Plan Rows": 1, "Plan Width": 27, "Actual Rows": 76, "Actual Loops": 4, "Inner Unique": false, "Hash Cond": "(mi.movie_id = t.id)", "Workers": [], "Plans": [{"Node Type": "Nested Loop", "Parent Relationship": "Outer", "Parallel Aware": false, "Async Capable": false, "Join Type": "Inner", "Startup Cost": 236556.87, "Total Cost": 281103.16, "Plan Rows": 2, "Plan Width": 12, "Actual Rows": 403, "Actual Loops": 4, "Inner Unique": true, "Workers": [], "Plans": [{"Node Type": "Hash Join", "Parent Relationship": "Outer", "Parallel Aware": true, "Async Capable": false, "Join Type": "Inner", "Startup Cost": 236556.45, "Total Cost": 281102.28, "Plan Rows": 2, "Plan Width": 16, "Actual Rows": 403, "Actual Loops": 4, "Inner Unique": false, "Hash Cond": "(mk.movie_id = mi.movie_id)", "Workers": [], "Plans": [{"Node Type": "Seq Scan", "Parent Relationship": "Outer", "Parallel Aware": true, "Async Capable": false, "Relation Name": "movie_keyword", "Alias": "mk", "Startup Cost": 0.0, "Total Cost": 39073.32, "Plan Rows": 1459332, "Plan Width": 8, "Actual Rows": 1130982, "Actual Loops": 4, "Workers": []}, {"Node Type": "Hash", "Parent Relationship": "Inner", "Parallel Aware": true, "Async Capable": false, "Startup Cost": 236556.43, "Total Cost": 236556.43, "Plan Rows": 1, "Plan Width": 8, "Actual Rows": 177, "Actual Loops": 4, "Hash Buckets": 1024, "Original Hash Buckets": 1024, "Hash Batches": 1, "Original Hash Batches": 1, "Peak Memory Usage": 136, "Workers": [], "Plans": [{"Node Type": "Nested Loop", "Parent Relationship": "Outer", "Parallel Aware": false, "Async Capable": false, "Join Type": "Inner", "Startup Cost": 206159.62, "Total Cost": 236556.43, "Plan Rows": 1, "Plan Width": 8, "Actual Rows": 177, "Actual Loops": 4, "Inner Unique": true, "Workers": [], "Plans": [{"Node Type": "Nested Loop", "Parent Relationship": "Outer", "Parallel Aware": false, "Async Capable": false, "Join Type": "Inner", "Startup Cost": 206159.49, "Total Cost": 236556.28, "Plan Rows": 1, "Plan Width": 12, "Actual Rows": 177, "Actual Loops": 4, "Inner Unique": true, "Workers": [], "Plans": [{"Node Type": "Hash Join", "Parent Relationship": "Outer", "Parallel Aware": true, "Async Capable": false, "Join Type": "Inner", "Startup Cost": 206159.07, "Total Cost": 236555.83, "Plan Rows": 1, "Plan Width": 16, "Actual Rows": 192, "Actual Loops": 4, "Inner Unique": false, "Hash Cond": "(mc.movie_id = mi.movie_id)", "Workers": [], "Plans": [{"Node Type": "Seq Scan", "Parent Relationship": "Outer", "Parallel Aware": true, "Async Capable": false, "Relation Name": "movie_companies", "Alias": "mc", "Startup Cost": 0.0, "Total Cost": 27240.55, "Plan Rows": 841655, "Plan Width": 12, "Actual Rows": 652282, "Actual Loops": 4, "Workers": []}, {"Node Type": "Hash", "Parent Relationship": "Inner", "Parallel Aware": true, "Async Capable": false, "Startup Cost": 206159.06, "Total Cost": 206159.06, "Plan Rows": 1, "Plan Width": 4, "Actual Rows": 124, "Actual Loops": 4, "Hash Buckets": 1024, "Original Hash Buckets": 1024, "Hash Batches": 1, "Original Hash Batches": 1, "Peak Memory Usage": 136, "Workers": [], "Plans": [{"Node Type": "Hash Join", "Parent Relationship": "Outer", "Parallel Aware": false, "Async Capable": false, "Join Type": "Inner", "Startup Cost": 2.43, "Total Cost": 206159.06, "Plan Rows": 1, "Plan Width": 4, "Actual Rows": 124, "Actual Loops": 4, "Inner Unique": true, "Hash Cond": "(mi.info_type_id = it1.id)", "Workers": [], "Plans": [{"Node Type": "Seq Scan", "Parent Relationship": "Outer", "Parallel Aware": true, "Async Capable": false, "Relation Name": "movie_info", "Alias": "mi", "Startup Cost": 0.0, "Total Cost": 206156.59, "Plan Rows": 15, "Plan Width": 8, "Actual Rows": 124, "Actual Loops": 4, "Filter": "(((note)::text ~~ '%internet%'::text) AND ((info)::text ~~ 'USA:%2008%'::text))", "Rows Removed by Filter": 3708806, "Workers": []}, {"Node Type": "Hash", "Parent Relationship": "Inner", "Parallel Aware": false, "Async Capable": false, "Startup Cost": 2.41, "Total Cost": 2.41, "Plan Rows": 1, "Plan Width": 4, "Actual Rows": 1, "Actual Loops": 4, "Hash Buckets": 1024, "Original Hash Buckets": 1024, "Hash Batches": 1, "Original Hash Batches": 1, "Peak Memory Usage": 9, "Workers": [], "Plans": [{"Node Type": "Seq Scan", "Parent Relationship": "Outer", "Parallel Aware": false, "Async Capable": false, "Relation Name": "info_type", "Alias": "it1", "Startup Cost": 0.0, "Total Cost": 2.41, "Plan Rows": 1, "Plan Width": 4, "Actual Rows": 1, "Actual Loops": 4, "Filter": "((info)::text = 'release dates'::text)", "Rows Removed by Filter": 112, "Workers": []}]}]}]}]}, {"Node Type": "Index Scan", "Parent Relationship": "Inner", "Parallel Aware": false, "Async Capable": false, "Scan Direction": "Forward", "Index Name": "company_name_pkey", "Relation Name": "company_name", "Alias": "cn", "Startup Cost": 0.42, "Total Cost": 0.45, "Plan Rows": 1, "Plan Width": 4, "Actual Rows": 1, "Actual Loops": 766, "Index Cond": "(id = mc.company_id)", "Rows Removed by Index Recheck": 0, "Filter": "((country_code)::text = '[us]'::text)", "Rows Removed by Filter": 0, "Workers": []}]}, {"Node Type": "Index Only Scan", "Parent Relationship": "Inner", "Parallel Aware": false, "Async Capable": false, "Scan Direction": "Forward", "Index Name": "company_type_pkey", "Relation Name": "company_type", "Alias": "ct", "Startup Cost": 0.13, "Total Cost": 0.15, "Plan Rows": 1, "Plan Width": 4, "Actual Rows": 1, "Actual Loops": 707, "Index Cond": "(id = mc.company_type_id)", "Rows Removed by Index Recheck": 0, "Heap Fetches": 707, "Workers": []}]}]}]}, {"Node Type": "Index Only Scan", "Parent Relationship": "Inner", "Parallel Aware": false, "Async Capable": false, "Scan Direction": "Forward", "Index Name": "keyword_pkey", "Relation Name": "keyword", "Alias": "k", "Startup Cost": 0.42, "Total Cost": 0.44, "Plan Rows": 1, "Plan Width": 4, "Actual Rows": 1, "Actual Loops": 1612, "Index Cond": "(id = mk.keyword_id)", "Rows Removed by Index Recheck": 0, "Heap Fetches": 0, "Workers": []}]}, {"Node Type": "Hash", "Parent Relationship": "Inner", "Parallel Aware": true, "Async Capable": false, "Startup Cost": 49128.76, "Total Cost": 49128.76, "Plan Rows": 2874, "Plan Width": 35, "Actual Rows": 2456, "Actual Loops": 4, "Hash Buckets": 16384, "Original Hash Buckets": 16384, "Hash Batches": 1, "Original Hash Batches": 1, "Peak Memory Usage": 832, "Workers": [], "Plans": [{"Node Type": "Hash Join", "Parent Relationship": "Outer", "Parallel Aware": false, "Async Capable": false, "Join Type": "Inner", "Startup Cost": 3241.52, "Total Cost": 49128.76, "Plan Rows": 2874, "Plan Width": 35, "Actual Rows": 2456, "Actual Loops": 4, "Inner Unique": true, "Hash Cond": "(t.kind_id = kt.id)", "Workers": [], "Plans": [{"Node Type": "Hash Join", "Parent Relationship": "Outer", "Parallel Aware": false, "Async Capable": false, "Join Type": "Inner", "Startup Cost": 3240.39, "Total Cost": 49099.36, "Plan Rows": 6707, "Plan Width": 29, "Actual Rows": 2578, "Actual Loops": 4, "Inner Unique": false, "Hash Cond": "(t.id = cc.movie_id)", "Workers": [], "Plans": [{"Node Type": "Seq Scan", "Parent Relationship": "Outer", "Parallel Aware": true, "Async Capable": false, "Relation Name": "title", "Alias": "t", "Startup Cost": 0.0, "Total Cost": 43908.97, "Plan Rows": 502114, "Plan Width": 25, "Actual Rows": 501162, "Actual Loops": 4, "Filter": "(production_year >= 1976)", "Rows Removed by Filter": 130916, "Workers": []}, {"Node Type": "Hash", "Parent Relationship": "Inner", "Parallel Aware": false, "Async Capable": false, "Startup Cost": 2818.24, "Total Cost": 2818.24, "Plan Rows": 33772, "Plan Width": 4, "Actual Rows": 24592, "Actual Loops": 4, "Hash Buckets": 65536, "Original Hash Buckets": 65536, "Hash Batches": 1, "Original Hash Batches": 1, "Peak Memory Usage": 1377, "Workers": [], "Plans": [{"Node Type": "Hash Join", "Parent Relationship": "Outer", "Parallel Aware": false, "Async Capable": false, "Join Type": "Inner", "Startup Cost": 1.06, "Total Cost": 2818.24, "Plan Rows": 33772, "Plan Width": 4, "Actual Rows": 24592, "Actual Loops": 4, "Inner Unique": true, "Hash Cond": "(cc.status_id = cct1.id)", "Workers": [], "Plans": [{"Node Type": "Seq Scan", "Parent Relationship": "Outer", "Parallel Aware": false, "Async Capable": false, "Relation Name": "complete_cast", "Alias": "cc", "Startup Cost": 0.0, "Total Cost": 2086.86, "Plan Rows": 135086, "Plan Width": 8, "Actual Rows": 135086, "Actual Loops": 4, "Workers": []}, {"Node Type": "Hash", "Parent Relationship": "Inner", "Parallel Aware": false, "Async Capable": false, "Startup Cost": 1.05, "Total Cost": 1.05, "Plan Rows": 1, "Plan Width": 4, "Actual Rows": 1, "Actual Loops": 4, "Hash Buckets": 1024, "Original Hash Buckets": 1024, "Hash Batches": 1, "Original Hash Batches": 1, "Peak Memory Usage": 9, "Workers": [], "Plans": [{"Node Type": "Seq Scan", "Parent Relationship": "Outer", "Parallel Aware": false, "Async Capable": false, "Relation Name": "comp_cast_type", "Alias": "cct1", "Startup Cost": 0.0, "Total Cost": 1.05, "Plan Rows": 1, "Plan Width": 4, "Actual Rows": 1, "Actual Loops": 4, "Filter": "((kind)::text = 'complete+verified'::text)", "Rows Removed by Filter": 3, "Workers": []}]}]}]}]}, {"Node Type": "Hash", "Parent Relationship": "Inner", "Parallel Aware": false, "Async Capable": false, "Startup Cost": 1.1, "Total Cost": 1.1, "Plan Rows": 3, "Plan Width": 14, "Actual Rows": 3, "Actual Loops": 4, "Hash Buckets": 1024, "Original Hash Buckets": 1024, "Hash Batches": 1, "Original Hash Batches": 1, "Peak Memory Usage": 9, "Workers": [], "Plans": [{"Node Type": "Seq Scan", "Parent Relationship": "Outer", "Parallel Aware": false, "Async Capable": false, "Relation Name": "kind_type", "Alias": "kt", "Startup Cost": 0.0, "Total Cost": 1.1, "Plan Rows": 3, "Plan Width": 14, "Actual Rows": 3, "Actual Loops": 4, "Filter": "((kind)::text = ANY ('{episode,movie,\"tv movie\"}'::text[]))", "Rows Removed by Filter": 4, "Workers": []}]}]}]}]}]}]}, "Planning Time": 21.979, "Triggers": [], "Execution Time": 1141.474}, {"Plan": {"Node Type": "Aggregate", "Strategy": "Plain", "Partial Mode": "Simple", "Parallel Aware": false, "Async Capable": false, "Startup Cost": 285346.89, "Total Cost": 285346.9, "Plan Rows": 1, "Plan Width": 64, "Actual Rows": 1, "Actual Loops": 1, "Plans": [{"Node Type": "Gather", "Parent Relationship": "Outer", "Parallel Aware": false, "Async Capable": false, "Startup Cost": 240797.41, "Total Cost": 285346.88, "Plan Rows": 3, "Plan Width": 27, "Actual Rows": 306, "Actual Loops": 1, "Workers Planned": 3, "Workers Launched": 3, "Single Copy": false, "Plans": [{"Node Type": "Nested Loop", "Parent Relationship": "Outer", "Parallel Aware": false, "Async Capable": false, "Join Type": "Inner", "Startup Cost": 239797.41, "Total Cost": 284346.58, "Plan Rows": 1, "Plan Width": 27, "Actual Rows": 76, "Actual Loops": 4, "Inner Unique": true, "Workers": [], "Plans": [{"Node Type": "Nested Loop", "Parent Relationship": "Outer", "Parallel Aware": false, "Async Capable": false, "Join Type": "Inner", "Startup Cost": 239797.26, "Total Cost": 284344.86, "Plan Rows": 5, "Plan Width": 31, "Actual Rows": 76, "Actual Loops": 4, "Inner Unique": true, "Workers": [], "Plans": [{"Node Type": "Hash Join", "Parent Relationship": "Outer", "Parallel Aware": true, "Async Capable": false, "Join Type": "Inner", "Startup Cost": 239796.84, "Total Cost": 284342.67, "Plan Rows": 5, "Plan Width": 35, "Actual Rows": 76, "Actual Loops": 4, "Inner Unique": false, "Hash Cond": "(mk.movie_id = t.id)", "Workers": [], "Plans": [{"Node Type": "Seq Scan", "Parent Relationship": "Outer", "Parallel Aware": true, "Async Capable": false, "Relation Name": "movie_keyword", "Alias": "mk", "Startup Cost": 0.0, "Total Cost": 39073.32, "Plan Rows": 1459332, "Plan Width": 8, "Actual Rows": 1130982, "Actual Loops": 4, "Workers": []}, {"Node Type": "Hash", "Parent Relationship": "Inner", "Parallel Aware": true, "Async Capable": false, "Startup Cost": 239796.83, "Total Cost": 239796.83, "Plan Rows": 1, "Plan Width": 47, "Actual Rows": 0, "Actual Loops": 4, "Hash Buckets": 1024, "Original Hash Buckets": 1024, "Hash Batches": 1, "Original Hash Batches": 1, "Peak Memory Usage": 40, "Workers": [], "Plans": [{"Node Type": "Nested Loop", "Parent Relationship": "Outer", "Parallel Aware": false, "Async Capable": false, "Join Type": "Inner", "Startup Cost": 209399.57, "Total Cost": 239796.83, "Plan Rows": 1, "Plan Width": 47, "Actual Rows": 0, "Actual Loops": 4, "Inner Unique": true, "Workers": [], "Plans": [{"Node Type": "Nested Loop", "Parent Relationship": "Outer", "Parallel Aware": false, "Async Capable": false, "Join Type": "Inner", "Startup Cost": 209399.44, "Total Cost": 239796.67, "Plan Rows": 1, "Plan Width": 51, "Actual Rows": 0, "Actual Loops": 4, "Inner Unique": true, "Workers": [], "Plans": [{"Node Type": "Hash Join", "Parent Relationship": "Outer", "Parallel Aware": true, "Async Capable": false, "Join Type": "Inner", "Startup Cost": 209399.02, "Total Cost": 239795.78, "Plan Rows": 2, "Plan Width": 55, "Actual Rows": 0, "Actual Loops": 4, "Inner Unique": false, "Hash Cond": "(mc.movie_id = t.id)", "Workers": [], "Plans": [{"Node Type": "Seq Scan", "Parent Relationship": "Outer", "Parallel Aware": true, "Async Capable": false, "Relation Name": "movie_companies", "Alias": "mc", "Startup Cost": 0.0, "Total Cost": 27240.55, "Plan Rows": 841655, "Plan Width": 12, "Actual Rows": 652282, "Actual Loops": 4, "Workers": []}, {"Node Type": "Hash", "Parent Relationship": "Inner", "Parallel Aware": true, "Async Capable": false, "Startup Cost": 209399.01, "Total Cost": 209399.01, "Plan Rows": 1, "Plan Width": 43, "Actual Rows": 0, "Actual Loops": 4, "Hash Buckets": 1024, "Original Hash Buckets": 1024, "Hash Batches": 1, "Original Hash Batches": 1, "Peak Memory Usage": 40, "Workers": [], "Plans": [{"Node Type": "Nested Loop", "Parent Relationship": "Outer", "Parallel Aware": false, "Async Capable": false, "Join Type": "Inner", "Startup Cost": 3240.95, "Total Cost": 209399.01, "Plan Rows": 1, "Plan Width": 43, "Actual Rows": 0, "Actual Loops": 4, "Inner Unique": true, "Workers": [], "Plans": [{"Node Type": "Nested Loop", "Parent Relationship": "Outer", "Parallel Aware": false, "Async Capable": false, "Join Type": "Inner", "Startup Cost": 3240.82, "Total Cost": 209398.84, "Plan Rows": 1, "Plan Width": 37, "Actual Rows": 0, "Actual Loops": 4, "Inner Unique": true, "Join Filter": "(t.id = mi.movie_id)", "Rows Removed by Join Filter": 0, "Workers": [], "Plans": [{"Node Type": "Hash Join", "Parent Relationship": "Outer", "Parallel Aware": false, "Async Capable": false, "Join Type": "Inner", "Startup Cost": 3240.39, "Total Cost": 209397.05, "Plan Rows": 1, "Plan Width": 12, "Actual Rows": 0, "Actual Loops": 4, "Inner Unique": false, "Hash Cond": "(mi.movie_id = cc.movie_id)", "Workers": [], "Plans": [{"Node Type": "Seq Scan", "Parent Relationship": "Outer", "Parallel Aware": true, "Async Capable": false, "Relation Name": "movie_info", "Alias": "mi", "Startup Cost": 0.0, "Total Cost": 206156.59, "Plan Rows": 15, "Plan Width": 8, "Actual Rows": 124, "Actual Loops": 4, "Filter": "(((note)::text ~~ '%internet%'::text) AND ((info)::text ~~ 'USA:%2008%'::text))", "Rows Removed by Filter": 3708806, "Workers": []}, {"Node Type": "Hash", "Parent Relationship": "Inner", "Parallel Aware": false, "Async Capable": false, "Startup Cost": 2818.24, "Total Cost": 2818.24, "Plan Rows": 33772, "Plan Width": 4, "Actual Rows": 24592, "Actual Loops": 4, "Hash Buckets": 65536, "Original Hash Buckets": 65536, "Hash Batches": 1, "Original Hash Batches": 1, "Peak Memory Usage": 1377, "Workers": [], "Plans": [{"Node Type": "Hash Join", "Parent Relationship": "Outer", "Parallel Aware": false, "Async Capable": false, "Join Type": "Inner", "Startup Cost": 1.06, "Total Cost": 2818.24, "Plan Rows": 33772, "Plan Width": 4, "Actual Rows": 24592, "Actual Loops": 4, "Inner Unique": true, "Hash Cond": "(cc.status_id = cct1.id)", "Workers": [], "Plans": [{"Node Type": "Seq Scan", "Parent Relationship": "Outer", "Parallel Aware": false, "Async Capable": false, "Relation Name": "complete_cast", "Alias": "cc", "Startup Cost": 0.0, "Total Cost": 2086.86, "Plan Rows": 135086, "Plan Width": 8, "Actual Rows": 135086, "Actual Loops": 4, "Workers": []}, {"Node Type": "Hash", "Parent Relationship": "Inner", "Parallel Aware": false, "Async Capable": false, "Startup Cost": 1.05, "Total Cost": 1.05, "Plan Rows": 1, "Plan Width": 4, "Actual Rows": 1, "Actual Loops": 4, "Hash Buckets": 1024, "Original Hash Buckets": 1024, "Hash Batches": 1, "Original Hash Batches": 1, "Peak Memory Usage": 9, "Workers": [], "Plans": [{"Node Type": "Seq Scan", "Parent Relationship": "Outer", "Parallel Aware": false, "Async Capable": false, "Relation Name": "comp_cast_type", "Alias": "cct1", "Startup Cost": 0.0, "Total Cost": 1.05, "Plan Rows": 1, "Plan Width": 4, "Actual Rows": 1, "Actual Loops": 4, "Filter": "((kind)::text = 'complete+verified'::text)", "Rows Removed by Filter": 3, "Workers": []}]}]}]}]}, {"Node Type": "Index Scan", "Parent Relationship": "Inner", "Parallel Aware": false, "Async Capable": false, "Scan Direction": "Forward", "Index Name": "title_pkey", "Relation Name": "title", "Alias": "t", "Startup Cost": 0.43, "Total Cost": 1.78, "Plan Rows": 1, "Plan Width": 25, "Actual Rows": 1, "Actual Loops": 2, "Index Cond": "(id = cc.movie_id)", "Rows Removed by Index Recheck": 0, "Filter": "(production_year >= 1976)", "Rows Removed by Filter": 0, "Workers": []}]}, {"Node Type": "Index Scan", "Parent Relationship": "Inner", "Parallel Aware": false, "Async Capable": false, "Scan Direction": "Forward", "Index Name": "kind_type_pkey", "Relation Name": "kind_type", "Alias": "kt", "Startup Cost": 0.13, "Total Cost": 0.15, "Plan Rows": 1, "Plan Width": 14, "Actual Rows": 1, "Actual Loops": 2, "Index Cond": "(id = t.kind_id)", "Rows Removed by Index Recheck": 0, "Filter": "((kind)::text = ANY ('{episode,movie,\"tv movie\"}'::text[]))", "Rows Removed by Filter": 0, "Workers": []}]}]}]}, {"Node Type": "Index Scan", "Parent Relationship": "Inner", "Parallel Aware": false, "Async Capable": false, "Scan Direction": "Forward", "Index Name": "company_name_pkey", "Relation Name": "company_name", "Alias": "cn", "Startup Cost": 0.42, "Total Cost": 0.45, "Plan Rows": 1, "Plan Width": 4, "Actual Rows": 1, "Actual Loops": 2, "Index Cond": "(id = mc.company_id)", "Rows Removed by Index Recheck": 0, "Filter": "((country_code)::text = '[us]'::text)", "Rows Removed by Filter": 0, "Workers": []}]}, {"Node Type": "Index Only Scan", "Parent Relationship": "Inner", "Parallel Aware": false, "Async Capable": false, "Scan Direction": "Forward", "Index Name": "company_type_pkey", "Relation Name": "company_type", "Alias": "ct", "Startup Cost": 0.13, "Total Cost": 0.15, "Plan Rows": 1, "Plan Width": 4, "Actual Rows": 1, "Actual Loops": 2, "Index Cond": "(id = mc.company_type_id)", "Rows Removed by Index Recheck": 0, "Heap Fetches": 2, "Workers": []}]}]}]}, {"Node Type": "Index Only Scan", "Parent Relationship": "Inner", "Parallel Aware": false, "Async Capable": false, "Scan Direction": "Forward", "Index Name": "keyword_pkey", "Relation Name": "keyword", "Alias": "k", "Startup Cost": 0.42, "Total Cost": 0.44, "Plan Rows": 1, "Plan Width": 4, "Actual Rows": 1, "Actual Loops": 306, "Index Cond": "(id = mk.keyword_id)", "Rows Removed by Index Recheck": 0, "Heap Fetches": 0, "Workers": []}]}, {"Node Type": "Memoize", "Parent Relationship": "Inner", "Parallel Aware": false, "Async Capable": false, "Startup Cost": 0.15, "Total Cost": 0.33, "Plan Rows": 1, "Plan Width": 4, "Actual Rows": 1, "Actual Loops": 306, "Cache Key": "mi.info_type_id", "Cache Mode": "logical", "Workers": [{"Worker Number": 2, "Cache Hits": 305, "Cache Misses": 1, "Cache Evictions": 0, "Cache Overflows": 0, "Peak Memory Usage": 1}], "Plans": [{"Node Type": "Index Scan", "Parent Relationship": "Outer", "Parallel Aware": false, "Async Capable": false, "Scan Direction": "Forward", "Index Name": "info_type_pkey", "Relation Name": "info_type", "Alias": "it1", "Startup Cost": 0.14, "Total Cost": 0.32, "Plan Rows": 1, "Plan Width": 4, "Actual Rows": 1, "Actual Loops": 1, "Index Cond": "(id = mi.info_type_id)", "Rows Removed by Index Recheck": 0, "Filter": "((info)::text = 'release dates'::text)", "Rows Removed by Filter": 0, "Workers": []}]}]}]}]}, "Planning Time": 24.133, "Triggers": [], "Execution Time": 861.804}, {"Plan": {"Node Type": "Aggregate", "Strategy": "Plain", "Partial Mode": "Finalize", "Parallel Aware": false, "Async Capable": false, "Startup Cost": 290298.73, "Total Cost": 290298.74, "Plan Rows": 1, "Plan Width": 64, "Actual Rows": 1, "Actual Loops": 1, "Plans": [{"Node Type": "Gather", "Parent Relationship": "Outer", "Parallel Aware": false, "Async Capable": false, "Startup Cost": 290298.61, "Total Cost": 290298.72, "Plan Rows": 1, "Plan Width": 64, "Actual Rows": 2, "Actual Loops": 1, "Workers Planned": 1, "Workers Launched": 1, "Single Copy": false, "Plans": [{"Node Type": "Aggregate", "Strategy": "Plain", "Partial Mode": "Partial", "Parent Relationship": "Outer", "Parallel Aware": false, "Async Capable": false, "Startup Cost": 289298.61, "Total Cost": 289298.62, "Plan Rows": 1, "Plan Width": 64, "Actual Rows": 1, "Actual Loops": 2, "Workers": [], "Plans": [{"Node Type": "Hash Join", "Parent Relationship": "Outer", "Parallel Aware": true, "Async Capable": false, "Join Type": "Inner", "Startup Cost": 284343.38, "Total Cost": 289298.6, "Plan Rows": 2, "Plan Width": 27, "Actual Rows": 153, "Actual Loops": 2, "Inner Unique": false, "Hash Cond": "(cn.id = mc.company_id)", "Workers": [], "Plans": [{"Node Type": "Seq Scan", "Parent Relationship": "Outer", "Parallel Aware": true, "Async Capable": false, "Relation Name": "company_name", "Alias": "cn", "Startup Cost": 0.0, "Total Cost": 4767.92, "Plan Rows": 49945, "Plan Width": 4, "Actual Rows": 42422, "Actual Loops": 2, "Filter": "((country_code)::text = '[us]'::text)", "Rows Removed by Filter": 75077, "Workers": []}, {"Node Type": "Hash", "Parent Relationship": "Inner", "Parallel Aware": true, "Async Capable": false, "Startup Cost": 284343.37, "Total Cost": 284343.37, "Plan Rows": 1, "Plan Width": 31, "Actual Rows": 153, "Actual Loops": 2, "Hash Buckets": 1024, "Original Hash Buckets": 1024, "Hash Batches": 1, "Original Hash Batches": 1, "Peak Memory Usage": 40, "Workers": [], "Plans": [{"Node Type": "Nested Loop", "Parent Relationship": "Outer", "Parallel Aware": false, "Async Capable": false, "Join Type": "Inner", "Startup Cost": 239797.5, "Total Cost": 284343.37, "Plan Rows": 1, "Plan Width": 31, "Actual Rows": 153, "Actual Loops": 2, "Inner Unique": true, "Workers": [], "Plans": [{"Node Type": "Hash Join", "Parent Relationship": "Outer", "Parallel Aware": false, "Async Capable": false, "Join Type": "Inner", "Startup Cost": 239797.08, "Total Cost": 284342.93, "Plan Rows": 1, "Plan Width": 35, "Actual Rows": 153, "Actual Loops": 2, "Inner Unique": false, "Hash Cond": "(t.id = cc.movie_id)", "Workers": [], "Plans": [{"Node Type": "Hash Join", "Parent Relationship": "Outer", "Parallel Aware": true, "Async Capable": false, "Join Type": "Inner", "Startup Cost": 236556.7, "Total Cost": 281102.52, "Plan Rows": 2, "Plan Width": 51, "Actual Rows": 534, "Actual Loops": 2, "Inner Unique": false, "Hash Cond": "(mk.movie_id = t.id)", "Workers": [], "Plans": [{"Node Type": "Seq Scan", "Parent Relationship": "Outer", "Parallel Aware": true, "Async Capable": false, "Relation Name": "movie_keyword", "Alias": "mk", "Startup Cost": 0.0, "Total Cost": 39073.32, "Plan Rows": 1459332, "Plan Width": 8, "Actual Rows": 2261965, "Actual Loops": 2, "Workers": []}, {"Node Type": "Hash", "Parent Relationship": "Inner", "Parallel Aware": true, "Async Capable": false, "Startup Cost": 236556.68, "Total Cost": 236556.68, "Plan Rows": 1, "Plan Width": 43, "Actual Rows": 185, "Actual Loops": 2, "Hash Buckets": 1024, "Original Hash Buckets": 1024, "Hash Batches": 1, "Original Hash Batches": 1, "Peak Memory Usage": 72, "Workers": [], "Plans": [{"Node Type": "Nested Loop", "Parent Relationship": "Outer", "Parallel Aware": false, "Async Capable": false, "Join Type": "Inner", "Startup Cost": 206159.76, "Total Cost": 236556.68, "Plan Rows": 1, "Plan Width": 43, "Actual Rows": 185, "Actual Loops": 2, "Inner Unique": true, "Workers": [], "Plans": [{"Node Type": "Nested Loop", "Parent Relationship": "Outer", "Parallel Aware": false, "Async Capable": false, "Join Type": "Inner", "Startup Cost": 206159.63, "Total Cost": 236556.52, "Plan Rows": 1, "Plan Width": 37, "Actual Rows": 383, "Actual Loops": 2, "Inner Unique": true, "Join Filter": "(t.id = mi.movie_id)", "Rows Removed by Join Filter": 0, "Workers": [], "Plans": [{"Node Type": "Nested Loop", "Parent Relationship": "Outer", "Parallel Aware": false, "Async Capable": false, "Join Type": "Inner", "Startup Cost": 206159.2, "Total Cost": 236555.99, "Plan Rows": 1, "Plan Width": 12, "Actual Rows": 383, "Actual Loops": 2, "Inner Unique": true, "Workers": [], "Plans": [{"Node Type": "Hash Join", "Parent Relationship": "Outer", "Parallel Aware": true, "Async Capable": false, "Join Type": "Inner", "Startup Cost": 206159.07, "Total Cost": 236555.83, "Plan Rows": 1, "Plan Width": 16, "Actual Rows": 383, "Actual Loops": 2, "Inner Unique": false, "Hash Cond": "(mc.movie_id = mi.movie_id)", "Workers": [], "Plans": [{"Node Type": "Seq Scan", "Parent Relationship": "Outer", "Parallel Aware": true, "Async Capable": false, "Relation Name": "movie_companies", "Alias": "mc", "Startup Cost": 0.0, "Total Cost": 27240.55, "Plan Rows": 841655, "Plan Width": 12, "Actual Rows": 1304564, "Actual Loops": 2, "Workers": []}, {"Node Type": "Hash", "Parent Relationship": "Inner", "Parallel Aware": true, "Async Capable": false, "Startup Cost": 206159.06, "Total Cost": 206159.06, "Plan Rows": 1, "Plan Width": 4, "Actual Rows": 248, "Actual Loops": 2, "Hash Buckets": 1024, "Original Hash Buckets": 1024, "Hash Batches": 1, "Original Hash Batches": 1, "Peak Memory Usage": 72, "Workers": [], "Plans": [{"Node Type": "Hash Join", "Parent Relationship": "Outer", "Parallel Aware": false, "Async Capable": false, "Join Type": "Inner", "Startup Cost": 2.43, "Total Cost": 206159.06, "Plan Rows": 1, "Plan Width": 4, "Actual Rows": 248, "Actual Loops": 2, "Inner Unique": true, "Hash Cond": "(mi.info_type_id = it1.id)", "Workers": [], "Plans": [{"Node Type": "Seq Scan", "Parent Relationship": "Outer", "Parallel Aware": true, "Async Capable": false, "Relation Name": "movie_info", "Alias": "mi", "Startup Cost": 0.0, "Total Cost": 206156.59, "Plan Rows": 15, "Plan Width": 8, "Actual Rows": 248, "Actual Loops": 2, "Filter": "(((note)::text ~~ '%internet%'::text) AND ((info)::text ~~ 'USA:%2008%'::text))", "Rows Removed by Filter": 7417612, "Workers": []}, {"Node Type": "Hash", "Parent Relationship": "Inner", "Parallel Aware": false, "Async Capable": false, "Startup Cost": 2.41, "Total Cost": 2.41, "Plan Rows": 1, "Plan Width": 4, "Actual Rows": 1, "Actual Loops": 2, "Hash Buckets": 1024, "Original Hash Buckets": 1024, "Hash Batches": 1, "Original Hash Batches": 1, "Peak Memory Usage": 9, "Workers": [], "Plans": [{"Node Type": "Seq Scan", "Parent Relationship": "Outer", "Parallel Aware": false, "Async Capable": false, "Relation Name": "info_type", "Alias": "it1", "Startup Cost": 0.0, "Total Cost": 2.41, "Plan Rows": 1, "Plan Width": 4, "Actual Rows": 1, "Actual Loops": 2, "Filter": "((info)::text = 'release dates'::text)", "Rows Removed by Filter": 112, "Workers": []}]}]}]}]}, {"Node Type": "Index Only Scan", "Parent Relationship": "Inner", "Parallel Aware": false, "Async Capable": false, "Scan Direction": "Forward", "Index Name": "company_type_pkey", "Relation Name": "company_type", "Alias": "ct", "Startup Cost": 0.13, "Total Cost": 0.15, "Plan Rows": 1, "Plan Width": 4, "Actual Rows": 1, "Actual Loops": 766, "Index Cond": "(id = mc.company_type_id)", "Rows Removed by Index Recheck": 0, "Heap Fetches": 766, "Workers": []}]}, {"Node Type": "Index Scan", "Parent Relationship": "Inner", "Parallel Aware": false, "Async Capable": false, "Scan Direction": "Forward", "Index Name": "title_pkey", "Relation Name": "title", "Alias": "t", "Startup Cost": 0.43, "Total Cost": 0.52, "Plan Rows": 1, "Plan Width": 25, "Actual Rows": 1, "Actual Loops": 766, "Index Cond": "(id = mc.movie_id)", "Rows Removed by Index Recheck": 0, "Filter": "(production_year >= 1976)", "Rows Removed by Filter": 0, "Workers": []}]}, {"Node Type": "Index Scan", "Parent Relationship": "Inner", "Parallel Aware": false, "Async Capable": false, "Scan Direction": "Forward", "Index Name": "kind_type_pkey", "Relation Name": "kind_type", "Alias": "kt", "Startup Cost": 0.13, "Total Cost": 0.15, "Plan Rows": 1, "Plan Width": 14, "Actual Rows": 0, "Actual Loops": 766, "Index Cond": "(id = t.kind_id)", "Rows Removed by Index Recheck": 0, "Filter": "((kind)::text = ANY ('{episode,movie,\"tv movie\"}'::text[]))", "Rows Removed by Filter": 1, "Workers": []}]}]}]}, {"Node Type": "Hash", "Parent Relationship": "Inner", "Parallel Aware": false, "Async Capable": false, "Startup Cost": 2818.24, "Total Cost": 2818.24, "Plan Rows": 33772, "Plan Width": 4, "Actual Rows": 24592, "Actual Loops": 2, "Hash Buckets": 65536, "Original Hash Buckets": 65536, "Hash Batches": 1, "Original Hash Batches": 1, "Peak Memory Usage": 1377, "Workers": [], "Plans": [{"Node Type": "Hash Join", "Parent Relationship": "Outer", "Parallel Aware": false, "Async Capable": false, "Join Type": "Inner", "Startup Cost": 1.06, "Total Cost": 2818.24, "Plan Rows": 33772, "Plan Width": 4, "Actual Rows": 24592, "Actual Loops": 2, "Inner Unique": true, "Hash Cond": "(cc.status_id = cct1.id)", "Workers": [], "Plans": [{"Node Type": "Seq Scan", "Parent Relationship": "Outer", "Parallel Aware": false, "Async Capable": false, "Relation Name": "complete_cast", "Alias": "cc", "Startup Cost": 0.0, "Total Cost": 2086.86, "Plan Rows": 135086, "Plan Width": 8, "Actual Rows": 135086, "Actual Loops": 2, "Workers": []}, {"Node Type": "Hash", "Parent Relationship": "Inner", "Parallel Aware": false, "Async Capable": false, "Startup Cost": 1.05, "Total Cost": 1.05, "Plan Rows": 1, "Plan Width": 4, "Actual Rows": 1, "Actual Loops": 2, "Hash Buckets": 1024, "Original Hash Buckets": 1024, "Hash Batches": 1, "Original Hash Batches": 1, "Peak Memory Usage": 9, "Workers": [], "Plans": [{"Node Type": "Seq Scan", "Parent Relationship": "Outer", "Parallel Aware": false, "Async Capable": false, "Relation Name": "comp_cast_type", "Alias": "cct1", "Startup Cost": 0.0, "Total Cost": 1.05, "Plan Rows": 1, "Plan Width": 4, "Actual Rows": 1, "Actual Loops": 2, "Filter": "((kind)::text = 'complete+verified'::text)", "Rows Removed by Filter": 3, "Workers": []}]}]}]}]}, {"Node Type": "Index Only Scan", "Parent Relationship": "Inner", "Parallel Aware": false, "Async Capable": false, "Scan Direction": "Forward", "Index Name": "keyword_pkey", "Relation Name": "keyword", "Alias": "k", "Startup Cost": 0.42, "Total Cost": 0.44, "Plan Rows": 1, "Plan Width": 4, "Actual Rows": 1, "Actual Loops": 306, "Index Cond": "(id = mk.keyword_id)", "Rows Removed by Index Recheck": 0, "Heap Fetches": 0, "Workers": []}]}]}]}]}]}]}, "Planning Time": 24.758, "Triggers": [], "Execution Time": 2107.725}, {"Plan": {"Node Type": "Aggregate", "Strategy": "Plain", "Partial Mode": "Simple", "Parallel Aware": false, "Async Capable": false, "Startup Cost": 343266.27, "Total Cost": 343266.28, "Plan Rows": 1, "Plan Width": 64, "Actual Rows": 1, "Actual Loops": 1, "Plans": [{"Node Type": "Gather", "Parent Relationship": "Outer", "Parallel Aware": false, "Async Capable": false, "Startup Cost": 311339.49, "Total Cost": 343266.26, "Plan Rows": 3, "Plan Width": 27, "Actual Rows": 306, "Actual Loops": 1, "Workers Planned": 3, "Workers Launched": 3, "Single Copy": false, "Plans": [{"Node Type": "Hash Join", "Parent Relationship": "Outer", "Parallel Aware": true, "Async Capable": false, "Join Type": "Inner", "Startup Cost": 310339.49, "Total Cost": 342265.96, "Plan Rows": 1, "Plan Width": 27, "Actual Rows": 76, "Actual Loops": 4, "Inner Unique": false, "Hash Cond": "(t.id = mi.movie_id)", "Workers": [], "Plans": [{"Node Type": "Hash Join", "Parent Relationship": "Outer", "Parallel Aware": false, "Async Capable": false, "Join Type": "Inner", "Startup Cost": 54109.39, "Total Cost": 85518.2, "Plan Rows": 103530, "Plan Width": 35, "Actual Rows": 137912, "Actual Loops": 4, "Inner Unique": true, "Hash Cond": "(mc.company_type_id = ct.id)", "Workers": [], "Plans": [{"Node Type": "Hash Join", "Parent Relationship": "Outer", "Parallel Aware": true, "Async Capable": false, "Join Type": "Inner", "Startup Cost": 54108.3, "Total Cost": 84957.41, "Plan Rows": 103530, "Plan Width": 39, "Actual Rows": 137912, "Actual Loops": 4, "Inner Unique": false, "Hash Cond": "(mc.movie_id = t.id)", "Workers": [], "Plans": [{"Node Type": "Hash Join", "Parent Relationship": "Outer", "Parallel Aware": true, "Async Capable": false, "Join Type": "Inner", "Startup Cost": 5392.23, "Total Cost": 34842.17, "Plan Rows": 304095, "Plan Width": 8, "Actual Rows": 288450, "Actual Loops": 4, "Inner Unique": true, "Hash Cond": "(mc.company_id = cn.id)", "Workers": [], "Plans": [{"Node Type": "Seq Scan", "Parent Relationship": "Outer", "Parallel Aware": true, "Async Capable": false, "Relation Name": "movie_companies", "Alias": "mc", "Startup Cost": 0.0, "Total Cost": 27240.55, "Plan Rows": 841655, "Plan Width": 12, "Actual Rows": 652282, "Actual Loops": 4, "Workers": []}, {"Node Type": "Hash", "Parent Relationship": "Inner", "Parallel Aware": true, "Async Capable": false, "Startup Cost": 4767.92, "Total Cost": 4767.92, "Plan Rows": 49945, "Plan Width": 4, "Actual Rows": 21211, "Actual Loops": 4, "Hash Buckets": 131072, "Original Hash Buckets": 131072, "Hash Batches": 1, "Original Hash Batches": 1, "Peak Memory Usage": 4416, "Workers": [], "Plans": [{"Node Type": "Seq Scan", "Parent Relationship": "Outer", "Parallel Aware": true, "Async Capable": false, "Relation Name": "company_name", "Alias": "cn", "Startup Cost": 0.0, "Total Cost": 4767.92, "Plan Rows": 49945, "Plan Width": 4, "Actual Rows": 21211, "Actual Loops": 4, "Filter": "((country_code)::text = '[us]'::text)", "Rows Removed by Filter": 37538, "Workers": []}]}]}, {"Node Type": "Hash", "Parent Relationship": "Inner", "Parallel Aware": true, "Async Capable": false, "Startup Cost": 46026.17, "Total Cost": 46026.17, "Plan Rows": 215192, "Plan Width": 31, "Actual Rows": 448871, "Actual Loops": 4, "Hash Buckets": 2097152, "Original Hash Buckets": 1048576, "Hash Batches": 1, "Original Hash Batches": 1, "Peak Memory Usage": 137952, "Workers": [], "Plans": [{"Node Type": "Hash Join", "Parent Relationship": "Outer", "Parallel Aware": false, "Async Capable": false, "Join Type": "Inner", "Startup Cost": 1.13, "Total Cost": 46026.17, "Plan Rows": 215192, "Plan Width": 31, "Actual Rows": 448871, "Actual Loops": 4, "Inner Unique": true, "Hash Cond": "(t.kind_id = kt.id)", "Workers": [], "Plans": [{"Node Type": "Seq Scan", "Parent Relationship": "Outer", "Parallel Aware": true, "Async Capable": false, "Relation Name": "title", "Alias": "t", "Startup Cost": 0.0, "Total Cost": 43908.97, "Plan Rows": 502114, "Plan Width": 25, "Actual Rows": 501162, "Actual Loops": 4, "Filter": "(production_year >= 1976)", "Rows Removed by Filter": 130916, "Workers": []}, {"Node Type": "Hash", "Parent Relationship": "Inner", "Parallel Aware": false, "Async Capable": false, "Startup Cost": 1.1, "Total Cost": 1.1, "Plan Rows": 3, "Plan Width": 14, "Actual Rows": 3, "Actual Loops": 4, "Hash Buckets": 1024, "Original Hash Buckets": 1024, "Hash Batches": 1, "Original Hash Batches": 1, "Peak Memory Usage": 9, "Workers": [], "Plans": [{"Node Type": "Seq Scan", "Parent Relationship": "Outer", "Parallel Aware": false, "Async Capable": false, "Relation Name": "kind_type", "Alias": "kt", "Startup Cost": 0.0, "Total Cost": 1.1, "Plan Rows": 3, "Plan Width": 14, "Actual Rows": 3, "Actual Loops": 4, "Filter": "((kind)::text = ANY ('{episode,movie,\"tv movie\"}'::text[]))", "Rows Removed by Filter": 4, "Workers": []}]}]}]}]}, {"Node Type": "Hash", "Parent Relationship": "Inner", "Parallel Aware": false, "Async Capable": false, "Startup Cost": 1.04, "Total Cost": 1.04, "Plan Rows": 4, "Plan Width": 4, "Actual Rows": 4, "Actual Loops": 4, "Hash Buckets": 1024, "Original Hash Buckets": 1024, "Hash Batches": 1, "Original Hash Batches": 1, "Peak Memory Usage": 9, "Workers": [], "Plans": [{"Node Type": "Seq Scan", "Parent Relationship": "Outer", "Parallel Aware": false, "Async Capable": false, "Relation Name": "company_type", "Alias": "ct", "Startup Cost": 0.0, "Total Cost": 1.04, "Plan Rows": 4, "Plan Width": 4, "Actual Rows": 4, "Actual Loops": 4, "Workers": []}]}]}, {"Node Type": "Hash", "Parent Relationship": "Inner", "Parallel Aware": true, "Async Capable": false, "Startup Cost": 256230.07, "Total Cost": 256230.07, "Plan Rows": 2, "Plan Width": 12, "Actual Rows": 76, "Actual Loops": 4, "Hash Buckets": 1024, "Original Hash Buckets": 1024, "Hash Batches": 1, "Original Hash Batches": 1, "Peak Memory Usage": 40, "Workers": [], "Plans": [{"Node Type": "Merge Join", "Parent Relationship": "Outer", "Parallel Aware": false, "Async Capable": false, "Join Type": "Inner", "Startup Cost": 256064.28, "Total Cost": 256230.07, "Plan Rows": 2, "Plan Width": 12, "Actual Rows": 76, "Actual Loops": 4, "Inner Unique": false, "Merge Cond": "(mi.movie_id = cc.movie_id)", "Workers": [], "Plans": [{"Node Type": "Sort", "Parent Relationship": "Outer", "Parallel Aware": false, "Async Capable": false, "Startup Cost": 250705.79, "Total Cost": 250705.8, "Plan Rows": 2, "Plan Width": 8, "Actual Rows": 218, "Actual Loops": 4, "Sort Key": ["mi.movie_id"], "Sort Method": "quicksort", "Sort Space Used": 30, "Sort Space Type": "Memory", "Workers": [{"Worker Number": 0, "Sort Method": "quicksort", "Sort Space Used": 30, "Sort Space Type": "Memory"}, {"Worker Number": 1, "Sort Method": "quicksort", "Sort Space Used": 35, "Sort Space Type": "Memory"}, {"Worker Number": 2, "Sort Method": "quicksort", "Sort Space Used": 30, "Sort Space Type": "Memory"}], "Plans": [{"Node Type": "Nested Loop", "Parent Relationship": "Outer", "Parallel Aware": false, "Async Capable": false, "Join Type": "Inner", "Startup Cost": 206159.49, "Total Cost": 250705.78, "Plan Rows": 2, "Plan Width": 8, "Actual Rows": 218, "Actual Loops": 4, "Inner Unique": true, "Workers": [], "Plans": [{"Node Type": "Hash Join", "Parent Relationship": "Outer", "Parallel Aware": true, "Async Capable": false, "Join Type": "Inner", "Startup Cost": 206159.07, "Total Cost": 250704.91, "Plan Rows": 2, "Plan Width": 12, "Actual Rows": 218, "Actual Loops": 4, "Inner Unique": false, "Hash Cond": "(mk.movie_id = mi.movie_id)", "Workers": [], "Plans": [{"Node Type": "Seq Scan", "Parent Relationship": "Outer", "Parallel Aware": true, "Async Capable": false, "Relation Name": "movie_keyword", "Alias": "mk", "Startup Cost": 0.0, "Total Cost": 39073.32, "Plan Rows": 1459332, "Plan Width": 8, "Actual Rows": 1130982, "Actual Loops": 4, "Workers": []}, {"Node Type": "Hash", "Parent Relationship": "Inner", "Parallel Aware": true, "Async Capable": false, "Startup Cost": 206159.06, "Total Cost": 206159.06, "Plan Rows": 1, "Plan Width": 4, "Actual Rows": 124, "Actual Loops": 4, "Hash Buckets": 1024, "Original Hash Buckets": 1024, "Hash Batches": 1, "Original Hash Batches": 1, "Peak Memory Usage": 136, "Workers": [], "Plans": [{"Node Type": "Hash Join", "Parent Relationship": "Outer", "Parallel Aware": false, "Async Capable": false, "Join Type": "Inner", "Startup Cost": 2.43, "Total Cost": 206159.06, "Plan Rows": 1, "Plan Width": 4, "Actual Rows": 124, "Actual Loops": 4, "Inner Unique": true, "Hash Cond": "(mi.info_type_id = it1.id)", "Workers": [], "Plans": [{"Node Type": "Seq Scan", "Parent Relationship": "Outer", "Parallel Aware": true, "Async Capable": false, "Relation Name": "movie_info", "Alias": "mi", "Startup Cost": 0.0, "Total Cost": 206156.59, "Plan Rows": 15, "Plan Width": 8, "Actual Rows": 124, "Actual Loops": 4, "Filter": "(((note)::text ~~ '%internet%'::text) AND ((info)::text ~~ 'USA:%2008%'::text))", "Rows Removed by Filter": 3708806, "Workers": []}, {"Node Type": "Hash", "Parent Relationship": "Inner", "Parallel Aware": false, "Async Capable": false, "Startup Cost": 2.41, "Total Cost": 2.41, "Plan Rows": 1, "Plan Width": 4, "Actual Rows": 1, "Actual Loops": 4, "Hash Buckets": 1024, "Original Hash Buckets": 1024, "Hash Batches": 1, "Original Hash Batches": 1, "Peak Memory Usage": 9, "Workers": [], "Plans": [{"Node Type": "Seq Scan", "Parent Relationship": "Outer", "Parallel Aware": false, "Async Capable": false, "Relation Name": "info_type", "Alias": "it1", "Startup Cost": 0.0, "Total Cost": 2.41, "Plan Rows": 1, "Plan Width": 4, "Actual Rows": 1, "Actual Loops": 4, "Filter": "((info)::text = 'release dates'::text)", "Rows Removed by Filter": 112, "Workers": []}]}]}]}]}, {"Node Type": "Index Only Scan", "Parent Relationship": "Inner", "Parallel Aware": false, "Async Capable": false, "Scan Direction": "Forward", "Index Name": "keyword_pkey", "Relation Name": "keyword", "Alias": "k", "Startup Cost": 0.42, "Total Cost": 0.44, "Plan Rows": 1, "Plan Width": 4, "Actual Rows": 1, "Actual Loops": 870, "Index Cond": "(id = mk.keyword_id)", "Rows Removed by Index Recheck": 0, "Heap Fetches": 0, "Workers": []}]}]}, {"Node Type": "Sort", "Parent Relationship": "Inner", "Parallel Aware": false, "Async Capable": false, "Startup Cost": 5358.49, "Total Cost": 5442.92, "Plan Rows": 33772, "Plan Width": 4, "Actual Rows": 23862, "Actual Loops": 4, "Sort Key": ["cc.movie_id"], "Sort Method": "quicksort", "Sort Space Used": 769, "Sort Space Type": "Memory", "Workers": [{"Worker Number": 0, "Sort Method": "quicksort", "Sort Space Used": 769, "Sort Space Type": "Memory"}, {"Worker Number": 1, "Sort Method": "quicksort", "Sort Space Used": 769, "Sort Space Type": "Memory"}, {"Worker Number": 2, "Sort Method": "quicksort", "Sort Space Used": 769, "Sort Space Type": "Memory"}], "Plans": [{"Node Type": "Hash Join", "Parent Relationship": "Outer", "Parallel Aware": false, "Async Capable": false, "Join Type": "Inner", "Startup Cost": 1.06, "Total Cost": 2818.24, "Plan Rows": 33772, "Plan Width": 4, "Actual Rows": 24592, "Actual Loops": 4, "Inner Unique": true, "Hash Cond": "(cc.status_id = cct1.id)", "Workers": [], "Plans": [{"Node Type": "Seq Scan", "Parent Relationship": "Outer", "Parallel Aware": false, "Async Capable": false, "Relation Name": "complete_cast", "Alias": "cc", "Startup Cost": 0.0, "Total Cost": 2086.86, "Plan Rows": 135086, "Plan Width": 8, "Actual Rows": 135086, "Actual Loops": 4, "Workers": []}, {"Node Type": "Hash", "Parent Relationship": "Inner", "Parallel Aware": false, "Async Capable": false, "Startup Cost": 1.05, "Total Cost": 1.05, "Plan Rows": 1, "Plan Width": 4, "Actual Rows": 1, "Actual Loops": 4, "Hash Buckets": 1024, "Original Hash Buckets": 1024, "Hash Batches": 1, "Original Hash Batches": 1, "Peak Memory Usage": 9, "Workers": [], "Plans": [{"Node Type": "Seq Scan", "Parent Relationship": "Outer", "Parallel Aware": false, "Async Capable": false, "Relation Name": "comp_cast_type", "Alias": "cct1", "Startup Cost": 0.0, "Total Cost": 1.05, "Plan Rows": 1, "Plan Width": 4, "Actual Rows": 1, "Actual Loops": 4, "Filter": "((kind)::text = 'complete+verified'::text)", "Rows Removed by Filter": 3, "Workers": []}]}]}]}]}]}]}]}]}, "Planning Time": 18.56, "Triggers": [], "Execution Time": 2421.489}, {"Plan": {"Node Type": "Aggregate", "Strategy": "Plain", "Partial Mode": "Simple", "Parallel Aware": false, "Async Capable": false, "Startup Cost": 334729.92, "Total Cost": 334729.93, "Plan Rows": 1, "Plan Width": 64, "Actual Rows": 1, "Actual Loops": 1, "Plans": [{"Node Type": "Gather", "Parent Relationship": "Outer", "Parallel Aware": false, "Async Capable": false, "Startup Cost": 287628.61, "Total Cost": 334729.91, "Plan Rows": 3, "Plan Width": 27, "Actual Rows": 306, "Actual Loops": 1, "Workers Planned": 4, "Workers Launched": 4, "Single Copy": false, "Plans": [{"Node Type": "Hash Join", "Parent Relationship": "Outer", "Parallel Aware": true, "Async Capable": false, "Join Type": "Inner", "Startup Cost": 286628.61, "Total Cost": 333729.61, "Plan Rows": 1, "Plan Width": 27, "Actual Rows": 61, "Actual Loops": 5, "Inner Unique": false, "Hash Cond": "(t.id = mi.movie_id)", "Workers": [], "Plans": [{"Node Type": "Hash Join", "Parent Relationship": "Outer", "Parallel Aware": false, "Async Capable": false, "Join Type": "Inner", "Startup Cost": 1.13, "Total Cost": 46026.17, "Plan Rows": 215192, "Plan Width": 31, "Actual Rows": 359097, "Actual Loops": 5, "Inner Unique": true, "Hash Cond": "(t.kind_id = kt.id)", "Workers": [], "Plans": [{"Node Type": "Seq Scan", "Parent Relationship": "Outer", "Parallel Aware": true, "Async Capable": false, "Relation Name": "title", "Alias": "t", "Startup Cost": 0.0, "Total Cost": 43908.97, "Plan Rows": 502114, "Plan Width": 25, "Actual Rows": 400930, "Actual Loops": 5, "Filter": "(production_year >= 1976)", "Rows Removed by Filter": 104733, "Workers": []}, {"Node Type": "Hash", "Parent Relationship": "Inner", "Parallel Aware": false, "Async Capable": false, "Startup Cost": 1.1, "Total Cost": 1.1, "Plan Rows": 3, "Plan Width": 14, "Actual Rows": 3, "Actual Loops": 5, "Hash Buckets": 1024, "Original Hash Buckets": 1024, "Hash Batches": 1, "Original Hash Batches": 1, "Peak Memory Usage": 9, "Workers": [], "Plans": [{"Node Type": "Seq Scan", "Parent Relationship": "Outer", "Parallel Aware": false, "Async Capable": false, "Relation Name": "kind_type", "Alias": "kt", "Startup Cost": 0.0, "Total Cost": 1.1, "Plan Rows": 3, "Plan Width": 14, "Actual Rows": 3, "Actual Loops": 5, "Filter": "((kind)::text = ANY ('{episode,movie,\"tv movie\"}'::text[]))", "Rows Removed by Filter": 4, "Workers": []}]}]}, {"Node Type": "Hash", "Parent Relationship": "Inner", "Parallel Aware": true, "Async Capable": false, "Startup Cost": 286627.45, "Total Cost": 286627.45, "Plan Rows": 2, "Plan Width": 16, "Actual Rows": 61, "Actual Loops": 5, "Hash Buckets": 1024, "Original Hash Buckets": 1024, "Hash Batches": 1, "Original Hash Batches": 1, "Peak Memory Usage": 40, "Workers": [], "Plans": [{"Node Type": "Merge Join", "Parent Relationship": "Outer", "Parallel Aware": false, "Async Capable": false, "Join Type": "Inner", "Startup Cost": 286461.66, "Total Cost": 286627.45, "Plan Rows": 2, "Plan Width": 16, "Actual Rows": 61, "Actual Loops": 5, "Inner Unique": false, "Merge Cond": "(mi.movie_id = cc.movie_id)", "Workers": [], "Plans": [{"Node Type": "Sort", "Parent Relationship": "Outer", "Parallel Aware": false, "Async Capable": false, "Startup Cost": 281103.17, "Total Cost": 281103.17, "Plan Rows": 2, "Plan Width": 12, "Actual Rows": 322, "Actual Loops": 5, "Sort Key": ["mc.movie_id"], "Sort Method": "quicksort", "Sort Space Used": 33, "Sort Space Type": "Memory", "Workers": [{"Worker Number": 0, "Sort Method": "quicksort", "Sort Space Used": 42, "Sort Space Type": "Memory"}, {"Worker Number": 1, "Sort Method": "quicksort", "Sort Space Used": 37, "Sort Space Type": "Memory"}, {"Worker Number": 2, "Sort Method": "quicksort", "Sort Space Used": 36, "Sort Space Type": "Memory"}, {"Worker Number": 3, "Sort Method": "quicksort", "Sort Space Used": 37, "Sort Space Type": "Memory"}], "Plans": [{"Node Type": "Nested Loop", "Parent Relationship": "Outer", "Parallel Aware": false, "Async Capable": false, "Join Type": "Inner", "Startup Cost": 236556.87, "Total Cost": 281103.16, "Plan Rows": 2, "Plan Width": 12, "Actual Rows": 322, "Actual Loops": 5, "Inner Unique": true, "Workers": [], "Plans": [{"Node Type": "Hash Join", "Parent Relationship": "Outer", "Parallel Aware": true, "Async Capable": false, "Join Type": "Inner", "Startup Cost": 236556.45, "Total Cost": 281102.28, "Plan Rows": 2, "Plan Width": 16, "Actual Rows": 322, "Actual Loops": 5, "Inner Unique": false, "Hash Cond": "(mk.movie_id = mi.movie_id)", "Workers": [], "Plans": [{"Node Type": "Seq Scan", "Parent Relationship": "Outer", "Parallel Aware": true, "Async Capable": false, "Relation Name": "movie_keyword", "Alias": "mk", "Startup Cost": 0.0, "Total Cost": 39073.32, "Plan Rows": 1459332, "Plan Width": 8, "Actual Rows": 904786, "Actual Loops": 5, "Workers": []}, {"Node Type": "Hash", "Parent Relationship": "Inner", "Parallel Aware": true, "Async Capable": false, "Startup Cost": 236556.43, "Total Cost": 236556.43, "Plan Rows": 1, "Plan Width": 8, "Actual Rows": 141, "Actual Loops": 5, "Hash Buckets": 1024, "Original Hash Buckets": 1024, "Hash Batches": 1, "Original Hash Batches": 1, "Peak Memory Usage": 168, "Workers": [], "Plans": [{"Node Type": "Nested Loop", "Parent Relationship": "Outer", "Parallel Aware": false, "Async Capable": false, "Join Type": "Inner", "Startup Cost": 206159.62, "Total Cost": 236556.43, "Plan Rows": 1, "Plan Width": 8, "Actual Rows": 141, "Actual Loops": 5, "Inner Unique": true, "Workers": [], "Plans": [{"Node Type": "Nested Loop", "Parent Relationship": "Outer", "Parallel Aware": false, "Async Capable": false, "Join Type": "Inner", "Startup Cost": 206159.49, "Total Cost": 236556.28, "Plan Rows": 1, "Plan Width": 12, "Actual Rows": 141, "Actual Loops": 5, "Inner Unique": true, "Workers": [], "Plans": [{"Node Type": "Hash Join", "Parent Relationship": "Outer", "Parallel Aware": true, "Async Capable": false, "Join Type": "Inner", "Startup Cost": 206159.07, "Total Cost": 236555.83, "Plan Rows": 1, "Plan Width": 16, "Actual Rows": 153, "Actual Loops": 5, "Inner Unique": false, "Hash Cond": "(mc.movie_id = mi.movie_id)", "Workers": [], "Plans": [{"Node Type": "Seq Scan", "Parent Relationship": "Outer", "Parallel Aware": true, "Async Capable": false, "Relation Name": "movie_companies", "Alias": "mc", "Startup Cost": 0.0, "Total Cost": 27240.55, "Plan Rows": 841655, "Plan Width": 12, "Actual Rows": 521826, "Actual Loops": 5, "Workers": []}, {"Node Type": "Hash", "Parent Relationship": "Inner", "Parallel Aware": true, "Async Capable": false, "Startup Cost": 206159.06, "Total Cost": 206159.06, "Plan Rows": 1, "Plan Width": 4, "Actual Rows": 99, "Actual Loops": 5, "Hash Buckets": 1024, "Original Hash Buckets": 1024, "Hash Batches": 1, "Original Hash Batches": 1, "Peak Memory Usage": 168, "Workers": [], "Plans": [{"Node Type": "Hash Join", "Parent Relationship": "Outer", "Parallel Aware": false, "Async Capable": false, "Join Type": "Inner", "Startup Cost": 2.43, "Total Cost": 206159.06, "Plan Rows": 1, "Plan Width": 4, "Actual Rows": 99, "Actual Loops": 5, "Inner Unique": true, "Hash Cond": "(mi.info_type_id = it1.id)", "Workers": [], "Plans": [{"Node Type": "Seq Scan", "Parent Relationship": "Outer", "Parallel Aware": true, "Async Capable": false, "Relation Name": "movie_info", "Alias": "mi", "Startup Cost": 0.0, "Total Cost": 206156.59, "Plan Rows": 15, "Plan Width": 8, "Actual Rows": 99, "Actual Loops": 5, "Filter": "(((note)::text ~~ '%internet%'::text) AND ((info)::text ~~ 'USA:%2008%'::text))", "Rows Removed by Filter": 2967045, "Workers": []}, {"Node Type": "Hash", "Parent Relationship": "Inner", "Parallel Aware": false, "Async Capable": false, "Startup Cost": 2.41, "Total Cost": 2.41, "Plan Rows": 1, "Plan Width": 4, "Actual Rows": 1, "Actual Loops": 5, "Hash Buckets": 1024, "Original Hash Buckets": 1024, "Hash Batches": 1, "Original Hash Batches": 1, "Peak Memory Usage": 9, "Workers": [], "Plans": [{"Node Type": "Seq Scan", "Parent Relationship": "Outer", "Parallel Aware": false, "Async Capable": false, "Relation Name": "info_type", "Alias": "it1", "Startup Cost": 0.0, "Total Cost": 2.41, "Plan Rows": 1, "Plan Width": 4, "Actual Rows": 1, "Actual Loops": 5, "Filter": "((info)::text = 'release dates'::text)", "Rows Removed by Filter": 112, "Workers": []}]}]}]}]}, {"Node Type": "Index Scan", "Parent Relationship": "Inner", "Parallel Aware": false, "Async Capable": false, "Scan Direction": "Forward", "Index Name": "company_name_pkey", "Relation Name": "company_name", "Alias": "cn", "Startup Cost": 0.42, "Total Cost": 0.45, "Plan Rows": 1, "Plan Width": 4, "Actual Rows": 1, "Actual Loops": 766, "Index Cond": "(id = mc.company_id)", "Rows Removed by Index Recheck": 0, "Filter": "((country_code)::text = '[us]'::text)", "Rows Removed by Filter": 0, "Workers": []}]}, {"Node Type": "Index Only Scan", "Parent Relationship": "Inner", "Parallel Aware": false, "Async Capable": false, "Scan Direction": "Forward", "Index Name": "company_type_pkey", "Relation Name": "company_type", "Alias": "ct", "Startup Cost": 0.13, "Total Cost": 0.15, "Plan Rows": 1, "Plan Width": 4, "Actual Rows": 1, "Actual Loops": 707, "Index Cond": "(id = mc.company_type_id)", "Rows Removed by Index Recheck": 0, "Heap Fetches": 707, "Workers": []}]}]}]}, {"Node Type": "Index Only Scan", "Parent Relationship": "Inner", "Parallel Aware": false, "Async Capable": false, "Scan Direction": "Forward", "Index Name": "keyword_pkey", "Relation Name": "keyword", "Alias": "k", "Startup Cost": 0.42, "Total Cost": 0.44, "Plan Rows": 1, "Plan Width": 4, "Actual Rows": 1, "Actual Loops": 1612, "Index Cond": "(id = mk.keyword_id)", "Rows Removed by Index Recheck": 0, "Heap Fetches": 0, "Workers": []}]}]}, {"Node Type": "Sort", "Parent Relationship": "Inner", "Parallel Aware": false, "Async Capable": false, "Startup Cost": 5358.49, "Total Cost": 5442.92, "Plan Rows": 33772, "Plan Width": 4, "Actual Rows": 23643, "Actual Loops": 5, "Sort Key": ["cc.movie_id"], "Sort Method": "quicksort", "Sort Space Used": 769, "Sort Space Type": "Memory", "Workers": [{"Worker Number": 0, "Sort Method": "quicksort", "Sort Space Used": 769, "Sort Space Type": "Memory"}, {"Worker Number": 1, "Sort Method": "quicksort", "Sort Space Used": 769, "Sort Space Type": "Memory"}, {"Worker Number": 2, "Sort Method": "quicksort", "Sort Space Used": 769, "Sort Space Type": "Memory"}, {"Worker Number": 3, "Sort Method": "quicksort", "Sort Space Used": 769, "Sort Space Type": "Memory"}], "Plans": [{"Node Type": "Hash Join", "Parent Relationship": "Outer", "Parallel Aware": false, "Async Capable": false, "Join Type": "Inner", "Startup Cost": 1.06, "Total Cost": 2818.24, "Plan Rows": 33772, "Plan Width": 4, "Actual Rows": 24592, "Actual Loops": 5, "Inner Unique": true, "Hash Cond": "(cc.status_id = cct1.id)", "Workers": [], "Plans": [{"Node Type": "Seq Scan", "Parent Relationship": "Outer", "Parallel Aware": false, "Async Capable": false, "Relation Name": "complete_cast", "Alias": "cc", "Startup Cost": 0.0, "Total Cost": 2086.86, "Plan Rows": 135086, "Plan Width": 8, "Actual Rows": 135086, "Actual Loops": 5, "Workers": []}, {"Node Type": "Hash", "Parent Relationship": "Inner", "Parallel Aware": false, "Async Capable": false, "Startup Cost": 1.05, "Total Cost": 1.05, "Plan Rows": 1, "Plan Width": 4, "Actual Rows": 1, "Actual Loops": 5, "Hash Buckets": 1024, "Original Hash Buckets": 1024, "Hash Batches": 1, "Original Hash Batches": 1, "Peak Memory Usage": 9, "Workers": [], "Plans": [{"Node Type": "Seq Scan", "Parent Relationship": "Outer", "Parallel Aware": false, "Async Capable": false, "Relation Name": "comp_cast_type", "Alias": "cct1", "Startup Cost": 0.0, "Total Cost": 1.05, "Plan Rows": 1, "Plan Width": 4, "Actual Rows": 1, "Actual Loops": 5, "Filter": "((kind)::text = 'complete+verified'::text)", "Rows Removed by Filter": 3, "Workers": []}]}]}]}]}]}]}]}]}, "Planning Time": 21.853, "Triggers": [], "Execution Time": 819.528}, {"Plan": {"Node Type": "Aggregate", "Strategy": "Plain", "Partial Mode": "Simple", "Parallel Aware": false, "Async Capable": false, "Startup Cost": 311340.69, "Total Cost": 311340.7, "Plan Rows": 1, "Plan Width": 64, "Actual Rows": 1, "Actual Loops": 1, "Plans": [{"Node Type": "Gather", "Parent Relationship": "Outer", "Parallel Aware": false, "Async Capable": false, "Startup Cost": 250887.46, "Total Cost": 311340.67, "Plan Rows": 3, "Plan Width": 27, "Actual Rows": 306, "Actual Loops": 1, "Workers Planned": 3, "Workers Launched": 3, "Single Copy": false, "Plans": [{"Node Type": "Hash Join", "Parent Relationship": "Outer", "Parallel Aware": true, "Async Capable": false, "Join Type": "Inner", "Startup Cost": 249887.46, "Total Cost": 310340.37, "Plan Rows": 1, "Plan Width": 27, "Actual Rows": 76, "Actual Loops": 4, "Inner Unique": false, "Hash Cond": "(mk.movie_id = t.id)", "Workers": [], "Plans": [{"Node Type": "Hash Join", "Parent Relationship": "Outer", "Parallel Aware": true, "Async Capable": false, "Join Type": "Inner", "Startup Cost": 43719.77, "Total Cost": 103659.53, "Plan Rows": 136838, "Plan Width": 12, "Actual Rows": 1562789, "Actual Loops": 4, "Inner Unique": true, "Hash Cond": "(mk.keyword_id = k.id)", "Workers": [], "Plans": [{"Node Type": "Hash Join", "Parent Relationship": "Outer", "Parallel Aware": true, "Async Capable": false, "Join Type": "Inner", "Startup Cost": 39713.76, "Total Cost": 99294.31, "Plan Rows": 136838, "Plan Width": 16, "Actual Rows": 1562789, "Actual Loops": 4, "Inner Unique": false, "Hash Cond": "(mk.movie_id = mc.movie_id)", "Workers": [], "Plans": [{"Node Type": "Seq Scan", "Parent Relationship": "Outer", "Parallel Aware": true, "Async Capable": false, "Relation Name": "movie_keyword", "Alias": "mk", "Startup Cost": 0.0, "Total Cost": 39073.32, "Plan Rows": 1459332, "Plan Width": 8, "Actual Rows": 1130982, "Actual Loops": 4, "Workers": []}, {"Node Type": "Hash", "Parent Relationship": "Inner", "Parallel Aware": true, "Async Capable": false, "Startup Cost": 39494.38, "Total Cost": 39494.38, "Plan Rows": 17550, "Plan Width": 8, "Actual Rows": 26322, "Actual Loops": 4, "Hash Buckets": 131072, "Original Hash Buckets": 65536, "Hash Batches": 1, "Original Hash Batches": 1, "Peak Memory Usage": 5728, "Workers": [], "Plans": [{"Node Type": "Hash Join", "Parent Relationship": "Outer", "Parallel Aware": false, "Async Capable": false, "Join Type": "Inner", "Startup Cost": 8633.71, "Total Cost": 39494.38, "Plan Rows": 17550, "Plan Width": 8, "Actual Rows": 26322, "Actual Loops": 4, "Inner Unique": true, "Hash Cond": "(mc.company_type_id = ct.id)", "Workers": [], "Plans": [{"Node Type": "Hash Join", "Parent Relationship": "Outer", "Parallel Aware": false, "Async Capable": false, "Join Type": "Inner", "Startup Cost": 8632.62, "Total Cost": 39398.41, "Plan Rows": 17550, "Plan Width": 12, "Actual Rows": 26322, "Actual Loops": 4, "Inner Unique": false, "Hash Cond": "(mc.movie_id = cc.movie_id)", "Workers": [], "Plans": [{"Node Type": "Hash Join", "Parent Relationship": "Outer", "Parallel Aware": true, "Async Capable": false, "Join Type": "Inner", "Startup Cost": 5392.23, "Total Cost": 34842.17, "Plan Rows": 304095, "Plan Width": 8, "Actual Rows": 288450, "Actual Loops": 4, "Inner Unique": true, "Hash Cond": "(mc.company_id = cn.id)", "Workers": [], "Plans": [{"Node Type": "Seq Scan", "Parent Relationship": "Outer", "Parallel Aware": true, "Async Capable": false, "Relation Name": "movie_companies", "Alias": "mc", "Startup Cost": 0.0, "Total Cost": 27240.55, "Plan Rows": 841655, "Plan Width": 12, "Actual Rows": 652282, "Actual Loops": 4, "Workers": []}, {"Node Type": "Hash", "Parent Relationship": "Inner", "Parallel Aware": true, "Async Capable": false, "Startup Cost": 4767.92, "Total Cost": 4767.92, "Plan Rows": 49945, "Plan Width": 4, "Actual Rows": 21211, "Actual Loops": 4, "Hash Buckets": 131072, "Original Hash Buckets": 131072, "Hash Batches": 1, "Original Hash Batches": 1, "Peak Memory Usage": 4416, "Workers": [], "Plans": [{"Node Type": "Seq Scan", "Parent Relationship": "Outer", "Parallel Aware": true, "Async Capable": false, "Relation Name": "company_name", "Alias": "cn", "Startup Cost": 0.0, "Total Cost": 4767.92, "Plan Rows": 49945, "Plan Width": 4, "Actual Rows": 21211, "Actual Loops": 4, "Filter": "((country_code)::text = '[us]'::text)", "Rows Removed by Filter": 37538, "Workers": []}]}]}, {"Node Type": "Hash", "Parent Relationship": "Inner", "Parallel Aware": false, "Async Capable": false, "Startup Cost": 2818.24, "Total Cost": 2818.24, "Plan Rows": 33772, "Plan Width": 4, "Actual Rows": 24592, "Actual Loops": 4, "Hash Buckets": 65536, "Original Hash Buckets": 65536, "Hash Batches": 1, "Original Hash Batches": 1, "Peak Memory Usage": 1377, "Workers": [], "Plans": [{"Node Type": "Hash Join", "Parent Relationship": "Outer", "Parallel Aware": false, "Async Capable": false, "Join Type": "Inner", "Startup Cost": 1.06, "Total Cost": 2818.24, "Plan Rows": 33772, "Plan Width": 4, "Actual Rows": 24592, "Actual Loops": 4, "Inner Unique": true, "Hash Cond": "(cc.status_id = cct1.id)", "Workers": [], "Plans": [{"Node Type": "Seq Scan", "Parent Relationship": "Outer", "Parallel Aware": false, "Async Capable": false, "Relation Name": "complete_cast", "Alias": "cc", "Startup Cost": 0.0, "Total Cost": 2086.86, "Plan Rows": 135086, "Plan Width": 8, "Actual Rows": 135086, "Actual Loops": 4, "Workers": []}, {"Node Type": "Hash", "Parent Relationship": "Inner", "Parallel Aware": false, "Async Capable": false, "Startup Cost": 1.05, "Total Cost": 1.05, "Plan Rows": 1, "Plan Width": 4, "Actual Rows": 1, "Actual Loops": 4, "Hash Buckets": 1024, "Original Hash Buckets": 1024, "Hash Batches": 1, "Original Hash Batches": 1, "Peak Memory Usage": 9, "Workers": [], "Plans": [{"Node Type": "Seq Scan", "Parent Relationship": "Outer", "Parallel Aware": false, "Async Capable": false, "Relation Name": "comp_cast_type", "Alias": "cct1", "Startup Cost": 0.0, "Total Cost": 1.05, "Plan Rows": 1, "Plan Width": 4, "Actual Rows": 1, "Actual Loops": 4, "Filter": "((kind)::text = 'complete+verified'::text)", "Rows Removed by Filter": 3, "Workers": []}]}]}]}]}, {"Node Type": "Hash", "Parent Relationship": "Inner", "Parallel Aware": false, "Async Capable": false, "Startup Cost": 1.04, "Total Cost": 1.04, "Plan Rows": 4, "Plan Width": 4, "Actual Rows": 4, "Actual Loops": 4, "Hash Buckets": 1024, "Original Hash Buckets": 1024, "Hash Batches": 1, "Original Hash Batches": 1, "Peak Memory Usage": 9, "Workers": [], "Plans": [{"Node Type": "Seq Scan", "Parent Relationship": "Outer", "Parallel Aware": false, "Async Capable": false, "Relation Name": "company_type", "Alias": "ct", "Startup Cost": 0.0, "Total Cost": 1.04, "Plan Rows": 4, "Plan Width": 4, "Actual Rows": 4, "Actual Loops": 4, "Workers": []}]}]}]}]}, {"Node Type": "Hash", "Parent Relationship": "Inner", "Parallel Aware": true, "Async Capable": false, "Startup Cost": 3307.22, "Total Cost": 3307.22, "Plan Rows": 55904, "Plan Width": 4, "Actual Rows": 33542, "Actual Loops": 4, "Hash Buckets": 262144, "Original Hash Buckets": 262144, "Hash Batches": 1, "Original Hash Batches": 1, "Peak Memory Usage": 7360, "Workers": [], "Plans": [{"Node Type": "Index Only Scan", "Parent Relationship": "Outer", "Parallel Aware": true, "Async Capable": false, "Scan Direction": "Forward", "Index Name": "keyword_pkey", "Relation Name": "keyword", "Alias": "k", "Startup Cost": 0.42, "Total Cost": 3307.22, "Plan Rows": 55904, "Plan Width": 4, "Actual Rows": 33542, "Actual Loops": 4, "Heap Fetches": 0, "Workers": []}]}]}, {"Node Type": "Hash", "Parent Relationship": "Inner", "Parallel Aware": true, "Async Capable": false, "Startup Cost": 206167.67, "Total Cost": 206167.67, "Plan Rows": 1, "Plan Width": 35, "Actual Rows": 67, "Actual Loops": 4, "Hash Buckets": 1024, "Original Hash Buckets": 1024, "Hash Batches": 1, "Original Hash Batches": 1, "Peak Memory Usage": 136, "Workers": [], "Plans": [{"Node Type": "Nested Loop", "Parent Relationship": "Outer", "Parallel Aware": false, "Async Capable": false, "Join Type": "Inner", "Startup Cost": 2.99, "Total Cost": 206167.67, "Plan Rows": 1, "Plan Width": 35, "Actual Rows": 67, "Actual Loops": 4, "Inner Unique": true, "Workers": [], "Plans": [{"Node Type": "Nested Loop", "Parent Relationship": "Outer", "Parallel Aware": false, "Async Capable": false, "Join Type": "Inner", "Startup Cost": 2.86, "Total Cost": 206167.51, "Plan Rows": 1, "Plan Width": 29, "Actual Rows": 124, "Actual Loops": 4, "Inner Unique": true, "Workers": [], "Plans": [{"Node Type": "Hash Join", "Parent Relationship": "Outer", "Parallel Aware": false, "Async Capable": false, "Join Type": "Inner", "Startup Cost": 2.43, "Total Cost": 206159.06, "Plan Rows": 1, "Plan Width": 4, "Actual Rows": 124, "Actual Loops": 4, "Inner Unique": true, "Hash Cond": "(mi.info_type_id = it1.id)", "Workers": [], "Plans": [{"Node Type": "Seq Scan", "Parent Relationship": "Outer", "Parallel Aware": true, "Async Capable": false, "Relation Name": "movie_info", "Alias": "mi", "Startup Cost": 0.0, "Total Cost": 206156.59, "Plan Rows": 15, "Plan Width": 8, "Actual Rows": 124, "Actual Loops": 4, "Filter": "(((note)::text ~~ '%internet%'::text) AND ((info)::text ~~ 'USA:%2008%'::text))", "Rows Removed by Filter": 3708806, "Workers": []}, {"Node Type": "Hash", "Parent Relationship": "Inner", "Parallel Aware": false, "Async Capable": false, "Startup Cost": 2.41, "Total Cost": 2.41, "Plan Rows": 1, "Plan Width": 4, "Actual Rows": 1, "Actual Loops": 4, "Hash Buckets": 1024, "Original Hash Buckets": 1024, "Hash Batches": 1, "Original Hash Batches": 1, "Peak Memory Usage": 9, "Workers": [], "Plans": [{"Node Type": "Seq Scan", "Parent Relationship": "Outer", "Parallel Aware": false, "Async Capable": false, "Relation Name": "info_type", "Alias": "it1", "Startup Cost": 0.0, "Total Cost": 2.41, "Plan Rows": 1, "Plan Width": 4, "Actual Rows": 1, "Actual Loops": 4, "Filter": "((info)::text = 'release dates'::text)", "Rows Removed by Filter": 112, "Workers": []}]}]}, {"Node Type": "Index Scan", "Parent Relationship": "Inner", "Parallel Aware": false, "Async Capable": false, "Scan Direction": "Forward", "Index Name": "title_pkey", "Relation Name": "title", "Alias": "t", "Startup Cost": 0.43, "Total Cost": 8.45, "Plan Rows": 1, "Plan Width": 25, "Actual Rows": 1, "Actual Loops": 495, "Index Cond": "(id = mi.movie_id)", "Rows Removed by Index Recheck": 0, "Filter": "(production_year >= 1976)", "Rows Removed by Filter": 0, "Workers": []}]}, {"Node Type": "Index Scan", "Parent Relationship": "Inner", "Parallel Aware": false, "Async Capable": false, "Scan Direction": "Forward", "Index Name": "kind_type_pkey", "Relation Name": "kind_type", "Alias": "kt", "Startup Cost": 0.13, "Total Cost": 0.15, "Plan Rows": 1, "Plan Width": 14, "Actual Rows": 1, "Actual Loops": 494, "Index Cond": "(id = t.kind_id)", "Rows Removed by Index Recheck": 0, "Filter": "((kind)::text = ANY ('{episode,movie,\"tv movie\"}'::text[]))", "Rows Removed by Filter": 0, "Workers": []}]}]}]}]}]}, "Planning Time": 22.075, "Triggers": [], "Execution Time": 1582.186}, {"Plan": {"Node Type": "Aggregate", "Strategy": "Plain", "Partial Mode": "Simple", "Parallel Aware": false, "Async Capable": false, "Startup Cost": 294695.69, "Total Cost": 294695.7, "Plan Rows": 1, "Plan Width": 64, "Actual Rows": 1, "Actual Loops": 1, "Plans": [{"Node Type": "Gather", "Parent Relationship": "Outer", "Parallel Aware": false, "Async Capable": false, "Startup Cost": 244803.54, "Total Cost": 294695.67, "Plan Rows": 3, "Plan Width": 27, "Actual Rows": 306, "Actual Loops": 1, "Workers Planned": 3, "Workers Launched": 3, "Single Copy": false, "Plans": [{"Node Type": "Hash Join", "Parent Relationship": "Outer", "Parallel Aware": true, "Async Capable": false, "Join Type": "Inner", "Startup Cost": 243803.54, "Total Cost": 293695.37, "Plan Rows": 1, "Plan Width": 27, "Actual Rows": 76, "Actual Loops": 4, "Inner Unique": false, "Hash Cond": "(mk.movie_id = t.id)", "Workers": [], "Plans": [{"Node Type": "Hash Join", "Parent Relationship": "Outer", "Parallel Aware": true, "Async Capable": false, "Join Type": "Inner", "Startup Cost": 7246.4, "Total Cost": 55913.95, "Plan Rows": 326472, "Plan Width": 8, "Actual Rows": 255951, "Actual Loops": 4, "Inner Unique": true, "Hash Cond": "(mk.keyword_id = k.id)", "Workers": [], "Plans": [{"Node Type": "Hash Join", "Parent Relationship": "Outer", "Parallel Aware": false, "Async Capable": false, "Join Type": "Inner", "Startup Cost": 3240.39, "Total Cost": 51050.92, "Plan Rows": 326472, "Plan Width": 12, "Actual Rows": 255951, "Actual Loops": 4, "Inner Unique": false, "Hash Cond": "(mk.movie_id = cc.movie_id)", "Workers": [], "Plans": [{"Node Type": "Seq Scan", "Parent Relationship": "Outer", "Parallel Aware": true, "Async Capable": false, "Relation Name": "movie_keyword", "Alias": "mk", "Startup Cost": 0.0, "Total Cost": 39073.32, "Plan Rows": 1459332, "Plan Width": 8, "Actual Rows": 1130982, "Actual Loops": 4, "Workers": []}, {"Node Type": "Hash", "Parent Relationship": "Inner", "Parallel Aware": false, "Async Capable": false, "Startup Cost": 2818.24, "Total Cost": 2818.24, "Plan Rows": 33772, "Plan Width": 4, "Actual Rows": 24592, "Actual Loops": 4, "Hash Buckets": 65536, "Original Hash Buckets": 65536, "Hash Batches": 1, "Original Hash Batches": 1, "Peak Memory Usage": 1377, "Workers": [], "Plans": [{"Node Type": "Hash Join", "Parent Relationship": "Outer", "Parallel Aware": false, "Async Capable": false, "Join Type": "Inner", "Startup Cost": 1.06, "Total Cost": 2818.24, "Plan Rows": 33772, "Plan Width": 4, "Actual Rows": 24592, "Actual Loops": 4, "Inner Unique": true, "Hash Cond": "(cc.status_id = cct1.id)", "Workers": [], "Plans": [{"Node Type": "Seq Scan", "Parent Relationship": "Outer", "Parallel Aware": false, "Async Capable": false, "Relation Name": "complete_cast", "Alias": "cc", "Startup Cost": 0.0, "Total Cost": 2086.86, "Plan Rows": 135086, "Plan Width": 8, "Actual Rows": 135086, "Actual Loops": 4, "Workers": []}, {"Node Type": "Hash", "Parent Relationship": "Inner", "Parallel Aware": false, "Async Capable": false, "Startup Cost": 1.05, "Total Cost": 1.05, "Plan Rows": 1, "Plan Width": 4, "Actual Rows": 1, "Actual Loops": 4, "Hash Buckets": 1024, "Original Hash Buckets": 1024, "Hash Batches": 1, "Original Hash Batches": 1, "Peak Memory Usage": 9, "Workers": [], "Plans": [{"Node Type": "Seq Scan", "Parent Relationship": "Outer", "Parallel Aware": false, "Async Capable": false, "Relation Name": "comp_cast_type", "Alias": "cct1", "Startup Cost": 0.0, "Total Cost": 1.05, "Plan Rows": 1, "Plan Width": 4, "Actual Rows": 1, "Actual Loops": 4, "Filter": "((kind)::text = 'complete+verified'::text)", "Rows Removed by Filter": 3, "Workers": []}]}]}]}]}, {"Node Type": "Hash", "Parent Relationship": "Inner", "Parallel Aware": true, "Async Capable": false, "Startup Cost": 3307.22, "Total Cost": 3307.22, "Plan Rows": 55904, "Plan Width": 4, "Actual Rows": 33542, "Actual Loops": 4, "Hash Buckets": 262144, "Original Hash Buckets": 262144, "Hash Batches": 1, "Original Hash Batches": 1, "Peak Memory Usage": 7392, "Workers": [], "Plans": [{"Node Type": "Index Only Scan", "Parent Relationship": "Outer", "Parallel Aware": true, "Async Capable": false, "Scan Direction": "Forward", "Index Name": "keyword_pkey", "Relation Name": "keyword", "Alias": "k", "Startup Cost": 0.42, "Total Cost": 3307.22, "Plan Rows": 55904, "Plan Width": 4, "Actual Rows": 33542, "Actual Loops": 4, "Heap Fetches": 0, "Workers": []}]}]}, {"Node Type": "Hash", "Parent Relationship": "Inner", "Parallel Aware": true, "Async Capable": false, "Startup Cost": 236557.13, "Total Cost": 236557.13, "Plan Rows": 1, "Plan Width": 39, "Actual Rows": 84, "Actual Loops": 4, "Hash Buckets": 1024, "Original Hash Buckets": 1024, "Hash Batches": 1, "Original Hash Batches": 1, "Peak Memory Usage": 136, "Workers": [], "Plans": [{"Node Type": "Nested Loop", "Parent Relationship": "Outer", "Parallel Aware": false, "Async Capable": false, "Join Type": "Inner", "Startup Cost": 206160.18, "Total Cost": 236557.13, "Plan Rows": 1, "Plan Width": 39, "Actual Rows": 84, "Actual Loops": 4, "Inner Unique": true, "Workers": [], "Plans": [{"Node Type": "Nested Loop", "Parent Relationship": "Outer", "Parallel Aware": false, "Async Capable": false, "Join Type": "Inner", "Startup Cost": 206160.05, "Total Cost": 236556.96, "Plan Rows": 1, "Plan Width": 33, "Actual Rows": 177, "Actual Loops": 4, "Inner Unique": true, "Join Filter": "(t.id = mi.movie_id)", "Rows Removed by Join Filter": 0, "Workers": [], "Plans": [{"Node Type": "Nested Loop", "Parent Relationship": "Outer", "Parallel Aware": false, "Async Capable": false, "Join Type": "Inner", "Startup Cost": 206159.62, "Total Cost": 236556.43, "Plan Rows": 1, "Plan Width": 8, "Actual Rows": 177, "Actual Loops": 4, "Inner Unique": true, "Workers": [], "Plans": [{"Node Type": "Nested Loop", "Parent Relationship": "Outer", "Parallel Aware": false, "Async Capable": false, "Join Type": "Inner", "Startup Cost": 206159.49, "Total Cost": 236556.28, "Plan Rows": 1, "Plan Width": 12, "Actual Rows": 177, "Actual Loops": 4, "Inner Unique": true, "Workers": [], "Plans": [{"Node Type": "Hash Join", "Parent Relationship": "Outer", "Parallel Aware": true, "Async Capable": false, "Join Type": "Inner", "Startup Cost": 206159.07, "Total Cost": 236555.83, "Plan Rows": 1, "Plan Width": 16, "Actual Rows": 192, "Actual Loops": 4, "Inner Unique": false, "Hash Cond": "(mc.movie_id = mi.movie_id)", "Workers": [], "Plans": [{"Node Type": "Seq Scan", "Parent Relationship": "Outer", "Parallel Aware": true, "Async Capable": false, "Relation Name": "movie_companies", "Alias": "mc", "Startup Cost": 0.0, "Total Cost": 27240.55, "Plan Rows": 841655, "Plan Width": 12, "Actual Rows": 652282, "Actual Loops": 4, "Workers": []}, {"Node Type": "Hash", "Parent Relationship": "Inner", "Parallel Aware": true, "Async Capable": false, "Startup Cost": 206159.06, "Total Cost": 206159.06, "Plan Rows": 1, "Plan Width": 4, "Actual Rows": 124, "Actual Loops": 4, "Hash Buckets": 1024, "Original Hash Buckets": 1024, "Hash Batches": 1, "Original Hash Batches": 1, "Peak Memory Usage": 136, "Workers": [], "Plans": [{"Node Type": "Hash Join", "Parent Relationship": "Outer", "Parallel Aware": false, "Async Capable": false, "Join Type": "Inner", "Startup Cost": 2.43, "Total Cost": 206159.06, "Plan Rows": 1, "Plan Width": 4, "Actual Rows": 124, "Actual Loops": 4, "Inner Unique": true, "Hash Cond": "(mi.info_type_id = it1.id)", "Workers": [], "Plans": [{"Node Type": "Seq Scan", "Parent Relationship": "Outer", "Parallel Aware": true, "Async Capable": false, "Relation Name": "movie_info", "Alias": "mi", "Startup Cost": 0.0, "Total Cost": 206156.59, "Plan Rows": 15, "Plan Width": 8, "Actual Rows": 124, "Actual Loops": 4, "Filter": "(((note)::text ~~ '%internet%'::text) AND ((info)::text ~~ 'USA:%2008%'::text))", "Rows Removed by Filter": 3708806, "Workers": []}, {"Node Type": "Hash", "Parent Relationship": "Inner", "Parallel Aware": false, "Async Capable": false, "Startup Cost": 2.41, "Total Cost": 2.41, "Plan Rows": 1, "Plan Width": 4, "Actual Rows": 1, "Actual Loops": 4, "Hash Buckets": 1024, "Original Hash Buckets": 1024, "Hash Batches": 1, "Original Hash Batches": 1, "Peak Memory Usage": 9, "Workers": [], "Plans": [{"Node Type": "Seq Scan", "Parent Relationship": "Outer", "Parallel Aware": false, "Async Capable": false, "Relation Name": "info_type", "Alias": "it1", "Startup Cost": 0.0, "Total Cost": 2.41, "Plan Rows": 1, "Plan Width": 4, "Actual Rows": 1, "Actual Loops": 4, "Filter": "((info)::text = 'release dates'::text)", "Rows Removed by Filter": 112, "Workers": []}]}]}]}]}, {"Node Type": "Index Scan", "Parent Relationship": "Inner", "Parallel Aware": false, "Async Capable": false, "Scan Direction": "Forward", "Index Name": "company_name_pkey", "Relation Name": "company_name", "Alias": "cn", "Startup Cost": 0.42, "Total Cost": 0.45, "Plan Rows": 1, "Plan Width": 4, "Actual Rows": 1, "Actual Loops": 766, "Index Cond": "(id = mc.company_id)", "Rows Removed by Index Recheck": 0, "Filter": "((country_code)::text = '[us]'::text)", "Rows Removed by Filter": 0, "Workers": []}]}, {"Node Type": "Index Only Scan", "Parent Relationship": "Inner", "Parallel Aware": false, "Async Capable": false, "Scan Direction": "Forward", "Index Name": "company_type_pkey", "Relation Name": "company_type", "Alias": "ct", "Startup Cost": 0.13, "Total Cost": 0.15, "Plan Rows": 1, "Plan Width": 4, "Actual Rows": 1, "Actual Loops": 707, "Index Cond": "(id = mc.company_type_id)", "Rows Removed by Index Recheck": 0, "Heap Fetches": 707, "Workers": []}]}, {"Node Type": "Index Scan", "Parent Relationship": "Inner", "Parallel Aware": false, "Async Capable": false, "Scan Direction": "Forward", "Index Name": "title_pkey", "Relation Name": "title", "Alias": "t", "Startup Cost": 0.43, "Total Cost": 0.52, "Plan Rows": 1, "Plan Width": 25, "Actual Rows": 1, "Actual Loops": 707, "Index Cond": "(id = mc.movie_id)", "Rows Removed by Index Recheck": 0, "Filter": "(production_year >= 1976)", "Rows Removed by Filter": 0, "Workers": []}]}, {"Node Type": "Index Scan", "Parent Relationship": "Inner", "Parallel Aware": false, "Async Capable": false, "Scan Direction": "Forward", "Index Name": "kind_type_pkey", "Relation Name": "kind_type", "Alias": "kt", "Startup Cost": 0.13, "Total Cost": 0.15, "Plan Rows": 1, "Plan Width": 14, "Actual Rows": 0, "Actual Loops": 707, "Index Cond": "(id = t.kind_id)", "Rows Removed by Index Recheck": 0, "Filter": "((kind)::text = ANY ('{episode,movie,\"tv movie\"}'::text[]))", "Rows Removed by Filter": 1, "Workers": []}]}]}]}]}]}, "Planning Time": 20.971, "Triggers": [], "Execution Time": 1113.636}, {"Plan": {"Node Type": "Aggregate", "Strategy": "Plain", "Partial Mode": "Simple", "Parallel Aware": false, "Async Capable": false, "Startup Cost": 336970.99, "Total Cost": 336971.0, "Plan Rows": 1, "Plan Width": 64, "Actual Rows": 1, "Actual Loops": 1, "Plans": [{"Node Type": "Gather", "Parent Relationship": "Outer", "Parallel Aware": false, "Async Capable": false, "Startup Cost": 306573.85, "Total Cost": 336970.98, "Plan Rows": 3, "Plan Width": 27, "Actual Rows": 306, "Actual Loops": 1, "Workers Planned": 3, "Workers Launched": 3, "Single Copy": false, "Plans": [{"Node Type": "Hash Join", "Parent Relationship": "Outer", "Parallel Aware": true, "Async Capable": false, "Join Type": "Inner", "Startup Cost": 305573.85, "Total Cost": 335970.68, "Plan Rows": 1, "Plan Width": 27, "Actual Rows": 76, "Actual Loops": 4, "Inner Unique": false, "Hash Cond": "(mi.movie_id = t.id)", "Workers": [], "Plans": [{"Node Type": "Nested Loop", "Parent Relationship": "Outer", "Parallel Aware": false, "Async Capable": false, "Join Type": "Inner", "Startup Cost": 206159.62, "Total Cost": 236556.43, "Plan Rows": 1, "Plan Width": 8, "Actual Rows": 177, "Actual Loops": 4, "Inner Unique": true, "Workers": [], "Plans": [{"Node Type": "Nested Loop", "Parent Relationship": "Outer", "Parallel Aware": false, "Async Capable": false, "Join Type": "Inner", "Startup Cost": 206159.49, "Total Cost": 236556.28, "Plan Rows": 1, "Plan Width": 12, "Actual Rows": 177, "Actual Loops": 4, "Inner Unique": true, "Workers": [], "Plans": [{"Node Type": "Hash Join", "Parent Relationship": "Outer", "Parallel Aware": true, "Async Capable": false, "Join Type": "Inner", "Startup Cost": 206159.07, "Total Cost": 236555.83, "Plan Rows": 1, "Plan Width": 16, "Actual Rows": 192, "Actual Loops": 4, "Inner Unique": false, "Hash Cond": "(mc.movie_id = mi.movie_id)", "Workers": [], "Plans": [{"Node Type": "Seq Scan", "Parent Relationship": "Outer", "Parallel Aware": true, "Async Capable": false, "Relation Name": "movie_companies", "Alias": "mc", "Startup Cost": 0.0, "Total Cost": 27240.55, "Plan Rows": 841655, "Plan Width": 12, "Actual Rows": 652282, "Actual Loops": 4, "Workers": []}, {"Node Type": "Hash", "Parent Relationship": "Inner", "Parallel Aware": true, "Async Capable": false, "Startup Cost": 206159.06, "Total Cost": 206159.06, "Plan Rows": 1, "Plan Width": 4, "Actual Rows": 124, "Actual Loops": 4, "Hash Buckets": 1024, "Original Hash Buckets": 1024, "Hash Batches": 1, "Original Hash Batches": 1, "Peak Memory Usage": 136, "Workers": [], "Plans": [{"Node Type": "Hash Join", "Parent Relationship": "Outer", "Parallel Aware": false, "Async Capable": false, "Join Type": "Inner", "Startup Cost": 2.43, "Total Cost": 206159.06, "Plan Rows": 1, "Plan Width": 4, "Actual Rows": 124, "Actual Loops": 4, "Inner Unique": true, "Hash Cond": "(mi.info_type_id = it1.id)", "Workers": [], "Plans": [{"Node Type": "Seq Scan", "Parent Relationship": "Outer", "Parallel Aware": true, "Async Capable": false, "Relation Name": "movie_info", "Alias": "mi", "Startup Cost": 0.0, "Total Cost": 206156.59, "Plan Rows": 15, "Plan Width": 8, "Actual Rows": 124, "Actual Loops": 4, "Filter": "(((note)::text ~~ '%internet%'::text) AND ((info)::text ~~ 'USA:%2008%'::text))", "Rows Removed by Filter": 3708806, "Workers": []}, {"Node Type": "Hash", "Parent Relationship": "Inner", "Parallel Aware": false, "Async Capable": false, "Startup Cost": 2.41, "Total Cost": 2.41, "Plan Rows": 1, "Plan Width": 4, "Actual Rows": 1, "Actual Loops": 4, "Hash Buckets": 1024, "Original Hash Buckets": 1024, "Hash Batches": 1, "Original Hash Batches": 1, "Peak Memory Usage": 9, "Workers": [], "Plans": [{"Node Type": "Seq Scan", "Parent Relationship": "Outer", "Parallel Aware": false, "Async Capable": false, "Relation Name": "info_type", "Alias": "it1", "Startup Cost": 0.0, "Total Cost": 2.41, "Plan Rows": 1, "Plan Width": 4, "Actual Rows": 1, "Actual Loops": 4, "Filter": "((info)::text = 'release dates'::text)", "Rows Removed by Filter": 112, "Workers": []}]}]}]}]}, {"Node Type": "Index Scan", "Parent Relationship": "Inner", "Parallel Aware": false, "Async Capable": false, "Scan Direction": "Forward", "Index Name": "company_name_pkey", "Relation Name": "company_name", "Alias": "cn", "Startup Cost": 0.42, "Total Cost": 0.45, "Plan Rows": 1, "Plan Width": 4, "Actual Rows": 1, "Actual Loops": 766, "Index Cond": "(id = mc.company_id)", "Rows Removed by Index Recheck": 0, "Filter": "((country_code)::text = '[us]'::text)", "Rows Removed by Filter": 0, "Workers": []}]}, {"Node Type": "Index Only Scan", "Parent Relationship": "Inner", "Parallel Aware": false, "Async Capable": false, "Scan Direction": "Forward", "Index Name": "company_type_pkey", "Relation Name": "company_type", "Alias": "ct", "Startup Cost": 0.13, "Total Cost": 0.15, "Plan Rows": 1, "Plan Width": 4, "Actual Rows": 1, "Actual Loops": 707, "Index Cond": "(id = mc.company_type_id)", "Rows Removed by Index Recheck": 0, "Heap Fetches": 707, "Workers": []}]}, {"Node Type": "Hash", "Parent Relationship": "Inner", "Parallel Aware": true, "Async Capable": false, "Startup Cost": 98024.88, "Total Cost": 98024.88, "Plan Rows": 111148, "Plan Width": 39, "Actual Rows": 125686, "Actual Loops": 4, "Hash Buckets": 524288, "Original Hash Buckets": 524288, "Hash Batches": 1, "Original Hash Batches": 1, "Peak Memory Usage": 39392, "Workers": [], "Plans": [{"Node Type": "Hash Join", "Parent Relationship": "Outer", "Parallel Aware": true, "Async Capable": false, "Join Type": "Inner", "Startup Cost": 53170.7, "Total Cost": 98024.88, "Plan Rows": 111148, "Plan Width": 39, "Actual Rows": 125686, "Actual Loops": 4, "Inner Unique": true, "Hash Cond": "(mk.keyword_id = k.id)", "Workers": [], "Plans": [{"Node Type": "Hash Join", "Parent Relationship": "Outer", "Parallel Aware": true, "Async Capable": false, "Join Type": "Inner", "Startup Cost": 49164.68, "Total Cost": 93727.09, "Plan Rows": 111148, "Plan Width": 43, "Actual Rows": 125686, "Actual Loops": 4, "Inner Unique": false, "Hash Cond": "(mk.movie_id = t.id)", "Workers": [], "Plans": [{"Node Type": "Seq Scan", "Parent Relationship": "Outer", "Parallel Aware": true, "Async Capable": false, "Relation Name": "movie_keyword", "Alias": "mk", "Startup Cost": 0.0, "Total Cost": 39073.32, "Plan Rows": 1459332, "Plan Width": 8, "Actual Rows": 1130982, "Actual Loops": 4, "Workers": []}, {"Node Type": "Hash", "Parent Relationship": "Inner", "Parallel Aware": true, "Async Capable": false, "Startup Cost": 49128.76, "Total Cost": 49128.76, "Plan Rows": 2874, "Plan Width": 35, "Actual Rows": 2456, "Actual Loops": 4, "Hash Buckets": 16384, "Original Hash Buckets": 16384, "Hash Batches": 1, "Original Hash Batches": 1, "Peak Memory Usage": 800, "Workers": [], "Plans": [{"Node Type": "Hash Join", "Parent Relationship": "Outer", "Parallel Aware": false, "Async Capable": false, "Join Type": "Inner", "Startup Cost": 3241.52, "Total Cost": 49128.76, "Plan Rows": 2874, "Plan Width": 35, "Actual Rows": 2456, "Actual Loops": 4, "Inner Unique": true, "Hash Cond": "(t.kind_id = kt.id)", "Workers": [], "Plans": [{"Node Type": "Hash Join", "Parent Relationship": "Outer", "Parallel Aware": false, "Async Capable": false, "Join Type": "Inner", "Startup Cost": 3240.39, "Total Cost": 49099.36, "Plan Rows": 6707, "Plan Width": 29, "Actual Rows": 2578, "Actual Loops": 4, "Inner Unique": false, "Hash Cond": "(t.id = cc.movie_id)", "Workers": [], "Plans": [{"Node Type": "Seq Scan", "Parent Relationship": "Outer", "Parallel Aware": true, "Async Capable": false, "Relation Name": "title", "Alias": "t", "Startup Cost": 0.0, "Total Cost": 43908.97, "Plan Rows": 502114, "Plan Width": 25, "Actual Rows": 501162, "Actual Loops": 4, "Filter": "(production_year >= 1976)", "Rows Removed by Filter": 130916, "Workers": []}, {"Node Type": "Hash", "Parent Relationship": "Inner", "Parallel Aware": false, "Async Capable": false, "Startup Cost": 2818.24, "Total Cost": 2818.24, "Plan Rows": 33772, "Plan Width": 4, "Actual Rows": 24592, "Actual Loops": 4, "Hash Buckets": 65536, "Original Hash Buckets": 65536, "Hash Batches": 1, "Original Hash Batches": 1, "Peak Memory Usage": 1377, "Workers": [], "Plans": [{"Node Type": "Hash Join", "Parent Relationship": "Outer", "Parallel Aware": false, "Async Capable": false, "Join Type": "Inner", "Startup Cost": 1.06, "Total Cost": 2818.24, "Plan Rows": 33772, "Plan Width": 4, "Actual Rows": 24592, "Actual Loops": 4, "Inner Unique": true, "Hash Cond": "(cc.status_id = cct1.id)", "Workers": [], "Plans": [{"Node Type": "Seq Scan", "Parent Relationship": "Outer", "Parallel Aware": false, "Async Capable": false, "Relation Name": "complete_cast", "Alias": "cc", "Startup Cost": 0.0, "Total Cost": 2086.86, "Plan Rows": 135086, "Plan Width": 8, "Actual Rows": 135086, "Actual Loops": 4, "Workers": []}, {"Node Type": "Hash", "Parent Relationship": "Inner", "Parallel Aware": false, "Async Capable": false, "Startup Cost": 1.05, "Total Cost": 1.05, "Plan Rows": 1, "Plan Width": 4, "Actual Rows": 1, "Actual Loops": 4, "Hash Buckets": 1024, "Original Hash Buckets": 1024, "Hash Batches": 1, "Original Hash Batches": 1, "Peak Memory Usage": 9, "Workers": [], "Plans": [{"Node Type": "Seq Scan", "Parent Relationship": "Outer", "Parallel Aware": false, "Async Capable": false, "Relation Name": "comp_cast_type", "Alias": "cct1", "Startup Cost": 0.0, "Total Cost": 1.05, "Plan Rows": 1, "Plan Width": 4, "Actual Rows": 1, "Actual Loops": 4, "Filter": "((kind)::text = 'complete+verified'::text)", "Rows Removed by Filter": 3, "Workers": []}]}]}]}]}, {"Node Type": "Hash", "Parent Relationship": "Inner", "Parallel Aware": false, "Async Capable": false, "Startup Cost": 1.1, "Total Cost": 1.1, "Plan Rows": 3, "Plan Width": 14, "Actual Rows": 3, "Actual Loops": 4, "Hash Buckets": 1024, "Original Hash Buckets": 1024, "Hash Batches": 1, "Original Hash Batches": 1, "Peak Memory Usage": 9, "Workers": [], "Plans": [{"Node Type": "Seq Scan", "Parent Relationship": "Outer", "Parallel Aware": false, "Async Capable": false, "Relation Name": "kind_type", "Alias": "kt", "Startup Cost": 0.0, "Total Cost": 1.1, "Plan Rows": 3, "Plan Width": 14, "Actual Rows": 3, "Actual Loops": 4, "Filter": "((kind)::text = ANY ('{episode,movie,\"tv movie\"}'::text[]))", "Rows Removed by Filter": 4, "Workers": []}]}]}]}]}, {"Node Type": "Hash", "Parent Relationship": "Inner", "Parallel Aware": true, "Async Capable": false, "Startup Cost": 3307.22, "Total Cost": 3307.22, "Plan Rows": 55904, "Plan Width": 4, "Actual Rows": 33542, "Actual Loops": 4, "Hash Buckets": 262144, "Original Hash Buckets": 262144, "Hash Batches": 1, "Original Hash Batches": 1, "Peak Memory Usage": 7360, "Workers": [], "Plans": [{"Node Type": "Index Only Scan", "Parent Relationship": "Outer", "Parallel Aware": true, "Async Capable": false, "Scan Direction": "Forward", "Index Name": "keyword_pkey", "Relation Name": "keyword", "Alias": "k", "Startup Cost": 0.42, "Total Cost": 3307.22, "Plan Rows": 55904, "Plan Width": 4, "Actual Rows": 33542, "Actual Loops": 4, "Heap Fetches": 0, "Workers": []}]}]}]}]}]}]}, "Planning Time": 23.612, "Triggers": [], "Execution Time": 1369.204}, {"Plan": {"Node Type": "Aggregate", "Strategy": "Plain", "Partial Mode": "Simple", "Parallel Aware": false, "Async Capable": false, "Startup Cost": 331729.6, "Total Cost": 331729.61, "Plan Rows": 1, "Plan Width": 64, "Actual Rows": 1, "Actual Loops": 1, "Plans": [{"Node Type": "Hash Join", "Parent Relationship": "Outer", "Parallel Aware": false, "Async Capable": false, "Join Type": "Inner", "Startup Cost": 282845.52, "Total Cost": 331729.59, "Plan Rows": 3, "Plan Width": 27, "Actual Rows": 306, "Actual Loops": 1, "Inner Unique": false, "Hash Cond": "(t.id = mc.movie_id)", "Plans": [{"Node Type": "Nested Loop", "Parent Relationship": "Outer", "Parallel Aware": false, "Async Capable": false, "Join Type": "Inner", "Startup Cost": 207161.12, "Total Cost": 256044.95, "Plan Rows": 3, "Plan Width": 43, "Actual Rows": 306, "Actual Loops": 1, "Inner Unique": false, "Join Filter": "(t.id = cc.movie_id)", "Rows Removed by Join Filter": 14754894, "Plans": [{"Node Type": "Hash Join", "Parent Relationship": "Outer", "Parallel Aware": false, "Async Capable": false, "Join Type": "Inner", "Startup Cost": 1.06, "Total Cost": 2818.24, "Plan Rows": 33772, "Plan Width": 4, "Actual Rows": 24592, "Actual Loops": 1, "Inner Unique": true, "Hash Cond": "(cc.status_id = cct1.id)", "Plans": [{"Node Type": "Seq Scan", "Parent Relationship": "Outer", "Parallel Aware": false, "Async Capable": false, "Relation Name": "complete_cast", "Alias": "cc", "Startup Cost": 0.0, "Total Cost": 2086.86, "Plan Rows": 135086, "Plan Width": 8, "Actual Rows": 135086, "Actual Loops": 1}, {"Node Type": "Hash", "Parent Relationship": "Inner", "Parallel Aware": false, "Async Capable": false, "Startup Cost": 1.05, "Total Cost": 1.05, "Plan Rows": 1, "Plan Width": 4, "Actual Rows": 1, "Actual Loops": 1, "Hash Buckets": 1024, "Original Hash Buckets": 1024, "Hash Batches": 1, "Original Hash Batches": 1, "Peak Memory Usage": 9, "Plans": [{"Node Type": "Seq Scan", "Parent Relationship": "Outer", "Parallel Aware": false, "Async Capable": false, "Relation Name": "comp_cast_type", "Alias": "cct1", "Startup Cost": 0.0, "Total Cost": 1.05, "Plan Rows": 1, "Plan Width": 4, "Actual Rows": 1, "Actual Loops": 1, "Filter": "((kind)::text = 'complete+verified'::text)", "Rows Removed by Filter": 3}]}]}, {"Node Type": "Materialize", "Parent Relationship": "Inner", "Parallel Aware": false, "Async Capable": false, "Startup Cost": 207160.05, "Total Cost": 251706.98, "Plan Rows": 3, "Plan Width": 39, "Actual Rows": 600, "Actual Loops": 24592, "Plans": [{"Node Type": "Gather", "Parent Relationship": "Outer", "Parallel Aware": false, "Async Capable": false, "Startup Cost": 207160.05, "Total Cost": 251706.97, "Plan Rows": 3, "Plan Width": 39, "Actual Rows": 600, "Actual Loops": 1, "Workers Planned": 3, "Workers Launched": 3, "Single Copy": false, "Plans": [{"Node Type": "Nested Loop", "Parent Relationship": "Outer", "Parallel Aware": false, "Async Capable": false, "Join Type": "Inner", "Startup Cost": 206160.05, "Total Cost": 250706.67, "Plan Rows": 1, "Plan Width": 39, "Actual Rows": 150, "Actual Loops": 4, "Inner Unique": true, "Workers": [], "Plans": [{"Node Type": "Nested Loop", "Parent Relationship": "Outer", "Parallel Aware": false, "Async Capable": false, "Join Type": "Inner", "Startup Cost": 206159.63, "Total Cost": 250706.23, "Plan Rows": 1, "Plan Width": 43, "Actual Rows": 150, "Actual Loops": 4, "Inner Unique": true, "Workers": [], "Plans": [{"Node Type": "Nested Loop", "Parent Relationship": "Outer", "Parallel Aware": false, "Async Capable": false, "Join Type": "Inner", "Startup Cost": 206159.5, "Total Cost": 250705.91, "Plan Rows": 2, "Plan Width": 37, "Actual Rows": 215, "Actual Loops": 4, "Inner Unique": true, "Join Filter": "(t.id = mi.movie_id)", "Rows Removed by Join Filter": 0, "Workers": [], "Plans": [{"Node Type": "Hash Join", "Parent Relationship": "Outer", "Parallel Aware": true, "Async Capable": false, "Join Type": "Inner", "Startup Cost": 206159.07, "Total Cost": 250704.91, "Plan Rows": 2, "Plan Width": 12, "Actual Rows": 218, "Actual Loops": 4, "Inner Unique": false, "Hash Cond": "(mk.movie_id = mi.movie_id)", "Workers": [], "Plans": [{"Node Type": "Seq Scan", "Parent Relationship": "Outer", "Parallel Aware": true, "Async Capable": false, "Relation Name": "movie_keyword", "Alias": "mk", "Startup Cost": 0.0, "Total Cost": 39073.32, "Plan Rows": 1459332, "Plan Width": 8, "Actual Rows": 1130982, "Actual Loops": 4, "Workers": []}, {"Node Type": "Hash", "Parent Relationship": "Inner", "Parallel Aware": true, "Async Capable": false, "Startup Cost": 206159.06, "Total Cost": 206159.06, "Plan Rows": 1, "Plan Width": 4, "Actual Rows": 124, "Actual Loops": 4, "Hash Buckets": 1024, "Original Hash Buckets": 1024, "Hash Batches": 1, "Original Hash Batches": 1, "Peak Memory Usage": 136, "Workers": [], "Plans": [{"Node Type": "Hash Join", "Parent Relationship": "Outer", "Parallel Aware": false, "Async Capable": false, "Join Type": "Inner", "Startup Cost": 2.43, "Total Cost": 206159.06, "Plan Rows": 1, "Plan Width": 4, "Actual Rows": 124, "Actual Loops": 4, "Inner Unique": true, "Hash Cond": "(mi.info_type_id = it1.id)", "Workers": [], "Plans": [{"Node Type": "Seq Scan", "Parent Relationship": "Outer", "Parallel Aware": true, "Async Capable": false, "Relation Name": "movie_info", "Alias": "mi", "Startup Cost": 0.0, "Total Cost": 206156.59, "Plan Rows": 15, "Plan Width": 8, "Actual Rows": 124, "Actual Loops": 4, "Filter": "(((note)::text ~~ '%internet%'::text) AND ((info)::text ~~ 'USA:%2008%'::text))", "Rows Removed by Filter": 3708806, "Workers": []}, {"Node Type": "Hash", "Parent Relationship": "Inner", "Parallel Aware": false, "Async Capable": false, "Startup Cost": 2.41, "Total Cost": 2.41, "Plan Rows": 1, "Plan Width": 4, "Actual Rows": 1, "Actual Loops": 4, "Hash Buckets": 1024, "Original Hash Buckets": 1024, "Hash Batches": 1, "Original Hash Batches": 1, "Peak Memory Usage": 9, "Workers": [], "Plans": [{"Node Type": "Seq Scan", "Parent Relationship": "Outer", "Parallel Aware": false, "Async Capable": false, "Relation Name": "info_type", "Alias": "it1", "Startup Cost": 0.0, "Total Cost": 2.41, "Plan Rows": 1, "Plan Width": 4, "Actual Rows": 1, "Actual Loops": 4, "Filter": "((info)::text = 'release dates'::text)", "Rows Removed by Filter": 112, "Workers": []}]}]}]}]}, {"Node Type": "Index Scan", "Parent Relationship": "Inner", "Parallel Aware": false, "Async Capable": false, "Scan Direction": "Forward", "Index Name": "title_pkey", "Relation Name": "title", "Alias": "t", "Startup Cost": 0.43, "Total Cost": 0.49, "Plan Rows": 1, "Plan Width": 25, "Actual Rows": 1, "Actual Loops": 870, "Index Cond": "(id = mk.movie_id)", "Rows Removed by Index Recheck": 0, "Filter": "(production_year >= 1976)", "Rows Removed by Filter": 0, "Workers": []}]}, {"Node Type": "Index Scan", "Parent Relationship": "Inner", "Parallel Aware": false, "Async Capable": false, "Scan Direction": "Forward", "Index Name": "kind_type_pkey", "Relation Name": "kind_type", "Alias": "kt", "Startup Cost": 0.13, "Total Cost": 0.15, "Plan Rows": 1, "Plan Width": 14, "Actual Rows": 1, "Actual Loops": 860, "Index Cond": "(id = t.kind_id)", "Rows Removed by Index Recheck": 0, "Filter": "((kind)::text = ANY ('{episode,movie,\"tv movie\"}'::text[]))", "Rows Removed by Filter": 0, "Workers": []}]}, {"Node Type": "Index Only Scan", "Parent Relationship": "Inner", "Parallel Aware": false, "Async Capable": false, "Scan Direction": "Forward", "Index Name": "keyword_pkey", "Relation Name": "keyword", "Alias": "k", "Startup Cost": 0.42, "Total Cost": 0.44, "Plan Rows": 1, "Plan Width": 4, "Actual Rows": 1, "Actual Loops": 600, "Index Cond": "(id = mk.keyword_id)", "Rows Removed by Index Recheck": 0, "Heap Fetches": 0, "Workers": []}]}]}]}]}, {"Node Type": "Hash", "Parent Relationship": "Inner", "Parallel Aware": false, "Async Capable": false, "Startup Cost": 63900.7, "Total Cost": 63900.7, "Plan Rows": 942696, "Plan Width": 4, "Actual Rows": 1153798, "Actual Loops": 1, "Hash Buckets": 2097152, "Original Hash Buckets": 1048576, "Hash Batches": 1, "Original Hash Batches": 1, "Peak Memory Usage": 56948, "Plans": [{"Node Type": "Hash Join", "Parent Relationship": "Outer", "Parallel Aware": false, "Async Capable": false, "Join Type": "Inner", "Startup Cost": 7039.88, "Total Cost": 63900.7, "Plan Rows": 942696, "Plan Width": 4, "Actual Rows": 1153798, "Actual Loops": 1, "Inner Unique": true, "Hash Cond": "(mc.company_type_id = ct.id)", "Plans": [{"Node Type": "Hash Join", "Parent Relationship": "Outer", "Parallel Aware": false, "Async Capable": false, "Join Type": "Inner", "Startup Cost": 7038.79, "Total Cost": 58803.16, "Plan Rows": 942696, "Plan Width": 8, "Actual Rows": 1153798, "Actual Loops": 1, "Inner Unique": true, "Hash Cond": "(mc.company_id = cn.id)", "Plans": [{"Node Type": "Seq Scan", "Parent Relationship": "Outer", "Parallel Aware": false, "Async Capable": false, "Relation Name": "movie_companies", "Alias": "mc", "Startup Cost": 0.0, "Total Cost": 44915.29, "Plan Rows": 2609129, "Plan Width": 12, "Actual Rows": 2609129, "Actual Loops": 1}, {"Node Type": "Hash", "Parent Relationship": "Inner", "Parallel Aware": false, "Async Capable": false, "Startup Cost": 5977.46, "Total Cost": 5977.46, "Plan Rows": 84906, "Plan Width": 4, "Actual Rows": 84843, "Actual Loops": 1, "Hash Buckets": 131072, "Original Hash Buckets": 131072, "Hash Batches": 1, "Original Hash Batches": 1, "Peak Memory Usage": 4007, "Plans": [{"Node Type": "Seq Scan", "Parent Relationship": "Outer", "Parallel Aware": false, "Async Capable": false, "Relation Name": "company_name", "Alias": "cn", "Startup Cost": 0.0, "Total Cost": 5977.46, "Plan Rows": 84906, "Plan Width": 4, "Actual Rows": 84843, "Actual Loops": 1, "Filter": "((country_code)::text = '[us]'::text)", "Rows Removed by Filter": 150154}]}]}, {"Node Type": "Hash", "Parent Relationship": "Inner", "Parallel Aware": false, "Async Capable": false, "Startup Cost": 1.04, "Total Cost": 1.04, "Plan Rows": 4, "Plan Width": 4, "Actual Rows": 4, "Actual Loops": 1, "Hash Buckets": 1024, "Original Hash Buckets": 1024, "Hash Batches": 1, "Original Hash Batches": 1, "Peak Memory Usage": 9, "Plans": [{"Node Type": "Seq Scan", "Parent Relationship": "Outer", "Parallel Aware": false, "Async Capable": false, "Relation Name": "company_type", "Alias": "ct", "Startup Cost": 0.0, "Total Cost": 1.04, "Plan Rows": 4, "Plan Width": 4, "Actual Rows": 4, "Actual Loops": 1}]}]}]}]}]}, "Planning Time": 17.502, "Triggers": [], "Execution Time": 3584.284}, {"Plan": {"Node Type": "Aggregate", "Strategy": "Plain", "Partial Mode": "Simple", "Parallel Aware": false, "Async Capable": false, "Startup Cost": 305125.27, "Total Cost": 305125.28, "Plan Rows": 1, "Plan Width": 64, "Actual Rows": 1, "Actual Loops": 1, "Plans": [{"Node Type": "Gather", "Parent Relationship": "Outer", "Parallel Aware": false, "Async Capable": false, "Startup Cost": 98968.31, "Total Cost": 305125.25, "Plan Rows": 3, "Plan Width": 27, "Actual Rows": 306, "Actual Loops": 1, "Workers Planned": 5, "Workers Launched": 5, "Single Copy": false, "Plans": [{"Node Type": "Hash Join", "Parent Relationship": "Outer", "Parallel Aware": true, "Async Capable": false, "Join Type": "Inner", "Startup Cost": 97968.31, "Total Cost": 304124.95, "Plan Rows": 1, "Plan Width": 27, "Actual Rows": 51, "Actual Loops": 6, "Inner Unique": false, "Hash Cond": "(mi.movie_id = t.id)", "Workers": [], "Plans": [{"Node Type": "Hash Join", "Parent Relationship": "Outer", "Parallel Aware": false, "Async Capable": false, "Join Type": "Inner", "Startup Cost": 2.43, "Total Cost": 206159.06, "Plan Rows": 1, "Plan Width": 4, "Actual Rows": 82, "Actual Loops": 6, "Inner Unique": true, "Hash Cond": "(mi.info_type_id = it1.id)", "Workers": [], "Plans": [{"Node Type": "Seq Scan", "Parent Relationship": "Outer", "Parallel Aware": true, "Async Capable": false, "Relation Name": "movie_info", "Alias": "mi", "Startup Cost": 0.0, "Total Cost": 206156.59, "Plan Rows": 15, "Plan Width": 8, "Actual Rows": 82, "Actual Loops": 6, "Filter": "(((note)::text ~~ '%internet%'::text) AND ((info)::text ~~ 'USA:%2008%'::text))", "Rows Removed by Filter": 2472538, "Workers": []}, {"Node Type": "Hash", "Parent Relationship": "Inner", "Parallel Aware": false, "Async Capable": false, "Startup Cost": 2.41, "Total Cost": 2.41, "Plan Rows": 1, "Plan Width": 4, "Actual Rows": 1, "Actual Loops": 6, "Hash Buckets": 1024, "Original Hash Buckets": 1024, "Hash Batches": 1, "Original Hash Batches": 1, "Peak Memory Usage": 9, "Workers": [], "Plans": [{"Node Type": "Seq Scan", "Parent Relationship": "Outer", "Parallel Aware": false, "Async Capable": false, "Relation Name": "info_type", "Alias": "it1", "Startup Cost": 0.0, "Total Cost": 2.41, "Plan Rows": 1, "Plan Width": 4, "Actual Rows": 1, "Actual Loops": 6, "Filter": "((info)::text = 'release dates'::text)", "Rows Removed by Filter": 112, "Workers": []}]}]}, {"Node Type": "Hash", "Parent Relationship": "Inner", "Parallel Aware": true, "Async Capable": false, "Startup Cost": 97383.54, "Total Cost": 97383.54, "Plan Rows": 46587, "Plan Width": 43, "Actual Rows": 490548, "Actual Loops": 6, "Hash Buckets": 4194304, "Original Hash Buckets": 262144, "Hash Batches": 1, "Original Hash Batches": 1, "Peak Memory Usage": 280640, "Workers": [], "Plans": [{"Node Type": "Hash Join", "Parent Relationship": "Outer", "Parallel Aware": true, "Async Capable": false, "Join Type": "Inner", "Startup Cost": 52680.94, "Total Cost": 97383.54, "Plan Rows": 46587, "Plan Width": 43, "Actual Rows": 490548, "Actual Loops": 6, "Inner Unique": true, "Hash Cond": "(mk.keyword_id = k.id)", "Workers": [], "Plans": [{"Node Type": "Hash Join", "Parent Relationship": "Outer", "Parallel Aware": true, "Async Capable": false, "Join Type": "Inner", "Startup Cost": 48674.93, "Total Cost": 93255.24, "Plan Rows": 46587, "Plan Width": 47, "Actual Rows": 490548, "Actual Loops": 6, "Inner Unique": false, "Hash Cond": "(mk.movie_id = t.id)", "Workers": [], "Plans": [{"Node Type": "Seq Scan", "Parent Relationship": "Outer", "Parallel Aware": true, "Async Capable": false, "Relation Name": "movie_keyword", "Alias": "mk", "Startup Cost": 0.0, "Total Cost": 39073.32, "Plan Rows": 1459332, "Plan Width": 8, "Actual Rows": 753988, "Actual Loops": 6, "Workers": []}, {"Node Type": "Hash", "Parent Relationship": "Inner", "Parallel Aware": true, "Async Capable": false, "Startup Cost": 48600.24, "Total Cost": 48600.24, "Plan Rows": 5975, "Plan Width": 39, "Actual Rows": 6421, "Actual Loops": 6, "Hash Buckets": 65536, "Original Hash Buckets": 32768, "Hash Batches": 1, "Original Hash Batches": 1, "Peak Memory Usage": 3616, "Workers": [], "Plans": [{"Node Type": "Hash Join", "Parent Relationship": "Outer", "Parallel Aware": false, "Async Capable": false, "Join Type": "Inner", "Startup Cost": 8635.27, "Total Cost": 48600.24, "Plan Rows": 5975, "Plan Width": 39, "Actual Rows": 6421, "Actual Loops": 6, "Inner Unique": true, "Hash Cond": "(mc.company_type_id = ct.id)", "Workers": [], "Plans": [{"Node Type": "Hash Join", "Parent Relationship": "Outer", "Parallel Aware": false, "Async Capable": false, "Join Type": "Inner", "Startup Cost": 8634.18, "Total Cost": 48566.85, "Plan Rows": 5975, "Plan Width": 43, "Actual Rows": 6421, "Actual Loops": 6, "Inner Unique": true, "Hash Cond": "(t.kind_id = kt.id)", "Workers": [], "Plans": [{"Node Type": "Nested Loop", "Parent Relationship": "Outer", "Parallel Aware": false, "Async Capable": false, "Join Type": "Inner", "Startup Cost": 8633.05, "Total Cost": 48506.95, "Plan Rows": 13942, "Plan Width": 37, "Actual Rows": 6677, "Actual Loops": 6, "Inner Unique": true, "Workers": [], "Plans": [{"Node Type": "Hash Join", "Parent Relationship": "Outer", "Parallel Aware": false, "Async Capable": false, "Join Type": "Inner", "Startup Cost": 8632.62, "Total Cost": 39398.41, "Plan Rows": 17550, "Plan Width": 12, "Actual Rows": 17548, "Actual Loops": 6, "Inner Unique": false, "Hash Cond": "(mc.movie_id = cc.movie_id)", "Workers": [], "Plans": [{"Node Type": "Hash Join", "Parent Relationship": "Outer", "Parallel Aware": true, "Async Capable": false, "Join Type": "Inner", "Startup Cost": 5392.23, "Total Cost": 34842.17, "Plan Rows": 304095, "Plan Width": 8, "Actual Rows": 192300, "Actual Loops": 6, "Inner Unique": true, "Hash Cond": "(mc.company_id = cn.id)", "Workers": [], "Plans": [{"Node Type": "Seq Scan", "Parent Relationship": "Outer", "Parallel Aware": true, "Async Capable": false, "Relation Name": "movie_companies", "Alias": "mc", "Startup Cost": 0.0, "Total Cost": 27240.55, "Plan Rows": 841655, "Plan Width": 12, "Actual Rows": 434855, "Actual Loops": 6, "Workers": []}, {"Node Type": "Hash", "Parent Relationship": "Inner", "Parallel Aware": true, "Async Capable": false, "Startup Cost": 4767.92, "Total Cost": 4767.92, "Plan Rows": 49945, "Plan Width": 4, "Actual Rows": 14140, "Actual Loops": 6, "Hash Buckets": 131072, "Original Hash Buckets": 131072, "Hash Batches": 1, "Original Hash Batches": 1, "Peak Memory Usage": 4448, "Workers": [], "Plans": [{"Node Type": "Seq Scan", "Parent Relationship": "Outer", "Parallel Aware": true, "Async Capable": false, "Relation Name": "company_name", "Alias": "cn", "Startup Cost": 0.0, "Total Cost": 4767.92, "Plan Rows": 49945, "Plan Width": 4, "Actual Rows": 14140, "Actual Loops": 6, "Filter": "((country_code)::text = '[us]'::text)", "Rows Removed by Filter": 25026, "Workers": []}]}]}, {"Node Type": "Hash", "Parent Relationship": "Inner", "Parallel Aware": false, "Async Capable": false, "Startup Cost": 2818.24, "Total Cost": 2818.24, "Plan Rows": 33772, "Plan Width": 4, "Actual Rows": 24592, "Actual Loops": 6, "Hash Buckets": 65536, "Original Hash Buckets": 65536, "Hash Batches": 1, "Original Hash Batches": 1, "Peak Memory Usage": 1377, "Workers": [], "Plans": [{"Node Type": "Hash Join", "Parent Relationship": "Outer", "Parallel Aware": false, "Async Capable": false, "Join Type": "Inner", "Startup Cost": 1.06, "Total Cost": 2818.24, "Plan Rows": 33772, "Plan Width": 4, "Actual Rows": 24592, "Actual Loops": 6, "Inner Unique": true, "Hash Cond": "(cc.status_id = cct1.id)", "Workers": [], "Plans": [{"Node Type": "Seq Scan", "Parent Relationship": "Outer", "Parallel Aware": false, "Async Capable": false, "Relation Name": "complete_cast", "Alias": "cc", "Startup Cost": 0.0, "Total Cost": 2086.86, "Plan Rows": 135086, "Plan Width": 8, "Actual Rows": 135086, "Actual Loops": 6, "Workers": []}, {"Node Type": "Hash", "Parent Relationship": "Inner", "Parallel Aware": false, "Async Capable": false, "Startup Cost": 1.05, "Total Cost": 1.05, "Plan Rows": 1, "Plan Width": 4, "Actual Rows": 1, "Actual Loops": 6, "Hash Buckets": 1024, "Original Hash Buckets": 1024, "Hash Batches": 1, "Original Hash Batches": 1, "Peak Memory Usage": 9, "Workers": [], "Plans": [{"Node Type": "Seq Scan", "Parent Relationship": "Outer", "Parallel Aware": false, "Async Capable": false, "Relation Name": "comp_cast_type", "Alias": "cct1", "Startup Cost": 0.0, "Total Cost": 1.05, "Plan Rows": 1, "Plan Width": 4, "Actual Rows": 1, "Actual Loops": 6, "Filter": "((kind)::text = 'complete+verified'::text)", "Rows Removed by Filter": 3, "Workers": []}]}]}]}]}, {"Node Type": "Index Scan", "Parent Relationship": "Inner", "Parallel Aware": false, "Async Capable": false, "Scan Direction": "Forward", "Index Name": "title_pkey", "Relation Name": "title", "Alias": "t", "Startup Cost": 0.43, "Total Cost": 0.52, "Plan Rows": 1, "Plan Width": 25, "Actual Rows": 0, "Actual Loops": 105289, "Index Cond": "(id = mc.movie_id)", "Rows Removed by Index Recheck": 0, "Filter": "(production_year >= 1976)", "Rows Removed by Filter": 1, "Workers": []}]}, {"Node Type": "Hash", "Parent Relationship": "Inner", "Parallel Aware": false, "Async Capable": false, "Startup Cost": 1.1, "Total Cost": 1.1, "Plan Rows": 3, "Plan Width": 14, "Actual Rows": 3, "Actual Loops": 6, "Hash Buckets": 1024, "Original Hash Buckets": 1024, "Hash Batches": 1, "Original Hash Batches": 1, "Peak Memory Usage": 9, "Workers": [], "Plans": [{"Node Type": "Seq Scan", "Parent Relationship": "Outer", "Parallel Aware": false, "Async Capable": false, "Relation Name": "kind_type", "Alias": "kt", "Startup Cost": 0.0, "Total Cost": 1.1, "Plan Rows": 3, "Plan Width": 14, "Actual Rows": 3, "Actual Loops": 6, "Filter": "((kind)::text = ANY ('{episode,movie,\"tv movie\"}'::text[]))", "Rows Removed by Filter": 4, "Workers": []}]}]}, {"Node Type": "Hash", "Parent Relationship": "Inner", "Parallel Aware": false, "Async Capable": false, "Startup Cost": 1.04, "Total Cost": 1.04, "Plan Rows": 4, "Plan Width": 4, "Actual Rows": 4, "Actual Loops": 6, "Hash Buckets": 1024, "Original Hash Buckets": 1024, "Hash Batches": 1, "Original Hash Batches": 1, "Peak Memory Usage": 9, "Workers": [], "Plans": [{"Node Type": "Seq Scan", "Parent Relationship": "Outer", "Parallel Aware": false, "Async Capable": false, "Relation Name": "company_type", "Alias": "ct", "Startup Cost": 0.0, "Total Cost": 1.04, "Plan Rows": 4, "Plan Width": 4, "Actual Rows": 4, "Actual Loops": 6, "Workers": []}]}]}]}]}, {"Node Type": "Hash", "Parent Relationship": "Inner", "Parallel Aware": true, "Async Capable": false, "Startup Cost": 3307.22, "Total Cost": 3307.22, "Plan Rows": 55904, "Plan Width": 4, "Actual Rows": 22362, "Actual Loops": 6, "Hash Buckets": 262144, "Original Hash Buckets": 262144, "Hash Batches": 1, "Original Hash Batches": 1, "Peak Memory Usage": 7392, "Workers": [], "Plans": [{"Node Type": "Index Only Scan", "Parent Relationship": "Outer", "Parallel Aware": true, "Async Capable": false, "Scan Direction": "Forward", "Index Name": "keyword_pkey", "Relation Name": "keyword", "Alias": "k", "Startup Cost": 0.42, "Total Cost": 3307.22, "Plan Rows": 55904, "Plan Width": 4, "Actual Rows": 22362, "Actual Loops": 6, "Heap Fetches": 0, "Workers": []}]}]}]}]}]}]}, "Planning Time": 18.614, "Triggers": [], "Execution Time": 1353.333}, {"Plan": {"Node Type": "Aggregate", "Strategy": "Plain", "Partial Mode": "Simple", "Parallel Aware": false, "Async Capable": false, "Startup Cost": 300336.25, "Total Cost": 300336.26, "Plan Rows": 1, "Plan Width": 64, "Actual Rows": 1, "Actual Loops": 1, "Plans": [{"Node Type": "Gather", "Parent Relationship": "Outer", "Parallel Aware": false, "Async Capable": false, "Startup Cost": 260341.08, "Total Cost": 300336.24, "Plan Rows": 3, "Plan Width": 27, "Actual Rows": 306, "Actual Loops": 1, "Workers Planned": 3, "Workers Launched": 3, "Single Copy": false, "Plans": [{"Node Type": "Hash Join", "Parent Relationship": "Outer", "Parallel Aware": true, "Async Capable": false, "Join Type": "Inner", "Startup Cost": 259341.08, "Total Cost": 299335.94, "Plan Rows": 1, "Plan Width": 27, "Actual Rows": 76, "Actual Loops": 4, "Inner Unique": false, "Hash Cond": "(t.id = mi.movie_id)", "Workers": [], "Plans": [{"Node Type": "Hash Join", "Parent Relationship": "Outer", "Parallel Aware": false, "Async Capable": false, "Join Type": "Inner", "Startup Cost": 8635.27, "Total Cost": 48600.24, "Plan Rows": 5975, "Plan Width": 39, "Actual Rows": 9632, "Actual Loops": 4, "Inner Unique": true, "Hash Cond": "(mc.company_type_id = ct.id)", "Workers": [], "Plans": [{"Node Type": "Hash Join", "Parent Relationship": "Outer", "Parallel Aware": false, "Async Capable": false, "Join Type": "Inner", "Startup Cost": 8634.18, "Total Cost": 48566.85, "Plan Rows": 5975, "Plan Width": 43, "Actual Rows": 9632, "Actual Loops": 4, "Inner Unique": true, "Hash Cond": "(t.kind_id = kt.id)", "Workers": [], "Plans": [{"Node Type": "Nested Loop", "Parent Relationship": "Outer", "Parallel Aware": false, "Async Capable": false, "Join Type": "Inner", "Startup Cost": 8633.05, "Total Cost": 48506.95, "Plan Rows": 13942, "Plan Width": 37, "Actual Rows": 10016, "Actual Loops": 4, "Inner Unique": true, "Workers": [], "Plans": [{"Node Type": "Hash Join", "Parent Relationship": "Outer", "Parallel Aware": false, "Async Capable": false, "Join Type": "Inner", "Startup Cost": 8632.62, "Total Cost": 39398.41, "Plan Rows": 17550, "Plan Width": 12, "Actual Rows": 26322, "Actual Loops": 4, "Inner Unique": false, "Hash Cond": "(mc.movie_id = cc.movie_id)", "Workers": [], "Plans": [{"Node Type": "Hash Join", "Parent Relationship": "Outer", "Parallel Aware": true, "Async Capable": false, "Join Type": "Inner", "Startup Cost": 5392.23, "Total Cost": 34842.17, "Plan Rows": 304095, "Plan Width": 8, "Actual Rows": 288450, "Actual Loops": 4, "Inner Unique": true, "Hash Cond": "(mc.company_id = cn.id)", "Workers": [], "Plans": [{"Node Type": "Seq Scan", "Parent Relationship": "Outer", "Parallel Aware": true, "Async Capable": false, "Relation Name": "movie_companies", "Alias": "mc", "Startup Cost": 0.0, "Total Cost": 27240.55, "Plan Rows": 841655, "Plan Width": 12, "Actual Rows": 652282, "Actual Loops": 4, "Workers": []}, {"Node Type": "Hash", "Parent Relationship": "Inner", "Parallel Aware": true, "Async Capable": false, "Startup Cost": 4767.92, "Total Cost": 4767.92, "Plan Rows": 49945, "Plan Width": 4, "Actual Rows": 21211, "Actual Loops": 4, "Hash Buckets": 131072, "Original Hash Buckets": 131072, "Hash Batches": 1, "Original Hash Batches": 1, "Peak Memory Usage": 4416, "Workers": [], "Plans": [{"Node Type": "Seq Scan", "Parent Relationship": "Outer", "Parallel Aware": true, "Async Capable": false, "Relation Name": "company_name", "Alias": "cn", "Startup Cost": 0.0, "Total Cost": 4767.92, "Plan Rows": 49945, "Plan Width": 4, "Actual Rows": 21211, "Actual Loops": 4, "Filter": "((country_code)::text = '[us]'::text)", "Rows Removed by Filter": 37538, "Workers": []}]}]}, {"Node Type": "Hash", "Parent Relationship": "Inner", "Parallel Aware": false, "Async Capable": false, "Startup Cost": 2818.24, "Total Cost": 2818.24, "Plan Rows": 33772, "Plan Width": 4, "Actual Rows": 24592, "Actual Loops": 4, "Hash Buckets": 65536, "Original Hash Buckets": 65536, "Hash Batches": 1, "Original Hash Batches": 1, "Peak Memory Usage": 1377, "Workers": [], "Plans": [{"Node Type": "Hash Join", "Parent Relationship": "Outer", "Parallel Aware": false, "Async Capable": false, "Join Type": "Inner", "Startup Cost": 1.06, "Total Cost": 2818.24, "Plan Rows": 33772, "Plan Width": 4, "Actual Rows": 24592, "Actual Loops": 4, "Inner Unique": true, "Hash Cond": "(cc.status_id = cct1.id)", "Workers": [], "Plans": [{"Node Type": "Seq Scan", "Parent Relationship": "Outer", "Parallel Aware": false, "Async Capable": false, "Relation Name": "complete_cast", "Alias": "cc", "Startup Cost": 0.0, "Total Cost": 2086.86, "Plan Rows": 135086, "Plan Width": 8, "Actual Rows": 135086, "Actual Loops": 4, "Workers": []}, {"Node Type": "Hash", "Parent Relationship": "Inner", "Parallel Aware": false, "Async Capable": false, "Startup Cost": 1.05, "Total Cost": 1.05, "Plan Rows": 1, "Plan Width": 4, "Actual Rows": 1, "Actual Loops": 4, "Hash Buckets": 1024, "Original Hash Buckets": 1024, "Hash Batches": 1, "Original Hash Batches": 1, "Peak Memory Usage": 9, "Workers": [], "Plans": [{"Node Type": "Seq Scan", "Parent Relationship": "Outer", "Parallel Aware": false, "Async Capable": false, "Relation Name": "comp_cast_type", "Alias": "cct1", "Startup Cost": 0.0, "Total Cost": 1.05, "Plan Rows": 1, "Plan Width": 4, "Actual Rows": 1, "Actual Loops": 4, "Filter": "((kind)::text = 'complete+verified'::text)", "Rows Removed by Filter": 3, "Workers": []}]}]}]}]}, {"Node Type": "Index Scan", "Parent Relationship": "Inner", "Parallel Aware": false, "Async Capable": false, "Scan Direction": "Forward", "Index Name": "title_pkey", "Relation Name": "title", "Alias": "t", "Startup Cost": 0.43, "Total Cost": 0.52, "Plan Rows": 1, "Plan Width": 25, "Actual Rows": 0, "Actual Loops": 105289, "Index Cond": "(id = mc.movie_id)", "Rows Removed by Index Recheck": 0, "Filter": "(production_year >= 1976)", "Rows Removed by Filter": 1, "Workers": []}]}, {"Node Type": "Hash", "Parent Relationship": "Inner", "Parallel Aware": false, "Async Capable": false, "Startup Cost": 1.1, "Total Cost": 1.1, "Plan Rows": 3, "Plan Width": 14, "Actual Rows": 3, "Actual Loops": 4, "Hash Buckets": 1024, "Original Hash Buckets": 1024, "Hash Batches": 1, "Original Hash Batches": 1, "Peak Memory Usage": 9, "Workers": [], "Plans": [{"Node Type": "Seq Scan", "Parent Relationship": "Outer", "Parallel Aware": false, "Async Capable": false, "Relation Name": "kind_type", "Alias": "kt", "Startup Cost": 0.0, "Total Cost": 1.1, "Plan Rows": 3, "Plan Width": 14, "Actual Rows": 3, "Actual Loops": 4, "Filter": "((kind)::text = ANY ('{episode,movie,\"tv movie\"}'::text[]))", "Rows Removed by Filter": 4, "Workers": []}]}]}, {"Node Type": "Hash", "Parent Relationship": "Inner", "Parallel Aware": false, "Async Capable": false, "Startup Cost": 1.04, "Total Cost": 1.04, "Plan Rows": 4, "Plan Width": 4, "Actual Rows": 4, "Actual Loops": 4, "Hash Buckets": 1024, "Original Hash Buckets": 1024, "Hash Batches": 1, "Original Hash Batches": 1, "Peak Memory Usage": 9, "Workers": [], "Plans": [{"Node Type": "Seq Scan", "Parent Relationship": "Outer", "Parallel Aware": false, "Async Capable": false, "Relation Name": "company_type", "Alias": "ct", "Startup Cost": 0.0, "Total Cost": 1.04, "Plan Rows": 4, "Plan Width": 4, "Actual Rows": 4, "Actual Loops": 4, "Workers": []}]}]}, {"Node Type": "Hash", "Parent Relationship": "Inner", "Parallel Aware": true, "Async Capable": false, "Startup Cost": 250705.78, "Total Cost": 250705.78, "Plan Rows": 2, "Plan Width": 8, "Actual Rows": 218, "Actual Loops": 4, "Hash Buckets": 1024, "Original Hash Buckets": 1024, "Hash Batches": 1, "Original Hash Batches": 1, "Peak Memory Usage": 136, "Workers": [], "Plans": [{"Node Type": "Nested Loop", "Parent Relationship": "Outer", "Parallel Aware": false, "Async Capable": false, "Join Type": "Inner", "Startup Cost": 206159.49, "Total Cost": 250705.78, "Plan Rows": 2, "Plan Width": 8, "Actual Rows": 218, "Actual Loops": 4, "Inner Unique": true, "Workers": [], "Plans": [{"Node Type": "Hash Join", "Parent Relationship": "Outer", "Parallel Aware": true, "Async Capable": false, "Join Type": "Inner", "Startup Cost": 206159.07, "Total Cost": 250704.91, "Plan Rows": 2, "Plan Width": 12, "Actual Rows": 218, "Actual Loops": 4, "Inner Unique": false, "Hash Cond": "(mk.movie_id = mi.movie_id)", "Workers": [], "Plans": [{"Node Type": "Seq Scan", "Parent Relationship": "Outer", "Parallel Aware": true, "Async Capable": false, "Relation Name": "movie_keyword", "Alias": "mk", "Startup Cost": 0.0, "Total Cost": 39073.32, "Plan Rows": 1459332, "Plan Width": 8, "Actual Rows": 1130982, "Actual Loops": 4, "Workers": []}, {"Node Type": "Hash", "Parent Relationship": "Inner", "Parallel Aware": true, "Async Capable": false, "Startup Cost": 206159.06, "Total Cost": 206159.06, "Plan Rows": 1, "Plan Width": 4, "Actual Rows": 124, "Actual Loops": 4, "Hash Buckets": 1024, "Original Hash Buckets": 1024, "Hash Batches": 1, "Original Hash Batches": 1, "Peak Memory Usage": 136, "Workers": [], "Plans": [{"Node Type": "Hash Join", "Parent Relationship": "Outer", "Parallel Aware": false, "Async Capable": false, "Join Type": "Inner", "Startup Cost": 2.43, "Total Cost": 206159.06, "Plan Rows": 1, "Plan Width": 4, "Actual Rows": 124, "Actual Loops": 4, "Inner Unique": true, "Hash Cond": "(mi.info_type_id = it1.id)", "Workers": [], "Plans": [{"Node Type": "Seq Scan", "Parent Relationship": "Outer", "Parallel Aware": true, "Async Capable": false, "Relation Name": "movie_info", "Alias": "mi", "Startup Cost": 0.0, "Total Cost": 206156.59, "Plan Rows": 15, "Plan Width": 8, "Actual Rows": 124, "Actual Loops": 4, "Filter": "(((note)::text ~~ '%internet%'::text) AND ((info)::text ~~ 'USA:%2008%'::text))", "Rows Removed by Filter": 3708806, "Workers": []}, {"Node Type": "Hash", "Parent Relationship": "Inner", "Parallel Aware": false, "Async Capable": false, "Startup Cost": 2.41, "Total Cost": 2.41, "Plan Rows": 1, "Plan Width": 4, "Actual Rows": 1, "Actual Loops": 4, "Hash Buckets": 1024, "Original Hash Buckets": 1024, "Hash Batches": 1, "Original Hash Batches": 1, "Peak Memory Usage": 9, "Workers": [], "Plans": [{"Node Type": "Seq Scan", "Parent Relationship": "Outer", "Parallel Aware": false, "Async Capable": false, "Relation Name": "info_type", "Alias": "it1", "Startup Cost": 0.0, "Total Cost": 2.41, "Plan Rows": 1, "Plan Width": 4, "Actual Rows": 1, "Actual Loops": 4, "Filter": "((info)::text = 'release dates'::text)", "Rows Removed by Filter": 112, "Workers": []}]}]}]}]}, {"Node Type": "Index Only Scan", "Parent Relationship": "Inner", "Parallel Aware": false, "Async Capable": false, "Scan Direction": "Forward", "Index Name": "keyword_pkey", "Relation Name": "keyword", "Alias": "k", "Startup Cost": 0.42, "Total Cost": 0.44, "Plan Rows": 1, "Plan Width": 4, "Actual Rows": 1, "Actual Loops": 870, "Index Cond": "(id = mk.keyword_id)", "Rows Removed by Index Recheck": 0, "Heap Fetches": 0, "Workers": []}]}]}]}]}]}, "Planning Time": 23.161, "Triggers": [], "Execution Time": 1244.863}, {"Plan": {"Node Type": "Aggregate", "Strategy": "Plain", "Partial Mode": "Simple", "Parallel Aware": false, "Async Capable": false, "Startup Cost": 336343.85, "Total Cost": 336343.86, "Plan Rows": 1, "Plan Width": 64, "Actual Rows": 1, "Actual Loops": 1, "Plans": [{"Node Type": "Gather", "Parent Relationship": "Outer", "Parallel Aware": false, "Async Capable": false, "Startup Cost": 336177.72, "Total Cost": 336343.83, "Plan Rows": 3, "Plan Width": 27, "Actual Rows": 306, "Actual Loops": 1, "Workers Planned": 3, "Workers Launched": 3, "Single Copy": false, "Plans": [{"Node Type": "Hash Join", "Parent Relationship": "Outer", "Parallel Aware": true, "Async Capable": false, "Join Type": "Inner", "Startup Cost": 335177.72, "Total Cost": 335343.53, "Plan Rows": 1, "Plan Width": 27, "Actual Rows": 76, "Actual Loops": 4, "Inner Unique": false, "Hash Cond": "(mi.movie_id = t.id)", "Workers": [], "Plans": [{"Node Type": "Merge Join", "Parent Relationship": "Outer", "Parallel Aware": false, "Async Capable": false, "Join Type": "Inner", "Startup Cost": 286461.66, "Total Cost": 286627.45, "Plan Rows": 2, "Plan Width": 16, "Actual Rows": 76, "Actual Loops": 4, "Inner Unique": false, "Merge Cond": "(mi.movie_id = cc.movie_id)", "Workers": [], "Plans": [{"Node Type": "Sort", "Parent Relationship": "Outer", "Parallel Aware": false, "Async Capable": false, "Startup Cost": 281103.17, "Total Cost": 281103.17, "Plan Rows": 2, "Plan Width": 12, "Actual Rows": 403, "Actual Loops": 4, "Sort Key": ["mc.movie_id"], "Sort Method": "quicksort", "Sort Space Used": 50, "Sort Space Type": "Memory", "Workers": [{"Worker Number": 0, "Sort Method": "quicksort", "Sort Space Used": 31, "Sort Space Type": "Memory"}, {"Worker Number": 1, "Sort Method": "quicksort", "Sort Space Used": 40, "Sort Space Type": "Memory"}, {"Worker Number": 2, "Sort Method": "quicksort", "Sort Space Used": 40, "Sort Space Type": "Memory"}], "Plans": [{"Node Type": "Nested Loop", "Parent Relationship": "Outer", "Parallel Aware": false, "Async Capable": false, "Join Type": "Inner", "Startup Cost": 236556.87, "Total Cost": 281103.16, "Plan Rows": 2, "Plan Width": 12, "Actual Rows": 403, "Actual Loops": 4, "Inner Unique": true, "Workers": [], "Plans": [{"Node Type": "Hash Join", "Parent Relationship": "Outer", "Parallel Aware": true, "Async Capable": false, "Join Type": "Inner", "Startup Cost": 236556.45, "Total Cost": 281102.28, "Plan Rows": 2, "Plan Width": 16, "Actual Rows": 403, "Actual Loops": 4, "Inner Unique": false, "Hash Cond": "(mk.movie_id = mi.movie_id)", "Workers": [], "Plans": [{"Node Type": "Seq Scan", "Parent Relationship": "Outer", "Parallel Aware": true, "Async Capable": false, "Relation Name": "movie_keyword", "Alias": "mk", "Startup Cost": 0.0, "Total Cost": 39073.32, "Plan Rows": 1459332, "Plan Width": 8, "Actual Rows": 1130982, "Actual Loops": 4, "Workers": []}, {"Node Type": "Hash", "Parent Relationship": "Inner", "Parallel Aware": true, "Async Capable": false, "Startup Cost": 236556.43, "Total Cost": 236556.43, "Plan Rows": 1, "Plan Width": 8, "Actual Rows": 177, "Actual Loops": 4, "Hash Buckets": 1024, "Original Hash Buckets": 1024, "Hash Batches": 1, "Original Hash Batches": 1, "Peak Memory Usage": 136, "Workers": [], "Plans": [{"Node Type": "Nested Loop", "Parent Relationship": "Outer", "Parallel Aware": false, "Async Capable": false, "Join Type": "Inner", "Startup Cost": 206159.62, "Total Cost": 236556.43, "Plan Rows": 1, "Plan Width": 8, "Actual Rows": 177, "Actual Loops": 4, "Inner Unique": true, "Workers": [], "Plans": [{"Node Type": "Nested Loop", "Parent Relationship": "Outer", "Parallel Aware": false, "Async Capable": false, "Join Type": "Inner", "Startup Cost": 206159.49, "Total Cost": 236556.28, "Plan Rows": 1, "Plan Width": 12, "Actual Rows": 177, "Actual Loops": 4, "Inner Unique": true, "Workers": [], "Plans": [{"Node Type": "Hash Join", "Parent Relationship": "Outer", "Parallel Aware": true, "Async Capable": false, "Join Type": "Inner", "Startup Cost": 206159.07, "Total Cost": 236555.83, "Plan Rows": 1, "Plan Width": 16, "Actual Rows": 192, "Actual Loops": 4, "Inner Unique": false, "Hash Cond": "(mc.movie_id = mi.movie_id)", "Workers": [], "Plans": [{"Node Type": "Seq Scan", "Parent Relationship": "Outer", "Parallel Aware": true, "Async Capable": false, "Relation Name": "movie_companies", "Alias": "mc", "Startup Cost": 0.0, "Total Cost": 27240.55, "Plan Rows": 841655, "Plan Width": 12, "Actual Rows": 652282, "Actual Loops": 4, "Workers": []}, {"Node Type": "Hash", "Parent Relationship": "Inner", "Parallel Aware": true, "Async Capable": false, "Startup Cost": 206159.06, "Total Cost": 206159.06, "Plan Rows": 1, "Plan Width": 4, "Actual Rows": 124, "Actual Loops": 4, "Hash Buckets": 1024, "Original Hash Buckets": 1024, "Hash Batches": 1, "Original Hash Batches": 1, "Peak Memory Usage": 136, "Workers": [], "Plans": [{"Node Type": "Hash Join", "Parent Relationship": "Outer", "Parallel Aware": false, "Async Capable": false, "Join Type": "Inner", "Startup Cost": 2.43, "Total Cost": 206159.06, "Plan Rows": 1, "Plan Width": 4, "Actual Rows": 124, "Actual Loops": 4, "Inner Unique": true, "Hash Cond": "(mi.info_type_id = it1.id)", "Workers": [], "Plans": [{"Node Type": "Seq Scan", "Parent Relationship": "Outer", "Parallel Aware": true, "Async Capable": false, "Relation Name": "movie_info", "Alias": "mi", "Startup Cost": 0.0, "Total Cost": 206156.59, "Plan Rows": 15, "Plan Width": 8, "Actual Rows": 124, "Actual Loops": 4, "Filter": "(((note)::text ~~ '%internet%'::text) AND ((info)::text ~~ 'USA:%2008%'::text))", "Rows Removed by Filter": 3708806, "Workers": []}, {"Node Type": "Hash", "Parent Relationship": "Inner", "Parallel Aware": false, "Async Capable": false, "Startup Cost": 2.41, "Total Cost": 2.41, "Plan Rows": 1, "Plan Width": 4, "Actual Rows": 1, "Actual Loops": 4, "Hash Buckets": 1024, "Original Hash Buckets": 1024, "Hash Batches": 1, "Original Hash Batches": 1, "Peak Memory Usage": 9, "Workers": [], "Plans": [{"Node Type": "Seq Scan", "Parent Relationship": "Outer", "Parallel Aware": false, "Async Capable": false, "Relation Name": "info_type", "Alias": "it1", "Startup Cost": 0.0, "Total Cost": 2.41, "Plan Rows": 1, "Plan Width": 4, "Actual Rows": 1, "Actual Loops": 4, "Filter": "((info)::text = 'release dates'::text)", "Rows Removed by Filter": 112, "Workers": []}]}]}]}]}, {"Node Type": "Index Scan", "Parent Relationship": "Inner", "Parallel Aware": false, "Async Capable": false, "Scan Direction": "Forward", "Index Name": "company_name_pkey", "Relation Name": "company_name", "Alias": "cn", "Startup Cost": 0.42, "Total Cost": 0.45, "Plan Rows": 1, "Plan Width": 4, "Actual Rows": 1, "Actual Loops": 766, "Index Cond": "(id = mc.company_id)", "Rows Removed by Index Recheck": 0, "Filter": "((country_code)::text = '[us]'::text)", "Rows Removed by Filter": 0, "Workers": []}]}, {"Node Type": "Index Only Scan", "Parent Relationship": "Inner", "Parallel Aware": false, "Async Capable": false, "Scan Direction": "Forward", "Index Name": "company_type_pkey", "Relation Name": "company_type", "Alias": "ct", "Startup Cost": 0.13, "Total Cost": 0.15, "Plan Rows": 1, "Plan Width": 4, "Actual Rows": 1, "Actual Loops": 707, "Index Cond": "(id = mc.company_type_id)", "Rows Removed by Index Recheck": 0, "Heap Fetches": 707, "Workers": []}]}]}]}, {"Node Type": "Index Only Scan", "Parent Relationship": "Inner", "Parallel Aware": false, "Async Capable": false, "Scan Direction": "Forward", "Index Name": "keyword_pkey", "Relation Name": "keyword", "Alias": "k", "Startup Cost": 0.42, "Total Cost": 0.44, "Plan Rows": 1, "Plan Width": 4, "Actual Rows": 1, "Actual Loops": 1612, "Index Cond": "(id = mk.keyword_id)", "Rows Removed by Index Recheck": 0, "Heap Fetches": 0, "Workers": []}]}]}, {"Node Type": "Sort", "Parent Relationship": "Inner", "Parallel Aware": false, "Async Capable": false, "Startup Cost": 5358.49, "Total Cost": 5442.92, "Plan Rows": 33772, "Plan Width": 4, "Actual Rows": 23200, "Actual Loops": 4, "Sort Key": ["cc.movie_id"], "Sort Method": "quicksort", "Sort Space Used": 769, "Sort Space Type": "Memory", "Workers": [{"Worker Number": 0, "Sort Method": "quicksort", "Sort Space Used": 769, "Sort Space Type": "Memory"}, {"Worker Number": 1, "Sort Method": "quicksort", "Sort Space Used": 769, "Sort Space Type": "Memory"}, {"Worker Number": 2, "Sort Method": "quicksort", "Sort Space Used": 769, "Sort Space Type": "Memory"}], "Plans": [{"Node Type": "Hash Join", "Parent Relationship": "Outer", "Parallel Aware": false, "Async Capable": false, "Join Type": "Inner", "Startup Cost": 1.06, "Total Cost": 2818.24, "Plan Rows": 33772, "Plan Width": 4, "Actual Rows": 24592, "Actual Loops": 4, "Inner Unique": true, "Hash Cond": "(cc.status_id = cct1.id)", "Workers": [], "Plans": [{"Node Type": "Seq Scan", "Parent Relationship": "Outer", "Parallel Aware": false, "Async Capable": false, "Relation Name": "complete_cast", "Alias": "cc", "Startup Cost": 0.0, "Total Cost": 2086.86, "Plan Rows": 135086, "Plan Width": 8, "Actual Rows": 135086, "Actual Loops": 4, "Workers": []}, {"Node Type": "Hash", "Parent Relationship": "Inner", "Parallel Aware": false, "Async Capable": false, "Startup Cost": 1.05, "Total Cost": 1.05, "Plan Rows": 1, "Plan Width": 4, "Actual Rows": 1, "Actual Loops": 4, "Hash Buckets": 1024, "Original Hash Buckets": 1024, "Hash Batches": 1, "Original Hash Batches": 1, "Peak Memory Usage": 9, "Workers": [], "Plans": [{"Node Type": "Seq Scan", "Parent Relationship": "Outer", "Parallel Aware": false, "Async Capable": false, "Relation Name": "comp_cast_type", "Alias": "cct1", "Startup Cost": 0.0, "Total Cost": 1.05, "Plan Rows": 1, "Plan Width": 4, "Actual Rows": 1, "Actual Loops": 4, "Filter": "((kind)::text = 'complete+verified'::text)", "Rows Removed by Filter": 3, "Workers": []}]}]}]}]}, {"Node Type": "Hash", "Parent Relationship": "Inner", "Parallel Aware": true, "Async Capable": false, "Startup Cost": 46026.17, "Total Cost": 46026.17, "Plan Rows": 215192, "Plan Width": 31, "Actual Rows": 448871, "Actual Loops": 4, "Hash Buckets": 2097152, "Original Hash Buckets": 1048576, "Hash Batches": 1, "Original Hash Batches": 1, "Peak Memory Usage": 137920, "Workers": [], "Plans": [{"Node Type": "Hash Join", "Parent Relationship": "Outer", "Parallel Aware": false, "Async Capable": false, "Join Type": "Inner", "Startup Cost": 1.13, "Total Cost": 46026.17, "Plan Rows": 215192, "Plan Width": 31, "Actual Rows": 448871, "Actual Loops": 4, "Inner Unique": true, "Hash Cond": "(t.kind_id = kt.id)", "Workers": [], "Plans": [{"Node Type": "Seq Scan", "Parent Relationship": "Outer", "Parallel Aware": true, "Async Capable": false, "Relation Name": "title", "Alias": "t", "Startup Cost": 0.0, "Total Cost": 43908.97, "Plan Rows": 502114, "Plan Width": 25, "Actual Rows": 501162, "Actual Loops": 4, "Filter": "(production_year >= 1976)", "Rows Removed by Filter": 130916, "Workers": []}, {"Node Type": "Hash", "Parent Relationship": "Inner", "Parallel Aware": false, "Async Capable": false, "Startup Cost": 1.1, "Total Cost": 1.1, "Plan Rows": 3, "Plan Width": 14, "Actual Rows": 3, "Actual Loops": 4, "Hash Buckets": 1024, "Original Hash Buckets": 1024, "Hash Batches": 1, "Original Hash Batches": 1, "Peak Memory Usage": 9, "Workers": [], "Plans": [{"Node Type": "Seq Scan", "Parent Relationship": "Outer", "Parallel Aware": false, "Async Capable": false, "Relation Name": "kind_type", "Alias": "kt", "Startup Cost": 0.0, "Total Cost": 1.1, "Plan Rows": 3, "Plan Width": 14, "Actual Rows": 3, "Actual Loops": 4, "Filter": "((kind)::text = ANY ('{episode,movie,\"tv movie\"}'::text[]))", "Rows Removed by Filter": 4, "Workers": []}]}]}]}]}]}]}, "Planning Time": 22.575, "Triggers": [], "Execution Time": 1569.563}, {"Plan": {"Node Type": "Aggregate", "Strategy": "Plain", "Partial Mode": "Simple", "Parallel Aware": false, "Async Capable": false, "Startup Cost": 288364.29, "Total Cost": 288364.3, "Plan Rows": 1, "Plan Width": 64, "Actual Rows": 1, "Actual Loops": 1, "Plans": [{"Node Type": "Hash Join", "Parent Relationship": "Outer", "Parallel Aware": false, "Async Capable": false, "Join Type": "Inner", "Startup Cost": 285343.69, "Total Cost": 288364.27, "Plan Rows": 3, "Plan Width": 27, "Actual Rows": 306, "Actual Loops": 1, "Inner Unique": false, "Hash Cond": "(k.id = mk.keyword_id)", "Plans": [{"Node Type": "Seq Scan", "Parent Relationship": "Outer", "Parallel Aware": false, "Async Capable": false, "Relation Name": "keyword", "Alias": "k", "Startup Cost": 0.0, "Total Cost": 2349.7, "Plan Rows": 134170, "Plan Width": 4, "Actual Rows": 134170, "Actual Loops": 1}, {"Node Type": "Hash", "Parent Relationship": "Inner", "Parallel Aware": false, "Async Capable": false, "Startup Cost": 285343.66, "Total Cost": 285343.66, "Plan Rows": 3, "Plan Width": 31, "Actual Rows": 306, "Actual Loops": 1, "Hash Buckets": 1024, "Original Hash Buckets": 1024, "Hash Batches": 1, "Original Hash Batches": 1, "Peak Memory Usage": 25, "Plans": [{"Node Type": "Gather", "Parent Relationship": "Outer", "Parallel Aware": false, "Async Capable": false, "Startup Cost": 237558.18, "Total Cost": 285343.66, "Plan Rows": 3, "Plan Width": 31, "Actual Rows": 306, "Actual Loops": 1, "Workers Planned": 3, "Workers Launched": 3, "Single Copy": false, "Plans": [{"Node Type": "Nested Loop", "Parent Relationship": "Outer", "Parallel Aware": false, "Async Capable": false, "Join Type": "Inner", "Startup Cost": 236558.18, "Total Cost": 284343.36, "Plan Rows": 1, "Plan Width": 31, "Actual Rows": 76, "Actual Loops": 4, "Inner Unique": true, "Workers": [], "Plans": [{"Node Type": "Nested Loop", "Parent Relationship": "Outer", "Parallel Aware": false, "Async Capable": false, "Join Type": "Inner", "Startup Cost": 236558.05, "Total Cost": 284343.2, "Plan Rows": 1, "Plan Width": 35, "Actual Rows": 76, "Actual Loops": 4, "Inner Unique": false, "Join Filter": "(t.id = cc.movie_id)", "Rows Removed by Join Filter": 5766748, "Workers": [], "Plans": [{"Node Type": "Hash Join", "Parent Relationship": "Outer", "Parallel Aware": true, "Async Capable": false, "Join Type": "Inner", "Startup Cost": 236556.99, "Total Cost": 281102.81, "Plan Rows": 1, "Plan Width": 51, "Actual Rows": 234, "Actual Loops": 4, "Inner Unique": false, "Hash Cond": "(mk.movie_id = t.id)", "Workers": [], "Plans": [{"Node Type": "Seq Scan", "Parent Relationship": "Outer", "Parallel Aware": true, "Async Capable": false, "Relation Name": "movie_keyword", "Alias": "mk", "Startup Cost": 0.0, "Total Cost": 39073.32, "Plan Rows": 1459332, "Plan Width": 8, "Actual Rows": 1130982, "Actual Loops": 4, "Workers": []}, {"Node Type": "Hash", "Parent Relationship": "Inner", "Parallel Aware": true, "Async Capable": false, "Startup Cost": 236556.97, "Total Cost": 236556.97, "Plan Rows": 1, "Plan Width": 43, "Actual Rows": 84, "Actual Loops": 4, "Hash Buckets": 1024, "Original Hash Buckets": 1024, "Hash Batches": 1, "Original Hash Batches": 1, "Peak Memory Usage": 136, "Workers": [], "Plans": [{"Node Type": "Nested Loop", "Parent Relationship": "Outer", "Parallel Aware": false, "Async Capable": false, "Join Type": "Inner", "Startup Cost": 206160.05, "Total Cost": 236556.97, "Plan Rows": 1, "Plan Width": 43, "Actual Rows": 84, "Actual Loops": 4, "Inner Unique": true, "Workers": [], "Plans": [{"Node Type": "Nested Loop", "Parent Relationship": "Outer", "Parallel Aware": false, "Async Capable": false, "Join Type": "Inner", "Startup Cost": 206159.92, "Total Cost": 236556.81, "Plan Rows": 1, "Plan Width": 37, "Actual Rows": 177, "Actual Loops": 4, "Inner Unique": true, "Join Filter": "(t.id = mi.movie_id)", "Rows Removed by Join Filter": 0, "Workers": [], "Plans": [{"Node Type": "Nested Loop", "Parent Relationship": "Outer", "Parallel Aware": false, "Async Capable": false, "Join Type": "Inner", "Startup Cost": 206159.49, "Total Cost": 236556.28, "Plan Rows": 1, "Plan Width": 12, "Actual Rows": 177, "Actual Loops": 4, "Inner Unique": true, "Workers": [], "Plans": [{"Node Type": "Hash Join", "Parent Relationship": "Outer", "Parallel Aware": true, "Async Capable": false, "Join Type": "Inner", "Startup Cost": 206159.07, "Total Cost": 236555.83, "Plan Rows": 1, "Plan Width": 16, "Actual Rows": 192, "Actual Loops": 4, "Inner Unique": false, "Hash Cond": "(mc.movie_id = mi.movie_id)", "Workers": [], "Plans": [{"Node Type": "Seq Scan", "Parent Relationship": "Outer", "Parallel Aware": true, "Async Capable": false, "Relation Name": "movie_companies", "Alias": "mc", "Startup Cost": 0.0, "Total Cost": 27240.55, "Plan Rows": 841655, "Plan Width": 12, "Actual Rows": 652282, "Actual Loops": 4, "Workers": []}, {"Node Type": "Hash", "Parent Relationship": "Inner", "Parallel Aware": true, "Async Capable": false, "Startup Cost": 206159.06, "Total Cost": 206159.06, "Plan Rows": 1, "Plan Width": 4, "Actual Rows": 124, "Actual Loops": 4, "Hash Buckets": 1024, "Original Hash Buckets": 1024, "Hash Batches": 1, "Original Hash Batches": 1, "Peak Memory Usage": 136, "Workers": [], "Plans": [{"Node Type": "Hash Join", "Parent Relationship": "Outer", "Parallel Aware": false, "Async Capable": false, "Join Type": "Inner", "Startup Cost": 2.43, "Total Cost": 206159.06, "Plan Rows": 1, "Plan Width": 4, "Actual Rows": 124, "Actual Loops": 4, "Inner Unique": true, "Hash Cond": "(mi.info_type_id = it1.id)", "Workers": [], "Plans": [{"Node Type": "Seq Scan", "Parent Relationship": "Outer", "Parallel Aware": true, "Async Capable": false, "Relation Name": "movie_info", "Alias": "mi", "Startup Cost": 0.0, "Total Cost": 206156.59, "Plan Rows": 15, "Plan Width": 8, "Actual Rows": 124, "Actual Loops": 4, "Filter": "(((note)::text ~~ '%internet%'::text) AND ((info)::text ~~ 'USA:%2008%'::text))", "Rows Removed by Filter": 3708806, "Workers": []}, {"Node Type": "Hash", "Parent Relationship": "Inner", "Parallel Aware": false, "Async Capable": false, "Startup Cost": 2.41, "Total Cost": 2.41, "Plan Rows": 1, "Plan Width": 4, "Actual Rows": 1, "Actual Loops": 4, "Hash Buckets": 1024, "Original Hash Buckets": 1024, "Hash Batches": 1, "Original Hash Batches": 1, "Peak Memory Usage": 9, "Workers": [], "Plans": [{"Node Type": "Seq Scan", "Parent Relationship": "Outer", "Parallel Aware": false, "Async Capable": false, "Relation Name": "info_type", "Alias": "it1", "Startup Cost": 0.0, "Total Cost": 2.41, "Plan Rows": 1, "Plan Width": 4, "Actual Rows": 1, "Actual Loops": 4, "Filter": "((info)::text = 'release dates'::text)", "Rows Removed by Filter": 112, "Workers": []}]}]}]}]}, {"Node Type": "Index Scan", "Parent Relationship": "Inner", "Parallel Aware": false, "Async Capable": false, "Scan Direction": "Forward", "Index Name": "company_name_pkey", "Relation Name": "company_name", "Alias": "cn", "Startup Cost": 0.42, "Total Cost": 0.45, "Plan Rows": 1, "Plan Width": 4, "Actual Rows": 1, "Actual Loops": 766, "Index Cond": "(id = mc.company_id)", "Rows Removed by Index Recheck": 0, "Filter": "((country_code)::text = '[us]'::text)", "Rows Removed by Filter": 0, "Workers": []}]}, {"Node Type": "Index Scan", "Parent Relationship": "Inner", "Parallel Aware": false, "Async Capable": false, "Scan Direction": "Forward", "Index Name": "title_pkey", "Relation Name": "title", "Alias": "t", "Startup Cost": 0.43, "Total Cost": 0.52, "Plan Rows": 1, "Plan Width": 25, "Actual Rows": 1, "Actual Loops": 707, "Index Cond": "(id = mc.movie_id)", "Rows Removed by Index Recheck": 0, "Filter": "(production_year >= 1976)", "Rows Removed by Filter": 0, "Workers": []}]}, {"Node Type": "Index Scan", "Parent Relationship": "Inner", "Parallel Aware": false, "Async Capable": false, "Scan Direction": "Forward", "Index Name": "kind_type_pkey", "Relation Name": "kind_type", "Alias": "kt", "Startup Cost": 0.13, "Total Cost": 0.15, "Plan Rows": 1, "Plan Width": 14, "Actual Rows": 0, "Actual Loops": 707, "Index Cond": "(id = t.kind_id)", "Rows Removed by Index Recheck": 0, "Filter": "((kind)::text = ANY ('{episode,movie,\"tv movie\"}'::text[]))", "Rows Removed by Filter": 1, "Workers": []}]}]}]}, {"Node Type": "Hash Join", "Parent Relationship": "Inner", "Parallel Aware": false, "Async Capable": false, "Join Type": "Inner", "Startup Cost": 1.06, "Total Cost": 2818.24, "Plan Rows": 33772, "Plan Width": 4, "Actual Rows": 24592, "Actual Loops": 938, "Inner Unique": true, "Hash Cond": "(cc.status_id = cct1.id)", "Workers": [], "Plans": [{"Node Type": "Seq Scan", "Parent Relationship": "Outer", "Parallel Aware": false, "Async Capable": false, "Relation Name": "complete_cast", "Alias": "cc", "Startup Cost": 0.0, "Total Cost": 2086.86, "Plan Rows": 135086, "Plan Width": 8, "Actual Rows": 135086, "Actual Loops": 938, "Workers": []}, {"Node Type": "Hash", "Parent Relationship": "Inner", "Parallel Aware": false, "Async Capable": false, "Startup Cost": 1.05, "Total Cost": 1.05, "Plan Rows": 1, "Plan Width": 4, "Actual Rows": 1, "Actual Loops": 4, "Hash Buckets": 1024, "Original Hash Buckets": 1024, "Hash Batches": 1, "Original Hash Batches": 1, "Peak Memory Usage": 9, "Workers": [], "Plans": [{"Node Type": "Seq Scan", "Parent Relationship": "Outer", "Parallel Aware": false, "Async Capable": false, "Relation Name": "comp_cast_type", "Alias": "cct1", "Startup Cost": 0.0, "Total Cost": 1.05, "Plan Rows": 1, "Plan Width": 4, "Actual Rows": 1, "Actual Loops": 4, "Filter": "((kind)::text = 'complete+verified'::text)", "Rows Removed by Filter": 3, "Workers": []}]}]}]}, {"Node Type": "Index Only Scan", "Parent Relationship": "Inner", "Parallel Aware": false, "Async Capable": false, "Scan Direction": "Forward", "Index Name": "company_type_pkey", "Relation Name": "company_type", "Alias": "ct", "Startup Cost": 0.13, "Total Cost": 0.15, "Plan Rows": 1, "Plan Width": 4, "Actual Rows": 1, "Actual Loops": 306, "Index Cond": "(id = mc.company_type_id)", "Rows Removed by Index Recheck": 0, "Heap Fetches": 306, "Workers": []}]}]}]}]}]}, "Planning Time": 23.657, "Triggers": [], "Execution Time": 4409.647}, {"Plan": {"Node Type": "Aggregate", "Strategy": "Plain", "Partial Mode": "Simple", "Parallel Aware": false, "Async Capable": false, "Startup Cost": 297552.37, "Total Cost": 297552.38, "Plan Rows": 1, "Plan Width": 64, "Actual Rows": 1, "Actual Loops": 1, "Plans": [{"Node Type": "Gather", "Parent Relationship": "Outer", "Parallel Aware": false, "Async Capable": false, "Startup Cost": 267155.03, "Total Cost": 297552.36, "Plan Rows": 3, "Plan Width": 27, "Actual Rows": 306, "Actual Loops": 1, "Workers Planned": 3, "Workers Launched": 3, "Single Copy": false, "Plans": [{"Node Type": "Hash Join", "Parent Relationship": "Outer", "Parallel Aware": true, "Async Capable": false, "Join Type": "Inner", "Startup Cost": 266155.03, "Total Cost": 296552.06, "Plan Rows": 1, "Plan Width": 27, "Actual Rows": 76, "Actual Loops": 4, "Inner Unique": false, "Hash Cond": "(t.id = mk.movie_id)", "Workers": [], "Plans": [{"Node Type": "Nested Loop", "Parent Relationship": "Outer", "Parallel Aware": false, "Async Capable": false, "Join Type": "Inner", "Startup Cost": 206160.18, "Total Cost": 236557.13, "Plan Rows": 1, "Plan Width": 39, "Actual Rows": 84, "Actual Loops": 4, "Inner Unique": true, "Workers": [], "Plans": [{"Node Type": "Nested Loop", "Parent Relationship": "Outer", "Parallel Aware": false, "Async Capable": false, "Join Type": "Inner", "Startup Cost": 206160.05, "Total Cost": 236556.96, "Plan Rows": 1, "Plan Width": 33, "Actual Rows": 177, "Actual Loops": 4, "Inner Unique": true, "Join Filter": "(t.id = mi.movie_id)", "Rows Removed by Join Filter": 0, "Workers": [], "Plans": [{"Node Type": "Nested Loop", "Parent Relationship": "Outer", "Parallel Aware": false, "Async Capable": false, "Join Type": "Inner", "Startup Cost": 206159.62, "Total Cost": 236556.43, "Plan Rows": 1, "Plan Width": 8, "Actual Rows": 177, "Actual Loops": 4, "Inner Unique": true, "Workers": [], "Plans": [{"Node Type": "Nested Loop", "Parent Relationship": "Outer", "Parallel Aware": false, "Async Capable": false, "Join Type": "Inner", "Startup Cost": 206159.49, "Total Cost": 236556.28, "Plan Rows": 1, "Plan Width": 12, "Actual Rows": 177, "Actual Loops": 4, "Inner Unique": true, "Workers": [], "Plans": [{"Node Type": "Hash Join", "Parent Relationship": "Outer", "Parallel Aware": true, "Async Capable": false, "Join Type": "Inner", "Startup Cost": 206159.07, "Total Cost": 236555.83, "Plan Rows": 1, "Plan Width": 16, "Actual Rows": 192, "Actual Loops": 4, "Inner Unique": false, "Hash Cond": "(mc.movie_id = mi.movie_id)", "Workers": [], "Plans": [{"Node Type": "Seq Scan", "Parent Relationship": "Outer", "Parallel Aware": true, "Async Capable": false, "Relation Name": "movie_companies", "Alias": "mc", "Startup Cost": 0.0, "Total Cost": 27240.55, "Plan Rows": 841655, "Plan Width": 12, "Actual Rows": 652282, "Actual Loops": 4, "Workers": []}, {"Node Type": "Hash", "Parent Relationship": "Inner", "Parallel Aware": true, "Async Capable": false, "Startup Cost": 206159.06, "Total Cost": 206159.06, "Plan Rows": 1, "Plan Width": 4, "Actual Rows": 124, "Actual Loops": 4, "Hash Buckets": 1024, "Original Hash Buckets": 1024, "Hash Batches": 1, "Original Hash Batches": 1, "Peak Memory Usage": 136, "Workers": [], "Plans": [{"Node Type": "Hash Join", "Parent Relationship": "Outer", "Parallel Aware": false, "Async Capable": false, "Join Type": "Inner", "Startup Cost": 2.43, "Total Cost": 206159.06, "Plan Rows": 1, "Plan Width": 4, "Actual Rows": 124, "Actual Loops": 4, "Inner Unique": true, "Hash Cond": "(mi.info_type_id = it1.id)", "Workers": [], "Plans": [{"Node Type": "Seq Scan", "Parent Relationship": "Outer", "Parallel Aware": true, "Async Capable": false, "Relation Name": "movie_info", "Alias": "mi", "Startup Cost": 0.0, "Total Cost": 206156.59, "Plan Rows": 15, "Plan Width": 8, "Actual Rows": 124, "Actual Loops": 4, "Filter": "(((note)::text ~~ '%internet%'::text) AND ((info)::text ~~ 'USA:%2008%'::text))", "Rows Removed by Filter": 3708806, "Workers": []}, {"Node Type": "Hash", "Parent Relationship": "Inner", "Parallel Aware": false, "Async Capable": false, "Startup Cost": 2.41, "Total Cost": 2.41, "Plan Rows": 1, "Plan Width": 4, "Actual Rows": 1, "Actual Loops": 4, "Hash Buckets": 1024, "Original Hash Buckets": 1024, "Hash Batches": 1, "Original Hash Batches": 1, "Peak Memory Usage": 9, "Workers": [], "Plans": [{"Node Type": "Seq Scan", "Parent Relationship": "Outer", "Parallel Aware": false, "Async Capable": false, "Relation Name": "info_type", "Alias": "it1", "Startup Cost": 0.0, "Total Cost": 2.41, "Plan Rows": 1, "Plan Width": 4, "Actual Rows": 1, "Actual Loops": 4, "Filter": "((info)::text = 'release dates'::text)", "Rows Removed by Filter": 112, "Workers": []}]}]}]}]}, {"Node Type": "Index Scan", "Parent Relationship": "Inner", "Parallel Aware": false, "Async Capable": false, "Scan Direction": "Forward", "Index Name": "company_name_pkey", "Relation Name": "company_name", "Alias": "cn", "Startup Cost": 0.42, "Total Cost": 0.45, "Plan Rows": 1, "Plan Width": 4, "Actual Rows": 1, "Actual Loops": 766, "Index Cond": "(id = mc.company_id)", "Rows Removed by Index Recheck": 0, "Filter": "((country_code)::text = '[us]'::text)", "Rows Removed by Filter": 0, "Workers": []}]}, {"Node Type": "Index Only Scan", "Parent Relationship": "Inner", "Parallel Aware": false, "Async Capable": false, "Scan Direction": "Forward", "Index Name": "company_type_pkey", "Relation Name": "company_type", "Alias": "ct", "Startup Cost": 0.13, "Total Cost": 0.15, "Plan Rows": 1, "Plan Width": 4, "Actual Rows": 1, "Actual Loops": 707, "Index Cond": "(id = mc.company_type_id)", "Rows Removed by Index Recheck": 0, "Heap Fetches": 707, "Workers": []}]}, {"Node Type": "Index Scan", "Parent Relationship": "Inner", "Parallel Aware": false, "Async Capable": false, "Scan Direction": "Forward", "Index Name": "title_pkey", "Relation Name": "title", "Alias": "t", "Startup Cost": 0.43, "Total Cost": 0.52, "Plan Rows": 1, "Plan Width": 25, "Actual Rows": 1, "Actual Loops": 707, "Index Cond": "(id = mc.movie_id)", "Rows Removed by Index Recheck": 0, "Filter": "(production_year >= 1976)", "Rows Removed by Filter": 0, "Workers": []}]}, {"Node Type": "Index Scan", "Parent Relationship": "Inner", "Parallel Aware": false, "Async Capable": false, "Scan Direction": "Forward", "Index Name": "kind_type_pkey", "Relation Name": "kind_type", "Alias": "kt", "Startup Cost": 0.13, "Total Cost": 0.15, "Plan Rows": 1, "Plan Width": 14, "Actual Rows": 0, "Actual Loops": 707, "Index Cond": "(id = t.kind_id)", "Rows Removed by Index Recheck": 0, "Filter": "((kind)::text = ANY ('{episode,movie,\"tv movie\"}'::text[]))", "Rows Removed by Filter": 1, "Workers": []}]}, {"Node Type": "Hash", "Parent Relationship": "Inner", "Parallel Aware": true, "Async Capable": false, "Startup Cost": 55913.95, "Total Cost": 55913.95, "Plan Rows": 326472, "Plan Width": 8, "Actual Rows": 255951, "Actual Loops": 4, "Hash Buckets": 1048576, "Original Hash Buckets": 1048576, "Hash Batches": 1, "Original Hash Batches": 1, "Peak Memory Usage": 48320, "Workers": [], "Plans": [{"Node Type": "Hash Join", "Parent Relationship": "Outer", "Parallel Aware": true, "Async Capable": false, "Join Type": "Inner", "Startup Cost": 7246.4, "Total Cost": 55913.95, "Plan Rows": 326472, "Plan Width": 8, "Actual Rows": 255951, "Actual Loops": 4, "Inner Unique": true, "Hash Cond": "(mk.keyword_id = k.id)", "Workers": [], "Plans": [{"Node Type": "Hash Join", "Parent Relationship": "Outer", "Parallel Aware": false, "Async Capable": false, "Join Type": "Inner", "Startup Cost": 3240.39, "Total Cost": 51050.92, "Plan Rows": 326472, "Plan Width": 12, "Actual Rows": 255951, "Actual Loops": 4, "Inner Unique": false, "Hash Cond": "(mk.movie_id = cc.movie_id)", "Workers": [], "Plans": [{"Node Type": "Seq Scan", "Parent Relationship": "Outer", "Parallel Aware": true, "Async Capable": false, "Relation Name": "movie_keyword", "Alias": "mk", "Startup Cost": 0.0, "Total Cost": 39073.32, "Plan Rows": 1459332, "Plan Width": 8, "Actual Rows": 1130982, "Actual Loops": 4, "Workers": []}, {"Node Type": "Hash", "Parent Relationship": "Inner", "Parallel Aware": false, "Async Capable": false, "Startup Cost": 2818.24, "Total Cost": 2818.24, "Plan Rows": 33772, "Plan Width": 4, "Actual Rows": 24592, "Actual Loops": 4, "Hash Buckets": 65536, "Original Hash Buckets": 65536, "Hash Batches": 1, "Original Hash Batches": 1, "Peak Memory Usage": 1377, "Workers": [], "Plans": [{"Node Type": "Hash Join", "Parent Relationship": "Outer", "Parallel Aware": false, "Async Capable": false, "Join Type": "Inner", "Startup Cost": 1.06, "Total Cost": 2818.24, "Plan Rows": 33772, "Plan Width": 4, "Actual Rows": 24592, "Actual Loops": 4, "Inner Unique": true, "Hash Cond": "(cc.status_id = cct1.id)", "Workers": [], "Plans": [{"Node Type": "Seq Scan", "Parent Relationship": "Outer", "Parallel Aware": false, "Async Capable": false, "Relation Name": "complete_cast", "Alias": "cc", "Startup Cost": 0.0, "Total Cost": 2086.86, "Plan Rows": 135086, "Plan Width": 8, "Actual Rows": 135086, "Actual Loops": 4, "Workers": []}, {"Node Type": "Hash", "Parent Relationship": "Inner", "Parallel Aware": false, "Async Capable": false, "Startup Cost": 1.05, "Total Cost": 1.05, "Plan Rows": 1, "Plan Width": 4, "Actual Rows": 1, "Actual Loops": 4, "Hash Buckets": 1024, "Original Hash Buckets": 1024, "Hash Batches": 1, "Original Hash Batches": 1, "Peak Memory Usage": 9, "Workers": [], "Plans": [{"Node Type": "Seq Scan", "Parent Relationship": "Outer", "Parallel Aware": false, "Async Capable": false, "Relation Name": "comp_cast_type", "Alias": "cct1", "Startup Cost": 0.0, "Total Cost": 1.05, "Plan Rows": 1, "Plan Width": 4, "Actual Rows": 1, "Actual Loops": 4, "Filter": "((kind)::text = 'complete+verified'::text)", "Rows Removed by Filter": 3, "Workers": []}]}]}]}]}, {"Node Type": "Hash", "Parent Relationship": "Inner", "Parallel Aware": true, "Async Capable": false, "Startup Cost": 3307.22, "Total Cost": 3307.22, "Plan Rows": 55904, "Plan Width": 4, "Actual Rows": 33542, "Actual Loops": 4, "Hash Buckets": 262144, "Original Hash Buckets": 262144, "Hash Batches": 1, "Original Hash Batches": 1, "Peak Memory Usage": 7392, "Workers": [], "Plans": [{"Node Type": "Index Only Scan", "Parent Relationship": "Outer", "Parallel Aware": true, "Async Capable": false, "Scan Direction": "Forward", "Index Name": "keyword_pkey", "Relation Name": "keyword", "Alias": "k", "Startup Cost": 0.42, "Total Cost": 3307.22, "Plan Rows": 55904, "Plan Width": 4, "Actual Rows": 33542, "Actual Loops": 4, "Heap Fetches": 0, "Workers": []}]}]}]}]}]}]}, "Planning Time": 24.291, "Triggers": [], "Execution Time": 1193.464}]