[{"Plan": {"Node Type": "Aggregate", "Strategy": "Plain", "Partial Mode": "Simple", "Parallel Aware": false, "Async Capable": false, "Startup Cost": 274867.8, "Total Cost": 274867.81, "Plan Rows": 1, "Plan Width": 96, "Actual Rows": 1, "Actual Loops": 1, "Plans": [{"Node Type": "Nested Loop", "Parent Relationship": "Outer", "Parallel Aware": false, "Async Capable": false, "Join Type": "Inner", "Startup Cost": 246095.28, "Total Cost": 274867.8, "Plan Rows": 1, "Plan Width": 48, "Actual Rows": 1, "Actual Loops": 1, "Inner Unique": true, "Plans": [{"Node Type": "Nested Loop", "Parent Relationship": "Outer", "Parallel Aware": false, "Async Capable": false, "Join Type": "Inner", "Startup Cost": 246095.15, "Total Cost": 274867.63, "Plan Rows": 1, "Plan Width": 52, "Actual Rows": 3, "Actual Loops": 1, "Inner Unique": true, "Plans": [{"Node Type": "Gather", "Parent Relationship": "Outer", "Parallel Aware": false, "Async Capable": false, "Startup Cost": 246094.73, "Total Cost": 274867.17, "Plan Rows": 1, "Plan Width": 37, "Actual Rows": 152, "Actual Loops": 1, "Workers Planned": 3, "Workers Launched": 3, "Single Copy": false, "Plans": [{"Node Type": "Hash Join", "Parent Relationship": "Outer", "Parallel Aware": false, "Async Capable": false, "Join Type": "Inner", "Startup Cost": 245094.73, "Total Cost": 273867.07, "Plan Rows": 1, "Plan Width": 37, "Actual Rows": 38, "Actual Loops": 4, "Inner Unique": false, "Hash Cond": "(t.id = ml.movie_id)", "Workers": [], "Plans": [{"Node Type": "Hash Join", "Parent Relationship": "Outer", "Parallel Aware": true, "Async Capable": false, "Join Type": "Inner", "Startup Cost": 244512.43, "Total Cost": 273284.45, "Plan Rows": 7, "Plan Width": 41, "Actual Rows": 538, "Actual Loops": 4, "Inner Unique": false, "Hash Cond": "(mc.movie_id = t.id)", "Workers": [], "Plans": [{"Node Type": "Seq Scan", "Parent Relationship": "Outer", "Parallel Aware": true, "Async Capable": false, "Relation Name": "movie_companies", "Alias": "mc", "Startup Cost": 0.0, "Total Cost": 27240.55, "Plan Rows": 408393, "Plan Width": 12, "Actual Rows": 317997, "Actual Loops": 4, "Filter": "(note IS NULL)", "Rows Removed by Filter": 334285, "Workers": []}, {"Node Type": "Hash", "Parent Relationship": "Inner", "Parallel Aware": true, "Async Capable": false, "Startup Cost": 244512.4, "Total Cost": 244512.4, "Plan Rows": 2, "Plan Width": 29, "Actual Rows": 262, "Actual Loops": 4, "Hash Buckets": 1024, "Original Hash Buckets": 1024, "Hash Batches": 1, "Original Hash Batches": 1, "Peak Memory Usage": 136, "Workers": [], "Plans": [{"Node Type": "Nested Loop", "Parent Relationship": "Outer", "Parallel Aware": false, "Async Capable": false, "Join Type": "Inner", "Startup Cost": 45589.9, "Total Cost": 244512.4, "Plan Rows": 2, "Plan Width": 29, "Actual Rows": 262, "Actual Loops": 4, "Inner Unique": true, "Workers": [], "Plans": [{"Node Type": "Hash Join", "Parent Relationship": "Outer", "Parallel Aware": true, "Async Capable": false, "Join Type": "Inner", "Startup Cost": 45589.47, "Total Cost": 244511.42, "Plan Rows": 2, "Plan Width": 8, "Actual Rows": 396, "Actual Loops": 4, "Inner Unique": false, "Hash Cond": "(mi.movie_id = mk.movie_id)", "Workers": [], "Plans": [{"Node Type": "Seq Scan", "Parent Relationship": "Outer", "Parallel Aware": true, "Async Capable": false, "Relation Name": "movie_info", "Alias": "mi", "Startup Cost": 0.0, "Total Cost": 198738.49, "Plan Rows": 48920, "Plan Width": 4, "Actual Rows": 60961, "Actual Loops": 4, "Filter": "((info)::text = 'Drama'::text)", "Rows Removed by Filter": 3647969, "Workers": []}, {"Node Type": "Hash", "Parent Relationship": "Inner", "Parallel Aware": true, "Async Capable": false, "Startup Cost": 45589.33, "Total Cost": 45589.33, "Plan Rows": 11, "Plan Width": 4, "Actual Rows": 2636, "Actual Loops": 4, "Hash Buckets": 8192, "Original Hash Buckets": 1024, "Hash Batches": 1, "Original Hash Batches": 1, "Peak Memory Usage": 568, "Workers": [], "Plans": [{"Node Type": "Hash Join", "Parent Relationship": "Outer", "Parallel Aware": false, "Async Capable": false, "Join Type": "Inner", "Startup Cost": 2685.14, "Total Cost": 45589.33, "Plan Rows": 11, "Plan Width": 4, "Actual Rows": 2636, "Actual Loops": 4, "Inner Unique": true, "Hash Cond": "(mk.keyword_id = k.id)", "Workers": [], "Plans": [{"Node Type": "Seq Scan", "Parent Relationship": "Outer", "Parallel Aware": true, "Async Capable": false, "Relation Name": "movie_keyword", "Alias": "mk", "Startup Cost": 0.0, "Total Cost": 39073.32, "Plan Rows": 1459332, "Plan Width": 8, "Actual Rows": 1130982, "Actual Loops": 4, "Workers": []}, {"Node Type": "Hash", "Parent Relationship": "Inner", "Parallel Aware": false, "Async Capable": false, "Startup Cost": 2685.12, "Total Cost": 2685.12, "Plan Rows": 1, "Plan Width": 4, "Actual Rows": 1, "Actual Loops": 4, "Hash Buckets": 1024, "Original Hash Buckets": 1024, "Hash Batches": 1, "Original Hash Batches": 1, "Peak Memory Usage": 9, "Workers": [], "Plans": [{"Node Type": "Seq Scan", "Parent Relationship": "Outer", "Parallel Aware": false, "Async Capable": false, "Relation Name": "keyword", "Alias": "k", "Startup Cost": 0.0, "Total Cost": 2685.12, "Plan Rows": 1, "Plan Width": 4, "Actual Rows": 1, "Actual Loops": 4, "Filter": "((keyword)::text = 'sequel'::text)", "Rows Removed by Filter": 134169, "Workers": []}]}]}]}]}, {"Node Type": "Index Scan", "Parent Relationship": "Inner", "Parallel Aware": false, "Async Capable": false, "Scan Direction": "Forward", "Index Name": "title_pkey", "Relation Name": "title", "Alias": "t", "Startup Cost": 0.43, "Total Cost": 0.49, "Plan Rows": 1, "Plan Width": 21, "Actual Rows": 1, "Actual Loops": 1582, "Index Cond": "(id = mk.movie_id)", "Rows Removed by Index Recheck": 0, "Filter": "(production_year >= 1980)", "Rows Removed by Filter": 0, "Workers": []}]}]}]}, {"Node Type": "Hash", "Parent Relationship": "Inner", "Parallel Aware": false, "Async Capable": false, "Startup Cost": 561.48, "Total Cost": 561.48, "Plan Rows": 1666, "Plan Width": 16, "Actual Rows": 2315, "Actual Loops": 4, "Hash Buckets": 4096, "Original Hash Buckets": 2048, "Hash Batches": 1, "Original Hash Batches": 1, "Peak Memory Usage": 136, "Workers": [], "Plans": [{"Node Type": "Hash Join", "Parent Relationship": "Outer", "Parallel Aware": false, "Async Capable": false, "Join Type": "Inner", "Startup Cost": 1.24, "Total Cost": 561.48, "Plan Rows": 1666, "Plan Width": 16, "Actual Rows": 2315, "Actual Loops": 4, "Inner Unique": true, "Hash Cond": "(ml.link_type_id = lt.id)", "Workers": [], "Plans": [{"Node Type": "Seq Scan", "Parent Relationship": "Outer", "Parallel Aware": false, "Async Capable": false, "Relation Name": "movie_link", "Alias": "ml", "Startup Cost": 0.0, "Total Cost": 462.97, "Plan Rows": 29997, "Plan Width": 8, "Actual Rows": 29997, "Actual Loops": 4, "Workers": []}, {"Node Type": "Hash", "Parent Relationship": "Inner", "Parallel Aware": false, "Async Capable": false, "Startup Cost": 1.23, "Total Cost": 1.23, "Plan Rows": 1, "Plan Width": 16, "Actual Rows": 2, "Actual Loops": 4, "Hash Buckets": 1024, "Original Hash Buckets": 1024, "Hash Batches": 1, "Original Hash Batches": 1, "Peak Memory Usage": 9, "Workers": [], "Plans": [{"Node Type": "Seq Scan", "Parent Relationship": "Outer", "Parallel Aware": false, "Async Capable": false, "Relation Name": "link_type", "Alias": "lt", "Startup Cost": 0.0, "Total Cost": 1.23, "Plan Rows": 1, "Plan Width": 16, "Actual Rows": 2, "Actual Loops": 4, "Filter": "((link)::text ~~ '%follow%'::text)", "Rows Removed by Filter": 16, "Workers": []}]}]}]}]}]}, {"Node Type": "Index Scan", "Parent Relationship": "Inner", "Parallel Aware": false, "Async Capable": false, "Scan Direction": "Forward", "Index Name": "company_name_pkey", "Relation Name": "company_name", "Alias": "cn", "Startup Cost": 0.42, "Total Cost": 0.45, "Plan Rows": 1, "Plan Width": 23, "Actual Rows": 0, "Actual Loops": 152, "Index Cond": "(id = mc.company_id)", "Rows Removed by Index Recheck": 0, "Filter": "(((country_code)::text <> '[ru]'::text) AND ((name)::text ~~ '%Warner%'::text))", "Rows Removed by Filter": 1}]}, {"Node Type": "Index Scan", "Parent Relationship": "Inner", "Parallel Aware": false, "Async Capable": false, "Scan Direction": "Forward", "Index Name": "company_type_pkey", "Relation Name": "company_type", "Alias": "ct", "Startup Cost": 0.13, "Total Cost": 0.15, "Plan Rows": 1, "Plan Width": 4, "Actual Rows": 0, "Actual Loops": 3, "Index Cond": "(id = mc.company_type_id)", "Rows Removed by Index Recheck": 0, "Filter": "((kind)::text = 'distributors'::text)", "Rows Removed by Filter": 1}]}]}, "Planning Time": 19.253, "Triggers": [], "Execution Time": 1024.844}, {"Plan": {"Node Type": "Aggregate", "Strategy": "Plain", "Partial Mode": "Simple", "Parallel Aware": false, "Async Capable": false, "Startup Cost": 274868.39, "Total Cost": 274868.4, "Plan Rows": 1, "Plan Width": 96, "Actual Rows": 1, "Actual Loops": 1, "Plans": [{"Node Type": "Nested Loop", "Parent Relationship": "Outer", "Parallel Aware": false, "Async Capable": false, "Join Type": "Inner", "Startup Cost": 246095.28, "Total Cost": 274868.38, "Plan Rows": 1, "Plan Width": 48, "Actual Rows": 1, "Actual Loops": 1, "Inner Unique": true, "Plans": [{"Node Type": "Nested Loop", "Parent Relationship": "Outer", "Parallel Aware": false, "Async Capable": false, "Join Type": "Inner", "Startup Cost": 246094.86, "Total Cost": 274867.93, "Plan Rows": 1, "Plan Width": 33, "Actual Rows": 20, "Actual Loops": 1, "Inner Unique": true, "Plans": [{"Node Type": "Gather", "Parent Relationship": "Outer", "Parallel Aware": false, "Async Capable": false, "Startup Cost": 246094.73, "Total Cost": 274867.76, "Plan Rows": 1, "Plan Width": 37, "Actual Rows": 152, "Actual Loops": 1, "Workers Planned": 3, "Workers Launched": 3, "Single Copy": false, "Plans": [{"Node Type": "Hash Join", "Parent Relationship": "Outer", "Parallel Aware": false, "Async Capable": false, "Join Type": "Inner", "Startup Cost": 245094.73, "Total Cost": 273867.66, "Plan Rows": 1, "Plan Width": 37, "Actual Rows": 38, "Actual Loops": 4, "Inner Unique": false, "Hash Cond": "(t.id = ml.movie_id)", "Workers": [], "Plans": [{"Node Type": "Hash Join", "Parent Relationship": "Outer", "Parallel Aware": true, "Async Capable": false, "Join Type": "Inner", "Startup Cost": 244512.43, "Total Cost": 273284.45, "Plan Rows": 7, "Plan Width": 41, "Actual Rows": 538, "Actual Loops": 4, "Inner Unique": false, "Hash Cond": "(mc.movie_id = t.id)", "Workers": [], "Plans": [{"Node Type": "Seq Scan", "Parent Relationship": "Outer", "Parallel Aware": true, "Async Capable": false, "Relation Name": "movie_companies", "Alias": "mc", "Startup Cost": 0.0, "Total Cost": 27240.55, "Plan Rows": 408393, "Plan Width": 12, "Actual Rows": 317997, "Actual Loops": 4, "Filter": "(note IS NULL)", "Rows Removed by Filter": 334285, "Workers": []}, {"Node Type": "Hash", "Parent Relationship": "Inner", "Parallel Aware": true, "Async Capable": false, "Startup Cost": 244512.4, "Total Cost": 244512.4, "Plan Rows": 2, "Plan Width": 29, "Actual Rows": 262, "Actual Loops": 4, "Hash Buckets": 1024, "Original Hash Buckets": 1024, "Hash Batches": 1, "Original Hash Batches": 1, "Peak Memory Usage": 136, "Workers": [], "Plans": [{"Node Type": "Nested Loop", "Parent Relationship": "Outer", "Parallel Aware": false, "Async Capable": false, "Join Type": "Inner", "Startup Cost": 45589.9, "Total Cost": 244512.4, "Plan Rows": 2, "Plan Width": 29, "Actual Rows": 262, "Actual Loops": 4, "Inner Unique": true, "Workers": [], "Plans": [{"Node Type": "Hash Join", "Parent Relationship": "Outer", "Parallel Aware": true, "Async Capable": false, "Join Type": "Inner", "Startup Cost": 45589.47, "Total Cost": 244511.42, "Plan Rows": 2, "Plan Width": 8, "Actual Rows": 396, "Actual Loops": 4, "Inner Unique": false, "Hash Cond": "(mi.movie_id = mk.movie_id)", "Workers": [], "Plans": [{"Node Type": "Seq Scan", "Parent Relationship": "Outer", "Parallel Aware": true, "Async Capable": false, "Relation Name": "movie_info", "Alias": "mi", "Startup Cost": 0.0, "Total Cost": 198738.49, "Plan Rows": 48920, "Plan Width": 4, "Actual Rows": 60961, "Actual Loops": 4, "Filter": "((info)::text = 'Drama'::text)", "Rows Removed by Filter": 3647969, "Workers": []}, {"Node Type": "Hash", "Parent Relationship": "Inner", "Parallel Aware": true, "Async Capable": false, "Startup Cost": 45589.33, "Total Cost": 45589.33, "Plan Rows": 11, "Plan Width": 4, "Actual Rows": 2636, "Actual Loops": 4, "Hash Buckets": 8192, "Original Hash Buckets": 1024, "Hash Batches": 1, "Original Hash Batches": 1, "Peak Memory Usage": 568, "Workers": [], "Plans": [{"Node Type": "Hash Join", "Parent Relationship": "Outer", "Parallel Aware": false, "Async Capable": false, "Join Type": "Inner", "Startup Cost": 2685.14, "Total Cost": 45589.33, "Plan Rows": 11, "Plan Width": 4, "Actual Rows": 2636, "Actual Loops": 4, "Inner Unique": true, "Hash Cond": "(mk.keyword_id = k.id)", "Workers": [], "Plans": [{"Node Type": "Seq Scan", "Parent Relationship": "Outer", "Parallel Aware": true, "Async Capable": false, "Relation Name": "movie_keyword", "Alias": "mk", "Startup Cost": 0.0, "Total Cost": 39073.32, "Plan Rows": 1459332, "Plan Width": 8, "Actual Rows": 1130982, "Actual Loops": 4, "Workers": []}, {"Node Type": "Hash", "Parent Relationship": "Inner", "Parallel Aware": false, "Async Capable": false, "Startup Cost": 2685.12, "Total Cost": 2685.12, "Plan Rows": 1, "Plan Width": 4, "Actual Rows": 1, "Actual Loops": 4, "Hash Buckets": 1024, "Original Hash Buckets": 1024, "Hash Batches": 1, "Original Hash Batches": 1, "Peak Memory Usage": 9, "Workers": [], "Plans": [{"Node Type": "Seq Scan", "Parent Relationship": "Outer", "Parallel Aware": false, "Async Capable": false, "Relation Name": "keyword", "Alias": "k", "Startup Cost": 0.0, "Total Cost": 2685.12, "Plan Rows": 1, "Plan Width": 4, "Actual Rows": 1, "Actual Loops": 4, "Filter": "((keyword)::text = 'sequel'::text)", "Rows Removed by Filter": 134169, "Workers": []}]}]}]}]}, {"Node Type": "Index Scan", "Parent Relationship": "Inner", "Parallel Aware": false, "Async Capable": false, "Scan Direction": "Forward", "Index Name": "title_pkey", "Relation Name": "title", "Alias": "t", "Startup Cost": 0.43, "Total Cost": 0.49, "Plan Rows": 1, "Plan Width": 21, "Actual Rows": 1, "Actual Loops": 1582, "Index Cond": "(id = mk.movie_id)", "Rows Removed by Index Recheck": 0, "Filter": "(production_year >= 1980)", "Rows Removed by Filter": 0, "Workers": []}]}]}]}, {"Node Type": "Hash", "Parent Relationship": "Inner", "Parallel Aware": false, "Async Capable": false, "Startup Cost": 561.48, "Total Cost": 561.48, "Plan Rows": 1666, "Plan Width": 16, "Actual Rows": 2315, "Actual Loops": 4, "Hash Buckets": 4096, "Original Hash Buckets": 2048, "Hash Batches": 1, "Original Hash Batches": 1, "Peak Memory Usage": 136, "Workers": [], "Plans": [{"Node Type": "Hash Join", "Parent Relationship": "Outer", "Parallel Aware": false, "Async Capable": false, "Join Type": "Inner", "Startup Cost": 1.24, "Total Cost": 561.48, "Plan Rows": 1666, "Plan Width": 16, "Actual Rows": 2315, "Actual Loops": 4, "Inner Unique": true, "Hash Cond": "(ml.link_type_id = lt.id)", "Workers": [], "Plans": [{"Node Type": "Seq Scan", "Parent Relationship": "Outer", "Parallel Aware": false, "Async Capable": false, "Relation Name": "movie_link", "Alias": "ml", "Startup Cost": 0.0, "Total Cost": 462.97, "Plan Rows": 29997, "Plan Width": 8, "Actual Rows": 29997, "Actual Loops": 4, "Workers": []}, {"Node Type": "Hash", "Parent Relationship": "Inner", "Parallel Aware": false, "Async Capable": false, "Startup Cost": 1.23, "Total Cost": 1.23, "Plan Rows": 1, "Plan Width": 16, "Actual Rows": 2, "Actual Loops": 4, "Hash Buckets": 1024, "Original Hash Buckets": 1024, "Hash Batches": 1, "Original Hash Batches": 1, "Peak Memory Usage": 9, "Workers": [], "Plans": [{"Node Type": "Seq Scan", "Parent Relationship": "Outer", "Parallel Aware": false, "Async Capable": false, "Relation Name": "link_type", "Alias": "lt", "Startup Cost": 0.0, "Total Cost": 1.23, "Plan Rows": 1, "Plan Width": 16, "Actual Rows": 2, "Actual Loops": 4, "Filter": "((link)::text ~~ '%follow%'::text)", "Rows Removed by Filter": 16, "Workers": []}]}]}]}]}]}, {"Node Type": "Index Scan", "Parent Relationship": "Inner", "Parallel Aware": false, "Async Capable": false, "Scan Direction": "Forward", "Index Name": "company_type_pkey", "Relation Name": "company_type", "Alias": "ct", "Startup Cost": 0.13, "Total Cost": 0.15, "Plan Rows": 1, "Plan Width": 4, "Actual Rows": 0, "Actual Loops": 152, "Index Cond": "(id = mc.company_type_id)", "Rows Removed by Index Recheck": 0, "Filter": "((kind)::text = 'distributors'::text)", "Rows Removed by Filter": 1}]}, {"Node Type": "Index Scan", "Parent Relationship": "Inner", "Parallel Aware": false, "Async Capable": false, "Scan Direction": "Forward", "Index Name": "company_name_pkey", "Relation Name": "company_name", "Alias": "cn", "Startup Cost": 0.42, "Total Cost": 0.45, "Plan Rows": 1, "Plan Width": 23, "Actual Rows": 0, "Actual Loops": 20, "Index Cond": "(id = mc.company_id)", "Rows Removed by Index Recheck": 0, "Filter": "(((country_code)::text <> '[ru]'::text) AND ((name)::text ~~ '%Warner%'::text))", "Rows Removed by Filter": 1}]}]}, "Planning Time": 13.05, "Triggers": [], "Execution Time": 1017.962}, {"Plan": {"Node Type": "Aggregate", "Strategy": "Plain", "Partial Mode": "Simple", "Parallel Aware": false, "Async Capable": false, "Startup Cost": 274868.39, "Total Cost": 274868.4, "Plan Rows": 1, "Plan Width": 96, "Actual Rows": 1, "Actual Loops": 1, "Plans": [{"Node Type": "Nested Loop", "Parent Relationship": "Outer", "Parallel Aware": false, "Async Capable": false, "Join Type": "Inner", "Startup Cost": 246095.28, "Total Cost": 274868.38, "Plan Rows": 1, "Plan Width": 48, "Actual Rows": 1, "Actual Loops": 1, "Inner Unique": true, "Plans": [{"Node Type": "Nested Loop", "Parent Relationship": "Outer", "Parallel Aware": false, "Async Capable": false, "Join Type": "Inner", "Startup Cost": 246095.15, "Total Cost": 274868.21, "Plan Rows": 1, "Plan Width": 52, "Actual Rows": 3, "Actual Loops": 1, "Inner Unique": true, "Plans": [{"Node Type": "Gather", "Parent Relationship": "Outer", "Parallel Aware": false, "Async Capable": false, "Startup Cost": 246094.73, "Total Cost": 274867.76, "Plan Rows": 1, "Plan Width": 37, "Actual Rows": 152, "Actual Loops": 1, "Workers Planned": 3, "Workers Launched": 3, "Single Copy": false, "Plans": [{"Node Type": "Hash Join", "Parent Relationship": "Outer", "Parallel Aware": false, "Async Capable": false, "Join Type": "Inner", "Startup Cost": 245094.73, "Total Cost": 273867.66, "Plan Rows": 1, "Plan Width": 37, "Actual Rows": 38, "Actual Loops": 4, "Inner Unique": false, "Hash Cond": "(t.id = ml.movie_id)", "Workers": [], "Plans": [{"Node Type": "Hash Join", "Parent Relationship": "Outer", "Parallel Aware": true, "Async Capable": false, "Join Type": "Inner", "Startup Cost": 244512.43, "Total Cost": 273284.45, "Plan Rows": 7, "Plan Width": 41, "Actual Rows": 538, "Actual Loops": 4, "Inner Unique": false, "Hash Cond": "(mc.movie_id = t.id)", "Workers": [], "Plans": [{"Node Type": "Seq Scan", "Parent Relationship": "Outer", "Parallel Aware": true, "Async Capable": false, "Relation Name": "movie_companies", "Alias": "mc", "Startup Cost": 0.0, "Total Cost": 27240.55, "Plan Rows": 408393, "Plan Width": 12, "Actual Rows": 317997, "Actual Loops": 4, "Filter": "(note IS NULL)", "Rows Removed by Filter": 334285, "Workers": []}, {"Node Type": "Hash", "Parent Relationship": "Inner", "Parallel Aware": true, "Async Capable": false, "Startup Cost": 244512.4, "Total Cost": 244512.4, "Plan Rows": 2, "Plan Width": 29, "Actual Rows": 262, "Actual Loops": 4, "Hash Buckets": 1024, "Original Hash Buckets": 1024, "Hash Batches": 1, "Original Hash Batches": 1, "Peak Memory Usage": 136, "Workers": [], "Plans": [{"Node Type": "Nested Loop", "Parent Relationship": "Outer", "Parallel Aware": false, "Async Capable": false, "Join Type": "Inner", "Startup Cost": 45589.9, "Total Cost": 244512.4, "Plan Rows": 2, "Plan Width": 29, "Actual Rows": 262, "Actual Loops": 4, "Inner Unique": true, "Workers": [], "Plans": [{"Node Type": "Hash Join", "Parent Relationship": "Outer", "Parallel Aware": true, "Async Capable": false, "Join Type": "Inner", "Startup Cost": 45589.47, "Total Cost": 244511.42, "Plan Rows": 2, "Plan Width": 8, "Actual Rows": 396, "Actual Loops": 4, "Inner Unique": false, "Hash Cond": "(mi.movie_id = mk.movie_id)", "Workers": [], "Plans": [{"Node Type": "Seq Scan", "Parent Relationship": "Outer", "Parallel Aware": true, "Async Capable": false, "Relation Name": "movie_info", "Alias": "mi", "Startup Cost": 0.0, "Total Cost": 198738.49, "Plan Rows": 48920, "Plan Width": 4, "Actual Rows": 60961, "Actual Loops": 4, "Filter": "((info)::text = 'Drama'::text)", "Rows Removed by Filter": 3647969, "Workers": []}, {"Node Type": "Hash", "Parent Relationship": "Inner", "Parallel Aware": true, "Async Capable": false, "Startup Cost": 45589.33, "Total Cost": 45589.33, "Plan Rows": 11, "Plan Width": 4, "Actual Rows": 2636, "Actual Loops": 4, "Hash Buckets": 8192, "Original Hash Buckets": 1024, "Hash Batches": 1, "Original Hash Batches": 1, "Peak Memory Usage": 568, "Workers": [], "Plans": [{"Node Type": "Hash Join", "Parent Relationship": "Outer", "Parallel Aware": false, "Async Capable": false, "Join Type": "Inner", "Startup Cost": 2685.14, "Total Cost": 45589.33, "Plan Rows": 11, "Plan Width": 4, "Actual Rows": 2636, "Actual Loops": 4, "Inner Unique": true, "Hash Cond": "(mk.keyword_id = k.id)", "Workers": [], "Plans": [{"Node Type": "Seq Scan", "Parent Relationship": "Outer", "Parallel Aware": true, "Async Capable": false, "Relation Name": "movie_keyword", "Alias": "mk", "Startup Cost": 0.0, "Total Cost": 39073.32, "Plan Rows": 1459332, "Plan Width": 8, "Actual Rows": 1130982, "Actual Loops": 4, "Workers": []}, {"Node Type": "Hash", "Parent Relationship": "Inner", "Parallel Aware": false, "Async Capable": false, "Startup Cost": 2685.12, "Total Cost": 2685.12, "Plan Rows": 1, "Plan Width": 4, "Actual Rows": 1, "Actual Loops": 4, "Hash Buckets": 1024, "Original Hash Buckets": 1024, "Hash Batches": 1, "Original Hash Batches": 1, "Peak Memory Usage": 9, "Workers": [], "Plans": [{"Node Type": "Seq Scan", "Parent Relationship": "Outer", "Parallel Aware": false, "Async Capable": false, "Relation Name": "keyword", "Alias": "k", "Startup Cost": 0.0, "Total Cost": 2685.12, "Plan Rows": 1, "Plan Width": 4, "Actual Rows": 1, "Actual Loops": 4, "Filter": "((keyword)::text = 'sequel'::text)", "Rows Removed by Filter": 134169, "Workers": []}]}]}]}]}, {"Node Type": "Index Scan", "Parent Relationship": "Inner", "Parallel Aware": false, "Async Capable": false, "Scan Direction": "Forward", "Index Name": "title_pkey", "Relation Name": "title", "Alias": "t", "Startup Cost": 0.43, "Total Cost": 0.49, "Plan Rows": 1, "Plan Width": 21, "Actual Rows": 1, "Actual Loops": 1582, "Index Cond": "(id = mk.movie_id)", "Rows Removed by Index Recheck": 0, "Filter": "(production_year >= 1980)", "Rows Removed by Filter": 0, "Workers": []}]}]}]}, {"Node Type": "Hash", "Parent Relationship": "Inner", "Parallel Aware": false, "Async Capable": false, "Startup Cost": 561.48, "Total Cost": 561.48, "Plan Rows": 1666, "Plan Width": 16, "Actual Rows": 2315, "Actual Loops": 4, "Hash Buckets": 4096, "Original Hash Buckets": 2048, "Hash Batches": 1, "Original Hash Batches": 1, "Peak Memory Usage": 136, "Workers": [], "Plans": [{"Node Type": "Hash Join", "Parent Relationship": "Outer", "Parallel Aware": false, "Async Capable": false, "Join Type": "Inner", "Startup Cost": 1.24, "Total Cost": 561.48, "Plan Rows": 1666, "Plan Width": 16, "Actual Rows": 2315, "Actual Loops": 4, "Inner Unique": true, "Hash Cond": "(ml.link_type_id = lt.id)", "Workers": [], "Plans": [{"Node Type": "Seq Scan", "Parent Relationship": "Outer", "Parallel Aware": false, "Async Capable": false, "Relation Name": "movie_link", "Alias": "ml", "Startup Cost": 0.0, "Total Cost": 462.97, "Plan Rows": 29997, "Plan Width": 8, "Actual Rows": 29997, "Actual Loops": 4, "Workers": []}, {"Node Type": "Hash", "Parent Relationship": "Inner", "Parallel Aware": false, "Async Capable": false, "Startup Cost": 1.23, "Total Cost": 1.23, "Plan Rows": 1, "Plan Width": 16, "Actual Rows": 2, "Actual Loops": 4, "Hash Buckets": 1024, "Original Hash Buckets": 1024, "Hash Batches": 1, "Original Hash Batches": 1, "Peak Memory Usage": 9, "Workers": [], "Plans": [{"Node Type": "Seq Scan", "Parent Relationship": "Outer", "Parallel Aware": false, "Async Capable": false, "Relation Name": "link_type", "Alias": "lt", "Startup Cost": 0.0, "Total Cost": 1.23, "Plan Rows": 1, "Plan Width": 16, "Actual Rows": 2, "Actual Loops": 4, "Filter": "((link)::text ~~ '%follow%'::text)", "Rows Removed by Filter": 16, "Workers": []}]}]}]}]}]}, {"Node Type": "Index Scan", "Parent Relationship": "Inner", "Parallel Aware": false, "Async Capable": false, "Scan Direction": "Forward", "Index Name": "company_name_pkey", "Relation Name": "company_name", "Alias": "cn", "Startup Cost": 0.42, "Total Cost": 0.45, "Plan Rows": 1, "Plan Width": 23, "Actual Rows": 0, "Actual Loops": 152, "Index Cond": "(id = mc.company_id)", "Rows Removed by Index Recheck": 0, "Filter": "(((country_code)::text <> '[ru]'::text) AND ((name)::text ~~ '%Warner%'::text))", "Rows Removed by Filter": 1}]}, {"Node Type": "Index Scan", "Parent Relationship": "Inner", "Parallel Aware": false, "Async Capable": false, "Scan Direction": "Forward", "Index Name": "company_type_pkey", "Relation Name": "company_type", "Alias": "ct", "Startup Cost": 0.13, "Total Cost": 0.15, "Plan Rows": 1, "Plan Width": 4, "Actual Rows": 0, "Actual Loops": 3, "Index Cond": "(id = mc.company_type_id)", "Rows Removed by Index Recheck": 0, "Filter": "((kind)::text = 'distributors'::text)", "Rows Removed by Filter": 1}]}]}, "Planning Time": 13.43, "Triggers": [], "Execution Time": 1008.798}, {"Plan": {"Node Type": "Aggregate", "Strategy": "Plain", "Partial Mode": "Simple", "Parallel Aware": false, "Async Capable": false, "Startup Cost": 283796.29, "Total Cost": 283796.3, "Plan Rows": 1, "Plan Width": 96, "Actual Rows": 1, "Actual Loops": 1, "Plans": [{"Node Type": "Merge Join", "Parent Relationship": "Outer", "Parallel Aware": false, "Async Capable": false, "Join Type": "Inner", "Startup Cost": 274867.87, "Total Cost": 283796.28, "Plan Rows": 1, "Plan Width": 48, "Actual Rows": 1, "Actual Loops": 1, "Inner Unique": false, "Merge Cond": "(t.id = ml.movie_id)", "Plans": [{"Node Type": "Index Scan", "Parent Relationship": "Outer", "Parallel Aware": false, "Async Capable": false, "Scan Direction": "Forward", "Index Name": "title_pkey", "Relation Name": "title", "Alias": "t", "Startup Cost": 0.43, "Total Cost": 116689.45, "Plan Rows": 1950911, "Plan Width": 21, "Actual Rows": 114792, "Actual Loops": 1, "Filter": "(production_year >= 1980)", "Rows Removed by Filter": 17405}, {"Node Type": "Sort", "Parent Relationship": "Inner", "Parallel Aware": false, "Async Capable": false, "Startup Cost": 274867.44, "Total Cost": 274867.45, "Plan Rows": 1, "Plan Width": 47, "Actual Rows": 1, "Actual Loops": 1, "Sort Key": ["mc.movie_id"], "Sort Method": "quicksort", "Sort Space Used": 25, "Sort Space Type": "Memory", "Plans": [{"Node Type": "Nested Loop", "Parent Relationship": "Outer", "Parallel Aware": false, "Async Capable": false, "Join Type": "Inner", "Startup Cost": 245513.24, "Total Cost": 274867.43, "Plan Rows": 1, "Plan Width": 47, "Actual Rows": 1, "Actual Loops": 1, "Inner Unique": false, "Join Filter": "(mk.movie_id = ml.movie_id)", "Rows Removed by Join Filter": 37039, "Plans": [{"Node Type": "Gather", "Parent Relationship": "Outer", "Parallel Aware": false, "Async Capable": false, "Startup Cost": 245512.01, "Total Cost": 274285.12, "Plan Rows": 1, "Plan Width": 31, "Actual Rows": 16, "Actual Loops": 1, "Workers Planned": 3, "Workers Launched": 3, "Single Copy": false, "Plans": [{"Node Type": "Nested Loop", "Parent Relationship": "Outer", "Parallel Aware": false, "Async Capable": false, "Join Type": "Inner", "Startup Cost": 244512.01, "Total Cost": 273285.02, "Plan Rows": 1, "Plan Width": 31, "Actual Rows": 4, "Actual Loops": 4, "Inner Unique": true, "Workers": [], "Plans": [{"Node Type": "Nested Loop", "Parent Relationship": "Outer", "Parallel Aware": false, "Async Capable": false, "Join Type": "Inner", "Startup Cost": 244511.59, "Total Cost": 273284.11, "Plan Rows": 2, "Plan Width": 16, "Actual Rows": 99, "Actual Loops": 4, "Inner Unique": true, "Workers": [], "Plans": [{"Node Type": "Hash Join", "Parent Relationship": "Outer", "Parallel Aware": true, "Async Capable": false, "Join Type": "Inner", "Startup Cost": 244511.45, "Total Cost": 273283.48, "Plan Rows": 9, "Plan Width": 20, "Actual Rows": 712, "Actual Loops": 4, "Inner Unique": false, "Hash Cond": "(mc.movie_id = mk.movie_id)", "Workers": [], "Plans": [{"Node Type": "Seq Scan", "Parent Relationship": "Outer", "Parallel Aware": true, "Async Capable": false, "Relation Name": "movie_companies", "Alias": "mc", "Startup Cost": 0.0, "Total Cost": 27240.55, "Plan Rows": 408393, "Plan Width": 12, "Actual Rows": 317997, "Actual Loops": 4, "Filter": "(note IS NULL)", "Rows Removed by Filter": 334285, "Workers": []}, {"Node Type": "Hash", "Parent Relationship": "Inner", "Parallel Aware": true, "Async Capable": false, "Startup Cost": 244511.42, "Total Cost": 244511.42, "Plan Rows": 2, "Plan Width": 8, "Actual Rows": 396, "Actual Loops": 4, "Hash Buckets": 1024, "Original Hash Buckets": 1024, "Hash Batches": 1, "Original Hash Batches": 1, "Peak Memory Usage": 136, "Workers": [], "Plans": [{"Node Type": "Hash Join", "Parent Relationship": "Outer", "Parallel Aware": true, "Async Capable": false, "Join Type": "Inner", "Startup Cost": 45589.47, "Total Cost": 244511.42, "Plan Rows": 2, "Plan Width": 8, "Actual Rows": 396, "Actual Loops": 4, "Inner Unique": false, "Hash Cond": "(mi.movie_id = mk.movie_id)", "Workers": [], "Plans": [{"Node Type": "Seq Scan", "Parent Relationship": "Outer", "Parallel Aware": true, "Async Capable": false, "Relation Name": "movie_info", "Alias": "mi", "Startup Cost": 0.0, "Total Cost": 198738.49, "Plan Rows": 48920, "Plan Width": 4, "Actual Rows": 60961, "Actual Loops": 4, "Filter": "((info)::text = 'Drama'::text)", "Rows Removed by Filter": 3647969, "Workers": []}, {"Node Type": "Hash", "Parent Relationship": "Inner", "Parallel Aware": true, "Async Capable": false, "Startup Cost": 45589.33, "Total Cost": 45589.33, "Plan Rows": 11, "Plan Width": 4, "Actual Rows": 2636, "Actual Loops": 4, "Hash Buckets": 8192, "Original Hash Buckets": 1024, "Hash Batches": 1, "Original Hash Batches": 1, "Peak Memory Usage": 568, "Workers": [], "Plans": [{"Node Type": "Hash Join", "Parent Relationship": "Outer", "Parallel Aware": false, "Async Capable": false, "Join Type": "Inner", "Startup Cost": 2685.14, "Total Cost": 45589.33, "Plan Rows": 11, "Plan Width": 4, "Actual Rows": 2636, "Actual Loops": 4, "Inner Unique": true, "Hash Cond": "(mk.keyword_id = k.id)", "Workers": [], "Plans": [{"Node Type": "Seq Scan", "Parent Relationship": "Outer", "Parallel Aware": true, "Async Capable": false, "Relation Name": "movie_keyword", "Alias": "mk", "Startup Cost": 0.0, "Total Cost": 39073.32, "Plan Rows": 1459332, "Plan Width": 8, "Actual Rows": 1130982, "Actual Loops": 4, "Workers": []}, {"Node Type": "Hash", "Parent Relationship": "Inner", "Parallel Aware": false, "Async Capable": false, "Startup Cost": 2685.12, "Total Cost": 2685.12, "Plan Rows": 1, "Plan Width": 4, "Actual Rows": 1, "Actual Loops": 4, "Hash Buckets": 1024, "Original Hash Buckets": 1024, "Hash Batches": 1, "Original Hash Batches": 1, "Peak Memory Usage": 9, "Workers": [], "Plans": [{"Node Type": "Seq Scan", "Parent Relationship": "Outer", "Parallel Aware": false, "Async Capable": false, "Relation Name": "keyword", "Alias": "k", "Startup Cost": 0.0, "Total Cost": 2685.12, "Plan Rows": 1, "Plan Width": 4, "Actual Rows": 1, "Actual Loops": 4, "Filter": "((keyword)::text = 'sequel'::text)", "Rows Removed by Filter": 134169, "Workers": []}]}]}]}]}]}]}, {"Node Type": "Memoize", "Parent Relationship": "Inner", "Parallel Aware": false, "Async Capable": false, "Startup Cost": 0.14, "Total Cost": 0.16, "Plan Rows": 1, "Plan Width": 4, "Actual Rows": 0, "Actual Loops": 2847, "Cache Key": "mc.company_type_id", "Cache Mode": "logical", "Cache Hits": 631, "Cache Misses": 2, "Cache Evictions": 0, "Cache Overflows": 0, "Peak Memory Usage": 1, "Workers": [{"Worker Number": 0, "Cache Hits": 733, "Cache Misses": 2, "Cache Evictions": 0, "Cache Overflows": 0, "Peak Memory Usage": 1}, {"Worker Number": 1, "Cache Hits": 801, "Cache Misses": 2, "Cache Evictions": 0, "Cache Overflows": 0, "Peak Memory Usage": 1}, {"Worker Number": 2, "Cache Hits": 674, "Cache Misses": 2, "Cache Evictions": 0, "Cache Overflows": 0, "Peak Memory Usage": 1}], "Plans": [{"Node Type": "Index Scan", "Parent Relationship": "Outer", "Parallel Aware": false, "Async Capable": false, "Scan Direction": "Forward", "Index Name": "company_type_pkey", "Relation Name": "company_type", "Alias": "ct", "Startup Cost": 0.13, "Total Cost": 0.15, "Plan Rows": 1, "Plan Width": 4, "Actual Rows": 0, "Actual Loops": 8, "Index Cond": "(id = mc.company_type_id)", "Rows Removed by Index Recheck": 0, "Filter": "((kind)::text = 'distributors'::text)", "Rows Removed by Filter": 0, "Workers": []}]}]}, {"Node Type": "Index Scan", "Parent Relationship": "Inner", "Parallel Aware": false, "Async Capable": false, "Scan Direction": "Forward", "Index Name": "company_name_pkey", "Relation Name": "company_name", "Alias": "cn", "Startup Cost": 0.42, "Total Cost": 0.45, "Plan Rows": 1, "Plan Width": 23, "Actual Rows": 0, "Actual Loops": 395, "Index Cond": "(id = mc.company_id)", "Rows Removed by Index Recheck": 0, "Filter": "(((country_code)::text <> '[ru]'::text) AND ((name)::text ~~ '%Warner%'::text))", "Rows Removed by Filter": 1, "Workers": []}]}]}, {"Node Type": "Hash Join", "Parent Relationship": "Inner", "Parallel Aware": false, "Async Capable": false, "Join Type": "Inner", "Startup Cost": 1.24, "Total Cost": 561.48, "Plan Rows": 1666, "Plan Width": 16, "Actual Rows": 2315, "Actual Loops": 16, "Inner Unique": true, "Hash Cond": "(ml.link_type_id = lt.id)", "Plans": [{"Node Type": "Seq Scan", "Parent Relationship": "Outer", "Parallel Aware": false, "Async Capable": false, "Relation Name": "movie_link", "Alias": "ml", "Startup Cost": 0.0, "Total Cost": 462.97, "Plan Rows": 29997, "Plan Width": 8, "Actual Rows": 29997, "Actual Loops": 16}, {"Node Type": "Hash", "Parent Relationship": "Inner", "Parallel Aware": false, "Async Capable": false, "Startup Cost": 1.23, "Total Cost": 1.23, "Plan Rows": 1, "Plan Width": 16, "Actual Rows": 2, "Actual Loops": 1, "Hash Buckets": 1024, "Original Hash Buckets": 1024, "Hash Batches": 1, "Original Hash Batches": 1, "Peak Memory Usage": 9, "Plans": [{"Node Type": "Seq Scan", "Parent Relationship": "Outer", "Parallel Aware": false, "Async Capable": false, "Relation Name": "link_type", "Alias": "lt", "Startup Cost": 0.0, "Total Cost": 1.23, "Plan Rows": 1, "Plan Width": 16, "Actual Rows": 2, "Actual Loops": 1, "Filter": "((link)::text ~~ '%follow%'::text)", "Rows Removed by Filter": 16}]}]}]}]}]}]}, "Planning Time": 9.841, "Triggers": [], "Execution Time": 1252.892}, {"Plan": {"Node Type": "Aggregate", "Strategy": "Plain", "Partial Mode": "Simple", "Parallel Aware": false, "Async Capable": false, "Startup Cost": 279330.41, "Total Cost": 279330.42, "Plan Rows": 1, "Plan Width": 96, "Actual Rows": 1, "Actual Loops": 1, "Plans": [{"Node Type": "Gather", "Parent Relationship": "Outer", "Parallel Aware": false, "Async Capable": false, "Startup Cost": 236426.06, "Total Cost": 279330.4, "Plan Rows": 1, "Plan Width": 48, "Actual Rows": 1, "Actual Loops": 1, "Workers Planned": 3, "Workers Launched": 3, "Single Copy": false, "Plans": [{"Node Type": "Hash Join", "Parent Relationship": "Outer", "Parallel Aware": true, "Async Capable": false, "Join Type": "Inner", "Startup Cost": 235426.06, "Total Cost": 278330.3, "Plan Rows": 1, "Plan Width": 48, "Actual Rows": 0, "Actual Loops": 4, "Inner Unique": false, "Hash Cond": "(mk.movie_id = ml.movie_id)", "Workers": [], "Plans": [{"Node Type": "Hash Join", "Parent Relationship": "Outer", "Parallel Aware": false, "Async Capable": false, "Join Type": "Inner", "Startup Cost": 2685.14, "Total Cost": 45589.33, "Plan Rows": 11, "Plan Width": 4, "Actual Rows": 2636, "Actual Loops": 4, "Inner Unique": true, "Hash Cond": "(mk.keyword_id = k.id)", "Workers": [], "Plans": [{"Node Type": "Seq Scan", "Parent Relationship": "Outer", "Parallel Aware": true, "Async Capable": false, "Relation Name": "movie_keyword", "Alias": "mk", "Startup Cost": 0.0, "Total Cost": 39073.32, "Plan Rows": 1459332, "Plan Width": 8, "Actual Rows": 1130982, "Actual Loops": 4, "Workers": []}, {"Node Type": "Hash", "Parent Relationship": "Inner", "Parallel Aware": false, "Async Capable": false, "Startup Cost": 2685.12, "Total Cost": 2685.12, "Plan Rows": 1, "Plan Width": 4, "Actual Rows": 1, "Actual Loops": 4, "Hash Buckets": 1024, "Original Hash Buckets": 1024, "Hash Batches": 1, "Original Hash Batches": 1, "Peak Memory Usage": 9, "Workers": [], "Plans": [{"Node Type": "Seq Scan", "Parent Relationship": "Outer", "Parallel Aware": false, "Async Capable": false, "Relation Name": "keyword", "Alias": "k", "Startup Cost": 0.0, "Total Cost": 2685.12, "Plan Rows": 1, "Plan Width": 4, "Actual Rows": 1, "Actual Loops": 4, "Filter": "((keyword)::text = 'sequel'::text)", "Rows Removed by Filter": 134169, "Workers": []}]}]}, {"Node Type": "Hash", "Parent Relationship": "Inner", "Parallel Aware": true, "Async Capable": false, "Startup Cost": 232740.91, "Total Cost": 232740.91, "Plan Rows": 1, "Plan Width": 64, "Actual Rows": 0, "Actual Loops": 4, "Hash Buckets": 1024, "Original Hash Buckets": 1024, "Hash Batches": 1, "Original Hash Batches": 1, "Peak Memory Usage": 40, "Workers": [], "Plans": [{"Node Type": "Nested Loop", "Parent Relationship": "Outer", "Parallel Aware": false, "Async Capable": false, "Join Type": "Inner", "Startup Cost": 232699.26, "Total Cost": 232740.91, "Plan Rows": 1, "Plan Width": 64, "Actual Rows": 0, "Actual Loops": 4, "Inner Unique": true, "Join Filter": "(t.id = ml.movie_id)", "Rows Removed by Join Filter": 0, "Workers": [], "Plans": [{"Node Type": "Nested Loop", "Parent Relationship": "Outer", "Parallel Aware": false, "Async Capable": false, "Join Type": "Inner", "Startup Cost": 232698.83, "Total Cost": 232740.3, "Plan Rows": 1, "Plan Width": 43, "Actual Rows": 0, "Actual Loops": 4, "Inner Unique": true, "Workers": [], "Plans": [{"Node Type": "Merge Join", "Parent Relationship": "Outer", "Parallel Aware": false, "Async Capable": false, "Join Type": "Inner", "Startup Cost": 232698.41, "Total Cost": 232711.64, "Plan Rows": 63, "Plan Width": 28, "Actual Rows": 46, "Actual Loops": 4, "Inner Unique": false, "Merge Cond": "(mc.movie_id = ml.movie_id)", "Workers": [], "Plans": [{"Node Type": "Sort", "Parent Relationship": "Outer", "Parallel Aware": false, "Async Capable": false, "Startup Cost": 232047.78, "Total Cost": 232103.04, "Plan Rows": 22104, "Plan Width": 12, "Actual Rows": 99, "Actual Loops": 4, "Sort Key": ["mc.movie_id"], "Sort Method": "quicksort", "Sort Space Used": 402, "Sort Space Type": "Memory", "Workers": [{"Worker Number": 0, "Sort Method": "quicksort", "Sort Space Used": 406, "Sort Space Type": "Memory"}, {"Worker Number": 1, "Sort Method": "quicksort", "Sort Space Used": 412, "Sort Space Type": "Memory"}, {"Worker Number": 2, "Sort Method": "quicksort", "Sort Space Used": 404, "Sort Space Type": "Memory"}], "Plans": [{"Node Type": "Hash Join", "Parent Relationship": "Outer", "Parallel Aware": true, "Async Capable": false, "Join Type": "Inner", "Startup Cost": 30725.7, "Total Cost": 230452.75, "Plan Rows": 22104, "Plan Width": 12, "Actual Rows": 5472, "Actual Loops": 4, "Inner Unique": false, "Hash Cond": "(mi.movie_id = mc.movie_id)", "Workers": [], "Plans": [{"Node Type": "Seq Scan", "Parent Relationship": "Outer", "Parallel Aware": true, "Async Capable": false, "Relation Name": "movie_info", "Alias": "mi", "Startup Cost": 0.0, "Total Cost": 198738.49, "Plan Rows": 48920, "Plan Width": 4, "Actual Rows": 60961, "Actual Loops": 4, "Filter": "((info)::text = 'Drama'::text)", "Rows Removed by Filter": 3647969, "Workers": []}, {"Node Type": "Hash", "Parent Relationship": "Inner", "Parallel Aware": true, "Async Capable": false, "Startup Cost": 29449.48, "Total Cost": 29449.48, "Plan Rows": 102098, "Plan Width": 8, "Actual Rows": 19515, "Actual Loops": 4, "Hash Buckets": 524288, "Original Hash Buckets": 524288, "Hash Batches": 1, "Original Hash Batches": 1, "Peak Memory Usage": 7232, "Workers": [], "Plans": [{"Node Type": "Hash Join", "Parent Relationship": "Outer", "Parallel Aware": false, "Async Capable": false, "Join Type": "Inner", "Startup Cost": 1.06, "Total Cost": 29449.48, "Plan Rows": 102098, "Plan Width": 8, "Actual Rows": 19515, "Actual Loops": 4, "Inner Unique": true, "Hash Cond": "(mc.company_type_id = ct.id)", "Workers": [], "Plans": [{"Node Type": "Seq Scan", "Parent Relationship": "Outer", "Parallel Aware": true, "Async Capable": false, "Relation Name": "movie_companies", "Alias": "mc", "Startup Cost": 0.0, "Total Cost": 27240.55, "Plan Rows": 408393, "Plan Width": 12, "Actual Rows": 317997, "Actual Loops": 4, "Filter": "(note IS NULL)", "Rows Removed by Filter": 334285, "Workers": []}, {"Node Type": "Hash", "Parent Relationship": "Inner", "Parallel Aware": false, "Async Capable": false, "Startup Cost": 1.05, "Total Cost": 1.05, "Plan Rows": 1, "Plan Width": 4, "Actual Rows": 1, "Actual Loops": 4, "Hash Buckets": 1024, "Original Hash Buckets": 1024, "Hash Batches": 1, "Original Hash Batches": 1, "Peak Memory Usage": 9, "Workers": [], "Plans": [{"Node Type": "Seq Scan", "Parent Relationship": "Outer", "Parallel Aware": false, "Async Capable": false, "Relation Name": "company_type", "Alias": "ct", "Startup Cost": 0.0, "Total Cost": 1.05, "Plan Rows": 1, "Plan Width": 4, "Actual Rows": 1, "Actual Loops": 4, "Filter": "((kind)::text = 'distributors'::text)", "Rows Removed by Filter": 3, "Workers": []}]}]}]}]}]}, {"Node Type": "Sort", "Parent Relationship": "Inner", "Parallel Aware": false, "Async Capable": false, "Startup Cost": 650.63, "Total Cost": 654.8, "Plan Rows": 1666, "Plan Width": 16, "Actual Rows": 2326, "Actual Loops": 4, "Sort Key": ["ml.movie_id"], "Sort Method": "quicksort", "Sort Space Used": 187, "Sort Space Type": "Memory", "Workers": [{"Worker Number": 0, "Sort Method": "quicksort", "Sort Space Used": 187, "Sort Space Type": "Memory"}, {"Worker Number": 1, "Sort Method": "quicksort", "Sort Space Used": 187, "Sort Space Type": "Memory"}, {"Worker Number": 2, "Sort Method": "quicksort", "Sort Space Used": 187, "Sort Space Type": "Memory"}], "Plans": [{"Node Type": "Hash Join", "Parent Relationship": "Outer", "Parallel Aware": false, "Async Capable": false, "Join Type": "Inner", "Startup Cost": 1.24, "Total Cost": 561.48, "Plan Rows": 1666, "Plan Width": 16, "Actual Rows": 2315, "Actual Loops": 4, "Inner Unique": true, "Hash Cond": "(ml.link_type_id = lt.id)", "Workers": [], "Plans": [{"Node Type": "Seq Scan", "Parent Relationship": "Outer", "Parallel Aware": false, "Async Capable": false, "Relation Name": "movie_link", "Alias": "ml", "Startup Cost": 0.0, "Total Cost": 462.97, "Plan Rows": 29997, "Plan Width": 8, "Actual Rows": 29997, "Actual Loops": 4, "Workers": []}, {"Node Type": "Hash", "Parent Relationship": "Inner", "Parallel Aware": false, "Async Capable": false, "Startup Cost": 1.23, "Total Cost": 1.23, "Plan Rows": 1, "Plan Width": 16, "Actual Rows": 2, "Actual Loops": 4, "Hash Buckets": 1024, "Original Hash Buckets": 1024, "Hash Batches": 1, "Original Hash Batches": 1, "Peak Memory Usage": 9, "Workers": [], "Plans": [{"Node Type": "Seq Scan", "Parent Relationship": "Outer", "Parallel Aware": false, "Async Capable": false, "Relation Name": "link_type", "Alias": "lt", "Startup Cost": 0.0, "Total Cost": 1.23, "Plan Rows": 1, "Plan Width": 16, "Actual Rows": 2, "Actual Loops": 4, "Filter": "((link)::text ~~ '%follow%'::text)", "Rows Removed by Filter": 16, "Workers": []}]}]}]}]}, {"Node Type": "Index Scan", "Parent Relationship": "Inner", "Parallel Aware": false, "Async Capable": false, "Scan Direction": "Forward", "Index Name": "company_name_pkey", "Relation Name": "company_name", "Alias": "cn", "Startup Cost": 0.42, "Total Cost": 0.45, "Plan Rows": 1, "Plan Width": 23, "Actual Rows": 0, "Actual Loops": 184, "Index Cond": "(id = mc.company_id)", "Rows Removed by Index Recheck": 0, "Filter": "(((country_code)::text <> '[ru]'::text) AND ((name)::text ~~ '%Warner%'::text))", "Rows Removed by Filter": 1, "Workers": []}]}, {"Node Type": "Index Scan", "Parent Relationship": "Inner", "Parallel Aware": false, "Async Capable": false, "Scan Direction": "Forward", "Index Name": "title_pkey", "Relation Name": "title", "Alias": "t", "Startup Cost": 0.43, "Total Cost": 0.59, "Plan Rows": 1, "Plan Width": 21, "Actual Rows": 1, "Actual Loops": 2, "Index Cond": "(id = mc.movie_id)", "Rows Removed by Index Recheck": 0, "Filter": "(production_year >= 1980)", "Rows Removed by Filter": 0, "Workers": []}]}]}]}]}]}, "Planning Time": 14.404, "Triggers": [], "Execution Time": 1072.067}, {"Plan": {"Node Type": "Aggregate", "Strategy": "Plain", "Partial Mode": "Simple", "Parallel Aware": false, "Async Capable": false, "Startup Cost": 331270.66, "Total Cost": 331270.67, "Plan Rows": 1, "Plan Width": 96, "Actual Rows": 1, "Actual Loops": 1, "Plans": [{"Node Type": "Merge Join", "Parent Relationship": "Outer", "Parallel Aware": false, "Async Capable": false, "Join Type": "Inner", "Startup Cost": 322051.79, "Total Cost": 331270.66, "Plan Rows": 1, "Plan Width": 48, "Actual Rows": 1, "Actual Loops": 1, "Inner Unique": false, "Merge Cond": "(ml.movie_id = t.id)", "Plans": [{"Node Type": "Sort", "Parent Relationship": "Outer", "Parallel Aware": false, "Async Capable": false, "Startup Cost": 75961.26, "Total Cost": 75961.27, "Plan Rows": 1, "Plan Width": 43, "Actual Rows": 1, "Actual Loops": 1, "Sort Key": ["mc.movie_id"], "Sort Method": "quicksort", "Sort Space Used": 25, "Sort Space Type": "Memory", "Plans": [{"Node Type": "Nested Loop", "Parent Relationship": "Outer", "Parallel Aware": false, "Async Capable": false, "Join Type": "Inner", "Startup Cost": 47172.33, "Total Cost": 75961.25, "Plan Rows": 1, "Plan Width": 43, "Actual Rows": 1, "Actual Loops": 1, "Inner Unique": true, "Plans": [{"Node Type": "Nested Loop", "Parent Relationship": "Outer", "Parallel Aware": false, "Async Capable": false, "Join Type": "Inner", "Startup Cost": 47172.2, "Total Cost": 75961.08, "Plan Rows": 1, "Plan Width": 47, "Actual Rows": 3, "Actual Loops": 1, "Inner Unique": true, "Plans": [{"Node Type": "Hash Join", "Parent Relationship": "Outer", "Parallel Aware": false, "Async Capable": false, "Join Type": "Inner", "Startup Cost": 47171.78, "Total Cost": 75960.63, "Plan Rows": 1, "Plan Width": 32, "Actual Rows": 1021, "Actual Loops": 1, "Inner Unique": false, "Hash Cond": "(mk.movie_id = ml.movie_id)", "Plans": [{"Node Type": "Gather", "Parent Relationship": "Outer", "Parallel Aware": false, "Async Capable": false, "Startup Cost": 46589.47, "Total Cost": 75368.97, "Plan Rows": 74, "Plan Width": 16, "Actual Rows": 14331, "Actual Loops": 1, "Workers Planned": 3, "Workers Launched": 3, "Single Copy": false, "Plans": [{"Node Type": "Hash Join", "Parent Relationship": "Outer", "Parallel Aware": true, "Async Capable": false, "Join Type": "Inner", "Startup Cost": 45589.47, "Total Cost": 74361.57, "Plan Rows": 24, "Plan Width": 16, "Actual Rows": 3583, "Actual Loops": 4, "Inner Unique": false, "Hash Cond": "(mc.movie_id = mk.movie_id)", "Workers": [], "Plans": [{"Node Type": "Seq Scan", "Parent Relationship": "Outer", "Parallel Aware": true, "Async Capable": false, "Relation Name": "movie_companies", "Alias": "mc", "Startup Cost": 0.0, "Total Cost": 27240.55, "Plan Rows": 408393, "Plan Width": 12, "Actual Rows": 317997, "Actual Loops": 4, "Filter": "(note IS NULL)", "Rows Removed by Filter": 334285, "Workers": []}, {"Node Type": "Hash", "Parent Relationship": "Inner", "Parallel Aware": true, "Async Capable": false, "Startup Cost": 45589.33, "Total Cost": 45589.33, "Plan Rows": 11, "Plan Width": 4, "Actual Rows": 2636, "Actual Loops": 4, "Hash Buckets": 16384, "Original Hash Buckets": 1024, "Hash Batches": 1, "Original Hash Batches": 1, "Peak Memory Usage": 728, "Workers": [], "Plans": [{"Node Type": "Hash Join", "Parent Relationship": "Outer", "Parallel Aware": false, "Async Capable": false, "Join Type": "Inner", "Startup Cost": 2685.14, "Total Cost": 45589.33, "Plan Rows": 11, "Plan Width": 4, "Actual Rows": 2636, "Actual Loops": 4, "Inner Unique": true, "Hash Cond": "(mk.keyword_id = k.id)", "Workers": [], "Plans": [{"Node Type": "Seq Scan", "Parent Relationship": "Outer", "Parallel Aware": true, "Async Capable": false, "Relation Name": "movie_keyword", "Alias": "mk", "Startup Cost": 0.0, "Total Cost": 39073.32, "Plan Rows": 1459332, "Plan Width": 8, "Actual Rows": 1130982, "Actual Loops": 4, "Workers": []}, {"Node Type": "Hash", "Parent Relationship": "Inner", "Parallel Aware": false, "Async Capable": false, "Startup Cost": 2685.12, "Total Cost": 2685.12, "Plan Rows": 1, "Plan Width": 4, "Actual Rows": 1, "Actual Loops": 4, "Hash Buckets": 1024, "Original Hash Buckets": 1024, "Hash Batches": 1, "Original Hash Batches": 1, "Peak Memory Usage": 9, "Workers": [], "Plans": [{"Node Type": "Seq Scan", "Parent Relationship": "Outer", "Parallel Aware": false, "Async Capable": false, "Relation Name": "keyword", "Alias": "k", "Startup Cost": 0.0, "Total Cost": 2685.12, "Plan Rows": 1, "Plan Width": 4, "Actual Rows": 1, "Actual Loops": 4, "Filter": "((keyword)::text = 'sequel'::text)", "Rows Removed by Filter": 134169, "Workers": []}]}]}]}]}]}, {"Node Type": "Hash", "Parent Relationship": "Inner", "Parallel Aware": false, "Async Capable": false, "Startup Cost": 561.48, "Total Cost": 561.48, "Plan Rows": 1666, "Plan Width": 16, "Actual Rows": 2315, "Actual Loops": 1, "Hash Buckets": 4096, "Original Hash Buckets": 2048, "Hash Batches": 1, "Original Hash Batches": 1, "Peak Memory Usage": 136, "Plans": [{"Node Type": "Hash Join", "Parent Relationship": "Outer", "Parallel Aware": false, "Async Capable": false, "Join Type": "Inner", "Startup Cost": 1.24, "Total Cost": 561.48, "Plan Rows": 1666, "Plan Width": 16, "Actual Rows": 2315, "Actual Loops": 1, "Inner Unique": true, "Hash Cond": "(ml.link_type_id = lt.id)", "Plans": [{"Node Type": "Seq Scan", "Parent Relationship": "Outer", "Parallel Aware": false, "Async Capable": false, "Relation Name": "movie_link", "Alias": "ml", "Startup Cost": 0.0, "Total Cost": 462.97, "Plan Rows": 29997, "Plan Width": 8, "Actual Rows": 29997, "Actual Loops": 1}, {"Node Type": "Hash", "Parent Relationship": "Inner", "Parallel Aware": false, "Async Capable": false, "Startup Cost": 1.23, "Total Cost": 1.23, "Plan Rows": 1, "Plan Width": 16, "Actual Rows": 2, "Actual Loops": 1, "Hash Buckets": 1024, "Original Hash Buckets": 1024, "Hash Batches": 1, "Original Hash Batches": 1, "Peak Memory Usage": 9, "Plans": [{"Node Type": "Seq Scan", "Parent Relationship": "Outer", "Parallel Aware": false, "Async Capable": false, "Relation Name": "link_type", "Alias": "lt", "Startup Cost": 0.0, "Total Cost": 1.23, "Plan Rows": 1, "Plan Width": 16, "Actual Rows": 2, "Actual Loops": 1, "Filter": "((link)::text ~~ '%follow%'::text)", "Rows Removed by Filter": 16}]}]}]}]}, {"Node Type": "Index Scan", "Parent Relationship": "Inner", "Parallel Aware": false, "Async Capable": false, "Scan Direction": "Forward", "Index Name": "company_name_pkey", "Relation Name": "company_name", "Alias": "cn", "Startup Cost": 0.42, "Total Cost": 0.45, "Plan Rows": 1, "Plan Width": 23, "Actual Rows": 0, "Actual Loops": 1021, "Index Cond": "(id = mc.company_id)", "Rows Removed by Index Recheck": 0, "Filter": "(((country_code)::text <> '[ru]'::text) AND ((name)::text ~~ '%Warner%'::text))", "Rows Removed by Filter": 1}]}, {"Node Type": "Index Scan", "Parent Relationship": "Inner", "Parallel Aware": false, "Async Capable": false, "Scan Direction": "Forward", "Index Name": "company_type_pkey", "Relation Name": "company_type", "Alias": "ct", "Startup Cost": 0.13, "Total Cost": 0.15, "Plan Rows": 1, "Plan Width": 4, "Actual Rows": 0, "Actual Loops": 3, "Index Cond": "(id = mc.company_type_id)", "Rows Removed by Index Recheck": 0, "Filter": "((kind)::text = 'distributors'::text)", "Rows Removed by Filter": 1}]}]}, {"Node Type": "Materialize", "Parent Relationship": "Inner", "Parallel Aware": false, "Async Capable": false, "Startup Cost": 246090.53, "Total Cost": 371138.46, "Plan Rows": 188739, "Plan Width": 25, "Actual Rows": 1184, "Actual Loops": 1, "Plans": [{"Node Type": "Merge Join", "Parent Relationship": "Outer", "Parallel Aware": false, "Async Capable": false, "Join Type": "Inner", "Startup Cost": 246090.53, "Total Cost": 370666.61, "Plan Rows": 188739, "Plan Width": 25, "Actual Rows": 1184, "Actual Loops": 1, "Inner Unique": false, "Merge Cond": "(t.id = mi.movie_id)", "Plans": [{"Node Type": "Index Scan", "Parent Relationship": "Outer", "Parallel Aware": false, "Async Capable": false, "Scan Direction": "Forward", "Index Name": "title_pkey", "Relation Name": "title", "Alias": "t", "Startup Cost": 0.43, "Total Cost": 116689.45, "Plan Rows": 1950911, "Plan Width": 21, "Actual Rows": 114844, "Actual Loops": 1, "Filter": "(production_year >= 1980)", "Rows Removed by Filter": 17526}, {"Node Type": "Sort", "Parent Relationship": "Inner", "Parallel Aware": false, "Async Capable": false, "Startup Cost": 246090.08, "Total Cost": 246701.58, "Plan Rows": 244599, "Plan Width": 4, "Actual Rows": 1525, "Actual Loops": 1, "Sort Key": ["mi.movie_id"], "Sort Method": "quicksort", "Sort Space Used": 6145, "Sort Space Type": "Memory", "Plans": [{"Node Type": "Gather", "Parent Relationship": "Outer", "Parallel Aware": false, "Async Capable": false, "Startup Cost": 1000.0, "Total Cost": 224198.39, "Plan Rows": 244599, "Plan Width": 4, "Actual Rows": 243843, "Actual Loops": 1, "Workers Planned": 5, "Workers Launched": 5, "Single Copy": false, "Plans": [{"Node Type": "Seq Scan", "Parent Relationship": "Outer", "Parallel Aware": true, "Async Capable": false, "Relation Name": "movie_info", "Alias": "mi", "Startup Cost": 0.0, "Total Cost": 198738.49, "Plan Rows": 48920, "Plan Width": 4, "Actual Rows": 40640, "Actual Loops": 6, "Filter": "((info)::text = 'Drama'::text)", "Rows Removed by Filter": 2431980, "Workers": []}]}]}]}]}]}]}, "Planning Time": 9.358, "Triggers": [], "Execution Time": 1064.497}, {"Plan": {"Node Type": "Aggregate", "Strategy": "Plain", "Partial Mode": "Simple", "Parallel Aware": false, "Async Capable": false, "Startup Cost": 279626.85, "Total Cost": 279626.86, "Plan Rows": 1, "Plan Width": 96, "Actual Rows": 1, "Actual Loops": 1, "Plans": [{"Node Type": "Gather", "Parent Relationship": "Outer", "Parallel Aware": false, "Async Capable": false, "Startup Cost": 251286.19, "Total Cost": 279626.84, "Plan Rows": 1, "Plan Width": 48, "Actual Rows": 1, "Actual Loops": 1, "Workers Planned": 3, "Workers Launched": 3, "Single Copy": false, "Plans": [{"Node Type": "Hash Join", "Parent Relationship": "Outer", "Parallel Aware": true, "Async Capable": false, "Join Type": "Inner", "Startup Cost": 250286.19, "Total Cost": 278626.74, "Plan Rows": 1, "Plan Width": 48, "Actual Rows": 0, "Actual Loops": 4, "Inner Unique": false, "Hash Cond": "(t.id = ml.movie_id)", "Workers": [], "Plans": [{"Node Type": "Nested Loop", "Parent Relationship": "Outer", "Parallel Aware": false, "Async Capable": false, "Join Type": "Inner", "Startup Cost": 5115.77, "Total Cost": 33456.18, "Plan Rows": 35, "Plan Width": 44, "Actual Rows": 150, "Actual Loops": 4, "Inner Unique": true, "Workers": [], "Plans": [{"Node Type": "Hash Join", "Parent Relationship": "Outer", "Parallel Aware": false, "Async Capable": false, "Join Type": "Inner", "Startup Cost": 5115.34, "Total Cost": 33428.93, "Plan Rows": 46, "Plan Width": 23, "Actual Rows": 308, "Actual Loops": 4, "Inner Unique": true, "Hash Cond": "(mc.company_type_id = ct.id)", "Workers": [], "Plans": [{"Node Type": "Hash Join", "Parent Relationship": "Outer", "Parallel Aware": true, "Async Capable": false, "Join Type": "Inner", "Startup Cost": 5114.28, "Total Cost": 33426.88, "Plan Rows": 184, "Plan Width": 27, "Actual Rows": 3347, "Actual Loops": 4, "Inner Unique": true, "Hash Cond": "(mc.company_id = cn.id)", "Workers": [], "Plans": [{"Node Type": "Seq Scan", "Parent Relationship": "Outer", "Parallel Aware": true, "Async Capable": false, "Relation Name": "movie_companies", "Alias": "mc", "Startup Cost": 0.0, "Total Cost": 27240.55, "Plan Rows": 408393, "Plan Width": 12, "Actual Rows": 317997, "Actual Loops": 4, "Filter": "(note IS NULL)", "Rows Removed by Filter": 334285, "Workers": []}, {"Node Type": "Hash", "Parent Relationship": "Inner", "Parallel Aware": true, "Async Capable": false, "Startup Cost": 5113.5, "Total Cost": 5113.5, "Plan Rows": 62, "Plan Width": 23, "Actual Rows": 68, "Actual Loops": 4, "Hash Buckets": 1024, "Original Hash Buckets": 1024, "Hash Batches": 1, "Original Hash Batches": 1, "Peak Memory Usage": 136, "Workers": [], "Plans": [{"Node Type": "Seq Scan", "Parent Relationship": "Outer", "Parallel Aware": true, "Async Capable": false, "Relation Name": "company_name", "Alias": "cn", "Startup Cost": 0.0, "Total Cost": 5113.5, "Plan Rows": 62, "Plan Width": 23, "Actual Rows": 68, "Actual Loops": 4, "Filter": "(((country_code)::text <> '[ru]'::text) AND ((name)::text ~~ '%Warner%'::text))", "Rows Removed by Filter": 58682, "Workers": []}]}]}, {"Node Type": "Hash", "Parent Relationship": "Inner", "Parallel Aware": false, "Async Capable": false, "Startup Cost": 1.05, "Total Cost": 1.05, "Plan Rows": 1, "Plan Width": 4, "Actual Rows": 1, "Actual Loops": 4, "Hash Buckets": 1024, "Original Hash Buckets": 1024, "Hash Batches": 1, "Original Hash Batches": 1, "Peak Memory Usage": 9, "Workers": [], "Plans": [{"Node Type": "Seq Scan", "Parent Relationship": "Outer", "Parallel Aware": false, "Async Capable": false, "Relation Name": "company_type", "Alias": "ct", "Startup Cost": 0.0, "Total Cost": 1.05, "Plan Rows": 1, "Plan Width": 4, "Actual Rows": 1, "Actual Loops": 4, "Filter": "((kind)::text = 'distributors'::text)", "Rows Removed by Filter": 3, "Workers": []}]}]}, {"Node Type": "Index Scan", "Parent Relationship": "Inner", "Parallel Aware": false, "Async Capable": false, "Scan Direction": "Forward", "Index Name": "title_pkey", "Relation Name": "title", "Alias": "t", "Startup Cost": 0.43, "Total Cost": 0.59, "Plan Rows": 1, "Plan Width": 21, "Actual Rows": 0, "Actual Loops": 1233, "Index Cond": "(id = mc.movie_id)", "Rows Removed by Index Recheck": 0, "Filter": "(production_year >= 1980)", "Rows Removed by Filter": 1, "Workers": []}]}, {"Node Type": "Hash", "Parent Relationship": "Inner", "Parallel Aware": true, "Async Capable": false, "Startup Cost": 245170.41, "Total Cost": 245170.41, "Plan Rows": 1, "Plan Width": 24, "Actual Rows": 8, "Actual Loops": 4, "Hash Buckets": 1024, "Original Hash Buckets": 1024, "Hash Batches": 1, "Original Hash Batches": 1, "Peak Memory Usage": 40, "Workers": [], "Plans": [{"Node Type": "Merge Join", "Parent Relationship": "Outer", "Parallel Aware": false, "Async Capable": false, "Join Type": "Inner", "Startup Cost": 245162.06, "Total Cost": 245170.41, "Plan Rows": 1, "Plan Width": 24, "Actual Rows": 8, "Actual Loops": 4, "Inner Unique": false, "Merge Cond": "(mk.movie_id = ml.movie_id)", "Workers": [], "Plans": [{"Node Type": "Sort", "Parent Relationship": "Outer", "Parallel Aware": false, "Async Capable": false, "Startup Cost": 244511.43, "Total Cost": 244511.44, "Plan Rows": 2, "Plan Width": 8, "Actual Rows": 7, "Actual Loops": 4, "Sort Key": ["mk.movie_id"], "Sort Method": "quicksort", "Sort Space Used": 36, "Sort Space Type": "Memory", "Workers": [{"Worker Number": 0, "Sort Method": "quicksort", "Sort Space Used": 37, "Sort Space Type": "Memory"}, {"Worker Number": 1, "Sort Method": "quicksort", "Sort Space Used": 36, "Sort Space Type": "Memory"}, {"Worker Number": 2, "Sort Method": "quicksort", "Sort Space Used": 39, "Sort Space Type": "Memory"}], "Plans": [{"Node Type": "Hash Join", "Parent Relationship": "Outer", "Parallel Aware": true, "Async Capable": false, "Join Type": "Inner", "Startup Cost": 45589.47, "Total Cost": 244511.42, "Plan Rows": 2, "Plan Width": 8, "Actual Rows": 396, "Actual Loops": 4, "Inner Unique": false, "Hash Cond": "(mi.movie_id = mk.movie_id)", "Workers": [], "Plans": [{"Node Type": "Seq Scan", "Parent Relationship": "Outer", "Parallel Aware": true, "Async Capable": false, "Relation Name": "movie_info", "Alias": "mi", "Startup Cost": 0.0, "Total Cost": 198738.49, "Plan Rows": 48920, "Plan Width": 4, "Actual Rows": 60961, "Actual Loops": 4, "Filter": "((info)::text = 'Drama'::text)", "Rows Removed by Filter": 3647969, "Workers": []}, {"Node Type": "Hash", "Parent Relationship": "Inner", "Parallel Aware": true, "Async Capable": false, "Startup Cost": 45589.33, "Total Cost": 45589.33, "Plan Rows": 11, "Plan Width": 4, "Actual Rows": 2636, "Actual Loops": 4, "Hash Buckets": 16384, "Original Hash Buckets": 1024, "Hash Batches": 1, "Original Hash Batches": 1, "Peak Memory Usage": 760, "Workers": [], "Plans": [{"Node Type": "Hash Join", "Parent Relationship": "Outer", "Parallel Aware": false, "Async Capable": false, "Join Type": "Inner", "Startup Cost": 2685.14, "Total Cost": 45589.33, "Plan Rows": 11, "Plan Width": 4, "Actual Rows": 2636, "Actual Loops": 4, "Inner Unique": true, "Hash Cond": "(mk.keyword_id = k.id)", "Workers": [], "Plans": [{"Node Type": "Seq Scan", "Parent Relationship": "Outer", "Parallel Aware": true, "Async Capable": false, "Relation Name": "movie_keyword", "Alias": "mk", "Startup Cost": 0.0, "Total Cost": 39073.32, "Plan Rows": 1459332, "Plan Width": 8, "Actual Rows": 1130982, "Actual Loops": 4, "Workers": []}, {"Node Type": "Hash", "Parent Relationship": "Inner", "Parallel Aware": false, "Async Capable": false, "Startup Cost": 2685.12, "Total Cost": 2685.12, "Plan Rows": 1, "Plan Width": 4, "Actual Rows": 1, "Actual Loops": 4, "Hash Buckets": 1024, "Original Hash Buckets": 1024, "Hash Batches": 1, "Original Hash Batches": 1, "Peak Memory Usage": 9, "Workers": [], "Plans": [{"Node Type": "Seq Scan", "Parent Relationship": "Outer", "Parallel Aware": false, "Async Capable": false, "Relation Name": "keyword", "Alias": "k", "Startup Cost": 0.0, "Total Cost": 2685.12, "Plan Rows": 1, "Plan Width": 4, "Actual Rows": 1, "Actual Loops": 4, "Filter": "((keyword)::text = 'sequel'::text)", "Rows Removed by Filter": 134169, "Workers": []}]}]}]}]}]}, {"Node Type": "Sort", "Parent Relationship": "Inner", "Parallel Aware": false, "Async Capable": false, "Startup Cost": 650.63, "Total Cost": 654.8, "Plan Rows": 1666, "Plan Width": 16, "Actual Rows": 2315, "Actual Loops": 4, "Sort Key": ["ml.movie_id"], "Sort Method": "quicksort", "Sort Space Used": 187, "Sort Space Type": "Memory", "Workers": [{"Worker Number": 0, "Sort Method": "quicksort", "Sort Space Used": 187, "Sort Space Type": "Memory"}, {"Worker Number": 1, "Sort Method": "quicksort", "Sort Space Used": 187, "Sort Space Type": "Memory"}, {"Worker Number": 2, "Sort Method": "quicksort", "Sort Space Used": 187, "Sort Space Type": "Memory"}], "Plans": [{"Node Type": "Hash Join", "Parent Relationship": "Outer", "Parallel Aware": false, "Async Capable": false, "Join Type": "Inner", "Startup Cost": 1.24, "Total Cost": 561.48, "Plan Rows": 1666, "Plan Width": 16, "Actual Rows": 2315, "Actual Loops": 4, "Inner Unique": true, "Hash Cond": "(ml.link_type_id = lt.id)", "Workers": [], "Plans": [{"Node Type": "Seq Scan", "Parent Relationship": "Outer", "Parallel Aware": false, "Async Capable": false, "Relation Name": "movie_link", "Alias": "ml", "Startup Cost": 0.0, "Total Cost": 462.97, "Plan Rows": 29997, "Plan Width": 8, "Actual Rows": 29997, "Actual Loops": 4, "Workers": []}, {"Node Type": "Hash", "Parent Relationship": "Inner", "Parallel Aware": false, "Async Capable": false, "Startup Cost": 1.23, "Total Cost": 1.23, "Plan Rows": 1, "Plan Width": 16, "Actual Rows": 2, "Actual Loops": 4, "Hash Buckets": 1024, "Original Hash Buckets": 1024, "Hash Batches": 1, "Original Hash Batches": 1, "Peak Memory Usage": 9, "Workers": [], "Plans": [{"Node Type": "Seq Scan", "Parent Relationship": "Outer", "Parallel Aware": false, "Async Capable": false, "Relation Name": "link_type", "Alias": "lt", "Startup Cost": 0.0, "Total Cost": 1.23, "Plan Rows": 1, "Plan Width": 16, "Actual Rows": 2, "Actual Loops": 4, "Filter": "((link)::text ~~ '%follow%'::text)", "Rows Removed by Filter": 16, "Workers": []}]}]}]}]}]}]}]}]}, "Planning Time": 13.027, "Triggers": [], "Execution Time": 1121.439}, {"Plan": {"Node Type": "Aggregate", "Strategy": "Plain", "Partial Mode": "Finalize", "Parallel Aware": false, "Async Capable": false, "Startup Cost": 278584.5, "Total Cost": 278584.51, "Plan Rows": 1, "Plan Width": 96, "Actual Rows": 1, "Actual Loops": 1, "Plans": [{"Node Type": "Gather", "Parent Relationship": "Outer", "Parallel Aware": false, "Async Capable": false, "Startup Cost": 278583.95, "Total Cost": 278584.46, "Plan Rows": 5, "Plan Width": 96, "Actual Rows": 6, "Actual Loops": 1, "Workers Planned": 5, "Workers Launched": 5, "Single Copy": false, "Plans": [{"Node Type": "Aggregate", "Strategy": "Plain", "Partial Mode": "Partial", "Parent Relationship": "Outer", "Parallel Aware": false, "Async Capable": false, "Startup Cost": 277583.95, "Total Cost": 277583.96, "Plan Rows": 1, "Plan Width": 96, "Actual Rows": 1, "Actual Loops": 6, "Workers": [], "Plans": [{"Node Type": "Hash Join", "Parent Relationship": "Outer", "Parallel Aware": true, "Async Capable": false, "Join Type": "Inner", "Startup Cost": 277565.37, "Total Cost": 277583.94, "Plan Rows": 1, "Plan Width": 48, "Actual Rows": 0, "Actual Loops": 6, "Inner Unique": false, "Hash Cond": "(ml.movie_id = t.id)", "Workers": [], "Plans": [{"Node Type": "Merge Join", "Parent Relationship": "Outer", "Parallel Aware": false, "Async Capable": false, "Join Type": "Inner", "Startup Cost": 203199.54, "Total Cost": 203217.65, "Plan Rows": 120, "Plan Width": 20, "Actual Rows": 68, "Actual Loops": 6, "Inner Unique": false, "Merge Cond": "(mi.movie_id = ml.movie_id)", "Workers": [], "Plans": [{"Node Type": "Sort", "Parent Relationship": "Outer", "Parallel Aware": false, "Async Capable": false, "Startup Cost": 202548.91, "Total Cost": 202671.21, "Plan Rows": 48920, "Plan Width": 4, "Actual Rows": 356, "Actual Loops": 6, "Sort Key": ["mi.movie_id"], "Sort Method": "quicksort", "Sort Space Used": 1537, "Sort Space Type": "Memory", "Workers": [{"Worker Number": 0, "Sort Method": "quicksort", "Sort Space Used": 1537, "Sort Space Type": "Memory"}, {"Worker Number": 1, "Sort Method": "quicksort", "Sort Space Used": 1537, "Sort Space Type": "Memory"}, {"Worker Number": 2, "Sort Method": "quicksort", "Sort Space Used": 1537, "Sort Space Type": "Memory"}, {"Worker Number": 3, "Sort Method": "quicksort", "Sort Space Used": 1537, "Sort Space Type": "Memory"}, {"Worker Number": 4, "Sort Method": "quicksort", "Sort Space Used": 1537, "Sort Space Type": "Memory"}], "Plans": [{"Node Type": "Seq Scan", "Parent Relationship": "Outer", "Parallel Aware": true, "Async Capable": false, "Relation Name": "movie_info", "Alias": "mi", "Startup Cost": 0.0, "Total Cost": 198738.49, "Plan Rows": 48920, "Plan Width": 4, "Actual Rows": 40640, "Actual Loops": 6, "Filter": "((info)::text = 'Drama'::text)", "Rows Removed by Filter": 2431980, "Workers": []}]}, {"Node Type": "Sort", "Parent Relationship": "Inner", "Parallel Aware": false, "Async Capable": false, "Startup Cost": 650.63, "Total Cost": 654.8, "Plan Rows": 1666, "Plan Width": 16, "Actual Rows": 2315, "Actual Loops": 6, "Sort Key": ["ml.movie_id"], "Sort Method": "quicksort", "Sort Space Used": 187, "Sort Space Type": "Memory", "Workers": [{"Worker Number": 0, "Sort Method": "quicksort", "Sort Space Used": 187, "Sort Space Type": "Memory"}, {"Worker Number": 1, "Sort Method": "quicksort", "Sort Space Used": 187, "Sort Space Type": "Memory"}, {"Worker Number": 2, "Sort Method": "quicksort", "Sort Space Used": 187, "Sort Space Type": "Memory"}, {"Worker Number": 3, "Sort Method": "quicksort", "Sort Space Used": 187, "Sort Space Type": "Memory"}, {"Worker Number": 4, "Sort Method": "quicksort", "Sort Space Used": 187, "Sort Space Type": "Memory"}], "Plans": [{"Node Type": "Hash Join", "Parent Relationship": "Outer", "Parallel Aware": false, "Async Capable": false, "Join Type": "Inner", "Startup Cost": 1.24, "Total Cost": 561.48, "Plan Rows": 1666, "Plan Width": 16, "Actual Rows": 2315, "Actual Loops": 6, "Inner Unique": true, "Hash Cond": "(ml.link_type_id = lt.id)", "Workers": [], "Plans": [{"Node Type": "Seq Scan", "Parent Relationship": "Outer", "Parallel Aware": false, "Async Capable": false, "Relation Name": "movie_link", "Alias": "ml", "Startup Cost": 0.0, "Total Cost": 462.97, "Plan Rows": 29997, "Plan Width": 8, "Actual Rows": 29997, "Actual Loops": 6, "Workers": []}, {"Node Type": "Hash", "Parent Relationship": "Inner", "Parallel Aware": false, "Async Capable": false, "Startup Cost": 1.23, "Total Cost": 1.23, "Plan Rows": 1, "Plan Width": 16, "Actual Rows": 2, "Actual Loops": 6, "Hash Buckets": 1024, "Original Hash Buckets": 1024, "Hash Batches": 1, "Original Hash Batches": 1, "Peak Memory Usage": 9, "Workers": [], "Plans": [{"Node Type": "Seq Scan", "Parent Relationship": "Outer", "Parallel Aware": false, "Async Capable": false, "Relation Name": "link_type", "Alias": "lt", "Startup Cost": 0.0, "Total Cost": 1.23, "Plan Rows": 1, "Plan Width": 16, "Actual Rows": 2, "Actual Loops": 6, "Filter": "((link)::text ~~ '%follow%'::text)", "Rows Removed by Filter": 16, "Workers": []}]}]}]}]}, {"Node Type": "Hash", "Parent Relationship": "Inner", "Parallel Aware": true, "Async Capable": false, "Startup Cost": 74365.82, "Total Cost": 74365.82, "Plan Rows": 1, "Plan Width": 48, "Actual Rows": 4, "Actual Loops": 6, "Hash Buckets": 1024, "Original Hash Buckets": 1024, "Hash Batches": 1, "Original Hash Batches": 1, "Peak Memory Usage": 200, "Workers": [], "Plans": [{"Node Type": "Nested Loop", "Parent Relationship": "Outer", "Parallel Aware": false, "Async Capable": false, "Join Type": "Inner", "Startup Cost": 45590.46, "Total Cost": 74365.82, "Plan Rows": 1, "Plan Width": 48, "Actual Rows": 4, "Actual Loops": 6, "Inner Unique": true, "Workers": [], "Plans": [{"Node Type": "Nested Loop", "Parent Relationship": "Outer", "Parallel Aware": false, "Async Capable": false, "Join Type": "Inner", "Startup Cost": 45590.03, "Total Cost": 74365.33, "Plan Rows": 1, "Plan Width": 27, "Actual Rows": 8, "Actual Loops": 6, "Inner Unique": true, "Workers": [], "Plans": [{"Node Type": "Nested Loop", "Parent Relationship": "Outer", "Parallel Aware": false, "Async Capable": false, "Join Type": "Inner", "Startup Cost": 45589.61, "Total Cost": 74362.6, "Plan Rows": 6, "Plan Width": 12, "Actual Rows": 403, "Actual Loops": 6, "Inner Unique": true, "Workers": [], "Plans": [{"Node Type": "Hash Join", "Parent Relationship": "Outer", "Parallel Aware": true, "Async Capable": false, "Join Type": "Inner", "Startup Cost": 45589.47, "Total Cost": 74361.57, "Plan Rows": 24, "Plan Width": 16, "Actual Rows": 2388, "Actual Loops": 6, "Inner Unique": false, "Hash Cond": "(mc.movie_id = mk.movie_id)", "Workers": [], "Plans": [{"Node Type": "Seq Scan", "Parent Relationship": "Outer", "Parallel Aware": true, "Async Capable": false, "Relation Name": "movie_companies", "Alias": "mc", "Startup Cost": 0.0, "Total Cost": 27240.55, "Plan Rows": 408393, "Plan Width": 12, "Actual Rows": 211998, "Actual Loops": 6, "Filter": "(note IS NULL)", "Rows Removed by Filter": 222857, "Workers": []}, {"Node Type": "Hash", "Parent Relationship": "Inner", "Parallel Aware": true, "Async Capable": false, "Startup Cost": 45589.33, "Total Cost": 45589.33, "Plan Rows": 11, "Plan Width": 4, "Actual Rows": 1757, "Actual Loops": 6, "Hash Buckets": 16384, "Original Hash Buckets": 1024, "Hash Batches": 1, "Original Hash Batches": 1, "Peak Memory Usage": 792, "Workers": [], "Plans": [{"Node Type": "Hash Join", "Parent Relationship": "Outer", "Parallel Aware": false, "Async Capable": false, "Join Type": "Inner", "Startup Cost": 2685.14, "Total Cost": 45589.33, "Plan Rows": 11, "Plan Width": 4, "Actual Rows": 1757, "Actual Loops": 6, "Inner Unique": true, "Hash Cond": "(mk.keyword_id = k.id)", "Workers": [], "Plans": [{"Node Type": "Seq Scan", "Parent Relationship": "Outer", "Parallel Aware": true, "Async Capable": false, "Relation Name": "movie_keyword", "Alias": "mk", "Startup Cost": 0.0, "Total Cost": 39073.32, "Plan Rows": 1459332, "Plan Width": 8, "Actual Rows": 753988, "Actual Loops": 6, "Workers": []}, {"Node Type": "Hash", "Parent Relationship": "Inner", "Parallel Aware": false, "Async Capable": false, "Startup Cost": 2685.12, "Total Cost": 2685.12, "Plan Rows": 1, "Plan Width": 4, "Actual Rows": 1, "Actual Loops": 6, "Hash Buckets": 1024, "Original Hash Buckets": 1024, "Hash Batches": 1, "Original Hash Batches": 1, "Peak Memory Usage": 9, "Workers": [], "Plans": [{"Node Type": "Seq Scan", "Parent Relationship": "Outer", "Parallel Aware": false, "Async Capable": false, "Relation Name": "keyword", "Alias": "k", "Startup Cost": 0.0, "Total Cost": 2685.12, "Plan Rows": 1, "Plan Width": 4, "Actual Rows": 1, "Actual Loops": 6, "Filter": "((keyword)::text = 'sequel'::text)", "Rows Removed by Filter": 134169, "Workers": []}]}]}]}]}, {"Node Type": "Memoize", "Parent Relationship": "Inner", "Parallel Aware": false, "Async Capable": false, "Startup Cost": 0.14, "Total Cost": 0.16, "Plan Rows": 1, "Plan Width": 4, "Actual Rows": 0, "Actual Loops": 14331, "Cache Key": "mc.company_type_id", "Cache Mode": "logical", "Cache Hits": 2291, "Cache Misses": 2, "Cache Evictions": 0, "Cache Overflows": 0, "Peak Memory Usage": 1, "Workers": [{"Worker Number": 0, "Cache Hits": 2369, "Cache Misses": 2, "Cache Evictions": 0, "Cache Overflows": 0, "Peak Memory Usage": 1}, {"Worker Number": 1, "Cache Hits": 2305, "Cache Misses": 2, "Cache Evictions": 0, "Cache Overflows": 0, "Peak Memory Usage": 1}, {"Worker Number": 2, "Cache Hits": 2538, "Cache Misses": 2, "Cache Evictions": 0, "Cache Overflows": 0, "Peak Memory Usage": 1}, {"Worker Number": 3, "Cache Hits": 2320, "Cache Misses": 2, "Cache Evictions": 0, "Cache Overflows": 0, "Peak Memory Usage": 1}, {"Worker Number": 4, "Cache Hits": 2496, "Cache Misses": 2, "Cache Evictions": 0, "Cache Overflows": 0, "Peak Memory Usage": 1}], "Plans": [{"Node Type": "Index Scan", "Parent Relationship": "Outer", "Parallel Aware": false, "Async Capable": false, "Scan Direction": "Forward", "Index Name": "company_type_pkey", "Relation Name": "company_type", "Alias": "ct", "Startup Cost": 0.13, "Total Cost": 0.15, "Plan Rows": 1, "Plan Width": 4, "Actual Rows": 0, "Actual Loops": 12, "Index Cond": "(id = mc.company_type_id)", "Rows Removed by Index Recheck": 0, "Filter": "((kind)::text = 'distributors'::text)", "Rows Removed by Filter": 0, "Workers": []}]}]}, {"Node Type": "Index Scan", "Parent Relationship": "Inner", "Parallel Aware": false, "Async Capable": false, "Scan Direction": "Forward", "Index Name": "company_name_pkey", "Relation Name": "company_name", "Alias": "cn", "Startup Cost": 0.42, "Total Cost": 0.45, "Plan Rows": 1, "Plan Width": 23, "Actual Rows": 0, "Actual Loops": 2416, "Index Cond": "(id = mc.company_id)", "Rows Removed by Index Recheck": 0, "Filter": "(((country_code)::text <> '[ru]'::text) AND ((name)::text ~~ '%Warner%'::text))", "Rows Removed by Filter": 1, "Workers": []}]}, {"Node Type": "Index Scan", "Parent Relationship": "Inner", "Parallel Aware": false, "Async Capable": false, "Scan Direction": "Forward", "Index Name": "title_pkey", "Relation Name": "title", "Alias": "t", "Startup Cost": 0.43, "Total Cost": 0.49, "Plan Rows": 1, "Plan Width": 21, "Actual Rows": 1, "Actual Loops": 49, "Index Cond": "(id = mk.movie_id)", "Rows Removed by Index Recheck": 0, "Filter": "(production_year >= 1980)", "Rows Removed by Filter": 0, "Workers": []}]}]}]}]}]}]}, "Planning Time": 13.974, "Triggers": [], "Execution Time": 723.889}, {"Plan": {"Node Type": "Aggregate", "Strategy": "Plain", "Partial Mode": "Simple", "Parallel Aware": false, "Async Capable": false, "Startup Cost": 274946.88, "Total Cost": 274946.89, "Plan Rows": 1, "Plan Width": 96, "Actual Rows": 1, "Actual Loops": 1, "Plans": [{"Node Type": "Gather", "Parent Relationship": "Outer", "Parallel Aware": false, "Async Capable": false, "Startup Cost": 76024.82, "Total Cost": 274946.88, "Plan Rows": 1, "Plan Width": 48, "Actual Rows": 1, "Actual Loops": 1, "Workers Planned": 5, "Workers Launched": 5, "Single Copy": false, "Plans": [{"Node Type": "Hash Join", "Parent Relationship": "Outer", "Parallel Aware": true, "Async Capable": false, "Join Type": "Inner", "Startup Cost": 75024.82, "Total Cost": 273946.78, "Plan Rows": 1, "Plan Width": 48, "Actual Rows": 0, "Actual Loops": 6, "Inner Unique": false, "Hash Cond": "(mi.movie_id = ml.movie_id)", "Workers": [], "Plans": [{"Node Type": "Seq Scan", "Parent Relationship": "Outer", "Parallel Aware": true, "Async Capable": false, "Relation Name": "movie_info", "Alias": "mi", "Startup Cost": 0.0, "Total Cost": 198738.49, "Plan Rows": 48920, "Plan Width": 4, "Actual Rows": 40640, "Actual Loops": 6, "Filter": "((info)::text = 'Drama'::text)", "Rows Removed by Filter": 2431980, "Workers": []}, {"Node Type": "Hash", "Parent Relationship": "Inner", "Parallel Aware": true, "Async Capable": false, "Startup Cost": 75024.81, "Total Cost": 75024.81, "Plan Rows": 1, "Plan Width": 64, "Actual Rows": 0, "Actual Loops": 6, "Hash Buckets": 1024, "Original Hash Buckets": 1024, "Hash Batches": 1, "Original Hash Batches": 1, "Peak Memory Usage": 40, "Workers": [], "Plans": [{"Node Type": "Merge Join", "Parent Relationship": "Outer", "Parallel Aware": false, "Async Capable": false, "Join Type": "Inner", "Startup Cost": 75016.46, "Total Cost": 75024.81, "Plan Rows": 1, "Plan Width": 64, "Actual Rows": 0, "Actual Loops": 6, "Inner Unique": false, "Merge Cond": "(t.id = ml.movie_id)", "Workers": [], "Plans": [{"Node Type": "Sort", "Parent Relationship": "Outer", "Parallel Aware": false, "Async Capable": false, "Startup Cost": 74365.83, "Total Cost": 74365.83, "Plan Rows": 1, "Plan Width": 48, "Actual Rows": 1, "Actual Loops": 6, "Sort Key": ["mc.movie_id"], "Sort Method": "quicksort", "Sort Space Used": 25, "Sort Space Type": "Memory", "Workers": [{"Worker Number": 0, "Sort Method": "quicksort", "Sort Space Used": 25, "Sort Space Type": "Memory"}, {"Worker Number": 1, "Sort Method": "quicksort", "Sort Space Used": 25, "Sort Space Type": "Memory"}, {"Worker Number": 2, "Sort Method": "quicksort", "Sort Space Used": 25, "Sort Space Type": "Memory"}, {"Worker Number": 3, "Sort Method": "quicksort", "Sort Space Used": 25, "Sort Space Type": "Memory"}, {"Worker Number": 4, "Sort Method": "quicksort", "Sort Space Used": 25, "Sort Space Type": "Memory"}], "Plans": [{"Node Type": "Nested Loop", "Parent Relationship": "Outer", "Parallel Aware": false, "Async Capable": false, "Join Type": "Inner", "Startup Cost": 45590.46, "Total Cost": 74365.82, "Plan Rows": 1, "Plan Width": 48, "Actual Rows": 4, "Actual Loops": 6, "Inner Unique": true, "Workers": [], "Plans": [{"Node Type": "Nested Loop", "Parent Relationship": "Outer", "Parallel Aware": false, "Async Capable": false, "Join Type": "Inner", "Startup Cost": 45590.03, "Total Cost": 74365.33, "Plan Rows": 1, "Plan Width": 27, "Actual Rows": 8, "Actual Loops": 6, "Inner Unique": true, "Workers": [], "Plans": [{"Node Type": "Nested Loop", "Parent Relationship": "Outer", "Parallel Aware": false, "Async Capable": false, "Join Type": "Inner", "Startup Cost": 45589.61, "Total Cost": 74362.6, "Plan Rows": 6, "Plan Width": 12, "Actual Rows": 403, "Actual Loops": 6, "Inner Unique": true, "Workers": [], "Plans": [{"Node Type": "Hash Join", "Parent Relationship": "Outer", "Parallel Aware": true, "Async Capable": false, "Join Type": "Inner", "Startup Cost": 45589.47, "Total Cost": 74361.57, "Plan Rows": 24, "Plan Width": 16, "Actual Rows": 2388, "Actual Loops": 6, "Inner Unique": false, "Hash Cond": "(mc.movie_id = mk.movie_id)", "Workers": [], "Plans": [{"Node Type": "Seq Scan", "Parent Relationship": "Outer", "Parallel Aware": true, "Async Capable": false, "Relation Name": "movie_companies", "Alias": "mc", "Startup Cost": 0.0, "Total Cost": 27240.55, "Plan Rows": 408393, "Plan Width": 12, "Actual Rows": 211998, "Actual Loops": 6, "Filter": "(note IS NULL)", "Rows Removed by Filter": 222857, "Workers": []}, {"Node Type": "Hash", "Parent Relationship": "Inner", "Parallel Aware": true, "Async Capable": false, "Startup Cost": 45589.33, "Total Cost": 45589.33, "Plan Rows": 11, "Plan Width": 4, "Actual Rows": 1757, "Actual Loops": 6, "Hash Buckets": 16384, "Original Hash Buckets": 1024, "Hash Batches": 1, "Original Hash Batches": 1, "Peak Memory Usage": 792, "Workers": [], "Plans": [{"Node Type": "Hash Join", "Parent Relationship": "Outer", "Parallel Aware": false, "Async Capable": false, "Join Type": "Inner", "Startup Cost": 2685.14, "Total Cost": 45589.33, "Plan Rows": 11, "Plan Width": 4, "Actual Rows": 1757, "Actual Loops": 6, "Inner Unique": true, "Hash Cond": "(mk.keyword_id = k.id)", "Workers": [], "Plans": [{"Node Type": "Seq Scan", "Parent Relationship": "Outer", "Parallel Aware": true, "Async Capable": false, "Relation Name": "movie_keyword", "Alias": "mk", "Startup Cost": 0.0, "Total Cost": 39073.32, "Plan Rows": 1459332, "Plan Width": 8, "Actual Rows": 753988, "Actual Loops": 6, "Workers": []}, {"Node Type": "Hash", "Parent Relationship": "Inner", "Parallel Aware": false, "Async Capable": false, "Startup Cost": 2685.12, "Total Cost": 2685.12, "Plan Rows": 1, "Plan Width": 4, "Actual Rows": 1, "Actual Loops": 6, "Hash Buckets": 1024, "Original Hash Buckets": 1024, "Hash Batches": 1, "Original Hash Batches": 1, "Peak Memory Usage": 9, "Workers": [], "Plans": [{"Node Type": "Seq Scan", "Parent Relationship": "Outer", "Parallel Aware": false, "Async Capable": false, "Relation Name": "keyword", "Alias": "k", "Startup Cost": 0.0, "Total Cost": 2685.12, "Plan Rows": 1, "Plan Width": 4, "Actual Rows": 1, "Actual Loops": 6, "Filter": "((keyword)::text = 'sequel'::text)", "Rows Removed by Filter": 134169, "Workers": []}]}]}]}]}, {"Node Type": "Memoize", "Parent Relationship": "Inner", "Parallel Aware": false, "Async Capable": false, "Startup Cost": 0.14, "Total Cost": 0.16, "Plan Rows": 1, "Plan Width": 4, "Actual Rows": 0, "Actual Loops": 14331, "Cache Key": "mc.company_type_id", "Cache Mode": "logical", "Cache Hits": 2522, "Cache Misses": 2, "Cache Evictions": 0, "Cache Overflows": 0, "Peak Memory Usage": 1, "Workers": [{"Worker Number": 0, "Cache Hits": 2119, "Cache Misses": 2, "Cache Evictions": 0, "Cache Overflows": 0, "Peak Memory Usage": 1}, {"Worker Number": 1, "Cache Hits": 2538, "Cache Misses": 2, "Cache Evictions": 0, "Cache Overflows": 0, "Peak Memory Usage": 1}, {"Worker Number": 2, "Cache Hits": 2317, "Cache Misses": 2, "Cache Evictions": 0, "Cache Overflows": 0, "Peak Memory Usage": 1}, {"Worker Number": 3, "Cache Hits": 2421, "Cache Misses": 2, "Cache Evictions": 0, "Cache Overflows": 0, "Peak Memory Usage": 1}, {"Worker Number": 4, "Cache Hits": 2402, "Cache Misses": 2, "Cache Evictions": 0, "Cache Overflows": 0, "Peak Memory Usage": 1}], "Plans": [{"Node Type": "Index Scan", "Parent Relationship": "Outer", "Parallel Aware": false, "Async Capable": false, "Scan Direction": "Forward", "Index Name": "company_type_pkey", "Relation Name": "company_type", "Alias": "ct", "Startup Cost": 0.13, "Total Cost": 0.15, "Plan Rows": 1, "Plan Width": 4, "Actual Rows": 0, "Actual Loops": 12, "Index Cond": "(id = mc.company_type_id)", "Rows Removed by Index Recheck": 0, "Filter": "((kind)::text = 'distributors'::text)", "Rows Removed by Filter": 0, "Workers": []}]}]}, {"Node Type": "Index Scan", "Parent Relationship": "Inner", "Parallel Aware": false, "Async Capable": false, "Scan Direction": "Forward", "Index Name": "company_name_pkey", "Relation Name": "company_name", "Alias": "cn", "Startup Cost": 0.42, "Total Cost": 0.45, "Plan Rows": 1, "Plan Width": 23, "Actual Rows": 0, "Actual Loops": 2416, "Index Cond": "(id = mc.company_id)", "Rows Removed by Index Recheck": 0, "Filter": "(((country_code)::text <> '[ru]'::text) AND ((name)::text ~~ '%Warner%'::text))", "Rows Removed by Filter": 1, "Workers": []}]}, {"Node Type": "Index Scan", "Parent Relationship": "Inner", "Parallel Aware": false, "Async Capable": false, "Scan Direction": "Forward", "Index Name": "title_pkey", "Relation Name": "title", "Alias": "t", "Startup Cost": 0.43, "Total Cost": 0.49, "Plan Rows": 1, "Plan Width": 21, "Actual Rows": 1, "Actual Loops": 49, "Index Cond": "(id = mk.movie_id)", "Rows Removed by Index Recheck": 0, "Filter": "(production_year >= 1980)", "Rows Removed by Filter": 0, "Workers": []}]}]}, {"Node Type": "Sort", "Parent Relationship": "Inner", "Parallel Aware": false, "Async Capable": false, "Startup Cost": 650.63, "Total Cost": 654.8, "Plan Rows": 1666, "Plan Width": 16, "Actual Rows": 2315, "Actual Loops": 6, "Sort Key": ["ml.movie_id"], "Sort Method": "quicksort", "Sort Space Used": 187, "Sort Space Type": "Memory", "Workers": [{"Worker Number": 0, "Sort Method": "quicksort", "Sort Space Used": 187, "Sort Space Type": "Memory"}, {"Worker Number": 1, "Sort Method": "quicksort", "Sort Space Used": 187, "Sort Space Type": "Memory"}, {"Worker Number": 2, "Sort Method": "quicksort", "Sort Space Used": 187, "Sort Space Type": "Memory"}, {"Worker Number": 3, "Sort Method": "quicksort", "Sort Space Used": 187, "Sort Space Type": "Memory"}, {"Worker Number": 4, "Sort Method": "quicksort", "Sort Space Used": 187, "Sort Space Type": "Memory"}], "Plans": [{"Node Type": "Hash Join", "Parent Relationship": "Outer", "Parallel Aware": false, "Async Capable": false, "Join Type": "Inner", "Startup Cost": 1.24, "Total Cost": 561.48, "Plan Rows": 1666, "Plan Width": 16, "Actual Rows": 2315, "Actual Loops": 6, "Inner Unique": true, "Hash Cond": "(ml.link_type_id = lt.id)", "Workers": [], "Plans": [{"Node Type": "Seq Scan", "Parent Relationship": "Outer", "Parallel Aware": false, "Async Capable": false, "Relation Name": "movie_link", "Alias": "ml", "Startup Cost": 0.0, "Total Cost": 462.97, "Plan Rows": 29997, "Plan Width": 8, "Actual Rows": 29997, "Actual Loops": 6, "Workers": []}, {"Node Type": "Hash", "Parent Relationship": "Inner", "Parallel Aware": false, "Async Capable": false, "Startup Cost": 1.23, "Total Cost": 1.23, "Plan Rows": 1, "Plan Width": 16, "Actual Rows": 2, "Actual Loops": 6, "Hash Buckets": 1024, "Original Hash Buckets": 1024, "Hash Batches": 1, "Original Hash Batches": 1, "Peak Memory Usage": 9, "Workers": [], "Plans": [{"Node Type": "Seq Scan", "Parent Relationship": "Outer", "Parallel Aware": false, "Async Capable": false, "Relation Name": "link_type", "Alias": "lt", "Startup Cost": 0.0, "Total Cost": 1.23, "Plan Rows": 1, "Plan Width": 16, "Actual Rows": 2, "Actual Loops": 6, "Filter": "((link)::text ~~ '%follow%'::text)", "Rows Removed by Filter": 16, "Workers": []}]}]}]}]}]}]}]}]}, "Planning Time": 10.612, "Triggers": [], "Execution Time": 646.446}, {"Plan": {"Node Type": "Aggregate", "Strategy": "Plain", "Partial Mode": "Simple", "Parallel Aware": false, "Async Capable": false, "Startup Cost": 274867.94, "Total Cost": 274867.95, "Plan Rows": 1, "Plan Width": 96, "Actual Rows": 1, "Actual Loops": 1, "Plans": [{"Node Type": "Nested Loop", "Parent Relationship": "Outer", "Parallel Aware": false, "Async Capable": false, "Join Type": "Inner", "Startup Cost": 245513.67, "Total Cost": 274867.93, "Plan Rows": 1, "Plan Width": 48, "Actual Rows": 1, "Actual Loops": 1, "Inner Unique": true, "Join Filter": "(t.id = ml.movie_id)", "Rows Removed by Join Filter": 0, "Plans": [{"Node Type": "Nested Loop", "Parent Relationship": "Outer", "Parallel Aware": false, "Async Capable": false, "Join Type": "Inner", "Startup Cost": 245513.24, "Total Cost": 274867.43, "Plan Rows": 1, "Plan Width": 47, "Actual Rows": 1, "Actual Loops": 1, "Inner Unique": false, "Join Filter": "(mk.movie_id = ml.movie_id)", "Rows Removed by Join Filter": 37039, "Plans": [{"Node Type": "Gather", "Parent Relationship": "Outer", "Parallel Aware": false, "Async Capable": false, "Startup Cost": 245512.01, "Total Cost": 274285.12, "Plan Rows": 1, "Plan Width": 31, "Actual Rows": 16, "Actual Loops": 1, "Workers Planned": 3, "Workers Launched": 3, "Single Copy": false, "Plans": [{"Node Type": "Nested Loop", "Parent Relationship": "Outer", "Parallel Aware": false, "Async Capable": false, "Join Type": "Inner", "Startup Cost": 244512.01, "Total Cost": 273285.02, "Plan Rows": 1, "Plan Width": 31, "Actual Rows": 4, "Actual Loops": 4, "Inner Unique": true, "Workers": [], "Plans": [{"Node Type": "Nested Loop", "Parent Relationship": "Outer", "Parallel Aware": false, "Async Capable": false, "Join Type": "Inner", "Startup Cost": 244511.59, "Total Cost": 273284.11, "Plan Rows": 2, "Plan Width": 16, "Actual Rows": 99, "Actual Loops": 4, "Inner Unique": true, "Workers": [], "Plans": [{"Node Type": "Hash Join", "Parent Relationship": "Outer", "Parallel Aware": true, "Async Capable": false, "Join Type": "Inner", "Startup Cost": 244511.45, "Total Cost": 273283.48, "Plan Rows": 9, "Plan Width": 20, "Actual Rows": 712, "Actual Loops": 4, "Inner Unique": false, "Hash Cond": "(mc.movie_id = mk.movie_id)", "Workers": [], "Plans": [{"Node Type": "Seq Scan", "Parent Relationship": "Outer", "Parallel Aware": true, "Async Capable": false, "Relation Name": "movie_companies", "Alias": "mc", "Startup Cost": 0.0, "Total Cost": 27240.55, "Plan Rows": 408393, "Plan Width": 12, "Actual Rows": 317997, "Actual Loops": 4, "Filter": "(note IS NULL)", "Rows Removed by Filter": 334285, "Workers": []}, {"Node Type": "Hash", "Parent Relationship": "Inner", "Parallel Aware": true, "Async Capable": false, "Startup Cost": 244511.42, "Total Cost": 244511.42, "Plan Rows": 2, "Plan Width": 8, "Actual Rows": 396, "Actual Loops": 4, "Hash Buckets": 1024, "Original Hash Buckets": 1024, "Hash Batches": 1, "Original Hash Batches": 1, "Peak Memory Usage": 136, "Workers": [], "Plans": [{"Node Type": "Hash Join", "Parent Relationship": "Outer", "Parallel Aware": true, "Async Capable": false, "Join Type": "Inner", "Startup Cost": 45589.47, "Total Cost": 244511.42, "Plan Rows": 2, "Plan Width": 8, "Actual Rows": 396, "Actual Loops": 4, "Inner Unique": false, "Hash Cond": "(mi.movie_id = mk.movie_id)", "Workers": [], "Plans": [{"Node Type": "Seq Scan", "Parent Relationship": "Outer", "Parallel Aware": true, "Async Capable": false, "Relation Name": "movie_info", "Alias": "mi", "Startup Cost": 0.0, "Total Cost": 198738.49, "Plan Rows": 48920, "Plan Width": 4, "Actual Rows": 60961, "Actual Loops": 4, "Filter": "((info)::text = 'Drama'::text)", "Rows Removed by Filter": 3647969, "Workers": []}, {"Node Type": "Hash", "Parent Relationship": "Inner", "Parallel Aware": true, "Async Capable": false, "Startup Cost": 45589.33, "Total Cost": 45589.33, "Plan Rows": 11, "Plan Width": 4, "Actual Rows": 2636, "Actual Loops": 4, "Hash Buckets": 8192, "Original Hash Buckets": 1024, "Hash Batches": 1, "Original Hash Batches": 1, "Peak Memory Usage": 568, "Workers": [], "Plans": [{"Node Type": "Hash Join", "Parent Relationship": "Outer", "Parallel Aware": false, "Async Capable": false, "Join Type": "Inner", "Startup Cost": 2685.14, "Total Cost": 45589.33, "Plan Rows": 11, "Plan Width": 4, "Actual Rows": 2636, "Actual Loops": 4, "Inner Unique": true, "Hash Cond": "(mk.keyword_id = k.id)", "Workers": [], "Plans": [{"Node Type": "Seq Scan", "Parent Relationship": "Outer", "Parallel Aware": true, "Async Capable": false, "Relation Name": "movie_keyword", "Alias": "mk", "Startup Cost": 0.0, "Total Cost": 39073.32, "Plan Rows": 1459332, "Plan Width": 8, "Actual Rows": 1130982, "Actual Loops": 4, "Workers": []}, {"Node Type": "Hash", "Parent Relationship": "Inner", "Parallel Aware": false, "Async Capable": false, "Startup Cost": 2685.12, "Total Cost": 2685.12, "Plan Rows": 1, "Plan Width": 4, "Actual Rows": 1, "Actual Loops": 4, "Hash Buckets": 1024, "Original Hash Buckets": 1024, "Hash Batches": 1, "Original Hash Batches": 1, "Peak Memory Usage": 9, "Workers": [], "Plans": [{"Node Type": "Seq Scan", "Parent Relationship": "Outer", "Parallel Aware": false, "Async Capable": false, "Relation Name": "keyword", "Alias": "k", "Startup Cost": 0.0, "Total Cost": 2685.12, "Plan Rows": 1, "Plan Width": 4, "Actual Rows": 1, "Actual Loops": 4, "Filter": "((keyword)::text = 'sequel'::text)", "Rows Removed by Filter": 134169, "Workers": []}]}]}]}]}]}]}, {"Node Type": "Memoize", "Parent Relationship": "Inner", "Parallel Aware": false, "Async Capable": false, "Startup Cost": 0.14, "Total Cost": 0.16, "Plan Rows": 1, "Plan Width": 4, "Actual Rows": 0, "Actual Loops": 2847, "Cache Key": "mc.company_type_id", "Cache Mode": "logical", "Cache Hits": 664, "Cache Misses": 2, "Cache Evictions": 0, "Cache Overflows": 0, "Peak Memory Usage": 1, "Workers": [{"Worker Number": 0, "Cache Hits": 747, "Cache Misses": 2, "Cache Evictions": 0, "Cache Overflows": 0, "Peak Memory Usage": 1}, {"Worker Number": 1, "Cache Hits": 697, "Cache Misses": 2, "Cache Evictions": 0, "Cache Overflows": 0, "Peak Memory Usage": 1}, {"Worker Number": 2, "Cache Hits": 731, "Cache Misses": 2, "Cache Evictions": 0, "Cache Overflows": 0, "Peak Memory Usage": 1}], "Plans": [{"Node Type": "Index Scan", "Parent Relationship": "Outer", "Parallel Aware": false, "Async Capable": false, "Scan Direction": "Forward", "Index Name": "company_type_pkey", "Relation Name": "company_type", "Alias": "ct", "Startup Cost": 0.13, "Total Cost": 0.15, "Plan Rows": 1, "Plan Width": 4, "Actual Rows": 0, "Actual Loops": 8, "Index Cond": "(id = mc.company_type_id)", "Rows Removed by Index Recheck": 0, "Filter": "((kind)::text = 'distributors'::text)", "Rows Removed by Filter": 0, "Workers": []}]}]}, {"Node Type": "Index Scan", "Parent Relationship": "Inner", "Parallel Aware": false, "Async Capable": false, "Scan Direction": "Forward", "Index Name": "company_name_pkey", "Relation Name": "company_name", "Alias": "cn", "Startup Cost": 0.42, "Total Cost": 0.45, "Plan Rows": 1, "Plan Width": 23, "Actual Rows": 0, "Actual Loops": 395, "Index Cond": "(id = mc.company_id)", "Rows Removed by Index Recheck": 0, "Filter": "(((country_code)::text <> '[ru]'::text) AND ((name)::text ~~ '%Warner%'::text))", "Rows Removed by Filter": 1, "Workers": []}]}]}, {"Node Type": "Hash Join", "Parent Relationship": "Inner", "Parallel Aware": false, "Async Capable": false, "Join Type": "Inner", "Startup Cost": 1.24, "Total Cost": 561.48, "Plan Rows": 1666, "Plan Width": 16, "Actual Rows": 2315, "Actual Loops": 16, "Inner Unique": true, "Hash Cond": "(ml.link_type_id = lt.id)", "Plans": [{"Node Type": "Seq Scan", "Parent Relationship": "Outer", "Parallel Aware": false, "Async Capable": false, "Relation Name": "movie_link", "Alias": "ml", "Startup Cost": 0.0, "Total Cost": 462.97, "Plan Rows": 29997, "Plan Width": 8, "Actual Rows": 29997, "Actual Loops": 16}, {"Node Type": "Hash", "Parent Relationship": "Inner", "Parallel Aware": false, "Async Capable": false, "Startup Cost": 1.23, "Total Cost": 1.23, "Plan Rows": 1, "Plan Width": 16, "Actual Rows": 2, "Actual Loops": 1, "Hash Buckets": 1024, "Original Hash Buckets": 1024, "Hash Batches": 1, "Original Hash Batches": 1, "Peak Memory Usage": 9, "Plans": [{"Node Type": "Seq Scan", "Parent Relationship": "Outer", "Parallel Aware": false, "Async Capable": false, "Relation Name": "link_type", "Alias": "lt", "Startup Cost": 0.0, "Total Cost": 1.23, "Plan Rows": 1, "Plan Width": 16, "Actual Rows": 2, "Actual Loops": 1, "Filter": "((link)::text ~~ '%follow%'::text)", "Rows Removed by Filter": 16}]}]}]}, {"Node Type": "Index Scan", "Parent Relationship": "Inner", "Parallel Aware": false, "Async Capable": false, "Scan Direction": "Forward", "Index Name": "title_pkey", "Relation Name": "title", "Alias": "t", "Startup Cost": 0.43, "Total Cost": 0.49, "Plan Rows": 1, "Plan Width": 21, "Actual Rows": 1, "Actual Loops": 1, "Index Cond": "(id = mk.movie_id)", "Rows Removed by Index Recheck": 0, "Filter": "(production_year >= 1980)", "Rows Removed by Filter": 0}]}]}, "Planning Time": 11.149, "Triggers": [], "Execution Time": 997.556}, {"Plan": {"Node Type": "Aggregate", "Strategy": "Plain", "Partial Mode": "Finalize", "Parallel Aware": false, "Async Capable": false, "Startup Cost": 279981.71, "Total Cost": 279981.72, "Plan Rows": 1, "Plan Width": 96, "Actual Rows": 1, "Actual Loops": 1, "Plans": [{"Node Type": "Gather", "Parent Relationship": "Outer", "Parallel Aware": false, "Async Capable": false, "Startup Cost": 279981.59, "Total Cost": 279981.7, "Plan Rows": 1, "Plan Width": 96, "Actual Rows": 2, "Actual Loops": 1, "Workers Planned": 1, "Workers Launched": 1, "Single Copy": false, "Plans": [{"Node Type": "Aggregate", "Strategy": "Plain", "Partial Mode": "Partial", "Parent Relationship": "Outer", "Parallel Aware": false, "Async Capable": false, "Startup Cost": 278981.59, "Total Cost": 278981.6, "Plan Rows": 1, "Plan Width": 96, "Actual Rows": 1, "Actual Loops": 2, "Workers": [], "Plans": [{"Node Type": "Hash Join", "Parent Relationship": "Outer", "Parallel Aware": true, "Async Capable": false, "Join Type": "Inner", "Startup Cost": 273867.84, "Total Cost": 278981.59, "Plan Rows": 1, "Plan Width": 48, "Actual Rows": 0, "Actual Loops": 2, "Inner Unique": false, "Hash Cond": "(cn.id = mc.company_id)", "Workers": [], "Plans": [{"Node Type": "Seq Scan", "Parent Relationship": "Outer", "Parallel Aware": true, "Async Capable": false, "Relation Name": "company_name", "Alias": "cn", "Startup Cost": 0.0, "Total Cost": 5113.5, "Plan Rows": 62, "Plan Width": 23, "Actual Rows": 135, "Actual Loops": 2, "Filter": "(((country_code)::text <> '[ru]'::text) AND ((name)::text ~~ '%Warner%'::text))", "Rows Removed by Filter": 117364, "Workers": []}, {"Node Type": "Hash", "Parent Relationship": "Inner", "Parallel Aware": true, "Async Capable": false, "Startup Cost": 273867.83, "Total Cost": 273867.83, "Plan Rows": 1, "Plan Width": 33, "Actual Rows": 10, "Actual Loops": 2, "Hash Buckets": 1024, "Original Hash Buckets": 1024, "Hash Batches": 1, "Original Hash Batches": 1, "Peak Memory Usage": 72, "Workers": [], "Plans": [{"Node Type": "Nested Loop", "Parent Relationship": "Outer", "Parallel Aware": false, "Async Capable": false, "Join Type": "Inner", "Startup Cost": 245094.86, "Total Cost": 273867.83, "Plan Rows": 1, "Plan Width": 33, "Actual Rows": 10, "Actual Loops": 2, "Inner Unique": true, "Workers": [], "Plans": [{"Node Type": "Hash Join", "Parent Relationship": "Outer", "Parallel Aware": false, "Async Capable": false, "Join Type": "Inner", "Startup Cost": 245094.73, "Total Cost": 273867.66, "Plan Rows": 1, "Plan Width": 37, "Actual Rows": 76, "Actual Loops": 2, "Inner Unique": false, "Hash Cond": "(t.id = ml.movie_id)", "Workers": [], "Plans": [{"Node Type": "Hash Join", "Parent Relationship": "Outer", "Parallel Aware": true, "Async Capable": false, "Join Type": "Inner", "Startup Cost": 244512.43, "Total Cost": 273284.45, "Plan Rows": 7, "Plan Width": 41, "Actual Rows": 1076, "Actual Loops": 2, "Inner Unique": false, "Hash Cond": "(mc.movie_id = t.id)", "Workers": [], "Plans": [{"Node Type": "Seq Scan", "Parent Relationship": "Outer", "Parallel Aware": true, "Async Capable": false, "Relation Name": "movie_companies", "Alias": "mc", "Startup Cost": 0.0, "Total Cost": 27240.55, "Plan Rows": 408393, "Plan Width": 12, "Actual Rows": 635994, "Actual Loops": 2, "Filter": "(note IS NULL)", "Rows Removed by Filter": 668570, "Workers": []}, {"Node Type": "Hash", "Parent Relationship": "Inner", "Parallel Aware": true, "Async Capable": false, "Startup Cost": 244512.4, "Total Cost": 244512.4, "Plan Rows": 2, "Plan Width": 29, "Actual Rows": 523, "Actual Loops": 2, "Hash Buckets": 1024, "Original Hash Buckets": 1024, "Hash Batches": 1, "Original Hash Batches": 1, "Peak Memory Usage": 136, "Workers": [], "Plans": [{"Node Type": "Nested Loop", "Parent Relationship": "Outer", "Parallel Aware": false, "Async Capable": false, "Join Type": "Inner", "Startup Cost": 45589.9, "Total Cost": 244512.4, "Plan Rows": 2, "Plan Width": 29, "Actual Rows": 523, "Actual Loops": 2, "Inner Unique": true, "Workers": [], "Plans": [{"Node Type": "Hash Join", "Parent Relationship": "Outer", "Parallel Aware": true, "Async Capable": false, "Join Type": "Inner", "Startup Cost": 45589.47, "Total Cost": 244511.42, "Plan Rows": 2, "Plan Width": 8, "Actual Rows": 791, "Actual Loops": 2, "Inner Unique": false, "Hash Cond": "(mi.movie_id = mk.movie_id)", "Workers": [], "Plans": [{"Node Type": "Seq Scan", "Parent Relationship": "Outer", "Parallel Aware": true, "Async Capable": false, "Relation Name": "movie_info", "Alias": "mi", "Startup Cost": 0.0, "Total Cost": 198738.49, "Plan Rows": 48920, "Plan Width": 4, "Actual Rows": 121922, "Actual Loops": 2, "Filter": "((info)::text = 'Drama'::text)", "Rows Removed by Filter": 7295938, "Workers": []}, {"Node Type": "Hash", "Parent Relationship": "Inner", "Parallel Aware": true, "Async Capable": false, "Startup Cost": 45589.33, "Total Cost": 45589.33, "Plan Rows": 11, "Plan Width": 4, "Actual Rows": 5272, "Actual Loops": 2, "Hash Buckets": 16384, "Original Hash Buckets": 1024, "Hash Batches": 1, "Original Hash Batches": 1, "Peak Memory Usage": 696, "Workers": [], "Plans": [{"Node Type": "Hash Join", "Parent Relationship": "Outer", "Parallel Aware": false, "Async Capable": false, "Join Type": "Inner", "Startup Cost": 2685.14, "Total Cost": 45589.33, "Plan Rows": 11, "Plan Width": 4, "Actual Rows": 5272, "Actual Loops": 2, "Inner Unique": true, "Hash Cond": "(mk.keyword_id = k.id)", "Workers": [], "Plans": [{"Node Type": "Seq Scan", "Parent Relationship": "Outer", "Parallel Aware": true, "Async Capable": false, "Relation Name": "movie_keyword", "Alias": "mk", "Startup Cost": 0.0, "Total Cost": 39073.32, "Plan Rows": 1459332, "Plan Width": 8, "Actual Rows": 2261965, "Actual Loops": 2, "Workers": []}, {"Node Type": "Hash", "Parent Relationship": "Inner", "Parallel Aware": false, "Async Capable": false, "Startup Cost": 2685.12, "Total Cost": 2685.12, "Plan Rows": 1, "Plan Width": 4, "Actual Rows": 1, "Actual Loops": 2, "Hash Buckets": 1024, "Original Hash Buckets": 1024, "Hash Batches": 1, "Original Hash Batches": 1, "Peak Memory Usage": 9, "Workers": [], "Plans": [{"Node Type": "Seq Scan", "Parent Relationship": "Outer", "Parallel Aware": false, "Async Capable": false, "Relation Name": "keyword", "Alias": "k", "Startup Cost": 0.0, "Total Cost": 2685.12, "Plan Rows": 1, "Plan Width": 4, "Actual Rows": 1, "Actual Loops": 2, "Filter": "((keyword)::text = 'sequel'::text)", "Rows Removed by Filter": 134169, "Workers": []}]}]}]}]}, {"Node Type": "Index Scan", "Parent Relationship": "Inner", "Parallel Aware": false, "Async Capable": false, "Scan Direction": "Forward", "Index Name": "title_pkey", "Relation Name": "title", "Alias": "t", "Startup Cost": 0.43, "Total Cost": 0.49, "Plan Rows": 1, "Plan Width": 21, "Actual Rows": 1, "Actual Loops": 1582, "Index Cond": "(id = mk.movie_id)", "Rows Removed by Index Recheck": 0, "Filter": "(production_year >= 1980)", "Rows Removed by Filter": 0, "Workers": []}]}]}]}, {"Node Type": "Hash", "Parent Relationship": "Inner", "Parallel Aware": false, "Async Capable": false, "Startup Cost": 561.48, "Total Cost": 561.48, "Plan Rows": 1666, "Plan Width": 16, "Actual Rows": 2315, "Actual Loops": 2, "Hash Buckets": 4096, "Original Hash Buckets": 2048, "Hash Batches": 1, "Original Hash Batches": 1, "Peak Memory Usage": 136, "Workers": [], "Plans": [{"Node Type": "Hash Join", "Parent Relationship": "Outer", "Parallel Aware": false, "Async Capable": false, "Join Type": "Inner", "Startup Cost": 1.24, "Total Cost": 561.48, "Plan Rows": 1666, "Plan Width": 16, "Actual Rows": 2315, "Actual Loops": 2, "Inner Unique": true, "Hash Cond": "(ml.link_type_id = lt.id)", "Workers": [], "Plans": [{"Node Type": "Seq Scan", "Parent Relationship": "Outer", "Parallel Aware": false, "Async Capable": false, "Relation Name": "movie_link", "Alias": "ml", "Startup Cost": 0.0, "Total Cost": 462.97, "Plan Rows": 29997, "Plan Width": 8, "Actual Rows": 29997, "Actual Loops": 2, "Workers": []}, {"Node Type": "Hash", "Parent Relationship": "Inner", "Parallel Aware": false, "Async Capable": false, "Startup Cost": 1.23, "Total Cost": 1.23, "Plan Rows": 1, "Plan Width": 16, "Actual Rows": 2, "Actual Loops": 2, "Hash Buckets": 1024, "Original Hash Buckets": 1024, "Hash Batches": 1, "Original Hash Batches": 1, "Peak Memory Usage": 9, "Workers": [], "Plans": [{"Node Type": "Seq Scan", "Parent Relationship": "Outer", "Parallel Aware": false, "Async Capable": false, "Relation Name": "link_type", "Alias": "lt", "Startup Cost": 0.0, "Total Cost": 1.23, "Plan Rows": 1, "Plan Width": 16, "Actual Rows": 2, "Actual Loops": 2, "Filter": "((link)::text ~~ '%follow%'::text)", "Rows Removed by Filter": 16, "Workers": []}]}]}]}]}, {"Node Type": "Index Scan", "Parent Relationship": "Inner", "Parallel Aware": false, "Async Capable": false, "Scan Direction": "Forward", "Index Name": "company_type_pkey", "Relation Name": "company_type", "Alias": "ct", "Startup Cost": 0.13, "Total Cost": 0.15, "Plan Rows": 1, "Plan Width": 4, "Actual Rows": 0, "Actual Loops": 152, "Index Cond": "(id = mc.company_type_id)", "Rows Removed by Index Recheck": 0, "Filter": "((kind)::text = 'distributors'::text)", "Rows Removed by Filter": 1, "Workers": []}]}]}]}]}]}]}, "Planning Time": 15.039, "Triggers": [], "Execution Time": 2356.413}, {"Plan": {"Node Type": "Aggregate", "Strategy": "Plain", "Partial Mode": "Simple", "Parallel Aware": false, "Async Capable": false, "Startup Cost": 275375.91, "Total Cost": 275375.92, "Plan Rows": 1, "Plan Width": 96, "Actual Rows": 1, "Actual Loops": 1, "Plans": [{"Node Type": "Gather", "Parent Relationship": "Outer", "Parallel Aware": false, "Async Capable": false, "Startup Cost": 275366.46, "Total Cost": 275375.9, "Plan Rows": 1, "Plan Width": 48, "Actual Rows": 1, "Actual Loops": 1, "Workers Planned": 3, "Workers Launched": 3, "Single Copy": false, "Plans": [{"Node Type": "Hash Join", "Parent Relationship": "Outer", "Parallel Aware": true, "Async Capable": false, "Join Type": "Inner", "Startup Cost": 274366.46, "Total Cost": 274375.8, "Plan Rows": 1, "Plan Width": 48, "Actual Rows": 0, "Actual Loops": 4, "Inner Unique": false, "Hash Cond": "(ml.movie_id = mi.movie_id)", "Workers": [], "Plans": [{"Node Type": "Merge Join", "Parent Relationship": "Outer", "Parallel Aware": false, "Async Capable": false, "Join Type": "Inner", "Startup Cost": 75016.46, "Total Cost": 75024.81, "Plan Rows": 1, "Plan Width": 64, "Actual Rows": 0, "Actual Loops": 4, "Inner Unique": false, "Merge Cond": "(t.id = ml.movie_id)", "Workers": [], "Plans": [{"Node Type": "Sort", "Parent Relationship": "Outer", "Parallel Aware": false, "Async Capable": false, "Startup Cost": 74365.83, "Total Cost": 74365.83, "Plan Rows": 1, "Plan Width": 48, "Actual Rows": 1, "Actual Loops": 4, "Sort Key": ["mc.movie_id"], "Sort Method": "quicksort", "Sort Space Used": 25, "Sort Space Type": "Memory", "Workers": [{"Worker Number": 0, "Sort Method": "quicksort", "Sort Space Used": 26, "Sort Space Type": "Memory"}, {"Worker Number": 1, "Sort Method": "quicksort", "Sort Space Used": 25, "Sort Space Type": "Memory"}, {"Worker Number": 2, "Sort Method": "quicksort", "Sort Space Used": 25, "Sort Space Type": "Memory"}], "Plans": [{"Node Type": "Nested Loop", "Parent Relationship": "Outer", "Parallel Aware": false, "Async Capable": false, "Join Type": "Inner", "Startup Cost": 45590.46, "Total Cost": 74365.82, "Plan Rows": 1, "Plan Width": 48, "Actual Rows": 7, "Actual Loops": 4, "Inner Unique": true, "Workers": [], "Plans": [{"Node Type": "Nested Loop", "Parent Relationship": "Outer", "Parallel Aware": false, "Async Capable": false, "Join Type": "Inner", "Startup Cost": 45590.03, "Total Cost": 74365.33, "Plan Rows": 1, "Plan Width": 27, "Actual Rows": 12, "Actual Loops": 4, "Inner Unique": true, "Workers": [], "Plans": [{"Node Type": "Nested Loop", "Parent Relationship": "Outer", "Parallel Aware": false, "Async Capable": false, "Join Type": "Inner", "Startup Cost": 45589.61, "Total Cost": 74362.6, "Plan Rows": 6, "Plan Width": 12, "Actual Rows": 604, "Actual Loops": 4, "Inner Unique": true, "Workers": [], "Plans": [{"Node Type": "Hash Join", "Parent Relationship": "Outer", "Parallel Aware": true, "Async Capable": false, "Join Type": "Inner", "Startup Cost": 45589.47, "Total Cost": 74361.57, "Plan Rows": 24, "Plan Width": 16, "Actual Rows": 3583, "Actual Loops": 4, "Inner Unique": false, "Hash Cond": "(mc.movie_id = mk.movie_id)", "Workers": [], "Plans": [{"Node Type": "Seq Scan", "Parent Relationship": "Outer", "Parallel Aware": true, "Async Capable": false, "Relation Name": "movie_companies", "Alias": "mc", "Startup Cost": 0.0, "Total Cost": 27240.55, "Plan Rows": 408393, "Plan Width": 12, "Actual Rows": 317997, "Actual Loops": 4, "Filter": "(note IS NULL)", "Rows Removed by Filter": 334285, "Workers": []}, {"Node Type": "Hash", "Parent Relationship": "Inner", "Parallel Aware": true, "Async Capable": false, "Startup Cost": 45589.33, "Total Cost": 45589.33, "Plan Rows": 11, "Plan Width": 4, "Actual Rows": 2636, "Actual Loops": 4, "Hash Buckets": 8192, "Original Hash Buckets": 1024, "Hash Batches": 1, "Original Hash Batches": 1, "Peak Memory Usage": 568, "Workers": [], "Plans": [{"Node Type": "Hash Join", "Parent Relationship": "Outer", "Parallel Aware": false, "Async Capable": false, "Join Type": "Inner", "Startup Cost": 2685.14, "Total Cost": 45589.33, "Plan Rows": 11, "Plan Width": 4, "Actual Rows": 2636, "Actual Loops": 4, "Inner Unique": true, "Hash Cond": "(mk.keyword_id = k.id)", "Workers": [], "Plans": [{"Node Type": "Seq Scan", "Parent Relationship": "Outer", "Parallel Aware": true, "Async Capable": false, "Relation Name": "movie_keyword", "Alias": "mk", "Startup Cost": 0.0, "Total Cost": 39073.32, "Plan Rows": 1459332, "Plan Width": 8, "Actual Rows": 1130982, "Actual Loops": 4, "Workers": []}, {"Node Type": "Hash", "Parent Relationship": "Inner", "Parallel Aware": false, "Async Capable": false, "Startup Cost": 2685.12, "Total Cost": 2685.12, "Plan Rows": 1, "Plan Width": 4, "Actual Rows": 1, "Actual Loops": 4, "Hash Buckets": 1024, "Original Hash Buckets": 1024, "Hash Batches": 1, "Original Hash Batches": 1, "Peak Memory Usage": 9, "Workers": [], "Plans": [{"Node Type": "Seq Scan", "Parent Relationship": "Outer", "Parallel Aware": false, "Async Capable": false, "Relation Name": "keyword", "Alias": "k", "Startup Cost": 0.0, "Total Cost": 2685.12, "Plan Rows": 1, "Plan Width": 4, "Actual Rows": 1, "Actual Loops": 4, "Filter": "((keyword)::text = 'sequel'::text)", "Rows Removed by Filter": 134169, "Workers": []}]}]}]}]}, {"Node Type": "Memoize", "Parent Relationship": "Inner", "Parallel Aware": false, "Async Capable": false, "Startup Cost": 0.14, "Total Cost": 0.16, "Plan Rows": 1, "Plan Width": 4, "Actual Rows": 0, "Actual Loops": 14331, "Cache Key": "mc.company_type_id", "Cache Mode": "logical", "Cache Hits": 3336, "Cache Misses": 2, "Cache Evictions": 0, "Cache Overflows": 0, "Peak Memory Usage": 1, "Workers": [{"Worker Number": 0, "Cache Hits": 3824, "Cache Misses": 2, "Cache Evictions": 0, "Cache Overflows": 0, "Peak Memory Usage": 1}, {"Worker Number": 1, "Cache Hits": 3472, "Cache Misses": 2, "Cache Evictions": 0, "Cache Overflows": 0, "Peak Memory Usage": 1}, {"Worker Number": 2, "Cache Hits": 3691, "Cache Misses": 2, "Cache Evictions": 0, "Cache Overflows": 0, "Peak Memory Usage": 1}], "Plans": [{"Node Type": "Index Scan", "Parent Relationship": "Outer", "Parallel Aware": false, "Async Capable": false, "Scan Direction": "Forward", "Index Name": "company_type_pkey", "Relation Name": "company_type", "Alias": "ct", "Startup Cost": 0.13, "Total Cost": 0.15, "Plan Rows": 1, "Plan Width": 4, "Actual Rows": 0, "Actual Loops": 8, "Index Cond": "(id = mc.company_type_id)", "Rows Removed by Index Recheck": 0, "Filter": "((kind)::text = 'distributors'::text)", "Rows Removed by Filter": 0, "Workers": []}]}]}, {"Node Type": "Index Scan", "Parent Relationship": "Inner", "Parallel Aware": false, "Async Capable": false, "Scan Direction": "Forward", "Index Name": "company_name_pkey", "Relation Name": "company_name", "Alias": "cn", "Startup Cost": 0.42, "Total Cost": 0.45, "Plan Rows": 1, "Plan Width": 23, "Actual Rows": 0, "Actual Loops": 2416, "Index Cond": "(id = mc.company_id)", "Rows Removed by Index Recheck": 0, "Filter": "(((country_code)::text <> '[ru]'::text) AND ((name)::text ~~ '%Warner%'::text))", "Rows Removed by Filter": 1, "Workers": []}]}, {"Node Type": "Index Scan", "Parent Relationship": "Inner", "Parallel Aware": false, "Async Capable": false, "Scan Direction": "Forward", "Index Name": "title_pkey", "Relation Name": "title", "Alias": "t", "Startup Cost": 0.43, "Total Cost": 0.49, "Plan Rows": 1, "Plan Width": 21, "Actual Rows": 1, "Actual Loops": 49, "Index Cond": "(id = mk.movie_id)", "Rows Removed by Index Recheck": 0, "Filter": "(production_year >= 1980)", "Rows Removed by Filter": 0, "Workers": []}]}]}, {"Node Type": "Sort", "Parent Relationship": "Inner", "Parallel Aware": false, "Async Capable": false, "Startup Cost": 650.63, "Total Cost": 654.8, "Plan Rows": 1666, "Plan Width": 16, "Actual Rows": 2315, "Actual Loops": 4, "Sort Key": ["ml.movie_id"], "Sort Method": "quicksort", "Sort Space Used": 187, "Sort Space Type": "Memory", "Workers": [{"Worker Number": 0, "Sort Method": "quicksort", "Sort Space Used": 187, "Sort Space Type": "Memory"}, {"Worker Number": 1, "Sort Method": "quicksort", "Sort Space Used": 187, "Sort Space Type": "Memory"}, {"Worker Number": 2, "Sort Method": "quicksort", "Sort Space Used": 187, "Sort Space Type": "Memory"}], "Plans": [{"Node Type": "Hash Join", "Parent Relationship": "Outer", "Parallel Aware": false, "Async Capable": false, "Join Type": "Inner", "Startup Cost": 1.24, "Total Cost": 561.48, "Plan Rows": 1666, "Plan Width": 16, "Actual Rows": 2315, "Actual Loops": 4, "Inner Unique": true, "Hash Cond": "(ml.link_type_id = lt.id)", "Workers": [], "Plans": [{"Node Type": "Seq Scan", "Parent Relationship": "Outer", "Parallel Aware": false, "Async Capable": false, "Relation Name": "movie_link", "Alias": "ml", "Startup Cost": 0.0, "Total Cost": 462.97, "Plan Rows": 29997, "Plan Width": 8, "Actual Rows": 29997, "Actual Loops": 4, "Workers": []}, {"Node Type": "Hash", "Parent Relationship": "Inner", "Parallel Aware": false, "Async Capable": false, "Startup Cost": 1.23, "Total Cost": 1.23, "Plan Rows": 1, "Plan Width": 16, "Actual Rows": 2, "Actual Loops": 4, "Hash Buckets": 1024, "Original Hash Buckets": 1024, "Hash Batches": 1, "Original Hash Batches": 1, "Peak Memory Usage": 9, "Workers": [], "Plans": [{"Node Type": "Seq Scan", "Parent Relationship": "Outer", "Parallel Aware": false, "Async Capable": false, "Relation Name": "link_type", "Alias": "lt", "Startup Cost": 0.0, "Total Cost": 1.23, "Plan Rows": 1, "Plan Width": 16, "Actual Rows": 2, "Actual Loops": 4, "Filter": "((link)::text ~~ '%follow%'::text)", "Rows Removed by Filter": 16, "Workers": []}]}]}]}]}, {"Node Type": "Hash", "Parent Relationship": "Inner", "Parallel Aware": true, "Async Capable": false, "Startup Cost": 198738.49, "Total Cost": 198738.49, "Plan Rows": 48920, "Plan Width": 4, "Actual Rows": 60961, "Actual Loops": 4, "Hash Buckets": 262144, "Original Hash Buckets": 262144, "Hash Batches": 1, "Original Hash Batches": 1, "Peak Memory Usage": 11648, "Workers": [], "Plans": [{"Node Type": "Seq Scan", "Parent Relationship": "Outer", "Parallel Aware": true, "Async Capable": false, "Relation Name": "movie_info", "Alias": "mi", "Startup Cost": 0.0, "Total Cost": 198738.49, "Plan Rows": 48920, "Plan Width": 4, "Actual Rows": 60961, "Actual Loops": 4, "Filter": "((info)::text = 'Drama'::text)", "Rows Removed by Filter": 3647969, "Workers": []}]}]}]}]}, "Planning Time": 14.228, "Triggers": [], "Execution Time": 1095.284}, {"Plan": {"Node Type": "Aggregate", "Strategy": "Plain", "Partial Mode": "Finalize", "Parallel Aware": false, "Async Capable": false, "Startup Cost": 279662.25, "Total Cost": 279662.26, "Plan Rows": 1, "Plan Width": 96, "Actual Rows": 1, "Actual Loops": 1, "Plans": [{"Node Type": "Gather", "Parent Relationship": "Outer", "Parallel Aware": false, "Async Capable": false, "Startup Cost": 279661.7, "Total Cost": 279662.21, "Plan Rows": 5, "Plan Width": 96, "Actual Rows": 6, "Actual Loops": 1, "Workers Planned": 5, "Workers Launched": 5, "Single Copy": false, "Plans": [{"Node Type": "Aggregate", "Strategy": "Plain", "Partial Mode": "Partial", "Parent Relationship": "Outer", "Parallel Aware": false, "Async Capable": false, "Startup Cost": 278661.7, "Total Cost": 278661.71, "Plan Rows": 1, "Plan Width": 96, "Actual Rows": 1, "Actual Loops": 6, "Workers": [], "Plans": [{"Node Type": "Hash Join", "Parent Relationship": "Outer", "Parallel Aware": true, "Async Capable": false, "Join Type": "Inner", "Startup Cost": 79678.52, "Total Cost": 278661.69, "Plan Rows": 1, "Plan Width": 48, "Actual Rows": 0, "Actual Loops": 6, "Inner Unique": false, "Hash Cond": "(mc.movie_id = ml.movie_id)", "Workers": [], "Plans": [{"Node Type": "Hash Join", "Parent Relationship": "Outer", "Parallel Aware": true, "Async Capable": false, "Join Type": "Inner", "Startup Cost": 33429.51, "Total Cost": 232412.63, "Plan Rows": 10, "Plan Width": 27, "Actual Rows": 49, "Actual Loops": 6, "Inner Unique": false, "Hash Cond": "(mi.movie_id = mc.movie_id)", "Workers": [], "Plans": [{"Node Type": "Seq Scan", "Parent Relationship": "Outer", "Parallel Aware": true, "Async Capable": false, "Relation Name": "movie_info", "Alias": "mi", "Startup Cost": 0.0, "Total Cost": 198738.49, "Plan Rows": 48920, "Plan Width": 4, "Actual Rows": 40640, "Actual Loops": 6, "Filter": "((info)::text = 'Drama'::text)", "Rows Removed by Filter": 2431980, "Workers": []}, {"Node Type": "Hash", "Parent Relationship": "Inner", "Parallel Aware": true, "Async Capable": false, "Startup Cost": 33428.93, "Total Cost": 33428.93, "Plan Rows": 46, "Plan Width": 23, "Actual Rows": 206, "Actual Loops": 6, "Hash Buckets": 1024, "Original Hash Buckets": 1024, "Hash Batches": 1, "Original Hash Batches": 1, "Peak Memory Usage": 200, "Workers": [], "Plans": [{"Node Type": "Hash Join", "Parent Relationship": "Outer", "Parallel Aware": false, "Async Capable": false, "Join Type": "Inner", "Startup Cost": 5115.34, "Total Cost": 33428.93, "Plan Rows": 46, "Plan Width": 23, "Actual Rows": 206, "Actual Loops": 6, "Inner Unique": true, "Hash Cond": "(mc.company_type_id = ct.id)", "Workers": [], "Plans": [{"Node Type": "Hash Join", "Parent Relationship": "Outer", "Parallel Aware": true, "Async Capable": false, "Join Type": "Inner", "Startup Cost": 5114.28, "Total Cost": 33426.88, "Plan Rows": 184, "Plan Width": 27, "Actual Rows": 2232, "Actual Loops": 6, "Inner Unique": true, "Hash Cond": "(mc.company_id = cn.id)", "Workers": [], "Plans": [{"Node Type": "Seq Scan", "Parent Relationship": "Outer", "Parallel Aware": true, "Async Capable": false, "Relation Name": "movie_companies", "Alias": "mc", "Startup Cost": 0.0, "Total Cost": 27240.55, "Plan Rows": 408393, "Plan Width": 12, "Actual Rows": 211998, "Actual Loops": 6, "Filter": "(note IS NULL)", "Rows Removed by Filter": 222857, "Workers": []}, {"Node Type": "Hash", "Parent Relationship": "Inner", "Parallel Aware": true, "Async Capable": false, "Startup Cost": 5113.5, "Total Cost": 5113.5, "Plan Rows": 62, "Plan Width": 23, "Actual Rows": 45, "Actual Loops": 6, "Hash Buckets": 1024, "Original Hash Buckets": 1024, "Hash Batches": 1, "Original Hash Batches": 1, "Peak Memory Usage": 200, "Workers": [], "Plans": [{"Node Type": "Seq Scan", "Parent Relationship": "Outer", "Parallel Aware": true, "Async Capable": false, "Relation Name": "company_name", "Alias": "cn", "Startup Cost": 0.0, "Total Cost": 5113.5, "Plan Rows": 62, "Plan Width": 23, "Actual Rows": 45, "Actual Loops": 6, "Filter": "(((country_code)::text <> '[ru]'::text) AND ((name)::text ~~ '%Warner%'::text))", "Rows Removed by Filter": 39121, "Workers": []}]}]}, {"Node Type": "Hash", "Parent Relationship": "Inner", "Parallel Aware": false, "Async Capable": false, "Startup Cost": 1.05, "Total Cost": 1.05, "Plan Rows": 1, "Plan Width": 4, "Actual Rows": 1, "Actual Loops": 6, "Hash Buckets": 1024, "Original Hash Buckets": 1024, "Hash Batches": 1, "Original Hash Batches": 1, "Peak Memory Usage": 9, "Workers": [], "Plans": [{"Node Type": "Seq Scan", "Parent Relationship": "Outer", "Parallel Aware": false, "Async Capable": false, "Relation Name": "company_type", "Alias": "ct", "Startup Cost": 0.0, "Total Cost": 1.05, "Plan Rows": 1, "Plan Width": 4, "Actual Rows": 1, "Actual Loops": 6, "Filter": "((kind)::text = 'distributors'::text)", "Rows Removed by Filter": 3, "Workers": []}]}]}]}]}, {"Node Type": "Hash", "Parent Relationship": "Inner", "Parallel Aware": true, "Async Capable": false, "Startup Cost": 46249.0, "Total Cost": 46249.0, "Plan Rows": 1, "Plan Width": 41, "Actual Rows": 33, "Actual Loops": 6, "Hash Buckets": 1024, "Original Hash Buckets": 1024, "Hash Batches": 1, "Original Hash Batches": 1, "Peak Memory Usage": 136, "Workers": [], "Plans": [{"Node Type": "Nested Loop", "Parent Relationship": "Outer", "Parallel Aware": false, "Async Capable": false, "Join Type": "Inner", "Startup Cost": 46240.58, "Total Cost": 46249.0, "Plan Rows": 1, "Plan Width": 41, "Actual Rows": 33, "Actual Loops": 6, "Inner Unique": true, "Join Filter": "(t.id = ml.movie_id)", "Rows Removed by Join Filter": 0, "Workers": [], "Plans": [{"Node Type": "Merge Join", "Parent Relationship": "Outer", "Parallel Aware": false, "Async Capable": false, "Join Type": "Inner", "Startup Cost": 46240.15, "Total Cost": 46248.5, "Plan Rows": 1, "Plan Width": 20, "Actual Rows": 33, "Actual Loops": 6, "Inner Unique": false, "Merge Cond": "(mk.movie_id = ml.movie_id)", "Workers": [], "Plans": [{"Node Type": "Sort", "Parent Relationship": "Outer", "Parallel Aware": false, "Async Capable": false, "Startup Cost": 45589.52, "Total Cost": 45589.55, "Plan Rows": 11, "Plan Width": 4, "Actual Rows": 9, "Actual Loops": 6, "Sort Key": ["mk.movie_id"], "Sort Method": "quicksort", "Sort Space Used": 97, "Sort Space Type": "Memory", "Workers": [{"Worker Number": 0, "Sort Method": "quicksort", "Sort Space Used": 49, "Sort Space Type": "Memory"}, {"Worker Number": 1, "Sort Method": "quicksort", "Sort Space Used": 49, "Sort Space Type": "Memory"}, {"Worker Number": 2, "Sort Method": "quicksort", "Sort Space Used": 49, "Sort Space Type": "Memory"}, {"Worker Number": 3, "Sort Method": "quicksort", "Sort Space Used": 49, "Sort Space Type": "Memory"}, {"Worker Number": 4, "Sort Method": "quicksort", "Sort Space Used": 49, "Sort Space Type": "Memory"}], "Plans": [{"Node Type": "Hash Join", "Parent Relationship": "Outer", "Parallel Aware": false, "Async Capable": false, "Join Type": "Inner", "Startup Cost": 2685.14, "Total Cost": 45589.33, "Plan Rows": 11, "Plan Width": 4, "Actual Rows": 1757, "Actual Loops": 6, "Inner Unique": true, "Hash Cond": "(mk.keyword_id = k.id)", "Workers": [], "Plans": [{"Node Type": "Seq Scan", "Parent Relationship": "Outer", "Parallel Aware": true, "Async Capable": false, "Relation Name": "movie_keyword", "Alias": "mk", "Startup Cost": 0.0, "Total Cost": 39073.32, "Plan Rows": 1459332, "Plan Width": 8, "Actual Rows": 753988, "Actual Loops": 6, "Workers": []}, {"Node Type": "Hash", "Parent Relationship": "Inner", "Parallel Aware": false, "Async Capable": false, "Startup Cost": 2685.12, "Total Cost": 2685.12, "Plan Rows": 1, "Plan Width": 4, "Actual Rows": 1, "Actual Loops": 6, "Hash Buckets": 1024, "Original Hash Buckets": 1024, "Hash Batches": 1, "Original Hash Batches": 1, "Peak Memory Usage": 9, "Workers": [], "Plans": [{"Node Type": "Seq Scan", "Parent Relationship": "Outer", "Parallel Aware": false, "Async Capable": false, "Relation Name": "keyword", "Alias": "k", "Startup Cost": 0.0, "Total Cost": 2685.12, "Plan Rows": 1, "Plan Width": 4, "Actual Rows": 1, "Actual Loops": 6, "Filter": "((keyword)::text = 'sequel'::text)", "Rows Removed by Filter": 134169, "Workers": []}]}]}]}, {"Node Type": "Sort", "Parent Relationship": "Inner", "Parallel Aware": false, "Async Capable": false, "Startup Cost": 650.63, "Total Cost": 654.8, "Plan Rows": 1666, "Plan Width": 16, "Actual Rows": 2315, "Actual Loops": 6, "Sort Key": ["ml.movie_id"], "Sort Method": "quicksort", "Sort Space Used": 187, "Sort Space Type": "Memory", "Workers": [{"Worker Number": 0, "Sort Method": "quicksort", "Sort Space Used": 187, "Sort Space Type": "Memory"}, {"Worker Number": 1, "Sort Method": "quicksort", "Sort Space Used": 187, "Sort Space Type": "Memory"}, {"Worker Number": 2, "Sort Method": "quicksort", "Sort Space Used": 187, "Sort Space Type": "Memory"}, {"Worker Number": 3, "Sort Method": "quicksort", "Sort Space Used": 187, "Sort Space Type": "Memory"}, {"Worker Number": 4, "Sort Method": "quicksort", "Sort Space Used": 187, "Sort Space Type": "Memory"}], "Plans": [{"Node Type": "Hash Join", "Parent Relationship": "Outer", "Parallel Aware": false, "Async Capable": false, "Join Type": "Inner", "Startup Cost": 1.24, "Total Cost": 561.48, "Plan Rows": 1666, "Plan Width": 16, "Actual Rows": 2315, "Actual Loops": 6, "Inner Unique": true, "Hash Cond": "(ml.link_type_id = lt.id)", "Workers": [], "Plans": [{"Node Type": "Seq Scan", "Parent Relationship": "Outer", "Parallel Aware": false, "Async Capable": false, "Relation Name": "movie_link", "Alias": "ml", "Startup Cost": 0.0, "Total Cost": 462.97, "Plan Rows": 29997, "Plan Width": 8, "Actual Rows": 29997, "Actual Loops": 6, "Workers": []}, {"Node Type": "Hash", "Parent Relationship": "Inner", "Parallel Aware": false, "Async Capable": false, "Startup Cost": 1.23, "Total Cost": 1.23, "Plan Rows": 1, "Plan Width": 16, "Actual Rows": 2, "Actual Loops": 6, "Hash Buckets": 1024, "Original Hash Buckets": 1024, "Hash Batches": 1, "Original Hash Batches": 1, "Peak Memory Usage": 9, "Workers": [], "Plans": [{"Node Type": "Seq Scan", "Parent Relationship": "Outer", "Parallel Aware": false, "Async Capable": false, "Relation Name": "link_type", "Alias": "lt", "Startup Cost": 0.0, "Total Cost": 1.23, "Plan Rows": 1, "Plan Width": 16, "Actual Rows": 2, "Actual Loops": 6, "Filter": "((link)::text ~~ '%follow%'::text)", "Rows Removed by Filter": 16, "Workers": []}]}]}]}]}, {"Node Type": "Index Scan", "Parent Relationship": "Inner", "Parallel Aware": false, "Async Capable": false, "Scan Direction": "Forward", "Index Name": "title_pkey", "Relation Name": "title", "Alias": "t", "Startup Cost": 0.43, "Total Cost": 0.49, "Plan Rows": 1, "Plan Width": 21, "Actual Rows": 1, "Actual Loops": 199, "Index Cond": "(id = mk.movie_id)", "Rows Removed by Index Recheck": 0, "Filter": "(production_year >= 1980)", "Rows Removed by Filter": 0, "Workers": []}]}]}]}]}]}]}, "Planning Time": 12.332, "Triggers": [], "Execution Time": 586.079}, {"Plan": {"Node Type": "Aggregate", "Strategy": "Plain", "Partial Mode": "Finalize", "Parallel Aware": false, "Async Capable": false, "Startup Cost": 279601.8, "Total Cost": 279601.81, "Plan Rows": 1, "Plan Width": 96, "Actual Rows": 1, "Actual Loops": 1, "Plans": [{"Node Type": "Gather", "Parent Relationship": "Outer", "Parallel Aware": false, "Async Capable": false, "Startup Cost": 279601.25, "Total Cost": 279601.76, "Plan Rows": 5, "Plan Width": 96, "Actual Rows": 6, "Actual Loops": 1, "Workers Planned": 5, "Workers Launched": 5, "Single Copy": false, "Plans": [{"Node Type": "Aggregate", "Strategy": "Plain", "Partial Mode": "Partial", "Parent Relationship": "Outer", "Parallel Aware": false, "Async Capable": false, "Startup Cost": 278601.25, "Total Cost": 278601.26, "Plan Rows": 1, "Plan Width": 96, "Actual Rows": 1, "Actual Loops": 6, "Workers": [], "Plans": [{"Node Type": "Hash Join", "Parent Relationship": "Outer", "Parallel Aware": true, "Async Capable": false, "Join Type": "Inner", "Startup Cost": 79679.27, "Total Cost": 278601.24, "Plan Rows": 1, "Plan Width": 48, "Actual Rows": 0, "Actual Loops": 6, "Inner Unique": false, "Hash Cond": "(mk.movie_id = ml.movie_id)", "Workers": [], "Plans": [{"Node Type": "Hash Join", "Parent Relationship": "Outer", "Parallel Aware": true, "Async Capable": false, "Join Type": "Inner", "Startup Cost": 45589.47, "Total Cost": 244511.42, "Plan Rows": 2, "Plan Width": 8, "Actual Rows": 264, "Actual Loops": 6, "Inner Unique": false, "Hash Cond": "(mi.movie_id = mk.movie_id)", "Workers": [], "Plans": [{"Node Type": "Seq Scan", "Parent Relationship": "Outer", "Parallel Aware": true, "Async Capable": false, "Relation Name": "movie_info", "Alias": "mi", "Startup Cost": 0.0, "Total Cost": 198738.49, "Plan Rows": 48920, "Plan Width": 4, "Actual Rows": 40640, "Actual Loops": 6, "Filter": "((info)::text = 'Drama'::text)", "Rows Removed by Filter": 2431980, "Workers": []}, {"Node Type": "Hash", "Parent Relationship": "Inner", "Parallel Aware": true, "Async Capable": false, "Startup Cost": 45589.33, "Total Cost": 45589.33, "Plan Rows": 11, "Plan Width": 4, "Actual Rows": 1757, "Actual Loops": 6, "Hash Buckets": 16384, "Original Hash Buckets": 1024, "Hash Batches": 1, "Original Hash Batches": 1, "Peak Memory Usage": 792, "Workers": [], "Plans": [{"Node Type": "Hash Join", "Parent Relationship": "Outer", "Parallel Aware": false, "Async Capable": false, "Join Type": "Inner", "Startup Cost": 2685.14, "Total Cost": 45589.33, "Plan Rows": 11, "Plan Width": 4, "Actual Rows": 1757, "Actual Loops": 6, "Inner Unique": true, "Hash Cond": "(mk.keyword_id = k.id)", "Workers": [], "Plans": [{"Node Type": "Seq Scan", "Parent Relationship": "Outer", "Parallel Aware": true, "Async Capable": false, "Relation Name": "movie_keyword", "Alias": "mk", "Startup Cost": 0.0, "Total Cost": 39073.32, "Plan Rows": 1459332, "Plan Width": 8, "Actual Rows": 753988, "Actual Loops": 6, "Workers": []}, {"Node Type": "Hash", "Parent Relationship": "Inner", "Parallel Aware": false, "Async Capable": false, "Startup Cost": 2685.12, "Total Cost": 2685.12, "Plan Rows": 1, "Plan Width": 4, "Actual Rows": 1, "Actual Loops": 6, "Hash Buckets": 1024, "Original Hash Buckets": 1024, "Hash Batches": 1, "Original Hash Batches": 1, "Peak Memory Usage": 9, "Workers": [], "Plans": [{"Node Type": "Seq Scan", "Parent Relationship": "Outer", "Parallel Aware": false, "Async Capable": false, "Relation Name": "keyword", "Alias": "k", "Startup Cost": 0.0, "Total Cost": 2685.12, "Plan Rows": 1, "Plan Width": 4, "Actual Rows": 1, "Actual Loops": 6, "Filter": "((keyword)::text = 'sequel'::text)", "Rows Removed by Filter": 134169, "Workers": []}]}]}]}]}, {"Node Type": "Hash", "Parent Relationship": "Inner", "Parallel Aware": true, "Async Capable": false, "Startup Cost": 34089.79, "Total Cost": 34089.79, "Plan Rows": 1, "Plan Width": 60, "Actual Rows": 2, "Actual Loops": 6, "Hash Buckets": 1024, "Original Hash Buckets": 1024, "Hash Batches": 1, "Original Hash Batches": 1, "Peak Memory Usage": 72, "Workers": [], "Plans": [{"Node Type": "Nested Loop", "Parent Relationship": "Outer", "Parallel Aware": false, "Async Capable": false, "Join Type": "Inner", "Startup Cost": 34081.27, "Total Cost": 34089.79, "Plan Rows": 1, "Plan Width": 60, "Actual Rows": 2, "Actual Loops": 6, "Inner Unique": true, "Join Filter": "(t.id = ml.movie_id)", "Rows Removed by Join Filter": 0, "Workers": [], "Plans": [{"Node Type": "Merge Join", "Parent Relationship": "Outer", "Parallel Aware": false, "Async Capable": false, "Join Type": "Inner", "Startup Cost": 34080.84, "Total Cost": 34089.19, "Plan Rows": 1, "Plan Width": 39, "Actual Rows": 2, "Actual Loops": 6, "Inner Unique": false, "Merge Cond": "(mc.movie_id = ml.movie_id)", "Workers": [], "Plans": [{"Node Type": "Sort", "Parent Relationship": "Outer", "Parallel Aware": false, "Async Capable": false, "Startup Cost": 33430.2, "Total Cost": 33430.32, "Plan Rows": 46, "Plan Width": 23, "Actual Rows": 3, "Actual Loops": 6, "Sort Key": ["mc.movie_id"], "Sort Method": "quicksort", "Sort Space Used": 37, "Sort Space Type": "Memory", "Workers": [{"Worker Number": 0, "Sort Method": "quicksort", "Sort Space Used": 31, "Sort Space Type": "Memory"}, {"Worker Number": 1, "Sort Method": "quicksort", "Sort Space Used": 33, "Sort Space Type": "Memory"}, {"Worker Number": 2, "Sort Method": "quicksort", "Sort Space Used": 34, "Sort Space Type": "Memory"}, {"Worker Number": 3, "Sort Method": "quicksort", "Sort Space Used": 32, "Sort Space Type": "Memory"}, {"Worker Number": 4, "Sort Method": "quicksort", "Sort Space Used": 34, "Sort Space Type": "Memory"}], "Plans": [{"Node Type": "Hash Join", "Parent Relationship": "Outer", "Parallel Aware": false, "Async Capable": false, "Join Type": "Inner", "Startup Cost": 5115.34, "Total Cost": 33428.93, "Plan Rows": 46, "Plan Width": 23, "Actual Rows": 206, "Actual Loops": 6, "Inner Unique": true, "Hash Cond": "(mc.company_type_id = ct.id)", "Workers": [], "Plans": [{"Node Type": "Hash Join", "Parent Relationship": "Outer", "Parallel Aware": true, "Async Capable": false, "Join Type": "Inner", "Startup Cost": 5114.28, "Total Cost": 33426.88, "Plan Rows": 184, "Plan Width": 27, "Actual Rows": 2232, "Actual Loops": 6, "Inner Unique": true, "Hash Cond": "(mc.company_id = cn.id)", "Workers": [], "Plans": [{"Node Type": "Seq Scan", "Parent Relationship": "Outer", "Parallel Aware": true, "Async Capable": false, "Relation Name": "movie_companies", "Alias": "mc", "Startup Cost": 0.0, "Total Cost": 27240.55, "Plan Rows": 408393, "Plan Width": 12, "Actual Rows": 211998, "Actual Loops": 6, "Filter": "(note IS NULL)", "Rows Removed by Filter": 222857, "Workers": []}, {"Node Type": "Hash", "Parent Relationship": "Inner", "Parallel Aware": true, "Async Capable": false, "Startup Cost": 5113.5, "Total Cost": 5113.5, "Plan Rows": 62, "Plan Width": 23, "Actual Rows": 45, "Actual Loops": 6, "Hash Buckets": 1024, "Original Hash Buckets": 1024, "Hash Batches": 1, "Original Hash Batches": 1, "Peak Memory Usage": 200, "Workers": [], "Plans": [{"Node Type": "Seq Scan", "Parent Relationship": "Outer", "Parallel Aware": true, "Async Capable": false, "Relation Name": "company_name", "Alias": "cn", "Startup Cost": 0.0, "Total Cost": 5113.5, "Plan Rows": 62, "Plan Width": 23, "Actual Rows": 45, "Actual Loops": 6, "Filter": "(((country_code)::text <> '[ru]'::text) AND ((name)::text ~~ '%Warner%'::text))", "Rows Removed by Filter": 39121, "Workers": []}]}]}, {"Node Type": "Hash", "Parent Relationship": "Inner", "Parallel Aware": false, "Async Capable": false, "Startup Cost": 1.05, "Total Cost": 1.05, "Plan Rows": 1, "Plan Width": 4, "Actual Rows": 1, "Actual Loops": 6, "Hash Buckets": 1024, "Original Hash Buckets": 1024, "Hash Batches": 1, "Original Hash Batches": 1, "Peak Memory Usage": 9, "Workers": [], "Plans": [{"Node Type": "Seq Scan", "Parent Relationship": "Outer", "Parallel Aware": false, "Async Capable": false, "Relation Name": "company_type", "Alias": "ct", "Startup Cost": 0.0, "Total Cost": 1.05, "Plan Rows": 1, "Plan Width": 4, "Actual Rows": 1, "Actual Loops": 6, "Filter": "((kind)::text = 'distributors'::text)", "Rows Removed by Filter": 3, "Workers": []}]}]}]}, {"Node Type": "Sort", "Parent Relationship": "Inner", "Parallel Aware": false, "Async Capable": false, "Startup Cost": 650.63, "Total Cost": 654.8, "Plan Rows": 1666, "Plan Width": 16, "Actual Rows": 2315, "Actual Loops": 6, "Sort Key": ["ml.movie_id"], "Sort Method": "quicksort", "Sort Space Used": 187, "Sort Space Type": "Memory", "Workers": [{"Worker Number": 0, "Sort Method": "quicksort", "Sort Space Used": 187, "Sort Space Type": "Memory"}, {"Worker Number": 1, "Sort Method": "quicksort", "Sort Space Used": 187, "Sort Space Type": "Memory"}, {"Worker Number": 2, "Sort Method": "quicksort", "Sort Space Used": 187, "Sort Space Type": "Memory"}, {"Worker Number": 3, "Sort Method": "quicksort", "Sort Space Used": 187, "Sort Space Type": "Memory"}, {"Worker Number": 4, "Sort Method": "quicksort", "Sort Space Used": 187, "Sort Space Type": "Memory"}], "Plans": [{"Node Type": "Hash Join", "Parent Relationship": "Outer", "Parallel Aware": false, "Async Capable": false, "Join Type": "Inner", "Startup Cost": 1.24, "Total Cost": 561.48, "Plan Rows": 1666, "Plan Width": 16, "Actual Rows": 2315, "Actual Loops": 6, "Inner Unique": true, "Hash Cond": "(ml.link_type_id = lt.id)", "Workers": [], "Plans": [{"Node Type": "Seq Scan", "Parent Relationship": "Outer", "Parallel Aware": false, "Async Capable": false, "Relation Name": "movie_link", "Alias": "ml", "Startup Cost": 0.0, "Total Cost": 462.97, "Plan Rows": 29997, "Plan Width": 8, "Actual Rows": 29997, "Actual Loops": 6, "Workers": []}, {"Node Type": "Hash", "Parent Relationship": "Inner", "Parallel Aware": false, "Async Capable": false, "Startup Cost": 1.23, "Total Cost": 1.23, "Plan Rows": 1, "Plan Width": 16, "Actual Rows": 2, "Actual Loops": 6, "Hash Buckets": 1024, "Original Hash Buckets": 1024, "Hash Batches": 1, "Original Hash Batches": 1, "Peak Memory Usage": 9, "Workers": [], "Plans": [{"Node Type": "Seq Scan", "Parent Relationship": "Outer", "Parallel Aware": false, "Async Capable": false, "Relation Name": "link_type", "Alias": "lt", "Startup Cost": 0.0, "Total Cost": 1.23, "Plan Rows": 1, "Plan Width": 16, "Actual Rows": 2, "Actual Loops": 6, "Filter": "((link)::text ~~ '%follow%'::text)", "Rows Removed by Filter": 16, "Workers": []}]}]}]}]}, {"Node Type": "Index Scan", "Parent Relationship": "Inner", "Parallel Aware": false, "Async Capable": false, "Scan Direction": "Forward", "Index Name": "title_pkey", "Relation Name": "title", "Alias": "t", "Startup Cost": 0.43, "Total Cost": 0.59, "Plan Rows": 1, "Plan Width": 21, "Actual Rows": 1, "Actual Loops": 12, "Index Cond": "(id = mc.movie_id)", "Rows Removed by Index Recheck": 0, "Filter": "(production_year >= 1980)", "Rows Removed by Filter": 0, "Workers": []}]}]}]}]}]}]}, "Planning Time": 12.581, "Triggers": [], "Execution Time": 659.657}, {"Plan": {"Node Type": "Aggregate", "Strategy": "Plain", "Partial Mode": "Simple", "Parallel Aware": false, "Async Capable": false, "Startup Cost": 275123.73, "Total Cost": 275123.74, "Plan Rows": 1, "Plan Width": 96, "Actual Rows": 1, "Actual Loops": 1, "Plans": [{"Node Type": "Nested Loop", "Parent Relationship": "Outer", "Parallel Aware": false, "Async Capable": false, "Join Type": "Inner", "Startup Cost": 245512.57, "Total Cost": 275123.72, "Plan Rows": 1, "Plan Width": 48, "Actual Rows": 1, "Actual Loops": 1, "Inner Unique": true, "Plans": [{"Node Type": "Nested Loop", "Parent Relationship": "Outer", "Parallel Aware": false, "Async Capable": false, "Join Type": "Inner", "Startup Cost": 245512.44, "Total Cost": 275123.54, "Plan Rows": 1, "Plan Width": 40, "Actual Rows": 11, "Actual Loops": 1, "Inner Unique": false, "Join Filter": "(t.id = ml.movie_id)", "Rows Removed by Join Filter": 389950, "Plans": [{"Node Type": "Nested Loop", "Parent Relationship": "Outer", "Parallel Aware": false, "Async Capable": false, "Join Type": "Inner", "Startup Cost": 245512.44, "Total Cost": 274285.61, "Plan Rows": 1, "Plan Width": 52, "Actual Rows": 13, "Actual Loops": 1, "Inner Unique": true, "Plans": [{"Node Type": "Gather", "Parent Relationship": "Outer", "Parallel Aware": false, "Async Capable": false, "Startup Cost": 245512.01, "Total Cost": 274285.12, "Plan Rows": 1, "Plan Width": 31, "Actual Rows": 16, "Actual Loops": 1, "Workers Planned": 3, "Workers Launched": 3, "Single Copy": false, "Plans": [{"Node Type": "Nested Loop", "Parent Relationship": "Outer", "Parallel Aware": false, "Async Capable": false, "Join Type": "Inner", "Startup Cost": 244512.01, "Total Cost": 273285.02, "Plan Rows": 1, "Plan Width": 31, "Actual Rows": 4, "Actual Loops": 4, "Inner Unique": true, "Workers": [], "Plans": [{"Node Type": "Nested Loop", "Parent Relationship": "Outer", "Parallel Aware": false, "Async Capable": false, "Join Type": "Inner", "Startup Cost": 244511.59, "Total Cost": 273284.11, "Plan Rows": 2, "Plan Width": 16, "Actual Rows": 99, "Actual Loops": 4, "Inner Unique": true, "Workers": [], "Plans": [{"Node Type": "Hash Join", "Parent Relationship": "Outer", "Parallel Aware": true, "Async Capable": false, "Join Type": "Inner", "Startup Cost": 244511.45, "Total Cost": 273283.48, "Plan Rows": 9, "Plan Width": 20, "Actual Rows": 712, "Actual Loops": 4, "Inner Unique": false, "Hash Cond": "(mc.movie_id = mk.movie_id)", "Workers": [], "Plans": [{"Node Type": "Seq Scan", "Parent Relationship": "Outer", "Parallel Aware": true, "Async Capable": false, "Relation Name": "movie_companies", "Alias": "mc", "Startup Cost": 0.0, "Total Cost": 27240.55, "Plan Rows": 408393, "Plan Width": 12, "Actual Rows": 317997, "Actual Loops": 4, "Filter": "(note IS NULL)", "Rows Removed by Filter": 334285, "Workers": []}, {"Node Type": "Hash", "Parent Relationship": "Inner", "Parallel Aware": true, "Async Capable": false, "Startup Cost": 244511.42, "Total Cost": 244511.42, "Plan Rows": 2, "Plan Width": 8, "Actual Rows": 396, "Actual Loops": 4, "Hash Buckets": 1024, "Original Hash Buckets": 1024, "Hash Batches": 1, "Original Hash Batches": 1, "Peak Memory Usage": 136, "Workers": [], "Plans": [{"Node Type": "Hash Join", "Parent Relationship": "Outer", "Parallel Aware": true, "Async Capable": false, "Join Type": "Inner", "Startup Cost": 45589.47, "Total Cost": 244511.42, "Plan Rows": 2, "Plan Width": 8, "Actual Rows": 396, "Actual Loops": 4, "Inner Unique": false, "Hash Cond": "(mi.movie_id = mk.movie_id)", "Workers": [], "Plans": [{"Node Type": "Seq Scan", "Parent Relationship": "Outer", "Parallel Aware": true, "Async Capable": false, "Relation Name": "movie_info", "Alias": "mi", "Startup Cost": 0.0, "Total Cost": 198738.49, "Plan Rows": 48920, "Plan Width": 4, "Actual Rows": 60961, "Actual Loops": 4, "Filter": "((info)::text = 'Drama'::text)", "Rows Removed by Filter": 3647969, "Workers": []}, {"Node Type": "Hash", "Parent Relationship": "Inner", "Parallel Aware": true, "Async Capable": false, "Startup Cost": 45589.33, "Total Cost": 45589.33, "Plan Rows": 11, "Plan Width": 4, "Actual Rows": 2636, "Actual Loops": 4, "Hash Buckets": 8192, "Original Hash Buckets": 1024, "Hash Batches": 1, "Original Hash Batches": 1, "Peak Memory Usage": 568, "Workers": [], "Plans": [{"Node Type": "Hash Join", "Parent Relationship": "Outer", "Parallel Aware": false, "Async Capable": false, "Join Type": "Inner", "Startup Cost": 2685.14, "Total Cost": 45589.33, "Plan Rows": 11, "Plan Width": 4, "Actual Rows": 2636, "Actual Loops": 4, "Inner Unique": true, "Hash Cond": "(mk.keyword_id = k.id)", "Workers": [], "Plans": [{"Node Type": "Seq Scan", "Parent Relationship": "Outer", "Parallel Aware": true, "Async Capable": false, "Relation Name": "movie_keyword", "Alias": "mk", "Startup Cost": 0.0, "Total Cost": 39073.32, "Plan Rows": 1459332, "Plan Width": 8, "Actual Rows": 1130982, "Actual Loops": 4, "Workers": []}, {"Node Type": "Hash", "Parent Relationship": "Inner", "Parallel Aware": false, "Async Capable": false, "Startup Cost": 2685.12, "Total Cost": 2685.12, "Plan Rows": 1, "Plan Width": 4, "Actual Rows": 1, "Actual Loops": 4, "Hash Buckets": 1024, "Original Hash Buckets": 1024, "Hash Batches": 1, "Original Hash Batches": 1, "Peak Memory Usage": 9, "Workers": [], "Plans": [{"Node Type": "Seq Scan", "Parent Relationship": "Outer", "Parallel Aware": false, "Async Capable": false, "Relation Name": "keyword", "Alias": "k", "Startup Cost": 0.0, "Total Cost": 2685.12, "Plan Rows": 1, "Plan Width": 4, "Actual Rows": 1, "Actual Loops": 4, "Filter": "((keyword)::text = 'sequel'::text)", "Rows Removed by Filter": 134169, "Workers": []}]}]}]}]}]}]}, {"Node Type": "Memoize", "Parent Relationship": "Inner", "Parallel Aware": false, "Async Capable": false, "Startup Cost": 0.14, "Total Cost": 0.16, "Plan Rows": 1, "Plan Width": 4, "Actual Rows": 0, "Actual Loops": 2847, "Cache Key": "mc.company_type_id", "Cache Mode": "logical", "Cache Hits": 620, "Cache Misses": 2, "Cache Evictions": 0, "Cache Overflows": 0, "Peak Memory Usage": 1, "Workers": [{"Worker Number": 0, "Cache Hits": 696, "Cache Misses": 2, "Cache Evictions": 0, "Cache Overflows": 0, "Peak Memory Usage": 1}, {"Worker Number": 1, "Cache Hits": 810, "Cache Misses": 2, "Cache Evictions": 0, "Cache Overflows": 0, "Peak Memory Usage": 1}, {"Worker Number": 2, "Cache Hits": 713, "Cache Misses": 2, "Cache Evictions": 0, "Cache Overflows": 0, "Peak Memory Usage": 1}], "Plans": [{"Node Type": "Index Scan", "Parent Relationship": "Outer", "Parallel Aware": false, "Async Capable": false, "Scan Direction": "Forward", "Index Name": "company_type_pkey", "Relation Name": "company_type", "Alias": "ct", "Startup Cost": 0.13, "Total Cost": 0.15, "Plan Rows": 1, "Plan Width": 4, "Actual Rows": 0, "Actual Loops": 8, "Index Cond": "(id = mc.company_type_id)", "Rows Removed by Index Recheck": 0, "Filter": "((kind)::text = 'distributors'::text)", "Rows Removed by Filter": 0, "Workers": []}]}]}, {"Node Type": "Index Scan", "Parent Relationship": "Inner", "Parallel Aware": false, "Async Capable": false, "Scan Direction": "Forward", "Index Name": "company_name_pkey", "Relation Name": "company_name", "Alias": "cn", "Startup Cost": 0.42, "Total Cost": 0.45, "Plan Rows": 1, "Plan Width": 23, "Actual Rows": 0, "Actual Loops": 395, "Index Cond": "(id = mc.company_id)", "Rows Removed by Index Recheck": 0, "Filter": "(((country_code)::text <> '[ru]'::text) AND ((name)::text ~~ '%Warner%'::text))", "Rows Removed by Filter": 1, "Workers": []}]}]}, {"Node Type": "Index Scan", "Parent Relationship": "Inner", "Parallel Aware": false, "Async Capable": false, "Scan Direction": "Forward", "Index Name": "title_pkey", "Relation Name": "title", "Alias": "t", "Startup Cost": 0.43, "Total Cost": 0.49, "Plan Rows": 1, "Plan Width": 21, "Actual Rows": 1, "Actual Loops": 16, "Index Cond": "(id = mk.movie_id)", "Rows Removed by Index Recheck": 0, "Filter": "(production_year >= 1980)", "Rows Removed by Filter": 0}]}, {"Node Type": "Seq Scan", "Parent Relationship": "Inner", "Parallel Aware": false, "Async Capable": false, "Relation Name": "movie_link", "Alias": "ml", "Startup Cost": 0.0, "Total Cost": 462.97, "Plan Rows": 29997, "Plan Width": 8, "Actual Rows": 29997, "Actual Loops": 13}]}, {"Node Type": "Index Scan", "Parent Relationship": "Inner", "Parallel Aware": false, "Async Capable": false, "Scan Direction": "Forward", "Index Name": "link_type_pkey", "Relation Name": "link_type", "Alias": "lt", "Startup Cost": 0.14, "Total Cost": 0.16, "Plan Rows": 1, "Plan Width": 16, "Actual Rows": 0, "Actual Loops": 11, "Index Cond": "(id = ml.link_type_id)", "Rows Removed by Index Recheck": 0, "Filter": "((link)::text ~~ '%follow%'::text)", "Rows Removed by Filter": 1}]}]}, "Planning Time": 11.083, "Triggers": [], "Execution Time": 993.615}, {"Plan": {"Node Type": "Aggregate", "Strategy": "Plain", "Partial Mode": "Simple", "Parallel Aware": false, "Async Capable": false, "Startup Cost": 274872.1, "Total Cost": 274872.11, "Plan Rows": 1, "Plan Width": 96, "Actual Rows": 1, "Actual Loops": 1, "Plans": [{"Node Type": "Nested Loop", "Parent Relationship": "Outer", "Parallel Aware": false, "Async Capable": false, "Join Type": "Inner", "Startup Cost": 245513.67, "Total Cost": 274872.09, "Plan Rows": 1, "Plan Width": 48, "Actual Rows": 1, "Actual Loops": 1, "Inner Unique": false, "Join Filter": "(t.id = ml.movie_id)", "Rows Removed by Join Filter": 30094, "Plans": [{"Node Type": "Hash Join", "Parent Relationship": "Outer", "Parallel Aware": false, "Async Capable": false, "Join Type": "Inner", "Startup Cost": 1.24, "Total Cost": 561.48, "Plan Rows": 1666, "Plan Width": 16, "Actual Rows": 2315, "Actual Loops": 1, "Inner Unique": true, "Hash Cond": "(ml.link_type_id = lt.id)", "Plans": [{"Node Type": "Seq Scan", "Parent Relationship": "Outer", "Parallel Aware": false, "Async Capable": false, "Relation Name": "movie_link", "Alias": "ml", "Startup Cost": 0.0, "Total Cost": 462.97, "Plan Rows": 29997, "Plan Width": 8, "Actual Rows": 29997, "Actual Loops": 1}, {"Node Type": "Hash", "Parent Relationship": "Inner", "Parallel Aware": false, "Async Capable": false, "Startup Cost": 1.23, "Total Cost": 1.23, "Plan Rows": 1, "Plan Width": 16, "Actual Rows": 2, "Actual Loops": 1, "Hash Buckets": 1024, "Original Hash Buckets": 1024, "Hash Batches": 1, "Original Hash Batches": 1, "Peak Memory Usage": 9, "Plans": [{"Node Type": "Seq Scan", "Parent Relationship": "Outer", "Parallel Aware": false, "Async Capable": false, "Relation Name": "link_type", "Alias": "lt", "Startup Cost": 0.0, "Total Cost": 1.23, "Plan Rows": 1, "Plan Width": 16, "Actual Rows": 2, "Actual Loops": 1, "Filter": "((link)::text ~~ '%follow%'::text)", "Rows Removed by Filter": 16}]}]}, {"Node Type": "Materialize", "Parent Relationship": "Inner", "Parallel Aware": false, "Async Capable": false, "Startup Cost": 245512.44, "Total Cost": 274285.62, "Plan Rows": 1, "Plan Width": 52, "Actual Rows": 13, "Actual Loops": 2315, "Plans": [{"Node Type": "Nested Loop", "Parent Relationship": "Outer", "Parallel Aware": false, "Async Capable": false, "Join Type": "Inner", "Startup Cost": 245512.44, "Total Cost": 274285.61, "Plan Rows": 1, "Plan Width": 52, "Actual Rows": 13, "Actual Loops": 1, "Inner Unique": true, "Plans": [{"Node Type": "Gather", "Parent Relationship": "Outer", "Parallel Aware": false, "Async Capable": false, "Startup Cost": 245512.01, "Total Cost": 274285.12, "Plan Rows": 1, "Plan Width": 31, "Actual Rows": 16, "Actual Loops": 1, "Workers Planned": 3, "Workers Launched": 3, "Single Copy": false, "Plans": [{"Node Type": "Nested Loop", "Parent Relationship": "Outer", "Parallel Aware": false, "Async Capable": false, "Join Type": "Inner", "Startup Cost": 244512.01, "Total Cost": 273285.02, "Plan Rows": 1, "Plan Width": 31, "Actual Rows": 4, "Actual Loops": 4, "Inner Unique": true, "Workers": [], "Plans": [{"Node Type": "Nested Loop", "Parent Relationship": "Outer", "Parallel Aware": false, "Async Capable": false, "Join Type": "Inner", "Startup Cost": 244511.59, "Total Cost": 273284.11, "Plan Rows": 2, "Plan Width": 16, "Actual Rows": 99, "Actual Loops": 4, "Inner Unique": true, "Workers": [], "Plans": [{"Node Type": "Hash Join", "Parent Relationship": "Outer", "Parallel Aware": true, "Async Capable": false, "Join Type": "Inner", "Startup Cost": 244511.45, "Total Cost": 273283.48, "Plan Rows": 9, "Plan Width": 20, "Actual Rows": 712, "Actual Loops": 4, "Inner Unique": false, "Hash Cond": "(mc.movie_id = mk.movie_id)", "Workers": [], "Plans": [{"Node Type": "Seq Scan", "Parent Relationship": "Outer", "Parallel Aware": true, "Async Capable": false, "Relation Name": "movie_companies", "Alias": "mc", "Startup Cost": 0.0, "Total Cost": 27240.55, "Plan Rows": 408393, "Plan Width": 12, "Actual Rows": 317997, "Actual Loops": 4, "Filter": "(note IS NULL)", "Rows Removed by Filter": 334285, "Workers": []}, {"Node Type": "Hash", "Parent Relationship": "Inner", "Parallel Aware": true, "Async Capable": false, "Startup Cost": 244511.42, "Total Cost": 244511.42, "Plan Rows": 2, "Plan Width": 8, "Actual Rows": 396, "Actual Loops": 4, "Hash Buckets": 1024, "Original Hash Buckets": 1024, "Hash Batches": 1, "Original Hash Batches": 1, "Peak Memory Usage": 136, "Workers": [], "Plans": [{"Node Type": "Hash Join", "Parent Relationship": "Outer", "Parallel Aware": true, "Async Capable": false, "Join Type": "Inner", "Startup Cost": 45589.47, "Total Cost": 244511.42, "Plan Rows": 2, "Plan Width": 8, "Actual Rows": 396, "Actual Loops": 4, "Inner Unique": false, "Hash Cond": "(mi.movie_id = mk.movie_id)", "Workers": [], "Plans": [{"Node Type": "Seq Scan", "Parent Relationship": "Outer", "Parallel Aware": true, "Async Capable": false, "Relation Name": "movie_info", "Alias": "mi", "Startup Cost": 0.0, "Total Cost": 198738.49, "Plan Rows": 48920, "Plan Width": 4, "Actual Rows": 60961, "Actual Loops": 4, "Filter": "((info)::text = 'Drama'::text)", "Rows Removed by Filter": 3647969, "Workers": []}, {"Node Type": "Hash", "Parent Relationship": "Inner", "Parallel Aware": true, "Async Capable": false, "Startup Cost": 45589.33, "Total Cost": 45589.33, "Plan Rows": 11, "Plan Width": 4, "Actual Rows": 2636, "Actual Loops": 4, "Hash Buckets": 8192, "Original Hash Buckets": 1024, "Hash Batches": 1, "Original Hash Batches": 1, "Peak Memory Usage": 568, "Workers": [], "Plans": [{"Node Type": "Hash Join", "Parent Relationship": "Outer", "Parallel Aware": false, "Async Capable": false, "Join Type": "Inner", "Startup Cost": 2685.14, "Total Cost": 45589.33, "Plan Rows": 11, "Plan Width": 4, "Actual Rows": 2636, "Actual Loops": 4, "Inner Unique": true, "Hash Cond": "(mk.keyword_id = k.id)", "Workers": [], "Plans": [{"Node Type": "Seq Scan", "Parent Relationship": "Outer", "Parallel Aware": true, "Async Capable": false, "Relation Name": "movie_keyword", "Alias": "mk", "Startup Cost": 0.0, "Total Cost": 39073.32, "Plan Rows": 1459332, "Plan Width": 8, "Actual Rows": 1130982, "Actual Loops": 4, "Workers": []}, {"Node Type": "Hash", "Parent Relationship": "Inner", "Parallel Aware": false, "Async Capable": false, "Startup Cost": 2685.12, "Total Cost": 2685.12, "Plan Rows": 1, "Plan Width": 4, "Actual Rows": 1, "Actual Loops": 4, "Hash Buckets": 1024, "Original Hash Buckets": 1024, "Hash Batches": 1, "Original Hash Batches": 1, "Peak Memory Usage": 9, "Workers": [], "Plans": [{"Node Type": "Seq Scan", "Parent Relationship": "Outer", "Parallel Aware": false, "Async Capable": false, "Relation Name": "keyword", "Alias": "k", "Startup Cost": 0.0, "Total Cost": 2685.12, "Plan Rows": 1, "Plan Width": 4, "Actual Rows": 1, "Actual Loops": 4, "Filter": "((keyword)::text = 'sequel'::text)", "Rows Removed by Filter": 134169, "Workers": []}]}]}]}]}]}]}, {"Node Type": "Memoize", "Parent Relationship": "Inner", "Parallel Aware": false, "Async Capable": false, "Startup Cost": 0.14, "Total Cost": 0.16, "Plan Rows": 1, "Plan Width": 4, "Actual Rows": 0, "Actual Loops": 2847, "Cache Key": "mc.company_type_id", "Cache Mode": "logical", "Cache Hits": 560, "Cache Misses": 2, "Cache Evictions": 0, "Cache Overflows": 0, "Peak Memory Usage": 1, "Workers": [{"Worker Number": 0, "Cache Hits": 727, "Cache Misses": 2, "Cache Evictions": 0, "Cache Overflows": 0, "Peak Memory Usage": 1}, {"Worker Number": 1, "Cache Hits": 778, "Cache Misses": 2, "Cache Evictions": 0, "Cache Overflows": 0, "Peak Memory Usage": 1}, {"Worker Number": 2, "Cache Hits": 774, "Cache Misses": 2, "Cache Evictions": 0, "Cache Overflows": 0, "Peak Memory Usage": 1}], "Plans": [{"Node Type": "Index Scan", "Parent Relationship": "Outer", "Parallel Aware": false, "Async Capable": false, "Scan Direction": "Forward", "Index Name": "company_type_pkey", "Relation Name": "company_type", "Alias": "ct", "Startup Cost": 0.13, "Total Cost": 0.15, "Plan Rows": 1, "Plan Width": 4, "Actual Rows": 0, "Actual Loops": 8, "Index Cond": "(id = mc.company_type_id)", "Rows Removed by Index Recheck": 0, "Filter": "((kind)::text = 'distributors'::text)", "Rows Removed by Filter": 0, "Workers": []}]}]}, {"Node Type": "Index Scan", "Parent Relationship": "Inner", "Parallel Aware": false, "Async Capable": false, "Scan Direction": "Forward", "Index Name": "company_name_pkey", "Relation Name": "company_name", "Alias": "cn", "Startup Cost": 0.42, "Total Cost": 0.45, "Plan Rows": 1, "Plan Width": 23, "Actual Rows": 0, "Actual Loops": 395, "Index Cond": "(id = mc.company_id)", "Rows Removed by Index Recheck": 0, "Filter": "(((country_code)::text <> '[ru]'::text) AND ((name)::text ~~ '%Warner%'::text))", "Rows Removed by Filter": 1, "Workers": []}]}]}, {"Node Type": "Index Scan", "Parent Relationship": "Inner", "Parallel Aware": false, "Async Capable": false, "Scan Direction": "Forward", "Index Name": "title_pkey", "Relation Name": "title", "Alias": "t", "Startup Cost": 0.43, "Total Cost": 0.49, "Plan Rows": 1, "Plan Width": 21, "Actual Rows": 1, "Actual Loops": 16, "Index Cond": "(id = mk.movie_id)", "Rows Removed by Index Recheck": 0, "Filter": "(production_year >= 1980)", "Rows Removed by Filter": 0}]}]}]}]}, "Planning Time": 12.985, "Triggers": [], "Execution Time": 998.715}, {"Plan": {"Node Type": "Aggregate", "Strategy": "Plain", "Partial Mode": "Simple", "Parallel Aware": false, "Async Capable": false, "Startup Cost": 279077.22, "Total Cost": 279077.23, "Plan Rows": 1, "Plan Width": 96, "Actual Rows": 1, "Actual Loops": 1, "Plans": [{"Node Type": "Gather", "Parent Relationship": "Outer", "Parallel Aware": false, "Async Capable": false, "Startup Cost": 79849.3, "Total Cost": 279077.21, "Plan Rows": 1, "Plan Width": 48, "Actual Rows": 1, "Actual Loops": 1, "Workers Planned": 5, "Workers Launched": 5, "Single Copy": false, "Plans": [{"Node Type": "Nested Loop", "Parent Relationship": "Outer", "Parallel Aware": false, "Async Capable": false, "Join Type": "Inner", "Startup Cost": 78849.3, "Total Cost": 278077.11, "Plan Rows": 1, "Plan Width": 48, "Actual Rows": 0, "Actual Loops": 6, "Inner Unique": true, "Workers": [], "Plans": [{"Node Type": "Hash Join", "Parent Relationship": "Outer", "Parallel Aware": false, "Async Capable": false, "Join Type": "Inner", "Startup Cost": 78848.87, "Total Cost": 278076.65, "Plan Rows": 1, "Plan Width": 52, "Actual Rows": 11, "Actual Loops": 6, "Inner Unique": true, "Hash Cond": "(ml.link_type_id = lt.id)", "Workers": [], "Plans": [{"Node Type": "Hash Join", "Parent Relationship": "Outer", "Parallel Aware": true, "Async Capable": false, "Join Type": "Inner", "Startup Cost": 78847.64, "Total Cost": 278075.37, "Plan Rows": 12, "Plan Width": 44, "Actual Rows": 123, "Actual Loops": 6, "Inner Unique": false, "Hash Cond": "(mi.movie_id = ml.movie_id)", "Workers": [], "Plans": [{"Node Type": "Seq Scan", "Parent Relationship": "Outer", "Parallel Aware": true, "Async Capable": false, "Relation Name": "movie_info", "Alias": "mi", "Startup Cost": 0.0, "Total Cost": 198738.49, "Plan Rows": 48920, "Plan Width": 4, "Actual Rows": 40640, "Actual Loops": 6, "Filter": "((info)::text = 'Drama'::text)", "Rows Removed by Filter": 2431980, "Workers": []}, {"Node Type": "Hash", "Parent Relationship": "Inner", "Parallel Aware": true, "Async Capable": false, "Startup Cost": 78846.96, "Total Cost": 78846.96, "Plan Rows": 54, "Plan Width": 60, "Actual Rows": 1076, "Actual Loops": 6, "Hash Buckets": 8192, "Original Hash Buckets": 1024, "Hash Batches": 1, "Original Hash Batches": 1, "Peak Memory Usage": 888, "Workers": [], "Plans": [{"Node Type": "Hash Join", "Parent Relationship": "Outer", "Parallel Aware": true, "Async Capable": false, "Join Type": "Inner", "Startup Cost": 34300.95, "Total Cost": 78846.96, "Plan Rows": 54, "Plan Width": 60, "Actual Rows": 1076, "Actual Loops": 6, "Inner Unique": false, "Hash Cond": "(mk.movie_id = ml.movie_id)", "Workers": [], "Plans": [{"Node Type": "Seq Scan", "Parent Relationship": "Outer", "Parallel Aware": true, "Async Capable": false, "Relation Name": "movie_keyword", "Alias": "mk", "Startup Cost": 0.0, "Total Cost": 39073.32, "Plan Rows": 1459332, "Plan Width": 8, "Actual Rows": 753988, "Actual Loops": 6, "Workers": []}, {"Node Type": "Hash", "Parent Relationship": "Inner", "Parallel Aware": true, "Async Capable": false, "Startup Cost": 34300.93, "Total Cost": 34300.93, "Plan Rows": 2, "Plan Width": 52, "Actual Rows": 17, "Actual Loops": 6, "Hash Buckets": 1024, "Original Hash Buckets": 1024, "Hash Batches": 1, "Original Hash Batches": 1, "Peak Memory Usage": 104, "Workers": [], "Plans": [{"Node Type": "Nested Loop", "Parent Relationship": "Outer", "Parallel Aware": false, "Async Capable": false, "Join Type": "Inner", "Startup Cost": 5953.7, "Total Cost": 34300.93, "Plan Rows": 2, "Plan Width": 52, "Actual Rows": 17, "Actual Loops": 6, "Inner Unique": true, "Join Filter": "(t.id = ml.movie_id)", "Rows Removed by Join Filter": 0, "Workers": [], "Plans": [{"Node Type": "Hash Join", "Parent Relationship": "Outer", "Parallel Aware": false, "Async Capable": false, "Join Type": "Inner", "Startup Cost": 5953.27, "Total Cost": 34299.72, "Plan Rows": 2, "Plan Width": 31, "Actual Rows": 28, "Actual Loops": 6, "Inner Unique": false, "Hash Cond": "(mc.movie_id = ml.movie_id)", "Workers": [], "Plans": [{"Node Type": "Hash Join", "Parent Relationship": "Outer", "Parallel Aware": false, "Async Capable": false, "Join Type": "Inner", "Startup Cost": 5115.34, "Total Cost": 33428.93, "Plan Rows": 46, "Plan Width": 23, "Actual Rows": 206, "Actual Loops": 6, "Inner Unique": true, "Hash Cond": "(mc.company_type_id = ct.id)", "Workers": [], "Plans": [{"Node Type": "Hash Join", "Parent Relationship": "Outer", "Parallel Aware": true, "Async Capable": false, "Join Type": "Inner", "Startup Cost": 5114.28, "Total Cost": 33426.88, "Plan Rows": 184, "Plan Width": 27, "Actual Rows": 2232, "Actual Loops": 6, "Inner Unique": true, "Hash Cond": "(mc.company_id = cn.id)", "Workers": [], "Plans": [{"Node Type": "Seq Scan", "Parent Relationship": "Outer", "Parallel Aware": true, "Async Capable": false, "Relation Name": "movie_companies", "Alias": "mc", "Startup Cost": 0.0, "Total Cost": 27240.55, "Plan Rows": 408393, "Plan Width": 12, "Actual Rows": 211998, "Actual Loops": 6, "Filter": "(note IS NULL)", "Rows Removed by Filter": 222857, "Workers": []}, {"Node Type": "Hash", "Parent Relationship": "Inner", "Parallel Aware": true, "Async Capable": false, "Startup Cost": 5113.5, "Total Cost": 5113.5, "Plan Rows": 62, "Plan Width": 23, "Actual Rows": 45, "Actual Loops": 6, "Hash Buckets": 1024, "Original Hash Buckets": 1024, "Hash Batches": 1, "Original Hash Batches": 1, "Peak Memory Usage": 200, "Workers": [], "Plans": [{"Node Type": "Seq Scan", "Parent Relationship": "Outer", "Parallel Aware": true, "Async Capable": false, "Relation Name": "company_name", "Alias": "cn", "Startup Cost": 0.0, "Total Cost": 5113.5, "Plan Rows": 62, "Plan Width": 23, "Actual Rows": 45, "Actual Loops": 6, "Filter": "(((country_code)::text <> '[ru]'::text) AND ((name)::text ~~ '%Warner%'::text))", "Rows Removed by Filter": 39121, "Workers": []}]}]}, {"Node Type": "Hash", "Parent Relationship": "Inner", "Parallel Aware": false, "Async Capable": false, "Startup Cost": 1.05, "Total Cost": 1.05, "Plan Rows": 1, "Plan Width": 4, "Actual Rows": 1, "Actual Loops": 6, "Hash Buckets": 1024, "Original Hash Buckets": 1024, "Hash Batches": 1, "Original Hash Batches": 1, "Peak Memory Usage": 9, "Workers": [], "Plans": [{"Node Type": "Seq Scan", "Parent Relationship": "Outer", "Parallel Aware": false, "Async Capable": false, "Relation Name": "company_type", "Alias": "ct", "Startup Cost": 0.0, "Total Cost": 1.05, "Plan Rows": 1, "Plan Width": 4, "Actual Rows": 1, "Actual Loops": 6, "Filter": "((kind)::text = 'distributors'::text)", "Rows Removed by Filter": 3, "Workers": []}]}]}, {"Node Type": "Hash", "Parent Relationship": "Inner", "Parallel Aware": false, "Async Capable": false, "Startup Cost": 462.97, "Total Cost": 462.97, "Plan Rows": 29997, "Plan Width": 8, "Actual Rows": 29997, "Actual Loops": 6, "Hash Buckets": 32768, "Original Hash Buckets": 32768, "Hash Batches": 1, "Original Hash Batches": 1, "Peak Memory Usage": 1428, "Workers": [], "Plans": [{"Node Type": "Seq Scan", "Parent Relationship": "Outer", "Parallel Aware": false, "Async Capable": false, "Relation Name": "movie_link", "Alias": "ml", "Startup Cost": 0.0, "Total Cost": 462.97, "Plan Rows": 29997, "Plan Width": 8, "Actual Rows": 29997, "Actual Loops": 6, "Workers": []}]}]}, {"Node Type": "Index Scan", "Parent Relationship": "Inner", "Parallel Aware": false, "Async Capable": false, "Scan Direction": "Forward", "Index Name": "title_pkey", "Relation Name": "title", "Alias": "t", "Startup Cost": 0.43, "Total Cost": 0.59, "Plan Rows": 1, "Plan Width": 21, "Actual Rows": 1, "Actual Loops": 167, "Index Cond": "(id = mc.movie_id)", "Rows Removed by Index Recheck": 0, "Filter": "(production_year >= 1980)", "Rows Removed by Filter": 0, "Workers": []}]}]}]}]}]}, {"Node Type": "Hash", "Parent Relationship": "Inner", "Parallel Aware": false, "Async Capable": false, "Startup Cost": 1.23, "Total Cost": 1.23, "Plan Rows": 1, "Plan Width": 16, "Actual Rows": 2, "Actual Loops": 6, "Hash Buckets": 1024, "Original Hash Buckets": 1024, "Hash Batches": 1, "Original Hash Batches": 1, "Peak Memory Usage": 9, "Workers": [], "Plans": [{"Node Type": "Seq Scan", "Parent Relationship": "Outer", "Parallel Aware": false, "Async Capable": false, "Relation Name": "link_type", "Alias": "lt", "Startup Cost": 0.0, "Total Cost": 1.23, "Plan Rows": 1, "Plan Width": 16, "Actual Rows": 2, "Actual Loops": 6, "Filter": "((link)::text ~~ '%follow%'::text)", "Rows Removed by Filter": 16, "Workers": []}]}]}, {"Node Type": "Memoize", "Parent Relationship": "Inner", "Parallel Aware": false, "Async Capable": false, "Startup Cost": 0.43, "Total Cost": 0.45, "Plan Rows": 1, "Plan Width": 4, "Actual Rows": 0, "Actual Loops": 65, "Cache Key": "mk.keyword_id", "Cache Mode": "logical", "Workers": [{"Worker Number": 1, "Cache Hits": 1, "Cache Misses": 64, "Cache Evictions": 0, "Cache Overflows": 0, "Peak Memory Usage": 5}], "Plans": [{"Node Type": "Index Scan", "Parent Relationship": "Outer", "Parallel Aware": false, "Async Capable": false, "Scan Direction": "Forward", "Index Name": "keyword_pkey", "Relation Name": "keyword", "Alias": "k", "Startup Cost": 0.42, "Total Cost": 0.44, "Plan Rows": 1, "Plan Width": 4, "Actual Rows": 0, "Actual Loops": 64, "Index Cond": "(id = mk.keyword_id)", "Rows Removed by Index Recheck": 0, "Filter": "((keyword)::text = 'sequel'::text)", "Rows Removed by Filter": 1, "Workers": []}]}]}]}]}, "Planning Time": 10.487, "Triggers": [], "Execution Time": 845.026}, {"Plan": {"Node Type": "Aggregate", "Strategy": "Plain", "Partial Mode": "Simple", "Parallel Aware": false, "Async Capable": false, "Startup Cost": 281762.12, "Total Cost": 281762.13, "Plan Rows": 1, "Plan Width": 96, "Actual Rows": 1, "Actual Loops": 1, "Plans": [{"Node Type": "Nested Loop", "Parent Relationship": "Outer", "Parallel Aware": false, "Async Capable": false, "Join Type": "Inner", "Startup Cost": 79848.87, "Total Cost": 281762.11, "Plan Rows": 1, "Plan Width": 48, "Actual Rows": 1, "Actual Loops": 1, "Inner Unique": false, "Join Filter": "(k.id = mk.keyword_id)", "Rows Removed by Join Filter": 64, "Plans": [{"Node Type": "Seq Scan", "Parent Relationship": "Outer", "Parallel Aware": false, "Async Capable": false, "Relation Name": "keyword", "Alias": "k", "Startup Cost": 0.0, "Total Cost": 2685.12, "Plan Rows": 1, "Plan Width": 4, "Actual Rows": 1, "Actual Loops": 1, "Filter": "((keyword)::text = 'sequel'::text)", "Rows Removed by Filter": 134169}, {"Node Type": "Gather", "Parent Relationship": "Inner", "Parallel Aware": false, "Async Capable": false, "Startup Cost": 79848.87, "Total Cost": 279076.95, "Plan Rows": 3, "Plan Width": 52, "Actual Rows": 65, "Actual Loops": 1, "Workers Planned": 5, "Workers Launched": 5, "Single Copy": false, "Plans": [{"Node Type": "Hash Join", "Parent Relationship": "Outer", "Parallel Aware": false, "Async Capable": false, "Join Type": "Inner", "Startup Cost": 78848.87, "Total Cost": 278076.65, "Plan Rows": 1, "Plan Width": 52, "Actual Rows": 11, "Actual Loops": 6, "Inner Unique": true, "Hash Cond": "(ml.link_type_id = lt.id)", "Workers": [], "Plans": [{"Node Type": "Hash Join", "Parent Relationship": "Outer", "Parallel Aware": true, "Async Capable": false, "Join Type": "Inner", "Startup Cost": 78847.64, "Total Cost": 278075.37, "Plan Rows": 12, "Plan Width": 44, "Actual Rows": 123, "Actual Loops": 6, "Inner Unique": false, "Hash Cond": "(mi.movie_id = ml.movie_id)", "Workers": [], "Plans": [{"Node Type": "Seq Scan", "Parent Relationship": "Outer", "Parallel Aware": true, "Async Capable": false, "Relation Name": "movie_info", "Alias": "mi", "Startup Cost": 0.0, "Total Cost": 198738.49, "Plan Rows": 48920, "Plan Width": 4, "Actual Rows": 40640, "Actual Loops": 6, "Filter": "((info)::text = 'Drama'::text)", "Rows Removed by Filter": 2431980, "Workers": []}, {"Node Type": "Hash", "Parent Relationship": "Inner", "Parallel Aware": true, "Async Capable": false, "Startup Cost": 78846.96, "Total Cost": 78846.96, "Plan Rows": 54, "Plan Width": 60, "Actual Rows": 1076, "Actual Loops": 6, "Hash Buckets": 8192, "Original Hash Buckets": 1024, "Hash Batches": 1, "Original Hash Batches": 1, "Peak Memory Usage": 888, "Workers": [], "Plans": [{"Node Type": "Hash Join", "Parent Relationship": "Outer", "Parallel Aware": true, "Async Capable": false, "Join Type": "Inner", "Startup Cost": 34300.95, "Total Cost": 78846.96, "Plan Rows": 54, "Plan Width": 60, "Actual Rows": 1076, "Actual Loops": 6, "Inner Unique": false, "Hash Cond": "(mk.movie_id = ml.movie_id)", "Workers": [], "Plans": [{"Node Type": "Seq Scan", "Parent Relationship": "Outer", "Parallel Aware": true, "Async Capable": false, "Relation Name": "movie_keyword", "Alias": "mk", "Startup Cost": 0.0, "Total Cost": 39073.32, "Plan Rows": 1459332, "Plan Width": 8, "Actual Rows": 753988, "Actual Loops": 6, "Workers": []}, {"Node Type": "Hash", "Parent Relationship": "Inner", "Parallel Aware": true, "Async Capable": false, "Startup Cost": 34300.93, "Total Cost": 34300.93, "Plan Rows": 2, "Plan Width": 52, "Actual Rows": 17, "Actual Loops": 6, "Hash Buckets": 1024, "Original Hash Buckets": 1024, "Hash Batches": 1, "Original Hash Batches": 1, "Peak Memory Usage": 168, "Workers": [], "Plans": [{"Node Type": "Nested Loop", "Parent Relationship": "Outer", "Parallel Aware": false, "Async Capable": false, "Join Type": "Inner", "Startup Cost": 5953.7, "Total Cost": 34300.93, "Plan Rows": 2, "Plan Width": 52, "Actual Rows": 17, "Actual Loops": 6, "Inner Unique": true, "Join Filter": "(t.id = ml.movie_id)", "Rows Removed by Join Filter": 0, "Workers": [], "Plans": [{"Node Type": "Hash Join", "Parent Relationship": "Outer", "Parallel Aware": false, "Async Capable": false, "Join Type": "Inner", "Startup Cost": 5953.27, "Total Cost": 34299.72, "Plan Rows": 2, "Plan Width": 31, "Actual Rows": 28, "Actual Loops": 6, "Inner Unique": false, "Hash Cond": "(mc.movie_id = ml.movie_id)", "Workers": [], "Plans": [{"Node Type": "Hash Join", "Parent Relationship": "Outer", "Parallel Aware": false, "Async Capable": false, "Join Type": "Inner", "Startup Cost": 5115.34, "Total Cost": 33428.93, "Plan Rows": 46, "Plan Width": 23, "Actual Rows": 206, "Actual Loops": 6, "Inner Unique": true, "Hash Cond": "(mc.company_type_id = ct.id)", "Workers": [], "Plans": [{"Node Type": "Hash Join", "Parent Relationship": "Outer", "Parallel Aware": true, "Async Capable": false, "Join Type": "Inner", "Startup Cost": 5114.28, "Total Cost": 33426.88, "Plan Rows": 184, "Plan Width": 27, "Actual Rows": 2232, "Actual Loops": 6, "Inner Unique": true, "Hash Cond": "(mc.company_id = cn.id)", "Workers": [], "Plans": [{"Node Type": "Seq Scan", "Parent Relationship": "Outer", "Parallel Aware": true, "Async Capable": false, "Relation Name": "movie_companies", "Alias": "mc", "Startup Cost": 0.0, "Total Cost": 27240.55, "Plan Rows": 408393, "Plan Width": 12, "Actual Rows": 211998, "Actual Loops": 6, "Filter": "(note IS NULL)", "Rows Removed by Filter": 222857, "Workers": []}, {"Node Type": "Hash", "Parent Relationship": "Inner", "Parallel Aware": true, "Async Capable": false, "Startup Cost": 5113.5, "Total Cost": 5113.5, "Plan Rows": 62, "Plan Width": 23, "Actual Rows": 45, "Actual Loops": 6, "Hash Buckets": 1024, "Original Hash Buckets": 1024, "Hash Batches": 1, "Original Hash Batches": 1, "Peak Memory Usage": 200, "Workers": [], "Plans": [{"Node Type": "Seq Scan", "Parent Relationship": "Outer", "Parallel Aware": true, "Async Capable": false, "Relation Name": "company_name", "Alias": "cn", "Startup Cost": 0.0, "Total Cost": 5113.5, "Plan Rows": 62, "Plan Width": 23, "Actual Rows": 45, "Actual Loops": 6, "Filter": "(((country_code)::text <> '[ru]'::text) AND ((name)::text ~~ '%Warner%'::text))", "Rows Removed by Filter": 39121, "Workers": []}]}]}, {"Node Type": "Hash", "Parent Relationship": "Inner", "Parallel Aware": false, "Async Capable": false, "Startup Cost": 1.05, "Total Cost": 1.05, "Plan Rows": 1, "Plan Width": 4, "Actual Rows": 1, "Actual Loops": 6, "Hash Buckets": 1024, "Original Hash Buckets": 1024, "Hash Batches": 1, "Original Hash Batches": 1, "Peak Memory Usage": 9, "Workers": [], "Plans": [{"Node Type": "Seq Scan", "Parent Relationship": "Outer", "Parallel Aware": false, "Async Capable": false, "Relation Name": "company_type", "Alias": "ct", "Startup Cost": 0.0, "Total Cost": 1.05, "Plan Rows": 1, "Plan Width": 4, "Actual Rows": 1, "Actual Loops": 6, "Filter": "((kind)::text = 'distributors'::text)", "Rows Removed by Filter": 3, "Workers": []}]}]}, {"Node Type": "Hash", "Parent Relationship": "Inner", "Parallel Aware": false, "Async Capable": false, "Startup Cost": 462.97, "Total Cost": 462.97, "Plan Rows": 29997, "Plan Width": 8, "Actual Rows": 29997, "Actual Loops": 6, "Hash Buckets": 32768, "Original Hash Buckets": 32768, "Hash Batches": 1, "Original Hash Batches": 1, "Peak Memory Usage": 1428, "Workers": [], "Plans": [{"Node Type": "Seq Scan", "Parent Relationship": "Outer", "Parallel Aware": false, "Async Capable": false, "Relation Name": "movie_link", "Alias": "ml", "Startup Cost": 0.0, "Total Cost": 462.97, "Plan Rows": 29997, "Plan Width": 8, "Actual Rows": 29997, "Actual Loops": 6, "Workers": []}]}]}, {"Node Type": "Index Scan", "Parent Relationship": "Inner", "Parallel Aware": false, "Async Capable": false, "Scan Direction": "Forward", "Index Name": "title_pkey", "Relation Name": "title", "Alias": "t", "Startup Cost": 0.43, "Total Cost": 0.59, "Plan Rows": 1, "Plan Width": 21, "Actual Rows": 1, "Actual Loops": 167, "Index Cond": "(id = mc.movie_id)", "Rows Removed by Index Recheck": 0, "Filter": "(production_year >= 1980)", "Rows Removed by Filter": 0, "Workers": []}]}]}]}]}]}, {"Node Type": "Hash", "Parent Relationship": "Inner", "Parallel Aware": false, "Async Capable": false, "Startup Cost": 1.23, "Total Cost": 1.23, "Plan Rows": 1, "Plan Width": 16, "Actual Rows": 2, "Actual Loops": 6, "Hash Buckets": 1024, "Original Hash Buckets": 1024, "Hash Batches": 1, "Original Hash Batches": 1, "Peak Memory Usage": 9, "Workers": [], "Plans": [{"Node Type": "Seq Scan", "Parent Relationship": "Outer", "Parallel Aware": false, "Async Capable": false, "Relation Name": "link_type", "Alias": "lt", "Startup Cost": 0.0, "Total Cost": 1.23, "Plan Rows": 1, "Plan Width": 16, "Actual Rows": 2, "Actual Loops": 6, "Filter": "((link)::text ~~ '%follow%'::text)", "Rows Removed by Filter": 16, "Workers": []}]}]}]}]}]}, "Planning Time": 11.163, "Triggers": [], "Execution Time": 1208.789}, {"Plan": {"Node Type": "Aggregate", "Strategy": "Plain", "Partial Mode": "Finalize", "Parallel Aware": false, "Async Capable": false, "Startup Cost": 279601.97, "Total Cost": 279601.98, "Plan Rows": 1, "Plan Width": 96, "Actual Rows": 1, "Actual Loops": 1, "Plans": [{"Node Type": "Gather", "Parent Relationship": "Outer", "Parallel Aware": false, "Async Capable": false, "Startup Cost": 279601.63, "Total Cost": 279601.94, "Plan Rows": 3, "Plan Width": 96, "Actual Rows": 4, "Actual Loops": 1, "Workers Planned": 3, "Workers Launched": 3, "Single Copy": false, "Plans": [{"Node Type": "Aggregate", "Strategy": "Plain", "Partial Mode": "Partial", "Parent Relationship": "Outer", "Parallel Aware": false, "Async Capable": false, "Startup Cost": 278601.63, "Total Cost": 278601.64, "Plan Rows": 1, "Plan Width": 96, "Actual Rows": 1, "Actual Loops": 4, "Workers": [], "Plans": [{"Node Type": "Hash Join", "Parent Relationship": "Outer", "Parallel Aware": true, "Async Capable": false, "Join Type": "Inner", "Startup Cost": 278593.26, "Total Cost": 278601.63, "Plan Rows": 1, "Plan Width": 48, "Actual Rows": 0, "Actual Loops": 4, "Inner Unique": false, "Hash Cond": "(ml.movie_id = t.id)", "Workers": [], "Plans": [{"Node Type": "Merge Join", "Parent Relationship": "Outer", "Parallel Aware": false, "Async Capable": false, "Join Type": "Inner", "Startup Cost": 34080.84, "Total Cost": 34089.19, "Plan Rows": 1, "Plan Width": 39, "Actual Rows": 3, "Actual Loops": 4, "Inner Unique": false, "Merge Cond": "(mc.movie_id = ml.movie_id)", "Workers": [], "Plans": [{"Node Type": "Sort", "Parent Relationship": "Outer", "Parallel Aware": false, "Async Capable": false, "Startup Cost": 33430.2, "Total Cost": 33430.32, "Plan Rows": 46, "Plan Width": 23, "Actual Rows": 4, "Actual Loops": 4, "Sort Key": ["mc.movie_id"], "Sort Method": "quicksort", "Sort Space Used": 39, "Sort Space Type": "Memory", "Workers": [{"Worker Number": 0, "Sort Method": "quicksort", "Sort Space Used": 39, "Sort Space Type": "Memory"}, {"Worker Number": 1, "Sort Method": "quicksort", "Sort Space Used": 38, "Sort Space Type": "Memory"}, {"Worker Number": 2, "Sort Method": "quicksort", "Sort Space Used": 36, "Sort Space Type": "Memory"}], "Plans": [{"Node Type": "Hash Join", "Parent Relationship": "Outer", "Parallel Aware": false, "Async Capable": false, "Join Type": "Inner", "Startup Cost": 5115.34, "Total Cost": 33428.93, "Plan Rows": 46, "Plan Width": 23, "Actual Rows": 308, "Actual Loops": 4, "Inner Unique": true, "Hash Cond": "(mc.company_type_id = ct.id)", "Workers": [], "Plans": [{"Node Type": "Hash Join", "Parent Relationship": "Outer", "Parallel Aware": true, "Async Capable": false, "Join Type": "Inner", "Startup Cost": 5114.28, "Total Cost": 33426.88, "Plan Rows": 184, "Plan Width": 27, "Actual Rows": 3347, "Actual Loops": 4, "Inner Unique": true, "Hash Cond": "(mc.company_id = cn.id)", "Workers": [], "Plans": [{"Node Type": "Seq Scan", "Parent Relationship": "Outer", "Parallel Aware": true, "Async Capable": false, "Relation Name": "movie_companies", "Alias": "mc", "Startup Cost": 0.0, "Total Cost": 27240.55, "Plan Rows": 408393, "Plan Width": 12, "Actual Rows": 317997, "Actual Loops": 4, "Filter": "(note IS NULL)", "Rows Removed by Filter": 334285, "Workers": []}, {"Node Type": "Hash", "Parent Relationship": "Inner", "Parallel Aware": true, "Async Capable": false, "Startup Cost": 5113.5, "Total Cost": 5113.5, "Plan Rows": 62, "Plan Width": 23, "Actual Rows": 68, "Actual Loops": 4, "Hash Buckets": 1024, "Original Hash Buckets": 1024, "Hash Batches": 1, "Original Hash Batches": 1, "Peak Memory Usage": 136, "Workers": [], "Plans": [{"Node Type": "Seq Scan", "Parent Relationship": "Outer", "Parallel Aware": true, "Async Capable": false, "Relation Name": "company_name", "Alias": "cn", "Startup Cost": 0.0, "Total Cost": 5113.5, "Plan Rows": 62, "Plan Width": 23, "Actual Rows": 68, "Actual Loops": 4, "Filter": "(((country_code)::text <> '[ru]'::text) AND ((name)::text ~~ '%Warner%'::text))", "Rows Removed by Filter": 58682, "Workers": []}]}]}, {"Node Type": "Hash", "Parent Relationship": "Inner", "Parallel Aware": false, "Async Capable": false, "Startup Cost": 1.05, "Total Cost": 1.05, "Plan Rows": 1, "Plan Width": 4, "Actual Rows": 1, "Actual Loops": 4, "Hash Buckets": 1024, "Original Hash Buckets": 1024, "Hash Batches": 1, "Original Hash Batches": 1, "Peak Memory Usage": 9, "Workers": [], "Plans": [{"Node Type": "Seq Scan", "Parent Relationship": "Outer", "Parallel Aware": false, "Async Capable": false, "Relation Name": "company_type", "Alias": "ct", "Startup Cost": 0.0, "Total Cost": 1.05, "Plan Rows": 1, "Plan Width": 4, "Actual Rows": 1, "Actual Loops": 4, "Filter": "((kind)::text = 'distributors'::text)", "Rows Removed by Filter": 3, "Workers": []}]}]}]}, {"Node Type": "Sort", "Parent Relationship": "Inner", "Parallel Aware": false, "Async Capable": false, "Startup Cost": 650.63, "Total Cost": 654.8, "Plan Rows": 1666, "Plan Width": 16, "Actual Rows": 2315, "Actual Loops": 4, "Sort Key": ["ml.movie_id"], "Sort Method": "quicksort", "Sort Space Used": 187, "Sort Space Type": "Memory", "Workers": [{"Worker Number": 0, "Sort Method": "quicksort", "Sort Space Used": 187, "Sort Space Type": "Memory"}, {"Worker Number": 1, "Sort Method": "quicksort", "Sort Space Used": 187, "Sort Space Type": "Memory"}, {"Worker Number": 2, "Sort Method": "quicksort", "Sort Space Used": 187, "Sort Space Type": "Memory"}], "Plans": [{"Node Type": "Hash Join", "Parent Relationship": "Outer", "Parallel Aware": false, "Async Capable": false, "Join Type": "Inner", "Startup Cost": 1.24, "Total Cost": 561.48, "Plan Rows": 1666, "Plan Width": 16, "Actual Rows": 2315, "Actual Loops": 4, "Inner Unique": true, "Hash Cond": "(ml.link_type_id = lt.id)", "Workers": [], "Plans": [{"Node Type": "Seq Scan", "Parent Relationship": "Outer", "Parallel Aware": false, "Async Capable": false, "Relation Name": "movie_link", "Alias": "ml", "Startup Cost": 0.0, "Total Cost": 462.97, "Plan Rows": 29997, "Plan Width": 8, "Actual Rows": 29997, "Actual Loops": 4, "Workers": []}, {"Node Type": "Hash", "Parent Relationship": "Inner", "Parallel Aware": false, "Async Capable": false, "Startup Cost": 1.23, "Total Cost": 1.23, "Plan Rows": 1, "Plan Width": 16, "Actual Rows": 2, "Actual Loops": 4, "Hash Buckets": 1024, "Original Hash Buckets": 1024, "Hash Batches": 1, "Original Hash Batches": 1, "Peak Memory Usage": 9, "Workers": [], "Plans": [{"Node Type": "Seq Scan", "Parent Relationship": "Outer", "Parallel Aware": false, "Async Capable": false, "Relation Name": "link_type", "Alias": "lt", "Startup Cost": 0.0, "Total Cost": 1.23, "Plan Rows": 1, "Plan Width": 16, "Actual Rows": 2, "Actual Loops": 4, "Filter": "((link)::text ~~ '%follow%'::text)", "Rows Removed by Filter": 16, "Workers": []}]}]}]}]}, {"Node Type": "Hash", "Parent Relationship": "Inner", "Parallel Aware": true, "Async Capable": false, "Startup Cost": 244512.4, "Total Cost": 244512.4, "Plan Rows": 2, "Plan Width": 29, "Actual Rows": 262, "Actual Loops": 4, "Hash Buckets": 1024, "Original Hash Buckets": 1024, "Hash Batches": 1, "Original Hash Batches": 1, "Peak Memory Usage": 136, "Workers": [], "Plans": [{"Node Type": "Nested Loop", "Parent Relationship": "Outer", "Parallel Aware": false, "Async Capable": false, "Join Type": "Inner", "Startup Cost": 45589.9, "Total Cost": 244512.4, "Plan Rows": 2, "Plan Width": 29, "Actual Rows": 262, "Actual Loops": 4, "Inner Unique": true, "Workers": [], "Plans": [{"Node Type": "Hash Join", "Parent Relationship": "Outer", "Parallel Aware": true, "Async Capable": false, "Join Type": "Inner", "Startup Cost": 45589.47, "Total Cost": 244511.42, "Plan Rows": 2, "Plan Width": 8, "Actual Rows": 396, "Actual Loops": 4, "Inner Unique": false, "Hash Cond": "(mi.movie_id = mk.movie_id)", "Workers": [], "Plans": [{"Node Type": "Seq Scan", "Parent Relationship": "Outer", "Parallel Aware": true, "Async Capable": false, "Relation Name": "movie_info", "Alias": "mi", "Startup Cost": 0.0, "Total Cost": 198738.49, "Plan Rows": 48920, "Plan Width": 4, "Actual Rows": 60961, "Actual Loops": 4, "Filter": "((info)::text = 'Drama'::text)", "Rows Removed by Filter": 3647969, "Workers": []}, {"Node Type": "Hash", "Parent Relationship": "Inner", "Parallel Aware": true, "Async Capable": false, "Startup Cost": 45589.33, "Total Cost": 45589.33, "Plan Rows": 11, "Plan Width": 4, "Actual Rows": 2636, "Actual Loops": 4, "Hash Buckets": 8192, "Original Hash Buckets": 1024, "Hash Batches": 1, "Original Hash Batches": 1, "Peak Memory Usage": 568, "Workers": [], "Plans": [{"Node Type": "Hash Join", "Parent Relationship": "Outer", "Parallel Aware": false, "Async Capable": false, "Join Type": "Inner", "Startup Cost": 2685.14, "Total Cost": 45589.33, "Plan Rows": 11, "Plan Width": 4, "Actual Rows": 2636, "Actual Loops": 4, "Inner Unique": true, "Hash Cond": "(mk.keyword_id = k.id)", "Workers": [], "Plans": [{"Node Type": "Seq Scan", "Parent Relationship": "Outer", "Parallel Aware": true, "Async Capable": false, "Relation Name": "movie_keyword", "Alias": "mk", "Startup Cost": 0.0, "Total Cost": 39073.32, "Plan Rows": 1459332, "Plan Width": 8, "Actual Rows": 1130982, "Actual Loops": 4, "Workers": []}, {"Node Type": "Hash", "Parent Relationship": "Inner", "Parallel Aware": false, "Async Capable": false, "Startup Cost": 2685.12, "Total Cost": 2685.12, "Plan Rows": 1, "Plan Width": 4, "Actual Rows": 1, "Actual Loops": 4, "Hash Buckets": 1024, "Original Hash Buckets": 1024, "Hash Batches": 1, "Original Hash Batches": 1, "Peak Memory Usage": 9, "Workers": [], "Plans": [{"Node Type": "Seq Scan", "Parent Relationship": "Outer", "Parallel Aware": false, "Async Capable": false, "Relation Name": "keyword", "Alias": "k", "Startup Cost": 0.0, "Total Cost": 2685.12, "Plan Rows": 1, "Plan Width": 4, "Actual Rows": 1, "Actual Loops": 4, "Filter": "((keyword)::text = 'sequel'::text)", "Rows Removed by Filter": 134169, "Workers": []}]}]}]}]}, {"Node Type": "Index Scan", "Parent Relationship": "Inner", "Parallel Aware": false, "Async Capable": false, "Scan Direction": "Forward", "Index Name": "title_pkey", "Relation Name": "title", "Alias": "t", "Startup Cost": 0.43, "Total Cost": 0.49, "Plan Rows": 1, "Plan Width": 21, "Actual Rows": 1, "Actual Loops": 1582, "Index Cond": "(id = mk.movie_id)", "Rows Removed by Index Recheck": 0, "Filter": "(production_year >= 1980)", "Rows Removed by Filter": 0, "Workers": []}]}]}]}]}]}]}, "Planning Time": 14.165, "Triggers": [], "Execution Time": 1003.797}, {"Plan": {"Node Type": "Aggregate", "Strategy": "Plain", "Partial Mode": "Finalize", "Parallel Aware": false, "Async Capable": false, "Startup Cost": 279601.59, "Total Cost": 279601.6, "Plan Rows": 1, "Plan Width": 96, "Actual Rows": 1, "Actual Loops": 1, "Plans": [{"Node Type": "Gather", "Parent Relationship": "Outer", "Parallel Aware": false, "Async Capable": false, "Startup Cost": 279601.26, "Total Cost": 279601.57, "Plan Rows": 3, "Plan Width": 96, "Actual Rows": 4, "Actual Loops": 1, "Workers Planned": 3, "Workers Launched": 3, "Single Copy": false, "Plans": [{"Node Type": "Aggregate", "Strategy": "Plain", "Partial Mode": "Partial", "Parent Relationship": "Outer", "Parallel Aware": false, "Async Capable": false, "Startup Cost": 278601.26, "Total Cost": 278601.27, "Plan Rows": 1, "Plan Width": 96, "Actual Rows": 1, "Actual Loops": 4, "Workers": [], "Plans": [{"Node Type": "Hash Join", "Parent Relationship": "Outer", "Parallel Aware": true, "Async Capable": false, "Join Type": "Inner", "Startup Cost": 278592.71, "Total Cost": 278601.25, "Plan Rows": 1, "Plan Width": 48, "Actual Rows": 0, "Actual Loops": 4, "Inner Unique": false, "Hash Cond": "(ml.movie_id = mk.movie_id)", "Workers": [], "Plans": [{"Node Type": "Nested Loop", "Parent Relationship": "Outer", "Parallel Aware": false, "Async Capable": false, "Join Type": "Inner", "Startup Cost": 34081.27, "Total Cost": 34089.79, "Plan Rows": 1, "Plan Width": 60, "Actual Rows": 2, "Actual Loops": 4, "Inner Unique": true, "Join Filter": "(t.id = ml.movie_id)", "Rows Removed by Join Filter": 0, "Workers": [], "Plans": [{"Node Type": "Merge Join", "Parent Relationship": "Outer", "Parallel Aware": false, "Async Capable": false, "Join Type": "Inner", "Startup Cost": 34080.84, "Total Cost": 34089.19, "Plan Rows": 1, "Plan Width": 39, "Actual Rows": 3, "Actual Loops": 4, "Inner Unique": false, "Merge Cond": "(mc.movie_id = ml.movie_id)", "Workers": [], "Plans": [{"Node Type": "Sort", "Parent Relationship": "Outer", "Parallel Aware": false, "Async Capable": false, "Startup Cost": 33430.2, "Total Cost": 33430.32, "Plan Rows": 46, "Plan Width": 23, "Actual Rows": 4, "Actual Loops": 4, "Sort Key": ["mc.movie_id"], "Sort Method": "quicksort", "Sort Space Used": 40, "Sort Space Type": "Memory", "Workers": [{"Worker Number": 0, "Sort Method": "quicksort", "Sort Space Used": 37, "Sort Space Type": "Memory"}, {"Worker Number": 1, "Sort Method": "quicksort", "Sort Space Used": 36, "Sort Space Type": "Memory"}, {"Worker Number": 2, "Sort Method": "quicksort", "Sort Space Used": 38, "Sort Space Type": "Memory"}], "Plans": [{"Node Type": "Hash Join", "Parent Relationship": "Outer", "Parallel Aware": false, "Async Capable": false, "Join Type": "Inner", "Startup Cost": 5115.34, "Total Cost": 33428.93, "Plan Rows": 46, "Plan Width": 23, "Actual Rows": 308, "Actual Loops": 4, "Inner Unique": true, "Hash Cond": "(mc.company_type_id = ct.id)", "Workers": [], "Plans": [{"Node Type": "Hash Join", "Parent Relationship": "Outer", "Parallel Aware": true, "Async Capable": false, "Join Type": "Inner", "Startup Cost": 5114.28, "Total Cost": 33426.88, "Plan Rows": 184, "Plan Width": 27, "Actual Rows": 3347, "Actual Loops": 4, "Inner Unique": true, "Hash Cond": "(mc.company_id = cn.id)", "Workers": [], "Plans": [{"Node Type": "Seq Scan", "Parent Relationship": "Outer", "Parallel Aware": true, "Async Capable": false, "Relation Name": "movie_companies", "Alias": "mc", "Startup Cost": 0.0, "Total Cost": 27240.55, "Plan Rows": 408393, "Plan Width": 12, "Actual Rows": 317997, "Actual Loops": 4, "Filter": "(note IS NULL)", "Rows Removed by Filter": 334285, "Workers": []}, {"Node Type": "Hash", "Parent Relationship": "Inner", "Parallel Aware": true, "Async Capable": false, "Startup Cost": 5113.5, "Total Cost": 5113.5, "Plan Rows": 62, "Plan Width": 23, "Actual Rows": 68, "Actual Loops": 4, "Hash Buckets": 1024, "Original Hash Buckets": 1024, "Hash Batches": 1, "Original Hash Batches": 1, "Peak Memory Usage": 136, "Workers": [], "Plans": [{"Node Type": "Seq Scan", "Parent Relationship": "Outer", "Parallel Aware": true, "Async Capable": false, "Relation Name": "company_name", "Alias": "cn", "Startup Cost": 0.0, "Total Cost": 5113.5, "Plan Rows": 62, "Plan Width": 23, "Actual Rows": 68, "Actual Loops": 4, "Filter": "(((country_code)::text <> '[ru]'::text) AND ((name)::text ~~ '%Warner%'::text))", "Rows Removed by Filter": 58682, "Workers": []}]}]}, {"Node Type": "Hash", "Parent Relationship": "Inner", "Parallel Aware": false, "Async Capable": false, "Startup Cost": 1.05, "Total Cost": 1.05, "Plan Rows": 1, "Plan Width": 4, "Actual Rows": 1, "Actual Loops": 4, "Hash Buckets": 1024, "Original Hash Buckets": 1024, "Hash Batches": 1, "Original Hash Batches": 1, "Peak Memory Usage": 9, "Workers": [], "Plans": [{"Node Type": "Seq Scan", "Parent Relationship": "Outer", "Parallel Aware": false, "Async Capable": false, "Relation Name": "company_type", "Alias": "ct", "Startup Cost": 0.0, "Total Cost": 1.05, "Plan Rows": 1, "Plan Width": 4, "Actual Rows": 1, "Actual Loops": 4, "Filter": "((kind)::text = 'distributors'::text)", "Rows Removed by Filter": 3, "Workers": []}]}]}]}, {"Node Type": "Sort", "Parent Relationship": "Inner", "Parallel Aware": false, "Async Capable": false, "Startup Cost": 650.63, "Total Cost": 654.8, "Plan Rows": 1666, "Plan Width": 16, "Actual Rows": 2315, "Actual Loops": 4, "Sort Key": ["ml.movie_id"], "Sort Method": "quicksort", "Sort Space Used": 187, "Sort Space Type": "Memory", "Workers": [{"Worker Number": 0, "Sort Method": "quicksort", "Sort Space Used": 187, "Sort Space Type": "Memory"}, {"Worker Number": 1, "Sort Method": "quicksort", "Sort Space Used": 187, "Sort Space Type": "Memory"}, {"Worker Number": 2, "Sort Method": "quicksort", "Sort Space Used": 187, "Sort Space Type": "Memory"}], "Plans": [{"Node Type": "Hash Join", "Parent Relationship": "Outer", "Parallel Aware": false, "Async Capable": false, "Join Type": "Inner", "Startup Cost": 1.24, "Total Cost": 561.48, "Plan Rows": 1666, "Plan Width": 16, "Actual Rows": 2315, "Actual Loops": 4, "Inner Unique": true, "Hash Cond": "(ml.link_type_id = lt.id)", "Workers": [], "Plans": [{"Node Type": "Seq Scan", "Parent Relationship": "Outer", "Parallel Aware": false, "Async Capable": false, "Relation Name": "movie_link", "Alias": "ml", "Startup Cost": 0.0, "Total Cost": 462.97, "Plan Rows": 29997, "Plan Width": 8, "Actual Rows": 29997, "Actual Loops": 4, "Workers": []}, {"Node Type": "Hash", "Parent Relationship": "Inner", "Parallel Aware": false, "Async Capable": false, "Startup Cost": 1.23, "Total Cost": 1.23, "Plan Rows": 1, "Plan Width": 16, "Actual Rows": 2, "Actual Loops": 4, "Hash Buckets": 1024, "Original Hash Buckets": 1024, "Hash Batches": 1, "Original Hash Batches": 1, "Peak Memory Usage": 9, "Workers": [], "Plans": [{"Node Type": "Seq Scan", "Parent Relationship": "Outer", "Parallel Aware": false, "Async Capable": false, "Relation Name": "link_type", "Alias": "lt", "Startup Cost": 0.0, "Total Cost": 1.23, "Plan Rows": 1, "Plan Width": 16, "Actual Rows": 2, "Actual Loops": 4, "Filter": "((link)::text ~~ '%follow%'::text)", "Rows Removed by Filter": 16, "Workers": []}]}]}]}]}, {"Node Type": "Index Scan", "Parent Relationship": "Inner", "Parallel Aware": false, "Async Capable": false, "Scan Direction": "Forward", "Index Name": "title_pkey", "Relation Name": "title", "Alias": "t", "Startup Cost": 0.43, "Total Cost": 0.59, "Plan Rows": 1, "Plan Width": 21, "Actual Rows": 1, "Actual Loops": 12, "Index Cond": "(id = mc.movie_id)", "Rows Removed by Index Recheck": 0, "Filter": "(production_year >= 1980)", "Rows Removed by Filter": 0, "Workers": []}]}, {"Node Type": "Hash", "Parent Relationship": "Inner", "Parallel Aware": true, "Async Capable": false, "Startup Cost": 244511.42, "Total Cost": 244511.42, "Plan Rows": 2, "Plan Width": 8, "Actual Rows": 396, "Actual Loops": 4, "Hash Buckets": 1024, "Original Hash Buckets": 1024, "Hash Batches": 1, "Original Hash Batches": 1, "Peak Memory Usage": 136, "Workers": [], "Plans": [{"Node Type": "Hash Join", "Parent Relationship": "Outer", "Parallel Aware": true, "Async Capable": false, "Join Type": "Inner", "Startup Cost": 45589.47, "Total Cost": 244511.42, "Plan Rows": 2, "Plan Width": 8, "Actual Rows": 396, "Actual Loops": 4, "Inner Unique": false, "Hash Cond": "(mi.movie_id = mk.movie_id)", "Workers": [], "Plans": [{"Node Type": "Seq Scan", "Parent Relationship": "Outer", "Parallel Aware": true, "Async Capable": false, "Relation Name": "movie_info", "Alias": "mi", "Startup Cost": 0.0, "Total Cost": 198738.49, "Plan Rows": 48920, "Plan Width": 4, "Actual Rows": 60961, "Actual Loops": 4, "Filter": "((info)::text = 'Drama'::text)", "Rows Removed by Filter": 3647969, "Workers": []}, {"Node Type": "Hash", "Parent Relationship": "Inner", "Parallel Aware": true, "Async Capable": false, "Startup Cost": 45589.33, "Total Cost": 45589.33, "Plan Rows": 11, "Plan Width": 4, "Actual Rows": 2636, "Actual Loops": 4, "Hash Buckets": 8192, "Original Hash Buckets": 1024, "Hash Batches": 1, "Original Hash Batches": 1, "Peak Memory Usage": 568, "Workers": [], "Plans": [{"Node Type": "Hash Join", "Parent Relationship": "Outer", "Parallel Aware": false, "Async Capable": false, "Join Type": "Inner", "Startup Cost": 2685.14, "Total Cost": 45589.33, "Plan Rows": 11, "Plan Width": 4, "Actual Rows": 2636, "Actual Loops": 4, "Inner Unique": true, "Hash Cond": "(mk.keyword_id = k.id)", "Workers": [], "Plans": [{"Node Type": "Seq Scan", "Parent Relationship": "Outer", "Parallel Aware": true, "Async Capable": false, "Relation Name": "movie_keyword", "Alias": "mk", "Startup Cost": 0.0, "Total Cost": 39073.32, "Plan Rows": 1459332, "Plan Width": 8, "Actual Rows": 1130982, "Actual Loops": 4, "Workers": []}, {"Node Type": "Hash", "Parent Relationship": "Inner", "Parallel Aware": false, "Async Capable": false, "Startup Cost": 2685.12, "Total Cost": 2685.12, "Plan Rows": 1, "Plan Width": 4, "Actual Rows": 1, "Actual Loops": 4, "Hash Buckets": 1024, "Original Hash Buckets": 1024, "Hash Batches": 1, "Original Hash Batches": 1, "Peak Memory Usage": 9, "Workers": [], "Plans": [{"Node Type": "Seq Scan", "Parent Relationship": "Outer", "Parallel Aware": false, "Async Capable": false, "Relation Name": "keyword", "Alias": "k", "Startup Cost": 0.0, "Total Cost": 2685.12, "Plan Rows": 1, "Plan Width": 4, "Actual Rows": 1, "Actual Loops": 4, "Filter": "((keyword)::text = 'sequel'::text)", "Rows Removed by Filter": 134169, "Workers": []}]}]}]}]}]}]}]}]}]}, "Planning Time": 15.115, "Triggers": [], "Execution Time": 1014.493}, {"Plan": {"Node Type": "Aggregate", "Strategy": "Plain", "Partial Mode": "Simple", "Parallel Aware": false, "Async Capable": false, "Startup Cost": 278728.1, "Total Cost": 278728.11, "Plan Rows": 1, "Plan Width": 96, "Actual Rows": 1, "Actual Loops": 1, "Plans": [{"Node Type": "Gather", "Parent Relationship": "Outer", "Parallel Aware": false, "Async Capable": false, "Startup Cost": 249952.67, "Total Cost": 278728.1, "Plan Rows": 1, "Plan Width": 48, "Actual Rows": 1, "Actual Loops": 1, "Workers Planned": 3, "Workers Launched": 3, "Single Copy": false, "Plans": [{"Node Type": "Hash Join", "Parent Relationship": "Outer", "Parallel Aware": true, "Async Capable": false, "Join Type": "Inner", "Startup Cost": 248952.67, "Total Cost": 277728.0, "Plan Rows": 1, "Plan Width": 48, "Actual Rows": 0, "Actual Loops": 4, "Inner Unique": false, "Hash Cond": "(mk.movie_id = ml.movie_id)", "Workers": [], "Plans": [{"Node Type": "Nested Loop", "Parent Relationship": "Outer", "Parallel Aware": false, "Async Capable": false, "Join Type": "Inner", "Startup Cost": 45590.03, "Total Cost": 74365.33, "Plan Rows": 1, "Plan Width": 27, "Actual Rows": 12, "Actual Loops": 4, "Inner Unique": true, "Workers": [], "Plans": [{"Node Type": "Nested Loop", "Parent Relationship": "Outer", "Parallel Aware": false, "Async Capable": false, "Join Type": "Inner", "Startup Cost": 45589.61, "Total Cost": 74362.6, "Plan Rows": 6, "Plan Width": 12, "Actual Rows": 604, "Actual Loops": 4, "Inner Unique": true, "Workers": [], "Plans": [{"Node Type": "Hash Join", "Parent Relationship": "Outer", "Parallel Aware": true, "Async Capable": false, "Join Type": "Inner", "Startup Cost": 45589.47, "Total Cost": 74361.57, "Plan Rows": 24, "Plan Width": 16, "Actual Rows": 3583, "Actual Loops": 4, "Inner Unique": false, "Hash Cond": "(mc.movie_id = mk.movie_id)", "Workers": [], "Plans": [{"Node Type": "Seq Scan", "Parent Relationship": "Outer", "Parallel Aware": true, "Async Capable": false, "Relation Name": "movie_companies", "Alias": "mc", "Startup Cost": 0.0, "Total Cost": 27240.55, "Plan Rows": 408393, "Plan Width": 12, "Actual Rows": 317997, "Actual Loops": 4, "Filter": "(note IS NULL)", "Rows Removed by Filter": 334285, "Workers": []}, {"Node Type": "Hash", "Parent Relationship": "Inner", "Parallel Aware": true, "Async Capable": false, "Startup Cost": 45589.33, "Total Cost": 45589.33, "Plan Rows": 11, "Plan Width": 4, "Actual Rows": 2636, "Actual Loops": 4, "Hash Buckets": 8192, "Original Hash Buckets": 1024, "Hash Batches": 1, "Original Hash Batches": 1, "Peak Memory Usage": 568, "Workers": [], "Plans": [{"Node Type": "Hash Join", "Parent Relationship": "Outer", "Parallel Aware": false, "Async Capable": false, "Join Type": "Inner", "Startup Cost": 2685.14, "Total Cost": 45589.33, "Plan Rows": 11, "Plan Width": 4, "Actual Rows": 2636, "Actual Loops": 4, "Inner Unique": true, "Hash Cond": "(mk.keyword_id = k.id)", "Workers": [], "Plans": [{"Node Type": "Seq Scan", "Parent Relationship": "Outer", "Parallel Aware": true, "Async Capable": false, "Relation Name": "movie_keyword", "Alias": "mk", "Startup Cost": 0.0, "Total Cost": 39073.32, "Plan Rows": 1459332, "Plan Width": 8, "Actual Rows": 1130982, "Actual Loops": 4, "Workers": []}, {"Node Type": "Hash", "Parent Relationship": "Inner", "Parallel Aware": false, "Async Capable": false, "Startup Cost": 2685.12, "Total Cost": 2685.12, "Plan Rows": 1, "Plan Width": 4, "Actual Rows": 1, "Actual Loops": 4, "Hash Buckets": 1024, "Original Hash Buckets": 1024, "Hash Batches": 1, "Original Hash Batches": 1, "Peak Memory Usage": 9, "Workers": [], "Plans": [{"Node Type": "Seq Scan", "Parent Relationship": "Outer", "Parallel Aware": false, "Async Capable": false, "Relation Name": "keyword", "Alias": "k", "Startup Cost": 0.0, "Total Cost": 2685.12, "Plan Rows": 1, "Plan Width": 4, "Actual Rows": 1, "Actual Loops": 4, "Filter": "((keyword)::text = 'sequel'::text)", "Rows Removed by Filter": 134169, "Workers": []}]}]}]}]}, {"Node Type": "Memoize", "Parent Relationship": "Inner", "Parallel Aware": false, "Async Capable": false, "Startup Cost": 0.14, "Total Cost": 0.16, "Plan Rows": 1, "Plan Width": 4, "Actual Rows": 0, "Actual Loops": 14331, "Cache Key": "mc.company_type_id", "Cache Mode": "logical", "Cache Hits": 3437, "Cache Misses": 2, "Cache Evictions": 0, "Cache Overflows": 0, "Peak Memory Usage": 1, "Workers": [{"Worker Number": 0, "Cache Hits": 3868, "Cache Misses": 2, "Cache Evictions": 0, "Cache Overflows": 0, "Peak Memory Usage": 1}, {"Worker Number": 1, "Cache Hits": 3384, "Cache Misses": 2, "Cache Evictions": 0, "Cache Overflows": 0, "Peak Memory Usage": 1}, {"Worker Number": 2, "Cache Hits": 3634, "Cache Misses": 2, "Cache Evictions": 0, "Cache Overflows": 0, "Peak Memory Usage": 1}], "Plans": [{"Node Type": "Index Scan", "Parent Relationship": "Outer", "Parallel Aware": false, "Async Capable": false, "Scan Direction": "Forward", "Index Name": "company_type_pkey", "Relation Name": "company_type", "Alias": "ct", "Startup Cost": 0.13, "Total Cost": 0.15, "Plan Rows": 1, "Plan Width": 4, "Actual Rows": 0, "Actual Loops": 8, "Index Cond": "(id = mc.company_type_id)", "Rows Removed by Index Recheck": 0, "Filter": "((kind)::text = 'distributors'::text)", "Rows Removed by Filter": 0, "Workers": []}]}]}, {"Node Type": "Index Scan", "Parent Relationship": "Inner", "Parallel Aware": false, "Async Capable": false, "Scan Direction": "Forward", "Index Name": "company_name_pkey", "Relation Name": "company_name", "Alias": "cn", "Startup Cost": 0.42, "Total Cost": 0.45, "Plan Rows": 1, "Plan Width": 23, "Actual Rows": 0, "Actual Loops": 2416, "Index Cond": "(id = mc.company_id)", "Rows Removed by Index Recheck": 0, "Filter": "(((country_code)::text <> '[ru]'::text) AND ((name)::text ~~ '%Warner%'::text))", "Rows Removed by Filter": 1, "Workers": []}]}, {"Node Type": "Hash", "Parent Relationship": "Inner", "Parallel Aware": true, "Async Capable": false, "Startup Cost": 203361.48, "Total Cost": 203361.48, "Plan Rows": 93, "Plan Width": 41, "Actual Rows": 88, "Actual Loops": 4, "Hash Buckets": 1024, "Original Hash Buckets": 1024, "Hash Batches": 1, "Original Hash Batches": 1, "Peak Memory Usage": 40, "Workers": [], "Plans": [{"Node Type": "Nested Loop", "Parent Relationship": "Outer", "Parallel Aware": false, "Async Capable": false, "Join Type": "Inner", "Startup Cost": 203199.97, "Total Cost": 203361.48, "Plan Rows": 93, "Plan Width": 41, "Actual Rows": 88, "Actual Loops": 4, "Inner Unique": true, "Join Filter": "(t.id = ml.movie_id)", "Rows Removed by Join Filter": 0, "Workers": [], "Plans": [{"Node Type": "Merge Join", "Parent Relationship": "Outer", "Parallel Aware": false, "Async Capable": false, "Join Type": "Inner", "Startup Cost": 203199.54, "Total Cost": 203217.65, "Plan Rows": 120, "Plan Width": 20, "Actual Rows": 102, "Actual Loops": 4, "Inner Unique": false, "Merge Cond": "(mi.movie_id = ml.movie_id)", "Workers": [], "Plans": [{"Node Type": "Sort", "Parent Relationship": "Outer", "Parallel Aware": false, "Async Capable": false, "Startup Cost": 202548.91, "Total Cost": 202671.21, "Plan Rows": 48920, "Plan Width": 4, "Actual Rows": 534, "Actual Loops": 4, "Sort Key": ["mi.movie_id"], "Sort Method": "quicksort", "Sort Space Used": 3073, "Sort Space Type": "Memory", "Workers": [{"Worker Number": 0, "Sort Method": "quicksort", "Sort Space Used": 1537, "Sort Space Type": "Memory"}, {"Worker Number": 1, "Sort Method": "quicksort", "Sort Space Used": 1537, "Sort Space Type": "Memory"}, {"Worker Number": 2, "Sort Method": "quicksort", "Sort Space Used": 1537, "Sort Space Type": "Memory"}], "Plans": [{"Node Type": "Seq Scan", "Parent Relationship": "Outer", "Parallel Aware": true, "Async Capable": false, "Relation Name": "movie_info", "Alias": "mi", "Startup Cost": 0.0, "Total Cost": 198738.49, "Plan Rows": 48920, "Plan Width": 4, "Actual Rows": 60961, "Actual Loops": 4, "Filter": "((info)::text = 'Drama'::text)", "Rows Removed by Filter": 3647969, "Workers": []}]}, {"Node Type": "Sort", "Parent Relationship": "Inner", "Parallel Aware": false, "Async Capable": false, "Startup Cost": 650.63, "Total Cost": 654.8, "Plan Rows": 1666, "Plan Width": 16, "Actual Rows": 2315, "Actual Loops": 4, "Sort Key": ["ml.movie_id"], "Sort Method": "quicksort", "Sort Space Used": 187, "Sort Space Type": "Memory", "Workers": [{"Worker Number": 0, "Sort Method": "quicksort", "Sort Space Used": 187, "Sort Space Type": "Memory"}, {"Worker Number": 1, "Sort Method": "quicksort", "Sort Space Used": 187, "Sort Space Type": "Memory"}, {"Worker Number": 2, "Sort Method": "quicksort", "Sort Space Used": 187, "Sort Space Type": "Memory"}], "Plans": [{"Node Type": "Hash Join", "Parent Relationship": "Outer", "Parallel Aware": false, "Async Capable": false, "Join Type": "Inner", "Startup Cost": 1.24, "Total Cost": 561.48, "Plan Rows": 1666, "Plan Width": 16, "Actual Rows": 2315, "Actual Loops": 4, "Inner Unique": true, "Hash Cond": "(ml.link_type_id = lt.id)", "Workers": [], "Plans": [{"Node Type": "Seq Scan", "Parent Relationship": "Outer", "Parallel Aware": false, "Async Capable": false, "Relation Name": "movie_link", "Alias": "ml", "Startup Cost": 0.0, "Total Cost": 462.97, "Plan Rows": 29997, "Plan Width": 8, "Actual Rows": 29997, "Actual Loops": 4, "Workers": []}, {"Node Type": "Hash", "Parent Relationship": "Inner", "Parallel Aware": false, "Async Capable": false, "Startup Cost": 1.23, "Total Cost": 1.23, "Plan Rows": 1, "Plan Width": 16, "Actual Rows": 2, "Actual Loops": 4, "Hash Buckets": 1024, "Original Hash Buckets": 1024, "Hash Batches": 1, "Original Hash Batches": 1, "Peak Memory Usage": 9, "Workers": [], "Plans": [{"Node Type": "Seq Scan", "Parent Relationship": "Outer", "Parallel Aware": false, "Async Capable": false, "Relation Name": "link_type", "Alias": "lt", "Startup Cost": 0.0, "Total Cost": 1.23, "Plan Rows": 1, "Plan Width": 16, "Actual Rows": 2, "Actual Loops": 4, "Filter": "((link)::text ~~ '%follow%'::text)", "Rows Removed by Filter": 16, "Workers": []}]}]}]}]}, {"Node Type": "Index Scan", "Parent Relationship": "Inner", "Parallel Aware": false, "Async Capable": false, "Scan Direction": "Forward", "Index Name": "title_pkey", "Relation Name": "title", "Alias": "t", "Startup Cost": 0.43, "Total Cost": 1.19, "Plan Rows": 1, "Plan Width": 21, "Actual Rows": 1, "Actual Loops": 407, "Index Cond": "(id = mi.movie_id)", "Rows Removed by Index Recheck": 0, "Filter": "(production_year >= 1980)", "Rows Removed by Filter": 0, "Workers": []}]}]}]}]}]}, "Planning Time": 14.177, "Triggers": [], "Execution Time": 1012.455}, {"Plan": {"Node Type": "Aggregate", "Strategy": "Plain", "Partial Mode": "Finalize", "Parallel Aware": false, "Async Capable": false, "Startup Cost": 279667.66, "Total Cost": 279667.67, "Plan Rows": 1, "Plan Width": 96, "Actual Rows": 1, "Actual Loops": 1, "Plans": [{"Node Type": "Gather", "Parent Relationship": "Outer", "Parallel Aware": false, "Async Capable": false, "Startup Cost": 279667.11, "Total Cost": 279667.62, "Plan Rows": 5, "Plan Width": 96, "Actual Rows": 6, "Actual Loops": 1, "Workers Planned": 5, "Workers Launched": 5, "Single Copy": false, "Plans": [{"Node Type": "Aggregate", "Strategy": "Plain", "Partial Mode": "Partial", "Parent Relationship": "Outer", "Parallel Aware": false, "Async Capable": false, "Startup Cost": 278667.11, "Total Cost": 278667.12, "Plan Rows": 1, "Plan Width": 96, "Actual Rows": 1, "Actual Loops": 6, "Workers": [], "Plans": [{"Node Type": "Hash Join", "Parent Relationship": "Outer", "Parallel Aware": true, "Async Capable": false, "Join Type": "Inner", "Startup Cost": 79678.45, "Total Cost": 278667.11, "Plan Rows": 1, "Plan Width": 48, "Actual Rows": 0, "Actual Loops": 6, "Inner Unique": false, "Hash Cond": "(t.id = ml.movie_id)", "Workers": [], "Plans": [{"Node Type": "Nested Loop", "Parent Relationship": "Outer", "Parallel Aware": false, "Async Capable": false, "Join Type": "Inner", "Startup Cost": 33429.94, "Total Cost": 232418.56, "Plan Rows": 8, "Plan Width": 48, "Actual Rows": 32, "Actual Loops": 6, "Inner Unique": true, "Workers": [], "Plans": [{"Node Type": "Hash Join", "Parent Relationship": "Outer", "Parallel Aware": true, "Async Capable": false, "Join Type": "Inner", "Startup Cost": 33429.51, "Total Cost": 232412.63, "Plan Rows": 10, "Plan Width": 27, "Actual Rows": 49, "Actual Loops": 6, "Inner Unique": false, "Hash Cond": "(mi.movie_id = mc.movie_id)", "Workers": [], "Plans": [{"Node Type": "Seq Scan", "Parent Relationship": "Outer", "Parallel Aware": true, "Async Capable": false, "Relation Name": "movie_info", "Alias": "mi", "Startup Cost": 0.0, "Total Cost": 198738.49, "Plan Rows": 48920, "Plan Width": 4, "Actual Rows": 40640, "Actual Loops": 6, "Filter": "((info)::text = 'Drama'::text)", "Rows Removed by Filter": 2431980, "Workers": []}, {"Node Type": "Hash", "Parent Relationship": "Inner", "Parallel Aware": true, "Async Capable": false, "Startup Cost": 33428.93, "Total Cost": 33428.93, "Plan Rows": 46, "Plan Width": 23, "Actual Rows": 206, "Actual Loops": 6, "Hash Buckets": 1024, "Original Hash Buckets": 1024, "Hash Batches": 1, "Original Hash Batches": 1, "Peak Memory Usage": 200, "Workers": [], "Plans": [{"Node Type": "Hash Join", "Parent Relationship": "Outer", "Parallel Aware": false, "Async Capable": false, "Join Type": "Inner", "Startup Cost": 5115.34, "Total Cost": 33428.93, "Plan Rows": 46, "Plan Width": 23, "Actual Rows": 206, "Actual Loops": 6, "Inner Unique": true, "Hash Cond": "(mc.company_type_id = ct.id)", "Workers": [], "Plans": [{"Node Type": "Hash Join", "Parent Relationship": "Outer", "Parallel Aware": true, "Async Capable": false, "Join Type": "Inner", "Startup Cost": 5114.28, "Total Cost": 33426.88, "Plan Rows": 184, "Plan Width": 27, "Actual Rows": 2232, "Actual Loops": 6, "Inner Unique": true, "Hash Cond": "(mc.company_id = cn.id)", "Workers": [], "Plans": [{"Node Type": "Seq Scan", "Parent Relationship": "Outer", "Parallel Aware": true, "Async Capable": false, "Relation Name": "movie_companies", "Alias": "mc", "Startup Cost": 0.0, "Total Cost": 27240.55, "Plan Rows": 408393, "Plan Width": 12, "Actual Rows": 211998, "Actual Loops": 6, "Filter": "(note IS NULL)", "Rows Removed by Filter": 222857, "Workers": []}, {"Node Type": "Hash", "Parent Relationship": "Inner", "Parallel Aware": true, "Async Capable": false, "Startup Cost": 5113.5, "Total Cost": 5113.5, "Plan Rows": 62, "Plan Width": 23, "Actual Rows": 45, "Actual Loops": 6, "Hash Buckets": 1024, "Original Hash Buckets": 1024, "Hash Batches": 1, "Original Hash Batches": 1, "Peak Memory Usage": 200, "Workers": [], "Plans": [{"Node Type": "Seq Scan", "Parent Relationship": "Outer", "Parallel Aware": true, "Async Capable": false, "Relation Name": "company_name", "Alias": "cn", "Startup Cost": 0.0, "Total Cost": 5113.5, "Plan Rows": 62, "Plan Width": 23, "Actual Rows": 45, "Actual Loops": 6, "Filter": "(((country_code)::text <> '[ru]'::text) AND ((name)::text ~~ '%Warner%'::text))", "Rows Removed by Filter": 39121, "Workers": []}]}]}, {"Node Type": "Hash", "Parent Relationship": "Inner", "Parallel Aware": false, "Async Capable": false, "Startup Cost": 1.05, "Total Cost": 1.05, "Plan Rows": 1, "Plan Width": 4, "Actual Rows": 1, "Actual Loops": 6, "Hash Buckets": 1024, "Original Hash Buckets": 1024, "Hash Batches": 1, "Original Hash Batches": 1, "Peak Memory Usage": 9, "Workers": [], "Plans": [{"Node Type": "Seq Scan", "Parent Relationship": "Outer", "Parallel Aware": false, "Async Capable": false, "Relation Name": "company_type", "Alias": "ct", "Startup Cost": 0.0, "Total Cost": 1.05, "Plan Rows": 1, "Plan Width": 4, "Actual Rows": 1, "Actual Loops": 6, "Filter": "((kind)::text = 'distributors'::text)", "Rows Removed by Filter": 3, "Workers": []}]}]}]}]}, {"Node Type": "Index Scan", "Parent Relationship": "Inner", "Parallel Aware": false, "Async Capable": false, "Scan Direction": "Forward", "Index Name": "title_pkey", "Relation Name": "title", "Alias": "t", "Startup Cost": 0.43, "Total Cost": 0.59, "Plan Rows": 1, "Plan Width": 21, "Actual Rows": 1, "Actual Loops": 292, "Index Cond": "(id = mc.movie_id)", "Rows Removed by Index Recheck": 0, "Filter": "(production_year >= 1980)", "Rows Removed by Filter": 0, "Workers": []}]}, {"Node Type": "Hash", "Parent Relationship": "Inner", "Parallel Aware": true, "Async Capable": false, "Startup Cost": 46248.5, "Total Cost": 46248.5, "Plan Rows": 1, "Plan Width": 20, "Actual Rows": 33, "Actual Loops": 6, "Hash Buckets": 1024, "Original Hash Buckets": 1024, "Hash Batches": 1, "Original Hash Batches": 1, "Peak Memory Usage": 136, "Workers": [], "Plans": [{"Node Type": "Merge Join", "Parent Relationship": "Outer", "Parallel Aware": false, "Async Capable": false, "Join Type": "Inner", "Startup Cost": 46240.15, "Total Cost": 46248.5, "Plan Rows": 1, "Plan Width": 20, "Actual Rows": 33, "Actual Loops": 6, "Inner Unique": false, "Merge Cond": "(mk.movie_id = ml.movie_id)", "Workers": [], "Plans": [{"Node Type": "Sort", "Parent Relationship": "Outer", "Parallel Aware": false, "Async Capable": false, "Startup Cost": 45589.52, "Total Cost": 45589.55, "Plan Rows": 11, "Plan Width": 4, "Actual Rows": 9, "Actual Loops": 6, "Sort Key": ["mk.movie_id"], "Sort Method": "quicksort", "Sort Space Used": 97, "Sort Space Type": "Memory", "Workers": [{"Worker Number": 0, "Sort Method": "quicksort", "Sort Space Used": 49, "Sort Space Type": "Memory"}, {"Worker Number": 1, "Sort Method": "quicksort", "Sort Space Used": 49, "Sort Space Type": "Memory"}, {"Worker Number": 2, "Sort Method": "quicksort", "Sort Space Used": 49, "Sort Space Type": "Memory"}, {"Worker Number": 3, "Sort Method": "quicksort", "Sort Space Used": 49, "Sort Space Type": "Memory"}, {"Worker Number": 4, "Sort Method": "quicksort", "Sort Space Used": 49, "Sort Space Type": "Memory"}], "Plans": [{"Node Type": "Hash Join", "Parent Relationship": "Outer", "Parallel Aware": false, "Async Capable": false, "Join Type": "Inner", "Startup Cost": 2685.14, "Total Cost": 45589.33, "Plan Rows": 11, "Plan Width": 4, "Actual Rows": 1757, "Actual Loops": 6, "Inner Unique": true, "Hash Cond": "(mk.keyword_id = k.id)", "Workers": [], "Plans": [{"Node Type": "Seq Scan", "Parent Relationship": "Outer", "Parallel Aware": true, "Async Capable": false, "Relation Name": "movie_keyword", "Alias": "mk", "Startup Cost": 0.0, "Total Cost": 39073.32, "Plan Rows": 1459332, "Plan Width": 8, "Actual Rows": 753988, "Actual Loops": 6, "Workers": []}, {"Node Type": "Hash", "Parent Relationship": "Inner", "Parallel Aware": false, "Async Capable": false, "Startup Cost": 2685.12, "Total Cost": 2685.12, "Plan Rows": 1, "Plan Width": 4, "Actual Rows": 1, "Actual Loops": 6, "Hash Buckets": 1024, "Original Hash Buckets": 1024, "Hash Batches": 1, "Original Hash Batches": 1, "Peak Memory Usage": 9, "Workers": [], "Plans": [{"Node Type": "Seq Scan", "Parent Relationship": "Outer", "Parallel Aware": false, "Async Capable": false, "Relation Name": "keyword", "Alias": "k", "Startup Cost": 0.0, "Total Cost": 2685.12, "Plan Rows": 1, "Plan Width": 4, "Actual Rows": 1, "Actual Loops": 6, "Filter": "((keyword)::text = 'sequel'::text)", "Rows Removed by Filter": 134169, "Workers": []}]}]}]}, {"Node Type": "Sort", "Parent Relationship": "Inner", "Parallel Aware": false, "Async Capable": false, "Startup Cost": 650.63, "Total Cost": 654.8, "Plan Rows": 1666, "Plan Width": 16, "Actual Rows": 2315, "Actual Loops": 6, "Sort Key": ["ml.movie_id"], "Sort Method": "quicksort", "Sort Space Used": 187, "Sort Space Type": "Memory", "Workers": [{"Worker Number": 0, "Sort Method": "quicksort", "Sort Space Used": 187, "Sort Space Type": "Memory"}, {"Worker Number": 1, "Sort Method": "quicksort", "Sort Space Used": 187, "Sort Space Type": "Memory"}, {"Worker Number": 2, "Sort Method": "quicksort", "Sort Space Used": 187, "Sort Space Type": "Memory"}, {"Worker Number": 3, "Sort Method": "quicksort", "Sort Space Used": 187, "Sort Space Type": "Memory"}, {"Worker Number": 4, "Sort Method": "quicksort", "Sort Space Used": 187, "Sort Space Type": "Memory"}], "Plans": [{"Node Type": "Hash Join", "Parent Relationship": "Outer", "Parallel Aware": false, "Async Capable": false, "Join Type": "Inner", "Startup Cost": 1.24, "Total Cost": 561.48, "Plan Rows": 1666, "Plan Width": 16, "Actual Rows": 2315, "Actual Loops": 6, "Inner Unique": true, "Hash Cond": "(ml.link_type_id = lt.id)", "Workers": [], "Plans": [{"Node Type": "Seq Scan", "Parent Relationship": "Outer", "Parallel Aware": false, "Async Capable": false, "Relation Name": "movie_link", "Alias": "ml", "Startup Cost": 0.0, "Total Cost": 462.97, "Plan Rows": 29997, "Plan Width": 8, "Actual Rows": 29997, "Actual Loops": 6, "Workers": []}, {"Node Type": "Hash", "Parent Relationship": "Inner", "Parallel Aware": false, "Async Capable": false, "Startup Cost": 1.23, "Total Cost": 1.23, "Plan Rows": 1, "Plan Width": 16, "Actual Rows": 2, "Actual Loops": 6, "Hash Buckets": 1024, "Original Hash Buckets": 1024, "Hash Batches": 1, "Original Hash Batches": 1, "Peak Memory Usage": 9, "Workers": [], "Plans": [{"Node Type": "Seq Scan", "Parent Relationship": "Outer", "Parallel Aware": false, "Async Capable": false, "Relation Name": "link_type", "Alias": "lt", "Startup Cost": 0.0, "Total Cost": 1.23, "Plan Rows": 1, "Plan Width": 16, "Actual Rows": 2, "Actual Loops": 6, "Filter": "((link)::text ~~ '%follow%'::text)", "Rows Removed by Filter": 16, "Workers": []}]}]}]}]}]}]}]}]}]}, "Planning Time": 11.172, "Triggers": [], "Execution Time": 580.856}, {"Plan": {"Node Type": "Aggregate", "Strategy": "Plain", "Partial Mode": "Simple", "Parallel Aware": false, "Async Capable": false, "Startup Cost": 274867.93, "Total Cost": 274867.94, "Plan Rows": 1, "Plan Width": 96, "Actual Rows": 1, "Actual Loops": 1, "Plans": [{"Node Type": "Nested Loop", "Parent Relationship": "Outer", "Parallel Aware": false, "Async Capable": false, "Join Type": "Inner", "Startup Cost": 245513.67, "Total Cost": 274867.92, "Plan Rows": 1, "Plan Width": 48, "Actual Rows": 1, "Actual Loops": 1, "Inner Unique": false, "Join Filter": "(t.id = ml.movie_id)", "Rows Removed by Join Filter": 30094, "Plans": [{"Node Type": "Nested Loop", "Parent Relationship": "Outer", "Parallel Aware": false, "Async Capable": false, "Join Type": "Inner", "Startup Cost": 245512.44, "Total Cost": 274285.61, "Plan Rows": 1, "Plan Width": 52, "Actual Rows": 13, "Actual Loops": 1, "Inner Unique": true, "Plans": [{"Node Type": "Gather", "Parent Relationship": "Outer", "Parallel Aware": false, "Async Capable": false, "Startup Cost": 245512.01, "Total Cost": 274285.12, "Plan Rows": 1, "Plan Width": 31, "Actual Rows": 16, "Actual Loops": 1, "Workers Planned": 3, "Workers Launched": 3, "Single Copy": false, "Plans": [{"Node Type": "Nested Loop", "Parent Relationship": "Outer", "Parallel Aware": false, "Async Capable": false, "Join Type": "Inner", "Startup Cost": 244512.01, "Total Cost": 273285.02, "Plan Rows": 1, "Plan Width": 31, "Actual Rows": 4, "Actual Loops": 4, "Inner Unique": true, "Workers": [], "Plans": [{"Node Type": "Nested Loop", "Parent Relationship": "Outer", "Parallel Aware": false, "Async Capable": false, "Join Type": "Inner", "Startup Cost": 244511.59, "Total Cost": 273284.11, "Plan Rows": 2, "Plan Width": 16, "Actual Rows": 99, "Actual Loops": 4, "Inner Unique": true, "Workers": [], "Plans": [{"Node Type": "Hash Join", "Parent Relationship": "Outer", "Parallel Aware": true, "Async Capable": false, "Join Type": "Inner", "Startup Cost": 244511.45, "Total Cost": 273283.48, "Plan Rows": 9, "Plan Width": 20, "Actual Rows": 712, "Actual Loops": 4, "Inner Unique": false, "Hash Cond": "(mc.movie_id = mk.movie_id)", "Workers": [], "Plans": [{"Node Type": "Seq Scan", "Parent Relationship": "Outer", "Parallel Aware": true, "Async Capable": false, "Relation Name": "movie_companies", "Alias": "mc", "Startup Cost": 0.0, "Total Cost": 27240.55, "Plan Rows": 408393, "Plan Width": 12, "Actual Rows": 317997, "Actual Loops": 4, "Filter": "(note IS NULL)", "Rows Removed by Filter": 334285, "Workers": []}, {"Node Type": "Hash", "Parent Relationship": "Inner", "Parallel Aware": true, "Async Capable": false, "Startup Cost": 244511.42, "Total Cost": 244511.42, "Plan Rows": 2, "Plan Width": 8, "Actual Rows": 396, "Actual Loops": 4, "Hash Buckets": 1024, "Original Hash Buckets": 1024, "Hash Batches": 1, "Original Hash Batches": 1, "Peak Memory Usage": 136, "Workers": [], "Plans": [{"Node Type": "Hash Join", "Parent Relationship": "Outer", "Parallel Aware": true, "Async Capable": false, "Join Type": "Inner", "Startup Cost": 45589.47, "Total Cost": 244511.42, "Plan Rows": 2, "Plan Width": 8, "Actual Rows": 396, "Actual Loops": 4, "Inner Unique": false, "Hash Cond": "(mi.movie_id = mk.movie_id)", "Workers": [], "Plans": [{"Node Type": "Seq Scan", "Parent Relationship": "Outer", "Parallel Aware": true, "Async Capable": false, "Relation Name": "movie_info", "Alias": "mi", "Startup Cost": 0.0, "Total Cost": 198738.49, "Plan Rows": 48920, "Plan Width": 4, "Actual Rows": 60961, "Actual Loops": 4, "Filter": "((info)::text = 'Drama'::text)", "Rows Removed by Filter": 3647969, "Workers": []}, {"Node Type": "Hash", "Parent Relationship": "Inner", "Parallel Aware": true, "Async Capable": false, "Startup Cost": 45589.33, "Total Cost": 45589.33, "Plan Rows": 11, "Plan Width": 4, "Actual Rows": 2636, "Actual Loops": 4, "Hash Buckets": 8192, "Original Hash Buckets": 1024, "Hash Batches": 1, "Original Hash Batches": 1, "Peak Memory Usage": 568, "Workers": [], "Plans": [{"Node Type": "Hash Join", "Parent Relationship": "Outer", "Parallel Aware": false, "Async Capable": false, "Join Type": "Inner", "Startup Cost": 2685.14, "Total Cost": 45589.33, "Plan Rows": 11, "Plan Width": 4, "Actual Rows": 2636, "Actual Loops": 4, "Inner Unique": true, "Hash Cond": "(mk.keyword_id = k.id)", "Workers": [], "Plans": [{"Node Type": "Seq Scan", "Parent Relationship": "Outer", "Parallel Aware": true, "Async Capable": false, "Relation Name": "movie_keyword", "Alias": "mk", "Startup Cost": 0.0, "Total Cost": 39073.32, "Plan Rows": 1459332, "Plan Width": 8, "Actual Rows": 1130982, "Actual Loops": 4, "Workers": []}, {"Node Type": "Hash", "Parent Relationship": "Inner", "Parallel Aware": false, "Async Capable": false, "Startup Cost": 2685.12, "Total Cost": 2685.12, "Plan Rows": 1, "Plan Width": 4, "Actual Rows": 1, "Actual Loops": 4, "Hash Buckets": 1024, "Original Hash Buckets": 1024, "Hash Batches": 1, "Original Hash Batches": 1, "Peak Memory Usage": 9, "Workers": [], "Plans": [{"Node Type": "Seq Scan", "Parent Relationship": "Outer", "Parallel Aware": false, "Async Capable": false, "Relation Name": "keyword", "Alias": "k", "Startup Cost": 0.0, "Total Cost": 2685.12, "Plan Rows": 1, "Plan Width": 4, "Actual Rows": 1, "Actual Loops": 4, "Filter": "((keyword)::text = 'sequel'::text)", "Rows Removed by Filter": 134169, "Workers": []}]}]}]}]}]}]}, {"Node Type": "Memoize", "Parent Relationship": "Inner", "Parallel Aware": false, "Async Capable": false, "Startup Cost": 0.14, "Total Cost": 0.16, "Plan Rows": 1, "Plan Width": 4, "Actual Rows": 0, "Actual Loops": 2847, "Cache Key": "mc.company_type_id", "Cache Mode": "logical", "Cache Hits": 707, "Cache Misses": 2, "Cache Evictions": 0, "Cache Overflows": 0, "Peak Memory Usage": 1, "Workers": [{"Worker Number": 0, "Cache Hits": 729, "Cache Misses": 2, "Cache Evictions": 0, "Cache Overflows": 0, "Peak Memory Usage": 1}, {"Worker Number": 1, "Cache Hits": 717, "Cache Misses": 2, "Cache Evictions": 0, "Cache Overflows": 0, "Peak Memory Usage": 1}, {"Worker Number": 2, "Cache Hits": 686, "Cache Misses": 2, "Cache Evictions": 0, "Cache Overflows": 0, "Peak Memory Usage": 1}], "Plans": [{"Node Type": "Index Scan", "Parent Relationship": "Outer", "Parallel Aware": false, "Async Capable": false, "Scan Direction": "Forward", "Index Name": "company_type_pkey", "Relation Name": "company_type", "Alias": "ct", "Startup Cost": 0.13, "Total Cost": 0.15, "Plan Rows": 1, "Plan Width": 4, "Actual Rows": 0, "Actual Loops": 8, "Index Cond": "(id = mc.company_type_id)", "Rows Removed by Index Recheck": 0, "Filter": "((kind)::text = 'distributors'::text)", "Rows Removed by Filter": 0, "Workers": []}]}]}, {"Node Type": "Index Scan", "Parent Relationship": "Inner", "Parallel Aware": false, "Async Capable": false, "Scan Direction": "Forward", "Index Name": "company_name_pkey", "Relation Name": "company_name", "Alias": "cn", "Startup Cost": 0.42, "Total Cost": 0.45, "Plan Rows": 1, "Plan Width": 23, "Actual Rows": 0, "Actual Loops": 395, "Index Cond": "(id = mc.company_id)", "Rows Removed by Index Recheck": 0, "Filter": "(((country_code)::text <> '[ru]'::text) AND ((name)::text ~~ '%Warner%'::text))", "Rows Removed by Filter": 1, "Workers": []}]}]}, {"Node Type": "Index Scan", "Parent Relationship": "Inner", "Parallel Aware": false, "Async Capable": false, "Scan Direction": "Forward", "Index Name": "title_pkey", "Relation Name": "title", "Alias": "t", "Startup Cost": 0.43, "Total Cost": 0.49, "Plan Rows": 1, "Plan Width": 21, "Actual Rows": 1, "Actual Loops": 16, "Index Cond": "(id = mk.movie_id)", "Rows Removed by Index Recheck": 0, "Filter": "(production_year >= 1980)", "Rows Removed by Filter": 0}]}, {"Node Type": "Hash Join", "Parent Relationship": "Inner", "Parallel Aware": false, "Async Capable": false, "Join Type": "Inner", "Startup Cost": 1.24, "Total Cost": 561.48, "Plan Rows": 1666, "Plan Width": 16, "Actual Rows": 2315, "Actual Loops": 13, "Inner Unique": true, "Hash Cond": "(ml.link_type_id = lt.id)", "Plans": [{"Node Type": "Seq Scan", "Parent Relationship": "Outer", "Parallel Aware": false, "Async Capable": false, "Relation Name": "movie_link", "Alias": "ml", "Startup Cost": 0.0, "Total Cost": 462.97, "Plan Rows": 29997, "Plan Width": 8, "Actual Rows": 29997, "Actual Loops": 13}, {"Node Type": "Hash", "Parent Relationship": "Inner", "Parallel Aware": false, "Async Capable": false, "Startup Cost": 1.23, "Total Cost": 1.23, "Plan Rows": 1, "Plan Width": 16, "Actual Rows": 2, "Actual Loops": 1, "Hash Buckets": 1024, "Original Hash Buckets": 1024, "Hash Batches": 1, "Original Hash Batches": 1, "Peak Memory Usage": 9, "Plans": [{"Node Type": "Seq Scan", "Parent Relationship": "Outer", "Parallel Aware": false, "Async Capable": false, "Relation Name": "link_type", "Alias": "lt", "Startup Cost": 0.0, "Total Cost": 1.23, "Plan Rows": 1, "Plan Width": 16, "Actual Rows": 2, "Actual Loops": 1, "Filter": "((link)::text ~~ '%follow%'::text)", "Rows Removed by Filter": 16}]}]}]}]}, "Planning Time": 9.249, "Triggers": [], "Execution Time": 1003.404}, {"Plan": {"Node Type": "Aggregate", "Strategy": "Plain", "Partial Mode": "Simple", "Parallel Aware": false, "Async Capable": false, "Startup Cost": 278585.11, "Total Cost": 278585.12, "Plan Rows": 1, "Plan Width": 96, "Actual Rows": 1, "Actual Loops": 1, "Plans": [{"Node Type": "Gather", "Parent Relationship": "Outer", "Parallel Aware": false, "Async Capable": false, "Startup Cost": 249809.61, "Total Cost": 278585.1, "Plan Rows": 1, "Plan Width": 48, "Actual Rows": 1, "Actual Loops": 1, "Workers Planned": 3, "Workers Launched": 3, "Single Copy": false, "Plans": [{"Node Type": "Hash Join", "Parent Relationship": "Outer", "Parallel Aware": true, "Async Capable": false, "Join Type": "Inner", "Startup Cost": 248809.61, "Total Cost": 277585.0, "Plan Rows": 1, "Plan Width": 48, "Actual Rows": 0, "Actual Loops": 4, "Inner Unique": false, "Hash Cond": "(t.id = ml.movie_id)", "Workers": [], "Plans": [{"Node Type": "Nested Loop", "Parent Relationship": "Outer", "Parallel Aware": false, "Async Capable": false, "Join Type": "Inner", "Startup Cost": 45590.46, "Total Cost": 74365.82, "Plan Rows": 1, "Plan Width": 48, "Actual Rows": 7, "Actual Loops": 4, "Inner Unique": true, "Workers": [], "Plans": [{"Node Type": "Nested Loop", "Parent Relationship": "Outer", "Parallel Aware": false, "Async Capable": false, "Join Type": "Inner", "Startup Cost": 45590.03, "Total Cost": 74365.33, "Plan Rows": 1, "Plan Width": 27, "Actual Rows": 12, "Actual Loops": 4, "Inner Unique": true, "Workers": [], "Plans": [{"Node Type": "Nested Loop", "Parent Relationship": "Outer", "Parallel Aware": false, "Async Capable": false, "Join Type": "Inner", "Startup Cost": 45589.61, "Total Cost": 74362.6, "Plan Rows": 6, "Plan Width": 12, "Actual Rows": 604, "Actual Loops": 4, "Inner Unique": true, "Workers": [], "Plans": [{"Node Type": "Hash Join", "Parent Relationship": "Outer", "Parallel Aware": true, "Async Capable": false, "Join Type": "Inner", "Startup Cost": 45589.47, "Total Cost": 74361.57, "Plan Rows": 24, "Plan Width": 16, "Actual Rows": 3583, "Actual Loops": 4, "Inner Unique": false, "Hash Cond": "(mc.movie_id = mk.movie_id)", "Workers": [], "Plans": [{"Node Type": "Seq Scan", "Parent Relationship": "Outer", "Parallel Aware": true, "Async Capable": false, "Relation Name": "movie_companies", "Alias": "mc", "Startup Cost": 0.0, "Total Cost": 27240.55, "Plan Rows": 408393, "Plan Width": 12, "Actual Rows": 317997, "Actual Loops": 4, "Filter": "(note IS NULL)", "Rows Removed by Filter": 334285, "Workers": []}, {"Node Type": "Hash", "Parent Relationship": "Inner", "Parallel Aware": true, "Async Capable": false, "Startup Cost": 45589.33, "Total Cost": 45589.33, "Plan Rows": 11, "Plan Width": 4, "Actual Rows": 2636, "Actual Loops": 4, "Hash Buckets": 16384, "Original Hash Buckets": 1024, "Hash Batches": 1, "Original Hash Batches": 1, "Peak Memory Usage": 728, "Workers": [], "Plans": [{"Node Type": "Hash Join", "Parent Relationship": "Outer", "Parallel Aware": false, "Async Capable": false, "Join Type": "Inner", "Startup Cost": 2685.14, "Total Cost": 45589.33, "Plan Rows": 11, "Plan Width": 4, "Actual Rows": 2636, "Actual Loops": 4, "Inner Unique": true, "Hash Cond": "(mk.keyword_id = k.id)", "Workers": [], "Plans": [{"Node Type": "Seq Scan", "Parent Relationship": "Outer", "Parallel Aware": true, "Async Capable": false, "Relation Name": "movie_keyword", "Alias": "mk", "Startup Cost": 0.0, "Total Cost": 39073.32, "Plan Rows": 1459332, "Plan Width": 8, "Actual Rows": 1130982, "Actual Loops": 4, "Workers": []}, {"Node Type": "Hash", "Parent Relationship": "Inner", "Parallel Aware": false, "Async Capable": false, "Startup Cost": 2685.12, "Total Cost": 2685.12, "Plan Rows": 1, "Plan Width": 4, "Actual Rows": 1, "Actual Loops": 4, "Hash Buckets": 1024, "Original Hash Buckets": 1024, "Hash Batches": 1, "Original Hash Batches": 1, "Peak Memory Usage": 9, "Workers": [], "Plans": [{"Node Type": "Seq Scan", "Parent Relationship": "Outer", "Parallel Aware": false, "Async Capable": false, "Relation Name": "keyword", "Alias": "k", "Startup Cost": 0.0, "Total Cost": 2685.12, "Plan Rows": 1, "Plan Width": 4, "Actual Rows": 1, "Actual Loops": 4, "Filter": "((keyword)::text = 'sequel'::text)", "Rows Removed by Filter": 134169, "Workers": []}]}]}]}]}, {"Node Type": "Memoize", "Parent Relationship": "Inner", "Parallel Aware": false, "Async Capable": false, "Startup Cost": 0.14, "Total Cost": 0.16, "Plan Rows": 1, "Plan Width": 4, "Actual Rows": 0, "Actual Loops": 14331, "Cache Key": "mc.company_type_id", "Cache Mode": "logical", "Cache Hits": 3505, "Cache Misses": 2, "Cache Evictions": 0, "Cache Overflows": 0, "Peak Memory Usage": 1, "Workers": [{"Worker Number": 0, "Cache Hits": 3662, "Cache Misses": 2, "Cache Evictions": 0, "Cache Overflows": 0, "Peak Memory Usage": 1}, {"Worker Number": 1, "Cache Hits": 3255, "Cache Misses": 2, "Cache Evictions": 0, "Cache Overflows": 0, "Peak Memory Usage": 1}, {"Worker Number": 2, "Cache Hits": 3901, "Cache Misses": 2, "Cache Evictions": 0, "Cache Overflows": 0, "Peak Memory Usage": 1}], "Plans": [{"Node Type": "Index Scan", "Parent Relationship": "Outer", "Parallel Aware": false, "Async Capable": false, "Scan Direction": "Forward", "Index Name": "company_type_pkey", "Relation Name": "company_type", "Alias": "ct", "Startup Cost": 0.13, "Total Cost": 0.15, "Plan Rows": 1, "Plan Width": 4, "Actual Rows": 0, "Actual Loops": 8, "Index Cond": "(id = mc.company_type_id)", "Rows Removed by Index Recheck": 0, "Filter": "((kind)::text = 'distributors'::text)", "Rows Removed by Filter": 0, "Workers": []}]}]}, {"Node Type": "Index Scan", "Parent Relationship": "Inner", "Parallel Aware": false, "Async Capable": false, "Scan Direction": "Forward", "Index Name": "company_name_pkey", "Relation Name": "company_name", "Alias": "cn", "Startup Cost": 0.42, "Total Cost": 0.45, "Plan Rows": 1, "Plan Width": 23, "Actual Rows": 0, "Actual Loops": 2416, "Index Cond": "(id = mc.company_id)", "Rows Removed by Index Recheck": 0, "Filter": "(((country_code)::text <> '[ru]'::text) AND ((name)::text ~~ '%Warner%'::text))", "Rows Removed by Filter": 1, "Workers": []}]}, {"Node Type": "Index Scan", "Parent Relationship": "Inner", "Parallel Aware": false, "Async Capable": false, "Scan Direction": "Forward", "Index Name": "title_pkey", "Relation Name": "title", "Alias": "t", "Startup Cost": 0.43, "Total Cost": 0.49, "Plan Rows": 1, "Plan Width": 21, "Actual Rows": 1, "Actual Loops": 49, "Index Cond": "(id = mk.movie_id)", "Rows Removed by Index Recheck": 0, "Filter": "(production_year >= 1980)", "Rows Removed by Filter": 0, "Workers": []}]}, {"Node Type": "Hash", "Parent Relationship": "Inner", "Parallel Aware": true, "Async Capable": false, "Startup Cost": 203217.65, "Total Cost": 203217.65, "Plan Rows": 120, "Plan Width": 20, "Actual Rows": 102, "Actual Loops": 4, "Hash Buckets": 1024, "Original Hash Buckets": 1024, "Hash Batches": 1, "Original Hash Batches": 1, "Peak Memory Usage": 40, "Workers": [], "Plans": [{"Node Type": "Merge Join", "Parent Relationship": "Outer", "Parallel Aware": false, "Async Capable": false, "Join Type": "Inner", "Startup Cost": 203199.54, "Total Cost": 203217.65, "Plan Rows": 120, "Plan Width": 20, "Actual Rows": 102, "Actual Loops": 4, "Inner Unique": false, "Merge Cond": "(mi.movie_id = ml.movie_id)", "Workers": [], "Plans": [{"Node Type": "Sort", "Parent Relationship": "Outer", "Parallel Aware": false, "Async Capable": false, "Startup Cost": 202548.91, "Total Cost": 202671.21, "Plan Rows": 48920, "Plan Width": 4, "Actual Rows": 534, "Actual Loops": 4, "Sort Key": ["mi.movie_id"], "Sort Method": "quicksort", "Sort Space Used": 1537, "Sort Space Type": "Memory", "Workers": [{"Worker Number": 0, "Sort Method": "quicksort", "Sort Space Used": 1537, "Sort Space Type": "Memory"}, {"Worker Number": 1, "Sort Method": "quicksort", "Sort Space Used": 1537, "Sort Space Type": "Memory"}, {"Worker Number": 2, "Sort Method": "quicksort", "Sort Space Used": 1537, "Sort Space Type": "Memory"}], "Plans": [{"Node Type": "Seq Scan", "Parent Relationship": "Outer", "Parallel Aware": true, "Async Capable": false, "Relation Name": "movie_info", "Alias": "mi", "Startup Cost": 0.0, "Total Cost": 198738.49, "Plan Rows": 48920, "Plan Width": 4, "Actual Rows": 60961, "Actual Loops": 4, "Filter": "((info)::text = 'Drama'::text)", "Rows Removed by Filter": 3647969, "Workers": []}]}, {"Node Type": "Sort", "Parent Relationship": "Inner", "Parallel Aware": false, "Async Capable": false, "Startup Cost": 650.63, "Total Cost": 654.8, "Plan Rows": 1666, "Plan Width": 16, "Actual Rows": 2315, "Actual Loops": 4, "Sort Key": ["ml.movie_id"], "Sort Method": "quicksort", "Sort Space Used": 187, "Sort Space Type": "Memory", "Workers": [{"Worker Number": 0, "Sort Method": "quicksort", "Sort Space Used": 187, "Sort Space Type": "Memory"}, {"Worker Number": 1, "Sort Method": "quicksort", "Sort Space Used": 187, "Sort Space Type": "Memory"}, {"Worker Number": 2, "Sort Method": "quicksort", "Sort Space Used": 187, "Sort Space Type": "Memory"}], "Plans": [{"Node Type": "Hash Join", "Parent Relationship": "Outer", "Parallel Aware": false, "Async Capable": false, "Join Type": "Inner", "Startup Cost": 1.24, "Total Cost": 561.48, "Plan Rows": 1666, "Plan Width": 16, "Actual Rows": 2315, "Actual Loops": 4, "Inner Unique": true, "Hash Cond": "(ml.link_type_id = lt.id)", "Workers": [], "Plans": [{"Node Type": "Seq Scan", "Parent Relationship": "Outer", "Parallel Aware": false, "Async Capable": false, "Relation Name": "movie_link", "Alias": "ml", "Startup Cost": 0.0, "Total Cost": 462.97, "Plan Rows": 29997, "Plan Width": 8, "Actual Rows": 29997, "Actual Loops": 4, "Workers": []}, {"Node Type": "Hash", "Parent Relationship": "Inner", "Parallel Aware": false, "Async Capable": false, "Startup Cost": 1.23, "Total Cost": 1.23, "Plan Rows": 1, "Plan Width": 16, "Actual Rows": 2, "Actual Loops": 4, "Hash Buckets": 1024, "Original Hash Buckets": 1024, "Hash Batches": 1, "Original Hash Batches": 1, "Peak Memory Usage": 9, "Workers": [], "Plans": [{"Node Type": "Seq Scan", "Parent Relationship": "Outer", "Parallel Aware": false, "Async Capable": false, "Relation Name": "link_type", "Alias": "lt", "Startup Cost": 0.0, "Total Cost": 1.23, "Plan Rows": 1, "Plan Width": 16, "Actual Rows": 2, "Actual Loops": 4, "Filter": "((link)::text ~~ '%follow%'::text)", "Rows Removed by Filter": 16, "Workers": []}]}]}]}]}]}]}]}]}, "Planning Time": 13.893, "Triggers": [], "Execution Time": 1002.889}, {"Plan": {"Node Type": "Aggregate", "Strategy": "Plain", "Partial Mode": "Simple", "Parallel Aware": false, "Async Capable": false, "Startup Cost": 275124.79, "Total Cost": 275124.8, "Plan Rows": 1, "Plan Width": 96, "Actual Rows": 1, "Actual Loops": 1, "Plans": [{"Node Type": "Nested Loop", "Parent Relationship": "Outer", "Parallel Aware": false, "Async Capable": false, "Join Type": "Inner", "Startup Cost": 245512.44, "Total Cost": 275124.78, "Plan Rows": 1, "Plan Width": 48, "Actual Rows": 1, "Actual Loops": 1, "Inner Unique": false, "Join Filter": "(lt.id = ml.link_type_id)", "Rows Removed by Join Filter": 21, "Plans": [{"Node Type": "Seq Scan", "Parent Relationship": "Outer", "Parallel Aware": false, "Async Capable": false, "Relation Name": "link_type", "Alias": "lt", "Startup Cost": 0.0, "Total Cost": 1.23, "Plan Rows": 1, "Plan Width": 16, "Actual Rows": 2, "Actual Loops": 1, "Filter": "((link)::text ~~ '%follow%'::text)", "Rows Removed by Filter": 16}, {"Node Type": "Nested Loop", "Parent Relationship": "Inner", "Parallel Aware": false, "Async Capable": false, "Join Type": "Inner", "Startup Cost": 245512.44, "Total Cost": 275123.54, "Plan Rows": 1, "Plan Width": 40, "Actual Rows": 11, "Actual Loops": 2, "Inner Unique": false, "Join Filter": "(t.id = ml.movie_id)", "Rows Removed by Join Filter": 389950, "Plans": [{"Node Type": "Nested Loop", "Parent Relationship": "Outer", "Parallel Aware": false, "Async Capable": false, "Join Type": "Inner", "Startup Cost": 245512.44, "Total Cost": 274285.61, "Plan Rows": 1, "Plan Width": 52, "Actual Rows": 13, "Actual Loops": 2, "Inner Unique": true, "Plans": [{"Node Type": "Gather", "Parent Relationship": "Outer", "Parallel Aware": false, "Async Capable": false, "Startup Cost": 245512.01, "Total Cost": 274285.12, "Plan Rows": 1, "Plan Width": 31, "Actual Rows": 16, "Actual Loops": 2, "Workers Planned": 3, "Workers Launched": 3, "Single Copy": false, "Plans": [{"Node Type": "Nested Loop", "Parent Relationship": "Outer", "Parallel Aware": false, "Async Capable": false, "Join Type": "Inner", "Startup Cost": 244512.01, "Total Cost": 273285.02, "Plan Rows": 1, "Plan Width": 31, "Actual Rows": 4, "Actual Loops": 8, "Inner Unique": true, "Workers": [], "Plans": [{"Node Type": "Nested Loop", "Parent Relationship": "Outer", "Parallel Aware": false, "Async Capable": false, "Join Type": "Inner", "Startup Cost": 244511.59, "Total Cost": 273284.11, "Plan Rows": 2, "Plan Width": 16, "Actual Rows": 99, "Actual Loops": 8, "Inner Unique": true, "Workers": [], "Plans": [{"Node Type": "Hash Join", "Parent Relationship": "Outer", "Parallel Aware": true, "Async Capable": false, "Join Type": "Inner", "Startup Cost": 244511.45, "Total Cost": 273283.48, "Plan Rows": 9, "Plan Width": 20, "Actual Rows": 712, "Actual Loops": 8, "Inner Unique": false, "Hash Cond": "(mc.movie_id = mk.movie_id)", "Workers": [], "Plans": [{"Node Type": "Seq Scan", "Parent Relationship": "Outer", "Parallel Aware": true, "Async Capable": false, "Relation Name": "movie_companies", "Alias": "mc", "Startup Cost": 0.0, "Total Cost": 27240.55, "Plan Rows": 408393, "Plan Width": 12, "Actual Rows": 317997, "Actual Loops": 8, "Filter": "(note IS NULL)", "Rows Removed by Filter": 334285, "Workers": []}, {"Node Type": "Hash", "Parent Relationship": "Inner", "Parallel Aware": true, "Async Capable": false, "Startup Cost": 244511.42, "Total Cost": 244511.42, "Plan Rows": 2, "Plan Width": 8, "Actual Rows": 396, "Actual Loops": 8, "Hash Buckets": 1024, "Original Hash Buckets": 1024, "Hash Batches": 1, "Original Hash Batches": 1, "Peak Memory Usage": 136, "Workers": [], "Plans": [{"Node Type": "Hash Join", "Parent Relationship": "Outer", "Parallel Aware": true, "Async Capable": false, "Join Type": "Inner", "Startup Cost": 45589.47, "Total Cost": 244511.42, "Plan Rows": 2, "Plan Width": 8, "Actual Rows": 396, "Actual Loops": 8, "Inner Unique": false, "Hash Cond": "(mi.movie_id = mk.movie_id)", "Workers": [], "Plans": [{"Node Type": "Seq Scan", "Parent Relationship": "Outer", "Parallel Aware": true, "Async Capable": false, "Relation Name": "movie_info", "Alias": "mi", "Startup Cost": 0.0, "Total Cost": 198738.49, "Plan Rows": 48920, "Plan Width": 4, "Actual Rows": 60961, "Actual Loops": 8, "Filter": "((info)::text = 'Drama'::text)", "Rows Removed by Filter": 3647969, "Workers": []}, {"Node Type": "Hash", "Parent Relationship": "Inner", "Parallel Aware": true, "Async Capable": false, "Startup Cost": 45589.33, "Total Cost": 45589.33, "Plan Rows": 11, "Plan Width": 4, "Actual Rows": 2636, "Actual Loops": 8, "Hash Buckets": 16384, "Original Hash Buckets": 1024, "Hash Batches": 1, "Original Hash Batches": 1, "Peak Memory Usage": 728, "Workers": [], "Plans": [{"Node Type": "Hash Join", "Parent Relationship": "Outer", "Parallel Aware": false, "Async Capable": false, "Join Type": "Inner", "Startup Cost": 2685.14, "Total Cost": 45589.33, "Plan Rows": 11, "Plan Width": 4, "Actual Rows": 2636, "Actual Loops": 8, "Inner Unique": true, "Hash Cond": "(mk.keyword_id = k.id)", "Workers": [], "Plans": [{"Node Type": "Seq Scan", "Parent Relationship": "Outer", "Parallel Aware": true, "Async Capable": false, "Relation Name": "movie_keyword", "Alias": "mk", "Startup Cost": 0.0, "Total Cost": 39073.32, "Plan Rows": 1459332, "Plan Width": 8, "Actual Rows": 1130982, "Actual Loops": 8, "Workers": []}, {"Node Type": "Hash", "Parent Relationship": "Inner", "Parallel Aware": false, "Async Capable": false, "Startup Cost": 2685.12, "Total Cost": 2685.12, "Plan Rows": 1, "Plan Width": 4, "Actual Rows": 1, "Actual Loops": 7, "Hash Buckets": 1024, "Original Hash Buckets": 1024, "Hash Batches": 1, "Original Hash Batches": 1, "Peak Memory Usage": 9, "Workers": [], "Plans": [{"Node Type": "Seq Scan", "Parent Relationship": "Outer", "Parallel Aware": false, "Async Capable": false, "Relation Name": "keyword", "Alias": "k", "Startup Cost": 0.0, "Total Cost": 2685.12, "Plan Rows": 1, "Plan Width": 4, "Actual Rows": 1, "Actual Loops": 7, "Filter": "((keyword)::text = 'sequel'::text)", "Rows Removed by Filter": 134169, "Workers": []}]}]}]}]}]}]}, {"Node Type": "Memoize", "Parent Relationship": "Inner", "Parallel Aware": false, "Async Capable": false, "Startup Cost": 0.14, "Total Cost": 0.16, "Plan Rows": 1, "Plan Width": 4, "Actual Rows": 0, "Actual Loops": 5694, "Cache Key": "mc.company_type_id", "Cache Mode": "logical", "Cache Hits": 1362, "Cache Misses": 2, "Cache Evictions": 0, "Cache Overflows": 0, "Peak Memory Usage": 1, "Workers": [{"Worker Number": 0, "Cache Hits": 740, "Cache Misses": 2, "Cache Evictions": 0, "Cache Overflows": 0, "Peak Memory Usage": 1}, {"Worker Number": 1, "Cache Hits": 650, "Cache Misses": 2, "Cache Evictions": 0, "Cache Overflows": 0, "Peak Memory Usage": 1}, {"Worker Number": 2, "Cache Hits": 793, "Cache Misses": 2, "Cache Evictions": 0, "Cache Overflows": 0, "Peak Memory Usage": 1}], "Plans": [{"Node Type": "Index Scan", "Parent Relationship": "Outer", "Parallel Aware": false, "Async Capable": false, "Scan Direction": "Forward", "Index Name": "company_type_pkey", "Relation Name": "company_type", "Alias": "ct", "Startup Cost": 0.13, "Total Cost": 0.15, "Plan Rows": 1, "Plan Width": 4, "Actual Rows": 0, "Actual Loops": 14, "Index Cond": "(id = mc.company_type_id)", "Rows Removed by Index Recheck": 0, "Filter": "((kind)::text = 'distributors'::text)", "Rows Removed by Filter": 0, "Workers": []}]}]}, {"Node Type": "Index Scan", "Parent Relationship": "Inner", "Parallel Aware": false, "Async Capable": false, "Scan Direction": "Forward", "Index Name": "company_name_pkey", "Relation Name": "company_name", "Alias": "cn", "Startup Cost": 0.42, "Total Cost": 0.45, "Plan Rows": 1, "Plan Width": 23, "Actual Rows": 0, "Actual Loops": 790, "Index Cond": "(id = mc.company_id)", "Rows Removed by Index Recheck": 0, "Filter": "(((country_code)::text <> '[ru]'::text) AND ((name)::text ~~ '%Warner%'::text))", "Rows Removed by Filter": 1, "Workers": []}]}]}, {"Node Type": "Index Scan", "Parent Relationship": "Inner", "Parallel Aware": false, "Async Capable": false, "Scan Direction": "Forward", "Index Name": "title_pkey", "Relation Name": "title", "Alias": "t", "Startup Cost": 0.43, "Total Cost": 0.49, "Plan Rows": 1, "Plan Width": 21, "Actual Rows": 1, "Actual Loops": 32, "Index Cond": "(id = mk.movie_id)", "Rows Removed by Index Recheck": 0, "Filter": "(production_year >= 1980)", "Rows Removed by Filter": 0}]}, {"Node Type": "Seq Scan", "Parent Relationship": "Inner", "Parallel Aware": false, "Async Capable": false, "Relation Name": "movie_link", "Alias": "ml", "Startup Cost": 0.0, "Total Cost": 462.97, "Plan Rows": 29997, "Plan Width": 8, "Actual Rows": 29997, "Actual Loops": 26}]}]}]}, "Planning Time": 11.281, "Triggers": [], "Execution Time": 1997.238}, {"Plan": {"Node Type": "Aggregate", "Strategy": "Plain", "Partial Mode": "Finalize", "Parallel Aware": false, "Async Capable": false, "Startup Cost": 278727.73, "Total Cost": 278727.74, "Plan Rows": 1, "Plan Width": 96, "Actual Rows": 1, "Actual Loops": 1, "Plans": [{"Node Type": "Gather", "Parent Relationship": "Outer", "Parallel Aware": false, "Async Capable": false, "Startup Cost": 278727.19, "Total Cost": 278727.7, "Plan Rows": 5, "Plan Width": 96, "Actual Rows": 6, "Actual Loops": 1, "Workers Planned": 5, "Workers Launched": 5, "Single Copy": false, "Plans": [{"Node Type": "Aggregate", "Strategy": "Plain", "Partial Mode": "Partial", "Parent Relationship": "Outer", "Parallel Aware": false, "Async Capable": false, "Startup Cost": 277727.19, "Total Cost": 277727.2, "Plan Rows": 1, "Plan Width": 96, "Actual Rows": 1, "Actual Loops": 6, "Workers": [], "Plans": [{"Node Type": "Hash Join", "Parent Relationship": "Outer", "Parallel Aware": true, "Async Capable": false, "Join Type": "Inner", "Startup Cost": 277565.31, "Total Cost": 277727.18, "Plan Rows": 1, "Plan Width": 48, "Actual Rows": 0, "Actual Loops": 6, "Inner Unique": false, "Hash Cond": "(ml.movie_id = mk.movie_id)", "Workers": [], "Plans": [{"Node Type": "Nested Loop", "Parent Relationship": "Outer", "Parallel Aware": false, "Async Capable": false, "Join Type": "Inner", "Startup Cost": 203199.97, "Total Cost": 203361.48, "Plan Rows": 93, "Plan Width": 41, "Actual Rows": 59, "Actual Loops": 6, "Inner Unique": true, "Join Filter": "(t.id = ml.movie_id)", "Rows Removed by Join Filter": 0, "Workers": [], "Plans": [{"Node Type": "Merge Join", "Parent Relationship": "Outer", "Parallel Aware": false, "Async Capable": false, "Join Type": "Inner", "Startup Cost": 203199.54, "Total Cost": 203217.65, "Plan Rows": 120, "Plan Width": 20, "Actual Rows": 68, "Actual Loops": 6, "Inner Unique": false, "Merge Cond": "(mi.movie_id = ml.movie_id)", "Workers": [], "Plans": [{"Node Type": "Sort", "Parent Relationship": "Outer", "Parallel Aware": false, "Async Capable": false, "Startup Cost": 202548.91, "Total Cost": 202671.21, "Plan Rows": 48920, "Plan Width": 4, "Actual Rows": 356, "Actual Loops": 6, "Sort Key": ["mi.movie_id"], "Sort Method": "quicksort", "Sort Space Used": 1537, "Sort Space Type": "Memory", "Workers": [{"Worker Number": 0, "Sort Method": "quicksort", "Sort Space Used": 1537, "Sort Space Type": "Memory"}, {"Worker Number": 1, "Sort Method": "quicksort", "Sort Space Used": 1537, "Sort Space Type": "Memory"}, {"Worker Number": 2, "Sort Method": "quicksort", "Sort Space Used": 1537, "Sort Space Type": "Memory"}, {"Worker Number": 3, "Sort Method": "quicksort", "Sort Space Used": 1537, "Sort Space Type": "Memory"}, {"Worker Number": 4, "Sort Method": "quicksort", "Sort Space Used": 1537, "Sort Space Type": "Memory"}], "Plans": [{"Node Type": "Seq Scan", "Parent Relationship": "Outer", "Parallel Aware": true, "Async Capable": false, "Relation Name": "movie_info", "Alias": "mi", "Startup Cost": 0.0, "Total Cost": 198738.49, "Plan Rows": 48920, "Plan Width": 4, "Actual Rows": 40640, "Actual Loops": 6, "Filter": "((info)::text = 'Drama'::text)", "Rows Removed by Filter": 2431980, "Workers": []}]}, {"Node Type": "Sort", "Parent Relationship": "Inner", "Parallel Aware": false, "Async Capable": false, "Startup Cost": 650.63, "Total Cost": 654.8, "Plan Rows": 1666, "Plan Width": 16, "Actual Rows": 2315, "Actual Loops": 6, "Sort Key": ["ml.movie_id"], "Sort Method": "quicksort", "Sort Space Used": 187, "Sort Space Type": "Memory", "Workers": [{"Worker Number": 0, "Sort Method": "quicksort", "Sort Space Used": 187, "Sort Space Type": "Memory"}, {"Worker Number": 1, "Sort Method": "quicksort", "Sort Space Used": 187, "Sort Space Type": "Memory"}, {"Worker Number": 2, "Sort Method": "quicksort", "Sort Space Used": 187, "Sort Space Type": "Memory"}, {"Worker Number": 3, "Sort Method": "quicksort", "Sort Space Used": 187, "Sort Space Type": "Memory"}, {"Worker Number": 4, "Sort Method": "quicksort", "Sort Space Used": 187, "Sort Space Type": "Memory"}], "Plans": [{"Node Type": "Hash Join", "Parent Relationship": "Outer", "Parallel Aware": false, "Async Capable": false, "Join Type": "Inner", "Startup Cost": 1.24, "Total Cost": 561.48, "Plan Rows": 1666, "Plan Width": 16, "Actual Rows": 2315, "Actual Loops": 6, "Inner Unique": true, "Hash Cond": "(ml.link_type_id = lt.id)", "Workers": [], "Plans": [{"Node Type": "Seq Scan", "Parent Relationship": "Outer", "Parallel Aware": false, "Async Capable": false, "Relation Name": "movie_link", "Alias": "ml", "Startup Cost": 0.0, "Total Cost": 462.97, "Plan Rows": 29997, "Plan Width": 8, "Actual Rows": 29997, "Actual Loops": 6, "Workers": []}, {"Node Type": "Hash", "Parent Relationship": "Inner", "Parallel Aware": false, "Async Capable": false, "Startup Cost": 1.23, "Total Cost": 1.23, "Plan Rows": 1, "Plan Width": 16, "Actual Rows": 2, "Actual Loops": 6, "Hash Buckets": 1024, "Original Hash Buckets": 1024, "Hash Batches": 1, "Original Hash Batches": 1, "Peak Memory Usage": 9, "Workers": [], "Plans": [{"Node Type": "Seq Scan", "Parent Relationship": "Outer", "Parallel Aware": false, "Async Capable": false, "Relation Name": "link_type", "Alias": "lt", "Startup Cost": 0.0, "Total Cost": 1.23, "Plan Rows": 1, "Plan Width": 16, "Actual Rows": 2, "Actual Loops": 6, "Filter": "((link)::text ~~ '%follow%'::text)", "Rows Removed by Filter": 16, "Workers": []}]}]}]}]}, {"Node Type": "Index Scan", "Parent Relationship": "Inner", "Parallel Aware": false, "Async Capable": false, "Scan Direction": "Forward", "Index Name": "title_pkey", "Relation Name": "title", "Alias": "t", "Startup Cost": 0.43, "Total Cost": 1.19, "Plan Rows": 1, "Plan Width": 21, "Actual Rows": 1, "Actual Loops": 407, "Index Cond": "(id = mi.movie_id)", "Rows Removed by Index Recheck": 0, "Filter": "(production_year >= 1980)", "Rows Removed by Filter": 0, "Workers": []}]}, {"Node Type": "Hash", "Parent Relationship": "Inner", "Parallel Aware": true, "Async Capable": false, "Startup Cost": 74365.33, "Total Cost": 74365.33, "Plan Rows": 1, "Plan Width": 27, "Actual Rows": 8, "Actual Loops": 6, "Hash Buckets": 1024, "Original Hash Buckets": 1024, "Hash Batches": 1, "Original Hash Batches": 1, "Peak Memory Usage": 200, "Workers": [], "Plans": [{"Node Type": "Nested Loop", "Parent Relationship": "Outer", "Parallel Aware": false, "Async Capable": false, "Join Type": "Inner", "Startup Cost": 45590.03, "Total Cost": 74365.33, "Plan Rows": 1, "Plan Width": 27, "Actual Rows": 8, "Actual Loops": 6, "Inner Unique": true, "Workers": [], "Plans": [{"Node Type": "Nested Loop", "Parent Relationship": "Outer", "Parallel Aware": false, "Async Capable": false, "Join Type": "Inner", "Startup Cost": 45589.61, "Total Cost": 74362.6, "Plan Rows": 6, "Plan Width": 12, "Actual Rows": 403, "Actual Loops": 6, "Inner Unique": true, "Workers": [], "Plans": [{"Node Type": "Hash Join", "Parent Relationship": "Outer", "Parallel Aware": true, "Async Capable": false, "Join Type": "Inner", "Startup Cost": 45589.47, "Total Cost": 74361.57, "Plan Rows": 24, "Plan Width": 16, "Actual Rows": 2388, "Actual Loops": 6, "Inner Unique": false, "Hash Cond": "(mc.movie_id = mk.movie_id)", "Workers": [], "Plans": [{"Node Type": "Seq Scan", "Parent Relationship": "Outer", "Parallel Aware": true, "Async Capable": false, "Relation Name": "movie_companies", "Alias": "mc", "Startup Cost": 0.0, "Total Cost": 27240.55, "Plan Rows": 408393, "Plan Width": 12, "Actual Rows": 211998, "Actual Loops": 6, "Filter": "(note IS NULL)", "Rows Removed by Filter": 222857, "Workers": []}, {"Node Type": "Hash", "Parent Relationship": "Inner", "Parallel Aware": true, "Async Capable": false, "Startup Cost": 45589.33, "Total Cost": 45589.33, "Plan Rows": 11, "Plan Width": 4, "Actual Rows": 1757, "Actual Loops": 6, "Hash Buckets": 16384, "Original Hash Buckets": 1024, "Hash Batches": 1, "Original Hash Batches": 1, "Peak Memory Usage": 792, "Workers": [], "Plans": [{"Node Type": "Hash Join", "Parent Relationship": "Outer", "Parallel Aware": false, "Async Capable": false, "Join Type": "Inner", "Startup Cost": 2685.14, "Total Cost": 45589.33, "Plan Rows": 11, "Plan Width": 4, "Actual Rows": 1757, "Actual Loops": 6, "Inner Unique": true, "Hash Cond": "(mk.keyword_id = k.id)", "Workers": [], "Plans": [{"Node Type": "Seq Scan", "Parent Relationship": "Outer", "Parallel Aware": true, "Async Capable": false, "Relation Name": "movie_keyword", "Alias": "mk", "Startup Cost": 0.0, "Total Cost": 39073.32, "Plan Rows": 1459332, "Plan Width": 8, "Actual Rows": 753988, "Actual Loops": 6, "Workers": []}, {"Node Type": "Hash", "Parent Relationship": "Inner", "Parallel Aware": false, "Async Capable": false, "Startup Cost": 2685.12, "Total Cost": 2685.12, "Plan Rows": 1, "Plan Width": 4, "Actual Rows": 1, "Actual Loops": 6, "Hash Buckets": 1024, "Original Hash Buckets": 1024, "Hash Batches": 1, "Original Hash Batches": 1, "Peak Memory Usage": 9, "Workers": [], "Plans": [{"Node Type": "Seq Scan", "Parent Relationship": "Outer", "Parallel Aware": false, "Async Capable": false, "Relation Name": "keyword", "Alias": "k", "Startup Cost": 0.0, "Total Cost": 2685.12, "Plan Rows": 1, "Plan Width": 4, "Actual Rows": 1, "Actual Loops": 6, "Filter": "((keyword)::text = 'sequel'::text)", "Rows Removed by Filter": 134169, "Workers": []}]}]}]}]}, {"Node Type": "Memoize", "Parent Relationship": "Inner", "Parallel Aware": false, "Async Capable": false, "Startup Cost": 0.14, "Total Cost": 0.16, "Plan Rows": 1, "Plan Width": 4, "Actual Rows": 0, "Actual Loops": 14331, "Cache Key": "mc.company_type_id", "Cache Mode": "logical", "Cache Hits": 2229, "Cache Misses": 2, "Cache Evictions": 0, "Cache Overflows": 0, "Peak Memory Usage": 1, "Workers": [{"Worker Number": 0, "Cache Hits": 2227, "Cache Misses": 2, "Cache Evictions": 0, "Cache Overflows": 0, "Peak Memory Usage": 1}, {"Worker Number": 1, "Cache Hits": 2525, "Cache Misses": 2, "Cache Evictions": 0, "Cache Overflows": 0, "Peak Memory Usage": 1}, {"Worker Number": 2, "Cache Hits": 2293, "Cache Misses": 2, "Cache Evictions": 0, "Cache Overflows": 0, "Peak Memory Usage": 1}, {"Worker Number": 3, "Cache Hits": 2434, "Cache Misses": 2, "Cache Evictions": 0, "Cache Overflows": 0, "Peak Memory Usage": 1}, {"Worker Number": 4, "Cache Hits": 2611, "Cache Misses": 2, "Cache Evictions": 0, "Cache Overflows": 0, "Peak Memory Usage": 1}], "Plans": [{"Node Type": "Index Scan", "Parent Relationship": "Outer", "Parallel Aware": false, "Async Capable": false, "Scan Direction": "Forward", "Index Name": "company_type_pkey", "Relation Name": "company_type", "Alias": "ct", "Startup Cost": 0.13, "Total Cost": 0.15, "Plan Rows": 1, "Plan Width": 4, "Actual Rows": 0, "Actual Loops": 12, "Index Cond": "(id = mc.company_type_id)", "Rows Removed by Index Recheck": 0, "Filter": "((kind)::text = 'distributors'::text)", "Rows Removed by Filter": 0, "Workers": []}]}]}, {"Node Type": "Index Scan", "Parent Relationship": "Inner", "Parallel Aware": false, "Async Capable": false, "Scan Direction": "Forward", "Index Name": "company_name_pkey", "Relation Name": "company_name", "Alias": "cn", "Startup Cost": 0.42, "Total Cost": 0.45, "Plan Rows": 1, "Plan Width": 23, "Actual Rows": 0, "Actual Loops": 2416, "Index Cond": "(id = mc.company_id)", "Rows Removed by Index Recheck": 0, "Filter": "(((country_code)::text <> '[ru]'::text) AND ((name)::text ~~ '%Warner%'::text))", "Rows Removed by Filter": 1, "Workers": []}]}]}]}]}]}]}, "Planning Time": 12.642, "Triggers": [], "Execution Time": 678.759}, {"Plan": {"Node Type": "Aggregate", "Strategy": "Plain", "Partial Mode": "Simple", "Parallel Aware": false, "Async Capable": false, "Startup Cost": 280842.57, "Total Cost": 280842.58, "Plan Rows": 1, "Plan Width": 96, "Plans": [{"Node Type": "Nested Loop", "Parent Relationship": "Outer", "Parallel Aware": false, "Async Capable": false, "Join Type": "Inner", "Startup Cost": 52706.47, "Total Cost": 280842.57, "Plan Rows": 1, "Plan Width": 48, "Inner Unique": false, "Join Filter": "(t.id = ml.movie_id)", "Plans": [{"Node Type": "Nested Loop", "Parent Relationship": "Outer", "Parallel Aware": false, "Async Capable": false, "Join Type": "Inner", "Startup Cost": 46590.7, "Total Cost": 246374.02, "Plan Rows": 1, "Plan Width": 24, "Inner Unique": false, "Join Filter": "(mk.movie_id = ml.movie_id)", "Plans": [{"Node Type": "Hash Join", "Parent Relationship": "Outer", "Parallel Aware": false, "Async Capable": false, "Join Type": "Inner", "Startup Cost": 1.24, "Total Cost": 561.48, "Plan Rows": 1666, "Plan Width": 16, "Inner Unique": true, "Hash Cond": "(ml.link_type_id = lt.id)", "Plans": [{"Node Type": "Seq Scan", "Parent Relationship": "Outer", "Parallel Aware": false, "Async Capable": false, "Relation Name": "movie_link", "Alias": "ml", "Startup Cost": 0.0, "Total Cost": 462.97, "Plan Rows": 29997, "Plan Width": 8}, {"Node Type": "Hash", "Parent Relationship": "Inner", "Parallel Aware": false, "Async Capable": false, "Startup Cost": 1.23, "Total Cost": 1.23, "Plan Rows": 1, "Plan Width": 16, "Plans": [{"Node Type": "Seq Scan", "Parent Relationship": "Outer", "Parallel Aware": false, "Async Capable": false, "Relation Name": "link_type", "Alias": "lt", "Startup Cost": 0.0, "Total Cost": 1.23, "Plan Rows": 1, "Plan Width": 16, "Filter": "((link)::text ~~ '%follow%'::text)"}]}]}, {"Node Type": "Materialize", "Parent Relationship": "Inner", "Parallel Aware": false, "Async Capable": false, "Startup Cost": 46589.47, "Total Cost": 245512.68, "Plan Rows": 12, "Plan Width": 8, "Plans": [{"Node Type": "Gather", "Parent Relationship": "Outer", "Parallel Aware": false, "Async Capable": false, "Startup Cost": 46589.47, "Total Cost": 245512.62, "Plan Rows": 12, "Plan Width": 8, "Workers Planned": 5, "Single Copy": false, "Plans": [{"Node Type": "Hash Join", "Parent Relationship": "Outer", "Parallel Aware": true, "Async Capable": false, "Join Type": "Inner", "Startup Cost": 45589.47, "Total Cost": 244511.42, "Plan Rows": 2, "Plan Width": 8, "Inner Unique": false, "Hash Cond": "(mi.movie_id = mk.movie_id)", "Plans": [{"Node Type": "Seq Scan", "Parent Relationship": "Outer", "Parallel Aware": true, "Async Capable": false, "Relation Name": "movie_info", "Alias": "mi", "Startup Cost": 0.0, "Total Cost": 198738.49, "Plan Rows": 48920, "Plan Width": 4, "Filter": "((info)::text = 'Drama'::text)"}, {"Node Type": "Hash", "Parent Relationship": "Inner", "Parallel Aware": true, "Async Capable": false, "Startup Cost": 45589.33, "Total Cost": 45589.33, "Plan Rows": 11, "Plan Width": 4, "Plans": [{"Node Type": "Hash Join", "Parent Relationship": "Outer", "Parallel Aware": false, "Async Capable": false, "Join Type": "Inner", "Startup Cost": 2685.14, "Total Cost": 45589.33, "Plan Rows": 11, "Plan Width": 4, "Inner Unique": true, "Hash Cond": "(mk.keyword_id = k.id)", "Plans": [{"Node Type": "Seq Scan", "Parent Relationship": "Outer", "Parallel Aware": true, "Async Capable": false, "Relation Name": "movie_keyword", "Alias": "mk", "Startup Cost": 0.0, "Total Cost": 39073.32, "Plan Rows": 1459332, "Plan Width": 8}, {"Node Type": "Hash", "Parent Relationship": "Inner", "Parallel Aware": false, "Async Capable": false, "Startup Cost": 2685.12, "Total Cost": 2685.12, "Plan Rows": 1, "Plan Width": 4, "Plans": [{"Node Type": "Seq Scan", "Parent Relationship": "Outer", "Parallel Aware": false, "Async Capable": false, "Relation Name": "keyword", "Alias": "k", "Startup Cost": 0.0, "Total Cost": 2685.12, "Plan Rows": 1, "Plan Width": 4, "Filter": "((keyword)::text = 'sequel'::text)"}]}]}]}]}]}]}]}, {"Node Type": "Gather", "Parent Relationship": "Inner", "Parallel Aware": false, "Async Capable": false, "Startup Cost": 6115.77, "Total Cost": 34467.18, "Plan Rows": 110, "Plan Width": 44, "Workers Planned": 3, "Single Copy": false, "Plans": [{"Node Type": "Nested Loop", "Parent Relationship": "Outer", "Parallel Aware": false, "Async Capable": false, "Join Type": "Inner", "Startup Cost": 5115.77, "Total Cost": 33456.18, "Plan Rows": 35, "Plan Width": 44, "Inner Unique": true, "Plans": [{"Node Type": "Hash Join", "Parent Relationship": "Outer", "Parallel Aware": false, "Async Capable": false, "Join Type": "Inner", "Startup Cost": 5115.34, "Total Cost": 33428.93, "Plan Rows": 46, "Plan Width": 23, "Inner Unique": true, "Hash Cond": "(mc.company_type_id = ct.id)", "Plans": [{"Node Type": "Hash Join", "Parent Relationship": "Outer", "Parallel Aware": true, "Async Capable": false, "Join Type": "Inner", "Startup Cost": 5114.28, "Total Cost": 33426.88, "Plan Rows": 184, "Plan Width": 27, "Inner Unique": true, "Hash Cond": "(mc.company_id = cn.id)", "Plans": [{"Node Type": "Seq Scan", "Parent Relationship": "Outer", "Parallel Aware": true, "Async Capable": false, "Relation Name": "movie_companies", "Alias": "mc", "Startup Cost": 0.0, "Total Cost": 27240.55, "Plan Rows": 408393, "Plan Width": 12, "Filter": "(note IS NULL)"}, {"Node Type": "Hash", "Parent Relationship": "Inner", "Parallel Aware": true, "Async Capable": false, "Startup Cost": 5113.5, "Total Cost": 5113.5, "Plan Rows": 62, "Plan Width": 23, "Plans": [{"Node Type": "Seq Scan", "Parent Relationship": "Outer", "Parallel Aware": true, "Async Capable": false, "Relation Name": "company_name", "Alias": "cn", "Startup Cost": 0.0, "Total Cost": 5113.5, "Plan Rows": 62, "Plan Width": 23, "Filter": "(((country_code)::text <> '[ru]'::text) AND ((name)::text ~~ '%Warner%'::text))"}]}]}, {"Node Type": "Hash", "Parent Relationship": "Inner", "Parallel Aware": false, "Async Capable": false, "Startup Cost": 1.05, "Total Cost": 1.05, "Plan Rows": 1, "Plan Width": 4, "Plans": [{"Node Type": "Seq Scan", "Parent Relationship": "Outer", "Parallel Aware": false, "Async Capable": false, "Relation Name": "company_type", "Alias": "ct", "Startup Cost": 0.0, "Total Cost": 1.05, "Plan Rows": 1, "Plan Width": 4, "Filter": "((kind)::text = 'distributors'::text)"}]}]}, {"Node Type": "Index Scan", "Parent Relationship": "Inner", "Parallel Aware": false, "Async Capable": false, "Scan Direction": "Forward", "Index Name": "title_pkey", "Relation Name": "title", "Alias": "t", "Startup Cost": 0.43, "Total Cost": 0.59, "Plan Rows": 1, "Plan Width": 21, "Index Cond": "(id = mc.movie_id)", "Filter": "(production_year >= 1980)"}]}]}]}]}}, {"Plan": {"Node Type": "Aggregate", "Strategy": "Plain", "Partial Mode": "Simple", "Parallel Aware": false, "Async Capable": false, "Startup Cost": 279335.18, "Total Cost": 279335.19, "Plan Rows": 1, "Plan Width": 96, "Actual Rows": 1, "Actual Loops": 1, "Plans": [{"Node Type": "Gather", "Parent Relationship": "Outer", "Parallel Aware": false, "Async Capable": false, "Startup Cost": 236425.88, "Total Cost": 279335.17, "Plan Rows": 1, "Plan Width": 48, "Actual Rows": 1, "Actual Loops": 1, "Workers Planned": 3, "Workers Launched": 3, "Single Copy": false, "Plans": [{"Node Type": "Hash Join", "Parent Relationship": "Outer", "Parallel Aware": true, "Async Capable": false, "Join Type": "Inner", "Startup Cost": 235425.88, "Total Cost": 278335.07, "Plan Rows": 1, "Plan Width": 48, "Actual Rows": 0, "Actual Loops": 4, "Inner Unique": false, "Hash Cond": "(t.id = ml.movie_id)", "Workers": [], "Plans": [{"Node Type": "Nested Loop", "Parent Relationship": "Outer", "Parallel Aware": false, "Async Capable": false, "Join Type": "Inner", "Startup Cost": 2685.57, "Total Cost": 45594.72, "Plan Rows": 8, "Plan Width": 25, "Actual Rows": 1824, "Actual Loops": 4, "Inner Unique": true, "Workers": [], "Plans": [{"Node Type": "Hash Join", "Parent Relationship": "Outer", "Parallel Aware": false, "Async Capable": false, "Join Type": "Inner", "Startup Cost": 2685.14, "Total Cost": 45589.33, "Plan Rows": 11, "Plan Width": 4, "Actual Rows": 2636, "Actual Loops": 4, "Inner Unique": true, "Hash Cond": "(mk.keyword_id = k.id)", "Workers": [], "Plans": [{"Node Type": "Seq Scan", "Parent Relationship": "Outer", "Parallel Aware": true, "Async Capable": false, "Relation Name": "movie_keyword", "Alias": "mk", "Startup Cost": 0.0, "Total Cost": 39073.32, "Plan Rows": 1459332, "Plan Width": 8, "Actual Rows": 1130982, "Actual Loops": 4, "Workers": []}, {"Node Type": "Hash", "Parent Relationship": "Inner", "Parallel Aware": false, "Async Capable": false, "Startup Cost": 2685.12, "Total Cost": 2685.12, "Plan Rows": 1, "Plan Width": 4, "Actual Rows": 1, "Actual Loops": 4, "Hash Buckets": 1024, "Original Hash Buckets": 1024, "Hash Batches": 1, "Original Hash Batches": 1, "Peak Memory Usage": 9, "Workers": [], "Plans": [{"Node Type": "Seq Scan", "Parent Relationship": "Outer", "Parallel Aware": false, "Async Capable": false, "Relation Name": "keyword", "Alias": "k", "Startup Cost": 0.0, "Total Cost": 2685.12, "Plan Rows": 1, "Plan Width": 4, "Actual Rows": 1, "Actual Loops": 4, "Filter": "((keyword)::text = 'sequel'::text)", "Rows Removed by Filter": 134169, "Workers": []}]}]}, {"Node Type": "Index Scan", "Parent Relationship": "Inner", "Parallel Aware": false, "Async Capable": false, "Scan Direction": "Forward", "Index Name": "title_pkey", "Relation Name": "title", "Alias": "t", "Startup Cost": 0.43, "Total Cost": 0.49, "Plan Rows": 1, "Plan Width": 21, "Actual Rows": 1, "Actual Loops": 10544, "Index Cond": "(id = mk.movie_id)", "Rows Removed by Index Recheck": 0, "Filter": "(production_year >= 1980)", "Rows Removed by Filter": 0, "Workers": []}]}, {"Node Type": "Hash", "Parent Relationship": "Inner", "Parallel Aware": true, "Async Capable": false, "Startup Cost": 232740.3, "Total Cost": 232740.3, "Plan Rows": 1, "Plan Width": 43, "Actual Rows": 0, "Actual Loops": 4, "Hash Buckets": 1024, "Original Hash Buckets": 1024, "Hash Batches": 1, "Original Hash Batches": 1, "Peak Memory Usage": 40, "Workers": [], "Plans": [{"Node Type": "Nested Loop", "Parent Relationship": "Outer", "Parallel Aware": false, "Async Capable": false, "Join Type": "Inner", "Startup Cost": 232698.83, "Total Cost": 232740.3, "Plan Rows": 1, "Plan Width": 43, "Actual Rows": 0, "Actual Loops": 4, "Inner Unique": true, "Workers": [], "Plans": [{"Node Type": "Merge Join", "Parent Relationship": "Outer", "Parallel Aware": false, "Async Capable": false, "Join Type": "Inner", "Startup Cost": 232698.41, "Total Cost": 232711.64, "Plan Rows": 63, "Plan Width": 28, "Actual Rows": 46, "Actual Loops": 4, "Inner Unique": false, "Merge Cond": "(mc.movie_id = ml.movie_id)", "Workers": [], "Plans": [{"Node Type": "Sort", "Parent Relationship": "Outer", "Parallel Aware": false, "Async Capable": false, "Startup Cost": 232047.78, "Total Cost": 232103.04, "Plan Rows": 22104, "Plan Width": 12, "Actual Rows": 99, "Actual Loops": 4, "Sort Key": ["mc.movie_id"], "Sort Method": "quicksort", "Sort Space Used": 395, "Sort Space Type": "Memory", "Workers": [{"Worker Number": 0, "Sort Method": "quicksort", "Sort Space Used": 402, "Sort Space Type": "Memory"}, {"Worker Number": 1, "Sort Method": "quicksort", "Sort Space Used": 408, "Sort Space Type": "Memory"}, {"Worker Number": 2, "Sort Method": "quicksort", "Sort Space Used": 421, "Sort Space Type": "Memory"}], "Plans": [{"Node Type": "Hash Join", "Parent Relationship": "Outer", "Parallel Aware": true, "Async Capable": false, "Join Type": "Inner", "Startup Cost": 30725.7, "Total Cost": 230452.75, "Plan Rows": 22104, "Plan Width": 12, "Actual Rows": 5472, "Actual Loops": 4, "Inner Unique": false, "Hash Cond": "(mi.movie_id = mc.movie_id)", "Workers": [], "Plans": [{"Node Type": "Seq Scan", "Parent Relationship": "Outer", "Parallel Aware": true, "Async Capable": false, "Relation Name": "movie_info", "Alias": "mi", "Startup Cost": 0.0, "Total Cost": 198738.49, "Plan Rows": 48920, "Plan Width": 4, "Actual Rows": 60961, "Actual Loops": 4, "Filter": "((info)::text = 'Drama'::text)", "Rows Removed by Filter": 3647969, "Workers": []}, {"Node Type": "Hash", "Parent Relationship": "Inner", "Parallel Aware": true, "Async Capable": false, "Startup Cost": 29449.48, "Total Cost": 29449.48, "Plan Rows": 102098, "Plan Width": 8, "Actual Rows": 19515, "Actual Loops": 4, "Hash Buckets": 524288, "Original Hash Buckets": 524288, "Hash Batches": 1, "Original Hash Batches": 1, "Peak Memory Usage": 7200, "Workers": [], "Plans": [{"Node Type": "Hash Join", "Parent Relationship": "Outer", "Parallel Aware": false, "Async Capable": false, "Join Type": "Inner", "Startup Cost": 1.06, "Total Cost": 29449.48, "Plan Rows": 102098, "Plan Width": 8, "Actual Rows": 19515, "Actual Loops": 4, "Inner Unique": true, "Hash Cond": "(mc.company_type_id = ct.id)", "Workers": [], "Plans": [{"Node Type": "Seq Scan", "Parent Relationship": "Outer", "Parallel Aware": true, "Async Capable": false, "Relation Name": "movie_companies", "Alias": "mc", "Startup Cost": 0.0, "Total Cost": 27240.55, "Plan Rows": 408393, "Plan Width": 12, "Actual Rows": 317997, "Actual Loops": 4, "Filter": "(note IS NULL)", "Rows Removed by Filter": 334285, "Workers": []}, {"Node Type": "Hash", "Parent Relationship": "Inner", "Parallel Aware": false, "Async Capable": false, "Startup Cost": 1.05, "Total Cost": 1.05, "Plan Rows": 1, "Plan Width": 4, "Actual Rows": 1, "Actual Loops": 4, "Hash Buckets": 1024, "Original Hash Buckets": 1024, "Hash Batches": 1, "Original Hash Batches": 1, "Peak Memory Usage": 9, "Workers": [], "Plans": [{"Node Type": "Seq Scan", "Parent Relationship": "Outer", "Parallel Aware": false, "Async Capable": false, "Relation Name": "company_type", "Alias": "ct", "Startup Cost": 0.0, "Total Cost": 1.05, "Plan Rows": 1, "Plan Width": 4, "Actual Rows": 1, "Actual Loops": 4, "Filter": "((kind)::text = 'distributors'::text)", "Rows Removed by Filter": 3, "Workers": []}]}]}]}]}]}, {"Node Type": "Sort", "Parent Relationship": "Inner", "Parallel Aware": false, "Async Capable": false, "Startup Cost": 650.63, "Total Cost": 654.8, "Plan Rows": 1666, "Plan Width": 16, "Actual Rows": 2326, "Actual Loops": 4, "Sort Key": ["ml.movie_id"], "Sort Method": "quicksort", "Sort Space Used": 187, "Sort Space Type": "Memory", "Workers": [{"Worker Number": 0, "Sort Method": "quicksort", "Sort Space Used": 187, "Sort Space Type": "Memory"}, {"Worker Number": 1, "Sort Method": "quicksort", "Sort Space Used": 187, "Sort Space Type": "Memory"}, {"Worker Number": 2, "Sort Method": "quicksort", "Sort Space Used": 187, "Sort Space Type": "Memory"}], "Plans": [{"Node Type": "Hash Join", "Parent Relationship": "Outer", "Parallel Aware": false, "Async Capable": false, "Join Type": "Inner", "Startup Cost": 1.24, "Total Cost": 561.48, "Plan Rows": 1666, "Plan Width": 16, "Actual Rows": 2315, "Actual Loops": 4, "Inner Unique": true, "Hash Cond": "(ml.link_type_id = lt.id)", "Workers": [], "Plans": [{"Node Type": "Seq Scan", "Parent Relationship": "Outer", "Parallel Aware": false, "Async Capable": false, "Relation Name": "movie_link", "Alias": "ml", "Startup Cost": 0.0, "Total Cost": 462.97, "Plan Rows": 29997, "Plan Width": 8, "Actual Rows": 29997, "Actual Loops": 4, "Workers": []}, {"Node Type": "Hash", "Parent Relationship": "Inner", "Parallel Aware": false, "Async Capable": false, "Startup Cost": 1.23, "Total Cost": 1.23, "Plan Rows": 1, "Plan Width": 16, "Actual Rows": 2, "Actual Loops": 4, "Hash Buckets": 1024, "Original Hash Buckets": 1024, "Hash Batches": 1, "Original Hash Batches": 1, "Peak Memory Usage": 9, "Workers": [], "Plans": [{"Node Type": "Seq Scan", "Parent Relationship": "Outer", "Parallel Aware": false, "Async Capable": false, "Relation Name": "link_type", "Alias": "lt", "Startup Cost": 0.0, "Total Cost": 1.23, "Plan Rows": 1, "Plan Width": 16, "Actual Rows": 2, "Actual Loops": 4, "Filter": "((link)::text ~~ '%follow%'::text)", "Rows Removed by Filter": 16, "Workers": []}]}]}]}]}, {"Node Type": "Index Scan", "Parent Relationship": "Inner", "Parallel Aware": false, "Async Capable": false, "Scan Direction": "Forward", "Index Name": "company_name_pkey", "Relation Name": "company_name", "Alias": "cn", "Startup Cost": 0.42, "Total Cost": 0.45, "Plan Rows": 1, "Plan Width": 23, "Actual Rows": 0, "Actual Loops": 184, "Index Cond": "(id = mc.company_id)", "Rows Removed by Index Recheck": 0, "Filter": "(((country_code)::text <> '[ru]'::text) AND ((name)::text ~~ '%Warner%'::text))", "Rows Removed by Filter": 1, "Workers": []}]}]}]}]}]}, "Planning Time": 13.912, "Triggers": [], "Execution Time": 1127.778}, {"Plan": {"Node Type": "Aggregate", "Strategy": "Plain", "Partial Mode": "Finalize", "Parallel Aware": false, "Async Capable": false, "Startup Cost": 279602.17, "Total Cost": 279602.18, "Plan Rows": 1, "Plan Width": 96, "Actual Rows": 1, "Actual Loops": 1, "Plans": [{"Node Type": "Gather", "Parent Relationship": "Outer", "Parallel Aware": false, "Async Capable": false, "Startup Cost": 279601.63, "Total Cost": 279602.14, "Plan Rows": 5, "Plan Width": 96, "Actual Rows": 6, "Actual Loops": 1, "Workers Planned": 5, "Workers Launched": 5, "Single Copy": false, "Plans": [{"Node Type": "Aggregate", "Strategy": "Plain", "Partial Mode": "Partial", "Parent Relationship": "Outer", "Parallel Aware": false, "Async Capable": false, "Startup Cost": 278601.63, "Total Cost": 278601.64, "Plan Rows": 1, "Plan Width": 96, "Actual Rows": 1, "Actual Loops": 6, "Workers": [], "Plans": [{"Node Type": "Hash Join", "Parent Relationship": "Outer", "Parallel Aware": true, "Async Capable": false, "Join Type": "Inner", "Startup Cost": 79679.1, "Total Cost": 278601.62, "Plan Rows": 1, "Plan Width": 48, "Actual Rows": 0, "Actual Loops": 6, "Inner Unique": false, "Hash Cond": "(t.id = ml.movie_id)", "Workers": [], "Plans": [{"Node Type": "Nested Loop", "Parent Relationship": "Outer", "Parallel Aware": false, "Async Capable": false, "Join Type": "Inner", "Startup Cost": 45589.9, "Total Cost": 244512.4, "Plan Rows": 2, "Plan Width": 29, "Actual Rows": 174, "Actual Loops": 6, "Inner Unique": true, "Workers": [], "Plans": [{"Node Type": "Hash Join", "Parent Relationship": "Outer", "Parallel Aware": true, "Async Capable": false, "Join Type": "Inner", "Startup Cost": 45589.47, "Total Cost": 244511.42, "Plan Rows": 2, "Plan Width": 8, "Actual Rows": 264, "Actual Loops": 6, "Inner Unique": false, "Hash Cond": "(mi.movie_id = mk.movie_id)", "Workers": [], "Plans": [{"Node Type": "Seq Scan", "Parent Relationship": "Outer", "Parallel Aware": true, "Async Capable": false, "Relation Name": "movie_info", "Alias": "mi", "Startup Cost": 0.0, "Total Cost": 198738.49, "Plan Rows": 48920, "Plan Width": 4, "Actual Rows": 40640, "Actual Loops": 6, "Filter": "((info)::text = 'Drama'::text)", "Rows Removed by Filter": 2431980, "Workers": []}, {"Node Type": "Hash", "Parent Relationship": "Inner", "Parallel Aware": true, "Async Capable": false, "Startup Cost": 45589.33, "Total Cost": 45589.33, "Plan Rows": 11, "Plan Width": 4, "Actual Rows": 1757, "Actual Loops": 6, "Hash Buckets": 16384, "Original Hash Buckets": 1024, "Hash Batches": 1, "Original Hash Batches": 1, "Peak Memory Usage": 792, "Workers": [], "Plans": [{"Node Type": "Hash Join", "Parent Relationship": "Outer", "Parallel Aware": false, "Async Capable": false, "Join Type": "Inner", "Startup Cost": 2685.14, "Total Cost": 45589.33, "Plan Rows": 11, "Plan Width": 4, "Actual Rows": 1757, "Actual Loops": 6, "Inner Unique": true, "Hash Cond": "(mk.keyword_id = k.id)", "Workers": [], "Plans": [{"Node Type": "Seq Scan", "Parent Relationship": "Outer", "Parallel Aware": true, "Async Capable": false, "Relation Name": "movie_keyword", "Alias": "mk", "Startup Cost": 0.0, "Total Cost": 39073.32, "Plan Rows": 1459332, "Plan Width": 8, "Actual Rows": 753988, "Actual Loops": 6, "Workers": []}, {"Node Type": "Hash", "Parent Relationship": "Inner", "Parallel Aware": false, "Async Capable": false, "Startup Cost": 2685.12, "Total Cost": 2685.12, "Plan Rows": 1, "Plan Width": 4, "Actual Rows": 1, "Actual Loops": 6, "Hash Buckets": 1024, "Original Hash Buckets": 1024, "Hash Batches": 1, "Original Hash Batches": 1, "Peak Memory Usage": 9, "Workers": [], "Plans": [{"Node Type": "Seq Scan", "Parent Relationship": "Outer", "Parallel Aware": false, "Async Capable": false, "Relation Name": "keyword", "Alias": "k", "Startup Cost": 0.0, "Total Cost": 2685.12, "Plan Rows": 1, "Plan Width": 4, "Actual Rows": 1, "Actual Loops": 6, "Filter": "((keyword)::text = 'sequel'::text)", "Rows Removed by Filter": 134169, "Workers": []}]}]}]}]}, {"Node Type": "Index Scan", "Parent Relationship": "Inner", "Parallel Aware": false, "Async Capable": false, "Scan Direction": "Forward", "Index Name": "title_pkey", "Relation Name": "title", "Alias": "t", "Startup Cost": 0.43, "Total Cost": 0.49, "Plan Rows": 1, "Plan Width": 21, "Actual Rows": 1, "Actual Loops": 1582, "Index Cond": "(id = mk.movie_id)", "Rows Removed by Index Recheck": 0, "Filter": "(production_year >= 1980)", "Rows Removed by Filter": 0, "Workers": []}]}, {"Node Type": "Hash", "Parent Relationship": "Inner", "Parallel Aware": true, "Async Capable": false, "Startup Cost": 34089.19, "Total Cost": 34089.19, "Plan Rows": 1, "Plan Width": 39, "Actual Rows": 2, "Actual Loops": 6, "Hash Buckets": 1024, "Original Hash Buckets": 1024, "Hash Batches": 1, "Original Hash Batches": 1, "Peak Memory Usage": 136, "Workers": [], "Plans": [{"Node Type": "Merge Join", "Parent Relationship": "Outer", "Parallel Aware": false, "Async Capable": false, "Join Type": "Inner", "Startup Cost": 34080.84, "Total Cost": 34089.19, "Plan Rows": 1, "Plan Width": 39, "Actual Rows": 2, "Actual Loops": 6, "Inner Unique": false, "Merge Cond": "(mc.movie_id = ml.movie_id)", "Workers": [], "Plans": [{"Node Type": "Sort", "Parent Relationship": "Outer", "Parallel Aware": false, "Async Capable": false, "Startup Cost": 33430.2, "Total Cost": 33430.32, "Plan Rows": 46, "Plan Width": 23, "Actual Rows": 3, "Actual Loops": 6, "Sort Key": ["mc.movie_id"], "Sort Method": "quicksort", "Sort Space Used": 39, "Sort Space Type": "Memory", "Workers": [{"Worker Number": 0, "Sort Method": "quicksort", "Sort Space Used": 33, "Sort Space Type": "Memory"}, {"Worker Number": 1, "Sort Method": "quicksort", "Sort Space Used": 32, "Sort Space Type": "Memory"}, {"Worker Number": 2, "Sort Method": "quicksort", "Sort Space Used": 32, "Sort Space Type": "Memory"}, {"Worker Number": 3, "Sort Method": "quicksort", "Sort Space Used": 32, "Sort Space Type": "Memory"}, {"Worker Number": 4, "Sort Method": "quicksort", "Sort Space Used": 32, "Sort Space Type": "Memory"}], "Plans": [{"Node Type": "Hash Join", "Parent Relationship": "Outer", "Parallel Aware": false, "Async Capable": false, "Join Type": "Inner", "Startup Cost": 5115.34, "Total Cost": 33428.93, "Plan Rows": 46, "Plan Width": 23, "Actual Rows": 206, "Actual Loops": 6, "Inner Unique": true, "Hash Cond": "(mc.company_type_id = ct.id)", "Workers": [], "Plans": [{"Node Type": "Hash Join", "Parent Relationship": "Outer", "Parallel Aware": true, "Async Capable": false, "Join Type": "Inner", "Startup Cost": 5114.28, "Total Cost": 33426.88, "Plan Rows": 184, "Plan Width": 27, "Actual Rows": 2232, "Actual Loops": 6, "Inner Unique": true, "Hash Cond": "(mc.company_id = cn.id)", "Workers": [], "Plans": [{"Node Type": "Seq Scan", "Parent Relationship": "Outer", "Parallel Aware": true, "Async Capable": false, "Relation Name": "movie_companies", "Alias": "mc", "Startup Cost": 0.0, "Total Cost": 27240.55, "Plan Rows": 408393, "Plan Width": 12, "Actual Rows": 211998, "Actual Loops": 6, "Filter": "(note IS NULL)", "Rows Removed by Filter": 222857, "Workers": []}, {"Node Type": "Hash", "Parent Relationship": "Inner", "Parallel Aware": true, "Async Capable": false, "Startup Cost": 5113.5, "Total Cost": 5113.5, "Plan Rows": 62, "Plan Width": 23, "Actual Rows": 45, "Actual Loops": 6, "Hash Buckets": 1024, "Original Hash Buckets": 1024, "Hash Batches": 1, "Original Hash Batches": 1, "Peak Memory Usage": 200, "Workers": [], "Plans": [{"Node Type": "Seq Scan", "Parent Relationship": "Outer", "Parallel Aware": true, "Async Capable": false, "Relation Name": "company_name", "Alias": "cn", "Startup Cost": 0.0, "Total Cost": 5113.5, "Plan Rows": 62, "Plan Width": 23, "Actual Rows": 45, "Actual Loops": 6, "Filter": "(((country_code)::text <> '[ru]'::text) AND ((name)::text ~~ '%Warner%'::text))", "Rows Removed by Filter": 39121, "Workers": []}]}]}, {"Node Type": "Hash", "Parent Relationship": "Inner", "Parallel Aware": false, "Async Capable": false, "Startup Cost": 1.05, "Total Cost": 1.05, "Plan Rows": 1, "Plan Width": 4, "Actual Rows": 1, "Actual Loops": 6, "Hash Buckets": 1024, "Original Hash Buckets": 1024, "Hash Batches": 1, "Original Hash Batches": 1, "Peak Memory Usage": 9, "Workers": [], "Plans": [{"Node Type": "Seq Scan", "Parent Relationship": "Outer", "Parallel Aware": false, "Async Capable": false, "Relation Name": "company_type", "Alias": "ct", "Startup Cost": 0.0, "Total Cost": 1.05, "Plan Rows": 1, "Plan Width": 4, "Actual Rows": 1, "Actual Loops": 6, "Filter": "((kind)::text = 'distributors'::text)", "Rows Removed by Filter": 3, "Workers": []}]}]}]}, {"Node Type": "Sort", "Parent Relationship": "Inner", "Parallel Aware": false, "Async Capable": false, "Startup Cost": 650.63, "Total Cost": 654.8, "Plan Rows": 1666, "Plan Width": 16, "Actual Rows": 2315, "Actual Loops": 6, "Sort Key": ["ml.movie_id"], "Sort Method": "quicksort", "Sort Space Used": 187, "Sort Space Type": "Memory", "Workers": [{"Worker Number": 0, "Sort Method": "quicksort", "Sort Space Used": 187, "Sort Space Type": "Memory"}, {"Worker Number": 1, "Sort Method": "quicksort", "Sort Space Used": 187, "Sort Space Type": "Memory"}, {"Worker Number": 2, "Sort Method": "quicksort", "Sort Space Used": 187, "Sort Space Type": "Memory"}, {"Worker Number": 3, "Sort Method": "quicksort", "Sort Space Used": 187, "Sort Space Type": "Memory"}, {"Worker Number": 4, "Sort Method": "quicksort", "Sort Space Used": 187, "Sort Space Type": "Memory"}], "Plans": [{"Node Type": "Hash Join", "Parent Relationship": "Outer", "Parallel Aware": false, "Async Capable": false, "Join Type": "Inner", "Startup Cost": 1.24, "Total Cost": 561.48, "Plan Rows": 1666, "Plan Width": 16, "Actual Rows": 2315, "Actual Loops": 6, "Inner Unique": true, "Hash Cond": "(ml.link_type_id = lt.id)", "Workers": [], "Plans": [{"Node Type": "Seq Scan", "Parent Relationship": "Outer", "Parallel Aware": false, "Async Capable": false, "Relation Name": "movie_link", "Alias": "ml", "Startup Cost": 0.0, "Total Cost": 462.97, "Plan Rows": 29997, "Plan Width": 8, "Actual Rows": 29997, "Actual Loops": 6, "Workers": []}, {"Node Type": "Hash", "Parent Relationship": "Inner", "Parallel Aware": false, "Async Capable": false, "Startup Cost": 1.23, "Total Cost": 1.23, "Plan Rows": 1, "Plan Width": 16, "Actual Rows": 2, "Actual Loops": 6, "Hash Buckets": 1024, "Original Hash Buckets": 1024, "Hash Batches": 1, "Original Hash Batches": 1, "Peak Memory Usage": 9, "Workers": [], "Plans": [{"Node Type": "Seq Scan", "Parent Relationship": "Outer", "Parallel Aware": false, "Async Capable": false, "Relation Name": "link_type", "Alias": "lt", "Startup Cost": 0.0, "Total Cost": 1.23, "Plan Rows": 1, "Plan Width": 16, "Actual Rows": 2, "Actual Loops": 6, "Filter": "((link)::text ~~ '%follow%'::text)", "Rows Removed by Filter": 16, "Workers": []}]}]}]}]}]}]}]}]}]}, "Planning Time": 13.271, "Triggers": [], "Execution Time": 686.497}, {"Plan": {"Node Type": "Aggregate", "Strategy": "Plain", "Partial Mode": "Simple", "Parallel Aware": false, "Async Capable": false, "Startup Cost": 279600.15, "Total Cost": 279600.16, "Plan Rows": 1, "Plan Width": 96, "Actual Rows": 1, "Actual Loops": 1, "Plans": [{"Node Type": "Gather", "Parent Relationship": "Outer", "Parallel Aware": false, "Async Capable": false, "Startup Cost": 251286.26, "Total Cost": 279600.14, "Plan Rows": 1, "Plan Width": 48, "Actual Rows": 1, "Actual Loops": 1, "Workers Planned": 3, "Workers Launched": 3, "Single Copy": false, "Plans": [{"Node Type": "Hash Join", "Parent Relationship": "Outer", "Parallel Aware": true, "Async Capable": false, "Join Type": "Inner", "Startup Cost": 250286.26, "Total Cost": 278600.04, "Plan Rows": 1, "Plan Width": 48, "Actual Rows": 0, "Actual Loops": 4, "Inner Unique": false, "Hash Cond": "(mc.movie_id = ml.movie_id)", "Workers": [], "Plans": [{"Node Type": "Hash Join", "Parent Relationship": "Outer", "Parallel Aware": false, "Async Capable": false, "Join Type": "Inner", "Startup Cost": 5115.34, "Total Cost": 33428.93, "Plan Rows": 46, "Plan Width": 23, "Actual Rows": 308, "Actual Loops": 4, "Inner Unique": true, "Hash Cond": "(mc.company_type_id = ct.id)", "Workers": [], "Plans": [{"Node Type": "Hash Join", "Parent Relationship": "Outer", "Parallel Aware": true, "Async Capable": false, "Join Type": "Inner", "Startup Cost": 5114.28, "Total Cost": 33426.88, "Plan Rows": 184, "Plan Width": 27, "Actual Rows": 3347, "Actual Loops": 4, "Inner Unique": true, "Hash Cond": "(mc.company_id = cn.id)", "Workers": [], "Plans": [{"Node Type": "Seq Scan", "Parent Relationship": "Outer", "Parallel Aware": true, "Async Capable": false, "Relation Name": "movie_companies", "Alias": "mc", "Startup Cost": 0.0, "Total Cost": 27240.55, "Plan Rows": 408393, "Plan Width": 12, "Actual Rows": 317997, "Actual Loops": 4, "Filter": "(note IS NULL)", "Rows Removed by Filter": 334285, "Workers": []}, {"Node Type": "Hash", "Parent Relationship": "Inner", "Parallel Aware": true, "Async Capable": false, "Startup Cost": 5113.5, "Total Cost": 5113.5, "Plan Rows": 62, "Plan Width": 23, "Actual Rows": 68, "Actual Loops": 4, "Hash Buckets": 1024, "Original Hash Buckets": 1024, "Hash Batches": 1, "Original Hash Batches": 1, "Peak Memory Usage": 136, "Workers": [], "Plans": [{"Node Type": "Seq Scan", "Parent Relationship": "Outer", "Parallel Aware": true, "Async Capable": false, "Relation Name": "company_name", "Alias": "cn", "Startup Cost": 0.0, "Total Cost": 5113.5, "Plan Rows": 62, "Plan Width": 23, "Actual Rows": 68, "Actual Loops": 4, "Filter": "(((country_code)::text <> '[ru]'::text) AND ((name)::text ~~ '%Warner%'::text))", "Rows Removed by Filter": 58682, "Workers": []}]}]}, {"Node Type": "Hash", "Parent Relationship": "Inner", "Parallel Aware": false, "Async Capable": false, "Startup Cost": 1.05, "Total Cost": 1.05, "Plan Rows": 1, "Plan Width": 4, "Actual Rows": 1, "Actual Loops": 4, "Hash Buckets": 1024, "Original Hash Buckets": 1024, "Hash Batches": 1, "Original Hash Batches": 1, "Peak Memory Usage": 9, "Workers": [], "Plans": [{"Node Type": "Seq Scan", "Parent Relationship": "Outer", "Parallel Aware": false, "Async Capable": false, "Relation Name": "company_type", "Alias": "ct", "Startup Cost": 0.0, "Total Cost": 1.05, "Plan Rows": 1, "Plan Width": 4, "Actual Rows": 1, "Actual Loops": 4, "Filter": "((kind)::text = 'distributors'::text)", "Rows Removed by Filter": 3, "Workers": []}]}]}, {"Node Type": "Hash", "Parent Relationship": "Inner", "Parallel Aware": true, "Async Capable": false, "Startup Cost": 245170.91, "Total Cost": 245170.91, "Plan Rows": 1, "Plan Width": 45, "Actual Rows": 8, "Actual Loops": 4, "Hash Buckets": 1024, "Original Hash Buckets": 1024, "Hash Batches": 1, "Original Hash Batches": 1, "Peak Memory Usage": 40, "Workers": [], "Plans": [{"Node Type": "Nested Loop", "Parent Relationship": "Outer", "Parallel Aware": false, "Async Capable": false, "Join Type": "Inner", "Startup Cost": 245162.49, "Total Cost": 245170.91, "Plan Rows": 1, "Plan Width": 45, "Actual Rows": 8, "Actual Loops": 4, "Inner Unique": true, "Join Filter": "(t.id = ml.movie_id)", "Rows Removed by Join Filter": 0, "Workers": [], "Plans": [{"Node Type": "Merge Join", "Parent Relationship": "Outer", "Parallel Aware": false, "Async Capable": false, "Join Type": "Inner", "Startup Cost": 245162.06, "Total Cost": 245170.41, "Plan Rows": 1, "Plan Width": 24, "Actual Rows": 8, "Actual Loops": 4, "Inner Unique": false, "Merge Cond": "(mk.movie_id = ml.movie_id)", "Workers": [], "Plans": [{"Node Type": "Sort", "Parent Relationship": "Outer", "Parallel Aware": false, "Async Capable": false, "Startup Cost": 244511.43, "Total Cost": 244511.44, "Plan Rows": 2, "Plan Width": 8, "Actual Rows": 7, "Actual Loops": 4, "Sort Key": ["mk.movie_id"], "Sort Method": "quicksort", "Sort Space Used": 38, "Sort Space Type": "Memory", "Workers": [{"Worker Number": 0, "Sort Method": "quicksort", "Sort Space Used": 37, "Sort Space Type": "Memory"}, {"Worker Number": 1, "Sort Method": "quicksort", "Sort Space Used": 36, "Sort Space Type": "Memory"}, {"Worker Number": 2, "Sort Method": "quicksort", "Sort Space Used": 36, "Sort Space Type": "Memory"}], "Plans": [{"Node Type": "Hash Join", "Parent Relationship": "Outer", "Parallel Aware": true, "Async Capable": false, "Join Type": "Inner", "Startup Cost": 45589.47, "Total Cost": 244511.42, "Plan Rows": 2, "Plan Width": 8, "Actual Rows": 396, "Actual Loops": 4, "Inner Unique": false, "Hash Cond": "(mi.movie_id = mk.movie_id)", "Workers": [], "Plans": [{"Node Type": "Seq Scan", "Parent Relationship": "Outer", "Parallel Aware": true, "Async Capable": false, "Relation Name": "movie_info", "Alias": "mi", "Startup Cost": 0.0, "Total Cost": 198738.49, "Plan Rows": 48920, "Plan Width": 4, "Actual Rows": 60961, "Actual Loops": 4, "Filter": "((info)::text = 'Drama'::text)", "Rows Removed by Filter": 3647969, "Workers": []}, {"Node Type": "Hash", "Parent Relationship": "Inner", "Parallel Aware": true, "Async Capable": false, "Startup Cost": 45589.33, "Total Cost": 45589.33, "Plan Rows": 11, "Plan Width": 4, "Actual Rows": 2636, "Actual Loops": 4, "Hash Buckets": 8192, "Original Hash Buckets": 1024, "Hash Batches": 1, "Original Hash Batches": 1, "Peak Memory Usage": 568, "Workers": [], "Plans": [{"Node Type": "Hash Join", "Parent Relationship": "Outer", "Parallel Aware": false, "Async Capable": false, "Join Type": "Inner", "Startup Cost": 2685.14, "Total Cost": 45589.33, "Plan Rows": 11, "Plan Width": 4, "Actual Rows": 2636, "Actual Loops": 4, "Inner Unique": true, "Hash Cond": "(mk.keyword_id = k.id)", "Workers": [], "Plans": [{"Node Type": "Seq Scan", "Parent Relationship": "Outer", "Parallel Aware": true, "Async Capable": false, "Relation Name": "movie_keyword", "Alias": "mk", "Startup Cost": 0.0, "Total Cost": 39073.32, "Plan Rows": 1459332, "Plan Width": 8, "Actual Rows": 1130982, "Actual Loops": 4, "Workers": []}, {"Node Type": "Hash", "Parent Relationship": "Inner", "Parallel Aware": false, "Async Capable": false, "Startup Cost": 2685.12, "Total Cost": 2685.12, "Plan Rows": 1, "Plan Width": 4, "Actual Rows": 1, "Actual Loops": 4, "Hash Buckets": 1024, "Original Hash Buckets": 1024, "Hash Batches": 1, "Original Hash Batches": 1, "Peak Memory Usage": 9, "Workers": [], "Plans": [{"Node Type": "Seq Scan", "Parent Relationship": "Outer", "Parallel Aware": false, "Async Capable": false, "Relation Name": "keyword", "Alias": "k", "Startup Cost": 0.0, "Total Cost": 2685.12, "Plan Rows": 1, "Plan Width": 4, "Actual Rows": 1, "Actual Loops": 4, "Filter": "((keyword)::text = 'sequel'::text)", "Rows Removed by Filter": 134169, "Workers": []}]}]}]}]}]}, {"Node Type": "Sort", "Parent Relationship": "Inner", "Parallel Aware": false, "Async Capable": false, "Startup Cost": 650.63, "Total Cost": 654.8, "Plan Rows": 1666, "Plan Width": 16, "Actual Rows": 2315, "Actual Loops": 4, "Sort Key": ["ml.movie_id"], "Sort Method": "quicksort", "Sort Space Used": 187, "Sort Space Type": "Memory", "Workers": [{"Worker Number": 0, "Sort Method": "quicksort", "Sort Space Used": 187, "Sort Space Type": "Memory"}, {"Worker Number": 1, "Sort Method": "quicksort", "Sort Space Used": 187, "Sort Space Type": "Memory"}, {"Worker Number": 2, "Sort Method": "quicksort", "Sort Space Used": 187, "Sort Space Type": "Memory"}], "Plans": [{"Node Type": "Hash Join", "Parent Relationship": "Outer", "Parallel Aware": false, "Async Capable": false, "Join Type": "Inner", "Startup Cost": 1.24, "Total Cost": 561.48, "Plan Rows": 1666, "Plan Width": 16, "Actual Rows": 2315, "Actual Loops": 4, "Inner Unique": true, "Hash Cond": "(ml.link_type_id = lt.id)", "Workers": [], "Plans": [{"Node Type": "Seq Scan", "Parent Relationship": "Outer", "Parallel Aware": false, "Async Capable": false, "Relation Name": "movie_link", "Alias": "ml", "Startup Cost": 0.0, "Total Cost": 462.97, "Plan Rows": 29997, "Plan Width": 8, "Actual Rows": 29997, "Actual Loops": 4, "Workers": []}, {"Node Type": "Hash", "Parent Relationship": "Inner", "Parallel Aware": false, "Async Capable": false, "Startup Cost": 1.23, "Total Cost": 1.23, "Plan Rows": 1, "Plan Width": 16, "Actual Rows": 2, "Actual Loops": 4, "Hash Buckets": 1024, "Original Hash Buckets": 1024, "Hash Batches": 1, "Original Hash Batches": 1, "Peak Memory Usage": 9, "Workers": [], "Plans": [{"Node Type": "Seq Scan", "Parent Relationship": "Outer", "Parallel Aware": false, "Async Capable": false, "Relation Name": "link_type", "Alias": "lt", "Startup Cost": 0.0, "Total Cost": 1.23, "Plan Rows": 1, "Plan Width": 16, "Actual Rows": 2, "Actual Loops": 4, "Filter": "((link)::text ~~ '%follow%'::text)", "Rows Removed by Filter": 16, "Workers": []}]}]}]}]}, {"Node Type": "Index Scan", "Parent Relationship": "Inner", "Parallel Aware": false, "Async Capable": false, "Scan Direction": "Forward", "Index Name": "title_pkey", "Relation Name": "title", "Alias": "t", "Startup Cost": 0.43, "Total Cost": 0.49, "Plan Rows": 1, "Plan Width": 21, "Actual Rows": 1, "Actual Loops": 32, "Index Cond": "(id = mk.movie_id)", "Rows Removed by Index Recheck": 0, "Filter": "(production_year >= 1980)", "Rows Removed by Filter": 0, "Workers": []}]}]}]}]}]}, "Planning Time": 14.221, "Triggers": [], "Execution Time": 1013.328}, {"Plan": {"Node Type": "Aggregate", "Strategy": "Plain", "Partial Mode": "Finalize", "Parallel Aware": false, "Async Capable": false, "Startup Cost": 279662.11, "Total Cost": 279662.12, "Plan Rows": 1, "Plan Width": 96, "Actual Rows": 1, "Actual Loops": 1, "Plans": [{"Node Type": "Gather", "Parent Relationship": "Outer", "Parallel Aware": false, "Async Capable": false, "Startup Cost": 279661.78, "Total Cost": 279662.09, "Plan Rows": 3, "Plan Width": 96, "Actual Rows": 4, "Actual Loops": 1, "Workers Planned": 3, "Workers Launched": 3, "Single Copy": false, "Plans": [{"Node Type": "Aggregate", "Strategy": "Plain", "Partial Mode": "Partial", "Parent Relationship": "Outer", "Parallel Aware": false, "Async Capable": false, "Startup Cost": 278661.78, "Total Cost": 278661.79, "Plan Rows": 1, "Plan Width": 96, "Actual Rows": 1, "Actual Loops": 4, "Workers": [], "Plans": [{"Node Type": "Hash Join", "Parent Relationship": "Outer", "Parallel Aware": true, "Async Capable": false, "Join Type": "Inner", "Startup Cost": 278653.34, "Total Cost": 278661.77, "Plan Rows": 1, "Plan Width": 48, "Actual Rows": 0, "Actual Loops": 4, "Inner Unique": false, "Hash Cond": "(ml.movie_id = mc.movie_id)", "Workers": [], "Plans": [{"Node Type": "Nested Loop", "Parent Relationship": "Outer", "Parallel Aware": false, "Async Capable": false, "Join Type": "Inner", "Startup Cost": 46240.58, "Total Cost": 46249.0, "Plan Rows": 1, "Plan Width": 41, "Actual Rows": 49, "Actual Loops": 4, "Inner Unique": true, "Join Filter": "(t.id = ml.movie_id)", "Rows Removed by Join Filter": 0, "Workers": [], "Plans": [{"Node Type": "Merge Join", "Parent Relationship": "Outer", "Parallel Aware": false, "Async Capable": false, "Join Type": "Inner", "Startup Cost": 46240.15, "Total Cost": 46248.5, "Plan Rows": 1, "Plan Width": 20, "Actual Rows": 50, "Actual Loops": 4, "Inner Unique": false, "Merge Cond": "(mk.movie_id = ml.movie_id)", "Workers": [], "Plans": [{"Node Type": "Sort", "Parent Relationship": "Outer", "Parallel Aware": false, "Async Capable": false, "Startup Cost": 45589.52, "Total Cost": 45589.55, "Plan Rows": 11, "Plan Width": 4, "Actual Rows": 12, "Actual Loops": 4, "Sort Key": ["mk.movie_id"], "Sort Method": "quicksort", "Sort Space Used": 97, "Sort Space Type": "Memory", "Workers": [{"Worker Number": 0, "Sort Method": "quicksort", "Sort Space Used": 97, "Sort Space Type": "Memory"}, {"Worker Number": 1, "Sort Method": "quicksort", "Sort Space Used": 97, "Sort Space Type": "Memory"}, {"Worker Number": 2, "Sort Method": "quicksort", "Sort Space Used": 97, "Sort Space Type": "Memory"}], "Plans": [{"Node Type": "Hash Join", "Parent Relationship": "Outer", "Parallel Aware": false, "Async Capable": false, "Join Type": "Inner", "Startup Cost": 2685.14, "Total Cost": 45589.33, "Plan Rows": 11, "Plan Width": 4, "Actual Rows": 2636, "Actual Loops": 4, "Inner Unique": true, "Hash Cond": "(mk.keyword_id = k.id)", "Workers": [], "Plans": [{"Node Type": "Seq Scan", "Parent Relationship": "Outer", "Parallel Aware": true, "Async Capable": false, "Relation Name": "movie_keyword", "Alias": "mk", "Startup Cost": 0.0, "Total Cost": 39073.32, "Plan Rows": 1459332, "Plan Width": 8, "Actual Rows": 1130982, "Actual Loops": 4, "Workers": []}, {"Node Type": "Hash", "Parent Relationship": "Inner", "Parallel Aware": false, "Async Capable": false, "Startup Cost": 2685.12, "Total Cost": 2685.12, "Plan Rows": 1, "Plan Width": 4, "Actual Rows": 1, "Actual Loops": 4, "Hash Buckets": 1024, "Original Hash Buckets": 1024, "Hash Batches": 1, "Original Hash Batches": 1, "Peak Memory Usage": 9, "Workers": [], "Plans": [{"Node Type": "Seq Scan", "Parent Relationship": "Outer", "Parallel Aware": false, "Async Capable": false, "Relation Name": "keyword", "Alias": "k", "Startup Cost": 0.0, "Total Cost": 2685.12, "Plan Rows": 1, "Plan Width": 4, "Actual Rows": 1, "Actual Loops": 4, "Filter": "((keyword)::text = 'sequel'::text)", "Rows Removed by Filter": 134169, "Workers": []}]}]}]}, {"Node Type": "Sort", "Parent Relationship": "Inner", "Parallel Aware": false, "Async Capable": false, "Startup Cost": 650.63, "Total Cost": 654.8, "Plan Rows": 1666, "Plan Width": 16, "Actual Rows": 2315, "Actual Loops": 4, "Sort Key": ["ml.movie_id"], "Sort Method": "quicksort", "Sort Space Used": 187, "Sort Space Type": "Memory", "Workers": [{"Worker Number": 0, "Sort Method": "quicksort", "Sort Space Used": 187, "Sort Space Type": "Memory"}, {"Worker Number": 1, "Sort Method": "quicksort", "Sort Space Used": 187, "Sort Space Type": "Memory"}, {"Worker Number": 2, "Sort Method": "quicksort", "Sort Space Used": 187, "Sort Space Type": "Memory"}], "Plans": [{"Node Type": "Hash Join", "Parent Relationship": "Outer", "Parallel Aware": false, "Async Capable": false, "Join Type": "Inner", "Startup Cost": 1.24, "Total Cost": 561.48, "Plan Rows": 1666, "Plan Width": 16, "Actual Rows": 2315, "Actual Loops": 4, "Inner Unique": true, "Hash Cond": "(ml.link_type_id = lt.id)", "Workers": [], "Plans": [{"Node Type": "Seq Scan", "Parent Relationship": "Outer", "Parallel Aware": false, "Async Capable": false, "Relation Name": "movie_link", "Alias": "ml", "Startup Cost": 0.0, "Total Cost": 462.97, "Plan Rows": 29997, "Plan Width": 8, "Actual Rows": 29997, "Actual Loops": 4, "Workers": []}, {"Node Type": "Hash", "Parent Relationship": "Inner", "Parallel Aware": false, "Async Capable": false, "Startup Cost": 1.23, "Total Cost": 1.23, "Plan Rows": 1, "Plan Width": 16, "Actual Rows": 2, "Actual Loops": 4, "Hash Buckets": 1024, "Original Hash Buckets": 1024, "Hash Batches": 1, "Original Hash Batches": 1, "Peak Memory Usage": 9, "Workers": [], "Plans": [{"Node Type": "Seq Scan", "Parent Relationship": "Outer", "Parallel Aware": false, "Async Capable": false, "Relation Name": "link_type", "Alias": "lt", "Startup Cost": 0.0, "Total Cost": 1.23, "Plan Rows": 1, "Plan Width": 16, "Actual Rows": 2, "Actual Loops": 4, "Filter": "((link)::text ~~ '%follow%'::text)", "Rows Removed by Filter": 16, "Workers": []}]}]}]}]}, {"Node Type": "Index Scan", "Parent Relationship": "Inner", "Parallel Aware": false, "Async Capable": false, "Scan Direction": "Forward", "Index Name": "title_pkey", "Relation Name": "title", "Alias": "t", "Startup Cost": 0.43, "Total Cost": 0.49, "Plan Rows": 1, "Plan Width": 21, "Actual Rows": 1, "Actual Loops": 199, "Index Cond": "(id = mk.movie_id)", "Rows Removed by Index Recheck": 0, "Filter": "(production_year >= 1980)", "Rows Removed by Filter": 0, "Workers": []}]}, {"Node Type": "Hash", "Parent Relationship": "Inner", "Parallel Aware": true, "Async Capable": false, "Startup Cost": 232412.63, "Total Cost": 232412.63, "Plan Rows": 10, "Plan Width": 27, "Actual Rows": 73, "Actual Loops": 4, "Hash Buckets": 1024, "Original Hash Buckets": 1024, "Hash Batches": 1, "Original Hash Batches": 1, "Peak Memory Usage": 136, "Workers": [], "Plans": [{"Node Type": "Hash Join", "Parent Relationship": "Outer", "Parallel Aware": true, "Async Capable": false, "Join Type": "Inner", "Startup Cost": 33429.51, "Total Cost": 232412.63, "Plan Rows": 10, "Plan Width": 27, "Actual Rows": 73, "Actual Loops": 4, "Inner Unique": false, "Hash Cond": "(mi.movie_id = mc.movie_id)", "Workers": [], "Plans": [{"Node Type": "Seq Scan", "Parent Relationship": "Outer", "Parallel Aware": true, "Async Capable": false, "Relation Name": "movie_info", "Alias": "mi", "Startup Cost": 0.0, "Total Cost": 198738.49, "Plan Rows": 48920, "Plan Width": 4, "Actual Rows": 60961, "Actual Loops": 4, "Filter": "((info)::text = 'Drama'::text)", "Rows Removed by Filter": 3647969, "Workers": []}, {"Node Type": "Hash", "Parent Relationship": "Inner", "Parallel Aware": true, "Async Capable": false, "Startup Cost": 33428.93, "Total Cost": 33428.93, "Plan Rows": 46, "Plan Width": 23, "Actual Rows": 308, "Actual Loops": 4, "Hash Buckets": 1024, "Original Hash Buckets": 1024, "Hash Batches": 1, "Original Hash Batches": 1, "Peak Memory Usage": 136, "Workers": [], "Plans": [{"Node Type": "Hash Join", "Parent Relationship": "Outer", "Parallel Aware": false, "Async Capable": false, "Join Type": "Inner", "Startup Cost": 5115.34, "Total Cost": 33428.93, "Plan Rows": 46, "Plan Width": 23, "Actual Rows": 308, "Actual Loops": 4, "Inner Unique": true, "Hash Cond": "(mc.company_type_id = ct.id)", "Workers": [], "Plans": [{"Node Type": "Hash Join", "Parent Relationship": "Outer", "Parallel Aware": true, "Async Capable": false, "Join Type": "Inner", "Startup Cost": 5114.28, "Total Cost": 33426.88, "Plan Rows": 184, "Plan Width": 27, "Actual Rows": 3347, "Actual Loops": 4, "Inner Unique": true, "Hash Cond": "(mc.company_id = cn.id)", "Workers": [], "Plans": [{"Node Type": "Seq Scan", "Parent Relationship": "Outer", "Parallel Aware": true, "Async Capable": false, "Relation Name": "movie_companies", "Alias": "mc", "Startup Cost": 0.0, "Total Cost": 27240.55, "Plan Rows": 408393, "Plan Width": 12, "Actual Rows": 317997, "Actual Loops": 4, "Filter": "(note IS NULL)", "Rows Removed by Filter": 334285, "Workers": []}, {"Node Type": "Hash", "Parent Relationship": "Inner", "Parallel Aware": true, "Async Capable": false, "Startup Cost": 5113.5, "Total Cost": 5113.5, "Plan Rows": 62, "Plan Width": 23, "Actual Rows": 68, "Actual Loops": 4, "Hash Buckets": 1024, "Original Hash Buckets": 1024, "Hash Batches": 1, "Original Hash Batches": 1, "Peak Memory Usage": 136, "Workers": [], "Plans": [{"Node Type": "Seq Scan", "Parent Relationship": "Outer", "Parallel Aware": true, "Async Capable": false, "Relation Name": "company_name", "Alias": "cn", "Startup Cost": 0.0, "Total Cost": 5113.5, "Plan Rows": 62, "Plan Width": 23, "Actual Rows": 68, "Actual Loops": 4, "Filter": "(((country_code)::text <> '[ru]'::text) AND ((name)::text ~~ '%Warner%'::text))", "Rows Removed by Filter": 58682, "Workers": []}]}]}, {"Node Type": "Hash", "Parent Relationship": "Inner", "Parallel Aware": false, "Async Capable": false, "Startup Cost": 1.05, "Total Cost": 1.05, "Plan Rows": 1, "Plan Width": 4, "Actual Rows": 1, "Actual Loops": 4, "Hash Buckets": 1024, "Original Hash Buckets": 1024, "Hash Batches": 1, "Original Hash Batches": 1, "Peak Memory Usage": 9, "Workers": [], "Plans": [{"Node Type": "Seq Scan", "Parent Relationship": "Outer", "Parallel Aware": false, "Async Capable": false, "Relation Name": "company_type", "Alias": "ct", "Startup Cost": 0.0, "Total Cost": 1.05, "Plan Rows": 1, "Plan Width": 4, "Actual Rows": 1, "Actual Loops": 4, "Filter": "((kind)::text = 'distributors'::text)", "Rows Removed by Filter": 3, "Workers": []}]}]}]}]}]}]}]}]}]}, "Planning Time": 11.467, "Triggers": [], "Execution Time": 923.785}, {"Plan": {"Node Type": "Aggregate", "Strategy": "Plain", "Partial Mode": "Simple", "Parallel Aware": false, "Async Capable": false, "Startup Cost": 274869.28, "Total Cost": 274869.29, "Plan Rows": 1, "Plan Width": 96, "Actual Rows": 1, "Actual Loops": 1, "Plans": [{"Node Type": "Nested Loop", "Parent Relationship": "Outer", "Parallel Aware": false, "Async Capable": false, "Join Type": "Inner", "Startup Cost": 246095.15, "Total Cost": 274869.28, "Plan Rows": 1, "Plan Width": 48, "Actual Rows": 1, "Actual Loops": 1, "Inner Unique": false, "Join Filter": "(ct.id = mc.company_type_id)", "Rows Removed by Join Filter": 2, "Plans": [{"Node Type": "Seq Scan", "Parent Relationship": "Outer", "Parallel Aware": false, "Async Capable": false, "Relation Name": "company_type", "Alias": "ct", "Startup Cost": 0.0, "Total Cost": 1.05, "Plan Rows": 1, "Plan Width": 4, "Actual Rows": 1, "Actual Loops": 1, "Filter": "((kind)::text = 'distributors'::text)", "Rows Removed by Filter": 3}, {"Node Type": "Nested Loop", "Parent Relationship": "Inner", "Parallel Aware": false, "Async Capable": false, "Join Type": "Inner", "Startup Cost": 246095.15, "Total Cost": 274868.21, "Plan Rows": 1, "Plan Width": 52, "Actual Rows": 3, "Actual Loops": 1, "Inner Unique": true, "Plans": [{"Node Type": "Gather", "Parent Relationship": "Outer", "Parallel Aware": false, "Async Capable": false, "Startup Cost": 246094.73, "Total Cost": 274867.76, "Plan Rows": 1, "Plan Width": 37, "Actual Rows": 152, "Actual Loops": 1, "Workers Planned": 3, "Workers Launched": 3, "Single Copy": false, "Plans": [{"Node Type": "Hash Join", "Parent Relationship": "Outer", "Parallel Aware": false, "Async Capable": false, "Join Type": "Inner", "Startup Cost": 245094.73, "Total Cost": 273867.66, "Plan Rows": 1, "Plan Width": 37, "Actual Rows": 38, "Actual Loops": 4, "Inner Unique": false, "Hash Cond": "(t.id = ml.movie_id)", "Workers": [], "Plans": [{"Node Type": "Hash Join", "Parent Relationship": "Outer", "Parallel Aware": true, "Async Capable": false, "Join Type": "Inner", "Startup Cost": 244512.43, "Total Cost": 273284.45, "Plan Rows": 7, "Plan Width": 41, "Actual Rows": 538, "Actual Loops": 4, "Inner Unique": false, "Hash Cond": "(mc.movie_id = t.id)", "Workers": [], "Plans": [{"Node Type": "Seq Scan", "Parent Relationship": "Outer", "Parallel Aware": true, "Async Capable": false, "Relation Name": "movie_companies", "Alias": "mc", "Startup Cost": 0.0, "Total Cost": 27240.55, "Plan Rows": 408393, "Plan Width": 12, "Actual Rows": 317997, "Actual Loops": 4, "Filter": "(note IS NULL)", "Rows Removed by Filter": 334285, "Workers": []}, {"Node Type": "Hash", "Parent Relationship": "Inner", "Parallel Aware": true, "Async Capable": false, "Startup Cost": 244512.4, "Total Cost": 244512.4, "Plan Rows": 2, "Plan Width": 29, "Actual Rows": 262, "Actual Loops": 4, "Hash Buckets": 1024, "Original Hash Buckets": 1024, "Hash Batches": 1, "Original Hash Batches": 1, "Peak Memory Usage": 136, "Workers": [], "Plans": [{"Node Type": "Nested Loop", "Parent Relationship": "Outer", "Parallel Aware": false, "Async Capable": false, "Join Type": "Inner", "Startup Cost": 45589.9, "Total Cost": 244512.4, "Plan Rows": 2, "Plan Width": 29, "Actual Rows": 262, "Actual Loops": 4, "Inner Unique": true, "Workers": [], "Plans": [{"Node Type": "Hash Join", "Parent Relationship": "Outer", "Parallel Aware": true, "Async Capable": false, "Join Type": "Inner", "Startup Cost": 45589.47, "Total Cost": 244511.42, "Plan Rows": 2, "Plan Width": 8, "Actual Rows": 396, "Actual Loops": 4, "Inner Unique": false, "Hash Cond": "(mi.movie_id = mk.movie_id)", "Workers": [], "Plans": [{"Node Type": "Seq Scan", "Parent Relationship": "Outer", "Parallel Aware": true, "Async Capable": false, "Relation Name": "movie_info", "Alias": "mi", "Startup Cost": 0.0, "Total Cost": 198738.49, "Plan Rows": 48920, "Plan Width": 4, "Actual Rows": 60961, "Actual Loops": 4, "Filter": "((info)::text = 'Drama'::text)", "Rows Removed by Filter": 3647969, "Workers": []}, {"Node Type": "Hash", "Parent Relationship": "Inner", "Parallel Aware": true, "Async Capable": false, "Startup Cost": 45589.33, "Total Cost": 45589.33, "Plan Rows": 11, "Plan Width": 4, "Actual Rows": 2636, "Actual Loops": 4, "Hash Buckets": 8192, "Original Hash Buckets": 1024, "Hash Batches": 1, "Original Hash Batches": 1, "Peak Memory Usage": 568, "Workers": [], "Plans": [{"Node Type": "Hash Join", "Parent Relationship": "Outer", "Parallel Aware": false, "Async Capable": false, "Join Type": "Inner", "Startup Cost": 2685.14, "Total Cost": 45589.33, "Plan Rows": 11, "Plan Width": 4, "Actual Rows": 2636, "Actual Loops": 4, "Inner Unique": true, "Hash Cond": "(mk.keyword_id = k.id)", "Workers": [], "Plans": [{"Node Type": "Seq Scan", "Parent Relationship": "Outer", "Parallel Aware": true, "Async Capable": false, "Relation Name": "movie_keyword", "Alias": "mk", "Startup Cost": 0.0, "Total Cost": 39073.32, "Plan Rows": 1459332, "Plan Width": 8, "Actual Rows": 1130982, "Actual Loops": 4, "Workers": []}, {"Node Type": "Hash", "Parent Relationship": "Inner", "Parallel Aware": false, "Async Capable": false, "Startup Cost": 2685.12, "Total Cost": 2685.12, "Plan Rows": 1, "Plan Width": 4, "Actual Rows": 1, "Actual Loops": 4, "Hash Buckets": 1024, "Original Hash Buckets": 1024, "Hash Batches": 1, "Original Hash Batches": 1, "Peak Memory Usage": 9, "Workers": [], "Plans": [{"Node Type": "Seq Scan", "Parent Relationship": "Outer", "Parallel Aware": false, "Async Capable": false, "Relation Name": "keyword", "Alias": "k", "Startup Cost": 0.0, "Total Cost": 2685.12, "Plan Rows": 1, "Plan Width": 4, "Actual Rows": 1, "Actual Loops": 4, "Filter": "((keyword)::text = 'sequel'::text)", "Rows Removed by Filter": 134169, "Workers": []}]}]}]}]}, {"Node Type": "Index Scan", "Parent Relationship": "Inner", "Parallel Aware": false, "Async Capable": false, "Scan Direction": "Forward", "Index Name": "title_pkey", "Relation Name": "title", "Alias": "t", "Startup Cost": 0.43, "Total Cost": 0.49, "Plan Rows": 1, "Plan Width": 21, "Actual Rows": 1, "Actual Loops": 1582, "Index Cond": "(id = mk.movie_id)", "Rows Removed by Index Recheck": 0, "Filter": "(production_year >= 1980)", "Rows Removed by Filter": 0, "Workers": []}]}]}]}, {"Node Type": "Hash", "Parent Relationship": "Inner", "Parallel Aware": false, "Async Capable": false, "Startup Cost": 561.48, "Total Cost": 561.48, "Plan Rows": 1666, "Plan Width": 16, "Actual Rows": 2315, "Actual Loops": 4, "Hash Buckets": 4096, "Original Hash Buckets": 2048, "Hash Batches": 1, "Original Hash Batches": 1, "Peak Memory Usage": 136, "Workers": [], "Plans": [{"Node Type": "Hash Join", "Parent Relationship": "Outer", "Parallel Aware": false, "Async Capable": false, "Join Type": "Inner", "Startup Cost": 1.24, "Total Cost": 561.48, "Plan Rows": 1666, "Plan Width": 16, "Actual Rows": 2315, "Actual Loops": 4, "Inner Unique": true, "Hash Cond": "(ml.link_type_id = lt.id)", "Workers": [], "Plans": [{"Node Type": "Seq Scan", "Parent Relationship": "Outer", "Parallel Aware": false, "Async Capable": false, "Relation Name": "movie_link", "Alias": "ml", "Startup Cost": 0.0, "Total Cost": 462.97, "Plan Rows": 29997, "Plan Width": 8, "Actual Rows": 29997, "Actual Loops": 4, "Workers": []}, {"Node Type": "Hash", "Parent Relationship": "Inner", "Parallel Aware": false, "Async Capable": false, "Startup Cost": 1.23, "Total Cost": 1.23, "Plan Rows": 1, "Plan Width": 16, "Actual Rows": 2, "Actual Loops": 4, "Hash Buckets": 1024, "Original Hash Buckets": 1024, "Hash Batches": 1, "Original Hash Batches": 1, "Peak Memory Usage": 9, "Workers": [], "Plans": [{"Node Type": "Seq Scan", "Parent Relationship": "Outer", "Parallel Aware": false, "Async Capable": false, "Relation Name": "link_type", "Alias": "lt", "Startup Cost": 0.0, "Total Cost": 1.23, "Plan Rows": 1, "Plan Width": 16, "Actual Rows": 2, "Actual Loops": 4, "Filter": "((link)::text ~~ '%follow%'::text)", "Rows Removed by Filter": 16, "Workers": []}]}]}]}]}]}, {"Node Type": "Index Scan", "Parent Relationship": "Inner", "Parallel Aware": false, "Async Capable": false, "Scan Direction": "Forward", "Index Name": "company_name_pkey", "Relation Name": "company_name", "Alias": "cn", "Startup Cost": 0.42, "Total Cost": 0.45, "Plan Rows": 1, "Plan Width": 23, "Actual Rows": 0, "Actual Loops": 152, "Index Cond": "(id = mc.company_id)", "Rows Removed by Index Recheck": 0, "Filter": "(((country_code)::text <> '[ru]'::text) AND ((name)::text ~~ '%Warner%'::text))", "Rows Removed by Filter": 1}]}]}]}, "Planning Time": 14.308, "Triggers": [], "Execution Time": 1010.918}, {"Plan": {"Node Type": "Aggregate", "Strategy": "Plain", "Partial Mode": "Simple", "Parallel Aware": false, "Async Capable": false, "Startup Cost": 282317.04, "Total Cost": 282317.05, "Plan Rows": 1, "Plan Width": 96, "Actual Rows": 1, "Actual Loops": 1, "Plans": [{"Node Type": "Nested Loop", "Parent Relationship": "Outer", "Parallel Aware": false, "Async Capable": false, "Join Type": "Inner", "Startup Cost": 245513.67, "Total Cost": 282317.04, "Plan Rows": 1, "Plan Width": 48, "Actual Rows": 1, "Actual Loops": 1, "Inner Unique": false, "Join Filter": "(mk.movie_id = ml.movie_id)", "Rows Removed by Join Filter": 31295, "Plans": [{"Node Type": "Gather", "Parent Relationship": "Outer", "Parallel Aware": false, "Async Capable": false, "Startup Cost": 245512.01, "Total Cost": 274285.12, "Plan Rows": 1, "Plan Width": 31, "Actual Rows": 16, "Actual Loops": 1, "Workers Planned": 3, "Workers Launched": 3, "Single Copy": false, "Plans": [{"Node Type": "Nested Loop", "Parent Relationship": "Outer", "Parallel Aware": false, "Async Capable": false, "Join Type": "Inner", "Startup Cost": 244512.01, "Total Cost": 273285.02, "Plan Rows": 1, "Plan Width": 31, "Actual Rows": 4, "Actual Loops": 4, "Inner Unique": true, "Workers": [], "Plans": [{"Node Type": "Nested Loop", "Parent Relationship": "Outer", "Parallel Aware": false, "Async Capable": false, "Join Type": "Inner", "Startup Cost": 244511.59, "Total Cost": 273284.11, "Plan Rows": 2, "Plan Width": 16, "Actual Rows": 99, "Actual Loops": 4, "Inner Unique": true, "Workers": [], "Plans": [{"Node Type": "Hash Join", "Parent Relationship": "Outer", "Parallel Aware": true, "Async Capable": false, "Join Type": "Inner", "Startup Cost": 244511.45, "Total Cost": 273283.48, "Plan Rows": 9, "Plan Width": 20, "Actual Rows": 712, "Actual Loops": 4, "Inner Unique": false, "Hash Cond": "(mc.movie_id = mk.movie_id)", "Workers": [], "Plans": [{"Node Type": "Seq Scan", "Parent Relationship": "Outer", "Parallel Aware": true, "Async Capable": false, "Relation Name": "movie_companies", "Alias": "mc", "Startup Cost": 0.0, "Total Cost": 27240.55, "Plan Rows": 408393, "Plan Width": 12, "Actual Rows": 317997, "Actual Loops": 4, "Filter": "(note IS NULL)", "Rows Removed by Filter": 334285, "Workers": []}, {"Node Type": "Hash", "Parent Relationship": "Inner", "Parallel Aware": true, "Async Capable": false, "Startup Cost": 244511.42, "Total Cost": 244511.42, "Plan Rows": 2, "Plan Width": 8, "Actual Rows": 396, "Actual Loops": 4, "Hash Buckets": 1024, "Original Hash Buckets": 1024, "Hash Batches": 1, "Original Hash Batches": 1, "Peak Memory Usage": 136, "Workers": [], "Plans": [{"Node Type": "Hash Join", "Parent Relationship": "Outer", "Parallel Aware": true, "Async Capable": false, "Join Type": "Inner", "Startup Cost": 45589.47, "Total Cost": 244511.42, "Plan Rows": 2, "Plan Width": 8, "Actual Rows": 396, "Actual Loops": 4, "Inner Unique": false, "Hash Cond": "(mi.movie_id = mk.movie_id)", "Workers": [], "Plans": [{"Node Type": "Seq Scan", "Parent Relationship": "Outer", "Parallel Aware": true, "Async Capable": false, "Relation Name": "movie_info", "Alias": "mi", "Startup Cost": 0.0, "Total Cost": 198738.49, "Plan Rows": 48920, "Plan Width": 4, "Actual Rows": 60961, "Actual Loops": 4, "Filter": "((info)::text = 'Drama'::text)", "Rows Removed by Filter": 3647969, "Workers": []}, {"Node Type": "Hash", "Parent Relationship": "Inner", "Parallel Aware": true, "Async Capable": false, "Startup Cost": 45589.33, "Total Cost": 45589.33, "Plan Rows": 11, "Plan Width": 4, "Actual Rows": 2636, "Actual Loops": 4, "Hash Buckets": 16384, "Original Hash Buckets": 1024, "Hash Batches": 1, "Original Hash Batches": 1, "Peak Memory Usage": 760, "Workers": [], "Plans": [{"Node Type": "Hash Join", "Parent Relationship": "Outer", "Parallel Aware": false, "Async Capable": false, "Join Type": "Inner", "Startup Cost": 2685.14, "Total Cost": 45589.33, "Plan Rows": 11, "Plan Width": 4, "Actual Rows": 2636, "Actual Loops": 4, "Inner Unique": true, "Hash Cond": "(mk.keyword_id = k.id)", "Workers": [], "Plans": [{"Node Type": "Seq Scan", "Parent Relationship": "Outer", "Parallel Aware": true, "Async Capable": false, "Relation Name": "movie_keyword", "Alias": "mk", "Startup Cost": 0.0, "Total Cost": 39073.32, "Plan Rows": 1459332, "Plan Width": 8, "Actual Rows": 1130982, "Actual Loops": 4, "Workers": []}, {"Node Type": "Hash", "Parent Relationship": "Inner", "Parallel Aware": false, "Async Capable": false, "Startup Cost": 2685.12, "Total Cost": 2685.12, "Plan Rows": 1, "Plan Width": 4, "Actual Rows": 1, "Actual Loops": 4, "Hash Buckets": 1024, "Original Hash Buckets": 1024, "Hash Batches": 1, "Original Hash Batches": 1, "Peak Memory Usage": 9, "Workers": [], "Plans": [{"Node Type": "Seq Scan", "Parent Relationship": "Outer", "Parallel Aware": false, "Async Capable": false, "Relation Name": "keyword", "Alias": "k", "Startup Cost": 0.0, "Total Cost": 2685.12, "Plan Rows": 1, "Plan Width": 4, "Actual Rows": 1, "Actual Loops": 4, "Filter": "((keyword)::text = 'sequel'::text)", "Rows Removed by Filter": 134169, "Workers": []}]}]}]}]}]}]}, {"Node Type": "Memoize", "Parent Relationship": "Inner", "Parallel Aware": false, "Async Capable": false, "Startup Cost": 0.14, "Total Cost": 0.16, "Plan Rows": 1, "Plan Width": 4, "Actual Rows": 0, "Actual Loops": 2847, "Cache Key": "mc.company_type_id", "Cache Mode": "logical", "Cache Hits": 623, "Cache Misses": 2, "Cache Evictions": 0, "Cache Overflows": 0, "Peak Memory Usage": 1, "Workers": [{"Worker Number": 0, "Cache Hits": 646, "Cache Misses": 2, "Cache Evictions": 0, "Cache Overflows": 0, "Peak Memory Usage": 1}, {"Worker Number": 1, "Cache Hits": 860, "Cache Misses": 2, "Cache Evictions": 0, "Cache Overflows": 0, "Peak Memory Usage": 1}, {"Worker Number": 2, "Cache Hits": 710, "Cache Misses": 2, "Cache Evictions": 0, "Cache Overflows": 0, "Peak Memory Usage": 1}], "Plans": [{"Node Type": "Index Scan", "Parent Relationship": "Outer", "Parallel Aware": false, "Async Capable": false, "Scan Direction": "Forward", "Index Name": "company_type_pkey", "Relation Name": "company_type", "Alias": "ct", "Startup Cost": 0.13, "Total Cost": 0.15, "Plan Rows": 1, "Plan Width": 4, "Actual Rows": 0, "Actual Loops": 8, "Index Cond": "(id = mc.company_type_id)", "Rows Removed by Index Recheck": 0, "Filter": "((kind)::text = 'distributors'::text)", "Rows Removed by Filter": 0, "Workers": []}]}]}, {"Node Type": "Index Scan", "Parent Relationship": "Inner", "Parallel Aware": false, "Async Capable": false, "Scan Direction": "Forward", "Index Name": "company_name_pkey", "Relation Name": "company_name", "Alias": "cn", "Startup Cost": 0.42, "Total Cost": 0.45, "Plan Rows": 1, "Plan Width": 23, "Actual Rows": 0, "Actual Loops": 395, "Index Cond": "(id = mc.company_id)", "Rows Removed by Index Recheck": 0, "Filter": "(((country_code)::text <> '[ru]'::text) AND ((name)::text ~~ '%Warner%'::text))", "Rows Removed by Filter": 1, "Workers": []}]}]}, {"Node Type": "Nested Loop", "Parent Relationship": "Inner", "Parallel Aware": false, "Async Capable": false, "Join Type": "Inner", "Startup Cost": 1.67, "Total Cost": 8015.84, "Plan Rows": 1286, "Plan Width": 37, "Actual Rows": 1956, "Actual Loops": 16, "Inner Unique": true, "Plans": [{"Node Type": "Hash Join", "Parent Relationship": "Outer", "Parallel Aware": false, "Async Capable": false, "Join Type": "Inner", "Startup Cost": 1.24, "Total Cost": 561.48, "Plan Rows": 1666, "Plan Width": 16, "Actual Rows": 2315, "Actual Loops": 16, "Inner Unique": true, "Hash Cond": "(ml.link_type_id = lt.id)", "Plans": [{"Node Type": "Seq Scan", "Parent Relationship": "Outer", "Parallel Aware": false, "Async Capable": false, "Relation Name": "movie_link", "Alias": "ml", "Startup Cost": 0.0, "Total Cost": 462.97, "Plan Rows": 29997, "Plan Width": 8, "Actual Rows": 29997, "Actual Loops": 16}, {"Node Type": "Hash", "Parent Relationship": "Inner", "Parallel Aware": false, "Async Capable": false, "Startup Cost": 1.23, "Total Cost": 1.23, "Plan Rows": 1, "Plan Width": 16, "Actual Rows": 2, "Actual Loops": 1, "Hash Buckets": 1024, "Original Hash Buckets": 1024, "Hash Batches": 1, "Original Hash Batches": 1, "Peak Memory Usage": 9, "Plans": [{"Node Type": "Seq Scan", "Parent Relationship": "Outer", "Parallel Aware": false, "Async Capable": false, "Relation Name": "link_type", "Alias": "lt", "Startup Cost": 0.0, "Total Cost": 1.23, "Plan Rows": 1, "Plan Width": 16, "Actual Rows": 2, "Actual Loops": 1, "Filter": "((link)::text ~~ '%follow%'::text)", "Rows Removed by Filter": 16}]}]}, {"Node Type": "Index Scan", "Parent Relationship": "Inner", "Parallel Aware": false, "Async Capable": false, "Scan Direction": "Forward", "Index Name": "title_pkey", "Relation Name": "title", "Alias": "t", "Startup Cost": 0.43, "Total Cost": 4.47, "Plan Rows": 1, "Plan Width": 21, "Actual Rows": 1, "Actual Loops": 37040, "Index Cond": "(id = ml.movie_id)", "Rows Removed by Index Recheck": 0, "Filter": "(production_year >= 1980)", "Rows Removed by Filter": 0}]}]}]}, "Planning Time": 9.239, "Triggers": [], "Execution Time": 1123.705}, {"Plan": {"Node Type": "Aggregate", "Strategy": "Plain", "Partial Mode": "Simple", "Parallel Aware": false, "Async Capable": false, "Startup Cost": 282320.26, "Total Cost": 282320.27, "Plan Rows": 1, "Plan Width": 96, "Actual Rows": 1, "Actual Loops": 1, "Plans": [{"Node Type": "Nested Loop", "Parent Relationship": "Outer", "Parallel Aware": false, "Async Capable": false, "Join Type": "Inner", "Startup Cost": 245513.67, "Total Cost": 282320.25, "Plan Rows": 1, "Plan Width": 48, "Actual Rows": 1, "Actual Loops": 1, "Inner Unique": false, "Join Filter": "(mk.movie_id = ml.movie_id)", "Rows Removed by Join Filter": 31295, "Plans": [{"Node Type": "Nested Loop", "Parent Relationship": "Outer", "Parallel Aware": false, "Async Capable": false, "Join Type": "Inner", "Startup Cost": 1.67, "Total Cost": 8015.84, "Plan Rows": 1286, "Plan Width": 37, "Actual Rows": 1956, "Actual Loops": 1, "Inner Unique": true, "Plans": [{"Node Type": "Hash Join", "Parent Relationship": "Outer", "Parallel Aware": false, "Async Capable": false, "Join Type": "Inner", "Startup Cost": 1.24, "Total Cost": 561.48, "Plan Rows": 1666, "Plan Width": 16, "Actual Rows": 2315, "Actual Loops": 1, "Inner Unique": true, "Hash Cond": "(ml.link_type_id = lt.id)", "Plans": [{"Node Type": "Seq Scan", "Parent Relationship": "Outer", "Parallel Aware": false, "Async Capable": false, "Relation Name": "movie_link", "Alias": "ml", "Startup Cost": 0.0, "Total Cost": 462.97, "Plan Rows": 29997, "Plan Width": 8, "Actual Rows": 29997, "Actual Loops": 1}, {"Node Type": "Hash", "Parent Relationship": "Inner", "Parallel Aware": false, "Async Capable": false, "Startup Cost": 1.23, "Total Cost": 1.23, "Plan Rows": 1, "Plan Width": 16, "Actual Rows": 2, "Actual Loops": 1, "Hash Buckets": 1024, "Original Hash Buckets": 1024, "Hash Batches": 1, "Original Hash Batches": 1, "Peak Memory Usage": 9, "Plans": [{"Node Type": "Seq Scan", "Parent Relationship": "Outer", "Parallel Aware": false, "Async Capable": false, "Relation Name": "link_type", "Alias": "lt", "Startup Cost": 0.0, "Total Cost": 1.23, "Plan Rows": 1, "Plan Width": 16, "Actual Rows": 2, "Actual Loops": 1, "Filter": "((link)::text ~~ '%follow%'::text)", "Rows Removed by Filter": 16}]}]}, {"Node Type": "Index Scan", "Parent Relationship": "Inner", "Parallel Aware": false, "Async Capable": false, "Scan Direction": "Forward", "Index Name": "title_pkey", "Relation Name": "title", "Alias": "t", "Startup Cost": 0.43, "Total Cost": 4.47, "Plan Rows": 1, "Plan Width": 21, "Actual Rows": 1, "Actual Loops": 2315, "Index Cond": "(id = ml.movie_id)", "Rows Removed by Index Recheck": 0, "Filter": "(production_year >= 1980)", "Rows Removed by Filter": 0}]}, {"Node Type": "Materialize", "Parent Relationship": "Inner", "Parallel Aware": false, "Async Capable": false, "Startup Cost": 245512.01, "Total Cost": 274285.13, "Plan Rows": 1, "Plan Width": 31, "Actual Rows": 16, "Actual Loops": 1956, "Plans": [{"Node Type": "Gather", "Parent Relationship": "Outer", "Parallel Aware": false, "Async Capable": false, "Startup Cost": 245512.01, "Total Cost": 274285.12, "Plan Rows": 1, "Plan Width": 31, "Actual Rows": 16, "Actual Loops": 1, "Workers Planned": 3, "Workers Launched": 3, "Single Copy": false, "Plans": [{"Node Type": "Nested Loop", "Parent Relationship": "Outer", "Parallel Aware": false, "Async Capable": false, "Join Type": "Inner", "Startup Cost": 244512.01, "Total Cost": 273285.02, "Plan Rows": 1, "Plan Width": 31, "Actual Rows": 4, "Actual Loops": 4, "Inner Unique": true, "Workers": [], "Plans": [{"Node Type": "Nested Loop", "Parent Relationship": "Outer", "Parallel Aware": false, "Async Capable": false, "Join Type": "Inner", "Startup Cost": 244511.59, "Total Cost": 273284.11, "Plan Rows": 2, "Plan Width": 16, "Actual Rows": 99, "Actual Loops": 4, "Inner Unique": true, "Workers": [], "Plans": [{"Node Type": "Hash Join", "Parent Relationship": "Outer", "Parallel Aware": true, "Async Capable": false, "Join Type": "Inner", "Startup Cost": 244511.45, "Total Cost": 273283.48, "Plan Rows": 9, "Plan Width": 20, "Actual Rows": 712, "Actual Loops": 4, "Inner Unique": false, "Hash Cond": "(mc.movie_id = mk.movie_id)", "Workers": [], "Plans": [{"Node Type": "Seq Scan", "Parent Relationship": "Outer", "Parallel Aware": true, "Async Capable": false, "Relation Name": "movie_companies", "Alias": "mc", "Startup Cost": 0.0, "Total Cost": 27240.55, "Plan Rows": 408393, "Plan Width": 12, "Actual Rows": 317997, "Actual Loops": 4, "Filter": "(note IS NULL)", "Rows Removed by Filter": 334285, "Workers": []}, {"Node Type": "Hash", "Parent Relationship": "Inner", "Parallel Aware": true, "Async Capable": false, "Startup Cost": 244511.42, "Total Cost": 244511.42, "Plan Rows": 2, "Plan Width": 8, "Actual Rows": 396, "Actual Loops": 4, "Hash Buckets": 1024, "Original Hash Buckets": 1024, "Hash Batches": 1, "Original Hash Batches": 1, "Peak Memory Usage": 136, "Workers": [], "Plans": [{"Node Type": "Hash Join", "Parent Relationship": "Outer", "Parallel Aware": true, "Async Capable": false, "Join Type": "Inner", "Startup Cost": 45589.47, "Total Cost": 244511.42, "Plan Rows": 2, "Plan Width": 8, "Actual Rows": 396, "Actual Loops": 4, "Inner Unique": false, "Hash Cond": "(mi.movie_id = mk.movie_id)", "Workers": [], "Plans": [{"Node Type": "Seq Scan", "Parent Relationship": "Outer", "Parallel Aware": true, "Async Capable": false, "Relation Name": "movie_info", "Alias": "mi", "Startup Cost": 0.0, "Total Cost": 198738.49, "Plan Rows": 48920, "Plan Width": 4, "Actual Rows": 60961, "Actual Loops": 4, "Filter": "((info)::text = 'Drama'::text)", "Rows Removed by Filter": 3647969, "Workers": []}, {"Node Type": "Hash", "Parent Relationship": "Inner", "Parallel Aware": true, "Async Capable": false, "Startup Cost": 45589.33, "Total Cost": 45589.33, "Plan Rows": 11, "Plan Width": 4, "Actual Rows": 2636, "Actual Loops": 4, "Hash Buckets": 8192, "Original Hash Buckets": 1024, "Hash Batches": 1, "Original Hash Batches": 1, "Peak Memory Usage": 568, "Workers": [], "Plans": [{"Node Type": "Hash Join", "Parent Relationship": "Outer", "Parallel Aware": false, "Async Capable": false, "Join Type": "Inner", "Startup Cost": 2685.14, "Total Cost": 45589.33, "Plan Rows": 11, "Plan Width": 4, "Actual Rows": 2636, "Actual Loops": 4, "Inner Unique": true, "Hash Cond": "(mk.keyword_id = k.id)", "Workers": [], "Plans": [{"Node Type": "Seq Scan", "Parent Relationship": "Outer", "Parallel Aware": true, "Async Capable": false, "Relation Name": "movie_keyword", "Alias": "mk", "Startup Cost": 0.0, "Total Cost": 39073.32, "Plan Rows": 1459332, "Plan Width": 8, "Actual Rows": 1130982, "Actual Loops": 4, "Workers": []}, {"Node Type": "Hash", "Parent Relationship": "Inner", "Parallel Aware": false, "Async Capable": false, "Startup Cost": 2685.12, "Total Cost": 2685.12, "Plan Rows": 1, "Plan Width": 4, "Actual Rows": 1, "Actual Loops": 4, "Hash Buckets": 1024, "Original Hash Buckets": 1024, "Hash Batches": 1, "Original Hash Batches": 1, "Peak Memory Usage": 9, "Workers": [], "Plans": [{"Node Type": "Seq Scan", "Parent Relationship": "Outer", "Parallel Aware": false, "Async Capable": false, "Relation Name": "keyword", "Alias": "k", "Startup Cost": 0.0, "Total Cost": 2685.12, "Plan Rows": 1, "Plan Width": 4, "Actual Rows": 1, "Actual Loops": 4, "Filter": "((keyword)::text = 'sequel'::text)", "Rows Removed by Filter": 134169, "Workers": []}]}]}]}]}]}]}, {"Node Type": "Memoize", "Parent Relationship": "Inner", "Parallel Aware": false, "Async Capable": false, "Startup Cost": 0.14, "Total Cost": 0.16, "Plan Rows": 1, "Plan Width": 4, "Actual Rows": 0, "Actual Loops": 2847, "Cache Key": "mc.company_type_id", "Cache Mode": "logical", "Cache Hits": 671, "Cache Misses": 2, "Cache Evictions": 0, "Cache Overflows": 0, "Peak Memory Usage": 1, "Workers": [{"Worker Number": 0, "Cache Hits": 709, "Cache Misses": 2, "Cache Evictions": 0, "Cache Overflows": 0, "Peak Memory Usage": 1}, {"Worker Number": 1, "Cache Hits": 710, "Cache Misses": 2, "Cache Evictions": 0, "Cache Overflows": 0, "Peak Memory Usage": 1}, {"Worker Number": 2, "Cache Hits": 749, "Cache Misses": 2, "Cache Evictions": 0, "Cache Overflows": 0, "Peak Memory Usage": 1}], "Plans": [{"Node Type": "Index Scan", "Parent Relationship": "Outer", "Parallel Aware": false, "Async Capable": false, "Scan Direction": "Forward", "Index Name": "company_type_pkey", "Relation Name": "company_type", "Alias": "ct", "Startup Cost": 0.13, "Total Cost": 0.15, "Plan Rows": 1, "Plan Width": 4, "Actual Rows": 0, "Actual Loops": 8, "Index Cond": "(id = mc.company_type_id)", "Rows Removed by Index Recheck": 0, "Filter": "((kind)::text = 'distributors'::text)", "Rows Removed by Filter": 0, "Workers": []}]}]}, {"Node Type": "Index Scan", "Parent Relationship": "Inner", "Parallel Aware": false, "Async Capable": false, "Scan Direction": "Forward", "Index Name": "company_name_pkey", "Relation Name": "company_name", "Alias": "cn", "Startup Cost": 0.42, "Total Cost": 0.45, "Plan Rows": 1, "Plan Width": 23, "Actual Rows": 0, "Actual Loops": 395, "Index Cond": "(id = mc.company_id)", "Rows Removed by Index Recheck": 0, "Filter": "(((country_code)::text <> '[ru]'::text) AND ((name)::text ~~ '%Warner%'::text))", "Rows Removed by Filter": 1, "Workers": []}]}]}]}]}]}, "Planning Time": 11.372, "Triggers": [], "Execution Time": 981.357}, {"Plan": {"Node Type": "Aggregate", "Strategy": "Plain", "Partial Mode": "Simple", "Parallel Aware": false, "Async Capable": false, "Startup Cost": 331222.49, "Total Cost": 331222.5, "Plan Rows": 1, "Plan Width": 96, "Actual Rows": 1, "Actual Loops": 1, "Plans": [{"Node Type": "Merge Join", "Parent Relationship": "Outer", "Parallel Aware": false, "Async Capable": false, "Join Type": "Inner", "Startup Cost": 322038.28, "Total Cost": 331222.48, "Plan Rows": 1, "Plan Width": 48, "Actual Rows": 1, "Actual Loops": 1, "Inner Unique": false, "Merge Cond": "(t.id = ml.movie_id)", "Plans": [{"Node Type": "Merge Join", "Parent Relationship": "Outer", "Parallel Aware": false, "Async Capable": false, "Join Type": "Inner", "Startup Cost": 246090.53, "Total Cost": 370666.61, "Plan Rows": 188739, "Plan Width": 25, "Actual Rows": 1184, "Actual Loops": 1, "Inner Unique": false, "Merge Cond": "(t.id = mi.movie_id)", "Plans": [{"Node Type": "Index Scan", "Parent Relationship": "Outer", "Parallel Aware": false, "Async Capable": false, "Scan Direction": "Forward", "Index Name": "title_pkey", "Relation Name": "title", "Alias": "t", "Startup Cost": 0.43, "Total Cost": 116689.45, "Plan Rows": 1950911, "Plan Width": 21, "Actual Rows": 114844, "Actual Loops": 1, "Filter": "(production_year >= 1980)", "Rows Removed by Filter": 17526}, {"Node Type": "Sort", "Parent Relationship": "Inner", "Parallel Aware": false, "Async Capable": false, "Startup Cost": 246090.08, "Total Cost": 246701.58, "Plan Rows": 244599, "Plan Width": 4, "Actual Rows": 1525, "Actual Loops": 1, "Sort Key": ["mi.movie_id"], "Sort Method": "quicksort", "Sort Space Used": 6145, "Sort Space Type": "Memory", "Plans": [{"Node Type": "Gather", "Parent Relationship": "Outer", "Parallel Aware": false, "Async Capable": false, "Startup Cost": 1000.0, "Total Cost": 224198.39, "Plan Rows": 244599, "Plan Width": 4, "Actual Rows": 243843, "Actual Loops": 1, "Workers Planned": 5, "Workers Launched": 5, "Single Copy": false, "Plans": [{"Node Type": "Seq Scan", "Parent Relationship": "Outer", "Parallel Aware": true, "Async Capable": false, "Relation Name": "movie_info", "Alias": "mi", "Startup Cost": 0.0, "Total Cost": 198738.49, "Plan Rows": 48920, "Plan Width": 4, "Actual Rows": 40640, "Actual Loops": 6, "Filter": "((info)::text = 'Drama'::text)", "Rows Removed by Filter": 2431980, "Workers": []}]}]}]}, {"Node Type": "Sort", "Parent Relationship": "Inner", "Parallel Aware": false, "Async Capable": false, "Startup Cost": 75947.75, "Total Cost": 75947.75, "Plan Rows": 1, "Plan Width": 43, "Actual Rows": 1, "Actual Loops": 1, "Sort Key": ["mc.movie_id"], "Sort Method": "quicksort", "Sort Space Used": 25, "Sort Space Type": "Memory", "Plans": [{"Node Type": "Nested Loop", "Parent Relationship": "Outer", "Parallel Aware": false, "Async Capable": false, "Join Type": "Inner", "Startup Cost": 46591.26, "Total Cost": 75947.74, "Plan Rows": 1, "Plan Width": 43, "Actual Rows": 1, "Actual Loops": 1, "Inner Unique": false, "Join Filter": "(mk.movie_id = ml.movie_id)", "Rows Removed by Join Filter": 113434, "Plans": [{"Node Type": "Gather", "Parent Relationship": "Outer", "Parallel Aware": false, "Async Capable": false, "Startup Cost": 46590.03, "Total Cost": 75365.43, "Plan Rows": 1, "Plan Width": 27, "Actual Rows": 49, "Actual Loops": 1, "Workers Planned": 3, "Workers Launched": 3, "Single Copy": false, "Plans": [{"Node Type": "Nested Loop", "Parent Relationship": "Outer", "Parallel Aware": false, "Async Capable": false, "Join Type": "Inner", "Startup Cost": 45590.03, "Total Cost": 74365.33, "Plan Rows": 1, "Plan Width": 27, "Actual Rows": 12, "Actual Loops": 4, "Inner Unique": true, "Workers": [], "Plans": [{"Node Type": "Nested Loop", "Parent Relationship": "Outer", "Parallel Aware": false, "Async Capable": false, "Join Type": "Inner", "Startup Cost": 45589.61, "Total Cost": 74362.6, "Plan Rows": 6, "Plan Width": 12, "Actual Rows": 604, "Actual Loops": 4, "Inner Unique": true, "Workers": [], "Plans": [{"Node Type": "Hash Join", "Parent Relationship": "Outer", "Parallel Aware": true, "Async Capable": false, "Join Type": "Inner", "Startup Cost": 45589.47, "Total Cost": 74361.57, "Plan Rows": 24, "Plan Width": 16, "Actual Rows": 3583, "Actual Loops": 4, "Inner Unique": false, "Hash Cond": "(mc.movie_id = mk.movie_id)", "Workers": [], "Plans": [{"Node Type": "Seq Scan", "Parent Relationship": "Outer", "Parallel Aware": true, "Async Capable": false, "Relation Name": "movie_companies", "Alias": "mc", "Startup Cost": 0.0, "Total Cost": 27240.55, "Plan Rows": 408393, "Plan Width": 12, "Actual Rows": 317997, "Actual Loops": 4, "Filter": "(note IS NULL)", "Rows Removed by Filter": 334285, "Workers": []}, {"Node Type": "Hash", "Parent Relationship": "Inner", "Parallel Aware": true, "Async Capable": false, "Startup Cost": 45589.33, "Total Cost": 45589.33, "Plan Rows": 11, "Plan Width": 4, "Actual Rows": 2636, "Actual Loops": 4, "Hash Buckets": 16384, "Original Hash Buckets": 1024, "Hash Batches": 1, "Original Hash Batches": 1, "Peak Memory Usage": 728, "Workers": [], "Plans": [{"Node Type": "Hash Join", "Parent Relationship": "Outer", "Parallel Aware": false, "Async Capable": false, "Join Type": "Inner", "Startup Cost": 2685.14, "Total Cost": 45589.33, "Plan Rows": 11, "Plan Width": 4, "Actual Rows": 2636, "Actual Loops": 4, "Inner Unique": true, "Hash Cond": "(mk.keyword_id = k.id)", "Workers": [], "Plans": [{"Node Type": "Seq Scan", "Parent Relationship": "Outer", "Parallel Aware": true, "Async Capable": false, "Relation Name": "movie_keyword", "Alias": "mk", "Startup Cost": 0.0, "Total Cost": 39073.32, "Plan Rows": 1459332, "Plan Width": 8, "Actual Rows": 1130982, "Actual Loops": 4, "Workers": []}, {"Node Type": "Hash", "Parent Relationship": "Inner", "Parallel Aware": false, "Async Capable": false, "Startup Cost": 2685.12, "Total Cost": 2685.12, "Plan Rows": 1, "Plan Width": 4, "Actual Rows": 1, "Actual Loops": 4, "Hash Buckets": 1024, "Original Hash Buckets": 1024, "Hash Batches": 1, "Original Hash Batches": 1, "Peak Memory Usage": 9, "Workers": [], "Plans": [{"Node Type": "Seq Scan", "Parent Relationship": "Outer", "Parallel Aware": false, "Async Capable": false, "Relation Name": "keyword", "Alias": "k", "Startup Cost": 0.0, "Total Cost": 2685.12, "Plan Rows": 1, "Plan Width": 4, "Actual Rows": 1, "Actual Loops": 4, "Filter": "((keyword)::text = 'sequel'::text)", "Rows Removed by Filter": 134169, "Workers": []}]}]}]}]}, {"Node Type": "Memoize", "Parent Relationship": "Inner", "Parallel Aware": false, "Async Capable": false, "Startup Cost": 0.14, "Total Cost": 0.16, "Plan Rows": 1, "Plan Width": 4, "Actual Rows": 0, "Actual Loops": 14331, "Cache Key": "mc.company_type_id", "Cache Mode": "logical", "Cache Hits": 3272, "Cache Misses": 2, "Cache Evictions": 0, "Cache Overflows": 0, "Peak Memory Usage": 1, "Workers": [{"Worker Number": 0, "Cache Hits": 3744, "Cache Misses": 2, "Cache Evictions": 0, "Cache Overflows": 0, "Peak Memory Usage": 1}, {"Worker Number": 1, "Cache Hits": 3814, "Cache Misses": 2, "Cache Evictions": 0, "Cache Overflows": 0, "Peak Memory Usage": 1}, {"Worker Number": 2, "Cache Hits": 3493, "Cache Misses": 2, "Cache Evictions": 0, "Cache Overflows": 0, "Peak Memory Usage": 1}], "Plans": [{"Node Type": "Index Scan", "Parent Relationship": "Outer", "Parallel Aware": false, "Async Capable": false, "Scan Direction": "Forward", "Index Name": "company_type_pkey", "Relation Name": "company_type", "Alias": "ct", "Startup Cost": 0.13, "Total Cost": 0.15, "Plan Rows": 1, "Plan Width": 4, "Actual Rows": 0, "Actual Loops": 8, "Index Cond": "(id = mc.company_type_id)", "Rows Removed by Index Recheck": 0, "Filter": "((kind)::text = 'distributors'::text)", "Rows Removed by Filter": 0, "Workers": []}]}]}, {"Node Type": "Index Scan", "Parent Relationship": "Inner", "Parallel Aware": false, "Async Capable": false, "Scan Direction": "Forward", "Index Name": "company_name_pkey", "Relation Name": "company_name", "Alias": "cn", "Startup Cost": 0.42, "Total Cost": 0.45, "Plan Rows": 1, "Plan Width": 23, "Actual Rows": 0, "Actual Loops": 2416, "Index Cond": "(id = mc.company_id)", "Rows Removed by Index Recheck": 0, "Filter": "(((country_code)::text <> '[ru]'::text) AND ((name)::text ~~ '%Warner%'::text))", "Rows Removed by Filter": 1, "Workers": []}]}]}, {"Node Type": "Hash Join", "Parent Relationship": "Inner", "Parallel Aware": false, "Async Capable": false, "Join Type": "Inner", "Startup Cost": 1.24, "Total Cost": 561.48, "Plan Rows": 1666, "Plan Width": 16, "Actual Rows": 2315, "Actual Loops": 49, "Inner Unique": true, "Hash Cond": "(ml.link_type_id = lt.id)", "Plans": [{"Node Type": "Seq Scan", "Parent Relationship": "Outer", "Parallel Aware": false, "Async Capable": false, "Relation Name": "movie_link", "Alias": "ml", "Startup Cost": 0.0, "Total Cost": 462.97, "Plan Rows": 29997, "Plan Width": 8, "Actual Rows": 29997, "Actual Loops": 49}, {"Node Type": "Hash", "Parent Relationship": "Inner", "Parallel Aware": false, "Async Capable": false, "Startup Cost": 1.23, "Total Cost": 1.23, "Plan Rows": 1, "Plan Width": 16, "Actual Rows": 2, "Actual Loops": 1, "Hash Buckets": 1024, "Original Hash Buckets": 1024, "Hash Batches": 1, "Original Hash Batches": 1, "Peak Memory Usage": 9, "Plans": [{"Node Type": "Seq Scan", "Parent Relationship": "Outer", "Parallel Aware": false, "Async Capable": false, "Relation Name": "link_type", "Alias": "lt", "Startup Cost": 0.0, "Total Cost": 1.23, "Plan Rows": 1, "Plan Width": 16, "Actual Rows": 2, "Actual Loops": 1, "Filter": "((link)::text ~~ '%follow%'::text)", "Rows Removed by Filter": 16}]}]}]}]}]}]}, "Planning Time": 9.433, "Triggers": [], "Execution Time": 1138.829}, {"Plan": {"Node Type": "Aggregate", "Strategy": "Plain", "Partial Mode": "Finalize", "Parallel Aware": false, "Async Capable": false, "Startup Cost": 279667.51, "Total Cost": 279667.52, "Plan Rows": 1, "Plan Width": 96, "Actual Rows": 1, "Actual Loops": 1, "Plans": [{"Node Type": "Gather", "Parent Relationship": "Outer", "Parallel Aware": false, "Async Capable": false, "Startup Cost": 279667.17, "Total Cost": 279667.48, "Plan Rows": 3, "Plan Width": 96, "Actual Rows": 4, "Actual Loops": 1, "Workers Planned": 3, "Workers Launched": 3, "Single Copy": false, "Plans": [{"Node Type": "Aggregate", "Strategy": "Plain", "Partial Mode": "Partial", "Parent Relationship": "Outer", "Parallel Aware": false, "Async Capable": false, "Startup Cost": 278667.17, "Total Cost": 278667.18, "Plan Rows": 1, "Plan Width": 96, "Actual Rows": 1, "Actual Loops": 4, "Workers": [], "Plans": [{"Node Type": "Hash Join", "Parent Relationship": "Outer", "Parallel Aware": true, "Async Capable": false, "Join Type": "Inner", "Startup Cost": 278658.81, "Total Cost": 278667.17, "Plan Rows": 1, "Plan Width": 48, "Actual Rows": 0, "Actual Loops": 4, "Inner Unique": false, "Hash Cond": "(ml.movie_id = t.id)", "Workers": [], "Plans": [{"Node Type": "Merge Join", "Parent Relationship": "Outer", "Parallel Aware": false, "Async Capable": false, "Join Type": "Inner", "Startup Cost": 46240.15, "Total Cost": 46248.5, "Plan Rows": 1, "Plan Width": 20, "Actual Rows": 50, "Actual Loops": 4, "Inner Unique": false, "Merge Cond": "(mk.movie_id = ml.movie_id)", "Workers": [], "Plans": [{"Node Type": "Sort", "Parent Relationship": "Outer", "Parallel Aware": false, "Async Capable": false, "Startup Cost": 45589.52, "Total Cost": 45589.55, "Plan Rows": 11, "Plan Width": 4, "Actual Rows": 12, "Actual Loops": 4, "Sort Key": ["mk.movie_id"], "Sort Method": "quicksort", "Sort Space Used": 97, "Sort Space Type": "Memory", "Workers": [{"Worker Number": 0, "Sort Method": "quicksort", "Sort Space Used": 97, "Sort Space Type": "Memory"}, {"Worker Number": 1, "Sort Method": "quicksort", "Sort Space Used": 97, "Sort Space Type": "Memory"}, {"Worker Number": 2, "Sort Method": "quicksort", "Sort Space Used": 97, "Sort Space Type": "Memory"}], "Plans": [{"Node Type": "Hash Join", "Parent Relationship": "Outer", "Parallel Aware": false, "Async Capable": false, "Join Type": "Inner", "Startup Cost": 2685.14, "Total Cost": 45589.33, "Plan Rows": 11, "Plan Width": 4, "Actual Rows": 2636, "Actual Loops": 4, "Inner Unique": true, "Hash Cond": "(mk.keyword_id = k.id)", "Workers": [], "Plans": [{"Node Type": "Seq Scan", "Parent Relationship": "Outer", "Parallel Aware": true, "Async Capable": false, "Relation Name": "movie_keyword", "Alias": "mk", "Startup Cost": 0.0, "Total Cost": 39073.32, "Plan Rows": 1459332, "Plan Width": 8, "Actual Rows": 1130982, "Actual Loops": 4, "Workers": []}, {"Node Type": "Hash", "Parent Relationship": "Inner", "Parallel Aware": false, "Async Capable": false, "Startup Cost": 2685.12, "Total Cost": 2685.12, "Plan Rows": 1, "Plan Width": 4, "Actual Rows": 1, "Actual Loops": 4, "Hash Buckets": 1024, "Original Hash Buckets": 1024, "Hash Batches": 1, "Original Hash Batches": 1, "Peak Memory Usage": 9, "Workers": [], "Plans": [{"Node Type": "Seq Scan", "Parent Relationship": "Outer", "Parallel Aware": false, "Async Capable": false, "Relation Name": "keyword", "Alias": "k", "Startup Cost": 0.0, "Total Cost": 2685.12, "Plan Rows": 1, "Plan Width": 4, "Actual Rows": 1, "Actual Loops": 4, "Filter": "((keyword)::text = 'sequel'::text)", "Rows Removed by Filter": 134169, "Workers": []}]}]}]}, {"Node Type": "Sort", "Parent Relationship": "Inner", "Parallel Aware": false, "Async Capable": false, "Startup Cost": 650.63, "Total Cost": 654.8, "Plan Rows": 1666, "Plan Width": 16, "Actual Rows": 2315, "Actual Loops": 4, "Sort Key": ["ml.movie_id"], "Sort Method": "quicksort", "Sort Space Used": 187, "Sort Space Type": "Memory", "Workers": [{"Worker Number": 0, "Sort Method": "quicksort", "Sort Space Used": 187, "Sort Space Type": "Memory"}, {"Worker Number": 1, "Sort Method": "quicksort", "Sort Space Used": 187, "Sort Space Type": "Memory"}, {"Worker Number": 2, "Sort Method": "quicksort", "Sort Space Used": 187, "Sort Space Type": "Memory"}], "Plans": [{"Node Type": "Hash Join", "Parent Relationship": "Outer", "Parallel Aware": false, "Async Capable": false, "Join Type": "Inner", "Startup Cost": 1.24, "Total Cost": 561.48, "Plan Rows": 1666, "Plan Width": 16, "Actual Rows": 2315, "Actual Loops": 4, "Inner Unique": true, "Hash Cond": "(ml.link_type_id = lt.id)", "Workers": [], "Plans": [{"Node Type": "Seq Scan", "Parent Relationship": "Outer", "Parallel Aware": false, "Async Capable": false, "Relation Name": "movie_link", "Alias": "ml", "Startup Cost": 0.0, "Total Cost": 462.97, "Plan Rows": 29997, "Plan Width": 8, "Actual Rows": 29997, "Actual Loops": 4, "Workers": []}, {"Node Type": "Hash", "Parent Relationship": "Inner", "Parallel Aware": false, "Async Capable": false, "Startup Cost": 1.23, "Total Cost": 1.23, "Plan Rows": 1, "Plan Width": 16, "Actual Rows": 2, "Actual Loops": 4, "Hash Buckets": 1024, "Original Hash Buckets": 1024, "Hash Batches": 1, "Original Hash Batches": 1, "Peak Memory Usage": 9, "Workers": [], "Plans": [{"Node Type": "Seq Scan", "Parent Relationship": "Outer", "Parallel Aware": false, "Async Capable": false, "Relation Name": "link_type", "Alias": "lt", "Startup Cost": 0.0, "Total Cost": 1.23, "Plan Rows": 1, "Plan Width": 16, "Actual Rows": 2, "Actual Loops": 4, "Filter": "((link)::text ~~ '%follow%'::text)", "Rows Removed by Filter": 16, "Workers": []}]}]}]}]}, {"Node Type": "Hash", "Parent Relationship": "Inner", "Parallel Aware": true, "Async Capable": false, "Startup Cost": 232418.56, "Total Cost": 232418.56, "Plan Rows": 8, "Plan Width": 48, "Actual Rows": 48, "Actual Loops": 4, "Hash Buckets": 1024, "Original Hash Buckets": 1024, "Hash Batches": 1, "Original Hash Batches": 1, "Peak Memory Usage": 136, "Workers": [], "Plans": [{"Node Type": "Nested Loop", "Parent Relationship": "Outer", "Parallel Aware": false, "Async Capable": false, "Join Type": "Inner", "Startup Cost": 33429.94, "Total Cost": 232418.56, "Plan Rows": 8, "Plan Width": 48, "Actual Rows": 48, "Actual Loops": 4, "Inner Unique": true, "Workers": [], "Plans": [{"Node Type": "Hash Join", "Parent Relationship": "Outer", "Parallel Aware": true, "Async Capable": false, "Join Type": "Inner", "Startup Cost": 33429.51, "Total Cost": 232412.63, "Plan Rows": 10, "Plan Width": 27, "Actual Rows": 73, "Actual Loops": 4, "Inner Unique": false, "Hash Cond": "(mi.movie_id = mc.movie_id)", "Workers": [], "Plans": [{"Node Type": "Seq Scan", "Parent Relationship": "Outer", "Parallel Aware": true, "Async Capable": false, "Relation Name": "movie_info", "Alias": "mi", "Startup Cost": 0.0, "Total Cost": 198738.49, "Plan Rows": 48920, "Plan Width": 4, "Actual Rows": 60961, "Actual Loops": 4, "Filter": "((info)::text = 'Drama'::text)", "Rows Removed by Filter": 3647969, "Workers": []}, {"Node Type": "Hash", "Parent Relationship": "Inner", "Parallel Aware": true, "Async Capable": false, "Startup Cost": 33428.93, "Total Cost": 33428.93, "Plan Rows": 46, "Plan Width": 23, "Actual Rows": 308, "Actual Loops": 4, "Hash Buckets": 1024, "Original Hash Buckets": 1024, "Hash Batches": 1, "Original Hash Batches": 1, "Peak Memory Usage": 136, "Workers": [], "Plans": [{"Node Type": "Hash Join", "Parent Relationship": "Outer", "Parallel Aware": false, "Async Capable": false, "Join Type": "Inner", "Startup Cost": 5115.34, "Total Cost": 33428.93, "Plan Rows": 46, "Plan Width": 23, "Actual Rows": 308, "Actual Loops": 4, "Inner Unique": true, "Hash Cond": "(mc.company_type_id = ct.id)", "Workers": [], "Plans": [{"Node Type": "Hash Join", "Parent Relationship": "Outer", "Parallel Aware": true, "Async Capable": false, "Join Type": "Inner", "Startup Cost": 5114.28, "Total Cost": 33426.88, "Plan Rows": 184, "Plan Width": 27, "Actual Rows": 3347, "Actual Loops": 4, "Inner Unique": true, "Hash Cond": "(mc.company_id = cn.id)", "Workers": [], "Plans": [{"Node Type": "Seq Scan", "Parent Relationship": "Outer", "Parallel Aware": true, "Async Capable": false, "Relation Name": "movie_companies", "Alias": "mc", "Startup Cost": 0.0, "Total Cost": 27240.55, "Plan Rows": 408393, "Plan Width": 12, "Actual Rows": 317997, "Actual Loops": 4, "Filter": "(note IS NULL)", "Rows Removed by Filter": 334285, "Workers": []}, {"Node Type": "Hash", "Parent Relationship": "Inner", "Parallel Aware": true, "Async Capable": false, "Startup Cost": 5113.5, "Total Cost": 5113.5, "Plan Rows": 62, "Plan Width": 23, "Actual Rows": 68, "Actual Loops": 4, "Hash Buckets": 1024, "Original Hash Buckets": 1024, "Hash Batches": 1, "Original Hash Batches": 1, "Peak Memory Usage": 136, "Workers": [], "Plans": [{"Node Type": "Seq Scan", "Parent Relationship": "Outer", "Parallel Aware": true, "Async Capable": false, "Relation Name": "company_name", "Alias": "cn", "Startup Cost": 0.0, "Total Cost": 5113.5, "Plan Rows": 62, "Plan Width": 23, "Actual Rows": 68, "Actual Loops": 4, "Filter": "(((country_code)::text <> '[ru]'::text) AND ((name)::text ~~ '%Warner%'::text))", "Rows Removed by Filter": 58682, "Workers": []}]}]}, {"Node Type": "Hash", "Parent Relationship": "Inner", "Parallel Aware": false, "Async Capable": false, "Startup Cost": 1.05, "Total Cost": 1.05, "Plan Rows": 1, "Plan Width": 4, "Actual Rows": 1, "Actual Loops": 4, "Hash Buckets": 1024, "Original Hash Buckets": 1024, "Hash Batches": 1, "Original Hash Batches": 1, "Peak Memory Usage": 9, "Workers": [], "Plans": [{"Node Type": "Seq Scan", "Parent Relationship": "Outer", "Parallel Aware": false, "Async Capable": false, "Relation Name": "company_type", "Alias": "ct", "Startup Cost": 0.0, "Total Cost": 1.05, "Plan Rows": 1, "Plan Width": 4, "Actual Rows": 1, "Actual Loops": 4, "Filter": "((kind)::text = 'distributors'::text)", "Rows Removed by Filter": 3, "Workers": []}]}]}]}]}, {"Node Type": "Index Scan", "Parent Relationship": "Inner", "Parallel Aware": false, "Async Capable": false, "Scan Direction": "Forward", "Index Name": "title_pkey", "Relation Name": "title", "Alias": "t", "Startup Cost": 0.43, "Total Cost": 0.59, "Plan Rows": 1, "Plan Width": 21, "Actual Rows": 1, "Actual Loops": 292, "Index Cond": "(id = mc.movie_id)", "Rows Removed by Index Recheck": 0, "Filter": "(production_year >= 1980)", "Rows Removed by Filter": 0, "Workers": []}]}]}]}]}]}]}, "Planning Time": 13.835, "Triggers": [], "Execution Time": 931.543}, {"Plan": {"Node Type": "Aggregate", "Strategy": "Plain", "Partial Mode": "Simple", "Parallel Aware": false, "Async Capable": false, "Startup Cost": 280744.75, "Total Cost": 280744.76, "Plan Rows": 1, "Plan Width": 96, "Plans": [{"Node Type": "Nested Loop", "Parent Relationship": "Outer", "Parallel Aware": false, "Async Capable": false, "Join Type": "Inner", "Startup Cost": 52706.47, "Total Cost": 280744.74, "Plan Rows": 1, "Plan Width": 48, "Inner Unique": false, "Join Filter": "(mc.movie_id = ml.movie_id)", "Plans": [{"Node Type": "Nested Loop", "Parent Relationship": "Outer", "Parallel Aware": false, "Async Capable": false, "Join Type": "Inner", "Startup Cost": 46591.13, "Total Cost": 246299.72, "Plan Rows": 1, "Plan Width": 45, "Inner Unique": false, "Join Filter": "(t.id = ml.movie_id)", "Plans": [{"Node Type": "Hash Join", "Parent Relationship": "Outer", "Parallel Aware": false, "Async Capable": false, "Join Type": "Inner", "Startup Cost": 1.24, "Total Cost": 561.48, "Plan Rows": 1666, "Plan Width": 16, "Inner Unique": true, "Hash Cond": "(ml.link_type_id = lt.id)", "Plans": [{"Node Type": "Seq Scan", "Parent Relationship": "Outer", "Parallel Aware": false, "Async Capable": false, "Relation Name": "movie_link", "Alias": "ml", "Startup Cost": 0.0, "Total Cost": 462.97, "Plan Rows": 29997, "Plan Width": 8}, {"Node Type": "Hash", "Parent Relationship": "Inner", "Parallel Aware": false, "Async Capable": false, "Startup Cost": 1.23, "Total Cost": 1.23, "Plan Rows": 1, "Plan Width": 16, "Plans": [{"Node Type": "Seq Scan", "Parent Relationship": "Outer", "Parallel Aware": false, "Async Capable": false, "Relation Name": "link_type", "Alias": "lt", "Startup Cost": 0.0, "Total Cost": 1.23, "Plan Rows": 1, "Plan Width": 16, "Filter": "((link)::text ~~ '%follow%'::text)"}]}]}, {"Node Type": "Materialize", "Parent Relationship": "Inner", "Parallel Aware": false, "Async Capable": false, "Startup Cost": 46589.9, "Total Cost": 245513.35, "Plan Rows": 9, "Plan Width": 29, "Plans": [{"Node Type": "Gather", "Parent Relationship": "Outer", "Parallel Aware": false, "Async Capable": false, "Startup Cost": 46589.9, "Total Cost": 245513.3, "Plan Rows": 9, "Plan Width": 29, "Workers Planned": 5, "Single Copy": false, "Plans": [{"Node Type": "Nested Loop", "Parent Relationship": "Outer", "Parallel Aware": false, "Async Capable": false, "Join Type": "Inner", "Startup Cost": 45589.9, "Total Cost": 244512.4, "Plan Rows": 2, "Plan Width": 29, "Inner Unique": true, "Plans": [{"Node Type": "Hash Join", "Parent Relationship": "Outer", "Parallel Aware": true, "Async Capable": false, "Join Type": "Inner", "Startup Cost": 45589.47, "Total Cost": 244511.42, "Plan Rows": 2, "Plan Width": 8, "Inner Unique": false, "Hash Cond": "(mi.movie_id = mk.movie_id)", "Plans": [{"Node Type": "Seq Scan", "Parent Relationship": "Outer", "Parallel Aware": true, "Async Capable": false, "Relation Name": "movie_info", "Alias": "mi", "Startup Cost": 0.0, "Total Cost": 198738.49, "Plan Rows": 48920, "Plan Width": 4, "Filter": "((info)::text = 'Drama'::text)"}, {"Node Type": "Hash", "Parent Relationship": "Inner", "Parallel Aware": true, "Async Capable": false, "Startup Cost": 45589.33, "Total Cost": 45589.33, "Plan Rows": 11, "Plan Width": 4, "Plans": [{"Node Type": "Hash Join", "Parent Relationship": "Outer", "Parallel Aware": false, "Async Capable": false, "Join Type": "Inner", "Startup Cost": 2685.14, "Total Cost": 45589.33, "Plan Rows": 11, "Plan Width": 4, "Inner Unique": true, "Hash Cond": "(mk.keyword_id = k.id)", "Plans": [{"Node Type": "Seq Scan", "Parent Relationship": "Outer", "Parallel Aware": true, "Async Capable": false, "Relation Name": "movie_keyword", "Alias": "mk", "Startup Cost": 0.0, "Total Cost": 39073.32, "Plan Rows": 1459332, "Plan Width": 8}, {"Node Type": "Hash", "Parent Relationship": "Inner", "Parallel Aware": false, "Async Capable": false, "Startup Cost": 2685.12, "Total Cost": 2685.12, "Plan Rows": 1, "Plan Width": 4, "Plans": [{"Node Type": "Seq Scan", "Parent Relationship": "Outer", "Parallel Aware": false, "Async Capable": false, "Relation Name": "keyword", "Alias": "k", "Startup Cost": 0.0, "Total Cost": 2685.12, "Plan Rows": 1, "Plan Width": 4, "Filter": "((keyword)::text = 'sequel'::text)"}]}]}]}]}, {"Node Type": "Index Scan", "Parent Relationship": "Inner", "Parallel Aware": false, "Async Capable": false, "Scan Direction": "Forward", "Index Name": "title_pkey", "Relation Name": "title", "Alias": "t", "Startup Cost": 0.43, "Total Cost": 0.49, "Plan Rows": 1, "Plan Width": 21, "Index Cond": "(id = mk.movie_id)", "Filter": "(production_year >= 1980)"}]}]}]}]}, {"Node Type": "Gather", "Parent Relationship": "Inner", "Parallel Aware": false, "Async Capable": false, "Startup Cost": 6115.34, "Total Cost": 34443.23, "Plan Rows": 143, "Plan Width": 23, "Workers Planned": 3, "Single Copy": false, "Plans": [{"Node Type": "Hash Join", "Parent Relationship": "Outer", "Parallel Aware": false, "Async Capable": false, "Join Type": "Inner", "Startup Cost": 5115.34, "Total Cost": 33428.93, "Plan Rows": 46, "Plan Width": 23, "Inner Unique": true, "Hash Cond": "(mc.company_type_id = ct.id)", "Plans": [{"Node Type": "Hash Join", "Parent Relationship": "Outer", "Parallel Aware": true, "Async Capable": false, "Join Type": "Inner", "Startup Cost": 5114.28, "Total Cost": 33426.88, "Plan Rows": 184, "Plan Width": 27, "Inner Unique": true, "Hash Cond": "(mc.company_id = cn.id)", "Plans": [{"Node Type": "Seq Scan", "Parent Relationship": "Outer", "Parallel Aware": true, "Async Capable": false, "Relation Name": "movie_companies", "Alias": "mc", "Startup Cost": 0.0, "Total Cost": 27240.55, "Plan Rows": 408393, "Plan Width": 12, "Filter": "(note IS NULL)"}, {"Node Type": "Hash", "Parent Relationship": "Inner", "Parallel Aware": true, "Async Capable": false, "Startup Cost": 5113.5, "Total Cost": 5113.5, "Plan Rows": 62, "Plan Width": 23, "Plans": [{"Node Type": "Seq Scan", "Parent Relationship": "Outer", "Parallel Aware": true, "Async Capable": false, "Relation Name": "company_name", "Alias": "cn", "Startup Cost": 0.0, "Total Cost": 5113.5, "Plan Rows": 62, "Plan Width": 23, "Filter": "(((country_code)::text <> '[ru]'::text) AND ((name)::text ~~ '%Warner%'::text))"}]}]}, {"Node Type": "Hash", "Parent Relationship": "Inner", "Parallel Aware": false, "Async Capable": false, "Startup Cost": 1.05, "Total Cost": 1.05, "Plan Rows": 1, "Plan Width": 4, "Plans": [{"Node Type": "Seq Scan", "Parent Relationship": "Outer", "Parallel Aware": false, "Async Capable": false, "Relation Name": "company_type", "Alias": "ct", "Startup Cost": 0.0, "Total Cost": 1.05, "Plan Rows": 1, "Plan Width": 4, "Filter": "((kind)::text = 'distributors'::text)"}]}]}]}]}]}}, {"Plan": {"Node Type": "Aggregate", "Strategy": "Plain", "Partial Mode": "Simple", "Parallel Aware": false, "Async Capable": false, "Startup Cost": 281551.81, "Total Cost": 281551.82, "Plan Rows": 1, "Plan Width": 96, "Actual Rows": 1, "Actual Loops": 1, "Plans": [{"Node Type": "Nested Loop", "Parent Relationship": "Outer", "Parallel Aware": false, "Async Capable": false, "Join Type": "Inner", "Startup Cost": 38116.31, "Total Cost": 281551.8, "Plan Rows": 1, "Plan Width": 48, "Actual Rows": 1, "Actual Loops": 1, "Inner Unique": false, "Join Filter": "(mk.movie_id = ml.movie_id)", "Rows Removed by Join Filter": 21087, "Plans": [{"Node Type": "Nested Loop", "Parent Relationship": "Outer", "Parallel Aware": false, "Async Capable": false, "Join Type": "Inner", "Startup Cost": 34431.18, "Total Cost": 234958.65, "Plan Rows": 1, "Plan Width": 64, "Actual Rows": 2, "Actual Loops": 1, "Inner Unique": false, "Join Filter": "(t.id = ml.movie_id)", "Rows Removed by Join Filter": 442163, "Plans": [{"Node Type": "Hash Join", "Parent Relationship": "Outer", "Parallel Aware": false, "Async Capable": false, "Join Type": "Inner", "Startup Cost": 1.24, "Total Cost": 561.48, "Plan Rows": 1666, "Plan Width": 16, "Actual Rows": 2315, "Actual Loops": 1, "Inner Unique": true, "Hash Cond": "(ml.link_type_id = lt.id)", "Plans": [{"Node Type": "Seq Scan", "Parent Relationship": "Outer", "Parallel Aware": false, "Async Capable": false, "Relation Name": "movie_link", "Alias": "ml", "Startup Cost": 0.0, "Total Cost": 462.97, "Plan Rows": 29997, "Plan Width": 8, "Actual Rows": 29997, "Actual Loops": 1}, {"Node Type": "Hash", "Parent Relationship": "Inner", "Parallel Aware": false, "Async Capable": false, "Startup Cost": 1.23, "Total Cost": 1.23, "Plan Rows": 1, "Plan Width": 16, "Actual Rows": 2, "Actual Loops": 1, "Hash Buckets": 1024, "Original Hash Buckets": 1024, "Hash Batches": 1, "Original Hash Batches": 1, "Peak Memory Usage": 9, "Plans": [{"Node Type": "Seq Scan", "Parent Relationship": "Outer", "Parallel Aware": false, "Async Capable": false, "Relation Name": "link_type", "Alias": "lt", "Startup Cost": 0.0, "Total Cost": 1.23, "Plan Rows": 1, "Plan Width": 16, "Actual Rows": 2, "Actual Loops": 1, "Filter": "((link)::text ~~ '%follow%'::text)", "Rows Removed by Filter": 16}]}]}, {"Node Type": "Materialize", "Parent Relationship": "Inner", "Parallel Aware": false, "Async Capable": false, "Startup Cost": 34429.94, "Total Cost": 233422.65, "Plan Rows": 39, "Plan Width": 48, "Actual Rows": 191, "Actual Loops": 2315, "Plans": [{"Node Type": "Gather", "Parent Relationship": "Outer", "Parallel Aware": false, "Async Capable": false, "Startup Cost": 34429.94, "Total Cost": 233422.46, "Plan Rows": 39, "Plan Width": 48, "Actual Rows": 191, "Actual Loops": 1, "Workers Planned": 5, "Workers Launched": 5, "Single Copy": false, "Plans": [{"Node Type": "Nested Loop", "Parent Relationship": "Outer", "Parallel Aware": false, "Async Capable": false, "Join Type": "Inner", "Startup Cost": 33429.94, "Total Cost": 232418.56, "Plan Rows": 8, "Plan Width": 48, "Actual Rows": 32, "Actual Loops": 6, "Inner Unique": true, "Workers": [], "Plans": [{"Node Type": "Hash Join", "Parent Relationship": "Outer", "Parallel Aware": true, "Async Capable": false, "Join Type": "Inner", "Startup Cost": 33429.51, "Total Cost": 232412.63, "Plan Rows": 10, "Plan Width": 27, "Actual Rows": 49, "Actual Loops": 6, "Inner Unique": false, "Hash Cond": "(mi.movie_id = mc.movie_id)", "Workers": [], "Plans": [{"Node Type": "Seq Scan", "Parent Relationship": "Outer", "Parallel Aware": true, "Async Capable": false, "Relation Name": "movie_info", "Alias": "mi", "Startup Cost": 0.0, "Total Cost": 198738.49, "Plan Rows": 48920, "Plan Width": 4, "Actual Rows": 40640, "Actual Loops": 6, "Filter": "((info)::text = 'Drama'::text)", "Rows Removed by Filter": 2431980, "Workers": []}, {"Node Type": "Hash", "Parent Relationship": "Inner", "Parallel Aware": true, "Async Capable": false, "Startup Cost": 33428.93, "Total Cost": 33428.93, "Plan Rows": 46, "Plan Width": 23, "Actual Rows": 206, "Actual Loops": 6, "Hash Buckets": 1024, "Original Hash Buckets": 1024, "Hash Batches": 1, "Original Hash Batches": 1, "Peak Memory Usage": 200, "Workers": [], "Plans": [{"Node Type": "Hash Join", "Parent Relationship": "Outer", "Parallel Aware": false, "Async Capable": false, "Join Type": "Inner", "Startup Cost": 5115.34, "Total Cost": 33428.93, "Plan Rows": 46, "Plan Width": 23, "Actual Rows": 206, "Actual Loops": 6, "Inner Unique": true, "Hash Cond": "(mc.company_type_id = ct.id)", "Workers": [], "Plans": [{"Node Type": "Hash Join", "Parent Relationship": "Outer", "Parallel Aware": true, "Async Capable": false, "Join Type": "Inner", "Startup Cost": 5114.28, "Total Cost": 33426.88, "Plan Rows": 184, "Plan Width": 27, "Actual Rows": 2232, "Actual Loops": 6, "Inner Unique": true, "Hash Cond": "(mc.company_id = cn.id)", "Workers": [], "Plans": [{"Node Type": "Seq Scan", "Parent Relationship": "Outer", "Parallel Aware": true, "Async Capable": false, "Relation Name": "movie_companies", "Alias": "mc", "Startup Cost": 0.0, "Total Cost": 27240.55, "Plan Rows": 408393, "Plan Width": 12, "Actual Rows": 211998, "Actual Loops": 6, "Filter": "(note IS NULL)", "Rows Removed by Filter": 222857, "Workers": []}, {"Node Type": "Hash", "Parent Relationship": "Inner", "Parallel Aware": true, "Async Capable": false, "Startup Cost": 5113.5, "Total Cost": 5113.5, "Plan Rows": 62, "Plan Width": 23, "Actual Rows": 45, "Actual Loops": 6, "Hash Buckets": 1024, "Original Hash Buckets": 1024, "Hash Batches": 1, "Original Hash Batches": 1, "Peak Memory Usage": 200, "Workers": [], "Plans": [{"Node Type": "Seq Scan", "Parent Relationship": "Outer", "Parallel Aware": true, "Async Capable": false, "Relation Name": "company_name", "Alias": "cn", "Startup Cost": 0.0, "Total Cost": 5113.5, "Plan Rows": 62, "Plan Width": 23, "Actual Rows": 45, "Actual Loops": 6, "Filter": "(((country_code)::text <> '[ru]'::text) AND ((name)::text ~~ '%Warner%'::text))", "Rows Removed by Filter": 39121, "Workers": []}]}]}, {"Node Type": "Hash", "Parent Relationship": "Inner", "Parallel Aware": false, "Async Capable": false, "Startup Cost": 1.05, "Total Cost": 1.05, "Plan Rows": 1, "Plan Width": 4, "Actual Rows": 1, "Actual Loops": 6, "Hash Buckets": 1024, "Original Hash Buckets": 1024, "Hash Batches": 1, "Original Hash Batches": 1, "Peak Memory Usage": 9, "Workers": [], "Plans": [{"Node Type": "Seq Scan", "Parent Relationship": "Outer", "Parallel Aware": false, "Async Capable": false, "Relation Name": "company_type", "Alias": "ct", "Startup Cost": 0.0, "Total Cost": 1.05, "Plan Rows": 1, "Plan Width": 4, "Actual Rows": 1, "Actual Loops": 6, "Filter": "((kind)::text = 'distributors'::text)", "Rows Removed by Filter": 3, "Workers": []}]}]}]}]}, {"Node Type": "Index Scan", "Parent Relationship": "Inner", "Parallel Aware": false, "Async Capable": false, "Scan Direction": "Forward", "Index Name": "title_pkey", "Relation Name": "title", "Alias": "t", "Startup Cost": 0.43, "Total Cost": 0.59, "Plan Rows": 1, "Plan Width": 21, "Actual Rows": 1, "Actual Loops": 292, "Index Cond": "(id = mc.movie_id)", "Rows Removed by Index Recheck": 0, "Filter": "(production_year >= 1980)", "Rows Removed by Filter": 0, "Workers": []}]}]}]}]}, {"Node Type": "Gather", "Parent Relationship": "Inner", "Parallel Aware": false, "Async Capable": false, "Startup Cost": 3685.14, "Total Cost": 46592.73, "Plan Rows": 34, "Plan Width": 4, "Actual Rows": 10544, "Actual Loops": 2, "Workers Planned": 3, "Workers Launched": 3, "Single Copy": false, "Plans": [{"Node Type": "Hash Join", "Parent Relationship": "Outer", "Parallel Aware": false, "Async Capable": false, "Join Type": "Inner", "Startup Cost": 2685.14, "Total Cost": 45589.33, "Plan Rows": 11, "Plan Width": 4, "Actual Rows": 2636, "Actual Loops": 8, "Inner Unique": true, "Hash Cond": "(mk.keyword_id = k.id)", "Workers": [], "Plans": [{"Node Type": "Seq Scan", "Parent Relationship": "Outer", "Parallel Aware": true, "Async Capable": false, "Relation Name": "movie_keyword", "Alias": "mk", "Startup Cost": 0.0, "Total Cost": 39073.32, "Plan Rows": 1459332, "Plan Width": 8, "Actual Rows": 1130982, "Actual Loops": 8, "Workers": []}, {"Node Type": "Hash", "Parent Relationship": "Inner", "Parallel Aware": false, "Async Capable": false, "Startup Cost": 2685.12, "Total Cost": 2685.12, "Plan Rows": 1, "Plan Width": 4, "Actual Rows": 1, "Actual Loops": 7, "Hash Buckets": 1024, "Original Hash Buckets": 1024, "Hash Batches": 1, "Original Hash Batches": 1, "Peak Memory Usage": 9, "Workers": [], "Plans": [{"Node Type": "Seq Scan", "Parent Relationship": "Outer", "Parallel Aware": false, "Async Capable": false, "Relation Name": "keyword", "Alias": "k", "Startup Cost": 0.0, "Total Cost": 2685.12, "Plan Rows": 1, "Plan Width": 4, "Actual Rows": 1, "Actual Loops": 7, "Filter": "((keyword)::text = 'sequel'::text)", "Rows Removed by Filter": 134169, "Workers": []}]}]}]}]}]}, "Planning Time": 9.122, "Triggers": [], "Execution Time": 852.891}, {"Plan": {"Node Type": "Aggregate", "Strategy": "Plain", "Partial Mode": "Simple", "Parallel Aware": false, "Async Capable": false, "Startup Cost": 281826.39, "Total Cost": 281826.4, "Plan Rows": 1, "Plan Width": 96, "Actual Rows": 1, "Actual Loops": 1, "Plans": [{"Node Type": "Nested Loop", "Parent Relationship": "Outer", "Parallel Aware": false, "Async Capable": false, "Join Type": "Inner", "Startup Cost": 38116.31, "Total Cost": 281826.38, "Plan Rows": 1, "Plan Width": 48, "Actual Rows": 1, "Actual Loops": 1, "Inner Unique": false, "Join Filter": "(t.id = ml.movie_id)", "Rows Removed by Join Filter": 14589, "Plans": [{"Node Type": "Nested Loop", "Parent Relationship": "Outer", "Parallel Aware": false, "Async Capable": false, "Join Type": "Inner", "Startup Cost": 34430.75, "Total Cost": 235228.74, "Plan Rows": 1, "Plan Width": 43, "Actual Rows": 2, "Actual Loops": 1, "Inner Unique": false, "Join Filter": "(mc.movie_id = ml.movie_id)", "Rows Removed by Join Filter": 675978, "Plans": [{"Node Type": "Hash Join", "Parent Relationship": "Outer", "Parallel Aware": false, "Async Capable": false, "Join Type": "Inner", "Startup Cost": 1.24, "Total Cost": 561.48, "Plan Rows": 1666, "Plan Width": 16, "Actual Rows": 2315, "Actual Loops": 1, "Inner Unique": true, "Hash Cond": "(ml.link_type_id = lt.id)", "Plans": [{"Node Type": "Seq Scan", "Parent Relationship": "Outer", "Parallel Aware": false, "Async Capable": false, "Relation Name": "movie_link", "Alias": "ml", "Startup Cost": 0.0, "Total Cost": 462.97, "Plan Rows": 29997, "Plan Width": 8, "Actual Rows": 29997, "Actual Loops": 1}, {"Node Type": "Hash", "Parent Relationship": "Inner", "Parallel Aware": false, "Async Capable": false, "Startup Cost": 1.23, "Total Cost": 1.23, "Plan Rows": 1, "Plan Width": 16, "Actual Rows": 2, "Actual Loops": 1, "Hash Buckets": 1024, "Original Hash Buckets": 1024, "Hash Batches": 1, "Original Hash Batches": 1, "Peak Memory Usage": 9, "Plans": [{"Node Type": "Seq Scan", "Parent Relationship": "Outer", "Parallel Aware": false, "Async Capable": false, "Relation Name": "link_type", "Alias": "lt", "Startup Cost": 0.0, "Total Cost": 1.23, "Plan Rows": 1, "Plan Width": 16, "Actual Rows": 2, "Actual Loops": 1, "Filter": "((link)::text ~~ '%follow%'::text)", "Rows Removed by Filter": 16}]}]}, {"Node Type": "Materialize", "Parent Relationship": "Inner", "Parallel Aware": false, "Async Capable": false, "Startup Cost": 34429.51, "Total Cost": 233417.88, "Plan Rows": 50, "Plan Width": 27, "Actual Rows": 292, "Actual Loops": 2315, "Plans": [{"Node Type": "Gather", "Parent Relationship": "Outer", "Parallel Aware": false, "Async Capable": false, "Startup Cost": 34429.51, "Total Cost": 233417.63, "Plan Rows": 50, "Plan Width": 27, "Actual Rows": 292, "Actual Loops": 1, "Workers Planned": 5, "Workers Launched": 5, "Single Copy": false, "Plans": [{"Node Type": "Hash Join", "Parent Relationship": "Outer", "Parallel Aware": true, "Async Capable": false, "Join Type": "Inner", "Startup Cost": 33429.51, "Total Cost": 232412.63, "Plan Rows": 10, "Plan Width": 27, "Actual Rows": 49, "Actual Loops": 6, "Inner Unique": false, "Hash Cond": "(mi.movie_id = mc.movie_id)", "Workers": [], "Plans": [{"Node Type": "Seq Scan", "Parent Relationship": "Outer", "Parallel Aware": true, "Async Capable": false, "Relation Name": "movie_info", "Alias": "mi", "Startup Cost": 0.0, "Total Cost": 198738.49, "Plan Rows": 48920, "Plan Width": 4, "Actual Rows": 40640, "Actual Loops": 6, "Filter": "((info)::text = 'Drama'::text)", "Rows Removed by Filter": 2431980, "Workers": []}, {"Node Type": "Hash", "Parent Relationship": "Inner", "Parallel Aware": true, "Async Capable": false, "Startup Cost": 33428.93, "Total Cost": 33428.93, "Plan Rows": 46, "Plan Width": 23, "Actual Rows": 206, "Actual Loops": 6, "Hash Buckets": 1024, "Original Hash Buckets": 1024, "Hash Batches": 1, "Original Hash Batches": 1, "Peak Memory Usage": 200, "Workers": [], "Plans": [{"Node Type": "Hash Join", "Parent Relationship": "Outer", "Parallel Aware": false, "Async Capable": false, "Join Type": "Inner", "Startup Cost": 5115.34, "Total Cost": 33428.93, "Plan Rows": 46, "Plan Width": 23, "Actual Rows": 206, "Actual Loops": 6, "Inner Unique": true, "Hash Cond": "(mc.company_type_id = ct.id)", "Workers": [], "Plans": [{"Node Type": "Hash Join", "Parent Relationship": "Outer", "Parallel Aware": true, "Async Capable": false, "Join Type": "Inner", "Startup Cost": 5114.28, "Total Cost": 33426.88, "Plan Rows": 184, "Plan Width": 27, "Actual Rows": 2232, "Actual Loops": 6, "Inner Unique": true, "Hash Cond": "(mc.company_id = cn.id)", "Workers": [], "Plans": [{"Node Type": "Seq Scan", "Parent Relationship": "Outer", "Parallel Aware": true, "Async Capable": false, "Relation Name": "movie_companies", "Alias": "mc", "Startup Cost": 0.0, "Total Cost": 27240.55, "Plan Rows": 408393, "Plan Width": 12, "Actual Rows": 211998, "Actual Loops": 6, "Filter": "(note IS NULL)", "Rows Removed by Filter": 222857, "Workers": []}, {"Node Type": "Hash", "Parent Relationship": "Inner", "Parallel Aware": true, "Async Capable": false, "Startup Cost": 5113.5, "Total Cost": 5113.5, "Plan Rows": 62, "Plan Width": 23, "Actual Rows": 45, "Actual Loops": 6, "Hash Buckets": 1024, "Original Hash Buckets": 1024, "Hash Batches": 1, "Original Hash Batches": 1, "Peak Memory Usage": 200, "Workers": [], "Plans": [{"Node Type": "Seq Scan", "Parent Relationship": "Outer", "Parallel Aware": true, "Async Capable": false, "Relation Name": "company_name", "Alias": "cn", "Startup Cost": 0.0, "Total Cost": 5113.5, "Plan Rows": 62, "Plan Width": 23, "Actual Rows": 45, "Actual Loops": 6, "Filter": "(((country_code)::text <> '[ru]'::text) AND ((name)::text ~~ '%Warner%'::text))", "Rows Removed by Filter": 39121, "Workers": []}]}]}, {"Node Type": "Hash", "Parent Relationship": "Inner", "Parallel Aware": false, "Async Capable": false, "Startup Cost": 1.05, "Total Cost": 1.05, "Plan Rows": 1, "Plan Width": 4, "Actual Rows": 1, "Actual Loops": 6, "Hash Buckets": 1024, "Original Hash Buckets": 1024, "Hash Batches": 1, "Original Hash Batches": 1, "Peak Memory Usage": 9, "Workers": [], "Plans": [{"Node Type": "Seq Scan", "Parent Relationship": "Outer", "Parallel Aware": false, "Async Capable": false, "Relation Name": "company_type", "Alias": "ct", "Startup Cost": 0.0, "Total Cost": 1.05, "Plan Rows": 1, "Plan Width": 4, "Actual Rows": 1, "Actual Loops": 6, "Filter": "((kind)::text = 'distributors'::text)", "Rows Removed by Filter": 3, "Workers": []}]}]}]}]}]}]}]}, {"Node Type": "Gather", "Parent Relationship": "Inner", "Parallel Aware": false, "Async Capable": false, "Startup Cost": 3685.57, "Total Cost": 46597.32, "Plan Rows": 26, "Plan Width": 25, "Actual Rows": 7295, "Actual Loops": 2, "Workers Planned": 3, "Workers Launched": 3, "Single Copy": false, "Plans": [{"Node Type": "Nested Loop", "Parent Relationship": "Outer", "Parallel Aware": false, "Async Capable": false, "Join Type": "Inner", "Startup Cost": 2685.57, "Total Cost": 45594.72, "Plan Rows": 8, "Plan Width": 25, "Actual Rows": 1824, "Actual Loops": 8, "Inner Unique": true, "Workers": [], "Plans": [{"Node Type": "Hash Join", "Parent Relationship": "Outer", "Parallel Aware": false, "Async Capable": false, "Join Type": "Inner", "Startup Cost": 2685.14, "Total Cost": 45589.33, "Plan Rows": 11, "Plan Width": 4, "Actual Rows": 2636, "Actual Loops": 8, "Inner Unique": true, "Hash Cond": "(mk.keyword_id = k.id)", "Workers": [], "Plans": [{"Node Type": "Seq Scan", "Parent Relationship": "Outer", "Parallel Aware": true, "Async Capable": false, "Relation Name": "movie_keyword", "Alias": "mk", "Startup Cost": 0.0, "Total Cost": 39073.32, "Plan Rows": 1459332, "Plan Width": 8, "Actual Rows": 1130982, "Actual Loops": 8, "Workers": []}, {"Node Type": "Hash", "Parent Relationship": "Inner", "Parallel Aware": false, "Async Capable": false, "Startup Cost": 2685.12, "Total Cost": 2685.12, "Plan Rows": 1, "Plan Width": 4, "Actual Rows": 1, "Actual Loops": 7, "Hash Buckets": 1024, "Original Hash Buckets": 1024, "Hash Batches": 1, "Original Hash Batches": 1, "Peak Memory Usage": 9, "Workers": [], "Plans": [{"Node Type": "Seq Scan", "Parent Relationship": "Outer", "Parallel Aware": false, "Async Capable": false, "Relation Name": "keyword", "Alias": "k", "Startup Cost": 0.0, "Total Cost": 2685.12, "Plan Rows": 1, "Plan Width": 4, "Actual Rows": 1, "Actual Loops": 7, "Filter": "((keyword)::text = 'sequel'::text)", "Rows Removed by Filter": 134169, "Workers": []}]}]}, {"Node Type": "Index Scan", "Parent Relationship": "Inner", "Parallel Aware": false, "Async Capable": false, "Scan Direction": "Forward", "Index Name": "title_pkey", "Relation Name": "title", "Alias": "t", "Startup Cost": 0.43, "Total Cost": 0.49, "Plan Rows": 1, "Plan Width": 21, "Actual Rows": 1, "Actual Loops": 21088, "Index Cond": "(id = mk.movie_id)", "Rows Removed by Index Recheck": 0, "Filter": "(production_year >= 1980)", "Rows Removed by Filter": 0, "Workers": []}]}]}]}]}, "Planning Time": 9.389, "Triggers": [], "Execution Time": 943.925}]