[{"Plan": {"Node Type": "Aggregate", "Strategy": "Plain", "Partial Mode": "Finalize", "Parallel Aware": false, "Async Capable": false, "Startup Cost": 290407.48, "Total Cost": 290407.49, "Plan Rows": 1, "Plan Width": 64, "Actual Rows": 1, "Actual Loops": 1, "Plans": [{"Node Type": "Gather", "Parent Relationship": "Outer", "Parallel Aware": false, "Async Capable": false, "Startup Cost": 290407.26, "Total Cost": 290407.47, "Plan Rows": 2, "Plan Width": 64, "Actual Rows": 3, "Actual Loops": 1, "Workers Planned": 2, "Workers Launched": 2, "Single Copy": false, "Plans": [{"Node Type": "Aggregate", "Strategy": "Plain", "Partial Mode": "Partial", "Parent Relationship": "Outer", "Parallel Aware": false, "Async Capable": false, "Startup Cost": 289407.26, "Total Cost": 289407.27, "Plan Rows": 1, "Plan Width": 64, "Actual Rows": 1, "Actual Loops": 3, "Workers": [], "Plans": [{"Node Type": "Hash Join", "Parent Relationship": "Outer", "Parallel Aware": true, "Async Capable": false, "Join Type": "Inner", "Startup Cost": 281104.28, "Total Cost": 289407.22, "Plan Rows": 8, "Plan Width": 60, "Actual Rows": 24, "Actual Loops": 3, "Inner Unique": false, "Hash Cond": "(at.movie_id = t.id)", "Workers": [], "Plans": [{"Node Type": "Seq Scan", "Parent Relationship": "Outer", "Parallel Aware": true, "Async Capable": false, "Relation Name": "aka_title", "Alias": "at", "Startup Cost": 0.0, "Total Cost": 7738.13, "Plan Rows": 150613, "Plan Width": 4, "Actual Rows": 120491, "Actual Loops": 3, "Workers": []}, {"Node Type": "Hash", "Parent Relationship": "Inner", "Parallel Aware": true, "Async Capable": false, "Startup Cost": 281104.25, "Total Cost": 281104.25, "Plan Rows": 2, "Plan Width": 76, "Actual Rows": 85, "Actual Loops": 3, "Hash Buckets": 1024, "Original Hash Buckets": 1024, "Hash Batches": 1, "Original Hash Batches": 1, "Peak Memory Usage": 104, "Workers": [], "Plans": [{"Node Type": "Nested Loop", "Parent Relationship": "Outer", "Parallel Aware": false, "Async Capable": false, "Join Type": "Inner", "Startup Cost": 236557.97, "Total Cost": 281104.25, "Plan Rows": 2, "Plan Width": 76, "Actual Rows": 85, "Actual Loops": 3, "Inner Unique": true, "Workers": [], "Plans": [{"Node Type": "Hash Join", "Parent Relationship": "Outer", "Parallel Aware": true, "Async Capable": false, "Join Type": "Inner", "Startup Cost": 236557.55, "Total Cost": 281103.38, "Plan Rows": 2, "Plan Width": 80, "Actual Rows": 85, "Actual Loops": 3, "Inner Unique": false, "Hash Cond": "(mk.movie_id = t.id)", "Workers": [], "Plans": [{"Node Type": "Seq Scan", "Parent Relationship": "Outer", "Parallel Aware": true, "Async Capable": false, "Relation Name": "movie_keyword", "Alias": "mk", "Startup Cost": 0.0, "Total Cost": 39073.32, "Plan Rows": 1459332, "Plan Width": 8, "Actual Rows": 1507977, "Actual Loops": 3, "Workers": []}, {"Node Type": "Hash", "Parent Relationship": "Inner", "Parallel Aware": true, "Async Capable": false, "Startup Cost": 236557.54, "Total Cost": 236557.54, "Plan Rows": 1, "Plan Width": 72, "Actual Rows": 32, "Actual Loops": 3, "Hash Buckets": 1024, "Original Hash Buckets": 1024, "Hash Batches": 1, "Original Hash Batches": 1, "Peak Memory Usage": 104, "Workers": [], "Plans": [{"Node Type": "Nested Loop", "Parent Relationship": "Outer", "Parallel Aware": false, "Async Capable": false, "Join Type": "Inner", "Startup Cost": 206160.14, "Total Cost": 236557.54, "Plan Rows": 1, "Plan Width": 72, "Actual Rows": 32, "Actual Loops": 3, "Inner Unique": true, "Join Filter": "(t.id = mi.movie_id)", "Rows Removed by Join Filter": 0, "Workers": [], "Plans": [{"Node Type": "Nested Loop", "Parent Relationship": "Outer", "Parallel Aware": false, "Async Capable": false, "Join Type": "Inner", "Startup Cost": 206159.71, "Total Cost": 236557.0, "Plan Rows": 1, "Plan Width": 51, "Actual Rows": 32, "Actual Loops": 3, "Inner Unique": true, "Workers": [], "Plans": [{"Node Type": "Nested Loop", "Parent Relationship": "Outer", "Parallel Aware": false, "Async Capable": false, "Join Type": "Inner", "Startup Cost": 206159.58, "Total Cost": 236556.85, "Plan Rows": 1, "Plan Width": 55, "Actual Rows": 32, "Actual Loops": 3, "Inner Unique": true, "Workers": [], "Plans": [{"Node Type": "Hash Join", "Parent Relationship": "Outer", "Parallel Aware": true, "Async Capable": false, "Join Type": "Inner", "Startup Cost": 206159.16, "Total Cost": 236555.92, "Plan Rows": 2, "Plan Width": 59, "Actual Rows": 956, "Actual Loops": 3, "Inner Unique": false, "Hash Cond": "(mc.movie_id = mi.movie_id)", "Workers": [], "Plans": [{"Node Type": "Seq Scan", "Parent Relationship": "Outer", "Parallel Aware": true, "Async Capable": false, "Relation Name": "movie_companies", "Alias": "mc", "Startup Cost": 0.0, "Total Cost": 27240.55, "Plan Rows": 841655, "Plan Width": 12, "Actual Rows": 869710, "Actual Loops": 3, "Workers": []}, {"Node Type": "Hash", "Parent Relationship": "Inner", "Parallel Aware": true, "Async Capable": false, "Startup Cost": 206159.15, "Total Cost": 206159.15, "Plan Rows": 1, "Plan Width": 47, "Actual Rows": 590, "Actual Loops": 3, "Hash Buckets": 2048, "Original Hash Buckets": 1024, "Hash Batches": 1, "Original Hash Batches": 1, "Peak Memory Usage": 184, "Workers": [], "Plans": [{"Node Type": "Hash Join", "Parent Relationship": "Outer", "Parallel Aware": false, "Async Capable": false, "Join Type": "Inner", "Startup Cost": 2.43, "Total Cost": 206159.15, "Plan Rows": 1, "Plan Width": 47, "Actual Rows": 590, "Actual Loops": 3, "Inner Unique": true, "Hash Cond": "(mi.info_type_id = it1.id)", "Workers": [], "Plans": [{"Node Type": "Seq Scan", "Parent Relationship": "Outer", "Parallel Aware": true, "Async Capable": false, "Relation Name": "movie_info", "Alias": "mi", "Startup Cost": 0.0, "Total Cost": 206156.59, "Plan Rows": 50, "Plan Width": 51, "Actual Rows": 590, "Actual Loops": 3, "Filter": "(((note)::text ~~ '%internet%'::text) AND ((info)::text ~~ 'USA:% 200%'::text))", "Rows Removed by Filter": 4944650, "Workers": []}, {"Node Type": "Hash", "Parent Relationship": "Inner", "Parallel Aware": false, "Async Capable": false, "Startup Cost": 2.41, "Total Cost": 2.41, "Plan Rows": 1, "Plan Width": 4, "Actual Rows": 1, "Actual Loops": 3, "Hash Buckets": 1024, "Original Hash Buckets": 1024, "Hash Batches": 1, "Original Hash Batches": 1, "Peak Memory Usage": 9, "Workers": [], "Plans": [{"Node Type": "Seq Scan", "Parent Relationship": "Outer", "Parallel Aware": false, "Async Capable": false, "Relation Name": "info_type", "Alias": "it1", "Startup Cost": 0.0, "Total Cost": 2.41, "Plan Rows": 1, "Plan Width": 4, "Actual Rows": 1, "Actual Loops": 3, "Filter": "((info)::text = 'release dates'::text)", "Rows Removed by Filter": 112, "Workers": []}]}]}]}]}, {"Node Type": "Index Scan", "Parent Relationship": "Inner", "Parallel Aware": false, "Async Capable": false, "Scan Direction": "Forward", "Index Name": "company_name_pkey", "Relation Name": "company_name", "Alias": "cn", "Startup Cost": 0.42, "Total Cost": 0.45, "Plan Rows": 1, "Plan Width": 4, "Actual Rows": 0, "Actual Loops": 2867, "Index Cond": "(id = mc.company_id)", "Rows Removed by Index Recheck": 0, "Filter": "(((country_code)::text = '[us]'::text) AND ((name)::text = 'YouTube'::text))", "Rows Removed by Filter": 1, "Workers": []}]}, {"Node Type": "Index Only Scan", "Parent Relationship": "Inner", "Parallel Aware": false, "Async Capable": false, "Scan Direction": "Forward", "Index Name": "company_type_pkey", "Relation Name": "company_type", "Alias": "ct", "Startup Cost": 0.13, "Total Cost": 0.15, "Plan Rows": 1, "Plan Width": 4, "Actual Rows": 1, "Actual Loops": 96, "Index Cond": "(id = mc.company_type_id)", "Rows Removed by Index Recheck": 0, "Heap Fetches": 96, "Workers": []}]}, {"Node Type": "Index Scan", "Parent Relationship": "Inner", "Parallel Aware": false, "Async Capable": false, "Scan Direction": "Forward", "Index Name": "title_pkey", "Relation Name": "title", "Alias": "t", "Startup Cost": 0.43, "Total Cost": 0.52, "Plan Rows": 1, "Plan Width": 21, "Actual Rows": 1, "Actual Loops": 96, "Index Cond": "(id = mc.movie_id)", "Rows Removed by Index Recheck": 0, "Filter": "(production_year >= 1986)", "Rows Removed by Filter": 0, "Workers": []}]}]}]}, {"Node Type": "Index Only Scan", "Parent Relationship": "Inner", "Parallel Aware": false, "Async Capable": false, "Scan Direction": "Forward", "Index Name": "keyword_pkey", "Relation Name": "keyword", "Alias": "k", "Startup Cost": 0.42, "Total Cost": 0.44, "Plan Rows": 1, "Plan Width": 4, "Actual Rows": 1, "Actual Loops": 254, "Index Cond": "(id = mk.keyword_id)", "Rows Removed by Index Recheck": 0, "Heap Fetches": 0, "Workers": []}]}]}]}]}]}]}, "Planning Time": 20.419, "Triggers": [], "Execution Time": 1680.588}, {"Plan": {"Node Type": "Aggregate", "Strategy": "Plain", "Partial Mode": "Finalize", "Parallel Aware": false, "Async Capable": false, "Startup Cost": 294575.87, "Total Cost": 294575.88, "Plan Rows": 1, "Plan Width": 64, "Actual Rows": 1, "Actual Loops": 1, "Plans": [{"Node Type": "Gather", "Parent Relationship": "Outer", "Parallel Aware": false, "Async Capable": false, "Startup Cost": 294575.55, "Total Cost": 294575.86, "Plan Rows": 3, "Plan Width": 64, "Actual Rows": 4, "Actual Loops": 1, "Workers Planned": 3, "Workers Launched": 3, "Single Copy": false, "Plans": [{"Node Type": "Aggregate", "Strategy": "Plain", "Partial Mode": "Partial", "Parent Relationship": "Outer", "Parallel Aware": false, "Async Capable": false, "Startup Cost": 293575.55, "Total Cost": 293575.56, "Plan Rows": 1, "Plan Width": 64, "Actual Rows": 1, "Actual Loops": 4, "Workers": [], "Plans": [{"Node Type": "Hash Join", "Parent Relationship": "Outer", "Parallel Aware": true, "Async Capable": false, "Join Type": "Inner", "Startup Cost": 264125.25, "Total Cost": 293575.52, "Plan Rows": 6, "Plan Width": 60, "Actual Rows": 18, "Actual Loops": 4, "Inner Unique": false, "Hash Cond": "(mc.movie_id = t.id)", "Workers": [], "Plans": [{"Node Type": "Nested Loop", "Parent Relationship": "Outer", "Parallel Aware": false, "Async Capable": false, "Join Type": "Inner", "Startup Cost": 5113.66, "Total Cost": 34563.9, "Plan Rows": 4, "Plan Width": 4, "Actual Rows": 364, "Actual Loops": 4, "Inner Unique": true, "Workers": [], "Plans": [{"Node Type": "Hash Join", "Parent Relationship": "Outer", "Parallel Aware": true, "Async Capable": false, "Join Type": "Inner", "Startup Cost": 5113.52, "Total Cost": 34563.45, "Plan Rows": 4, "Plan Width": 8, "Actual Rows": 364, "Actual Loops": 4, "Inner Unique": true, "Hash Cond": "(mc.company_id = cn.id)", "Workers": [], "Plans": [{"Node Type": "Seq Scan", "Parent Relationship": "Outer", "Parallel Aware": true, "Async Capable": false, "Relation Name": "movie_companies", "Alias": "mc", "Startup Cost": 0.0, "Total Cost": 27240.55, "Plan Rows": 841655, "Plan Width": 12, "Actual Rows": 652282, "Actual Loops": 4, "Workers": []}, {"Node Type": "Hash", "Parent Relationship": "Inner", "Parallel Aware": true, "Async Capable": false, "Startup Cost": 5113.5, "Total Cost": 5113.5, "Plan Rows": 1, "Plan Width": 4, "Actual Rows": 0, "Actual Loops": 4, "Hash Buckets": 1024, "Original Hash Buckets": 1024, "Hash Batches": 1, "Original Hash Batches": 1, "Peak Memory Usage": 40, "Workers": [], "Plans": [{"Node Type": "Seq Scan", "Parent Relationship": "Outer", "Parallel Aware": true, "Async Capable": false, "Relation Name": "company_name", "Alias": "cn", "Startup Cost": 0.0, "Total Cost": 5113.5, "Plan Rows": 1, "Plan Width": 4, "Actual Rows": 0, "Actual Loops": 4, "Filter": "(((country_code)::text = '[us]'::text) AND ((name)::text = 'YouTube'::text))", "Rows Removed by Filter": 58749, "Workers": []}]}]}, {"Node Type": "Memoize", "Parent Relationship": "Inner", "Parallel Aware": false, "Async Capable": false, "Startup Cost": 0.14, "Total Cost": 0.16, "Plan Rows": 1, "Plan Width": 4, "Actual Rows": 1, "Actual Loops": 1458, "Cache Key": "mc.company_type_id", "Cache Mode": "logical", "Cache Hits": 370, "Cache Misses": 2, "Cache Evictions": 0, "Cache Overflows": 0, "Peak Memory Usage": 1, "Workers": [{"Worker Number": 0, "Cache Hits": 320, "Cache Misses": 2, "Cache Evictions": 0, "Cache Overflows": 0, "Peak Memory Usage": 1}, {"Worker Number": 1, "Cache Hits": 304, "Cache Misses": 2, "Cache Evictions": 0, "Cache Overflows": 0, "Peak Memory Usage": 1}, {"Worker Number": 2, "Cache Hits": 456, "Cache Misses": 2, "Cache Evictions": 0, "Cache Overflows": 0, "Peak Memory Usage": 1}], "Plans": [{"Node Type": "Index Only Scan", "Parent Relationship": "Outer", "Parallel Aware": false, "Async Capable": false, "Scan Direction": "Forward", "Index Name": "company_type_pkey", "Relation Name": "company_type", "Alias": "ct", "Startup Cost": 0.13, "Total Cost": 0.15, "Plan Rows": 1, "Plan Width": 4, "Actual Rows": 1, "Actual Loops": 8, "Index Cond": "(id = mc.company_type_id)", "Rows Removed by Index Recheck": 0, "Heap Fetches": 8, "Workers": []}]}]}, {"Node Type": "Hash", "Parent Relationship": "Inner", "Parallel Aware": true, "Async Capable": false, "Startup Cost": 259011.52, "Total Cost": 259011.52, "Plan Rows": 6, "Plan Width": 76, "Actual Rows": 281, "Actual Loops": 4, "Hash Buckets": 1024, "Original Hash Buckets": 1024, "Hash Batches": 1, "Original Hash Batches": 1, "Peak Memory Usage": 168, "Workers": [], "Plans": [{"Node Type": "Nested Loop", "Parent Relationship": "Outer", "Parallel Aware": false, "Async Capable": false, "Join Type": "Inner", "Startup Cost": 214463.49, "Total Cost": 259011.52, "Plan Rows": 6, "Plan Width": 76, "Actual Rows": 281, "Actual Loops": 4, "Inner Unique": true, "Workers": [], "Plans": [{"Node Type": "Hash Join", "Parent Relationship": "Outer", "Parallel Aware": true, "Async Capable": false, "Join Type": "Inner", "Startup Cost": 214463.07, "Total Cost": 259008.89, "Plan Rows": 6, "Plan Width": 80, "Actual Rows": 281, "Actual Loops": 4, "Inner Unique": false, "Hash Cond": "(mk.movie_id = t.id)", "Workers": [], "Plans": [{"Node Type": "Seq Scan", "Parent Relationship": "Outer", "Parallel Aware": true, "Async Capable": false, "Relation Name": "movie_keyword", "Alias": "mk", "Startup Cost": 0.0, "Total Cost": 39073.32, "Plan Rows": 1459332, "Plan Width": 8, "Actual Rows": 1130982, "Actual Loops": 4, "Workers": []}, {"Node Type": "Hash", "Parent Relationship": "Inner", "Parallel Aware": true, "Async Capable": false, "Startup Cost": 214463.05, "Total Cost": 214463.05, "Plan Rows": 1, "Plan Width": 72, "Actual Rows": 29, "Actual Loops": 4, "Hash Buckets": 1024, "Original Hash Buckets": 1024, "Hash Batches": 1, "Original Hash Batches": 1, "Peak Memory Usage": 136, "Workers": [], "Plans": [{"Node Type": "Nested Loop", "Parent Relationship": "Outer", "Parallel Aware": false, "Async Capable": false, "Join Type": "Inner", "Startup Cost": 206159.59, "Total Cost": 214463.05, "Plan Rows": 1, "Plan Width": 72, "Actual Rows": 29, "Actual Loops": 4, "Inner Unique": true, "Workers": [], "Plans": [{"Node Type": "Hash Join", "Parent Relationship": "Outer", "Parallel Aware": true, "Async Capable": false, "Join Type": "Inner", "Startup Cost": 206159.16, "Total Cost": 214462.1, "Plan Rows": 1, "Plan Width": 51, "Actual Rows": 29, "Actual Loops": 4, "Inner Unique": false, "Hash Cond": "(at.movie_id = mi.movie_id)", "Workers": [], "Plans": [{"Node Type": "Seq Scan", "Parent Relationship": "Outer", "Parallel Aware": true, "Async Capable": false, "Relation Name": "aka_title", "Alias": "at", "Startup Cost": 0.0, "Total Cost": 7738.13, "Plan Rows": 150613, "Plan Width": 4, "Actual Rows": 90368, "Actual Loops": 4, "Workers": []}, {"Node Type": "Hash", "Parent Relationship": "Inner", "Parallel Aware": true, "Async Capable": false, "Startup Cost": 206159.15, "Total Cost": 206159.15, "Plan Rows": 1, "Plan Width": 47, "Actual Rows": 443, "Actual Loops": 4, "Hash Buckets": 1024, "Original Hash Buckets": 1024, "Hash Batches": 1, "Original Hash Batches": 1, "Peak Memory Usage": 136, "Workers": [], "Plans": [{"Node Type": "Hash Join", "Parent Relationship": "Outer", "Parallel Aware": false, "Async Capable": false, "Join Type": "Inner", "Startup Cost": 2.43, "Total Cost": 206159.15, "Plan Rows": 1, "Plan Width": 47, "Actual Rows": 443, "Actual Loops": 4, "Inner Unique": true, "Hash Cond": "(mi.info_type_id = it1.id)", "Workers": [], "Plans": [{"Node Type": "Seq Scan", "Parent Relationship": "Outer", "Parallel Aware": true, "Async Capable": false, "Relation Name": "movie_info", "Alias": "mi", "Startup Cost": 0.0, "Total Cost": 206156.59, "Plan Rows": 50, "Plan Width": 51, "Actual Rows": 443, "Actual Loops": 4, "Filter": "(((note)::text ~~ '%internet%'::text) AND ((info)::text ~~ 'USA:% 200%'::text))", "Rows Removed by Filter": 3708487, "Workers": []}, {"Node Type": "Hash", "Parent Relationship": "Inner", "Parallel Aware": false, "Async Capable": false, "Startup Cost": 2.41, "Total Cost": 2.41, "Plan Rows": 1, "Plan Width": 4, "Actual Rows": 1, "Actual Loops": 4, "Hash Buckets": 1024, "Original Hash Buckets": 1024, "Hash Batches": 1, "Original Hash Batches": 1, "Peak Memory Usage": 9, "Workers": [], "Plans": [{"Node Type": "Seq Scan", "Parent Relationship": "Outer", "Parallel Aware": false, "Async Capable": false, "Relation Name": "info_type", "Alias": "it1", "Startup Cost": 0.0, "Total Cost": 2.41, "Plan Rows": 1, "Plan Width": 4, "Actual Rows": 1, "Actual Loops": 4, "Filter": "((info)::text = 'release dates'::text)", "Rows Removed by Filter": 112, "Workers": []}]}]}]}]}, {"Node Type": "Index Scan", "Parent Relationship": "Inner", "Parallel Aware": false, "Async Capable": false, "Scan Direction": "Forward", "Index Name": "title_pkey", "Relation Name": "title", "Alias": "t", "Startup Cost": 0.43, "Total Cost": 0.95, "Plan Rows": 1, "Plan Width": 21, "Actual Rows": 1, "Actual Loops": 116, "Index Cond": "(id = at.movie_id)", "Rows Removed by Index Recheck": 0, "Filter": "(production_year >= 1986)", "Rows Removed by Filter": 0, "Workers": []}]}]}]}, {"Node Type": "Index Only Scan", "Parent Relationship": "Inner", "Parallel Aware": false, "Async Capable": false, "Scan Direction": "Forward", "Index Name": "keyword_pkey", "Relation Name": "keyword", "Alias": "k", "Startup Cost": 0.42, "Total Cost": 0.44, "Plan Rows": 1, "Plan Width": 4, "Actual Rows": 1, "Actual Loops": 1124, "Index Cond": "(id = mk.keyword_id)", "Rows Removed by Index Recheck": 0, "Heap Fetches": 0, "Workers": []}]}]}]}]}]}]}, "Planning Time": 14.995, "Triggers": [], "Execution Time": 904.08}, {"Plan": {"Node Type": "Aggregate", "Strategy": "Plain", "Partial Mode": "Finalize", "Parallel Aware": false, "Async Capable": false, "Startup Cost": 295533.97, "Total Cost": 295533.98, "Plan Rows": 1, "Plan Width": 64, "Actual Rows": 1, "Actual Loops": 1, "Plans": [{"Node Type": "Gather", "Parent Relationship": "Outer", "Parallel Aware": false, "Async Capable": false, "Startup Cost": 295533.85, "Total Cost": 295533.96, "Plan Rows": 1, "Plan Width": 64, "Actual Rows": 2, "Actual Loops": 1, "Workers Planned": 1, "Workers Launched": 1, "Single Copy": false, "Plans": [{"Node Type": "Aggregate", "Strategy": "Plain", "Partial Mode": "Partial", "Parent Relationship": "Outer", "Parallel Aware": false, "Async Capable": false, "Startup Cost": 294533.85, "Total Cost": 294533.86, "Plan Rows": 1, "Plan Width": 64, "Actual Rows": 1, "Actual Loops": 2, "Workers": [], "Plans": [{"Node Type": "Hash Join", "Parent Relationship": "Outer", "Parallel Aware": true, "Async Capable": false, "Join Type": "Inner", "Startup Cost": 289420.24, "Total Cost": 294533.79, "Plan Rows": 12, "Plan Width": 60, "Actual Rows": 36, "Actual Loops": 2, "Inner Unique": false, "Hash Cond": "(cn.id = mc.company_id)", "Workers": [], "Plans": [{"Node Type": "Seq Scan", "Parent Relationship": "Outer", "Parallel Aware": true, "Async Capable": false, "Relation Name": "company_name", "Alias": "cn", "Startup Cost": 0.0, "Total Cost": 5113.5, "Plan Rows": 1, "Plan Width": 4, "Actual Rows": 0, "Actual Loops": 2, "Filter": "(((country_code)::text = '[us]'::text) AND ((name)::text = 'YouTube'::text))", "Rows Removed by Filter": 117498, "Workers": []}, {"Node Type": "Hash", "Parent Relationship": "Inner", "Parallel Aware": true, "Async Capable": false, "Startup Cost": 289419.84, "Total Cost": 289419.84, "Plan Rows": 32, "Plan Width": 64, "Actual Rows": 1540, "Actual Loops": 2, "Hash Buckets": 4096, "Original Hash Buckets": 1024, "Hash Batches": 1, "Original Hash Batches": 1, "Peak Memory Usage": 312, "Workers": [], "Plans": [{"Node Type": "Nested Loop", "Parent Relationship": "Outer", "Parallel Aware": false, "Async Capable": false, "Join Type": "Inner", "Startup Cost": 244860.41, "Total Cost": 289419.84, "Plan Rows": 32, "Plan Width": 64, "Actual Rows": 1540, "Actual Loops": 2, "Inner Unique": true, "Workers": [], "Plans": [{"Node Type": "Hash Join", "Parent Relationship": "Outer", "Parallel Aware": true, "Async Capable": false, "Join Type": "Inner", "Startup Cost": 244859.99, "Total Cost": 289405.82, "Plan Rows": 32, "Plan Width": 68, "Actual Rows": 1540, "Actual Loops": 2, "Inner Unique": false, "Hash Cond": "(mk.movie_id = t.id)", "Workers": [], "Plans": [{"Node Type": "Seq Scan", "Parent Relationship": "Outer", "Parallel Aware": true, "Async Capable": false, "Relation Name": "movie_keyword", "Alias": "mk", "Startup Cost": 0.0, "Total Cost": 39073.32, "Plan Rows": 1459332, "Plan Width": 8, "Actual Rows": 2261965, "Actual Loops": 2, "Workers": []}, {"Node Type": "Hash", "Parent Relationship": "Inner", "Parallel Aware": true, "Async Capable": false, "Startup Cost": 244859.98, "Total Cost": 244859.98, "Plan Rows": 1, "Plan Width": 80, "Actual Rows": 195, "Actual Loops": 2, "Hash Buckets": 1024, "Original Hash Buckets": 1024, "Hash Batches": 1, "Original Hash Batches": 1, "Peak Memory Usage": 72, "Workers": [], "Plans": [{"Node Type": "Nested Loop", "Parent Relationship": "Outer", "Parallel Aware": false, "Async Capable": false, "Join Type": "Inner", "Startup Cost": 214463.2, "Total Cost": 244859.98, "Plan Rows": 1, "Plan Width": 80, "Actual Rows": 195, "Actual Loops": 2, "Inner Unique": true, "Workers": [], "Plans": [{"Node Type": "Hash Join", "Parent Relationship": "Outer", "Parallel Aware": true, "Async Capable": false, "Join Type": "Inner", "Startup Cost": 214463.07, "Total Cost": 244859.83, "Plan Rows": 1, "Plan Width": 84, "Actual Rows": 195, "Actual Loops": 2, "Inner Unique": false, "Hash Cond": "(mc.movie_id = t.id)", "Workers": [], "Plans": [{"Node Type": "Seq Scan", "Parent Relationship": "Outer", "Parallel Aware": true, "Async Capable": false, "Relation Name": "movie_companies", "Alias": "mc", "Startup Cost": 0.0, "Total Cost": 27240.55, "Plan Rows": 841655, "Plan Width": 12, "Actual Rows": 1304564, "Actual Loops": 2, "Workers": []}, {"Node Type": "Hash", "Parent Relationship": "Inner", "Parallel Aware": true, "Async Capable": false, "Startup Cost": 214463.05, "Total Cost": 214463.05, "Plan Rows": 1, "Plan Width": 72, "Actual Rows": 58, "Actual Loops": 2, "Hash Buckets": 1024, "Original Hash Buckets": 1024, "Hash Batches": 1, "Original Hash Batches": 1, "Peak Memory Usage": 72, "Workers": [], "Plans": [{"Node Type": "Nested Loop", "Parent Relationship": "Outer", "Parallel Aware": false, "Async Capable": false, "Join Type": "Inner", "Startup Cost": 206159.59, "Total Cost": 214463.05, "Plan Rows": 1, "Plan Width": 72, "Actual Rows": 58, "Actual Loops": 2, "Inner Unique": true, "Workers": [], "Plans": [{"Node Type": "Hash Join", "Parent Relationship": "Outer", "Parallel Aware": true, "Async Capable": false, "Join Type": "Inner", "Startup Cost": 206159.16, "Total Cost": 214462.1, "Plan Rows": 1, "Plan Width": 51, "Actual Rows": 58, "Actual Loops": 2, "Inner Unique": false, "Hash Cond": "(at.movie_id = mi.movie_id)", "Workers": [], "Plans": [{"Node Type": "Seq Scan", "Parent Relationship": "Outer", "Parallel Aware": true, "Async Capable": false, "Relation Name": "aka_title", "Alias": "at", "Startup Cost": 0.0, "Total Cost": 7738.13, "Plan Rows": 150613, "Plan Width": 4, "Actual Rows": 180736, "Actual Loops": 2, "Workers": []}, {"Node Type": "Hash", "Parent Relationship": "Inner", "Parallel Aware": true, "Async Capable": false, "Startup Cost": 206159.15, "Total Cost": 206159.15, "Plan Rows": 1, "Plan Width": 47, "Actual Rows": 886, "Actual Loops": 2, "Hash Buckets": 2048, "Original Hash Buckets": 1024, "Hash Batches": 1, "Original Hash Batches": 1, "Peak Memory Usage": 184, "Workers": [], "Plans": [{"Node Type": "Hash Join", "Parent Relationship": "Outer", "Parallel Aware": false, "Async Capable": false, "Join Type": "Inner", "Startup Cost": 2.43, "Total Cost": 206159.15, "Plan Rows": 1, "Plan Width": 47, "Actual Rows": 886, "Actual Loops": 2, "Inner Unique": true, "Hash Cond": "(mi.info_type_id = it1.id)", "Workers": [], "Plans": [{"Node Type": "Seq Scan", "Parent Relationship": "Outer", "Parallel Aware": true, "Async Capable": false, "Relation Name": "movie_info", "Alias": "mi", "Startup Cost": 0.0, "Total Cost": 206156.59, "Plan Rows": 50, "Plan Width": 51, "Actual Rows": 886, "Actual Loops": 2, "Filter": "(((note)::text ~~ '%internet%'::text) AND ((info)::text ~~ 'USA:% 200%'::text))", "Rows Removed by Filter": 7416974, "Workers": []}, {"Node Type": "Hash", "Parent Relationship": "Inner", "Parallel Aware": false, "Async Capable": false, "Startup Cost": 2.41, "Total Cost": 2.41, "Plan Rows": 1, "Plan Width": 4, "Actual Rows": 1, "Actual Loops": 2, "Hash Buckets": 1024, "Original Hash Buckets": 1024, "Hash Batches": 1, "Original Hash Batches": 1, "Peak Memory Usage": 9, "Workers": [], "Plans": [{"Node Type": "Seq Scan", "Parent Relationship": "Outer", "Parallel Aware": false, "Async Capable": false, "Relation Name": "info_type", "Alias": "it1", "Startup Cost": 0.0, "Total Cost": 2.41, "Plan Rows": 1, "Plan Width": 4, "Actual Rows": 1, "Actual Loops": 2, "Filter": "((info)::text = 'release dates'::text)", "Rows Removed by Filter": 112, "Workers": []}]}]}]}]}, {"Node Type": "Index Scan", "Parent Relationship": "Inner", "Parallel Aware": false, "Async Capable": false, "Scan Direction": "Forward", "Index Name": "title_pkey", "Relation Name": "title", "Alias": "t", "Startup Cost": 0.43, "Total Cost": 0.95, "Plan Rows": 1, "Plan Width": 21, "Actual Rows": 1, "Actual Loops": 116, "Index Cond": "(id = at.movie_id)", "Rows Removed by Index Recheck": 0, "Filter": "(production_year >= 1986)", "Rows Removed by Filter": 0, "Workers": []}]}]}]}, {"Node Type": "Index Only Scan", "Parent Relationship": "Inner", "Parallel Aware": false, "Async Capable": false, "Scan Direction": "Forward", "Index Name": "company_type_pkey", "Relation Name": "company_type", "Alias": "ct", "Startup Cost": 0.13, "Total Cost": 0.15, "Plan Rows": 1, "Plan Width": 4, "Actual Rows": 1, "Actual Loops": 390, "Index Cond": "(id = mc.company_type_id)", "Rows Removed by Index Recheck": 0, "Heap Fetches": 390, "Workers": []}]}]}]}, {"Node Type": "Index Only Scan", "Parent Relationship": "Inner", "Parallel Aware": false, "Async Capable": false, "Scan Direction": "Forward", "Index Name": "keyword_pkey", "Relation Name": "keyword", "Alias": "k", "Startup Cost": 0.42, "Total Cost": 0.44, "Plan Rows": 1, "Plan Width": 4, "Actual Rows": 1, "Actual Loops": 3079, "Index Cond": "(id = mk.keyword_id)", "Rows Removed by Index Recheck": 0, "Heap Fetches": 0, "Workers": []}]}]}]}]}]}]}, "Planning Time": 15.119, "Triggers": [], "Execution Time": 2248.722}, {"Plan": {"Node Type": "Aggregate", "Strategy": "Plain", "Partial Mode": "Finalize", "Parallel Aware": false, "Async Capable": false, "Startup Cost": 341330.1, "Total Cost": 341330.11, "Plan Rows": 1, "Plan Width": 64, "Actual Rows": 1, "Actual Loops": 1, "Plans": [{"Node Type": "Gather", "Parent Relationship": "Outer", "Parallel Aware": false, "Async Capable": false, "Startup Cost": 341329.77, "Total Cost": 341330.08, "Plan Rows": 3, "Plan Width": 64, "Actual Rows": 4, "Actual Loops": 1, "Workers Planned": 3, "Workers Launched": 3, "Single Copy": false, "Plans": [{"Node Type": "Aggregate", "Strategy": "Plain", "Partial Mode": "Partial", "Parent Relationship": "Outer", "Parallel Aware": false, "Async Capable": false, "Startup Cost": 340329.77, "Total Cost": 340329.78, "Plan Rows": 1, "Plan Width": 64, "Actual Rows": 1, "Actual Loops": 4, "Workers": [], "Plans": [{"Node Type": "Hash Join", "Parent Relationship": "Outer", "Parallel Aware": true, "Async Capable": false, "Join Type": "Inner", "Startup Cost": 295783.43, "Total Cost": 340329.74, "Plan Rows": 6, "Plan Width": 60, "Actual Rows": 18, "Actual Loops": 4, "Inner Unique": false, "Hash Cond": "(mi.movie_id = t.id)", "Workers": [], "Plans": [{"Node Type": "Nested Loop", "Parent Relationship": "Outer", "Parallel Aware": false, "Async Capable": false, "Join Type": "Inner", "Startup Cost": 236557.44, "Total Cost": 281103.73, "Plan Rows": 2, "Plan Width": 55, "Actual Rows": 64, "Actual Loops": 4, "Inner Unique": true, "Workers": [], "Plans": [{"Node Type": "Hash Join", "Parent Relationship": "Outer", "Parallel Aware": true, "Async Capable": false, "Join Type": "Inner", "Startup Cost": 236557.02, "Total Cost": 281102.85, "Plan Rows": 2, "Plan Width": 59, "Actual Rows": 64, "Actual Loops": 4, "Inner Unique": false, "Hash Cond": "(mk.movie_id = mi.movie_id)", "Workers": [], "Plans": [{"Node Type": "Seq Scan", "Parent Relationship": "Outer", "Parallel Aware": true, "Async Capable": false, "Relation Name": "movie_keyword", "Alias": "mk", "Startup Cost": 0.0, "Total Cost": 39073.32, "Plan Rows": 1459332, "Plan Width": 8, "Actual Rows": 1130982, "Actual Loops": 4, "Workers": []}, {"Node Type": "Hash", "Parent Relationship": "Inner", "Parallel Aware": true, "Async Capable": false, "Startup Cost": 236557.0, "Total Cost": 236557.0, "Plan Rows": 1, "Plan Width": 51, "Actual Rows": 24, "Actual Loops": 4, "Hash Buckets": 1024, "Original Hash Buckets": 1024, "Hash Batches": 1, "Original Hash Batches": 1, "Peak Memory Usage": 136, "Workers": [], "Plans": [{"Node Type": "Nested Loop", "Parent Relationship": "Outer", "Parallel Aware": false, "Async Capable": false, "Join Type": "Inner", "Startup Cost": 206159.71, "Total Cost": 236557.0, "Plan Rows": 1, "Plan Width": 51, "Actual Rows": 24, "Actual Loops": 4, "Inner Unique": true, "Workers": [], "Plans": [{"Node Type": "Nested Loop", "Parent Relationship": "Outer", "Parallel Aware": false, "Async Capable": false, "Join Type": "Inner", "Startup Cost": 206159.58, "Total Cost": 236556.85, "Plan Rows": 1, "Plan Width": 55, "Actual Rows": 24, "Actual Loops": 4, "Inner Unique": true, "Workers": [], "Plans": [{"Node Type": "Hash Join", "Parent Relationship": "Outer", "Parallel Aware": true, "Async Capable": false, "Join Type": "Inner", "Startup Cost": 206159.16, "Total Cost": 236555.92, "Plan Rows": 2, "Plan Width": 59, "Actual Rows": 717, "Actual Loops": 4, "Inner Unique": false, "Hash Cond": "(mc.movie_id = mi.movie_id)", "Workers": [], "Plans": [{"Node Type": "Seq Scan", "Parent Relationship": "Outer", "Parallel Aware": true, "Async Capable": false, "Relation Name": "movie_companies", "Alias": "mc", "Startup Cost": 0.0, "Total Cost": 27240.55, "Plan Rows": 841655, "Plan Width": 12, "Actual Rows": 652282, "Actual Loops": 4, "Workers": []}, {"Node Type": "Hash", "Parent Relationship": "Inner", "Parallel Aware": true, "Async Capable": false, "Startup Cost": 206159.15, "Total Cost": 206159.15, "Plan Rows": 1, "Plan Width": 47, "Actual Rows": 443, "Actual Loops": 4, "Hash Buckets": 1024, "Original Hash Buckets": 1024, "Hash Batches": 1, "Original Hash Batches": 1, "Peak Memory Usage": 136, "Workers": [], "Plans": [{"Node Type": "Hash Join", "Parent Relationship": "Outer", "Parallel Aware": false, "Async Capable": false, "Join Type": "Inner", "Startup Cost": 2.43, "Total Cost": 206159.15, "Plan Rows": 1, "Plan Width": 47, "Actual Rows": 443, "Actual Loops": 4, "Inner Unique": true, "Hash Cond": "(mi.info_type_id = it1.id)", "Workers": [], "Plans": [{"Node Type": "Seq Scan", "Parent Relationship": "Outer", "Parallel Aware": true, "Async Capable": false, "Relation Name": "movie_info", "Alias": "mi", "Startup Cost": 0.0, "Total Cost": 206156.59, "Plan Rows": 50, "Plan Width": 51, "Actual Rows": 443, "Actual Loops": 4, "Filter": "(((note)::text ~~ '%internet%'::text) AND ((info)::text ~~ 'USA:% 200%'::text))", "Rows Removed by Filter": 3708487, "Workers": []}, {"Node Type": "Hash", "Parent Relationship": "Inner", "Parallel Aware": false, "Async Capable": false, "Startup Cost": 2.41, "Total Cost": 2.41, "Plan Rows": 1, "Plan Width": 4, "Actual Rows": 1, "Actual Loops": 4, "Hash Buckets": 1024, "Original Hash Buckets": 1024, "Hash Batches": 1, "Original Hash Batches": 1, "Peak Memory Usage": 9, "Workers": [], "Plans": [{"Node Type": "Seq Scan", "Parent Relationship": "Outer", "Parallel Aware": false, "Async Capable": false, "Relation Name": "info_type", "Alias": "it1", "Startup Cost": 0.0, "Total Cost": 2.41, "Plan Rows": 1, "Plan Width": 4, "Actual Rows": 1, "Actual Loops": 4, "Filter": "((info)::text = 'release dates'::text)", "Rows Removed by Filter": 112, "Workers": []}]}]}]}]}, {"Node Type": "Index Scan", "Parent Relationship": "Inner", "Parallel Aware": false, "Async Capable": false, "Scan Direction": "Forward", "Index Name": "company_name_pkey", "Relation Name": "company_name", "Alias": "cn", "Startup Cost": 0.42, "Total Cost": 0.45, "Plan Rows": 1, "Plan Width": 4, "Actual Rows": 0, "Actual Loops": 2867, "Index Cond": "(id = mc.company_id)", "Rows Removed by Index Recheck": 0, "Filter": "(((country_code)::text = '[us]'::text) AND ((name)::text = 'YouTube'::text))", "Rows Removed by Filter": 1, "Workers": []}]}, {"Node Type": "Index Only Scan", "Parent Relationship": "Inner", "Parallel Aware": false, "Async Capable": false, "Scan Direction": "Forward", "Index Name": "company_type_pkey", "Relation Name": "company_type", "Alias": "ct", "Startup Cost": 0.13, "Total Cost": 0.15, "Plan Rows": 1, "Plan Width": 4, "Actual Rows": 1, "Actual Loops": 96, "Index Cond": "(id = mc.company_type_id)", "Rows Removed by Index Recheck": 0, "Heap Fetches": 96, "Workers": []}]}]}]}, {"Node Type": "Index Only Scan", "Parent Relationship": "Inner", "Parallel Aware": false, "Async Capable": false, "Scan Direction": "Forward", "Index Name": "keyword_pkey", "Relation Name": "keyword", "Alias": "k", "Startup Cost": 0.42, "Total Cost": 0.44, "Plan Rows": 1, "Plan Width": 4, "Actual Rows": 1, "Actual Loops": 254, "Index Cond": "(id = mk.keyword_id)", "Rows Removed by Index Recheck": 0, "Heap Fetches": 0, "Workers": []}]}, {"Node Type": "Hash", "Parent Relationship": "Inner", "Parallel Aware": true, "Async Capable": false, "Startup Cost": 57843.67, "Total Cost": 57843.67, "Plan Rows": 110586, "Plan Width": 25, "Actual Rows": 41415, "Actual Loops": 4, "Hash Buckets": 524288, "Original Hash Buckets": 524288, "Hash Batches": 1, "Original Hash Batches": 1, "Peak Memory Usage": 14368, "Workers": [], "Plans": [{"Node Type": "Hash Join", "Parent Relationship": "Outer", "Parallel Aware": true, "Async Capable": false, "Join Type": "Inner", "Startup Cost": 49710.18, "Total Cost": 57843.67, "Plan Rows": 110586, "Plan Width": 25, "Actual Rows": 41415, "Actual Loops": 4, "Inner Unique": true, "Hash Cond": "(at.movie_id = t.id)", "Workers": [], "Plans": [{"Node Type": "Seq Scan", "Parent Relationship": "Outer", "Parallel Aware": true, "Async Capable": false, "Relation Name": "aka_title", "Alias": "at", "Startup Cost": 0.0, "Total Cost": 7738.13, "Plan Rows": 150613, "Plan Width": 4, "Actual Rows": 90368, "Actual Loops": 4, "Workers": []}, {"Node Type": "Hash", "Parent Relationship": "Inner", "Parallel Aware": true, "Async Capable": false, "Startup Cost": 43908.97, "Total Cost": 43908.97, "Plan Rows": 464096, "Plan Width": 21, "Actual Rows": 463202, "Actual Loops": 4, "Hash Buckets": 2097152, "Original Hash Buckets": 2097152, "Hash Batches": 1, "Original Hash Batches": 1, "Peak Memory Usage": 120224, "Workers": [], "Plans": [{"Node Type": "Seq Scan", "Parent Relationship": "Outer", "Parallel Aware": true, "Async Capable": false, "Relation Name": "title", "Alias": "t", "Startup Cost": 0.0, "Total Cost": 43908.97, "Plan Rows": 464096, "Plan Width": 21, "Actual Rows": 463202, "Actual Loops": 4, "Filter": "(production_year >= 1986)", "Rows Removed by Filter": 168876, "Workers": []}]}]}]}]}]}]}]}, "Planning Time": 10.186, "Triggers": [], "Execution Time": 1774.779}, {"Plan": {"Node Type": "Aggregate", "Strategy": "Plain", "Partial Mode": "Finalize", "Parallel Aware": false, "Async Capable": false, "Startup Cost": 358479.6, "Total Cost": 358479.61, "Plan Rows": 1, "Plan Width": 64, "Actual Rows": 1, "Actual Loops": 1, "Plans": [{"Node Type": "Gather", "Parent Relationship": "Outer", "Parallel Aware": false, "Async Capable": false, "Startup Cost": 358479.27, "Total Cost": 358479.58, "Plan Rows": 3, "Plan Width": 64, "Actual Rows": 4, "Actual Loops": 1, "Workers Planned": 3, "Workers Launched": 3, "Single Copy": false, "Plans": [{"Node Type": "Aggregate", "Strategy": "Plain", "Partial Mode": "Partial", "Parent Relationship": "Outer", "Parallel Aware": false, "Async Capable": false, "Startup Cost": 357479.27, "Total Cost": 357479.28, "Plan Rows": 1, "Plan Width": 64, "Actual Rows": 1, "Actual Loops": 4, "Workers": [], "Plans": [{"Node Type": "Hash Join", "Parent Relationship": "Outer", "Parallel Aware": true, "Async Capable": false, "Join Type": "Inner", "Startup Cost": 299789.02, "Total Cost": 357479.24, "Plan Rows": 6, "Plan Width": 60, "Actual Rows": 18, "Actual Loops": 4, "Inner Unique": false, "Hash Cond": "(t.id = mi.movie_id)", "Workers": [], "Plans": [{"Node Type": "Hash Join", "Parent Relationship": "Outer", "Parallel Aware": true, "Async Capable": false, "Join Type": "Inner", "Startup Cost": 63232.01, "Total Cost": 112246.99, "Plan Rows": 2313392, "Plan Width": 29, "Actual Rows": 874762, "Actual Loops": 4, "Inner Unique": false, "Hash Cond": "(mk.movie_id = t.id)", "Workers": [], "Plans": [{"Node Type": "Hash Join", "Parent Relationship": "Outer", "Parallel Aware": true, "Async Capable": false, "Join Type": "Inner", "Startup Cost": 4006.02, "Total Cost": 46910.21, "Plan Rows": 1459332, "Plan Width": 4, "Actual Rows": 1130982, "Actual Loops": 4, "Inner Unique": true, "Hash Cond": "(mk.keyword_id = k.id)", "Workers": [], "Plans": [{"Node Type": "Seq Scan", "Parent Relationship": "Outer", "Parallel Aware": true, "Async Capable": false, "Relation Name": "movie_keyword", "Alias": "mk", "Startup Cost": 0.0, "Total Cost": 39073.32, "Plan Rows": 1459332, "Plan Width": 8, "Actual Rows": 1130982, "Actual Loops": 4, "Workers": []}, {"Node Type": "Hash", "Parent Relationship": "Inner", "Parallel Aware": true, "Async Capable": false, "Startup Cost": 3307.22, "Total Cost": 3307.22, "Plan Rows": 55904, "Plan Width": 4, "Actual Rows": 33542, "Actual Loops": 4, "Hash Buckets": 262144, "Original Hash Buckets": 262144, "Hash Batches": 1, "Original Hash Batches": 1, "Peak Memory Usage": 7360, "Workers": [], "Plans": [{"Node Type": "Index Only Scan", "Parent Relationship": "Outer", "Parallel Aware": true, "Async Capable": false, "Scan Direction": "Forward", "Index Name": "keyword_pkey", "Relation Name": "keyword", "Alias": "k", "Startup Cost": 0.42, "Total Cost": 3307.22, "Plan Rows": 55904, "Plan Width": 4, "Actual Rows": 33542, "Actual Loops": 4, "Heap Fetches": 0, "Workers": []}]}]}, {"Node Type": "Hash", "Parent Relationship": "Inner", "Parallel Aware": true, "Async Capable": false, "Startup Cost": 57843.67, "Total Cost": 57843.67, "Plan Rows": 110586, "Plan Width": 25, "Actual Rows": 41415, "Actual Loops": 4, "Hash Buckets": 524288, "Original Hash Buckets": 524288, "Hash Batches": 1, "Original Hash Batches": 1, "Peak Memory Usage": 14336, "Workers": [], "Plans": [{"Node Type": "Hash Join", "Parent Relationship": "Outer", "Parallel Aware": true, "Async Capable": false, "Join Type": "Inner", "Startup Cost": 49710.18, "Total Cost": 57843.67, "Plan Rows": 110586, "Plan Width": 25, "Actual Rows": 41415, "Actual Loops": 4, "Inner Unique": true, "Hash Cond": "(at.movie_id = t.id)", "Workers": [], "Plans": [{"Node Type": "Seq Scan", "Parent Relationship": "Outer", "Parallel Aware": true, "Async Capable": false, "Relation Name": "aka_title", "Alias": "at", "Startup Cost": 0.0, "Total Cost": 7738.13, "Plan Rows": 150613, "Plan Width": 4, "Actual Rows": 90368, "Actual Loops": 4, "Workers": []}, {"Node Type": "Hash", "Parent Relationship": "Inner", "Parallel Aware": true, "Async Capable": false, "Startup Cost": 43908.97, "Total Cost": 43908.97, "Plan Rows": 464096, "Plan Width": 21, "Actual Rows": 463202, "Actual Loops": 4, "Hash Buckets": 2097152, "Original Hash Buckets": 2097152, "Hash Batches": 1, "Original Hash Batches": 1, "Peak Memory Usage": 120224, "Workers": [], "Plans": [{"Node Type": "Seq Scan", "Parent Relationship": "Outer", "Parallel Aware": true, "Async Capable": false, "Relation Name": "title", "Alias": "t", "Startup Cost": 0.0, "Total Cost": 43908.97, "Plan Rows": 464096, "Plan Width": 21, "Actual Rows": 463202, "Actual Loops": 4, "Filter": "(production_year >= 1986)", "Rows Removed by Filter": 168876, "Workers": []}]}]}]}]}, {"Node Type": "Hash", "Parent Relationship": "Inner", "Parallel Aware": true, "Async Capable": false, "Startup Cost": 236557.0, "Total Cost": 236557.0, "Plan Rows": 1, "Plan Width": 51, "Actual Rows": 24, "Actual Loops": 4, "Hash Buckets": 1024, "Original Hash Buckets": 1024, "Hash Batches": 1, "Original Hash Batches": 1, "Peak Memory Usage": 136, "Workers": [], "Plans": [{"Node Type": "Nested Loop", "Parent Relationship": "Outer", "Parallel Aware": false, "Async Capable": false, "Join Type": "Inner", "Startup Cost": 206159.71, "Total Cost": 236557.0, "Plan Rows": 1, "Plan Width": 51, "Actual Rows": 24, "Actual Loops": 4, "Inner Unique": true, "Workers": [], "Plans": [{"Node Type": "Nested Loop", "Parent Relationship": "Outer", "Parallel Aware": false, "Async Capable": false, "Join Type": "Inner", "Startup Cost": 206159.58, "Total Cost": 236556.85, "Plan Rows": 1, "Plan Width": 55, "Actual Rows": 24, "Actual Loops": 4, "Inner Unique": true, "Workers": [], "Plans": [{"Node Type": "Hash Join", "Parent Relationship": "Outer", "Parallel Aware": true, "Async Capable": false, "Join Type": "Inner", "Startup Cost": 206159.16, "Total Cost": 236555.92, "Plan Rows": 2, "Plan Width": 59, "Actual Rows": 717, "Actual Loops": 4, "Inner Unique": false, "Hash Cond": "(mc.movie_id = mi.movie_id)", "Workers": [], "Plans": [{"Node Type": "Seq Scan", "Parent Relationship": "Outer", "Parallel Aware": true, "Async Capable": false, "Relation Name": "movie_companies", "Alias": "mc", "Startup Cost": 0.0, "Total Cost": 27240.55, "Plan Rows": 841655, "Plan Width": 12, "Actual Rows": 652282, "Actual Loops": 4, "Workers": []}, {"Node Type": "Hash", "Parent Relationship": "Inner", "Parallel Aware": true, "Async Capable": false, "Startup Cost": 206159.15, "Total Cost": 206159.15, "Plan Rows": 1, "Plan Width": 47, "Actual Rows": 443, "Actual Loops": 4, "Hash Buckets": 1024, "Original Hash Buckets": 1024, "Hash Batches": 1, "Original Hash Batches": 1, "Peak Memory Usage": 136, "Workers": [], "Plans": [{"Node Type": "Hash Join", "Parent Relationship": "Outer", "Parallel Aware": false, "Async Capable": false, "Join Type": "Inner", "Startup Cost": 2.43, "Total Cost": 206159.15, "Plan Rows": 1, "Plan Width": 47, "Actual Rows": 443, "Actual Loops": 4, "Inner Unique": true, "Hash Cond": "(mi.info_type_id = it1.id)", "Workers": [], "Plans": [{"Node Type": "Seq Scan", "Parent Relationship": "Outer", "Parallel Aware": true, "Async Capable": false, "Relation Name": "movie_info", "Alias": "mi", "Startup Cost": 0.0, "Total Cost": 206156.59, "Plan Rows": 50, "Plan Width": 51, "Actual Rows": 443, "Actual Loops": 4, "Filter": "(((note)::text ~~ '%internet%'::text) AND ((info)::text ~~ 'USA:% 200%'::text))", "Rows Removed by Filter": 3708487, "Workers": []}, {"Node Type": "Hash", "Parent Relationship": "Inner", "Parallel Aware": false, "Async Capable": false, "Startup Cost": 2.41, "Total Cost": 2.41, "Plan Rows": 1, "Plan Width": 4, "Actual Rows": 1, "Actual Loops": 4, "Hash Buckets": 1024, "Original Hash Buckets": 1024, "Hash Batches": 1, "Original Hash Batches": 1, "Peak Memory Usage": 9, "Workers": [], "Plans": [{"Node Type": "Seq Scan", "Parent Relationship": "Outer", "Parallel Aware": false, "Async Capable": false, "Relation Name": "info_type", "Alias": "it1", "Startup Cost": 0.0, "Total Cost": 2.41, "Plan Rows": 1, "Plan Width": 4, "Actual Rows": 1, "Actual Loops": 4, "Filter": "((info)::text = 'release dates'::text)", "Rows Removed by Filter": 112, "Workers": []}]}]}]}]}, {"Node Type": "Index Scan", "Parent Relationship": "Inner", "Parallel Aware": false, "Async Capable": false, "Scan Direction": "Forward", "Index Name": "company_name_pkey", "Relation Name": "company_name", "Alias": "cn", "Startup Cost": 0.42, "Total Cost": 0.45, "Plan Rows": 1, "Plan Width": 4, "Actual Rows": 0, "Actual Loops": 2867, "Index Cond": "(id = mc.company_id)", "Rows Removed by Index Recheck": 0, "Filter": "(((country_code)::text = '[us]'::text) AND ((name)::text = 'YouTube'::text))", "Rows Removed by Filter": 1, "Workers": []}]}, {"Node Type": "Index Only Scan", "Parent Relationship": "Inner", "Parallel Aware": false, "Async Capable": false, "Scan Direction": "Forward", "Index Name": "company_type_pkey", "Relation Name": "company_type", "Alias": "ct", "Startup Cost": 0.13, "Total Cost": 0.15, "Plan Rows": 1, "Plan Width": 4, "Actual Rows": 1, "Actual Loops": 96, "Index Cond": "(id = mc.company_type_id)", "Rows Removed by Index Recheck": 0, "Heap Fetches": 96, "Workers": []}]}]}]}]}]}]}, "Planning Time": 9.678, "Triggers": [], "Execution Time": 2192.39}, {"Plan": {"Node Type": "Aggregate", "Strategy": "Plain", "Partial Mode": "Finalize", "Parallel Aware": false, "Async Capable": false, "Startup Cost": 294575.98, "Total Cost": 294575.99, "Plan Rows": 1, "Plan Width": 64, "Actual Rows": 1, "Actual Loops": 1, "Plans": [{"Node Type": "Gather", "Parent Relationship": "Outer", "Parallel Aware": false, "Async Capable": false, "Startup Cost": 294575.76, "Total Cost": 294575.97, "Plan Rows": 2, "Plan Width": 64, "Actual Rows": 3, "Actual Loops": 1, "Workers Planned": 2, "Workers Launched": 2, "Single Copy": false, "Plans": [{"Node Type": "Aggregate", "Strategy": "Plain", "Partial Mode": "Partial", "Parent Relationship": "Outer", "Parallel Aware": false, "Async Capable": false, "Startup Cost": 293575.76, "Total Cost": 293575.77, "Plan Rows": 1, "Plan Width": 64, "Actual Rows": 1, "Actual Loops": 3, "Workers": [], "Plans": [{"Node Type": "Hash Join", "Parent Relationship": "Outer", "Parallel Aware": true, "Async Capable": false, "Join Type": "Inner", "Startup Cost": 285272.5, "Total Cost": 293575.72, "Plan Rows": 8, "Plan Width": 60, "Actual Rows": 24, "Actual Loops": 3, "Inner Unique": false, "Hash Cond": "(at.movie_id = t.id)", "Workers": [], "Plans": [{"Node Type": "Nested Loop", "Parent Relationship": "Outer", "Parallel Aware": false, "Async Capable": false, "Join Type": "Inner", "Startup Cost": 34563.64, "Total Cost": 42866.84, "Plan Rows": 3, "Plan Width": 8, "Actual Rows": 22, "Actual Loops": 3, "Inner Unique": true, "Workers": [], "Plans": [{"Node Type": "Hash Join", "Parent Relationship": "Outer", "Parallel Aware": true, "Async Capable": false, "Join Type": "Inner", "Startup Cost": 34563.5, "Total Cost": 42866.44, "Plan Rows": 3, "Plan Width": 12, "Actual Rows": 22, "Actual Loops": 3, "Inner Unique": false, "Hash Cond": "(at.movie_id = mc.movie_id)", "Workers": [], "Plans": [{"Node Type": "Seq Scan", "Parent Relationship": "Outer", "Parallel Aware": true, "Async Capable": false, "Relation Name": "aka_title", "Alias": "at", "Startup Cost": 0.0, "Total Cost": 7738.13, "Plan Rows": 150613, "Plan Width": 4, "Actual Rows": 120491, "Actual Loops": 3, "Workers": []}, {"Node Type": "Hash", "Parent Relationship": "Inner", "Parallel Aware": true, "Async Capable": false, "Startup Cost": 34563.45, "Total Cost": 34563.45, "Plan Rows": 4, "Plan Width": 8, "Actual Rows": 486, "Actual Loops": 3, "Hash Buckets": 1024, "Original Hash Buckets": 1024, "Hash Batches": 1, "Original Hash Batches": 1, "Peak Memory Usage": 104, "Workers": [], "Plans": [{"Node Type": "Hash Join", "Parent Relationship": "Outer", "Parallel Aware": true, "Async Capable": false, "Join Type": "Inner", "Startup Cost": 5113.52, "Total Cost": 34563.45, "Plan Rows": 4, "Plan Width": 8, "Actual Rows": 486, "Actual Loops": 3, "Inner Unique": true, "Hash Cond": "(mc.company_id = cn.id)", "Workers": [], "Plans": [{"Node Type": "Seq Scan", "Parent Relationship": "Outer", "Parallel Aware": true, "Async Capable": false, "Relation Name": "movie_companies", "Alias": "mc", "Startup Cost": 0.0, "Total Cost": 27240.55, "Plan Rows": 841655, "Plan Width": 12, "Actual Rows": 869710, "Actual Loops": 3, "Workers": []}, {"Node Type": "Hash", "Parent Relationship": "Inner", "Parallel Aware": true, "Async Capable": false, "Startup Cost": 5113.5, "Total Cost": 5113.5, "Plan Rows": 1, "Plan Width": 4, "Actual Rows": 0, "Actual Loops": 3, "Hash Buckets": 1024, "Original Hash Buckets": 1024, "Hash Batches": 1, "Original Hash Batches": 1, "Peak Memory Usage": 40, "Workers": [], "Plans": [{"Node Type": "Seq Scan", "Parent Relationship": "Outer", "Parallel Aware": true, "Async Capable": false, "Relation Name": "company_name", "Alias": "cn", "Startup Cost": 0.0, "Total Cost": 5113.5, "Plan Rows": 1, "Plan Width": 4, "Actual Rows": 0, "Actual Loops": 3, "Filter": "(((country_code)::text = '[us]'::text) AND ((name)::text = 'YouTube'::text))", "Rows Removed by Filter": 78332, "Workers": []}]}]}]}]}, {"Node Type": "Memoize", "Parent Relationship": "Inner", "Parallel Aware": false, "Async Capable": false, "Startup Cost": 0.14, "Total Cost": 0.16, "Plan Rows": 1, "Plan Width": 4, "Actual Rows": 1, "Actual Loops": 67, "Cache Key": "mc.company_type_id", "Cache Mode": "logical", "Cache Hits": 23, "Cache Misses": 2, "Cache Evictions": 0, "Cache Overflows": 0, "Peak Memory Usage": 1, "Workers": [{"Worker Number": 0, "Cache Hits": 15, "Cache Misses": 2, "Cache Evictions": 0, "Cache Overflows": 0, "Peak Memory Usage": 1}, {"Worker Number": 1, "Cache Hits": 23, "Cache Misses": 2, "Cache Evictions": 0, "Cache Overflows": 0, "Peak Memory Usage": 1}], "Plans": [{"Node Type": "Index Only Scan", "Parent Relationship": "Outer", "Parallel Aware": false, "Async Capable": false, "Scan Direction": "Forward", "Index Name": "company_type_pkey", "Relation Name": "company_type", "Alias": "ct", "Startup Cost": 0.13, "Total Cost": 0.15, "Plan Rows": 1, "Plan Width": 4, "Actual Rows": 1, "Actual Loops": 6, "Index Cond": "(id = mc.company_type_id)", "Rows Removed by Index Recheck": 0, "Heap Fetches": 6, "Workers": []}]}]}, {"Node Type": "Hash", "Parent Relationship": "Inner", "Parallel Aware": true, "Async Capable": false, "Startup Cost": 250708.83, "Total Cost": 250708.83, "Plan Rows": 3, "Plan Width": 72, "Actual Rows": 1473, "Actual Loops": 3, "Hash Buckets": 4096, "Original Hash Buckets": 1024, "Hash Batches": 1, "Original Hash Batches": 1, "Peak Memory Usage": 472, "Workers": [], "Plans": [{"Node Type": "Nested Loop", "Parent Relationship": "Outer", "Parallel Aware": false, "Async Capable": false, "Join Type": "Inner", "Startup Cost": 206160.01, "Total Cost": 250708.83, "Plan Rows": 3, "Plan Width": 72, "Actual Rows": 1473, "Actual Loops": 3, "Inner Unique": true, "Workers": [], "Plans": [{"Node Type": "Nested Loop", "Parent Relationship": "Outer", "Parallel Aware": false, "Async Capable": false, "Join Type": "Inner", "Startup Cost": 206159.59, "Total Cost": 250707.51, "Plan Rows": 3, "Plan Width": 76, "Actual Rows": 1473, "Actual Loops": 3, "Inner Unique": true, "Join Filter": "(t.id = mi.movie_id)", "Rows Removed by Join Filter": 0, "Workers": [], "Plans": [{"Node Type": "Hash Join", "Parent Relationship": "Outer", "Parallel Aware": true, "Async Capable": false, "Join Type": "Inner", "Startup Cost": 206159.16, "Total Cost": 250705.0, "Plan Rows": 5, "Plan Width": 55, "Actual Rows": 1476, "Actual Loops": 3, "Inner Unique": false, "Hash Cond": "(mk.movie_id = mi.movie_id)", "Workers": [], "Plans": [{"Node Type": "Seq Scan", "Parent Relationship": "Outer", "Parallel Aware": true, "Async Capable": false, "Relation Name": "movie_keyword", "Alias": "mk", "Startup Cost": 0.0, "Total Cost": 39073.32, "Plan Rows": 1459332, "Plan Width": 8, "Actual Rows": 1507977, "Actual Loops": 3, "Workers": []}, {"Node Type": "Hash", "Parent Relationship": "Inner", "Parallel Aware": true, "Async Capable": false, "Startup Cost": 206159.15, "Total Cost": 206159.15, "Plan Rows": 1, "Plan Width": 47, "Actual Rows": 590, "Actual Loops": 3, "Hash Buckets": 2048, "Original Hash Buckets": 1024, "Hash Batches": 1, "Original Hash Batches": 1, "Peak Memory Usage": 216, "Workers": [], "Plans": [{"Node Type": "Hash Join", "Parent Relationship": "Outer", "Parallel Aware": false, "Async Capable": false, "Join Type": "Inner", "Startup Cost": 2.43, "Total Cost": 206159.15, "Plan Rows": 1, "Plan Width": 47, "Actual Rows": 590, "Actual Loops": 3, "Inner Unique": true, "Hash Cond": "(mi.info_type_id = it1.id)", "Workers": [], "Plans": [{"Node Type": "Seq Scan", "Parent Relationship": "Outer", "Parallel Aware": true, "Async Capable": false, "Relation Name": "movie_info", "Alias": "mi", "Startup Cost": 0.0, "Total Cost": 206156.59, "Plan Rows": 50, "Plan Width": 51, "Actual Rows": 590, "Actual Loops": 3, "Filter": "(((note)::text ~~ '%internet%'::text) AND ((info)::text ~~ 'USA:% 200%'::text))", "Rows Removed by Filter": 4944650, "Workers": []}, {"Node Type": "Hash", "Parent Relationship": "Inner", "Parallel Aware": false, "Async Capable": false, "Startup Cost": 2.41, "Total Cost": 2.41, "Plan Rows": 1, "Plan Width": 4, "Actual Rows": 1, "Actual Loops": 3, "Hash Buckets": 1024, "Original Hash Buckets": 1024, "Hash Batches": 1, "Original Hash Batches": 1, "Peak Memory Usage": 9, "Workers": [], "Plans": [{"Node Type": "Seq Scan", "Parent Relationship": "Outer", "Parallel Aware": false, "Async Capable": false, "Relation Name": "info_type", "Alias": "it1", "Startup Cost": 0.0, "Total Cost": 2.41, "Plan Rows": 1, "Plan Width": 4, "Actual Rows": 1, "Actual Loops": 3, "Filter": "((info)::text = 'release dates'::text)", "Rows Removed by Filter": 112, "Workers": []}]}]}]}]}, {"Node Type": "Index Scan", "Parent Relationship": "Inner", "Parallel Aware": false, "Async Capable": false, "Scan Direction": "Forward", "Index Name": "title_pkey", "Relation Name": "title", "Alias": "t", "Startup Cost": 0.43, "Total Cost": 0.49, "Plan Rows": 1, "Plan Width": 21, "Actual Rows": 1, "Actual Loops": 4429, "Index Cond": "(id = mk.movie_id)", "Rows Removed by Index Recheck": 0, "Filter": "(production_year >= 1986)", "Rows Removed by Filter": 0, "Workers": []}]}, {"Node Type": "Index Only Scan", "Parent Relationship": "Inner", "Parallel Aware": false, "Async Capable": false, "Scan Direction": "Forward", "Index Name": "keyword_pkey", "Relation Name": "keyword", "Alias": "k", "Startup Cost": 0.42, "Total Cost": 0.44, "Plan Rows": 1, "Plan Width": 4, "Actual Rows": 1, "Actual Loops": 4419, "Index Cond": "(id = mk.keyword_id)", "Rows Removed by Index Recheck": 0, "Heap Fetches": 0, "Workers": []}]}]}]}]}]}]}, "Planning Time": 13.664, "Triggers": [], "Execution Time": 3135.435}, {"Plan": {"Node Type": "Aggregate", "Strategy": "Plain", "Partial Mode": "Finalize", "Parallel Aware": false, "Async Capable": false, "Startup Cost": 294578.38, "Total Cost": 294578.39, "Plan Rows": 1, "Plan Width": 64, "Actual Rows": 1, "Actual Loops": 1, "Plans": [{"Node Type": "Gather", "Parent Relationship": "Outer", "Parallel Aware": false, "Async Capable": false, "Startup Cost": 294578.05, "Total Cost": 294578.36, "Plan Rows": 3, "Plan Width": 64, "Actual Rows": 4, "Actual Loops": 1, "Workers Planned": 3, "Workers Launched": 3, "Single Copy": false, "Plans": [{"Node Type": "Aggregate", "Strategy": "Plain", "Partial Mode": "Partial", "Parent Relationship": "Outer", "Parallel Aware": false, "Async Capable": false, "Startup Cost": 293578.05, "Total Cost": 293578.06, "Plan Rows": 1, "Plan Width": 64, "Actual Rows": 1, "Actual Loops": 4, "Workers": [], "Plans": [{"Node Type": "Hash Join", "Parent Relationship": "Outer", "Parallel Aware": true, "Async Capable": false, "Join Type": "Inner", "Startup Cost": 264126.16, "Total Cost": 293578.02, "Plan Rows": 6, "Plan Width": 60, "Actual Rows": 18, "Actual Loops": 4, "Inner Unique": false, "Hash Cond": "(t.id = at.movie_id)", "Workers": [], "Plans": [{"Node Type": "Nested Loop", "Parent Relationship": "Outer", "Parallel Aware": false, "Async Capable": false, "Join Type": "Inner", "Startup Cost": 5114.09, "Total Cost": 34565.92, "Plan Rows": 3, "Plan Width": 25, "Actual Rows": 364, "Actual Loops": 4, "Inner Unique": true, "Workers": [], "Plans": [{"Node Type": "Nested Loop", "Parent Relationship": "Outer", "Parallel Aware": false, "Async Capable": false, "Join Type": "Inner", "Startup Cost": 5113.95, "Total Cost": 34565.53, "Plan Rows": 3, "Plan Width": 29, "Actual Rows": 364, "Actual Loops": 4, "Inner Unique": true, "Workers": [], "Plans": [{"Node Type": "Hash Join", "Parent Relationship": "Outer", "Parallel Aware": true, "Async Capable": false, "Join Type": "Inner", "Startup Cost": 5113.52, "Total Cost": 34563.45, "Plan Rows": 4, "Plan Width": 8, "Actual Rows": 364, "Actual Loops": 4, "Inner Unique": true, "Hash Cond": "(mc.company_id = cn.id)", "Workers": [], "Plans": [{"Node Type": "Seq Scan", "Parent Relationship": "Outer", "Parallel Aware": true, "Async Capable": false, "Relation Name": "movie_companies", "Alias": "mc", "Startup Cost": 0.0, "Total Cost": 27240.55, "Plan Rows": 841655, "Plan Width": 12, "Actual Rows": 652282, "Actual Loops": 4, "Workers": []}, {"Node Type": "Hash", "Parent Relationship": "Inner", "Parallel Aware": true, "Async Capable": false, "Startup Cost": 5113.5, "Total Cost": 5113.5, "Plan Rows": 1, "Plan Width": 4, "Actual Rows": 0, "Actual Loops": 4, "Hash Buckets": 1024, "Original Hash Buckets": 1024, "Hash Batches": 1, "Original Hash Batches": 1, "Peak Memory Usage": 40, "Workers": [], "Plans": [{"Node Type": "Seq Scan", "Parent Relationship": "Outer", "Parallel Aware": true, "Async Capable": false, "Relation Name": "company_name", "Alias": "cn", "Startup Cost": 0.0, "Total Cost": 5113.5, "Plan Rows": 1, "Plan Width": 4, "Actual Rows": 0, "Actual Loops": 4, "Filter": "(((country_code)::text = '[us]'::text) AND ((name)::text = 'YouTube'::text))", "Rows Removed by Filter": 58749, "Workers": []}]}]}, {"Node Type": "Index Scan", "Parent Relationship": "Inner", "Parallel Aware": false, "Async Capable": false, "Scan Direction": "Forward", "Index Name": "title_pkey", "Relation Name": "title", "Alias": "t", "Startup Cost": 0.43, "Total Cost": 0.52, "Plan Rows": 1, "Plan Width": 21, "Actual Rows": 1, "Actual Loops": 1458, "Index Cond": "(id = mc.movie_id)", "Rows Removed by Index Recheck": 0, "Filter": "(production_year >= 1986)", "Rows Removed by Filter": 0, "Workers": []}]}, {"Node Type": "Memoize", "Parent Relationship": "Inner", "Parallel Aware": false, "Async Capable": false, "Startup Cost": 0.14, "Total Cost": 0.16, "Plan Rows": 1, "Plan Width": 4, "Actual Rows": 1, "Actual Loops": 1456, "Cache Key": "mc.company_type_id", "Cache Mode": "logical", "Cache Hits": 382, "Cache Misses": 2, "Cache Evictions": 0, "Cache Overflows": 0, "Peak Memory Usage": 1, "Workers": [{"Worker Number": 0, "Cache Hits": 321, "Cache Misses": 2, "Cache Evictions": 0, "Cache Overflows": 0, "Peak Memory Usage": 1}, {"Worker Number": 1, "Cache Hits": 393, "Cache Misses": 2, "Cache Evictions": 0, "Cache Overflows": 0, "Peak Memory Usage": 1}, {"Worker Number": 2, "Cache Hits": 352, "Cache Misses": 2, "Cache Evictions": 0, "Cache Overflows": 0, "Peak Memory Usage": 1}], "Plans": [{"Node Type": "Index Only Scan", "Parent Relationship": "Outer", "Parallel Aware": false, "Async Capable": false, "Scan Direction": "Forward", "Index Name": "company_type_pkey", "Relation Name": "company_type", "Alias": "ct", "Startup Cost": 0.13, "Total Cost": 0.15, "Plan Rows": 1, "Plan Width": 4, "Actual Rows": 1, "Actual Loops": 8, "Index Cond": "(id = mc.company_type_id)", "Rows Removed by Index Recheck": 0, "Heap Fetches": 8, "Workers": []}]}]}, {"Node Type": "Hash", "Parent Relationship": "Inner", "Parallel Aware": true, "Async Capable": false, "Startup Cost": 259011.97, "Total Cost": 259011.97, "Plan Rows": 9, "Plan Width": 55, "Actual Rows": 281, "Actual Loops": 4, "Hash Buckets": 1024, "Original Hash Buckets": 1024, "Hash Batches": 1, "Original Hash Batches": 1, "Peak Memory Usage": 136, "Workers": [], "Plans": [{"Node Type": "Nested Loop", "Parent Relationship": "Outer", "Parallel Aware": false, "Async Capable": false, "Join Type": "Inner", "Startup Cost": 214462.54, "Total Cost": 259011.97, "Plan Rows": 9, "Plan Width": 55, "Actual Rows": 281, "Actual Loops": 4, "Inner Unique": true, "Workers": [], "Plans": [{"Node Type": "Hash Join", "Parent Relationship": "Outer", "Parallel Aware": true, "Async Capable": false, "Join Type": "Inner", "Startup Cost": 214462.12, "Total Cost": 259008.02, "Plan Rows": 9, "Plan Width": 59, "Actual Rows": 281, "Actual Loops": 4, "Inner Unique": false, "Hash Cond": "(mk.movie_id = at.movie_id)", "Workers": [], "Plans": [{"Node Type": "Seq Scan", "Parent Relationship": "Outer", "Parallel Aware": true, "Async Capable": false, "Relation Name": "movie_keyword", "Alias": "mk", "Startup Cost": 0.0, "Total Cost": 39073.32, "Plan Rows": 1459332, "Plan Width": 8, "Actual Rows": 1130982, "Actual Loops": 4, "Workers": []}, {"Node Type": "Hash", "Parent Relationship": "Inner", "Parallel Aware": true, "Async Capable": false, "Startup Cost": 214462.1, "Total Cost": 214462.1, "Plan Rows": 1, "Plan Width": 51, "Actual Rows": 29, "Actual Loops": 4, "Hash Buckets": 1024, "Original Hash Buckets": 1024, "Hash Batches": 1, "Original Hash Batches": 1, "Peak Memory Usage": 136, "Workers": [], "Plans": [{"Node Type": "Hash Join", "Parent Relationship": "Outer", "Parallel Aware": true, "Async Capable": false, "Join Type": "Inner", "Startup Cost": 206159.16, "Total Cost": 214462.1, "Plan Rows": 1, "Plan Width": 51, "Actual Rows": 29, "Actual Loops": 4, "Inner Unique": false, "Hash Cond": "(at.movie_id = mi.movie_id)", "Workers": [], "Plans": [{"Node Type": "Seq Scan", "Parent Relationship": "Outer", "Parallel Aware": true, "Async Capable": false, "Relation Name": "aka_title", "Alias": "at", "Startup Cost": 0.0, "Total Cost": 7738.13, "Plan Rows": 150613, "Plan Width": 4, "Actual Rows": 90368, "Actual Loops": 4, "Workers": []}, {"Node Type": "Hash", "Parent Relationship": "Inner", "Parallel Aware": true, "Async Capable": false, "Startup Cost": 206159.15, "Total Cost": 206159.15, "Plan Rows": 1, "Plan Width": 47, "Actual Rows": 443, "Actual Loops": 4, "Hash Buckets": 1024, "Original Hash Buckets": 1024, "Hash Batches": 1, "Original Hash Batches": 1, "Peak Memory Usage": 136, "Workers": [], "Plans": [{"Node Type": "Hash Join", "Parent Relationship": "Outer", "Parallel Aware": false, "Async Capable": false, "Join Type": "Inner", "Startup Cost": 2.43, "Total Cost": 206159.15, "Plan Rows": 1, "Plan Width": 47, "Actual Rows": 443, "Actual Loops": 4, "Inner Unique": true, "Hash Cond": "(mi.info_type_id = it1.id)", "Workers": [], "Plans": [{"Node Type": "Seq Scan", "Parent Relationship": "Outer", "Parallel Aware": true, "Async Capable": false, "Relation Name": "movie_info", "Alias": "mi", "Startup Cost": 0.0, "Total Cost": 206156.59, "Plan Rows": 50, "Plan Width": 51, "Actual Rows": 443, "Actual Loops": 4, "Filter": "(((note)::text ~~ '%internet%'::text) AND ((info)::text ~~ 'USA:% 200%'::text))", "Rows Removed by Filter": 3708487, "Workers": []}, {"Node Type": "Hash", "Parent Relationship": "Inner", "Parallel Aware": false, "Async Capable": false, "Startup Cost": 2.41, "Total Cost": 2.41, "Plan Rows": 1, "Plan Width": 4, "Actual Rows": 1, "Actual Loops": 4, "Hash Buckets": 1024, "Original Hash Buckets": 1024, "Hash Batches": 1, "Original Hash Batches": 1, "Peak Memory Usage": 9, "Workers": [], "Plans": [{"Node Type": "Seq Scan", "Parent Relationship": "Outer", "Parallel Aware": false, "Async Capable": false, "Relation Name": "info_type", "Alias": "it1", "Startup Cost": 0.0, "Total Cost": 2.41, "Plan Rows": 1, "Plan Width": 4, "Actual Rows": 1, "Actual Loops": 4, "Filter": "((info)::text = 'release dates'::text)", "Rows Removed by Filter": 112, "Workers": []}]}]}]}]}]}]}, {"Node Type": "Index Only Scan", "Parent Relationship": "Inner", "Parallel Aware": false, "Async Capable": false, "Scan Direction": "Forward", "Index Name": "keyword_pkey", "Relation Name": "keyword", "Alias": "k", "Startup Cost": 0.42, "Total Cost": 0.44, "Plan Rows": 1, "Plan Width": 4, "Actual Rows": 1, "Actual Loops": 1124, "Index Cond": "(id = mk.keyword_id)", "Rows Removed by Index Recheck": 0, "Heap Fetches": 0, "Workers": []}]}]}]}]}]}]}, "Planning Time": 14.025, "Triggers": [], "Execution Time": 924.715}, {"Plan": {"Node Type": "Aggregate", "Strategy": "Plain", "Partial Mode": "Finalize", "Parallel Aware": false, "Async Capable": false, "Startup Cost": 294575.86, "Total Cost": 294575.87, "Plan Rows": 1, "Plan Width": 64, "Actual Rows": 1, "Actual Loops": 1, "Plans": [{"Node Type": "Gather", "Parent Relationship": "Outer", "Parallel Aware": false, "Async Capable": false, "Startup Cost": 294575.53, "Total Cost": 294575.84, "Plan Rows": 3, "Plan Width": 64, "Actual Rows": 4, "Actual Loops": 1, "Workers Planned": 3, "Workers Launched": 3, "Single Copy": false, "Plans": [{"Node Type": "Aggregate", "Strategy": "Plain", "Partial Mode": "Partial", "Parent Relationship": "Outer", "Parallel Aware": false, "Async Capable": false, "Startup Cost": 293575.53, "Total Cost": 293575.54, "Plan Rows": 1, "Plan Width": 64, "Actual Rows": 1, "Actual Loops": 4, "Workers": [], "Plans": [{"Node Type": "Hash Join", "Parent Relationship": "Outer", "Parallel Aware": true, "Async Capable": false, "Join Type": "Inner", "Startup Cost": 249027.43, "Total Cost": 293575.5, "Plan Rows": 6, "Plan Width": 60, "Actual Rows": 18, "Actual Loops": 4, "Inner Unique": false, "Hash Cond": "(t.id = mc.movie_id)", "Workers": [], "Plans": [{"Node Type": "Nested Loop", "Parent Relationship": "Outer", "Parallel Aware": false, "Async Capable": false, "Join Type": "Inner", "Startup Cost": 214463.49, "Total Cost": 259011.52, "Plan Rows": 6, "Plan Width": 76, "Actual Rows": 281, "Actual Loops": 4, "Inner Unique": true, "Workers": [], "Plans": [{"Node Type": "Hash Join", "Parent Relationship": "Outer", "Parallel Aware": true, "Async Capable": false, "Join Type": "Inner", "Startup Cost": 214463.07, "Total Cost": 259008.89, "Plan Rows": 6, "Plan Width": 80, "Actual Rows": 281, "Actual Loops": 4, "Inner Unique": false, "Hash Cond": "(mk.movie_id = t.id)", "Workers": [], "Plans": [{"Node Type": "Seq Scan", "Parent Relationship": "Outer", "Parallel Aware": true, "Async Capable": false, "Relation Name": "movie_keyword", "Alias": "mk", "Startup Cost": 0.0, "Total Cost": 39073.32, "Plan Rows": 1459332, "Plan Width": 8, "Actual Rows": 1130982, "Actual Loops": 4, "Workers": []}, {"Node Type": "Hash", "Parent Relationship": "Inner", "Parallel Aware": true, "Async Capable": false, "Startup Cost": 214463.05, "Total Cost": 214463.05, "Plan Rows": 1, "Plan Width": 72, "Actual Rows": 29, "Actual Loops": 4, "Hash Buckets": 1024, "Original Hash Buckets": 1024, "Hash Batches": 1, "Original Hash Batches": 1, "Peak Memory Usage": 136, "Workers": [], "Plans": [{"Node Type": "Nested Loop", "Parent Relationship": "Outer", "Parallel Aware": false, "Async Capable": false, "Join Type": "Inner", "Startup Cost": 206159.59, "Total Cost": 214463.05, "Plan Rows": 1, "Plan Width": 72, "Actual Rows": 29, "Actual Loops": 4, "Inner Unique": true, "Workers": [], "Plans": [{"Node Type": "Hash Join", "Parent Relationship": "Outer", "Parallel Aware": true, "Async Capable": false, "Join Type": "Inner", "Startup Cost": 206159.16, "Total Cost": 214462.1, "Plan Rows": 1, "Plan Width": 51, "Actual Rows": 29, "Actual Loops": 4, "Inner Unique": false, "Hash Cond": "(at.movie_id = mi.movie_id)", "Workers": [], "Plans": [{"Node Type": "Seq Scan", "Parent Relationship": "Outer", "Parallel Aware": true, "Async Capable": false, "Relation Name": "aka_title", "Alias": "at", "Startup Cost": 0.0, "Total Cost": 7738.13, "Plan Rows": 150613, "Plan Width": 4, "Actual Rows": 90368, "Actual Loops": 4, "Workers": []}, {"Node Type": "Hash", "Parent Relationship": "Inner", "Parallel Aware": true, "Async Capable": false, "Startup Cost": 206159.15, "Total Cost": 206159.15, "Plan Rows": 1, "Plan Width": 47, "Actual Rows": 443, "Actual Loops": 4, "Hash Buckets": 1024, "Original Hash Buckets": 1024, "Hash Batches": 1, "Original Hash Batches": 1, "Peak Memory Usage": 136, "Workers": [], "Plans": [{"Node Type": "Hash Join", "Parent Relationship": "Outer", "Parallel Aware": false, "Async Capable": false, "Join Type": "Inner", "Startup Cost": 2.43, "Total Cost": 206159.15, "Plan Rows": 1, "Plan Width": 47, "Actual Rows": 443, "Actual Loops": 4, "Inner Unique": true, "Hash Cond": "(mi.info_type_id = it1.id)", "Workers": [], "Plans": [{"Node Type": "Seq Scan", "Parent Relationship": "Outer", "Parallel Aware": true, "Async Capable": false, "Relation Name": "movie_info", "Alias": "mi", "Startup Cost": 0.0, "Total Cost": 206156.59, "Plan Rows": 50, "Plan Width": 51, "Actual Rows": 443, "Actual Loops": 4, "Filter": "(((note)::text ~~ '%internet%'::text) AND ((info)::text ~~ 'USA:% 200%'::text))", "Rows Removed by Filter": 3708487, "Workers": []}, {"Node Type": "Hash", "Parent Relationship": "Inner", "Parallel Aware": false, "Async Capable": false, "Startup Cost": 2.41, "Total Cost": 2.41, "Plan Rows": 1, "Plan Width": 4, "Actual Rows": 1, "Actual Loops": 4, "Hash Buckets": 1024, "Original Hash Buckets": 1024, "Hash Batches": 1, "Original Hash Batches": 1, "Peak Memory Usage": 9, "Workers": [], "Plans": [{"Node Type": "Seq Scan", "Parent Relationship": "Outer", "Parallel Aware": false, "Async Capable": false, "Relation Name": "info_type", "Alias": "it1", "Startup Cost": 0.0, "Total Cost": 2.41, "Plan Rows": 1, "Plan Width": 4, "Actual Rows": 1, "Actual Loops": 4, "Filter": "((info)::text = 'release dates'::text)", "Rows Removed by Filter": 112, "Workers": []}]}]}]}]}, {"Node Type": "Index Scan", "Parent Relationship": "Inner", "Parallel Aware": false, "Async Capable": false, "Scan Direction": "Forward", "Index Name": "title_pkey", "Relation Name": "title", "Alias": "t", "Startup Cost": 0.43, "Total Cost": 0.95, "Plan Rows": 1, "Plan Width": 21, "Actual Rows": 1, "Actual Loops": 116, "Index Cond": "(id = at.movie_id)", "Rows Removed by Index Recheck": 0, "Filter": "(production_year >= 1986)", "Rows Removed by Filter": 0, "Workers": []}]}]}]}, {"Node Type": "Index Only Scan", "Parent Relationship": "Inner", "Parallel Aware": false, "Async Capable": false, "Scan Direction": "Forward", "Index Name": "keyword_pkey", "Relation Name": "keyword", "Alias": "k", "Startup Cost": 0.42, "Total Cost": 0.44, "Plan Rows": 1, "Plan Width": 4, "Actual Rows": 1, "Actual Loops": 1124, "Index Cond": "(id = mk.keyword_id)", "Rows Removed by Index Recheck": 0, "Heap Fetches": 0, "Workers": []}]}, {"Node Type": "Hash", "Parent Relationship": "Inner", "Parallel Aware": true, "Async Capable": false, "Startup Cost": 34563.9, "Total Cost": 34563.9, "Plan Rows": 4, "Plan Width": 4, "Actual Rows": 364, "Actual Loops": 4, "Hash Buckets": 1024, "Original Hash Buckets": 1024, "Hash Batches": 1, "Original Hash Batches": 1, "Peak Memory Usage": 136, "Workers": [], "Plans": [{"Node Type": "Nested Loop", "Parent Relationship": "Outer", "Parallel Aware": false, "Async Capable": false, "Join Type": "Inner", "Startup Cost": 5113.66, "Total Cost": 34563.9, "Plan Rows": 4, "Plan Width": 4, "Actual Rows": 364, "Actual Loops": 4, "Inner Unique": true, "Workers": [], "Plans": [{"Node Type": "Hash Join", "Parent Relationship": "Outer", "Parallel Aware": true, "Async Capable": false, "Join Type": "Inner", "Startup Cost": 5113.52, "Total Cost": 34563.45, "Plan Rows": 4, "Plan Width": 8, "Actual Rows": 364, "Actual Loops": 4, "Inner Unique": true, "Hash Cond": "(mc.company_id = cn.id)", "Workers": [], "Plans": [{"Node Type": "Seq Scan", "Parent Relationship": "Outer", "Parallel Aware": true, "Async Capable": false, "Relation Name": "movie_companies", "Alias": "mc", "Startup Cost": 0.0, "Total Cost": 27240.55, "Plan Rows": 841655, "Plan Width": 12, "Actual Rows": 652282, "Actual Loops": 4, "Workers": []}, {"Node Type": "Hash", "Parent Relationship": "Inner", "Parallel Aware": true, "Async Capable": false, "Startup Cost": 5113.5, "Total Cost": 5113.5, "Plan Rows": 1, "Plan Width": 4, "Actual Rows": 0, "Actual Loops": 4, "Hash Buckets": 1024, "Original Hash Buckets": 1024, "Hash Batches": 1, "Original Hash Batches": 1, "Peak Memory Usage": 40, "Workers": [], "Plans": [{"Node Type": "Seq Scan", "Parent Relationship": "Outer", "Parallel Aware": true, "Async Capable": false, "Relation Name": "company_name", "Alias": "cn", "Startup Cost": 0.0, "Total Cost": 5113.5, "Plan Rows": 1, "Plan Width": 4, "Actual Rows": 0, "Actual Loops": 4, "Filter": "(((country_code)::text = '[us]'::text) AND ((name)::text = 'YouTube'::text))", "Rows Removed by Filter": 58749, "Workers": []}]}]}, {"Node Type": "Memoize", "Parent Relationship": "Inner", "Parallel Aware": false, "Async Capable": false, "Startup Cost": 0.14, "Total Cost": 0.16, "Plan Rows": 1, "Plan Width": 4, "Actual Rows": 1, "Actual Loops": 1458, "Cache Key": "mc.company_type_id", "Cache Mode": "logical", "Cache Hits": 544, "Cache Misses": 2, "Cache Evictions": 0, "Cache Overflows": 0, "Peak Memory Usage": 1, "Workers": [{"Worker Number": 0, "Cache Hits": 293, "Cache Misses": 2, "Cache Evictions": 0, "Cache Overflows": 0, "Peak Memory Usage": 1}, {"Worker Number": 1, "Cache Hits": 313, "Cache Misses": 2, "Cache Evictions": 0, "Cache Overflows": 0, "Peak Memory Usage": 1}, {"Worker Number": 2, "Cache Hits": 300, "Cache Misses": 2, "Cache Evictions": 0, "Cache Overflows": 0, "Peak Memory Usage": 1}], "Plans": [{"Node Type": "Index Only Scan", "Parent Relationship": "Outer", "Parallel Aware": false, "Async Capable": false, "Scan Direction": "Forward", "Index Name": "company_type_pkey", "Relation Name": "company_type", "Alias": "ct", "Startup Cost": 0.13, "Total Cost": 0.15, "Plan Rows": 1, "Plan Width": 4, "Actual Rows": 1, "Actual Loops": 8, "Index Cond": "(id = mc.company_type_id)", "Rows Removed by Index Recheck": 0, "Heap Fetches": 8, "Workers": []}]}]}]}]}]}]}]}, "Planning Time": 13.868, "Triggers": [], "Execution Time": 914.937}, {"Plan": {"Node Type": "Aggregate", "Strategy": "Plain", "Partial Mode": "Finalize", "Parallel Aware": false, "Async Capable": false, "Startup Cost": 349311.49, "Total Cost": 349311.5, "Plan Rows": 1, "Plan Width": 64, "Actual Rows": 1, "Actual Loops": 1, "Plans": [{"Node Type": "Gather", "Parent Relationship": "Outer", "Parallel Aware": false, "Async Capable": false, "Startup Cost": 349311.16, "Total Cost": 349311.47, "Plan Rows": 3, "Plan Width": 64, "Actual Rows": 4, "Actual Loops": 1, "Workers Planned": 3, "Workers Launched": 3, "Single Copy": false, "Plans": [{"Node Type": "Aggregate", "Strategy": "Plain", "Partial Mode": "Partial", "Parent Relationship": "Outer", "Parallel Aware": false, "Async Capable": false, "Startup Cost": 348311.16, "Total Cost": 348311.17, "Plan Rows": 1, "Plan Width": 64, "Actual Rows": 1, "Actual Loops": 4, "Workers": [], "Plans": [{"Node Type": "Hash Join", "Parent Relationship": "Outer", "Parallel Aware": true, "Async Capable": false, "Join Type": "Inner", "Startup Cost": 298576.16, "Total Cost": 348311.13, "Plan Rows": 6, "Plan Width": 60, "Actual Rows": 18, "Actual Loops": 4, "Inner Unique": false, "Hash Cond": "(t.id = at.movie_id)", "Workers": [], "Plans": [{"Node Type": "Hash Join", "Parent Relationship": "Outer", "Parallel Aware": true, "Async Capable": false, "Join Type": "Inner", "Startup Cost": 53716.19, "Total Cost": 99433.04, "Plan Rows": 1071497, "Plan Width": 25, "Actual Rows": 748278, "Actual Loops": 4, "Inner Unique": true, "Hash Cond": "(mk.keyword_id = k.id)", "Workers": [], "Plans": [{"Node Type": "Hash Join", "Parent Relationship": "Outer", "Parallel Aware": true, "Async Capable": false, "Join Type": "Inner", "Startup Cost": 49710.18, "Total Cost": 92614.26, "Plan Rows": 1071497, "Plan Width": 29, "Actual Rows": 748278, "Actual Loops": 4, "Inner Unique": true, "Hash Cond": "(mk.movie_id = t.id)", "Workers": [], "Plans": [{"Node Type": "Seq Scan", "Parent Relationship": "Outer", "Parallel Aware": true, "Async Capable": false, "Relation Name": "movie_keyword", "Alias": "mk", "Startup Cost": 0.0, "Total Cost": 39073.32, "Plan Rows": 1459332, "Plan Width": 8, "Actual Rows": 1130982, "Actual Loops": 4, "Workers": []}, {"Node Type": "Hash", "Parent Relationship": "Inner", "Parallel Aware": true, "Async Capable": false, "Startup Cost": 43908.97, "Total Cost": 43908.97, "Plan Rows": 464096, "Plan Width": 21, "Actual Rows": 463202, "Actual Loops": 4, "Hash Buckets": 2097152, "Original Hash Buckets": 2097152, "Hash Batches": 1, "Original Hash Batches": 1, "Peak Memory Usage": 120192, "Workers": [], "Plans": [{"Node Type": "Seq Scan", "Parent Relationship": "Outer", "Parallel Aware": true, "Async Capable": false, "Relation Name": "title", "Alias": "t", "Startup Cost": 0.0, "Total Cost": 43908.97, "Plan Rows": 464096, "Plan Width": 21, "Actual Rows": 463202, "Actual Loops": 4, "Filter": "(production_year >= 1986)", "Rows Removed by Filter": 168876, "Workers": []}]}]}, {"Node Type": "Hash", "Parent Relationship": "Inner", "Parallel Aware": true, "Async Capable": false, "Startup Cost": 3307.22, "Total Cost": 3307.22, "Plan Rows": 55904, "Plan Width": 4, "Actual Rows": 33542, "Actual Loops": 4, "Hash Buckets": 262144, "Original Hash Buckets": 262144, "Hash Batches": 1, "Original Hash Batches": 1, "Peak Memory Usage": 7392, "Workers": [], "Plans": [{"Node Type": "Index Only Scan", "Parent Relationship": "Outer", "Parallel Aware": true, "Async Capable": false, "Scan Direction": "Forward", "Index Name": "keyword_pkey", "Relation Name": "keyword", "Alias": "k", "Startup Cost": 0.42, "Total Cost": 3307.22, "Plan Rows": 55904, "Plan Width": 4, "Actual Rows": 33542, "Actual Loops": 4, "Heap Fetches": 0, "Workers": []}]}]}, {"Node Type": "Hash", "Parent Relationship": "Inner", "Parallel Aware": true, "Async Capable": false, "Startup Cost": 244859.96, "Total Cost": 244859.96, "Plan Rows": 1, "Plan Width": 55, "Actual Rows": 2, "Actual Loops": 4, "Hash Buckets": 1024, "Original Hash Buckets": 1024, "Hash Batches": 1, "Original Hash Batches": 1, "Peak Memory Usage": 136, "Workers": [], "Plans": [{"Node Type": "Nested Loop", "Parent Relationship": "Outer", "Parallel Aware": false, "Async Capable": false, "Join Type": "Inner", "Startup Cost": 214462.67, "Total Cost": 244859.96, "Plan Rows": 1, "Plan Width": 55, "Actual Rows": 2, "Actual Loops": 4, "Inner Unique": true, "Workers": [], "Plans": [{"Node Type": "Nested Loop", "Parent Relationship": "Outer", "Parallel Aware": false, "Async Capable": false, "Join Type": "Inner", "Startup Cost": 214462.54, "Total Cost": 244859.8, "Plan Rows": 1, "Plan Width": 59, "Actual Rows": 2, "Actual Loops": 4, "Inner Unique": true, "Workers": [], "Plans": [{"Node Type": "Hash Join", "Parent Relationship": "Outer", "Parallel Aware": true, "Async Capable": false, "Join Type": "Inner", "Startup Cost": 214462.12, "Total Cost": 244858.88, "Plan Rows": 2, "Plan Width": 63, "Actual Rows": 98, "Actual Loops": 4, "Inner Unique": false, "Hash Cond": "(mc.movie_id = at.movie_id)", "Workers": [], "Plans": [{"Node Type": "Seq Scan", "Parent Relationship": "Outer", "Parallel Aware": true, "Async Capable": false, "Relation Name": "movie_companies", "Alias": "mc", "Startup Cost": 0.0, "Total Cost": 27240.55, "Plan Rows": 841655, "Plan Width": 12, "Actual Rows": 652282, "Actual Loops": 4, "Workers": []}, {"Node Type": "Hash", "Parent Relationship": "Inner", "Parallel Aware": true, "Async Capable": false, "Startup Cost": 214462.1, "Total Cost": 214462.1, "Plan Rows": 1, "Plan Width": 51, "Actual Rows": 29, "Actual Loops": 4, "Hash Buckets": 1024, "Original Hash Buckets": 1024, "Hash Batches": 1, "Original Hash Batches": 1, "Peak Memory Usage": 136, "Workers": [], "Plans": [{"Node Type": "Hash Join", "Parent Relationship": "Outer", "Parallel Aware": true, "Async Capable": false, "Join Type": "Inner", "Startup Cost": 206159.16, "Total Cost": 214462.1, "Plan Rows": 1, "Plan Width": 51, "Actual Rows": 29, "Actual Loops": 4, "Inner Unique": false, "Hash Cond": "(at.movie_id = mi.movie_id)", "Workers": [], "Plans": [{"Node Type": "Seq Scan", "Parent Relationship": "Outer", "Parallel Aware": true, "Async Capable": false, "Relation Name": "aka_title", "Alias": "at", "Startup Cost": 0.0, "Total Cost": 7738.13, "Plan Rows": 150613, "Plan Width": 4, "Actual Rows": 90368, "Actual Loops": 4, "Workers": []}, {"Node Type": "Hash", "Parent Relationship": "Inner", "Parallel Aware": true, "Async Capable": false, "Startup Cost": 206159.15, "Total Cost": 206159.15, "Plan Rows": 1, "Plan Width": 47, "Actual Rows": 443, "Actual Loops": 4, "Hash Buckets": 1024, "Original Hash Buckets": 1024, "Hash Batches": 1, "Original Hash Batches": 1, "Peak Memory Usage": 136, "Workers": [], "Plans": [{"Node Type": "Hash Join", "Parent Relationship": "Outer", "Parallel Aware": false, "Async Capable": false, "Join Type": "Inner", "Startup Cost": 2.43, "Total Cost": 206159.15, "Plan Rows": 1, "Plan Width": 47, "Actual Rows": 443, "Actual Loops": 4, "Inner Unique": true, "Hash Cond": "(mi.info_type_id = it1.id)", "Workers": [], "Plans": [{"Node Type": "Seq Scan", "Parent Relationship": "Outer", "Parallel Aware": true, "Async Capable": false, "Relation Name": "movie_info", "Alias": "mi", "Startup Cost": 0.0, "Total Cost": 206156.59, "Plan Rows": 50, "Plan Width": 51, "Actual Rows": 443, "Actual Loops": 4, "Filter": "(((note)::text ~~ '%internet%'::text) AND ((info)::text ~~ 'USA:% 200%'::text))", "Rows Removed by Filter": 3708487, "Workers": []}, {"Node Type": "Hash", "Parent Relationship": "Inner", "Parallel Aware": false, "Async Capable": false, "Startup Cost": 2.41, "Total Cost": 2.41, "Plan Rows": 1, "Plan Width": 4, "Actual Rows": 1, "Actual Loops": 4, "Hash Buckets": 1024, "Original Hash Buckets": 1024, "Hash Batches": 1, "Original Hash Batches": 1, "Peak Memory Usage": 9, "Workers": [], "Plans": [{"Node Type": "Seq Scan", "Parent Relationship": "Outer", "Parallel Aware": false, "Async Capable": false, "Relation Name": "info_type", "Alias": "it1", "Startup Cost": 0.0, "Total Cost": 2.41, "Plan Rows": 1, "Plan Width": 4, "Actual Rows": 1, "Actual Loops": 4, "Filter": "((info)::text = 'release dates'::text)", "Rows Removed by Filter": 112, "Workers": []}]}]}]}]}]}]}, {"Node Type": "Index Scan", "Parent Relationship": "Inner", "Parallel Aware": false, "Async Capable": false, "Scan Direction": "Forward", "Index Name": "company_name_pkey", "Relation Name": "company_name", "Alias": "cn", "Startup Cost": 0.42, "Total Cost": 0.45, "Plan Rows": 1, "Plan Width": 4, "Actual Rows": 0, "Actual Loops": 390, "Index Cond": "(id = mc.company_id)", "Rows Removed by Index Recheck": 0, "Filter": "(((country_code)::text = '[us]'::text) AND ((name)::text = 'YouTube'::text))", "Rows Removed by Filter": 1, "Workers": []}]}, {"Node Type": "Index Only Scan", "Parent Relationship": "Inner", "Parallel Aware": false, "Async Capable": false, "Scan Direction": "Forward", "Index Name": "company_type_pkey", "Relation Name": "company_type", "Alias": "ct", "Startup Cost": 0.13, "Total Cost": 0.15, "Plan Rows": 1, "Plan Width": 4, "Actual Rows": 1, "Actual Loops": 6, "Index Cond": "(id = mc.company_type_id)", "Rows Removed by Index Recheck": 0, "Heap Fetches": 6, "Workers": []}]}]}]}]}]}]}, "Planning Time": 9.675, "Triggers": [], "Execution Time": 2271.439}, {"Plan": {"Node Type": "Aggregate", "Strategy": "Plain", "Partial Mode": "Finalize", "Parallel Aware": false, "Async Capable": false, "Startup Cost": 294608.56, "Total Cost": 294608.57, "Plan Rows": 1, "Plan Width": 64, "Actual Rows": 1, "Actual Loops": 1, "Plans": [{"Node Type": "Gather", "Parent Relationship": "Outer", "Parallel Aware": false, "Async Capable": false, "Startup Cost": 294608.02, "Total Cost": 294608.53, "Plan Rows": 5, "Plan Width": 64, "Actual Rows": 6, "Actual Loops": 1, "Workers Planned": 5, "Workers Launched": 5, "Single Copy": false, "Plans": [{"Node Type": "Aggregate", "Strategy": "Plain", "Partial Mode": "Partial", "Parent Relationship": "Outer", "Parallel Aware": false, "Async Capable": false, "Startup Cost": 293608.02, "Total Cost": 293608.03, "Plan Rows": 1, "Plan Width": 64, "Actual Rows": 1, "Actual Loops": 6, "Workers": [], "Plans": [{"Node Type": "Hash Join", "Parent Relationship": "Outer", "Parallel Aware": true, "Async Capable": false, "Join Type": "Inner", "Startup Cost": 87443.29, "Total Cost": 293608.0, "Plan Rows": 4, "Plan Width": 60, "Actual Rows": 12, "Actual Loops": 6, "Inner Unique": false, "Hash Cond": "(t.id = at.movie_id)", "Workers": [], "Plans": [{"Node Type": "Nested Loop", "Parent Relationship": "Outer", "Parallel Aware": false, "Async Capable": false, "Join Type": "Inner", "Startup Cost": 2.86, "Total Cost": 206167.55, "Plan Rows": 1, "Plan Width": 68, "Actual Rows": 295, "Actual Loops": 6, "Inner Unique": true, "Workers": [], "Plans": [{"Node Type": "Hash Join", "Parent Relationship": "Outer", "Parallel Aware": false, "Async Capable": false, "Join Type": "Inner", "Startup Cost": 2.43, "Total Cost": 206159.15, "Plan Rows": 1, "Plan Width": 47, "Actual Rows": 295, "Actual Loops": 6, "Inner Unique": true, "Hash Cond": "(mi.info_type_id = it1.id)", "Workers": [], "Plans": [{"Node Type": "Seq Scan", "Parent Relationship": "Outer", "Parallel Aware": true, "Async Capable": false, "Relation Name": "movie_info", "Alias": "mi", "Startup Cost": 0.0, "Total Cost": 206156.59, "Plan Rows": 50, "Plan Width": 51, "Actual Rows": 295, "Actual Loops": 6, "Filter": "(((note)::text ~~ '%internet%'::text) AND ((info)::text ~~ 'USA:% 200%'::text))", "Rows Removed by Filter": 2472325, "Workers": []}, {"Node Type": "Hash", "Parent Relationship": "Inner", "Parallel Aware": false, "Async Capable": false, "Startup Cost": 2.41, "Total Cost": 2.41, "Plan Rows": 1, "Plan Width": 4, "Actual Rows": 1, "Actual Loops": 6, "Hash Buckets": 1024, "Original Hash Buckets": 1024, "Hash Batches": 1, "Original Hash Batches": 1, "Peak Memory Usage": 9, "Workers": [], "Plans": [{"Node Type": "Seq Scan", "Parent Relationship": "Outer", "Parallel Aware": false, "Async Capable": false, "Relation Name": "info_type", "Alias": "it1", "Startup Cost": 0.0, "Total Cost": 2.41, "Plan Rows": 1, "Plan Width": 4, "Actual Rows": 1, "Actual Loops": 6, "Filter": "((info)::text = 'release dates'::text)", "Rows Removed by Filter": 112, "Workers": []}]}]}, {"Node Type": "Index Scan", "Parent Relationship": "Inner", "Parallel Aware": false, "Async Capable": false, "Scan Direction": "Forward", "Index Name": "title_pkey", "Relation Name": "title", "Alias": "t", "Startup Cost": 0.43, "Total Cost": 8.4, "Plan Rows": 1, "Plan Width": 21, "Actual Rows": 1, "Actual Loops": 1771, "Index Cond": "(id = mi.movie_id)", "Rows Removed by Index Recheck": 0, "Filter": "(production_year >= 1986)", "Rows Removed by Filter": 0, "Workers": []}]}, {"Node Type": "Hash", "Parent Relationship": "Inner", "Parallel Aware": true, "Async Capable": false, "Startup Cost": 87439.67, "Total Cost": 87439.67, "Plan Rows": 61, "Plan Width": 12, "Actual Rows": 113, "Actual Loops": 6, "Hash Buckets": 1024, "Original Hash Buckets": 1024, "Hash Batches": 1, "Original Hash Batches": 1, "Peak Memory Usage": 200, "Workers": [], "Plans": [{"Node Type": "Nested Loop", "Parent Relationship": "Outer", "Parallel Aware": false, "Async Capable": false, "Join Type": "Inner", "Startup Cost": 42867.3, "Total Cost": 87439.67, "Plan Rows": 61, "Plan Width": 12, "Actual Rows": 113, "Actual Loops": 6, "Inner Unique": true, "Workers": [], "Plans": [{"Node Type": "Hash Join", "Parent Relationship": "Outer", "Parallel Aware": true, "Async Capable": false, "Join Type": "Inner", "Startup Cost": 42866.88, "Total Cost": 87412.95, "Plan Rows": 61, "Plan Width": 16, "Actual Rows": 113, "Actual Loops": 6, "Inner Unique": false, "Hash Cond": "(mk.movie_id = at.movie_id)", "Workers": [], "Plans": [{"Node Type": "Seq Scan", "Parent Relationship": "Outer", "Parallel Aware": true, "Async Capable": false, "Relation Name": "movie_keyword", "Alias": "mk", "Startup Cost": 0.0, "Total Cost": 39073.32, "Plan Rows": 1459332, "Plan Width": 8, "Actual Rows": 753988, "Actual Loops": 6, "Workers": []}, {"Node Type": "Hash", "Parent Relationship": "Inner", "Parallel Aware": true, "Async Capable": false, "Startup Cost": 42866.84, "Total Cost": 42866.84, "Plan Rows": 3, "Plan Width": 8, "Actual Rows": 11, "Actual Loops": 6, "Hash Buckets": 1024, "Original Hash Buckets": 1024, "Hash Batches": 1, "Original Hash Batches": 1, "Peak Memory Usage": 200, "Workers": [], "Plans": [{"Node Type": "Nested Loop", "Parent Relationship": "Outer", "Parallel Aware": false, "Async Capable": false, "Join Type": "Inner", "Startup Cost": 34563.64, "Total Cost": 42866.84, "Plan Rows": 3, "Plan Width": 8, "Actual Rows": 11, "Actual Loops": 6, "Inner Unique": true, "Workers": [], "Plans": [{"Node Type": "Hash Join", "Parent Relationship": "Outer", "Parallel Aware": true, "Async Capable": false, "Join Type": "Inner", "Startup Cost": 34563.5, "Total Cost": 42866.44, "Plan Rows": 3, "Plan Width": 12, "Actual Rows": 11, "Actual Loops": 6, "Inner Unique": false, "Hash Cond": "(at.movie_id = mc.movie_id)", "Workers": [], "Plans": [{"Node Type": "Seq Scan", "Parent Relationship": "Outer", "Parallel Aware": true, "Async Capable": false, "Relation Name": "aka_title", "Alias": "at", "Startup Cost": 0.0, "Total Cost": 7738.13, "Plan Rows": 150613, "Plan Width": 4, "Actual Rows": 60245, "Actual Loops": 6, "Workers": []}, {"Node Type": "Hash", "Parent Relationship": "Inner", "Parallel Aware": true, "Async Capable": false, "Startup Cost": 34563.45, "Total Cost": 34563.45, "Plan Rows": 4, "Plan Width": 8, "Actual Rows": 243, "Actual Loops": 6, "Hash Buckets": 1024, "Original Hash Buckets": 1024, "Hash Batches": 1, "Original Hash Batches": 1, "Peak Memory Usage": 200, "Workers": [], "Plans": [{"Node Type": "Hash Join", "Parent Relationship": "Outer", "Parallel Aware": true, "Async Capable": false, "Join Type": "Inner", "Startup Cost": 5113.52, "Total Cost": 34563.45, "Plan Rows": 4, "Plan Width": 8, "Actual Rows": 243, "Actual Loops": 6, "Inner Unique": true, "Hash Cond": "(mc.company_id = cn.id)", "Workers": [], "Plans": [{"Node Type": "Seq Scan", "Parent Relationship": "Outer", "Parallel Aware": true, "Async Capable": false, "Relation Name": "movie_companies", "Alias": "mc", "Startup Cost": 0.0, "Total Cost": 27240.55, "Plan Rows": 841655, "Plan Width": 12, "Actual Rows": 434855, "Actual Loops": 6, "Workers": []}, {"Node Type": "Hash", "Parent Relationship": "Inner", "Parallel Aware": true, "Async Capable": false, "Startup Cost": 5113.5, "Total Cost": 5113.5, "Plan Rows": 1, "Plan Width": 4, "Actual Rows": 0, "Actual Loops": 6, "Hash Buckets": 1024, "Original Hash Buckets": 1024, "Hash Batches": 1, "Original Hash Batches": 1, "Peak Memory Usage": 40, "Workers": [], "Plans": [{"Node Type": "Seq Scan", "Parent Relationship": "Outer", "Parallel Aware": true, "Async Capable": false, "Relation Name": "company_name", "Alias": "cn", "Startup Cost": 0.0, "Total Cost": 5113.5, "Plan Rows": 1, "Plan Width": 4, "Actual Rows": 0, "Actual Loops": 6, "Filter": "(((country_code)::text = '[us]'::text) AND ((name)::text = 'YouTube'::text))", "Rows Removed by Filter": 39166, "Workers": []}]}]}]}]}, {"Node Type": "Memoize", "Parent Relationship": "Inner", "Parallel Aware": false, "Async Capable": false, "Startup Cost": 0.14, "Total Cost": 0.16, "Plan Rows": 1, "Plan Width": 4, "Actual Rows": 1, "Actual Loops": 67, "Cache Key": "mc.company_type_id", "Cache Mode": "logical", "Cache Hits": 9, "Cache Misses": 1, "Cache Evictions": 0, "Cache Overflows": 0, "Peak Memory Usage": 1, "Workers": [{"Worker Number": 0, "Cache Hits": 13, "Cache Misses": 2, "Cache Evictions": 0, "Cache Overflows": 0, "Peak Memory Usage": 1}, {"Worker Number": 1, "Cache Hits": 9, "Cache Misses": 2, "Cache Evictions": 0, "Cache Overflows": 0, "Peak Memory Usage": 1}, {"Worker Number": 2, "Cache Hits": 12, "Cache Misses": 1, "Cache Evictions": 0, "Cache Overflows": 0, "Peak Memory Usage": 1}, {"Worker Number": 3, "Cache Hits": 7, "Cache Misses": 2, "Cache Evictions": 0, "Cache Overflows": 0, "Peak Memory Usage": 1}, {"Worker Number": 4, "Cache Hits": 7, "Cache Misses": 2, "Cache Evictions": 0, "Cache Overflows": 0, "Peak Memory Usage": 1}], "Plans": [{"Node Type": "Index Only Scan", "Parent Relationship": "Outer", "Parallel Aware": false, "Async Capable": false, "Scan Direction": "Forward", "Index Name": "company_type_pkey", "Relation Name": "company_type", "Alias": "ct", "Startup Cost": 0.13, "Total Cost": 0.15, "Plan Rows": 1, "Plan Width": 4, "Actual Rows": 1, "Actual Loops": 10, "Index Cond": "(id = mc.company_type_id)", "Rows Removed by Index Recheck": 0, "Heap Fetches": 10, "Workers": []}]}]}]}]}, {"Node Type": "Index Only Scan", "Parent Relationship": "Inner", "Parallel Aware": false, "Async Capable": false, "Scan Direction": "Forward", "Index Name": "keyword_pkey", "Relation Name": "keyword", "Alias": "k", "Startup Cost": 0.42, "Total Cost": 0.44, "Plan Rows": 1, "Plan Width": 4, "Actual Rows": 1, "Actual Loops": 678, "Index Cond": "(id = mk.keyword_id)", "Rows Removed by Index Recheck": 0, "Heap Fetches": 0, "Workers": []}]}]}]}]}]}]}, "Planning Time": 13.372, "Triggers": [], "Execution Time": 561.687}, {"Plan": {"Node Type": "Aggregate", "Strategy": "Plain", "Partial Mode": "Finalize", "Parallel Aware": false, "Async Capable": false, "Startup Cost": 418691.22, "Total Cost": 418691.23, "Plan Rows": 1, "Plan Width": 64, "Actual Rows": 1, "Actual Loops": 1, "Plans": [{"Node Type": "Gather", "Parent Relationship": "Outer", "Parallel Aware": false, "Async Capable": false, "Startup Cost": 418690.9, "Total Cost": 418691.21, "Plan Rows": 3, "Plan Width": 64, "Actual Rows": 4, "Actual Loops": 1, "Workers Planned": 3, "Workers Launched": 3, "Single Copy": false, "Plans": [{"Node Type": "Aggregate", "Strategy": "Plain", "Partial Mode": "Partial", "Parent Relationship": "Outer", "Parallel Aware": false, "Async Capable": false, "Startup Cost": 417690.9, "Total Cost": 417690.91, "Plan Rows": 1, "Plan Width": 64, "Actual Rows": 1, "Actual Loops": 4, "Workers": [], "Plans": [{"Node Type": "Hash Join", "Parent Relationship": "Outer", "Parallel Aware": true, "Async Capable": false, "Join Type": "Inner", "Startup Cost": 387292.03, "Total Cost": 417690.87, "Plan Rows": 6, "Plan Width": 60, "Actual Rows": 18, "Actual Loops": 4, "Inner Unique": false, "Hash Cond": "(t.id = at.movie_id)", "Workers": [], "Plans": [{"Node Type": "Nested Loop", "Parent Relationship": "Outer", "Parallel Aware": false, "Async Capable": false, "Join Type": "Inner", "Startup Cost": 206160.14, "Total Cost": 236557.54, "Plan Rows": 1, "Plan Width": 72, "Actual Rows": 24, "Actual Loops": 4, "Inner Unique": true, "Join Filter": "(t.id = mi.movie_id)", "Rows Removed by Join Filter": 0, "Workers": [], "Plans": [{"Node Type": "Nested Loop", "Parent Relationship": "Outer", "Parallel Aware": false, "Async Capable": false, "Join Type": "Inner", "Startup Cost": 206159.71, "Total Cost": 236557.0, "Plan Rows": 1, "Plan Width": 51, "Actual Rows": 24, "Actual Loops": 4, "Inner Unique": true, "Workers": [], "Plans": [{"Node Type": "Nested Loop", "Parent Relationship": "Outer", "Parallel Aware": false, "Async Capable": false, "Join Type": "Inner", "Startup Cost": 206159.58, "Total Cost": 236556.85, "Plan Rows": 1, "Plan Width": 55, "Actual Rows": 24, "Actual Loops": 4, "Inner Unique": true, "Workers": [], "Plans": [{"Node Type": "Hash Join", "Parent Relationship": "Outer", "Parallel Aware": true, "Async Capable": false, "Join Type": "Inner", "Startup Cost": 206159.16, "Total Cost": 236555.92, "Plan Rows": 2, "Plan Width": 59, "Actual Rows": 717, "Actual Loops": 4, "Inner Unique": false, "Hash Cond": "(mc.movie_id = mi.movie_id)", "Workers": [], "Plans": [{"Node Type": "Seq Scan", "Parent Relationship": "Outer", "Parallel Aware": true, "Async Capable": false, "Relation Name": "movie_companies", "Alias": "mc", "Startup Cost": 0.0, "Total Cost": 27240.55, "Plan Rows": 841655, "Plan Width": 12, "Actual Rows": 652282, "Actual Loops": 4, "Workers": []}, {"Node Type": "Hash", "Parent Relationship": "Inner", "Parallel Aware": true, "Async Capable": false, "Startup Cost": 206159.15, "Total Cost": 206159.15, "Plan Rows": 1, "Plan Width": 47, "Actual Rows": 443, "Actual Loops": 4, "Hash Buckets": 1024, "Original Hash Buckets": 1024, "Hash Batches": 1, "Original Hash Batches": 1, "Peak Memory Usage": 136, "Workers": [], "Plans": [{"Node Type": "Hash Join", "Parent Relationship": "Outer", "Parallel Aware": false, "Async Capable": false, "Join Type": "Inner", "Startup Cost": 2.43, "Total Cost": 206159.15, "Plan Rows": 1, "Plan Width": 47, "Actual Rows": 443, "Actual Loops": 4, "Inner Unique": true, "Hash Cond": "(mi.info_type_id = it1.id)", "Workers": [], "Plans": [{"Node Type": "Seq Scan", "Parent Relationship": "Outer", "Parallel Aware": true, "Async Capable": false, "Relation Name": "movie_info", "Alias": "mi", "Startup Cost": 0.0, "Total Cost": 206156.59, "Plan Rows": 50, "Plan Width": 51, "Actual Rows": 443, "Actual Loops": 4, "Filter": "(((note)::text ~~ '%internet%'::text) AND ((info)::text ~~ 'USA:% 200%'::text))", "Rows Removed by Filter": 3708487, "Workers": []}, {"Node Type": "Hash", "Parent Relationship": "Inner", "Parallel Aware": false, "Async Capable": false, "Startup Cost": 2.41, "Total Cost": 2.41, "Plan Rows": 1, "Plan Width": 4, "Actual Rows": 1, "Actual Loops": 4, "Hash Buckets": 1024, "Original Hash Buckets": 1024, "Hash Batches": 1, "Original Hash Batches": 1, "Peak Memory Usage": 9, "Workers": [], "Plans": [{"Node Type": "Seq Scan", "Parent Relationship": "Outer", "Parallel Aware": false, "Async Capable": false, "Relation Name": "info_type", "Alias": "it1", "Startup Cost": 0.0, "Total Cost": 2.41, "Plan Rows": 1, "Plan Width": 4, "Actual Rows": 1, "Actual Loops": 4, "Filter": "((info)::text = 'release dates'::text)", "Rows Removed by Filter": 112, "Workers": []}]}]}]}]}, {"Node Type": "Index Scan", "Parent Relationship": "Inner", "Parallel Aware": false, "Async Capable": false, "Scan Direction": "Forward", "Index Name": "company_name_pkey", "Relation Name": "company_name", "Alias": "cn", "Startup Cost": 0.42, "Total Cost": 0.45, "Plan Rows": 1, "Plan Width": 4, "Actual Rows": 0, "Actual Loops": 2867, "Index Cond": "(id = mc.company_id)", "Rows Removed by Index Recheck": 0, "Filter": "(((country_code)::text = '[us]'::text) AND ((name)::text = 'YouTube'::text))", "Rows Removed by Filter": 1, "Workers": []}]}, {"Node Type": "Index Only Scan", "Parent Relationship": "Inner", "Parallel Aware": false, "Async Capable": false, "Scan Direction": "Forward", "Index Name": "company_type_pkey", "Relation Name": "company_type", "Alias": "ct", "Startup Cost": 0.13, "Total Cost": 0.15, "Plan Rows": 1, "Plan Width": 4, "Actual Rows": 1, "Actual Loops": 96, "Index Cond": "(id = mc.company_type_id)", "Rows Removed by Index Recheck": 0, "Heap Fetches": 96, "Workers": []}]}, {"Node Type": "Index Scan", "Parent Relationship": "Inner", "Parallel Aware": false, "Async Capable": false, "Scan Direction": "Forward", "Index Name": "title_pkey", "Relation Name": "title", "Alias": "t", "Startup Cost": 0.43, "Total Cost": 0.52, "Plan Rows": 1, "Plan Width": 21, "Actual Rows": 1, "Actual Loops": 96, "Index Cond": "(id = mc.movie_id)", "Rows Removed by Index Recheck": 0, "Filter": "(production_year >= 1986)", "Rows Removed by Filter": 0, "Workers": []}]}, {"Node Type": "Hash", "Parent Relationship": "Inner", "Parallel Aware": true, "Async Capable": false, "Startup Cost": 130260.6, "Total Cost": 130260.6, "Plan Rows": 4069703, "Plan Width": 8, "Actual Rows": 1636808, "Actual Loops": 4, "Hash Buckets": 16777216, "Original Hash Buckets": 16777216, "Hash Batches": 1, "Original Hash Batches": 1, "Peak Memory Usage": 387264, "Workers": [], "Plans": [{"Node Type": "Hash Join", "Parent Relationship": "Outer", "Parallel Aware": true, "Async Capable": false, "Join Type": "Inner", "Startup Cost": 65151.86, "Total Cost": 130260.6, "Plan Rows": 4069703, "Plan Width": 8, "Actual Rows": 1636808, "Actual Loops": 4, "Inner Unique": false, "Hash Cond": "(at.movie_id = mk.movie_id)", "Workers": [], "Plans": [{"Node Type": "Seq Scan", "Parent Relationship": "Outer", "Parallel Aware": true, "Async Capable": false, "Relation Name": "aka_title", "Alias": "at", "Startup Cost": 0.0, "Total Cost": 7738.13, "Plan Rows": 150613, "Plan Width": 4, "Actual Rows": 90368, "Actual Loops": 4, "Workers": []}, {"Node Type": "Hash", "Parent Relationship": "Inner", "Parallel Aware": true, "Async Capable": false, "Startup Cost": 46910.21, "Total Cost": 46910.21, "Plan Rows": 1459332, "Plan Width": 4, "Actual Rows": 1130982, "Actual Loops": 4, "Hash Buckets": 8388608, "Original Hash Buckets": 8388608, "Hash Batches": 1, "Original Hash Batches": 1, "Peak Memory Usage": 242528, "Workers": [], "Plans": [{"Node Type": "Hash Join", "Parent Relationship": "Outer", "Parallel Aware": true, "Async Capable": false, "Join Type": "Inner", "Startup Cost": 4006.02, "Total Cost": 46910.21, "Plan Rows": 1459332, "Plan Width": 4, "Actual Rows": 1130982, "Actual Loops": 4, "Inner Unique": true, "Hash Cond": "(mk.keyword_id = k.id)", "Workers": [], "Plans": [{"Node Type": "Seq Scan", "Parent Relationship": "Outer", "Parallel Aware": true, "Async Capable": false, "Relation Name": "movie_keyword", "Alias": "mk", "Startup Cost": 0.0, "Total Cost": 39073.32, "Plan Rows": 1459332, "Plan Width": 8, "Actual Rows": 1130982, "Actual Loops": 4, "Workers": []}, {"Node Type": "Hash", "Parent Relationship": "Inner", "Parallel Aware": true, "Async Capable": false, "Startup Cost": 3307.22, "Total Cost": 3307.22, "Plan Rows": 55904, "Plan Width": 4, "Actual Rows": 33542, "Actual Loops": 4, "Hash Buckets": 262144, "Original Hash Buckets": 262144, "Hash Batches": 1, "Original Hash Batches": 1, "Peak Memory Usage": 7392, "Workers": [], "Plans": [{"Node Type": "Index Only Scan", "Parent Relationship": "Outer", "Parallel Aware": true, "Async Capable": false, "Scan Direction": "Forward", "Index Name": "keyword_pkey", "Relation Name": "keyword", "Alias": "k", "Startup Cost": 0.42, "Total Cost": 3307.22, "Plan Rows": 55904, "Plan Width": 4, "Actual Rows": 33542, "Actual Loops": 4, "Heap Fetches": 0, "Workers": []}]}]}]}]}]}]}]}]}]}, "Planning Time": 13.958, "Triggers": [], "Execution Time": 2781.473}, {"Plan": {"Node Type": "Aggregate", "Strategy": "Plain", "Partial Mode": "Finalize", "Parallel Aware": false, "Async Capable": false, "Startup Cost": 290409.63, "Total Cost": 290409.64, "Plan Rows": 1, "Plan Width": 64, "Actual Rows": 1, "Actual Loops": 1, "Plans": [{"Node Type": "Gather", "Parent Relationship": "Outer", "Parallel Aware": false, "Async Capable": false, "Startup Cost": 290409.31, "Total Cost": 290409.62, "Plan Rows": 3, "Plan Width": 64, "Actual Rows": 4, "Actual Loops": 1, "Workers Planned": 3, "Workers Launched": 3, "Single Copy": false, "Plans": [{"Node Type": "Aggregate", "Strategy": "Plain", "Partial Mode": "Partial", "Parent Relationship": "Outer", "Parallel Aware": false, "Async Capable": false, "Startup Cost": 289409.31, "Total Cost": 289409.32, "Plan Rows": 1, "Plan Width": 64, "Actual Rows": 1, "Actual Loops": 4, "Workers": [], "Plans": [{"Node Type": "Nested Loop", "Parent Relationship": "Outer", "Parallel Aware": false, "Async Capable": false, "Join Type": "Inner", "Startup Cost": 244860.87, "Total Cost": 289409.28, "Plan Rows": 6, "Plan Width": 60, "Actual Rows": 18, "Actual Loops": 4, "Inner Unique": true, "Workers": [], "Plans": [{"Node Type": "Nested Loop", "Parent Relationship": "Outer", "Parallel Aware": false, "Async Capable": false, "Join Type": "Inner", "Startup Cost": 244860.73, "Total Cost": 289408.76, "Plan Rows": 6, "Plan Width": 64, "Actual Rows": 18, "Actual Loops": 4, "Inner Unique": true, "Workers": [], "Plans": [{"Node Type": "Hash Join", "Parent Relationship": "Outer", "Parallel Aware": true, "Async Capable": false, "Join Type": "Inner", "Startup Cost": 244860.31, "Total Cost": 289406.14, "Plan Rows": 6, "Plan Width": 68, "Actual Rows": 18, "Actual Loops": 4, "Inner Unique": false, "Hash Cond": "(mk.movie_id = t.id)", "Workers": [], "Plans": [{"Node Type": "Seq Scan", "Parent Relationship": "Outer", "Parallel Aware": true, "Async Capable": false, "Relation Name": "movie_keyword", "Alias": "mk", "Startup Cost": 0.0, "Total Cost": 39073.32, "Plan Rows": 1459332, "Plan Width": 8, "Actual Rows": 1130982, "Actual Loops": 4, "Workers": []}, {"Node Type": "Hash", "Parent Relationship": "Inner", "Parallel Aware": true, "Async Capable": false, "Startup Cost": 244860.3, "Total Cost": 244860.3, "Plan Rows": 1, "Plan Width": 80, "Actual Rows": 2, "Actual Loops": 4, "Hash Buckets": 1024, "Original Hash Buckets": 1024, "Hash Batches": 1, "Original Hash Batches": 1, "Peak Memory Usage": 136, "Workers": [], "Plans": [{"Node Type": "Nested Loop", "Parent Relationship": "Outer", "Parallel Aware": false, "Async Capable": false, "Join Type": "Inner", "Startup Cost": 214463.5, "Total Cost": 244860.3, "Plan Rows": 1, "Plan Width": 80, "Actual Rows": 2, "Actual Loops": 4, "Inner Unique": true, "Workers": [], "Plans": [{"Node Type": "Hash Join", "Parent Relationship": "Outer", "Parallel Aware": true, "Async Capable": false, "Join Type": "Inner", "Startup Cost": 214463.07, "Total Cost": 244859.83, "Plan Rows": 1, "Plan Width": 84, "Actual Rows": 98, "Actual Loops": 4, "Inner Unique": false, "Hash Cond": "(mc.movie_id = t.id)", "Workers": [], "Plans": [{"Node Type": "Seq Scan", "Parent Relationship": "Outer", "Parallel Aware": true, "Async Capable": false, "Relation Name": "movie_companies", "Alias": "mc", "Startup Cost": 0.0, "Total Cost": 27240.55, "Plan Rows": 841655, "Plan Width": 12, "Actual Rows": 652282, "Actual Loops": 4, "Workers": []}, {"Node Type": "Hash", "Parent Relationship": "Inner", "Parallel Aware": true, "Async Capable": false, "Startup Cost": 214463.05, "Total Cost": 214463.05, "Plan Rows": 1, "Plan Width": 72, "Actual Rows": 29, "Actual Loops": 4, "Hash Buckets": 1024, "Original Hash Buckets": 1024, "Hash Batches": 1, "Original Hash Batches": 1, "Peak Memory Usage": 136, "Workers": [], "Plans": [{"Node Type": "Nested Loop", "Parent Relationship": "Outer", "Parallel Aware": false, "Async Capable": false, "Join Type": "Inner", "Startup Cost": 206159.59, "Total Cost": 214463.05, "Plan Rows": 1, "Plan Width": 72, "Actual Rows": 29, "Actual Loops": 4, "Inner Unique": true, "Workers": [], "Plans": [{"Node Type": "Hash Join", "Parent Relationship": "Outer", "Parallel Aware": true, "Async Capable": false, "Join Type": "Inner", "Startup Cost": 206159.16, "Total Cost": 214462.1, "Plan Rows": 1, "Plan Width": 51, "Actual Rows": 29, "Actual Loops": 4, "Inner Unique": false, "Hash Cond": "(at.movie_id = mi.movie_id)", "Workers": [], "Plans": [{"Node Type": "Seq Scan", "Parent Relationship": "Outer", "Parallel Aware": true, "Async Capable": false, "Relation Name": "aka_title", "Alias": "at", "Startup Cost": 0.0, "Total Cost": 7738.13, "Plan Rows": 150613, "Plan Width": 4, "Actual Rows": 90368, "Actual Loops": 4, "Workers": []}, {"Node Type": "Hash", "Parent Relationship": "Inner", "Parallel Aware": true, "Async Capable": false, "Startup Cost": 206159.15, "Total Cost": 206159.15, "Plan Rows": 1, "Plan Width": 47, "Actual Rows": 443, "Actual Loops": 4, "Hash Buckets": 1024, "Original Hash Buckets": 1024, "Hash Batches": 1, "Original Hash Batches": 1, "Peak Memory Usage": 136, "Workers": [], "Plans": [{"Node Type": "Hash Join", "Parent Relationship": "Outer", "Parallel Aware": false, "Async Capable": false, "Join Type": "Inner", "Startup Cost": 2.43, "Total Cost": 206159.15, "Plan Rows": 1, "Plan Width": 47, "Actual Rows": 443, "Actual Loops": 4, "Inner Unique": true, "Hash Cond": "(mi.info_type_id = it1.id)", "Workers": [], "Plans": [{"Node Type": "Seq Scan", "Parent Relationship": "Outer", "Parallel Aware": true, "Async Capable": false, "Relation Name": "movie_info", "Alias": "mi", "Startup Cost": 0.0, "Total Cost": 206156.59, "Plan Rows": 50, "Plan Width": 51, "Actual Rows": 443, "Actual Loops": 4, "Filter": "(((note)::text ~~ '%internet%'::text) AND ((info)::text ~~ 'USA:% 200%'::text))", "Rows Removed by Filter": 3708487, "Workers": []}, {"Node Type": "Hash", "Parent Relationship": "Inner", "Parallel Aware": false, "Async Capable": false, "Startup Cost": 2.41, "Total Cost": 2.41, "Plan Rows": 1, "Plan Width": 4, "Actual Rows": 1, "Actual Loops": 4, "Hash Buckets": 1024, "Original Hash Buckets": 1024, "Hash Batches": 1, "Original Hash Batches": 1, "Peak Memory Usage": 9, "Workers": [], "Plans": [{"Node Type": "Seq Scan", "Parent Relationship": "Outer", "Parallel Aware": false, "Async Capable": false, "Relation Name": "info_type", "Alias": "it1", "Startup Cost": 0.0, "Total Cost": 2.41, "Plan Rows": 1, "Plan Width": 4, "Actual Rows": 1, "Actual Loops": 4, "Filter": "((info)::text = 'release dates'::text)", "Rows Removed by Filter": 112, "Workers": []}]}]}]}]}, {"Node Type": "Index Scan", "Parent Relationship": "Inner", "Parallel Aware": false, "Async Capable": false, "Scan Direction": "Forward", "Index Name": "title_pkey", "Relation Name": "title", "Alias": "t", "Startup Cost": 0.43, "Total Cost": 0.95, "Plan Rows": 1, "Plan Width": 21, "Actual Rows": 1, "Actual Loops": 116, "Index Cond": "(id = at.movie_id)", "Rows Removed by Index Recheck": 0, "Filter": "(production_year >= 1986)", "Rows Removed by Filter": 0, "Workers": []}]}]}]}, {"Node Type": "Memoize", "Parent Relationship": "Inner", "Parallel Aware": false, "Async Capable": false, "Startup Cost": 0.43, "Total Cost": 0.46, "Plan Rows": 1, "Plan Width": 4, "Actual Rows": 0, "Actual Loops": 390, "Cache Key": "mc.company_id", "Cache Mode": "logical", "Cache Hits": 19, "Cache Misses": 38, "Cache Evictions": 0, "Cache Overflows": 0, "Peak Memory Usage": 3, "Workers": [{"Worker Number": 0, "Cache Hits": 70, "Cache Misses": 60, "Cache Evictions": 0, "Cache Overflows": 0, "Peak Memory Usage": 5}, {"Worker Number": 1, "Cache Hits": 51, "Cache Misses": 49, "Cache Evictions": 0, "Cache Overflows": 0, "Peak Memory Usage": 4}, {"Worker Number": 2, "Cache Hits": 45, "Cache Misses": 58, "Cache Evictions": 0, "Cache Overflows": 0, "Peak Memory Usage": 4}], "Plans": [{"Node Type": "Index Scan", "Parent Relationship": "Outer", "Parallel Aware": false, "Async Capable": false, "Scan Direction": "Forward", "Index Name": "company_name_pkey", "Relation Name": "company_name", "Alias": "cn", "Startup Cost": 0.42, "Total Cost": 0.45, "Plan Rows": 1, "Plan Width": 4, "Actual Rows": 0, "Actual Loops": 205, "Index Cond": "(id = mc.company_id)", "Rows Removed by Index Recheck": 0, "Filter": "(((country_code)::text = '[us]'::text) AND ((name)::text = 'YouTube'::text))", "Rows Removed by Filter": 1, "Workers": []}]}]}]}]}, {"Node Type": "Index Only Scan", "Parent Relationship": "Inner", "Parallel Aware": false, "Async Capable": false, "Scan Direction": "Forward", "Index Name": "keyword_pkey", "Relation Name": "keyword", "Alias": "k", "Startup Cost": 0.42, "Total Cost": 0.44, "Plan Rows": 1, "Plan Width": 4, "Actual Rows": 1, "Actual Loops": 71, "Index Cond": "(id = mk.keyword_id)", "Rows Removed by Index Recheck": 0, "Heap Fetches": 0, "Workers": []}]}, {"Node Type": "Memoize", "Parent Relationship": "Inner", "Parallel Aware": false, "Async Capable": false, "Startup Cost": 0.14, "Total Cost": 0.16, "Plan Rows": 1, "Plan Width": 4, "Actual Rows": 1, "Actual Loops": 71, "Cache Key": "mc.company_type_id", "Cache Mode": "logical", "Workers": [{"Worker Number": 2, "Cache Hits": 69, "Cache Misses": 2, "Cache Evictions": 0, "Cache Overflows": 0, "Peak Memory Usage": 1}], "Plans": [{"Node Type": "Index Only Scan", "Parent Relationship": "Outer", "Parallel Aware": false, "Async Capable": false, "Scan Direction": "Forward", "Index Name": "company_type_pkey", "Relation Name": "company_type", "Alias": "ct", "Startup Cost": 0.13, "Total Cost": 0.15, "Plan Rows": 1, "Plan Width": 4, "Actual Rows": 1, "Actual Loops": 2, "Index Cond": "(id = mc.company_type_id)", "Rows Removed by Index Recheck": 0, "Heap Fetches": 2, "Workers": []}]}]}]}]}]}, "Planning Time": 14.79, "Triggers": [], "Execution Time": 891.151}, {"Plan": {"Node Type": "Aggregate", "Strategy": "Plain", "Partial Mode": "Finalize", "Parallel Aware": false, "Async Capable": false, "Startup Cost": 290434.57, "Total Cost": 290434.58, "Plan Rows": 1, "Plan Width": 64, "Actual Rows": 1, "Actual Loops": 1, "Plans": [{"Node Type": "Gather", "Parent Relationship": "Outer", "Parallel Aware": false, "Async Capable": false, "Startup Cost": 290434.25, "Total Cost": 290434.56, "Plan Rows": 3, "Plan Width": 64, "Actual Rows": 4, "Actual Loops": 1, "Workers Planned": 3, "Workers Launched": 3, "Single Copy": false, "Plans": [{"Node Type": "Aggregate", "Strategy": "Plain", "Partial Mode": "Partial", "Parent Relationship": "Outer", "Parallel Aware": false, "Async Capable": false, "Startup Cost": 289434.25, "Total Cost": 289434.26, "Plan Rows": 1, "Plan Width": 64, "Actual Rows": 1, "Actual Loops": 4, "Workers": [], "Plans": [{"Node Type": "Nested Loop", "Parent Relationship": "Outer", "Parallel Aware": false, "Async Capable": false, "Join Type": "Inner", "Startup Cost": 244860.83, "Total Cost": 289434.22, "Plan Rows": 6, "Plan Width": 60, "Actual Rows": 18, "Actual Loops": 4, "Inner Unique": true, "Workers": [], "Plans": [{"Node Type": "Nested Loop", "Parent Relationship": "Outer", "Parallel Aware": false, "Async Capable": false, "Join Type": "Inner", "Startup Cost": 244860.41, "Total Cost": 289419.84, "Plan Rows": 32, "Plan Width": 64, "Actual Rows": 770, "Actual Loops": 4, "Inner Unique": true, "Workers": [], "Plans": [{"Node Type": "Hash Join", "Parent Relationship": "Outer", "Parallel Aware": true, "Async Capable": false, "Join Type": "Inner", "Startup Cost": 244859.99, "Total Cost": 289405.82, "Plan Rows": 32, "Plan Width": 68, "Actual Rows": 770, "Actual Loops": 4, "Inner Unique": false, "Hash Cond": "(mk.movie_id = t.id)", "Workers": [], "Plans": [{"Node Type": "Seq Scan", "Parent Relationship": "Outer", "Parallel Aware": true, "Async Capable": false, "Relation Name": "movie_keyword", "Alias": "mk", "Startup Cost": 0.0, "Total Cost": 39073.32, "Plan Rows": 1459332, "Plan Width": 8, "Actual Rows": 1130982, "Actual Loops": 4, "Workers": []}, {"Node Type": "Hash", "Parent Relationship": "Inner", "Parallel Aware": true, "Async Capable": false, "Startup Cost": 244859.98, "Total Cost": 244859.98, "Plan Rows": 1, "Plan Width": 80, "Actual Rows": 98, "Actual Loops": 4, "Hash Buckets": 1024, "Original Hash Buckets": 1024, "Hash Batches": 1, "Original Hash Batches": 1, "Peak Memory Usage": 136, "Workers": [], "Plans": [{"Node Type": "Nested Loop", "Parent Relationship": "Outer", "Parallel Aware": false, "Async Capable": false, "Join Type": "Inner", "Startup Cost": 214463.2, "Total Cost": 244859.98, "Plan Rows": 1, "Plan Width": 80, "Actual Rows": 98, "Actual Loops": 4, "Inner Unique": true, "Workers": [], "Plans": [{"Node Type": "Hash Join", "Parent Relationship": "Outer", "Parallel Aware": true, "Async Capable": false, "Join Type": "Inner", "Startup Cost": 214463.07, "Total Cost": 244859.83, "Plan Rows": 1, "Plan Width": 84, "Actual Rows": 98, "Actual Loops": 4, "Inner Unique": false, "Hash Cond": "(mc.movie_id = t.id)", "Workers": [], "Plans": [{"Node Type": "Seq Scan", "Parent Relationship": "Outer", "Parallel Aware": true, "Async Capable": false, "Relation Name": "movie_companies", "Alias": "mc", "Startup Cost": 0.0, "Total Cost": 27240.55, "Plan Rows": 841655, "Plan Width": 12, "Actual Rows": 652282, "Actual Loops": 4, "Workers": []}, {"Node Type": "Hash", "Parent Relationship": "Inner", "Parallel Aware": true, "Async Capable": false, "Startup Cost": 214463.05, "Total Cost": 214463.05, "Plan Rows": 1, "Plan Width": 72, "Actual Rows": 29, "Actual Loops": 4, "Hash Buckets": 1024, "Original Hash Buckets": 1024, "Hash Batches": 1, "Original Hash Batches": 1, "Peak Memory Usage": 136, "Workers": [], "Plans": [{"Node Type": "Nested Loop", "Parent Relationship": "Outer", "Parallel Aware": false, "Async Capable": false, "Join Type": "Inner", "Startup Cost": 206159.59, "Total Cost": 214463.05, "Plan Rows": 1, "Plan Width": 72, "Actual Rows": 29, "Actual Loops": 4, "Inner Unique": true, "Workers": [], "Plans": [{"Node Type": "Hash Join", "Parent Relationship": "Outer", "Parallel Aware": true, "Async Capable": false, "Join Type": "Inner", "Startup Cost": 206159.16, "Total Cost": 214462.1, "Plan Rows": 1, "Plan Width": 51, "Actual Rows": 29, "Actual Loops": 4, "Inner Unique": false, "Hash Cond": "(at.movie_id = mi.movie_id)", "Workers": [], "Plans": [{"Node Type": "Seq Scan", "Parent Relationship": "Outer", "Parallel Aware": true, "Async Capable": false, "Relation Name": "aka_title", "Alias": "at", "Startup Cost": 0.0, "Total Cost": 7738.13, "Plan Rows": 150613, "Plan Width": 4, "Actual Rows": 90368, "Actual Loops": 4, "Workers": []}, {"Node Type": "Hash", "Parent Relationship": "Inner", "Parallel Aware": true, "Async Capable": false, "Startup Cost": 206159.15, "Total Cost": 206159.15, "Plan Rows": 1, "Plan Width": 47, "Actual Rows": 443, "Actual Loops": 4, "Hash Buckets": 1024, "Original Hash Buckets": 1024, "Hash Batches": 1, "Original Hash Batches": 1, "Peak Memory Usage": 136, "Workers": [], "Plans": [{"Node Type": "Hash Join", "Parent Relationship": "Outer", "Parallel Aware": false, "Async Capable": false, "Join Type": "Inner", "Startup Cost": 2.43, "Total Cost": 206159.15, "Plan Rows": 1, "Plan Width": 47, "Actual Rows": 443, "Actual Loops": 4, "Inner Unique": true, "Hash Cond": "(mi.info_type_id = it1.id)", "Workers": [], "Plans": [{"Node Type": "Seq Scan", "Parent Relationship": "Outer", "Parallel Aware": true, "Async Capable": false, "Relation Name": "movie_info", "Alias": "mi", "Startup Cost": 0.0, "Total Cost": 206156.59, "Plan Rows": 50, "Plan Width": 51, "Actual Rows": 443, "Actual Loops": 4, "Filter": "(((note)::text ~~ '%internet%'::text) AND ((info)::text ~~ 'USA:% 200%'::text))", "Rows Removed by Filter": 3708487, "Workers": []}, {"Node Type": "Hash", "Parent Relationship": "Inner", "Parallel Aware": false, "Async Capable": false, "Startup Cost": 2.41, "Total Cost": 2.41, "Plan Rows": 1, "Plan Width": 4, "Actual Rows": 1, "Actual Loops": 4, "Hash Buckets": 1024, "Original Hash Buckets": 1024, "Hash Batches": 1, "Original Hash Batches": 1, "Peak Memory Usage": 9, "Workers": [], "Plans": [{"Node Type": "Seq Scan", "Parent Relationship": "Outer", "Parallel Aware": false, "Async Capable": false, "Relation Name": "info_type", "Alias": "it1", "Startup Cost": 0.0, "Total Cost": 2.41, "Plan Rows": 1, "Plan Width": 4, "Actual Rows": 1, "Actual Loops": 4, "Filter": "((info)::text = 'release dates'::text)", "Rows Removed by Filter": 112, "Workers": []}]}]}]}]}, {"Node Type": "Index Scan", "Parent Relationship": "Inner", "Parallel Aware": false, "Async Capable": false, "Scan Direction": "Forward", "Index Name": "title_pkey", "Relation Name": "title", "Alias": "t", "Startup Cost": 0.43, "Total Cost": 0.95, "Plan Rows": 1, "Plan Width": 21, "Actual Rows": 1, "Actual Loops": 116, "Index Cond": "(id = at.movie_id)", "Rows Removed by Index Recheck": 0, "Filter": "(production_year >= 1986)", "Rows Removed by Filter": 0, "Workers": []}]}]}]}, {"Node Type": "Index Only Scan", "Parent Relationship": "Inner", "Parallel Aware": false, "Async Capable": false, "Scan Direction": "Forward", "Index Name": "company_type_pkey", "Relation Name": "company_type", "Alias": "ct", "Startup Cost": 0.13, "Total Cost": 0.15, "Plan Rows": 1, "Plan Width": 4, "Actual Rows": 1, "Actual Loops": 390, "Index Cond": "(id = mc.company_type_id)", "Rows Removed by Index Recheck": 0, "Heap Fetches": 390, "Workers": []}]}]}]}, {"Node Type": "Index Only Scan", "Parent Relationship": "Inner", "Parallel Aware": false, "Async Capable": false, "Scan Direction": "Forward", "Index Name": "keyword_pkey", "Relation Name": "keyword", "Alias": "k", "Startup Cost": 0.42, "Total Cost": 0.44, "Plan Rows": 1, "Plan Width": 4, "Actual Rows": 1, "Actual Loops": 3079, "Index Cond": "(id = mk.keyword_id)", "Rows Removed by Index Recheck": 0, "Heap Fetches": 0, "Workers": []}]}, {"Node Type": "Index Scan", "Parent Relationship": "Inner", "Parallel Aware": false, "Async Capable": false, "Scan Direction": "Forward", "Index Name": "company_name_pkey", "Relation Name": "company_name", "Alias": "cn", "Startup Cost": 0.42, "Total Cost": 0.45, "Plan Rows": 1, "Plan Width": 4, "Actual Rows": 0, "Actual Loops": 3079, "Index Cond": "(id = mc.company_id)", "Rows Removed by Index Recheck": 0, "Filter": "(((country_code)::text = '[us]'::text) AND ((name)::text = 'YouTube'::text))", "Rows Removed by Filter": 1, "Workers": []}]}]}]}]}, "Planning Time": 14.816, "Triggers": [], "Execution Time": 894.289}, {"Plan": {"Node Type": "Aggregate", "Strategy": "Plain", "Partial Mode": "Finalize", "Parallel Aware": false, "Async Capable": false, "Startup Cost": 298243.53, "Total Cost": 298243.54, "Plan Rows": 1, "Plan Width": 64, "Actual Rows": 1, "Actual Loops": 1, "Plans": [{"Node Type": "Gather", "Parent Relationship": "Outer", "Parallel Aware": false, "Async Capable": false, "Startup Cost": 298243.2, "Total Cost": 298243.51, "Plan Rows": 3, "Plan Width": 64, "Actual Rows": 4, "Actual Loops": 1, "Workers Planned": 3, "Workers Launched": 3, "Single Copy": false, "Plans": [{"Node Type": "Aggregate", "Strategy": "Plain", "Partial Mode": "Partial", "Parent Relationship": "Outer", "Parallel Aware": false, "Async Capable": false, "Startup Cost": 297243.2, "Total Cost": 297243.21, "Plan Rows": 1, "Plan Width": 64, "Actual Rows": 1, "Actual Loops": 4, "Workers": [], "Plans": [{"Node Type": "Hash Join", "Parent Relationship": "Outer", "Parallel Aware": true, "Async Capable": false, "Join Type": "Inner", "Startup Cost": 248866.48, "Total Cost": 297243.17, "Plan Rows": 6, "Plan Width": 60, "Actual Rows": 18, "Actual Loops": 4, "Inner Unique": false, "Hash Cond": "(mk.movie_id = t.id)", "Workers": [], "Plans": [{"Node Type": "Hash Join", "Parent Relationship": "Outer", "Parallel Aware": true, "Async Capable": false, "Join Type": "Inner", "Startup Cost": 4006.02, "Total Cost": 46910.21, "Plan Rows": 1459332, "Plan Width": 4, "Actual Rows": 1130982, "Actual Loops": 4, "Inner Unique": true, "Hash Cond": "(mk.keyword_id = k.id)", "Workers": [], "Plans": [{"Node Type": "Seq Scan", "Parent Relationship": "Outer", "Parallel Aware": true, "Async Capable": false, "Relation Name": "movie_keyword", "Alias": "mk", "Startup Cost": 0.0, "Total Cost": 39073.32, "Plan Rows": 1459332, "Plan Width": 8, "Actual Rows": 1130982, "Actual Loops": 4, "Workers": []}, {"Node Type": "Hash", "Parent Relationship": "Inner", "Parallel Aware": true, "Async Capable": false, "Startup Cost": 3307.22, "Total Cost": 3307.22, "Plan Rows": 55904, "Plan Width": 4, "Actual Rows": 33542, "Actual Loops": 4, "Hash Buckets": 262144, "Original Hash Buckets": 262144, "Hash Batches": 1, "Original Hash Batches": 1, "Peak Memory Usage": 7360, "Workers": [], "Plans": [{"Node Type": "Index Only Scan", "Parent Relationship": "Outer", "Parallel Aware": true, "Async Capable": false, "Scan Direction": "Forward", "Index Name": "keyword_pkey", "Relation Name": "keyword", "Alias": "k", "Startup Cost": 0.42, "Total Cost": 3307.22, "Plan Rows": 55904, "Plan Width": 4, "Actual Rows": 33542, "Actual Loops": 4, "Heap Fetches": 0, "Workers": []}]}]}, {"Node Type": "Hash", "Parent Relationship": "Inner", "Parallel Aware": true, "Async Capable": false, "Startup Cost": 244860.45, "Total Cost": 244860.45, "Plan Rows": 1, "Plan Width": 76, "Actual Rows": 2, "Actual Loops": 4, "Hash Buckets": 1024, "Original Hash Buckets": 1024, "Hash Batches": 1, "Original Hash Batches": 1, "Peak Memory Usage": 104, "Workers": [], "Plans": [{"Node Type": "Nested Loop", "Parent Relationship": "Outer", "Parallel Aware": false, "Async Capable": false, "Join Type": "Inner", "Startup Cost": 214463.63, "Total Cost": 244860.45, "Plan Rows": 1, "Plan Width": 76, "Actual Rows": 2, "Actual Loops": 4, "Inner Unique": true, "Workers": [], "Plans": [{"Node Type": "Nested Loop", "Parent Relationship": "Outer", "Parallel Aware": false, "Async Capable": false, "Join Type": "Inner", "Startup Cost": 214463.5, "Total Cost": 244860.3, "Plan Rows": 1, "Plan Width": 80, "Actual Rows": 2, "Actual Loops": 4, "Inner Unique": true, "Workers": [], "Plans": [{"Node Type": "Hash Join", "Parent Relationship": "Outer", "Parallel Aware": true, "Async Capable": false, "Join Type": "Inner", "Startup Cost": 214463.07, "Total Cost": 244859.83, "Plan Rows": 1, "Plan Width": 84, "Actual Rows": 98, "Actual Loops": 4, "Inner Unique": false, "Hash Cond": "(mc.movie_id = t.id)", "Workers": [], "Plans": [{"Node Type": "Seq Scan", "Parent Relationship": "Outer", "Parallel Aware": true, "Async Capable": false, "Relation Name": "movie_companies", "Alias": "mc", "Startup Cost": 0.0, "Total Cost": 27240.55, "Plan Rows": 841655, "Plan Width": 12, "Actual Rows": 652282, "Actual Loops": 4, "Workers": []}, {"Node Type": "Hash", "Parent Relationship": "Inner", "Parallel Aware": true, "Async Capable": false, "Startup Cost": 214463.05, "Total Cost": 214463.05, "Plan Rows": 1, "Plan Width": 72, "Actual Rows": 29, "Actual Loops": 4, "Hash Buckets": 1024, "Original Hash Buckets": 1024, "Hash Batches": 1, "Original Hash Batches": 1, "Peak Memory Usage": 136, "Workers": [], "Plans": [{"Node Type": "Nested Loop", "Parent Relationship": "Outer", "Parallel Aware": false, "Async Capable": false, "Join Type": "Inner", "Startup Cost": 206159.59, "Total Cost": 214463.05, "Plan Rows": 1, "Plan Width": 72, "Actual Rows": 29, "Actual Loops": 4, "Inner Unique": true, "Workers": [], "Plans": [{"Node Type": "Hash Join", "Parent Relationship": "Outer", "Parallel Aware": true, "Async Capable": false, "Join Type": "Inner", "Startup Cost": 206159.16, "Total Cost": 214462.1, "Plan Rows": 1, "Plan Width": 51, "Actual Rows": 29, "Actual Loops": 4, "Inner Unique": false, "Hash Cond": "(at.movie_id = mi.movie_id)", "Workers": [], "Plans": [{"Node Type": "Seq Scan", "Parent Relationship": "Outer", "Parallel Aware": true, "Async Capable": false, "Relation Name": "aka_title", "Alias": "at", "Startup Cost": 0.0, "Total Cost": 7738.13, "Plan Rows": 150613, "Plan Width": 4, "Actual Rows": 90368, "Actual Loops": 4, "Workers": []}, {"Node Type": "Hash", "Parent Relationship": "Inner", "Parallel Aware": true, "Async Capable": false, "Startup Cost": 206159.15, "Total Cost": 206159.15, "Plan Rows": 1, "Plan Width": 47, "Actual Rows": 443, "Actual Loops": 4, "Hash Buckets": 1024, "Original Hash Buckets": 1024, "Hash Batches": 1, "Original Hash Batches": 1, "Peak Memory Usage": 136, "Workers": [], "Plans": [{"Node Type": "Hash Join", "Parent Relationship": "Outer", "Parallel Aware": false, "Async Capable": false, "Join Type": "Inner", "Startup Cost": 2.43, "Total Cost": 206159.15, "Plan Rows": 1, "Plan Width": 47, "Actual Rows": 443, "Actual Loops": 4, "Inner Unique": true, "Hash Cond": "(mi.info_type_id = it1.id)", "Workers": [], "Plans": [{"Node Type": "Seq Scan", "Parent Relationship": "Outer", "Parallel Aware": true, "Async Capable": false, "Relation Name": "movie_info", "Alias": "mi", "Startup Cost": 0.0, "Total Cost": 206156.59, "Plan Rows": 50, "Plan Width": 51, "Actual Rows": 443, "Actual Loops": 4, "Filter": "(((note)::text ~~ '%internet%'::text) AND ((info)::text ~~ 'USA:% 200%'::text))", "Rows Removed by Filter": 3708487, "Workers": []}, {"Node Type": "Hash", "Parent Relationship": "Inner", "Parallel Aware": false, "Async Capable": false, "Startup Cost": 2.41, "Total Cost": 2.41, "Plan Rows": 1, "Plan Width": 4, "Actual Rows": 1, "Actual Loops": 4, "Hash Buckets": 1024, "Original Hash Buckets": 1024, "Hash Batches": 1, "Original Hash Batches": 1, "Peak Memory Usage": 9, "Workers": [], "Plans": [{"Node Type": "Seq Scan", "Parent Relationship": "Outer", "Parallel Aware": false, "Async Capable": false, "Relation Name": "info_type", "Alias": "it1", "Startup Cost": 0.0, "Total Cost": 2.41, "Plan Rows": 1, "Plan Width": 4, "Actual Rows": 1, "Actual Loops": 4, "Filter": "((info)::text = 'release dates'::text)", "Rows Removed by Filter": 112, "Workers": []}]}]}]}]}, {"Node Type": "Index Scan", "Parent Relationship": "Inner", "Parallel Aware": false, "Async Capable": false, "Scan Direction": "Forward", "Index Name": "title_pkey", "Relation Name": "title", "Alias": "t", "Startup Cost": 0.43, "Total Cost": 0.95, "Plan Rows": 1, "Plan Width": 21, "Actual Rows": 1, "Actual Loops": 116, "Index Cond": "(id = at.movie_id)", "Rows Removed by Index Recheck": 0, "Filter": "(production_year >= 1986)", "Rows Removed by Filter": 0, "Workers": []}]}]}]}, {"Node Type": "Memoize", "Parent Relationship": "Inner", "Parallel Aware": false, "Async Capable": false, "Startup Cost": 0.43, "Total Cost": 0.46, "Plan Rows": 1, "Plan Width": 4, "Actual Rows": 0, "Actual Loops": 390, "Cache Key": "mc.company_id", "Cache Mode": "logical", "Cache Hits": 58, "Cache Misses": 41, "Cache Evictions": 0, "Cache Overflows": 0, "Peak Memory Usage": 3, "Workers": [{"Worker Number": 0, "Cache Hits": 53, "Cache Misses": 63, "Cache Evictions": 0, "Cache Overflows": 0, "Peak Memory Usage": 5}, {"Worker Number": 1, "Cache Hits": 25, "Cache Misses": 56, "Cache Evictions": 0, "Cache Overflows": 0, "Peak Memory Usage": 4}, {"Worker Number": 2, "Cache Hits": 46, "Cache Misses": 48, "Cache Evictions": 0, "Cache Overflows": 0, "Peak Memory Usage": 4}], "Plans": [{"Node Type": "Index Scan", "Parent Relationship": "Outer", "Parallel Aware": false, "Async Capable": false, "Scan Direction": "Forward", "Index Name": "company_name_pkey", "Relation Name": "company_name", "Alias": "cn", "Startup Cost": 0.42, "Total Cost": 0.45, "Plan Rows": 1, "Plan Width": 4, "Actual Rows": 0, "Actual Loops": 208, "Index Cond": "(id = mc.company_id)", "Rows Removed by Index Recheck": 0, "Filter": "(((country_code)::text = '[us]'::text) AND ((name)::text = 'YouTube'::text))", "Rows Removed by Filter": 1, "Workers": []}]}]}, {"Node Type": "Index Only Scan", "Parent Relationship": "Inner", "Parallel Aware": false, "Async Capable": false, "Scan Direction": "Forward", "Index Name": "company_type_pkey", "Relation Name": "company_type", "Alias": "ct", "Startup Cost": 0.13, "Total Cost": 0.15, "Plan Rows": 1, "Plan Width": 4, "Actual Rows": 1, "Actual Loops": 6, "Index Cond": "(id = mc.company_type_id)", "Rows Removed by Index Recheck": 0, "Heap Fetches": 6, "Workers": []}]}]}]}]}]}]}, "Planning Time": 13.625, "Triggers": [], "Execution Time": 1138.764}, {"Plan": {"Node Type": "Aggregate", "Strategy": "Plain", "Partial Mode": "Finalize", "Parallel Aware": false, "Async Capable": false, "Startup Cost": 295903.75, "Total Cost": 295903.76, "Plan Rows": 1, "Plan Width": 64, "Actual Rows": 1, "Actual Loops": 1, "Plans": [{"Node Type": "Gather", "Parent Relationship": "Outer", "Parallel Aware": false, "Async Capable": false, "Startup Cost": 295903.43, "Total Cost": 295903.74, "Plan Rows": 3, "Plan Width": 64, "Actual Rows": 4, "Actual Loops": 1, "Workers Planned": 3, "Workers Launched": 3, "Single Copy": false, "Plans": [{"Node Type": "Aggregate", "Strategy": "Plain", "Partial Mode": "Partial", "Parent Relationship": "Outer", "Parallel Aware": false, "Async Capable": false, "Startup Cost": 294903.43, "Total Cost": 294903.44, "Plan Rows": 1, "Plan Width": 64, "Actual Rows": 1, "Actual Loops": 4, "Workers": [], "Plans": [{"Node Type": "Hash Join", "Parent Relationship": "Outer", "Parallel Aware": true, "Async Capable": false, "Join Type": "Inner", "Startup Cost": 250349.14, "Total Cost": 294903.4, "Plan Rows": 6, "Plan Width": 60, "Actual Rows": 18, "Actual Loops": 4, "Inner Unique": false, "Hash Cond": "(t.id = at.movie_id)", "Workers": [], "Plans": [{"Node Type": "Nested Loop", "Parent Relationship": "Outer", "Parallel Aware": false, "Async Capable": false, "Join Type": "Inner", "Startup Cost": 34566.38, "Total Cost": 79120.56, "Plan Rows": 20, "Plan Width": 29, "Actual Rows": 528, "Actual Loops": 4, "Inner Unique": true, "Workers": [], "Plans": [{"Node Type": "Hash Join", "Parent Relationship": "Outer", "Parallel Aware": true, "Async Capable": false, "Join Type": "Inner", "Startup Cost": 34565.96, "Total Cost": 79111.8, "Plan Rows": 20, "Plan Width": 33, "Actual Rows": 528, "Actual Loops": 4, "Inner Unique": false, "Hash Cond": "(mk.movie_id = t.id)", "Workers": [], "Plans": [{"Node Type": "Seq Scan", "Parent Relationship": "Outer", "Parallel Aware": true, "Async Capable": false, "Relation Name": "movie_keyword", "Alias": "mk", "Startup Cost": 0.0, "Total Cost": 39073.32, "Plan Rows": 1459332, "Plan Width": 8, "Actual Rows": 1130982, "Actual Loops": 4, "Workers": []}, {"Node Type": "Hash", "Parent Relationship": "Inner", "Parallel Aware": true, "Async Capable": false, "Startup Cost": 34565.92, "Total Cost": 34565.92, "Plan Rows": 3, "Plan Width": 25, "Actual Rows": 364, "Actual Loops": 4, "Hash Buckets": 1024, "Original Hash Buckets": 1024, "Hash Batches": 1, "Original Hash Batches": 1, "Peak Memory Usage": 136, "Workers": [], "Plans": [{"Node Type": "Nested Loop", "Parent Relationship": "Outer", "Parallel Aware": false, "Async Capable": false, "Join Type": "Inner", "Startup Cost": 5114.09, "Total Cost": 34565.92, "Plan Rows": 3, "Plan Width": 25, "Actual Rows": 364, "Actual Loops": 4, "Inner Unique": true, "Workers": [], "Plans": [{"Node Type": "Nested Loop", "Parent Relationship": "Outer", "Parallel Aware": false, "Async Capable": false, "Join Type": "Inner", "Startup Cost": 5113.95, "Total Cost": 34565.53, "Plan Rows": 3, "Plan Width": 29, "Actual Rows": 364, "Actual Loops": 4, "Inner Unique": true, "Workers": [], "Plans": [{"Node Type": "Hash Join", "Parent Relationship": "Outer", "Parallel Aware": true, "Async Capable": false, "Join Type": "Inner", "Startup Cost": 5113.52, "Total Cost": 34563.45, "Plan Rows": 4, "Plan Width": 8, "Actual Rows": 364, "Actual Loops": 4, "Inner Unique": true, "Hash Cond": "(mc.company_id = cn.id)", "Workers": [], "Plans": [{"Node Type": "Seq Scan", "Parent Relationship": "Outer", "Parallel Aware": true, "Async Capable": false, "Relation Name": "movie_companies", "Alias": "mc", "Startup Cost": 0.0, "Total Cost": 27240.55, "Plan Rows": 841655, "Plan Width": 12, "Actual Rows": 652282, "Actual Loops": 4, "Workers": []}, {"Node Type": "Hash", "Parent Relationship": "Inner", "Parallel Aware": true, "Async Capable": false, "Startup Cost": 5113.5, "Total Cost": 5113.5, "Plan Rows": 1, "Plan Width": 4, "Actual Rows": 0, "Actual Loops": 4, "Hash Buckets": 1024, "Original Hash Buckets": 1024, "Hash Batches": 1, "Original Hash Batches": 1, "Peak Memory Usage": 40, "Workers": [], "Plans": [{"Node Type": "Seq Scan", "Parent Relationship": "Outer", "Parallel Aware": true, "Async Capable": false, "Relation Name": "company_name", "Alias": "cn", "Startup Cost": 0.0, "Total Cost": 5113.5, "Plan Rows": 1, "Plan Width": 4, "Actual Rows": 0, "Actual Loops": 4, "Filter": "(((country_code)::text = '[us]'::text) AND ((name)::text = 'YouTube'::text))", "Rows Removed by Filter": 58749, "Workers": []}]}]}, {"Node Type": "Index Scan", "Parent Relationship": "Inner", "Parallel Aware": false, "Async Capable": false, "Scan Direction": "Forward", "Index Name": "title_pkey", "Relation Name": "title", "Alias": "t", "Startup Cost": 0.43, "Total Cost": 0.52, "Plan Rows": 1, "Plan Width": 21, "Actual Rows": 1, "Actual Loops": 1458, "Index Cond": "(id = mc.movie_id)", "Rows Removed by Index Recheck": 0, "Filter": "(production_year >= 1986)", "Rows Removed by Filter": 0, "Workers": []}]}, {"Node Type": "Memoize", "Parent Relationship": "Inner", "Parallel Aware": false, "Async Capable": false, "Startup Cost": 0.14, "Total Cost": 0.16, "Plan Rows": 1, "Plan Width": 4, "Actual Rows": 1, "Actual Loops": 1456, "Cache Key": "mc.company_type_id", "Cache Mode": "logical", "Cache Hits": 412, "Cache Misses": 2, "Cache Evictions": 0, "Cache Overflows": 0, "Peak Memory Usage": 1, "Workers": [{"Worker Number": 0, "Cache Hits": 324, "Cache Misses": 2, "Cache Evictions": 0, "Cache Overflows": 0, "Peak Memory Usage": 1}, {"Worker Number": 1, "Cache Hits": 347, "Cache Misses": 2, "Cache Evictions": 0, "Cache Overflows": 0, "Peak Memory Usage": 1}, {"Worker Number": 2, "Cache Hits": 365, "Cache Misses": 2, "Cache Evictions": 0, "Cache Overflows": 0, "Peak Memory Usage": 1}], "Plans": [{"Node Type": "Index Only Scan", "Parent Relationship": "Outer", "Parallel Aware": false, "Async Capable": false, "Scan Direction": "Forward", "Index Name": "company_type_pkey", "Relation Name": "company_type", "Alias": "ct", "Startup Cost": 0.13, "Total Cost": 0.15, "Plan Rows": 1, "Plan Width": 4, "Actual Rows": 1, "Actual Loops": 8, "Index Cond": "(id = mc.company_type_id)", "Rows Removed by Index Recheck": 0, "Heap Fetches": 8, "Workers": []}]}]}]}]}, {"Node Type": "Index Only Scan", "Parent Relationship": "Inner", "Parallel Aware": false, "Async Capable": false, "Scan Direction": "Forward", "Index Name": "keyword_pkey", "Relation Name": "keyword", "Alias": "k", "Startup Cost": 0.42, "Total Cost": 0.44, "Plan Rows": 1, "Plan Width": 4, "Actual Rows": 1, "Actual Loops": 2111, "Index Cond": "(id = mk.keyword_id)", "Rows Removed by Index Recheck": 0, "Heap Fetches": 0, "Workers": []}]}, {"Node Type": "Hash", "Parent Relationship": "Inner", "Parallel Aware": true, "Async Capable": false, "Startup Cost": 215782.74, "Total Cost": 215782.74, "Plan Rows": 1, "Plan Width": 51, "Actual Rows": 29, "Actual Loops": 4, "Hash Buckets": 1024, "Original Hash Buckets": 1024, "Hash Batches": 1, "Original Hash Batches": 1, "Peak Memory Usage": 136, "Workers": [], "Plans": [{"Node Type": "Hash Join", "Parent Relationship": "Outer", "Parallel Aware": false, "Async Capable": false, "Join Type": "Inner", "Startup Cost": 9623.22, "Total Cost": 215782.74, "Plan Rows": 1, "Plan Width": 51, "Actual Rows": 29, "Actual Loops": 4, "Inner Unique": true, "Hash Cond": "(mi.info_type_id = it1.id)", "Workers": [], "Plans": [{"Node Type": "Hash Join", "Parent Relationship": "Outer", "Parallel Aware": true, "Async Capable": false, "Join Type": "Inner", "Startup Cost": 9620.8, "Total Cost": 215780.25, "Plan Rows": 26, "Plan Width": 55, "Actual Rows": 29, "Actual Loops": 4, "Inner Unique": false, "Hash Cond": "(mi.movie_id = at.movie_id)", "Workers": [], "Plans": [{"Node Type": "Seq Scan", "Parent Relationship": "Outer", "Parallel Aware": true, "Async Capable": false, "Relation Name": "movie_info", "Alias": "mi", "Startup Cost": 0.0, "Total Cost": 206156.59, "Plan Rows": 50, "Plan Width": 51, "Actual Rows": 443, "Actual Loops": 4, "Filter": "(((note)::text ~~ '%internet%'::text) AND ((info)::text ~~ 'USA:% 200%'::text))", "Rows Removed by Filter": 3708487, "Workers": []}, {"Node Type": "Hash", "Parent Relationship": "Inner", "Parallel Aware": true, "Async Capable": false, "Startup Cost": 7738.13, "Total Cost": 7738.13, "Plan Rows": 150613, "Plan Width": 4, "Actual Rows": 90368, "Actual Loops": 4, "Hash Buckets": 524288, "Original Hash Buckets": 524288, "Hash Batches": 1, "Original Hash Batches": 1, "Peak Memory Usage": 18304, "Workers": [], "Plans": [{"Node Type": "Seq Scan", "Parent Relationship": "Outer", "Parallel Aware": true, "Async Capable": false, "Relation Name": "aka_title", "Alias": "at", "Startup Cost": 0.0, "Total Cost": 7738.13, "Plan Rows": 150613, "Plan Width": 4, "Actual Rows": 90368, "Actual Loops": 4, "Workers": []}]}]}, {"Node Type": "Hash", "Parent Relationship": "Inner", "Parallel Aware": false, "Async Capable": false, "Startup Cost": 2.41, "Total Cost": 2.41, "Plan Rows": 1, "Plan Width": 4, "Actual Rows": 1, "Actual Loops": 4, "Hash Buckets": 1024, "Original Hash Buckets": 1024, "Hash Batches": 1, "Original Hash Batches": 1, "Peak Memory Usage": 9, "Workers": [], "Plans": [{"Node Type": "Seq Scan", "Parent Relationship": "Outer", "Parallel Aware": false, "Async Capable": false, "Relation Name": "info_type", "Alias": "it1", "Startup Cost": 0.0, "Total Cost": 2.41, "Plan Rows": 1, "Plan Width": 4, "Actual Rows": 1, "Actual Loops": 4, "Filter": "((info)::text = 'release dates'::text)", "Rows Removed by Filter": 112, "Workers": []}]}]}]}]}]}]}]}, "Planning Time": 14.088, "Triggers": [], "Execution Time": 990.163}, {"Plan": {"Node Type": "Aggregate", "Strategy": "Plain", "Partial Mode": "Finalize", "Parallel Aware": false, "Async Capable": false, "Startup Cost": 294575.94, "Total Cost": 294575.95, "Plan Rows": 1, "Plan Width": 64, "Actual Rows": 1, "Actual Loops": 1, "Plans": [{"Node Type": "Gather", "Parent Relationship": "Outer", "Parallel Aware": false, "Async Capable": false, "Startup Cost": 294575.61, "Total Cost": 294575.92, "Plan Rows": 3, "Plan Width": 64, "Actual Rows": 4, "Actual Loops": 1, "Workers Planned": 3, "Workers Launched": 3, "Single Copy": false, "Plans": [{"Node Type": "Aggregate", "Strategy": "Plain", "Partial Mode": "Partial", "Parent Relationship": "Outer", "Parallel Aware": false, "Async Capable": false, "Startup Cost": 293575.61, "Total Cost": 293575.62, "Plan Rows": 1, "Plan Width": 64, "Actual Rows": 1, "Actual Loops": 4, "Workers": [], "Plans": [{"Node Type": "Hash Join", "Parent Relationship": "Outer", "Parallel Aware": true, "Async Capable": false, "Join Type": "Inner", "Startup Cost": 249027.95, "Total Cost": 293575.58, "Plan Rows": 6, "Plan Width": 60, "Actual Rows": 18, "Actual Loops": 4, "Inner Unique": false, "Hash Cond": "(mi.movie_id = t.id)", "Workers": [], "Plans": [{"Node Type": "Nested Loop", "Parent Relationship": "Outer", "Parallel Aware": false, "Async Capable": false, "Join Type": "Inner", "Startup Cost": 206159.58, "Total Cost": 250707.19, "Plan Rows": 5, "Plan Width": 51, "Actual Rows": 1107, "Actual Loops": 4, "Inner Unique": true, "Workers": [], "Plans": [{"Node Type": "Hash Join", "Parent Relationship": "Outer", "Parallel Aware": true, "Async Capable": false, "Join Type": "Inner", "Startup Cost": 206159.16, "Total Cost": 250705.0, "Plan Rows": 5, "Plan Width": 55, "Actual Rows": 1107, "Actual Loops": 4, "Inner Unique": false, "Hash Cond": "(mk.movie_id = mi.movie_id)", "Workers": [], "Plans": [{"Node Type": "Seq Scan", "Parent Relationship": "Outer", "Parallel Aware": true, "Async Capable": false, "Relation Name": "movie_keyword", "Alias": "mk", "Startup Cost": 0.0, "Total Cost": 39073.32, "Plan Rows": 1459332, "Plan Width": 8, "Actual Rows": 1130982, "Actual Loops": 4, "Workers": []}, {"Node Type": "Hash", "Parent Relationship": "Inner", "Parallel Aware": true, "Async Capable": false, "Startup Cost": 206159.15, "Total Cost": 206159.15, "Plan Rows": 1, "Plan Width": 47, "Actual Rows": 443, "Actual Loops": 4, "Hash Buckets": 1024, "Original Hash Buckets": 1024, "Hash Batches": 1, "Original Hash Batches": 1, "Peak Memory Usage": 136, "Workers": [], "Plans": [{"Node Type": "Hash Join", "Parent Relationship": "Outer", "Parallel Aware": false, "Async Capable": false, "Join Type": "Inner", "Startup Cost": 2.43, "Total Cost": 206159.15, "Plan Rows": 1, "Plan Width": 47, "Actual Rows": 443, "Actual Loops": 4, "Inner Unique": true, "Hash Cond": "(mi.info_type_id = it1.id)", "Workers": [], "Plans": [{"Node Type": "Seq Scan", "Parent Relationship": "Outer", "Parallel Aware": true, "Async Capable": false, "Relation Name": "movie_info", "Alias": "mi", "Startup Cost": 0.0, "Total Cost": 206156.59, "Plan Rows": 50, "Plan Width": 51, "Actual Rows": 443, "Actual Loops": 4, "Filter": "(((note)::text ~~ '%internet%'::text) AND ((info)::text ~~ 'USA:% 200%'::text))", "Rows Removed by Filter": 3708487, "Workers": []}, {"Node Type": "Hash", "Parent Relationship": "Inner", "Parallel Aware": false, "Async Capable": false, "Startup Cost": 2.41, "Total Cost": 2.41, "Plan Rows": 1, "Plan Width": 4, "Actual Rows": 1, "Actual Loops": 4, "Hash Buckets": 1024, "Original Hash Buckets": 1024, "Hash Batches": 1, "Original Hash Batches": 1, "Peak Memory Usage": 9, "Workers": [], "Plans": [{"Node Type": "Seq Scan", "Parent Relationship": "Outer", "Parallel Aware": false, "Async Capable": false, "Relation Name": "info_type", "Alias": "it1", "Startup Cost": 0.0, "Total Cost": 2.41, "Plan Rows": 1, "Plan Width": 4, "Actual Rows": 1, "Actual Loops": 4, "Filter": "((info)::text = 'release dates'::text)", "Rows Removed by Filter": 112, "Workers": []}]}]}]}]}, {"Node Type": "Index Only Scan", "Parent Relationship": "Inner", "Parallel Aware": false, "Async Capable": false, "Scan Direction": "Forward", "Index Name": "keyword_pkey", "Relation Name": "keyword", "Alias": "k", "Startup Cost": 0.42, "Total Cost": 0.44, "Plan Rows": 1, "Plan Width": 4, "Actual Rows": 1, "Actual Loops": 4429, "Index Cond": "(id = mk.keyword_id)", "Rows Removed by Index Recheck": 0, "Heap Fetches": 0, "Workers": []}]}, {"Node Type": "Hash", "Parent Relationship": "Inner", "Parallel Aware": true, "Async Capable": false, "Startup Cost": 42868.34, "Total Cost": 42868.34, "Plan Rows": 2, "Plan Width": 29, "Actual Rows": 16, "Actual Loops": 4, "Hash Buckets": 1024, "Original Hash Buckets": 1024, "Hash Batches": 1, "Original Hash Batches": 1, "Peak Memory Usage": 136, "Workers": [], "Plans": [{"Node Type": "Nested Loop", "Parent Relationship": "Outer", "Parallel Aware": false, "Async Capable": false, "Join Type": "Inner", "Startup Cost": 34564.06, "Total Cost": 42868.34, "Plan Rows": 2, "Plan Width": 29, "Actual Rows": 16, "Actual Loops": 4, "Inner Unique": true, "Workers": [], "Plans": [{"Node Type": "Nested Loop", "Parent Relationship": "Outer", "Parallel Aware": false, "Async Capable": false, "Join Type": "Inner", "Startup Cost": 34563.93, "Total Cost": 42868.04, "Plan Rows": 2, "Plan Width": 33, "Actual Rows": 16, "Actual Loops": 4, "Inner Unique": true, "Join Filter": "(t.id = at.movie_id)", "Rows Removed by Join Filter": 0, "Workers": [], "Plans": [{"Node Type": "Hash Join", "Parent Relationship": "Outer", "Parallel Aware": true, "Async Capable": false, "Join Type": "Inner", "Startup Cost": 34563.5, "Total Cost": 42866.44, "Plan Rows": 3, "Plan Width": 12, "Actual Rows": 17, "Actual Loops": 4, "Inner Unique": false, "Hash Cond": "(at.movie_id = mc.movie_id)", "Workers": [], "Plans": [{"Node Type": "Seq Scan", "Parent Relationship": "Outer", "Parallel Aware": true, "Async Capable": false, "Relation Name": "aka_title", "Alias": "at", "Startup Cost": 0.0, "Total Cost": 7738.13, "Plan Rows": 150613, "Plan Width": 4, "Actual Rows": 90368, "Actual Loops": 4, "Workers": []}, {"Node Type": "Hash", "Parent Relationship": "Inner", "Parallel Aware": true, "Async Capable": false, "Startup Cost": 34563.45, "Total Cost": 34563.45, "Plan Rows": 4, "Plan Width": 8, "Actual Rows": 364, "Actual Loops": 4, "Hash Buckets": 1024, "Original Hash Buckets": 1024, "Hash Batches": 1, "Original Hash Batches": 1, "Peak Memory Usage": 136, "Workers": [], "Plans": [{"Node Type": "Hash Join", "Parent Relationship": "Outer", "Parallel Aware": true, "Async Capable": false, "Join Type": "Inner", "Startup Cost": 5113.52, "Total Cost": 34563.45, "Plan Rows": 4, "Plan Width": 8, "Actual Rows": 364, "Actual Loops": 4, "Inner Unique": true, "Hash Cond": "(mc.company_id = cn.id)", "Workers": [], "Plans": [{"Node Type": "Seq Scan", "Parent Relationship": "Outer", "Parallel Aware": true, "Async Capable": false, "Relation Name": "movie_companies", "Alias": "mc", "Startup Cost": 0.0, "Total Cost": 27240.55, "Plan Rows": 841655, "Plan Width": 12, "Actual Rows": 652282, "Actual Loops": 4, "Workers": []}, {"Node Type": "Hash", "Parent Relationship": "Inner", "Parallel Aware": true, "Async Capable": false, "Startup Cost": 5113.5, "Total Cost": 5113.5, "Plan Rows": 1, "Plan Width": 4, "Actual Rows": 0, "Actual Loops": 4, "Hash Buckets": 1024, "Original Hash Buckets": 1024, "Hash Batches": 1, "Original Hash Batches": 1, "Peak Memory Usage": 40, "Workers": [], "Plans": [{"Node Type": "Seq Scan", "Parent Relationship": "Outer", "Parallel Aware": true, "Async Capable": false, "Relation Name": "company_name", "Alias": "cn", "Startup Cost": 0.0, "Total Cost": 5113.5, "Plan Rows": 1, "Plan Width": 4, "Actual Rows": 0, "Actual Loops": 4, "Filter": "(((country_code)::text = '[us]'::text) AND ((name)::text = 'YouTube'::text))", "Rows Removed by Filter": 58749, "Workers": []}]}]}]}]}, {"Node Type": "Index Scan", "Parent Relationship": "Inner", "Parallel Aware": false, "Async Capable": false, "Scan Direction": "Forward", "Index Name": "title_pkey", "Relation Name": "title", "Alias": "t", "Startup Cost": 0.43, "Total Cost": 0.52, "Plan Rows": 1, "Plan Width": 21, "Actual Rows": 1, "Actual Loops": 67, "Index Cond": "(id = mc.movie_id)", "Rows Removed by Index Recheck": 0, "Filter": "(production_year >= 1986)", "Rows Removed by Filter": 0, "Workers": []}]}, {"Node Type": "Index Only Scan", "Parent Relationship": "Inner", "Parallel Aware": false, "Async Capable": false, "Scan Direction": "Forward", "Index Name": "company_type_pkey", "Relation Name": "company_type", "Alias": "ct", "Startup Cost": 0.13, "Total Cost": 0.15, "Plan Rows": 1, "Plan Width": 4, "Actual Rows": 1, "Actual Loops": 64, "Index Cond": "(id = mc.company_type_id)", "Rows Removed by Index Recheck": 0, "Heap Fetches": 64, "Workers": []}]}]}]}]}]}]}, "Planning Time": 14.749, "Triggers": [], "Execution Time": 933.142}, {"Plan": {"Node Type": "Aggregate", "Strategy": "Plain", "Partial Mode": "Finalize", "Parallel Aware": false, "Async Capable": false, "Startup Cost": 294576.08, "Total Cost": 294576.09, "Plan Rows": 1, "Plan Width": 64, "Actual Rows": 1, "Actual Loops": 1, "Plans": [{"Node Type": "Gather", "Parent Relationship": "Outer", "Parallel Aware": false, "Async Capable": false, "Startup Cost": 294575.75, "Total Cost": 294576.06, "Plan Rows": 3, "Plan Width": 64, "Actual Rows": 4, "Actual Loops": 1, "Workers Planned": 3, "Workers Launched": 3, "Single Copy": false, "Plans": [{"Node Type": "Aggregate", "Strategy": "Plain", "Partial Mode": "Partial", "Parent Relationship": "Outer", "Parallel Aware": false, "Async Capable": false, "Startup Cost": 293575.75, "Total Cost": 293575.76, "Plan Rows": 1, "Plan Width": 64, "Actual Rows": 1, "Actual Loops": 4, "Workers": [], "Plans": [{"Node Type": "Hash Join", "Parent Relationship": "Outer", "Parallel Aware": true, "Async Capable": false, "Join Type": "Inner", "Startup Cost": 249026.89, "Total Cost": 293575.72, "Plan Rows": 6, "Plan Width": 60, "Actual Rows": 18, "Actual Loops": 4, "Inner Unique": false, "Hash Cond": "(t.id = at.movie_id)", "Workers": [], "Plans": [{"Node Type": "Nested Loop", "Parent Relationship": "Outer", "Parallel Aware": false, "Async Capable": false, "Join Type": "Inner", "Startup Cost": 206160.01, "Total Cost": 250708.83, "Plan Rows": 3, "Plan Width": 72, "Actual Rows": 1105, "Actual Loops": 4, "Inner Unique": true, "Workers": [], "Plans": [{"Node Type": "Nested Loop", "Parent Relationship": "Outer", "Parallel Aware": false, "Async Capable": false, "Join Type": "Inner", "Startup Cost": 206159.59, "Total Cost": 250707.51, "Plan Rows": 3, "Plan Width": 76, "Actual Rows": 1105, "Actual Loops": 4, "Inner Unique": true, "Join Filter": "(t.id = mi.movie_id)", "Rows Removed by Join Filter": 0, "Workers": [], "Plans": [{"Node Type": "Hash Join", "Parent Relationship": "Outer", "Parallel Aware": true, "Async Capable": false, "Join Type": "Inner", "Startup Cost": 206159.16, "Total Cost": 250705.0, "Plan Rows": 5, "Plan Width": 55, "Actual Rows": 1107, "Actual Loops": 4, "Inner Unique": false, "Hash Cond": "(mk.movie_id = mi.movie_id)", "Workers": [], "Plans": [{"Node Type": "Seq Scan", "Parent Relationship": "Outer", "Parallel Aware": true, "Async Capable": false, "Relation Name": "movie_keyword", "Alias": "mk", "Startup Cost": 0.0, "Total Cost": 39073.32, "Plan Rows": 1459332, "Plan Width": 8, "Actual Rows": 1130982, "Actual Loops": 4, "Workers": []}, {"Node Type": "Hash", "Parent Relationship": "Inner", "Parallel Aware": true, "Async Capable": false, "Startup Cost": 206159.15, "Total Cost": 206159.15, "Plan Rows": 1, "Plan Width": 47, "Actual Rows": 443, "Actual Loops": 4, "Hash Buckets": 1024, "Original Hash Buckets": 1024, "Hash Batches": 1, "Original Hash Batches": 1, "Peak Memory Usage": 136, "Workers": [], "Plans": [{"Node Type": "Hash Join", "Parent Relationship": "Outer", "Parallel Aware": false, "Async Capable": false, "Join Type": "Inner", "Startup Cost": 2.43, "Total Cost": 206159.15, "Plan Rows": 1, "Plan Width": 47, "Actual Rows": 443, "Actual Loops": 4, "Inner Unique": true, "Hash Cond": "(mi.info_type_id = it1.id)", "Workers": [], "Plans": [{"Node Type": "Seq Scan", "Parent Relationship": "Outer", "Parallel Aware": true, "Async Capable": false, "Relation Name": "movie_info", "Alias": "mi", "Startup Cost": 0.0, "Total Cost": 206156.59, "Plan Rows": 50, "Plan Width": 51, "Actual Rows": 443, "Actual Loops": 4, "Filter": "(((note)::text ~~ '%internet%'::text) AND ((info)::text ~~ 'USA:% 200%'::text))", "Rows Removed by Filter": 3708487, "Workers": []}, {"Node Type": "Hash", "Parent Relationship": "Inner", "Parallel Aware": false, "Async Capable": false, "Startup Cost": 2.41, "Total Cost": 2.41, "Plan Rows": 1, "Plan Width": 4, "Actual Rows": 1, "Actual Loops": 4, "Hash Buckets": 1024, "Original Hash Buckets": 1024, "Hash Batches": 1, "Original Hash Batches": 1, "Peak Memory Usage": 9, "Workers": [], "Plans": [{"Node Type": "Seq Scan", "Parent Relationship": "Outer", "Parallel Aware": false, "Async Capable": false, "Relation Name": "info_type", "Alias": "it1", "Startup Cost": 0.0, "Total Cost": 2.41, "Plan Rows": 1, "Plan Width": 4, "Actual Rows": 1, "Actual Loops": 4, "Filter": "((info)::text = 'release dates'::text)", "Rows Removed by Filter": 112, "Workers": []}]}]}]}]}, {"Node Type": "Index Scan", "Parent Relationship": "Inner", "Parallel Aware": false, "Async Capable": false, "Scan Direction": "Forward", "Index Name": "title_pkey", "Relation Name": "title", "Alias": "t", "Startup Cost": 0.43, "Total Cost": 0.49, "Plan Rows": 1, "Plan Width": 21, "Actual Rows": 1, "Actual Loops": 4429, "Index Cond": "(id = mk.movie_id)", "Rows Removed by Index Recheck": 0, "Filter": "(production_year >= 1986)", "Rows Removed by Filter": 0, "Workers": []}]}, {"Node Type": "Index Only Scan", "Parent Relationship": "Inner", "Parallel Aware": false, "Async Capable": false, "Scan Direction": "Forward", "Index Name": "keyword_pkey", "Relation Name": "keyword", "Alias": "k", "Startup Cost": 0.42, "Total Cost": 0.44, "Plan Rows": 1, "Plan Width": 4, "Actual Rows": 1, "Actual Loops": 4419, "Index Cond": "(id = mk.keyword_id)", "Rows Removed by Index Recheck": 0, "Heap Fetches": 0, "Workers": []}]}, {"Node Type": "Hash", "Parent Relationship": "Inner", "Parallel Aware": true, "Async Capable": false, "Startup Cost": 42866.84, "Total Cost": 42866.84, "Plan Rows": 3, "Plan Width": 8, "Actual Rows": 17, "Actual Loops": 4, "Hash Buckets": 1024, "Original Hash Buckets": 1024, "Hash Batches": 1, "Original Hash Batches": 1, "Peak Memory Usage": 136, "Workers": [], "Plans": [{"Node Type": "Nested Loop", "Parent Relationship": "Outer", "Parallel Aware": false, "Async Capable": false, "Join Type": "Inner", "Startup Cost": 34563.64, "Total Cost": 42866.84, "Plan Rows": 3, "Plan Width": 8, "Actual Rows": 17, "Actual Loops": 4, "Inner Unique": true, "Workers": [], "Plans": [{"Node Type": "Hash Join", "Parent Relationship": "Outer", "Parallel Aware": true, "Async Capable": false, "Join Type": "Inner", "Startup Cost": 34563.5, "Total Cost": 42866.44, "Plan Rows": 3, "Plan Width": 12, "Actual Rows": 17, "Actual Loops": 4, "Inner Unique": false, "Hash Cond": "(at.movie_id = mc.movie_id)", "Workers": [], "Plans": [{"Node Type": "Seq Scan", "Parent Relationship": "Outer", "Parallel Aware": true, "Async Capable": false, "Relation Name": "aka_title", "Alias": "at", "Startup Cost": 0.0, "Total Cost": 7738.13, "Plan Rows": 150613, "Plan Width": 4, "Actual Rows": 90368, "Actual Loops": 4, "Workers": []}, {"Node Type": "Hash", "Parent Relationship": "Inner", "Parallel Aware": true, "Async Capable": false, "Startup Cost": 34563.45, "Total Cost": 34563.45, "Plan Rows": 4, "Plan Width": 8, "Actual Rows": 364, "Actual Loops": 4, "Hash Buckets": 1024, "Original Hash Buckets": 1024, "Hash Batches": 1, "Original Hash Batches": 1, "Peak Memory Usage": 136, "Workers": [], "Plans": [{"Node Type": "Hash Join", "Parent Relationship": "Outer", "Parallel Aware": true, "Async Capable": false, "Join Type": "Inner", "Startup Cost": 5113.52, "Total Cost": 34563.45, "Plan Rows": 4, "Plan Width": 8, "Actual Rows": 364, "Actual Loops": 4, "Inner Unique": true, "Hash Cond": "(mc.company_id = cn.id)", "Workers": [], "Plans": [{"Node Type": "Seq Scan", "Parent Relationship": "Outer", "Parallel Aware": true, "Async Capable": false, "Relation Name": "movie_companies", "Alias": "mc", "Startup Cost": 0.0, "Total Cost": 27240.55, "Plan Rows": 841655, "Plan Width": 12, "Actual Rows": 652282, "Actual Loops": 4, "Workers": []}, {"Node Type": "Hash", "Parent Relationship": "Inner", "Parallel Aware": true, "Async Capable": false, "Startup Cost": 5113.5, "Total Cost": 5113.5, "Plan Rows": 1, "Plan Width": 4, "Actual Rows": 0, "Actual Loops": 4, "Hash Buckets": 1024, "Original Hash Buckets": 1024, "Hash Batches": 1, "Original Hash Batches": 1, "Peak Memory Usage": 40, "Workers": [], "Plans": [{"Node Type": "Seq Scan", "Parent Relationship": "Outer", "Parallel Aware": true, "Async Capable": false, "Relation Name": "company_name", "Alias": "cn", "Startup Cost": 0.0, "Total Cost": 5113.5, "Plan Rows": 1, "Plan Width": 4, "Actual Rows": 0, "Actual Loops": 4, "Filter": "(((country_code)::text = '[us]'::text) AND ((name)::text = 'YouTube'::text))", "Rows Removed by Filter": 58749, "Workers": []}]}]}]}]}, {"Node Type": "Memoize", "Parent Relationship": "Inner", "Parallel Aware": false, "Async Capable": false, "Startup Cost": 0.14, "Total Cost": 0.16, "Plan Rows": 1, "Plan Width": 4, "Actual Rows": 1, "Actual Loops": 67, "Cache Key": "mc.company_type_id", "Cache Mode": "logical", "Cache Hits": 23, "Cache Misses": 2, "Cache Evictions": 0, "Cache Overflows": 0, "Peak Memory Usage": 1, "Workers": [{"Worker Number": 0, "Cache Hits": 7, "Cache Misses": 1, "Cache Evictions": 0, "Cache Overflows": 0, "Peak Memory Usage": 1}, {"Worker Number": 1, "Cache Hits": 12, "Cache Misses": 1, "Cache Evictions": 0, "Cache Overflows": 0, "Peak Memory Usage": 1}, {"Worker Number": 2, "Cache Hits": 19, "Cache Misses": 2, "Cache Evictions": 0, "Cache Overflows": 0, "Peak Memory Usage": 1}], "Plans": [{"Node Type": "Index Only Scan", "Parent Relationship": "Outer", "Parallel Aware": false, "Async Capable": false, "Scan Direction": "Forward", "Index Name": "company_type_pkey", "Relation Name": "company_type", "Alias": "ct", "Startup Cost": 0.13, "Total Cost": 0.15, "Plan Rows": 1, "Plan Width": 4, "Actual Rows": 1, "Actual Loops": 6, "Index Cond": "(id = mc.company_type_id)", "Rows Removed by Index Recheck": 0, "Heap Fetches": 6, "Workers": []}]}]}]}]}]}]}]}, "Planning Time": 14.073, "Triggers": [], "Execution Time": 941.867}, {"Plan": {"Node Type": "Aggregate", "Strategy": "Plain", "Partial Mode": "Finalize", "Parallel Aware": false, "Async Capable": false, "Startup Cost": 290414.7, "Total Cost": 290414.71, "Plan Rows": 1, "Plan Width": 64, "Actual Rows": 1, "Actual Loops": 1, "Plans": [{"Node Type": "Gather", "Parent Relationship": "Outer", "Parallel Aware": false, "Async Capable": false, "Startup Cost": 290414.37, "Total Cost": 290414.68, "Plan Rows": 3, "Plan Width": 64, "Actual Rows": 4, "Actual Loops": 1, "Workers Planned": 3, "Workers Launched": 3, "Single Copy": false, "Plans": [{"Node Type": "Aggregate", "Strategy": "Plain", "Partial Mode": "Partial", "Parent Relationship": "Outer", "Parallel Aware": false, "Async Capable": false, "Startup Cost": 289414.37, "Total Cost": 289414.38, "Plan Rows": 1, "Plan Width": 64, "Actual Rows": 1, "Actual Loops": 4, "Workers": [], "Plans": [{"Node Type": "Nested Loop", "Parent Relationship": "Outer", "Parallel Aware": false, "Async Capable": false, "Join Type": "Inner", "Startup Cost": 244860.82, "Total Cost": 289414.34, "Plan Rows": 6, "Plan Width": 60, "Actual Rows": 18, "Actual Loops": 4, "Inner Unique": true, "Join Filter": "(t.id = at.movie_id)", "Rows Removed by Join Filter": 0, "Workers": [], "Plans": [{"Node Type": "Nested Loop", "Parent Relationship": "Outer", "Parallel Aware": false, "Async Capable": false, "Join Type": "Inner", "Startup Cost": 244860.39, "Total Cost": 289409.82, "Plan Rows": 9, "Plan Width": 59, "Actual Rows": 18, "Actual Loops": 4, "Inner Unique": true, "Workers": [], "Plans": [{"Node Type": "Hash Join", "Parent Relationship": "Outer", "Parallel Aware": true, "Async Capable": false, "Join Type": "Inner", "Startup Cost": 244859.97, "Total Cost": 289405.88, "Plan Rows": 9, "Plan Width": 63, "Actual Rows": 18, "Actual Loops": 4, "Inner Unique": false, "Hash Cond": "(mk.movie_id = at.movie_id)", "Workers": [], "Plans": [{"Node Type": "Seq Scan", "Parent Relationship": "Outer", "Parallel Aware": true, "Async Capable": false, "Relation Name": "movie_keyword", "Alias": "mk", "Startup Cost": 0.0, "Total Cost": 39073.32, "Plan Rows": 1459332, "Plan Width": 8, "Actual Rows": 1130982, "Actual Loops": 4, "Workers": []}, {"Node Type": "Hash", "Parent Relationship": "Inner", "Parallel Aware": true, "Async Capable": false, "Startup Cost": 244859.96, "Total Cost": 244859.96, "Plan Rows": 1, "Plan Width": 55, "Actual Rows": 2, "Actual Loops": 4, "Hash Buckets": 1024, "Original Hash Buckets": 1024, "Hash Batches": 1, "Original Hash Batches": 1, "Peak Memory Usage": 104, "Workers": [], "Plans": [{"Node Type": "Nested Loop", "Parent Relationship": "Outer", "Parallel Aware": false, "Async Capable": false, "Join Type": "Inner", "Startup Cost": 214462.67, "Total Cost": 244859.96, "Plan Rows": 1, "Plan Width": 55, "Actual Rows": 2, "Actual Loops": 4, "Inner Unique": true, "Workers": [], "Plans": [{"Node Type": "Nested Loop", "Parent Relationship": "Outer", "Parallel Aware": false, "Async Capable": false, "Join Type": "Inner", "Startup Cost": 214462.54, "Total Cost": 244859.8, "Plan Rows": 1, "Plan Width": 59, "Actual Rows": 2, "Actual Loops": 4, "Inner Unique": true, "Workers": [], "Plans": [{"Node Type": "Hash Join", "Parent Relationship": "Outer", "Parallel Aware": true, "Async Capable": false, "Join Type": "Inner", "Startup Cost": 214462.12, "Total Cost": 244858.88, "Plan Rows": 2, "Plan Width": 63, "Actual Rows": 98, "Actual Loops": 4, "Inner Unique": false, "Hash Cond": "(mc.movie_id = at.movie_id)", "Workers": [], "Plans": [{"Node Type": "Seq Scan", "Parent Relationship": "Outer", "Parallel Aware": true, "Async Capable": false, "Relation Name": "movie_companies", "Alias": "mc", "Startup Cost": 0.0, "Total Cost": 27240.55, "Plan Rows": 841655, "Plan Width": 12, "Actual Rows": 652282, "Actual Loops": 4, "Workers": []}, {"Node Type": "Hash", "Parent Relationship": "Inner", "Parallel Aware": true, "Async Capable": false, "Startup Cost": 214462.1, "Total Cost": 214462.1, "Plan Rows": 1, "Plan Width": 51, "Actual Rows": 29, "Actual Loops": 4, "Hash Buckets": 1024, "Original Hash Buckets": 1024, "Hash Batches": 1, "Original Hash Batches": 1, "Peak Memory Usage": 136, "Workers": [], "Plans": [{"Node Type": "Hash Join", "Parent Relationship": "Outer", "Parallel Aware": true, "Async Capable": false, "Join Type": "Inner", "Startup Cost": 206159.16, "Total Cost": 214462.1, "Plan Rows": 1, "Plan Width": 51, "Actual Rows": 29, "Actual Loops": 4, "Inner Unique": false, "Hash Cond": "(at.movie_id = mi.movie_id)", "Workers": [], "Plans": [{"Node Type": "Seq Scan", "Parent Relationship": "Outer", "Parallel Aware": true, "Async Capable": false, "Relation Name": "aka_title", "Alias": "at", "Startup Cost": 0.0, "Total Cost": 7738.13, "Plan Rows": 150613, "Plan Width": 4, "Actual Rows": 90368, "Actual Loops": 4, "Workers": []}, {"Node Type": "Hash", "Parent Relationship": "Inner", "Parallel Aware": true, "Async Capable": false, "Startup Cost": 206159.15, "Total Cost": 206159.15, "Plan Rows": 1, "Plan Width": 47, "Actual Rows": 443, "Actual Loops": 4, "Hash Buckets": 1024, "Original Hash Buckets": 1024, "Hash Batches": 1, "Original Hash Batches": 1, "Peak Memory Usage": 136, "Workers": [], "Plans": [{"Node Type": "Hash Join", "Parent Relationship": "Outer", "Parallel Aware": false, "Async Capable": false, "Join Type": "Inner", "Startup Cost": 2.43, "Total Cost": 206159.15, "Plan Rows": 1, "Plan Width": 47, "Actual Rows": 443, "Actual Loops": 4, "Inner Unique": true, "Hash Cond": "(mi.info_type_id = it1.id)", "Workers": [], "Plans": [{"Node Type": "Seq Scan", "Parent Relationship": "Outer", "Parallel Aware": true, "Async Capable": false, "Relation Name": "movie_info", "Alias": "mi", "Startup Cost": 0.0, "Total Cost": 206156.59, "Plan Rows": 50, "Plan Width": 51, "Actual Rows": 443, "Actual Loops": 4, "Filter": "(((note)::text ~~ '%internet%'::text) AND ((info)::text ~~ 'USA:% 200%'::text))", "Rows Removed by Filter": 3708487, "Workers": []}, {"Node Type": "Hash", "Parent Relationship": "Inner", "Parallel Aware": false, "Async Capable": false, "Startup Cost": 2.41, "Total Cost": 2.41, "Plan Rows": 1, "Plan Width": 4, "Actual Rows": 1, "Actual Loops": 4, "Hash Buckets": 1024, "Original Hash Buckets": 1024, "Hash Batches": 1, "Original Hash Batches": 1, "Peak Memory Usage": 9, "Workers": [], "Plans": [{"Node Type": "Seq Scan", "Parent Relationship": "Outer", "Parallel Aware": false, "Async Capable": false, "Relation Name": "info_type", "Alias": "it1", "Startup Cost": 0.0, "Total Cost": 2.41, "Plan Rows": 1, "Plan Width": 4, "Actual Rows": 1, "Actual Loops": 4, "Filter": "((info)::text = 'release dates'::text)", "Rows Removed by Filter": 112, "Workers": []}]}]}]}]}]}]}, {"Node Type": "Index Scan", "Parent Relationship": "Inner", "Parallel Aware": false, "Async Capable": false, "Scan Direction": "Forward", "Index Name": "company_name_pkey", "Relation Name": "company_name", "Alias": "cn", "Startup Cost": 0.42, "Total Cost": 0.45, "Plan Rows": 1, "Plan Width": 4, "Actual Rows": 0, "Actual Loops": 390, "Index Cond": "(id = mc.company_id)", "Rows Removed by Index Recheck": 0, "Filter": "(((country_code)::text = '[us]'::text) AND ((name)::text = 'YouTube'::text))", "Rows Removed by Filter": 1, "Workers": []}]}, {"Node Type": "Index Only Scan", "Parent Relationship": "Inner", "Parallel Aware": false, "Async Capable": false, "Scan Direction": "Forward", "Index Name": "company_type_pkey", "Relation Name": "company_type", "Alias": "ct", "Startup Cost": 0.13, "Total Cost": 0.15, "Plan Rows": 1, "Plan Width": 4, "Actual Rows": 1, "Actual Loops": 6, "Index Cond": "(id = mc.company_type_id)", "Rows Removed by Index Recheck": 0, "Heap Fetches": 6, "Workers": []}]}]}]}, {"Node Type": "Index Only Scan", "Parent Relationship": "Inner", "Parallel Aware": false, "Async Capable": false, "Scan Direction": "Forward", "Index Name": "keyword_pkey", "Relation Name": "keyword", "Alias": "k", "Startup Cost": 0.42, "Total Cost": 0.44, "Plan Rows": 1, "Plan Width": 4, "Actual Rows": 1, "Actual Loops": 71, "Index Cond": "(id = mk.keyword_id)", "Rows Removed by Index Recheck": 0, "Heap Fetches": 0, "Workers": []}]}, {"Node Type": "Index Scan", "Parent Relationship": "Inner", "Parallel Aware": false, "Async Capable": false, "Scan Direction": "Forward", "Index Name": "title_pkey", "Relation Name": "title", "Alias": "t", "Startup Cost": 0.43, "Total Cost": 0.49, "Plan Rows": 1, "Plan Width": 21, "Actual Rows": 1, "Actual Loops": 71, "Index Cond": "(id = mk.movie_id)", "Rows Removed by Index Recheck": 0, "Filter": "(production_year >= 1986)", "Rows Removed by Filter": 0, "Workers": []}]}]}]}]}, "Planning Time": 14.988, "Triggers": [], "Execution Time": 885.225}, {"Plan": {"Node Type": "Aggregate", "Strategy": "Plain", "Partial Mode": "Simple", "Parallel Aware": false, "Async Capable": false, "Startup Cost": 290891.89, "Total Cost": 290891.9, "Plan Rows": 1, "Plan Width": 64, "Actual Rows": 1, "Actual Loops": 1, "Plans": [{"Node Type": "Nested Loop", "Parent Relationship": "Outer", "Parallel Aware": false, "Async Capable": false, "Join Type": "Inner", "Startup Cost": 246339.09, "Total Cost": 290891.79, "Plan Rows": 20, "Plan Width": 60, "Actual Rows": 71, "Actual Loops": 1, "Inner Unique": false, "Join Filter": "(it1.id = mi.info_type_id)", "Rows Removed by Join Filter": 0, "Plans": [{"Node Type": "Seq Scan", "Parent Relationship": "Outer", "Parallel Aware": false, "Async Capable": false, "Relation Name": "info_type", "Alias": "it1", "Startup Cost": 0.0, "Total Cost": 2.41, "Plan Rows": 1, "Plan Width": 4, "Actual Rows": 1, "Actual Loops": 1, "Filter": "((info)::text = 'release dates'::text)", "Rows Removed by Filter": 112}, {"Node Type": "Gather", "Parent Relationship": "Inner", "Parallel Aware": false, "Async Capable": false, "Startup Cost": 246339.09, "Total Cost": 290889.13, "Plan Rows": 20, "Plan Width": 64, "Actual Rows": 71, "Actual Loops": 1, "Workers Planned": 3, "Workers Launched": 3, "Single Copy": false, "Plans": [{"Node Type": "Nested Loop", "Parent Relationship": "Outer", "Parallel Aware": false, "Async Capable": false, "Join Type": "Inner", "Startup Cost": 245339.09, "Total Cost": 289887.13, "Plan Rows": 6, "Plan Width": 64, "Actual Rows": 18, "Actual Loops": 4, "Inner Unique": true, "Workers": [], "Plans": [{"Node Type": "Hash Join", "Parent Relationship": "Outer", "Parallel Aware": true, "Async Capable": false, "Join Type": "Inner", "Startup Cost": 245338.67, "Total Cost": 289884.5, "Plan Rows": 6, "Plan Width": 68, "Actual Rows": 18, "Actual Loops": 4, "Inner Unique": false, "Hash Cond": "(mk.movie_id = t.id)", "Workers": [], "Plans": [{"Node Type": "Seq Scan", "Parent Relationship": "Outer", "Parallel Aware": true, "Async Capable": false, "Relation Name": "movie_keyword", "Alias": "mk", "Startup Cost": 0.0, "Total Cost": 39073.32, "Plan Rows": 1459332, "Plan Width": 8, "Actual Rows": 1130982, "Actual Loops": 4, "Workers": []}, {"Node Type": "Hash", "Parent Relationship": "Inner", "Parallel Aware": true, "Async Capable": false, "Startup Cost": 245338.66, "Total Cost": 245338.66, "Plan Rows": 1, "Plan Width": 80, "Actual Rows": 2, "Actual Loops": 4, "Hash Buckets": 1024, "Original Hash Buckets": 1024, "Hash Batches": 1, "Original Hash Batches": 1, "Peak Memory Usage": 104, "Workers": [], "Plans": [{"Node Type": "Nested Loop", "Parent Relationship": "Outer", "Parallel Aware": false, "Async Capable": false, "Join Type": "Inner", "Startup Cost": 214881.15, "Total Cost": 245338.66, "Plan Rows": 1, "Plan Width": 80, "Actual Rows": 2, "Actual Loops": 4, "Inner Unique": true, "Workers": [], "Plans": [{"Node Type": "Nested Loop", "Parent Relationship": "Outer", "Parallel Aware": false, "Async Capable": false, "Join Type": "Inner", "Startup Cost": 214881.02, "Total Cost": 245338.51, "Plan Rows": 1, "Plan Width": 84, "Actual Rows": 2, "Actual Loops": 4, "Inner Unique": true, "Workers": [], "Plans": [{"Node Type": "Hash Join", "Parent Relationship": "Outer", "Parallel Aware": true, "Async Capable": false, "Join Type": "Inner", "Startup Cost": 214880.6, "Total Cost": 245277.48, "Plan Rows": 136, "Plan Width": 88, "Actual Rows": 98, "Actual Loops": 4, "Inner Unique": false, "Hash Cond": "(mc.movie_id = t.id)", "Workers": [], "Plans": [{"Node Type": "Seq Scan", "Parent Relationship": "Outer", "Parallel Aware": true, "Async Capable": false, "Relation Name": "movie_companies", "Alias": "mc", "Startup Cost": 0.0, "Total Cost": 27240.55, "Plan Rows": 841655, "Plan Width": 12, "Actual Rows": 652282, "Actual Loops": 4, "Workers": []}, {"Node Type": "Hash", "Parent Relationship": "Inner", "Parallel Aware": true, "Async Capable": false, "Startup Cost": 214880.1, "Total Cost": 214880.1, "Plan Rows": 40, "Plan Width": 76, "Actual Rows": 29, "Actual Loops": 4, "Hash Buckets": 1024, "Original Hash Buckets": 1024, "Hash Batches": 1, "Original Hash Batches": 1, "Peak Memory Usage": 136, "Workers": [], "Plans": [{"Node Type": "Hash Join", "Parent Relationship": "Outer", "Parallel Aware": true, "Async Capable": false, "Join Type": "Inner", "Startup Cost": 206577.15, "Total Cost": 214880.1, "Plan Rows": 40, "Plan Width": 76, "Actual Rows": 29, "Actual Loops": 4, "Inner Unique": false, "Hash Cond": "(at.movie_id = t.id)", "Workers": [], "Plans": [{"Node Type": "Seq Scan", "Parent Relationship": "Outer", "Parallel Aware": true, "Async Capable": false, "Relation Name": "aka_title", "Alias": "at", "Startup Cost": 0.0, "Total Cost": 7738.13, "Plan Rows": 150613, "Plan Width": 4, "Actual Rows": 90368, "Actual Loops": 4, "Workers": []}, {"Node Type": "Hash", "Parent Relationship": "Inner", "Parallel Aware": true, "Async Capable": false, "Startup Cost": 206576.68, "Total Cost": 206576.68, "Plan Rows": 37, "Plan Width": 72, "Actual Rows": 442, "Actual Loops": 4, "Hash Buckets": 2048, "Original Hash Buckets": 1024, "Hash Batches": 1, "Original Hash Batches": 1, "Peak Memory Usage": 280, "Workers": [], "Plans": [{"Node Type": "Nested Loop", "Parent Relationship": "Outer", "Parallel Aware": false, "Async Capable": false, "Join Type": "Inner", "Startup Cost": 0.43, "Total Cost": 206576.68, "Plan Rows": 37, "Plan Width": 72, "Actual Rows": 442, "Actual Loops": 4, "Inner Unique": true, "Workers": [], "Plans": [{"Node Type": "Seq Scan", "Parent Relationship": "Outer", "Parallel Aware": true, "Async Capable": false, "Relation Name": "movie_info", "Alias": "mi", "Startup Cost": 0.0, "Total Cost": 206156.59, "Plan Rows": 50, "Plan Width": 51, "Actual Rows": 443, "Actual Loops": 4, "Filter": "(((note)::text ~~ '%internet%'::text) AND ((info)::text ~~ 'USA:% 200%'::text))", "Rows Removed by Filter": 3708487, "Workers": []}, {"Node Type": "Index Scan", "Parent Relationship": "Inner", "Parallel Aware": false, "Async Capable": false, "Scan Direction": "Forward", "Index Name": "title_pkey", "Relation Name": "title", "Alias": "t", "Startup Cost": 0.43, "Total Cost": 8.4, "Plan Rows": 1, "Plan Width": 21, "Actual Rows": 1, "Actual Loops": 1771, "Index Cond": "(id = mi.movie_id)", "Rows Removed by Index Recheck": 0, "Filter": "(production_year >= 1986)", "Rows Removed by Filter": 0, "Workers": []}]}]}]}]}]}, {"Node Type": "Index Scan", "Parent Relationship": "Inner", "Parallel Aware": false, "Async Capable": false, "Scan Direction": "Forward", "Index Name": "company_name_pkey", "Relation Name": "company_name", "Alias": "cn", "Startup Cost": 0.42, "Total Cost": 0.45, "Plan Rows": 1, "Plan Width": 4, "Actual Rows": 0, "Actual Loops": 390, "Index Cond": "(id = mc.company_id)", "Rows Removed by Index Recheck": 0, "Filter": "(((country_code)::text = '[us]'::text) AND ((name)::text = 'YouTube'::text))", "Rows Removed by Filter": 1, "Workers": []}]}, {"Node Type": "Index Only Scan", "Parent Relationship": "Inner", "Parallel Aware": false, "Async Capable": false, "Scan Direction": "Forward", "Index Name": "company_type_pkey", "Relation Name": "company_type", "Alias": "ct", "Startup Cost": 0.13, "Total Cost": 0.15, "Plan Rows": 1, "Plan Width": 4, "Actual Rows": 1, "Actual Loops": 6, "Index Cond": "(id = mc.company_type_id)", "Rows Removed by Index Recheck": 0, "Heap Fetches": 6, "Workers": []}]}]}]}, {"Node Type": "Index Only Scan", "Parent Relationship": "Inner", "Parallel Aware": false, "Async Capable": false, "Scan Direction": "Forward", "Index Name": "keyword_pkey", "Relation Name": "keyword", "Alias": "k", "Startup Cost": 0.42, "Total Cost": 0.44, "Plan Rows": 1, "Plan Width": 4, "Actual Rows": 1, "Actual Loops": 71, "Index Cond": "(id = mk.keyword_id)", "Rows Removed by Index Recheck": 0, "Heap Fetches": 0, "Workers": []}]}]}]}]}, "Planning Time": 13.781, "Triggers": [], "Execution Time": 1497.472}, {"Plan": {"Node Type": "Aggregate", "Strategy": "Plain", "Partial Mode": "Finalize", "Parallel Aware": false, "Async Capable": false, "Startup Cost": 340500.62, "Total Cost": 340500.63, "Plan Rows": 1, "Plan Width": 64, "Actual Rows": 1, "Actual Loops": 1, "Plans": [{"Node Type": "Gather", "Parent Relationship": "Outer", "Parallel Aware": false, "Async Capable": false, "Startup Cost": 340500.4, "Total Cost": 340500.61, "Plan Rows": 2, "Plan Width": 64, "Actual Rows": 3, "Actual Loops": 1, "Workers Planned": 2, "Workers Launched": 2, "Single Copy": false, "Plans": [{"Node Type": "Aggregate", "Strategy": "Plain", "Partial Mode": "Partial", "Parent Relationship": "Outer", "Parallel Aware": false, "Async Capable": false, "Startup Cost": 339500.4, "Total Cost": 339500.41, "Plan Rows": 1, "Plan Width": 64, "Actual Rows": 1, "Actual Loops": 3, "Workers": [], "Plans": [{"Node Type": "Hash Join", "Parent Relationship": "Outer", "Parallel Aware": true, "Async Capable": false, "Join Type": "Inner", "Startup Cost": 330813.93, "Total Cost": 339500.36, "Plan Rows": 8, "Plan Width": 60, "Actual Rows": 24, "Actual Loops": 3, "Inner Unique": false, "Hash Cond": "(t.id = mi.movie_id)", "Workers": [], "Plans": [{"Node Type": "Hash Join", "Parent Relationship": "Outer", "Parallel Aware": true, "Async Capable": false, "Join Type": "Inner", "Startup Cost": 49710.18, "Total Cost": 57843.67, "Plan Rows": 110586, "Plan Width": 25, "Actual Rows": 55220, "Actual Loops": 3, "Inner Unique": true, "Hash Cond": "(at.movie_id = t.id)", "Workers": [], "Plans": [{"Node Type": "Seq Scan", "Parent Relationship": "Outer", "Parallel Aware": true, "Async Capable": false, "Relation Name": "aka_title", "Alias": "at", "Startup Cost": 0.0, "Total Cost": 7738.13, "Plan Rows": 150613, "Plan Width": 4, "Actual Rows": 120491, "Actual Loops": 3, "Workers": []}, {"Node Type": "Hash", "Parent Relationship": "Inner", "Parallel Aware": true, "Async Capable": false, "Startup Cost": 43908.97, "Total Cost": 43908.97, "Plan Rows": 464096, "Plan Width": 21, "Actual Rows": 617602, "Actual Loops": 3, "Hash Buckets": 2097152, "Original Hash Buckets": 2097152, "Hash Batches": 1, "Original Hash Batches": 1, "Peak Memory Usage": 120224, "Workers": [], "Plans": [{"Node Type": "Seq Scan", "Parent Relationship": "Outer", "Parallel Aware": true, "Async Capable": false, "Relation Name": "title", "Alias": "t", "Startup Cost": 0.0, "Total Cost": 43908.97, "Plan Rows": 464096, "Plan Width": 21, "Actual Rows": 617602, "Actual Loops": 3, "Filter": "(production_year >= 1986)", "Rows Removed by Filter": 225168, "Workers": []}]}]}, {"Node Type": "Hash", "Parent Relationship": "Inner", "Parallel Aware": true, "Async Capable": false, "Startup Cost": 281103.73, "Total Cost": 281103.73, "Plan Rows": 2, "Plan Width": 55, "Actual Rows": 85, "Actual Loops": 3, "Hash Buckets": 1024, "Original Hash Buckets": 1024, "Hash Batches": 1, "Original Hash Batches": 1, "Peak Memory Usage": 104, "Workers": [], "Plans": [{"Node Type": "Nested Loop", "Parent Relationship": "Outer", "Parallel Aware": false, "Async Capable": false, "Join Type": "Inner", "Startup Cost": 236557.44, "Total Cost": 281103.73, "Plan Rows": 2, "Plan Width": 55, "Actual Rows": 85, "Actual Loops": 3, "Inner Unique": true, "Workers": [], "Plans": [{"Node Type": "Hash Join", "Parent Relationship": "Outer", "Parallel Aware": true, "Async Capable": false, "Join Type": "Inner", "Startup Cost": 236557.02, "Total Cost": 281102.85, "Plan Rows": 2, "Plan Width": 59, "Actual Rows": 85, "Actual Loops": 3, "Inner Unique": false, "Hash Cond": "(mk.movie_id = mi.movie_id)", "Workers": [], "Plans": [{"Node Type": "Seq Scan", "Parent Relationship": "Outer", "Parallel Aware": true, "Async Capable": false, "Relation Name": "movie_keyword", "Alias": "mk", "Startup Cost": 0.0, "Total Cost": 39073.32, "Plan Rows": 1459332, "Plan Width": 8, "Actual Rows": 1507977, "Actual Loops": 3, "Workers": []}, {"Node Type": "Hash", "Parent Relationship": "Inner", "Parallel Aware": true, "Async Capable": false, "Startup Cost": 236557.0, "Total Cost": 236557.0, "Plan Rows": 1, "Plan Width": 51, "Actual Rows": 32, "Actual Loops": 3, "Hash Buckets": 1024, "Original Hash Buckets": 1024, "Hash Batches": 1, "Original Hash Batches": 1, "Peak Memory Usage": 104, "Workers": [], "Plans": [{"Node Type": "Nested Loop", "Parent Relationship": "Outer", "Parallel Aware": false, "Async Capable": false, "Join Type": "Inner", "Startup Cost": 206159.71, "Total Cost": 236557.0, "Plan Rows": 1, "Plan Width": 51, "Actual Rows": 32, "Actual Loops": 3, "Inner Unique": true, "Workers": [], "Plans": [{"Node Type": "Nested Loop", "Parent Relationship": "Outer", "Parallel Aware": false, "Async Capable": false, "Join Type": "Inner", "Startup Cost": 206159.58, "Total Cost": 236556.85, "Plan Rows": 1, "Plan Width": 55, "Actual Rows": 32, "Actual Loops": 3, "Inner Unique": true, "Workers": [], "Plans": [{"Node Type": "Hash Join", "Parent Relationship": "Outer", "Parallel Aware": true, "Async Capable": false, "Join Type": "Inner", "Startup Cost": 206159.16, "Total Cost": 236555.92, "Plan Rows": 2, "Plan Width": 59, "Actual Rows": 956, "Actual Loops": 3, "Inner Unique": false, "Hash Cond": "(mc.movie_id = mi.movie_id)", "Workers": [], "Plans": [{"Node Type": "Seq Scan", "Parent Relationship": "Outer", "Parallel Aware": true, "Async Capable": false, "Relation Name": "movie_companies", "Alias": "mc", "Startup Cost": 0.0, "Total Cost": 27240.55, "Plan Rows": 841655, "Plan Width": 12, "Actual Rows": 869710, "Actual Loops": 3, "Workers": []}, {"Node Type": "Hash", "Parent Relationship": "Inner", "Parallel Aware": true, "Async Capable": false, "Startup Cost": 206159.15, "Total Cost": 206159.15, "Plan Rows": 1, "Plan Width": 47, "Actual Rows": 590, "Actual Loops": 3, "Hash Buckets": 2048, "Original Hash Buckets": 1024, "Hash Batches": 1, "Original Hash Batches": 1, "Peak Memory Usage": 184, "Workers": [], "Plans": [{"Node Type": "Hash Join", "Parent Relationship": "Outer", "Parallel Aware": false, "Async Capable": false, "Join Type": "Inner", "Startup Cost": 2.43, "Total Cost": 206159.15, "Plan Rows": 1, "Plan Width": 47, "Actual Rows": 590, "Actual Loops": 3, "Inner Unique": true, "Hash Cond": "(mi.info_type_id = it1.id)", "Workers": [], "Plans": [{"Node Type": "Seq Scan", "Parent Relationship": "Outer", "Parallel Aware": true, "Async Capable": false, "Relation Name": "movie_info", "Alias": "mi", "Startup Cost": 0.0, "Total Cost": 206156.59, "Plan Rows": 50, "Plan Width": 51, "Actual Rows": 590, "Actual Loops": 3, "Filter": "(((note)::text ~~ '%internet%'::text) AND ((info)::text ~~ 'USA:% 200%'::text))", "Rows Removed by Filter": 4944650, "Workers": []}, {"Node Type": "Hash", "Parent Relationship": "Inner", "Parallel Aware": false, "Async Capable": false, "Startup Cost": 2.41, "Total Cost": 2.41, "Plan Rows": 1, "Plan Width": 4, "Actual Rows": 1, "Actual Loops": 3, "Hash Buckets": 1024, "Original Hash Buckets": 1024, "Hash Batches": 1, "Original Hash Batches": 1, "Peak Memory Usage": 9, "Workers": [], "Plans": [{"Node Type": "Seq Scan", "Parent Relationship": "Outer", "Parallel Aware": false, "Async Capable": false, "Relation Name": "info_type", "Alias": "it1", "Startup Cost": 0.0, "Total Cost": 2.41, "Plan Rows": 1, "Plan Width": 4, "Actual Rows": 1, "Actual Loops": 3, "Filter": "((info)::text = 'release dates'::text)", "Rows Removed by Filter": 112, "Workers": []}]}]}]}]}, {"Node Type": "Index Scan", "Parent Relationship": "Inner", "Parallel Aware": false, "Async Capable": false, "Scan Direction": "Forward", "Index Name": "company_name_pkey", "Relation Name": "company_name", "Alias": "cn", "Startup Cost": 0.42, "Total Cost": 0.45, "Plan Rows": 1, "Plan Width": 4, "Actual Rows": 0, "Actual Loops": 2867, "Index Cond": "(id = mc.company_id)", "Rows Removed by Index Recheck": 0, "Filter": "(((country_code)::text = '[us]'::text) AND ((name)::text = 'YouTube'::text))", "Rows Removed by Filter": 1, "Workers": []}]}, {"Node Type": "Index Only Scan", "Parent Relationship": "Inner", "Parallel Aware": false, "Async Capable": false, "Scan Direction": "Forward", "Index Name": "company_type_pkey", "Relation Name": "company_type", "Alias": "ct", "Startup Cost": 0.13, "Total Cost": 0.15, "Plan Rows": 1, "Plan Width": 4, "Actual Rows": 1, "Actual Loops": 96, "Index Cond": "(id = mc.company_type_id)", "Rows Removed by Index Recheck": 0, "Heap Fetches": 96, "Workers": []}]}]}]}, {"Node Type": "Index Only Scan", "Parent Relationship": "Inner", "Parallel Aware": false, "Async Capable": false, "Scan Direction": "Forward", "Index Name": "keyword_pkey", "Relation Name": "keyword", "Alias": "k", "Startup Cost": 0.42, "Total Cost": 0.44, "Plan Rows": 1, "Plan Width": 4, "Actual Rows": 1, "Actual Loops": 254, "Index Cond": "(id = mk.keyword_id)", "Rows Removed by Index Recheck": 0, "Heap Fetches": 0, "Workers": []}]}]}]}]}]}]}, "Planning Time": 9.803, "Triggers": [], "Execution Time": 2693.719}, {"Plan": {"Node Type": "Aggregate", "Strategy": "Plain", "Partial Mode": "Finalize", "Parallel Aware": false, "Async Capable": false, "Startup Cost": 290888.82, "Total Cost": 290888.83, "Plan Rows": 1, "Plan Width": 64, "Actual Rows": 1, "Actual Loops": 1, "Plans": [{"Node Type": "Gather", "Parent Relationship": "Outer", "Parallel Aware": false, "Async Capable": false, "Startup Cost": 290888.49, "Total Cost": 290888.8, "Plan Rows": 3, "Plan Width": 64, "Actual Rows": 4, "Actual Loops": 1, "Workers Planned": 3, "Workers Launched": 3, "Single Copy": false, "Plans": [{"Node Type": "Aggregate", "Strategy": "Plain", "Partial Mode": "Partial", "Parent Relationship": "Outer", "Parallel Aware": false, "Async Capable": false, "Startup Cost": 289888.49, "Total Cost": 289888.5, "Plan Rows": 1, "Plan Width": 64, "Actual Rows": 1, "Actual Loops": 4, "Workers": [], "Plans": [{"Node Type": "Nested Loop", "Parent Relationship": "Outer", "Parallel Aware": false, "Async Capable": false, "Join Type": "Inner", "Startup Cost": 245339.24, "Total Cost": 289888.46, "Plan Rows": 6, "Plan Width": 60, "Actual Rows": 18, "Actual Loops": 4, "Inner Unique": true, "Workers": [], "Plans": [{"Node Type": "Nested Loop", "Parent Relationship": "Outer", "Parallel Aware": false, "Async Capable": false, "Join Type": "Inner", "Startup Cost": 245339.09, "Total Cost": 289887.13, "Plan Rows": 6, "Plan Width": 64, "Actual Rows": 18, "Actual Loops": 4, "Inner Unique": true, "Workers": [], "Plans": [{"Node Type": "Hash Join", "Parent Relationship": "Outer", "Parallel Aware": true, "Async Capable": false, "Join Type": "Inner", "Startup Cost": 245338.67, "Total Cost": 289884.5, "Plan Rows": 6, "Plan Width": 68, "Actual Rows": 18, "Actual Loops": 4, "Inner Unique": false, "Hash Cond": "(mk.movie_id = t.id)", "Workers": [], "Plans": [{"Node Type": "Seq Scan", "Parent Relationship": "Outer", "Parallel Aware": true, "Async Capable": false, "Relation Name": "movie_keyword", "Alias": "mk", "Startup Cost": 0.0, "Total Cost": 39073.32, "Plan Rows": 1459332, "Plan Width": 8, "Actual Rows": 1130982, "Actual Loops": 4, "Workers": []}, {"Node Type": "Hash", "Parent Relationship": "Inner", "Parallel Aware": true, "Async Capable": false, "Startup Cost": 245338.66, "Total Cost": 245338.66, "Plan Rows": 1, "Plan Width": 80, "Actual Rows": 2, "Actual Loops": 4, "Hash Buckets": 1024, "Original Hash Buckets": 1024, "Hash Batches": 1, "Original Hash Batches": 1, "Peak Memory Usage": 72, "Workers": [], "Plans": [{"Node Type": "Nested Loop", "Parent Relationship": "Outer", "Parallel Aware": false, "Async Capable": false, "Join Type": "Inner", "Startup Cost": 214881.15, "Total Cost": 245338.66, "Plan Rows": 1, "Plan Width": 80, "Actual Rows": 2, "Actual Loops": 4, "Inner Unique": true, "Workers": [], "Plans": [{"Node Type": "Nested Loop", "Parent Relationship": "Outer", "Parallel Aware": false, "Async Capable": false, "Join Type": "Inner", "Startup Cost": 214881.02, "Total Cost": 245338.51, "Plan Rows": 1, "Plan Width": 84, "Actual Rows": 2, "Actual Loops": 4, "Inner Unique": true, "Workers": [], "Plans": [{"Node Type": "Hash Join", "Parent Relationship": "Outer", "Parallel Aware": true, "Async Capable": false, "Join Type": "Inner", "Startup Cost": 214880.6, "Total Cost": 245277.48, "Plan Rows": 136, "Plan Width": 88, "Actual Rows": 98, "Actual Loops": 4, "Inner Unique": false, "Hash Cond": "(mc.movie_id = t.id)", "Workers": [], "Plans": [{"Node Type": "Seq Scan", "Parent Relationship": "Outer", "Parallel Aware": true, "Async Capable": false, "Relation Name": "movie_companies", "Alias": "mc", "Startup Cost": 0.0, "Total Cost": 27240.55, "Plan Rows": 841655, "Plan Width": 12, "Actual Rows": 652282, "Actual Loops": 4, "Workers": []}, {"Node Type": "Hash", "Parent Relationship": "Inner", "Parallel Aware": true, "Async Capable": false, "Startup Cost": 214880.1, "Total Cost": 214880.1, "Plan Rows": 40, "Plan Width": 76, "Actual Rows": 29, "Actual Loops": 4, "Hash Buckets": 1024, "Original Hash Buckets": 1024, "Hash Batches": 1, "Original Hash Batches": 1, "Peak Memory Usage": 136, "Workers": [], "Plans": [{"Node Type": "Hash Join", "Parent Relationship": "Outer", "Parallel Aware": true, "Async Capable": false, "Join Type": "Inner", "Startup Cost": 206577.15, "Total Cost": 214880.1, "Plan Rows": 40, "Plan Width": 76, "Actual Rows": 29, "Actual Loops": 4, "Inner Unique": false, "Hash Cond": "(at.movie_id = t.id)", "Workers": [], "Plans": [{"Node Type": "Seq Scan", "Parent Relationship": "Outer", "Parallel Aware": true, "Async Capable": false, "Relation Name": "aka_title", "Alias": "at", "Startup Cost": 0.0, "Total Cost": 7738.13, "Plan Rows": 150613, "Plan Width": 4, "Actual Rows": 90368, "Actual Loops": 4, "Workers": []}, {"Node Type": "Hash", "Parent Relationship": "Inner", "Parallel Aware": true, "Async Capable": false, "Startup Cost": 206576.68, "Total Cost": 206576.68, "Plan Rows": 37, "Plan Width": 72, "Actual Rows": 442, "Actual Loops": 4, "Hash Buckets": 2048, "Original Hash Buckets": 1024, "Hash Batches": 1, "Original Hash Batches": 1, "Peak Memory Usage": 280, "Workers": [], "Plans": [{"Node Type": "Nested Loop", "Parent Relationship": "Outer", "Parallel Aware": false, "Async Capable": false, "Join Type": "Inner", "Startup Cost": 0.43, "Total Cost": 206576.68, "Plan Rows": 37, "Plan Width": 72, "Actual Rows": 442, "Actual Loops": 4, "Inner Unique": true, "Workers": [], "Plans": [{"Node Type": "Seq Scan", "Parent Relationship": "Outer", "Parallel Aware": true, "Async Capable": false, "Relation Name": "movie_info", "Alias": "mi", "Startup Cost": 0.0, "Total Cost": 206156.59, "Plan Rows": 50, "Plan Width": 51, "Actual Rows": 443, "Actual Loops": 4, "Filter": "(((note)::text ~~ '%internet%'::text) AND ((info)::text ~~ 'USA:% 200%'::text))", "Rows Removed by Filter": 3708487, "Workers": []}, {"Node Type": "Index Scan", "Parent Relationship": "Inner", "Parallel Aware": false, "Async Capable": false, "Scan Direction": "Forward", "Index Name": "title_pkey", "Relation Name": "title", "Alias": "t", "Startup Cost": 0.43, "Total Cost": 8.4, "Plan Rows": 1, "Plan Width": 21, "Actual Rows": 1, "Actual Loops": 1771, "Index Cond": "(id = mi.movie_id)", "Rows Removed by Index Recheck": 0, "Filter": "(production_year >= 1986)", "Rows Removed by Filter": 0, "Workers": []}]}]}]}]}]}, {"Node Type": "Index Scan", "Parent Relationship": "Inner", "Parallel Aware": false, "Async Capable": false, "Scan Direction": "Forward", "Index Name": "company_name_pkey", "Relation Name": "company_name", "Alias": "cn", "Startup Cost": 0.42, "Total Cost": 0.45, "Plan Rows": 1, "Plan Width": 4, "Actual Rows": 0, "Actual Loops": 390, "Index Cond": "(id = mc.company_id)", "Rows Removed by Index Recheck": 0, "Filter": "(((country_code)::text = '[us]'::text) AND ((name)::text = 'YouTube'::text))", "Rows Removed by Filter": 1, "Workers": []}]}, {"Node Type": "Index Only Scan", "Parent Relationship": "Inner", "Parallel Aware": false, "Async Capable": false, "Scan Direction": "Forward", "Index Name": "company_type_pkey", "Relation Name": "company_type", "Alias": "ct", "Startup Cost": 0.13, "Total Cost": 0.15, "Plan Rows": 1, "Plan Width": 4, "Actual Rows": 1, "Actual Loops": 6, "Index Cond": "(id = mc.company_type_id)", "Rows Removed by Index Recheck": 0, "Heap Fetches": 6, "Workers": []}]}]}]}, {"Node Type": "Index Only Scan", "Parent Relationship": "Inner", "Parallel Aware": false, "Async Capable": false, "Scan Direction": "Forward", "Index Name": "keyword_pkey", "Relation Name": "keyword", "Alias": "k", "Startup Cost": 0.42, "Total Cost": 0.44, "Plan Rows": 1, "Plan Width": 4, "Actual Rows": 1, "Actual Loops": 71, "Index Cond": "(id = mk.keyword_id)", "Rows Removed by Index Recheck": 0, "Heap Fetches": 0, "Workers": []}]}, {"Node Type": "Index Scan", "Parent Relationship": "Inner", "Parallel Aware": false, "Async Capable": false, "Scan Direction": "Forward", "Index Name": "info_type_pkey", "Relation Name": "info_type", "Alias": "it1", "Startup Cost": 0.14, "Total Cost": 0.21, "Plan Rows": 1, "Plan Width": 4, "Actual Rows": 1, "Actual Loops": 71, "Index Cond": "(id = mi.info_type_id)", "Rows Removed by Index Recheck": 0, "Filter": "((info)::text = 'release dates'::text)", "Rows Removed by Filter": 0, "Workers": []}]}]}]}]}, "Planning Time": 15.83, "Triggers": [], "Execution Time": 1493.003}, {"Plan": {"Node Type": "Aggregate", "Strategy": "Plain", "Partial Mode": "Finalize", "Parallel Aware": false, "Async Capable": false, "Startup Cost": 294063.26, "Total Cost": 294063.27, "Plan Rows": 1, "Plan Width": 64, "Actual Rows": 1, "Actual Loops": 1, "Plans": [{"Node Type": "Gather", "Parent Relationship": "Outer", "Parallel Aware": false, "Async Capable": false, "Startup Cost": 294063.04, "Total Cost": 294063.25, "Plan Rows": 2, "Plan Width": 64, "Actual Rows": 3, "Actual Loops": 1, "Workers Planned": 2, "Workers Launched": 2, "Single Copy": false, "Plans": [{"Node Type": "Aggregate", "Strategy": "Plain", "Partial Mode": "Partial", "Parent Relationship": "Outer", "Parallel Aware": false, "Async Capable": false, "Startup Cost": 293063.04, "Total Cost": 293063.05, "Plan Rows": 1, "Plan Width": 64, "Actual Rows": 1, "Actual Loops": 3, "Workers": [], "Plans": [{"Node Type": "Hash Join", "Parent Relationship": "Outer", "Parallel Aware": true, "Async Capable": false, "Join Type": "Inner", "Startup Cost": 289406.78, "Total Cost": 293063.0, "Plan Rows": 8, "Plan Width": 60, "Actual Rows": 24, "Actual Loops": 3, "Inner Unique": false, "Hash Cond": "(k.id = mk.keyword_id)", "Workers": [], "Plans": [{"Node Type": "Index Only Scan", "Parent Relationship": "Outer", "Parallel Aware": true, "Async Capable": false, "Scan Direction": "Forward", "Index Name": "keyword_pkey", "Relation Name": "keyword", "Alias": "k", "Startup Cost": 0.42, "Total Cost": 3307.22, "Plan Rows": 55904, "Plan Width": 4, "Actual Rows": 44723, "Actual Loops": 3, "Heap Fetches": 0, "Workers": []}, {"Node Type": "Hash", "Parent Relationship": "Inner", "Parallel Aware": true, "Async Capable": false, "Startup Cost": 289406.29, "Total Cost": 289406.29, "Plan Rows": 6, "Plan Width": 64, "Actual Rows": 24, "Actual Loops": 3, "Hash Buckets": 1024, "Original Hash Buckets": 1024, "Hash Batches": 1, "Original Hash Batches": 1, "Peak Memory Usage": 104, "Workers": [], "Plans": [{"Node Type": "Hash Join", "Parent Relationship": "Outer", "Parallel Aware": true, "Async Capable": false, "Join Type": "Inner", "Startup Cost": 244860.46, "Total Cost": 289406.29, "Plan Rows": 6, "Plan Width": 64, "Actual Rows": 24, "Actual Loops": 3, "Inner Unique": false, "Hash Cond": "(mk.movie_id = t.id)", "Workers": [], "Plans": [{"Node Type": "Seq Scan", "Parent Relationship": "Outer", "Parallel Aware": true, "Async Capable": false, "Relation Name": "movie_keyword", "Alias": "mk", "Startup Cost": 0.0, "Total Cost": 39073.32, "Plan Rows": 1459332, "Plan Width": 8, "Actual Rows": 1507977, "Actual Loops": 3, "Workers": []}, {"Node Type": "Hash", "Parent Relationship": "Inner", "Parallel Aware": true, "Async Capable": false, "Startup Cost": 244860.45, "Total Cost": 244860.45, "Plan Rows": 1, "Plan Width": 76, "Actual Rows": 2, "Actual Loops": 3, "Hash Buckets": 1024, "Original Hash Buckets": 1024, "Hash Batches": 1, "Original Hash Batches": 1, "Peak Memory Usage": 104, "Workers": [], "Plans": [{"Node Type": "Nested Loop", "Parent Relationship": "Outer", "Parallel Aware": false, "Async Capable": false, "Join Type": "Inner", "Startup Cost": 214463.63, "Total Cost": 244860.45, "Plan Rows": 1, "Plan Width": 76, "Actual Rows": 2, "Actual Loops": 3, "Inner Unique": true, "Workers": [], "Plans": [{"Node Type": "Nested Loop", "Parent Relationship": "Outer", "Parallel Aware": false, "Async Capable": false, "Join Type": "Inner", "Startup Cost": 214463.5, "Total Cost": 244860.3, "Plan Rows": 1, "Plan Width": 80, "Actual Rows": 2, "Actual Loops": 3, "Inner Unique": true, "Workers": [], "Plans": [{"Node Type": "Hash Join", "Parent Relationship": "Outer", "Parallel Aware": true, "Async Capable": false, "Join Type": "Inner", "Startup Cost": 214463.07, "Total Cost": 244859.83, "Plan Rows": 1, "Plan Width": 84, "Actual Rows": 130, "Actual Loops": 3, "Inner Unique": false, "Hash Cond": "(mc.movie_id = t.id)", "Workers": [], "Plans": [{"Node Type": "Seq Scan", "Parent Relationship": "Outer", "Parallel Aware": true, "Async Capable": false, "Relation Name": "movie_companies", "Alias": "mc", "Startup Cost": 0.0, "Total Cost": 27240.55, "Plan Rows": 841655, "Plan Width": 12, "Actual Rows": 869710, "Actual Loops": 3, "Workers": []}, {"Node Type": "Hash", "Parent Relationship": "Inner", "Parallel Aware": true, "Async Capable": false, "Startup Cost": 214463.05, "Total Cost": 214463.05, "Plan Rows": 1, "Plan Width": 72, "Actual Rows": 39, "Actual Loops": 3, "Hash Buckets": 1024, "Original Hash Buckets": 1024, "Hash Batches": 1, "Original Hash Batches": 1, "Peak Memory Usage": 104, "Workers": [], "Plans": [{"Node Type": "Nested Loop", "Parent Relationship": "Outer", "Parallel Aware": false, "Async Capable": false, "Join Type": "Inner", "Startup Cost": 206159.59, "Total Cost": 214463.05, "Plan Rows": 1, "Plan Width": 72, "Actual Rows": 39, "Actual Loops": 3, "Inner Unique": true, "Workers": [], "Plans": [{"Node Type": "Hash Join", "Parent Relationship": "Outer", "Parallel Aware": true, "Async Capable": false, "Join Type": "Inner", "Startup Cost": 206159.16, "Total Cost": 214462.1, "Plan Rows": 1, "Plan Width": 51, "Actual Rows": 39, "Actual Loops": 3, "Inner Unique": false, "Hash Cond": "(at.movie_id = mi.movie_id)", "Workers": [], "Plans": [{"Node Type": "Seq Scan", "Parent Relationship": "Outer", "Parallel Aware": true, "Async Capable": false, "Relation Name": "aka_title", "Alias": "at", "Startup Cost": 0.0, "Total Cost": 7738.13, "Plan Rows": 150613, "Plan Width": 4, "Actual Rows": 120491, "Actual Loops": 3, "Workers": []}, {"Node Type": "Hash", "Parent Relationship": "Inner", "Parallel Aware": true, "Async Capable": false, "Startup Cost": 206159.15, "Total Cost": 206159.15, "Plan Rows": 1, "Plan Width": 47, "Actual Rows": 590, "Actual Loops": 3, "Hash Buckets": 1024, "Original Hash Buckets": 1024, "Hash Batches": 1, "Original Hash Batches": 1, "Peak Memory Usage": 136, "Workers": [], "Plans": [{"Node Type": "Hash Join", "Parent Relationship": "Outer", "Parallel Aware": false, "Async Capable": false, "Join Type": "Inner", "Startup Cost": 2.43, "Total Cost": 206159.15, "Plan Rows": 1, "Plan Width": 47, "Actual Rows": 590, "Actual Loops": 3, "Inner Unique": true, "Hash Cond": "(mi.info_type_id = it1.id)", "Workers": [], "Plans": [{"Node Type": "Seq Scan", "Parent Relationship": "Outer", "Parallel Aware": true, "Async Capable": false, "Relation Name": "movie_info", "Alias": "mi", "Startup Cost": 0.0, "Total Cost": 206156.59, "Plan Rows": 50, "Plan Width": 51, "Actual Rows": 590, "Actual Loops": 3, "Filter": "(((note)::text ~~ '%internet%'::text) AND ((info)::text ~~ 'USA:% 200%'::text))", "Rows Removed by Filter": 4944650, "Workers": []}, {"Node Type": "Hash", "Parent Relationship": "Inner", "Parallel Aware": false, "Async Capable": false, "Startup Cost": 2.41, "Total Cost": 2.41, "Plan Rows": 1, "Plan Width": 4, "Actual Rows": 1, "Actual Loops": 3, "Hash Buckets": 1024, "Original Hash Buckets": 1024, "Hash Batches": 1, "Original Hash Batches": 1, "Peak Memory Usage": 9, "Workers": [], "Plans": [{"Node Type": "Seq Scan", "Parent Relationship": "Outer", "Parallel Aware": false, "Async Capable": false, "Relation Name": "info_type", "Alias": "it1", "Startup Cost": 0.0, "Total Cost": 2.41, "Plan Rows": 1, "Plan Width": 4, "Actual Rows": 1, "Actual Loops": 3, "Filter": "((info)::text = 'release dates'::text)", "Rows Removed by Filter": 112, "Workers": []}]}]}]}]}, {"Node Type": "Index Scan", "Parent Relationship": "Inner", "Parallel Aware": false, "Async Capable": false, "Scan Direction": "Forward", "Index Name": "title_pkey", "Relation Name": "title", "Alias": "t", "Startup Cost": 0.43, "Total Cost": 0.95, "Plan Rows": 1, "Plan Width": 21, "Actual Rows": 1, "Actual Loops": 116, "Index Cond": "(id = at.movie_id)", "Rows Removed by Index Recheck": 0, "Filter": "(production_year >= 1986)", "Rows Removed by Filter": 0, "Workers": []}]}]}]}, {"Node Type": "Memoize", "Parent Relationship": "Inner", "Parallel Aware": false, "Async Capable": false, "Startup Cost": 0.43, "Total Cost": 0.46, "Plan Rows": 1, "Plan Width": 4, "Actual Rows": 0, "Actual Loops": 390, "Cache Key": "mc.company_id", "Cache Mode": "logical", "Cache Hits": 40, "Cache Misses": 64, "Cache Evictions": 0, "Cache Overflows": 0, "Peak Memory Usage": 5, "Workers": [{"Worker Number": 0, "Cache Hits": 69, "Cache Misses": 66, "Cache Evictions": 0, "Cache Overflows": 0, "Peak Memory Usage": 5}, {"Worker Number": 1, "Cache Hits": 75, "Cache Misses": 76, "Cache Evictions": 0, "Cache Overflows": 0, "Peak Memory Usage": 6}], "Plans": [{"Node Type": "Index Scan", "Parent Relationship": "Outer", "Parallel Aware": false, "Async Capable": false, "Scan Direction": "Forward", "Index Name": "company_name_pkey", "Relation Name": "company_name", "Alias": "cn", "Startup Cost": 0.42, "Total Cost": 0.45, "Plan Rows": 1, "Plan Width": 4, "Actual Rows": 0, "Actual Loops": 206, "Index Cond": "(id = mc.company_id)", "Rows Removed by Index Recheck": 0, "Filter": "(((country_code)::text = '[us]'::text) AND ((name)::text = 'YouTube'::text))", "Rows Removed by Filter": 1, "Workers": []}]}]}, {"Node Type": "Index Only Scan", "Parent Relationship": "Inner", "Parallel Aware": false, "Async Capable": false, "Scan Direction": "Forward", "Index Name": "company_type_pkey", "Relation Name": "company_type", "Alias": "ct", "Startup Cost": 0.13, "Total Cost": 0.15, "Plan Rows": 1, "Plan Width": 4, "Actual Rows": 1, "Actual Loops": 6, "Index Cond": "(id = mc.company_type_id)", "Rows Removed by Index Recheck": 0, "Heap Fetches": 6, "Workers": []}]}]}]}]}]}]}]}]}, "Planning Time": 15.066, "Triggers": [], "Execution Time": 1257.536}, {"Plan": {"Node Type": "Aggregate", "Strategy": "Plain", "Partial Mode": "Finalize", "Parallel Aware": false, "Async Capable": false, "Startup Cost": 294594.18, "Total Cost": 294594.19, "Plan Rows": 1, "Plan Width": 64, "Actual Rows": 1, "Actual Loops": 1, "Plans": [{"Node Type": "Gather", "Parent Relationship": "Outer", "Parallel Aware": false, "Async Capable": false, "Startup Cost": 294593.65, "Total Cost": 294594.16, "Plan Rows": 5, "Plan Width": 64, "Actual Rows": 6, "Actual Loops": 1, "Workers Planned": 5, "Workers Launched": 5, "Single Copy": false, "Plans": [{"Node Type": "Aggregate", "Strategy": "Plain", "Partial Mode": "Partial", "Parent Relationship": "Outer", "Parallel Aware": false, "Async Capable": false, "Startup Cost": 293593.65, "Total Cost": 293593.66, "Plan Rows": 1, "Plan Width": 64, "Actual Rows": 1, "Actual Loops": 6, "Workers": [], "Plans": [{"Node Type": "Hash Join", "Parent Relationship": "Outer", "Parallel Aware": true, "Async Capable": false, "Join Type": "Inner", "Startup Cost": 87436.89, "Total Cost": 293593.63, "Plan Rows": 4, "Plan Width": 60, "Actual Rows": 12, "Actual Loops": 6, "Inner Unique": false, "Hash Cond": "(mi.movie_id = t.id)", "Workers": [], "Plans": [{"Node Type": "Hash Join", "Parent Relationship": "Outer", "Parallel Aware": false, "Async Capable": false, "Join Type": "Inner", "Startup Cost": 2.43, "Total Cost": 206159.15, "Plan Rows": 1, "Plan Width": 47, "Actual Rows": 295, "Actual Loops": 6, "Inner Unique": true, "Hash Cond": "(mi.info_type_id = it1.id)", "Workers": [], "Plans": [{"Node Type": "Seq Scan", "Parent Relationship": "Outer", "Parallel Aware": true, "Async Capable": false, "Relation Name": "movie_info", "Alias": "mi", "Startup Cost": 0.0, "Total Cost": 206156.59, "Plan Rows": 50, "Plan Width": 51, "Actual Rows": 295, "Actual Loops": 6, "Filter": "(((note)::text ~~ '%internet%'::text) AND ((info)::text ~~ 'USA:% 200%'::text))", "Rows Removed by Filter": 2472325, "Workers": []}, {"Node Type": "Hash", "Parent Relationship": "Inner", "Parallel Aware": false, "Async Capable": false, "Startup Cost": 2.41, "Total Cost": 2.41, "Plan Rows": 1, "Plan Width": 4, "Actual Rows": 1, "Actual Loops": 6, "Hash Buckets": 1024, "Original Hash Buckets": 1024, "Hash Batches": 1, "Original Hash Batches": 1, "Peak Memory Usage": 9, "Workers": [], "Plans": [{"Node Type": "Seq Scan", "Parent Relationship": "Outer", "Parallel Aware": false, "Async Capable": false, "Relation Name": "info_type", "Alias": "it1", "Startup Cost": 0.0, "Total Cost": 2.41, "Plan Rows": 1, "Plan Width": 4, "Actual Rows": 1, "Actual Loops": 6, "Filter": "((info)::text = 'release dates'::text)", "Rows Removed by Filter": 112, "Workers": []}]}]}, {"Node Type": "Hash", "Parent Relationship": "Inner", "Parallel Aware": true, "Async Capable": false, "Startup Cost": 87433.9, "Total Cost": 87433.9, "Plan Rows": 45, "Plan Width": 33, "Actual Rows": 108, "Actual Loops": 6, "Hash Buckets": 1024, "Original Hash Buckets": 1024, "Hash Batches": 1, "Original Hash Batches": 1, "Peak Memory Usage": 200, "Workers": [], "Plans": [{"Node Type": "Nested Loop", "Parent Relationship": "Outer", "Parallel Aware": false, "Async Capable": false, "Join Type": "Inner", "Startup Cost": 42868.78, "Total Cost": 87433.9, "Plan Rows": 45, "Plan Width": 33, "Actual Rows": 108, "Actual Loops": 6, "Inner Unique": true, "Workers": [], "Plans": [{"Node Type": "Hash Join", "Parent Relationship": "Outer", "Parallel Aware": true, "Async Capable": false, "Join Type": "Inner", "Startup Cost": 42868.36, "Total Cost": 87414.19, "Plan Rows": 45, "Plan Width": 37, "Actual Rows": 108, "Actual Loops": 6, "Inner Unique": false, "Hash Cond": "(mk.movie_id = t.id)", "Workers": [], "Plans": [{"Node Type": "Seq Scan", "Parent Relationship": "Outer", "Parallel Aware": true, "Async Capable": false, "Relation Name": "movie_keyword", "Alias": "mk", "Startup Cost": 0.0, "Total Cost": 39073.32, "Plan Rows": 1459332, "Plan Width": 8, "Actual Rows": 753988, "Actual Loops": 6, "Workers": []}, {"Node Type": "Hash", "Parent Relationship": "Inner", "Parallel Aware": true, "Async Capable": false, "Startup Cost": 42868.34, "Total Cost": 42868.34, "Plan Rows": 2, "Plan Width": 29, "Actual Rows": 11, "Actual Loops": 6, "Hash Buckets": 1024, "Original Hash Buckets": 1024, "Hash Batches": 1, "Original Hash Batches": 1, "Peak Memory Usage": 200, "Workers": [], "Plans": [{"Node Type": "Nested Loop", "Parent Relationship": "Outer", "Parallel Aware": false, "Async Capable": false, "Join Type": "Inner", "Startup Cost": 34564.06, "Total Cost": 42868.34, "Plan Rows": 2, "Plan Width": 29, "Actual Rows": 11, "Actual Loops": 6, "Inner Unique": true, "Workers": [], "Plans": [{"Node Type": "Nested Loop", "Parent Relationship": "Outer", "Parallel Aware": false, "Async Capable": false, "Join Type": "Inner", "Startup Cost": 34563.93, "Total Cost": 42868.04, "Plan Rows": 2, "Plan Width": 33, "Actual Rows": 11, "Actual Loops": 6, "Inner Unique": true, "Join Filter": "(t.id = at.movie_id)", "Rows Removed by Join Filter": 0, "Workers": [], "Plans": [{"Node Type": "Hash Join", "Parent Relationship": "Outer", "Parallel Aware": true, "Async Capable": false, "Join Type": "Inner", "Startup Cost": 34563.5, "Total Cost": 42866.44, "Plan Rows": 3, "Plan Width": 12, "Actual Rows": 11, "Actual Loops": 6, "Inner Unique": false, "Hash Cond": "(at.movie_id = mc.movie_id)", "Workers": [], "Plans": [{"Node Type": "Seq Scan", "Parent Relationship": "Outer", "Parallel Aware": true, "Async Capable": false, "Relation Name": "aka_title", "Alias": "at", "Startup Cost": 0.0, "Total Cost": 7738.13, "Plan Rows": 150613, "Plan Width": 4, "Actual Rows": 60245, "Actual Loops": 6, "Workers": []}, {"Node Type": "Hash", "Parent Relationship": "Inner", "Parallel Aware": true, "Async Capable": false, "Startup Cost": 34563.45, "Total Cost": 34563.45, "Plan Rows": 4, "Plan Width": 8, "Actual Rows": 243, "Actual Loops": 6, "Hash Buckets": 1024, "Original Hash Buckets": 1024, "Hash Batches": 1, "Original Hash Batches": 1, "Peak Memory Usage": 200, "Workers": [], "Plans": [{"Node Type": "Hash Join", "Parent Relationship": "Outer", "Parallel Aware": true, "Async Capable": false, "Join Type": "Inner", "Startup Cost": 5113.52, "Total Cost": 34563.45, "Plan Rows": 4, "Plan Width": 8, "Actual Rows": 243, "Actual Loops": 6, "Inner Unique": true, "Hash Cond": "(mc.company_id = cn.id)", "Workers": [], "Plans": [{"Node Type": "Seq Scan", "Parent Relationship": "Outer", "Parallel Aware": true, "Async Capable": false, "Relation Name": "movie_companies", "Alias": "mc", "Startup Cost": 0.0, "Total Cost": 27240.55, "Plan Rows": 841655, "Plan Width": 12, "Actual Rows": 434855, "Actual Loops": 6, "Workers": []}, {"Node Type": "Hash", "Parent Relationship": "Inner", "Parallel Aware": true, "Async Capable": false, "Startup Cost": 5113.5, "Total Cost": 5113.5, "Plan Rows": 1, "Plan Width": 4, "Actual Rows": 0, "Actual Loops": 6, "Hash Buckets": 1024, "Original Hash Buckets": 1024, "Hash Batches": 1, "Original Hash Batches": 1, "Peak Memory Usage": 40, "Workers": [], "Plans": [{"Node Type": "Seq Scan", "Parent Relationship": "Outer", "Parallel Aware": true, "Async Capable": false, "Relation Name": "company_name", "Alias": "cn", "Startup Cost": 0.0, "Total Cost": 5113.5, "Plan Rows": 1, "Plan Width": 4, "Actual Rows": 0, "Actual Loops": 6, "Filter": "(((country_code)::text = '[us]'::text) AND ((name)::text = 'YouTube'::text))", "Rows Removed by Filter": 39166, "Workers": []}]}]}]}]}, {"Node Type": "Index Scan", "Parent Relationship": "Inner", "Parallel Aware": false, "Async Capable": false, "Scan Direction": "Forward", "Index Name": "title_pkey", "Relation Name": "title", "Alias": "t", "Startup Cost": 0.43, "Total Cost": 0.52, "Plan Rows": 1, "Plan Width": 21, "Actual Rows": 1, "Actual Loops": 67, "Index Cond": "(id = mc.movie_id)", "Rows Removed by Index Recheck": 0, "Filter": "(production_year >= 1986)", "Rows Removed by Filter": 0, "Workers": []}]}, {"Node Type": "Index Only Scan", "Parent Relationship": "Inner", "Parallel Aware": false, "Async Capable": false, "Scan Direction": "Forward", "Index Name": "company_type_pkey", "Relation Name": "company_type", "Alias": "ct", "Startup Cost": 0.13, "Total Cost": 0.15, "Plan Rows": 1, "Plan Width": 4, "Actual Rows": 1, "Actual Loops": 64, "Index Cond": "(id = mc.company_type_id)", "Rows Removed by Index Recheck": 0, "Heap Fetches": 64, "Workers": []}]}]}]}, {"Node Type": "Index Only Scan", "Parent Relationship": "Inner", "Parallel Aware": false, "Async Capable": false, "Scan Direction": "Forward", "Index Name": "keyword_pkey", "Relation Name": "keyword", "Alias": "k", "Startup Cost": 0.42, "Total Cost": 0.44, "Plan Rows": 1, "Plan Width": 4, "Actual Rows": 1, "Actual Loops": 648, "Index Cond": "(id = mk.keyword_id)", "Rows Removed by Index Recheck": 0, "Heap Fetches": 0, "Workers": []}]}]}]}]}]}]}, "Planning Time": 10.006, "Triggers": [], "Execution Time": 552.751}, {"Plan": {"Node Type": "Aggregate", "Strategy": "Plain", "Partial Mode": "Finalize", "Parallel Aware": false, "Async Capable": false, "Startup Cost": 295904.12, "Total Cost": 295904.13, "Plan Rows": 1, "Plan Width": 64, "Actual Rows": 1, "Actual Loops": 1, "Plans": [{"Node Type": "Gather", "Parent Relationship": "Outer", "Parallel Aware": false, "Async Capable": false, "Startup Cost": 295903.59, "Total Cost": 295904.1, "Plan Rows": 5, "Plan Width": 64, "Actual Rows": 6, "Actual Loops": 1, "Workers Planned": 5, "Workers Launched": 5, "Single Copy": false, "Plans": [{"Node Type": "Aggregate", "Strategy": "Plain", "Partial Mode": "Partial", "Parent Relationship": "Outer", "Parallel Aware": false, "Async Capable": false, "Startup Cost": 294903.59, "Total Cost": 294903.6, "Plan Rows": 1, "Plan Width": 64, "Actual Rows": 1, "Actual Loops": 6, "Workers": [], "Plans": [{"Node Type": "Hash Join", "Parent Relationship": "Outer", "Parallel Aware": true, "Async Capable": false, "Join Type": "Inner", "Startup Cost": 88744.03, "Total Cost": 294903.57, "Plan Rows": 4, "Plan Width": 60, "Actual Rows": 12, "Actual Loops": 6, "Inner Unique": false, "Hash Cond": "(at.movie_id = t.id)", "Workers": [], "Plans": [{"Node Type": "Hash Join", "Parent Relationship": "Outer", "Parallel Aware": false, "Async Capable": false, "Join Type": "Inner", "Startup Cost": 9623.22, "Total Cost": 215782.74, "Plan Rows": 1, "Plan Width": 51, "Actual Rows": 19, "Actual Loops": 6, "Inner Unique": true, "Hash Cond": "(mi.info_type_id = it1.id)", "Workers": [], "Plans": [{"Node Type": "Hash Join", "Parent Relationship": "Outer", "Parallel Aware": true, "Async Capable": false, "Join Type": "Inner", "Startup Cost": 9620.8, "Total Cost": 215780.25, "Plan Rows": 26, "Plan Width": 55, "Actual Rows": 19, "Actual Loops": 6, "Inner Unique": false, "Hash Cond": "(mi.movie_id = at.movie_id)", "Workers": [], "Plans": [{"Node Type": "Seq Scan", "Parent Relationship": "Outer", "Parallel Aware": true, "Async Capable": false, "Relation Name": "movie_info", "Alias": "mi", "Startup Cost": 0.0, "Total Cost": 206156.59, "Plan Rows": 50, "Plan Width": 51, "Actual Rows": 295, "Actual Loops": 6, "Filter": "(((note)::text ~~ '%internet%'::text) AND ((info)::text ~~ 'USA:% 200%'::text))", "Rows Removed by Filter": 2472325, "Workers": []}, {"Node Type": "Hash", "Parent Relationship": "Inner", "Parallel Aware": true, "Async Capable": false, "Startup Cost": 7738.13, "Total Cost": 7738.13, "Plan Rows": 150613, "Plan Width": 4, "Actual Rows": 60245, "Actual Loops": 6, "Hash Buckets": 524288, "Original Hash Buckets": 524288, "Hash Batches": 1, "Original Hash Batches": 1, "Peak Memory Usage": 18368, "Workers": [], "Plans": [{"Node Type": "Seq Scan", "Parent Relationship": "Outer", "Parallel Aware": true, "Async Capable": false, "Relation Name": "aka_title", "Alias": "at", "Startup Cost": 0.0, "Total Cost": 7738.13, "Plan Rows": 150613, "Plan Width": 4, "Actual Rows": 60245, "Actual Loops": 6, "Workers": []}]}]}, {"Node Type": "Hash", "Parent Relationship": "Inner", "Parallel Aware": false, "Async Capable": false, "Startup Cost": 2.41, "Total Cost": 2.41, "Plan Rows": 1, "Plan Width": 4, "Actual Rows": 1, "Actual Loops": 6, "Hash Buckets": 1024, "Original Hash Buckets": 1024, "Hash Batches": 1, "Original Hash Batches": 1, "Peak Memory Usage": 9, "Workers": [], "Plans": [{"Node Type": "Seq Scan", "Parent Relationship": "Outer", "Parallel Aware": false, "Async Capable": false, "Relation Name": "info_type", "Alias": "it1", "Startup Cost": 0.0, "Total Cost": 2.41, "Plan Rows": 1, "Plan Width": 4, "Actual Rows": 1, "Actual Loops": 6, "Filter": "((info)::text = 'release dates'::text)", "Rows Removed by Filter": 112, "Workers": []}]}]}, {"Node Type": "Hash", "Parent Relationship": "Inner", "Parallel Aware": true, "Async Capable": false, "Startup Cost": 79120.56, "Total Cost": 79120.56, "Plan Rows": 20, "Plan Width": 29, "Actual Rows": 352, "Actual Loops": 6, "Hash Buckets": 1024, "Original Hash Buckets": 1024, "Hash Batches": 1, "Original Hash Batches": 1, "Peak Memory Usage": 232, "Workers": [], "Plans": [{"Node Type": "Nested Loop", "Parent Relationship": "Outer", "Parallel Aware": false, "Async Capable": false, "Join Type": "Inner", "Startup Cost": 34566.38, "Total Cost": 79120.56, "Plan Rows": 20, "Plan Width": 29, "Actual Rows": 352, "Actual Loops": 6, "Inner Unique": true, "Workers": [], "Plans": [{"Node Type": "Hash Join", "Parent Relationship": "Outer", "Parallel Aware": true, "Async Capable": false, "Join Type": "Inner", "Startup Cost": 34565.96, "Total Cost": 79111.8, "Plan Rows": 20, "Plan Width": 33, "Actual Rows": 352, "Actual Loops": 6, "Inner Unique": false, "Hash Cond": "(mk.movie_id = t.id)", "Workers": [], "Plans": [{"Node Type": "Seq Scan", "Parent Relationship": "Outer", "Parallel Aware": true, "Async Capable": false, "Relation Name": "movie_keyword", "Alias": "mk", "Startup Cost": 0.0, "Total Cost": 39073.32, "Plan Rows": 1459332, "Plan Width": 8, "Actual Rows": 753988, "Actual Loops": 6, "Workers": []}, {"Node Type": "Hash", "Parent Relationship": "Inner", "Parallel Aware": true, "Async Capable": false, "Startup Cost": 34565.92, "Total Cost": 34565.92, "Plan Rows": 3, "Plan Width": 25, "Actual Rows": 243, "Actual Loops": 6, "Hash Buckets": 1024, "Original Hash Buckets": 1024, "Hash Batches": 1, "Original Hash Batches": 1, "Peak Memory Usage": 200, "Workers": [], "Plans": [{"Node Type": "Nested Loop", "Parent Relationship": "Outer", "Parallel Aware": false, "Async Capable": false, "Join Type": "Inner", "Startup Cost": 5114.09, "Total Cost": 34565.92, "Plan Rows": 3, "Plan Width": 25, "Actual Rows": 243, "Actual Loops": 6, "Inner Unique": true, "Workers": [], "Plans": [{"Node Type": "Nested Loop", "Parent Relationship": "Outer", "Parallel Aware": false, "Async Capable": false, "Join Type": "Inner", "Startup Cost": 5113.95, "Total Cost": 34565.53, "Plan Rows": 3, "Plan Width": 29, "Actual Rows": 243, "Actual Loops": 6, "Inner Unique": true, "Workers": [], "Plans": [{"Node Type": "Hash Join", "Parent Relationship": "Outer", "Parallel Aware": true, "Async Capable": false, "Join Type": "Inner", "Startup Cost": 5113.52, "Total Cost": 34563.45, "Plan Rows": 4, "Plan Width": 8, "Actual Rows": 243, "Actual Loops": 6, "Inner Unique": true, "Hash Cond": "(mc.company_id = cn.id)", "Workers": [], "Plans": [{"Node Type": "Seq Scan", "Parent Relationship": "Outer", "Parallel Aware": true, "Async Capable": false, "Relation Name": "movie_companies", "Alias": "mc", "Startup Cost": 0.0, "Total Cost": 27240.55, "Plan Rows": 841655, "Plan Width": 12, "Actual Rows": 434855, "Actual Loops": 6, "Workers": []}, {"Node Type": "Hash", "Parent Relationship": "Inner", "Parallel Aware": true, "Async Capable": false, "Startup Cost": 5113.5, "Total Cost": 5113.5, "Plan Rows": 1, "Plan Width": 4, "Actual Rows": 0, "Actual Loops": 6, "Hash Buckets": 1024, "Original Hash Buckets": 1024, "Hash Batches": 1, "Original Hash Batches": 1, "Peak Memory Usage": 40, "Workers": [], "Plans": [{"Node Type": "Seq Scan", "Parent Relationship": "Outer", "Parallel Aware": true, "Async Capable": false, "Relation Name": "company_name", "Alias": "cn", "Startup Cost": 0.0, "Total Cost": 5113.5, "Plan Rows": 1, "Plan Width": 4, "Actual Rows": 0, "Actual Loops": 6, "Filter": "(((country_code)::text = '[us]'::text) AND ((name)::text = 'YouTube'::text))", "Rows Removed by Filter": 39166, "Workers": []}]}]}, {"Node Type": "Index Scan", "Parent Relationship": "Inner", "Parallel Aware": false, "Async Capable": false, "Scan Direction": "Forward", "Index Name": "title_pkey", "Relation Name": "title", "Alias": "t", "Startup Cost": 0.43, "Total Cost": 0.52, "Plan Rows": 1, "Plan Width": 21, "Actual Rows": 1, "Actual Loops": 1458, "Index Cond": "(id = mc.movie_id)", "Rows Removed by Index Recheck": 0, "Filter": "(production_year >= 1986)", "Rows Removed by Filter": 0, "Workers": []}]}, {"Node Type": "Memoize", "Parent Relationship": "Inner", "Parallel Aware": false, "Async Capable": false, "Startup Cost": 0.14, "Total Cost": 0.16, "Plan Rows": 1, "Plan Width": 4, "Actual Rows": 1, "Actual Loops": 1456, "Cache Key": "mc.company_type_id", "Cache Mode": "logical", "Cache Hits": 409, "Cache Misses": 2, "Cache Evictions": 0, "Cache Overflows": 0, "Peak Memory Usage": 1, "Workers": [{"Worker Number": 0, "Cache Hits": 208, "Cache Misses": 2, "Cache Evictions": 0, "Cache Overflows": 0, "Peak Memory Usage": 1}, {"Worker Number": 1, "Cache Hits": 256, "Cache Misses": 2, "Cache Evictions": 0, "Cache Overflows": 0, "Peak Memory Usage": 1}, {"Worker Number": 2, "Cache Hits": 172, "Cache Misses": 2, "Cache Evictions": 0, "Cache Overflows": 0, "Peak Memory Usage": 1}, {"Worker Number": 3, "Cache Hits": 202, "Cache Misses": 2, "Cache Evictions": 0, "Cache Overflows": 0, "Peak Memory Usage": 1}, {"Worker Number": 4, "Cache Hits": 197, "Cache Misses": 2, "Cache Evictions": 0, "Cache Overflows": 0, "Peak Memory Usage": 1}], "Plans": [{"Node Type": "Index Only Scan", "Parent Relationship": "Outer", "Parallel Aware": false, "Async Capable": false, "Scan Direction": "Forward", "Index Name": "company_type_pkey", "Relation Name": "company_type", "Alias": "ct", "Startup Cost": 0.13, "Total Cost": 0.15, "Plan Rows": 1, "Plan Width": 4, "Actual Rows": 1, "Actual Loops": 12, "Index Cond": "(id = mc.company_type_id)", "Rows Removed by Index Recheck": 0, "Heap Fetches": 12, "Workers": []}]}]}]}]}, {"Node Type": "Index Only Scan", "Parent Relationship": "Inner", "Parallel Aware": false, "Async Capable": false, "Scan Direction": "Forward", "Index Name": "keyword_pkey", "Relation Name": "keyword", "Alias": "k", "Startup Cost": 0.42, "Total Cost": 0.44, "Plan Rows": 1, "Plan Width": 4, "Actual Rows": 1, "Actual Loops": 2111, "Index Cond": "(id = mk.keyword_id)", "Rows Removed by Index Recheck": 0, "Heap Fetches": 0, "Workers": []}]}]}]}]}]}]}, "Planning Time": 13.166, "Triggers": [], "Execution Time": 599.914}, {"Plan": {"Node Type": "Aggregate", "Strategy": "Plain", "Partial Mode": "Finalize", "Parallel Aware": false, "Async Capable": false, "Startup Cost": 290407.48, "Total Cost": 290407.49, "Plan Rows": 1, "Plan Width": 64, "Actual Rows": 1, "Actual Loops": 1, "Plans": [{"Node Type": "Gather", "Parent Relationship": "Outer", "Parallel Aware": false, "Async Capable": false, "Startup Cost": 290407.26, "Total Cost": 290407.47, "Plan Rows": 2, "Plan Width": 64, "Actual Rows": 3, "Actual Loops": 1, "Workers Planned": 2, "Workers Launched": 2, "Single Copy": false, "Plans": [{"Node Type": "Aggregate", "Strategy": "Plain", "Partial Mode": "Partial", "Parent Relationship": "Outer", "Parallel Aware": false, "Async Capable": false, "Startup Cost": 289407.26, "Total Cost": 289407.27, "Plan Rows": 1, "Plan Width": 64, "Actual Rows": 1, "Actual Loops": 3, "Workers": [], "Plans": [{"Node Type": "Hash Join", "Parent Relationship": "Outer", "Parallel Aware": true, "Async Capable": false, "Join Type": "Inner", "Startup Cost": 281104.28, "Total Cost": 289407.22, "Plan Rows": 8, "Plan Width": 60, "Actual Rows": 24, "Actual Loops": 3, "Inner Unique": false, "Hash Cond": "(at.movie_id = t.id)", "Workers": [], "Plans": [{"Node Type": "Seq Scan", "Parent Relationship": "Outer", "Parallel Aware": true, "Async Capable": false, "Relation Name": "aka_title", "Alias": "at", "Startup Cost": 0.0, "Total Cost": 7738.13, "Plan Rows": 150613, "Plan Width": 4, "Actual Rows": 120491, "Actual Loops": 3, "Workers": []}, {"Node Type": "Hash", "Parent Relationship": "Inner", "Parallel Aware": true, "Async Capable": false, "Startup Cost": 281104.25, "Total Cost": 281104.25, "Plan Rows": 2, "Plan Width": 76, "Actual Rows": 85, "Actual Loops": 3, "Hash Buckets": 1024, "Original Hash Buckets": 1024, "Hash Batches": 1, "Original Hash Batches": 1, "Peak Memory Usage": 104, "Workers": [], "Plans": [{"Node Type": "Nested Loop", "Parent Relationship": "Outer", "Parallel Aware": false, "Async Capable": false, "Join Type": "Inner", "Startup Cost": 236557.97, "Total Cost": 281104.25, "Plan Rows": 2, "Plan Width": 76, "Actual Rows": 85, "Actual Loops": 3, "Inner Unique": true, "Workers": [], "Plans": [{"Node Type": "Hash Join", "Parent Relationship": "Outer", "Parallel Aware": true, "Async Capable": false, "Join Type": "Inner", "Startup Cost": 236557.55, "Total Cost": 281103.38, "Plan Rows": 2, "Plan Width": 80, "Actual Rows": 85, "Actual Loops": 3, "Inner Unique": false, "Hash Cond": "(mk.movie_id = t.id)", "Workers": [], "Plans": [{"Node Type": "Seq Scan", "Parent Relationship": "Outer", "Parallel Aware": true, "Async Capable": false, "Relation Name": "movie_keyword", "Alias": "mk", "Startup Cost": 0.0, "Total Cost": 39073.32, "Plan Rows": 1459332, "Plan Width": 8, "Actual Rows": 1507977, "Actual Loops": 3, "Workers": []}, {"Node Type": "Hash", "Parent Relationship": "Inner", "Parallel Aware": true, "Async Capable": false, "Startup Cost": 236557.54, "Total Cost": 236557.54, "Plan Rows": 1, "Plan Width": 72, "Actual Rows": 32, "Actual Loops": 3, "Hash Buckets": 1024, "Original Hash Buckets": 1024, "Hash Batches": 1, "Original Hash Batches": 1, "Peak Memory Usage": 104, "Workers": [], "Plans": [{"Node Type": "Nested Loop", "Parent Relationship": "Outer", "Parallel Aware": false, "Async Capable": false, "Join Type": "Inner", "Startup Cost": 206160.14, "Total Cost": 236557.54, "Plan Rows": 1, "Plan Width": 72, "Actual Rows": 32, "Actual Loops": 3, "Inner Unique": true, "Join Filter": "(t.id = mi.movie_id)", "Rows Removed by Join Filter": 0, "Workers": [], "Plans": [{"Node Type": "Nested Loop", "Parent Relationship": "Outer", "Parallel Aware": false, "Async Capable": false, "Join Type": "Inner", "Startup Cost": 206159.71, "Total Cost": 236557.0, "Plan Rows": 1, "Plan Width": 51, "Actual Rows": 32, "Actual Loops": 3, "Inner Unique": true, "Workers": [], "Plans": [{"Node Type": "Nested Loop", "Parent Relationship": "Outer", "Parallel Aware": false, "Async Capable": false, "Join Type": "Inner", "Startup Cost": 206159.58, "Total Cost": 236556.85, "Plan Rows": 1, "Plan Width": 55, "Actual Rows": 32, "Actual Loops": 3, "Inner Unique": true, "Workers": [], "Plans": [{"Node Type": "Hash Join", "Parent Relationship": "Outer", "Parallel Aware": true, "Async Capable": false, "Join Type": "Inner", "Startup Cost": 206159.16, "Total Cost": 236555.92, "Plan Rows": 2, "Plan Width": 59, "Actual Rows": 956, "Actual Loops": 3, "Inner Unique": false, "Hash Cond": "(mc.movie_id = mi.movie_id)", "Workers": [], "Plans": [{"Node Type": "Seq Scan", "Parent Relationship": "Outer", "Parallel Aware": true, "Async Capable": false, "Relation Name": "movie_companies", "Alias": "mc", "Startup Cost": 0.0, "Total Cost": 27240.55, "Plan Rows": 841655, "Plan Width": 12, "Actual Rows": 869710, "Actual Loops": 3, "Workers": []}, {"Node Type": "Hash", "Parent Relationship": "Inner", "Parallel Aware": true, "Async Capable": false, "Startup Cost": 206159.15, "Total Cost": 206159.15, "Plan Rows": 1, "Plan Width": 47, "Actual Rows": 590, "Actual Loops": 3, "Hash Buckets": 2048, "Original Hash Buckets": 1024, "Hash Batches": 1, "Original Hash Batches": 1, "Peak Memory Usage": 184, "Workers": [], "Plans": [{"Node Type": "Hash Join", "Parent Relationship": "Outer", "Parallel Aware": false, "Async Capable": false, "Join Type": "Inner", "Startup Cost": 2.43, "Total Cost": 206159.15, "Plan Rows": 1, "Plan Width": 47, "Actual Rows": 590, "Actual Loops": 3, "Inner Unique": true, "Hash Cond": "(mi.info_type_id = it1.id)", "Workers": [], "Plans": [{"Node Type": "Seq Scan", "Parent Relationship": "Outer", "Parallel Aware": true, "Async Capable": false, "Relation Name": "movie_info", "Alias": "mi", "Startup Cost": 0.0, "Total Cost": 206156.59, "Plan Rows": 50, "Plan Width": 51, "Actual Rows": 590, "Actual Loops": 3, "Filter": "(((note)::text ~~ '%internet%'::text) AND ((info)::text ~~ 'USA:% 200%'::text))", "Rows Removed by Filter": 4944650, "Workers": []}, {"Node Type": "Hash", "Parent Relationship": "Inner", "Parallel Aware": false, "Async Capable": false, "Startup Cost": 2.41, "Total Cost": 2.41, "Plan Rows": 1, "Plan Width": 4, "Actual Rows": 1, "Actual Loops": 3, "Hash Buckets": 1024, "Original Hash Buckets": 1024, "Hash Batches": 1, "Original Hash Batches": 1, "Peak Memory Usage": 9, "Workers": [], "Plans": [{"Node Type": "Seq Scan", "Parent Relationship": "Outer", "Parallel Aware": false, "Async Capable": false, "Relation Name": "info_type", "Alias": "it1", "Startup Cost": 0.0, "Total Cost": 2.41, "Plan Rows": 1, "Plan Width": 4, "Actual Rows": 1, "Actual Loops": 3, "Filter": "((info)::text = 'release dates'::text)", "Rows Removed by Filter": 112, "Workers": []}]}]}]}]}, {"Node Type": "Index Scan", "Parent Relationship": "Inner", "Parallel Aware": false, "Async Capable": false, "Scan Direction": "Forward", "Index Name": "company_name_pkey", "Relation Name": "company_name", "Alias": "cn", "Startup Cost": 0.42, "Total Cost": 0.45, "Plan Rows": 1, "Plan Width": 4, "Actual Rows": 0, "Actual Loops": 2867, "Index Cond": "(id = mc.company_id)", "Rows Removed by Index Recheck": 0, "Filter": "(((country_code)::text = '[us]'::text) AND ((name)::text = 'YouTube'::text))", "Rows Removed by Filter": 1, "Workers": []}]}, {"Node Type": "Index Only Scan", "Parent Relationship": "Inner", "Parallel Aware": false, "Async Capable": false, "Scan Direction": "Forward", "Index Name": "company_type_pkey", "Relation Name": "company_type", "Alias": "ct", "Startup Cost": 0.13, "Total Cost": 0.15, "Plan Rows": 1, "Plan Width": 4, "Actual Rows": 1, "Actual Loops": 96, "Index Cond": "(id = mc.company_type_id)", "Rows Removed by Index Recheck": 0, "Heap Fetches": 96, "Workers": []}]}, {"Node Type": "Index Scan", "Parent Relationship": "Inner", "Parallel Aware": false, "Async Capable": false, "Scan Direction": "Forward", "Index Name": "title_pkey", "Relation Name": "title", "Alias": "t", "Startup Cost": 0.43, "Total Cost": 0.52, "Plan Rows": 1, "Plan Width": 21, "Actual Rows": 1, "Actual Loops": 96, "Index Cond": "(id = mc.movie_id)", "Rows Removed by Index Recheck": 0, "Filter": "(production_year >= 1986)", "Rows Removed by Filter": 0, "Workers": []}]}]}]}, {"Node Type": "Index Only Scan", "Parent Relationship": "Inner", "Parallel Aware": false, "Async Capable": false, "Scan Direction": "Forward", "Index Name": "keyword_pkey", "Relation Name": "keyword", "Alias": "k", "Startup Cost": 0.42, "Total Cost": 0.44, "Plan Rows": 1, "Plan Width": 4, "Actual Rows": 1, "Actual Loops": 254, "Index Cond": "(id = mk.keyword_id)", "Rows Removed by Index Recheck": 0, "Heap Fetches": 0, "Workers": []}]}]}]}]}]}]}, "Planning Time": 14.416, "Triggers": [], "Execution Time": 1690.105}, {"Plan": {"Node Type": "Aggregate", "Strategy": "Plain", "Partial Mode": "Finalize", "Parallel Aware": false, "Async Capable": false, "Startup Cost": 295906.3, "Total Cost": 295906.31, "Plan Rows": 1, "Plan Width": 64, "Actual Rows": 1, "Actual Loops": 1, "Plans": [{"Node Type": "Gather", "Parent Relationship": "Outer", "Parallel Aware": false, "Async Capable": false, "Startup Cost": 295905.98, "Total Cost": 295906.29, "Plan Rows": 3, "Plan Width": 64, "Actual Rows": 4, "Actual Loops": 1, "Workers Planned": 3, "Workers Launched": 3, "Single Copy": false, "Plans": [{"Node Type": "Aggregate", "Strategy": "Plain", "Partial Mode": "Partial", "Parent Relationship": "Outer", "Parallel Aware": false, "Async Capable": false, "Startup Cost": 294905.98, "Total Cost": 294905.99, "Plan Rows": 1, "Plan Width": 64, "Actual Rows": 1, "Actual Loops": 4, "Workers": [], "Plans": [{"Node Type": "Hash Join", "Parent Relationship": "Outer", "Parallel Aware": true, "Async Capable": false, "Join Type": "Inner", "Startup Cost": 250348.07, "Total Cost": 294905.95, "Plan Rows": 6, "Plan Width": 60, "Actual Rows": 18, "Actual Loops": 4, "Inner Unique": false, "Hash Cond": "(mk.movie_id = t.id)", "Workers": [], "Plans": [{"Node Type": "Nested Loop", "Parent Relationship": "Outer", "Parallel Aware": false, "Async Capable": false, "Join Type": "Inner", "Startup Cost": 34564.37, "Total Cost": 79122.13, "Plan Rows": 28, "Plan Width": 8, "Actual Rows": 530, "Actual Loops": 4, "Inner Unique": true, "Workers": [], "Plans": [{"Node Type": "Hash Join", "Parent Relationship": "Outer", "Parallel Aware": true, "Async Capable": false, "Join Type": "Inner", "Startup Cost": 34563.95, "Total Cost": 79109.87, "Plan Rows": 28, "Plan Width": 12, "Actual Rows": 530, "Actual Loops": 4, "Inner Unique": false, "Hash Cond": "(mk.movie_id = mc.movie_id)", "Workers": [], "Plans": [{"Node Type": "Seq Scan", "Parent Relationship": "Outer", "Parallel Aware": true, "Async Capable": false, "Relation Name": "movie_keyword", "Alias": "mk", "Startup Cost": 0.0, "Total Cost": 39073.32, "Plan Rows": 1459332, "Plan Width": 8, "Actual Rows": 1130982, "Actual Loops": 4, "Workers": []}, {"Node Type": "Hash", "Parent Relationship": "Inner", "Parallel Aware": true, "Async Capable": false, "Startup Cost": 34563.9, "Total Cost": 34563.9, "Plan Rows": 4, "Plan Width": 4, "Actual Rows": 364, "Actual Loops": 4, "Hash Buckets": 1024, "Original Hash Buckets": 1024, "Hash Batches": 1, "Original Hash Batches": 1, "Peak Memory Usage": 136, "Workers": [], "Plans": [{"Node Type": "Nested Loop", "Parent Relationship": "Outer", "Parallel Aware": false, "Async Capable": false, "Join Type": "Inner", "Startup Cost": 5113.66, "Total Cost": 34563.9, "Plan Rows": 4, "Plan Width": 4, "Actual Rows": 364, "Actual Loops": 4, "Inner Unique": true, "Workers": [], "Plans": [{"Node Type": "Hash Join", "Parent Relationship": "Outer", "Parallel Aware": true, "Async Capable": false, "Join Type": "Inner", "Startup Cost": 5113.52, "Total Cost": 34563.45, "Plan Rows": 4, "Plan Width": 8, "Actual Rows": 364, "Actual Loops": 4, "Inner Unique": true, "Hash Cond": "(mc.company_id = cn.id)", "Workers": [], "Plans": [{"Node Type": "Seq Scan", "Parent Relationship": "Outer", "Parallel Aware": true, "Async Capable": false, "Relation Name": "movie_companies", "Alias": "mc", "Startup Cost": 0.0, "Total Cost": 27240.55, "Plan Rows": 841655, "Plan Width": 12, "Actual Rows": 652282, "Actual Loops": 4, "Workers": []}, {"Node Type": "Hash", "Parent Relationship": "Inner", "Parallel Aware": true, "Async Capable": false, "Startup Cost": 5113.5, "Total Cost": 5113.5, "Plan Rows": 1, "Plan Width": 4, "Actual Rows": 0, "Actual Loops": 4, "Hash Buckets": 1024, "Original Hash Buckets": 1024, "Hash Batches": 1, "Original Hash Batches": 1, "Peak Memory Usage": 40, "Workers": [], "Plans": [{"Node Type": "Seq Scan", "Parent Relationship": "Outer", "Parallel Aware": true, "Async Capable": false, "Relation Name": "company_name", "Alias": "cn", "Startup Cost": 0.0, "Total Cost": 5113.5, "Plan Rows": 1, "Plan Width": 4, "Actual Rows": 0, "Actual Loops": 4, "Filter": "(((country_code)::text = '[us]'::text) AND ((name)::text = 'YouTube'::text))", "Rows Removed by Filter": 58749, "Workers": []}]}]}, {"Node Type": "Memoize", "Parent Relationship": "Inner", "Parallel Aware": false, "Async Capable": false, "Startup Cost": 0.14, "Total Cost": 0.16, "Plan Rows": 1, "Plan Width": 4, "Actual Rows": 1, "Actual Loops": 1458, "Cache Key": "mc.company_type_id", "Cache Mode": "logical", "Cache Hits": 403, "Cache Misses": 2, "Cache Evictions": 0, "Cache Overflows": 0, "Peak Memory Usage": 1, "Workers": [{"Worker Number": 0, "Cache Hits": 341, "Cache Misses": 2, "Cache Evictions": 0, "Cache Overflows": 0, "Peak Memory Usage": 1}, {"Worker Number": 1, "Cache Hits": 308, "Cache Misses": 2, "Cache Evictions": 0, "Cache Overflows": 0, "Peak Memory Usage": 1}, {"Worker Number": 2, "Cache Hits": 398, "Cache Misses": 2, "Cache Evictions": 0, "Cache Overflows": 0, "Peak Memory Usage": 1}], "Plans": [{"Node Type": "Index Only Scan", "Parent Relationship": "Outer", "Parallel Aware": false, "Async Capable": false, "Scan Direction": "Forward", "Index Name": "company_type_pkey", "Relation Name": "company_type", "Alias": "ct", "Startup Cost": 0.13, "Total Cost": 0.15, "Plan Rows": 1, "Plan Width": 4, "Actual Rows": 1, "Actual Loops": 8, "Index Cond": "(id = mc.company_type_id)", "Rows Removed by Index Recheck": 0, "Heap Fetches": 8, "Workers": []}]}]}]}]}, {"Node Type": "Index Only Scan", "Parent Relationship": "Inner", "Parallel Aware": false, "Async Capable": false, "Scan Direction": "Forward", "Index Name": "keyword_pkey", "Relation Name": "keyword", "Alias": "k", "Startup Cost": 0.42, "Total Cost": 0.44, "Plan Rows": 1, "Plan Width": 4, "Actual Rows": 1, "Actual Loops": 2122, "Index Cond": "(id = mk.keyword_id)", "Rows Removed by Index Recheck": 0, "Heap Fetches": 0, "Workers": []}]}, {"Node Type": "Hash", "Parent Relationship": "Inner", "Parallel Aware": true, "Async Capable": false, "Startup Cost": 215783.69, "Total Cost": 215783.69, "Plan Rows": 1, "Plan Width": 72, "Actual Rows": 29, "Actual Loops": 4, "Hash Buckets": 1024, "Original Hash Buckets": 1024, "Hash Batches": 1, "Original Hash Batches": 1, "Peak Memory Usage": 136, "Workers": [], "Plans": [{"Node Type": "Nested Loop", "Parent Relationship": "Outer", "Parallel Aware": false, "Async Capable": false, "Join Type": "Inner", "Startup Cost": 9623.65, "Total Cost": 215783.69, "Plan Rows": 1, "Plan Width": 72, "Actual Rows": 29, "Actual Loops": 4, "Inner Unique": true, "Workers": [], "Plans": [{"Node Type": "Hash Join", "Parent Relationship": "Outer", "Parallel Aware": false, "Async Capable": false, "Join Type": "Inner", "Startup Cost": 9623.22, "Total Cost": 215782.74, "Plan Rows": 1, "Plan Width": 51, "Actual Rows": 29, "Actual Loops": 4, "Inner Unique": true, "Hash Cond": "(mi.info_type_id = it1.id)", "Workers": [], "Plans": [{"Node Type": "Hash Join", "Parent Relationship": "Outer", "Parallel Aware": true, "Async Capable": false, "Join Type": "Inner", "Startup Cost": 9620.8, "Total Cost": 215780.25, "Plan Rows": 26, "Plan Width": 55, "Actual Rows": 29, "Actual Loops": 4, "Inner Unique": false, "Hash Cond": "(mi.movie_id = at.movie_id)", "Workers": [], "Plans": [{"Node Type": "Seq Scan", "Parent Relationship": "Outer", "Parallel Aware": true, "Async Capable": false, "Relation Name": "movie_info", "Alias": "mi", "Startup Cost": 0.0, "Total Cost": 206156.59, "Plan Rows": 50, "Plan Width": 51, "Actual Rows": 443, "Actual Loops": 4, "Filter": "(((note)::text ~~ '%internet%'::text) AND ((info)::text ~~ 'USA:% 200%'::text))", "Rows Removed by Filter": 3708487, "Workers": []}, {"Node Type": "Hash", "Parent Relationship": "Inner", "Parallel Aware": true, "Async Capable": false, "Startup Cost": 7738.13, "Total Cost": 7738.13, "Plan Rows": 150613, "Plan Width": 4, "Actual Rows": 90368, "Actual Loops": 4, "Hash Buckets": 524288, "Original Hash Buckets": 524288, "Hash Batches": 1, "Original Hash Batches": 1, "Peak Memory Usage": 18304, "Workers": [], "Plans": [{"Node Type": "Seq Scan", "Parent Relationship": "Outer", "Parallel Aware": true, "Async Capable": false, "Relation Name": "aka_title", "Alias": "at", "Startup Cost": 0.0, "Total Cost": 7738.13, "Plan Rows": 150613, "Plan Width": 4, "Actual Rows": 90368, "Actual Loops": 4, "Workers": []}]}]}, {"Node Type": "Hash", "Parent Relationship": "Inner", "Parallel Aware": false, "Async Capable": false, "Startup Cost": 2.41, "Total Cost": 2.41, "Plan Rows": 1, "Plan Width": 4, "Actual Rows": 1, "Actual Loops": 4, "Hash Buckets": 1024, "Original Hash Buckets": 1024, "Hash Batches": 1, "Original Hash Batches": 1, "Peak Memory Usage": 9, "Workers": [], "Plans": [{"Node Type": "Seq Scan", "Parent Relationship": "Outer", "Parallel Aware": false, "Async Capable": false, "Relation Name": "info_type", "Alias": "it1", "Startup Cost": 0.0, "Total Cost": 2.41, "Plan Rows": 1, "Plan Width": 4, "Actual Rows": 1, "Actual Loops": 4, "Filter": "((info)::text = 'release dates'::text)", "Rows Removed by Filter": 112, "Workers": []}]}]}, {"Node Type": "Index Scan", "Parent Relationship": "Inner", "Parallel Aware": false, "Async Capable": false, "Scan Direction": "Forward", "Index Name": "title_pkey", "Relation Name": "title", "Alias": "t", "Startup Cost": 0.43, "Total Cost": 0.95, "Plan Rows": 1, "Plan Width": 21, "Actual Rows": 1, "Actual Loops": 116, "Index Cond": "(id = at.movie_id)", "Rows Removed by Index Recheck": 0, "Filter": "(production_year >= 1986)", "Rows Removed by Filter": 0, "Workers": []}]}]}]}]}]}]}, "Planning Time": 14.014, "Triggers": [], "Execution Time": 965.992}, {"Plan": {"Node Type": "Aggregate", "Strategy": "Plain", "Partial Mode": "Finalize", "Parallel Aware": false, "Async Capable": false, "Startup Cost": 383079.81, "Total Cost": 383079.82, "Plan Rows": 1, "Plan Width": 64, "Actual Rows": 1, "Actual Loops": 1, "Plans": [{"Node Type": "Gather", "Parent Relationship": "Outer", "Parallel Aware": false, "Async Capable": false, "Startup Cost": 383079.59, "Total Cost": 383079.8, "Plan Rows": 2, "Plan Width": 64, "Actual Rows": 3, "Actual Loops": 1, "Workers Planned": 2, "Workers Launched": 2, "Single Copy": false, "Plans": [{"Node Type": "Aggregate", "Strategy": "Plain", "Partial Mode": "Partial", "Parent Relationship": "Outer", "Parallel Aware": false, "Async Capable": false, "Startup Cost": 382079.59, "Total Cost": 382079.6, "Plan Rows": 1, "Plan Width": 64, "Actual Rows": 1, "Actual Loops": 3, "Workers": [], "Plans": [{"Node Type": "Hash Join", "Parent Relationship": "Outer", "Parallel Aware": true, "Async Capable": false, "Join Type": "Inner", "Startup Cost": 301709.41, "Total Cost": 382079.55, "Plan Rows": 8, "Plan Width": 60, "Actual Rows": 24, "Actual Loops": 3, "Inner Unique": false, "Hash Cond": "(at.movie_id = t.id)", "Workers": [], "Plans": [{"Node Type": "Hash Join", "Parent Relationship": "Outer", "Parallel Aware": true, "Async Capable": false, "Join Type": "Inner", "Startup Cost": 65151.86, "Total Cost": 130260.6, "Plan Rows": 4069703, "Plan Width": 8, "Actual Rows": 2182411, "Actual Loops": 3, "Inner Unique": false, "Hash Cond": "(at.movie_id = mk.movie_id)", "Workers": [], "Plans": [{"Node Type": "Seq Scan", "Parent Relationship": "Outer", "Parallel Aware": true, "Async Capable": false, "Relation Name": "aka_title", "Alias": "at", "Startup Cost": 0.0, "Total Cost": 7738.13, "Plan Rows": 150613, "Plan Width": 4, "Actual Rows": 120491, "Actual Loops": 3, "Workers": []}, {"Node Type": "Hash", "Parent Relationship": "Inner", "Parallel Aware": true, "Async Capable": false, "Startup Cost": 46910.21, "Total Cost": 46910.21, "Plan Rows": 1459332, "Plan Width": 4, "Actual Rows": 1507977, "Actual Loops": 3, "Hash Buckets": 8388608, "Original Hash Buckets": 8388608, "Hash Batches": 1, "Original Hash Batches": 1, "Peak Memory Usage": 242592, "Workers": [], "Plans": [{"Node Type": "Hash Join", "Parent Relationship": "Outer", "Parallel Aware": true, "Async Capable": false, "Join Type": "Inner", "Startup Cost": 4006.02, "Total Cost": 46910.21, "Plan Rows": 1459332, "Plan Width": 4, "Actual Rows": 1507977, "Actual Loops": 3, "Inner Unique": true, "Hash Cond": "(mk.keyword_id = k.id)", "Workers": [], "Plans": [{"Node Type": "Seq Scan", "Parent Relationship": "Outer", "Parallel Aware": true, "Async Capable": false, "Relation Name": "movie_keyword", "Alias": "mk", "Startup Cost": 0.0, "Total Cost": 39073.32, "Plan Rows": 1459332, "Plan Width": 8, "Actual Rows": 1507977, "Actual Loops": 3, "Workers": []}, {"Node Type": "Hash", "Parent Relationship": "Inner", "Parallel Aware": true, "Async Capable": false, "Startup Cost": 3307.22, "Total Cost": 3307.22, "Plan Rows": 55904, "Plan Width": 4, "Actual Rows": 44723, "Actual Loops": 3, "Hash Buckets": 262144, "Original Hash Buckets": 262144, "Hash Batches": 1, "Original Hash Batches": 1, "Peak Memory Usage": 7328, "Workers": [], "Plans": [{"Node Type": "Index Only Scan", "Parent Relationship": "Outer", "Parallel Aware": true, "Async Capable": false, "Scan Direction": "Forward", "Index Name": "keyword_pkey", "Relation Name": "keyword", "Alias": "k", "Startup Cost": 0.42, "Total Cost": 3307.22, "Plan Rows": 55904, "Plan Width": 4, "Actual Rows": 44723, "Actual Loops": 3, "Heap Fetches": 0, "Workers": []}]}]}]}]}, {"Node Type": "Hash", "Parent Relationship": "Inner", "Parallel Aware": true, "Async Capable": false, "Startup Cost": 236557.54, "Total Cost": 236557.54, "Plan Rows": 1, "Plan Width": 72, "Actual Rows": 32, "Actual Loops": 3, "Hash Buckets": 1024, "Original Hash Buckets": 1024, "Hash Batches": 1, "Original Hash Batches": 1, "Peak Memory Usage": 104, "Workers": [], "Plans": [{"Node Type": "Nested Loop", "Parent Relationship": "Outer", "Parallel Aware": false, "Async Capable": false, "Join Type": "Inner", "Startup Cost": 206160.14, "Total Cost": 236557.54, "Plan Rows": 1, "Plan Width": 72, "Actual Rows": 32, "Actual Loops": 3, "Inner Unique": true, "Join Filter": "(t.id = mi.movie_id)", "Rows Removed by Join Filter": 0, "Workers": [], "Plans": [{"Node Type": "Nested Loop", "Parent Relationship": "Outer", "Parallel Aware": false, "Async Capable": false, "Join Type": "Inner", "Startup Cost": 206159.71, "Total Cost": 236557.0, "Plan Rows": 1, "Plan Width": 51, "Actual Rows": 32, "Actual Loops": 3, "Inner Unique": true, "Workers": [], "Plans": [{"Node Type": "Nested Loop", "Parent Relationship": "Outer", "Parallel Aware": false, "Async Capable": false, "Join Type": "Inner", "Startup Cost": 206159.58, "Total Cost": 236556.85, "Plan Rows": 1, "Plan Width": 55, "Actual Rows": 32, "Actual Loops": 3, "Inner Unique": true, "Workers": [], "Plans": [{"Node Type": "Hash Join", "Parent Relationship": "Outer", "Parallel Aware": true, "Async Capable": false, "Join Type": "Inner", "Startup Cost": 206159.16, "Total Cost": 236555.92, "Plan Rows": 2, "Plan Width": 59, "Actual Rows": 956, "Actual Loops": 3, "Inner Unique": false, "Hash Cond": "(mc.movie_id = mi.movie_id)", "Workers": [], "Plans": [{"Node Type": "Seq Scan", "Parent Relationship": "Outer", "Parallel Aware": true, "Async Capable": false, "Relation Name": "movie_companies", "Alias": "mc", "Startup Cost": 0.0, "Total Cost": 27240.55, "Plan Rows": 841655, "Plan Width": 12, "Actual Rows": 869710, "Actual Loops": 3, "Workers": []}, {"Node Type": "Hash", "Parent Relationship": "Inner", "Parallel Aware": true, "Async Capable": false, "Startup Cost": 206159.15, "Total Cost": 206159.15, "Plan Rows": 1, "Plan Width": 47, "Actual Rows": 590, "Actual Loops": 3, "Hash Buckets": 2048, "Original Hash Buckets": 1024, "Hash Batches": 1, "Original Hash Batches": 1, "Peak Memory Usage": 184, "Workers": [], "Plans": [{"Node Type": "Hash Join", "Parent Relationship": "Outer", "Parallel Aware": false, "Async Capable": false, "Join Type": "Inner", "Startup Cost": 2.43, "Total Cost": 206159.15, "Plan Rows": 1, "Plan Width": 47, "Actual Rows": 590, "Actual Loops": 3, "Inner Unique": true, "Hash Cond": "(mi.info_type_id = it1.id)", "Workers": [], "Plans": [{"Node Type": "Seq Scan", "Parent Relationship": "Outer", "Parallel Aware": true, "Async Capable": false, "Relation Name": "movie_info", "Alias": "mi", "Startup Cost": 0.0, "Total Cost": 206156.59, "Plan Rows": 50, "Plan Width": 51, "Actual Rows": 590, "Actual Loops": 3, "Filter": "(((note)::text ~~ '%internet%'::text) AND ((info)::text ~~ 'USA:% 200%'::text))", "Rows Removed by Filter": 4944650, "Workers": []}, {"Node Type": "Hash", "Parent Relationship": "Inner", "Parallel Aware": false, "Async Capable": false, "Startup Cost": 2.41, "Total Cost": 2.41, "Plan Rows": 1, "Plan Width": 4, "Actual Rows": 1, "Actual Loops": 3, "Hash Buckets": 1024, "Original Hash Buckets": 1024, "Hash Batches": 1, "Original Hash Batches": 1, "Peak Memory Usage": 9, "Workers": [], "Plans": [{"Node Type": "Seq Scan", "Parent Relationship": "Outer", "Parallel Aware": false, "Async Capable": false, "Relation Name": "info_type", "Alias": "it1", "Startup Cost": 0.0, "Total Cost": 2.41, "Plan Rows": 1, "Plan Width": 4, "Actual Rows": 1, "Actual Loops": 3, "Filter": "((info)::text = 'release dates'::text)", "Rows Removed by Filter": 112, "Workers": []}]}]}]}]}, {"Node Type": "Index Scan", "Parent Relationship": "Inner", "Parallel Aware": false, "Async Capable": false, "Scan Direction": "Forward", "Index Name": "company_name_pkey", "Relation Name": "company_name", "Alias": "cn", "Startup Cost": 0.42, "Total Cost": 0.45, "Plan Rows": 1, "Plan Width": 4, "Actual Rows": 0, "Actual Loops": 2867, "Index Cond": "(id = mc.company_id)", "Rows Removed by Index Recheck": 0, "Filter": "(((country_code)::text = '[us]'::text) AND ((name)::text = 'YouTube'::text))", "Rows Removed by Filter": 1, "Workers": []}]}, {"Node Type": "Index Only Scan", "Parent Relationship": "Inner", "Parallel Aware": false, "Async Capable": false, "Scan Direction": "Forward", "Index Name": "company_type_pkey", "Relation Name": "company_type", "Alias": "ct", "Startup Cost": 0.13, "Total Cost": 0.15, "Plan Rows": 1, "Plan Width": 4, "Actual Rows": 1, "Actual Loops": 96, "Index Cond": "(id = mc.company_type_id)", "Rows Removed by Index Recheck": 0, "Heap Fetches": 96, "Workers": []}]}, {"Node Type": "Index Scan", "Parent Relationship": "Inner", "Parallel Aware": false, "Async Capable": false, "Scan Direction": "Forward", "Index Name": "title_pkey", "Relation Name": "title", "Alias": "t", "Startup Cost": 0.43, "Total Cost": 0.52, "Plan Rows": 1, "Plan Width": 21, "Actual Rows": 1, "Actual Loops": 96, "Index Cond": "(id = mc.movie_id)", "Rows Removed by Index Recheck": 0, "Filter": "(production_year >= 1986)", "Rows Removed by Filter": 0, "Workers": []}]}]}]}]}]}]}, "Planning Time": 9.834, "Triggers": [], "Execution Time": 3211.465}, {"Plan": {"Node Type": "Aggregate", "Strategy": "Plain", "Partial Mode": "Finalize", "Parallel Aware": false, "Async Capable": false, "Startup Cost": 311012.97, "Total Cost": 311012.98, "Plan Rows": 1, "Plan Width": 64, "Actual Rows": 1, "Actual Loops": 1, "Plans": [{"Node Type": "Gather", "Parent Relationship": "Outer", "Parallel Aware": false, "Async Capable": false, "Startup Cost": 311012.64, "Total Cost": 311012.95, "Plan Rows": 3, "Plan Width": 64, "Actual Rows": 4, "Actual Loops": 1, "Workers Planned": 3, "Workers Launched": 3, "Single Copy": false, "Plans": [{"Node Type": "Aggregate", "Strategy": "Plain", "Partial Mode": "Partial", "Parent Relationship": "Outer", "Parallel Aware": false, "Async Capable": false, "Startup Cost": 310012.64, "Total Cost": 310012.65, "Plan Rows": 1, "Plan Width": 64, "Actual Rows": 1, "Actual Loops": 4, "Workers": [], "Plans": [{"Node Type": "Hash Join", "Parent Relationship": "Outer", "Parallel Aware": true, "Async Capable": false, "Join Type": "Inner", "Startup Cost": 279615.48, "Total Cost": 310012.61, "Plan Rows": 6, "Plan Width": 60, "Actual Rows": 18, "Actual Loops": 4, "Inner Unique": false, "Hash Cond": "(t.id = mk.movie_id)", "Workers": [], "Plans": [{"Node Type": "Nested Loop", "Parent Relationship": "Outer", "Parallel Aware": false, "Async Capable": false, "Join Type": "Inner", "Startup Cost": 214463.63, "Total Cost": 244860.45, "Plan Rows": 1, "Plan Width": 76, "Actual Rows": 2, "Actual Loops": 4, "Inner Unique": true, "Workers": [], "Plans": [{"Node Type": "Nested Loop", "Parent Relationship": "Outer", "Parallel Aware": false, "Async Capable": false, "Join Type": "Inner", "Startup Cost": 214463.5, "Total Cost": 244860.3, "Plan Rows": 1, "Plan Width": 80, "Actual Rows": 2, "Actual Loops": 4, "Inner Unique": true, "Workers": [], "Plans": [{"Node Type": "Hash Join", "Parent Relationship": "Outer", "Parallel Aware": true, "Async Capable": false, "Join Type": "Inner", "Startup Cost": 214463.07, "Total Cost": 244859.83, "Plan Rows": 1, "Plan Width": 84, "Actual Rows": 98, "Actual Loops": 4, "Inner Unique": false, "Hash Cond": "(mc.movie_id = t.id)", "Workers": [], "Plans": [{"Node Type": "Seq Scan", "Parent Relationship": "Outer", "Parallel Aware": true, "Async Capable": false, "Relation Name": "movie_companies", "Alias": "mc", "Startup Cost": 0.0, "Total Cost": 27240.55, "Plan Rows": 841655, "Plan Width": 12, "Actual Rows": 652282, "Actual Loops": 4, "Workers": []}, {"Node Type": "Hash", "Parent Relationship": "Inner", "Parallel Aware": true, "Async Capable": false, "Startup Cost": 214463.05, "Total Cost": 214463.05, "Plan Rows": 1, "Plan Width": 72, "Actual Rows": 29, "Actual Loops": 4, "Hash Buckets": 1024, "Original Hash Buckets": 1024, "Hash Batches": 1, "Original Hash Batches": 1, "Peak Memory Usage": 136, "Workers": [], "Plans": [{"Node Type": "Nested Loop", "Parent Relationship": "Outer", "Parallel Aware": false, "Async Capable": false, "Join Type": "Inner", "Startup Cost": 206159.59, "Total Cost": 214463.05, "Plan Rows": 1, "Plan Width": 72, "Actual Rows": 29, "Actual Loops": 4, "Inner Unique": true, "Workers": [], "Plans": [{"Node Type": "Hash Join", "Parent Relationship": "Outer", "Parallel Aware": true, "Async Capable": false, "Join Type": "Inner", "Startup Cost": 206159.16, "Total Cost": 214462.1, "Plan Rows": 1, "Plan Width": 51, "Actual Rows": 29, "Actual Loops": 4, "Inner Unique": false, "Hash Cond": "(at.movie_id = mi.movie_id)", "Workers": [], "Plans": [{"Node Type": "Seq Scan", "Parent Relationship": "Outer", "Parallel Aware": true, "Async Capable": false, "Relation Name": "aka_title", "Alias": "at", "Startup Cost": 0.0, "Total Cost": 7738.13, "Plan Rows": 150613, "Plan Width": 4, "Actual Rows": 90368, "Actual Loops": 4, "Workers": []}, {"Node Type": "Hash", "Parent Relationship": "Inner", "Parallel Aware": true, "Async Capable": false, "Startup Cost": 206159.15, "Total Cost": 206159.15, "Plan Rows": 1, "Plan Width": 47, "Actual Rows": 443, "Actual Loops": 4, "Hash Buckets": 1024, "Original Hash Buckets": 1024, "Hash Batches": 1, "Original Hash Batches": 1, "Peak Memory Usage": 136, "Workers": [], "Plans": [{"Node Type": "Hash Join", "Parent Relationship": "Outer", "Parallel Aware": false, "Async Capable": false, "Join Type": "Inner", "Startup Cost": 2.43, "Total Cost": 206159.15, "Plan Rows": 1, "Plan Width": 47, "Actual Rows": 443, "Actual Loops": 4, "Inner Unique": true, "Hash Cond": "(mi.info_type_id = it1.id)", "Workers": [], "Plans": [{"Node Type": "Seq Scan", "Parent Relationship": "Outer", "Parallel Aware": true, "Async Capable": false, "Relation Name": "movie_info", "Alias": "mi", "Startup Cost": 0.0, "Total Cost": 206156.59, "Plan Rows": 50, "Plan Width": 51, "Actual Rows": 443, "Actual Loops": 4, "Filter": "(((note)::text ~~ '%internet%'::text) AND ((info)::text ~~ 'USA:% 200%'::text))", "Rows Removed by Filter": 3708487, "Workers": []}, {"Node Type": "Hash", "Parent Relationship": "Inner", "Parallel Aware": false, "Async Capable": false, "Startup Cost": 2.41, "Total Cost": 2.41, "Plan Rows": 1, "Plan Width": 4, "Actual Rows": 1, "Actual Loops": 4, "Hash Buckets": 1024, "Original Hash Buckets": 1024, "Hash Batches": 1, "Original Hash Batches": 1, "Peak Memory Usage": 9, "Workers": [], "Plans": [{"Node Type": "Seq Scan", "Parent Relationship": "Outer", "Parallel Aware": false, "Async Capable": false, "Relation Name": "info_type", "Alias": "it1", "Startup Cost": 0.0, "Total Cost": 2.41, "Plan Rows": 1, "Plan Width": 4, "Actual Rows": 1, "Actual Loops": 4, "Filter": "((info)::text = 'release dates'::text)", "Rows Removed by Filter": 112, "Workers": []}]}]}]}]}, {"Node Type": "Index Scan", "Parent Relationship": "Inner", "Parallel Aware": false, "Async Capable": false, "Scan Direction": "Forward", "Index Name": "title_pkey", "Relation Name": "title", "Alias": "t", "Startup Cost": 0.43, "Total Cost": 0.95, "Plan Rows": 1, "Plan Width": 21, "Actual Rows": 1, "Actual Loops": 116, "Index Cond": "(id = at.movie_id)", "Rows Removed by Index Recheck": 0, "Filter": "(production_year >= 1986)", "Rows Removed by Filter": 0, "Workers": []}]}]}]}, {"Node Type": "Memoize", "Parent Relationship": "Inner", "Parallel Aware": false, "Async Capable": false, "Startup Cost": 0.43, "Total Cost": 0.46, "Plan Rows": 1, "Plan Width": 4, "Actual Rows": 0, "Actual Loops": 390, "Cache Key": "mc.company_id", "Cache Mode": "logical", "Cache Hits": 67, "Cache Misses": 49, "Cache Evictions": 0, "Cache Overflows": 0, "Peak Memory Usage": 4, "Workers": [{"Worker Number": 0, "Cache Hits": 34, "Cache Misses": 52, "Cache Evictions": 0, "Cache Overflows": 0, "Peak Memory Usage": 4}, {"Worker Number": 1, "Cache Hits": 38, "Cache Misses": 47, "Cache Evictions": 0, "Cache Overflows": 0, "Peak Memory Usage": 4}, {"Worker Number": 2, "Cache Hits": 48, "Cache Misses": 55, "Cache Evictions": 0, "Cache Overflows": 0, "Peak Memory Usage": 4}], "Plans": [{"Node Type": "Index Scan", "Parent Relationship": "Outer", "Parallel Aware": false, "Async Capable": false, "Scan Direction": "Forward", "Index Name": "company_name_pkey", "Relation Name": "company_name", "Alias": "cn", "Startup Cost": 0.42, "Total Cost": 0.45, "Plan Rows": 1, "Plan Width": 4, "Actual Rows": 0, "Actual Loops": 203, "Index Cond": "(id = mc.company_id)", "Rows Removed by Index Recheck": 0, "Filter": "(((country_code)::text = '[us]'::text) AND ((name)::text = 'YouTube'::text))", "Rows Removed by Filter": 1, "Workers": []}]}]}, {"Node Type": "Index Only Scan", "Parent Relationship": "Inner", "Parallel Aware": false, "Async Capable": false, "Scan Direction": "Forward", "Index Name": "company_type_pkey", "Relation Name": "company_type", "Alias": "ct", "Startup Cost": 0.13, "Total Cost": 0.15, "Plan Rows": 1, "Plan Width": 4, "Actual Rows": 1, "Actual Loops": 6, "Index Cond": "(id = mc.company_type_id)", "Rows Removed by Index Recheck": 0, "Heap Fetches": 6, "Workers": []}]}, {"Node Type": "Hash", "Parent Relationship": "Inner", "Parallel Aware": true, "Async Capable": false, "Startup Cost": 46910.21, "Total Cost": 46910.21, "Plan Rows": 1459332, "Plan Width": 4, "Actual Rows": 1130982, "Actual Loops": 4, "Hash Buckets": 8388608, "Original Hash Buckets": 8388608, "Hash Batches": 1, "Original Hash Batches": 1, "Peak Memory Usage": 242624, "Workers": [], "Plans": [{"Node Type": "Hash Join", "Parent Relationship": "Outer", "Parallel Aware": true, "Async Capable": false, "Join Type": "Inner", "Startup Cost": 4006.02, "Total Cost": 46910.21, "Plan Rows": 1459332, "Plan Width": 4, "Actual Rows": 1130982, "Actual Loops": 4, "Inner Unique": true, "Hash Cond": "(mk.keyword_id = k.id)", "Workers": [], "Plans": [{"Node Type": "Seq Scan", "Parent Relationship": "Outer", "Parallel Aware": true, "Async Capable": false, "Relation Name": "movie_keyword", "Alias": "mk", "Startup Cost": 0.0, "Total Cost": 39073.32, "Plan Rows": 1459332, "Plan Width": 8, "Actual Rows": 1130982, "Actual Loops": 4, "Workers": []}, {"Node Type": "Hash", "Parent Relationship": "Inner", "Parallel Aware": true, "Async Capable": false, "Startup Cost": 3307.22, "Total Cost": 3307.22, "Plan Rows": 55904, "Plan Width": 4, "Actual Rows": 33542, "Actual Loops": 4, "Hash Buckets": 262144, "Original Hash Buckets": 262144, "Hash Batches": 1, "Original Hash Batches": 1, "Peak Memory Usage": 7392, "Workers": [], "Plans": [{"Node Type": "Index Only Scan", "Parent Relationship": "Outer", "Parallel Aware": true, "Async Capable": false, "Scan Direction": "Forward", "Index Name": "keyword_pkey", "Relation Name": "keyword", "Alias": "k", "Startup Cost": 0.42, "Total Cost": 3307.22, "Plan Rows": 55904, "Plan Width": 4, "Actual Rows": 33542, "Actual Loops": 4, "Heap Fetches": 0, "Workers": []}]}]}]}]}]}]}]}, "Planning Time": 11.93, "Triggers": [], "Execution Time": 1565.717}, {"Plan": {"Node Type": "Aggregate", "Strategy": "Plain", "Partial Mode": "Finalize", "Parallel Aware": false, "Async Capable": false, "Startup Cost": 291725.52, "Total Cost": 291725.53, "Plan Rows": 1, "Plan Width": 64, "Actual Rows": 1, "Actual Loops": 1, "Plans": [{"Node Type": "Gather", "Parent Relationship": "Outer", "Parallel Aware": false, "Async Capable": false, "Startup Cost": 291725.2, "Total Cost": 291725.51, "Plan Rows": 3, "Plan Width": 64, "Actual Rows": 4, "Actual Loops": 1, "Workers Planned": 3, "Workers Launched": 3, "Single Copy": false, "Plans": [{"Node Type": "Aggregate", "Strategy": "Plain", "Partial Mode": "Partial", "Parent Relationship": "Outer", "Parallel Aware": false, "Async Capable": false, "Startup Cost": 290725.2, "Total Cost": 290725.21, "Plan Rows": 1, "Plan Width": 64, "Actual Rows": 1, "Actual Loops": 4, "Workers": [], "Plans": [{"Node Type": "Hash Join", "Parent Relationship": "Outer", "Parallel Aware": true, "Async Capable": false, "Join Type": "Inner", "Startup Cost": 246178.76, "Total Cost": 290725.17, "Plan Rows": 6, "Plan Width": 60, "Actual Rows": 18, "Actual Loops": 4, "Inner Unique": false, "Hash Cond": "(t.id = at.movie_id)", "Workers": [], "Plans": [{"Node Type": "Nested Loop", "Parent Relationship": "Outer", "Parallel Aware": false, "Async Capable": false, "Join Type": "Inner", "Startup Cost": 236557.97, "Total Cost": 281104.25, "Plan Rows": 2, "Plan Width": 76, "Actual Rows": 64, "Actual Loops": 4, "Inner Unique": true, "Workers": [], "Plans": [{"Node Type": "Hash Join", "Parent Relationship": "Outer", "Parallel Aware": true, "Async Capable": false, "Join Type": "Inner", "Startup Cost": 236557.55, "Total Cost": 281103.38, "Plan Rows": 2, "Plan Width": 80, "Actual Rows": 64, "Actual Loops": 4, "Inner Unique": false, "Hash Cond": "(mk.movie_id = t.id)", "Workers": [], "Plans": [{"Node Type": "Seq Scan", "Parent Relationship": "Outer", "Parallel Aware": true, "Async Capable": false, "Relation Name": "movie_keyword", "Alias": "mk", "Startup Cost": 0.0, "Total Cost": 39073.32, "Plan Rows": 1459332, "Plan Width": 8, "Actual Rows": 1130982, "Actual Loops": 4, "Workers": []}, {"Node Type": "Hash", "Parent Relationship": "Inner", "Parallel Aware": true, "Async Capable": false, "Startup Cost": 236557.54, "Total Cost": 236557.54, "Plan Rows": 1, "Plan Width": 72, "Actual Rows": 24, "Actual Loops": 4, "Hash Buckets": 1024, "Original Hash Buckets": 1024, "Hash Batches": 1, "Original Hash Batches": 1, "Peak Memory Usage": 136, "Workers": [], "Plans": [{"Node Type": "Nested Loop", "Parent Relationship": "Outer", "Parallel Aware": false, "Async Capable": false, "Join Type": "Inner", "Startup Cost": 206160.14, "Total Cost": 236557.54, "Plan Rows": 1, "Plan Width": 72, "Actual Rows": 24, "Actual Loops": 4, "Inner Unique": true, "Join Filter": "(t.id = mi.movie_id)", "Rows Removed by Join Filter": 0, "Workers": [], "Plans": [{"Node Type": "Nested Loop", "Parent Relationship": "Outer", "Parallel Aware": false, "Async Capable": false, "Join Type": "Inner", "Startup Cost": 206159.71, "Total Cost": 236557.0, "Plan Rows": 1, "Plan Width": 51, "Actual Rows": 24, "Actual Loops": 4, "Inner Unique": true, "Workers": [], "Plans": [{"Node Type": "Nested Loop", "Parent Relationship": "Outer", "Parallel Aware": false, "Async Capable": false, "Join Type": "Inner", "Startup Cost": 206159.58, "Total Cost": 236556.85, "Plan Rows": 1, "Plan Width": 55, "Actual Rows": 24, "Actual Loops": 4, "Inner Unique": true, "Workers": [], "Plans": [{"Node Type": "Hash Join", "Parent Relationship": "Outer", "Parallel Aware": true, "Async Capable": false, "Join Type": "Inner", "Startup Cost": 206159.16, "Total Cost": 236555.92, "Plan Rows": 2, "Plan Width": 59, "Actual Rows": 717, "Actual Loops": 4, "Inner Unique": false, "Hash Cond": "(mc.movie_id = mi.movie_id)", "Workers": [], "Plans": [{"Node Type": "Seq Scan", "Parent Relationship": "Outer", "Parallel Aware": true, "Async Capable": false, "Relation Name": "movie_companies", "Alias": "mc", "Startup Cost": 0.0, "Total Cost": 27240.55, "Plan Rows": 841655, "Plan Width": 12, "Actual Rows": 652282, "Actual Loops": 4, "Workers": []}, {"Node Type": "Hash", "Parent Relationship": "Inner", "Parallel Aware": true, "Async Capable": false, "Startup Cost": 206159.15, "Total Cost": 206159.15, "Plan Rows": 1, "Plan Width": 47, "Actual Rows": 443, "Actual Loops": 4, "Hash Buckets": 1024, "Original Hash Buckets": 1024, "Hash Batches": 1, "Original Hash Batches": 1, "Peak Memory Usage": 136, "Workers": [], "Plans": [{"Node Type": "Hash Join", "Parent Relationship": "Outer", "Parallel Aware": false, "Async Capable": false, "Join Type": "Inner", "Startup Cost": 2.43, "Total Cost": 206159.15, "Plan Rows": 1, "Plan Width": 47, "Actual Rows": 443, "Actual Loops": 4, "Inner Unique": true, "Hash Cond": "(mi.info_type_id = it1.id)", "Workers": [], "Plans": [{"Node Type": "Seq Scan", "Parent Relationship": "Outer", "Parallel Aware": true, "Async Capable": false, "Relation Name": "movie_info", "Alias": "mi", "Startup Cost": 0.0, "Total Cost": 206156.59, "Plan Rows": 50, "Plan Width": 51, "Actual Rows": 443, "Actual Loops": 4, "Filter": "(((note)::text ~~ '%internet%'::text) AND ((info)::text ~~ 'USA:% 200%'::text))", "Rows Removed by Filter": 3708487, "Workers": []}, {"Node Type": "Hash", "Parent Relationship": "Inner", "Parallel Aware": false, "Async Capable": false, "Startup Cost": 2.41, "Total Cost": 2.41, "Plan Rows": 1, "Plan Width": 4, "Actual Rows": 1, "Actual Loops": 4, "Hash Buckets": 1024, "Original Hash Buckets": 1024, "Hash Batches": 1, "Original Hash Batches": 1, "Peak Memory Usage": 9, "Workers": [], "Plans": [{"Node Type": "Seq Scan", "Parent Relationship": "Outer", "Parallel Aware": false, "Async Capable": false, "Relation Name": "info_type", "Alias": "it1", "Startup Cost": 0.0, "Total Cost": 2.41, "Plan Rows": 1, "Plan Width": 4, "Actual Rows": 1, "Actual Loops": 4, "Filter": "((info)::text = 'release dates'::text)", "Rows Removed by Filter": 112, "Workers": []}]}]}]}]}, {"Node Type": "Index Scan", "Parent Relationship": "Inner", "Parallel Aware": false, "Async Capable": false, "Scan Direction": "Forward", "Index Name": "company_name_pkey", "Relation Name": "company_name", "Alias": "cn", "Startup Cost": 0.42, "Total Cost": 0.45, "Plan Rows": 1, "Plan Width": 4, "Actual Rows": 0, "Actual Loops": 2867, "Index Cond": "(id = mc.company_id)", "Rows Removed by Index Recheck": 0, "Filter": "(((country_code)::text = '[us]'::text) AND ((name)::text = 'YouTube'::text))", "Rows Removed by Filter": 1, "Workers": []}]}, {"Node Type": "Index Only Scan", "Parent Relationship": "Inner", "Parallel Aware": false, "Async Capable": false, "Scan Direction": "Forward", "Index Name": "company_type_pkey", "Relation Name": "company_type", "Alias": "ct", "Startup Cost": 0.13, "Total Cost": 0.15, "Plan Rows": 1, "Plan Width": 4, "Actual Rows": 1, "Actual Loops": 96, "Index Cond": "(id = mc.company_type_id)", "Rows Removed by Index Recheck": 0, "Heap Fetches": 96, "Workers": []}]}, {"Node Type": "Index Scan", "Parent Relationship": "Inner", "Parallel Aware": false, "Async Capable": false, "Scan Direction": "Forward", "Index Name": "title_pkey", "Relation Name": "title", "Alias": "t", "Startup Cost": 0.43, "Total Cost": 0.52, "Plan Rows": 1, "Plan Width": 21, "Actual Rows": 1, "Actual Loops": 96, "Index Cond": "(id = mc.movie_id)", "Rows Removed by Index Recheck": 0, "Filter": "(production_year >= 1986)", "Rows Removed by Filter": 0, "Workers": []}]}]}]}, {"Node Type": "Index Only Scan", "Parent Relationship": "Inner", "Parallel Aware": false, "Async Capable": false, "Scan Direction": "Forward", "Index Name": "keyword_pkey", "Relation Name": "keyword", "Alias": "k", "Startup Cost": 0.42, "Total Cost": 0.44, "Plan Rows": 1, "Plan Width": 4, "Actual Rows": 1, "Actual Loops": 254, "Index Cond": "(id = mk.keyword_id)", "Rows Removed by Index Recheck": 0, "Heap Fetches": 0, "Workers": []}]}, {"Node Type": "Hash", "Parent Relationship": "Inner", "Parallel Aware": true, "Async Capable": false, "Startup Cost": 7738.13, "Total Cost": 7738.13, "Plan Rows": 150613, "Plan Width": 4, "Actual Rows": 90368, "Actual Loops": 4, "Hash Buckets": 524288, "Original Hash Buckets": 524288, "Hash Batches": 1, "Original Hash Batches": 1, "Peak Memory Usage": 18304, "Workers": [], "Plans": [{"Node Type": "Seq Scan", "Parent Relationship": "Outer", "Parallel Aware": true, "Async Capable": false, "Relation Name": "aka_title", "Alias": "at", "Startup Cost": 0.0, "Total Cost": 7738.13, "Plan Rows": 150613, "Plan Width": 4, "Actual Rows": 90368, "Actual Loops": 4, "Workers": []}]}]}]}]}]}, "Planning Time": 14.843, "Triggers": [], "Execution Time": 963.21}, {"Plan": {"Node Type": "Aggregate", "Strategy": "Plain", "Partial Mode": "Finalize", "Parallel Aware": false, "Async Capable": false, "Startup Cost": 294593.6, "Total Cost": 294593.61, "Plan Rows": 1, "Plan Width": 64, "Actual Rows": 1, "Actual Loops": 1, "Plans": [{"Node Type": "Gather", "Parent Relationship": "Outer", "Parallel Aware": false, "Async Capable": false, "Startup Cost": 294593.27, "Total Cost": 294593.58, "Plan Rows": 3, "Plan Width": 64, "Actual Rows": 4, "Actual Loops": 1, "Workers Planned": 3, "Workers Launched": 3, "Single Copy": false, "Plans": [{"Node Type": "Aggregate", "Strategy": "Plain", "Partial Mode": "Partial", "Parent Relationship": "Outer", "Parallel Aware": false, "Async Capable": false, "Startup Cost": 293593.27, "Total Cost": 293593.28, "Plan Rows": 1, "Plan Width": 64, "Actual Rows": 1, "Actual Loops": 4, "Workers": [], "Plans": [{"Node Type": "Hash Join", "Parent Relationship": "Outer", "Parallel Aware": true, "Async Capable": false, "Join Type": "Inner", "Startup Cost": 249027.95, "Total Cost": 293593.24, "Plan Rows": 6, "Plan Width": 60, "Actual Rows": 18, "Actual Loops": 4, "Inner Unique": false, "Hash Cond": "(t.id = mi.movie_id)", "Workers": [], "Plans": [{"Node Type": "Nested Loop", "Parent Relationship": "Outer", "Parallel Aware": false, "Async Capable": false, "Join Type": "Inner", "Startup Cost": 42868.78, "Total Cost": 87433.9, "Plan Rows": 45, "Plan Width": 33, "Actual Rows": 162, "Actual Loops": 4, "Inner Unique": true, "Workers": [], "Plans": [{"Node Type": "Hash Join", "Parent Relationship": "Outer", "Parallel Aware": true, "Async Capable": false, "Join Type": "Inner", "Startup Cost": 42868.36, "Total Cost": 87414.19, "Plan Rows": 45, "Plan Width": 37, "Actual Rows": 162, "Actual Loops": 4, "Inner Unique": false, "Hash Cond": "(mk.movie_id = t.id)", "Workers": [], "Plans": [{"Node Type": "Seq Scan", "Parent Relationship": "Outer", "Parallel Aware": true, "Async Capable": false, "Relation Name": "movie_keyword", "Alias": "mk", "Startup Cost": 0.0, "Total Cost": 39073.32, "Plan Rows": 1459332, "Plan Width": 8, "Actual Rows": 1130982, "Actual Loops": 4, "Workers": []}, {"Node Type": "Hash", "Parent Relationship": "Inner", "Parallel Aware": true, "Async Capable": false, "Startup Cost": 42868.34, "Total Cost": 42868.34, "Plan Rows": 2, "Plan Width": 29, "Actual Rows": 16, "Actual Loops": 4, "Hash Buckets": 1024, "Original Hash Buckets": 1024, "Hash Batches": 1, "Original Hash Batches": 1, "Peak Memory Usage": 136, "Workers": [], "Plans": [{"Node Type": "Nested Loop", "Parent Relationship": "Outer", "Parallel Aware": false, "Async Capable": false, "Join Type": "Inner", "Startup Cost": 34564.06, "Total Cost": 42868.34, "Plan Rows": 2, "Plan Width": 29, "Actual Rows": 16, "Actual Loops": 4, "Inner Unique": true, "Workers": [], "Plans": [{"Node Type": "Nested Loop", "Parent Relationship": "Outer", "Parallel Aware": false, "Async Capable": false, "Join Type": "Inner", "Startup Cost": 34563.93, "Total Cost": 42868.04, "Plan Rows": 2, "Plan Width": 33, "Actual Rows": 16, "Actual Loops": 4, "Inner Unique": true, "Join Filter": "(t.id = at.movie_id)", "Rows Removed by Join Filter": 0, "Workers": [], "Plans": [{"Node Type": "Hash Join", "Parent Relationship": "Outer", "Parallel Aware": true, "Async Capable": false, "Join Type": "Inner", "Startup Cost": 34563.5, "Total Cost": 42866.44, "Plan Rows": 3, "Plan Width": 12, "Actual Rows": 17, "Actual Loops": 4, "Inner Unique": false, "Hash Cond": "(at.movie_id = mc.movie_id)", "Workers": [], "Plans": [{"Node Type": "Seq Scan", "Parent Relationship": "Outer", "Parallel Aware": true, "Async Capable": false, "Relation Name": "aka_title", "Alias": "at", "Startup Cost": 0.0, "Total Cost": 7738.13, "Plan Rows": 150613, "Plan Width": 4, "Actual Rows": 90368, "Actual Loops": 4, "Workers": []}, {"Node Type": "Hash", "Parent Relationship": "Inner", "Parallel Aware": true, "Async Capable": false, "Startup Cost": 34563.45, "Total Cost": 34563.45, "Plan Rows": 4, "Plan Width": 8, "Actual Rows": 364, "Actual Loops": 4, "Hash Buckets": 1024, "Original Hash Buckets": 1024, "Hash Batches": 1, "Original Hash Batches": 1, "Peak Memory Usage": 136, "Workers": [], "Plans": [{"Node Type": "Hash Join", "Parent Relationship": "Outer", "Parallel Aware": true, "Async Capable": false, "Join Type": "Inner", "Startup Cost": 5113.52, "Total Cost": 34563.45, "Plan Rows": 4, "Plan Width": 8, "Actual Rows": 364, "Actual Loops": 4, "Inner Unique": true, "Hash Cond": "(mc.company_id = cn.id)", "Workers": [], "Plans": [{"Node Type": "Seq Scan", "Parent Relationship": "Outer", "Parallel Aware": true, "Async Capable": false, "Relation Name": "movie_companies", "Alias": "mc", "Startup Cost": 0.0, "Total Cost": 27240.55, "Plan Rows": 841655, "Plan Width": 12, "Actual Rows": 652282, "Actual Loops": 4, "Workers": []}, {"Node Type": "Hash", "Parent Relationship": "Inner", "Parallel Aware": true, "Async Capable": false, "Startup Cost": 5113.5, "Total Cost": 5113.5, "Plan Rows": 1, "Plan Width": 4, "Actual Rows": 0, "Actual Loops": 4, "Hash Buckets": 1024, "Original Hash Buckets": 1024, "Hash Batches": 1, "Original Hash Batches": 1, "Peak Memory Usage": 40, "Workers": [], "Plans": [{"Node Type": "Seq Scan", "Parent Relationship": "Outer", "Parallel Aware": true, "Async Capable": false, "Relation Name": "company_name", "Alias": "cn", "Startup Cost": 0.0, "Total Cost": 5113.5, "Plan Rows": 1, "Plan Width": 4, "Actual Rows": 0, "Actual Loops": 4, "Filter": "(((country_code)::text = '[us]'::text) AND ((name)::text = 'YouTube'::text))", "Rows Removed by Filter": 58749, "Workers": []}]}]}]}]}, {"Node Type": "Index Scan", "Parent Relationship": "Inner", "Parallel Aware": false, "Async Capable": false, "Scan Direction": "Forward", "Index Name": "title_pkey", "Relation Name": "title", "Alias": "t", "Startup Cost": 0.43, "Total Cost": 0.52, "Plan Rows": 1, "Plan Width": 21, "Actual Rows": 1, "Actual Loops": 67, "Index Cond": "(id = mc.movie_id)", "Rows Removed by Index Recheck": 0, "Filter": "(production_year >= 1986)", "Rows Removed by Filter": 0, "Workers": []}]}, {"Node Type": "Index Only Scan", "Parent Relationship": "Inner", "Parallel Aware": false, "Async Capable": false, "Scan Direction": "Forward", "Index Name": "company_type_pkey", "Relation Name": "company_type", "Alias": "ct", "Startup Cost": 0.13, "Total Cost": 0.15, "Plan Rows": 1, "Plan Width": 4, "Actual Rows": 1, "Actual Loops": 64, "Index Cond": "(id = mc.company_type_id)", "Rows Removed by Index Recheck": 0, "Heap Fetches": 64, "Workers": []}]}]}]}, {"Node Type": "Index Only Scan", "Parent Relationship": "Inner", "Parallel Aware": false, "Async Capable": false, "Scan Direction": "Forward", "Index Name": "keyword_pkey", "Relation Name": "keyword", "Alias": "k", "Startup Cost": 0.42, "Total Cost": 0.44, "Plan Rows": 1, "Plan Width": 4, "Actual Rows": 1, "Actual Loops": 648, "Index Cond": "(id = mk.keyword_id)", "Rows Removed by Index Recheck": 0, "Heap Fetches": 0, "Workers": []}]}, {"Node Type": "Hash", "Parent Relationship": "Inner", "Parallel Aware": true, "Async Capable": false, "Startup Cost": 206159.15, "Total Cost": 206159.15, "Plan Rows": 1, "Plan Width": 47, "Actual Rows": 443, "Actual Loops": 4, "Hash Buckets": 1024, "Original Hash Buckets": 1024, "Hash Batches": 1, "Original Hash Batches": 1, "Peak Memory Usage": 136, "Workers": [], "Plans": [{"Node Type": "Hash Join", "Parent Relationship": "Outer", "Parallel Aware": false, "Async Capable": false, "Join Type": "Inner", "Startup Cost": 2.43, "Total Cost": 206159.15, "Plan Rows": 1, "Plan Width": 47, "Actual Rows": 443, "Actual Loops": 4, "Inner Unique": true, "Hash Cond": "(mi.info_type_id = it1.id)", "Workers": [], "Plans": [{"Node Type": "Seq Scan", "Parent Relationship": "Outer", "Parallel Aware": true, "Async Capable": false, "Relation Name": "movie_info", "Alias": "mi", "Startup Cost": 0.0, "Total Cost": 206156.59, "Plan Rows": 50, "Plan Width": 51, "Actual Rows": 443, "Actual Loops": 4, "Filter": "(((note)::text ~~ '%internet%'::text) AND ((info)::text ~~ 'USA:% 200%'::text))", "Rows Removed by Filter": 3708487, "Workers": []}, {"Node Type": "Hash", "Parent Relationship": "Inner", "Parallel Aware": false, "Async Capable": false, "Startup Cost": 2.41, "Total Cost": 2.41, "Plan Rows": 1, "Plan Width": 4, "Actual Rows": 1, "Actual Loops": 4, "Hash Buckets": 1024, "Original Hash Buckets": 1024, "Hash Batches": 1, "Original Hash Batches": 1, "Peak Memory Usage": 9, "Workers": [], "Plans": [{"Node Type": "Seq Scan", "Parent Relationship": "Outer", "Parallel Aware": false, "Async Capable": false, "Relation Name": "info_type", "Alias": "it1", "Startup Cost": 0.0, "Total Cost": 2.41, "Plan Rows": 1, "Plan Width": 4, "Actual Rows": 1, "Actual Loops": 4, "Filter": "((info)::text = 'release dates'::text)", "Rows Removed by Filter": 112, "Workers": []}]}]}]}]}]}]}]}, "Planning Time": 14.82, "Triggers": [], "Execution Time": 905.912}, {"Plan": {"Node Type": "Aggregate", "Strategy": "Plain", "Partial Mode": "Finalize", "Parallel Aware": false, "Async Capable": false, "Startup Cost": 358687.08, "Total Cost": 358687.09, "Plan Rows": 1, "Plan Width": 64, "Actual Rows": 1, "Actual Loops": 1, "Plans": [{"Node Type": "Gather", "Parent Relationship": "Outer", "Parallel Aware": false, "Async Capable": false, "Startup Cost": 358686.75, "Total Cost": 358687.06, "Plan Rows": 3, "Plan Width": 64, "Actual Rows": 4, "Actual Loops": 1, "Workers Planned": 3, "Workers Launched": 3, "Single Copy": false, "Plans": [{"Node Type": "Aggregate", "Strategy": "Plain", "Partial Mode": "Partial", "Parent Relationship": "Outer", "Parallel Aware": false, "Async Capable": false, "Startup Cost": 357686.75, "Total Cost": 357686.76, "Plan Rows": 1, "Plan Width": 64, "Actual Rows": 1, "Actual Loops": 4, "Workers": [], "Plans": [{"Node Type": "Hash Join", "Parent Relationship": "Outer", "Parallel Aware": true, "Async Capable": false, "Join Type": "Inner", "Startup Cost": 327289.42, "Total Cost": 357686.72, "Plan Rows": 6, "Plan Width": 60, "Actual Rows": 18, "Actual Loops": 4, "Inner Unique": false, "Hash Cond": "(at.movie_id = t.id)", "Workers": [], "Plans": [{"Node Type": "Nested Loop", "Parent Relationship": "Outer", "Parallel Aware": false, "Async Capable": false, "Join Type": "Inner", "Startup Cost": 214462.67, "Total Cost": 244859.96, "Plan Rows": 1, "Plan Width": 55, "Actual Rows": 2, "Actual Loops": 4, "Inner Unique": true, "Workers": [], "Plans": [{"Node Type": "Nested Loop", "Parent Relationship": "Outer", "Parallel Aware": false, "Async Capable": false, "Join Type": "Inner", "Startup Cost": 214462.54, "Total Cost": 244859.8, "Plan Rows": 1, "Plan Width": 59, "Actual Rows": 2, "Actual Loops": 4, "Inner Unique": true, "Workers": [], "Plans": [{"Node Type": "Hash Join", "Parent Relationship": "Outer", "Parallel Aware": true, "Async Capable": false, "Join Type": "Inner", "Startup Cost": 214462.12, "Total Cost": 244858.88, "Plan Rows": 2, "Plan Width": 63, "Actual Rows": 98, "Actual Loops": 4, "Inner Unique": false, "Hash Cond": "(mc.movie_id = at.movie_id)", "Workers": [], "Plans": [{"Node Type": "Seq Scan", "Parent Relationship": "Outer", "Parallel Aware": true, "Async Capable": false, "Relation Name": "movie_companies", "Alias": "mc", "Startup Cost": 0.0, "Total Cost": 27240.55, "Plan Rows": 841655, "Plan Width": 12, "Actual Rows": 652282, "Actual Loops": 4, "Workers": []}, {"Node Type": "Hash", "Parent Relationship": "Inner", "Parallel Aware": true, "Async Capable": false, "Startup Cost": 214462.1, "Total Cost": 214462.1, "Plan Rows": 1, "Plan Width": 51, "Actual Rows": 29, "Actual Loops": 4, "Hash Buckets": 1024, "Original Hash Buckets": 1024, "Hash Batches": 1, "Original Hash Batches": 1, "Peak Memory Usage": 136, "Workers": [], "Plans": [{"Node Type": "Hash Join", "Parent Relationship": "Outer", "Parallel Aware": true, "Async Capable": false, "Join Type": "Inner", "Startup Cost": 206159.16, "Total Cost": 214462.1, "Plan Rows": 1, "Plan Width": 51, "Actual Rows": 29, "Actual Loops": 4, "Inner Unique": false, "Hash Cond": "(at.movie_id = mi.movie_id)", "Workers": [], "Plans": [{"Node Type": "Seq Scan", "Parent Relationship": "Outer", "Parallel Aware": true, "Async Capable": false, "Relation Name": "aka_title", "Alias": "at", "Startup Cost": 0.0, "Total Cost": 7738.13, "Plan Rows": 150613, "Plan Width": 4, "Actual Rows": 90368, "Actual Loops": 4, "Workers": []}, {"Node Type": "Hash", "Parent Relationship": "Inner", "Parallel Aware": true, "Async Capable": false, "Startup Cost": 206159.15, "Total Cost": 206159.15, "Plan Rows": 1, "Plan Width": 47, "Actual Rows": 443, "Actual Loops": 4, "Hash Buckets": 1024, "Original Hash Buckets": 1024, "Hash Batches": 1, "Original Hash Batches": 1, "Peak Memory Usage": 136, "Workers": [], "Plans": [{"Node Type": "Hash Join", "Parent Relationship": "Outer", "Parallel Aware": false, "Async Capable": false, "Join Type": "Inner", "Startup Cost": 2.43, "Total Cost": 206159.15, "Plan Rows": 1, "Plan Width": 47, "Actual Rows": 443, "Actual Loops": 4, "Inner Unique": true, "Hash Cond": "(mi.info_type_id = it1.id)", "Workers": [], "Plans": [{"Node Type": "Seq Scan", "Parent Relationship": "Outer", "Parallel Aware": true, "Async Capable": false, "Relation Name": "movie_info", "Alias": "mi", "Startup Cost": 0.0, "Total Cost": 206156.59, "Plan Rows": 50, "Plan Width": 51, "Actual Rows": 443, "Actual Loops": 4, "Filter": "(((note)::text ~~ '%internet%'::text) AND ((info)::text ~~ 'USA:% 200%'::text))", "Rows Removed by Filter": 3708487, "Workers": []}, {"Node Type": "Hash", "Parent Relationship": "Inner", "Parallel Aware": false, "Async Capable": false, "Startup Cost": 2.41, "Total Cost": 2.41, "Plan Rows": 1, "Plan Width": 4, "Actual Rows": 1, "Actual Loops": 4, "Hash Buckets": 1024, "Original Hash Buckets": 1024, "Hash Batches": 1, "Original Hash Batches": 1, "Peak Memory Usage": 9, "Workers": [], "Plans": [{"Node Type": "Seq Scan", "Parent Relationship": "Outer", "Parallel Aware": false, "Async Capable": false, "Relation Name": "info_type", "Alias": "it1", "Startup Cost": 0.0, "Total Cost": 2.41, "Plan Rows": 1, "Plan Width": 4, "Actual Rows": 1, "Actual Loops": 4, "Filter": "((info)::text = 'release dates'::text)", "Rows Removed by Filter": 112, "Workers": []}]}]}]}]}]}]}, {"Node Type": "Index Scan", "Parent Relationship": "Inner", "Parallel Aware": false, "Async Capable": false, "Scan Direction": "Forward", "Index Name": "company_name_pkey", "Relation Name": "company_name", "Alias": "cn", "Startup Cost": 0.42, "Total Cost": 0.45, "Plan Rows": 1, "Plan Width": 4, "Actual Rows": 0, "Actual Loops": 390, "Index Cond": "(id = mc.company_id)", "Rows Removed by Index Recheck": 0, "Filter": "(((country_code)::text = '[us]'::text) AND ((name)::text = 'YouTube'::text))", "Rows Removed by Filter": 1, "Workers": []}]}, {"Node Type": "Index Only Scan", "Parent Relationship": "Inner", "Parallel Aware": false, "Async Capable": false, "Scan Direction": "Forward", "Index Name": "company_type_pkey", "Relation Name": "company_type", "Alias": "ct", "Startup Cost": 0.13, "Total Cost": 0.15, "Plan Rows": 1, "Plan Width": 4, "Actual Rows": 1, "Actual Loops": 6, "Index Cond": "(id = mc.company_type_id)", "Rows Removed by Index Recheck": 0, "Heap Fetches": 6, "Workers": []}]}, {"Node Type": "Hash", "Parent Relationship": "Inner", "Parallel Aware": true, "Async Capable": false, "Startup Cost": 99433.04, "Total Cost": 99433.04, "Plan Rows": 1071497, "Plan Width": 25, "Actual Rows": 748278, "Actual Loops": 4, "Hash Buckets": 4194304, "Original Hash Buckets": 4194304, "Hash Batches": 1, "Original Hash Batches": 1, "Peak Memory Usage": 213856, "Workers": [], "Plans": [{"Node Type": "Hash Join", "Parent Relationship": "Outer", "Parallel Aware": true, "Async Capable": false, "Join Type": "Inner", "Startup Cost": 53716.19, "Total Cost": 99433.04, "Plan Rows": 1071497, "Plan Width": 25, "Actual Rows": 748278, "Actual Loops": 4, "Inner Unique": true, "Hash Cond": "(mk.keyword_id = k.id)", "Workers": [], "Plans": [{"Node Type": "Hash Join", "Parent Relationship": "Outer", "Parallel Aware": true, "Async Capable": false, "Join Type": "Inner", "Startup Cost": 49710.18, "Total Cost": 92614.26, "Plan Rows": 1071497, "Plan Width": 29, "Actual Rows": 748278, "Actual Loops": 4, "Inner Unique": true, "Hash Cond": "(mk.movie_id = t.id)", "Workers": [], "Plans": [{"Node Type": "Seq Scan", "Parent Relationship": "Outer", "Parallel Aware": true, "Async Capable": false, "Relation Name": "movie_keyword", "Alias": "mk", "Startup Cost": 0.0, "Total Cost": 39073.32, "Plan Rows": 1459332, "Plan Width": 8, "Actual Rows": 1130982, "Actual Loops": 4, "Workers": []}, {"Node Type": "Hash", "Parent Relationship": "Inner", "Parallel Aware": true, "Async Capable": false, "Startup Cost": 43908.97, "Total Cost": 43908.97, "Plan Rows": 464096, "Plan Width": 21, "Actual Rows": 463202, "Actual Loops": 4, "Hash Buckets": 2097152, "Original Hash Buckets": 2097152, "Hash Batches": 1, "Original Hash Batches": 1, "Peak Memory Usage": 120224, "Workers": [], "Plans": [{"Node Type": "Seq Scan", "Parent Relationship": "Outer", "Parallel Aware": true, "Async Capable": false, "Relation Name": "title", "Alias": "t", "Startup Cost": 0.0, "Total Cost": 43908.97, "Plan Rows": 464096, "Plan Width": 21, "Actual Rows": 463202, "Actual Loops": 4, "Filter": "(production_year >= 1986)", "Rows Removed by Filter": 168876, "Workers": []}]}]}, {"Node Type": "Hash", "Parent Relationship": "Inner", "Parallel Aware": true, "Async Capable": false, "Startup Cost": 3307.22, "Total Cost": 3307.22, "Plan Rows": 55904, "Plan Width": 4, "Actual Rows": 33542, "Actual Loops": 4, "Hash Buckets": 262144, "Original Hash Buckets": 262144, "Hash Batches": 1, "Original Hash Batches": 1, "Peak Memory Usage": 7392, "Workers": [], "Plans": [{"Node Type": "Index Only Scan", "Parent Relationship": "Outer", "Parallel Aware": true, "Async Capable": false, "Scan Direction": "Forward", "Index Name": "keyword_pkey", "Relation Name": "keyword", "Alias": "k", "Startup Cost": 0.42, "Total Cost": 3307.22, "Plan Rows": 55904, "Plan Width": 4, "Actual Rows": 33542, "Actual Loops": 4, "Heap Fetches": 0, "Workers": []}]}]}]}]}]}]}]}, "Planning Time": 10.171, "Triggers": [], "Execution Time": 2602.779}, {"Plan": {"Node Type": "Aggregate", "Strategy": "Plain", "Partial Mode": "Finalize", "Parallel Aware": false, "Async Capable": false, "Startup Cost": 295906.74, "Total Cost": 295906.75, "Plan Rows": 1, "Plan Width": 64, "Actual Rows": 1, "Actual Loops": 1, "Plans": [{"Node Type": "Gather", "Parent Relationship": "Outer", "Parallel Aware": false, "Async Capable": false, "Startup Cost": 295906.21, "Total Cost": 295906.72, "Plan Rows": 5, "Plan Width": 64, "Actual Rows": 6, "Actual Loops": 1, "Workers Planned": 5, "Workers Launched": 5, "Single Copy": false, "Plans": [{"Node Type": "Aggregate", "Strategy": "Plain", "Partial Mode": "Partial", "Parent Relationship": "Outer", "Parallel Aware": false, "Async Capable": false, "Startup Cost": 294906.21, "Total Cost": 294906.22, "Plan Rows": 1, "Plan Width": 64, "Actual Rows": 1, "Actual Loops": 6, "Workers": [], "Plans": [{"Node Type": "Hash Join", "Parent Relationship": "Outer", "Parallel Aware": true, "Async Capable": false, "Join Type": "Inner", "Startup Cost": 88746.13, "Total Cost": 294906.19, "Plan Rows": 4, "Plan Width": 60, "Actual Rows": 12, "Actual Loops": 6, "Inner Unique": false, "Hash Cond": "(t.id = mk.movie_id)", "Workers": [], "Plans": [{"Node Type": "Nested Loop", "Parent Relationship": "Outer", "Parallel Aware": false, "Async Capable": false, "Join Type": "Inner", "Startup Cost": 9623.65, "Total Cost": 215783.69, "Plan Rows": 1, "Plan Width": 72, "Actual Rows": 19, "Actual Loops": 6, "Inner Unique": true, "Workers": [], "Plans": [{"Node Type": "Hash Join", "Parent Relationship": "Outer", "Parallel Aware": false, "Async Capable": false, "Join Type": "Inner", "Startup Cost": 9623.22, "Total Cost": 215782.74, "Plan Rows": 1, "Plan Width": 51, "Actual Rows": 19, "Actual Loops": 6, "Inner Unique": true, "Hash Cond": "(mi.info_type_id = it1.id)", "Workers": [], "Plans": [{"Node Type": "Hash Join", "Parent Relationship": "Outer", "Parallel Aware": true, "Async Capable": false, "Join Type": "Inner", "Startup Cost": 9620.8, "Total Cost": 215780.25, "Plan Rows": 26, "Plan Width": 55, "Actual Rows": 19, "Actual Loops": 6, "Inner Unique": false, "Hash Cond": "(mi.movie_id = at.movie_id)", "Workers": [], "Plans": [{"Node Type": "Seq Scan", "Parent Relationship": "Outer", "Parallel Aware": true, "Async Capable": false, "Relation Name": "movie_info", "Alias": "mi", "Startup Cost": 0.0, "Total Cost": 206156.59, "Plan Rows": 50, "Plan Width": 51, "Actual Rows": 295, "Actual Loops": 6, "Filter": "(((note)::text ~~ '%internet%'::text) AND ((info)::text ~~ 'USA:% 200%'::text))", "Rows Removed by Filter": 2472325, "Workers": []}, {"Node Type": "Hash", "Parent Relationship": "Inner", "Parallel Aware": true, "Async Capable": false, "Startup Cost": 7738.13, "Total Cost": 7738.13, "Plan Rows": 150613, "Plan Width": 4, "Actual Rows": 60245, "Actual Loops": 6, "Hash Buckets": 524288, "Original Hash Buckets": 524288, "Hash Batches": 1, "Original Hash Batches": 1, "Peak Memory Usage": 18336, "Workers": [], "Plans": [{"Node Type": "Seq Scan", "Parent Relationship": "Outer", "Parallel Aware": true, "Async Capable": false, "Relation Name": "aka_title", "Alias": "at", "Startup Cost": 0.0, "Total Cost": 7738.13, "Plan Rows": 150613, "Plan Width": 4, "Actual Rows": 60245, "Actual Loops": 6, "Workers": []}]}]}, {"Node Type": "Hash", "Parent Relationship": "Inner", "Parallel Aware": false, "Async Capable": false, "Startup Cost": 2.41, "Total Cost": 2.41, "Plan Rows": 1, "Plan Width": 4, "Actual Rows": 1, "Actual Loops": 6, "Hash Buckets": 1024, "Original Hash Buckets": 1024, "Hash Batches": 1, "Original Hash Batches": 1, "Peak Memory Usage": 9, "Workers": [], "Plans": [{"Node Type": "Seq Scan", "Parent Relationship": "Outer", "Parallel Aware": false, "Async Capable": false, "Relation Name": "info_type", "Alias": "it1", "Startup Cost": 0.0, "Total Cost": 2.41, "Plan Rows": 1, "Plan Width": 4, "Actual Rows": 1, "Actual Loops": 6, "Filter": "((info)::text = 'release dates'::text)", "Rows Removed by Filter": 112, "Workers": []}]}]}, {"Node Type": "Index Scan", "Parent Relationship": "Inner", "Parallel Aware": false, "Async Capable": false, "Scan Direction": "Forward", "Index Name": "title_pkey", "Relation Name": "title", "Alias": "t", "Startup Cost": 0.43, "Total Cost": 0.95, "Plan Rows": 1, "Plan Width": 21, "Actual Rows": 1, "Actual Loops": 116, "Index Cond": "(id = at.movie_id)", "Rows Removed by Index Recheck": 0, "Filter": "(production_year >= 1986)", "Rows Removed by Filter": 0, "Workers": []}]}, {"Node Type": "Hash", "Parent Relationship": "Inner", "Parallel Aware": true, "Async Capable": false, "Startup Cost": 79122.13, "Total Cost": 79122.13, "Plan Rows": 28, "Plan Width": 8, "Actual Rows": 354, "Actual Loops": 6, "Hash Buckets": 1024, "Original Hash Buckets": 1024, "Hash Batches": 1, "Original Hash Batches": 1, "Peak Memory Usage": 200, "Workers": [], "Plans": [{"Node Type": "Nested Loop", "Parent Relationship": "Outer", "Parallel Aware": false, "Async Capable": false, "Join Type": "Inner", "Startup Cost": 34564.37, "Total Cost": 79122.13, "Plan Rows": 28, "Plan Width": 8, "Actual Rows": 354, "Actual Loops": 6, "Inner Unique": true, "Workers": [], "Plans": [{"Node Type": "Hash Join", "Parent Relationship": "Outer", "Parallel Aware": true, "Async Capable": false, "Join Type": "Inner", "Startup Cost": 34563.95, "Total Cost": 79109.87, "Plan Rows": 28, "Plan Width": 12, "Actual Rows": 354, "Actual Loops": 6, "Inner Unique": false, "Hash Cond": "(mk.movie_id = mc.movie_id)", "Workers": [], "Plans": [{"Node Type": "Seq Scan", "Parent Relationship": "Outer", "Parallel Aware": true, "Async Capable": false, "Relation Name": "movie_keyword", "Alias": "mk", "Startup Cost": 0.0, "Total Cost": 39073.32, "Plan Rows": 1459332, "Plan Width": 8, "Actual Rows": 753988, "Actual Loops": 6, "Workers": []}, {"Node Type": "Hash", "Parent Relationship": "Inner", "Parallel Aware": true, "Async Capable": false, "Startup Cost": 34563.9, "Total Cost": 34563.9, "Plan Rows": 4, "Plan Width": 4, "Actual Rows": 243, "Actual Loops": 6, "Hash Buckets": 1024, "Original Hash Buckets": 1024, "Hash Batches": 1, "Original Hash Batches": 1, "Peak Memory Usage": 200, "Workers": [], "Plans": [{"Node Type": "Nested Loop", "Parent Relationship": "Outer", "Parallel Aware": false, "Async Capable": false, "Join Type": "Inner", "Startup Cost": 5113.66, "Total Cost": 34563.9, "Plan Rows": 4, "Plan Width": 4, "Actual Rows": 243, "Actual Loops": 6, "Inner Unique": true, "Workers": [], "Plans": [{"Node Type": "Hash Join", "Parent Relationship": "Outer", "Parallel Aware": true, "Async Capable": false, "Join Type": "Inner", "Startup Cost": 5113.52, "Total Cost": 34563.45, "Plan Rows": 4, "Plan Width": 8, "Actual Rows": 243, "Actual Loops": 6, "Inner Unique": true, "Hash Cond": "(mc.company_id = cn.id)", "Workers": [], "Plans": [{"Node Type": "Seq Scan", "Parent Relationship": "Outer", "Parallel Aware": true, "Async Capable": false, "Relation Name": "movie_companies", "Alias": "mc", "Startup Cost": 0.0, "Total Cost": 27240.55, "Plan Rows": 841655, "Plan Width": 12, "Actual Rows": 434855, "Actual Loops": 6, "Workers": []}, {"Node Type": "Hash", "Parent Relationship": "Inner", "Parallel Aware": true, "Async Capable": false, "Startup Cost": 5113.5, "Total Cost": 5113.5, "Plan Rows": 1, "Plan Width": 4, "Actual Rows": 0, "Actual Loops": 6, "Hash Buckets": 1024, "Original Hash Buckets": 1024, "Hash Batches": 1, "Original Hash Batches": 1, "Peak Memory Usage": 40, "Workers": [], "Plans": [{"Node Type": "Seq Scan", "Parent Relationship": "Outer", "Parallel Aware": true, "Async Capable": false, "Relation Name": "company_name", "Alias": "cn", "Startup Cost": 0.0, "Total Cost": 5113.5, "Plan Rows": 1, "Plan Width": 4, "Actual Rows": 0, "Actual Loops": 6, "Filter": "(((country_code)::text = '[us]'::text) AND ((name)::text = 'YouTube'::text))", "Rows Removed by Filter": 39166, "Workers": []}]}]}, {"Node Type": "Memoize", "Parent Relationship": "Inner", "Parallel Aware": false, "Async Capable": false, "Startup Cost": 0.14, "Total Cost": 0.16, "Plan Rows": 1, "Plan Width": 4, "Actual Rows": 1, "Actual Loops": 1458, "Cache Key": "mc.company_type_id", "Cache Mode": "logical", "Cache Hits": 361, "Cache Misses": 2, "Cache Evictions": 0, "Cache Overflows": 0, "Peak Memory Usage": 1, "Workers": [{"Worker Number": 0, "Cache Hits": 163, "Cache Misses": 2, "Cache Evictions": 0, "Cache Overflows": 0, "Peak Memory Usage": 1}, {"Worker Number": 1, "Cache Hits": 222, "Cache Misses": 2, "Cache Evictions": 0, "Cache Overflows": 0, "Peak Memory Usage": 1}, {"Worker Number": 2, "Cache Hits": 237, "Cache Misses": 2, "Cache Evictions": 0, "Cache Overflows": 0, "Peak Memory Usage": 1}, {"Worker Number": 3, "Cache Hits": 251, "Cache Misses": 2, "Cache Evictions": 0, "Cache Overflows": 0, "Peak Memory Usage": 1}, {"Worker Number": 4, "Cache Hits": 212, "Cache Misses": 2, "Cache Evictions": 0, "Cache Overflows": 0, "Peak Memory Usage": 1}], "Plans": [{"Node Type": "Index Only Scan", "Parent Relationship": "Outer", "Parallel Aware": false, "Async Capable": false, "Scan Direction": "Forward", "Index Name": "company_type_pkey", "Relation Name": "company_type", "Alias": "ct", "Startup Cost": 0.13, "Total Cost": 0.15, "Plan Rows": 1, "Plan Width": 4, "Actual Rows": 1, "Actual Loops": 12, "Index Cond": "(id = mc.company_type_id)", "Rows Removed by Index Recheck": 0, "Heap Fetches": 12, "Workers": []}]}]}]}]}, {"Node Type": "Index Only Scan", "Parent Relationship": "Inner", "Parallel Aware": false, "Async Capable": false, "Scan Direction": "Forward", "Index Name": "keyword_pkey", "Relation Name": "keyword", "Alias": "k", "Startup Cost": 0.42, "Total Cost": 0.44, "Plan Rows": 1, "Plan Width": 4, "Actual Rows": 1, "Actual Loops": 2122, "Index Cond": "(id = mk.keyword_id)", "Rows Removed by Index Recheck": 0, "Heap Fetches": 0, "Workers": []}]}]}]}]}]}]}, "Planning Time": 13.698, "Triggers": [], "Execution Time": 591.342}, {"Plan": {"Node Type": "Aggregate", "Strategy": "Plain", "Partial Mode": "Finalize", "Parallel Aware": false, "Async Capable": false, "Startup Cost": 378721.77, "Total Cost": 378721.78, "Plan Rows": 1, "Plan Width": 64, "Actual Rows": 1, "Actual Loops": 1, "Plans": [{"Node Type": "Gather", "Parent Relationship": "Outer", "Parallel Aware": false, "Async Capable": false, "Startup Cost": 378721.44, "Total Cost": 378721.75, "Plan Rows": 3, "Plan Width": 64, "Actual Rows": 4, "Actual Loops": 1, "Workers Planned": 3, "Workers Launched": 3, "Single Copy": false, "Plans": [{"Node Type": "Aggregate", "Strategy": "Plain", "Partial Mode": "Partial", "Parent Relationship": "Outer", "Parallel Aware": false, "Async Capable": false, "Startup Cost": 377721.44, "Total Cost": 377721.45, "Plan Rows": 1, "Plan Width": 64, "Actual Rows": 1, "Actual Loops": 4, "Workers": [], "Plans": [{"Node Type": "Hash Join", "Parent Relationship": "Outer", "Parallel Aware": true, "Async Capable": false, "Join Type": "Inner", "Startup Cost": 347324.11, "Total Cost": 377721.41, "Plan Rows": 6, "Plan Width": 60, "Actual Rows": 18, "Actual Loops": 4, "Inner Unique": false, "Hash Cond": "(mi.movie_id = t.id)", "Workers": [], "Plans": [{"Node Type": "Nested Loop", "Parent Relationship": "Outer", "Parallel Aware": false, "Async Capable": false, "Join Type": "Inner", "Startup Cost": 206159.71, "Total Cost": 236557.0, "Plan Rows": 1, "Plan Width": 51, "Actual Rows": 24, "Actual Loops": 4, "Inner Unique": true, "Workers": [], "Plans": [{"Node Type": "Nested Loop", "Parent Relationship": "Outer", "Parallel Aware": false, "Async Capable": false, "Join Type": "Inner", "Startup Cost": 206159.58, "Total Cost": 236556.85, "Plan Rows": 1, "Plan Width": 55, "Actual Rows": 24, "Actual Loops": 4, "Inner Unique": true, "Workers": [], "Plans": [{"Node Type": "Hash Join", "Parent Relationship": "Outer", "Parallel Aware": true, "Async Capable": false, "Join Type": "Inner", "Startup Cost": 206159.16, "Total Cost": 236555.92, "Plan Rows": 2, "Plan Width": 59, "Actual Rows": 717, "Actual Loops": 4, "Inner Unique": false, "Hash Cond": "(mc.movie_id = mi.movie_id)", "Workers": [], "Plans": [{"Node Type": "Seq Scan", "Parent Relationship": "Outer", "Parallel Aware": true, "Async Capable": false, "Relation Name": "movie_companies", "Alias": "mc", "Startup Cost": 0.0, "Total Cost": 27240.55, "Plan Rows": 841655, "Plan Width": 12, "Actual Rows": 652282, "Actual Loops": 4, "Workers": []}, {"Node Type": "Hash", "Parent Relationship": "Inner", "Parallel Aware": true, "Async Capable": false, "Startup Cost": 206159.15, "Total Cost": 206159.15, "Plan Rows": 1, "Plan Width": 47, "Actual Rows": 443, "Actual Loops": 4, "Hash Buckets": 1024, "Original Hash Buckets": 1024, "Hash Batches": 1, "Original Hash Batches": 1, "Peak Memory Usage": 136, "Workers": [], "Plans": [{"Node Type": "Hash Join", "Parent Relationship": "Outer", "Parallel Aware": false, "Async Capable": false, "Join Type": "Inner", "Startup Cost": 2.43, "Total Cost": 206159.15, "Plan Rows": 1, "Plan Width": 47, "Actual Rows": 443, "Actual Loops": 4, "Inner Unique": true, "Hash Cond": "(mi.info_type_id = it1.id)", "Workers": [], "Plans": [{"Node Type": "Seq Scan", "Parent Relationship": "Outer", "Parallel Aware": true, "Async Capable": false, "Relation Name": "movie_info", "Alias": "mi", "Startup Cost": 0.0, "Total Cost": 206156.59, "Plan Rows": 50, "Plan Width": 51, "Actual Rows": 443, "Actual Loops": 4, "Filter": "(((note)::text ~~ '%internet%'::text) AND ((info)::text ~~ 'USA:% 200%'::text))", "Rows Removed by Filter": 3708487, "Workers": []}, {"Node Type": "Hash", "Parent Relationship": "Inner", "Parallel Aware": false, "Async Capable": false, "Startup Cost": 2.41, "Total Cost": 2.41, "Plan Rows": 1, "Plan Width": 4, "Actual Rows": 1, "Actual Loops": 4, "Hash Buckets": 1024, "Original Hash Buckets": 1024, "Hash Batches": 1, "Original Hash Batches": 1, "Peak Memory Usage": 9, "Workers": [], "Plans": [{"Node Type": "Seq Scan", "Parent Relationship": "Outer", "Parallel Aware": false, "Async Capable": false, "Relation Name": "info_type", "Alias": "it1", "Startup Cost": 0.0, "Total Cost": 2.41, "Plan Rows": 1, "Plan Width": 4, "Actual Rows": 1, "Actual Loops": 4, "Filter": "((info)::text = 'release dates'::text)", "Rows Removed by Filter": 112, "Workers": []}]}]}]}]}, {"Node Type": "Index Scan", "Parent Relationship": "Inner", "Parallel Aware": false, "Async Capable": false, "Scan Direction": "Forward", "Index Name": "company_name_pkey", "Relation Name": "company_name", "Alias": "cn", "Startup Cost": 0.42, "Total Cost": 0.45, "Plan Rows": 1, "Plan Width": 4, "Actual Rows": 0, "Actual Loops": 2867, "Index Cond": "(id = mc.company_id)", "Rows Removed by Index Recheck": 0, "Filter": "(((country_code)::text = '[us]'::text) AND ((name)::text = 'YouTube'::text))", "Rows Removed by Filter": 1, "Workers": []}]}, {"Node Type": "Index Only Scan", "Parent Relationship": "Inner", "Parallel Aware": false, "Async Capable": false, "Scan Direction": "Forward", "Index Name": "company_type_pkey", "Relation Name": "company_type", "Alias": "ct", "Startup Cost": 0.13, "Total Cost": 0.15, "Plan Rows": 1, "Plan Width": 4, "Actual Rows": 1, "Actual Loops": 96, "Index Cond": "(id = mc.company_type_id)", "Rows Removed by Index Recheck": 0, "Heap Fetches": 96, "Workers": []}]}, {"Node Type": "Hash", "Parent Relationship": "Inner", "Parallel Aware": true, "Async Capable": false, "Startup Cost": 112246.99, "Total Cost": 112246.99, "Plan Rows": 2313392, "Plan Width": 29, "Actual Rows": 874762, "Actual Loops": 4, "Hash Buckets": 8388608, "Original Hash Buckets": 8388608, "Hash Batches": 1, "Original Hash Batches": 1, "Peak Memory Usage": 290240, "Workers": [], "Plans": [{"Node Type": "Hash Join", "Parent Relationship": "Outer", "Parallel Aware": true, "Async Capable": false, "Join Type": "Inner", "Startup Cost": 63232.01, "Total Cost": 112246.99, "Plan Rows": 2313392, "Plan Width": 29, "Actual Rows": 874762, "Actual Loops": 4, "Inner Unique": false, "Hash Cond": "(mk.movie_id = t.id)", "Workers": [], "Plans": [{"Node Type": "Hash Join", "Parent Relationship": "Outer", "Parallel Aware": true, "Async Capable": false, "Join Type": "Inner", "Startup Cost": 4006.02, "Total Cost": 46910.21, "Plan Rows": 1459332, "Plan Width": 4, "Actual Rows": 1130982, "Actual Loops": 4, "Inner Unique": true, "Hash Cond": "(mk.keyword_id = k.id)", "Workers": [], "Plans": [{"Node Type": "Seq Scan", "Parent Relationship": "Outer", "Parallel Aware": true, "Async Capable": false, "Relation Name": "movie_keyword", "Alias": "mk", "Startup Cost": 0.0, "Total Cost": 39073.32, "Plan Rows": 1459332, "Plan Width": 8, "Actual Rows": 1130982, "Actual Loops": 4, "Workers": []}, {"Node Type": "Hash", "Parent Relationship": "Inner", "Parallel Aware": true, "Async Capable": false, "Startup Cost": 3307.22, "Total Cost": 3307.22, "Plan Rows": 55904, "Plan Width": 4, "Actual Rows": 33542, "Actual Loops": 4, "Hash Buckets": 262144, "Original Hash Buckets": 262144, "Hash Batches": 1, "Original Hash Batches": 1, "Peak Memory Usage": 7360, "Workers": [], "Plans": [{"Node Type": "Index Only Scan", "Parent Relationship": "Outer", "Parallel Aware": true, "Async Capable": false, "Scan Direction": "Forward", "Index Name": "keyword_pkey", "Relation Name": "keyword", "Alias": "k", "Startup Cost": 0.42, "Total Cost": 3307.22, "Plan Rows": 55904, "Plan Width": 4, "Actual Rows": 33542, "Actual Loops": 4, "Heap Fetches": 0, "Workers": []}]}]}, {"Node Type": "Hash", "Parent Relationship": "Inner", "Parallel Aware": true, "Async Capable": false, "Startup Cost": 57843.67, "Total Cost": 57843.67, "Plan Rows": 110586, "Plan Width": 25, "Actual Rows": 41415, "Actual Loops": 4, "Hash Buckets": 524288, "Original Hash Buckets": 524288, "Hash Batches": 1, "Original Hash Batches": 1, "Peak Memory Usage": 14368, "Workers": [], "Plans": [{"Node Type": "Hash Join", "Parent Relationship": "Outer", "Parallel Aware": true, "Async Capable": false, "Join Type": "Inner", "Startup Cost": 49710.18, "Total Cost": 57843.67, "Plan Rows": 110586, "Plan Width": 25, "Actual Rows": 41415, "Actual Loops": 4, "Inner Unique": true, "Hash Cond": "(at.movie_id = t.id)", "Workers": [], "Plans": [{"Node Type": "Seq Scan", "Parent Relationship": "Outer", "Parallel Aware": true, "Async Capable": false, "Relation Name": "aka_title", "Alias": "at", "Startup Cost": 0.0, "Total Cost": 7738.13, "Plan Rows": 150613, "Plan Width": 4, "Actual Rows": 90368, "Actual Loops": 4, "Workers": []}, {"Node Type": "Hash", "Parent Relationship": "Inner", "Parallel Aware": true, "Async Capable": false, "Startup Cost": 43908.97, "Total Cost": 43908.97, "Plan Rows": 464096, "Plan Width": 21, "Actual Rows": 463202, "Actual Loops": 4, "Hash Buckets": 2097152, "Original Hash Buckets": 2097152, "Hash Batches": 1, "Original Hash Batches": 1, "Peak Memory Usage": 120224, "Workers": [], "Plans": [{"Node Type": "Seq Scan", "Parent Relationship": "Outer", "Parallel Aware": true, "Async Capable": false, "Relation Name": "title", "Alias": "t", "Startup Cost": 0.0, "Total Cost": 43908.97, "Plan Rows": 464096, "Plan Width": 21, "Actual Rows": 463202, "Actual Loops": 4, "Filter": "(production_year >= 1986)", "Rows Removed by Filter": 168876, "Workers": []}]}]}]}]}]}]}]}]}]}, "Planning Time": 12.11, "Triggers": [], "Execution Time": 2767.031}, {"Plan": {"Node Type": "Aggregate", "Strategy": "Plain", "Partial Mode": "Finalize", "Parallel Aware": false, "Async Capable": false, "Startup Cost": 294578.33, "Total Cost": 294578.34, "Plan Rows": 1, "Plan Width": 64, "Actual Rows": 1, "Actual Loops": 1, "Plans": [{"Node Type": "Gather", "Parent Relationship": "Outer", "Parallel Aware": false, "Async Capable": false, "Startup Cost": 294578.0, "Total Cost": 294578.31, "Plan Rows": 3, "Plan Width": 64, "Actual Rows": 4, "Actual Loops": 1, "Workers Planned": 3, "Workers Launched": 3, "Single Copy": false, "Plans": [{"Node Type": "Aggregate", "Strategy": "Plain", "Partial Mode": "Partial", "Parent Relationship": "Outer", "Parallel Aware": false, "Async Capable": false, "Startup Cost": 293578.0, "Total Cost": 293578.01, "Plan Rows": 1, "Plan Width": 64, "Actual Rows": 1, "Actual Loops": 4, "Workers": [], "Plans": [{"Node Type": "Hash Join", "Parent Relationship": "Outer", "Parallel Aware": true, "Async Capable": false, "Join Type": "Inner", "Startup Cost": 249028.5, "Total Cost": 293577.97, "Plan Rows": 6, "Plan Width": 60, "Actual Rows": 18, "Actual Loops": 4, "Inner Unique": false, "Hash Cond": "(at.movie_id = t.id)", "Workers": [], "Plans": [{"Node Type": "Nested Loop", "Parent Relationship": "Outer", "Parallel Aware": false, "Async Capable": false, "Join Type": "Inner", "Startup Cost": 214462.54, "Total Cost": 259011.97, "Plan Rows": 9, "Plan Width": 55, "Actual Rows": 281, "Actual Loops": 4, "Inner Unique": true, "Workers": [], "Plans": [{"Node Type": "Hash Join", "Parent Relationship": "Outer", "Parallel Aware": true, "Async Capable": false, "Join Type": "Inner", "Startup Cost": 214462.12, "Total Cost": 259008.02, "Plan Rows": 9, "Plan Width": 59, "Actual Rows": 281, "Actual Loops": 4, "Inner Unique": false, "Hash Cond": "(mk.movie_id = at.movie_id)", "Workers": [], "Plans": [{"Node Type": "Seq Scan", "Parent Relationship": "Outer", "Parallel Aware": true, "Async Capable": false, "Relation Name": "movie_keyword", "Alias": "mk", "Startup Cost": 0.0, "Total Cost": 39073.32, "Plan Rows": 1459332, "Plan Width": 8, "Actual Rows": 1130982, "Actual Loops": 4, "Workers": []}, {"Node Type": "Hash", "Parent Relationship": "Inner", "Parallel Aware": true, "Async Capable": false, "Startup Cost": 214462.1, "Total Cost": 214462.1, "Plan Rows": 1, "Plan Width": 51, "Actual Rows": 29, "Actual Loops": 4, "Hash Buckets": 1024, "Original Hash Buckets": 1024, "Hash Batches": 1, "Original Hash Batches": 1, "Peak Memory Usage": 136, "Workers": [], "Plans": [{"Node Type": "Hash Join", "Parent Relationship": "Outer", "Parallel Aware": true, "Async Capable": false, "Join Type": "Inner", "Startup Cost": 206159.16, "Total Cost": 214462.1, "Plan Rows": 1, "Plan Width": 51, "Actual Rows": 29, "Actual Loops": 4, "Inner Unique": false, "Hash Cond": "(at.movie_id = mi.movie_id)", "Workers": [], "Plans": [{"Node Type": "Seq Scan", "Parent Relationship": "Outer", "Parallel Aware": true, "Async Capable": false, "Relation Name": "aka_title", "Alias": "at", "Startup Cost": 0.0, "Total Cost": 7738.13, "Plan Rows": 150613, "Plan Width": 4, "Actual Rows": 90368, "Actual Loops": 4, "Workers": []}, {"Node Type": "Hash", "Parent Relationship": "Inner", "Parallel Aware": true, "Async Capable": false, "Startup Cost": 206159.15, "Total Cost": 206159.15, "Plan Rows": 1, "Plan Width": 47, "Actual Rows": 443, "Actual Loops": 4, "Hash Buckets": 1024, "Original Hash Buckets": 1024, "Hash Batches": 1, "Original Hash Batches": 1, "Peak Memory Usage": 136, "Workers": [], "Plans": [{"Node Type": "Hash Join", "Parent Relationship": "Outer", "Parallel Aware": false, "Async Capable": false, "Join Type": "Inner", "Startup Cost": 2.43, "Total Cost": 206159.15, "Plan Rows": 1, "Plan Width": 47, "Actual Rows": 443, "Actual Loops": 4, "Inner Unique": true, "Hash Cond": "(mi.info_type_id = it1.id)", "Workers": [], "Plans": [{"Node Type": "Seq Scan", "Parent Relationship": "Outer", "Parallel Aware": true, "Async Capable": false, "Relation Name": "movie_info", "Alias": "mi", "Startup Cost": 0.0, "Total Cost": 206156.59, "Plan Rows": 50, "Plan Width": 51, "Actual Rows": 443, "Actual Loops": 4, "Filter": "(((note)::text ~~ '%internet%'::text) AND ((info)::text ~~ 'USA:% 200%'::text))", "Rows Removed by Filter": 3708487, "Workers": []}, {"Node Type": "Hash", "Parent Relationship": "Inner", "Parallel Aware": false, "Async Capable": false, "Startup Cost": 2.41, "Total Cost": 2.41, "Plan Rows": 1, "Plan Width": 4, "Actual Rows": 1, "Actual Loops": 4, "Hash Buckets": 1024, "Original Hash Buckets": 1024, "Hash Batches": 1, "Original Hash Batches": 1, "Peak Memory Usage": 9, "Workers": [], "Plans": [{"Node Type": "Seq Scan", "Parent Relationship": "Outer", "Parallel Aware": false, "Async Capable": false, "Relation Name": "info_type", "Alias": "it1", "Startup Cost": 0.0, "Total Cost": 2.41, "Plan Rows": 1, "Plan Width": 4, "Actual Rows": 1, "Actual Loops": 4, "Filter": "((info)::text = 'release dates'::text)", "Rows Removed by Filter": 112, "Workers": []}]}]}]}]}]}]}, {"Node Type": "Index Only Scan", "Parent Relationship": "Inner", "Parallel Aware": false, "Async Capable": false, "Scan Direction": "Forward", "Index Name": "keyword_pkey", "Relation Name": "keyword", "Alias": "k", "Startup Cost": 0.42, "Total Cost": 0.44, "Plan Rows": 1, "Plan Width": 4, "Actual Rows": 1, "Actual Loops": 1124, "Index Cond": "(id = mk.keyword_id)", "Rows Removed by Index Recheck": 0, "Heap Fetches": 0, "Workers": []}]}, {"Node Type": "Hash", "Parent Relationship": "Inner", "Parallel Aware": true, "Async Capable": false, "Startup Cost": 34565.92, "Total Cost": 34565.92, "Plan Rows": 3, "Plan Width": 25, "Actual Rows": 364, "Actual Loops": 4, "Hash Buckets": 1024, "Original Hash Buckets": 1024, "Hash Batches": 1, "Original Hash Batches": 1, "Peak Memory Usage": 168, "Workers": [], "Plans": [{"Node Type": "Nested Loop", "Parent Relationship": "Outer", "Parallel Aware": false, "Async Capable": false, "Join Type": "Inner", "Startup Cost": 5114.09, "Total Cost": 34565.92, "Plan Rows": 3, "Plan Width": 25, "Actual Rows": 364, "Actual Loops": 4, "Inner Unique": true, "Workers": [], "Plans": [{"Node Type": "Nested Loop", "Parent Relationship": "Outer", "Parallel Aware": false, "Async Capable": false, "Join Type": "Inner", "Startup Cost": 5113.95, "Total Cost": 34565.53, "Plan Rows": 3, "Plan Width": 29, "Actual Rows": 364, "Actual Loops": 4, "Inner Unique": true, "Workers": [], "Plans": [{"Node Type": "Hash Join", "Parent Relationship": "Outer", "Parallel Aware": true, "Async Capable": false, "Join Type": "Inner", "Startup Cost": 5113.52, "Total Cost": 34563.45, "Plan Rows": 4, "Plan Width": 8, "Actual Rows": 364, "Actual Loops": 4, "Inner Unique": true, "Hash Cond": "(mc.company_id = cn.id)", "Workers": [], "Plans": [{"Node Type": "Seq Scan", "Parent Relationship": "Outer", "Parallel Aware": true, "Async Capable": false, "Relation Name": "movie_companies", "Alias": "mc", "Startup Cost": 0.0, "Total Cost": 27240.55, "Plan Rows": 841655, "Plan Width": 12, "Actual Rows": 652282, "Actual Loops": 4, "Workers": []}, {"Node Type": "Hash", "Parent Relationship": "Inner", "Parallel Aware": true, "Async Capable": false, "Startup Cost": 5113.5, "Total Cost": 5113.5, "Plan Rows": 1, "Plan Width": 4, "Actual Rows": 0, "Actual Loops": 4, "Hash Buckets": 1024, "Original Hash Buckets": 1024, "Hash Batches": 1, "Original Hash Batches": 1, "Peak Memory Usage": 40, "Workers": [], "Plans": [{"Node Type": "Seq Scan", "Parent Relationship": "Outer", "Parallel Aware": true, "Async Capable": false, "Relation Name": "company_name", "Alias": "cn", "Startup Cost": 0.0, "Total Cost": 5113.5, "Plan Rows": 1, "Plan Width": 4, "Actual Rows": 0, "Actual Loops": 4, "Filter": "(((country_code)::text = '[us]'::text) AND ((name)::text = 'YouTube'::text))", "Rows Removed by Filter": 58749, "Workers": []}]}]}, {"Node Type": "Index Scan", "Parent Relationship": "Inner", "Parallel Aware": false, "Async Capable": false, "Scan Direction": "Forward", "Index Name": "title_pkey", "Relation Name": "title", "Alias": "t", "Startup Cost": 0.43, "Total Cost": 0.52, "Plan Rows": 1, "Plan Width": 21, "Actual Rows": 1, "Actual Loops": 1458, "Index Cond": "(id = mc.movie_id)", "Rows Removed by Index Recheck": 0, "Filter": "(production_year >= 1986)", "Rows Removed by Filter": 0, "Workers": []}]}, {"Node Type": "Memoize", "Parent Relationship": "Inner", "Parallel Aware": false, "Async Capable": false, "Startup Cost": 0.14, "Total Cost": 0.16, "Plan Rows": 1, "Plan Width": 4, "Actual Rows": 1, "Actual Loops": 1456, "Cache Key": "mc.company_type_id", "Cache Mode": "logical", "Cache Hits": 526, "Cache Misses": 2, "Cache Evictions": 0, "Cache Overflows": 0, "Peak Memory Usage": 1, "Workers": [{"Worker Number": 0, "Cache Hits": 335, "Cache Misses": 2, "Cache Evictions": 0, "Cache Overflows": 0, "Peak Memory Usage": 1}, {"Worker Number": 1, "Cache Hits": 286, "Cache Misses": 2, "Cache Evictions": 0, "Cache Overflows": 0, "Peak Memory Usage": 1}, {"Worker Number": 2, "Cache Hits": 301, "Cache Misses": 2, "Cache Evictions": 0, "Cache Overflows": 0, "Peak Memory Usage": 1}], "Plans": [{"Node Type": "Index Only Scan", "Parent Relationship": "Outer", "Parallel Aware": false, "Async Capable": false, "Scan Direction": "Forward", "Index Name": "company_type_pkey", "Relation Name": "company_type", "Alias": "ct", "Startup Cost": 0.13, "Total Cost": 0.15, "Plan Rows": 1, "Plan Width": 4, "Actual Rows": 1, "Actual Loops": 8, "Index Cond": "(id = mc.company_type_id)", "Rows Removed by Index Recheck": 0, "Heap Fetches": 8, "Workers": []}]}]}]}]}]}]}]}, "Planning Time": 14.307, "Triggers": [], "Execution Time": 922.827}, {"Plan": {"Node Type": "Aggregate", "Strategy": "Plain", "Partial Mode": "Finalize", "Parallel Aware": false, "Async Capable": false, "Startup Cost": 294575.88, "Total Cost": 294575.89, "Plan Rows": 1, "Plan Width": 64, "Actual Rows": 1, "Actual Loops": 1, "Plans": [{"Node Type": "Gather", "Parent Relationship": "Outer", "Parallel Aware": false, "Async Capable": false, "Startup Cost": 294575.66, "Total Cost": 294575.87, "Plan Rows": 2, "Plan Width": 64, "Actual Rows": 3, "Actual Loops": 1, "Workers Planned": 2, "Workers Launched": 2, "Single Copy": false, "Plans": [{"Node Type": "Aggregate", "Strategy": "Plain", "Partial Mode": "Partial", "Parent Relationship": "Outer", "Parallel Aware": false, "Async Capable": false, "Startup Cost": 293575.66, "Total Cost": 293575.67, "Plan Rows": 1, "Plan Width": 64, "Actual Rows": 1, "Actual Loops": 3, "Workers": [], "Plans": [{"Node Type": "Hash Join", "Parent Relationship": "Outer", "Parallel Aware": true, "Async Capable": false, "Join Type": "Inner", "Startup Cost": 285271.31, "Total Cost": 293575.62, "Plan Rows": 8, "Plan Width": 60, "Actual Rows": 24, "Actual Loops": 3, "Inner Unique": false, "Hash Cond": "(t.id = mi.movie_id)", "Workers": [], "Plans": [{"Node Type": "Nested Loop", "Parent Relationship": "Outer", "Parallel Aware": false, "Async Capable": false, "Join Type": "Inner", "Startup Cost": 34564.06, "Total Cost": 42868.34, "Plan Rows": 2, "Plan Width": 29, "Actual Rows": 21, "Actual Loops": 3, "Inner Unique": true, "Workers": [], "Plans": [{"Node Type": "Nested Loop", "Parent Relationship": "Outer", "Parallel Aware": false, "Async Capable": false, "Join Type": "Inner", "Startup Cost": 34563.93, "Total Cost": 42868.04, "Plan Rows": 2, "Plan Width": 33, "Actual Rows": 21, "Actual Loops": 3, "Inner Unique": true, "Join Filter": "(t.id = at.movie_id)", "Rows Removed by Join Filter": 0, "Workers": [], "Plans": [{"Node Type": "Hash Join", "Parent Relationship": "Outer", "Parallel Aware": true, "Async Capable": false, "Join Type": "Inner", "Startup Cost": 34563.5, "Total Cost": 42866.44, "Plan Rows": 3, "Plan Width": 12, "Actual Rows": 22, "Actual Loops": 3, "Inner Unique": false, "Hash Cond": "(at.movie_id = mc.movie_id)", "Workers": [], "Plans": [{"Node Type": "Seq Scan", "Parent Relationship": "Outer", "Parallel Aware": true, "Async Capable": false, "Relation Name": "aka_title", "Alias": "at", "Startup Cost": 0.0, "Total Cost": 7738.13, "Plan Rows": 150613, "Plan Width": 4, "Actual Rows": 120491, "Actual Loops": 3, "Workers": []}, {"Node Type": "Hash", "Parent Relationship": "Inner", "Parallel Aware": true, "Async Capable": false, "Startup Cost": 34563.45, "Total Cost": 34563.45, "Plan Rows": 4, "Plan Width": 8, "Actual Rows": 486, "Actual Loops": 3, "Hash Buckets": 1024, "Original Hash Buckets": 1024, "Hash Batches": 1, "Original Hash Batches": 1, "Peak Memory Usage": 104, "Workers": [], "Plans": [{"Node Type": "Hash Join", "Parent Relationship": "Outer", "Parallel Aware": true, "Async Capable": false, "Join Type": "Inner", "Startup Cost": 5113.52, "Total Cost": 34563.45, "Plan Rows": 4, "Plan Width": 8, "Actual Rows": 486, "Actual Loops": 3, "Inner Unique": true, "Hash Cond": "(mc.company_id = cn.id)", "Workers": [], "Plans": [{"Node Type": "Seq Scan", "Parent Relationship": "Outer", "Parallel Aware": true, "Async Capable": false, "Relation Name": "movie_companies", "Alias": "mc", "Startup Cost": 0.0, "Total Cost": 27240.55, "Plan Rows": 841655, "Plan Width": 12, "Actual Rows": 869710, "Actual Loops": 3, "Workers": []}, {"Node Type": "Hash", "Parent Relationship": "Inner", "Parallel Aware": true, "Async Capable": false, "Startup Cost": 5113.5, "Total Cost": 5113.5, "Plan Rows": 1, "Plan Width": 4, "Actual Rows": 0, "Actual Loops": 3, "Hash Buckets": 1024, "Original Hash Buckets": 1024, "Hash Batches": 1, "Original Hash Batches": 1, "Peak Memory Usage": 40, "Workers": [], "Plans": [{"Node Type": "Seq Scan", "Parent Relationship": "Outer", "Parallel Aware": true, "Async Capable": false, "Relation Name": "company_name", "Alias": "cn", "Startup Cost": 0.0, "Total Cost": 5113.5, "Plan Rows": 1, "Plan Width": 4, "Actual Rows": 0, "Actual Loops": 3, "Filter": "(((country_code)::text = '[us]'::text) AND ((name)::text = 'YouTube'::text))", "Rows Removed by Filter": 78332, "Workers": []}]}]}]}]}, {"Node Type": "Index Scan", "Parent Relationship": "Inner", "Parallel Aware": false, "Async Capable": false, "Scan Direction": "Forward", "Index Name": "title_pkey", "Relation Name": "title", "Alias": "t", "Startup Cost": 0.43, "Total Cost": 0.52, "Plan Rows": 1, "Plan Width": 21, "Actual Rows": 1, "Actual Loops": 67, "Index Cond": "(id = mc.movie_id)", "Rows Removed by Index Recheck": 0, "Filter": "(production_year >= 1986)", "Rows Removed by Filter": 0, "Workers": []}]}, {"Node Type": "Index Only Scan", "Parent Relationship": "Inner", "Parallel Aware": false, "Async Capable": false, "Scan Direction": "Forward", "Index Name": "company_type_pkey", "Relation Name": "company_type", "Alias": "ct", "Startup Cost": 0.13, "Total Cost": 0.15, "Plan Rows": 1, "Plan Width": 4, "Actual Rows": 1, "Actual Loops": 64, "Index Cond": "(id = mc.company_type_id)", "Rows Removed by Index Recheck": 0, "Heap Fetches": 64, "Workers": []}]}, {"Node Type": "Hash", "Parent Relationship": "Inner", "Parallel Aware": true, "Async Capable": false, "Startup Cost": 250707.19, "Total Cost": 250707.19, "Plan Rows": 5, "Plan Width": 51, "Actual Rows": 1476, "Actual Loops": 3, "Hash Buckets": 4096, "Original Hash Buckets": 1024, "Hash Batches": 1, "Original Hash Batches": 1, "Peak Memory Usage": 376, "Workers": [], "Plans": [{"Node Type": "Nested Loop", "Parent Relationship": "Outer", "Parallel Aware": false, "Async Capable": false, "Join Type": "Inner", "Startup Cost": 206159.58, "Total Cost": 250707.19, "Plan Rows": 5, "Plan Width": 51, "Actual Rows": 1476, "Actual Loops": 3, "Inner Unique": true, "Workers": [], "Plans": [{"Node Type": "Hash Join", "Parent Relationship": "Outer", "Parallel Aware": true, "Async Capable": false, "Join Type": "Inner", "Startup Cost": 206159.16, "Total Cost": 250705.0, "Plan Rows": 5, "Plan Width": 55, "Actual Rows": 1476, "Actual Loops": 3, "Inner Unique": false, "Hash Cond": "(mk.movie_id = mi.movie_id)", "Workers": [], "Plans": [{"Node Type": "Seq Scan", "Parent Relationship": "Outer", "Parallel Aware": true, "Async Capable": false, "Relation Name": "movie_keyword", "Alias": "mk", "Startup Cost": 0.0, "Total Cost": 39073.32, "Plan Rows": 1459332, "Plan Width": 8, "Actual Rows": 1507977, "Actual Loops": 3, "Workers": []}, {"Node Type": "Hash", "Parent Relationship": "Inner", "Parallel Aware": true, "Async Capable": false, "Startup Cost": 206159.15, "Total Cost": 206159.15, "Plan Rows": 1, "Plan Width": 47, "Actual Rows": 590, "Actual Loops": 3, "Hash Buckets": 2048, "Original Hash Buckets": 1024, "Hash Batches": 1, "Original Hash Batches": 1, "Peak Memory Usage": 184, "Workers": [], "Plans": [{"Node Type": "Hash Join", "Parent Relationship": "Outer", "Parallel Aware": false, "Async Capable": false, "Join Type": "Inner", "Startup Cost": 2.43, "Total Cost": 206159.15, "Plan Rows": 1, "Plan Width": 47, "Actual Rows": 590, "Actual Loops": 3, "Inner Unique": true, "Hash Cond": "(mi.info_type_id = it1.id)", "Workers": [], "Plans": [{"Node Type": "Seq Scan", "Parent Relationship": "Outer", "Parallel Aware": true, "Async Capable": false, "Relation Name": "movie_info", "Alias": "mi", "Startup Cost": 0.0, "Total Cost": 206156.59, "Plan Rows": 50, "Plan Width": 51, "Actual Rows": 590, "Actual Loops": 3, "Filter": "(((note)::text ~~ '%internet%'::text) AND ((info)::text ~~ 'USA:% 200%'::text))", "Rows Removed by Filter": 4944650, "Workers": []}, {"Node Type": "Hash", "Parent Relationship": "Inner", "Parallel Aware": false, "Async Capable": false, "Startup Cost": 2.41, "Total Cost": 2.41, "Plan Rows": 1, "Plan Width": 4, "Actual Rows": 1, "Actual Loops": 3, "Hash Buckets": 1024, "Original Hash Buckets": 1024, "Hash Batches": 1, "Original Hash Batches": 1, "Peak Memory Usage": 9, "Workers": [], "Plans": [{"Node Type": "Seq Scan", "Parent Relationship": "Outer", "Parallel Aware": false, "Async Capable": false, "Relation Name": "info_type", "Alias": "it1", "Startup Cost": 0.0, "Total Cost": 2.41, "Plan Rows": 1, "Plan Width": 4, "Actual Rows": 1, "Actual Loops": 3, "Filter": "((info)::text = 'release dates'::text)", "Rows Removed by Filter": 112, "Workers": []}]}]}]}]}, {"Node Type": "Index Only Scan", "Parent Relationship": "Inner", "Parallel Aware": false, "Async Capable": false, "Scan Direction": "Forward", "Index Name": "keyword_pkey", "Relation Name": "keyword", "Alias": "k", "Startup Cost": 0.42, "Total Cost": 0.44, "Plan Rows": 1, "Plan Width": 4, "Actual Rows": 1, "Actual Loops": 4429, "Index Cond": "(id = mk.keyword_id)", "Rows Removed by Index Recheck": 0, "Heap Fetches": 0, "Workers": []}]}]}]}]}]}]}, "Planning Time": 11.167, "Triggers": [], "Execution Time": 1902.374}, {"Plan": {"Node Type": "Aggregate", "Strategy": "Plain", "Partial Mode": "Simple", "Parallel Aware": false, "Async Capable": false, "Startup Cost": 290413.15, "Total Cost": 290413.16, "Plan Rows": 1, "Plan Width": 64, "Actual Rows": 1, "Actual Loops": 1, "Plans": [{"Node Type": "Nested Loop", "Parent Relationship": "Outer", "Parallel Aware": false, "Async Capable": false, "Join Type": "Inner", "Startup Cost": 245860.73, "Total Cost": 290413.05, "Plan Rows": 20, "Plan Width": 60, "Actual Rows": 71, "Actual Loops": 1, "Inner Unique": false, "Join Filter": "(ct.id = mc.company_type_id)", "Rows Removed by Join Filter": 213, "Plans": [{"Node Type": "Seq Scan", "Parent Relationship": "Outer", "Parallel Aware": false, "Async Capable": false, "Relation Name": "company_type", "Alias": "ct", "Startup Cost": 0.0, "Total Cost": 1.04, "Plan Rows": 4, "Plan Width": 4, "Actual Rows": 4, "Actual Loops": 1}, {"Node Type": "Materialize", "Parent Relationship": "Inner", "Parallel Aware": false, "Async Capable": false, "Startup Cost": 245860.73, "Total Cost": 290410.86, "Plan Rows": 20, "Plan Width": 64, "Actual Rows": 71, "Actual Loops": 4, "Plans": [{"Node Type": "Gather", "Parent Relationship": "Outer", "Parallel Aware": false, "Async Capable": false, "Startup Cost": 245860.73, "Total Cost": 290410.76, "Plan Rows": 20, "Plan Width": 64, "Actual Rows": 71, "Actual Loops": 1, "Workers Planned": 3, "Workers Launched": 3, "Single Copy": false, "Plans": [{"Node Type": "Nested Loop", "Parent Relationship": "Outer", "Parallel Aware": false, "Async Capable": false, "Join Type": "Inner", "Startup Cost": 244860.73, "Total Cost": 289408.76, "Plan Rows": 6, "Plan Width": 64, "Actual Rows": 18, "Actual Loops": 4, "Inner Unique": true, "Workers": [], "Plans": [{"Node Type": "Hash Join", "Parent Relationship": "Outer", "Parallel Aware": true, "Async Capable": false, "Join Type": "Inner", "Startup Cost": 244860.31, "Total Cost": 289406.14, "Plan Rows": 6, "Plan Width": 68, "Actual Rows": 18, "Actual Loops": 4, "Inner Unique": false, "Hash Cond": "(mk.movie_id = t.id)", "Workers": [], "Plans": [{"Node Type": "Seq Scan", "Parent Relationship": "Outer", "Parallel Aware": true, "Async Capable": false, "Relation Name": "movie_keyword", "Alias": "mk", "Startup Cost": 0.0, "Total Cost": 39073.32, "Plan Rows": 1459332, "Plan Width": 8, "Actual Rows": 1130982, "Actual Loops": 4, "Workers": []}, {"Node Type": "Hash", "Parent Relationship": "Inner", "Parallel Aware": true, "Async Capable": false, "Startup Cost": 244860.3, "Total Cost": 244860.3, "Plan Rows": 1, "Plan Width": 80, "Actual Rows": 2, "Actual Loops": 4, "Hash Buckets": 1024, "Original Hash Buckets": 1024, "Hash Batches": 1, "Original Hash Batches": 1, "Peak Memory Usage": 136, "Workers": [], "Plans": [{"Node Type": "Nested Loop", "Parent Relationship": "Outer", "Parallel Aware": false, "Async Capable": false, "Join Type": "Inner", "Startup Cost": 214463.5, "Total Cost": 244860.3, "Plan Rows": 1, "Plan Width": 80, "Actual Rows": 2, "Actual Loops": 4, "Inner Unique": true, "Workers": [], "Plans": [{"Node Type": "Hash Join", "Parent Relationship": "Outer", "Parallel Aware": true, "Async Capable": false, "Join Type": "Inner", "Startup Cost": 214463.07, "Total Cost": 244859.83, "Plan Rows": 1, "Plan Width": 84, "Actual Rows": 98, "Actual Loops": 4, "Inner Unique": false, "Hash Cond": "(mc.movie_id = t.id)", "Workers": [], "Plans": [{"Node Type": "Seq Scan", "Parent Relationship": "Outer", "Parallel Aware": true, "Async Capable": false, "Relation Name": "movie_companies", "Alias": "mc", "Startup Cost": 0.0, "Total Cost": 27240.55, "Plan Rows": 841655, "Plan Width": 12, "Actual Rows": 652282, "Actual Loops": 4, "Workers": []}, {"Node Type": "Hash", "Parent Relationship": "Inner", "Parallel Aware": true, "Async Capable": false, "Startup Cost": 214463.05, "Total Cost": 214463.05, "Plan Rows": 1, "Plan Width": 72, "Actual Rows": 29, "Actual Loops": 4, "Hash Buckets": 1024, "Original Hash Buckets": 1024, "Hash Batches": 1, "Original Hash Batches": 1, "Peak Memory Usage": 136, "Workers": [], "Plans": [{"Node Type": "Nested Loop", "Parent Relationship": "Outer", "Parallel Aware": false, "Async Capable": false, "Join Type": "Inner", "Startup Cost": 206159.59, "Total Cost": 214463.05, "Plan Rows": 1, "Plan Width": 72, "Actual Rows": 29, "Actual Loops": 4, "Inner Unique": true, "Workers": [], "Plans": [{"Node Type": "Hash Join", "Parent Relationship": "Outer", "Parallel Aware": true, "Async Capable": false, "Join Type": "Inner", "Startup Cost": 206159.16, "Total Cost": 214462.1, "Plan Rows": 1, "Plan Width": 51, "Actual Rows": 29, "Actual Loops": 4, "Inner Unique": false, "Hash Cond": "(at.movie_id = mi.movie_id)", "Workers": [], "Plans": [{"Node Type": "Seq Scan", "Parent Relationship": "Outer", "Parallel Aware": true, "Async Capable": false, "Relation Name": "aka_title", "Alias": "at", "Startup Cost": 0.0, "Total Cost": 7738.13, "Plan Rows": 150613, "Plan Width": 4, "Actual Rows": 90368, "Actual Loops": 4, "Workers": []}, {"Node Type": "Hash", "Parent Relationship": "Inner", "Parallel Aware": true, "Async Capable": false, "Startup Cost": 206159.15, "Total Cost": 206159.15, "Plan Rows": 1, "Plan Width": 47, "Actual Rows": 443, "Actual Loops": 4, "Hash Buckets": 1024, "Original Hash Buckets": 1024, "Hash Batches": 1, "Original Hash Batches": 1, "Peak Memory Usage": 136, "Workers": [], "Plans": [{"Node Type": "Hash Join", "Parent Relationship": "Outer", "Parallel Aware": false, "Async Capable": false, "Join Type": "Inner", "Startup Cost": 2.43, "Total Cost": 206159.15, "Plan Rows": 1, "Plan Width": 47, "Actual Rows": 443, "Actual Loops": 4, "Inner Unique": true, "Hash Cond": "(mi.info_type_id = it1.id)", "Workers": [], "Plans": [{"Node Type": "Seq Scan", "Parent Relationship": "Outer", "Parallel Aware": true, "Async Capable": false, "Relation Name": "movie_info", "Alias": "mi", "Startup Cost": 0.0, "Total Cost": 206156.59, "Plan Rows": 50, "Plan Width": 51, "Actual Rows": 443, "Actual Loops": 4, "Filter": "(((note)::text ~~ '%internet%'::text) AND ((info)::text ~~ 'USA:% 200%'::text))", "Rows Removed by Filter": 3708487, "Workers": []}, {"Node Type": "Hash", "Parent Relationship": "Inner", "Parallel Aware": false, "Async Capable": false, "Startup Cost": 2.41, "Total Cost": 2.41, "Plan Rows": 1, "Plan Width": 4, "Actual Rows": 1, "Actual Loops": 4, "Hash Buckets": 1024, "Original Hash Buckets": 1024, "Hash Batches": 1, "Original Hash Batches": 1, "Peak Memory Usage": 9, "Workers": [], "Plans": [{"Node Type": "Seq Scan", "Parent Relationship": "Outer", "Parallel Aware": false, "Async Capable": false, "Relation Name": "info_type", "Alias": "it1", "Startup Cost": 0.0, "Total Cost": 2.41, "Plan Rows": 1, "Plan Width": 4, "Actual Rows": 1, "Actual Loops": 4, "Filter": "((info)::text = 'release dates'::text)", "Rows Removed by Filter": 112, "Workers": []}]}]}]}]}, {"Node Type": "Index Scan", "Parent Relationship": "Inner", "Parallel Aware": false, "Async Capable": false, "Scan Direction": "Forward", "Index Name": "title_pkey", "Relation Name": "title", "Alias": "t", "Startup Cost": 0.43, "Total Cost": 0.95, "Plan Rows": 1, "Plan Width": 21, "Actual Rows": 1, "Actual Loops": 116, "Index Cond": "(id = at.movie_id)", "Rows Removed by Index Recheck": 0, "Filter": "(production_year >= 1986)", "Rows Removed by Filter": 0, "Workers": []}]}]}]}, {"Node Type": "Memoize", "Parent Relationship": "Inner", "Parallel Aware": false, "Async Capable": false, "Startup Cost": 0.43, "Total Cost": 0.46, "Plan Rows": 1, "Plan Width": 4, "Actual Rows": 0, "Actual Loops": 390, "Cache Key": "mc.company_id", "Cache Mode": "logical", "Cache Hits": 62, "Cache Misses": 49, "Cache Evictions": 0, "Cache Overflows": 0, "Peak Memory Usage": 4, "Workers": [{"Worker Number": 0, "Cache Hits": 25, "Cache Misses": 40, "Cache Evictions": 0, "Cache Overflows": 0, "Peak Memory Usage": 3}, {"Worker Number": 1, "Cache Hits": 38, "Cache Misses": 63, "Cache Evictions": 0, "Cache Overflows": 0, "Peak Memory Usage": 5}, {"Worker Number": 2, "Cache Hits": 56, "Cache Misses": 57, "Cache Evictions": 0, "Cache Overflows": 0, "Peak Memory Usage": 4}], "Plans": [{"Node Type": "Index Scan", "Parent Relationship": "Outer", "Parallel Aware": false, "Async Capable": false, "Scan Direction": "Forward", "Index Name": "company_name_pkey", "Relation Name": "company_name", "Alias": "cn", "Startup Cost": 0.42, "Total Cost": 0.45, "Plan Rows": 1, "Plan Width": 4, "Actual Rows": 0, "Actual Loops": 209, "Index Cond": "(id = mc.company_id)", "Rows Removed by Index Recheck": 0, "Filter": "(((country_code)::text = '[us]'::text) AND ((name)::text = 'YouTube'::text))", "Rows Removed by Filter": 1, "Workers": []}]}]}]}]}, {"Node Type": "Index Only Scan", "Parent Relationship": "Inner", "Parallel Aware": false, "Async Capable": false, "Scan Direction": "Forward", "Index Name": "keyword_pkey", "Relation Name": "keyword", "Alias": "k", "Startup Cost": 0.42, "Total Cost": 0.44, "Plan Rows": 1, "Plan Width": 4, "Actual Rows": 1, "Actual Loops": 71, "Index Cond": "(id = mk.keyword_id)", "Rows Removed by Index Recheck": 0, "Heap Fetches": 0, "Workers": []}]}]}]}]}]}, "Planning Time": 14.969, "Triggers": [], "Execution Time": 892.661}, {"Plan": {"Node Type": "Aggregate", "Strategy": "Plain", "Partial Mode": "Finalize", "Parallel Aware": false, "Async Capable": false, "Startup Cost": 336059.74, "Total Cost": 336059.75, "Plan Rows": 1, "Plan Width": 64, "Actual Rows": 1, "Actual Loops": 1, "Plans": [{"Node Type": "Gather", "Parent Relationship": "Outer", "Parallel Aware": false, "Async Capable": false, "Startup Cost": 336059.31, "Total Cost": 336059.72, "Plan Rows": 4, "Plan Width": 64, "Actual Rows": 5, "Actual Loops": 1, "Workers Planned": 4, "Workers Launched": 4, "Single Copy": false, "Plans": [{"Node Type": "Aggregate", "Strategy": "Plain", "Partial Mode": "Partial", "Parent Relationship": "Outer", "Parallel Aware": false, "Async Capable": false, "Startup Cost": 335059.31, "Total Cost": 335059.32, "Plan Rows": 1, "Plan Width": 64, "Actual Rows": 1, "Actual Loops": 5, "Workers": [], "Plans": [{"Node Type": "Hash Join", "Parent Relationship": "Outer", "Parallel Aware": true, "Async Capable": false, "Join Type": "Inner", "Startup Cost": 289409.93, "Total Cost": 335059.29, "Plan Rows": 5, "Plan Width": 60, "Actual Rows": 14, "Actual Loops": 5, "Inner Unique": false, "Hash Cond": "(t.id = at.movie_id)", "Workers": [], "Plans": [{"Node Type": "Seq Scan", "Parent Relationship": "Outer", "Parallel Aware": true, "Async Capable": false, "Relation Name": "title", "Alias": "t", "Startup Cost": 0.0, "Total Cost": 43908.97, "Plan Rows": 464096, "Plan Width": 21, "Actual Rows": 370561, "Actual Loops": 5, "Filter": "(production_year >= 1986)", "Rows Removed by Filter": 135101, "Workers": []}, {"Node Type": "Hash", "Parent Relationship": "Inner", "Parallel Aware": true, "Async Capable": false, "Startup Cost": 289409.82, "Total Cost": 289409.82, "Plan Rows": 9, "Plan Width": 59, "Actual Rows": 14, "Actual Loops": 5, "Hash Buckets": 1024, "Original Hash Buckets": 1024, "Hash Batches": 1, "Original Hash Batches": 1, "Peak Memory Usage": 104, "Workers": [], "Plans": [{"Node Type": "Nested Loop", "Parent Relationship": "Outer", "Parallel Aware": false, "Async Capable": false, "Join Type": "Inner", "Startup Cost": 244860.39, "Total Cost": 289409.82, "Plan Rows": 9, "Plan Width": 59, "Actual Rows": 14, "Actual Loops": 5, "Inner Unique": true, "Workers": [], "Plans": [{"Node Type": "Hash Join", "Parent Relationship": "Outer", "Parallel Aware": true, "Async Capable": false, "Join Type": "Inner", "Startup Cost": 244859.97, "Total Cost": 289405.88, "Plan Rows": 9, "Plan Width": 63, "Actual Rows": 14, "Actual Loops": 5, "Inner Unique": false, "Hash Cond": "(mk.movie_id = at.movie_id)", "Workers": [], "Plans": [{"Node Type": "Seq Scan", "Parent Relationship": "Outer", "Parallel Aware": true, "Async Capable": false, "Relation Name": "movie_keyword", "Alias": "mk", "Startup Cost": 0.0, "Total Cost": 39073.32, "Plan Rows": 1459332, "Plan Width": 8, "Actual Rows": 904786, "Actual Loops": 5, "Workers": []}, {"Node Type": "Hash", "Parent Relationship": "Inner", "Parallel Aware": true, "Async Capable": false, "Startup Cost": 244859.96, "Total Cost": 244859.96, "Plan Rows": 1, "Plan Width": 55, "Actual Rows": 1, "Actual Loops": 5, "Hash Buckets": 1024, "Original Hash Buckets": 1024, "Hash Batches": 1, "Original Hash Batches": 1, "Peak Memory Usage": 136, "Workers": [], "Plans": [{"Node Type": "Nested Loop", "Parent Relationship": "Outer", "Parallel Aware": false, "Async Capable": false, "Join Type": "Inner", "Startup Cost": 214462.67, "Total Cost": 244859.96, "Plan Rows": 1, "Plan Width": 55, "Actual Rows": 1, "Actual Loops": 5, "Inner Unique": true, "Workers": [], "Plans": [{"Node Type": "Nested Loop", "Parent Relationship": "Outer", "Parallel Aware": false, "Async Capable": false, "Join Type": "Inner", "Startup Cost": 214462.54, "Total Cost": 244859.8, "Plan Rows": 1, "Plan Width": 59, "Actual Rows": 1, "Actual Loops": 5, "Inner Unique": true, "Workers": [], "Plans": [{"Node Type": "Hash Join", "Parent Relationship": "Outer", "Parallel Aware": true, "Async Capable": false, "Join Type": "Inner", "Startup Cost": 214462.12, "Total Cost": 244858.88, "Plan Rows": 2, "Plan Width": 63, "Actual Rows": 78, "Actual Loops": 5, "Inner Unique": false, "Hash Cond": "(mc.movie_id = at.movie_id)", "Workers": [], "Plans": [{"Node Type": "Seq Scan", "Parent Relationship": "Outer", "Parallel Aware": true, "Async Capable": false, "Relation Name": "movie_companies", "Alias": "mc", "Startup Cost": 0.0, "Total Cost": 27240.55, "Plan Rows": 841655, "Plan Width": 12, "Actual Rows": 521826, "Actual Loops": 5, "Workers": []}, {"Node Type": "Hash", "Parent Relationship": "Inner", "Parallel Aware": true, "Async Capable": false, "Startup Cost": 214462.1, "Total Cost": 214462.1, "Plan Rows": 1, "Plan Width": 51, "Actual Rows": 23, "Actual Loops": 5, "Hash Buckets": 1024, "Original Hash Buckets": 1024, "Hash Batches": 1, "Original Hash Batches": 1, "Peak Memory Usage": 168, "Workers": [], "Plans": [{"Node Type": "Hash Join", "Parent Relationship": "Outer", "Parallel Aware": true, "Async Capable": false, "Join Type": "Inner", "Startup Cost": 206159.16, "Total Cost": 214462.1, "Plan Rows": 1, "Plan Width": 51, "Actual Rows": 23, "Actual Loops": 5, "Inner Unique": false, "Hash Cond": "(at.movie_id = mi.movie_id)", "Workers": [], "Plans": [{"Node Type": "Seq Scan", "Parent Relationship": "Outer", "Parallel Aware": true, "Async Capable": false, "Relation Name": "aka_title", "Alias": "at", "Startup Cost": 0.0, "Total Cost": 7738.13, "Plan Rows": 150613, "Plan Width": 4, "Actual Rows": 72294, "Actual Loops": 5, "Workers": []}, {"Node Type": "Hash", "Parent Relationship": "Inner", "Parallel Aware": true, "Async Capable": false, "Startup Cost": 206159.15, "Total Cost": 206159.15, "Plan Rows": 1, "Plan Width": 47, "Actual Rows": 354, "Actual Loops": 5, "Hash Buckets": 1024, "Original Hash Buckets": 1024, "Hash Batches": 1, "Original Hash Batches": 1, "Peak Memory Usage": 168, "Workers": [], "Plans": [{"Node Type": "Hash Join", "Parent Relationship": "Outer", "Parallel Aware": false, "Async Capable": false, "Join Type": "Inner", "Startup Cost": 2.43, "Total Cost": 206159.15, "Plan Rows": 1, "Plan Width": 47, "Actual Rows": 354, "Actual Loops": 5, "Inner Unique": true, "Hash Cond": "(mi.info_type_id = it1.id)", "Workers": [], "Plans": [{"Node Type": "Seq Scan", "Parent Relationship": "Outer", "Parallel Aware": true, "Async Capable": false, "Relation Name": "movie_info", "Alias": "mi", "Startup Cost": 0.0, "Total Cost": 206156.59, "Plan Rows": 50, "Plan Width": 51, "Actual Rows": 354, "Actual Loops": 5, "Filter": "(((note)::text ~~ '%internet%'::text) AND ((info)::text ~~ 'USA:% 200%'::text))", "Rows Removed by Filter": 2966790, "Workers": []}, {"Node Type": "Hash", "Parent Relationship": "Inner", "Parallel Aware": false, "Async Capable": false, "Startup Cost": 2.41, "Total Cost": 2.41, "Plan Rows": 1, "Plan Width": 4, "Actual Rows": 1, "Actual Loops": 5, "Hash Buckets": 1024, "Original Hash Buckets": 1024, "Hash Batches": 1, "Original Hash Batches": 1, "Peak Memory Usage": 9, "Workers": [], "Plans": [{"Node Type": "Seq Scan", "Parent Relationship": "Outer", "Parallel Aware": false, "Async Capable": false, "Relation Name": "info_type", "Alias": "it1", "Startup Cost": 0.0, "Total Cost": 2.41, "Plan Rows": 1, "Plan Width": 4, "Actual Rows": 1, "Actual Loops": 5, "Filter": "((info)::text = 'release dates'::text)", "Rows Removed by Filter": 112, "Workers": []}]}]}]}]}]}]}, {"Node Type": "Index Scan", "Parent Relationship": "Inner", "Parallel Aware": false, "Async Capable": false, "Scan Direction": "Forward", "Index Name": "company_name_pkey", "Relation Name": "company_name", "Alias": "cn", "Startup Cost": 0.42, "Total Cost": 0.45, "Plan Rows": 1, "Plan Width": 4, "Actual Rows": 0, "Actual Loops": 390, "Index Cond": "(id = mc.company_id)", "Rows Removed by Index Recheck": 0, "Filter": "(((country_code)::text = '[us]'::text) AND ((name)::text = 'YouTube'::text))", "Rows Removed by Filter": 1, "Workers": []}]}, {"Node Type": "Index Only Scan", "Parent Relationship": "Inner", "Parallel Aware": false, "Async Capable": false, "Scan Direction": "Forward", "Index Name": "company_type_pkey", "Relation Name": "company_type", "Alias": "ct", "Startup Cost": 0.13, "Total Cost": 0.15, "Plan Rows": 1, "Plan Width": 4, "Actual Rows": 1, "Actual Loops": 6, "Index Cond": "(id = mc.company_type_id)", "Rows Removed by Index Recheck": 0, "Heap Fetches": 6, "Workers": []}]}]}]}, {"Node Type": "Index Only Scan", "Parent Relationship": "Inner", "Parallel Aware": false, "Async Capable": false, "Scan Direction": "Forward", "Index Name": "keyword_pkey", "Relation Name": "keyword", "Alias": "k", "Startup Cost": 0.42, "Total Cost": 0.44, "Plan Rows": 1, "Plan Width": 4, "Actual Rows": 1, "Actual Loops": 71, "Index Cond": "(id = mk.keyword_id)", "Rows Removed by Index Recheck": 0, "Heap Fetches": 0, "Workers": []}]}]}]}]}]}]}, "Planning Time": 15.041, "Triggers": [], "Execution Time": 764.066}, {"Plan": {"Node Type": "Aggregate", "Strategy": "Plain", "Partial Mode": "Finalize", "Parallel Aware": false, "Async Capable": false, "Startup Cost": 290409.27, "Total Cost": 290409.28, "Plan Rows": 1, "Plan Width": 64, "Actual Rows": 1, "Actual Loops": 1, "Plans": [{"Node Type": "Gather", "Parent Relationship": "Outer", "Parallel Aware": false, "Async Capable": false, "Startup Cost": 290408.95, "Total Cost": 290409.26, "Plan Rows": 3, "Plan Width": 64, "Actual Rows": 4, "Actual Loops": 1, "Workers Planned": 3, "Workers Launched": 3, "Single Copy": false, "Plans": [{"Node Type": "Aggregate", "Strategy": "Plain", "Partial Mode": "Partial", "Parent Relationship": "Outer", "Parallel Aware": false, "Async Capable": false, "Startup Cost": 289408.95, "Total Cost": 289408.96, "Plan Rows": 1, "Plan Width": 64, "Actual Rows": 1, "Actual Loops": 4, "Workers": [], "Plans": [{"Node Type": "Nested Loop", "Parent Relationship": "Outer", "Parallel Aware": false, "Async Capable": false, "Join Type": "Inner", "Startup Cost": 244860.88, "Total Cost": 289408.92, "Plan Rows": 6, "Plan Width": 60, "Actual Rows": 18, "Actual Loops": 4, "Inner Unique": true, "Workers": [], "Plans": [{"Node Type": "Hash Join", "Parent Relationship": "Outer", "Parallel Aware": true, "Async Capable": false, "Join Type": "Inner", "Startup Cost": 244860.46, "Total Cost": 289406.29, "Plan Rows": 6, "Plan Width": 64, "Actual Rows": 18, "Actual Loops": 4, "Inner Unique": false, "Hash Cond": "(mk.movie_id = t.id)", "Workers": [], "Plans": [{"Node Type": "Seq Scan", "Parent Relationship": "Outer", "Parallel Aware": true, "Async Capable": false, "Relation Name": "movie_keyword", "Alias": "mk", "Startup Cost": 0.0, "Total Cost": 39073.32, "Plan Rows": 1459332, "Plan Width": 8, "Actual Rows": 1130982, "Actual Loops": 4, "Workers": []}, {"Node Type": "Hash", "Parent Relationship": "Inner", "Parallel Aware": true, "Async Capable": false, "Startup Cost": 244860.45, "Total Cost": 244860.45, "Plan Rows": 1, "Plan Width": 76, "Actual Rows": 2, "Actual Loops": 4, "Hash Buckets": 1024, "Original Hash Buckets": 1024, "Hash Batches": 1, "Original Hash Batches": 1, "Peak Memory Usage": 104, "Workers": [], "Plans": [{"Node Type": "Nested Loop", "Parent Relationship": "Outer", "Parallel Aware": false, "Async Capable": false, "Join Type": "Inner", "Startup Cost": 214463.63, "Total Cost": 244860.45, "Plan Rows": 1, "Plan Width": 76, "Actual Rows": 2, "Actual Loops": 4, "Inner Unique": true, "Workers": [], "Plans": [{"Node Type": "Nested Loop", "Parent Relationship": "Outer", "Parallel Aware": false, "Async Capable": false, "Join Type": "Inner", "Startup Cost": 214463.5, "Total Cost": 244860.3, "Plan Rows": 1, "Plan Width": 80, "Actual Rows": 2, "Actual Loops": 4, "Inner Unique": true, "Workers": [], "Plans": [{"Node Type": "Hash Join", "Parent Relationship": "Outer", "Parallel Aware": true, "Async Capable": false, "Join Type": "Inner", "Startup Cost": 214463.07, "Total Cost": 244859.83, "Plan Rows": 1, "Plan Width": 84, "Actual Rows": 98, "Actual Loops": 4, "Inner Unique": false, "Hash Cond": "(mc.movie_id = t.id)", "Workers": [], "Plans": [{"Node Type": "Seq Scan", "Parent Relationship": "Outer", "Parallel Aware": true, "Async Capable": false, "Relation Name": "movie_companies", "Alias": "mc", "Startup Cost": 0.0, "Total Cost": 27240.55, "Plan Rows": 841655, "Plan Width": 12, "Actual Rows": 652282, "Actual Loops": 4, "Workers": []}, {"Node Type": "Hash", "Parent Relationship": "Inner", "Parallel Aware": true, "Async Capable": false, "Startup Cost": 214463.05, "Total Cost": 214463.05, "Plan Rows": 1, "Plan Width": 72, "Actual Rows": 29, "Actual Loops": 4, "Hash Buckets": 1024, "Original Hash Buckets": 1024, "Hash Batches": 1, "Original Hash Batches": 1, "Peak Memory Usage": 136, "Workers": [], "Plans": [{"Node Type": "Nested Loop", "Parent Relationship": "Outer", "Parallel Aware": false, "Async Capable": false, "Join Type": "Inner", "Startup Cost": 206159.59, "Total Cost": 214463.05, "Plan Rows": 1, "Plan Width": 72, "Actual Rows": 29, "Actual Loops": 4, "Inner Unique": true, "Workers": [], "Plans": [{"Node Type": "Hash Join", "Parent Relationship": "Outer", "Parallel Aware": true, "Async Capable": false, "Join Type": "Inner", "Startup Cost": 206159.16, "Total Cost": 214462.1, "Plan Rows": 1, "Plan Width": 51, "Actual Rows": 29, "Actual Loops": 4, "Inner Unique": false, "Hash Cond": "(at.movie_id = mi.movie_id)", "Workers": [], "Plans": [{"Node Type": "Seq Scan", "Parent Relationship": "Outer", "Parallel Aware": true, "Async Capable": false, "Relation Name": "aka_title", "Alias": "at", "Startup Cost": 0.0, "Total Cost": 7738.13, "Plan Rows": 150613, "Plan Width": 4, "Actual Rows": 90368, "Actual Loops": 4, "Workers": []}, {"Node Type": "Hash", "Parent Relationship": "Inner", "Parallel Aware": true, "Async Capable": false, "Startup Cost": 206159.15, "Total Cost": 206159.15, "Plan Rows": 1, "Plan Width": 47, "Actual Rows": 443, "Actual Loops": 4, "Hash Buckets": 1024, "Original Hash Buckets": 1024, "Hash Batches": 1, "Original Hash Batches": 1, "Peak Memory Usage": 136, "Workers": [], "Plans": [{"Node Type": "Hash Join", "Parent Relationship": "Outer", "Parallel Aware": false, "Async Capable": false, "Join Type": "Inner", "Startup Cost": 2.43, "Total Cost": 206159.15, "Plan Rows": 1, "Plan Width": 47, "Actual Rows": 443, "Actual Loops": 4, "Inner Unique": true, "Hash Cond": "(mi.info_type_id = it1.id)", "Workers": [], "Plans": [{"Node Type": "Seq Scan", "Parent Relationship": "Outer", "Parallel Aware": true, "Async Capable": false, "Relation Name": "movie_info", "Alias": "mi", "Startup Cost": 0.0, "Total Cost": 206156.59, "Plan Rows": 50, "Plan Width": 51, "Actual Rows": 443, "Actual Loops": 4, "Filter": "(((note)::text ~~ '%internet%'::text) AND ((info)::text ~~ 'USA:% 200%'::text))", "Rows Removed by Filter": 3708487, "Workers": []}, {"Node Type": "Hash", "Parent Relationship": "Inner", "Parallel Aware": false, "Async Capable": false, "Startup Cost": 2.41, "Total Cost": 2.41, "Plan Rows": 1, "Plan Width": 4, "Actual Rows": 1, "Actual Loops": 4, "Hash Buckets": 1024, "Original Hash Buckets": 1024, "Hash Batches": 1, "Original Hash Batches": 1, "Peak Memory Usage": 9, "Workers": [], "Plans": [{"Node Type": "Seq Scan", "Parent Relationship": "Outer", "Parallel Aware": false, "Async Capable": false, "Relation Name": "info_type", "Alias": "it1", "Startup Cost": 0.0, "Total Cost": 2.41, "Plan Rows": 1, "Plan Width": 4, "Actual Rows": 1, "Actual Loops": 4, "Filter": "((info)::text = 'release dates'::text)", "Rows Removed by Filter": 112, "Workers": []}]}]}]}]}, {"Node Type": "Index Scan", "Parent Relationship": "Inner", "Parallel Aware": false, "Async Capable": false, "Scan Direction": "Forward", "Index Name": "title_pkey", "Relation Name": "title", "Alias": "t", "Startup Cost": 0.43, "Total Cost": 0.95, "Plan Rows": 1, "Plan Width": 21, "Actual Rows": 1, "Actual Loops": 116, "Index Cond": "(id = at.movie_id)", "Rows Removed by Index Recheck": 0, "Filter": "(production_year >= 1986)", "Rows Removed by Filter": 0, "Workers": []}]}]}]}, {"Node Type": "Memoize", "Parent Relationship": "Inner", "Parallel Aware": false, "Async Capable": false, "Startup Cost": 0.43, "Total Cost": 0.46, "Plan Rows": 1, "Plan Width": 4, "Actual Rows": 0, "Actual Loops": 390, "Cache Key": "mc.company_id", "Cache Mode": "logical", "Cache Hits": 98, "Cache Misses": 65, "Cache Evictions": 0, "Cache Overflows": 0, "Peak Memory Usage": 5, "Workers": [{"Worker Number": 0, "Cache Hits": 34, "Cache Misses": 37, "Cache Evictions": 0, "Cache Overflows": 0, "Peak Memory Usage": 3}, {"Worker Number": 1, "Cache Hits": 16, "Cache Misses": 28, "Cache Evictions": 0, "Cache Overflows": 0, "Peak Memory Usage": 2}, {"Worker Number": 2, "Cache Hits": 44, "Cache Misses": 68, "Cache Evictions": 0, "Cache Overflows": 0, "Peak Memory Usage": 5}], "Plans": [{"Node Type": "Index Scan", "Parent Relationship": "Outer", "Parallel Aware": false, "Async Capable": false, "Scan Direction": "Forward", "Index Name": "company_name_pkey", "Relation Name": "company_name", "Alias": "cn", "Startup Cost": 0.42, "Total Cost": 0.45, "Plan Rows": 1, "Plan Width": 4, "Actual Rows": 0, "Actual Loops": 198, "Index Cond": "(id = mc.company_id)", "Rows Removed by Index Recheck": 0, "Filter": "(((country_code)::text = '[us]'::text) AND ((name)::text = 'YouTube'::text))", "Rows Removed by Filter": 1, "Workers": []}]}]}, {"Node Type": "Index Only Scan", "Parent Relationship": "Inner", "Parallel Aware": false, "Async Capable": false, "Scan Direction": "Forward", "Index Name": "company_type_pkey", "Relation Name": "company_type", "Alias": "ct", "Startup Cost": 0.13, "Total Cost": 0.15, "Plan Rows": 1, "Plan Width": 4, "Actual Rows": 1, "Actual Loops": 6, "Index Cond": "(id = mc.company_type_id)", "Rows Removed by Index Recheck": 0, "Heap Fetches": 6, "Workers": []}]}]}]}, {"Node Type": "Index Only Scan", "Parent Relationship": "Inner", "Parallel Aware": false, "Async Capable": false, "Scan Direction": "Forward", "Index Name": "keyword_pkey", "Relation Name": "keyword", "Alias": "k", "Startup Cost": 0.42, "Total Cost": 0.44, "Plan Rows": 1, "Plan Width": 4, "Actual Rows": 1, "Actual Loops": 71, "Index Cond": "(id = mk.keyword_id)", "Rows Removed by Index Recheck": 0, "Heap Fetches": 0, "Workers": []}]}]}]}]}, "Planning Time": 14.47, "Triggers": [], "Execution Time": 884.999}, {"Plan": {"Node Type": "Aggregate", "Strategy": "Plain", "Partial Mode": "Finalize", "Parallel Aware": false, "Async Capable": false, "Startup Cost": 294607.83, "Total Cost": 294607.84, "Plan Rows": 1, "Plan Width": 64, "Actual Rows": 1, "Actual Loops": 1, "Plans": [{"Node Type": "Gather", "Parent Relationship": "Outer", "Parallel Aware": false, "Async Capable": false, "Startup Cost": 294607.51, "Total Cost": 294607.82, "Plan Rows": 3, "Plan Width": 64, "Actual Rows": 4, "Actual Loops": 1, "Workers Planned": 3, "Workers Launched": 3, "Single Copy": false, "Plans": [{"Node Type": "Aggregate", "Strategy": "Plain", "Partial Mode": "Partial", "Parent Relationship": "Outer", "Parallel Aware": false, "Async Capable": false, "Startup Cost": 293607.51, "Total Cost": 293607.52, "Plan Rows": 1, "Plan Width": 64, "Actual Rows": 1, "Actual Loops": 4, "Workers": [], "Plans": [{"Node Type": "Hash Join", "Parent Relationship": "Outer", "Parallel Aware": true, "Async Capable": false, "Join Type": "Inner", "Startup Cost": 249034.86, "Total Cost": 293607.48, "Plan Rows": 6, "Plan Width": 60, "Actual Rows": 18, "Actual Loops": 4, "Inner Unique": false, "Hash Cond": "(at.movie_id = t.id)", "Workers": [], "Plans": [{"Node Type": "Nested Loop", "Parent Relationship": "Outer", "Parallel Aware": false, "Async Capable": false, "Join Type": "Inner", "Startup Cost": 42867.3, "Total Cost": 87439.67, "Plan Rows": 61, "Plan Width": 12, "Actual Rows": 170, "Actual Loops": 4, "Inner Unique": true, "Workers": [], "Plans": [{"Node Type": "Hash Join", "Parent Relationship": "Outer", "Parallel Aware": true, "Async Capable": false, "Join Type": "Inner", "Startup Cost": 42866.88, "Total Cost": 87412.95, "Plan Rows": 61, "Plan Width": 16, "Actual Rows": 170, "Actual Loops": 4, "Inner Unique": false, "Hash Cond": "(mk.movie_id = at.movie_id)", "Workers": [], "Plans": [{"Node Type": "Seq Scan", "Parent Relationship": "Outer", "Parallel Aware": true, "Async Capable": false, "Relation Name": "movie_keyword", "Alias": "mk", "Startup Cost": 0.0, "Total Cost": 39073.32, "Plan Rows": 1459332, "Plan Width": 8, "Actual Rows": 1130982, "Actual Loops": 4, "Workers": []}, {"Node Type": "Hash", "Parent Relationship": "Inner", "Parallel Aware": true, "Async Capable": false, "Startup Cost": 42866.84, "Total Cost": 42866.84, "Plan Rows": 3, "Plan Width": 8, "Actual Rows": 17, "Actual Loops": 4, "Hash Buckets": 1024, "Original Hash Buckets": 1024, "Hash Batches": 1, "Original Hash Batches": 1, "Peak Memory Usage": 136, "Workers": [], "Plans": [{"Node Type": "Nested Loop", "Parent Relationship": "Outer", "Parallel Aware": false, "Async Capable": false, "Join Type": "Inner", "Startup Cost": 34563.64, "Total Cost": 42866.84, "Plan Rows": 3, "Plan Width": 8, "Actual Rows": 17, "Actual Loops": 4, "Inner Unique": true, "Workers": [], "Plans": [{"Node Type": "Hash Join", "Parent Relationship": "Outer", "Parallel Aware": true, "Async Capable": false, "Join Type": "Inner", "Startup Cost": 34563.5, "Total Cost": 42866.44, "Plan Rows": 3, "Plan Width": 12, "Actual Rows": 17, "Actual Loops": 4, "Inner Unique": false, "Hash Cond": "(at.movie_id = mc.movie_id)", "Workers": [], "Plans": [{"Node Type": "Seq Scan", "Parent Relationship": "Outer", "Parallel Aware": true, "Async Capable": false, "Relation Name": "aka_title", "Alias": "at", "Startup Cost": 0.0, "Total Cost": 7738.13, "Plan Rows": 150613, "Plan Width": 4, "Actual Rows": 90368, "Actual Loops": 4, "Workers": []}, {"Node Type": "Hash", "Parent Relationship": "Inner", "Parallel Aware": true, "Async Capable": false, "Startup Cost": 34563.45, "Total Cost": 34563.45, "Plan Rows": 4, "Plan Width": 8, "Actual Rows": 364, "Actual Loops": 4, "Hash Buckets": 1024, "Original Hash Buckets": 1024, "Hash Batches": 1, "Original Hash Batches": 1, "Peak Memory Usage": 136, "Workers": [], "Plans": [{"Node Type": "Hash Join", "Parent Relationship": "Outer", "Parallel Aware": true, "Async Capable": false, "Join Type": "Inner", "Startup Cost": 5113.52, "Total Cost": 34563.45, "Plan Rows": 4, "Plan Width": 8, "Actual Rows": 364, "Actual Loops": 4, "Inner Unique": true, "Hash Cond": "(mc.company_id = cn.id)", "Workers": [], "Plans": [{"Node Type": "Seq Scan", "Parent Relationship": "Outer", "Parallel Aware": true, "Async Capable": false, "Relation Name": "movie_companies", "Alias": "mc", "Startup Cost": 0.0, "Total Cost": 27240.55, "Plan Rows": 841655, "Plan Width": 12, "Actual Rows": 652282, "Actual Loops": 4, "Workers": []}, {"Node Type": "Hash", "Parent Relationship": "Inner", "Parallel Aware": true, "Async Capable": false, "Startup Cost": 5113.5, "Total Cost": 5113.5, "Plan Rows": 1, "Plan Width": 4, "Actual Rows": 0, "Actual Loops": 4, "Hash Buckets": 1024, "Original Hash Buckets": 1024, "Hash Batches": 1, "Original Hash Batches": 1, "Peak Memory Usage": 40, "Workers": [], "Plans": [{"Node Type": "Seq Scan", "Parent Relationship": "Outer", "Parallel Aware": true, "Async Capable": false, "Relation Name": "company_name", "Alias": "cn", "Startup Cost": 0.0, "Total Cost": 5113.5, "Plan Rows": 1, "Plan Width": 4, "Actual Rows": 0, "Actual Loops": 4, "Filter": "(((country_code)::text = '[us]'::text) AND ((name)::text = 'YouTube'::text))", "Rows Removed by Filter": 58749, "Workers": []}]}]}]}]}, {"Node Type": "Memoize", "Parent Relationship": "Inner", "Parallel Aware": false, "Async Capable": false, "Startup Cost": 0.14, "Total Cost": 0.16, "Plan Rows": 1, "Plan Width": 4, "Actual Rows": 1, "Actual Loops": 67, "Cache Key": "mc.company_type_id", "Cache Mode": "logical", "Cache Hits": 18, "Cache Misses": 2, "Cache Evictions": 0, "Cache Overflows": 0, "Peak Memory Usage": 1, "Workers": [{"Worker Number": 0, "Cache Hits": 15, "Cache Misses": 1, "Cache Evictions": 0, "Cache Overflows": 0, "Peak Memory Usage": 1}, {"Worker Number": 1, "Cache Hits": 11, "Cache Misses": 1, "Cache Evictions": 0, "Cache Overflows": 0, "Peak Memory Usage": 1}, {"Worker Number": 2, "Cache Hits": 17, "Cache Misses": 2, "Cache Evictions": 0, "Cache Overflows": 0, "Peak Memory Usage": 1}], "Plans": [{"Node Type": "Index Only Scan", "Parent Relationship": "Outer", "Parallel Aware": false, "Async Capable": false, "Scan Direction": "Forward", "Index Name": "company_type_pkey", "Relation Name": "company_type", "Alias": "ct", "Startup Cost": 0.13, "Total Cost": 0.15, "Plan Rows": 1, "Plan Width": 4, "Actual Rows": 1, "Actual Loops": 6, "Index Cond": "(id = mc.company_type_id)", "Rows Removed by Index Recheck": 0, "Heap Fetches": 6, "Workers": []}]}]}]}]}, {"Node Type": "Index Only Scan", "Parent Relationship": "Inner", "Parallel Aware": false, "Async Capable": false, "Scan Direction": "Forward", "Index Name": "keyword_pkey", "Relation Name": "keyword", "Alias": "k", "Startup Cost": 0.42, "Total Cost": 0.44, "Plan Rows": 1, "Plan Width": 4, "Actual Rows": 1, "Actual Loops": 678, "Index Cond": "(id = mk.keyword_id)", "Rows Removed by Index Recheck": 0, "Heap Fetches": 0, "Workers": []}]}, {"Node Type": "Hash", "Parent Relationship": "Inner", "Parallel Aware": true, "Async Capable": false, "Startup Cost": 206167.55, "Total Cost": 206167.55, "Plan Rows": 1, "Plan Width": 68, "Actual Rows": 442, "Actual Loops": 4, "Hash Buckets": 2048, "Original Hash Buckets": 1024, "Hash Batches": 1, "Original Hash Batches": 1, "Peak Memory Usage": 280, "Workers": [], "Plans": [{"Node Type": "Nested Loop", "Parent Relationship": "Outer", "Parallel Aware": false, "Async Capable": false, "Join Type": "Inner", "Startup Cost": 2.86, "Total Cost": 206167.55, "Plan Rows": 1, "Plan Width": 68, "Actual Rows": 442, "Actual Loops": 4, "Inner Unique": true, "Workers": [], "Plans": [{"Node Type": "Hash Join", "Parent Relationship": "Outer", "Parallel Aware": false, "Async Capable": false, "Join Type": "Inner", "Startup Cost": 2.43, "Total Cost": 206159.15, "Plan Rows": 1, "Plan Width": 47, "Actual Rows": 443, "Actual Loops": 4, "Inner Unique": true, "Hash Cond": "(mi.info_type_id = it1.id)", "Workers": [], "Plans": [{"Node Type": "Seq Scan", "Parent Relationship": "Outer", "Parallel Aware": true, "Async Capable": false, "Relation Name": "movie_info", "Alias": "mi", "Startup Cost": 0.0, "Total Cost": 206156.59, "Plan Rows": 50, "Plan Width": 51, "Actual Rows": 443, "Actual Loops": 4, "Filter": "(((note)::text ~~ '%internet%'::text) AND ((info)::text ~~ 'USA:% 200%'::text))", "Rows Removed by Filter": 3708487, "Workers": []}, {"Node Type": "Hash", "Parent Relationship": "Inner", "Parallel Aware": false, "Async Capable": false, "Startup Cost": 2.41, "Total Cost": 2.41, "Plan Rows": 1, "Plan Width": 4, "Actual Rows": 1, "Actual Loops": 4, "Hash Buckets": 1024, "Original Hash Buckets": 1024, "Hash Batches": 1, "Original Hash Batches": 1, "Peak Memory Usage": 9, "Workers": [], "Plans": [{"Node Type": "Seq Scan", "Parent Relationship": "Outer", "Parallel Aware": false, "Async Capable": false, "Relation Name": "info_type", "Alias": "it1", "Startup Cost": 0.0, "Total Cost": 2.41, "Plan Rows": 1, "Plan Width": 4, "Actual Rows": 1, "Actual Loops": 4, "Filter": "((info)::text = 'release dates'::text)", "Rows Removed by Filter": 112, "Workers": []}]}]}, {"Node Type": "Index Scan", "Parent Relationship": "Inner", "Parallel Aware": false, "Async Capable": false, "Scan Direction": "Forward", "Index Name": "title_pkey", "Relation Name": "title", "Alias": "t", "Startup Cost": 0.43, "Total Cost": 8.4, "Plan Rows": 1, "Plan Width": 21, "Actual Rows": 1, "Actual Loops": 1771, "Index Cond": "(id = mi.movie_id)", "Rows Removed by Index Recheck": 0, "Filter": "(production_year >= 1986)", "Rows Removed by Filter": 0, "Workers": []}]}]}]}]}]}]}, "Planning Time": 15.171, "Triggers": [], "Execution Time": 1513.539}]