[{"Plan": {"Node Type": "Aggregate", "Strategy": "Plain", "Partial Mode": "Finalize", "Parallel Aware": false, "Async Capable": false, "Startup Cost": 246512.03, "Total Cost": 246512.04, "Plan Rows": 1, "Plan Width": 96, "Actual Rows": 1, "Actual Loops": 1, "Plans": [{"Node Type": "Gather", "Parent Relationship": "Outer", "Parallel Aware": false, "Async Capable": false, "Startup Cost": 246511.7, "Total Cost": 246512.01, "Plan Rows": 3, "Plan Width": 96, "Actual Rows": 4, "Actual Loops": 1, "Workers Planned": 3, "Workers Launched": 3, "Single Copy": false, "Plans": [{"Node Type": "Aggregate", "Strategy": "Plain", "Partial Mode": "Partial", "Parent Relationship": "Outer", "Parallel Aware": false, "Async Capable": false, "Startup Cost": 245511.7, "Total Cost": 245511.71, "Plan Rows": 1, "Plan Width": 96, "Actual Rows": 1, "Actual Loops": 4, "Workers": [], "Plans": [{"Node Type": "Nested Loop", "Parent Relationship": "Outer", "Parallel Aware": false, "Async Capable": false, "Join Type": "Inner", "Startup Cost": 215068.52, "Total Cost": 245511.44, "Plan Rows": 35, "Plan Width": 41, "Actual Rows": 1479, "Actual Loops": 4, "Inner Unique": true, "Workers": [], "Plans": [{"Node Type": "Hash Join", "Parent Relationship": "Outer", "Parallel Aware": false, "Async Capable": false, "Join Type": "Inner", "Startup Cost": 215068.1, "Total Cost": 245468.17, "Plan Rows": 97, "Plan Width": 26, "Actual Rows": 2636, "Actual Loops": 4, "Inner Unique": true, "Hash Cond": "(mc.company_type_id = ct.id)", "Workers": [], "Plans": [{"Node Type": "Hash Join", "Parent Relationship": "Outer", "Parallel Aware": true, "Async Capable": false, "Join Type": "Inner", "Startup Cost": 215067.03, "Total Cost": 245464.56, "Plan Rows": 470, "Plan Width": 30, "Actual Rows": 5684, "Actual Loops": 4, "Inner Unique": false, "Hash Cond": "(mc.movie_id = mi.movie_id)", "Workers": [], "Plans": [{"Node Type": "Seq Scan", "Parent Relationship": "Outer", "Parallel Aware": true, "Async Capable": false, "Relation Name": "movie_companies", "Alias": "mc", "Startup Cost": 0.0, "Total Cost": 27240.55, "Plan Rows": 841655, "Plan Width": 12, "Actual Rows": 652282, "Actual Loops": 4, "Workers": []}, {"Node Type": "Hash", "Parent Relationship": "Inner", "Parallel Aware": true, "Async Capable": false, "Startup Cost": 215066.22, "Total Cost": 215066.22, "Plan Rows": 65, "Plan Width": 34, "Actual Rows": 2074, "Actual Loops": 4, "Hash Buckets": 8192, "Original Hash Buckets": 1024, "Hash Batches": 1, "Original Hash Batches": 1, "Peak Memory Usage": 760, "Workers": [], "Plans": [{"Node Type": "Hash Join", "Parent Relationship": "Outer", "Parallel Aware": false, "Async Capable": false, "Join Type": "Inner", "Startup Cost": 15354.17, "Total Cost": 215066.22, "Plan Rows": 65, "Plan Width": 34, "Actual Rows": 2074, "Actual Loops": 4, "Inner Unique": true, "Hash Cond": "(t.kind_id = kt.id)", "Workers": [], "Plans": [{"Node Type": "Nested Loop", "Parent Relationship": "Outer", "Parallel Aware": false, "Async Capable": false, "Join Type": "Inner", "Startup Cost": 15353.07, "Total Cost": 215063.21, "Plan Rows": 454, "Plan Width": 38, "Actual Rows": 136551, "Actual Loops": 4, "Inner Unique": true, "Workers": [], "Plans": [{"Node Type": "Hash Join", "Parent Relationship": "Outer", "Parallel Aware": true, "Async Capable": false, "Join Type": "Inner", "Startup Cost": 15352.64, "Total Cost": 214854.53, "Plan Rows": 454, "Plan Width": 13, "Actual Rows": 136551, "Actual Loops": 4, "Inner Unique": false, "Hash Cond": "(mi.movie_id = miidx.movie_id)", "Workers": [], "Plans": [{"Node Type": "Hash Join", "Parent Relationship": "Outer", "Parallel Aware": false, "Async Capable": false, "Join Type": "Inner", "Startup Cost": 2.43, "Total Cost": 199403.96, "Plan Rows": 26259, "Plan Width": 4, "Actual Rows": 383477, "Actual Loops": 4, "Inner Unique": true, "Hash Cond": "(mi.info_type_id = it2.id)", "Workers": [], "Plans": [{"Node Type": "Seq Scan", "Parent Relationship": "Outer", "Parallel Aware": true, "Async Capable": false, "Relation Name": "movie_info", "Alias": "mi", "Startup Cost": 0.0, "Total Cost": 191320.4, "Plan Rows": 2967240, "Plan Width": 8, "Actual Rows": 3708930, "Actual Loops": 4, "Workers": []}, {"Node Type": "Hash", "Parent Relationship": "Inner", "Parallel Aware": false, "Async Capable": false, "Startup Cost": 2.41, "Total Cost": 2.41, "Plan Rows": 1, "Plan Width": 4, "Actual Rows": 1, "Actual Loops": 4, "Hash Buckets": 1024, "Original Hash Buckets": 1024, "Hash Batches": 1, "Original Hash Batches": 1, "Peak Memory Usage": 9, "Workers": [], "Plans": [{"Node Type": "Seq Scan", "Parent Relationship": "Outer", "Parallel Aware": false, "Async Capable": false, "Relation Name": "info_type", "Alias": "it2", "Startup Cost": 0.0, "Total Cost": 2.41, "Plan Rows": 1, "Plan Width": 4, "Actual Rows": 1, "Actual Loops": 4, "Filter": "((info)::text = 'genres'::text)", "Rows Removed by Filter": 112, "Workers": []}]}]}, {"Node Type": "Hash", "Parent Relationship": "Inner", "Parallel Aware": true, "Async Capable": false, "Startup Cost": 15286.6, "Total Cost": 15286.6, "Plan Rows": 5089, "Plan Width": 9, "Actual Rows": 114981, "Actual Loops": 4, "Hash Buckets": 524288, "Original Hash Buckets": 16384, "Hash Batches": 1, "Original Hash Batches": 1, "Peak Memory Usage": 26304, "Workers": [], "Plans": [{"Node Type": "Hash Join", "Parent Relationship": "Outer", "Parallel Aware": false, "Async Capable": false, "Join Type": "Inner", "Startup Cost": 2.43, "Total Cost": 15286.6, "Plan Rows": 5089, "Plan Width": 9, "Actual Rows": 114981, "Actual Loops": 4, "Inner Unique": true, "Hash Cond": "(miidx.info_type_id = it.id)", "Workers": [], "Plans": [{"Node Type": "Seq Scan", "Parent Relationship": "Outer", "Parallel Aware": true, "Async Capable": false, "Relation Name": "movie_info_idx", "Alias": "miidx", "Startup Cost": 0.0, "Total Cost": 13718.15, "Plan Rows": 575015, "Plan Width": 13, "Actual Rows": 345009, "Actual Loops": 4, "Workers": []}, {"Node Type": "Hash", "Parent Relationship": "Inner", "Parallel Aware": false, "Async Capable": false, "Startup Cost": 2.41, "Total Cost": 2.41, "Plan Rows": 1, "Plan Width": 4, "Actual Rows": 1, "Actual Loops": 4, "Hash Buckets": 1024, "Original Hash Buckets": 1024, "Hash Batches": 1, "Original Hash Batches": 1, "Peak Memory Usage": 9, "Workers": [], "Plans": [{"Node Type": "Seq Scan", "Parent Relationship": "Outer", "Parallel Aware": false, "Async Capable": false, "Relation Name": "info_type", "Alias": "it", "Startup Cost": 0.0, "Total Cost": 2.41, "Plan Rows": 1, "Plan Width": 4, "Actual Rows": 1, "Actual Loops": 4, "Filter": "((info)::text = 'votes'::text)", "Rows Removed by Filter": 112, "Workers": []}]}]}]}]}, {"Node Type": "Index Scan", "Parent Relationship": "Inner", "Parallel Aware": false, "Async Capable": false, "Scan Direction": "Forward", "Index Name": "title_pkey", "Relation Name": "title", "Alias": "t", "Startup Cost": 0.43, "Total Cost": 0.46, "Plan Rows": 1, "Plan Width": 25, "Actual Rows": 1, "Actual Loops": 546205, "Index Cond": "(id = mi.movie_id)", "Rows Removed by Index Recheck": 0, "Workers": []}]}, {"Node Type": "Hash", "Parent Relationship": "Inner", "Parallel Aware": false, "Async Capable": false, "Startup Cost": 1.09, "Total Cost": 1.09, "Plan Rows": 1, "Plan Width": 4, "Actual Rows": 1, "Actual Loops": 4, "Hash Buckets": 1024, "Original Hash Buckets": 1024, "Hash Batches": 1, "Original Hash Batches": 1, "Peak Memory Usage": 9, "Workers": [], "Plans": [{"Node Type": "Seq Scan", "Parent Relationship": "Outer", "Parallel Aware": false, "Async Capable": false, "Relation Name": "kind_type", "Alias": "kt", "Startup Cost": 0.0, "Total Cost": 1.09, "Plan Rows": 1, "Plan Width": 4, "Actual Rows": 1, "Actual Loops": 4, "Filter": "((kind)::text = 'episode'::text)", "Rows Removed by Filter": 6, "Workers": []}]}]}]}]}, {"Node Type": "Hash", "Parent Relationship": "Inner", "Parallel Aware": false, "Async Capable": false, "Startup Cost": 1.05, "Total Cost": 1.05, "Plan Rows": 1, "Plan Width": 4, "Actual Rows": 1, "Actual Loops": 4, "Hash Buckets": 1024, "Original Hash Buckets": 1024, "Hash Batches": 1, "Original Hash Batches": 1, "Peak Memory Usage": 9, "Workers": [], "Plans": [{"Node Type": "Seq Scan", "Parent Relationship": "Outer", "Parallel Aware": false, "Async Capable": false, "Relation Name": "company_type", "Alias": "ct", "Startup Cost": 0.0, "Total Cost": 1.05, "Plan Rows": 1, "Plan Width": 4, "Actual Rows": 1, "Actual Loops": 4, "Filter": "((kind)::text = 'distributors'::text)", "Rows Removed by Filter": 3, "Workers": []}]}]}, {"Node Type": "Index Scan", "Parent Relationship": "Inner", "Parallel Aware": false, "Async Capable": false, "Scan Direction": "Forward", "Index Name": "company_name_pkey", "Relation Name": "company_name", "Alias": "cn", "Startup Cost": 0.42, "Total Cost": 0.45, "Plan Rows": 1, "Plan Width": 23, "Actual Rows": 1, "Actual Loops": 10544, "Index Cond": "(id = mc.company_id)", "Rows Removed by Index Recheck": 0, "Filter": "((country_code)::text = '[us]'::text)", "Rows Removed by Filter": 0, "Workers": []}]}]}]}]}, "Planning Time": 12.989, "Triggers": [], "Execution Time": 2750.163}, {"Plan": {"Node Type": "Aggregate", "Strategy": "Plain", "Partial Mode": "Finalize", "Parallel Aware": false, "Async Capable": false, "Startup Cost": 253885.36, "Total Cost": 253885.37, "Plan Rows": 1, "Plan Width": 96, "Actual Rows": 1, "Actual Loops": 1, "Plans": [{"Node Type": "Gather", "Parent Relationship": "Outer", "Parallel Aware": false, "Async Capable": false, "Startup Cost": 253885.03, "Total Cost": 253885.34, "Plan Rows": 3, "Plan Width": 96, "Actual Rows": 4, "Actual Loops": 1, "Workers Planned": 3, "Workers Launched": 3, "Single Copy": false, "Plans": [{"Node Type": "Aggregate", "Strategy": "Plain", "Partial Mode": "Partial", "Parent Relationship": "Outer", "Parallel Aware": false, "Async Capable": false, "Startup Cost": 252885.03, "Total Cost": 252885.04, "Plan Rows": 1, "Plan Width": 96, "Actual Rows": 1, "Actual Loops": 4, "Workers": [], "Plans": [{"Node Type": "Hash Join", "Parent Relationship": "Outer", "Parallel Aware": true, "Async Capable": false, "Join Type": "Inner", "Startup Cost": 220460.33, "Total Cost": 252884.77, "Plan Rows": 35, "Plan Width": 41, "Actual Rows": 1479, "Actual Loops": 4, "Inner Unique": false, "Hash Cond": "(mc.movie_id = mi.movie_id)", "Workers": [], "Plans": [{"Node Type": "Hash Join", "Parent Relationship": "Outer", "Parallel Aware": false, "Async Capable": false, "Join Type": "Inner", "Startup Cost": 5393.29, "Total Cost": 36487.24, "Plan Rows": 76024, "Plan Width": 23, "Actual Rows": 150368, "Actual Loops": 4, "Inner Unique": true, "Hash Cond": "(mc.company_type_id = ct.id)", "Workers": [], "Plans": [{"Node Type": "Hash Join", "Parent Relationship": "Outer", "Parallel Aware": true, "Async Capable": false, "Join Type": "Inner", "Startup Cost": 5392.23, "Total Cost": 34842.17, "Plan Rows": 304095, "Plan Width": 27, "Actual Rows": 288450, "Actual Loops": 4, "Inner Unique": true, "Hash Cond": "(mc.company_id = cn.id)", "Workers": [], "Plans": [{"Node Type": "Seq Scan", "Parent Relationship": "Outer", "Parallel Aware": true, "Async Capable": false, "Relation Name": "movie_companies", "Alias": "mc", "Startup Cost": 0.0, "Total Cost": 27240.55, "Plan Rows": 841655, "Plan Width": 12, "Actual Rows": 652282, "Actual Loops": 4, "Workers": []}, {"Node Type": "Hash", "Parent Relationship": "Inner", "Parallel Aware": true, "Async Capable": false, "Startup Cost": 4767.92, "Total Cost": 4767.92, "Plan Rows": 49945, "Plan Width": 23, "Actual Rows": 21211, "Actual Loops": 4, "Hash Buckets": 131072, "Original Hash Buckets": 131072, "Hash Batches": 1, "Original Hash Batches": 1, "Peak Memory Usage": 6048, "Workers": [], "Plans": [{"Node Type": "Seq Scan", "Parent Relationship": "Outer", "Parallel Aware": true, "Async Capable": false, "Relation Name": "company_name", "Alias": "cn", "Startup Cost": 0.0, "Total Cost": 4767.92, "Plan Rows": 49945, "Plan Width": 23, "Actual Rows": 21211, "Actual Loops": 4, "Filter": "((country_code)::text = '[us]'::text)", "Rows Removed by Filter": 37538, "Workers": []}]}]}, {"Node Type": "Hash", "Parent Relationship": "Inner", "Parallel Aware": false, "Async Capable": false, "Startup Cost": 1.05, "Total Cost": 1.05, "Plan Rows": 1, "Plan Width": 4, "Actual Rows": 1, "Actual Loops": 4, "Hash Buckets": 1024, "Original Hash Buckets": 1024, "Hash Batches": 1, "Original Hash Batches": 1, "Peak Memory Usage": 9, "Workers": [], "Plans": [{"Node Type": "Seq Scan", "Parent Relationship": "Outer", "Parallel Aware": false, "Async Capable": false, "Relation Name": "company_type", "Alias": "ct", "Startup Cost": 0.0, "Total Cost": 1.05, "Plan Rows": 1, "Plan Width": 4, "Actual Rows": 1, "Actual Loops": 4, "Filter": "((kind)::text = 'distributors'::text)", "Rows Removed by Filter": 3, "Workers": []}]}]}, {"Node Type": "Hash", "Parent Relationship": "Inner", "Parallel Aware": true, "Async Capable": false, "Startup Cost": 215066.22, "Total Cost": 215066.22, "Plan Rows": 65, "Plan Width": 34, "Actual Rows": 2074, "Actual Loops": 4, "Hash Buckets": 8192, "Original Hash Buckets": 1024, "Hash Batches": 1, "Original Hash Batches": 1, "Peak Memory Usage": 792, "Workers": [], "Plans": [{"Node Type": "Hash Join", "Parent Relationship": "Outer", "Parallel Aware": false, "Async Capable": false, "Join Type": "Inner", "Startup Cost": 15354.17, "Total Cost": 215066.22, "Plan Rows": 65, "Plan Width": 34, "Actual Rows": 2074, "Actual Loops": 4, "Inner Unique": true, "Hash Cond": "(t.kind_id = kt.id)", "Workers": [], "Plans": [{"Node Type": "Nested Loop", "Parent Relationship": "Outer", "Parallel Aware": false, "Async Capable": false, "Join Type": "Inner", "Startup Cost": 15353.07, "Total Cost": 215063.21, "Plan Rows": 454, "Plan Width": 38, "Actual Rows": 136551, "Actual Loops": 4, "Inner Unique": true, "Workers": [], "Plans": [{"Node Type": "Hash Join", "Parent Relationship": "Outer", "Parallel Aware": true, "Async Capable": false, "Join Type": "Inner", "Startup Cost": 15352.64, "Total Cost": 214854.53, "Plan Rows": 454, "Plan Width": 13, "Actual Rows": 136551, "Actual Loops": 4, "Inner Unique": false, "Hash Cond": "(mi.movie_id = miidx.movie_id)", "Workers": [], "Plans": [{"Node Type": "Hash Join", "Parent Relationship": "Outer", "Parallel Aware": false, "Async Capable": false, "Join Type": "Inner", "Startup Cost": 2.43, "Total Cost": 199403.96, "Plan Rows": 26259, "Plan Width": 4, "Actual Rows": 383477, "Actual Loops": 4, "Inner Unique": true, "Hash Cond": "(mi.info_type_id = it2.id)", "Workers": [], "Plans": [{"Node Type": "Seq Scan", "Parent Relationship": "Outer", "Parallel Aware": true, "Async Capable": false, "Relation Name": "movie_info", "Alias": "mi", "Startup Cost": 0.0, "Total Cost": 191320.4, "Plan Rows": 2967240, "Plan Width": 8, "Actual Rows": 3708930, "Actual Loops": 4, "Workers": []}, {"Node Type": "Hash", "Parent Relationship": "Inner", "Parallel Aware": false, "Async Capable": false, "Startup Cost": 2.41, "Total Cost": 2.41, "Plan Rows": 1, "Plan Width": 4, "Actual Rows": 1, "Actual Loops": 4, "Hash Buckets": 1024, "Original Hash Buckets": 1024, "Hash Batches": 1, "Original Hash Batches": 1, "Peak Memory Usage": 9, "Workers": [], "Plans": [{"Node Type": "Seq Scan", "Parent Relationship": "Outer", "Parallel Aware": false, "Async Capable": false, "Relation Name": "info_type", "Alias": "it2", "Startup Cost": 0.0, "Total Cost": 2.41, "Plan Rows": 1, "Plan Width": 4, "Actual Rows": 1, "Actual Loops": 4, "Filter": "((info)::text = 'genres'::text)", "Rows Removed by Filter": 112, "Workers": []}]}]}, {"Node Type": "Hash", "Parent Relationship": "Inner", "Parallel Aware": true, "Async Capable": false, "Startup Cost": 15286.6, "Total Cost": 15286.6, "Plan Rows": 5089, "Plan Width": 9, "Actual Rows": 114981, "Actual Loops": 4, "Hash Buckets": 524288, "Original Hash Buckets": 16384, "Hash Batches": 1, "Original Hash Batches": 1, "Peak Memory Usage": 26272, "Workers": [], "Plans": [{"Node Type": "Hash Join", "Parent Relationship": "Outer", "Parallel Aware": false, "Async Capable": false, "Join Type": "Inner", "Startup Cost": 2.43, "Total Cost": 15286.6, "Plan Rows": 5089, "Plan Width": 9, "Actual Rows": 114981, "Actual Loops": 4, "Inner Unique": true, "Hash Cond": "(miidx.info_type_id = it.id)", "Workers": [], "Plans": [{"Node Type": "Seq Scan", "Parent Relationship": "Outer", "Parallel Aware": true, "Async Capable": false, "Relation Name": "movie_info_idx", "Alias": "miidx", "Startup Cost": 0.0, "Total Cost": 13718.15, "Plan Rows": 575015, "Plan Width": 13, "Actual Rows": 345009, "Actual Loops": 4, "Workers": []}, {"Node Type": "Hash", "Parent Relationship": "Inner", "Parallel Aware": false, "Async Capable": false, "Startup Cost": 2.41, "Total Cost": 2.41, "Plan Rows": 1, "Plan Width": 4, "Actual Rows": 1, "Actual Loops": 4, "Hash Buckets": 1024, "Original Hash Buckets": 1024, "Hash Batches": 1, "Original Hash Batches": 1, "Peak Memory Usage": 9, "Workers": [], "Plans": [{"Node Type": "Seq Scan", "Parent Relationship": "Outer", "Parallel Aware": false, "Async Capable": false, "Relation Name": "info_type", "Alias": "it", "Startup Cost": 0.0, "Total Cost": 2.41, "Plan Rows": 1, "Plan Width": 4, "Actual Rows": 1, "Actual Loops": 4, "Filter": "((info)::text = 'votes'::text)", "Rows Removed by Filter": 112, "Workers": []}]}]}]}]}, {"Node Type": "Index Scan", "Parent Relationship": "Inner", "Parallel Aware": false, "Async Capable": false, "Scan Direction": "Forward", "Index Name": "title_pkey", "Relation Name": "title", "Alias": "t", "Startup Cost": 0.43, "Total Cost": 0.46, "Plan Rows": 1, "Plan Width": 25, "Actual Rows": 1, "Actual Loops": 546205, "Index Cond": "(id = mi.movie_id)", "Rows Removed by Index Recheck": 0, "Workers": []}]}, {"Node Type": "Hash", "Parent Relationship": "Inner", "Parallel Aware": false, "Async Capable": false, "Startup Cost": 1.09, "Total Cost": 1.09, "Plan Rows": 1, "Plan Width": 4, "Actual Rows": 1, "Actual Loops": 4, "Hash Buckets": 1024, "Original Hash Buckets": 1024, "Hash Batches": 1, "Original Hash Batches": 1, "Peak Memory Usage": 9, "Workers": [], "Plans": [{"Node Type": "Seq Scan", "Parent Relationship": "Outer", "Parallel Aware": false, "Async Capable": false, "Relation Name": "kind_type", "Alias": "kt", "Startup Cost": 0.0, "Total Cost": 1.09, "Plan Rows": 1, "Plan Width": 4, "Actual Rows": 1, "Actual Loops": 4, "Filter": "((kind)::text = 'episode'::text)", "Rows Removed by Filter": 6, "Workers": []}]}]}]}]}]}]}]}, "Planning Time": 7.618, "Triggers": [], "Execution Time": 2073.119}, {"Plan": {"Node Type": "Aggregate", "Strategy": "Plain", "Partial Mode": "Simple", "Parallel Aware": false, "Async Capable": false, "Startup Cost": 258297.87, "Total Cost": 258297.88, "Plan Rows": 1, "Plan Width": 96, "Actual Rows": 1, "Actual Loops": 1, "Plans": [{"Node Type": "Nested Loop", "Parent Relationship": "Outer", "Parallel Aware": false, "Async Capable": false, "Join Type": "Inner", "Startup Cost": 216067.45, "Total Cost": 258297.05, "Plan Rows": 109, "Plan Width": 41, "Actual Rows": 5916, "Actual Loops": 1, "Inner Unique": false, "Join Filter": "(ct.id = mc.company_type_id)", "Rows Removed by Join Filter": 4739, "Plans": [{"Node Type": "Seq Scan", "Parent Relationship": "Outer", "Parallel Aware": false, "Async Capable": false, "Relation Name": "company_type", "Alias": "ct", "Startup Cost": 0.0, "Total Cost": 1.05, "Plan Rows": 1, "Plan Width": 4, "Actual Rows": 1, "Actual Loops": 1, "Filter": "((kind)::text = 'distributors'::text)", "Rows Removed by Filter": 3}, {"Node Type": "Gather", "Parent Relationship": "Inner", "Parallel Aware": false, "Async Capable": false, "Startup Cost": 216067.45, "Total Cost": 258290.55, "Plan Rows": 436, "Plan Width": 45, "Actual Rows": 10655, "Actual Loops": 1, "Workers Planned": 3, "Workers Launched": 3, "Single Copy": false, "Plans": [{"Node Type": "Nested Loop", "Parent Relationship": "Outer", "Parallel Aware": false, "Async Capable": false, "Join Type": "Inner", "Startup Cost": 215067.45, "Total Cost": 257246.95, "Plan Rows": 141, "Plan Width": 45, "Actual Rows": 2664, "Actual Loops": 4, "Inner Unique": true, "Workers": [], "Plans": [{"Node Type": "Hash Join", "Parent Relationship": "Outer", "Parallel Aware": true, "Async Capable": false, "Join Type": "Inner", "Startup Cost": 215067.03, "Total Cost": 257037.32, "Plan Rows": 470, "Plan Width": 30, "Actual Rows": 5684, "Actual Loops": 4, "Inner Unique": false, "Hash Cond": "(mc.movie_id = mi.movie_id)", "Workers": [], "Plans": [{"Node Type": "Seq Scan", "Parent Relationship": "Outer", "Parallel Aware": true, "Async Capable": false, "Relation Name": "movie_companies", "Alias": "mc", "Startup Cost": 0.0, "Total Cost": 27240.55, "Plan Rows": 841655, "Plan Width": 12, "Actual Rows": 652282, "Actual Loops": 4, "Workers": []}, {"Node Type": "Hash", "Parent Relationship": "Inner", "Parallel Aware": true, "Async Capable": false, "Startup Cost": 215066.22, "Total Cost": 215066.22, "Plan Rows": 65, "Plan Width": 34, "Actual Rows": 2074, "Actual Loops": 4, "Hash Buckets": 8192, "Original Hash Buckets": 1024, "Hash Batches": 1, "Original Hash Batches": 1, "Peak Memory Usage": 792, "Workers": [], "Plans": [{"Node Type": "Hash Join", "Parent Relationship": "Outer", "Parallel Aware": false, "Async Capable": false, "Join Type": "Inner", "Startup Cost": 15354.17, "Total Cost": 215066.22, "Plan Rows": 65, "Plan Width": 34, "Actual Rows": 2074, "Actual Loops": 4, "Inner Unique": true, "Hash Cond": "(t.kind_id = kt.id)", "Workers": [], "Plans": [{"Node Type": "Nested Loop", "Parent Relationship": "Outer", "Parallel Aware": false, "Async Capable": false, "Join Type": "Inner", "Startup Cost": 15353.07, "Total Cost": 215063.21, "Plan Rows": 454, "Plan Width": 38, "Actual Rows": 136551, "Actual Loops": 4, "Inner Unique": true, "Workers": [], "Plans": [{"Node Type": "Hash Join", "Parent Relationship": "Outer", "Parallel Aware": true, "Async Capable": false, "Join Type": "Inner", "Startup Cost": 15352.64, "Total Cost": 214854.53, "Plan Rows": 454, "Plan Width": 13, "Actual Rows": 136551, "Actual Loops": 4, "Inner Unique": false, "Hash Cond": "(mi.movie_id = miidx.movie_id)", "Workers": [], "Plans": [{"Node Type": "Hash Join", "Parent Relationship": "Outer", "Parallel Aware": false, "Async Capable": false, "Join Type": "Inner", "Startup Cost": 2.43, "Total Cost": 199403.96, "Plan Rows": 26259, "Plan Width": 4, "Actual Rows": 383477, "Actual Loops": 4, "Inner Unique": true, "Hash Cond": "(mi.info_type_id = it2.id)", "Workers": [], "Plans": [{"Node Type": "Seq Scan", "Parent Relationship": "Outer", "Parallel Aware": true, "Async Capable": false, "Relation Name": "movie_info", "Alias": "mi", "Startup Cost": 0.0, "Total Cost": 191320.4, "Plan Rows": 2967240, "Plan Width": 8, "Actual Rows": 3708930, "Actual Loops": 4, "Workers": []}, {"Node Type": "Hash", "Parent Relationship": "Inner", "Parallel Aware": false, "Async Capable": false, "Startup Cost": 2.41, "Total Cost": 2.41, "Plan Rows": 1, "Plan Width": 4, "Actual Rows": 1, "Actual Loops": 4, "Hash Buckets": 1024, "Original Hash Buckets": 1024, "Hash Batches": 1, "Original Hash Batches": 1, "Peak Memory Usage": 9, "Workers": [], "Plans": [{"Node Type": "Seq Scan", "Parent Relationship": "Outer", "Parallel Aware": false, "Async Capable": false, "Relation Name": "info_type", "Alias": "it2", "Startup Cost": 0.0, "Total Cost": 2.41, "Plan Rows": 1, "Plan Width": 4, "Actual Rows": 1, "Actual Loops": 4, "Filter": "((info)::text = 'genres'::text)", "Rows Removed by Filter": 112, "Workers": []}]}]}, {"Node Type": "Hash", "Parent Relationship": "Inner", "Parallel Aware": true, "Async Capable": false, "Startup Cost": 15286.6, "Total Cost": 15286.6, "Plan Rows": 5089, "Plan Width": 9, "Actual Rows": 114981, "Actual Loops": 4, "Hash Buckets": 524288, "Original Hash Buckets": 16384, "Hash Batches": 1, "Original Hash Batches": 1, "Peak Memory Usage": 26272, "Workers": [], "Plans": [{"Node Type": "Hash Join", "Parent Relationship": "Outer", "Parallel Aware": false, "Async Capable": false, "Join Type": "Inner", "Startup Cost": 2.43, "Total Cost": 15286.6, "Plan Rows": 5089, "Plan Width": 9, "Actual Rows": 114981, "Actual Loops": 4, "Inner Unique": true, "Hash Cond": "(miidx.info_type_id = it.id)", "Workers": [], "Plans": [{"Node Type": "Seq Scan", "Parent Relationship": "Outer", "Parallel Aware": true, "Async Capable": false, "Relation Name": "movie_info_idx", "Alias": "miidx", "Startup Cost": 0.0, "Total Cost": 13718.15, "Plan Rows": 575015, "Plan Width": 13, "Actual Rows": 345009, "Actual Loops": 4, "Workers": []}, {"Node Type": "Hash", "Parent Relationship": "Inner", "Parallel Aware": false, "Async Capable": false, "Startup Cost": 2.41, "Total Cost": 2.41, "Plan Rows": 1, "Plan Width": 4, "Actual Rows": 1, "Actual Loops": 4, "Hash Buckets": 1024, "Original Hash Buckets": 1024, "Hash Batches": 1, "Original Hash Batches": 1, "Peak Memory Usage": 9, "Workers": [], "Plans": [{"Node Type": "Seq Scan", "Parent Relationship": "Outer", "Parallel Aware": false, "Async Capable": false, "Relation Name": "info_type", "Alias": "it", "Startup Cost": 0.0, "Total Cost": 2.41, "Plan Rows": 1, "Plan Width": 4, "Actual Rows": 1, "Actual Loops": 4, "Filter": "((info)::text = 'votes'::text)", "Rows Removed by Filter": 112, "Workers": []}]}]}]}]}, {"Node Type": "Index Scan", "Parent Relationship": "Inner", "Parallel Aware": false, "Async Capable": false, "Scan Direction": "Forward", "Index Name": "title_pkey", "Relation Name": "title", "Alias": "t", "Startup Cost": 0.43, "Total Cost": 0.46, "Plan Rows": 1, "Plan Width": 25, "Actual Rows": 1, "Actual Loops": 546205, "Index Cond": "(id = mi.movie_id)", "Rows Removed by Index Recheck": 0, "Workers": []}]}, {"Node Type": "Hash", "Parent Relationship": "Inner", "Parallel Aware": false, "Async Capable": false, "Startup Cost": 1.09, "Total Cost": 1.09, "Plan Rows": 1, "Plan Width": 4, "Actual Rows": 1, "Actual Loops": 4, "Hash Buckets": 1024, "Original Hash Buckets": 1024, "Hash Batches": 1, "Original Hash Batches": 1, "Peak Memory Usage": 9, "Workers": [], "Plans": [{"Node Type": "Seq Scan", "Parent Relationship": "Outer", "Parallel Aware": false, "Async Capable": false, "Relation Name": "kind_type", "Alias": "kt", "Startup Cost": 0.0, "Total Cost": 1.09, "Plan Rows": 1, "Plan Width": 4, "Actual Rows": 1, "Actual Loops": 4, "Filter": "((kind)::text = 'episode'::text)", "Rows Removed by Filter": 6, "Workers": []}]}]}]}]}, {"Node Type": "Index Scan", "Parent Relationship": "Inner", "Parallel Aware": false, "Async Capable": false, "Scan Direction": "Forward", "Index Name": "company_name_pkey", "Relation Name": "company_name", "Alias": "cn", "Startup Cost": 0.42, "Total Cost": 0.45, "Plan Rows": 1, "Plan Width": 23, "Actual Rows": 0, "Actual Loops": 22738, "Index Cond": "(id = mc.company_id)", "Rows Removed by Index Recheck": 0, "Filter": "((country_code)::text = '[us]'::text)", "Rows Removed by Filter": 1, "Workers": []}]}]}]}]}, "Planning Time": 9.915, "Triggers": [], "Execution Time": 1917.396}, {"Plan": {"Node Type": "Aggregate", "Strategy": "Plain", "Partial Mode": "Finalize", "Parallel Aware": false, "Async Capable": false, "Startup Cost": 268991.56, "Total Cost": 268991.57, "Plan Rows": 1, "Plan Width": 96, "Actual Rows": 1, "Actual Loops": 1, "Plans": [{"Node Type": "Gather", "Parent Relationship": "Outer", "Parallel Aware": false, "Async Capable": false, "Startup Cost": 268991.45, "Total Cost": 268991.56, "Plan Rows": 1, "Plan Width": 96, "Actual Rows": 2, "Actual Loops": 1, "Workers Planned": 1, "Workers Launched": 1, "Single Copy": false, "Plans": [{"Node Type": "Aggregate", "Strategy": "Plain", "Partial Mode": "Partial", "Parent Relationship": "Outer", "Parallel Aware": false, "Async Capable": false, "Startup Cost": 267991.45, "Total Cost": 267991.46, "Plan Rows": 1, "Plan Width": 96, "Actual Rows": 1, "Actual Loops": 2, "Workers": [], "Plans": [{"Node Type": "Hash Join", "Parent Relationship": "Outer", "Parallel Aware": true, "Async Capable": false, "Join Type": "Inner", "Startup Cost": 257042.14, "Total Cost": 267990.97, "Plan Rows": 64, "Plan Width": 41, "Actual Rows": 2958, "Actual Loops": 2, "Inner Unique": false, "Hash Cond": "(cn.id = mc.company_id)", "Workers": [], "Plans": [{"Node Type": "Seq Scan", "Parent Relationship": "Outer", "Parallel Aware": true, "Async Capable": false, "Relation Name": "company_name", "Alias": "cn", "Startup Cost": 0.0, "Total Cost": 4767.92, "Plan Rows": 49945, "Plan Width": 23, "Actual Rows": 42422, "Actual Loops": 2, "Filter": "((country_code)::text = '[us]'::text)", "Rows Removed by Filter": 75077, "Workers": []}, {"Node Type": "Hash", "Parent Relationship": "Inner", "Parallel Aware": true, "Async Capable": false, "Startup Cost": 257040.93, "Total Cost": 257040.93, "Plan Rows": 97, "Plan Width": 26, "Actual Rows": 5272, "Actual Loops": 2, "Hash Buckets": 16384, "Original Hash Buckets": 1024, "Hash Batches": 1, "Original Hash Batches": 1, "Peak Memory Usage": 920, "Workers": [], "Plans": [{"Node Type": "Hash Join", "Parent Relationship": "Outer", "Parallel Aware": false, "Async Capable": false, "Join Type": "Inner", "Startup Cost": 215068.1, "Total Cost": 257040.93, "Plan Rows": 97, "Plan Width": 26, "Actual Rows": 5272, "Actual Loops": 2, "Inner Unique": true, "Hash Cond": "(mc.company_type_id = ct.id)", "Workers": [], "Plans": [{"Node Type": "Hash Join", "Parent Relationship": "Outer", "Parallel Aware": true, "Async Capable": false, "Join Type": "Inner", "Startup Cost": 215067.03, "Total Cost": 257037.32, "Plan Rows": 470, "Plan Width": 30, "Actual Rows": 11369, "Actual Loops": 2, "Inner Unique": false, "Hash Cond": "(mc.movie_id = mi.movie_id)", "Workers": [], "Plans": [{"Node Type": "Seq Scan", "Parent Relationship": "Outer", "Parallel Aware": true, "Async Capable": false, "Relation Name": "movie_companies", "Alias": "mc", "Startup Cost": 0.0, "Total Cost": 27240.55, "Plan Rows": 841655, "Plan Width": 12, "Actual Rows": 1304564, "Actual Loops": 2, "Workers": []}, {"Node Type": "Hash", "Parent Relationship": "Inner", "Parallel Aware": true, "Async Capable": false, "Startup Cost": 215066.22, "Total Cost": 215066.22, "Plan Rows": 65, "Plan Width": 34, "Actual Rows": 4148, "Actual Loops": 2, "Hash Buckets": 8192, "Original Hash Buckets": 1024, "Hash Batches": 1, "Original Hash Batches": 1, "Peak Memory Usage": 728, "Workers": [], "Plans": [{"Node Type": "Hash Join", "Parent Relationship": "Outer", "Parallel Aware": false, "Async Capable": false, "Join Type": "Inner", "Startup Cost": 15354.17, "Total Cost": 215066.22, "Plan Rows": 65, "Plan Width": 34, "Actual Rows": 4148, "Actual Loops": 2, "Inner Unique": true, "Hash Cond": "(t.kind_id = kt.id)", "Workers": [], "Plans": [{"Node Type": "Nested Loop", "Parent Relationship": "Outer", "Parallel Aware": false, "Async Capable": false, "Join Type": "Inner", "Startup Cost": 15353.07, "Total Cost": 215063.21, "Plan Rows": 454, "Plan Width": 38, "Actual Rows": 273102, "Actual Loops": 2, "Inner Unique": true, "Workers": [], "Plans": [{"Node Type": "Hash Join", "Parent Relationship": "Outer", "Parallel Aware": true, "Async Capable": false, "Join Type": "Inner", "Startup Cost": 15352.64, "Total Cost": 214854.53, "Plan Rows": 454, "Plan Width": 13, "Actual Rows": 273102, "Actual Loops": 2, "Inner Unique": false, "Hash Cond": "(mi.movie_id = miidx.movie_id)", "Workers": [], "Plans": [{"Node Type": "Hash Join", "Parent Relationship": "Outer", "Parallel Aware": false, "Async Capable": false, "Join Type": "Inner", "Startup Cost": 2.43, "Total Cost": 199403.96, "Plan Rows": 26259, "Plan Width": 4, "Actual Rows": 766954, "Actual Loops": 2, "Inner Unique": true, "Hash Cond": "(mi.info_type_id = it2.id)", "Workers": [], "Plans": [{"Node Type": "Seq Scan", "Parent Relationship": "Outer", "Parallel Aware": true, "Async Capable": false, "Relation Name": "movie_info", "Alias": "mi", "Startup Cost": 0.0, "Total Cost": 191320.4, "Plan Rows": 2967240, "Plan Width": 8, "Actual Rows": 7417860, "Actual Loops": 2, "Workers": []}, {"Node Type": "Hash", "Parent Relationship": "Inner", "Parallel Aware": false, "Async Capable": false, "Startup Cost": 2.41, "Total Cost": 2.41, "Plan Rows": 1, "Plan Width": 4, "Actual Rows": 1, "Actual Loops": 2, "Hash Buckets": 1024, "Original Hash Buckets": 1024, "Hash Batches": 1, "Original Hash Batches": 1, "Peak Memory Usage": 9, "Workers": [], "Plans": [{"Node Type": "Seq Scan", "Parent Relationship": "Outer", "Parallel Aware": false, "Async Capable": false, "Relation Name": "info_type", "Alias": "it2", "Startup Cost": 0.0, "Total Cost": 2.41, "Plan Rows": 1, "Plan Width": 4, "Actual Rows": 1, "Actual Loops": 2, "Filter": "((info)::text = 'genres'::text)", "Rows Removed by Filter": 112, "Workers": []}]}]}, {"Node Type": "Hash", "Parent Relationship": "Inner", "Parallel Aware": true, "Async Capable": false, "Startup Cost": 15286.6, "Total Cost": 15286.6, "Plan Rows": 5089, "Plan Width": 9, "Actual Rows": 229962, "Actual Loops": 2, "Hash Buckets": 524288, "Original Hash Buckets": 16384, "Hash Batches": 1, "Original Hash Batches": 1, "Peak Memory Usage": 26240, "Workers": [], "Plans": [{"Node Type": "Hash Join", "Parent Relationship": "Outer", "Parallel Aware": false, "Async Capable": false, "Join Type": "Inner", "Startup Cost": 2.43, "Total Cost": 15286.6, "Plan Rows": 5089, "Plan Width": 9, "Actual Rows": 229962, "Actual Loops": 2, "Inner Unique": true, "Hash Cond": "(miidx.info_type_id = it.id)", "Workers": [], "Plans": [{"Node Type": "Seq Scan", "Parent Relationship": "Outer", "Parallel Aware": true, "Async Capable": false, "Relation Name": "movie_info_idx", "Alias": "miidx", "Startup Cost": 0.0, "Total Cost": 13718.15, "Plan Rows": 575015, "Plan Width": 13, "Actual Rows": 690018, "Actual Loops": 2, "Workers": []}, {"Node Type": "Hash", "Parent Relationship": "Inner", "Parallel Aware": false, "Async Capable": false, "Startup Cost": 2.41, "Total Cost": 2.41, "Plan Rows": 1, "Plan Width": 4, "Actual Rows": 1, "Actual Loops": 2, "Hash Buckets": 1024, "Original Hash Buckets": 1024, "Hash Batches": 1, "Original Hash Batches": 1, "Peak Memory Usage": 9, "Workers": [], "Plans": [{"Node Type": "Seq Scan", "Parent Relationship": "Outer", "Parallel Aware": false, "Async Capable": false, "Relation Name": "info_type", "Alias": "it", "Startup Cost": 0.0, "Total Cost": 2.41, "Plan Rows": 1, "Plan Width": 4, "Actual Rows": 1, "Actual Loops": 2, "Filter": "((info)::text = 'votes'::text)", "Rows Removed by Filter": 112, "Workers": []}]}]}]}]}, {"Node Type": "Index Scan", "Parent Relationship": "Inner", "Parallel Aware": false, "Async Capable": false, "Scan Direction": "Forward", "Index Name": "title_pkey", "Relation Name": "title", "Alias": "t", "Startup Cost": 0.43, "Total Cost": 0.46, "Plan Rows": 1, "Plan Width": 25, "Actual Rows": 1, "Actual Loops": 546205, "Index Cond": "(id = mi.movie_id)", "Rows Removed by Index Recheck": 0, "Workers": []}]}, {"Node Type": "Hash", "Parent Relationship": "Inner", "Parallel Aware": false, "Async Capable": false, "Startup Cost": 1.09, "Total Cost": 1.09, "Plan Rows": 1, "Plan Width": 4, "Actual Rows": 1, "Actual Loops": 2, "Hash Buckets": 1024, "Original Hash Buckets": 1024, "Hash Batches": 1, "Original Hash Batches": 1, "Peak Memory Usage": 9, "Workers": [], "Plans": [{"Node Type": "Seq Scan", "Parent Relationship": "Outer", "Parallel Aware": false, "Async Capable": false, "Relation Name": "kind_type", "Alias": "kt", "Startup Cost": 0.0, "Total Cost": 1.09, "Plan Rows": 1, "Plan Width": 4, "Actual Rows": 1, "Actual Loops": 2, "Filter": "((kind)::text = 'episode'::text)", "Rows Removed by Filter": 6, "Workers": []}]}]}]}]}, {"Node Type": "Hash", "Parent Relationship": "Inner", "Parallel Aware": false, "Async Capable": false, "Startup Cost": 1.05, "Total Cost": 1.05, "Plan Rows": 1, "Plan Width": 4, "Actual Rows": 1, "Actual Loops": 2, "Hash Buckets": 1024, "Original Hash Buckets": 1024, "Hash Batches": 1, "Original Hash Batches": 1, "Peak Memory Usage": 9, "Workers": [], "Plans": [{"Node Type": "Seq Scan", "Parent Relationship": "Outer", "Parallel Aware": false, "Async Capable": false, "Relation Name": "company_type", "Alias": "ct", "Startup Cost": 0.0, "Total Cost": 1.05, "Plan Rows": 1, "Plan Width": 4, "Actual Rows": 1, "Actual Loops": 2, "Filter": "((kind)::text = 'distributors'::text)", "Rows Removed by Filter": 3, "Workers": []}]}]}]}]}]}]}]}, "Planning Time": 9.426, "Triggers": [], "Execution Time": 4024.734}, {"Plan": {"Node Type": "Aggregate", "Strategy": "Plain", "Partial Mode": "Simple", "Parallel Aware": false, "Async Capable": false, "Startup Cost": 253326.78, "Total Cost": 253326.79, "Plan Rows": 1, "Plan Width": 96, "Actual Rows": 1, "Actual Loops": 1, "Plans": [{"Node Type": "Nested Loop", "Parent Relationship": "Outer", "Parallel Aware": false, "Async Capable": false, "Join Type": "Inner", "Startup Cost": 49486.78, "Total Cost": 253325.96, "Plan Rows": 109, "Plan Width": 41, "Actual Rows": 5916, "Actual Loops": 1, "Inner Unique": false, "Join Filter": "(it2.id = mi.info_type_id)", "Rows Removed by Join Filter": 1119746, "Plans": [{"Node Type": "Seq Scan", "Parent Relationship": "Outer", "Parallel Aware": false, "Async Capable": false, "Relation Name": "info_type", "Alias": "it2", "Startup Cost": 0.0, "Total Cost": 2.41, "Plan Rows": 1, "Plan Width": 4, "Actual Rows": 1, "Actual Loops": 1, "Filter": "((info)::text = 'genres'::text)", "Rows Removed by Filter": 112}, {"Node Type": "Gather", "Parent Relationship": "Inner", "Parallel Aware": false, "Async Capable": false, "Startup Cost": 49486.78, "Total Cost": 253169.49, "Plan Rows": 12325, "Plan Width": 45, "Actual Rows": 1125662, "Actual Loops": 1, "Workers Planned": 5, "Workers Launched": 5, "Single Copy": false, "Plans": [{"Node Type": "Hash Join", "Parent Relationship": "Outer", "Parallel Aware": true, "Async Capable": false, "Join Type": "Inner", "Startup Cost": 48486.78, "Total Cost": 250936.99, "Plan Rows": 2465, "Plan Width": 45, "Actual Rows": 187610, "Actual Loops": 6, "Inner Unique": false, "Hash Cond": "(mi.movie_id = t.id)", "Workers": [], "Plans": [{"Node Type": "Seq Scan", "Parent Relationship": "Outer", "Parallel Aware": true, "Async Capable": false, "Relation Name": "movie_info", "Alias": "mi", "Startup Cost": 0.0, "Total Cost": 191320.4, "Plan Rows": 2967240, "Plan Width": 8, "Actual Rows": 2472620, "Actual Loops": 6, "Workers": []}, {"Node Type": "Hash", "Parent Relationship": "Inner", "Parallel Aware": true, "Async Capable": false, "Startup Cost": 48483.95, "Total Cost": 48483.95, "Plan Rows": 227, "Plan Width": 53, "Actual Rows": 13932, "Actual Loops": 6, "Hash Buckets": 131072, "Original Hash Buckets": 1024, "Hash Batches": 1, "Original Hash Batches": 1, "Peak Memory Usage": 10232, "Workers": [], "Plans": [{"Node Type": "Nested Loop", "Parent Relationship": "Outer", "Parallel Aware": false, "Async Capable": false, "Join Type": "Inner", "Startup Cost": 15353.23, "Total Cost": 48483.95, "Plan Rows": 227, "Plan Width": 53, "Actual Rows": 13932, "Actual Loops": 6, "Inner Unique": true, "Workers": [], "Plans": [{"Node Type": "Hash Join", "Parent Relationship": "Outer", "Parallel Aware": false, "Async Capable": false, "Join Type": "Inner", "Startup Cost": 15352.81, "Total Cost": 48204.29, "Plan Rows": 627, "Plan Width": 38, "Actual Rows": 25484, "Actual Loops": 6, "Inner Unique": true, "Hash Cond": "(t.kind_id = kt.id)", "Workers": [], "Plans": [{"Node Type": "Nested Loop", "Parent Relationship": "Outer", "Parallel Aware": false, "Async Capable": false, "Join Type": "Inner", "Startup Cost": 15351.71, "Total Cost": 48184.69, "Plan Rows": 4392, "Plan Width": 42, "Actual Rows": 128444, "Actual Loops": 6, "Inner Unique": true, "Workers": [], "Plans": [{"Node Type": "Hash Join", "Parent Relationship": "Outer", "Parallel Aware": false, "Async Capable": false, "Join Type": "Inner", "Startup Cost": 15351.28, "Total Cost": 45916.2, "Plan Rows": 4392, "Plan Width": 17, "Actual Rows": 128444, "Actual Loops": 6, "Inner Unique": true, "Hash Cond": "(mc.company_type_id = ct.id)", "Workers": [], "Plans": [{"Node Type": "Hash Join", "Parent Relationship": "Outer", "Parallel Aware": true, "Async Capable": false, "Join Type": "Inner", "Startup Cost": 15350.21, "Total Cost": 45820.16, "Plan Rows": 17566, "Plan Width": 21, "Actual Rows": 225814, "Actual Loops": 6, "Inner Unique": false, "Hash Cond": "(mc.movie_id = miidx.movie_id)", "Workers": [], "Plans": [{"Node Type": "Seq Scan", "Parent Relationship": "Outer", "Parallel Aware": true, "Async Capable": false, "Relation Name": "movie_companies", "Alias": "mc", "Startup Cost": 0.0, "Total Cost": 27240.55, "Plan Rows": 841655, "Plan Width": 12, "Actual Rows": 434855, "Actual Loops": 6, "Workers": []}, {"Node Type": "Hash", "Parent Relationship": "Inner", "Parallel Aware": true, "Async Capable": false, "Startup Cost": 15286.6, "Total Cost": 15286.6, "Plan Rows": 5089, "Plan Width": 9, "Actual Rows": 76654, "Actual Loops": 6, "Hash Buckets": 524288, "Original Hash Buckets": 16384, "Hash Batches": 1, "Original Hash Batches": 1, "Peak Memory Usage": 26304, "Workers": [], "Plans": [{"Node Type": "Hash Join", "Parent Relationship": "Outer", "Parallel Aware": false, "Async Capable": false, "Join Type": "Inner", "Startup Cost": 2.43, "Total Cost": 15286.6, "Plan Rows": 5089, "Plan Width": 9, "Actual Rows": 76654, "Actual Loops": 6, "Inner Unique": true, "Hash Cond": "(miidx.info_type_id = it.id)", "Workers": [], "Plans": [{"Node Type": "Seq Scan", "Parent Relationship": "Outer", "Parallel Aware": true, "Async Capable": false, "Relation Name": "movie_info_idx", "Alias": "miidx", "Startup Cost": 0.0, "Total Cost": 13718.15, "Plan Rows": 575015, "Plan Width": 13, "Actual Rows": 230006, "Actual Loops": 6, "Workers": []}, {"Node Type": "Hash", "Parent Relationship": "Inner", "Parallel Aware": false, "Async Capable": false, "Startup Cost": 2.41, "Total Cost": 2.41, "Plan Rows": 1, "Plan Width": 4, "Actual Rows": 1, "Actual Loops": 6, "Hash Buckets": 1024, "Original Hash Buckets": 1024, "Hash Batches": 1, "Original Hash Batches": 1, "Peak Memory Usage": 9, "Workers": [], "Plans": [{"Node Type": "Seq Scan", "Parent Relationship": "Outer", "Parallel Aware": false, "Async Capable": false, "Relation Name": "info_type", "Alias": "it", "Startup Cost": 0.0, "Total Cost": 2.41, "Plan Rows": 1, "Plan Width": 4, "Actual Rows": 1, "Actual Loops": 6, "Filter": "((info)::text = 'votes'::text)", "Rows Removed by Filter": 112, "Workers": []}]}]}]}]}, {"Node Type": "Hash", "Parent Relationship": "Inner", "Parallel Aware": false, "Async Capable": false, "Startup Cost": 1.05, "Total Cost": 1.05, "Plan Rows": 1, "Plan Width": 4, "Actual Rows": 1, "Actual Loops": 6, "Hash Buckets": 1024, "Original Hash Buckets": 1024, "Hash Batches": 1, "Original Hash Batches": 1, "Peak Memory Usage": 9, "Workers": [], "Plans": [{"Node Type": "Seq Scan", "Parent Relationship": "Outer", "Parallel Aware": false, "Async Capable": false, "Relation Name": "company_type", "Alias": "ct", "Startup Cost": 0.0, "Total Cost": 1.05, "Plan Rows": 1, "Plan Width": 4, "Actual Rows": 1, "Actual Loops": 6, "Filter": "((kind)::text = 'distributors'::text)", "Rows Removed by Filter": 3, "Workers": []}]}]}, {"Node Type": "Index Scan", "Parent Relationship": "Inner", "Parallel Aware": false, "Async Capable": false, "Scan Direction": "Forward", "Index Name": "title_pkey", "Relation Name": "title", "Alias": "t", "Startup Cost": 0.43, "Total Cost": 0.52, "Plan Rows": 1, "Plan Width": 25, "Actual Rows": 1, "Actual Loops": 770661, "Index Cond": "(id = mc.movie_id)", "Rows Removed by Index Recheck": 0, "Workers": []}]}, {"Node Type": "Hash", "Parent Relationship": "Inner", "Parallel Aware": false, "Async Capable": false, "Startup Cost": 1.09, "Total Cost": 1.09, "Plan Rows": 1, "Plan Width": 4, "Actual Rows": 1, "Actual Loops": 6, "Hash Buckets": 1024, "Original Hash Buckets": 1024, "Hash Batches": 1, "Original Hash Batches": 1, "Peak Memory Usage": 9, "Workers": [], "Plans": [{"Node Type": "Seq Scan", "Parent Relationship": "Outer", "Parallel Aware": false, "Async Capable": false, "Relation Name": "kind_type", "Alias": "kt", "Startup Cost": 0.0, "Total Cost": 1.09, "Plan Rows": 1, "Plan Width": 4, "Actual Rows": 1, "Actual Loops": 6, "Filter": "((kind)::text = 'episode'::text)", "Rows Removed by Filter": 6, "Workers": []}]}]}, {"Node Type": "Index Scan", "Parent Relationship": "Inner", "Parallel Aware": false, "Async Capable": false, "Scan Direction": "Forward", "Index Name": "company_name_pkey", "Relation Name": "company_name", "Alias": "cn", "Startup Cost": 0.42, "Total Cost": 0.45, "Plan Rows": 1, "Plan Width": 23, "Actual Rows": 1, "Actual Loops": 152907, "Index Cond": "(id = mc.company_id)", "Rows Removed by Index Recheck": 0, "Filter": "((country_code)::text = '[us]'::text)", "Rows Removed by Filter": 0, "Workers": []}]}]}]}]}]}]}, "Planning Time": 10.105, "Triggers": [], "Execution Time": 1987.085}, {"Plan": {"Node Type": "Aggregate", "Strategy": "Plain", "Partial Mode": "Finalize", "Parallel Aware": false, "Async Capable": false, "Startup Cost": 251946.84, "Total Cost": 251946.85, "Plan Rows": 1, "Plan Width": 96, "Actual Rows": 1, "Actual Loops": 1, "Plans": [{"Node Type": "Gather", "Parent Relationship": "Outer", "Parallel Aware": false, "Async Capable": false, "Startup Cost": 251946.29, "Total Cost": 251946.8, "Plan Rows": 5, "Plan Width": 96, "Actual Rows": 6, "Actual Loops": 1, "Workers Planned": 5, "Workers Launched": 5, "Single Copy": false, "Plans": [{"Node Type": "Aggregate", "Strategy": "Plain", "Partial Mode": "Partial", "Parent Relationship": "Outer", "Parallel Aware": false, "Async Capable": false, "Startup Cost": 250946.29, "Total Cost": 250946.3, "Plan Rows": 1, "Plan Width": 96, "Actual Rows": 1, "Actual Loops": 6, "Workers": [], "Plans": [{"Node Type": "Hash Join", "Parent Relationship": "Outer", "Parallel Aware": false, "Async Capable": false, "Join Type": "Inner", "Startup Cost": 48489.21, "Total Cost": 250946.13, "Plan Rows": 22, "Plan Width": 41, "Actual Rows": 986, "Actual Loops": 6, "Inner Unique": true, "Hash Cond": "(mi.info_type_id = it2.id)", "Workers": [], "Plans": [{"Node Type": "Hash Join", "Parent Relationship": "Outer", "Parallel Aware": true, "Async Capable": false, "Join Type": "Inner", "Startup Cost": 48486.78, "Total Cost": 250936.99, "Plan Rows": 2465, "Plan Width": 45, "Actual Rows": 187610, "Actual Loops": 6, "Inner Unique": false, "Hash Cond": "(mi.movie_id = t.id)", "Workers": [], "Plans": [{"Node Type": "Seq Scan", "Parent Relationship": "Outer", "Parallel Aware": true, "Async Capable": false, "Relation Name": "movie_info", "Alias": "mi", "Startup Cost": 0.0, "Total Cost": 191320.4, "Plan Rows": 2967240, "Plan Width": 8, "Actual Rows": 2472620, "Actual Loops": 6, "Workers": []}, {"Node Type": "Hash", "Parent Relationship": "Inner", "Parallel Aware": true, "Async Capable": false, "Startup Cost": 48483.95, "Total Cost": 48483.95, "Plan Rows": 227, "Plan Width": 53, "Actual Rows": 13932, "Actual Loops": 6, "Hash Buckets": 131072, "Original Hash Buckets": 1024, "Hash Batches": 1, "Original Hash Batches": 1, "Peak Memory Usage": 10296, "Workers": [], "Plans": [{"Node Type": "Nested Loop", "Parent Relationship": "Outer", "Parallel Aware": false, "Async Capable": false, "Join Type": "Inner", "Startup Cost": 15353.23, "Total Cost": 48483.95, "Plan Rows": 227, "Plan Width": 53, "Actual Rows": 13932, "Actual Loops": 6, "Inner Unique": true, "Workers": [], "Plans": [{"Node Type": "Hash Join", "Parent Relationship": "Outer", "Parallel Aware": false, "Async Capable": false, "Join Type": "Inner", "Startup Cost": 15352.81, "Total Cost": 48204.29, "Plan Rows": 627, "Plan Width": 38, "Actual Rows": 25484, "Actual Loops": 6, "Inner Unique": true, "Hash Cond": "(t.kind_id = kt.id)", "Workers": [], "Plans": [{"Node Type": "Nested Loop", "Parent Relationship": "Outer", "Parallel Aware": false, "Async Capable": false, "Join Type": "Inner", "Startup Cost": 15351.71, "Total Cost": 48184.69, "Plan Rows": 4392, "Plan Width": 42, "Actual Rows": 128444, "Actual Loops": 6, "Inner Unique": true, "Workers": [], "Plans": [{"Node Type": "Hash Join", "Parent Relationship": "Outer", "Parallel Aware": false, "Async Capable": false, "Join Type": "Inner", "Startup Cost": 15351.28, "Total Cost": 45916.2, "Plan Rows": 4392, "Plan Width": 17, "Actual Rows": 128444, "Actual Loops": 6, "Inner Unique": true, "Hash Cond": "(mc.company_type_id = ct.id)", "Workers": [], "Plans": [{"Node Type": "Hash Join", "Parent Relationship": "Outer", "Parallel Aware": true, "Async Capable": false, "Join Type": "Inner", "Startup Cost": 15350.21, "Total Cost": 45820.16, "Plan Rows": 17566, "Plan Width": 21, "Actual Rows": 225814, "Actual Loops": 6, "Inner Unique": false, "Hash Cond": "(mc.movie_id = miidx.movie_id)", "Workers": [], "Plans": [{"Node Type": "Seq Scan", "Parent Relationship": "Outer", "Parallel Aware": true, "Async Capable": false, "Relation Name": "movie_companies", "Alias": "mc", "Startup Cost": 0.0, "Total Cost": 27240.55, "Plan Rows": 841655, "Plan Width": 12, "Actual Rows": 434855, "Actual Loops": 6, "Workers": []}, {"Node Type": "Hash", "Parent Relationship": "Inner", "Parallel Aware": true, "Async Capable": false, "Startup Cost": 15286.6, "Total Cost": 15286.6, "Plan Rows": 5089, "Plan Width": 9, "Actual Rows": 76654, "Actual Loops": 6, "Hash Buckets": 524288, "Original Hash Buckets": 16384, "Hash Batches": 1, "Original Hash Batches": 1, "Peak Memory Usage": 26336, "Workers": [], "Plans": [{"Node Type": "Hash Join", "Parent Relationship": "Outer", "Parallel Aware": false, "Async Capable": false, "Join Type": "Inner", "Startup Cost": 2.43, "Total Cost": 15286.6, "Plan Rows": 5089, "Plan Width": 9, "Actual Rows": 76654, "Actual Loops": 6, "Inner Unique": true, "Hash Cond": "(miidx.info_type_id = it.id)", "Workers": [], "Plans": [{"Node Type": "Seq Scan", "Parent Relationship": "Outer", "Parallel Aware": true, "Async Capable": false, "Relation Name": "movie_info_idx", "Alias": "miidx", "Startup Cost": 0.0, "Total Cost": 13718.15, "Plan Rows": 575015, "Plan Width": 13, "Actual Rows": 230006, "Actual Loops": 6, "Workers": []}, {"Node Type": "Hash", "Parent Relationship": "Inner", "Parallel Aware": false, "Async Capable": false, "Startup Cost": 2.41, "Total Cost": 2.41, "Plan Rows": 1, "Plan Width": 4, "Actual Rows": 1, "Actual Loops": 6, "Hash Buckets": 1024, "Original Hash Buckets": 1024, "Hash Batches": 1, "Original Hash Batches": 1, "Peak Memory Usage": 9, "Workers": [], "Plans": [{"Node Type": "Seq Scan", "Parent Relationship": "Outer", "Parallel Aware": false, "Async Capable": false, "Relation Name": "info_type", "Alias": "it", "Startup Cost": 0.0, "Total Cost": 2.41, "Plan Rows": 1, "Plan Width": 4, "Actual Rows": 1, "Actual Loops": 6, "Filter": "((info)::text = 'votes'::text)", "Rows Removed by Filter": 112, "Workers": []}]}]}]}]}, {"Node Type": "Hash", "Parent Relationship": "Inner", "Parallel Aware": false, "Async Capable": false, "Startup Cost": 1.05, "Total Cost": 1.05, "Plan Rows": 1, "Plan Width": 4, "Actual Rows": 1, "Actual Loops": 6, "Hash Buckets": 1024, "Original Hash Buckets": 1024, "Hash Batches": 1, "Original Hash Batches": 1, "Peak Memory Usage": 9, "Workers": [], "Plans": [{"Node Type": "Seq Scan", "Parent Relationship": "Outer", "Parallel Aware": false, "Async Capable": false, "Relation Name": "company_type", "Alias": "ct", "Startup Cost": 0.0, "Total Cost": 1.05, "Plan Rows": 1, "Plan Width": 4, "Actual Rows": 1, "Actual Loops": 6, "Filter": "((kind)::text = 'distributors'::text)", "Rows Removed by Filter": 3, "Workers": []}]}]}, {"Node Type": "Index Scan", "Parent Relationship": "Inner", "Parallel Aware": false, "Async Capable": false, "Scan Direction": "Forward", "Index Name": "title_pkey", "Relation Name": "title", "Alias": "t", "Startup Cost": 0.43, "Total Cost": 0.52, "Plan Rows": 1, "Plan Width": 25, "Actual Rows": 1, "Actual Loops": 770661, "Index Cond": "(id = mc.movie_id)", "Rows Removed by Index Recheck": 0, "Workers": []}]}, {"Node Type": "Hash", "Parent Relationship": "Inner", "Parallel Aware": false, "Async Capable": false, "Startup Cost": 1.09, "Total Cost": 1.09, "Plan Rows": 1, "Plan Width": 4, "Actual Rows": 1, "Actual Loops": 6, "Hash Buckets": 1024, "Original Hash Buckets": 1024, "Hash Batches": 1, "Original Hash Batches": 1, "Peak Memory Usage": 9, "Workers": [], "Plans": [{"Node Type": "Seq Scan", "Parent Relationship": "Outer", "Parallel Aware": false, "Async Capable": false, "Relation Name": "kind_type", "Alias": "kt", "Startup Cost": 0.0, "Total Cost": 1.09, "Plan Rows": 1, "Plan Width": 4, "Actual Rows": 1, "Actual Loops": 6, "Filter": "((kind)::text = 'episode'::text)", "Rows Removed by Filter": 6, "Workers": []}]}]}, {"Node Type": "Index Scan", "Parent Relationship": "Inner", "Parallel Aware": false, "Async Capable": false, "Scan Direction": "Forward", "Index Name": "company_name_pkey", "Relation Name": "company_name", "Alias": "cn", "Startup Cost": 0.42, "Total Cost": 0.45, "Plan Rows": 1, "Plan Width": 23, "Actual Rows": 1, "Actual Loops": 152907, "Index Cond": "(id = mc.company_id)", "Rows Removed by Index Recheck": 0, "Filter": "((country_code)::text = '[us]'::text)", "Rows Removed by Filter": 0, "Workers": []}]}]}]}, {"Node Type": "Hash", "Parent Relationship": "Inner", "Parallel Aware": false, "Async Capable": false, "Startup Cost": 2.41, "Total Cost": 2.41, "Plan Rows": 1, "Plan Width": 4, "Actual Rows": 1, "Actual Loops": 6, "Hash Buckets": 1024, "Original Hash Buckets": 1024, "Hash Batches": 1, "Original Hash Batches": 1, "Peak Memory Usage": 9, "Workers": [], "Plans": [{"Node Type": "Seq Scan", "Parent Relationship": "Outer", "Parallel Aware": false, "Async Capable": false, "Relation Name": "info_type", "Alias": "it2", "Startup Cost": 0.0, "Total Cost": 2.41, "Plan Rows": 1, "Plan Width": 4, "Actual Rows": 1, "Actual Loops": 6, "Filter": "((info)::text = 'genres'::text)", "Rows Removed by Filter": 112, "Workers": []}]}]}]}]}]}, "Planning Time": 6.752, "Triggers": [], "Execution Time": 1788.111}, {"Plan": {"Node Type": "Aggregate", "Strategy": "Plain", "Partial Mode": "Finalize", "Parallel Aware": false, "Async Capable": false, "Startup Cost": 253505.52, "Total Cost": 253505.53, "Plan Rows": 1, "Plan Width": 96, "Actual Rows": 1, "Actual Loops": 1, "Plans": [{"Node Type": "Gather", "Parent Relationship": "Outer", "Parallel Aware": false, "Async Capable": false, "Startup Cost": 253504.98, "Total Cost": 253505.49, "Plan Rows": 5, "Plan Width": 96, "Actual Rows": 6, "Actual Loops": 1, "Workers Planned": 5, "Workers Launched": 5, "Single Copy": false, "Plans": [{"Node Type": "Aggregate", "Strategy": "Plain", "Partial Mode": "Partial", "Parent Relationship": "Outer", "Parallel Aware": false, "Async Capable": false, "Startup Cost": 252504.98, "Total Cost": 252504.99, "Plan Rows": 1, "Plan Width": 96, "Actual Rows": 1, "Actual Loops": 6, "Workers": [], "Plans": [{"Node Type": "Hash Join", "Parent Relationship": "Outer", "Parallel Aware": true, "Async Capable": false, "Join Type": "Inner", "Startup Cost": 52791.71, "Total Cost": 252504.81, "Plan Rows": 22, "Plan Width": 41, "Actual Rows": 986, "Actual Loops": 6, "Inner Unique": false, "Hash Cond": "(mi.movie_id = mc.movie_id)", "Workers": [], "Plans": [{"Node Type": "Hash Join", "Parent Relationship": "Outer", "Parallel Aware": false, "Async Capable": false, "Join Type": "Inner", "Startup Cost": 15354.17, "Total Cost": 215066.22, "Plan Rows": 65, "Plan Width": 34, "Actual Rows": 1383, "Actual Loops": 6, "Inner Unique": true, "Hash Cond": "(t.kind_id = kt.id)", "Workers": [], "Plans": [{"Node Type": "Nested Loop", "Parent Relationship": "Outer", "Parallel Aware": false, "Async Capable": false, "Join Type": "Inner", "Startup Cost": 15353.07, "Total Cost": 215063.21, "Plan Rows": 454, "Plan Width": 38, "Actual Rows": 91034, "Actual Loops": 6, "Inner Unique": true, "Workers": [], "Plans": [{"Node Type": "Hash Join", "Parent Relationship": "Outer", "Parallel Aware": true, "Async Capable": false, "Join Type": "Inner", "Startup Cost": 15352.64, "Total Cost": 214854.53, "Plan Rows": 454, "Plan Width": 13, "Actual Rows": 91034, "Actual Loops": 6, "Inner Unique": false, "Hash Cond": "(mi.movie_id = miidx.movie_id)", "Workers": [], "Plans": [{"Node Type": "Hash Join", "Parent Relationship": "Outer", "Parallel Aware": false, "Async Capable": false, "Join Type": "Inner", "Startup Cost": 2.43, "Total Cost": 199403.96, "Plan Rows": 26259, "Plan Width": 4, "Actual Rows": 255652, "Actual Loops": 6, "Inner Unique": true, "Hash Cond": "(mi.info_type_id = it2.id)", "Workers": [], "Plans": [{"Node Type": "Seq Scan", "Parent Relationship": "Outer", "Parallel Aware": true, "Async Capable": false, "Relation Name": "movie_info", "Alias": "mi", "Startup Cost": 0.0, "Total Cost": 191320.4, "Plan Rows": 2967240, "Plan Width": 8, "Actual Rows": 2472620, "Actual Loops": 6, "Workers": []}, {"Node Type": "Hash", "Parent Relationship": "Inner", "Parallel Aware": false, "Async Capable": false, "Startup Cost": 2.41, "Total Cost": 2.41, "Plan Rows": 1, "Plan Width": 4, "Actual Rows": 1, "Actual Loops": 6, "Hash Buckets": 1024, "Original Hash Buckets": 1024, "Hash Batches": 1, "Original Hash Batches": 1, "Peak Memory Usage": 9, "Workers": [], "Plans": [{"Node Type": "Seq Scan", "Parent Relationship": "Outer", "Parallel Aware": false, "Async Capable": false, "Relation Name": "info_type", "Alias": "it2", "Startup Cost": 0.0, "Total Cost": 2.41, "Plan Rows": 1, "Plan Width": 4, "Actual Rows": 1, "Actual Loops": 6, "Filter": "((info)::text = 'genres'::text)", "Rows Removed by Filter": 112, "Workers": []}]}]}, {"Node Type": "Hash", "Parent Relationship": "Inner", "Parallel Aware": true, "Async Capable": false, "Startup Cost": 15286.6, "Total Cost": 15286.6, "Plan Rows": 5089, "Plan Width": 9, "Actual Rows": 76654, "Actual Loops": 6, "Hash Buckets": 524288, "Original Hash Buckets": 16384, "Hash Batches": 1, "Original Hash Batches": 1, "Peak Memory Usage": 26304, "Workers": [], "Plans": [{"Node Type": "Hash Join", "Parent Relationship": "Outer", "Parallel Aware": false, "Async Capable": false, "Join Type": "Inner", "Startup Cost": 2.43, "Total Cost": 15286.6, "Plan Rows": 5089, "Plan Width": 9, "Actual Rows": 76654, "Actual Loops": 6, "Inner Unique": true, "Hash Cond": "(miidx.info_type_id = it.id)", "Workers": [], "Plans": [{"Node Type": "Seq Scan", "Parent Relationship": "Outer", "Parallel Aware": true, "Async Capable": false, "Relation Name": "movie_info_idx", "Alias": "miidx", "Startup Cost": 0.0, "Total Cost": 13718.15, "Plan Rows": 575015, "Plan Width": 13, "Actual Rows": 230006, "Actual Loops": 6, "Workers": []}, {"Node Type": "Hash", "Parent Relationship": "Inner", "Parallel Aware": false, "Async Capable": false, "Startup Cost": 2.41, "Total Cost": 2.41, "Plan Rows": 1, "Plan Width": 4, "Actual Rows": 1, "Actual Loops": 6, "Hash Buckets": 1024, "Original Hash Buckets": 1024, "Hash Batches": 1, "Original Hash Batches": 1, "Peak Memory Usage": 9, "Workers": [], "Plans": [{"Node Type": "Seq Scan", "Parent Relationship": "Outer", "Parallel Aware": false, "Async Capable": false, "Relation Name": "info_type", "Alias": "it", "Startup Cost": 0.0, "Total Cost": 2.41, "Plan Rows": 1, "Plan Width": 4, "Actual Rows": 1, "Actual Loops": 6, "Filter": "((info)::text = 'votes'::text)", "Rows Removed by Filter": 112, "Workers": []}]}]}]}]}, {"Node Type": "Index Scan", "Parent Relationship": "Inner", "Parallel Aware": false, "Async Capable": false, "Scan Direction": "Forward", "Index Name": "title_pkey", "Relation Name": "title", "Alias": "t", "Startup Cost": 0.43, "Total Cost": 0.46, "Plan Rows": 1, "Plan Width": 25, "Actual Rows": 1, "Actual Loops": 546205, "Index Cond": "(id = mi.movie_id)", "Rows Removed by Index Recheck": 0, "Workers": []}]}, {"Node Type": "Hash", "Parent Relationship": "Inner", "Parallel Aware": false, "Async Capable": false, "Startup Cost": 1.09, "Total Cost": 1.09, "Plan Rows": 1, "Plan Width": 4, "Actual Rows": 1, "Actual Loops": 6, "Hash Buckets": 1024, "Original Hash Buckets": 1024, "Hash Batches": 1, "Original Hash Batches": 1, "Peak Memory Usage": 9, "Workers": [], "Plans": [{"Node Type": "Seq Scan", "Parent Relationship": "Outer", "Parallel Aware": false, "Async Capable": false, "Relation Name": "kind_type", "Alias": "kt", "Startup Cost": 0.0, "Total Cost": 1.09, "Plan Rows": 1, "Plan Width": 4, "Actual Rows": 1, "Actual Loops": 6, "Filter": "((kind)::text = 'episode'::text)", "Rows Removed by Filter": 6, "Workers": []}]}]}, {"Node Type": "Hash", "Parent Relationship": "Inner", "Parallel Aware": true, "Async Capable": false, "Startup Cost": 36487.24, "Total Cost": 36487.24, "Plan Rows": 76024, "Plan Width": 23, "Actual Rows": 100245, "Actual Loops": 6, "Hash Buckets": 1048576, "Original Hash Buckets": 262144, "Hash Batches": 1, "Original Hash Batches": 1, "Peak Memory Usage": 51456, "Workers": [], "Plans": [{"Node Type": "Hash Join", "Parent Relationship": "Outer", "Parallel Aware": false, "Async Capable": false, "Join Type": "Inner", "Startup Cost": 5393.29, "Total Cost": 36487.24, "Plan Rows": 76024, "Plan Width": 23, "Actual Rows": 100245, "Actual Loops": 6, "Inner Unique": true, "Hash Cond": "(mc.company_type_id = ct.id)", "Workers": [], "Plans": [{"Node Type": "Hash Join", "Parent Relationship": "Outer", "Parallel Aware": true, "Async Capable": false, "Join Type": "Inner", "Startup Cost": 5392.23, "Total Cost": 34842.17, "Plan Rows": 304095, "Plan Width": 27, "Actual Rows": 192300, "Actual Loops": 6, "Inner Unique": true, "Hash Cond": "(mc.company_id = cn.id)", "Workers": [], "Plans": [{"Node Type": "Seq Scan", "Parent Relationship": "Outer", "Parallel Aware": true, "Async Capable": false, "Relation Name": "movie_companies", "Alias": "mc", "Startup Cost": 0.0, "Total Cost": 27240.55, "Plan Rows": 841655, "Plan Width": 12, "Actual Rows": 434855, "Actual Loops": 6, "Workers": []}, {"Node Type": "Hash", "Parent Relationship": "Inner", "Parallel Aware": true, "Async Capable": false, "Startup Cost": 4767.92, "Total Cost": 4767.92, "Plan Rows": 49945, "Plan Width": 23, "Actual Rows": 14140, "Actual Loops": 6, "Hash Buckets": 131072, "Original Hash Buckets": 131072, "Hash Batches": 1, "Original Hash Batches": 1, "Peak Memory Usage": 6080, "Workers": [], "Plans": [{"Node Type": "Seq Scan", "Parent Relationship": "Outer", "Parallel Aware": true, "Async Capable": false, "Relation Name": "company_name", "Alias": "cn", "Startup Cost": 0.0, "Total Cost": 4767.92, "Plan Rows": 49945, "Plan Width": 23, "Actual Rows": 14140, "Actual Loops": 6, "Filter": "((country_code)::text = '[us]'::text)", "Rows Removed by Filter": 25026, "Workers": []}]}]}, {"Node Type": "Hash", "Parent Relationship": "Inner", "Parallel Aware": false, "Async Capable": false, "Startup Cost": 1.05, "Total Cost": 1.05, "Plan Rows": 1, "Plan Width": 4, "Actual Rows": 1, "Actual Loops": 6, "Hash Buckets": 1024, "Original Hash Buckets": 1024, "Hash Batches": 1, "Original Hash Batches": 1, "Peak Memory Usage": 9, "Workers": [], "Plans": [{"Node Type": "Seq Scan", "Parent Relationship": "Outer", "Parallel Aware": false, "Async Capable": false, "Relation Name": "company_type", "Alias": "ct", "Startup Cost": 0.0, "Total Cost": 1.05, "Plan Rows": 1, "Plan Width": 4, "Actual Rows": 1, "Actual Loops": 6, "Filter": "((kind)::text = 'distributors'::text)", "Rows Removed by Filter": 3, "Workers": []}]}]}]}]}]}]}]}, "Planning Time": 6.736, "Triggers": [], "Execution Time": 1299.658}, {"Plan": {"Node Type": "Aggregate", "Strategy": "Plain", "Partial Mode": "Finalize", "Parallel Aware": false, "Async Capable": false, "Startup Cost": 257718.85, "Total Cost": 257718.86, "Plan Rows": 1, "Plan Width": 96, "Actual Rows": 1, "Actual Loops": 1, "Plans": [{"Node Type": "Gather", "Parent Relationship": "Outer", "Parallel Aware": false, "Async Capable": false, "Startup Cost": 257718.3, "Total Cost": 257718.81, "Plan Rows": 5, "Plan Width": 96, "Actual Rows": 6, "Actual Loops": 1, "Workers Planned": 5, "Workers Launched": 5, "Single Copy": false, "Plans": [{"Node Type": "Aggregate", "Strategy": "Plain", "Partial Mode": "Partial", "Parent Relationship": "Outer", "Parallel Aware": false, "Async Capable": false, "Startup Cost": 256718.3, "Total Cost": 256718.31, "Plan Rows": 1, "Plan Width": 96, "Actual Rows": 1, "Actual Loops": 6, "Workers": [], "Plans": [{"Node Type": "Hash Join", "Parent Relationship": "Outer", "Parallel Aware": true, "Async Capable": false, "Join Type": "Inner", "Startup Cost": 52791.71, "Total Cost": 256718.13, "Plan Rows": 22, "Plan Width": 41, "Actual Rows": 986, "Actual Loops": 6, "Inner Unique": false, "Hash Cond": "(mi.movie_id = miidx.movie_id)", "Workers": [], "Plans": [{"Node Type": "Hash Join", "Parent Relationship": "Outer", "Parallel Aware": false, "Async Capable": false, "Join Type": "Inner", "Startup Cost": 37441.5, "Total Cost": 241363.1, "Plan Rows": 1262, "Plan Width": 48, "Actual Rows": 1340, "Actual Loops": 6, "Inner Unique": true, "Hash Cond": "(t.kind_id = kt.id)", "Workers": [], "Plans": [{"Node Type": "Nested Loop", "Parent Relationship": "Outer", "Parallel Aware": false, "Async Capable": false, "Join Type": "Inner", "Startup Cost": 37440.4, "Total Cost": 241324.77, "Plan Rows": 8835, "Plan Width": 52, "Actual Rows": 133887, "Actual Loops": 6, "Inner Unique": true, "Workers": [], "Plans": [{"Node Type": "Hash Join", "Parent Relationship": "Outer", "Parallel Aware": true, "Async Capable": false, "Join Type": "Inner", "Startup Cost": 37439.97, "Total Cost": 237263.89, "Plan Rows": 8835, "Plan Width": 27, "Actual Rows": 133887, "Actual Loops": 6, "Inner Unique": false, "Hash Cond": "(mi.movie_id = mc.movie_id)", "Workers": [], "Plans": [{"Node Type": "Hash Join", "Parent Relationship": "Outer", "Parallel Aware": false, "Async Capable": false, "Join Type": "Inner", "Startup Cost": 2.43, "Total Cost": 199403.96, "Plan Rows": 26259, "Plan Width": 4, "Actual Rows": 255652, "Actual Loops": 6, "Inner Unique": true, "Hash Cond": "(mi.info_type_id = it2.id)", "Workers": [], "Plans": [{"Node Type": "Seq Scan", "Parent Relationship": "Outer", "Parallel Aware": true, "Async Capable": false, "Relation Name": "movie_info", "Alias": "mi", "Startup Cost": 0.0, "Total Cost": 191320.4, "Plan Rows": 2967240, "Plan Width": 8, "Actual Rows": 2472620, "Actual Loops": 6, "Workers": []}, {"Node Type": "Hash", "Parent Relationship": "Inner", "Parallel Aware": false, "Async Capable": false, "Startup Cost": 2.41, "Total Cost": 2.41, "Plan Rows": 1, "Plan Width": 4, "Actual Rows": 1, "Actual Loops": 6, "Hash Buckets": 1024, "Original Hash Buckets": 1024, "Hash Batches": 1, "Original Hash Batches": 1, "Peak Memory Usage": 9, "Workers": [], "Plans": [{"Node Type": "Seq Scan", "Parent Relationship": "Outer", "Parallel Aware": false, "Async Capable": false, "Relation Name": "info_type", "Alias": "it2", "Startup Cost": 0.0, "Total Cost": 2.41, "Plan Rows": 1, "Plan Width": 4, "Actual Rows": 1, "Actual Loops": 6, "Filter": "((info)::text = 'genres'::text)", "Rows Removed by Filter": 112, "Workers": []}]}]}, {"Node Type": "Hash", "Parent Relationship": "Inner", "Parallel Aware": true, "Async Capable": false, "Startup Cost": 36487.24, "Total Cost": 36487.24, "Plan Rows": 76024, "Plan Width": 23, "Actual Rows": 100245, "Actual Loops": 6, "Hash Buckets": 1048576, "Original Hash Buckets": 262144, "Hash Batches": 1, "Original Hash Batches": 1, "Peak Memory Usage": 51520, "Workers": [], "Plans": [{"Node Type": "Hash Join", "Parent Relationship": "Outer", "Parallel Aware": false, "Async Capable": false, "Join Type": "Inner", "Startup Cost": 5393.29, "Total Cost": 36487.24, "Plan Rows": 76024, "Plan Width": 23, "Actual Rows": 100245, "Actual Loops": 6, "Inner Unique": true, "Hash Cond": "(mc.company_type_id = ct.id)", "Workers": [], "Plans": [{"Node Type": "Hash Join", "Parent Relationship": "Outer", "Parallel Aware": true, "Async Capable": false, "Join Type": "Inner", "Startup Cost": 5392.23, "Total Cost": 34842.17, "Plan Rows": 304095, "Plan Width": 27, "Actual Rows": 192300, "Actual Loops": 6, "Inner Unique": true, "Hash Cond": "(mc.company_id = cn.id)", "Workers": [], "Plans": [{"Node Type": "Seq Scan", "Parent Relationship": "Outer", "Parallel Aware": true, "Async Capable": false, "Relation Name": "movie_companies", "Alias": "mc", "Startup Cost": 0.0, "Total Cost": 27240.55, "Plan Rows": 841655, "Plan Width": 12, "Actual Rows": 434855, "Actual Loops": 6, "Workers": []}, {"Node Type": "Hash", "Parent Relationship": "Inner", "Parallel Aware": true, "Async Capable": false, "Startup Cost": 4767.92, "Total Cost": 4767.92, "Plan Rows": 49945, "Plan Width": 23, "Actual Rows": 14140, "Actual Loops": 6, "Hash Buckets": 131072, "Original Hash Buckets": 131072, "Hash Batches": 1, "Original Hash Batches": 1, "Peak Memory Usage": 6048, "Workers": [], "Plans": [{"Node Type": "Seq Scan", "Parent Relationship": "Outer", "Parallel Aware": true, "Async Capable": false, "Relation Name": "company_name", "Alias": "cn", "Startup Cost": 0.0, "Total Cost": 4767.92, "Plan Rows": 49945, "Plan Width": 23, "Actual Rows": 14140, "Actual Loops": 6, "Filter": "((country_code)::text = '[us]'::text)", "Rows Removed by Filter": 25026, "Workers": []}]}]}, {"Node Type": "Hash", "Parent Relationship": "Inner", "Parallel Aware": false, "Async Capable": false, "Startup Cost": 1.05, "Total Cost": 1.05, "Plan Rows": 1, "Plan Width": 4, "Actual Rows": 1, "Actual Loops": 6, "Hash Buckets": 1024, "Original Hash Buckets": 1024, "Hash Batches": 1, "Original Hash Batches": 1, "Peak Memory Usage": 9, "Workers": [], "Plans": [{"Node Type": "Seq Scan", "Parent Relationship": "Outer", "Parallel Aware": false, "Async Capable": false, "Relation Name": "company_type", "Alias": "ct", "Startup Cost": 0.0, "Total Cost": 1.05, "Plan Rows": 1, "Plan Width": 4, "Actual Rows": 1, "Actual Loops": 6, "Filter": "((kind)::text = 'distributors'::text)", "Rows Removed by Filter": 3, "Workers": []}]}]}]}]}, {"Node Type": "Index Scan", "Parent Relationship": "Inner", "Parallel Aware": false, "Async Capable": false, "Scan Direction": "Forward", "Index Name": "title_pkey", "Relation Name": "title", "Alias": "t", "Startup Cost": 0.43, "Total Cost": 0.46, "Plan Rows": 1, "Plan Width": 25, "Actual Rows": 1, "Actual Loops": 803320, "Index Cond": "(id = mi.movie_id)", "Rows Removed by Index Recheck": 0, "Workers": []}]}, {"Node Type": "Hash", "Parent Relationship": "Inner", "Parallel Aware": false, "Async Capable": false, "Startup Cost": 1.09, "Total Cost": 1.09, "Plan Rows": 1, "Plan Width": 4, "Actual Rows": 1, "Actual Loops": 6, "Hash Buckets": 1024, "Original Hash Buckets": 1024, "Hash Batches": 1, "Original Hash Batches": 1, "Peak Memory Usage": 9, "Workers": [], "Plans": [{"Node Type": "Seq Scan", "Parent Relationship": "Outer", "Parallel Aware": false, "Async Capable": false, "Relation Name": "kind_type", "Alias": "kt", "Startup Cost": 0.0, "Total Cost": 1.09, "Plan Rows": 1, "Plan Width": 4, "Actual Rows": 1, "Actual Loops": 6, "Filter": "((kind)::text = 'episode'::text)", "Rows Removed by Filter": 6, "Workers": []}]}]}, {"Node Type": "Hash", "Parent Relationship": "Inner", "Parallel Aware": true, "Async Capable": false, "Startup Cost": 15286.6, "Total Cost": 15286.6, "Plan Rows": 5089, "Plan Width": 9, "Actual Rows": 76654, "Actual Loops": 6, "Hash Buckets": 524288, "Original Hash Buckets": 16384, "Hash Batches": 1, "Original Hash Batches": 1, "Peak Memory Usage": 26272, "Workers": [], "Plans": [{"Node Type": "Hash Join", "Parent Relationship": "Outer", "Parallel Aware": false, "Async Capable": false, "Join Type": "Inner", "Startup Cost": 2.43, "Total Cost": 15286.6, "Plan Rows": 5089, "Plan Width": 9, "Actual Rows": 76654, "Actual Loops": 6, "Inner Unique": true, "Hash Cond": "(miidx.info_type_id = it.id)", "Workers": [], "Plans": [{"Node Type": "Seq Scan", "Parent Relationship": "Outer", "Parallel Aware": true, "Async Capable": false, "Relation Name": "movie_info_idx", "Alias": "miidx", "Startup Cost": 0.0, "Total Cost": 13718.15, "Plan Rows": 575015, "Plan Width": 13, "Actual Rows": 230006, "Actual Loops": 6, "Workers": []}, {"Node Type": "Hash", "Parent Relationship": "Inner", "Parallel Aware": false, "Async Capable": false, "Startup Cost": 2.41, "Total Cost": 2.41, "Plan Rows": 1, "Plan Width": 4, "Actual Rows": 1, "Actual Loops": 6, "Hash Buckets": 1024, "Original Hash Buckets": 1024, "Hash Batches": 1, "Original Hash Batches": 1, "Peak Memory Usage": 9, "Workers": [], "Plans": [{"Node Type": "Seq Scan", "Parent Relationship": "Outer", "Parallel Aware": false, "Async Capable": false, "Relation Name": "info_type", "Alias": "it", "Startup Cost": 0.0, "Total Cost": 2.41, "Plan Rows": 1, "Plan Width": 4, "Actual Rows": 1, "Actual Loops": 6, "Filter": "((info)::text = 'votes'::text)", "Rows Removed by Filter": 112, "Workers": []}]}]}]}]}]}]}]}, "Planning Time": 6.253, "Triggers": [], "Execution Time": 1406.625}, {"Plan": {"Node Type": "Aggregate", "Strategy": "Plain", "Partial Mode": "Finalize", "Parallel Aware": false, "Async Capable": false, "Startup Cost": 292248.62, "Total Cost": 292248.63, "Plan Rows": 1, "Plan Width": 96, "Actual Rows": 1, "Actual Loops": 1, "Plans": [{"Node Type": "Gather", "Parent Relationship": "Outer", "Parallel Aware": false, "Async Capable": false, "Startup Cost": 292248.29, "Total Cost": 292248.6, "Plan Rows": 3, "Plan Width": 96, "Actual Rows": 4, "Actual Loops": 1, "Workers Planned": 3, "Workers Launched": 3, "Single Copy": false, "Plans": [{"Node Type": "Aggregate", "Strategy": "Plain", "Partial Mode": "Partial", "Parent Relationship": "Outer", "Parallel Aware": false, "Async Capable": false, "Startup Cost": 291248.29, "Total Cost": 291248.3, "Plan Rows": 1, "Plan Width": 96, "Actual Rows": 1, "Actual Loops": 4, "Workers": [], "Plans": [{"Node Type": "Hash Join", "Parent Relationship": "Outer", "Parallel Aware": true, "Async Capable": false, "Join Type": "Inner", "Startup Cost": 220255.03, "Total Cost": 291248.02, "Plan Rows": 35, "Plan Width": 41, "Actual Rows": 1479, "Actual Loops": 4, "Inner Unique": false, "Hash Cond": "(t.id = mi.movie_id)", "Workers": [], "Plans": [{"Node Type": "Hash Join", "Parent Relationship": "Outer", "Parallel Aware": false, "Async Capable": false, "Join Type": "Inner", "Startup Cost": 5394.82, "Total Cost": 76075.54, "Plan Rows": 10861, "Plan Width": 44, "Actual Rows": 47140, "Actual Loops": 4, "Inner Unique": true, "Hash Cond": "(t.kind_id = kt.id)", "Workers": [], "Plans": [{"Node Type": "Nested Loop", "Parent Relationship": "Outer", "Parallel Aware": false, "Async Capable": false, "Join Type": "Inner", "Startup Cost": 5393.72, "Total Cost": 75754.05, "Plan Rows": 76024, "Plan Width": 48, "Actual Rows": 150368, "Actual Loops": 4, "Inner Unique": true, "Workers": [], "Plans": [{"Node Type": "Hash Join", "Parent Relationship": "Outer", "Parallel Aware": false, "Async Capable": false, "Join Type": "Inner", "Startup Cost": 5393.29, "Total Cost": 36487.24, "Plan Rows": 76024, "Plan Width": 23, "Actual Rows": 150368, "Actual Loops": 4, "Inner Unique": true, "Hash Cond": "(mc.company_type_id = ct.id)", "Workers": [], "Plans": [{"Node Type": "Hash Join", "Parent Relationship": "Outer", "Parallel Aware": true, "Async Capable": false, "Join Type": "Inner", "Startup Cost": 5392.23, "Total Cost": 34842.17, "Plan Rows": 304095, "Plan Width": 27, "Actual Rows": 288450, "Actual Loops": 4, "Inner Unique": true, "Hash Cond": "(mc.company_id = cn.id)", "Workers": [], "Plans": [{"Node Type": "Seq Scan", "Parent Relationship": "Outer", "Parallel Aware": true, "Async Capable": false, "Relation Name": "movie_companies", "Alias": "mc", "Startup Cost": 0.0, "Total Cost": 27240.55, "Plan Rows": 841655, "Plan Width": 12, "Actual Rows": 652282, "Actual Loops": 4, "Workers": []}, {"Node Type": "Hash", "Parent Relationship": "Inner", "Parallel Aware": true, "Async Capable": false, "Startup Cost": 4767.92, "Total Cost": 4767.92, "Plan Rows": 49945, "Plan Width": 23, "Actual Rows": 21211, "Actual Loops": 4, "Hash Buckets": 131072, "Original Hash Buckets": 131072, "Hash Batches": 1, "Original Hash Batches": 1, "Peak Memory Usage": 6080, "Workers": [], "Plans": [{"Node Type": "Seq Scan", "Parent Relationship": "Outer", "Parallel Aware": true, "Async Capable": false, "Relation Name": "company_name", "Alias": "cn", "Startup Cost": 0.0, "Total Cost": 4767.92, "Plan Rows": 49945, "Plan Width": 23, "Actual Rows": 21211, "Actual Loops": 4, "Filter": "((country_code)::text = '[us]'::text)", "Rows Removed by Filter": 37538, "Workers": []}]}]}, {"Node Type": "Hash", "Parent Relationship": "Inner", "Parallel Aware": false, "Async Capable": false, "Startup Cost": 1.05, "Total Cost": 1.05, "Plan Rows": 1, "Plan Width": 4, "Actual Rows": 1, "Actual Loops": 4, "Hash Buckets": 1024, "Original Hash Buckets": 1024, "Hash Batches": 1, "Original Hash Batches": 1, "Peak Memory Usage": 9, "Workers": [], "Plans": [{"Node Type": "Seq Scan", "Parent Relationship": "Outer", "Parallel Aware": false, "Async Capable": false, "Relation Name": "company_type", "Alias": "ct", "Startup Cost": 0.0, "Total Cost": 1.05, "Plan Rows": 1, "Plan Width": 4, "Actual Rows": 1, "Actual Loops": 4, "Filter": "((kind)::text = 'distributors'::text)", "Rows Removed by Filter": 3, "Workers": []}]}]}, {"Node Type": "Index Scan", "Parent Relationship": "Inner", "Parallel Aware": false, "Async Capable": false, "Scan Direction": "Forward", "Index Name": "title_pkey", "Relation Name": "title", "Alias": "t", "Startup Cost": 0.43, "Total Cost": 0.52, "Plan Rows": 1, "Plan Width": 25, "Actual Rows": 1, "Actual Loops": 601470, "Index Cond": "(id = mc.movie_id)", "Rows Removed by Index Recheck": 0, "Workers": []}]}, {"Node Type": "Hash", "Parent Relationship": "Inner", "Parallel Aware": false, "Async Capable": false, "Startup Cost": 1.09, "Total Cost": 1.09, "Plan Rows": 1, "Plan Width": 4, "Actual Rows": 1, "Actual Loops": 4, "Hash Buckets": 1024, "Original Hash Buckets": 1024, "Hash Batches": 1, "Original Hash Batches": 1, "Peak Memory Usage": 9, "Workers": [], "Plans": [{"Node Type": "Seq Scan", "Parent Relationship": "Outer", "Parallel Aware": false, "Async Capable": false, "Relation Name": "kind_type", "Alias": "kt", "Startup Cost": 0.0, "Total Cost": 1.09, "Plan Rows": 1, "Plan Width": 4, "Actual Rows": 1, "Actual Loops": 4, "Filter": "((kind)::text = 'episode'::text)", "Rows Removed by Filter": 6, "Workers": []}]}]}, {"Node Type": "Hash", "Parent Relationship": "Inner", "Parallel Aware": true, "Async Capable": false, "Startup Cost": 214854.53, "Total Cost": 214854.53, "Plan Rows": 454, "Plan Width": 13, "Actual Rows": 136551, "Actual Loops": 4, "Hash Buckets": 1048576, "Original Hash Buckets": 4096, "Hash Batches": 1, "Original Hash Batches": 1, "Peak Memory Usage": 42016, "Workers": [], "Plans": [{"Node Type": "Hash Join", "Parent Relationship": "Outer", "Parallel Aware": true, "Async Capable": false, "Join Type": "Inner", "Startup Cost": 15352.64, "Total Cost": 214854.53, "Plan Rows": 454, "Plan Width": 13, "Actual Rows": 136551, "Actual Loops": 4, "Inner Unique": false, "Hash Cond": "(mi.movie_id = miidx.movie_id)", "Workers": [], "Plans": [{"Node Type": "Hash Join", "Parent Relationship": "Outer", "Parallel Aware": false, "Async Capable": false, "Join Type": "Inner", "Startup Cost": 2.43, "Total Cost": 199403.96, "Plan Rows": 26259, "Plan Width": 4, "Actual Rows": 383477, "Actual Loops": 4, "Inner Unique": true, "Hash Cond": "(mi.info_type_id = it2.id)", "Workers": [], "Plans": [{"Node Type": "Seq Scan", "Parent Relationship": "Outer", "Parallel Aware": true, "Async Capable": false, "Relation Name": "movie_info", "Alias": "mi", "Startup Cost": 0.0, "Total Cost": 191320.4, "Plan Rows": 2967240, "Plan Width": 8, "Actual Rows": 3708930, "Actual Loops": 4, "Workers": []}, {"Node Type": "Hash", "Parent Relationship": "Inner", "Parallel Aware": false, "Async Capable": false, "Startup Cost": 2.41, "Total Cost": 2.41, "Plan Rows": 1, "Plan Width": 4, "Actual Rows": 1, "Actual Loops": 4, "Hash Buckets": 1024, "Original Hash Buckets": 1024, "Hash Batches": 1, "Original Hash Batches": 1, "Peak Memory Usage": 9, "Workers": [], "Plans": [{"Node Type": "Seq Scan", "Parent Relationship": "Outer", "Parallel Aware": false, "Async Capable": false, "Relation Name": "info_type", "Alias": "it2", "Startup Cost": 0.0, "Total Cost": 2.41, "Plan Rows": 1, "Plan Width": 4, "Actual Rows": 1, "Actual Loops": 4, "Filter": "((info)::text = 'genres'::text)", "Rows Removed by Filter": 112, "Workers": []}]}]}, {"Node Type": "Hash", "Parent Relationship": "Inner", "Parallel Aware": true, "Async Capable": false, "Startup Cost": 15286.6, "Total Cost": 15286.6, "Plan Rows": 5089, "Plan Width": 9, "Actual Rows": 114981, "Actual Loops": 4, "Hash Buckets": 524288, "Original Hash Buckets": 16384, "Hash Batches": 1, "Original Hash Batches": 1, "Peak Memory Usage": 26304, "Workers": [], "Plans": [{"Node Type": "Hash Join", "Parent Relationship": "Outer", "Parallel Aware": false, "Async Capable": false, "Join Type": "Inner", "Startup Cost": 2.43, "Total Cost": 15286.6, "Plan Rows": 5089, "Plan Width": 9, "Actual Rows": 114981, "Actual Loops": 4, "Inner Unique": true, "Hash Cond": "(miidx.info_type_id = it.id)", "Workers": [], "Plans": [{"Node Type": "Seq Scan", "Parent Relationship": "Outer", "Parallel Aware": true, "Async Capable": false, "Relation Name": "movie_info_idx", "Alias": "miidx", "Startup Cost": 0.0, "Total Cost": 13718.15, "Plan Rows": 575015, "Plan Width": 13, "Actual Rows": 345009, "Actual Loops": 4, "Workers": []}, {"Node Type": "Hash", "Parent Relationship": "Inner", "Parallel Aware": false, "Async Capable": false, "Startup Cost": 2.41, "Total Cost": 2.41, "Plan Rows": 1, "Plan Width": 4, "Actual Rows": 1, "Actual Loops": 4, "Hash Buckets": 1024, "Original Hash Buckets": 1024, "Hash Batches": 1, "Original Hash Batches": 1, "Peak Memory Usage": 9, "Workers": [], "Plans": [{"Node Type": "Seq Scan", "Parent Relationship": "Outer", "Parallel Aware": false, "Async Capable": false, "Relation Name": "info_type", "Alias": "it", "Startup Cost": 0.0, "Total Cost": 2.41, "Plan Rows": 1, "Plan Width": 4, "Actual Rows": 1, "Actual Loops": 4, "Filter": "((info)::text = 'votes'::text)", "Rows Removed by Filter": 112, "Workers": []}]}]}]}]}]}]}]}]}]}, "Planning Time": 6.185, "Triggers": [], "Execution Time": 2213.493}, {"Plan": {"Node Type": "Aggregate", "Strategy": "Plain", "Partial Mode": "Finalize", "Parallel Aware": false, "Async Capable": false, "Startup Cost": 258084.79, "Total Cost": 258084.8, "Plan Rows": 1, "Plan Width": 96, "Actual Rows": 1, "Actual Loops": 1, "Plans": [{"Node Type": "Gather", "Parent Relationship": "Outer", "Parallel Aware": false, "Async Capable": false, "Startup Cost": 258084.46, "Total Cost": 258084.77, "Plan Rows": 3, "Plan Width": 96, "Actual Rows": 4, "Actual Loops": 1, "Workers Planned": 3, "Workers Launched": 3, "Single Copy": false, "Plans": [{"Node Type": "Aggregate", "Strategy": "Plain", "Partial Mode": "Partial", "Parent Relationship": "Outer", "Parallel Aware": false, "Async Capable": false, "Startup Cost": 257084.46, "Total Cost": 257084.47, "Plan Rows": 1, "Plan Width": 96, "Actual Rows": 1, "Actual Loops": 4, "Workers": [], "Plans": [{"Node Type": "Nested Loop", "Parent Relationship": "Outer", "Parallel Aware": false, "Async Capable": false, "Join Type": "Inner", "Startup Cost": 215068.52, "Total Cost": 257084.19, "Plan Rows": 35, "Plan Width": 41, "Actual Rows": 1479, "Actual Loops": 4, "Inner Unique": true, "Workers": [], "Plans": [{"Node Type": "Hash Join", "Parent Relationship": "Outer", "Parallel Aware": false, "Async Capable": false, "Join Type": "Inner", "Startup Cost": 215068.1, "Total Cost": 257040.93, "Plan Rows": 97, "Plan Width": 26, "Actual Rows": 2636, "Actual Loops": 4, "Inner Unique": true, "Hash Cond": "(mc.company_type_id = ct.id)", "Workers": [], "Plans": [{"Node Type": "Hash Join", "Parent Relationship": "Outer", "Parallel Aware": true, "Async Capable": false, "Join Type": "Inner", "Startup Cost": 215067.03, "Total Cost": 257037.32, "Plan Rows": 470, "Plan Width": 30, "Actual Rows": 5684, "Actual Loops": 4, "Inner Unique": false, "Hash Cond": "(mc.movie_id = mi.movie_id)", "Workers": [], "Plans": [{"Node Type": "Seq Scan", "Parent Relationship": "Outer", "Parallel Aware": true, "Async Capable": false, "Relation Name": "movie_companies", "Alias": "mc", "Startup Cost": 0.0, "Total Cost": 27240.55, "Plan Rows": 841655, "Plan Width": 12, "Actual Rows": 652282, "Actual Loops": 4, "Workers": []}, {"Node Type": "Hash", "Parent Relationship": "Inner", "Parallel Aware": true, "Async Capable": false, "Startup Cost": 215066.22, "Total Cost": 215066.22, "Plan Rows": 65, "Plan Width": 34, "Actual Rows": 2074, "Actual Loops": 4, "Hash Buckets": 8192, "Original Hash Buckets": 1024, "Hash Batches": 1, "Original Hash Batches": 1, "Peak Memory Usage": 792, "Workers": [], "Plans": [{"Node Type": "Hash Join", "Parent Relationship": "Outer", "Parallel Aware": false, "Async Capable": false, "Join Type": "Inner", "Startup Cost": 15354.17, "Total Cost": 215066.22, "Plan Rows": 65, "Plan Width": 34, "Actual Rows": 2074, "Actual Loops": 4, "Inner Unique": true, "Hash Cond": "(t.kind_id = kt.id)", "Workers": [], "Plans": [{"Node Type": "Nested Loop", "Parent Relationship": "Outer", "Parallel Aware": false, "Async Capable": false, "Join Type": "Inner", "Startup Cost": 15353.07, "Total Cost": 215063.21, "Plan Rows": 454, "Plan Width": 38, "Actual Rows": 136551, "Actual Loops": 4, "Inner Unique": true, "Workers": [], "Plans": [{"Node Type": "Hash Join", "Parent Relationship": "Outer", "Parallel Aware": true, "Async Capable": false, "Join Type": "Inner", "Startup Cost": 15352.64, "Total Cost": 214854.53, "Plan Rows": 454, "Plan Width": 13, "Actual Rows": 136551, "Actual Loops": 4, "Inner Unique": false, "Hash Cond": "(mi.movie_id = miidx.movie_id)", "Workers": [], "Plans": [{"Node Type": "Hash Join", "Parent Relationship": "Outer", "Parallel Aware": false, "Async Capable": false, "Join Type": "Inner", "Startup Cost": 2.43, "Total Cost": 199403.96, "Plan Rows": 26259, "Plan Width": 4, "Actual Rows": 383477, "Actual Loops": 4, "Inner Unique": true, "Hash Cond": "(mi.info_type_id = it2.id)", "Workers": [], "Plans": [{"Node Type": "Seq Scan", "Parent Relationship": "Outer", "Parallel Aware": true, "Async Capable": false, "Relation Name": "movie_info", "Alias": "mi", "Startup Cost": 0.0, "Total Cost": 191320.4, "Plan Rows": 2967240, "Plan Width": 8, "Actual Rows": 3708930, "Actual Loops": 4, "Workers": []}, {"Node Type": "Hash", "Parent Relationship": "Inner", "Parallel Aware": false, "Async Capable": false, "Startup Cost": 2.41, "Total Cost": 2.41, "Plan Rows": 1, "Plan Width": 4, "Actual Rows": 1, "Actual Loops": 4, "Hash Buckets": 1024, "Original Hash Buckets": 1024, "Hash Batches": 1, "Original Hash Batches": 1, "Peak Memory Usage": 9, "Workers": [], "Plans": [{"Node Type": "Seq Scan", "Parent Relationship": "Outer", "Parallel Aware": false, "Async Capable": false, "Relation Name": "info_type", "Alias": "it2", "Startup Cost": 0.0, "Total Cost": 2.41, "Plan Rows": 1, "Plan Width": 4, "Actual Rows": 1, "Actual Loops": 4, "Filter": "((info)::text = 'genres'::text)", "Rows Removed by Filter": 112, "Workers": []}]}]}, {"Node Type": "Hash", "Parent Relationship": "Inner", "Parallel Aware": true, "Async Capable": false, "Startup Cost": 15286.6, "Total Cost": 15286.6, "Plan Rows": 5089, "Plan Width": 9, "Actual Rows": 114981, "Actual Loops": 4, "Hash Buckets": 524288, "Original Hash Buckets": 16384, "Hash Batches": 1, "Original Hash Batches": 1, "Peak Memory Usage": 26272, "Workers": [], "Plans": [{"Node Type": "Hash Join", "Parent Relationship": "Outer", "Parallel Aware": false, "Async Capable": false, "Join Type": "Inner", "Startup Cost": 2.43, "Total Cost": 15286.6, "Plan Rows": 5089, "Plan Width": 9, "Actual Rows": 114981, "Actual Loops": 4, "Inner Unique": true, "Hash Cond": "(miidx.info_type_id = it.id)", "Workers": [], "Plans": [{"Node Type": "Seq Scan", "Parent Relationship": "Outer", "Parallel Aware": true, "Async Capable": false, "Relation Name": "movie_info_idx", "Alias": "miidx", "Startup Cost": 0.0, "Total Cost": 13718.15, "Plan Rows": 575015, "Plan Width": 13, "Actual Rows": 345009, "Actual Loops": 4, "Workers": []}, {"Node Type": "Hash", "Parent Relationship": "Inner", "Parallel Aware": false, "Async Capable": false, "Startup Cost": 2.41, "Total Cost": 2.41, "Plan Rows": 1, "Plan Width": 4, "Actual Rows": 1, "Actual Loops": 4, "Hash Buckets": 1024, "Original Hash Buckets": 1024, "Hash Batches": 1, "Original Hash Batches": 1, "Peak Memory Usage": 9, "Workers": [], "Plans": [{"Node Type": "Seq Scan", "Parent Relationship": "Outer", "Parallel Aware": false, "Async Capable": false, "Relation Name": "info_type", "Alias": "it", "Startup Cost": 0.0, "Total Cost": 2.41, "Plan Rows": 1, "Plan Width": 4, "Actual Rows": 1, "Actual Loops": 4, "Filter": "((info)::text = 'votes'::text)", "Rows Removed by Filter": 112, "Workers": []}]}]}]}]}, {"Node Type": "Index Scan", "Parent Relationship": "Inner", "Parallel Aware": false, "Async Capable": false, "Scan Direction": "Forward", "Index Name": "title_pkey", "Relation Name": "title", "Alias": "t", "Startup Cost": 0.43, "Total Cost": 0.46, "Plan Rows": 1, "Plan Width": 25, "Actual Rows": 1, "Actual Loops": 546205, "Index Cond": "(id = mi.movie_id)", "Rows Removed by Index Recheck": 0, "Workers": []}]}, {"Node Type": "Hash", "Parent Relationship": "Inner", "Parallel Aware": false, "Async Capable": false, "Startup Cost": 1.09, "Total Cost": 1.09, "Plan Rows": 1, "Plan Width": 4, "Actual Rows": 1, "Actual Loops": 4, "Hash Buckets": 1024, "Original Hash Buckets": 1024, "Hash Batches": 1, "Original Hash Batches": 1, "Peak Memory Usage": 9, "Workers": [], "Plans": [{"Node Type": "Seq Scan", "Parent Relationship": "Outer", "Parallel Aware": false, "Async Capable": false, "Relation Name": "kind_type", "Alias": "kt", "Startup Cost": 0.0, "Total Cost": 1.09, "Plan Rows": 1, "Plan Width": 4, "Actual Rows": 1, "Actual Loops": 4, "Filter": "((kind)::text = 'episode'::text)", "Rows Removed by Filter": 6, "Workers": []}]}]}]}]}, {"Node Type": "Hash", "Parent Relationship": "Inner", "Parallel Aware": false, "Async Capable": false, "Startup Cost": 1.05, "Total Cost": 1.05, "Plan Rows": 1, "Plan Width": 4, "Actual Rows": 1, "Actual Loops": 4, "Hash Buckets": 1024, "Original Hash Buckets": 1024, "Hash Batches": 1, "Original Hash Batches": 1, "Peak Memory Usage": 9, "Workers": [], "Plans": [{"Node Type": "Seq Scan", "Parent Relationship": "Outer", "Parallel Aware": false, "Async Capable": false, "Relation Name": "company_type", "Alias": "ct", "Startup Cost": 0.0, "Total Cost": 1.05, "Plan Rows": 1, "Plan Width": 4, "Actual Rows": 1, "Actual Loops": 4, "Filter": "((kind)::text = 'distributors'::text)", "Rows Removed by Filter": 3, "Workers": []}]}]}, {"Node Type": "Index Scan", "Parent Relationship": "Inner", "Parallel Aware": false, "Async Capable": false, "Scan Direction": "Forward", "Index Name": "company_name_pkey", "Relation Name": "company_name", "Alias": "cn", "Startup Cost": 0.42, "Total Cost": 0.45, "Plan Rows": 1, "Plan Width": 23, "Actual Rows": 1, "Actual Loops": 10544, "Index Cond": "(id = mc.company_id)", "Rows Removed by Index Recheck": 0, "Filter": "((country_code)::text = '[us]'::text)", "Rows Removed by Filter": 0, "Workers": []}]}]}]}]}, "Planning Time": 8.192, "Triggers": [], "Execution Time": 1913.674}, {"Plan": {"Node Type": "Aggregate", "Strategy": "Plain", "Partial Mode": "Finalize", "Parallel Aware": false, "Async Capable": false, "Startup Cost": 313750.8, "Total Cost": 313750.81, "Plan Rows": 1, "Plan Width": 96, "Actual Rows": 1, "Actual Loops": 1, "Plans": [{"Node Type": "Gather", "Parent Relationship": "Outer", "Parallel Aware": false, "Async Capable": false, "Startup Cost": 313750.46, "Total Cost": 313750.77, "Plan Rows": 3, "Plan Width": 96, "Actual Rows": 4, "Actual Loops": 1, "Workers Planned": 3, "Workers Launched": 3, "Single Copy": false, "Plans": [{"Node Type": "Aggregate", "Strategy": "Plain", "Partial Mode": "Partial", "Parent Relationship": "Outer", "Parallel Aware": false, "Async Capable": false, "Startup Cost": 312750.46, "Total Cost": 312750.47, "Plan Rows": 1, "Plan Width": 96, "Actual Rows": 1, "Actual Loops": 4, "Workers": [], "Plans": [{"Node Type": "Hash Join", "Parent Relationship": "Outer", "Parallel Aware": true, "Async Capable": false, "Join Type": "Inner", "Startup Cost": 260984.04, "Total Cost": 312750.2, "Plan Rows": 35, "Plan Width": 41, "Actual Rows": 1479, "Actual Loops": 4, "Inner Unique": false, "Hash Cond": "(mi.movie_id = t.id)", "Workers": [], "Plans": [{"Node Type": "Nested Loop", "Parent Relationship": "Outer", "Parallel Aware": false, "Async Capable": false, "Join Type": "Inner", "Startup Cost": 214861.69, "Total Cost": 266626.84, "Plan Rows": 246, "Plan Width": 36, "Actual Rows": 135302, "Actual Loops": 4, "Inner Unique": true, "Workers": [], "Plans": [{"Node Type": "Hash Join", "Parent Relationship": "Outer", "Parallel Aware": false, "Async Capable": false, "Join Type": "Inner", "Startup Cost": 214861.27, "Total Cost": 266322.66, "Plan Rows": 682, "Plan Width": 21, "Actual Rows": 344630, "Actual Loops": 4, "Inner Unique": true, "Hash Cond": "(mc.company_type_id = ct.id)", "Workers": [], "Plans": [{"Node Type": "Hash Join", "Parent Relationship": "Outer", "Parallel Aware": true, "Async Capable": false, "Join Type": "Inner", "Startup Cost": 214860.21, "Total Cost": 266303.79, "Plan Rows": 3293, "Plan Width": 25, "Actual Rows": 548539, "Actual Loops": 4, "Inner Unique": false, "Hash Cond": "(mc.movie_id = mi.movie_id)", "Workers": [], "Plans": [{"Node Type": "Seq Scan", "Parent Relationship": "Outer", "Parallel Aware": true, "Async Capable": false, "Relation Name": "movie_companies", "Alias": "mc", "Startup Cost": 0.0, "Total Cost": 27240.55, "Plan Rows": 841655, "Plan Width": 12, "Actual Rows": 652282, "Actual Loops": 4, "Workers": []}, {"Node Type": "Hash", "Parent Relationship": "Inner", "Parallel Aware": true, "Async Capable": false, "Startup Cost": 214854.53, "Total Cost": 214854.53, "Plan Rows": 454, "Plan Width": 13, "Actual Rows": 136551, "Actual Loops": 4, "Hash Buckets": 1048576, "Original Hash Buckets": 4096, "Hash Batches": 1, "Original Hash Batches": 1, "Peak Memory Usage": 42016, "Workers": [], "Plans": [{"Node Type": "Hash Join", "Parent Relationship": "Outer", "Parallel Aware": true, "Async Capable": false, "Join Type": "Inner", "Startup Cost": 15352.64, "Total Cost": 214854.53, "Plan Rows": 454, "Plan Width": 13, "Actual Rows": 136551, "Actual Loops": 4, "Inner Unique": false, "Hash Cond": "(mi.movie_id = miidx.movie_id)", "Workers": [], "Plans": [{"Node Type": "Hash Join", "Parent Relationship": "Outer", "Parallel Aware": false, "Async Capable": false, "Join Type": "Inner", "Startup Cost": 2.43, "Total Cost": 199403.96, "Plan Rows": 26259, "Plan Width": 4, "Actual Rows": 383477, "Actual Loops": 4, "Inner Unique": true, "Hash Cond": "(mi.info_type_id = it2.id)", "Workers": [], "Plans": [{"Node Type": "Seq Scan", "Parent Relationship": "Outer", "Parallel Aware": true, "Async Capable": false, "Relation Name": "movie_info", "Alias": "mi", "Startup Cost": 0.0, "Total Cost": 191320.4, "Plan Rows": 2967240, "Plan Width": 8, "Actual Rows": 3708930, "Actual Loops": 4, "Workers": []}, {"Node Type": "Hash", "Parent Relationship": "Inner", "Parallel Aware": false, "Async Capable": false, "Startup Cost": 2.41, "Total Cost": 2.41, "Plan Rows": 1, "Plan Width": 4, "Actual Rows": 1, "Actual Loops": 4, "Hash Buckets": 1024, "Original Hash Buckets": 1024, "Hash Batches": 1, "Original Hash Batches": 1, "Peak Memory Usage": 9, "Workers": [], "Plans": [{"Node Type": "Seq Scan", "Parent Relationship": "Outer", "Parallel Aware": false, "Async Capable": false, "Relation Name": "info_type", "Alias": "it2", "Startup Cost": 0.0, "Total Cost": 2.41, "Plan Rows": 1, "Plan Width": 4, "Actual Rows": 1, "Actual Loops": 4, "Filter": "((info)::text = 'genres'::text)", "Rows Removed by Filter": 112, "Workers": []}]}]}, {"Node Type": "Hash", "Parent Relationship": "Inner", "Parallel Aware": true, "Async Capable": false, "Startup Cost": 15286.6, "Total Cost": 15286.6, "Plan Rows": 5089, "Plan Width": 9, "Actual Rows": 114981, "Actual Loops": 4, "Hash Buckets": 524288, "Original Hash Buckets": 16384, "Hash Batches": 1, "Original Hash Batches": 1, "Peak Memory Usage": 26272, "Workers": [], "Plans": [{"Node Type": "Hash Join", "Parent Relationship": "Outer", "Parallel Aware": false, "Async Capable": false, "Join Type": "Inner", "Startup Cost": 2.43, "Total Cost": 15286.6, "Plan Rows": 5089, "Plan Width": 9, "Actual Rows": 114981, "Actual Loops": 4, "Inner Unique": true, "Hash Cond": "(miidx.info_type_id = it.id)", "Workers": [], "Plans": [{"Node Type": "Seq Scan", "Parent Relationship": "Outer", "Parallel Aware": true, "Async Capable": false, "Relation Name": "movie_info_idx", "Alias": "miidx", "Startup Cost": 0.0, "Total Cost": 13718.15, "Plan Rows": 575015, "Plan Width": 13, "Actual Rows": 345009, "Actual Loops": 4, "Workers": []}, {"Node Type": "Hash", "Parent Relationship": "Inner", "Parallel Aware": false, "Async Capable": false, "Startup Cost": 2.41, "Total Cost": 2.41, "Plan Rows": 1, "Plan Width": 4, "Actual Rows": 1, "Actual Loops": 4, "Hash Buckets": 1024, "Original Hash Buckets": 1024, "Hash Batches": 1, "Original Hash Batches": 1, "Peak Memory Usage": 9, "Workers": [], "Plans": [{"Node Type": "Seq Scan", "Parent Relationship": "Outer", "Parallel Aware": false, "Async Capable": false, "Relation Name": "info_type", "Alias": "it", "Startup Cost": 0.0, "Total Cost": 2.41, "Plan Rows": 1, "Plan Width": 4, "Actual Rows": 1, "Actual Loops": 4, "Filter": "((info)::text = 'votes'::text)", "Rows Removed by Filter": 112, "Workers": []}]}]}]}]}]}]}, {"Node Type": "Hash", "Parent Relationship": "Inner", "Parallel Aware": false, "Async Capable": false, "Startup Cost": 1.05, "Total Cost": 1.05, "Plan Rows": 1, "Plan Width": 4, "Actual Rows": 1, "Actual Loops": 4, "Hash Buckets": 1024, "Original Hash Buckets": 1024, "Hash Batches": 1, "Original Hash Batches": 1, "Peak Memory Usage": 9, "Workers": [], "Plans": [{"Node Type": "Seq Scan", "Parent Relationship": "Outer", "Parallel Aware": false, "Async Capable": false, "Relation Name": "company_type", "Alias": "ct", "Startup Cost": 0.0, "Total Cost": 1.05, "Plan Rows": 1, "Plan Width": 4, "Actual Rows": 1, "Actual Loops": 4, "Filter": "((kind)::text = 'distributors'::text)", "Rows Removed by Filter": 3, "Workers": []}]}]}, {"Node Type": "Index Scan", "Parent Relationship": "Inner", "Parallel Aware": false, "Async Capable": false, "Scan Direction": "Forward", "Index Name": "company_name_pkey", "Relation Name": "company_name", "Alias": "cn", "Startup Cost": 0.42, "Total Cost": 0.45, "Plan Rows": 1, "Plan Width": 23, "Actual Rows": 0, "Actual Loops": 1378520, "Index Cond": "(id = mc.company_id)", "Rows Removed by Index Recheck": 0, "Filter": "((country_code)::text = '[us]'::text)", "Rows Removed by Filter": 1, "Workers": []}]}, {"Node Type": "Hash", "Parent Relationship": "Inner", "Parallel Aware": true, "Async Capable": false, "Startup Cost": 44993.64, "Total Cost": 44993.64, "Plan Rows": 90297, "Plan Width": 21, "Actual Rows": 385816, "Actual Loops": 4, "Hash Buckets": 2097152, "Original Hash Buckets": 524288, "Hash Batches": 1, "Original Hash Batches": 1, "Peak Memory Usage": 113760, "Workers": [], "Plans": [{"Node Type": "Hash Join", "Parent Relationship": "Outer", "Parallel Aware": false, "Async Capable": false, "Join Type": "Inner", "Startup Cost": 1.1, "Total Cost": 44993.64, "Plan Rows": 90297, "Plan Width": 21, "Actual Rows": 385816, "Actual Loops": 4, "Inner Unique": true, "Hash Cond": "(t.kind_id = kt.id)", "Workers": [], "Plans": [{"Node Type": "Seq Scan", "Parent Relationship": "Outer", "Parallel Aware": true, "Async Capable": false, "Relation Name": "title", "Alias": "t", "Startup Cost": 0.0, "Total Cost": 42328.78, "Plan Rows": 632078, "Plan Width": 25, "Actual Rows": 632078, "Actual Loops": 4, "Workers": []}, {"Node Type": "Hash", "Parent Relationship": "Inner", "Parallel Aware": false, "Async Capable": false, "Startup Cost": 1.09, "Total Cost": 1.09, "Plan Rows": 1, "Plan Width": 4, "Actual Rows": 1, "Actual Loops": 4, "Hash Buckets": 1024, "Original Hash Buckets": 1024, "Hash Batches": 1, "Original Hash Batches": 1, "Peak Memory Usage": 9, "Workers": [], "Plans": [{"Node Type": "Seq Scan", "Parent Relationship": "Outer", "Parallel Aware": false, "Async Capable": false, "Relation Name": "kind_type", "Alias": "kt", "Startup Cost": 0.0, "Total Cost": 1.09, "Plan Rows": 1, "Plan Width": 4, "Actual Rows": 1, "Actual Loops": 4, "Filter": "((kind)::text = 'episode'::text)", "Rows Removed by Filter": 6, "Workers": []}]}]}]}]}]}]}]}, "Planning Time": 5.434, "Triggers": [], "Execution Time": 3072.186}, {"Plan": {"Node Type": "Aggregate", "Strategy": "Plain", "Partial Mode": "Finalize", "Parallel Aware": false, "Async Capable": false, "Startup Cost": 256649.86, "Total Cost": 256649.87, "Plan Rows": 1, "Plan Width": 96, "Actual Rows": 1, "Actual Loops": 1, "Plans": [{"Node Type": "Gather", "Parent Relationship": "Outer", "Parallel Aware": false, "Async Capable": false, "Startup Cost": 256649.63, "Total Cost": 256649.84, "Plan Rows": 2, "Plan Width": 96, "Actual Rows": 3, "Actual Loops": 1, "Workers Planned": 2, "Workers Launched": 2, "Single Copy": false, "Plans": [{"Node Type": "Aggregate", "Strategy": "Plain", "Partial Mode": "Partial", "Parent Relationship": "Outer", "Parallel Aware": false, "Async Capable": false, "Startup Cost": 255649.63, "Total Cost": 255649.64, "Plan Rows": 1, "Plan Width": 96, "Actual Rows": 1, "Actual Loops": 3, "Workers": [], "Plans": [{"Node Type": "Hash Join", "Parent Relationship": "Outer", "Parallel Aware": true, "Async Capable": false, "Join Type": "Inner", "Startup Cost": 237378.28, "Total Cost": 255649.29, "Plan Rows": 45, "Plan Width": 41, "Actual Rows": 1972, "Actual Loops": 3, "Inner Unique": false, "Hash Cond": "(t.id = mi.movie_id)", "Workers": [], "Plans": [{"Node Type": "Hash Join", "Parent Relationship": "Outer", "Parallel Aware": false, "Async Capable": false, "Join Type": "Inner", "Startup Cost": 3.96, "Total Cost": 18250.4, "Plan Rows": 727, "Plan Width": 30, "Actual Rows": 47302, "Actual Loops": 3, "Inner Unique": true, "Hash Cond": "(t.kind_id = kt.id)", "Workers": [], "Plans": [{"Node Type": "Nested Loop", "Parent Relationship": "Outer", "Parallel Aware": false, "Async Capable": false, "Join Type": "Inner", "Startup Cost": 2.86, "Total Cost": 18227.86, "Plan Rows": 5089, "Plan Width": 34, "Actual Rows": 153308, "Actual Loops": 3, "Inner Unique": true, "Workers": [], "Plans": [{"Node Type": "Hash Join", "Parent Relationship": "Outer", "Parallel Aware": false, "Async Capable": false, "Join Type": "Inner", "Startup Cost": 2.43, "Total Cost": 15286.6, "Plan Rows": 5089, "Plan Width": 9, "Actual Rows": 153308, "Actual Loops": 3, "Inner Unique": true, "Hash Cond": "(miidx.info_type_id = it.id)", "Workers": [], "Plans": [{"Node Type": "Seq Scan", "Parent Relationship": "Outer", "Parallel Aware": true, "Async Capable": false, "Relation Name": "movie_info_idx", "Alias": "miidx", "Startup Cost": 0.0, "Total Cost": 13718.15, "Plan Rows": 575015, "Plan Width": 13, "Actual Rows": 460012, "Actual Loops": 3, "Workers": []}, {"Node Type": "Hash", "Parent Relationship": "Inner", "Parallel Aware": false, "Async Capable": false, "Startup Cost": 2.41, "Total Cost": 2.41, "Plan Rows": 1, "Plan Width": 4, "Actual Rows": 1, "Actual Loops": 3, "Hash Buckets": 1024, "Original Hash Buckets": 1024, "Hash Batches": 1, "Original Hash Batches": 1, "Peak Memory Usage": 9, "Workers": [], "Plans": [{"Node Type": "Seq Scan", "Parent Relationship": "Outer", "Parallel Aware": false, "Async Capable": false, "Relation Name": "info_type", "Alias": "it", "Startup Cost": 0.0, "Total Cost": 2.41, "Plan Rows": 1, "Plan Width": 4, "Actual Rows": 1, "Actual Loops": 3, "Filter": "((info)::text = 'votes'::text)", "Rows Removed by Filter": 112, "Workers": []}]}]}, {"Node Type": "Index Scan", "Parent Relationship": "Inner", "Parallel Aware": false, "Async Capable": false, "Scan Direction": "Forward", "Index Name": "title_pkey", "Relation Name": "title", "Alias": "t", "Startup Cost": 0.43, "Total Cost": 0.58, "Plan Rows": 1, "Plan Width": 25, "Actual Rows": 1, "Actual Loops": 459925, "Index Cond": "(id = miidx.movie_id)", "Rows Removed by Index Recheck": 0, "Workers": []}]}, {"Node Type": "Hash", "Parent Relationship": "Inner", "Parallel Aware": false, "Async Capable": false, "Startup Cost": 1.09, "Total Cost": 1.09, "Plan Rows": 1, "Plan Width": 4, "Actual Rows": 1, "Actual Loops": 3, "Hash Buckets": 1024, "Original Hash Buckets": 1024, "Hash Batches": 1, "Original Hash Batches": 1, "Peak Memory Usage": 9, "Workers": [], "Plans": [{"Node Type": "Seq Scan", "Parent Relationship": "Outer", "Parallel Aware": false, "Async Capable": false, "Relation Name": "kind_type", "Alias": "kt", "Startup Cost": 0.0, "Total Cost": 1.09, "Plan Rows": 1, "Plan Width": 4, "Actual Rows": 1, "Actual Loops": 3, "Filter": "((kind)::text = 'episode'::text)", "Rows Removed by Filter": 6, "Workers": []}]}]}, {"Node Type": "Hash", "Parent Relationship": "Inner", "Parallel Aware": true, "Async Capable": false, "Startup Cost": 237263.89, "Total Cost": 237263.89, "Plan Rows": 8835, "Plan Width": 27, "Actual Rows": 267773, "Actual Loops": 3, "Hash Buckets": 1048576, "Original Hash Buckets": 65536, "Hash Batches": 1, "Original Hash Batches": 1, "Peak Memory Usage": 67616, "Workers": [], "Plans": [{"Node Type": "Hash Join", "Parent Relationship": "Outer", "Parallel Aware": true, "Async Capable": false, "Join Type": "Inner", "Startup Cost": 37439.97, "Total Cost": 237263.89, "Plan Rows": 8835, "Plan Width": 27, "Actual Rows": 267773, "Actual Loops": 3, "Inner Unique": false, "Hash Cond": "(mi.movie_id = mc.movie_id)", "Workers": [], "Plans": [{"Node Type": "Hash Join", "Parent Relationship": "Outer", "Parallel Aware": false, "Async Capable": false, "Join Type": "Inner", "Startup Cost": 2.43, "Total Cost": 199403.96, "Plan Rows": 26259, "Plan Width": 4, "Actual Rows": 511303, "Actual Loops": 3, "Inner Unique": true, "Hash Cond": "(mi.info_type_id = it2.id)", "Workers": [], "Plans": [{"Node Type": "Seq Scan", "Parent Relationship": "Outer", "Parallel Aware": true, "Async Capable": false, "Relation Name": "movie_info", "Alias": "mi", "Startup Cost": 0.0, "Total Cost": 191320.4, "Plan Rows": 2967240, "Plan Width": 8, "Actual Rows": 4945240, "Actual Loops": 3, "Workers": []}, {"Node Type": "Hash", "Parent Relationship": "Inner", "Parallel Aware": false, "Async Capable": false, "Startup Cost": 2.41, "Total Cost": 2.41, "Plan Rows": 1, "Plan Width": 4, "Actual Rows": 1, "Actual Loops": 3, "Hash Buckets": 1024, "Original Hash Buckets": 1024, "Hash Batches": 1, "Original Hash Batches": 1, "Peak Memory Usage": 9, "Workers": [], "Plans": [{"Node Type": "Seq Scan", "Parent Relationship": "Outer", "Parallel Aware": false, "Async Capable": false, "Relation Name": "info_type", "Alias": "it2", "Startup Cost": 0.0, "Total Cost": 2.41, "Plan Rows": 1, "Plan Width": 4, "Actual Rows": 1, "Actual Loops": 3, "Filter": "((info)::text = 'genres'::text)", "Rows Removed by Filter": 112, "Workers": []}]}]}, {"Node Type": "Hash", "Parent Relationship": "Inner", "Parallel Aware": true, "Async Capable": false, "Startup Cost": 36487.24, "Total Cost": 36487.24, "Plan Rows": 76024, "Plan Width": 23, "Actual Rows": 200490, "Actual Loops": 3, "Hash Buckets": 1048576, "Original Hash Buckets": 262144, "Hash Batches": 1, "Original Hash Batches": 1, "Peak Memory Usage": 51456, "Workers": [], "Plans": [{"Node Type": "Hash Join", "Parent Relationship": "Outer", "Parallel Aware": false, "Async Capable": false, "Join Type": "Inner", "Startup Cost": 5393.29, "Total Cost": 36487.24, "Plan Rows": 76024, "Plan Width": 23, "Actual Rows": 200490, "Actual Loops": 3, "Inner Unique": true, "Hash Cond": "(mc.company_type_id = ct.id)", "Workers": [], "Plans": [{"Node Type": "Hash Join", "Parent Relationship": "Outer", "Parallel Aware": true, "Async Capable": false, "Join Type": "Inner", "Startup Cost": 5392.23, "Total Cost": 34842.17, "Plan Rows": 304095, "Plan Width": 27, "Actual Rows": 384599, "Actual Loops": 3, "Inner Unique": true, "Hash Cond": "(mc.company_id = cn.id)", "Workers": [], "Plans": [{"Node Type": "Seq Scan", "Parent Relationship": "Outer", "Parallel Aware": true, "Async Capable": false, "Relation Name": "movie_companies", "Alias": "mc", "Startup Cost": 0.0, "Total Cost": 27240.55, "Plan Rows": 841655, "Plan Width": 12, "Actual Rows": 869710, "Actual Loops": 3, "Workers": []}, {"Node Type": "Hash", "Parent Relationship": "Inner", "Parallel Aware": true, "Async Capable": false, "Startup Cost": 4767.92, "Total Cost": 4767.92, "Plan Rows": 49945, "Plan Width": 23, "Actual Rows": 28281, "Actual Loops": 3, "Hash Buckets": 131072, "Original Hash Buckets": 131072, "Hash Batches": 1, "Original Hash Batches": 1, "Peak Memory Usage": 6016, "Workers": [], "Plans": [{"Node Type": "Seq Scan", "Parent Relationship": "Outer", "Parallel Aware": true, "Async Capable": false, "Relation Name": "company_name", "Alias": "cn", "Startup Cost": 0.0, "Total Cost": 4767.92, "Plan Rows": 49945, "Plan Width": 23, "Actual Rows": 28281, "Actual Loops": 3, "Filter": "((country_code)::text = '[us]'::text)", "Rows Removed by Filter": 50051, "Workers": []}]}]}, {"Node Type": "Hash", "Parent Relationship": "Inner", "Parallel Aware": false, "Async Capable": false, "Startup Cost": 1.05, "Total Cost": 1.05, "Plan Rows": 1, "Plan Width": 4, "Actual Rows": 1, "Actual Loops": 3, "Hash Buckets": 1024, "Original Hash Buckets": 1024, "Hash Batches": 1, "Original Hash Batches": 1, "Peak Memory Usage": 9, "Workers": [], "Plans": [{"Node Type": "Seq Scan", "Parent Relationship": "Outer", "Parallel Aware": false, "Async Capable": false, "Relation Name": "company_type", "Alias": "ct", "Startup Cost": 0.0, "Total Cost": 1.05, "Plan Rows": 1, "Plan Width": 4, "Actual Rows": 1, "Actual Loops": 3, "Filter": "((kind)::text = 'distributors'::text)", "Rows Removed by Filter": 3, "Workers": []}]}]}]}]}]}]}]}]}]}, "Planning Time": 10.857, "Triggers": [], "Execution Time": 3183.686}, {"Plan": {"Node Type": "Aggregate", "Strategy": "Plain", "Partial Mode": "Simple", "Parallel Aware": false, "Async Capable": false, "Startup Cost": 279778.91, "Total Cost": 279778.92, "Plan Rows": 1, "Plan Width": 96, "Actual Rows": 1, "Actual Loops": 1, "Plans": [{"Node Type": "Nested Loop", "Parent Relationship": "Outer", "Parallel Aware": false, "Async Capable": false, "Join Type": "Inner", "Startup Cost": 242378.87, "Total Cost": 279778.09, "Plan Rows": 109, "Plan Width": 41, "Actual Rows": 5916, "Actual Loops": 1, "Inner Unique": false, "Join Filter": "(it.id = miidx.info_type_id)", "Rows Removed by Join Filter": 11832, "Plans": [{"Node Type": "Seq Scan", "Parent Relationship": "Outer", "Parallel Aware": false, "Async Capable": false, "Relation Name": "info_type", "Alias": "it", "Startup Cost": 0.0, "Total Cost": 2.41, "Plan Rows": 1, "Plan Width": 4, "Actual Rows": 1, "Actual Loops": 1, "Filter": "((info)::text = 'votes'::text)", "Rows Removed by Filter": 112}, {"Node Type": "Gather", "Parent Relationship": "Inner", "Parallel Aware": false, "Async Capable": false, "Startup Cost": 242378.87, "Total Cost": 279621.62, "Plan Rows": 12325, "Plan Width": 45, "Actual Rows": 17748, "Actual Loops": 1, "Workers Planned": 2, "Workers Launched": 2, "Single Copy": false, "Plans": [{"Node Type": "Hash Join", "Parent Relationship": "Outer", "Parallel Aware": true, "Async Capable": false, "Join Type": "Inner", "Startup Cost": 241378.87, "Total Cost": 277389.12, "Plan Rows": 5135, "Plan Width": 45, "Actual Rows": 5916, "Actual Loops": 3, "Inner Unique": false, "Hash Cond": "(miidx.movie_id = mi.movie_id)", "Workers": [], "Plans": [{"Node Type": "Seq Scan", "Parent Relationship": "Outer", "Parallel Aware": true, "Async Capable": false, "Relation Name": "movie_info_idx", "Alias": "miidx", "Startup Cost": 0.0, "Total Cost": 13718.15, "Plan Rows": 575015, "Plan Width": 13, "Actual Rows": 460012, "Actual Loops": 3, "Workers": []}, {"Node Type": "Hash", "Parent Relationship": "Inner", "Parallel Aware": true, "Async Capable": false, "Startup Cost": 241363.1, "Total Cost": 241363.1, "Plan Rows": 1262, "Plan Width": 48, "Actual Rows": 2679, "Actual Loops": 3, "Hash Buckets": 8192, "Original Hash Buckets": 8192, "Hash Batches": 1, "Original Hash Batches": 1, "Peak Memory Usage": 864, "Workers": [], "Plans": [{"Node Type": "Hash Join", "Parent Relationship": "Outer", "Parallel Aware": false, "Async Capable": false, "Join Type": "Inner", "Startup Cost": 37441.5, "Total Cost": 241363.1, "Plan Rows": 1262, "Plan Width": 48, "Actual Rows": 2679, "Actual Loops": 3, "Inner Unique": true, "Hash Cond": "(t.kind_id = kt.id)", "Workers": [], "Plans": [{"Node Type": "Nested Loop", "Parent Relationship": "Outer", "Parallel Aware": false, "Async Capable": false, "Join Type": "Inner", "Startup Cost": 37440.4, "Total Cost": 241324.77, "Plan Rows": 8835, "Plan Width": 52, "Actual Rows": 267773, "Actual Loops": 3, "Inner Unique": true, "Workers": [], "Plans": [{"Node Type": "Hash Join", "Parent Relationship": "Outer", "Parallel Aware": true, "Async Capable": false, "Join Type": "Inner", "Startup Cost": 37439.97, "Total Cost": 237263.89, "Plan Rows": 8835, "Plan Width": 27, "Actual Rows": 267773, "Actual Loops": 3, "Inner Unique": false, "Hash Cond": "(mi.movie_id = mc.movie_id)", "Workers": [], "Plans": [{"Node Type": "Hash Join", "Parent Relationship": "Outer", "Parallel Aware": false, "Async Capable": false, "Join Type": "Inner", "Startup Cost": 2.43, "Total Cost": 199403.96, "Plan Rows": 26259, "Plan Width": 4, "Actual Rows": 511303, "Actual Loops": 3, "Inner Unique": true, "Hash Cond": "(mi.info_type_id = it2.id)", "Workers": [], "Plans": [{"Node Type": "Seq Scan", "Parent Relationship": "Outer", "Parallel Aware": true, "Async Capable": false, "Relation Name": "movie_info", "Alias": "mi", "Startup Cost": 0.0, "Total Cost": 191320.4, "Plan Rows": 2967240, "Plan Width": 8, "Actual Rows": 4945240, "Actual Loops": 3, "Workers": []}, {"Node Type": "Hash", "Parent Relationship": "Inner", "Parallel Aware": false, "Async Capable": false, "Startup Cost": 2.41, "Total Cost": 2.41, "Plan Rows": 1, "Plan Width": 4, "Actual Rows": 1, "Actual Loops": 3, "Hash Buckets": 1024, "Original Hash Buckets": 1024, "Hash Batches": 1, "Original Hash Batches": 1, "Peak Memory Usage": 9, "Workers": [], "Plans": [{"Node Type": "Seq Scan", "Parent Relationship": "Outer", "Parallel Aware": false, "Async Capable": false, "Relation Name": "info_type", "Alias": "it2", "Startup Cost": 0.0, "Total Cost": 2.41, "Plan Rows": 1, "Plan Width": 4, "Actual Rows": 1, "Actual Loops": 3, "Filter": "((info)::text = 'genres'::text)", "Rows Removed by Filter": 112, "Workers": []}]}]}, {"Node Type": "Hash", "Parent Relationship": "Inner", "Parallel Aware": true, "Async Capable": false, "Startup Cost": 36487.24, "Total Cost": 36487.24, "Plan Rows": 76024, "Plan Width": 23, "Actual Rows": 200490, "Actual Loops": 3, "Hash Buckets": 1048576, "Original Hash Buckets": 262144, "Hash Batches": 1, "Original Hash Batches": 1, "Peak Memory Usage": 51456, "Workers": [], "Plans": [{"Node Type": "Hash Join", "Parent Relationship": "Outer", "Parallel Aware": false, "Async Capable": false, "Join Type": "Inner", "Startup Cost": 5393.29, "Total Cost": 36487.24, "Plan Rows": 76024, "Plan Width": 23, "Actual Rows": 200490, "Actual Loops": 3, "Inner Unique": true, "Hash Cond": "(mc.company_type_id = ct.id)", "Workers": [], "Plans": [{"Node Type": "Hash Join", "Parent Relationship": "Outer", "Parallel Aware": true, "Async Capable": false, "Join Type": "Inner", "Startup Cost": 5392.23, "Total Cost": 34842.17, "Plan Rows": 304095, "Plan Width": 27, "Actual Rows": 384599, "Actual Loops": 3, "Inner Unique": true, "Hash Cond": "(mc.company_id = cn.id)", "Workers": [], "Plans": [{"Node Type": "Seq Scan", "Parent Relationship": "Outer", "Parallel Aware": true, "Async Capable": false, "Relation Name": "movie_companies", "Alias": "mc", "Startup Cost": 0.0, "Total Cost": 27240.55, "Plan Rows": 841655, "Plan Width": 12, "Actual Rows": 869710, "Actual Loops": 3, "Workers": []}, {"Node Type": "Hash", "Parent Relationship": "Inner", "Parallel Aware": true, "Async Capable": false, "Startup Cost": 4767.92, "Total Cost": 4767.92, "Plan Rows": 49945, "Plan Width": 23, "Actual Rows": 28281, "Actual Loops": 3, "Hash Buckets": 131072, "Original Hash Buckets": 131072, "Hash Batches": 1, "Original Hash Batches": 1, "Peak Memory Usage": 6048, "Workers": [], "Plans": [{"Node Type": "Seq Scan", "Parent Relationship": "Outer", "Parallel Aware": true, "Async Capable": false, "Relation Name": "company_name", "Alias": "cn", "Startup Cost": 0.0, "Total Cost": 4767.92, "Plan Rows": 49945, "Plan Width": 23, "Actual Rows": 28281, "Actual Loops": 3, "Filter": "((country_code)::text = '[us]'::text)", "Rows Removed by Filter": 50051, "Workers": []}]}]}, {"Node Type": "Hash", "Parent Relationship": "Inner", "Parallel Aware": false, "Async Capable": false, "Startup Cost": 1.05, "Total Cost": 1.05, "Plan Rows": 1, "Plan Width": 4, "Actual Rows": 1, "Actual Loops": 3, "Hash Buckets": 1024, "Original Hash Buckets": 1024, "Hash Batches": 1, "Original Hash Batches": 1, "Peak Memory Usage": 9, "Workers": [], "Plans": [{"Node Type": "Seq Scan", "Parent Relationship": "Outer", "Parallel Aware": false, "Async Capable": false, "Relation Name": "company_type", "Alias": "ct", "Startup Cost": 0.0, "Total Cost": 1.05, "Plan Rows": 1, "Plan Width": 4, "Actual Rows": 1, "Actual Loops": 3, "Filter": "((kind)::text = 'distributors'::text)", "Rows Removed by Filter": 3, "Workers": []}]}]}]}]}, {"Node Type": "Index Scan", "Parent Relationship": "Inner", "Parallel Aware": false, "Async Capable": false, "Scan Direction": "Forward", "Index Name": "title_pkey", "Relation Name": "title", "Alias": "t", "Startup Cost": 0.43, "Total Cost": 0.46, "Plan Rows": 1, "Plan Width": 25, "Actual Rows": 1, "Actual Loops": 803320, "Index Cond": "(id = mi.movie_id)", "Rows Removed by Index Recheck": 0, "Workers": []}]}, {"Node Type": "Hash", "Parent Relationship": "Inner", "Parallel Aware": false, "Async Capable": false, "Startup Cost": 1.09, "Total Cost": 1.09, "Plan Rows": 1, "Plan Width": 4, "Actual Rows": 1, "Actual Loops": 3, "Hash Buckets": 1024, "Original Hash Buckets": 1024, "Hash Batches": 1, "Original Hash Batches": 1, "Peak Memory Usage": 9, "Workers": [], "Plans": [{"Node Type": "Seq Scan", "Parent Relationship": "Outer", "Parallel Aware": false, "Async Capable": false, "Relation Name": "kind_type", "Alias": "kt", "Startup Cost": 0.0, "Total Cost": 1.09, "Plan Rows": 1, "Plan Width": 4, "Actual Rows": 1, "Actual Loops": 3, "Filter": "((kind)::text = 'episode'::text)", "Rows Removed by Filter": 6, "Workers": []}]}]}]}]}]}]}]}, "Planning Time": 8.253, "Triggers": [], "Execution Time": 2753.934}, {"Plan": {"Node Type": "Aggregate", "Strategy": "Plain", "Partial Mode": "Finalize", "Parallel Aware": false, "Async Capable": false, "Startup Cost": 249222.71, "Total Cost": 249222.72, "Plan Rows": 1, "Plan Width": 96, "Actual Rows": 1, "Actual Loops": 1, "Plans": [{"Node Type": "Gather", "Parent Relationship": "Outer", "Parallel Aware": false, "Async Capable": false, "Startup Cost": 249222.38, "Total Cost": 249222.69, "Plan Rows": 3, "Plan Width": 96, "Actual Rows": 4, "Actual Loops": 1, "Workers Planned": 3, "Workers Launched": 3, "Single Copy": false, "Plans": [{"Node Type": "Aggregate", "Strategy": "Plain", "Partial Mode": "Partial", "Parent Relationship": "Outer", "Parallel Aware": false, "Async Capable": false, "Startup Cost": 248222.38, "Total Cost": 248222.39, "Plan Rows": 1, "Plan Width": 96, "Actual Rows": 1, "Actual Loops": 4, "Workers": [], "Plans": [{"Node Type": "Hash Join", "Parent Relationship": "Outer", "Parallel Aware": true, "Async Capable": false, "Join Type": "Inner", "Startup Cost": 215085.42, "Total Cost": 248222.12, "Plan Rows": 35, "Plan Width": 41, "Actual Rows": 1479, "Actual Loops": 4, "Inner Unique": false, "Hash Cond": "(t.id = mi.movie_id)", "Workers": [], "Plans": [{"Node Type": "Nested Loop", "Parent Relationship": "Outer", "Parallel Aware": false, "Async Capable": false, "Join Type": "Inner", "Startup Cost": 15353.23, "Total Cost": 48483.95, "Plan Rows": 227, "Plan Width": 53, "Actual Rows": 20898, "Actual Loops": 4, "Inner Unique": true, "Workers": [], "Plans": [{"Node Type": "Hash Join", "Parent Relationship": "Outer", "Parallel Aware": false, "Async Capable": false, "Join Type": "Inner", "Startup Cost": 15352.81, "Total Cost": 48204.29, "Plan Rows": 627, "Plan Width": 38, "Actual Rows": 38227, "Actual Loops": 4, "Inner Unique": true, "Hash Cond": "(t.kind_id = kt.id)", "Workers": [], "Plans": [{"Node Type": "Nested Loop", "Parent Relationship": "Outer", "Parallel Aware": false, "Async Capable": false, "Join Type": "Inner", "Startup Cost": 15351.71, "Total Cost": 48184.69, "Plan Rows": 4392, "Plan Width": 42, "Actual Rows": 192665, "Actual Loops": 4, "Inner Unique": true, "Workers": [], "Plans": [{"Node Type": "Hash Join", "Parent Relationship": "Outer", "Parallel Aware": false, "Async Capable": false, "Join Type": "Inner", "Startup Cost": 15351.28, "Total Cost": 45916.2, "Plan Rows": 4392, "Plan Width": 17, "Actual Rows": 192665, "Actual Loops": 4, "Inner Unique": true, "Hash Cond": "(mc.company_type_id = ct.id)", "Workers": [], "Plans": [{"Node Type": "Hash Join", "Parent Relationship": "Outer", "Parallel Aware": true, "Async Capable": false, "Join Type": "Inner", "Startup Cost": 15350.21, "Total Cost": 45820.16, "Plan Rows": 17566, "Plan Width": 21, "Actual Rows": 338721, "Actual Loops": 4, "Inner Unique": false, "Hash Cond": "(mc.movie_id = miidx.movie_id)", "Workers": [], "Plans": [{"Node Type": "Seq Scan", "Parent Relationship": "Outer", "Parallel Aware": true, "Async Capable": false, "Relation Name": "movie_companies", "Alias": "mc", "Startup Cost": 0.0, "Total Cost": 27240.55, "Plan Rows": 841655, "Plan Width": 12, "Actual Rows": 652282, "Actual Loops": 4, "Workers": []}, {"Node Type": "Hash", "Parent Relationship": "Inner", "Parallel Aware": true, "Async Capable": false, "Startup Cost": 15286.6, "Total Cost": 15286.6, "Plan Rows": 5089, "Plan Width": 9, "Actual Rows": 114981, "Actual Loops": 4, "Hash Buckets": 524288, "Original Hash Buckets": 16384, "Hash Batches": 1, "Original Hash Batches": 1, "Peak Memory Usage": 26272, "Workers": [], "Plans": [{"Node Type": "Hash Join", "Parent Relationship": "Outer", "Parallel Aware": false, "Async Capable": false, "Join Type": "Inner", "Startup Cost": 2.43, "Total Cost": 15286.6, "Plan Rows": 5089, "Plan Width": 9, "Actual Rows": 114981, "Actual Loops": 4, "Inner Unique": true, "Hash Cond": "(miidx.info_type_id = it.id)", "Workers": [], "Plans": [{"Node Type": "Seq Scan", "Parent Relationship": "Outer", "Parallel Aware": true, "Async Capable": false, "Relation Name": "movie_info_idx", "Alias": "miidx", "Startup Cost": 0.0, "Total Cost": 13718.15, "Plan Rows": 575015, "Plan Width": 13, "Actual Rows": 345009, "Actual Loops": 4, "Workers": []}, {"Node Type": "Hash", "Parent Relationship": "Inner", "Parallel Aware": false, "Async Capable": false, "Startup Cost": 2.41, "Total Cost": 2.41, "Plan Rows": 1, "Plan Width": 4, "Actual Rows": 1, "Actual Loops": 4, "Hash Buckets": 1024, "Original Hash Buckets": 1024, "Hash Batches": 1, "Original Hash Batches": 1, "Peak Memory Usage": 9, "Workers": [], "Plans": [{"Node Type": "Seq Scan", "Parent Relationship": "Outer", "Parallel Aware": false, "Async Capable": false, "Relation Name": "info_type", "Alias": "it", "Startup Cost": 0.0, "Total Cost": 2.41, "Plan Rows": 1, "Plan Width": 4, "Actual Rows": 1, "Actual Loops": 4, "Filter": "((info)::text = 'votes'::text)", "Rows Removed by Filter": 112, "Workers": []}]}]}]}]}, {"Node Type": "Hash", "Parent Relationship": "Inner", "Parallel Aware": false, "Async Capable": false, "Startup Cost": 1.05, "Total Cost": 1.05, "Plan Rows": 1, "Plan Width": 4, "Actual Rows": 1, "Actual Loops": 4, "Hash Buckets": 1024, "Original Hash Buckets": 1024, "Hash Batches": 1, "Original Hash Batches": 1, "Peak Memory Usage": 9, "Workers": [], "Plans": [{"Node Type": "Seq Scan", "Parent Relationship": "Outer", "Parallel Aware": false, "Async Capable": false, "Relation Name": "company_type", "Alias": "ct", "Startup Cost": 0.0, "Total Cost": 1.05, "Plan Rows": 1, "Plan Width": 4, "Actual Rows": 1, "Actual Loops": 4, "Filter": "((kind)::text = 'distributors'::text)", "Rows Removed by Filter": 3, "Workers": []}]}]}, {"Node Type": "Index Scan", "Parent Relationship": "Inner", "Parallel Aware": false, "Async Capable": false, "Scan Direction": "Forward", "Index Name": "title_pkey", "Relation Name": "title", "Alias": "t", "Startup Cost": 0.43, "Total Cost": 0.52, "Plan Rows": 1, "Plan Width": 25, "Actual Rows": 1, "Actual Loops": 770661, "Index Cond": "(id = mc.movie_id)", "Rows Removed by Index Recheck": 0, "Workers": []}]}, {"Node Type": "Hash", "Parent Relationship": "Inner", "Parallel Aware": false, "Async Capable": false, "Startup Cost": 1.09, "Total Cost": 1.09, "Plan Rows": 1, "Plan Width": 4, "Actual Rows": 1, "Actual Loops": 4, "Hash Buckets": 1024, "Original Hash Buckets": 1024, "Hash Batches": 1, "Original Hash Batches": 1, "Peak Memory Usage": 9, "Workers": [], "Plans": [{"Node Type": "Seq Scan", "Parent Relationship": "Outer", "Parallel Aware": false, "Async Capable": false, "Relation Name": "kind_type", "Alias": "kt", "Startup Cost": 0.0, "Total Cost": 1.09, "Plan Rows": 1, "Plan Width": 4, "Actual Rows": 1, "Actual Loops": 4, "Filter": "((kind)::text = 'episode'::text)", "Rows Removed by Filter": 6, "Workers": []}]}]}, {"Node Type": "Index Scan", "Parent Relationship": "Inner", "Parallel Aware": false, "Async Capable": false, "Scan Direction": "Forward", "Index Name": "company_name_pkey", "Relation Name": "company_name", "Alias": "cn", "Startup Cost": 0.42, "Total Cost": 0.45, "Plan Rows": 1, "Plan Width": 23, "Actual Rows": 1, "Actual Loops": 152907, "Index Cond": "(id = mc.company_id)", "Rows Removed by Index Recheck": 0, "Filter": "((country_code)::text = '[us]'::text)", "Rows Removed by Filter": 0, "Workers": []}]}, {"Node Type": "Hash", "Parent Relationship": "Inner", "Parallel Aware": true, "Async Capable": false, "Startup Cost": 199403.96, "Total Cost": 199403.96, "Plan Rows": 26259, "Plan Width": 4, "Actual Rows": 383477, "Actual Loops": 4, "Hash Buckets": 2097152, "Original Hash Buckets": 262144, "Hash Batches": 1, "Original Hash Batches": 1, "Peak Memory Usage": 90752, "Workers": [], "Plans": [{"Node Type": "Hash Join", "Parent Relationship": "Outer", "Parallel Aware": false, "Async Capable": false, "Join Type": "Inner", "Startup Cost": 2.43, "Total Cost": 199403.96, "Plan Rows": 26259, "Plan Width": 4, "Actual Rows": 383477, "Actual Loops": 4, "Inner Unique": true, "Hash Cond": "(mi.info_type_id = it2.id)", "Workers": [], "Plans": [{"Node Type": "Seq Scan", "Parent Relationship": "Outer", "Parallel Aware": true, "Async Capable": false, "Relation Name": "movie_info", "Alias": "mi", "Startup Cost": 0.0, "Total Cost": 191320.4, "Plan Rows": 2967240, "Plan Width": 8, "Actual Rows": 3708930, "Actual Loops": 4, "Workers": []}, {"Node Type": "Hash", "Parent Relationship": "Inner", "Parallel Aware": false, "Async Capable": false, "Startup Cost": 2.41, "Total Cost": 2.41, "Plan Rows": 1, "Plan Width": 4, "Actual Rows": 1, "Actual Loops": 4, "Hash Buckets": 1024, "Original Hash Buckets": 1024, "Hash Batches": 1, "Original Hash Batches": 1, "Peak Memory Usage": 9, "Workers": [], "Plans": [{"Node Type": "Seq Scan", "Parent Relationship": "Outer", "Parallel Aware": false, "Async Capable": false, "Relation Name": "info_type", "Alias": "it2", "Startup Cost": 0.0, "Total Cost": 2.41, "Plan Rows": 1, "Plan Width": 4, "Actual Rows": 1, "Actual Loops": 4, "Filter": "((info)::text = 'genres'::text)", "Rows Removed by Filter": 112, "Workers": []}]}]}]}]}]}]}]}, "Planning Time": 6.365, "Triggers": [], "Execution Time": 2355.721}, {"Plan": {"Node Type": "Aggregate", "Strategy": "Plain", "Partial Mode": "Finalize", "Parallel Aware": false, "Async Capable": false, "Startup Cost": 257863.32, "Total Cost": 257863.33, "Plan Rows": 1, "Plan Width": 96, "Actual Rows": 1, "Actual Loops": 1, "Plans": [{"Node Type": "Gather", "Parent Relationship": "Outer", "Parallel Aware": false, "Async Capable": false, "Startup Cost": 257863.1, "Total Cost": 257863.31, "Plan Rows": 2, "Plan Width": 96, "Actual Rows": 3, "Actual Loops": 1, "Workers Planned": 2, "Workers Launched": 2, "Single Copy": false, "Plans": [{"Node Type": "Aggregate", "Strategy": "Plain", "Partial Mode": "Partial", "Parent Relationship": "Outer", "Parallel Aware": false, "Async Capable": false, "Startup Cost": 256863.1, "Total Cost": 256863.11, "Plan Rows": 1, "Plan Width": 96, "Actual Rows": 1, "Actual Loops": 3, "Workers": [], "Plans": [{"Node Type": "Hash Join", "Parent Relationship": "Outer", "Parallel Aware": true, "Async Capable": false, "Join Type": "Inner", "Startup Cost": 241381.3, "Total Cost": 256862.76, "Plan Rows": 45, "Plan Width": 41, "Actual Rows": 1972, "Actual Loops": 3, "Inner Unique": false, "Hash Cond": "(miidx.movie_id = mi.movie_id)", "Workers": [], "Plans": [{"Node Type": "Hash Join", "Parent Relationship": "Outer", "Parallel Aware": false, "Async Capable": false, "Join Type": "Inner", "Startup Cost": 2.43, "Total Cost": 15286.6, "Plan Rows": 5089, "Plan Width": 9, "Actual Rows": 153308, "Actual Loops": 3, "Inner Unique": true, "Hash Cond": "(miidx.info_type_id = it.id)", "Workers": [], "Plans": [{"Node Type": "Seq Scan", "Parent Relationship": "Outer", "Parallel Aware": true, "Async Capable": false, "Relation Name": "movie_info_idx", "Alias": "miidx", "Startup Cost": 0.0, "Total Cost": 13718.15, "Plan Rows": 575015, "Plan Width": 13, "Actual Rows": 460012, "Actual Loops": 3, "Workers": []}, {"Node Type": "Hash", "Parent Relationship": "Inner", "Parallel Aware": false, "Async Capable": false, "Startup Cost": 2.41, "Total Cost": 2.41, "Plan Rows": 1, "Plan Width": 4, "Actual Rows": 1, "Actual Loops": 3, "Hash Buckets": 1024, "Original Hash Buckets": 1024, "Hash Batches": 1, "Original Hash Batches": 1, "Peak Memory Usage": 9, "Workers": [], "Plans": [{"Node Type": "Seq Scan", "Parent Relationship": "Outer", "Parallel Aware": false, "Async Capable": false, "Relation Name": "info_type", "Alias": "it", "Startup Cost": 0.0, "Total Cost": 2.41, "Plan Rows": 1, "Plan Width": 4, "Actual Rows": 1, "Actual Loops": 3, "Filter": "((info)::text = 'votes'::text)", "Rows Removed by Filter": 112, "Workers": []}]}]}, {"Node Type": "Hash", "Parent Relationship": "Inner", "Parallel Aware": true, "Async Capable": false, "Startup Cost": 241363.1, "Total Cost": 241363.1, "Plan Rows": 1262, "Plan Width": 48, "Actual Rows": 2679, "Actual Loops": 3, "Hash Buckets": 8192, "Original Hash Buckets": 8192, "Hash Batches": 1, "Original Hash Batches": 1, "Peak Memory Usage": 864, "Workers": [], "Plans": [{"Node Type": "Hash Join", "Parent Relationship": "Outer", "Parallel Aware": false, "Async Capable": false, "Join Type": "Inner", "Startup Cost": 37441.5, "Total Cost": 241363.1, "Plan Rows": 1262, "Plan Width": 48, "Actual Rows": 2679, "Actual Loops": 3, "Inner Unique": true, "Hash Cond": "(t.kind_id = kt.id)", "Workers": [], "Plans": [{"Node Type": "Nested Loop", "Parent Relationship": "Outer", "Parallel Aware": false, "Async Capable": false, "Join Type": "Inner", "Startup Cost": 37440.4, "Total Cost": 241324.77, "Plan Rows": 8835, "Plan Width": 52, "Actual Rows": 267773, "Actual Loops": 3, "Inner Unique": true, "Workers": [], "Plans": [{"Node Type": "Hash Join", "Parent Relationship": "Outer", "Parallel Aware": true, "Async Capable": false, "Join Type": "Inner", "Startup Cost": 37439.97, "Total Cost": 237263.89, "Plan Rows": 8835, "Plan Width": 27, "Actual Rows": 267773, "Actual Loops": 3, "Inner Unique": false, "Hash Cond": "(mi.movie_id = mc.movie_id)", "Workers": [], "Plans": [{"Node Type": "Hash Join", "Parent Relationship": "Outer", "Parallel Aware": false, "Async Capable": false, "Join Type": "Inner", "Startup Cost": 2.43, "Total Cost": 199403.96, "Plan Rows": 26259, "Plan Width": 4, "Actual Rows": 511303, "Actual Loops": 3, "Inner Unique": true, "Hash Cond": "(mi.info_type_id = it2.id)", "Workers": [], "Plans": [{"Node Type": "Seq Scan", "Parent Relationship": "Outer", "Parallel Aware": true, "Async Capable": false, "Relation Name": "movie_info", "Alias": "mi", "Startup Cost": 0.0, "Total Cost": 191320.4, "Plan Rows": 2967240, "Plan Width": 8, "Actual Rows": 4945240, "Actual Loops": 3, "Workers": []}, {"Node Type": "Hash", "Parent Relationship": "Inner", "Parallel Aware": false, "Async Capable": false, "Startup Cost": 2.41, "Total Cost": 2.41, "Plan Rows": 1, "Plan Width": 4, "Actual Rows": 1, "Actual Loops": 3, "Hash Buckets": 1024, "Original Hash Buckets": 1024, "Hash Batches": 1, "Original Hash Batches": 1, "Peak Memory Usage": 9, "Workers": [], "Plans": [{"Node Type": "Seq Scan", "Parent Relationship": "Outer", "Parallel Aware": false, "Async Capable": false, "Relation Name": "info_type", "Alias": "it2", "Startup Cost": 0.0, "Total Cost": 2.41, "Plan Rows": 1, "Plan Width": 4, "Actual Rows": 1, "Actual Loops": 3, "Filter": "((info)::text = 'genres'::text)", "Rows Removed by Filter": 112, "Workers": []}]}]}, {"Node Type": "Hash", "Parent Relationship": "Inner", "Parallel Aware": true, "Async Capable": false, "Startup Cost": 36487.24, "Total Cost": 36487.24, "Plan Rows": 76024, "Plan Width": 23, "Actual Rows": 200490, "Actual Loops": 3, "Hash Buckets": 1048576, "Original Hash Buckets": 262144, "Hash Batches": 1, "Original Hash Batches": 1, "Peak Memory Usage": 51456, "Workers": [], "Plans": [{"Node Type": "Hash Join", "Parent Relationship": "Outer", "Parallel Aware": false, "Async Capable": false, "Join Type": "Inner", "Startup Cost": 5393.29, "Total Cost": 36487.24, "Plan Rows": 76024, "Plan Width": 23, "Actual Rows": 200490, "Actual Loops": 3, "Inner Unique": true, "Hash Cond": "(mc.company_type_id = ct.id)", "Workers": [], "Plans": [{"Node Type": "Hash Join", "Parent Relationship": "Outer", "Parallel Aware": true, "Async Capable": false, "Join Type": "Inner", "Startup Cost": 5392.23, "Total Cost": 34842.17, "Plan Rows": 304095, "Plan Width": 27, "Actual Rows": 384599, "Actual Loops": 3, "Inner Unique": true, "Hash Cond": "(mc.company_id = cn.id)", "Workers": [], "Plans": [{"Node Type": "Seq Scan", "Parent Relationship": "Outer", "Parallel Aware": true, "Async Capable": false, "Relation Name": "movie_companies", "Alias": "mc", "Startup Cost": 0.0, "Total Cost": 27240.55, "Plan Rows": 841655, "Plan Width": 12, "Actual Rows": 869710, "Actual Loops": 3, "Workers": []}, {"Node Type": "Hash", "Parent Relationship": "Inner", "Parallel Aware": true, "Async Capable": false, "Startup Cost": 4767.92, "Total Cost": 4767.92, "Plan Rows": 49945, "Plan Width": 23, "Actual Rows": 28281, "Actual Loops": 3, "Hash Buckets": 131072, "Original Hash Buckets": 131072, "Hash Batches": 1, "Original Hash Batches": 1, "Peak Memory Usage": 6048, "Workers": [], "Plans": [{"Node Type": "Seq Scan", "Parent Relationship": "Outer", "Parallel Aware": true, "Async Capable": false, "Relation Name": "company_name", "Alias": "cn", "Startup Cost": 0.0, "Total Cost": 4767.92, "Plan Rows": 49945, "Plan Width": 23, "Actual Rows": 28281, "Actual Loops": 3, "Filter": "((country_code)::text = '[us]'::text)", "Rows Removed by Filter": 50051, "Workers": []}]}]}, {"Node Type": "Hash", "Parent Relationship": "Inner", "Parallel Aware": false, "Async Capable": false, "Startup Cost": 1.05, "Total Cost": 1.05, "Plan Rows": 1, "Plan Width": 4, "Actual Rows": 1, "Actual Loops": 3, "Hash Buckets": 1024, "Original Hash Buckets": 1024, "Hash Batches": 1, "Original Hash Batches": 1, "Peak Memory Usage": 9, "Workers": [], "Plans": [{"Node Type": "Seq Scan", "Parent Relationship": "Outer", "Parallel Aware": false, "Async Capable": false, "Relation Name": "company_type", "Alias": "ct", "Startup Cost": 0.0, "Total Cost": 1.05, "Plan Rows": 1, "Plan Width": 4, "Actual Rows": 1, "Actual Loops": 3, "Filter": "((kind)::text = 'distributors'::text)", "Rows Removed by Filter": 3, "Workers": []}]}]}]}]}, {"Node Type": "Index Scan", "Parent Relationship": "Inner", "Parallel Aware": false, "Async Capable": false, "Scan Direction": "Forward", "Index Name": "title_pkey", "Relation Name": "title", "Alias": "t", "Startup Cost": 0.43, "Total Cost": 0.46, "Plan Rows": 1, "Plan Width": 25, "Actual Rows": 1, "Actual Loops": 803320, "Index Cond": "(id = mi.movie_id)", "Rows Removed by Index Recheck": 0, "Workers": []}]}, {"Node Type": "Hash", "Parent Relationship": "Inner", "Parallel Aware": false, "Async Capable": false, "Startup Cost": 1.09, "Total Cost": 1.09, "Plan Rows": 1, "Plan Width": 4, "Actual Rows": 1, "Actual Loops": 3, "Hash Buckets": 1024, "Original Hash Buckets": 1024, "Hash Batches": 1, "Original Hash Batches": 1, "Peak Memory Usage": 9, "Workers": [], "Plans": [{"Node Type": "Seq Scan", "Parent Relationship": "Outer", "Parallel Aware": false, "Async Capable": false, "Relation Name": "kind_type", "Alias": "kt", "Startup Cost": 0.0, "Total Cost": 1.09, "Plan Rows": 1, "Plan Width": 4, "Actual Rows": 1, "Actual Loops": 3, "Filter": "((kind)::text = 'episode'::text)", "Rows Removed by Filter": 6, "Workers": []}]}]}]}]}]}]}]}, "Planning Time": 9.344, "Triggers": [], "Execution Time": 2951.786}, {"Plan": {"Node Type": "Aggregate", "Strategy": "Plain", "Partial Mode": "Finalize", "Parallel Aware": false, "Async Capable": false, "Startup Cost": 278406.09, "Total Cost": 278406.1, "Plan Rows": 1, "Plan Width": 96, "Actual Rows": 1, "Actual Loops": 1, "Plans": [{"Node Type": "Gather", "Parent Relationship": "Outer", "Parallel Aware": false, "Async Capable": false, "Startup Cost": 278405.86, "Total Cost": 278406.07, "Plan Rows": 2, "Plan Width": 96, "Actual Rows": 3, "Actual Loops": 1, "Workers Planned": 2, "Workers Launched": 2, "Single Copy": false, "Plans": [{"Node Type": "Aggregate", "Strategy": "Plain", "Partial Mode": "Partial", "Parent Relationship": "Outer", "Parallel Aware": false, "Async Capable": false, "Startup Cost": 277405.86, "Total Cost": 277405.87, "Plan Rows": 1, "Plan Width": 96, "Actual Rows": 1, "Actual Loops": 3, "Workers": [], "Plans": [{"Node Type": "Hash Join", "Parent Relationship": "Outer", "Parallel Aware": false, "Async Capable": false, "Join Type": "Inner", "Startup Cost": 241381.3, "Total Cost": 277405.52, "Plan Rows": 45, "Plan Width": 41, "Actual Rows": 1972, "Actual Loops": 3, "Inner Unique": true, "Hash Cond": "(miidx.info_type_id = it.id)", "Workers": [], "Plans": [{"Node Type": "Hash Join", "Parent Relationship": "Outer", "Parallel Aware": true, "Async Capable": false, "Join Type": "Inner", "Startup Cost": 241378.87, "Total Cost": 277389.12, "Plan Rows": 5135, "Plan Width": 45, "Actual Rows": 5916, "Actual Loops": 3, "Inner Unique": false, "Hash Cond": "(miidx.movie_id = mi.movie_id)", "Workers": [], "Plans": [{"Node Type": "Seq Scan", "Parent Relationship": "Outer", "Parallel Aware": true, "Async Capable": false, "Relation Name": "movie_info_idx", "Alias": "miidx", "Startup Cost": 0.0, "Total Cost": 13718.15, "Plan Rows": 575015, "Plan Width": 13, "Actual Rows": 460012, "Actual Loops": 3, "Workers": []}, {"Node Type": "Hash", "Parent Relationship": "Inner", "Parallel Aware": true, "Async Capable": false, "Startup Cost": 241363.1, "Total Cost": 241363.1, "Plan Rows": 1262, "Plan Width": 48, "Actual Rows": 2679, "Actual Loops": 3, "Hash Buckets": 8192, "Original Hash Buckets": 8192, "Hash Batches": 1, "Original Hash Batches": 1, "Peak Memory Usage": 864, "Workers": [], "Plans": [{"Node Type": "Hash Join", "Parent Relationship": "Outer", "Parallel Aware": false, "Async Capable": false, "Join Type": "Inner", "Startup Cost": 37441.5, "Total Cost": 241363.1, "Plan Rows": 1262, "Plan Width": 48, "Actual Rows": 2679, "Actual Loops": 3, "Inner Unique": true, "Hash Cond": "(t.kind_id = kt.id)", "Workers": [], "Plans": [{"Node Type": "Nested Loop", "Parent Relationship": "Outer", "Parallel Aware": false, "Async Capable": false, "Join Type": "Inner", "Startup Cost": 37440.4, "Total Cost": 241324.77, "Plan Rows": 8835, "Plan Width": 52, "Actual Rows": 267773, "Actual Loops": 3, "Inner Unique": true, "Workers": [], "Plans": [{"Node Type": "Hash Join", "Parent Relationship": "Outer", "Parallel Aware": true, "Async Capable": false, "Join Type": "Inner", "Startup Cost": 37439.97, "Total Cost": 237263.89, "Plan Rows": 8835, "Plan Width": 27, "Actual Rows": 267773, "Actual Loops": 3, "Inner Unique": false, "Hash Cond": "(mi.movie_id = mc.movie_id)", "Workers": [], "Plans": [{"Node Type": "Hash Join", "Parent Relationship": "Outer", "Parallel Aware": false, "Async Capable": false, "Join Type": "Inner", "Startup Cost": 2.43, "Total Cost": 199403.96, "Plan Rows": 26259, "Plan Width": 4, "Actual Rows": 511303, "Actual Loops": 3, "Inner Unique": true, "Hash Cond": "(mi.info_type_id = it2.id)", "Workers": [], "Plans": [{"Node Type": "Seq Scan", "Parent Relationship": "Outer", "Parallel Aware": true, "Async Capable": false, "Relation Name": "movie_info", "Alias": "mi", "Startup Cost": 0.0, "Total Cost": 191320.4, "Plan Rows": 2967240, "Plan Width": 8, "Actual Rows": 4945240, "Actual Loops": 3, "Workers": []}, {"Node Type": "Hash", "Parent Relationship": "Inner", "Parallel Aware": false, "Async Capable": false, "Startup Cost": 2.41, "Total Cost": 2.41, "Plan Rows": 1, "Plan Width": 4, "Actual Rows": 1, "Actual Loops": 3, "Hash Buckets": 1024, "Original Hash Buckets": 1024, "Hash Batches": 1, "Original Hash Batches": 1, "Peak Memory Usage": 9, "Workers": [], "Plans": [{"Node Type": "Seq Scan", "Parent Relationship": "Outer", "Parallel Aware": false, "Async Capable": false, "Relation Name": "info_type", "Alias": "it2", "Startup Cost": 0.0, "Total Cost": 2.41, "Plan Rows": 1, "Plan Width": 4, "Actual Rows": 1, "Actual Loops": 3, "Filter": "((info)::text = 'genres'::text)", "Rows Removed by Filter": 112, "Workers": []}]}]}, {"Node Type": "Hash", "Parent Relationship": "Inner", "Parallel Aware": true, "Async Capable": false, "Startup Cost": 36487.24, "Total Cost": 36487.24, "Plan Rows": 76024, "Plan Width": 23, "Actual Rows": 200490, "Actual Loops": 3, "Hash Buckets": 1048576, "Original Hash Buckets": 262144, "Hash Batches": 1, "Original Hash Batches": 1, "Peak Memory Usage": 51456, "Workers": [], "Plans": [{"Node Type": "Hash Join", "Parent Relationship": "Outer", "Parallel Aware": false, "Async Capable": false, "Join Type": "Inner", "Startup Cost": 5393.29, "Total Cost": 36487.24, "Plan Rows": 76024, "Plan Width": 23, "Actual Rows": 200490, "Actual Loops": 3, "Inner Unique": true, "Hash Cond": "(mc.company_type_id = ct.id)", "Workers": [], "Plans": [{"Node Type": "Hash Join", "Parent Relationship": "Outer", "Parallel Aware": true, "Async Capable": false, "Join Type": "Inner", "Startup Cost": 5392.23, "Total Cost": 34842.17, "Plan Rows": 304095, "Plan Width": 27, "Actual Rows": 384599, "Actual Loops": 3, "Inner Unique": true, "Hash Cond": "(mc.company_id = cn.id)", "Workers": [], "Plans": [{"Node Type": "Seq Scan", "Parent Relationship": "Outer", "Parallel Aware": true, "Async Capable": false, "Relation Name": "movie_companies", "Alias": "mc", "Startup Cost": 0.0, "Total Cost": 27240.55, "Plan Rows": 841655, "Plan Width": 12, "Actual Rows": 869710, "Actual Loops": 3, "Workers": []}, {"Node Type": "Hash", "Parent Relationship": "Inner", "Parallel Aware": true, "Async Capable": false, "Startup Cost": 4767.92, "Total Cost": 4767.92, "Plan Rows": 49945, "Plan Width": 23, "Actual Rows": 28281, "Actual Loops": 3, "Hash Buckets": 131072, "Original Hash Buckets": 131072, "Hash Batches": 1, "Original Hash Batches": 1, "Peak Memory Usage": 6016, "Workers": [], "Plans": [{"Node Type": "Seq Scan", "Parent Relationship": "Outer", "Parallel Aware": true, "Async Capable": false, "Relation Name": "company_name", "Alias": "cn", "Startup Cost": 0.0, "Total Cost": 4767.92, "Plan Rows": 49945, "Plan Width": 23, "Actual Rows": 28281, "Actual Loops": 3, "Filter": "((country_code)::text = '[us]'::text)", "Rows Removed by Filter": 50051, "Workers": []}]}]}, {"Node Type": "Hash", "Parent Relationship": "Inner", "Parallel Aware": false, "Async Capable": false, "Startup Cost": 1.05, "Total Cost": 1.05, "Plan Rows": 1, "Plan Width": 4, "Actual Rows": 1, "Actual Loops": 3, "Hash Buckets": 1024, "Original Hash Buckets": 1024, "Hash Batches": 1, "Original Hash Batches": 1, "Peak Memory Usage": 9, "Workers": [], "Plans": [{"Node Type": "Seq Scan", "Parent Relationship": "Outer", "Parallel Aware": false, "Async Capable": false, "Relation Name": "company_type", "Alias": "ct", "Startup Cost": 0.0, "Total Cost": 1.05, "Plan Rows": 1, "Plan Width": 4, "Actual Rows": 1, "Actual Loops": 3, "Filter": "((kind)::text = 'distributors'::text)", "Rows Removed by Filter": 3, "Workers": []}]}]}]}]}, {"Node Type": "Index Scan", "Parent Relationship": "Inner", "Parallel Aware": false, "Async Capable": false, "Scan Direction": "Forward", "Index Name": "title_pkey", "Relation Name": "title", "Alias": "t", "Startup Cost": 0.43, "Total Cost": 0.46, "Plan Rows": 1, "Plan Width": 25, "Actual Rows": 1, "Actual Loops": 803320, "Index Cond": "(id = mi.movie_id)", "Rows Removed by Index Recheck": 0, "Workers": []}]}, {"Node Type": "Hash", "Parent Relationship": "Inner", "Parallel Aware": false, "Async Capable": false, "Startup Cost": 1.09, "Total Cost": 1.09, "Plan Rows": 1, "Plan Width": 4, "Actual Rows": 1, "Actual Loops": 3, "Hash Buckets": 1024, "Original Hash Buckets": 1024, "Hash Batches": 1, "Original Hash Batches": 1, "Peak Memory Usage": 9, "Workers": [], "Plans": [{"Node Type": "Seq Scan", "Parent Relationship": "Outer", "Parallel Aware": false, "Async Capable": false, "Relation Name": "kind_type", "Alias": "kt", "Startup Cost": 0.0, "Total Cost": 1.09, "Plan Rows": 1, "Plan Width": 4, "Actual Rows": 1, "Actual Loops": 3, "Filter": "((kind)::text = 'episode'::text)", "Rows Removed by Filter": 6, "Workers": []}]}]}]}]}, {"Node Type": "Hash", "Parent Relationship": "Inner", "Parallel Aware": false, "Async Capable": false, "Startup Cost": 2.41, "Total Cost": 2.41, "Plan Rows": 1, "Plan Width": 4, "Actual Rows": 1, "Actual Loops": 3, "Hash Buckets": 1024, "Original Hash Buckets": 1024, "Hash Batches": 1, "Original Hash Batches": 1, "Peak Memory Usage": 9, "Workers": [], "Plans": [{"Node Type": "Seq Scan", "Parent Relationship": "Outer", "Parallel Aware": false, "Async Capable": false, "Relation Name": "info_type", "Alias": "it", "Startup Cost": 0.0, "Total Cost": 2.41, "Plan Rows": 1, "Plan Width": 4, "Actual Rows": 1, "Actual Loops": 3, "Filter": "((info)::text = 'votes'::text)", "Rows Removed by Filter": 112, "Workers": []}]}]}]}]}]}, "Planning Time": 9.566, "Triggers": [], "Execution Time": 2943.619}, {"Plan": {"Node Type": "Aggregate", "Strategy": "Plain", "Partial Mode": "Finalize", "Parallel Aware": false, "Async Capable": false, "Startup Cost": 256557.25, "Total Cost": 256557.26, "Plan Rows": 1, "Plan Width": 96, "Actual Rows": 1, "Actual Loops": 1, "Plans": [{"Node Type": "Gather", "Parent Relationship": "Outer", "Parallel Aware": false, "Async Capable": false, "Startup Cost": 256556.7, "Total Cost": 256557.21, "Plan Rows": 5, "Plan Width": 96, "Actual Rows": 6, "Actual Loops": 1, "Workers Planned": 5, "Workers Launched": 5, "Single Copy": false, "Plans": [{"Node Type": "Aggregate", "Strategy": "Plain", "Partial Mode": "Partial", "Parent Relationship": "Outer", "Parallel Aware": false, "Async Capable": false, "Startup Cost": 255556.7, "Total Cost": 255556.71, "Plan Rows": 1, "Plan Width": 96, "Actual Rows": 1, "Actual Loops": 6, "Workers": [], "Plans": [{"Node Type": "Hash Join", "Parent Relationship": "Outer", "Parallel Aware": true, "Async Capable": false, "Join Type": "Inner", "Startup Cost": 55699.46, "Total Cost": 255556.54, "Plan Rows": 22, "Plan Width": 41, "Actual Rows": 986, "Actual Loops": 6, "Inner Unique": false, "Hash Cond": "(mi.movie_id = t.id)", "Workers": [], "Plans": [{"Node Type": "Hash Join", "Parent Relationship": "Outer", "Parallel Aware": true, "Async Capable": false, "Join Type": "Inner", "Startup Cost": 37439.97, "Total Cost": 237263.89, "Plan Rows": 8835, "Plan Width": 27, "Actual Rows": 133887, "Actual Loops": 6, "Inner Unique": false, "Hash Cond": "(mi.movie_id = mc.movie_id)", "Workers": [], "Plans": [{"Node Type": "Hash Join", "Parent Relationship": "Outer", "Parallel Aware": false, "Async Capable": false, "Join Type": "Inner", "Startup Cost": 2.43, "Total Cost": 199403.96, "Plan Rows": 26259, "Plan Width": 4, "Actual Rows": 255652, "Actual Loops": 6, "Inner Unique": true, "Hash Cond": "(mi.info_type_id = it2.id)", "Workers": [], "Plans": [{"Node Type": "Seq Scan", "Parent Relationship": "Outer", "Parallel Aware": true, "Async Capable": false, "Relation Name": "movie_info", "Alias": "mi", "Startup Cost": 0.0, "Total Cost": 191320.4, "Plan Rows": 2967240, "Plan Width": 8, "Actual Rows": 2472620, "Actual Loops": 6, "Workers": []}, {"Node Type": "Hash", "Parent Relationship": "Inner", "Parallel Aware": false, "Async Capable": false, "Startup Cost": 2.41, "Total Cost": 2.41, "Plan Rows": 1, "Plan Width": 4, "Actual Rows": 1, "Actual Loops": 6, "Hash Buckets": 1024, "Original Hash Buckets": 1024, "Hash Batches": 1, "Original Hash Batches": 1, "Peak Memory Usage": 9, "Workers": [], "Plans": [{"Node Type": "Seq Scan", "Parent Relationship": "Outer", "Parallel Aware": false, "Async Capable": false, "Relation Name": "info_type", "Alias": "it2", "Startup Cost": 0.0, "Total Cost": 2.41, "Plan Rows": 1, "Plan Width": 4, "Actual Rows": 1, "Actual Loops": 6, "Filter": "((info)::text = 'genres'::text)", "Rows Removed by Filter": 112, "Workers": []}]}]}, {"Node Type": "Hash", "Parent Relationship": "Inner", "Parallel Aware": true, "Async Capable": false, "Startup Cost": 36487.24, "Total Cost": 36487.24, "Plan Rows": 76024, "Plan Width": 23, "Actual Rows": 100245, "Actual Loops": 6, "Hash Buckets": 1048576, "Original Hash Buckets": 262144, "Hash Batches": 1, "Original Hash Batches": 1, "Peak Memory Usage": 51488, "Workers": [], "Plans": [{"Node Type": "Hash Join", "Parent Relationship": "Outer", "Parallel Aware": false, "Async Capable": false, "Join Type": "Inner", "Startup Cost": 5393.29, "Total Cost": 36487.24, "Plan Rows": 76024, "Plan Width": 23, "Actual Rows": 100245, "Actual Loops": 6, "Inner Unique": true, "Hash Cond": "(mc.company_type_id = ct.id)", "Workers": [], "Plans": [{"Node Type": "Hash Join", "Parent Relationship": "Outer", "Parallel Aware": true, "Async Capable": false, "Join Type": "Inner", "Startup Cost": 5392.23, "Total Cost": 34842.17, "Plan Rows": 304095, "Plan Width": 27, "Actual Rows": 192300, "Actual Loops": 6, "Inner Unique": true, "Hash Cond": "(mc.company_id = cn.id)", "Workers": [], "Plans": [{"Node Type": "Seq Scan", "Parent Relationship": "Outer", "Parallel Aware": true, "Async Capable": false, "Relation Name": "movie_companies", "Alias": "mc", "Startup Cost": 0.0, "Total Cost": 27240.55, "Plan Rows": 841655, "Plan Width": 12, "Actual Rows": 434855, "Actual Loops": 6, "Workers": []}, {"Node Type": "Hash", "Parent Relationship": "Inner", "Parallel Aware": true, "Async Capable": false, "Startup Cost": 4767.92, "Total Cost": 4767.92, "Plan Rows": 49945, "Plan Width": 23, "Actual Rows": 14140, "Actual Loops": 6, "Hash Buckets": 131072, "Original Hash Buckets": 131072, "Hash Batches": 1, "Original Hash Batches": 1, "Peak Memory Usage": 6080, "Workers": [], "Plans": [{"Node Type": "Seq Scan", "Parent Relationship": "Outer", "Parallel Aware": true, "Async Capable": false, "Relation Name": "company_name", "Alias": "cn", "Startup Cost": 0.0, "Total Cost": 4767.92, "Plan Rows": 49945, "Plan Width": 23, "Actual Rows": 14140, "Actual Loops": 6, "Filter": "((country_code)::text = '[us]'::text)", "Rows Removed by Filter": 25026, "Workers": []}]}]}, {"Node Type": "Hash", "Parent Relationship": "Inner", "Parallel Aware": false, "Async Capable": false, "Startup Cost": 1.05, "Total Cost": 1.05, "Plan Rows": 1, "Plan Width": 4, "Actual Rows": 1, "Actual Loops": 6, "Hash Buckets": 1024, "Original Hash Buckets": 1024, "Hash Batches": 1, "Original Hash Batches": 1, "Peak Memory Usage": 9, "Workers": [], "Plans": [{"Node Type": "Seq Scan", "Parent Relationship": "Outer", "Parallel Aware": false, "Async Capable": false, "Relation Name": "company_type", "Alias": "ct", "Startup Cost": 0.0, "Total Cost": 1.05, "Plan Rows": 1, "Plan Width": 4, "Actual Rows": 1, "Actual Loops": 6, "Filter": "((kind)::text = 'distributors'::text)", "Rows Removed by Filter": 3, "Workers": []}]}]}]}]}, {"Node Type": "Hash", "Parent Relationship": "Inner", "Parallel Aware": true, "Async Capable": false, "Startup Cost": 18250.4, "Total Cost": 18250.4, "Plan Rows": 727, "Plan Width": 30, "Actual Rows": 23651, "Actual Loops": 6, "Hash Buckets": 262144, "Original Hash Buckets": 2048, "Hash Batches": 1, "Original Hash Batches": 1, "Peak Memory Usage": 13360, "Workers": [], "Plans": [{"Node Type": "Hash Join", "Parent Relationship": "Outer", "Parallel Aware": false, "Async Capable": false, "Join Type": "Inner", "Startup Cost": 3.96, "Total Cost": 18250.4, "Plan Rows": 727, "Plan Width": 30, "Actual Rows": 23651, "Actual Loops": 6, "Inner Unique": true, "Hash Cond": "(t.kind_id = kt.id)", "Workers": [], "Plans": [{"Node Type": "Nested Loop", "Parent Relationship": "Outer", "Parallel Aware": false, "Async Capable": false, "Join Type": "Inner", "Startup Cost": 2.86, "Total Cost": 18227.86, "Plan Rows": 5089, "Plan Width": 34, "Actual Rows": 76654, "Actual Loops": 6, "Inner Unique": true, "Workers": [], "Plans": [{"Node Type": "Hash Join", "Parent Relationship": "Outer", "Parallel Aware": false, "Async Capable": false, "Join Type": "Inner", "Startup Cost": 2.43, "Total Cost": 15286.6, "Plan Rows": 5089, "Plan Width": 9, "Actual Rows": 76654, "Actual Loops": 6, "Inner Unique": true, "Hash Cond": "(miidx.info_type_id = it.id)", "Workers": [], "Plans": [{"Node Type": "Seq Scan", "Parent Relationship": "Outer", "Parallel Aware": true, "Async Capable": false, "Relation Name": "movie_info_idx", "Alias": "miidx", "Startup Cost": 0.0, "Total Cost": 13718.15, "Plan Rows": 575015, "Plan Width": 13, "Actual Rows": 230006, "Actual Loops": 6, "Workers": []}, {"Node Type": "Hash", "Parent Relationship": "Inner", "Parallel Aware": false, "Async Capable": false, "Startup Cost": 2.41, "Total Cost": 2.41, "Plan Rows": 1, "Plan Width": 4, "Actual Rows": 1, "Actual Loops": 6, "Hash Buckets": 1024, "Original Hash Buckets": 1024, "Hash Batches": 1, "Original Hash Batches": 1, "Peak Memory Usage": 9, "Workers": [], "Plans": [{"Node Type": "Seq Scan", "Parent Relationship": "Outer", "Parallel Aware": false, "Async Capable": false, "Relation Name": "info_type", "Alias": "it", "Startup Cost": 0.0, "Total Cost": 2.41, "Plan Rows": 1, "Plan Width": 4, "Actual Rows": 1, "Actual Loops": 6, "Filter": "((info)::text = 'votes'::text)", "Rows Removed by Filter": 112, "Workers": []}]}]}, {"Node Type": "Index Scan", "Parent Relationship": "Inner", "Parallel Aware": false, "Async Capable": false, "Scan Direction": "Forward", "Index Name": "title_pkey", "Relation Name": "title", "Alias": "t", "Startup Cost": 0.43, "Total Cost": 0.58, "Plan Rows": 1, "Plan Width": 25, "Actual Rows": 1, "Actual Loops": 459925, "Index Cond": "(id = miidx.movie_id)", "Rows Removed by Index Recheck": 0, "Workers": []}]}, {"Node Type": "Hash", "Parent Relationship": "Inner", "Parallel Aware": false, "Async Capable": false, "Startup Cost": 1.09, "Total Cost": 1.09, "Plan Rows": 1, "Plan Width": 4, "Actual Rows": 1, "Actual Loops": 6, "Hash Buckets": 1024, "Original Hash Buckets": 1024, "Hash Batches": 1, "Original Hash Batches": 1, "Peak Memory Usage": 9, "Workers": [], "Plans": [{"Node Type": "Seq Scan", "Parent Relationship": "Outer", "Parallel Aware": false, "Async Capable": false, "Relation Name": "kind_type", "Alias": "kt", "Startup Cost": 0.0, "Total Cost": 1.09, "Plan Rows": 1, "Plan Width": 4, "Actual Rows": 1, "Actual Loops": 6, "Filter": "((kind)::text = 'episode'::text)", "Rows Removed by Filter": 6, "Workers": []}]}]}]}]}]}]}]}, "Planning Time": 6.864, "Triggers": [], "Execution Time": 1438.805}, {"Plan": {"Node Type": "Aggregate", "Strategy": "Plain", "Partial Mode": "Finalize", "Parallel Aware": false, "Async Capable": false, "Startup Cost": 317929.23, "Total Cost": 317929.24, "Plan Rows": 1, "Plan Width": 96, "Actual Rows": 1, "Actual Loops": 1, "Plans": [{"Node Type": "Gather", "Parent Relationship": "Outer", "Parallel Aware": false, "Async Capable": false, "Startup Cost": 317928.79, "Total Cost": 317929.2, "Plan Rows": 4, "Plan Width": 96, "Actual Rows": 5, "Actual Loops": 1, "Workers Planned": 4, "Workers Launched": 4, "Single Copy": false, "Plans": [{"Node Type": "Aggregate", "Strategy": "Plain", "Partial Mode": "Partial", "Parent Relationship": "Outer", "Parallel Aware": false, "Async Capable": false, "Startup Cost": 316928.79, "Total Cost": 316928.8, "Plan Rows": 1, "Plan Width": 96, "Actual Rows": 1, "Actual Loops": 5, "Workers": [], "Plans": [{"Node Type": "Hash Join", "Parent Relationship": "Outer", "Parallel Aware": true, "Async Capable": false, "Join Type": "Inner", "Startup Cost": 266631.01, "Total Cost": 316928.59, "Plan Rows": 27, "Plan Width": 41, "Actual Rows": 1183, "Actual Loops": 5, "Inner Unique": false, "Hash Cond": "(t.id = mi.movie_id)", "Workers": [], "Plans": [{"Node Type": "Hash Join", "Parent Relationship": "Outer", "Parallel Aware": false, "Async Capable": false, "Join Type": "Inner", "Startup Cost": 1.1, "Total Cost": 44993.64, "Plan Rows": 90297, "Plan Width": 21, "Actual Rows": 308653, "Actual Loops": 5, "Inner Unique": true, "Hash Cond": "(t.kind_id = kt.id)", "Workers": [], "Plans": [{"Node Type": "Seq Scan", "Parent Relationship": "Outer", "Parallel Aware": true, "Async Capable": false, "Relation Name": "title", "Alias": "t", "Startup Cost": 0.0, "Total Cost": 42328.78, "Plan Rows": 632078, "Plan Width": 25, "Actual Rows": 505662, "Actual Loops": 5, "Workers": []}, {"Node Type": "Hash", "Parent Relationship": "Inner", "Parallel Aware": false, "Async Capable": false, "Startup Cost": 1.09, "Total Cost": 1.09, "Plan Rows": 1, "Plan Width": 4, "Actual Rows": 1, "Actual Loops": 5, "Hash Buckets": 1024, "Original Hash Buckets": 1024, "Hash Batches": 1, "Original Hash Batches": 1, "Peak Memory Usage": 9, "Workers": [], "Plans": [{"Node Type": "Seq Scan", "Parent Relationship": "Outer", "Parallel Aware": false, "Async Capable": false, "Relation Name": "kind_type", "Alias": "kt", "Startup Cost": 0.0, "Total Cost": 1.09, "Plan Rows": 1, "Plan Width": 4, "Actual Rows": 1, "Actual Loops": 5, "Filter": "((kind)::text = 'episode'::text)", "Rows Removed by Filter": 6, "Workers": []}]}]}, {"Node Type": "Hash", "Parent Relationship": "Inner", "Parallel Aware": true, "Async Capable": false, "Startup Cost": 266626.84, "Total Cost": 266626.84, "Plan Rows": 246, "Plan Width": 36, "Actual Rows": 108242, "Actual Loops": 5, "Hash Buckets": 1048576, "Original Hash Buckets": 1024, "Hash Batches": 1, "Original Hash Batches": 1, "Peak Memory Usage": 56088, "Workers": [], "Plans": [{"Node Type": "Nested Loop", "Parent Relationship": "Outer", "Parallel Aware": false, "Async Capable": false, "Join Type": "Inner", "Startup Cost": 214861.69, "Total Cost": 266626.84, "Plan Rows": 246, "Plan Width": 36, "Actual Rows": 108242, "Actual Loops": 5, "Inner Unique": true, "Workers": [], "Plans": [{"Node Type": "Hash Join", "Parent Relationship": "Outer", "Parallel Aware": false, "Async Capable": false, "Join Type": "Inner", "Startup Cost": 214861.27, "Total Cost": 266322.66, "Plan Rows": 682, "Plan Width": 21, "Actual Rows": 275704, "Actual Loops": 5, "Inner Unique": true, "Hash Cond": "(mc.company_type_id = ct.id)", "Workers": [], "Plans": [{"Node Type": "Hash Join", "Parent Relationship": "Outer", "Parallel Aware": true, "Async Capable": false, "Join Type": "Inner", "Startup Cost": 214860.21, "Total Cost": 266303.79, "Plan Rows": 3293, "Plan Width": 25, "Actual Rows": 438831, "Actual Loops": 5, "Inner Unique": false, "Hash Cond": "(mc.movie_id = mi.movie_id)", "Workers": [], "Plans": [{"Node Type": "Seq Scan", "Parent Relationship": "Outer", "Parallel Aware": true, "Async Capable": false, "Relation Name": "movie_companies", "Alias": "mc", "Startup Cost": 0.0, "Total Cost": 27240.55, "Plan Rows": 841655, "Plan Width": 12, "Actual Rows": 521826, "Actual Loops": 5, "Workers": []}, {"Node Type": "Hash", "Parent Relationship": "Inner", "Parallel Aware": true, "Async Capable": false, "Startup Cost": 214854.53, "Total Cost": 214854.53, "Plan Rows": 454, "Plan Width": 13, "Actual Rows": 109241, "Actual Loops": 5, "Hash Buckets": 1048576, "Original Hash Buckets": 4096, "Hash Batches": 1, "Original Hash Batches": 1, "Peak Memory Usage": 42048, "Workers": [], "Plans": [{"Node Type": "Hash Join", "Parent Relationship": "Outer", "Parallel Aware": true, "Async Capable": false, "Join Type": "Inner", "Startup Cost": 15352.64, "Total Cost": 214854.53, "Plan Rows": 454, "Plan Width": 13, "Actual Rows": 109241, "Actual Loops": 5, "Inner Unique": false, "Hash Cond": "(mi.movie_id = miidx.movie_id)", "Workers": [], "Plans": [{"Node Type": "Hash Join", "Parent Relationship": "Outer", "Parallel Aware": false, "Async Capable": false, "Join Type": "Inner", "Startup Cost": 2.43, "Total Cost": 199403.96, "Plan Rows": 26259, "Plan Width": 4, "Actual Rows": 306782, "Actual Loops": 5, "Inner Unique": true, "Hash Cond": "(mi.info_type_id = it2.id)", "Workers": [], "Plans": [{"Node Type": "Seq Scan", "Parent Relationship": "Outer", "Parallel Aware": true, "Async Capable": false, "Relation Name": "movie_info", "Alias": "mi", "Startup Cost": 0.0, "Total Cost": 191320.4, "Plan Rows": 2967240, "Plan Width": 8, "Actual Rows": 2967144, "Actual Loops": 5, "Workers": []}, {"Node Type": "Hash", "Parent Relationship": "Inner", "Parallel Aware": false, "Async Capable": false, "Startup Cost": 2.41, "Total Cost": 2.41, "Plan Rows": 1, "Plan Width": 4, "Actual Rows": 1, "Actual Loops": 5, "Hash Buckets": 1024, "Original Hash Buckets": 1024, "Hash Batches": 1, "Original Hash Batches": 1, "Peak Memory Usage": 9, "Workers": [], "Plans": [{"Node Type": "Seq Scan", "Parent Relationship": "Outer", "Parallel Aware": false, "Async Capable": false, "Relation Name": "info_type", "Alias": "it2", "Startup Cost": 0.0, "Total Cost": 2.41, "Plan Rows": 1, "Plan Width": 4, "Actual Rows": 1, "Actual Loops": 5, "Filter": "((info)::text = 'genres'::text)", "Rows Removed by Filter": 112, "Workers": []}]}]}, {"Node Type": "Hash", "Parent Relationship": "Inner", "Parallel Aware": true, "Async Capable": false, "Startup Cost": 15286.6, "Total Cost": 15286.6, "Plan Rows": 5089, "Plan Width": 9, "Actual Rows": 91985, "Actual Loops": 5, "Hash Buckets": 524288, "Original Hash Buckets": 16384, "Hash Batches": 1, "Original Hash Batches": 1, "Peak Memory Usage": 26272, "Workers": [], "Plans": [{"Node Type": "Hash Join", "Parent Relationship": "Outer", "Parallel Aware": false, "Async Capable": false, "Join Type": "Inner", "Startup Cost": 2.43, "Total Cost": 15286.6, "Plan Rows": 5089, "Plan Width": 9, "Actual Rows": 91985, "Actual Loops": 5, "Inner Unique": true, "Hash Cond": "(miidx.info_type_id = it.id)", "Workers": [], "Plans": [{"Node Type": "Seq Scan", "Parent Relationship": "Outer", "Parallel Aware": true, "Async Capable": false, "Relation Name": "movie_info_idx", "Alias": "miidx", "Startup Cost": 0.0, "Total Cost": 13718.15, "Plan Rows": 575015, "Plan Width": 13, "Actual Rows": 276007, "Actual Loops": 5, "Workers": []}, {"Node Type": "Hash", "Parent Relationship": "Inner", "Parallel Aware": false, "Async Capable": false, "Startup Cost": 2.41, "Total Cost": 2.41, "Plan Rows": 1, "Plan Width": 4, "Actual Rows": 1, "Actual Loops": 5, "Hash Buckets": 1024, "Original Hash Buckets": 1024, "Hash Batches": 1, "Original Hash Batches": 1, "Peak Memory Usage": 9, "Workers": [], "Plans": [{"Node Type": "Seq Scan", "Parent Relationship": "Outer", "Parallel Aware": false, "Async Capable": false, "Relation Name": "info_type", "Alias": "it", "Startup Cost": 0.0, "Total Cost": 2.41, "Plan Rows": 1, "Plan Width": 4, "Actual Rows": 1, "Actual Loops": 5, "Filter": "((info)::text = 'votes'::text)", "Rows Removed by Filter": 112, "Workers": []}]}]}]}]}]}]}, {"Node Type": "Hash", "Parent Relationship": "Inner", "Parallel Aware": false, "Async Capable": false, "Startup Cost": 1.05, "Total Cost": 1.05, "Plan Rows": 1, "Plan Width": 4, "Actual Rows": 1, "Actual Loops": 5, "Hash Buckets": 1024, "Original Hash Buckets": 1024, "Hash Batches": 1, "Original Hash Batches": 1, "Peak Memory Usage": 9, "Workers": [], "Plans": [{"Node Type": "Seq Scan", "Parent Relationship": "Outer", "Parallel Aware": false, "Async Capable": false, "Relation Name": "company_type", "Alias": "ct", "Startup Cost": 0.0, "Total Cost": 1.05, "Plan Rows": 1, "Plan Width": 4, "Actual Rows": 1, "Actual Loops": 5, "Filter": "((kind)::text = 'distributors'::text)", "Rows Removed by Filter": 3, "Workers": []}]}]}, {"Node Type": "Index Scan", "Parent Relationship": "Inner", "Parallel Aware": false, "Async Capable": false, "Scan Direction": "Forward", "Index Name": "company_name_pkey", "Relation Name": "company_name", "Alias": "cn", "Startup Cost": 0.42, "Total Cost": 0.45, "Plan Rows": 1, "Plan Width": 23, "Actual Rows": 0, "Actual Loops": 1378520, "Index Cond": "(id = mc.company_id)", "Rows Removed by Index Recheck": 0, "Filter": "((country_code)::text = '[us]'::text)", "Rows Removed by Filter": 1, "Workers": []}]}]}]}]}]}]}, "Planning Time": 5.682, "Triggers": [], "Execution Time": 2682.954}, {"Plan": {"Node Type": "Aggregate", "Strategy": "Plain", "Partial Mode": "Simple", "Parallel Aware": false, "Async Capable": false, "Startup Cost": 267827.76, "Total Cost": 267827.77, "Plan Rows": 1, "Plan Width": 96, "Actual Rows": 1, "Actual Loops": 1, "Plans": [{"Node Type": "Nested Loop", "Parent Relationship": "Outer", "Parallel Aware": false, "Async Capable": false, "Join Type": "Inner", "Startup Cost": 215862.12, "Total Cost": 267826.94, "Plan Rows": 109, "Plan Width": 41, "Actual Rows": 5916, "Actual Loops": 1, "Inner Unique": false, "Join Filter": "(kt.id = t.kind_id)", "Rows Removed by Join Filter": 535292, "Plans": [{"Node Type": "Seq Scan", "Parent Relationship": "Outer", "Parallel Aware": false, "Async Capable": false, "Relation Name": "kind_type", "Alias": "kt", "Startup Cost": 0.0, "Total Cost": 1.09, "Plan Rows": 1, "Plan Width": 4, "Actual Rows": 1, "Actual Loops": 1, "Filter": "((kind)::text = 'episode'::text)", "Rows Removed by Filter": 6}, {"Node Type": "Gather", "Parent Relationship": "Inner", "Parallel Aware": false, "Async Capable": false, "Startup Cost": 215862.12, "Total Cost": 267816.31, "Plan Rows": 764, "Plan Width": 45, "Actual Rows": 541208, "Actual Loops": 1, "Workers Planned": 3, "Workers Launched": 3, "Single Copy": false, "Plans": [{"Node Type": "Nested Loop", "Parent Relationship": "Outer", "Parallel Aware": false, "Async Capable": false, "Join Type": "Inner", "Startup Cost": 214862.12, "Total Cost": 266739.91, "Plan Rows": 246, "Plan Width": 45, "Actual Rows": 135302, "Actual Loops": 4, "Inner Unique": true, "Workers": [], "Plans": [{"Node Type": "Nested Loop", "Parent Relationship": "Outer", "Parallel Aware": false, "Async Capable": false, "Join Type": "Inner", "Startup Cost": 214861.69, "Total Cost": 266626.84, "Plan Rows": 246, "Plan Width": 36, "Actual Rows": 135302, "Actual Loops": 4, "Inner Unique": true, "Workers": [], "Plans": [{"Node Type": "Hash Join", "Parent Relationship": "Outer", "Parallel Aware": false, "Async Capable": false, "Join Type": "Inner", "Startup Cost": 214861.27, "Total Cost": 266322.66, "Plan Rows": 682, "Plan Width": 21, "Actual Rows": 344630, "Actual Loops": 4, "Inner Unique": true, "Hash Cond": "(mc.company_type_id = ct.id)", "Workers": [], "Plans": [{"Node Type": "Hash Join", "Parent Relationship": "Outer", "Parallel Aware": true, "Async Capable": false, "Join Type": "Inner", "Startup Cost": 214860.21, "Total Cost": 266303.79, "Plan Rows": 3293, "Plan Width": 25, "Actual Rows": 548539, "Actual Loops": 4, "Inner Unique": false, "Hash Cond": "(mc.movie_id = mi.movie_id)", "Workers": [], "Plans": [{"Node Type": "Seq Scan", "Parent Relationship": "Outer", "Parallel Aware": true, "Async Capable": false, "Relation Name": "movie_companies", "Alias": "mc", "Startup Cost": 0.0, "Total Cost": 27240.55, "Plan Rows": 841655, "Plan Width": 12, "Actual Rows": 652282, "Actual Loops": 4, "Workers": []}, {"Node Type": "Hash", "Parent Relationship": "Inner", "Parallel Aware": true, "Async Capable": false, "Startup Cost": 214854.53, "Total Cost": 214854.53, "Plan Rows": 454, "Plan Width": 13, "Actual Rows": 136551, "Actual Loops": 4, "Hash Buckets": 1048576, "Original Hash Buckets": 4096, "Hash Batches": 1, "Original Hash Batches": 1, "Peak Memory Usage": 42048, "Workers": [], "Plans": [{"Node Type": "Hash Join", "Parent Relationship": "Outer", "Parallel Aware": true, "Async Capable": false, "Join Type": "Inner", "Startup Cost": 15352.64, "Total Cost": 214854.53, "Plan Rows": 454, "Plan Width": 13, "Actual Rows": 136551, "Actual Loops": 4, "Inner Unique": false, "Hash Cond": "(mi.movie_id = miidx.movie_id)", "Workers": [], "Plans": [{"Node Type": "Hash Join", "Parent Relationship": "Outer", "Parallel Aware": false, "Async Capable": false, "Join Type": "Inner", "Startup Cost": 2.43, "Total Cost": 199403.96, "Plan Rows": 26259, "Plan Width": 4, "Actual Rows": 383477, "Actual Loops": 4, "Inner Unique": true, "Hash Cond": "(mi.info_type_id = it2.id)", "Workers": [], "Plans": [{"Node Type": "Seq Scan", "Parent Relationship": "Outer", "Parallel Aware": true, "Async Capable": false, "Relation Name": "movie_info", "Alias": "mi", "Startup Cost": 0.0, "Total Cost": 191320.4, "Plan Rows": 2967240, "Plan Width": 8, "Actual Rows": 3708930, "Actual Loops": 4, "Workers": []}, {"Node Type": "Hash", "Parent Relationship": "Inner", "Parallel Aware": false, "Async Capable": false, "Startup Cost": 2.41, "Total Cost": 2.41, "Plan Rows": 1, "Plan Width": 4, "Actual Rows": 1, "Actual Loops": 4, "Hash Buckets": 1024, "Original Hash Buckets": 1024, "Hash Batches": 1, "Original Hash Batches": 1, "Peak Memory Usage": 9, "Workers": [], "Plans": [{"Node Type": "Seq Scan", "Parent Relationship": "Outer", "Parallel Aware": false, "Async Capable": false, "Relation Name": "info_type", "Alias": "it2", "Startup Cost": 0.0, "Total Cost": 2.41, "Plan Rows": 1, "Plan Width": 4, "Actual Rows": 1, "Actual Loops": 4, "Filter": "((info)::text = 'genres'::text)", "Rows Removed by Filter": 112, "Workers": []}]}]}, {"Node Type": "Hash", "Parent Relationship": "Inner", "Parallel Aware": true, "Async Capable": false, "Startup Cost": 15286.6, "Total Cost": 15286.6, "Plan Rows": 5089, "Plan Width": 9, "Actual Rows": 114981, "Actual Loops": 4, "Hash Buckets": 524288, "Original Hash Buckets": 16384, "Hash Batches": 1, "Original Hash Batches": 1, "Peak Memory Usage": 26272, "Workers": [], "Plans": [{"Node Type": "Hash Join", "Parent Relationship": "Outer", "Parallel Aware": false, "Async Capable": false, "Join Type": "Inner", "Startup Cost": 2.43, "Total Cost": 15286.6, "Plan Rows": 5089, "Plan Width": 9, "Actual Rows": 114981, "Actual Loops": 4, "Inner Unique": true, "Hash Cond": "(miidx.info_type_id = it.id)", "Workers": [], "Plans": [{"Node Type": "Seq Scan", "Parent Relationship": "Outer", "Parallel Aware": true, "Async Capable": false, "Relation Name": "movie_info_idx", "Alias": "miidx", "Startup Cost": 0.0, "Total Cost": 13718.15, "Plan Rows": 575015, "Plan Width": 13, "Actual Rows": 345009, "Actual Loops": 4, "Workers": []}, {"Node Type": "Hash", "Parent Relationship": "Inner", "Parallel Aware": false, "Async Capable": false, "Startup Cost": 2.41, "Total Cost": 2.41, "Plan Rows": 1, "Plan Width": 4, "Actual Rows": 1, "Actual Loops": 4, "Hash Buckets": 1024, "Original Hash Buckets": 1024, "Hash Batches": 1, "Original Hash Batches": 1, "Peak Memory Usage": 9, "Workers": [], "Plans": [{"Node Type": "Seq Scan", "Parent Relationship": "Outer", "Parallel Aware": false, "Async Capable": false, "Relation Name": "info_type", "Alias": "it", "Startup Cost": 0.0, "Total Cost": 2.41, "Plan Rows": 1, "Plan Width": 4, "Actual Rows": 1, "Actual Loops": 4, "Filter": "((info)::text = 'votes'::text)", "Rows Removed by Filter": 112, "Workers": []}]}]}]}]}]}]}, {"Node Type": "Hash", "Parent Relationship": "Inner", "Parallel Aware": false, "Async Capable": false, "Startup Cost": 1.05, "Total Cost": 1.05, "Plan Rows": 1, "Plan Width": 4, "Actual Rows": 1, "Actual Loops": 4, "Hash Buckets": 1024, "Original Hash Buckets": 1024, "Hash Batches": 1, "Original Hash Batches": 1, "Peak Memory Usage": 9, "Workers": [], "Plans": [{"Node Type": "Seq Scan", "Parent Relationship": "Outer", "Parallel Aware": false, "Async Capable": false, "Relation Name": "company_type", "Alias": "ct", "Startup Cost": 0.0, "Total Cost": 1.05, "Plan Rows": 1, "Plan Width": 4, "Actual Rows": 1, "Actual Loops": 4, "Filter": "((kind)::text = 'distributors'::text)", "Rows Removed by Filter": 3, "Workers": []}]}]}, {"Node Type": "Index Scan", "Parent Relationship": "Inner", "Parallel Aware": false, "Async Capable": false, "Scan Direction": "Forward", "Index Name": "company_name_pkey", "Relation Name": "company_name", "Alias": "cn", "Startup Cost": 0.42, "Total Cost": 0.45, "Plan Rows": 1, "Plan Width": 23, "Actual Rows": 0, "Actual Loops": 1378520, "Index Cond": "(id = mc.company_id)", "Rows Removed by Index Recheck": 0, "Filter": "((country_code)::text = '[us]'::text)", "Rows Removed by Filter": 1, "Workers": []}]}, {"Node Type": "Index Scan", "Parent Relationship": "Inner", "Parallel Aware": false, "Async Capable": false, "Scan Direction": "Forward", "Index Name": "title_pkey", "Relation Name": "title", "Alias": "t", "Startup Cost": 0.43, "Total Cost": 0.46, "Plan Rows": 1, "Plan Width": 25, "Actual Rows": 1, "Actual Loops": 541208, "Index Cond": "(id = mi.movie_id)", "Rows Removed by Index Recheck": 0, "Workers": []}]}]}]}]}, "Planning Time": 7.105, "Triggers": [], "Execution Time": 3118.752}, {"Plan": {"Node Type": "Aggregate", "Strategy": "Plain", "Partial Mode": "Finalize", "Parallel Aware": false, "Async Capable": false, "Startup Cost": 260523.21, "Total Cost": 260523.22, "Plan Rows": 1, "Plan Width": 96, "Actual Rows": 1, "Actual Loops": 1, "Plans": [{"Node Type": "Gather", "Parent Relationship": "Outer", "Parallel Aware": false, "Async Capable": false, "Startup Cost": 260522.66, "Total Cost": 260523.17, "Plan Rows": 5, "Plan Width": 96, "Actual Rows": 6, "Actual Loops": 1, "Workers Planned": 5, "Workers Launched": 5, "Single Copy": false, "Plans": [{"Node Type": "Aggregate", "Strategy": "Plain", "Partial Mode": "Partial", "Parent Relationship": "Outer", "Parallel Aware": false, "Async Capable": false, "Startup Cost": 259522.66, "Total Cost": 259522.67, "Plan Rows": 1, "Plan Width": 96, "Actual Rows": 1, "Actual Loops": 6, "Workers": [], "Plans": [{"Node Type": "Hash Join", "Parent Relationship": "Outer", "Parallel Aware": true, "Async Capable": false, "Join Type": "Inner", "Startup Cost": 47898.89, "Total Cost": 259522.49, "Plan Rows": 22, "Plan Width": 41, "Actual Rows": 986, "Actual Loops": 6, "Inner Unique": false, "Hash Cond": "(mi.movie_id = mc.movie_id)", "Workers": [], "Plans": [{"Node Type": "Hash Join", "Parent Relationship": "Outer", "Parallel Aware": false, "Async Capable": false, "Join Type": "Inner", "Startup Cost": 3.96, "Total Cost": 211585.28, "Plan Rows": 3751, "Plan Width": 25, "Actual Rows": 2390, "Actual Loops": 6, "Inner Unique": true, "Hash Cond": "(t.kind_id = kt.id)", "Workers": [], "Plans": [{"Node Type": "Nested Loop", "Parent Relationship": "Outer", "Parallel Aware": false, "Async Capable": false, "Join Type": "Inner", "Startup Cost": 2.86, "Total Cost": 211473.52, "Plan Rows": 26259, "Plan Width": 29, "Actual Rows": 255652, "Actual Loops": 6, "Inner Unique": true, "Workers": [], "Plans": [{"Node Type": "Hash Join", "Parent Relationship": "Outer", "Parallel Aware": false, "Async Capable": false, "Join Type": "Inner", "Startup Cost": 2.43, "Total Cost": 199403.96, "Plan Rows": 26259, "Plan Width": 4, "Actual Rows": 255652, "Actual Loops": 6, "Inner Unique": true, "Hash Cond": "(mi.info_type_id = it2.id)", "Workers": [], "Plans": [{"Node Type": "Seq Scan", "Parent Relationship": "Outer", "Parallel Aware": true, "Async Capable": false, "Relation Name": "movie_info", "Alias": "mi", "Startup Cost": 0.0, "Total Cost": 191320.4, "Plan Rows": 2967240, "Plan Width": 8, "Actual Rows": 2472620, "Actual Loops": 6, "Workers": []}, {"Node Type": "Hash", "Parent Relationship": "Inner", "Parallel Aware": false, "Async Capable": false, "Startup Cost": 2.41, "Total Cost": 2.41, "Plan Rows": 1, "Plan Width": 4, "Actual Rows": 1, "Actual Loops": 6, "Hash Buckets": 1024, "Original Hash Buckets": 1024, "Hash Batches": 1, "Original Hash Batches": 1, "Peak Memory Usage": 9, "Workers": [], "Plans": [{"Node Type": "Seq Scan", "Parent Relationship": "Outer", "Parallel Aware": false, "Async Capable": false, "Relation Name": "info_type", "Alias": "it2", "Startup Cost": 0.0, "Total Cost": 2.41, "Plan Rows": 1, "Plan Width": 4, "Actual Rows": 1, "Actual Loops": 6, "Filter": "((info)::text = 'genres'::text)", "Rows Removed by Filter": 112, "Workers": []}]}]}, {"Node Type": "Index Scan", "Parent Relationship": "Inner", "Parallel Aware": false, "Async Capable": false, "Scan Direction": "Forward", "Index Name": "title_pkey", "Relation Name": "title", "Alias": "t", "Startup Cost": 0.43, "Total Cost": 0.46, "Plan Rows": 1, "Plan Width": 25, "Actual Rows": 1, "Actual Loops": 1533909, "Index Cond": "(id = mi.movie_id)", "Rows Removed by Index Recheck": 0, "Workers": []}]}, {"Node Type": "Hash", "Parent Relationship": "Inner", "Parallel Aware": false, "Async Capable": false, "Startup Cost": 1.09, "Total Cost": 1.09, "Plan Rows": 1, "Plan Width": 4, "Actual Rows": 1, "Actual Loops": 6, "Hash Buckets": 1024, "Original Hash Buckets": 1024, "Hash Batches": 1, "Original Hash Batches": 1, "Peak Memory Usage": 9, "Workers": [], "Plans": [{"Node Type": "Seq Scan", "Parent Relationship": "Outer", "Parallel Aware": false, "Async Capable": false, "Relation Name": "kind_type", "Alias": "kt", "Startup Cost": 0.0, "Total Cost": 1.09, "Plan Rows": 1, "Plan Width": 4, "Actual Rows": 1, "Actual Loops": 6, "Filter": "((kind)::text = 'episode'::text)", "Rows Removed by Filter": 6, "Workers": []}]}]}, {"Node Type": "Hash", "Parent Relationship": "Inner", "Parallel Aware": true, "Async Capable": false, "Startup Cost": 47875.09, "Total Cost": 47875.09, "Plan Rows": 1587, "Plan Width": 32, "Actual Rows": 55259, "Actual Loops": 6, "Hash Buckets": 524288, "Original Hash Buckets": 8192, "Hash Batches": 1, "Original Hash Batches": 1, "Peak Memory Usage": 31328, "Workers": [], "Plans": [{"Node Type": "Nested Loop", "Parent Relationship": "Outer", "Parallel Aware": false, "Async Capable": false, "Join Type": "Inner", "Startup Cost": 15351.7, "Total Cost": 47875.09, "Plan Rows": 1587, "Plan Width": 32, "Actual Rows": 55259, "Actual Loops": 6, "Inner Unique": true, "Workers": [], "Plans": [{"Node Type": "Hash Join", "Parent Relationship": "Outer", "Parallel Aware": false, "Async Capable": false, "Join Type": "Inner", "Startup Cost": 15351.28, "Total Cost": 45916.2, "Plan Rows": 4392, "Plan Width": 17, "Actual Rows": 128444, "Actual Loops": 6, "Inner Unique": true, "Hash Cond": "(mc.company_type_id = ct.id)", "Workers": [], "Plans": [{"Node Type": "Hash Join", "Parent Relationship": "Outer", "Parallel Aware": true, "Async Capable": false, "Join Type": "Inner", "Startup Cost": 15350.21, "Total Cost": 45820.16, "Plan Rows": 17566, "Plan Width": 21, "Actual Rows": 225814, "Actual Loops": 6, "Inner Unique": false, "Hash Cond": "(mc.movie_id = miidx.movie_id)", "Workers": [], "Plans": [{"Node Type": "Seq Scan", "Parent Relationship": "Outer", "Parallel Aware": true, "Async Capable": false, "Relation Name": "movie_companies", "Alias": "mc", "Startup Cost": 0.0, "Total Cost": 27240.55, "Plan Rows": 841655, "Plan Width": 12, "Actual Rows": 434855, "Actual Loops": 6, "Workers": []}, {"Node Type": "Hash", "Parent Relationship": "Inner", "Parallel Aware": true, "Async Capable": false, "Startup Cost": 15286.6, "Total Cost": 15286.6, "Plan Rows": 5089, "Plan Width": 9, "Actual Rows": 76654, "Actual Loops": 6, "Hash Buckets": 524288, "Original Hash Buckets": 16384, "Hash Batches": 1, "Original Hash Batches": 1, "Peak Memory Usage": 26304, "Workers": [], "Plans": [{"Node Type": "Hash Join", "Parent Relationship": "Outer", "Parallel Aware": false, "Async Capable": false, "Join Type": "Inner", "Startup Cost": 2.43, "Total Cost": 15286.6, "Plan Rows": 5089, "Plan Width": 9, "Actual Rows": 76654, "Actual Loops": 6, "Inner Unique": true, "Hash Cond": "(miidx.info_type_id = it.id)", "Workers": [], "Plans": [{"Node Type": "Seq Scan", "Parent Relationship": "Outer", "Parallel Aware": true, "Async Capable": false, "Relation Name": "movie_info_idx", "Alias": "miidx", "Startup Cost": 0.0, "Total Cost": 13718.15, "Plan Rows": 575015, "Plan Width": 13, "Actual Rows": 230006, "Actual Loops": 6, "Workers": []}, {"Node Type": "Hash", "Parent Relationship": "Inner", "Parallel Aware": false, "Async Capable": false, "Startup Cost": 2.41, "Total Cost": 2.41, "Plan Rows": 1, "Plan Width": 4, "Actual Rows": 1, "Actual Loops": 6, "Hash Buckets": 1024, "Original Hash Buckets": 1024, "Hash Batches": 1, "Original Hash Batches": 1, "Peak Memory Usage": 9, "Workers": [], "Plans": [{"Node Type": "Seq Scan", "Parent Relationship": "Outer", "Parallel Aware": false, "Async Capable": false, "Relation Name": "info_type", "Alias": "it", "Startup Cost": 0.0, "Total Cost": 2.41, "Plan Rows": 1, "Plan Width": 4, "Actual Rows": 1, "Actual Loops": 6, "Filter": "((info)::text = 'votes'::text)", "Rows Removed by Filter": 112, "Workers": []}]}]}]}]}, {"Node Type": "Hash", "Parent Relationship": "Inner", "Parallel Aware": false, "Async Capable": false, "Startup Cost": 1.05, "Total Cost": 1.05, "Plan Rows": 1, "Plan Width": 4, "Actual Rows": 1, "Actual Loops": 6, "Hash Buckets": 1024, "Original Hash Buckets": 1024, "Hash Batches": 1, "Original Hash Batches": 1, "Peak Memory Usage": 9, "Workers": [], "Plans": [{"Node Type": "Seq Scan", "Parent Relationship": "Outer", "Parallel Aware": false, "Async Capable": false, "Relation Name": "company_type", "Alias": "ct", "Startup Cost": 0.0, "Total Cost": 1.05, "Plan Rows": 1, "Plan Width": 4, "Actual Rows": 1, "Actual Loops": 6, "Filter": "((kind)::text = 'distributors'::text)", "Rows Removed by Filter": 3, "Workers": []}]}]}, {"Node Type": "Index Scan", "Parent Relationship": "Inner", "Parallel Aware": false, "Async Capable": false, "Scan Direction": "Forward", "Index Name": "company_name_pkey", "Relation Name": "company_name", "Alias": "cn", "Startup Cost": 0.42, "Total Cost": 0.45, "Plan Rows": 1, "Plan Width": 23, "Actual Rows": 0, "Actual Loops": 770661, "Index Cond": "(id = mc.company_id)", "Rows Removed by Index Recheck": 0, "Filter": "((country_code)::text = '[us]'::text)", "Rows Removed by Filter": 1, "Workers": []}]}]}]}]}]}]}, "Planning Time": 7.287, "Triggers": [], "Execution Time": 2459.246}, {"Plan": {"Node Type": "Aggregate", "Strategy": "Plain", "Partial Mode": "Finalize", "Parallel Aware": false, "Async Capable": false, "Startup Cost": 292068.27, "Total Cost": 292068.28, "Plan Rows": 1, "Plan Width": 96, "Actual Rows": 1, "Actual Loops": 1, "Plans": [{"Node Type": "Gather", "Parent Relationship": "Outer", "Parallel Aware": false, "Async Capable": false, "Startup Cost": 292067.72, "Total Cost": 292068.23, "Plan Rows": 5, "Plan Width": 96, "Actual Rows": 6, "Actual Loops": 1, "Workers Planned": 5, "Workers Launched": 5, "Single Copy": false, "Plans": [{"Node Type": "Aggregate", "Strategy": "Plain", "Partial Mode": "Partial", "Parent Relationship": "Outer", "Parallel Aware": false, "Async Capable": false, "Startup Cost": 291067.72, "Total Cost": 291067.73, "Plan Rows": 1, "Plan Width": 96, "Actual Rows": 1, "Actual Loops": 6, "Workers": [], "Plans": [{"Node Type": "Hash Join", "Parent Relationship": "Outer", "Parallel Aware": true, "Async Capable": false, "Join Type": "Inner", "Startup Cost": 91563.94, "Total Cost": 291067.56, "Plan Rows": 22, "Plan Width": 41, "Actual Rows": 986, "Actual Loops": 6, "Inner Unique": false, "Hash Cond": "(mi.movie_id = t.id)", "Workers": [], "Plans": [{"Node Type": "Hash Join", "Parent Relationship": "Outer", "Parallel Aware": true, "Async Capable": false, "Join Type": "Inner", "Startup Cost": 15352.64, "Total Cost": 214854.53, "Plan Rows": 454, "Plan Width": 13, "Actual Rows": 91034, "Actual Loops": 6, "Inner Unique": false, "Hash Cond": "(mi.movie_id = miidx.movie_id)", "Workers": [], "Plans": [{"Node Type": "Hash Join", "Parent Relationship": "Outer", "Parallel Aware": false, "Async Capable": false, "Join Type": "Inner", "Startup Cost": 2.43, "Total Cost": 199403.96, "Plan Rows": 26259, "Plan Width": 4, "Actual Rows": 255652, "Actual Loops": 6, "Inner Unique": true, "Hash Cond": "(mi.info_type_id = it2.id)", "Workers": [], "Plans": [{"Node Type": "Seq Scan", "Parent Relationship": "Outer", "Parallel Aware": true, "Async Capable": false, "Relation Name": "movie_info", "Alias": "mi", "Startup Cost": 0.0, "Total Cost": 191320.4, "Plan Rows": 2967240, "Plan Width": 8, "Actual Rows": 2472620, "Actual Loops": 6, "Workers": []}, {"Node Type": "Hash", "Parent Relationship": "Inner", "Parallel Aware": false, "Async Capable": false, "Startup Cost": 2.41, "Total Cost": 2.41, "Plan Rows": 1, "Plan Width": 4, "Actual Rows": 1, "Actual Loops": 6, "Hash Buckets": 1024, "Original Hash Buckets": 1024, "Hash Batches": 1, "Original Hash Batches": 1, "Peak Memory Usage": 9, "Workers": [], "Plans": [{"Node Type": "Seq Scan", "Parent Relationship": "Outer", "Parallel Aware": false, "Async Capable": false, "Relation Name": "info_type", "Alias": "it2", "Startup Cost": 0.0, "Total Cost": 2.41, "Plan Rows": 1, "Plan Width": 4, "Actual Rows": 1, "Actual Loops": 6, "Filter": "((info)::text = 'genres'::text)", "Rows Removed by Filter": 112, "Workers": []}]}]}, {"Node Type": "Hash", "Parent Relationship": "Inner", "Parallel Aware": true, "Async Capable": false, "Startup Cost": 15286.6, "Total Cost": 15286.6, "Plan Rows": 5089, "Plan Width": 9, "Actual Rows": 76654, "Actual Loops": 6, "Hash Buckets": 524288, "Original Hash Buckets": 16384, "Hash Batches": 1, "Original Hash Batches": 1, "Peak Memory Usage": 26304, "Workers": [], "Plans": [{"Node Type": "Hash Join", "Parent Relationship": "Outer", "Parallel Aware": false, "Async Capable": false, "Join Type": "Inner", "Startup Cost": 2.43, "Total Cost": 15286.6, "Plan Rows": 5089, "Plan Width": 9, "Actual Rows": 76654, "Actual Loops": 6, "Inner Unique": true, "Hash Cond": "(miidx.info_type_id = it.id)", "Workers": [], "Plans": [{"Node Type": "Seq Scan", "Parent Relationship": "Outer", "Parallel Aware": true, "Async Capable": false, "Relation Name": "movie_info_idx", "Alias": "miidx", "Startup Cost": 0.0, "Total Cost": 13718.15, "Plan Rows": 575015, "Plan Width": 13, "Actual Rows": 230006, "Actual Loops": 6, "Workers": []}, {"Node Type": "Hash", "Parent Relationship": "Inner", "Parallel Aware": false, "Async Capable": false, "Startup Cost": 2.41, "Total Cost": 2.41, "Plan Rows": 1, "Plan Width": 4, "Actual Rows": 1, "Actual Loops": 6, "Hash Buckets": 1024, "Original Hash Buckets": 1024, "Hash Batches": 1, "Original Hash Batches": 1, "Peak Memory Usage": 9, "Workers": [], "Plans": [{"Node Type": "Seq Scan", "Parent Relationship": "Outer", "Parallel Aware": false, "Async Capable": false, "Relation Name": "info_type", "Alias": "it", "Startup Cost": 0.0, "Total Cost": 2.41, "Plan Rows": 1, "Plan Width": 4, "Actual Rows": 1, "Actual Loops": 6, "Filter": "((info)::text = 'votes'::text)", "Rows Removed by Filter": 112, "Workers": []}]}]}]}]}, {"Node Type": "Hash", "Parent Relationship": "Inner", "Parallel Aware": true, "Async Capable": false, "Startup Cost": 76075.54, "Total Cost": 76075.54, "Plan Rows": 10861, "Plan Width": 44, "Actual Rows": 31426, "Actual Loops": 6, "Hash Buckets": 262144, "Original Hash Buckets": 65536, "Hash Batches": 1, "Original Hash Batches": 1, "Peak Memory Usage": 20640, "Workers": [], "Plans": [{"Node Type": "Hash Join", "Parent Relationship": "Outer", "Parallel Aware": false, "Async Capable": false, "Join Type": "Inner", "Startup Cost": 5394.82, "Total Cost": 76075.54, "Plan Rows": 10861, "Plan Width": 44, "Actual Rows": 31426, "Actual Loops": 6, "Inner Unique": true, "Hash Cond": "(t.kind_id = kt.id)", "Workers": [], "Plans": [{"Node Type": "Nested Loop", "Parent Relationship": "Outer", "Parallel Aware": false, "Async Capable": false, "Join Type": "Inner", "Startup Cost": 5393.72, "Total Cost": 75754.05, "Plan Rows": 76024, "Plan Width": 48, "Actual Rows": 100245, "Actual Loops": 6, "Inner Unique": true, "Workers": [], "Plans": [{"Node Type": "Hash Join", "Parent Relationship": "Outer", "Parallel Aware": false, "Async Capable": false, "Join Type": "Inner", "Startup Cost": 5393.29, "Total Cost": 36487.24, "Plan Rows": 76024, "Plan Width": 23, "Actual Rows": 100245, "Actual Loops": 6, "Inner Unique": true, "Hash Cond": "(mc.company_type_id = ct.id)", "Workers": [], "Plans": [{"Node Type": "Hash Join", "Parent Relationship": "Outer", "Parallel Aware": true, "Async Capable": false, "Join Type": "Inner", "Startup Cost": 5392.23, "Total Cost": 34842.17, "Plan Rows": 304095, "Plan Width": 27, "Actual Rows": 192300, "Actual Loops": 6, "Inner Unique": true, "Hash Cond": "(mc.company_id = cn.id)", "Workers": [], "Plans": [{"Node Type": "Seq Scan", "Parent Relationship": "Outer", "Parallel Aware": true, "Async Capable": false, "Relation Name": "movie_companies", "Alias": "mc", "Startup Cost": 0.0, "Total Cost": 27240.55, "Plan Rows": 841655, "Plan Width": 12, "Actual Rows": 434855, "Actual Loops": 6, "Workers": []}, {"Node Type": "Hash", "Parent Relationship": "Inner", "Parallel Aware": true, "Async Capable": false, "Startup Cost": 4767.92, "Total Cost": 4767.92, "Plan Rows": 49945, "Plan Width": 23, "Actual Rows": 14140, "Actual Loops": 6, "Hash Buckets": 131072, "Original Hash Buckets": 131072, "Hash Batches": 1, "Original Hash Batches": 1, "Peak Memory Usage": 6080, "Workers": [], "Plans": [{"Node Type": "Seq Scan", "Parent Relationship": "Outer", "Parallel Aware": true, "Async Capable": false, "Relation Name": "company_name", "Alias": "cn", "Startup Cost": 0.0, "Total Cost": 4767.92, "Plan Rows": 49945, "Plan Width": 23, "Actual Rows": 14140, "Actual Loops": 6, "Filter": "((country_code)::text = '[us]'::text)", "Rows Removed by Filter": 25026, "Workers": []}]}]}, {"Node Type": "Hash", "Parent Relationship": "Inner", "Parallel Aware": false, "Async Capable": false, "Startup Cost": 1.05, "Total Cost": 1.05, "Plan Rows": 1, "Plan Width": 4, "Actual Rows": 1, "Actual Loops": 6, "Hash Buckets": 1024, "Original Hash Buckets": 1024, "Hash Batches": 1, "Original Hash Batches": 1, "Peak Memory Usage": 9, "Workers": [], "Plans": [{"Node Type": "Seq Scan", "Parent Relationship": "Outer", "Parallel Aware": false, "Async Capable": false, "Relation Name": "company_type", "Alias": "ct", "Startup Cost": 0.0, "Total Cost": 1.05, "Plan Rows": 1, "Plan Width": 4, "Actual Rows": 1, "Actual Loops": 6, "Filter": "((kind)::text = 'distributors'::text)", "Rows Removed by Filter": 3, "Workers": []}]}]}, {"Node Type": "Index Scan", "Parent Relationship": "Inner", "Parallel Aware": false, "Async Capable": false, "Scan Direction": "Forward", "Index Name": "title_pkey", "Relation Name": "title", "Alias": "t", "Startup Cost": 0.43, "Total Cost": 0.52, "Plan Rows": 1, "Plan Width": 25, "Actual Rows": 1, "Actual Loops": 601470, "Index Cond": "(id = mc.movie_id)", "Rows Removed by Index Recheck": 0, "Workers": []}]}, {"Node Type": "Hash", "Parent Relationship": "Inner", "Parallel Aware": false, "Async Capable": false, "Startup Cost": 1.09, "Total Cost": 1.09, "Plan Rows": 1, "Plan Width": 4, "Actual Rows": 1, "Actual Loops": 6, "Hash Buckets": 1024, "Original Hash Buckets": 1024, "Hash Batches": 1, "Original Hash Batches": 1, "Peak Memory Usage": 9, "Workers": [], "Plans": [{"Node Type": "Seq Scan", "Parent Relationship": "Outer", "Parallel Aware": false, "Async Capable": false, "Relation Name": "kind_type", "Alias": "kt", "Startup Cost": 0.0, "Total Cost": 1.09, "Plan Rows": 1, "Plan Width": 4, "Actual Rows": 1, "Actual Loops": 6, "Filter": "((kind)::text = 'episode'::text)", "Rows Removed by Filter": 6, "Workers": []}]}]}]}]}]}]}]}, "Planning Time": 9.553, "Triggers": [], "Execution Time": 1419.237}, {"Plan": {"Node Type": "Aggregate", "Strategy": "Plain", "Partial Mode": "Finalize", "Parallel Aware": false, "Async Capable": false, "Startup Cost": 248989.94, "Total Cost": 248989.95, "Plan Rows": 1, "Plan Width": 96, "Actual Rows": 1, "Actual Loops": 1, "Plans": [{"Node Type": "Gather", "Parent Relationship": "Outer", "Parallel Aware": false, "Async Capable": false, "Startup Cost": 248989.4, "Total Cost": 248989.91, "Plan Rows": 5, "Plan Width": 96, "Actual Rows": 6, "Actual Loops": 1, "Workers Planned": 5, "Workers Launched": 5, "Single Copy": false, "Plans": [{"Node Type": "Aggregate", "Strategy": "Plain", "Partial Mode": "Partial", "Parent Relationship": "Outer", "Parallel Aware": false, "Async Capable": false, "Startup Cost": 247989.4, "Total Cost": 247989.41, "Plan Rows": 1, "Plan Width": 96, "Actual Rows": 1, "Actual Loops": 6, "Workers": [], "Plans": [{"Node Type": "Hash Join", "Parent Relationship": "Outer", "Parallel Aware": true, "Async Capable": false, "Join Type": "Inner", "Startup Cost": 48489.21, "Total Cost": 247989.23, "Plan Rows": 22, "Plan Width": 41, "Actual Rows": 986, "Actual Loops": 6, "Inner Unique": false, "Hash Cond": "(mi.movie_id = t.id)", "Workers": [], "Plans": [{"Node Type": "Hash Join", "Parent Relationship": "Outer", "Parallel Aware": false, "Async Capable": false, "Join Type": "Inner", "Startup Cost": 2.43, "Total Cost": 199403.96, "Plan Rows": 26259, "Plan Width": 4, "Actual Rows": 255652, "Actual Loops": 6, "Inner Unique": true, "Hash Cond": "(mi.info_type_id = it2.id)", "Workers": [], "Plans": [{"Node Type": "Seq Scan", "Parent Relationship": "Outer", "Parallel Aware": true, "Async Capable": false, "Relation Name": "movie_info", "Alias": "mi", "Startup Cost": 0.0, "Total Cost": 191320.4, "Plan Rows": 2967240, "Plan Width": 8, "Actual Rows": 2472620, "Actual Loops": 6, "Workers": []}, {"Node Type": "Hash", "Parent Relationship": "Inner", "Parallel Aware": false, "Async Capable": false, "Startup Cost": 2.41, "Total Cost": 2.41, "Plan Rows": 1, "Plan Width": 4, "Actual Rows": 1, "Actual Loops": 6, "Hash Buckets": 1024, "Original Hash Buckets": 1024, "Hash Batches": 1, "Original Hash Batches": 1, "Peak Memory Usage": 9, "Workers": [], "Plans": [{"Node Type": "Seq Scan", "Parent Relationship": "Outer", "Parallel Aware": false, "Async Capable": false, "Relation Name": "info_type", "Alias": "it2", "Startup Cost": 0.0, "Total Cost": 2.41, "Plan Rows": 1, "Plan Width": 4, "Actual Rows": 1, "Actual Loops": 6, "Filter": "((info)::text = 'genres'::text)", "Rows Removed by Filter": 112, "Workers": []}]}]}, {"Node Type": "Hash", "Parent Relationship": "Inner", "Parallel Aware": true, "Async Capable": false, "Startup Cost": 48483.95, "Total Cost": 48483.95, "Plan Rows": 227, "Plan Width": 53, "Actual Rows": 13932, "Actual Loops": 6, "Hash Buckets": 131072, "Original Hash Buckets": 1024, "Hash Batches": 1, "Original Hash Batches": 1, "Peak Memory Usage": 10296, "Workers": [], "Plans": [{"Node Type": "Nested Loop", "Parent Relationship": "Outer", "Parallel Aware": false, "Async Capable": false, "Join Type": "Inner", "Startup Cost": 15353.23, "Total Cost": 48483.95, "Plan Rows": 227, "Plan Width": 53, "Actual Rows": 13932, "Actual Loops": 6, "Inner Unique": true, "Workers": [], "Plans": [{"Node Type": "Hash Join", "Parent Relationship": "Outer", "Parallel Aware": false, "Async Capable": false, "Join Type": "Inner", "Startup Cost": 15352.81, "Total Cost": 48204.29, "Plan Rows": 627, "Plan Width": 38, "Actual Rows": 25484, "Actual Loops": 6, "Inner Unique": true, "Hash Cond": "(t.kind_id = kt.id)", "Workers": [], "Plans": [{"Node Type": "Nested Loop", "Parent Relationship": "Outer", "Parallel Aware": false, "Async Capable": false, "Join Type": "Inner", "Startup Cost": 15351.71, "Total Cost": 48184.69, "Plan Rows": 4392, "Plan Width": 42, "Actual Rows": 128444, "Actual Loops": 6, "Inner Unique": true, "Workers": [], "Plans": [{"Node Type": "Hash Join", "Parent Relationship": "Outer", "Parallel Aware": false, "Async Capable": false, "Join Type": "Inner", "Startup Cost": 15351.28, "Total Cost": 45916.2, "Plan Rows": 4392, "Plan Width": 17, "Actual Rows": 128444, "Actual Loops": 6, "Inner Unique": true, "Hash Cond": "(mc.company_type_id = ct.id)", "Workers": [], "Plans": [{"Node Type": "Hash Join", "Parent Relationship": "Outer", "Parallel Aware": true, "Async Capable": false, "Join Type": "Inner", "Startup Cost": 15350.21, "Total Cost": 45820.16, "Plan Rows": 17566, "Plan Width": 21, "Actual Rows": 225814, "Actual Loops": 6, "Inner Unique": false, "Hash Cond": "(mc.movie_id = miidx.movie_id)", "Workers": [], "Plans": [{"Node Type": "Seq Scan", "Parent Relationship": "Outer", "Parallel Aware": true, "Async Capable": false, "Relation Name": "movie_companies", "Alias": "mc", "Startup Cost": 0.0, "Total Cost": 27240.55, "Plan Rows": 841655, "Plan Width": 12, "Actual Rows": 434855, "Actual Loops": 6, "Workers": []}, {"Node Type": "Hash", "Parent Relationship": "Inner", "Parallel Aware": true, "Async Capable": false, "Startup Cost": 15286.6, "Total Cost": 15286.6, "Plan Rows": 5089, "Plan Width": 9, "Actual Rows": 76654, "Actual Loops": 6, "Hash Buckets": 524288, "Original Hash Buckets": 16384, "Hash Batches": 1, "Original Hash Batches": 1, "Peak Memory Usage": 26336, "Workers": [], "Plans": [{"Node Type": "Hash Join", "Parent Relationship": "Outer", "Parallel Aware": false, "Async Capable": false, "Join Type": "Inner", "Startup Cost": 2.43, "Total Cost": 15286.6, "Plan Rows": 5089, "Plan Width": 9, "Actual Rows": 76654, "Actual Loops": 6, "Inner Unique": true, "Hash Cond": "(miidx.info_type_id = it.id)", "Workers": [], "Plans": [{"Node Type": "Seq Scan", "Parent Relationship": "Outer", "Parallel Aware": true, "Async Capable": false, "Relation Name": "movie_info_idx", "Alias": "miidx", "Startup Cost": 0.0, "Total Cost": 13718.15, "Plan Rows": 575015, "Plan Width": 13, "Actual Rows": 230006, "Actual Loops": 6, "Workers": []}, {"Node Type": "Hash", "Parent Relationship": "Inner", "Parallel Aware": false, "Async Capable": false, "Startup Cost": 2.41, "Total Cost": 2.41, "Plan Rows": 1, "Plan Width": 4, "Actual Rows": 1, "Actual Loops": 6, "Hash Buckets": 1024, "Original Hash Buckets": 1024, "Hash Batches": 1, "Original Hash Batches": 1, "Peak Memory Usage": 9, "Workers": [], "Plans": [{"Node Type": "Seq Scan", "Parent Relationship": "Outer", "Parallel Aware": false, "Async Capable": false, "Relation Name": "info_type", "Alias": "it", "Startup Cost": 0.0, "Total Cost": 2.41, "Plan Rows": 1, "Plan Width": 4, "Actual Rows": 1, "Actual Loops": 6, "Filter": "((info)::text = 'votes'::text)", "Rows Removed by Filter": 112, "Workers": []}]}]}]}]}, {"Node Type": "Hash", "Parent Relationship": "Inner", "Parallel Aware": false, "Async Capable": false, "Startup Cost": 1.05, "Total Cost": 1.05, "Plan Rows": 1, "Plan Width": 4, "Actual Rows": 1, "Actual Loops": 6, "Hash Buckets": 1024, "Original Hash Buckets": 1024, "Hash Batches": 1, "Original Hash Batches": 1, "Peak Memory Usage": 9, "Workers": [], "Plans": [{"Node Type": "Seq Scan", "Parent Relationship": "Outer", "Parallel Aware": false, "Async Capable": false, "Relation Name": "company_type", "Alias": "ct", "Startup Cost": 0.0, "Total Cost": 1.05, "Plan Rows": 1, "Plan Width": 4, "Actual Rows": 1, "Actual Loops": 6, "Filter": "((kind)::text = 'distributors'::text)", "Rows Removed by Filter": 3, "Workers": []}]}]}, {"Node Type": "Index Scan", "Parent Relationship": "Inner", "Parallel Aware": false, "Async Capable": false, "Scan Direction": "Forward", "Index Name": "title_pkey", "Relation Name": "title", "Alias": "t", "Startup Cost": 0.43, "Total Cost": 0.52, "Plan Rows": 1, "Plan Width": 25, "Actual Rows": 1, "Actual Loops": 770661, "Index Cond": "(id = mc.movie_id)", "Rows Removed by Index Recheck": 0, "Workers": []}]}, {"Node Type": "Hash", "Parent Relationship": "Inner", "Parallel Aware": false, "Async Capable": false, "Startup Cost": 1.09, "Total Cost": 1.09, "Plan Rows": 1, "Plan Width": 4, "Actual Rows": 1, "Actual Loops": 6, "Hash Buckets": 1024, "Original Hash Buckets": 1024, "Hash Batches": 1, "Original Hash Batches": 1, "Peak Memory Usage": 9, "Workers": [], "Plans": [{"Node Type": "Seq Scan", "Parent Relationship": "Outer", "Parallel Aware": false, "Async Capable": false, "Relation Name": "kind_type", "Alias": "kt", "Startup Cost": 0.0, "Total Cost": 1.09, "Plan Rows": 1, "Plan Width": 4, "Actual Rows": 1, "Actual Loops": 6, "Filter": "((kind)::text = 'episode'::text)", "Rows Removed by Filter": 6, "Workers": []}]}]}, {"Node Type": "Index Scan", "Parent Relationship": "Inner", "Parallel Aware": false, "Async Capable": false, "Scan Direction": "Forward", "Index Name": "company_name_pkey", "Relation Name": "company_name", "Alias": "cn", "Startup Cost": 0.42, "Total Cost": 0.45, "Plan Rows": 1, "Plan Width": 23, "Actual Rows": 1, "Actual Loops": 152907, "Index Cond": "(id = mc.company_id)", "Rows Removed by Index Recheck": 0, "Filter": "((country_code)::text = '[us]'::text)", "Rows Removed by Filter": 0, "Workers": []}]}]}]}]}]}]}, "Planning Time": 7.948, "Triggers": [], "Execution Time": 1524.948}, {"Plan": {"Node Type": "Aggregate", "Strategy": "Plain", "Partial Mode": "Finalize", "Parallel Aware": false, "Async Capable": false, "Startup Cost": 267742.64, "Total Cost": 267742.65, "Plan Rows": 1, "Plan Width": 96, "Actual Rows": 1, "Actual Loops": 1, "Plans": [{"Node Type": "Gather", "Parent Relationship": "Outer", "Parallel Aware": false, "Async Capable": false, "Startup Cost": 267742.31, "Total Cost": 267742.62, "Plan Rows": 3, "Plan Width": 96, "Actual Rows": 4, "Actual Loops": 1, "Workers Planned": 3, "Workers Launched": 3, "Single Copy": false, "Plans": [{"Node Type": "Aggregate", "Strategy": "Plain", "Partial Mode": "Partial", "Parent Relationship": "Outer", "Parallel Aware": false, "Async Capable": false, "Startup Cost": 266742.31, "Total Cost": 266742.32, "Plan Rows": 1, "Plan Width": 96, "Actual Rows": 1, "Actual Loops": 4, "Workers": [], "Plans": [{"Node Type": "Hash Join", "Parent Relationship": "Outer", "Parallel Aware": false, "Async Capable": false, "Join Type": "Inner", "Startup Cost": 214863.22, "Total Cost": 266742.04, "Plan Rows": 35, "Plan Width": 41, "Actual Rows": 1479, "Actual Loops": 4, "Inner Unique": true, "Hash Cond": "(t.kind_id = kt.id)", "Workers": [], "Plans": [{"Node Type": "Nested Loop", "Parent Relationship": "Outer", "Parallel Aware": false, "Async Capable": false, "Join Type": "Inner", "Startup Cost": 214862.12, "Total Cost": 266739.91, "Plan Rows": 246, "Plan Width": 45, "Actual Rows": 135302, "Actual Loops": 4, "Inner Unique": true, "Workers": [], "Plans": [{"Node Type": "Nested Loop", "Parent Relationship": "Outer", "Parallel Aware": false, "Async Capable": false, "Join Type": "Inner", "Startup Cost": 214861.69, "Total Cost": 266626.84, "Plan Rows": 246, "Plan Width": 36, "Actual Rows": 135302, "Actual Loops": 4, "Inner Unique": true, "Workers": [], "Plans": [{"Node Type": "Hash Join", "Parent Relationship": "Outer", "Parallel Aware": false, "Async Capable": false, "Join Type": "Inner", "Startup Cost": 214861.27, "Total Cost": 266322.66, "Plan Rows": 682, "Plan Width": 21, "Actual Rows": 344630, "Actual Loops": 4, "Inner Unique": true, "Hash Cond": "(mc.company_type_id = ct.id)", "Workers": [], "Plans": [{"Node Type": "Hash Join", "Parent Relationship": "Outer", "Parallel Aware": true, "Async Capable": false, "Join Type": "Inner", "Startup Cost": 214860.21, "Total Cost": 266303.79, "Plan Rows": 3293, "Plan Width": 25, "Actual Rows": 548539, "Actual Loops": 4, "Inner Unique": false, "Hash Cond": "(mc.movie_id = mi.movie_id)", "Workers": [], "Plans": [{"Node Type": "Seq Scan", "Parent Relationship": "Outer", "Parallel Aware": true, "Async Capable": false, "Relation Name": "movie_companies", "Alias": "mc", "Startup Cost": 0.0, "Total Cost": 27240.55, "Plan Rows": 841655, "Plan Width": 12, "Actual Rows": 652282, "Actual Loops": 4, "Workers": []}, {"Node Type": "Hash", "Parent Relationship": "Inner", "Parallel Aware": true, "Async Capable": false, "Startup Cost": 214854.53, "Total Cost": 214854.53, "Plan Rows": 454, "Plan Width": 13, "Actual Rows": 136551, "Actual Loops": 4, "Hash Buckets": 1048576, "Original Hash Buckets": 4096, "Hash Batches": 1, "Original Hash Batches": 1, "Peak Memory Usage": 42016, "Workers": [], "Plans": [{"Node Type": "Hash Join", "Parent Relationship": "Outer", "Parallel Aware": true, "Async Capable": false, "Join Type": "Inner", "Startup Cost": 15352.64, "Total Cost": 214854.53, "Plan Rows": 454, "Plan Width": 13, "Actual Rows": 136551, "Actual Loops": 4, "Inner Unique": false, "Hash Cond": "(mi.movie_id = miidx.movie_id)", "Workers": [], "Plans": [{"Node Type": "Hash Join", "Parent Relationship": "Outer", "Parallel Aware": false, "Async Capable": false, "Join Type": "Inner", "Startup Cost": 2.43, "Total Cost": 199403.96, "Plan Rows": 26259, "Plan Width": 4, "Actual Rows": 383477, "Actual Loops": 4, "Inner Unique": true, "Hash Cond": "(mi.info_type_id = it2.id)", "Workers": [], "Plans": [{"Node Type": "Seq Scan", "Parent Relationship": "Outer", "Parallel Aware": true, "Async Capable": false, "Relation Name": "movie_info", "Alias": "mi", "Startup Cost": 0.0, "Total Cost": 191320.4, "Plan Rows": 2967240, "Plan Width": 8, "Actual Rows": 3708930, "Actual Loops": 4, "Workers": []}, {"Node Type": "Hash", "Parent Relationship": "Inner", "Parallel Aware": false, "Async Capable": false, "Startup Cost": 2.41, "Total Cost": 2.41, "Plan Rows": 1, "Plan Width": 4, "Actual Rows": 1, "Actual Loops": 4, "Hash Buckets": 1024, "Original Hash Buckets": 1024, "Hash Batches": 1, "Original Hash Batches": 1, "Peak Memory Usage": 9, "Workers": [], "Plans": [{"Node Type": "Seq Scan", "Parent Relationship": "Outer", "Parallel Aware": false, "Async Capable": false, "Relation Name": "info_type", "Alias": "it2", "Startup Cost": 0.0, "Total Cost": 2.41, "Plan Rows": 1, "Plan Width": 4, "Actual Rows": 1, "Actual Loops": 4, "Filter": "((info)::text = 'genres'::text)", "Rows Removed by Filter": 112, "Workers": []}]}]}, {"Node Type": "Hash", "Parent Relationship": "Inner", "Parallel Aware": true, "Async Capable": false, "Startup Cost": 15286.6, "Total Cost": 15286.6, "Plan Rows": 5089, "Plan Width": 9, "Actual Rows": 114981, "Actual Loops": 4, "Hash Buckets": 524288, "Original Hash Buckets": 16384, "Hash Batches": 1, "Original Hash Batches": 1, "Peak Memory Usage": 26304, "Workers": [], "Plans": [{"Node Type": "Hash Join", "Parent Relationship": "Outer", "Parallel Aware": false, "Async Capable": false, "Join Type": "Inner", "Startup Cost": 2.43, "Total Cost": 15286.6, "Plan Rows": 5089, "Plan Width": 9, "Actual Rows": 114981, "Actual Loops": 4, "Inner Unique": true, "Hash Cond": "(miidx.info_type_id = it.id)", "Workers": [], "Plans": [{"Node Type": "Seq Scan", "Parent Relationship": "Outer", "Parallel Aware": true, "Async Capable": false, "Relation Name": "movie_info_idx", "Alias": "miidx", "Startup Cost": 0.0, "Total Cost": 13718.15, "Plan Rows": 575015, "Plan Width": 13, "Actual Rows": 345009, "Actual Loops": 4, "Workers": []}, {"Node Type": "Hash", "Parent Relationship": "Inner", "Parallel Aware": false, "Async Capable": false, "Startup Cost": 2.41, "Total Cost": 2.41, "Plan Rows": 1, "Plan Width": 4, "Actual Rows": 1, "Actual Loops": 4, "Hash Buckets": 1024, "Original Hash Buckets": 1024, "Hash Batches": 1, "Original Hash Batches": 1, "Peak Memory Usage": 9, "Workers": [], "Plans": [{"Node Type": "Seq Scan", "Parent Relationship": "Outer", "Parallel Aware": false, "Async Capable": false, "Relation Name": "info_type", "Alias": "it", "Startup Cost": 0.0, "Total Cost": 2.41, "Plan Rows": 1, "Plan Width": 4, "Actual Rows": 1, "Actual Loops": 4, "Filter": "((info)::text = 'votes'::text)", "Rows Removed by Filter": 112, "Workers": []}]}]}]}]}]}]}, {"Node Type": "Hash", "Parent Relationship": "Inner", "Parallel Aware": false, "Async Capable": false, "Startup Cost": 1.05, "Total Cost": 1.05, "Plan Rows": 1, "Plan Width": 4, "Actual Rows": 1, "Actual Loops": 4, "Hash Buckets": 1024, "Original Hash Buckets": 1024, "Hash Batches": 1, "Original Hash Batches": 1, "Peak Memory Usage": 9, "Workers": [], "Plans": [{"Node Type": "Seq Scan", "Parent Relationship": "Outer", "Parallel Aware": false, "Async Capable": false, "Relation Name": "company_type", "Alias": "ct", "Startup Cost": 0.0, "Total Cost": 1.05, "Plan Rows": 1, "Plan Width": 4, "Actual Rows": 1, "Actual Loops": 4, "Filter": "((kind)::text = 'distributors'::text)", "Rows Removed by Filter": 3, "Workers": []}]}]}, {"Node Type": "Index Scan", "Parent Relationship": "Inner", "Parallel Aware": false, "Async Capable": false, "Scan Direction": "Forward", "Index Name": "company_name_pkey", "Relation Name": "company_name", "Alias": "cn", "Startup Cost": 0.42, "Total Cost": 0.45, "Plan Rows": 1, "Plan Width": 23, "Actual Rows": 0, "Actual Loops": 1378520, "Index Cond": "(id = mc.company_id)", "Rows Removed by Index Recheck": 0, "Filter": "((country_code)::text = '[us]'::text)", "Rows Removed by Filter": 1, "Workers": []}]}, {"Node Type": "Index Scan", "Parent Relationship": "Inner", "Parallel Aware": false, "Async Capable": false, "Scan Direction": "Forward", "Index Name": "title_pkey", "Relation Name": "title", "Alias": "t", "Startup Cost": 0.43, "Total Cost": 0.46, "Plan Rows": 1, "Plan Width": 25, "Actual Rows": 1, "Actual Loops": 541208, "Index Cond": "(id = mi.movie_id)", "Rows Removed by Index Recheck": 0, "Workers": []}]}, {"Node Type": "Hash", "Parent Relationship": "Inner", "Parallel Aware": false, "Async Capable": false, "Startup Cost": 1.09, "Total Cost": 1.09, "Plan Rows": 1, "Plan Width": 4, "Actual Rows": 1, "Actual Loops": 4, "Hash Buckets": 1024, "Original Hash Buckets": 1024, "Hash Batches": 1, "Original Hash Batches": 1, "Peak Memory Usage": 9, "Workers": [], "Plans": [{"Node Type": "Seq Scan", "Parent Relationship": "Outer", "Parallel Aware": false, "Async Capable": false, "Relation Name": "kind_type", "Alias": "kt", "Startup Cost": 0.0, "Total Cost": 1.09, "Plan Rows": 1, "Plan Width": 4, "Actual Rows": 1, "Actual Loops": 4, "Filter": "((kind)::text = 'episode'::text)", "Rows Removed by Filter": 6, "Workers": []}]}]}]}]}]}, "Planning Time": 7.863, "Triggers": [], "Execution Time": 3113.432}, {"Plan": {"Node Type": "Aggregate", "Strategy": "Plain", "Partial Mode": "Finalize", "Parallel Aware": false, "Async Capable": false, "Startup Cost": 260555.55, "Total Cost": 260555.56, "Plan Rows": 1, "Plan Width": 96, "Actual Rows": 1, "Actual Loops": 1, "Plans": [{"Node Type": "Gather", "Parent Relationship": "Outer", "Parallel Aware": false, "Async Capable": false, "Startup Cost": 260555.22, "Total Cost": 260555.53, "Plan Rows": 3, "Plan Width": 96, "Actual Rows": 4, "Actual Loops": 1, "Workers Planned": 3, "Workers Launched": 3, "Single Copy": false, "Plans": [{"Node Type": "Aggregate", "Strategy": "Plain", "Partial Mode": "Partial", "Parent Relationship": "Outer", "Parallel Aware": false, "Async Capable": false, "Startup Cost": 259555.22, "Total Cost": 259555.23, "Plan Rows": 1, "Plan Width": 96, "Actual Rows": 1, "Actual Loops": 4, "Workers": [], "Plans": [{"Node Type": "Hash Join", "Parent Relationship": "Outer", "Parallel Aware": true, "Async Capable": false, "Join Type": "Inner", "Startup Cost": 226983.87, "Total Cost": 259554.96, "Plan Rows": 35, "Plan Width": 41, "Actual Rows": 1479, "Actual Loops": 4, "Inner Unique": false, "Hash Cond": "(mc.movie_id = mi.movie_id)", "Workers": [], "Plans": [{"Node Type": "Nested Loop", "Parent Relationship": "Outer", "Parallel Aware": false, "Async Capable": false, "Join Type": "Inner", "Startup Cost": 15351.7, "Total Cost": 47875.09, "Plan Rows": 1587, "Plan Width": 32, "Actual Rows": 82889, "Actual Loops": 4, "Inner Unique": true, "Workers": [], "Plans": [{"Node Type": "Hash Join", "Parent Relationship": "Outer", "Parallel Aware": false, "Async Capable": false, "Join Type": "Inner", "Startup Cost": 15351.28, "Total Cost": 45916.2, "Plan Rows": 4392, "Plan Width": 17, "Actual Rows": 192665, "Actual Loops": 4, "Inner Unique": true, "Hash Cond": "(mc.company_type_id = ct.id)", "Workers": [], "Plans": [{"Node Type": "Hash Join", "Parent Relationship": "Outer", "Parallel Aware": true, "Async Capable": false, "Join Type": "Inner", "Startup Cost": 15350.21, "Total Cost": 45820.16, "Plan Rows": 17566, "Plan Width": 21, "Actual Rows": 338721, "Actual Loops": 4, "Inner Unique": false, "Hash Cond": "(mc.movie_id = miidx.movie_id)", "Workers": [], "Plans": [{"Node Type": "Seq Scan", "Parent Relationship": "Outer", "Parallel Aware": true, "Async Capable": false, "Relation Name": "movie_companies", "Alias": "mc", "Startup Cost": 0.0, "Total Cost": 27240.55, "Plan Rows": 841655, "Plan Width": 12, "Actual Rows": 652282, "Actual Loops": 4, "Workers": []}, {"Node Type": "Hash", "Parent Relationship": "Inner", "Parallel Aware": true, "Async Capable": false, "Startup Cost": 15286.6, "Total Cost": 15286.6, "Plan Rows": 5089, "Plan Width": 9, "Actual Rows": 114981, "Actual Loops": 4, "Hash Buckets": 524288, "Original Hash Buckets": 16384, "Hash Batches": 1, "Original Hash Batches": 1, "Peak Memory Usage": 26272, "Workers": [], "Plans": [{"Node Type": "Hash Join", "Parent Relationship": "Outer", "Parallel Aware": false, "Async Capable": false, "Join Type": "Inner", "Startup Cost": 2.43, "Total Cost": 15286.6, "Plan Rows": 5089, "Plan Width": 9, "Actual Rows": 114981, "Actual Loops": 4, "Inner Unique": true, "Hash Cond": "(miidx.info_type_id = it.id)", "Workers": [], "Plans": [{"Node Type": "Seq Scan", "Parent Relationship": "Outer", "Parallel Aware": true, "Async Capable": false, "Relation Name": "movie_info_idx", "Alias": "miidx", "Startup Cost": 0.0, "Total Cost": 13718.15, "Plan Rows": 575015, "Plan Width": 13, "Actual Rows": 345009, "Actual Loops": 4, "Workers": []}, {"Node Type": "Hash", "Parent Relationship": "Inner", "Parallel Aware": false, "Async Capable": false, "Startup Cost": 2.41, "Total Cost": 2.41, "Plan Rows": 1, "Plan Width": 4, "Actual Rows": 1, "Actual Loops": 4, "Hash Buckets": 1024, "Original Hash Buckets": 1024, "Hash Batches": 1, "Original Hash Batches": 1, "Peak Memory Usage": 9, "Workers": [], "Plans": [{"Node Type": "Seq Scan", "Parent Relationship": "Outer", "Parallel Aware": false, "Async Capable": false, "Relation Name": "info_type", "Alias": "it", "Startup Cost": 0.0, "Total Cost": 2.41, "Plan Rows": 1, "Plan Width": 4, "Actual Rows": 1, "Actual Loops": 4, "Filter": "((info)::text = 'votes'::text)", "Rows Removed by Filter": 112, "Workers": []}]}]}]}]}, {"Node Type": "Hash", "Parent Relationship": "Inner", "Parallel Aware": false, "Async Capable": false, "Startup Cost": 1.05, "Total Cost": 1.05, "Plan Rows": 1, "Plan Width": 4, "Actual Rows": 1, "Actual Loops": 4, "Hash Buckets": 1024, "Original Hash Buckets": 1024, "Hash Batches": 1, "Original Hash Batches": 1, "Peak Memory Usage": 9, "Workers": [], "Plans": [{"Node Type": "Seq Scan", "Parent Relationship": "Outer", "Parallel Aware": false, "Async Capable": false, "Relation Name": "company_type", "Alias": "ct", "Startup Cost": 0.0, "Total Cost": 1.05, "Plan Rows": 1, "Plan Width": 4, "Actual Rows": 1, "Actual Loops": 4, "Filter": "((kind)::text = 'distributors'::text)", "Rows Removed by Filter": 3, "Workers": []}]}]}, {"Node Type": "Index Scan", "Parent Relationship": "Inner", "Parallel Aware": false, "Async Capable": false, "Scan Direction": "Forward", "Index Name": "company_name_pkey", "Relation Name": "company_name", "Alias": "cn", "Startup Cost": 0.42, "Total Cost": 0.45, "Plan Rows": 1, "Plan Width": 23, "Actual Rows": 0, "Actual Loops": 770661, "Index Cond": "(id = mc.company_id)", "Rows Removed by Index Recheck": 0, "Filter": "((country_code)::text = '[us]'::text)", "Rows Removed by Filter": 1, "Workers": []}]}, {"Node Type": "Hash", "Parent Relationship": "Inner", "Parallel Aware": true, "Async Capable": false, "Startup Cost": 211585.28, "Total Cost": 211585.28, "Plan Rows": 3751, "Plan Width": 25, "Actual Rows": 3585, "Actual Loops": 4, "Hash Buckets": 32768, "Original Hash Buckets": 32768, "Hash Batches": 1, "Original Hash Batches": 1, "Peak Memory Usage": 1248, "Workers": [], "Plans": [{"Node Type": "Hash Join", "Parent Relationship": "Outer", "Parallel Aware": false, "Async Capable": false, "Join Type": "Inner", "Startup Cost": 3.96, "Total Cost": 211585.28, "Plan Rows": 3751, "Plan Width": 25, "Actual Rows": 3585, "Actual Loops": 4, "Inner Unique": true, "Hash Cond": "(t.kind_id = kt.id)", "Workers": [], "Plans": [{"Node Type": "Nested Loop", "Parent Relationship": "Outer", "Parallel Aware": false, "Async Capable": false, "Join Type": "Inner", "Startup Cost": 2.86, "Total Cost": 211473.52, "Plan Rows": 26259, "Plan Width": 29, "Actual Rows": 383477, "Actual Loops": 4, "Inner Unique": true, "Workers": [], "Plans": [{"Node Type": "Hash Join", "Parent Relationship": "Outer", "Parallel Aware": false, "Async Capable": false, "Join Type": "Inner", "Startup Cost": 2.43, "Total Cost": 199403.96, "Plan Rows": 26259, "Plan Width": 4, "Actual Rows": 383477, "Actual Loops": 4, "Inner Unique": true, "Hash Cond": "(mi.info_type_id = it2.id)", "Workers": [], "Plans": [{"Node Type": "Seq Scan", "Parent Relationship": "Outer", "Parallel Aware": true, "Async Capable": false, "Relation Name": "movie_info", "Alias": "mi", "Startup Cost": 0.0, "Total Cost": 191320.4, "Plan Rows": 2967240, "Plan Width": 8, "Actual Rows": 3708930, "Actual Loops": 4, "Workers": []}, {"Node Type": "Hash", "Parent Relationship": "Inner", "Parallel Aware": false, "Async Capable": false, "Startup Cost": 2.41, "Total Cost": 2.41, "Plan Rows": 1, "Plan Width": 4, "Actual Rows": 1, "Actual Loops": 4, "Hash Buckets": 1024, "Original Hash Buckets": 1024, "Hash Batches": 1, "Original Hash Batches": 1, "Peak Memory Usage": 9, "Workers": [], "Plans": [{"Node Type": "Seq Scan", "Parent Relationship": "Outer", "Parallel Aware": false, "Async Capable": false, "Relation Name": "info_type", "Alias": "it2", "Startup Cost": 0.0, "Total Cost": 2.41, "Plan Rows": 1, "Plan Width": 4, "Actual Rows": 1, "Actual Loops": 4, "Filter": "((info)::text = 'genres'::text)", "Rows Removed by Filter": 112, "Workers": []}]}]}, {"Node Type": "Index Scan", "Parent Relationship": "Inner", "Parallel Aware": false, "Async Capable": false, "Scan Direction": "Forward", "Index Name": "title_pkey", "Relation Name": "title", "Alias": "t", "Startup Cost": 0.43, "Total Cost": 0.46, "Plan Rows": 1, "Plan Width": 25, "Actual Rows": 1, "Actual Loops": 1533909, "Index Cond": "(id = mi.movie_id)", "Rows Removed by Index Recheck": 0, "Workers": []}]}, {"Node Type": "Hash", "Parent Relationship": "Inner", "Parallel Aware": false, "Async Capable": false, "Startup Cost": 1.09, "Total Cost": 1.09, "Plan Rows": 1, "Plan Width": 4, "Actual Rows": 1, "Actual Loops": 4, "Hash Buckets": 1024, "Original Hash Buckets": 1024, "Hash Batches": 1, "Original Hash Batches": 1, "Peak Memory Usage": 9, "Workers": [], "Plans": [{"Node Type": "Seq Scan", "Parent Relationship": "Outer", "Parallel Aware": false, "Async Capable": false, "Relation Name": "kind_type", "Alias": "kt", "Startup Cost": 0.0, "Total Cost": 1.09, "Plan Rows": 1, "Plan Width": 4, "Actual Rows": 1, "Actual Loops": 4, "Filter": "((kind)::text = 'episode'::text)", "Rows Removed by Filter": 6, "Workers": []}]}]}]}]}]}]}]}, "Planning Time": 8.212, "Triggers": [], "Execution Time": 3441.959}, {"Plan": {"Node Type": "Aggregate", "Strategy": "Plain", "Partial Mode": "Finalize", "Parallel Aware": false, "Async Capable": false, "Startup Cost": 258249.36, "Total Cost": 258249.37, "Plan Rows": 1, "Plan Width": 96, "Actual Rows": 1, "Actual Loops": 1, "Plans": [{"Node Type": "Gather", "Parent Relationship": "Outer", "Parallel Aware": false, "Async Capable": false, "Startup Cost": 258249.03, "Total Cost": 258249.34, "Plan Rows": 3, "Plan Width": 96, "Actual Rows": 4, "Actual Loops": 1, "Workers Planned": 3, "Workers Launched": 3, "Single Copy": false, "Plans": [{"Node Type": "Aggregate", "Strategy": "Plain", "Partial Mode": "Partial", "Parent Relationship": "Outer", "Parallel Aware": false, "Async Capable": false, "Startup Cost": 257249.03, "Total Cost": 257249.04, "Plan Rows": 1, "Plan Width": 96, "Actual Rows": 1, "Actual Loops": 4, "Workers": [], "Plans": [{"Node Type": "Hash Join", "Parent Relationship": "Outer", "Parallel Aware": false, "Async Capable": false, "Join Type": "Inner", "Startup Cost": 215068.52, "Total Cost": 257248.77, "Plan Rows": 35, "Plan Width": 41, "Actual Rows": 1479, "Actual Loops": 4, "Inner Unique": true, "Hash Cond": "(mc.company_type_id = ct.id)", "Workers": [], "Plans": [{"Node Type": "Nested Loop", "Parent Relationship": "Outer", "Parallel Aware": false, "Async Capable": false, "Join Type": "Inner", "Startup Cost": 215067.45, "Total Cost": 257246.95, "Plan Rows": 141, "Plan Width": 45, "Actual Rows": 2664, "Actual Loops": 4, "Inner Unique": true, "Workers": [], "Plans": [{"Node Type": "Hash Join", "Parent Relationship": "Outer", "Parallel Aware": true, "Async Capable": false, "Join Type": "Inner", "Startup Cost": 215067.03, "Total Cost": 257037.32, "Plan Rows": 470, "Plan Width": 30, "Actual Rows": 5684, "Actual Loops": 4, "Inner Unique": false, "Hash Cond": "(mc.movie_id = mi.movie_id)", "Workers": [], "Plans": [{"Node Type": "Seq Scan", "Parent Relationship": "Outer", "Parallel Aware": true, "Async Capable": false, "Relation Name": "movie_companies", "Alias": "mc", "Startup Cost": 0.0, "Total Cost": 27240.55, "Plan Rows": 841655, "Plan Width": 12, "Actual Rows": 652282, "Actual Loops": 4, "Workers": []}, {"Node Type": "Hash", "Parent Relationship": "Inner", "Parallel Aware": true, "Async Capable": false, "Startup Cost": 215066.22, "Total Cost": 215066.22, "Plan Rows": 65, "Plan Width": 34, "Actual Rows": 2074, "Actual Loops": 4, "Hash Buckets": 8192, "Original Hash Buckets": 1024, "Hash Batches": 1, "Original Hash Batches": 1, "Peak Memory Usage": 760, "Workers": [], "Plans": [{"Node Type": "Hash Join", "Parent Relationship": "Outer", "Parallel Aware": false, "Async Capable": false, "Join Type": "Inner", "Startup Cost": 15354.17, "Total Cost": 215066.22, "Plan Rows": 65, "Plan Width": 34, "Actual Rows": 2074, "Actual Loops": 4, "Inner Unique": true, "Hash Cond": "(t.kind_id = kt.id)", "Workers": [], "Plans": [{"Node Type": "Nested Loop", "Parent Relationship": "Outer", "Parallel Aware": false, "Async Capable": false, "Join Type": "Inner", "Startup Cost": 15353.07, "Total Cost": 215063.21, "Plan Rows": 454, "Plan Width": 38, "Actual Rows": 136551, "Actual Loops": 4, "Inner Unique": true, "Workers": [], "Plans": [{"Node Type": "Hash Join", "Parent Relationship": "Outer", "Parallel Aware": true, "Async Capable": false, "Join Type": "Inner", "Startup Cost": 15352.64, "Total Cost": 214854.53, "Plan Rows": 454, "Plan Width": 13, "Actual Rows": 136551, "Actual Loops": 4, "Inner Unique": false, "Hash Cond": "(mi.movie_id = miidx.movie_id)", "Workers": [], "Plans": [{"Node Type": "Hash Join", "Parent Relationship": "Outer", "Parallel Aware": false, "Async Capable": false, "Join Type": "Inner", "Startup Cost": 2.43, "Total Cost": 199403.96, "Plan Rows": 26259, "Plan Width": 4, "Actual Rows": 383477, "Actual Loops": 4, "Inner Unique": true, "Hash Cond": "(mi.info_type_id = it2.id)", "Workers": [], "Plans": [{"Node Type": "Seq Scan", "Parent Relationship": "Outer", "Parallel Aware": true, "Async Capable": false, "Relation Name": "movie_info", "Alias": "mi", "Startup Cost": 0.0, "Total Cost": 191320.4, "Plan Rows": 2967240, "Plan Width": 8, "Actual Rows": 3708930, "Actual Loops": 4, "Workers": []}, {"Node Type": "Hash", "Parent Relationship": "Inner", "Parallel Aware": false, "Async Capable": false, "Startup Cost": 2.41, "Total Cost": 2.41, "Plan Rows": 1, "Plan Width": 4, "Actual Rows": 1, "Actual Loops": 4, "Hash Buckets": 1024, "Original Hash Buckets": 1024, "Hash Batches": 1, "Original Hash Batches": 1, "Peak Memory Usage": 9, "Workers": [], "Plans": [{"Node Type": "Seq Scan", "Parent Relationship": "Outer", "Parallel Aware": false, "Async Capable": false, "Relation Name": "info_type", "Alias": "it2", "Startup Cost": 0.0, "Total Cost": 2.41, "Plan Rows": 1, "Plan Width": 4, "Actual Rows": 1, "Actual Loops": 4, "Filter": "((info)::text = 'genres'::text)", "Rows Removed by Filter": 112, "Workers": []}]}]}, {"Node Type": "Hash", "Parent Relationship": "Inner", "Parallel Aware": true, "Async Capable": false, "Startup Cost": 15286.6, "Total Cost": 15286.6, "Plan Rows": 5089, "Plan Width": 9, "Actual Rows": 114981, "Actual Loops": 4, "Hash Buckets": 524288, "Original Hash Buckets": 16384, "Hash Batches": 1, "Original Hash Batches": 1, "Peak Memory Usage": 26272, "Workers": [], "Plans": [{"Node Type": "Hash Join", "Parent Relationship": "Outer", "Parallel Aware": false, "Async Capable": false, "Join Type": "Inner", "Startup Cost": 2.43, "Total Cost": 15286.6, "Plan Rows": 5089, "Plan Width": 9, "Actual Rows": 114981, "Actual Loops": 4, "Inner Unique": true, "Hash Cond": "(miidx.info_type_id = it.id)", "Workers": [], "Plans": [{"Node Type": "Seq Scan", "Parent Relationship": "Outer", "Parallel Aware": true, "Async Capable": false, "Relation Name": "movie_info_idx", "Alias": "miidx", "Startup Cost": 0.0, "Total Cost": 13718.15, "Plan Rows": 575015, "Plan Width": 13, "Actual Rows": 345009, "Actual Loops": 4, "Workers": []}, {"Node Type": "Hash", "Parent Relationship": "Inner", "Parallel Aware": false, "Async Capable": false, "Startup Cost": 2.41, "Total Cost": 2.41, "Plan Rows": 1, "Plan Width": 4, "Actual Rows": 1, "Actual Loops": 4, "Hash Buckets": 1024, "Original Hash Buckets": 1024, "Hash Batches": 1, "Original Hash Batches": 1, "Peak Memory Usage": 9, "Workers": [], "Plans": [{"Node Type": "Seq Scan", "Parent Relationship": "Outer", "Parallel Aware": false, "Async Capable": false, "Relation Name": "info_type", "Alias": "it", "Startup Cost": 0.0, "Total Cost": 2.41, "Plan Rows": 1, "Plan Width": 4, "Actual Rows": 1, "Actual Loops": 4, "Filter": "((info)::text = 'votes'::text)", "Rows Removed by Filter": 112, "Workers": []}]}]}]}]}, {"Node Type": "Index Scan", "Parent Relationship": "Inner", "Parallel Aware": false, "Async Capable": false, "Scan Direction": "Forward", "Index Name": "title_pkey", "Relation Name": "title", "Alias": "t", "Startup Cost": 0.43, "Total Cost": 0.46, "Plan Rows": 1, "Plan Width": 25, "Actual Rows": 1, "Actual Loops": 546205, "Index Cond": "(id = mi.movie_id)", "Rows Removed by Index Recheck": 0, "Workers": []}]}, {"Node Type": "Hash", "Parent Relationship": "Inner", "Parallel Aware": false, "Async Capable": false, "Startup Cost": 1.09, "Total Cost": 1.09, "Plan Rows": 1, "Plan Width": 4, "Actual Rows": 1, "Actual Loops": 4, "Hash Buckets": 1024, "Original Hash Buckets": 1024, "Hash Batches": 1, "Original Hash Batches": 1, "Peak Memory Usage": 9, "Workers": [], "Plans": [{"Node Type": "Seq Scan", "Parent Relationship": "Outer", "Parallel Aware": false, "Async Capable": false, "Relation Name": "kind_type", "Alias": "kt", "Startup Cost": 0.0, "Total Cost": 1.09, "Plan Rows": 1, "Plan Width": 4, "Actual Rows": 1, "Actual Loops": 4, "Filter": "((kind)::text = 'episode'::text)", "Rows Removed by Filter": 6, "Workers": []}]}]}]}]}, {"Node Type": "Index Scan", "Parent Relationship": "Inner", "Parallel Aware": false, "Async Capable": false, "Scan Direction": "Forward", "Index Name": "company_name_pkey", "Relation Name": "company_name", "Alias": "cn", "Startup Cost": 0.42, "Total Cost": 0.45, "Plan Rows": 1, "Plan Width": 23, "Actual Rows": 0, "Actual Loops": 22738, "Index Cond": "(id = mc.company_id)", "Rows Removed by Index Recheck": 0, "Filter": "((country_code)::text = '[us]'::text)", "Rows Removed by Filter": 1, "Workers": []}]}, {"Node Type": "Hash", "Parent Relationship": "Inner", "Parallel Aware": false, "Async Capable": false, "Startup Cost": 1.05, "Total Cost": 1.05, "Plan Rows": 1, "Plan Width": 4, "Actual Rows": 1, "Actual Loops": 4, "Hash Buckets": 1024, "Original Hash Buckets": 1024, "Hash Batches": 1, "Original Hash Batches": 1, "Peak Memory Usage": 9, "Workers": [], "Plans": [{"Node Type": "Seq Scan", "Parent Relationship": "Outer", "Parallel Aware": false, "Async Capable": false, "Relation Name": "company_type", "Alias": "ct", "Startup Cost": 0.0, "Total Cost": 1.05, "Plan Rows": 1, "Plan Width": 4, "Actual Rows": 1, "Actual Loops": 4, "Filter": "((kind)::text = 'distributors'::text)", "Rows Removed by Filter": 3, "Workers": []}]}]}]}]}]}, "Planning Time": 12.07, "Triggers": [], "Execution Time": 4565.129}]