[{"Plan": {"Node Type": "Aggregate", "Strategy": "Plain", "Partial Mode": "Simple", "Parallel Aware": false, "Async Capable": false, "Startup Cost": 246463.17, "Total Cost": 246463.18, "Plan Rows": 1, "Plan Width": 96, "Actual Rows": 1, "Actual Loops": 1, "Plans": [{"Node Type": "Nested Loop", "Parent Relationship": "Outer", "Parallel Aware": false, "Async Capable": false, "Join Type": "Inner", "Startup Cost": 216066.18, "Total Cost": 246463.17, "Plan Rows": 1, "Plan Width": 41, "Actual Rows": 14, "Actual Loops": 1, "Inner Unique": true, "Plans": [{"Node Type": "Nested Loop", "Parent Relationship": "Outer", "Parallel Aware": false, "Async Capable": false, "Join Type": "Inner", "Startup Cost": 216066.05, "Total Cost": 246463.0, "Plan Rows": 1, "Plan Width": 45, "Actual Rows": 27, "Actual Loops": 1, "Inner Unique": true, "Plans": [{"Node Type": "Gather", "Parent Relationship": "Outer", "Parallel Aware": false, "Async Capable": false, "Startup Cost": 216065.63, "Total Cost": 246462.55, "Plan Rows": 1, "Plan Width": 30, "Actual Rows": 95, "Actual Loops": 1, "Workers Planned": 3, "Workers Launched": 3, "Single Copy": false, "Plans": [{"Node Type": "Nested Loop", "Parent Relationship": "Outer", "Parallel Aware": false, "Async Capable": false, "Join Type": "Inner", "Startup Cost": 215065.63, "Total Cost": 245462.45, "Plan Rows": 1, "Plan Width": 30, "Actual Rows": 24, "Actual Loops": 4, "Inner Unique": true, "Workers": [], "Plans": [{"Node Type": "Hash Join", "Parent Relationship": "Outer", "Parallel Aware": true, "Async Capable": false, "Join Type": "Inner", "Startup Cost": 215065.49, "Total Cost": 245462.25, "Plan Rows": 1, "Plan Width": 34, "Actual Rows": 961, "Actual Loops": 4, "Inner Unique": false, "Hash Cond": "(mc.movie_id = mi.movie_id)", "Workers": [], "Plans": [{"Node Type": "Seq Scan", "Parent Relationship": "Outer", "Parallel Aware": true, "Async Capable": false, "Relation Name": "movie_companies", "Alias": "mc", "Startup Cost": 0.0, "Total Cost": 27240.55, "Plan Rows": 841655, "Plan Width": 12, "Actual Rows": 652282, "Actual Loops": 4, "Workers": []}, {"Node Type": "Hash", "Parent Relationship": "Inner", "Parallel Aware": true, "Async Capable": false, "Startup Cost": 215065.48, "Total Cost": 215065.48, "Plan Rows": 1, "Plan Width": 38, "Actual Rows": 125, "Actual Loops": 4, "Hash Buckets": 1024, "Original Hash Buckets": 1024, "Hash Batches": 1, "Original Hash Batches": 1, "Peak Memory Usage": 136, "Workers": [], "Plans": [{"Node Type": "Nested Loop", "Parent Relationship": "Outer", "Parallel Aware": false, "Async Capable": false, "Join Type": "Inner", "Startup Cost": 15353.07, "Total Cost": 215065.48, "Plan Rows": 1, "Plan Width": 38, "Actual Rows": 125, "Actual Loops": 4, "Inner Unique": true, "Workers": [], "Plans": [{"Node Type": "Hash Join", "Parent Relationship": "Outer", "Parallel Aware": true, "Async Capable": false, "Join Type": "Inner", "Startup Cost": 15352.64, "Total Cost": 214854.53, "Plan Rows": 454, "Plan Width": 13, "Actual Rows": 279746, "Actual Loops": 4, "Inner Unique": false, "Hash Cond": "(mi.movie_id = miidx.movie_id)", "Workers": [], "Plans": [{"Node Type": "Hash Join", "Parent Relationship": "Outer", "Parallel Aware": false, "Async Capable": false, "Join Type": "Inner", "Startup Cost": 2.43, "Total Cost": 199403.96, "Plan Rows": 26259, "Plan Width": 4, "Actual Rows": 759180, "Actual Loops": 4, "Inner Unique": true, "Hash Cond": "(mi.info_type_id = it2.id)", "Workers": [], "Plans": [{"Node Type": "Seq Scan", "Parent Relationship": "Outer", "Parallel Aware": true, "Async Capable": false, "Relation Name": "movie_info", "Alias": "mi", "Startup Cost": 0.0, "Total Cost": 191320.4, "Plan Rows": 2967240, "Plan Width": 8, "Actual Rows": 3708930, "Actual Loops": 4, "Workers": []}, {"Node Type": "Hash", "Parent Relationship": "Inner", "Parallel Aware": false, "Async Capable": false, "Startup Cost": 2.41, "Total Cost": 2.41, "Plan Rows": 1, "Plan Width": 4, "Actual Rows": 1, "Actual Loops": 4, "Hash Buckets": 1024, "Original Hash Buckets": 1024, "Hash Batches": 1, "Original Hash Batches": 1, "Peak Memory Usage": 9, "Workers": [], "Plans": [{"Node Type": "Seq Scan", "Parent Relationship": "Outer", "Parallel Aware": false, "Async Capable": false, "Relation Name": "info_type", "Alias": "it2", "Startup Cost": 0.0, "Total Cost": 2.41, "Plan Rows": 1, "Plan Width": 4, "Actual Rows": 1, "Actual Loops": 4, "Filter": "((info)::text = 'release dates'::text)", "Rows Removed by Filter": 112, "Workers": []}]}]}, {"Node Type": "Hash", "Parent Relationship": "Inner", "Parallel Aware": true, "Async Capable": false, "Startup Cost": 15286.6, "Total Cost": 15286.6, "Plan Rows": 5089, "Plan Width": 9, "Actual Rows": 114981, "Actual Loops": 4, "Hash Buckets": 524288, "Original Hash Buckets": 16384, "Hash Batches": 1, "Original Hash Batches": 1, "Peak Memory Usage": 26304, "Workers": [], "Plans": [{"Node Type": "Hash Join", "Parent Relationship": "Outer", "Parallel Aware": false, "Async Capable": false, "Join Type": "Inner", "Startup Cost": 2.43, "Total Cost": 15286.6, "Plan Rows": 5089, "Plan Width": 9, "Actual Rows": 114981, "Actual Loops": 4, "Inner Unique": true, "Hash Cond": "(miidx.info_type_id = it.id)", "Workers": [], "Plans": [{"Node Type": "Seq Scan", "Parent Relationship": "Outer", "Parallel Aware": true, "Async Capable": false, "Relation Name": "movie_info_idx", "Alias": "miidx", "Startup Cost": 0.0, "Total Cost": 13718.15, "Plan Rows": 575015, "Plan Width": 13, "Actual Rows": 345009, "Actual Loops": 4, "Workers": []}, {"Node Type": "Hash", "Parent Relationship": "Inner", "Parallel Aware": false, "Async Capable": false, "Startup Cost": 2.41, "Total Cost": 2.41, "Plan Rows": 1, "Plan Width": 4, "Actual Rows": 1, "Actual Loops": 4, "Hash Buckets": 1024, "Original Hash Buckets": 1024, "Hash Batches": 1, "Original Hash Batches": 1, "Peak Memory Usage": 9, "Workers": [], "Plans": [{"Node Type": "Seq Scan", "Parent Relationship": "Outer", "Parallel Aware": false, "Async Capable": false, "Relation Name": "info_type", "Alias": "it", "Startup Cost": 0.0, "Total Cost": 2.41, "Plan Rows": 1, "Plan Width": 4, "Actual Rows": 1, "Actual Loops": 4, "Filter": "((info)::text = 'votes'::text)", "Rows Removed by Filter": 112, "Workers": []}]}]}]}]}, {"Node Type": "Index Scan", "Parent Relationship": "Inner", "Parallel Aware": false, "Async Capable": false, "Scan Direction": "Forward", "Index Name": "title_pkey", "Relation Name": "title", "Alias": "t", "Startup Cost": 0.43, "Total Cost": 0.46, "Plan Rows": 1, "Plan Width": 25, "Actual Rows": 0, "Actual Loops": 1118984, "Index Cond": "(id = mi.movie_id)", "Rows Removed by Index Recheck": 0, "Filter": "(((title)::text ~~ '%Champion%'::text) OR ((title)::text ~~ '%Freddy%'::text))", "Rows Removed by Filter": 1, "Workers": []}]}]}]}, {"Node Type": "Memoize", "Parent Relationship": "Inner", "Parallel Aware": false, "Async Capable": false, "Startup Cost": 0.14, "Total Cost": 0.19, "Plan Rows": 1, "Plan Width": 4, "Actual Rows": 0, "Actual Loops": 3845, "Cache Key": "t.kind_id", "Cache Mode": "logical", "Cache Hits": 2006, "Cache Misses": 6, "Cache Evictions": 0, "Cache Overflows": 0, "Peak Memory Usage": 1, "Workers": [{"Worker Number": 0, "Cache Hits": 1132, "Cache Misses": 6, "Cache Evictions": 0, "Cache Overflows": 0, "Peak Memory Usage": 1}, {"Worker Number": 1, "Cache Hits": 343, "Cache Misses": 6, "Cache Evictions": 0, "Cache Overflows": 0, "Peak Memory Usage": 1}, {"Worker Number": 2, "Cache Hits": 340, "Cache Misses": 6, "Cache Evictions": 0, "Cache Overflows": 0, "Peak Memory Usage": 1}], "Plans": [{"Node Type": "Index Scan", "Parent Relationship": "Outer", "Parallel Aware": false, "Async Capable": false, "Scan Direction": "Forward", "Index Name": "kind_type_pkey", "Relation Name": "kind_type", "Alias": "kt", "Startup Cost": 0.13, "Total Cost": 0.18, "Plan Rows": 1, "Plan Width": 4, "Actual Rows": 0, "Actual Loops": 24, "Index Cond": "(id = t.kind_id)", "Rows Removed by Index Recheck": 0, "Filter": "((kind)::text = 'video game'::text)", "Rows Removed by Filter": 1, "Workers": []}]}]}]}, {"Node Type": "Index Scan", "Parent Relationship": "Inner", "Parallel Aware": false, "Async Capable": false, "Scan Direction": "Forward", "Index Name": "company_name_pkey", "Relation Name": "company_name", "Alias": "cn", "Startup Cost": 0.42, "Total Cost": 0.45, "Plan Rows": 1, "Plan Width": 23, "Actual Rows": 0, "Actual Loops": 95, "Index Cond": "(id = mc.company_id)", "Rows Removed by Index Recheck": 0, "Filter": "((country_code)::text = '[jp]'::text)", "Rows Removed by Filter": 1}]}, {"Node Type": "Index Scan", "Parent Relationship": "Inner", "Parallel Aware": false, "Async Capable": false, "Scan Direction": "Forward", "Index Name": "company_type_pkey", "Relation Name": "company_type", "Alias": "ct", "Startup Cost": 0.13, "Total Cost": 0.15, "Plan Rows": 1, "Plan Width": 4, "Actual Rows": 1, "Actual Loops": 27, "Index Cond": "(id = mc.company_type_id)", "Rows Removed by Index Recheck": 0, "Filter": "((kind)::text = 'production companies'::text)", "Rows Removed by Filter": 0}]}]}, "Planning Time": 11.012, "Triggers": [], "Execution Time": 2486.047}, {"Plan": {"Node Type": "Aggregate", "Strategy": "Plain", "Partial Mode": "Simple", "Parallel Aware": false, "Async Capable": false, "Startup Cost": 246463.2, "Total Cost": 246463.21, "Plan Rows": 1, "Plan Width": 96, "Actual Rows": 1, "Actual Loops": 1, "Plans": [{"Node Type": "Nested Loop", "Parent Relationship": "Outer", "Parallel Aware": false, "Async Capable": false, "Join Type": "Inner", "Startup Cost": 216066.17, "Total Cost": 246463.19, "Plan Rows": 1, "Plan Width": 41, "Actual Rows": 14, "Actual Loops": 1, "Inner Unique": true, "Plans": [{"Node Type": "Nested Loop", "Parent Relationship": "Outer", "Parallel Aware": false, "Async Capable": false, "Join Type": "Inner", "Startup Cost": 216066.04, "Total Cost": 246462.97, "Plan Rows": 1, "Plan Width": 45, "Actual Rows": 16, "Actual Loops": 1, "Inner Unique": true, "Plans": [{"Node Type": "Gather", "Parent Relationship": "Outer", "Parallel Aware": false, "Async Capable": false, "Startup Cost": 216065.91, "Total Cost": 246462.8, "Plan Rows": 1, "Plan Width": 49, "Actual Rows": 50, "Actual Loops": 1, "Workers Planned": 3, "Workers Launched": 3, "Single Copy": false, "Plans": [{"Node Type": "Nested Loop", "Parent Relationship": "Outer", "Parallel Aware": false, "Async Capable": false, "Join Type": "Inner", "Startup Cost": 215065.91, "Total Cost": 245462.7, "Plan Rows": 1, "Plan Width": 49, "Actual Rows": 12, "Actual Loops": 4, "Inner Unique": true, "Workers": [], "Plans": [{"Node Type": "Hash Join", "Parent Relationship": "Outer", "Parallel Aware": true, "Async Capable": false, "Join Type": "Inner", "Startup Cost": 215065.49, "Total Cost": 245462.25, "Plan Rows": 1, "Plan Width": 34, "Actual Rows": 961, "Actual Loops": 4, "Inner Unique": false, "Hash Cond": "(mc.movie_id = mi.movie_id)", "Workers": [], "Plans": [{"Node Type": "Seq Scan", "Parent Relationship": "Outer", "Parallel Aware": true, "Async Capable": false, "Relation Name": "movie_companies", "Alias": "mc", "Startup Cost": 0.0, "Total Cost": 27240.55, "Plan Rows": 841655, "Plan Width": 12, "Actual Rows": 652282, "Actual Loops": 4, "Workers": []}, {"Node Type": "Hash", "Parent Relationship": "Inner", "Parallel Aware": true, "Async Capable": false, "Startup Cost": 215065.48, "Total Cost": 215065.48, "Plan Rows": 1, "Plan Width": 38, "Actual Rows": 125, "Actual Loops": 4, "Hash Buckets": 1024, "Original Hash Buckets": 1024, "Hash Batches": 1, "Original Hash Batches": 1, "Peak Memory Usage": 136, "Workers": [], "Plans": [{"Node Type": "Nested Loop", "Parent Relationship": "Outer", "Parallel Aware": false, "Async Capable": false, "Join Type": "Inner", "Startup Cost": 15353.07, "Total Cost": 215065.48, "Plan Rows": 1, "Plan Width": 38, "Actual Rows": 125, "Actual Loops": 4, "Inner Unique": true, "Workers": [], "Plans": [{"Node Type": "Hash Join", "Parent Relationship": "Outer", "Parallel Aware": true, "Async Capable": false, "Join Type": "Inner", "Startup Cost": 15352.64, "Total Cost": 214854.53, "Plan Rows": 454, "Plan Width": 13, "Actual Rows": 279746, "Actual Loops": 4, "Inner Unique": false, "Hash Cond": "(mi.movie_id = miidx.movie_id)", "Workers": [], "Plans": [{"Node Type": "Hash Join", "Parent Relationship": "Outer", "Parallel Aware": false, "Async Capable": false, "Join Type": "Inner", "Startup Cost": 2.43, "Total Cost": 199403.96, "Plan Rows": 26259, "Plan Width": 4, "Actual Rows": 759180, "Actual Loops": 4, "Inner Unique": true, "Hash Cond": "(mi.info_type_id = it2.id)", "Workers": [], "Plans": [{"Node Type": "Seq Scan", "Parent Relationship": "Outer", "Parallel Aware": true, "Async Capable": false, "Relation Name": "movie_info", "Alias": "mi", "Startup Cost": 0.0, "Total Cost": 191320.4, "Plan Rows": 2967240, "Plan Width": 8, "Actual Rows": 3708930, "Actual Loops": 4, "Workers": []}, {"Node Type": "Hash", "Parent Relationship": "Inner", "Parallel Aware": false, "Async Capable": false, "Startup Cost": 2.41, "Total Cost": 2.41, "Plan Rows": 1, "Plan Width": 4, "Actual Rows": 1, "Actual Loops": 4, "Hash Buckets": 1024, "Original Hash Buckets": 1024, "Hash Batches": 1, "Original Hash Batches": 1, "Peak Memory Usage": 9, "Workers": [], "Plans": [{"Node Type": "Seq Scan", "Parent Relationship": "Outer", "Parallel Aware": false, "Async Capable": false, "Relation Name": "info_type", "Alias": "it2", "Startup Cost": 0.0, "Total Cost": 2.41, "Plan Rows": 1, "Plan Width": 4, "Actual Rows": 1, "Actual Loops": 4, "Filter": "((info)::text = 'release dates'::text)", "Rows Removed by Filter": 112, "Workers": []}]}]}, {"Node Type": "Hash", "Parent Relationship": "Inner", "Parallel Aware": true, "Async Capable": false, "Startup Cost": 15286.6, "Total Cost": 15286.6, "Plan Rows": 5089, "Plan Width": 9, "Actual Rows": 114981, "Actual Loops": 4, "Hash Buckets": 524288, "Original Hash Buckets": 16384, "Hash Batches": 1, "Original Hash Batches": 1, "Peak Memory Usage": 26272, "Workers": [], "Plans": [{"Node Type": "Hash Join", "Parent Relationship": "Outer", "Parallel Aware": false, "Async Capable": false, "Join Type": "Inner", "Startup Cost": 2.43, "Total Cost": 15286.6, "Plan Rows": 5089, "Plan Width": 9, "Actual Rows": 114981, "Actual Loops": 4, "Inner Unique": true, "Hash Cond": "(miidx.info_type_id = it.id)", "Workers": [], "Plans": [{"Node Type": "Seq Scan", "Parent Relationship": "Outer", "Parallel Aware": true, "Async Capable": false, "Relation Name": "movie_info_idx", "Alias": "miidx", "Startup Cost": 0.0, "Total Cost": 13718.15, "Plan Rows": 575015, "Plan Width": 13, "Actual Rows": 345009, "Actual Loops": 4, "Workers": []}, {"Node Type": "Hash", "Parent Relationship": "Inner", "Parallel Aware": false, "Async Capable": false, "Startup Cost": 2.41, "Total Cost": 2.41, "Plan Rows": 1, "Plan Width": 4, "Actual Rows": 1, "Actual Loops": 4, "Hash Buckets": 1024, "Original Hash Buckets": 1024, "Hash Batches": 1, "Original Hash Batches": 1, "Peak Memory Usage": 9, "Workers": [], "Plans": [{"Node Type": "Seq Scan", "Parent Relationship": "Outer", "Parallel Aware": false, "Async Capable": false, "Relation Name": "info_type", "Alias": "it", "Startup Cost": 0.0, "Total Cost": 2.41, "Plan Rows": 1, "Plan Width": 4, "Actual Rows": 1, "Actual Loops": 4, "Filter": "((info)::text = 'votes'::text)", "Rows Removed by Filter": 112, "Workers": []}]}]}]}]}, {"Node Type": "Index Scan", "Parent Relationship": "Inner", "Parallel Aware": false, "Async Capable": false, "Scan Direction": "Forward", "Index Name": "title_pkey", "Relation Name": "title", "Alias": "t", "Startup Cost": 0.43, "Total Cost": 0.46, "Plan Rows": 1, "Plan Width": 25, "Actual Rows": 0, "Actual Loops": 1118984, "Index Cond": "(id = mi.movie_id)", "Rows Removed by Index Recheck": 0, "Filter": "(((title)::text ~~ '%Champion%'::text) OR ((title)::text ~~ '%Freddy%'::text))", "Rows Removed by Filter": 1, "Workers": []}]}]}]}, {"Node Type": "Index Scan", "Parent Relationship": "Inner", "Parallel Aware": false, "Async Capable": false, "Scan Direction": "Forward", "Index Name": "company_name_pkey", "Relation Name": "company_name", "Alias": "cn", "Startup Cost": 0.42, "Total Cost": 0.45, "Plan Rows": 1, "Plan Width": 23, "Actual Rows": 0, "Actual Loops": 3845, "Index Cond": "(id = mc.company_id)", "Rows Removed by Index Recheck": 0, "Filter": "((country_code)::text = '[jp]'::text)", "Rows Removed by Filter": 1, "Workers": []}]}]}, {"Node Type": "Index Scan", "Parent Relationship": "Inner", "Parallel Aware": false, "Async Capable": false, "Scan Direction": "Forward", "Index Name": "company_type_pkey", "Relation Name": "company_type", "Alias": "ct", "Startup Cost": 0.13, "Total Cost": 0.15, "Plan Rows": 1, "Plan Width": 4, "Actual Rows": 0, "Actual Loops": 50, "Index Cond": "(id = mc.company_type_id)", "Rows Removed by Index Recheck": 0, "Filter": "((kind)::text = 'production companies'::text)", "Rows Removed by Filter": 1}]}, {"Node Type": "Index Scan", "Parent Relationship": "Inner", "Parallel Aware": false, "Async Capable": false, "Scan Direction": "Forward", "Index Name": "kind_type_pkey", "Relation Name": "kind_type", "Alias": "kt", "Startup Cost": 0.13, "Total Cost": 0.18, "Plan Rows": 1, "Plan Width": 4, "Actual Rows": 1, "Actual Loops": 16, "Index Cond": "(id = t.kind_id)", "Rows Removed by Index Recheck": 0, "Filter": "((kind)::text = 'video game'::text)", "Rows Removed by Filter": 0}]}]}, "Planning Time": 7.843, "Triggers": [], "Execution Time": 2546.328}, {"Plan": {"Node Type": "Aggregate", "Strategy": "Plain", "Partial Mode": "Simple", "Parallel Aware": false, "Async Capable": false, "Startup Cost": 250484.55, "Total Cost": 250484.56, "Plan Rows": 1, "Plan Width": 96, "Actual Rows": 1, "Actual Loops": 1, "Plans": [{"Node Type": "Gather", "Parent Relationship": "Outer", "Parallel Aware": false, "Async Capable": false, "Startup Cost": 220883.55, "Total Cost": 250484.55, "Plan Rows": 1, "Plan Width": 41, "Actual Rows": 14, "Actual Loops": 1, "Workers Planned": 3, "Workers Launched": 3, "Single Copy": false, "Plans": [{"Node Type": "Hash Join", "Parent Relationship": "Outer", "Parallel Aware": true, "Async Capable": false, "Join Type": "Inner", "Startup Cost": 219883.55, "Total Cost": 249484.45, "Plan Rows": 1, "Plan Width": 41, "Actual Rows": 4, "Actual Loops": 4, "Inner Unique": false, "Hash Cond": "(mc.movie_id = mi.movie_id)", "Workers": [], "Plans": [{"Node Type": "Hash Join", "Parent Relationship": "Outer", "Parallel Aware": false, "Async Capable": false, "Join Type": "Inner", "Startup Cost": 4817.83, "Total Cost": 34396.41, "Plan Rows": 5949, "Plan Width": 23, "Actual Rows": 12848, "Actual Loops": 4, "Inner Unique": true, "Hash Cond": "(mc.company_type_id = ct.id)", "Workers": [], "Plans": [{"Node Type": "Hash Join", "Parent Relationship": "Outer", "Parallel Aware": true, "Async Capable": false, "Join Type": "Inner", "Startup Cost": 4816.77, "Total Cost": 34266.7, "Plan Rows": 23796, "Plan Width": 27, "Actual Rows": 26249, "Actual Loops": 4, "Inner Unique": true, "Hash Cond": "(mc.company_id = cn.id)", "Workers": [], "Plans": [{"Node Type": "Seq Scan", "Parent Relationship": "Outer", "Parallel Aware": true, "Async Capable": false, "Relation Name": "movie_companies", "Alias": "mc", "Startup Cost": 0.0, "Total Cost": 27240.55, "Plan Rows": 841655, "Plan Width": 12, "Actual Rows": 652282, "Actual Loops": 4, "Workers": []}, {"Node Type": "Hash", "Parent Relationship": "Inner", "Parallel Aware": true, "Async Capable": false, "Startup Cost": 4767.92, "Total Cost": 4767.92, "Plan Rows": 3908, "Plan Width": 23, "Actual Rows": 1688, "Actual Loops": 4, "Hash Buckets": 8192, "Original Hash Buckets": 8192, "Hash Batches": 1, "Original Hash Batches": 1, "Peak Memory Usage": 480, "Workers": [], "Plans": [{"Node Type": "Seq Scan", "Parent Relationship": "Outer", "Parallel Aware": true, "Async Capable": false, "Relation Name": "company_name", "Alias": "cn", "Startup Cost": 0.0, "Total Cost": 4767.92, "Plan Rows": 3908, "Plan Width": 23, "Actual Rows": 1688, "Actual Loops": 4, "Filter": "((country_code)::text = '[jp]'::text)", "Rows Removed by Filter": 57061, "Workers": []}]}]}, {"Node Type": "Hash", "Parent Relationship": "Inner", "Parallel Aware": false, "Async Capable": false, "Startup Cost": 1.05, "Total Cost": 1.05, "Plan Rows": 1, "Plan Width": 4, "Actual Rows": 1, "Actual Loops": 4, "Hash Buckets": 1024, "Original Hash Buckets": 1024, "Hash Batches": 1, "Original Hash Batches": 1, "Peak Memory Usage": 9, "Workers": [], "Plans": [{"Node Type": "Seq Scan", "Parent Relationship": "Outer", "Parallel Aware": false, "Async Capable": false, "Relation Name": "company_type", "Alias": "ct", "Startup Cost": 0.0, "Total Cost": 1.05, "Plan Rows": 1, "Plan Width": 4, "Actual Rows": 1, "Actual Loops": 4, "Filter": "((kind)::text = 'production companies'::text)", "Rows Removed by Filter": 3, "Workers": []}]}]}, {"Node Type": "Hash", "Parent Relationship": "Inner", "Parallel Aware": true, "Async Capable": false, "Startup Cost": 215065.7, "Total Cost": 215065.7, "Plan Rows": 1, "Plan Width": 34, "Actual Rows": 8, "Actual Loops": 4, "Hash Buckets": 1024, "Original Hash Buckets": 1024, "Hash Batches": 1, "Original Hash Batches": 1, "Peak Memory Usage": 136, "Workers": [], "Plans": [{"Node Type": "Nested Loop", "Parent Relationship": "Outer", "Parallel Aware": false, "Async Capable": false, "Join Type": "Inner", "Startup Cost": 15353.2, "Total Cost": 215065.7, "Plan Rows": 1, "Plan Width": 34, "Actual Rows": 8, "Actual Loops": 4, "Inner Unique": true, "Workers": [], "Plans": [{"Node Type": "Nested Loop", "Parent Relationship": "Outer", "Parallel Aware": false, "Async Capable": false, "Join Type": "Inner", "Startup Cost": 15353.07, "Total Cost": 215065.48, "Plan Rows": 1, "Plan Width": 38, "Actual Rows": 125, "Actual Loops": 4, "Inner Unique": true, "Workers": [], "Plans": [{"Node Type": "Hash Join", "Parent Relationship": "Outer", "Parallel Aware": true, "Async Capable": false, "Join Type": "Inner", "Startup Cost": 15352.64, "Total Cost": 214854.53, "Plan Rows": 454, "Plan Width": 13, "Actual Rows": 279746, "Actual Loops": 4, "Inner Unique": false, "Hash Cond": "(mi.movie_id = miidx.movie_id)", "Workers": [], "Plans": [{"Node Type": "Hash Join", "Parent Relationship": "Outer", "Parallel Aware": false, "Async Capable": false, "Join Type": "Inner", "Startup Cost": 2.43, "Total Cost": 199403.96, "Plan Rows": 26259, "Plan Width": 4, "Actual Rows": 759180, "Actual Loops": 4, "Inner Unique": true, "Hash Cond": "(mi.info_type_id = it2.id)", "Workers": [], "Plans": [{"Node Type": "Seq Scan", "Parent Relationship": "Outer", "Parallel Aware": true, "Async Capable": false, "Relation Name": "movie_info", "Alias": "mi", "Startup Cost": 0.0, "Total Cost": 191320.4, "Plan Rows": 2967240, "Plan Width": 8, "Actual Rows": 3708930, "Actual Loops": 4, "Workers": []}, {"Node Type": "Hash", "Parent Relationship": "Inner", "Parallel Aware": false, "Async Capable": false, "Startup Cost": 2.41, "Total Cost": 2.41, "Plan Rows": 1, "Plan Width": 4, "Actual Rows": 1, "Actual Loops": 4, "Hash Buckets": 1024, "Original Hash Buckets": 1024, "Hash Batches": 1, "Original Hash Batches": 1, "Peak Memory Usage": 9, "Workers": [], "Plans": [{"Node Type": "Seq Scan", "Parent Relationship": "Outer", "Parallel Aware": false, "Async Capable": false, "Relation Name": "info_type", "Alias": "it2", "Startup Cost": 0.0, "Total Cost": 2.41, "Plan Rows": 1, "Plan Width": 4, "Actual Rows": 1, "Actual Loops": 4, "Filter": "((info)::text = 'release dates'::text)", "Rows Removed by Filter": 112, "Workers": []}]}]}, {"Node Type": "Hash", "Parent Relationship": "Inner", "Parallel Aware": true, "Async Capable": false, "Startup Cost": 15286.6, "Total Cost": 15286.6, "Plan Rows": 5089, "Plan Width": 9, "Actual Rows": 114981, "Actual Loops": 4, "Hash Buckets": 524288, "Original Hash Buckets": 16384, "Hash Batches": 1, "Original Hash Batches": 1, "Peak Memory Usage": 26272, "Workers": [], "Plans": [{"Node Type": "Hash Join", "Parent Relationship": "Outer", "Parallel Aware": false, "Async Capable": false, "Join Type": "Inner", "Startup Cost": 2.43, "Total Cost": 15286.6, "Plan Rows": 5089, "Plan Width": 9, "Actual Rows": 114981, "Actual Loops": 4, "Inner Unique": true, "Hash Cond": "(miidx.info_type_id = it.id)", "Workers": [], "Plans": [{"Node Type": "Seq Scan", "Parent Relationship": "Outer", "Parallel Aware": true, "Async Capable": false, "Relation Name": "movie_info_idx", "Alias": "miidx", "Startup Cost": 0.0, "Total Cost": 13718.15, "Plan Rows": 575015, "Plan Width": 13, "Actual Rows": 345009, "Actual Loops": 4, "Workers": []}, {"Node Type": "Hash", "Parent Relationship": "Inner", "Parallel Aware": false, "Async Capable": false, "Startup Cost": 2.41, "Total Cost": 2.41, "Plan Rows": 1, "Plan Width": 4, "Actual Rows": 1, "Actual Loops": 4, "Hash Buckets": 1024, "Original Hash Buckets": 1024, "Hash Batches": 1, "Original Hash Batches": 1, "Peak Memory Usage": 9, "Workers": [], "Plans": [{"Node Type": "Seq Scan", "Parent Relationship": "Outer", "Parallel Aware": false, "Async Capable": false, "Relation Name": "info_type", "Alias": "it", "Startup Cost": 0.0, "Total Cost": 2.41, "Plan Rows": 1, "Plan Width": 4, "Actual Rows": 1, "Actual Loops": 4, "Filter": "((info)::text = 'votes'::text)", "Rows Removed by Filter": 112, "Workers": []}]}]}]}]}, {"Node Type": "Index Scan", "Parent Relationship": "Inner", "Parallel Aware": false, "Async Capable": false, "Scan Direction": "Forward", "Index Name": "title_pkey", "Relation Name": "title", "Alias": "t", "Startup Cost": 0.43, "Total Cost": 0.46, "Plan Rows": 1, "Plan Width": 25, "Actual Rows": 0, "Actual Loops": 1118984, "Index Cond": "(id = mi.movie_id)", "Rows Removed by Index Recheck": 0, "Filter": "(((title)::text ~~ '%Champion%'::text) OR ((title)::text ~~ '%Freddy%'::text))", "Rows Removed by Filter": 1, "Workers": []}]}, {"Node Type": "Index Scan", "Parent Relationship": "Inner", "Parallel Aware": false, "Async Capable": false, "Scan Direction": "Forward", "Index Name": "kind_type_pkey", "Relation Name": "kind_type", "Alias": "kt", "Startup Cost": 0.13, "Total Cost": 0.18, "Plan Rows": 1, "Plan Width": 4, "Actual Rows": 0, "Actual Loops": 500, "Index Cond": "(id = t.kind_id)", "Rows Removed by Index Recheck": 0, "Filter": "((kind)::text = 'video game'::text)", "Rows Removed by Filter": 1, "Workers": []}]}]}]}]}]}, "Planning Time": 9.156, "Triggers": [], "Execution Time": 2578.531}, {"Plan": {"Node Type": "Aggregate", "Strategy": "Plain", "Partial Mode": "Simple", "Parallel Aware": false, "Async Capable": false, "Startup Cost": 246464.07, "Total Cost": 246464.08, "Plan Rows": 1, "Plan Width": 96, "Actual Rows": 1, "Actual Loops": 1, "Plans": [{"Node Type": "Nested Loop", "Parent Relationship": "Outer", "Parallel Aware": false, "Async Capable": false, "Join Type": "Inner", "Startup Cost": 216066.04, "Total Cost": 246464.07, "Plan Rows": 1, "Plan Width": 41, "Actual Rows": 14, "Actual Loops": 1, "Inner Unique": false, "Join Filter": "(kt.id = t.kind_id)", "Rows Removed by Join Filter": 2, "Plans": [{"Node Type": "Seq Scan", "Parent Relationship": "Outer", "Parallel Aware": false, "Async Capable": false, "Relation Name": "kind_type", "Alias": "kt", "Startup Cost": 0.0, "Total Cost": 1.09, "Plan Rows": 1, "Plan Width": 4, "Actual Rows": 1, "Actual Loops": 1, "Filter": "((kind)::text = 'video game'::text)", "Rows Removed by Filter": 6}, {"Node Type": "Nested Loop", "Parent Relationship": "Inner", "Parallel Aware": false, "Async Capable": false, "Join Type": "Inner", "Startup Cost": 216066.04, "Total Cost": 246462.97, "Plan Rows": 1, "Plan Width": 45, "Actual Rows": 16, "Actual Loops": 1, "Inner Unique": true, "Plans": [{"Node Type": "Gather", "Parent Relationship": "Outer", "Parallel Aware": false, "Async Capable": false, "Startup Cost": 216065.91, "Total Cost": 246462.8, "Plan Rows": 1, "Plan Width": 49, "Actual Rows": 50, "Actual Loops": 1, "Workers Planned": 3, "Workers Launched": 3, "Single Copy": false, "Plans": [{"Node Type": "Nested Loop", "Parent Relationship": "Outer", "Parallel Aware": false, "Async Capable": false, "Join Type": "Inner", "Startup Cost": 215065.91, "Total Cost": 245462.7, "Plan Rows": 1, "Plan Width": 49, "Actual Rows": 12, "Actual Loops": 4, "Inner Unique": true, "Workers": [], "Plans": [{"Node Type": "Hash Join", "Parent Relationship": "Outer", "Parallel Aware": true, "Async Capable": false, "Join Type": "Inner", "Startup Cost": 215065.49, "Total Cost": 245462.25, "Plan Rows": 1, "Plan Width": 34, "Actual Rows": 961, "Actual Loops": 4, "Inner Unique": false, "Hash Cond": "(mc.movie_id = mi.movie_id)", "Workers": [], "Plans": [{"Node Type": "Seq Scan", "Parent Relationship": "Outer", "Parallel Aware": true, "Async Capable": false, "Relation Name": "movie_companies", "Alias": "mc", "Startup Cost": 0.0, "Total Cost": 27240.55, "Plan Rows": 841655, "Plan Width": 12, "Actual Rows": 652282, "Actual Loops": 4, "Workers": []}, {"Node Type": "Hash", "Parent Relationship": "Inner", "Parallel Aware": true, "Async Capable": false, "Startup Cost": 215065.48, "Total Cost": 215065.48, "Plan Rows": 1, "Plan Width": 38, "Actual Rows": 125, "Actual Loops": 4, "Hash Buckets": 1024, "Original Hash Buckets": 1024, "Hash Batches": 1, "Original Hash Batches": 1, "Peak Memory Usage": 136, "Workers": [], "Plans": [{"Node Type": "Nested Loop", "Parent Relationship": "Outer", "Parallel Aware": false, "Async Capable": false, "Join Type": "Inner", "Startup Cost": 15353.07, "Total Cost": 215065.48, "Plan Rows": 1, "Plan Width": 38, "Actual Rows": 125, "Actual Loops": 4, "Inner Unique": true, "Workers": [], "Plans": [{"Node Type": "Hash Join", "Parent Relationship": "Outer", "Parallel Aware": true, "Async Capable": false, "Join Type": "Inner", "Startup Cost": 15352.64, "Total Cost": 214854.53, "Plan Rows": 454, "Plan Width": 13, "Actual Rows": 279746, "Actual Loops": 4, "Inner Unique": false, "Hash Cond": "(mi.movie_id = miidx.movie_id)", "Workers": [], "Plans": [{"Node Type": "Hash Join", "Parent Relationship": "Outer", "Parallel Aware": false, "Async Capable": false, "Join Type": "Inner", "Startup Cost": 2.43, "Total Cost": 199403.96, "Plan Rows": 26259, "Plan Width": 4, "Actual Rows": 759180, "Actual Loops": 4, "Inner Unique": true, "Hash Cond": "(mi.info_type_id = it2.id)", "Workers": [], "Plans": [{"Node Type": "Seq Scan", "Parent Relationship": "Outer", "Parallel Aware": true, "Async Capable": false, "Relation Name": "movie_info", "Alias": "mi", "Startup Cost": 0.0, "Total Cost": 191320.4, "Plan Rows": 2967240, "Plan Width": 8, "Actual Rows": 3708930, "Actual Loops": 4, "Workers": []}, {"Node Type": "Hash", "Parent Relationship": "Inner", "Parallel Aware": false, "Async Capable": false, "Startup Cost": 2.41, "Total Cost": 2.41, "Plan Rows": 1, "Plan Width": 4, "Actual Rows": 1, "Actual Loops": 4, "Hash Buckets": 1024, "Original Hash Buckets": 1024, "Hash Batches": 1, "Original Hash Batches": 1, "Peak Memory Usage": 9, "Workers": [], "Plans": [{"Node Type": "Seq Scan", "Parent Relationship": "Outer", "Parallel Aware": false, "Async Capable": false, "Relation Name": "info_type", "Alias": "it2", "Startup Cost": 0.0, "Total Cost": 2.41, "Plan Rows": 1, "Plan Width": 4, "Actual Rows": 1, "Actual Loops": 4, "Filter": "((info)::text = 'release dates'::text)", "Rows Removed by Filter": 112, "Workers": []}]}]}, {"Node Type": "Hash", "Parent Relationship": "Inner", "Parallel Aware": true, "Async Capable": false, "Startup Cost": 15286.6, "Total Cost": 15286.6, "Plan Rows": 5089, "Plan Width": 9, "Actual Rows": 114981, "Actual Loops": 4, "Hash Buckets": 524288, "Original Hash Buckets": 16384, "Hash Batches": 1, "Original Hash Batches": 1, "Peak Memory Usage": 26240, "Workers": [], "Plans": [{"Node Type": "Hash Join", "Parent Relationship": "Outer", "Parallel Aware": false, "Async Capable": false, "Join Type": "Inner", "Startup Cost": 2.43, "Total Cost": 15286.6, "Plan Rows": 5089, "Plan Width": 9, "Actual Rows": 114981, "Actual Loops": 4, "Inner Unique": true, "Hash Cond": "(miidx.info_type_id = it.id)", "Workers": [], "Plans": [{"Node Type": "Seq Scan", "Parent Relationship": "Outer", "Parallel Aware": true, "Async Capable": false, "Relation Name": "movie_info_idx", "Alias": "miidx", "Startup Cost": 0.0, "Total Cost": 13718.15, "Plan Rows": 575015, "Plan Width": 13, "Actual Rows": 345009, "Actual Loops": 4, "Workers": []}, {"Node Type": "Hash", "Parent Relationship": "Inner", "Parallel Aware": false, "Async Capable": false, "Startup Cost": 2.41, "Total Cost": 2.41, "Plan Rows": 1, "Plan Width": 4, "Actual Rows": 1, "Actual Loops": 4, "Hash Buckets": 1024, "Original Hash Buckets": 1024, "Hash Batches": 1, "Original Hash Batches": 1, "Peak Memory Usage": 9, "Workers": [], "Plans": [{"Node Type": "Seq Scan", "Parent Relationship": "Outer", "Parallel Aware": false, "Async Capable": false, "Relation Name": "info_type", "Alias": "it", "Startup Cost": 0.0, "Total Cost": 2.41, "Plan Rows": 1, "Plan Width": 4, "Actual Rows": 1, "Actual Loops": 4, "Filter": "((info)::text = 'votes'::text)", "Rows Removed by Filter": 112, "Workers": []}]}]}]}]}, {"Node Type": "Index Scan", "Parent Relationship": "Inner", "Parallel Aware": false, "Async Capable": false, "Scan Direction": "Forward", "Index Name": "title_pkey", "Relation Name": "title", "Alias": "t", "Startup Cost": 0.43, "Total Cost": 0.46, "Plan Rows": 1, "Plan Width": 25, "Actual Rows": 0, "Actual Loops": 1118984, "Index Cond": "(id = mi.movie_id)", "Rows Removed by Index Recheck": 0, "Filter": "(((title)::text ~~ '%Champion%'::text) OR ((title)::text ~~ '%Freddy%'::text))", "Rows Removed by Filter": 1, "Workers": []}]}]}]}, {"Node Type": "Index Scan", "Parent Relationship": "Inner", "Parallel Aware": false, "Async Capable": false, "Scan Direction": "Forward", "Index Name": "company_name_pkey", "Relation Name": "company_name", "Alias": "cn", "Startup Cost": 0.42, "Total Cost": 0.45, "Plan Rows": 1, "Plan Width": 23, "Actual Rows": 0, "Actual Loops": 3845, "Index Cond": "(id = mc.company_id)", "Rows Removed by Index Recheck": 0, "Filter": "((country_code)::text = '[jp]'::text)", "Rows Removed by Filter": 1, "Workers": []}]}]}, {"Node Type": "Index Scan", "Parent Relationship": "Inner", "Parallel Aware": false, "Async Capable": false, "Scan Direction": "Forward", "Index Name": "company_type_pkey", "Relation Name": "company_type", "Alias": "ct", "Startup Cost": 0.13, "Total Cost": 0.15, "Plan Rows": 1, "Plan Width": 4, "Actual Rows": 0, "Actual Loops": 50, "Index Cond": "(id = mc.company_type_id)", "Rows Removed by Index Recheck": 0, "Filter": "((kind)::text = 'production companies'::text)", "Rows Removed by Filter": 1}]}]}]}, "Planning Time": 8.352, "Triggers": [], "Execution Time": 2532.642}, {"Plan": {"Node Type": "Aggregate", "Strategy": "Plain", "Partial Mode": "Simple", "Parallel Aware": false, "Async Capable": false, "Startup Cost": 251387.84, "Total Cost": 251387.85, "Plan Rows": 1, "Plan Width": 96, "Actual Rows": 1, "Actual Loops": 1, "Plans": [{"Node Type": "Nested Loop", "Parent Relationship": "Outer", "Parallel Aware": false, "Async Capable": false, "Join Type": "Inner", "Startup Cost": 48940.05, "Total Cost": 251387.84, "Plan Rows": 1, "Plan Width": 41, "Actual Rows": 14, "Actual Loops": 1, "Inner Unique": true, "Plans": [{"Node Type": "Nested Loop", "Parent Relationship": "Outer", "Parallel Aware": false, "Async Capable": false, "Join Type": "Inner", "Startup Cost": 48939.91, "Total Cost": 251387.65, "Plan Rows": 1, "Plan Width": 45, "Actual Rows": 36, "Actual Loops": 1, "Inner Unique": true, "Plans": [{"Node Type": "Gather", "Parent Relationship": "Outer", "Parallel Aware": false, "Async Capable": false, "Startup Cost": 48939.77, "Total Cost": 251387.43, "Plan Rows": 1, "Plan Width": 49, "Actual Rows": 44, "Actual Loops": 1, "Workers Planned": 5, "Workers Launched": 5, "Single Copy": false, "Plans": [{"Node Type": "Hash Join", "Parent Relationship": "Outer", "Parallel Aware": true, "Async Capable": false, "Join Type": "Inner", "Startup Cost": 47939.77, "Total Cost": 250387.33, "Plan Rows": 1, "Plan Width": 49, "Actual Rows": 7, "Actual Loops": 6, "Inner Unique": false, "Hash Cond": "(mi.movie_id = t.id)", "Workers": [], "Plans": [{"Node Type": "Seq Scan", "Parent Relationship": "Outer", "Parallel Aware": true, "Async Capable": false, "Relation Name": "movie_info", "Alias": "mi", "Startup Cost": 0.0, "Total Cost": 191320.4, "Plan Rows": 2967240, "Plan Width": 8, "Actual Rows": 2472620, "Actual Loops": 6, "Workers": []}, {"Node Type": "Hash", "Parent Relationship": "Inner", "Parallel Aware": true, "Async Capable": false, "Startup Cost": 47939.76, "Total Cost": 47939.76, "Plan Rows": 1, "Plan Width": 57, "Actual Rows": 1, "Actual Loops": 6, "Hash Buckets": 1024, "Original Hash Buckets": 1024, "Hash Batches": 1, "Original Hash Batches": 1, "Peak Memory Usage": 136, "Workers": [], "Plans": [{"Node Type": "Nested Loop", "Parent Relationship": "Outer", "Parallel Aware": false, "Async Capable": false, "Join Type": "Inner", "Startup Cost": 15352.13, "Total Cost": 47939.76, "Plan Rows": 1, "Plan Width": 57, "Actual Rows": 1, "Actual Loops": 6, "Inner Unique": true, "Workers": [], "Plans": [{"Node Type": "Nested Loop", "Parent Relationship": "Outer", "Parallel Aware": false, "Async Capable": false, "Join Type": "Inner", "Startup Cost": 15351.7, "Total Cost": 47875.09, "Plan Rows": 124, "Plan Width": 32, "Actual Rows": 3330, "Actual Loops": 6, "Inner Unique": true, "Workers": [], "Plans": [{"Node Type": "Hash Join", "Parent Relationship": "Outer", "Parallel Aware": false, "Async Capable": false, "Join Type": "Inner", "Startup Cost": 15351.28, "Total Cost": 45916.2, "Plan Rows": 4392, "Plan Width": 17, "Actual Rows": 97370, "Actual Loops": 6, "Inner Unique": true, "Hash Cond": "(mc.company_type_id = ct.id)", "Workers": [], "Plans": [{"Node Type": "Hash Join", "Parent Relationship": "Outer", "Parallel Aware": true, "Async Capable": false, "Join Type": "Inner", "Startup Cost": 15350.21, "Total Cost": 45820.16, "Plan Rows": 17566, "Plan Width": 21, "Actual Rows": 225814, "Actual Loops": 6, "Inner Unique": false, "Hash Cond": "(mc.movie_id = miidx.movie_id)", "Workers": [], "Plans": [{"Node Type": "Seq Scan", "Parent Relationship": "Outer", "Parallel Aware": true, "Async Capable": false, "Relation Name": "movie_companies", "Alias": "mc", "Startup Cost": 0.0, "Total Cost": 27240.55, "Plan Rows": 841655, "Plan Width": 12, "Actual Rows": 434855, "Actual Loops": 6, "Workers": []}, {"Node Type": "Hash", "Parent Relationship": "Inner", "Parallel Aware": true, "Async Capable": false, "Startup Cost": 15286.6, "Total Cost": 15286.6, "Plan Rows": 5089, "Plan Width": 9, "Actual Rows": 76654, "Actual Loops": 6, "Hash Buckets": 524288, "Original Hash Buckets": 16384, "Hash Batches": 1, "Original Hash Batches": 1, "Peak Memory Usage": 26304, "Workers": [], "Plans": [{"Node Type": "Hash Join", "Parent Relationship": "Outer", "Parallel Aware": false, "Async Capable": false, "Join Type": "Inner", "Startup Cost": 2.43, "Total Cost": 15286.6, "Plan Rows": 5089, "Plan Width": 9, "Actual Rows": 76654, "Actual Loops": 6, "Inner Unique": true, "Hash Cond": "(miidx.info_type_id = it.id)", "Workers": [], "Plans": [{"Node Type": "Seq Scan", "Parent Relationship": "Outer", "Parallel Aware": true, "Async Capable": false, "Relation Name": "movie_info_idx", "Alias": "miidx", "Startup Cost": 0.0, "Total Cost": 13718.15, "Plan Rows": 575015, "Plan Width": 13, "Actual Rows": 230006, "Actual Loops": 6, "Workers": []}, {"Node Type": "Hash", "Parent Relationship": "Inner", "Parallel Aware": false, "Async Capable": false, "Startup Cost": 2.41, "Total Cost": 2.41, "Plan Rows": 1, "Plan Width": 4, "Actual Rows": 1, "Actual Loops": 6, "Hash Buckets": 1024, "Original Hash Buckets": 1024, "Hash Batches": 1, "Original Hash Batches": 1, "Peak Memory Usage": 9, "Workers": [], "Plans": [{"Node Type": "Seq Scan", "Parent Relationship": "Outer", "Parallel Aware": false, "Async Capable": false, "Relation Name": "info_type", "Alias": "it", "Startup Cost": 0.0, "Total Cost": 2.41, "Plan Rows": 1, "Plan Width": 4, "Actual Rows": 1, "Actual Loops": 6, "Filter": "((info)::text = 'votes'::text)", "Rows Removed by Filter": 112, "Workers": []}]}]}]}]}, {"Node Type": "Hash", "Parent Relationship": "Inner", "Parallel Aware": false, "Async Capable": false, "Startup Cost": 1.05, "Total Cost": 1.05, "Plan Rows": 1, "Plan Width": 4, "Actual Rows": 1, "Actual Loops": 6, "Hash Buckets": 1024, "Original Hash Buckets": 1024, "Hash Batches": 1, "Original Hash Batches": 1, "Peak Memory Usage": 9, "Workers": [], "Plans": [{"Node Type": "Seq Scan", "Parent Relationship": "Outer", "Parallel Aware": false, "Async Capable": false, "Relation Name": "company_type", "Alias": "ct", "Startup Cost": 0.0, "Total Cost": 1.05, "Plan Rows": 1, "Plan Width": 4, "Actual Rows": 1, "Actual Loops": 6, "Filter": "((kind)::text = 'production companies'::text)", "Rows Removed by Filter": 3, "Workers": []}]}]}, {"Node Type": "Index Scan", "Parent Relationship": "Inner", "Parallel Aware": false, "Async Capable": false, "Scan Direction": "Forward", "Index Name": "company_name_pkey", "Relation Name": "company_name", "Alias": "cn", "Startup Cost": 0.42, "Total Cost": 0.45, "Plan Rows": 1, "Plan Width": 23, "Actual Rows": 0, "Actual Loops": 584222, "Index Cond": "(id = mc.company_id)", "Rows Removed by Index Recheck": 0, "Filter": "((country_code)::text = '[jp]'::text)", "Rows Removed by Filter": 1, "Workers": []}]}, {"Node Type": "Index Scan", "Parent Relationship": "Inner", "Parallel Aware": false, "Async Capable": false, "Scan Direction": "Forward", "Index Name": "title_pkey", "Relation Name": "title", "Alias": "t", "Startup Cost": 0.43, "Total Cost": 0.52, "Plan Rows": 1, "Plan Width": 25, "Actual Rows": 0, "Actual Loops": 19983, "Index Cond": "(id = mc.movie_id)", "Rows Removed by Index Recheck": 0, "Filter": "(((title)::text ~~ '%Champion%'::text) OR ((title)::text ~~ '%Freddy%'::text))", "Rows Removed by Filter": 1, "Workers": []}]}]}]}]}, {"Node Type": "Index Scan", "Parent Relationship": "Inner", "Parallel Aware": false, "Async Capable": false, "Scan Direction": "Forward", "Index Name": "kind_type_pkey", "Relation Name": "kind_type", "Alias": "kt", "Startup Cost": 0.13, "Total Cost": 0.18, "Plan Rows": 1, "Plan Width": 4, "Actual Rows": 1, "Actual Loops": 44, "Index Cond": "(id = t.kind_id)", "Rows Removed by Index Recheck": 0, "Filter": "((kind)::text = 'video game'::text)", "Rows Removed by Filter": 0}]}, {"Node Type": "Index Scan", "Parent Relationship": "Inner", "Parallel Aware": false, "Async Capable": false, "Scan Direction": "Forward", "Index Name": "info_type_pkey", "Relation Name": "info_type", "Alias": "it2", "Startup Cost": 0.14, "Total Cost": 0.16, "Plan Rows": 1, "Plan Width": 4, "Actual Rows": 0, "Actual Loops": 36, "Index Cond": "(id = mi.info_type_id)", "Rows Removed by Index Recheck": 0, "Filter": "((info)::text = 'release dates'::text)", "Rows Removed by Filter": 1}]}]}, "Planning Time": 6.607, "Triggers": [], "Execution Time": 1200.045}, {"Plan": {"Node Type": "Aggregate", "Strategy": "Plain", "Partial Mode": "Finalize", "Parallel Aware": false, "Async Capable": false, "Startup Cost": 251245.34, "Total Cost": 251245.35, "Plan Rows": 1, "Plan Width": 96, "Actual Rows": 1, "Actual Loops": 1, "Plans": [{"Node Type": "Gather", "Parent Relationship": "Outer", "Parallel Aware": false, "Async Capable": false, "Startup Cost": 251245.22, "Total Cost": 251245.33, "Plan Rows": 1, "Plan Width": 96, "Actual Rows": 2, "Actual Loops": 1, "Workers Planned": 1, "Workers Launched": 1, "Single Copy": false, "Plans": [{"Node Type": "Aggregate", "Strategy": "Plain", "Partial Mode": "Partial", "Parent Relationship": "Outer", "Parallel Aware": false, "Async Capable": false, "Startup Cost": 250245.22, "Total Cost": 250245.23, "Plan Rows": 1, "Plan Width": 96, "Actual Rows": 1, "Actual Loops": 2, "Workers": [], "Plans": [{"Node Type": "Hash Join", "Parent Relationship": "Outer", "Parallel Aware": true, "Async Capable": false, "Join Type": "Inner", "Startup Cost": 245462.63, "Total Cost": 250245.22, "Plan Rows": 1, "Plan Width": 41, "Actual Rows": 7, "Actual Loops": 2, "Inner Unique": false, "Hash Cond": "(cn.id = mc.company_id)", "Workers": [], "Plans": [{"Node Type": "Seq Scan", "Parent Relationship": "Outer", "Parallel Aware": true, "Async Capable": false, "Relation Name": "company_name", "Alias": "cn", "Startup Cost": 0.0, "Total Cost": 4767.92, "Plan Rows": 3908, "Plan Width": 23, "Actual Rows": 3376, "Actual Loops": 2, "Filter": "((country_code)::text = '[jp]'::text)", "Rows Removed by Filter": 114122, "Workers": []}, {"Node Type": "Hash", "Parent Relationship": "Inner", "Parallel Aware": true, "Async Capable": false, "Startup Cost": 245462.62, "Total Cost": 245462.62, "Plan Rows": 1, "Plan Width": 26, "Actual Rows": 18, "Actual Loops": 2, "Hash Buckets": 1024, "Original Hash Buckets": 1024, "Hash Batches": 1, "Original Hash Batches": 1, "Peak Memory Usage": 72, "Workers": [], "Plans": [{"Node Type": "Nested Loop", "Parent Relationship": "Outer", "Parallel Aware": false, "Async Capable": false, "Join Type": "Inner", "Startup Cost": 215065.76, "Total Cost": 245462.62, "Plan Rows": 1, "Plan Width": 26, "Actual Rows": 18, "Actual Loops": 2, "Inner Unique": true, "Workers": [], "Plans": [{"Node Type": "Nested Loop", "Parent Relationship": "Outer", "Parallel Aware": false, "Async Capable": false, "Join Type": "Inner", "Startup Cost": 215065.63, "Total Cost": 245462.45, "Plan Rows": 1, "Plan Width": 30, "Actual Rows": 48, "Actual Loops": 2, "Inner Unique": true, "Workers": [], "Plans": [{"Node Type": "Hash Join", "Parent Relationship": "Outer", "Parallel Aware": true, "Async Capable": false, "Join Type": "Inner", "Startup Cost": 215065.49, "Total Cost": 245462.25, "Plan Rows": 1, "Plan Width": 34, "Actual Rows": 1922, "Actual Loops": 2, "Inner Unique": false, "Hash Cond": "(mc.movie_id = mi.movie_id)", "Workers": [], "Plans": [{"Node Type": "Seq Scan", "Parent Relationship": "Outer", "Parallel Aware": true, "Async Capable": false, "Relation Name": "movie_companies", "Alias": "mc", "Startup Cost": 0.0, "Total Cost": 27240.55, "Plan Rows": 841655, "Plan Width": 12, "Actual Rows": 1304564, "Actual Loops": 2, "Workers": []}, {"Node Type": "Hash", "Parent Relationship": "Inner", "Parallel Aware": true, "Async Capable": false, "Startup Cost": 215065.48, "Total Cost": 215065.48, "Plan Rows": 1, "Plan Width": 38, "Actual Rows": 250, "Actual Loops": 2, "Hash Buckets": 1024, "Original Hash Buckets": 1024, "Hash Batches": 1, "Original Hash Batches": 1, "Peak Memory Usage": 72, "Workers": [], "Plans": [{"Node Type": "Nested Loop", "Parent Relationship": "Outer", "Parallel Aware": false, "Async Capable": false, "Join Type": "Inner", "Startup Cost": 15353.07, "Total Cost": 215065.48, "Plan Rows": 1, "Plan Width": 38, "Actual Rows": 250, "Actual Loops": 2, "Inner Unique": true, "Workers": [], "Plans": [{"Node Type": "Hash Join", "Parent Relationship": "Outer", "Parallel Aware": true, "Async Capable": false, "Join Type": "Inner", "Startup Cost": 15352.64, "Total Cost": 214854.53, "Plan Rows": 454, "Plan Width": 13, "Actual Rows": 559492, "Actual Loops": 2, "Inner Unique": false, "Hash Cond": "(mi.movie_id = miidx.movie_id)", "Workers": [], "Plans": [{"Node Type": "Hash Join", "Parent Relationship": "Outer", "Parallel Aware": false, "Async Capable": false, "Join Type": "Inner", "Startup Cost": 2.43, "Total Cost": 199403.96, "Plan Rows": 26259, "Plan Width": 4, "Actual Rows": 1518360, "Actual Loops": 2, "Inner Unique": true, "Hash Cond": "(mi.info_type_id = it2.id)", "Workers": [], "Plans": [{"Node Type": "Seq Scan", "Parent Relationship": "Outer", "Parallel Aware": true, "Async Capable": false, "Relation Name": "movie_info", "Alias": "mi", "Startup Cost": 0.0, "Total Cost": 191320.4, "Plan Rows": 2967240, "Plan Width": 8, "Actual Rows": 7417860, "Actual Loops": 2, "Workers": []}, {"Node Type": "Hash", "Parent Relationship": "Inner", "Parallel Aware": false, "Async Capable": false, "Startup Cost": 2.41, "Total Cost": 2.41, "Plan Rows": 1, "Plan Width": 4, "Actual Rows": 1, "Actual Loops": 2, "Hash Buckets": 1024, "Original Hash Buckets": 1024, "Hash Batches": 1, "Original Hash Batches": 1, "Peak Memory Usage": 9, "Workers": [], "Plans": [{"Node Type": "Seq Scan", "Parent Relationship": "Outer", "Parallel Aware": false, "Async Capable": false, "Relation Name": "info_type", "Alias": "it2", "Startup Cost": 0.0, "Total Cost": 2.41, "Plan Rows": 1, "Plan Width": 4, "Actual Rows": 1, "Actual Loops": 2, "Filter": "((info)::text = 'release dates'::text)", "Rows Removed by Filter": 112, "Workers": []}]}]}, {"Node Type": "Hash", "Parent Relationship": "Inner", "Parallel Aware": true, "Async Capable": false, "Startup Cost": 15286.6, "Total Cost": 15286.6, "Plan Rows": 5089, "Plan Width": 9, "Actual Rows": 229962, "Actual Loops": 2, "Hash Buckets": 524288, "Original Hash Buckets": 16384, "Hash Batches": 1, "Original Hash Batches": 1, "Peak Memory Usage": 26272, "Workers": [], "Plans": [{"Node Type": "Hash Join", "Parent Relationship": "Outer", "Parallel Aware": false, "Async Capable": false, "Join Type": "Inner", "Startup Cost": 2.43, "Total Cost": 15286.6, "Plan Rows": 5089, "Plan Width": 9, "Actual Rows": 229962, "Actual Loops": 2, "Inner Unique": true, "Hash Cond": "(miidx.info_type_id = it.id)", "Workers": [], "Plans": [{"Node Type": "Seq Scan", "Parent Relationship": "Outer", "Parallel Aware": true, "Async Capable": false, "Relation Name": "movie_info_idx", "Alias": "miidx", "Startup Cost": 0.0, "Total Cost": 13718.15, "Plan Rows": 575015, "Plan Width": 13, "Actual Rows": 690018, "Actual Loops": 2, "Workers": []}, {"Node Type": "Hash", "Parent Relationship": "Inner", "Parallel Aware": false, "Async Capable": false, "Startup Cost": 2.41, "Total Cost": 2.41, "Plan Rows": 1, "Plan Width": 4, "Actual Rows": 1, "Actual Loops": 2, "Hash Buckets": 1024, "Original Hash Buckets": 1024, "Hash Batches": 1, "Original Hash Batches": 1, "Peak Memory Usage": 9, "Workers": [], "Plans": [{"Node Type": "Seq Scan", "Parent Relationship": "Outer", "Parallel Aware": false, "Async Capable": false, "Relation Name": "info_type", "Alias": "it", "Startup Cost": 0.0, "Total Cost": 2.41, "Plan Rows": 1, "Plan Width": 4, "Actual Rows": 1, "Actual Loops": 2, "Filter": "((info)::text = 'votes'::text)", "Rows Removed by Filter": 112, "Workers": []}]}]}]}]}, {"Node Type": "Index Scan", "Parent Relationship": "Inner", "Parallel Aware": false, "Async Capable": false, "Scan Direction": "Forward", "Index Name": "title_pkey", "Relation Name": "title", "Alias": "t", "Startup Cost": 0.43, "Total Cost": 0.46, "Plan Rows": 1, "Plan Width": 25, "Actual Rows": 0, "Actual Loops": 1118984, "Index Cond": "(id = mi.movie_id)", "Rows Removed by Index Recheck": 0, "Filter": "(((title)::text ~~ '%Champion%'::text) OR ((title)::text ~~ '%Freddy%'::text))", "Rows Removed by Filter": 1, "Workers": []}]}]}]}, {"Node Type": "Memoize", "Parent Relationship": "Inner", "Parallel Aware": false, "Async Capable": false, "Startup Cost": 0.14, "Total Cost": 0.19, "Plan Rows": 1, "Plan Width": 4, "Actual Rows": 0, "Actual Loops": 3845, "Cache Key": "t.kind_id", "Cache Mode": "logical", "Cache Hits": 2858, "Cache Misses": 6, "Cache Evictions": 0, "Cache Overflows": 0, "Peak Memory Usage": 1, "Workers": [{"Worker Number": 0, "Cache Hits": 975, "Cache Misses": 6, "Cache Evictions": 0, "Cache Overflows": 0, "Peak Memory Usage": 1}], "Plans": [{"Node Type": "Index Scan", "Parent Relationship": "Outer", "Parallel Aware": false, "Async Capable": false, "Scan Direction": "Forward", "Index Name": "kind_type_pkey", "Relation Name": "kind_type", "Alias": "kt", "Startup Cost": 0.13, "Total Cost": 0.18, "Plan Rows": 1, "Plan Width": 4, "Actual Rows": 0, "Actual Loops": 12, "Index Cond": "(id = t.kind_id)", "Rows Removed by Index Recheck": 0, "Filter": "((kind)::text = 'video game'::text)", "Rows Removed by Filter": 1, "Workers": []}]}]}, {"Node Type": "Index Scan", "Parent Relationship": "Inner", "Parallel Aware": false, "Async Capable": false, "Scan Direction": "Forward", "Index Name": "company_type_pkey", "Relation Name": "company_type", "Alias": "ct", "Startup Cost": 0.13, "Total Cost": 0.15, "Plan Rows": 1, "Plan Width": 4, "Actual Rows": 0, "Actual Loops": 95, "Index Cond": "(id = mc.company_type_id)", "Rows Removed by Index Recheck": 0, "Filter": "((kind)::text = 'production companies'::text)", "Rows Removed by Filter": 1, "Workers": []}]}]}]}]}]}]}, "Planning Time": 8.387, "Triggers": [], "Execution Time": 5434.949}, {"Plan": {"Node Type": "Aggregate", "Strategy": "Plain", "Partial Mode": "Finalize", "Parallel Aware": false, "Async Capable": false, "Startup Cost": 250811.62, "Total Cost": 250811.63, "Plan Rows": 1, "Plan Width": 96, "Actual Rows": 1, "Actual Loops": 1, "Plans": [{"Node Type": "Gather", "Parent Relationship": "Outer", "Parallel Aware": false, "Async Capable": false, "Startup Cost": 250811.08, "Total Cost": 250811.59, "Plan Rows": 5, "Plan Width": 96, "Actual Rows": 6, "Actual Loops": 1, "Workers Planned": 5, "Workers Launched": 5, "Single Copy": false, "Plans": [{"Node Type": "Aggregate", "Strategy": "Plain", "Partial Mode": "Partial", "Parent Relationship": "Outer", "Parallel Aware": false, "Async Capable": false, "Startup Cost": 249811.08, "Total Cost": 249811.09, "Plan Rows": 1, "Plan Width": 96, "Actual Rows": 1, "Actual Loops": 6, "Workers": [], "Plans": [{"Node Type": "Hash Join", "Parent Relationship": "Outer", "Parallel Aware": true, "Async Capable": false, "Join Type": "Inner", "Startup Cost": 49823.98, "Total Cost": 249811.07, "Plan Rows": 1, "Plan Width": 41, "Actual Rows": 2, "Actual Loops": 6, "Inner Unique": false, "Hash Cond": "(mi.movie_id = miidx.movie_id)", "Workers": [], "Plans": [{"Node Type": "Nested Loop", "Parent Relationship": "Outer", "Parallel Aware": false, "Async Capable": false, "Join Type": "Inner", "Startup Cost": 34473.76, "Total Cost": 234460.84, "Plan Rows": 1, "Plan Width": 48, "Actual Rows": 4, "Actual Loops": 6, "Inner Unique": true, "Workers": [], "Plans": [{"Node Type": "Nested Loop", "Parent Relationship": "Outer", "Parallel Aware": false, "Async Capable": false, "Join Type": "Inner", "Startup Cost": 34473.63, "Total Cost": 234460.62, "Plan Rows": 1, "Plan Width": 52, "Actual Rows": 6, "Actual Loops": 6, "Inner Unique": true, "Workers": [], "Plans": [{"Node Type": "Hash Join", "Parent Relationship": "Outer", "Parallel Aware": true, "Async Capable": false, "Join Type": "Inner", "Startup Cost": 34473.2, "Total Cost": 234139.55, "Plan Rows": 691, "Plan Width": 27, "Actual Rows": 17430, "Actual Loops": 6, "Inner Unique": false, "Hash Cond": "(mi.movie_id = mc.movie_id)", "Workers": [], "Plans": [{"Node Type": "Hash Join", "Parent Relationship": "Outer", "Parallel Aware": false, "Async Capable": false, "Join Type": "Inner", "Startup Cost": 2.43, "Total Cost": 199403.96, "Plan Rows": 26259, "Plan Width": 4, "Actual Rows": 506120, "Actual Loops": 6, "Inner Unique": true, "Hash Cond": "(mi.info_type_id = it2.id)", "Workers": [], "Plans": [{"Node Type": "Seq Scan", "Parent Relationship": "Outer", "Parallel Aware": true, "Async Capable": false, "Relation Name": "movie_info", "Alias": "mi", "Startup Cost": 0.0, "Total Cost": 191320.4, "Plan Rows": 2967240, "Plan Width": 8, "Actual Rows": 2472620, "Actual Loops": 6, "Workers": []}, {"Node Type": "Hash", "Parent Relationship": "Inner", "Parallel Aware": false, "Async Capable": false, "Startup Cost": 2.41, "Total Cost": 2.41, "Plan Rows": 1, "Plan Width": 4, "Actual Rows": 1, "Actual Loops": 6, "Hash Buckets": 1024, "Original Hash Buckets": 1024, "Hash Batches": 1, "Original Hash Batches": 1, "Peak Memory Usage": 9, "Workers": [], "Plans": [{"Node Type": "Seq Scan", "Parent Relationship": "Outer", "Parallel Aware": false, "Async Capable": false, "Relation Name": "info_type", "Alias": "it2", "Startup Cost": 0.0, "Total Cost": 2.41, "Plan Rows": 1, "Plan Width": 4, "Actual Rows": 1, "Actual Loops": 6, "Filter": "((info)::text = 'release dates'::text)", "Rows Removed by Filter": 112, "Workers": []}]}]}, {"Node Type": "Hash", "Parent Relationship": "Inner", "Parallel Aware": true, "Async Capable": false, "Startup Cost": 34396.41, "Total Cost": 34396.41, "Plan Rows": 5949, "Plan Width": 23, "Actual Rows": 8565, "Actual Loops": 6, "Hash Buckets": 65536, "Original Hash Buckets": 32768, "Hash Batches": 1, "Original Hash Batches": 1, "Peak Memory Usage": 3680, "Workers": [], "Plans": [{"Node Type": "Hash Join", "Parent Relationship": "Outer", "Parallel Aware": false, "Async Capable": false, "Join Type": "Inner", "Startup Cost": 4817.83, "Total Cost": 34396.41, "Plan Rows": 5949, "Plan Width": 23, "Actual Rows": 8565, "Actual Loops": 6, "Inner Unique": true, "Hash Cond": "(mc.company_type_id = ct.id)", "Workers": [], "Plans": [{"Node Type": "Hash Join", "Parent Relationship": "Outer", "Parallel Aware": true, "Async Capable": false, "Join Type": "Inner", "Startup Cost": 4816.77, "Total Cost": 34266.7, "Plan Rows": 23796, "Plan Width": 27, "Actual Rows": 17499, "Actual Loops": 6, "Inner Unique": true, "Hash Cond": "(mc.company_id = cn.id)", "Workers": [], "Plans": [{"Node Type": "Seq Scan", "Parent Relationship": "Outer", "Parallel Aware": true, "Async Capable": false, "Relation Name": "movie_companies", "Alias": "mc", "Startup Cost": 0.0, "Total Cost": 27240.55, "Plan Rows": 841655, "Plan Width": 12, "Actual Rows": 434855, "Actual Loops": 6, "Workers": []}, {"Node Type": "Hash", "Parent Relationship": "Inner", "Parallel Aware": true, "Async Capable": false, "Startup Cost": 4767.92, "Total Cost": 4767.92, "Plan Rows": 3908, "Plan Width": 23, "Actual Rows": 1125, "Actual Loops": 6, "Hash Buckets": 8192, "Original Hash Buckets": 8192, "Hash Batches": 1, "Original Hash Batches": 1, "Peak Memory Usage": 512, "Workers": [], "Plans": [{"Node Type": "Seq Scan", "Parent Relationship": "Outer", "Parallel Aware": true, "Async Capable": false, "Relation Name": "company_name", "Alias": "cn", "Startup Cost": 0.0, "Total Cost": 4767.92, "Plan Rows": 3908, "Plan Width": 23, "Actual Rows": 1125, "Actual Loops": 6, "Filter": "((country_code)::text = '[jp]'::text)", "Rows Removed by Filter": 38041, "Workers": []}]}]}, {"Node Type": "Hash", "Parent Relationship": "Inner", "Parallel Aware": false, "Async Capable": false, "Startup Cost": 1.05, "Total Cost": 1.05, "Plan Rows": 1, "Plan Width": 4, "Actual Rows": 1, "Actual Loops": 6, "Hash Buckets": 1024, "Original Hash Buckets": 1024, "Hash Batches": 1, "Original Hash Batches": 1, "Peak Memory Usage": 9, "Workers": [], "Plans": [{"Node Type": "Seq Scan", "Parent Relationship": "Outer", "Parallel Aware": false, "Async Capable": false, "Relation Name": "company_type", "Alias": "ct", "Startup Cost": 0.0, "Total Cost": 1.05, "Plan Rows": 1, "Plan Width": 4, "Actual Rows": 1, "Actual Loops": 6, "Filter": "((kind)::text = 'production companies'::text)", "Rows Removed by Filter": 3, "Workers": []}]}]}]}]}, {"Node Type": "Index Scan", "Parent Relationship": "Inner", "Parallel Aware": false, "Async Capable": false, "Scan Direction": "Forward", "Index Name": "title_pkey", "Relation Name": "title", "Alias": "t", "Startup Cost": 0.43, "Total Cost": 0.46, "Plan Rows": 1, "Plan Width": 25, "Actual Rows": 0, "Actual Loops": 104578, "Index Cond": "(id = mi.movie_id)", "Rows Removed by Index Recheck": 0, "Filter": "(((title)::text ~~ '%Champion%'::text) OR ((title)::text ~~ '%Freddy%'::text))", "Rows Removed by Filter": 1, "Workers": []}]}, {"Node Type": "Index Scan", "Parent Relationship": "Inner", "Parallel Aware": false, "Async Capable": false, "Scan Direction": "Forward", "Index Name": "kind_type_pkey", "Relation Name": "kind_type", "Alias": "kt", "Startup Cost": 0.13, "Total Cost": 0.18, "Plan Rows": 1, "Plan Width": 4, "Actual Rows": 1, "Actual Loops": 33, "Index Cond": "(id = t.kind_id)", "Rows Removed by Index Recheck": 0, "Filter": "((kind)::text = 'video game'::text)", "Rows Removed by Filter": 0, "Workers": []}]}, {"Node Type": "Hash", "Parent Relationship": "Inner", "Parallel Aware": true, "Async Capable": false, "Startup Cost": 15286.6, "Total Cost": 15286.6, "Plan Rows": 5089, "Plan Width": 9, "Actual Rows": 76654, "Actual Loops": 6, "Hash Buckets": 524288, "Original Hash Buckets": 16384, "Hash Batches": 1, "Original Hash Batches": 1, "Peak Memory Usage": 26304, "Workers": [], "Plans": [{"Node Type": "Hash Join", "Parent Relationship": "Outer", "Parallel Aware": false, "Async Capable": false, "Join Type": "Inner", "Startup Cost": 2.43, "Total Cost": 15286.6, "Plan Rows": 5089, "Plan Width": 9, "Actual Rows": 76654, "Actual Loops": 6, "Inner Unique": true, "Hash Cond": "(miidx.info_type_id = it.id)", "Workers": [], "Plans": [{"Node Type": "Seq Scan", "Parent Relationship": "Outer", "Parallel Aware": true, "Async Capable": false, "Relation Name": "movie_info_idx", "Alias": "miidx", "Startup Cost": 0.0, "Total Cost": 13718.15, "Plan Rows": 575015, "Plan Width": 13, "Actual Rows": 230006, "Actual Loops": 6, "Workers": []}, {"Node Type": "Hash", "Parent Relationship": "Inner", "Parallel Aware": false, "Async Capable": false, "Startup Cost": 2.41, "Total Cost": 2.41, "Plan Rows": 1, "Plan Width": 4, "Actual Rows": 1, "Actual Loops": 6, "Hash Buckets": 1024, "Original Hash Buckets": 1024, "Hash Batches": 1, "Original Hash Batches": 1, "Peak Memory Usage": 9, "Workers": [], "Plans": [{"Node Type": "Seq Scan", "Parent Relationship": "Outer", "Parallel Aware": false, "Async Capable": false, "Relation Name": "info_type", "Alias": "it", "Startup Cost": 0.0, "Total Cost": 2.41, "Plan Rows": 1, "Plan Width": 4, "Actual Rows": 1, "Actual Loops": 6, "Filter": "((info)::text = 'votes'::text)", "Rows Removed by Filter": 112, "Workers": []}]}]}]}]}]}]}]}, "Planning Time": 6.181, "Triggers": [], "Execution Time": 757.872}, {"Plan": {"Node Type": "Aggregate", "Strategy": "Plain", "Partial Mode": "Finalize", "Parallel Aware": false, "Async Capable": false, "Startup Cost": 253359.63, "Total Cost": 253359.64, "Plan Rows": 1, "Plan Width": 96, "Actual Rows": 1, "Actual Loops": 1, "Plans": [{"Node Type": "Gather", "Parent Relationship": "Outer", "Parallel Aware": false, "Async Capable": false, "Startup Cost": 253359.3, "Total Cost": 253359.61, "Plan Rows": 3, "Plan Width": 96, "Actual Rows": 4, "Actual Loops": 1, "Workers Planned": 3, "Workers Launched": 3, "Single Copy": false, "Plans": [{"Node Type": "Aggregate", "Strategy": "Plain", "Partial Mode": "Partial", "Parent Relationship": "Outer", "Parallel Aware": false, "Async Capable": false, "Startup Cost": 252359.3, "Total Cost": 252359.31, "Plan Rows": 1, "Plan Width": 96, "Actual Rows": 1, "Actual Loops": 4, "Workers": [], "Plans": [{"Node Type": "Hash Join", "Parent Relationship": "Outer", "Parallel Aware": true, "Async Capable": false, "Join Type": "Inner", "Startup Cost": 219678.61, "Total Cost": 252359.29, "Plan Rows": 1, "Plan Width": 41, "Actual Rows": 4, "Actual Loops": 4, "Inner Unique": false, "Hash Cond": "(t.id = mi.movie_id)", "Workers": [], "Plans": [{"Node Type": "Nested Loop", "Parent Relationship": "Outer", "Parallel Aware": false, "Async Capable": false, "Join Type": "Inner", "Startup Cost": 4818.4, "Total Cost": 37499.05, "Plan Rows": 1, "Plan Width": 44, "Actual Rows": 4, "Actual Loops": 4, "Inner Unique": true, "Workers": [], "Plans": [{"Node Type": "Nested Loop", "Parent Relationship": "Outer", "Parallel Aware": false, "Async Capable": false, "Join Type": "Inner", "Startup Cost": 4818.26, "Total Cost": 37498.85, "Plan Rows": 1, "Plan Width": 48, "Actual Rows": 6, "Actual Loops": 4, "Inner Unique": true, "Workers": [], "Plans": [{"Node Type": "Hash Join", "Parent Relationship": "Outer", "Parallel Aware": false, "Async Capable": false, "Join Type": "Inner", "Startup Cost": 4817.83, "Total Cost": 34396.41, "Plan Rows": 5949, "Plan Width": 23, "Actual Rows": 12848, "Actual Loops": 4, "Inner Unique": true, "Hash Cond": "(mc.company_type_id = ct.id)", "Workers": [], "Plans": [{"Node Type": "Hash Join", "Parent Relationship": "Outer", "Parallel Aware": true, "Async Capable": false, "Join Type": "Inner", "Startup Cost": 4816.77, "Total Cost": 34266.7, "Plan Rows": 23796, "Plan Width": 27, "Actual Rows": 26249, "Actual Loops": 4, "Inner Unique": true, "Hash Cond": "(mc.company_id = cn.id)", "Workers": [], "Plans": [{"Node Type": "Seq Scan", "Parent Relationship": "Outer", "Parallel Aware": true, "Async Capable": false, "Relation Name": "movie_companies", "Alias": "mc", "Startup Cost": 0.0, "Total Cost": 27240.55, "Plan Rows": 841655, "Plan Width": 12, "Actual Rows": 652282, "Actual Loops": 4, "Workers": []}, {"Node Type": "Hash", "Parent Relationship": "Inner", "Parallel Aware": true, "Async Capable": false, "Startup Cost": 4767.92, "Total Cost": 4767.92, "Plan Rows": 3908, "Plan Width": 23, "Actual Rows": 1688, "Actual Loops": 4, "Hash Buckets": 8192, "Original Hash Buckets": 8192, "Hash Batches": 1, "Original Hash Batches": 1, "Peak Memory Usage": 480, "Workers": [], "Plans": [{"Node Type": "Seq Scan", "Parent Relationship": "Outer", "Parallel Aware": true, "Async Capable": false, "Relation Name": "company_name", "Alias": "cn", "Startup Cost": 0.0, "Total Cost": 4767.92, "Plan Rows": 3908, "Plan Width": 23, "Actual Rows": 1688, "Actual Loops": 4, "Filter": "((country_code)::text = '[jp]'::text)", "Rows Removed by Filter": 57061, "Workers": []}]}]}, {"Node Type": "Hash", "Parent Relationship": "Inner", "Parallel Aware": false, "Async Capable": false, "Startup Cost": 1.05, "Total Cost": 1.05, "Plan Rows": 1, "Plan Width": 4, "Actual Rows": 1, "Actual Loops": 4, "Hash Buckets": 1024, "Original Hash Buckets": 1024, "Hash Batches": 1, "Original Hash Batches": 1, "Peak Memory Usage": 9, "Workers": [], "Plans": [{"Node Type": "Seq Scan", "Parent Relationship": "Outer", "Parallel Aware": false, "Async Capable": false, "Relation Name": "company_type", "Alias": "ct", "Startup Cost": 0.0, "Total Cost": 1.05, "Plan Rows": 1, "Plan Width": 4, "Actual Rows": 1, "Actual Loops": 4, "Filter": "((kind)::text = 'production companies'::text)", "Rows Removed by Filter": 3, "Workers": []}]}]}, {"Node Type": "Index Scan", "Parent Relationship": "Inner", "Parallel Aware": false, "Async Capable": false, "Scan Direction": "Forward", "Index Name": "title_pkey", "Relation Name": "title", "Alias": "t", "Startup Cost": 0.43, "Total Cost": 0.52, "Plan Rows": 1, "Plan Width": 25, "Actual Rows": 0, "Actual Loops": 51391, "Index Cond": "(id = mc.movie_id)", "Rows Removed by Index Recheck": 0, "Filter": "(((title)::text ~~ '%Champion%'::text) OR ((title)::text ~~ '%Freddy%'::text))", "Rows Removed by Filter": 1, "Workers": []}]}, {"Node Type": "Memoize", "Parent Relationship": "Inner", "Parallel Aware": false, "Async Capable": false, "Startup Cost": 0.14, "Total Cost": 0.19, "Plan Rows": 1, "Plan Width": 4, "Actual Rows": 1, "Actual Loops": 22, "Cache Key": "t.kind_id", "Cache Mode": "logical", "Cache Hits": 4, "Cache Misses": 2, "Cache Evictions": 0, "Cache Overflows": 0, "Peak Memory Usage": 1, "Workers": [{"Worker Number": 0, "Cache Hits": 10, "Cache Misses": 2, "Cache Evictions": 0, "Cache Overflows": 0, "Peak Memory Usage": 1}, {"Worker Number": 1, "Cache Hits": 0, "Cache Misses": 1, "Cache Evictions": 0, "Cache Overflows": 0, "Peak Memory Usage": 1}, {"Worker Number": 2, "Cache Hits": 1, "Cache Misses": 2, "Cache Evictions": 0, "Cache Overflows": 0, "Peak Memory Usage": 1}], "Plans": [{"Node Type": "Index Scan", "Parent Relationship": "Outer", "Parallel Aware": false, "Async Capable": false, "Scan Direction": "Forward", "Index Name": "kind_type_pkey", "Relation Name": "kind_type", "Alias": "kt", "Startup Cost": 0.13, "Total Cost": 0.18, "Plan Rows": 1, "Plan Width": 4, "Actual Rows": 1, "Actual Loops": 7, "Index Cond": "(id = t.kind_id)", "Rows Removed by Index Recheck": 0, "Filter": "((kind)::text = 'video game'::text)", "Rows Removed by Filter": 0, "Workers": []}]}]}, {"Node Type": "Hash", "Parent Relationship": "Inner", "Parallel Aware": true, "Async Capable": false, "Startup Cost": 214854.53, "Total Cost": 214854.53, "Plan Rows": 454, "Plan Width": 13, "Actual Rows": 279746, "Actual Loops": 4, "Hash Buckets": 2097152, "Original Hash Buckets": 4096, "Hash Batches": 1, "Original Hash Batches": 1, "Peak Memory Usage": 85312, "Workers": [], "Plans": [{"Node Type": "Hash Join", "Parent Relationship": "Outer", "Parallel Aware": true, "Async Capable": false, "Join Type": "Inner", "Startup Cost": 15352.64, "Total Cost": 214854.53, "Plan Rows": 454, "Plan Width": 13, "Actual Rows": 279746, "Actual Loops": 4, "Inner Unique": false, "Hash Cond": "(mi.movie_id = miidx.movie_id)", "Workers": [], "Plans": [{"Node Type": "Hash Join", "Parent Relationship": "Outer", "Parallel Aware": false, "Async Capable": false, "Join Type": "Inner", "Startup Cost": 2.43, "Total Cost": 199403.96, "Plan Rows": 26259, "Plan Width": 4, "Actual Rows": 759180, "Actual Loops": 4, "Inner Unique": true, "Hash Cond": "(mi.info_type_id = it2.id)", "Workers": [], "Plans": [{"Node Type": "Seq Scan", "Parent Relationship": "Outer", "Parallel Aware": true, "Async Capable": false, "Relation Name": "movie_info", "Alias": "mi", "Startup Cost": 0.0, "Total Cost": 191320.4, "Plan Rows": 2967240, "Plan Width": 8, "Actual Rows": 3708930, "Actual Loops": 4, "Workers": []}, {"Node Type": "Hash", "Parent Relationship": "Inner", "Parallel Aware": false, "Async Capable": false, "Startup Cost": 2.41, "Total Cost": 2.41, "Plan Rows": 1, "Plan Width": 4, "Actual Rows": 1, "Actual Loops": 4, "Hash Buckets": 1024, "Original Hash Buckets": 1024, "Hash Batches": 1, "Original Hash Batches": 1, "Peak Memory Usage": 9, "Workers": [], "Plans": [{"Node Type": "Seq Scan", "Parent Relationship": "Outer", "Parallel Aware": false, "Async Capable": false, "Relation Name": "info_type", "Alias": "it2", "Startup Cost": 0.0, "Total Cost": 2.41, "Plan Rows": 1, "Plan Width": 4, "Actual Rows": 1, "Actual Loops": 4, "Filter": "((info)::text = 'release dates'::text)", "Rows Removed by Filter": 112, "Workers": []}]}]}, {"Node Type": "Hash", "Parent Relationship": "Inner", "Parallel Aware": true, "Async Capable": false, "Startup Cost": 15286.6, "Total Cost": 15286.6, "Plan Rows": 5089, "Plan Width": 9, "Actual Rows": 114981, "Actual Loops": 4, "Hash Buckets": 524288, "Original Hash Buckets": 16384, "Hash Batches": 1, "Original Hash Batches": 1, "Peak Memory Usage": 26272, "Workers": [], "Plans": [{"Node Type": "Hash Join", "Parent Relationship": "Outer", "Parallel Aware": false, "Async Capable": false, "Join Type": "Inner", "Startup Cost": 2.43, "Total Cost": 15286.6, "Plan Rows": 5089, "Plan Width": 9, "Actual Rows": 114981, "Actual Loops": 4, "Inner Unique": true, "Hash Cond": "(miidx.info_type_id = it.id)", "Workers": [], "Plans": [{"Node Type": "Seq Scan", "Parent Relationship": "Outer", "Parallel Aware": true, "Async Capable": false, "Relation Name": "movie_info_idx", "Alias": "miidx", "Startup Cost": 0.0, "Total Cost": 13718.15, "Plan Rows": 575015, "Plan Width": 13, "Actual Rows": 345009, "Actual Loops": 4, "Workers": []}, {"Node Type": "Hash", "Parent Relationship": "Inner", "Parallel Aware": false, "Async Capable": false, "Startup Cost": 2.41, "Total Cost": 2.41, "Plan Rows": 1, "Plan Width": 4, "Actual Rows": 1, "Actual Loops": 4, "Hash Buckets": 1024, "Original Hash Buckets": 1024, "Hash Batches": 1, "Original Hash Batches": 1, "Peak Memory Usage": 9, "Workers": [], "Plans": [{"Node Type": "Seq Scan", "Parent Relationship": "Outer", "Parallel Aware": false, "Async Capable": false, "Relation Name": "info_type", "Alias": "it", "Startup Cost": 0.0, "Total Cost": 2.41, "Plan Rows": 1, "Plan Width": 4, "Actual Rows": 1, "Actual Loops": 4, "Filter": "((info)::text = 'votes'::text)", "Rows Removed by Filter": 112, "Workers": []}]}]}]}]}]}]}]}]}]}, "Planning Time": 5.471, "Triggers": [], "Execution Time": 1920.293}, {"Plan": {"Node Type": "Aggregate", "Strategy": "Plain", "Partial Mode": "Simple", "Parallel Aware": false, "Async Capable": false, "Startup Cost": 248672.32, "Total Cost": 248672.33, "Plan Rows": 1, "Plan Width": 96, "Actual Rows": 1, "Actual Loops": 1, "Plans": [{"Node Type": "Gather", "Parent Relationship": "Outer", "Parallel Aware": false, "Async Capable": false, "Startup Cost": 216084.45, "Total Cost": 248672.32, "Plan Rows": 1, "Plan Width": 41, "Actual Rows": 14, "Actual Loops": 1, "Workers Planned": 3, "Workers Launched": 3, "Single Copy": false, "Plans": [{"Node Type": "Hash Join", "Parent Relationship": "Outer", "Parallel Aware": true, "Async Capable": false, "Join Type": "Inner", "Startup Cost": 215084.45, "Total Cost": 247672.22, "Plan Rows": 1, "Plan Width": 41, "Actual Rows": 4, "Actual Loops": 4, "Inner Unique": false, "Hash Cond": "(t.id = mi.movie_id)", "Workers": [], "Plans": [{"Node Type": "Nested Loop", "Parent Relationship": "Outer", "Parallel Aware": false, "Async Capable": false, "Join Type": "Inner", "Startup Cost": 15352.26, "Total Cost": 47939.99, "Plan Rows": 1, "Plan Width": 53, "Actual Rows": 1, "Actual Loops": 4, "Inner Unique": true, "Workers": [], "Plans": [{"Node Type": "Nested Loop", "Parent Relationship": "Outer", "Parallel Aware": false, "Async Capable": false, "Join Type": "Inner", "Startup Cost": 15352.13, "Total Cost": 47939.76, "Plan Rows": 1, "Plan Width": 57, "Actual Rows": 1, "Actual Loops": 4, "Inner Unique": true, "Workers": [], "Plans": [{"Node Type": "Nested Loop", "Parent Relationship": "Outer", "Parallel Aware": false, "Async Capable": false, "Join Type": "Inner", "Startup Cost": 15351.7, "Total Cost": 47875.09, "Plan Rows": 124, "Plan Width": 32, "Actual Rows": 4996, "Actual Loops": 4, "Inner Unique": true, "Workers": [], "Plans": [{"Node Type": "Hash Join", "Parent Relationship": "Outer", "Parallel Aware": false, "Async Capable": false, "Join Type": "Inner", "Startup Cost": 15351.28, "Total Cost": 45916.2, "Plan Rows": 4392, "Plan Width": 17, "Actual Rows": 146056, "Actual Loops": 4, "Inner Unique": true, "Hash Cond": "(mc.company_type_id = ct.id)", "Workers": [], "Plans": [{"Node Type": "Hash Join", "Parent Relationship": "Outer", "Parallel Aware": true, "Async Capable": false, "Join Type": "Inner", "Startup Cost": 15350.21, "Total Cost": 45820.16, "Plan Rows": 17566, "Plan Width": 21, "Actual Rows": 338721, "Actual Loops": 4, "Inner Unique": false, "Hash Cond": "(mc.movie_id = miidx.movie_id)", "Workers": [], "Plans": [{"Node Type": "Seq Scan", "Parent Relationship": "Outer", "Parallel Aware": true, "Async Capable": false, "Relation Name": "movie_companies", "Alias": "mc", "Startup Cost": 0.0, "Total Cost": 27240.55, "Plan Rows": 841655, "Plan Width": 12, "Actual Rows": 652282, "Actual Loops": 4, "Workers": []}, {"Node Type": "Hash", "Parent Relationship": "Inner", "Parallel Aware": true, "Async Capable": false, "Startup Cost": 15286.6, "Total Cost": 15286.6, "Plan Rows": 5089, "Plan Width": 9, "Actual Rows": 114981, "Actual Loops": 4, "Hash Buckets": 524288, "Original Hash Buckets": 16384, "Hash Batches": 1, "Original Hash Batches": 1, "Peak Memory Usage": 26304, "Workers": [], "Plans": [{"Node Type": "Hash Join", "Parent Relationship": "Outer", "Parallel Aware": false, "Async Capable": false, "Join Type": "Inner", "Startup Cost": 2.43, "Total Cost": 15286.6, "Plan Rows": 5089, "Plan Width": 9, "Actual Rows": 114981, "Actual Loops": 4, "Inner Unique": true, "Hash Cond": "(miidx.info_type_id = it.id)", "Workers": [], "Plans": [{"Node Type": "Seq Scan", "Parent Relationship": "Outer", "Parallel Aware": true, "Async Capable": false, "Relation Name": "movie_info_idx", "Alias": "miidx", "Startup Cost": 0.0, "Total Cost": 13718.15, "Plan Rows": 575015, "Plan Width": 13, "Actual Rows": 345009, "Actual Loops": 4, "Workers": []}, {"Node Type": "Hash", "Parent Relationship": "Inner", "Parallel Aware": false, "Async Capable": false, "Startup Cost": 2.41, "Total Cost": 2.41, "Plan Rows": 1, "Plan Width": 4, "Actual Rows": 1, "Actual Loops": 4, "Hash Buckets": 1024, "Original Hash Buckets": 1024, "Hash Batches": 1, "Original Hash Batches": 1, "Peak Memory Usage": 9, "Workers": [], "Plans": [{"Node Type": "Seq Scan", "Parent Relationship": "Outer", "Parallel Aware": false, "Async Capable": false, "Relation Name": "info_type", "Alias": "it", "Startup Cost": 0.0, "Total Cost": 2.41, "Plan Rows": 1, "Plan Width": 4, "Actual Rows": 1, "Actual Loops": 4, "Filter": "((info)::text = 'votes'::text)", "Rows Removed by Filter": 112, "Workers": []}]}]}]}]}, {"Node Type": "Hash", "Parent Relationship": "Inner", "Parallel Aware": false, "Async Capable": false, "Startup Cost": 1.05, "Total Cost": 1.05, "Plan Rows": 1, "Plan Width": 4, "Actual Rows": 1, "Actual Loops": 4, "Hash Buckets": 1024, "Original Hash Buckets": 1024, "Hash Batches": 1, "Original Hash Batches": 1, "Peak Memory Usage": 9, "Workers": [], "Plans": [{"Node Type": "Seq Scan", "Parent Relationship": "Outer", "Parallel Aware": false, "Async Capable": false, "Relation Name": "company_type", "Alias": "ct", "Startup Cost": 0.0, "Total Cost": 1.05, "Plan Rows": 1, "Plan Width": 4, "Actual Rows": 1, "Actual Loops": 4, "Filter": "((kind)::text = 'production companies'::text)", "Rows Removed by Filter": 3, "Workers": []}]}]}, {"Node Type": "Index Scan", "Parent Relationship": "Inner", "Parallel Aware": false, "Async Capable": false, "Scan Direction": "Forward", "Index Name": "company_name_pkey", "Relation Name": "company_name", "Alias": "cn", "Startup Cost": 0.42, "Total Cost": 0.45, "Plan Rows": 1, "Plan Width": 23, "Actual Rows": 0, "Actual Loops": 584222, "Index Cond": "(id = mc.company_id)", "Rows Removed by Index Recheck": 0, "Filter": "((country_code)::text = '[jp]'::text)", "Rows Removed by Filter": 1, "Workers": []}]}, {"Node Type": "Index Scan", "Parent Relationship": "Inner", "Parallel Aware": false, "Async Capable": false, "Scan Direction": "Forward", "Index Name": "title_pkey", "Relation Name": "title", "Alias": "t", "Startup Cost": 0.43, "Total Cost": 0.52, "Plan Rows": 1, "Plan Width": 25, "Actual Rows": 0, "Actual Loops": 19983, "Index Cond": "(id = mc.movie_id)", "Rows Removed by Index Recheck": 0, "Filter": "(((title)::text ~~ '%Champion%'::text) OR ((title)::text ~~ '%Freddy%'::text))", "Rows Removed by Filter": 1, "Workers": []}]}, {"Node Type": "Index Scan", "Parent Relationship": "Inner", "Parallel Aware": false, "Async Capable": false, "Scan Direction": "Forward", "Index Name": "kind_type_pkey", "Relation Name": "kind_type", "Alias": "kt", "Startup Cost": 0.13, "Total Cost": 0.18, "Plan Rows": 1, "Plan Width": 4, "Actual Rows": 1, "Actual Loops": 5, "Index Cond": "(id = t.kind_id)", "Rows Removed by Index Recheck": 0, "Filter": "((kind)::text = 'video game'::text)", "Rows Removed by Filter": 0, "Workers": []}]}, {"Node Type": "Hash", "Parent Relationship": "Inner", "Parallel Aware": true, "Async Capable": false, "Startup Cost": 199403.96, "Total Cost": 199403.96, "Plan Rows": 26259, "Plan Width": 4, "Actual Rows": 759180, "Actual Loops": 4, "Hash Buckets": 4194304, "Original Hash Buckets": 262144, "Hash Batches": 1, "Original Hash Batches": 1, "Peak Memory Usage": 182336, "Workers": [], "Plans": [{"Node Type": "Hash Join", "Parent Relationship": "Outer", "Parallel Aware": false, "Async Capable": false, "Join Type": "Inner", "Startup Cost": 2.43, "Total Cost": 199403.96, "Plan Rows": 26259, "Plan Width": 4, "Actual Rows": 759180, "Actual Loops": 4, "Inner Unique": true, "Hash Cond": "(mi.info_type_id = it2.id)", "Workers": [], "Plans": [{"Node Type": "Seq Scan", "Parent Relationship": "Outer", "Parallel Aware": true, "Async Capable": false, "Relation Name": "movie_info", "Alias": "mi", "Startup Cost": 0.0, "Total Cost": 191320.4, "Plan Rows": 2967240, "Plan Width": 8, "Actual Rows": 3708930, "Actual Loops": 4, "Workers": []}, {"Node Type": "Hash", "Parent Relationship": "Inner", "Parallel Aware": false, "Async Capable": false, "Startup Cost": 2.41, "Total Cost": 2.41, "Plan Rows": 1, "Plan Width": 4, "Actual Rows": 1, "Actual Loops": 4, "Hash Buckets": 1024, "Original Hash Buckets": 1024, "Hash Batches": 1, "Original Hash Batches": 1, "Peak Memory Usage": 9, "Workers": [], "Plans": [{"Node Type": "Seq Scan", "Parent Relationship": "Outer", "Parallel Aware": false, "Async Capable": false, "Relation Name": "info_type", "Alias": "it2", "Startup Cost": 0.0, "Total Cost": 2.41, "Plan Rows": 1, "Plan Width": 4, "Actual Rows": 1, "Actual Loops": 4, "Filter": "((info)::text = 'release dates'::text)", "Rows Removed by Filter": 112, "Workers": []}]}]}]}]}]}]}, "Planning Time": 5.482, "Triggers": [], "Execution Time": 2478.396}, {"Plan": {"Node Type": "Aggregate", "Strategy": "Plain", "Partial Mode": "Simple", "Parallel Aware": false, "Async Capable": false, "Startup Cost": 248442.54, "Total Cost": 248442.55, "Plan Rows": 1, "Plan Width": 96, "Actual Rows": 1, "Actual Loops": 1, "Plans": [{"Node Type": "Gather", "Parent Relationship": "Outer", "Parallel Aware": false, "Async Capable": false, "Startup Cost": 48942.42, "Total Cost": 248442.54, "Plan Rows": 1, "Plan Width": 41, "Actual Rows": 14, "Actual Loops": 1, "Workers Planned": 5, "Workers Launched": 5, "Single Copy": false, "Plans": [{"Node Type": "Hash Join", "Parent Relationship": "Outer", "Parallel Aware": true, "Async Capable": false, "Join Type": "Inner", "Startup Cost": 47942.42, "Total Cost": 247442.44, "Plan Rows": 1, "Plan Width": 41, "Actual Rows": 2, "Actual Loops": 6, "Inner Unique": false, "Hash Cond": "(mi.movie_id = t.id)", "Workers": [], "Plans": [{"Node Type": "Hash Join", "Parent Relationship": "Outer", "Parallel Aware": false, "Async Capable": false, "Join Type": "Inner", "Startup Cost": 2.43, "Total Cost": 199403.96, "Plan Rows": 26259, "Plan Width": 4, "Actual Rows": 506120, "Actual Loops": 6, "Inner Unique": true, "Hash Cond": "(mi.info_type_id = it2.id)", "Workers": [], "Plans": [{"Node Type": "Seq Scan", "Parent Relationship": "Outer", "Parallel Aware": true, "Async Capable": false, "Relation Name": "movie_info", "Alias": "mi", "Startup Cost": 0.0, "Total Cost": 191320.4, "Plan Rows": 2967240, "Plan Width": 8, "Actual Rows": 2472620, "Actual Loops": 6, "Workers": []}, {"Node Type": "Hash", "Parent Relationship": "Inner", "Parallel Aware": false, "Async Capable": false, "Startup Cost": 2.41, "Total Cost": 2.41, "Plan Rows": 1, "Plan Width": 4, "Actual Rows": 1, "Actual Loops": 6, "Hash Buckets": 1024, "Original Hash Buckets": 1024, "Hash Batches": 1, "Original Hash Batches": 1, "Peak Memory Usage": 9, "Workers": [], "Plans": [{"Node Type": "Seq Scan", "Parent Relationship": "Outer", "Parallel Aware": false, "Async Capable": false, "Relation Name": "info_type", "Alias": "it2", "Startup Cost": 0.0, "Total Cost": 2.41, "Plan Rows": 1, "Plan Width": 4, "Actual Rows": 1, "Actual Loops": 6, "Filter": "((info)::text = 'release dates'::text)", "Rows Removed by Filter": 112, "Workers": []}]}]}, {"Node Type": "Hash", "Parent Relationship": "Inner", "Parallel Aware": true, "Async Capable": false, "Startup Cost": 47939.99, "Total Cost": 47939.99, "Plan Rows": 1, "Plan Width": 53, "Actual Rows": 1, "Actual Loops": 6, "Hash Buckets": 1024, "Original Hash Buckets": 1024, "Hash Batches": 1, "Original Hash Batches": 1, "Peak Memory Usage": 136, "Workers": [], "Plans": [{"Node Type": "Nested Loop", "Parent Relationship": "Outer", "Parallel Aware": false, "Async Capable": false, "Join Type": "Inner", "Startup Cost": 15352.26, "Total Cost": 47939.99, "Plan Rows": 1, "Plan Width": 53, "Actual Rows": 1, "Actual Loops": 6, "Inner Unique": true, "Workers": [], "Plans": [{"Node Type": "Nested Loop", "Parent Relationship": "Outer", "Parallel Aware": false, "Async Capable": false, "Join Type": "Inner", "Startup Cost": 15352.13, "Total Cost": 47939.76, "Plan Rows": 1, "Plan Width": 57, "Actual Rows": 1, "Actual Loops": 6, "Inner Unique": true, "Workers": [], "Plans": [{"Node Type": "Nested Loop", "Parent Relationship": "Outer", "Parallel Aware": false, "Async Capable": false, "Join Type": "Inner", "Startup Cost": 15351.7, "Total Cost": 47875.09, "Plan Rows": 124, "Plan Width": 32, "Actual Rows": 3330, "Actual Loops": 6, "Inner Unique": true, "Workers": [], "Plans": [{"Node Type": "Hash Join", "Parent Relationship": "Outer", "Parallel Aware": false, "Async Capable": false, "Join Type": "Inner", "Startup Cost": 15351.28, "Total Cost": 45916.2, "Plan Rows": 4392, "Plan Width": 17, "Actual Rows": 97370, "Actual Loops": 6, "Inner Unique": true, "Hash Cond": "(mc.company_type_id = ct.id)", "Workers": [], "Plans": [{"Node Type": "Hash Join", "Parent Relationship": "Outer", "Parallel Aware": true, "Async Capable": false, "Join Type": "Inner", "Startup Cost": 15350.21, "Total Cost": 45820.16, "Plan Rows": 17566, "Plan Width": 21, "Actual Rows": 225814, "Actual Loops": 6, "Inner Unique": false, "Hash Cond": "(mc.movie_id = miidx.movie_id)", "Workers": [], "Plans": [{"Node Type": "Seq Scan", "Parent Relationship": "Outer", "Parallel Aware": true, "Async Capable": false, "Relation Name": "movie_companies", "Alias": "mc", "Startup Cost": 0.0, "Total Cost": 27240.55, "Plan Rows": 841655, "Plan Width": 12, "Actual Rows": 434855, "Actual Loops": 6, "Workers": []}, {"Node Type": "Hash", "Parent Relationship": "Inner", "Parallel Aware": true, "Async Capable": false, "Startup Cost": 15286.6, "Total Cost": 15286.6, "Plan Rows": 5089, "Plan Width": 9, "Actual Rows": 76654, "Actual Loops": 6, "Hash Buckets": 524288, "Original Hash Buckets": 16384, "Hash Batches": 1, "Original Hash Batches": 1, "Peak Memory Usage": 26336, "Workers": [], "Plans": [{"Node Type": "Hash Join", "Parent Relationship": "Outer", "Parallel Aware": false, "Async Capable": false, "Join Type": "Inner", "Startup Cost": 2.43, "Total Cost": 15286.6, "Plan Rows": 5089, "Plan Width": 9, "Actual Rows": 76654, "Actual Loops": 6, "Inner Unique": true, "Hash Cond": "(miidx.info_type_id = it.id)", "Workers": [], "Plans": [{"Node Type": "Seq Scan", "Parent Relationship": "Outer", "Parallel Aware": true, "Async Capable": false, "Relation Name": "movie_info_idx", "Alias": "miidx", "Startup Cost": 0.0, "Total Cost": 13718.15, "Plan Rows": 575015, "Plan Width": 13, "Actual Rows": 230006, "Actual Loops": 6, "Workers": []}, {"Node Type": "Hash", "Parent Relationship": "Inner", "Parallel Aware": false, "Async Capable": false, "Startup Cost": 2.41, "Total Cost": 2.41, "Plan Rows": 1, "Plan Width": 4, "Actual Rows": 1, "Actual Loops": 6, "Hash Buckets": 1024, "Original Hash Buckets": 1024, "Hash Batches": 1, "Original Hash Batches": 1, "Peak Memory Usage": 9, "Workers": [], "Plans": [{"Node Type": "Seq Scan", "Parent Relationship": "Outer", "Parallel Aware": false, "Async Capable": false, "Relation Name": "info_type", "Alias": "it", "Startup Cost": 0.0, "Total Cost": 2.41, "Plan Rows": 1, "Plan Width": 4, "Actual Rows": 1, "Actual Loops": 6, "Filter": "((info)::text = 'votes'::text)", "Rows Removed by Filter": 112, "Workers": []}]}]}]}]}, {"Node Type": "Hash", "Parent Relationship": "Inner", "Parallel Aware": false, "Async Capable": false, "Startup Cost": 1.05, "Total Cost": 1.05, "Plan Rows": 1, "Plan Width": 4, "Actual Rows": 1, "Actual Loops": 6, "Hash Buckets": 1024, "Original Hash Buckets": 1024, "Hash Batches": 1, "Original Hash Batches": 1, "Peak Memory Usage": 9, "Workers": [], "Plans": [{"Node Type": "Seq Scan", "Parent Relationship": "Outer", "Parallel Aware": false, "Async Capable": false, "Relation Name": "company_type", "Alias": "ct", "Startup Cost": 0.0, "Total Cost": 1.05, "Plan Rows": 1, "Plan Width": 4, "Actual Rows": 1, "Actual Loops": 6, "Filter": "((kind)::text = 'production companies'::text)", "Rows Removed by Filter": 3, "Workers": []}]}]}, {"Node Type": "Index Scan", "Parent Relationship": "Inner", "Parallel Aware": false, "Async Capable": false, "Scan Direction": "Forward", "Index Name": "company_name_pkey", "Relation Name": "company_name", "Alias": "cn", "Startup Cost": 0.42, "Total Cost": 0.45, "Plan Rows": 1, "Plan Width": 23, "Actual Rows": 0, "Actual Loops": 584222, "Index Cond": "(id = mc.company_id)", "Rows Removed by Index Recheck": 0, "Filter": "((country_code)::text = '[jp]'::text)", "Rows Removed by Filter": 1, "Workers": []}]}, {"Node Type": "Index Scan", "Parent Relationship": "Inner", "Parallel Aware": false, "Async Capable": false, "Scan Direction": "Forward", "Index Name": "title_pkey", "Relation Name": "title", "Alias": "t", "Startup Cost": 0.43, "Total Cost": 0.52, "Plan Rows": 1, "Plan Width": 25, "Actual Rows": 0, "Actual Loops": 19983, "Index Cond": "(id = mc.movie_id)", "Rows Removed by Index Recheck": 0, "Filter": "(((title)::text ~~ '%Champion%'::text) OR ((title)::text ~~ '%Freddy%'::text))", "Rows Removed by Filter": 1, "Workers": []}]}, {"Node Type": "Index Scan", "Parent Relationship": "Inner", "Parallel Aware": false, "Async Capable": false, "Scan Direction": "Forward", "Index Name": "kind_type_pkey", "Relation Name": "kind_type", "Alias": "kt", "Startup Cost": 0.13, "Total Cost": 0.18, "Plan Rows": 1, "Plan Width": 4, "Actual Rows": 1, "Actual Loops": 5, "Index Cond": "(id = t.kind_id)", "Rows Removed by Index Recheck": 0, "Filter": "((kind)::text = 'video game'::text)", "Rows Removed by Filter": 0, "Workers": []}]}]}]}]}]}, "Planning Time": 7.267, "Triggers": [], "Execution Time": 1266.969}, {"Plan": {"Node Type": "Aggregate", "Strategy": "Plain", "Partial Mode": "Finalize", "Parallel Aware": false, "Async Capable": false, "Startup Cost": 313118.2, "Total Cost": 313118.21, "Plan Rows": 1, "Plan Width": 96, "Actual Rows": 1, "Actual Loops": 1, "Plans": [{"Node Type": "Gather", "Parent Relationship": "Outer", "Parallel Aware": false, "Async Capable": false, "Startup Cost": 313117.87, "Total Cost": 313118.18, "Plan Rows": 3, "Plan Width": 96, "Actual Rows": 4, "Actual Loops": 1, "Workers Planned": 3, "Workers Launched": 3, "Single Copy": false, "Plans": [{"Node Type": "Aggregate", "Strategy": "Plain", "Partial Mode": "Partial", "Parent Relationship": "Outer", "Parallel Aware": false, "Async Capable": false, "Startup Cost": 312117.87, "Total Cost": 312117.88, "Plan Rows": 1, "Plan Width": 96, "Actual Rows": 1, "Actual Loops": 4, "Workers": [], "Plans": [{"Node Type": "Hash Join", "Parent Relationship": "Outer", "Parallel Aware": true, "Async Capable": false, "Join Type": "Inner", "Startup Cost": 260352.63, "Total Cost": 312117.86, "Plan Rows": 1, "Plan Width": 41, "Actual Rows": 4, "Actual Loops": 4, "Inner Unique": false, "Hash Cond": "(mi.movie_id = t.id)", "Workers": [], "Plans": [{"Node Type": "Nested Loop", "Parent Relationship": "Outer", "Parallel Aware": false, "Async Capable": false, "Join Type": "Inner", "Startup Cost": 214861.69, "Total Cost": 266626.84, "Plan Rows": 19, "Plan Width": 36, "Actual Rows": 18281, "Actual Loops": 4, "Inner Unique": true, "Workers": [], "Plans": [{"Node Type": "Hash Join", "Parent Relationship": "Outer", "Parallel Aware": false, "Async Capable": false, "Join Type": "Inner", "Startup Cost": 214861.27, "Total Cost": 266322.66, "Plan Rows": 682, "Plan Width": 21, "Actual Rows": 626248, "Actual Loops": 4, "Inner Unique": true, "Hash Cond": "(mc.company_type_id = ct.id)", "Workers": [], "Plans": [{"Node Type": "Hash Join", "Parent Relationship": "Outer", "Parallel Aware": true, "Async Capable": false, "Join Type": "Inner", "Startup Cost": 214860.21, "Total Cost": 266303.79, "Plan Rows": 3293, "Plan Width": 25, "Actual Rows": 2398939, "Actual Loops": 4, "Inner Unique": false, "Hash Cond": "(mc.movie_id = mi.movie_id)", "Workers": [], "Plans": [{"Node Type": "Seq Scan", "Parent Relationship": "Outer", "Parallel Aware": true, "Async Capable": false, "Relation Name": "movie_companies", "Alias": "mc", "Startup Cost": 0.0, "Total Cost": 27240.55, "Plan Rows": 841655, "Plan Width": 12, "Actual Rows": 652282, "Actual Loops": 4, "Workers": []}, {"Node Type": "Hash", "Parent Relationship": "Inner", "Parallel Aware": true, "Async Capable": false, "Startup Cost": 214854.53, "Total Cost": 214854.53, "Plan Rows": 454, "Plan Width": 13, "Actual Rows": 279746, "Actual Loops": 4, "Hash Buckets": 2097152, "Original Hash Buckets": 4096, "Hash Batches": 1, "Original Hash Batches": 1, "Peak Memory Usage": 85280, "Workers": [], "Plans": [{"Node Type": "Hash Join", "Parent Relationship": "Outer", "Parallel Aware": true, "Async Capable": false, "Join Type": "Inner", "Startup Cost": 15352.64, "Total Cost": 214854.53, "Plan Rows": 454, "Plan Width": 13, "Actual Rows": 279746, "Actual Loops": 4, "Inner Unique": false, "Hash Cond": "(mi.movie_id = miidx.movie_id)", "Workers": [], "Plans": [{"Node Type": "Hash Join", "Parent Relationship": "Outer", "Parallel Aware": false, "Async Capable": false, "Join Type": "Inner", "Startup Cost": 2.43, "Total Cost": 199403.96, "Plan Rows": 26259, "Plan Width": 4, "Actual Rows": 759180, "Actual Loops": 4, "Inner Unique": true, "Hash Cond": "(mi.info_type_id = it2.id)", "Workers": [], "Plans": [{"Node Type": "Seq Scan", "Parent Relationship": "Outer", "Parallel Aware": true, "Async Capable": false, "Relation Name": "movie_info", "Alias": "mi", "Startup Cost": 0.0, "Total Cost": 191320.4, "Plan Rows": 2967240, "Plan Width": 8, "Actual Rows": 3708930, "Actual Loops": 4, "Workers": []}, {"Node Type": "Hash", "Parent Relationship": "Inner", "Parallel Aware": false, "Async Capable": false, "Startup Cost": 2.41, "Total Cost": 2.41, "Plan Rows": 1, "Plan Width": 4, "Actual Rows": 1, "Actual Loops": 4, "Hash Buckets": 1024, "Original Hash Buckets": 1024, "Hash Batches": 1, "Original Hash Batches": 1, "Peak Memory Usage": 9, "Workers": [], "Plans": [{"Node Type": "Seq Scan", "Parent Relationship": "Outer", "Parallel Aware": false, "Async Capable": false, "Relation Name": "info_type", "Alias": "it2", "Startup Cost": 0.0, "Total Cost": 2.41, "Plan Rows": 1, "Plan Width": 4, "Actual Rows": 1, "Actual Loops": 4, "Filter": "((info)::text = 'release dates'::text)", "Rows Removed by Filter": 112, "Workers": []}]}]}, {"Node Type": "Hash", "Parent Relationship": "Inner", "Parallel Aware": true, "Async Capable": false, "Startup Cost": 15286.6, "Total Cost": 15286.6, "Plan Rows": 5089, "Plan Width": 9, "Actual Rows": 114981, "Actual Loops": 4, "Hash Buckets": 524288, "Original Hash Buckets": 16384, "Hash Batches": 1, "Original Hash Batches": 1, "Peak Memory Usage": 26272, "Workers": [], "Plans": [{"Node Type": "Hash Join", "Parent Relationship": "Outer", "Parallel Aware": false, "Async Capable": false, "Join Type": "Inner", "Startup Cost": 2.43, "Total Cost": 15286.6, "Plan Rows": 5089, "Plan Width": 9, "Actual Rows": 114981, "Actual Loops": 4, "Inner Unique": true, "Hash Cond": "(miidx.info_type_id = it.id)", "Workers": [], "Plans": [{"Node Type": "Seq Scan", "Parent Relationship": "Outer", "Parallel Aware": true, "Async Capable": false, "Relation Name": "movie_info_idx", "Alias": "miidx", "Startup Cost": 0.0, "Total Cost": 13718.15, "Plan Rows": 575015, "Plan Width": 13, "Actual Rows": 345009, "Actual Loops": 4, "Workers": []}, {"Node Type": "Hash", "Parent Relationship": "Inner", "Parallel Aware": false, "Async Capable": false, "Startup Cost": 2.41, "Total Cost": 2.41, "Plan Rows": 1, "Plan Width": 4, "Actual Rows": 1, "Actual Loops": 4, "Hash Buckets": 1024, "Original Hash Buckets": 1024, "Hash Batches": 1, "Original Hash Batches": 1, "Peak Memory Usage": 9, "Workers": [], "Plans": [{"Node Type": "Seq Scan", "Parent Relationship": "Outer", "Parallel Aware": false, "Async Capable": false, "Relation Name": "info_type", "Alias": "it", "Startup Cost": 0.0, "Total Cost": 2.41, "Plan Rows": 1, "Plan Width": 4, "Actual Rows": 1, "Actual Loops": 4, "Filter": "((info)::text = 'votes'::text)", "Rows Removed by Filter": 112, "Workers": []}]}]}]}]}]}]}, {"Node Type": "Hash", "Parent Relationship": "Inner", "Parallel Aware": false, "Async Capable": false, "Startup Cost": 1.05, "Total Cost": 1.05, "Plan Rows": 1, "Plan Width": 4, "Actual Rows": 1, "Actual Loops": 4, "Hash Buckets": 1024, "Original Hash Buckets": 1024, "Hash Batches": 1, "Original Hash Batches": 1, "Peak Memory Usage": 9, "Workers": [], "Plans": [{"Node Type": "Seq Scan", "Parent Relationship": "Outer", "Parallel Aware": false, "Async Capable": false, "Relation Name": "company_type", "Alias": "ct", "Startup Cost": 0.0, "Total Cost": 1.05, "Plan Rows": 1, "Plan Width": 4, "Actual Rows": 1, "Actual Loops": 4, "Filter": "((kind)::text = 'production companies'::text)", "Rows Removed by Filter": 3, "Workers": []}]}]}, {"Node Type": "Index Scan", "Parent Relationship": "Inner", "Parallel Aware": false, "Async Capable": false, "Scan Direction": "Forward", "Index Name": "company_name_pkey", "Relation Name": "company_name", "Alias": "cn", "Startup Cost": 0.42, "Total Cost": 0.45, "Plan Rows": 1, "Plan Width": 23, "Actual Rows": 0, "Actual Loops": 2504990, "Index Cond": "(id = mc.company_id)", "Rows Removed by Index Recheck": 0, "Filter": "((country_code)::text = '[jp]'::text)", "Rows Removed by Filter": 1, "Workers": []}]}, {"Node Type": "Hash", "Parent Relationship": "Inner", "Parallel Aware": true, "Async Capable": false, "Startup Cost": 45490.74, "Total Cost": 45490.74, "Plan Rows": 16, "Plan Width": 21, "Actual Rows": 15, "Actual Loops": 4, "Hash Buckets": 1024, "Original Hash Buckets": 1024, "Hash Batches": 1, "Original Hash Batches": 1, "Peak Memory Usage": 136, "Workers": [], "Plans": [{"Node Type": "Hash Join", "Parent Relationship": "Outer", "Parallel Aware": false, "Async Capable": false, "Join Type": "Inner", "Startup Cost": 1.1, "Total Cost": 45490.74, "Plan Rows": 16, "Plan Width": 21, "Actual Rows": 15, "Actual Loops": 4, "Inner Unique": true, "Hash Cond": "(t.kind_id = kt.id)", "Workers": [], "Plans": [{"Node Type": "Seq Scan", "Parent Relationship": "Outer", "Parallel Aware": true, "Async Capable": false, "Relation Name": "title", "Alias": "t", "Startup Cost": 0.0, "Total Cost": 45489.17, "Plan Rows": 113, "Plan Width": 25, "Actual Rows": 504, "Actual Loops": 4, "Filter": "(((title)::text ~~ '%Champion%'::text) OR ((title)::text ~~ '%Freddy%'::text))", "Rows Removed by Filter": 631574, "Workers": []}, {"Node Type": "Hash", "Parent Relationship": "Inner", "Parallel Aware": false, "Async Capable": false, "Startup Cost": 1.09, "Total Cost": 1.09, "Plan Rows": 1, "Plan Width": 4, "Actual Rows": 1, "Actual Loops": 4, "Hash Buckets": 1024, "Original Hash Buckets": 1024, "Hash Batches": 1, "Original Hash Batches": 1, "Peak Memory Usage": 9, "Workers": [], "Plans": [{"Node Type": "Seq Scan", "Parent Relationship": "Outer", "Parallel Aware": false, "Async Capable": false, "Relation Name": "kind_type", "Alias": "kt", "Startup Cost": 0.0, "Total Cost": 1.09, "Plan Rows": 1, "Plan Width": 4, "Actual Rows": 1, "Actual Loops": 4, "Filter": "((kind)::text = 'video game'::text)", "Rows Removed by Filter": 6, "Workers": []}]}]}]}]}]}]}]}, "Planning Time": 8.566, "Triggers": [], "Execution Time": 4443.254}, {"Plan": {"Node Type": "Aggregate", "Strategy": "Plain", "Partial Mode": "Finalize", "Parallel Aware": false, "Async Capable": false, "Startup Cost": 253401.98, "Total Cost": 253401.99, "Plan Rows": 1, "Plan Width": 96, "Actual Rows": 1, "Actual Loops": 1, "Plans": [{"Node Type": "Gather", "Parent Relationship": "Outer", "Parallel Aware": false, "Async Capable": false, "Startup Cost": 253401.75, "Total Cost": 253401.96, "Plan Rows": 2, "Plan Width": 96, "Actual Rows": 3, "Actual Loops": 1, "Workers Planned": 2, "Workers Launched": 2, "Single Copy": false, "Plans": [{"Node Type": "Aggregate", "Strategy": "Plain", "Partial Mode": "Partial", "Parent Relationship": "Outer", "Parallel Aware": false, "Async Capable": false, "Startup Cost": 252401.75, "Total Cost": 252401.76, "Plan Rows": 1, "Plan Width": 96, "Actual Rows": 1, "Actual Loops": 3, "Workers": [], "Plans": [{"Node Type": "Hash Join", "Parent Relationship": "Outer", "Parallel Aware": true, "Async Capable": false, "Join Type": "Inner", "Startup Cost": 234151.19, "Total Cost": 252401.74, "Plan Rows": 1, "Plan Width": 41, "Actual Rows": 5, "Actual Loops": 3, "Inner Unique": false, "Hash Cond": "(t.id = mi.movie_id)", "Workers": [], "Plans": [{"Node Type": "Nested Loop", "Parent Relationship": "Outer", "Parallel Aware": false, "Async Capable": false, "Join Type": "Inner", "Startup Cost": 3.0, "Total Cost": 18253.5, "Plan Rows": 1, "Plan Width": 30, "Actual Rows": 8, "Actual Loops": 3, "Inner Unique": true, "Workers": [], "Plans": [{"Node Type": "Nested Loop", "Parent Relationship": "Outer", "Parallel Aware": false, "Async Capable": false, "Join Type": "Inner", "Startup Cost": 2.86, "Total Cost": 18253.3, "Plan Rows": 1, "Plan Width": 34, "Actual Rows": 97, "Actual Loops": 3, "Inner Unique": true, "Workers": [], "Plans": [{"Node Type": "Hash Join", "Parent Relationship": "Outer", "Parallel Aware": false, "Async Capable": false, "Join Type": "Inner", "Startup Cost": 2.43, "Total Cost": 15286.6, "Plan Rows": 5089, "Plan Width": 9, "Actual Rows": 153308, "Actual Loops": 3, "Inner Unique": true, "Hash Cond": "(miidx.info_type_id = it.id)", "Workers": [], "Plans": [{"Node Type": "Seq Scan", "Parent Relationship": "Outer", "Parallel Aware": true, "Async Capable": false, "Relation Name": "movie_info_idx", "Alias": "miidx", "Startup Cost": 0.0, "Total Cost": 13718.15, "Plan Rows": 575015, "Plan Width": 13, "Actual Rows": 460012, "Actual Loops": 3, "Workers": []}, {"Node Type": "Hash", "Parent Relationship": "Inner", "Parallel Aware": false, "Async Capable": false, "Startup Cost": 2.41, "Total Cost": 2.41, "Plan Rows": 1, "Plan Width": 4, "Actual Rows": 1, "Actual Loops": 3, "Hash Buckets": 1024, "Original Hash Buckets": 1024, "Hash Batches": 1, "Original Hash Batches": 1, "Peak Memory Usage": 9, "Workers": [], "Plans": [{"Node Type": "Seq Scan", "Parent Relationship": "Outer", "Parallel Aware": false, "Async Capable": false, "Relation Name": "info_type", "Alias": "it", "Startup Cost": 0.0, "Total Cost": 2.41, "Plan Rows": 1, "Plan Width": 4, "Actual Rows": 1, "Actual Loops": 3, "Filter": "((info)::text = 'votes'::text)", "Rows Removed by Filter": 112, "Workers": []}]}]}, {"Node Type": "Index Scan", "Parent Relationship": "Inner", "Parallel Aware": false, "Async Capable": false, "Scan Direction": "Forward", "Index Name": "title_pkey", "Relation Name": "title", "Alias": "t", "Startup Cost": 0.43, "Total Cost": 0.58, "Plan Rows": 1, "Plan Width": 25, "Actual Rows": 0, "Actual Loops": 459925, "Index Cond": "(id = miidx.movie_id)", "Rows Removed by Index Recheck": 0, "Filter": "(((title)::text ~~ '%Champion%'::text) OR ((title)::text ~~ '%Freddy%'::text))", "Rows Removed by Filter": 1, "Workers": []}]}, {"Node Type": "Memoize", "Parent Relationship": "Inner", "Parallel Aware": false, "Async Capable": false, "Startup Cost": 0.14, "Total Cost": 0.19, "Plan Rows": 1, "Plan Width": 4, "Actual Rows": 0, "Actual Loops": 292, "Cache Key": "t.kind_id", "Cache Mode": "logical", "Cache Hits": 77, "Cache Misses": 6, "Cache Evictions": 0, "Cache Overflows": 0, "Peak Memory Usage": 1, "Workers": [{"Worker Number": 0, "Cache Hits": 94, "Cache Misses": 6, "Cache Evictions": 0, "Cache Overflows": 0, "Peak Memory Usage": 1}, {"Worker Number": 1, "Cache Hits": 103, "Cache Misses": 6, "Cache Evictions": 0, "Cache Overflows": 0, "Peak Memory Usage": 1}], "Plans": [{"Node Type": "Index Scan", "Parent Relationship": "Outer", "Parallel Aware": false, "Async Capable": false, "Scan Direction": "Forward", "Index Name": "kind_type_pkey", "Relation Name": "kind_type", "Alias": "kt", "Startup Cost": 0.13, "Total Cost": 0.18, "Plan Rows": 1, "Plan Width": 4, "Actual Rows": 0, "Actual Loops": 18, "Index Cond": "(id = t.kind_id)", "Rows Removed by Index Recheck": 0, "Filter": "((kind)::text = 'video game'::text)", "Rows Removed by Filter": 1, "Workers": []}]}]}, {"Node Type": "Hash", "Parent Relationship": "Inner", "Parallel Aware": true, "Async Capable": false, "Startup Cost": 234139.55, "Total Cost": 234139.55, "Plan Rows": 691, "Plan Width": 27, "Actual Rows": 34859, "Actual Loops": 3, "Hash Buckets": 131072, "Original Hash Buckets": 4096, "Hash Batches": 1, "Original Hash Batches": 1, "Peak Memory Usage": 8288, "Workers": [], "Plans": [{"Node Type": "Hash Join", "Parent Relationship": "Outer", "Parallel Aware": true, "Async Capable": false, "Join Type": "Inner", "Startup Cost": 34473.2, "Total Cost": 234139.55, "Plan Rows": 691, "Plan Width": 27, "Actual Rows": 34859, "Actual Loops": 3, "Inner Unique": false, "Hash Cond": "(mi.movie_id = mc.movie_id)", "Workers": [], "Plans": [{"Node Type": "Hash Join", "Parent Relationship": "Outer", "Parallel Aware": false, "Async Capable": false, "Join Type": "Inner", "Startup Cost": 2.43, "Total Cost": 199403.96, "Plan Rows": 26259, "Plan Width": 4, "Actual Rows": 1012240, "Actual Loops": 3, "Inner Unique": true, "Hash Cond": "(mi.info_type_id = it2.id)", "Workers": [], "Plans": [{"Node Type": "Seq Scan", "Parent Relationship": "Outer", "Parallel Aware": true, "Async Capable": false, "Relation Name": "movie_info", "Alias": "mi", "Startup Cost": 0.0, "Total Cost": 191320.4, "Plan Rows": 2967240, "Plan Width": 8, "Actual Rows": 4945240, "Actual Loops": 3, "Workers": []}, {"Node Type": "Hash", "Parent Relationship": "Inner", "Parallel Aware": false, "Async Capable": false, "Startup Cost": 2.41, "Total Cost": 2.41, "Plan Rows": 1, "Plan Width": 4, "Actual Rows": 1, "Actual Loops": 3, "Hash Buckets": 1024, "Original Hash Buckets": 1024, "Hash Batches": 1, "Original Hash Batches": 1, "Peak Memory Usage": 9, "Workers": [], "Plans": [{"Node Type": "Seq Scan", "Parent Relationship": "Outer", "Parallel Aware": false, "Async Capable": false, "Relation Name": "info_type", "Alias": "it2", "Startup Cost": 0.0, "Total Cost": 2.41, "Plan Rows": 1, "Plan Width": 4, "Actual Rows": 1, "Actual Loops": 3, "Filter": "((info)::text = 'release dates'::text)", "Rows Removed by Filter": 112, "Workers": []}]}]}, {"Node Type": "Hash", "Parent Relationship": "Inner", "Parallel Aware": true, "Async Capable": false, "Startup Cost": 34396.41, "Total Cost": 34396.41, "Plan Rows": 5949, "Plan Width": 23, "Actual Rows": 17130, "Actual Loops": 3, "Hash Buckets": 65536, "Original Hash Buckets": 32768, "Hash Batches": 1, "Original Hash Batches": 1, "Peak Memory Usage": 3648, "Workers": [], "Plans": [{"Node Type": "Hash Join", "Parent Relationship": "Outer", "Parallel Aware": false, "Async Capable": false, "Join Type": "Inner", "Startup Cost": 4817.83, "Total Cost": 34396.41, "Plan Rows": 5949, "Plan Width": 23, "Actual Rows": 17130, "Actual Loops": 3, "Inner Unique": true, "Hash Cond": "(mc.company_type_id = ct.id)", "Workers": [], "Plans": [{"Node Type": "Hash Join", "Parent Relationship": "Outer", "Parallel Aware": true, "Async Capable": false, "Join Type": "Inner", "Startup Cost": 4816.77, "Total Cost": 34266.7, "Plan Rows": 23796, "Plan Width": 27, "Actual Rows": 34998, "Actual Loops": 3, "Inner Unique": true, "Hash Cond": "(mc.company_id = cn.id)", "Workers": [], "Plans": [{"Node Type": "Seq Scan", "Parent Relationship": "Outer", "Parallel Aware": true, "Async Capable": false, "Relation Name": "movie_companies", "Alias": "mc", "Startup Cost": 0.0, "Total Cost": 27240.55, "Plan Rows": 841655, "Plan Width": 12, "Actual Rows": 869710, "Actual Loops": 3, "Workers": []}, {"Node Type": "Hash", "Parent Relationship": "Inner", "Parallel Aware": true, "Async Capable": false, "Startup Cost": 4767.92, "Total Cost": 4767.92, "Plan Rows": 3908, "Plan Width": 23, "Actual Rows": 2251, "Actual Loops": 3, "Hash Buckets": 8192, "Original Hash Buckets": 8192, "Hash Batches": 1, "Original Hash Batches": 1, "Peak Memory Usage": 480, "Workers": [], "Plans": [{"Node Type": "Seq Scan", "Parent Relationship": "Outer", "Parallel Aware": true, "Async Capable": false, "Relation Name": "company_name", "Alias": "cn", "Startup Cost": 0.0, "Total Cost": 4767.92, "Plan Rows": 3908, "Plan Width": 23, "Actual Rows": 2251, "Actual Loops": 3, "Filter": "((country_code)::text = '[jp]'::text)", "Rows Removed by Filter": 76082, "Workers": []}]}]}, {"Node Type": "Hash", "Parent Relationship": "Inner", "Parallel Aware": false, "Async Capable": false, "Startup Cost": 1.05, "Total Cost": 1.05, "Plan Rows": 1, "Plan Width": 4, "Actual Rows": 1, "Actual Loops": 3, "Hash Buckets": 1024, "Original Hash Buckets": 1024, "Hash Batches": 1, "Original Hash Batches": 1, "Peak Memory Usage": 9, "Workers": [], "Plans": [{"Node Type": "Seq Scan", "Parent Relationship": "Outer", "Parallel Aware": false, "Async Capable": false, "Relation Name": "company_type", "Alias": "ct", "Startup Cost": 0.0, "Total Cost": 1.05, "Plan Rows": 1, "Plan Width": 4, "Actual Rows": 1, "Actual Loops": 3, "Filter": "((kind)::text = 'production companies'::text)", "Rows Removed by Filter": 3, "Workers": []}]}]}]}]}]}]}]}]}]}, "Planning Time": 9.32, "Triggers": [], "Execution Time": 2378.293}, {"Plan": {"Node Type": "Aggregate", "Strategy": "Plain", "Partial Mode": "Simple", "Parallel Aware": false, "Async Capable": false, "Startup Cost": 251337.85, "Total Cost": 251337.86, "Plan Rows": 1, "Plan Width": 96, "Actual Rows": 1, "Actual Loops": 1, "Plans": [{"Node Type": "Nested Loop", "Parent Relationship": "Outer", "Parallel Aware": false, "Async Capable": false, "Join Type": "Inner", "Startup Cost": 235460.76, "Total Cost": 251337.84, "Plan Rows": 1, "Plan Width": 41, "Actual Rows": 14, "Actual Loops": 1, "Inner Unique": false, "Join Filter": "(it.id = miidx.info_type_id)", "Rows Removed by Join Filter": 28, "Plans": [{"Node Type": "Seq Scan", "Parent Relationship": "Outer", "Parallel Aware": false, "Async Capable": false, "Relation Name": "info_type", "Alias": "it", "Startup Cost": 0.0, "Total Cost": 2.41, "Plan Rows": 1, "Plan Width": 4, "Actual Rows": 1, "Actual Loops": 1, "Filter": "((info)::text = 'votes'::text)", "Rows Removed by Filter": 112}, {"Node Type": "Nested Loop", "Parent Relationship": "Inner", "Parallel Aware": false, "Async Capable": false, "Join Type": "Inner", "Startup Cost": 235460.76, "Total Cost": 251335.42, "Plan Rows": 1, "Plan Width": 45, "Actual Rows": 42, "Actual Loops": 1, "Inner Unique": true, "Plans": [{"Node Type": "Gather", "Parent Relationship": "Outer", "Parallel Aware": false, "Async Capable": false, "Startup Cost": 235460.63, "Total Cost": 251335.19, "Plan Rows": 1, "Plan Width": 49, "Actual Rows": 48, "Actual Loops": 1, "Workers Planned": 2, "Workers Launched": 2, "Single Copy": false, "Plans": [{"Node Type": "Hash Join", "Parent Relationship": "Outer", "Parallel Aware": true, "Async Capable": false, "Join Type": "Inner", "Startup Cost": 234460.63, "Total Cost": 250335.09, "Plan Rows": 1, "Plan Width": 49, "Actual Rows": 16, "Actual Loops": 3, "Inner Unique": false, "Hash Cond": "(miidx.movie_id = mi.movie_id)", "Workers": [], "Plans": [{"Node Type": "Seq Scan", "Parent Relationship": "Outer", "Parallel Aware": true, "Async Capable": false, "Relation Name": "movie_info_idx", "Alias": "miidx", "Startup Cost": 0.0, "Total Cost": 13718.15, "Plan Rows": 575015, "Plan Width": 13, "Actual Rows": 460012, "Actual Loops": 3, "Workers": []}, {"Node Type": "Hash", "Parent Relationship": "Inner", "Parallel Aware": true, "Async Capable": false, "Startup Cost": 234460.62, "Total Cost": 234460.62, "Plan Rows": 1, "Plan Width": 52, "Actual Rows": 11, "Actual Loops": 3, "Hash Buckets": 1024, "Original Hash Buckets": 1024, "Hash Batches": 1, "Original Hash Batches": 1, "Peak Memory Usage": 104, "Workers": [], "Plans": [{"Node Type": "Nested Loop", "Parent Relationship": "Outer", "Parallel Aware": false, "Async Capable": false, "Join Type": "Inner", "Startup Cost": 34473.63, "Total Cost": 234460.62, "Plan Rows": 1, "Plan Width": 52, "Actual Rows": 11, "Actual Loops": 3, "Inner Unique": true, "Workers": [], "Plans": [{"Node Type": "Hash Join", "Parent Relationship": "Outer", "Parallel Aware": true, "Async Capable": false, "Join Type": "Inner", "Startup Cost": 34473.2, "Total Cost": 234139.55, "Plan Rows": 691, "Plan Width": 27, "Actual Rows": 34859, "Actual Loops": 3, "Inner Unique": false, "Hash Cond": "(mi.movie_id = mc.movie_id)", "Workers": [], "Plans": [{"Node Type": "Hash Join", "Parent Relationship": "Outer", "Parallel Aware": false, "Async Capable": false, "Join Type": "Inner", "Startup Cost": 2.43, "Total Cost": 199403.96, "Plan Rows": 26259, "Plan Width": 4, "Actual Rows": 1012240, "Actual Loops": 3, "Inner Unique": true, "Hash Cond": "(mi.info_type_id = it2.id)", "Workers": [], "Plans": [{"Node Type": "Seq Scan", "Parent Relationship": "Outer", "Parallel Aware": true, "Async Capable": false, "Relation Name": "movie_info", "Alias": "mi", "Startup Cost": 0.0, "Total Cost": 191320.4, "Plan Rows": 2967240, "Plan Width": 8, "Actual Rows": 4945240, "Actual Loops": 3, "Workers": []}, {"Node Type": "Hash", "Parent Relationship": "Inner", "Parallel Aware": false, "Async Capable": false, "Startup Cost": 2.41, "Total Cost": 2.41, "Plan Rows": 1, "Plan Width": 4, "Actual Rows": 1, "Actual Loops": 3, "Hash Buckets": 1024, "Original Hash Buckets": 1024, "Hash Batches": 1, "Original Hash Batches": 1, "Peak Memory Usage": 9, "Workers": [], "Plans": [{"Node Type": "Seq Scan", "Parent Relationship": "Outer", "Parallel Aware": false, "Async Capable": false, "Relation Name": "info_type", "Alias": "it2", "Startup Cost": 0.0, "Total Cost": 2.41, "Plan Rows": 1, "Plan Width": 4, "Actual Rows": 1, "Actual Loops": 3, "Filter": "((info)::text = 'release dates'::text)", "Rows Removed by Filter": 112, "Workers": []}]}]}, {"Node Type": "Hash", "Parent Relationship": "Inner", "Parallel Aware": true, "Async Capable": false, "Startup Cost": 34396.41, "Total Cost": 34396.41, "Plan Rows": 5949, "Plan Width": 23, "Actual Rows": 17130, "Actual Loops": 3, "Hash Buckets": 65536, "Original Hash Buckets": 32768, "Hash Batches": 1, "Original Hash Batches": 1, "Peak Memory Usage": 3648, "Workers": [], "Plans": [{"Node Type": "Hash Join", "Parent Relationship": "Outer", "Parallel Aware": false, "Async Capable": false, "Join Type": "Inner", "Startup Cost": 4817.83, "Total Cost": 34396.41, "Plan Rows": 5949, "Plan Width": 23, "Actual Rows": 17130, "Actual Loops": 3, "Inner Unique": true, "Hash Cond": "(mc.company_type_id = ct.id)", "Workers": [], "Plans": [{"Node Type": "Hash Join", "Parent Relationship": "Outer", "Parallel Aware": true, "Async Capable": false, "Join Type": "Inner", "Startup Cost": 4816.77, "Total Cost": 34266.7, "Plan Rows": 23796, "Plan Width": 27, "Actual Rows": 34998, "Actual Loops": 3, "Inner Unique": true, "Hash Cond": "(mc.company_id = cn.id)", "Workers": [], "Plans": [{"Node Type": "Seq Scan", "Parent Relationship": "Outer", "Parallel Aware": true, "Async Capable": false, "Relation Name": "movie_companies", "Alias": "mc", "Startup Cost": 0.0, "Total Cost": 27240.55, "Plan Rows": 841655, "Plan Width": 12, "Actual Rows": 869710, "Actual Loops": 3, "Workers": []}, {"Node Type": "Hash", "Parent Relationship": "Inner", "Parallel Aware": true, "Async Capable": false, "Startup Cost": 4767.92, "Total Cost": 4767.92, "Plan Rows": 3908, "Plan Width": 23, "Actual Rows": 2251, "Actual Loops": 3, "Hash Buckets": 8192, "Original Hash Buckets": 8192, "Hash Batches": 1, "Original Hash Batches": 1, "Peak Memory Usage": 480, "Workers": [], "Plans": [{"Node Type": "Seq Scan", "Parent Relationship": "Outer", "Parallel Aware": true, "Async Capable": false, "Relation Name": "company_name", "Alias": "cn", "Startup Cost": 0.0, "Total Cost": 4767.92, "Plan Rows": 3908, "Plan Width": 23, "Actual Rows": 2251, "Actual Loops": 3, "Filter": "((country_code)::text = '[jp]'::text)", "Rows Removed by Filter": 76082, "Workers": []}]}]}, {"Node Type": "Hash", "Parent Relationship": "Inner", "Parallel Aware": false, "Async Capable": false, "Startup Cost": 1.05, "Total Cost": 1.05, "Plan Rows": 1, "Plan Width": 4, "Actual Rows": 1, "Actual Loops": 3, "Hash Buckets": 1024, "Original Hash Buckets": 1024, "Hash Batches": 1, "Original Hash Batches": 1, "Peak Memory Usage": 9, "Workers": [], "Plans": [{"Node Type": "Seq Scan", "Parent Relationship": "Outer", "Parallel Aware": false, "Async Capable": false, "Relation Name": "company_type", "Alias": "ct", "Startup Cost": 0.0, "Total Cost": 1.05, "Plan Rows": 1, "Plan Width": 4, "Actual Rows": 1, "Actual Loops": 3, "Filter": "((kind)::text = 'production companies'::text)", "Rows Removed by Filter": 3, "Workers": []}]}]}]}]}, {"Node Type": "Index Scan", "Parent Relationship": "Inner", "Parallel Aware": false, "Async Capable": false, "Scan Direction": "Forward", "Index Name": "title_pkey", "Relation Name": "title", "Alias": "t", "Startup Cost": 0.43, "Total Cost": 0.46, "Plan Rows": 1, "Plan Width": 25, "Actual Rows": 0, "Actual Loops": 104578, "Index Cond": "(id = mi.movie_id)", "Rows Removed by Index Recheck": 0, "Filter": "(((title)::text ~~ '%Champion%'::text) OR ((title)::text ~~ '%Freddy%'::text))", "Rows Removed by Filter": 1, "Workers": []}]}]}]}]}, {"Node Type": "Index Scan", "Parent Relationship": "Inner", "Parallel Aware": false, "Async Capable": false, "Scan Direction": "Forward", "Index Name": "kind_type_pkey", "Relation Name": "kind_type", "Alias": "kt", "Startup Cost": 0.13, "Total Cost": 0.18, "Plan Rows": 1, "Plan Width": 4, "Actual Rows": 1, "Actual Loops": 48, "Index Cond": "(id = t.kind_id)", "Rows Removed by Index Recheck": 0, "Filter": "((kind)::text = 'video game'::text)", "Rows Removed by Filter": 0}]}]}]}, "Planning Time": 9.467, "Triggers": [], "Execution Time": 1603.999}, {"Plan": {"Node Type": "Aggregate", "Strategy": "Plain", "Partial Mode": "Finalize", "Parallel Aware": false, "Async Capable": false, "Startup Cost": 250766.78, "Total Cost": 250766.79, "Plan Rows": 1, "Plan Width": 96, "Actual Rows": 1, "Actual Loops": 1, "Plans": [{"Node Type": "Gather", "Parent Relationship": "Outer", "Parallel Aware": false, "Async Capable": false, "Startup Cost": 250766.56, "Total Cost": 250766.77, "Plan Rows": 2, "Plan Width": 96, "Actual Rows": 3, "Actual Loops": 1, "Workers Planned": 2, "Workers Launched": 2, "Single Copy": false, "Plans": [{"Node Type": "Aggregate", "Strategy": "Plain", "Partial Mode": "Partial", "Parent Relationship": "Outer", "Parallel Aware": false, "Async Capable": false, "Startup Cost": 249766.56, "Total Cost": 249766.57, "Plan Rows": 1, "Plan Width": 96, "Actual Rows": 1, "Actual Loops": 3, "Workers": [], "Plans": [{"Node Type": "Hash Join", "Parent Relationship": "Outer", "Parallel Aware": true, "Async Capable": false, "Join Type": "Inner", "Startup Cost": 234463.28, "Total Cost": 249766.55, "Plan Rows": 1, "Plan Width": 41, "Actual Rows": 5, "Actual Loops": 3, "Inner Unique": false, "Hash Cond": "(miidx.movie_id = mi.movie_id)", "Workers": [], "Plans": [{"Node Type": "Hash Join", "Parent Relationship": "Outer", "Parallel Aware": false, "Async Capable": false, "Join Type": "Inner", "Startup Cost": 2.43, "Total Cost": 15286.6, "Plan Rows": 5089, "Plan Width": 9, "Actual Rows": 153308, "Actual Loops": 3, "Inner Unique": true, "Hash Cond": "(miidx.info_type_id = it.id)", "Workers": [], "Plans": [{"Node Type": "Seq Scan", "Parent Relationship": "Outer", "Parallel Aware": true, "Async Capable": false, "Relation Name": "movie_info_idx", "Alias": "miidx", "Startup Cost": 0.0, "Total Cost": 13718.15, "Plan Rows": 575015, "Plan Width": 13, "Actual Rows": 460012, "Actual Loops": 3, "Workers": []}, {"Node Type": "Hash", "Parent Relationship": "Inner", "Parallel Aware": false, "Async Capable": false, "Startup Cost": 2.41, "Total Cost": 2.41, "Plan Rows": 1, "Plan Width": 4, "Actual Rows": 1, "Actual Loops": 3, "Hash Buckets": 1024, "Original Hash Buckets": 1024, "Hash Batches": 1, "Original Hash Batches": 1, "Peak Memory Usage": 9, "Workers": [], "Plans": [{"Node Type": "Seq Scan", "Parent Relationship": "Outer", "Parallel Aware": false, "Async Capable": false, "Relation Name": "info_type", "Alias": "it", "Startup Cost": 0.0, "Total Cost": 2.41, "Plan Rows": 1, "Plan Width": 4, "Actual Rows": 1, "Actual Loops": 3, "Filter": "((info)::text = 'votes'::text)", "Rows Removed by Filter": 112, "Workers": []}]}]}, {"Node Type": "Hash", "Parent Relationship": "Inner", "Parallel Aware": true, "Async Capable": false, "Startup Cost": 234460.84, "Total Cost": 234460.84, "Plan Rows": 1, "Plan Width": 48, "Actual Rows": 8, "Actual Loops": 3, "Hash Buckets": 1024, "Original Hash Buckets": 1024, "Hash Batches": 1, "Original Hash Batches": 1, "Peak Memory Usage": 104, "Workers": [], "Plans": [{"Node Type": "Nested Loop", "Parent Relationship": "Outer", "Parallel Aware": false, "Async Capable": false, "Join Type": "Inner", "Startup Cost": 34473.76, "Total Cost": 234460.84, "Plan Rows": 1, "Plan Width": 48, "Actual Rows": 8, "Actual Loops": 3, "Inner Unique": true, "Workers": [], "Plans": [{"Node Type": "Nested Loop", "Parent Relationship": "Outer", "Parallel Aware": false, "Async Capable": false, "Join Type": "Inner", "Startup Cost": 34473.63, "Total Cost": 234460.62, "Plan Rows": 1, "Plan Width": 52, "Actual Rows": 11, "Actual Loops": 3, "Inner Unique": true, "Workers": [], "Plans": [{"Node Type": "Hash Join", "Parent Relationship": "Outer", "Parallel Aware": true, "Async Capable": false, "Join Type": "Inner", "Startup Cost": 34473.2, "Total Cost": 234139.55, "Plan Rows": 691, "Plan Width": 27, "Actual Rows": 34859, "Actual Loops": 3, "Inner Unique": false, "Hash Cond": "(mi.movie_id = mc.movie_id)", "Workers": [], "Plans": [{"Node Type": "Hash Join", "Parent Relationship": "Outer", "Parallel Aware": false, "Async Capable": false, "Join Type": "Inner", "Startup Cost": 2.43, "Total Cost": 199403.96, "Plan Rows": 26259, "Plan Width": 4, "Actual Rows": 1012240, "Actual Loops": 3, "Inner Unique": true, "Hash Cond": "(mi.info_type_id = it2.id)", "Workers": [], "Plans": [{"Node Type": "Seq Scan", "Parent Relationship": "Outer", "Parallel Aware": true, "Async Capable": false, "Relation Name": "movie_info", "Alias": "mi", "Startup Cost": 0.0, "Total Cost": 191320.4, "Plan Rows": 2967240, "Plan Width": 8, "Actual Rows": 4945240, "Actual Loops": 3, "Workers": []}, {"Node Type": "Hash", "Parent Relationship": "Inner", "Parallel Aware": false, "Async Capable": false, "Startup Cost": 2.41, "Total Cost": 2.41, "Plan Rows": 1, "Plan Width": 4, "Actual Rows": 1, "Actual Loops": 3, "Hash Buckets": 1024, "Original Hash Buckets": 1024, "Hash Batches": 1, "Original Hash Batches": 1, "Peak Memory Usage": 9, "Workers": [], "Plans": [{"Node Type": "Seq Scan", "Parent Relationship": "Outer", "Parallel Aware": false, "Async Capable": false, "Relation Name": "info_type", "Alias": "it2", "Startup Cost": 0.0, "Total Cost": 2.41, "Plan Rows": 1, "Plan Width": 4, "Actual Rows": 1, "Actual Loops": 3, "Filter": "((info)::text = 'release dates'::text)", "Rows Removed by Filter": 112, "Workers": []}]}]}, {"Node Type": "Hash", "Parent Relationship": "Inner", "Parallel Aware": true, "Async Capable": false, "Startup Cost": 34396.41, "Total Cost": 34396.41, "Plan Rows": 5949, "Plan Width": 23, "Actual Rows": 17130, "Actual Loops": 3, "Hash Buckets": 65536, "Original Hash Buckets": 32768, "Hash Batches": 1, "Original Hash Batches": 1, "Peak Memory Usage": 3648, "Workers": [], "Plans": [{"Node Type": "Hash Join", "Parent Relationship": "Outer", "Parallel Aware": false, "Async Capable": false, "Join Type": "Inner", "Startup Cost": 4817.83, "Total Cost": 34396.41, "Plan Rows": 5949, "Plan Width": 23, "Actual Rows": 17130, "Actual Loops": 3, "Inner Unique": true, "Hash Cond": "(mc.company_type_id = ct.id)", "Workers": [], "Plans": [{"Node Type": "Hash Join", "Parent Relationship": "Outer", "Parallel Aware": true, "Async Capable": false, "Join Type": "Inner", "Startup Cost": 4816.77, "Total Cost": 34266.7, "Plan Rows": 23796, "Plan Width": 27, "Actual Rows": 34998, "Actual Loops": 3, "Inner Unique": true, "Hash Cond": "(mc.company_id = cn.id)", "Workers": [], "Plans": [{"Node Type": "Seq Scan", "Parent Relationship": "Outer", "Parallel Aware": true, "Async Capable": false, "Relation Name": "movie_companies", "Alias": "mc", "Startup Cost": 0.0, "Total Cost": 27240.55, "Plan Rows": 841655, "Plan Width": 12, "Actual Rows": 869710, "Actual Loops": 3, "Workers": []}, {"Node Type": "Hash", "Parent Relationship": "Inner", "Parallel Aware": true, "Async Capable": false, "Startup Cost": 4767.92, "Total Cost": 4767.92, "Plan Rows": 3908, "Plan Width": 23, "Actual Rows": 2251, "Actual Loops": 3, "Hash Buckets": 8192, "Original Hash Buckets": 8192, "Hash Batches": 1, "Original Hash Batches": 1, "Peak Memory Usage": 448, "Workers": [], "Plans": [{"Node Type": "Seq Scan", "Parent Relationship": "Outer", "Parallel Aware": true, "Async Capable": false, "Relation Name": "company_name", "Alias": "cn", "Startup Cost": 0.0, "Total Cost": 4767.92, "Plan Rows": 3908, "Plan Width": 23, "Actual Rows": 2251, "Actual Loops": 3, "Filter": "((country_code)::text = '[jp]'::text)", "Rows Removed by Filter": 76082, "Workers": []}]}]}, {"Node Type": "Hash", "Parent Relationship": "Inner", "Parallel Aware": false, "Async Capable": false, "Startup Cost": 1.05, "Total Cost": 1.05, "Plan Rows": 1, "Plan Width": 4, "Actual Rows": 1, "Actual Loops": 3, "Hash Buckets": 1024, "Original Hash Buckets": 1024, "Hash Batches": 1, "Original Hash Batches": 1, "Peak Memory Usage": 9, "Workers": [], "Plans": [{"Node Type": "Seq Scan", "Parent Relationship": "Outer", "Parallel Aware": false, "Async Capable": false, "Relation Name": "company_type", "Alias": "ct", "Startup Cost": 0.0, "Total Cost": 1.05, "Plan Rows": 1, "Plan Width": 4, "Actual Rows": 1, "Actual Loops": 3, "Filter": "((kind)::text = 'production companies'::text)", "Rows Removed by Filter": 3, "Workers": []}]}]}]}]}, {"Node Type": "Index Scan", "Parent Relationship": "Inner", "Parallel Aware": false, "Async Capable": false, "Scan Direction": "Forward", "Index Name": "title_pkey", "Relation Name": "title", "Alias": "t", "Startup Cost": 0.43, "Total Cost": 0.46, "Plan Rows": 1, "Plan Width": 25, "Actual Rows": 0, "Actual Loops": 104578, "Index Cond": "(id = mi.movie_id)", "Rows Removed by Index Recheck": 0, "Filter": "(((title)::text ~~ '%Champion%'::text) OR ((title)::text ~~ '%Freddy%'::text))", "Rows Removed by Filter": 1, "Workers": []}]}, {"Node Type": "Index Scan", "Parent Relationship": "Inner", "Parallel Aware": false, "Async Capable": false, "Scan Direction": "Forward", "Index Name": "kind_type_pkey", "Relation Name": "kind_type", "Alias": "kt", "Startup Cost": 0.13, "Total Cost": 0.18, "Plan Rows": 1, "Plan Width": 4, "Actual Rows": 1, "Actual Loops": 33, "Index Cond": "(id = t.kind_id)", "Rows Removed by Index Recheck": 0, "Filter": "((kind)::text = 'video game'::text)", "Rows Removed by Filter": 0, "Workers": []}]}]}]}]}]}]}, "Planning Time": 9.588, "Triggers": [], "Execution Time": 1628.512}, {"Plan": {"Node Type": "Aggregate", "Strategy": "Plain", "Partial Mode": "Finalize", "Parallel Aware": false, "Async Capable": false, "Startup Cost": 253396.22, "Total Cost": 253396.23, "Plan Rows": 1, "Plan Width": 96, "Actual Rows": 1, "Actual Loops": 1, "Plans": [{"Node Type": "Gather", "Parent Relationship": "Outer", "Parallel Aware": false, "Async Capable": false, "Startup Cost": 253395.67, "Total Cost": 253396.18, "Plan Rows": 5, "Plan Width": 96, "Actual Rows": 6, "Actual Loops": 1, "Workers Planned": 5, "Workers Launched": 5, "Single Copy": false, "Plans": [{"Node Type": "Aggregate", "Strategy": "Plain", "Partial Mode": "Partial", "Parent Relationship": "Outer", "Parallel Aware": false, "Async Capable": false, "Startup Cost": 252395.67, "Total Cost": 252395.68, "Plan Rows": 1, "Plan Width": 96, "Actual Rows": 1, "Actual Loops": 6, "Workers": [], "Plans": [{"Node Type": "Hash Join", "Parent Relationship": "Outer", "Parallel Aware": true, "Async Capable": false, "Join Type": "Inner", "Startup Cost": 52726.71, "Total Cost": 252395.67, "Plan Rows": 1, "Plan Width": 41, "Actual Rows": 2, "Actual Loops": 6, "Inner Unique": false, "Hash Cond": "(mi.movie_id = t.id)", "Workers": [], "Plans": [{"Node Type": "Hash Join", "Parent Relationship": "Outer", "Parallel Aware": true, "Async Capable": false, "Join Type": "Inner", "Startup Cost": 34473.2, "Total Cost": 234139.55, "Plan Rows": 691, "Plan Width": 27, "Actual Rows": 17430, "Actual Loops": 6, "Inner Unique": false, "Hash Cond": "(mi.movie_id = mc.movie_id)", "Workers": [], "Plans": [{"Node Type": "Hash Join", "Parent Relationship": "Outer", "Parallel Aware": false, "Async Capable": false, "Join Type": "Inner", "Startup Cost": 2.43, "Total Cost": 199403.96, "Plan Rows": 26259, "Plan Width": 4, "Actual Rows": 506120, "Actual Loops": 6, "Inner Unique": true, "Hash Cond": "(mi.info_type_id = it2.id)", "Workers": [], "Plans": [{"Node Type": "Seq Scan", "Parent Relationship": "Outer", "Parallel Aware": true, "Async Capable": false, "Relation Name": "movie_info", "Alias": "mi", "Startup Cost": 0.0, "Total Cost": 191320.4, "Plan Rows": 2967240, "Plan Width": 8, "Actual Rows": 2472620, "Actual Loops": 6, "Workers": []}, {"Node Type": "Hash", "Parent Relationship": "Inner", "Parallel Aware": false, "Async Capable": false, "Startup Cost": 2.41, "Total Cost": 2.41, "Plan Rows": 1, "Plan Width": 4, "Actual Rows": 1, "Actual Loops": 6, "Hash Buckets": 1024, "Original Hash Buckets": 1024, "Hash Batches": 1, "Original Hash Batches": 1, "Peak Memory Usage": 9, "Workers": [], "Plans": [{"Node Type": "Seq Scan", "Parent Relationship": "Outer", "Parallel Aware": false, "Async Capable": false, "Relation Name": "info_type", "Alias": "it2", "Startup Cost": 0.0, "Total Cost": 2.41, "Plan Rows": 1, "Plan Width": 4, "Actual Rows": 1, "Actual Loops": 6, "Filter": "((info)::text = 'release dates'::text)", "Rows Removed by Filter": 112, "Workers": []}]}]}, {"Node Type": "Hash", "Parent Relationship": "Inner", "Parallel Aware": true, "Async Capable": false, "Startup Cost": 34396.41, "Total Cost": 34396.41, "Plan Rows": 5949, "Plan Width": 23, "Actual Rows": 8565, "Actual Loops": 6, "Hash Buckets": 65536, "Original Hash Buckets": 32768, "Hash Batches": 1, "Original Hash Batches": 1, "Peak Memory Usage": 3712, "Workers": [], "Plans": [{"Node Type": "Hash Join", "Parent Relationship": "Outer", "Parallel Aware": false, "Async Capable": false, "Join Type": "Inner", "Startup Cost": 4817.83, "Total Cost": 34396.41, "Plan Rows": 5949, "Plan Width": 23, "Actual Rows": 8565, "Actual Loops": 6, "Inner Unique": true, "Hash Cond": "(mc.company_type_id = ct.id)", "Workers": [], "Plans": [{"Node Type": "Hash Join", "Parent Relationship": "Outer", "Parallel Aware": true, "Async Capable": false, "Join Type": "Inner", "Startup Cost": 4816.77, "Total Cost": 34266.7, "Plan Rows": 23796, "Plan Width": 27, "Actual Rows": 17499, "Actual Loops": 6, "Inner Unique": true, "Hash Cond": "(mc.company_id = cn.id)", "Workers": [], "Plans": [{"Node Type": "Seq Scan", "Parent Relationship": "Outer", "Parallel Aware": true, "Async Capable": false, "Relation Name": "movie_companies", "Alias": "mc", "Startup Cost": 0.0, "Total Cost": 27240.55, "Plan Rows": 841655, "Plan Width": 12, "Actual Rows": 434855, "Actual Loops": 6, "Workers": []}, {"Node Type": "Hash", "Parent Relationship": "Inner", "Parallel Aware": true, "Async Capable": false, "Startup Cost": 4767.92, "Total Cost": 4767.92, "Plan Rows": 3908, "Plan Width": 23, "Actual Rows": 1125, "Actual Loops": 6, "Hash Buckets": 8192, "Original Hash Buckets": 8192, "Hash Batches": 1, "Original Hash Batches": 1, "Peak Memory Usage": 480, "Workers": [], "Plans": [{"Node Type": "Seq Scan", "Parent Relationship": "Outer", "Parallel Aware": true, "Async Capable": false, "Relation Name": "company_name", "Alias": "cn", "Startup Cost": 0.0, "Total Cost": 4767.92, "Plan Rows": 3908, "Plan Width": 23, "Actual Rows": 1125, "Actual Loops": 6, "Filter": "((country_code)::text = '[jp]'::text)", "Rows Removed by Filter": 38041, "Workers": []}]}]}, {"Node Type": "Hash", "Parent Relationship": "Inner", "Parallel Aware": false, "Async Capable": false, "Startup Cost": 1.05, "Total Cost": 1.05, "Plan Rows": 1, "Plan Width": 4, "Actual Rows": 1, "Actual Loops": 6, "Hash Buckets": 1024, "Original Hash Buckets": 1024, "Hash Batches": 1, "Original Hash Batches": 1, "Peak Memory Usage": 9, "Workers": [], "Plans": [{"Node Type": "Seq Scan", "Parent Relationship": "Outer", "Parallel Aware": false, "Async Capable": false, "Relation Name": "company_type", "Alias": "ct", "Startup Cost": 0.0, "Total Cost": 1.05, "Plan Rows": 1, "Plan Width": 4, "Actual Rows": 1, "Actual Loops": 6, "Filter": "((kind)::text = 'production companies'::text)", "Rows Removed by Filter": 3, "Workers": []}]}]}]}]}, {"Node Type": "Hash", "Parent Relationship": "Inner", "Parallel Aware": true, "Async Capable": false, "Startup Cost": 18253.5, "Total Cost": 18253.5, "Plan Rows": 1, "Plan Width": 30, "Actual Rows": 4, "Actual Loops": 6, "Hash Buckets": 1024, "Original Hash Buckets": 1024, "Hash Batches": 1, "Original Hash Batches": 1, "Peak Memory Usage": 200, "Workers": [], "Plans": [{"Node Type": "Nested Loop", "Parent Relationship": "Outer", "Parallel Aware": false, "Async Capable": false, "Join Type": "Inner", "Startup Cost": 3.0, "Total Cost": 18253.5, "Plan Rows": 1, "Plan Width": 30, "Actual Rows": 4, "Actual Loops": 6, "Inner Unique": true, "Workers": [], "Plans": [{"Node Type": "Nested Loop", "Parent Relationship": "Outer", "Parallel Aware": false, "Async Capable": false, "Join Type": "Inner", "Startup Cost": 2.86, "Total Cost": 18253.3, "Plan Rows": 1, "Plan Width": 34, "Actual Rows": 49, "Actual Loops": 6, "Inner Unique": true, "Workers": [], "Plans": [{"Node Type": "Hash Join", "Parent Relationship": "Outer", "Parallel Aware": false, "Async Capable": false, "Join Type": "Inner", "Startup Cost": 2.43, "Total Cost": 15286.6, "Plan Rows": 5089, "Plan Width": 9, "Actual Rows": 76654, "Actual Loops": 6, "Inner Unique": true, "Hash Cond": "(miidx.info_type_id = it.id)", "Workers": [], "Plans": [{"Node Type": "Seq Scan", "Parent Relationship": "Outer", "Parallel Aware": true, "Async Capable": false, "Relation Name": "movie_info_idx", "Alias": "miidx", "Startup Cost": 0.0, "Total Cost": 13718.15, "Plan Rows": 575015, "Plan Width": 13, "Actual Rows": 230006, "Actual Loops": 6, "Workers": []}, {"Node Type": "Hash", "Parent Relationship": "Inner", "Parallel Aware": false, "Async Capable": false, "Startup Cost": 2.41, "Total Cost": 2.41, "Plan Rows": 1, "Plan Width": 4, "Actual Rows": 1, "Actual Loops": 6, "Hash Buckets": 1024, "Original Hash Buckets": 1024, "Hash Batches": 1, "Original Hash Batches": 1, "Peak Memory Usage": 9, "Workers": [], "Plans": [{"Node Type": "Seq Scan", "Parent Relationship": "Outer", "Parallel Aware": false, "Async Capable": false, "Relation Name": "info_type", "Alias": "it", "Startup Cost": 0.0, "Total Cost": 2.41, "Plan Rows": 1, "Plan Width": 4, "Actual Rows": 1, "Actual Loops": 6, "Filter": "((info)::text = 'votes'::text)", "Rows Removed by Filter": 112, "Workers": []}]}]}, {"Node Type": "Index Scan", "Parent Relationship": "Inner", "Parallel Aware": false, "Async Capable": false, "Scan Direction": "Forward", "Index Name": "title_pkey", "Relation Name": "title", "Alias": "t", "Startup Cost": 0.43, "Total Cost": 0.58, "Plan Rows": 1, "Plan Width": 25, "Actual Rows": 0, "Actual Loops": 459925, "Index Cond": "(id = miidx.movie_id)", "Rows Removed by Index Recheck": 0, "Filter": "(((title)::text ~~ '%Champion%'::text) OR ((title)::text ~~ '%Freddy%'::text))", "Rows Removed by Filter": 1, "Workers": []}]}, {"Node Type": "Memoize", "Parent Relationship": "Inner", "Parallel Aware": false, "Async Capable": false, "Startup Cost": 0.14, "Total Cost": 0.19, "Plan Rows": 1, "Plan Width": 4, "Actual Rows": 0, "Actual Loops": 292, "Cache Key": "t.kind_id", "Cache Mode": "logical", "Cache Hits": 94, "Cache Misses": 6, "Cache Evictions": 0, "Cache Overflows": 0, "Peak Memory Usage": 1, "Workers": [{"Worker Number": 0, "Cache Hits": 33, "Cache Misses": 6, "Cache Evictions": 0, "Cache Overflows": 0, "Peak Memory Usage": 1}, {"Worker Number": 1, "Cache Hits": 28, "Cache Misses": 5, "Cache Evictions": 0, "Cache Overflows": 0, "Peak Memory Usage": 1}, {"Worker Number": 2, "Cache Hits": 25, "Cache Misses": 6, "Cache Evictions": 0, "Cache Overflows": 0, "Peak Memory Usage": 1}, {"Worker Number": 3, "Cache Hits": 28, "Cache Misses": 6, "Cache Evictions": 0, "Cache Overflows": 0, "Peak Memory Usage": 1}, {"Worker Number": 4, "Cache Hits": 49, "Cache Misses": 6, "Cache Evictions": 0, "Cache Overflows": 0, "Peak Memory Usage": 1}], "Plans": [{"Node Type": "Index Scan", "Parent Relationship": "Outer", "Parallel Aware": false, "Async Capable": false, "Scan Direction": "Forward", "Index Name": "kind_type_pkey", "Relation Name": "kind_type", "Alias": "kt", "Startup Cost": 0.13, "Total Cost": 0.18, "Plan Rows": 1, "Plan Width": 4, "Actual Rows": 0, "Actual Loops": 35, "Index Cond": "(id = t.kind_id)", "Rows Removed by Index Recheck": 0, "Filter": "((kind)::text = 'video game'::text)", "Rows Removed by Filter": 1, "Workers": []}]}]}]}]}]}]}]}, "Planning Time": 8.645, "Triggers": [], "Execution Time": 1066.724}, {"Plan": {"Node Type": "Aggregate", "Strategy": "Plain", "Partial Mode": "Simple", "Parallel Aware": false, "Async Capable": false, "Startup Cost": 246463.17, "Total Cost": 246463.18, "Plan Rows": 1, "Plan Width": 96, "Actual Rows": 1, "Actual Loops": 1, "Plans": [{"Node Type": "Nested Loop", "Parent Relationship": "Outer", "Parallel Aware": false, "Async Capable": false, "Join Type": "Inner", "Startup Cost": 216066.18, "Total Cost": 246463.17, "Plan Rows": 1, "Plan Width": 41, "Actual Rows": 14, "Actual Loops": 1, "Inner Unique": true, "Plans": [{"Node Type": "Nested Loop", "Parent Relationship": "Outer", "Parallel Aware": false, "Async Capable": false, "Join Type": "Inner", "Startup Cost": 216065.76, "Total Cost": 246462.72, "Plan Rows": 1, "Plan Width": 26, "Actual Rows": 37, "Actual Loops": 1, "Inner Unique": true, "Plans": [{"Node Type": "Gather", "Parent Relationship": "Outer", "Parallel Aware": false, "Async Capable": false, "Startup Cost": 216065.63, "Total Cost": 246462.55, "Plan Rows": 1, "Plan Width": 30, "Actual Rows": 95, "Actual Loops": 1, "Workers Planned": 3, "Workers Launched": 3, "Single Copy": false, "Plans": [{"Node Type": "Nested Loop", "Parent Relationship": "Outer", "Parallel Aware": false, "Async Capable": false, "Join Type": "Inner", "Startup Cost": 215065.63, "Total Cost": 245462.45, "Plan Rows": 1, "Plan Width": 30, "Actual Rows": 24, "Actual Loops": 4, "Inner Unique": true, "Workers": [], "Plans": [{"Node Type": "Hash Join", "Parent Relationship": "Outer", "Parallel Aware": true, "Async Capable": false, "Join Type": "Inner", "Startup Cost": 215065.49, "Total Cost": 245462.25, "Plan Rows": 1, "Plan Width": 34, "Actual Rows": 961, "Actual Loops": 4, "Inner Unique": false, "Hash Cond": "(mc.movie_id = mi.movie_id)", "Workers": [], "Plans": [{"Node Type": "Seq Scan", "Parent Relationship": "Outer", "Parallel Aware": true, "Async Capable": false, "Relation Name": "movie_companies", "Alias": "mc", "Startup Cost": 0.0, "Total Cost": 27240.55, "Plan Rows": 841655, "Plan Width": 12, "Actual Rows": 652282, "Actual Loops": 4, "Workers": []}, {"Node Type": "Hash", "Parent Relationship": "Inner", "Parallel Aware": true, "Async Capable": false, "Startup Cost": 215065.48, "Total Cost": 215065.48, "Plan Rows": 1, "Plan Width": 38, "Actual Rows": 125, "Actual Loops": 4, "Hash Buckets": 1024, "Original Hash Buckets": 1024, "Hash Batches": 1, "Original Hash Batches": 1, "Peak Memory Usage": 136, "Workers": [], "Plans": [{"Node Type": "Nested Loop", "Parent Relationship": "Outer", "Parallel Aware": false, "Async Capable": false, "Join Type": "Inner", "Startup Cost": 15353.07, "Total Cost": 215065.48, "Plan Rows": 1, "Plan Width": 38, "Actual Rows": 125, "Actual Loops": 4, "Inner Unique": true, "Workers": [], "Plans": [{"Node Type": "Hash Join", "Parent Relationship": "Outer", "Parallel Aware": true, "Async Capable": false, "Join Type": "Inner", "Startup Cost": 15352.64, "Total Cost": 214854.53, "Plan Rows": 454, "Plan Width": 13, "Actual Rows": 279746, "Actual Loops": 4, "Inner Unique": false, "Hash Cond": "(mi.movie_id = miidx.movie_id)", "Workers": [], "Plans": [{"Node Type": "Hash Join", "Parent Relationship": "Outer", "Parallel Aware": false, "Async Capable": false, "Join Type": "Inner", "Startup Cost": 2.43, "Total Cost": 199403.96, "Plan Rows": 26259, "Plan Width": 4, "Actual Rows": 759180, "Actual Loops": 4, "Inner Unique": true, "Hash Cond": "(mi.info_type_id = it2.id)", "Workers": [], "Plans": [{"Node Type": "Seq Scan", "Parent Relationship": "Outer", "Parallel Aware": true, "Async Capable": false, "Relation Name": "movie_info", "Alias": "mi", "Startup Cost": 0.0, "Total Cost": 191320.4, "Plan Rows": 2967240, "Plan Width": 8, "Actual Rows": 3708930, "Actual Loops": 4, "Workers": []}, {"Node Type": "Hash", "Parent Relationship": "Inner", "Parallel Aware": false, "Async Capable": false, "Startup Cost": 2.41, "Total Cost": 2.41, "Plan Rows": 1, "Plan Width": 4, "Actual Rows": 1, "Actual Loops": 4, "Hash Buckets": 1024, "Original Hash Buckets": 1024, "Hash Batches": 1, "Original Hash Batches": 1, "Peak Memory Usage": 9, "Workers": [], "Plans": [{"Node Type": "Seq Scan", "Parent Relationship": "Outer", "Parallel Aware": false, "Async Capable": false, "Relation Name": "info_type", "Alias": "it2", "Startup Cost": 0.0, "Total Cost": 2.41, "Plan Rows": 1, "Plan Width": 4, "Actual Rows": 1, "Actual Loops": 4, "Filter": "((info)::text = 'release dates'::text)", "Rows Removed by Filter": 112, "Workers": []}]}]}, {"Node Type": "Hash", "Parent Relationship": "Inner", "Parallel Aware": true, "Async Capable": false, "Startup Cost": 15286.6, "Total Cost": 15286.6, "Plan Rows": 5089, "Plan Width": 9, "Actual Rows": 114981, "Actual Loops": 4, "Hash Buckets": 524288, "Original Hash Buckets": 16384, "Hash Batches": 1, "Original Hash Batches": 1, "Peak Memory Usage": 26272, "Workers": [], "Plans": [{"Node Type": "Hash Join", "Parent Relationship": "Outer", "Parallel Aware": false, "Async Capable": false, "Join Type": "Inner", "Startup Cost": 2.43, "Total Cost": 15286.6, "Plan Rows": 5089, "Plan Width": 9, "Actual Rows": 114981, "Actual Loops": 4, "Inner Unique": true, "Hash Cond": "(miidx.info_type_id = it.id)", "Workers": [], "Plans": [{"Node Type": "Seq Scan", "Parent Relationship": "Outer", "Parallel Aware": true, "Async Capable": false, "Relation Name": "movie_info_idx", "Alias": "miidx", "Startup Cost": 0.0, "Total Cost": 13718.15, "Plan Rows": 575015, "Plan Width": 13, "Actual Rows": 345009, "Actual Loops": 4, "Workers": []}, {"Node Type": "Hash", "Parent Relationship": "Inner", "Parallel Aware": false, "Async Capable": false, "Startup Cost": 2.41, "Total Cost": 2.41, "Plan Rows": 1, "Plan Width": 4, "Actual Rows": 1, "Actual Loops": 4, "Hash Buckets": 1024, "Original Hash Buckets": 1024, "Hash Batches": 1, "Original Hash Batches": 1, "Peak Memory Usage": 9, "Workers": [], "Plans": [{"Node Type": "Seq Scan", "Parent Relationship": "Outer", "Parallel Aware": false, "Async Capable": false, "Relation Name": "info_type", "Alias": "it", "Startup Cost": 0.0, "Total Cost": 2.41, "Plan Rows": 1, "Plan Width": 4, "Actual Rows": 1, "Actual Loops": 4, "Filter": "((info)::text = 'votes'::text)", "Rows Removed by Filter": 112, "Workers": []}]}]}]}]}, {"Node Type": "Index Scan", "Parent Relationship": "Inner", "Parallel Aware": false, "Async Capable": false, "Scan Direction": "Forward", "Index Name": "title_pkey", "Relation Name": "title", "Alias": "t", "Startup Cost": 0.43, "Total Cost": 0.46, "Plan Rows": 1, "Plan Width": 25, "Actual Rows": 0, "Actual Loops": 1118984, "Index Cond": "(id = mi.movie_id)", "Rows Removed by Index Recheck": 0, "Filter": "(((title)::text ~~ '%Champion%'::text) OR ((title)::text ~~ '%Freddy%'::text))", "Rows Removed by Filter": 1, "Workers": []}]}]}]}, {"Node Type": "Memoize", "Parent Relationship": "Inner", "Parallel Aware": false, "Async Capable": false, "Startup Cost": 0.14, "Total Cost": 0.19, "Plan Rows": 1, "Plan Width": 4, "Actual Rows": 0, "Actual Loops": 3845, "Cache Key": "t.kind_id", "Cache Mode": "logical", "Cache Hits": 613, "Cache Misses": 6, "Cache Evictions": 0, "Cache Overflows": 0, "Peak Memory Usage": 1, "Workers": [{"Worker Number": 0, "Cache Hits": 1731, "Cache Misses": 6, "Cache Evictions": 0, "Cache Overflows": 0, "Peak Memory Usage": 1}, {"Worker Number": 1, "Cache Hits": 860, "Cache Misses": 6, "Cache Evictions": 0, "Cache Overflows": 0, "Peak Memory Usage": 1}, {"Worker Number": 2, "Cache Hits": 617, "Cache Misses": 6, "Cache Evictions": 0, "Cache Overflows": 0, "Peak Memory Usage": 1}], "Plans": [{"Node Type": "Index Scan", "Parent Relationship": "Outer", "Parallel Aware": false, "Async Capable": false, "Scan Direction": "Forward", "Index Name": "kind_type_pkey", "Relation Name": "kind_type", "Alias": "kt", "Startup Cost": 0.13, "Total Cost": 0.18, "Plan Rows": 1, "Plan Width": 4, "Actual Rows": 0, "Actual Loops": 24, "Index Cond": "(id = t.kind_id)", "Rows Removed by Index Recheck": 0, "Filter": "((kind)::text = 'video game'::text)", "Rows Removed by Filter": 1, "Workers": []}]}]}]}, {"Node Type": "Index Scan", "Parent Relationship": "Inner", "Parallel Aware": false, "Async Capable": false, "Scan Direction": "Forward", "Index Name": "company_type_pkey", "Relation Name": "company_type", "Alias": "ct", "Startup Cost": 0.13, "Total Cost": 0.15, "Plan Rows": 1, "Plan Width": 4, "Actual Rows": 0, "Actual Loops": 95, "Index Cond": "(id = mc.company_type_id)", "Rows Removed by Index Recheck": 0, "Filter": "((kind)::text = 'production companies'::text)", "Rows Removed by Filter": 1}]}, {"Node Type": "Index Scan", "Parent Relationship": "Inner", "Parallel Aware": false, "Async Capable": false, "Scan Direction": "Forward", "Index Name": "company_name_pkey", "Relation Name": "company_name", "Alias": "cn", "Startup Cost": 0.42, "Total Cost": 0.45, "Plan Rows": 1, "Plan Width": 23, "Actual Rows": 0, "Actual Loops": 37, "Index Cond": "(id = mc.company_id)", "Rows Removed by Index Recheck": 0, "Filter": "((country_code)::text = '[jp]'::text)", "Rows Removed by Filter": 1}]}]}, "Planning Time": 9.639, "Triggers": [], "Execution Time": 2540.055}, {"Plan": {"Node Type": "Aggregate", "Strategy": "Plain", "Partial Mode": "Finalize", "Parallel Aware": false, "Async Capable": false, "Startup Cost": 313118.38, "Total Cost": 313118.39, "Plan Rows": 1, "Plan Width": 96, "Actual Rows": 1, "Actual Loops": 1, "Plans": [{"Node Type": "Gather", "Parent Relationship": "Outer", "Parallel Aware": false, "Async Capable": false, "Startup Cost": 313117.94, "Total Cost": 313118.35, "Plan Rows": 4, "Plan Width": 96, "Actual Rows": 5, "Actual Loops": 1, "Workers Planned": 4, "Workers Launched": 4, "Single Copy": false, "Plans": [{"Node Type": "Aggregate", "Strategy": "Plain", "Partial Mode": "Partial", "Parent Relationship": "Outer", "Parallel Aware": false, "Async Capable": false, "Startup Cost": 312117.94, "Total Cost": 312117.95, "Plan Rows": 1, "Plan Width": 96, "Actual Rows": 1, "Actual Loops": 5, "Workers": [], "Plans": [{"Node Type": "Hash Join", "Parent Relationship": "Outer", "Parallel Aware": true, "Async Capable": false, "Join Type": "Inner", "Startup Cost": 266628.17, "Total Cost": 312117.93, "Plan Rows": 1, "Plan Width": 41, "Actual Rows": 3, "Actual Loops": 5, "Inner Unique": false, "Hash Cond": "(t.id = mi.movie_id)", "Workers": [], "Plans": [{"Node Type": "Hash Join", "Parent Relationship": "Outer", "Parallel Aware": false, "Async Capable": false, "Join Type": "Inner", "Startup Cost": 1.1, "Total Cost": 45490.74, "Plan Rows": 16, "Plan Width": 21, "Actual Rows": 12, "Actual Loops": 5, "Inner Unique": true, "Hash Cond": "(t.kind_id = kt.id)", "Workers": [], "Plans": [{"Node Type": "Seq Scan", "Parent Relationship": "Outer", "Parallel Aware": true, "Async Capable": false, "Relation Name": "title", "Alias": "t", "Startup Cost": 0.0, "Total Cost": 45489.17, "Plan Rows": 113, "Plan Width": 25, "Actual Rows": 403, "Actual Loops": 5, "Filter": "(((title)::text ~~ '%Champion%'::text) OR ((title)::text ~~ '%Freddy%'::text))", "Rows Removed by Filter": 505259, "Workers": []}, {"Node Type": "Hash", "Parent Relationship": "Inner", "Parallel Aware": false, "Async Capable": false, "Startup Cost": 1.09, "Total Cost": 1.09, "Plan Rows": 1, "Plan Width": 4, "Actual Rows": 1, "Actual Loops": 5, "Hash Buckets": 1024, "Original Hash Buckets": 1024, "Hash Batches": 1, "Original Hash Batches": 1, "Peak Memory Usage": 9, "Workers": [], "Plans": [{"Node Type": "Seq Scan", "Parent Relationship": "Outer", "Parallel Aware": false, "Async Capable": false, "Relation Name": "kind_type", "Alias": "kt", "Startup Cost": 0.0, "Total Cost": 1.09, "Plan Rows": 1, "Plan Width": 4, "Actual Rows": 1, "Actual Loops": 5, "Filter": "((kind)::text = 'video game'::text)", "Rows Removed by Filter": 6, "Workers": []}]}]}, {"Node Type": "Hash", "Parent Relationship": "Inner", "Parallel Aware": true, "Async Capable": false, "Startup Cost": 266626.84, "Total Cost": 266626.84, "Plan Rows": 19, "Plan Width": 36, "Actual Rows": 14625, "Actual Loops": 5, "Hash Buckets": 131072, "Original Hash Buckets": 1024, "Hash Batches": 1, "Original Hash Batches": 1, "Peak Memory Usage": 7160, "Workers": [], "Plans": [{"Node Type": "Nested Loop", "Parent Relationship": "Outer", "Parallel Aware": false, "Async Capable": false, "Join Type": "Inner", "Startup Cost": 214861.69, "Total Cost": 266626.84, "Plan Rows": 19, "Plan Width": 36, "Actual Rows": 14625, "Actual Loops": 5, "Inner Unique": true, "Workers": [], "Plans": [{"Node Type": "Hash Join", "Parent Relationship": "Outer", "Parallel Aware": false, "Async Capable": false, "Join Type": "Inner", "Startup Cost": 214861.27, "Total Cost": 266322.66, "Plan Rows": 682, "Plan Width": 21, "Actual Rows": 500998, "Actual Loops": 5, "Inner Unique": true, "Hash Cond": "(mc.company_type_id = ct.id)", "Workers": [], "Plans": [{"Node Type": "Hash Join", "Parent Relationship": "Outer", "Parallel Aware": true, "Async Capable": false, "Join Type": "Inner", "Startup Cost": 214860.21, "Total Cost": 266303.79, "Plan Rows": 3293, "Plan Width": 25, "Actual Rows": 1919151, "Actual Loops": 5, "Inner Unique": false, "Hash Cond": "(mc.movie_id = mi.movie_id)", "Workers": [], "Plans": [{"Node Type": "Seq Scan", "Parent Relationship": "Outer", "Parallel Aware": true, "Async Capable": false, "Relation Name": "movie_companies", "Alias": "mc", "Startup Cost": 0.0, "Total Cost": 27240.55, "Plan Rows": 841655, "Plan Width": 12, "Actual Rows": 521826, "Actual Loops": 5, "Workers": []}, {"Node Type": "Hash", "Parent Relationship": "Inner", "Parallel Aware": true, "Async Capable": false, "Startup Cost": 214854.53, "Total Cost": 214854.53, "Plan Rows": 454, "Plan Width": 13, "Actual Rows": 223797, "Actual Loops": 5, "Hash Buckets": 2097152, "Original Hash Buckets": 4096, "Hash Batches": 1, "Original Hash Batches": 1, "Peak Memory Usage": 85312, "Workers": [], "Plans": [{"Node Type": "Hash Join", "Parent Relationship": "Outer", "Parallel Aware": true, "Async Capable": false, "Join Type": "Inner", "Startup Cost": 15352.64, "Total Cost": 214854.53, "Plan Rows": 454, "Plan Width": 13, "Actual Rows": 223797, "Actual Loops": 5, "Inner Unique": false, "Hash Cond": "(mi.movie_id = miidx.movie_id)", "Workers": [], "Plans": [{"Node Type": "Hash Join", "Parent Relationship": "Outer", "Parallel Aware": false, "Async Capable": false, "Join Type": "Inner", "Startup Cost": 2.43, "Total Cost": 199403.96, "Plan Rows": 26259, "Plan Width": 4, "Actual Rows": 607344, "Actual Loops": 5, "Inner Unique": true, "Hash Cond": "(mi.info_type_id = it2.id)", "Workers": [], "Plans": [{"Node Type": "Seq Scan", "Parent Relationship": "Outer", "Parallel Aware": true, "Async Capable": false, "Relation Name": "movie_info", "Alias": "mi", "Startup Cost": 0.0, "Total Cost": 191320.4, "Plan Rows": 2967240, "Plan Width": 8, "Actual Rows": 2967144, "Actual Loops": 5, "Workers": []}, {"Node Type": "Hash", "Parent Relationship": "Inner", "Parallel Aware": false, "Async Capable": false, "Startup Cost": 2.41, "Total Cost": 2.41, "Plan Rows": 1, "Plan Width": 4, "Actual Rows": 1, "Actual Loops": 5, "Hash Buckets": 1024, "Original Hash Buckets": 1024, "Hash Batches": 1, "Original Hash Batches": 1, "Peak Memory Usage": 9, "Workers": [], "Plans": [{"Node Type": "Seq Scan", "Parent Relationship": "Outer", "Parallel Aware": false, "Async Capable": false, "Relation Name": "info_type", "Alias": "it2", "Startup Cost": 0.0, "Total Cost": 2.41, "Plan Rows": 1, "Plan Width": 4, "Actual Rows": 1, "Actual Loops": 5, "Filter": "((info)::text = 'release dates'::text)", "Rows Removed by Filter": 112, "Workers": []}]}]}, {"Node Type": "Hash", "Parent Relationship": "Inner", "Parallel Aware": true, "Async Capable": false, "Startup Cost": 15286.6, "Total Cost": 15286.6, "Plan Rows": 5089, "Plan Width": 9, "Actual Rows": 91985, "Actual Loops": 5, "Hash Buckets": 524288, "Original Hash Buckets": 16384, "Hash Batches": 1, "Original Hash Batches": 1, "Peak Memory Usage": 26304, "Workers": [], "Plans": [{"Node Type": "Hash Join", "Parent Relationship": "Outer", "Parallel Aware": false, "Async Capable": false, "Join Type": "Inner", "Startup Cost": 2.43, "Total Cost": 15286.6, "Plan Rows": 5089, "Plan Width": 9, "Actual Rows": 91985, "Actual Loops": 5, "Inner Unique": true, "Hash Cond": "(miidx.info_type_id = it.id)", "Workers": [], "Plans": [{"Node Type": "Seq Scan", "Parent Relationship": "Outer", "Parallel Aware": true, "Async Capable": false, "Relation Name": "movie_info_idx", "Alias": "miidx", "Startup Cost": 0.0, "Total Cost": 13718.15, "Plan Rows": 575015, "Plan Width": 13, "Actual Rows": 276007, "Actual Loops": 5, "Workers": []}, {"Node Type": "Hash", "Parent Relationship": "Inner", "Parallel Aware": false, "Async Capable": false, "Startup Cost": 2.41, "Total Cost": 2.41, "Plan Rows": 1, "Plan Width": 4, "Actual Rows": 1, "Actual Loops": 5, "Hash Buckets": 1024, "Original Hash Buckets": 1024, "Hash Batches": 1, "Original Hash Batches": 1, "Peak Memory Usage": 9, "Workers": [], "Plans": [{"Node Type": "Seq Scan", "Parent Relationship": "Outer", "Parallel Aware": false, "Async Capable": false, "Relation Name": "info_type", "Alias": "it", "Startup Cost": 0.0, "Total Cost": 2.41, "Plan Rows": 1, "Plan Width": 4, "Actual Rows": 1, "Actual Loops": 5, "Filter": "((info)::text = 'votes'::text)", "Rows Removed by Filter": 112, "Workers": []}]}]}]}]}]}]}, {"Node Type": "Hash", "Parent Relationship": "Inner", "Parallel Aware": false, "Async Capable": false, "Startup Cost": 1.05, "Total Cost": 1.05, "Plan Rows": 1, "Plan Width": 4, "Actual Rows": 1, "Actual Loops": 5, "Hash Buckets": 1024, "Original Hash Buckets": 1024, "Hash Batches": 1, "Original Hash Batches": 1, "Peak Memory Usage": 9, "Workers": [], "Plans": [{"Node Type": "Seq Scan", "Parent Relationship": "Outer", "Parallel Aware": false, "Async Capable": false, "Relation Name": "company_type", "Alias": "ct", "Startup Cost": 0.0, "Total Cost": 1.05, "Plan Rows": 1, "Plan Width": 4, "Actual Rows": 1, "Actual Loops": 5, "Filter": "((kind)::text = 'production companies'::text)", "Rows Removed by Filter": 3, "Workers": []}]}]}, {"Node Type": "Index Scan", "Parent Relationship": "Inner", "Parallel Aware": false, "Async Capable": false, "Scan Direction": "Forward", "Index Name": "company_name_pkey", "Relation Name": "company_name", "Alias": "cn", "Startup Cost": 0.42, "Total Cost": 0.45, "Plan Rows": 1, "Plan Width": 23, "Actual Rows": 0, "Actual Loops": 2504990, "Index Cond": "(id = mc.company_id)", "Rows Removed by Index Recheck": 0, "Filter": "((country_code)::text = '[jp]'::text)", "Rows Removed by Filter": 1, "Workers": []}]}]}]}]}]}]}, "Planning Time": 6.31, "Triggers": [], "Execution Time": 3853.821}, {"Plan": {"Node Type": "Aggregate", "Strategy": "Plain", "Partial Mode": "Simple", "Parallel Aware": false, "Async Capable": false, "Startup Cost": 246463.17, "Total Cost": 246463.18, "Plan Rows": 1, "Plan Width": 96, "Actual Rows": 1, "Actual Loops": 1, "Plans": [{"Node Type": "Nested Loop", "Parent Relationship": "Outer", "Parallel Aware": false, "Async Capable": false, "Join Type": "Inner", "Startup Cost": 216066.18, "Total Cost": 246463.17, "Plan Rows": 1, "Plan Width": 41, "Actual Rows": 14, "Actual Loops": 1, "Inner Unique": true, "Plans": [{"Node Type": "Nested Loop", "Parent Relationship": "Outer", "Parallel Aware": false, "Async Capable": false, "Join Type": "Inner", "Startup Cost": 216066.05, "Total Cost": 246463.0, "Plan Rows": 1, "Plan Width": 45, "Actual Rows": 27, "Actual Loops": 1, "Inner Unique": true, "Plans": [{"Node Type": "Gather", "Parent Relationship": "Outer", "Parallel Aware": false, "Async Capable": false, "Startup Cost": 216065.63, "Total Cost": 246462.55, "Plan Rows": 1, "Plan Width": 30, "Actual Rows": 95, "Actual Loops": 1, "Workers Planned": 3, "Workers Launched": 3, "Single Copy": false, "Plans": [{"Node Type": "Nested Loop", "Parent Relationship": "Outer", "Parallel Aware": false, "Async Capable": false, "Join Type": "Inner", "Startup Cost": 215065.63, "Total Cost": 245462.45, "Plan Rows": 1, "Plan Width": 30, "Actual Rows": 24, "Actual Loops": 4, "Inner Unique": true, "Workers": [], "Plans": [{"Node Type": "Hash Join", "Parent Relationship": "Outer", "Parallel Aware": true, "Async Capable": false, "Join Type": "Inner", "Startup Cost": 215065.49, "Total Cost": 245462.25, "Plan Rows": 1, "Plan Width": 34, "Actual Rows": 961, "Actual Loops": 4, "Inner Unique": false, "Hash Cond": "(mc.movie_id = mi.movie_id)", "Workers": [], "Plans": [{"Node Type": "Seq Scan", "Parent Relationship": "Outer", "Parallel Aware": true, "Async Capable": false, "Relation Name": "movie_companies", "Alias": "mc", "Startup Cost": 0.0, "Total Cost": 27240.55, "Plan Rows": 841655, "Plan Width": 12, "Actual Rows": 652282, "Actual Loops": 4, "Workers": []}, {"Node Type": "Hash", "Parent Relationship": "Inner", "Parallel Aware": true, "Async Capable": false, "Startup Cost": 215065.48, "Total Cost": 215065.48, "Plan Rows": 1, "Plan Width": 38, "Actual Rows": 125, "Actual Loops": 4, "Hash Buckets": 1024, "Original Hash Buckets": 1024, "Hash Batches": 1, "Original Hash Batches": 1, "Peak Memory Usage": 136, "Workers": [], "Plans": [{"Node Type": "Nested Loop", "Parent Relationship": "Outer", "Parallel Aware": false, "Async Capable": false, "Join Type": "Inner", "Startup Cost": 15353.07, "Total Cost": 215065.48, "Plan Rows": 1, "Plan Width": 38, "Actual Rows": 125, "Actual Loops": 4, "Inner Unique": true, "Workers": [], "Plans": [{"Node Type": "Hash Join", "Parent Relationship": "Outer", "Parallel Aware": true, "Async Capable": false, "Join Type": "Inner", "Startup Cost": 15352.64, "Total Cost": 214854.53, "Plan Rows": 454, "Plan Width": 13, "Actual Rows": 279746, "Actual Loops": 4, "Inner Unique": false, "Hash Cond": "(mi.movie_id = miidx.movie_id)", "Workers": [], "Plans": [{"Node Type": "Hash Join", "Parent Relationship": "Outer", "Parallel Aware": false, "Async Capable": false, "Join Type": "Inner", "Startup Cost": 2.43, "Total Cost": 199403.96, "Plan Rows": 26259, "Plan Width": 4, "Actual Rows": 759180, "Actual Loops": 4, "Inner Unique": true, "Hash Cond": "(mi.info_type_id = it2.id)", "Workers": [], "Plans": [{"Node Type": "Seq Scan", "Parent Relationship": "Outer", "Parallel Aware": true, "Async Capable": false, "Relation Name": "movie_info", "Alias": "mi", "Startup Cost": 0.0, "Total Cost": 191320.4, "Plan Rows": 2967240, "Plan Width": 8, "Actual Rows": 3708930, "Actual Loops": 4, "Workers": []}, {"Node Type": "Hash", "Parent Relationship": "Inner", "Parallel Aware": false, "Async Capable": false, "Startup Cost": 2.41, "Total Cost": 2.41, "Plan Rows": 1, "Plan Width": 4, "Actual Rows": 1, "Actual Loops": 4, "Hash Buckets": 1024, "Original Hash Buckets": 1024, "Hash Batches": 1, "Original Hash Batches": 1, "Peak Memory Usage": 9, "Workers": [], "Plans": [{"Node Type": "Seq Scan", "Parent Relationship": "Outer", "Parallel Aware": false, "Async Capable": false, "Relation Name": "info_type", "Alias": "it2", "Startup Cost": 0.0, "Total Cost": 2.41, "Plan Rows": 1, "Plan Width": 4, "Actual Rows": 1, "Actual Loops": 4, "Filter": "((info)::text = 'release dates'::text)", "Rows Removed by Filter": 112, "Workers": []}]}]}, {"Node Type": "Hash", "Parent Relationship": "Inner", "Parallel Aware": true, "Async Capable": false, "Startup Cost": 15286.6, "Total Cost": 15286.6, "Plan Rows": 5089, "Plan Width": 9, "Actual Rows": 114981, "Actual Loops": 4, "Hash Buckets": 524288, "Original Hash Buckets": 16384, "Hash Batches": 1, "Original Hash Batches": 1, "Peak Memory Usage": 26272, "Workers": [], "Plans": [{"Node Type": "Hash Join", "Parent Relationship": "Outer", "Parallel Aware": false, "Async Capable": false, "Join Type": "Inner", "Startup Cost": 2.43, "Total Cost": 15286.6, "Plan Rows": 5089, "Plan Width": 9, "Actual Rows": 114981, "Actual Loops": 4, "Inner Unique": true, "Hash Cond": "(miidx.info_type_id = it.id)", "Workers": [], "Plans": [{"Node Type": "Seq Scan", "Parent Relationship": "Outer", "Parallel Aware": true, "Async Capable": false, "Relation Name": "movie_info_idx", "Alias": "miidx", "Startup Cost": 0.0, "Total Cost": 13718.15, "Plan Rows": 575015, "Plan Width": 13, "Actual Rows": 345009, "Actual Loops": 4, "Workers": []}, {"Node Type": "Hash", "Parent Relationship": "Inner", "Parallel Aware": false, "Async Capable": false, "Startup Cost": 2.41, "Total Cost": 2.41, "Plan Rows": 1, "Plan Width": 4, "Actual Rows": 1, "Actual Loops": 4, "Hash Buckets": 1024, "Original Hash Buckets": 1024, "Hash Batches": 1, "Original Hash Batches": 1, "Peak Memory Usage": 9, "Workers": [], "Plans": [{"Node Type": "Seq Scan", "Parent Relationship": "Outer", "Parallel Aware": false, "Async Capable": false, "Relation Name": "info_type", "Alias": "it", "Startup Cost": 0.0, "Total Cost": 2.41, "Plan Rows": 1, "Plan Width": 4, "Actual Rows": 1, "Actual Loops": 4, "Filter": "((info)::text = 'votes'::text)", "Rows Removed by Filter": 112, "Workers": []}]}]}]}]}, {"Node Type": "Index Scan", "Parent Relationship": "Inner", "Parallel Aware": false, "Async Capable": false, "Scan Direction": "Forward", "Index Name": "title_pkey", "Relation Name": "title", "Alias": "t", "Startup Cost": 0.43, "Total Cost": 0.46, "Plan Rows": 1, "Plan Width": 25, "Actual Rows": 0, "Actual Loops": 1118984, "Index Cond": "(id = mi.movie_id)", "Rows Removed by Index Recheck": 0, "Filter": "(((title)::text ~~ '%Champion%'::text) OR ((title)::text ~~ '%Freddy%'::text))", "Rows Removed by Filter": 1, "Workers": []}]}]}]}, {"Node Type": "Memoize", "Parent Relationship": "Inner", "Parallel Aware": false, "Async Capable": false, "Startup Cost": 0.14, "Total Cost": 0.19, "Plan Rows": 1, "Plan Width": 4, "Actual Rows": 0, "Actual Loops": 3845, "Cache Key": "t.kind_id", "Cache Mode": "logical", "Cache Hits": 205, "Cache Misses": 6, "Cache Evictions": 0, "Cache Overflows": 0, "Peak Memory Usage": 1, "Workers": [{"Worker Number": 0, "Cache Hits": 2229, "Cache Misses": 6, "Cache Evictions": 0, "Cache Overflows": 0, "Peak Memory Usage": 1}, {"Worker Number": 1, "Cache Hits": 353, "Cache Misses": 6, "Cache Evictions": 0, "Cache Overflows": 0, "Peak Memory Usage": 1}, {"Worker Number": 2, "Cache Hits": 1034, "Cache Misses": 6, "Cache Evictions": 0, "Cache Overflows": 0, "Peak Memory Usage": 1}], "Plans": [{"Node Type": "Index Scan", "Parent Relationship": "Outer", "Parallel Aware": false, "Async Capable": false, "Scan Direction": "Forward", "Index Name": "kind_type_pkey", "Relation Name": "kind_type", "Alias": "kt", "Startup Cost": 0.13, "Total Cost": 0.18, "Plan Rows": 1, "Plan Width": 4, "Actual Rows": 0, "Actual Loops": 24, "Index Cond": "(id = t.kind_id)", "Rows Removed by Index Recheck": 0, "Filter": "((kind)::text = 'video game'::text)", "Rows Removed by Filter": 1, "Workers": []}]}]}]}, {"Node Type": "Index Scan", "Parent Relationship": "Inner", "Parallel Aware": false, "Async Capable": false, "Scan Direction": "Forward", "Index Name": "company_name_pkey", "Relation Name": "company_name", "Alias": "cn", "Startup Cost": 0.42, "Total Cost": 0.45, "Plan Rows": 1, "Plan Width": 23, "Actual Rows": 0, "Actual Loops": 95, "Index Cond": "(id = mc.company_id)", "Rows Removed by Index Recheck": 0, "Filter": "((country_code)::text = '[jp]'::text)", "Rows Removed by Filter": 1}]}, {"Node Type": "Index Scan", "Parent Relationship": "Inner", "Parallel Aware": false, "Async Capable": false, "Scan Direction": "Forward", "Index Name": "company_type_pkey", "Relation Name": "company_type", "Alias": "ct", "Startup Cost": 0.13, "Total Cost": 0.15, "Plan Rows": 1, "Plan Width": 4, "Actual Rows": 1, "Actual Loops": 27, "Index Cond": "(id = mc.company_type_id)", "Rows Removed by Index Recheck": 0, "Filter": "((kind)::text = 'production companies'::text)", "Rows Removed by Filter": 0}]}]}, "Planning Time": 8.896, "Triggers": [], "Execution Time": 2443.215}, {"Plan": {"Node Type": "Aggregate", "Strategy": "Plain", "Partial Mode": "Finalize", "Parallel Aware": false, "Async Capable": false, "Startup Cost": 260482.94, "Total Cost": 260482.95, "Plan Rows": 1, "Plan Width": 96, "Actual Rows": 1, "Actual Loops": 1, "Plans": [{"Node Type": "Gather", "Parent Relationship": "Outer", "Parallel Aware": false, "Async Capable": false, "Startup Cost": 260482.39, "Total Cost": 260482.9, "Plan Rows": 5, "Plan Width": 96, "Actual Rows": 6, "Actual Loops": 1, "Workers Planned": 5, "Workers Launched": 5, "Single Copy": false, "Plans": [{"Node Type": "Aggregate", "Strategy": "Plain", "Partial Mode": "Partial", "Parent Relationship": "Outer", "Parallel Aware": false, "Async Capable": false, "Startup Cost": 259482.39, "Total Cost": 259482.4, "Plan Rows": 1, "Plan Width": 96, "Actual Rows": 1, "Actual Loops": 6, "Workers": [], "Plans": [{"Node Type": "Hash Join", "Parent Relationship": "Outer", "Parallel Aware": true, "Async Capable": false, "Join Type": "Inner", "Startup Cost": 47879.63, "Total Cost": 259482.39, "Plan Rows": 1, "Plan Width": 41, "Actual Rows": 2, "Actual Loops": 6, "Inner Unique": false, "Hash Cond": "(mi.movie_id = mc.movie_id)", "Workers": [], "Plans": [{"Node Type": "Nested Loop", "Parent Relationship": "Outer", "Parallel Aware": false, "Async Capable": false, "Join Type": "Inner", "Startup Cost": 2.99, "Total Cost": 211605.72, "Plan Rows": 1, "Plan Width": 25, "Actual Rows": 12, "Actual Loops": 6, "Inner Unique": true, "Workers": [], "Plans": [{"Node Type": "Nested Loop", "Parent Relationship": "Outer", "Parallel Aware": false, "Async Capable": false, "Join Type": "Inner", "Startup Cost": 2.86, "Total Cost": 211604.82, "Plan Rows": 5, "Plan Width": 29, "Actual Rows": 357, "Actual Loops": 6, "Inner Unique": true, "Workers": [], "Plans": [{"Node Type": "Hash Join", "Parent Relationship": "Outer", "Parallel Aware": false, "Async Capable": false, "Join Type": "Inner", "Startup Cost": 2.43, "Total Cost": 199403.96, "Plan Rows": 26259, "Plan Width": 4, "Actual Rows": 506120, "Actual Loops": 6, "Inner Unique": true, "Hash Cond": "(mi.info_type_id = it2.id)", "Workers": [], "Plans": [{"Node Type": "Seq Scan", "Parent Relationship": "Outer", "Parallel Aware": true, "Async Capable": false, "Relation Name": "movie_info", "Alias": "mi", "Startup Cost": 0.0, "Total Cost": 191320.4, "Plan Rows": 2967240, "Plan Width": 8, "Actual Rows": 2472620, "Actual Loops": 6, "Workers": []}, {"Node Type": "Hash", "Parent Relationship": "Inner", "Parallel Aware": false, "Async Capable": false, "Startup Cost": 2.41, "Total Cost": 2.41, "Plan Rows": 1, "Plan Width": 4, "Actual Rows": 1, "Actual Loops": 6, "Hash Buckets": 1024, "Original Hash Buckets": 1024, "Hash Batches": 1, "Original Hash Batches": 1, "Peak Memory Usage": 9, "Workers": [], "Plans": [{"Node Type": "Seq Scan", "Parent Relationship": "Outer", "Parallel Aware": false, "Async Capable": false, "Relation Name": "info_type", "Alias": "it2", "Startup Cost": 0.0, "Total Cost": 2.41, "Plan Rows": 1, "Plan Width": 4, "Actual Rows": 1, "Actual Loops": 6, "Filter": "((info)::text = 'release dates'::text)", "Rows Removed by Filter": 112, "Workers": []}]}]}, {"Node Type": "Index Scan", "Parent Relationship": "Inner", "Parallel Aware": false, "Async Capable": false, "Scan Direction": "Forward", "Index Name": "title_pkey", "Relation Name": "title", "Alias": "t", "Startup Cost": 0.43, "Total Cost": 0.46, "Plan Rows": 1, "Plan Width": 25, "Actual Rows": 0, "Actual Loops": 3036719, "Index Cond": "(id = mi.movie_id)", "Rows Removed by Index Recheck": 0, "Filter": "(((title)::text ~~ '%Champion%'::text) OR ((title)::text ~~ '%Freddy%'::text))", "Rows Removed by Filter": 1, "Workers": []}]}, {"Node Type": "Index Scan", "Parent Relationship": "Inner", "Parallel Aware": false, "Async Capable": false, "Scan Direction": "Forward", "Index Name": "kind_type_pkey", "Relation Name": "kind_type", "Alias": "kt", "Startup Cost": 0.13, "Total Cost": 0.18, "Plan Rows": 1, "Plan Width": 4, "Actual Rows": 0, "Actual Loops": 2141, "Index Cond": "(id = t.kind_id)", "Rows Removed by Index Recheck": 0, "Filter": "((kind)::text = 'video game'::text)", "Rows Removed by Filter": 1, "Workers": []}]}, {"Node Type": "Hash", "Parent Relationship": "Inner", "Parallel Aware": true, "Async Capable": false, "Startup Cost": 47875.09, "Total Cost": 47875.09, "Plan Rows": 124, "Plan Width": 32, "Actual Rows": 3330, "Actual Loops": 6, "Hash Buckets": 32768, "Original Hash Buckets": 1024, "Hash Batches": 1, "Original Hash Batches": 1, "Peak Memory Usage": 1912, "Workers": [], "Plans": [{"Node Type": "Nested Loop", "Parent Relationship": "Outer", "Parallel Aware": false, "Async Capable": false, "Join Type": "Inner", "Startup Cost": 15351.7, "Total Cost": 47875.09, "Plan Rows": 124, "Plan Width": 32, "Actual Rows": 3330, "Actual Loops": 6, "Inner Unique": true, "Workers": [], "Plans": [{"Node Type": "Hash Join", "Parent Relationship": "Outer", "Parallel Aware": false, "Async Capable": false, "Join Type": "Inner", "Startup Cost": 15351.28, "Total Cost": 45916.2, "Plan Rows": 4392, "Plan Width": 17, "Actual Rows": 97370, "Actual Loops": 6, "Inner Unique": true, "Hash Cond": "(mc.company_type_id = ct.id)", "Workers": [], "Plans": [{"Node Type": "Hash Join", "Parent Relationship": "Outer", "Parallel Aware": true, "Async Capable": false, "Join Type": "Inner", "Startup Cost": 15350.21, "Total Cost": 45820.16, "Plan Rows": 17566, "Plan Width": 21, "Actual Rows": 225814, "Actual Loops": 6, "Inner Unique": false, "Hash Cond": "(mc.movie_id = miidx.movie_id)", "Workers": [], "Plans": [{"Node Type": "Seq Scan", "Parent Relationship": "Outer", "Parallel Aware": true, "Async Capable": false, "Relation Name": "movie_companies", "Alias": "mc", "Startup Cost": 0.0, "Total Cost": 27240.55, "Plan Rows": 841655, "Plan Width": 12, "Actual Rows": 434855, "Actual Loops": 6, "Workers": []}, {"Node Type": "Hash", "Parent Relationship": "Inner", "Parallel Aware": true, "Async Capable": false, "Startup Cost": 15286.6, "Total Cost": 15286.6, "Plan Rows": 5089, "Plan Width": 9, "Actual Rows": 76654, "Actual Loops": 6, "Hash Buckets": 524288, "Original Hash Buckets": 16384, "Hash Batches": 1, "Original Hash Batches": 1, "Peak Memory Usage": 26272, "Workers": [], "Plans": [{"Node Type": "Hash Join", "Parent Relationship": "Outer", "Parallel Aware": false, "Async Capable": false, "Join Type": "Inner", "Startup Cost": 2.43, "Total Cost": 15286.6, "Plan Rows": 5089, "Plan Width": 9, "Actual Rows": 76654, "Actual Loops": 6, "Inner Unique": true, "Hash Cond": "(miidx.info_type_id = it.id)", "Workers": [], "Plans": [{"Node Type": "Seq Scan", "Parent Relationship": "Outer", "Parallel Aware": true, "Async Capable": false, "Relation Name": "movie_info_idx", "Alias": "miidx", "Startup Cost": 0.0, "Total Cost": 13718.15, "Plan Rows": 575015, "Plan Width": 13, "Actual Rows": 230006, "Actual Loops": 6, "Workers": []}, {"Node Type": "Hash", "Parent Relationship": "Inner", "Parallel Aware": false, "Async Capable": false, "Startup Cost": 2.41, "Total Cost": 2.41, "Plan Rows": 1, "Plan Width": 4, "Actual Rows": 1, "Actual Loops": 6, "Hash Buckets": 1024, "Original Hash Buckets": 1024, "Hash Batches": 1, "Original Hash Batches": 1, "Peak Memory Usage": 9, "Workers": [], "Plans": [{"Node Type": "Seq Scan", "Parent Relationship": "Outer", "Parallel Aware": false, "Async Capable": false, "Relation Name": "info_type", "Alias": "it", "Startup Cost": 0.0, "Total Cost": 2.41, "Plan Rows": 1, "Plan Width": 4, "Actual Rows": 1, "Actual Loops": 6, "Filter": "((info)::text = 'votes'::text)", "Rows Removed by Filter": 112, "Workers": []}]}]}]}]}, {"Node Type": "Hash", "Parent Relationship": "Inner", "Parallel Aware": false, "Async Capable": false, "Startup Cost": 1.05, "Total Cost": 1.05, "Plan Rows": 1, "Plan Width": 4, "Actual Rows": 1, "Actual Loops": 6, "Hash Buckets": 1024, "Original Hash Buckets": 1024, "Hash Batches": 1, "Original Hash Batches": 1, "Peak Memory Usage": 9, "Workers": [], "Plans": [{"Node Type": "Seq Scan", "Parent Relationship": "Outer", "Parallel Aware": false, "Async Capable": false, "Relation Name": "company_type", "Alias": "ct", "Startup Cost": 0.0, "Total Cost": 1.05, "Plan Rows": 1, "Plan Width": 4, "Actual Rows": 1, "Actual Loops": 6, "Filter": "((kind)::text = 'production companies'::text)", "Rows Removed by Filter": 3, "Workers": []}]}]}, {"Node Type": "Index Scan", "Parent Relationship": "Inner", "Parallel Aware": false, "Async Capable": false, "Scan Direction": "Forward", "Index Name": "company_name_pkey", "Relation Name": "company_name", "Alias": "cn", "Startup Cost": 0.42, "Total Cost": 0.45, "Plan Rows": 1, "Plan Width": 23, "Actual Rows": 0, "Actual Loops": 584222, "Index Cond": "(id = mc.company_id)", "Rows Removed by Index Recheck": 0, "Filter": "((country_code)::text = '[jp]'::text)", "Rows Removed by Filter": 1, "Workers": []}]}]}]}]}]}]}, "Planning Time": 6.348, "Triggers": [], "Execution Time": 3761.327}, {"Plan": {"Node Type": "Aggregate", "Strategy": "Plain", "Partial Mode": "Finalize", "Parallel Aware": false, "Async Capable": false, "Startup Cost": 253355.86, "Total Cost": 253355.87, "Plan Rows": 1, "Plan Width": 96, "Actual Rows": 1, "Actual Loops": 1, "Plans": [{"Node Type": "Gather", "Parent Relationship": "Outer", "Parallel Aware": false, "Async Capable": false, "Startup Cost": 253355.31, "Total Cost": 253355.82, "Plan Rows": 5, "Plan Width": 96, "Actual Rows": 6, "Actual Loops": 1, "Workers Planned": 5, "Workers Launched": 5, "Single Copy": false, "Plans": [{"Node Type": "Aggregate", "Strategy": "Plain", "Partial Mode": "Partial", "Parent Relationship": "Outer", "Parallel Aware": false, "Async Capable": false, "Startup Cost": 252355.31, "Total Cost": 252355.32, "Plan Rows": 1, "Plan Width": 96, "Actual Rows": 1, "Actual Loops": 6, "Workers": [], "Plans": [{"Node Type": "Hash Join", "Parent Relationship": "Outer", "Parallel Aware": true, "Async Capable": false, "Join Type": "Inner", "Startup Cost": 52851.7, "Total Cost": 252355.3, "Plan Rows": 1, "Plan Width": 41, "Actual Rows": 2, "Actual Loops": 6, "Inner Unique": false, "Hash Cond": "(mi.movie_id = t.id)", "Workers": [], "Plans": [{"Node Type": "Hash Join", "Parent Relationship": "Outer", "Parallel Aware": true, "Async Capable": false, "Join Type": "Inner", "Startup Cost": 15352.64, "Total Cost": 214854.53, "Plan Rows": 454, "Plan Width": 13, "Actual Rows": 186497, "Actual Loops": 6, "Inner Unique": false, "Hash Cond": "(mi.movie_id = miidx.movie_id)", "Workers": [], "Plans": [{"Node Type": "Hash Join", "Parent Relationship": "Outer", "Parallel Aware": false, "Async Capable": false, "Join Type": "Inner", "Startup Cost": 2.43, "Total Cost": 199403.96, "Plan Rows": 26259, "Plan Width": 4, "Actual Rows": 506120, "Actual Loops": 6, "Inner Unique": true, "Hash Cond": "(mi.info_type_id = it2.id)", "Workers": [], "Plans": [{"Node Type": "Seq Scan", "Parent Relationship": "Outer", "Parallel Aware": true, "Async Capable": false, "Relation Name": "movie_info", "Alias": "mi", "Startup Cost": 0.0, "Total Cost": 191320.4, "Plan Rows": 2967240, "Plan Width": 8, "Actual Rows": 2472620, "Actual Loops": 6, "Workers": []}, {"Node Type": "Hash", "Parent Relationship": "Inner", "Parallel Aware": false, "Async Capable": false, "Startup Cost": 2.41, "Total Cost": 2.41, "Plan Rows": 1, "Plan Width": 4, "Actual Rows": 1, "Actual Loops": 6, "Hash Buckets": 1024, "Original Hash Buckets": 1024, "Hash Batches": 1, "Original Hash Batches": 1, "Peak Memory Usage": 9, "Workers": [], "Plans": [{"Node Type": "Seq Scan", "Parent Relationship": "Outer", "Parallel Aware": false, "Async Capable": false, "Relation Name": "info_type", "Alias": "it2", "Startup Cost": 0.0, "Total Cost": 2.41, "Plan Rows": 1, "Plan Width": 4, "Actual Rows": 1, "Actual Loops": 6, "Filter": "((info)::text = 'release dates'::text)", "Rows Removed by Filter": 112, "Workers": []}]}]}, {"Node Type": "Hash", "Parent Relationship": "Inner", "Parallel Aware": true, "Async Capable": false, "Startup Cost": 15286.6, "Total Cost": 15286.6, "Plan Rows": 5089, "Plan Width": 9, "Actual Rows": 76654, "Actual Loops": 6, "Hash Buckets": 524288, "Original Hash Buckets": 16384, "Hash Batches": 1, "Original Hash Batches": 1, "Peak Memory Usage": 26304, "Workers": [], "Plans": [{"Node Type": "Hash Join", "Parent Relationship": "Outer", "Parallel Aware": false, "Async Capable": false, "Join Type": "Inner", "Startup Cost": 2.43, "Total Cost": 15286.6, "Plan Rows": 5089, "Plan Width": 9, "Actual Rows": 76654, "Actual Loops": 6, "Inner Unique": true, "Hash Cond": "(miidx.info_type_id = it.id)", "Workers": [], "Plans": [{"Node Type": "Seq Scan", "Parent Relationship": "Outer", "Parallel Aware": true, "Async Capable": false, "Relation Name": "movie_info_idx", "Alias": "miidx", "Startup Cost": 0.0, "Total Cost": 13718.15, "Plan Rows": 575015, "Plan Width": 13, "Actual Rows": 230006, "Actual Loops": 6, "Workers": []}, {"Node Type": "Hash", "Parent Relationship": "Inner", "Parallel Aware": false, "Async Capable": false, "Startup Cost": 2.41, "Total Cost": 2.41, "Plan Rows": 1, "Plan Width": 4, "Actual Rows": 1, "Actual Loops": 6, "Hash Buckets": 1024, "Original Hash Buckets": 1024, "Hash Batches": 1, "Original Hash Batches": 1, "Peak Memory Usage": 9, "Workers": [], "Plans": [{"Node Type": "Seq Scan", "Parent Relationship": "Outer", "Parallel Aware": false, "Async Capable": false, "Relation Name": "info_type", "Alias": "it", "Startup Cost": 0.0, "Total Cost": 2.41, "Plan Rows": 1, "Plan Width": 4, "Actual Rows": 1, "Actual Loops": 6, "Filter": "((info)::text = 'votes'::text)", "Rows Removed by Filter": 112, "Workers": []}]}]}]}]}, {"Node Type": "Hash", "Parent Relationship": "Inner", "Parallel Aware": true, "Async Capable": false, "Startup Cost": 37499.05, "Total Cost": 37499.05, "Plan Rows": 1, "Plan Width": 44, "Actual Rows": 2, "Actual Loops": 6, "Hash Buckets": 1024, "Original Hash Buckets": 1024, "Hash Batches": 1, "Original Hash Batches": 1, "Peak Memory Usage": 168, "Workers": [], "Plans": [{"Node Type": "Nested Loop", "Parent Relationship": "Outer", "Parallel Aware": false, "Async Capable": false, "Join Type": "Inner", "Startup Cost": 4818.4, "Total Cost": 37499.05, "Plan Rows": 1, "Plan Width": 44, "Actual Rows": 2, "Actual Loops": 6, "Inner Unique": true, "Workers": [], "Plans": [{"Node Type": "Nested Loop", "Parent Relationship": "Outer", "Parallel Aware": false, "Async Capable": false, "Join Type": "Inner", "Startup Cost": 4818.26, "Total Cost": 37498.85, "Plan Rows": 1, "Plan Width": 48, "Actual Rows": 4, "Actual Loops": 6, "Inner Unique": true, "Workers": [], "Plans": [{"Node Type": "Hash Join", "Parent Relationship": "Outer", "Parallel Aware": false, "Async Capable": false, "Join Type": "Inner", "Startup Cost": 4817.83, "Total Cost": 34396.41, "Plan Rows": 5949, "Plan Width": 23, "Actual Rows": 8565, "Actual Loops": 6, "Inner Unique": true, "Hash Cond": "(mc.company_type_id = ct.id)", "Workers": [], "Plans": [{"Node Type": "Hash Join", "Parent Relationship": "Outer", "Parallel Aware": true, "Async Capable": false, "Join Type": "Inner", "Startup Cost": 4816.77, "Total Cost": 34266.7, "Plan Rows": 23796, "Plan Width": 27, "Actual Rows": 17499, "Actual Loops": 6, "Inner Unique": true, "Hash Cond": "(mc.company_id = cn.id)", "Workers": [], "Plans": [{"Node Type": "Seq Scan", "Parent Relationship": "Outer", "Parallel Aware": true, "Async Capable": false, "Relation Name": "movie_companies", "Alias": "mc", "Startup Cost": 0.0, "Total Cost": 27240.55, "Plan Rows": 841655, "Plan Width": 12, "Actual Rows": 434855, "Actual Loops": 6, "Workers": []}, {"Node Type": "Hash", "Parent Relationship": "Inner", "Parallel Aware": true, "Async Capable": false, "Startup Cost": 4767.92, "Total Cost": 4767.92, "Plan Rows": 3908, "Plan Width": 23, "Actual Rows": 1125, "Actual Loops": 6, "Hash Buckets": 8192, "Original Hash Buckets": 8192, "Hash Batches": 1, "Original Hash Batches": 1, "Peak Memory Usage": 480, "Workers": [], "Plans": [{"Node Type": "Seq Scan", "Parent Relationship": "Outer", "Parallel Aware": true, "Async Capable": false, "Relation Name": "company_name", "Alias": "cn", "Startup Cost": 0.0, "Total Cost": 4767.92, "Plan Rows": 3908, "Plan Width": 23, "Actual Rows": 1125, "Actual Loops": 6, "Filter": "((country_code)::text = '[jp]'::text)", "Rows Removed by Filter": 38041, "Workers": []}]}]}, {"Node Type": "Hash", "Parent Relationship": "Inner", "Parallel Aware": false, "Async Capable": false, "Startup Cost": 1.05, "Total Cost": 1.05, "Plan Rows": 1, "Plan Width": 4, "Actual Rows": 1, "Actual Loops": 6, "Hash Buckets": 1024, "Original Hash Buckets": 1024, "Hash Batches": 1, "Original Hash Batches": 1, "Peak Memory Usage": 9, "Workers": [], "Plans": [{"Node Type": "Seq Scan", "Parent Relationship": "Outer", "Parallel Aware": false, "Async Capable": false, "Relation Name": "company_type", "Alias": "ct", "Startup Cost": 0.0, "Total Cost": 1.05, "Plan Rows": 1, "Plan Width": 4, "Actual Rows": 1, "Actual Loops": 6, "Filter": "((kind)::text = 'production companies'::text)", "Rows Removed by Filter": 3, "Workers": []}]}]}, {"Node Type": "Index Scan", "Parent Relationship": "Inner", "Parallel Aware": false, "Async Capable": false, "Scan Direction": "Forward", "Index Name": "title_pkey", "Relation Name": "title", "Alias": "t", "Startup Cost": 0.43, "Total Cost": 0.52, "Plan Rows": 1, "Plan Width": 25, "Actual Rows": 0, "Actual Loops": 51391, "Index Cond": "(id = mc.movie_id)", "Rows Removed by Index Recheck": 0, "Filter": "(((title)::text ~~ '%Champion%'::text) OR ((title)::text ~~ '%Freddy%'::text))", "Rows Removed by Filter": 1, "Workers": []}]}, {"Node Type": "Memoize", "Parent Relationship": "Inner", "Parallel Aware": false, "Async Capable": false, "Startup Cost": 0.14, "Total Cost": 0.19, "Plan Rows": 1, "Plan Width": 4, "Actual Rows": 1, "Actual Loops": 22, "Cache Key": "t.kind_id", "Cache Mode": "logical", "Cache Hits": 0, "Cache Misses": 2, "Cache Evictions": 0, "Cache Overflows": 0, "Peak Memory Usage": 1, "Workers": [{"Worker Number": 1, "Cache Hits": 6, "Cache Misses": 1, "Cache Evictions": 0, "Cache Overflows": 0, "Peak Memory Usage": 1}, {"Worker Number": 2, "Cache Hits": 5, "Cache Misses": 3, "Cache Evictions": 0, "Cache Overflows": 0, "Peak Memory Usage": 1}, {"Worker Number": 3, "Cache Hits": 3, "Cache Misses": 1, "Cache Evictions": 0, "Cache Overflows": 0, "Peak Memory Usage": 1}, {"Worker Number": 4, "Cache Hits": 0, "Cache Misses": 1, "Cache Evictions": 0, "Cache Overflows": 0, "Peak Memory Usage": 1}], "Plans": [{"Node Type": "Index Scan", "Parent Relationship": "Outer", "Parallel Aware": false, "Async Capable": false, "Scan Direction": "Forward", "Index Name": "kind_type_pkey", "Relation Name": "kind_type", "Alias": "kt", "Startup Cost": 0.13, "Total Cost": 0.18, "Plan Rows": 1, "Plan Width": 4, "Actual Rows": 1, "Actual Loops": 8, "Index Cond": "(id = t.kind_id)", "Rows Removed by Index Recheck": 0, "Filter": "((kind)::text = 'video game'::text)", "Rows Removed by Filter": 0, "Workers": []}]}]}]}]}]}]}]}, "Planning Time": 8.817, "Triggers": [], "Execution Time": 986.677}, {"Plan": {"Node Type": "Aggregate", "Strategy": "Plain", "Partial Mode": "Simple", "Parallel Aware": false, "Async Capable": false, "Startup Cost": 251335.61, "Total Cost": 251335.62, "Plan Rows": 1, "Plan Width": 96, "Actual Rows": 1, "Actual Loops": 1, "Plans": [{"Node Type": "Nested Loop", "Parent Relationship": "Outer", "Parallel Aware": false, "Async Capable": false, "Join Type": "Inner", "Startup Cost": 235460.9, "Total Cost": 251335.6, "Plan Rows": 1, "Plan Width": 41, "Actual Rows": 14, "Actual Loops": 1, "Inner Unique": true, "Plans": [{"Node Type": "Nested Loop", "Parent Relationship": "Outer", "Parallel Aware": false, "Async Capable": false, "Join Type": "Inner", "Startup Cost": 235460.76, "Total Cost": 251335.42, "Plan Rows": 1, "Plan Width": 45, "Actual Rows": 42, "Actual Loops": 1, "Inner Unique": true, "Plans": [{"Node Type": "Gather", "Parent Relationship": "Outer", "Parallel Aware": false, "Async Capable": false, "Startup Cost": 235460.63, "Total Cost": 251335.19, "Plan Rows": 1, "Plan Width": 49, "Actual Rows": 48, "Actual Loops": 1, "Workers Planned": 2, "Workers Launched": 2, "Single Copy": false, "Plans": [{"Node Type": "Hash Join", "Parent Relationship": "Outer", "Parallel Aware": true, "Async Capable": false, "Join Type": "Inner", "Startup Cost": 234460.63, "Total Cost": 250335.09, "Plan Rows": 1, "Plan Width": 49, "Actual Rows": 16, "Actual Loops": 3, "Inner Unique": false, "Hash Cond": "(miidx.movie_id = mi.movie_id)", "Workers": [], "Plans": [{"Node Type": "Seq Scan", "Parent Relationship": "Outer", "Parallel Aware": true, "Async Capable": false, "Relation Name": "movie_info_idx", "Alias": "miidx", "Startup Cost": 0.0, "Total Cost": 13718.15, "Plan Rows": 575015, "Plan Width": 13, "Actual Rows": 460012, "Actual Loops": 3, "Workers": []}, {"Node Type": "Hash", "Parent Relationship": "Inner", "Parallel Aware": true, "Async Capable": false, "Startup Cost": 234460.62, "Total Cost": 234460.62, "Plan Rows": 1, "Plan Width": 52, "Actual Rows": 11, "Actual Loops": 3, "Hash Buckets": 1024, "Original Hash Buckets": 1024, "Hash Batches": 1, "Original Hash Batches": 1, "Peak Memory Usage": 104, "Workers": [], "Plans": [{"Node Type": "Nested Loop", "Parent Relationship": "Outer", "Parallel Aware": false, "Async Capable": false, "Join Type": "Inner", "Startup Cost": 34473.63, "Total Cost": 234460.62, "Plan Rows": 1, "Plan Width": 52, "Actual Rows": 11, "Actual Loops": 3, "Inner Unique": true, "Workers": [], "Plans": [{"Node Type": "Hash Join", "Parent Relationship": "Outer", "Parallel Aware": true, "Async Capable": false, "Join Type": "Inner", "Startup Cost": 34473.2, "Total Cost": 234139.55, "Plan Rows": 691, "Plan Width": 27, "Actual Rows": 34859, "Actual Loops": 3, "Inner Unique": false, "Hash Cond": "(mi.movie_id = mc.movie_id)", "Workers": [], "Plans": [{"Node Type": "Hash Join", "Parent Relationship": "Outer", "Parallel Aware": false, "Async Capable": false, "Join Type": "Inner", "Startup Cost": 2.43, "Total Cost": 199403.96, "Plan Rows": 26259, "Plan Width": 4, "Actual Rows": 1012240, "Actual Loops": 3, "Inner Unique": true, "Hash Cond": "(mi.info_type_id = it2.id)", "Workers": [], "Plans": [{"Node Type": "Seq Scan", "Parent Relationship": "Outer", "Parallel Aware": true, "Async Capable": false, "Relation Name": "movie_info", "Alias": "mi", "Startup Cost": 0.0, "Total Cost": 191320.4, "Plan Rows": 2967240, "Plan Width": 8, "Actual Rows": 4945240, "Actual Loops": 3, "Workers": []}, {"Node Type": "Hash", "Parent Relationship": "Inner", "Parallel Aware": false, "Async Capable": false, "Startup Cost": 2.41, "Total Cost": 2.41, "Plan Rows": 1, "Plan Width": 4, "Actual Rows": 1, "Actual Loops": 3, "Hash Buckets": 1024, "Original Hash Buckets": 1024, "Hash Batches": 1, "Original Hash Batches": 1, "Peak Memory Usage": 9, "Workers": [], "Plans": [{"Node Type": "Seq Scan", "Parent Relationship": "Outer", "Parallel Aware": false, "Async Capable": false, "Relation Name": "info_type", "Alias": "it2", "Startup Cost": 0.0, "Total Cost": 2.41, "Plan Rows": 1, "Plan Width": 4, "Actual Rows": 1, "Actual Loops": 3, "Filter": "((info)::text = 'release dates'::text)", "Rows Removed by Filter": 112, "Workers": []}]}]}, {"Node Type": "Hash", "Parent Relationship": "Inner", "Parallel Aware": true, "Async Capable": false, "Startup Cost": 34396.41, "Total Cost": 34396.41, "Plan Rows": 5949, "Plan Width": 23, "Actual Rows": 17130, "Actual Loops": 3, "Hash Buckets": 65536, "Original Hash Buckets": 32768, "Hash Batches": 1, "Original Hash Batches": 1, "Peak Memory Usage": 3648, "Workers": [], "Plans": [{"Node Type": "Hash Join", "Parent Relationship": "Outer", "Parallel Aware": false, "Async Capable": false, "Join Type": "Inner", "Startup Cost": 4817.83, "Total Cost": 34396.41, "Plan Rows": 5949, "Plan Width": 23, "Actual Rows": 17130, "Actual Loops": 3, "Inner Unique": true, "Hash Cond": "(mc.company_type_id = ct.id)", "Workers": [], "Plans": [{"Node Type": "Hash Join", "Parent Relationship": "Outer", "Parallel Aware": true, "Async Capable": false, "Join Type": "Inner", "Startup Cost": 4816.77, "Total Cost": 34266.7, "Plan Rows": 23796, "Plan Width": 27, "Actual Rows": 34998, "Actual Loops": 3, "Inner Unique": true, "Hash Cond": "(mc.company_id = cn.id)", "Workers": [], "Plans": [{"Node Type": "Seq Scan", "Parent Relationship": "Outer", "Parallel Aware": true, "Async Capable": false, "Relation Name": "movie_companies", "Alias": "mc", "Startup Cost": 0.0, "Total Cost": 27240.55, "Plan Rows": 841655, "Plan Width": 12, "Actual Rows": 869710, "Actual Loops": 3, "Workers": []}, {"Node Type": "Hash", "Parent Relationship": "Inner", "Parallel Aware": true, "Async Capable": false, "Startup Cost": 4767.92, "Total Cost": 4767.92, "Plan Rows": 3908, "Plan Width": 23, "Actual Rows": 2251, "Actual Loops": 3, "Hash Buckets": 8192, "Original Hash Buckets": 8192, "Hash Batches": 1, "Original Hash Batches": 1, "Peak Memory Usage": 480, "Workers": [], "Plans": [{"Node Type": "Seq Scan", "Parent Relationship": "Outer", "Parallel Aware": true, "Async Capable": false, "Relation Name": "company_name", "Alias": "cn", "Startup Cost": 0.0, "Total Cost": 4767.92, "Plan Rows": 3908, "Plan Width": 23, "Actual Rows": 2251, "Actual Loops": 3, "Filter": "((country_code)::text = '[jp]'::text)", "Rows Removed by Filter": 76082, "Workers": []}]}]}, {"Node Type": "Hash", "Parent Relationship": "Inner", "Parallel Aware": false, "Async Capable": false, "Startup Cost": 1.05, "Total Cost": 1.05, "Plan Rows": 1, "Plan Width": 4, "Actual Rows": 1, "Actual Loops": 3, "Hash Buckets": 1024, "Original Hash Buckets": 1024, "Hash Batches": 1, "Original Hash Batches": 1, "Peak Memory Usage": 9, "Workers": [], "Plans": [{"Node Type": "Seq Scan", "Parent Relationship": "Outer", "Parallel Aware": false, "Async Capable": false, "Relation Name": "company_type", "Alias": "ct", "Startup Cost": 0.0, "Total Cost": 1.05, "Plan Rows": 1, "Plan Width": 4, "Actual Rows": 1, "Actual Loops": 3, "Filter": "((kind)::text = 'production companies'::text)", "Rows Removed by Filter": 3, "Workers": []}]}]}]}]}, {"Node Type": "Index Scan", "Parent Relationship": "Inner", "Parallel Aware": false, "Async Capable": false, "Scan Direction": "Forward", "Index Name": "title_pkey", "Relation Name": "title", "Alias": "t", "Startup Cost": 0.43, "Total Cost": 0.46, "Plan Rows": 1, "Plan Width": 25, "Actual Rows": 0, "Actual Loops": 104578, "Index Cond": "(id = mi.movie_id)", "Rows Removed by Index Recheck": 0, "Filter": "(((title)::text ~~ '%Champion%'::text) OR ((title)::text ~~ '%Freddy%'::text))", "Rows Removed by Filter": 1, "Workers": []}]}]}]}]}, {"Node Type": "Index Scan", "Parent Relationship": "Inner", "Parallel Aware": false, "Async Capable": false, "Scan Direction": "Forward", "Index Name": "kind_type_pkey", "Relation Name": "kind_type", "Alias": "kt", "Startup Cost": 0.13, "Total Cost": 0.18, "Plan Rows": 1, "Plan Width": 4, "Actual Rows": 1, "Actual Loops": 48, "Index Cond": "(id = t.kind_id)", "Rows Removed by Index Recheck": 0, "Filter": "((kind)::text = 'video game'::text)", "Rows Removed by Filter": 0}]}, {"Node Type": "Index Scan", "Parent Relationship": "Inner", "Parallel Aware": false, "Async Capable": false, "Scan Direction": "Forward", "Index Name": "info_type_pkey", "Relation Name": "info_type", "Alias": "it", "Startup Cost": 0.14, "Total Cost": 0.16, "Plan Rows": 1, "Plan Width": 4, "Actual Rows": 0, "Actual Loops": 42, "Index Cond": "(id = miidx.info_type_id)", "Rows Removed by Index Recheck": 0, "Filter": "((info)::text = 'votes'::text)", "Rows Removed by Filter": 1}]}]}, "Planning Time": 9.182, "Triggers": [], "Execution Time": 1624.147}, {"Plan": {"Node Type": "Aggregate", "Strategy": "Plain", "Partial Mode": "Simple", "Parallel Aware": false, "Async Capable": false, "Startup Cost": 251390.09, "Total Cost": 251390.1, "Plan Rows": 1, "Plan Width": 96, "Actual Rows": 1, "Actual Loops": 1, "Plans": [{"Node Type": "Nested Loop", "Parent Relationship": "Outer", "Parallel Aware": false, "Async Capable": false, "Join Type": "Inner", "Startup Cost": 48939.91, "Total Cost": 251390.08, "Plan Rows": 1, "Plan Width": 41, "Actual Rows": 14, "Actual Loops": 1, "Inner Unique": false, "Join Filter": "(it2.id = mi.info_type_id)", "Rows Removed by Join Filter": 22, "Plans": [{"Node Type": "Seq Scan", "Parent Relationship": "Outer", "Parallel Aware": false, "Async Capable": false, "Relation Name": "info_type", "Alias": "it2", "Startup Cost": 0.0, "Total Cost": 2.41, "Plan Rows": 1, "Plan Width": 4, "Actual Rows": 1, "Actual Loops": 1, "Filter": "((info)::text = 'release dates'::text)", "Rows Removed by Filter": 112}, {"Node Type": "Nested Loop", "Parent Relationship": "Inner", "Parallel Aware": false, "Async Capable": false, "Join Type": "Inner", "Startup Cost": 48939.91, "Total Cost": 251387.65, "Plan Rows": 1, "Plan Width": 45, "Actual Rows": 36, "Actual Loops": 1, "Inner Unique": true, "Plans": [{"Node Type": "Gather", "Parent Relationship": "Outer", "Parallel Aware": false, "Async Capable": false, "Startup Cost": 48939.77, "Total Cost": 251387.43, "Plan Rows": 1, "Plan Width": 49, "Actual Rows": 44, "Actual Loops": 1, "Workers Planned": 5, "Workers Launched": 5, "Single Copy": false, "Plans": [{"Node Type": "Hash Join", "Parent Relationship": "Outer", "Parallel Aware": true, "Async Capable": false, "Join Type": "Inner", "Startup Cost": 47939.77, "Total Cost": 250387.33, "Plan Rows": 1, "Plan Width": 49, "Actual Rows": 7, "Actual Loops": 6, "Inner Unique": false, "Hash Cond": "(mi.movie_id = t.id)", "Workers": [], "Plans": [{"Node Type": "Seq Scan", "Parent Relationship": "Outer", "Parallel Aware": true, "Async Capable": false, "Relation Name": "movie_info", "Alias": "mi", "Startup Cost": 0.0, "Total Cost": 191320.4, "Plan Rows": 2967240, "Plan Width": 8, "Actual Rows": 2472620, "Actual Loops": 6, "Workers": []}, {"Node Type": "Hash", "Parent Relationship": "Inner", "Parallel Aware": true, "Async Capable": false, "Startup Cost": 47939.76, "Total Cost": 47939.76, "Plan Rows": 1, "Plan Width": 57, "Actual Rows": 1, "Actual Loops": 6, "Hash Buckets": 1024, "Original Hash Buckets": 1024, "Hash Batches": 1, "Original Hash Batches": 1, "Peak Memory Usage": 136, "Workers": [], "Plans": [{"Node Type": "Nested Loop", "Parent Relationship": "Outer", "Parallel Aware": false, "Async Capable": false, "Join Type": "Inner", "Startup Cost": 15352.13, "Total Cost": 47939.76, "Plan Rows": 1, "Plan Width": 57, "Actual Rows": 1, "Actual Loops": 6, "Inner Unique": true, "Workers": [], "Plans": [{"Node Type": "Nested Loop", "Parent Relationship": "Outer", "Parallel Aware": false, "Async Capable": false, "Join Type": "Inner", "Startup Cost": 15351.7, "Total Cost": 47875.09, "Plan Rows": 124, "Plan Width": 32, "Actual Rows": 3330, "Actual Loops": 6, "Inner Unique": true, "Workers": [], "Plans": [{"Node Type": "Hash Join", "Parent Relationship": "Outer", "Parallel Aware": false, "Async Capable": false, "Join Type": "Inner", "Startup Cost": 15351.28, "Total Cost": 45916.2, "Plan Rows": 4392, "Plan Width": 17, "Actual Rows": 97370, "Actual Loops": 6, "Inner Unique": true, "Hash Cond": "(mc.company_type_id = ct.id)", "Workers": [], "Plans": [{"Node Type": "Hash Join", "Parent Relationship": "Outer", "Parallel Aware": true, "Async Capable": false, "Join Type": "Inner", "Startup Cost": 15350.21, "Total Cost": 45820.16, "Plan Rows": 17566, "Plan Width": 21, "Actual Rows": 225814, "Actual Loops": 6, "Inner Unique": false, "Hash Cond": "(mc.movie_id = miidx.movie_id)", "Workers": [], "Plans": [{"Node Type": "Seq Scan", "Parent Relationship": "Outer", "Parallel Aware": true, "Async Capable": false, "Relation Name": "movie_companies", "Alias": "mc", "Startup Cost": 0.0, "Total Cost": 27240.55, "Plan Rows": 841655, "Plan Width": 12, "Actual Rows": 434855, "Actual Loops": 6, "Workers": []}, {"Node Type": "Hash", "Parent Relationship": "Inner", "Parallel Aware": true, "Async Capable": false, "Startup Cost": 15286.6, "Total Cost": 15286.6, "Plan Rows": 5089, "Plan Width": 9, "Actual Rows": 76654, "Actual Loops": 6, "Hash Buckets": 524288, "Original Hash Buckets": 16384, "Hash Batches": 1, "Original Hash Batches": 1, "Peak Memory Usage": 26304, "Workers": [], "Plans": [{"Node Type": "Hash Join", "Parent Relationship": "Outer", "Parallel Aware": false, "Async Capable": false, "Join Type": "Inner", "Startup Cost": 2.43, "Total Cost": 15286.6, "Plan Rows": 5089, "Plan Width": 9, "Actual Rows": 76654, "Actual Loops": 6, "Inner Unique": true, "Hash Cond": "(miidx.info_type_id = it.id)", "Workers": [], "Plans": [{"Node Type": "Seq Scan", "Parent Relationship": "Outer", "Parallel Aware": true, "Async Capable": false, "Relation Name": "movie_info_idx", "Alias": "miidx", "Startup Cost": 0.0, "Total Cost": 13718.15, "Plan Rows": 575015, "Plan Width": 13, "Actual Rows": 230006, "Actual Loops": 6, "Workers": []}, {"Node Type": "Hash", "Parent Relationship": "Inner", "Parallel Aware": false, "Async Capable": false, "Startup Cost": 2.41, "Total Cost": 2.41, "Plan Rows": 1, "Plan Width": 4, "Actual Rows": 1, "Actual Loops": 6, "Hash Buckets": 1024, "Original Hash Buckets": 1024, "Hash Batches": 1, "Original Hash Batches": 1, "Peak Memory Usage": 9, "Workers": [], "Plans": [{"Node Type": "Seq Scan", "Parent Relationship": "Outer", "Parallel Aware": false, "Async Capable": false, "Relation Name": "info_type", "Alias": "it", "Startup Cost": 0.0, "Total Cost": 2.41, "Plan Rows": 1, "Plan Width": 4, "Actual Rows": 1, "Actual Loops": 6, "Filter": "((info)::text = 'votes'::text)", "Rows Removed by Filter": 112, "Workers": []}]}]}]}]}, {"Node Type": "Hash", "Parent Relationship": "Inner", "Parallel Aware": false, "Async Capable": false, "Startup Cost": 1.05, "Total Cost": 1.05, "Plan Rows": 1, "Plan Width": 4, "Actual Rows": 1, "Actual Loops": 6, "Hash Buckets": 1024, "Original Hash Buckets": 1024, "Hash Batches": 1, "Original Hash Batches": 1, "Peak Memory Usage": 9, "Workers": [], "Plans": [{"Node Type": "Seq Scan", "Parent Relationship": "Outer", "Parallel Aware": false, "Async Capable": false, "Relation Name": "company_type", "Alias": "ct", "Startup Cost": 0.0, "Total Cost": 1.05, "Plan Rows": 1, "Plan Width": 4, "Actual Rows": 1, "Actual Loops": 6, "Filter": "((kind)::text = 'production companies'::text)", "Rows Removed by Filter": 3, "Workers": []}]}]}, {"Node Type": "Index Scan", "Parent Relationship": "Inner", "Parallel Aware": false, "Async Capable": false, "Scan Direction": "Forward", "Index Name": "company_name_pkey", "Relation Name": "company_name", "Alias": "cn", "Startup Cost": 0.42, "Total Cost": 0.45, "Plan Rows": 1, "Plan Width": 23, "Actual Rows": 0, "Actual Loops": 584222, "Index Cond": "(id = mc.company_id)", "Rows Removed by Index Recheck": 0, "Filter": "((country_code)::text = '[jp]'::text)", "Rows Removed by Filter": 1, "Workers": []}]}, {"Node Type": "Index Scan", "Parent Relationship": "Inner", "Parallel Aware": false, "Async Capable": false, "Scan Direction": "Forward", "Index Name": "title_pkey", "Relation Name": "title", "Alias": "t", "Startup Cost": 0.43, "Total Cost": 0.52, "Plan Rows": 1, "Plan Width": 25, "Actual Rows": 0, "Actual Loops": 19983, "Index Cond": "(id = mc.movie_id)", "Rows Removed by Index Recheck": 0, "Filter": "(((title)::text ~~ '%Champion%'::text) OR ((title)::text ~~ '%Freddy%'::text))", "Rows Removed by Filter": 1, "Workers": []}]}]}]}]}, {"Node Type": "Index Scan", "Parent Relationship": "Inner", "Parallel Aware": false, "Async Capable": false, "Scan Direction": "Forward", "Index Name": "kind_type_pkey", "Relation Name": "kind_type", "Alias": "kt", "Startup Cost": 0.13, "Total Cost": 0.18, "Plan Rows": 1, "Plan Width": 4, "Actual Rows": 1, "Actual Loops": 44, "Index Cond": "(id = t.kind_id)", "Rows Removed by Index Recheck": 0, "Filter": "((kind)::text = 'video game'::text)", "Rows Removed by Filter": 0}]}]}]}, "Planning Time": 7.176, "Triggers": [], "Execution Time": 1207.496}, {"Plan": {"Node Type": "Aggregate", "Strategy": "Plain", "Partial Mode": "Finalize", "Parallel Aware": false, "Async Capable": false, "Startup Cost": 260481.65, "Total Cost": 260481.66, "Plan Rows": 1, "Plan Width": 96, "Actual Rows": 1, "Actual Loops": 1, "Plans": [{"Node Type": "Gather", "Parent Relationship": "Outer", "Parallel Aware": false, "Async Capable": false, "Startup Cost": 260481.31, "Total Cost": 260481.62, "Plan Rows": 3, "Plan Width": 96, "Actual Rows": 4, "Actual Loops": 1, "Workers Planned": 3, "Workers Launched": 3, "Single Copy": false, "Plans": [{"Node Type": "Aggregate", "Strategy": "Plain", "Partial Mode": "Partial", "Parent Relationship": "Outer", "Parallel Aware": false, "Async Capable": false, "Startup Cost": 259481.31, "Total Cost": 259481.32, "Plan Rows": 1, "Plan Width": 96, "Actual Rows": 1, "Actual Loops": 4, "Workers": [], "Plans": [{"Node Type": "Hash Join", "Parent Relationship": "Outer", "Parallel Aware": true, "Async Capable": false, "Join Type": "Inner", "Startup Cost": 226957.43, "Total Cost": 259481.31, "Plan Rows": 1, "Plan Width": 41, "Actual Rows": 4, "Actual Loops": 4, "Inner Unique": false, "Hash Cond": "(mc.movie_id = mi.movie_id)", "Workers": [], "Plans": [{"Node Type": "Nested Loop", "Parent Relationship": "Outer", "Parallel Aware": false, "Async Capable": false, "Join Type": "Inner", "Startup Cost": 15351.7, "Total Cost": 47875.09, "Plan Rows": 124, "Plan Width": 32, "Actual Rows": 4996, "Actual Loops": 4, "Inner Unique": true, "Workers": [], "Plans": [{"Node Type": "Hash Join", "Parent Relationship": "Outer", "Parallel Aware": false, "Async Capable": false, "Join Type": "Inner", "Startup Cost": 15351.28, "Total Cost": 45916.2, "Plan Rows": 4392, "Plan Width": 17, "Actual Rows": 146056, "Actual Loops": 4, "Inner Unique": true, "Hash Cond": "(mc.company_type_id = ct.id)", "Workers": [], "Plans": [{"Node Type": "Hash Join", "Parent Relationship": "Outer", "Parallel Aware": true, "Async Capable": false, "Join Type": "Inner", "Startup Cost": 15350.21, "Total Cost": 45820.16, "Plan Rows": 17566, "Plan Width": 21, "Actual Rows": 338721, "Actual Loops": 4, "Inner Unique": false, "Hash Cond": "(mc.movie_id = miidx.movie_id)", "Workers": [], "Plans": [{"Node Type": "Seq Scan", "Parent Relationship": "Outer", "Parallel Aware": true, "Async Capable": false, "Relation Name": "movie_companies", "Alias": "mc", "Startup Cost": 0.0, "Total Cost": 27240.55, "Plan Rows": 841655, "Plan Width": 12, "Actual Rows": 652282, "Actual Loops": 4, "Workers": []}, {"Node Type": "Hash", "Parent Relationship": "Inner", "Parallel Aware": true, "Async Capable": false, "Startup Cost": 15286.6, "Total Cost": 15286.6, "Plan Rows": 5089, "Plan Width": 9, "Actual Rows": 114981, "Actual Loops": 4, "Hash Buckets": 524288, "Original Hash Buckets": 16384, "Hash Batches": 1, "Original Hash Batches": 1, "Peak Memory Usage": 26304, "Workers": [], "Plans": [{"Node Type": "Hash Join", "Parent Relationship": "Outer", "Parallel Aware": false, "Async Capable": false, "Join Type": "Inner", "Startup Cost": 2.43, "Total Cost": 15286.6, "Plan Rows": 5089, "Plan Width": 9, "Actual Rows": 114981, "Actual Loops": 4, "Inner Unique": true, "Hash Cond": "(miidx.info_type_id = it.id)", "Workers": [], "Plans": [{"Node Type": "Seq Scan", "Parent Relationship": "Outer", "Parallel Aware": true, "Async Capable": false, "Relation Name": "movie_info_idx", "Alias": "miidx", "Startup Cost": 0.0, "Total Cost": 13718.15, "Plan Rows": 575015, "Plan Width": 13, "Actual Rows": 345009, "Actual Loops": 4, "Workers": []}, {"Node Type": "Hash", "Parent Relationship": "Inner", "Parallel Aware": false, "Async Capable": false, "Startup Cost": 2.41, "Total Cost": 2.41, "Plan Rows": 1, "Plan Width": 4, "Actual Rows": 1, "Actual Loops": 4, "Hash Buckets": 1024, "Original Hash Buckets": 1024, "Hash Batches": 1, "Original Hash Batches": 1, "Peak Memory Usage": 9, "Workers": [], "Plans": [{"Node Type": "Seq Scan", "Parent Relationship": "Outer", "Parallel Aware": false, "Async Capable": false, "Relation Name": "info_type", "Alias": "it", "Startup Cost": 0.0, "Total Cost": 2.41, "Plan Rows": 1, "Plan Width": 4, "Actual Rows": 1, "Actual Loops": 4, "Filter": "((info)::text = 'votes'::text)", "Rows Removed by Filter": 112, "Workers": []}]}]}]}]}, {"Node Type": "Hash", "Parent Relationship": "Inner", "Parallel Aware": false, "Async Capable": false, "Startup Cost": 1.05, "Total Cost": 1.05, "Plan Rows": 1, "Plan Width": 4, "Actual Rows": 1, "Actual Loops": 4, "Hash Buckets": 1024, "Original Hash Buckets": 1024, "Hash Batches": 1, "Original Hash Batches": 1, "Peak Memory Usage": 9, "Workers": [], "Plans": [{"Node Type": "Seq Scan", "Parent Relationship": "Outer", "Parallel Aware": false, "Async Capable": false, "Relation Name": "company_type", "Alias": "ct", "Startup Cost": 0.0, "Total Cost": 1.05, "Plan Rows": 1, "Plan Width": 4, "Actual Rows": 1, "Actual Loops": 4, "Filter": "((kind)::text = 'production companies'::text)", "Rows Removed by Filter": 3, "Workers": []}]}]}, {"Node Type": "Index Scan", "Parent Relationship": "Inner", "Parallel Aware": false, "Async Capable": false, "Scan Direction": "Forward", "Index Name": "company_name_pkey", "Relation Name": "company_name", "Alias": "cn", "Startup Cost": 0.42, "Total Cost": 0.45, "Plan Rows": 1, "Plan Width": 23, "Actual Rows": 0, "Actual Loops": 584222, "Index Cond": "(id = mc.company_id)", "Rows Removed by Index Recheck": 0, "Filter": "((country_code)::text = '[jp]'::text)", "Rows Removed by Filter": 1, "Workers": []}]}, {"Node Type": "Hash", "Parent Relationship": "Inner", "Parallel Aware": true, "Async Capable": false, "Startup Cost": 211605.72, "Total Cost": 211605.72, "Plan Rows": 1, "Plan Width": 25, "Actual Rows": 18, "Actual Loops": 4, "Hash Buckets": 1024, "Original Hash Buckets": 1024, "Hash Batches": 1, "Original Hash Batches": 1, "Peak Memory Usage": 136, "Workers": [], "Plans": [{"Node Type": "Nested Loop", "Parent Relationship": "Outer", "Parallel Aware": false, "Async Capable": false, "Join Type": "Inner", "Startup Cost": 2.99, "Total Cost": 211605.72, "Plan Rows": 1, "Plan Width": 25, "Actual Rows": 18, "Actual Loops": 4, "Inner Unique": true, "Workers": [], "Plans": [{"Node Type": "Nested Loop", "Parent Relationship": "Outer", "Parallel Aware": false, "Async Capable": false, "Join Type": "Inner", "Startup Cost": 2.86, "Total Cost": 211604.82, "Plan Rows": 5, "Plan Width": 29, "Actual Rows": 535, "Actual Loops": 4, "Inner Unique": true, "Workers": [], "Plans": [{"Node Type": "Hash Join", "Parent Relationship": "Outer", "Parallel Aware": false, "Async Capable": false, "Join Type": "Inner", "Startup Cost": 2.43, "Total Cost": 199403.96, "Plan Rows": 26259, "Plan Width": 4, "Actual Rows": 759180, "Actual Loops": 4, "Inner Unique": true, "Hash Cond": "(mi.info_type_id = it2.id)", "Workers": [], "Plans": [{"Node Type": "Seq Scan", "Parent Relationship": "Outer", "Parallel Aware": true, "Async Capable": false, "Relation Name": "movie_info", "Alias": "mi", "Startup Cost": 0.0, "Total Cost": 191320.4, "Plan Rows": 2967240, "Plan Width": 8, "Actual Rows": 3708930, "Actual Loops": 4, "Workers": []}, {"Node Type": "Hash", "Parent Relationship": "Inner", "Parallel Aware": false, "Async Capable": false, "Startup Cost": 2.41, "Total Cost": 2.41, "Plan Rows": 1, "Plan Width": 4, "Actual Rows": 1, "Actual Loops": 4, "Hash Buckets": 1024, "Original Hash Buckets": 1024, "Hash Batches": 1, "Original Hash Batches": 1, "Peak Memory Usage": 9, "Workers": [], "Plans": [{"Node Type": "Seq Scan", "Parent Relationship": "Outer", "Parallel Aware": false, "Async Capable": false, "Relation Name": "info_type", "Alias": "it2", "Startup Cost": 0.0, "Total Cost": 2.41, "Plan Rows": 1, "Plan Width": 4, "Actual Rows": 1, "Actual Loops": 4, "Filter": "((info)::text = 'release dates'::text)", "Rows Removed by Filter": 112, "Workers": []}]}]}, {"Node Type": "Index Scan", "Parent Relationship": "Inner", "Parallel Aware": false, "Async Capable": false, "Scan Direction": "Forward", "Index Name": "title_pkey", "Relation Name": "title", "Alias": "t", "Startup Cost": 0.43, "Total Cost": 0.46, "Plan Rows": 1, "Plan Width": 25, "Actual Rows": 0, "Actual Loops": 3036719, "Index Cond": "(id = mi.movie_id)", "Rows Removed by Index Recheck": 0, "Filter": "(((title)::text ~~ '%Champion%'::text) OR ((title)::text ~~ '%Freddy%'::text))", "Rows Removed by Filter": 1, "Workers": []}]}, {"Node Type": "Index Scan", "Parent Relationship": "Inner", "Parallel Aware": false, "Async Capable": false, "Scan Direction": "Forward", "Index Name": "kind_type_pkey", "Relation Name": "kind_type", "Alias": "kt", "Startup Cost": 0.13, "Total Cost": 0.18, "Plan Rows": 1, "Plan Width": 4, "Actual Rows": 0, "Actual Loops": 2141, "Index Cond": "(id = t.kind_id)", "Rows Removed by Index Recheck": 0, "Filter": "((kind)::text = 'video game'::text)", "Rows Removed by Filter": 1, "Workers": []}]}]}]}]}]}]}, "Planning Time": 9.906, "Triggers": [], "Execution Time": 4704.076}, {"Plan": {"Node Type": "Aggregate", "Strategy": "Plain", "Partial Mode": "Simple", "Parallel Aware": false, "Async Capable": false, "Startup Cost": 246464.07, "Total Cost": 246464.08, "Plan Rows": 1, "Plan Width": 96, "Actual Rows": 1, "Actual Loops": 1, "Plans": [{"Node Type": "Nested Loop", "Parent Relationship": "Outer", "Parallel Aware": false, "Async Capable": false, "Join Type": "Inner", "Startup Cost": 216066.05, "Total Cost": 246464.06, "Plan Rows": 1, "Plan Width": 41, "Actual Rows": 14, "Actual Loops": 1, "Inner Unique": false, "Join Filter": "(ct.id = mc.company_type_id)", "Rows Removed by Join Filter": 13, "Plans": [{"Node Type": "Seq Scan", "Parent Relationship": "Outer", "Parallel Aware": false, "Async Capable": false, "Relation Name": "company_type", "Alias": "ct", "Startup Cost": 0.0, "Total Cost": 1.05, "Plan Rows": 1, "Plan Width": 4, "Actual Rows": 1, "Actual Loops": 1, "Filter": "((kind)::text = 'production companies'::text)", "Rows Removed by Filter": 3}, {"Node Type": "Nested Loop", "Parent Relationship": "Inner", "Parallel Aware": false, "Async Capable": false, "Join Type": "Inner", "Startup Cost": 216066.05, "Total Cost": 246463.0, "Plan Rows": 1, "Plan Width": 45, "Actual Rows": 27, "Actual Loops": 1, "Inner Unique": true, "Plans": [{"Node Type": "Gather", "Parent Relationship": "Outer", "Parallel Aware": false, "Async Capable": false, "Startup Cost": 216065.63, "Total Cost": 246462.55, "Plan Rows": 1, "Plan Width": 30, "Actual Rows": 95, "Actual Loops": 1, "Workers Planned": 3, "Workers Launched": 3, "Single Copy": false, "Plans": [{"Node Type": "Nested Loop", "Parent Relationship": "Outer", "Parallel Aware": false, "Async Capable": false, "Join Type": "Inner", "Startup Cost": 215065.63, "Total Cost": 245462.45, "Plan Rows": 1, "Plan Width": 30, "Actual Rows": 24, "Actual Loops": 4, "Inner Unique": true, "Workers": [], "Plans": [{"Node Type": "Hash Join", "Parent Relationship": "Outer", "Parallel Aware": true, "Async Capable": false, "Join Type": "Inner", "Startup Cost": 215065.49, "Total Cost": 245462.25, "Plan Rows": 1, "Plan Width": 34, "Actual Rows": 961, "Actual Loops": 4, "Inner Unique": false, "Hash Cond": "(mc.movie_id = mi.movie_id)", "Workers": [], "Plans": [{"Node Type": "Seq Scan", "Parent Relationship": "Outer", "Parallel Aware": true, "Async Capable": false, "Relation Name": "movie_companies", "Alias": "mc", "Startup Cost": 0.0, "Total Cost": 27240.55, "Plan Rows": 841655, "Plan Width": 12, "Actual Rows": 652282, "Actual Loops": 4, "Workers": []}, {"Node Type": "Hash", "Parent Relationship": "Inner", "Parallel Aware": true, "Async Capable": false, "Startup Cost": 215065.48, "Total Cost": 215065.48, "Plan Rows": 1, "Plan Width": 38, "Actual Rows": 125, "Actual Loops": 4, "Hash Buckets": 1024, "Original Hash Buckets": 1024, "Hash Batches": 1, "Original Hash Batches": 1, "Peak Memory Usage": 136, "Workers": [], "Plans": [{"Node Type": "Nested Loop", "Parent Relationship": "Outer", "Parallel Aware": false, "Async Capable": false, "Join Type": "Inner", "Startup Cost": 15353.07, "Total Cost": 215065.48, "Plan Rows": 1, "Plan Width": 38, "Actual Rows": 125, "Actual Loops": 4, "Inner Unique": true, "Workers": [], "Plans": [{"Node Type": "Hash Join", "Parent Relationship": "Outer", "Parallel Aware": true, "Async Capable": false, "Join Type": "Inner", "Startup Cost": 15352.64, "Total Cost": 214854.53, "Plan Rows": 454, "Plan Width": 13, "Actual Rows": 279746, "Actual Loops": 4, "Inner Unique": false, "Hash Cond": "(mi.movie_id = miidx.movie_id)", "Workers": [], "Plans": [{"Node Type": "Hash Join", "Parent Relationship": "Outer", "Parallel Aware": false, "Async Capable": false, "Join Type": "Inner", "Startup Cost": 2.43, "Total Cost": 199403.96, "Plan Rows": 26259, "Plan Width": 4, "Actual Rows": 759180, "Actual Loops": 4, "Inner Unique": true, "Hash Cond": "(mi.info_type_id = it2.id)", "Workers": [], "Plans": [{"Node Type": "Seq Scan", "Parent Relationship": "Outer", "Parallel Aware": true, "Async Capable": false, "Relation Name": "movie_info", "Alias": "mi", "Startup Cost": 0.0, "Total Cost": 191320.4, "Plan Rows": 2967240, "Plan Width": 8, "Actual Rows": 3708930, "Actual Loops": 4, "Workers": []}, {"Node Type": "Hash", "Parent Relationship": "Inner", "Parallel Aware": false, "Async Capable": false, "Startup Cost": 2.41, "Total Cost": 2.41, "Plan Rows": 1, "Plan Width": 4, "Actual Rows": 1, "Actual Loops": 4, "Hash Buckets": 1024, "Original Hash Buckets": 1024, "Hash Batches": 1, "Original Hash Batches": 1, "Peak Memory Usage": 9, "Workers": [], "Plans": [{"Node Type": "Seq Scan", "Parent Relationship": "Outer", "Parallel Aware": false, "Async Capable": false, "Relation Name": "info_type", "Alias": "it2", "Startup Cost": 0.0, "Total Cost": 2.41, "Plan Rows": 1, "Plan Width": 4, "Actual Rows": 1, "Actual Loops": 4, "Filter": "((info)::text = 'release dates'::text)", "Rows Removed by Filter": 112, "Workers": []}]}]}, {"Node Type": "Hash", "Parent Relationship": "Inner", "Parallel Aware": true, "Async Capable": false, "Startup Cost": 15286.6, "Total Cost": 15286.6, "Plan Rows": 5089, "Plan Width": 9, "Actual Rows": 114981, "Actual Loops": 4, "Hash Buckets": 524288, "Original Hash Buckets": 16384, "Hash Batches": 1, "Original Hash Batches": 1, "Peak Memory Usage": 26272, "Workers": [], "Plans": [{"Node Type": "Hash Join", "Parent Relationship": "Outer", "Parallel Aware": false, "Async Capable": false, "Join Type": "Inner", "Startup Cost": 2.43, "Total Cost": 15286.6, "Plan Rows": 5089, "Plan Width": 9, "Actual Rows": 114981, "Actual Loops": 4, "Inner Unique": true, "Hash Cond": "(miidx.info_type_id = it.id)", "Workers": [], "Plans": [{"Node Type": "Seq Scan", "Parent Relationship": "Outer", "Parallel Aware": true, "Async Capable": false, "Relation Name": "movie_info_idx", "Alias": "miidx", "Startup Cost": 0.0, "Total Cost": 13718.15, "Plan Rows": 575015, "Plan Width": 13, "Actual Rows": 345009, "Actual Loops": 4, "Workers": []}, {"Node Type": "Hash", "Parent Relationship": "Inner", "Parallel Aware": false, "Async Capable": false, "Startup Cost": 2.41, "Total Cost": 2.41, "Plan Rows": 1, "Plan Width": 4, "Actual Rows": 1, "Actual Loops": 4, "Hash Buckets": 1024, "Original Hash Buckets": 1024, "Hash Batches": 1, "Original Hash Batches": 1, "Peak Memory Usage": 9, "Workers": [], "Plans": [{"Node Type": "Seq Scan", "Parent Relationship": "Outer", "Parallel Aware": false, "Async Capable": false, "Relation Name": "info_type", "Alias": "it", "Startup Cost": 0.0, "Total Cost": 2.41, "Plan Rows": 1, "Plan Width": 4, "Actual Rows": 1, "Actual Loops": 4, "Filter": "((info)::text = 'votes'::text)", "Rows Removed by Filter": 112, "Workers": []}]}]}]}]}, {"Node Type": "Index Scan", "Parent Relationship": "Inner", "Parallel Aware": false, "Async Capable": false, "Scan Direction": "Forward", "Index Name": "title_pkey", "Relation Name": "title", "Alias": "t", "Startup Cost": 0.43, "Total Cost": 0.46, "Plan Rows": 1, "Plan Width": 25, "Actual Rows": 0, "Actual Loops": 1118984, "Index Cond": "(id = mi.movie_id)", "Rows Removed by Index Recheck": 0, "Filter": "(((title)::text ~~ '%Champion%'::text) OR ((title)::text ~~ '%Freddy%'::text))", "Rows Removed by Filter": 1, "Workers": []}]}]}]}, {"Node Type": "Memoize", "Parent Relationship": "Inner", "Parallel Aware": false, "Async Capable": false, "Startup Cost": 0.14, "Total Cost": 0.19, "Plan Rows": 1, "Plan Width": 4, "Actual Rows": 0, "Actual Loops": 3845, "Cache Key": "t.kind_id", "Cache Mode": "logical", "Cache Hits": 2615, "Cache Misses": 6, "Cache Evictions": 0, "Cache Overflows": 0, "Peak Memory Usage": 1, "Workers": [{"Worker Number": 0, "Cache Hits": 230, "Cache Misses": 6, "Cache Evictions": 0, "Cache Overflows": 0, "Peak Memory Usage": 1}, {"Worker Number": 1, "Cache Hits": 678, "Cache Misses": 6, "Cache Evictions": 0, "Cache Overflows": 0, "Peak Memory Usage": 1}, {"Worker Number": 2, "Cache Hits": 298, "Cache Misses": 6, "Cache Evictions": 0, "Cache Overflows": 0, "Peak Memory Usage": 1}], "Plans": [{"Node Type": "Index Scan", "Parent Relationship": "Outer", "Parallel Aware": false, "Async Capable": false, "Scan Direction": "Forward", "Index Name": "kind_type_pkey", "Relation Name": "kind_type", "Alias": "kt", "Startup Cost": 0.13, "Total Cost": 0.18, "Plan Rows": 1, "Plan Width": 4, "Actual Rows": 0, "Actual Loops": 24, "Index Cond": "(id = t.kind_id)", "Rows Removed by Index Recheck": 0, "Filter": "((kind)::text = 'video game'::text)", "Rows Removed by Filter": 1, "Workers": []}]}]}]}, {"Node Type": "Index Scan", "Parent Relationship": "Inner", "Parallel Aware": false, "Async Capable": false, "Scan Direction": "Forward", "Index Name": "company_name_pkey", "Relation Name": "company_name", "Alias": "cn", "Startup Cost": 0.42, "Total Cost": 0.45, "Plan Rows": 1, "Plan Width": 23, "Actual Rows": 0, "Actual Loops": 95, "Index Cond": "(id = mc.company_id)", "Rows Removed by Index Recheck": 0, "Filter": "((country_code)::text = '[jp]'::text)", "Rows Removed by Filter": 1}]}]}]}, "Planning Time": 8.174, "Triggers": [], "Execution Time": 2527.892}, {"Plan": {"Node Type": "Aggregate", "Strategy": "Plain", "Partial Mode": "Simple", "Parallel Aware": false, "Async Capable": false, "Startup Cost": 250536.6, "Total Cost": 250536.61, "Plan Rows": 1, "Plan Width": 96, "Actual Rows": 1, "Actual Loops": 1, "Plans": [{"Node Type": "Gather", "Parent Relationship": "Outer", "Parallel Aware": false, "Async Capable": false, "Startup Cost": 50823.98, "Total Cost": 250536.6, "Plan Rows": 1, "Plan Width": 41, "Actual Rows": 14, "Actual Loops": 1, "Workers Planned": 5, "Workers Launched": 5, "Single Copy": false, "Plans": [{"Node Type": "Hash Join", "Parent Relationship": "Outer", "Parallel Aware": true, "Async Capable": false, "Join Type": "Inner", "Startup Cost": 49823.98, "Total Cost": 249536.5, "Plan Rows": 1, "Plan Width": 41, "Actual Rows": 2, "Actual Loops": 6, "Inner Unique": false, "Hash Cond": "(mi.movie_id = mc.movie_id)", "Workers": [], "Plans": [{"Node Type": "Nested Loop", "Parent Relationship": "Outer", "Parallel Aware": false, "Async Capable": false, "Join Type": "Inner", "Startup Cost": 15353.2, "Total Cost": 215065.7, "Plan Rows": 1, "Plan Width": 34, "Actual Rows": 6, "Actual Loops": 6, "Inner Unique": true, "Workers": [], "Plans": [{"Node Type": "Nested Loop", "Parent Relationship": "Outer", "Parallel Aware": false, "Async Capable": false, "Join Type": "Inner", "Startup Cost": 15353.07, "Total Cost": 215065.48, "Plan Rows": 1, "Plan Width": 38, "Actual Rows": 83, "Actual Loops": 6, "Inner Unique": true, "Workers": [], "Plans": [{"Node Type": "Hash Join", "Parent Relationship": "Outer", "Parallel Aware": true, "Async Capable": false, "Join Type": "Inner", "Startup Cost": 15352.64, "Total Cost": 214854.53, "Plan Rows": 454, "Plan Width": 13, "Actual Rows": 186497, "Actual Loops": 6, "Inner Unique": false, "Hash Cond": "(mi.movie_id = miidx.movie_id)", "Workers": [], "Plans": [{"Node Type": "Hash Join", "Parent Relationship": "Outer", "Parallel Aware": false, "Async Capable": false, "Join Type": "Inner", "Startup Cost": 2.43, "Total Cost": 199403.96, "Plan Rows": 26259, "Plan Width": 4, "Actual Rows": 506120, "Actual Loops": 6, "Inner Unique": true, "Hash Cond": "(mi.info_type_id = it2.id)", "Workers": [], "Plans": [{"Node Type": "Seq Scan", "Parent Relationship": "Outer", "Parallel Aware": true, "Async Capable": false, "Relation Name": "movie_info", "Alias": "mi", "Startup Cost": 0.0, "Total Cost": 191320.4, "Plan Rows": 2967240, "Plan Width": 8, "Actual Rows": 2472620, "Actual Loops": 6, "Workers": []}, {"Node Type": "Hash", "Parent Relationship": "Inner", "Parallel Aware": false, "Async Capable": false, "Startup Cost": 2.41, "Total Cost": 2.41, "Plan Rows": 1, "Plan Width": 4, "Actual Rows": 1, "Actual Loops": 6, "Hash Buckets": 1024, "Original Hash Buckets": 1024, "Hash Batches": 1, "Original Hash Batches": 1, "Peak Memory Usage": 9, "Workers": [], "Plans": [{"Node Type": "Seq Scan", "Parent Relationship": "Outer", "Parallel Aware": false, "Async Capable": false, "Relation Name": "info_type", "Alias": "it2", "Startup Cost": 0.0, "Total Cost": 2.41, "Plan Rows": 1, "Plan Width": 4, "Actual Rows": 1, "Actual Loops": 6, "Filter": "((info)::text = 'release dates'::text)", "Rows Removed by Filter": 112, "Workers": []}]}]}, {"Node Type": "Hash", "Parent Relationship": "Inner", "Parallel Aware": true, "Async Capable": false, "Startup Cost": 15286.6, "Total Cost": 15286.6, "Plan Rows": 5089, "Plan Width": 9, "Actual Rows": 76654, "Actual Loops": 6, "Hash Buckets": 524288, "Original Hash Buckets": 16384, "Hash Batches": 1, "Original Hash Batches": 1, "Peak Memory Usage": 26304, "Workers": [], "Plans": [{"Node Type": "Hash Join", "Parent Relationship": "Outer", "Parallel Aware": false, "Async Capable": false, "Join Type": "Inner", "Startup Cost": 2.43, "Total Cost": 15286.6, "Plan Rows": 5089, "Plan Width": 9, "Actual Rows": 76654, "Actual Loops": 6, "Inner Unique": true, "Hash Cond": "(miidx.info_type_id = it.id)", "Workers": [], "Plans": [{"Node Type": "Seq Scan", "Parent Relationship": "Outer", "Parallel Aware": true, "Async Capable": false, "Relation Name": "movie_info_idx", "Alias": "miidx", "Startup Cost": 0.0, "Total Cost": 13718.15, "Plan Rows": 575015, "Plan Width": 13, "Actual Rows": 230006, "Actual Loops": 6, "Workers": []}, {"Node Type": "Hash", "Parent Relationship": "Inner", "Parallel Aware": false, "Async Capable": false, "Startup Cost": 2.41, "Total Cost": 2.41, "Plan Rows": 1, "Plan Width": 4, "Actual Rows": 1, "Actual Loops": 6, "Hash Buckets": 1024, "Original Hash Buckets": 1024, "Hash Batches": 1, "Original Hash Batches": 1, "Peak Memory Usage": 9, "Workers": [], "Plans": [{"Node Type": "Seq Scan", "Parent Relationship": "Outer", "Parallel Aware": false, "Async Capable": false, "Relation Name": "info_type", "Alias": "it", "Startup Cost": 0.0, "Total Cost": 2.41, "Plan Rows": 1, "Plan Width": 4, "Actual Rows": 1, "Actual Loops": 6, "Filter": "((info)::text = 'votes'::text)", "Rows Removed by Filter": 112, "Workers": []}]}]}]}]}, {"Node Type": "Index Scan", "Parent Relationship": "Inner", "Parallel Aware": false, "Async Capable": false, "Scan Direction": "Forward", "Index Name": "title_pkey", "Relation Name": "title", "Alias": "t", "Startup Cost": 0.43, "Total Cost": 0.46, "Plan Rows": 1, "Plan Width": 25, "Actual Rows": 0, "Actual Loops": 1118984, "Index Cond": "(id = mi.movie_id)", "Rows Removed by Index Recheck": 0, "Filter": "(((title)::text ~~ '%Champion%'::text) OR ((title)::text ~~ '%Freddy%'::text))", "Rows Removed by Filter": 1, "Workers": []}]}, {"Node Type": "Index Scan", "Parent Relationship": "Inner", "Parallel Aware": false, "Async Capable": false, "Scan Direction": "Forward", "Index Name": "kind_type_pkey", "Relation Name": "kind_type", "Alias": "kt", "Startup Cost": 0.13, "Total Cost": 0.18, "Plan Rows": 1, "Plan Width": 4, "Actual Rows": 0, "Actual Loops": 500, "Index Cond": "(id = t.kind_id)", "Rows Removed by Index Recheck": 0, "Filter": "((kind)::text = 'video game'::text)", "Rows Removed by Filter": 1, "Workers": []}]}, {"Node Type": "Hash", "Parent Relationship": "Inner", "Parallel Aware": true, "Async Capable": false, "Startup Cost": 34396.41, "Total Cost": 34396.41, "Plan Rows": 5949, "Plan Width": 23, "Actual Rows": 8565, "Actual Loops": 6, "Hash Buckets": 65536, "Original Hash Buckets": 32768, "Hash Batches": 1, "Original Hash Batches": 1, "Peak Memory Usage": 3744, "Workers": [], "Plans": [{"Node Type": "Hash Join", "Parent Relationship": "Outer", "Parallel Aware": false, "Async Capable": false, "Join Type": "Inner", "Startup Cost": 4817.83, "Total Cost": 34396.41, "Plan Rows": 5949, "Plan Width": 23, "Actual Rows": 8565, "Actual Loops": 6, "Inner Unique": true, "Hash Cond": "(mc.company_type_id = ct.id)", "Workers": [], "Plans": [{"Node Type": "Hash Join", "Parent Relationship": "Outer", "Parallel Aware": true, "Async Capable": false, "Join Type": "Inner", "Startup Cost": 4816.77, "Total Cost": 34266.7, "Plan Rows": 23796, "Plan Width": 27, "Actual Rows": 17499, "Actual Loops": 6, "Inner Unique": true, "Hash Cond": "(mc.company_id = cn.id)", "Workers": [], "Plans": [{"Node Type": "Seq Scan", "Parent Relationship": "Outer", "Parallel Aware": true, "Async Capable": false, "Relation Name": "movie_companies", "Alias": "mc", "Startup Cost": 0.0, "Total Cost": 27240.55, "Plan Rows": 841655, "Plan Width": 12, "Actual Rows": 434855, "Actual Loops": 6, "Workers": []}, {"Node Type": "Hash", "Parent Relationship": "Inner", "Parallel Aware": true, "Async Capable": false, "Startup Cost": 4767.92, "Total Cost": 4767.92, "Plan Rows": 3908, "Plan Width": 23, "Actual Rows": 1125, "Actual Loops": 6, "Hash Buckets": 8192, "Original Hash Buckets": 8192, "Hash Batches": 1, "Original Hash Batches": 1, "Peak Memory Usage": 544, "Workers": [], "Plans": [{"Node Type": "Seq Scan", "Parent Relationship": "Outer", "Parallel Aware": true, "Async Capable": false, "Relation Name": "company_name", "Alias": "cn", "Startup Cost": 0.0, "Total Cost": 4767.92, "Plan Rows": 3908, "Plan Width": 23, "Actual Rows": 1125, "Actual Loops": 6, "Filter": "((country_code)::text = '[jp]'::text)", "Rows Removed by Filter": 38041, "Workers": []}]}]}, {"Node Type": "Hash", "Parent Relationship": "Inner", "Parallel Aware": false, "Async Capable": false, "Startup Cost": 1.05, "Total Cost": 1.05, "Plan Rows": 1, "Plan Width": 4, "Actual Rows": 1, "Actual Loops": 6, "Hash Buckets": 1024, "Original Hash Buckets": 1024, "Hash Batches": 1, "Original Hash Batches": 1, "Peak Memory Usage": 9, "Workers": [], "Plans": [{"Node Type": "Seq Scan", "Parent Relationship": "Outer", "Parallel Aware": false, "Async Capable": false, "Relation Name": "company_type", "Alias": "ct", "Startup Cost": 0.0, "Total Cost": 1.05, "Plan Rows": 1, "Plan Width": 4, "Actual Rows": 1, "Actual Loops": 6, "Filter": "((kind)::text = 'production companies'::text)", "Rows Removed by Filter": 3, "Workers": []}]}]}]}]}]}]}, "Planning Time": 7.125, "Triggers": [], "Execution Time": 1680.485}]