[{"Plan": {"Node Type": "Aggregate", "Strategy": "Plain", "Partial Mode": "Finalize", "Parallel Aware": false, "Async Capable": false, "Startup Cost": 438920.97, "Total Cost": 438920.98, "Plan Rows": 1, "Plan Width": 64, "Actual Rows": 1, "Actual Loops": 1, "Plans": [{"Node Type": "Gather", "Parent Relationship": "Outer", "Parallel Aware": false, "Async Capable": false, "Startup Cost": 438920.65, "Total Cost": 438920.96, "Plan Rows": 3, "Plan Width": 64, "Actual Rows": 4, "Actual Loops": 1, "Workers Planned": 3, "Workers Launched": 3, "Single Copy": false, "Plans": [{"Node Type": "Aggregate", "Strategy": "Plain", "Partial Mode": "Partial", "Parent Relationship": "Outer", "Parallel Aware": false, "Async Capable": false, "Startup Cost": 437920.65, "Total Cost": 437920.66, "Plan Rows": 1, "Plan Width": 64, "Actual Rows": 1, "Actual Loops": 4, "Workers": [], "Plans": [{"Node Type": "Hash Join", "Parent Relationship": "Outer", "Parallel Aware": true, "Async Capable": false, "Join Type": "Inner", "Startup Cost": 422029.97, "Total Cost": 437473.54, "Plan Rows": 89421, "Plan Width": 33, "Actual Rows": 82174, "Actual Loops": 4, "Inner Unique": false, "Hash Cond": "(an.person_id = n.id)", "Workers": [], "Plans": [{"Node Type": "Seq Scan", "Parent Relationship": "Outer", "Parallel Aware": true, "Async Capable": false, "Relation Name": "aka_name", "Alias": "an", "Startup Cost": 0.0, "Total Cost": 14323.56, "Plan Rows": 290756, "Plan Width": 20, "Actual Rows": 225336, "Actual Loops": 4, "Workers": []}, {"Node Type": "Hash", "Parent Relationship": "Inner", "Parallel Aware": true, "Async Capable": false, "Startup Cost": 421498.25, "Total Cost": 421498.25, "Plan Rows": 42538, "Plan Width": 25, "Actual Rows": 54043, "Actual Loops": 4, "Hash Buckets": 262144, "Original Hash Buckets": 262144, "Hash Batches": 1, "Original Hash Batches": 1, "Peak Memory Usage": 15168, "Workers": [], "Plans": [{"Node Type": "Hash Join", "Parent Relationship": "Outer", "Parallel Aware": true, "Async Capable": false, "Join Type": "Inner", "Startup Cost": 390837.06, "Total Cost": 421498.25, "Plan Rows": 42538, "Plan Width": 25, "Actual Rows": 54043, "Actual Loops": 4, "Inner Unique": false, "Hash Cond": "(mc.movie_id = ci.movie_id)", "Workers": [], "Plans": [{"Node Type": "Hash Join", "Parent Relationship": "Outer", "Parallel Aware": true, "Async Capable": false, "Join Type": "Inner", "Startup Cost": 5392.23, "Total Cost": 34842.17, "Plan Rows": 304095, "Plan Width": 4, "Actual Rows": 288450, "Actual Loops": 4, "Inner Unique": true, "Hash Cond": "(mc.company_id = cn.id)", "Workers": [], "Plans": [{"Node Type": "Seq Scan", "Parent Relationship": "Outer", "Parallel Aware": true, "Async Capable": false, "Relation Name": "movie_companies", "Alias": "mc", "Startup Cost": 0.0, "Total Cost": 27240.55, "Plan Rows": 841655, "Plan Width": 8, "Actual Rows": 652282, "Actual Loops": 4, "Workers": []}, {"Node Type": "Hash", "Parent Relationship": "Inner", "Parallel Aware": true, "Async Capable": false, "Startup Cost": 4767.92, "Total Cost": 4767.92, "Plan Rows": 49945, "Plan Width": 4, "Actual Rows": 21211, "Actual Loops": 4, "Hash Buckets": 131072, "Original Hash Buckets": 131072, "Hash Batches": 1, "Original Hash Batches": 1, "Peak Memory Usage": 4416, "Workers": [], "Plans": [{"Node Type": "Seq Scan", "Parent Relationship": "Outer", "Parallel Aware": true, "Async Capable": false, "Relation Name": "company_name", "Alias": "cn", "Startup Cost": 0.0, "Total Cost": 4767.92, "Plan Rows": 49945, "Plan Width": 4, "Actual Rows": 21211, "Actual Loops": 4, "Filter": "((country_code)::text = '[us]'::text)", "Rows Removed by Filter": 37538, "Workers": []}]}]}, {"Node Type": "Hash", "Parent Relationship": "Inner", "Parallel Aware": true, "Async Capable": false, "Startup Cost": 385142.6, "Total Cost": 385142.6, "Plan Rows": 24178, "Plan Width": 33, "Actual Rows": 36378, "Actual Loops": 4, "Hash Buckets": 262144, "Original Hash Buckets": 262144, "Hash Batches": 1, "Original Hash Batches": 1, "Peak Memory Usage": 12128, "Workers": [], "Plans": [{"Node Type": "Nested Loop", "Parent Relationship": "Outer", "Parallel Aware": false, "Async Capable": false, "Join Type": "Inner", "Startup Cost": 44290.17, "Total Cost": 385142.6, "Plan Rows": 24178, "Plan Width": 33, "Actual Rows": 36378, "Actual Loops": 4, "Inner Unique": true, "Workers": [], "Plans": [{"Node Type": "Hash Join", "Parent Relationship": "Outer", "Parallel Aware": false, "Async Capable": false, "Join Type": "Inner", "Startup Cost": 44289.74, "Total Cost": 374282.77, "Plan Rows": 24178, "Plan Width": 29, "Actual Rows": 36378, "Actual Loops": 4, "Inner Unique": true, "Hash Cond": "(ci.role_id = rt.id)", "Workers": [], "Plans": [{"Node Type": "Hash Join", "Parent Relationship": "Outer", "Parallel Aware": true, "Async Capable": false, "Join Type": "Inner", "Startup Cost": 44288.57, "Total Cost": 373251.01, "Plan Rows": 290137, "Plan Width": 33, "Actual Rows": 171051, "Actual Loops": 4, "Inner Unique": true, "Hash Cond": "(ci.movie_id = t.id)", "Workers": [], "Plans": [{"Node Type": "Seq Scan", "Parent Relationship": "Outer", "Parallel Aware": true, "Async Capable": false, "Relation Name": "cast_info", "Alias": "ci", "Startup Cost": 0.0, "Total Cost": 313110.03, "Plan Rows": 6039003, "Plan Width": 12, "Actual Rows": 9061086, "Actual Loops": 4, "Workers": []}, {"Node Type": "Hash", "Parent Relationship": "Inner", "Parallel Aware": true, "Async Capable": false, "Startup Cost": 43908.97, "Total Cost": 43908.97, "Plan Rows": 30368, "Plan Width": 21, "Actual Rows": 30733, "Actual Loops": 4, "Hash Buckets": 131072, "Original Hash Buckets": 131072, "Hash Batches": 1, "Original Hash Batches": 1, "Peak Memory Usage": 8416, "Workers": [], "Plans": [{"Node Type": "Seq Scan", "Parent Relationship": "Outer", "Parallel Aware": true, "Async Capable": false, "Relation Name": "title", "Alias": "t", "Startup Cost": 0.0, "Total Cost": 43908.97, "Plan Rows": 30368, "Plan Width": 21, "Actual Rows": 30733, "Actual Loops": 4, "Filter": "(production_year <= 1932)", "Rows Removed by Filter": 601345, "Workers": []}]}]}, {"Node Type": "Hash", "Parent Relationship": "Inner", "Parallel Aware": false, "Async Capable": false, "Startup Cost": 1.15, "Total Cost": 1.15, "Plan Rows": 1, "Plan Width": 4, "Actual Rows": 1, "Actual Loops": 4, "Hash Buckets": 1024, "Original Hash Buckets": 1024, "Hash Batches": 1, "Original Hash Batches": 1, "Peak Memory Usage": 9, "Workers": [], "Plans": [{"Node Type": "Seq Scan", "Parent Relationship": "Outer", "Parallel Aware": false, "Async Capable": false, "Relation Name": "role_type", "Alias": "rt", "Startup Cost": 0.0, "Total Cost": 1.15, "Plan Rows": 1, "Plan Width": 4, "Actual Rows": 1, "Actual Loops": 4, "Filter": "((role)::text = 'actress'::text)", "Rows Removed by Filter": 11, "Workers": []}]}]}, {"Node Type": "Index Only Scan", "Parent Relationship": "Inner", "Parallel Aware": false, "Async Capable": false, "Scan Direction": "Forward", "Index Name": "name_pkey", "Relation Name": "name", "Alias": "n", "Startup Cost": 0.43, "Total Cost": 0.45, "Plan Rows": 1, "Plan Width": 4, "Actual Rows": 1, "Actual Loops": 145510, "Index Cond": "(id = ci.person_id)", "Rows Removed by Index Recheck": 0, "Heap Fetches": 0, "Workers": []}]}]}]}]}]}]}]}]}, "Planning Time": 7.402, "Triggers": [], "Execution Time": 3319.78}, {"Plan": {"Node Type": "Aggregate", "Strategy": "Plain", "Partial Mode": "Finalize", "Parallel Aware": false, "Async Capable": false, "Startup Cost": 514736.03, "Total Cost": 514736.04, "Plan Rows": 1, "Plan Width": 64, "Actual Rows": 1, "Actual Loops": 1, "Plans": [{"Node Type": "Gather", "Parent Relationship": "Outer", "Parallel Aware": false, "Async Capable": false, "Startup Cost": 514735.6, "Total Cost": 514736.01, "Plan Rows": 4, "Plan Width": 64, "Actual Rows": 5, "Actual Loops": 1, "Workers Planned": 4, "Workers Launched": 4, "Single Copy": false, "Plans": [{"Node Type": "Aggregate", "Strategy": "Plain", "Partial Mode": "Partial", "Parent Relationship": "Outer", "Parallel Aware": false, "Async Capable": false, "Startup Cost": 513735.6, "Total Cost": 513735.61, "Plan Rows": 1, "Plan Width": 64, "Actual Rows": 1, "Actual Loops": 5, "Workers": [], "Plans": [{"Node Type": "Hash Join", "Parent Relationship": "Outer", "Parallel Aware": true, "Async Capable": false, "Join Type": "Inner", "Startup Cost": 432765.06, "Total Cost": 513389.09, "Plan Rows": 69301, "Plan Width": 33, "Actual Rows": 65739, "Actual Loops": 5, "Inner Unique": false, "Hash Cond": "(n.id = an.person_id)", "Workers": [], "Plans": [{"Node Type": "Seq Scan", "Parent Relationship": "Outer", "Parallel Aware": true, "Async Capable": false, "Relation Name": "name", "Alias": "n", "Startup Cost": 0.0, "Total Cost": 66074.73, "Plan Rows": 1041873, "Plan Width": 4, "Actual Rows": 833498, "Actual Loops": 5, "Workers": []}, {"Node Type": "Hash", "Parent Relationship": "Inner", "Parallel Aware": true, "Async Capable": false, "Startup Cost": 431647.3, "Total Cost": 431647.3, "Plan Rows": 89421, "Plan Width": 41, "Actual Rows": 65739, "Actual Loops": 5, "Hash Buckets": 524288, "Original Hash Buckets": 524288, "Hash Batches": 1, "Original Hash Batches": 1, "Peak Memory Usage": 30080, "Workers": [], "Plans": [{"Node Type": "Hash Join", "Parent Relationship": "Outer", "Parallel Aware": true, "Async Capable": false, "Join Type": "Inner", "Startup Cost": 412310.49, "Total Cost": 431647.3, "Plan Rows": 89421, "Plan Width": 41, "Actual Rows": 65739, "Actual Loops": 5, "Inner Unique": false, "Hash Cond": "(an.person_id = ci.person_id)", "Workers": [], "Plans": [{"Node Type": "Seq Scan", "Parent Relationship": "Outer", "Parallel Aware": true, "Async Capable": false, "Relation Name": "aka_name", "Alias": "an", "Startup Cost": 0.0, "Total Cost": 14323.56, "Plan Rows": 290756, "Plan Width": 20, "Actual Rows": 180269, "Actual Loops": 5, "Workers": []}, {"Node Type": "Hash", "Parent Relationship": "Inner", "Parallel Aware": true, "Async Capable": false, "Startup Cost": 411778.77, "Total Cost": 411778.77, "Plan Rows": 42538, "Plan Width": 21, "Actual Rows": 43235, "Actual Loops": 5, "Hash Buckets": 262144, "Original Hash Buckets": 262144, "Hash Batches": 1, "Original Hash Batches": 1, "Peak Memory Usage": 14304, "Workers": [], "Plans": [{"Node Type": "Hash Join", "Parent Relationship": "Outer", "Parallel Aware": true, "Async Capable": false, "Join Type": "Inner", "Startup Cost": 379977.22, "Total Cost": 411778.77, "Plan Rows": 42538, "Plan Width": 21, "Actual Rows": 43235, "Actual Loops": 5, "Inner Unique": false, "Hash Cond": "(mc.movie_id = ci.movie_id)", "Workers": [], "Plans": [{"Node Type": "Hash Join", "Parent Relationship": "Outer", "Parallel Aware": true, "Async Capable": false, "Join Type": "Inner", "Startup Cost": 5392.23, "Total Cost": 34842.17, "Plan Rows": 304095, "Plan Width": 4, "Actual Rows": 230760, "Actual Loops": 5, "Inner Unique": true, "Hash Cond": "(mc.company_id = cn.id)", "Workers": [], "Plans": [{"Node Type": "Seq Scan", "Parent Relationship": "Outer", "Parallel Aware": true, "Async Capable": false, "Relation Name": "movie_companies", "Alias": "mc", "Startup Cost": 0.0, "Total Cost": 27240.55, "Plan Rows": 841655, "Plan Width": 8, "Actual Rows": 521826, "Actual Loops": 5, "Workers": []}, {"Node Type": "Hash", "Parent Relationship": "Inner", "Parallel Aware": true, "Async Capable": false, "Startup Cost": 4767.92, "Total Cost": 4767.92, "Plan Rows": 49945, "Plan Width": 4, "Actual Rows": 16969, "Actual Loops": 5, "Hash Buckets": 131072, "Original Hash Buckets": 131072, "Hash Batches": 1, "Original Hash Batches": 1, "Peak Memory Usage": 4448, "Workers": [], "Plans": [{"Node Type": "Seq Scan", "Parent Relationship": "Outer", "Parallel Aware": true, "Async Capable": false, "Relation Name": "company_name", "Alias": "cn", "Startup Cost": 0.0, "Total Cost": 4767.92, "Plan Rows": 49945, "Plan Width": 4, "Actual Rows": 16969, "Actual Loops": 5, "Filter": "((country_code)::text = '[us]'::text)", "Rows Removed by Filter": 30031, "Workers": []}]}]}, {"Node Type": "Hash", "Parent Relationship": "Inner", "Parallel Aware": true, "Async Capable": false, "Startup Cost": 374282.77, "Total Cost": 374282.77, "Plan Rows": 24178, "Plan Width": 29, "Actual Rows": 29102, "Actual Loops": 5, "Hash Buckets": 262144, "Original Hash Buckets": 262144, "Hash Batches": 1, "Original Hash Batches": 1, "Peak Memory Usage": 11552, "Workers": [], "Plans": [{"Node Type": "Hash Join", "Parent Relationship": "Outer", "Parallel Aware": false, "Async Capable": false, "Join Type": "Inner", "Startup Cost": 44289.74, "Total Cost": 374282.77, "Plan Rows": 24178, "Plan Width": 29, "Actual Rows": 29102, "Actual Loops": 5, "Inner Unique": true, "Hash Cond": "(ci.role_id = rt.id)", "Workers": [], "Plans": [{"Node Type": "Hash Join", "Parent Relationship": "Outer", "Parallel Aware": true, "Async Capable": false, "Join Type": "Inner", "Startup Cost": 44288.57, "Total Cost": 373251.01, "Plan Rows": 290137, "Plan Width": 33, "Actual Rows": 136841, "Actual Loops": 5, "Inner Unique": true, "Hash Cond": "(ci.movie_id = t.id)", "Workers": [], "Plans": [{"Node Type": "Seq Scan", "Parent Relationship": "Outer", "Parallel Aware": true, "Async Capable": false, "Relation Name": "cast_info", "Alias": "ci", "Startup Cost": 0.0, "Total Cost": 313110.03, "Plan Rows": 6039003, "Plan Width": 12, "Actual Rows": 7248869, "Actual Loops": 5, "Workers": []}, {"Node Type": "Hash", "Parent Relationship": "Inner", "Parallel Aware": true, "Async Capable": false, "Startup Cost": 43908.97, "Total Cost": 43908.97, "Plan Rows": 30368, "Plan Width": 21, "Actual Rows": 24586, "Actual Loops": 5, "Hash Buckets": 131072, "Original Hash Buckets": 131072, "Hash Batches": 1, "Original Hash Batches": 1, "Peak Memory Usage": 8416, "Workers": [], "Plans": [{"Node Type": "Seq Scan", "Parent Relationship": "Outer", "Parallel Aware": true, "Async Capable": false, "Relation Name": "title", "Alias": "t", "Startup Cost": 0.0, "Total Cost": 43908.97, "Plan Rows": 30368, "Plan Width": 21, "Actual Rows": 24586, "Actual Loops": 5, "Filter": "(production_year <= 1932)", "Rows Removed by Filter": 481076, "Workers": []}]}]}, {"Node Type": "Hash", "Parent Relationship": "Inner", "Parallel Aware": false, "Async Capable": false, "Startup Cost": 1.15, "Total Cost": 1.15, "Plan Rows": 1, "Plan Width": 4, "Actual Rows": 1, "Actual Loops": 5, "Hash Buckets": 1024, "Original Hash Buckets": 1024, "Hash Batches": 1, "Original Hash Batches": 1, "Peak Memory Usage": 9, "Workers": [], "Plans": [{"Node Type": "Seq Scan", "Parent Relationship": "Outer", "Parallel Aware": false, "Async Capable": false, "Relation Name": "role_type", "Alias": "rt", "Startup Cost": 0.0, "Total Cost": 1.15, "Plan Rows": 1, "Plan Width": 4, "Actual Rows": 1, "Actual Loops": 5, "Filter": "((role)::text = 'actress'::text)", "Rows Removed by Filter": 11, "Workers": []}]}]}]}]}]}]}]}]}]}]}]}, "Planning Time": 5.458, "Triggers": [], "Execution Time": 2980.011}, {"Plan": {"Node Type": "Aggregate", "Strategy": "Plain", "Partial Mode": "Finalize", "Parallel Aware": false, "Async Capable": false, "Startup Cost": 512982.39, "Total Cost": 512982.4, "Plan Rows": 1, "Plan Width": 64, "Actual Rows": 1, "Actual Loops": 1, "Plans": [{"Node Type": "Gather", "Parent Relationship": "Outer", "Parallel Aware": false, "Async Capable": false, "Startup Cost": 512982.06, "Total Cost": 512982.37, "Plan Rows": 3, "Plan Width": 64, "Actual Rows": 4, "Actual Loops": 1, "Workers Planned": 3, "Workers Launched": 3, "Single Copy": false, "Plans": [{"Node Type": "Aggregate", "Strategy": "Plain", "Partial Mode": "Partial", "Parent Relationship": "Outer", "Parallel Aware": false, "Async Capable": false, "Startup Cost": 511982.06, "Total Cost": 511982.07, "Plan Rows": 1, "Plan Width": 64, "Actual Rows": 1, "Actual Loops": 4, "Workers": [], "Plans": [{"Node Type": "Hash Join", "Parent Relationship": "Outer", "Parallel Aware": true, "Async Capable": false, "Join Type": "Inner", "Startup Cost": 477796.61, "Total Cost": 511534.96, "Plan Rows": 89421, "Plan Width": 33, "Actual Rows": 82174, "Actual Loops": 4, "Inner Unique": false, "Hash Cond": "(ci.person_id = an.person_id)", "Workers": [], "Plans": [{"Node Type": "Hash Join", "Parent Relationship": "Outer", "Parallel Aware": true, "Async Capable": false, "Join Type": "Inner", "Startup Cost": 379977.22, "Total Cost": 411778.77, "Plan Rows": 42538, "Plan Width": 21, "Actual Rows": 54043, "Actual Loops": 4, "Inner Unique": false, "Hash Cond": "(mc.movie_id = ci.movie_id)", "Workers": [], "Plans": [{"Node Type": "Hash Join", "Parent Relationship": "Outer", "Parallel Aware": true, "Async Capable": false, "Join Type": "Inner", "Startup Cost": 5392.23, "Total Cost": 34842.17, "Plan Rows": 304095, "Plan Width": 4, "Actual Rows": 288450, "Actual Loops": 4, "Inner Unique": true, "Hash Cond": "(mc.company_id = cn.id)", "Workers": [], "Plans": [{"Node Type": "Seq Scan", "Parent Relationship": "Outer", "Parallel Aware": true, "Async Capable": false, "Relation Name": "movie_companies", "Alias": "mc", "Startup Cost": 0.0, "Total Cost": 27240.55, "Plan Rows": 841655, "Plan Width": 8, "Actual Rows": 652282, "Actual Loops": 4, "Workers": []}, {"Node Type": "Hash", "Parent Relationship": "Inner", "Parallel Aware": true, "Async Capable": false, "Startup Cost": 4767.92, "Total Cost": 4767.92, "Plan Rows": 49945, "Plan Width": 4, "Actual Rows": 21211, "Actual Loops": 4, "Hash Buckets": 131072, "Original Hash Buckets": 131072, "Hash Batches": 1, "Original Hash Batches": 1, "Peak Memory Usage": 4416, "Workers": [], "Plans": [{"Node Type": "Seq Scan", "Parent Relationship": "Outer", "Parallel Aware": true, "Async Capable": false, "Relation Name": "company_name", "Alias": "cn", "Startup Cost": 0.0, "Total Cost": 4767.92, "Plan Rows": 49945, "Plan Width": 4, "Actual Rows": 21211, "Actual Loops": 4, "Filter": "((country_code)::text = '[us]'::text)", "Rows Removed by Filter": 37538, "Workers": []}]}]}, {"Node Type": "Hash", "Parent Relationship": "Inner", "Parallel Aware": true, "Async Capable": false, "Startup Cost": 374282.77, "Total Cost": 374282.77, "Plan Rows": 24178, "Plan Width": 29, "Actual Rows": 36378, "Actual Loops": 4, "Hash Buckets": 262144, "Original Hash Buckets": 262144, "Hash Batches": 1, "Original Hash Batches": 1, "Peak Memory Usage": 11552, "Workers": [], "Plans": [{"Node Type": "Hash Join", "Parent Relationship": "Outer", "Parallel Aware": false, "Async Capable": false, "Join Type": "Inner", "Startup Cost": 44289.74, "Total Cost": 374282.77, "Plan Rows": 24178, "Plan Width": 29, "Actual Rows": 36378, "Actual Loops": 4, "Inner Unique": true, "Hash Cond": "(ci.role_id = rt.id)", "Workers": [], "Plans": [{"Node Type": "Hash Join", "Parent Relationship": "Outer", "Parallel Aware": true, "Async Capable": false, "Join Type": "Inner", "Startup Cost": 44288.57, "Total Cost": 373251.01, "Plan Rows": 290137, "Plan Width": 33, "Actual Rows": 171051, "Actual Loops": 4, "Inner Unique": true, "Hash Cond": "(ci.movie_id = t.id)", "Workers": [], "Plans": [{"Node Type": "Seq Scan", "Parent Relationship": "Outer", "Parallel Aware": true, "Async Capable": false, "Relation Name": "cast_info", "Alias": "ci", "Startup Cost": 0.0, "Total Cost": 313110.03, "Plan Rows": 6039003, "Plan Width": 12, "Actual Rows": 9061086, "Actual Loops": 4, "Workers": []}, {"Node Type": "Hash", "Parent Relationship": "Inner", "Parallel Aware": true, "Async Capable": false, "Startup Cost": 43908.97, "Total Cost": 43908.97, "Plan Rows": 30368, "Plan Width": 21, "Actual Rows": 30733, "Actual Loops": 4, "Hash Buckets": 131072, "Original Hash Buckets": 131072, "Hash Batches": 1, "Original Hash Batches": 1, "Peak Memory Usage": 8416, "Workers": [], "Plans": [{"Node Type": "Seq Scan", "Parent Relationship": "Outer", "Parallel Aware": true, "Async Capable": false, "Relation Name": "title", "Alias": "t", "Startup Cost": 0.0, "Total Cost": 43908.97, "Plan Rows": 30368, "Plan Width": 21, "Actual Rows": 30733, "Actual Loops": 4, "Filter": "(production_year <= 1932)", "Rows Removed by Filter": 601345, "Workers": []}]}]}, {"Node Type": "Hash", "Parent Relationship": "Inner", "Parallel Aware": false, "Async Capable": false, "Startup Cost": 1.15, "Total Cost": 1.15, "Plan Rows": 1, "Plan Width": 4, "Actual Rows": 1, "Actual Loops": 4, "Hash Buckets": 1024, "Original Hash Buckets": 1024, "Hash Batches": 1, "Original Hash Batches": 1, "Peak Memory Usage": 9, "Workers": [], "Plans": [{"Node Type": "Seq Scan", "Parent Relationship": "Outer", "Parallel Aware": false, "Async Capable": false, "Relation Name": "role_type", "Alias": "rt", "Startup Cost": 0.0, "Total Cost": 1.15, "Plan Rows": 1, "Plan Width": 4, "Actual Rows": 1, "Actual Loops": 4, "Filter": "((role)::text = 'actress'::text)", "Rows Removed by Filter": 11, "Workers": []}]}]}]}]}, {"Node Type": "Hash", "Parent Relationship": "Inner", "Parallel Aware": true, "Async Capable": false, "Startup Cost": 94184.93, "Total Cost": 94184.93, "Plan Rows": 290756, "Plan Width": 24, "Actual Rows": 225336, "Actual Loops": 4, "Hash Buckets": 1048576, "Original Hash Buckets": 1048576, "Hash Batches": 1, "Original Hash Batches": 1, "Peak Memory Usage": 61088, "Workers": [], "Plans": [{"Node Type": "Hash Join", "Parent Relationship": "Outer", "Parallel Aware": true, "Async Capable": false, "Join Type": "Inner", "Startup Cost": 79098.14, "Total Cost": 94184.93, "Plan Rows": 290756, "Plan Width": 24, "Actual Rows": 225336, "Actual Loops": 4, "Inner Unique": true, "Hash Cond": "(an.person_id = n.id)", "Workers": [], "Plans": [{"Node Type": "Seq Scan", "Parent Relationship": "Outer", "Parallel Aware": true, "Async Capable": false, "Relation Name": "aka_name", "Alias": "an", "Startup Cost": 0.0, "Total Cost": 14323.56, "Plan Rows": 290756, "Plan Width": 20, "Actual Rows": 225336, "Actual Loops": 4, "Workers": []}, {"Node Type": "Hash", "Parent Relationship": "Inner", "Parallel Aware": true, "Async Capable": false, "Startup Cost": 66074.73, "Total Cost": 66074.73, "Plan Rows": 1041873, "Plan Width": 4, "Actual Rows": 1041873, "Actual Loops": 4, "Hash Buckets": 4194304, "Original Hash Buckets": 4194304, "Hash Batches": 1, "Original Hash Batches": 1, "Peak Memory Usage": 195872, "Workers": [], "Plans": [{"Node Type": "Seq Scan", "Parent Relationship": "Outer", "Parallel Aware": true, "Async Capable": false, "Relation Name": "name", "Alias": "n", "Startup Cost": 0.0, "Total Cost": 66074.73, "Plan Rows": 1041873, "Plan Width": 4, "Actual Rows": 1041873, "Actual Loops": 4, "Workers": []}]}]}]}]}]}]}]}, "Planning Time": 3.269, "Triggers": [], "Execution Time": 4615.679}, {"Plan": {"Node Type": "Aggregate", "Strategy": "Plain", "Partial Mode": "Finalize", "Parallel Aware": false, "Async Capable": false, "Startup Cost": 566315.19, "Total Cost": 566315.2, "Plan Rows": 1, "Plan Width": 64, "Actual Rows": 1, "Actual Loops": 1, "Plans": [{"Node Type": "Gather", "Parent Relationship": "Outer", "Parallel Aware": false, "Async Capable": false, "Startup Cost": 566314.76, "Total Cost": 566315.17, "Plan Rows": 4, "Plan Width": 64, "Actual Rows": 5, "Actual Loops": 1, "Workers Planned": 4, "Workers Launched": 4, "Single Copy": false, "Plans": [{"Node Type": "Aggregate", "Strategy": "Plain", "Partial Mode": "Partial", "Parent Relationship": "Outer", "Parallel Aware": false, "Async Capable": false, "Startup Cost": 565314.76, "Total Cost": 565314.77, "Plan Rows": 1, "Plan Width": 64, "Actual Rows": 1, "Actual Loops": 5, "Workers": [], "Plans": [{"Node Type": "Hash Join", "Parent Relationship": "Outer", "Parallel Aware": true, "Async Capable": false, "Join Type": "Inner", "Startup Cost": 517457.28, "Total Cost": 564968.25, "Plan Rows": 69301, "Plan Width": 33, "Actual Rows": 65739, "Actual Loops": 5, "Inner Unique": false, "Hash Cond": "(t.id = ci.movie_id)", "Workers": [], "Plans": [{"Node Type": "Seq Scan", "Parent Relationship": "Outer", "Parallel Aware": true, "Async Capable": false, "Relation Name": "title", "Alias": "t", "Startup Cost": 0.0, "Total Cost": 43908.97, "Plan Rows": 30368, "Plan Width": 21, "Actual Rows": 24586, "Actual Loops": 5, "Filter": "(production_year <= 1932)", "Rows Removed by Filter": 481076, "Workers": []}, {"Node Type": "Hash", "Parent Relationship": "Inner", "Parallel Aware": true, "Async Capable": false, "Startup Cost": 494191.87, "Total Cost": 494191.87, "Plan Rows": 1861233, "Plan Width": 24, "Actual Rows": 1401789, "Actual Loops": 5, "Hash Buckets": 8388608, "Original Hash Buckets": 8388608, "Hash Batches": 1, "Original Hash Batches": 1, "Peak Memory Usage": 474368, "Workers": [], "Plans": [{"Node Type": "Hash Join", "Parent Relationship": "Outer", "Parallel Aware": true, "Async Capable": false, "Join Type": "Inner", "Startup Cost": 478160.25, "Total Cost": 494191.87, "Plan Rows": 1861233, "Plan Width": 24, "Actual Rows": 1401789, "Actual Loops": 5, "Inner Unique": false, "Hash Cond": "(an.person_id = n.id)", "Workers": [], "Plans": [{"Node Type": "Seq Scan", "Parent Relationship": "Outer", "Parallel Aware": true, "Async Capable": false, "Relation Name": "aka_name", "Alias": "an", "Startup Cost": 0.0, "Total Cost": 14323.56, "Plan Rows": 290756, "Plan Width": 20, "Actual Rows": 180269, "Actual Loops": 5, "Workers": []}, {"Node Type": "Hash", "Parent Relationship": "Inner", "Parallel Aware": true, "Async Capable": false, "Startup Cost": 467092.82, "Total Cost": 467092.82, "Plan Rows": 885395, "Plan Width": 16, "Actual Rows": 1055781, "Actual Loops": 5, "Hash Buckets": 8388608, "Original Hash Buckets": 4194304, "Hash Batches": 1, "Original Hash Batches": 1, "Peak Memory Usage": 346080, "Workers": [], "Plans": [{"Node Type": "Hash Join", "Parent Relationship": "Outer", "Parallel Aware": true, "Async Capable": false, "Join Type": "Inner", "Startup Cost": 426664.26, "Total Cost": 467092.82, "Plan Rows": 885395, "Plan Width": 16, "Actual Rows": 1055781, "Actual Loops": 5, "Inner Unique": false, "Hash Cond": "(mc.movie_id = ci.movie_id)", "Workers": [], "Plans": [{"Node Type": "Hash Join", "Parent Relationship": "Outer", "Parallel Aware": true, "Async Capable": false, "Join Type": "Inner", "Startup Cost": 5392.23, "Total Cost": 34842.17, "Plan Rows": 304095, "Plan Width": 4, "Actual Rows": 230760, "Actual Loops": 5, "Inner Unique": true, "Hash Cond": "(mc.company_id = cn.id)", "Workers": [], "Plans": [{"Node Type": "Seq Scan", "Parent Relationship": "Outer", "Parallel Aware": true, "Async Capable": false, "Relation Name": "movie_companies", "Alias": "mc", "Startup Cost": 0.0, "Total Cost": 27240.55, "Plan Rows": 841655, "Plan Width": 8, "Actual Rows": 521826, "Actual Loops": 5, "Workers": []}, {"Node Type": "Hash", "Parent Relationship": "Inner", "Parallel Aware": true, "Async Capable": false, "Startup Cost": 4767.92, "Total Cost": 4767.92, "Plan Rows": 49945, "Plan Width": 4, "Actual Rows": 16969, "Actual Loops": 5, "Hash Buckets": 131072, "Original Hash Buckets": 131072, "Hash Batches": 1, "Original Hash Batches": 1, "Peak Memory Usage": 4448, "Workers": [], "Plans": [{"Node Type": "Seq Scan", "Parent Relationship": "Outer", "Parallel Aware": true, "Async Capable": false, "Relation Name": "company_name", "Alias": "cn", "Startup Cost": 0.0, "Total Cost": 4767.92, "Plan Rows": 49945, "Plan Width": 4, "Actual Rows": 16969, "Actual Loops": 5, "Filter": "((country_code)::text = '[us]'::text)", "Rows Removed by Filter": 30031, "Workers": []}]}]}, {"Node Type": "Hash", "Parent Relationship": "Inner", "Parallel Aware": true, "Async Capable": false, "Startup Cost": 414981.41, "Total Cost": 414981.41, "Plan Rows": 503250, "Plan Width": 12, "Actual Rows": 1490395, "Actual Loops": 5, "Hash Buckets": 8388608, "Original Hash Buckets": 4194304, "Hash Batches": 1, "Original Hash Batches": 1, "Peak Memory Usage": 448064, "Workers": [], "Plans": [{"Node Type": "Hash Join", "Parent Relationship": "Outer", "Parallel Aware": true, "Async Capable": false, "Join Type": "Inner", "Startup Cost": 79099.3, "Total Cost": 414981.41, "Plan Rows": 503250, "Plan Width": 12, "Actual Rows": 1490395, "Actual Loops": 5, "Inner Unique": true, "Hash Cond": "(ci.person_id = n.id)", "Workers": [], "Plans": [{"Node Type": "Hash Join", "Parent Relationship": "Outer", "Parallel Aware": false, "Async Capable": false, "Join Type": "Inner", "Startup Cost": 1.16, "Total Cost": 334562.23, "Plan Rows": 503250, "Plan Width": 8, "Actual Rows": 1490395, "Actual Loops": 5, "Inner Unique": true, "Hash Cond": "(ci.role_id = rt.id)", "Workers": [], "Plans": [{"Node Type": "Seq Scan", "Parent Relationship": "Outer", "Parallel Aware": true, "Async Capable": false, "Relation Name": "cast_info", "Alias": "ci", "Startup Cost": 0.0, "Total Cost": 313110.03, "Plan Rows": 6039003, "Plan Width": 12, "Actual Rows": 7248869, "Actual Loops": 5, "Workers": []}, {"Node Type": "Hash", "Parent Relationship": "Inner", "Parallel Aware": false, "Async Capable": false, "Startup Cost": 1.15, "Total Cost": 1.15, "Plan Rows": 1, "Plan Width": 4, "Actual Rows": 1, "Actual Loops": 5, "Hash Buckets": 1024, "Original Hash Buckets": 1024, "Hash Batches": 1, "Original Hash Batches": 1, "Peak Memory Usage": 9, "Workers": [], "Plans": [{"Node Type": "Seq Scan", "Parent Relationship": "Outer", "Parallel Aware": false, "Async Capable": false, "Relation Name": "role_type", "Alias": "rt", "Startup Cost": 0.0, "Total Cost": 1.15, "Plan Rows": 1, "Plan Width": 4, "Actual Rows": 1, "Actual Loops": 5, "Filter": "((role)::text = 'actress'::text)", "Rows Removed by Filter": 11, "Workers": []}]}]}, {"Node Type": "Hash", "Parent Relationship": "Inner", "Parallel Aware": true, "Async Capable": false, "Startup Cost": 66074.73, "Total Cost": 66074.73, "Plan Rows": 1041873, "Plan Width": 4, "Actual Rows": 833498, "Actual Loops": 5, "Hash Buckets": 4194304, "Original Hash Buckets": 4194304, "Hash Batches": 1, "Original Hash Batches": 1, "Peak Memory Usage": 195904, "Workers": [], "Plans": [{"Node Type": "Seq Scan", "Parent Relationship": "Outer", "Parallel Aware": true, "Async Capable": false, "Relation Name": "name", "Alias": "n", "Startup Cost": 0.0, "Total Cost": 66074.73, "Plan Rows": 1041873, "Plan Width": 4, "Actual Rows": 833498, "Actual Loops": 5, "Workers": []}]}]}]}]}]}]}]}]}]}]}]}, "Planning Time": 3.544, "Triggers": [], "Execution Time": 6018.523}, {"Plan": {"Node Type": "Aggregate", "Strategy": "Plain", "Partial Mode": "Finalize", "Parallel Aware": false, "Async Capable": false, "Startup Cost": 512956.1, "Total Cost": 512956.11, "Plan Rows": 1, "Plan Width": 64, "Actual Rows": 1, "Actual Loops": 1, "Plans": [{"Node Type": "Gather", "Parent Relationship": "Outer", "Parallel Aware": false, "Async Capable": false, "Startup Cost": 512955.78, "Total Cost": 512956.09, "Plan Rows": 3, "Plan Width": 64, "Actual Rows": 4, "Actual Loops": 1, "Workers Planned": 3, "Workers Launched": 3, "Single Copy": false, "Plans": [{"Node Type": "Aggregate", "Strategy": "Plain", "Partial Mode": "Partial", "Parent Relationship": "Outer", "Parallel Aware": false, "Async Capable": false, "Startup Cost": 511955.78, "Total Cost": 511955.79, "Plan Rows": 1, "Plan Width": 64, "Actual Rows": 1, "Actual Loops": 4, "Workers": [], "Plans": [{"Node Type": "Hash Join", "Parent Relationship": "Outer", "Parallel Aware": true, "Async Capable": false, "Join Type": "Inner", "Startup Cost": 491408.63, "Total Cost": 511508.67, "Plan Rows": 89421, "Plan Width": 33, "Actual Rows": 82174, "Actual Loops": 4, "Inner Unique": false, "Hash Cond": "(an.person_id = ci.person_id)", "Workers": [], "Plans": [{"Node Type": "Hash Join", "Parent Relationship": "Outer", "Parallel Aware": true, "Async Capable": false, "Join Type": "Inner", "Startup Cost": 79098.14, "Total Cost": 94184.93, "Plan Rows": 290756, "Plan Width": 24, "Actual Rows": 225336, "Actual Loops": 4, "Inner Unique": true, "Hash Cond": "(an.person_id = n.id)", "Workers": [], "Plans": [{"Node Type": "Seq Scan", "Parent Relationship": "Outer", "Parallel Aware": true, "Async Capable": false, "Relation Name": "aka_name", "Alias": "an", "Startup Cost": 0.0, "Total Cost": 14323.56, "Plan Rows": 290756, "Plan Width": 20, "Actual Rows": 225336, "Actual Loops": 4, "Workers": []}, {"Node Type": "Hash", "Parent Relationship": "Inner", "Parallel Aware": true, "Async Capable": false, "Startup Cost": 66074.73, "Total Cost": 66074.73, "Plan Rows": 1041873, "Plan Width": 4, "Actual Rows": 1041873, "Actual Loops": 4, "Hash Buckets": 4194304, "Original Hash Buckets": 4194304, "Hash Batches": 1, "Original Hash Batches": 1, "Peak Memory Usage": 195872, "Workers": [], "Plans": [{"Node Type": "Seq Scan", "Parent Relationship": "Outer", "Parallel Aware": true, "Async Capable": false, "Relation Name": "name", "Alias": "n", "Startup Cost": 0.0, "Total Cost": 66074.73, "Plan Rows": 1041873, "Plan Width": 4, "Actual Rows": 1041873, "Actual Loops": 4, "Workers": []}]}]}, {"Node Type": "Hash", "Parent Relationship": "Inner", "Parallel Aware": true, "Async Capable": false, "Startup Cost": 411778.77, "Total Cost": 411778.77, "Plan Rows": 42538, "Plan Width": 21, "Actual Rows": 54043, "Actual Loops": 4, "Hash Buckets": 262144, "Original Hash Buckets": 262144, "Hash Batches": 1, "Original Hash Batches": 1, "Peak Memory Usage": 14272, "Workers": [], "Plans": [{"Node Type": "Hash Join", "Parent Relationship": "Outer", "Parallel Aware": true, "Async Capable": false, "Join Type": "Inner", "Startup Cost": 379977.22, "Total Cost": 411778.77, "Plan Rows": 42538, "Plan Width": 21, "Actual Rows": 54043, "Actual Loops": 4, "Inner Unique": false, "Hash Cond": "(mc.movie_id = ci.movie_id)", "Workers": [], "Plans": [{"Node Type": "Hash Join", "Parent Relationship": "Outer", "Parallel Aware": true, "Async Capable": false, "Join Type": "Inner", "Startup Cost": 5392.23, "Total Cost": 34842.17, "Plan Rows": 304095, "Plan Width": 4, "Actual Rows": 288450, "Actual Loops": 4, "Inner Unique": true, "Hash Cond": "(mc.company_id = cn.id)", "Workers": [], "Plans": [{"Node Type": "Seq Scan", "Parent Relationship": "Outer", "Parallel Aware": true, "Async Capable": false, "Relation Name": "movie_companies", "Alias": "mc", "Startup Cost": 0.0, "Total Cost": 27240.55, "Plan Rows": 841655, "Plan Width": 8, "Actual Rows": 652282, "Actual Loops": 4, "Workers": []}, {"Node Type": "Hash", "Parent Relationship": "Inner", "Parallel Aware": true, "Async Capable": false, "Startup Cost": 4767.92, "Total Cost": 4767.92, "Plan Rows": 49945, "Plan Width": 4, "Actual Rows": 21211, "Actual Loops": 4, "Hash Buckets": 131072, "Original Hash Buckets": 131072, "Hash Batches": 1, "Original Hash Batches": 1, "Peak Memory Usage": 4384, "Workers": [], "Plans": [{"Node Type": "Seq Scan", "Parent Relationship": "Outer", "Parallel Aware": true, "Async Capable": false, "Relation Name": "company_name", "Alias": "cn", "Startup Cost": 0.0, "Total Cost": 4767.92, "Plan Rows": 49945, "Plan Width": 4, "Actual Rows": 21211, "Actual Loops": 4, "Filter": "((country_code)::text = '[us]'::text)", "Rows Removed by Filter": 37538, "Workers": []}]}]}, {"Node Type": "Hash", "Parent Relationship": "Inner", "Parallel Aware": true, "Async Capable": false, "Startup Cost": 374282.77, "Total Cost": 374282.77, "Plan Rows": 24178, "Plan Width": 29, "Actual Rows": 36378, "Actual Loops": 4, "Hash Buckets": 262144, "Original Hash Buckets": 262144, "Hash Batches": 1, "Original Hash Batches": 1, "Peak Memory Usage": 11584, "Workers": [], "Plans": [{"Node Type": "Hash Join", "Parent Relationship": "Outer", "Parallel Aware": false, "Async Capable": false, "Join Type": "Inner", "Startup Cost": 44289.74, "Total Cost": 374282.77, "Plan Rows": 24178, "Plan Width": 29, "Actual Rows": 36378, "Actual Loops": 4, "Inner Unique": true, "Hash Cond": "(ci.role_id = rt.id)", "Workers": [], "Plans": [{"Node Type": "Hash Join", "Parent Relationship": "Outer", "Parallel Aware": true, "Async Capable": false, "Join Type": "Inner", "Startup Cost": 44288.57, "Total Cost": 373251.01, "Plan Rows": 290137, "Plan Width": 33, "Actual Rows": 171051, "Actual Loops": 4, "Inner Unique": true, "Hash Cond": "(ci.movie_id = t.id)", "Workers": [], "Plans": [{"Node Type": "Seq Scan", "Parent Relationship": "Outer", "Parallel Aware": true, "Async Capable": false, "Relation Name": "cast_info", "Alias": "ci", "Startup Cost": 0.0, "Total Cost": 313110.03, "Plan Rows": 6039003, "Plan Width": 12, "Actual Rows": 9061086, "Actual Loops": 4, "Workers": []}, {"Node Type": "Hash", "Parent Relationship": "Inner", "Parallel Aware": true, "Async Capable": false, "Startup Cost": 43908.97, "Total Cost": 43908.97, "Plan Rows": 30368, "Plan Width": 21, "Actual Rows": 30733, "Actual Loops": 4, "Hash Buckets": 131072, "Original Hash Buckets": 131072, "Hash Batches": 1, "Original Hash Batches": 1, "Peak Memory Usage": 8416, "Workers": [], "Plans": [{"Node Type": "Seq Scan", "Parent Relationship": "Outer", "Parallel Aware": true, "Async Capable": false, "Relation Name": "title", "Alias": "t", "Startup Cost": 0.0, "Total Cost": 43908.97, "Plan Rows": 30368, "Plan Width": 21, "Actual Rows": 30733, "Actual Loops": 4, "Filter": "(production_year <= 1932)", "Rows Removed by Filter": 601345, "Workers": []}]}]}, {"Node Type": "Hash", "Parent Relationship": "Inner", "Parallel Aware": false, "Async Capable": false, "Startup Cost": 1.15, "Total Cost": 1.15, "Plan Rows": 1, "Plan Width": 4, "Actual Rows": 1, "Actual Loops": 4, "Hash Buckets": 1024, "Original Hash Buckets": 1024, "Hash Batches": 1, "Original Hash Batches": 1, "Peak Memory Usage": 9, "Workers": [], "Plans": [{"Node Type": "Seq Scan", "Parent Relationship": "Outer", "Parallel Aware": false, "Async Capable": false, "Relation Name": "role_type", "Alias": "rt", "Startup Cost": 0.0, "Total Cost": 1.15, "Plan Rows": 1, "Plan Width": 4, "Actual Rows": 1, "Actual Loops": 4, "Filter": "((role)::text = 'actress'::text)", "Rows Removed by Filter": 11, "Workers": []}]}]}]}]}]}]}]}]}]}, "Planning Time": 2.841, "Triggers": [], "Execution Time": 4873.389}, {"Plan": {"Node Type": "Aggregate", "Strategy": "Plain", "Partial Mode": "Finalize", "Parallel Aware": false, "Async Capable": false, "Startup Cost": 519469.9, "Total Cost": 519469.91, "Plan Rows": 1, "Plan Width": 64, "Actual Rows": 1, "Actual Loops": 1, "Plans": [{"Node Type": "Gather", "Parent Relationship": "Outer", "Parallel Aware": false, "Async Capable": false, "Startup Cost": 519469.58, "Total Cost": 519469.89, "Plan Rows": 3, "Plan Width": 64, "Actual Rows": 4, "Actual Loops": 1, "Workers Planned": 3, "Workers Launched": 3, "Single Copy": false, "Plans": [{"Node Type": "Aggregate", "Strategy": "Plain", "Partial Mode": "Partial", "Parent Relationship": "Outer", "Parallel Aware": false, "Async Capable": false, "Startup Cost": 518469.58, "Total Cost": 518469.59, "Plan Rows": 1, "Plan Width": 64, "Actual Rows": 1, "Actual Loops": 4, "Workers": [], "Plans": [{"Node Type": "Hash Join", "Parent Relationship": "Outer", "Parallel Aware": false, "Async Capable": false, "Join Type": "Inner", "Startup Cost": 498613.01, "Total Cost": 518022.47, "Plan Rows": 89421, "Plan Width": 33, "Actual Rows": 82174, "Actual Loops": 4, "Inner Unique": true, "Hash Cond": "(ci.role_id = rt.id)", "Workers": [], "Plans": [{"Node Type": "Hash Join", "Parent Relationship": "Outer", "Parallel Aware": true, "Async Capable": false, "Join Type": "Inner", "Startup Cost": 498611.85, "Total Cost": 514209.74, "Plan Rows": 1073051, "Plan Width": 37, "Actual Rows": 589141, "Actual Loops": 4, "Inner Unique": false, "Hash Cond": "(an.person_id = n.id)", "Workers": [], "Plans": [{"Node Type": "Seq Scan", "Parent Relationship": "Outer", "Parallel Aware": true, "Async Capable": false, "Relation Name": "aka_name", "Alias": "an", "Startup Cost": 0.0, "Total Cost": 14323.56, "Plan Rows": 290756, "Plan Width": 20, "Actual Rows": 225336, "Actual Loops": 4, "Workers": []}, {"Node Type": "Hash", "Parent Relationship": "Inner", "Parallel Aware": true, "Async Capable": false, "Startup Cost": 495315.17, "Total Cost": 495315.17, "Plan Rows": 263734, "Plan Width": 29, "Actual Rows": 262315, "Actual Loops": 4, "Hash Buckets": 2097152, "Original Hash Buckets": 2097152, "Hash Batches": 1, "Original Hash Batches": 1, "Peak Memory Usage": 83808, "Workers": [], "Plans": [{"Node Type": "Hash Join", "Parent Relationship": "Outer", "Parallel Aware": true, "Async Capable": false, "Join Type": "Inner", "Startup Cost": 158517.61, "Total Cost": 495315.17, "Plan Rows": 263734, "Plan Width": 29, "Actual Rows": 262315, "Actual Loops": 4, "Inner Unique": true, "Hash Cond": "(ci.person_id = n.id)", "Workers": [], "Plans": [{"Node Type": "Hash Join", "Parent Relationship": "Outer", "Parallel Aware": true, "Async Capable": false, "Join Type": "Inner", "Startup Cost": 79419.47, "Total Cost": 415524.73, "Plan Rows": 263734, "Plan Width": 25, "Actual Rows": 262315, "Actual Loops": 4, "Inner Unique": false, "Hash Cond": "(ci.movie_id = t.id)", "Workers": [], "Plans": [{"Node Type": "Seq Scan", "Parent Relationship": "Outer", "Parallel Aware": true, "Async Capable": false, "Relation Name": "cast_info", "Alias": "ci", "Startup Cost": 0.0, "Total Cost": 313110.03, "Plan Rows": 6039003, "Plan Width": 12, "Actual Rows": 9061086, "Actual Loops": 4, "Workers": []}, {"Node Type": "Hash", "Parent Relationship": "Inner", "Parallel Aware": true, "Async Capable": false, "Startup Cost": 79236.84, "Total Cost": 79236.84, "Plan Rows": 14610, "Plan Width": 25, "Actual Rows": 34752, "Actual Loops": 4, "Hash Buckets": 262144, "Original Hash Buckets": 65536, "Hash Batches": 1, "Original Hash Batches": 1, "Peak Memory Usage": 12320, "Workers": [], "Plans": [{"Node Type": "Hash Join", "Parent Relationship": "Outer", "Parallel Aware": true, "Async Capable": false, "Join Type": "Inner", "Startup Cost": 49680.81, "Total Cost": 79236.84, "Plan Rows": 14610, "Plan Width": 25, "Actual Rows": 34752, "Actual Loops": 4, "Inner Unique": true, "Hash Cond": "(mc.company_id = cn.id)", "Workers": [], "Plans": [{"Node Type": "Hash Join", "Parent Relationship": "Outer", "Parallel Aware": true, "Async Capable": false, "Join Type": "Inner", "Startup Cost": 44288.57, "Total Cost": 73738.46, "Plan Rows": 40436, "Plan Width": 29, "Actual Rows": 58882, "Actual Loops": 4, "Inner Unique": true, "Hash Cond": "(mc.movie_id = t.id)", "Workers": [], "Plans": [{"Node Type": "Seq Scan", "Parent Relationship": "Outer", "Parallel Aware": true, "Async Capable": false, "Relation Name": "movie_companies", "Alias": "mc", "Startup Cost": 0.0, "Total Cost": 27240.55, "Plan Rows": 841655, "Plan Width": 8, "Actual Rows": 652282, "Actual Loops": 4, "Workers": []}, {"Node Type": "Hash", "Parent Relationship": "Inner", "Parallel Aware": true, "Async Capable": false, "Startup Cost": 43908.97, "Total Cost": 43908.97, "Plan Rows": 30368, "Plan Width": 21, "Actual Rows": 30733, "Actual Loops": 4, "Hash Buckets": 131072, "Original Hash Buckets": 131072, "Hash Batches": 1, "Original Hash Batches": 1, "Peak Memory Usage": 8416, "Workers": [], "Plans": [{"Node Type": "Seq Scan", "Parent Relationship": "Outer", "Parallel Aware": true, "Async Capable": false, "Relation Name": "title", "Alias": "t", "Startup Cost": 0.0, "Total Cost": 43908.97, "Plan Rows": 30368, "Plan Width": 21, "Actual Rows": 30733, "Actual Loops": 4, "Filter": "(production_year <= 1932)", "Rows Removed by Filter": 601345, "Workers": []}]}]}, {"Node Type": "Hash", "Parent Relationship": "Inner", "Parallel Aware": true, "Async Capable": false, "Startup Cost": 4767.92, "Total Cost": 4767.92, "Plan Rows": 49945, "Plan Width": 4, "Actual Rows": 21211, "Actual Loops": 4, "Hash Buckets": 131072, "Original Hash Buckets": 131072, "Hash Batches": 1, "Original Hash Batches": 1, "Peak Memory Usage": 4384, "Workers": [], "Plans": [{"Node Type": "Seq Scan", "Parent Relationship": "Outer", "Parallel Aware": true, "Async Capable": false, "Relation Name": "company_name", "Alias": "cn", "Startup Cost": 0.0, "Total Cost": 4767.92, "Plan Rows": 49945, "Plan Width": 4, "Actual Rows": 21211, "Actual Loops": 4, "Filter": "((country_code)::text = '[us]'::text)", "Rows Removed by Filter": 37538, "Workers": []}]}]}]}]}, {"Node Type": "Hash", "Parent Relationship": "Inner", "Parallel Aware": true, "Async Capable": false, "Startup Cost": 66074.73, "Total Cost": 66074.73, "Plan Rows": 1041873, "Plan Width": 4, "Actual Rows": 1041873, "Actual Loops": 4, "Hash Buckets": 4194304, "Original Hash Buckets": 4194304, "Hash Batches": 1, "Original Hash Batches": 1, "Peak Memory Usage": 195872, "Workers": [], "Plans": [{"Node Type": "Seq Scan", "Parent Relationship": "Outer", "Parallel Aware": true, "Async Capable": false, "Relation Name": "name", "Alias": "n", "Startup Cost": 0.0, "Total Cost": 66074.73, "Plan Rows": 1041873, "Plan Width": 4, "Actual Rows": 1041873, "Actual Loops": 4, "Workers": []}]}]}]}]}, {"Node Type": "Hash", "Parent Relationship": "Inner", "Parallel Aware": false, "Async Capable": false, "Startup Cost": 1.15, "Total Cost": 1.15, "Plan Rows": 1, "Plan Width": 4, "Actual Rows": 1, "Actual Loops": 4, "Hash Buckets": 1024, "Original Hash Buckets": 1024, "Hash Batches": 1, "Original Hash Batches": 1, "Peak Memory Usage": 9, "Workers": [], "Plans": [{"Node Type": "Seq Scan", "Parent Relationship": "Outer", "Parallel Aware": false, "Async Capable": false, "Relation Name": "role_type", "Alias": "rt", "Startup Cost": 0.0, "Total Cost": 1.15, "Plan Rows": 1, "Plan Width": 4, "Actual Rows": 1, "Actual Loops": 4, "Filter": "((role)::text = 'actress'::text)", "Rows Removed by Filter": 11, "Workers": []}]}]}]}]}]}, "Planning Time": 2.93, "Triggers": [], "Execution Time": 4783.85}, {"Plan": {"Node Type": "Aggregate", "Strategy": "Plain", "Partial Mode": "Finalize", "Parallel Aware": false, "Async Capable": false, "Startup Cost": 474376.98, "Total Cost": 474376.99, "Plan Rows": 1, "Plan Width": 64, "Actual Rows": 1, "Actual Loops": 1, "Plans": [{"Node Type": "Gather", "Parent Relationship": "Outer", "Parallel Aware": false, "Async Capable": false, "Startup Cost": 474376.66, "Total Cost": 474376.97, "Plan Rows": 3, "Plan Width": 64, "Actual Rows": 4, "Actual Loops": 1, "Workers Planned": 3, "Workers Launched": 3, "Single Copy": false, "Plans": [{"Node Type": "Aggregate", "Strategy": "Plain", "Partial Mode": "Partial", "Parent Relationship": "Outer", "Parallel Aware": false, "Async Capable": false, "Startup Cost": 473376.66, "Total Cost": 473376.67, "Plan Rows": 1, "Plan Width": 64, "Actual Rows": 1, "Actual Loops": 4, "Workers": [], "Plans": [{"Node Type": "Nested Loop", "Parent Relationship": "Outer", "Parallel Aware": false, "Async Capable": false, "Join Type": "Inner", "Startup Cost": 412310.92, "Total Cost": 472929.55, "Plan Rows": 89421, "Plan Width": 33, "Actual Rows": 82174, "Actual Loops": 4, "Inner Unique": true, "Join Filter": "(n.id = an.person_id)", "Rows Removed by Join Filter": 0, "Workers": [], "Plans": [{"Node Type": "Hash Join", "Parent Relationship": "Outer", "Parallel Aware": true, "Async Capable": false, "Join Type": "Inner", "Startup Cost": 412310.49, "Total Cost": 431647.3, "Plan Rows": 89421, "Plan Width": 41, "Actual Rows": 82174, "Actual Loops": 4, "Inner Unique": false, "Hash Cond": "(an.person_id = ci.person_id)", "Workers": [], "Plans": [{"Node Type": "Seq Scan", "Parent Relationship": "Outer", "Parallel Aware": true, "Async Capable": false, "Relation Name": "aka_name", "Alias": "an", "Startup Cost": 0.0, "Total Cost": 14323.56, "Plan Rows": 290756, "Plan Width": 20, "Actual Rows": 225336, "Actual Loops": 4, "Workers": []}, {"Node Type": "Hash", "Parent Relationship": "Inner", "Parallel Aware": true, "Async Capable": false, "Startup Cost": 411778.77, "Total Cost": 411778.77, "Plan Rows": 42538, "Plan Width": 21, "Actual Rows": 54043, "Actual Loops": 4, "Hash Buckets": 262144, "Original Hash Buckets": 262144, "Hash Batches": 1, "Original Hash Batches": 1, "Peak Memory Usage": 14304, "Workers": [], "Plans": [{"Node Type": "Hash Join", "Parent Relationship": "Outer", "Parallel Aware": true, "Async Capable": false, "Join Type": "Inner", "Startup Cost": 379977.22, "Total Cost": 411778.77, "Plan Rows": 42538, "Plan Width": 21, "Actual Rows": 54043, "Actual Loops": 4, "Inner Unique": false, "Hash Cond": "(mc.movie_id = ci.movie_id)", "Workers": [], "Plans": [{"Node Type": "Hash Join", "Parent Relationship": "Outer", "Parallel Aware": true, "Async Capable": false, "Join Type": "Inner", "Startup Cost": 5392.23, "Total Cost": 34842.17, "Plan Rows": 304095, "Plan Width": 4, "Actual Rows": 288450, "Actual Loops": 4, "Inner Unique": true, "Hash Cond": "(mc.company_id = cn.id)", "Workers": [], "Plans": [{"Node Type": "Seq Scan", "Parent Relationship": "Outer", "Parallel Aware": true, "Async Capable": false, "Relation Name": "movie_companies", "Alias": "mc", "Startup Cost": 0.0, "Total Cost": 27240.55, "Plan Rows": 841655, "Plan Width": 8, "Actual Rows": 652282, "Actual Loops": 4, "Workers": []}, {"Node Type": "Hash", "Parent Relationship": "Inner", "Parallel Aware": true, "Async Capable": false, "Startup Cost": 4767.92, "Total Cost": 4767.92, "Plan Rows": 49945, "Plan Width": 4, "Actual Rows": 21211, "Actual Loops": 4, "Hash Buckets": 131072, "Original Hash Buckets": 131072, "Hash Batches": 1, "Original Hash Batches": 1, "Peak Memory Usage": 4416, "Workers": [], "Plans": [{"Node Type": "Seq Scan", "Parent Relationship": "Outer", "Parallel Aware": true, "Async Capable": false, "Relation Name": "company_name", "Alias": "cn", "Startup Cost": 0.0, "Total Cost": 4767.92, "Plan Rows": 49945, "Plan Width": 4, "Actual Rows": 21211, "Actual Loops": 4, "Filter": "((country_code)::text = '[us]'::text)", "Rows Removed by Filter": 37538, "Workers": []}]}]}, {"Node Type": "Hash", "Parent Relationship": "Inner", "Parallel Aware": true, "Async Capable": false, "Startup Cost": 374282.77, "Total Cost": 374282.77, "Plan Rows": 24178, "Plan Width": 29, "Actual Rows": 36378, "Actual Loops": 4, "Hash Buckets": 262144, "Original Hash Buckets": 262144, "Hash Batches": 1, "Original Hash Batches": 1, "Peak Memory Usage": 11552, "Workers": [], "Plans": [{"Node Type": "Hash Join", "Parent Relationship": "Outer", "Parallel Aware": false, "Async Capable": false, "Join Type": "Inner", "Startup Cost": 44289.74, "Total Cost": 374282.77, "Plan Rows": 24178, "Plan Width": 29, "Actual Rows": 36378, "Actual Loops": 4, "Inner Unique": true, "Hash Cond": "(ci.role_id = rt.id)", "Workers": [], "Plans": [{"Node Type": "Hash Join", "Parent Relationship": "Outer", "Parallel Aware": true, "Async Capable": false, "Join Type": "Inner", "Startup Cost": 44288.57, "Total Cost": 373251.01, "Plan Rows": 290137, "Plan Width": 33, "Actual Rows": 171051, "Actual Loops": 4, "Inner Unique": true, "Hash Cond": "(ci.movie_id = t.id)", "Workers": [], "Plans": [{"Node Type": "Seq Scan", "Parent Relationship": "Outer", "Parallel Aware": true, "Async Capable": false, "Relation Name": "cast_info", "Alias": "ci", "Startup Cost": 0.0, "Total Cost": 313110.03, "Plan Rows": 6039003, "Plan Width": 12, "Actual Rows": 9061086, "Actual Loops": 4, "Workers": []}, {"Node Type": "Hash", "Parent Relationship": "Inner", "Parallel Aware": true, "Async Capable": false, "Startup Cost": 43908.97, "Total Cost": 43908.97, "Plan Rows": 30368, "Plan Width": 21, "Actual Rows": 30733, "Actual Loops": 4, "Hash Buckets": 131072, "Original Hash Buckets": 131072, "Hash Batches": 1, "Original Hash Batches": 1, "Peak Memory Usage": 8384, "Workers": [], "Plans": [{"Node Type": "Seq Scan", "Parent Relationship": "Outer", "Parallel Aware": true, "Async Capable": false, "Relation Name": "title", "Alias": "t", "Startup Cost": 0.0, "Total Cost": 43908.97, "Plan Rows": 30368, "Plan Width": 21, "Actual Rows": 30733, "Actual Loops": 4, "Filter": "(production_year <= 1932)", "Rows Removed by Filter": 601345, "Workers": []}]}]}, {"Node Type": "Hash", "Parent Relationship": "Inner", "Parallel Aware": false, "Async Capable": false, "Startup Cost": 1.15, "Total Cost": 1.15, "Plan Rows": 1, "Plan Width": 4, "Actual Rows": 1, "Actual Loops": 4, "Hash Buckets": 1024, "Original Hash Buckets": 1024, "Hash Batches": 1, "Original Hash Batches": 1, "Peak Memory Usage": 9, "Workers": [], "Plans": [{"Node Type": "Seq Scan", "Parent Relationship": "Outer", "Parallel Aware": false, "Async Capable": false, "Relation Name": "role_type", "Alias": "rt", "Startup Cost": 0.0, "Total Cost": 1.15, "Plan Rows": 1, "Plan Width": 4, "Actual Rows": 1, "Actual Loops": 4, "Filter": "((role)::text = 'actress'::text)", "Rows Removed by Filter": 11, "Workers": []}]}]}]}]}]}]}, {"Node Type": "Index Only Scan", "Parent Relationship": "Inner", "Parallel Aware": false, "Async Capable": false, "Scan Direction": "Forward", "Index Name": "name_pkey", "Relation Name": "name", "Alias": "n", "Startup Cost": 0.43, "Total Cost": 0.45, "Plan Rows": 1, "Plan Width": 4, "Actual Rows": 1, "Actual Loops": 328697, "Index Cond": "(id = ci.person_id)", "Rows Removed by Index Recheck": 0, "Heap Fetches": 0, "Workers": []}]}]}]}]}, "Planning Time": 5.229, "Triggers": [], "Execution Time": 3371.484}, {"Plan": {"Node Type": "Aggregate", "Strategy": "Plain", "Partial Mode": "Finalize", "Parallel Aware": false, "Async Capable": false, "Startup Cost": 544813.62, "Total Cost": 544813.63, "Plan Rows": 1, "Plan Width": 64, "Actual Rows": 1, "Actual Loops": 1, "Plans": [{"Node Type": "Gather", "Parent Relationship": "Outer", "Parallel Aware": false, "Async Capable": false, "Startup Cost": 544813.29, "Total Cost": 544813.6, "Plan Rows": 3, "Plan Width": 64, "Actual Rows": 4, "Actual Loops": 1, "Workers Planned": 3, "Workers Launched": 3, "Single Copy": false, "Plans": [{"Node Type": "Aggregate", "Strategy": "Plain", "Partial Mode": "Partial", "Parent Relationship": "Outer", "Parallel Aware": false, "Async Capable": false, "Startup Cost": 543813.29, "Total Cost": 543813.3, "Plan Rows": 1, "Plan Width": 64, "Actual Rows": 1, "Actual Loops": 4, "Workers": [], "Plans": [{"Node Type": "Hash Join", "Parent Relationship": "Outer", "Parallel Aware": true, "Async Capable": false, "Join Type": "Inner", "Startup Cost": 522448.83, "Total Cost": 543366.19, "Plan Rows": 89421, "Plan Width": 33, "Actual Rows": 82174, "Actual Loops": 4, "Inner Unique": true, "Hash Cond": "(ci.movie_id = t.id)", "Workers": [], "Plans": [{"Node Type": "Hash Join", "Parent Relationship": "Outer", "Parallel Aware": true, "Async Capable": false, "Join Type": "Inner", "Startup Cost": 478160.25, "Total Cost": 494191.87, "Plan Rows": 1861233, "Plan Width": 24, "Actual Rows": 1752236, "Actual Loops": 4, "Inner Unique": false, "Hash Cond": "(an.person_id = n.id)", "Workers": [], "Plans": [{"Node Type": "Seq Scan", "Parent Relationship": "Outer", "Parallel Aware": true, "Async Capable": false, "Relation Name": "aka_name", "Alias": "an", "Startup Cost": 0.0, "Total Cost": 14323.56, "Plan Rows": 290756, "Plan Width": 20, "Actual Rows": 225336, "Actual Loops": 4, "Workers": []}, {"Node Type": "Hash", "Parent Relationship": "Inner", "Parallel Aware": true, "Async Capable": false, "Startup Cost": 467092.82, "Total Cost": 467092.82, "Plan Rows": 885395, "Plan Width": 16, "Actual Rows": 1319727, "Actual Loops": 4, "Hash Buckets": 8388608, "Original Hash Buckets": 4194304, "Hash Batches": 1, "Original Hash Batches": 1, "Peak Memory Usage": 346048, "Workers": [], "Plans": [{"Node Type": "Hash Join", "Parent Relationship": "Outer", "Parallel Aware": true, "Async Capable": false, "Join Type": "Inner", "Startup Cost": 426664.26, "Total Cost": 467092.82, "Plan Rows": 885395, "Plan Width": 16, "Actual Rows": 1319727, "Actual Loops": 4, "Inner Unique": false, "Hash Cond": "(mc.movie_id = ci.movie_id)", "Workers": [], "Plans": [{"Node Type": "Hash Join", "Parent Relationship": "Outer", "Parallel Aware": true, "Async Capable": false, "Join Type": "Inner", "Startup Cost": 5392.23, "Total Cost": 34842.17, "Plan Rows": 304095, "Plan Width": 4, "Actual Rows": 288450, "Actual Loops": 4, "Inner Unique": true, "Hash Cond": "(mc.company_id = cn.id)", "Workers": [], "Plans": [{"Node Type": "Seq Scan", "Parent Relationship": "Outer", "Parallel Aware": true, "Async Capable": false, "Relation Name": "movie_companies", "Alias": "mc", "Startup Cost": 0.0, "Total Cost": 27240.55, "Plan Rows": 841655, "Plan Width": 8, "Actual Rows": 652282, "Actual Loops": 4, "Workers": []}, {"Node Type": "Hash", "Parent Relationship": "Inner", "Parallel Aware": true, "Async Capable": false, "Startup Cost": 4767.92, "Total Cost": 4767.92, "Plan Rows": 49945, "Plan Width": 4, "Actual Rows": 21211, "Actual Loops": 4, "Hash Buckets": 131072, "Original Hash Buckets": 131072, "Hash Batches": 1, "Original Hash Batches": 1, "Peak Memory Usage": 4384, "Workers": [], "Plans": [{"Node Type": "Seq Scan", "Parent Relationship": "Outer", "Parallel Aware": true, "Async Capable": false, "Relation Name": "company_name", "Alias": "cn", "Startup Cost": 0.0, "Total Cost": 4767.92, "Plan Rows": 49945, "Plan Width": 4, "Actual Rows": 21211, "Actual Loops": 4, "Filter": "((country_code)::text = '[us]'::text)", "Rows Removed by Filter": 37538, "Workers": []}]}]}, {"Node Type": "Hash", "Parent Relationship": "Inner", "Parallel Aware": true, "Async Capable": false, "Startup Cost": 414981.41, "Total Cost": 414981.41, "Plan Rows": 503250, "Plan Width": 12, "Actual Rows": 1862993, "Actual Loops": 4, "Hash Buckets": 8388608, "Original Hash Buckets": 4194304, "Hash Batches": 1, "Original Hash Batches": 1, "Peak Memory Usage": 448000, "Workers": [], "Plans": [{"Node Type": "Hash Join", "Parent Relationship": "Outer", "Parallel Aware": true, "Async Capable": false, "Join Type": "Inner", "Startup Cost": 79099.3, "Total Cost": 414981.41, "Plan Rows": 503250, "Plan Width": 12, "Actual Rows": 1862993, "Actual Loops": 4, "Inner Unique": true, "Hash Cond": "(ci.person_id = n.id)", "Workers": [], "Plans": [{"Node Type": "Hash Join", "Parent Relationship": "Outer", "Parallel Aware": false, "Async Capable": false, "Join Type": "Inner", "Startup Cost": 1.16, "Total Cost": 334562.23, "Plan Rows": 503250, "Plan Width": 8, "Actual Rows": 1862993, "Actual Loops": 4, "Inner Unique": true, "Hash Cond": "(ci.role_id = rt.id)", "Workers": [], "Plans": [{"Node Type": "Seq Scan", "Parent Relationship": "Outer", "Parallel Aware": true, "Async Capable": false, "Relation Name": "cast_info", "Alias": "ci", "Startup Cost": 0.0, "Total Cost": 313110.03, "Plan Rows": 6039003, "Plan Width": 12, "Actual Rows": 9061086, "Actual Loops": 4, "Workers": []}, {"Node Type": "Hash", "Parent Relationship": "Inner", "Parallel Aware": false, "Async Capable": false, "Startup Cost": 1.15, "Total Cost": 1.15, "Plan Rows": 1, "Plan Width": 4, "Actual Rows": 1, "Actual Loops": 4, "Hash Buckets": 1024, "Original Hash Buckets": 1024, "Hash Batches": 1, "Original Hash Batches": 1, "Peak Memory Usage": 9, "Workers": [], "Plans": [{"Node Type": "Seq Scan", "Parent Relationship": "Outer", "Parallel Aware": false, "Async Capable": false, "Relation Name": "role_type", "Alias": "rt", "Startup Cost": 0.0, "Total Cost": 1.15, "Plan Rows": 1, "Plan Width": 4, "Actual Rows": 1, "Actual Loops": 4, "Filter": "((role)::text = 'actress'::text)", "Rows Removed by Filter": 11, "Workers": []}]}]}, {"Node Type": "Hash", "Parent Relationship": "Inner", "Parallel Aware": true, "Async Capable": false, "Startup Cost": 66074.73, "Total Cost": 66074.73, "Plan Rows": 1041873, "Plan Width": 4, "Actual Rows": 1041873, "Actual Loops": 4, "Hash Buckets": 4194304, "Original Hash Buckets": 4194304, "Hash Batches": 1, "Original Hash Batches": 1, "Peak Memory Usage": 195872, "Workers": [], "Plans": [{"Node Type": "Seq Scan", "Parent Relationship": "Outer", "Parallel Aware": true, "Async Capable": false, "Relation Name": "name", "Alias": "n", "Startup Cost": 0.0, "Total Cost": 66074.73, "Plan Rows": 1041873, "Plan Width": 4, "Actual Rows": 1041873, "Actual Loops": 4, "Workers": []}]}]}]}]}]}]}, {"Node Type": "Hash", "Parent Relationship": "Inner", "Parallel Aware": true, "Async Capable": false, "Startup Cost": 43908.97, "Total Cost": 43908.97, "Plan Rows": 30368, "Plan Width": 21, "Actual Rows": 30733, "Actual Loops": 4, "Hash Buckets": 131072, "Original Hash Buckets": 131072, "Hash Batches": 1, "Original Hash Batches": 1, "Peak Memory Usage": 8416, "Workers": [], "Plans": [{"Node Type": "Seq Scan", "Parent Relationship": "Outer", "Parallel Aware": true, "Async Capable": false, "Relation Name": "title", "Alias": "t", "Startup Cost": 0.0, "Total Cost": 43908.97, "Plan Rows": 30368, "Plan Width": 21, "Actual Rows": 30733, "Actual Loops": 4, "Filter": "(production_year <= 1932)", "Rows Removed by Filter": 601345, "Workers": []}]}]}]}]}]}, "Planning Time": 3.175, "Triggers": [], "Execution Time": 8387.525}, {"Plan": {"Node Type": "Aggregate", "Strategy": "Plain", "Partial Mode": "Finalize", "Parallel Aware": false, "Async Capable": false, "Startup Cost": 443714.14, "Total Cost": 443714.15, "Plan Rows": 1, "Plan Width": 64, "Actual Rows": 1, "Actual Loops": 1, "Plans": [{"Node Type": "Gather", "Parent Relationship": "Outer", "Parallel Aware": false, "Async Capable": false, "Startup Cost": 443713.82, "Total Cost": 443714.13, "Plan Rows": 3, "Plan Width": 64, "Actual Rows": 4, "Actual Loops": 1, "Workers Planned": 3, "Workers Launched": 3, "Single Copy": false, "Plans": [{"Node Type": "Aggregate", "Strategy": "Plain", "Partial Mode": "Partial", "Parent Relationship": "Outer", "Parallel Aware": false, "Async Capable": false, "Startup Cost": 442713.82, "Total Cost": 442713.83, "Plan Rows": 1, "Plan Width": 64, "Actual Rows": 1, "Actual Loops": 4, "Workers": [], "Plans": [{"Node Type": "Hash Join", "Parent Relationship": "Outer", "Parallel Aware": true, "Async Capable": false, "Join Type": "Inner", "Startup Cost": 424088.18, "Total Cost": 442266.71, "Plan Rows": 89421, "Plan Width": 33, "Actual Rows": 82174, "Actual Loops": 4, "Inner Unique": false, "Hash Cond": "(ci.movie_id = mc.movie_id)", "Workers": [], "Plans": [{"Node Type": "Hash Join", "Parent Relationship": "Outer", "Parallel Aware": true, "Async Capable": false, "Join Type": "Inner", "Startup Cost": 385444.82, "Total Cost": 400875.59, "Plan Rows": 98373, "Plan Width": 41, "Actual Rows": 44474, "Actual Loops": 4, "Inner Unique": false, "Hash Cond": "(an.person_id = n.id)", "Workers": [], "Plans": [{"Node Type": "Seq Scan", "Parent Relationship": "Outer", "Parallel Aware": true, "Async Capable": false, "Relation Name": "aka_name", "Alias": "an", "Startup Cost": 0.0, "Total Cost": 14323.56, "Plan Rows": 290756, "Plan Width": 20, "Actual Rows": 225336, "Actual Loops": 4, "Workers": []}, {"Node Type": "Hash", "Parent Relationship": "Inner", "Parallel Aware": true, "Async Capable": false, "Startup Cost": 385142.6, "Total Cost": 385142.6, "Plan Rows": 24178, "Plan Width": 33, "Actual Rows": 36378, "Actual Loops": 4, "Hash Buckets": 262144, "Original Hash Buckets": 262144, "Hash Batches": 1, "Original Hash Batches": 1, "Peak Memory Usage": 12096, "Workers": [], "Plans": [{"Node Type": "Nested Loop", "Parent Relationship": "Outer", "Parallel Aware": false, "Async Capable": false, "Join Type": "Inner", "Startup Cost": 44290.17, "Total Cost": 385142.6, "Plan Rows": 24178, "Plan Width": 33, "Actual Rows": 36378, "Actual Loops": 4, "Inner Unique": true, "Workers": [], "Plans": [{"Node Type": "Hash Join", "Parent Relationship": "Outer", "Parallel Aware": false, "Async Capable": false, "Join Type": "Inner", "Startup Cost": 44289.74, "Total Cost": 374282.77, "Plan Rows": 24178, "Plan Width": 29, "Actual Rows": 36378, "Actual Loops": 4, "Inner Unique": true, "Hash Cond": "(ci.role_id = rt.id)", "Workers": [], "Plans": [{"Node Type": "Hash Join", "Parent Relationship": "Outer", "Parallel Aware": true, "Async Capable": false, "Join Type": "Inner", "Startup Cost": 44288.57, "Total Cost": 373251.01, "Plan Rows": 290137, "Plan Width": 33, "Actual Rows": 171051, "Actual Loops": 4, "Inner Unique": true, "Hash Cond": "(ci.movie_id = t.id)", "Workers": [], "Plans": [{"Node Type": "Seq Scan", "Parent Relationship": "Outer", "Parallel Aware": true, "Async Capable": false, "Relation Name": "cast_info", "Alias": "ci", "Startup Cost": 0.0, "Total Cost": 313110.03, "Plan Rows": 6039003, "Plan Width": 12, "Actual Rows": 9061086, "Actual Loops": 4, "Workers": []}, {"Node Type": "Hash", "Parent Relationship": "Inner", "Parallel Aware": true, "Async Capable": false, "Startup Cost": 43908.97, "Total Cost": 43908.97, "Plan Rows": 30368, "Plan Width": 21, "Actual Rows": 30733, "Actual Loops": 4, "Hash Buckets": 131072, "Original Hash Buckets": 131072, "Hash Batches": 1, "Original Hash Batches": 1, "Peak Memory Usage": 8384, "Workers": [], "Plans": [{"Node Type": "Seq Scan", "Parent Relationship": "Outer", "Parallel Aware": true, "Async Capable": false, "Relation Name": "title", "Alias": "t", "Startup Cost": 0.0, "Total Cost": 43908.97, "Plan Rows": 30368, "Plan Width": 21, "Actual Rows": 30733, "Actual Loops": 4, "Filter": "(production_year <= 1932)", "Rows Removed by Filter": 601345, "Workers": []}]}]}, {"Node Type": "Hash", "Parent Relationship": "Inner", "Parallel Aware": false, "Async Capable": false, "Startup Cost": 1.15, "Total Cost": 1.15, "Plan Rows": 1, "Plan Width": 4, "Actual Rows": 1, "Actual Loops": 4, "Hash Buckets": 1024, "Original Hash Buckets": 1024, "Hash Batches": 1, "Original Hash Batches": 1, "Peak Memory Usage": 9, "Workers": [], "Plans": [{"Node Type": "Seq Scan", "Parent Relationship": "Outer", "Parallel Aware": false, "Async Capable": false, "Relation Name": "role_type", "Alias": "rt", "Startup Cost": 0.0, "Total Cost": 1.15, "Plan Rows": 1, "Plan Width": 4, "Actual Rows": 1, "Actual Loops": 4, "Filter": "((role)::text = 'actress'::text)", "Rows Removed by Filter": 11, "Workers": []}]}]}, {"Node Type": "Index Only Scan", "Parent Relationship": "Inner", "Parallel Aware": false, "Async Capable": false, "Scan Direction": "Forward", "Index Name": "name_pkey", "Relation Name": "name", "Alias": "n", "Startup Cost": 0.43, "Total Cost": 0.45, "Plan Rows": 1, "Plan Width": 4, "Actual Rows": 1, "Actual Loops": 145510, "Index Cond": "(id = ci.person_id)", "Rows Removed by Index Recheck": 0, "Heap Fetches": 0, "Workers": []}]}]}]}, {"Node Type": "Hash", "Parent Relationship": "Inner", "Parallel Aware": true, "Async Capable": false, "Startup Cost": 34842.17, "Total Cost": 34842.17, "Plan Rows": 304095, "Plan Width": 4, "Actual Rows": 288450, "Actual Loops": 4, "Hash Buckets": 2097152, "Original Hash Buckets": 1048576, "Hash Batches": 1, "Original Hash Batches": 1, "Peak Memory Usage": 69760, "Workers": [], "Plans": [{"Node Type": "Hash Join", "Parent Relationship": "Outer", "Parallel Aware": true, "Async Capable": false, "Join Type": "Inner", "Startup Cost": 5392.23, "Total Cost": 34842.17, "Plan Rows": 304095, "Plan Width": 4, "Actual Rows": 288450, "Actual Loops": 4, "Inner Unique": true, "Hash Cond": "(mc.company_id = cn.id)", "Workers": [], "Plans": [{"Node Type": "Seq Scan", "Parent Relationship": "Outer", "Parallel Aware": true, "Async Capable": false, "Relation Name": "movie_companies", "Alias": "mc", "Startup Cost": 0.0, "Total Cost": 27240.55, "Plan Rows": 841655, "Plan Width": 8, "Actual Rows": 652282, "Actual Loops": 4, "Workers": []}, {"Node Type": "Hash", "Parent Relationship": "Inner", "Parallel Aware": true, "Async Capable": false, "Startup Cost": 4767.92, "Total Cost": 4767.92, "Plan Rows": 49945, "Plan Width": 4, "Actual Rows": 21211, "Actual Loops": 4, "Hash Buckets": 131072, "Original Hash Buckets": 131072, "Hash Batches": 1, "Original Hash Batches": 1, "Peak Memory Usage": 4416, "Workers": [], "Plans": [{"Node Type": "Seq Scan", "Parent Relationship": "Outer", "Parallel Aware": true, "Async Capable": false, "Relation Name": "company_name", "Alias": "cn", "Startup Cost": 0.0, "Total Cost": 4767.92, "Plan Rows": 49945, "Plan Width": 4, "Actual Rows": 21211, "Actual Loops": 4, "Filter": "((country_code)::text = '[us]'::text)", "Rows Removed by Filter": 37538, "Workers": []}]}]}]}]}]}]}]}, "Planning Time": 5.001, "Triggers": [], "Execution Time": 3518.515}, {"Plan": {"Node Type": "Aggregate", "Strategy": "Plain", "Partial Mode": "Simple", "Parallel Aware": false, "Async Capable": false, "Startup Cost": 581611.58, "Total Cost": 581611.59, "Plan Rows": 1, "Plan Width": 64, "Actual Rows": 1, "Actual Loops": 1, "Plans": [{"Node Type": "Merge Join", "Parent Relationship": "Outer", "Parallel Aware": false, "Async Capable": false, "Join Type": "Inner", "Startup Cost": 560850.3, "Total Cost": 580225.56, "Plan Rows": 277205, "Plan Width": 33, "Actual Rows": 328697, "Actual Loops": 1, "Inner Unique": false, "Merge Cond": "(cn.id = mc.company_id)", "Plans": [{"Node Type": "Index Scan", "Parent Relationship": "Outer", "Parallel Aware": false, "Async Capable": false, "Scan Direction": "Forward", "Index Name": "company_name_pkey", "Relation Name": "company_name", "Alias": "cn", "Startup Cost": 0.42, "Total Cost": 12559.02, "Plan Rows": 84906, "Plan Width": 4, "Actual Rows": 84840, "Actual Loops": 1, "Filter": "((country_code)::text = '[us]'::text)", "Rows Removed by Filter": 149879}, {"Node Type": "Sort", "Parent Relationship": "Inner", "Parallel Aware": false, "Async Capable": false, "Startup Cost": 560846.13, "Total Cost": 562764.2, "Plan Rows": 767228, "Plan Width": 37, "Actual Rows": 430803, "Actual Loops": 1, "Sort Key": ["mc.company_id"], "Sort Method": "quicksort", "Sort Space Used": 41438, "Sort Space Type": "Memory", "Plans": [{"Node Type": "Hash Join", "Parent Relationship": "Outer", "Parallel Aware": false, "Async Capable": false, "Join Type": "Inner", "Startup Cost": 461253.46, "Total Cost": 485852.29, "Plan Rows": 767228, "Plan Width": 37, "Actual Rows": 430803, "Actual Loops": 1, "Inner Unique": false, "Hash Cond": "(an.person_id = n.id)", "Plans": [{"Node Type": "Seq Scan", "Parent Relationship": "Outer", "Parallel Aware": false, "Async Capable": false, "Relation Name": "aka_name", "Alias": "an", "Startup Cost": 0.0, "Total Cost": 20429.43, "Plan Rows": 901343, "Plan Width": 20, "Actual Rows": 901343, "Actual Loops": 1}, {"Node Type": "Hash", "Parent Relationship": "Inner", "Parallel Aware": false, "Async Capable": false, "Startup Cost": 456691.3, "Total Cost": 456691.3, "Plan Rows": 364973, "Plan Width": 29, "Actual Rows": 329542, "Actual Loops": 1, "Hash Buckets": 524288, "Original Hash Buckets": 524288, "Hash Batches": 1, "Original Hash Batches": 1, "Peak Memory Usage": 24222, "Plans": [{"Node Type": "Gather", "Parent Relationship": "Outer", "Parallel Aware": false, "Async Capable": false, "Startup Cost": 386444.82, "Total Cost": 456691.3, "Plan Rows": 364973, "Plan Width": 29, "Actual Rows": 329542, "Actual Loops": 1, "Workers Planned": 3, "Workers Launched": 3, "Single Copy": false, "Plans": [{"Node Type": "Hash Join", "Parent Relationship": "Outer", "Parallel Aware": true, "Async Capable": false, "Join Type": "Inner", "Startup Cost": 385444.82, "Total Cost": 419194.0, "Plan Rows": 117733, "Plan Width": 29, "Actual Rows": 82386, "Actual Loops": 4, "Inner Unique": false, "Hash Cond": "(mc.movie_id = ci.movie_id)", "Workers": [], "Plans": [{"Node Type": "Seq Scan", "Parent Relationship": "Outer", "Parallel Aware": true, "Async Capable": false, "Relation Name": "movie_companies", "Alias": "mc", "Startup Cost": 0.0, "Total Cost": 27240.55, "Plan Rows": 841655, "Plan Width": 8, "Actual Rows": 652282, "Actual Loops": 4, "Workers": []}, {"Node Type": "Hash", "Parent Relationship": "Inner", "Parallel Aware": true, "Async Capable": false, "Startup Cost": 385142.6, "Total Cost": 385142.6, "Plan Rows": 24178, "Plan Width": 33, "Actual Rows": 36378, "Actual Loops": 4, "Hash Buckets": 262144, "Original Hash Buckets": 262144, "Hash Batches": 1, "Original Hash Batches": 1, "Peak Memory Usage": 12096, "Workers": [], "Plans": [{"Node Type": "Nested Loop", "Parent Relationship": "Outer", "Parallel Aware": false, "Async Capable": false, "Join Type": "Inner", "Startup Cost": 44290.17, "Total Cost": 385142.6, "Plan Rows": 24178, "Plan Width": 33, "Actual Rows": 36378, "Actual Loops": 4, "Inner Unique": true, "Workers": [], "Plans": [{"Node Type": "Hash Join", "Parent Relationship": "Outer", "Parallel Aware": false, "Async Capable": false, "Join Type": "Inner", "Startup Cost": 44289.74, "Total Cost": 374282.77, "Plan Rows": 24178, "Plan Width": 29, "Actual Rows": 36378, "Actual Loops": 4, "Inner Unique": true, "Hash Cond": "(ci.role_id = rt.id)", "Workers": [], "Plans": [{"Node Type": "Hash Join", "Parent Relationship": "Outer", "Parallel Aware": true, "Async Capable": false, "Join Type": "Inner", "Startup Cost": 44288.57, "Total Cost": 373251.01, "Plan Rows": 290137, "Plan Width": 33, "Actual Rows": 171051, "Actual Loops": 4, "Inner Unique": true, "Hash Cond": "(ci.movie_id = t.id)", "Workers": [], "Plans": [{"Node Type": "Seq Scan", "Parent Relationship": "Outer", "Parallel Aware": true, "Async Capable": false, "Relation Name": "cast_info", "Alias": "ci", "Startup Cost": 0.0, "Total Cost": 313110.03, "Plan Rows": 6039003, "Plan Width": 12, "Actual Rows": 9061086, "Actual Loops": 4, "Workers": []}, {"Node Type": "Hash", "Parent Relationship": "Inner", "Parallel Aware": true, "Async Capable": false, "Startup Cost": 43908.97, "Total Cost": 43908.97, "Plan Rows": 30368, "Plan Width": 21, "Actual Rows": 30733, "Actual Loops": 4, "Hash Buckets": 131072, "Original Hash Buckets": 131072, "Hash Batches": 1, "Original Hash Batches": 1, "Peak Memory Usage": 8416, "Workers": [], "Plans": [{"Node Type": "Seq Scan", "Parent Relationship": "Outer", "Parallel Aware": true, "Async Capable": false, "Relation Name": "title", "Alias": "t", "Startup Cost": 0.0, "Total Cost": 43908.97, "Plan Rows": 30368, "Plan Width": 21, "Actual Rows": 30733, "Actual Loops": 4, "Filter": "(production_year <= 1932)", "Rows Removed by Filter": 601345, "Workers": []}]}]}, {"Node Type": "Hash", "Parent Relationship": "Inner", "Parallel Aware": false, "Async Capable": false, "Startup Cost": 1.15, "Total Cost": 1.15, "Plan Rows": 1, "Plan Width": 4, "Actual Rows": 1, "Actual Loops": 4, "Hash Buckets": 1024, "Original Hash Buckets": 1024, "Hash Batches": 1, "Original Hash Batches": 1, "Peak Memory Usage": 9, "Workers": [], "Plans": [{"Node Type": "Seq Scan", "Parent Relationship": "Outer", "Parallel Aware": false, "Async Capable": false, "Relation Name": "role_type", "Alias": "rt", "Startup Cost": 0.0, "Total Cost": 1.15, "Plan Rows": 1, "Plan Width": 4, "Actual Rows": 1, "Actual Loops": 4, "Filter": "((role)::text = 'actress'::text)", "Rows Removed by Filter": 11, "Workers": []}]}]}, {"Node Type": "Index Only Scan", "Parent Relationship": "Inner", "Parallel Aware": false, "Async Capable": false, "Scan Direction": "Forward", "Index Name": "name_pkey", "Relation Name": "name", "Alias": "n", "Startup Cost": 0.43, "Total Cost": 0.45, "Plan Rows": 1, "Plan Width": 4, "Actual Rows": 1, "Actual Loops": 145510, "Index Cond": "(id = ci.person_id)", "Rows Removed by Index Recheck": 0, "Heap Fetches": 0, "Workers": []}]}]}]}]}]}]}]}]}]}, "Planning Time": 3.205, "Triggers": [], "Execution Time": 5264.812}, {"Plan": {"Node Type": "Aggregate", "Strategy": "Plain", "Partial Mode": "Finalize", "Parallel Aware": false, "Async Capable": false, "Startup Cost": 545223.9, "Total Cost": 545223.91, "Plan Rows": 1, "Plan Width": 64, "Actual Rows": 1, "Actual Loops": 1, "Plans": [{"Node Type": "Gather", "Parent Relationship": "Outer", "Parallel Aware": false, "Async Capable": false, "Startup Cost": 545223.57, "Total Cost": 545223.88, "Plan Rows": 3, "Plan Width": 64, "Actual Rows": 4, "Actual Loops": 1, "Workers Planned": 3, "Workers Launched": 3, "Single Copy": false, "Plans": [{"Node Type": "Aggregate", "Strategy": "Plain", "Partial Mode": "Partial", "Parent Relationship": "Outer", "Parallel Aware": false, "Async Capable": false, "Startup Cost": 544223.57, "Total Cost": 544223.58, "Plan Rows": 1, "Plan Width": 64, "Actual Rows": 1, "Actual Loops": 4, "Workers": [], "Plans": [{"Node Type": "Hash Join", "Parent Relationship": "Outer", "Parallel Aware": true, "Async Capable": false, "Join Type": "Inner", "Startup Cost": 512312.39, "Total Cost": 543776.47, "Plan Rows": 89421, "Plan Width": 33, "Actual Rows": 82174, "Actual Loops": 4, "Inner Unique": false, "Hash Cond": "(t.id = ci.movie_id)", "Workers": [], "Plans": [{"Node Type": "Hash Join", "Parent Relationship": "Outer", "Parallel Aware": true, "Async Capable": false, "Join Type": "Inner", "Startup Cost": 49680.81, "Total Cost": 79236.84, "Plan Rows": 14610, "Plan Width": 25, "Actual Rows": 34752, "Actual Loops": 4, "Inner Unique": true, "Hash Cond": "(mc.company_id = cn.id)", "Workers": [], "Plans": [{"Node Type": "Hash Join", "Parent Relationship": "Outer", "Parallel Aware": true, "Async Capable": false, "Join Type": "Inner", "Startup Cost": 44288.57, "Total Cost": 73738.46, "Plan Rows": 40436, "Plan Width": 29, "Actual Rows": 58882, "Actual Loops": 4, "Inner Unique": true, "Hash Cond": "(mc.movie_id = t.id)", "Workers": [], "Plans": [{"Node Type": "Seq Scan", "Parent Relationship": "Outer", "Parallel Aware": true, "Async Capable": false, "Relation Name": "movie_companies", "Alias": "mc", "Startup Cost": 0.0, "Total Cost": 27240.55, "Plan Rows": 841655, "Plan Width": 8, "Actual Rows": 652282, "Actual Loops": 4, "Workers": []}, {"Node Type": "Hash", "Parent Relationship": "Inner", "Parallel Aware": true, "Async Capable": false, "Startup Cost": 43908.97, "Total Cost": 43908.97, "Plan Rows": 30368, "Plan Width": 21, "Actual Rows": 30733, "Actual Loops": 4, "Hash Buckets": 131072, "Original Hash Buckets": 131072, "Hash Batches": 1, "Original Hash Batches": 1, "Peak Memory Usage": 8416, "Workers": [], "Plans": [{"Node Type": "Seq Scan", "Parent Relationship": "Outer", "Parallel Aware": true, "Async Capable": false, "Relation Name": "title", "Alias": "t", "Startup Cost": 0.0, "Total Cost": 43908.97, "Plan Rows": 30368, "Plan Width": 21, "Actual Rows": 30733, "Actual Loops": 4, "Filter": "(production_year <= 1932)", "Rows Removed by Filter": 601345, "Workers": []}]}]}, {"Node Type": "Hash", "Parent Relationship": "Inner", "Parallel Aware": true, "Async Capable": false, "Startup Cost": 4767.92, "Total Cost": 4767.92, "Plan Rows": 49945, "Plan Width": 4, "Actual Rows": 21211, "Actual Loops": 4, "Hash Buckets": 131072, "Original Hash Buckets": 131072, "Hash Batches": 1, "Original Hash Batches": 1, "Peak Memory Usage": 4416, "Workers": [], "Plans": [{"Node Type": "Seq Scan", "Parent Relationship": "Outer", "Parallel Aware": true, "Async Capable": false, "Relation Name": "company_name", "Alias": "cn", "Startup Cost": 0.0, "Total Cost": 4767.92, "Plan Rows": 49945, "Plan Width": 4, "Actual Rows": 21211, "Actual Loops": 4, "Filter": "((country_code)::text = '[us]'::text)", "Rows Removed by Filter": 37538, "Workers": []}]}]}, {"Node Type": "Hash", "Parent Relationship": "Inner", "Parallel Aware": true, "Async Capable": false, "Startup Cost": 437037.03, "Total Cost": 437037.03, "Plan Rows": 2047564, "Plan Width": 20, "Actual Rows": 2040336, "Actual Loops": 4, "Hash Buckets": 8388608, "Original Hash Buckets": 8388608, "Hash Batches": 1, "Original Hash Batches": 1, "Peak Memory Usage": 519680, "Workers": [], "Plans": [{"Node Type": "Hash Join", "Parent Relationship": "Outer", "Parallel Aware": true, "Async Capable": false, "Join Type": "Inner", "Startup Cost": 421272.03, "Total Cost": 437037.03, "Plan Rows": 2047564, "Plan Width": 20, "Actual Rows": 2040336, "Actual Loops": 4, "Inner Unique": false, "Hash Cond": "(an.person_id = n.id)", "Workers": [], "Plans": [{"Node Type": "Seq Scan", "Parent Relationship": "Outer", "Parallel Aware": true, "Async Capable": false, "Relation Name": "aka_name", "Alias": "an", "Startup Cost": 0.0, "Total Cost": 14323.56, "Plan Rows": 290756, "Plan Width": 20, "Actual Rows": 225336, "Actual Loops": 4, "Workers": []}, {"Node Type": "Hash", "Parent Relationship": "Inner", "Parallel Aware": true, "Async Capable": false, "Startup Cost": 414981.41, "Total Cost": 414981.41, "Plan Rows": 503250, "Plan Width": 12, "Actual Rows": 1862993, "Actual Loops": 4, "Hash Buckets": 8388608, "Original Hash Buckets": 4194304, "Hash Batches": 1, "Original Hash Batches": 1, "Peak Memory Usage": 448000, "Workers": [], "Plans": [{"Node Type": "Hash Join", "Parent Relationship": "Outer", "Parallel Aware": true, "Async Capable": false, "Join Type": "Inner", "Startup Cost": 79099.3, "Total Cost": 414981.41, "Plan Rows": 503250, "Plan Width": 12, "Actual Rows": 1862993, "Actual Loops": 4, "Inner Unique": true, "Hash Cond": "(ci.person_id = n.id)", "Workers": [], "Plans": [{"Node Type": "Hash Join", "Parent Relationship": "Outer", "Parallel Aware": false, "Async Capable": false, "Join Type": "Inner", "Startup Cost": 1.16, "Total Cost": 334562.23, "Plan Rows": 503250, "Plan Width": 8, "Actual Rows": 1862993, "Actual Loops": 4, "Inner Unique": true, "Hash Cond": "(ci.role_id = rt.id)", "Workers": [], "Plans": [{"Node Type": "Seq Scan", "Parent Relationship": "Outer", "Parallel Aware": true, "Async Capable": false, "Relation Name": "cast_info", "Alias": "ci", "Startup Cost": 0.0, "Total Cost": 313110.03, "Plan Rows": 6039003, "Plan Width": 12, "Actual Rows": 9061086, "Actual Loops": 4, "Workers": []}, {"Node Type": "Hash", "Parent Relationship": "Inner", "Parallel Aware": false, "Async Capable": false, "Startup Cost": 1.15, "Total Cost": 1.15, "Plan Rows": 1, "Plan Width": 4, "Actual Rows": 1, "Actual Loops": 4, "Hash Buckets": 1024, "Original Hash Buckets": 1024, "Hash Batches": 1, "Original Hash Batches": 1, "Peak Memory Usage": 9, "Workers": [], "Plans": [{"Node Type": "Seq Scan", "Parent Relationship": "Outer", "Parallel Aware": false, "Async Capable": false, "Relation Name": "role_type", "Alias": "rt", "Startup Cost": 0.0, "Total Cost": 1.15, "Plan Rows": 1, "Plan Width": 4, "Actual Rows": 1, "Actual Loops": 4, "Filter": "((role)::text = 'actress'::text)", "Rows Removed by Filter": 11, "Workers": []}]}]}, {"Node Type": "Hash", "Parent Relationship": "Inner", "Parallel Aware": true, "Async Capable": false, "Startup Cost": 66074.73, "Total Cost": 66074.73, "Plan Rows": 1041873, "Plan Width": 4, "Actual Rows": 1041873, "Actual Loops": 4, "Hash Buckets": 4194304, "Original Hash Buckets": 4194304, "Hash Batches": 1, "Original Hash Batches": 1, "Peak Memory Usage": 195872, "Workers": [], "Plans": [{"Node Type": "Seq Scan", "Parent Relationship": "Outer", "Parallel Aware": true, "Async Capable": false, "Relation Name": "name", "Alias": "n", "Startup Cost": 0.0, "Total Cost": 66074.73, "Plan Rows": 1041873, "Plan Width": 4, "Actual Rows": 1041873, "Actual Loops": 4, "Workers": []}]}]}]}]}]}]}]}]}]}, "Planning Time": 3.123, "Triggers": [], "Execution Time": 5859.188}, {"Plan": {"Node Type": "Aggregate", "Strategy": "Plain", "Partial Mode": "Finalize", "Parallel Aware": false, "Async Capable": false, "Startup Cost": 525700.61, "Total Cost": 525700.62, "Plan Rows": 1, "Plan Width": 64, "Actual Rows": 1, "Actual Loops": 1, "Plans": [{"Node Type": "Gather", "Parent Relationship": "Outer", "Parallel Aware": false, "Async Capable": false, "Startup Cost": 525700.29, "Total Cost": 525700.6, "Plan Rows": 3, "Plan Width": 64, "Actual Rows": 4, "Actual Loops": 1, "Workers Planned": 3, "Workers Launched": 3, "Single Copy": false, "Plans": [{"Node Type": "Aggregate", "Strategy": "Plain", "Partial Mode": "Partial", "Parent Relationship": "Outer", "Parallel Aware": false, "Async Capable": false, "Startup Cost": 524700.29, "Total Cost": 524700.3, "Plan Rows": 1, "Plan Width": 64, "Actual Rows": 1, "Actual Loops": 4, "Workers": [], "Plans": [{"Node Type": "Hash Join", "Parent Relationship": "Outer", "Parallel Aware": true, "Async Capable": false, "Join Type": "Inner", "Startup Cost": 500691.5, "Total Cost": 524253.18, "Plan Rows": 89421, "Plan Width": 33, "Actual Rows": 82174, "Actual Loops": 4, "Inner Unique": false, "Hash Cond": "(ci.movie_id = t.id)", "Workers": [], "Plans": [{"Node Type": "Hash Join", "Parent Relationship": "Outer", "Parallel Aware": true, "Async Capable": false, "Join Type": "Inner", "Startup Cost": 421272.03, "Total Cost": 437037.03, "Plan Rows": 2047564, "Plan Width": 20, "Actual Rows": 2040336, "Actual Loops": 4, "Inner Unique": false, "Hash Cond": "(an.person_id = n.id)", "Workers": [], "Plans": [{"Node Type": "Seq Scan", "Parent Relationship": "Outer", "Parallel Aware": true, "Async Capable": false, "Relation Name": "aka_name", "Alias": "an", "Startup Cost": 0.0, "Total Cost": 14323.56, "Plan Rows": 290756, "Plan Width": 20, "Actual Rows": 225336, "Actual Loops": 4, "Workers": []}, {"Node Type": "Hash", "Parent Relationship": "Inner", "Parallel Aware": true, "Async Capable": false, "Startup Cost": 414981.41, "Total Cost": 414981.41, "Plan Rows": 503250, "Plan Width": 12, "Actual Rows": 1862993, "Actual Loops": 4, "Hash Buckets": 8388608, "Original Hash Buckets": 4194304, "Hash Batches": 1, "Original Hash Batches": 1, "Peak Memory Usage": 448032, "Workers": [], "Plans": [{"Node Type": "Hash Join", "Parent Relationship": "Outer", "Parallel Aware": true, "Async Capable": false, "Join Type": "Inner", "Startup Cost": 79099.3, "Total Cost": 414981.41, "Plan Rows": 503250, "Plan Width": 12, "Actual Rows": 1862993, "Actual Loops": 4, "Inner Unique": true, "Hash Cond": "(ci.person_id = n.id)", "Workers": [], "Plans": [{"Node Type": "Hash Join", "Parent Relationship": "Outer", "Parallel Aware": false, "Async Capable": false, "Join Type": "Inner", "Startup Cost": 1.16, "Total Cost": 334562.23, "Plan Rows": 503250, "Plan Width": 8, "Actual Rows": 1862993, "Actual Loops": 4, "Inner Unique": true, "Hash Cond": "(ci.role_id = rt.id)", "Workers": [], "Plans": [{"Node Type": "Seq Scan", "Parent Relationship": "Outer", "Parallel Aware": true, "Async Capable": false, "Relation Name": "cast_info", "Alias": "ci", "Startup Cost": 0.0, "Total Cost": 313110.03, "Plan Rows": 6039003, "Plan Width": 12, "Actual Rows": 9061086, "Actual Loops": 4, "Workers": []}, {"Node Type": "Hash", "Parent Relationship": "Inner", "Parallel Aware": false, "Async Capable": false, "Startup Cost": 1.15, "Total Cost": 1.15, "Plan Rows": 1, "Plan Width": 4, "Actual Rows": 1, "Actual Loops": 4, "Hash Buckets": 1024, "Original Hash Buckets": 1024, "Hash Batches": 1, "Original Hash Batches": 1, "Peak Memory Usage": 9, "Workers": [], "Plans": [{"Node Type": "Seq Scan", "Parent Relationship": "Outer", "Parallel Aware": false, "Async Capable": false, "Relation Name": "role_type", "Alias": "rt", "Startup Cost": 0.0, "Total Cost": 1.15, "Plan Rows": 1, "Plan Width": 4, "Actual Rows": 1, "Actual Loops": 4, "Filter": "((role)::text = 'actress'::text)", "Rows Removed by Filter": 11, "Workers": []}]}]}, {"Node Type": "Hash", "Parent Relationship": "Inner", "Parallel Aware": true, "Async Capable": false, "Startup Cost": 66074.73, "Total Cost": 66074.73, "Plan Rows": 1041873, "Plan Width": 4, "Actual Rows": 1041873, "Actual Loops": 4, "Hash Buckets": 4194304, "Original Hash Buckets": 4194304, "Hash Batches": 1, "Original Hash Batches": 1, "Peak Memory Usage": 195872, "Workers": [], "Plans": [{"Node Type": "Seq Scan", "Parent Relationship": "Outer", "Parallel Aware": true, "Async Capable": false, "Relation Name": "name", "Alias": "n", "Startup Cost": 0.0, "Total Cost": 66074.73, "Plan Rows": 1041873, "Plan Width": 4, "Actual Rows": 1041873, "Actual Loops": 4, "Workers": []}]}]}]}]}, {"Node Type": "Hash", "Parent Relationship": "Inner", "Parallel Aware": true, "Async Capable": false, "Startup Cost": 79236.84, "Total Cost": 79236.84, "Plan Rows": 14610, "Plan Width": 25, "Actual Rows": 34752, "Actual Loops": 4, "Hash Buckets": 262144, "Original Hash Buckets": 65536, "Hash Batches": 1, "Original Hash Batches": 1, "Peak Memory Usage": 12288, "Workers": [], "Plans": [{"Node Type": "Hash Join", "Parent Relationship": "Outer", "Parallel Aware": true, "Async Capable": false, "Join Type": "Inner", "Startup Cost": 49680.81, "Total Cost": 79236.84, "Plan Rows": 14610, "Plan Width": 25, "Actual Rows": 34752, "Actual Loops": 4, "Inner Unique": true, "Hash Cond": "(mc.company_id = cn.id)", "Workers": [], "Plans": [{"Node Type": "Hash Join", "Parent Relationship": "Outer", "Parallel Aware": true, "Async Capable": false, "Join Type": "Inner", "Startup Cost": 44288.57, "Total Cost": 73738.46, "Plan Rows": 40436, "Plan Width": 29, "Actual Rows": 58882, "Actual Loops": 4, "Inner Unique": true, "Hash Cond": "(mc.movie_id = t.id)", "Workers": [], "Plans": [{"Node Type": "Seq Scan", "Parent Relationship": "Outer", "Parallel Aware": true, "Async Capable": false, "Relation Name": "movie_companies", "Alias": "mc", "Startup Cost": 0.0, "Total Cost": 27240.55, "Plan Rows": 841655, "Plan Width": 8, "Actual Rows": 652282, "Actual Loops": 4, "Workers": []}, {"Node Type": "Hash", "Parent Relationship": "Inner", "Parallel Aware": true, "Async Capable": false, "Startup Cost": 43908.97, "Total Cost": 43908.97, "Plan Rows": 30368, "Plan Width": 21, "Actual Rows": 30733, "Actual Loops": 4, "Hash Buckets": 131072, "Original Hash Buckets": 131072, "Hash Batches": 1, "Original Hash Batches": 1, "Peak Memory Usage": 8448, "Workers": [], "Plans": [{"Node Type": "Seq Scan", "Parent Relationship": "Outer", "Parallel Aware": true, "Async Capable": false, "Relation Name": "title", "Alias": "t", "Startup Cost": 0.0, "Total Cost": 43908.97, "Plan Rows": 30368, "Plan Width": 21, "Actual Rows": 30733, "Actual Loops": 4, "Filter": "(production_year <= 1932)", "Rows Removed by Filter": 601345, "Workers": []}]}]}, {"Node Type": "Hash", "Parent Relationship": "Inner", "Parallel Aware": true, "Async Capable": false, "Startup Cost": 4767.92, "Total Cost": 4767.92, "Plan Rows": 49945, "Plan Width": 4, "Actual Rows": 21211, "Actual Loops": 4, "Hash Buckets": 131072, "Original Hash Buckets": 131072, "Hash Batches": 1, "Original Hash Batches": 1, "Peak Memory Usage": 4384, "Workers": [], "Plans": [{"Node Type": "Seq Scan", "Parent Relationship": "Outer", "Parallel Aware": true, "Async Capable": false, "Relation Name": "company_name", "Alias": "cn", "Startup Cost": 0.0, "Total Cost": 4767.92, "Plan Rows": 49945, "Plan Width": 4, "Actual Rows": 21211, "Actual Loops": 4, "Filter": "((country_code)::text = '[us]'::text)", "Rows Removed by Filter": 37538, "Workers": []}]}]}]}]}]}]}]}, "Planning Time": 2.874, "Triggers": [], "Execution Time": 4679.617}, {"Plan": {"Node Type": "Aggregate", "Strategy": "Plain", "Partial Mode": "Finalize", "Parallel Aware": false, "Async Capable": false, "Startup Cost": 442864.6, "Total Cost": 442864.61, "Plan Rows": 1, "Plan Width": 64, "Actual Rows": 1, "Actual Loops": 1, "Plans": [{"Node Type": "Gather", "Parent Relationship": "Outer", "Parallel Aware": false, "Async Capable": false, "Startup Cost": 442864.28, "Total Cost": 442864.59, "Plan Rows": 3, "Plan Width": 64, "Actual Rows": 4, "Actual Loops": 1, "Workers Planned": 3, "Workers Launched": 3, "Single Copy": false, "Plans": [{"Node Type": "Aggregate", "Strategy": "Plain", "Partial Mode": "Partial", "Parent Relationship": "Outer", "Parallel Aware": false, "Async Capable": false, "Startup Cost": 441864.28, "Total Cost": 441864.29, "Plan Rows": 1, "Plan Width": 64, "Actual Rows": 1, "Actual Loops": 4, "Workers": [], "Plans": [{"Node Type": "Hash Join", "Parent Relationship": "Outer", "Parallel Aware": true, "Async Capable": false, "Join Type": "Inner", "Startup Cost": 407497.48, "Total Cost": 441417.17, "Plan Rows": 89421, "Plan Width": 33, "Actual Rows": 82174, "Actual Loops": 4, "Inner Unique": false, "Hash Cond": "(mc.movie_id = ci.movie_id)", "Workers": [], "Plans": [{"Node Type": "Hash Join", "Parent Relationship": "Outer", "Parallel Aware": true, "Async Capable": false, "Join Type": "Inner", "Startup Cost": 5392.23, "Total Cost": 34842.17, "Plan Rows": 304095, "Plan Width": 4, "Actual Rows": 288450, "Actual Loops": 4, "Inner Unique": true, "Hash Cond": "(mc.company_id = cn.id)", "Workers": [], "Plans": [{"Node Type": "Seq Scan", "Parent Relationship": "Outer", "Parallel Aware": true, "Async Capable": false, "Relation Name": "movie_companies", "Alias": "mc", "Startup Cost": 0.0, "Total Cost": 27240.55, "Plan Rows": 841655, "Plan Width": 8, "Actual Rows": 652282, "Actual Loops": 4, "Workers": []}, {"Node Type": "Hash", "Parent Relationship": "Inner", "Parallel Aware": true, "Async Capable": false, "Startup Cost": 4767.92, "Total Cost": 4767.92, "Plan Rows": 49945, "Plan Width": 4, "Actual Rows": 21211, "Actual Loops": 4, "Hash Buckets": 131072, "Original Hash Buckets": 131072, "Hash Batches": 1, "Original Hash Batches": 1, "Peak Memory Usage": 4416, "Workers": [], "Plans": [{"Node Type": "Seq Scan", "Parent Relationship": "Outer", "Parallel Aware": true, "Async Capable": false, "Relation Name": "company_name", "Alias": "cn", "Startup Cost": 0.0, "Total Cost": 4767.92, "Plan Rows": 49945, "Plan Width": 4, "Actual Rows": 21211, "Actual Loops": 4, "Filter": "((country_code)::text = '[us]'::text)", "Rows Removed by Filter": 37538, "Workers": []}]}]}, {"Node Type": "Hash", "Parent Relationship": "Inner", "Parallel Aware": true, "Async Capable": false, "Startup Cost": 400875.59, "Total Cost": 400875.59, "Plan Rows": 98373, "Plan Width": 41, "Actual Rows": 44474, "Actual Loops": 4, "Hash Buckets": 524288, "Original Hash Buckets": 524288, "Hash Batches": 1, "Original Hash Batches": 1, "Peak Memory Usage": 18368, "Workers": [], "Plans": [{"Node Type": "Hash Join", "Parent Relationship": "Outer", "Parallel Aware": true, "Async Capable": false, "Join Type": "Inner", "Startup Cost": 385444.82, "Total Cost": 400875.59, "Plan Rows": 98373, "Plan Width": 41, "Actual Rows": 44474, "Actual Loops": 4, "Inner Unique": false, "Hash Cond": "(an.person_id = n.id)", "Workers": [], "Plans": [{"Node Type": "Seq Scan", "Parent Relationship": "Outer", "Parallel Aware": true, "Async Capable": false, "Relation Name": "aka_name", "Alias": "an", "Startup Cost": 0.0, "Total Cost": 14323.56, "Plan Rows": 290756, "Plan Width": 20, "Actual Rows": 225336, "Actual Loops": 4, "Workers": []}, {"Node Type": "Hash", "Parent Relationship": "Inner", "Parallel Aware": true, "Async Capable": false, "Startup Cost": 385142.6, "Total Cost": 385142.6, "Plan Rows": 24178, "Plan Width": 33, "Actual Rows": 36378, "Actual Loops": 4, "Hash Buckets": 262144, "Original Hash Buckets": 262144, "Hash Batches": 1, "Original Hash Batches": 1, "Peak Memory Usage": 12096, "Workers": [], "Plans": [{"Node Type": "Nested Loop", "Parent Relationship": "Outer", "Parallel Aware": false, "Async Capable": false, "Join Type": "Inner", "Startup Cost": 44290.17, "Total Cost": 385142.6, "Plan Rows": 24178, "Plan Width": 33, "Actual Rows": 36378, "Actual Loops": 4, "Inner Unique": true, "Workers": [], "Plans": [{"Node Type": "Hash Join", "Parent Relationship": "Outer", "Parallel Aware": false, "Async Capable": false, "Join Type": "Inner", "Startup Cost": 44289.74, "Total Cost": 374282.77, "Plan Rows": 24178, "Plan Width": 29, "Actual Rows": 36378, "Actual Loops": 4, "Inner Unique": true, "Hash Cond": "(ci.role_id = rt.id)", "Workers": [], "Plans": [{"Node Type": "Hash Join", "Parent Relationship": "Outer", "Parallel Aware": true, "Async Capable": false, "Join Type": "Inner", "Startup Cost": 44288.57, "Total Cost": 373251.01, "Plan Rows": 290137, "Plan Width": 33, "Actual Rows": 171051, "Actual Loops": 4, "Inner Unique": true, "Hash Cond": "(ci.movie_id = t.id)", "Workers": [], "Plans": [{"Node Type": "Seq Scan", "Parent Relationship": "Outer", "Parallel Aware": true, "Async Capable": false, "Relation Name": "cast_info", "Alias": "ci", "Startup Cost": 0.0, "Total Cost": 313110.03, "Plan Rows": 6039003, "Plan Width": 12, "Actual Rows": 9061086, "Actual Loops": 4, "Workers": []}, {"Node Type": "Hash", "Parent Relationship": "Inner", "Parallel Aware": true, "Async Capable": false, "Startup Cost": 43908.97, "Total Cost": 43908.97, "Plan Rows": 30368, "Plan Width": 21, "Actual Rows": 30733, "Actual Loops": 4, "Hash Buckets": 131072, "Original Hash Buckets": 131072, "Hash Batches": 1, "Original Hash Batches": 1, "Peak Memory Usage": 8416, "Workers": [], "Plans": [{"Node Type": "Seq Scan", "Parent Relationship": "Outer", "Parallel Aware": true, "Async Capable": false, "Relation Name": "title", "Alias": "t", "Startup Cost": 0.0, "Total Cost": 43908.97, "Plan Rows": 30368, "Plan Width": 21, "Actual Rows": 30733, "Actual Loops": 4, "Filter": "(production_year <= 1932)", "Rows Removed by Filter": 601345, "Workers": []}]}]}, {"Node Type": "Hash", "Parent Relationship": "Inner", "Parallel Aware": false, "Async Capable": false, "Startup Cost": 1.15, "Total Cost": 1.15, "Plan Rows": 1, "Plan Width": 4, "Actual Rows": 1, "Actual Loops": 4, "Hash Buckets": 1024, "Original Hash Buckets": 1024, "Hash Batches": 1, "Original Hash Batches": 1, "Peak Memory Usage": 9, "Workers": [], "Plans": [{"Node Type": "Seq Scan", "Parent Relationship": "Outer", "Parallel Aware": false, "Async Capable": false, "Relation Name": "role_type", "Alias": "rt", "Startup Cost": 0.0, "Total Cost": 1.15, "Plan Rows": 1, "Plan Width": 4, "Actual Rows": 1, "Actual Loops": 4, "Filter": "((role)::text = 'actress'::text)", "Rows Removed by Filter": 11, "Workers": []}]}]}, {"Node Type": "Index Only Scan", "Parent Relationship": "Inner", "Parallel Aware": false, "Async Capable": false, "Scan Direction": "Forward", "Index Name": "name_pkey", "Relation Name": "name", "Alias": "n", "Startup Cost": 0.43, "Total Cost": 0.45, "Plan Rows": 1, "Plan Width": 4, "Actual Rows": 1, "Actual Loops": 145510, "Index Cond": "(id = ci.person_id)", "Rows Removed by Index Recheck": 0, "Heap Fetches": 0, "Workers": []}]}]}]}]}]}]}]}]}, "Planning Time": 5.063, "Triggers": [], "Execution Time": 3478.583}, {"Plan": {"Node Type": "Aggregate", "Strategy": "Plain", "Partial Mode": "Finalize", "Parallel Aware": false, "Async Capable": false, "Startup Cost": 440061.33, "Total Cost": 440061.34, "Plan Rows": 1, "Plan Width": 64, "Actual Rows": 1, "Actual Loops": 1, "Plans": [{"Node Type": "Gather", "Parent Relationship": "Outer", "Parallel Aware": false, "Async Capable": false, "Startup Cost": 440061.0, "Total Cost": 440061.31, "Plan Rows": 3, "Plan Width": 64, "Actual Rows": 4, "Actual Loops": 1, "Workers Planned": 3, "Workers Launched": 3, "Single Copy": false, "Plans": [{"Node Type": "Aggregate", "Strategy": "Plain", "Partial Mode": "Partial", "Parent Relationship": "Outer", "Parallel Aware": false, "Async Capable": false, "Startup Cost": 439061.0, "Total Cost": 439061.01, "Plan Rows": 1, "Plan Width": 64, "Actual Rows": 1, "Actual Loops": 4, "Workers": [], "Plans": [{"Node Type": "Hash Join", "Parent Relationship": "Outer", "Parallel Aware": true, "Async Capable": false, "Join Type": "Inner", "Startup Cost": 423170.33, "Total Cost": 438613.9, "Plan Rows": 89421, "Plan Width": 33, "Actual Rows": 82174, "Actual Loops": 4, "Inner Unique": false, "Hash Cond": "(an.person_id = n.id)", "Workers": [], "Plans": [{"Node Type": "Seq Scan", "Parent Relationship": "Outer", "Parallel Aware": true, "Async Capable": false, "Relation Name": "aka_name", "Alias": "an", "Startup Cost": 0.0, "Total Cost": 14323.56, "Plan Rows": 290756, "Plan Width": 20, "Actual Rows": 225336, "Actual Loops": 4, "Workers": []}, {"Node Type": "Hash", "Parent Relationship": "Inner", "Parallel Aware": true, "Async Capable": false, "Startup Cost": 422638.6, "Total Cost": 422638.6, "Plan Rows": 42538, "Plan Width": 25, "Actual Rows": 54043, "Actual Loops": 4, "Hash Buckets": 262144, "Original Hash Buckets": 262144, "Hash Batches": 1, "Original Hash Batches": 1, "Peak Memory Usage": 15136, "Workers": [], "Plans": [{"Node Type": "Hash Join", "Parent Relationship": "Outer", "Parallel Aware": true, "Async Capable": false, "Join Type": "Inner", "Startup Cost": 390837.06, "Total Cost": 422638.6, "Plan Rows": 42538, "Plan Width": 25, "Actual Rows": 54043, "Actual Loops": 4, "Inner Unique": false, "Hash Cond": "(mc.movie_id = ci.movie_id)", "Workers": [], "Plans": [{"Node Type": "Hash Join", "Parent Relationship": "Outer", "Parallel Aware": true, "Async Capable": false, "Join Type": "Inner", "Startup Cost": 5392.23, "Total Cost": 34842.17, "Plan Rows": 304095, "Plan Width": 4, "Actual Rows": 288450, "Actual Loops": 4, "Inner Unique": true, "Hash Cond": "(mc.company_id = cn.id)", "Workers": [], "Plans": [{"Node Type": "Seq Scan", "Parent Relationship": "Outer", "Parallel Aware": true, "Async Capable": false, "Relation Name": "movie_companies", "Alias": "mc", "Startup Cost": 0.0, "Total Cost": 27240.55, "Plan Rows": 841655, "Plan Width": 8, "Actual Rows": 652282, "Actual Loops": 4, "Workers": []}, {"Node Type": "Hash", "Parent Relationship": "Inner", "Parallel Aware": true, "Async Capable": false, "Startup Cost": 4767.92, "Total Cost": 4767.92, "Plan Rows": 49945, "Plan Width": 4, "Actual Rows": 21211, "Actual Loops": 4, "Hash Buckets": 131072, "Original Hash Buckets": 131072, "Hash Batches": 1, "Original Hash Batches": 1, "Peak Memory Usage": 4416, "Workers": [], "Plans": [{"Node Type": "Seq Scan", "Parent Relationship": "Outer", "Parallel Aware": true, "Async Capable": false, "Relation Name": "company_name", "Alias": "cn", "Startup Cost": 0.0, "Total Cost": 4767.92, "Plan Rows": 49945, "Plan Width": 4, "Actual Rows": 21211, "Actual Loops": 4, "Filter": "((country_code)::text = '[us]'::text)", "Rows Removed by Filter": 37538, "Workers": []}]}]}, {"Node Type": "Hash", "Parent Relationship": "Inner", "Parallel Aware": true, "Async Capable": false, "Startup Cost": 385142.6, "Total Cost": 385142.6, "Plan Rows": 24178, "Plan Width": 33, "Actual Rows": 36378, "Actual Loops": 4, "Hash Buckets": 262144, "Original Hash Buckets": 262144, "Hash Batches": 1, "Original Hash Batches": 1, "Peak Memory Usage": 12096, "Workers": [], "Plans": [{"Node Type": "Nested Loop", "Parent Relationship": "Outer", "Parallel Aware": false, "Async Capable": false, "Join Type": "Inner", "Startup Cost": 44290.17, "Total Cost": 385142.6, "Plan Rows": 24178, "Plan Width": 33, "Actual Rows": 36378, "Actual Loops": 4, "Inner Unique": true, "Workers": [], "Plans": [{"Node Type": "Hash Join", "Parent Relationship": "Outer", "Parallel Aware": false, "Async Capable": false, "Join Type": "Inner", "Startup Cost": 44289.74, "Total Cost": 374282.77, "Plan Rows": 24178, "Plan Width": 29, "Actual Rows": 36378, "Actual Loops": 4, "Inner Unique": true, "Hash Cond": "(ci.role_id = rt.id)", "Workers": [], "Plans": [{"Node Type": "Hash Join", "Parent Relationship": "Outer", "Parallel Aware": true, "Async Capable": false, "Join Type": "Inner", "Startup Cost": 44288.57, "Total Cost": 373251.01, "Plan Rows": 290137, "Plan Width": 33, "Actual Rows": 171051, "Actual Loops": 4, "Inner Unique": true, "Hash Cond": "(ci.movie_id = t.id)", "Workers": [], "Plans": [{"Node Type": "Seq Scan", "Parent Relationship": "Outer", "Parallel Aware": true, "Async Capable": false, "Relation Name": "cast_info", "Alias": "ci", "Startup Cost": 0.0, "Total Cost": 313110.03, "Plan Rows": 6039003, "Plan Width": 12, "Actual Rows": 9061086, "Actual Loops": 4, "Workers": []}, {"Node Type": "Hash", "Parent Relationship": "Inner", "Parallel Aware": true, "Async Capable": false, "Startup Cost": 43908.97, "Total Cost": 43908.97, "Plan Rows": 30368, "Plan Width": 21, "Actual Rows": 30733, "Actual Loops": 4, "Hash Buckets": 131072, "Original Hash Buckets": 131072, "Hash Batches": 1, "Original Hash Batches": 1, "Peak Memory Usage": 8384, "Workers": [], "Plans": [{"Node Type": "Seq Scan", "Parent Relationship": "Outer", "Parallel Aware": true, "Async Capable": false, "Relation Name": "title", "Alias": "t", "Startup Cost": 0.0, "Total Cost": 43908.97, "Plan Rows": 30368, "Plan Width": 21, "Actual Rows": 30733, "Actual Loops": 4, "Filter": "(production_year <= 1932)", "Rows Removed by Filter": 601345, "Workers": []}]}]}, {"Node Type": "Hash", "Parent Relationship": "Inner", "Parallel Aware": false, "Async Capable": false, "Startup Cost": 1.15, "Total Cost": 1.15, "Plan Rows": 1, "Plan Width": 4, "Actual Rows": 1, "Actual Loops": 4, "Hash Buckets": 1024, "Original Hash Buckets": 1024, "Hash Batches": 1, "Original Hash Batches": 1, "Peak Memory Usage": 9, "Workers": [], "Plans": [{"Node Type": "Seq Scan", "Parent Relationship": "Outer", "Parallel Aware": false, "Async Capable": false, "Relation Name": "role_type", "Alias": "rt", "Startup Cost": 0.0, "Total Cost": 1.15, "Plan Rows": 1, "Plan Width": 4, "Actual Rows": 1, "Actual Loops": 4, "Filter": "((role)::text = 'actress'::text)", "Rows Removed by Filter": 11, "Workers": []}]}]}, {"Node Type": "Index Only Scan", "Parent Relationship": "Inner", "Parallel Aware": false, "Async Capable": false, "Scan Direction": "Forward", "Index Name": "name_pkey", "Relation Name": "name", "Alias": "n", "Startup Cost": 0.43, "Total Cost": 0.45, "Plan Rows": 1, "Plan Width": 4, "Actual Rows": 1, "Actual Loops": 145510, "Index Cond": "(id = ci.person_id)", "Rows Removed by Index Recheck": 0, "Heap Fetches": 0, "Workers": []}]}]}]}]}]}]}]}]}, "Planning Time": 5.313, "Triggers": [], "Execution Time": 3543.869}, {"Plan": {"Node Type": "Aggregate", "Strategy": "Plain", "Partial Mode": "Finalize", "Parallel Aware": false, "Async Capable": false, "Startup Cost": 443722.07, "Total Cost": 443722.08, "Plan Rows": 1, "Plan Width": 64, "Actual Rows": 1, "Actual Loops": 1, "Plans": [{"Node Type": "Gather", "Parent Relationship": "Outer", "Parallel Aware": false, "Async Capable": false, "Startup Cost": 443721.74, "Total Cost": 443722.05, "Plan Rows": 3, "Plan Width": 64, "Actual Rows": 4, "Actual Loops": 1, "Workers Planned": 3, "Workers Launched": 3, "Single Copy": false, "Plans": [{"Node Type": "Aggregate", "Strategy": "Plain", "Partial Mode": "Partial", "Parent Relationship": "Outer", "Parallel Aware": false, "Async Capable": false, "Startup Cost": 442721.74, "Total Cost": 442721.75, "Plan Rows": 1, "Plan Width": 64, "Actual Rows": 1, "Actual Loops": 4, "Workers": [], "Plans": [{"Node Type": "Hash Join", "Parent Relationship": "Outer", "Parallel Aware": true, "Async Capable": false, "Join Type": "Inner", "Startup Cost": 408795.06, "Total Cost": 442274.64, "Plan Rows": 89421, "Plan Width": 33, "Actual Rows": 82174, "Actual Loops": 4, "Inner Unique": false, "Hash Cond": "(n.id = an.person_id)", "Workers": [], "Plans": [{"Node Type": "Hash Join", "Parent Relationship": "Outer", "Parallel Aware": true, "Async Capable": false, "Join Type": "Inner", "Startup Cost": 390837.06, "Total Cost": 422638.6, "Plan Rows": 42538, "Plan Width": 25, "Actual Rows": 54043, "Actual Loops": 4, "Inner Unique": false, "Hash Cond": "(mc.movie_id = ci.movie_id)", "Workers": [], "Plans": [{"Node Type": "Hash Join", "Parent Relationship": "Outer", "Parallel Aware": true, "Async Capable": false, "Join Type": "Inner", "Startup Cost": 5392.23, "Total Cost": 34842.17, "Plan Rows": 304095, "Plan Width": 4, "Actual Rows": 288450, "Actual Loops": 4, "Inner Unique": true, "Hash Cond": "(mc.company_id = cn.id)", "Workers": [], "Plans": [{"Node Type": "Seq Scan", "Parent Relationship": "Outer", "Parallel Aware": true, "Async Capable": false, "Relation Name": "movie_companies", "Alias": "mc", "Startup Cost": 0.0, "Total Cost": 27240.55, "Plan Rows": 841655, "Plan Width": 8, "Actual Rows": 652282, "Actual Loops": 4, "Workers": []}, {"Node Type": "Hash", "Parent Relationship": "Inner", "Parallel Aware": true, "Async Capable": false, "Startup Cost": 4767.92, "Total Cost": 4767.92, "Plan Rows": 49945, "Plan Width": 4, "Actual Rows": 21211, "Actual Loops": 4, "Hash Buckets": 131072, "Original Hash Buckets": 131072, "Hash Batches": 1, "Original Hash Batches": 1, "Peak Memory Usage": 4416, "Workers": [], "Plans": [{"Node Type": "Seq Scan", "Parent Relationship": "Outer", "Parallel Aware": true, "Async Capable": false, "Relation Name": "company_name", "Alias": "cn", "Startup Cost": 0.0, "Total Cost": 4767.92, "Plan Rows": 49945, "Plan Width": 4, "Actual Rows": 21211, "Actual Loops": 4, "Filter": "((country_code)::text = '[us]'::text)", "Rows Removed by Filter": 37538, "Workers": []}]}]}, {"Node Type": "Hash", "Parent Relationship": "Inner", "Parallel Aware": true, "Async Capable": false, "Startup Cost": 385142.6, "Total Cost": 385142.6, "Plan Rows": 24178, "Plan Width": 33, "Actual Rows": 36378, "Actual Loops": 4, "Hash Buckets": 262144, "Original Hash Buckets": 262144, "Hash Batches": 1, "Original Hash Batches": 1, "Peak Memory Usage": 12128, "Workers": [], "Plans": [{"Node Type": "Nested Loop", "Parent Relationship": "Outer", "Parallel Aware": false, "Async Capable": false, "Join Type": "Inner", "Startup Cost": 44290.17, "Total Cost": 385142.6, "Plan Rows": 24178, "Plan Width": 33, "Actual Rows": 36378, "Actual Loops": 4, "Inner Unique": true, "Workers": [], "Plans": [{"Node Type": "Hash Join", "Parent Relationship": "Outer", "Parallel Aware": false, "Async Capable": false, "Join Type": "Inner", "Startup Cost": 44289.74, "Total Cost": 374282.77, "Plan Rows": 24178, "Plan Width": 29, "Actual Rows": 36378, "Actual Loops": 4, "Inner Unique": true, "Hash Cond": "(ci.role_id = rt.id)", "Workers": [], "Plans": [{"Node Type": "Hash Join", "Parent Relationship": "Outer", "Parallel Aware": true, "Async Capable": false, "Join Type": "Inner", "Startup Cost": 44288.57, "Total Cost": 373251.01, "Plan Rows": 290137, "Plan Width": 33, "Actual Rows": 171051, "Actual Loops": 4, "Inner Unique": true, "Hash Cond": "(ci.movie_id = t.id)", "Workers": [], "Plans": [{"Node Type": "Seq Scan", "Parent Relationship": "Outer", "Parallel Aware": true, "Async Capable": false, "Relation Name": "cast_info", "Alias": "ci", "Startup Cost": 0.0, "Total Cost": 313110.03, "Plan Rows": 6039003, "Plan Width": 12, "Actual Rows": 9061086, "Actual Loops": 4, "Workers": []}, {"Node Type": "Hash", "Parent Relationship": "Inner", "Parallel Aware": true, "Async Capable": false, "Startup Cost": 43908.97, "Total Cost": 43908.97, "Plan Rows": 30368, "Plan Width": 21, "Actual Rows": 30733, "Actual Loops": 4, "Hash Buckets": 131072, "Original Hash Buckets": 131072, "Hash Batches": 1, "Original Hash Batches": 1, "Peak Memory Usage": 8416, "Workers": [], "Plans": [{"Node Type": "Seq Scan", "Parent Relationship": "Outer", "Parallel Aware": true, "Async Capable": false, "Relation Name": "title", "Alias": "t", "Startup Cost": 0.0, "Total Cost": 43908.97, "Plan Rows": 30368, "Plan Width": 21, "Actual Rows": 30733, "Actual Loops": 4, "Filter": "(production_year <= 1932)", "Rows Removed by Filter": 601345, "Workers": []}]}]}, {"Node Type": "Hash", "Parent Relationship": "Inner", "Parallel Aware": false, "Async Capable": false, "Startup Cost": 1.15, "Total Cost": 1.15, "Plan Rows": 1, "Plan Width": 4, "Actual Rows": 1, "Actual Loops": 4, "Hash Buckets": 1024, "Original Hash Buckets": 1024, "Hash Batches": 1, "Original Hash Batches": 1, "Peak Memory Usage": 9, "Workers": [], "Plans": [{"Node Type": "Seq Scan", "Parent Relationship": "Outer", "Parallel Aware": false, "Async Capable": false, "Relation Name": "role_type", "Alias": "rt", "Startup Cost": 0.0, "Total Cost": 1.15, "Plan Rows": 1, "Plan Width": 4, "Actual Rows": 1, "Actual Loops": 4, "Filter": "((role)::text = 'actress'::text)", "Rows Removed by Filter": 11, "Workers": []}]}]}, {"Node Type": "Index Only Scan", "Parent Relationship": "Inner", "Parallel Aware": false, "Async Capable": false, "Scan Direction": "Forward", "Index Name": "name_pkey", "Relation Name": "name", "Alias": "n", "Startup Cost": 0.43, "Total Cost": 0.45, "Plan Rows": 1, "Plan Width": 4, "Actual Rows": 1, "Actual Loops": 145510, "Index Cond": "(id = ci.person_id)", "Rows Removed by Index Recheck": 0, "Heap Fetches": 0, "Workers": []}]}]}]}, {"Node Type": "Hash", "Parent Relationship": "Inner", "Parallel Aware": true, "Async Capable": false, "Startup Cost": 14323.56, "Total Cost": 14323.56, "Plan Rows": 290756, "Plan Width": 20, "Actual Rows": 225336, "Actual Loops": 4, "Hash Buckets": 1048576, "Original Hash Buckets": 1048576, "Hash Batches": 1, "Original Hash Batches": 1, "Peak Memory Usage": 58112, "Workers": [], "Plans": [{"Node Type": "Seq Scan", "Parent Relationship": "Outer", "Parallel Aware": true, "Async Capable": false, "Relation Name": "aka_name", "Alias": "an", "Startup Cost": 0.0, "Total Cost": 14323.56, "Plan Rows": 290756, "Plan Width": 20, "Actual Rows": 225336, "Actual Loops": 4, "Workers": []}]}]}]}]}]}, "Planning Time": 5.424, "Triggers": [], "Execution Time": 3404.324}, {"Plan": {"Node Type": "Aggregate", "Strategy": "Plain", "Partial Mode": "Simple", "Parallel Aware": false, "Async Capable": false, "Startup Cost": 745662.42, "Total Cost": 745662.43, "Plan Rows": 1, "Plan Width": 64, "Actual Rows": 1, "Actual Loops": 1, "Plans": [{"Node Type": "Nested Loop", "Parent Relationship": "Outer", "Parallel Aware": false, "Async Capable": false, "Join Type": "Inner", "Startup Cost": 674335.96, "Total Cost": 744276.4, "Plan Rows": 277205, "Plan Width": 33, "Actual Rows": 328697, "Actual Loops": 1, "Inner Unique": false, "Join Filter": "(rt.id = ci.role_id)", "Rows Removed by Join Filter": 2027866, "Plans": [{"Node Type": "Seq Scan", "Parent Relationship": "Outer", "Parallel Aware": false, "Async Capable": false, "Relation Name": "role_type", "Alias": "rt", "Startup Cost": 0.0, "Total Cost": 1.15, "Plan Rows": 1, "Plan Width": 4, "Actual Rows": 1, "Actual Loops": 1, "Filter": "((role)::text = 'actress'::text)", "Rows Removed by Filter": 11}, {"Node Type": "Hash Join", "Parent Relationship": "Inner", "Parallel Aware": false, "Async Capable": false, "Join Type": "Inner", "Startup Cost": 674335.96, "Total Cost": 702694.52, "Plan Rows": 3326458, "Plan Width": 37, "Actual Rows": 2356563, "Actual Loops": 1, "Inner Unique": false, "Hash Cond": "(an.person_id = n.id)", "Plans": [{"Node Type": "Seq Scan", "Parent Relationship": "Outer", "Parallel Aware": false, "Async Capable": false, "Relation Name": "aka_name", "Alias": "an", "Startup Cost": 0.0, "Total Cost": 20429.43, "Plan Rows": 901343, "Plan Width": 20, "Actual Rows": 901343, "Actual Loops": 1}, {"Node Type": "Hash", "Parent Relationship": "Inner", "Parallel Aware": false, "Async Capable": false, "Startup Cost": 654555.87, "Total Cost": 654555.87, "Plan Rows": 1582407, "Plan Width": 29, "Actual Rows": 1049261, "Actual Loops": 1, "Hash Buckets": 2097152, "Original Hash Buckets": 2097152, "Hash Batches": 1, "Original Hash Batches": 1, "Peak Memory Usage": 80027, "Plans": [{"Node Type": "Gather", "Parent Relationship": "Outer", "Parallel Aware": false, "Async Capable": false, "Startup Cost": 159517.61, "Total Cost": 654555.87, "Plan Rows": 1582407, "Plan Width": 29, "Actual Rows": 1049261, "Actual Loops": 1, "Workers Planned": 6, "Workers Launched": 6, "Single Copy": false, "Plans": [{"Node Type": "Hash Join", "Parent Relationship": "Outer", "Parallel Aware": true, "Async Capable": false, "Join Type": "Inner", "Startup Cost": 158517.61, "Total Cost": 495315.17, "Plan Rows": 263734, "Plan Width": 29, "Actual Rows": 149894, "Actual Loops": 7, "Inner Unique": true, "Hash Cond": "(ci.person_id = n.id)", "Workers": [], "Plans": [{"Node Type": "Hash Join", "Parent Relationship": "Outer", "Parallel Aware": true, "Async Capable": false, "Join Type": "Inner", "Startup Cost": 79419.47, "Total Cost": 415524.73, "Plan Rows": 263734, "Plan Width": 25, "Actual Rows": 149894, "Actual Loops": 7, "Inner Unique": false, "Hash Cond": "(ci.movie_id = t.id)", "Workers": [], "Plans": [{"Node Type": "Seq Scan", "Parent Relationship": "Outer", "Parallel Aware": true, "Async Capable": false, "Relation Name": "cast_info", "Alias": "ci", "Startup Cost": 0.0, "Total Cost": 313110.03, "Plan Rows": 6039003, "Plan Width": 12, "Actual Rows": 5177763, "Actual Loops": 7, "Workers": []}, {"Node Type": "Hash", "Parent Relationship": "Inner", "Parallel Aware": true, "Async Capable": false, "Startup Cost": 79236.84, "Total Cost": 79236.84, "Plan Rows": 14610, "Plan Width": 25, "Actual Rows": 19858, "Actual Loops": 7, "Hash Buckets": 262144, "Original Hash Buckets": 65536, "Hash Batches": 1, "Original Hash Batches": 1, "Peak Memory Usage": 12384, "Workers": [], "Plans": [{"Node Type": "Hash Join", "Parent Relationship": "Outer", "Parallel Aware": true, "Async Capable": false, "Join Type": "Inner", "Startup Cost": 49680.81, "Total Cost": 79236.84, "Plan Rows": 14610, "Plan Width": 25, "Actual Rows": 19858, "Actual Loops": 7, "Inner Unique": true, "Hash Cond": "(mc.company_id = cn.id)", "Workers": [], "Plans": [{"Node Type": "Hash Join", "Parent Relationship": "Outer", "Parallel Aware": true, "Async Capable": false, "Join Type": "Inner", "Startup Cost": 44288.57, "Total Cost": 73738.46, "Plan Rows": 40436, "Plan Width": 29, "Actual Rows": 33647, "Actual Loops": 7, "Inner Unique": true, "Hash Cond": "(mc.movie_id = t.id)", "Workers": [], "Plans": [{"Node Type": "Seq Scan", "Parent Relationship": "Outer", "Parallel Aware": true, "Async Capable": false, "Relation Name": "movie_companies", "Alias": "mc", "Startup Cost": 0.0, "Total Cost": 27240.55, "Plan Rows": 841655, "Plan Width": 8, "Actual Rows": 372733, "Actual Loops": 7, "Workers": []}, {"Node Type": "Hash", "Parent Relationship": "Inner", "Parallel Aware": true, "Async Capable": false, "Startup Cost": 43908.97, "Total Cost": 43908.97, "Plan Rows": 30368, "Plan Width": 21, "Actual Rows": 17562, "Actual Loops": 7, "Hash Buckets": 131072, "Original Hash Buckets": 131072, "Hash Batches": 1, "Original Hash Batches": 1, "Peak Memory Usage": 8448, "Workers": [], "Plans": [{"Node Type": "Seq Scan", "Parent Relationship": "Outer", "Parallel Aware": true, "Async Capable": false, "Relation Name": "title", "Alias": "t", "Startup Cost": 0.0, "Total Cost": 43908.97, "Plan Rows": 30368, "Plan Width": 21, "Actual Rows": 17562, "Actual Loops": 7, "Filter": "(production_year <= 1932)", "Rows Removed by Filter": 343626, "Workers": []}]}]}, {"Node Type": "Hash", "Parent Relationship": "Inner", "Parallel Aware": true, "Async Capable": false, "Startup Cost": 4767.92, "Total Cost": 4767.92, "Plan Rows": 49945, "Plan Width": 4, "Actual Rows": 12120, "Actual Loops": 7, "Hash Buckets": 131072, "Original Hash Buckets": 131072, "Hash Batches": 1, "Original Hash Batches": 1, "Peak Memory Usage": 4480, "Workers": [], "Plans": [{"Node Type": "Seq Scan", "Parent Relationship": "Outer", "Parallel Aware": true, "Async Capable": false, "Relation Name": "company_name", "Alias": "cn", "Startup Cost": 0.0, "Total Cost": 4767.92, "Plan Rows": 49945, "Plan Width": 4, "Actual Rows": 12120, "Actual Loops": 7, "Filter": "((country_code)::text = '[us]'::text)", "Rows Removed by Filter": 21451, "Workers": []}]}]}]}]}, {"Node Type": "Hash", "Parent Relationship": "Inner", "Parallel Aware": true, "Async Capable": false, "Startup Cost": 66074.73, "Total Cost": 66074.73, "Plan Rows": 1041873, "Plan Width": 4, "Actual Rows": 595356, "Actual Loops": 7, "Hash Buckets": 4194304, "Original Hash Buckets": 4194304, "Hash Batches": 1, "Original Hash Batches": 1, "Peak Memory Usage": 195904, "Workers": [], "Plans": [{"Node Type": "Seq Scan", "Parent Relationship": "Outer", "Parallel Aware": true, "Async Capable": false, "Relation Name": "name", "Alias": "n", "Startup Cost": 0.0, "Total Cost": 66074.73, "Plan Rows": 1041873, "Plan Width": 4, "Actual Rows": 595356, "Actual Loops": 7, "Workers": []}]}]}]}]}]}]}]}, "Planning Time": 3.167, "Triggers": [], "Execution Time": 3475.716}, {"Plan": {"Node Type": "Aggregate", "Strategy": "Plain", "Partial Mode": "Finalize", "Parallel Aware": false, "Async Capable": false, "Startup Cost": 443651.04, "Total Cost": 443651.05, "Plan Rows": 1, "Plan Width": 64, "Actual Rows": 1, "Actual Loops": 1, "Plans": [{"Node Type": "Gather", "Parent Relationship": "Outer", "Parallel Aware": false, "Async Capable": false, "Startup Cost": 443650.71, "Total Cost": 443651.02, "Plan Rows": 3, "Plan Width": 64, "Actual Rows": 4, "Actual Loops": 1, "Workers Planned": 3, "Workers Launched": 3, "Single Copy": false, "Plans": [{"Node Type": "Aggregate", "Strategy": "Plain", "Partial Mode": "Partial", "Parent Relationship": "Outer", "Parallel Aware": false, "Async Capable": false, "Startup Cost": 442650.71, "Total Cost": 442650.72, "Plan Rows": 1, "Plan Width": 64, "Actual Rows": 1, "Actual Loops": 4, "Workers": [], "Plans": [{"Node Type": "Hash Join", "Parent Relationship": "Outer", "Parallel Aware": true, "Async Capable": false, "Join Type": "Inner", "Startup Cost": 426057.9, "Total Cost": 442203.61, "Plan Rows": 89421, "Plan Width": 33, "Actual Rows": 82174, "Actual Loops": 4, "Inner Unique": true, "Hash Cond": "(mc.company_id = cn.id)", "Workers": [], "Plans": [{"Node Type": "Hash Join", "Parent Relationship": "Outer", "Parallel Aware": true, "Async Capable": false, "Join Type": "Inner", "Startup Cost": 420665.66, "Total Cost": 436161.7, "Plan Rows": 247493, "Plan Width": 37, "Actual Rows": 107701, "Actual Loops": 4, "Inner Unique": false, "Hash Cond": "(an.person_id = n.id)", "Workers": [], "Plans": [{"Node Type": "Seq Scan", "Parent Relationship": "Outer", "Parallel Aware": true, "Async Capable": false, "Relation Name": "aka_name", "Alias": "an", "Startup Cost": 0.0, "Total Cost": 14323.56, "Plan Rows": 290756, "Plan Width": 20, "Actual Rows": 225336, "Actual Loops": 4, "Workers": []}, {"Node Type": "Hash", "Parent Relationship": "Inner", "Parallel Aware": true, "Async Capable": false, "Startup Cost": 419194.0, "Total Cost": 419194.0, "Plan Rows": 117733, "Plan Width": 29, "Actual Rows": 82386, "Actual Loops": 4, "Hash Buckets": 524288, "Original Hash Buckets": 524288, "Hash Batches": 1, "Original Hash Batches": 1, "Peak Memory Usage": 25440, "Workers": [], "Plans": [{"Node Type": "Hash Join", "Parent Relationship": "Outer", "Parallel Aware": true, "Async Capable": false, "Join Type": "Inner", "Startup Cost": 385444.82, "Total Cost": 419194.0, "Plan Rows": 117733, "Plan Width": 29, "Actual Rows": 82386, "Actual Loops": 4, "Inner Unique": false, "Hash Cond": "(mc.movie_id = ci.movie_id)", "Workers": [], "Plans": [{"Node Type": "Seq Scan", "Parent Relationship": "Outer", "Parallel Aware": true, "Async Capable": false, "Relation Name": "movie_companies", "Alias": "mc", "Startup Cost": 0.0, "Total Cost": 27240.55, "Plan Rows": 841655, "Plan Width": 8, "Actual Rows": 652282, "Actual Loops": 4, "Workers": []}, {"Node Type": "Hash", "Parent Relationship": "Inner", "Parallel Aware": true, "Async Capable": false, "Startup Cost": 385142.6, "Total Cost": 385142.6, "Plan Rows": 24178, "Plan Width": 33, "Actual Rows": 36378, "Actual Loops": 4, "Hash Buckets": 262144, "Original Hash Buckets": 262144, "Hash Batches": 1, "Original Hash Batches": 1, "Peak Memory Usage": 12128, "Workers": [], "Plans": [{"Node Type": "Nested Loop", "Parent Relationship": "Outer", "Parallel Aware": false, "Async Capable": false, "Join Type": "Inner", "Startup Cost": 44290.17, "Total Cost": 385142.6, "Plan Rows": 24178, "Plan Width": 33, "Actual Rows": 36378, "Actual Loops": 4, "Inner Unique": true, "Workers": [], "Plans": [{"Node Type": "Hash Join", "Parent Relationship": "Outer", "Parallel Aware": false, "Async Capable": false, "Join Type": "Inner", "Startup Cost": 44289.74, "Total Cost": 374282.77, "Plan Rows": 24178, "Plan Width": 29, "Actual Rows": 36378, "Actual Loops": 4, "Inner Unique": true, "Hash Cond": "(ci.role_id = rt.id)", "Workers": [], "Plans": [{"Node Type": "Hash Join", "Parent Relationship": "Outer", "Parallel Aware": true, "Async Capable": false, "Join Type": "Inner", "Startup Cost": 44288.57, "Total Cost": 373251.01, "Plan Rows": 290137, "Plan Width": 33, "Actual Rows": 171051, "Actual Loops": 4, "Inner Unique": true, "Hash Cond": "(ci.movie_id = t.id)", "Workers": [], "Plans": [{"Node Type": "Seq Scan", "Parent Relationship": "Outer", "Parallel Aware": true, "Async Capable": false, "Relation Name": "cast_info", "Alias": "ci", "Startup Cost": 0.0, "Total Cost": 313110.03, "Plan Rows": 6039003, "Plan Width": 12, "Actual Rows": 9061086, "Actual Loops": 4, "Workers": []}, {"Node Type": "Hash", "Parent Relationship": "Inner", "Parallel Aware": true, "Async Capable": false, "Startup Cost": 43908.97, "Total Cost": 43908.97, "Plan Rows": 30368, "Plan Width": 21, "Actual Rows": 30733, "Actual Loops": 4, "Hash Buckets": 131072, "Original Hash Buckets": 131072, "Hash Batches": 1, "Original Hash Batches": 1, "Peak Memory Usage": 8384, "Workers": [], "Plans": [{"Node Type": "Seq Scan", "Parent Relationship": "Outer", "Parallel Aware": true, "Async Capable": false, "Relation Name": "title", "Alias": "t", "Startup Cost": 0.0, "Total Cost": 43908.97, "Plan Rows": 30368, "Plan Width": 21, "Actual Rows": 30733, "Actual Loops": 4, "Filter": "(production_year <= 1932)", "Rows Removed by Filter": 601345, "Workers": []}]}]}, {"Node Type": "Hash", "Parent Relationship": "Inner", "Parallel Aware": false, "Async Capable": false, "Startup Cost": 1.15, "Total Cost": 1.15, "Plan Rows": 1, "Plan Width": 4, "Actual Rows": 1, "Actual Loops": 4, "Hash Buckets": 1024, "Original Hash Buckets": 1024, "Hash Batches": 1, "Original Hash Batches": 1, "Peak Memory Usage": 9, "Workers": [], "Plans": [{"Node Type": "Seq Scan", "Parent Relationship": "Outer", "Parallel Aware": false, "Async Capable": false, "Relation Name": "role_type", "Alias": "rt", "Startup Cost": 0.0, "Total Cost": 1.15, "Plan Rows": 1, "Plan Width": 4, "Actual Rows": 1, "Actual Loops": 4, "Filter": "((role)::text = 'actress'::text)", "Rows Removed by Filter": 11, "Workers": []}]}]}, {"Node Type": "Index Only Scan", "Parent Relationship": "Inner", "Parallel Aware": false, "Async Capable": false, "Scan Direction": "Forward", "Index Name": "name_pkey", "Relation Name": "name", "Alias": "n", "Startup Cost": 0.43, "Total Cost": 0.45, "Plan Rows": 1, "Plan Width": 4, "Actual Rows": 1, "Actual Loops": 145510, "Index Cond": "(id = ci.person_id)", "Rows Removed by Index Recheck": 0, "Heap Fetches": 0, "Workers": []}]}]}]}]}]}, {"Node Type": "Hash", "Parent Relationship": "Inner", "Parallel Aware": true, "Async Capable": false, "Startup Cost": 4767.92, "Total Cost": 4767.92, "Plan Rows": 49945, "Plan Width": 4, "Actual Rows": 21211, "Actual Loops": 4, "Hash Buckets": 131072, "Original Hash Buckets": 131072, "Hash Batches": 1, "Original Hash Batches": 1, "Peak Memory Usage": 4416, "Workers": [], "Plans": [{"Node Type": "Seq Scan", "Parent Relationship": "Outer", "Parallel Aware": true, "Async Capable": false, "Relation Name": "company_name", "Alias": "cn", "Startup Cost": 0.0, "Total Cost": 4767.92, "Plan Rows": 49945, "Plan Width": 4, "Actual Rows": 21211, "Actual Loops": 4, "Filter": "((country_code)::text = '[us]'::text)", "Rows Removed by Filter": 37538, "Workers": []}]}]}]}]}]}, "Planning Time": 5.108, "Triggers": [], "Execution Time": 3326.013}]