[{"Plan": {"Node Type": "Aggregate", "Strategy": "Plain", "Partial Mode": "Finalize", "Parallel Aware": false, "Async Capable": false, "Startup Cost": 633827.77, "Total Cost": 633827.78, "Plan Rows": 1, "Plan Width": 128, "Actual Rows": 1, "Actual Loops": 1, "Plans": [{"Node Type": "Gather", "Parent Relationship": "Outer", "Parallel Aware": false, "Async Capable": false, "Startup Cost": 633827.43, "Total Cost": 633827.74, "Plan Rows": 3, "Plan Width": 128, "Actual Rows": 4, "Actual Loops": 1, "Workers Planned": 3, "Workers Launched": 3, "Single Copy": false, "Plans": [{"Node Type": "Aggregate", "Strategy": "Plain", "Partial Mode": "Partial", "Parent Relationship": "Outer", "Parallel Aware": false, "Async Capable": false, "Startup Cost": 632827.43, "Total Cost": 632827.44, "Plan Rows": 1, "Plan Width": 128, "Actual Rows": 1, "Actual Loops": 4, "Workers": [], "Plans": [{"Node Type": "Nested Loop", "Parent Relationship": "Outer", "Parallel Aware": false, "Async Capable": false, "Join Type": "Inner", "Startup Cost": 588281.43, "Total Cost": 632827.42, "Plan Rows": 1, "Plan Width": 80, "Actual Rows": 2, "Actual Loops": 4, "Inner Unique": true, "Workers": [], "Plans": [{"Node Type": "Nested Loop", "Parent Relationship": "Outer", "Parallel Aware": false, "Async Capable": false, "Join Type": "Inner", "Startup Cost": 588281.0, "Total Cost": 632826.86, "Plan Rows": 1, "Plan Width": 69, "Actual Rows": 2, "Actual Loops": 4, "Inner Unique": true, "Workers": [], "Plans": [{"Node Type": "Hash Join", "Parent Relationship": "Outer", "Parallel Aware": true, "Async Capable": false, "Join Type": "Inner", "Startup Cost": 588280.58, "Total Cost": 632826.41, "Plan Rows": 1, "Plan Width": 73, "Actual Rows": 2230, "Actual Loops": 4, "Inner Unique": false, "Hash Cond": "(mk.movie_id = t.id)", "Workers": [], "Plans": [{"Node Type": "Seq Scan", "Parent Relationship": "Outer", "Parallel Aware": true, "Async Capable": false, "Relation Name": "movie_keyword", "Alias": "mk", "Startup Cost": 0.0, "Total Cost": 39073.32, "Plan Rows": 1459332, "Plan Width": 8, "Actual Rows": 1130982, "Actual Loops": 4, "Workers": []}, {"Node Type": "Hash", "Parent Relationship": "Inner", "Parallel Aware": true, "Async Capable": false, "Startup Cost": 588280.57, "Total Cost": 588280.57, "Plan Rows": 1, "Plan Width": 89, "Actual Rows": 34, "Actual Loops": 4, "Hash Buckets": 1024, "Original Hash Buckets": 1024, "Hash Batches": 1, "Original Hash Batches": 1, "Peak Memory Usage": 136, "Workers": [], "Plans": [{"Node Type": "Nested Loop", "Parent Relationship": "Outer", "Parallel Aware": false, "Async Capable": false, "Join Type": "Inner", "Startup Cost": 250965.34, "Total Cost": 588280.57, "Plan Rows": 1, "Plan Width": 89, "Actual Rows": 34, "Actual Loops": 4, "Inner Unique": true, "Join Filter": "(t.id = mi.movie_id)", "Rows Removed by Join Filter": 0, "Workers": [], "Plans": [{"Node Type": "Nested Loop", "Parent Relationship": "Outer", "Parallel Aware": false, "Async Capable": false, "Join Type": "Inner", "Startup Cost": 250964.91, "Total Cost": 588280.03, "Plan Rows": 1, "Plan Width": 68, "Actual Rows": 1176, "Actual Loops": 4, "Inner Unique": true, "Workers": [], "Plans": [{"Node Type": "Hash Join", "Parent Relationship": "Outer", "Parallel Aware": true, "Async Capable": false, "Join Type": "Inner", "Startup Cost": 250964.49, "Total Cost": 588279.31, "Plan Rows": 1, "Plan Width": 72, "Actual Rows": 6074, "Actual Loops": 4, "Inner Unique": false, "Hash Cond": "(ci.movie_id = mi.movie_id)", "Workers": [], "Plans": [{"Node Type": "Seq Scan", "Parent Relationship": "Outer", "Parallel Aware": true, "Async Capable": false, "Relation Name": "cast_info", "Alias": "ci", "Startup Cost": 0.0, "Total Cost": 335756.3, "Plan Rows": 415604, "Plan Width": 8, "Actual Rows": 609592, "Actual Loops": 4, "Filter": "((note)::text = ANY ('{\"(executive producer)\",\"(head writer)\",(producer)}'::text[]))", "Rows Removed by Filter": 8451494, "Workers": []}, {"Node Type": "Hash", "Parent Relationship": "Inner", "Parallel Aware": true, "Async Capable": false, "Startup Cost": 250964.48, "Total Cost": 250964.48, "Plan Rows": 1, "Plan Width": 64, "Actual Rows": 1986, "Actual Loops": 4, "Hash Buckets": 8192, "Original Hash Buckets": 1024, "Hash Batches": 1, "Original Hash Batches": 1, "Peak Memory Usage": 664, "Workers": [], "Plans": [{"Node Type": "Hash Join", "Parent Relationship": "Outer", "Parallel Aware": true, "Async Capable": false, "Join Type": "Inner", "Startup Cost": 221551.36, "Total Cost": 250964.48, "Plan Rows": 1, "Plan Width": 64, "Actual Rows": 1986, "Actual Loops": 4, "Inner Unique": false, "Hash Cond": "(mc.movie_id = mi.movie_id)", "Workers": [], "Plans": [{"Node Type": "Seq Scan", "Parent Relationship": "Outer", "Parallel Aware": true, "Async Capable": false, "Relation Name": "movie_companies", "Alias": "mc", "Startup Cost": 0.0, "Total Cost": 29344.68, "Plan Rows": 18247, "Plan Width": 8, "Actual Rows": 14293, "Actual Loops": 4, "Filter": "((note)::text ~~ '%(2006)%'::text)", "Rows Removed by Filter": 637989, "Workers": []}, {"Node Type": "Hash", "Parent Relationship": "Inner", "Parallel Aware": true, "Async Capable": false, "Startup Cost": 221551.3, "Total Cost": 221551.3, "Plan Rows": 5, "Plan Width": 56, "Actual Rows": 11395, "Actual Loops": 4, "Hash Buckets": 65536, "Original Hash Buckets": 1024, "Hash Batches": 1, "Original Hash Batches": 1, "Peak Memory Usage": 3576, "Workers": [], "Plans": [{"Node Type": "Hash Join", "Parent Relationship": "Outer", "Parallel Aware": true, "Async Capable": false, "Join Type": "Inner", "Startup Cost": 206209.86, "Total Cost": 221551.3, "Plan Rows": 5, "Plan Width": 56, "Actual Rows": 11395, "Actual Loops": 4, "Inner Unique": false, "Hash Cond": "(mi_idx.movie_id = mi.movie_id)", "Workers": [], "Plans": [{"Node Type": "Hash Join", "Parent Relationship": "Outer", "Parallel Aware": false, "Async Capable": false, "Join Type": "Inner", "Startup Cost": 2.43, "Total Cost": 15286.6, "Plan Rows": 5089, "Plan Width": 9, "Actual Rows": 114981, "Actual Loops": 4, "Inner Unique": true, "Hash Cond": "(mi_idx.info_type_id = it2.id)", "Workers": [], "Plans": [{"Node Type": "Seq Scan", "Parent Relationship": "Outer", "Parallel Aware": true, "Async Capable": false, "Relation Name": "movie_info_idx", "Alias": "mi_idx", "Startup Cost": 0.0, "Total Cost": 13718.15, "Plan Rows": 575015, "Plan Width": 13, "Actual Rows": 345009, "Actual Loops": 4, "Workers": []}, {"Node Type": "Hash", "Parent Relationship": "Inner", "Parallel Aware": false, "Async Capable": false, "Startup Cost": 2.41, "Total Cost": 2.41, "Plan Rows": 1, "Plan Width": 4, "Actual Rows": 1, "Actual Loops": 4, "Hash Buckets": 1024, "Original Hash Buckets": 1024, "Hash Batches": 1, "Original Hash Batches": 1, "Peak Memory Usage": 9, "Workers": [], "Plans": [{"Node Type": "Seq Scan", "Parent Relationship": "Outer", "Parallel Aware": false, "Async Capable": false, "Relation Name": "info_type", "Alias": "it2", "Startup Cost": 0.0, "Total Cost": 2.41, "Plan Rows": 1, "Plan Width": 4, "Actual Rows": 1, "Actual Loops": 4, "Filter": "((info)::text = 'votes'::text)", "Rows Removed by Filter": 112, "Workers": []}]}]}, {"Node Type": "Hash", "Parent Relationship": "Inner", "Parallel Aware": true, "Async Capable": false, "Startup Cost": 206205.55, "Total Cost": 206205.55, "Plan Rows": 151, "Plan Width": 47, "Actual Rows": 20357, "Actual Loops": 4, "Hash Buckets": 131072, "Original Hash Buckets": 1024, "Hash Batches": 1, "Original Hash Batches": 1, "Peak Memory Usage": 5912, "Workers": [], "Plans": [{"Node Type": "Hash Join", "Parent Relationship": "Outer", "Parallel Aware": false, "Async Capable": false, "Join Type": "Inner", "Startup Cost": 2.43, "Total Cost": 206205.55, "Plan Rows": 151, "Plan Width": 47, "Actual Rows": 20357, "Actual Loops": 4, "Inner Unique": true, "Hash Cond": "(mi.info_type_id = it1.id)", "Workers": [], "Plans": [{"Node Type": "Seq Scan", "Parent Relationship": "Outer", "Parallel Aware": true, "Async Capable": false, "Relation Name": "movie_info", "Alias": "mi", "Startup Cost": 0.0, "Total Cost": 206156.59, "Plan Rows": 17087, "Plan Width": 51, "Actual Rows": 21137, "Actual Loops": 4, "Filter": "((info)::text = ANY ('{Action,American,Bulgaria,Crime}'::text[]))", "Rows Removed by Filter": 3687793, "Workers": []}, {"Node Type": "Hash", "Parent Relationship": "Inner", "Parallel Aware": false, "Async Capable": false, "Startup Cost": 2.41, "Total Cost": 2.41, "Plan Rows": 1, "Plan Width": 4, "Actual Rows": 1, "Actual Loops": 4, "Hash Buckets": 1024, "Original Hash Buckets": 1024, "Hash Batches": 1, "Original Hash Batches": 1, "Peak Memory Usage": 9, "Workers": [], "Plans": [{"Node Type": "Seq Scan", "Parent Relationship": "Outer", "Parallel Aware": false, "Async Capable": false, "Relation Name": "info_type", "Alias": "it1", "Startup Cost": 0.0, "Total Cost": 2.41, "Plan Rows": 1, "Plan Width": 4, "Actual Rows": 1, "Actual Loops": 4, "Filter": "((info)::text = 'genres'::text)", "Rows Removed by Filter": 112, "Workers": []}]}]}]}]}]}]}]}]}, {"Node Type": "Index Scan", "Parent Relationship": "Inner", "Parallel Aware": false, "Async Capable": false, "Scan Direction": "Forward", "Index Name": "company_name_pkey", "Relation Name": "company_name", "Alias": "cn", "Startup Cost": 0.42, "Total Cost": 0.72, "Plan Rows": 1, "Plan Width": 4, "Actual Rows": 0, "Actual Loops": 24294, "Index Cond": "(id = mc.company_id)", "Rows Removed by Index Recheck": 0, "Filter": "((name)::text ~~ '%Film%'::text)", "Rows Removed by Filter": 1, "Workers": []}]}, {"Node Type": "Index Scan", "Parent Relationship": "Inner", "Parallel Aware": false, "Async Capable": false, "Scan Direction": "Forward", "Index Name": "title_pkey", "Relation Name": "title", "Alias": "t", "Startup Cost": 0.43, "Total Cost": 0.52, "Plan Rows": 1, "Plan Width": 21, "Actual Rows": 0, "Actual Loops": 4704, "Index Cond": "(id = ci.movie_id)", "Rows Removed by Index Recheck": 0, "Filter": "(production_year <= 1972)", "Rows Removed by Filter": 1, "Workers": []}]}]}]}, {"Node Type": "Index Scan", "Parent Relationship": "Inner", "Parallel Aware": false, "Async Capable": false, "Scan Direction": "Forward", "Index Name": "keyword_pkey", "Relation Name": "keyword", "Alias": "k", "Startup Cost": 0.42, "Total Cost": 0.44, "Plan Rows": 1, "Plan Width": 4, "Actual Rows": 0, "Actual Loops": 8919, "Index Cond": "(id = mk.keyword_id)", "Rows Removed by Index Recheck": 0, "Filter": "((keyword)::text = ANY ('{\"10,000-mile-club\",alienation,based-on-comic}'::text[]))", "Rows Removed by Filter": 1, "Workers": []}]}, {"Node Type": "Index Scan", "Parent Relationship": "Inner", "Parallel Aware": false, "Async Capable": false, "Scan Direction": "Forward", "Index Name": "name_pkey", "Relation Name": "name", "Alias": "n", "Startup Cost": 0.43, "Total Cost": 0.56, "Plan Rows": 1, "Plan Width": 19, "Actual Rows": 1, "Actual Loops": 6, "Index Cond": "(id = ci.person_id)", "Rows Removed by Index Recheck": 0, "Workers": []}]}]}]}]}, "Planning Time": 38.2, "Triggers": [], "Execution Time": 2820.016}, {"Plan": {"Node Type": "Aggregate", "Strategy": "Plain", "Partial Mode": "Finalize", "Parallel Aware": false, "Async Capable": false, "Startup Cost": 637562.04, "Total Cost": 637562.05, "Plan Rows": 1, "Plan Width": 128, "Actual Rows": 1, "Actual Loops": 1, "Plans": [{"Node Type": "Gather", "Parent Relationship": "Outer", "Parallel Aware": false, "Async Capable": false, "Startup Cost": 637561.7, "Total Cost": 637562.01, "Plan Rows": 3, "Plan Width": 128, "Actual Rows": 4, "Actual Loops": 1, "Workers Planned": 3, "Workers Launched": 3, "Single Copy": false, "Plans": [{"Node Type": "Aggregate", "Strategy": "Plain", "Partial Mode": "Partial", "Parent Relationship": "Outer", "Parallel Aware": false, "Async Capable": false, "Startup Cost": 636561.7, "Total Cost": 636561.71, "Plan Rows": 1, "Plan Width": 128, "Actual Rows": 1, "Actual Loops": 4, "Workers": [], "Plans": [{"Node Type": "Hash Join", "Parent Relationship": "Outer", "Parallel Aware": true, "Async Capable": false, "Join Type": "Inner", "Startup Cost": 592002.44, "Total Cost": 636561.69, "Plan Rows": 1, "Plan Width": 80, "Actual Rows": 2, "Actual Loops": 4, "Inner Unique": false, "Hash Cond": "(mi.movie_id = t.id)", "Workers": [], "Plans": [{"Node Type": "Nested Loop", "Parent Relationship": "Outer", "Parallel Aware": false, "Async Capable": false, "Join Type": "Inner", "Startup Cost": 236251.25, "Total Cost": 280810.49, "Plan Rows": 1, "Plan Width": 55, "Actual Rows": 12, "Actual Loops": 4, "Inner Unique": true, "Workers": [], "Plans": [{"Node Type": "Hash Join", "Parent Relationship": "Outer", "Parallel Aware": true, "Async Capable": false, "Join Type": "Inner", "Startup Cost": 236250.83, "Total Cost": 280796.76, "Plan Rows": 31, "Plan Width": 59, "Actual Rows": 22674, "Actual Loops": 4, "Inner Unique": false, "Hash Cond": "(mk.movie_id = mi.movie_id)", "Workers": [], "Plans": [{"Node Type": "Seq Scan", "Parent Relationship": "Outer", "Parallel Aware": true, "Async Capable": false, "Relation Name": "movie_keyword", "Alias": "mk", "Startup Cost": 0.0, "Total Cost": 39073.32, "Plan Rows": 1459332, "Plan Width": 8, "Actual Rows": 1130982, "Actual Loops": 4, "Workers": []}, {"Node Type": "Hash", "Parent Relationship": "Inner", "Parallel Aware": true, "Async Capable": false, "Startup Cost": 236250.77, "Total Cost": 236250.77, "Plan Rows": 5, "Plan Width": 51, "Actual Rows": 331, "Actual Loops": 4, "Hash Buckets": 1024, "Original Hash Buckets": 1024, "Hash Batches": 1, "Original Hash Batches": 1, "Peak Memory Usage": 136, "Workers": [], "Plans": [{"Node Type": "Nested Loop", "Parent Relationship": "Outer", "Parallel Aware": false, "Async Capable": false, "Join Type": "Inner", "Startup Cost": 206207.86, "Total Cost": 236250.77, "Plan Rows": 5, "Plan Width": 51, "Actual Rows": 331, "Actual Loops": 4, "Inner Unique": true, "Workers": [], "Plans": [{"Node Type": "Hash Join", "Parent Relationship": "Outer", "Parallel Aware": true, "Async Capable": false, "Join Type": "Inner", "Startup Cost": 206207.44, "Total Cost": 236236.42, "Plan Rows": 20, "Plan Width": 55, "Actual Rows": 2107, "Actual Loops": 4, "Inner Unique": false, "Hash Cond": "(mc.movie_id = mi.movie_id)", "Workers": [], "Plans": [{"Node Type": "Seq Scan", "Parent Relationship": "Outer", "Parallel Aware": true, "Async Capable": false, "Relation Name": "movie_companies", "Alias": "mc", "Startup Cost": 0.0, "Total Cost": 29344.68, "Plan Rows": 18247, "Plan Width": 8, "Actual Rows": 14293, "Actual Loops": 4, "Filter": "((note)::text ~~ '%(2006)%'::text)", "Rows Removed by Filter": 637989, "Workers": []}, {"Node Type": "Hash", "Parent Relationship": "Inner", "Parallel Aware": true, "Async Capable": false, "Startup Cost": 206205.55, "Total Cost": 206205.55, "Plan Rows": 151, "Plan Width": 47, "Actual Rows": 20357, "Actual Loops": 4, "Hash Buckets": 131072, "Original Hash Buckets": 1024, "Hash Batches": 1, "Original Hash Batches": 1, "Peak Memory Usage": 5912, "Workers": [], "Plans": [{"Node Type": "Hash Join", "Parent Relationship": "Outer", "Parallel Aware": false, "Async Capable": false, "Join Type": "Inner", "Startup Cost": 2.43, "Total Cost": 206205.55, "Plan Rows": 151, "Plan Width": 47, "Actual Rows": 20357, "Actual Loops": 4, "Inner Unique": true, "Hash Cond": "(mi.info_type_id = it1.id)", "Workers": [], "Plans": [{"Node Type": "Seq Scan", "Parent Relationship": "Outer", "Parallel Aware": true, "Async Capable": false, "Relation Name": "movie_info", "Alias": "mi", "Startup Cost": 0.0, "Total Cost": 206156.59, "Plan Rows": 17087, "Plan Width": 51, "Actual Rows": 21137, "Actual Loops": 4, "Filter": "((info)::text = ANY ('{Action,American,Bulgaria,Crime}'::text[]))", "Rows Removed by Filter": 3687793, "Workers": []}, {"Node Type": "Hash", "Parent Relationship": "Inner", "Parallel Aware": false, "Async Capable": false, "Startup Cost": 2.41, "Total Cost": 2.41, "Plan Rows": 1, "Plan Width": 4, "Actual Rows": 1, "Actual Loops": 4, "Hash Buckets": 1024, "Original Hash Buckets": 1024, "Hash Batches": 1, "Original Hash Batches": 1, "Peak Memory Usage": 9, "Workers": [], "Plans": [{"Node Type": "Seq Scan", "Parent Relationship": "Outer", "Parallel Aware": false, "Async Capable": false, "Relation Name": "info_type", "Alias": "it1", "Startup Cost": 0.0, "Total Cost": 2.41, "Plan Rows": 1, "Plan Width": 4, "Actual Rows": 1, "Actual Loops": 4, "Filter": "((info)::text = 'genres'::text)", "Rows Removed by Filter": 112, "Workers": []}]}]}]}]}, {"Node Type": "Index Scan", "Parent Relationship": "Inner", "Parallel Aware": false, "Async Capable": false, "Scan Direction": "Forward", "Index Name": "company_name_pkey", "Relation Name": "company_name", "Alias": "cn", "Startup Cost": 0.42, "Total Cost": 0.72, "Plan Rows": 1, "Plan Width": 4, "Actual Rows": 0, "Actual Loops": 8428, "Index Cond": "(id = mc.company_id)", "Rows Removed by Index Recheck": 0, "Filter": "((name)::text ~~ '%Film%'::text)", "Rows Removed by Filter": 1, "Workers": []}]}]}]}, {"Node Type": "Index Scan", "Parent Relationship": "Inner", "Parallel Aware": false, "Async Capable": false, "Scan Direction": "Forward", "Index Name": "keyword_pkey", "Relation Name": "keyword", "Alias": "k", "Startup Cost": 0.42, "Total Cost": 0.44, "Plan Rows": 1, "Plan Width": 4, "Actual Rows": 0, "Actual Loops": 90698, "Index Cond": "(id = mk.keyword_id)", "Rows Removed by Index Recheck": 0, "Filter": "((keyword)::text = ANY ('{\"10,000-mile-club\",alienation,based-on-comic}'::text[]))", "Rows Removed by Filter": 1, "Workers": []}]}, {"Node Type": "Hash", "Parent Relationship": "Inner", "Parallel Aware": true, "Async Capable": false, "Startup Cost": 355741.39, "Total Cost": 355741.39, "Plan Rows": 783, "Plan Width": 49, "Actual Rows": 17506, "Actual Loops": 4, "Hash Buckets": 131072, "Original Hash Buckets": 8192, "Hash Batches": 1, "Original Hash Batches": 1, "Peak Memory Usage": 8000, "Workers": [], "Plans": [{"Node Type": "Nested Loop", "Parent Relationship": "Outer", "Parallel Aware": false, "Async Capable": false, "Join Type": "Inner", "Startup Cost": 15351.07, "Total Cost": 355741.39, "Plan Rows": 783, "Plan Width": 49, "Actual Rows": 17506, "Actual Loops": 4, "Inner Unique": true, "Workers": [], "Plans": [{"Node Type": "Nested Loop", "Parent Relationship": "Outer", "Parallel Aware": false, "Async Capable": false, "Join Type": "Inner", "Startup Cost": 15350.64, "Total Cost": 355302.24, "Plan Rows": 783, "Plan Width": 38, "Actual Rows": 17506, "Actual Loops": 4, "Inner Unique": true, "Join Filter": "(t.id = mi_idx.movie_id)", "Rows Removed by Join Filter": 0, "Workers": [], "Plans": [{"Node Type": "Hash Join", "Parent Relationship": "Outer", "Parallel Aware": true, "Async Capable": false, "Join Type": "Inner", "Startup Cost": 15350.21, "Total Cost": 352685.41, "Plan Rows": 4894, "Plan Width": 17, "Actual Rows": 215914, "Actual Loops": 4, "Inner Unique": false, "Hash Cond": "(ci.movie_id = mi_idx.movie_id)", "Workers": [], "Plans": [{"Node Type": "Seq Scan", "Parent Relationship": "Outer", "Parallel Aware": true, "Async Capable": false, "Relation Name": "cast_info", "Alias": "ci", "Startup Cost": 0.0, "Total Cost": 335756.3, "Plan Rows": 415604, "Plan Width": 8, "Actual Rows": 609592, "Actual Loops": 4, "Filter": "((note)::text = ANY ('{\"(executive producer)\",\"(head writer)\",(producer)}'::text[]))", "Rows Removed by Filter": 8451494, "Workers": []}, {"Node Type": "Hash", "Parent Relationship": "Inner", "Parallel Aware": true, "Async Capable": false, "Startup Cost": 15286.6, "Total Cost": 15286.6, "Plan Rows": 5089, "Plan Width": 9, "Actual Rows": 114981, "Actual Loops": 4, "Hash Buckets": 524288, "Original Hash Buckets": 16384, "Hash Batches": 1, "Original Hash Batches": 1, "Peak Memory Usage": 26304, "Workers": [], "Plans": [{"Node Type": "Hash Join", "Parent Relationship": "Outer", "Parallel Aware": false, "Async Capable": false, "Join Type": "Inner", "Startup Cost": 2.43, "Total Cost": 15286.6, "Plan Rows": 5089, "Plan Width": 9, "Actual Rows": 114981, "Actual Loops": 4, "Inner Unique": true, "Hash Cond": "(mi_idx.info_type_id = it2.id)", "Workers": [], "Plans": [{"Node Type": "Seq Scan", "Parent Relationship": "Outer", "Parallel Aware": true, "Async Capable": false, "Relation Name": "movie_info_idx", "Alias": "mi_idx", "Startup Cost": 0.0, "Total Cost": 13718.15, "Plan Rows": 575015, "Plan Width": 13, "Actual Rows": 345009, "Actual Loops": 4, "Workers": []}, {"Node Type": "Hash", "Parent Relationship": "Inner", "Parallel Aware": false, "Async Capable": false, "Startup Cost": 2.41, "Total Cost": 2.41, "Plan Rows": 1, "Plan Width": 4, "Actual Rows": 1, "Actual Loops": 4, "Hash Buckets": 1024, "Original Hash Buckets": 1024, "Hash Batches": 1, "Original Hash Batches": 1, "Peak Memory Usage": 9, "Workers": [], "Plans": [{"Node Type": "Seq Scan", "Parent Relationship": "Outer", "Parallel Aware": false, "Async Capable": false, "Relation Name": "info_type", "Alias": "it2", "Startup Cost": 0.0, "Total Cost": 2.41, "Plan Rows": 1, "Plan Width": 4, "Actual Rows": 1, "Actual Loops": 4, "Filter": "((info)::text = 'votes'::text)", "Rows Removed by Filter": 112, "Workers": []}]}]}]}]}, {"Node Type": "Index Scan", "Parent Relationship": "Inner", "Parallel Aware": false, "Async Capable": false, "Scan Direction": "Forward", "Index Name": "title_pkey", "Relation Name": "title", "Alias": "t", "Startup Cost": 0.43, "Total Cost": 0.52, "Plan Rows": 1, "Plan Width": 21, "Actual Rows": 0, "Actual Loops": 863658, "Index Cond": "(id = ci.movie_id)", "Rows Removed by Index Recheck": 0, "Filter": "(production_year <= 1972)", "Rows Removed by Filter": 1, "Workers": []}]}, {"Node Type": "Index Scan", "Parent Relationship": "Inner", "Parallel Aware": false, "Async Capable": false, "Scan Direction": "Forward", "Index Name": "name_pkey", "Relation Name": "name", "Alias": "n", "Startup Cost": 0.43, "Total Cost": 0.56, "Plan Rows": 1, "Plan Width": 19, "Actual Rows": 1, "Actual Loops": 70022, "Index Cond": "(id = ci.person_id)", "Rows Removed by Index Recheck": 0, "Workers": []}]}]}]}]}]}]}, "Planning Time": 20.532, "Triggers": [], "Execution Time": 5842.138}, {"Plan": {"Node Type": "Aggregate", "Strategy": "Plain", "Partial Mode": "Simple", "Parallel Aware": false, "Async Capable": false, "Startup Cost": 635194.05, "Total Cost": 635194.06, "Plan Rows": 1, "Plan Width": 128, "Actual Rows": 1, "Actual Loops": 1, "Plans": [{"Node Type": "Gather", "Parent Relationship": "Outer", "Parallel Aware": false, "Async Capable": false, "Startup Cost": 428990.23, "Total Cost": 635194.04, "Plan Rows": 1, "Plan Width": 80, "Actual Rows": 6, "Actual Loops": 1, "Workers Planned": 5, "Workers Launched": 5, "Single Copy": false, "Plans": [{"Node Type": "Hash Join", "Parent Relationship": "Outer", "Parallel Aware": true, "Async Capable": false, "Join Type": "Inner", "Startup Cost": 427990.23, "Total Cost": 634193.94, "Plan Rows": 1, "Plan Width": 80, "Actual Rows": 1, "Actual Loops": 6, "Inner Unique": false, "Hash Cond": "(mi.movie_id = t.id)", "Workers": [], "Plans": [{"Node Type": "Hash Join", "Parent Relationship": "Outer", "Parallel Aware": false, "Async Capable": false, "Join Type": "Inner", "Startup Cost": 2.43, "Total Cost": 206205.55, "Plan Rows": 151, "Plan Width": 47, "Actual Rows": 13571, "Actual Loops": 6, "Inner Unique": true, "Hash Cond": "(mi.info_type_id = it1.id)", "Workers": [], "Plans": [{"Node Type": "Seq Scan", "Parent Relationship": "Outer", "Parallel Aware": true, "Async Capable": false, "Relation Name": "movie_info", "Alias": "mi", "Startup Cost": 0.0, "Total Cost": 206156.59, "Plan Rows": 17087, "Plan Width": 51, "Actual Rows": 14091, "Actual Loops": 6, "Filter": "((info)::text = ANY ('{Action,American,Bulgaria,Crime}'::text[]))", "Rows Removed by Filter": 2458529, "Workers": []}, {"Node Type": "Hash", "Parent Relationship": "Inner", "Parallel Aware": false, "Async Capable": false, "Startup Cost": 2.41, "Total Cost": 2.41, "Plan Rows": 1, "Plan Width": 4, "Actual Rows": 1, "Actual Loops": 6, "Hash Buckets": 1024, "Original Hash Buckets": 1024, "Hash Batches": 1, "Original Hash Batches": 1, "Peak Memory Usage": 9, "Workers": [], "Plans": [{"Node Type": "Seq Scan", "Parent Relationship": "Outer", "Parallel Aware": false, "Async Capable": false, "Relation Name": "info_type", "Alias": "it1", "Startup Cost": 0.0, "Total Cost": 2.41, "Plan Rows": 1, "Plan Width": 4, "Actual Rows": 1, "Actual Loops": 6, "Filter": "((info)::text = 'genres'::text)", "Rows Removed by Filter": 112, "Workers": []}]}]}, {"Node Type": "Hash", "Parent Relationship": "Inner", "Parallel Aware": true, "Async Capable": false, "Startup Cost": 427987.8, "Total Cost": 427987.8, "Plan Rows": 1, "Plan Width": 57, "Actual Rows": 2, "Actual Loops": 6, "Hash Buckets": 1024, "Original Hash Buckets": 1024, "Hash Batches": 1, "Original Hash Batches": 1, "Peak Memory Usage": 136, "Workers": [], "Plans": [{"Node Type": "Nested Loop", "Parent Relationship": "Outer", "Parallel Aware": false, "Async Capable": false, "Join Type": "Inner", "Startup Cost": 385083.04, "Total Cost": 427987.8, "Plan Rows": 1, "Plan Width": 57, "Actual Rows": 2, "Actual Loops": 6, "Inner Unique": true, "Workers": [], "Plans": [{"Node Type": "Nested Loop", "Parent Relationship": "Outer", "Parallel Aware": false, "Async Capable": false, "Join Type": "Inner", "Startup Cost": 385082.61, "Total Cost": 427987.23, "Plan Rows": 1, "Plan Width": 46, "Actual Rows": 2, "Actual Loops": 6, "Inner Unique": true, "Workers": [], "Plans": [{"Node Type": "Hash Join", "Parent Relationship": "Outer", "Parallel Aware": true, "Async Capable": false, "Join Type": "Inner", "Startup Cost": 385082.19, "Total Cost": 427986.52, "Plan Rows": 1, "Plan Width": 50, "Actual Rows": 7, "Actual Loops": 6, "Inner Unique": false, "Hash Cond": "(mk.movie_id = t.id)", "Workers": [], "Plans": [{"Node Type": "Hash Join", "Parent Relationship": "Outer", "Parallel Aware": false, "Async Capable": false, "Join Type": "Inner", "Startup Cost": 2852.88, "Total Cost": 45757.07, "Plan Rows": 33, "Plan Width": 4, "Actual Rows": 409, "Actual Loops": 6, "Inner Unique": true, "Hash Cond": "(mk.keyword_id = k.id)", "Workers": [], "Plans": [{"Node Type": "Seq Scan", "Parent Relationship": "Outer", "Parallel Aware": true, "Async Capable": false, "Relation Name": "movie_keyword", "Alias": "mk", "Startup Cost": 0.0, "Total Cost": 39073.32, "Plan Rows": 1459332, "Plan Width": 8, "Actual Rows": 753988, "Actual Loops": 6, "Workers": []}, {"Node Type": "Hash", "Parent Relationship": "Inner", "Parallel Aware": false, "Async Capable": false, "Startup Cost": 2852.84, "Total Cost": 2852.84, "Plan Rows": 3, "Plan Width": 4, "Actual Rows": 3, "Actual Loops": 6, "Hash Buckets": 1024, "Original Hash Buckets": 1024, "Hash Batches": 1, "Original Hash Batches": 1, "Peak Memory Usage": 9, "Workers": [], "Plans": [{"Node Type": "Seq Scan", "Parent Relationship": "Outer", "Parallel Aware": false, "Async Capable": false, "Relation Name": "keyword", "Alias": "k", "Startup Cost": 0.0, "Total Cost": 2852.84, "Plan Rows": 3, "Plan Width": 4, "Actual Rows": 3, "Actual Loops": 6, "Filter": "((keyword)::text = ANY ('{\"10,000-mile-club\",alienation,based-on-comic}'::text[]))", "Rows Removed by Filter": 134167, "Workers": []}]}]}, {"Node Type": "Hash", "Parent Relationship": "Inner", "Parallel Aware": true, "Async Capable": false, "Startup Cost": 382228.78, "Total Cost": 382228.78, "Plan Rows": 43, "Plan Width": 46, "Actual Rows": 698, "Actual Loops": 6, "Hash Buckets": 8192, "Original Hash Buckets": 1024, "Hash Batches": 1, "Original Hash Batches": 1, "Peak Memory Usage": 600, "Workers": [], "Plans": [{"Node Type": "Nested Loop", "Parent Relationship": "Outer", "Parallel Aware": false, "Async Capable": false, "Join Type": "Inner", "Startup Cost": 44770.1, "Total Cost": 382228.78, "Plan Rows": 43, "Plan Width": 46, "Actual Rows": 698, "Actual Loops": 6, "Inner Unique": true, "Join Filter": "(t.id = mi_idx.movie_id)", "Rows Removed by Join Filter": 0, "Workers": [], "Plans": [{"Node Type": "Hash Join", "Parent Relationship": "Outer", "Parallel Aware": true, "Async Capable": false, "Join Type": "Inner", "Startup Cost": 44769.67, "Total Cost": 382086.01, "Plan Rows": 267, "Plan Width": 25, "Actual Rows": 19324, "Actual Loops": 6, "Inner Unique": false, "Hash Cond": "(ci.movie_id = mi_idx.movie_id)", "Workers": [], "Plans": [{"Node Type": "Seq Scan", "Parent Relationship": "Outer", "Parallel Aware": true, "Async Capable": false, "Relation Name": "cast_info", "Alias": "ci", "Startup Cost": 0.0, "Total Cost": 335756.3, "Plan Rows": 415604, "Plan Width": 8, "Actual Rows": 406394, "Actual Loops": 6, "Filter": "((note)::text = ANY ('{\"(executive producer)\",\"(head writer)\",(producer)}'::text[]))", "Rows Removed by Filter": 5634330, "Workers": []}, {"Node Type": "Hash", "Parent Relationship": "Inner", "Parallel Aware": true, "Async Capable": false, "Startup Cost": 44764.91, "Total Cost": 44764.91, "Plan Rows": 381, "Plan Width": 17, "Actual Rows": 6564, "Actual Loops": 6, "Hash Buckets": 65536, "Original Hash Buckets": 2048, "Hash Batches": 1, "Original Hash Batches": 1, "Peak Memory Usage": 3024, "Workers": [], "Plans": [{"Node Type": "Hash Join", "Parent Relationship": "Outer", "Parallel Aware": true, "Async Capable": false, "Join Type": "Inner", "Startup Cost": 15350.21, "Total Cost": 44764.91, "Plan Rows": 381, "Plan Width": 17, "Actual Rows": 6564, "Actual Loops": 6, "Inner Unique": false, "Hash Cond": "(mc.movie_id = mi_idx.movie_id)", "Workers": [], "Plans": [{"Node Type": "Seq Scan", "Parent Relationship": "Outer", "Parallel Aware": true, "Async Capable": false, "Relation Name": "movie_companies", "Alias": "mc", "Startup Cost": 0.0, "Total Cost": 29344.68, "Plan Rows": 18247, "Plan Width": 8, "Actual Rows": 9529, "Actual Loops": 6, "Filter": "((note)::text ~~ '%(2006)%'::text)", "Rows Removed by Filter": 425326, "Workers": []}, {"Node Type": "Hash", "Parent Relationship": "Inner", "Parallel Aware": true, "Async Capable": false, "Startup Cost": 15286.6, "Total Cost": 15286.6, "Plan Rows": 5089, "Plan Width": 9, "Actual Rows": 76654, "Actual Loops": 6, "Hash Buckets": 524288, "Original Hash Buckets": 16384, "Hash Batches": 1, "Original Hash Batches": 1, "Peak Memory Usage": 26304, "Workers": [], "Plans": [{"Node Type": "Hash Join", "Parent Relationship": "Outer", "Parallel Aware": false, "Async Capable": false, "Join Type": "Inner", "Startup Cost": 2.43, "Total Cost": 15286.6, "Plan Rows": 5089, "Plan Width": 9, "Actual Rows": 76654, "Actual Loops": 6, "Inner Unique": true, "Hash Cond": "(mi_idx.info_type_id = it2.id)", "Workers": [], "Plans": [{"Node Type": "Seq Scan", "Parent Relationship": "Outer", "Parallel Aware": true, "Async Capable": false, "Relation Name": "movie_info_idx", "Alias": "mi_idx", "Startup Cost": 0.0, "Total Cost": 13718.15, "Plan Rows": 575015, "Plan Width": 13, "Actual Rows": 230006, "Actual Loops": 6, "Workers": []}, {"Node Type": "Hash", "Parent Relationship": "Inner", "Parallel Aware": false, "Async Capable": false, "Startup Cost": 2.41, "Total Cost": 2.41, "Plan Rows": 1, "Plan Width": 4, "Actual Rows": 1, "Actual Loops": 6, "Hash Buckets": 1024, "Original Hash Buckets": 1024, "Hash Batches": 1, "Original Hash Batches": 1, "Peak Memory Usage": 9, "Workers": [], "Plans": [{"Node Type": "Seq Scan", "Parent Relationship": "Outer", "Parallel Aware": false, "Async Capable": false, "Relation Name": "info_type", "Alias": "it2", "Startup Cost": 0.0, "Total Cost": 2.41, "Plan Rows": 1, "Plan Width": 4, "Actual Rows": 1, "Actual Loops": 6, "Filter": "((info)::text = 'votes'::text)", "Rows Removed by Filter": 112, "Workers": []}]}]}]}]}]}]}, {"Node Type": "Index Scan", "Parent Relationship": "Inner", "Parallel Aware": false, "Async Capable": false, "Scan Direction": "Forward", "Index Name": "title_pkey", "Relation Name": "title", "Alias": "t", "Startup Cost": 0.43, "Total Cost": 0.52, "Plan Rows": 1, "Plan Width": 21, "Actual Rows": 0, "Actual Loops": 115941, "Index Cond": "(id = ci.movie_id)", "Rows Removed by Index Recheck": 0, "Filter": "(production_year <= 1972)", "Rows Removed by Filter": 1, "Workers": []}]}]}]}, {"Node Type": "Index Scan", "Parent Relationship": "Inner", "Parallel Aware": false, "Async Capable": false, "Scan Direction": "Forward", "Index Name": "company_name_pkey", "Relation Name": "company_name", "Alias": "cn", "Startup Cost": 0.42, "Total Cost": 0.72, "Plan Rows": 1, "Plan Width": 4, "Actual Rows": 0, "Actual Loops": 42, "Index Cond": "(id = mc.company_id)", "Rows Removed by Index Recheck": 0, "Filter": "((name)::text ~~ '%Film%'::text)", "Rows Removed by Filter": 1, "Workers": []}]}, {"Node Type": "Index Scan", "Parent Relationship": "Inner", "Parallel Aware": false, "Async Capable": false, "Scan Direction": "Forward", "Index Name": "name_pkey", "Relation Name": "name", "Alias": "n", "Startup Cost": 0.43, "Total Cost": 0.56, "Plan Rows": 1, "Plan Width": 19, "Actual Rows": 1, "Actual Loops": 9, "Index Cond": "(id = ci.person_id)", "Rows Removed by Index Recheck": 0, "Workers": []}]}]}]}]}]}, "Planning Time": 23.986, "Triggers": [], "Execution Time": 3012.572}, {"Plan": {"Node Type": "Aggregate", "Strategy": "Plain", "Partial Mode": "Finalize", "Parallel Aware": false, "Async Capable": false, "Startup Cost": 636267.45, "Total Cost": 636267.46, "Plan Rows": 1, "Plan Width": 128, "Actual Rows": 1, "Actual Loops": 1, "Plans": [{"Node Type": "Gather", "Parent Relationship": "Outer", "Parallel Aware": false, "Async Capable": false, "Startup Cost": 636266.89, "Total Cost": 636267.4, "Plan Rows": 5, "Plan Width": 128, "Actual Rows": 6, "Actual Loops": 1, "Workers Planned": 5, "Workers Launched": 5, "Single Copy": false, "Plans": [{"Node Type": "Aggregate", "Strategy": "Plain", "Partial Mode": "Partial", "Parent Relationship": "Outer", "Parallel Aware": false, "Async Capable": false, "Startup Cost": 635266.89, "Total Cost": 635266.9, "Plan Rows": 1, "Plan Width": 128, "Actual Rows": 1, "Actual Loops": 6, "Workers": [], "Plans": [{"Node Type": "Hash Join", "Parent Relationship": "Outer", "Parallel Aware": true, "Async Capable": false, "Join Type": "Inner", "Startup Cost": 427954.62, "Total Cost": 635266.88, "Plan Rows": 1, "Plan Width": 80, "Actual Rows": 1, "Actual Loops": 6, "Inner Unique": false, "Hash Cond": "(t.id = mi_idx.movie_id)", "Workers": [], "Plans": [{"Node Type": "Nested Loop", "Parent Relationship": "Outer", "Parallel Aware": false, "Async Capable": false, "Join Type": "Inner", "Startup Cost": 29576.04, "Total Cost": 236888.29, "Plan Rows": 1, "Plan Width": 72, "Actual Rows": 21, "Actual Loops": 6, "Inner Unique": true, "Workers": [], "Plans": [{"Node Type": "Nested Loop", "Parent Relationship": "Outer", "Parallel Aware": false, "Async Capable": false, "Join Type": "Inner", "Startup Cost": 29575.61, "Total Cost": 236880.62, "Plan Rows": 3, "Plan Width": 51, "Actual Rows": 220, "Actual Loops": 6, "Inner Unique": true, "Workers": [], "Plans": [{"Node Type": "Hash Join", "Parent Relationship": "Outer", "Parallel Aware": false, "Async Capable": false, "Join Type": "Inner", "Startup Cost": 29575.19, "Total Cost": 236872.01, "Plan Rows": 12, "Plan Width": 55, "Actual Rows": 1405, "Actual Loops": 6, "Inner Unique": true, "Hash Cond": "(mi.info_type_id = it1.id)", "Workers": [], "Plans": [{"Node Type": "Hash Join", "Parent Relationship": "Outer", "Parallel Aware": true, "Async Capable": false, "Join Type": "Inner", "Startup Cost": 29572.77, "Total Cost": 236865.83, "Plan Rows": 1380, "Plan Width": 59, "Actual Rows": 1576, "Actual Loops": 6, "Inner Unique": false, "Hash Cond": "(mi.movie_id = mc.movie_id)", "Workers": [], "Plans": [{"Node Type": "Seq Scan", "Parent Relationship": "Outer", "Parallel Aware": true, "Async Capable": false, "Relation Name": "movie_info", "Alias": "mi", "Startup Cost": 0.0, "Total Cost": 206156.59, "Plan Rows": 17087, "Plan Width": 51, "Actual Rows": 14091, "Actual Loops": 6, "Filter": "((info)::text = ANY ('{Action,American,Bulgaria,Crime}'::text[]))", "Rows Removed by Filter": 2458529, "Workers": []}, {"Node Type": "Hash", "Parent Relationship": "Inner", "Parallel Aware": true, "Async Capable": false, "Startup Cost": 29344.68, "Total Cost": 29344.68, "Plan Rows": 18247, "Plan Width": 8, "Actual Rows": 9529, "Actual Loops": 6, "Hash Buckets": 65536, "Original Hash Buckets": 65536, "Hash Batches": 1, "Original Hash Batches": 1, "Peak Memory Usage": 2848, "Workers": [], "Plans": [{"Node Type": "Seq Scan", "Parent Relationship": "Outer", "Parallel Aware": true, "Async Capable": false, "Relation Name": "movie_companies", "Alias": "mc", "Startup Cost": 0.0, "Total Cost": 29344.68, "Plan Rows": 18247, "Plan Width": 8, "Actual Rows": 9529, "Actual Loops": 6, "Filter": "((note)::text ~~ '%(2006)%'::text)", "Rows Removed by Filter": 425326, "Workers": []}]}]}, {"Node Type": "Hash", "Parent Relationship": "Inner", "Parallel Aware": false, "Async Capable": false, "Startup Cost": 2.41, "Total Cost": 2.41, "Plan Rows": 1, "Plan Width": 4, "Actual Rows": 1, "Actual Loops": 6, "Hash Buckets": 1024, "Original Hash Buckets": 1024, "Hash Batches": 1, "Original Hash Batches": 1, "Peak Memory Usage": 9, "Workers": [], "Plans": [{"Node Type": "Seq Scan", "Parent Relationship": "Outer", "Parallel Aware": false, "Async Capable": false, "Relation Name": "info_type", "Alias": "it1", "Startup Cost": 0.0, "Total Cost": 2.41, "Plan Rows": 1, "Plan Width": 4, "Actual Rows": 1, "Actual Loops": 6, "Filter": "((info)::text = 'genres'::text)", "Rows Removed by Filter": 112, "Workers": []}]}]}, {"Node Type": "Index Scan", "Parent Relationship": "Inner", "Parallel Aware": false, "Async Capable": false, "Scan Direction": "Forward", "Index Name": "company_name_pkey", "Relation Name": "company_name", "Alias": "cn", "Startup Cost": 0.42, "Total Cost": 0.72, "Plan Rows": 1, "Plan Width": 4, "Actual Rows": 0, "Actual Loops": 8428, "Index Cond": "(id = mc.company_id)", "Rows Removed by Index Recheck": 0, "Filter": "((name)::text ~~ '%Film%'::text)", "Rows Removed by Filter": 1, "Workers": []}]}, {"Node Type": "Index Scan", "Parent Relationship": "Inner", "Parallel Aware": false, "Async Capable": false, "Scan Direction": "Forward", "Index Name": "title_pkey", "Relation Name": "title", "Alias": "t", "Startup Cost": 0.43, "Total Cost": 2.56, "Plan Rows": 1, "Plan Width": 21, "Actual Rows": 0, "Actual Loops": 1323, "Index Cond": "(id = mi.movie_id)", "Rows Removed by Index Recheck": 0, "Filter": "(production_year <= 1972)", "Rows Removed by Filter": 1, "Workers": []}]}, {"Node Type": "Hash", "Parent Relationship": "Inner", "Parallel Aware": true, "Async Capable": false, "Startup Cost": 398378.57, "Total Cost": 398378.57, "Plan Rows": 1, "Plan Width": 32, "Actual Rows": 545, "Actual Loops": 6, "Hash Buckets": 4096, "Original Hash Buckets": 1024, "Hash Batches": 1, "Original Hash Batches": 1, "Peak Memory Usage": 408, "Workers": [], "Plans": [{"Node Type": "Nested Loop", "Parent Relationship": "Outer", "Parallel Aware": false, "Async Capable": false, "Join Type": "Inner", "Startup Cost": 61063.62, "Total Cost": 398378.57, "Plan Rows": 1, "Plan Width": 32, "Actual Rows": 545, "Actual Loops": 6, "Inner Unique": true, "Workers": [], "Plans": [{"Node Type": "Hash Join", "Parent Relationship": "Outer", "Parallel Aware": true, "Async Capable": false, "Join Type": "Inner", "Startup Cost": 61063.19, "Total Cost": 398378.01, "Plan Rows": 1, "Plan Width": 21, "Actual Rows": 545, "Actual Loops": 6, "Inner Unique": false, "Hash Cond": "(ci.movie_id = mi_idx.movie_id)", "Workers": [], "Plans": [{"Node Type": "Seq Scan", "Parent Relationship": "Outer", "Parallel Aware": true, "Async Capable": false, "Relation Name": "cast_info", "Alias": "ci", "Startup Cost": 0.0, "Total Cost": 335756.3, "Plan Rows": 415604, "Plan Width": 8, "Actual Rows": 406394, "Actual Loops": 6, "Filter": "((note)::text = ANY ('{\"(executive producer)\",\"(head writer)\",(producer)}'::text[]))", "Rows Removed by Filter": 5634330, "Workers": []}, {"Node Type": "Hash", "Parent Relationship": "Inner", "Parallel Aware": true, "Async Capable": false, "Startup Cost": 61063.17, "Total Cost": 61063.17, "Plan Rows": 1, "Plan Width": 13, "Actual Rows": 300, "Actual Loops": 6, "Hash Buckets": 1024, "Original Hash Buckets": 1024, "Hash Batches": 1, "Original Hash Batches": 1, "Peak Memory Usage": 200, "Workers": [], "Plans": [{"Node Type": "Hash Join", "Parent Relationship": "Outer", "Parallel Aware": true, "Async Capable": false, "Join Type": "Inner", "Startup Cost": 45759.9, "Total Cost": 61063.17, "Plan Rows": 1, "Plan Width": 13, "Actual Rows": 300, "Actual Loops": 6, "Inner Unique": false, "Hash Cond": "(mi_idx.movie_id = mk.movie_id)", "Workers": [], "Plans": [{"Node Type": "Hash Join", "Parent Relationship": "Outer", "Parallel Aware": false, "Async Capable": false, "Join Type": "Inner", "Startup Cost": 2.43, "Total Cost": 15286.6, "Plan Rows": 5089, "Plan Width": 9, "Actual Rows": 76654, "Actual Loops": 6, "Inner Unique": true, "Hash Cond": "(mi_idx.info_type_id = it2.id)", "Workers": [], "Plans": [{"Node Type": "Seq Scan", "Parent Relationship": "Outer", "Parallel Aware": true, "Async Capable": false, "Relation Name": "movie_info_idx", "Alias": "mi_idx", "Startup Cost": 0.0, "Total Cost": 13718.15, "Plan Rows": 575015, "Plan Width": 13, "Actual Rows": 230006, "Actual Loops": 6, "Workers": []}, {"Node Type": "Hash", "Parent Relationship": "Inner", "Parallel Aware": false, "Async Capable": false, "Startup Cost": 2.41, "Total Cost": 2.41, "Plan Rows": 1, "Plan Width": 4, "Actual Rows": 1, "Actual Loops": 6, "Hash Buckets": 1024, "Original Hash Buckets": 1024, "Hash Batches": 1, "Original Hash Batches": 1, "Peak Memory Usage": 9, "Workers": [], "Plans": [{"Node Type": "Seq Scan", "Parent Relationship": "Outer", "Parallel Aware": false, "Async Capable": false, "Relation Name": "info_type", "Alias": "it2", "Startup Cost": 0.0, "Total Cost": 2.41, "Plan Rows": 1, "Plan Width": 4, "Actual Rows": 1, "Actual Loops": 6, "Filter": "((info)::text = 'votes'::text)", "Rows Removed by Filter": 112, "Workers": []}]}]}, {"Node Type": "Hash", "Parent Relationship": "Inner", "Parallel Aware": true, "Async Capable": false, "Startup Cost": 45757.07, "Total Cost": 45757.07, "Plan Rows": 33, "Plan Width": 4, "Actual Rows": 409, "Actual Loops": 6, "Hash Buckets": 1024, "Original Hash Buckets": 1024, "Hash Batches": 1, "Original Hash Batches": 1, "Peak Memory Usage": 200, "Workers": [], "Plans": [{"Node Type": "Hash Join", "Parent Relationship": "Outer", "Parallel Aware": false, "Async Capable": false, "Join Type": "Inner", "Startup Cost": 2852.88, "Total Cost": 45757.07, "Plan Rows": 33, "Plan Width": 4, "Actual Rows": 409, "Actual Loops": 6, "Inner Unique": true, "Hash Cond": "(mk.keyword_id = k.id)", "Workers": [], "Plans": [{"Node Type": "Seq Scan", "Parent Relationship": "Outer", "Parallel Aware": true, "Async Capable": false, "Relation Name": "movie_keyword", "Alias": "mk", "Startup Cost": 0.0, "Total Cost": 39073.32, "Plan Rows": 1459332, "Plan Width": 8, "Actual Rows": 753988, "Actual Loops": 6, "Workers": []}, {"Node Type": "Hash", "Parent Relationship": "Inner", "Parallel Aware": false, "Async Capable": false, "Startup Cost": 2852.84, "Total Cost": 2852.84, "Plan Rows": 3, "Plan Width": 4, "Actual Rows": 3, "Actual Loops": 6, "Hash Buckets": 1024, "Original Hash Buckets": 1024, "Hash Batches": 1, "Original Hash Batches": 1, "Peak Memory Usage": 9, "Workers": [], "Plans": [{"Node Type": "Seq Scan", "Parent Relationship": "Outer", "Parallel Aware": false, "Async Capable": false, "Relation Name": "keyword", "Alias": "k", "Startup Cost": 0.0, "Total Cost": 2852.84, "Plan Rows": 3, "Plan Width": 4, "Actual Rows": 3, "Actual Loops": 6, "Filter": "((keyword)::text = ANY ('{\"10,000-mile-club\",alienation,based-on-comic}'::text[]))", "Rows Removed by Filter": 134167, "Workers": []}]}]}]}]}]}]}, {"Node Type": "Index Scan", "Parent Relationship": "Inner", "Parallel Aware": false, "Async Capable": false, "Scan Direction": "Forward", "Index Name": "name_pkey", "Relation Name": "name", "Alias": "n", "Startup Cost": 0.43, "Total Cost": 0.56, "Plan Rows": 1, "Plan Width": 19, "Actual Rows": 1, "Actual Loops": 3269, "Index Cond": "(id = ci.person_id)", "Rows Removed by Index Recheck": 0, "Workers": []}]}]}]}]}]}]}, "Planning Time": 23.2, "Triggers": [], "Execution Time": 2041.256}, {"Plan": {"Node Type": "Aggregate", "Strategy": "Plain", "Partial Mode": "Finalize", "Parallel Aware": false, "Async Capable": false, "Startup Cost": 648357.38, "Total Cost": 648357.39, "Plan Rows": 1, "Plan Width": 128, "Actual Rows": 1, "Actual Loops": 1, "Plans": [{"Node Type": "Gather", "Parent Relationship": "Outer", "Parallel Aware": false, "Async Capable": false, "Startup Cost": 648356.71, "Total Cost": 648357.32, "Plan Rows": 6, "Plan Width": 128, "Actual Rows": 7, "Actual Loops": 1, "Workers Planned": 6, "Workers Launched": 6, "Single Copy": false, "Plans": [{"Node Type": "Aggregate", "Strategy": "Plain", "Partial Mode": "Partial", "Parent Relationship": "Outer", "Parallel Aware": false, "Async Capable": false, "Startup Cost": 647356.71, "Total Cost": 647356.72, "Plan Rows": 1, "Plan Width": 128, "Actual Rows": 1, "Actual Loops": 7, "Workers": [], "Plans": [{"Node Type": "Hash Join", "Parent Relationship": "Outer", "Parallel Aware": true, "Async Capable": false, "Join Type": "Inner", "Startup Cost": 295843.99, "Total Cost": 647356.7, "Plan Rows": 1, "Plan Width": 80, "Actual Rows": 1, "Actual Loops": 7, "Inner Unique": false, "Hash Cond": "(mi.movie_id = t.id)", "Workers": [], "Plans": [{"Node Type": "Nested Loop", "Parent Relationship": "Outer", "Parallel Aware": false, "Async Capable": false, "Join Type": "Inner", "Startup Cost": 206207.87, "Total Cost": 557719.44, "Plan Rows": 303, "Plan Width": 66, "Actual Rows": 17504, "Actual Loops": 7, "Inner Unique": true, "Workers": [], "Plans": [{"Node Type": "Hash Join", "Parent Relationship": "Outer", "Parallel Aware": true, "Async Capable": false, "Join Type": "Inner", "Startup Cost": 206207.44, "Total Cost": 557549.5, "Plan Rows": 303, "Plan Width": 55, "Actual Rows": 17504, "Actual Loops": 7, "Inner Unique": false, "Hash Cond": "(ci.movie_id = mi.movie_id)", "Workers": [], "Plans": [{"Node Type": "Seq Scan", "Parent Relationship": "Outer", "Parallel Aware": true, "Async Capable": false, "Relation Name": "cast_info", "Alias": "ci", "Startup Cost": 0.0, "Total Cost": 335756.3, "Plan Rows": 415604, "Plan Width": 8, "Actual Rows": 348338, "Actual Loops": 7, "Filter": "((note)::text = ANY ('{\"(executive producer)\",\"(head writer)\",(producer)}'::text[]))", "Rows Removed by Filter": 4829425, "Workers": []}, {"Node Type": "Hash", "Parent Relationship": "Inner", "Parallel Aware": true, "Async Capable": false, "Startup Cost": 206205.55, "Total Cost": 206205.55, "Plan Rows": 151, "Plan Width": 47, "Actual Rows": 11632, "Actual Loops": 7, "Hash Buckets": 131072, "Original Hash Buckets": 1024, "Hash Batches": 1, "Original Hash Batches": 1, "Peak Memory Usage": 5976, "Workers": [], "Plans": [{"Node Type": "Hash Join", "Parent Relationship": "Outer", "Parallel Aware": false, "Async Capable": false, "Join Type": "Inner", "Startup Cost": 2.43, "Total Cost": 206205.55, "Plan Rows": 151, "Plan Width": 47, "Actual Rows": 11632, "Actual Loops": 7, "Inner Unique": true, "Hash Cond": "(mi.info_type_id = it1.id)", "Workers": [], "Plans": [{"Node Type": "Seq Scan", "Parent Relationship": "Outer", "Parallel Aware": true, "Async Capable": false, "Relation Name": "movie_info", "Alias": "mi", "Startup Cost": 0.0, "Total Cost": 206156.59, "Plan Rows": 17087, "Plan Width": 51, "Actual Rows": 12078, "Actual Loops": 7, "Filter": "((info)::text = ANY ('{Action,American,Bulgaria,Crime}'::text[]))", "Rows Removed by Filter": 2107310, "Workers": []}, {"Node Type": "Hash", "Parent Relationship": "Inner", "Parallel Aware": false, "Async Capable": false, "Startup Cost": 2.41, "Total Cost": 2.41, "Plan Rows": 1, "Plan Width": 4, "Actual Rows": 1, "Actual Loops": 7, "Hash Buckets": 1024, "Original Hash Buckets": 1024, "Hash Batches": 1, "Original Hash Batches": 1, "Peak Memory Usage": 9, "Workers": [], "Plans": [{"Node Type": "Seq Scan", "Parent Relationship": "Outer", "Parallel Aware": false, "Async Capable": false, "Relation Name": "info_type", "Alias": "it1", "Startup Cost": 0.0, "Total Cost": 2.41, "Plan Rows": 1, "Plan Width": 4, "Actual Rows": 1, "Actual Loops": 7, "Filter": "((info)::text = 'genres'::text)", "Rows Removed by Filter": 112, "Workers": []}]}]}]}]}, {"Node Type": "Index Scan", "Parent Relationship": "Inner", "Parallel Aware": false, "Async Capable": false, "Scan Direction": "Forward", "Index Name": "name_pkey", "Relation Name": "name", "Alias": "n", "Startup Cost": 0.43, "Total Cost": 0.56, "Plan Rows": 1, "Plan Width": 19, "Actual Rows": 1, "Actual Loops": 122526, "Index Cond": "(id = ci.person_id)", "Rows Removed by Index Recheck": 0, "Workers": []}]}, {"Node Type": "Hash", "Parent Relationship": "Inner", "Parallel Aware": true, "Async Capable": false, "Startup Cost": 89636.1, "Total Cost": 89636.1, "Plan Rows": 1, "Plan Width": 38, "Actual Rows": 1, "Actual Loops": 7, "Hash Buckets": 1024, "Original Hash Buckets": 1024, "Hash Batches": 1, "Original Hash Batches": 1, "Peak Memory Usage": 168, "Workers": [], "Plans": [{"Node Type": "Nested Loop", "Parent Relationship": "Outer", "Parallel Aware": false, "Async Capable": false, "Join Type": "Inner", "Startup Cost": 45030.42, "Total Cost": 89636.1, "Plan Rows": 1, "Plan Width": 38, "Actual Rows": 1, "Actual Loops": 7, "Inner Unique": true, "Workers": [], "Plans": [{"Node Type": "Hash Join", "Parent Relationship": "Outer", "Parallel Aware": true, "Async Capable": false, "Join Type": "Inner", "Startup Cost": 45030.0, "Total Cost": 89575.9, "Plan Rows": 136, "Plan Width": 42, "Actual Rows": 3012, "Actual Loops": 7, "Inner Unique": false, "Hash Cond": "(mk.movie_id = t.id)", "Workers": [], "Plans": [{"Node Type": "Seq Scan", "Parent Relationship": "Outer", "Parallel Aware": true, "Async Capable": false, "Relation Name": "movie_keyword", "Alias": "mk", "Startup Cost": 0.0, "Total Cost": 39073.32, "Plan Rows": 1459332, "Plan Width": 8, "Actual Rows": 646276, "Actual Loops": 7, "Workers": []}, {"Node Type": "Hash", "Parent Relationship": "Inner", "Parallel Aware": true, "Async Capable": false, "Startup Cost": 45029.83, "Total Cost": 45029.83, "Plan Rows": 14, "Plan Width": 34, "Actual Rows": 76, "Actual Loops": 7, "Hash Buckets": 1024, "Original Hash Buckets": 1024, "Hash Batches": 1, "Original Hash Batches": 1, "Peak Memory Usage": 232, "Workers": [], "Plans": [{"Node Type": "Nested Loop", "Parent Relationship": "Outer", "Parallel Aware": false, "Async Capable": false, "Join Type": "Inner", "Startup Cost": 15351.06, "Total Cost": 45029.83, "Plan Rows": 14, "Plan Width": 34, "Actual Rows": 76, "Actual Loops": 7, "Inner Unique": true, "Workers": [], "Plans": [{"Node Type": "Nested Loop", "Parent Relationship": "Outer", "Parallel Aware": false, "Async Capable": false, "Join Type": "Inner", "Startup Cost": 15350.64, "Total Cost": 44986.07, "Plan Rows": 61, "Plan Width": 38, "Actual Rows": 648, "Actual Loops": 7, "Inner Unique": true, "Workers": [], "Plans": [{"Node Type": "Hash Join", "Parent Relationship": "Outer", "Parallel Aware": true, "Async Capable": false, "Join Type": "Inner", "Startup Cost": 15350.21, "Total Cost": 44764.91, "Plan Rows": 381, "Plan Width": 17, "Actual Rows": 5626, "Actual Loops": 7, "Inner Unique": false, "Hash Cond": "(mc.movie_id = mi_idx.movie_id)", "Workers": [], "Plans": [{"Node Type": "Seq Scan", "Parent Relationship": "Outer", "Parallel Aware": true, "Async Capable": false, "Relation Name": "movie_companies", "Alias": "mc", "Startup Cost": 0.0, "Total Cost": 29344.68, "Plan Rows": 18247, "Plan Width": 8, "Actual Rows": 8168, "Actual Loops": 7, "Filter": "((note)::text ~~ '%(2006)%'::text)", "Rows Removed by Filter": 364565, "Workers": []}, {"Node Type": "Hash", "Parent Relationship": "Inner", "Parallel Aware": true, "Async Capable": false, "Startup Cost": 15286.6, "Total Cost": 15286.6, "Plan Rows": 5089, "Plan Width": 9, "Actual Rows": 65704, "Actual Loops": 7, "Hash Buckets": 524288, "Original Hash Buckets": 16384, "Hash Batches": 1, "Original Hash Batches": 1, "Peak Memory Usage": 26336, "Workers": [], "Plans": [{"Node Type": "Hash Join", "Parent Relationship": "Outer", "Parallel Aware": false, "Async Capable": false, "Join Type": "Inner", "Startup Cost": 2.43, "Total Cost": 15286.6, "Plan Rows": 5089, "Plan Width": 9, "Actual Rows": 65704, "Actual Loops": 7, "Inner Unique": true, "Hash Cond": "(mi_idx.info_type_id = it2.id)", "Workers": [], "Plans": [{"Node Type": "Seq Scan", "Parent Relationship": "Outer", "Parallel Aware": true, "Async Capable": false, "Relation Name": "movie_info_idx", "Alias": "mi_idx", "Startup Cost": 0.0, "Total Cost": 13718.15, "Plan Rows": 575015, "Plan Width": 13, "Actual Rows": 197148, "Actual Loops": 7, "Workers": []}, {"Node Type": "Hash", "Parent Relationship": "Inner", "Parallel Aware": false, "Async Capable": false, "Startup Cost": 2.41, "Total Cost": 2.41, "Plan Rows": 1, "Plan Width": 4, "Actual Rows": 1, "Actual Loops": 7, "Hash Buckets": 1024, "Original Hash Buckets": 1024, "Hash Batches": 1, "Original Hash Batches": 1, "Peak Memory Usage": 9, "Workers": [], "Plans": [{"Node Type": "Seq Scan", "Parent Relationship": "Outer", "Parallel Aware": false, "Async Capable": false, "Relation Name": "info_type", "Alias": "it2", "Startup Cost": 0.0, "Total Cost": 2.41, "Plan Rows": 1, "Plan Width": 4, "Actual Rows": 1, "Actual Loops": 7, "Filter": "((info)::text = 'votes'::text)", "Rows Removed by Filter": 112, "Workers": []}]}]}]}]}, {"Node Type": "Index Scan", "Parent Relationship": "Inner", "Parallel Aware": false, "Async Capable": false, "Scan Direction": "Forward", "Index Name": "title_pkey", "Relation Name": "title", "Alias": "t", "Startup Cost": 0.43, "Total Cost": 0.58, "Plan Rows": 1, "Plan Width": 21, "Actual Rows": 0, "Actual Loops": 39382, "Index Cond": "(id = mi_idx.movie_id)", "Rows Removed by Index Recheck": 0, "Filter": "(production_year <= 1972)", "Rows Removed by Filter": 1, "Workers": []}]}, {"Node Type": "Index Scan", "Parent Relationship": "Inner", "Parallel Aware": false, "Async Capable": false, "Scan Direction": "Forward", "Index Name": "company_name_pkey", "Relation Name": "company_name", "Alias": "cn", "Startup Cost": 0.42, "Total Cost": 0.72, "Plan Rows": 1, "Plan Width": 4, "Actual Rows": 0, "Actual Loops": 4536, "Index Cond": "(id = mc.company_id)", "Rows Removed by Index Recheck": 0, "Filter": "((name)::text ~~ '%Film%'::text)", "Rows Removed by Filter": 1, "Workers": []}]}]}]}, {"Node Type": "Index Scan", "Parent Relationship": "Inner", "Parallel Aware": false, "Async Capable": false, "Scan Direction": "Forward", "Index Name": "keyword_pkey", "Relation Name": "keyword", "Alias": "k", "Startup Cost": 0.42, "Total Cost": 0.44, "Plan Rows": 1, "Plan Width": 4, "Actual Rows": 0, "Actual Loops": 21082, "Index Cond": "(id = mk.keyword_id)", "Rows Removed by Index Recheck": 0, "Filter": "((keyword)::text = ANY ('{\"10,000-mile-club\",alienation,based-on-comic}'::text[]))", "Rows Removed by Filter": 1, "Workers": []}]}]}]}]}]}]}, "Planning Time": 22.743, "Triggers": [], "Execution Time": 1586.905}, {"Plan": {"Node Type": "Aggregate", "Strategy": "Plain", "Partial Mode": "Simple", "Parallel Aware": false, "Async Capable": false, "Startup Cost": 679342.62, "Total Cost": 679342.63, "Plan Rows": 1, "Plan Width": 128, "Actual Rows": 1, "Actual Loops": 1, "Plans": [{"Node Type": "Gather", "Parent Relationship": "Outer", "Parallel Aware": false, "Async Capable": false, "Startup Cost": 635054.26, "Total Cost": 679342.61, "Plan Rows": 1, "Plan Width": 80, "Actual Rows": 6, "Actual Loops": 1, "Workers Planned": 4, "Workers Launched": 4, "Single Copy": false, "Plans": [{"Node Type": "Hash Join", "Parent Relationship": "Outer", "Parallel Aware": true, "Async Capable": false, "Join Type": "Inner", "Startup Cost": 634054.26, "Total Cost": 678342.51, "Plan Rows": 1, "Plan Width": 80, "Actual Rows": 1, "Actual Loops": 5, "Inner Unique": false, "Hash Cond": "(t.id = mi.movie_id)", "Workers": [], "Plans": [{"Node Type": "Seq Scan", "Parent Relationship": "Outer", "Parallel Aware": true, "Async Capable": false, "Relation Name": "title", "Alias": "t", "Startup Cost": 0.0, "Total Cost": 43908.97, "Plan Rows": 101136, "Plan Width": 21, "Actual Rows": 81899, "Actual Loops": 5, "Filter": "(production_year <= 1972)", "Rows Removed by Filter": 423763, "Workers": []}, {"Node Type": "Hash", "Parent Relationship": "Inner", "Parallel Aware": true, "Async Capable": false, "Startup Cost": 634054.25, "Total Cost": 634054.25, "Plan Rows": 1, "Plan Width": 83, "Actual Rows": 35, "Actual Loops": 5, "Hash Buckets": 1024, "Original Hash Buckets": 1024, "Hash Batches": 1, "Original Hash Batches": 1, "Peak Memory Usage": 168, "Workers": [], "Plans": [{"Node Type": "Nested Loop", "Parent Relationship": "Outer", "Parallel Aware": false, "Async Capable": false, "Join Type": "Inner", "Startup Cost": 427850.11, "Total Cost": 634054.25, "Plan Rows": 1, "Plan Width": 83, "Actual Rows": 35, "Actual Loops": 5, "Inner Unique": true, "Workers": [], "Plans": [{"Node Type": "Nested Loop", "Parent Relationship": "Outer", "Parallel Aware": false, "Async Capable": false, "Join Type": "Inner", "Startup Cost": 427849.68, "Total Cost": 634053.69, "Plan Rows": 1, "Plan Width": 72, "Actual Rows": 35, "Actual Loops": 5, "Inner Unique": true, "Workers": [], "Plans": [{"Node Type": "Hash Join", "Parent Relationship": "Outer", "Parallel Aware": true, "Async Capable": false, "Join Type": "Inner", "Startup Cost": 427849.26, "Total Cost": 634052.97, "Plan Rows": 1, "Plan Width": 76, "Actual Rows": 235, "Actual Loops": 5, "Inner Unique": false, "Hash Cond": "(mi.movie_id = mi_idx.movie_id)", "Workers": [], "Plans": [{"Node Type": "Hash Join", "Parent Relationship": "Outer", "Parallel Aware": true, "Async Capable": false, "Join Type": "Inner", "Startup Cost": 45759.9, "Total Cost": 251963.61, "Plan Rows": 1, "Plan Width": 51, "Actual Rows": 203, "Actual Loops": 5, "Inner Unique": false, "Hash Cond": "(mi.movie_id = mk.movie_id)", "Workers": [], "Plans": [{"Node Type": "Hash Join", "Parent Relationship": "Outer", "Parallel Aware": false, "Async Capable": false, "Join Type": "Inner", "Startup Cost": 2.43, "Total Cost": 206205.55, "Plan Rows": 151, "Plan Width": 47, "Actual Rows": 16285, "Actual Loops": 5, "Inner Unique": true, "Hash Cond": "(mi.info_type_id = it1.id)", "Workers": [], "Plans": [{"Node Type": "Seq Scan", "Parent Relationship": "Outer", "Parallel Aware": true, "Async Capable": false, "Relation Name": "movie_info", "Alias": "mi", "Startup Cost": 0.0, "Total Cost": 206156.59, "Plan Rows": 17087, "Plan Width": 51, "Actual Rows": 16909, "Actual Loops": 5, "Filter": "((info)::text = ANY ('{Action,American,Bulgaria,Crime}'::text[]))", "Rows Removed by Filter": 2950235, "Workers": []}, {"Node Type": "Hash", "Parent Relationship": "Inner", "Parallel Aware": false, "Async Capable": false, "Startup Cost": 2.41, "Total Cost": 2.41, "Plan Rows": 1, "Plan Width": 4, "Actual Rows": 1, "Actual Loops": 5, "Hash Buckets": 1024, "Original Hash Buckets": 1024, "Hash Batches": 1, "Original Hash Batches": 1, "Peak Memory Usage": 9, "Workers": [], "Plans": [{"Node Type": "Seq Scan", "Parent Relationship": "Outer", "Parallel Aware": false, "Async Capable": false, "Relation Name": "info_type", "Alias": "it1", "Startup Cost": 0.0, "Total Cost": 2.41, "Plan Rows": 1, "Plan Width": 4, "Actual Rows": 1, "Actual Loops": 5, "Filter": "((info)::text = 'genres'::text)", "Rows Removed by Filter": 112, "Workers": []}]}]}, {"Node Type": "Hash", "Parent Relationship": "Inner", "Parallel Aware": true, "Async Capable": false, "Startup Cost": 45757.07, "Total Cost": 45757.07, "Plan Rows": 33, "Plan Width": 4, "Actual Rows": 491, "Actual Loops": 5, "Hash Buckets": 1024, "Original Hash Buckets": 1024, "Hash Batches": 1, "Original Hash Batches": 1, "Peak Memory Usage": 168, "Workers": [], "Plans": [{"Node Type": "Hash Join", "Parent Relationship": "Outer", "Parallel Aware": false, "Async Capable": false, "Join Type": "Inner", "Startup Cost": 2852.88, "Total Cost": 45757.07, "Plan Rows": 33, "Plan Width": 4, "Actual Rows": 491, "Actual Loops": 5, "Inner Unique": true, "Hash Cond": "(mk.keyword_id = k.id)", "Workers": [], "Plans": [{"Node Type": "Seq Scan", "Parent Relationship": "Outer", "Parallel Aware": true, "Async Capable": false, "Relation Name": "movie_keyword", "Alias": "mk", "Startup Cost": 0.0, "Total Cost": 39073.32, "Plan Rows": 1459332, "Plan Width": 8, "Actual Rows": 904786, "Actual Loops": 5, "Workers": []}, {"Node Type": "Hash", "Parent Relationship": "Inner", "Parallel Aware": false, "Async Capable": false, "Startup Cost": 2852.84, "Total Cost": 2852.84, "Plan Rows": 3, "Plan Width": 4, "Actual Rows": 3, "Actual Loops": 5, "Hash Buckets": 1024, "Original Hash Buckets": 1024, "Hash Batches": 1, "Original Hash Batches": 1, "Peak Memory Usage": 9, "Workers": [], "Plans": [{"Node Type": "Seq Scan", "Parent Relationship": "Outer", "Parallel Aware": false, "Async Capable": false, "Relation Name": "keyword", "Alias": "k", "Startup Cost": 0.0, "Total Cost": 2852.84, "Plan Rows": 3, "Plan Width": 4, "Actual Rows": 3, "Actual Loops": 5, "Filter": "((keyword)::text = ANY ('{\"10,000-mile-club\",alienation,based-on-comic}'::text[]))", "Rows Removed by Filter": 134167, "Workers": []}]}]}]}]}, {"Node Type": "Hash", "Parent Relationship": "Inner", "Parallel Aware": true, "Async Capable": false, "Startup Cost": 382086.01, "Total Cost": 382086.01, "Plan Rows": 267, "Plan Width": 25, "Actual Rows": 23188, "Actual Loops": 5, "Hash Buckets": 131072, "Original Hash Buckets": 2048, "Hash Batches": 1, "Original Hash Batches": 1, "Peak Memory Usage": 8848, "Workers": [], "Plans": [{"Node Type": "Hash Join", "Parent Relationship": "Outer", "Parallel Aware": true, "Async Capable": false, "Join Type": "Inner", "Startup Cost": 44769.67, "Total Cost": 382086.01, "Plan Rows": 267, "Plan Width": 25, "Actual Rows": 23188, "Actual Loops": 5, "Inner Unique": false, "Hash Cond": "(ci.movie_id = mi_idx.movie_id)", "Workers": [], "Plans": [{"Node Type": "Seq Scan", "Parent Relationship": "Outer", "Parallel Aware": true, "Async Capable": false, "Relation Name": "cast_info", "Alias": "ci", "Startup Cost": 0.0, "Total Cost": 335756.3, "Plan Rows": 415604, "Plan Width": 8, "Actual Rows": 487673, "Actual Loops": 5, "Filter": "((note)::text = ANY ('{\"(executive producer)\",\"(head writer)\",(producer)}'::text[]))", "Rows Removed by Filter": 6761196, "Workers": []}, {"Node Type": "Hash", "Parent Relationship": "Inner", "Parallel Aware": true, "Async Capable": false, "Startup Cost": 44764.91, "Total Cost": 44764.91, "Plan Rows": 381, "Plan Width": 17, "Actual Rows": 7876, "Actual Loops": 5, "Hash Buckets": 65536, "Original Hash Buckets": 2048, "Hash Batches": 1, "Original Hash Batches": 1, "Peak Memory Usage": 3088, "Workers": [], "Plans": [{"Node Type": "Hash Join", "Parent Relationship": "Outer", "Parallel Aware": true, "Async Capable": false, "Join Type": "Inner", "Startup Cost": 15350.21, "Total Cost": 44764.91, "Plan Rows": 381, "Plan Width": 17, "Actual Rows": 7876, "Actual Loops": 5, "Inner Unique": false, "Hash Cond": "(mc.movie_id = mi_idx.movie_id)", "Workers": [], "Plans": [{"Node Type": "Seq Scan", "Parent Relationship": "Outer", "Parallel Aware": true, "Async Capable": false, "Relation Name": "movie_companies", "Alias": "mc", "Startup Cost": 0.0, "Total Cost": 29344.68, "Plan Rows": 18247, "Plan Width": 8, "Actual Rows": 11435, "Actual Loops": 5, "Filter": "((note)::text ~~ '%(2006)%'::text)", "Rows Removed by Filter": 510391, "Workers": []}, {"Node Type": "Hash", "Parent Relationship": "Inner", "Parallel Aware": true, "Async Capable": false, "Startup Cost": 15286.6, "Total Cost": 15286.6, "Plan Rows": 5089, "Plan Width": 9, "Actual Rows": 91985, "Actual Loops": 5, "Hash Buckets": 524288, "Original Hash Buckets": 16384, "Hash Batches": 1, "Original Hash Batches": 1, "Peak Memory Usage": 26272, "Workers": [], "Plans": [{"Node Type": "Hash Join", "Parent Relationship": "Outer", "Parallel Aware": false, "Async Capable": false, "Join Type": "Inner", "Startup Cost": 2.43, "Total Cost": 15286.6, "Plan Rows": 5089, "Plan Width": 9, "Actual Rows": 91985, "Actual Loops": 5, "Inner Unique": true, "Hash Cond": "(mi_idx.info_type_id = it2.id)", "Workers": [], "Plans": [{"Node Type": "Seq Scan", "Parent Relationship": "Outer", "Parallel Aware": true, "Async Capable": false, "Relation Name": "movie_info_idx", "Alias": "mi_idx", "Startup Cost": 0.0, "Total Cost": 13718.15, "Plan Rows": 575015, "Plan Width": 13, "Actual Rows": 276007, "Actual Loops": 5, "Workers": []}, {"Node Type": "Hash", "Parent Relationship": "Inner", "Parallel Aware": false, "Async Capable": false, "Startup Cost": 2.41, "Total Cost": 2.41, "Plan Rows": 1, "Plan Width": 4, "Actual Rows": 1, "Actual Loops": 5, "Hash Buckets": 1024, "Original Hash Buckets": 1024, "Hash Batches": 1, "Original Hash Batches": 1, "Peak Memory Usage": 9, "Workers": [], "Plans": [{"Node Type": "Seq Scan", "Parent Relationship": "Outer", "Parallel Aware": false, "Async Capable": false, "Relation Name": "info_type", "Alias": "it2", "Startup Cost": 0.0, "Total Cost": 2.41, "Plan Rows": 1, "Plan Width": 4, "Actual Rows": 1, "Actual Loops": 5, "Filter": "((info)::text = 'votes'::text)", "Rows Removed by Filter": 112, "Workers": []}]}]}]}]}]}]}]}]}, {"Node Type": "Index Scan", "Parent Relationship": "Inner", "Parallel Aware": false, "Async Capable": false, "Scan Direction": "Forward", "Index Name": "company_name_pkey", "Relation Name": "company_name", "Alias": "cn", "Startup Cost": 0.42, "Total Cost": 0.72, "Plan Rows": 1, "Plan Width": 4, "Actual Rows": 0, "Actual Loops": 1174, "Index Cond": "(id = mc.company_id)", "Rows Removed by Index Recheck": 0, "Filter": "((name)::text ~~ '%Film%'::text)", "Rows Removed by Filter": 1, "Workers": []}]}, {"Node Type": "Index Scan", "Parent Relationship": "Inner", "Parallel Aware": false, "Async Capable": false, "Scan Direction": "Forward", "Index Name": "name_pkey", "Relation Name": "name", "Alias": "n", "Startup Cost": 0.43, "Total Cost": 0.56, "Plan Rows": 1, "Plan Width": 19, "Actual Rows": 1, "Actual Loops": 176, "Index Cond": "(id = ci.person_id)", "Rows Removed by Index Recheck": 0, "Workers": []}]}]}]}]}]}, "Planning Time": 24.243, "Triggers": [], "Execution Time": 2322.901}, {"Plan": {"Node Type": "Aggregate", "Strategy": "Plain", "Partial Mode": "Simple", "Parallel Aware": false, "Async Capable": false, "Startup Cost": 714149.72, "Total Cost": 714149.73, "Plan Rows": 1, "Plan Width": 128, "Actual Rows": 1, "Actual Loops": 1, "Plans": [{"Node Type": "Gather", "Parent Relationship": "Outer", "Parallel Aware": false, "Async Capable": false, "Startup Cost": 375743.82, "Total Cost": 714149.71, "Plan Rows": 1, "Plan Width": 80, "Actual Rows": 6, "Actual Loops": 1, "Workers Planned": 6, "Workers Launched": 6, "Single Copy": false, "Plans": [{"Node Type": "Hash Join", "Parent Relationship": "Outer", "Parallel Aware": true, "Async Capable": false, "Join Type": "Inner", "Startup Cost": 374743.82, "Total Cost": 713149.61, "Plan Rows": 1, "Plan Width": 80, "Actual Rows": 1, "Actual Loops": 7, "Inner Unique": false, "Hash Cond": "(ci.movie_id = t.id)", "Workers": [], "Plans": [{"Node Type": "Hash Join", "Parent Relationship": "Outer", "Parallel Aware": true, "Async Capable": false, "Join Type": "Inner", "Startup Cost": 79098.14, "Total Cost": 415945.4, "Plan Rows": 415604, "Plan Width": 19, "Actual Rows": 348338, "Actual Loops": 7, "Inner Unique": true, "Hash Cond": "(ci.person_id = n.id)", "Workers": [], "Plans": [{"Node Type": "Seq Scan", "Parent Relationship": "Outer", "Parallel Aware": true, "Async Capable": false, "Relation Name": "cast_info", "Alias": "ci", "Startup Cost": 0.0, "Total Cost": 335756.3, "Plan Rows": 415604, "Plan Width": 8, "Actual Rows": 348338, "Actual Loops": 7, "Filter": "((note)::text = ANY ('{\"(executive producer)\",\"(head writer)\",(producer)}'::text[]))", "Rows Removed by Filter": 4829425, "Workers": []}, {"Node Type": "Hash", "Parent Relationship": "Inner", "Parallel Aware": true, "Async Capable": false, "Startup Cost": 66074.73, "Total Cost": 66074.73, "Plan Rows": 1041873, "Plan Width": 19, "Actual Rows": 595356, "Actual Loops": 7, "Hash Buckets": 4194304, "Original Hash Buckets": 4194304, "Hash Batches": 1, "Original Hash Batches": 1, "Peak Memory Usage": 259072, "Workers": [], "Plans": [{"Node Type": "Seq Scan", "Parent Relationship": "Outer", "Parallel Aware": true, "Async Capable": false, "Relation Name": "name", "Alias": "n", "Startup Cost": 0.0, "Total Cost": 66074.73, "Plan Rows": 1041873, "Plan Width": 19, "Actual Rows": 595356, "Actual Loops": 7, "Workers": []}]}]}, {"Node Type": "Hash", "Parent Relationship": "Inner", "Parallel Aware": true, "Async Capable": false, "Startup Cost": 295645.67, "Total Cost": 295645.67, "Plan Rows": 1, "Plan Width": 85, "Actual Rows": 1, "Actual Loops": 7, "Hash Buckets": 1024, "Original Hash Buckets": 1024, "Hash Batches": 1, "Original Hash Batches": 1, "Peak Memory Usage": 136, "Workers": [], "Plans": [{"Node Type": "Nested Loop", "Parent Relationship": "Outer", "Parallel Aware": false, "Async Capable": false, "Join Type": "Inner", "Startup Cost": 251099.81, "Total Cost": 295645.67, "Plan Rows": 1, "Plan Width": 85, "Actual Rows": 1, "Actual Loops": 7, "Inner Unique": true, "Workers": [], "Plans": [{"Node Type": "Hash Join", "Parent Relationship": "Outer", "Parallel Aware": true, "Async Capable": false, "Join Type": "Inner", "Startup Cost": 251099.39, "Total Cost": 295645.22, "Plan Rows": 1, "Plan Width": 89, "Actual Rows": 1118, "Actual Loops": 7, "Inner Unique": false, "Hash Cond": "(mk.movie_id = t.id)", "Workers": [], "Plans": [{"Node Type": "Seq Scan", "Parent Relationship": "Outer", "Parallel Aware": true, "Async Capable": false, "Relation Name": "movie_keyword", "Alias": "mk", "Startup Cost": 0.0, "Total Cost": 39073.32, "Plan Rows": 1459332, "Plan Width": 8, "Actual Rows": 646276, "Actual Loops": 7, "Workers": []}, {"Node Type": "Hash", "Parent Relationship": "Inner", "Parallel Aware": true, "Async Capable": false, "Startup Cost": 251099.38, "Total Cost": 251099.38, "Plan Rows": 1, "Plan Width": 81, "Actual Rows": 18, "Actual Loops": 7, "Hash Buckets": 1024, "Original Hash Buckets": 1024, "Hash Batches": 1, "Original Hash Batches": 1, "Peak Memory Usage": 232, "Workers": [], "Plans": [{"Node Type": "Nested Loop", "Parent Relationship": "Outer", "Parallel Aware": false, "Async Capable": false, "Join Type": "Inner", "Startup Cost": 221685.8, "Total Cost": 251099.38, "Plan Rows": 1, "Plan Width": 81, "Actual Rows": 18, "Actual Loops": 7, "Inner Unique": true, "Join Filter": "(t.id = mi.movie_id)", "Rows Removed by Join Filter": 0, "Workers": [], "Plans": [{"Node Type": "Nested Loop", "Parent Relationship": "Outer", "Parallel Aware": false, "Async Capable": false, "Join Type": "Inner", "Startup Cost": 221685.37, "Total Cost": 251098.79, "Plan Rows": 1, "Plan Width": 60, "Actual Rows": 182, "Actual Loops": 7, "Inner Unique": true, "Workers": [], "Plans": [{"Node Type": "Hash Join", "Parent Relationship": "Outer", "Parallel Aware": true, "Async Capable": false, "Join Type": "Inner", "Startup Cost": 221684.95, "Total Cost": 251098.07, "Plan Rows": 1, "Plan Width": 64, "Actual Rows": 1135, "Actual Loops": 7, "Inner Unique": false, "Hash Cond": "(mc.movie_id = mi.movie_id)", "Workers": [], "Plans": [{"Node Type": "Seq Scan", "Parent Relationship": "Outer", "Parallel Aware": true, "Async Capable": false, "Relation Name": "movie_companies", "Alias": "mc", "Startup Cost": 0.0, "Total Cost": 29344.68, "Plan Rows": 18247, "Plan Width": 8, "Actual Rows": 8168, "Actual Loops": 7, "Filter": "((note)::text ~~ '%(2006)%'::text)", "Rows Removed by Filter": 364565, "Workers": []}, {"Node Type": "Hash", "Parent Relationship": "Inner", "Parallel Aware": true, "Async Capable": false, "Startup Cost": 221684.89, "Total Cost": 221684.89, "Plan Rows": 5, "Plan Width": 56, "Actual Rows": 6511, "Actual Loops": 7, "Hash Buckets": 65536, "Original Hash Buckets": 1024, "Hash Batches": 1, "Original Hash Batches": 1, "Peak Memory Usage": 3640, "Workers": [], "Plans": [{"Node Type": "Hash Join", "Parent Relationship": "Outer", "Parallel Aware": true, "Async Capable": false, "Join Type": "Inner", "Startup Cost": 206209.86, "Total Cost": 221684.89, "Plan Rows": 5, "Plan Width": 56, "Actual Rows": 6511, "Actual Loops": 7, "Inner Unique": false, "Hash Cond": "(mi_idx.movie_id = mi.movie_id)", "Workers": [], "Plans": [{"Node Type": "Hash Join", "Parent Relationship": "Outer", "Parallel Aware": false, "Async Capable": false, "Join Type": "Inner", "Startup Cost": 2.43, "Total Cost": 15286.6, "Plan Rows": 5089, "Plan Width": 9, "Actual Rows": 65704, "Actual Loops": 7, "Inner Unique": true, "Hash Cond": "(mi_idx.info_type_id = it2.id)", "Workers": [], "Plans": [{"Node Type": "Seq Scan", "Parent Relationship": "Outer", "Parallel Aware": true, "Async Capable": false, "Relation Name": "movie_info_idx", "Alias": "mi_idx", "Startup Cost": 0.0, "Total Cost": 13718.15, "Plan Rows": 575015, "Plan Width": 13, "Actual Rows": 197148, "Actual Loops": 7, "Workers": []}, {"Node Type": "Hash", "Parent Relationship": "Inner", "Parallel Aware": false, "Async Capable": false, "Startup Cost": 2.41, "Total Cost": 2.41, "Plan Rows": 1, "Plan Width": 4, "Actual Rows": 1, "Actual Loops": 7, "Hash Buckets": 1024, "Original Hash Buckets": 1024, "Hash Batches": 1, "Original Hash Batches": 1, "Peak Memory Usage": 9, "Workers": [], "Plans": [{"Node Type": "Seq Scan", "Parent Relationship": "Outer", "Parallel Aware": false, "Async Capable": false, "Relation Name": "info_type", "Alias": "it2", "Startup Cost": 0.0, "Total Cost": 2.41, "Plan Rows": 1, "Plan Width": 4, "Actual Rows": 1, "Actual Loops": 7, "Filter": "((info)::text = 'votes'::text)", "Rows Removed by Filter": 112, "Workers": []}]}]}, {"Node Type": "Hash", "Parent Relationship": "Inner", "Parallel Aware": true, "Async Capable": false, "Startup Cost": 206205.55, "Total Cost": 206205.55, "Plan Rows": 151, "Plan Width": 47, "Actual Rows": 11632, "Actual Loops": 7, "Hash Buckets": 131072, "Original Hash Buckets": 1024, "Hash Batches": 1, "Original Hash Batches": 1, "Peak Memory Usage": 6008, "Workers": [], "Plans": [{"Node Type": "Hash Join", "Parent Relationship": "Outer", "Parallel Aware": false, "Async Capable": false, "Join Type": "Inner", "Startup Cost": 2.43, "Total Cost": 206205.55, "Plan Rows": 151, "Plan Width": 47, "Actual Rows": 11632, "Actual Loops": 7, "Inner Unique": true, "Hash Cond": "(mi.info_type_id = it1.id)", "Workers": [], "Plans": [{"Node Type": "Seq Scan", "Parent Relationship": "Outer", "Parallel Aware": true, "Async Capable": false, "Relation Name": "movie_info", "Alias": "mi", "Startup Cost": 0.0, "Total Cost": 206156.59, "Plan Rows": 17087, "Plan Width": 51, "Actual Rows": 12078, "Actual Loops": 7, "Filter": "((info)::text = ANY ('{Action,American,Bulgaria,Crime}'::text[]))", "Rows Removed by Filter": 2107310, "Workers": []}, {"Node Type": "Hash", "Parent Relationship": "Inner", "Parallel Aware": false, "Async Capable": false, "Startup Cost": 2.41, "Total Cost": 2.41, "Plan Rows": 1, "Plan Width": 4, "Actual Rows": 1, "Actual Loops": 7, "Hash Buckets": 1024, "Original Hash Buckets": 1024, "Hash Batches": 1, "Original Hash Batches": 1, "Peak Memory Usage": 9, "Workers": [], "Plans": [{"Node Type": "Seq Scan", "Parent Relationship": "Outer", "Parallel Aware": false, "Async Capable": false, "Relation Name": "info_type", "Alias": "it1", "Startup Cost": 0.0, "Total Cost": 2.41, "Plan Rows": 1, "Plan Width": 4, "Actual Rows": 1, "Actual Loops": 7, "Filter": "((info)::text = 'genres'::text)", "Rows Removed by Filter": 112, "Workers": []}]}]}]}]}]}]}, {"Node Type": "Index Scan", "Parent Relationship": "Inner", "Parallel Aware": false, "Async Capable": false, "Scan Direction": "Forward", "Index Name": "company_name_pkey", "Relation Name": "company_name", "Alias": "cn", "Startup Cost": 0.42, "Total Cost": 0.72, "Plan Rows": 1, "Plan Width": 4, "Actual Rows": 0, "Actual Loops": 7944, "Index Cond": "(id = mc.company_id)", "Rows Removed by Index Recheck": 0, "Filter": "((name)::text ~~ '%Film%'::text)", "Rows Removed by Filter": 1, "Workers": []}]}, {"Node Type": "Index Scan", "Parent Relationship": "Inner", "Parallel Aware": false, "Async Capable": false, "Scan Direction": "Forward", "Index Name": "title_pkey", "Relation Name": "title", "Alias": "t", "Startup Cost": 0.43, "Total Cost": 0.58, "Plan Rows": 1, "Plan Width": 21, "Actual Rows": 0, "Actual Loops": 1272, "Index Cond": "(id = mi_idx.movie_id)", "Rows Removed by Index Recheck": 0, "Filter": "(production_year <= 1972)", "Rows Removed by Filter": 1, "Workers": []}]}]}]}, {"Node Type": "Index Scan", "Parent Relationship": "Inner", "Parallel Aware": false, "Async Capable": false, "Scan Direction": "Forward", "Index Name": "keyword_pkey", "Relation Name": "keyword", "Alias": "k", "Startup Cost": 0.42, "Total Cost": 0.44, "Plan Rows": 1, "Plan Width": 4, "Actual Rows": 0, "Actual Loops": 7823, "Index Cond": "(id = mk.keyword_id)", "Rows Removed by Index Recheck": 0, "Filter": "((keyword)::text = ANY ('{\"10,000-mile-club\",alienation,based-on-comic}'::text[]))", "Rows Removed by Filter": 1, "Workers": []}]}]}]}]}]}, "Planning Time": 19.456, "Triggers": [], "Execution Time": 2159.357}, {"Plan": {"Node Type": "Aggregate", "Strategy": "Plain", "Partial Mode": "Simple", "Parallel Aware": false, "Async Capable": false, "Startup Cost": 635309.81, "Total Cost": 635309.82, "Plan Rows": 1, "Plan Width": 128, "Actual Rows": 1, "Actual Loops": 1, "Plans": [{"Node Type": "Gather", "Parent Relationship": "Outer", "Parallel Aware": false, "Async Capable": false, "Startup Cost": 605630.87, "Total Cost": 635309.8, "Plan Rows": 1, "Plan Width": 80, "Actual Rows": 6, "Actual Loops": 1, "Workers Planned": 3, "Workers Launched": 3, "Single Copy": false, "Plans": [{"Node Type": "Hash Join", "Parent Relationship": "Outer", "Parallel Aware": true, "Async Capable": false, "Join Type": "Inner", "Startup Cost": 604630.87, "Total Cost": 634309.7, "Plan Rows": 1, "Plan Width": 80, "Actual Rows": 2, "Actual Loops": 4, "Inner Unique": false, "Hash Cond": "(t.id = mi.movie_id)", "Workers": [], "Plans": [{"Node Type": "Nested Loop", "Parent Relationship": "Outer", "Parallel Aware": false, "Async Capable": false, "Join Type": "Inner", "Startup Cost": 15351.06, "Total Cost": 45029.83, "Plan Rows": 14, "Plan Width": 34, "Actual Rows": 132, "Actual Loops": 4, "Inner Unique": true, "Workers": [], "Plans": [{"Node Type": "Nested Loop", "Parent Relationship": "Outer", "Parallel Aware": false, "Async Capable": false, "Join Type": "Inner", "Startup Cost": 15350.64, "Total Cost": 44986.07, "Plan Rows": 61, "Plan Width": 38, "Actual Rows": 1134, "Actual Loops": 4, "Inner Unique": true, "Workers": [], "Plans": [{"Node Type": "Hash Join", "Parent Relationship": "Outer", "Parallel Aware": true, "Async Capable": false, "Join Type": "Inner", "Startup Cost": 15350.21, "Total Cost": 44764.91, "Plan Rows": 381, "Plan Width": 17, "Actual Rows": 9846, "Actual Loops": 4, "Inner Unique": false, "Hash Cond": "(mc.movie_id = mi_idx.movie_id)", "Workers": [], "Plans": [{"Node Type": "Seq Scan", "Parent Relationship": "Outer", "Parallel Aware": true, "Async Capable": false, "Relation Name": "movie_companies", "Alias": "mc", "Startup Cost": 0.0, "Total Cost": 29344.68, "Plan Rows": 18247, "Plan Width": 8, "Actual Rows": 14293, "Actual Loops": 4, "Filter": "((note)::text ~~ '%(2006)%'::text)", "Rows Removed by Filter": 637989, "Workers": []}, {"Node Type": "Hash", "Parent Relationship": "Inner", "Parallel Aware": true, "Async Capable": false, "Startup Cost": 15286.6, "Total Cost": 15286.6, "Plan Rows": 5089, "Plan Width": 9, "Actual Rows": 114981, "Actual Loops": 4, "Hash Buckets": 524288, "Original Hash Buckets": 16384, "Hash Batches": 1, "Original Hash Batches": 1, "Peak Memory Usage": 26304, "Workers": [], "Plans": [{"Node Type": "Hash Join", "Parent Relationship": "Outer", "Parallel Aware": false, "Async Capable": false, "Join Type": "Inner", "Startup Cost": 2.43, "Total Cost": 15286.6, "Plan Rows": 5089, "Plan Width": 9, "Actual Rows": 114981, "Actual Loops": 4, "Inner Unique": true, "Hash Cond": "(mi_idx.info_type_id = it2.id)", "Workers": [], "Plans": [{"Node Type": "Seq Scan", "Parent Relationship": "Outer", "Parallel Aware": true, "Async Capable": false, "Relation Name": "movie_info_idx", "Alias": "mi_idx", "Startup Cost": 0.0, "Total Cost": 13718.15, "Plan Rows": 575015, "Plan Width": 13, "Actual Rows": 345009, "Actual Loops": 4, "Workers": []}, {"Node Type": "Hash", "Parent Relationship": "Inner", "Parallel Aware": false, "Async Capable": false, "Startup Cost": 2.41, "Total Cost": 2.41, "Plan Rows": 1, "Plan Width": 4, "Actual Rows": 1, "Actual Loops": 4, "Hash Buckets": 1024, "Original Hash Buckets": 1024, "Hash Batches": 1, "Original Hash Batches": 1, "Peak Memory Usage": 9, "Workers": [], "Plans": [{"Node Type": "Seq Scan", "Parent Relationship": "Outer", "Parallel Aware": false, "Async Capable": false, "Relation Name": "info_type", "Alias": "it2", "Startup Cost": 0.0, "Total Cost": 2.41, "Plan Rows": 1, "Plan Width": 4, "Actual Rows": 1, "Actual Loops": 4, "Filter": "((info)::text = 'votes'::text)", "Rows Removed by Filter": 112, "Workers": []}]}]}]}]}, {"Node Type": "Index Scan", "Parent Relationship": "Inner", "Parallel Aware": false, "Async Capable": false, "Scan Direction": "Forward", "Index Name": "title_pkey", "Relation Name": "title", "Alias": "t", "Startup Cost": 0.43, "Total Cost": 0.58, "Plan Rows": 1, "Plan Width": 21, "Actual Rows": 0, "Actual Loops": 39382, "Index Cond": "(id = mi_idx.movie_id)", "Rows Removed by Index Recheck": 0, "Filter": "(production_year <= 1972)", "Rows Removed by Filter": 1, "Workers": []}]}, {"Node Type": "Index Scan", "Parent Relationship": "Inner", "Parallel Aware": false, "Async Capable": false, "Scan Direction": "Forward", "Index Name": "company_name_pkey", "Relation Name": "company_name", "Alias": "cn", "Startup Cost": 0.42, "Total Cost": 0.72, "Plan Rows": 1, "Plan Width": 4, "Actual Rows": 0, "Actual Loops": 4536, "Index Cond": "(id = mc.company_id)", "Rows Removed by Index Recheck": 0, "Filter": "((name)::text ~~ '%Film%'::text)", "Rows Removed by Filter": 1, "Workers": []}]}, {"Node Type": "Hash", "Parent Relationship": "Inner", "Parallel Aware": true, "Async Capable": false, "Startup Cost": 589279.8, "Total Cost": 589279.8, "Plan Rows": 1, "Plan Width": 70, "Actual Rows": 572, "Actual Loops": 4, "Hash Buckets": 4096, "Original Hash Buckets": 1024, "Hash Batches": 1, "Original Hash Batches": 1, "Peak Memory Usage": 280, "Workers": [], "Plans": [{"Node Type": "Nested Loop", "Parent Relationship": "Outer", "Parallel Aware": false, "Async Capable": false, "Join Type": "Inner", "Startup Cost": 383075.77, "Total Cost": 589279.8, "Plan Rows": 1, "Plan Width": 70, "Actual Rows": 572, "Actual Loops": 4, "Inner Unique": true, "Workers": [], "Plans": [{"Node Type": "Hash Join", "Parent Relationship": "Outer", "Parallel Aware": true, "Async Capable": false, "Join Type": "Inner", "Startup Cost": 383075.34, "Total Cost": 589279.24, "Plan Rows": 1, "Plan Width": 59, "Actual Rows": 572, "Actual Loops": 4, "Inner Unique": false, "Hash Cond": "(mi.movie_id = ci.movie_id)", "Workers": [], "Plans": [{"Node Type": "Hash Join", "Parent Relationship": "Outer", "Parallel Aware": false, "Async Capable": false, "Join Type": "Inner", "Startup Cost": 2.43, "Total Cost": 206205.55, "Plan Rows": 151, "Plan Width": 47, "Actual Rows": 20357, "Actual Loops": 4, "Inner Unique": true, "Hash Cond": "(mi.info_type_id = it1.id)", "Workers": [], "Plans": [{"Node Type": "Seq Scan", "Parent Relationship": "Outer", "Parallel Aware": true, "Async Capable": false, "Relation Name": "movie_info", "Alias": "mi", "Startup Cost": 0.0, "Total Cost": 206156.59, "Plan Rows": 17087, "Plan Width": 51, "Actual Rows": 21137, "Actual Loops": 4, "Filter": "((info)::text = ANY ('{Action,American,Bulgaria,Crime}'::text[]))", "Rows Removed by Filter": 3687793, "Workers": []}, {"Node Type": "Hash", "Parent Relationship": "Inner", "Parallel Aware": false, "Async Capable": false, "Startup Cost": 2.41, "Total Cost": 2.41, "Plan Rows": 1, "Plan Width": 4, "Actual Rows": 1, "Actual Loops": 4, "Hash Buckets": 1024, "Original Hash Buckets": 1024, "Hash Batches": 1, "Original Hash Batches": 1, "Peak Memory Usage": 9, "Workers": [], "Plans": [{"Node Type": "Seq Scan", "Parent Relationship": "Outer", "Parallel Aware": false, "Async Capable": false, "Relation Name": "info_type", "Alias": "it1", "Startup Cost": 0.0, "Total Cost": 2.41, "Plan Rows": 1, "Plan Width": 4, "Actual Rows": 1, "Actual Loops": 4, "Filter": "((info)::text = 'genres'::text)", "Rows Removed by Filter": 112, "Workers": []}]}]}, {"Node Type": "Hash", "Parent Relationship": "Inner", "Parallel Aware": true, "Async Capable": false, "Startup Cost": 383072.42, "Total Cost": 383072.42, "Plan Rows": 40, "Plan Width": 12, "Actual Rows": 985, "Actual Loops": 4, "Hash Buckets": 4096, "Original Hash Buckets": 1024, "Hash Batches": 1, "Original Hash Batches": 1, "Peak Memory Usage": 344, "Workers": [], "Plans": [{"Node Type": "Hash Join", "Parent Relationship": "Outer", "Parallel Aware": true, "Async Capable": false, "Join Type": "Inner", "Startup Cost": 45757.48, "Total Cost": 383072.42, "Plan Rows": 40, "Plan Width": 12, "Actual Rows": 985, "Actual Loops": 4, "Inner Unique": false, "Hash Cond": "(ci.movie_id = mk.movie_id)", "Workers": [], "Plans": [{"Node Type": "Seq Scan", "Parent Relationship": "Outer", "Parallel Aware": true, "Async Capable": false, "Relation Name": "cast_info", "Alias": "ci", "Startup Cost": 0.0, "Total Cost": 335756.3, "Plan Rows": 415604, "Plan Width": 8, "Actual Rows": 609592, "Actual Loops": 4, "Filter": "((note)::text = ANY ('{\"(executive producer)\",\"(head writer)\",(producer)}'::text[]))", "Rows Removed by Filter": 8451494, "Workers": []}, {"Node Type": "Hash", "Parent Relationship": "Inner", "Parallel Aware": true, "Async Capable": false, "Startup Cost": 45757.07, "Total Cost": 45757.07, "Plan Rows": 33, "Plan Width": 4, "Actual Rows": 614, "Actual Loops": 4, "Hash Buckets": 1024, "Original Hash Buckets": 1024, "Hash Batches": 1, "Original Hash Batches": 1, "Peak Memory Usage": 168, "Workers": [], "Plans": [{"Node Type": "Hash Join", "Parent Relationship": "Outer", "Parallel Aware": false, "Async Capable": false, "Join Type": "Inner", "Startup Cost": 2852.88, "Total Cost": 45757.07, "Plan Rows": 33, "Plan Width": 4, "Actual Rows": 614, "Actual Loops": 4, "Inner Unique": true, "Hash Cond": "(mk.keyword_id = k.id)", "Workers": [], "Plans": [{"Node Type": "Seq Scan", "Parent Relationship": "Outer", "Parallel Aware": true, "Async Capable": false, "Relation Name": "movie_keyword", "Alias": "mk", "Startup Cost": 0.0, "Total Cost": 39073.32, "Plan Rows": 1459332, "Plan Width": 8, "Actual Rows": 1130982, "Actual Loops": 4, "Workers": []}, {"Node Type": "Hash", "Parent Relationship": "Inner", "Parallel Aware": false, "Async Capable": false, "Startup Cost": 2852.84, "Total Cost": 2852.84, "Plan Rows": 3, "Plan Width": 4, "Actual Rows": 3, "Actual Loops": 4, "Hash Buckets": 1024, "Original Hash Buckets": 1024, "Hash Batches": 1, "Original Hash Batches": 1, "Peak Memory Usage": 9, "Workers": [], "Plans": [{"Node Type": "Seq Scan", "Parent Relationship": "Outer", "Parallel Aware": false, "Async Capable": false, "Relation Name": "keyword", "Alias": "k", "Startup Cost": 0.0, "Total Cost": 2852.84, "Plan Rows": 3, "Plan Width": 4, "Actual Rows": 3, "Actual Loops": 4, "Filter": "((keyword)::text = ANY ('{\"10,000-mile-club\",alienation,based-on-comic}'::text[]))", "Rows Removed by Filter": 134167, "Workers": []}]}]}]}]}]}]}, {"Node Type": "Index Scan", "Parent Relationship": "Inner", "Parallel Aware": false, "Async Capable": false, "Scan Direction": "Forward", "Index Name": "name_pkey", "Relation Name": "name", "Alias": "n", "Startup Cost": 0.43, "Total Cost": 0.56, "Plan Rows": 1, "Plan Width": 19, "Actual Rows": 1, "Actual Loops": 2286, "Index Cond": "(id = ci.person_id)", "Rows Removed by Index Recheck": 0, "Workers": []}]}]}]}]}]}, "Planning Time": 24.592, "Triggers": [], "Execution Time": 3531.575}, {"Plan": {"Node Type": "Aggregate", "Strategy": "Plain", "Partial Mode": "Finalize", "Parallel Aware": false, "Async Capable": false, "Startup Cost": 637302.78, "Total Cost": 637302.79, "Plan Rows": 1, "Plan Width": 128, "Actual Rows": 1, "Actual Loops": 1, "Plans": [{"Node Type": "Gather", "Parent Relationship": "Outer", "Parallel Aware": false, "Async Capable": false, "Startup Cost": 637302.44, "Total Cost": 637302.75, "Plan Rows": 3, "Plan Width": 128, "Actual Rows": 4, "Actual Loops": 1, "Workers Planned": 3, "Workers Launched": 3, "Single Copy": false, "Plans": [{"Node Type": "Aggregate", "Strategy": "Plain", "Partial Mode": "Partial", "Parent Relationship": "Outer", "Parallel Aware": false, "Async Capable": false, "Startup Cost": 636302.44, "Total Cost": 636302.45, "Plan Rows": 1, "Plan Width": 128, "Actual Rows": 1, "Actual Loops": 4, "Workers": [], "Plans": [{"Node Type": "Hash Join", "Parent Relationship": "Outer", "Parallel Aware": true, "Async Capable": false, "Join Type": "Inner", "Startup Cost": 591743.1, "Total Cost": 636302.43, "Plan Rows": 1, "Plan Width": 80, "Actual Rows": 2, "Actual Loops": 4, "Inner Unique": false, "Hash Cond": "(t.id = mi_idx.movie_id)", "Workers": [], "Plans": [{"Node Type": "Nested Loop", "Parent Relationship": "Outer", "Parallel Aware": false, "Async Capable": false, "Join Type": "Inner", "Startup Cost": 236251.68, "Total Cost": 280811.0, "Plan Rows": 1, "Plan Width": 76, "Actual Rows": 1, "Actual Loops": 4, "Inner Unique": true, "Join Filter": "(t.id = mi.movie_id)", "Rows Removed by Join Filter": 0, "Workers": [], "Plans": [{"Node Type": "Nested Loop", "Parent Relationship": "Outer", "Parallel Aware": false, "Async Capable": false, "Join Type": "Inner", "Startup Cost": 236251.25, "Total Cost": 280810.49, "Plan Rows": 1, "Plan Width": 55, "Actual Rows": 12, "Actual Loops": 4, "Inner Unique": true, "Workers": [], "Plans": [{"Node Type": "Hash Join", "Parent Relationship": "Outer", "Parallel Aware": true, "Async Capable": false, "Join Type": "Inner", "Startup Cost": 236250.83, "Total Cost": 280796.76, "Plan Rows": 31, "Plan Width": 59, "Actual Rows": 22674, "Actual Loops": 4, "Inner Unique": false, "Hash Cond": "(mk.movie_id = mi.movie_id)", "Workers": [], "Plans": [{"Node Type": "Seq Scan", "Parent Relationship": "Outer", "Parallel Aware": true, "Async Capable": false, "Relation Name": "movie_keyword", "Alias": "mk", "Startup Cost": 0.0, "Total Cost": 39073.32, "Plan Rows": 1459332, "Plan Width": 8, "Actual Rows": 1130982, "Actual Loops": 4, "Workers": []}, {"Node Type": "Hash", "Parent Relationship": "Inner", "Parallel Aware": true, "Async Capable": false, "Startup Cost": 236250.77, "Total Cost": 236250.77, "Plan Rows": 5, "Plan Width": 51, "Actual Rows": 331, "Actual Loops": 4, "Hash Buckets": 1024, "Original Hash Buckets": 1024, "Hash Batches": 1, "Original Hash Batches": 1, "Peak Memory Usage": 136, "Workers": [], "Plans": [{"Node Type": "Nested Loop", "Parent Relationship": "Outer", "Parallel Aware": false, "Async Capable": false, "Join Type": "Inner", "Startup Cost": 206207.86, "Total Cost": 236250.77, "Plan Rows": 5, "Plan Width": 51, "Actual Rows": 331, "Actual Loops": 4, "Inner Unique": true, "Workers": [], "Plans": [{"Node Type": "Hash Join", "Parent Relationship": "Outer", "Parallel Aware": true, "Async Capable": false, "Join Type": "Inner", "Startup Cost": 206207.44, "Total Cost": 236236.42, "Plan Rows": 20, "Plan Width": 55, "Actual Rows": 2107, "Actual Loops": 4, "Inner Unique": false, "Hash Cond": "(mc.movie_id = mi.movie_id)", "Workers": [], "Plans": [{"Node Type": "Seq Scan", "Parent Relationship": "Outer", "Parallel Aware": true, "Async Capable": false, "Relation Name": "movie_companies", "Alias": "mc", "Startup Cost": 0.0, "Total Cost": 29344.68, "Plan Rows": 18247, "Plan Width": 8, "Actual Rows": 14293, "Actual Loops": 4, "Filter": "((note)::text ~~ '%(2006)%'::text)", "Rows Removed by Filter": 637989, "Workers": []}, {"Node Type": "Hash", "Parent Relationship": "Inner", "Parallel Aware": true, "Async Capable": false, "Startup Cost": 206205.55, "Total Cost": 206205.55, "Plan Rows": 151, "Plan Width": 47, "Actual Rows": 20357, "Actual Loops": 4, "Hash Buckets": 131072, "Original Hash Buckets": 1024, "Hash Batches": 1, "Original Hash Batches": 1, "Peak Memory Usage": 5880, "Workers": [], "Plans": [{"Node Type": "Hash Join", "Parent Relationship": "Outer", "Parallel Aware": false, "Async Capable": false, "Join Type": "Inner", "Startup Cost": 2.43, "Total Cost": 206205.55, "Plan Rows": 151, "Plan Width": 47, "Actual Rows": 20357, "Actual Loops": 4, "Inner Unique": true, "Hash Cond": "(mi.info_type_id = it1.id)", "Workers": [], "Plans": [{"Node Type": "Seq Scan", "Parent Relationship": "Outer", "Parallel Aware": true, "Async Capable": false, "Relation Name": "movie_info", "Alias": "mi", "Startup Cost": 0.0, "Total Cost": 206156.59, "Plan Rows": 17087, "Plan Width": 51, "Actual Rows": 21137, "Actual Loops": 4, "Filter": "((info)::text = ANY ('{Action,American,Bulgaria,Crime}'::text[]))", "Rows Removed by Filter": 3687793, "Workers": []}, {"Node Type": "Hash", "Parent Relationship": "Inner", "Parallel Aware": false, "Async Capable": false, "Startup Cost": 2.41, "Total Cost": 2.41, "Plan Rows": 1, "Plan Width": 4, "Actual Rows": 1, "Actual Loops": 4, "Hash Buckets": 1024, "Original Hash Buckets": 1024, "Hash Batches": 1, "Original Hash Batches": 1, "Peak Memory Usage": 9, "Workers": [], "Plans": [{"Node Type": "Seq Scan", "Parent Relationship": "Outer", "Parallel Aware": false, "Async Capable": false, "Relation Name": "info_type", "Alias": "it1", "Startup Cost": 0.0, "Total Cost": 2.41, "Plan Rows": 1, "Plan Width": 4, "Actual Rows": 1, "Actual Loops": 4, "Filter": "((info)::text = 'genres'::text)", "Rows Removed by Filter": 112, "Workers": []}]}]}]}]}, {"Node Type": "Index Scan", "Parent Relationship": "Inner", "Parallel Aware": false, "Async Capable": false, "Scan Direction": "Forward", "Index Name": "company_name_pkey", "Relation Name": "company_name", "Alias": "cn", "Startup Cost": 0.42, "Total Cost": 0.72, "Plan Rows": 1, "Plan Width": 4, "Actual Rows": 0, "Actual Loops": 8428, "Index Cond": "(id = mc.company_id)", "Rows Removed by Index Recheck": 0, "Filter": "((name)::text ~~ '%Film%'::text)", "Rows Removed by Filter": 1, "Workers": []}]}]}]}, {"Node Type": "Index Scan", "Parent Relationship": "Inner", "Parallel Aware": false, "Async Capable": false, "Scan Direction": "Forward", "Index Name": "keyword_pkey", "Relation Name": "keyword", "Alias": "k", "Startup Cost": 0.42, "Total Cost": 0.44, "Plan Rows": 1, "Plan Width": 4, "Actual Rows": 0, "Actual Loops": 90698, "Index Cond": "(id = mk.keyword_id)", "Rows Removed by Index Recheck": 0, "Filter": "((keyword)::text = ANY ('{\"10,000-mile-club\",alienation,based-on-comic}'::text[]))", "Rows Removed by Filter": 1, "Workers": []}]}, {"Node Type": "Index Scan", "Parent Relationship": "Inner", "Parallel Aware": false, "Async Capable": false, "Scan Direction": "Forward", "Index Name": "title_pkey", "Relation Name": "title", "Alias": "t", "Startup Cost": 0.43, "Total Cost": 0.49, "Plan Rows": 1, "Plan Width": 21, "Actual Rows": 0, "Actual Loops": 47, "Index Cond": "(id = mk.movie_id)", "Rows Removed by Index Recheck": 0, "Filter": "(production_year <= 1972)", "Rows Removed by Filter": 1, "Workers": []}]}, {"Node Type": "Hash", "Parent Relationship": "Inner", "Parallel Aware": true, "Async Capable": false, "Startup Cost": 355430.24, "Total Cost": 355430.24, "Plan Rows": 4894, "Plan Width": 28, "Actual Rows": 215914, "Actual Loops": 4, "Hash Buckets": 1048576, "Original Hash Buckets": 32768, "Hash Batches": 1, "Original Hash Batches": 1, "Peak Memory Usage": 69856, "Workers": [], "Plans": [{"Node Type": "Nested Loop", "Parent Relationship": "Outer", "Parallel Aware": false, "Async Capable": false, "Join Type": "Inner", "Startup Cost": 15350.64, "Total Cost": 355430.24, "Plan Rows": 4894, "Plan Width": 28, "Actual Rows": 215914, "Actual Loops": 4, "Inner Unique": true, "Workers": [], "Plans": [{"Node Type": "Hash Join", "Parent Relationship": "Outer", "Parallel Aware": true, "Async Capable": false, "Join Type": "Inner", "Startup Cost": 15350.21, "Total Cost": 352685.41, "Plan Rows": 4894, "Plan Width": 17, "Actual Rows": 215914, "Actual Loops": 4, "Inner Unique": false, "Hash Cond": "(ci.movie_id = mi_idx.movie_id)", "Workers": [], "Plans": [{"Node Type": "Seq Scan", "Parent Relationship": "Outer", "Parallel Aware": true, "Async Capable": false, "Relation Name": "cast_info", "Alias": "ci", "Startup Cost": 0.0, "Total Cost": 335756.3, "Plan Rows": 415604, "Plan Width": 8, "Actual Rows": 609592, "Actual Loops": 4, "Filter": "((note)::text = ANY ('{\"(executive producer)\",\"(head writer)\",(producer)}'::text[]))", "Rows Removed by Filter": 8451494, "Workers": []}, {"Node Type": "Hash", "Parent Relationship": "Inner", "Parallel Aware": true, "Async Capable": false, "Startup Cost": 15286.6, "Total Cost": 15286.6, "Plan Rows": 5089, "Plan Width": 9, "Actual Rows": 114981, "Actual Loops": 4, "Hash Buckets": 524288, "Original Hash Buckets": 16384, "Hash Batches": 1, "Original Hash Batches": 1, "Peak Memory Usage": 26272, "Workers": [], "Plans": [{"Node Type": "Hash Join", "Parent Relationship": "Outer", "Parallel Aware": false, "Async Capable": false, "Join Type": "Inner", "Startup Cost": 2.43, "Total Cost": 15286.6, "Plan Rows": 5089, "Plan Width": 9, "Actual Rows": 114981, "Actual Loops": 4, "Inner Unique": true, "Hash Cond": "(mi_idx.info_type_id = it2.id)", "Workers": [], "Plans": [{"Node Type": "Seq Scan", "Parent Relationship": "Outer", "Parallel Aware": true, "Async Capable": false, "Relation Name": "movie_info_idx", "Alias": "mi_idx", "Startup Cost": 0.0, "Total Cost": 13718.15, "Plan Rows": 575015, "Plan Width": 13, "Actual Rows": 345009, "Actual Loops": 4, "Workers": []}, {"Node Type": "Hash", "Parent Relationship": "Inner", "Parallel Aware": false, "Async Capable": false, "Startup Cost": 2.41, "Total Cost": 2.41, "Plan Rows": 1, "Plan Width": 4, "Actual Rows": 1, "Actual Loops": 4, "Hash Buckets": 1024, "Original Hash Buckets": 1024, "Hash Batches": 1, "Original Hash Batches": 1, "Peak Memory Usage": 9, "Workers": [], "Plans": [{"Node Type": "Seq Scan", "Parent Relationship": "Outer", "Parallel Aware": false, "Async Capable": false, "Relation Name": "info_type", "Alias": "it2", "Startup Cost": 0.0, "Total Cost": 2.41, "Plan Rows": 1, "Plan Width": 4, "Actual Rows": 1, "Actual Loops": 4, "Filter": "((info)::text = 'votes'::text)", "Rows Removed by Filter": 112, "Workers": []}]}]}]}]}, {"Node Type": "Index Scan", "Parent Relationship": "Inner", "Parallel Aware": false, "Async Capable": false, "Scan Direction": "Forward", "Index Name": "name_pkey", "Relation Name": "name", "Alias": "n", "Startup Cost": 0.43, "Total Cost": 0.56, "Plan Rows": 1, "Plan Width": 19, "Actual Rows": 1, "Actual Loops": 863658, "Index Cond": "(id = ci.person_id)", "Rows Removed by Index Recheck": 0, "Workers": []}]}]}]}]}]}]}, "Planning Time": 25.184, "Triggers": [], "Execution Time": 4410.406}, {"Plan": {"Node Type": "Aggregate", "Strategy": "Plain", "Partial Mode": "Simple", "Parallel Aware": false, "Async Capable": false, "Startup Cost": 635275.68, "Total Cost": 635275.69, "Plan Rows": 1, "Plan Width": 128, "Actual Rows": 1, "Actual Loops": 1, "Plans": [{"Node Type": "Gather", "Parent Relationship": "Outer", "Parallel Aware": false, "Async Capable": false, "Startup Cost": 297734.65, "Total Cost": 635275.67, "Plan Rows": 1, "Plan Width": 80, "Actual Rows": 6, "Actual Loops": 1, "Workers Planned": 6, "Workers Launched": 6, "Single Copy": false, "Plans": [{"Node Type": "Hash Join", "Parent Relationship": "Outer", "Parallel Aware": true, "Async Capable": false, "Join Type": "Inner", "Startup Cost": 296734.65, "Total Cost": 634275.57, "Plan Rows": 1, "Plan Width": 80, "Actual Rows": 1, "Actual Loops": 7, "Inner Unique": false, "Hash Cond": "(mi_idx.movie_id = t.id)", "Workers": [], "Plans": [{"Node Type": "Nested Loop", "Parent Relationship": "Outer", "Parallel Aware": false, "Async Capable": false, "Join Type": "Inner", "Startup Cost": 44770.52, "Total Cost": 382311.22, "Plan Rows": 60, "Plan Width": 32, "Actual Rows": 2308, "Actual Loops": 7, "Inner Unique": true, "Workers": [], "Plans": [{"Node Type": "Nested Loop", "Parent Relationship": "Outer", "Parallel Aware": false, "Async Capable": false, "Join Type": "Inner", "Startup Cost": 44770.09, "Total Cost": 382277.56, "Plan Rows": 60, "Plan Width": 21, "Actual Rows": 2308, "Actual Loops": 7, "Inner Unique": true, "Workers": [], "Plans": [{"Node Type": "Hash Join", "Parent Relationship": "Outer", "Parallel Aware": true, "Async Capable": false, "Join Type": "Inner", "Startup Cost": 44769.67, "Total Cost": 382086.01, "Plan Rows": 267, "Plan Width": 25, "Actual Rows": 16563, "Actual Loops": 7, "Inner Unique": false, "Hash Cond": "(ci.movie_id = mi_idx.movie_id)", "Workers": [], "Plans": [{"Node Type": "Seq Scan", "Parent Relationship": "Outer", "Parallel Aware": true, "Async Capable": false, "Relation Name": "cast_info", "Alias": "ci", "Startup Cost": 0.0, "Total Cost": 335756.3, "Plan Rows": 415604, "Plan Width": 8, "Actual Rows": 348338, "Actual Loops": 7, "Filter": "((note)::text = ANY ('{\"(executive producer)\",\"(head writer)\",(producer)}'::text[]))", "Rows Removed by Filter": 4829425, "Workers": []}, {"Node Type": "Hash", "Parent Relationship": "Inner", "Parallel Aware": true, "Async Capable": false, "Startup Cost": 44764.91, "Total Cost": 44764.91, "Plan Rows": 381, "Plan Width": 17, "Actual Rows": 5626, "Actual Loops": 7, "Hash Buckets": 65536, "Original Hash Buckets": 2048, "Hash Batches": 1, "Original Hash Batches": 1, "Peak Memory Usage": 3056, "Workers": [], "Plans": [{"Node Type": "Hash Join", "Parent Relationship": "Outer", "Parallel Aware": true, "Async Capable": false, "Join Type": "Inner", "Startup Cost": 15350.21, "Total Cost": 44764.91, "Plan Rows": 381, "Plan Width": 17, "Actual Rows": 5626, "Actual Loops": 7, "Inner Unique": false, "Hash Cond": "(mc.movie_id = mi_idx.movie_id)", "Workers": [], "Plans": [{"Node Type": "Seq Scan", "Parent Relationship": "Outer", "Parallel Aware": true, "Async Capable": false, "Relation Name": "movie_companies", "Alias": "mc", "Startup Cost": 0.0, "Total Cost": 29344.68, "Plan Rows": 18247, "Plan Width": 8, "Actual Rows": 8168, "Actual Loops": 7, "Filter": "((note)::text ~~ '%(2006)%'::text)", "Rows Removed by Filter": 364565, "Workers": []}, {"Node Type": "Hash", "Parent Relationship": "Inner", "Parallel Aware": true, "Async Capable": false, "Startup Cost": 15286.6, "Total Cost": 15286.6, "Plan Rows": 5089, "Plan Width": 9, "Actual Rows": 65704, "Actual Loops": 7, "Hash Buckets": 524288, "Original Hash Buckets": 16384, "Hash Batches": 1, "Original Hash Batches": 1, "Peak Memory Usage": 26336, "Workers": [], "Plans": [{"Node Type": "Hash Join", "Parent Relationship": "Outer", "Parallel Aware": false, "Async Capable": false, "Join Type": "Inner", "Startup Cost": 2.43, "Total Cost": 15286.6, "Plan Rows": 5089, "Plan Width": 9, "Actual Rows": 65704, "Actual Loops": 7, "Inner Unique": true, "Hash Cond": "(mi_idx.info_type_id = it2.id)", "Workers": [], "Plans": [{"Node Type": "Seq Scan", "Parent Relationship": "Outer", "Parallel Aware": true, "Async Capable": false, "Relation Name": "movie_info_idx", "Alias": "mi_idx", "Startup Cost": 0.0, "Total Cost": 13718.15, "Plan Rows": 575015, "Plan Width": 13, "Actual Rows": 197148, "Actual Loops": 7, "Workers": []}, {"Node Type": "Hash", "Parent Relationship": "Inner", "Parallel Aware": false, "Async Capable": false, "Startup Cost": 2.41, "Total Cost": 2.41, "Plan Rows": 1, "Plan Width": 4, "Actual Rows": 1, "Actual Loops": 7, "Hash Buckets": 1024, "Original Hash Buckets": 1024, "Hash Batches": 1, "Original Hash Batches": 1, "Peak Memory Usage": 9, "Workers": [], "Plans": [{"Node Type": "Seq Scan", "Parent Relationship": "Outer", "Parallel Aware": false, "Async Capable": false, "Relation Name": "info_type", "Alias": "it2", "Startup Cost": 0.0, "Total Cost": 2.41, "Plan Rows": 1, "Plan Width": 4, "Actual Rows": 1, "Actual Loops": 7, "Filter": "((info)::text = 'votes'::text)", "Rows Removed by Filter": 112, "Workers": []}]}]}]}]}]}]}, {"Node Type": "Index Scan", "Parent Relationship": "Inner", "Parallel Aware": false, "Async Capable": false, "Scan Direction": "Forward", "Index Name": "company_name_pkey", "Relation Name": "company_name", "Alias": "cn", "Startup Cost": 0.42, "Total Cost": 0.72, "Plan Rows": 1, "Plan Width": 4, "Actual Rows": 0, "Actual Loops": 115941, "Index Cond": "(id = mc.company_id)", "Rows Removed by Index Recheck": 0, "Filter": "((name)::text ~~ '%Film%'::text)", "Rows Removed by Filter": 1, "Workers": []}]}, {"Node Type": "Index Scan", "Parent Relationship": "Inner", "Parallel Aware": false, "Async Capable": false, "Scan Direction": "Forward", "Index Name": "name_pkey", "Relation Name": "name", "Alias": "n", "Startup Cost": 0.43, "Total Cost": 0.56, "Plan Rows": 1, "Plan Width": 19, "Actual Rows": 1, "Actual Loops": 16155, "Index Cond": "(id = ci.person_id)", "Rows Removed by Index Recheck": 0, "Workers": []}]}, {"Node Type": "Hash", "Parent Relationship": "Inner", "Parallel Aware": true, "Async Capable": false, "Startup Cost": 251964.11, "Total Cost": 251964.11, "Plan Rows": 1, "Plan Width": 72, "Actual Rows": 15, "Actual Loops": 7, "Hash Buckets": 1024, "Original Hash Buckets": 1024, "Hash Batches": 1, "Original Hash Batches": 1, "Peak Memory Usage": 232, "Workers": [], "Plans": [{"Node Type": "Nested Loop", "Parent Relationship": "Outer", "Parallel Aware": false, "Async Capable": false, "Join Type": "Inner", "Startup Cost": 45760.33, "Total Cost": 251964.11, "Plan Rows": 1, "Plan Width": 72, "Actual Rows": 15, "Actual Loops": 7, "Inner Unique": true, "Join Filter": "(t.id = mi.movie_id)", "Rows Removed by Join Filter": 0, "Workers": [], "Plans": [{"Node Type": "Hash Join", "Parent Relationship": "Outer", "Parallel Aware": true, "Async Capable": false, "Join Type": "Inner", "Startup Cost": 45759.9, "Total Cost": 251963.61, "Plan Rows": 1, "Plan Width": 51, "Actual Rows": 145, "Actual Loops": 7, "Inner Unique": false, "Hash Cond": "(mi.movie_id = mk.movie_id)", "Workers": [], "Plans": [{"Node Type": "Hash Join", "Parent Relationship": "Outer", "Parallel Aware": false, "Async Capable": false, "Join Type": "Inner", "Startup Cost": 2.43, "Total Cost": 206205.55, "Plan Rows": 151, "Plan Width": 47, "Actual Rows": 11632, "Actual Loops": 7, "Inner Unique": true, "Hash Cond": "(mi.info_type_id = it1.id)", "Workers": [], "Plans": [{"Node Type": "Seq Scan", "Parent Relationship": "Outer", "Parallel Aware": true, "Async Capable": false, "Relation Name": "movie_info", "Alias": "mi", "Startup Cost": 0.0, "Total Cost": 206156.59, "Plan Rows": 17087, "Plan Width": 51, "Actual Rows": 12078, "Actual Loops": 7, "Filter": "((info)::text = ANY ('{Action,American,Bulgaria,Crime}'::text[]))", "Rows Removed by Filter": 2107310, "Workers": []}, {"Node Type": "Hash", "Parent Relationship": "Inner", "Parallel Aware": false, "Async Capable": false, "Startup Cost": 2.41, "Total Cost": 2.41, "Plan Rows": 1, "Plan Width": 4, "Actual Rows": 1, "Actual Loops": 7, "Hash Buckets": 1024, "Original Hash Buckets": 1024, "Hash Batches": 1, "Original Hash Batches": 1, "Peak Memory Usage": 9, "Workers": [], "Plans": [{"Node Type": "Seq Scan", "Parent Relationship": "Outer", "Parallel Aware": false, "Async Capable": false, "Relation Name": "info_type", "Alias": "it1", "Startup Cost": 0.0, "Total Cost": 2.41, "Plan Rows": 1, "Plan Width": 4, "Actual Rows": 1, "Actual Loops": 7, "Filter": "((info)::text = 'genres'::text)", "Rows Removed by Filter": 112, "Workers": []}]}]}, {"Node Type": "Hash", "Parent Relationship": "Inner", "Parallel Aware": true, "Async Capable": false, "Startup Cost": 45757.07, "Total Cost": 45757.07, "Plan Rows": 33, "Plan Width": 4, "Actual Rows": 351, "Actual Loops": 7, "Hash Buckets": 1024, "Original Hash Buckets": 1024, "Hash Batches": 1, "Original Hash Batches": 1, "Peak Memory Usage": 232, "Workers": [], "Plans": [{"Node Type": "Hash Join", "Parent Relationship": "Outer", "Parallel Aware": false, "Async Capable": false, "Join Type": "Inner", "Startup Cost": 2852.88, "Total Cost": 45757.07, "Plan Rows": 33, "Plan Width": 4, "Actual Rows": 351, "Actual Loops": 7, "Inner Unique": true, "Hash Cond": "(mk.keyword_id = k.id)", "Workers": [], "Plans": [{"Node Type": "Seq Scan", "Parent Relationship": "Outer", "Parallel Aware": true, "Async Capable": false, "Relation Name": "movie_keyword", "Alias": "mk", "Startup Cost": 0.0, "Total Cost": 39073.32, "Plan Rows": 1459332, "Plan Width": 8, "Actual Rows": 646276, "Actual Loops": 7, "Workers": []}, {"Node Type": "Hash", "Parent Relationship": "Inner", "Parallel Aware": false, "Async Capable": false, "Startup Cost": 2852.84, "Total Cost": 2852.84, "Plan Rows": 3, "Plan Width": 4, "Actual Rows": 3, "Actual Loops": 7, "Hash Buckets": 1024, "Original Hash Buckets": 1024, "Hash Batches": 1, "Original Hash Batches": 1, "Peak Memory Usage": 9, "Workers": [], "Plans": [{"Node Type": "Seq Scan", "Parent Relationship": "Outer", "Parallel Aware": false, "Async Capable": false, "Relation Name": "keyword", "Alias": "k", "Startup Cost": 0.0, "Total Cost": 2852.84, "Plan Rows": 3, "Plan Width": 4, "Actual Rows": 3, "Actual Loops": 7, "Filter": "((keyword)::text = ANY ('{\"10,000-mile-club\",alienation,based-on-comic}'::text[]))", "Rows Removed by Filter": 134167, "Workers": []}]}]}]}]}, {"Node Type": "Index Scan", "Parent Relationship": "Inner", "Parallel Aware": false, "Async Capable": false, "Scan Direction": "Forward", "Index Name": "title_pkey", "Relation Name": "title", "Alias": "t", "Startup Cost": 0.43, "Total Cost": 0.49, "Plan Rows": 1, "Plan Width": 21, "Actual Rows": 0, "Actual Loops": 1017, "Index Cond": "(id = mk.movie_id)", "Rows Removed by Index Recheck": 0, "Filter": "(production_year <= 1972)", "Rows Removed by Filter": 1, "Workers": []}]}]}]}]}]}, "Planning Time": 22.369, "Triggers": [], "Execution Time": 1527.713}, {"Plan": {"Node Type": "Aggregate", "Strategy": "Plain", "Partial Mode": "Finalize", "Parallel Aware": false, "Async Capable": false, "Startup Cost": 636260.29, "Total Cost": 636260.3, "Plan Rows": 1, "Plan Width": 128, "Actual Rows": 1, "Actual Loops": 1, "Plans": [{"Node Type": "Gather", "Parent Relationship": "Outer", "Parallel Aware": false, "Async Capable": false, "Startup Cost": 636259.73, "Total Cost": 636260.24, "Plan Rows": 5, "Plan Width": 128, "Actual Rows": 6, "Actual Loops": 1, "Workers Planned": 5, "Workers Launched": 5, "Single Copy": false, "Plans": [{"Node Type": "Aggregate", "Strategy": "Plain", "Partial Mode": "Partial", "Parent Relationship": "Outer", "Parallel Aware": false, "Async Capable": false, "Startup Cost": 635259.73, "Total Cost": 635259.74, "Plan Rows": 1, "Plan Width": 128, "Actual Rows": 1, "Actual Loops": 6, "Workers": [], "Plans": [{"Node Type": "Hash Join", "Parent Relationship": "Outer", "Parallel Aware": true, "Async Capable": false, "Join Type": "Inner", "Startup Cost": 427954.7, "Total Cost": 635259.72, "Plan Rows": 1, "Plan Width": 80, "Actual Rows": 1, "Actual Loops": 6, "Inner Unique": false, "Hash Cond": "(mi.movie_id = t.id)", "Workers": [], "Plans": [{"Node Type": "Nested Loop", "Parent Relationship": "Outer", "Parallel Aware": false, "Async Capable": false, "Join Type": "Inner", "Startup Cost": 29575.61, "Total Cost": 236880.62, "Plan Rows": 3, "Plan Width": 51, "Actual Rows": 220, "Actual Loops": 6, "Inner Unique": true, "Workers": [], "Plans": [{"Node Type": "Hash Join", "Parent Relationship": "Outer", "Parallel Aware": false, "Async Capable": false, "Join Type": "Inner", "Startup Cost": 29575.19, "Total Cost": 236872.01, "Plan Rows": 12, "Plan Width": 55, "Actual Rows": 1405, "Actual Loops": 6, "Inner Unique": true, "Hash Cond": "(mi.info_type_id = it1.id)", "Workers": [], "Plans": [{"Node Type": "Hash Join", "Parent Relationship": "Outer", "Parallel Aware": true, "Async Capable": false, "Join Type": "Inner", "Startup Cost": 29572.77, "Total Cost": 236865.83, "Plan Rows": 1380, "Plan Width": 59, "Actual Rows": 1576, "Actual Loops": 6, "Inner Unique": false, "Hash Cond": "(mi.movie_id = mc.movie_id)", "Workers": [], "Plans": [{"Node Type": "Seq Scan", "Parent Relationship": "Outer", "Parallel Aware": true, "Async Capable": false, "Relation Name": "movie_info", "Alias": "mi", "Startup Cost": 0.0, "Total Cost": 206156.59, "Plan Rows": 17087, "Plan Width": 51, "Actual Rows": 14091, "Actual Loops": 6, "Filter": "((info)::text = ANY ('{Action,American,Bulgaria,Crime}'::text[]))", "Rows Removed by Filter": 2458529, "Workers": []}, {"Node Type": "Hash", "Parent Relationship": "Inner", "Parallel Aware": true, "Async Capable": false, "Startup Cost": 29344.68, "Total Cost": 29344.68, "Plan Rows": 18247, "Plan Width": 8, "Actual Rows": 9529, "Actual Loops": 6, "Hash Buckets": 65536, "Original Hash Buckets": 65536, "Hash Batches": 1, "Original Hash Batches": 1, "Peak Memory Usage": 2816, "Workers": [], "Plans": [{"Node Type": "Seq Scan", "Parent Relationship": "Outer", "Parallel Aware": true, "Async Capable": false, "Relation Name": "movie_companies", "Alias": "mc", "Startup Cost": 0.0, "Total Cost": 29344.68, "Plan Rows": 18247, "Plan Width": 8, "Actual Rows": 9529, "Actual Loops": 6, "Filter": "((note)::text ~~ '%(2006)%'::text)", "Rows Removed by Filter": 425326, "Workers": []}]}]}, {"Node Type": "Hash", "Parent Relationship": "Inner", "Parallel Aware": false, "Async Capable": false, "Startup Cost": 2.41, "Total Cost": 2.41, "Plan Rows": 1, "Plan Width": 4, "Actual Rows": 1, "Actual Loops": 6, "Hash Buckets": 1024, "Original Hash Buckets": 1024, "Hash Batches": 1, "Original Hash Batches": 1, "Peak Memory Usage": 9, "Workers": [], "Plans": [{"Node Type": "Seq Scan", "Parent Relationship": "Outer", "Parallel Aware": false, "Async Capable": false, "Relation Name": "info_type", "Alias": "it1", "Startup Cost": 0.0, "Total Cost": 2.41, "Plan Rows": 1, "Plan Width": 4, "Actual Rows": 1, "Actual Loops": 6, "Filter": "((info)::text = 'genres'::text)", "Rows Removed by Filter": 112, "Workers": []}]}]}, {"Node Type": "Index Scan", "Parent Relationship": "Inner", "Parallel Aware": false, "Async Capable": false, "Scan Direction": "Forward", "Index Name": "company_name_pkey", "Relation Name": "company_name", "Alias": "cn", "Startup Cost": 0.42, "Total Cost": 0.72, "Plan Rows": 1, "Plan Width": 4, "Actual Rows": 0, "Actual Loops": 8428, "Index Cond": "(id = mc.company_id)", "Rows Removed by Index Recheck": 0, "Filter": "((name)::text ~~ '%Film%'::text)", "Rows Removed by Filter": 1, "Workers": []}]}, {"Node Type": "Hash", "Parent Relationship": "Inner", "Parallel Aware": true, "Async Capable": false, "Startup Cost": 398379.07, "Total Cost": 398379.07, "Plan Rows": 1, "Plan Width": 53, "Actual Rows": 37, "Actual Loops": 6, "Hash Buckets": 1024, "Original Hash Buckets": 1024, "Hash Batches": 1, "Original Hash Batches": 1, "Peak Memory Usage": 200, "Workers": [], "Plans": [{"Node Type": "Nested Loop", "Parent Relationship": "Outer", "Parallel Aware": false, "Async Capable": false, "Join Type": "Inner", "Startup Cost": 61064.05, "Total Cost": 398379.07, "Plan Rows": 1, "Plan Width": 53, "Actual Rows": 37, "Actual Loops": 6, "Inner Unique": true, "Workers": [], "Plans": [{"Node Type": "Nested Loop", "Parent Relationship": "Outer", "Parallel Aware": false, "Async Capable": false, "Join Type": "Inner", "Startup Cost": 61063.62, "Total Cost": 398378.51, "Plan Rows": 1, "Plan Width": 42, "Actual Rows": 37, "Actual Loops": 6, "Inner Unique": true, "Join Filter": "(t.id = mi_idx.movie_id)", "Rows Removed by Join Filter": 0, "Workers": [], "Plans": [{"Node Type": "Hash Join", "Parent Relationship": "Outer", "Parallel Aware": true, "Async Capable": false, "Join Type": "Inner", "Startup Cost": 61063.19, "Total Cost": 398378.01, "Plan Rows": 1, "Plan Width": 21, "Actual Rows": 545, "Actual Loops": 6, "Inner Unique": false, "Hash Cond": "(ci.movie_id = mi_idx.movie_id)", "Workers": [], "Plans": [{"Node Type": "Seq Scan", "Parent Relationship": "Outer", "Parallel Aware": true, "Async Capable": false, "Relation Name": "cast_info", "Alias": "ci", "Startup Cost": 0.0, "Total Cost": 335756.3, "Plan Rows": 415604, "Plan Width": 8, "Actual Rows": 406394, "Actual Loops": 6, "Filter": "((note)::text = ANY ('{\"(executive producer)\",\"(head writer)\",(producer)}'::text[]))", "Rows Removed by Filter": 5634330, "Workers": []}, {"Node Type": "Hash", "Parent Relationship": "Inner", "Parallel Aware": true, "Async Capable": false, "Startup Cost": 61063.17, "Total Cost": 61063.17, "Plan Rows": 1, "Plan Width": 13, "Actual Rows": 300, "Actual Loops": 6, "Hash Buckets": 1024, "Original Hash Buckets": 1024, "Hash Batches": 1, "Original Hash Batches": 1, "Peak Memory Usage": 200, "Workers": [], "Plans": [{"Node Type": "Hash Join", "Parent Relationship": "Outer", "Parallel Aware": true, "Async Capable": false, "Join Type": "Inner", "Startup Cost": 45759.9, "Total Cost": 61063.17, "Plan Rows": 1, "Plan Width": 13, "Actual Rows": 300, "Actual Loops": 6, "Inner Unique": false, "Hash Cond": "(mi_idx.movie_id = mk.movie_id)", "Workers": [], "Plans": [{"Node Type": "Hash Join", "Parent Relationship": "Outer", "Parallel Aware": false, "Async Capable": false, "Join Type": "Inner", "Startup Cost": 2.43, "Total Cost": 15286.6, "Plan Rows": 5089, "Plan Width": 9, "Actual Rows": 76654, "Actual Loops": 6, "Inner Unique": true, "Hash Cond": "(mi_idx.info_type_id = it2.id)", "Workers": [], "Plans": [{"Node Type": "Seq Scan", "Parent Relationship": "Outer", "Parallel Aware": true, "Async Capable": false, "Relation Name": "movie_info_idx", "Alias": "mi_idx", "Startup Cost": 0.0, "Total Cost": 13718.15, "Plan Rows": 575015, "Plan Width": 13, "Actual Rows": 230006, "Actual Loops": 6, "Workers": []}, {"Node Type": "Hash", "Parent Relationship": "Inner", "Parallel Aware": false, "Async Capable": false, "Startup Cost": 2.41, "Total Cost": 2.41, "Plan Rows": 1, "Plan Width": 4, "Actual Rows": 1, "Actual Loops": 6, "Hash Buckets": 1024, "Original Hash Buckets": 1024, "Hash Batches": 1, "Original Hash Batches": 1, "Peak Memory Usage": 9, "Workers": [], "Plans": [{"Node Type": "Seq Scan", "Parent Relationship": "Outer", "Parallel Aware": false, "Async Capable": false, "Relation Name": "info_type", "Alias": "it2", "Startup Cost": 0.0, "Total Cost": 2.41, "Plan Rows": 1, "Plan Width": 4, "Actual Rows": 1, "Actual Loops": 6, "Filter": "((info)::text = 'votes'::text)", "Rows Removed by Filter": 112, "Workers": []}]}]}, {"Node Type": "Hash", "Parent Relationship": "Inner", "Parallel Aware": true, "Async Capable": false, "Startup Cost": 45757.07, "Total Cost": 45757.07, "Plan Rows": 33, "Plan Width": 4, "Actual Rows": 409, "Actual Loops": 6, "Hash Buckets": 1024, "Original Hash Buckets": 1024, "Hash Batches": 1, "Original Hash Batches": 1, "Peak Memory Usage": 200, "Workers": [], "Plans": [{"Node Type": "Hash Join", "Parent Relationship": "Outer", "Parallel Aware": false, "Async Capable": false, "Join Type": "Inner", "Startup Cost": 2852.88, "Total Cost": 45757.07, "Plan Rows": 33, "Plan Width": 4, "Actual Rows": 409, "Actual Loops": 6, "Inner Unique": true, "Hash Cond": "(mk.keyword_id = k.id)", "Workers": [], "Plans": [{"Node Type": "Seq Scan", "Parent Relationship": "Outer", "Parallel Aware": true, "Async Capable": false, "Relation Name": "movie_keyword", "Alias": "mk", "Startup Cost": 0.0, "Total Cost": 39073.32, "Plan Rows": 1459332, "Plan Width": 8, "Actual Rows": 753988, "Actual Loops": 6, "Workers": []}, {"Node Type": "Hash", "Parent Relationship": "Inner", "Parallel Aware": false, "Async Capable": false, "Startup Cost": 2852.84, "Total Cost": 2852.84, "Plan Rows": 3, "Plan Width": 4, "Actual Rows": 3, "Actual Loops": 6, "Hash Buckets": 1024, "Original Hash Buckets": 1024, "Hash Batches": 1, "Original Hash Batches": 1, "Peak Memory Usage": 9, "Workers": [], "Plans": [{"Node Type": "Seq Scan", "Parent Relationship": "Outer", "Parallel Aware": false, "Async Capable": false, "Relation Name": "keyword", "Alias": "k", "Startup Cost": 0.0, "Total Cost": 2852.84, "Plan Rows": 3, "Plan Width": 4, "Actual Rows": 3, "Actual Loops": 6, "Filter": "((keyword)::text = ANY ('{\"10,000-mile-club\",alienation,based-on-comic}'::text[]))", "Rows Removed by Filter": 134167, "Workers": []}]}]}]}]}]}]}, {"Node Type": "Index Scan", "Parent Relationship": "Inner", "Parallel Aware": false, "Async Capable": false, "Scan Direction": "Forward", "Index Name": "title_pkey", "Relation Name": "title", "Alias": "t", "Startup Cost": 0.43, "Total Cost": 0.49, "Plan Rows": 1, "Plan Width": 21, "Actual Rows": 0, "Actual Loops": 3269, "Index Cond": "(id = mk.movie_id)", "Rows Removed by Index Recheck": 0, "Filter": "(production_year <= 1972)", "Rows Removed by Filter": 1, "Workers": []}]}, {"Node Type": "Index Scan", "Parent Relationship": "Inner", "Parallel Aware": false, "Async Capable": false, "Scan Direction": "Forward", "Index Name": "name_pkey", "Relation Name": "name", "Alias": "n", "Startup Cost": 0.43, "Total Cost": 0.56, "Plan Rows": 1, "Plan Width": 19, "Actual Rows": 1, "Actual Loops": 224, "Index Cond": "(id = ci.person_id)", "Rows Removed by Index Recheck": 0, "Workers": []}]}]}]}]}]}]}, "Planning Time": 22.744, "Triggers": [], "Execution Time": 1652.908}, {"Plan": {"Node Type": "Aggregate", "Strategy": "Plain", "Partial Mode": "Finalize", "Parallel Aware": false, "Async Capable": false, "Startup Cost": 635334.78, "Total Cost": 635334.79, "Plan Rows": 1, "Plan Width": 128, "Actual Rows": 1, "Actual Loops": 1, "Plans": [{"Node Type": "Gather", "Parent Relationship": "Outer", "Parallel Aware": false, "Async Capable": false, "Startup Cost": 635334.22, "Total Cost": 635334.73, "Plan Rows": 5, "Plan Width": 128, "Actual Rows": 6, "Actual Loops": 1, "Workers Planned": 5, "Workers Launched": 5, "Single Copy": false, "Plans": [{"Node Type": "Aggregate", "Strategy": "Plain", "Partial Mode": "Partial", "Parent Relationship": "Outer", "Parallel Aware": false, "Async Capable": false, "Startup Cost": 634334.22, "Total Cost": 634334.23, "Plan Rows": 1, "Plan Width": 128, "Actual Rows": 1, "Actual Loops": 6, "Workers": [], "Plans": [{"Node Type": "Hash Join", "Parent Relationship": "Outer", "Parallel Aware": true, "Async Capable": false, "Join Type": "Inner", "Startup Cost": 428130.36, "Total Cost": 634334.21, "Plan Rows": 1, "Plan Width": 80, "Actual Rows": 1, "Actual Loops": 6, "Inner Unique": false, "Hash Cond": "(t.id = mi_idx.movie_id)", "Workers": [], "Plans": [{"Node Type": "Nested Loop", "Parent Relationship": "Outer", "Parallel Aware": false, "Async Capable": false, "Join Type": "Inner", "Startup Cost": 383091.04, "Total Cost": 589294.88, "Plan Rows": 1, "Plan Width": 91, "Actual Rows": 12, "Actual Loops": 6, "Inner Unique": true, "Workers": [], "Plans": [{"Node Type": "Hash Join", "Parent Relationship": "Outer", "Parallel Aware": true, "Async Capable": false, "Join Type": "Inner", "Startup Cost": 383090.61, "Total Cost": 589294.32, "Plan Rows": 1, "Plan Width": 80, "Actual Rows": 12, "Actual Loops": 6, "Inner Unique": false, "Hash Cond": "(mi.movie_id = t.id)", "Workers": [], "Plans": [{"Node Type": "Hash Join", "Parent Relationship": "Outer", "Parallel Aware": false, "Async Capable": false, "Join Type": "Inner", "Startup Cost": 2.43, "Total Cost": 206205.55, "Plan Rows": 151, "Plan Width": 47, "Actual Rows": 13571, "Actual Loops": 6, "Inner Unique": true, "Hash Cond": "(mi.info_type_id = it1.id)", "Workers": [], "Plans": [{"Node Type": "Seq Scan", "Parent Relationship": "Outer", "Parallel Aware": true, "Async Capable": false, "Relation Name": "movie_info", "Alias": "mi", "Startup Cost": 0.0, "Total Cost": 206156.59, "Plan Rows": 17087, "Plan Width": 51, "Actual Rows": 14091, "Actual Loops": 6, "Filter": "((info)::text = ANY ('{Action,American,Bulgaria,Crime}'::text[]))", "Rows Removed by Filter": 2458529, "Workers": []}, {"Node Type": "Hash", "Parent Relationship": "Inner", "Parallel Aware": false, "Async Capable": false, "Startup Cost": 2.41, "Total Cost": 2.41, "Plan Rows": 1, "Plan Width": 4, "Actual Rows": 1, "Actual Loops": 6, "Hash Buckets": 1024, "Original Hash Buckets": 1024, "Hash Batches": 1, "Original Hash Batches": 1, "Peak Memory Usage": 9, "Workers": [], "Plans": [{"Node Type": "Seq Scan", "Parent Relationship": "Outer", "Parallel Aware": false, "Async Capable": false, "Relation Name": "info_type", "Alias": "it1", "Startup Cost": 0.0, "Total Cost": 2.41, "Plan Rows": 1, "Plan Width": 4, "Actual Rows": 1, "Actual Loops": 6, "Filter": "((info)::text = 'genres'::text)", "Rows Removed by Filter": 112, "Workers": []}]}]}, {"Node Type": "Hash", "Parent Relationship": "Inner", "Parallel Aware": true, "Async Capable": false, "Startup Cost": 383088.11, "Total Cost": 383088.11, "Plan Rows": 6, "Plan Width": 33, "Actual Rows": 43, "Actual Loops": 6, "Hash Buckets": 1024, "Original Hash Buckets": 1024, "Hash Batches": 1, "Original Hash Batches": 1, "Peak Memory Usage": 200, "Workers": [], "Plans": [{"Node Type": "Hash Join", "Parent Relationship": "Outer", "Parallel Aware": true, "Async Capable": false, "Join Type": "Inner", "Startup Cost": 45773.29, "Total Cost": 383088.11, "Plan Rows": 6, "Plan Width": 33, "Actual Rows": 43, "Actual Loops": 6, "Inner Unique": false, "Hash Cond": "(ci.movie_id = t.id)", "Workers": [], "Plans": [{"Node Type": "Seq Scan", "Parent Relationship": "Outer", "Parallel Aware": true, "Async Capable": false, "Relation Name": "cast_info", "Alias": "ci", "Startup Cost": 0.0, "Total Cost": 335756.3, "Plan Rows": 415604, "Plan Width": 8, "Actual Rows": 406394, "Actual Loops": 6, "Filter": "((note)::text = ANY ('{\"(executive producer)\",\"(head writer)\",(producer)}'::text[]))", "Rows Removed by Filter": 5634330, "Workers": []}, {"Node Type": "Hash", "Parent Relationship": "Inner", "Parallel Aware": true, "Async Capable": false, "Startup Cost": 45773.23, "Total Cost": 45773.23, "Plan Rows": 5, "Plan Width": 25, "Actual Rows": 103, "Actual Loops": 6, "Hash Buckets": 1024, "Original Hash Buckets": 1024, "Hash Batches": 1, "Original Hash Batches": 1, "Peak Memory Usage": 200, "Workers": [], "Plans": [{"Node Type": "Nested Loop", "Parent Relationship": "Outer", "Parallel Aware": false, "Async Capable": false, "Join Type": "Inner", "Startup Cost": 2853.3, "Total Cost": 45773.23, "Plan Rows": 5, "Plan Width": 25, "Actual Rows": 103, "Actual Loops": 6, "Inner Unique": true, "Workers": [], "Plans": [{"Node Type": "Hash Join", "Parent Relationship": "Outer", "Parallel Aware": false, "Async Capable": false, "Join Type": "Inner", "Startup Cost": 2852.88, "Total Cost": 45757.07, "Plan Rows": 33, "Plan Width": 4, "Actual Rows": 409, "Actual Loops": 6, "Inner Unique": true, "Hash Cond": "(mk.keyword_id = k.id)", "Workers": [], "Plans": [{"Node Type": "Seq Scan", "Parent Relationship": "Outer", "Parallel Aware": true, "Async Capable": false, "Relation Name": "movie_keyword", "Alias": "mk", "Startup Cost": 0.0, "Total Cost": 39073.32, "Plan Rows": 1459332, "Plan Width": 8, "Actual Rows": 753988, "Actual Loops": 6, "Workers": []}, {"Node Type": "Hash", "Parent Relationship": "Inner", "Parallel Aware": false, "Async Capable": false, "Startup Cost": 2852.84, "Total Cost": 2852.84, "Plan Rows": 3, "Plan Width": 4, "Actual Rows": 3, "Actual Loops": 6, "Hash Buckets": 1024, "Original Hash Buckets": 1024, "Hash Batches": 1, "Original Hash Batches": 1, "Peak Memory Usage": 9, "Workers": [], "Plans": [{"Node Type": "Seq Scan", "Parent Relationship": "Outer", "Parallel Aware": false, "Async Capable": false, "Relation Name": "keyword", "Alias": "k", "Startup Cost": 0.0, "Total Cost": 2852.84, "Plan Rows": 3, "Plan Width": 4, "Actual Rows": 3, "Actual Loops": 6, "Filter": "((keyword)::text = ANY ('{\"10,000-mile-club\",alienation,based-on-comic}'::text[]))", "Rows Removed by Filter": 134167, "Workers": []}]}]}, {"Node Type": "Index Scan", "Parent Relationship": "Inner", "Parallel Aware": false, "Async Capable": false, "Scan Direction": "Forward", "Index Name": "title_pkey", "Relation Name": "title", "Alias": "t", "Startup Cost": 0.43, "Total Cost": 0.49, "Plan Rows": 1, "Plan Width": 21, "Actual Rows": 0, "Actual Loops": 2455, "Index Cond": "(id = mk.movie_id)", "Rows Removed by Index Recheck": 0, "Filter": "(production_year <= 1972)", "Rows Removed by Filter": 1, "Workers": []}]}]}]}]}]}, {"Node Type": "Index Scan", "Parent Relationship": "Inner", "Parallel Aware": false, "Async Capable": false, "Scan Direction": "Forward", "Index Name": "name_pkey", "Relation Name": "name", "Alias": "n", "Startup Cost": 0.43, "Total Cost": 0.56, "Plan Rows": 1, "Plan Width": 19, "Actual Rows": 1, "Actual Loops": 75, "Index Cond": "(id = ci.person_id)", "Rows Removed by Index Recheck": 0, "Workers": []}]}, {"Node Type": "Hash", "Parent Relationship": "Inner", "Parallel Aware": true, "Async Capable": false, "Startup Cost": 45038.25, "Total Cost": 45038.25, "Plan Rows": 86, "Plan Width": 13, "Actual Rows": 870, "Actual Loops": 6, "Hash Buckets": 8192, "Original Hash Buckets": 1024, "Hash Batches": 1, "Original Hash Batches": 1, "Peak Memory Usage": 536, "Workers": [], "Plans": [{"Node Type": "Nested Loop", "Parent Relationship": "Outer", "Parallel Aware": false, "Async Capable": false, "Join Type": "Inner", "Startup Cost": 15350.63, "Total Cost": 45038.25, "Plan Rows": 86, "Plan Width": 13, "Actual Rows": 870, "Actual Loops": 6, "Inner Unique": true, "Workers": [], "Plans": [{"Node Type": "Hash Join", "Parent Relationship": "Outer", "Parallel Aware": true, "Async Capable": false, "Join Type": "Inner", "Startup Cost": 15350.21, "Total Cost": 44764.91, "Plan Rows": 381, "Plan Width": 17, "Actual Rows": 6564, "Actual Loops": 6, "Inner Unique": false, "Hash Cond": "(mc.movie_id = mi_idx.movie_id)", "Workers": [], "Plans": [{"Node Type": "Seq Scan", "Parent Relationship": "Outer", "Parallel Aware": true, "Async Capable": false, "Relation Name": "movie_companies", "Alias": "mc", "Startup Cost": 0.0, "Total Cost": 29344.68, "Plan Rows": 18247, "Plan Width": 8, "Actual Rows": 9529, "Actual Loops": 6, "Filter": "((note)::text ~~ '%(2006)%'::text)", "Rows Removed by Filter": 425326, "Workers": []}, {"Node Type": "Hash", "Parent Relationship": "Inner", "Parallel Aware": true, "Async Capable": false, "Startup Cost": 15286.6, "Total Cost": 15286.6, "Plan Rows": 5089, "Plan Width": 9, "Actual Rows": 76654, "Actual Loops": 6, "Hash Buckets": 524288, "Original Hash Buckets": 16384, "Hash Batches": 1, "Original Hash Batches": 1, "Peak Memory Usage": 26336, "Workers": [], "Plans": [{"Node Type": "Hash Join", "Parent Relationship": "Outer", "Parallel Aware": false, "Async Capable": false, "Join Type": "Inner", "Startup Cost": 2.43, "Total Cost": 15286.6, "Plan Rows": 5089, "Plan Width": 9, "Actual Rows": 76654, "Actual Loops": 6, "Inner Unique": true, "Hash Cond": "(mi_idx.info_type_id = it2.id)", "Workers": [], "Plans": [{"Node Type": "Seq Scan", "Parent Relationship": "Outer", "Parallel Aware": true, "Async Capable": false, "Relation Name": "movie_info_idx", "Alias": "mi_idx", "Startup Cost": 0.0, "Total Cost": 13718.15, "Plan Rows": 575015, "Plan Width": 13, "Actual Rows": 230006, "Actual Loops": 6, "Workers": []}, {"Node Type": "Hash", "Parent Relationship": "Inner", "Parallel Aware": false, "Async Capable": false, "Startup Cost": 2.41, "Total Cost": 2.41, "Plan Rows": 1, "Plan Width": 4, "Actual Rows": 1, "Actual Loops": 6, "Hash Buckets": 1024, "Original Hash Buckets": 1024, "Hash Batches": 1, "Original Hash Batches": 1, "Peak Memory Usage": 9, "Workers": [], "Plans": [{"Node Type": "Seq Scan", "Parent Relationship": "Outer", "Parallel Aware": false, "Async Capable": false, "Relation Name": "info_type", "Alias": "it2", "Startup Cost": 0.0, "Total Cost": 2.41, "Plan Rows": 1, "Plan Width": 4, "Actual Rows": 1, "Actual Loops": 6, "Filter": "((info)::text = 'votes'::text)", "Rows Removed by Filter": 112, "Workers": []}]}]}]}]}, {"Node Type": "Index Scan", "Parent Relationship": "Inner", "Parallel Aware": false, "Async Capable": false, "Scan Direction": "Forward", "Index Name": "company_name_pkey", "Relation Name": "company_name", "Alias": "cn", "Startup Cost": 0.42, "Total Cost": 0.72, "Plan Rows": 1, "Plan Width": 4, "Actual Rows": 0, "Actual Loops": 39382, "Index Cond": "(id = mc.company_id)", "Rows Removed by Index Recheck": 0, "Filter": "((name)::text ~~ '%Film%'::text)", "Rows Removed by Filter": 1, "Workers": []}]}]}]}]}]}]}, "Planning Time": 22.689, "Triggers": [], "Execution Time": 1969.166}, {"Plan": {"Node Type": "Aggregate", "Strategy": "Plain", "Partial Mode": "Finalize", "Parallel Aware": false, "Async Capable": false, "Startup Cost": 651373.41, "Total Cost": 651373.42, "Plan Rows": 1, "Plan Width": 128, "Actual Rows": 1, "Actual Loops": 1, "Plans": [{"Node Type": "Gather", "Parent Relationship": "Outer", "Parallel Aware": false, "Async Capable": false, "Startup Cost": 651373.07, "Total Cost": 651373.38, "Plan Rows": 3, "Plan Width": 128, "Actual Rows": 4, "Actual Loops": 1, "Workers Planned": 3, "Workers Launched": 3, "Single Copy": false, "Plans": [{"Node Type": "Aggregate", "Strategy": "Plain", "Partial Mode": "Partial", "Parent Relationship": "Outer", "Parallel Aware": false, "Async Capable": false, "Startup Cost": 650373.07, "Total Cost": 650373.08, "Plan Rows": 1, "Plan Width": 128, "Actual Rows": 1, "Actual Loops": 4, "Workers": [], "Plans": [{"Node Type": "Hash Join", "Parent Relationship": "Outer", "Parallel Aware": true, "Async Capable": false, "Join Type": "Inner", "Startup Cost": 607468.73, "Total Cost": 650373.06, "Plan Rows": 1, "Plan Width": 80, "Actual Rows": 2, "Actual Loops": 4, "Inner Unique": false, "Hash Cond": "(mi.movie_id = t.id)", "Workers": [], "Plans": [{"Node Type": "Hash Join", "Parent Relationship": "Outer", "Parallel Aware": true, "Async Capable": false, "Join Type": "Inner", "Startup Cost": 224428.26, "Total Cost": 267332.58, "Plan Rows": 1, "Plan Width": 60, "Actual Rows": 211, "Actual Loops": 4, "Inner Unique": false, "Hash Cond": "(mk.movie_id = mi.movie_id)", "Workers": [], "Plans": [{"Node Type": "Hash Join", "Parent Relationship": "Outer", "Parallel Aware": false, "Async Capable": false, "Join Type": "Inner", "Startup Cost": 2852.88, "Total Cost": 45757.07, "Plan Rows": 33, "Plan Width": 4, "Actual Rows": 614, "Actual Loops": 4, "Inner Unique": true, "Hash Cond": "(mk.keyword_id = k.id)", "Workers": [], "Plans": [{"Node Type": "Seq Scan", "Parent Relationship": "Outer", "Parallel Aware": true, "Async Capable": false, "Relation Name": "movie_keyword", "Alias": "mk", "Startup Cost": 0.0, "Total Cost": 39073.32, "Plan Rows": 1459332, "Plan Width": 8, "Actual Rows": 1130982, "Actual Loops": 4, "Workers": []}, {"Node Type": "Hash", "Parent Relationship": "Inner", "Parallel Aware": false, "Async Capable": false, "Startup Cost": 2852.84, "Total Cost": 2852.84, "Plan Rows": 3, "Plan Width": 4, "Actual Rows": 3, "Actual Loops": 4, "Hash Buckets": 1024, "Original Hash Buckets": 1024, "Hash Batches": 1, "Original Hash Batches": 1, "Peak Memory Usage": 9, "Workers": [], "Plans": [{"Node Type": "Seq Scan", "Parent Relationship": "Outer", "Parallel Aware": false, "Async Capable": false, "Relation Name": "keyword", "Alias": "k", "Startup Cost": 0.0, "Total Cost": 2852.84, "Plan Rows": 3, "Plan Width": 4, "Actual Rows": 3, "Actual Loops": 4, "Filter": "((keyword)::text = ANY ('{\"10,000-mile-club\",alienation,based-on-comic}'::text[]))", "Rows Removed by Filter": 134167, "Workers": []}]}]}, {"Node Type": "Hash", "Parent Relationship": "Inner", "Parallel Aware": true, "Async Capable": false, "Startup Cost": 221575.35, "Total Cost": 221575.35, "Plan Rows": 3, "Plan Width": 56, "Actual Rows": 11395, "Actual Loops": 4, "Hash Buckets": 65536, "Original Hash Buckets": 1024, "Hash Batches": 1, "Original Hash Batches": 1, "Peak Memory Usage": 3576, "Workers": [], "Plans": [{"Node Type": "Hash Join", "Parent Relationship": "Outer", "Parallel Aware": false, "Async Capable": false, "Join Type": "Inner", "Startup Cost": 15352.64, "Total Cost": 221575.35, "Plan Rows": 3, "Plan Width": 56, "Actual Rows": 11395, "Actual Loops": 4, "Inner Unique": true, "Hash Cond": "(mi.info_type_id = it1.id)", "Workers": [], "Plans": [{"Node Type": "Hash Join", "Parent Relationship": "Outer", "Parallel Aware": true, "Async Capable": false, "Join Type": "Inner", "Startup Cost": 15350.21, "Total Cost": 221572.11, "Plan Rows": 295, "Plan Width": 60, "Actual Rows": 11838, "Actual Loops": 4, "Inner Unique": false, "Hash Cond": "(mi.movie_id = mi_idx.movie_id)", "Workers": [], "Plans": [{"Node Type": "Seq Scan", "Parent Relationship": "Outer", "Parallel Aware": true, "Async Capable": false, "Relation Name": "movie_info", "Alias": "mi", "Startup Cost": 0.0, "Total Cost": 206156.59, "Plan Rows": 17087, "Plan Width": 51, "Actual Rows": 21137, "Actual Loops": 4, "Filter": "((info)::text = ANY ('{Action,American,Bulgaria,Crime}'::text[]))", "Rows Removed by Filter": 3687793, "Workers": []}, {"Node Type": "Hash", "Parent Relationship": "Inner", "Parallel Aware": true, "Async Capable": false, "Startup Cost": 15286.6, "Total Cost": 15286.6, "Plan Rows": 5089, "Plan Width": 9, "Actual Rows": 114981, "Actual Loops": 4, "Hash Buckets": 524288, "Original Hash Buckets": 16384, "Hash Batches": 1, "Original Hash Batches": 1, "Peak Memory Usage": 26272, "Workers": [], "Plans": [{"Node Type": "Hash Join", "Parent Relationship": "Outer", "Parallel Aware": false, "Async Capable": false, "Join Type": "Inner", "Startup Cost": 2.43, "Total Cost": 15286.6, "Plan Rows": 5089, "Plan Width": 9, "Actual Rows": 114981, "Actual Loops": 4, "Inner Unique": true, "Hash Cond": "(mi_idx.info_type_id = it2.id)", "Workers": [], "Plans": [{"Node Type": "Seq Scan", "Parent Relationship": "Outer", "Parallel Aware": true, "Async Capable": false, "Relation Name": "movie_info_idx", "Alias": "mi_idx", "Startup Cost": 0.0, "Total Cost": 13718.15, "Plan Rows": 575015, "Plan Width": 13, "Actual Rows": 345009, "Actual Loops": 4, "Workers": []}, {"Node Type": "Hash", "Parent Relationship": "Inner", "Parallel Aware": false, "Async Capable": false, "Startup Cost": 2.41, "Total Cost": 2.41, "Plan Rows": 1, "Plan Width": 4, "Actual Rows": 1, "Actual Loops": 4, "Hash Buckets": 1024, "Original Hash Buckets": 1024, "Hash Batches": 1, "Original Hash Batches": 1, "Peak Memory Usage": 9, "Workers": [], "Plans": [{"Node Type": "Seq Scan", "Parent Relationship": "Outer", "Parallel Aware": false, "Async Capable": false, "Relation Name": "info_type", "Alias": "it2", "Startup Cost": 0.0, "Total Cost": 2.41, "Plan Rows": 1, "Plan Width": 4, "Actual Rows": 1, "Actual Loops": 4, "Filter": "((info)::text = 'votes'::text)", "Rows Removed by Filter": 112, "Workers": []}]}]}]}]}, {"Node Type": "Hash", "Parent Relationship": "Inner", "Parallel Aware": false, "Async Capable": false, "Startup Cost": 2.41, "Total Cost": 2.41, "Plan Rows": 1, "Plan Width": 4, "Actual Rows": 1, "Actual Loops": 4, "Hash Buckets": 1024, "Original Hash Buckets": 1024, "Hash Batches": 1, "Original Hash Batches": 1, "Peak Memory Usage": 9, "Workers": [], "Plans": [{"Node Type": "Seq Scan", "Parent Relationship": "Outer", "Parallel Aware": false, "Async Capable": false, "Relation Name": "info_type", "Alias": "it1", "Startup Cost": 0.0, "Total Cost": 2.41, "Plan Rows": 1, "Plan Width": 4, "Actual Rows": 1, "Actual Loops": 4, "Filter": "((info)::text = 'genres'::text)", "Rows Removed by Filter": 112, "Workers": []}]}]}]}]}, {"Node Type": "Hash", "Parent Relationship": "Inner", "Parallel Aware": true, "Async Capable": false, "Startup Cost": 383020.7, "Total Cost": 383020.7, "Plan Rows": 1581, "Plan Width": 44, "Actual Rows": 194, "Actual Loops": 4, "Hash Buckets": 8192, "Original Hash Buckets": 8192, "Hash Batches": 1, "Original Hash Batches": 1, "Peak Memory Usage": 192, "Workers": [], "Plans": [{"Node Type": "Nested Loop", "Parent Relationship": "Outer", "Parallel Aware": false, "Async Capable": false, "Join Type": "Inner", "Startup Cost": 346109.16, "Total Cost": 383020.7, "Plan Rows": 1581, "Plan Width": 44, "Actual Rows": 194, "Actual Loops": 4, "Inner Unique": true, "Workers": [], "Plans": [{"Node Type": "Nested Loop", "Parent Relationship": "Outer", "Parallel Aware": false, "Async Capable": false, "Join Type": "Inner", "Startup Cost": 346108.73, "Total Cost": 382133.99, "Plan Rows": 1581, "Plan Width": 33, "Actual Rows": 194, "Actual Loops": 4, "Inner Unique": true, "Workers": [], "Plans": [{"Node Type": "Hash Join", "Parent Relationship": "Outer", "Parallel Aware": true, "Async Capable": false, "Join Type": "Inner", "Startup Cost": 346108.3, "Total Cost": 376975.68, "Plan Rows": 9878, "Plan Width": 12, "Actual Rows": 4446, "Actual Loops": 4, "Inner Unique": false, "Hash Cond": "(mc.movie_id = ci.movie_id)", "Workers": [], "Plans": [{"Node Type": "Hash Join", "Parent Relationship": "Outer", "Parallel Aware": true, "Async Capable": false, "Join Type": "Inner", "Startup Cost": 5156.96, "Total Cost": 34549.54, "Plan Rows": 4108, "Plan Width": 4, "Actual Rows": 1626, "Actual Loops": 4, "Inner Unique": true, "Hash Cond": "(mc.company_id = cn.id)", "Workers": [], "Plans": [{"Node Type": "Seq Scan", "Parent Relationship": "Outer", "Parallel Aware": true, "Async Capable": false, "Relation Name": "movie_companies", "Alias": "mc", "Startup Cost": 0.0, "Total Cost": 29344.68, "Plan Rows": 18247, "Plan Width": 8, "Actual Rows": 14293, "Actual Loops": 4, "Filter": "((note)::text ~~ '%(2006)%'::text)", "Rows Removed by Filter": 637989, "Workers": []}, {"Node Type": "Hash", "Parent Relationship": "Inner", "Parallel Aware": true, "Async Capable": false, "Startup Cost": 4767.92, "Total Cost": 4767.92, "Plan Rows": 31123, "Plan Width": 4, "Actual Rows": 13425, "Actual Loops": 4, "Hash Buckets": 65536, "Original Hash Buckets": 65536, "Hash Batches": 1, "Original Hash Batches": 1, "Peak Memory Usage": 2688, "Workers": [], "Plans": [{"Node Type": "Seq Scan", "Parent Relationship": "Outer", "Parallel Aware": true, "Async Capable": false, "Relation Name": "company_name", "Alias": "cn", "Startup Cost": 0.0, "Total Cost": 4767.92, "Plan Rows": 31123, "Plan Width": 4, "Actual Rows": 13425, "Actual Loops": 4, "Filter": "((name)::text ~~ '%Film%'::text)", "Rows Removed by Filter": 45324, "Workers": []}]}]}, {"Node Type": "Hash", "Parent Relationship": "Inner", "Parallel Aware": true, "Async Capable": false, "Startup Cost": 335756.3, "Total Cost": 335756.3, "Plan Rows": 415604, "Plan Width": 8, "Actual Rows": 609592, "Actual Loops": 4, "Hash Buckets": 4194304, "Original Hash Buckets": 4194304, "Hash Batches": 1, "Original Hash Batches": 1, "Peak Memory Usage": 128224, "Workers": [], "Plans": [{"Node Type": "Seq Scan", "Parent Relationship": "Outer", "Parallel Aware": true, "Async Capable": false, "Relation Name": "cast_info", "Alias": "ci", "Startup Cost": 0.0, "Total Cost": 335756.3, "Plan Rows": 415604, "Plan Width": 8, "Actual Rows": 609592, "Actual Loops": 4, "Filter": "((note)::text = ANY ('{\"(executive producer)\",\"(head writer)\",(producer)}'::text[]))", "Rows Removed by Filter": 8451494, "Workers": []}]}]}, {"Node Type": "Index Scan", "Parent Relationship": "Inner", "Parallel Aware": false, "Async Capable": false, "Scan Direction": "Forward", "Index Name": "title_pkey", "Relation Name": "title", "Alias": "t", "Startup Cost": 0.43, "Total Cost": 0.52, "Plan Rows": 1, "Plan Width": 21, "Actual Rows": 0, "Actual Loops": 17784, "Index Cond": "(id = ci.movie_id)", "Rows Removed by Index Recheck": 0, "Filter": "(production_year <= 1972)", "Rows Removed by Filter": 1, "Workers": []}]}, {"Node Type": "Index Scan", "Parent Relationship": "Inner", "Parallel Aware": false, "Async Capable": false, "Scan Direction": "Forward", "Index Name": "name_pkey", "Relation Name": "name", "Alias": "n", "Startup Cost": 0.43, "Total Cost": 0.56, "Plan Rows": 1, "Plan Width": 19, "Actual Rows": 1, "Actual Loops": 776, "Index Cond": "(id = ci.person_id)", "Rows Removed by Index Recheck": 0, "Workers": []}]}]}]}]}]}]}, "Planning Time": 24.972, "Triggers": [], "Execution Time": 3248.46}, {"Plan": {"Node Type": "Aggregate", "Strategy": "Plain", "Partial Mode": "Finalize", "Parallel Aware": false, "Async Capable": false, "Startup Cost": 635332.07, "Total Cost": 635332.08, "Plan Rows": 1, "Plan Width": 128, "Actual Rows": 1, "Actual Loops": 1, "Plans": [{"Node Type": "Gather", "Parent Relationship": "Outer", "Parallel Aware": false, "Async Capable": false, "Startup Cost": 635331.51, "Total Cost": 635332.02, "Plan Rows": 5, "Plan Width": 128, "Actual Rows": 6, "Actual Loops": 1, "Workers Planned": 5, "Workers Launched": 5, "Single Copy": false, "Plans": [{"Node Type": "Aggregate", "Strategy": "Plain", "Partial Mode": "Partial", "Parent Relationship": "Outer", "Parallel Aware": false, "Async Capable": false, "Startup Cost": 634331.51, "Total Cost": 634331.52, "Plan Rows": 1, "Plan Width": 128, "Actual Rows": 1, "Actual Loops": 6, "Workers": [], "Plans": [{"Node Type": "Hash Join", "Parent Relationship": "Outer", "Parallel Aware": true, "Async Capable": false, "Join Type": "Inner", "Startup Cost": 428127.78, "Total Cost": 634331.5, "Plan Rows": 1, "Plan Width": 80, "Actual Rows": 1, "Actual Loops": 6, "Inner Unique": false, "Hash Cond": "(t.id = ci.movie_id)", "Workers": [], "Plans": [{"Node Type": "Hash Join", "Parent Relationship": "Outer", "Parallel Aware": true, "Async Capable": false, "Join Type": "Inner", "Startup Cost": 45032.43, "Total Cost": 251236.13, "Plan Rows": 1, "Plan Width": 81, "Actual Rows": 21, "Actual Loops": 6, "Inner Unique": false, "Hash Cond": "(mi.movie_id = t.id)", "Workers": [], "Plans": [{"Node Type": "Hash Join", "Parent Relationship": "Outer", "Parallel Aware": false, "Async Capable": false, "Join Type": "Inner", "Startup Cost": 2.43, "Total Cost": 206205.55, "Plan Rows": 151, "Plan Width": 47, "Actual Rows": 13571, "Actual Loops": 6, "Inner Unique": true, "Hash Cond": "(mi.info_type_id = it1.id)", "Workers": [], "Plans": [{"Node Type": "Seq Scan", "Parent Relationship": "Outer", "Parallel Aware": true, "Async Capable": false, "Relation Name": "movie_info", "Alias": "mi", "Startup Cost": 0.0, "Total Cost": 206156.59, "Plan Rows": 17087, "Plan Width": 51, "Actual Rows": 14091, "Actual Loops": 6, "Filter": "((info)::text = ANY ('{Action,American,Bulgaria,Crime}'::text[]))", "Rows Removed by Filter": 2458529, "Workers": []}, {"Node Type": "Hash", "Parent Relationship": "Inner", "Parallel Aware": false, "Async Capable": false, "Startup Cost": 2.41, "Total Cost": 2.41, "Plan Rows": 1, "Plan Width": 4, "Actual Rows": 1, "Actual Loops": 6, "Hash Buckets": 1024, "Original Hash Buckets": 1024, "Hash Batches": 1, "Original Hash Batches": 1, "Peak Memory Usage": 9, "Workers": [], "Plans": [{"Node Type": "Seq Scan", "Parent Relationship": "Outer", "Parallel Aware": false, "Async Capable": false, "Relation Name": "info_type", "Alias": "it1", "Startup Cost": 0.0, "Total Cost": 2.41, "Plan Rows": 1, "Plan Width": 4, "Actual Rows": 1, "Actual Loops": 6, "Filter": "((info)::text = 'genres'::text)", "Rows Removed by Filter": 112, "Workers": []}]}]}, {"Node Type": "Hash", "Parent Relationship": "Inner", "Parallel Aware": true, "Async Capable": false, "Startup Cost": 45029.83, "Total Cost": 45029.83, "Plan Rows": 14, "Plan Width": 34, "Actual Rows": 88, "Actual Loops": 6, "Hash Buckets": 1024, "Original Hash Buckets": 1024, "Hash Batches": 1, "Original Hash Batches": 1, "Peak Memory Usage": 200, "Workers": [], "Plans": [{"Node Type": "Nested Loop", "Parent Relationship": "Outer", "Parallel Aware": false, "Async Capable": false, "Join Type": "Inner", "Startup Cost": 15351.06, "Total Cost": 45029.83, "Plan Rows": 14, "Plan Width": 34, "Actual Rows": 88, "Actual Loops": 6, "Inner Unique": true, "Workers": [], "Plans": [{"Node Type": "Nested Loop", "Parent Relationship": "Outer", "Parallel Aware": false, "Async Capable": false, "Join Type": "Inner", "Startup Cost": 15350.64, "Total Cost": 44986.07, "Plan Rows": 61, "Plan Width": 38, "Actual Rows": 756, "Actual Loops": 6, "Inner Unique": true, "Workers": [], "Plans": [{"Node Type": "Hash Join", "Parent Relationship": "Outer", "Parallel Aware": true, "Async Capable": false, "Join Type": "Inner", "Startup Cost": 15350.21, "Total Cost": 44764.91, "Plan Rows": 381, "Plan Width": 17, "Actual Rows": 6564, "Actual Loops": 6, "Inner Unique": false, "Hash Cond": "(mc.movie_id = mi_idx.movie_id)", "Workers": [], "Plans": [{"Node Type": "Seq Scan", "Parent Relationship": "Outer", "Parallel Aware": true, "Async Capable": false, "Relation Name": "movie_companies", "Alias": "mc", "Startup Cost": 0.0, "Total Cost": 29344.68, "Plan Rows": 18247, "Plan Width": 8, "Actual Rows": 9529, "Actual Loops": 6, "Filter": "((note)::text ~~ '%(2006)%'::text)", "Rows Removed by Filter": 425326, "Workers": []}, {"Node Type": "Hash", "Parent Relationship": "Inner", "Parallel Aware": true, "Async Capable": false, "Startup Cost": 15286.6, "Total Cost": 15286.6, "Plan Rows": 5089, "Plan Width": 9, "Actual Rows": 76654, "Actual Loops": 6, "Hash Buckets": 524288, "Original Hash Buckets": 16384, "Hash Batches": 1, "Original Hash Batches": 1, "Peak Memory Usage": 26336, "Workers": [], "Plans": [{"Node Type": "Hash Join", "Parent Relationship": "Outer", "Parallel Aware": false, "Async Capable": false, "Join Type": "Inner", "Startup Cost": 2.43, "Total Cost": 15286.6, "Plan Rows": 5089, "Plan Width": 9, "Actual Rows": 76654, "Actual Loops": 6, "Inner Unique": true, "Hash Cond": "(mi_idx.info_type_id = it2.id)", "Workers": [], "Plans": [{"Node Type": "Seq Scan", "Parent Relationship": "Outer", "Parallel Aware": true, "Async Capable": false, "Relation Name": "movie_info_idx", "Alias": "mi_idx", "Startup Cost": 0.0, "Total Cost": 13718.15, "Plan Rows": 575015, "Plan Width": 13, "Actual Rows": 230006, "Actual Loops": 6, "Workers": []}, {"Node Type": "Hash", "Parent Relationship": "Inner", "Parallel Aware": false, "Async Capable": false, "Startup Cost": 2.41, "Total Cost": 2.41, "Plan Rows": 1, "Plan Width": 4, "Actual Rows": 1, "Actual Loops": 6, "Hash Buckets": 1024, "Original Hash Buckets": 1024, "Hash Batches": 1, "Original Hash Batches": 1, "Peak Memory Usage": 9, "Workers": [], "Plans": [{"Node Type": "Seq Scan", "Parent Relationship": "Outer", "Parallel Aware": false, "Async Capable": false, "Relation Name": "info_type", "Alias": "it2", "Startup Cost": 0.0, "Total Cost": 2.41, "Plan Rows": 1, "Plan Width": 4, "Actual Rows": 1, "Actual Loops": 6, "Filter": "((info)::text = 'votes'::text)", "Rows Removed by Filter": 112, "Workers": []}]}]}]}]}, {"Node Type": "Index Scan", "Parent Relationship": "Inner", "Parallel Aware": false, "Async Capable": false, "Scan Direction": "Forward", "Index Name": "title_pkey", "Relation Name": "title", "Alias": "t", "Startup Cost": 0.43, "Total Cost": 0.58, "Plan Rows": 1, "Plan Width": 21, "Actual Rows": 0, "Actual Loops": 39382, "Index Cond": "(id = mi_idx.movie_id)", "Rows Removed by Index Recheck": 0, "Filter": "(production_year <= 1972)", "Rows Removed by Filter": 1, "Workers": []}]}, {"Node Type": "Index Scan", "Parent Relationship": "Inner", "Parallel Aware": false, "Async Capable": false, "Scan Direction": "Forward", "Index Name": "company_name_pkey", "Relation Name": "company_name", "Alias": "cn", "Startup Cost": 0.42, "Total Cost": 0.72, "Plan Rows": 1, "Plan Width": 4, "Actual Rows": 0, "Actual Loops": 4536, "Index Cond": "(id = mc.company_id)", "Rows Removed by Index Recheck": 0, "Filter": "((name)::text ~~ '%Film%'::text)", "Rows Removed by Filter": 1, "Workers": []}]}]}]}, {"Node Type": "Hash", "Parent Relationship": "Inner", "Parallel Aware": true, "Async Capable": false, "Startup Cost": 383094.85, "Total Cost": 383094.85, "Plan Rows": 40, "Plan Width": 23, "Actual Rows": 657, "Actual Loops": 6, "Hash Buckets": 4096, "Original Hash Buckets": 1024, "Hash Batches": 1, "Original Hash Batches": 1, "Peak Memory Usage": 440, "Workers": [], "Plans": [{"Node Type": "Nested Loop", "Parent Relationship": "Outer", "Parallel Aware": false, "Async Capable": false, "Join Type": "Inner", "Startup Cost": 45757.91, "Total Cost": 383094.85, "Plan Rows": 40, "Plan Width": 23, "Actual Rows": 657, "Actual Loops": 6, "Inner Unique": true, "Workers": [], "Plans": [{"Node Type": "Hash Join", "Parent Relationship": "Outer", "Parallel Aware": true, "Async Capable": false, "Join Type": "Inner", "Startup Cost": 45757.48, "Total Cost": 383072.42, "Plan Rows": 40, "Plan Width": 12, "Actual Rows": 657, "Actual Loops": 6, "Inner Unique": false, "Hash Cond": "(ci.movie_id = mk.movie_id)", "Workers": [], "Plans": [{"Node Type": "Seq Scan", "Parent Relationship": "Outer", "Parallel Aware": true, "Async Capable": false, "Relation Name": "cast_info", "Alias": "ci", "Startup Cost": 0.0, "Total Cost": 335756.3, "Plan Rows": 415604, "Plan Width": 8, "Actual Rows": 406394, "Actual Loops": 6, "Filter": "((note)::text = ANY ('{\"(executive producer)\",\"(head writer)\",(producer)}'::text[]))", "Rows Removed by Filter": 5634330, "Workers": []}, {"Node Type": "Hash", "Parent Relationship": "Inner", "Parallel Aware": true, "Async Capable": false, "Startup Cost": 45757.07, "Total Cost": 45757.07, "Plan Rows": 33, "Plan Width": 4, "Actual Rows": 409, "Actual Loops": 6, "Hash Buckets": 1024, "Original Hash Buckets": 1024, "Hash Batches": 1, "Original Hash Batches": 1, "Peak Memory Usage": 200, "Workers": [], "Plans": [{"Node Type": "Hash Join", "Parent Relationship": "Outer", "Parallel Aware": false, "Async Capable": false, "Join Type": "Inner", "Startup Cost": 2852.88, "Total Cost": 45757.07, "Plan Rows": 33, "Plan Width": 4, "Actual Rows": 409, "Actual Loops": 6, "Inner Unique": true, "Hash Cond": "(mk.keyword_id = k.id)", "Workers": [], "Plans": [{"Node Type": "Seq Scan", "Parent Relationship": "Outer", "Parallel Aware": true, "Async Capable": false, "Relation Name": "movie_keyword", "Alias": "mk", "Startup Cost": 0.0, "Total Cost": 39073.32, "Plan Rows": 1459332, "Plan Width": 8, "Actual Rows": 753988, "Actual Loops": 6, "Workers": []}, {"Node Type": "Hash", "Parent Relationship": "Inner", "Parallel Aware": false, "Async Capable": false, "Startup Cost": 2852.84, "Total Cost": 2852.84, "Plan Rows": 3, "Plan Width": 4, "Actual Rows": 3, "Actual Loops": 6, "Hash Buckets": 1024, "Original Hash Buckets": 1024, "Hash Batches": 1, "Original Hash Batches": 1, "Peak Memory Usage": 9, "Workers": [], "Plans": [{"Node Type": "Seq Scan", "Parent Relationship": "Outer", "Parallel Aware": false, "Async Capable": false, "Relation Name": "keyword", "Alias": "k", "Startup Cost": 0.0, "Total Cost": 2852.84, "Plan Rows": 3, "Plan Width": 4, "Actual Rows": 3, "Actual Loops": 6, "Filter": "((keyword)::text = ANY ('{\"10,000-mile-club\",alienation,based-on-comic}'::text[]))", "Rows Removed by Filter": 134167, "Workers": []}]}]}]}]}, {"Node Type": "Index Scan", "Parent Relationship": "Inner", "Parallel Aware": false, "Async Capable": false, "Scan Direction": "Forward", "Index Name": "name_pkey", "Relation Name": "name", "Alias": "n", "Startup Cost": 0.43, "Total Cost": 0.56, "Plan Rows": 1, "Plan Width": 19, "Actual Rows": 1, "Actual Loops": 3941, "Index Cond": "(id = ci.person_id)", "Rows Removed by Index Recheck": 0, "Workers": []}]}]}]}]}]}]}, "Planning Time": 22.737, "Triggers": [], "Execution Time": 4008.686}, {"Plan": {"Node Type": "Aggregate", "Strategy": "Plain", "Partial Mode": "Finalize", "Parallel Aware": false, "Async Capable": false, "Startup Cost": 635244.51, "Total Cost": 635244.52, "Plan Rows": 1, "Plan Width": 128, "Actual Rows": 1, "Actual Loops": 1, "Plans": [{"Node Type": "Gather", "Parent Relationship": "Outer", "Parallel Aware": false, "Async Capable": false, "Startup Cost": 635243.84, "Total Cost": 635244.45, "Plan Rows": 6, "Plan Width": 128, "Actual Rows": 7, "Actual Loops": 1, "Workers Planned": 6, "Workers Launched": 6, "Single Copy": false, "Plans": [{"Node Type": "Aggregate", "Strategy": "Plain", "Partial Mode": "Partial", "Parent Relationship": "Outer", "Parallel Aware": false, "Async Capable": false, "Startup Cost": 634243.84, "Total Cost": 634243.85, "Plan Rows": 1, "Plan Width": 128, "Actual Rows": 1, "Actual Loops": 7, "Workers": [], "Plans": [{"Node Type": "Nested Loop", "Parent Relationship": "Outer", "Parallel Aware": false, "Async Capable": false, "Join Type": "Inner", "Startup Cost": 296735.87, "Total Cost": 634243.83, "Plan Rows": 1, "Plan Width": 80, "Actual Rows": 1, "Actual Loops": 7, "Inner Unique": true, "Join Filter": "(t.id = mi.movie_id)", "Rows Removed by Join Filter": 0, "Workers": [], "Plans": [{"Node Type": "Nested Loop", "Parent Relationship": "Outer", "Parallel Aware": false, "Async Capable": false, "Join Type": "Inner", "Startup Cost": 296735.44, "Total Cost": 634243.33, "Plan Rows": 1, "Plan Width": 83, "Actual Rows": 25, "Actual Loops": 7, "Inner Unique": true, "Workers": [], "Plans": [{"Node Type": "Hash Join", "Parent Relationship": "Outer", "Parallel Aware": true, "Async Capable": false, "Join Type": "Inner", "Startup Cost": 296735.01, "Total Cost": 634242.76, "Plan Rows": 1, "Plan Width": 72, "Actual Rows": 25, "Actual Loops": 7, "Inner Unique": false, "Hash Cond": "(mi_idx.movie_id = mi.movie_id)", "Workers": [], "Plans": [{"Node Type": "Hash Join", "Parent Relationship": "Outer", "Parallel Aware": true, "Async Capable": false, "Join Type": "Inner", "Startup Cost": 90527.57, "Total Cost": 428035.28, "Plan Rows": 1, "Plan Width": 25, "Actual Rows": 41, "Actual Loops": 7, "Inner Unique": false, "Hash Cond": "(mi_idx.movie_id = mk.movie_id)", "Workers": [], "Plans": [{"Node Type": "Nested Loop", "Parent Relationship": "Outer", "Parallel Aware": false, "Async Capable": false, "Join Type": "Inner", "Startup Cost": 44770.09, "Total Cost": 382277.56, "Plan Rows": 60, "Plan Width": 21, "Actual Rows": 2308, "Actual Loops": 7, "Inner Unique": true, "Workers": [], "Plans": [{"Node Type": "Hash Join", "Parent Relationship": "Outer", "Parallel Aware": true, "Async Capable": false, "Join Type": "Inner", "Startup Cost": 44769.67, "Total Cost": 382086.01, "Plan Rows": 267, "Plan Width": 25, "Actual Rows": 16563, "Actual Loops": 7, "Inner Unique": false, "Hash Cond": "(ci.movie_id = mi_idx.movie_id)", "Workers": [], "Plans": [{"Node Type": "Seq Scan", "Parent Relationship": "Outer", "Parallel Aware": true, "Async Capable": false, "Relation Name": "cast_info", "Alias": "ci", "Startup Cost": 0.0, "Total Cost": 335756.3, "Plan Rows": 415604, "Plan Width": 8, "Actual Rows": 348338, "Actual Loops": 7, "Filter": "((note)::text = ANY ('{\"(executive producer)\",\"(head writer)\",(producer)}'::text[]))", "Rows Removed by Filter": 4829425, "Workers": []}, {"Node Type": "Hash", "Parent Relationship": "Inner", "Parallel Aware": true, "Async Capable": false, "Startup Cost": 44764.91, "Total Cost": 44764.91, "Plan Rows": 381, "Plan Width": 17, "Actual Rows": 5626, "Actual Loops": 7, "Hash Buckets": 65536, "Original Hash Buckets": 2048, "Hash Batches": 1, "Original Hash Batches": 1, "Peak Memory Usage": 3056, "Workers": [], "Plans": [{"Node Type": "Hash Join", "Parent Relationship": "Outer", "Parallel Aware": true, "Async Capable": false, "Join Type": "Inner", "Startup Cost": 15350.21, "Total Cost": 44764.91, "Plan Rows": 381, "Plan Width": 17, "Actual Rows": 5626, "Actual Loops": 7, "Inner Unique": false, "Hash Cond": "(mc.movie_id = mi_idx.movie_id)", "Workers": [], "Plans": [{"Node Type": "Seq Scan", "Parent Relationship": "Outer", "Parallel Aware": true, "Async Capable": false, "Relation Name": "movie_companies", "Alias": "mc", "Startup Cost": 0.0, "Total Cost": 29344.68, "Plan Rows": 18247, "Plan Width": 8, "Actual Rows": 8168, "Actual Loops": 7, "Filter": "((note)::text ~~ '%(2006)%'::text)", "Rows Removed by Filter": 364565, "Workers": []}, {"Node Type": "Hash", "Parent Relationship": "Inner", "Parallel Aware": true, "Async Capable": false, "Startup Cost": 15286.6, "Total Cost": 15286.6, "Plan Rows": 5089, "Plan Width": 9, "Actual Rows": 65704, "Actual Loops": 7, "Hash Buckets": 524288, "Original Hash Buckets": 16384, "Hash Batches": 1, "Original Hash Batches": 1, "Peak Memory Usage": 26304, "Workers": [], "Plans": [{"Node Type": "Hash Join", "Parent Relationship": "Outer", "Parallel Aware": false, "Async Capable": false, "Join Type": "Inner", "Startup Cost": 2.43, "Total Cost": 15286.6, "Plan Rows": 5089, "Plan Width": 9, "Actual Rows": 65704, "Actual Loops": 7, "Inner Unique": true, "Hash Cond": "(mi_idx.info_type_id = it2.id)", "Workers": [], "Plans": [{"Node Type": "Seq Scan", "Parent Relationship": "Outer", "Parallel Aware": true, "Async Capable": false, "Relation Name": "movie_info_idx", "Alias": "mi_idx", "Startup Cost": 0.0, "Total Cost": 13718.15, "Plan Rows": 575015, "Plan Width": 13, "Actual Rows": 197148, "Actual Loops": 7, "Workers": []}, {"Node Type": "Hash", "Parent Relationship": "Inner", "Parallel Aware": false, "Async Capable": false, "Startup Cost": 2.41, "Total Cost": 2.41, "Plan Rows": 1, "Plan Width": 4, "Actual Rows": 1, "Actual Loops": 7, "Hash Buckets": 1024, "Original Hash Buckets": 1024, "Hash Batches": 1, "Original Hash Batches": 1, "Peak Memory Usage": 9, "Workers": [], "Plans": [{"Node Type": "Seq Scan", "Parent Relationship": "Outer", "Parallel Aware": false, "Async Capable": false, "Relation Name": "info_type", "Alias": "it2", "Startup Cost": 0.0, "Total Cost": 2.41, "Plan Rows": 1, "Plan Width": 4, "Actual Rows": 1, "Actual Loops": 7, "Filter": "((info)::text = 'votes'::text)", "Rows Removed by Filter": 112, "Workers": []}]}]}]}]}]}]}, {"Node Type": "Index Scan", "Parent Relationship": "Inner", "Parallel Aware": false, "Async Capable": false, "Scan Direction": "Forward", "Index Name": "company_name_pkey", "Relation Name": "company_name", "Alias": "cn", "Startup Cost": 0.42, "Total Cost": 0.72, "Plan Rows": 1, "Plan Width": 4, "Actual Rows": 0, "Actual Loops": 115941, "Index Cond": "(id = mc.company_id)", "Rows Removed by Index Recheck": 0, "Filter": "((name)::text ~~ '%Film%'::text)", "Rows Removed by Filter": 1, "Workers": []}]}, {"Node Type": "Hash", "Parent Relationship": "Inner", "Parallel Aware": true, "Async Capable": false, "Startup Cost": 45757.07, "Total Cost": 45757.07, "Plan Rows": 33, "Plan Width": 4, "Actual Rows": 351, "Actual Loops": 7, "Hash Buckets": 1024, "Original Hash Buckets": 1024, "Hash Batches": 1, "Original Hash Batches": 1, "Peak Memory Usage": 232, "Workers": [], "Plans": [{"Node Type": "Hash Join", "Parent Relationship": "Outer", "Parallel Aware": false, "Async Capable": false, "Join Type": "Inner", "Startup Cost": 2852.88, "Total Cost": 45757.07, "Plan Rows": 33, "Plan Width": 4, "Actual Rows": 351, "Actual Loops": 7, "Inner Unique": true, "Hash Cond": "(mk.keyword_id = k.id)", "Workers": [], "Plans": [{"Node Type": "Seq Scan", "Parent Relationship": "Outer", "Parallel Aware": true, "Async Capable": false, "Relation Name": "movie_keyword", "Alias": "mk", "Startup Cost": 0.0, "Total Cost": 39073.32, "Plan Rows": 1459332, "Plan Width": 8, "Actual Rows": 646276, "Actual Loops": 7, "Workers": []}, {"Node Type": "Hash", "Parent Relationship": "Inner", "Parallel Aware": false, "Async Capable": false, "Startup Cost": 2852.84, "Total Cost": 2852.84, "Plan Rows": 3, "Plan Width": 4, "Actual Rows": 3, "Actual Loops": 7, "Hash Buckets": 1024, "Original Hash Buckets": 1024, "Hash Batches": 1, "Original Hash Batches": 1, "Peak Memory Usage": 9, "Workers": [], "Plans": [{"Node Type": "Seq Scan", "Parent Relationship": "Outer", "Parallel Aware": false, "Async Capable": false, "Relation Name": "keyword", "Alias": "k", "Startup Cost": 0.0, "Total Cost": 2852.84, "Plan Rows": 3, "Plan Width": 4, "Actual Rows": 3, "Actual Loops": 7, "Filter": "((keyword)::text = ANY ('{\"10,000-mile-club\",alienation,based-on-comic}'::text[]))", "Rows Removed by Filter": 134167, "Workers": []}]}]}]}]}, {"Node Type": "Hash", "Parent Relationship": "Inner", "Parallel Aware": true, "Async Capable": false, "Startup Cost": 206205.55, "Total Cost": 206205.55, "Plan Rows": 151, "Plan Width": 47, "Actual Rows": 11632, "Actual Loops": 7, "Hash Buckets": 131072, "Original Hash Buckets": 1024, "Hash Batches": 1, "Original Hash Batches": 1, "Peak Memory Usage": 6008, "Workers": [], "Plans": [{"Node Type": "Hash Join", "Parent Relationship": "Outer", "Parallel Aware": false, "Async Capable": false, "Join Type": "Inner", "Startup Cost": 2.43, "Total Cost": 206205.55, "Plan Rows": 151, "Plan Width": 47, "Actual Rows": 11632, "Actual Loops": 7, "Inner Unique": true, "Hash Cond": "(mi.info_type_id = it1.id)", "Workers": [], "Plans": [{"Node Type": "Seq Scan", "Parent Relationship": "Outer", "Parallel Aware": true, "Async Capable": false, "Relation Name": "movie_info", "Alias": "mi", "Startup Cost": 0.0, "Total Cost": 206156.59, "Plan Rows": 17087, "Plan Width": 51, "Actual Rows": 12078, "Actual Loops": 7, "Filter": "((info)::text = ANY ('{Action,American,Bulgaria,Crime}'::text[]))", "Rows Removed by Filter": 2107310, "Workers": []}, {"Node Type": "Hash", "Parent Relationship": "Inner", "Parallel Aware": false, "Async Capable": false, "Startup Cost": 2.41, "Total Cost": 2.41, "Plan Rows": 1, "Plan Width": 4, "Actual Rows": 1, "Actual Loops": 7, "Hash Buckets": 1024, "Original Hash Buckets": 1024, "Hash Batches": 1, "Original Hash Batches": 1, "Peak Memory Usage": 9, "Workers": [], "Plans": [{"Node Type": "Seq Scan", "Parent Relationship": "Outer", "Parallel Aware": false, "Async Capable": false, "Relation Name": "info_type", "Alias": "it1", "Startup Cost": 0.0, "Total Cost": 2.41, "Plan Rows": 1, "Plan Width": 4, "Actual Rows": 1, "Actual Loops": 7, "Filter": "((info)::text = 'genres'::text)", "Rows Removed by Filter": 112, "Workers": []}]}]}]}]}, {"Node Type": "Index Scan", "Parent Relationship": "Inner", "Parallel Aware": false, "Async Capable": false, "Scan Direction": "Forward", "Index Name": "name_pkey", "Relation Name": "name", "Alias": "n", "Startup Cost": 0.43, "Total Cost": 0.56, "Plan Rows": 1, "Plan Width": 19, "Actual Rows": 1, "Actual Loops": 176, "Index Cond": "(id = ci.person_id)", "Rows Removed by Index Recheck": 0, "Workers": []}]}, {"Node Type": "Index Scan", "Parent Relationship": "Inner", "Parallel Aware": false, "Async Capable": false, "Scan Direction": "Forward", "Index Name": "title_pkey", "Relation Name": "title", "Alias": "t", "Startup Cost": 0.43, "Total Cost": 0.49, "Plan Rows": 1, "Plan Width": 21, "Actual Rows": 0, "Actual Loops": 176, "Index Cond": "(id = mk.movie_id)", "Rows Removed by Index Recheck": 0, "Filter": "(production_year <= 1972)", "Rows Removed by Filter": 1, "Workers": []}]}]}]}]}, "Planning Time": 22.95, "Triggers": [], "Execution Time": 1559.048}, {"Plan": {"Node Type": "Aggregate", "Strategy": "Plain", "Partial Mode": "Finalize", "Parallel Aware": false, "Async Capable": false, "Startup Cost": 637555.53, "Total Cost": 637555.54, "Plan Rows": 1, "Plan Width": 128, "Actual Rows": 1, "Actual Loops": 1, "Plans": [{"Node Type": "Gather", "Parent Relationship": "Outer", "Parallel Aware": false, "Async Capable": false, "Startup Cost": 637554.86, "Total Cost": 637555.47, "Plan Rows": 6, "Plan Width": 128, "Actual Rows": 7, "Actual Loops": 1, "Workers Planned": 6, "Workers Launched": 6, "Single Copy": false, "Plans": [{"Node Type": "Aggregate", "Strategy": "Plain", "Partial Mode": "Partial", "Parent Relationship": "Outer", "Parallel Aware": false, "Async Capable": false, "Startup Cost": 636554.86, "Total Cost": 636554.87, "Plan Rows": 1, "Plan Width": 128, "Actual Rows": 1, "Actual Loops": 7, "Workers": [], "Plans": [{"Node Type": "Hash Join", "Parent Relationship": "Outer", "Parallel Aware": true, "Async Capable": false, "Join Type": "Inner", "Startup Cost": 296161.58, "Total Cost": 636554.85, "Plan Rows": 1, "Plan Width": 80, "Actual Rows": 1, "Actual Loops": 7, "Inner Unique": false, "Hash Cond": "(t.id = mi.movie_id)", "Workers": [], "Plans": [{"Node Type": "Nested Loop", "Parent Relationship": "Outer", "Parallel Aware": false, "Async Capable": false, "Join Type": "Inner", "Startup Cost": 15351.07, "Total Cost": 355741.39, "Plan Rows": 783, "Plan Width": 49, "Actual Rows": 10003, "Actual Loops": 7, "Inner Unique": true, "Workers": [], "Plans": [{"Node Type": "Nested Loop", "Parent Relationship": "Outer", "Parallel Aware": false, "Async Capable": false, "Join Type": "Inner", "Startup Cost": 15350.64, "Total Cost": 355302.24, "Plan Rows": 783, "Plan Width": 38, "Actual Rows": 10003, "Actual Loops": 7, "Inner Unique": true, "Join Filter": "(t.id = mi_idx.movie_id)", "Rows Removed by Join Filter": 0, "Workers": [], "Plans": [{"Node Type": "Hash Join", "Parent Relationship": "Outer", "Parallel Aware": true, "Async Capable": false, "Join Type": "Inner", "Startup Cost": 15350.21, "Total Cost": 352685.41, "Plan Rows": 4894, "Plan Width": 17, "Actual Rows": 123380, "Actual Loops": 7, "Inner Unique": false, "Hash Cond": "(ci.movie_id = mi_idx.movie_id)", "Workers": [], "Plans": [{"Node Type": "Seq Scan", "Parent Relationship": "Outer", "Parallel Aware": true, "Async Capable": false, "Relation Name": "cast_info", "Alias": "ci", "Startup Cost": 0.0, "Total Cost": 335756.3, "Plan Rows": 415604, "Plan Width": 8, "Actual Rows": 348338, "Actual Loops": 7, "Filter": "((note)::text = ANY ('{\"(executive producer)\",\"(head writer)\",(producer)}'::text[]))", "Rows Removed by Filter": 4829425, "Workers": []}, {"Node Type": "Hash", "Parent Relationship": "Inner", "Parallel Aware": true, "Async Capable": false, "Startup Cost": 15286.6, "Total Cost": 15286.6, "Plan Rows": 5089, "Plan Width": 9, "Actual Rows": 65704, "Actual Loops": 7, "Hash Buckets": 524288, "Original Hash Buckets": 16384, "Hash Batches": 1, "Original Hash Batches": 1, "Peak Memory Usage": 26336, "Workers": [], "Plans": [{"Node Type": "Hash Join", "Parent Relationship": "Outer", "Parallel Aware": false, "Async Capable": false, "Join Type": "Inner", "Startup Cost": 2.43, "Total Cost": 15286.6, "Plan Rows": 5089, "Plan Width": 9, "Actual Rows": 65704, "Actual Loops": 7, "Inner Unique": true, "Hash Cond": "(mi_idx.info_type_id = it2.id)", "Workers": [], "Plans": [{"Node Type": "Seq Scan", "Parent Relationship": "Outer", "Parallel Aware": true, "Async Capable": false, "Relation Name": "movie_info_idx", "Alias": "mi_idx", "Startup Cost": 0.0, "Total Cost": 13718.15, "Plan Rows": 575015, "Plan Width": 13, "Actual Rows": 197148, "Actual Loops": 7, "Workers": []}, {"Node Type": "Hash", "Parent Relationship": "Inner", "Parallel Aware": false, "Async Capable": false, "Startup Cost": 2.41, "Total Cost": 2.41, "Plan Rows": 1, "Plan Width": 4, "Actual Rows": 1, "Actual Loops": 7, "Hash Buckets": 1024, "Original Hash Buckets": 1024, "Hash Batches": 1, "Original Hash Batches": 1, "Peak Memory Usage": 9, "Workers": [], "Plans": [{"Node Type": "Seq Scan", "Parent Relationship": "Outer", "Parallel Aware": false, "Async Capable": false, "Relation Name": "info_type", "Alias": "it2", "Startup Cost": 0.0, "Total Cost": 2.41, "Plan Rows": 1, "Plan Width": 4, "Actual Rows": 1, "Actual Loops": 7, "Filter": "((info)::text = 'votes'::text)", "Rows Removed by Filter": 112, "Workers": []}]}]}]}]}, {"Node Type": "Index Scan", "Parent Relationship": "Inner", "Parallel Aware": false, "Async Capable": false, "Scan Direction": "Forward", "Index Name": "title_pkey", "Relation Name": "title", "Alias": "t", "Startup Cost": 0.43, "Total Cost": 0.52, "Plan Rows": 1, "Plan Width": 21, "Actual Rows": 0, "Actual Loops": 863658, "Index Cond": "(id = ci.movie_id)", "Rows Removed by Index Recheck": 0, "Filter": "(production_year <= 1972)", "Rows Removed by Filter": 1, "Workers": []}]}, {"Node Type": "Index Scan", "Parent Relationship": "Inner", "Parallel Aware": false, "Async Capable": false, "Scan Direction": "Forward", "Index Name": "name_pkey", "Relation Name": "name", "Alias": "n", "Startup Cost": 0.43, "Total Cost": 0.56, "Plan Rows": 1, "Plan Width": 19, "Actual Rows": 1, "Actual Loops": 70022, "Index Cond": "(id = ci.person_id)", "Rows Removed by Index Recheck": 0, "Workers": []}]}, {"Node Type": "Hash", "Parent Relationship": "Inner", "Parallel Aware": true, "Async Capable": false, "Startup Cost": 280810.49, "Total Cost": 280810.49, "Plan Rows": 1, "Plan Width": 55, "Actual Rows": 7, "Actual Loops": 7, "Hash Buckets": 1024, "Original Hash Buckets": 1024, "Hash Batches": 1, "Original Hash Batches": 1, "Peak Memory Usage": 232, "Workers": [], "Plans": [{"Node Type": "Nested Loop", "Parent Relationship": "Outer", "Parallel Aware": false, "Async Capable": false, "Join Type": "Inner", "Startup Cost": 236251.25, "Total Cost": 280810.49, "Plan Rows": 1, "Plan Width": 55, "Actual Rows": 7, "Actual Loops": 7, "Inner Unique": true, "Workers": [], "Plans": [{"Node Type": "Hash Join", "Parent Relationship": "Outer", "Parallel Aware": true, "Async Capable": false, "Join Type": "Inner", "Startup Cost": 236250.83, "Total Cost": 280796.76, "Plan Rows": 31, "Plan Width": 59, "Actual Rows": 12957, "Actual Loops": 7, "Inner Unique": false, "Hash Cond": "(mk.movie_id = mi.movie_id)", "Workers": [], "Plans": [{"Node Type": "Seq Scan", "Parent Relationship": "Outer", "Parallel Aware": true, "Async Capable": false, "Relation Name": "movie_keyword", "Alias": "mk", "Startup Cost": 0.0, "Total Cost": 39073.32, "Plan Rows": 1459332, "Plan Width": 8, "Actual Rows": 646276, "Actual Loops": 7, "Workers": []}, {"Node Type": "Hash", "Parent Relationship": "Inner", "Parallel Aware": true, "Async Capable": false, "Startup Cost": 236250.77, "Total Cost": 236250.77, "Plan Rows": 5, "Plan Width": 51, "Actual Rows": 189, "Actual Loops": 7, "Hash Buckets": 1024, "Original Hash Buckets": 1024, "Hash Batches": 1, "Original Hash Batches": 1, "Peak Memory Usage": 232, "Workers": [], "Plans": [{"Node Type": "Nested Loop", "Parent Relationship": "Outer", "Parallel Aware": false, "Async Capable": false, "Join Type": "Inner", "Startup Cost": 206207.86, "Total Cost": 236250.77, "Plan Rows": 5, "Plan Width": 51, "Actual Rows": 189, "Actual Loops": 7, "Inner Unique": true, "Workers": [], "Plans": [{"Node Type": "Hash Join", "Parent Relationship": "Outer", "Parallel Aware": true, "Async Capable": false, "Join Type": "Inner", "Startup Cost": 206207.44, "Total Cost": 236236.42, "Plan Rows": 20, "Plan Width": 55, "Actual Rows": 1204, "Actual Loops": 7, "Inner Unique": false, "Hash Cond": "(mc.movie_id = mi.movie_id)", "Workers": [], "Plans": [{"Node Type": "Seq Scan", "Parent Relationship": "Outer", "Parallel Aware": true, "Async Capable": false, "Relation Name": "movie_companies", "Alias": "mc", "Startup Cost": 0.0, "Total Cost": 29344.68, "Plan Rows": 18247, "Plan Width": 8, "Actual Rows": 8168, "Actual Loops": 7, "Filter": "((note)::text ~~ '%(2006)%'::text)", "Rows Removed by Filter": 364565, "Workers": []}, {"Node Type": "Hash", "Parent Relationship": "Inner", "Parallel Aware": true, "Async Capable": false, "Startup Cost": 206205.55, "Total Cost": 206205.55, "Plan Rows": 151, "Plan Width": 47, "Actual Rows": 11632, "Actual Loops": 7, "Hash Buckets": 131072, "Original Hash Buckets": 1024, "Hash Batches": 1, "Original Hash Batches": 1, "Peak Memory Usage": 5976, "Workers": [], "Plans": [{"Node Type": "Hash Join", "Parent Relationship": "Outer", "Parallel Aware": false, "Async Capable": false, "Join Type": "Inner", "Startup Cost": 2.43, "Total Cost": 206205.55, "Plan Rows": 151, "Plan Width": 47, "Actual Rows": 11632, "Actual Loops": 7, "Inner Unique": true, "Hash Cond": "(mi.info_type_id = it1.id)", "Workers": [], "Plans": [{"Node Type": "Seq Scan", "Parent Relationship": "Outer", "Parallel Aware": true, "Async Capable": false, "Relation Name": "movie_info", "Alias": "mi", "Startup Cost": 0.0, "Total Cost": 206156.59, "Plan Rows": 17087, "Plan Width": 51, "Actual Rows": 12078, "Actual Loops": 7, "Filter": "((info)::text = ANY ('{Action,American,Bulgaria,Crime}'::text[]))", "Rows Removed by Filter": 2107310, "Workers": []}, {"Node Type": "Hash", "Parent Relationship": "Inner", "Parallel Aware": false, "Async Capable": false, "Startup Cost": 2.41, "Total Cost": 2.41, "Plan Rows": 1, "Plan Width": 4, "Actual Rows": 1, "Actual Loops": 7, "Hash Buckets": 1024, "Original Hash Buckets": 1024, "Hash Batches": 1, "Original Hash Batches": 1, "Peak Memory Usage": 9, "Workers": [], "Plans": [{"Node Type": "Seq Scan", "Parent Relationship": "Outer", "Parallel Aware": false, "Async Capable": false, "Relation Name": "info_type", "Alias": "it1", "Startup Cost": 0.0, "Total Cost": 2.41, "Plan Rows": 1, "Plan Width": 4, "Actual Rows": 1, "Actual Loops": 7, "Filter": "((info)::text = 'genres'::text)", "Rows Removed by Filter": 112, "Workers": []}]}]}]}]}, {"Node Type": "Index Scan", "Parent Relationship": "Inner", "Parallel Aware": false, "Async Capable": false, "Scan Direction": "Forward", "Index Name": "company_name_pkey", "Relation Name": "company_name", "Alias": "cn", "Startup Cost": 0.42, "Total Cost": 0.72, "Plan Rows": 1, "Plan Width": 4, "Actual Rows": 0, "Actual Loops": 8428, "Index Cond": "(id = mc.company_id)", "Rows Removed by Index Recheck": 0, "Filter": "((name)::text ~~ '%Film%'::text)", "Rows Removed by Filter": 1, "Workers": []}]}]}]}, {"Node Type": "Index Scan", "Parent Relationship": "Inner", "Parallel Aware": false, "Async Capable": false, "Scan Direction": "Forward", "Index Name": "keyword_pkey", "Relation Name": "keyword", "Alias": "k", "Startup Cost": 0.42, "Total Cost": 0.44, "Plan Rows": 1, "Plan Width": 4, "Actual Rows": 0, "Actual Loops": 90698, "Index Cond": "(id = mk.keyword_id)", "Rows Removed by Index Recheck": 0, "Filter": "((keyword)::text = ANY ('{\"10,000-mile-club\",alienation,based-on-comic}'::text[]))", "Rows Removed by Filter": 1, "Workers": []}]}]}]}]}]}]}, "Planning Time": 24.172, "Triggers": [], "Execution Time": 2904.027}, {"Plan": {"Node Type": "Aggregate", "Strategy": "Plain", "Partial Mode": "Finalize", "Parallel Aware": false, "Async Capable": false, "Startup Cost": 648359.73, "Total Cost": 648359.74, "Plan Rows": 1, "Plan Width": 128, "Actual Rows": 1, "Actual Loops": 1, "Plans": [{"Node Type": "Gather", "Parent Relationship": "Outer", "Parallel Aware": false, "Async Capable": false, "Startup Cost": 648359.39, "Total Cost": 648359.7, "Plan Rows": 3, "Plan Width": 128, "Actual Rows": 4, "Actual Loops": 1, "Workers Planned": 3, "Workers Launched": 3, "Single Copy": false, "Plans": [{"Node Type": "Aggregate", "Strategy": "Plain", "Partial Mode": "Partial", "Parent Relationship": "Outer", "Parallel Aware": false, "Async Capable": false, "Startup Cost": 647359.39, "Total Cost": 647359.4, "Plan Rows": 1, "Plan Width": 128, "Actual Rows": 1, "Actual Loops": 4, "Workers": [], "Plans": [{"Node Type": "Hash Join", "Parent Relationship": "Outer", "Parallel Aware": true, "Async Capable": false, "Join Type": "Inner", "Startup Cost": 602753.65, "Total Cost": 647359.38, "Plan Rows": 1, "Plan Width": 80, "Actual Rows": 2, "Actual Loops": 4, "Inner Unique": false, "Hash Cond": "(t.id = mi.movie_id)", "Workers": [], "Plans": [{"Node Type": "Nested Loop", "Parent Relationship": "Outer", "Parallel Aware": false, "Async Capable": false, "Join Type": "Inner", "Startup Cost": 45030.42, "Total Cost": 89636.1, "Plan Rows": 1, "Plan Width": 38, "Actual Rows": 2, "Actual Loops": 4, "Inner Unique": true, "Workers": [], "Plans": [{"Node Type": "Hash Join", "Parent Relationship": "Outer", "Parallel Aware": true, "Async Capable": false, "Join Type": "Inner", "Startup Cost": 45030.0, "Total Cost": 89575.9, "Plan Rows": 136, "Plan Width": 42, "Actual Rows": 5270, "Actual Loops": 4, "Inner Unique": false, "Hash Cond": "(mk.movie_id = t.id)", "Workers": [], "Plans": [{"Node Type": "Seq Scan", "Parent Relationship": "Outer", "Parallel Aware": true, "Async Capable": false, "Relation Name": "movie_keyword", "Alias": "mk", "Startup Cost": 0.0, "Total Cost": 39073.32, "Plan Rows": 1459332, "Plan Width": 8, "Actual Rows": 1130982, "Actual Loops": 4, "Workers": []}, {"Node Type": "Hash", "Parent Relationship": "Inner", "Parallel Aware": true, "Async Capable": false, "Startup Cost": 45029.83, "Total Cost": 45029.83, "Plan Rows": 14, "Plan Width": 34, "Actual Rows": 132, "Actual Loops": 4, "Hash Buckets": 1024, "Original Hash Buckets": 1024, "Hash Batches": 1, "Original Hash Batches": 1, "Peak Memory Usage": 136, "Workers": [], "Plans": [{"Node Type": "Nested Loop", "Parent Relationship": "Outer", "Parallel Aware": false, "Async Capable": false, "Join Type": "Inner", "Startup Cost": 15351.06, "Total Cost": 45029.83, "Plan Rows": 14, "Plan Width": 34, "Actual Rows": 132, "Actual Loops": 4, "Inner Unique": true, "Workers": [], "Plans": [{"Node Type": "Nested Loop", "Parent Relationship": "Outer", "Parallel Aware": false, "Async Capable": false, "Join Type": "Inner", "Startup Cost": 15350.64, "Total Cost": 44986.07, "Plan Rows": 61, "Plan Width": 38, "Actual Rows": 1134, "Actual Loops": 4, "Inner Unique": true, "Workers": [], "Plans": [{"Node Type": "Hash Join", "Parent Relationship": "Outer", "Parallel Aware": true, "Async Capable": false, "Join Type": "Inner", "Startup Cost": 15350.21, "Total Cost": 44764.91, "Plan Rows": 381, "Plan Width": 17, "Actual Rows": 9846, "Actual Loops": 4, "Inner Unique": false, "Hash Cond": "(mc.movie_id = mi_idx.movie_id)", "Workers": [], "Plans": [{"Node Type": "Seq Scan", "Parent Relationship": "Outer", "Parallel Aware": true, "Async Capable": false, "Relation Name": "movie_companies", "Alias": "mc", "Startup Cost": 0.0, "Total Cost": 29344.68, "Plan Rows": 18247, "Plan Width": 8, "Actual Rows": 14293, "Actual Loops": 4, "Filter": "((note)::text ~~ '%(2006)%'::text)", "Rows Removed by Filter": 637989, "Workers": []}, {"Node Type": "Hash", "Parent Relationship": "Inner", "Parallel Aware": true, "Async Capable": false, "Startup Cost": 15286.6, "Total Cost": 15286.6, "Plan Rows": 5089, "Plan Width": 9, "Actual Rows": 114981, "Actual Loops": 4, "Hash Buckets": 524288, "Original Hash Buckets": 16384, "Hash Batches": 1, "Original Hash Batches": 1, "Peak Memory Usage": 26272, "Workers": [], "Plans": [{"Node Type": "Hash Join", "Parent Relationship": "Outer", "Parallel Aware": false, "Async Capable": false, "Join Type": "Inner", "Startup Cost": 2.43, "Total Cost": 15286.6, "Plan Rows": 5089, "Plan Width": 9, "Actual Rows": 114981, "Actual Loops": 4, "Inner Unique": true, "Hash Cond": "(mi_idx.info_type_id = it2.id)", "Workers": [], "Plans": [{"Node Type": "Seq Scan", "Parent Relationship": "Outer", "Parallel Aware": true, "Async Capable": false, "Relation Name": "movie_info_idx", "Alias": "mi_idx", "Startup Cost": 0.0, "Total Cost": 13718.15, "Plan Rows": 575015, "Plan Width": 13, "Actual Rows": 345009, "Actual Loops": 4, "Workers": []}, {"Node Type": "Hash", "Parent Relationship": "Inner", "Parallel Aware": false, "Async Capable": false, "Startup Cost": 2.41, "Total Cost": 2.41, "Plan Rows": 1, "Plan Width": 4, "Actual Rows": 1, "Actual Loops": 4, "Hash Buckets": 1024, "Original Hash Buckets": 1024, "Hash Batches": 1, "Original Hash Batches": 1, "Peak Memory Usage": 9, "Workers": [], "Plans": [{"Node Type": "Seq Scan", "Parent Relationship": "Outer", "Parallel Aware": false, "Async Capable": false, "Relation Name": "info_type", "Alias": "it2", "Startup Cost": 0.0, "Total Cost": 2.41, "Plan Rows": 1, "Plan Width": 4, "Actual Rows": 1, "Actual Loops": 4, "Filter": "((info)::text = 'votes'::text)", "Rows Removed by Filter": 112, "Workers": []}]}]}]}]}, {"Node Type": "Index Scan", "Parent Relationship": "Inner", "Parallel Aware": false, "Async Capable": false, "Scan Direction": "Forward", "Index Name": "title_pkey", "Relation Name": "title", "Alias": "t", "Startup Cost": 0.43, "Total Cost": 0.58, "Plan Rows": 1, "Plan Width": 21, "Actual Rows": 0, "Actual Loops": 39382, "Index Cond": "(id = mi_idx.movie_id)", "Rows Removed by Index Recheck": 0, "Filter": "(production_year <= 1972)", "Rows Removed by Filter": 1, "Workers": []}]}, {"Node Type": "Index Scan", "Parent Relationship": "Inner", "Parallel Aware": false, "Async Capable": false, "Scan Direction": "Forward", "Index Name": "company_name_pkey", "Relation Name": "company_name", "Alias": "cn", "Startup Cost": 0.42, "Total Cost": 0.72, "Plan Rows": 1, "Plan Width": 4, "Actual Rows": 0, "Actual Loops": 4536, "Index Cond": "(id = mc.company_id)", "Rows Removed by Index Recheck": 0, "Filter": "((name)::text ~~ '%Film%'::text)", "Rows Removed by Filter": 1, "Workers": []}]}]}]}, {"Node Type": "Index Scan", "Parent Relationship": "Inner", "Parallel Aware": false, "Async Capable": false, "Scan Direction": "Forward", "Index Name": "keyword_pkey", "Relation Name": "keyword", "Alias": "k", "Startup Cost": 0.42, "Total Cost": 0.44, "Plan Rows": 1, "Plan Width": 4, "Actual Rows": 0, "Actual Loops": 21082, "Index Cond": "(id = mk.keyword_id)", "Rows Removed by Index Recheck": 0, "Filter": "((keyword)::text = ANY ('{\"10,000-mile-club\",alienation,based-on-comic}'::text[]))", "Rows Removed by Filter": 1, "Workers": []}]}, {"Node Type": "Hash", "Parent Relationship": "Inner", "Parallel Aware": true, "Async Capable": false, "Startup Cost": 557719.44, "Total Cost": 557719.44, "Plan Rows": 303, "Plan Width": 66, "Actual Rows": 30632, "Actual Loops": 4, "Hash Buckets": 131072, "Original Hash Buckets": 2048, "Hash Batches": 1, "Original Hash Batches": 1, "Peak Memory Usage": 10096, "Workers": [], "Plans": [{"Node Type": "Nested Loop", "Parent Relationship": "Outer", "Parallel Aware": false, "Async Capable": false, "Join Type": "Inner", "Startup Cost": 206207.87, "Total Cost": 557719.44, "Plan Rows": 303, "Plan Width": 66, "Actual Rows": 30632, "Actual Loops": 4, "Inner Unique": true, "Workers": [], "Plans": [{"Node Type": "Hash Join", "Parent Relationship": "Outer", "Parallel Aware": true, "Async Capable": false, "Join Type": "Inner", "Startup Cost": 206207.44, "Total Cost": 557549.5, "Plan Rows": 303, "Plan Width": 55, "Actual Rows": 30632, "Actual Loops": 4, "Inner Unique": false, "Hash Cond": "(ci.movie_id = mi.movie_id)", "Workers": [], "Plans": [{"Node Type": "Seq Scan", "Parent Relationship": "Outer", "Parallel Aware": true, "Async Capable": false, "Relation Name": "cast_info", "Alias": "ci", "Startup Cost": 0.0, "Total Cost": 335756.3, "Plan Rows": 415604, "Plan Width": 8, "Actual Rows": 609592, "Actual Loops": 4, "Filter": "((note)::text = ANY ('{\"(executive producer)\",\"(head writer)\",(producer)}'::text[]))", "Rows Removed by Filter": 8451494, "Workers": []}, {"Node Type": "Hash", "Parent Relationship": "Inner", "Parallel Aware": true, "Async Capable": false, "Startup Cost": 206205.55, "Total Cost": 206205.55, "Plan Rows": 151, "Plan Width": 47, "Actual Rows": 20357, "Actual Loops": 4, "Hash Buckets": 131072, "Original Hash Buckets": 1024, "Hash Batches": 1, "Original Hash Batches": 1, "Peak Memory Usage": 5880, "Workers": [], "Plans": [{"Node Type": "Hash Join", "Parent Relationship": "Outer", "Parallel Aware": false, "Async Capable": false, "Join Type": "Inner", "Startup Cost": 2.43, "Total Cost": 206205.55, "Plan Rows": 151, "Plan Width": 47, "Actual Rows": 20357, "Actual Loops": 4, "Inner Unique": true, "Hash Cond": "(mi.info_type_id = it1.id)", "Workers": [], "Plans": [{"Node Type": "Seq Scan", "Parent Relationship": "Outer", "Parallel Aware": true, "Async Capable": false, "Relation Name": "movie_info", "Alias": "mi", "Startup Cost": 0.0, "Total Cost": 206156.59, "Plan Rows": 17087, "Plan Width": 51, "Actual Rows": 21137, "Actual Loops": 4, "Filter": "((info)::text = ANY ('{Action,American,Bulgaria,Crime}'::text[]))", "Rows Removed by Filter": 3687793, "Workers": []}, {"Node Type": "Hash", "Parent Relationship": "Inner", "Parallel Aware": false, "Async Capable": false, "Startup Cost": 2.41, "Total Cost": 2.41, "Plan Rows": 1, "Plan Width": 4, "Actual Rows": 1, "Actual Loops": 4, "Hash Buckets": 1024, "Original Hash Buckets": 1024, "Hash Batches": 1, "Original Hash Batches": 1, "Peak Memory Usage": 9, "Workers": [], "Plans": [{"Node Type": "Seq Scan", "Parent Relationship": "Outer", "Parallel Aware": false, "Async Capable": false, "Relation Name": "info_type", "Alias": "it1", "Startup Cost": 0.0, "Total Cost": 2.41, "Plan Rows": 1, "Plan Width": 4, "Actual Rows": 1, "Actual Loops": 4, "Filter": "((info)::text = 'genres'::text)", "Rows Removed by Filter": 112, "Workers": []}]}]}]}]}, {"Node Type": "Index Scan", "Parent Relationship": "Inner", "Parallel Aware": false, "Async Capable": false, "Scan Direction": "Forward", "Index Name": "name_pkey", "Relation Name": "name", "Alias": "n", "Startup Cost": 0.43, "Total Cost": 0.56, "Plan Rows": 1, "Plan Width": 19, "Actual Rows": 1, "Actual Loops": 122526, "Index Cond": "(id = ci.person_id)", "Rows Removed by Index Recheck": 0, "Workers": []}]}]}]}]}]}]}, "Planning Time": 27.833, "Triggers": [], "Execution Time": 3170.607}, {"Plan": {"Node Type": "Aggregate", "Strategy": "Plain", "Partial Mode": "Finalize", "Parallel Aware": false, "Async Capable": false, "Startup Cost": 635435.92, "Total Cost": 635435.93, "Plan Rows": 1, "Plan Width": 128, "Actual Rows": 1, "Actual Loops": 1, "Plans": [{"Node Type": "Gather", "Parent Relationship": "Outer", "Parallel Aware": false, "Async Capable": false, "Startup Cost": 635435.36, "Total Cost": 635435.87, "Plan Rows": 5, "Plan Width": 128, "Actual Rows": 6, "Actual Loops": 1, "Workers Planned": 5, "Workers Launched": 5, "Single Copy": false, "Plans": [{"Node Type": "Aggregate", "Strategy": "Plain", "Partial Mode": "Partial", "Parent Relationship": "Outer", "Parallel Aware": false, "Async Capable": false, "Startup Cost": 634435.36, "Total Cost": 634435.37, "Plan Rows": 1, "Plan Width": 128, "Actual Rows": 1, "Actual Loops": 6, "Workers": [], "Plans": [{"Node Type": "Hash Join", "Parent Relationship": "Outer", "Parallel Aware": true, "Async Capable": false, "Join Type": "Inner", "Startup Cost": 427846.4, "Total Cost": 634435.35, "Plan Rows": 1, "Plan Width": 80, "Actual Rows": 1, "Actual Loops": 6, "Inner Unique": false, "Hash Cond": "(t.id = mi_idx.movie_id)", "Workers": [], "Plans": [{"Node Type": "Nested Loop", "Parent Relationship": "Outer", "Parallel Aware": false, "Async Capable": false, "Join Type": "Inner", "Startup Cost": 2.86, "Total Cost": 206591.71, "Plan Rows": 24, "Plan Width": 68, "Actual Rows": 2534, "Actual Loops": 6, "Inner Unique": true, "Workers": [], "Plans": [{"Node Type": "Hash Join", "Parent Relationship": "Outer", "Parallel Aware": false, "Async Capable": false, "Join Type": "Inner", "Startup Cost": 2.43, "Total Cost": 206205.55, "Plan Rows": 151, "Plan Width": 47, "Actual Rows": 13571, "Actual Loops": 6, "Inner Unique": true, "Hash Cond": "(mi.info_type_id = it1.id)", "Workers": [], "Plans": [{"Node Type": "Seq Scan", "Parent Relationship": "Outer", "Parallel Aware": true, "Async Capable": false, "Relation Name": "movie_info", "Alias": "mi", "Startup Cost": 0.0, "Total Cost": 206156.59, "Plan Rows": 17087, "Plan Width": 51, "Actual Rows": 14091, "Actual Loops": 6, "Filter": "((info)::text = ANY ('{Action,American,Bulgaria,Crime}'::text[]))", "Rows Removed by Filter": 2458529, "Workers": []}, {"Node Type": "Hash", "Parent Relationship": "Inner", "Parallel Aware": false, "Async Capable": false, "Startup Cost": 2.41, "Total Cost": 2.41, "Plan Rows": 1, "Plan Width": 4, "Actual Rows": 1, "Actual Loops": 6, "Hash Buckets": 1024, "Original Hash Buckets": 1024, "Hash Batches": 1, "Original Hash Batches": 1, "Peak Memory Usage": 9, "Workers": [], "Plans": [{"Node Type": "Seq Scan", "Parent Relationship": "Outer", "Parallel Aware": false, "Async Capable": false, "Relation Name": "info_type", "Alias": "it1", "Startup Cost": 0.0, "Total Cost": 2.41, "Plan Rows": 1, "Plan Width": 4, "Actual Rows": 1, "Actual Loops": 6, "Filter": "((info)::text = 'genres'::text)", "Rows Removed by Filter": 112, "Workers": []}]}]}, {"Node Type": "Index Scan", "Parent Relationship": "Inner", "Parallel Aware": false, "Async Capable": false, "Scan Direction": "Forward", "Index Name": "title_pkey", "Relation Name": "title", "Alias": "t", "Startup Cost": 0.43, "Total Cost": 2.56, "Plan Rows": 1, "Plan Width": 21, "Actual Rows": 0, "Actual Loops": 81427, "Index Cond": "(id = mi.movie_id)", "Rows Removed by Index Recheck": 0, "Filter": "(production_year <= 1972)", "Rows Removed by Filter": 1, "Workers": []}]}, {"Node Type": "Hash", "Parent Relationship": "Inner", "Parallel Aware": true, "Async Capable": false, "Startup Cost": 427843.53, "Total Cost": 427843.53, "Plan Rows": 1, "Plan Width": 36, "Actual Rows": 48, "Actual Loops": 6, "Hash Buckets": 1024, "Original Hash Buckets": 1024, "Hash Batches": 1, "Original Hash Batches": 1, "Peak Memory Usage": 200, "Workers": [], "Plans": [{"Node Type": "Nested Loop", "Parent Relationship": "Outer", "Parallel Aware": false, "Async Capable": false, "Join Type": "Inner", "Startup Cost": 90528.0, "Total Cost": 427843.53, "Plan Rows": 1, "Plan Width": 36, "Actual Rows": 48, "Actual Loops": 6, "Inner Unique": true, "Workers": [], "Plans": [{"Node Type": "Nested Loop", "Parent Relationship": "Outer", "Parallel Aware": false, "Async Capable": false, "Join Type": "Inner", "Startup Cost": 90527.57, "Total Cost": 427842.97, "Plan Rows": 1, "Plan Width": 25, "Actual Rows": 48, "Actual Loops": 6, "Inner Unique": true, "Workers": [], "Plans": [{"Node Type": "Hash Join", "Parent Relationship": "Outer", "Parallel Aware": true, "Async Capable": false, "Join Type": "Inner", "Startup Cost": 90527.15, "Total Cost": 427842.25, "Plan Rows": 1, "Plan Width": 29, "Actual Rows": 252, "Actual Loops": 6, "Inner Unique": false, "Hash Cond": "(ci.movie_id = mi_idx.movie_id)", "Workers": [], "Plans": [{"Node Type": "Hash Join", "Parent Relationship": "Outer", "Parallel Aware": true, "Async Capable": false, "Join Type": "Inner", "Startup Cost": 45757.48, "Total Cost": 383072.42, "Plan Rows": 40, "Plan Width": 12, "Actual Rows": 657, "Actual Loops": 6, "Inner Unique": false, "Hash Cond": "(ci.movie_id = mk.movie_id)", "Workers": [], "Plans": [{"Node Type": "Seq Scan", "Parent Relationship": "Outer", "Parallel Aware": true, "Async Capable": false, "Relation Name": "cast_info", "Alias": "ci", "Startup Cost": 0.0, "Total Cost": 335756.3, "Plan Rows": 415604, "Plan Width": 8, "Actual Rows": 406394, "Actual Loops": 6, "Filter": "((note)::text = ANY ('{\"(executive producer)\",\"(head writer)\",(producer)}'::text[]))", "Rows Removed by Filter": 5634330, "Workers": []}, {"Node Type": "Hash", "Parent Relationship": "Inner", "Parallel Aware": true, "Async Capable": false, "Startup Cost": 45757.07, "Total Cost": 45757.07, "Plan Rows": 33, "Plan Width": 4, "Actual Rows": 409, "Actual Loops": 6, "Hash Buckets": 1024, "Original Hash Buckets": 1024, "Hash Batches": 1, "Original Hash Batches": 1, "Peak Memory Usage": 200, "Workers": [], "Plans": [{"Node Type": "Hash Join", "Parent Relationship": "Outer", "Parallel Aware": false, "Async Capable": false, "Join Type": "Inner", "Startup Cost": 2852.88, "Total Cost": 45757.07, "Plan Rows": 33, "Plan Width": 4, "Actual Rows": 409, "Actual Loops": 6, "Inner Unique": true, "Hash Cond": "(mk.keyword_id = k.id)", "Workers": [], "Plans": [{"Node Type": "Seq Scan", "Parent Relationship": "Outer", "Parallel Aware": true, "Async Capable": false, "Relation Name": "movie_keyword", "Alias": "mk", "Startup Cost": 0.0, "Total Cost": 39073.32, "Plan Rows": 1459332, "Plan Width": 8, "Actual Rows": 753988, "Actual Loops": 6, "Workers": []}, {"Node Type": "Hash", "Parent Relationship": "Inner", "Parallel Aware": false, "Async Capable": false, "Startup Cost": 2852.84, "Total Cost": 2852.84, "Plan Rows": 3, "Plan Width": 4, "Actual Rows": 3, "Actual Loops": 6, "Hash Buckets": 1024, "Original Hash Buckets": 1024, "Hash Batches": 1, "Original Hash Batches": 1, "Peak Memory Usage": 9, "Workers": [], "Plans": [{"Node Type": "Seq Scan", "Parent Relationship": "Outer", "Parallel Aware": false, "Async Capable": false, "Relation Name": "keyword", "Alias": "k", "Startup Cost": 0.0, "Total Cost": 2852.84, "Plan Rows": 3, "Plan Width": 4, "Actual Rows": 3, "Actual Loops": 6, "Filter": "((keyword)::text = ANY ('{\"10,000-mile-club\",alienation,based-on-comic}'::text[]))", "Rows Removed by Filter": 134167, "Workers": []}]}]}]}]}, {"Node Type": "Hash", "Parent Relationship": "Inner", "Parallel Aware": true, "Async Capable": false, "Startup Cost": 44764.91, "Total Cost": 44764.91, "Plan Rows": 381, "Plan Width": 17, "Actual Rows": 6564, "Actual Loops": 6, "Hash Buckets": 65536, "Original Hash Buckets": 2048, "Hash Batches": 1, "Original Hash Batches": 1, "Peak Memory Usage": 2992, "Workers": [], "Plans": [{"Node Type": "Hash Join", "Parent Relationship": "Outer", "Parallel Aware": true, "Async Capable": false, "Join Type": "Inner", "Startup Cost": 15350.21, "Total Cost": 44764.91, "Plan Rows": 381, "Plan Width": 17, "Actual Rows": 6564, "Actual Loops": 6, "Inner Unique": false, "Hash Cond": "(mc.movie_id = mi_idx.movie_id)", "Workers": [], "Plans": [{"Node Type": "Seq Scan", "Parent Relationship": "Outer", "Parallel Aware": true, "Async Capable": false, "Relation Name": "movie_companies", "Alias": "mc", "Startup Cost": 0.0, "Total Cost": 29344.68, "Plan Rows": 18247, "Plan Width": 8, "Actual Rows": 9529, "Actual Loops": 6, "Filter": "((note)::text ~~ '%(2006)%'::text)", "Rows Removed by Filter": 425326, "Workers": []}, {"Node Type": "Hash", "Parent Relationship": "Inner", "Parallel Aware": true, "Async Capable": false, "Startup Cost": 15286.6, "Total Cost": 15286.6, "Plan Rows": 5089, "Plan Width": 9, "Actual Rows": 76654, "Actual Loops": 6, "Hash Buckets": 524288, "Original Hash Buckets": 16384, "Hash Batches": 1, "Original Hash Batches": 1, "Peak Memory Usage": 26336, "Workers": [], "Plans": [{"Node Type": "Hash Join", "Parent Relationship": "Outer", "Parallel Aware": false, "Async Capable": false, "Join Type": "Inner", "Startup Cost": 2.43, "Total Cost": 15286.6, "Plan Rows": 5089, "Plan Width": 9, "Actual Rows": 76654, "Actual Loops": 6, "Inner Unique": true, "Hash Cond": "(mi_idx.info_type_id = it2.id)", "Workers": [], "Plans": [{"Node Type": "Seq Scan", "Parent Relationship": "Outer", "Parallel Aware": true, "Async Capable": false, "Relation Name": "movie_info_idx", "Alias": "mi_idx", "Startup Cost": 0.0, "Total Cost": 13718.15, "Plan Rows": 575015, "Plan Width": 13, "Actual Rows": 230006, "Actual Loops": 6, "Workers": []}, {"Node Type": "Hash", "Parent Relationship": "Inner", "Parallel Aware": false, "Async Capable": false, "Startup Cost": 2.41, "Total Cost": 2.41, "Plan Rows": 1, "Plan Width": 4, "Actual Rows": 1, "Actual Loops": 6, "Hash Buckets": 1024, "Original Hash Buckets": 1024, "Hash Batches": 1, "Original Hash Batches": 1, "Peak Memory Usage": 9, "Workers": [], "Plans": [{"Node Type": "Seq Scan", "Parent Relationship": "Outer", "Parallel Aware": false, "Async Capable": false, "Relation Name": "info_type", "Alias": "it2", "Startup Cost": 0.0, "Total Cost": 2.41, "Plan Rows": 1, "Plan Width": 4, "Actual Rows": 1, "Actual Loops": 6, "Filter": "((info)::text = 'votes'::text)", "Rows Removed by Filter": 112, "Workers": []}]}]}]}]}]}]}, {"Node Type": "Index Scan", "Parent Relationship": "Inner", "Parallel Aware": false, "Async Capable": false, "Scan Direction": "Forward", "Index Name": "company_name_pkey", "Relation Name": "company_name", "Alias": "cn", "Startup Cost": 0.42, "Total Cost": 0.72, "Plan Rows": 1, "Plan Width": 4, "Actual Rows": 0, "Actual Loops": 1511, "Index Cond": "(id = mc.company_id)", "Rows Removed by Index Recheck": 0, "Filter": "((name)::text ~~ '%Film%'::text)", "Rows Removed by Filter": 1, "Workers": []}]}, {"Node Type": "Index Scan", "Parent Relationship": "Inner", "Parallel Aware": false, "Async Capable": false, "Scan Direction": "Forward", "Index Name": "name_pkey", "Relation Name": "name", "Alias": "n", "Startup Cost": 0.43, "Total Cost": 0.56, "Plan Rows": 1, "Plan Width": 19, "Actual Rows": 1, "Actual Loops": 289, "Index Cond": "(id = ci.person_id)", "Rows Removed by Index Recheck": 0, "Workers": []}]}]}]}]}]}]}, "Planning Time": 22.875, "Triggers": [], "Execution Time": 1801.125}, {"Plan": {"Node Type": "Aggregate", "Strategy": "Plain", "Partial Mode": "Finalize", "Parallel Aware": false, "Async Capable": false, "Startup Cost": 649789.15, "Total Cost": 649789.16, "Plan Rows": 1, "Plan Width": 128, "Actual Rows": 1, "Actual Loops": 1, "Plans": [{"Node Type": "Gather", "Parent Relationship": "Outer", "Parallel Aware": false, "Async Capable": false, "Startup Cost": 649788.81, "Total Cost": 649789.12, "Plan Rows": 3, "Plan Width": 128, "Actual Rows": 4, "Actual Loops": 1, "Workers Planned": 3, "Workers Launched": 3, "Single Copy": false, "Plans": [{"Node Type": "Aggregate", "Strategy": "Plain", "Partial Mode": "Partial", "Parent Relationship": "Outer", "Parallel Aware": false, "Async Capable": false, "Startup Cost": 648788.81, "Total Cost": 648788.82, "Plan Rows": 1, "Plan Width": 128, "Actual Rows": 1, "Actual Loops": 4, "Workers": [], "Plans": [{"Node Type": "Hash Join", "Parent Relationship": "Outer", "Parallel Aware": true, "Async Capable": false, "Join Type": "Inner", "Startup Cost": 612344.66, "Total Cost": 648788.8, "Plan Rows": 1, "Plan Width": 80, "Actual Rows": 2, "Actual Loops": 4, "Inner Unique": false, "Hash Cond": "(ci.movie_id = t.id)", "Workers": [], "Plans": [{"Node Type": "Nested Loop", "Parent Relationship": "Outer", "Parallel Aware": false, "Async Capable": false, "Join Type": "Inner", "Startup Cost": 346108.73, "Total Cost": 382515.82, "Plan Rows": 9878, "Plan Width": 23, "Actual Rows": 4446, "Actual Loops": 4, "Inner Unique": true, "Workers": [], "Plans": [{"Node Type": "Hash Join", "Parent Relationship": "Outer", "Parallel Aware": true, "Async Capable": false, "Join Type": "Inner", "Startup Cost": 346108.3, "Total Cost": 376975.68, "Plan Rows": 9878, "Plan Width": 12, "Actual Rows": 4446, "Actual Loops": 4, "Inner Unique": false, "Hash Cond": "(mc.movie_id = ci.movie_id)", "Workers": [], "Plans": [{"Node Type": "Hash Join", "Parent Relationship": "Outer", "Parallel Aware": true, "Async Capable": false, "Join Type": "Inner", "Startup Cost": 5156.96, "Total Cost": 34549.54, "Plan Rows": 4108, "Plan Width": 4, "Actual Rows": 1626, "Actual Loops": 4, "Inner Unique": true, "Hash Cond": "(mc.company_id = cn.id)", "Workers": [], "Plans": [{"Node Type": "Seq Scan", "Parent Relationship": "Outer", "Parallel Aware": true, "Async Capable": false, "Relation Name": "movie_companies", "Alias": "mc", "Startup Cost": 0.0, "Total Cost": 29344.68, "Plan Rows": 18247, "Plan Width": 8, "Actual Rows": 14293, "Actual Loops": 4, "Filter": "((note)::text ~~ '%(2006)%'::text)", "Rows Removed by Filter": 637989, "Workers": []}, {"Node Type": "Hash", "Parent Relationship": "Inner", "Parallel Aware": true, "Async Capable": false, "Startup Cost": 4767.92, "Total Cost": 4767.92, "Plan Rows": 31123, "Plan Width": 4, "Actual Rows": 13425, "Actual Loops": 4, "Hash Buckets": 65536, "Original Hash Buckets": 65536, "Hash Batches": 1, "Original Hash Batches": 1, "Peak Memory Usage": 2688, "Workers": [], "Plans": [{"Node Type": "Seq Scan", "Parent Relationship": "Outer", "Parallel Aware": true, "Async Capable": false, "Relation Name": "company_name", "Alias": "cn", "Startup Cost": 0.0, "Total Cost": 4767.92, "Plan Rows": 31123, "Plan Width": 4, "Actual Rows": 13425, "Actual Loops": 4, "Filter": "((name)::text ~~ '%Film%'::text)", "Rows Removed by Filter": 45324, "Workers": []}]}]}, {"Node Type": "Hash", "Parent Relationship": "Inner", "Parallel Aware": true, "Async Capable": false, "Startup Cost": 335756.3, "Total Cost": 335756.3, "Plan Rows": 415604, "Plan Width": 8, "Actual Rows": 609592, "Actual Loops": 4, "Hash Buckets": 4194304, "Original Hash Buckets": 4194304, "Hash Batches": 1, "Original Hash Batches": 1, "Peak Memory Usage": 128256, "Workers": [], "Plans": [{"Node Type": "Seq Scan", "Parent Relationship": "Outer", "Parallel Aware": true, "Async Capable": false, "Relation Name": "cast_info", "Alias": "ci", "Startup Cost": 0.0, "Total Cost": 335756.3, "Plan Rows": 415604, "Plan Width": 8, "Actual Rows": 609592, "Actual Loops": 4, "Filter": "((note)::text = ANY ('{\"(executive producer)\",\"(head writer)\",(producer)}'::text[]))", "Rows Removed by Filter": 8451494, "Workers": []}]}]}, {"Node Type": "Index Scan", "Parent Relationship": "Inner", "Parallel Aware": false, "Async Capable": false, "Scan Direction": "Forward", "Index Name": "name_pkey", "Relation Name": "name", "Alias": "n", "Startup Cost": 0.43, "Total Cost": 0.56, "Plan Rows": 1, "Plan Width": 19, "Actual Rows": 1, "Actual Loops": 17784, "Index Cond": "(id = ci.person_id)", "Rows Removed by Index Recheck": 0, "Workers": []}]}, {"Node Type": "Hash", "Parent Relationship": "Inner", "Parallel Aware": true, "Async Capable": false, "Startup Cost": 266235.92, "Total Cost": 266235.92, "Plan Rows": 1, "Plan Width": 81, "Actual Rows": 24, "Actual Loops": 4, "Hash Buckets": 1024, "Original Hash Buckets": 1024, "Hash Batches": 1, "Original Hash Batches": 1, "Peak Memory Usage": 136, "Workers": [], "Plans": [{"Node Type": "Nested Loop", "Parent Relationship": "Outer", "Parallel Aware": false, "Async Capable": false, "Join Type": "Inner", "Startup Cost": 221688.28, "Total Cost": 266235.92, "Plan Rows": 1, "Plan Width": 81, "Actual Rows": 24, "Actual Loops": 4, "Inner Unique": true, "Workers": [], "Plans": [{"Node Type": "Hash Join", "Parent Relationship": "Outer", "Parallel Aware": true, "Async Capable": false, "Join Type": "Inner", "Startup Cost": 221687.86, "Total Cost": 266233.69, "Plan Rows": 5, "Plan Width": 85, "Actual Rows": 56204, "Actual Loops": 4, "Inner Unique": false, "Hash Cond": "(mk.movie_id = t.id)", "Workers": [], "Plans": [{"Node Type": "Seq Scan", "Parent Relationship": "Outer", "Parallel Aware": true, "Async Capable": false, "Relation Name": "movie_keyword", "Alias": "mk", "Startup Cost": 0.0, "Total Cost": 39073.32, "Plan Rows": 1459332, "Plan Width": 8, "Actual Rows": 1130982, "Actual Loops": 4, "Workers": []}, {"Node Type": "Hash", "Parent Relationship": "Inner", "Parallel Aware": true, "Async Capable": false, "Startup Cost": 221687.85, "Total Cost": 221687.85, "Plan Rows": 1, "Plan Width": 77, "Actual Rows": 2186, "Actual Loops": 4, "Hash Buckets": 8192, "Original Hash Buckets": 1024, "Hash Batches": 1, "Original Hash Batches": 1, "Peak Memory Usage": 856, "Workers": [], "Plans": [{"Node Type": "Nested Loop", "Parent Relationship": "Outer", "Parallel Aware": false, "Async Capable": false, "Join Type": "Inner", "Startup Cost": 206210.29, "Total Cost": 221687.85, "Plan Rows": 1, "Plan Width": 77, "Actual Rows": 2186, "Actual Loops": 4, "Inner Unique": true, "Join Filter": "(t.id = mi.movie_id)", "Rows Removed by Join Filter": 0, "Workers": [], "Plans": [{"Node Type": "Hash Join", "Parent Relationship": "Outer", "Parallel Aware": true, "Async Capable": false, "Join Type": "Inner", "Startup Cost": 206209.86, "Total Cost": 221684.89, "Plan Rows": 5, "Plan Width": 56, "Actual Rows": 11395, "Actual Loops": 4, "Inner Unique": false, "Hash Cond": "(mi_idx.movie_id = mi.movie_id)", "Workers": [], "Plans": [{"Node Type": "Hash Join", "Parent Relationship": "Outer", "Parallel Aware": false, "Async Capable": false, "Join Type": "Inner", "Startup Cost": 2.43, "Total Cost": 15286.6, "Plan Rows": 5089, "Plan Width": 9, "Actual Rows": 114981, "Actual Loops": 4, "Inner Unique": true, "Hash Cond": "(mi_idx.info_type_id = it2.id)", "Workers": [], "Plans": [{"Node Type": "Seq Scan", "Parent Relationship": "Outer", "Parallel Aware": true, "Async Capable": false, "Relation Name": "movie_info_idx", "Alias": "mi_idx", "Startup Cost": 0.0, "Total Cost": 13718.15, "Plan Rows": 575015, "Plan Width": 13, "Actual Rows": 345009, "Actual Loops": 4, "Workers": []}, {"Node Type": "Hash", "Parent Relationship": "Inner", "Parallel Aware": false, "Async Capable": false, "Startup Cost": 2.41, "Total Cost": 2.41, "Plan Rows": 1, "Plan Width": 4, "Actual Rows": 1, "Actual Loops": 4, "Hash Buckets": 1024, "Original Hash Buckets": 1024, "Hash Batches": 1, "Original Hash Batches": 1, "Peak Memory Usage": 9, "Workers": [], "Plans": [{"Node Type": "Seq Scan", "Parent Relationship": "Outer", "Parallel Aware": false, "Async Capable": false, "Relation Name": "info_type", "Alias": "it2", "Startup Cost": 0.0, "Total Cost": 2.41, "Plan Rows": 1, "Plan Width": 4, "Actual Rows": 1, "Actual Loops": 4, "Filter": "((info)::text = 'votes'::text)", "Rows Removed by Filter": 112, "Workers": []}]}]}, {"Node Type": "Hash", "Parent Relationship": "Inner", "Parallel Aware": true, "Async Capable": false, "Startup Cost": 206205.55, "Total Cost": 206205.55, "Plan Rows": 151, "Plan Width": 47, "Actual Rows": 20357, "Actual Loops": 4, "Hash Buckets": 131072, "Original Hash Buckets": 1024, "Hash Batches": 1, "Original Hash Batches": 1, "Peak Memory Usage": 5912, "Workers": [], "Plans": [{"Node Type": "Hash Join", "Parent Relationship": "Outer", "Parallel Aware": false, "Async Capable": false, "Join Type": "Inner", "Startup Cost": 2.43, "Total Cost": 206205.55, "Plan Rows": 151, "Plan Width": 47, "Actual Rows": 20357, "Actual Loops": 4, "Inner Unique": true, "Hash Cond": "(mi.info_type_id = it1.id)", "Workers": [], "Plans": [{"Node Type": "Seq Scan", "Parent Relationship": "Outer", "Parallel Aware": true, "Async Capable": false, "Relation Name": "movie_info", "Alias": "mi", "Startup Cost": 0.0, "Total Cost": 206156.59, "Plan Rows": 17087, "Plan Width": 51, "Actual Rows": 21137, "Actual Loops": 4, "Filter": "((info)::text = ANY ('{Action,American,Bulgaria,Crime}'::text[]))", "Rows Removed by Filter": 3687793, "Workers": []}, {"Node Type": "Hash", "Parent Relationship": "Inner", "Parallel Aware": false, "Async Capable": false, "Startup Cost": 2.41, "Total Cost": 2.41, "Plan Rows": 1, "Plan Width": 4, "Actual Rows": 1, "Actual Loops": 4, "Hash Buckets": 1024, "Original Hash Buckets": 1024, "Hash Batches": 1, "Original Hash Batches": 1, "Peak Memory Usage": 9, "Workers": [], "Plans": [{"Node Type": "Seq Scan", "Parent Relationship": "Outer", "Parallel Aware": false, "Async Capable": false, "Relation Name": "info_type", "Alias": "it1", "Startup Cost": 0.0, "Total Cost": 2.41, "Plan Rows": 1, "Plan Width": 4, "Actual Rows": 1, "Actual Loops": 4, "Filter": "((info)::text = 'genres'::text)", "Rows Removed by Filter": 112, "Workers": []}]}]}]}]}, {"Node Type": "Index Scan", "Parent Relationship": "Inner", "Parallel Aware": false, "Async Capable": false, "Scan Direction": "Forward", "Index Name": "title_pkey", "Relation Name": "title", "Alias": "t", "Startup Cost": 0.43, "Total Cost": 0.58, "Plan Rows": 1, "Plan Width": 21, "Actual Rows": 0, "Actual Loops": 45580, "Index Cond": "(id = mi_idx.movie_id)", "Rows Removed by Index Recheck": 0, "Filter": "(production_year <= 1972)", "Rows Removed by Filter": 1, "Workers": []}]}]}]}, {"Node Type": "Index Scan", "Parent Relationship": "Inner", "Parallel Aware": false, "Async Capable": false, "Scan Direction": "Forward", "Index Name": "keyword_pkey", "Relation Name": "keyword", "Alias": "k", "Startup Cost": 0.42, "Total Cost": 0.44, "Plan Rows": 1, "Plan Width": 4, "Actual Rows": 0, "Actual Loops": 224817, "Index Cond": "(id = mk.keyword_id)", "Rows Removed by Index Recheck": 0, "Filter": "((keyword)::text = ANY ('{\"10,000-mile-club\",alienation,based-on-comic}'::text[]))", "Rows Removed by Filter": 1, "Workers": []}]}]}]}]}]}]}, "Planning Time": 19.486, "Triggers": [], "Execution Time": 3578.371}, {"Plan": {"Node Type": "Aggregate", "Strategy": "Plain", "Partial Mode": "Finalize", "Parallel Aware": false, "Async Capable": false, "Startup Cost": 635072.82, "Total Cost": 635072.83, "Plan Rows": 1, "Plan Width": 128, "Actual Rows": 1, "Actual Loops": 1, "Plans": [{"Node Type": "Gather", "Parent Relationship": "Outer", "Parallel Aware": false, "Async Capable": false, "Startup Cost": 635072.15, "Total Cost": 635072.76, "Plan Rows": 6, "Plan Width": 128, "Actual Rows": 7, "Actual Loops": 1, "Workers Planned": 6, "Workers Launched": 6, "Single Copy": false, "Plans": [{"Node Type": "Aggregate", "Strategy": "Plain", "Partial Mode": "Partial", "Parent Relationship": "Outer", "Parallel Aware": false, "Async Capable": false, "Startup Cost": 634072.15, "Total Cost": 634072.16, "Plan Rows": 1, "Plan Width": 128, "Actual Rows": 1, "Actual Loops": 7, "Workers": [], "Plans": [{"Node Type": "Hash Join", "Parent Relationship": "Outer", "Parallel Aware": true, "Async Capable": false, "Join Type": "Inner", "Startup Cost": 296735.03, "Total Cost": 634072.14, "Plan Rows": 1, "Plan Width": 80, "Actual Rows": 1, "Actual Loops": 7, "Inner Unique": false, "Hash Cond": "(ci.movie_id = t.id)", "Workers": [], "Plans": [{"Node Type": "Nested Loop", "Parent Relationship": "Outer", "Parallel Aware": false, "Async Capable": false, "Join Type": "Inner", "Startup Cost": 45757.91, "Total Cost": 383094.85, "Plan Rows": 40, "Plan Width": 23, "Actual Rows": 563, "Actual Loops": 7, "Inner Unique": true, "Workers": [], "Plans": [{"Node Type": "Hash Join", "Parent Relationship": "Outer", "Parallel Aware": true, "Async Capable": false, "Join Type": "Inner", "Startup Cost": 45757.48, "Total Cost": 383072.42, "Plan Rows": 40, "Plan Width": 12, "Actual Rows": 563, "Actual Loops": 7, "Inner Unique": false, "Hash Cond": "(ci.movie_id = mk.movie_id)", "Workers": [], "Plans": [{"Node Type": "Seq Scan", "Parent Relationship": "Outer", "Parallel Aware": true, "Async Capable": false, "Relation Name": "cast_info", "Alias": "ci", "Startup Cost": 0.0, "Total Cost": 335756.3, "Plan Rows": 415604, "Plan Width": 8, "Actual Rows": 348338, "Actual Loops": 7, "Filter": "((note)::text = ANY ('{\"(executive producer)\",\"(head writer)\",(producer)}'::text[]))", "Rows Removed by Filter": 4829425, "Workers": []}, {"Node Type": "Hash", "Parent Relationship": "Inner", "Parallel Aware": true, "Async Capable": false, "Startup Cost": 45757.07, "Total Cost": 45757.07, "Plan Rows": 33, "Plan Width": 4, "Actual Rows": 351, "Actual Loops": 7, "Hash Buckets": 1024, "Original Hash Buckets": 1024, "Hash Batches": 1, "Original Hash Batches": 1, "Peak Memory Usage": 232, "Workers": [], "Plans": [{"Node Type": "Hash Join", "Parent Relationship": "Outer", "Parallel Aware": false, "Async Capable": false, "Join Type": "Inner", "Startup Cost": 2852.88, "Total Cost": 45757.07, "Plan Rows": 33, "Plan Width": 4, "Actual Rows": 351, "Actual Loops": 7, "Inner Unique": true, "Hash Cond": "(mk.keyword_id = k.id)", "Workers": [], "Plans": [{"Node Type": "Seq Scan", "Parent Relationship": "Outer", "Parallel Aware": true, "Async Capable": false, "Relation Name": "movie_keyword", "Alias": "mk", "Startup Cost": 0.0, "Total Cost": 39073.32, "Plan Rows": 1459332, "Plan Width": 8, "Actual Rows": 646276, "Actual Loops": 7, "Workers": []}, {"Node Type": "Hash", "Parent Relationship": "Inner", "Parallel Aware": false, "Async Capable": false, "Startup Cost": 2852.84, "Total Cost": 2852.84, "Plan Rows": 3, "Plan Width": 4, "Actual Rows": 3, "Actual Loops": 7, "Hash Buckets": 1024, "Original Hash Buckets": 1024, "Hash Batches": 1, "Original Hash Batches": 1, "Peak Memory Usage": 9, "Workers": [], "Plans": [{"Node Type": "Seq Scan", "Parent Relationship": "Outer", "Parallel Aware": false, "Async Capable": false, "Relation Name": "keyword", "Alias": "k", "Startup Cost": 0.0, "Total Cost": 2852.84, "Plan Rows": 3, "Plan Width": 4, "Actual Rows": 3, "Actual Loops": 7, "Filter": "((keyword)::text = ANY ('{\"10,000-mile-club\",alienation,based-on-comic}'::text[]))", "Rows Removed by Filter": 134167, "Workers": []}]}]}]}]}, {"Node Type": "Index Scan", "Parent Relationship": "Inner", "Parallel Aware": false, "Async Capable": false, "Scan Direction": "Forward", "Index Name": "name_pkey", "Relation Name": "name", "Alias": "n", "Startup Cost": 0.43, "Total Cost": 0.56, "Plan Rows": 1, "Plan Width": 19, "Actual Rows": 1, "Actual Loops": 3941, "Index Cond": "(id = ci.person_id)", "Rows Removed by Index Recheck": 0, "Workers": []}]}, {"Node Type": "Hash", "Parent Relationship": "Inner", "Parallel Aware": true, "Async Capable": false, "Startup Cost": 250977.11, "Total Cost": 250977.11, "Plan Rows": 1, "Plan Width": 81, "Actual Rows": 18, "Actual Loops": 7, "Hash Buckets": 1024, "Original Hash Buckets": 1024, "Hash Batches": 1, "Original Hash Batches": 1, "Peak Memory Usage": 232, "Workers": [], "Plans": [{"Node Type": "Nested Loop", "Parent Relationship": "Outer", "Parallel Aware": false, "Async Capable": false, "Join Type": "Inner", "Startup Cost": 44772.95, "Total Cost": 250977.11, "Plan Rows": 1, "Plan Width": 81, "Actual Rows": 18, "Actual Loops": 7, "Inner Unique": true, "Join Filter": "(t.id = mi.movie_id)", "Rows Removed by Join Filter": 0, "Workers": [], "Plans": [{"Node Type": "Nested Loop", "Parent Relationship": "Outer", "Parallel Aware": false, "Async Capable": false, "Join Type": "Inner", "Startup Cost": 44772.52, "Total Cost": 250976.52, "Plan Rows": 1, "Plan Width": 60, "Actual Rows": 182, "Actual Loops": 7, "Inner Unique": true, "Workers": [], "Plans": [{"Node Type": "Hash Join", "Parent Relationship": "Outer", "Parallel Aware": true, "Async Capable": false, "Join Type": "Inner", "Startup Cost": 44772.1, "Total Cost": 250975.8, "Plan Rows": 1, "Plan Width": 64, "Actual Rows": 1135, "Actual Loops": 7, "Inner Unique": false, "Hash Cond": "(mi.movie_id = mi_idx.movie_id)", "Workers": [], "Plans": [{"Node Type": "Hash Join", "Parent Relationship": "Outer", "Parallel Aware": false, "Async Capable": false, "Join Type": "Inner", "Startup Cost": 2.43, "Total Cost": 206205.55, "Plan Rows": 151, "Plan Width": 47, "Actual Rows": 11632, "Actual Loops": 7, "Inner Unique": true, "Hash Cond": "(mi.info_type_id = it1.id)", "Workers": [], "Plans": [{"Node Type": "Seq Scan", "Parent Relationship": "Outer", "Parallel Aware": true, "Async Capable": false, "Relation Name": "movie_info", "Alias": "mi", "Startup Cost": 0.0, "Total Cost": 206156.59, "Plan Rows": 17087, "Plan Width": 51, "Actual Rows": 12078, "Actual Loops": 7, "Filter": "((info)::text = ANY ('{Action,American,Bulgaria,Crime}'::text[]))", "Rows Removed by Filter": 2107310, "Workers": []}, {"Node Type": "Hash", "Parent Relationship": "Inner", "Parallel Aware": false, "Async Capable": false, "Startup Cost": 2.41, "Total Cost": 2.41, "Plan Rows": 1, "Plan Width": 4, "Actual Rows": 1, "Actual Loops": 7, "Hash Buckets": 1024, "Original Hash Buckets": 1024, "Hash Batches": 1, "Original Hash Batches": 1, "Peak Memory Usage": 9, "Workers": [], "Plans": [{"Node Type": "Seq Scan", "Parent Relationship": "Outer", "Parallel Aware": false, "Async Capable": false, "Relation Name": "info_type", "Alias": "it1", "Startup Cost": 0.0, "Total Cost": 2.41, "Plan Rows": 1, "Plan Width": 4, "Actual Rows": 1, "Actual Loops": 7, "Filter": "((info)::text = 'genres'::text)", "Rows Removed by Filter": 112, "Workers": []}]}]}, {"Node Type": "Hash", "Parent Relationship": "Inner", "Parallel Aware": true, "Async Capable": false, "Startup Cost": 44764.91, "Total Cost": 44764.91, "Plan Rows": 381, "Plan Width": 17, "Actual Rows": 5626, "Actual Loops": 7, "Hash Buckets": 65536, "Original Hash Buckets": 2048, "Hash Batches": 1, "Original Hash Batches": 1, "Peak Memory Usage": 3056, "Workers": [], "Plans": [{"Node Type": "Hash Join", "Parent Relationship": "Outer", "Parallel Aware": true, "Async Capable": false, "Join Type": "Inner", "Startup Cost": 15350.21, "Total Cost": 44764.91, "Plan Rows": 381, "Plan Width": 17, "Actual Rows": 5626, "Actual Loops": 7, "Inner Unique": false, "Hash Cond": "(mc.movie_id = mi_idx.movie_id)", "Workers": [], "Plans": [{"Node Type": "Seq Scan", "Parent Relationship": "Outer", "Parallel Aware": true, "Async Capable": false, "Relation Name": "movie_companies", "Alias": "mc", "Startup Cost": 0.0, "Total Cost": 29344.68, "Plan Rows": 18247, "Plan Width": 8, "Actual Rows": 8168, "Actual Loops": 7, "Filter": "((note)::text ~~ '%(2006)%'::text)", "Rows Removed by Filter": 364565, "Workers": []}, {"Node Type": "Hash", "Parent Relationship": "Inner", "Parallel Aware": true, "Async Capable": false, "Startup Cost": 15286.6, "Total Cost": 15286.6, "Plan Rows": 5089, "Plan Width": 9, "Actual Rows": 65704, "Actual Loops": 7, "Hash Buckets": 524288, "Original Hash Buckets": 16384, "Hash Batches": 1, "Original Hash Batches": 1, "Peak Memory Usage": 26304, "Workers": [], "Plans": [{"Node Type": "Hash Join", "Parent Relationship": "Outer", "Parallel Aware": false, "Async Capable": false, "Join Type": "Inner", "Startup Cost": 2.43, "Total Cost": 15286.6, "Plan Rows": 5089, "Plan Width": 9, "Actual Rows": 65704, "Actual Loops": 7, "Inner Unique": true, "Hash Cond": "(mi_idx.info_type_id = it2.id)", "Workers": [], "Plans": [{"Node Type": "Seq Scan", "Parent Relationship": "Outer", "Parallel Aware": true, "Async Capable": false, "Relation Name": "movie_info_idx", "Alias": "mi_idx", "Startup Cost": 0.0, "Total Cost": 13718.15, "Plan Rows": 575015, "Plan Width": 13, "Actual Rows": 197148, "Actual Loops": 7, "Workers": []}, {"Node Type": "Hash", "Parent Relationship": "Inner", "Parallel Aware": false, "Async Capable": false, "Startup Cost": 2.41, "Total Cost": 2.41, "Plan Rows": 1, "Plan Width": 4, "Actual Rows": 1, "Actual Loops": 7, "Hash Buckets": 1024, "Original Hash Buckets": 1024, "Hash Batches": 1, "Original Hash Batches": 1, "Peak Memory Usage": 9, "Workers": [], "Plans": [{"Node Type": "Seq Scan", "Parent Relationship": "Outer", "Parallel Aware": false, "Async Capable": false, "Relation Name": "info_type", "Alias": "it2", "Startup Cost": 0.0, "Total Cost": 2.41, "Plan Rows": 1, "Plan Width": 4, "Actual Rows": 1, "Actual Loops": 7, "Filter": "((info)::text = 'votes'::text)", "Rows Removed by Filter": 112, "Workers": []}]}]}]}]}]}]}, {"Node Type": "Index Scan", "Parent Relationship": "Inner", "Parallel Aware": false, "Async Capable": false, "Scan Direction": "Forward", "Index Name": "company_name_pkey", "Relation Name": "company_name", "Alias": "cn", "Startup Cost": 0.42, "Total Cost": 0.72, "Plan Rows": 1, "Plan Width": 4, "Actual Rows": 0, "Actual Loops": 7944, "Index Cond": "(id = mc.company_id)", "Rows Removed by Index Recheck": 0, "Filter": "((name)::text ~~ '%Film%'::text)", "Rows Removed by Filter": 1, "Workers": []}]}, {"Node Type": "Index Scan", "Parent Relationship": "Inner", "Parallel Aware": false, "Async Capable": false, "Scan Direction": "Forward", "Index Name": "title_pkey", "Relation Name": "title", "Alias": "t", "Startup Cost": 0.43, "Total Cost": 0.58, "Plan Rows": 1, "Plan Width": 21, "Actual Rows": 0, "Actual Loops": 1272, "Index Cond": "(id = mi_idx.movie_id)", "Rows Removed by Index Recheck": 0, "Filter": "(production_year <= 1972)", "Rows Removed by Filter": 1, "Workers": []}]}]}]}]}]}]}, "Planning Time": 23.29, "Triggers": [], "Execution Time": 1457.346}, {"Plan": {"Node Type": "Aggregate", "Strategy": "Plain", "Partial Mode": "Finalize", "Parallel Aware": false, "Async Capable": false, "Startup Cost": 635065.28, "Total Cost": 635065.29, "Plan Rows": 1, "Plan Width": 128, "Actual Rows": 1, "Actual Loops": 1, "Plans": [{"Node Type": "Gather", "Parent Relationship": "Outer", "Parallel Aware": false, "Async Capable": false, "Startup Cost": 635064.61, "Total Cost": 635065.22, "Plan Rows": 6, "Plan Width": 128, "Actual Rows": 7, "Actual Loops": 1, "Workers Planned": 6, "Workers Launched": 6, "Single Copy": false, "Plans": [{"Node Type": "Aggregate", "Strategy": "Plain", "Partial Mode": "Partial", "Parent Relationship": "Outer", "Parallel Aware": false, "Async Capable": false, "Startup Cost": 634064.61, "Total Cost": 634064.62, "Plan Rows": 1, "Plan Width": 128, "Actual Rows": 1, "Actual Loops": 7, "Workers": [], "Plans": [{"Node Type": "Hash Join", "Parent Relationship": "Outer", "Parallel Aware": true, "Async Capable": false, "Join Type": "Inner", "Startup Cost": 296748.62, "Total Cost": 634064.6, "Plan Rows": 1, "Plan Width": 80, "Actual Rows": 1, "Actual Loops": 7, "Inner Unique": false, "Hash Cond": "(ci.movie_id = t.id)", "Workers": [], "Plans": [{"Node Type": "Nested Loop", "Parent Relationship": "Outer", "Parallel Aware": false, "Async Capable": false, "Join Type": "Inner", "Startup Cost": 75171.48, "Total Cost": 412487.45, "Plan Rows": 1, "Plan Width": 27, "Actual Rows": 41, "Actual Loops": 7, "Inner Unique": true, "Workers": [], "Plans": [{"Node Type": "Nested Loop", "Parent Relationship": "Outer", "Parallel Aware": false, "Async Capable": false, "Join Type": "Inner", "Startup Cost": 75171.05, "Total Cost": 412486.89, "Plan Rows": 1, "Plan Width": 16, "Actual Rows": 41, "Actual Loops": 7, "Inner Unique": true, "Workers": [], "Plans": [{"Node Type": "Hash Join", "Parent Relationship": "Outer", "Parallel Aware": true, "Async Capable": false, "Join Type": "Inner", "Startup Cost": 75170.63, "Total Cost": 412485.45, "Plan Rows": 2, "Plan Width": 20, "Actual Rows": 216, "Actual Loops": 7, "Inner Unique": false, "Hash Cond": "(ci.movie_id = mk.movie_id)", "Workers": [], "Plans": [{"Node Type": "Seq Scan", "Parent Relationship": "Outer", "Parallel Aware": true, "Async Capable": false, "Relation Name": "cast_info", "Alias": "ci", "Startup Cost": 0.0, "Total Cost": 335756.3, "Plan Rows": 415604, "Plan Width": 8, "Actual Rows": 348338, "Actual Loops": 7, "Filter": "((note)::text = ANY ('{\"(executive producer)\",\"(head writer)\",(producer)}'::text[]))", "Rows Removed by Filter": 4829425, "Workers": []}, {"Node Type": "Hash", "Parent Relationship": "Inner", "Parallel Aware": true, "Async Capable": false, "Startup Cost": 75170.6, "Total Cost": 75170.6, "Plan Rows": 3, "Plan Width": 12, "Actual Rows": 69, "Actual Loops": 7, "Hash Buckets": 1024, "Original Hash Buckets": 1024, "Hash Batches": 1, "Original Hash Batches": 1, "Peak Memory Usage": 232, "Workers": [], "Plans": [{"Node Type": "Hash Join", "Parent Relationship": "Outer", "Parallel Aware": true, "Async Capable": false, "Join Type": "Inner", "Startup Cost": 45757.48, "Total Cost": 75170.6, "Plan Rows": 3, "Plan Width": 12, "Actual Rows": 69, "Actual Loops": 7, "Inner Unique": false, "Hash Cond": "(mc.movie_id = mk.movie_id)", "Workers": [], "Plans": [{"Node Type": "Seq Scan", "Parent Relationship": "Outer", "Parallel Aware": true, "Async Capable": false, "Relation Name": "movie_companies", "Alias": "mc", "Startup Cost": 0.0, "Total Cost": 29344.68, "Plan Rows": 18247, "Plan Width": 8, "Actual Rows": 8168, "Actual Loops": 7, "Filter": "((note)::text ~~ '%(2006)%'::text)", "Rows Removed by Filter": 364565, "Workers": []}, {"Node Type": "Hash", "Parent Relationship": "Inner", "Parallel Aware": true, "Async Capable": false, "Startup Cost": 45757.07, "Total Cost": 45757.07, "Plan Rows": 33, "Plan Width": 4, "Actual Rows": 351, "Actual Loops": 7, "Hash Buckets": 1024, "Original Hash Buckets": 1024, "Hash Batches": 1, "Original Hash Batches": 1, "Peak Memory Usage": 232, "Workers": [], "Plans": [{"Node Type": "Hash Join", "Parent Relationship": "Outer", "Parallel Aware": false, "Async Capable": false, "Join Type": "Inner", "Startup Cost": 2852.88, "Total Cost": 45757.07, "Plan Rows": 33, "Plan Width": 4, "Actual Rows": 351, "Actual Loops": 7, "Inner Unique": true, "Hash Cond": "(mk.keyword_id = k.id)", "Workers": [], "Plans": [{"Node Type": "Seq Scan", "Parent Relationship": "Outer", "Parallel Aware": true, "Async Capable": false, "Relation Name": "movie_keyword", "Alias": "mk", "Startup Cost": 0.0, "Total Cost": 39073.32, "Plan Rows": 1459332, "Plan Width": 8, "Actual Rows": 646276, "Actual Loops": 7, "Workers": []}, {"Node Type": "Hash", "Parent Relationship": "Inner", "Parallel Aware": false, "Async Capable": false, "Startup Cost": 2852.84, "Total Cost": 2852.84, "Plan Rows": 3, "Plan Width": 4, "Actual Rows": 3, "Actual Loops": 7, "Hash Buckets": 1024, "Original Hash Buckets": 1024, "Hash Batches": 1, "Original Hash Batches": 1, "Peak Memory Usage": 9, "Workers": [], "Plans": [{"Node Type": "Seq Scan", "Parent Relationship": "Outer", "Parallel Aware": false, "Async Capable": false, "Relation Name": "keyword", "Alias": "k", "Startup Cost": 0.0, "Total Cost": 2852.84, "Plan Rows": 3, "Plan Width": 4, "Actual Rows": 3, "Actual Loops": 7, "Filter": "((keyword)::text = ANY ('{\"10,000-mile-club\",alienation,based-on-comic}'::text[]))", "Rows Removed by Filter": 134167, "Workers": []}]}]}]}]}]}]}, {"Node Type": "Index Scan", "Parent Relationship": "Inner", "Parallel Aware": false, "Async Capable": false, "Scan Direction": "Forward", "Index Name": "company_name_pkey", "Relation Name": "company_name", "Alias": "cn", "Startup Cost": 0.42, "Total Cost": 0.72, "Plan Rows": 1, "Plan Width": 4, "Actual Rows": 0, "Actual Loops": 1511, "Index Cond": "(id = mc.company_id)", "Rows Removed by Index Recheck": 0, "Filter": "((name)::text ~~ '%Film%'::text)", "Rows Removed by Filter": 1, "Workers": []}]}, {"Node Type": "Index Scan", "Parent Relationship": "Inner", "Parallel Aware": false, "Async Capable": false, "Scan Direction": "Forward", "Index Name": "name_pkey", "Relation Name": "name", "Alias": "n", "Startup Cost": 0.43, "Total Cost": 0.56, "Plan Rows": 1, "Plan Width": 19, "Actual Rows": 1, "Actual Loops": 289, "Index Cond": "(id = ci.person_id)", "Rows Removed by Index Recheck": 0, "Workers": []}]}, {"Node Type": "Hash", "Parent Relationship": "Inner", "Parallel Aware": true, "Async Capable": false, "Startup Cost": 221577.12, "Total Cost": 221577.12, "Plan Rows": 1, "Plan Width": 77, "Actual Rows": 1249, "Actual Loops": 7, "Hash Buckets": 8192, "Original Hash Buckets": 1024, "Hash Batches": 1, "Original Hash Batches": 1, "Peak Memory Usage": 856, "Workers": [], "Plans": [{"Node Type": "Nested Loop", "Parent Relationship": "Outer", "Parallel Aware": false, "Async Capable": false, "Join Type": "Inner", "Startup Cost": 15353.07, "Total Cost": 221577.12, "Plan Rows": 1, "Plan Width": 77, "Actual Rows": 1249, "Actual Loops": 7, "Inner Unique": true, "Join Filter": "(t.id = mi.movie_id)", "Rows Removed by Join Filter": 0, "Workers": [], "Plans": [{"Node Type": "Hash Join", "Parent Relationship": "Outer", "Parallel Aware": false, "Async Capable": false, "Join Type": "Inner", "Startup Cost": 15352.64, "Total Cost": 221575.35, "Plan Rows": 3, "Plan Width": 56, "Actual Rows": 6511, "Actual Loops": 7, "Inner Unique": true, "Hash Cond": "(mi.info_type_id = it1.id)", "Workers": [], "Plans": [{"Node Type": "Hash Join", "Parent Relationship": "Outer", "Parallel Aware": true, "Async Capable": false, "Join Type": "Inner", "Startup Cost": 15350.21, "Total Cost": 221572.11, "Plan Rows": 295, "Plan Width": 60, "Actual Rows": 6764, "Actual Loops": 7, "Inner Unique": false, "Hash Cond": "(mi.movie_id = mi_idx.movie_id)", "Workers": [], "Plans": [{"Node Type": "Seq Scan", "Parent Relationship": "Outer", "Parallel Aware": true, "Async Capable": false, "Relation Name": "movie_info", "Alias": "mi", "Startup Cost": 0.0, "Total Cost": 206156.59, "Plan Rows": 17087, "Plan Width": 51, "Actual Rows": 12078, "Actual Loops": 7, "Filter": "((info)::text = ANY ('{Action,American,Bulgaria,Crime}'::text[]))", "Rows Removed by Filter": 2107310, "Workers": []}, {"Node Type": "Hash", "Parent Relationship": "Inner", "Parallel Aware": true, "Async Capable": false, "Startup Cost": 15286.6, "Total Cost": 15286.6, "Plan Rows": 5089, "Plan Width": 9, "Actual Rows": 65704, "Actual Loops": 7, "Hash Buckets": 524288, "Original Hash Buckets": 16384, "Hash Batches": 1, "Original Hash Batches": 1, "Peak Memory Usage": 26304, "Workers": [], "Plans": [{"Node Type": "Hash Join", "Parent Relationship": "Outer", "Parallel Aware": false, "Async Capable": false, "Join Type": "Inner", "Startup Cost": 2.43, "Total Cost": 15286.6, "Plan Rows": 5089, "Plan Width": 9, "Actual Rows": 65704, "Actual Loops": 7, "Inner Unique": true, "Hash Cond": "(mi_idx.info_type_id = it2.id)", "Workers": [], "Plans": [{"Node Type": "Seq Scan", "Parent Relationship": "Outer", "Parallel Aware": true, "Async Capable": false, "Relation Name": "movie_info_idx", "Alias": "mi_idx", "Startup Cost": 0.0, "Total Cost": 13718.15, "Plan Rows": 575015, "Plan Width": 13, "Actual Rows": 197148, "Actual Loops": 7, "Workers": []}, {"Node Type": "Hash", "Parent Relationship": "Inner", "Parallel Aware": false, "Async Capable": false, "Startup Cost": 2.41, "Total Cost": 2.41, "Plan Rows": 1, "Plan Width": 4, "Actual Rows": 1, "Actual Loops": 7, "Hash Buckets": 1024, "Original Hash Buckets": 1024, "Hash Batches": 1, "Original Hash Batches": 1, "Peak Memory Usage": 9, "Workers": [], "Plans": [{"Node Type": "Seq Scan", "Parent Relationship": "Outer", "Parallel Aware": false, "Async Capable": false, "Relation Name": "info_type", "Alias": "it2", "Startup Cost": 0.0, "Total Cost": 2.41, "Plan Rows": 1, "Plan Width": 4, "Actual Rows": 1, "Actual Loops": 7, "Filter": "((info)::text = 'votes'::text)", "Rows Removed by Filter": 112, "Workers": []}]}]}]}]}, {"Node Type": "Hash", "Parent Relationship": "Inner", "Parallel Aware": false, "Async Capable": false, "Startup Cost": 2.41, "Total Cost": 2.41, "Plan Rows": 1, "Plan Width": 4, "Actual Rows": 1, "Actual Loops": 7, "Hash Buckets": 1024, "Original Hash Buckets": 1024, "Hash Batches": 1, "Original Hash Batches": 1, "Peak Memory Usage": 9, "Workers": [], "Plans": [{"Node Type": "Seq Scan", "Parent Relationship": "Outer", "Parallel Aware": false, "Async Capable": false, "Relation Name": "info_type", "Alias": "it1", "Startup Cost": 0.0, "Total Cost": 2.41, "Plan Rows": 1, "Plan Width": 4, "Actual Rows": 1, "Actual Loops": 7, "Filter": "((info)::text = 'genres'::text)", "Rows Removed by Filter": 112, "Workers": []}]}]}, {"Node Type": "Index Scan", "Parent Relationship": "Inner", "Parallel Aware": false, "Async Capable": false, "Scan Direction": "Forward", "Index Name": "title_pkey", "Relation Name": "title", "Alias": "t", "Startup Cost": 0.43, "Total Cost": 0.58, "Plan Rows": 1, "Plan Width": 21, "Actual Rows": 0, "Actual Loops": 45580, "Index Cond": "(id = mi_idx.movie_id)", "Rows Removed by Index Recheck": 0, "Filter": "(production_year <= 1972)", "Rows Removed by Filter": 1, "Workers": []}]}]}]}]}]}]}, "Planning Time": 22.341, "Triggers": [], "Execution Time": 1551.367}, {"Plan": {"Node Type": "Aggregate", "Strategy": "Plain", "Partial Mode": "Simple", "Parallel Aware": false, "Async Capable": false, "Startup Cost": 718876.5, "Total Cost": 718876.51, "Plan Rows": 1, "Plan Width": 128, "Actual Rows": 1, "Actual Loops": 1, "Plans": [{"Node Type": "Gather", "Parent Relationship": "Outer", "Parallel Aware": false, "Async Capable": false, "Startup Cost": 675971.28, "Total Cost": 718876.49, "Plan Rows": 1, "Plan Width": 80, "Actual Rows": 6, "Actual Loops": 1, "Workers Planned": 3, "Workers Launched": 3, "Single Copy": false, "Plans": [{"Node Type": "Hash Join", "Parent Relationship": "Outer", "Parallel Aware": true, "Async Capable": false, "Join Type": "Inner", "Startup Cost": 674971.28, "Total Cost": 717876.39, "Plan Rows": 1, "Plan Width": 80, "Actual Rows": 2, "Actual Loops": 4, "Inner Unique": false, "Hash Cond": "(t.id = ci.movie_id)", "Workers": [], "Plans": [{"Node Type": "Nested Loop", "Parent Relationship": "Outer", "Parallel Aware": false, "Async Capable": false, "Join Type": "Inner", "Startup Cost": 253830.84, "Total Cost": 296735.58, "Plan Rows": 1, "Plan Width": 85, "Actual Rows": 1, "Actual Loops": 4, "Inner Unique": true, "Join Filter": "(t.id = mi.movie_id)", "Rows Removed by Join Filter": 0, "Workers": [], "Plans": [{"Node Type": "Nested Loop", "Parent Relationship": "Outer", "Parallel Aware": false, "Async Capable": false, "Join Type": "Inner", "Startup Cost": 253830.41, "Total Cost": 296735.08, "Plan Rows": 1, "Plan Width": 64, "Actual Rows": 12, "Actual Loops": 4, "Inner Unique": true, "Workers": [], "Plans": [{"Node Type": "Hash Join", "Parent Relationship": "Outer", "Parallel Aware": true, "Async Capable": false, "Join Type": "Inner", "Startup Cost": 253829.99, "Total Cost": 296734.36, "Plan Rows": 1, "Plan Width": 68, "Actual Rows": 80, "Actual Loops": 4, "Inner Unique": false, "Hash Cond": "(mi_idx.movie_id = mi.movie_id)", "Workers": [], "Plans": [{"Node Type": "Hash Join", "Parent Relationship": "Outer", "Parallel Aware": true, "Async Capable": false, "Join Type": "Inner", "Startup Cost": 47622.55, "Total Cost": 90526.87, "Plan Rows": 1, "Plan Width": 21, "Actual Rows": 121, "Actual Loops": 4, "Inner Unique": false, "Hash Cond": "(mk.movie_id = mi_idx.movie_id)", "Workers": [], "Plans": [{"Node Type": "Hash Join", "Parent Relationship": "Outer", "Parallel Aware": false, "Async Capable": false, "Join Type": "Inner", "Startup Cost": 2852.88, "Total Cost": 45757.07, "Plan Rows": 33, "Plan Width": 4, "Actual Rows": 614, "Actual Loops": 4, "Inner Unique": true, "Hash Cond": "(mk.keyword_id = k.id)", "Workers": [], "Plans": [{"Node Type": "Seq Scan", "Parent Relationship": "Outer", "Parallel Aware": true, "Async Capable": false, "Relation Name": "movie_keyword", "Alias": "mk", "Startup Cost": 0.0, "Total Cost": 39073.32, "Plan Rows": 1459332, "Plan Width": 8, "Actual Rows": 1130982, "Actual Loops": 4, "Workers": []}, {"Node Type": "Hash", "Parent Relationship": "Inner", "Parallel Aware": false, "Async Capable": false, "Startup Cost": 2852.84, "Total Cost": 2852.84, "Plan Rows": 3, "Plan Width": 4, "Actual Rows": 3, "Actual Loops": 4, "Hash Buckets": 1024, "Original Hash Buckets": 1024, "Hash Batches": 1, "Original Hash Batches": 1, "Peak Memory Usage": 9, "Workers": [], "Plans": [{"Node Type": "Seq Scan", "Parent Relationship": "Outer", "Parallel Aware": false, "Async Capable": false, "Relation Name": "keyword", "Alias": "k", "Startup Cost": 0.0, "Total Cost": 2852.84, "Plan Rows": 3, "Plan Width": 4, "Actual Rows": 3, "Actual Loops": 4, "Filter": "((keyword)::text = ANY ('{\"10,000-mile-club\",alienation,based-on-comic}'::text[]))", "Rows Removed by Filter": 134167, "Workers": []}]}]}, {"Node Type": "Hash", "Parent Relationship": "Inner", "Parallel Aware": true, "Async Capable": false, "Startup Cost": 44764.91, "Total Cost": 44764.91, "Plan Rows": 381, "Plan Width": 17, "Actual Rows": 9846, "Actual Loops": 4, "Hash Buckets": 65536, "Original Hash Buckets": 2048, "Hash Batches": 1, "Original Hash Batches": 1, "Peak Memory Usage": 2992, "Workers": [], "Plans": [{"Node Type": "Hash Join", "Parent Relationship": "Outer", "Parallel Aware": true, "Async Capable": false, "Join Type": "Inner", "Startup Cost": 15350.21, "Total Cost": 44764.91, "Plan Rows": 381, "Plan Width": 17, "Actual Rows": 9846, "Actual Loops": 4, "Inner Unique": false, "Hash Cond": "(mc.movie_id = mi_idx.movie_id)", "Workers": [], "Plans": [{"Node Type": "Seq Scan", "Parent Relationship": "Outer", "Parallel Aware": true, "Async Capable": false, "Relation Name": "movie_companies", "Alias": "mc", "Startup Cost": 0.0, "Total Cost": 29344.68, "Plan Rows": 18247, "Plan Width": 8, "Actual Rows": 14293, "Actual Loops": 4, "Filter": "((note)::text ~~ '%(2006)%'::text)", "Rows Removed by Filter": 637989, "Workers": []}, {"Node Type": "Hash", "Parent Relationship": "Inner", "Parallel Aware": true, "Async Capable": false, "Startup Cost": 15286.6, "Total Cost": 15286.6, "Plan Rows": 5089, "Plan Width": 9, "Actual Rows": 114981, "Actual Loops": 4, "Hash Buckets": 524288, "Original Hash Buckets": 16384, "Hash Batches": 1, "Original Hash Batches": 1, "Peak Memory Usage": 26304, "Workers": [], "Plans": [{"Node Type": "Hash Join", "Parent Relationship": "Outer", "Parallel Aware": false, "Async Capable": false, "Join Type": "Inner", "Startup Cost": 2.43, "Total Cost": 15286.6, "Plan Rows": 5089, "Plan Width": 9, "Actual Rows": 114981, "Actual Loops": 4, "Inner Unique": true, "Hash Cond": "(mi_idx.info_type_id = it2.id)", "Workers": [], "Plans": [{"Node Type": "Seq Scan", "Parent Relationship": "Outer", "Parallel Aware": true, "Async Capable": false, "Relation Name": "movie_info_idx", "Alias": "mi_idx", "Startup Cost": 0.0, "Total Cost": 13718.15, "Plan Rows": 575015, "Plan Width": 13, "Actual Rows": 345009, "Actual Loops": 4, "Workers": []}, {"Node Type": "Hash", "Parent Relationship": "Inner", "Parallel Aware": false, "Async Capable": false, "Startup Cost": 2.41, "Total Cost": 2.41, "Plan Rows": 1, "Plan Width": 4, "Actual Rows": 1, "Actual Loops": 4, "Hash Buckets": 1024, "Original Hash Buckets": 1024, "Hash Batches": 1, "Original Hash Batches": 1, "Peak Memory Usage": 9, "Workers": [], "Plans": [{"Node Type": "Seq Scan", "Parent Relationship": "Outer", "Parallel Aware": false, "Async Capable": false, "Relation Name": "info_type", "Alias": "it2", "Startup Cost": 0.0, "Total Cost": 2.41, "Plan Rows": 1, "Plan Width": 4, "Actual Rows": 1, "Actual Loops": 4, "Filter": "((info)::text = 'votes'::text)", "Rows Removed by Filter": 112, "Workers": []}]}]}]}]}]}]}, {"Node Type": "Hash", "Parent Relationship": "Inner", "Parallel Aware": true, "Async Capable": false, "Startup Cost": 206205.55, "Total Cost": 206205.55, "Plan Rows": 151, "Plan Width": 47, "Actual Rows": 20357, "Actual Loops": 4, "Hash Buckets": 131072, "Original Hash Buckets": 1024, "Hash Batches": 1, "Original Hash Batches": 1, "Peak Memory Usage": 5912, "Workers": [], "Plans": [{"Node Type": "Hash Join", "Parent Relationship": "Outer", "Parallel Aware": false, "Async Capable": false, "Join Type": "Inner", "Startup Cost": 2.43, "Total Cost": 206205.55, "Plan Rows": 151, "Plan Width": 47, "Actual Rows": 20357, "Actual Loops": 4, "Inner Unique": true, "Hash Cond": "(mi.info_type_id = it1.id)", "Workers": [], "Plans": [{"Node Type": "Seq Scan", "Parent Relationship": "Outer", "Parallel Aware": true, "Async Capable": false, "Relation Name": "movie_info", "Alias": "mi", "Startup Cost": 0.0, "Total Cost": 206156.59, "Plan Rows": 17087, "Plan Width": 51, "Actual Rows": 21137, "Actual Loops": 4, "Filter": "((info)::text = ANY ('{Action,American,Bulgaria,Crime}'::text[]))", "Rows Removed by Filter": 3687793, "Workers": []}, {"Node Type": "Hash", "Parent Relationship": "Inner", "Parallel Aware": false, "Async Capable": false, "Startup Cost": 2.41, "Total Cost": 2.41, "Plan Rows": 1, "Plan Width": 4, "Actual Rows": 1, "Actual Loops": 4, "Hash Buckets": 1024, "Original Hash Buckets": 1024, "Hash Batches": 1, "Original Hash Batches": 1, "Peak Memory Usage": 9, "Workers": [], "Plans": [{"Node Type": "Seq Scan", "Parent Relationship": "Outer", "Parallel Aware": false, "Async Capable": false, "Relation Name": "info_type", "Alias": "it1", "Startup Cost": 0.0, "Total Cost": 2.41, "Plan Rows": 1, "Plan Width": 4, "Actual Rows": 1, "Actual Loops": 4, "Filter": "((info)::text = 'genres'::text)", "Rows Removed by Filter": 112, "Workers": []}]}]}]}]}, {"Node Type": "Index Scan", "Parent Relationship": "Inner", "Parallel Aware": false, "Async Capable": false, "Scan Direction": "Forward", "Index Name": "company_name_pkey", "Relation Name": "company_name", "Alias": "cn", "Startup Cost": 0.42, "Total Cost": 0.72, "Plan Rows": 1, "Plan Width": 4, "Actual Rows": 0, "Actual Loops": 322, "Index Cond": "(id = mc.company_id)", "Rows Removed by Index Recheck": 0, "Filter": "((name)::text ~~ '%Film%'::text)", "Rows Removed by Filter": 1, "Workers": []}]}, {"Node Type": "Index Scan", "Parent Relationship": "Inner", "Parallel Aware": false, "Async Capable": false, "Scan Direction": "Forward", "Index Name": "title_pkey", "Relation Name": "title", "Alias": "t", "Startup Cost": 0.43, "Total Cost": 0.49, "Plan Rows": 1, "Plan Width": 21, "Actual Rows": 0, "Actual Loops": 47, "Index Cond": "(id = mk.movie_id)", "Rows Removed by Index Recheck": 0, "Filter": "(production_year <= 1972)", "Rows Removed by Filter": 1, "Workers": []}]}, {"Node Type": "Hash", "Parent Relationship": "Inner", "Parallel Aware": true, "Async Capable": false, "Startup Cost": 415945.4, "Total Cost": 415945.4, "Plan Rows": 415604, "Plan Width": 19, "Actual Rows": 609592, "Actual Loops": 4, "Hash Buckets": 4194304, "Original Hash Buckets": 4194304, "Hash Batches": 1, "Original Hash Batches": 1, "Peak Memory Usage": 164864, "Workers": [], "Plans": [{"Node Type": "Hash Join", "Parent Relationship": "Outer", "Parallel Aware": true, "Async Capable": false, "Join Type": "Inner", "Startup Cost": 79098.14, "Total Cost": 415945.4, "Plan Rows": 415604, "Plan Width": 19, "Actual Rows": 609592, "Actual Loops": 4, "Inner Unique": true, "Hash Cond": "(ci.person_id = n.id)", "Workers": [], "Plans": [{"Node Type": "Seq Scan", "Parent Relationship": "Outer", "Parallel Aware": true, "Async Capable": false, "Relation Name": "cast_info", "Alias": "ci", "Startup Cost": 0.0, "Total Cost": 335756.3, "Plan Rows": 415604, "Plan Width": 8, "Actual Rows": 609592, "Actual Loops": 4, "Filter": "((note)::text = ANY ('{\"(executive producer)\",\"(head writer)\",(producer)}'::text[]))", "Rows Removed by Filter": 8451494, "Workers": []}, {"Node Type": "Hash", "Parent Relationship": "Inner", "Parallel Aware": true, "Async Capable": false, "Startup Cost": 66074.73, "Total Cost": 66074.73, "Plan Rows": 1041873, "Plan Width": 19, "Actual Rows": 1041873, "Actual Loops": 4, "Hash Buckets": 4194304, "Original Hash Buckets": 4194304, "Hash Batches": 1, "Original Hash Batches": 1, "Peak Memory Usage": 258976, "Workers": [], "Plans": [{"Node Type": "Seq Scan", "Parent Relationship": "Outer", "Parallel Aware": true, "Async Capable": false, "Relation Name": "name", "Alias": "n", "Startup Cost": 0.0, "Total Cost": 66074.73, "Plan Rows": 1041873, "Plan Width": 19, "Actual Rows": 1041873, "Actual Loops": 4, "Workers": []}]}]}]}]}]}]}, "Planning Time": 20.908, "Triggers": [], "Execution Time": 4514.847}, {"Plan": {"Node Type": "Aggregate", "Strategy": "Plain", "Partial Mode": "Simple", "Parallel Aware": false, "Async Capable": false, "Startup Cost": 638795.63, "Total Cost": 638795.64, "Plan Rows": 1, "Plan Width": 128, "Actual Rows": 1, "Actual Loops": 1, "Plans": [{"Node Type": "Nested Loop", "Parent Relationship": "Outer", "Parallel Aware": false, "Async Capable": false, "Join Type": "Inner", "Startup Cost": 284010.82, "Total Cost": 638795.62, "Plan Rows": 1, "Plan Width": 80, "Actual Rows": 6, "Actual Loops": 1, "Inner Unique": false, "Join Filter": "(it2.id = mi_idx.info_type_id)", "Rows Removed by Join Filter": 12, "Plans": [{"Node Type": "Seq Scan", "Parent Relationship": "Outer", "Parallel Aware": false, "Async Capable": false, "Relation Name": "info_type", "Alias": "it2", "Startup Cost": 0.0, "Total Cost": 2.41, "Plan Rows": 1, "Plan Width": 4, "Actual Rows": 1, "Actual Loops": 1, "Filter": "((info)::text = 'votes'::text)", "Rows Removed by Filter": 112}, {"Node Type": "Nested Loop", "Parent Relationship": "Inner", "Parallel Aware": false, "Async Capable": false, "Join Type": "Inner", "Startup Cost": 284010.82, "Total Cost": 638793.2, "Plan Rows": 1, "Plan Width": 84, "Actual Rows": 18, "Actual Loops": 1, "Inner Unique": true, "Plans": [{"Node Type": "Nested Loop", "Parent Relationship": "Outer", "Parallel Aware": false, "Async Capable": false, "Join Type": "Inner", "Startup Cost": 284010.39, "Total Cost": 638792.64, "Plan Rows": 1, "Plan Width": 73, "Actual Rows": 18, "Actual Loops": 1, "Inner Unique": false, "Join Filter": "(t.id = mi.movie_id)", "Rows Removed by Join Filter": 4308446, "Plans": [{"Node Type": "Gather", "Parent Relationship": "Outer", "Parallel Aware": false, "Async Capable": false, "Startup Cost": 46773.29, "Total Cost": 62652.65, "Plan Rows": 49, "Plan Width": 38, "Actual Rows": 904, "Actual Loops": 1, "Workers Planned": 2, "Workers Launched": 2, "Single Copy": false, "Plans": [{"Node Type": "Hash Join", "Parent Relationship": "Outer", "Parallel Aware": true, "Async Capable": false, "Join Type": "Inner", "Startup Cost": 45773.29, "Total Cost": 61647.75, "Plan Rows": 20, "Plan Width": 38, "Actual Rows": 301, "Actual Loops": 3, "Inner Unique": false, "Hash Cond": "(mi_idx.movie_id = t.id)", "Workers": [], "Plans": [{"Node Type": "Seq Scan", "Parent Relationship": "Outer", "Parallel Aware": true, "Async Capable": false, "Relation Name": "movie_info_idx", "Alias": "mi_idx", "Startup Cost": 0.0, "Total Cost": 13718.15, "Plan Rows": 575015, "Plan Width": 13, "Actual Rows": 460012, "Actual Loops": 3, "Workers": []}, {"Node Type": "Hash", "Parent Relationship": "Inner", "Parallel Aware": true, "Async Capable": false, "Startup Cost": 45773.23, "Total Cost": 45773.23, "Plan Rows": 5, "Plan Width": 25, "Actual Rows": 205, "Actual Loops": 3, "Hash Buckets": 1024, "Original Hash Buckets": 1024, "Hash Batches": 1, "Original Hash Batches": 1, "Peak Memory Usage": 104, "Workers": [], "Plans": [{"Node Type": "Nested Loop", "Parent Relationship": "Outer", "Parallel Aware": false, "Async Capable": false, "Join Type": "Inner", "Startup Cost": 2853.3, "Total Cost": 45773.23, "Plan Rows": 5, "Plan Width": 25, "Actual Rows": 205, "Actual Loops": 3, "Inner Unique": true, "Workers": [], "Plans": [{"Node Type": "Hash Join", "Parent Relationship": "Outer", "Parallel Aware": false, "Async Capable": false, "Join Type": "Inner", "Startup Cost": 2852.88, "Total Cost": 45757.07, "Plan Rows": 33, "Plan Width": 4, "Actual Rows": 818, "Actual Loops": 3, "Inner Unique": true, "Hash Cond": "(mk.keyword_id = k.id)", "Workers": [], "Plans": [{"Node Type": "Seq Scan", "Parent Relationship": "Outer", "Parallel Aware": true, "Async Capable": false, "Relation Name": "movie_keyword", "Alias": "mk", "Startup Cost": 0.0, "Total Cost": 39073.32, "Plan Rows": 1459332, "Plan Width": 8, "Actual Rows": 1507977, "Actual Loops": 3, "Workers": []}, {"Node Type": "Hash", "Parent Relationship": "Inner", "Parallel Aware": false, "Async Capable": false, "Startup Cost": 2852.84, "Total Cost": 2852.84, "Plan Rows": 3, "Plan Width": 4, "Actual Rows": 3, "Actual Loops": 3, "Hash Buckets": 1024, "Original Hash Buckets": 1024, "Hash Batches": 1, "Original Hash Batches": 1, "Peak Memory Usage": 9, "Workers": [], "Plans": [{"Node Type": "Seq Scan", "Parent Relationship": "Outer", "Parallel Aware": false, "Async Capable": false, "Relation Name": "keyword", "Alias": "k", "Startup Cost": 0.0, "Total Cost": 2852.84, "Plan Rows": 3, "Plan Width": 4, "Actual Rows": 3, "Actual Loops": 3, "Filter": "((keyword)::text = ANY ('{\"10,000-mile-club\",alienation,based-on-comic}'::text[]))", "Rows Removed by Filter": 134167, "Workers": []}]}]}, {"Node Type": "Index Scan", "Parent Relationship": "Inner", "Parallel Aware": false, "Async Capable": false, "Scan Direction": "Forward", "Index Name": "title_pkey", "Relation Name": "title", "Alias": "t", "Startup Cost": 0.43, "Total Cost": 0.49, "Plan Rows": 1, "Plan Width": 21, "Actual Rows": 0, "Actual Loops": 2455, "Index Cond": "(id = mk.movie_id)", "Rows Removed by Index Recheck": 0, "Filter": "(production_year <= 1972)", "Rows Removed by Filter": 1, "Workers": []}]}]}]}]}, {"Node Type": "Materialize", "Parent Relationship": "Inner", "Parallel Aware": false, "Async Capable": false, "Startup Cost": 237237.09, "Total Cost": 576123.87, "Plan Rows": 22, "Plan Width": 59, "Actual Rows": 4766, "Actual Loops": 904, "Plans": [{"Node Type": "Gather", "Parent Relationship": "Outer", "Parallel Aware": false, "Async Capable": false, "Startup Cost": 237237.09, "Total Cost": 576123.76, "Plan Rows": 22, "Plan Width": 59, "Actual Rows": 4766, "Actual Loops": 1, "Workers Planned": 6, "Workers Launched": 6, "Single Copy": false, "Plans": [{"Node Type": "Nested Loop", "Parent Relationship": "Outer", "Parallel Aware": false, "Async Capable": false, "Join Type": "Inner", "Startup Cost": 236237.09, "Total Cost": 575121.56, "Plan Rows": 4, "Plan Width": 59, "Actual Rows": 681, "Actual Loops": 7, "Inner Unique": true, "Workers": [], "Plans": [{"Node Type": "Hash Join", "Parent Relationship": "Outer", "Parallel Aware": true, "Async Capable": false, "Join Type": "Inner", "Startup Cost": 236236.67, "Total Cost": 575110.08, "Plan Rows": 16, "Plan Width": 63, "Actual Rows": 3535, "Actual Loops": 7, "Inner Unique": false, "Hash Cond": "(ci.movie_id = mi.movie_id)", "Workers": [], "Plans": [{"Node Type": "Seq Scan", "Parent Relationship": "Outer", "Parallel Aware": true, "Async Capable": false, "Relation Name": "cast_info", "Alias": "ci", "Startup Cost": 0.0, "Total Cost": 335756.3, "Plan Rows": 415604, "Plan Width": 8, "Actual Rows": 348338, "Actual Loops": 7, "Filter": "((note)::text = ANY ('{\"(executive producer)\",\"(head writer)\",(producer)}'::text[]))", "Rows Removed by Filter": 4829425, "Workers": []}, {"Node Type": "Hash", "Parent Relationship": "Inner", "Parallel Aware": true, "Async Capable": false, "Startup Cost": 236236.42, "Total Cost": 236236.42, "Plan Rows": 20, "Plan Width": 55, "Actual Rows": 1204, "Actual Loops": 7, "Hash Buckets": 8192, "Original Hash Buckets": 1024, "Hash Batches": 1, "Original Hash Batches": 1, "Peak Memory Usage": 760, "Workers": [], "Plans": [{"Node Type": "Hash Join", "Parent Relationship": "Outer", "Parallel Aware": true, "Async Capable": false, "Join Type": "Inner", "Startup Cost": 206207.44, "Total Cost": 236236.42, "Plan Rows": 20, "Plan Width": 55, "Actual Rows": 1204, "Actual Loops": 7, "Inner Unique": false, "Hash Cond": "(mc.movie_id = mi.movie_id)", "Workers": [], "Plans": [{"Node Type": "Seq Scan", "Parent Relationship": "Outer", "Parallel Aware": true, "Async Capable": false, "Relation Name": "movie_companies", "Alias": "mc", "Startup Cost": 0.0, "Total Cost": 29344.68, "Plan Rows": 18247, "Plan Width": 8, "Actual Rows": 8168, "Actual Loops": 7, "Filter": "((note)::text ~~ '%(2006)%'::text)", "Rows Removed by Filter": 364565, "Workers": []}, {"Node Type": "Hash", "Parent Relationship": "Inner", "Parallel Aware": true, "Async Capable": false, "Startup Cost": 206205.55, "Total Cost": 206205.55, "Plan Rows": 151, "Plan Width": 47, "Actual Rows": 11632, "Actual Loops": 7, "Hash Buckets": 131072, "Original Hash Buckets": 1024, "Hash Batches": 1, "Original Hash Batches": 1, "Peak Memory Usage": 6008, "Workers": [], "Plans": [{"Node Type": "Hash Join", "Parent Relationship": "Outer", "Parallel Aware": false, "Async Capable": false, "Join Type": "Inner", "Startup Cost": 2.43, "Total Cost": 206205.55, "Plan Rows": 151, "Plan Width": 47, "Actual Rows": 11632, "Actual Loops": 7, "Inner Unique": true, "Hash Cond": "(mi.info_type_id = it1.id)", "Workers": [], "Plans": [{"Node Type": "Seq Scan", "Parent Relationship": "Outer", "Parallel Aware": true, "Async Capable": false, "Relation Name": "movie_info", "Alias": "mi", "Startup Cost": 0.0, "Total Cost": 206156.59, "Plan Rows": 17087, "Plan Width": 51, "Actual Rows": 12078, "Actual Loops": 7, "Filter": "((info)::text = ANY ('{Action,American,Bulgaria,Crime}'::text[]))", "Rows Removed by Filter": 2107310, "Workers": []}, {"Node Type": "Hash", "Parent Relationship": "Inner", "Parallel Aware": false, "Async Capable": false, "Startup Cost": 2.41, "Total Cost": 2.41, "Plan Rows": 1, "Plan Width": 4, "Actual Rows": 1, "Actual Loops": 7, "Hash Buckets": 1024, "Original Hash Buckets": 1024, "Hash Batches": 1, "Original Hash Batches": 1, "Peak Memory Usage": 9, "Workers": [], "Plans": [{"Node Type": "Seq Scan", "Parent Relationship": "Outer", "Parallel Aware": false, "Async Capable": false, "Relation Name": "info_type", "Alias": "it1", "Startup Cost": 0.0, "Total Cost": 2.41, "Plan Rows": 1, "Plan Width": 4, "Actual Rows": 1, "Actual Loops": 7, "Filter": "((info)::text = 'genres'::text)", "Rows Removed by Filter": 112, "Workers": []}]}]}]}]}]}]}, {"Node Type": "Index Scan", "Parent Relationship": "Inner", "Parallel Aware": false, "Async Capable": false, "Scan Direction": "Forward", "Index Name": "company_name_pkey", "Relation Name": "company_name", "Alias": "cn", "Startup Cost": 0.42, "Total Cost": 0.72, "Plan Rows": 1, "Plan Width": 4, "Actual Rows": 0, "Actual Loops": 24743, "Index Cond": "(id = mc.company_id)", "Rows Removed by Index Recheck": 0, "Filter": "((name)::text ~~ '%Film%'::text)", "Rows Removed by Filter": 1, "Workers": []}]}]}]}]}, {"Node Type": "Index Scan", "Parent Relationship": "Inner", "Parallel Aware": false, "Async Capable": false, "Scan Direction": "Forward", "Index Name": "name_pkey", "Relation Name": "name", "Alias": "n", "Startup Cost": 0.43, "Total Cost": 0.56, "Plan Rows": 1, "Plan Width": 19, "Actual Rows": 1, "Actual Loops": 18, "Index Cond": "(id = ci.person_id)", "Rows Removed by Index Recheck": 0}]}]}]}, "Planning Time": 18.463, "Triggers": [], "Execution Time": 1807.679}, {"Plan": {"Node Type": "Aggregate", "Strategy": "Plain", "Partial Mode": "Simple", "Parallel Aware": false, "Async Capable": false, "Startup Cost": 633876.74, "Total Cost": 633876.75, "Plan Rows": 1, "Plan Width": 128, "Actual Rows": 1, "Actual Loops": 1, "Plans": [{"Node Type": "Nested Loop", "Parent Relationship": "Outer", "Parallel Aware": false, "Async Capable": false, "Join Type": "Inner", "Startup Cost": 296561.64, "Total Cost": 633876.73, "Plan Rows": 1, "Plan Width": 80, "Actual Rows": 6, "Actual Loops": 1, "Inner Unique": true, "Plans": [{"Node Type": "Nested Loop", "Parent Relationship": "Outer", "Parallel Aware": false, "Async Capable": false, "Join Type": "Inner", "Startup Cost": 296561.49, "Total Cost": 633876.55, "Plan Rows": 1, "Plan Width": 84, "Actual Rows": 9, "Actual Loops": 1, "Inner Unique": true, "Plans": [{"Node Type": "Gather", "Parent Relationship": "Outer", "Parallel Aware": false, "Async Capable": false, "Startup Cost": 296561.06, "Total Cost": 633875.98, "Plan Rows": 1, "Plan Width": 73, "Actual Rows": 9, "Actual Loops": 1, "Workers Planned": 6, "Workers Launched": 6, "Single Copy": false, "Plans": [{"Node Type": "Hash Join", "Parent Relationship": "Outer", "Parallel Aware": true, "Async Capable": false, "Join Type": "Inner", "Startup Cost": 295561.06, "Total Cost": 632875.88, "Plan Rows": 1, "Plan Width": 73, "Actual Rows": 1, "Actual Loops": 7, "Inner Unique": false, "Hash Cond": "(ci.movie_id = t.id)", "Workers": [], "Plans": [{"Node Type": "Seq Scan", "Parent Relationship": "Outer", "Parallel Aware": true, "Async Capable": false, "Relation Name": "cast_info", "Alias": "ci", "Startup Cost": 0.0, "Total Cost": 335756.3, "Plan Rows": 415604, "Plan Width": 8, "Actual Rows": 348338, "Actual Loops": 7, "Filter": "((note)::text = ANY ('{\"(executive producer)\",\"(head writer)\",(producer)}'::text[]))", "Rows Removed by Filter": 4829425, "Workers": []}, {"Node Type": "Hash", "Parent Relationship": "Inner", "Parallel Aware": true, "Async Capable": false, "Startup Cost": 295561.05, "Total Cost": 295561.05, "Plan Rows": 1, "Plan Width": 89, "Actual Rows": 1, "Actual Loops": 7, "Hash Buckets": 1024, "Original Hash Buckets": 1024, "Hash Batches": 1, "Original Hash Batches": 1, "Peak Memory Usage": 136, "Workers": [], "Plans": [{"Node Type": "Nested Loop", "Parent Relationship": "Outer", "Parallel Aware": false, "Async Capable": false, "Join Type": "Inner", "Startup Cost": 251011.65, "Total Cost": 295561.05, "Plan Rows": 1, "Plan Width": 89, "Actual Rows": 1, "Actual Loops": 7, "Inner Unique": true, "Workers": [], "Plans": [{"Node Type": "Hash Join", "Parent Relationship": "Outer", "Parallel Aware": true, "Async Capable": false, "Join Type": "Inner", "Startup Cost": 251011.23, "Total Cost": 295557.06, "Plan Rows": 9, "Plan Width": 93, "Actual Rows": 2037, "Actual Loops": 7, "Inner Unique": false, "Hash Cond": "(mk.movie_id = t.id)", "Workers": [], "Plans": [{"Node Type": "Seq Scan", "Parent Relationship": "Outer", "Parallel Aware": true, "Async Capable": false, "Relation Name": "movie_keyword", "Alias": "mk", "Startup Cost": 0.0, "Total Cost": 39073.32, "Plan Rows": 1459332, "Plan Width": 8, "Actual Rows": 646276, "Actual Loops": 7, "Workers": []}, {"Node Type": "Hash", "Parent Relationship": "Inner", "Parallel Aware": true, "Async Capable": false, "Startup Cost": 251011.22, "Total Cost": 251011.22, "Plan Rows": 1, "Plan Width": 85, "Actual Rows": 25, "Actual Loops": 7, "Hash Buckets": 1024, "Original Hash Buckets": 1024, "Hash Batches": 1, "Original Hash Batches": 1, "Peak Memory Usage": 232, "Workers": [], "Plans": [{"Node Type": "Nested Loop", "Parent Relationship": "Outer", "Parallel Aware": false, "Async Capable": false, "Join Type": "Inner", "Startup Cost": 44770.52, "Total Cost": 251011.22, "Plan Rows": 1, "Plan Width": 85, "Actual Rows": 25, "Actual Loops": 7, "Inner Unique": true, "Workers": [], "Plans": [{"Node Type": "Nested Loop", "Parent Relationship": "Outer", "Parallel Aware": false, "Async Capable": false, "Join Type": "Inner", "Startup Cost": 44770.1, "Total Cost": 251007.63, "Plan Rows": 5, "Plan Width": 89, "Actual Rows": 179, "Actual Loops": 7, "Inner Unique": true, "Join Filter": "(t.id = mi.movie_id)", "Rows Removed by Join Filter": 0, "Workers": [], "Plans": [{"Node Type": "Hash Join", "Parent Relationship": "Outer", "Parallel Aware": true, "Async Capable": false, "Join Type": "Inner", "Startup Cost": 44769.67, "Total Cost": 250990.43, "Plan Rows": 29, "Plan Width": 68, "Actual Rows": 1280, "Actual Loops": 7, "Inner Unique": false, "Hash Cond": "(mi.movie_id = mi_idx.movie_id)", "Workers": [], "Plans": [{"Node Type": "Seq Scan", "Parent Relationship": "Outer", "Parallel Aware": true, "Async Capable": false, "Relation Name": "movie_info", "Alias": "mi", "Startup Cost": 0.0, "Total Cost": 206156.59, "Plan Rows": 17087, "Plan Width": 51, "Actual Rows": 12078, "Actual Loops": 7, "Filter": "((info)::text = ANY ('{Action,American,Bulgaria,Crime}'::text[]))", "Rows Removed by Filter": 2107310, "Workers": []}, {"Node Type": "Hash", "Parent Relationship": "Inner", "Parallel Aware": true, "Async Capable": false, "Startup Cost": 44764.91, "Total Cost": 44764.91, "Plan Rows": 381, "Plan Width": 17, "Actual Rows": 5626, "Actual Loops": 7, "Hash Buckets": 65536, "Original Hash Buckets": 2048, "Hash Batches": 1, "Original Hash Batches": 1, "Peak Memory Usage": 3056, "Workers": [], "Plans": [{"Node Type": "Hash Join", "Parent Relationship": "Outer", "Parallel Aware": true, "Async Capable": false, "Join Type": "Inner", "Startup Cost": 15350.21, "Total Cost": 44764.91, "Plan Rows": 381, "Plan Width": 17, "Actual Rows": 5626, "Actual Loops": 7, "Inner Unique": false, "Hash Cond": "(mc.movie_id = mi_idx.movie_id)", "Workers": [], "Plans": [{"Node Type": "Seq Scan", "Parent Relationship": "Outer", "Parallel Aware": true, "Async Capable": false, "Relation Name": "movie_companies", "Alias": "mc", "Startup Cost": 0.0, "Total Cost": 29344.68, "Plan Rows": 18247, "Plan Width": 8, "Actual Rows": 8168, "Actual Loops": 7, "Filter": "((note)::text ~~ '%(2006)%'::text)", "Rows Removed by Filter": 364565, "Workers": []}, {"Node Type": "Hash", "Parent Relationship": "Inner", "Parallel Aware": true, "Async Capable": false, "Startup Cost": 15286.6, "Total Cost": 15286.6, "Plan Rows": 5089, "Plan Width": 9, "Actual Rows": 65704, "Actual Loops": 7, "Hash Buckets": 524288, "Original Hash Buckets": 16384, "Hash Batches": 1, "Original Hash Batches": 1, "Peak Memory Usage": 26304, "Workers": [], "Plans": [{"Node Type": "Hash Join", "Parent Relationship": "Outer", "Parallel Aware": false, "Async Capable": false, "Join Type": "Inner", "Startup Cost": 2.43, "Total Cost": 15286.6, "Plan Rows": 5089, "Plan Width": 9, "Actual Rows": 65704, "Actual Loops": 7, "Inner Unique": true, "Hash Cond": "(mi_idx.info_type_id = it2.id)", "Workers": [], "Plans": [{"Node Type": "Seq Scan", "Parent Relationship": "Outer", "Parallel Aware": true, "Async Capable": false, "Relation Name": "movie_info_idx", "Alias": "mi_idx", "Startup Cost": 0.0, "Total Cost": 13718.15, "Plan Rows": 575015, "Plan Width": 13, "Actual Rows": 197148, "Actual Loops": 7, "Workers": []}, {"Node Type": "Hash", "Parent Relationship": "Inner", "Parallel Aware": false, "Async Capable": false, "Startup Cost": 2.41, "Total Cost": 2.41, "Plan Rows": 1, "Plan Width": 4, "Actual Rows": 1, "Actual Loops": 7, "Hash Buckets": 1024, "Original Hash Buckets": 1024, "Hash Batches": 1, "Original Hash Batches": 1, "Peak Memory Usage": 9, "Workers": [], "Plans": [{"Node Type": "Seq Scan", "Parent Relationship": "Outer", "Parallel Aware": false, "Async Capable": false, "Relation Name": "info_type", "Alias": "it2", "Startup Cost": 0.0, "Total Cost": 2.41, "Plan Rows": 1, "Plan Width": 4, "Actual Rows": 1, "Actual Loops": 7, "Filter": "((info)::text = 'votes'::text)", "Rows Removed by Filter": 112, "Workers": []}]}]}]}]}]}]}, {"Node Type": "Index Scan", "Parent Relationship": "Inner", "Parallel Aware": false, "Async Capable": false, "Scan Direction": "Forward", "Index Name": "title_pkey", "Relation Name": "title", "Alias": "t", "Startup Cost": 0.43, "Total Cost": 0.58, "Plan Rows": 1, "Plan Width": 21, "Actual Rows": 0, "Actual Loops": 8959, "Index Cond": "(id = mi_idx.movie_id)", "Rows Removed by Index Recheck": 0, "Filter": "(production_year <= 1972)", "Rows Removed by Filter": 1, "Workers": []}]}, {"Node Type": "Index Scan", "Parent Relationship": "Inner", "Parallel Aware": false, "Async Capable": false, "Scan Direction": "Forward", "Index Name": "company_name_pkey", "Relation Name": "company_name", "Alias": "cn", "Startup Cost": 0.42, "Total Cost": 0.72, "Plan Rows": 1, "Plan Width": 4, "Actual Rows": 0, "Actual Loops": 1250, "Index Cond": "(id = mc.company_id)", "Rows Removed by Index Recheck": 0, "Filter": "((name)::text ~~ '%Film%'::text)", "Rows Removed by Filter": 1, "Workers": []}]}]}]}, {"Node Type": "Index Scan", "Parent Relationship": "Inner", "Parallel Aware": false, "Async Capable": false, "Scan Direction": "Forward", "Index Name": "keyword_pkey", "Relation Name": "keyword", "Alias": "k", "Startup Cost": 0.42, "Total Cost": 0.44, "Plan Rows": 1, "Plan Width": 4, "Actual Rows": 0, "Actual Loops": 14257, "Index Cond": "(id = mk.keyword_id)", "Rows Removed by Index Recheck": 0, "Filter": "((keyword)::text = ANY ('{\"10,000-mile-club\",alienation,based-on-comic}'::text[]))", "Rows Removed by Filter": 1, "Workers": []}]}]}]}]}, {"Node Type": "Index Scan", "Parent Relationship": "Inner", "Parallel Aware": false, "Async Capable": false, "Scan Direction": "Forward", "Index Name": "name_pkey", "Relation Name": "name", "Alias": "n", "Startup Cost": 0.43, "Total Cost": 0.56, "Plan Rows": 1, "Plan Width": 19, "Actual Rows": 1, "Actual Loops": 9, "Index Cond": "(id = ci.person_id)", "Rows Removed by Index Recheck": 0}]}, {"Node Type": "Index Scan", "Parent Relationship": "Inner", "Parallel Aware": false, "Async Capable": false, "Scan Direction": "Forward", "Index Name": "info_type_pkey", "Relation Name": "info_type", "Alias": "it1", "Startup Cost": 0.14, "Total Cost": 0.16, "Plan Rows": 1, "Plan Width": 4, "Actual Rows": 1, "Actual Loops": 9, "Index Cond": "(id = mi.info_type_id)", "Rows Removed by Index Recheck": 0, "Filter": "((info)::text = 'genres'::text)", "Rows Removed by Filter": 0}]}]}, "Planning Time": 24.24, "Triggers": [], "Execution Time": 1415.193}, {"Plan": {"Node Type": "Aggregate", "Strategy": "Plain", "Partial Mode": "Finalize", "Parallel Aware": false, "Async Capable": false, "Startup Cost": 637188.19, "Total Cost": 637188.2, "Plan Rows": 1, "Plan Width": 128, "Actual Rows": 1, "Actual Loops": 1, "Plans": [{"Node Type": "Gather", "Parent Relationship": "Outer", "Parallel Aware": false, "Async Capable": false, "Startup Cost": 637187.52, "Total Cost": 637188.13, "Plan Rows": 6, "Plan Width": 128, "Actual Rows": 7, "Actual Loops": 1, "Workers Planned": 6, "Workers Launched": 6, "Single Copy": false, "Plans": [{"Node Type": "Aggregate", "Strategy": "Plain", "Partial Mode": "Partial", "Parent Relationship": "Outer", "Parallel Aware": false, "Async Capable": false, "Startup Cost": 636187.52, "Total Cost": 636187.53, "Plan Rows": 1, "Plan Width": 128, "Actual Rows": 1, "Actual Loops": 7, "Workers": [], "Plans": [{"Node Type": "Hash Join", "Parent Relationship": "Outer", "Parallel Aware": true, "Async Capable": false, "Join Type": "Inner", "Startup Cost": 297301.21, "Total Cost": 636187.51, "Plan Rows": 1, "Plan Width": 80, "Actual Rows": 1, "Actual Loops": 7, "Inner Unique": false, "Hash Cond": "(mi.movie_id = t.id)", "Workers": [], "Plans": [{"Node Type": "Nested Loop", "Parent Relationship": "Outer", "Parallel Aware": false, "Async Capable": false, "Join Type": "Inner", "Startup Cost": 236237.52, "Total Cost": 575123.8, "Plan Rows": 4, "Plan Width": 70, "Actual Rows": 681, "Actual Loops": 7, "Inner Unique": true, "Workers": [], "Plans": [{"Node Type": "Nested Loop", "Parent Relationship": "Outer", "Parallel Aware": false, "Async Capable": false, "Join Type": "Inner", "Startup Cost": 236237.09, "Total Cost": 575121.56, "Plan Rows": 4, "Plan Width": 59, "Actual Rows": 681, "Actual Loops": 7, "Inner Unique": true, "Workers": [], "Plans": [{"Node Type": "Hash Join", "Parent Relationship": "Outer", "Parallel Aware": true, "Async Capable": false, "Join Type": "Inner", "Startup Cost": 236236.67, "Total Cost": 575110.08, "Plan Rows": 16, "Plan Width": 63, "Actual Rows": 3535, "Actual Loops": 7, "Inner Unique": false, "Hash Cond": "(ci.movie_id = mi.movie_id)", "Workers": [], "Plans": [{"Node Type": "Seq Scan", "Parent Relationship": "Outer", "Parallel Aware": true, "Async Capable": false, "Relation Name": "cast_info", "Alias": "ci", "Startup Cost": 0.0, "Total Cost": 335756.3, "Plan Rows": 415604, "Plan Width": 8, "Actual Rows": 348338, "Actual Loops": 7, "Filter": "((note)::text = ANY ('{\"(executive producer)\",\"(head writer)\",(producer)}'::text[]))", "Rows Removed by Filter": 4829425, "Workers": []}, {"Node Type": "Hash", "Parent Relationship": "Inner", "Parallel Aware": true, "Async Capable": false, "Startup Cost": 236236.42, "Total Cost": 236236.42, "Plan Rows": 20, "Plan Width": 55, "Actual Rows": 1204, "Actual Loops": 7, "Hash Buckets": 8192, "Original Hash Buckets": 1024, "Hash Batches": 1, "Original Hash Batches": 1, "Peak Memory Usage": 728, "Workers": [], "Plans": [{"Node Type": "Hash Join", "Parent Relationship": "Outer", "Parallel Aware": true, "Async Capable": false, "Join Type": "Inner", "Startup Cost": 206207.44, "Total Cost": 236236.42, "Plan Rows": 20, "Plan Width": 55, "Actual Rows": 1204, "Actual Loops": 7, "Inner Unique": false, "Hash Cond": "(mc.movie_id = mi.movie_id)", "Workers": [], "Plans": [{"Node Type": "Seq Scan", "Parent Relationship": "Outer", "Parallel Aware": true, "Async Capable": false, "Relation Name": "movie_companies", "Alias": "mc", "Startup Cost": 0.0, "Total Cost": 29344.68, "Plan Rows": 18247, "Plan Width": 8, "Actual Rows": 8168, "Actual Loops": 7, "Filter": "((note)::text ~~ '%(2006)%'::text)", "Rows Removed by Filter": 364565, "Workers": []}, {"Node Type": "Hash", "Parent Relationship": "Inner", "Parallel Aware": true, "Async Capable": false, "Startup Cost": 206205.55, "Total Cost": 206205.55, "Plan Rows": 151, "Plan Width": 47, "Actual Rows": 11632, "Actual Loops": 7, "Hash Buckets": 131072, "Original Hash Buckets": 1024, "Hash Batches": 1, "Original Hash Batches": 1, "Peak Memory Usage": 5944, "Workers": [], "Plans": [{"Node Type": "Hash Join", "Parent Relationship": "Outer", "Parallel Aware": false, "Async Capable": false, "Join Type": "Inner", "Startup Cost": 2.43, "Total Cost": 206205.55, "Plan Rows": 151, "Plan Width": 47, "Actual Rows": 11632, "Actual Loops": 7, "Inner Unique": true, "Hash Cond": "(mi.info_type_id = it1.id)", "Workers": [], "Plans": [{"Node Type": "Seq Scan", "Parent Relationship": "Outer", "Parallel Aware": true, "Async Capable": false, "Relation Name": "movie_info", "Alias": "mi", "Startup Cost": 0.0, "Total Cost": 206156.59, "Plan Rows": 17087, "Plan Width": 51, "Actual Rows": 12078, "Actual Loops": 7, "Filter": "((info)::text = ANY ('{Action,American,Bulgaria,Crime}'::text[]))", "Rows Removed by Filter": 2107310, "Workers": []}, {"Node Type": "Hash", "Parent Relationship": "Inner", "Parallel Aware": false, "Async Capable": false, "Startup Cost": 2.41, "Total Cost": 2.41, "Plan Rows": 1, "Plan Width": 4, "Actual Rows": 1, "Actual Loops": 7, "Hash Buckets": 1024, "Original Hash Buckets": 1024, "Hash Batches": 1, "Original Hash Batches": 1, "Peak Memory Usage": 9, "Workers": [], "Plans": [{"Node Type": "Seq Scan", "Parent Relationship": "Outer", "Parallel Aware": false, "Async Capable": false, "Relation Name": "info_type", "Alias": "it1", "Startup Cost": 0.0, "Total Cost": 2.41, "Plan Rows": 1, "Plan Width": 4, "Actual Rows": 1, "Actual Loops": 7, "Filter": "((info)::text = 'genres'::text)", "Rows Removed by Filter": 112, "Workers": []}]}]}]}]}]}]}, {"Node Type": "Index Scan", "Parent Relationship": "Inner", "Parallel Aware": false, "Async Capable": false, "Scan Direction": "Forward", "Index Name": "company_name_pkey", "Relation Name": "company_name", "Alias": "cn", "Startup Cost": 0.42, "Total Cost": 0.72, "Plan Rows": 1, "Plan Width": 4, "Actual Rows": 0, "Actual Loops": 24743, "Index Cond": "(id = mc.company_id)", "Rows Removed by Index Recheck": 0, "Filter": "((name)::text ~~ '%Film%'::text)", "Rows Removed by Filter": 1, "Workers": []}]}, {"Node Type": "Index Scan", "Parent Relationship": "Inner", "Parallel Aware": false, "Async Capable": false, "Scan Direction": "Forward", "Index Name": "name_pkey", "Relation Name": "name", "Alias": "n", "Startup Cost": 0.43, "Total Cost": 0.56, "Plan Rows": 1, "Plan Width": 19, "Actual Rows": 1, "Actual Loops": 4766, "Index Cond": "(id = ci.person_id)", "Rows Removed by Index Recheck": 0, "Workers": []}]}, {"Node Type": "Hash", "Parent Relationship": "Inner", "Parallel Aware": true, "Async Capable": false, "Startup Cost": 61063.68, "Total Cost": 61063.68, "Plan Rows": 1, "Plan Width": 34, "Actual Rows": 43, "Actual Loops": 7, "Hash Buckets": 1024, "Original Hash Buckets": 1024, "Hash Batches": 1, "Original Hash Batches": 1, "Peak Memory Usage": 232, "Workers": [], "Plans": [{"Node Type": "Nested Loop", "Parent Relationship": "Outer", "Parallel Aware": false, "Async Capable": false, "Join Type": "Inner", "Startup Cost": 45760.33, "Total Cost": 61063.68, "Plan Rows": 1, "Plan Width": 34, "Actual Rows": 43, "Actual Loops": 7, "Inner Unique": true, "Join Filter": "(t.id = mi_idx.movie_id)", "Rows Removed by Join Filter": 0, "Workers": [], "Plans": [{"Node Type": "Hash Join", "Parent Relationship": "Outer", "Parallel Aware": true, "Async Capable": false, "Join Type": "Inner", "Startup Cost": 45759.9, "Total Cost": 61063.17, "Plan Rows": 1, "Plan Width": 13, "Actual Rows": 258, "Actual Loops": 7, "Inner Unique": false, "Hash Cond": "(mi_idx.movie_id = mk.movie_id)", "Workers": [], "Plans": [{"Node Type": "Hash Join", "Parent Relationship": "Outer", "Parallel Aware": false, "Async Capable": false, "Join Type": "Inner", "Startup Cost": 2.43, "Total Cost": 15286.6, "Plan Rows": 5089, "Plan Width": 9, "Actual Rows": 65704, "Actual Loops": 7, "Inner Unique": true, "Hash Cond": "(mi_idx.info_type_id = it2.id)", "Workers": [], "Plans": [{"Node Type": "Seq Scan", "Parent Relationship": "Outer", "Parallel Aware": true, "Async Capable": false, "Relation Name": "movie_info_idx", "Alias": "mi_idx", "Startup Cost": 0.0, "Total Cost": 13718.15, "Plan Rows": 575015, "Plan Width": 13, "Actual Rows": 197148, "Actual Loops": 7, "Workers": []}, {"Node Type": "Hash", "Parent Relationship": "Inner", "Parallel Aware": false, "Async Capable": false, "Startup Cost": 2.41, "Total Cost": 2.41, "Plan Rows": 1, "Plan Width": 4, "Actual Rows": 1, "Actual Loops": 7, "Hash Buckets": 1024, "Original Hash Buckets": 1024, "Hash Batches": 1, "Original Hash Batches": 1, "Peak Memory Usage": 9, "Workers": [], "Plans": [{"Node Type": "Seq Scan", "Parent Relationship": "Outer", "Parallel Aware": false, "Async Capable": false, "Relation Name": "info_type", "Alias": "it2", "Startup Cost": 0.0, "Total Cost": 2.41, "Plan Rows": 1, "Plan Width": 4, "Actual Rows": 1, "Actual Loops": 7, "Filter": "((info)::text = 'votes'::text)", "Rows Removed by Filter": 112, "Workers": []}]}]}, {"Node Type": "Hash", "Parent Relationship": "Inner", "Parallel Aware": true, "Async Capable": false, "Startup Cost": 45757.07, "Total Cost": 45757.07, "Plan Rows": 33, "Plan Width": 4, "Actual Rows": 351, "Actual Loops": 7, "Hash Buckets": 1024, "Original Hash Buckets": 1024, "Hash Batches": 1, "Original Hash Batches": 1, "Peak Memory Usage": 232, "Workers": [], "Plans": [{"Node Type": "Hash Join", "Parent Relationship": "Outer", "Parallel Aware": false, "Async Capable": false, "Join Type": "Inner", "Startup Cost": 2852.88, "Total Cost": 45757.07, "Plan Rows": 33, "Plan Width": 4, "Actual Rows": 351, "Actual Loops": 7, "Inner Unique": true, "Hash Cond": "(mk.keyword_id = k.id)", "Workers": [], "Plans": [{"Node Type": "Seq Scan", "Parent Relationship": "Outer", "Parallel Aware": true, "Async Capable": false, "Relation Name": "movie_keyword", "Alias": "mk", "Startup Cost": 0.0, "Total Cost": 39073.32, "Plan Rows": 1459332, "Plan Width": 8, "Actual Rows": 646276, "Actual Loops": 7, "Workers": []}, {"Node Type": "Hash", "Parent Relationship": "Inner", "Parallel Aware": false, "Async Capable": false, "Startup Cost": 2852.84, "Total Cost": 2852.84, "Plan Rows": 3, "Plan Width": 4, "Actual Rows": 3, "Actual Loops": 7, "Hash Buckets": 1024, "Original Hash Buckets": 1024, "Hash Batches": 1, "Original Hash Batches": 1, "Peak Memory Usage": 9, "Workers": [], "Plans": [{"Node Type": "Seq Scan", "Parent Relationship": "Outer", "Parallel Aware": false, "Async Capable": false, "Relation Name": "keyword", "Alias": "k", "Startup Cost": 0.0, "Total Cost": 2852.84, "Plan Rows": 3, "Plan Width": 4, "Actual Rows": 3, "Actual Loops": 7, "Filter": "((keyword)::text = ANY ('{\"10,000-mile-club\",alienation,based-on-comic}'::text[]))", "Rows Removed by Filter": 134167, "Workers": []}]}]}]}]}, {"Node Type": "Index Scan", "Parent Relationship": "Inner", "Parallel Aware": false, "Async Capable": false, "Scan Direction": "Forward", "Index Name": "title_pkey", "Relation Name": "title", "Alias": "t", "Startup Cost": 0.43, "Total Cost": 0.49, "Plan Rows": 1, "Plan Width": 21, "Actual Rows": 0, "Actual Loops": 1803, "Index Cond": "(id = mk.movie_id)", "Rows Removed by Index Recheck": 0, "Filter": "(production_year <= 1972)", "Rows Removed by Filter": 1, "Workers": []}]}]}]}]}]}]}, "Planning Time": 22.465, "Triggers": [], "Execution Time": 1509.679}, {"Plan": {"Node Type": "Aggregate", "Strategy": "Plain", "Partial Mode": "Finalize", "Parallel Aware": false, "Async Capable": false, "Startup Cost": 635065.17, "Total Cost": 635065.18, "Plan Rows": 1, "Plan Width": 128, "Actual Rows": 1, "Actual Loops": 1, "Plans": [{"Node Type": "Gather", "Parent Relationship": "Outer", "Parallel Aware": false, "Async Capable": false, "Startup Cost": 635064.61, "Total Cost": 635065.12, "Plan Rows": 5, "Plan Width": 128, "Actual Rows": 6, "Actual Loops": 1, "Workers Planned": 5, "Workers Launched": 5, "Single Copy": false, "Plans": [{"Node Type": "Aggregate", "Strategy": "Plain", "Partial Mode": "Partial", "Parent Relationship": "Outer", "Parallel Aware": false, "Async Capable": false, "Startup Cost": 634064.61, "Total Cost": 634064.62, "Plan Rows": 1, "Plan Width": 128, "Actual Rows": 1, "Actual Loops": 6, "Workers": [], "Plans": [{"Node Type": "Hash Join", "Parent Relationship": "Outer", "Parallel Aware": true, "Async Capable": false, "Join Type": "Inner", "Startup Cost": 427840.53, "Total Cost": 634064.6, "Plan Rows": 1, "Plan Width": 80, "Actual Rows": 1, "Actual Loops": 6, "Inner Unique": false, "Hash Cond": "(t.id = ci.movie_id)", "Workers": [], "Plans": [{"Node Type": "Nested Loop", "Parent Relationship": "Outer", "Parallel Aware": false, "Async Capable": false, "Join Type": "Inner", "Startup Cost": 15353.07, "Total Cost": 221577.12, "Plan Rows": 1, "Plan Width": 77, "Actual Rows": 1457, "Actual Loops": 6, "Inner Unique": true, "Join Filter": "(t.id = mi.movie_id)", "Rows Removed by Join Filter": 0, "Workers": [], "Plans": [{"Node Type": "Hash Join", "Parent Relationship": "Outer", "Parallel Aware": false, "Async Capable": false, "Join Type": "Inner", "Startup Cost": 15352.64, "Total Cost": 221575.35, "Plan Rows": 3, "Plan Width": 56, "Actual Rows": 7597, "Actual Loops": 6, "Inner Unique": true, "Hash Cond": "(mi.info_type_id = it1.id)", "Workers": [], "Plans": [{"Node Type": "Hash Join", "Parent Relationship": "Outer", "Parallel Aware": true, "Async Capable": false, "Join Type": "Inner", "Startup Cost": 15350.21, "Total Cost": 221572.11, "Plan Rows": 295, "Plan Width": 60, "Actual Rows": 7892, "Actual Loops": 6, "Inner Unique": false, "Hash Cond": "(mi.movie_id = mi_idx.movie_id)", "Workers": [], "Plans": [{"Node Type": "Seq Scan", "Parent Relationship": "Outer", "Parallel Aware": true, "Async Capable": false, "Relation Name": "movie_info", "Alias": "mi", "Startup Cost": 0.0, "Total Cost": 206156.59, "Plan Rows": 17087, "Plan Width": 51, "Actual Rows": 14091, "Actual Loops": 6, "Filter": "((info)::text = ANY ('{Action,American,Bulgaria,Crime}'::text[]))", "Rows Removed by Filter": 2458529, "Workers": []}, {"Node Type": "Hash", "Parent Relationship": "Inner", "Parallel Aware": true, "Async Capable": false, "Startup Cost": 15286.6, "Total Cost": 15286.6, "Plan Rows": 5089, "Plan Width": 9, "Actual Rows": 76654, "Actual Loops": 6, "Hash Buckets": 524288, "Original Hash Buckets": 16384, "Hash Batches": 1, "Original Hash Batches": 1, "Peak Memory Usage": 26304, "Workers": [], "Plans": [{"Node Type": "Hash Join", "Parent Relationship": "Outer", "Parallel Aware": false, "Async Capable": false, "Join Type": "Inner", "Startup Cost": 2.43, "Total Cost": 15286.6, "Plan Rows": 5089, "Plan Width": 9, "Actual Rows": 76654, "Actual Loops": 6, "Inner Unique": true, "Hash Cond": "(mi_idx.info_type_id = it2.id)", "Workers": [], "Plans": [{"Node Type": "Seq Scan", "Parent Relationship": "Outer", "Parallel Aware": true, "Async Capable": false, "Relation Name": "movie_info_idx", "Alias": "mi_idx", "Startup Cost": 0.0, "Total Cost": 13718.15, "Plan Rows": 575015, "Plan Width": 13, "Actual Rows": 230006, "Actual Loops": 6, "Workers": []}, {"Node Type": "Hash", "Parent Relationship": "Inner", "Parallel Aware": false, "Async Capable": false, "Startup Cost": 2.41, "Total Cost": 2.41, "Plan Rows": 1, "Plan Width": 4, "Actual Rows": 1, "Actual Loops": 6, "Hash Buckets": 1024, "Original Hash Buckets": 1024, "Hash Batches": 1, "Original Hash Batches": 1, "Peak Memory Usage": 9, "Workers": [], "Plans": [{"Node Type": "Seq Scan", "Parent Relationship": "Outer", "Parallel Aware": false, "Async Capable": false, "Relation Name": "info_type", "Alias": "it2", "Startup Cost": 0.0, "Total Cost": 2.41, "Plan Rows": 1, "Plan Width": 4, "Actual Rows": 1, "Actual Loops": 6, "Filter": "((info)::text = 'votes'::text)", "Rows Removed by Filter": 112, "Workers": []}]}]}]}]}, {"Node Type": "Hash", "Parent Relationship": "Inner", "Parallel Aware": false, "Async Capable": false, "Startup Cost": 2.41, "Total Cost": 2.41, "Plan Rows": 1, "Plan Width": 4, "Actual Rows": 1, "Actual Loops": 6, "Hash Buckets": 1024, "Original Hash Buckets": 1024, "Hash Batches": 1, "Original Hash Batches": 1, "Peak Memory Usage": 9, "Workers": [], "Plans": [{"Node Type": "Seq Scan", "Parent Relationship": "Outer", "Parallel Aware": false, "Async Capable": false, "Relation Name": "info_type", "Alias": "it1", "Startup Cost": 0.0, "Total Cost": 2.41, "Plan Rows": 1, "Plan Width": 4, "Actual Rows": 1, "Actual Loops": 6, "Filter": "((info)::text = 'genres'::text)", "Rows Removed by Filter": 112, "Workers": []}]}]}, {"Node Type": "Index Scan", "Parent Relationship": "Inner", "Parallel Aware": false, "Async Capable": false, "Scan Direction": "Forward", "Index Name": "title_pkey", "Relation Name": "title", "Alias": "t", "Startup Cost": 0.43, "Total Cost": 0.58, "Plan Rows": 1, "Plan Width": 21, "Actual Rows": 0, "Actual Loops": 45580, "Index Cond": "(id = mi_idx.movie_id)", "Rows Removed by Index Recheck": 0, "Filter": "(production_year <= 1972)", "Rows Removed by Filter": 1, "Workers": []}]}, {"Node Type": "Hash", "Parent Relationship": "Inner", "Parallel Aware": true, "Async Capable": false, "Startup Cost": 412487.45, "Total Cost": 412487.45, "Plan Rows": 1, "Plan Width": 27, "Actual Rows": 48, "Actual Loops": 6, "Hash Buckets": 1024, "Original Hash Buckets": 1024, "Hash Batches": 1, "Original Hash Batches": 1, "Peak Memory Usage": 200, "Workers": [], "Plans": [{"Node Type": "Nested Loop", "Parent Relationship": "Outer", "Parallel Aware": false, "Async Capable": false, "Join Type": "Inner", "Startup Cost": 75171.48, "Total Cost": 412487.45, "Plan Rows": 1, "Plan Width": 27, "Actual Rows": 48, "Actual Loops": 6, "Inner Unique": true, "Workers": [], "Plans": [{"Node Type": "Nested Loop", "Parent Relationship": "Outer", "Parallel Aware": false, "Async Capable": false, "Join Type": "Inner", "Startup Cost": 75171.05, "Total Cost": 412486.89, "Plan Rows": 1, "Plan Width": 16, "Actual Rows": 48, "Actual Loops": 6, "Inner Unique": true, "Workers": [], "Plans": [{"Node Type": "Hash Join", "Parent Relationship": "Outer", "Parallel Aware": true, "Async Capable": false, "Join Type": "Inner", "Startup Cost": 75170.63, "Total Cost": 412485.45, "Plan Rows": 2, "Plan Width": 20, "Actual Rows": 252, "Actual Loops": 6, "Inner Unique": false, "Hash Cond": "(ci.movie_id = mk.movie_id)", "Workers": [], "Plans": [{"Node Type": "Seq Scan", "Parent Relationship": "Outer", "Parallel Aware": true, "Async Capable": false, "Relation Name": "cast_info", "Alias": "ci", "Startup Cost": 0.0, "Total Cost": 335756.3, "Plan Rows": 415604, "Plan Width": 8, "Actual Rows": 406394, "Actual Loops": 6, "Filter": "((note)::text = ANY ('{\"(executive producer)\",\"(head writer)\",(producer)}'::text[]))", "Rows Removed by Filter": 5634330, "Workers": []}, {"Node Type": "Hash", "Parent Relationship": "Inner", "Parallel Aware": true, "Async Capable": false, "Startup Cost": 75170.6, "Total Cost": 75170.6, "Plan Rows": 3, "Plan Width": 12, "Actual Rows": 81, "Actual Loops": 6, "Hash Buckets": 1024, "Original Hash Buckets": 1024, "Hash Batches": 1, "Original Hash Batches": 1, "Peak Memory Usage": 200, "Workers": [], "Plans": [{"Node Type": "Hash Join", "Parent Relationship": "Outer", "Parallel Aware": true, "Async Capable": false, "Join Type": "Inner", "Startup Cost": 45757.48, "Total Cost": 75170.6, "Plan Rows": 3, "Plan Width": 12, "Actual Rows": 81, "Actual Loops": 6, "Inner Unique": false, "Hash Cond": "(mc.movie_id = mk.movie_id)", "Workers": [], "Plans": [{"Node Type": "Seq Scan", "Parent Relationship": "Outer", "Parallel Aware": true, "Async Capable": false, "Relation Name": "movie_companies", "Alias": "mc", "Startup Cost": 0.0, "Total Cost": 29344.68, "Plan Rows": 18247, "Plan Width": 8, "Actual Rows": 9529, "Actual Loops": 6, "Filter": "((note)::text ~~ '%(2006)%'::text)", "Rows Removed by Filter": 425326, "Workers": []}, {"Node Type": "Hash", "Parent Relationship": "Inner", "Parallel Aware": true, "Async Capable": false, "Startup Cost": 45757.07, "Total Cost": 45757.07, "Plan Rows": 33, "Plan Width": 4, "Actual Rows": 409, "Actual Loops": 6, "Hash Buckets": 1024, "Original Hash Buckets": 1024, "Hash Batches": 1, "Original Hash Batches": 1, "Peak Memory Usage": 200, "Workers": [], "Plans": [{"Node Type": "Hash Join", "Parent Relationship": "Outer", "Parallel Aware": false, "Async Capable": false, "Join Type": "Inner", "Startup Cost": 2852.88, "Total Cost": 45757.07, "Plan Rows": 33, "Plan Width": 4, "Actual Rows": 409, "Actual Loops": 6, "Inner Unique": true, "Hash Cond": "(mk.keyword_id = k.id)", "Workers": [], "Plans": [{"Node Type": "Seq Scan", "Parent Relationship": "Outer", "Parallel Aware": true, "Async Capable": false, "Relation Name": "movie_keyword", "Alias": "mk", "Startup Cost": 0.0, "Total Cost": 39073.32, "Plan Rows": 1459332, "Plan Width": 8, "Actual Rows": 753988, "Actual Loops": 6, "Workers": []}, {"Node Type": "Hash", "Parent Relationship": "Inner", "Parallel Aware": false, "Async Capable": false, "Startup Cost": 2852.84, "Total Cost": 2852.84, "Plan Rows": 3, "Plan Width": 4, "Actual Rows": 3, "Actual Loops": 6, "Hash Buckets": 1024, "Original Hash Buckets": 1024, "Hash Batches": 1, "Original Hash Batches": 1, "Peak Memory Usage": 9, "Workers": [], "Plans": [{"Node Type": "Seq Scan", "Parent Relationship": "Outer", "Parallel Aware": false, "Async Capable": false, "Relation Name": "keyword", "Alias": "k", "Startup Cost": 0.0, "Total Cost": 2852.84, "Plan Rows": 3, "Plan Width": 4, "Actual Rows": 3, "Actual Loops": 6, "Filter": "((keyword)::text = ANY ('{\"10,000-mile-club\",alienation,based-on-comic}'::text[]))", "Rows Removed by Filter": 134167, "Workers": []}]}]}]}]}]}]}, {"Node Type": "Index Scan", "Parent Relationship": "Inner", "Parallel Aware": false, "Async Capable": false, "Scan Direction": "Forward", "Index Name": "company_name_pkey", "Relation Name": "company_name", "Alias": "cn", "Startup Cost": 0.42, "Total Cost": 0.72, "Plan Rows": 1, "Plan Width": 4, "Actual Rows": 0, "Actual Loops": 1511, "Index Cond": "(id = mc.company_id)", "Rows Removed by Index Recheck": 0, "Filter": "((name)::text ~~ '%Film%'::text)", "Rows Removed by Filter": 1, "Workers": []}]}, {"Node Type": "Index Scan", "Parent Relationship": "Inner", "Parallel Aware": false, "Async Capable": false, "Scan Direction": "Forward", "Index Name": "name_pkey", "Relation Name": "name", "Alias": "n", "Startup Cost": 0.43, "Total Cost": 0.56, "Plan Rows": 1, "Plan Width": 19, "Actual Rows": 1, "Actual Loops": 289, "Index Cond": "(id = ci.person_id)", "Rows Removed by Index Recheck": 0, "Workers": []}]}]}]}]}]}]}, "Planning Time": 24.198, "Triggers": [], "Execution Time": 1709.768}, {"Plan": {"Node Type": "Aggregate", "Strategy": "Plain", "Partial Mode": "Finalize", "Parallel Aware": false, "Async Capable": false, "Startup Cost": 639152.9, "Total Cost": 639152.91, "Plan Rows": 1, "Plan Width": 128, "Actual Rows": 1, "Actual Loops": 1, "Plans": [{"Node Type": "Gather", "Parent Relationship": "Outer", "Parallel Aware": false, "Async Capable": false, "Startup Cost": 639152.23, "Total Cost": 639152.84, "Plan Rows": 6, "Plan Width": 128, "Actual Rows": 7, "Actual Loops": 1, "Workers Planned": 6, "Workers Launched": 6, "Single Copy": false, "Plans": [{"Node Type": "Aggregate", "Strategy": "Plain", "Partial Mode": "Partial", "Parent Relationship": "Outer", "Parallel Aware": false, "Async Capable": false, "Startup Cost": 638152.23, "Total Cost": 638152.24, "Plan Rows": 1, "Plan Width": 128, "Actual Rows": 1, "Actual Loops": 7, "Workers": [], "Plans": [{"Node Type": "Hash Join", "Parent Relationship": "Outer", "Parallel Aware": true, "Async Capable": false, "Join Type": "Inner", "Startup Cost": 300837.25, "Total Cost": 638152.22, "Plan Rows": 1, "Plan Width": 80, "Actual Rows": 1, "Actual Loops": 7, "Inner Unique": false, "Hash Cond": "(t.id = mc.movie_id)", "Workers": [], "Plans": [{"Node Type": "Nested Loop", "Parent Relationship": "Outer", "Parallel Aware": false, "Async Capable": false, "Join Type": "Inner", "Startup Cost": 266236.36, "Total Cost": 603551.31, "Plan Rows": 1, "Plan Width": 100, "Actual Rows": 10, "Actual Loops": 7, "Inner Unique": true, "Workers": [], "Plans": [{"Node Type": "Hash Join", "Parent Relationship": "Outer", "Parallel Aware": true, "Async Capable": false, "Join Type": "Inner", "Startup Cost": 266235.93, "Total Cost": 603550.75, "Plan Rows": 1, "Plan Width": 89, "Actual Rows": 10, "Actual Loops": 7, "Inner Unique": false, "Hash Cond": "(ci.movie_id = t.id)", "Workers": [], "Plans": [{"Node Type": "Seq Scan", "Parent Relationship": "Outer", "Parallel Aware": true, "Async Capable": false, "Relation Name": "cast_info", "Alias": "ci", "Startup Cost": 0.0, "Total Cost": 335756.3, "Plan Rows": 415604, "Plan Width": 8, "Actual Rows": 348338, "Actual Loops": 7, "Filter": "((note)::text = ANY ('{\"(executive producer)\",\"(head writer)\",(producer)}'::text[]))", "Rows Removed by Filter": 4829425, "Workers": []}, {"Node Type": "Hash", "Parent Relationship": "Inner", "Parallel Aware": true, "Async Capable": false, "Startup Cost": 266235.92, "Total Cost": 266235.92, "Plan Rows": 1, "Plan Width": 81, "Actual Rows": 14, "Actual Loops": 7, "Hash Buckets": 1024, "Original Hash Buckets": 1024, "Hash Batches": 1, "Original Hash Batches": 1, "Peak Memory Usage": 232, "Workers": [], "Plans": [{"Node Type": "Nested Loop", "Parent Relationship": "Outer", "Parallel Aware": false, "Async Capable": false, "Join Type": "Inner", "Startup Cost": 221688.28, "Total Cost": 266235.92, "Plan Rows": 1, "Plan Width": 81, "Actual Rows": 14, "Actual Loops": 7, "Inner Unique": true, "Workers": [], "Plans": [{"Node Type": "Hash Join", "Parent Relationship": "Outer", "Parallel Aware": true, "Async Capable": false, "Join Type": "Inner", "Startup Cost": 221687.86, "Total Cost": 266233.69, "Plan Rows": 5, "Plan Width": 85, "Actual Rows": 32117, "Actual Loops": 7, "Inner Unique": false, "Hash Cond": "(mk.movie_id = t.id)", "Workers": [], "Plans": [{"Node Type": "Seq Scan", "Parent Relationship": "Outer", "Parallel Aware": true, "Async Capable": false, "Relation Name": "movie_keyword", "Alias": "mk", "Startup Cost": 0.0, "Total Cost": 39073.32, "Plan Rows": 1459332, "Plan Width": 8, "Actual Rows": 646276, "Actual Loops": 7, "Workers": []}, {"Node Type": "Hash", "Parent Relationship": "Inner", "Parallel Aware": true, "Async Capable": false, "Startup Cost": 221687.85, "Total Cost": 221687.85, "Plan Rows": 1, "Plan Width": 77, "Actual Rows": 1249, "Actual Loops": 7, "Hash Buckets": 8192, "Original Hash Buckets": 1024, "Hash Batches": 1, "Original Hash Batches": 1, "Peak Memory Usage": 856, "Workers": [], "Plans": [{"Node Type": "Nested Loop", "Parent Relationship": "Outer", "Parallel Aware": false, "Async Capable": false, "Join Type": "Inner", "Startup Cost": 206210.29, "Total Cost": 221687.85, "Plan Rows": 1, "Plan Width": 77, "Actual Rows": 1249, "Actual Loops": 7, "Inner Unique": true, "Join Filter": "(t.id = mi.movie_id)", "Rows Removed by Join Filter": 0, "Workers": [], "Plans": [{"Node Type": "Hash Join", "Parent Relationship": "Outer", "Parallel Aware": true, "Async Capable": false, "Join Type": "Inner", "Startup Cost": 206209.86, "Total Cost": 221684.89, "Plan Rows": 5, "Plan Width": 56, "Actual Rows": 6511, "Actual Loops": 7, "Inner Unique": false, "Hash Cond": "(mi_idx.movie_id = mi.movie_id)", "Workers": [], "Plans": [{"Node Type": "Hash Join", "Parent Relationship": "Outer", "Parallel Aware": false, "Async Capable": false, "Join Type": "Inner", "Startup Cost": 2.43, "Total Cost": 15286.6, "Plan Rows": 5089, "Plan Width": 9, "Actual Rows": 65704, "Actual Loops": 7, "Inner Unique": true, "Hash Cond": "(mi_idx.info_type_id = it2.id)", "Workers": [], "Plans": [{"Node Type": "Seq Scan", "Parent Relationship": "Outer", "Parallel Aware": true, "Async Capable": false, "Relation Name": "movie_info_idx", "Alias": "mi_idx", "Startup Cost": 0.0, "Total Cost": 13718.15, "Plan Rows": 575015, "Plan Width": 13, "Actual Rows": 197148, "Actual Loops": 7, "Workers": []}, {"Node Type": "Hash", "Parent Relationship": "Inner", "Parallel Aware": false, "Async Capable": false, "Startup Cost": 2.41, "Total Cost": 2.41, "Plan Rows": 1, "Plan Width": 4, "Actual Rows": 1, "Actual Loops": 7, "Hash Buckets": 1024, "Original Hash Buckets": 1024, "Hash Batches": 1, "Original Hash Batches": 1, "Peak Memory Usage": 9, "Workers": [], "Plans": [{"Node Type": "Seq Scan", "Parent Relationship": "Outer", "Parallel Aware": false, "Async Capable": false, "Relation Name": "info_type", "Alias": "it2", "Startup Cost": 0.0, "Total Cost": 2.41, "Plan Rows": 1, "Plan Width": 4, "Actual Rows": 1, "Actual Loops": 7, "Filter": "((info)::text = 'votes'::text)", "Rows Removed by Filter": 112, "Workers": []}]}]}, {"Node Type": "Hash", "Parent Relationship": "Inner", "Parallel Aware": true, "Async Capable": false, "Startup Cost": 206205.55, "Total Cost": 206205.55, "Plan Rows": 151, "Plan Width": 47, "Actual Rows": 11632, "Actual Loops": 7, "Hash Buckets": 131072, "Original Hash Buckets": 1024, "Hash Batches": 1, "Original Hash Batches": 1, "Peak Memory Usage": 6008, "Workers": [], "Plans": [{"Node Type": "Hash Join", "Parent Relationship": "Outer", "Parallel Aware": false, "Async Capable": false, "Join Type": "Inner", "Startup Cost": 2.43, "Total Cost": 206205.55, "Plan Rows": 151, "Plan Width": 47, "Actual Rows": 11632, "Actual Loops": 7, "Inner Unique": true, "Hash Cond": "(mi.info_type_id = it1.id)", "Workers": [], "Plans": [{"Node Type": "Seq Scan", "Parent Relationship": "Outer", "Parallel Aware": true, "Async Capable": false, "Relation Name": "movie_info", "Alias": "mi", "Startup Cost": 0.0, "Total Cost": 206156.59, "Plan Rows": 17087, "Plan Width": 51, "Actual Rows": 12078, "Actual Loops": 7, "Filter": "((info)::text = ANY ('{Action,American,Bulgaria,Crime}'::text[]))", "Rows Removed by Filter": 2107310, "Workers": []}, {"Node Type": "Hash", "Parent Relationship": "Inner", "Parallel Aware": false, "Async Capable": false, "Startup Cost": 2.41, "Total Cost": 2.41, "Plan Rows": 1, "Plan Width": 4, "Actual Rows": 1, "Actual Loops": 7, "Hash Buckets": 1024, "Original Hash Buckets": 1024, "Hash Batches": 1, "Original Hash Batches": 1, "Peak Memory Usage": 9, "Workers": [], "Plans": [{"Node Type": "Seq Scan", "Parent Relationship": "Outer", "Parallel Aware": false, "Async Capable": false, "Relation Name": "info_type", "Alias": "it1", "Startup Cost": 0.0, "Total Cost": 2.41, "Plan Rows": 1, "Plan Width": 4, "Actual Rows": 1, "Actual Loops": 7, "Filter": "((info)::text = 'genres'::text)", "Rows Removed by Filter": 112, "Workers": []}]}]}]}]}, {"Node Type": "Index Scan", "Parent Relationship": "Inner", "Parallel Aware": false, "Async Capable": false, "Scan Direction": "Forward", "Index Name": "title_pkey", "Relation Name": "title", "Alias": "t", "Startup Cost": 0.43, "Total Cost": 0.58, "Plan Rows": 1, "Plan Width": 21, "Actual Rows": 0, "Actual Loops": 45580, "Index Cond": "(id = mi_idx.movie_id)", "Rows Removed by Index Recheck": 0, "Filter": "(production_year <= 1972)", "Rows Removed by Filter": 1, "Workers": []}]}]}]}, {"Node Type": "Index Scan", "Parent Relationship": "Inner", "Parallel Aware": false, "Async Capable": false, "Scan Direction": "Forward", "Index Name": "keyword_pkey", "Relation Name": "keyword", "Alias": "k", "Startup Cost": 0.42, "Total Cost": 0.44, "Plan Rows": 1, "Plan Width": 4, "Actual Rows": 0, "Actual Loops": 224817, "Index Cond": "(id = mk.keyword_id)", "Rows Removed by Index Recheck": 0, "Filter": "((keyword)::text = ANY ('{\"10,000-mile-club\",alienation,based-on-comic}'::text[]))", "Rows Removed by Filter": 1, "Workers": []}]}]}]}, {"Node Type": "Index Scan", "Parent Relationship": "Inner", "Parallel Aware": false, "Async Capable": false, "Scan Direction": "Forward", "Index Name": "name_pkey", "Relation Name": "name", "Alias": "n", "Startup Cost": 0.43, "Total Cost": 0.56, "Plan Rows": 1, "Plan Width": 19, "Actual Rows": 1, "Actual Loops": 73, "Index Cond": "(id = ci.person_id)", "Rows Removed by Index Recheck": 0, "Workers": []}]}, {"Node Type": "Hash", "Parent Relationship": "Inner", "Parallel Aware": true, "Async Capable": false, "Startup Cost": 34549.54, "Total Cost": 34549.54, "Plan Rows": 4108, "Plan Width": 4, "Actual Rows": 929, "Actual Loops": 7, "Hash Buckets": 16384, "Original Hash Buckets": 16384, "Hash Batches": 1, "Original Hash Batches": 1, "Peak Memory Usage": 544, "Workers": [], "Plans": [{"Node Type": "Hash Join", "Parent Relationship": "Outer", "Parallel Aware": true, "Async Capable": false, "Join Type": "Inner", "Startup Cost": 5156.96, "Total Cost": 34549.54, "Plan Rows": 4108, "Plan Width": 4, "Actual Rows": 929, "Actual Loops": 7, "Inner Unique": true, "Hash Cond": "(mc.company_id = cn.id)", "Workers": [], "Plans": [{"Node Type": "Seq Scan", "Parent Relationship": "Outer", "Parallel Aware": true, "Async Capable": false, "Relation Name": "movie_companies", "Alias": "mc", "Startup Cost": 0.0, "Total Cost": 29344.68, "Plan Rows": 18247, "Plan Width": 8, "Actual Rows": 8168, "Actual Loops": 7, "Filter": "((note)::text ~~ '%(2006)%'::text)", "Rows Removed by Filter": 364565, "Workers": []}, {"Node Type": "Hash", "Parent Relationship": "Inner", "Parallel Aware": true, "Async Capable": false, "Startup Cost": 4767.92, "Total Cost": 4767.92, "Plan Rows": 31123, "Plan Width": 4, "Actual Rows": 7671, "Actual Loops": 7, "Hash Buckets": 65536, "Original Hash Buckets": 65536, "Hash Batches": 1, "Original Hash Batches": 1, "Peak Memory Usage": 2752, "Workers": [], "Plans": [{"Node Type": "Seq Scan", "Parent Relationship": "Outer", "Parallel Aware": true, "Async Capable": false, "Relation Name": "company_name", "Alias": "cn", "Startup Cost": 0.0, "Total Cost": 4767.92, "Plan Rows": 31123, "Plan Width": 4, "Actual Rows": 7671, "Actual Loops": 7, "Filter": "((name)::text ~~ '%Film%'::text)", "Rows Removed by Filter": 25900, "Workers": []}]}]}]}]}]}]}]}, "Planning Time": 21.665, "Triggers": [], "Execution Time": 1644.792}, {"Plan": {"Node Type": "Aggregate", "Strategy": "Plain", "Partial Mode": "Finalize", "Parallel Aware": false, "Async Capable": false, "Startup Cost": 649875.59, "Total Cost": 649875.6, "Plan Rows": 1, "Plan Width": 128, "Actual Rows": 1, "Actual Loops": 1, "Plans": [{"Node Type": "Gather", "Parent Relationship": "Outer", "Parallel Aware": false, "Async Capable": false, "Startup Cost": 649875.25, "Total Cost": 649875.56, "Plan Rows": 3, "Plan Width": 128, "Actual Rows": 4, "Actual Loops": 1, "Workers Planned": 3, "Workers Launched": 3, "Single Copy": false, "Plans": [{"Node Type": "Aggregate", "Strategy": "Plain", "Partial Mode": "Partial", "Parent Relationship": "Outer", "Parallel Aware": false, "Async Capable": false, "Startup Cost": 648875.25, "Total Cost": 648875.26, "Plan Rows": 1, "Plan Width": 128, "Actual Rows": 1, "Actual Loops": 4, "Workers": [], "Plans": [{"Node Type": "Hash Join", "Parent Relationship": "Outer", "Parallel Aware": true, "Async Capable": false, "Join Type": "Inner", "Startup Cost": 604327.58, "Total Cost": 648875.24, "Plan Rows": 1, "Plan Width": 80, "Actual Rows": 2, "Actual Loops": 4, "Inner Unique": false, "Hash Cond": "(t.id = ci.movie_id)", "Workers": [], "Plans": [{"Node Type": "Nested Loop", "Parent Relationship": "Outer", "Parallel Aware": false, "Async Capable": false, "Join Type": "Inner", "Startup Cost": 221688.28, "Total Cost": 266235.92, "Plan Rows": 1, "Plan Width": 81, "Actual Rows": 24, "Actual Loops": 4, "Inner Unique": true, "Workers": [], "Plans": [{"Node Type": "Hash Join", "Parent Relationship": "Outer", "Parallel Aware": true, "Async Capable": false, "Join Type": "Inner", "Startup Cost": 221687.86, "Total Cost": 266233.69, "Plan Rows": 5, "Plan Width": 85, "Actual Rows": 56204, "Actual Loops": 4, "Inner Unique": false, "Hash Cond": "(mk.movie_id = t.id)", "Workers": [], "Plans": [{"Node Type": "Seq Scan", "Parent Relationship": "Outer", "Parallel Aware": true, "Async Capable": false, "Relation Name": "movie_keyword", "Alias": "mk", "Startup Cost": 0.0, "Total Cost": 39073.32, "Plan Rows": 1459332, "Plan Width": 8, "Actual Rows": 1130982, "Actual Loops": 4, "Workers": []}, {"Node Type": "Hash", "Parent Relationship": "Inner", "Parallel Aware": true, "Async Capable": false, "Startup Cost": 221687.85, "Total Cost": 221687.85, "Plan Rows": 1, "Plan Width": 77, "Actual Rows": 2186, "Actual Loops": 4, "Hash Buckets": 8192, "Original Hash Buckets": 1024, "Hash Batches": 1, "Original Hash Batches": 1, "Peak Memory Usage": 856, "Workers": [], "Plans": [{"Node Type": "Nested Loop", "Parent Relationship": "Outer", "Parallel Aware": false, "Async Capable": false, "Join Type": "Inner", "Startup Cost": 206210.29, "Total Cost": 221687.85, "Plan Rows": 1, "Plan Width": 77, "Actual Rows": 2186, "Actual Loops": 4, "Inner Unique": true, "Join Filter": "(t.id = mi.movie_id)", "Rows Removed by Join Filter": 0, "Workers": [], "Plans": [{"Node Type": "Hash Join", "Parent Relationship": "Outer", "Parallel Aware": true, "Async Capable": false, "Join Type": "Inner", "Startup Cost": 206209.86, "Total Cost": 221684.89, "Plan Rows": 5, "Plan Width": 56, "Actual Rows": 11395, "Actual Loops": 4, "Inner Unique": false, "Hash Cond": "(mi_idx.movie_id = mi.movie_id)", "Workers": [], "Plans": [{"Node Type": "Hash Join", "Parent Relationship": "Outer", "Parallel Aware": false, "Async Capable": false, "Join Type": "Inner", "Startup Cost": 2.43, "Total Cost": 15286.6, "Plan Rows": 5089, "Plan Width": 9, "Actual Rows": 114981, "Actual Loops": 4, "Inner Unique": true, "Hash Cond": "(mi_idx.info_type_id = it2.id)", "Workers": [], "Plans": [{"Node Type": "Seq Scan", "Parent Relationship": "Outer", "Parallel Aware": true, "Async Capable": false, "Relation Name": "movie_info_idx", "Alias": "mi_idx", "Startup Cost": 0.0, "Total Cost": 13718.15, "Plan Rows": 575015, "Plan Width": 13, "Actual Rows": 345009, "Actual Loops": 4, "Workers": []}, {"Node Type": "Hash", "Parent Relationship": "Inner", "Parallel Aware": false, "Async Capable": false, "Startup Cost": 2.41, "Total Cost": 2.41, "Plan Rows": 1, "Plan Width": 4, "Actual Rows": 1, "Actual Loops": 4, "Hash Buckets": 1024, "Original Hash Buckets": 1024, "Hash Batches": 1, "Original Hash Batches": 1, "Peak Memory Usage": 9, "Workers": [], "Plans": [{"Node Type": "Seq Scan", "Parent Relationship": "Outer", "Parallel Aware": false, "Async Capable": false, "Relation Name": "info_type", "Alias": "it2", "Startup Cost": 0.0, "Total Cost": 2.41, "Plan Rows": 1, "Plan Width": 4, "Actual Rows": 1, "Actual Loops": 4, "Filter": "((info)::text = 'votes'::text)", "Rows Removed by Filter": 112, "Workers": []}]}]}, {"Node Type": "Hash", "Parent Relationship": "Inner", "Parallel Aware": true, "Async Capable": false, "Startup Cost": 206205.55, "Total Cost": 206205.55, "Plan Rows": 151, "Plan Width": 47, "Actual Rows": 20357, "Actual Loops": 4, "Hash Buckets": 131072, "Original Hash Buckets": 1024, "Hash Batches": 1, "Original Hash Batches": 1, "Peak Memory Usage": 5912, "Workers": [], "Plans": [{"Node Type": "Hash Join", "Parent Relationship": "Outer", "Parallel Aware": false, "Async Capable": false, "Join Type": "Inner", "Startup Cost": 2.43, "Total Cost": 206205.55, "Plan Rows": 151, "Plan Width": 47, "Actual Rows": 20357, "Actual Loops": 4, "Inner Unique": true, "Hash Cond": "(mi.info_type_id = it1.id)", "Workers": [], "Plans": [{"Node Type": "Seq Scan", "Parent Relationship": "Outer", "Parallel Aware": true, "Async Capable": false, "Relation Name": "movie_info", "Alias": "mi", "Startup Cost": 0.0, "Total Cost": 206156.59, "Plan Rows": 17087, "Plan Width": 51, "Actual Rows": 21137, "Actual Loops": 4, "Filter": "((info)::text = ANY ('{Action,American,Bulgaria,Crime}'::text[]))", "Rows Removed by Filter": 3687793, "Workers": []}, {"Node Type": "Hash", "Parent Relationship": "Inner", "Parallel Aware": false, "Async Capable": false, "Startup Cost": 2.41, "Total Cost": 2.41, "Plan Rows": 1, "Plan Width": 4, "Actual Rows": 1, "Actual Loops": 4, "Hash Buckets": 1024, "Original Hash Buckets": 1024, "Hash Batches": 1, "Original Hash Batches": 1, "Peak Memory Usage": 9, "Workers": [], "Plans": [{"Node Type": "Seq Scan", "Parent Relationship": "Outer", "Parallel Aware": false, "Async Capable": false, "Relation Name": "info_type", "Alias": "it1", "Startup Cost": 0.0, "Total Cost": 2.41, "Plan Rows": 1, "Plan Width": 4, "Actual Rows": 1, "Actual Loops": 4, "Filter": "((info)::text = 'genres'::text)", "Rows Removed by Filter": 112, "Workers": []}]}]}]}]}, {"Node Type": "Index Scan", "Parent Relationship": "Inner", "Parallel Aware": false, "Async Capable": false, "Scan Direction": "Forward", "Index Name": "title_pkey", "Relation Name": "title", "Alias": "t", "Startup Cost": 0.43, "Total Cost": 0.58, "Plan Rows": 1, "Plan Width": 21, "Actual Rows": 0, "Actual Loops": 45580, "Index Cond": "(id = mi_idx.movie_id)", "Rows Removed by Index Recheck": 0, "Filter": "(production_year <= 1972)", "Rows Removed by Filter": 1, "Workers": []}]}]}]}, {"Node Type": "Index Scan", "Parent Relationship": "Inner", "Parallel Aware": false, "Async Capable": false, "Scan Direction": "Forward", "Index Name": "keyword_pkey", "Relation Name": "keyword", "Alias": "k", "Startup Cost": 0.42, "Total Cost": 0.44, "Plan Rows": 1, "Plan Width": 4, "Actual Rows": 0, "Actual Loops": 224817, "Index Cond": "(id = mk.keyword_id)", "Rows Removed by Index Recheck": 0, "Filter": "((keyword)::text = ANY ('{\"10,000-mile-club\",alienation,based-on-comic}'::text[]))", "Rows Removed by Filter": 1, "Workers": []}]}, {"Node Type": "Hash", "Parent Relationship": "Inner", "Parallel Aware": true, "Async Capable": false, "Startup Cost": 382515.82, "Total Cost": 382515.82, "Plan Rows": 9878, "Plan Width": 23, "Actual Rows": 4446, "Actual Loops": 4, "Hash Buckets": 32768, "Original Hash Buckets": 32768, "Hash Batches": 1, "Original Hash Batches": 1, "Peak Memory Usage": 1344, "Workers": [], "Plans": [{"Node Type": "Nested Loop", "Parent Relationship": "Outer", "Parallel Aware": false, "Async Capable": false, "Join Type": "Inner", "Startup Cost": 346108.73, "Total Cost": 382515.82, "Plan Rows": 9878, "Plan Width": 23, "Actual Rows": 4446, "Actual Loops": 4, "Inner Unique": true, "Workers": [], "Plans": [{"Node Type": "Hash Join", "Parent Relationship": "Outer", "Parallel Aware": true, "Async Capable": false, "Join Type": "Inner", "Startup Cost": 346108.3, "Total Cost": 376975.68, "Plan Rows": 9878, "Plan Width": 12, "Actual Rows": 4446, "Actual Loops": 4, "Inner Unique": false, "Hash Cond": "(mc.movie_id = ci.movie_id)", "Workers": [], "Plans": [{"Node Type": "Hash Join", "Parent Relationship": "Outer", "Parallel Aware": true, "Async Capable": false, "Join Type": "Inner", "Startup Cost": 5156.96, "Total Cost": 34549.54, "Plan Rows": 4108, "Plan Width": 4, "Actual Rows": 1626, "Actual Loops": 4, "Inner Unique": true, "Hash Cond": "(mc.company_id = cn.id)", "Workers": [], "Plans": [{"Node Type": "Seq Scan", "Parent Relationship": "Outer", "Parallel Aware": true, "Async Capable": false, "Relation Name": "movie_companies", "Alias": "mc", "Startup Cost": 0.0, "Total Cost": 29344.68, "Plan Rows": 18247, "Plan Width": 8, "Actual Rows": 14293, "Actual Loops": 4, "Filter": "((note)::text ~~ '%(2006)%'::text)", "Rows Removed by Filter": 637989, "Workers": []}, {"Node Type": "Hash", "Parent Relationship": "Inner", "Parallel Aware": true, "Async Capable": false, "Startup Cost": 4767.92, "Total Cost": 4767.92, "Plan Rows": 31123, "Plan Width": 4, "Actual Rows": 13425, "Actual Loops": 4, "Hash Buckets": 65536, "Original Hash Buckets": 65536, "Hash Batches": 1, "Original Hash Batches": 1, "Peak Memory Usage": 2656, "Workers": [], "Plans": [{"Node Type": "Seq Scan", "Parent Relationship": "Outer", "Parallel Aware": true, "Async Capable": false, "Relation Name": "company_name", "Alias": "cn", "Startup Cost": 0.0, "Total Cost": 4767.92, "Plan Rows": 31123, "Plan Width": 4, "Actual Rows": 13425, "Actual Loops": 4, "Filter": "((name)::text ~~ '%Film%'::text)", "Rows Removed by Filter": 45324, "Workers": []}]}]}, {"Node Type": "Hash", "Parent Relationship": "Inner", "Parallel Aware": true, "Async Capable": false, "Startup Cost": 335756.3, "Total Cost": 335756.3, "Plan Rows": 415604, "Plan Width": 8, "Actual Rows": 609592, "Actual Loops": 4, "Hash Buckets": 4194304, "Original Hash Buckets": 4194304, "Hash Batches": 1, "Original Hash Batches": 1, "Peak Memory Usage": 128192, "Workers": [], "Plans": [{"Node Type": "Seq Scan", "Parent Relationship": "Outer", "Parallel Aware": true, "Async Capable": false, "Relation Name": "cast_info", "Alias": "ci", "Startup Cost": 0.0, "Total Cost": 335756.3, "Plan Rows": 415604, "Plan Width": 8, "Actual Rows": 609592, "Actual Loops": 4, "Filter": "((note)::text = ANY ('{\"(executive producer)\",\"(head writer)\",(producer)}'::text[]))", "Rows Removed by Filter": 8451494, "Workers": []}]}]}, {"Node Type": "Index Scan", "Parent Relationship": "Inner", "Parallel Aware": false, "Async Capable": false, "Scan Direction": "Forward", "Index Name": "name_pkey", "Relation Name": "name", "Alias": "n", "Startup Cost": 0.43, "Total Cost": 0.56, "Plan Rows": 1, "Plan Width": 19, "Actual Rows": 1, "Actual Loops": 17784, "Index Cond": "(id = ci.person_id)", "Rows Removed by Index Recheck": 0, "Workers": []}]}]}]}]}]}]}, "Planning Time": 23.544, "Triggers": [], "Execution Time": 3556.59}, {"Plan": {"Node Type": "Aggregate", "Strategy": "Plain", "Partial Mode": "Finalize", "Parallel Aware": false, "Async Capable": false, "Startup Cost": 635229.55, "Total Cost": 635229.56, "Plan Rows": 1, "Plan Width": 128, "Actual Rows": 1, "Actual Loops": 1, "Plans": [{"Node Type": "Gather", "Parent Relationship": "Outer", "Parallel Aware": false, "Async Capable": false, "Startup Cost": 635228.99, "Total Cost": 635229.5, "Plan Rows": 5, "Plan Width": 128, "Actual Rows": 6, "Actual Loops": 1, "Workers Planned": 5, "Workers Launched": 5, "Single Copy": false, "Plans": [{"Node Type": "Aggregate", "Strategy": "Plain", "Partial Mode": "Partial", "Parent Relationship": "Outer", "Parallel Aware": false, "Async Capable": false, "Startup Cost": 634228.99, "Total Cost": 634229.0, "Plan Rows": 1, "Plan Width": 128, "Actual Rows": 1, "Actual Loops": 6, "Workers": [], "Plans": [{"Node Type": "Hash Join", "Parent Relationship": "Outer", "Parallel Aware": true, "Async Capable": false, "Join Type": "Inner", "Startup Cost": 428025.27, "Total Cost": 634228.98, "Plan Rows": 1, "Plan Width": 80, "Actual Rows": 1, "Actual Loops": 6, "Inner Unique": false, "Hash Cond": "(mi.movie_id = t.id)", "Workers": [], "Plans": [{"Node Type": "Hash Join", "Parent Relationship": "Outer", "Parallel Aware": true, "Async Capable": false, "Join Type": "Inner", "Startup Cost": 45759.9, "Total Cost": 251963.61, "Plan Rows": 1, "Plan Width": 51, "Actual Rows": 170, "Actual Loops": 6, "Inner Unique": false, "Hash Cond": "(mi.movie_id = mk.movie_id)", "Workers": [], "Plans": [{"Node Type": "Hash Join", "Parent Relationship": "Outer", "Parallel Aware": false, "Async Capable": false, "Join Type": "Inner", "Startup Cost": 2.43, "Total Cost": 206205.55, "Plan Rows": 151, "Plan Width": 47, "Actual Rows": 13571, "Actual Loops": 6, "Inner Unique": true, "Hash Cond": "(mi.info_type_id = it1.id)", "Workers": [], "Plans": [{"Node Type": "Seq Scan", "Parent Relationship": "Outer", "Parallel Aware": true, "Async Capable": false, "Relation Name": "movie_info", "Alias": "mi", "Startup Cost": 0.0, "Total Cost": 206156.59, "Plan Rows": 17087, "Plan Width": 51, "Actual Rows": 14091, "Actual Loops": 6, "Filter": "((info)::text = ANY ('{Action,American,Bulgaria,Crime}'::text[]))", "Rows Removed by Filter": 2458529, "Workers": []}, {"Node Type": "Hash", "Parent Relationship": "Inner", "Parallel Aware": false, "Async Capable": false, "Startup Cost": 2.41, "Total Cost": 2.41, "Plan Rows": 1, "Plan Width": 4, "Actual Rows": 1, "Actual Loops": 6, "Hash Buckets": 1024, "Original Hash Buckets": 1024, "Hash Batches": 1, "Original Hash Batches": 1, "Peak Memory Usage": 9, "Workers": [], "Plans": [{"Node Type": "Seq Scan", "Parent Relationship": "Outer", "Parallel Aware": false, "Async Capable": false, "Relation Name": "info_type", "Alias": "it1", "Startup Cost": 0.0, "Total Cost": 2.41, "Plan Rows": 1, "Plan Width": 4, "Actual Rows": 1, "Actual Loops": 6, "Filter": "((info)::text = 'genres'::text)", "Rows Removed by Filter": 112, "Workers": []}]}]}, {"Node Type": "Hash", "Parent Relationship": "Inner", "Parallel Aware": true, "Async Capable": false, "Startup Cost": 45757.07, "Total Cost": 45757.07, "Plan Rows": 33, "Plan Width": 4, "Actual Rows": 409, "Actual Loops": 6, "Hash Buckets": 1024, "Original Hash Buckets": 1024, "Hash Batches": 1, "Original Hash Batches": 1, "Peak Memory Usage": 200, "Workers": [], "Plans": [{"Node Type": "Hash Join", "Parent Relationship": "Outer", "Parallel Aware": false, "Async Capable": false, "Join Type": "Inner", "Startup Cost": 2852.88, "Total Cost": 45757.07, "Plan Rows": 33, "Plan Width": 4, "Actual Rows": 409, "Actual Loops": 6, "Inner Unique": true, "Hash Cond": "(mk.keyword_id = k.id)", "Workers": [], "Plans": [{"Node Type": "Seq Scan", "Parent Relationship": "Outer", "Parallel Aware": true, "Async Capable": false, "Relation Name": "movie_keyword", "Alias": "mk", "Startup Cost": 0.0, "Total Cost": 39073.32, "Plan Rows": 1459332, "Plan Width": 8, "Actual Rows": 753988, "Actual Loops": 6, "Workers": []}, {"Node Type": "Hash", "Parent Relationship": "Inner", "Parallel Aware": false, "Async Capable": false, "Startup Cost": 2852.84, "Total Cost": 2852.84, "Plan Rows": 3, "Plan Width": 4, "Actual Rows": 3, "Actual Loops": 6, "Hash Buckets": 1024, "Original Hash Buckets": 1024, "Hash Batches": 1, "Original Hash Batches": 1, "Peak Memory Usage": 9, "Workers": [], "Plans": [{"Node Type": "Seq Scan", "Parent Relationship": "Outer", "Parallel Aware": false, "Async Capable": false, "Relation Name": "keyword", "Alias": "k", "Startup Cost": 0.0, "Total Cost": 2852.84, "Plan Rows": 3, "Plan Width": 4, "Actual Rows": 3, "Actual Loops": 6, "Filter": "((keyword)::text = ANY ('{\"10,000-mile-club\",alienation,based-on-comic}'::text[]))", "Rows Removed by Filter": 134167, "Workers": []}]}]}]}]}, {"Node Type": "Hash", "Parent Relationship": "Inner", "Parallel Aware": true, "Async Capable": false, "Startup Cost": 382265.24, "Total Cost": 382265.24, "Plan Rows": 10, "Plan Width": 53, "Actual Rows": 81, "Actual Loops": 6, "Hash Buckets": 1024, "Original Hash Buckets": 1024, "Hash Batches": 1, "Original Hash Batches": 1, "Peak Memory Usage": 200, "Workers": [], "Plans": [{"Node Type": "Nested Loop", "Parent Relationship": "Outer", "Parallel Aware": false, "Async Capable": false, "Join Type": "Inner", "Startup Cost": 44770.95, "Total Cost": 382265.24, "Plan Rows": 10, "Plan Width": 53, "Actual Rows": 81, "Actual Loops": 6, "Inner Unique": true, "Workers": [], "Plans": [{"Node Type": "Nested Loop", "Parent Relationship": "Outer", "Parallel Aware": false, "Async Capable": false, "Join Type": "Inner", "Startup Cost": 44770.52, "Total Cost": 382259.63, "Plan Rows": 10, "Plan Width": 42, "Actual Rows": 81, "Actual Loops": 6, "Inner Unique": true, "Workers": [], "Plans": [{"Node Type": "Nested Loop", "Parent Relationship": "Outer", "Parallel Aware": false, "Async Capable": false, "Join Type": "Inner", "Startup Cost": 44770.1, "Total Cost": 382228.78, "Plan Rows": 43, "Plan Width": 46, "Actual Rows": 698, "Actual Loops": 6, "Inner Unique": true, "Join Filter": "(t.id = mi_idx.movie_id)", "Rows Removed by Join Filter": 0, "Workers": [], "Plans": [{"Node Type": "Hash Join", "Parent Relationship": "Outer", "Parallel Aware": true, "Async Capable": false, "Join Type": "Inner", "Startup Cost": 44769.67, "Total Cost": 382086.01, "Plan Rows": 267, "Plan Width": 25, "Actual Rows": 19324, "Actual Loops": 6, "Inner Unique": false, "Hash Cond": "(ci.movie_id = mi_idx.movie_id)", "Workers": [], "Plans": [{"Node Type": "Seq Scan", "Parent Relationship": "Outer", "Parallel Aware": true, "Async Capable": false, "Relation Name": "cast_info", "Alias": "ci", "Startup Cost": 0.0, "Total Cost": 335756.3, "Plan Rows": 415604, "Plan Width": 8, "Actual Rows": 406394, "Actual Loops": 6, "Filter": "((note)::text = ANY ('{\"(executive producer)\",\"(head writer)\",(producer)}'::text[]))", "Rows Removed by Filter": 5634330, "Workers": []}, {"Node Type": "Hash", "Parent Relationship": "Inner", "Parallel Aware": true, "Async Capable": false, "Startup Cost": 44764.91, "Total Cost": 44764.91, "Plan Rows": 381, "Plan Width": 17, "Actual Rows": 6564, "Actual Loops": 6, "Hash Buckets": 65536, "Original Hash Buckets": 2048, "Hash Batches": 1, "Original Hash Batches": 1, "Peak Memory Usage": 3024, "Workers": [], "Plans": [{"Node Type": "Hash Join", "Parent Relationship": "Outer", "Parallel Aware": true, "Async Capable": false, "Join Type": "Inner", "Startup Cost": 15350.21, "Total Cost": 44764.91, "Plan Rows": 381, "Plan Width": 17, "Actual Rows": 6564, "Actual Loops": 6, "Inner Unique": false, "Hash Cond": "(mc.movie_id = mi_idx.movie_id)", "Workers": [], "Plans": [{"Node Type": "Seq Scan", "Parent Relationship": "Outer", "Parallel Aware": true, "Async Capable": false, "Relation Name": "movie_companies", "Alias": "mc", "Startup Cost": 0.0, "Total Cost": 29344.68, "Plan Rows": 18247, "Plan Width": 8, "Actual Rows": 9529, "Actual Loops": 6, "Filter": "((note)::text ~~ '%(2006)%'::text)", "Rows Removed by Filter": 425326, "Workers": []}, {"Node Type": "Hash", "Parent Relationship": "Inner", "Parallel Aware": true, "Async Capable": false, "Startup Cost": 15286.6, "Total Cost": 15286.6, "Plan Rows": 5089, "Plan Width": 9, "Actual Rows": 76654, "Actual Loops": 6, "Hash Buckets": 524288, "Original Hash Buckets": 16384, "Hash Batches": 1, "Original Hash Batches": 1, "Peak Memory Usage": 26336, "Workers": [], "Plans": [{"Node Type": "Hash Join", "Parent Relationship": "Outer", "Parallel Aware": false, "Async Capable": false, "Join Type": "Inner", "Startup Cost": 2.43, "Total Cost": 15286.6, "Plan Rows": 5089, "Plan Width": 9, "Actual Rows": 76654, "Actual Loops": 6, "Inner Unique": true, "Hash Cond": "(mi_idx.info_type_id = it2.id)", "Workers": [], "Plans": [{"Node Type": "Seq Scan", "Parent Relationship": "Outer", "Parallel Aware": true, "Async Capable": false, "Relation Name": "movie_info_idx", "Alias": "mi_idx", "Startup Cost": 0.0, "Total Cost": 13718.15, "Plan Rows": 575015, "Plan Width": 13, "Actual Rows": 230006, "Actual Loops": 6, "Workers": []}, {"Node Type": "Hash", "Parent Relationship": "Inner", "Parallel Aware": false, "Async Capable": false, "Startup Cost": 2.41, "Total Cost": 2.41, "Plan Rows": 1, "Plan Width": 4, "Actual Rows": 1, "Actual Loops": 6, "Hash Buckets": 1024, "Original Hash Buckets": 1024, "Hash Batches": 1, "Original Hash Batches": 1, "Peak Memory Usage": 9, "Workers": [], "Plans": [{"Node Type": "Seq Scan", "Parent Relationship": "Outer", "Parallel Aware": false, "Async Capable": false, "Relation Name": "info_type", "Alias": "it2", "Startup Cost": 0.0, "Total Cost": 2.41, "Plan Rows": 1, "Plan Width": 4, "Actual Rows": 1, "Actual Loops": 6, "Filter": "((info)::text = 'votes'::text)", "Rows Removed by Filter": 112, "Workers": []}]}]}]}]}]}]}, {"Node Type": "Index Scan", "Parent Relationship": "Inner", "Parallel Aware": false, "Async Capable": false, "Scan Direction": "Forward", "Index Name": "title_pkey", "Relation Name": "title", "Alias": "t", "Startup Cost": 0.43, "Total Cost": 0.52, "Plan Rows": 1, "Plan Width": 21, "Actual Rows": 0, "Actual Loops": 115941, "Index Cond": "(id = ci.movie_id)", "Rows Removed by Index Recheck": 0, "Filter": "(production_year <= 1972)", "Rows Removed by Filter": 1, "Workers": []}]}, {"Node Type": "Index Scan", "Parent Relationship": "Inner", "Parallel Aware": false, "Async Capable": false, "Scan Direction": "Forward", "Index Name": "company_name_pkey", "Relation Name": "company_name", "Alias": "cn", "Startup Cost": 0.42, "Total Cost": 0.72, "Plan Rows": 1, "Plan Width": 4, "Actual Rows": 0, "Actual Loops": 4189, "Index Cond": "(id = mc.company_id)", "Rows Removed by Index Recheck": 0, "Filter": "((name)::text ~~ '%Film%'::text)", "Rows Removed by Filter": 1, "Workers": []}]}, {"Node Type": "Index Scan", "Parent Relationship": "Inner", "Parallel Aware": false, "Async Capable": false, "Scan Direction": "Forward", "Index Name": "name_pkey", "Relation Name": "name", "Alias": "n", "Startup Cost": 0.43, "Total Cost": 0.56, "Plan Rows": 1, "Plan Width": 19, "Actual Rows": 1, "Actual Loops": 484, "Index Cond": "(id = ci.person_id)", "Rows Removed by Index Recheck": 0, "Workers": []}]}]}]}]}]}]}, "Planning Time": 23.249, "Triggers": [], "Execution Time": 1879.739}, {"Plan": {"Node Type": "Aggregate", "Strategy": "Plain", "Partial Mode": "Finalize", "Parallel Aware": false, "Async Capable": false, "Startup Cost": 636267.56, "Total Cost": 636267.57, "Plan Rows": 1, "Plan Width": 128, "Actual Rows": 1, "Actual Loops": 1, "Plans": [{"Node Type": "Gather", "Parent Relationship": "Outer", "Parallel Aware": false, "Async Capable": false, "Startup Cost": 636266.89, "Total Cost": 636267.5, "Plan Rows": 6, "Plan Width": 128, "Actual Rows": 7, "Actual Loops": 1, "Workers Planned": 6, "Workers Launched": 6, "Single Copy": false, "Plans": [{"Node Type": "Aggregate", "Strategy": "Plain", "Partial Mode": "Partial", "Parent Relationship": "Outer", "Parallel Aware": false, "Async Capable": false, "Startup Cost": 635266.89, "Total Cost": 635266.9, "Plan Rows": 1, "Plan Width": 128, "Actual Rows": 1, "Actual Loops": 7, "Workers": [], "Plans": [{"Node Type": "Hash Join", "Parent Relationship": "Outer", "Parallel Aware": true, "Async Capable": false, "Join Type": "Inner", "Startup Cost": 297951.92, "Total Cost": 635266.88, "Plan Rows": 1, "Plan Width": 80, "Actual Rows": 1, "Actual Loops": 7, "Inner Unique": false, "Hash Cond": "(mi_idx.movie_id = t.id)", "Workers": [], "Plans": [{"Node Type": "Nested Loop", "Parent Relationship": "Outer", "Parallel Aware": false, "Async Capable": false, "Join Type": "Inner", "Startup Cost": 61063.62, "Total Cost": 398378.57, "Plan Rows": 1, "Plan Width": 32, "Actual Rows": 467, "Actual Loops": 7, "Inner Unique": true, "Workers": [], "Plans": [{"Node Type": "Hash Join", "Parent Relationship": "Outer", "Parallel Aware": true, "Async Capable": false, "Join Type": "Inner", "Startup Cost": 61063.19, "Total Cost": 398378.01, "Plan Rows": 1, "Plan Width": 21, "Actual Rows": 467, "Actual Loops": 7, "Inner Unique": false, "Hash Cond": "(ci.movie_id = mi_idx.movie_id)", "Workers": [], "Plans": [{"Node Type": "Seq Scan", "Parent Relationship": "Outer", "Parallel Aware": true, "Async Capable": false, "Relation Name": "cast_info", "Alias": "ci", "Startup Cost": 0.0, "Total Cost": 335756.3, "Plan Rows": 415604, "Plan Width": 8, "Actual Rows": 348338, "Actual Loops": 7, "Filter": "((note)::text = ANY ('{\"(executive producer)\",\"(head writer)\",(producer)}'::text[]))", "Rows Removed by Filter": 4829425, "Workers": []}, {"Node Type": "Hash", "Parent Relationship": "Inner", "Parallel Aware": true, "Async Capable": false, "Startup Cost": 61063.17, "Total Cost": 61063.17, "Plan Rows": 1, "Plan Width": 13, "Actual Rows": 258, "Actual Loops": 7, "Hash Buckets": 1024, "Original Hash Buckets": 1024, "Hash Batches": 1, "Original Hash Batches": 1, "Peak Memory Usage": 232, "Workers": [], "Plans": [{"Node Type": "Hash Join", "Parent Relationship": "Outer", "Parallel Aware": true, "Async Capable": false, "Join Type": "Inner", "Startup Cost": 45759.9, "Total Cost": 61063.17, "Plan Rows": 1, "Plan Width": 13, "Actual Rows": 258, "Actual Loops": 7, "Inner Unique": false, "Hash Cond": "(mi_idx.movie_id = mk.movie_id)", "Workers": [], "Plans": [{"Node Type": "Hash Join", "Parent Relationship": "Outer", "Parallel Aware": false, "Async Capable": false, "Join Type": "Inner", "Startup Cost": 2.43, "Total Cost": 15286.6, "Plan Rows": 5089, "Plan Width": 9, "Actual Rows": 65704, "Actual Loops": 7, "Inner Unique": true, "Hash Cond": "(mi_idx.info_type_id = it2.id)", "Workers": [], "Plans": [{"Node Type": "Seq Scan", "Parent Relationship": "Outer", "Parallel Aware": true, "Async Capable": false, "Relation Name": "movie_info_idx", "Alias": "mi_idx", "Startup Cost": 0.0, "Total Cost": 13718.15, "Plan Rows": 575015, "Plan Width": 13, "Actual Rows": 197148, "Actual Loops": 7, "Workers": []}, {"Node Type": "Hash", "Parent Relationship": "Inner", "Parallel Aware": false, "Async Capable": false, "Startup Cost": 2.41, "Total Cost": 2.41, "Plan Rows": 1, "Plan Width": 4, "Actual Rows": 1, "Actual Loops": 7, "Hash Buckets": 1024, "Original Hash Buckets": 1024, "Hash Batches": 1, "Original Hash Batches": 1, "Peak Memory Usage": 9, "Workers": [], "Plans": [{"Node Type": "Seq Scan", "Parent Relationship": "Outer", "Parallel Aware": false, "Async Capable": false, "Relation Name": "info_type", "Alias": "it2", "Startup Cost": 0.0, "Total Cost": 2.41, "Plan Rows": 1, "Plan Width": 4, "Actual Rows": 1, "Actual Loops": 7, "Filter": "((info)::text = 'votes'::text)", "Rows Removed by Filter": 112, "Workers": []}]}]}, {"Node Type": "Hash", "Parent Relationship": "Inner", "Parallel Aware": true, "Async Capable": false, "Startup Cost": 45757.07, "Total Cost": 45757.07, "Plan Rows": 33, "Plan Width": 4, "Actual Rows": 351, "Actual Loops": 7, "Hash Buckets": 1024, "Original Hash Buckets": 1024, "Hash Batches": 1, "Original Hash Batches": 1, "Peak Memory Usage": 232, "Workers": [], "Plans": [{"Node Type": "Hash Join", "Parent Relationship": "Outer", "Parallel Aware": false, "Async Capable": false, "Join Type": "Inner", "Startup Cost": 2852.88, "Total Cost": 45757.07, "Plan Rows": 33, "Plan Width": 4, "Actual Rows": 351, "Actual Loops": 7, "Inner Unique": true, "Hash Cond": "(mk.keyword_id = k.id)", "Workers": [], "Plans": [{"Node Type": "Seq Scan", "Parent Relationship": "Outer", "Parallel Aware": true, "Async Capable": false, "Relation Name": "movie_keyword", "Alias": "mk", "Startup Cost": 0.0, "Total Cost": 39073.32, "Plan Rows": 1459332, "Plan Width": 8, "Actual Rows": 646276, "Actual Loops": 7, "Workers": []}, {"Node Type": "Hash", "Parent Relationship": "Inner", "Parallel Aware": false, "Async Capable": false, "Startup Cost": 2852.84, "Total Cost": 2852.84, "Plan Rows": 3, "Plan Width": 4, "Actual Rows": 3, "Actual Loops": 7, "Hash Buckets": 1024, "Original Hash Buckets": 1024, "Hash Batches": 1, "Original Hash Batches": 1, "Peak Memory Usage": 9, "Workers": [], "Plans": [{"Node Type": "Seq Scan", "Parent Relationship": "Outer", "Parallel Aware": false, "Async Capable": false, "Relation Name": "keyword", "Alias": "k", "Startup Cost": 0.0, "Total Cost": 2852.84, "Plan Rows": 3, "Plan Width": 4, "Actual Rows": 3, "Actual Loops": 7, "Filter": "((keyword)::text = ANY ('{\"10,000-mile-club\",alienation,based-on-comic}'::text[]))", "Rows Removed by Filter": 134167, "Workers": []}]}]}]}]}]}]}, {"Node Type": "Index Scan", "Parent Relationship": "Inner", "Parallel Aware": false, "Async Capable": false, "Scan Direction": "Forward", "Index Name": "name_pkey", "Relation Name": "name", "Alias": "n", "Startup Cost": 0.43, "Total Cost": 0.56, "Plan Rows": 1, "Plan Width": 19, "Actual Rows": 1, "Actual Loops": 3269, "Index Cond": "(id = ci.person_id)", "Rows Removed by Index Recheck": 0, "Workers": []}]}, {"Node Type": "Hash", "Parent Relationship": "Inner", "Parallel Aware": true, "Async Capable": false, "Startup Cost": 236888.29, "Total Cost": 236888.29, "Plan Rows": 1, "Plan Width": 72, "Actual Rows": 18, "Actual Loops": 7, "Hash Buckets": 1024, "Original Hash Buckets": 1024, "Hash Batches": 1, "Original Hash Batches": 1, "Peak Memory Usage": 232, "Workers": [], "Plans": [{"Node Type": "Nested Loop", "Parent Relationship": "Outer", "Parallel Aware": false, "Async Capable": false, "Join Type": "Inner", "Startup Cost": 29576.04, "Total Cost": 236888.29, "Plan Rows": 1, "Plan Width": 72, "Actual Rows": 18, "Actual Loops": 7, "Inner Unique": true, "Workers": [], "Plans": [{"Node Type": "Nested Loop", "Parent Relationship": "Outer", "Parallel Aware": false, "Async Capable": false, "Join Type": "Inner", "Startup Cost": 29575.61, "Total Cost": 236880.62, "Plan Rows": 3, "Plan Width": 51, "Actual Rows": 189, "Actual Loops": 7, "Inner Unique": true, "Workers": [], "Plans": [{"Node Type": "Hash Join", "Parent Relationship": "Outer", "Parallel Aware": false, "Async Capable": false, "Join Type": "Inner", "Startup Cost": 29575.19, "Total Cost": 236872.01, "Plan Rows": 12, "Plan Width": 55, "Actual Rows": 1204, "Actual Loops": 7, "Inner Unique": true, "Hash Cond": "(mi.info_type_id = it1.id)", "Workers": [], "Plans": [{"Node Type": "Hash Join", "Parent Relationship": "Outer", "Parallel Aware": true, "Async Capable": false, "Join Type": "Inner", "Startup Cost": 29572.77, "Total Cost": 236865.83, "Plan Rows": 1380, "Plan Width": 59, "Actual Rows": 1351, "Actual Loops": 7, "Inner Unique": false, "Hash Cond": "(mi.movie_id = mc.movie_id)", "Workers": [], "Plans": [{"Node Type": "Seq Scan", "Parent Relationship": "Outer", "Parallel Aware": true, "Async Capable": false, "Relation Name": "movie_info", "Alias": "mi", "Startup Cost": 0.0, "Total Cost": 206156.59, "Plan Rows": 17087, "Plan Width": 51, "Actual Rows": 12078, "Actual Loops": 7, "Filter": "((info)::text = ANY ('{Action,American,Bulgaria,Crime}'::text[]))", "Rows Removed by Filter": 2107310, "Workers": []}, {"Node Type": "Hash", "Parent Relationship": "Inner", "Parallel Aware": true, "Async Capable": false, "Startup Cost": 29344.68, "Total Cost": 29344.68, "Plan Rows": 18247, "Plan Width": 8, "Actual Rows": 8168, "Actual Loops": 7, "Hash Buckets": 65536, "Original Hash Buckets": 65536, "Hash Batches": 1, "Original Hash Batches": 1, "Peak Memory Usage": 2848, "Workers": [], "Plans": [{"Node Type": "Seq Scan", "Parent Relationship": "Outer", "Parallel Aware": true, "Async Capable": false, "Relation Name": "movie_companies", "Alias": "mc", "Startup Cost": 0.0, "Total Cost": 29344.68, "Plan Rows": 18247, "Plan Width": 8, "Actual Rows": 8168, "Actual Loops": 7, "Filter": "((note)::text ~~ '%(2006)%'::text)", "Rows Removed by Filter": 364565, "Workers": []}]}]}, {"Node Type": "Hash", "Parent Relationship": "Inner", "Parallel Aware": false, "Async Capable": false, "Startup Cost": 2.41, "Total Cost": 2.41, "Plan Rows": 1, "Plan Width": 4, "Actual Rows": 1, "Actual Loops": 7, "Hash Buckets": 1024, "Original Hash Buckets": 1024, "Hash Batches": 1, "Original Hash Batches": 1, "Peak Memory Usage": 9, "Workers": [], "Plans": [{"Node Type": "Seq Scan", "Parent Relationship": "Outer", "Parallel Aware": false, "Async Capable": false, "Relation Name": "info_type", "Alias": "it1", "Startup Cost": 0.0, "Total Cost": 2.41, "Plan Rows": 1, "Plan Width": 4, "Actual Rows": 1, "Actual Loops": 7, "Filter": "((info)::text = 'genres'::text)", "Rows Removed by Filter": 112, "Workers": []}]}]}, {"Node Type": "Index Scan", "Parent Relationship": "Inner", "Parallel Aware": false, "Async Capable": false, "Scan Direction": "Forward", "Index Name": "company_name_pkey", "Relation Name": "company_name", "Alias": "cn", "Startup Cost": 0.42, "Total Cost": 0.72, "Plan Rows": 1, "Plan Width": 4, "Actual Rows": 0, "Actual Loops": 8428, "Index Cond": "(id = mc.company_id)", "Rows Removed by Index Recheck": 0, "Filter": "((name)::text ~~ '%Film%'::text)", "Rows Removed by Filter": 1, "Workers": []}]}, {"Node Type": "Index Scan", "Parent Relationship": "Inner", "Parallel Aware": false, "Async Capable": false, "Scan Direction": "Forward", "Index Name": "title_pkey", "Relation Name": "title", "Alias": "t", "Startup Cost": 0.43, "Total Cost": 2.56, "Plan Rows": 1, "Plan Width": 21, "Actual Rows": 0, "Actual Loops": 1323, "Index Cond": "(id = mi.movie_id)", "Rows Removed by Index Recheck": 0, "Filter": "(production_year <= 1972)", "Rows Removed by Filter": 1, "Workers": []}]}]}]}]}]}]}, "Planning Time": 22.54, "Triggers": [], "Execution Time": 1389.474}, {"Plan": {"Node Type": "Aggregate", "Strategy": "Plain", "Partial Mode": "Finalize", "Parallel Aware": false, "Async Capable": false, "Startup Cost": 637185.23, "Total Cost": 637185.24, "Plan Rows": 1, "Plan Width": 128, "Actual Rows": 1, "Actual Loops": 1, "Plans": [{"Node Type": "Gather", "Parent Relationship": "Outer", "Parallel Aware": false, "Async Capable": false, "Startup Cost": 637184.56, "Total Cost": 637185.17, "Plan Rows": 6, "Plan Width": 128, "Actual Rows": 7, "Actual Loops": 1, "Workers Planned": 6, "Workers Launched": 6, "Single Copy": false, "Plans": [{"Node Type": "Aggregate", "Strategy": "Plain", "Partial Mode": "Partial", "Parent Relationship": "Outer", "Parallel Aware": false, "Async Capable": false, "Startup Cost": 636184.56, "Total Cost": 636184.57, "Plan Rows": 1, "Plan Width": 128, "Actual Rows": 1, "Actual Loops": 7, "Workers": [], "Plans": [{"Node Type": "Hash Join", "Parent Relationship": "Outer", "Parallel Aware": true, "Async Capable": false, "Join Type": "Inner", "Startup Cost": 297301.14, "Total Cost": 636184.55, "Plan Rows": 1, "Plan Width": 80, "Actual Rows": 1, "Actual Loops": 7, "Inner Unique": false, "Hash Cond": "(t.id = mi_idx.movie_id)", "Workers": [], "Plans": [{"Node Type": "Nested Loop", "Parent Relationship": "Outer", "Parallel Aware": false, "Async Capable": false, "Join Type": "Inner", "Startup Cost": 236237.95, "Total Cost": 575121.35, "Plan Rows": 1, "Plan Width": 91, "Actual Rows": 20, "Actual Loops": 7, "Inner Unique": true, "Workers": [], "Plans": [{"Node Type": "Nested Loop", "Parent Relationship": "Outer", "Parallel Aware": false, "Async Capable": false, "Join Type": "Inner", "Startup Cost": 236237.52, "Total Cost": 575120.79, "Plan Rows": 1, "Plan Width": 80, "Actual Rows": 20, "Actual Loops": 7, "Inner Unique": true, "Workers": [], "Plans": [{"Node Type": "Nested Loop", "Parent Relationship": "Outer", "Parallel Aware": false, "Async Capable": false, "Join Type": "Inner", "Startup Cost": 236237.1, "Total Cost": 575118.63, "Plan Rows": 3, "Plan Width": 84, "Actual Rows": 133, "Actual Loops": 7, "Inner Unique": true, "Join Filter": "(t.id = mi.movie_id)", "Rows Removed by Join Filter": 0, "Workers": [], "Plans": [{"Node Type": "Hash Join", "Parent Relationship": "Outer", "Parallel Aware": true, "Async Capable": false, "Join Type": "Inner", "Startup Cost": 236236.67, "Total Cost": 575110.08, "Plan Rows": 16, "Plan Width": 63, "Actual Rows": 3535, "Actual Loops": 7, "Inner Unique": false, "Hash Cond": "(ci.movie_id = mi.movie_id)", "Workers": [], "Plans": [{"Node Type": "Seq Scan", "Parent Relationship": "Outer", "Parallel Aware": true, "Async Capable": false, "Relation Name": "cast_info", "Alias": "ci", "Startup Cost": 0.0, "Total Cost": 335756.3, "Plan Rows": 415604, "Plan Width": 8, "Actual Rows": 348338, "Actual Loops": 7, "Filter": "((note)::text = ANY ('{\"(executive producer)\",\"(head writer)\",(producer)}'::text[]))", "Rows Removed by Filter": 4829425, "Workers": []}, {"Node Type": "Hash", "Parent Relationship": "Inner", "Parallel Aware": true, "Async Capable": false, "Startup Cost": 236236.42, "Total Cost": 236236.42, "Plan Rows": 20, "Plan Width": 55, "Actual Rows": 1204, "Actual Loops": 7, "Hash Buckets": 8192, "Original Hash Buckets": 1024, "Hash Batches": 1, "Original Hash Batches": 1, "Peak Memory Usage": 760, "Workers": [], "Plans": [{"Node Type": "Hash Join", "Parent Relationship": "Outer", "Parallel Aware": true, "Async Capable": false, "Join Type": "Inner", "Startup Cost": 206207.44, "Total Cost": 236236.42, "Plan Rows": 20, "Plan Width": 55, "Actual Rows": 1204, "Actual Loops": 7, "Inner Unique": false, "Hash Cond": "(mc.movie_id = mi.movie_id)", "Workers": [], "Plans": [{"Node Type": "Seq Scan", "Parent Relationship": "Outer", "Parallel Aware": true, "Async Capable": false, "Relation Name": "movie_companies", "Alias": "mc", "Startup Cost": 0.0, "Total Cost": 29344.68, "Plan Rows": 18247, "Plan Width": 8, "Actual Rows": 8168, "Actual Loops": 7, "Filter": "((note)::text ~~ '%(2006)%'::text)", "Rows Removed by Filter": 364565, "Workers": []}, {"Node Type": "Hash", "Parent Relationship": "Inner", "Parallel Aware": true, "Async Capable": false, "Startup Cost": 206205.55, "Total Cost": 206205.55, "Plan Rows": 151, "Plan Width": 47, "Actual Rows": 11632, "Actual Loops": 7, "Hash Buckets": 131072, "Original Hash Buckets": 1024, "Hash Batches": 1, "Original Hash Batches": 1, "Peak Memory Usage": 6008, "Workers": [], "Plans": [{"Node Type": "Hash Join", "Parent Relationship": "Outer", "Parallel Aware": false, "Async Capable": false, "Join Type": "Inner", "Startup Cost": 2.43, "Total Cost": 206205.55, "Plan Rows": 151, "Plan Width": 47, "Actual Rows": 11632, "Actual Loops": 7, "Inner Unique": true, "Hash Cond": "(mi.info_type_id = it1.id)", "Workers": [], "Plans": [{"Node Type": "Seq Scan", "Parent Relationship": "Outer", "Parallel Aware": true, "Async Capable": false, "Relation Name": "movie_info", "Alias": "mi", "Startup Cost": 0.0, "Total Cost": 206156.59, "Plan Rows": 17087, "Plan Width": 51, "Actual Rows": 12078, "Actual Loops": 7, "Filter": "((info)::text = ANY ('{Action,American,Bulgaria,Crime}'::text[]))", "Rows Removed by Filter": 2107310, "Workers": []}, {"Node Type": "Hash", "Parent Relationship": "Inner", "Parallel Aware": false, "Async Capable": false, "Startup Cost": 2.41, "Total Cost": 2.41, "Plan Rows": 1, "Plan Width": 4, "Actual Rows": 1, "Actual Loops": 7, "Hash Buckets": 1024, "Original Hash Buckets": 1024, "Hash Batches": 1, "Original Hash Batches": 1, "Peak Memory Usage": 9, "Workers": [], "Plans": [{"Node Type": "Seq Scan", "Parent Relationship": "Outer", "Parallel Aware": false, "Async Capable": false, "Relation Name": "info_type", "Alias": "it1", "Startup Cost": 0.0, "Total Cost": 2.41, "Plan Rows": 1, "Plan Width": 4, "Actual Rows": 1, "Actual Loops": 7, "Filter": "((info)::text = 'genres'::text)", "Rows Removed by Filter": 112, "Workers": []}]}]}]}]}]}]}, {"Node Type": "Index Scan", "Parent Relationship": "Inner", "Parallel Aware": false, "Async Capable": false, "Scan Direction": "Forward", "Index Name": "title_pkey", "Relation Name": "title", "Alias": "t", "Startup Cost": 0.43, "Total Cost": 0.52, "Plan Rows": 1, "Plan Width": 21, "Actual Rows": 0, "Actual Loops": 24743, "Index Cond": "(id = ci.movie_id)", "Rows Removed by Index Recheck": 0, "Filter": "(production_year <= 1972)", "Rows Removed by Filter": 1, "Workers": []}]}, {"Node Type": "Index Scan", "Parent Relationship": "Inner", "Parallel Aware": false, "Async Capable": false, "Scan Direction": "Forward", "Index Name": "company_name_pkey", "Relation Name": "company_name", "Alias": "cn", "Startup Cost": 0.42, "Total Cost": 0.72, "Plan Rows": 1, "Plan Width": 4, "Actual Rows": 0, "Actual Loops": 933, "Index Cond": "(id = mc.company_id)", "Rows Removed by Index Recheck": 0, "Filter": "((name)::text ~~ '%Film%'::text)", "Rows Removed by Filter": 1, "Workers": []}]}, {"Node Type": "Index Scan", "Parent Relationship": "Inner", "Parallel Aware": false, "Async Capable": false, "Scan Direction": "Forward", "Index Name": "name_pkey", "Relation Name": "name", "Alias": "n", "Startup Cost": 0.43, "Total Cost": 0.56, "Plan Rows": 1, "Plan Width": 19, "Actual Rows": 1, "Actual Loops": 137, "Index Cond": "(id = ci.person_id)", "Rows Removed by Index Recheck": 0, "Workers": []}]}, {"Node Type": "Hash", "Parent Relationship": "Inner", "Parallel Aware": true, "Async Capable": false, "Startup Cost": 61063.17, "Total Cost": 61063.17, "Plan Rows": 1, "Plan Width": 13, "Actual Rows": 258, "Actual Loops": 7, "Hash Buckets": 1024, "Original Hash Buckets": 1024, "Hash Batches": 1, "Original Hash Batches": 1, "Peak Memory Usage": 232, "Workers": [], "Plans": [{"Node Type": "Hash Join", "Parent Relationship": "Outer", "Parallel Aware": true, "Async Capable": false, "Join Type": "Inner", "Startup Cost": 45759.9, "Total Cost": 61063.17, "Plan Rows": 1, "Plan Width": 13, "Actual Rows": 258, "Actual Loops": 7, "Inner Unique": false, "Hash Cond": "(mi_idx.movie_id = mk.movie_id)", "Workers": [], "Plans": [{"Node Type": "Hash Join", "Parent Relationship": "Outer", "Parallel Aware": false, "Async Capable": false, "Join Type": "Inner", "Startup Cost": 2.43, "Total Cost": 15286.6, "Plan Rows": 5089, "Plan Width": 9, "Actual Rows": 65704, "Actual Loops": 7, "Inner Unique": true, "Hash Cond": "(mi_idx.info_type_id = it2.id)", "Workers": [], "Plans": [{"Node Type": "Seq Scan", "Parent Relationship": "Outer", "Parallel Aware": true, "Async Capable": false, "Relation Name": "movie_info_idx", "Alias": "mi_idx", "Startup Cost": 0.0, "Total Cost": 13718.15, "Plan Rows": 575015, "Plan Width": 13, "Actual Rows": 197148, "Actual Loops": 7, "Workers": []}, {"Node Type": "Hash", "Parent Relationship": "Inner", "Parallel Aware": false, "Async Capable": false, "Startup Cost": 2.41, "Total Cost": 2.41, "Plan Rows": 1, "Plan Width": 4, "Actual Rows": 1, "Actual Loops": 7, "Hash Buckets": 1024, "Original Hash Buckets": 1024, "Hash Batches": 1, "Original Hash Batches": 1, "Peak Memory Usage": 9, "Workers": [], "Plans": [{"Node Type": "Seq Scan", "Parent Relationship": "Outer", "Parallel Aware": false, "Async Capable": false, "Relation Name": "info_type", "Alias": "it2", "Startup Cost": 0.0, "Total Cost": 2.41, "Plan Rows": 1, "Plan Width": 4, "Actual Rows": 1, "Actual Loops": 7, "Filter": "((info)::text = 'votes'::text)", "Rows Removed by Filter": 112, "Workers": []}]}]}, {"Node Type": "Hash", "Parent Relationship": "Inner", "Parallel Aware": true, "Async Capable": false, "Startup Cost": 45757.07, "Total Cost": 45757.07, "Plan Rows": 33, "Plan Width": 4, "Actual Rows": 351, "Actual Loops": 7, "Hash Buckets": 1024, "Original Hash Buckets": 1024, "Hash Batches": 1, "Original Hash Batches": 1, "Peak Memory Usage": 232, "Workers": [], "Plans": [{"Node Type": "Hash Join", "Parent Relationship": "Outer", "Parallel Aware": false, "Async Capable": false, "Join Type": "Inner", "Startup Cost": 2852.88, "Total Cost": 45757.07, "Plan Rows": 33, "Plan Width": 4, "Actual Rows": 351, "Actual Loops": 7, "Inner Unique": true, "Hash Cond": "(mk.keyword_id = k.id)", "Workers": [], "Plans": [{"Node Type": "Seq Scan", "Parent Relationship": "Outer", "Parallel Aware": true, "Async Capable": false, "Relation Name": "movie_keyword", "Alias": "mk", "Startup Cost": 0.0, "Total Cost": 39073.32, "Plan Rows": 1459332, "Plan Width": 8, "Actual Rows": 646276, "Actual Loops": 7, "Workers": []}, {"Node Type": "Hash", "Parent Relationship": "Inner", "Parallel Aware": false, "Async Capable": false, "Startup Cost": 2852.84, "Total Cost": 2852.84, "Plan Rows": 3, "Plan Width": 4, "Actual Rows": 3, "Actual Loops": 7, "Hash Buckets": 1024, "Original Hash Buckets": 1024, "Hash Batches": 1, "Original Hash Batches": 1, "Peak Memory Usage": 9, "Workers": [], "Plans": [{"Node Type": "Seq Scan", "Parent Relationship": "Outer", "Parallel Aware": false, "Async Capable": false, "Relation Name": "keyword", "Alias": "k", "Startup Cost": 0.0, "Total Cost": 2852.84, "Plan Rows": 3, "Plan Width": 4, "Actual Rows": 3, "Actual Loops": 7, "Filter": "((keyword)::text = ANY ('{\"10,000-mile-club\",alienation,based-on-comic}'::text[]))", "Rows Removed by Filter": 134167, "Workers": []}]}]}]}]}]}]}]}]}]}, "Planning Time": 22.676, "Triggers": [], "Execution Time": 1501.316}, {"Plan": {"Node Type": "Aggregate", "Strategy": "Plain", "Partial Mode": "Finalize", "Parallel Aware": false, "Async Capable": false, "Startup Cost": 635176.14, "Total Cost": 635176.15, "Plan Rows": 1, "Plan Width": 128, "Actual Rows": 1, "Actual Loops": 1, "Plans": [{"Node Type": "Gather", "Parent Relationship": "Outer", "Parallel Aware": false, "Async Capable": false, "Startup Cost": 635175.8, "Total Cost": 635176.11, "Plan Rows": 3, "Plan Width": 128, "Actual Rows": 4, "Actual Loops": 1, "Workers Planned": 3, "Workers Launched": 3, "Single Copy": false, "Plans": [{"Node Type": "Aggregate", "Strategy": "Plain", "Partial Mode": "Partial", "Parent Relationship": "Outer", "Parallel Aware": false, "Async Capable": false, "Startup Cost": 634175.8, "Total Cost": 634175.81, "Plan Rows": 1, "Plan Width": 128, "Actual Rows": 1, "Actual Loops": 4, "Workers": [], "Plans": [{"Node Type": "Hash Join", "Parent Relationship": "Outer", "Parallel Aware": true, "Async Capable": false, "Join Type": "Inner", "Startup Cost": 604760.93, "Total Cost": 634175.79, "Plan Rows": 1, "Plan Width": 80, "Actual Rows": 2, "Actual Loops": 4, "Inner Unique": false, "Hash Cond": "(mk.movie_id = t.id)", "Workers": [], "Plans": [{"Node Type": "Nested Loop", "Parent Relationship": "Outer", "Parallel Aware": false, "Async Capable": false, "Join Type": "Inner", "Startup Cost": 45757.9, "Total Cost": 75172.75, "Plan Rows": 1, "Plan Width": 8, "Actual Rows": 20, "Actual Loops": 4, "Inner Unique": true, "Workers": [], "Plans": [{"Node Type": "Hash Join", "Parent Relationship": "Outer", "Parallel Aware": true, "Async Capable": false, "Join Type": "Inner", "Startup Cost": 45757.48, "Total Cost": 75170.6, "Plan Rows": 3, "Plan Width": 12, "Actual Rows": 121, "Actual Loops": 4, "Inner Unique": false, "Hash Cond": "(mc.movie_id = mk.movie_id)", "Workers": [], "Plans": [{"Node Type": "Seq Scan", "Parent Relationship": "Outer", "Parallel Aware": true, "Async Capable": false, "Relation Name": "movie_companies", "Alias": "mc", "Startup Cost": 0.0, "Total Cost": 29344.68, "Plan Rows": 18247, "Plan Width": 8, "Actual Rows": 14293, "Actual Loops": 4, "Filter": "((note)::text ~~ '%(2006)%'::text)", "Rows Removed by Filter": 637989, "Workers": []}, {"Node Type": "Hash", "Parent Relationship": "Inner", "Parallel Aware": true, "Async Capable": false, "Startup Cost": 45757.07, "Total Cost": 45757.07, "Plan Rows": 33, "Plan Width": 4, "Actual Rows": 614, "Actual Loops": 4, "Hash Buckets": 1024, "Original Hash Buckets": 1024, "Hash Batches": 1, "Original Hash Batches": 1, "Peak Memory Usage": 136, "Workers": [], "Plans": [{"Node Type": "Hash Join", "Parent Relationship": "Outer", "Parallel Aware": false, "Async Capable": false, "Join Type": "Inner", "Startup Cost": 2852.88, "Total Cost": 45757.07, "Plan Rows": 33, "Plan Width": 4, "Actual Rows": 614, "Actual Loops": 4, "Inner Unique": true, "Hash Cond": "(mk.keyword_id = k.id)", "Workers": [], "Plans": [{"Node Type": "Seq Scan", "Parent Relationship": "Outer", "Parallel Aware": true, "Async Capable": false, "Relation Name": "movie_keyword", "Alias": "mk", "Startup Cost": 0.0, "Total Cost": 39073.32, "Plan Rows": 1459332, "Plan Width": 8, "Actual Rows": 1130982, "Actual Loops": 4, "Workers": []}, {"Node Type": "Hash", "Parent Relationship": "Inner", "Parallel Aware": false, "Async Capable": false, "Startup Cost": 2852.84, "Total Cost": 2852.84, "Plan Rows": 3, "Plan Width": 4, "Actual Rows": 3, "Actual Loops": 4, "Hash Buckets": 1024, "Original Hash Buckets": 1024, "Hash Batches": 1, "Original Hash Batches": 1, "Peak Memory Usage": 9, "Workers": [], "Plans": [{"Node Type": "Seq Scan", "Parent Relationship": "Outer", "Parallel Aware": false, "Async Capable": false, "Relation Name": "keyword", "Alias": "k", "Startup Cost": 0.0, "Total Cost": 2852.84, "Plan Rows": 3, "Plan Width": 4, "Actual Rows": 3, "Actual Loops": 4, "Filter": "((keyword)::text = ANY ('{\"10,000-mile-club\",alienation,based-on-comic}'::text[]))", "Rows Removed by Filter": 134167, "Workers": []}]}]}]}]}, {"Node Type": "Index Scan", "Parent Relationship": "Inner", "Parallel Aware": false, "Async Capable": false, "Scan Direction": "Forward", "Index Name": "company_name_pkey", "Relation Name": "company_name", "Alias": "cn", "Startup Cost": 0.42, "Total Cost": 0.72, "Plan Rows": 1, "Plan Width": 4, "Actual Rows": 0, "Actual Loops": 485, "Index Cond": "(id = mc.company_id)", "Rows Removed by Index Recheck": 0, "Filter": "((name)::text ~~ '%Film%'::text)", "Rows Removed by Filter": 1, "Workers": []}]}, {"Node Type": "Hash", "Parent Relationship": "Inner", "Parallel Aware": true, "Async Capable": false, "Startup Cost": 559003.02, "Total Cost": 559003.02, "Plan Rows": 1, "Plan Width": 96, "Actual Rows": 1865, "Actual Loops": 4, "Hash Buckets": 8192, "Original Hash Buckets": 1024, "Hash Batches": 1, "Original Hash Batches": 1, "Peak Memory Usage": 888, "Workers": [], "Plans": [{"Node Type": "Nested Loop", "Parent Relationship": "Outer", "Parallel Aware": false, "Async Capable": false, "Join Type": "Inner", "Startup Cost": 221685.81, "Total Cost": 559003.02, "Plan Rows": 1, "Plan Width": 96, "Actual Rows": 1865, "Actual Loops": 4, "Inner Unique": true, "Workers": [], "Plans": [{"Node Type": "Nested Loop", "Parent Relationship": "Outer", "Parallel Aware": false, "Async Capable": false, "Join Type": "Inner", "Startup Cost": 221685.38, "Total Cost": 559002.45, "Plan Rows": 1, "Plan Width": 85, "Actual Rows": 1865, "Actual Loops": 4, "Inner Unique": true, "Join Filter": "(t.id = mi.movie_id)", "Rows Removed by Join Filter": 0, "Workers": [], "Plans": [{"Node Type": "Hash Join", "Parent Relationship": "Outer", "Parallel Aware": true, "Async Capable": false, "Join Type": "Inner", "Startup Cost": 221684.95, "Total Cost": 558999.78, "Plan Rows": 5, "Plan Width": 64, "Actual Rows": 19950, "Actual Loops": 4, "Inner Unique": false, "Hash Cond": "(ci.movie_id = mi.movie_id)", "Workers": [], "Plans": [{"Node Type": "Seq Scan", "Parent Relationship": "Outer", "Parallel Aware": true, "Async Capable": false, "Relation Name": "cast_info", "Alias": "ci", "Startup Cost": 0.0, "Total Cost": 335756.3, "Plan Rows": 415604, "Plan Width": 8, "Actual Rows": 609592, "Actual Loops": 4, "Filter": "((note)::text = ANY ('{\"(executive producer)\",\"(head writer)\",(producer)}'::text[]))", "Rows Removed by Filter": 8451494, "Workers": []}, {"Node Type": "Hash", "Parent Relationship": "Inner", "Parallel Aware": true, "Async Capable": false, "Startup Cost": 221684.89, "Total Cost": 221684.89, "Plan Rows": 5, "Plan Width": 56, "Actual Rows": 11395, "Actual Loops": 4, "Hash Buckets": 65536, "Original Hash Buckets": 1024, "Hash Batches": 1, "Original Hash Batches": 1, "Peak Memory Usage": 3576, "Workers": [], "Plans": [{"Node Type": "Hash Join", "Parent Relationship": "Outer", "Parallel Aware": true, "Async Capable": false, "Join Type": "Inner", "Startup Cost": 206209.86, "Total Cost": 221684.89, "Plan Rows": 5, "Plan Width": 56, "Actual Rows": 11395, "Actual Loops": 4, "Inner Unique": false, "Hash Cond": "(mi_idx.movie_id = mi.movie_id)", "Workers": [], "Plans": [{"Node Type": "Hash Join", "Parent Relationship": "Outer", "Parallel Aware": false, "Async Capable": false, "Join Type": "Inner", "Startup Cost": 2.43, "Total Cost": 15286.6, "Plan Rows": 5089, "Plan Width": 9, "Actual Rows": 114981, "Actual Loops": 4, "Inner Unique": true, "Hash Cond": "(mi_idx.info_type_id = it2.id)", "Workers": [], "Plans": [{"Node Type": "Seq Scan", "Parent Relationship": "Outer", "Parallel Aware": true, "Async Capable": false, "Relation Name": "movie_info_idx", "Alias": "mi_idx", "Startup Cost": 0.0, "Total Cost": 13718.15, "Plan Rows": 575015, "Plan Width": 13, "Actual Rows": 345009, "Actual Loops": 4, "Workers": []}, {"Node Type": "Hash", "Parent Relationship": "Inner", "Parallel Aware": false, "Async Capable": false, "Startup Cost": 2.41, "Total Cost": 2.41, "Plan Rows": 1, "Plan Width": 4, "Actual Rows": 1, "Actual Loops": 4, "Hash Buckets": 1024, "Original Hash Buckets": 1024, "Hash Batches": 1, "Original Hash Batches": 1, "Peak Memory Usage": 9, "Workers": [], "Plans": [{"Node Type": "Seq Scan", "Parent Relationship": "Outer", "Parallel Aware": false, "Async Capable": false, "Relation Name": "info_type", "Alias": "it2", "Startup Cost": 0.0, "Total Cost": 2.41, "Plan Rows": 1, "Plan Width": 4, "Actual Rows": 1, "Actual Loops": 4, "Filter": "((info)::text = 'votes'::text)", "Rows Removed by Filter": 112, "Workers": []}]}]}, {"Node Type": "Hash", "Parent Relationship": "Inner", "Parallel Aware": true, "Async Capable": false, "Startup Cost": 206205.55, "Total Cost": 206205.55, "Plan Rows": 151, "Plan Width": 47, "Actual Rows": 20357, "Actual Loops": 4, "Hash Buckets": 131072, "Original Hash Buckets": 1024, "Hash Batches": 1, "Original Hash Batches": 1, "Peak Memory Usage": 5944, "Workers": [], "Plans": [{"Node Type": "Hash Join", "Parent Relationship": "Outer", "Parallel Aware": false, "Async Capable": false, "Join Type": "Inner", "Startup Cost": 2.43, "Total Cost": 206205.55, "Plan Rows": 151, "Plan Width": 47, "Actual Rows": 20357, "Actual Loops": 4, "Inner Unique": true, "Hash Cond": "(mi.info_type_id = it1.id)", "Workers": [], "Plans": [{"Node Type": "Seq Scan", "Parent Relationship": "Outer", "Parallel Aware": true, "Async Capable": false, "Relation Name": "movie_info", "Alias": "mi", "Startup Cost": 0.0, "Total Cost": 206156.59, "Plan Rows": 17087, "Plan Width": 51, "Actual Rows": 21137, "Actual Loops": 4, "Filter": "((info)::text = ANY ('{Action,American,Bulgaria,Crime}'::text[]))", "Rows Removed by Filter": 3687793, "Workers": []}, {"Node Type": "Hash", "Parent Relationship": "Inner", "Parallel Aware": false, "Async Capable": false, "Startup Cost": 2.41, "Total Cost": 2.41, "Plan Rows": 1, "Plan Width": 4, "Actual Rows": 1, "Actual Loops": 4, "Hash Buckets": 1024, "Original Hash Buckets": 1024, "Hash Batches": 1, "Original Hash Batches": 1, "Peak Memory Usage": 9, "Workers": [], "Plans": [{"Node Type": "Seq Scan", "Parent Relationship": "Outer", "Parallel Aware": false, "Async Capable": false, "Relation Name": "info_type", "Alias": "it1", "Startup Cost": 0.0, "Total Cost": 2.41, "Plan Rows": 1, "Plan Width": 4, "Actual Rows": 1, "Actual Loops": 4, "Filter": "((info)::text = 'genres'::text)", "Rows Removed by Filter": 112, "Workers": []}]}]}]}]}]}]}, {"Node Type": "Index Scan", "Parent Relationship": "Inner", "Parallel Aware": false, "Async Capable": false, "Scan Direction": "Forward", "Index Name": "title_pkey", "Relation Name": "title", "Alias": "t", "Startup Cost": 0.43, "Total Cost": 0.52, "Plan Rows": 1, "Plan Width": 21, "Actual Rows": 0, "Actual Loops": 79798, "Index Cond": "(id = ci.movie_id)", "Rows Removed by Index Recheck": 0, "Filter": "(production_year <= 1972)", "Rows Removed by Filter": 1, "Workers": []}]}, {"Node Type": "Index Scan", "Parent Relationship": "Inner", "Parallel Aware": false, "Async Capable": false, "Scan Direction": "Forward", "Index Name": "name_pkey", "Relation Name": "name", "Alias": "n", "Startup Cost": 0.43, "Total Cost": 0.56, "Plan Rows": 1, "Plan Width": 19, "Actual Rows": 1, "Actual Loops": 7461, "Index Cond": "(id = ci.person_id)", "Rows Removed by Index Recheck": 0, "Workers": []}]}]}]}]}]}]}, "Planning Time": 22.407, "Triggers": [], "Execution Time": 3295.159}, {"Plan": {"Node Type": "Aggregate", "Strategy": "Plain", "Partial Mode": "Finalize", "Parallel Aware": false, "Async Capable": false, "Startup Cost": 635225.35, "Total Cost": 635225.36, "Plan Rows": 1, "Plan Width": 128, "Actual Rows": 1, "Actual Loops": 1, "Plans": [{"Node Type": "Gather", "Parent Relationship": "Outer", "Parallel Aware": false, "Async Capable": false, "Startup Cost": 635225.01, "Total Cost": 635225.32, "Plan Rows": 3, "Plan Width": 128, "Actual Rows": 4, "Actual Loops": 1, "Workers Planned": 3, "Workers Launched": 3, "Single Copy": false, "Plans": [{"Node Type": "Aggregate", "Strategy": "Plain", "Partial Mode": "Partial", "Parent Relationship": "Outer", "Parallel Aware": false, "Async Capable": false, "Startup Cost": 634225.01, "Total Cost": 634225.02, "Plan Rows": 1, "Plan Width": 128, "Actual Rows": 1, "Actual Loops": 4, "Workers": [], "Plans": [{"Node Type": "Nested Loop", "Parent Relationship": "Outer", "Parallel Aware": false, "Async Capable": false, "Join Type": "Inner", "Startup Cost": 591320.5, "Total Cost": 634225.0, "Plan Rows": 1, "Plan Width": 80, "Actual Rows": 2, "Actual Loops": 4, "Inner Unique": true, "Workers": [], "Plans": [{"Node Type": "Hash Join", "Parent Relationship": "Outer", "Parallel Aware": true, "Async Capable": false, "Join Type": "Inner", "Startup Cost": 591320.07, "Total Cost": 634224.44, "Plan Rows": 1, "Plan Width": 69, "Actual Rows": 2, "Actual Loops": 4, "Inner Unique": false, "Hash Cond": "(t.id = mi.movie_id)", "Workers": [], "Plans": [{"Node Type": "Hash Join", "Parent Relationship": "Outer", "Parallel Aware": true, "Async Capable": false, "Join Type": "Inner", "Startup Cost": 385112.63, "Total Cost": 428016.95, "Plan Rows": 1, "Plan Width": 46, "Actual Rows": 2, "Actual Loops": 4, "Inner Unique": false, "Hash Cond": "(mk.movie_id = t.id)", "Workers": [], "Plans": [{"Node Type": "Hash Join", "Parent Relationship": "Outer", "Parallel Aware": false, "Async Capable": false, "Join Type": "Inner", "Startup Cost": 2852.88, "Total Cost": 45757.07, "Plan Rows": 33, "Plan Width": 4, "Actual Rows": 614, "Actual Loops": 4, "Inner Unique": true, "Hash Cond": "(mk.keyword_id = k.id)", "Workers": [], "Plans": [{"Node Type": "Seq Scan", "Parent Relationship": "Outer", "Parallel Aware": true, "Async Capable": false, "Relation Name": "movie_keyword", "Alias": "mk", "Startup Cost": 0.0, "Total Cost": 39073.32, "Plan Rows": 1459332, "Plan Width": 8, "Actual Rows": 1130982, "Actual Loops": 4, "Workers": []}, {"Node Type": "Hash", "Parent Relationship": "Inner", "Parallel Aware": false, "Async Capable": false, "Startup Cost": 2852.84, "Total Cost": 2852.84, "Plan Rows": 3, "Plan Width": 4, "Actual Rows": 3, "Actual Loops": 4, "Hash Buckets": 1024, "Original Hash Buckets": 1024, "Hash Batches": 1, "Original Hash Batches": 1, "Peak Memory Usage": 9, "Workers": [], "Plans": [{"Node Type": "Seq Scan", "Parent Relationship": "Outer", "Parallel Aware": false, "Async Capable": false, "Relation Name": "keyword", "Alias": "k", "Startup Cost": 0.0, "Total Cost": 2852.84, "Plan Rows": 3, "Plan Width": 4, "Actual Rows": 3, "Actual Loops": 4, "Filter": "((keyword)::text = ANY ('{\"10,000-mile-club\",alienation,based-on-comic}'::text[]))", "Rows Removed by Filter": 134167, "Workers": []}]}]}, {"Node Type": "Hash", "Parent Relationship": "Inner", "Parallel Aware": true, "Async Capable": false, "Startup Cost": 382259.63, "Total Cost": 382259.63, "Plan Rows": 10, "Plan Width": 42, "Actual Rows": 121, "Actual Loops": 4, "Hash Buckets": 1024, "Original Hash Buckets": 1024, "Hash Batches": 1, "Original Hash Batches": 1, "Peak Memory Usage": 136, "Workers": [], "Plans": [{"Node Type": "Nested Loop", "Parent Relationship": "Outer", "Parallel Aware": false, "Async Capable": false, "Join Type": "Inner", "Startup Cost": 44770.52, "Total Cost": 382259.63, "Plan Rows": 10, "Plan Width": 42, "Actual Rows": 121, "Actual Loops": 4, "Inner Unique": true, "Workers": [], "Plans": [{"Node Type": "Nested Loop", "Parent Relationship": "Outer", "Parallel Aware": false, "Async Capable": false, "Join Type": "Inner", "Startup Cost": 44770.1, "Total Cost": 382228.78, "Plan Rows": 43, "Plan Width": 46, "Actual Rows": 1047, "Actual Loops": 4, "Inner Unique": true, "Join Filter": "(t.id = mi_idx.movie_id)", "Rows Removed by Join Filter": 0, "Workers": [], "Plans": [{"Node Type": "Hash Join", "Parent Relationship": "Outer", "Parallel Aware": true, "Async Capable": false, "Join Type": "Inner", "Startup Cost": 44769.67, "Total Cost": 382086.01, "Plan Rows": 267, "Plan Width": 25, "Actual Rows": 28985, "Actual Loops": 4, "Inner Unique": false, "Hash Cond": "(ci.movie_id = mi_idx.movie_id)", "Workers": [], "Plans": [{"Node Type": "Seq Scan", "Parent Relationship": "Outer", "Parallel Aware": true, "Async Capable": false, "Relation Name": "cast_info", "Alias": "ci", "Startup Cost": 0.0, "Total Cost": 335756.3, "Plan Rows": 415604, "Plan Width": 8, "Actual Rows": 609592, "Actual Loops": 4, "Filter": "((note)::text = ANY ('{\"(executive producer)\",\"(head writer)\",(producer)}'::text[]))", "Rows Removed by Filter": 8451494, "Workers": []}, {"Node Type": "Hash", "Parent Relationship": "Inner", "Parallel Aware": true, "Async Capable": false, "Startup Cost": 44764.91, "Total Cost": 44764.91, "Plan Rows": 381, "Plan Width": 17, "Actual Rows": 9846, "Actual Loops": 4, "Hash Buckets": 65536, "Original Hash Buckets": 2048, "Hash Batches": 1, "Original Hash Batches": 1, "Peak Memory Usage": 2992, "Workers": [], "Plans": [{"Node Type": "Hash Join", "Parent Relationship": "Outer", "Parallel Aware": true, "Async Capable": false, "Join Type": "Inner", "Startup Cost": 15350.21, "Total Cost": 44764.91, "Plan Rows": 381, "Plan Width": 17, "Actual Rows": 9846, "Actual Loops": 4, "Inner Unique": false, "Hash Cond": "(mc.movie_id = mi_idx.movie_id)", "Workers": [], "Plans": [{"Node Type": "Seq Scan", "Parent Relationship": "Outer", "Parallel Aware": true, "Async Capable": false, "Relation Name": "movie_companies", "Alias": "mc", "Startup Cost": 0.0, "Total Cost": 29344.68, "Plan Rows": 18247, "Plan Width": 8, "Actual Rows": 14293, "Actual Loops": 4, "Filter": "((note)::text ~~ '%(2006)%'::text)", "Rows Removed by Filter": 637989, "Workers": []}, {"Node Type": "Hash", "Parent Relationship": "Inner", "Parallel Aware": true, "Async Capable": false, "Startup Cost": 15286.6, "Total Cost": 15286.6, "Plan Rows": 5089, "Plan Width": 9, "Actual Rows": 114981, "Actual Loops": 4, "Hash Buckets": 524288, "Original Hash Buckets": 16384, "Hash Batches": 1, "Original Hash Batches": 1, "Peak Memory Usage": 26304, "Workers": [], "Plans": [{"Node Type": "Hash Join", "Parent Relationship": "Outer", "Parallel Aware": false, "Async Capable": false, "Join Type": "Inner", "Startup Cost": 2.43, "Total Cost": 15286.6, "Plan Rows": 5089, "Plan Width": 9, "Actual Rows": 114981, "Actual Loops": 4, "Inner Unique": true, "Hash Cond": "(mi_idx.info_type_id = it2.id)", "Workers": [], "Plans": [{"Node Type": "Seq Scan", "Parent Relationship": "Outer", "Parallel Aware": true, "Async Capable": false, "Relation Name": "movie_info_idx", "Alias": "mi_idx", "Startup Cost": 0.0, "Total Cost": 13718.15, "Plan Rows": 575015, "Plan Width": 13, "Actual Rows": 345009, "Actual Loops": 4, "Workers": []}, {"Node Type": "Hash", "Parent Relationship": "Inner", "Parallel Aware": false, "Async Capable": false, "Startup Cost": 2.41, "Total Cost": 2.41, "Plan Rows": 1, "Plan Width": 4, "Actual Rows": 1, "Actual Loops": 4, "Hash Buckets": 1024, "Original Hash Buckets": 1024, "Hash Batches": 1, "Original Hash Batches": 1, "Peak Memory Usage": 9, "Workers": [], "Plans": [{"Node Type": "Seq Scan", "Parent Relationship": "Outer", "Parallel Aware": false, "Async Capable": false, "Relation Name": "info_type", "Alias": "it2", "Startup Cost": 0.0, "Total Cost": 2.41, "Plan Rows": 1, "Plan Width": 4, "Actual Rows": 1, "Actual Loops": 4, "Filter": "((info)::text = 'votes'::text)", "Rows Removed by Filter": 112, "Workers": []}]}]}]}]}]}]}, {"Node Type": "Index Scan", "Parent Relationship": "Inner", "Parallel Aware": false, "Async Capable": false, "Scan Direction": "Forward", "Index Name": "title_pkey", "Relation Name": "title", "Alias": "t", "Startup Cost": 0.43, "Total Cost": 0.52, "Plan Rows": 1, "Plan Width": 21, "Actual Rows": 0, "Actual Loops": 115941, "Index Cond": "(id = ci.movie_id)", "Rows Removed by Index Recheck": 0, "Filter": "(production_year <= 1972)", "Rows Removed by Filter": 1, "Workers": []}]}, {"Node Type": "Index Scan", "Parent Relationship": "Inner", "Parallel Aware": false, "Async Capable": false, "Scan Direction": "Forward", "Index Name": "company_name_pkey", "Relation Name": "company_name", "Alias": "cn", "Startup Cost": 0.42, "Total Cost": 0.72, "Plan Rows": 1, "Plan Width": 4, "Actual Rows": 0, "Actual Loops": 4189, "Index Cond": "(id = mc.company_id)", "Rows Removed by Index Recheck": 0, "Filter": "((name)::text ~~ '%Film%'::text)", "Rows Removed by Filter": 1, "Workers": []}]}]}]}, {"Node Type": "Hash", "Parent Relationship": "Inner", "Parallel Aware": true, "Async Capable": false, "Startup Cost": 206205.55, "Total Cost": 206205.55, "Plan Rows": 151, "Plan Width": 47, "Actual Rows": 20357, "Actual Loops": 4, "Hash Buckets": 131072, "Original Hash Buckets": 1024, "Hash Batches": 1, "Original Hash Batches": 1, "Peak Memory Usage": 5944, "Workers": [], "Plans": [{"Node Type": "Hash Join", "Parent Relationship": "Outer", "Parallel Aware": false, "Async Capable": false, "Join Type": "Inner", "Startup Cost": 2.43, "Total Cost": 206205.55, "Plan Rows": 151, "Plan Width": 47, "Actual Rows": 20357, "Actual Loops": 4, "Inner Unique": true, "Hash Cond": "(mi.info_type_id = it1.id)", "Workers": [], "Plans": [{"Node Type": "Seq Scan", "Parent Relationship": "Outer", "Parallel Aware": true, "Async Capable": false, "Relation Name": "movie_info", "Alias": "mi", "Startup Cost": 0.0, "Total Cost": 206156.59, "Plan Rows": 17087, "Plan Width": 51, "Actual Rows": 21137, "Actual Loops": 4, "Filter": "((info)::text = ANY ('{Action,American,Bulgaria,Crime}'::text[]))", "Rows Removed by Filter": 3687793, "Workers": []}, {"Node Type": "Hash", "Parent Relationship": "Inner", "Parallel Aware": false, "Async Capable": false, "Startup Cost": 2.41, "Total Cost": 2.41, "Plan Rows": 1, "Plan Width": 4, "Actual Rows": 1, "Actual Loops": 4, "Hash Buckets": 1024, "Original Hash Buckets": 1024, "Hash Batches": 1, "Original Hash Batches": 1, "Peak Memory Usage": 9, "Workers": [], "Plans": [{"Node Type": "Seq Scan", "Parent Relationship": "Outer", "Parallel Aware": false, "Async Capable": false, "Relation Name": "info_type", "Alias": "it1", "Startup Cost": 0.0, "Total Cost": 2.41, "Plan Rows": 1, "Plan Width": 4, "Actual Rows": 1, "Actual Loops": 4, "Filter": "((info)::text = 'genres'::text)", "Rows Removed by Filter": 112, "Workers": []}]}]}]}]}, {"Node Type": "Index Scan", "Parent Relationship": "Inner", "Parallel Aware": false, "Async Capable": false, "Scan Direction": "Forward", "Index Name": "name_pkey", "Relation Name": "name", "Alias": "n", "Startup Cost": 0.43, "Total Cost": 0.56, "Plan Rows": 1, "Plan Width": 19, "Actual Rows": 1, "Actual Loops": 6, "Index Cond": "(id = ci.person_id)", "Rows Removed by Index Recheck": 0, "Workers": []}]}]}]}]}, "Planning Time": 22.653, "Triggers": [], "Execution Time": 3075.858}, {"Plan": {"Node Type": "Aggregate", "Strategy": "Plain", "Partial Mode": "Finalize", "Parallel Aware": false, "Async Capable": false, "Startup Cost": 635225.35, "Total Cost": 635225.36, "Plan Rows": 1, "Plan Width": 128, "Actual Rows": 1, "Actual Loops": 1, "Plans": [{"Node Type": "Gather", "Parent Relationship": "Outer", "Parallel Aware": false, "Async Capable": false, "Startup Cost": 635225.01, "Total Cost": 635225.32, "Plan Rows": 3, "Plan Width": 128, "Actual Rows": 4, "Actual Loops": 1, "Workers Planned": 3, "Workers Launched": 3, "Single Copy": false, "Plans": [{"Node Type": "Aggregate", "Strategy": "Plain", "Partial Mode": "Partial", "Parent Relationship": "Outer", "Parallel Aware": false, "Async Capable": false, "Startup Cost": 634225.01, "Total Cost": 634225.02, "Plan Rows": 1, "Plan Width": 128, "Actual Rows": 1, "Actual Loops": 4, "Workers": [], "Plans": [{"Node Type": "Hash Join", "Parent Relationship": "Outer", "Parallel Aware": true, "Async Capable": false, "Join Type": "Inner", "Startup Cost": 591320.5, "Total Cost": 634225.0, "Plan Rows": 1, "Plan Width": 80, "Actual Rows": 2, "Actual Loops": 4, "Inner Unique": false, "Hash Cond": "(t.id = mi.movie_id)", "Workers": [], "Plans": [{"Node Type": "Nested Loop", "Parent Relationship": "Outer", "Parallel Aware": false, "Async Capable": false, "Join Type": "Inner", "Startup Cost": 385113.06, "Total Cost": 428017.51, "Plan Rows": 1, "Plan Width": 57, "Actual Rows": 2, "Actual Loops": 4, "Inner Unique": true, "Workers": [], "Plans": [{"Node Type": "Hash Join", "Parent Relationship": "Outer", "Parallel Aware": true, "Async Capable": false, "Join Type": "Inner", "Startup Cost": 385112.63, "Total Cost": 428016.95, "Plan Rows": 1, "Plan Width": 46, "Actual Rows": 2, "Actual Loops": 4, "Inner Unique": false, "Hash Cond": "(mk.movie_id = t.id)", "Workers": [], "Plans": [{"Node Type": "Hash Join", "Parent Relationship": "Outer", "Parallel Aware": false, "Async Capable": false, "Join Type": "Inner", "Startup Cost": 2852.88, "Total Cost": 45757.07, "Plan Rows": 33, "Plan Width": 4, "Actual Rows": 614, "Actual Loops": 4, "Inner Unique": true, "Hash Cond": "(mk.keyword_id = k.id)", "Workers": [], "Plans": [{"Node Type": "Seq Scan", "Parent Relationship": "Outer", "Parallel Aware": true, "Async Capable": false, "Relation Name": "movie_keyword", "Alias": "mk", "Startup Cost": 0.0, "Total Cost": 39073.32, "Plan Rows": 1459332, "Plan Width": 8, "Actual Rows": 1130982, "Actual Loops": 4, "Workers": []}, {"Node Type": "Hash", "Parent Relationship": "Inner", "Parallel Aware": false, "Async Capable": false, "Startup Cost": 2852.84, "Total Cost": 2852.84, "Plan Rows": 3, "Plan Width": 4, "Actual Rows": 3, "Actual Loops": 4, "Hash Buckets": 1024, "Original Hash Buckets": 1024, "Hash Batches": 1, "Original Hash Batches": 1, "Peak Memory Usage": 9, "Workers": [], "Plans": [{"Node Type": "Seq Scan", "Parent Relationship": "Outer", "Parallel Aware": false, "Async Capable": false, "Relation Name": "keyword", "Alias": "k", "Startup Cost": 0.0, "Total Cost": 2852.84, "Plan Rows": 3, "Plan Width": 4, "Actual Rows": 3, "Actual Loops": 4, "Filter": "((keyword)::text = ANY ('{\"10,000-mile-club\",alienation,based-on-comic}'::text[]))", "Rows Removed by Filter": 134167, "Workers": []}]}]}, {"Node Type": "Hash", "Parent Relationship": "Inner", "Parallel Aware": true, "Async Capable": false, "Startup Cost": 382259.63, "Total Cost": 382259.63, "Plan Rows": 10, "Plan Width": 42, "Actual Rows": 121, "Actual Loops": 4, "Hash Buckets": 1024, "Original Hash Buckets": 1024, "Hash Batches": 1, "Original Hash Batches": 1, "Peak Memory Usage": 136, "Workers": [], "Plans": [{"Node Type": "Nested Loop", "Parent Relationship": "Outer", "Parallel Aware": false, "Async Capable": false, "Join Type": "Inner", "Startup Cost": 44770.52, "Total Cost": 382259.63, "Plan Rows": 10, "Plan Width": 42, "Actual Rows": 121, "Actual Loops": 4, "Inner Unique": true, "Workers": [], "Plans": [{"Node Type": "Nested Loop", "Parent Relationship": "Outer", "Parallel Aware": false, "Async Capable": false, "Join Type": "Inner", "Startup Cost": 44770.1, "Total Cost": 382228.78, "Plan Rows": 43, "Plan Width": 46, "Actual Rows": 1047, "Actual Loops": 4, "Inner Unique": true, "Join Filter": "(t.id = mi_idx.movie_id)", "Rows Removed by Join Filter": 0, "Workers": [], "Plans": [{"Node Type": "Hash Join", "Parent Relationship": "Outer", "Parallel Aware": true, "Async Capable": false, "Join Type": "Inner", "Startup Cost": 44769.67, "Total Cost": 382086.01, "Plan Rows": 267, "Plan Width": 25, "Actual Rows": 28985, "Actual Loops": 4, "Inner Unique": false, "Hash Cond": "(ci.movie_id = mi_idx.movie_id)", "Workers": [], "Plans": [{"Node Type": "Seq Scan", "Parent Relationship": "Outer", "Parallel Aware": true, "Async Capable": false, "Relation Name": "cast_info", "Alias": "ci", "Startup Cost": 0.0, "Total Cost": 335756.3, "Plan Rows": 415604, "Plan Width": 8, "Actual Rows": 609592, "Actual Loops": 4, "Filter": "((note)::text = ANY ('{\"(executive producer)\",\"(head writer)\",(producer)}'::text[]))", "Rows Removed by Filter": 8451494, "Workers": []}, {"Node Type": "Hash", "Parent Relationship": "Inner", "Parallel Aware": true, "Async Capable": false, "Startup Cost": 44764.91, "Total Cost": 44764.91, "Plan Rows": 381, "Plan Width": 17, "Actual Rows": 9846, "Actual Loops": 4, "Hash Buckets": 65536, "Original Hash Buckets": 2048, "Hash Batches": 1, "Original Hash Batches": 1, "Peak Memory Usage": 2992, "Workers": [], "Plans": [{"Node Type": "Hash Join", "Parent Relationship": "Outer", "Parallel Aware": true, "Async Capable": false, "Join Type": "Inner", "Startup Cost": 15350.21, "Total Cost": 44764.91, "Plan Rows": 381, "Plan Width": 17, "Actual Rows": 9846, "Actual Loops": 4, "Inner Unique": false, "Hash Cond": "(mc.movie_id = mi_idx.movie_id)", "Workers": [], "Plans": [{"Node Type": "Seq Scan", "Parent Relationship": "Outer", "Parallel Aware": true, "Async Capable": false, "Relation Name": "movie_companies", "Alias": "mc", "Startup Cost": 0.0, "Total Cost": 29344.68, "Plan Rows": 18247, "Plan Width": 8, "Actual Rows": 14293, "Actual Loops": 4, "Filter": "((note)::text ~~ '%(2006)%'::text)", "Rows Removed by Filter": 637989, "Workers": []}, {"Node Type": "Hash", "Parent Relationship": "Inner", "Parallel Aware": true, "Async Capable": false, "Startup Cost": 15286.6, "Total Cost": 15286.6, "Plan Rows": 5089, "Plan Width": 9, "Actual Rows": 114981, "Actual Loops": 4, "Hash Buckets": 524288, "Original Hash Buckets": 16384, "Hash Batches": 1, "Original Hash Batches": 1, "Peak Memory Usage": 26304, "Workers": [], "Plans": [{"Node Type": "Hash Join", "Parent Relationship": "Outer", "Parallel Aware": false, "Async Capable": false, "Join Type": "Inner", "Startup Cost": 2.43, "Total Cost": 15286.6, "Plan Rows": 5089, "Plan Width": 9, "Actual Rows": 114981, "Actual Loops": 4, "Inner Unique": true, "Hash Cond": "(mi_idx.info_type_id = it2.id)", "Workers": [], "Plans": [{"Node Type": "Seq Scan", "Parent Relationship": "Outer", "Parallel Aware": true, "Async Capable": false, "Relation Name": "movie_info_idx", "Alias": "mi_idx", "Startup Cost": 0.0, "Total Cost": 13718.15, "Plan Rows": 575015, "Plan Width": 13, "Actual Rows": 345009, "Actual Loops": 4, "Workers": []}, {"Node Type": "Hash", "Parent Relationship": "Inner", "Parallel Aware": false, "Async Capable": false, "Startup Cost": 2.41, "Total Cost": 2.41, "Plan Rows": 1, "Plan Width": 4, "Actual Rows": 1, "Actual Loops": 4, "Hash Buckets": 1024, "Original Hash Buckets": 1024, "Hash Batches": 1, "Original Hash Batches": 1, "Peak Memory Usage": 9, "Workers": [], "Plans": [{"Node Type": "Seq Scan", "Parent Relationship": "Outer", "Parallel Aware": false, "Async Capable": false, "Relation Name": "info_type", "Alias": "it2", "Startup Cost": 0.0, "Total Cost": 2.41, "Plan Rows": 1, "Plan Width": 4, "Actual Rows": 1, "Actual Loops": 4, "Filter": "((info)::text = 'votes'::text)", "Rows Removed by Filter": 112, "Workers": []}]}]}]}]}]}]}, {"Node Type": "Index Scan", "Parent Relationship": "Inner", "Parallel Aware": false, "Async Capable": false, "Scan Direction": "Forward", "Index Name": "title_pkey", "Relation Name": "title", "Alias": "t", "Startup Cost": 0.43, "Total Cost": 0.52, "Plan Rows": 1, "Plan Width": 21, "Actual Rows": 0, "Actual Loops": 115941, "Index Cond": "(id = ci.movie_id)", "Rows Removed by Index Recheck": 0, "Filter": "(production_year <= 1972)", "Rows Removed by Filter": 1, "Workers": []}]}, {"Node Type": "Index Scan", "Parent Relationship": "Inner", "Parallel Aware": false, "Async Capable": false, "Scan Direction": "Forward", "Index Name": "company_name_pkey", "Relation Name": "company_name", "Alias": "cn", "Startup Cost": 0.42, "Total Cost": 0.72, "Plan Rows": 1, "Plan Width": 4, "Actual Rows": 0, "Actual Loops": 4189, "Index Cond": "(id = mc.company_id)", "Rows Removed by Index Recheck": 0, "Filter": "((name)::text ~~ '%Film%'::text)", "Rows Removed by Filter": 1, "Workers": []}]}]}]}, {"Node Type": "Index Scan", "Parent Relationship": "Inner", "Parallel Aware": false, "Async Capable": false, "Scan Direction": "Forward", "Index Name": "name_pkey", "Relation Name": "name", "Alias": "n", "Startup Cost": 0.43, "Total Cost": 0.56, "Plan Rows": 1, "Plan Width": 19, "Actual Rows": 1, "Actual Loops": 9, "Index Cond": "(id = ci.person_id)", "Rows Removed by Index Recheck": 0, "Workers": []}]}, {"Node Type": "Hash", "Parent Relationship": "Inner", "Parallel Aware": true, "Async Capable": false, "Startup Cost": 206205.55, "Total Cost": 206205.55, "Plan Rows": 151, "Plan Width": 47, "Actual Rows": 20357, "Actual Loops": 4, "Hash Buckets": 131072, "Original Hash Buckets": 1024, "Hash Batches": 1, "Original Hash Batches": 1, "Peak Memory Usage": 5912, "Workers": [], "Plans": [{"Node Type": "Hash Join", "Parent Relationship": "Outer", "Parallel Aware": false, "Async Capable": false, "Join Type": "Inner", "Startup Cost": 2.43, "Total Cost": 206205.55, "Plan Rows": 151, "Plan Width": 47, "Actual Rows": 20357, "Actual Loops": 4, "Inner Unique": true, "Hash Cond": "(mi.info_type_id = it1.id)", "Workers": [], "Plans": [{"Node Type": "Seq Scan", "Parent Relationship": "Outer", "Parallel Aware": true, "Async Capable": false, "Relation Name": "movie_info", "Alias": "mi", "Startup Cost": 0.0, "Total Cost": 206156.59, "Plan Rows": 17087, "Plan Width": 51, "Actual Rows": 21137, "Actual Loops": 4, "Filter": "((info)::text = ANY ('{Action,American,Bulgaria,Crime}'::text[]))", "Rows Removed by Filter": 3687793, "Workers": []}, {"Node Type": "Hash", "Parent Relationship": "Inner", "Parallel Aware": false, "Async Capable": false, "Startup Cost": 2.41, "Total Cost": 2.41, "Plan Rows": 1, "Plan Width": 4, "Actual Rows": 1, "Actual Loops": 4, "Hash Buckets": 1024, "Original Hash Buckets": 1024, "Hash Batches": 1, "Original Hash Batches": 1, "Peak Memory Usage": 9, "Workers": [], "Plans": [{"Node Type": "Seq Scan", "Parent Relationship": "Outer", "Parallel Aware": false, "Async Capable": false, "Relation Name": "info_type", "Alias": "it1", "Startup Cost": 0.0, "Total Cost": 2.41, "Plan Rows": 1, "Plan Width": 4, "Actual Rows": 1, "Actual Loops": 4, "Filter": "((info)::text = 'genres'::text)", "Rows Removed by Filter": 112, "Workers": []}]}]}]}]}]}]}]}, "Planning Time": 24.304, "Triggers": [], "Execution Time": 3079.151}, {"Plan": {"Node Type": "Aggregate", "Strategy": "Plain", "Partial Mode": "Finalize", "Parallel Aware": false, "Async Capable": false, "Startup Cost": 635176.09, "Total Cost": 635176.1, "Plan Rows": 1, "Plan Width": 128, "Actual Rows": 1, "Actual Loops": 1, "Plans": [{"Node Type": "Gather", "Parent Relationship": "Outer", "Parallel Aware": false, "Async Capable": false, "Startup Cost": 635175.42, "Total Cost": 635176.03, "Plan Rows": 6, "Plan Width": 128, "Actual Rows": 7, "Actual Loops": 1, "Workers Planned": 6, "Workers Launched": 6, "Single Copy": false, "Plans": [{"Node Type": "Aggregate", "Strategy": "Plain", "Partial Mode": "Partial", "Parent Relationship": "Outer", "Parallel Aware": false, "Async Capable": false, "Startup Cost": 634175.42, "Total Cost": 634175.43, "Plan Rows": 1, "Plan Width": 128, "Actual Rows": 1, "Actual Loops": 7, "Workers": [], "Plans": [{"Node Type": "Hash Join", "Parent Relationship": "Outer", "Parallel Aware": true, "Async Capable": false, "Join Type": "Inner", "Startup Cost": 296858.18, "Total Cost": 634175.41, "Plan Rows": 1, "Plan Width": 80, "Actual Rows": 1, "Actual Loops": 7, "Inner Unique": false, "Hash Cond": "(mi.movie_id = t.id)", "Workers": [], "Plans": [{"Node Type": "Nested Loop", "Parent Relationship": "Outer", "Parallel Aware": false, "Async Capable": false, "Join Type": "Inner", "Startup Cost": 221685.38, "Total Cost": 559002.59, "Plan Rows": 5, "Plan Width": 75, "Actual Rows": 11400, "Actual Loops": 7, "Inner Unique": true, "Workers": [], "Plans": [{"Node Type": "Hash Join", "Parent Relationship": "Outer", "Parallel Aware": true, "Async Capable": false, "Join Type": "Inner", "Startup Cost": 221684.95, "Total Cost": 558999.78, "Plan Rows": 5, "Plan Width": 64, "Actual Rows": 11400, "Actual Loops": 7, "Inner Unique": false, "Hash Cond": "(ci.movie_id = mi.movie_id)", "Workers": [], "Plans": [{"Node Type": "Seq Scan", "Parent Relationship": "Outer", "Parallel Aware": true, "Async Capable": false, "Relation Name": "cast_info", "Alias": "ci", "Startup Cost": 0.0, "Total Cost": 335756.3, "Plan Rows": 415604, "Plan Width": 8, "Actual Rows": 348338, "Actual Loops": 7, "Filter": "((note)::text = ANY ('{\"(executive producer)\",\"(head writer)\",(producer)}'::text[]))", "Rows Removed by Filter": 4829425, "Workers": []}, {"Node Type": "Hash", "Parent Relationship": "Inner", "Parallel Aware": true, "Async Capable": false, "Startup Cost": 221684.89, "Total Cost": 221684.89, "Plan Rows": 5, "Plan Width": 56, "Actual Rows": 6511, "Actual Loops": 7, "Hash Buckets": 65536, "Original Hash Buckets": 1024, "Hash Batches": 1, "Original Hash Batches": 1, "Peak Memory Usage": 3608, "Workers": [], "Plans": [{"Node Type": "Hash Join", "Parent Relationship": "Outer", "Parallel Aware": true, "Async Capable": false, "Join Type": "Inner", "Startup Cost": 206209.86, "Total Cost": 221684.89, "Plan Rows": 5, "Plan Width": 56, "Actual Rows": 6511, "Actual Loops": 7, "Inner Unique": false, "Hash Cond": "(mi_idx.movie_id = mi.movie_id)", "Workers": [], "Plans": [{"Node Type": "Hash Join", "Parent Relationship": "Outer", "Parallel Aware": false, "Async Capable": false, "Join Type": "Inner", "Startup Cost": 2.43, "Total Cost": 15286.6, "Plan Rows": 5089, "Plan Width": 9, "Actual Rows": 65704, "Actual Loops": 7, "Inner Unique": true, "Hash Cond": "(mi_idx.info_type_id = it2.id)", "Workers": [], "Plans": [{"Node Type": "Seq Scan", "Parent Relationship": "Outer", "Parallel Aware": true, "Async Capable": false, "Relation Name": "movie_info_idx", "Alias": "mi_idx", "Startup Cost": 0.0, "Total Cost": 13718.15, "Plan Rows": 575015, "Plan Width": 13, "Actual Rows": 197148, "Actual Loops": 7, "Workers": []}, {"Node Type": "Hash", "Parent Relationship": "Inner", "Parallel Aware": false, "Async Capable": false, "Startup Cost": 2.41, "Total Cost": 2.41, "Plan Rows": 1, "Plan Width": 4, "Actual Rows": 1, "Actual Loops": 7, "Hash Buckets": 1024, "Original Hash Buckets": 1024, "Hash Batches": 1, "Original Hash Batches": 1, "Peak Memory Usage": 9, "Workers": [], "Plans": [{"Node Type": "Seq Scan", "Parent Relationship": "Outer", "Parallel Aware": false, "Async Capable": false, "Relation Name": "info_type", "Alias": "it2", "Startup Cost": 0.0, "Total Cost": 2.41, "Plan Rows": 1, "Plan Width": 4, "Actual Rows": 1, "Actual Loops": 7, "Filter": "((info)::text = 'votes'::text)", "Rows Removed by Filter": 112, "Workers": []}]}]}, {"Node Type": "Hash", "Parent Relationship": "Inner", "Parallel Aware": true, "Async Capable": false, "Startup Cost": 206205.55, "Total Cost": 206205.55, "Plan Rows": 151, "Plan Width": 47, "Actual Rows": 11632, "Actual Loops": 7, "Hash Buckets": 131072, "Original Hash Buckets": 1024, "Hash Batches": 1, "Original Hash Batches": 1, "Peak Memory Usage": 6008, "Workers": [], "Plans": [{"Node Type": "Hash Join", "Parent Relationship": "Outer", "Parallel Aware": false, "Async Capable": false, "Join Type": "Inner", "Startup Cost": 2.43, "Total Cost": 206205.55, "Plan Rows": 151, "Plan Width": 47, "Actual Rows": 11632, "Actual Loops": 7, "Inner Unique": true, "Hash Cond": "(mi.info_type_id = it1.id)", "Workers": [], "Plans": [{"Node Type": "Seq Scan", "Parent Relationship": "Outer", "Parallel Aware": true, "Async Capable": false, "Relation Name": "movie_info", "Alias": "mi", "Startup Cost": 0.0, "Total Cost": 206156.59, "Plan Rows": 17087, "Plan Width": 51, "Actual Rows": 12078, "Actual Loops": 7, "Filter": "((info)::text = ANY ('{Action,American,Bulgaria,Crime}'::text[]))", "Rows Removed by Filter": 2107310, "Workers": []}, {"Node Type": "Hash", "Parent Relationship": "Inner", "Parallel Aware": false, "Async Capable": false, "Startup Cost": 2.41, "Total Cost": 2.41, "Plan Rows": 1, "Plan Width": 4, "Actual Rows": 1, "Actual Loops": 7, "Hash Buckets": 1024, "Original Hash Buckets": 1024, "Hash Batches": 1, "Original Hash Batches": 1, "Peak Memory Usage": 9, "Workers": [], "Plans": [{"Node Type": "Seq Scan", "Parent Relationship": "Outer", "Parallel Aware": false, "Async Capable": false, "Relation Name": "info_type", "Alias": "it1", "Startup Cost": 0.0, "Total Cost": 2.41, "Plan Rows": 1, "Plan Width": 4, "Actual Rows": 1, "Actual Loops": 7, "Filter": "((info)::text = 'genres'::text)", "Rows Removed by Filter": 112, "Workers": []}]}]}]}]}]}]}, {"Node Type": "Index Scan", "Parent Relationship": "Inner", "Parallel Aware": false, "Async Capable": false, "Scan Direction": "Forward", "Index Name": "name_pkey", "Relation Name": "name", "Alias": "n", "Startup Cost": 0.43, "Total Cost": 0.56, "Plan Rows": 1, "Plan Width": 19, "Actual Rows": 1, "Actual Loops": 79798, "Index Cond": "(id = ci.person_id)", "Rows Removed by Index Recheck": 0, "Workers": []}]}, {"Node Type": "Hash", "Parent Relationship": "Inner", "Parallel Aware": true, "Async Capable": false, "Startup Cost": 75172.78, "Total Cost": 75172.78, "Plan Rows": 1, "Plan Width": 29, "Actual Rows": 1, "Actual Loops": 7, "Hash Buckets": 1024, "Original Hash Buckets": 1024, "Hash Batches": 1, "Original Hash Batches": 1, "Peak Memory Usage": 168, "Workers": [], "Plans": [{"Node Type": "Nested Loop", "Parent Relationship": "Outer", "Parallel Aware": false, "Async Capable": false, "Join Type": "Inner", "Startup Cost": 45758.33, "Total Cost": 75172.78, "Plan Rows": 1, "Plan Width": 29, "Actual Rows": 1, "Actual Loops": 7, "Inner Unique": true, "Workers": [], "Plans": [{"Node Type": "Nested Loop", "Parent Relationship": "Outer", "Parallel Aware": false, "Async Capable": false, "Join Type": "Inner", "Startup Cost": 45757.91, "Total Cost": 75172.07, "Plan Rows": 1, "Plan Width": 33, "Actual Rows": 7, "Actual Loops": 7, "Inner Unique": true, "Workers": [], "Plans": [{"Node Type": "Hash Join", "Parent Relationship": "Outer", "Parallel Aware": true, "Async Capable": false, "Join Type": "Inner", "Startup Cost": 45757.48, "Total Cost": 75170.6, "Plan Rows": 3, "Plan Width": 12, "Actual Rows": 69, "Actual Loops": 7, "Inner Unique": false, "Hash Cond": "(mc.movie_id = mk.movie_id)", "Workers": [], "Plans": [{"Node Type": "Seq Scan", "Parent Relationship": "Outer", "Parallel Aware": true, "Async Capable": false, "Relation Name": "movie_companies", "Alias": "mc", "Startup Cost": 0.0, "Total Cost": 29344.68, "Plan Rows": 18247, "Plan Width": 8, "Actual Rows": 8168, "Actual Loops": 7, "Filter": "((note)::text ~~ '%(2006)%'::text)", "Rows Removed by Filter": 364565, "Workers": []}, {"Node Type": "Hash", "Parent Relationship": "Inner", "Parallel Aware": true, "Async Capable": false, "Startup Cost": 45757.07, "Total Cost": 45757.07, "Plan Rows": 33, "Plan Width": 4, "Actual Rows": 351, "Actual Loops": 7, "Hash Buckets": 1024, "Original Hash Buckets": 1024, "Hash Batches": 1, "Original Hash Batches": 1, "Peak Memory Usage": 232, "Workers": [], "Plans": [{"Node Type": "Hash Join", "Parent Relationship": "Outer", "Parallel Aware": false, "Async Capable": false, "Join Type": "Inner", "Startup Cost": 2852.88, "Total Cost": 45757.07, "Plan Rows": 33, "Plan Width": 4, "Actual Rows": 351, "Actual Loops": 7, "Inner Unique": true, "Hash Cond": "(mk.keyword_id = k.id)", "Workers": [], "Plans": [{"Node Type": "Seq Scan", "Parent Relationship": "Outer", "Parallel Aware": true, "Async Capable": false, "Relation Name": "movie_keyword", "Alias": "mk", "Startup Cost": 0.0, "Total Cost": 39073.32, "Plan Rows": 1459332, "Plan Width": 8, "Actual Rows": 646276, "Actual Loops": 7, "Workers": []}, {"Node Type": "Hash", "Parent Relationship": "Inner", "Parallel Aware": false, "Async Capable": false, "Startup Cost": 2852.84, "Total Cost": 2852.84, "Plan Rows": 3, "Plan Width": 4, "Actual Rows": 3, "Actual Loops": 7, "Hash Buckets": 1024, "Original Hash Buckets": 1024, "Hash Batches": 1, "Original Hash Batches": 1, "Peak Memory Usage": 9, "Workers": [], "Plans": [{"Node Type": "Seq Scan", "Parent Relationship": "Outer", "Parallel Aware": false, "Async Capable": false, "Relation Name": "keyword", "Alias": "k", "Startup Cost": 0.0, "Total Cost": 2852.84, "Plan Rows": 3, "Plan Width": 4, "Actual Rows": 3, "Actual Loops": 7, "Filter": "((keyword)::text = ANY ('{\"10,000-mile-club\",alienation,based-on-comic}'::text[]))", "Rows Removed by Filter": 134167, "Workers": []}]}]}]}]}, {"Node Type": "Index Scan", "Parent Relationship": "Inner", "Parallel Aware": false, "Async Capable": false, "Scan Direction": "Forward", "Index Name": "title_pkey", "Relation Name": "title", "Alias": "t", "Startup Cost": 0.43, "Total Cost": 0.49, "Plan Rows": 1, "Plan Width": 21, "Actual Rows": 0, "Actual Loops": 485, "Index Cond": "(id = mk.movie_id)", "Rows Removed by Index Recheck": 0, "Filter": "(production_year <= 1972)", "Rows Removed by Filter": 1, "Workers": []}]}, {"Node Type": "Index Scan", "Parent Relationship": "Inner", "Parallel Aware": false, "Async Capable": false, "Scan Direction": "Forward", "Index Name": "company_name_pkey", "Relation Name": "company_name", "Alias": "cn", "Startup Cost": 0.42, "Total Cost": 0.72, "Plan Rows": 1, "Plan Width": 4, "Actual Rows": 0, "Actual Loops": 46, "Index Cond": "(id = mc.company_id)", "Rows Removed by Index Recheck": 0, "Filter": "((name)::text ~~ '%Film%'::text)", "Rows Removed by Filter": 1, "Workers": []}]}]}]}]}]}]}, "Planning Time": 24.078, "Triggers": [], "Execution Time": 1556.433}, {"Plan": {"Node Type": "Aggregate", "Strategy": "Plain", "Partial Mode": "Finalize", "Parallel Aware": false, "Async Capable": false, "Startup Cost": 635085.79, "Total Cost": 635085.8, "Plan Rows": 1, "Plan Width": 128, "Actual Rows": 1, "Actual Loops": 1, "Plans": [{"Node Type": "Gather", "Parent Relationship": "Outer", "Parallel Aware": false, "Async Capable": false, "Startup Cost": 635085.23, "Total Cost": 635085.74, "Plan Rows": 5, "Plan Width": 128, "Actual Rows": 6, "Actual Loops": 1, "Workers Planned": 5, "Workers Launched": 5, "Single Copy": false, "Plans": [{"Node Type": "Aggregate", "Strategy": "Plain", "Partial Mode": "Partial", "Parent Relationship": "Outer", "Parallel Aware": false, "Async Capable": false, "Startup Cost": 634085.23, "Total Cost": 634085.24, "Plan Rows": 1, "Plan Width": 128, "Actual Rows": 1, "Actual Loops": 6, "Workers": [], "Plans": [{"Node Type": "Hash Join", "Parent Relationship": "Outer", "Parallel Aware": true, "Async Capable": false, "Join Type": "Inner", "Startup Cost": 427864.07, "Total Cost": 634085.22, "Plan Rows": 1, "Plan Width": 80, "Actual Rows": 1, "Actual Loops": 6, "Inner Unique": false, "Hash Cond": "(mi.movie_id = t.id)", "Workers": [], "Plans": [{"Node Type": "Nested Loop", "Parent Relationship": "Outer", "Parallel Aware": false, "Async Capable": false, "Join Type": "Inner", "Startup Cost": 44772.52, "Total Cost": 250993.65, "Plan Rows": 1, "Plan Width": 60, "Actual Rows": 212, "Actual Loops": 6, "Inner Unique": true, "Workers": [], "Plans": [{"Node Type": "Hash Join", "Parent Relationship": "Outer", "Parallel Aware": false, "Async Capable": false, "Join Type": "Inner", "Startup Cost": 44772.1, "Total Cost": 250992.93, "Plan Rows": 1, "Plan Width": 64, "Actual Rows": 1324, "Actual Loops": 6, "Inner Unique": true, "Hash Cond": "(mi.info_type_id = it1.id)", "Workers": [], "Plans": [{"Node Type": "Hash Join", "Parent Relationship": "Outer", "Parallel Aware": true, "Async Capable": false, "Join Type": "Inner", "Startup Cost": 44769.67, "Total Cost": 250990.43, "Plan Rows": 29, "Plan Width": 68, "Actual Rows": 1493, "Actual Loops": 6, "Inner Unique": false, "Hash Cond": "(mi.movie_id = mi_idx.movie_id)", "Workers": [], "Plans": [{"Node Type": "Seq Scan", "Parent Relationship": "Outer", "Parallel Aware": true, "Async Capable": false, "Relation Name": "movie_info", "Alias": "mi", "Startup Cost": 0.0, "Total Cost": 206156.59, "Plan Rows": 17087, "Plan Width": 51, "Actual Rows": 14091, "Actual Loops": 6, "Filter": "((info)::text = ANY ('{Action,American,Bulgaria,Crime}'::text[]))", "Rows Removed by Filter": 2458529, "Workers": []}, {"Node Type": "Hash", "Parent Relationship": "Inner", "Parallel Aware": true, "Async Capable": false, "Startup Cost": 44764.91, "Total Cost": 44764.91, "Plan Rows": 381, "Plan Width": 17, "Actual Rows": 6564, "Actual Loops": 6, "Hash Buckets": 65536, "Original Hash Buckets": 2048, "Hash Batches": 1, "Original Hash Batches": 1, "Peak Memory Usage": 2992, "Workers": [], "Plans": [{"Node Type": "Hash Join", "Parent Relationship": "Outer", "Parallel Aware": true, "Async Capable": false, "Join Type": "Inner", "Startup Cost": 15350.21, "Total Cost": 44764.91, "Plan Rows": 381, "Plan Width": 17, "Actual Rows": 6564, "Actual Loops": 6, "Inner Unique": false, "Hash Cond": "(mc.movie_id = mi_idx.movie_id)", "Workers": [], "Plans": [{"Node Type": "Seq Scan", "Parent Relationship": "Outer", "Parallel Aware": true, "Async Capable": false, "Relation Name": "movie_companies", "Alias": "mc", "Startup Cost": 0.0, "Total Cost": 29344.68, "Plan Rows": 18247, "Plan Width": 8, "Actual Rows": 9529, "Actual Loops": 6, "Filter": "((note)::text ~~ '%(2006)%'::text)", "Rows Removed by Filter": 425326, "Workers": []}, {"Node Type": "Hash", "Parent Relationship": "Inner", "Parallel Aware": true, "Async Capable": false, "Startup Cost": 15286.6, "Total Cost": 15286.6, "Plan Rows": 5089, "Plan Width": 9, "Actual Rows": 76654, "Actual Loops": 6, "Hash Buckets": 524288, "Original Hash Buckets": 16384, "Hash Batches": 1, "Original Hash Batches": 1, "Peak Memory Usage": 26336, "Workers": [], "Plans": [{"Node Type": "Hash Join", "Parent Relationship": "Outer", "Parallel Aware": false, "Async Capable": false, "Join Type": "Inner", "Startup Cost": 2.43, "Total Cost": 15286.6, "Plan Rows": 5089, "Plan Width": 9, "Actual Rows": 76654, "Actual Loops": 6, "Inner Unique": true, "Hash Cond": "(mi_idx.info_type_id = it2.id)", "Workers": [], "Plans": [{"Node Type": "Seq Scan", "Parent Relationship": "Outer", "Parallel Aware": true, "Async Capable": false, "Relation Name": "movie_info_idx", "Alias": "mi_idx", "Startup Cost": 0.0, "Total Cost": 13718.15, "Plan Rows": 575015, "Plan Width": 13, "Actual Rows": 230006, "Actual Loops": 6, "Workers": []}, {"Node Type": "Hash", "Parent Relationship": "Inner", "Parallel Aware": false, "Async Capable": false, "Startup Cost": 2.41, "Total Cost": 2.41, "Plan Rows": 1, "Plan Width": 4, "Actual Rows": 1, "Actual Loops": 6, "Hash Buckets": 1024, "Original Hash Buckets": 1024, "Hash Batches": 1, "Original Hash Batches": 1, "Peak Memory Usage": 9, "Workers": [], "Plans": [{"Node Type": "Seq Scan", "Parent Relationship": "Outer", "Parallel Aware": false, "Async Capable": false, "Relation Name": "info_type", "Alias": "it2", "Startup Cost": 0.0, "Total Cost": 2.41, "Plan Rows": 1, "Plan Width": 4, "Actual Rows": 1, "Actual Loops": 6, "Filter": "((info)::text = 'votes'::text)", "Rows Removed by Filter": 112, "Workers": []}]}]}]}]}]}]}, {"Node Type": "Hash", "Parent Relationship": "Inner", "Parallel Aware": false, "Async Capable": false, "Startup Cost": 2.41, "Total Cost": 2.41, "Plan Rows": 1, "Plan Width": 4, "Actual Rows": 1, "Actual Loops": 6, "Hash Buckets": 1024, "Original Hash Buckets": 1024, "Hash Batches": 1, "Original Hash Batches": 1, "Peak Memory Usage": 9, "Workers": [], "Plans": [{"Node Type": "Seq Scan", "Parent Relationship": "Outer", "Parallel Aware": false, "Async Capable": false, "Relation Name": "info_type", "Alias": "it1", "Startup Cost": 0.0, "Total Cost": 2.41, "Plan Rows": 1, "Plan Width": 4, "Actual Rows": 1, "Actual Loops": 6, "Filter": "((info)::text = 'genres'::text)", "Rows Removed by Filter": 112, "Workers": []}]}]}, {"Node Type": "Index Scan", "Parent Relationship": "Inner", "Parallel Aware": false, "Async Capable": false, "Scan Direction": "Forward", "Index Name": "company_name_pkey", "Relation Name": "company_name", "Alias": "cn", "Startup Cost": 0.42, "Total Cost": 0.72, "Plan Rows": 1, "Plan Width": 4, "Actual Rows": 0, "Actual Loops": 7944, "Index Cond": "(id = mc.company_id)", "Rows Removed by Index Recheck": 0, "Filter": "((name)::text ~~ '%Film%'::text)", "Rows Removed by Filter": 1, "Workers": []}]}, {"Node Type": "Hash", "Parent Relationship": "Inner", "Parallel Aware": true, "Async Capable": false, "Startup Cost": 383091.48, "Total Cost": 383091.48, "Plan Rows": 6, "Plan Width": 44, "Actual Rows": 43, "Actual Loops": 6, "Hash Buckets": 1024, "Original Hash Buckets": 1024, "Hash Batches": 1, "Original Hash Batches": 1, "Peak Memory Usage": 200, "Workers": [], "Plans": [{"Node Type": "Nested Loop", "Parent Relationship": "Outer", "Parallel Aware": false, "Async Capable": false, "Join Type": "Inner", "Startup Cost": 45773.72, "Total Cost": 383091.48, "Plan Rows": 6, "Plan Width": 44, "Actual Rows": 43, "Actual Loops": 6, "Inner Unique": true, "Workers": [], "Plans": [{"Node Type": "Hash Join", "Parent Relationship": "Outer", "Parallel Aware": true, "Async Capable": false, "Join Type": "Inner", "Startup Cost": 45773.29, "Total Cost": 383088.11, "Plan Rows": 6, "Plan Width": 33, "Actual Rows": 43, "Actual Loops": 6, "Inner Unique": false, "Hash Cond": "(ci.movie_id = t.id)", "Workers": [], "Plans": [{"Node Type": "Seq Scan", "Parent Relationship": "Outer", "Parallel Aware": true, "Async Capable": false, "Relation Name": "cast_info", "Alias": "ci", "Startup Cost": 0.0, "Total Cost": 335756.3, "Plan Rows": 415604, "Plan Width": 8, "Actual Rows": 406394, "Actual Loops": 6, "Filter": "((note)::text = ANY ('{\"(executive producer)\",\"(head writer)\",(producer)}'::text[]))", "Rows Removed by Filter": 5634330, "Workers": []}, {"Node Type": "Hash", "Parent Relationship": "Inner", "Parallel Aware": true, "Async Capable": false, "Startup Cost": 45773.23, "Total Cost": 45773.23, "Plan Rows": 5, "Plan Width": 25, "Actual Rows": 103, "Actual Loops": 6, "Hash Buckets": 1024, "Original Hash Buckets": 1024, "Hash Batches": 1, "Original Hash Batches": 1, "Peak Memory Usage": 200, "Workers": [], "Plans": [{"Node Type": "Nested Loop", "Parent Relationship": "Outer", "Parallel Aware": false, "Async Capable": false, "Join Type": "Inner", "Startup Cost": 2853.3, "Total Cost": 45773.23, "Plan Rows": 5, "Plan Width": 25, "Actual Rows": 103, "Actual Loops": 6, "Inner Unique": true, "Workers": [], "Plans": [{"Node Type": "Hash Join", "Parent Relationship": "Outer", "Parallel Aware": false, "Async Capable": false, "Join Type": "Inner", "Startup Cost": 2852.88, "Total Cost": 45757.07, "Plan Rows": 33, "Plan Width": 4, "Actual Rows": 409, "Actual Loops": 6, "Inner Unique": true, "Hash Cond": "(mk.keyword_id = k.id)", "Workers": [], "Plans": [{"Node Type": "Seq Scan", "Parent Relationship": "Outer", "Parallel Aware": true, "Async Capable": false, "Relation Name": "movie_keyword", "Alias": "mk", "Startup Cost": 0.0, "Total Cost": 39073.32, "Plan Rows": 1459332, "Plan Width": 8, "Actual Rows": 753988, "Actual Loops": 6, "Workers": []}, {"Node Type": "Hash", "Parent Relationship": "Inner", "Parallel Aware": false, "Async Capable": false, "Startup Cost": 2852.84, "Total Cost": 2852.84, "Plan Rows": 3, "Plan Width": 4, "Actual Rows": 3, "Actual Loops": 6, "Hash Buckets": 1024, "Original Hash Buckets": 1024, "Hash Batches": 1, "Original Hash Batches": 1, "Peak Memory Usage": 9, "Workers": [], "Plans": [{"Node Type": "Seq Scan", "Parent Relationship": "Outer", "Parallel Aware": false, "Async Capable": false, "Relation Name": "keyword", "Alias": "k", "Startup Cost": 0.0, "Total Cost": 2852.84, "Plan Rows": 3, "Plan Width": 4, "Actual Rows": 3, "Actual Loops": 6, "Filter": "((keyword)::text = ANY ('{\"10,000-mile-club\",alienation,based-on-comic}'::text[]))", "Rows Removed by Filter": 134167, "Workers": []}]}]}, {"Node Type": "Index Scan", "Parent Relationship": "Inner", "Parallel Aware": false, "Async Capable": false, "Scan Direction": "Forward", "Index Name": "title_pkey", "Relation Name": "title", "Alias": "t", "Startup Cost": 0.43, "Total Cost": 0.49, "Plan Rows": 1, "Plan Width": 21, "Actual Rows": 0, "Actual Loops": 2455, "Index Cond": "(id = mk.movie_id)", "Rows Removed by Index Recheck": 0, "Filter": "(production_year <= 1972)", "Rows Removed by Filter": 1, "Workers": []}]}]}]}, {"Node Type": "Index Scan", "Parent Relationship": "Inner", "Parallel Aware": false, "Async Capable": false, "Scan Direction": "Forward", "Index Name": "name_pkey", "Relation Name": "name", "Alias": "n", "Startup Cost": 0.43, "Total Cost": 0.56, "Plan Rows": 1, "Plan Width": 19, "Actual Rows": 1, "Actual Loops": 258, "Index Cond": "(id = ci.person_id)", "Rows Removed by Index Recheck": 0, "Workers": []}]}]}]}]}]}]}, "Planning Time": 24.413, "Triggers": [], "Execution Time": 1725.762}, {"Plan": {"Node Type": "Aggregate", "Strategy": "Plain", "Partial Mode": "Finalize", "Parallel Aware": false, "Async Capable": false, "Startup Cost": 635063.81, "Total Cost": 635063.82, "Plan Rows": 1, "Plan Width": 128, "Actual Rows": 1, "Actual Loops": 1, "Plans": [{"Node Type": "Gather", "Parent Relationship": "Outer", "Parallel Aware": false, "Async Capable": false, "Startup Cost": 635063.14, "Total Cost": 635063.75, "Plan Rows": 6, "Plan Width": 128, "Actual Rows": 7, "Actual Loops": 1, "Workers Planned": 6, "Workers Launched": 6, "Single Copy": false, "Plans": [{"Node Type": "Aggregate", "Strategy": "Plain", "Partial Mode": "Partial", "Parent Relationship": "Outer", "Parallel Aware": false, "Async Capable": false, "Startup Cost": 634063.14, "Total Cost": 634063.15, "Plan Rows": 1, "Plan Width": 128, "Actual Rows": 1, "Actual Loops": 7, "Workers": [], "Plans": [{"Node Type": "Hash Join", "Parent Relationship": "Outer", "Parallel Aware": true, "Async Capable": false, "Join Type": "Inner", "Startup Cost": 296747.3, "Total Cost": 634063.13, "Plan Rows": 1, "Plan Width": 80, "Actual Rows": 1, "Actual Loops": 7, "Inner Unique": false, "Hash Cond": "(t.id = mi.movie_id)", "Workers": [], "Plans": [{"Node Type": "Nested Loop", "Parent Relationship": "Outer", "Parallel Aware": false, "Async Capable": false, "Join Type": "Inner", "Startup Cost": 75171.91, "Total Cost": 412487.74, "Plan Rows": 1, "Plan Width": 48, "Actual Rows": 1, "Actual Loops": 7, "Inner Unique": true, "Workers": [], "Plans": [{"Node Type": "Nested Loop", "Parent Relationship": "Outer", "Parallel Aware": false, "Async Capable": false, "Join Type": "Inner", "Startup Cost": 75171.48, "Total Cost": 412487.18, "Plan Rows": 1, "Plan Width": 37, "Actual Rows": 1, "Actual Loops": 7, "Inner Unique": true, "Workers": [], "Plans": [{"Node Type": "Nested Loop", "Parent Relationship": "Outer", "Parallel Aware": false, "Async Capable": false, "Join Type": "Inner", "Startup Cost": 75171.06, "Total Cost": 412486.46, "Plan Rows": 1, "Plan Width": 41, "Actual Rows": 6, "Actual Loops": 7, "Inner Unique": true, "Join Filter": "(t.id = ci.movie_id)", "Rows Removed by Join Filter": 0, "Workers": [], "Plans": [{"Node Type": "Hash Join", "Parent Relationship": "Outer", "Parallel Aware": true, "Async Capable": false, "Join Type": "Inner", "Startup Cost": 75170.63, "Total Cost": 412485.45, "Plan Rows": 2, "Plan Width": 20, "Actual Rows": 216, "Actual Loops": 7, "Inner Unique": false, "Hash Cond": "(ci.movie_id = mk.movie_id)", "Workers": [], "Plans": [{"Node Type": "Seq Scan", "Parent Relationship": "Outer", "Parallel Aware": true, "Async Capable": false, "Relation Name": "cast_info", "Alias": "ci", "Startup Cost": 0.0, "Total Cost": 335756.3, "Plan Rows": 415604, "Plan Width": 8, "Actual Rows": 348338, "Actual Loops": 7, "Filter": "((note)::text = ANY ('{\"(executive producer)\",\"(head writer)\",(producer)}'::text[]))", "Rows Removed by Filter": 4829425, "Workers": []}, {"Node Type": "Hash", "Parent Relationship": "Inner", "Parallel Aware": true, "Async Capable": false, "Startup Cost": 75170.6, "Total Cost": 75170.6, "Plan Rows": 3, "Plan Width": 12, "Actual Rows": 69, "Actual Loops": 7, "Hash Buckets": 1024, "Original Hash Buckets": 1024, "Hash Batches": 1, "Original Hash Batches": 1, "Peak Memory Usage": 232, "Workers": [], "Plans": [{"Node Type": "Hash Join", "Parent Relationship": "Outer", "Parallel Aware": true, "Async Capable": false, "Join Type": "Inner", "Startup Cost": 45757.48, "Total Cost": 75170.6, "Plan Rows": 3, "Plan Width": 12, "Actual Rows": 69, "Actual Loops": 7, "Inner Unique": false, "Hash Cond": "(mc.movie_id = mk.movie_id)", "Workers": [], "Plans": [{"Node Type": "Seq Scan", "Parent Relationship": "Outer", "Parallel Aware": true, "Async Capable": false, "Relation Name": "movie_companies", "Alias": "mc", "Startup Cost": 0.0, "Total Cost": 29344.68, "Plan Rows": 18247, "Plan Width": 8, "Actual Rows": 8168, "Actual Loops": 7, "Filter": "((note)::text ~~ '%(2006)%'::text)", "Rows Removed by Filter": 364565, "Workers": []}, {"Node Type": "Hash", "Parent Relationship": "Inner", "Parallel Aware": true, "Async Capable": false, "Startup Cost": 45757.07, "Total Cost": 45757.07, "Plan Rows": 33, "Plan Width": 4, "Actual Rows": 351, "Actual Loops": 7, "Hash Buckets": 1024, "Original Hash Buckets": 1024, "Hash Batches": 1, "Original Hash Batches": 1, "Peak Memory Usage": 232, "Workers": [], "Plans": [{"Node Type": "Hash Join", "Parent Relationship": "Outer", "Parallel Aware": false, "Async Capable": false, "Join Type": "Inner", "Startup Cost": 2852.88, "Total Cost": 45757.07, "Plan Rows": 33, "Plan Width": 4, "Actual Rows": 351, "Actual Loops": 7, "Inner Unique": true, "Hash Cond": "(mk.keyword_id = k.id)", "Workers": [], "Plans": [{"Node Type": "Seq Scan", "Parent Relationship": "Outer", "Parallel Aware": true, "Async Capable": false, "Relation Name": "movie_keyword", "Alias": "mk", "Startup Cost": 0.0, "Total Cost": 39073.32, "Plan Rows": 1459332, "Plan Width": 8, "Actual Rows": 646276, "Actual Loops": 7, "Workers": []}, {"Node Type": "Hash", "Parent Relationship": "Inner", "Parallel Aware": false, "Async Capable": false, "Startup Cost": 2852.84, "Total Cost": 2852.84, "Plan Rows": 3, "Plan Width": 4, "Actual Rows": 3, "Actual Loops": 7, "Hash Buckets": 1024, "Original Hash Buckets": 1024, "Hash Batches": 1, "Original Hash Batches": 1, "Peak Memory Usage": 9, "Workers": [], "Plans": [{"Node Type": "Seq Scan", "Parent Relationship": "Outer", "Parallel Aware": false, "Async Capable": false, "Relation Name": "keyword", "Alias": "k", "Startup Cost": 0.0, "Total Cost": 2852.84, "Plan Rows": 3, "Plan Width": 4, "Actual Rows": 3, "Actual Loops": 7, "Filter": "((keyword)::text = ANY ('{\"10,000-mile-club\",alienation,based-on-comic}'::text[]))", "Rows Removed by Filter": 134167, "Workers": []}]}]}]}]}]}]}, {"Node Type": "Index Scan", "Parent Relationship": "Inner", "Parallel Aware": false, "Async Capable": false, "Scan Direction": "Forward", "Index Name": "title_pkey", "Relation Name": "title", "Alias": "t", "Startup Cost": 0.43, "Total Cost": 0.49, "Plan Rows": 1, "Plan Width": 21, "Actual Rows": 0, "Actual Loops": 1511, "Index Cond": "(id = mk.movie_id)", "Rows Removed by Index Recheck": 0, "Filter": "(production_year <= 1972)", "Rows Removed by Filter": 1, "Workers": []}]}, {"Node Type": "Index Scan", "Parent Relationship": "Inner", "Parallel Aware": false, "Async Capable": false, "Scan Direction": "Forward", "Index Name": "company_name_pkey", "Relation Name": "company_name", "Alias": "cn", "Startup Cost": 0.42, "Total Cost": 0.72, "Plan Rows": 1, "Plan Width": 4, "Actual Rows": 0, "Actual Loops": 42, "Index Cond": "(id = mc.company_id)", "Rows Removed by Index Recheck": 0, "Filter": "((name)::text ~~ '%Film%'::text)", "Rows Removed by Filter": 1, "Workers": []}]}, {"Node Type": "Index Scan", "Parent Relationship": "Inner", "Parallel Aware": false, "Async Capable": false, "Scan Direction": "Forward", "Index Name": "name_pkey", "Relation Name": "name", "Alias": "n", "Startup Cost": 0.43, "Total Cost": 0.56, "Plan Rows": 1, "Plan Width": 19, "Actual Rows": 1, "Actual Loops": 9, "Index Cond": "(id = ci.person_id)", "Rows Removed by Index Recheck": 0, "Workers": []}]}, {"Node Type": "Hash", "Parent Relationship": "Inner", "Parallel Aware": true, "Async Capable": false, "Startup Cost": 221575.35, "Total Cost": 221575.35, "Plan Rows": 3, "Plan Width": 56, "Actual Rows": 6511, "Actual Loops": 7, "Hash Buckets": 65536, "Original Hash Buckets": 1024, "Hash Batches": 1, "Original Hash Batches": 1, "Peak Memory Usage": 3640, "Workers": [], "Plans": [{"Node Type": "Hash Join", "Parent Relationship": "Outer", "Parallel Aware": false, "Async Capable": false, "Join Type": "Inner", "Startup Cost": 15352.64, "Total Cost": 221575.35, "Plan Rows": 3, "Plan Width": 56, "Actual Rows": 6511, "Actual Loops": 7, "Inner Unique": true, "Hash Cond": "(mi.info_type_id = it1.id)", "Workers": [], "Plans": [{"Node Type": "Hash Join", "Parent Relationship": "Outer", "Parallel Aware": true, "Async Capable": false, "Join Type": "Inner", "Startup Cost": 15350.21, "Total Cost": 221572.11, "Plan Rows": 295, "Plan Width": 60, "Actual Rows": 6764, "Actual Loops": 7, "Inner Unique": false, "Hash Cond": "(mi.movie_id = mi_idx.movie_id)", "Workers": [], "Plans": [{"Node Type": "Seq Scan", "Parent Relationship": "Outer", "Parallel Aware": true, "Async Capable": false, "Relation Name": "movie_info", "Alias": "mi", "Startup Cost": 0.0, "Total Cost": 206156.59, "Plan Rows": 17087, "Plan Width": 51, "Actual Rows": 12078, "Actual Loops": 7, "Filter": "((info)::text = ANY ('{Action,American,Bulgaria,Crime}'::text[]))", "Rows Removed by Filter": 2107310, "Workers": []}, {"Node Type": "Hash", "Parent Relationship": "Inner", "Parallel Aware": true, "Async Capable": false, "Startup Cost": 15286.6, "Total Cost": 15286.6, "Plan Rows": 5089, "Plan Width": 9, "Actual Rows": 65704, "Actual Loops": 7, "Hash Buckets": 524288, "Original Hash Buckets": 16384, "Hash Batches": 1, "Original Hash Batches": 1, "Peak Memory Usage": 26304, "Workers": [], "Plans": [{"Node Type": "Hash Join", "Parent Relationship": "Outer", "Parallel Aware": false, "Async Capable": false, "Join Type": "Inner", "Startup Cost": 2.43, "Total Cost": 15286.6, "Plan Rows": 5089, "Plan Width": 9, "Actual Rows": 65704, "Actual Loops": 7, "Inner Unique": true, "Hash Cond": "(mi_idx.info_type_id = it2.id)", "Workers": [], "Plans": [{"Node Type": "Seq Scan", "Parent Relationship": "Outer", "Parallel Aware": true, "Async Capable": false, "Relation Name": "movie_info_idx", "Alias": "mi_idx", "Startup Cost": 0.0, "Total Cost": 13718.15, "Plan Rows": 575015, "Plan Width": 13, "Actual Rows": 197148, "Actual Loops": 7, "Workers": []}, {"Node Type": "Hash", "Parent Relationship": "Inner", "Parallel Aware": false, "Async Capable": false, "Startup Cost": 2.41, "Total Cost": 2.41, "Plan Rows": 1, "Plan Width": 4, "Actual Rows": 1, "Actual Loops": 7, "Hash Buckets": 1024, "Original Hash Buckets": 1024, "Hash Batches": 1, "Original Hash Batches": 1, "Peak Memory Usage": 9, "Workers": [], "Plans": [{"Node Type": "Seq Scan", "Parent Relationship": "Outer", "Parallel Aware": false, "Async Capable": false, "Relation Name": "info_type", "Alias": "it2", "Startup Cost": 0.0, "Total Cost": 2.41, "Plan Rows": 1, "Plan Width": 4, "Actual Rows": 1, "Actual Loops": 7, "Filter": "((info)::text = 'votes'::text)", "Rows Removed by Filter": 112, "Workers": []}]}]}]}]}, {"Node Type": "Hash", "Parent Relationship": "Inner", "Parallel Aware": false, "Async Capable": false, "Startup Cost": 2.41, "Total Cost": 2.41, "Plan Rows": 1, "Plan Width": 4, "Actual Rows": 1, "Actual Loops": 7, "Hash Buckets": 1024, "Original Hash Buckets": 1024, "Hash Batches": 1, "Original Hash Batches": 1, "Peak Memory Usage": 9, "Workers": [], "Plans": [{"Node Type": "Seq Scan", "Parent Relationship": "Outer", "Parallel Aware": false, "Async Capable": false, "Relation Name": "info_type", "Alias": "it1", "Startup Cost": 0.0, "Total Cost": 2.41, "Plan Rows": 1, "Plan Width": 4, "Actual Rows": 1, "Actual Loops": 7, "Filter": "((info)::text = 'genres'::text)", "Rows Removed by Filter": 112, "Workers": []}]}]}]}]}]}]}]}, "Planning Time": 23.557, "Triggers": [], "Execution Time": 1474.215}, {"Plan": {"Node Type": "Aggregate", "Strategy": "Plain", "Partial Mode": "Finalize", "Parallel Aware": false, "Async Capable": false, "Startup Cost": 634899.2, "Total Cost": 634899.21, "Plan Rows": 1, "Plan Width": 128, "Actual Rows": 1, "Actual Loops": 1, "Plans": [{"Node Type": "Gather", "Parent Relationship": "Outer", "Parallel Aware": false, "Async Capable": false, "Startup Cost": 634898.53, "Total Cost": 634899.14, "Plan Rows": 6, "Plan Width": 128, "Actual Rows": 7, "Actual Loops": 1, "Workers Planned": 6, "Workers Launched": 6, "Single Copy": false, "Plans": [{"Node Type": "Aggregate", "Strategy": "Plain", "Partial Mode": "Partial", "Parent Relationship": "Outer", "Parallel Aware": false, "Async Capable": false, "Startup Cost": 633898.53, "Total Cost": 633898.54, "Plan Rows": 1, "Plan Width": 128, "Actual Rows": 1, "Actual Loops": 7, "Workers": [], "Plans": [{"Node Type": "Hash Join", "Parent Relationship": "Outer", "Parallel Aware": true, "Async Capable": false, "Join Type": "Inner", "Startup Cost": 296556.99, "Total Cost": 633898.52, "Plan Rows": 1, "Plan Width": 80, "Actual Rows": 1, "Actual Loops": 7, "Inner Unique": false, "Hash Cond": "(t.id = mi_idx.movie_id)", "Workers": [], "Plans": [{"Node Type": "Nested Loop", "Parent Relationship": "Outer", "Parallel Aware": false, "Async Capable": false, "Join Type": "Inner", "Startup Cost": 206592.44, "Total Cost": 543933.78, "Plan Rows": 48, "Plan Width": 87, "Actual Rows": 1497, "Actual Loops": 7, "Inner Unique": true, "Workers": [], "Plans": [{"Node Type": "Hash Join", "Parent Relationship": "Outer", "Parallel Aware": true, "Async Capable": false, "Join Type": "Inner", "Startup Cost": 206592.01, "Total Cost": 543906.86, "Plan Rows": 48, "Plan Width": 76, "Actual Rows": 1497, "Actual Loops": 7, "Inner Unique": false, "Hash Cond": "(ci.movie_id = t.id)", "Workers": [], "Plans": [{"Node Type": "Seq Scan", "Parent Relationship": "Outer", "Parallel Aware": true, "Async Capable": false, "Relation Name": "cast_info", "Alias": "ci", "Startup Cost": 0.0, "Total Cost": 335756.3, "Plan Rows": 415604, "Plan Width": 8, "Actual Rows": 348338, "Actual Loops": 7, "Filter": "((note)::text = ANY ('{\"(executive producer)\",\"(head writer)\",(producer)}'::text[]))", "Rows Removed by Filter": 4829425, "Workers": []}, {"Node Type": "Hash", "Parent Relationship": "Inner", "Parallel Aware": true, "Async Capable": false, "Startup Cost": 206591.71, "Total Cost": 206591.71, "Plan Rows": 24, "Plan Width": 68, "Actual Rows": 2172, "Actual Loops": 7, "Hash Buckets": 16384, "Original Hash Buckets": 1024, "Hash Batches": 1, "Original Hash Batches": 1, "Peak Memory Usage": 1464, "Workers": [], "Plans": [{"Node Type": "Nested Loop", "Parent Relationship": "Outer", "Parallel Aware": false, "Async Capable": false, "Join Type": "Inner", "Startup Cost": 2.86, "Total Cost": 206591.71, "Plan Rows": 24, "Plan Width": 68, "Actual Rows": 2172, "Actual Loops": 7, "Inner Unique": true, "Workers": [], "Plans": [{"Node Type": "Hash Join", "Parent Relationship": "Outer", "Parallel Aware": false, "Async Capable": false, "Join Type": "Inner", "Startup Cost": 2.43, "Total Cost": 206205.55, "Plan Rows": 151, "Plan Width": 47, "Actual Rows": 11632, "Actual Loops": 7, "Inner Unique": true, "Hash Cond": "(mi.info_type_id = it1.id)", "Workers": [], "Plans": [{"Node Type": "Seq Scan", "Parent Relationship": "Outer", "Parallel Aware": true, "Async Capable": false, "Relation Name": "movie_info", "Alias": "mi", "Startup Cost": 0.0, "Total Cost": 206156.59, "Plan Rows": 17087, "Plan Width": 51, "Actual Rows": 12078, "Actual Loops": 7, "Filter": "((info)::text = ANY ('{Action,American,Bulgaria,Crime}'::text[]))", "Rows Removed by Filter": 2107310, "Workers": []}, {"Node Type": "Hash", "Parent Relationship": "Inner", "Parallel Aware": false, "Async Capable": false, "Startup Cost": 2.41, "Total Cost": 2.41, "Plan Rows": 1, "Plan Width": 4, "Actual Rows": 1, "Actual Loops": 7, "Hash Buckets": 1024, "Original Hash Buckets": 1024, "Hash Batches": 1, "Original Hash Batches": 1, "Peak Memory Usage": 9, "Workers": [], "Plans": [{"Node Type": "Seq Scan", "Parent Relationship": "Outer", "Parallel Aware": false, "Async Capable": false, "Relation Name": "info_type", "Alias": "it1", "Startup Cost": 0.0, "Total Cost": 2.41, "Plan Rows": 1, "Plan Width": 4, "Actual Rows": 1, "Actual Loops": 7, "Filter": "((info)::text = 'genres'::text)", "Rows Removed by Filter": 112, "Workers": []}]}]}, {"Node Type": "Index Scan", "Parent Relationship": "Inner", "Parallel Aware": false, "Async Capable": false, "Scan Direction": "Forward", "Index Name": "title_pkey", "Relation Name": "title", "Alias": "t", "Startup Cost": 0.43, "Total Cost": 2.56, "Plan Rows": 1, "Plan Width": 21, "Actual Rows": 0, "Actual Loops": 81427, "Index Cond": "(id = mi.movie_id)", "Rows Removed by Index Recheck": 0, "Filter": "(production_year <= 1972)", "Rows Removed by Filter": 1, "Workers": []}]}]}]}, {"Node Type": "Index Scan", "Parent Relationship": "Inner", "Parallel Aware": false, "Async Capable": false, "Scan Direction": "Forward", "Index Name": "name_pkey", "Relation Name": "name", "Alias": "n", "Startup Cost": 0.43, "Total Cost": 0.56, "Plan Rows": 1, "Plan Width": 19, "Actual Rows": 1, "Actual Loops": 10477, "Index Cond": "(id = ci.person_id)", "Rows Removed by Index Recheck": 0, "Workers": []}]}, {"Node Type": "Hash", "Parent Relationship": "Inner", "Parallel Aware": true, "Async Capable": false, "Startup Cost": 89964.54, "Total Cost": 89964.54, "Plan Rows": 1, "Plan Width": 17, "Actual Rows": 12, "Actual Loops": 7, "Hash Buckets": 1024, "Original Hash Buckets": 1024, "Hash Batches": 1, "Original Hash Batches": 1, "Peak Memory Usage": 232, "Workers": [], "Plans": [{"Node Type": "Nested Loop", "Parent Relationship": "Outer", "Parallel Aware": false, "Async Capable": false, "Join Type": "Inner", "Startup Cost": 45039.74, "Total Cost": 89964.54, "Plan Rows": 1, "Plan Width": 17, "Actual Rows": 12, "Actual Loops": 7, "Inner Unique": true, "Workers": [], "Plans": [{"Node Type": "Hash Join", "Parent Relationship": "Outer", "Parallel Aware": true, "Async Capable": false, "Join Type": "Inner", "Startup Cost": 45039.32, "Total Cost": 89587.89, "Plan Rows": 851, "Plan Width": 21, "Actual Rows": 37183, "Actual Loops": 7, "Inner Unique": false, "Hash Cond": "(mk.movie_id = mi_idx.movie_id)", "Workers": [], "Plans": [{"Node Type": "Seq Scan", "Parent Relationship": "Outer", "Parallel Aware": true, "Async Capable": false, "Relation Name": "movie_keyword", "Alias": "mk", "Startup Cost": 0.0, "Total Cost": 39073.32, "Plan Rows": 1459332, "Plan Width": 8, "Actual Rows": 646276, "Actual Loops": 7, "Workers": []}, {"Node Type": "Hash", "Parent Relationship": "Inner", "Parallel Aware": true, "Async Capable": false, "Startup Cost": 45038.25, "Total Cost": 45038.25, "Plan Rows": 86, "Plan Width": 13, "Actual Rows": 746, "Actual Loops": 7, "Hash Buckets": 8192, "Original Hash Buckets": 1024, "Hash Batches": 1, "Original Hash Batches": 1, "Peak Memory Usage": 568, "Workers": [], "Plans": [{"Node Type": "Nested Loop", "Parent Relationship": "Outer", "Parallel Aware": false, "Async Capable": false, "Join Type": "Inner", "Startup Cost": 15350.63, "Total Cost": 45038.25, "Plan Rows": 86, "Plan Width": 13, "Actual Rows": 746, "Actual Loops": 7, "Inner Unique": true, "Workers": [], "Plans": [{"Node Type": "Hash Join", "Parent Relationship": "Outer", "Parallel Aware": true, "Async Capable": false, "Join Type": "Inner", "Startup Cost": 15350.21, "Total Cost": 44764.91, "Plan Rows": 381, "Plan Width": 17, "Actual Rows": 5626, "Actual Loops": 7, "Inner Unique": false, "Hash Cond": "(mc.movie_id = mi_idx.movie_id)", "Workers": [], "Plans": [{"Node Type": "Seq Scan", "Parent Relationship": "Outer", "Parallel Aware": true, "Async Capable": false, "Relation Name": "movie_companies", "Alias": "mc", "Startup Cost": 0.0, "Total Cost": 29344.68, "Plan Rows": 18247, "Plan Width": 8, "Actual Rows": 8168, "Actual Loops": 7, "Filter": "((note)::text ~~ '%(2006)%'::text)", "Rows Removed by Filter": 364565, "Workers": []}, {"Node Type": "Hash", "Parent Relationship": "Inner", "Parallel Aware": true, "Async Capable": false, "Startup Cost": 15286.6, "Total Cost": 15286.6, "Plan Rows": 5089, "Plan Width": 9, "Actual Rows": 65704, "Actual Loops": 7, "Hash Buckets": 524288, "Original Hash Buckets": 16384, "Hash Batches": 1, "Original Hash Batches": 1, "Peak Memory Usage": 26304, "Workers": [], "Plans": [{"Node Type": "Hash Join", "Parent Relationship": "Outer", "Parallel Aware": false, "Async Capable": false, "Join Type": "Inner", "Startup Cost": 2.43, "Total Cost": 15286.6, "Plan Rows": 5089, "Plan Width": 9, "Actual Rows": 65704, "Actual Loops": 7, "Inner Unique": true, "Hash Cond": "(mi_idx.info_type_id = it2.id)", "Workers": [], "Plans": [{"Node Type": "Seq Scan", "Parent Relationship": "Outer", "Parallel Aware": true, "Async Capable": false, "Relation Name": "movie_info_idx", "Alias": "mi_idx", "Startup Cost": 0.0, "Total Cost": 13718.15, "Plan Rows": 575015, "Plan Width": 13, "Actual Rows": 197148, "Actual Loops": 7, "Workers": []}, {"Node Type": "Hash", "Parent Relationship": "Inner", "Parallel Aware": false, "Async Capable": false, "Startup Cost": 2.41, "Total Cost": 2.41, "Plan Rows": 1, "Plan Width": 4, "Actual Rows": 1, "Actual Loops": 7, "Hash Buckets": 1024, "Original Hash Buckets": 1024, "Hash Batches": 1, "Original Hash Batches": 1, "Peak Memory Usage": 9, "Workers": [], "Plans": [{"Node Type": "Seq Scan", "Parent Relationship": "Outer", "Parallel Aware": false, "Async Capable": false, "Relation Name": "info_type", "Alias": "it2", "Startup Cost": 0.0, "Total Cost": 2.41, "Plan Rows": 1, "Plan Width": 4, "Actual Rows": 1, "Actual Loops": 7, "Filter": "((info)::text = 'votes'::text)", "Rows Removed by Filter": 112, "Workers": []}]}]}]}]}, {"Node Type": "Index Scan", "Parent Relationship": "Inner", "Parallel Aware": false, "Async Capable": false, "Scan Direction": "Forward", "Index Name": "company_name_pkey", "Relation Name": "company_name", "Alias": "cn", "Startup Cost": 0.42, "Total Cost": 0.72, "Plan Rows": 1, "Plan Width": 4, "Actual Rows": 0, "Actual Loops": 39382, "Index Cond": "(id = mc.company_id)", "Rows Removed by Index Recheck": 0, "Filter": "((name)::text ~~ '%Film%'::text)", "Rows Removed by Filter": 1, "Workers": []}]}]}]}, {"Node Type": "Index Scan", "Parent Relationship": "Inner", "Parallel Aware": false, "Async Capable": false, "Scan Direction": "Forward", "Index Name": "keyword_pkey", "Relation Name": "keyword", "Alias": "k", "Startup Cost": 0.42, "Total Cost": 0.44, "Plan Rows": 1, "Plan Width": 4, "Actual Rows": 0, "Actual Loops": 260283, "Index Cond": "(id = mk.keyword_id)", "Rows Removed by Index Recheck": 0, "Filter": "((keyword)::text = ANY ('{\"10,000-mile-club\",alienation,based-on-comic}'::text[]))", "Rows Removed by Filter": 1, "Workers": []}]}]}]}]}]}]}, "Planning Time": 24.191, "Triggers": [], "Execution Time": 1931.551}, {"Plan": {"Node Type": "Aggregate", "Strategy": "Plain", "Partial Mode": "Simple", "Parallel Aware": false, "Async Capable": false, "Startup Cost": 635258.38, "Total Cost": 635258.39, "Plan Rows": 1, "Plan Width": 128, "Actual Rows": 1, "Actual Loops": 1, "Plans": [{"Node Type": "Gather", "Parent Relationship": "Outer", "Parallel Aware": false, "Async Capable": false, "Startup Cost": 592338.32, "Total Cost": 635258.37, "Plan Rows": 1, "Plan Width": 80, "Actual Rows": 6, "Actual Loops": 1, "Workers Planned": 3, "Workers Launched": 3, "Single Copy": false, "Plans": [{"Node Type": "Hash Join", "Parent Relationship": "Outer", "Parallel Aware": true, "Async Capable": false, "Join Type": "Inner", "Startup Cost": 591338.32, "Total Cost": 634258.27, "Plan Rows": 1, "Plan Width": 80, "Actual Rows": 2, "Actual Loops": 4, "Inner Unique": false, "Hash Cond": "(t.id = mi.movie_id)", "Workers": [], "Plans": [{"Node Type": "Nested Loop", "Parent Relationship": "Outer", "Parallel Aware": false, "Async Capable": false, "Join Type": "Inner", "Startup Cost": 2853.3, "Total Cost": 45773.23, "Plan Rows": 5, "Plan Width": 25, "Actual Rows": 154, "Actual Loops": 4, "Inner Unique": true, "Workers": [], "Plans": [{"Node Type": "Hash Join", "Parent Relationship": "Outer", "Parallel Aware": false, "Async Capable": false, "Join Type": "Inner", "Startup Cost": 2852.88, "Total Cost": 45757.07, "Plan Rows": 33, "Plan Width": 4, "Actual Rows": 614, "Actual Loops": 4, "Inner Unique": true, "Hash Cond": "(mk.keyword_id = k.id)", "Workers": [], "Plans": [{"Node Type": "Seq Scan", "Parent Relationship": "Outer", "Parallel Aware": true, "Async Capable": false, "Relation Name": "movie_keyword", "Alias": "mk", "Startup Cost": 0.0, "Total Cost": 39073.32, "Plan Rows": 1459332, "Plan Width": 8, "Actual Rows": 1130982, "Actual Loops": 4, "Workers": []}, {"Node Type": "Hash", "Parent Relationship": "Inner", "Parallel Aware": false, "Async Capable": false, "Startup Cost": 2852.84, "Total Cost": 2852.84, "Plan Rows": 3, "Plan Width": 4, "Actual Rows": 3, "Actual Loops": 4, "Hash Buckets": 1024, "Original Hash Buckets": 1024, "Hash Batches": 1, "Original Hash Batches": 1, "Peak Memory Usage": 9, "Workers": [], "Plans": [{"Node Type": "Seq Scan", "Parent Relationship": "Outer", "Parallel Aware": false, "Async Capable": false, "Relation Name": "keyword", "Alias": "k", "Startup Cost": 0.0, "Total Cost": 2852.84, "Plan Rows": 3, "Plan Width": 4, "Actual Rows": 3, "Actual Loops": 4, "Filter": "((keyword)::text = ANY ('{\"10,000-mile-club\",alienation,based-on-comic}'::text[]))", "Rows Removed by Filter": 134167, "Workers": []}]}]}, {"Node Type": "Index Scan", "Parent Relationship": "Inner", "Parallel Aware": false, "Async Capable": false, "Scan Direction": "Forward", "Index Name": "title_pkey", "Relation Name": "title", "Alias": "t", "Startup Cost": 0.43, "Total Cost": 0.49, "Plan Rows": 1, "Plan Width": 21, "Actual Rows": 0, "Actual Loops": 2455, "Index Cond": "(id = mk.movie_id)", "Rows Removed by Index Recheck": 0, "Filter": "(production_year <= 1972)", "Rows Removed by Filter": 1, "Workers": []}]}, {"Node Type": "Hash", "Parent Relationship": "Inner", "Parallel Aware": true, "Async Capable": false, "Startup Cost": 588485.0, "Total Cost": 588485.0, "Plan Rows": 1, "Plan Width": 79, "Actual Rows": 1176, "Actual Loops": 4, "Hash Buckets": 4096, "Original Hash Buckets": 1024, "Hash Batches": 1, "Original Hash Batches": 1, "Peak Memory Usage": 472, "Workers": [], "Plans": [{"Node Type": "Nested Loop", "Parent Relationship": "Outer", "Parallel Aware": false, "Async Capable": false, "Join Type": "Inner", "Startup Cost": 382281.17, "Total Cost": 588485.0, "Plan Rows": 1, "Plan Width": 79, "Actual Rows": 1176, "Actual Loops": 4, "Inner Unique": true, "Workers": [], "Plans": [{"Node Type": "Hash Join", "Parent Relationship": "Outer", "Parallel Aware": true, "Async Capable": false, "Join Type": "Inner", "Startup Cost": 382280.74, "Total Cost": 588484.44, "Plan Rows": 1, "Plan Width": 68, "Actual Rows": 1176, "Actual Loops": 4, "Inner Unique": false, "Hash Cond": "(mi.movie_id = mi_idx.movie_id)", "Workers": [], "Plans": [{"Node Type": "Hash Join", "Parent Relationship": "Outer", "Parallel Aware": false, "Async Capable": false, "Join Type": "Inner", "Startup Cost": 2.43, "Total Cost": 206205.55, "Plan Rows": 151, "Plan Width": 47, "Actual Rows": 20357, "Actual Loops": 4, "Inner Unique": true, "Hash Cond": "(mi.info_type_id = it1.id)", "Workers": [], "Plans": [{"Node Type": "Seq Scan", "Parent Relationship": "Outer", "Parallel Aware": true, "Async Capable": false, "Relation Name": "movie_info", "Alias": "mi", "Startup Cost": 0.0, "Total Cost": 206156.59, "Plan Rows": 17087, "Plan Width": 51, "Actual Rows": 21137, "Actual Loops": 4, "Filter": "((info)::text = ANY ('{Action,American,Bulgaria,Crime}'::text[]))", "Rows Removed by Filter": 3687793, "Workers": []}, {"Node Type": "Hash", "Parent Relationship": "Inner", "Parallel Aware": false, "Async Capable": false, "Startup Cost": 2.41, "Total Cost": 2.41, "Plan Rows": 1, "Plan Width": 4, "Actual Rows": 1, "Actual Loops": 4, "Hash Buckets": 1024, "Original Hash Buckets": 1024, "Hash Batches": 1, "Original Hash Batches": 1, "Peak Memory Usage": 9, "Workers": [], "Plans": [{"Node Type": "Seq Scan", "Parent Relationship": "Outer", "Parallel Aware": false, "Async Capable": false, "Relation Name": "info_type", "Alias": "it1", "Startup Cost": 0.0, "Total Cost": 2.41, "Plan Rows": 1, "Plan Width": 4, "Actual Rows": 1, "Actual Loops": 4, "Filter": "((info)::text = 'genres'::text)", "Rows Removed by Filter": 112, "Workers": []}]}]}, {"Node Type": "Hash", "Parent Relationship": "Inner", "Parallel Aware": true, "Async Capable": false, "Startup Cost": 382277.56, "Total Cost": 382277.56, "Plan Rows": 60, "Plan Width": 21, "Actual Rows": 4039, "Actual Loops": 4, "Hash Buckets": 16384, "Original Hash Buckets": 1024, "Hash Batches": 1, "Original Hash Batches": 1, "Peak Memory Usage": 1208, "Workers": [], "Plans": [{"Node Type": "Nested Loop", "Parent Relationship": "Outer", "Parallel Aware": false, "Async Capable": false, "Join Type": "Inner", "Startup Cost": 44770.09, "Total Cost": 382277.56, "Plan Rows": 60, "Plan Width": 21, "Actual Rows": 4039, "Actual Loops": 4, "Inner Unique": true, "Workers": [], "Plans": [{"Node Type": "Hash Join", "Parent Relationship": "Outer", "Parallel Aware": true, "Async Capable": false, "Join Type": "Inner", "Startup Cost": 44769.67, "Total Cost": 382086.01, "Plan Rows": 267, "Plan Width": 25, "Actual Rows": 28985, "Actual Loops": 4, "Inner Unique": false, "Hash Cond": "(ci.movie_id = mi_idx.movie_id)", "Workers": [], "Plans": [{"Node Type": "Seq Scan", "Parent Relationship": "Outer", "Parallel Aware": true, "Async Capable": false, "Relation Name": "cast_info", "Alias": "ci", "Startup Cost": 0.0, "Total Cost": 335756.3, "Plan Rows": 415604, "Plan Width": 8, "Actual Rows": 609592, "Actual Loops": 4, "Filter": "((note)::text = ANY ('{\"(executive producer)\",\"(head writer)\",(producer)}'::text[]))", "Rows Removed by Filter": 8451494, "Workers": []}, {"Node Type": "Hash", "Parent Relationship": "Inner", "Parallel Aware": true, "Async Capable": false, "Startup Cost": 44764.91, "Total Cost": 44764.91, "Plan Rows": 381, "Plan Width": 17, "Actual Rows": 9846, "Actual Loops": 4, "Hash Buckets": 65536, "Original Hash Buckets": 2048, "Hash Batches": 1, "Original Hash Batches": 1, "Peak Memory Usage": 2992, "Workers": [], "Plans": [{"Node Type": "Hash Join", "Parent Relationship": "Outer", "Parallel Aware": true, "Async Capable": false, "Join Type": "Inner", "Startup Cost": 15350.21, "Total Cost": 44764.91, "Plan Rows": 381, "Plan Width": 17, "Actual Rows": 9846, "Actual Loops": 4, "Inner Unique": false, "Hash Cond": "(mc.movie_id = mi_idx.movie_id)", "Workers": [], "Plans": [{"Node Type": "Seq Scan", "Parent Relationship": "Outer", "Parallel Aware": true, "Async Capable": false, "Relation Name": "movie_companies", "Alias": "mc", "Startup Cost": 0.0, "Total Cost": 29344.68, "Plan Rows": 18247, "Plan Width": 8, "Actual Rows": 14293, "Actual Loops": 4, "Filter": "((note)::text ~~ '%(2006)%'::text)", "Rows Removed by Filter": 637989, "Workers": []}, {"Node Type": "Hash", "Parent Relationship": "Inner", "Parallel Aware": true, "Async Capable": false, "Startup Cost": 15286.6, "Total Cost": 15286.6, "Plan Rows": 5089, "Plan Width": 9, "Actual Rows": 114981, "Actual Loops": 4, "Hash Buckets": 524288, "Original Hash Buckets": 16384, "Hash Batches": 1, "Original Hash Batches": 1, "Peak Memory Usage": 26272, "Workers": [], "Plans": [{"Node Type": "Hash Join", "Parent Relationship": "Outer", "Parallel Aware": false, "Async Capable": false, "Join Type": "Inner", "Startup Cost": 2.43, "Total Cost": 15286.6, "Plan Rows": 5089, "Plan Width": 9, "Actual Rows": 114981, "Actual Loops": 4, "Inner Unique": true, "Hash Cond": "(mi_idx.info_type_id = it2.id)", "Workers": [], "Plans": [{"Node Type": "Seq Scan", "Parent Relationship": "Outer", "Parallel Aware": true, "Async Capable": false, "Relation Name": "movie_info_idx", "Alias": "mi_idx", "Startup Cost": 0.0, "Total Cost": 13718.15, "Plan Rows": 575015, "Plan Width": 13, "Actual Rows": 345009, "Actual Loops": 4, "Workers": []}, {"Node Type": "Hash", "Parent Relationship": "Inner", "Parallel Aware": false, "Async Capable": false, "Startup Cost": 2.41, "Total Cost": 2.41, "Plan Rows": 1, "Plan Width": 4, "Actual Rows": 1, "Actual Loops": 4, "Hash Buckets": 1024, "Original Hash Buckets": 1024, "Hash Batches": 1, "Original Hash Batches": 1, "Peak Memory Usage": 9, "Workers": [], "Plans": [{"Node Type": "Seq Scan", "Parent Relationship": "Outer", "Parallel Aware": false, "Async Capable": false, "Relation Name": "info_type", "Alias": "it2", "Startup Cost": 0.0, "Total Cost": 2.41, "Plan Rows": 1, "Plan Width": 4, "Actual Rows": 1, "Actual Loops": 4, "Filter": "((info)::text = 'votes'::text)", "Rows Removed by Filter": 112, "Workers": []}]}]}]}]}]}]}, {"Node Type": "Index Scan", "Parent Relationship": "Inner", "Parallel Aware": false, "Async Capable": false, "Scan Direction": "Forward", "Index Name": "company_name_pkey", "Relation Name": "company_name", "Alias": "cn", "Startup Cost": 0.42, "Total Cost": 0.72, "Plan Rows": 1, "Plan Width": 4, "Actual Rows": 0, "Actual Loops": 115941, "Index Cond": "(id = mc.company_id)", "Rows Removed by Index Recheck": 0, "Filter": "((name)::text ~~ '%Film%'::text)", "Rows Removed by Filter": 1, "Workers": []}]}]}]}, {"Node Type": "Index Scan", "Parent Relationship": "Inner", "Parallel Aware": false, "Async Capable": false, "Scan Direction": "Forward", "Index Name": "name_pkey", "Relation Name": "name", "Alias": "n", "Startup Cost": 0.43, "Total Cost": 0.56, "Plan Rows": 1, "Plan Width": 19, "Actual Rows": 1, "Actual Loops": 4704, "Index Cond": "(id = ci.person_id)", "Rows Removed by Index Recheck": 0, "Workers": []}]}]}]}]}]}, "Planning Time": 24.233, "Triggers": [], "Execution Time": 3107.71}, {"Plan": {"Node Type": "Aggregate", "Strategy": "Plain", "Partial Mode": "Finalize", "Parallel Aware": false, "Async Capable": false, "Startup Cost": 635258.88, "Total Cost": 635258.89, "Plan Rows": 1, "Plan Width": 128, "Actual Rows": 1, "Actual Loops": 1, "Plans": [{"Node Type": "Gather", "Parent Relationship": "Outer", "Parallel Aware": false, "Async Capable": false, "Startup Cost": 635258.32, "Total Cost": 635258.83, "Plan Rows": 5, "Plan Width": 128, "Actual Rows": 6, "Actual Loops": 1, "Workers Planned": 5, "Workers Launched": 5, "Single Copy": false, "Plans": [{"Node Type": "Aggregate", "Strategy": "Plain", "Partial Mode": "Partial", "Parent Relationship": "Outer", "Parallel Aware": false, "Async Capable": false, "Startup Cost": 634258.32, "Total Cost": 634258.33, "Plan Rows": 1, "Plan Width": 128, "Actual Rows": 1, "Actual Loops": 6, "Workers": [], "Plans": [{"Node Type": "Hash Join", "Parent Relationship": "Outer", "Parallel Aware": true, "Async Capable": false, "Join Type": "Inner", "Startup Cost": 428054.46, "Total Cost": 634258.31, "Plan Rows": 1, "Plan Width": 80, "Actual Rows": 1, "Actual Loops": 6, "Inner Unique": false, "Hash Cond": "(mi.movie_id = t.id)", "Workers": [], "Plans": [{"Node Type": "Nested Loop", "Parent Relationship": "Outer", "Parallel Aware": false, "Async Capable": false, "Join Type": "Inner", "Startup Cost": 382281.17, "Total Cost": 588485.0, "Plan Rows": 1, "Plan Width": 79, "Actual Rows": 784, "Actual Loops": 6, "Inner Unique": true, "Workers": [], "Plans": [{"Node Type": "Hash Join", "Parent Relationship": "Outer", "Parallel Aware": true, "Async Capable": false, "Join Type": "Inner", "Startup Cost": 382280.74, "Total Cost": 588484.44, "Plan Rows": 1, "Plan Width": 68, "Actual Rows": 784, "Actual Loops": 6, "Inner Unique": false, "Hash Cond": "(mi.movie_id = mi_idx.movie_id)", "Workers": [], "Plans": [{"Node Type": "Hash Join", "Parent Relationship": "Outer", "Parallel Aware": false, "Async Capable": false, "Join Type": "Inner", "Startup Cost": 2.43, "Total Cost": 206205.55, "Plan Rows": 151, "Plan Width": 47, "Actual Rows": 13571, "Actual Loops": 6, "Inner Unique": true, "Hash Cond": "(mi.info_type_id = it1.id)", "Workers": [], "Plans": [{"Node Type": "Seq Scan", "Parent Relationship": "Outer", "Parallel Aware": true, "Async Capable": false, "Relation Name": "movie_info", "Alias": "mi", "Startup Cost": 0.0, "Total Cost": 206156.59, "Plan Rows": 17087, "Plan Width": 51, "Actual Rows": 14091, "Actual Loops": 6, "Filter": "((info)::text = ANY ('{Action,American,Bulgaria,Crime}'::text[]))", "Rows Removed by Filter": 2458529, "Workers": []}, {"Node Type": "Hash", "Parent Relationship": "Inner", "Parallel Aware": false, "Async Capable": false, "Startup Cost": 2.41, "Total Cost": 2.41, "Plan Rows": 1, "Plan Width": 4, "Actual Rows": 1, "Actual Loops": 6, "Hash Buckets": 1024, "Original Hash Buckets": 1024, "Hash Batches": 1, "Original Hash Batches": 1, "Peak Memory Usage": 9, "Workers": [], "Plans": [{"Node Type": "Seq Scan", "Parent Relationship": "Outer", "Parallel Aware": false, "Async Capable": false, "Relation Name": "info_type", "Alias": "it1", "Startup Cost": 0.0, "Total Cost": 2.41, "Plan Rows": 1, "Plan Width": 4, "Actual Rows": 1, "Actual Loops": 6, "Filter": "((info)::text = 'genres'::text)", "Rows Removed by Filter": 112, "Workers": []}]}]}, {"Node Type": "Hash", "Parent Relationship": "Inner", "Parallel Aware": true, "Async Capable": false, "Startup Cost": 382277.56, "Total Cost": 382277.56, "Plan Rows": 60, "Plan Width": 21, "Actual Rows": 2692, "Actual Loops": 6, "Hash Buckets": 16384, "Original Hash Buckets": 1024, "Hash Batches": 1, "Original Hash Batches": 1, "Peak Memory Usage": 1272, "Workers": [], "Plans": [{"Node Type": "Nested Loop", "Parent Relationship": "Outer", "Parallel Aware": false, "Async Capable": false, "Join Type": "Inner", "Startup Cost": 44770.09, "Total Cost": 382277.56, "Plan Rows": 60, "Plan Width": 21, "Actual Rows": 2692, "Actual Loops": 6, "Inner Unique": true, "Workers": [], "Plans": [{"Node Type": "Hash Join", "Parent Relationship": "Outer", "Parallel Aware": true, "Async Capable": false, "Join Type": "Inner", "Startup Cost": 44769.67, "Total Cost": 382086.01, "Plan Rows": 267, "Plan Width": 25, "Actual Rows": 19324, "Actual Loops": 6, "Inner Unique": false, "Hash Cond": "(ci.movie_id = mi_idx.movie_id)", "Workers": [], "Plans": [{"Node Type": "Seq Scan", "Parent Relationship": "Outer", "Parallel Aware": true, "Async Capable": false, "Relation Name": "cast_info", "Alias": "ci", "Startup Cost": 0.0, "Total Cost": 335756.3, "Plan Rows": 415604, "Plan Width": 8, "Actual Rows": 406394, "Actual Loops": 6, "Filter": "((note)::text = ANY ('{\"(executive producer)\",\"(head writer)\",(producer)}'::text[]))", "Rows Removed by Filter": 5634330, "Workers": []}, {"Node Type": "Hash", "Parent Relationship": "Inner", "Parallel Aware": true, "Async Capable": false, "Startup Cost": 44764.91, "Total Cost": 44764.91, "Plan Rows": 381, "Plan Width": 17, "Actual Rows": 6564, "Actual Loops": 6, "Hash Buckets": 65536, "Original Hash Buckets": 2048, "Hash Batches": 1, "Original Hash Batches": 1, "Peak Memory Usage": 2992, "Workers": [], "Plans": [{"Node Type": "Hash Join", "Parent Relationship": "Outer", "Parallel Aware": true, "Async Capable": false, "Join Type": "Inner", "Startup Cost": 15350.21, "Total Cost": 44764.91, "Plan Rows": 381, "Plan Width": 17, "Actual Rows": 6564, "Actual Loops": 6, "Inner Unique": false, "Hash Cond": "(mc.movie_id = mi_idx.movie_id)", "Workers": [], "Plans": [{"Node Type": "Seq Scan", "Parent Relationship": "Outer", "Parallel Aware": true, "Async Capable": false, "Relation Name": "movie_companies", "Alias": "mc", "Startup Cost": 0.0, "Total Cost": 29344.68, "Plan Rows": 18247, "Plan Width": 8, "Actual Rows": 9529, "Actual Loops": 6, "Filter": "((note)::text ~~ '%(2006)%'::text)", "Rows Removed by Filter": 425326, "Workers": []}, {"Node Type": "Hash", "Parent Relationship": "Inner", "Parallel Aware": true, "Async Capable": false, "Startup Cost": 15286.6, "Total Cost": 15286.6, "Plan Rows": 5089, "Plan Width": 9, "Actual Rows": 76654, "Actual Loops": 6, "Hash Buckets": 524288, "Original Hash Buckets": 16384, "Hash Batches": 1, "Original Hash Batches": 1, "Peak Memory Usage": 26304, "Workers": [], "Plans": [{"Node Type": "Hash Join", "Parent Relationship": "Outer", "Parallel Aware": false, "Async Capable": false, "Join Type": "Inner", "Startup Cost": 2.43, "Total Cost": 15286.6, "Plan Rows": 5089, "Plan Width": 9, "Actual Rows": 76654, "Actual Loops": 6, "Inner Unique": true, "Hash Cond": "(mi_idx.info_type_id = it2.id)", "Workers": [], "Plans": [{"Node Type": "Seq Scan", "Parent Relationship": "Outer", "Parallel Aware": true, "Async Capable": false, "Relation Name": "movie_info_idx", "Alias": "mi_idx", "Startup Cost": 0.0, "Total Cost": 13718.15, "Plan Rows": 575015, "Plan Width": 13, "Actual Rows": 230006, "Actual Loops": 6, "Workers": []}, {"Node Type": "Hash", "Parent Relationship": "Inner", "Parallel Aware": false, "Async Capable": false, "Startup Cost": 2.41, "Total Cost": 2.41, "Plan Rows": 1, "Plan Width": 4, "Actual Rows": 1, "Actual Loops": 6, "Hash Buckets": 1024, "Original Hash Buckets": 1024, "Hash Batches": 1, "Original Hash Batches": 1, "Peak Memory Usage": 9, "Workers": [], "Plans": [{"Node Type": "Seq Scan", "Parent Relationship": "Outer", "Parallel Aware": false, "Async Capable": false, "Relation Name": "info_type", "Alias": "it2", "Startup Cost": 0.0, "Total Cost": 2.41, "Plan Rows": 1, "Plan Width": 4, "Actual Rows": 1, "Actual Loops": 6, "Filter": "((info)::text = 'votes'::text)", "Rows Removed by Filter": 112, "Workers": []}]}]}]}]}]}]}, {"Node Type": "Index Scan", "Parent Relationship": "Inner", "Parallel Aware": false, "Async Capable": false, "Scan Direction": "Forward", "Index Name": "company_name_pkey", "Relation Name": "company_name", "Alias": "cn", "Startup Cost": 0.42, "Total Cost": 0.72, "Plan Rows": 1, "Plan Width": 4, "Actual Rows": 0, "Actual Loops": 115941, "Index Cond": "(id = mc.company_id)", "Rows Removed by Index Recheck": 0, "Filter": "((name)::text ~~ '%Film%'::text)", "Rows Removed by Filter": 1, "Workers": []}]}]}]}, {"Node Type": "Index Scan", "Parent Relationship": "Inner", "Parallel Aware": false, "Async Capable": false, "Scan Direction": "Forward", "Index Name": "name_pkey", "Relation Name": "name", "Alias": "n", "Startup Cost": 0.43, "Total Cost": 0.56, "Plan Rows": 1, "Plan Width": 19, "Actual Rows": 1, "Actual Loops": 4704, "Index Cond": "(id = ci.person_id)", "Rows Removed by Index Recheck": 0, "Workers": []}]}, {"Node Type": "Hash", "Parent Relationship": "Inner", "Parallel Aware": true, "Async Capable": false, "Startup Cost": 45773.23, "Total Cost": 45773.23, "Plan Rows": 5, "Plan Width": 25, "Actual Rows": 103, "Actual Loops": 6, "Hash Buckets": 1024, "Original Hash Buckets": 1024, "Hash Batches": 1, "Original Hash Batches": 1, "Peak Memory Usage": 200, "Workers": [], "Plans": [{"Node Type": "Nested Loop", "Parent Relationship": "Outer", "Parallel Aware": false, "Async Capable": false, "Join Type": "Inner", "Startup Cost": 2853.3, "Total Cost": 45773.23, "Plan Rows": 5, "Plan Width": 25, "Actual Rows": 103, "Actual Loops": 6, "Inner Unique": true, "Workers": [], "Plans": [{"Node Type": "Hash Join", "Parent Relationship": "Outer", "Parallel Aware": false, "Async Capable": false, "Join Type": "Inner", "Startup Cost": 2852.88, "Total Cost": 45757.07, "Plan Rows": 33, "Plan Width": 4, "Actual Rows": 409, "Actual Loops": 6, "Inner Unique": true, "Hash Cond": "(mk.keyword_id = k.id)", "Workers": [], "Plans": [{"Node Type": "Seq Scan", "Parent Relationship": "Outer", "Parallel Aware": true, "Async Capable": false, "Relation Name": "movie_keyword", "Alias": "mk", "Startup Cost": 0.0, "Total Cost": 39073.32, "Plan Rows": 1459332, "Plan Width": 8, "Actual Rows": 753988, "Actual Loops": 6, "Workers": []}, {"Node Type": "Hash", "Parent Relationship": "Inner", "Parallel Aware": false, "Async Capable": false, "Startup Cost": 2852.84, "Total Cost": 2852.84, "Plan Rows": 3, "Plan Width": 4, "Actual Rows": 3, "Actual Loops": 6, "Hash Buckets": 1024, "Original Hash Buckets": 1024, "Hash Batches": 1, "Original Hash Batches": 1, "Peak Memory Usage": 9, "Workers": [], "Plans": [{"Node Type": "Seq Scan", "Parent Relationship": "Outer", "Parallel Aware": false, "Async Capable": false, "Relation Name": "keyword", "Alias": "k", "Startup Cost": 0.0, "Total Cost": 2852.84, "Plan Rows": 3, "Plan Width": 4, "Actual Rows": 3, "Actual Loops": 6, "Filter": "((keyword)::text = ANY ('{\"10,000-mile-club\",alienation,based-on-comic}'::text[]))", "Rows Removed by Filter": 134167, "Workers": []}]}]}, {"Node Type": "Index Scan", "Parent Relationship": "Inner", "Parallel Aware": false, "Async Capable": false, "Scan Direction": "Forward", "Index Name": "title_pkey", "Relation Name": "title", "Alias": "t", "Startup Cost": 0.43, "Total Cost": 0.49, "Plan Rows": 1, "Plan Width": 21, "Actual Rows": 0, "Actual Loops": 2455, "Index Cond": "(id = mk.movie_id)", "Rows Removed by Index Recheck": 0, "Filter": "(production_year <= 1972)", "Rows Removed by Filter": 1, "Workers": []}]}]}]}]}]}]}, "Planning Time": 24.298, "Triggers": [], "Execution Time": 2034.758}, {"Plan": {"Node Type": "Aggregate", "Strategy": "Plain", "Partial Mode": "Finalize", "Parallel Aware": false, "Async Capable": false, "Startup Cost": 639954.13, "Total Cost": 639954.14, "Plan Rows": 1, "Plan Width": 128, "Actual Rows": 1, "Actual Loops": 1, "Plans": [{"Node Type": "Gather", "Parent Relationship": "Outer", "Parallel Aware": false, "Async Capable": false, "Startup Cost": 639954.01, "Total Cost": 639954.12, "Plan Rows": 1, "Plan Width": 128, "Actual Rows": 2, "Actual Loops": 1, "Workers Planned": 1, "Workers Launched": 1, "Single Copy": false, "Plans": [{"Node Type": "Aggregate", "Strategy": "Plain", "Partial Mode": "Partial", "Parent Relationship": "Outer", "Parallel Aware": false, "Async Capable": false, "Startup Cost": 638954.01, "Total Cost": 638954.02, "Plan Rows": 1, "Plan Width": 128, "Actual Rows": 1, "Actual Loops": 2, "Workers": [], "Plans": [{"Node Type": "Hash Join", "Parent Relationship": "Outer", "Parallel Aware": true, "Async Capable": false, "Join Type": "Inner", "Startup Cost": 634069.36, "Total Cost": 638954.0, "Plan Rows": 1, "Plan Width": 80, "Actual Rows": 3, "Actual Loops": 2, "Inner Unique": false, "Hash Cond": "(cn.id = mc.company_id)", "Workers": [], "Plans": [{"Node Type": "Seq Scan", "Parent Relationship": "Outer", "Parallel Aware": true, "Async Capable": false, "Relation Name": "company_name", "Alias": "cn", "Startup Cost": 0.0, "Total Cost": 4767.92, "Plan Rows": 31123, "Plan Width": 4, "Actual Rows": 26850, "Actual Loops": 2, "Filter": "((name)::text ~~ '%Film%'::text)", "Rows Removed by Filter": 90648, "Workers": []}, {"Node Type": "Hash", "Parent Relationship": "Inner", "Parallel Aware": true, "Async Capable": false, "Startup Cost": 634069.35, "Total Cost": 634069.35, "Plan Rows": 1, "Plan Width": 84, "Actual Rows": 8, "Actual Loops": 2, "Hash Buckets": 1024, "Original Hash Buckets": 1024, "Hash Batches": 1, "Original Hash Batches": 1, "Peak Memory Usage": 72, "Workers": [], "Plans": [{"Node Type": "Nested Loop", "Parent Relationship": "Outer", "Parallel Aware": false, "Async Capable": false, "Join Type": "Inner", "Startup Cost": 427865.5, "Total Cost": 634069.35, "Plan Rows": 1, "Plan Width": 84, "Actual Rows": 8, "Actual Loops": 2, "Inner Unique": true, "Workers": [], "Plans": [{"Node Type": "Hash Join", "Parent Relationship": "Outer", "Parallel Aware": true, "Async Capable": false, "Join Type": "Inner", "Startup Cost": 427865.07, "Total Cost": 634068.79, "Plan Rows": 1, "Plan Width": 73, "Actual Rows": 8, "Actual Loops": 2, "Inner Unique": false, "Hash Cond": "(t.id = mi_idx.movie_id)", "Workers": [], "Plans": [{"Node Type": "Hash Join", "Parent Relationship": "Outer", "Parallel Aware": true, "Async Capable": false, "Join Type": "Inner", "Startup Cost": 45775.72, "Total Cost": 251979.42, "Plan Rows": 1, "Plan Width": 72, "Actual Rows": 54, "Actual Loops": 2, "Inner Unique": false, "Hash Cond": "(mi.movie_id = t.id)", "Workers": [], "Plans": [{"Node Type": "Hash Join", "Parent Relationship": "Outer", "Parallel Aware": false, "Async Capable": false, "Join Type": "Inner", "Startup Cost": 2.43, "Total Cost": 206205.55, "Plan Rows": 151, "Plan Width": 47, "Actual Rows": 40714, "Actual Loops": 2, "Inner Unique": true, "Hash Cond": "(mi.info_type_id = it1.id)", "Workers": [], "Plans": [{"Node Type": "Seq Scan", "Parent Relationship": "Outer", "Parallel Aware": true, "Async Capable": false, "Relation Name": "movie_info", "Alias": "mi", "Startup Cost": 0.0, "Total Cost": 206156.59, "Plan Rows": 17087, "Plan Width": 51, "Actual Rows": 42274, "Actual Loops": 2, "Filter": "((info)::text = ANY ('{Action,American,Bulgaria,Crime}'::text[]))", "Rows Removed by Filter": 7375586, "Workers": []}, {"Node Type": "Hash", "Parent Relationship": "Inner", "Parallel Aware": false, "Async Capable": false, "Startup Cost": 2.41, "Total Cost": 2.41, "Plan Rows": 1, "Plan Width": 4, "Actual Rows": 1, "Actual Loops": 2, "Hash Buckets": 1024, "Original Hash Buckets": 1024, "Hash Batches": 1, "Original Hash Batches": 1, "Peak Memory Usage": 9, "Workers": [], "Plans": [{"Node Type": "Seq Scan", "Parent Relationship": "Outer", "Parallel Aware": false, "Async Capable": false, "Relation Name": "info_type", "Alias": "it1", "Startup Cost": 0.0, "Total Cost": 2.41, "Plan Rows": 1, "Plan Width": 4, "Actual Rows": 1, "Actual Loops": 2, "Filter": "((info)::text = 'genres'::text)", "Rows Removed by Filter": 112, "Workers": []}]}]}, {"Node Type": "Hash", "Parent Relationship": "Inner", "Parallel Aware": true, "Async Capable": false, "Startup Cost": 45773.23, "Total Cost": 45773.23, "Plan Rows": 5, "Plan Width": 25, "Actual Rows": 308, "Actual Loops": 2, "Hash Buckets": 1024, "Original Hash Buckets": 1024, "Hash Batches": 1, "Original Hash Batches": 1, "Peak Memory Usage": 72, "Workers": [], "Plans": [{"Node Type": "Nested Loop", "Parent Relationship": "Outer", "Parallel Aware": false, "Async Capable": false, "Join Type": "Inner", "Startup Cost": 2853.3, "Total Cost": 45773.23, "Plan Rows": 5, "Plan Width": 25, "Actual Rows": 308, "Actual Loops": 2, "Inner Unique": true, "Workers": [], "Plans": [{"Node Type": "Hash Join", "Parent Relationship": "Outer", "Parallel Aware": false, "Async Capable": false, "Join Type": "Inner", "Startup Cost": 2852.88, "Total Cost": 45757.07, "Plan Rows": 33, "Plan Width": 4, "Actual Rows": 1228, "Actual Loops": 2, "Inner Unique": true, "Hash Cond": "(mk.keyword_id = k.id)", "Workers": [], "Plans": [{"Node Type": "Seq Scan", "Parent Relationship": "Outer", "Parallel Aware": true, "Async Capable": false, "Relation Name": "movie_keyword", "Alias": "mk", "Startup Cost": 0.0, "Total Cost": 39073.32, "Plan Rows": 1459332, "Plan Width": 8, "Actual Rows": 2261965, "Actual Loops": 2, "Workers": []}, {"Node Type": "Hash", "Parent Relationship": "Inner", "Parallel Aware": false, "Async Capable": false, "Startup Cost": 2852.84, "Total Cost": 2852.84, "Plan Rows": 3, "Plan Width": 4, "Actual Rows": 3, "Actual Loops": 2, "Hash Buckets": 1024, "Original Hash Buckets": 1024, "Hash Batches": 1, "Original Hash Batches": 1, "Peak Memory Usage": 9, "Workers": [], "Plans": [{"Node Type": "Seq Scan", "Parent Relationship": "Outer", "Parallel Aware": false, "Async Capable": false, "Relation Name": "keyword", "Alias": "k", "Startup Cost": 0.0, "Total Cost": 2852.84, "Plan Rows": 3, "Plan Width": 4, "Actual Rows": 3, "Actual Loops": 2, "Filter": "((keyword)::text = ANY ('{\"10,000-mile-club\",alienation,based-on-comic}'::text[]))", "Rows Removed by Filter": 134167, "Workers": []}]}]}, {"Node Type": "Index Scan", "Parent Relationship": "Inner", "Parallel Aware": false, "Async Capable": false, "Scan Direction": "Forward", "Index Name": "title_pkey", "Relation Name": "title", "Alias": "t", "Startup Cost": 0.43, "Total Cost": 0.49, "Plan Rows": 1, "Plan Width": 21, "Actual Rows": 0, "Actual Loops": 2455, "Index Cond": "(id = mk.movie_id)", "Rows Removed by Index Recheck": 0, "Filter": "(production_year <= 1972)", "Rows Removed by Filter": 1, "Workers": []}]}]}]}, {"Node Type": "Hash", "Parent Relationship": "Inner", "Parallel Aware": true, "Async Capable": false, "Startup Cost": 382086.01, "Total Cost": 382086.01, "Plan Rows": 267, "Plan Width": 25, "Actual Rows": 57970, "Actual Loops": 2, "Hash Buckets": 131072, "Original Hash Buckets": 2048, "Hash Batches": 1, "Original Hash Batches": 1, "Peak Memory Usage": 8784, "Workers": [], "Plans": [{"Node Type": "Hash Join", "Parent Relationship": "Outer", "Parallel Aware": true, "Async Capable": false, "Join Type": "Inner", "Startup Cost": 44769.67, "Total Cost": 382086.01, "Plan Rows": 267, "Plan Width": 25, "Actual Rows": 57970, "Actual Loops": 2, "Inner Unique": false, "Hash Cond": "(ci.movie_id = mi_idx.movie_id)", "Workers": [], "Plans": [{"Node Type": "Seq Scan", "Parent Relationship": "Outer", "Parallel Aware": true, "Async Capable": false, "Relation Name": "cast_info", "Alias": "ci", "Startup Cost": 0.0, "Total Cost": 335756.3, "Plan Rows": 415604, "Plan Width": 8, "Actual Rows": 1219183, "Actual Loops": 2, "Filter": "((note)::text = ANY ('{\"(executive producer)\",\"(head writer)\",(producer)}'::text[]))", "Rows Removed by Filter": 16902989, "Workers": []}, {"Node Type": "Hash", "Parent Relationship": "Inner", "Parallel Aware": true, "Async Capable": false, "Startup Cost": 44764.91, "Total Cost": 44764.91, "Plan Rows": 381, "Plan Width": 17, "Actual Rows": 19691, "Actual Loops": 2, "Hash Buckets": 65536, "Original Hash Buckets": 2048, "Hash Batches": 1, "Original Hash Batches": 1, "Peak Memory Usage": 2992, "Workers": [], "Plans": [{"Node Type": "Hash Join", "Parent Relationship": "Outer", "Parallel Aware": true, "Async Capable": false, "Join Type": "Inner", "Startup Cost": 15350.21, "Total Cost": 44764.91, "Plan Rows": 381, "Plan Width": 17, "Actual Rows": 19691, "Actual Loops": 2, "Inner Unique": false, "Hash Cond": "(mc.movie_id = mi_idx.movie_id)", "Workers": [], "Plans": [{"Node Type": "Seq Scan", "Parent Relationship": "Outer", "Parallel Aware": true, "Async Capable": false, "Relation Name": "movie_companies", "Alias": "mc", "Startup Cost": 0.0, "Total Cost": 29344.68, "Plan Rows": 18247, "Plan Width": 8, "Actual Rows": 28586, "Actual Loops": 2, "Filter": "((note)::text ~~ '%(2006)%'::text)", "Rows Removed by Filter": 1275978, "Workers": []}, {"Node Type": "Hash", "Parent Relationship": "Inner", "Parallel Aware": true, "Async Capable": false, "Startup Cost": 15286.6, "Total Cost": 15286.6, "Plan Rows": 5089, "Plan Width": 9, "Actual Rows": 229962, "Actual Loops": 2, "Hash Buckets": 524288, "Original Hash Buckets": 16384, "Hash Batches": 1, "Original Hash Batches": 1, "Peak Memory Usage": 26240, "Workers": [], "Plans": [{"Node Type": "Hash Join", "Parent Relationship": "Outer", "Parallel Aware": false, "Async Capable": false, "Join Type": "Inner", "Startup Cost": 2.43, "Total Cost": 15286.6, "Plan Rows": 5089, "Plan Width": 9, "Actual Rows": 229962, "Actual Loops": 2, "Inner Unique": true, "Hash Cond": "(mi_idx.info_type_id = it2.id)", "Workers": [], "Plans": [{"Node Type": "Seq Scan", "Parent Relationship": "Outer", "Parallel Aware": true, "Async Capable": false, "Relation Name": "movie_info_idx", "Alias": "mi_idx", "Startup Cost": 0.0, "Total Cost": 13718.15, "Plan Rows": 575015, "Plan Width": 13, "Actual Rows": 690018, "Actual Loops": 2, "Workers": []}, {"Node Type": "Hash", "Parent Relationship": "Inner", "Parallel Aware": false, "Async Capable": false, "Startup Cost": 2.41, "Total Cost": 2.41, "Plan Rows": 1, "Plan Width": 4, "Actual Rows": 1, "Actual Loops": 2, "Hash Buckets": 1024, "Original Hash Buckets": 1024, "Hash Batches": 1, "Original Hash Batches": 1, "Peak Memory Usage": 9, "Workers": [], "Plans": [{"Node Type": "Seq Scan", "Parent Relationship": "Outer", "Parallel Aware": false, "Async Capable": false, "Relation Name": "info_type", "Alias": "it2", "Startup Cost": 0.0, "Total Cost": 2.41, "Plan Rows": 1, "Plan Width": 4, "Actual Rows": 1, "Actual Loops": 2, "Filter": "((info)::text = 'votes'::text)", "Rows Removed by Filter": 112, "Workers": []}]}]}]}]}]}]}]}]}, {"Node Type": "Index Scan", "Parent Relationship": "Inner", "Parallel Aware": false, "Async Capable": false, "Scan Direction": "Forward", "Index Name": "name_pkey", "Relation Name": "name", "Alias": "n", "Startup Cost": 0.43, "Total Cost": 0.56, "Plan Rows": 1, "Plan Width": 19, "Actual Rows": 1, "Actual Loops": 17, "Index Cond": "(id = ci.person_id)", "Rows Removed by Index Recheck": 0, "Workers": []}]}]}]}]}]}]}, "Planning Time": 24.428, "Triggers": [], "Execution Time": 6386.339}, {"Plan": {"Node Type": "Aggregate", "Strategy": "Plain", "Partial Mode": "Finalize", "Parallel Aware": false, "Async Capable": false, "Startup Cost": 635310.39, "Total Cost": 635310.4, "Plan Rows": 1, "Plan Width": 128, "Actual Rows": 1, "Actual Loops": 1, "Plans": [{"Node Type": "Gather", "Parent Relationship": "Outer", "Parallel Aware": false, "Async Capable": false, "Startup Cost": 635309.83, "Total Cost": 635310.34, "Plan Rows": 5, "Plan Width": 128, "Actual Rows": 6, "Actual Loops": 1, "Workers Planned": 5, "Workers Launched": 5, "Single Copy": false, "Plans": [{"Node Type": "Aggregate", "Strategy": "Plain", "Partial Mode": "Partial", "Parent Relationship": "Outer", "Parallel Aware": false, "Async Capable": false, "Startup Cost": 634309.83, "Total Cost": 634309.84, "Plan Rows": 1, "Plan Width": 128, "Actual Rows": 1, "Actual Loops": 6, "Workers": [], "Plans": [{"Node Type": "Hash Join", "Parent Relationship": "Outer", "Parallel Aware": true, "Async Capable": false, "Join Type": "Inner", "Startup Cost": 428105.78, "Total Cost": 634309.82, "Plan Rows": 1, "Plan Width": 80, "Actual Rows": 1, "Actual Loops": 6, "Inner Unique": false, "Hash Cond": "(mi.movie_id = t.id)", "Workers": [], "Plans": [{"Node Type": "Nested Loop", "Parent Relationship": "Outer", "Parallel Aware": false, "Async Capable": false, "Join Type": "Inner", "Startup Cost": 383075.77, "Total Cost": 589279.8, "Plan Rows": 1, "Plan Width": 70, "Actual Rows": 381, "Actual Loops": 6, "Inner Unique": true, "Workers": [], "Plans": [{"Node Type": "Hash Join", "Parent Relationship": "Outer", "Parallel Aware": true, "Async Capable": false, "Join Type": "Inner", "Startup Cost": 383075.34, "Total Cost": 589279.24, "Plan Rows": 1, "Plan Width": 59, "Actual Rows": 381, "Actual Loops": 6, "Inner Unique": false, "Hash Cond": "(mi.movie_id = ci.movie_id)", "Workers": [], "Plans": [{"Node Type": "Hash Join", "Parent Relationship": "Outer", "Parallel Aware": false, "Async Capable": false, "Join Type": "Inner", "Startup Cost": 2.43, "Total Cost": 206205.55, "Plan Rows": 151, "Plan Width": 47, "Actual Rows": 13571, "Actual Loops": 6, "Inner Unique": true, "Hash Cond": "(mi.info_type_id = it1.id)", "Workers": [], "Plans": [{"Node Type": "Seq Scan", "Parent Relationship": "Outer", "Parallel Aware": true, "Async Capable": false, "Relation Name": "movie_info", "Alias": "mi", "Startup Cost": 0.0, "Total Cost": 206156.59, "Plan Rows": 17087, "Plan Width": 51, "Actual Rows": 14091, "Actual Loops": 6, "Filter": "((info)::text = ANY ('{Action,American,Bulgaria,Crime}'::text[]))", "Rows Removed by Filter": 2458529, "Workers": []}, {"Node Type": "Hash", "Parent Relationship": "Inner", "Parallel Aware": false, "Async Capable": false, "Startup Cost": 2.41, "Total Cost": 2.41, "Plan Rows": 1, "Plan Width": 4, "Actual Rows": 1, "Actual Loops": 6, "Hash Buckets": 1024, "Original Hash Buckets": 1024, "Hash Batches": 1, "Original Hash Batches": 1, "Peak Memory Usage": 9, "Workers": [], "Plans": [{"Node Type": "Seq Scan", "Parent Relationship": "Outer", "Parallel Aware": false, "Async Capable": false, "Relation Name": "info_type", "Alias": "it1", "Startup Cost": 0.0, "Total Cost": 2.41, "Plan Rows": 1, "Plan Width": 4, "Actual Rows": 1, "Actual Loops": 6, "Filter": "((info)::text = 'genres'::text)", "Rows Removed by Filter": 112, "Workers": []}]}]}, {"Node Type": "Hash", "Parent Relationship": "Inner", "Parallel Aware": true, "Async Capable": false, "Startup Cost": 383072.42, "Total Cost": 383072.42, "Plan Rows": 40, "Plan Width": 12, "Actual Rows": 657, "Actual Loops": 6, "Hash Buckets": 4096, "Original Hash Buckets": 1024, "Hash Batches": 1, "Original Hash Batches": 1, "Peak Memory Usage": 312, "Workers": [], "Plans": [{"Node Type": "Hash Join", "Parent Relationship": "Outer", "Parallel Aware": true, "Async Capable": false, "Join Type": "Inner", "Startup Cost": 45757.48, "Total Cost": 383072.42, "Plan Rows": 40, "Plan Width": 12, "Actual Rows": 657, "Actual Loops": 6, "Inner Unique": false, "Hash Cond": "(ci.movie_id = mk.movie_id)", "Workers": [], "Plans": [{"Node Type": "Seq Scan", "Parent Relationship": "Outer", "Parallel Aware": true, "Async Capable": false, "Relation Name": "cast_info", "Alias": "ci", "Startup Cost": 0.0, "Total Cost": 335756.3, "Plan Rows": 415604, "Plan Width": 8, "Actual Rows": 406394, "Actual Loops": 6, "Filter": "((note)::text = ANY ('{\"(executive producer)\",\"(head writer)\",(producer)}'::text[]))", "Rows Removed by Filter": 5634330, "Workers": []}, {"Node Type": "Hash", "Parent Relationship": "Inner", "Parallel Aware": true, "Async Capable": false, "Startup Cost": 45757.07, "Total Cost": 45757.07, "Plan Rows": 33, "Plan Width": 4, "Actual Rows": 409, "Actual Loops": 6, "Hash Buckets": 1024, "Original Hash Buckets": 1024, "Hash Batches": 1, "Original Hash Batches": 1, "Peak Memory Usage": 200, "Workers": [], "Plans": [{"Node Type": "Hash Join", "Parent Relationship": "Outer", "Parallel Aware": false, "Async Capable": false, "Join Type": "Inner", "Startup Cost": 2852.88, "Total Cost": 45757.07, "Plan Rows": 33, "Plan Width": 4, "Actual Rows": 409, "Actual Loops": 6, "Inner Unique": true, "Hash Cond": "(mk.keyword_id = k.id)", "Workers": [], "Plans": [{"Node Type": "Seq Scan", "Parent Relationship": "Outer", "Parallel Aware": true, "Async Capable": false, "Relation Name": "movie_keyword", "Alias": "mk", "Startup Cost": 0.0, "Total Cost": 39073.32, "Plan Rows": 1459332, "Plan Width": 8, "Actual Rows": 753988, "Actual Loops": 6, "Workers": []}, {"Node Type": "Hash", "Parent Relationship": "Inner", "Parallel Aware": false, "Async Capable": false, "Startup Cost": 2852.84, "Total Cost": 2852.84, "Plan Rows": 3, "Plan Width": 4, "Actual Rows": 3, "Actual Loops": 6, "Hash Buckets": 1024, "Original Hash Buckets": 1024, "Hash Batches": 1, "Original Hash Batches": 1, "Peak Memory Usage": 9, "Workers": [], "Plans": [{"Node Type": "Seq Scan", "Parent Relationship": "Outer", "Parallel Aware": false, "Async Capable": false, "Relation Name": "keyword", "Alias": "k", "Startup Cost": 0.0, "Total Cost": 2852.84, "Plan Rows": 3, "Plan Width": 4, "Actual Rows": 3, "Actual Loops": 6, "Filter": "((keyword)::text = ANY ('{\"10,000-mile-club\",alienation,based-on-comic}'::text[]))", "Rows Removed by Filter": 134167, "Workers": []}]}]}]}]}]}]}, {"Node Type": "Index Scan", "Parent Relationship": "Inner", "Parallel Aware": false, "Async Capable": false, "Scan Direction": "Forward", "Index Name": "name_pkey", "Relation Name": "name", "Alias": "n", "Startup Cost": 0.43, "Total Cost": 0.56, "Plan Rows": 1, "Plan Width": 19, "Actual Rows": 1, "Actual Loops": 2286, "Index Cond": "(id = ci.person_id)", "Rows Removed by Index Recheck": 0, "Workers": []}]}, {"Node Type": "Hash", "Parent Relationship": "Inner", "Parallel Aware": true, "Async Capable": false, "Startup Cost": 45029.83, "Total Cost": 45029.83, "Plan Rows": 14, "Plan Width": 34, "Actual Rows": 88, "Actual Loops": 6, "Hash Buckets": 1024, "Original Hash Buckets": 1024, "Hash Batches": 1, "Original Hash Batches": 1, "Peak Memory Usage": 200, "Workers": [], "Plans": [{"Node Type": "Nested Loop", "Parent Relationship": "Outer", "Parallel Aware": false, "Async Capable": false, "Join Type": "Inner", "Startup Cost": 15351.06, "Total Cost": 45029.83, "Plan Rows": 14, "Plan Width": 34, "Actual Rows": 88, "Actual Loops": 6, "Inner Unique": true, "Workers": [], "Plans": [{"Node Type": "Nested Loop", "Parent Relationship": "Outer", "Parallel Aware": false, "Async Capable": false, "Join Type": "Inner", "Startup Cost": 15350.64, "Total Cost": 44986.07, "Plan Rows": 61, "Plan Width": 38, "Actual Rows": 756, "Actual Loops": 6, "Inner Unique": true, "Workers": [], "Plans": [{"Node Type": "Hash Join", "Parent Relationship": "Outer", "Parallel Aware": true, "Async Capable": false, "Join Type": "Inner", "Startup Cost": 15350.21, "Total Cost": 44764.91, "Plan Rows": 381, "Plan Width": 17, "Actual Rows": 6564, "Actual Loops": 6, "Inner Unique": false, "Hash Cond": "(mc.movie_id = mi_idx.movie_id)", "Workers": [], "Plans": [{"Node Type": "Seq Scan", "Parent Relationship": "Outer", "Parallel Aware": true, "Async Capable": false, "Relation Name": "movie_companies", "Alias": "mc", "Startup Cost": 0.0, "Total Cost": 29344.68, "Plan Rows": 18247, "Plan Width": 8, "Actual Rows": 9529, "Actual Loops": 6, "Filter": "((note)::text ~~ '%(2006)%'::text)", "Rows Removed by Filter": 425326, "Workers": []}, {"Node Type": "Hash", "Parent Relationship": "Inner", "Parallel Aware": true, "Async Capable": false, "Startup Cost": 15286.6, "Total Cost": 15286.6, "Plan Rows": 5089, "Plan Width": 9, "Actual Rows": 76654, "Actual Loops": 6, "Hash Buckets": 524288, "Original Hash Buckets": 16384, "Hash Batches": 1, "Original Hash Batches": 1, "Peak Memory Usage": 26336, "Workers": [], "Plans": [{"Node Type": "Hash Join", "Parent Relationship": "Outer", "Parallel Aware": false, "Async Capable": false, "Join Type": "Inner", "Startup Cost": 2.43, "Total Cost": 15286.6, "Plan Rows": 5089, "Plan Width": 9, "Actual Rows": 76654, "Actual Loops": 6, "Inner Unique": true, "Hash Cond": "(mi_idx.info_type_id = it2.id)", "Workers": [], "Plans": [{"Node Type": "Seq Scan", "Parent Relationship": "Outer", "Parallel Aware": true, "Async Capable": false, "Relation Name": "movie_info_idx", "Alias": "mi_idx", "Startup Cost": 0.0, "Total Cost": 13718.15, "Plan Rows": 575015, "Plan Width": 13, "Actual Rows": 230006, "Actual Loops": 6, "Workers": []}, {"Node Type": "Hash", "Parent Relationship": "Inner", "Parallel Aware": false, "Async Capable": false, "Startup Cost": 2.41, "Total Cost": 2.41, "Plan Rows": 1, "Plan Width": 4, "Actual Rows": 1, "Actual Loops": 6, "Hash Buckets": 1024, "Original Hash Buckets": 1024, "Hash Batches": 1, "Original Hash Batches": 1, "Peak Memory Usage": 9, "Workers": [], "Plans": [{"Node Type": "Seq Scan", "Parent Relationship": "Outer", "Parallel Aware": false, "Async Capable": false, "Relation Name": "info_type", "Alias": "it2", "Startup Cost": 0.0, "Total Cost": 2.41, "Plan Rows": 1, "Plan Width": 4, "Actual Rows": 1, "Actual Loops": 6, "Filter": "((info)::text = 'votes'::text)", "Rows Removed by Filter": 112, "Workers": []}]}]}]}]}, {"Node Type": "Index Scan", "Parent Relationship": "Inner", "Parallel Aware": false, "Async Capable": false, "Scan Direction": "Forward", "Index Name": "title_pkey", "Relation Name": "title", "Alias": "t", "Startup Cost": 0.43, "Total Cost": 0.58, "Plan Rows": 1, "Plan Width": 21, "Actual Rows": 0, "Actual Loops": 39382, "Index Cond": "(id = mi_idx.movie_id)", "Rows Removed by Index Recheck": 0, "Filter": "(production_year <= 1972)", "Rows Removed by Filter": 1, "Workers": []}]}, {"Node Type": "Index Scan", "Parent Relationship": "Inner", "Parallel Aware": false, "Async Capable": false, "Scan Direction": "Forward", "Index Name": "company_name_pkey", "Relation Name": "company_name", "Alias": "cn", "Startup Cost": 0.42, "Total Cost": 0.72, "Plan Rows": 1, "Plan Width": 4, "Actual Rows": 0, "Actual Loops": 4536, "Index Cond": "(id = mc.company_id)", "Rows Removed by Index Recheck": 0, "Filter": "((name)::text ~~ '%Film%'::text)", "Rows Removed by Filter": 1, "Workers": []}]}]}]}]}]}]}, "Planning Time": 24.132, "Triggers": [], "Execution Time": 1834.671}, {"Plan": {"Node Type": "Aggregate", "Strategy": "Plain", "Partial Mode": "Simple", "Parallel Aware": false, "Async Capable": false, "Startup Cost": 705206.32, "Total Cost": 705206.33, "Plan Rows": 1, "Plan Width": 128, "Actual Rows": 1, "Actual Loops": 1, "Plans": [{"Node Type": "Gather", "Parent Relationship": "Outer", "Parallel Aware": false, "Async Capable": false, "Startup Cost": 635224.45, "Total Cost": 705206.31, "Plan Rows": 1, "Plan Width": 80, "Actual Rows": 6, "Actual Loops": 1, "Workers Planned": 4, "Workers Launched": 4, "Single Copy": false, "Plans": [{"Node Type": "Hash Join", "Parent Relationship": "Outer", "Parallel Aware": true, "Async Capable": false, "Join Type": "Inner", "Startup Cost": 634224.45, "Total Cost": 704206.21, "Plan Rows": 1, "Plan Width": 80, "Actual Rows": 1, "Actual Loops": 5, "Inner Unique": false, "Hash Cond": "(n.id = ci.person_id)", "Workers": [], "Plans": [{"Node Type": "Seq Scan", "Parent Relationship": "Outer", "Parallel Aware": true, "Async Capable": false, "Relation Name": "name", "Alias": "n", "Startup Cost": 0.0, "Total Cost": 66074.73, "Plan Rows": 1041873, "Plan Width": 19, "Actual Rows": 833498, "Actual Loops": 5, "Workers": []}, {"Node Type": "Hash", "Parent Relationship": "Inner", "Parallel Aware": true, "Async Capable": false, "Startup Cost": 634224.44, "Total Cost": 634224.44, "Plan Rows": 1, "Plan Width": 69, "Actual Rows": 1, "Actual Loops": 5, "Hash Buckets": 1024, "Original Hash Buckets": 1024, "Hash Batches": 1, "Original Hash Batches": 1, "Peak Memory Usage": 72, "Workers": [], "Plans": [{"Node Type": "Hash Join", "Parent Relationship": "Outer", "Parallel Aware": true, "Async Capable": false, "Join Type": "Inner", "Startup Cost": 591320.07, "Total Cost": 634224.44, "Plan Rows": 1, "Plan Width": 69, "Actual Rows": 1, "Actual Loops": 5, "Inner Unique": false, "Hash Cond": "(t.id = mi.movie_id)", "Workers": [], "Plans": [{"Node Type": "Hash Join", "Parent Relationship": "Outer", "Parallel Aware": true, "Async Capable": false, "Join Type": "Inner", "Startup Cost": 385112.63, "Total Cost": 428016.95, "Plan Rows": 1, "Plan Width": 46, "Actual Rows": 2, "Actual Loops": 5, "Inner Unique": false, "Hash Cond": "(mk.movie_id = t.id)", "Workers": [], "Plans": [{"Node Type": "Hash Join", "Parent Relationship": "Outer", "Parallel Aware": false, "Async Capable": false, "Join Type": "Inner", "Startup Cost": 2852.88, "Total Cost": 45757.07, "Plan Rows": 33, "Plan Width": 4, "Actual Rows": 491, "Actual Loops": 5, "Inner Unique": true, "Hash Cond": "(mk.keyword_id = k.id)", "Workers": [], "Plans": [{"Node Type": "Seq Scan", "Parent Relationship": "Outer", "Parallel Aware": true, "Async Capable": false, "Relation Name": "movie_keyword", "Alias": "mk", "Startup Cost": 0.0, "Total Cost": 39073.32, "Plan Rows": 1459332, "Plan Width": 8, "Actual Rows": 904786, "Actual Loops": 5, "Workers": []}, {"Node Type": "Hash", "Parent Relationship": "Inner", "Parallel Aware": false, "Async Capable": false, "Startup Cost": 2852.84, "Total Cost": 2852.84, "Plan Rows": 3, "Plan Width": 4, "Actual Rows": 3, "Actual Loops": 5, "Hash Buckets": 1024, "Original Hash Buckets": 1024, "Hash Batches": 1, "Original Hash Batches": 1, "Peak Memory Usage": 9, "Workers": [], "Plans": [{"Node Type": "Seq Scan", "Parent Relationship": "Outer", "Parallel Aware": false, "Async Capable": false, "Relation Name": "keyword", "Alias": "k", "Startup Cost": 0.0, "Total Cost": 2852.84, "Plan Rows": 3, "Plan Width": 4, "Actual Rows": 3, "Actual Loops": 5, "Filter": "((keyword)::text = ANY ('{\"10,000-mile-club\",alienation,based-on-comic}'::text[]))", "Rows Removed by Filter": 134167, "Workers": []}]}]}, {"Node Type": "Hash", "Parent Relationship": "Inner", "Parallel Aware": true, "Async Capable": false, "Startup Cost": 382259.63, "Total Cost": 382259.63, "Plan Rows": 10, "Plan Width": 42, "Actual Rows": 97, "Actual Loops": 5, "Hash Buckets": 1024, "Original Hash Buckets": 1024, "Hash Batches": 1, "Original Hash Batches": 1, "Peak Memory Usage": 168, "Workers": [], "Plans": [{"Node Type": "Nested Loop", "Parent Relationship": "Outer", "Parallel Aware": false, "Async Capable": false, "Join Type": "Inner", "Startup Cost": 44770.52, "Total Cost": 382259.63, "Plan Rows": 10, "Plan Width": 42, "Actual Rows": 97, "Actual Loops": 5, "Inner Unique": true, "Workers": [], "Plans": [{"Node Type": "Nested Loop", "Parent Relationship": "Outer", "Parallel Aware": false, "Async Capable": false, "Join Type": "Inner", "Startup Cost": 44770.1, "Total Cost": 382228.78, "Plan Rows": 43, "Plan Width": 46, "Actual Rows": 838, "Actual Loops": 5, "Inner Unique": true, "Join Filter": "(t.id = mi_idx.movie_id)", "Rows Removed by Join Filter": 0, "Workers": [], "Plans": [{"Node Type": "Hash Join", "Parent Relationship": "Outer", "Parallel Aware": true, "Async Capable": false, "Join Type": "Inner", "Startup Cost": 44769.67, "Total Cost": 382086.01, "Plan Rows": 267, "Plan Width": 25, "Actual Rows": 23188, "Actual Loops": 5, "Inner Unique": false, "Hash Cond": "(ci.movie_id = mi_idx.movie_id)", "Workers": [], "Plans": [{"Node Type": "Seq Scan", "Parent Relationship": "Outer", "Parallel Aware": true, "Async Capable": false, "Relation Name": "cast_info", "Alias": "ci", "Startup Cost": 0.0, "Total Cost": 335756.3, "Plan Rows": 415604, "Plan Width": 8, "Actual Rows": 487673, "Actual Loops": 5, "Filter": "((note)::text = ANY ('{\"(executive producer)\",\"(head writer)\",(producer)}'::text[]))", "Rows Removed by Filter": 6761196, "Workers": []}, {"Node Type": "Hash", "Parent Relationship": "Inner", "Parallel Aware": true, "Async Capable": false, "Startup Cost": 44764.91, "Total Cost": 44764.91, "Plan Rows": 381, "Plan Width": 17, "Actual Rows": 7876, "Actual Loops": 5, "Hash Buckets": 65536, "Original Hash Buckets": 2048, "Hash Batches": 1, "Original Hash Batches": 1, "Peak Memory Usage": 3024, "Workers": [], "Plans": [{"Node Type": "Hash Join", "Parent Relationship": "Outer", "Parallel Aware": true, "Async Capable": false, "Join Type": "Inner", "Startup Cost": 15350.21, "Total Cost": 44764.91, "Plan Rows": 381, "Plan Width": 17, "Actual Rows": 7876, "Actual Loops": 5, "Inner Unique": false, "Hash Cond": "(mc.movie_id = mi_idx.movie_id)", "Workers": [], "Plans": [{"Node Type": "Seq Scan", "Parent Relationship": "Outer", "Parallel Aware": true, "Async Capable": false, "Relation Name": "movie_companies", "Alias": "mc", "Startup Cost": 0.0, "Total Cost": 29344.68, "Plan Rows": 18247, "Plan Width": 8, "Actual Rows": 11435, "Actual Loops": 5, "Filter": "((note)::text ~~ '%(2006)%'::text)", "Rows Removed by Filter": 510391, "Workers": []}, {"Node Type": "Hash", "Parent Relationship": "Inner", "Parallel Aware": true, "Async Capable": false, "Startup Cost": 15286.6, "Total Cost": 15286.6, "Plan Rows": 5089, "Plan Width": 9, "Actual Rows": 91985, "Actual Loops": 5, "Hash Buckets": 524288, "Original Hash Buckets": 16384, "Hash Batches": 1, "Original Hash Batches": 1, "Peak Memory Usage": 26304, "Workers": [], "Plans": [{"Node Type": "Hash Join", "Parent Relationship": "Outer", "Parallel Aware": false, "Async Capable": false, "Join Type": "Inner", "Startup Cost": 2.43, "Total Cost": 15286.6, "Plan Rows": 5089, "Plan Width": 9, "Actual Rows": 91985, "Actual Loops": 5, "Inner Unique": true, "Hash Cond": "(mi_idx.info_type_id = it2.id)", "Workers": [], "Plans": [{"Node Type": "Seq Scan", "Parent Relationship": "Outer", "Parallel Aware": true, "Async Capable": false, "Relation Name": "movie_info_idx", "Alias": "mi_idx", "Startup Cost": 0.0, "Total Cost": 13718.15, "Plan Rows": 575015, "Plan Width": 13, "Actual Rows": 276007, "Actual Loops": 5, "Workers": []}, {"Node Type": "Hash", "Parent Relationship": "Inner", "Parallel Aware": false, "Async Capable": false, "Startup Cost": 2.41, "Total Cost": 2.41, "Plan Rows": 1, "Plan Width": 4, "Actual Rows": 1, "Actual Loops": 5, "Hash Buckets": 1024, "Original Hash Buckets": 1024, "Hash Batches": 1, "Original Hash Batches": 1, "Peak Memory Usage": 9, "Workers": [], "Plans": [{"Node Type": "Seq Scan", "Parent Relationship": "Outer", "Parallel Aware": false, "Async Capable": false, "Relation Name": "info_type", "Alias": "it2", "Startup Cost": 0.0, "Total Cost": 2.41, "Plan Rows": 1, "Plan Width": 4, "Actual Rows": 1, "Actual Loops": 5, "Filter": "((info)::text = 'votes'::text)", "Rows Removed by Filter": 112, "Workers": []}]}]}]}]}]}]}, {"Node Type": "Index Scan", "Parent Relationship": "Inner", "Parallel Aware": false, "Async Capable": false, "Scan Direction": "Forward", "Index Name": "title_pkey", "Relation Name": "title", "Alias": "t", "Startup Cost": 0.43, "Total Cost": 0.52, "Plan Rows": 1, "Plan Width": 21, "Actual Rows": 0, "Actual Loops": 115941, "Index Cond": "(id = ci.movie_id)", "Rows Removed by Index Recheck": 0, "Filter": "(production_year <= 1972)", "Rows Removed by Filter": 1, "Workers": []}]}, {"Node Type": "Index Scan", "Parent Relationship": "Inner", "Parallel Aware": false, "Async Capable": false, "Scan Direction": "Forward", "Index Name": "company_name_pkey", "Relation Name": "company_name", "Alias": "cn", "Startup Cost": 0.42, "Total Cost": 0.72, "Plan Rows": 1, "Plan Width": 4, "Actual Rows": 0, "Actual Loops": 4189, "Index Cond": "(id = mc.company_id)", "Rows Removed by Index Recheck": 0, "Filter": "((name)::text ~~ '%Film%'::text)", "Rows Removed by Filter": 1, "Workers": []}]}]}]}, {"Node Type": "Hash", "Parent Relationship": "Inner", "Parallel Aware": true, "Async Capable": false, "Startup Cost": 206205.55, "Total Cost": 206205.55, "Plan Rows": 151, "Plan Width": 47, "Actual Rows": 16285, "Actual Loops": 5, "Hash Buckets": 131072, "Original Hash Buckets": 1024, "Hash Batches": 1, "Original Hash Batches": 1, "Peak Memory Usage": 5912, "Workers": [], "Plans": [{"Node Type": "Hash Join", "Parent Relationship": "Outer", "Parallel Aware": false, "Async Capable": false, "Join Type": "Inner", "Startup Cost": 2.43, "Total Cost": 206205.55, "Plan Rows": 151, "Plan Width": 47, "Actual Rows": 16285, "Actual Loops": 5, "Inner Unique": true, "Hash Cond": "(mi.info_type_id = it1.id)", "Workers": [], "Plans": [{"Node Type": "Seq Scan", "Parent Relationship": "Outer", "Parallel Aware": true, "Async Capable": false, "Relation Name": "movie_info", "Alias": "mi", "Startup Cost": 0.0, "Total Cost": 206156.59, "Plan Rows": 17087, "Plan Width": 51, "Actual Rows": 16909, "Actual Loops": 5, "Filter": "((info)::text = ANY ('{Action,American,Bulgaria,Crime}'::text[]))", "Rows Removed by Filter": 2950235, "Workers": []}, {"Node Type": "Hash", "Parent Relationship": "Inner", "Parallel Aware": false, "Async Capable": false, "Startup Cost": 2.41, "Total Cost": 2.41, "Plan Rows": 1, "Plan Width": 4, "Actual Rows": 1, "Actual Loops": 5, "Hash Buckets": 1024, "Original Hash Buckets": 1024, "Hash Batches": 1, "Original Hash Batches": 1, "Peak Memory Usage": 9, "Workers": [], "Plans": [{"Node Type": "Seq Scan", "Parent Relationship": "Outer", "Parallel Aware": false, "Async Capable": false, "Relation Name": "info_type", "Alias": "it1", "Startup Cost": 0.0, "Total Cost": 2.41, "Plan Rows": 1, "Plan Width": 4, "Actual Rows": 1, "Actual Loops": 5, "Filter": "((info)::text = 'genres'::text)", "Rows Removed by Filter": 112, "Workers": []}]}]}]}]}]}]}]}]}, "Planning Time": 23.008, "Triggers": [], "Execution Time": 2467.519}, {"Plan": {"Node Type": "Aggregate", "Strategy": "Plain", "Partial Mode": "Finalize", "Parallel Aware": false, "Async Capable": false, "Startup Cost": 637260.3, "Total Cost": 637260.31, "Plan Rows": 1, "Plan Width": 128, "Actual Rows": 1, "Actual Loops": 1, "Plans": [{"Node Type": "Gather", "Parent Relationship": "Outer", "Parallel Aware": false, "Async Capable": false, "Startup Cost": 637259.63, "Total Cost": 637260.24, "Plan Rows": 6, "Plan Width": 128, "Actual Rows": 7, "Actual Loops": 1, "Workers Planned": 6, "Workers Launched": 6, "Single Copy": false, "Plans": [{"Node Type": "Aggregate", "Strategy": "Plain", "Partial Mode": "Partial", "Parent Relationship": "Outer", "Parallel Aware": false, "Async Capable": false, "Startup Cost": 636259.63, "Total Cost": 636259.64, "Plan Rows": 1, "Plan Width": 128, "Actual Rows": 1, "Actual Loops": 7, "Workers": [], "Plans": [{"Node Type": "Hash Join", "Parent Relationship": "Outer", "Parallel Aware": true, "Async Capable": false, "Join Type": "Inner", "Startup Cost": 296161.65, "Total Cost": 636259.62, "Plan Rows": 1, "Plan Width": 80, "Actual Rows": 1, "Actual Loops": 7, "Inner Unique": false, "Hash Cond": "(mi_idx.movie_id = t.id)", "Workers": [], "Plans": [{"Node Type": "Nested Loop", "Parent Relationship": "Outer", "Parallel Aware": false, "Async Capable": false, "Join Type": "Inner", "Startup Cost": 15350.64, "Total Cost": 355430.24, "Plan Rows": 4894, "Plan Width": 28, "Actual Rows": 123380, "Actual Loops": 7, "Inner Unique": true, "Workers": [], "Plans": [{"Node Type": "Hash Join", "Parent Relationship": "Outer", "Parallel Aware": true, "Async Capable": false, "Join Type": "Inner", "Startup Cost": 15350.21, "Total Cost": 352685.41, "Plan Rows": 4894, "Plan Width": 17, "Actual Rows": 123380, "Actual Loops": 7, "Inner Unique": false, "Hash Cond": "(ci.movie_id = mi_idx.movie_id)", "Workers": [], "Plans": [{"Node Type": "Seq Scan", "Parent Relationship": "Outer", "Parallel Aware": true, "Async Capable": false, "Relation Name": "cast_info", "Alias": "ci", "Startup Cost": 0.0, "Total Cost": 335756.3, "Plan Rows": 415604, "Plan Width": 8, "Actual Rows": 348338, "Actual Loops": 7, "Filter": "((note)::text = ANY ('{\"(executive producer)\",\"(head writer)\",(producer)}'::text[]))", "Rows Removed by Filter": 4829425, "Workers": []}, {"Node Type": "Hash", "Parent Relationship": "Inner", "Parallel Aware": true, "Async Capable": false, "Startup Cost": 15286.6, "Total Cost": 15286.6, "Plan Rows": 5089, "Plan Width": 9, "Actual Rows": 65704, "Actual Loops": 7, "Hash Buckets": 524288, "Original Hash Buckets": 16384, "Hash Batches": 1, "Original Hash Batches": 1, "Peak Memory Usage": 26368, "Workers": [], "Plans": [{"Node Type": "Hash Join", "Parent Relationship": "Outer", "Parallel Aware": false, "Async Capable": false, "Join Type": "Inner", "Startup Cost": 2.43, "Total Cost": 15286.6, "Plan Rows": 5089, "Plan Width": 9, "Actual Rows": 65704, "Actual Loops": 7, "Inner Unique": true, "Hash Cond": "(mi_idx.info_type_id = it2.id)", "Workers": [], "Plans": [{"Node Type": "Seq Scan", "Parent Relationship": "Outer", "Parallel Aware": true, "Async Capable": false, "Relation Name": "movie_info_idx", "Alias": "mi_idx", "Startup Cost": 0.0, "Total Cost": 13718.15, "Plan Rows": 575015, "Plan Width": 13, "Actual Rows": 197148, "Actual Loops": 7, "Workers": []}, {"Node Type": "Hash", "Parent Relationship": "Inner", "Parallel Aware": false, "Async Capable": false, "Startup Cost": 2.41, "Total Cost": 2.41, "Plan Rows": 1, "Plan Width": 4, "Actual Rows": 1, "Actual Loops": 7, "Hash Buckets": 1024, "Original Hash Buckets": 1024, "Hash Batches": 1, "Original Hash Batches": 1, "Peak Memory Usage": 9, "Workers": [], "Plans": [{"Node Type": "Seq Scan", "Parent Relationship": "Outer", "Parallel Aware": false, "Async Capable": false, "Relation Name": "info_type", "Alias": "it2", "Startup Cost": 0.0, "Total Cost": 2.41, "Plan Rows": 1, "Plan Width": 4, "Actual Rows": 1, "Actual Loops": 7, "Filter": "((info)::text = 'votes'::text)", "Rows Removed by Filter": 112, "Workers": []}]}]}]}]}, {"Node Type": "Index Scan", "Parent Relationship": "Inner", "Parallel Aware": false, "Async Capable": false, "Scan Direction": "Forward", "Index Name": "name_pkey", "Relation Name": "name", "Alias": "n", "Startup Cost": 0.43, "Total Cost": 0.56, "Plan Rows": 1, "Plan Width": 19, "Actual Rows": 1, "Actual Loops": 863658, "Index Cond": "(id = ci.person_id)", "Rows Removed by Index Recheck": 0, "Workers": []}]}, {"Node Type": "Hash", "Parent Relationship": "Inner", "Parallel Aware": true, "Async Capable": false, "Startup Cost": 280811.0, "Total Cost": 280811.0, "Plan Rows": 1, "Plan Width": 76, "Actual Rows": 1, "Actual Loops": 7, "Hash Buckets": 1024, "Original Hash Buckets": 1024, "Hash Batches": 1, "Original Hash Batches": 1, "Peak Memory Usage": 136, "Workers": [], "Plans": [{"Node Type": "Nested Loop", "Parent Relationship": "Outer", "Parallel Aware": false, "Async Capable": false, "Join Type": "Inner", "Startup Cost": 236251.68, "Total Cost": 280811.0, "Plan Rows": 1, "Plan Width": 76, "Actual Rows": 1, "Actual Loops": 7, "Inner Unique": true, "Join Filter": "(t.id = mi.movie_id)", "Rows Removed by Join Filter": 0, "Workers": [], "Plans": [{"Node Type": "Nested Loop", "Parent Relationship": "Outer", "Parallel Aware": false, "Async Capable": false, "Join Type": "Inner", "Startup Cost": 236251.25, "Total Cost": 280810.49, "Plan Rows": 1, "Plan Width": 55, "Actual Rows": 7, "Actual Loops": 7, "Inner Unique": true, "Workers": [], "Plans": [{"Node Type": "Hash Join", "Parent Relationship": "Outer", "Parallel Aware": true, "Async Capable": false, "Join Type": "Inner", "Startup Cost": 236250.83, "Total Cost": 280796.76, "Plan Rows": 31, "Plan Width": 59, "Actual Rows": 12957, "Actual Loops": 7, "Inner Unique": false, "Hash Cond": "(mk.movie_id = mi.movie_id)", "Workers": [], "Plans": [{"Node Type": "Seq Scan", "Parent Relationship": "Outer", "Parallel Aware": true, "Async Capable": false, "Relation Name": "movie_keyword", "Alias": "mk", "Startup Cost": 0.0, "Total Cost": 39073.32, "Plan Rows": 1459332, "Plan Width": 8, "Actual Rows": 646276, "Actual Loops": 7, "Workers": []}, {"Node Type": "Hash", "Parent Relationship": "Inner", "Parallel Aware": true, "Async Capable": false, "Startup Cost": 236250.77, "Total Cost": 236250.77, "Plan Rows": 5, "Plan Width": 51, "Actual Rows": 189, "Actual Loops": 7, "Hash Buckets": 1024, "Original Hash Buckets": 1024, "Hash Batches": 1, "Original Hash Batches": 1, "Peak Memory Usage": 232, "Workers": [], "Plans": [{"Node Type": "Nested Loop", "Parent Relationship": "Outer", "Parallel Aware": false, "Async Capable": false, "Join Type": "Inner", "Startup Cost": 206207.86, "Total Cost": 236250.77, "Plan Rows": 5, "Plan Width": 51, "Actual Rows": 189, "Actual Loops": 7, "Inner Unique": true, "Workers": [], "Plans": [{"Node Type": "Hash Join", "Parent Relationship": "Outer", "Parallel Aware": true, "Async Capable": false, "Join Type": "Inner", "Startup Cost": 206207.44, "Total Cost": 236236.42, "Plan Rows": 20, "Plan Width": 55, "Actual Rows": 1204, "Actual Loops": 7, "Inner Unique": false, "Hash Cond": "(mc.movie_id = mi.movie_id)", "Workers": [], "Plans": [{"Node Type": "Seq Scan", "Parent Relationship": "Outer", "Parallel Aware": true, "Async Capable": false, "Relation Name": "movie_companies", "Alias": "mc", "Startup Cost": 0.0, "Total Cost": 29344.68, "Plan Rows": 18247, "Plan Width": 8, "Actual Rows": 8168, "Actual Loops": 7, "Filter": "((note)::text ~~ '%(2006)%'::text)", "Rows Removed by Filter": 364565, "Workers": []}, {"Node Type": "Hash", "Parent Relationship": "Inner", "Parallel Aware": true, "Async Capable": false, "Startup Cost": 206205.55, "Total Cost": 206205.55, "Plan Rows": 151, "Plan Width": 47, "Actual Rows": 11632, "Actual Loops": 7, "Hash Buckets": 131072, "Original Hash Buckets": 1024, "Hash Batches": 1, "Original Hash Batches": 1, "Peak Memory Usage": 5976, "Workers": [], "Plans": [{"Node Type": "Hash Join", "Parent Relationship": "Outer", "Parallel Aware": false, "Async Capable": false, "Join Type": "Inner", "Startup Cost": 2.43, "Total Cost": 206205.55, "Plan Rows": 151, "Plan Width": 47, "Actual Rows": 11632, "Actual Loops": 7, "Inner Unique": true, "Hash Cond": "(mi.info_type_id = it1.id)", "Workers": [], "Plans": [{"Node Type": "Seq Scan", "Parent Relationship": "Outer", "Parallel Aware": true, "Async Capable": false, "Relation Name": "movie_info", "Alias": "mi", "Startup Cost": 0.0, "Total Cost": 206156.59, "Plan Rows": 17087, "Plan Width": 51, "Actual Rows": 12078, "Actual Loops": 7, "Filter": "((info)::text = ANY ('{Action,American,Bulgaria,Crime}'::text[]))", "Rows Removed by Filter": 2107310, "Workers": []}, {"Node Type": "Hash", "Parent Relationship": "Inner", "Parallel Aware": false, "Async Capable": false, "Startup Cost": 2.41, "Total Cost": 2.41, "Plan Rows": 1, "Plan Width": 4, "Actual Rows": 1, "Actual Loops": 7, "Hash Buckets": 1024, "Original Hash Buckets": 1024, "Hash Batches": 1, "Original Hash Batches": 1, "Peak Memory Usage": 9, "Workers": [], "Plans": [{"Node Type": "Seq Scan", "Parent Relationship": "Outer", "Parallel Aware": false, "Async Capable": false, "Relation Name": "info_type", "Alias": "it1", "Startup Cost": 0.0, "Total Cost": 2.41, "Plan Rows": 1, "Plan Width": 4, "Actual Rows": 1, "Actual Loops": 7, "Filter": "((info)::text = 'genres'::text)", "Rows Removed by Filter": 112, "Workers": []}]}]}]}]}, {"Node Type": "Index Scan", "Parent Relationship": "Inner", "Parallel Aware": false, "Async Capable": false, "Scan Direction": "Forward", "Index Name": "company_name_pkey", "Relation Name": "company_name", "Alias": "cn", "Startup Cost": 0.42, "Total Cost": 0.72, "Plan Rows": 1, "Plan Width": 4, "Actual Rows": 0, "Actual Loops": 8428, "Index Cond": "(id = mc.company_id)", "Rows Removed by Index Recheck": 0, "Filter": "((name)::text ~~ '%Film%'::text)", "Rows Removed by Filter": 1, "Workers": []}]}]}]}, {"Node Type": "Index Scan", "Parent Relationship": "Inner", "Parallel Aware": false, "Async Capable": false, "Scan Direction": "Forward", "Index Name": "keyword_pkey", "Relation Name": "keyword", "Alias": "k", "Startup Cost": 0.42, "Total Cost": 0.44, "Plan Rows": 1, "Plan Width": 4, "Actual Rows": 0, "Actual Loops": 90698, "Index Cond": "(id = mk.keyword_id)", "Rows Removed by Index Recheck": 0, "Filter": "((keyword)::text = ANY ('{\"10,000-mile-club\",alienation,based-on-comic}'::text[]))", "Rows Removed by Filter": 1, "Workers": []}]}, {"Node Type": "Index Scan", "Parent Relationship": "Inner", "Parallel Aware": false, "Async Capable": false, "Scan Direction": "Forward", "Index Name": "title_pkey", "Relation Name": "title", "Alias": "t", "Startup Cost": 0.43, "Total Cost": 0.49, "Plan Rows": 1, "Plan Width": 21, "Actual Rows": 0, "Actual Loops": 47, "Index Cond": "(id = mk.movie_id)", "Rows Removed by Index Recheck": 0, "Filter": "(production_year <= 1972)", "Rows Removed by Filter": 1, "Workers": []}]}]}]}]}]}]}, "Planning Time": 23.711, "Triggers": [], "Execution Time": 2141.634}, {"Plan": {"Node Type": "Aggregate", "Strategy": "Plain", "Partial Mode": "Simple", "Parallel Aware": false, "Async Capable": false, "Startup Cost": 642833.8, "Total Cost": 642833.81, "Plan Rows": 1, "Plan Width": 128, "Plans": [{"Node Type": "Nested Loop", "Parent Relationship": "Outer", "Parallel Aware": false, "Async Capable": false, "Join Type": "Inner", "Startup Cost": 253362.53, "Total Cost": 642833.79, "Plan Rows": 1, "Plan Width": 80, "Inner Unique": false, "Join Filter": "(k.id = mk.keyword_id)", "Plans": [{"Node Type": "Seq Scan", "Parent Relationship": "Outer", "Parallel Aware": false, "Async Capable": false, "Relation Name": "keyword", "Alias": "k", "Startup Cost": 0.0, "Total Cost": 2852.84, "Plan Rows": 3, "Plan Width": 4, "Filter": "((keyword)::text = ANY ('{\"10,000-mile-club\",alienation,based-on-comic}'::text[]))"}, {"Node Type": "Materialize", "Parent Relationship": "Inner", "Parallel Aware": false, "Async Capable": false, "Startup Cost": 253362.53, "Total Cost": 639980.91, "Plan Rows": 1, "Plan Width": 84, "Plans": [{"Node Type": "Nested Loop", "Parent Relationship": "Outer", "Parallel Aware": false, "Async Capable": false, "Join Type": "Inner", "Startup Cost": 253362.53, "Total Cost": 639980.91, "Plan Rows": 1, "Plan Width": 84, "Inner Unique": true, "Plans": [{"Node Type": "Nested Loop", "Parent Relationship": "Outer", "Parallel Aware": false, "Async Capable": false, "Join Type": "Inner", "Startup Cost": 253362.1, "Total Cost": 639980.35, "Plan Rows": 1, "Plan Width": 73, "Inner Unique": false, "Join Filter": "(t.id = mi_idx.movie_id)", "Plans": [{"Node Type": "Gather", "Parent Relationship": "Outer", "Parallel Aware": false, "Async Capable": false, "Startup Cost": 207592.01, "Total Cost": 252220.07, "Plan Rows": 821, "Plan Width": 76, "Workers Planned": 3, "Single Copy": false, "Plans": [{"Node Type": "Hash Join", "Parent Relationship": "Outer", "Parallel Aware": true, "Async Capable": false, "Join Type": "Inner", "Startup Cost": 206592.01, "Total Cost": 251137.97, "Plan Rows": 265, "Plan Width": 76, "Inner Unique": false, "Hash Cond": "(mk.movie_id = t.id)", "Plans": [{"Node Type": "Seq Scan", "Parent Relationship": "Outer", "Parallel Aware": true, "Async Capable": false, "Relation Name": "movie_keyword", "Alias": "mk", "Startup Cost": 0.0, "Total Cost": 39073.32, "Plan Rows": 1459332, "Plan Width": 8}, {"Node Type": "Hash", "Parent Relationship": "Inner", "Parallel Aware": true, "Async Capable": false, "Startup Cost": 206591.71, "Total Cost": 206591.71, "Plan Rows": 24, "Plan Width": 68, "Plans": [{"Node Type": "Nested Loop", "Parent Relationship": "Outer", "Parallel Aware": false, "Async Capable": false, "Join Type": "Inner", "Startup Cost": 2.86, "Total Cost": 206591.71, "Plan Rows": 24, "Plan Width": 68, "Inner Unique": true, "Plans": [{"Node Type": "Hash Join", "Parent Relationship": "Outer", "Parallel Aware": false, "Async Capable": false, "Join Type": "Inner", "Startup Cost": 2.43, "Total Cost": 206205.55, "Plan Rows": 151, "Plan Width": 47, "Inner Unique": true, "Hash Cond": "(mi.info_type_id = it1.id)", "Plans": [{"Node Type": "Seq Scan", "Parent Relationship": "Outer", "Parallel Aware": true, "Async Capable": false, "Relation Name": "movie_info", "Alias": "mi", "Startup Cost": 0.0, "Total Cost": 206156.59, "Plan Rows": 17087, "Plan Width": 51, "Filter": "((info)::text = ANY ('{Action,American,Bulgaria,Crime}'::text[]))"}, {"Node Type": "Hash", "Parent Relationship": "Inner", "Parallel Aware": false, "Async Capable": false, "Startup Cost": 2.41, "Total Cost": 2.41, "Plan Rows": 1, "Plan Width": 4, "Plans": [{"Node Type": "Seq Scan", "Parent Relationship": "Outer", "Parallel Aware": false, "Async Capable": false, "Relation Name": "info_type", "Alias": "it1", "Startup Cost": 0.0, "Total Cost": 2.41, "Plan Rows": 1, "Plan Width": 4, "Filter": "((info)::text = 'genres'::text)"}]}]}, {"Node Type": "Index Scan", "Parent Relationship": "Inner", "Parallel Aware": false, "Async Capable": false, "Scan Direction": "Forward", "Index Name": "title_pkey", "Relation Name": "title", "Alias": "t", "Startup Cost": 0.43, "Total Cost": 2.56, "Plan Rows": 1, "Plan Width": 21, "Index Cond": "(id = mi.movie_id)", "Filter": "(production_year <= 1972)"}]}]}]}]}, {"Node Type": "Materialize", "Parent Relationship": "Inner", "Parallel Aware": false, "Async Capable": false, "Startup Cost": 45770.09, "Total Cost": 383315.47, "Plan Rows": 361, "Plan Width": 21, "Plans": [{"Node Type": "Gather", "Parent Relationship": "Outer", "Parallel Aware": false, "Async Capable": false, "Startup Cost": 45770.09, "Total Cost": 383313.66, "Plan Rows": 361, "Plan Width": 21, "Workers Planned": 6, "Single Copy": false, "Plans": [{"Node Type": "Nested Loop", "Parent Relationship": "Outer", "Parallel Aware": false, "Async Capable": false, "Join Type": "Inner", "Startup Cost": 44770.09, "Total Cost": 382277.56, "Plan Rows": 60, "Plan Width": 21, "Inner Unique": true, "Plans": [{"Node Type": "Hash Join", "Parent Relationship": "Outer", "Parallel Aware": true, "Async Capable": false, "Join Type": "Inner", "Startup Cost": 44769.67, "Total Cost": 382086.01, "Plan Rows": 267, "Plan Width": 25, "Inner Unique": false, "Hash Cond": "(ci.movie_id = mi_idx.movie_id)", "Plans": [{"Node Type": "Seq Scan", "Parent Relationship": "Outer", "Parallel Aware": true, "Async Capable": false, "Relation Name": "cast_info", "Alias": "ci", "Startup Cost": 0.0, "Total Cost": 335756.3, "Plan Rows": 415604, "Plan Width": 8, "Filter": "((note)::text = ANY ('{\"(executive producer)\",\"(head writer)\",(producer)}'::text[]))"}, {"Node Type": "Hash", "Parent Relationship": "Inner", "Parallel Aware": true, "Async Capable": false, "Startup Cost": 44764.91, "Total Cost": 44764.91, "Plan Rows": 381, "Plan Width": 17, "Plans": [{"Node Type": "Hash Join", "Parent Relationship": "Outer", "Parallel Aware": true, "Async Capable": false, "Join Type": "Inner", "Startup Cost": 15350.21, "Total Cost": 44764.91, "Plan Rows": 381, "Plan Width": 17, "Inner Unique": false, "Hash Cond": "(mc.movie_id = mi_idx.movie_id)", "Plans": [{"Node Type": "Seq Scan", "Parent Relationship": "Outer", "Parallel Aware": true, "Async Capable": false, "Relation Name": "movie_companies", "Alias": "mc", "Startup Cost": 0.0, "Total Cost": 29344.68, "Plan Rows": 18247, "Plan Width": 8, "Filter": "((note)::text ~~ '%(2006)%'::text)"}, {"Node Type": "Hash", "Parent Relationship": "Inner", "Parallel Aware": true, "Async Capable": false, "Startup Cost": 15286.6, "Total Cost": 15286.6, "Plan Rows": 5089, "Plan Width": 9, "Plans": [{"Node Type": "Hash Join", "Parent Relationship": "Outer", "Parallel Aware": false, "Async Capable": false, "Join Type": "Inner", "Startup Cost": 2.43, "Total Cost": 15286.6, "Plan Rows": 5089, "Plan Width": 9, "Inner Unique": true, "Hash Cond": "(mi_idx.info_type_id = it2.id)", "Plans": [{"Node Type": "Seq Scan", "Parent Relationship": "Outer", "Parallel Aware": true, "Async Capable": false, "Relation Name": "movie_info_idx", "Alias": "mi_idx", "Startup Cost": 0.0, "Total Cost": 13718.15, "Plan Rows": 575015, "Plan Width": 13}, {"Node Type": "Hash", "Parent Relationship": "Inner", "Parallel Aware": false, "Async Capable": false, "Startup Cost": 2.41, "Total Cost": 2.41, "Plan Rows": 1, "Plan Width": 4, "Plans": [{"Node Type": "Seq Scan", "Parent Relationship": "Outer", "Parallel Aware": false, "Async Capable": false, "Relation Name": "info_type", "Alias": "it2", "Startup Cost": 0.0, "Total Cost": 2.41, "Plan Rows": 1, "Plan Width": 4, "Filter": "((info)::text = 'votes'::text)"}]}]}]}]}]}]}, {"Node Type": "Index Scan", "Parent Relationship": "Inner", "Parallel Aware": false, "Async Capable": false, "Scan Direction": "Forward", "Index Name": "company_name_pkey", "Relation Name": "company_name", "Alias": "cn", "Startup Cost": 0.42, "Total Cost": 0.72, "Plan Rows": 1, "Plan Width": 4, "Index Cond": "(id = mc.company_id)", "Filter": "((name)::text ~~ '%Film%'::text)"}]}]}]}]}, {"Node Type": "Index Scan", "Parent Relationship": "Inner", "Parallel Aware": false, "Async Capable": false, "Scan Direction": "Forward", "Index Name": "name_pkey", "Relation Name": "name", "Alias": "n", "Startup Cost": 0.43, "Total Cost": 0.56, "Plan Rows": 1, "Plan Width": 19, "Index Cond": "(id = ci.person_id)"}]}]}]}]}}, {"Plan": {"Node Type": "Aggregate", "Strategy": "Plain", "Partial Mode": "Finalize", "Parallel Aware": false, "Async Capable": false, "Startup Cost": 634899.29, "Total Cost": 634899.3, "Plan Rows": 1, "Plan Width": 128, "Actual Rows": 1, "Actual Loops": 1, "Plans": [{"Node Type": "Gather", "Parent Relationship": "Outer", "Parallel Aware": false, "Async Capable": false, "Startup Cost": 634898.95, "Total Cost": 634899.26, "Plan Rows": 3, "Plan Width": 128, "Actual Rows": 4, "Actual Loops": 1, "Workers Planned": 3, "Workers Launched": 3, "Single Copy": false, "Plans": [{"Node Type": "Aggregate", "Strategy": "Plain", "Partial Mode": "Partial", "Parent Relationship": "Outer", "Parallel Aware": false, "Async Capable": false, "Startup Cost": 633898.95, "Total Cost": 633898.96, "Plan Rows": 1, "Plan Width": 128, "Actual Rows": 1, "Actual Loops": 4, "Workers": [], "Plans": [{"Node Type": "Hash Join", "Parent Relationship": "Outer", "Parallel Aware": true, "Async Capable": false, "Join Type": "Inner", "Startup Cost": 588974.12, "Total Cost": 633898.94, "Plan Rows": 1, "Plan Width": 80, "Actual Rows": 2, "Actual Loops": 4, "Inner Unique": false, "Hash Cond": "(mi_idx.movie_id = t.id)", "Workers": [], "Plans": [{"Node Type": "Nested Loop", "Parent Relationship": "Outer", "Parallel Aware": false, "Async Capable": false, "Join Type": "Inner", "Startup Cost": 45039.74, "Total Cost": 89964.54, "Plan Rows": 1, "Plan Width": 17, "Actual Rows": 20, "Actual Loops": 4, "Inner Unique": true, "Workers": [], "Plans": [{"Node Type": "Hash Join", "Parent Relationship": "Outer", "Parallel Aware": true, "Async Capable": false, "Join Type": "Inner", "Startup Cost": 45039.32, "Total Cost": 89587.89, "Plan Rows": 851, "Plan Width": 21, "Actual Rows": 65071, "Actual Loops": 4, "Inner Unique": false, "Hash Cond": "(mk.movie_id = mi_idx.movie_id)", "Workers": [], "Plans": [{"Node Type": "Seq Scan", "Parent Relationship": "Outer", "Parallel Aware": true, "Async Capable": false, "Relation Name": "movie_keyword", "Alias": "mk", "Startup Cost": 0.0, "Total Cost": 39073.32, "Plan Rows": 1459332, "Plan Width": 8, "Actual Rows": 1130982, "Actual Loops": 4, "Workers": []}, {"Node Type": "Hash", "Parent Relationship": "Inner", "Parallel Aware": true, "Async Capable": false, "Startup Cost": 45038.25, "Total Cost": 45038.25, "Plan Rows": 86, "Plan Width": 13, "Actual Rows": 1306, "Actual Loops": 4, "Hash Buckets": 8192, "Original Hash Buckets": 1024, "Hash Batches": 1, "Original Hash Batches": 1, "Peak Memory Usage": 472, "Workers": [], "Plans": [{"Node Type": "Nested Loop", "Parent Relationship": "Outer", "Parallel Aware": false, "Async Capable": false, "Join Type": "Inner", "Startup Cost": 15350.63, "Total Cost": 45038.25, "Plan Rows": 86, "Plan Width": 13, "Actual Rows": 1306, "Actual Loops": 4, "Inner Unique": true, "Workers": [], "Plans": [{"Node Type": "Hash Join", "Parent Relationship": "Outer", "Parallel Aware": true, "Async Capable": false, "Join Type": "Inner", "Startup Cost": 15350.21, "Total Cost": 44764.91, "Plan Rows": 381, "Plan Width": 17, "Actual Rows": 9846, "Actual Loops": 4, "Inner Unique": false, "Hash Cond": "(mc.movie_id = mi_idx.movie_id)", "Workers": [], "Plans": [{"Node Type": "Seq Scan", "Parent Relationship": "Outer", "Parallel Aware": true, "Async Capable": false, "Relation Name": "movie_companies", "Alias": "mc", "Startup Cost": 0.0, "Total Cost": 29344.68, "Plan Rows": 18247, "Plan Width": 8, "Actual Rows": 14293, "Actual Loops": 4, "Filter": "((note)::text ~~ '%(2006)%'::text)", "Rows Removed by Filter": 637989, "Workers": []}, {"Node Type": "Hash", "Parent Relationship": "Inner", "Parallel Aware": true, "Async Capable": false, "Startup Cost": 15286.6, "Total Cost": 15286.6, "Plan Rows": 5089, "Plan Width": 9, "Actual Rows": 114981, "Actual Loops": 4, "Hash Buckets": 524288, "Original Hash Buckets": 16384, "Hash Batches": 1, "Original Hash Batches": 1, "Peak Memory Usage": 26272, "Workers": [], "Plans": [{"Node Type": "Hash Join", "Parent Relationship": "Outer", "Parallel Aware": false, "Async Capable": false, "Join Type": "Inner", "Startup Cost": 2.43, "Total Cost": 15286.6, "Plan Rows": 5089, "Plan Width": 9, "Actual Rows": 114981, "Actual Loops": 4, "Inner Unique": true, "Hash Cond": "(mi_idx.info_type_id = it2.id)", "Workers": [], "Plans": [{"Node Type": "Seq Scan", "Parent Relationship": "Outer", "Parallel Aware": true, "Async Capable": false, "Relation Name": "movie_info_idx", "Alias": "mi_idx", "Startup Cost": 0.0, "Total Cost": 13718.15, "Plan Rows": 575015, "Plan Width": 13, "Actual Rows": 345009, "Actual Loops": 4, "Workers": []}, {"Node Type": "Hash", "Parent Relationship": "Inner", "Parallel Aware": false, "Async Capable": false, "Startup Cost": 2.41, "Total Cost": 2.41, "Plan Rows": 1, "Plan Width": 4, "Actual Rows": 1, "Actual Loops": 4, "Hash Buckets": 1024, "Original Hash Buckets": 1024, "Hash Batches": 1, "Original Hash Batches": 1, "Peak Memory Usage": 9, "Workers": [], "Plans": [{"Node Type": "Seq Scan", "Parent Relationship": "Outer", "Parallel Aware": false, "Async Capable": false, "Relation Name": "info_type", "Alias": "it2", "Startup Cost": 0.0, "Total Cost": 2.41, "Plan Rows": 1, "Plan Width": 4, "Actual Rows": 1, "Actual Loops": 4, "Filter": "((info)::text = 'votes'::text)", "Rows Removed by Filter": 112, "Workers": []}]}]}]}]}, {"Node Type": "Index Scan", "Parent Relationship": "Inner", "Parallel Aware": false, "Async Capable": false, "Scan Direction": "Forward", "Index Name": "company_name_pkey", "Relation Name": "company_name", "Alias": "cn", "Startup Cost": 0.42, "Total Cost": 0.72, "Plan Rows": 1, "Plan Width": 4, "Actual Rows": 0, "Actual Loops": 39382, "Index Cond": "(id = mc.company_id)", "Rows Removed by Index Recheck": 0, "Filter": "((name)::text ~~ '%Film%'::text)", "Rows Removed by Filter": 1, "Workers": []}]}]}]}, {"Node Type": "Index Scan", "Parent Relationship": "Inner", "Parallel Aware": false, "Async Capable": false, "Scan Direction": "Forward", "Index Name": "keyword_pkey", "Relation Name": "keyword", "Alias": "k", "Startup Cost": 0.42, "Total Cost": 0.44, "Plan Rows": 1, "Plan Width": 4, "Actual Rows": 0, "Actual Loops": 260283, "Index Cond": "(id = mk.keyword_id)", "Rows Removed by Index Recheck": 0, "Filter": "((keyword)::text = ANY ('{\"10,000-mile-club\",alienation,based-on-comic}'::text[]))", "Rows Removed by Filter": 1, "Workers": []}]}, {"Node Type": "Hash", "Parent Relationship": "Inner", "Parallel Aware": true, "Async Capable": false, "Startup Cost": 543933.78, "Total Cost": 543933.78, "Plan Rows": 48, "Plan Width": 87, "Actual Rows": 2619, "Actual Loops": 4, "Hash Buckets": 16384, "Original Hash Buckets": 1024, "Hash Batches": 1, "Original Hash Batches": 1, "Peak Memory Usage": 1208, "Workers": [], "Plans": [{"Node Type": "Nested Loop", "Parent Relationship": "Outer", "Parallel Aware": false, "Async Capable": false, "Join Type": "Inner", "Startup Cost": 206592.44, "Total Cost": 543933.78, "Plan Rows": 48, "Plan Width": 87, "Actual Rows": 2619, "Actual Loops": 4, "Inner Unique": true, "Workers": [], "Plans": [{"Node Type": "Hash Join", "Parent Relationship": "Outer", "Parallel Aware": true, "Async Capable": false, "Join Type": "Inner", "Startup Cost": 206592.01, "Total Cost": 543906.86, "Plan Rows": 48, "Plan Width": 76, "Actual Rows": 2619, "Actual Loops": 4, "Inner Unique": false, "Hash Cond": "(ci.movie_id = t.id)", "Workers": [], "Plans": [{"Node Type": "Seq Scan", "Parent Relationship": "Outer", "Parallel Aware": true, "Async Capable": false, "Relation Name": "cast_info", "Alias": "ci", "Startup Cost": 0.0, "Total Cost": 335756.3, "Plan Rows": 415604, "Plan Width": 8, "Actual Rows": 609592, "Actual Loops": 4, "Filter": "((note)::text = ANY ('{\"(executive producer)\",\"(head writer)\",(producer)}'::text[]))", "Rows Removed by Filter": 8451494, "Workers": []}, {"Node Type": "Hash", "Parent Relationship": "Inner", "Parallel Aware": true, "Async Capable": false, "Startup Cost": 206591.71, "Total Cost": 206591.71, "Plan Rows": 24, "Plan Width": 68, "Actual Rows": 3801, "Actual Loops": 4, "Hash Buckets": 16384, "Original Hash Buckets": 1024, "Hash Batches": 1, "Original Hash Batches": 1, "Peak Memory Usage": 1336, "Workers": [], "Plans": [{"Node Type": "Nested Loop", "Parent Relationship": "Outer", "Parallel Aware": false, "Async Capable": false, "Join Type": "Inner", "Startup Cost": 2.86, "Total Cost": 206591.71, "Plan Rows": 24, "Plan Width": 68, "Actual Rows": 3801, "Actual Loops": 4, "Inner Unique": true, "Workers": [], "Plans": [{"Node Type": "Hash Join", "Parent Relationship": "Outer", "Parallel Aware": false, "Async Capable": false, "Join Type": "Inner", "Startup Cost": 2.43, "Total Cost": 206205.55, "Plan Rows": 151, "Plan Width": 47, "Actual Rows": 20357, "Actual Loops": 4, "Inner Unique": true, "Hash Cond": "(mi.info_type_id = it1.id)", "Workers": [], "Plans": [{"Node Type": "Seq Scan", "Parent Relationship": "Outer", "Parallel Aware": true, "Async Capable": false, "Relation Name": "movie_info", "Alias": "mi", "Startup Cost": 0.0, "Total Cost": 206156.59, "Plan Rows": 17087, "Plan Width": 51, "Actual Rows": 21137, "Actual Loops": 4, "Filter": "((info)::text = ANY ('{Action,American,Bulgaria,Crime}'::text[]))", "Rows Removed by Filter": 3687793, "Workers": []}, {"Node Type": "Hash", "Parent Relationship": "Inner", "Parallel Aware": false, "Async Capable": false, "Startup Cost": 2.41, "Total Cost": 2.41, "Plan Rows": 1, "Plan Width": 4, "Actual Rows": 1, "Actual Loops": 4, "Hash Buckets": 1024, "Original Hash Buckets": 1024, "Hash Batches": 1, "Original Hash Batches": 1, "Peak Memory Usage": 9, "Workers": [], "Plans": [{"Node Type": "Seq Scan", "Parent Relationship": "Outer", "Parallel Aware": false, "Async Capable": false, "Relation Name": "info_type", "Alias": "it1", "Startup Cost": 0.0, "Total Cost": 2.41, "Plan Rows": 1, "Plan Width": 4, "Actual Rows": 1, "Actual Loops": 4, "Filter": "((info)::text = 'genres'::text)", "Rows Removed by Filter": 112, "Workers": []}]}]}, {"Node Type": "Index Scan", "Parent Relationship": "Inner", "Parallel Aware": false, "Async Capable": false, "Scan Direction": "Forward", "Index Name": "title_pkey", "Relation Name": "title", "Alias": "t", "Startup Cost": 0.43, "Total Cost": 2.56, "Plan Rows": 1, "Plan Width": 21, "Actual Rows": 0, "Actual Loops": 81427, "Index Cond": "(id = mi.movie_id)", "Rows Removed by Index Recheck": 0, "Filter": "(production_year <= 1972)", "Rows Removed by Filter": 1, "Workers": []}]}]}]}, {"Node Type": "Index Scan", "Parent Relationship": "Inner", "Parallel Aware": false, "Async Capable": false, "Scan Direction": "Forward", "Index Name": "name_pkey", "Relation Name": "name", "Alias": "n", "Startup Cost": 0.43, "Total Cost": 0.56, "Plan Rows": 1, "Plan Width": 19, "Actual Rows": 1, "Actual Loops": 10477, "Index Cond": "(id = ci.person_id)", "Rows Removed by Index Recheck": 0, "Workers": []}]}]}]}]}]}]}, "Planning Time": 23.336, "Triggers": [], "Execution Time": 3372.265}, {"Plan": {"Node Type": "Aggregate", "Strategy": "Plain", "Partial Mode": "Finalize", "Parallel Aware": false, "Async Capable": false, "Startup Cost": 637944.93, "Total Cost": 637944.94, "Plan Rows": 1, "Plan Width": 128, "Actual Rows": 1, "Actual Loops": 1, "Plans": [{"Node Type": "Gather", "Parent Relationship": "Outer", "Parallel Aware": false, "Async Capable": false, "Startup Cost": 637944.37, "Total Cost": 637944.88, "Plan Rows": 5, "Plan Width": 128, "Actual Rows": 6, "Actual Loops": 1, "Workers Planned": 5, "Workers Launched": 5, "Single Copy": false, "Plans": [{"Node Type": "Aggregate", "Strategy": "Plain", "Partial Mode": "Partial", "Parent Relationship": "Outer", "Parallel Aware": false, "Async Capable": false, "Startup Cost": 636944.37, "Total Cost": 636944.38, "Plan Rows": 1, "Plan Width": 128, "Actual Rows": 1, "Actual Loops": 6, "Workers": [], "Plans": [{"Node Type": "Hash Join", "Parent Relationship": "Outer", "Parallel Aware": true, "Async Capable": false, "Join Type": "Inner", "Startup Cost": 430740.51, "Total Cost": 636944.36, "Plan Rows": 1, "Plan Width": 80, "Actual Rows": 1, "Actual Loops": 6, "Inner Unique": false, "Hash Cond": "(mi.movie_id = t.id)", "Workers": [], "Plans": [{"Node Type": "Nested Loop", "Parent Relationship": "Outer", "Parallel Aware": false, "Async Capable": false, "Join Type": "Inner", "Startup Cost": 412489.76, "Total Cost": 618693.59, "Plan Rows": 1, "Plan Width": 74, "Actual Rows": 29, "Actual Loops": 6, "Inner Unique": true, "Workers": [], "Plans": [{"Node Type": "Hash Join", "Parent Relationship": "Outer", "Parallel Aware": true, "Async Capable": false, "Join Type": "Inner", "Startup Cost": 412489.33, "Total Cost": 618693.03, "Plan Rows": 1, "Plan Width": 63, "Actual Rows": 29, "Actual Loops": 6, "Inner Unique": false, "Hash Cond": "(mi.movie_id = ci.movie_id)", "Workers": [], "Plans": [{"Node Type": "Hash Join", "Parent Relationship": "Outer", "Parallel Aware": false, "Async Capable": false, "Join Type": "Inner", "Startup Cost": 2.43, "Total Cost": 206205.55, "Plan Rows": 151, "Plan Width": 47, "Actual Rows": 13571, "Actual Loops": 6, "Inner Unique": true, "Hash Cond": "(mi.info_type_id = it1.id)", "Workers": [], "Plans": [{"Node Type": "Seq Scan", "Parent Relationship": "Outer", "Parallel Aware": true, "Async Capable": false, "Relation Name": "movie_info", "Alias": "mi", "Startup Cost": 0.0, "Total Cost": 206156.59, "Plan Rows": 17087, "Plan Width": 51, "Actual Rows": 14091, "Actual Loops": 6, "Filter": "((info)::text = ANY ('{Action,American,Bulgaria,Crime}'::text[]))", "Rows Removed by Filter": 2458529, "Workers": []}, {"Node Type": "Hash", "Parent Relationship": "Inner", "Parallel Aware": false, "Async Capable": false, "Startup Cost": 2.41, "Total Cost": 2.41, "Plan Rows": 1, "Plan Width": 4, "Actual Rows": 1, "Actual Loops": 6, "Hash Buckets": 1024, "Original Hash Buckets": 1024, "Hash Batches": 1, "Original Hash Batches": 1, "Peak Memory Usage": 9, "Workers": [], "Plans": [{"Node Type": "Seq Scan", "Parent Relationship": "Outer", "Parallel Aware": false, "Async Capable": false, "Relation Name": "info_type", "Alias": "it1", "Startup Cost": 0.0, "Total Cost": 2.41, "Plan Rows": 1, "Plan Width": 4, "Actual Rows": 1, "Actual Loops": 6, "Filter": "((info)::text = 'genres'::text)", "Rows Removed by Filter": 112, "Workers": []}]}]}, {"Node Type": "Hash", "Parent Relationship": "Inner", "Parallel Aware": true, "Async Capable": false, "Startup Cost": 412486.89, "Total Cost": 412486.89, "Plan Rows": 1, "Plan Width": 16, "Actual Rows": 48, "Actual Loops": 6, "Hash Buckets": 1024, "Original Hash Buckets": 1024, "Hash Batches": 1, "Original Hash Batches": 1, "Peak Memory Usage": 200, "Workers": [], "Plans": [{"Node Type": "Nested Loop", "Parent Relationship": "Outer", "Parallel Aware": false, "Async Capable": false, "Join Type": "Inner", "Startup Cost": 75171.05, "Total Cost": 412486.89, "Plan Rows": 1, "Plan Width": 16, "Actual Rows": 48, "Actual Loops": 6, "Inner Unique": true, "Workers": [], "Plans": [{"Node Type": "Hash Join", "Parent Relationship": "Outer", "Parallel Aware": true, "Async Capable": false, "Join Type": "Inner", "Startup Cost": 75170.63, "Total Cost": 412485.45, "Plan Rows": 2, "Plan Width": 20, "Actual Rows": 252, "Actual Loops": 6, "Inner Unique": false, "Hash Cond": "(ci.movie_id = mk.movie_id)", "Workers": [], "Plans": [{"Node Type": "Seq Scan", "Parent Relationship": "Outer", "Parallel Aware": true, "Async Capable": false, "Relation Name": "cast_info", "Alias": "ci", "Startup Cost": 0.0, "Total Cost": 335756.3, "Plan Rows": 415604, "Plan Width": 8, "Actual Rows": 406394, "Actual Loops": 6, "Filter": "((note)::text = ANY ('{\"(executive producer)\",\"(head writer)\",(producer)}'::text[]))", "Rows Removed by Filter": 5634330, "Workers": []}, {"Node Type": "Hash", "Parent Relationship": "Inner", "Parallel Aware": true, "Async Capable": false, "Startup Cost": 75170.6, "Total Cost": 75170.6, "Plan Rows": 3, "Plan Width": 12, "Actual Rows": 81, "Actual Loops": 6, "Hash Buckets": 1024, "Original Hash Buckets": 1024, "Hash Batches": 1, "Original Hash Batches": 1, "Peak Memory Usage": 200, "Workers": [], "Plans": [{"Node Type": "Hash Join", "Parent Relationship": "Outer", "Parallel Aware": true, "Async Capable": false, "Join Type": "Inner", "Startup Cost": 45757.48, "Total Cost": 75170.6, "Plan Rows": 3, "Plan Width": 12, "Actual Rows": 81, "Actual Loops": 6, "Inner Unique": false, "Hash Cond": "(mc.movie_id = mk.movie_id)", "Workers": [], "Plans": [{"Node Type": "Seq Scan", "Parent Relationship": "Outer", "Parallel Aware": true, "Async Capable": false, "Relation Name": "movie_companies", "Alias": "mc", "Startup Cost": 0.0, "Total Cost": 29344.68, "Plan Rows": 18247, "Plan Width": 8, "Actual Rows": 9529, "Actual Loops": 6, "Filter": "((note)::text ~~ '%(2006)%'::text)", "Rows Removed by Filter": 425326, "Workers": []}, {"Node Type": "Hash", "Parent Relationship": "Inner", "Parallel Aware": true, "Async Capable": false, "Startup Cost": 45757.07, "Total Cost": 45757.07, "Plan Rows": 33, "Plan Width": 4, "Actual Rows": 409, "Actual Loops": 6, "Hash Buckets": 1024, "Original Hash Buckets": 1024, "Hash Batches": 1, "Original Hash Batches": 1, "Peak Memory Usage": 200, "Workers": [], "Plans": [{"Node Type": "Hash Join", "Parent Relationship": "Outer", "Parallel Aware": false, "Async Capable": false, "Join Type": "Inner", "Startup Cost": 2852.88, "Total Cost": 45757.07, "Plan Rows": 33, "Plan Width": 4, "Actual Rows": 409, "Actual Loops": 6, "Inner Unique": true, "Hash Cond": "(mk.keyword_id = k.id)", "Workers": [], "Plans": [{"Node Type": "Seq Scan", "Parent Relationship": "Outer", "Parallel Aware": true, "Async Capable": false, "Relation Name": "movie_keyword", "Alias": "mk", "Startup Cost": 0.0, "Total Cost": 39073.32, "Plan Rows": 1459332, "Plan Width": 8, "Actual Rows": 753988, "Actual Loops": 6, "Workers": []}, {"Node Type": "Hash", "Parent Relationship": "Inner", "Parallel Aware": false, "Async Capable": false, "Startup Cost": 2852.84, "Total Cost": 2852.84, "Plan Rows": 3, "Plan Width": 4, "Actual Rows": 3, "Actual Loops": 6, "Hash Buckets": 1024, "Original Hash Buckets": 1024, "Hash Batches": 1, "Original Hash Batches": 1, "Peak Memory Usage": 9, "Workers": [], "Plans": [{"Node Type": "Seq Scan", "Parent Relationship": "Outer", "Parallel Aware": false, "Async Capable": false, "Relation Name": "keyword", "Alias": "k", "Startup Cost": 0.0, "Total Cost": 2852.84, "Plan Rows": 3, "Plan Width": 4, "Actual Rows": 3, "Actual Loops": 6, "Filter": "((keyword)::text = ANY ('{\"10,000-mile-club\",alienation,based-on-comic}'::text[]))", "Rows Removed by Filter": 134167, "Workers": []}]}]}]}]}]}]}, {"Node Type": "Index Scan", "Parent Relationship": "Inner", "Parallel Aware": false, "Async Capable": false, "Scan Direction": "Forward", "Index Name": "company_name_pkey", "Relation Name": "company_name", "Alias": "cn", "Startup Cost": 0.42, "Total Cost": 0.72, "Plan Rows": 1, "Plan Width": 4, "Actual Rows": 0, "Actual Loops": 1511, "Index Cond": "(id = mc.company_id)", "Rows Removed by Index Recheck": 0, "Filter": "((name)::text ~~ '%Film%'::text)", "Rows Removed by Filter": 1, "Workers": []}]}]}]}, {"Node Type": "Index Scan", "Parent Relationship": "Inner", "Parallel Aware": false, "Async Capable": false, "Scan Direction": "Forward", "Index Name": "name_pkey", "Relation Name": "name", "Alias": "n", "Startup Cost": 0.43, "Total Cost": 0.56, "Plan Rows": 1, "Plan Width": 19, "Actual Rows": 1, "Actual Loops": 176, "Index Cond": "(id = ci.person_id)", "Rows Removed by Index Recheck": 0, "Workers": []}]}, {"Node Type": "Hash", "Parent Relationship": "Inner", "Parallel Aware": true, "Async Capable": false, "Startup Cost": 18240.58, "Total Cost": 18240.58, "Plan Rows": 814, "Plan Width": 30, "Actual Rows": 13654, "Actual Loops": 6, "Hash Buckets": 131072, "Original Hash Buckets": 2048, "Hash Batches": 1, "Original Hash Batches": 1, "Peak Memory Usage": 7472, "Workers": [], "Plans": [{"Node Type": "Nested Loop", "Parent Relationship": "Outer", "Parallel Aware": false, "Async Capable": false, "Join Type": "Inner", "Startup Cost": 2.86, "Total Cost": 18240.58, "Plan Rows": 814, "Plan Width": 30, "Actual Rows": 13654, "Actual Loops": 6, "Inner Unique": true, "Workers": [], "Plans": [{"Node Type": "Hash Join", "Parent Relationship": "Outer", "Parallel Aware": false, "Async Capable": false, "Join Type": "Inner", "Startup Cost": 2.43, "Total Cost": 15286.6, "Plan Rows": 5089, "Plan Width": 9, "Actual Rows": 76654, "Actual Loops": 6, "Inner Unique": true, "Hash Cond": "(mi_idx.info_type_id = it2.id)", "Workers": [], "Plans": [{"Node Type": "Seq Scan", "Parent Relationship": "Outer", "Parallel Aware": true, "Async Capable": false, "Relation Name": "movie_info_idx", "Alias": "mi_idx", "Startup Cost": 0.0, "Total Cost": 13718.15, "Plan Rows": 575015, "Plan Width": 13, "Actual Rows": 230006, "Actual Loops": 6, "Workers": []}, {"Node Type": "Hash", "Parent Relationship": "Inner", "Parallel Aware": false, "Async Capable": false, "Startup Cost": 2.41, "Total Cost": 2.41, "Plan Rows": 1, "Plan Width": 4, "Actual Rows": 1, "Actual Loops": 6, "Hash Buckets": 1024, "Original Hash Buckets": 1024, "Hash Batches": 1, "Original Hash Batches": 1, "Peak Memory Usage": 9, "Workers": [], "Plans": [{"Node Type": "Seq Scan", "Parent Relationship": "Outer", "Parallel Aware": false, "Async Capable": false, "Relation Name": "info_type", "Alias": "it2", "Startup Cost": 0.0, "Total Cost": 2.41, "Plan Rows": 1, "Plan Width": 4, "Actual Rows": 1, "Actual Loops": 6, "Filter": "((info)::text = 'votes'::text)", "Rows Removed by Filter": 112, "Workers": []}]}]}, {"Node Type": "Index Scan", "Parent Relationship": "Inner", "Parallel Aware": false, "Async Capable": false, "Scan Direction": "Forward", "Index Name": "title_pkey", "Relation Name": "title", "Alias": "t", "Startup Cost": 0.43, "Total Cost": 0.58, "Plan Rows": 1, "Plan Width": 21, "Actual Rows": 0, "Actual Loops": 459925, "Index Cond": "(id = mi_idx.movie_id)", "Rows Removed by Index Recheck": 0, "Filter": "(production_year <= 1972)", "Rows Removed by Filter": 1, "Workers": []}]}]}]}]}]}]}, "Planning Time": 24.316, "Triggers": [], "Execution Time": 2091.272}, {"Plan": {"Node Type": "Aggregate", "Strategy": "Plain", "Partial Mode": "Finalize", "Parallel Aware": false, "Async Capable": false, "Startup Cost": 637937.49, "Total Cost": 637937.5, "Plan Rows": 1, "Plan Width": 128, "Actual Rows": 1, "Actual Loops": 1, "Plans": [{"Node Type": "Gather", "Parent Relationship": "Outer", "Parallel Aware": false, "Async Capable": false, "Startup Cost": 637937.26, "Total Cost": 637937.47, "Plan Rows": 2, "Plan Width": 128, "Actual Rows": 3, "Actual Loops": 1, "Workers Planned": 2, "Workers Launched": 2, "Single Copy": false, "Plans": [{"Node Type": "Aggregate", "Strategy": "Plain", "Partial Mode": "Partial", "Parent Relationship": "Outer", "Parallel Aware": false, "Async Capable": false, "Startup Cost": 636937.26, "Total Cost": 636937.27, "Plan Rows": 1, "Plan Width": 128, "Actual Rows": 1, "Actual Loops": 3, "Workers": [], "Plans": [{"Node Type": "Hash Join", "Parent Relationship": "Outer", "Parallel Aware": true, "Async Capable": false, "Join Type": "Inner", "Startup Cost": 618696.46, "Total Cost": 636937.25, "Plan Rows": 1, "Plan Width": 80, "Actual Rows": 2, "Actual Loops": 3, "Inner Unique": false, "Hash Cond": "(t.id = mi.movie_id)", "Workers": [], "Plans": [{"Node Type": "Nested Loop", "Parent Relationship": "Outer", "Parallel Aware": false, "Async Capable": false, "Join Type": "Inner", "Startup Cost": 2.86, "Total Cost": 18240.58, "Plan Rows": 814, "Plan Width": 30, "Actual Rows": 27308, "Actual Loops": 3, "Inner Unique": true, "Workers": [], "Plans": [{"Node Type": "Hash Join", "Parent Relationship": "Outer", "Parallel Aware": false, "Async Capable": false, "Join Type": "Inner", "Startup Cost": 2.43, "Total Cost": 15286.6, "Plan Rows": 5089, "Plan Width": 9, "Actual Rows": 153308, "Actual Loops": 3, "Inner Unique": true, "Hash Cond": "(mi_idx.info_type_id = it2.id)", "Workers": [], "Plans": [{"Node Type": "Seq Scan", "Parent Relationship": "Outer", "Parallel Aware": true, "Async Capable": false, "Relation Name": "movie_info_idx", "Alias": "mi_idx", "Startup Cost": 0.0, "Total Cost": 13718.15, "Plan Rows": 575015, "Plan Width": 13, "Actual Rows": 460012, "Actual Loops": 3, "Workers": []}, {"Node Type": "Hash", "Parent Relationship": "Inner", "Parallel Aware": false, "Async Capable": false, "Startup Cost": 2.41, "Total Cost": 2.41, "Plan Rows": 1, "Plan Width": 4, "Actual Rows": 1, "Actual Loops": 3, "Hash Buckets": 1024, "Original Hash Buckets": 1024, "Hash Batches": 1, "Original Hash Batches": 1, "Peak Memory Usage": 9, "Workers": [], "Plans": [{"Node Type": "Seq Scan", "Parent Relationship": "Outer", "Parallel Aware": false, "Async Capable": false, "Relation Name": "info_type", "Alias": "it2", "Startup Cost": 0.0, "Total Cost": 2.41, "Plan Rows": 1, "Plan Width": 4, "Actual Rows": 1, "Actual Loops": 3, "Filter": "((info)::text = 'votes'::text)", "Rows Removed by Filter": 112, "Workers": []}]}]}, {"Node Type": "Index Scan", "Parent Relationship": "Inner", "Parallel Aware": false, "Async Capable": false, "Scan Direction": "Forward", "Index Name": "title_pkey", "Relation Name": "title", "Alias": "t", "Startup Cost": 0.43, "Total Cost": 0.58, "Plan Rows": 1, "Plan Width": 21, "Actual Rows": 0, "Actual Loops": 459925, "Index Cond": "(id = mi_idx.movie_id)", "Rows Removed by Index Recheck": 0, "Filter": "(production_year <= 1972)", "Rows Removed by Filter": 1, "Workers": []}]}, {"Node Type": "Hash", "Parent Relationship": "Inner", "Parallel Aware": true, "Async Capable": false, "Startup Cost": 618693.59, "Total Cost": 618693.59, "Plan Rows": 1, "Plan Width": 74, "Actual Rows": 59, "Actual Loops": 3, "Hash Buckets": 1024, "Original Hash Buckets": 1024, "Hash Batches": 1, "Original Hash Batches": 1, "Peak Memory Usage": 104, "Workers": [], "Plans": [{"Node Type": "Nested Loop", "Parent Relationship": "Outer", "Parallel Aware": false, "Async Capable": false, "Join Type": "Inner", "Startup Cost": 412489.76, "Total Cost": 618693.59, "Plan Rows": 1, "Plan Width": 74, "Actual Rows": 59, "Actual Loops": 3, "Inner Unique": true, "Workers": [], "Plans": [{"Node Type": "Hash Join", "Parent Relationship": "Outer", "Parallel Aware": true, "Async Capable": false, "Join Type": "Inner", "Startup Cost": 412489.33, "Total Cost": 618693.03, "Plan Rows": 1, "Plan Width": 63, "Actual Rows": 59, "Actual Loops": 3, "Inner Unique": false, "Hash Cond": "(mi.movie_id = ci.movie_id)", "Workers": [], "Plans": [{"Node Type": "Hash Join", "Parent Relationship": "Outer", "Parallel Aware": false, "Async Capable": false, "Join Type": "Inner", "Startup Cost": 2.43, "Total Cost": 206205.55, "Plan Rows": 151, "Plan Width": 47, "Actual Rows": 27142, "Actual Loops": 3, "Inner Unique": true, "Hash Cond": "(mi.info_type_id = it1.id)", "Workers": [], "Plans": [{"Node Type": "Seq Scan", "Parent Relationship": "Outer", "Parallel Aware": true, "Async Capable": false, "Relation Name": "movie_info", "Alias": "mi", "Startup Cost": 0.0, "Total Cost": 206156.59, "Plan Rows": 17087, "Plan Width": 51, "Actual Rows": 28182, "Actual Loops": 3, "Filter": "((info)::text = ANY ('{Action,American,Bulgaria,Crime}'::text[]))", "Rows Removed by Filter": 4917058, "Workers": []}, {"Node Type": "Hash", "Parent Relationship": "Inner", "Parallel Aware": false, "Async Capable": false, "Startup Cost": 2.41, "Total Cost": 2.41, "Plan Rows": 1, "Plan Width": 4, "Actual Rows": 1, "Actual Loops": 3, "Hash Buckets": 1024, "Original Hash Buckets": 1024, "Hash Batches": 1, "Original Hash Batches": 1, "Peak Memory Usage": 9, "Workers": [], "Plans": [{"Node Type": "Seq Scan", "Parent Relationship": "Outer", "Parallel Aware": false, "Async Capable": false, "Relation Name": "info_type", "Alias": "it1", "Startup Cost": 0.0, "Total Cost": 2.41, "Plan Rows": 1, "Plan Width": 4, "Actual Rows": 1, "Actual Loops": 3, "Filter": "((info)::text = 'genres'::text)", "Rows Removed by Filter": 112, "Workers": []}]}]}, {"Node Type": "Hash", "Parent Relationship": "Inner", "Parallel Aware": true, "Async Capable": false, "Startup Cost": 412486.89, "Total Cost": 412486.89, "Plan Rows": 1, "Plan Width": 16, "Actual Rows": 96, "Actual Loops": 3, "Hash Buckets": 1024, "Original Hash Buckets": 1024, "Hash Batches": 1, "Original Hash Batches": 1, "Peak Memory Usage": 104, "Workers": [], "Plans": [{"Node Type": "Nested Loop", "Parent Relationship": "Outer", "Parallel Aware": false, "Async Capable": false, "Join Type": "Inner", "Startup Cost": 75171.05, "Total Cost": 412486.89, "Plan Rows": 1, "Plan Width": 16, "Actual Rows": 96, "Actual Loops": 3, "Inner Unique": true, "Workers": [], "Plans": [{"Node Type": "Hash Join", "Parent Relationship": "Outer", "Parallel Aware": true, "Async Capable": false, "Join Type": "Inner", "Startup Cost": 75170.63, "Total Cost": 412485.45, "Plan Rows": 2, "Plan Width": 20, "Actual Rows": 504, "Actual Loops": 3, "Inner Unique": false, "Hash Cond": "(ci.movie_id = mk.movie_id)", "Workers": [], "Plans": [{"Node Type": "Seq Scan", "Parent Relationship": "Outer", "Parallel Aware": true, "Async Capable": false, "Relation Name": "cast_info", "Alias": "ci", "Startup Cost": 0.0, "Total Cost": 335756.3, "Plan Rows": 415604, "Plan Width": 8, "Actual Rows": 812789, "Actual Loops": 3, "Filter": "((note)::text = ANY ('{\"(executive producer)\",\"(head writer)\",(producer)}'::text[]))", "Rows Removed by Filter": 11268659, "Workers": []}, {"Node Type": "Hash", "Parent Relationship": "Inner", "Parallel Aware": true, "Async Capable": false, "Startup Cost": 75170.6, "Total Cost": 75170.6, "Plan Rows": 3, "Plan Width": 12, "Actual Rows": 162, "Actual Loops": 3, "Hash Buckets": 1024, "Original Hash Buckets": 1024, "Hash Batches": 1, "Original Hash Batches": 1, "Peak Memory Usage": 104, "Workers": [], "Plans": [{"Node Type": "Hash Join", "Parent Relationship": "Outer", "Parallel Aware": true, "Async Capable": false, "Join Type": "Inner", "Startup Cost": 45757.48, "Total Cost": 75170.6, "Plan Rows": 3, "Plan Width": 12, "Actual Rows": 162, "Actual Loops": 3, "Inner Unique": false, "Hash Cond": "(mc.movie_id = mk.movie_id)", "Workers": [], "Plans": [{"Node Type": "Seq Scan", "Parent Relationship": "Outer", "Parallel Aware": true, "Async Capable": false, "Relation Name": "movie_companies", "Alias": "mc", "Startup Cost": 0.0, "Total Cost": 29344.68, "Plan Rows": 18247, "Plan Width": 8, "Actual Rows": 19058, "Actual Loops": 3, "Filter": "((note)::text ~~ '%(2006)%'::text)", "Rows Removed by Filter": 850652, "Workers": []}, {"Node Type": "Hash", "Parent Relationship": "Inner", "Parallel Aware": true, "Async Capable": false, "Startup Cost": 45757.07, "Total Cost": 45757.07, "Plan Rows": 33, "Plan Width": 4, "Actual Rows": 818, "Actual Loops": 3, "Hash Buckets": 1024, "Original Hash Buckets": 1024, "Hash Batches": 1, "Original Hash Batches": 1, "Peak Memory Usage": 136, "Workers": [], "Plans": [{"Node Type": "Hash Join", "Parent Relationship": "Outer", "Parallel Aware": false, "Async Capable": false, "Join Type": "Inner", "Startup Cost": 2852.88, "Total Cost": 45757.07, "Plan Rows": 33, "Plan Width": 4, "Actual Rows": 818, "Actual Loops": 3, "Inner Unique": true, "Hash Cond": "(mk.keyword_id = k.id)", "Workers": [], "Plans": [{"Node Type": "Seq Scan", "Parent Relationship": "Outer", "Parallel Aware": true, "Async Capable": false, "Relation Name": "movie_keyword", "Alias": "mk", "Startup Cost": 0.0, "Total Cost": 39073.32, "Plan Rows": 1459332, "Plan Width": 8, "Actual Rows": 1507977, "Actual Loops": 3, "Workers": []}, {"Node Type": "Hash", "Parent Relationship": "Inner", "Parallel Aware": false, "Async Capable": false, "Startup Cost": 2852.84, "Total Cost": 2852.84, "Plan Rows": 3, "Plan Width": 4, "Actual Rows": 3, "Actual Loops": 3, "Hash Buckets": 1024, "Original Hash Buckets": 1024, "Hash Batches": 1, "Original Hash Batches": 1, "Peak Memory Usage": 9, "Workers": [], "Plans": [{"Node Type": "Seq Scan", "Parent Relationship": "Outer", "Parallel Aware": false, "Async Capable": false, "Relation Name": "keyword", "Alias": "k", "Startup Cost": 0.0, "Total Cost": 2852.84, "Plan Rows": 3, "Plan Width": 4, "Actual Rows": 3, "Actual Loops": 3, "Filter": "((keyword)::text = ANY ('{\"10,000-mile-club\",alienation,based-on-comic}'::text[]))", "Rows Removed by Filter": 134167, "Workers": []}]}]}]}]}]}]}, {"Node Type": "Index Scan", "Parent Relationship": "Inner", "Parallel Aware": false, "Async Capable": false, "Scan Direction": "Forward", "Index Name": "company_name_pkey", "Relation Name": "company_name", "Alias": "cn", "Startup Cost": 0.42, "Total Cost": 0.72, "Plan Rows": 1, "Plan Width": 4, "Actual Rows": 0, "Actual Loops": 1511, "Index Cond": "(id = mc.company_id)", "Rows Removed by Index Recheck": 0, "Filter": "((name)::text ~~ '%Film%'::text)", "Rows Removed by Filter": 1, "Workers": []}]}]}]}, {"Node Type": "Index Scan", "Parent Relationship": "Inner", "Parallel Aware": false, "Async Capable": false, "Scan Direction": "Forward", "Index Name": "name_pkey", "Relation Name": "name", "Alias": "n", "Startup Cost": 0.43, "Total Cost": 0.56, "Plan Rows": 1, "Plan Width": 19, "Actual Rows": 1, "Actual Loops": 176, "Index Cond": "(id = ci.person_id)", "Rows Removed by Index Recheck": 0, "Workers": []}]}]}]}]}]}]}, "Planning Time": 23.655, "Triggers": [], "Execution Time": 4290.397}, {"Plan": {"Node Type": "Aggregate", "Strategy": "Plain", "Partial Mode": "Finalize", "Parallel Aware": false, "Async Capable": false, "Startup Cost": 635224.51, "Total Cost": 635224.52, "Plan Rows": 1, "Plan Width": 128, "Actual Rows": 1, "Actual Loops": 1, "Plans": [{"Node Type": "Gather", "Parent Relationship": "Outer", "Parallel Aware": false, "Async Capable": false, "Startup Cost": 635223.95, "Total Cost": 635224.46, "Plan Rows": 5, "Plan Width": 128, "Actual Rows": 6, "Actual Loops": 1, "Workers Planned": 5, "Workers Launched": 5, "Single Copy": false, "Plans": [{"Node Type": "Aggregate", "Strategy": "Plain", "Partial Mode": "Partial", "Parent Relationship": "Outer", "Parallel Aware": false, "Async Capable": false, "Startup Cost": 634223.95, "Total Cost": 634223.96, "Plan Rows": 1, "Plan Width": 128, "Actual Rows": 1, "Actual Loops": 6, "Workers": [], "Plans": [{"Node Type": "Hash Join", "Parent Relationship": "Outer", "Parallel Aware": true, "Async Capable": false, "Join Type": "Inner", "Startup Cost": 428020.09, "Total Cost": 634223.94, "Plan Rows": 1, "Plan Width": 80, "Actual Rows": 1, "Actual Loops": 6, "Inner Unique": false, "Hash Cond": "(t.id = mk.movie_id)", "Workers": [], "Plans": [{"Node Type": "Nested Loop", "Parent Relationship": "Outer", "Parallel Aware": false, "Async Capable": false, "Join Type": "Inner", "Startup Cost": 382262.61, "Total Cost": 588466.44, "Plan Rows": 1, "Plan Width": 100, "Actual Rows": 23, "Actual Loops": 6, "Inner Unique": true, "Workers": [], "Plans": [{"Node Type": "Hash Join", "Parent Relationship": "Outer", "Parallel Aware": true, "Async Capable": false, "Join Type": "Inner", "Startup Cost": 382262.18, "Total Cost": 588465.88, "Plan Rows": 1, "Plan Width": 89, "Actual Rows": 23, "Actual Loops": 6, "Inner Unique": false, "Hash Cond": "(mi.movie_id = t.id)", "Workers": [], "Plans": [{"Node Type": "Hash Join", "Parent Relationship": "Outer", "Parallel Aware": false, "Async Capable": false, "Join Type": "Inner", "Startup Cost": 2.43, "Total Cost": 206205.55, "Plan Rows": 151, "Plan Width": 47, "Actual Rows": 13571, "Actual Loops": 6, "Inner Unique": true, "Hash Cond": "(mi.info_type_id = it1.id)", "Workers": [], "Plans": [{"Node Type": "Seq Scan", "Parent Relationship": "Outer", "Parallel Aware": true, "Async Capable": false, "Relation Name": "movie_info", "Alias": "mi", "Startup Cost": 0.0, "Total Cost": 206156.59, "Plan Rows": 17087, "Plan Width": 51, "Actual Rows": 14091, "Actual Loops": 6, "Filter": "((info)::text = ANY ('{Action,American,Bulgaria,Crime}'::text[]))", "Rows Removed by Filter": 2458529, "Workers": []}, {"Node Type": "Hash", "Parent Relationship": "Inner", "Parallel Aware": false, "Async Capable": false, "Startup Cost": 2.41, "Total Cost": 2.41, "Plan Rows": 1, "Plan Width": 4, "Actual Rows": 1, "Actual Loops": 6, "Hash Buckets": 1024, "Original Hash Buckets": 1024, "Hash Batches": 1, "Original Hash Batches": 1, "Peak Memory Usage": 9, "Workers": [], "Plans": [{"Node Type": "Seq Scan", "Parent Relationship": "Outer", "Parallel Aware": false, "Async Capable": false, "Relation Name": "info_type", "Alias": "it1", "Startup Cost": 0.0, "Total Cost": 2.41, "Plan Rows": 1, "Plan Width": 4, "Actual Rows": 1, "Actual Loops": 6, "Filter": "((info)::text = 'genres'::text)", "Rows Removed by Filter": 112, "Workers": []}]}]}, {"Node Type": "Hash", "Parent Relationship": "Inner", "Parallel Aware": true, "Async Capable": false, "Startup Cost": 382259.63, "Total Cost": 382259.63, "Plan Rows": 10, "Plan Width": 42, "Actual Rows": 81, "Actual Loops": 6, "Hash Buckets": 1024, "Original Hash Buckets": 1024, "Hash Batches": 1, "Original Hash Batches": 1, "Peak Memory Usage": 200, "Workers": [], "Plans": [{"Node Type": "Nested Loop", "Parent Relationship": "Outer", "Parallel Aware": false, "Async Capable": false, "Join Type": "Inner", "Startup Cost": 44770.52, "Total Cost": 382259.63, "Plan Rows": 10, "Plan Width": 42, "Actual Rows": 81, "Actual Loops": 6, "Inner Unique": true, "Workers": [], "Plans": [{"Node Type": "Nested Loop", "Parent Relationship": "Outer", "Parallel Aware": false, "Async Capable": false, "Join Type": "Inner", "Startup Cost": 44770.1, "Total Cost": 382228.78, "Plan Rows": 43, "Plan Width": 46, "Actual Rows": 698, "Actual Loops": 6, "Inner Unique": true, "Join Filter": "(t.id = mi_idx.movie_id)", "Rows Removed by Join Filter": 0, "Workers": [], "Plans": [{"Node Type": "Hash Join", "Parent Relationship": "Outer", "Parallel Aware": true, "Async Capable": false, "Join Type": "Inner", "Startup Cost": 44769.67, "Total Cost": 382086.01, "Plan Rows": 267, "Plan Width": 25, "Actual Rows": 19324, "Actual Loops": 6, "Inner Unique": false, "Hash Cond": "(ci.movie_id = mi_idx.movie_id)", "Workers": [], "Plans": [{"Node Type": "Seq Scan", "Parent Relationship": "Outer", "Parallel Aware": true, "Async Capable": false, "Relation Name": "cast_info", "Alias": "ci", "Startup Cost": 0.0, "Total Cost": 335756.3, "Plan Rows": 415604, "Plan Width": 8, "Actual Rows": 406394, "Actual Loops": 6, "Filter": "((note)::text = ANY ('{\"(executive producer)\",\"(head writer)\",(producer)}'::text[]))", "Rows Removed by Filter": 5634330, "Workers": []}, {"Node Type": "Hash", "Parent Relationship": "Inner", "Parallel Aware": true, "Async Capable": false, "Startup Cost": 44764.91, "Total Cost": 44764.91, "Plan Rows": 381, "Plan Width": 17, "Actual Rows": 6564, "Actual Loops": 6, "Hash Buckets": 65536, "Original Hash Buckets": 2048, "Hash Batches": 1, "Original Hash Batches": 1, "Peak Memory Usage": 2992, "Workers": [], "Plans": [{"Node Type": "Hash Join", "Parent Relationship": "Outer", "Parallel Aware": true, "Async Capable": false, "Join Type": "Inner", "Startup Cost": 15350.21, "Total Cost": 44764.91, "Plan Rows": 381, "Plan Width": 17, "Actual Rows": 6564, "Actual Loops": 6, "Inner Unique": false, "Hash Cond": "(mc.movie_id = mi_idx.movie_id)", "Workers": [], "Plans": [{"Node Type": "Seq Scan", "Parent Relationship": "Outer", "Parallel Aware": true, "Async Capable": false, "Relation Name": "movie_companies", "Alias": "mc", "Startup Cost": 0.0, "Total Cost": 29344.68, "Plan Rows": 18247, "Plan Width": 8, "Actual Rows": 9529, "Actual Loops": 6, "Filter": "((note)::text ~~ '%(2006)%'::text)", "Rows Removed by Filter": 425326, "Workers": []}, {"Node Type": "Hash", "Parent Relationship": "Inner", "Parallel Aware": true, "Async Capable": false, "Startup Cost": 15286.6, "Total Cost": 15286.6, "Plan Rows": 5089, "Plan Width": 9, "Actual Rows": 76654, "Actual Loops": 6, "Hash Buckets": 524288, "Original Hash Buckets": 16384, "Hash Batches": 1, "Original Hash Batches": 1, "Peak Memory Usage": 26304, "Workers": [], "Plans": [{"Node Type": "Hash Join", "Parent Relationship": "Outer", "Parallel Aware": false, "Async Capable": false, "Join Type": "Inner", "Startup Cost": 2.43, "Total Cost": 15286.6, "Plan Rows": 5089, "Plan Width": 9, "Actual Rows": 76654, "Actual Loops": 6, "Inner Unique": true, "Hash Cond": "(mi_idx.info_type_id = it2.id)", "Workers": [], "Plans": [{"Node Type": "Seq Scan", "Parent Relationship": "Outer", "Parallel Aware": true, "Async Capable": false, "Relation Name": "movie_info_idx", "Alias": "mi_idx", "Startup Cost": 0.0, "Total Cost": 13718.15, "Plan Rows": 575015, "Plan Width": 13, "Actual Rows": 230006, "Actual Loops": 6, "Workers": []}, {"Node Type": "Hash", "Parent Relationship": "Inner", "Parallel Aware": false, "Async Capable": false, "Startup Cost": 2.41, "Total Cost": 2.41, "Plan Rows": 1, "Plan Width": 4, "Actual Rows": 1, "Actual Loops": 6, "Hash Buckets": 1024, "Original Hash Buckets": 1024, "Hash Batches": 1, "Original Hash Batches": 1, "Peak Memory Usage": 9, "Workers": [], "Plans": [{"Node Type": "Seq Scan", "Parent Relationship": "Outer", "Parallel Aware": false, "Async Capable": false, "Relation Name": "info_type", "Alias": "it2", "Startup Cost": 0.0, "Total Cost": 2.41, "Plan Rows": 1, "Plan Width": 4, "Actual Rows": 1, "Actual Loops": 6, "Filter": "((info)::text = 'votes'::text)", "Rows Removed by Filter": 112, "Workers": []}]}]}]}]}]}]}, {"Node Type": "Index Scan", "Parent Relationship": "Inner", "Parallel Aware": false, "Async Capable": false, "Scan Direction": "Forward", "Index Name": "title_pkey", "Relation Name": "title", "Alias": "t", "Startup Cost": 0.43, "Total Cost": 0.52, "Plan Rows": 1, "Plan Width": 21, "Actual Rows": 0, "Actual Loops": 115941, "Index Cond": "(id = ci.movie_id)", "Rows Removed by Index Recheck": 0, "Filter": "(production_year <= 1972)", "Rows Removed by Filter": 1, "Workers": []}]}, {"Node Type": "Index Scan", "Parent Relationship": "Inner", "Parallel Aware": false, "Async Capable": false, "Scan Direction": "Forward", "Index Name": "company_name_pkey", "Relation Name": "company_name", "Alias": "cn", "Startup Cost": 0.42, "Total Cost": 0.72, "Plan Rows": 1, "Plan Width": 4, "Actual Rows": 0, "Actual Loops": 4189, "Index Cond": "(id = mc.company_id)", "Rows Removed by Index Recheck": 0, "Filter": "((name)::text ~~ '%Film%'::text)", "Rows Removed by Filter": 1, "Workers": []}]}]}]}, {"Node Type": "Index Scan", "Parent Relationship": "Inner", "Parallel Aware": false, "Async Capable": false, "Scan Direction": "Forward", "Index Name": "name_pkey", "Relation Name": "name", "Alias": "n", "Startup Cost": 0.43, "Total Cost": 0.56, "Plan Rows": 1, "Plan Width": 19, "Actual Rows": 1, "Actual Loops": 137, "Index Cond": "(id = ci.person_id)", "Rows Removed by Index Recheck": 0, "Workers": []}]}, {"Node Type": "Hash", "Parent Relationship": "Inner", "Parallel Aware": true, "Async Capable": false, "Startup Cost": 45757.07, "Total Cost": 45757.07, "Plan Rows": 33, "Plan Width": 4, "Actual Rows": 409, "Actual Loops": 6, "Hash Buckets": 1024, "Original Hash Buckets": 1024, "Hash Batches": 1, "Original Hash Batches": 1, "Peak Memory Usage": 200, "Workers": [], "Plans": [{"Node Type": "Hash Join", "Parent Relationship": "Outer", "Parallel Aware": false, "Async Capable": false, "Join Type": "Inner", "Startup Cost": 2852.88, "Total Cost": 45757.07, "Plan Rows": 33, "Plan Width": 4, "Actual Rows": 409, "Actual Loops": 6, "Inner Unique": true, "Hash Cond": "(mk.keyword_id = k.id)", "Workers": [], "Plans": [{"Node Type": "Seq Scan", "Parent Relationship": "Outer", "Parallel Aware": true, "Async Capable": false, "Relation Name": "movie_keyword", "Alias": "mk", "Startup Cost": 0.0, "Total Cost": 39073.32, "Plan Rows": 1459332, "Plan Width": 8, "Actual Rows": 753988, "Actual Loops": 6, "Workers": []}, {"Node Type": "Hash", "Parent Relationship": "Inner", "Parallel Aware": false, "Async Capable": false, "Startup Cost": 2852.84, "Total Cost": 2852.84, "Plan Rows": 3, "Plan Width": 4, "Actual Rows": 3, "Actual Loops": 6, "Hash Buckets": 1024, "Original Hash Buckets": 1024, "Hash Batches": 1, "Original Hash Batches": 1, "Peak Memory Usage": 9, "Workers": [], "Plans": [{"Node Type": "Seq Scan", "Parent Relationship": "Outer", "Parallel Aware": false, "Async Capable": false, "Relation Name": "keyword", "Alias": "k", "Startup Cost": 0.0, "Total Cost": 2852.84, "Plan Rows": 3, "Plan Width": 4, "Actual Rows": 3, "Actual Loops": 6, "Filter": "((keyword)::text = ANY ('{\"10,000-mile-club\",alienation,based-on-comic}'::text[]))", "Rows Removed by Filter": 134167, "Workers": []}]}]}]}]}]}]}]}, "Planning Time": 23.023, "Triggers": [], "Execution Time": 1898.881}, {"Plan": {"Node Type": "Aggregate", "Strategy": "Plain", "Partial Mode": "Simple", "Parallel Aware": false, "Async Capable": false, "Startup Cost": 635194.05, "Total Cost": 635194.06, "Plan Rows": 1, "Plan Width": 128, "Actual Rows": 1, "Actual Loops": 1, "Plans": [{"Node Type": "Gather", "Parent Relationship": "Outer", "Parallel Aware": false, "Async Capable": false, "Startup Cost": 592289.61, "Total Cost": 635194.04, "Plan Rows": 1, "Plan Width": 80, "Actual Rows": 6, "Actual Loops": 1, "Workers Planned": 3, "Workers Launched": 3, "Single Copy": false, "Plans": [{"Node Type": "Hash Join", "Parent Relationship": "Outer", "Parallel Aware": true, "Async Capable": false, "Join Type": "Inner", "Startup Cost": 591289.61, "Total Cost": 634193.94, "Plan Rows": 1, "Plan Width": 80, "Actual Rows": 2, "Actual Loops": 4, "Inner Unique": false, "Hash Cond": "(mk.movie_id = t.id)", "Workers": [], "Plans": [{"Node Type": "Hash Join", "Parent Relationship": "Outer", "Parallel Aware": false, "Async Capable": false, "Join Type": "Inner", "Startup Cost": 2852.88, "Total Cost": 45757.07, "Plan Rows": 33, "Plan Width": 4, "Actual Rows": 614, "Actual Loops": 4, "Inner Unique": true, "Hash Cond": "(mk.keyword_id = k.id)", "Workers": [], "Plans": [{"Node Type": "Seq Scan", "Parent Relationship": "Outer", "Parallel Aware": true, "Async Capable": false, "Relation Name": "movie_keyword", "Alias": "mk", "Startup Cost": 0.0, "Total Cost": 39073.32, "Plan Rows": 1459332, "Plan Width": 8, "Actual Rows": 1130982, "Actual Loops": 4, "Workers": []}, {"Node Type": "Hash", "Parent Relationship": "Inner", "Parallel Aware": false, "Async Capable": false, "Startup Cost": 2852.84, "Total Cost": 2852.84, "Plan Rows": 3, "Plan Width": 4, "Actual Rows": 3, "Actual Loops": 4, "Hash Buckets": 1024, "Original Hash Buckets": 1024, "Hash Batches": 1, "Original Hash Batches": 1, "Peak Memory Usage": 9, "Workers": [], "Plans": [{"Node Type": "Seq Scan", "Parent Relationship": "Outer", "Parallel Aware": false, "Async Capable": false, "Relation Name": "keyword", "Alias": "k", "Startup Cost": 0.0, "Total Cost": 2852.84, "Plan Rows": 3, "Plan Width": 4, "Actual Rows": 3, "Actual Loops": 4, "Filter": "((keyword)::text = ANY ('{\"10,000-mile-club\",alienation,based-on-comic}'::text[]))", "Rows Removed by Filter": 134167, "Workers": []}]}]}, {"Node Type": "Hash", "Parent Relationship": "Inner", "Parallel Aware": true, "Async Capable": false, "Startup Cost": 588436.72, "Total Cost": 588436.72, "Plan Rows": 1, "Plan Width": 100, "Actual Rows": 34, "Actual Loops": 4, "Hash Buckets": 1024, "Original Hash Buckets": 1024, "Hash Batches": 1, "Original Hash Batches": 1, "Peak Memory Usage": 136, "Workers": [], "Plans": [{"Node Type": "Nested Loop", "Parent Relationship": "Outer", "Parallel Aware": false, "Async Capable": false, "Join Type": "Inner", "Startup Cost": 382232.59, "Total Cost": 588436.72, "Plan Rows": 1, "Plan Width": 100, "Actual Rows": 34, "Actual Loops": 4, "Inner Unique": true, "Workers": [], "Plans": [{"Node Type": "Nested Loop", "Parent Relationship": "Outer", "Parallel Aware": false, "Async Capable": false, "Join Type": "Inner", "Startup Cost": 382232.16, "Total Cost": 588436.16, "Plan Rows": 1, "Plan Width": 89, "Actual Rows": 34, "Actual Loops": 4, "Inner Unique": true, "Workers": [], "Plans": [{"Node Type": "Hash Join", "Parent Relationship": "Outer", "Parallel Aware": true, "Async Capable": false, "Join Type": "Inner", "Startup Cost": 382231.74, "Total Cost": 588435.45, "Plan Rows": 1, "Plan Width": 93, "Actual Rows": 232, "Actual Loops": 4, "Inner Unique": false, "Hash Cond": "(mi.movie_id = t.id)", "Workers": [], "Plans": [{"Node Type": "Hash Join", "Parent Relationship": "Outer", "Parallel Aware": false, "Async Capable": false, "Join Type": "Inner", "Startup Cost": 2.43, "Total Cost": 206205.55, "Plan Rows": 151, "Plan Width": 47, "Actual Rows": 20357, "Actual Loops": 4, "Inner Unique": true, "Hash Cond": "(mi.info_type_id = it1.id)", "Workers": [], "Plans": [{"Node Type": "Seq Scan", "Parent Relationship": "Outer", "Parallel Aware": true, "Async Capable": false, "Relation Name": "movie_info", "Alias": "mi", "Startup Cost": 0.0, "Total Cost": 206156.59, "Plan Rows": 17087, "Plan Width": 51, "Actual Rows": 21137, "Actual Loops": 4, "Filter": "((info)::text = ANY ('{Action,American,Bulgaria,Crime}'::text[]))", "Rows Removed by Filter": 3687793, "Workers": []}, {"Node Type": "Hash", "Parent Relationship": "Inner", "Parallel Aware": false, "Async Capable": false, "Startup Cost": 2.41, "Total Cost": 2.41, "Plan Rows": 1, "Plan Width": 4, "Actual Rows": 1, "Actual Loops": 4, "Hash Buckets": 1024, "Original Hash Buckets": 1024, "Hash Batches": 1, "Original Hash Batches": 1, "Peak Memory Usage": 9, "Workers": [], "Plans": [{"Node Type": "Seq Scan", "Parent Relationship": "Outer", "Parallel Aware": false, "Async Capable": false, "Relation Name": "info_type", "Alias": "it1", "Startup Cost": 0.0, "Total Cost": 2.41, "Plan Rows": 1, "Plan Width": 4, "Actual Rows": 1, "Actual Loops": 4, "Filter": "((info)::text = 'genres'::text)", "Rows Removed by Filter": 112, "Workers": []}]}]}, {"Node Type": "Hash", "Parent Relationship": "Inner", "Parallel Aware": true, "Async Capable": false, "Startup Cost": 382228.78, "Total Cost": 382228.78, "Plan Rows": 43, "Plan Width": 46, "Actual Rows": 1047, "Actual Loops": 4, "Hash Buckets": 4096, "Original Hash Buckets": 1024, "Hash Batches": 1, "Original Hash Batches": 1, "Peak Memory Usage": 472, "Workers": [], "Plans": [{"Node Type": "Nested Loop", "Parent Relationship": "Outer", "Parallel Aware": false, "Async Capable": false, "Join Type": "Inner", "Startup Cost": 44770.1, "Total Cost": 382228.78, "Plan Rows": 43, "Plan Width": 46, "Actual Rows": 1047, "Actual Loops": 4, "Inner Unique": true, "Join Filter": "(t.id = mi_idx.movie_id)", "Rows Removed by Join Filter": 0, "Workers": [], "Plans": [{"Node Type": "Hash Join", "Parent Relationship": "Outer", "Parallel Aware": true, "Async Capable": false, "Join Type": "Inner", "Startup Cost": 44769.67, "Total Cost": 382086.01, "Plan Rows": 267, "Plan Width": 25, "Actual Rows": 28985, "Actual Loops": 4, "Inner Unique": false, "Hash Cond": "(ci.movie_id = mi_idx.movie_id)", "Workers": [], "Plans": [{"Node Type": "Seq Scan", "Parent Relationship": "Outer", "Parallel Aware": true, "Async Capable": false, "Relation Name": "cast_info", "Alias": "ci", "Startup Cost": 0.0, "Total Cost": 335756.3, "Plan Rows": 415604, "Plan Width": 8, "Actual Rows": 609592, "Actual Loops": 4, "Filter": "((note)::text = ANY ('{\"(executive producer)\",\"(head writer)\",(producer)}'::text[]))", "Rows Removed by Filter": 8451494, "Workers": []}, {"Node Type": "Hash", "Parent Relationship": "Inner", "Parallel Aware": true, "Async Capable": false, "Startup Cost": 44764.91, "Total Cost": 44764.91, "Plan Rows": 381, "Plan Width": 17, "Actual Rows": 9846, "Actual Loops": 4, "Hash Buckets": 65536, "Original Hash Buckets": 2048, "Hash Batches": 1, "Original Hash Batches": 1, "Peak Memory Usage": 2992, "Workers": [], "Plans": [{"Node Type": "Hash Join", "Parent Relationship": "Outer", "Parallel Aware": true, "Async Capable": false, "Join Type": "Inner", "Startup Cost": 15350.21, "Total Cost": 44764.91, "Plan Rows": 381, "Plan Width": 17, "Actual Rows": 9846, "Actual Loops": 4, "Inner Unique": false, "Hash Cond": "(mc.movie_id = mi_idx.movie_id)", "Workers": [], "Plans": [{"Node Type": "Seq Scan", "Parent Relationship": "Outer", "Parallel Aware": true, "Async Capable": false, "Relation Name": "movie_companies", "Alias": "mc", "Startup Cost": 0.0, "Total Cost": 29344.68, "Plan Rows": 18247, "Plan Width": 8, "Actual Rows": 14293, "Actual Loops": 4, "Filter": "((note)::text ~~ '%(2006)%'::text)", "Rows Removed by Filter": 637989, "Workers": []}, {"Node Type": "Hash", "Parent Relationship": "Inner", "Parallel Aware": true, "Async Capable": false, "Startup Cost": 15286.6, "Total Cost": 15286.6, "Plan Rows": 5089, "Plan Width": 9, "Actual Rows": 114981, "Actual Loops": 4, "Hash Buckets": 524288, "Original Hash Buckets": 16384, "Hash Batches": 1, "Original Hash Batches": 1, "Peak Memory Usage": 26304, "Workers": [], "Plans": [{"Node Type": "Hash Join", "Parent Relationship": "Outer", "Parallel Aware": false, "Async Capable": false, "Join Type": "Inner", "Startup Cost": 2.43, "Total Cost": 15286.6, "Plan Rows": 5089, "Plan Width": 9, "Actual Rows": 114981, "Actual Loops": 4, "Inner Unique": true, "Hash Cond": "(mi_idx.info_type_id = it2.id)", "Workers": [], "Plans": [{"Node Type": "Seq Scan", "Parent Relationship": "Outer", "Parallel Aware": true, "Async Capable": false, "Relation Name": "movie_info_idx", "Alias": "mi_idx", "Startup Cost": 0.0, "Total Cost": 13718.15, "Plan Rows": 575015, "Plan Width": 13, "Actual Rows": 345009, "Actual Loops": 4, "Workers": []}, {"Node Type": "Hash", "Parent Relationship": "Inner", "Parallel Aware": false, "Async Capable": false, "Startup Cost": 2.41, "Total Cost": 2.41, "Plan Rows": 1, "Plan Width": 4, "Actual Rows": 1, "Actual Loops": 4, "Hash Buckets": 1024, "Original Hash Buckets": 1024, "Hash Batches": 1, "Original Hash Batches": 1, "Peak Memory Usage": 9, "Workers": [], "Plans": [{"Node Type": "Seq Scan", "Parent Relationship": "Outer", "Parallel Aware": false, "Async Capable": false, "Relation Name": "info_type", "Alias": "it2", "Startup Cost": 0.0, "Total Cost": 2.41, "Plan Rows": 1, "Plan Width": 4, "Actual Rows": 1, "Actual Loops": 4, "Filter": "((info)::text = 'votes'::text)", "Rows Removed by Filter": 112, "Workers": []}]}]}]}]}]}]}, {"Node Type": "Index Scan", "Parent Relationship": "Inner", "Parallel Aware": false, "Async Capable": false, "Scan Direction": "Forward", "Index Name": "title_pkey", "Relation Name": "title", "Alias": "t", "Startup Cost": 0.43, "Total Cost": 0.52, "Plan Rows": 1, "Plan Width": 21, "Actual Rows": 0, "Actual Loops": 115941, "Index Cond": "(id = ci.movie_id)", "Rows Removed by Index Recheck": 0, "Filter": "(production_year <= 1972)", "Rows Removed by Filter": 1, "Workers": []}]}]}]}, {"Node Type": "Index Scan", "Parent Relationship": "Inner", "Parallel Aware": false, "Async Capable": false, "Scan Direction": "Forward", "Index Name": "company_name_pkey", "Relation Name": "company_name", "Alias": "cn", "Startup Cost": 0.42, "Total Cost": 0.72, "Plan Rows": 1, "Plan Width": 4, "Actual Rows": 0, "Actual Loops": 926, "Index Cond": "(id = mc.company_id)", "Rows Removed by Index Recheck": 0, "Filter": "((name)::text ~~ '%Film%'::text)", "Rows Removed by Filter": 1, "Workers": []}]}, {"Node Type": "Index Scan", "Parent Relationship": "Inner", "Parallel Aware": false, "Async Capable": false, "Scan Direction": "Forward", "Index Name": "name_pkey", "Relation Name": "name", "Alias": "n", "Startup Cost": 0.43, "Total Cost": 0.56, "Plan Rows": 1, "Plan Width": 19, "Actual Rows": 1, "Actual Loops": 137, "Index Cond": "(id = ci.person_id)", "Rows Removed by Index Recheck": 0, "Workers": []}]}]}]}]}]}, "Planning Time": 22.985, "Triggers": [], "Execution Time": 3252.287}, {"Plan": {"Node Type": "Aggregate", "Strategy": "Plain", "Partial Mode": "Simple", "Parallel Aware": false, "Async Capable": false, "Startup Cost": 653890.03, "Total Cost": 653890.04, "Plan Rows": 1, "Plan Width": 128, "Actual Rows": 1, "Actual Loops": 1, "Plans": [{"Node Type": "Gather", "Parent Relationship": "Outer", "Parallel Aware": false, "Async Capable": false, "Startup Cost": 610827.8, "Total Cost": 653890.02, "Plan Rows": 1, "Plan Width": 80, "Actual Rows": 6, "Actual Loops": 1, "Workers Planned": 3, "Workers Launched": 3, "Single Copy": false, "Plans": [{"Node Type": "Hash Join", "Parent Relationship": "Outer", "Parallel Aware": true, "Async Capable": false, "Join Type": "Inner", "Startup Cost": 609827.8, "Total Cost": 652889.92, "Plan Rows": 1, "Plan Width": 80, "Actual Rows": 2, "Actual Loops": 4, "Inner Unique": false, "Hash Cond": "(t.id = mi.movie_id)", "Workers": [], "Plans": [{"Node Type": "Nested Loop", "Parent Relationship": "Outer", "Parallel Aware": false, "Async Capable": false, "Join Type": "Inner", "Startup Cost": 5157.39, "Total Cost": 48217.03, "Plan Rows": 657, "Plan Width": 25, "Actual Rows": 165, "Actual Loops": 4, "Inner Unique": true, "Workers": [], "Plans": [{"Node Type": "Hash Join", "Parent Relationship": "Outer", "Parallel Aware": true, "Async Capable": false, "Join Type": "Inner", "Startup Cost": 5156.96, "Total Cost": 34549.54, "Plan Rows": 4108, "Plan Width": 4, "Actual Rows": 1626, "Actual Loops": 4, "Inner Unique": true, "Hash Cond": "(mc.company_id = cn.id)", "Workers": [], "Plans": [{"Node Type": "Seq Scan", "Parent Relationship": "Outer", "Parallel Aware": true, "Async Capable": false, "Relation Name": "movie_companies", "Alias": "mc", "Startup Cost": 0.0, "Total Cost": 29344.68, "Plan Rows": 18247, "Plan Width": 8, "Actual Rows": 14293, "Actual Loops": 4, "Filter": "((note)::text ~~ '%(2006)%'::text)", "Rows Removed by Filter": 637989, "Workers": []}, {"Node Type": "Hash", "Parent Relationship": "Inner", "Parallel Aware": true, "Async Capable": false, "Startup Cost": 4767.92, "Total Cost": 4767.92, "Plan Rows": 31123, "Plan Width": 4, "Actual Rows": 13425, "Actual Loops": 4, "Hash Buckets": 65536, "Original Hash Buckets": 65536, "Hash Batches": 1, "Original Hash Batches": 1, "Peak Memory Usage": 2656, "Workers": [], "Plans": [{"Node Type": "Seq Scan", "Parent Relationship": "Outer", "Parallel Aware": true, "Async Capable": false, "Relation Name": "company_name", "Alias": "cn", "Startup Cost": 0.0, "Total Cost": 4767.92, "Plan Rows": 31123, "Plan Width": 4, "Actual Rows": 13425, "Actual Loops": 4, "Filter": "((name)::text ~~ '%Film%'::text)", "Rows Removed by Filter": 45324, "Workers": []}]}]}, {"Node Type": "Index Scan", "Parent Relationship": "Inner", "Parallel Aware": false, "Async Capable": false, "Scan Direction": "Forward", "Index Name": "title_pkey", "Relation Name": "title", "Alias": "t", "Startup Cost": 0.43, "Total Cost": 3.33, "Plan Rows": 1, "Plan Width": 21, "Actual Rows": 0, "Actual Loops": 6506, "Index Cond": "(id = mc.movie_id)", "Rows Removed by Index Recheck": 0, "Filter": "(production_year <= 1972)", "Rows Removed by Filter": 1, "Workers": []}]}, {"Node Type": "Hash", "Parent Relationship": "Inner", "Parallel Aware": true, "Async Capable": false, "Startup Cost": 604670.4, "Total Cost": 604670.4, "Plan Rows": 1, "Plan Width": 79, "Actual Rows": 448, "Actual Loops": 4, "Hash Buckets": 2048, "Original Hash Buckets": 1024, "Hash Batches": 1, "Original Hash Batches": 1, "Peak Memory Usage": 248, "Workers": [], "Plans": [{"Node Type": "Hash Join", "Parent Relationship": "Outer", "Parallel Aware": true, "Async Capable": false, "Join Type": "Inner", "Startup Cost": 267333.29, "Total Cost": 604670.4, "Plan Rows": 1, "Plan Width": 79, "Actual Rows": 448, "Actual Loops": 4, "Inner Unique": false, "Hash Cond": "(ci.movie_id = mi.movie_id)", "Workers": [], "Plans": [{"Node Type": "Nested Loop", "Parent Relationship": "Outer", "Parallel Aware": false, "Async Capable": false, "Join Type": "Inner", "Startup Cost": 45757.91, "Total Cost": 383094.85, "Plan Rows": 40, "Plan Width": 23, "Actual Rows": 985, "Actual Loops": 4, "Inner Unique": true, "Workers": [], "Plans": [{"Node Type": "Hash Join", "Parent Relationship": "Outer", "Parallel Aware": true, "Async Capable": false, "Join Type": "Inner", "Startup Cost": 45757.48, "Total Cost": 383072.42, "Plan Rows": 40, "Plan Width": 12, "Actual Rows": 985, "Actual Loops": 4, "Inner Unique": false, "Hash Cond": "(ci.movie_id = mk.movie_id)", "Workers": [], "Plans": [{"Node Type": "Seq Scan", "Parent Relationship": "Outer", "Parallel Aware": true, "Async Capable": false, "Relation Name": "cast_info", "Alias": "ci", "Startup Cost": 0.0, "Total Cost": 335756.3, "Plan Rows": 415604, "Plan Width": 8, "Actual Rows": 609592, "Actual Loops": 4, "Filter": "((note)::text = ANY ('{\"(executive producer)\",\"(head writer)\",(producer)}'::text[]))", "Rows Removed by Filter": 8451494, "Workers": []}, {"Node Type": "Hash", "Parent Relationship": "Inner", "Parallel Aware": true, "Async Capable": false, "Startup Cost": 45757.07, "Total Cost": 45757.07, "Plan Rows": 33, "Plan Width": 4, "Actual Rows": 614, "Actual Loops": 4, "Hash Buckets": 1024, "Original Hash Buckets": 1024, "Hash Batches": 1, "Original Hash Batches": 1, "Peak Memory Usage": 136, "Workers": [], "Plans": [{"Node Type": "Hash Join", "Parent Relationship": "Outer", "Parallel Aware": false, "Async Capable": false, "Join Type": "Inner", "Startup Cost": 2852.88, "Total Cost": 45757.07, "Plan Rows": 33, "Plan Width": 4, "Actual Rows": 614, "Actual Loops": 4, "Inner Unique": true, "Hash Cond": "(mk.keyword_id = k.id)", "Workers": [], "Plans": [{"Node Type": "Seq Scan", "Parent Relationship": "Outer", "Parallel Aware": true, "Async Capable": false, "Relation Name": "movie_keyword", "Alias": "mk", "Startup Cost": 0.0, "Total Cost": 39073.32, "Plan Rows": 1459332, "Plan Width": 8, "Actual Rows": 1130982, "Actual Loops": 4, "Workers": []}, {"Node Type": "Hash", "Parent Relationship": "Inner", "Parallel Aware": false, "Async Capable": false, "Startup Cost": 2852.84, "Total Cost": 2852.84, "Plan Rows": 3, "Plan Width": 4, "Actual Rows": 3, "Actual Loops": 4, "Hash Buckets": 1024, "Original Hash Buckets": 1024, "Hash Batches": 1, "Original Hash Batches": 1, "Peak Memory Usage": 9, "Workers": [], "Plans": [{"Node Type": "Seq Scan", "Parent Relationship": "Outer", "Parallel Aware": false, "Async Capable": false, "Relation Name": "keyword", "Alias": "k", "Startup Cost": 0.0, "Total Cost": 2852.84, "Plan Rows": 3, "Plan Width": 4, "Actual Rows": 3, "Actual Loops": 4, "Filter": "((keyword)::text = ANY ('{\"10,000-mile-club\",alienation,based-on-comic}'::text[]))", "Rows Removed by Filter": 134167, "Workers": []}]}]}]}]}, {"Node Type": "Index Scan", "Parent Relationship": "Inner", "Parallel Aware": false, "Async Capable": false, "Scan Direction": "Forward", "Index Name": "name_pkey", "Relation Name": "name", "Alias": "n", "Startup Cost": 0.43, "Total Cost": 0.56, "Plan Rows": 1, "Plan Width": 19, "Actual Rows": 1, "Actual Loops": 3941, "Index Cond": "(id = ci.person_id)", "Rows Removed by Index Recheck": 0, "Workers": []}]}, {"Node Type": "Hash", "Parent Relationship": "Inner", "Parallel Aware": true, "Async Capable": false, "Startup Cost": 221575.35, "Total Cost": 221575.35, "Plan Rows": 3, "Plan Width": 56, "Actual Rows": 11395, "Actual Loops": 4, "Hash Buckets": 65536, "Original Hash Buckets": 1024, "Hash Batches": 1, "Original Hash Batches": 1, "Peak Memory Usage": 3576, "Workers": [], "Plans": [{"Node Type": "Hash Join", "Parent Relationship": "Outer", "Parallel Aware": false, "Async Capable": false, "Join Type": "Inner", "Startup Cost": 15352.64, "Total Cost": 221575.35, "Plan Rows": 3, "Plan Width": 56, "Actual Rows": 11395, "Actual Loops": 4, "Inner Unique": true, "Hash Cond": "(mi.info_type_id = it1.id)", "Workers": [], "Plans": [{"Node Type": "Hash Join", "Parent Relationship": "Outer", "Parallel Aware": true, "Async Capable": false, "Join Type": "Inner", "Startup Cost": 15350.21, "Total Cost": 221572.11, "Plan Rows": 295, "Plan Width": 60, "Actual Rows": 11838, "Actual Loops": 4, "Inner Unique": false, "Hash Cond": "(mi.movie_id = mi_idx.movie_id)", "Workers": [], "Plans": [{"Node Type": "Seq Scan", "Parent Relationship": "Outer", "Parallel Aware": true, "Async Capable": false, "Relation Name": "movie_info", "Alias": "mi", "Startup Cost": 0.0, "Total Cost": 206156.59, "Plan Rows": 17087, "Plan Width": 51, "Actual Rows": 21137, "Actual Loops": 4, "Filter": "((info)::text = ANY ('{Action,American,Bulgaria,Crime}'::text[]))", "Rows Removed by Filter": 3687793, "Workers": []}, {"Node Type": "Hash", "Parent Relationship": "Inner", "Parallel Aware": true, "Async Capable": false, "Startup Cost": 15286.6, "Total Cost": 15286.6, "Plan Rows": 5089, "Plan Width": 9, "Actual Rows": 114981, "Actual Loops": 4, "Hash Buckets": 524288, "Original Hash Buckets": 16384, "Hash Batches": 1, "Original Hash Batches": 1, "Peak Memory Usage": 26272, "Workers": [], "Plans": [{"Node Type": "Hash Join", "Parent Relationship": "Outer", "Parallel Aware": false, "Async Capable": false, "Join Type": "Inner", "Startup Cost": 2.43, "Total Cost": 15286.6, "Plan Rows": 5089, "Plan Width": 9, "Actual Rows": 114981, "Actual Loops": 4, "Inner Unique": true, "Hash Cond": "(mi_idx.info_type_id = it2.id)", "Workers": [], "Plans": [{"Node Type": "Seq Scan", "Parent Relationship": "Outer", "Parallel Aware": true, "Async Capable": false, "Relation Name": "movie_info_idx", "Alias": "mi_idx", "Startup Cost": 0.0, "Total Cost": 13718.15, "Plan Rows": 575015, "Plan Width": 13, "Actual Rows": 345009, "Actual Loops": 4, "Workers": []}, {"Node Type": "Hash", "Parent Relationship": "Inner", "Parallel Aware": false, "Async Capable": false, "Startup Cost": 2.41, "Total Cost": 2.41, "Plan Rows": 1, "Plan Width": 4, "Actual Rows": 1, "Actual Loops": 4, "Hash Buckets": 1024, "Original Hash Buckets": 1024, "Hash Batches": 1, "Original Hash Batches": 1, "Peak Memory Usage": 9, "Workers": [], "Plans": [{"Node Type": "Seq Scan", "Parent Relationship": "Outer", "Parallel Aware": false, "Async Capable": false, "Relation Name": "info_type", "Alias": "it2", "Startup Cost": 0.0, "Total Cost": 2.41, "Plan Rows": 1, "Plan Width": 4, "Actual Rows": 1, "Actual Loops": 4, "Filter": "((info)::text = 'votes'::text)", "Rows Removed by Filter": 112, "Workers": []}]}]}]}]}, {"Node Type": "Hash", "Parent Relationship": "Inner", "Parallel Aware": false, "Async Capable": false, "Startup Cost": 2.41, "Total Cost": 2.41, "Plan Rows": 1, "Plan Width": 4, "Actual Rows": 1, "Actual Loops": 4, "Hash Buckets": 1024, "Original Hash Buckets": 1024, "Hash Batches": 1, "Original Hash Batches": 1, "Peak Memory Usage": 9, "Workers": [], "Plans": [{"Node Type": "Seq Scan", "Parent Relationship": "Outer", "Parallel Aware": false, "Async Capable": false, "Relation Name": "info_type", "Alias": "it1", "Startup Cost": 0.0, "Total Cost": 2.41, "Plan Rows": 1, "Plan Width": 4, "Actual Rows": 1, "Actual Loops": 4, "Filter": "((info)::text = 'genres'::text)", "Rows Removed by Filter": 112, "Workers": []}]}]}]}]}]}]}]}]}, "Planning Time": 24.534, "Triggers": [], "Execution Time": 3032.892}, {"Plan": {"Node Type": "Aggregate", "Strategy": "Plain", "Partial Mode": "Simple", "Parallel Aware": false, "Async Capable": false, "Startup Cost": 716738.34, "Total Cost": 716738.35, "Plan Rows": 1, "Plan Width": 128, "Actual Rows": 1, "Actual Loops": 1, "Plans": [{"Node Type": "Gather", "Parent Relationship": "Outer", "Parallel Aware": false, "Async Capable": false, "Startup Cost": 342345.65, "Total Cost": 716738.33, "Plan Rows": 1, "Plan Width": 80, "Actual Rows": 6, "Actual Loops": 1, "Workers Planned": 6, "Workers Launched": 6, "Single Copy": false, "Plans": [{"Node Type": "Hash Join", "Parent Relationship": "Outer", "Parallel Aware": true, "Async Capable": false, "Join Type": "Inner", "Startup Cost": 341345.65, "Total Cost": 715738.23, "Plan Rows": 1, "Plan Width": 80, "Actual Rows": 1, "Actual Loops": 7, "Inner Unique": false, "Hash Cond": "(t.id = mi.movie_id)", "Workers": [], "Plans": [{"Node Type": "Nested Loop", "Parent Relationship": "Outer", "Parallel Aware": false, "Async Capable": false, "Join Type": "Inner", "Startup Cost": 45173.6, "Total Cost": 419316.81, "Plan Rows": 66499, "Plan Width": 40, "Actual Rows": 28902, "Actual Loops": 7, "Inner Unique": true, "Workers": [], "Plans": [{"Node Type": "Hash Join", "Parent Relationship": "Outer", "Parallel Aware": true, "Async Capable": false, "Join Type": "Inner", "Startup Cost": 45173.17, "Total Cost": 382020.43, "Plan Rows": 66499, "Plan Width": 29, "Actual Rows": 28902, "Actual Loops": 7, "Inner Unique": true, "Hash Cond": "(ci.movie_id = t.id)", "Workers": [], "Plans": [{"Node Type": "Seq Scan", "Parent Relationship": "Outer", "Parallel Aware": true, "Async Capable": false, "Relation Name": "cast_info", "Alias": "ci", "Startup Cost": 0.0, "Total Cost": 335756.3, "Plan Rows": 415604, "Plan Width": 8, "Actual Rows": 348338, "Actual Loops": 7, "Filter": "((note)::text = ANY ('{\"(executive producer)\",\"(head writer)\",(producer)}'::text[]))", "Rows Removed by Filter": 4829425, "Workers": []}, {"Node Type": "Hash", "Parent Relationship": "Inner", "Parallel Aware": true, "Async Capable": false, "Startup Cost": 43908.97, "Total Cost": 43908.97, "Plan Rows": 101136, "Plan Width": 21, "Actual Rows": 58499, "Actual Loops": 7, "Hash Buckets": 524288, "Original Hash Buckets": 524288, "Hash Batches": 1, "Original Hash Batches": 1, "Peak Memory Usage": 27648, "Workers": [], "Plans": [{"Node Type": "Seq Scan", "Parent Relationship": "Outer", "Parallel Aware": true, "Async Capable": false, "Relation Name": "title", "Alias": "t", "Startup Cost": 0.0, "Total Cost": 43908.97, "Plan Rows": 101136, "Plan Width": 21, "Actual Rows": 58499, "Actual Loops": 7, "Filter": "(production_year <= 1972)", "Rows Removed by Filter": 302688, "Workers": []}]}]}, {"Node Type": "Index Scan", "Parent Relationship": "Inner", "Parallel Aware": false, "Async Capable": false, "Scan Direction": "Forward", "Index Name": "name_pkey", "Relation Name": "name", "Alias": "n", "Startup Cost": 0.43, "Total Cost": 0.56, "Plan Rows": 1, "Plan Width": 19, "Actual Rows": 1, "Actual Loops": 202311, "Index Cond": "(id = ci.person_id)", "Rows Removed by Index Recheck": 0, "Workers": []}]}, {"Node Type": "Hash", "Parent Relationship": "Inner", "Parallel Aware": true, "Async Capable": false, "Startup Cost": 296172.03, "Total Cost": 296172.03, "Plan Rows": 1, "Plan Width": 64, "Actual Rows": 7, "Actual Loops": 7, "Hash Buckets": 1024, "Original Hash Buckets": 1024, "Hash Batches": 1, "Original Hash Batches": 1, "Peak Memory Usage": 200, "Workers": [], "Plans": [{"Node Type": "Hash Join", "Parent Relationship": "Outer", "Parallel Aware": true, "Async Capable": false, "Join Type": "Inner", "Startup Cost": 251247.18, "Total Cost": 296172.03, "Plan Rows": 1, "Plan Width": 64, "Actual Rows": 7, "Actual Loops": 7, "Inner Unique": false, "Hash Cond": "(mi_idx.movie_id = mi.movie_id)", "Workers": [], "Plans": [{"Node Type": "Nested Loop", "Parent Relationship": "Outer", "Parallel Aware": false, "Async Capable": false, "Join Type": "Inner", "Startup Cost": 45039.74, "Total Cost": 89964.54, "Plan Rows": 1, "Plan Width": 17, "Actual Rows": 12, "Actual Loops": 7, "Inner Unique": true, "Workers": [], "Plans": [{"Node Type": "Hash Join", "Parent Relationship": "Outer", "Parallel Aware": true, "Async Capable": false, "Join Type": "Inner", "Startup Cost": 45039.32, "Total Cost": 89587.89, "Plan Rows": 851, "Plan Width": 21, "Actual Rows": 37183, "Actual Loops": 7, "Inner Unique": false, "Hash Cond": "(mk.movie_id = mi_idx.movie_id)", "Workers": [], "Plans": [{"Node Type": "Seq Scan", "Parent Relationship": "Outer", "Parallel Aware": true, "Async Capable": false, "Relation Name": "movie_keyword", "Alias": "mk", "Startup Cost": 0.0, "Total Cost": 39073.32, "Plan Rows": 1459332, "Plan Width": 8, "Actual Rows": 646276, "Actual Loops": 7, "Workers": []}, {"Node Type": "Hash", "Parent Relationship": "Inner", "Parallel Aware": true, "Async Capable": false, "Startup Cost": 45038.25, "Total Cost": 45038.25, "Plan Rows": 86, "Plan Width": 13, "Actual Rows": 746, "Actual Loops": 7, "Hash Buckets": 8192, "Original Hash Buckets": 1024, "Hash Batches": 1, "Original Hash Batches": 1, "Peak Memory Usage": 568, "Workers": [], "Plans": [{"Node Type": "Nested Loop", "Parent Relationship": "Outer", "Parallel Aware": false, "Async Capable": false, "Join Type": "Inner", "Startup Cost": 15350.63, "Total Cost": 45038.25, "Plan Rows": 86, "Plan Width": 13, "Actual Rows": 746, "Actual Loops": 7, "Inner Unique": true, "Workers": [], "Plans": [{"Node Type": "Hash Join", "Parent Relationship": "Outer", "Parallel Aware": true, "Async Capable": false, "Join Type": "Inner", "Startup Cost": 15350.21, "Total Cost": 44764.91, "Plan Rows": 381, "Plan Width": 17, "Actual Rows": 5626, "Actual Loops": 7, "Inner Unique": false, "Hash Cond": "(mc.movie_id = mi_idx.movie_id)", "Workers": [], "Plans": [{"Node Type": "Seq Scan", "Parent Relationship": "Outer", "Parallel Aware": true, "Async Capable": false, "Relation Name": "movie_companies", "Alias": "mc", "Startup Cost": 0.0, "Total Cost": 29344.68, "Plan Rows": 18247, "Plan Width": 8, "Actual Rows": 8168, "Actual Loops": 7, "Filter": "((note)::text ~~ '%(2006)%'::text)", "Rows Removed by Filter": 364565, "Workers": []}, {"Node Type": "Hash", "Parent Relationship": "Inner", "Parallel Aware": true, "Async Capable": false, "Startup Cost": 15286.6, "Total Cost": 15286.6, "Plan Rows": 5089, "Plan Width": 9, "Actual Rows": 65704, "Actual Loops": 7, "Hash Buckets": 524288, "Original Hash Buckets": 16384, "Hash Batches": 1, "Original Hash Batches": 1, "Peak Memory Usage": 26336, "Workers": [], "Plans": [{"Node Type": "Hash Join", "Parent Relationship": "Outer", "Parallel Aware": false, "Async Capable": false, "Join Type": "Inner", "Startup Cost": 2.43, "Total Cost": 15286.6, "Plan Rows": 5089, "Plan Width": 9, "Actual Rows": 65704, "Actual Loops": 7, "Inner Unique": true, "Hash Cond": "(mi_idx.info_type_id = it2.id)", "Workers": [], "Plans": [{"Node Type": "Seq Scan", "Parent Relationship": "Outer", "Parallel Aware": true, "Async Capable": false, "Relation Name": "movie_info_idx", "Alias": "mi_idx", "Startup Cost": 0.0, "Total Cost": 13718.15, "Plan Rows": 575015, "Plan Width": 13, "Actual Rows": 197148, "Actual Loops": 7, "Workers": []}, {"Node Type": "Hash", "Parent Relationship": "Inner", "Parallel Aware": false, "Async Capable": false, "Startup Cost": 2.41, "Total Cost": 2.41, "Plan Rows": 1, "Plan Width": 4, "Actual Rows": 1, "Actual Loops": 7, "Hash Buckets": 1024, "Original Hash Buckets": 1024, "Hash Batches": 1, "Original Hash Batches": 1, "Peak Memory Usage": 9, "Workers": [], "Plans": [{"Node Type": "Seq Scan", "Parent Relationship": "Outer", "Parallel Aware": false, "Async Capable": false, "Relation Name": "info_type", "Alias": "it2", "Startup Cost": 0.0, "Total Cost": 2.41, "Plan Rows": 1, "Plan Width": 4, "Actual Rows": 1, "Actual Loops": 7, "Filter": "((info)::text = 'votes'::text)", "Rows Removed by Filter": 112, "Workers": []}]}]}]}]}, {"Node Type": "Index Scan", "Parent Relationship": "Inner", "Parallel Aware": false, "Async Capable": false, "Scan Direction": "Forward", "Index Name": "company_name_pkey", "Relation Name": "company_name", "Alias": "cn", "Startup Cost": 0.42, "Total Cost": 0.72, "Plan Rows": 1, "Plan Width": 4, "Actual Rows": 0, "Actual Loops": 39382, "Index Cond": "(id = mc.company_id)", "Rows Removed by Index Recheck": 0, "Filter": "((name)::text ~~ '%Film%'::text)", "Rows Removed by Filter": 1, "Workers": []}]}]}]}, {"Node Type": "Index Scan", "Parent Relationship": "Inner", "Parallel Aware": false, "Async Capable": false, "Scan Direction": "Forward", "Index Name": "keyword_pkey", "Relation Name": "keyword", "Alias": "k", "Startup Cost": 0.42, "Total Cost": 0.44, "Plan Rows": 1, "Plan Width": 4, "Actual Rows": 0, "Actual Loops": 260283, "Index Cond": "(id = mk.keyword_id)", "Rows Removed by Index Recheck": 0, "Filter": "((keyword)::text = ANY ('{\"10,000-mile-club\",alienation,based-on-comic}'::text[]))", "Rows Removed by Filter": 1, "Workers": []}]}, {"Node Type": "Hash", "Parent Relationship": "Inner", "Parallel Aware": true, "Async Capable": false, "Startup Cost": 206205.55, "Total Cost": 206205.55, "Plan Rows": 151, "Plan Width": 47, "Actual Rows": 11632, "Actual Loops": 7, "Hash Buckets": 131072, "Original Hash Buckets": 1024, "Hash Batches": 1, "Original Hash Batches": 1, "Peak Memory Usage": 6008, "Workers": [], "Plans": [{"Node Type": "Hash Join", "Parent Relationship": "Outer", "Parallel Aware": false, "Async Capable": false, "Join Type": "Inner", "Startup Cost": 2.43, "Total Cost": 206205.55, "Plan Rows": 151, "Plan Width": 47, "Actual Rows": 11632, "Actual Loops": 7, "Inner Unique": true, "Hash Cond": "(mi.info_type_id = it1.id)", "Workers": [], "Plans": [{"Node Type": "Seq Scan", "Parent Relationship": "Outer", "Parallel Aware": true, "Async Capable": false, "Relation Name": "movie_info", "Alias": "mi", "Startup Cost": 0.0, "Total Cost": 206156.59, "Plan Rows": 17087, "Plan Width": 51, "Actual Rows": 12078, "Actual Loops": 7, "Filter": "((info)::text = ANY ('{Action,American,Bulgaria,Crime}'::text[]))", "Rows Removed by Filter": 2107310, "Workers": []}, {"Node Type": "Hash", "Parent Relationship": "Inner", "Parallel Aware": false, "Async Capable": false, "Startup Cost": 2.41, "Total Cost": 2.41, "Plan Rows": 1, "Plan Width": 4, "Actual Rows": 1, "Actual Loops": 7, "Hash Buckets": 1024, "Original Hash Buckets": 1024, "Hash Batches": 1, "Original Hash Batches": 1, "Peak Memory Usage": 9, "Workers": [], "Plans": [{"Node Type": "Seq Scan", "Parent Relationship": "Outer", "Parallel Aware": false, "Async Capable": false, "Relation Name": "info_type", "Alias": "it1", "Startup Cost": 0.0, "Total Cost": 2.41, "Plan Rows": 1, "Plan Width": 4, "Actual Rows": 1, "Actual Loops": 7, "Filter": "((info)::text = 'genres'::text)", "Rows Removed by Filter": 112, "Workers": []}]}]}]}]}]}]}]}]}, "Planning Time": 23.738, "Triggers": [], "Execution Time": 2254.241}, {"Plan": {"Node Type": "Aggregate", "Strategy": "Plain", "Partial Mode": "Finalize", "Parallel Aware": false, "Async Capable": false, "Startup Cost": 635070.63, "Total Cost": 635070.64, "Plan Rows": 1, "Plan Width": 128, "Actual Rows": 1, "Actual Loops": 1, "Plans": [{"Node Type": "Gather", "Parent Relationship": "Outer", "Parallel Aware": false, "Async Capable": false, "Startup Cost": 635070.07, "Total Cost": 635070.58, "Plan Rows": 5, "Plan Width": 128, "Actual Rows": 6, "Actual Loops": 1, "Workers Planned": 5, "Workers Launched": 5, "Single Copy": false, "Plans": [{"Node Type": "Aggregate", "Strategy": "Plain", "Partial Mode": "Partial", "Parent Relationship": "Outer", "Parallel Aware": false, "Async Capable": false, "Startup Cost": 634070.07, "Total Cost": 634070.08, "Plan Rows": 1, "Plan Width": 128, "Actual Rows": 1, "Actual Loops": 6, "Workers": [], "Plans": [{"Node Type": "Nested Loop", "Parent Relationship": "Outer", "Parallel Aware": false, "Async Capable": false, "Join Type": "Inner", "Startup Cost": 427865.92, "Total Cost": 634070.06, "Plan Rows": 1, "Plan Width": 80, "Actual Rows": 1, "Actual Loops": 6, "Inner Unique": true, "Workers": [], "Plans": [{"Node Type": "Nested Loop", "Parent Relationship": "Outer", "Parallel Aware": false, "Async Capable": false, "Join Type": "Inner", "Startup Cost": 427865.5, "Total Cost": 634069.35, "Plan Rows": 1, "Plan Width": 84, "Actual Rows": 3, "Actual Loops": 6, "Inner Unique": true, "Workers": [], "Plans": [{"Node Type": "Hash Join", "Parent Relationship": "Outer", "Parallel Aware": true, "Async Capable": false, "Join Type": "Inner", "Startup Cost": 427865.07, "Total Cost": 634068.79, "Plan Rows": 1, "Plan Width": 73, "Actual Rows": 3, "Actual Loops": 6, "Inner Unique": false, "Hash Cond": "(t.id = mi_idx.movie_id)", "Workers": [], "Plans": [{"Node Type": "Hash Join", "Parent Relationship": "Outer", "Parallel Aware": true, "Async Capable": false, "Join Type": "Inner", "Startup Cost": 45775.72, "Total Cost": 251979.42, "Plan Rows": 1, "Plan Width": 72, "Actual Rows": 18, "Actual Loops": 6, "Inner Unique": false, "Hash Cond": "(mi.movie_id = t.id)", "Workers": [], "Plans": [{"Node Type": "Hash Join", "Parent Relationship": "Outer", "Parallel Aware": false, "Async Capable": false, "Join Type": "Inner", "Startup Cost": 2.43, "Total Cost": 206205.55, "Plan Rows": 151, "Plan Width": 47, "Actual Rows": 13571, "Actual Loops": 6, "Inner Unique": true, "Hash Cond": "(mi.info_type_id = it1.id)", "Workers": [], "Plans": [{"Node Type": "Seq Scan", "Parent Relationship": "Outer", "Parallel Aware": true, "Async Capable": false, "Relation Name": "movie_info", "Alias": "mi", "Startup Cost": 0.0, "Total Cost": 206156.59, "Plan Rows": 17087, "Plan Width": 51, "Actual Rows": 14091, "Actual Loops": 6, "Filter": "((info)::text = ANY ('{Action,American,Bulgaria,Crime}'::text[]))", "Rows Removed by Filter": 2458529, "Workers": []}, {"Node Type": "Hash", "Parent Relationship": "Inner", "Parallel Aware": false, "Async Capable": false, "Startup Cost": 2.41, "Total Cost": 2.41, "Plan Rows": 1, "Plan Width": 4, "Actual Rows": 1, "Actual Loops": 6, "Hash Buckets": 1024, "Original Hash Buckets": 1024, "Hash Batches": 1, "Original Hash Batches": 1, "Peak Memory Usage": 9, "Workers": [], "Plans": [{"Node Type": "Seq Scan", "Parent Relationship": "Outer", "Parallel Aware": false, "Async Capable": false, "Relation Name": "info_type", "Alias": "it1", "Startup Cost": 0.0, "Total Cost": 2.41, "Plan Rows": 1, "Plan Width": 4, "Actual Rows": 1, "Actual Loops": 6, "Filter": "((info)::text = 'genres'::text)", "Rows Removed by Filter": 112, "Workers": []}]}]}, {"Node Type": "Hash", "Parent Relationship": "Inner", "Parallel Aware": true, "Async Capable": false, "Startup Cost": 45773.23, "Total Cost": 45773.23, "Plan Rows": 5, "Plan Width": 25, "Actual Rows": 103, "Actual Loops": 6, "Hash Buckets": 1024, "Original Hash Buckets": 1024, "Hash Batches": 1, "Original Hash Batches": 1, "Peak Memory Usage": 200, "Workers": [], "Plans": [{"Node Type": "Nested Loop", "Parent Relationship": "Outer", "Parallel Aware": false, "Async Capable": false, "Join Type": "Inner", "Startup Cost": 2853.3, "Total Cost": 45773.23, "Plan Rows": 5, "Plan Width": 25, "Actual Rows": 103, "Actual Loops": 6, "Inner Unique": true, "Workers": [], "Plans": [{"Node Type": "Hash Join", "Parent Relationship": "Outer", "Parallel Aware": false, "Async Capable": false, "Join Type": "Inner", "Startup Cost": 2852.88, "Total Cost": 45757.07, "Plan Rows": 33, "Plan Width": 4, "Actual Rows": 409, "Actual Loops": 6, "Inner Unique": true, "Hash Cond": "(mk.keyword_id = k.id)", "Workers": [], "Plans": [{"Node Type": "Seq Scan", "Parent Relationship": "Outer", "Parallel Aware": true, "Async Capable": false, "Relation Name": "movie_keyword", "Alias": "mk", "Startup Cost": 0.0, "Total Cost": 39073.32, "Plan Rows": 1459332, "Plan Width": 8, "Actual Rows": 753988, "Actual Loops": 6, "Workers": []}, {"Node Type": "Hash", "Parent Relationship": "Inner", "Parallel Aware": false, "Async Capable": false, "Startup Cost": 2852.84, "Total Cost": 2852.84, "Plan Rows": 3, "Plan Width": 4, "Actual Rows": 3, "Actual Loops": 6, "Hash Buckets": 1024, "Original Hash Buckets": 1024, "Hash Batches": 1, "Original Hash Batches": 1, "Peak Memory Usage": 9, "Workers": [], "Plans": [{"Node Type": "Seq Scan", "Parent Relationship": "Outer", "Parallel Aware": false, "Async Capable": false, "Relation Name": "keyword", "Alias": "k", "Startup Cost": 0.0, "Total Cost": 2852.84, "Plan Rows": 3, "Plan Width": 4, "Actual Rows": 3, "Actual Loops": 6, "Filter": "((keyword)::text = ANY ('{\"10,000-mile-club\",alienation,based-on-comic}'::text[]))", "Rows Removed by Filter": 134167, "Workers": []}]}]}, {"Node Type": "Index Scan", "Parent Relationship": "Inner", "Parallel Aware": false, "Async Capable": false, "Scan Direction": "Forward", "Index Name": "title_pkey", "Relation Name": "title", "Alias": "t", "Startup Cost": 0.43, "Total Cost": 0.49, "Plan Rows": 1, "Plan Width": 21, "Actual Rows": 0, "Actual Loops": 2455, "Index Cond": "(id = mk.movie_id)", "Rows Removed by Index Recheck": 0, "Filter": "(production_year <= 1972)", "Rows Removed by Filter": 1, "Workers": []}]}]}]}, {"Node Type": "Hash", "Parent Relationship": "Inner", "Parallel Aware": true, "Async Capable": false, "Startup Cost": 382086.01, "Total Cost": 382086.01, "Plan Rows": 267, "Plan Width": 25, "Actual Rows": 19324, "Actual Loops": 6, "Hash Buckets": 131072, "Original Hash Buckets": 2048, "Hash Batches": 1, "Original Hash Batches": 1, "Peak Memory Usage": 8848, "Workers": [], "Plans": [{"Node Type": "Hash Join", "Parent Relationship": "Outer", "Parallel Aware": true, "Async Capable": false, "Join Type": "Inner", "Startup Cost": 44769.67, "Total Cost": 382086.01, "Plan Rows": 267, "Plan Width": 25, "Actual Rows": 19324, "Actual Loops": 6, "Inner Unique": false, "Hash Cond": "(ci.movie_id = mi_idx.movie_id)", "Workers": [], "Plans": [{"Node Type": "Seq Scan", "Parent Relationship": "Outer", "Parallel Aware": true, "Async Capable": false, "Relation Name": "cast_info", "Alias": "ci", "Startup Cost": 0.0, "Total Cost": 335756.3, "Plan Rows": 415604, "Plan Width": 8, "Actual Rows": 406394, "Actual Loops": 6, "Filter": "((note)::text = ANY ('{\"(executive producer)\",\"(head writer)\",(producer)}'::text[]))", "Rows Removed by Filter": 5634330, "Workers": []}, {"Node Type": "Hash", "Parent Relationship": "Inner", "Parallel Aware": true, "Async Capable": false, "Startup Cost": 44764.91, "Total Cost": 44764.91, "Plan Rows": 381, "Plan Width": 17, "Actual Rows": 6564, "Actual Loops": 6, "Hash Buckets": 65536, "Original Hash Buckets": 2048, "Hash Batches": 1, "Original Hash Batches": 1, "Peak Memory Usage": 2992, "Workers": [], "Plans": [{"Node Type": "Hash Join", "Parent Relationship": "Outer", "Parallel Aware": true, "Async Capable": false, "Join Type": "Inner", "Startup Cost": 15350.21, "Total Cost": 44764.91, "Plan Rows": 381, "Plan Width": 17, "Actual Rows": 6564, "Actual Loops": 6, "Inner Unique": false, "Hash Cond": "(mc.movie_id = mi_idx.movie_id)", "Workers": [], "Plans": [{"Node Type": "Seq Scan", "Parent Relationship": "Outer", "Parallel Aware": true, "Async Capable": false, "Relation Name": "movie_companies", "Alias": "mc", "Startup Cost": 0.0, "Total Cost": 29344.68, "Plan Rows": 18247, "Plan Width": 8, "Actual Rows": 9529, "Actual Loops": 6, "Filter": "((note)::text ~~ '%(2006)%'::text)", "Rows Removed by Filter": 425326, "Workers": []}, {"Node Type": "Hash", "Parent Relationship": "Inner", "Parallel Aware": true, "Async Capable": false, "Startup Cost": 15286.6, "Total Cost": 15286.6, "Plan Rows": 5089, "Plan Width": 9, "Actual Rows": 76654, "Actual Loops": 6, "Hash Buckets": 524288, "Original Hash Buckets": 16384, "Hash Batches": 1, "Original Hash Batches": 1, "Peak Memory Usage": 26304, "Workers": [], "Plans": [{"Node Type": "Hash Join", "Parent Relationship": "Outer", "Parallel Aware": false, "Async Capable": false, "Join Type": "Inner", "Startup Cost": 2.43, "Total Cost": 15286.6, "Plan Rows": 5089, "Plan Width": 9, "Actual Rows": 76654, "Actual Loops": 6, "Inner Unique": true, "Hash Cond": "(mi_idx.info_type_id = it2.id)", "Workers": [], "Plans": [{"Node Type": "Seq Scan", "Parent Relationship": "Outer", "Parallel Aware": true, "Async Capable": false, "Relation Name": "movie_info_idx", "Alias": "mi_idx", "Startup Cost": 0.0, "Total Cost": 13718.15, "Plan Rows": 575015, "Plan Width": 13, "Actual Rows": 230006, "Actual Loops": 6, "Workers": []}, {"Node Type": "Hash", "Parent Relationship": "Inner", "Parallel Aware": false, "Async Capable": false, "Startup Cost": 2.41, "Total Cost": 2.41, "Plan Rows": 1, "Plan Width": 4, "Actual Rows": 1, "Actual Loops": 6, "Hash Buckets": 1024, "Original Hash Buckets": 1024, "Hash Batches": 1, "Original Hash Batches": 1, "Peak Memory Usage": 9, "Workers": [], "Plans": [{"Node Type": "Seq Scan", "Parent Relationship": "Outer", "Parallel Aware": false, "Async Capable": false, "Relation Name": "info_type", "Alias": "it2", "Startup Cost": 0.0, "Total Cost": 2.41, "Plan Rows": 1, "Plan Width": 4, "Actual Rows": 1, "Actual Loops": 6, "Filter": "((info)::text = 'votes'::text)", "Rows Removed by Filter": 112, "Workers": []}]}]}]}]}]}]}]}]}, {"Node Type": "Index Scan", "Parent Relationship": "Inner", "Parallel Aware": false, "Async Capable": false, "Scan Direction": "Forward", "Index Name": "name_pkey", "Relation Name": "name", "Alias": "n", "Startup Cost": 0.43, "Total Cost": 0.56, "Plan Rows": 1, "Plan Width": 19, "Actual Rows": 1, "Actual Loops": 17, "Index Cond": "(id = ci.person_id)", "Rows Removed by Index Recheck": 0, "Workers": []}]}, {"Node Type": "Index Scan", "Parent Relationship": "Inner", "Parallel Aware": false, "Async Capable": false, "Scan Direction": "Forward", "Index Name": "company_name_pkey", "Relation Name": "company_name", "Alias": "cn", "Startup Cost": 0.42, "Total Cost": 0.72, "Plan Rows": 1, "Plan Width": 4, "Actual Rows": 0, "Actual Loops": 17, "Index Cond": "(id = mc.company_id)", "Rows Removed by Index Recheck": 0, "Filter": "((name)::text ~~ '%Film%'::text)", "Rows Removed by Filter": 1, "Workers": []}]}]}]}]}, "Planning Time": 23.208, "Triggers": [], "Execution Time": 1795.465}, {"Plan": {"Node Type": "Aggregate", "Strategy": "Plain", "Partial Mode": "Simple", "Parallel Aware": false, "Async Capable": false, "Startup Cost": 717320.2, "Total Cost": 717320.21, "Plan Rows": 1, "Plan Width": 128, "Actual Rows": 1, "Actual Loops": 1, "Plans": [{"Node Type": "Gather", "Parent Relationship": "Outer", "Parallel Aware": false, "Async Capable": false, "Startup Cost": 672395.23, "Total Cost": 717320.19, "Plan Rows": 1, "Plan Width": 80, "Actual Rows": 6, "Actual Loops": 1, "Workers Planned": 3, "Workers Launched": 3, "Single Copy": false, "Plans": [{"Node Type": "Hash Join", "Parent Relationship": "Outer", "Parallel Aware": true, "Async Capable": false, "Join Type": "Inner", "Startup Cost": 671395.23, "Total Cost": 716320.09, "Plan Rows": 1, "Plan Width": 80, "Actual Rows": 2, "Actual Loops": 4, "Inner Unique": false, "Hash Cond": "(mi.movie_id = t.id)", "Workers": [], "Plans": [{"Node Type": "Hash Join", "Parent Relationship": "Outer", "Parallel Aware": true, "Async Capable": false, "Join Type": "Inner", "Startup Cost": 251247.18, "Total Cost": 296172.03, "Plan Rows": 1, "Plan Width": 64, "Actual Rows": 12, "Actual Loops": 4, "Inner Unique": false, "Hash Cond": "(mi_idx.movie_id = mi.movie_id)", "Workers": [], "Plans": [{"Node Type": "Nested Loop", "Parent Relationship": "Outer", "Parallel Aware": false, "Async Capable": false, "Join Type": "Inner", "Startup Cost": 45039.74, "Total Cost": 89964.54, "Plan Rows": 1, "Plan Width": 17, "Actual Rows": 20, "Actual Loops": 4, "Inner Unique": true, "Workers": [], "Plans": [{"Node Type": "Hash Join", "Parent Relationship": "Outer", "Parallel Aware": true, "Async Capable": false, "Join Type": "Inner", "Startup Cost": 45039.32, "Total Cost": 89587.89, "Plan Rows": 851, "Plan Width": 21, "Actual Rows": 65071, "Actual Loops": 4, "Inner Unique": false, "Hash Cond": "(mk.movie_id = mi_idx.movie_id)", "Workers": [], "Plans": [{"Node Type": "Seq Scan", "Parent Relationship": "Outer", "Parallel Aware": true, "Async Capable": false, "Relation Name": "movie_keyword", "Alias": "mk", "Startup Cost": 0.0, "Total Cost": 39073.32, "Plan Rows": 1459332, "Plan Width": 8, "Actual Rows": 1130982, "Actual Loops": 4, "Workers": []}, {"Node Type": "Hash", "Parent Relationship": "Inner", "Parallel Aware": true, "Async Capable": false, "Startup Cost": 45038.25, "Total Cost": 45038.25, "Plan Rows": 86, "Plan Width": 13, "Actual Rows": 1306, "Actual Loops": 4, "Hash Buckets": 8192, "Original Hash Buckets": 1024, "Hash Batches": 1, "Original Hash Batches": 1, "Peak Memory Usage": 472, "Workers": [], "Plans": [{"Node Type": "Nested Loop", "Parent Relationship": "Outer", "Parallel Aware": false, "Async Capable": false, "Join Type": "Inner", "Startup Cost": 15350.63, "Total Cost": 45038.25, "Plan Rows": 86, "Plan Width": 13, "Actual Rows": 1306, "Actual Loops": 4, "Inner Unique": true, "Workers": [], "Plans": [{"Node Type": "Hash Join", "Parent Relationship": "Outer", "Parallel Aware": true, "Async Capable": false, "Join Type": "Inner", "Startup Cost": 15350.21, "Total Cost": 44764.91, "Plan Rows": 381, "Plan Width": 17, "Actual Rows": 9846, "Actual Loops": 4, "Inner Unique": false, "Hash Cond": "(mc.movie_id = mi_idx.movie_id)", "Workers": [], "Plans": [{"Node Type": "Seq Scan", "Parent Relationship": "Outer", "Parallel Aware": true, "Async Capable": false, "Relation Name": "movie_companies", "Alias": "mc", "Startup Cost": 0.0, "Total Cost": 29344.68, "Plan Rows": 18247, "Plan Width": 8, "Actual Rows": 14293, "Actual Loops": 4, "Filter": "((note)::text ~~ '%(2006)%'::text)", "Rows Removed by Filter": 637989, "Workers": []}, {"Node Type": "Hash", "Parent Relationship": "Inner", "Parallel Aware": true, "Async Capable": false, "Startup Cost": 15286.6, "Total Cost": 15286.6, "Plan Rows": 5089, "Plan Width": 9, "Actual Rows": 114981, "Actual Loops": 4, "Hash Buckets": 524288, "Original Hash Buckets": 16384, "Hash Batches": 1, "Original Hash Batches": 1, "Peak Memory Usage": 26304, "Workers": [], "Plans": [{"Node Type": "Hash Join", "Parent Relationship": "Outer", "Parallel Aware": false, "Async Capable": false, "Join Type": "Inner", "Startup Cost": 2.43, "Total Cost": 15286.6, "Plan Rows": 5089, "Plan Width": 9, "Actual Rows": 114981, "Actual Loops": 4, "Inner Unique": true, "Hash Cond": "(mi_idx.info_type_id = it2.id)", "Workers": [], "Plans": [{"Node Type": "Seq Scan", "Parent Relationship": "Outer", "Parallel Aware": true, "Async Capable": false, "Relation Name": "movie_info_idx", "Alias": "mi_idx", "Startup Cost": 0.0, "Total Cost": 13718.15, "Plan Rows": 575015, "Plan Width": 13, "Actual Rows": 345009, "Actual Loops": 4, "Workers": []}, {"Node Type": "Hash", "Parent Relationship": "Inner", "Parallel Aware": false, "Async Capable": false, "Startup Cost": 2.41, "Total Cost": 2.41, "Plan Rows": 1, "Plan Width": 4, "Actual Rows": 1, "Actual Loops": 4, "Hash Buckets": 1024, "Original Hash Buckets": 1024, "Hash Batches": 1, "Original Hash Batches": 1, "Peak Memory Usage": 9, "Workers": [], "Plans": [{"Node Type": "Seq Scan", "Parent Relationship": "Outer", "Parallel Aware": false, "Async Capable": false, "Relation Name": "info_type", "Alias": "it2", "Startup Cost": 0.0, "Total Cost": 2.41, "Plan Rows": 1, "Plan Width": 4, "Actual Rows": 1, "Actual Loops": 4, "Filter": "((info)::text = 'votes'::text)", "Rows Removed by Filter": 112, "Workers": []}]}]}]}]}, {"Node Type": "Index Scan", "Parent Relationship": "Inner", "Parallel Aware": false, "Async Capable": false, "Scan Direction": "Forward", "Index Name": "company_name_pkey", "Relation Name": "company_name", "Alias": "cn", "Startup Cost": 0.42, "Total Cost": 0.72, "Plan Rows": 1, "Plan Width": 4, "Actual Rows": 0, "Actual Loops": 39382, "Index Cond": "(id = mc.company_id)", "Rows Removed by Index Recheck": 0, "Filter": "((name)::text ~~ '%Film%'::text)", "Rows Removed by Filter": 1, "Workers": []}]}]}]}, {"Node Type": "Index Scan", "Parent Relationship": "Inner", "Parallel Aware": false, "Async Capable": false, "Scan Direction": "Forward", "Index Name": "keyword_pkey", "Relation Name": "keyword", "Alias": "k", "Startup Cost": 0.42, "Total Cost": 0.44, "Plan Rows": 1, "Plan Width": 4, "Actual Rows": 0, "Actual Loops": 260283, "Index Cond": "(id = mk.keyword_id)", "Rows Removed by Index Recheck": 0, "Filter": "((keyword)::text = ANY ('{\"10,000-mile-club\",alienation,based-on-comic}'::text[]))", "Rows Removed by Filter": 1, "Workers": []}]}, {"Node Type": "Hash", "Parent Relationship": "Inner", "Parallel Aware": true, "Async Capable": false, "Startup Cost": 206205.55, "Total Cost": 206205.55, "Plan Rows": 151, "Plan Width": 47, "Actual Rows": 20357, "Actual Loops": 4, "Hash Buckets": 131072, "Original Hash Buckets": 1024, "Hash Batches": 1, "Original Hash Batches": 1, "Peak Memory Usage": 5912, "Workers": [], "Plans": [{"Node Type": "Hash Join", "Parent Relationship": "Outer", "Parallel Aware": false, "Async Capable": false, "Join Type": "Inner", "Startup Cost": 2.43, "Total Cost": 206205.55, "Plan Rows": 151, "Plan Width": 47, "Actual Rows": 20357, "Actual Loops": 4, "Inner Unique": true, "Hash Cond": "(mi.info_type_id = it1.id)", "Workers": [], "Plans": [{"Node Type": "Seq Scan", "Parent Relationship": "Outer", "Parallel Aware": true, "Async Capable": false, "Relation Name": "movie_info", "Alias": "mi", "Startup Cost": 0.0, "Total Cost": 206156.59, "Plan Rows": 17087, "Plan Width": 51, "Actual Rows": 21137, "Actual Loops": 4, "Filter": "((info)::text = ANY ('{Action,American,Bulgaria,Crime}'::text[]))", "Rows Removed by Filter": 3687793, "Workers": []}, {"Node Type": "Hash", "Parent Relationship": "Inner", "Parallel Aware": false, "Async Capable": false, "Startup Cost": 2.41, "Total Cost": 2.41, "Plan Rows": 1, "Plan Width": 4, "Actual Rows": 1, "Actual Loops": 4, "Hash Buckets": 1024, "Original Hash Buckets": 1024, "Hash Batches": 1, "Original Hash Batches": 1, "Peak Memory Usage": 9, "Workers": [], "Plans": [{"Node Type": "Seq Scan", "Parent Relationship": "Outer", "Parallel Aware": false, "Async Capable": false, "Relation Name": "info_type", "Alias": "it1", "Startup Cost": 0.0, "Total Cost": 2.41, "Plan Rows": 1, "Plan Width": 4, "Actual Rows": 1, "Actual Loops": 4, "Filter": "((info)::text = 'genres'::text)", "Rows Removed by Filter": 112, "Workers": []}]}]}]}]}, {"Node Type": "Hash", "Parent Relationship": "Inner", "Parallel Aware": true, "Async Capable": false, "Startup Cost": 419316.81, "Total Cost": 419316.81, "Plan Rows": 66499, "Plan Width": 40, "Actual Rows": 50578, "Actual Loops": 4, "Hash Buckets": 524288, "Original Hash Buckets": 524288, "Hash Batches": 1, "Original Hash Batches": 1, "Peak Memory Usage": 19584, "Workers": [], "Plans": [{"Node Type": "Nested Loop", "Parent Relationship": "Outer", "Parallel Aware": false, "Async Capable": false, "Join Type": "Inner", "Startup Cost": 45173.6, "Total Cost": 419316.81, "Plan Rows": 66499, "Plan Width": 40, "Actual Rows": 50578, "Actual Loops": 4, "Inner Unique": true, "Workers": [], "Plans": [{"Node Type": "Hash Join", "Parent Relationship": "Outer", "Parallel Aware": true, "Async Capable": false, "Join Type": "Inner", "Startup Cost": 45173.17, "Total Cost": 382020.43, "Plan Rows": 66499, "Plan Width": 29, "Actual Rows": 50578, "Actual Loops": 4, "Inner Unique": true, "Hash Cond": "(ci.movie_id = t.id)", "Workers": [], "Plans": [{"Node Type": "Seq Scan", "Parent Relationship": "Outer", "Parallel Aware": true, "Async Capable": false, "Relation Name": "cast_info", "Alias": "ci", "Startup Cost": 0.0, "Total Cost": 335756.3, "Plan Rows": 415604, "Plan Width": 8, "Actual Rows": 609592, "Actual Loops": 4, "Filter": "((note)::text = ANY ('{\"(executive producer)\",\"(head writer)\",(producer)}'::text[]))", "Rows Removed by Filter": 8451494, "Workers": []}, {"Node Type": "Hash", "Parent Relationship": "Inner", "Parallel Aware": true, "Async Capable": false, "Startup Cost": 43908.97, "Total Cost": 43908.97, "Plan Rows": 101136, "Plan Width": 21, "Actual Rows": 102374, "Actual Loops": 4, "Hash Buckets": 524288, "Original Hash Buckets": 524288, "Hash Batches": 1, "Original Hash Batches": 1, "Peak Memory Usage": 27584, "Workers": [], "Plans": [{"Node Type": "Seq Scan", "Parent Relationship": "Outer", "Parallel Aware": true, "Async Capable": false, "Relation Name": "title", "Alias": "t", "Startup Cost": 0.0, "Total Cost": 43908.97, "Plan Rows": 101136, "Plan Width": 21, "Actual Rows": 102374, "Actual Loops": 4, "Filter": "(production_year <= 1972)", "Rows Removed by Filter": 529704, "Workers": []}]}]}, {"Node Type": "Index Scan", "Parent Relationship": "Inner", "Parallel Aware": false, "Async Capable": false, "Scan Direction": "Forward", "Index Name": "name_pkey", "Relation Name": "name", "Alias": "n", "Startup Cost": 0.43, "Total Cost": 0.56, "Plan Rows": 1, "Plan Width": 19, "Actual Rows": 1, "Actual Loops": 202311, "Index Cond": "(id = ci.person_id)", "Rows Removed by Index Recheck": 0, "Workers": []}]}]}]}]}]}, "Planning Time": 23.869, "Triggers": [], "Execution Time": 4233.499}, {"Plan": {"Node Type": "Aggregate", "Strategy": "Plain", "Partial Mode": "Finalize", "Parallel Aware": false, "Async Capable": false, "Startup Cost": 634418.65, "Total Cost": 634418.66, "Plan Rows": 1, "Plan Width": 128, "Actual Rows": 1, "Actual Loops": 1, "Plans": [{"Node Type": "Gather", "Parent Relationship": "Outer", "Parallel Aware": false, "Async Capable": false, "Startup Cost": 634418.31, "Total Cost": 634418.62, "Plan Rows": 3, "Plan Width": 128, "Actual Rows": 4, "Actual Loops": 1, "Workers Planned": 3, "Workers Launched": 3, "Single Copy": false, "Plans": [{"Node Type": "Aggregate", "Strategy": "Plain", "Partial Mode": "Partial", "Parent Relationship": "Outer", "Parallel Aware": false, "Async Capable": false, "Startup Cost": 633418.31, "Total Cost": 633418.32, "Plan Rows": 1, "Plan Width": 128, "Actual Rows": 1, "Actual Loops": 4, "Workers": [], "Plans": [{"Node Type": "Nested Loop", "Parent Relationship": "Outer", "Parallel Aware": false, "Async Capable": false, "Join Type": "Inner", "Startup Cost": 588871.17, "Total Cost": 633418.3, "Plan Rows": 1, "Plan Width": 80, "Actual Rows": 2, "Actual Loops": 4, "Inner Unique": true, "Workers": [], "Plans": [{"Node Type": "Nested Loop", "Parent Relationship": "Outer", "Parallel Aware": false, "Async Capable": false, "Join Type": "Inner", "Startup Cost": 588870.75, "Total Cost": 633417.85, "Plan Rows": 1, "Plan Width": 84, "Actual Rows": 2230, "Actual Loops": 4, "Inner Unique": true, "Workers": [], "Plans": [{"Node Type": "Hash Join", "Parent Relationship": "Outer", "Parallel Aware": true, "Async Capable": false, "Join Type": "Inner", "Startup Cost": 588870.32, "Total Cost": 633417.28, "Plan Rows": 1, "Plan Width": 73, "Actual Rows": 2230, "Actual Loops": 4, "Inner Unique": false, "Hash Cond": "(t.id = mi_idx.movie_id)", "Workers": [], "Plans": [{"Node Type": "Hash Join", "Parent Relationship": "Outer", "Parallel Aware": true, "Async Capable": false, "Join Type": "Inner", "Startup Cost": 206592.01, "Total Cost": 251137.97, "Plan Rows": 265, "Plan Width": 76, "Actual Rows": 65434, "Actual Loops": 4, "Inner Unique": false, "Hash Cond": "(mk.movie_id = t.id)", "Workers": [], "Plans": [{"Node Type": "Seq Scan", "Parent Relationship": "Outer", "Parallel Aware": true, "Async Capable": false, "Relation Name": "movie_keyword", "Alias": "mk", "Startup Cost": 0.0, "Total Cost": 39073.32, "Plan Rows": 1459332, "Plan Width": 8, "Actual Rows": 1130982, "Actual Loops": 4, "Workers": []}, {"Node Type": "Hash", "Parent Relationship": "Inner", "Parallel Aware": true, "Async Capable": false, "Startup Cost": 206591.71, "Total Cost": 206591.71, "Plan Rows": 24, "Plan Width": 68, "Actual Rows": 3801, "Actual Loops": 4, "Hash Buckets": 16384, "Original Hash Buckets": 1024, "Hash Batches": 1, "Original Hash Batches": 1, "Peak Memory Usage": 1336, "Workers": [], "Plans": [{"Node Type": "Nested Loop", "Parent Relationship": "Outer", "Parallel Aware": false, "Async Capable": false, "Join Type": "Inner", "Startup Cost": 2.86, "Total Cost": 206591.71, "Plan Rows": 24, "Plan Width": 68, "Actual Rows": 3801, "Actual Loops": 4, "Inner Unique": true, "Workers": [], "Plans": [{"Node Type": "Hash Join", "Parent Relationship": "Outer", "Parallel Aware": false, "Async Capable": false, "Join Type": "Inner", "Startup Cost": 2.43, "Total Cost": 206205.55, "Plan Rows": 151, "Plan Width": 47, "Actual Rows": 20357, "Actual Loops": 4, "Inner Unique": true, "Hash Cond": "(mi.info_type_id = it1.id)", "Workers": [], "Plans": [{"Node Type": "Seq Scan", "Parent Relationship": "Outer", "Parallel Aware": true, "Async Capable": false, "Relation Name": "movie_info", "Alias": "mi", "Startup Cost": 0.0, "Total Cost": 206156.59, "Plan Rows": 17087, "Plan Width": 51, "Actual Rows": 21137, "Actual Loops": 4, "Filter": "((info)::text = ANY ('{Action,American,Bulgaria,Crime}'::text[]))", "Rows Removed by Filter": 3687793, "Workers": []}, {"Node Type": "Hash", "Parent Relationship": "Inner", "Parallel Aware": false, "Async Capable": false, "Startup Cost": 2.41, "Total Cost": 2.41, "Plan Rows": 1, "Plan Width": 4, "Actual Rows": 1, "Actual Loops": 4, "Hash Buckets": 1024, "Original Hash Buckets": 1024, "Hash Batches": 1, "Original Hash Batches": 1, "Peak Memory Usage": 9, "Workers": [], "Plans": [{"Node Type": "Seq Scan", "Parent Relationship": "Outer", "Parallel Aware": false, "Async Capable": false, "Relation Name": "info_type", "Alias": "it1", "Startup Cost": 0.0, "Total Cost": 2.41, "Plan Rows": 1, "Plan Width": 4, "Actual Rows": 1, "Actual Loops": 4, "Filter": "((info)::text = 'genres'::text)", "Rows Removed by Filter": 112, "Workers": []}]}]}, {"Node Type": "Index Scan", "Parent Relationship": "Inner", "Parallel Aware": false, "Async Capable": false, "Scan Direction": "Forward", "Index Name": "title_pkey", "Relation Name": "title", "Alias": "t", "Startup Cost": 0.43, "Total Cost": 2.56, "Plan Rows": 1, "Plan Width": 21, "Actual Rows": 0, "Actual Loops": 81427, "Index Cond": "(id = mi.movie_id)", "Rows Removed by Index Recheck": 0, "Filter": "(production_year <= 1972)", "Rows Removed by Filter": 1, "Workers": []}]}]}]}, {"Node Type": "Hash", "Parent Relationship": "Inner", "Parallel Aware": true, "Async Capable": false, "Startup Cost": 382277.56, "Total Cost": 382277.56, "Plan Rows": 60, "Plan Width": 21, "Actual Rows": 4039, "Actual Loops": 4, "Hash Buckets": 16384, "Original Hash Buckets": 1024, "Hash Batches": 1, "Original Hash Batches": 1, "Peak Memory Usage": 1208, "Workers": [], "Plans": [{"Node Type": "Nested Loop", "Parent Relationship": "Outer", "Parallel Aware": false, "Async Capable": false, "Join Type": "Inner", "Startup Cost": 44770.09, "Total Cost": 382277.56, "Plan Rows": 60, "Plan Width": 21, "Actual Rows": 4039, "Actual Loops": 4, "Inner Unique": true, "Workers": [], "Plans": [{"Node Type": "Hash Join", "Parent Relationship": "Outer", "Parallel Aware": true, "Async Capable": false, "Join Type": "Inner", "Startup Cost": 44769.67, "Total Cost": 382086.01, "Plan Rows": 267, "Plan Width": 25, "Actual Rows": 28985, "Actual Loops": 4, "Inner Unique": false, "Hash Cond": "(ci.movie_id = mi_idx.movie_id)", "Workers": [], "Plans": [{"Node Type": "Seq Scan", "Parent Relationship": "Outer", "Parallel Aware": true, "Async Capable": false, "Relation Name": "cast_info", "Alias": "ci", "Startup Cost": 0.0, "Total Cost": 335756.3, "Plan Rows": 415604, "Plan Width": 8, "Actual Rows": 609592, "Actual Loops": 4, "Filter": "((note)::text = ANY ('{\"(executive producer)\",\"(head writer)\",(producer)}'::text[]))", "Rows Removed by Filter": 8451494, "Workers": []}, {"Node Type": "Hash", "Parent Relationship": "Inner", "Parallel Aware": true, "Async Capable": false, "Startup Cost": 44764.91, "Total Cost": 44764.91, "Plan Rows": 381, "Plan Width": 17, "Actual Rows": 9846, "Actual Loops": 4, "Hash Buckets": 65536, "Original Hash Buckets": 2048, "Hash Batches": 1, "Original Hash Batches": 1, "Peak Memory Usage": 2992, "Workers": [], "Plans": [{"Node Type": "Hash Join", "Parent Relationship": "Outer", "Parallel Aware": true, "Async Capable": false, "Join Type": "Inner", "Startup Cost": 15350.21, "Total Cost": 44764.91, "Plan Rows": 381, "Plan Width": 17, "Actual Rows": 9846, "Actual Loops": 4, "Inner Unique": false, "Hash Cond": "(mc.movie_id = mi_idx.movie_id)", "Workers": [], "Plans": [{"Node Type": "Seq Scan", "Parent Relationship": "Outer", "Parallel Aware": true, "Async Capable": false, "Relation Name": "movie_companies", "Alias": "mc", "Startup Cost": 0.0, "Total Cost": 29344.68, "Plan Rows": 18247, "Plan Width": 8, "Actual Rows": 14293, "Actual Loops": 4, "Filter": "((note)::text ~~ '%(2006)%'::text)", "Rows Removed by Filter": 637989, "Workers": []}, {"Node Type": "Hash", "Parent Relationship": "Inner", "Parallel Aware": true, "Async Capable": false, "Startup Cost": 15286.6, "Total Cost": 15286.6, "Plan Rows": 5089, "Plan Width": 9, "Actual Rows": 114981, "Actual Loops": 4, "Hash Buckets": 524288, "Original Hash Buckets": 16384, "Hash Batches": 1, "Original Hash Batches": 1, "Peak Memory Usage": 26304, "Workers": [], "Plans": [{"Node Type": "Hash Join", "Parent Relationship": "Outer", "Parallel Aware": false, "Async Capable": false, "Join Type": "Inner", "Startup Cost": 2.43, "Total Cost": 15286.6, "Plan Rows": 5089, "Plan Width": 9, "Actual Rows": 114981, "Actual Loops": 4, "Inner Unique": true, "Hash Cond": "(mi_idx.info_type_id = it2.id)", "Workers": [], "Plans": [{"Node Type": "Seq Scan", "Parent Relationship": "Outer", "Parallel Aware": true, "Async Capable": false, "Relation Name": "movie_info_idx", "Alias": "mi_idx", "Startup Cost": 0.0, "Total Cost": 13718.15, "Plan Rows": 575015, "Plan Width": 13, "Actual Rows": 345009, "Actual Loops": 4, "Workers": []}, {"Node Type": "Hash", "Parent Relationship": "Inner", "Parallel Aware": false, "Async Capable": false, "Startup Cost": 2.41, "Total Cost": 2.41, "Plan Rows": 1, "Plan Width": 4, "Actual Rows": 1, "Actual Loops": 4, "Hash Buckets": 1024, "Original Hash Buckets": 1024, "Hash Batches": 1, "Original Hash Batches": 1, "Peak Memory Usage": 9, "Workers": [], "Plans": [{"Node Type": "Seq Scan", "Parent Relationship": "Outer", "Parallel Aware": false, "Async Capable": false, "Relation Name": "info_type", "Alias": "it2", "Startup Cost": 0.0, "Total Cost": 2.41, "Plan Rows": 1, "Plan Width": 4, "Actual Rows": 1, "Actual Loops": 4, "Filter": "((info)::text = 'votes'::text)", "Rows Removed by Filter": 112, "Workers": []}]}]}]}]}]}]}, {"Node Type": "Index Scan", "Parent Relationship": "Inner", "Parallel Aware": false, "Async Capable": false, "Scan Direction": "Forward", "Index Name": "company_name_pkey", "Relation Name": "company_name", "Alias": "cn", "Startup Cost": 0.42, "Total Cost": 0.72, "Plan Rows": 1, "Plan Width": 4, "Actual Rows": 0, "Actual Loops": 115941, "Index Cond": "(id = mc.company_id)", "Rows Removed by Index Recheck": 0, "Filter": "((name)::text ~~ '%Film%'::text)", "Rows Removed by Filter": 1, "Workers": []}]}]}]}, {"Node Type": "Index Scan", "Parent Relationship": "Inner", "Parallel Aware": false, "Async Capable": false, "Scan Direction": "Forward", "Index Name": "name_pkey", "Relation Name": "name", "Alias": "n", "Startup Cost": 0.43, "Total Cost": 0.56, "Plan Rows": 1, "Plan Width": 19, "Actual Rows": 1, "Actual Loops": 8919, "Index Cond": "(id = ci.person_id)", "Rows Removed by Index Recheck": 0, "Workers": []}]}, {"Node Type": "Index Scan", "Parent Relationship": "Inner", "Parallel Aware": false, "Async Capable": false, "Scan Direction": "Forward", "Index Name": "keyword_pkey", "Relation Name": "keyword", "Alias": "k", "Startup Cost": 0.42, "Total Cost": 0.44, "Plan Rows": 1, "Plan Width": 4, "Actual Rows": 0, "Actual Loops": 8919, "Index Cond": "(id = mk.keyword_id)", "Rows Removed by Index Recheck": 0, "Filter": "((keyword)::text = ANY ('{\"10,000-mile-club\",alienation,based-on-comic}'::text[]))", "Rows Removed by Filter": 1, "Workers": []}]}]}]}]}, "Planning Time": 24.603, "Triggers": [], "Execution Time": 3331.478}, {"Plan": {"Node Type": "Aggregate", "Strategy": "Plain", "Partial Mode": "Finalize", "Parallel Aware": false, "Async Capable": false, "Startup Cost": 635291.97, "Total Cost": 635291.98, "Plan Rows": 1, "Plan Width": 128, "Actual Rows": 1, "Actual Loops": 1, "Plans": [{"Node Type": "Gather", "Parent Relationship": "Outer", "Parallel Aware": false, "Async Capable": false, "Startup Cost": 635291.41, "Total Cost": 635291.92, "Plan Rows": 5, "Plan Width": 128, "Actual Rows": 6, "Actual Loops": 1, "Workers Planned": 5, "Workers Launched": 5, "Single Copy": false, "Plans": [{"Node Type": "Aggregate", "Strategy": "Plain", "Partial Mode": "Partial", "Parent Relationship": "Outer", "Parallel Aware": false, "Async Capable": false, "Startup Cost": 634291.41, "Total Cost": 634291.42, "Plan Rows": 1, "Plan Width": 128, "Actual Rows": 1, "Actual Loops": 6, "Workers": [], "Plans": [{"Node Type": "Hash Join", "Parent Relationship": "Outer", "Parallel Aware": true, "Async Capable": false, "Join Type": "Inner", "Startup Cost": 428087.68, "Total Cost": 634291.4, "Plan Rows": 1, "Plan Width": 80, "Actual Rows": 1, "Actual Loops": 6, "Inner Unique": false, "Hash Cond": "(t.id = mi_idx.movie_id)", "Workers": [], "Plans": [{"Node Type": "Hash Join", "Parent Relationship": "Outer", "Parallel Aware": true, "Async Capable": false, "Join Type": "Inner", "Startup Cost": 45775.72, "Total Cost": 251979.42, "Plan Rows": 1, "Plan Width": 72, "Actual Rows": 18, "Actual Loops": 6, "Inner Unique": false, "Hash Cond": "(mi.movie_id = t.id)", "Workers": [], "Plans": [{"Node Type": "Hash Join", "Parent Relationship": "Outer", "Parallel Aware": false, "Async Capable": false, "Join Type": "Inner", "Startup Cost": 2.43, "Total Cost": 206205.55, "Plan Rows": 151, "Plan Width": 47, "Actual Rows": 13571, "Actual Loops": 6, "Inner Unique": true, "Hash Cond": "(mi.info_type_id = it1.id)", "Workers": [], "Plans": [{"Node Type": "Seq Scan", "Parent Relationship": "Outer", "Parallel Aware": true, "Async Capable": false, "Relation Name": "movie_info", "Alias": "mi", "Startup Cost": 0.0, "Total Cost": 206156.59, "Plan Rows": 17087, "Plan Width": 51, "Actual Rows": 14091, "Actual Loops": 6, "Filter": "((info)::text = ANY ('{Action,American,Bulgaria,Crime}'::text[]))", "Rows Removed by Filter": 2458529, "Workers": []}, {"Node Type": "Hash", "Parent Relationship": "Inner", "Parallel Aware": false, "Async Capable": false, "Startup Cost": 2.41, "Total Cost": 2.41, "Plan Rows": 1, "Plan Width": 4, "Actual Rows": 1, "Actual Loops": 6, "Hash Buckets": 1024, "Original Hash Buckets": 1024, "Hash Batches": 1, "Original Hash Batches": 1, "Peak Memory Usage": 9, "Workers": [], "Plans": [{"Node Type": "Seq Scan", "Parent Relationship": "Outer", "Parallel Aware": false, "Async Capable": false, "Relation Name": "info_type", "Alias": "it1", "Startup Cost": 0.0, "Total Cost": 2.41, "Plan Rows": 1, "Plan Width": 4, "Actual Rows": 1, "Actual Loops": 6, "Filter": "((info)::text = 'genres'::text)", "Rows Removed by Filter": 112, "Workers": []}]}]}, {"Node Type": "Hash", "Parent Relationship": "Inner", "Parallel Aware": true, "Async Capable": false, "Startup Cost": 45773.23, "Total Cost": 45773.23, "Plan Rows": 5, "Plan Width": 25, "Actual Rows": 103, "Actual Loops": 6, "Hash Buckets": 1024, "Original Hash Buckets": 1024, "Hash Batches": 1, "Original Hash Batches": 1, "Peak Memory Usage": 200, "Workers": [], "Plans": [{"Node Type": "Nested Loop", "Parent Relationship": "Outer", "Parallel Aware": false, "Async Capable": false, "Join Type": "Inner", "Startup Cost": 2853.3, "Total Cost": 45773.23, "Plan Rows": 5, "Plan Width": 25, "Actual Rows": 103, "Actual Loops": 6, "Inner Unique": true, "Workers": [], "Plans": [{"Node Type": "Hash Join", "Parent Relationship": "Outer", "Parallel Aware": false, "Async Capable": false, "Join Type": "Inner", "Startup Cost": 2852.88, "Total Cost": 45757.07, "Plan Rows": 33, "Plan Width": 4, "Actual Rows": 409, "Actual Loops": 6, "Inner Unique": true, "Hash Cond": "(mk.keyword_id = k.id)", "Workers": [], "Plans": [{"Node Type": "Seq Scan", "Parent Relationship": "Outer", "Parallel Aware": true, "Async Capable": false, "Relation Name": "movie_keyword", "Alias": "mk", "Startup Cost": 0.0, "Total Cost": 39073.32, "Plan Rows": 1459332, "Plan Width": 8, "Actual Rows": 753988, "Actual Loops": 6, "Workers": []}, {"Node Type": "Hash", "Parent Relationship": "Inner", "Parallel Aware": false, "Async Capable": false, "Startup Cost": 2852.84, "Total Cost": 2852.84, "Plan Rows": 3, "Plan Width": 4, "Actual Rows": 3, "Actual Loops": 6, "Hash Buckets": 1024, "Original Hash Buckets": 1024, "Hash Batches": 1, "Original Hash Batches": 1, "Peak Memory Usage": 9, "Workers": [], "Plans": [{"Node Type": "Seq Scan", "Parent Relationship": "Outer", "Parallel Aware": false, "Async Capable": false, "Relation Name": "keyword", "Alias": "k", "Startup Cost": 0.0, "Total Cost": 2852.84, "Plan Rows": 3, "Plan Width": 4, "Actual Rows": 3, "Actual Loops": 6, "Filter": "((keyword)::text = ANY ('{\"10,000-mile-club\",alienation,based-on-comic}'::text[]))", "Rows Removed by Filter": 134167, "Workers": []}]}]}, {"Node Type": "Index Scan", "Parent Relationship": "Inner", "Parallel Aware": false, "Async Capable": false, "Scan Direction": "Forward", "Index Name": "title_pkey", "Relation Name": "title", "Alias": "t", "Startup Cost": 0.43, "Total Cost": 0.49, "Plan Rows": 1, "Plan Width": 21, "Actual Rows": 0, "Actual Loops": 2455, "Index Cond": "(id = mk.movie_id)", "Rows Removed by Index Recheck": 0, "Filter": "(production_year <= 1972)", "Rows Removed by Filter": 1, "Workers": []}]}]}]}, {"Node Type": "Hash", "Parent Relationship": "Inner", "Parallel Aware": true, "Async Capable": false, "Startup Cost": 382311.22, "Total Cost": 382311.22, "Plan Rows": 60, "Plan Width": 32, "Actual Rows": 2692, "Actual Loops": 6, "Hash Buckets": 16384, "Original Hash Buckets": 1024, "Hash Batches": 1, "Original Hash Batches": 1, "Peak Memory Usage": 1432, "Workers": [], "Plans": [{"Node Type": "Nested Loop", "Parent Relationship": "Outer", "Parallel Aware": false, "Async Capable": false, "Join Type": "Inner", "Startup Cost": 44770.52, "Total Cost": 382311.22, "Plan Rows": 60, "Plan Width": 32, "Actual Rows": 2692, "Actual Loops": 6, "Inner Unique": true, "Workers": [], "Plans": [{"Node Type": "Nested Loop", "Parent Relationship": "Outer", "Parallel Aware": false, "Async Capable": false, "Join Type": "Inner", "Startup Cost": 44770.09, "Total Cost": 382277.56, "Plan Rows": 60, "Plan Width": 21, "Actual Rows": 2692, "Actual Loops": 6, "Inner Unique": true, "Workers": [], "Plans": [{"Node Type": "Hash Join", "Parent Relationship": "Outer", "Parallel Aware": true, "Async Capable": false, "Join Type": "Inner", "Startup Cost": 44769.67, "Total Cost": 382086.01, "Plan Rows": 267, "Plan Width": 25, "Actual Rows": 19324, "Actual Loops": 6, "Inner Unique": false, "Hash Cond": "(ci.movie_id = mi_idx.movie_id)", "Workers": [], "Plans": [{"Node Type": "Seq Scan", "Parent Relationship": "Outer", "Parallel Aware": true, "Async Capable": false, "Relation Name": "cast_info", "Alias": "ci", "Startup Cost": 0.0, "Total Cost": 335756.3, "Plan Rows": 415604, "Plan Width": 8, "Actual Rows": 406394, "Actual Loops": 6, "Filter": "((note)::text = ANY ('{\"(executive producer)\",\"(head writer)\",(producer)}'::text[]))", "Rows Removed by Filter": 5634330, "Workers": []}, {"Node Type": "Hash", "Parent Relationship": "Inner", "Parallel Aware": true, "Async Capable": false, "Startup Cost": 44764.91, "Total Cost": 44764.91, "Plan Rows": 381, "Plan Width": 17, "Actual Rows": 6564, "Actual Loops": 6, "Hash Buckets": 65536, "Original Hash Buckets": 2048, "Hash Batches": 1, "Original Hash Batches": 1, "Peak Memory Usage": 2992, "Workers": [], "Plans": [{"Node Type": "Hash Join", "Parent Relationship": "Outer", "Parallel Aware": true, "Async Capable": false, "Join Type": "Inner", "Startup Cost": 15350.21, "Total Cost": 44764.91, "Plan Rows": 381, "Plan Width": 17, "Actual Rows": 6564, "Actual Loops": 6, "Inner Unique": false, "Hash Cond": "(mc.movie_id = mi_idx.movie_id)", "Workers": [], "Plans": [{"Node Type": "Seq Scan", "Parent Relationship": "Outer", "Parallel Aware": true, "Async Capable": false, "Relation Name": "movie_companies", "Alias": "mc", "Startup Cost": 0.0, "Total Cost": 29344.68, "Plan Rows": 18247, "Plan Width": 8, "Actual Rows": 9529, "Actual Loops": 6, "Filter": "((note)::text ~~ '%(2006)%'::text)", "Rows Removed by Filter": 425326, "Workers": []}, {"Node Type": "Hash", "Parent Relationship": "Inner", "Parallel Aware": true, "Async Capable": false, "Startup Cost": 15286.6, "Total Cost": 15286.6, "Plan Rows": 5089, "Plan Width": 9, "Actual Rows": 76654, "Actual Loops": 6, "Hash Buckets": 524288, "Original Hash Buckets": 16384, "Hash Batches": 1, "Original Hash Batches": 1, "Peak Memory Usage": 26304, "Workers": [], "Plans": [{"Node Type": "Hash Join", "Parent Relationship": "Outer", "Parallel Aware": false, "Async Capable": false, "Join Type": "Inner", "Startup Cost": 2.43, "Total Cost": 15286.6, "Plan Rows": 5089, "Plan Width": 9, "Actual Rows": 76654, "Actual Loops": 6, "Inner Unique": true, "Hash Cond": "(mi_idx.info_type_id = it2.id)", "Workers": [], "Plans": [{"Node Type": "Seq Scan", "Parent Relationship": "Outer", "Parallel Aware": true, "Async Capable": false, "Relation Name": "movie_info_idx", "Alias": "mi_idx", "Startup Cost": 0.0, "Total Cost": 13718.15, "Plan Rows": 575015, "Plan Width": 13, "Actual Rows": 230006, "Actual Loops": 6, "Workers": []}, {"Node Type": "Hash", "Parent Relationship": "Inner", "Parallel Aware": false, "Async Capable": false, "Startup Cost": 2.41, "Total Cost": 2.41, "Plan Rows": 1, "Plan Width": 4, "Actual Rows": 1, "Actual Loops": 6, "Hash Buckets": 1024, "Original Hash Buckets": 1024, "Hash Batches": 1, "Original Hash Batches": 1, "Peak Memory Usage": 9, "Workers": [], "Plans": [{"Node Type": "Seq Scan", "Parent Relationship": "Outer", "Parallel Aware": false, "Async Capable": false, "Relation Name": "info_type", "Alias": "it2", "Startup Cost": 0.0, "Total Cost": 2.41, "Plan Rows": 1, "Plan Width": 4, "Actual Rows": 1, "Actual Loops": 6, "Filter": "((info)::text = 'votes'::text)", "Rows Removed by Filter": 112, "Workers": []}]}]}]}]}]}]}, {"Node Type": "Index Scan", "Parent Relationship": "Inner", "Parallel Aware": false, "Async Capable": false, "Scan Direction": "Forward", "Index Name": "company_name_pkey", "Relation Name": "company_name", "Alias": "cn", "Startup Cost": 0.42, "Total Cost": 0.72, "Plan Rows": 1, "Plan Width": 4, "Actual Rows": 0, "Actual Loops": 115941, "Index Cond": "(id = mc.company_id)", "Rows Removed by Index Recheck": 0, "Filter": "((name)::text ~~ '%Film%'::text)", "Rows Removed by Filter": 1, "Workers": []}]}, {"Node Type": "Index Scan", "Parent Relationship": "Inner", "Parallel Aware": false, "Async Capable": false, "Scan Direction": "Forward", "Index Name": "name_pkey", "Relation Name": "name", "Alias": "n", "Startup Cost": 0.43, "Total Cost": 0.56, "Plan Rows": 1, "Plan Width": 19, "Actual Rows": 1, "Actual Loops": 16155, "Index Cond": "(id = ci.person_id)", "Rows Removed by Index Recheck": 0, "Workers": []}]}]}]}]}]}]}, "Planning Time": 23.115, "Triggers": [], "Execution Time": 2015.558}, {"Plan": {"Node Type": "Aggregate", "Strategy": "Plain", "Partial Mode": "Finalize", "Parallel Aware": false, "Async Capable": false, "Startup Cost": 635001.17, "Total Cost": 635001.18, "Plan Rows": 1, "Plan Width": 128, "Actual Rows": 1, "Actual Loops": 1, "Plans": [{"Node Type": "Gather", "Parent Relationship": "Outer", "Parallel Aware": false, "Async Capable": false, "Startup Cost": 635000.94, "Total Cost": 635001.15, "Plan Rows": 2, "Plan Width": 128, "Actual Rows": 3, "Actual Loops": 1, "Workers Planned": 2, "Workers Launched": 2, "Single Copy": false, "Plans": [{"Node Type": "Aggregate", "Strategy": "Plain", "Partial Mode": "Partial", "Parent Relationship": "Outer", "Parallel Aware": false, "Async Capable": false, "Startup Cost": 634000.94, "Total Cost": 634000.95, "Plan Rows": 1, "Plan Width": 128, "Actual Rows": 1, "Actual Loops": 3, "Workers": [], "Plans": [{"Node Type": "Hash Join", "Parent Relationship": "Outer", "Parallel Aware": true, "Async Capable": false, "Join Type": "Inner", "Startup Cost": 618697.66, "Total Cost": 634000.93, "Plan Rows": 1, "Plan Width": 80, "Actual Rows": 2, "Actual Loops": 3, "Inner Unique": false, "Hash Cond": "(mi_idx.movie_id = t.id)", "Workers": [], "Plans": [{"Node Type": "Hash Join", "Parent Relationship": "Outer", "Parallel Aware": false, "Async Capable": false, "Join Type": "Inner", "Startup Cost": 2.43, "Total Cost": 15286.6, "Plan Rows": 5089, "Plan Width": 9, "Actual Rows": 153308, "Actual Loops": 3, "Inner Unique": true, "Hash Cond": "(mi_idx.info_type_id = it2.id)", "Workers": [], "Plans": [{"Node Type": "Seq Scan", "Parent Relationship": "Outer", "Parallel Aware": true, "Async Capable": false, "Relation Name": "movie_info_idx", "Alias": "mi_idx", "Startup Cost": 0.0, "Total Cost": 13718.15, "Plan Rows": 575015, "Plan Width": 13, "Actual Rows": 460012, "Actual Loops": 3, "Workers": []}, {"Node Type": "Hash", "Parent Relationship": "Inner", "Parallel Aware": false, "Async Capable": false, "Startup Cost": 2.41, "Total Cost": 2.41, "Plan Rows": 1, "Plan Width": 4, "Actual Rows": 1, "Actual Loops": 3, "Hash Buckets": 1024, "Original Hash Buckets": 1024, "Hash Batches": 1, "Original Hash Batches": 1, "Peak Memory Usage": 9, "Workers": [], "Plans": [{"Node Type": "Seq Scan", "Parent Relationship": "Outer", "Parallel Aware": false, "Async Capable": false, "Relation Name": "info_type", "Alias": "it2", "Startup Cost": 0.0, "Total Cost": 2.41, "Plan Rows": 1, "Plan Width": 4, "Actual Rows": 1, "Actual Loops": 3, "Filter": "((info)::text = 'votes'::text)", "Rows Removed by Filter": 112, "Workers": []}]}]}, {"Node Type": "Hash", "Parent Relationship": "Inner", "Parallel Aware": true, "Async Capable": false, "Startup Cost": 618695.23, "Total Cost": 618695.23, "Plan Rows": 1, "Plan Width": 95, "Actual Rows": 2, "Actual Loops": 3, "Hash Buckets": 1024, "Original Hash Buckets": 1024, "Hash Batches": 1, "Original Hash Batches": 1, "Peak Memory Usage": 72, "Workers": [], "Plans": [{"Node Type": "Nested Loop", "Parent Relationship": "Outer", "Parallel Aware": false, "Async Capable": false, "Join Type": "Inner", "Startup Cost": 281379.35, "Total Cost": 618695.23, "Plan Rows": 1, "Plan Width": 95, "Actual Rows": 2, "Actual Loops": 3, "Inner Unique": true, "Workers": [], "Plans": [{"Node Type": "Hash Join", "Parent Relationship": "Outer", "Parallel Aware": true, "Async Capable": false, "Join Type": "Inner", "Startup Cost": 281378.92, "Total Cost": 618694.66, "Plan Rows": 1, "Plan Width": 84, "Actual Rows": 2, "Actual Loops": 3, "Inner Unique": false, "Hash Cond": "(t.id = mi.movie_id)", "Workers": [], "Plans": [{"Node Type": "Nested Loop", "Parent Relationship": "Outer", "Parallel Aware": false, "Async Capable": false, "Join Type": "Inner", "Startup Cost": 75171.48, "Total Cost": 412487.18, "Plan Rows": 1, "Plan Width": 37, "Actual Rows": 3, "Actual Loops": 3, "Inner Unique": true, "Workers": [], "Plans": [{"Node Type": "Nested Loop", "Parent Relationship": "Outer", "Parallel Aware": false, "Async Capable": false, "Join Type": "Inner", "Startup Cost": 75171.06, "Total Cost": 412486.46, "Plan Rows": 1, "Plan Width": 41, "Actual Rows": 14, "Actual Loops": 3, "Inner Unique": true, "Join Filter": "(t.id = ci.movie_id)", "Rows Removed by Join Filter": 0, "Workers": [], "Plans": [{"Node Type": "Hash Join", "Parent Relationship": "Outer", "Parallel Aware": true, "Async Capable": false, "Join Type": "Inner", "Startup Cost": 75170.63, "Total Cost": 412485.45, "Plan Rows": 2, "Plan Width": 20, "Actual Rows": 504, "Actual Loops": 3, "Inner Unique": false, "Hash Cond": "(ci.movie_id = mk.movie_id)", "Workers": [], "Plans": [{"Node Type": "Seq Scan", "Parent Relationship": "Outer", "Parallel Aware": true, "Async Capable": false, "Relation Name": "cast_info", "Alias": "ci", "Startup Cost": 0.0, "Total Cost": 335756.3, "Plan Rows": 415604, "Plan Width": 8, "Actual Rows": 812789, "Actual Loops": 3, "Filter": "((note)::text = ANY ('{\"(executive producer)\",\"(head writer)\",(producer)}'::text[]))", "Rows Removed by Filter": 11268659, "Workers": []}, {"Node Type": "Hash", "Parent Relationship": "Inner", "Parallel Aware": true, "Async Capable": false, "Startup Cost": 75170.6, "Total Cost": 75170.6, "Plan Rows": 3, "Plan Width": 12, "Actual Rows": 162, "Actual Loops": 3, "Hash Buckets": 1024, "Original Hash Buckets": 1024, "Hash Batches": 1, "Original Hash Batches": 1, "Peak Memory Usage": 104, "Workers": [], "Plans": [{"Node Type": "Hash Join", "Parent Relationship": "Outer", "Parallel Aware": true, "Async Capable": false, "Join Type": "Inner", "Startup Cost": 45757.48, "Total Cost": 75170.6, "Plan Rows": 3, "Plan Width": 12, "Actual Rows": 162, "Actual Loops": 3, "Inner Unique": false, "Hash Cond": "(mc.movie_id = mk.movie_id)", "Workers": [], "Plans": [{"Node Type": "Seq Scan", "Parent Relationship": "Outer", "Parallel Aware": true, "Async Capable": false, "Relation Name": "movie_companies", "Alias": "mc", "Startup Cost": 0.0, "Total Cost": 29344.68, "Plan Rows": 18247, "Plan Width": 8, "Actual Rows": 19058, "Actual Loops": 3, "Filter": "((note)::text ~~ '%(2006)%'::text)", "Rows Removed by Filter": 850652, "Workers": []}, {"Node Type": "Hash", "Parent Relationship": "Inner", "Parallel Aware": true, "Async Capable": false, "Startup Cost": 45757.07, "Total Cost": 45757.07, "Plan Rows": 33, "Plan Width": 4, "Actual Rows": 818, "Actual Loops": 3, "Hash Buckets": 1024, "Original Hash Buckets": 1024, "Hash Batches": 1, "Original Hash Batches": 1, "Peak Memory Usage": 136, "Workers": [], "Plans": [{"Node Type": "Hash Join", "Parent Relationship": "Outer", "Parallel Aware": false, "Async Capable": false, "Join Type": "Inner", "Startup Cost": 2852.88, "Total Cost": 45757.07, "Plan Rows": 33, "Plan Width": 4, "Actual Rows": 818, "Actual Loops": 3, "Inner Unique": true, "Hash Cond": "(mk.keyword_id = k.id)", "Workers": [], "Plans": [{"Node Type": "Seq Scan", "Parent Relationship": "Outer", "Parallel Aware": true, "Async Capable": false, "Relation Name": "movie_keyword", "Alias": "mk", "Startup Cost": 0.0, "Total Cost": 39073.32, "Plan Rows": 1459332, "Plan Width": 8, "Actual Rows": 1507977, "Actual Loops": 3, "Workers": []}, {"Node Type": "Hash", "Parent Relationship": "Inner", "Parallel Aware": false, "Async Capable": false, "Startup Cost": 2852.84, "Total Cost": 2852.84, "Plan Rows": 3, "Plan Width": 4, "Actual Rows": 3, "Actual Loops": 3, "Hash Buckets": 1024, "Original Hash Buckets": 1024, "Hash Batches": 1, "Original Hash Batches": 1, "Peak Memory Usage": 9, "Workers": [], "Plans": [{"Node Type": "Seq Scan", "Parent Relationship": "Outer", "Parallel Aware": false, "Async Capable": false, "Relation Name": "keyword", "Alias": "k", "Startup Cost": 0.0, "Total Cost": 2852.84, "Plan Rows": 3, "Plan Width": 4, "Actual Rows": 3, "Actual Loops": 3, "Filter": "((keyword)::text = ANY ('{\"10,000-mile-club\",alienation,based-on-comic}'::text[]))", "Rows Removed by Filter": 134167, "Workers": []}]}]}]}]}]}]}, {"Node Type": "Index Scan", "Parent Relationship": "Inner", "Parallel Aware": false, "Async Capable": false, "Scan Direction": "Forward", "Index Name": "title_pkey", "Relation Name": "title", "Alias": "t", "Startup Cost": 0.43, "Total Cost": 0.49, "Plan Rows": 1, "Plan Width": 21, "Actual Rows": 0, "Actual Loops": 1511, "Index Cond": "(id = mk.movie_id)", "Rows Removed by Index Recheck": 0, "Filter": "(production_year <= 1972)", "Rows Removed by Filter": 1, "Workers": []}]}, {"Node Type": "Index Scan", "Parent Relationship": "Inner", "Parallel Aware": false, "Async Capable": false, "Scan Direction": "Forward", "Index Name": "company_name_pkey", "Relation Name": "company_name", "Alias": "cn", "Startup Cost": 0.42, "Total Cost": 0.72, "Plan Rows": 1, "Plan Width": 4, "Actual Rows": 0, "Actual Loops": 42, "Index Cond": "(id = mc.company_id)", "Rows Removed by Index Recheck": 0, "Filter": "((name)::text ~~ '%Film%'::text)", "Rows Removed by Filter": 1, "Workers": []}]}, {"Node Type": "Hash", "Parent Relationship": "Inner", "Parallel Aware": true, "Async Capable": false, "Startup Cost": 206205.55, "Total Cost": 206205.55, "Plan Rows": 151, "Plan Width": 47, "Actual Rows": 27142, "Actual Loops": 3, "Hash Buckets": 131072, "Original Hash Buckets": 1024, "Hash Batches": 1, "Original Hash Batches": 1, "Peak Memory Usage": 5912, "Workers": [], "Plans": [{"Node Type": "Hash Join", "Parent Relationship": "Outer", "Parallel Aware": false, "Async Capable": false, "Join Type": "Inner", "Startup Cost": 2.43, "Total Cost": 206205.55, "Plan Rows": 151, "Plan Width": 47, "Actual Rows": 27142, "Actual Loops": 3, "Inner Unique": true, "Hash Cond": "(mi.info_type_id = it1.id)", "Workers": [], "Plans": [{"Node Type": "Seq Scan", "Parent Relationship": "Outer", "Parallel Aware": true, "Async Capable": false, "Relation Name": "movie_info", "Alias": "mi", "Startup Cost": 0.0, "Total Cost": 206156.59, "Plan Rows": 17087, "Plan Width": 51, "Actual Rows": 28182, "Actual Loops": 3, "Filter": "((info)::text = ANY ('{Action,American,Bulgaria,Crime}'::text[]))", "Rows Removed by Filter": 4917058, "Workers": []}, {"Node Type": "Hash", "Parent Relationship": "Inner", "Parallel Aware": false, "Async Capable": false, "Startup Cost": 2.41, "Total Cost": 2.41, "Plan Rows": 1, "Plan Width": 4, "Actual Rows": 1, "Actual Loops": 3, "Hash Buckets": 1024, "Original Hash Buckets": 1024, "Hash Batches": 1, "Original Hash Batches": 1, "Peak Memory Usage": 9, "Workers": [], "Plans": [{"Node Type": "Seq Scan", "Parent Relationship": "Outer", "Parallel Aware": false, "Async Capable": false, "Relation Name": "info_type", "Alias": "it1", "Startup Cost": 0.0, "Total Cost": 2.41, "Plan Rows": 1, "Plan Width": 4, "Actual Rows": 1, "Actual Loops": 3, "Filter": "((info)::text = 'genres'::text)", "Rows Removed by Filter": 112, "Workers": []}]}]}]}]}, {"Node Type": "Index Scan", "Parent Relationship": "Inner", "Parallel Aware": false, "Async Capable": false, "Scan Direction": "Forward", "Index Name": "name_pkey", "Relation Name": "name", "Alias": "n", "Startup Cost": 0.43, "Total Cost": 0.56, "Plan Rows": 1, "Plan Width": 19, "Actual Rows": 1, "Actual Loops": 6, "Index Cond": "(id = ci.person_id)", "Rows Removed by Index Recheck": 0, "Workers": []}]}]}]}]}]}]}, "Planning Time": 23.803, "Triggers": [], "Execution Time": 3572.698}, {"Plan": {"Node Type": "Aggregate", "Strategy": "Plain", "Partial Mode": "Finalize", "Parallel Aware": false, "Async Capable": false, "Startup Cost": 637770.43, "Total Cost": 637770.44, "Plan Rows": 1, "Plan Width": 128, "Actual Rows": 1, "Actual Loops": 1, "Plans": [{"Node Type": "Gather", "Parent Relationship": "Outer", "Parallel Aware": false, "Async Capable": false, "Startup Cost": 637770.2, "Total Cost": 637770.41, "Plan Rows": 2, "Plan Width": 128, "Actual Rows": 3, "Actual Loops": 1, "Workers Planned": 2, "Workers Launched": 2, "Single Copy": false, "Plans": [{"Node Type": "Aggregate", "Strategy": "Plain", "Partial Mode": "Partial", "Parent Relationship": "Outer", "Parallel Aware": false, "Async Capable": false, "Startup Cost": 636770.2, "Total Cost": 636770.21, "Plan Rows": 1, "Plan Width": 128, "Actual Rows": 1, "Actual Loops": 3, "Workers": [], "Plans": [{"Node Type": "Nested Loop", "Parent Relationship": "Outer", "Parallel Aware": false, "Async Capable": false, "Join Type": "Inner", "Startup Cost": 620895.47, "Total Cost": 636770.19, "Plan Rows": 1, "Plan Width": 80, "Actual Rows": 2, "Actual Loops": 3, "Inner Unique": true, "Workers": [], "Plans": [{"Node Type": "Nested Loop", "Parent Relationship": "Outer", "Parallel Aware": false, "Async Capable": false, "Join Type": "Inner", "Startup Cost": 620895.33, "Total Cost": 636770.01, "Plan Rows": 1, "Plan Width": 84, "Actual Rows": 6, "Actual Loops": 3, "Inner Unique": true, "Workers": [], "Plans": [{"Node Type": "Hash Join", "Parent Relationship": "Outer", "Parallel Aware": true, "Async Capable": false, "Join Type": "Inner", "Startup Cost": 620894.9, "Total Cost": 636769.45, "Plan Rows": 1, "Plan Width": 73, "Actual Rows": 6, "Actual Loops": 3, "Inner Unique": false, "Hash Cond": "(t.id = mi.movie_id)", "Workers": [], "Plans": [{"Node Type": "Hash Join", "Parent Relationship": "Outer", "Parallel Aware": true, "Async Capable": false, "Join Type": "Inner", "Startup Cost": 45773.29, "Total Cost": 61647.75, "Plan Rows": 20, "Plan Width": 38, "Actual Rows": 301, "Actual Loops": 3, "Inner Unique": false, "Hash Cond": "(mi_idx.movie_id = t.id)", "Workers": [], "Plans": [{"Node Type": "Seq Scan", "Parent Relationship": "Outer", "Parallel Aware": true, "Async Capable": false, "Relation Name": "movie_info_idx", "Alias": "mi_idx", "Startup Cost": 0.0, "Total Cost": 13718.15, "Plan Rows": 575015, "Plan Width": 13, "Actual Rows": 460012, "Actual Loops": 3, "Workers": []}, {"Node Type": "Hash", "Parent Relationship": "Inner", "Parallel Aware": true, "Async Capable": false, "Startup Cost": 45773.23, "Total Cost": 45773.23, "Plan Rows": 5, "Plan Width": 25, "Actual Rows": 205, "Actual Loops": 3, "Hash Buckets": 1024, "Original Hash Buckets": 1024, "Hash Batches": 1, "Original Hash Batches": 1, "Peak Memory Usage": 104, "Workers": [], "Plans": [{"Node Type": "Nested Loop", "Parent Relationship": "Outer", "Parallel Aware": false, "Async Capable": false, "Join Type": "Inner", "Startup Cost": 2853.3, "Total Cost": 45773.23, "Plan Rows": 5, "Plan Width": 25, "Actual Rows": 205, "Actual Loops": 3, "Inner Unique": true, "Workers": [], "Plans": [{"Node Type": "Hash Join", "Parent Relationship": "Outer", "Parallel Aware": false, "Async Capable": false, "Join Type": "Inner", "Startup Cost": 2852.88, "Total Cost": 45757.07, "Plan Rows": 33, "Plan Width": 4, "Actual Rows": 818, "Actual Loops": 3, "Inner Unique": true, "Hash Cond": "(mk.keyword_id = k.id)", "Workers": [], "Plans": [{"Node Type": "Seq Scan", "Parent Relationship": "Outer", "Parallel Aware": true, "Async Capable": false, "Relation Name": "movie_keyword", "Alias": "mk", "Startup Cost": 0.0, "Total Cost": 39073.32, "Plan Rows": 1459332, "Plan Width": 8, "Actual Rows": 1507977, "Actual Loops": 3, "Workers": []}, {"Node Type": "Hash", "Parent Relationship": "Inner", "Parallel Aware": false, "Async Capable": false, "Startup Cost": 2852.84, "Total Cost": 2852.84, "Plan Rows": 3, "Plan Width": 4, "Actual Rows": 3, "Actual Loops": 3, "Hash Buckets": 1024, "Original Hash Buckets": 1024, "Hash Batches": 1, "Original Hash Batches": 1, "Peak Memory Usage": 9, "Workers": [], "Plans": [{"Node Type": "Seq Scan", "Parent Relationship": "Outer", "Parallel Aware": false, "Async Capable": false, "Relation Name": "keyword", "Alias": "k", "Startup Cost": 0.0, "Total Cost": 2852.84, "Plan Rows": 3, "Plan Width": 4, "Actual Rows": 3, "Actual Loops": 3, "Filter": "((keyword)::text = ANY ('{\"10,000-mile-club\",alienation,based-on-comic}'::text[]))", "Rows Removed by Filter": 134167, "Workers": []}]}]}, {"Node Type": "Index Scan", "Parent Relationship": "Inner", "Parallel Aware": false, "Async Capable": false, "Scan Direction": "Forward", "Index Name": "title_pkey", "Relation Name": "title", "Alias": "t", "Startup Cost": 0.43, "Total Cost": 0.49, "Plan Rows": 1, "Plan Width": 21, "Actual Rows": 0, "Actual Loops": 2455, "Index Cond": "(id = mk.movie_id)", "Rows Removed by Index Recheck": 0, "Filter": "(production_year <= 1972)", "Rows Removed by Filter": 1, "Workers": []}]}]}]}, {"Node Type": "Hash", "Parent Relationship": "Inner", "Parallel Aware": true, "Async Capable": false, "Startup Cost": 575121.56, "Total Cost": 575121.56, "Plan Rows": 4, "Plan Width": 59, "Actual Rows": 1589, "Actual Loops": 3, "Hash Buckets": 4096, "Original Hash Buckets": 1024, "Hash Batches": 1, "Original Hash Batches": 1, "Peak Memory Usage": 344, "Workers": [], "Plans": [{"Node Type": "Nested Loop", "Parent Relationship": "Outer", "Parallel Aware": false, "Async Capable": false, "Join Type": "Inner", "Startup Cost": 236237.09, "Total Cost": 575121.56, "Plan Rows": 4, "Plan Width": 59, "Actual Rows": 1589, "Actual Loops": 3, "Inner Unique": true, "Workers": [], "Plans": [{"Node Type": "Hash Join", "Parent Relationship": "Outer", "Parallel Aware": true, "Async Capable": false, "Join Type": "Inner", "Startup Cost": 236236.67, "Total Cost": 575110.08, "Plan Rows": 16, "Plan Width": 63, "Actual Rows": 8248, "Actual Loops": 3, "Inner Unique": false, "Hash Cond": "(ci.movie_id = mi.movie_id)", "Workers": [], "Plans": [{"Node Type": "Seq Scan", "Parent Relationship": "Outer", "Parallel Aware": true, "Async Capable": false, "Relation Name": "cast_info", "Alias": "ci", "Startup Cost": 0.0, "Total Cost": 335756.3, "Plan Rows": 415604, "Plan Width": 8, "Actual Rows": 812789, "Actual Loops": 3, "Filter": "((note)::text = ANY ('{\"(executive producer)\",\"(head writer)\",(producer)}'::text[]))", "Rows Removed by Filter": 11268659, "Workers": []}, {"Node Type": "Hash", "Parent Relationship": "Inner", "Parallel Aware": true, "Async Capable": false, "Startup Cost": 236236.42, "Total Cost": 236236.42, "Plan Rows": 20, "Plan Width": 55, "Actual Rows": 2809, "Actual Loops": 3, "Hash Buckets": 8192, "Original Hash Buckets": 1024, "Hash Batches": 1, "Original Hash Batches": 1, "Peak Memory Usage": 632, "Workers": [], "Plans": [{"Node Type": "Hash Join", "Parent Relationship": "Outer", "Parallel Aware": true, "Async Capable": false, "Join Type": "Inner", "Startup Cost": 206207.44, "Total Cost": 236236.42, "Plan Rows": 20, "Plan Width": 55, "Actual Rows": 2809, "Actual Loops": 3, "Inner Unique": false, "Hash Cond": "(mc.movie_id = mi.movie_id)", "Workers": [], "Plans": [{"Node Type": "Seq Scan", "Parent Relationship": "Outer", "Parallel Aware": true, "Async Capable": false, "Relation Name": "movie_companies", "Alias": "mc", "Startup Cost": 0.0, "Total Cost": 29344.68, "Plan Rows": 18247, "Plan Width": 8, "Actual Rows": 19058, "Actual Loops": 3, "Filter": "((note)::text ~~ '%(2006)%'::text)", "Rows Removed by Filter": 850652, "Workers": []}, {"Node Type": "Hash", "Parent Relationship": "Inner", "Parallel Aware": true, "Async Capable": false, "Startup Cost": 206205.55, "Total Cost": 206205.55, "Plan Rows": 151, "Plan Width": 47, "Actual Rows": 27142, "Actual Loops": 3, "Hash Buckets": 131072, "Original Hash Buckets": 1024, "Hash Batches": 1, "Original Hash Batches": 1, "Peak Memory Usage": 5912, "Workers": [], "Plans": [{"Node Type": "Hash Join", "Parent Relationship": "Outer", "Parallel Aware": false, "Async Capable": false, "Join Type": "Inner", "Startup Cost": 2.43, "Total Cost": 206205.55, "Plan Rows": 151, "Plan Width": 47, "Actual Rows": 27142, "Actual Loops": 3, "Inner Unique": true, "Hash Cond": "(mi.info_type_id = it1.id)", "Workers": [], "Plans": [{"Node Type": "Seq Scan", "Parent Relationship": "Outer", "Parallel Aware": true, "Async Capable": false, "Relation Name": "movie_info", "Alias": "mi", "Startup Cost": 0.0, "Total Cost": 206156.59, "Plan Rows": 17087, "Plan Width": 51, "Actual Rows": 28182, "Actual Loops": 3, "Filter": "((info)::text = ANY ('{Action,American,Bulgaria,Crime}'::text[]))", "Rows Removed by Filter": 4917058, "Workers": []}, {"Node Type": "Hash", "Parent Relationship": "Inner", "Parallel Aware": false, "Async Capable": false, "Startup Cost": 2.41, "Total Cost": 2.41, "Plan Rows": 1, "Plan Width": 4, "Actual Rows": 1, "Actual Loops": 3, "Hash Buckets": 1024, "Original Hash Buckets": 1024, "Hash Batches": 1, "Original Hash Batches": 1, "Peak Memory Usage": 9, "Workers": [], "Plans": [{"Node Type": "Seq Scan", "Parent Relationship": "Outer", "Parallel Aware": false, "Async Capable": false, "Relation Name": "info_type", "Alias": "it1", "Startup Cost": 0.0, "Total Cost": 2.41, "Plan Rows": 1, "Plan Width": 4, "Actual Rows": 1, "Actual Loops": 3, "Filter": "((info)::text = 'genres'::text)", "Rows Removed by Filter": 112, "Workers": []}]}]}]}]}]}]}, {"Node Type": "Index Scan", "Parent Relationship": "Inner", "Parallel Aware": false, "Async Capable": false, "Scan Direction": "Forward", "Index Name": "company_name_pkey", "Relation Name": "company_name", "Alias": "cn", "Startup Cost": 0.42, "Total Cost": 0.72, "Plan Rows": 1, "Plan Width": 4, "Actual Rows": 0, "Actual Loops": 24743, "Index Cond": "(id = mc.company_id)", "Rows Removed by Index Recheck": 0, "Filter": "((name)::text ~~ '%Film%'::text)", "Rows Removed by Filter": 1, "Workers": []}]}]}]}, {"Node Type": "Index Scan", "Parent Relationship": "Inner", "Parallel Aware": false, "Async Capable": false, "Scan Direction": "Forward", "Index Name": "name_pkey", "Relation Name": "name", "Alias": "n", "Startup Cost": 0.43, "Total Cost": 0.56, "Plan Rows": 1, "Plan Width": 19, "Actual Rows": 1, "Actual Loops": 18, "Index Cond": "(id = ci.person_id)", "Rows Removed by Index Recheck": 0, "Workers": []}]}, {"Node Type": "Index Scan", "Parent Relationship": "Inner", "Parallel Aware": false, "Async Capable": false, "Scan Direction": "Forward", "Index Name": "info_type_pkey", "Relation Name": "info_type", "Alias": "it2", "Startup Cost": 0.14, "Total Cost": 0.16, "Plan Rows": 1, "Plan Width": 4, "Actual Rows": 0, "Actual Loops": 18, "Index Cond": "(id = mi_idx.info_type_id)", "Rows Removed by Index Recheck": 0, "Filter": "((info)::text = 'votes'::text)", "Rows Removed by Filter": 1, "Workers": []}]}]}]}]}, "Planning Time": 19.719, "Triggers": [], "Execution Time": 4063.444}, {"Plan": {"Node Type": "Aggregate", "Strategy": "Plain", "Partial Mode": "Simple", "Parallel Aware": false, "Async Capable": false, "Startup Cost": 633961.12, "Total Cost": 633961.13, "Plan Rows": 1, "Plan Width": 128, "Actual Rows": 1, "Actual Loops": 1, "Plans": [{"Node Type": "Nested Loop", "Parent Relationship": "Outer", "Parallel Aware": false, "Async Capable": false, "Join Type": "Inner", "Startup Cost": 589415.02, "Total Cost": 633961.11, "Plan Rows": 1, "Plan Width": 80, "Actual Rows": 6, "Actual Loops": 1, "Inner Unique": true, "Plans": [{"Node Type": "Nested Loop", "Parent Relationship": "Outer", "Parallel Aware": false, "Async Capable": false, "Join Type": "Inner", "Startup Cost": 589414.59, "Total Cost": 633960.55, "Plan Rows": 1, "Plan Width": 69, "Actual Rows": 6, "Actual Loops": 1, "Inner Unique": true, "Plans": [{"Node Type": "Gather", "Parent Relationship": "Outer", "Parallel Aware": false, "Async Capable": false, "Startup Cost": 589414.17, "Total Cost": 633960.09, "Plan Rows": 1, "Plan Width": 73, "Actual Rows": 8919, "Actual Loops": 1, "Workers Planned": 3, "Workers Launched": 3, "Single Copy": false, "Plans": [{"Node Type": "Hash Join", "Parent Relationship": "Outer", "Parallel Aware": true, "Async Capable": false, "Join Type": "Inner", "Startup Cost": 588414.17, "Total Cost": 632959.99, "Plan Rows": 1, "Plan Width": 73, "Actual Rows": 2230, "Actual Loops": 4, "Inner Unique": false, "Hash Cond": "(mk.movie_id = t.id)", "Workers": [], "Plans": [{"Node Type": "Seq Scan", "Parent Relationship": "Outer", "Parallel Aware": true, "Async Capable": false, "Relation Name": "movie_keyword", "Alias": "mk", "Startup Cost": 0.0, "Total Cost": 39073.32, "Plan Rows": 1459332, "Plan Width": 8, "Actual Rows": 1130982, "Actual Loops": 4, "Workers": []}, {"Node Type": "Hash", "Parent Relationship": "Inner", "Parallel Aware": true, "Async Capable": false, "Startup Cost": 588414.15, "Total Cost": 588414.15, "Plan Rows": 1, "Plan Width": 89, "Actual Rows": 34, "Actual Loops": 4, "Hash Buckets": 1024, "Original Hash Buckets": 1024, "Hash Batches": 1, "Original Hash Batches": 1, "Peak Memory Usage": 136, "Workers": [], "Plans": [{"Node Type": "Nested Loop", "Parent Relationship": "Outer", "Parallel Aware": false, "Async Capable": false, "Join Type": "Inner", "Startup Cost": 251098.93, "Total Cost": 588414.15, "Plan Rows": 1, "Plan Width": 89, "Actual Rows": 34, "Actual Loops": 4, "Inner Unique": true, "Join Filter": "(t.id = mi.movie_id)", "Rows Removed by Join Filter": 0, "Workers": [], "Plans": [{"Node Type": "Nested Loop", "Parent Relationship": "Outer", "Parallel Aware": false, "Async Capable": false, "Join Type": "Inner", "Startup Cost": 251098.5, "Total Cost": 588413.62, "Plan Rows": 1, "Plan Width": 68, "Actual Rows": 1176, "Actual Loops": 4, "Inner Unique": true, "Workers": [], "Plans": [{"Node Type": "Hash Join", "Parent Relationship": "Outer", "Parallel Aware": true, "Async Capable": false, "Join Type": "Inner", "Startup Cost": 251098.08, "Total Cost": 588412.9, "Plan Rows": 1, "Plan Width": 72, "Actual Rows": 6074, "Actual Loops": 4, "Inner Unique": false, "Hash Cond": "(ci.movie_id = mi.movie_id)", "Workers": [], "Plans": [{"Node Type": "Seq Scan", "Parent Relationship": "Outer", "Parallel Aware": true, "Async Capable": false, "Relation Name": "cast_info", "Alias": "ci", "Startup Cost": 0.0, "Total Cost": 335756.3, "Plan Rows": 415604, "Plan Width": 8, "Actual Rows": 609592, "Actual Loops": 4, "Filter": "((note)::text = ANY ('{\"(executive producer)\",\"(head writer)\",(producer)}'::text[]))", "Rows Removed by Filter": 8451494, "Workers": []}, {"Node Type": "Hash", "Parent Relationship": "Inner", "Parallel Aware": true, "Async Capable": false, "Startup Cost": 251098.07, "Total Cost": 251098.07, "Plan Rows": 1, "Plan Width": 64, "Actual Rows": 1986, "Actual Loops": 4, "Hash Buckets": 8192, "Original Hash Buckets": 1024, "Hash Batches": 1, "Original Hash Batches": 1, "Peak Memory Usage": 664, "Workers": [], "Plans": [{"Node Type": "Hash Join", "Parent Relationship": "Outer", "Parallel Aware": true, "Async Capable": false, "Join Type": "Inner", "Startup Cost": 221684.95, "Total Cost": 251098.07, "Plan Rows": 1, "Plan Width": 64, "Actual Rows": 1986, "Actual Loops": 4, "Inner Unique": false, "Hash Cond": "(mc.movie_id = mi.movie_id)", "Workers": [], "Plans": [{"Node Type": "Seq Scan", "Parent Relationship": "Outer", "Parallel Aware": true, "Async Capable": false, "Relation Name": "movie_companies", "Alias": "mc", "Startup Cost": 0.0, "Total Cost": 29344.68, "Plan Rows": 18247, "Plan Width": 8, "Actual Rows": 14293, "Actual Loops": 4, "Filter": "((note)::text ~~ '%(2006)%'::text)", "Rows Removed by Filter": 637989, "Workers": []}, {"Node Type": "Hash", "Parent Relationship": "Inner", "Parallel Aware": true, "Async Capable": false, "Startup Cost": 221684.89, "Total Cost": 221684.89, "Plan Rows": 5, "Plan Width": 56, "Actual Rows": 11395, "Actual Loops": 4, "Hash Buckets": 65536, "Original Hash Buckets": 1024, "Hash Batches": 1, "Original Hash Batches": 1, "Peak Memory Usage": 3576, "Workers": [], "Plans": [{"Node Type": "Hash Join", "Parent Relationship": "Outer", "Parallel Aware": true, "Async Capable": false, "Join Type": "Inner", "Startup Cost": 206209.86, "Total Cost": 221684.89, "Plan Rows": 5, "Plan Width": 56, "Actual Rows": 11395, "Actual Loops": 4, "Inner Unique": false, "Hash Cond": "(mi_idx.movie_id = mi.movie_id)", "Workers": [], "Plans": [{"Node Type": "Hash Join", "Parent Relationship": "Outer", "Parallel Aware": false, "Async Capable": false, "Join Type": "Inner", "Startup Cost": 2.43, "Total Cost": 15286.6, "Plan Rows": 5089, "Plan Width": 9, "Actual Rows": 114981, "Actual Loops": 4, "Inner Unique": true, "Hash Cond": "(mi_idx.info_type_id = it2.id)", "Workers": [], "Plans": [{"Node Type": "Seq Scan", "Parent Relationship": "Outer", "Parallel Aware": true, "Async Capable": false, "Relation Name": "movie_info_idx", "Alias": "mi_idx", "Startup Cost": 0.0, "Total Cost": 13718.15, "Plan Rows": 575015, "Plan Width": 13, "Actual Rows": 345009, "Actual Loops": 4, "Workers": []}, {"Node Type": "Hash", "Parent Relationship": "Inner", "Parallel Aware": false, "Async Capable": false, "Startup Cost": 2.41, "Total Cost": 2.41, "Plan Rows": 1, "Plan Width": 4, "Actual Rows": 1, "Actual Loops": 4, "Hash Buckets": 1024, "Original Hash Buckets": 1024, "Hash Batches": 1, "Original Hash Batches": 1, "Peak Memory Usage": 9, "Workers": [], "Plans": [{"Node Type": "Seq Scan", "Parent Relationship": "Outer", "Parallel Aware": false, "Async Capable": false, "Relation Name": "info_type", "Alias": "it2", "Startup Cost": 0.0, "Total Cost": 2.41, "Plan Rows": 1, "Plan Width": 4, "Actual Rows": 1, "Actual Loops": 4, "Filter": "((info)::text = 'votes'::text)", "Rows Removed by Filter": 112, "Workers": []}]}]}, {"Node Type": "Hash", "Parent Relationship": "Inner", "Parallel Aware": true, "Async Capable": false, "Startup Cost": 206205.55, "Total Cost": 206205.55, "Plan Rows": 151, "Plan Width": 47, "Actual Rows": 20357, "Actual Loops": 4, "Hash Buckets": 131072, "Original Hash Buckets": 1024, "Hash Batches": 1, "Original Hash Batches": 1, "Peak Memory Usage": 5912, "Workers": [], "Plans": [{"Node Type": "Hash Join", "Parent Relationship": "Outer", "Parallel Aware": false, "Async Capable": false, "Join Type": "Inner", "Startup Cost": 2.43, "Total Cost": 206205.55, "Plan Rows": 151, "Plan Width": 47, "Actual Rows": 20357, "Actual Loops": 4, "Inner Unique": true, "Hash Cond": "(mi.info_type_id = it1.id)", "Workers": [], "Plans": [{"Node Type": "Seq Scan", "Parent Relationship": "Outer", "Parallel Aware": true, "Async Capable": false, "Relation Name": "movie_info", "Alias": "mi", "Startup Cost": 0.0, "Total Cost": 206156.59, "Plan Rows": 17087, "Plan Width": 51, "Actual Rows": 21137, "Actual Loops": 4, "Filter": "((info)::text = ANY ('{Action,American,Bulgaria,Crime}'::text[]))", "Rows Removed by Filter": 3687793, "Workers": []}, {"Node Type": "Hash", "Parent Relationship": "Inner", "Parallel Aware": false, "Async Capable": false, "Startup Cost": 2.41, "Total Cost": 2.41, "Plan Rows": 1, "Plan Width": 4, "Actual Rows": 1, "Actual Loops": 4, "Hash Buckets": 1024, "Original Hash Buckets": 1024, "Hash Batches": 1, "Original Hash Batches": 1, "Peak Memory Usage": 9, "Workers": [], "Plans": [{"Node Type": "Seq Scan", "Parent Relationship": "Outer", "Parallel Aware": false, "Async Capable": false, "Relation Name": "info_type", "Alias": "it1", "Startup Cost": 0.0, "Total Cost": 2.41, "Plan Rows": 1, "Plan Width": 4, "Actual Rows": 1, "Actual Loops": 4, "Filter": "((info)::text = 'genres'::text)", "Rows Removed by Filter": 112, "Workers": []}]}]}]}]}]}]}]}]}, {"Node Type": "Index Scan", "Parent Relationship": "Inner", "Parallel Aware": false, "Async Capable": false, "Scan Direction": "Forward", "Index Name": "company_name_pkey", "Relation Name": "company_name", "Alias": "cn", "Startup Cost": 0.42, "Total Cost": 0.72, "Plan Rows": 1, "Plan Width": 4, "Actual Rows": 0, "Actual Loops": 24294, "Index Cond": "(id = mc.company_id)", "Rows Removed by Index Recheck": 0, "Filter": "((name)::text ~~ '%Film%'::text)", "Rows Removed by Filter": 1, "Workers": []}]}, {"Node Type": "Index Scan", "Parent Relationship": "Inner", "Parallel Aware": false, "Async Capable": false, "Scan Direction": "Forward", "Index Name": "title_pkey", "Relation Name": "title", "Alias": "t", "Startup Cost": 0.43, "Total Cost": 0.52, "Plan Rows": 1, "Plan Width": 21, "Actual Rows": 0, "Actual Loops": 4704, "Index Cond": "(id = ci.movie_id)", "Rows Removed by Index Recheck": 0, "Filter": "(production_year <= 1972)", "Rows Removed by Filter": 1, "Workers": []}]}]}]}]}, {"Node Type": "Index Scan", "Parent Relationship": "Inner", "Parallel Aware": false, "Async Capable": false, "Scan Direction": "Forward", "Index Name": "keyword_pkey", "Relation Name": "keyword", "Alias": "k", "Startup Cost": 0.42, "Total Cost": 0.44, "Plan Rows": 1, "Plan Width": 4, "Actual Rows": 0, "Actual Loops": 8919, "Index Cond": "(id = mk.keyword_id)", "Rows Removed by Index Recheck": 0, "Filter": "((keyword)::text = ANY ('{\"10,000-mile-club\",alienation,based-on-comic}'::text[]))", "Rows Removed by Filter": 1}]}, {"Node Type": "Index Scan", "Parent Relationship": "Inner", "Parallel Aware": false, "Async Capable": false, "Scan Direction": "Forward", "Index Name": "name_pkey", "Relation Name": "name", "Alias": "n", "Startup Cost": 0.43, "Total Cost": 0.56, "Plan Rows": 1, "Plan Width": 19, "Actual Rows": 1, "Actual Loops": 6, "Index Cond": "(id = ci.person_id)", "Rows Removed by Index Recheck": 0}]}]}, "Planning Time": 24.379, "Triggers": [], "Execution Time": 2858.062}, {"Plan": {"Node Type": "Aggregate", "Strategy": "Plain", "Partial Mode": "Simple", "Parallel Aware": false, "Async Capable": false, "Startup Cost": 651359.35, "Total Cost": 651359.36, "Plan Rows": 1, "Plan Width": 128, "Actual Rows": 1, "Actual Loops": 1, "Plans": [{"Node Type": "Gather", "Parent Relationship": "Outer", "Parallel Aware": false, "Async Capable": false, "Startup Cost": 614441.76, "Total Cost": 651359.34, "Plan Rows": 1, "Plan Width": 80, "Actual Rows": 6, "Actual Loops": 1, "Workers Planned": 3, "Workers Launched": 3, "Single Copy": false, "Plans": [{"Node Type": "Hash Join", "Parent Relationship": "Outer", "Parallel Aware": true, "Async Capable": false, "Join Type": "Inner", "Startup Cost": 613441.76, "Total Cost": 650359.24, "Plan Rows": 1, "Plan Width": 80, "Actual Rows": 2, "Actual Loops": 4, "Inner Unique": false, "Hash Cond": "(t.id = mi.movie_id)", "Workers": [], "Plans": [{"Node Type": "Nested Loop", "Parent Relationship": "Outer", "Parallel Aware": false, "Async Capable": false, "Join Type": "Inner", "Startup Cost": 346109.16, "Total Cost": 383020.7, "Plan Rows": 1581, "Plan Width": 44, "Actual Rows": 194, "Actual Loops": 4, "Inner Unique": true, "Workers": [], "Plans": [{"Node Type": "Nested Loop", "Parent Relationship": "Outer", "Parallel Aware": false, "Async Capable": false, "Join Type": "Inner", "Startup Cost": 346108.73, "Total Cost": 382133.99, "Plan Rows": 1581, "Plan Width": 33, "Actual Rows": 194, "Actual Loops": 4, "Inner Unique": true, "Workers": [], "Plans": [{"Node Type": "Hash Join", "Parent Relationship": "Outer", "Parallel Aware": true, "Async Capable": false, "Join Type": "Inner", "Startup Cost": 346108.3, "Total Cost": 376975.68, "Plan Rows": 9878, "Plan Width": 12, "Actual Rows": 4446, "Actual Loops": 4, "Inner Unique": false, "Hash Cond": "(mc.movie_id = ci.movie_id)", "Workers": [], "Plans": [{"Node Type": "Hash Join", "Parent Relationship": "Outer", "Parallel Aware": true, "Async Capable": false, "Join Type": "Inner", "Startup Cost": 5156.96, "Total Cost": 34549.54, "Plan Rows": 4108, "Plan Width": 4, "Actual Rows": 1626, "Actual Loops": 4, "Inner Unique": true, "Hash Cond": "(mc.company_id = cn.id)", "Workers": [], "Plans": [{"Node Type": "Seq Scan", "Parent Relationship": "Outer", "Parallel Aware": true, "Async Capable": false, "Relation Name": "movie_companies", "Alias": "mc", "Startup Cost": 0.0, "Total Cost": 29344.68, "Plan Rows": 18247, "Plan Width": 8, "Actual Rows": 14293, "Actual Loops": 4, "Filter": "((note)::text ~~ '%(2006)%'::text)", "Rows Removed by Filter": 637989, "Workers": []}, {"Node Type": "Hash", "Parent Relationship": "Inner", "Parallel Aware": true, "Async Capable": false, "Startup Cost": 4767.92, "Total Cost": 4767.92, "Plan Rows": 31123, "Plan Width": 4, "Actual Rows": 13425, "Actual Loops": 4, "Hash Buckets": 65536, "Original Hash Buckets": 65536, "Hash Batches": 1, "Original Hash Batches": 1, "Peak Memory Usage": 2688, "Workers": [], "Plans": [{"Node Type": "Seq Scan", "Parent Relationship": "Outer", "Parallel Aware": true, "Async Capable": false, "Relation Name": "company_name", "Alias": "cn", "Startup Cost": 0.0, "Total Cost": 4767.92, "Plan Rows": 31123, "Plan Width": 4, "Actual Rows": 13425, "Actual Loops": 4, "Filter": "((name)::text ~~ '%Film%'::text)", "Rows Removed by Filter": 45324, "Workers": []}]}]}, {"Node Type": "Hash", "Parent Relationship": "Inner", "Parallel Aware": true, "Async Capable": false, "Startup Cost": 335756.3, "Total Cost": 335756.3, "Plan Rows": 415604, "Plan Width": 8, "Actual Rows": 609592, "Actual Loops": 4, "Hash Buckets": 4194304, "Original Hash Buckets": 4194304, "Hash Batches": 1, "Original Hash Batches": 1, "Peak Memory Usage": 128224, "Workers": [], "Plans": [{"Node Type": "Seq Scan", "Parent Relationship": "Outer", "Parallel Aware": true, "Async Capable": false, "Relation Name": "cast_info", "Alias": "ci", "Startup Cost": 0.0, "Total Cost": 335756.3, "Plan Rows": 415604, "Plan Width": 8, "Actual Rows": 609592, "Actual Loops": 4, "Filter": "((note)::text = ANY ('{\"(executive producer)\",\"(head writer)\",(producer)}'::text[]))", "Rows Removed by Filter": 8451494, "Workers": []}]}]}, {"Node Type": "Index Scan", "Parent Relationship": "Inner", "Parallel Aware": false, "Async Capable": false, "Scan Direction": "Forward", "Index Name": "title_pkey", "Relation Name": "title", "Alias": "t", "Startup Cost": 0.43, "Total Cost": 0.52, "Plan Rows": 1, "Plan Width": 21, "Actual Rows": 0, "Actual Loops": 17784, "Index Cond": "(id = ci.movie_id)", "Rows Removed by Index Recheck": 0, "Filter": "(production_year <= 1972)", "Rows Removed by Filter": 1, "Workers": []}]}, {"Node Type": "Index Scan", "Parent Relationship": "Inner", "Parallel Aware": false, "Async Capable": false, "Scan Direction": "Forward", "Index Name": "name_pkey", "Relation Name": "name", "Alias": "n", "Startup Cost": 0.43, "Total Cost": 0.56, "Plan Rows": 1, "Plan Width": 19, "Actual Rows": 1, "Actual Loops": 776, "Index Cond": "(id = ci.person_id)", "Rows Removed by Index Recheck": 0, "Workers": []}]}, {"Node Type": "Hash", "Parent Relationship": "Inner", "Parallel Aware": true, "Async Capable": false, "Startup Cost": 267332.58, "Total Cost": 267332.58, "Plan Rows": 1, "Plan Width": 60, "Actual Rows": 211, "Actual Loops": 4, "Hash Buckets": 1024, "Original Hash Buckets": 1024, "Hash Batches": 1, "Original Hash Batches": 1, "Peak Memory Usage": 136, "Workers": [], "Plans": [{"Node Type": "Hash Join", "Parent Relationship": "Outer", "Parallel Aware": true, "Async Capable": false, "Join Type": "Inner", "Startup Cost": 224428.26, "Total Cost": 267332.58, "Plan Rows": 1, "Plan Width": 60, "Actual Rows": 211, "Actual Loops": 4, "Inner Unique": false, "Hash Cond": "(mk.movie_id = mi.movie_id)", "Workers": [], "Plans": [{"Node Type": "Hash Join", "Parent Relationship": "Outer", "Parallel Aware": false, "Async Capable": false, "Join Type": "Inner", "Startup Cost": 2852.88, "Total Cost": 45757.07, "Plan Rows": 33, "Plan Width": 4, "Actual Rows": 614, "Actual Loops": 4, "Inner Unique": true, "Hash Cond": "(mk.keyword_id = k.id)", "Workers": [], "Plans": [{"Node Type": "Seq Scan", "Parent Relationship": "Outer", "Parallel Aware": true, "Async Capable": false, "Relation Name": "movie_keyword", "Alias": "mk", "Startup Cost": 0.0, "Total Cost": 39073.32, "Plan Rows": 1459332, "Plan Width": 8, "Actual Rows": 1130982, "Actual Loops": 4, "Workers": []}, {"Node Type": "Hash", "Parent Relationship": "Inner", "Parallel Aware": false, "Async Capable": false, "Startup Cost": 2852.84, "Total Cost": 2852.84, "Plan Rows": 3, "Plan Width": 4, "Actual Rows": 3, "Actual Loops": 4, "Hash Buckets": 1024, "Original Hash Buckets": 1024, "Hash Batches": 1, "Original Hash Batches": 1, "Peak Memory Usage": 9, "Workers": [], "Plans": [{"Node Type": "Seq Scan", "Parent Relationship": "Outer", "Parallel Aware": false, "Async Capable": false, "Relation Name": "keyword", "Alias": "k", "Startup Cost": 0.0, "Total Cost": 2852.84, "Plan Rows": 3, "Plan Width": 4, "Actual Rows": 3, "Actual Loops": 4, "Filter": "((keyword)::text = ANY ('{\"10,000-mile-club\",alienation,based-on-comic}'::text[]))", "Rows Removed by Filter": 134167, "Workers": []}]}]}, {"Node Type": "Hash", "Parent Relationship": "Inner", "Parallel Aware": true, "Async Capable": false, "Startup Cost": 221575.35, "Total Cost": 221575.35, "Plan Rows": 3, "Plan Width": 56, "Actual Rows": 11395, "Actual Loops": 4, "Hash Buckets": 65536, "Original Hash Buckets": 1024, "Hash Batches": 1, "Original Hash Batches": 1, "Peak Memory Usage": 3576, "Workers": [], "Plans": [{"Node Type": "Hash Join", "Parent Relationship": "Outer", "Parallel Aware": false, "Async Capable": false, "Join Type": "Inner", "Startup Cost": 15352.64, "Total Cost": 221575.35, "Plan Rows": 3, "Plan Width": 56, "Actual Rows": 11395, "Actual Loops": 4, "Inner Unique": true, "Hash Cond": "(mi.info_type_id = it1.id)", "Workers": [], "Plans": [{"Node Type": "Hash Join", "Parent Relationship": "Outer", "Parallel Aware": true, "Async Capable": false, "Join Type": "Inner", "Startup Cost": 15350.21, "Total Cost": 221572.11, "Plan Rows": 295, "Plan Width": 60, "Actual Rows": 11838, "Actual Loops": 4, "Inner Unique": false, "Hash Cond": "(mi.movie_id = mi_idx.movie_id)", "Workers": [], "Plans": [{"Node Type": "Seq Scan", "Parent Relationship": "Outer", "Parallel Aware": true, "Async Capable": false, "Relation Name": "movie_info", "Alias": "mi", "Startup Cost": 0.0, "Total Cost": 206156.59, "Plan Rows": 17087, "Plan Width": 51, "Actual Rows": 21137, "Actual Loops": 4, "Filter": "((info)::text = ANY ('{Action,American,Bulgaria,Crime}'::text[]))", "Rows Removed by Filter": 3687793, "Workers": []}, {"Node Type": "Hash", "Parent Relationship": "Inner", "Parallel Aware": true, "Async Capable": false, "Startup Cost": 15286.6, "Total Cost": 15286.6, "Plan Rows": 5089, "Plan Width": 9, "Actual Rows": 114981, "Actual Loops": 4, "Hash Buckets": 524288, "Original Hash Buckets": 16384, "Hash Batches": 1, "Original Hash Batches": 1, "Peak Memory Usage": 26304, "Workers": [], "Plans": [{"Node Type": "Hash Join", "Parent Relationship": "Outer", "Parallel Aware": false, "Async Capable": false, "Join Type": "Inner", "Startup Cost": 2.43, "Total Cost": 15286.6, "Plan Rows": 5089, "Plan Width": 9, "Actual Rows": 114981, "Actual Loops": 4, "Inner Unique": true, "Hash Cond": "(mi_idx.info_type_id = it2.id)", "Workers": [], "Plans": [{"Node Type": "Seq Scan", "Parent Relationship": "Outer", "Parallel Aware": true, "Async Capable": false, "Relation Name": "movie_info_idx", "Alias": "mi_idx", "Startup Cost": 0.0, "Total Cost": 13718.15, "Plan Rows": 575015, "Plan Width": 13, "Actual Rows": 345009, "Actual Loops": 4, "Workers": []}, {"Node Type": "Hash", "Parent Relationship": "Inner", "Parallel Aware": false, "Async Capable": false, "Startup Cost": 2.41, "Total Cost": 2.41, "Plan Rows": 1, "Plan Width": 4, "Actual Rows": 1, "Actual Loops": 4, "Hash Buckets": 1024, "Original Hash Buckets": 1024, "Hash Batches": 1, "Original Hash Batches": 1, "Peak Memory Usage": 9, "Workers": [], "Plans": [{"Node Type": "Seq Scan", "Parent Relationship": "Outer", "Parallel Aware": false, "Async Capable": false, "Relation Name": "info_type", "Alias": "it2", "Startup Cost": 0.0, "Total Cost": 2.41, "Plan Rows": 1, "Plan Width": 4, "Actual Rows": 1, "Actual Loops": 4, "Filter": "((info)::text = 'votes'::text)", "Rows Removed by Filter": 112, "Workers": []}]}]}]}]}, {"Node Type": "Hash", "Parent Relationship": "Inner", "Parallel Aware": false, "Async Capable": false, "Startup Cost": 2.41, "Total Cost": 2.41, "Plan Rows": 1, "Plan Width": 4, "Actual Rows": 1, "Actual Loops": 4, "Hash Buckets": 1024, "Original Hash Buckets": 1024, "Hash Batches": 1, "Original Hash Batches": 1, "Peak Memory Usage": 9, "Workers": [], "Plans": [{"Node Type": "Seq Scan", "Parent Relationship": "Outer", "Parallel Aware": false, "Async Capable": false, "Relation Name": "info_type", "Alias": "it1", "Startup Cost": 0.0, "Total Cost": 2.41, "Plan Rows": 1, "Plan Width": 4, "Actual Rows": 1, "Actual Loops": 4, "Filter": "((info)::text = 'genres'::text)", "Rows Removed by Filter": 112, "Workers": []}]}]}]}]}]}]}]}]}, "Planning Time": 24.919, "Triggers": [], "Execution Time": 3216.214}, {"Plan": {"Node Type": "Aggregate", "Strategy": "Plain", "Partial Mode": "Simple", "Parallel Aware": false, "Async Capable": false, "Startup Cost": 635333.58, "Total Cost": 635333.59, "Plan Rows": 1, "Plan Width": 128, "Actual Rows": 1, "Actual Loops": 1, "Plans": [{"Node Type": "Gather", "Parent Relationship": "Outer", "Parallel Aware": false, "Async Capable": false, "Startup Cost": 605645.52, "Total Cost": 635333.57, "Plan Rows": 1, "Plan Width": 80, "Actual Rows": 6, "Actual Loops": 1, "Workers Planned": 3, "Workers Launched": 3, "Single Copy": false, "Plans": [{"Node Type": "Hash Join", "Parent Relationship": "Outer", "Parallel Aware": true, "Async Capable": false, "Join Type": "Inner", "Startup Cost": 604645.52, "Total Cost": 634333.47, "Plan Rows": 1, "Plan Width": 80, "Actual Rows": 2, "Actual Loops": 4, "Inner Unique": false, "Hash Cond": "(mi_idx.movie_id = t.id)", "Workers": [], "Plans": [{"Node Type": "Nested Loop", "Parent Relationship": "Outer", "Parallel Aware": false, "Async Capable": false, "Join Type": "Inner", "Startup Cost": 15350.63, "Total Cost": 45038.25, "Plan Rows": 86, "Plan Width": 13, "Actual Rows": 1306, "Actual Loops": 4, "Inner Unique": true, "Workers": [], "Plans": [{"Node Type": "Hash Join", "Parent Relationship": "Outer", "Parallel Aware": true, "Async Capable": false, "Join Type": "Inner", "Startup Cost": 15350.21, "Total Cost": 44764.91, "Plan Rows": 381, "Plan Width": 17, "Actual Rows": 9846, "Actual Loops": 4, "Inner Unique": false, "Hash Cond": "(mc.movie_id = mi_idx.movie_id)", "Workers": [], "Plans": [{"Node Type": "Seq Scan", "Parent Relationship": "Outer", "Parallel Aware": true, "Async Capable": false, "Relation Name": "movie_companies", "Alias": "mc", "Startup Cost": 0.0, "Total Cost": 29344.68, "Plan Rows": 18247, "Plan Width": 8, "Actual Rows": 14293, "Actual Loops": 4, "Filter": "((note)::text ~~ '%(2006)%'::text)", "Rows Removed by Filter": 637989, "Workers": []}, {"Node Type": "Hash", "Parent Relationship": "Inner", "Parallel Aware": true, "Async Capable": false, "Startup Cost": 15286.6, "Total Cost": 15286.6, "Plan Rows": 5089, "Plan Width": 9, "Actual Rows": 114981, "Actual Loops": 4, "Hash Buckets": 524288, "Original Hash Buckets": 16384, "Hash Batches": 1, "Original Hash Batches": 1, "Peak Memory Usage": 26304, "Workers": [], "Plans": [{"Node Type": "Hash Join", "Parent Relationship": "Outer", "Parallel Aware": false, "Async Capable": false, "Join Type": "Inner", "Startup Cost": 2.43, "Total Cost": 15286.6, "Plan Rows": 5089, "Plan Width": 9, "Actual Rows": 114981, "Actual Loops": 4, "Inner Unique": true, "Hash Cond": "(mi_idx.info_type_id = it2.id)", "Workers": [], "Plans": [{"Node Type": "Seq Scan", "Parent Relationship": "Outer", "Parallel Aware": true, "Async Capable": false, "Relation Name": "movie_info_idx", "Alias": "mi_idx", "Startup Cost": 0.0, "Total Cost": 13718.15, "Plan Rows": 575015, "Plan Width": 13, "Actual Rows": 345009, "Actual Loops": 4, "Workers": []}, {"Node Type": "Hash", "Parent Relationship": "Inner", "Parallel Aware": false, "Async Capable": false, "Startup Cost": 2.41, "Total Cost": 2.41, "Plan Rows": 1, "Plan Width": 4, "Actual Rows": 1, "Actual Loops": 4, "Hash Buckets": 1024, "Original Hash Buckets": 1024, "Hash Batches": 1, "Original Hash Batches": 1, "Peak Memory Usage": 9, "Workers": [], "Plans": [{"Node Type": "Seq Scan", "Parent Relationship": "Outer", "Parallel Aware": false, "Async Capable": false, "Relation Name": "info_type", "Alias": "it2", "Startup Cost": 0.0, "Total Cost": 2.41, "Plan Rows": 1, "Plan Width": 4, "Actual Rows": 1, "Actual Loops": 4, "Filter": "((info)::text = 'votes'::text)", "Rows Removed by Filter": 112, "Workers": []}]}]}]}]}, {"Node Type": "Index Scan", "Parent Relationship": "Inner", "Parallel Aware": false, "Async Capable": false, "Scan Direction": "Forward", "Index Name": "company_name_pkey", "Relation Name": "company_name", "Alias": "cn", "Startup Cost": 0.42, "Total Cost": 0.72, "Plan Rows": 1, "Plan Width": 4, "Actual Rows": 0, "Actual Loops": 39382, "Index Cond": "(id = mc.company_id)", "Rows Removed by Index Recheck": 0, "Filter": "((name)::text ~~ '%Film%'::text)", "Rows Removed by Filter": 1, "Workers": []}]}, {"Node Type": "Hash", "Parent Relationship": "Inner", "Parallel Aware": true, "Async Capable": false, "Startup Cost": 589294.88, "Total Cost": 589294.88, "Plan Rows": 1, "Plan Width": 91, "Actual Rows": 19, "Actual Loops": 4, "Hash Buckets": 1024, "Original Hash Buckets": 1024, "Hash Batches": 1, "Original Hash Batches": 1, "Peak Memory Usage": 136, "Workers": [], "Plans": [{"Node Type": "Nested Loop", "Parent Relationship": "Outer", "Parallel Aware": false, "Async Capable": false, "Join Type": "Inner", "Startup Cost": 383091.04, "Total Cost": 589294.88, "Plan Rows": 1, "Plan Width": 91, "Actual Rows": 19, "Actual Loops": 4, "Inner Unique": true, "Workers": [], "Plans": [{"Node Type": "Hash Join", "Parent Relationship": "Outer", "Parallel Aware": true, "Async Capable": false, "Join Type": "Inner", "Startup Cost": 383090.61, "Total Cost": 589294.32, "Plan Rows": 1, "Plan Width": 80, "Actual Rows": 19, "Actual Loops": 4, "Inner Unique": false, "Hash Cond": "(mi.movie_id = t.id)", "Workers": [], "Plans": [{"Node Type": "Hash Join", "Parent Relationship": "Outer", "Parallel Aware": false, "Async Capable": false, "Join Type": "Inner", "Startup Cost": 2.43, "Total Cost": 206205.55, "Plan Rows": 151, "Plan Width": 47, "Actual Rows": 20357, "Actual Loops": 4, "Inner Unique": true, "Hash Cond": "(mi.info_type_id = it1.id)", "Workers": [], "Plans": [{"Node Type": "Seq Scan", "Parent Relationship": "Outer", "Parallel Aware": true, "Async Capable": false, "Relation Name": "movie_info", "Alias": "mi", "Startup Cost": 0.0, "Total Cost": 206156.59, "Plan Rows": 17087, "Plan Width": 51, "Actual Rows": 21137, "Actual Loops": 4, "Filter": "((info)::text = ANY ('{Action,American,Bulgaria,Crime}'::text[]))", "Rows Removed by Filter": 3687793, "Workers": []}, {"Node Type": "Hash", "Parent Relationship": "Inner", "Parallel Aware": false, "Async Capable": false, "Startup Cost": 2.41, "Total Cost": 2.41, "Plan Rows": 1, "Plan Width": 4, "Actual Rows": 1, "Actual Loops": 4, "Hash Buckets": 1024, "Original Hash Buckets": 1024, "Hash Batches": 1, "Original Hash Batches": 1, "Peak Memory Usage": 9, "Workers": [], "Plans": [{"Node Type": "Seq Scan", "Parent Relationship": "Outer", "Parallel Aware": false, "Async Capable": false, "Relation Name": "info_type", "Alias": "it1", "Startup Cost": 0.0, "Total Cost": 2.41, "Plan Rows": 1, "Plan Width": 4, "Actual Rows": 1, "Actual Loops": 4, "Filter": "((info)::text = 'genres'::text)", "Rows Removed by Filter": 112, "Workers": []}]}]}, {"Node Type": "Hash", "Parent Relationship": "Inner", "Parallel Aware": true, "Async Capable": false, "Startup Cost": 383088.11, "Total Cost": 383088.11, "Plan Rows": 6, "Plan Width": 33, "Actual Rows": 64, "Actual Loops": 4, "Hash Buckets": 1024, "Original Hash Buckets": 1024, "Hash Batches": 1, "Original Hash Batches": 1, "Peak Memory Usage": 136, "Workers": [], "Plans": [{"Node Type": "Hash Join", "Parent Relationship": "Outer", "Parallel Aware": true, "Async Capable": false, "Join Type": "Inner", "Startup Cost": 45773.29, "Total Cost": 383088.11, "Plan Rows": 6, "Plan Width": 33, "Actual Rows": 64, "Actual Loops": 4, "Inner Unique": false, "Hash Cond": "(ci.movie_id = t.id)", "Workers": [], "Plans": [{"Node Type": "Seq Scan", "Parent Relationship": "Outer", "Parallel Aware": true, "Async Capable": false, "Relation Name": "cast_info", "Alias": "ci", "Startup Cost": 0.0, "Total Cost": 335756.3, "Plan Rows": 415604, "Plan Width": 8, "Actual Rows": 609592, "Actual Loops": 4, "Filter": "((note)::text = ANY ('{\"(executive producer)\",\"(head writer)\",(producer)}'::text[]))", "Rows Removed by Filter": 8451494, "Workers": []}, {"Node Type": "Hash", "Parent Relationship": "Inner", "Parallel Aware": true, "Async Capable": false, "Startup Cost": 45773.23, "Total Cost": 45773.23, "Plan Rows": 5, "Plan Width": 25, "Actual Rows": 154, "Actual Loops": 4, "Hash Buckets": 1024, "Original Hash Buckets": 1024, "Hash Batches": 1, "Original Hash Batches": 1, "Peak Memory Usage": 136, "Workers": [], "Plans": [{"Node Type": "Nested Loop", "Parent Relationship": "Outer", "Parallel Aware": false, "Async Capable": false, "Join Type": "Inner", "Startup Cost": 2853.3, "Total Cost": 45773.23, "Plan Rows": 5, "Plan Width": 25, "Actual Rows": 154, "Actual Loops": 4, "Inner Unique": true, "Workers": [], "Plans": [{"Node Type": "Hash Join", "Parent Relationship": "Outer", "Parallel Aware": false, "Async Capable": false, "Join Type": "Inner", "Startup Cost": 2852.88, "Total Cost": 45757.07, "Plan Rows": 33, "Plan Width": 4, "Actual Rows": 614, "Actual Loops": 4, "Inner Unique": true, "Hash Cond": "(mk.keyword_id = k.id)", "Workers": [], "Plans": [{"Node Type": "Seq Scan", "Parent Relationship": "Outer", "Parallel Aware": true, "Async Capable": false, "Relation Name": "movie_keyword", "Alias": "mk", "Startup Cost": 0.0, "Total Cost": 39073.32, "Plan Rows": 1459332, "Plan Width": 8, "Actual Rows": 1130982, "Actual Loops": 4, "Workers": []}, {"Node Type": "Hash", "Parent Relationship": "Inner", "Parallel Aware": false, "Async Capable": false, "Startup Cost": 2852.84, "Total Cost": 2852.84, "Plan Rows": 3, "Plan Width": 4, "Actual Rows": 3, "Actual Loops": 4, "Hash Buckets": 1024, "Original Hash Buckets": 1024, "Hash Batches": 1, "Original Hash Batches": 1, "Peak Memory Usage": 9, "Workers": [], "Plans": [{"Node Type": "Seq Scan", "Parent Relationship": "Outer", "Parallel Aware": false, "Async Capable": false, "Relation Name": "keyword", "Alias": "k", "Startup Cost": 0.0, "Total Cost": 2852.84, "Plan Rows": 3, "Plan Width": 4, "Actual Rows": 3, "Actual Loops": 4, "Filter": "((keyword)::text = ANY ('{\"10,000-mile-club\",alienation,based-on-comic}'::text[]))", "Rows Removed by Filter": 134167, "Workers": []}]}]}, {"Node Type": "Index Scan", "Parent Relationship": "Inner", "Parallel Aware": false, "Async Capable": false, "Scan Direction": "Forward", "Index Name": "title_pkey", "Relation Name": "title", "Alias": "t", "Startup Cost": 0.43, "Total Cost": 0.49, "Plan Rows": 1, "Plan Width": 21, "Actual Rows": 0, "Actual Loops": 2455, "Index Cond": "(id = mk.movie_id)", "Rows Removed by Index Recheck": 0, "Filter": "(production_year <= 1972)", "Rows Removed by Filter": 1, "Workers": []}]}]}]}]}]}, {"Node Type": "Index Scan", "Parent Relationship": "Inner", "Parallel Aware": false, "Async Capable": false, "Scan Direction": "Forward", "Index Name": "name_pkey", "Relation Name": "name", "Alias": "n", "Startup Cost": 0.43, "Total Cost": 0.56, "Plan Rows": 1, "Plan Width": 19, "Actual Rows": 1, "Actual Loops": 75, "Index Cond": "(id = ci.person_id)", "Rows Removed by Index Recheck": 0, "Workers": []}]}]}]}]}]}, "Planning Time": 22.69, "Triggers": [], "Execution Time": 2666.376}, {"Plan": {"Node Type": "Aggregate", "Strategy": "Plain", "Partial Mode": "Finalize", "Parallel Aware": false, "Async Capable": false, "Startup Cost": 635063.69, "Total Cost": 635063.7, "Plan Rows": 1, "Plan Width": 128, "Actual Rows": 1, "Actual Loops": 1, "Plans": [{"Node Type": "Gather", "Parent Relationship": "Outer", "Parallel Aware": false, "Async Capable": false, "Startup Cost": 635063.13, "Total Cost": 635063.64, "Plan Rows": 5, "Plan Width": 128, "Actual Rows": 6, "Actual Loops": 1, "Workers Planned": 5, "Workers Launched": 5, "Single Copy": false, "Plans": [{"Node Type": "Aggregate", "Strategy": "Plain", "Partial Mode": "Partial", "Parent Relationship": "Outer", "Parallel Aware": false, "Async Capable": false, "Startup Cost": 634063.13, "Total Cost": 634063.14, "Plan Rows": 1, "Plan Width": 128, "Actual Rows": 1, "Actual Loops": 6, "Workers": [], "Plans": [{"Node Type": "Hash Join", "Parent Relationship": "Outer", "Parallel Aware": true, "Async Capable": false, "Join Type": "Inner", "Startup Cost": 427840.39, "Total Cost": 634063.12, "Plan Rows": 1, "Plan Width": 80, "Actual Rows": 1, "Actual Loops": 6, "Inner Unique": false, "Hash Cond": "(mi.movie_id = t.id)", "Workers": [], "Plans": [{"Node Type": "Hash Join", "Parent Relationship": "Outer", "Parallel Aware": false, "Async Capable": false, "Join Type": "Inner", "Startup Cost": 15352.64, "Total Cost": 221575.35, "Plan Rows": 3, "Plan Width": 56, "Actual Rows": 7597, "Actual Loops": 6, "Inner Unique": true, "Hash Cond": "(mi.info_type_id = it1.id)", "Workers": [], "Plans": [{"Node Type": "Hash Join", "Parent Relationship": "Outer", "Parallel Aware": true, "Async Capable": false, "Join Type": "Inner", "Startup Cost": 15350.21, "Total Cost": 221572.11, "Plan Rows": 295, "Plan Width": 60, "Actual Rows": 7892, "Actual Loops": 6, "Inner Unique": false, "Hash Cond": "(mi.movie_id = mi_idx.movie_id)", "Workers": [], "Plans": [{"Node Type": "Seq Scan", "Parent Relationship": "Outer", "Parallel Aware": true, "Async Capable": false, "Relation Name": "movie_info", "Alias": "mi", "Startup Cost": 0.0, "Total Cost": 206156.59, "Plan Rows": 17087, "Plan Width": 51, "Actual Rows": 14091, "Actual Loops": 6, "Filter": "((info)::text = ANY ('{Action,American,Bulgaria,Crime}'::text[]))", "Rows Removed by Filter": 2458529, "Workers": []}, {"Node Type": "Hash", "Parent Relationship": "Inner", "Parallel Aware": true, "Async Capable": false, "Startup Cost": 15286.6, "Total Cost": 15286.6, "Plan Rows": 5089, "Plan Width": 9, "Actual Rows": 76654, "Actual Loops": 6, "Hash Buckets": 524288, "Original Hash Buckets": 16384, "Hash Batches": 1, "Original Hash Batches": 1, "Peak Memory Usage": 26272, "Workers": [], "Plans": [{"Node Type": "Hash Join", "Parent Relationship": "Outer", "Parallel Aware": false, "Async Capable": false, "Join Type": "Inner", "Startup Cost": 2.43, "Total Cost": 15286.6, "Plan Rows": 5089, "Plan Width": 9, "Actual Rows": 76654, "Actual Loops": 6, "Inner Unique": true, "Hash Cond": "(mi_idx.info_type_id = it2.id)", "Workers": [], "Plans": [{"Node Type": "Seq Scan", "Parent Relationship": "Outer", "Parallel Aware": true, "Async Capable": false, "Relation Name": "movie_info_idx", "Alias": "mi_idx", "Startup Cost": 0.0, "Total Cost": 13718.15, "Plan Rows": 575015, "Plan Width": 13, "Actual Rows": 230006, "Actual Loops": 6, "Workers": []}, {"Node Type": "Hash", "Parent Relationship": "Inner", "Parallel Aware": false, "Async Capable": false, "Startup Cost": 2.41, "Total Cost": 2.41, "Plan Rows": 1, "Plan Width": 4, "Actual Rows": 1, "Actual Loops": 6, "Hash Buckets": 1024, "Original Hash Buckets": 1024, "Hash Batches": 1, "Original Hash Batches": 1, "Peak Memory Usage": 9, "Workers": [], "Plans": [{"Node Type": "Seq Scan", "Parent Relationship": "Outer", "Parallel Aware": false, "Async Capable": false, "Relation Name": "info_type", "Alias": "it2", "Startup Cost": 0.0, "Total Cost": 2.41, "Plan Rows": 1, "Plan Width": 4, "Actual Rows": 1, "Actual Loops": 6, "Filter": "((info)::text = 'votes'::text)", "Rows Removed by Filter": 112, "Workers": []}]}]}]}]}, {"Node Type": "Hash", "Parent Relationship": "Inner", "Parallel Aware": false, "Async Capable": false, "Startup Cost": 2.41, "Total Cost": 2.41, "Plan Rows": 1, "Plan Width": 4, "Actual Rows": 1, "Actual Loops": 6, "Hash Buckets": 1024, "Original Hash Buckets": 1024, "Hash Batches": 1, "Original Hash Batches": 1, "Peak Memory Usage": 9, "Workers": [], "Plans": [{"Node Type": "Seq Scan", "Parent Relationship": "Outer", "Parallel Aware": false, "Async Capable": false, "Relation Name": "info_type", "Alias": "it1", "Startup Cost": 0.0, "Total Cost": 2.41, "Plan Rows": 1, "Plan Width": 4, "Actual Rows": 1, "Actual Loops": 6, "Filter": "((info)::text = 'genres'::text)", "Rows Removed by Filter": 112, "Workers": []}]}]}, {"Node Type": "Hash", "Parent Relationship": "Inner", "Parallel Aware": true, "Async Capable": false, "Startup Cost": 412487.74, "Total Cost": 412487.74, "Plan Rows": 1, "Plan Width": 48, "Actual Rows": 2, "Actual Loops": 6, "Hash Buckets": 1024, "Original Hash Buckets": 1024, "Hash Batches": 1, "Original Hash Batches": 1, "Peak Memory Usage": 168, "Workers": [], "Plans": [{"Node Type": "Nested Loop", "Parent Relationship": "Outer", "Parallel Aware": false, "Async Capable": false, "Join Type": "Inner", "Startup Cost": 75171.91, "Total Cost": 412487.74, "Plan Rows": 1, "Plan Width": 48, "Actual Rows": 2, "Actual Loops": 6, "Inner Unique": true, "Workers": [], "Plans": [{"Node Type": "Nested Loop", "Parent Relationship": "Outer", "Parallel Aware": false, "Async Capable": false, "Join Type": "Inner", "Startup Cost": 75171.48, "Total Cost": 412487.18, "Plan Rows": 1, "Plan Width": 37, "Actual Rows": 2, "Actual Loops": 6, "Inner Unique": true, "Workers": [], "Plans": [{"Node Type": "Nested Loop", "Parent Relationship": "Outer", "Parallel Aware": false, "Async Capable": false, "Join Type": "Inner", "Startup Cost": 75171.06, "Total Cost": 412486.46, "Plan Rows": 1, "Plan Width": 41, "Actual Rows": 7, "Actual Loops": 6, "Inner Unique": true, "Join Filter": "(t.id = ci.movie_id)", "Rows Removed by Join Filter": 0, "Workers": [], "Plans": [{"Node Type": "Hash Join", "Parent Relationship": "Outer", "Parallel Aware": true, "Async Capable": false, "Join Type": "Inner", "Startup Cost": 75170.63, "Total Cost": 412485.45, "Plan Rows": 2, "Plan Width": 20, "Actual Rows": 252, "Actual Loops": 6, "Inner Unique": false, "Hash Cond": "(ci.movie_id = mk.movie_id)", "Workers": [], "Plans": [{"Node Type": "Seq Scan", "Parent Relationship": "Outer", "Parallel Aware": true, "Async Capable": false, "Relation Name": "cast_info", "Alias": "ci", "Startup Cost": 0.0, "Total Cost": 335756.3, "Plan Rows": 415604, "Plan Width": 8, "Actual Rows": 406394, "Actual Loops": 6, "Filter": "((note)::text = ANY ('{\"(executive producer)\",\"(head writer)\",(producer)}'::text[]))", "Rows Removed by Filter": 5634330, "Workers": []}, {"Node Type": "Hash", "Parent Relationship": "Inner", "Parallel Aware": true, "Async Capable": false, "Startup Cost": 75170.6, "Total Cost": 75170.6, "Plan Rows": 3, "Plan Width": 12, "Actual Rows": 81, "Actual Loops": 6, "Hash Buckets": 1024, "Original Hash Buckets": 1024, "Hash Batches": 1, "Original Hash Batches": 1, "Peak Memory Usage": 200, "Workers": [], "Plans": [{"Node Type": "Hash Join", "Parent Relationship": "Outer", "Parallel Aware": true, "Async Capable": false, "Join Type": "Inner", "Startup Cost": 45757.48, "Total Cost": 75170.6, "Plan Rows": 3, "Plan Width": 12, "Actual Rows": 81, "Actual Loops": 6, "Inner Unique": false, "Hash Cond": "(mc.movie_id = mk.movie_id)", "Workers": [], "Plans": [{"Node Type": "Seq Scan", "Parent Relationship": "Outer", "Parallel Aware": true, "Async Capable": false, "Relation Name": "movie_companies", "Alias": "mc", "Startup Cost": 0.0, "Total Cost": 29344.68, "Plan Rows": 18247, "Plan Width": 8, "Actual Rows": 9529, "Actual Loops": 6, "Filter": "((note)::text ~~ '%(2006)%'::text)", "Rows Removed by Filter": 425326, "Workers": []}, {"Node Type": "Hash", "Parent Relationship": "Inner", "Parallel Aware": true, "Async Capable": false, "Startup Cost": 45757.07, "Total Cost": 45757.07, "Plan Rows": 33, "Plan Width": 4, "Actual Rows": 409, "Actual Loops": 6, "Hash Buckets": 1024, "Original Hash Buckets": 1024, "Hash Batches": 1, "Original Hash Batches": 1, "Peak Memory Usage": 200, "Workers": [], "Plans": [{"Node Type": "Hash Join", "Parent Relationship": "Outer", "Parallel Aware": false, "Async Capable": false, "Join Type": "Inner", "Startup Cost": 2852.88, "Total Cost": 45757.07, "Plan Rows": 33, "Plan Width": 4, "Actual Rows": 409, "Actual Loops": 6, "Inner Unique": true, "Hash Cond": "(mk.keyword_id = k.id)", "Workers": [], "Plans": [{"Node Type": "Seq Scan", "Parent Relationship": "Outer", "Parallel Aware": true, "Async Capable": false, "Relation Name": "movie_keyword", "Alias": "mk", "Startup Cost": 0.0, "Total Cost": 39073.32, "Plan Rows": 1459332, "Plan Width": 8, "Actual Rows": 753988, "Actual Loops": 6, "Workers": []}, {"Node Type": "Hash", "Parent Relationship": "Inner", "Parallel Aware": false, "Async Capable": false, "Startup Cost": 2852.84, "Total Cost": 2852.84, "Plan Rows": 3, "Plan Width": 4, "Actual Rows": 3, "Actual Loops": 6, "Hash Buckets": 1024, "Original Hash Buckets": 1024, "Hash Batches": 1, "Original Hash Batches": 1, "Peak Memory Usage": 9, "Workers": [], "Plans": [{"Node Type": "Seq Scan", "Parent Relationship": "Outer", "Parallel Aware": false, "Async Capable": false, "Relation Name": "keyword", "Alias": "k", "Startup Cost": 0.0, "Total Cost": 2852.84, "Plan Rows": 3, "Plan Width": 4, "Actual Rows": 3, "Actual Loops": 6, "Filter": "((keyword)::text = ANY ('{\"10,000-mile-club\",alienation,based-on-comic}'::text[]))", "Rows Removed by Filter": 134167, "Workers": []}]}]}]}]}]}]}, {"Node Type": "Index Scan", "Parent Relationship": "Inner", "Parallel Aware": false, "Async Capable": false, "Scan Direction": "Forward", "Index Name": "title_pkey", "Relation Name": "title", "Alias": "t", "Startup Cost": 0.43, "Total Cost": 0.49, "Plan Rows": 1, "Plan Width": 21, "Actual Rows": 0, "Actual Loops": 1511, "Index Cond": "(id = mk.movie_id)", "Rows Removed by Index Recheck": 0, "Filter": "(production_year <= 1972)", "Rows Removed by Filter": 1, "Workers": []}]}, {"Node Type": "Index Scan", "Parent Relationship": "Inner", "Parallel Aware": false, "Async Capable": false, "Scan Direction": "Forward", "Index Name": "company_name_pkey", "Relation Name": "company_name", "Alias": "cn", "Startup Cost": 0.42, "Total Cost": 0.72, "Plan Rows": 1, "Plan Width": 4, "Actual Rows": 0, "Actual Loops": 42, "Index Cond": "(id = mc.company_id)", "Rows Removed by Index Recheck": 0, "Filter": "((name)::text ~~ '%Film%'::text)", "Rows Removed by Filter": 1, "Workers": []}]}, {"Node Type": "Index Scan", "Parent Relationship": "Inner", "Parallel Aware": false, "Async Capable": false, "Scan Direction": "Forward", "Index Name": "name_pkey", "Relation Name": "name", "Alias": "n", "Startup Cost": 0.43, "Total Cost": 0.56, "Plan Rows": 1, "Plan Width": 19, "Actual Rows": 1, "Actual Loops": 9, "Index Cond": "(id = ci.person_id)", "Rows Removed by Index Recheck": 0, "Workers": []}]}]}]}]}]}]}, "Planning Time": 23.232, "Triggers": [], "Execution Time": 1694.859}, {"Plan": {"Node Type": "Aggregate", "Strategy": "Plain", "Partial Mode": "Simple", "Parallel Aware": false, "Async Capable": false, "Startup Cost": 635229.01, "Total Cost": 635229.02, "Plan Rows": 1, "Plan Width": 128, "Actual Rows": 1, "Actual Loops": 1, "Plans": [{"Node Type": "Gather", "Parent Relationship": "Outer", "Parallel Aware": false, "Async Capable": false, "Startup Cost": 297734.57, "Total Cost": 635229.0, "Plan Rows": 1, "Plan Width": 80, "Actual Rows": 6, "Actual Loops": 1, "Workers Planned": 6, "Workers Launched": 6, "Single Copy": false, "Plans": [{"Node Type": "Hash Join", "Parent Relationship": "Outer", "Parallel Aware": true, "Async Capable": false, "Join Type": "Inner", "Startup Cost": 296734.57, "Total Cost": 634228.9, "Plan Rows": 1, "Plan Width": 80, "Actual Rows": 1, "Actual Loops": 7, "Inner Unique": false, "Hash Cond": "(t.id = mi.movie_id)", "Workers": [], "Plans": [{"Node Type": "Nested Loop", "Parent Relationship": "Outer", "Parallel Aware": false, "Async Capable": false, "Join Type": "Inner", "Startup Cost": 44770.95, "Total Cost": 382265.24, "Plan Rows": 10, "Plan Width": 53, "Actual Rows": 69, "Actual Loops": 7, "Inner Unique": true, "Workers": [], "Plans": [{"Node Type": "Nested Loop", "Parent Relationship": "Outer", "Parallel Aware": false, "Async Capable": false, "Join Type": "Inner", "Startup Cost": 44770.52, "Total Cost": 382259.63, "Plan Rows": 10, "Plan Width": 42, "Actual Rows": 69, "Actual Loops": 7, "Inner Unique": true, "Workers": [], "Plans": [{"Node Type": "Nested Loop", "Parent Relationship": "Outer", "Parallel Aware": false, "Async Capable": false, "Join Type": "Inner", "Startup Cost": 44770.1, "Total Cost": 382228.78, "Plan Rows": 43, "Plan Width": 46, "Actual Rows": 598, "Actual Loops": 7, "Inner Unique": true, "Join Filter": "(t.id = mi_idx.movie_id)", "Rows Removed by Join Filter": 0, "Workers": [], "Plans": [{"Node Type": "Hash Join", "Parent Relationship": "Outer", "Parallel Aware": true, "Async Capable": false, "Join Type": "Inner", "Startup Cost": 44769.67, "Total Cost": 382086.01, "Plan Rows": 267, "Plan Width": 25, "Actual Rows": 16563, "Actual Loops": 7, "Inner Unique": false, "Hash Cond": "(ci.movie_id = mi_idx.movie_id)", "Workers": [], "Plans": [{"Node Type": "Seq Scan", "Parent Relationship": "Outer", "Parallel Aware": true, "Async Capable": false, "Relation Name": "cast_info", "Alias": "ci", "Startup Cost": 0.0, "Total Cost": 335756.3, "Plan Rows": 415604, "Plan Width": 8, "Actual Rows": 348338, "Actual Loops": 7, "Filter": "((note)::text = ANY ('{\"(executive producer)\",\"(head writer)\",(producer)}'::text[]))", "Rows Removed by Filter": 4829425, "Workers": []}, {"Node Type": "Hash", "Parent Relationship": "Inner", "Parallel Aware": true, "Async Capable": false, "Startup Cost": 44764.91, "Total Cost": 44764.91, "Plan Rows": 381, "Plan Width": 17, "Actual Rows": 5626, "Actual Loops": 7, "Hash Buckets": 65536, "Original Hash Buckets": 2048, "Hash Batches": 1, "Original Hash Batches": 1, "Peak Memory Usage": 3056, "Workers": [], "Plans": [{"Node Type": "Hash Join", "Parent Relationship": "Outer", "Parallel Aware": true, "Async Capable": false, "Join Type": "Inner", "Startup Cost": 15350.21, "Total Cost": 44764.91, "Plan Rows": 381, "Plan Width": 17, "Actual Rows": 5626, "Actual Loops": 7, "Inner Unique": false, "Hash Cond": "(mc.movie_id = mi_idx.movie_id)", "Workers": [], "Plans": [{"Node Type": "Seq Scan", "Parent Relationship": "Outer", "Parallel Aware": true, "Async Capable": false, "Relation Name": "movie_companies", "Alias": "mc", "Startup Cost": 0.0, "Total Cost": 29344.68, "Plan Rows": 18247, "Plan Width": 8, "Actual Rows": 8168, "Actual Loops": 7, "Filter": "((note)::text ~~ '%(2006)%'::text)", "Rows Removed by Filter": 364565, "Workers": []}, {"Node Type": "Hash", "Parent Relationship": "Inner", "Parallel Aware": true, "Async Capable": false, "Startup Cost": 15286.6, "Total Cost": 15286.6, "Plan Rows": 5089, "Plan Width": 9, "Actual Rows": 65704, "Actual Loops": 7, "Hash Buckets": 524288, "Original Hash Buckets": 16384, "Hash Batches": 1, "Original Hash Batches": 1, "Peak Memory Usage": 26304, "Workers": [], "Plans": [{"Node Type": "Hash Join", "Parent Relationship": "Outer", "Parallel Aware": false, "Async Capable": false, "Join Type": "Inner", "Startup Cost": 2.43, "Total Cost": 15286.6, "Plan Rows": 5089, "Plan Width": 9, "Actual Rows": 65704, "Actual Loops": 7, "Inner Unique": true, "Hash Cond": "(mi_idx.info_type_id = it2.id)", "Workers": [], "Plans": [{"Node Type": "Seq Scan", "Parent Relationship": "Outer", "Parallel Aware": true, "Async Capable": false, "Relation Name": "movie_info_idx", "Alias": "mi_idx", "Startup Cost": 0.0, "Total Cost": 13718.15, "Plan Rows": 575015, "Plan Width": 13, "Actual Rows": 197148, "Actual Loops": 7, "Workers": []}, {"Node Type": "Hash", "Parent Relationship": "Inner", "Parallel Aware": false, "Async Capable": false, "Startup Cost": 2.41, "Total Cost": 2.41, "Plan Rows": 1, "Plan Width": 4, "Actual Rows": 1, "Actual Loops": 7, "Hash Buckets": 1024, "Original Hash Buckets": 1024, "Hash Batches": 1, "Original Hash Batches": 1, "Peak Memory Usage": 9, "Workers": [], "Plans": [{"Node Type": "Seq Scan", "Parent Relationship": "Outer", "Parallel Aware": false, "Async Capable": false, "Relation Name": "info_type", "Alias": "it2", "Startup Cost": 0.0, "Total Cost": 2.41, "Plan Rows": 1, "Plan Width": 4, "Actual Rows": 1, "Actual Loops": 7, "Filter": "((info)::text = 'votes'::text)", "Rows Removed by Filter": 112, "Workers": []}]}]}]}]}]}]}, {"Node Type": "Index Scan", "Parent Relationship": "Inner", "Parallel Aware": false, "Async Capable": false, "Scan Direction": "Forward", "Index Name": "title_pkey", "Relation Name": "title", "Alias": "t", "Startup Cost": 0.43, "Total Cost": 0.52, "Plan Rows": 1, "Plan Width": 21, "Actual Rows": 0, "Actual Loops": 115941, "Index Cond": "(id = ci.movie_id)", "Rows Removed by Index Recheck": 0, "Filter": "(production_year <= 1972)", "Rows Removed by Filter": 1, "Workers": []}]}, {"Node Type": "Index Scan", "Parent Relationship": "Inner", "Parallel Aware": false, "Async Capable": false, "Scan Direction": "Forward", "Index Name": "company_name_pkey", "Relation Name": "company_name", "Alias": "cn", "Startup Cost": 0.42, "Total Cost": 0.72, "Plan Rows": 1, "Plan Width": 4, "Actual Rows": 0, "Actual Loops": 4189, "Index Cond": "(id = mc.company_id)", "Rows Removed by Index Recheck": 0, "Filter": "((name)::text ~~ '%Film%'::text)", "Rows Removed by Filter": 1, "Workers": []}]}, {"Node Type": "Index Scan", "Parent Relationship": "Inner", "Parallel Aware": false, "Async Capable": false, "Scan Direction": "Forward", "Index Name": "name_pkey", "Relation Name": "name", "Alias": "n", "Startup Cost": 0.43, "Total Cost": 0.56, "Plan Rows": 1, "Plan Width": 19, "Actual Rows": 1, "Actual Loops": 484, "Index Cond": "(id = ci.person_id)", "Rows Removed by Index Recheck": 0, "Workers": []}]}, {"Node Type": "Hash", "Parent Relationship": "Inner", "Parallel Aware": true, "Async Capable": false, "Startup Cost": 251963.61, "Total Cost": 251963.61, "Plan Rows": 1, "Plan Width": 51, "Actual Rows": 145, "Actual Loops": 7, "Hash Buckets": 1024, "Original Hash Buckets": 1024, "Hash Batches": 1, "Original Hash Batches": 1, "Peak Memory Usage": 232, "Workers": [], "Plans": [{"Node Type": "Hash Join", "Parent Relationship": "Outer", "Parallel Aware": true, "Async Capable": false, "Join Type": "Inner", "Startup Cost": 45759.9, "Total Cost": 251963.61, "Plan Rows": 1, "Plan Width": 51, "Actual Rows": 145, "Actual Loops": 7, "Inner Unique": false, "Hash Cond": "(mi.movie_id = mk.movie_id)", "Workers": [], "Plans": [{"Node Type": "Hash Join", "Parent Relationship": "Outer", "Parallel Aware": false, "Async Capable": false, "Join Type": "Inner", "Startup Cost": 2.43, "Total Cost": 206205.55, "Plan Rows": 151, "Plan Width": 47, "Actual Rows": 11632, "Actual Loops": 7, "Inner Unique": true, "Hash Cond": "(mi.info_type_id = it1.id)", "Workers": [], "Plans": [{"Node Type": "Seq Scan", "Parent Relationship": "Outer", "Parallel Aware": true, "Async Capable": false, "Relation Name": "movie_info", "Alias": "mi", "Startup Cost": 0.0, "Total Cost": 206156.59, "Plan Rows": 17087, "Plan Width": 51, "Actual Rows": 12078, "Actual Loops": 7, "Filter": "((info)::text = ANY ('{Action,American,Bulgaria,Crime}'::text[]))", "Rows Removed by Filter": 2107310, "Workers": []}, {"Node Type": "Hash", "Parent Relationship": "Inner", "Parallel Aware": false, "Async Capable": false, "Startup Cost": 2.41, "Total Cost": 2.41, "Plan Rows": 1, "Plan Width": 4, "Actual Rows": 1, "Actual Loops": 7, "Hash Buckets": 1024, "Original Hash Buckets": 1024, "Hash Batches": 1, "Original Hash Batches": 1, "Peak Memory Usage": 9, "Workers": [], "Plans": [{"Node Type": "Seq Scan", "Parent Relationship": "Outer", "Parallel Aware": false, "Async Capable": false, "Relation Name": "info_type", "Alias": "it1", "Startup Cost": 0.0, "Total Cost": 2.41, "Plan Rows": 1, "Plan Width": 4, "Actual Rows": 1, "Actual Loops": 7, "Filter": "((info)::text = 'genres'::text)", "Rows Removed by Filter": 112, "Workers": []}]}]}, {"Node Type": "Hash", "Parent Relationship": "Inner", "Parallel Aware": true, "Async Capable": false, "Startup Cost": 45757.07, "Total Cost": 45757.07, "Plan Rows": 33, "Plan Width": 4, "Actual Rows": 351, "Actual Loops": 7, "Hash Buckets": 1024, "Original Hash Buckets": 1024, "Hash Batches": 1, "Original Hash Batches": 1, "Peak Memory Usage": 232, "Workers": [], "Plans": [{"Node Type": "Hash Join", "Parent Relationship": "Outer", "Parallel Aware": false, "Async Capable": false, "Join Type": "Inner", "Startup Cost": 2852.88, "Total Cost": 45757.07, "Plan Rows": 33, "Plan Width": 4, "Actual Rows": 351, "Actual Loops": 7, "Inner Unique": true, "Hash Cond": "(mk.keyword_id = k.id)", "Workers": [], "Plans": [{"Node Type": "Seq Scan", "Parent Relationship": "Outer", "Parallel Aware": true, "Async Capable": false, "Relation Name": "movie_keyword", "Alias": "mk", "Startup Cost": 0.0, "Total Cost": 39073.32, "Plan Rows": 1459332, "Plan Width": 8, "Actual Rows": 646276, "Actual Loops": 7, "Workers": []}, {"Node Type": "Hash", "Parent Relationship": "Inner", "Parallel Aware": false, "Async Capable": false, "Startup Cost": 2852.84, "Total Cost": 2852.84, "Plan Rows": 3, "Plan Width": 4, "Actual Rows": 3, "Actual Loops": 7, "Hash Buckets": 1024, "Original Hash Buckets": 1024, "Hash Batches": 1, "Original Hash Batches": 1, "Peak Memory Usage": 9, "Workers": [], "Plans": [{"Node Type": "Seq Scan", "Parent Relationship": "Outer", "Parallel Aware": false, "Async Capable": false, "Relation Name": "keyword", "Alias": "k", "Startup Cost": 0.0, "Total Cost": 2852.84, "Plan Rows": 3, "Plan Width": 4, "Actual Rows": 3, "Actual Loops": 7, "Filter": "((keyword)::text = ANY ('{\"10,000-mile-club\",alienation,based-on-comic}'::text[]))", "Rows Removed by Filter": 134167, "Workers": []}]}]}]}]}]}]}]}]}, "Planning Time": 21.125, "Triggers": [], "Execution Time": 1601.956}, {"Plan": {"Node Type": "Aggregate", "Strategy": "Plain", "Partial Mode": "Finalize", "Parallel Aware": false, "Async Capable": false, "Startup Cost": 636260.42, "Total Cost": 636260.43, "Plan Rows": 1, "Plan Width": 128, "Actual Rows": 1, "Actual Loops": 1, "Plans": [{"Node Type": "Gather", "Parent Relationship": "Outer", "Parallel Aware": false, "Async Capable": false, "Startup Cost": 636259.75, "Total Cost": 636260.36, "Plan Rows": 6, "Plan Width": 128, "Actual Rows": 7, "Actual Loops": 1, "Workers Planned": 6, "Workers Launched": 6, "Single Copy": false, "Plans": [{"Node Type": "Aggregate", "Strategy": "Plain", "Partial Mode": "Partial", "Parent Relationship": "Outer", "Parallel Aware": false, "Async Capable": false, "Startup Cost": 635259.75, "Total Cost": 635259.76, "Plan Rows": 1, "Plan Width": 128, "Actual Rows": 1, "Actual Loops": 7, "Workers": [], "Plans": [{"Node Type": "Hash Join", "Parent Relationship": "Outer", "Parallel Aware": true, "Async Capable": false, "Join Type": "Inner", "Startup Cost": 297944.7, "Total Cost": 635259.74, "Plan Rows": 1, "Plan Width": 80, "Actual Rows": 1, "Actual Loops": 7, "Inner Unique": false, "Hash Cond": "(t.id = mi.movie_id)", "Workers": [], "Plans": [{"Node Type": "Nested Loop", "Parent Relationship": "Outer", "Parallel Aware": false, "Async Capable": false, "Join Type": "Inner", "Startup Cost": 61064.05, "Total Cost": 398379.07, "Plan Rows": 1, "Plan Width": 53, "Actual Rows": 32, "Actual Loops": 7, "Inner Unique": true, "Workers": [], "Plans": [{"Node Type": "Nested Loop", "Parent Relationship": "Outer", "Parallel Aware": false, "Async Capable": false, "Join Type": "Inner", "Startup Cost": 61063.62, "Total Cost": 398378.51, "Plan Rows": 1, "Plan Width": 42, "Actual Rows": 32, "Actual Loops": 7, "Inner Unique": true, "Join Filter": "(t.id = mi_idx.movie_id)", "Rows Removed by Join Filter": 0, "Workers": [], "Plans": [{"Node Type": "Hash Join", "Parent Relationship": "Outer", "Parallel Aware": true, "Async Capable": false, "Join Type": "Inner", "Startup Cost": 61063.19, "Total Cost": 398378.01, "Plan Rows": 1, "Plan Width": 21, "Actual Rows": 467, "Actual Loops": 7, "Inner Unique": false, "Hash Cond": "(ci.movie_id = mi_idx.movie_id)", "Workers": [], "Plans": [{"Node Type": "Seq Scan", "Parent Relationship": "Outer", "Parallel Aware": true, "Async Capable": false, "Relation Name": "cast_info", "Alias": "ci", "Startup Cost": 0.0, "Total Cost": 335756.3, "Plan Rows": 415604, "Plan Width": 8, "Actual Rows": 348338, "Actual Loops": 7, "Filter": "((note)::text = ANY ('{\"(executive producer)\",\"(head writer)\",(producer)}'::text[]))", "Rows Removed by Filter": 4829425, "Workers": []}, {"Node Type": "Hash", "Parent Relationship": "Inner", "Parallel Aware": true, "Async Capable": false, "Startup Cost": 61063.17, "Total Cost": 61063.17, "Plan Rows": 1, "Plan Width": 13, "Actual Rows": 258, "Actual Loops": 7, "Hash Buckets": 1024, "Original Hash Buckets": 1024, "Hash Batches": 1, "Original Hash Batches": 1, "Peak Memory Usage": 232, "Workers": [], "Plans": [{"Node Type": "Hash Join", "Parent Relationship": "Outer", "Parallel Aware": true, "Async Capable": false, "Join Type": "Inner", "Startup Cost": 45759.9, "Total Cost": 61063.17, "Plan Rows": 1, "Plan Width": 13, "Actual Rows": 258, "Actual Loops": 7, "Inner Unique": false, "Hash Cond": "(mi_idx.movie_id = mk.movie_id)", "Workers": [], "Plans": [{"Node Type": "Hash Join", "Parent Relationship": "Outer", "Parallel Aware": false, "Async Capable": false, "Join Type": "Inner", "Startup Cost": 2.43, "Total Cost": 15286.6, "Plan Rows": 5089, "Plan Width": 9, "Actual Rows": 65704, "Actual Loops": 7, "Inner Unique": true, "Hash Cond": "(mi_idx.info_type_id = it2.id)", "Workers": [], "Plans": [{"Node Type": "Seq Scan", "Parent Relationship": "Outer", "Parallel Aware": true, "Async Capable": false, "Relation Name": "movie_info_idx", "Alias": "mi_idx", "Startup Cost": 0.0, "Total Cost": 13718.15, "Plan Rows": 575015, "Plan Width": 13, "Actual Rows": 197148, "Actual Loops": 7, "Workers": []}, {"Node Type": "Hash", "Parent Relationship": "Inner", "Parallel Aware": false, "Async Capable": false, "Startup Cost": 2.41, "Total Cost": 2.41, "Plan Rows": 1, "Plan Width": 4, "Actual Rows": 1, "Actual Loops": 7, "Hash Buckets": 1024, "Original Hash Buckets": 1024, "Hash Batches": 1, "Original Hash Batches": 1, "Peak Memory Usage": 9, "Workers": [], "Plans": [{"Node Type": "Seq Scan", "Parent Relationship": "Outer", "Parallel Aware": false, "Async Capable": false, "Relation Name": "info_type", "Alias": "it2", "Startup Cost": 0.0, "Total Cost": 2.41, "Plan Rows": 1, "Plan Width": 4, "Actual Rows": 1, "Actual Loops": 7, "Filter": "((info)::text = 'votes'::text)", "Rows Removed by Filter": 112, "Workers": []}]}]}, {"Node Type": "Hash", "Parent Relationship": "Inner", "Parallel Aware": true, "Async Capable": false, "Startup Cost": 45757.07, "Total Cost": 45757.07, "Plan Rows": 33, "Plan Width": 4, "Actual Rows": 351, "Actual Loops": 7, "Hash Buckets": 1024, "Original Hash Buckets": 1024, "Hash Batches": 1, "Original Hash Batches": 1, "Peak Memory Usage": 232, "Workers": [], "Plans": [{"Node Type": "Hash Join", "Parent Relationship": "Outer", "Parallel Aware": false, "Async Capable": false, "Join Type": "Inner", "Startup Cost": 2852.88, "Total Cost": 45757.07, "Plan Rows": 33, "Plan Width": 4, "Actual Rows": 351, "Actual Loops": 7, "Inner Unique": true, "Hash Cond": "(mk.keyword_id = k.id)", "Workers": [], "Plans": [{"Node Type": "Seq Scan", "Parent Relationship": "Outer", "Parallel Aware": true, "Async Capable": false, "Relation Name": "movie_keyword", "Alias": "mk", "Startup Cost": 0.0, "Total Cost": 39073.32, "Plan Rows": 1459332, "Plan Width": 8, "Actual Rows": 646276, "Actual Loops": 7, "Workers": []}, {"Node Type": "Hash", "Parent Relationship": "Inner", "Parallel Aware": false, "Async Capable": false, "Startup Cost": 2852.84, "Total Cost": 2852.84, "Plan Rows": 3, "Plan Width": 4, "Actual Rows": 3, "Actual Loops": 7, "Hash Buckets": 1024, "Original Hash Buckets": 1024, "Hash Batches": 1, "Original Hash Batches": 1, "Peak Memory Usage": 9, "Workers": [], "Plans": [{"Node Type": "Seq Scan", "Parent Relationship": "Outer", "Parallel Aware": false, "Async Capable": false, "Relation Name": "keyword", "Alias": "k", "Startup Cost": 0.0, "Total Cost": 2852.84, "Plan Rows": 3, "Plan Width": 4, "Actual Rows": 3, "Actual Loops": 7, "Filter": "((keyword)::text = ANY ('{\"10,000-mile-club\",alienation,based-on-comic}'::text[]))", "Rows Removed by Filter": 134167, "Workers": []}]}]}]}]}]}]}, {"Node Type": "Index Scan", "Parent Relationship": "Inner", "Parallel Aware": false, "Async Capable": false, "Scan Direction": "Forward", "Index Name": "title_pkey", "Relation Name": "title", "Alias": "t", "Startup Cost": 0.43, "Total Cost": 0.49, "Plan Rows": 1, "Plan Width": 21, "Actual Rows": 0, "Actual Loops": 3269, "Index Cond": "(id = mk.movie_id)", "Rows Removed by Index Recheck": 0, "Filter": "(production_year <= 1972)", "Rows Removed by Filter": 1, "Workers": []}]}, {"Node Type": "Index Scan", "Parent Relationship": "Inner", "Parallel Aware": false, "Async Capable": false, "Scan Direction": "Forward", "Index Name": "name_pkey", "Relation Name": "name", "Alias": "n", "Startup Cost": 0.43, "Total Cost": 0.56, "Plan Rows": 1, "Plan Width": 19, "Actual Rows": 1, "Actual Loops": 224, "Index Cond": "(id = ci.person_id)", "Rows Removed by Index Recheck": 0, "Workers": []}]}, {"Node Type": "Hash", "Parent Relationship": "Inner", "Parallel Aware": true, "Async Capable": false, "Startup Cost": 236880.62, "Total Cost": 236880.62, "Plan Rows": 3, "Plan Width": 51, "Actual Rows": 189, "Actual Loops": 7, "Hash Buckets": 1024, "Original Hash Buckets": 1024, "Hash Batches": 1, "Original Hash Batches": 1, "Peak Memory Usage": 232, "Workers": [], "Plans": [{"Node Type": "Nested Loop", "Parent Relationship": "Outer", "Parallel Aware": false, "Async Capable": false, "Join Type": "Inner", "Startup Cost": 29575.61, "Total Cost": 236880.62, "Plan Rows": 3, "Plan Width": 51, "Actual Rows": 189, "Actual Loops": 7, "Inner Unique": true, "Workers": [], "Plans": [{"Node Type": "Hash Join", "Parent Relationship": "Outer", "Parallel Aware": false, "Async Capable": false, "Join Type": "Inner", "Startup Cost": 29575.19, "Total Cost": 236872.01, "Plan Rows": 12, "Plan Width": 55, "Actual Rows": 1204, "Actual Loops": 7, "Inner Unique": true, "Hash Cond": "(mi.info_type_id = it1.id)", "Workers": [], "Plans": [{"Node Type": "Hash Join", "Parent Relationship": "Outer", "Parallel Aware": true, "Async Capable": false, "Join Type": "Inner", "Startup Cost": 29572.77, "Total Cost": 236865.83, "Plan Rows": 1380, "Plan Width": 59, "Actual Rows": 1351, "Actual Loops": 7, "Inner Unique": false, "Hash Cond": "(mi.movie_id = mc.movie_id)", "Workers": [], "Plans": [{"Node Type": "Seq Scan", "Parent Relationship": "Outer", "Parallel Aware": true, "Async Capable": false, "Relation Name": "movie_info", "Alias": "mi", "Startup Cost": 0.0, "Total Cost": 206156.59, "Plan Rows": 17087, "Plan Width": 51, "Actual Rows": 12078, "Actual Loops": 7, "Filter": "((info)::text = ANY ('{Action,American,Bulgaria,Crime}'::text[]))", "Rows Removed by Filter": 2107310, "Workers": []}, {"Node Type": "Hash", "Parent Relationship": "Inner", "Parallel Aware": true, "Async Capable": false, "Startup Cost": 29344.68, "Total Cost": 29344.68, "Plan Rows": 18247, "Plan Width": 8, "Actual Rows": 8168, "Actual Loops": 7, "Hash Buckets": 65536, "Original Hash Buckets": 65536, "Hash Batches": 1, "Original Hash Batches": 1, "Peak Memory Usage": 2816, "Workers": [], "Plans": [{"Node Type": "Seq Scan", "Parent Relationship": "Outer", "Parallel Aware": true, "Async Capable": false, "Relation Name": "movie_companies", "Alias": "mc", "Startup Cost": 0.0, "Total Cost": 29344.68, "Plan Rows": 18247, "Plan Width": 8, "Actual Rows": 8168, "Actual Loops": 7, "Filter": "((note)::text ~~ '%(2006)%'::text)", "Rows Removed by Filter": 364565, "Workers": []}]}]}, {"Node Type": "Hash", "Parent Relationship": "Inner", "Parallel Aware": false, "Async Capable": false, "Startup Cost": 2.41, "Total Cost": 2.41, "Plan Rows": 1, "Plan Width": 4, "Actual Rows": 1, "Actual Loops": 7, "Hash Buckets": 1024, "Original Hash Buckets": 1024, "Hash Batches": 1, "Original Hash Batches": 1, "Peak Memory Usage": 9, "Workers": [], "Plans": [{"Node Type": "Seq Scan", "Parent Relationship": "Outer", "Parallel Aware": false, "Async Capable": false, "Relation Name": "info_type", "Alias": "it1", "Startup Cost": 0.0, "Total Cost": 2.41, "Plan Rows": 1, "Plan Width": 4, "Actual Rows": 1, "Actual Loops": 7, "Filter": "((info)::text = 'genres'::text)", "Rows Removed by Filter": 112, "Workers": []}]}]}, {"Node Type": "Index Scan", "Parent Relationship": "Inner", "Parallel Aware": false, "Async Capable": false, "Scan Direction": "Forward", "Index Name": "company_name_pkey", "Relation Name": "company_name", "Alias": "cn", "Startup Cost": 0.42, "Total Cost": 0.72, "Plan Rows": 1, "Plan Width": 4, "Actual Rows": 0, "Actual Loops": 8428, "Index Cond": "(id = mc.company_id)", "Rows Removed by Index Recheck": 0, "Filter": "((name)::text ~~ '%Film%'::text)", "Rows Removed by Filter": 1, "Workers": []}]}]}]}]}]}]}, "Planning Time": 22.71, "Triggers": [], "Execution Time": 1373.305}, {"Plan": {"Node Type": "Aggregate", "Strategy": "Plain", "Partial Mode": "Finalize", "Parallel Aware": false, "Async Capable": false, "Startup Cost": 639116.62, "Total Cost": 639116.63, "Plan Rows": 1, "Plan Width": 128, "Actual Rows": 1, "Actual Loops": 1, "Plans": [{"Node Type": "Gather", "Parent Relationship": "Outer", "Parallel Aware": false, "Async Capable": false, "Startup Cost": 639116.28, "Total Cost": 639116.59, "Plan Rows": 3, "Plan Width": 128, "Actual Rows": 4, "Actual Loops": 1, "Workers Planned": 3, "Workers Launched": 3, "Single Copy": false, "Plans": [{"Node Type": "Aggregate", "Strategy": "Plain", "Partial Mode": "Partial", "Parent Relationship": "Outer", "Parallel Aware": false, "Async Capable": false, "Startup Cost": 638116.28, "Total Cost": 638116.29, "Plan Rows": 1, "Plan Width": 128, "Actual Rows": 1, "Actual Loops": 4, "Workers": [], "Plans": [{"Node Type": "Hash Join", "Parent Relationship": "Outer", "Parallel Aware": true, "Async Capable": false, "Join Type": "Inner", "Startup Cost": 608708.28, "Total Cost": 638116.27, "Plan Rows": 1, "Plan Width": 80, "Actual Rows": 2, "Actual Loops": 4, "Inner Unique": false, "Hash Cond": "(mc.movie_id = t.id)", "Workers": [], "Plans": [{"Node Type": "Hash Join", "Parent Relationship": "Outer", "Parallel Aware": true, "Async Capable": false, "Join Type": "Inner", "Startup Cost": 5156.96, "Total Cost": 34549.54, "Plan Rows": 4108, "Plan Width": 4, "Actual Rows": 1626, "Actual Loops": 4, "Inner Unique": true, "Hash Cond": "(mc.company_id = cn.id)", "Workers": [], "Plans": [{"Node Type": "Seq Scan", "Parent Relationship": "Outer", "Parallel Aware": true, "Async Capable": false, "Relation Name": "movie_companies", "Alias": "mc", "Startup Cost": 0.0, "Total Cost": 29344.68, "Plan Rows": 18247, "Plan Width": 8, "Actual Rows": 14293, "Actual Loops": 4, "Filter": "((note)::text ~~ '%(2006)%'::text)", "Rows Removed by Filter": 637989, "Workers": []}, {"Node Type": "Hash", "Parent Relationship": "Inner", "Parallel Aware": true, "Async Capable": false, "Startup Cost": 4767.92, "Total Cost": 4767.92, "Plan Rows": 31123, "Plan Width": 4, "Actual Rows": 13425, "Actual Loops": 4, "Hash Buckets": 65536, "Original Hash Buckets": 65536, "Hash Batches": 1, "Original Hash Batches": 1, "Peak Memory Usage": 2688, "Workers": [], "Plans": [{"Node Type": "Seq Scan", "Parent Relationship": "Outer", "Parallel Aware": true, "Async Capable": false, "Relation Name": "company_name", "Alias": "cn", "Startup Cost": 0.0, "Total Cost": 4767.92, "Plan Rows": 31123, "Plan Width": 4, "Actual Rows": 13425, "Actual Loops": 4, "Filter": "((name)::text ~~ '%Film%'::text)", "Rows Removed by Filter": 45324, "Workers": []}]}]}, {"Node Type": "Hash", "Parent Relationship": "Inner", "Parallel Aware": true, "Async Capable": false, "Startup Cost": 603551.31, "Total Cost": 603551.31, "Plan Rows": 1, "Plan Width": 100, "Actual Rows": 18, "Actual Loops": 4, "Hash Buckets": 1024, "Original Hash Buckets": 1024, "Hash Batches": 1, "Original Hash Batches": 1, "Peak Memory Usage": 136, "Workers": [], "Plans": [{"Node Type": "Nested Loop", "Parent Relationship": "Outer", "Parallel Aware": false, "Async Capable": false, "Join Type": "Inner", "Startup Cost": 266236.36, "Total Cost": 603551.31, "Plan Rows": 1, "Plan Width": 100, "Actual Rows": 18, "Actual Loops": 4, "Inner Unique": true, "Workers": [], "Plans": [{"Node Type": "Hash Join", "Parent Relationship": "Outer", "Parallel Aware": true, "Async Capable": false, "Join Type": "Inner", "Startup Cost": 266235.93, "Total Cost": 603550.75, "Plan Rows": 1, "Plan Width": 89, "Actual Rows": 18, "Actual Loops": 4, "Inner Unique": false, "Hash Cond": "(ci.movie_id = t.id)", "Workers": [], "Plans": [{"Node Type": "Seq Scan", "Parent Relationship": "Outer", "Parallel Aware": true, "Async Capable": false, "Relation Name": "cast_info", "Alias": "ci", "Startup Cost": 0.0, "Total Cost": 335756.3, "Plan Rows": 415604, "Plan Width": 8, "Actual Rows": 609592, "Actual Loops": 4, "Filter": "((note)::text = ANY ('{\"(executive producer)\",\"(head writer)\",(producer)}'::text[]))", "Rows Removed by Filter": 8451494, "Workers": []}, {"Node Type": "Hash", "Parent Relationship": "Inner", "Parallel Aware": true, "Async Capable": false, "Startup Cost": 266235.92, "Total Cost": 266235.92, "Plan Rows": 1, "Plan Width": 81, "Actual Rows": 24, "Actual Loops": 4, "Hash Buckets": 1024, "Original Hash Buckets": 1024, "Hash Batches": 1, "Original Hash Batches": 1, "Peak Memory Usage": 136, "Workers": [], "Plans": [{"Node Type": "Nested Loop", "Parent Relationship": "Outer", "Parallel Aware": false, "Async Capable": false, "Join Type": "Inner", "Startup Cost": 221688.28, "Total Cost": 266235.92, "Plan Rows": 1, "Plan Width": 81, "Actual Rows": 24, "Actual Loops": 4, "Inner Unique": true, "Workers": [], "Plans": [{"Node Type": "Hash Join", "Parent Relationship": "Outer", "Parallel Aware": true, "Async Capable": false, "Join Type": "Inner", "Startup Cost": 221687.86, "Total Cost": 266233.69, "Plan Rows": 5, "Plan Width": 85, "Actual Rows": 56204, "Actual Loops": 4, "Inner Unique": false, "Hash Cond": "(mk.movie_id = t.id)", "Workers": [], "Plans": [{"Node Type": "Seq Scan", "Parent Relationship": "Outer", "Parallel Aware": true, "Async Capable": false, "Relation Name": "movie_keyword", "Alias": "mk", "Startup Cost": 0.0, "Total Cost": 39073.32, "Plan Rows": 1459332, "Plan Width": 8, "Actual Rows": 1130982, "Actual Loops": 4, "Workers": []}, {"Node Type": "Hash", "Parent Relationship": "Inner", "Parallel Aware": true, "Async Capable": false, "Startup Cost": 221687.85, "Total Cost": 221687.85, "Plan Rows": 1, "Plan Width": 77, "Actual Rows": 2186, "Actual Loops": 4, "Hash Buckets": 8192, "Original Hash Buckets": 1024, "Hash Batches": 1, "Original Hash Batches": 1, "Peak Memory Usage": 856, "Workers": [], "Plans": [{"Node Type": "Nested Loop", "Parent Relationship": "Outer", "Parallel Aware": false, "Async Capable": false, "Join Type": "Inner", "Startup Cost": 206210.29, "Total Cost": 221687.85, "Plan Rows": 1, "Plan Width": 77, "Actual Rows": 2186, "Actual Loops": 4, "Inner Unique": true, "Join Filter": "(t.id = mi.movie_id)", "Rows Removed by Join Filter": 0, "Workers": [], "Plans": [{"Node Type": "Hash Join", "Parent Relationship": "Outer", "Parallel Aware": true, "Async Capable": false, "Join Type": "Inner", "Startup Cost": 206209.86, "Total Cost": 221684.89, "Plan Rows": 5, "Plan Width": 56, "Actual Rows": 11395, "Actual Loops": 4, "Inner Unique": false, "Hash Cond": "(mi_idx.movie_id = mi.movie_id)", "Workers": [], "Plans": [{"Node Type": "Hash Join", "Parent Relationship": "Outer", "Parallel Aware": false, "Async Capable": false, "Join Type": "Inner", "Startup Cost": 2.43, "Total Cost": 15286.6, "Plan Rows": 5089, "Plan Width": 9, "Actual Rows": 114981, "Actual Loops": 4, "Inner Unique": true, "Hash Cond": "(mi_idx.info_type_id = it2.id)", "Workers": [], "Plans": [{"Node Type": "Seq Scan", "Parent Relationship": "Outer", "Parallel Aware": true, "Async Capable": false, "Relation Name": "movie_info_idx", "Alias": "mi_idx", "Startup Cost": 0.0, "Total Cost": 13718.15, "Plan Rows": 575015, "Plan Width": 13, "Actual Rows": 345009, "Actual Loops": 4, "Workers": []}, {"Node Type": "Hash", "Parent Relationship": "Inner", "Parallel Aware": false, "Async Capable": false, "Startup Cost": 2.41, "Total Cost": 2.41, "Plan Rows": 1, "Plan Width": 4, "Actual Rows": 1, "Actual Loops": 4, "Hash Buckets": 1024, "Original Hash Buckets": 1024, "Hash Batches": 1, "Original Hash Batches": 1, "Peak Memory Usage": 9, "Workers": [], "Plans": [{"Node Type": "Seq Scan", "Parent Relationship": "Outer", "Parallel Aware": false, "Async Capable": false, "Relation Name": "info_type", "Alias": "it2", "Startup Cost": 0.0, "Total Cost": 2.41, "Plan Rows": 1, "Plan Width": 4, "Actual Rows": 1, "Actual Loops": 4, "Filter": "((info)::text = 'votes'::text)", "Rows Removed by Filter": 112, "Workers": []}]}]}, {"Node Type": "Hash", "Parent Relationship": "Inner", "Parallel Aware": true, "Async Capable": false, "Startup Cost": 206205.55, "Total Cost": 206205.55, "Plan Rows": 151, "Plan Width": 47, "Actual Rows": 20357, "Actual Loops": 4, "Hash Buckets": 131072, "Original Hash Buckets": 1024, "Hash Batches": 1, "Original Hash Batches": 1, "Peak Memory Usage": 5912, "Workers": [], "Plans": [{"Node Type": "Hash Join", "Parent Relationship": "Outer", "Parallel Aware": false, "Async Capable": false, "Join Type": "Inner", "Startup Cost": 2.43, "Total Cost": 206205.55, "Plan Rows": 151, "Plan Width": 47, "Actual Rows": 20357, "Actual Loops": 4, "Inner Unique": true, "Hash Cond": "(mi.info_type_id = it1.id)", "Workers": [], "Plans": [{"Node Type": "Seq Scan", "Parent Relationship": "Outer", "Parallel Aware": true, "Async Capable": false, "Relation Name": "movie_info", "Alias": "mi", "Startup Cost": 0.0, "Total Cost": 206156.59, "Plan Rows": 17087, "Plan Width": 51, "Actual Rows": 21137, "Actual Loops": 4, "Filter": "((info)::text = ANY ('{Action,American,Bulgaria,Crime}'::text[]))", "Rows Removed by Filter": 3687793, "Workers": []}, {"Node Type": "Hash", "Parent Relationship": "Inner", "Parallel Aware": false, "Async Capable": false, "Startup Cost": 2.41, "Total Cost": 2.41, "Plan Rows": 1, "Plan Width": 4, "Actual Rows": 1, "Actual Loops": 4, "Hash Buckets": 1024, "Original Hash Buckets": 1024, "Hash Batches": 1, "Original Hash Batches": 1, "Peak Memory Usage": 9, "Workers": [], "Plans": [{"Node Type": "Seq Scan", "Parent Relationship": "Outer", "Parallel Aware": false, "Async Capable": false, "Relation Name": "info_type", "Alias": "it1", "Startup Cost": 0.0, "Total Cost": 2.41, "Plan Rows": 1, "Plan Width": 4, "Actual Rows": 1, "Actual Loops": 4, "Filter": "((info)::text = 'genres'::text)", "Rows Removed by Filter": 112, "Workers": []}]}]}]}]}, {"Node Type": "Index Scan", "Parent Relationship": "Inner", "Parallel Aware": false, "Async Capable": false, "Scan Direction": "Forward", "Index Name": "title_pkey", "Relation Name": "title", "Alias": "t", "Startup Cost": 0.43, "Total Cost": 0.58, "Plan Rows": 1, "Plan Width": 21, "Actual Rows": 0, "Actual Loops": 45580, "Index Cond": "(id = mi_idx.movie_id)", "Rows Removed by Index Recheck": 0, "Filter": "(production_year <= 1972)", "Rows Removed by Filter": 1, "Workers": []}]}]}]}, {"Node Type": "Index Scan", "Parent Relationship": "Inner", "Parallel Aware": false, "Async Capable": false, "Scan Direction": "Forward", "Index Name": "keyword_pkey", "Relation Name": "keyword", "Alias": "k", "Startup Cost": 0.42, "Total Cost": 0.44, "Plan Rows": 1, "Plan Width": 4, "Actual Rows": 0, "Actual Loops": 224817, "Index Cond": "(id = mk.keyword_id)", "Rows Removed by Index Recheck": 0, "Filter": "((keyword)::text = ANY ('{\"10,000-mile-club\",alienation,based-on-comic}'::text[]))", "Rows Removed by Filter": 1, "Workers": []}]}]}]}, {"Node Type": "Index Scan", "Parent Relationship": "Inner", "Parallel Aware": false, "Async Capable": false, "Scan Direction": "Forward", "Index Name": "name_pkey", "Relation Name": "name", "Alias": "n", "Startup Cost": 0.43, "Total Cost": 0.56, "Plan Rows": 1, "Plan Width": 19, "Actual Rows": 1, "Actual Loops": 73, "Index Cond": "(id = ci.person_id)", "Rows Removed by Index Recheck": 0, "Workers": []}]}]}]}]}]}]}, "Planning Time": 24.062, "Triggers": [], "Execution Time": 3044.323}, {"Plan": {"Node Type": "Aggregate", "Strategy": "Plain", "Partial Mode": "Simple", "Parallel Aware": false, "Async Capable": false, "Startup Cost": 633878.98, "Total Cost": 633878.99, "Plan Rows": 1, "Plan Width": 128, "Actual Rows": 1, "Actual Loops": 1, "Plans": [{"Node Type": "Nested Loop", "Parent Relationship": "Outer", "Parallel Aware": false, "Async Capable": false, "Join Type": "Inner", "Startup Cost": 296561.49, "Total Cost": 633878.97, "Plan Rows": 1, "Plan Width": 80, "Actual Rows": 6, "Actual Loops": 1, "Inner Unique": false, "Join Filter": "(it1.id = mi.info_type_id)", "Rows Removed by Join Filter": 3, "Plans": [{"Node Type": "Seq Scan", "Parent Relationship": "Outer", "Parallel Aware": false, "Async Capable": false, "Relation Name": "info_type", "Alias": "it1", "Startup Cost": 0.0, "Total Cost": 2.41, "Plan Rows": 1, "Plan Width": 4, "Actual Rows": 1, "Actual Loops": 1, "Filter": "((info)::text = 'genres'::text)", "Rows Removed by Filter": 112}, {"Node Type": "Nested Loop", "Parent Relationship": "Inner", "Parallel Aware": false, "Async Capable": false, "Join Type": "Inner", "Startup Cost": 296561.49, "Total Cost": 633876.55, "Plan Rows": 1, "Plan Width": 84, "Actual Rows": 9, "Actual Loops": 1, "Inner Unique": true, "Plans": [{"Node Type": "Gather", "Parent Relationship": "Outer", "Parallel Aware": false, "Async Capable": false, "Startup Cost": 296561.06, "Total Cost": 633875.98, "Plan Rows": 1, "Plan Width": 73, "Actual Rows": 9, "Actual Loops": 1, "Workers Planned": 6, "Workers Launched": 6, "Single Copy": false, "Plans": [{"Node Type": "Hash Join", "Parent Relationship": "Outer", "Parallel Aware": true, "Async Capable": false, "Join Type": "Inner", "Startup Cost": 295561.06, "Total Cost": 632875.88, "Plan Rows": 1, "Plan Width": 73, "Actual Rows": 1, "Actual Loops": 7, "Inner Unique": false, "Hash Cond": "(ci.movie_id = t.id)", "Workers": [], "Plans": [{"Node Type": "Seq Scan", "Parent Relationship": "Outer", "Parallel Aware": true, "Async Capable": false, "Relation Name": "cast_info", "Alias": "ci", "Startup Cost": 0.0, "Total Cost": 335756.3, "Plan Rows": 415604, "Plan Width": 8, "Actual Rows": 348338, "Actual Loops": 7, "Filter": "((note)::text = ANY ('{\"(executive producer)\",\"(head writer)\",(producer)}'::text[]))", "Rows Removed by Filter": 4829425, "Workers": []}, {"Node Type": "Hash", "Parent Relationship": "Inner", "Parallel Aware": true, "Async Capable": false, "Startup Cost": 295561.05, "Total Cost": 295561.05, "Plan Rows": 1, "Plan Width": 89, "Actual Rows": 1, "Actual Loops": 7, "Hash Buckets": 1024, "Original Hash Buckets": 1024, "Hash Batches": 1, "Original Hash Batches": 1, "Peak Memory Usage": 104, "Workers": [], "Plans": [{"Node Type": "Nested Loop", "Parent Relationship": "Outer", "Parallel Aware": false, "Async Capable": false, "Join Type": "Inner", "Startup Cost": 251011.65, "Total Cost": 295561.05, "Plan Rows": 1, "Plan Width": 89, "Actual Rows": 1, "Actual Loops": 7, "Inner Unique": true, "Workers": [], "Plans": [{"Node Type": "Hash Join", "Parent Relationship": "Outer", "Parallel Aware": true, "Async Capable": false, "Join Type": "Inner", "Startup Cost": 251011.23, "Total Cost": 295557.06, "Plan Rows": 9, "Plan Width": 93, "Actual Rows": 2037, "Actual Loops": 7, "Inner Unique": false, "Hash Cond": "(mk.movie_id = t.id)", "Workers": [], "Plans": [{"Node Type": "Seq Scan", "Parent Relationship": "Outer", "Parallel Aware": true, "Async Capable": false, "Relation Name": "movie_keyword", "Alias": "mk", "Startup Cost": 0.0, "Total Cost": 39073.32, "Plan Rows": 1459332, "Plan Width": 8, "Actual Rows": 646276, "Actual Loops": 7, "Workers": []}, {"Node Type": "Hash", "Parent Relationship": "Inner", "Parallel Aware": true, "Async Capable": false, "Startup Cost": 251011.22, "Total Cost": 251011.22, "Plan Rows": 1, "Plan Width": 85, "Actual Rows": 25, "Actual Loops": 7, "Hash Buckets": 1024, "Original Hash Buckets": 1024, "Hash Batches": 1, "Original Hash Batches": 1, "Peak Memory Usage": 232, "Workers": [], "Plans": [{"Node Type": "Nested Loop", "Parent Relationship": "Outer", "Parallel Aware": false, "Async Capable": false, "Join Type": "Inner", "Startup Cost": 44770.52, "Total Cost": 251011.22, "Plan Rows": 1, "Plan Width": 85, "Actual Rows": 25, "Actual Loops": 7, "Inner Unique": true, "Workers": [], "Plans": [{"Node Type": "Nested Loop", "Parent Relationship": "Outer", "Parallel Aware": false, "Async Capable": false, "Join Type": "Inner", "Startup Cost": 44770.1, "Total Cost": 251007.63, "Plan Rows": 5, "Plan Width": 89, "Actual Rows": 179, "Actual Loops": 7, "Inner Unique": true, "Join Filter": "(t.id = mi.movie_id)", "Rows Removed by Join Filter": 0, "Workers": [], "Plans": [{"Node Type": "Hash Join", "Parent Relationship": "Outer", "Parallel Aware": true, "Async Capable": false, "Join Type": "Inner", "Startup Cost": 44769.67, "Total Cost": 250990.43, "Plan Rows": 29, "Plan Width": 68, "Actual Rows": 1280, "Actual Loops": 7, "Inner Unique": false, "Hash Cond": "(mi.movie_id = mi_idx.movie_id)", "Workers": [], "Plans": [{"Node Type": "Seq Scan", "Parent Relationship": "Outer", "Parallel Aware": true, "Async Capable": false, "Relation Name": "movie_info", "Alias": "mi", "Startup Cost": 0.0, "Total Cost": 206156.59, "Plan Rows": 17087, "Plan Width": 51, "Actual Rows": 12078, "Actual Loops": 7, "Filter": "((info)::text = ANY ('{Action,American,Bulgaria,Crime}'::text[]))", "Rows Removed by Filter": 2107310, "Workers": []}, {"Node Type": "Hash", "Parent Relationship": "Inner", "Parallel Aware": true, "Async Capable": false, "Startup Cost": 44764.91, "Total Cost": 44764.91, "Plan Rows": 381, "Plan Width": 17, "Actual Rows": 5626, "Actual Loops": 7, "Hash Buckets": 65536, "Original Hash Buckets": 2048, "Hash Batches": 1, "Original Hash Batches": 1, "Peak Memory Usage": 3056, "Workers": [], "Plans": [{"Node Type": "Hash Join", "Parent Relationship": "Outer", "Parallel Aware": true, "Async Capable": false, "Join Type": "Inner", "Startup Cost": 15350.21, "Total Cost": 44764.91, "Plan Rows": 381, "Plan Width": 17, "Actual Rows": 5626, "Actual Loops": 7, "Inner Unique": false, "Hash Cond": "(mc.movie_id = mi_idx.movie_id)", "Workers": [], "Plans": [{"Node Type": "Seq Scan", "Parent Relationship": "Outer", "Parallel Aware": true, "Async Capable": false, "Relation Name": "movie_companies", "Alias": "mc", "Startup Cost": 0.0, "Total Cost": 29344.68, "Plan Rows": 18247, "Plan Width": 8, "Actual Rows": 8168, "Actual Loops": 7, "Filter": "((note)::text ~~ '%(2006)%'::text)", "Rows Removed by Filter": 364565, "Workers": []}, {"Node Type": "Hash", "Parent Relationship": "Inner", "Parallel Aware": true, "Async Capable": false, "Startup Cost": 15286.6, "Total Cost": 15286.6, "Plan Rows": 5089, "Plan Width": 9, "Actual Rows": 65704, "Actual Loops": 7, "Hash Buckets": 524288, "Original Hash Buckets": 16384, "Hash Batches": 1, "Original Hash Batches": 1, "Peak Memory Usage": 26304, "Workers": [], "Plans": [{"Node Type": "Hash Join", "Parent Relationship": "Outer", "Parallel Aware": false, "Async Capable": false, "Join Type": "Inner", "Startup Cost": 2.43, "Total Cost": 15286.6, "Plan Rows": 5089, "Plan Width": 9, "Actual Rows": 65704, "Actual Loops": 7, "Inner Unique": true, "Hash Cond": "(mi_idx.info_type_id = it2.id)", "Workers": [], "Plans": [{"Node Type": "Seq Scan", "Parent Relationship": "Outer", "Parallel Aware": true, "Async Capable": false, "Relation Name": "movie_info_idx", "Alias": "mi_idx", "Startup Cost": 0.0, "Total Cost": 13718.15, "Plan Rows": 575015, "Plan Width": 13, "Actual Rows": 197148, "Actual Loops": 7, "Workers": []}, {"Node Type": "Hash", "Parent Relationship": "Inner", "Parallel Aware": false, "Async Capable": false, "Startup Cost": 2.41, "Total Cost": 2.41, "Plan Rows": 1, "Plan Width": 4, "Actual Rows": 1, "Actual Loops": 7, "Hash Buckets": 1024, "Original Hash Buckets": 1024, "Hash Batches": 1, "Original Hash Batches": 1, "Peak Memory Usage": 9, "Workers": [], "Plans": [{"Node Type": "Seq Scan", "Parent Relationship": "Outer", "Parallel Aware": false, "Async Capable": false, "Relation Name": "info_type", "Alias": "it2", "Startup Cost": 0.0, "Total Cost": 2.41, "Plan Rows": 1, "Plan Width": 4, "Actual Rows": 1, "Actual Loops": 7, "Filter": "((info)::text = 'votes'::text)", "Rows Removed by Filter": 112, "Workers": []}]}]}]}]}]}]}, {"Node Type": "Index Scan", "Parent Relationship": "Inner", "Parallel Aware": false, "Async Capable": false, "Scan Direction": "Forward", "Index Name": "title_pkey", "Relation Name": "title", "Alias": "t", "Startup Cost": 0.43, "Total Cost": 0.58, "Plan Rows": 1, "Plan Width": 21, "Actual Rows": 0, "Actual Loops": 8959, "Index Cond": "(id = mi_idx.movie_id)", "Rows Removed by Index Recheck": 0, "Filter": "(production_year <= 1972)", "Rows Removed by Filter": 1, "Workers": []}]}, {"Node Type": "Index Scan", "Parent Relationship": "Inner", "Parallel Aware": false, "Async Capable": false, "Scan Direction": "Forward", "Index Name": "company_name_pkey", "Relation Name": "company_name", "Alias": "cn", "Startup Cost": 0.42, "Total Cost": 0.72, "Plan Rows": 1, "Plan Width": 4, "Actual Rows": 0, "Actual Loops": 1250, "Index Cond": "(id = mc.company_id)", "Rows Removed by Index Recheck": 0, "Filter": "((name)::text ~~ '%Film%'::text)", "Rows Removed by Filter": 1, "Workers": []}]}]}]}, {"Node Type": "Index Scan", "Parent Relationship": "Inner", "Parallel Aware": false, "Async Capable": false, "Scan Direction": "Forward", "Index Name": "keyword_pkey", "Relation Name": "keyword", "Alias": "k", "Startup Cost": 0.42, "Total Cost": 0.44, "Plan Rows": 1, "Plan Width": 4, "Actual Rows": 0, "Actual Loops": 14257, "Index Cond": "(id = mk.keyword_id)", "Rows Removed by Index Recheck": 0, "Filter": "((keyword)::text = ANY ('{\"10,000-mile-club\",alienation,based-on-comic}'::text[]))", "Rows Removed by Filter": 1, "Workers": []}]}]}]}]}, {"Node Type": "Index Scan", "Parent Relationship": "Inner", "Parallel Aware": false, "Async Capable": false, "Scan Direction": "Forward", "Index Name": "name_pkey", "Relation Name": "name", "Alias": "n", "Startup Cost": 0.43, "Total Cost": 0.56, "Plan Rows": 1, "Plan Width": 19, "Actual Rows": 1, "Actual Loops": 9, "Index Cond": "(id = ci.person_id)", "Rows Removed by Index Recheck": 0}]}]}]}, "Planning Time": 21.982, "Triggers": [], "Execution Time": 1440.516}, {"Plan": {"Node Type": "Aggregate", "Strategy": "Plain", "Partial Mode": "Finalize", "Parallel Aware": false, "Async Capable": false, "Startup Cost": 653896.34, "Total Cost": 653896.35, "Plan Rows": 1, "Plan Width": 128, "Actual Rows": 1, "Actual Loops": 1, "Plans": [{"Node Type": "Gather", "Parent Relationship": "Outer", "Parallel Aware": false, "Async Capable": false, "Startup Cost": 653895.67, "Total Cost": 653896.28, "Plan Rows": 6, "Plan Width": 128, "Actual Rows": 7, "Actual Loops": 1, "Workers Planned": 6, "Workers Launched": 6, "Single Copy": false, "Plans": [{"Node Type": "Aggregate", "Strategy": "Plain", "Partial Mode": "Partial", "Parent Relationship": "Outer", "Parallel Aware": false, "Async Capable": false, "Startup Cost": 652895.67, "Total Cost": 652895.68, "Plan Rows": 1, "Plan Width": 128, "Actual Rows": 1, "Actual Loops": 7, "Workers": [], "Plans": [{"Node Type": "Hash Join", "Parent Relationship": "Outer", "Parallel Aware": true, "Async Capable": false, "Join Type": "Inner", "Startup Cost": 315558.54, "Total Cost": 652895.66, "Plan Rows": 1, "Plan Width": 80, "Actual Rows": 1, "Actual Loops": 7, "Inner Unique": false, "Hash Cond": "(mi.movie_id = t.id)", "Workers": [], "Plans": [{"Node Type": "Hash Join", "Parent Relationship": "Outer", "Parallel Aware": true, "Async Capable": false, "Join Type": "Inner", "Startup Cost": 267333.29, "Total Cost": 604670.4, "Plan Rows": 1, "Plan Width": 79, "Actual Rows": 256, "Actual Loops": 7, "Inner Unique": false, "Hash Cond": "(ci.movie_id = mi.movie_id)", "Workers": [], "Plans": [{"Node Type": "Nested Loop", "Parent Relationship": "Outer", "Parallel Aware": false, "Async Capable": false, "Join Type": "Inner", "Startup Cost": 45757.91, "Total Cost": 383094.85, "Plan Rows": 40, "Plan Width": 23, "Actual Rows": 563, "Actual Loops": 7, "Inner Unique": true, "Workers": [], "Plans": [{"Node Type": "Hash Join", "Parent Relationship": "Outer", "Parallel Aware": true, "Async Capable": false, "Join Type": "Inner", "Startup Cost": 45757.48, "Total Cost": 383072.42, "Plan Rows": 40, "Plan Width": 12, "Actual Rows": 563, "Actual Loops": 7, "Inner Unique": false, "Hash Cond": "(ci.movie_id = mk.movie_id)", "Workers": [], "Plans": [{"Node Type": "Seq Scan", "Parent Relationship": "Outer", "Parallel Aware": true, "Async Capable": false, "Relation Name": "cast_info", "Alias": "ci", "Startup Cost": 0.0, "Total Cost": 335756.3, "Plan Rows": 415604, "Plan Width": 8, "Actual Rows": 348338, "Actual Loops": 7, "Filter": "((note)::text = ANY ('{\"(executive producer)\",\"(head writer)\",(producer)}'::text[]))", "Rows Removed by Filter": 4829425, "Workers": []}, {"Node Type": "Hash", "Parent Relationship": "Inner", "Parallel Aware": true, "Async Capable": false, "Startup Cost": 45757.07, "Total Cost": 45757.07, "Plan Rows": 33, "Plan Width": 4, "Actual Rows": 351, "Actual Loops": 7, "Hash Buckets": 1024, "Original Hash Buckets": 1024, "Hash Batches": 1, "Original Hash Batches": 1, "Peak Memory Usage": 232, "Workers": [], "Plans": [{"Node Type": "Hash Join", "Parent Relationship": "Outer", "Parallel Aware": false, "Async Capable": false, "Join Type": "Inner", "Startup Cost": 2852.88, "Total Cost": 45757.07, "Plan Rows": 33, "Plan Width": 4, "Actual Rows": 351, "Actual Loops": 7, "Inner Unique": true, "Hash Cond": "(mk.keyword_id = k.id)", "Workers": [], "Plans": [{"Node Type": "Seq Scan", "Parent Relationship": "Outer", "Parallel Aware": true, "Async Capable": false, "Relation Name": "movie_keyword", "Alias": "mk", "Startup Cost": 0.0, "Total Cost": 39073.32, "Plan Rows": 1459332, "Plan Width": 8, "Actual Rows": 646276, "Actual Loops": 7, "Workers": []}, {"Node Type": "Hash", "Parent Relationship": "Inner", "Parallel Aware": false, "Async Capable": false, "Startup Cost": 2852.84, "Total Cost": 2852.84, "Plan Rows": 3, "Plan Width": 4, "Actual Rows": 3, "Actual Loops": 7, "Hash Buckets": 1024, "Original Hash Buckets": 1024, "Hash Batches": 1, "Original Hash Batches": 1, "Peak Memory Usage": 9, "Workers": [], "Plans": [{"Node Type": "Seq Scan", "Parent Relationship": "Outer", "Parallel Aware": false, "Async Capable": false, "Relation Name": "keyword", "Alias": "k", "Startup Cost": 0.0, "Total Cost": 2852.84, "Plan Rows": 3, "Plan Width": 4, "Actual Rows": 3, "Actual Loops": 7, "Filter": "((keyword)::text = ANY ('{\"10,000-mile-club\",alienation,based-on-comic}'::text[]))", "Rows Removed by Filter": 134167, "Workers": []}]}]}]}]}, {"Node Type": "Index Scan", "Parent Relationship": "Inner", "Parallel Aware": false, "Async Capable": false, "Scan Direction": "Forward", "Index Name": "name_pkey", "Relation Name": "name", "Alias": "n", "Startup Cost": 0.43, "Total Cost": 0.56, "Plan Rows": 1, "Plan Width": 19, "Actual Rows": 1, "Actual Loops": 3941, "Index Cond": "(id = ci.person_id)", "Rows Removed by Index Recheck": 0, "Workers": []}]}, {"Node Type": "Hash", "Parent Relationship": "Inner", "Parallel Aware": true, "Async Capable": false, "Startup Cost": 221575.35, "Total Cost": 221575.35, "Plan Rows": 3, "Plan Width": 56, "Actual Rows": 6511, "Actual Loops": 7, "Hash Buckets": 65536, "Original Hash Buckets": 1024, "Hash Batches": 1, "Original Hash Batches": 1, "Peak Memory Usage": 3672, "Workers": [], "Plans": [{"Node Type": "Hash Join", "Parent Relationship": "Outer", "Parallel Aware": false, "Async Capable": false, "Join Type": "Inner", "Startup Cost": 15352.64, "Total Cost": 221575.35, "Plan Rows": 3, "Plan Width": 56, "Actual Rows": 6511, "Actual Loops": 7, "Inner Unique": true, "Hash Cond": "(mi.info_type_id = it1.id)", "Workers": [], "Plans": [{"Node Type": "Hash Join", "Parent Relationship": "Outer", "Parallel Aware": true, "Async Capable": false, "Join Type": "Inner", "Startup Cost": 15350.21, "Total Cost": 221572.11, "Plan Rows": 295, "Plan Width": 60, "Actual Rows": 6764, "Actual Loops": 7, "Inner Unique": false, "Hash Cond": "(mi.movie_id = mi_idx.movie_id)", "Workers": [], "Plans": [{"Node Type": "Seq Scan", "Parent Relationship": "Outer", "Parallel Aware": true, "Async Capable": false, "Relation Name": "movie_info", "Alias": "mi", "Startup Cost": 0.0, "Total Cost": 206156.59, "Plan Rows": 17087, "Plan Width": 51, "Actual Rows": 12078, "Actual Loops": 7, "Filter": "((info)::text = ANY ('{Action,American,Bulgaria,Crime}'::text[]))", "Rows Removed by Filter": 2107310, "Workers": []}, {"Node Type": "Hash", "Parent Relationship": "Inner", "Parallel Aware": true, "Async Capable": false, "Startup Cost": 15286.6, "Total Cost": 15286.6, "Plan Rows": 5089, "Plan Width": 9, "Actual Rows": 65704, "Actual Loops": 7, "Hash Buckets": 524288, "Original Hash Buckets": 16384, "Hash Batches": 1, "Original Hash Batches": 1, "Peak Memory Usage": 26336, "Workers": [], "Plans": [{"Node Type": "Hash Join", "Parent Relationship": "Outer", "Parallel Aware": false, "Async Capable": false, "Join Type": "Inner", "Startup Cost": 2.43, "Total Cost": 15286.6, "Plan Rows": 5089, "Plan Width": 9, "Actual Rows": 65704, "Actual Loops": 7, "Inner Unique": true, "Hash Cond": "(mi_idx.info_type_id = it2.id)", "Workers": [], "Plans": [{"Node Type": "Seq Scan", "Parent Relationship": "Outer", "Parallel Aware": true, "Async Capable": false, "Relation Name": "movie_info_idx", "Alias": "mi_idx", "Startup Cost": 0.0, "Total Cost": 13718.15, "Plan Rows": 575015, "Plan Width": 13, "Actual Rows": 197148, "Actual Loops": 7, "Workers": []}, {"Node Type": "Hash", "Parent Relationship": "Inner", "Parallel Aware": false, "Async Capable": false, "Startup Cost": 2.41, "Total Cost": 2.41, "Plan Rows": 1, "Plan Width": 4, "Actual Rows": 1, "Actual Loops": 7, "Hash Buckets": 1024, "Original Hash Buckets": 1024, "Hash Batches": 1, "Original Hash Batches": 1, "Peak Memory Usage": 9, "Workers": [], "Plans": [{"Node Type": "Seq Scan", "Parent Relationship": "Outer", "Parallel Aware": false, "Async Capable": false, "Relation Name": "info_type", "Alias": "it2", "Startup Cost": 0.0, "Total Cost": 2.41, "Plan Rows": 1, "Plan Width": 4, "Actual Rows": 1, "Actual Loops": 7, "Filter": "((info)::text = 'votes'::text)", "Rows Removed by Filter": 112, "Workers": []}]}]}]}]}, {"Node Type": "Hash", "Parent Relationship": "Inner", "Parallel Aware": false, "Async Capable": false, "Startup Cost": 2.41, "Total Cost": 2.41, "Plan Rows": 1, "Plan Width": 4, "Actual Rows": 1, "Actual Loops": 7, "Hash Buckets": 1024, "Original Hash Buckets": 1024, "Hash Batches": 1, "Original Hash Batches": 1, "Peak Memory Usage": 9, "Workers": [], "Plans": [{"Node Type": "Seq Scan", "Parent Relationship": "Outer", "Parallel Aware": false, "Async Capable": false, "Relation Name": "info_type", "Alias": "it1", "Startup Cost": 0.0, "Total Cost": 2.41, "Plan Rows": 1, "Plan Width": 4, "Actual Rows": 1, "Actual Loops": 7, "Filter": "((info)::text = 'genres'::text)", "Rows Removed by Filter": 112, "Workers": []}]}]}]}]}, {"Node Type": "Hash", "Parent Relationship": "Inner", "Parallel Aware": true, "Async Capable": false, "Startup Cost": 48217.03, "Total Cost": 48217.03, "Plan Rows": 657, "Plan Width": 25, "Actual Rows": 94, "Actual Loops": 7, "Hash Buckets": 2048, "Original Hash Buckets": 2048, "Hash Batches": 1, "Original Hash Batches": 1, "Peak Memory Usage": 240, "Workers": [], "Plans": [{"Node Type": "Nested Loop", "Parent Relationship": "Outer", "Parallel Aware": false, "Async Capable": false, "Join Type": "Inner", "Startup Cost": 5157.39, "Total Cost": 48217.03, "Plan Rows": 657, "Plan Width": 25, "Actual Rows": 94, "Actual Loops": 7, "Inner Unique": true, "Workers": [], "Plans": [{"Node Type": "Hash Join", "Parent Relationship": "Outer", "Parallel Aware": true, "Async Capable": false, "Join Type": "Inner", "Startup Cost": 5156.96, "Total Cost": 34549.54, "Plan Rows": 4108, "Plan Width": 4, "Actual Rows": 929, "Actual Loops": 7, "Inner Unique": true, "Hash Cond": "(mc.company_id = cn.id)", "Workers": [], "Plans": [{"Node Type": "Seq Scan", "Parent Relationship": "Outer", "Parallel Aware": true, "Async Capable": false, "Relation Name": "movie_companies", "Alias": "mc", "Startup Cost": 0.0, "Total Cost": 29344.68, "Plan Rows": 18247, "Plan Width": 8, "Actual Rows": 8168, "Actual Loops": 7, "Filter": "((note)::text ~~ '%(2006)%'::text)", "Rows Removed by Filter": 364565, "Workers": []}, {"Node Type": "Hash", "Parent Relationship": "Inner", "Parallel Aware": true, "Async Capable": false, "Startup Cost": 4767.92, "Total Cost": 4767.92, "Plan Rows": 31123, "Plan Width": 4, "Actual Rows": 7671, "Actual Loops": 7, "Hash Buckets": 65536, "Original Hash Buckets": 65536, "Hash Batches": 1, "Original Hash Batches": 1, "Peak Memory Usage": 2752, "Workers": [], "Plans": [{"Node Type": "Seq Scan", "Parent Relationship": "Outer", "Parallel Aware": true, "Async Capable": false, "Relation Name": "company_name", "Alias": "cn", "Startup Cost": 0.0, "Total Cost": 4767.92, "Plan Rows": 31123, "Plan Width": 4, "Actual Rows": 7671, "Actual Loops": 7, "Filter": "((name)::text ~~ '%Film%'::text)", "Rows Removed by Filter": 25900, "Workers": []}]}]}, {"Node Type": "Index Scan", "Parent Relationship": "Inner", "Parallel Aware": false, "Async Capable": false, "Scan Direction": "Forward", "Index Name": "title_pkey", "Relation Name": "title", "Alias": "t", "Startup Cost": 0.43, "Total Cost": 3.33, "Plan Rows": 1, "Plan Width": 21, "Actual Rows": 0, "Actual Loops": 6506, "Index Cond": "(id = mc.movie_id)", "Rows Removed by Index Recheck": 0, "Filter": "(production_year <= 1972)", "Rows Removed by Filter": 1, "Workers": []}]}]}]}]}]}]}, "Planning Time": 22.158, "Triggers": [], "Execution Time": 1496.745}, {"Plan": {"Node Type": "Aggregate", "Strategy": "Plain", "Partial Mode": "Finalize", "Parallel Aware": false, "Async Capable": false, "Startup Cost": 635085.86, "Total Cost": 635085.87, "Plan Rows": 1, "Plan Width": 128, "Actual Rows": 1, "Actual Loops": 1, "Plans": [{"Node Type": "Gather", "Parent Relationship": "Outer", "Parallel Aware": false, "Async Capable": false, "Startup Cost": 635085.19, "Total Cost": 635085.8, "Plan Rows": 6, "Plan Width": 128, "Actual Rows": 7, "Actual Loops": 1, "Workers Planned": 6, "Workers Launched": 6, "Single Copy": false, "Plans": [{"Node Type": "Aggregate", "Strategy": "Plain", "Partial Mode": "Partial", "Parent Relationship": "Outer", "Parallel Aware": false, "Async Capable": false, "Startup Cost": 634085.19, "Total Cost": 634085.2, "Plan Rows": 1, "Plan Width": 128, "Actual Rows": 1, "Actual Loops": 7, "Workers": [], "Plans": [{"Node Type": "Hash Join", "Parent Relationship": "Outer", "Parallel Aware": true, "Async Capable": false, "Join Type": "Inner", "Startup Cost": 296767.39, "Total Cost": 634085.18, "Plan Rows": 1, "Plan Width": 80, "Actual Rows": 1, "Actual Loops": 7, "Inner Unique": false, "Hash Cond": "(t.id = mi.movie_id)", "Workers": [], "Plans": [{"Node Type": "Nested Loop", "Parent Relationship": "Outer", "Parallel Aware": false, "Async Capable": false, "Join Type": "Inner", "Startup Cost": 45773.72, "Total Cost": 383091.48, "Plan Rows": 6, "Plan Width": 44, "Actual Rows": 37, "Actual Loops": 7, "Inner Unique": true, "Workers": [], "Plans": [{"Node Type": "Hash Join", "Parent Relationship": "Outer", "Parallel Aware": true, "Async Capable": false, "Join Type": "Inner", "Startup Cost": 45773.29, "Total Cost": 383088.11, "Plan Rows": 6, "Plan Width": 33, "Actual Rows": 37, "Actual Loops": 7, "Inner Unique": false, "Hash Cond": "(ci.movie_id = t.id)", "Workers": [], "Plans": [{"Node Type": "Seq Scan", "Parent Relationship": "Outer", "Parallel Aware": true, "Async Capable": false, "Relation Name": "cast_info", "Alias": "ci", "Startup Cost": 0.0, "Total Cost": 335756.3, "Plan Rows": 415604, "Plan Width": 8, "Actual Rows": 348338, "Actual Loops": 7, "Filter": "((note)::text = ANY ('{\"(executive producer)\",\"(head writer)\",(producer)}'::text[]))", "Rows Removed by Filter": 4829425, "Workers": []}, {"Node Type": "Hash", "Parent Relationship": "Inner", "Parallel Aware": true, "Async Capable": false, "Startup Cost": 45773.23, "Total Cost": 45773.23, "Plan Rows": 5, "Plan Width": 25, "Actual Rows": 88, "Actual Loops": 7, "Hash Buckets": 1024, "Original Hash Buckets": 1024, "Hash Batches": 1, "Original Hash Batches": 1, "Peak Memory Usage": 232, "Workers": [], "Plans": [{"Node Type": "Nested Loop", "Parent Relationship": "Outer", "Parallel Aware": false, "Async Capable": false, "Join Type": "Inner", "Startup Cost": 2853.3, "Total Cost": 45773.23, "Plan Rows": 5, "Plan Width": 25, "Actual Rows": 88, "Actual Loops": 7, "Inner Unique": true, "Workers": [], "Plans": [{"Node Type": "Hash Join", "Parent Relationship": "Outer", "Parallel Aware": false, "Async Capable": false, "Join Type": "Inner", "Startup Cost": 2852.88, "Total Cost": 45757.07, "Plan Rows": 33, "Plan Width": 4, "Actual Rows": 351, "Actual Loops": 7, "Inner Unique": true, "Hash Cond": "(mk.keyword_id = k.id)", "Workers": [], "Plans": [{"Node Type": "Seq Scan", "Parent Relationship": "Outer", "Parallel Aware": true, "Async Capable": false, "Relation Name": "movie_keyword", "Alias": "mk", "Startup Cost": 0.0, "Total Cost": 39073.32, "Plan Rows": 1459332, "Plan Width": 8, "Actual Rows": 646276, "Actual Loops": 7, "Workers": []}, {"Node Type": "Hash", "Parent Relationship": "Inner", "Parallel Aware": false, "Async Capable": false, "Startup Cost": 2852.84, "Total Cost": 2852.84, "Plan Rows": 3, "Plan Width": 4, "Actual Rows": 3, "Actual Loops": 7, "Hash Buckets": 1024, "Original Hash Buckets": 1024, "Hash Batches": 1, "Original Hash Batches": 1, "Peak Memory Usage": 9, "Workers": [], "Plans": [{"Node Type": "Seq Scan", "Parent Relationship": "Outer", "Parallel Aware": false, "Async Capable": false, "Relation Name": "keyword", "Alias": "k", "Startup Cost": 0.0, "Total Cost": 2852.84, "Plan Rows": 3, "Plan Width": 4, "Actual Rows": 3, "Actual Loops": 7, "Filter": "((keyword)::text = ANY ('{\"10,000-mile-club\",alienation,based-on-comic}'::text[]))", "Rows Removed by Filter": 134167, "Workers": []}]}]}, {"Node Type": "Index Scan", "Parent Relationship": "Inner", "Parallel Aware": false, "Async Capable": false, "Scan Direction": "Forward", "Index Name": "title_pkey", "Relation Name": "title", "Alias": "t", "Startup Cost": 0.43, "Total Cost": 0.49, "Plan Rows": 1, "Plan Width": 21, "Actual Rows": 0, "Actual Loops": 2455, "Index Cond": "(id = mk.movie_id)", "Rows Removed by Index Recheck": 0, "Filter": "(production_year <= 1972)", "Rows Removed by Filter": 1, "Workers": []}]}]}]}, {"Node Type": "Index Scan", "Parent Relationship": "Inner", "Parallel Aware": false, "Async Capable": false, "Scan Direction": "Forward", "Index Name": "name_pkey", "Relation Name": "name", "Alias": "n", "Startup Cost": 0.43, "Total Cost": 0.56, "Plan Rows": 1, "Plan Width": 19, "Actual Rows": 1, "Actual Loops": 258, "Index Cond": "(id = ci.person_id)", "Rows Removed by Index Recheck": 0, "Workers": []}]}, {"Node Type": "Hash", "Parent Relationship": "Inner", "Parallel Aware": true, "Async Capable": false, "Startup Cost": 250993.65, "Total Cost": 250993.65, "Plan Rows": 1, "Plan Width": 60, "Actual Rows": 182, "Actual Loops": 7, "Hash Buckets": 1024, "Original Hash Buckets": 1024, "Hash Batches": 1, "Original Hash Batches": 1, "Peak Memory Usage": 232, "Workers": [], "Plans": [{"Node Type": "Nested Loop", "Parent Relationship": "Outer", "Parallel Aware": false, "Async Capable": false, "Join Type": "Inner", "Startup Cost": 44772.52, "Total Cost": 250993.65, "Plan Rows": 1, "Plan Width": 60, "Actual Rows": 182, "Actual Loops": 7, "Inner Unique": true, "Workers": [], "Plans": [{"Node Type": "Hash Join", "Parent Relationship": "Outer", "Parallel Aware": false, "Async Capable": false, "Join Type": "Inner", "Startup Cost": 44772.1, "Total Cost": 250992.93, "Plan Rows": 1, "Plan Width": 64, "Actual Rows": 1135, "Actual Loops": 7, "Inner Unique": true, "Hash Cond": "(mi.info_type_id = it1.id)", "Workers": [], "Plans": [{"Node Type": "Hash Join", "Parent Relationship": "Outer", "Parallel Aware": true, "Async Capable": false, "Join Type": "Inner", "Startup Cost": 44769.67, "Total Cost": 250990.43, "Plan Rows": 29, "Plan Width": 68, "Actual Rows": 1280, "Actual Loops": 7, "Inner Unique": false, "Hash Cond": "(mi.movie_id = mi_idx.movie_id)", "Workers": [], "Plans": [{"Node Type": "Seq Scan", "Parent Relationship": "Outer", "Parallel Aware": true, "Async Capable": false, "Relation Name": "movie_info", "Alias": "mi", "Startup Cost": 0.0, "Total Cost": 206156.59, "Plan Rows": 17087, "Plan Width": 51, "Actual Rows": 12078, "Actual Loops": 7, "Filter": "((info)::text = ANY ('{Action,American,Bulgaria,Crime}'::text[]))", "Rows Removed by Filter": 2107310, "Workers": []}, {"Node Type": "Hash", "Parent Relationship": "Inner", "Parallel Aware": true, "Async Capable": false, "Startup Cost": 44764.91, "Total Cost": 44764.91, "Plan Rows": 381, "Plan Width": 17, "Actual Rows": 5626, "Actual Loops": 7, "Hash Buckets": 65536, "Original Hash Buckets": 2048, "Hash Batches": 1, "Original Hash Batches": 1, "Peak Memory Usage": 3056, "Workers": [], "Plans": [{"Node Type": "Hash Join", "Parent Relationship": "Outer", "Parallel Aware": true, "Async Capable": false, "Join Type": "Inner", "Startup Cost": 15350.21, "Total Cost": 44764.91, "Plan Rows": 381, "Plan Width": 17, "Actual Rows": 5626, "Actual Loops": 7, "Inner Unique": false, "Hash Cond": "(mc.movie_id = mi_idx.movie_id)", "Workers": [], "Plans": [{"Node Type": "Seq Scan", "Parent Relationship": "Outer", "Parallel Aware": true, "Async Capable": false, "Relation Name": "movie_companies", "Alias": "mc", "Startup Cost": 0.0, "Total Cost": 29344.68, "Plan Rows": 18247, "Plan Width": 8, "Actual Rows": 8168, "Actual Loops": 7, "Filter": "((note)::text ~~ '%(2006)%'::text)", "Rows Removed by Filter": 364565, "Workers": []}, {"Node Type": "Hash", "Parent Relationship": "Inner", "Parallel Aware": true, "Async Capable": false, "Startup Cost": 15286.6, "Total Cost": 15286.6, "Plan Rows": 5089, "Plan Width": 9, "Actual Rows": 65704, "Actual Loops": 7, "Hash Buckets": 524288, "Original Hash Buckets": 16384, "Hash Batches": 1, "Original Hash Batches": 1, "Peak Memory Usage": 26336, "Workers": [], "Plans": [{"Node Type": "Hash Join", "Parent Relationship": "Outer", "Parallel Aware": false, "Async Capable": false, "Join Type": "Inner", "Startup Cost": 2.43, "Total Cost": 15286.6, "Plan Rows": 5089, "Plan Width": 9, "Actual Rows": 65704, "Actual Loops": 7, "Inner Unique": true, "Hash Cond": "(mi_idx.info_type_id = it2.id)", "Workers": [], "Plans": [{"Node Type": "Seq Scan", "Parent Relationship": "Outer", "Parallel Aware": true, "Async Capable": false, "Relation Name": "movie_info_idx", "Alias": "mi_idx", "Startup Cost": 0.0, "Total Cost": 13718.15, "Plan Rows": 575015, "Plan Width": 13, "Actual Rows": 197148, "Actual Loops": 7, "Workers": []}, {"Node Type": "Hash", "Parent Relationship": "Inner", "Parallel Aware": false, "Async Capable": false, "Startup Cost": 2.41, "Total Cost": 2.41, "Plan Rows": 1, "Plan Width": 4, "Actual Rows": 1, "Actual Loops": 7, "Hash Buckets": 1024, "Original Hash Buckets": 1024, "Hash Batches": 1, "Original Hash Batches": 1, "Peak Memory Usage": 9, "Workers": [], "Plans": [{"Node Type": "Seq Scan", "Parent Relationship": "Outer", "Parallel Aware": false, "Async Capable": false, "Relation Name": "info_type", "Alias": "it2", "Startup Cost": 0.0, "Total Cost": 2.41, "Plan Rows": 1, "Plan Width": 4, "Actual Rows": 1, "Actual Loops": 7, "Filter": "((info)::text = 'votes'::text)", "Rows Removed by Filter": 112, "Workers": []}]}]}]}]}]}]}, {"Node Type": "Hash", "Parent Relationship": "Inner", "Parallel Aware": false, "Async Capable": false, "Startup Cost": 2.41, "Total Cost": 2.41, "Plan Rows": 1, "Plan Width": 4, "Actual Rows": 1, "Actual Loops": 7, "Hash Buckets": 1024, "Original Hash Buckets": 1024, "Hash Batches": 1, "Original Hash Batches": 1, "Peak Memory Usage": 9, "Workers": [], "Plans": [{"Node Type": "Seq Scan", "Parent Relationship": "Outer", "Parallel Aware": false, "Async Capable": false, "Relation Name": "info_type", "Alias": "it1", "Startup Cost": 0.0, "Total Cost": 2.41, "Plan Rows": 1, "Plan Width": 4, "Actual Rows": 1, "Actual Loops": 7, "Filter": "((info)::text = 'genres'::text)", "Rows Removed by Filter": 112, "Workers": []}]}]}, {"Node Type": "Index Scan", "Parent Relationship": "Inner", "Parallel Aware": false, "Async Capable": false, "Scan Direction": "Forward", "Index Name": "company_name_pkey", "Relation Name": "company_name", "Alias": "cn", "Startup Cost": 0.42, "Total Cost": 0.72, "Plan Rows": 1, "Plan Width": 4, "Actual Rows": 0, "Actual Loops": 7944, "Index Cond": "(id = mc.company_id)", "Rows Removed by Index Recheck": 0, "Filter": "((name)::text ~~ '%Film%'::text)", "Rows Removed by Filter": 1, "Workers": []}]}]}]}]}]}]}, "Planning Time": 22.742, "Triggers": [], "Execution Time": 1469.304}, {"Plan": {"Node Type": "Aggregate", "Strategy": "Plain", "Partial Mode": "Finalize", "Parallel Aware": false, "Async Capable": false, "Startup Cost": 635176.47, "Total Cost": 635176.48, "Plan Rows": 1, "Plan Width": 128, "Actual Rows": 1, "Actual Loops": 1, "Plans": [{"Node Type": "Gather", "Parent Relationship": "Outer", "Parallel Aware": false, "Async Capable": false, "Startup Cost": 635175.8, "Total Cost": 635176.41, "Plan Rows": 6, "Plan Width": 128, "Actual Rows": 7, "Actual Loops": 1, "Workers Planned": 6, "Workers Launched": 6, "Single Copy": false, "Plans": [{"Node Type": "Aggregate", "Strategy": "Plain", "Partial Mode": "Partial", "Parent Relationship": "Outer", "Parallel Aware": false, "Async Capable": false, "Startup Cost": 634175.8, "Total Cost": 634175.81, "Plan Rows": 1, "Plan Width": 128, "Actual Rows": 1, "Actual Loops": 7, "Workers": [], "Plans": [{"Node Type": "Hash Join", "Parent Relationship": "Outer", "Parallel Aware": true, "Async Capable": false, "Join Type": "Inner", "Startup Cost": 296858.57, "Total Cost": 634175.79, "Plan Rows": 1, "Plan Width": 80, "Actual Rows": 1, "Actual Loops": 7, "Inner Unique": false, "Hash Cond": "(t.id = mk.movie_id)", "Workers": [], "Plans": [{"Node Type": "Nested Loop", "Parent Relationship": "Outer", "Parallel Aware": false, "Async Capable": false, "Join Type": "Inner", "Startup Cost": 221685.81, "Total Cost": 559003.02, "Plan Rows": 1, "Plan Width": 96, "Actual Rows": 1066, "Actual Loops": 7, "Inner Unique": true, "Workers": [], "Plans": [{"Node Type": "Nested Loop", "Parent Relationship": "Outer", "Parallel Aware": false, "Async Capable": false, "Join Type": "Inner", "Startup Cost": 221685.38, "Total Cost": 559002.45, "Plan Rows": 1, "Plan Width": 85, "Actual Rows": 1066, "Actual Loops": 7, "Inner Unique": true, "Join Filter": "(t.id = mi.movie_id)", "Rows Removed by Join Filter": 0, "Workers": [], "Plans": [{"Node Type": "Hash Join", "Parent Relationship": "Outer", "Parallel Aware": true, "Async Capable": false, "Join Type": "Inner", "Startup Cost": 221684.95, "Total Cost": 558999.78, "Plan Rows": 5, "Plan Width": 64, "Actual Rows": 11400, "Actual Loops": 7, "Inner Unique": false, "Hash Cond": "(ci.movie_id = mi.movie_id)", "Workers": [], "Plans": [{"Node Type": "Seq Scan", "Parent Relationship": "Outer", "Parallel Aware": true, "Async Capable": false, "Relation Name": "cast_info", "Alias": "ci", "Startup Cost": 0.0, "Total Cost": 335756.3, "Plan Rows": 415604, "Plan Width": 8, "Actual Rows": 348338, "Actual Loops": 7, "Filter": "((note)::text = ANY ('{\"(executive producer)\",\"(head writer)\",(producer)}'::text[]))", "Rows Removed by Filter": 4829425, "Workers": []}, {"Node Type": "Hash", "Parent Relationship": "Inner", "Parallel Aware": true, "Async Capable": false, "Startup Cost": 221684.89, "Total Cost": 221684.89, "Plan Rows": 5, "Plan Width": 56, "Actual Rows": 6511, "Actual Loops": 7, "Hash Buckets": 65536, "Original Hash Buckets": 1024, "Hash Batches": 1, "Original Hash Batches": 1, "Peak Memory Usage": 3672, "Workers": [], "Plans": [{"Node Type": "Hash Join", "Parent Relationship": "Outer", "Parallel Aware": true, "Async Capable": false, "Join Type": "Inner", "Startup Cost": 206209.86, "Total Cost": 221684.89, "Plan Rows": 5, "Plan Width": 56, "Actual Rows": 6511, "Actual Loops": 7, "Inner Unique": false, "Hash Cond": "(mi_idx.movie_id = mi.movie_id)", "Workers": [], "Plans": [{"Node Type": "Hash Join", "Parent Relationship": "Outer", "Parallel Aware": false, "Async Capable": false, "Join Type": "Inner", "Startup Cost": 2.43, "Total Cost": 15286.6, "Plan Rows": 5089, "Plan Width": 9, "Actual Rows": 65704, "Actual Loops": 7, "Inner Unique": true, "Hash Cond": "(mi_idx.info_type_id = it2.id)", "Workers": [], "Plans": [{"Node Type": "Seq Scan", "Parent Relationship": "Outer", "Parallel Aware": true, "Async Capable": false, "Relation Name": "movie_info_idx", "Alias": "mi_idx", "Startup Cost": 0.0, "Total Cost": 13718.15, "Plan Rows": 575015, "Plan Width": 13, "Actual Rows": 197148, "Actual Loops": 7, "Workers": []}, {"Node Type": "Hash", "Parent Relationship": "Inner", "Parallel Aware": false, "Async Capable": false, "Startup Cost": 2.41, "Total Cost": 2.41, "Plan Rows": 1, "Plan Width": 4, "Actual Rows": 1, "Actual Loops": 7, "Hash Buckets": 1024, "Original Hash Buckets": 1024, "Hash Batches": 1, "Original Hash Batches": 1, "Peak Memory Usage": 9, "Workers": [], "Plans": [{"Node Type": "Seq Scan", "Parent Relationship": "Outer", "Parallel Aware": false, "Async Capable": false, "Relation Name": "info_type", "Alias": "it2", "Startup Cost": 0.0, "Total Cost": 2.41, "Plan Rows": 1, "Plan Width": 4, "Actual Rows": 1, "Actual Loops": 7, "Filter": "((info)::text = 'votes'::text)", "Rows Removed by Filter": 112, "Workers": []}]}]}, {"Node Type": "Hash", "Parent Relationship": "Inner", "Parallel Aware": true, "Async Capable": false, "Startup Cost": 206205.55, "Total Cost": 206205.55, "Plan Rows": 151, "Plan Width": 47, "Actual Rows": 11632, "Actual Loops": 7, "Hash Buckets": 131072, "Original Hash Buckets": 1024, "Hash Batches": 1, "Original Hash Batches": 1, "Peak Memory Usage": 6008, "Workers": [], "Plans": [{"Node Type": "Hash Join", "Parent Relationship": "Outer", "Parallel Aware": false, "Async Capable": false, "Join Type": "Inner", "Startup Cost": 2.43, "Total Cost": 206205.55, "Plan Rows": 151, "Plan Width": 47, "Actual Rows": 11632, "Actual Loops": 7, "Inner Unique": true, "Hash Cond": "(mi.info_type_id = it1.id)", "Workers": [], "Plans": [{"Node Type": "Seq Scan", "Parent Relationship": "Outer", "Parallel Aware": true, "Async Capable": false, "Relation Name": "movie_info", "Alias": "mi", "Startup Cost": 0.0, "Total Cost": 206156.59, "Plan Rows": 17087, "Plan Width": 51, "Actual Rows": 12078, "Actual Loops": 7, "Filter": "((info)::text = ANY ('{Action,American,Bulgaria,Crime}'::text[]))", "Rows Removed by Filter": 2107310, "Workers": []}, {"Node Type": "Hash", "Parent Relationship": "Inner", "Parallel Aware": false, "Async Capable": false, "Startup Cost": 2.41, "Total Cost": 2.41, "Plan Rows": 1, "Plan Width": 4, "Actual Rows": 1, "Actual Loops": 7, "Hash Buckets": 1024, "Original Hash Buckets": 1024, "Hash Batches": 1, "Original Hash Batches": 1, "Peak Memory Usage": 9, "Workers": [], "Plans": [{"Node Type": "Seq Scan", "Parent Relationship": "Outer", "Parallel Aware": false, "Async Capable": false, "Relation Name": "info_type", "Alias": "it1", "Startup Cost": 0.0, "Total Cost": 2.41, "Plan Rows": 1, "Plan Width": 4, "Actual Rows": 1, "Actual Loops": 7, "Filter": "((info)::text = 'genres'::text)", "Rows Removed by Filter": 112, "Workers": []}]}]}]}]}]}]}, {"Node Type": "Index Scan", "Parent Relationship": "Inner", "Parallel Aware": false, "Async Capable": false, "Scan Direction": "Forward", "Index Name": "title_pkey", "Relation Name": "title", "Alias": "t", "Startup Cost": 0.43, "Total Cost": 0.52, "Plan Rows": 1, "Plan Width": 21, "Actual Rows": 0, "Actual Loops": 79798, "Index Cond": "(id = ci.movie_id)", "Rows Removed by Index Recheck": 0, "Filter": "(production_year <= 1972)", "Rows Removed by Filter": 1, "Workers": []}]}, {"Node Type": "Index Scan", "Parent Relationship": "Inner", "Parallel Aware": false, "Async Capable": false, "Scan Direction": "Forward", "Index Name": "name_pkey", "Relation Name": "name", "Alias": "n", "Startup Cost": 0.43, "Total Cost": 0.56, "Plan Rows": 1, "Plan Width": 19, "Actual Rows": 1, "Actual Loops": 7461, "Index Cond": "(id = ci.person_id)", "Rows Removed by Index Recheck": 0, "Workers": []}]}, {"Node Type": "Hash", "Parent Relationship": "Inner", "Parallel Aware": true, "Async Capable": false, "Startup Cost": 75172.75, "Total Cost": 75172.75, "Plan Rows": 1, "Plan Width": 8, "Actual Rows": 12, "Actual Loops": 7, "Hash Buckets": 1024, "Original Hash Buckets": 1024, "Hash Batches": 1, "Original Hash Batches": 1, "Peak Memory Usage": 232, "Workers": [], "Plans": [{"Node Type": "Nested Loop", "Parent Relationship": "Outer", "Parallel Aware": false, "Async Capable": false, "Join Type": "Inner", "Startup Cost": 45757.9, "Total Cost": 75172.75, "Plan Rows": 1, "Plan Width": 8, "Actual Rows": 12, "Actual Loops": 7, "Inner Unique": true, "Workers": [], "Plans": [{"Node Type": "Hash Join", "Parent Relationship": "Outer", "Parallel Aware": true, "Async Capable": false, "Join Type": "Inner", "Startup Cost": 45757.48, "Total Cost": 75170.6, "Plan Rows": 3, "Plan Width": 12, "Actual Rows": 69, "Actual Loops": 7, "Inner Unique": false, "Hash Cond": "(mc.movie_id = mk.movie_id)", "Workers": [], "Plans": [{"Node Type": "Seq Scan", "Parent Relationship": "Outer", "Parallel Aware": true, "Async Capable": false, "Relation Name": "movie_companies", "Alias": "mc", "Startup Cost": 0.0, "Total Cost": 29344.68, "Plan Rows": 18247, "Plan Width": 8, "Actual Rows": 8168, "Actual Loops": 7, "Filter": "((note)::text ~~ '%(2006)%'::text)", "Rows Removed by Filter": 364565, "Workers": []}, {"Node Type": "Hash", "Parent Relationship": "Inner", "Parallel Aware": true, "Async Capable": false, "Startup Cost": 45757.07, "Total Cost": 45757.07, "Plan Rows": 33, "Plan Width": 4, "Actual Rows": 351, "Actual Loops": 7, "Hash Buckets": 1024, "Original Hash Buckets": 1024, "Hash Batches": 1, "Original Hash Batches": 1, "Peak Memory Usage": 232, "Workers": [], "Plans": [{"Node Type": "Hash Join", "Parent Relationship": "Outer", "Parallel Aware": false, "Async Capable": false, "Join Type": "Inner", "Startup Cost": 2852.88, "Total Cost": 45757.07, "Plan Rows": 33, "Plan Width": 4, "Actual Rows": 351, "Actual Loops": 7, "Inner Unique": true, "Hash Cond": "(mk.keyword_id = k.id)", "Workers": [], "Plans": [{"Node Type": "Seq Scan", "Parent Relationship": "Outer", "Parallel Aware": true, "Async Capable": false, "Relation Name": "movie_keyword", "Alias": "mk", "Startup Cost": 0.0, "Total Cost": 39073.32, "Plan Rows": 1459332, "Plan Width": 8, "Actual Rows": 646276, "Actual Loops": 7, "Workers": []}, {"Node Type": "Hash", "Parent Relationship": "Inner", "Parallel Aware": false, "Async Capable": false, "Startup Cost": 2852.84, "Total Cost": 2852.84, "Plan Rows": 3, "Plan Width": 4, "Actual Rows": 3, "Actual Loops": 7, "Hash Buckets": 1024, "Original Hash Buckets": 1024, "Hash Batches": 1, "Original Hash Batches": 1, "Peak Memory Usage": 9, "Workers": [], "Plans": [{"Node Type": "Seq Scan", "Parent Relationship": "Outer", "Parallel Aware": false, "Async Capable": false, "Relation Name": "keyword", "Alias": "k", "Startup Cost": 0.0, "Total Cost": 2852.84, "Plan Rows": 3, "Plan Width": 4, "Actual Rows": 3, "Actual Loops": 7, "Filter": "((keyword)::text = ANY ('{\"10,000-mile-club\",alienation,based-on-comic}'::text[]))", "Rows Removed by Filter": 134167, "Workers": []}]}]}]}]}, {"Node Type": "Index Scan", "Parent Relationship": "Inner", "Parallel Aware": false, "Async Capable": false, "Scan Direction": "Forward", "Index Name": "company_name_pkey", "Relation Name": "company_name", "Alias": "cn", "Startup Cost": 0.42, "Total Cost": 0.72, "Plan Rows": 1, "Plan Width": 4, "Actual Rows": 0, "Actual Loops": 485, "Index Cond": "(id = mc.company_id)", "Rows Removed by Index Recheck": 0, "Filter": "((name)::text ~~ '%Film%'::text)", "Rows Removed by Filter": 1, "Workers": []}]}]}]}]}]}]}, "Planning Time": 23.326, "Triggers": [], "Execution Time": 1592.432}, {"Plan": {"Node Type": "Aggregate", "Strategy": "Plain", "Partial Mode": "Finalize", "Parallel Aware": false, "Async Capable": false, "Startup Cost": 635175.79, "Total Cost": 635175.8, "Plan Rows": 1, "Plan Width": 128, "Actual Rows": 1, "Actual Loops": 1, "Plans": [{"Node Type": "Gather", "Parent Relationship": "Outer", "Parallel Aware": false, "Async Capable": false, "Startup Cost": 635175.45, "Total Cost": 635175.76, "Plan Rows": 3, "Plan Width": 128, "Actual Rows": 4, "Actual Loops": 1, "Workers Planned": 3, "Workers Launched": 3, "Single Copy": false, "Plans": [{"Node Type": "Aggregate", "Strategy": "Plain", "Partial Mode": "Partial", "Parent Relationship": "Outer", "Parallel Aware": false, "Async Capable": false, "Startup Cost": 634175.45, "Total Cost": 634175.46, "Plan Rows": 1, "Plan Width": 128, "Actual Rows": 1, "Actual Loops": 4, "Workers": [], "Plans": [{"Node Type": "Hash Join", "Parent Relationship": "Outer", "Parallel Aware": true, "Async Capable": false, "Join Type": "Inner", "Startup Cost": 604760.98, "Total Cost": 634175.44, "Plan Rows": 1, "Plan Width": 80, "Actual Rows": 2, "Actual Loops": 4, "Inner Unique": false, "Hash Cond": "(t.id = mi.movie_id)", "Workers": [], "Plans": [{"Node Type": "Nested Loop", "Parent Relationship": "Outer", "Parallel Aware": false, "Async Capable": false, "Join Type": "Inner", "Startup Cost": 45758.33, "Total Cost": 75172.78, "Plan Rows": 1, "Plan Width": 29, "Actual Rows": 2, "Actual Loops": 4, "Inner Unique": true, "Workers": [], "Plans": [{"Node Type": "Nested Loop", "Parent Relationship": "Outer", "Parallel Aware": false, "Async Capable": false, "Join Type": "Inner", "Startup Cost": 45757.91, "Total Cost": 75172.07, "Plan Rows": 1, "Plan Width": 33, "Actual Rows": 12, "Actual Loops": 4, "Inner Unique": true, "Workers": [], "Plans": [{"Node Type": "Hash Join", "Parent Relationship": "Outer", "Parallel Aware": true, "Async Capable": false, "Join Type": "Inner", "Startup Cost": 45757.48, "Total Cost": 75170.6, "Plan Rows": 3, "Plan Width": 12, "Actual Rows": 121, "Actual Loops": 4, "Inner Unique": false, "Hash Cond": "(mc.movie_id = mk.movie_id)", "Workers": [], "Plans": [{"Node Type": "Seq Scan", "Parent Relationship": "Outer", "Parallel Aware": true, "Async Capable": false, "Relation Name": "movie_companies", "Alias": "mc", "Startup Cost": 0.0, "Total Cost": 29344.68, "Plan Rows": 18247, "Plan Width": 8, "Actual Rows": 14293, "Actual Loops": 4, "Filter": "((note)::text ~~ '%(2006)%'::text)", "Rows Removed by Filter": 637989, "Workers": []}, {"Node Type": "Hash", "Parent Relationship": "Inner", "Parallel Aware": true, "Async Capable": false, "Startup Cost": 45757.07, "Total Cost": 45757.07, "Plan Rows": 33, "Plan Width": 4, "Actual Rows": 614, "Actual Loops": 4, "Hash Buckets": 1024, "Original Hash Buckets": 1024, "Hash Batches": 1, "Original Hash Batches": 1, "Peak Memory Usage": 136, "Workers": [], "Plans": [{"Node Type": "Hash Join", "Parent Relationship": "Outer", "Parallel Aware": false, "Async Capable": false, "Join Type": "Inner", "Startup Cost": 2852.88, "Total Cost": 45757.07, "Plan Rows": 33, "Plan Width": 4, "Actual Rows": 614, "Actual Loops": 4, "Inner Unique": true, "Hash Cond": "(mk.keyword_id = k.id)", "Workers": [], "Plans": [{"Node Type": "Seq Scan", "Parent Relationship": "Outer", "Parallel Aware": true, "Async Capable": false, "Relation Name": "movie_keyword", "Alias": "mk", "Startup Cost": 0.0, "Total Cost": 39073.32, "Plan Rows": 1459332, "Plan Width": 8, "Actual Rows": 1130982, "Actual Loops": 4, "Workers": []}, {"Node Type": "Hash", "Parent Relationship": "Inner", "Parallel Aware": false, "Async Capable": false, "Startup Cost": 2852.84, "Total Cost": 2852.84, "Plan Rows": 3, "Plan Width": 4, "Actual Rows": 3, "Actual Loops": 4, "Hash Buckets": 1024, "Original Hash Buckets": 1024, "Hash Batches": 1, "Original Hash Batches": 1, "Peak Memory Usage": 9, "Workers": [], "Plans": [{"Node Type": "Seq Scan", "Parent Relationship": "Outer", "Parallel Aware": false, "Async Capable": false, "Relation Name": "keyword", "Alias": "k", "Startup Cost": 0.0, "Total Cost": 2852.84, "Plan Rows": 3, "Plan Width": 4, "Actual Rows": 3, "Actual Loops": 4, "Filter": "((keyword)::text = ANY ('{\"10,000-mile-club\",alienation,based-on-comic}'::text[]))", "Rows Removed by Filter": 134167, "Workers": []}]}]}]}]}, {"Node Type": "Index Scan", "Parent Relationship": "Inner", "Parallel Aware": false, "Async Capable": false, "Scan Direction": "Forward", "Index Name": "title_pkey", "Relation Name": "title", "Alias": "t", "Startup Cost": 0.43, "Total Cost": 0.49, "Plan Rows": 1, "Plan Width": 21, "Actual Rows": 0, "Actual Loops": 485, "Index Cond": "(id = mk.movie_id)", "Rows Removed by Index Recheck": 0, "Filter": "(production_year <= 1972)", "Rows Removed by Filter": 1, "Workers": []}]}, {"Node Type": "Index Scan", "Parent Relationship": "Inner", "Parallel Aware": false, "Async Capable": false, "Scan Direction": "Forward", "Index Name": "company_name_pkey", "Relation Name": "company_name", "Alias": "cn", "Startup Cost": 0.42, "Total Cost": 0.72, "Plan Rows": 1, "Plan Width": 4, "Actual Rows": 0, "Actual Loops": 46, "Index Cond": "(id = mc.company_id)", "Rows Removed by Index Recheck": 0, "Filter": "((name)::text ~~ '%Film%'::text)", "Rows Removed by Filter": 1, "Workers": []}]}, {"Node Type": "Hash", "Parent Relationship": "Inner", "Parallel Aware": true, "Async Capable": false, "Startup Cost": 559002.59, "Total Cost": 559002.59, "Plan Rows": 5, "Plan Width": 75, "Actual Rows": 19950, "Actual Loops": 4, "Hash Buckets": 131072, "Original Hash Buckets": 1024, "Hash Batches": 1, "Original Hash Batches": 1, "Peak Memory Usage": 8024, "Workers": [], "Plans": [{"Node Type": "Nested Loop", "Parent Relationship": "Outer", "Parallel Aware": false, "Async Capable": false, "Join Type": "Inner", "Startup Cost": 221685.38, "Total Cost": 559002.59, "Plan Rows": 5, "Plan Width": 75, "Actual Rows": 19950, "Actual Loops": 4, "Inner Unique": true, "Workers": [], "Plans": [{"Node Type": "Hash Join", "Parent Relationship": "Outer", "Parallel Aware": true, "Async Capable": false, "Join Type": "Inner", "Startup Cost": 221684.95, "Total Cost": 558999.78, "Plan Rows": 5, "Plan Width": 64, "Actual Rows": 19950, "Actual Loops": 4, "Inner Unique": false, "Hash Cond": "(ci.movie_id = mi.movie_id)", "Workers": [], "Plans": [{"Node Type": "Seq Scan", "Parent Relationship": "Outer", "Parallel Aware": true, "Async Capable": false, "Relation Name": "cast_info", "Alias": "ci", "Startup Cost": 0.0, "Total Cost": 335756.3, "Plan Rows": 415604, "Plan Width": 8, "Actual Rows": 609592, "Actual Loops": 4, "Filter": "((note)::text = ANY ('{\"(executive producer)\",\"(head writer)\",(producer)}'::text[]))", "Rows Removed by Filter": 8451494, "Workers": []}, {"Node Type": "Hash", "Parent Relationship": "Inner", "Parallel Aware": true, "Async Capable": false, "Startup Cost": 221684.89, "Total Cost": 221684.89, "Plan Rows": 5, "Plan Width": 56, "Actual Rows": 11395, "Actual Loops": 4, "Hash Buckets": 65536, "Original Hash Buckets": 1024, "Hash Batches": 1, "Original Hash Batches": 1, "Peak Memory Usage": 3576, "Workers": [], "Plans": [{"Node Type": "Hash Join", "Parent Relationship": "Outer", "Parallel Aware": true, "Async Capable": false, "Join Type": "Inner", "Startup Cost": 206209.86, "Total Cost": 221684.89, "Plan Rows": 5, "Plan Width": 56, "Actual Rows": 11395, "Actual Loops": 4, "Inner Unique": false, "Hash Cond": "(mi_idx.movie_id = mi.movie_id)", "Workers": [], "Plans": [{"Node Type": "Hash Join", "Parent Relationship": "Outer", "Parallel Aware": false, "Async Capable": false, "Join Type": "Inner", "Startup Cost": 2.43, "Total Cost": 15286.6, "Plan Rows": 5089, "Plan Width": 9, "Actual Rows": 114981, "Actual Loops": 4, "Inner Unique": true, "Hash Cond": "(mi_idx.info_type_id = it2.id)", "Workers": [], "Plans": [{"Node Type": "Seq Scan", "Parent Relationship": "Outer", "Parallel Aware": true, "Async Capable": false, "Relation Name": "movie_info_idx", "Alias": "mi_idx", "Startup Cost": 0.0, "Total Cost": 13718.15, "Plan Rows": 575015, "Plan Width": 13, "Actual Rows": 345009, "Actual Loops": 4, "Workers": []}, {"Node Type": "Hash", "Parent Relationship": "Inner", "Parallel Aware": false, "Async Capable": false, "Startup Cost": 2.41, "Total Cost": 2.41, "Plan Rows": 1, "Plan Width": 4, "Actual Rows": 1, "Actual Loops": 4, "Hash Buckets": 1024, "Original Hash Buckets": 1024, "Hash Batches": 1, "Original Hash Batches": 1, "Peak Memory Usage": 9, "Workers": [], "Plans": [{"Node Type": "Seq Scan", "Parent Relationship": "Outer", "Parallel Aware": false, "Async Capable": false, "Relation Name": "info_type", "Alias": "it2", "Startup Cost": 0.0, "Total Cost": 2.41, "Plan Rows": 1, "Plan Width": 4, "Actual Rows": 1, "Actual Loops": 4, "Filter": "((info)::text = 'votes'::text)", "Rows Removed by Filter": 112, "Workers": []}]}]}, {"Node Type": "Hash", "Parent Relationship": "Inner", "Parallel Aware": true, "Async Capable": false, "Startup Cost": 206205.55, "Total Cost": 206205.55, "Plan Rows": 151, "Plan Width": 47, "Actual Rows": 20357, "Actual Loops": 4, "Hash Buckets": 131072, "Original Hash Buckets": 1024, "Hash Batches": 1, "Original Hash Batches": 1, "Peak Memory Usage": 5944, "Workers": [], "Plans": [{"Node Type": "Hash Join", "Parent Relationship": "Outer", "Parallel Aware": false, "Async Capable": false, "Join Type": "Inner", "Startup Cost": 2.43, "Total Cost": 206205.55, "Plan Rows": 151, "Plan Width": 47, "Actual Rows": 20357, "Actual Loops": 4, "Inner Unique": true, "Hash Cond": "(mi.info_type_id = it1.id)", "Workers": [], "Plans": [{"Node Type": "Seq Scan", "Parent Relationship": "Outer", "Parallel Aware": true, "Async Capable": false, "Relation Name": "movie_info", "Alias": "mi", "Startup Cost": 0.0, "Total Cost": 206156.59, "Plan Rows": 17087, "Plan Width": 51, "Actual Rows": 21137, "Actual Loops": 4, "Filter": "((info)::text = ANY ('{Action,American,Bulgaria,Crime}'::text[]))", "Rows Removed by Filter": 3687793, "Workers": []}, {"Node Type": "Hash", "Parent Relationship": "Inner", "Parallel Aware": false, "Async Capable": false, "Startup Cost": 2.41, "Total Cost": 2.41, "Plan Rows": 1, "Plan Width": 4, "Actual Rows": 1, "Actual Loops": 4, "Hash Buckets": 1024, "Original Hash Buckets": 1024, "Hash Batches": 1, "Original Hash Batches": 1, "Peak Memory Usage": 9, "Workers": [], "Plans": [{"Node Type": "Seq Scan", "Parent Relationship": "Outer", "Parallel Aware": false, "Async Capable": false, "Relation Name": "info_type", "Alias": "it1", "Startup Cost": 0.0, "Total Cost": 2.41, "Plan Rows": 1, "Plan Width": 4, "Actual Rows": 1, "Actual Loops": 4, "Filter": "((info)::text = 'genres'::text)", "Rows Removed by Filter": 112, "Workers": []}]}]}]}]}]}]}, {"Node Type": "Index Scan", "Parent Relationship": "Inner", "Parallel Aware": false, "Async Capable": false, "Scan Direction": "Forward", "Index Name": "name_pkey", "Relation Name": "name", "Alias": "n", "Startup Cost": 0.43, "Total Cost": 0.56, "Plan Rows": 1, "Plan Width": 19, "Actual Rows": 1, "Actual Loops": 79798, "Index Cond": "(id = ci.person_id)", "Rows Removed by Index Recheck": 0, "Workers": []}]}]}]}]}]}]}, "Planning Time": 23.164, "Triggers": [], "Execution Time": 3011.31}, {"Plan": {"Node Type": "Aggregate", "Strategy": "Plain", "Partial Mode": "Finalize", "Parallel Aware": false, "Async Capable": false, "Startup Cost": 635628.54, "Total Cost": 635628.55, "Plan Rows": 1, "Plan Width": 128, "Actual Rows": 1, "Actual Loops": 1, "Plans": [{"Node Type": "Gather", "Parent Relationship": "Outer", "Parallel Aware": false, "Async Capable": false, "Startup Cost": 635627.87, "Total Cost": 635628.48, "Plan Rows": 6, "Plan Width": 128, "Actual Rows": 7, "Actual Loops": 1, "Workers Planned": 6, "Workers Launched": 6, "Single Copy": false, "Plans": [{"Node Type": "Aggregate", "Strategy": "Plain", "Partial Mode": "Partial", "Parent Relationship": "Outer", "Parallel Aware": false, "Async Capable": false, "Startup Cost": 634627.87, "Total Cost": 634627.88, "Plan Rows": 1, "Plan Width": 128, "Actual Rows": 1, "Actual Loops": 7, "Workers": [], "Plans": [{"Node Type": "Hash Join", "Parent Relationship": "Outer", "Parallel Aware": true, "Async Capable": false, "Join Type": "Inner", "Startup Cost": 297120.01, "Total Cost": 634627.86, "Plan Rows": 1, "Plan Width": 80, "Actual Rows": 1, "Actual Loops": 7, "Inner Unique": false, "Hash Cond": "(mi_idx.movie_id = t.id)", "Workers": [], "Plans": [{"Node Type": "Nested Loop", "Parent Relationship": "Outer", "Parallel Aware": false, "Async Capable": false, "Join Type": "Inner", "Startup Cost": 90528.0, "Total Cost": 428035.84, "Plan Rows": 1, "Plan Width": 36, "Actual Rows": 41, "Actual Loops": 7, "Inner Unique": true, "Workers": [], "Plans": [{"Node Type": "Hash Join", "Parent Relationship": "Outer", "Parallel Aware": true, "Async Capable": false, "Join Type": "Inner", "Startup Cost": 90527.57, "Total Cost": 428035.28, "Plan Rows": 1, "Plan Width": 25, "Actual Rows": 41, "Actual Loops": 7, "Inner Unique": false, "Hash Cond": "(mi_idx.movie_id = mk.movie_id)", "Workers": [], "Plans": [{"Node Type": "Nested Loop", "Parent Relationship": "Outer", "Parallel Aware": false, "Async Capable": false, "Join Type": "Inner", "Startup Cost": 44770.09, "Total Cost": 382277.56, "Plan Rows": 60, "Plan Width": 21, "Actual Rows": 2308, "Actual Loops": 7, "Inner Unique": true, "Workers": [], "Plans": [{"Node Type": "Hash Join", "Parent Relationship": "Outer", "Parallel Aware": true, "Async Capable": false, "Join Type": "Inner", "Startup Cost": 44769.67, "Total Cost": 382086.01, "Plan Rows": 267, "Plan Width": 25, "Actual Rows": 16563, "Actual Loops": 7, "Inner Unique": false, "Hash Cond": "(ci.movie_id = mi_idx.movie_id)", "Workers": [], "Plans": [{"Node Type": "Seq Scan", "Parent Relationship": "Outer", "Parallel Aware": true, "Async Capable": false, "Relation Name": "cast_info", "Alias": "ci", "Startup Cost": 0.0, "Total Cost": 335756.3, "Plan Rows": 415604, "Plan Width": 8, "Actual Rows": 348338, "Actual Loops": 7, "Filter": "((note)::text = ANY ('{\"(executive producer)\",\"(head writer)\",(producer)}'::text[]))", "Rows Removed by Filter": 4829425, "Workers": []}, {"Node Type": "Hash", "Parent Relationship": "Inner", "Parallel Aware": true, "Async Capable": false, "Startup Cost": 44764.91, "Total Cost": 44764.91, "Plan Rows": 381, "Plan Width": 17, "Actual Rows": 5626, "Actual Loops": 7, "Hash Buckets": 65536, "Original Hash Buckets": 2048, "Hash Batches": 1, "Original Hash Batches": 1, "Peak Memory Usage": 3056, "Workers": [], "Plans": [{"Node Type": "Hash Join", "Parent Relationship": "Outer", "Parallel Aware": true, "Async Capable": false, "Join Type": "Inner", "Startup Cost": 15350.21, "Total Cost": 44764.91, "Plan Rows": 381, "Plan Width": 17, "Actual Rows": 5626, "Actual Loops": 7, "Inner Unique": false, "Hash Cond": "(mc.movie_id = mi_idx.movie_id)", "Workers": [], "Plans": [{"Node Type": "Seq Scan", "Parent Relationship": "Outer", "Parallel Aware": true, "Async Capable": false, "Relation Name": "movie_companies", "Alias": "mc", "Startup Cost": 0.0, "Total Cost": 29344.68, "Plan Rows": 18247, "Plan Width": 8, "Actual Rows": 8168, "Actual Loops": 7, "Filter": "((note)::text ~~ '%(2006)%'::text)", "Rows Removed by Filter": 364565, "Workers": []}, {"Node Type": "Hash", "Parent Relationship": "Inner", "Parallel Aware": true, "Async Capable": false, "Startup Cost": 15286.6, "Total Cost": 15286.6, "Plan Rows": 5089, "Plan Width": 9, "Actual Rows": 65704, "Actual Loops": 7, "Hash Buckets": 524288, "Original Hash Buckets": 16384, "Hash Batches": 1, "Original Hash Batches": 1, "Peak Memory Usage": 26368, "Workers": [], "Plans": [{"Node Type": "Hash Join", "Parent Relationship": "Outer", "Parallel Aware": false, "Async Capable": false, "Join Type": "Inner", "Startup Cost": 2.43, "Total Cost": 15286.6, "Plan Rows": 5089, "Plan Width": 9, "Actual Rows": 65704, "Actual Loops": 7, "Inner Unique": true, "Hash Cond": "(mi_idx.info_type_id = it2.id)", "Workers": [], "Plans": [{"Node Type": "Seq Scan", "Parent Relationship": "Outer", "Parallel Aware": true, "Async Capable": false, "Relation Name": "movie_info_idx", "Alias": "mi_idx", "Startup Cost": 0.0, "Total Cost": 13718.15, "Plan Rows": 575015, "Plan Width": 13, "Actual Rows": 197148, "Actual Loops": 7, "Workers": []}, {"Node Type": "Hash", "Parent Relationship": "Inner", "Parallel Aware": false, "Async Capable": false, "Startup Cost": 2.41, "Total Cost": 2.41, "Plan Rows": 1, "Plan Width": 4, "Actual Rows": 1, "Actual Loops": 7, "Hash Buckets": 1024, "Original Hash Buckets": 1024, "Hash Batches": 1, "Original Hash Batches": 1, "Peak Memory Usage": 9, "Workers": [], "Plans": [{"Node Type": "Seq Scan", "Parent Relationship": "Outer", "Parallel Aware": false, "Async Capable": false, "Relation Name": "info_type", "Alias": "it2", "Startup Cost": 0.0, "Total Cost": 2.41, "Plan Rows": 1, "Plan Width": 4, "Actual Rows": 1, "Actual Loops": 7, "Filter": "((info)::text = 'votes'::text)", "Rows Removed by Filter": 112, "Workers": []}]}]}]}]}]}]}, {"Node Type": "Index Scan", "Parent Relationship": "Inner", "Parallel Aware": false, "Async Capable": false, "Scan Direction": "Forward", "Index Name": "company_name_pkey", "Relation Name": "company_name", "Alias": "cn", "Startup Cost": 0.42, "Total Cost": 0.72, "Plan Rows": 1, "Plan Width": 4, "Actual Rows": 0, "Actual Loops": 115941, "Index Cond": "(id = mc.company_id)", "Rows Removed by Index Recheck": 0, "Filter": "((name)::text ~~ '%Film%'::text)", "Rows Removed by Filter": 1, "Workers": []}]}, {"Node Type": "Hash", "Parent Relationship": "Inner", "Parallel Aware": true, "Async Capable": false, "Startup Cost": 45757.07, "Total Cost": 45757.07, "Plan Rows": 33, "Plan Width": 4, "Actual Rows": 351, "Actual Loops": 7, "Hash Buckets": 1024, "Original Hash Buckets": 1024, "Hash Batches": 1, "Original Hash Batches": 1, "Peak Memory Usage": 232, "Workers": [], "Plans": [{"Node Type": "Hash Join", "Parent Relationship": "Outer", "Parallel Aware": false, "Async Capable": false, "Join Type": "Inner", "Startup Cost": 2852.88, "Total Cost": 45757.07, "Plan Rows": 33, "Plan Width": 4, "Actual Rows": 351, "Actual Loops": 7, "Inner Unique": true, "Hash Cond": "(mk.keyword_id = k.id)", "Workers": [], "Plans": [{"Node Type": "Seq Scan", "Parent Relationship": "Outer", "Parallel Aware": true, "Async Capable": false, "Relation Name": "movie_keyword", "Alias": "mk", "Startup Cost": 0.0, "Total Cost": 39073.32, "Plan Rows": 1459332, "Plan Width": 8, "Actual Rows": 646276, "Actual Loops": 7, "Workers": []}, {"Node Type": "Hash", "Parent Relationship": "Inner", "Parallel Aware": false, "Async Capable": false, "Startup Cost": 2852.84, "Total Cost": 2852.84, "Plan Rows": 3, "Plan Width": 4, "Actual Rows": 3, "Actual Loops": 7, "Hash Buckets": 1024, "Original Hash Buckets": 1024, "Hash Batches": 1, "Original Hash Batches": 1, "Peak Memory Usage": 9, "Workers": [], "Plans": [{"Node Type": "Seq Scan", "Parent Relationship": "Outer", "Parallel Aware": false, "Async Capable": false, "Relation Name": "keyword", "Alias": "k", "Startup Cost": 0.0, "Total Cost": 2852.84, "Plan Rows": 3, "Plan Width": 4, "Actual Rows": 3, "Actual Loops": 7, "Filter": "((keyword)::text = ANY ('{\"10,000-mile-club\",alienation,based-on-comic}'::text[]))", "Rows Removed by Filter": 134167, "Workers": []}]}]}]}]}, {"Node Type": "Index Scan", "Parent Relationship": "Inner", "Parallel Aware": false, "Async Capable": false, "Scan Direction": "Forward", "Index Name": "name_pkey", "Relation Name": "name", "Alias": "n", "Startup Cost": 0.43, "Total Cost": 0.56, "Plan Rows": 1, "Plan Width": 19, "Actual Rows": 1, "Actual Loops": 289, "Index Cond": "(id = ci.person_id)", "Rows Removed by Index Recheck": 0, "Workers": []}]}, {"Node Type": "Hash", "Parent Relationship": "Inner", "Parallel Aware": true, "Async Capable": false, "Startup Cost": 206591.71, "Total Cost": 206591.71, "Plan Rows": 24, "Plan Width": 68, "Actual Rows": 2172, "Actual Loops": 7, "Hash Buckets": 16384, "Original Hash Buckets": 1024, "Hash Batches": 1, "Original Hash Batches": 1, "Peak Memory Usage": 1432, "Workers": [], "Plans": [{"Node Type": "Nested Loop", "Parent Relationship": "Outer", "Parallel Aware": false, "Async Capable": false, "Join Type": "Inner", "Startup Cost": 2.86, "Total Cost": 206591.71, "Plan Rows": 24, "Plan Width": 68, "Actual Rows": 2172, "Actual Loops": 7, "Inner Unique": true, "Workers": [], "Plans": [{"Node Type": "Hash Join", "Parent Relationship": "Outer", "Parallel Aware": false, "Async Capable": false, "Join Type": "Inner", "Startup Cost": 2.43, "Total Cost": 206205.55, "Plan Rows": 151, "Plan Width": 47, "Actual Rows": 11632, "Actual Loops": 7, "Inner Unique": true, "Hash Cond": "(mi.info_type_id = it1.id)", "Workers": [], "Plans": [{"Node Type": "Seq Scan", "Parent Relationship": "Outer", "Parallel Aware": true, "Async Capable": false, "Relation Name": "movie_info", "Alias": "mi", "Startup Cost": 0.0, "Total Cost": 206156.59, "Plan Rows": 17087, "Plan Width": 51, "Actual Rows": 12078, "Actual Loops": 7, "Filter": "((info)::text = ANY ('{Action,American,Bulgaria,Crime}'::text[]))", "Rows Removed by Filter": 2107310, "Workers": []}, {"Node Type": "Hash", "Parent Relationship": "Inner", "Parallel Aware": false, "Async Capable": false, "Startup Cost": 2.41, "Total Cost": 2.41, "Plan Rows": 1, "Plan Width": 4, "Actual Rows": 1, "Actual Loops": 7, "Hash Buckets": 1024, "Original Hash Buckets": 1024, "Hash Batches": 1, "Original Hash Batches": 1, "Peak Memory Usage": 9, "Workers": [], "Plans": [{"Node Type": "Seq Scan", "Parent Relationship": "Outer", "Parallel Aware": false, "Async Capable": false, "Relation Name": "info_type", "Alias": "it1", "Startup Cost": 0.0, "Total Cost": 2.41, "Plan Rows": 1, "Plan Width": 4, "Actual Rows": 1, "Actual Loops": 7, "Filter": "((info)::text = 'genres'::text)", "Rows Removed by Filter": 112, "Workers": []}]}]}, {"Node Type": "Index Scan", "Parent Relationship": "Inner", "Parallel Aware": false, "Async Capable": false, "Scan Direction": "Forward", "Index Name": "title_pkey", "Relation Name": "title", "Alias": "t", "Startup Cost": 0.43, "Total Cost": 2.56, "Plan Rows": 1, "Plan Width": 21, "Actual Rows": 0, "Actual Loops": 81427, "Index Cond": "(id = mi.movie_id)", "Rows Removed by Index Recheck": 0, "Filter": "(production_year <= 1972)", "Rows Removed by Filter": 1, "Workers": []}]}]}]}]}]}]}, "Planning Time": 22.978, "Triggers": [], "Execution Time": 1671.541}, {"Plan": {"Node Type": "Aggregate", "Strategy": "Plain", "Partial Mode": "Finalize", "Parallel Aware": false, "Async Capable": false, "Startup Cost": 637184.79, "Total Cost": 637184.8, "Plan Rows": 1, "Plan Width": 128, "Actual Rows": 1, "Actual Loops": 1, "Plans": [{"Node Type": "Gather", "Parent Relationship": "Outer", "Parallel Aware": false, "Async Capable": false, "Startup Cost": 637184.56, "Total Cost": 637184.77, "Plan Rows": 2, "Plan Width": 128, "Actual Rows": 3, "Actual Loops": 1, "Workers Planned": 2, "Workers Launched": 2, "Single Copy": false, "Plans": [{"Node Type": "Aggregate", "Strategy": "Plain", "Partial Mode": "Partial", "Parent Relationship": "Outer", "Parallel Aware": false, "Async Capable": false, "Startup Cost": 636184.56, "Total Cost": 636184.57, "Plan Rows": 1, "Plan Width": 128, "Actual Rows": 1, "Actual Loops": 3, "Workers": [], "Plans": [{"Node Type": "Hash Join", "Parent Relationship": "Outer", "Parallel Aware": true, "Async Capable": false, "Join Type": "Inner", "Startup Cost": 620881.26, "Total Cost": 636184.55, "Plan Rows": 1, "Plan Width": 80, "Actual Rows": 2, "Actual Loops": 3, "Inner Unique": false, "Hash Cond": "(mi_idx.movie_id = t.id)", "Workers": [], "Plans": [{"Node Type": "Hash Join", "Parent Relationship": "Outer", "Parallel Aware": true, "Async Capable": false, "Join Type": "Inner", "Startup Cost": 45759.9, "Total Cost": 61063.17, "Plan Rows": 1, "Plan Width": 13, "Actual Rows": 601, "Actual Loops": 3, "Inner Unique": false, "Hash Cond": "(mi_idx.movie_id = mk.movie_id)", "Workers": [], "Plans": [{"Node Type": "Hash Join", "Parent Relationship": "Outer", "Parallel Aware": false, "Async Capable": false, "Join Type": "Inner", "Startup Cost": 2.43, "Total Cost": 15286.6, "Plan Rows": 5089, "Plan Width": 9, "Actual Rows": 153308, "Actual Loops": 3, "Inner Unique": true, "Hash Cond": "(mi_idx.info_type_id = it2.id)", "Workers": [], "Plans": [{"Node Type": "Seq Scan", "Parent Relationship": "Outer", "Parallel Aware": true, "Async Capable": false, "Relation Name": "movie_info_idx", "Alias": "mi_idx", "Startup Cost": 0.0, "Total Cost": 13718.15, "Plan Rows": 575015, "Plan Width": 13, "Actual Rows": 460012, "Actual Loops": 3, "Workers": []}, {"Node Type": "Hash", "Parent Relationship": "Inner", "Parallel Aware": false, "Async Capable": false, "Startup Cost": 2.41, "Total Cost": 2.41, "Plan Rows": 1, "Plan Width": 4, "Actual Rows": 1, "Actual Loops": 3, "Hash Buckets": 1024, "Original Hash Buckets": 1024, "Hash Batches": 1, "Original Hash Batches": 1, "Peak Memory Usage": 9, "Workers": [], "Plans": [{"Node Type": "Seq Scan", "Parent Relationship": "Outer", "Parallel Aware": false, "Async Capable": false, "Relation Name": "info_type", "Alias": "it2", "Startup Cost": 0.0, "Total Cost": 2.41, "Plan Rows": 1, "Plan Width": 4, "Actual Rows": 1, "Actual Loops": 3, "Filter": "((info)::text = 'votes'::text)", "Rows Removed by Filter": 112, "Workers": []}]}]}, {"Node Type": "Hash", "Parent Relationship": "Inner", "Parallel Aware": true, "Async Capable": false, "Startup Cost": 45757.07, "Total Cost": 45757.07, "Plan Rows": 33, "Plan Width": 4, "Actual Rows": 818, "Actual Loops": 3, "Hash Buckets": 1024, "Original Hash Buckets": 1024, "Hash Batches": 1, "Original Hash Batches": 1, "Peak Memory Usage": 136, "Workers": [], "Plans": [{"Node Type": "Hash Join", "Parent Relationship": "Outer", "Parallel Aware": false, "Async Capable": false, "Join Type": "Inner", "Startup Cost": 2852.88, "Total Cost": 45757.07, "Plan Rows": 33, "Plan Width": 4, "Actual Rows": 818, "Actual Loops": 3, "Inner Unique": true, "Hash Cond": "(mk.keyword_id = k.id)", "Workers": [], "Plans": [{"Node Type": "Seq Scan", "Parent Relationship": "Outer", "Parallel Aware": true, "Async Capable": false, "Relation Name": "movie_keyword", "Alias": "mk", "Startup Cost": 0.0, "Total Cost": 39073.32, "Plan Rows": 1459332, "Plan Width": 8, "Actual Rows": 1507977, "Actual Loops": 3, "Workers": []}, {"Node Type": "Hash", "Parent Relationship": "Inner", "Parallel Aware": false, "Async Capable": false, "Startup Cost": 2852.84, "Total Cost": 2852.84, "Plan Rows": 3, "Plan Width": 4, "Actual Rows": 3, "Actual Loops": 3, "Hash Buckets": 1024, "Original Hash Buckets": 1024, "Hash Batches": 1, "Original Hash Batches": 1, "Peak Memory Usage": 9, "Workers": [], "Plans": [{"Node Type": "Seq Scan", "Parent Relationship": "Outer", "Parallel Aware": false, "Async Capable": false, "Relation Name": "keyword", "Alias": "k", "Startup Cost": 0.0, "Total Cost": 2852.84, "Plan Rows": 3, "Plan Width": 4, "Actual Rows": 3, "Actual Loops": 3, "Filter": "((keyword)::text = ANY ('{\"10,000-mile-club\",alienation,based-on-comic}'::text[]))", "Rows Removed by Filter": 134167, "Workers": []}]}]}]}]}, {"Node Type": "Hash", "Parent Relationship": "Inner", "Parallel Aware": true, "Async Capable": false, "Startup Cost": 575121.35, "Total Cost": 575121.35, "Plan Rows": 1, "Plan Width": 91, "Actual Rows": 46, "Actual Loops": 3, "Hash Buckets": 1024, "Original Hash Buckets": 1024, "Hash Batches": 1, "Original Hash Batches": 1, "Peak Memory Usage": 104, "Workers": [], "Plans": [{"Node Type": "Nested Loop", "Parent Relationship": "Outer", "Parallel Aware": false, "Async Capable": false, "Join Type": "Inner", "Startup Cost": 236237.95, "Total Cost": 575121.35, "Plan Rows": 1, "Plan Width": 91, "Actual Rows": 46, "Actual Loops": 3, "Inner Unique": true, "Workers": [], "Plans": [{"Node Type": "Nested Loop", "Parent Relationship": "Outer", "Parallel Aware": false, "Async Capable": false, "Join Type": "Inner", "Startup Cost": 236237.52, "Total Cost": 575120.79, "Plan Rows": 1, "Plan Width": 80, "Actual Rows": 46, "Actual Loops": 3, "Inner Unique": true, "Workers": [], "Plans": [{"Node Type": "Nested Loop", "Parent Relationship": "Outer", "Parallel Aware": false, "Async Capable": false, "Join Type": "Inner", "Startup Cost": 236237.1, "Total Cost": 575118.63, "Plan Rows": 3, "Plan Width": 84, "Actual Rows": 311, "Actual Loops": 3, "Inner Unique": true, "Join Filter": "(t.id = mi.movie_id)", "Rows Removed by Join Filter": 0, "Workers": [], "Plans": [{"Node Type": "Hash Join", "Parent Relationship": "Outer", "Parallel Aware": true, "Async Capable": false, "Join Type": "Inner", "Startup Cost": 236236.67, "Total Cost": 575110.08, "Plan Rows": 16, "Plan Width": 63, "Actual Rows": 8248, "Actual Loops": 3, "Inner Unique": false, "Hash Cond": "(ci.movie_id = mi.movie_id)", "Workers": [], "Plans": [{"Node Type": "Seq Scan", "Parent Relationship": "Outer", "Parallel Aware": true, "Async Capable": false, "Relation Name": "cast_info", "Alias": "ci", "Startup Cost": 0.0, "Total Cost": 335756.3, "Plan Rows": 415604, "Plan Width": 8, "Actual Rows": 812789, "Actual Loops": 3, "Filter": "((note)::text = ANY ('{\"(executive producer)\",\"(head writer)\",(producer)}'::text[]))", "Rows Removed by Filter": 11268659, "Workers": []}, {"Node Type": "Hash", "Parent Relationship": "Inner", "Parallel Aware": true, "Async Capable": false, "Startup Cost": 236236.42, "Total Cost": 236236.42, "Plan Rows": 20, "Plan Width": 55, "Actual Rows": 2809, "Actual Loops": 3, "Hash Buckets": 8192, "Original Hash Buckets": 1024, "Hash Batches": 1, "Original Hash Batches": 1, "Peak Memory Usage": 632, "Workers": [], "Plans": [{"Node Type": "Hash Join", "Parent Relationship": "Outer", "Parallel Aware": true, "Async Capable": false, "Join Type": "Inner", "Startup Cost": 206207.44, "Total Cost": 236236.42, "Plan Rows": 20, "Plan Width": 55, "Actual Rows": 2809, "Actual Loops": 3, "Inner Unique": false, "Hash Cond": "(mc.movie_id = mi.movie_id)", "Workers": [], "Plans": [{"Node Type": "Seq Scan", "Parent Relationship": "Outer", "Parallel Aware": true, "Async Capable": false, "Relation Name": "movie_companies", "Alias": "mc", "Startup Cost": 0.0, "Total Cost": 29344.68, "Plan Rows": 18247, "Plan Width": 8, "Actual Rows": 19058, "Actual Loops": 3, "Filter": "((note)::text ~~ '%(2006)%'::text)", "Rows Removed by Filter": 850652, "Workers": []}, {"Node Type": "Hash", "Parent Relationship": "Inner", "Parallel Aware": true, "Async Capable": false, "Startup Cost": 206205.55, "Total Cost": 206205.55, "Plan Rows": 151, "Plan Width": 47, "Actual Rows": 27142, "Actual Loops": 3, "Hash Buckets": 131072, "Original Hash Buckets": 1024, "Hash Batches": 1, "Original Hash Batches": 1, "Peak Memory Usage": 5912, "Workers": [], "Plans": [{"Node Type": "Hash Join", "Parent Relationship": "Outer", "Parallel Aware": false, "Async Capable": false, "Join Type": "Inner", "Startup Cost": 2.43, "Total Cost": 206205.55, "Plan Rows": 151, "Plan Width": 47, "Actual Rows": 27142, "Actual Loops": 3, "Inner Unique": true, "Hash Cond": "(mi.info_type_id = it1.id)", "Workers": [], "Plans": [{"Node Type": "Seq Scan", "Parent Relationship": "Outer", "Parallel Aware": true, "Async Capable": false, "Relation Name": "movie_info", "Alias": "mi", "Startup Cost": 0.0, "Total Cost": 206156.59, "Plan Rows": 17087, "Plan Width": 51, "Actual Rows": 28182, "Actual Loops": 3, "Filter": "((info)::text = ANY ('{Action,American,Bulgaria,Crime}'::text[]))", "Rows Removed by Filter": 4917058, "Workers": []}, {"Node Type": "Hash", "Parent Relationship": "Inner", "Parallel Aware": false, "Async Capable": false, "Startup Cost": 2.41, "Total Cost": 2.41, "Plan Rows": 1, "Plan Width": 4, "Actual Rows": 1, "Actual Loops": 3, "Hash Buckets": 1024, "Original Hash Buckets": 1024, "Hash Batches": 1, "Original Hash Batches": 1, "Peak Memory Usage": 9, "Workers": [], "Plans": [{"Node Type": "Seq Scan", "Parent Relationship": "Outer", "Parallel Aware": false, "Async Capable": false, "Relation Name": "info_type", "Alias": "it1", "Startup Cost": 0.0, "Total Cost": 2.41, "Plan Rows": 1, "Plan Width": 4, "Actual Rows": 1, "Actual Loops": 3, "Filter": "((info)::text = 'genres'::text)", "Rows Removed by Filter": 112, "Workers": []}]}]}]}]}]}]}, {"Node Type": "Index Scan", "Parent Relationship": "Inner", "Parallel Aware": false, "Async Capable": false, "Scan Direction": "Forward", "Index Name": "title_pkey", "Relation Name": "title", "Alias": "t", "Startup Cost": 0.43, "Total Cost": 0.52, "Plan Rows": 1, "Plan Width": 21, "Actual Rows": 0, "Actual Loops": 24743, "Index Cond": "(id = ci.movie_id)", "Rows Removed by Index Recheck": 0, "Filter": "(production_year <= 1972)", "Rows Removed by Filter": 1, "Workers": []}]}, {"Node Type": "Index Scan", "Parent Relationship": "Inner", "Parallel Aware": false, "Async Capable": false, "Scan Direction": "Forward", "Index Name": "company_name_pkey", "Relation Name": "company_name", "Alias": "cn", "Startup Cost": 0.42, "Total Cost": 0.72, "Plan Rows": 1, "Plan Width": 4, "Actual Rows": 0, "Actual Loops": 933, "Index Cond": "(id = mc.company_id)", "Rows Removed by Index Recheck": 0, "Filter": "((name)::text ~~ '%Film%'::text)", "Rows Removed by Filter": 1, "Workers": []}]}, {"Node Type": "Index Scan", "Parent Relationship": "Inner", "Parallel Aware": false, "Async Capable": false, "Scan Direction": "Forward", "Index Name": "name_pkey", "Relation Name": "name", "Alias": "n", "Startup Cost": 0.43, "Total Cost": 0.56, "Plan Rows": 1, "Plan Width": 19, "Actual Rows": 1, "Actual Loops": 137, "Index Cond": "(id = ci.person_id)", "Rows Removed by Index Recheck": 0, "Workers": []}]}]}]}]}]}]}, "Planning Time": 23.71, "Triggers": [], "Execution Time": 3809.719}, {"Plan": {"Node Type": "Aggregate", "Strategy": "Plain", "Partial Mode": "Finalize", "Parallel Aware": false, "Async Capable": false, "Startup Cost": 637187.78, "Total Cost": 637187.79, "Plan Rows": 1, "Plan Width": 128, "Actual Rows": 1, "Actual Loops": 1, "Plans": [{"Node Type": "Gather", "Parent Relationship": "Outer", "Parallel Aware": false, "Async Capable": false, "Startup Cost": 637187.55, "Total Cost": 637187.76, "Plan Rows": 2, "Plan Width": 128, "Actual Rows": 3, "Actual Loops": 1, "Workers Planned": 2, "Workers Launched": 2, "Single Copy": false, "Plans": [{"Node Type": "Aggregate", "Strategy": "Plain", "Partial Mode": "Partial", "Parent Relationship": "Outer", "Parallel Aware": false, "Async Capable": false, "Startup Cost": 636187.55, "Total Cost": 636187.56, "Plan Rows": 1, "Plan Width": 128, "Actual Rows": 1, "Actual Loops": 3, "Workers": [], "Plans": [{"Node Type": "Hash Join", "Parent Relationship": "Outer", "Parallel Aware": true, "Async Capable": false, "Join Type": "Inner", "Startup Cost": 620884.19, "Total Cost": 636187.54, "Plan Rows": 1, "Plan Width": 80, "Actual Rows": 2, "Actual Loops": 3, "Inner Unique": false, "Hash Cond": "(t.id = mi.movie_id)", "Workers": [], "Plans": [{"Node Type": "Nested Loop", "Parent Relationship": "Outer", "Parallel Aware": false, "Async Capable": false, "Join Type": "Inner", "Startup Cost": 45760.33, "Total Cost": 61063.68, "Plan Rows": 1, "Plan Width": 34, "Actual Rows": 100, "Actual Loops": 3, "Inner Unique": true, "Join Filter": "(t.id = mi_idx.movie_id)", "Rows Removed by Join Filter": 0, "Workers": [], "Plans": [{"Node Type": "Hash Join", "Parent Relationship": "Outer", "Parallel Aware": true, "Async Capable": false, "Join Type": "Inner", "Startup Cost": 45759.9, "Total Cost": 61063.17, "Plan Rows": 1, "Plan Width": 13, "Actual Rows": 601, "Actual Loops": 3, "Inner Unique": false, "Hash Cond": "(mi_idx.movie_id = mk.movie_id)", "Workers": [], "Plans": [{"Node Type": "Hash Join", "Parent Relationship": "Outer", "Parallel Aware": false, "Async Capable": false, "Join Type": "Inner", "Startup Cost": 2.43, "Total Cost": 15286.6, "Plan Rows": 5089, "Plan Width": 9, "Actual Rows": 153308, "Actual Loops": 3, "Inner Unique": true, "Hash Cond": "(mi_idx.info_type_id = it2.id)", "Workers": [], "Plans": [{"Node Type": "Seq Scan", "Parent Relationship": "Outer", "Parallel Aware": true, "Async Capable": false, "Relation Name": "movie_info_idx", "Alias": "mi_idx", "Startup Cost": 0.0, "Total Cost": 13718.15, "Plan Rows": 575015, "Plan Width": 13, "Actual Rows": 460012, "Actual Loops": 3, "Workers": []}, {"Node Type": "Hash", "Parent Relationship": "Inner", "Parallel Aware": false, "Async Capable": false, "Startup Cost": 2.41, "Total Cost": 2.41, "Plan Rows": 1, "Plan Width": 4, "Actual Rows": 1, "Actual Loops": 3, "Hash Buckets": 1024, "Original Hash Buckets": 1024, "Hash Batches": 1, "Original Hash Batches": 1, "Peak Memory Usage": 9, "Workers": [], "Plans": [{"Node Type": "Seq Scan", "Parent Relationship": "Outer", "Parallel Aware": false, "Async Capable": false, "Relation Name": "info_type", "Alias": "it2", "Startup Cost": 0.0, "Total Cost": 2.41, "Plan Rows": 1, "Plan Width": 4, "Actual Rows": 1, "Actual Loops": 3, "Filter": "((info)::text = 'votes'::text)", "Rows Removed by Filter": 112, "Workers": []}]}]}, {"Node Type": "Hash", "Parent Relationship": "Inner", "Parallel Aware": true, "Async Capable": false, "Startup Cost": 45757.07, "Total Cost": 45757.07, "Plan Rows": 33, "Plan Width": 4, "Actual Rows": 818, "Actual Loops": 3, "Hash Buckets": 1024, "Original Hash Buckets": 1024, "Hash Batches": 1, "Original Hash Batches": 1, "Peak Memory Usage": 136, "Workers": [], "Plans": [{"Node Type": "Hash Join", "Parent Relationship": "Outer", "Parallel Aware": false, "Async Capable": false, "Join Type": "Inner", "Startup Cost": 2852.88, "Total Cost": 45757.07, "Plan Rows": 33, "Plan Width": 4, "Actual Rows": 818, "Actual Loops": 3, "Inner Unique": true, "Hash Cond": "(mk.keyword_id = k.id)", "Workers": [], "Plans": [{"Node Type": "Seq Scan", "Parent Relationship": "Outer", "Parallel Aware": true, "Async Capable": false, "Relation Name": "movie_keyword", "Alias": "mk", "Startup Cost": 0.0, "Total Cost": 39073.32, "Plan Rows": 1459332, "Plan Width": 8, "Actual Rows": 1507977, "Actual Loops": 3, "Workers": []}, {"Node Type": "Hash", "Parent Relationship": "Inner", "Parallel Aware": false, "Async Capable": false, "Startup Cost": 2852.84, "Total Cost": 2852.84, "Plan Rows": 3, "Plan Width": 4, "Actual Rows": 3, "Actual Loops": 3, "Hash Buckets": 1024, "Original Hash Buckets": 1024, "Hash Batches": 1, "Original Hash Batches": 1, "Peak Memory Usage": 9, "Workers": [], "Plans": [{"Node Type": "Seq Scan", "Parent Relationship": "Outer", "Parallel Aware": false, "Async Capable": false, "Relation Name": "keyword", "Alias": "k", "Startup Cost": 0.0, "Total Cost": 2852.84, "Plan Rows": 3, "Plan Width": 4, "Actual Rows": 3, "Actual Loops": 3, "Filter": "((keyword)::text = ANY ('{\"10,000-mile-club\",alienation,based-on-comic}'::text[]))", "Rows Removed by Filter": 134167, "Workers": []}]}]}]}]}, {"Node Type": "Index Scan", "Parent Relationship": "Inner", "Parallel Aware": false, "Async Capable": false, "Scan Direction": "Forward", "Index Name": "title_pkey", "Relation Name": "title", "Alias": "t", "Startup Cost": 0.43, "Total Cost": 0.49, "Plan Rows": 1, "Plan Width": 21, "Actual Rows": 0, "Actual Loops": 1803, "Index Cond": "(id = mk.movie_id)", "Rows Removed by Index Recheck": 0, "Filter": "(production_year <= 1972)", "Rows Removed by Filter": 1, "Workers": []}]}, {"Node Type": "Hash", "Parent Relationship": "Inner", "Parallel Aware": true, "Async Capable": false, "Startup Cost": 575123.8, "Total Cost": 575123.8, "Plan Rows": 4, "Plan Width": 70, "Actual Rows": 1589, "Actual Loops": 3, "Hash Buckets": 8192, "Original Hash Buckets": 1024, "Hash Batches": 1, "Original Hash Batches": 1, "Peak Memory Usage": 504, "Workers": [], "Plans": [{"Node Type": "Nested Loop", "Parent Relationship": "Outer", "Parallel Aware": false, "Async Capable": false, "Join Type": "Inner", "Startup Cost": 236237.52, "Total Cost": 575123.8, "Plan Rows": 4, "Plan Width": 70, "Actual Rows": 1589, "Actual Loops": 3, "Inner Unique": true, "Workers": [], "Plans": [{"Node Type": "Nested Loop", "Parent Relationship": "Outer", "Parallel Aware": false, "Async Capable": false, "Join Type": "Inner", "Startup Cost": 236237.09, "Total Cost": 575121.56, "Plan Rows": 4, "Plan Width": 59, "Actual Rows": 1589, "Actual Loops": 3, "Inner Unique": true, "Workers": [], "Plans": [{"Node Type": "Hash Join", "Parent Relationship": "Outer", "Parallel Aware": true, "Async Capable": false, "Join Type": "Inner", "Startup Cost": 236236.67, "Total Cost": 575110.08, "Plan Rows": 16, "Plan Width": 63, "Actual Rows": 8248, "Actual Loops": 3, "Inner Unique": false, "Hash Cond": "(ci.movie_id = mi.movie_id)", "Workers": [], "Plans": [{"Node Type": "Seq Scan", "Parent Relationship": "Outer", "Parallel Aware": true, "Async Capable": false, "Relation Name": "cast_info", "Alias": "ci", "Startup Cost": 0.0, "Total Cost": 335756.3, "Plan Rows": 415604, "Plan Width": 8, "Actual Rows": 812789, "Actual Loops": 3, "Filter": "((note)::text = ANY ('{\"(executive producer)\",\"(head writer)\",(producer)}'::text[]))", "Rows Removed by Filter": 11268659, "Workers": []}, {"Node Type": "Hash", "Parent Relationship": "Inner", "Parallel Aware": true, "Async Capable": false, "Startup Cost": 236236.42, "Total Cost": 236236.42, "Plan Rows": 20, "Plan Width": 55, "Actual Rows": 2809, "Actual Loops": 3, "Hash Buckets": 8192, "Original Hash Buckets": 1024, "Hash Batches": 1, "Original Hash Batches": 1, "Peak Memory Usage": 632, "Workers": [], "Plans": [{"Node Type": "Hash Join", "Parent Relationship": "Outer", "Parallel Aware": true, "Async Capable": false, "Join Type": "Inner", "Startup Cost": 206207.44, "Total Cost": 236236.42, "Plan Rows": 20, "Plan Width": 55, "Actual Rows": 2809, "Actual Loops": 3, "Inner Unique": false, "Hash Cond": "(mc.movie_id = mi.movie_id)", "Workers": [], "Plans": [{"Node Type": "Seq Scan", "Parent Relationship": "Outer", "Parallel Aware": true, "Async Capable": false, "Relation Name": "movie_companies", "Alias": "mc", "Startup Cost": 0.0, "Total Cost": 29344.68, "Plan Rows": 18247, "Plan Width": 8, "Actual Rows": 19058, "Actual Loops": 3, "Filter": "((note)::text ~~ '%(2006)%'::text)", "Rows Removed by Filter": 850652, "Workers": []}, {"Node Type": "Hash", "Parent Relationship": "Inner", "Parallel Aware": true, "Async Capable": false, "Startup Cost": 206205.55, "Total Cost": 206205.55, "Plan Rows": 151, "Plan Width": 47, "Actual Rows": 27142, "Actual Loops": 3, "Hash Buckets": 131072, "Original Hash Buckets": 1024, "Hash Batches": 1, "Original Hash Batches": 1, "Peak Memory Usage": 5912, "Workers": [], "Plans": [{"Node Type": "Hash Join", "Parent Relationship": "Outer", "Parallel Aware": false, "Async Capable": false, "Join Type": "Inner", "Startup Cost": 2.43, "Total Cost": 206205.55, "Plan Rows": 151, "Plan Width": 47, "Actual Rows": 27142, "Actual Loops": 3, "Inner Unique": true, "Hash Cond": "(mi.info_type_id = it1.id)", "Workers": [], "Plans": [{"Node Type": "Seq Scan", "Parent Relationship": "Outer", "Parallel Aware": true, "Async Capable": false, "Relation Name": "movie_info", "Alias": "mi", "Startup Cost": 0.0, "Total Cost": 206156.59, "Plan Rows": 17087, "Plan Width": 51, "Actual Rows": 28182, "Actual Loops": 3, "Filter": "((info)::text = ANY ('{Action,American,Bulgaria,Crime}'::text[]))", "Rows Removed by Filter": 4917058, "Workers": []}, {"Node Type": "Hash", "Parent Relationship": "Inner", "Parallel Aware": false, "Async Capable": false, "Startup Cost": 2.41, "Total Cost": 2.41, "Plan Rows": 1, "Plan Width": 4, "Actual Rows": 1, "Actual Loops": 3, "Hash Buckets": 1024, "Original Hash Buckets": 1024, "Hash Batches": 1, "Original Hash Batches": 1, "Peak Memory Usage": 9, "Workers": [], "Plans": [{"Node Type": "Seq Scan", "Parent Relationship": "Outer", "Parallel Aware": false, "Async Capable": false, "Relation Name": "info_type", "Alias": "it1", "Startup Cost": 0.0, "Total Cost": 2.41, "Plan Rows": 1, "Plan Width": 4, "Actual Rows": 1, "Actual Loops": 3, "Filter": "((info)::text = 'genres'::text)", "Rows Removed by Filter": 112, "Workers": []}]}]}]}]}]}]}, {"Node Type": "Index Scan", "Parent Relationship": "Inner", "Parallel Aware": false, "Async Capable": false, "Scan Direction": "Forward", "Index Name": "company_name_pkey", "Relation Name": "company_name", "Alias": "cn", "Startup Cost": 0.42, "Total Cost": 0.72, "Plan Rows": 1, "Plan Width": 4, "Actual Rows": 0, "Actual Loops": 24743, "Index Cond": "(id = mc.company_id)", "Rows Removed by Index Recheck": 0, "Filter": "((name)::text ~~ '%Film%'::text)", "Rows Removed by Filter": 1, "Workers": []}]}, {"Node Type": "Index Scan", "Parent Relationship": "Inner", "Parallel Aware": false, "Async Capable": false, "Scan Direction": "Forward", "Index Name": "name_pkey", "Relation Name": "name", "Alias": "n", "Startup Cost": 0.43, "Total Cost": 0.56, "Plan Rows": 1, "Plan Width": 19, "Actual Rows": 1, "Actual Loops": 4766, "Index Cond": "(id = ci.person_id)", "Rows Removed by Index Recheck": 0, "Workers": []}]}]}]}]}]}]}, "Planning Time": 23.85, "Triggers": [], "Execution Time": 4564.596}, {"Plan": {"Node Type": "Aggregate", "Strategy": "Plain", "Partial Mode": "Finalize", "Parallel Aware": false, "Async Capable": false, "Startup Cost": 635046.13, "Total Cost": 635046.14, "Plan Rows": 1, "Plan Width": 128, "Actual Rows": 1, "Actual Loops": 1, "Plans": [{"Node Type": "Gather", "Parent Relationship": "Outer", "Parallel Aware": false, "Async Capable": false, "Startup Cost": 635045.46, "Total Cost": 635046.07, "Plan Rows": 6, "Plan Width": 128, "Actual Rows": 7, "Actual Loops": 1, "Workers Planned": 6, "Workers Launched": 6, "Single Copy": false, "Plans": [{"Node Type": "Aggregate", "Strategy": "Plain", "Partial Mode": "Partial", "Parent Relationship": "Outer", "Parallel Aware": false, "Async Capable": false, "Startup Cost": 634045.46, "Total Cost": 634045.47, "Plan Rows": 1, "Plan Width": 128, "Actual Rows": 1, "Actual Loops": 7, "Workers": [], "Plans": [{"Node Type": "Hash Join", "Parent Relationship": "Outer", "Parallel Aware": true, "Async Capable": false, "Join Type": "Inner", "Startup Cost": 296729.57, "Total Cost": 634045.45, "Plan Rows": 1, "Plan Width": 80, "Actual Rows": 1, "Actual Loops": 7, "Inner Unique": false, "Hash Cond": "(t.id = mi_idx.movie_id)", "Workers": [], "Plans": [{"Node Type": "Nested Loop", "Parent Relationship": "Outer", "Parallel Aware": false, "Async Capable": false, "Join Type": "Inner", "Startup Cost": 281379.35, "Total Cost": 618695.23, "Plan Rows": 1, "Plan Width": 95, "Actual Rows": 1, "Actual Loops": 7, "Inner Unique": true, "Workers": [], "Plans": [{"Node Type": "Hash Join", "Parent Relationship": "Outer", "Parallel Aware": true, "Async Capable": false, "Join Type": "Inner", "Startup Cost": 281378.92, "Total Cost": 618694.66, "Plan Rows": 1, "Plan Width": 84, "Actual Rows": 1, "Actual Loops": 7, "Inner Unique": false, "Hash Cond": "(t.id = mi.movie_id)", "Workers": [], "Plans": [{"Node Type": "Nested Loop", "Parent Relationship": "Outer", "Parallel Aware": false, "Async Capable": false, "Join Type": "Inner", "Startup Cost": 75171.48, "Total Cost": 412487.18, "Plan Rows": 1, "Plan Width": 37, "Actual Rows": 1, "Actual Loops": 7, "Inner Unique": true, "Workers": [], "Plans": [{"Node Type": "Nested Loop", "Parent Relationship": "Outer", "Parallel Aware": false, "Async Capable": false, "Join Type": "Inner", "Startup Cost": 75171.06, "Total Cost": 412486.46, "Plan Rows": 1, "Plan Width": 41, "Actual Rows": 6, "Actual Loops": 7, "Inner Unique": true, "Join Filter": "(t.id = ci.movie_id)", "Rows Removed by Join Filter": 0, "Workers": [], "Plans": [{"Node Type": "Hash Join", "Parent Relationship": "Outer", "Parallel Aware": true, "Async Capable": false, "Join Type": "Inner", "Startup Cost": 75170.63, "Total Cost": 412485.45, "Plan Rows": 2, "Plan Width": 20, "Actual Rows": 216, "Actual Loops": 7, "Inner Unique": false, "Hash Cond": "(ci.movie_id = mk.movie_id)", "Workers": [], "Plans": [{"Node Type": "Seq Scan", "Parent Relationship": "Outer", "Parallel Aware": true, "Async Capable": false, "Relation Name": "cast_info", "Alias": "ci", "Startup Cost": 0.0, "Total Cost": 335756.3, "Plan Rows": 415604, "Plan Width": 8, "Actual Rows": 348338, "Actual Loops": 7, "Filter": "((note)::text = ANY ('{\"(executive producer)\",\"(head writer)\",(producer)}'::text[]))", "Rows Removed by Filter": 4829425, "Workers": []}, {"Node Type": "Hash", "Parent Relationship": "Inner", "Parallel Aware": true, "Async Capable": false, "Startup Cost": 75170.6, "Total Cost": 75170.6, "Plan Rows": 3, "Plan Width": 12, "Actual Rows": 69, "Actual Loops": 7, "Hash Buckets": 1024, "Original Hash Buckets": 1024, "Hash Batches": 1, "Original Hash Batches": 1, "Peak Memory Usage": 232, "Workers": [], "Plans": [{"Node Type": "Hash Join", "Parent Relationship": "Outer", "Parallel Aware": true, "Async Capable": false, "Join Type": "Inner", "Startup Cost": 45757.48, "Total Cost": 75170.6, "Plan Rows": 3, "Plan Width": 12, "Actual Rows": 69, "Actual Loops": 7, "Inner Unique": false, "Hash Cond": "(mc.movie_id = mk.movie_id)", "Workers": [], "Plans": [{"Node Type": "Seq Scan", "Parent Relationship": "Outer", "Parallel Aware": true, "Async Capable": false, "Relation Name": "movie_companies", "Alias": "mc", "Startup Cost": 0.0, "Total Cost": 29344.68, "Plan Rows": 18247, "Plan Width": 8, "Actual Rows": 8168, "Actual Loops": 7, "Filter": "((note)::text ~~ '%(2006)%'::text)", "Rows Removed by Filter": 364565, "Workers": []}, {"Node Type": "Hash", "Parent Relationship": "Inner", "Parallel Aware": true, "Async Capable": false, "Startup Cost": 45757.07, "Total Cost": 45757.07, "Plan Rows": 33, "Plan Width": 4, "Actual Rows": 351, "Actual Loops": 7, "Hash Buckets": 1024, "Original Hash Buckets": 1024, "Hash Batches": 1, "Original Hash Batches": 1, "Peak Memory Usage": 232, "Workers": [], "Plans": [{"Node Type": "Hash Join", "Parent Relationship": "Outer", "Parallel Aware": false, "Async Capable": false, "Join Type": "Inner", "Startup Cost": 2852.88, "Total Cost": 45757.07, "Plan Rows": 33, "Plan Width": 4, "Actual Rows": 351, "Actual Loops": 7, "Inner Unique": true, "Hash Cond": "(mk.keyword_id = k.id)", "Workers": [], "Plans": [{"Node Type": "Seq Scan", "Parent Relationship": "Outer", "Parallel Aware": true, "Async Capable": false, "Relation Name": "movie_keyword", "Alias": "mk", "Startup Cost": 0.0, "Total Cost": 39073.32, "Plan Rows": 1459332, "Plan Width": 8, "Actual Rows": 646276, "Actual Loops": 7, "Workers": []}, {"Node Type": "Hash", "Parent Relationship": "Inner", "Parallel Aware": false, "Async Capable": false, "Startup Cost": 2852.84, "Total Cost": 2852.84, "Plan Rows": 3, "Plan Width": 4, "Actual Rows": 3, "Actual Loops": 7, "Hash Buckets": 1024, "Original Hash Buckets": 1024, "Hash Batches": 1, "Original Hash Batches": 1, "Peak Memory Usage": 9, "Workers": [], "Plans": [{"Node Type": "Seq Scan", "Parent Relationship": "Outer", "Parallel Aware": false, "Async Capable": false, "Relation Name": "keyword", "Alias": "k", "Startup Cost": 0.0, "Total Cost": 2852.84, "Plan Rows": 3, "Plan Width": 4, "Actual Rows": 3, "Actual Loops": 7, "Filter": "((keyword)::text = ANY ('{\"10,000-mile-club\",alienation,based-on-comic}'::text[]))", "Rows Removed by Filter": 134167, "Workers": []}]}]}]}]}]}]}, {"Node Type": "Index Scan", "Parent Relationship": "Inner", "Parallel Aware": false, "Async Capable": false, "Scan Direction": "Forward", "Index Name": "title_pkey", "Relation Name": "title", "Alias": "t", "Startup Cost": 0.43, "Total Cost": 0.49, "Plan Rows": 1, "Plan Width": 21, "Actual Rows": 0, "Actual Loops": 1511, "Index Cond": "(id = mk.movie_id)", "Rows Removed by Index Recheck": 0, "Filter": "(production_year <= 1972)", "Rows Removed by Filter": 1, "Workers": []}]}, {"Node Type": "Index Scan", "Parent Relationship": "Inner", "Parallel Aware": false, "Async Capable": false, "Scan Direction": "Forward", "Index Name": "company_name_pkey", "Relation Name": "company_name", "Alias": "cn", "Startup Cost": 0.42, "Total Cost": 0.72, "Plan Rows": 1, "Plan Width": 4, "Actual Rows": 0, "Actual Loops": 42, "Index Cond": "(id = mc.company_id)", "Rows Removed by Index Recheck": 0, "Filter": "((name)::text ~~ '%Film%'::text)", "Rows Removed by Filter": 1, "Workers": []}]}, {"Node Type": "Hash", "Parent Relationship": "Inner", "Parallel Aware": true, "Async Capable": false, "Startup Cost": 206205.55, "Total Cost": 206205.55, "Plan Rows": 151, "Plan Width": 47, "Actual Rows": 11632, "Actual Loops": 7, "Hash Buckets": 131072, "Original Hash Buckets": 1024, "Hash Batches": 1, "Original Hash Batches": 1, "Peak Memory Usage": 6008, "Workers": [], "Plans": [{"Node Type": "Hash Join", "Parent Relationship": "Outer", "Parallel Aware": false, "Async Capable": false, "Join Type": "Inner", "Startup Cost": 2.43, "Total Cost": 206205.55, "Plan Rows": 151, "Plan Width": 47, "Actual Rows": 11632, "Actual Loops": 7, "Inner Unique": true, "Hash Cond": "(mi.info_type_id = it1.id)", "Workers": [], "Plans": [{"Node Type": "Seq Scan", "Parent Relationship": "Outer", "Parallel Aware": true, "Async Capable": false, "Relation Name": "movie_info", "Alias": "mi", "Startup Cost": 0.0, "Total Cost": 206156.59, "Plan Rows": 17087, "Plan Width": 51, "Actual Rows": 12078, "Actual Loops": 7, "Filter": "((info)::text = ANY ('{Action,American,Bulgaria,Crime}'::text[]))", "Rows Removed by Filter": 2107310, "Workers": []}, {"Node Type": "Hash", "Parent Relationship": "Inner", "Parallel Aware": false, "Async Capable": false, "Startup Cost": 2.41, "Total Cost": 2.41, "Plan Rows": 1, "Plan Width": 4, "Actual Rows": 1, "Actual Loops": 7, "Hash Buckets": 1024, "Original Hash Buckets": 1024, "Hash Batches": 1, "Original Hash Batches": 1, "Peak Memory Usage": 9, "Workers": [], "Plans": [{"Node Type": "Seq Scan", "Parent Relationship": "Outer", "Parallel Aware": false, "Async Capable": false, "Relation Name": "info_type", "Alias": "it1", "Startup Cost": 0.0, "Total Cost": 2.41, "Plan Rows": 1, "Plan Width": 4, "Actual Rows": 1, "Actual Loops": 7, "Filter": "((info)::text = 'genres'::text)", "Rows Removed by Filter": 112, "Workers": []}]}]}]}]}, {"Node Type": "Index Scan", "Parent Relationship": "Inner", "Parallel Aware": false, "Async Capable": false, "Scan Direction": "Forward", "Index Name": "name_pkey", "Relation Name": "name", "Alias": "n", "Startup Cost": 0.43, "Total Cost": 0.56, "Plan Rows": 1, "Plan Width": 19, "Actual Rows": 1, "Actual Loops": 6, "Index Cond": "(id = ci.person_id)", "Rows Removed by Index Recheck": 0, "Workers": []}]}, {"Node Type": "Hash", "Parent Relationship": "Inner", "Parallel Aware": true, "Async Capable": false, "Startup Cost": 15286.6, "Total Cost": 15286.6, "Plan Rows": 5089, "Plan Width": 9, "Actual Rows": 65704, "Actual Loops": 7, "Hash Buckets": 524288, "Original Hash Buckets": 16384, "Hash Batches": 1, "Original Hash Batches": 1, "Peak Memory Usage": 26368, "Workers": [], "Plans": [{"Node Type": "Hash Join", "Parent Relationship": "Outer", "Parallel Aware": false, "Async Capable": false, "Join Type": "Inner", "Startup Cost": 2.43, "Total Cost": 15286.6, "Plan Rows": 5089, "Plan Width": 9, "Actual Rows": 65704, "Actual Loops": 7, "Inner Unique": true, "Hash Cond": "(mi_idx.info_type_id = it2.id)", "Workers": [], "Plans": [{"Node Type": "Seq Scan", "Parent Relationship": "Outer", "Parallel Aware": true, "Async Capable": false, "Relation Name": "movie_info_idx", "Alias": "mi_idx", "Startup Cost": 0.0, "Total Cost": 13718.15, "Plan Rows": 575015, "Plan Width": 13, "Actual Rows": 197148, "Actual Loops": 7, "Workers": []}, {"Node Type": "Hash", "Parent Relationship": "Inner", "Parallel Aware": false, "Async Capable": false, "Startup Cost": 2.41, "Total Cost": 2.41, "Plan Rows": 1, "Plan Width": 4, "Actual Rows": 1, "Actual Loops": 7, "Hash Buckets": 1024, "Original Hash Buckets": 1024, "Hash Batches": 1, "Original Hash Batches": 1, "Peak Memory Usage": 9, "Workers": [], "Plans": [{"Node Type": "Seq Scan", "Parent Relationship": "Outer", "Parallel Aware": false, "Async Capable": false, "Relation Name": "info_type", "Alias": "it2", "Startup Cost": 0.0, "Total Cost": 2.41, "Plan Rows": 1, "Plan Width": 4, "Actual Rows": 1, "Actual Loops": 7, "Filter": "((info)::text = 'votes'::text)", "Rows Removed by Filter": 112, "Workers": []}]}]}]}]}]}]}]}, "Planning Time": 23.406, "Triggers": [], "Execution Time": 1406.767}]