[{"Plan": {"Node Type": "Aggregate", "Strategy": "Plain", "Partial Mode": "Simple", "Parallel Aware": false, "Async Capable": false, "Startup Cost": 4067.48, "Total Cost": 4067.49, "Plan Rows": 1, "Plan Width": 8, "Actual Rows": 1, "Actual Loops": 1, "Plans": [{"Node Type": "Merge Join", "Parent Relationship": "Outer", "Parallel Aware": false, "Async Capable": false, "Join Type": "Inner", "Startup Cost": 2705.04, "Total Cost": 3233.87, "Plan Rows": 333445, "Plan Width": 0, "Actual Rows": 1052545, "Actual Loops": 1, "Inner Unique": false, "Merge Cond": "(v.userid = p.owneruserid)", "Plans": [{"Node Type": "Nested Loop", "Parent Relationship": "Outer", "Parallel Aware": false, "Async Capable": false, "Join Type": "Inner", "Startup Cost": 1.43, "Total Cost": 3403.75, "Plan Rows": 179494, "Plan Width": 16, "Actual Rows": 1131470, "Actual Loops": 1, "Inner Unique": false, "Join Filter": "(ph.userid = v.userid)", "Rows Removed by Join Filter": 0, "Plans": [{"Node Type": "Nested Loop", "Parent Relationship": "Outer", "Parallel Aware": false, "Async Capable": false, "Join Type": "Inner", "Startup Cost": 1.01, "Total Cost": 3147.75, "Plan Rows": 211, "Plan Width": 12, "Actual Rows": 4536, "Actual Loops": 1, "Inner Unique": false, "Join Filter": "(c.userid = v.userid)", "Rows Removed by Join Filter": 0, "Plans": [{"Node Type": "Merge Join", "Parent Relationship": "Outer", "Parallel Aware": false, "Async Capable": false, "Join Type": "Inner", "Startup Cost": 0.71, "Total Cost": 3105.13, "Plan Rows": 46, "Plan Width": 8, "Actual Rows": 429, "Actual Loops": 1, "Inner Unique": true, "Merge Cond": "(v.userid = u.id)", "Plans": [{"Node Type": "Index Scan", "Parent Relationship": "Outer", "Parallel Aware": false, "Async Capable": false, "Scan Direction": "Forward", "Index Name": "idx_votes_userid", "Relation Name": "votes", "Alias": "v", "Startup Cost": 0.42, "Total Cost": 13242.63, "Plan Rows": 993, "Plan Width": 4, "Actual Rows": 758, "Actual Loops": 1, "Filter": "((bountyamount >= 7) AND (creationdate >= '2012-10-27 12:39:18'::timestamp without time zone))", "Rows Removed by Filter": 32945}, {"Node Type": "Index Scan", "Parent Relationship": "Inner", "Parallel Aware": false, "Async Capable": false, "Scan Direction": "Forward", "Index Name": "users_pkey", "Relation Name": "users", "Alias": "u", "Startup Cost": 0.29, "Total Cost": 1659.6, "Plan Rows": 17658, "Plan Width": 4, "Actual Rows": 17663, "Actual Loops": 1, "Filter": "((upvotes <= 9743) AND (creationdate >= '2011-11-11 00:07:20'::timestamp without time zone) AND (creationdate <= '2013-10-12 01:25:16'::timestamp without time zone))", "Rows Removed by Filter": 22662}]}, {"Node Type": "Index Scan", "Parent Relationship": "Inner", "Parallel Aware": false, "Async Capable": false, "Scan Direction": "Forward", "Index Name": "idx_comments_userid", "Relation Name": "comments", "Alias": "c", "Startup Cost": 0.29, "Total Cost": 0.9, "Plan Rows": 2, "Plan Width": 4, "Actual Rows": 11, "Actual Loops": 429, "Index Cond": "(userid = u.id)", "Rows Removed by Index Recheck": 0, "Filter": "(score = 1)", "Rows Removed by Filter": 70}]}, {"Node Type": "Index Scan", "Parent Relationship": "Inner", "Parallel Aware": false, "Async Capable": false, "Scan Direction": "Forward", "Index Name": "idx_posthistory_userid", "Relation Name": "posthistory", "Alias": "ph", "Startup Cost": 0.42, "Total Cost": 1.11, "Plan Rows": 8, "Plan Width": 4, "Actual Rows": 249, "Actual Loops": 4536, "Index Cond": "(userid = c.userid)", "Rows Removed by Index Recheck": 0, "Filter": "(creationdate <= '2013-07-25 19:13:37'::timestamp without time zone)", "Rows Removed by Filter": 291}]}, {"Node Type": "Sort", "Parent Relationship": "Inner", "Parallel Aware": false, "Async Capable": false, "Startup Cost": 2703.61, "Total Cost": 2704.94, "Plan Rows": 532, "Plan Width": 4, "Actual Rows": 1052859, "Actual Loops": 1, "Sort Key": ["p.owneruserid"], "Sort Method": "quicksort", "Sort Space Used": 25, "Sort Space Type": "Memory", "Plans": [{"Node Type": "Seq Scan", "Parent Relationship": "Outer", "Parallel Aware": false, "Async Capable": false, "Relation Name": "posts", "Alias": "p", "Startup Cost": 0.0, "Total Cost": 2679.52, "Plan Rows": 532, "Plan Width": 4, "Actual Rows": 368, "Actual Loops": 1, "Filter": "((answercount >= 4) AND (answercount <= 76) AND (creationdate >= '2012-04-07 01:35:06'::timestamp without time zone) AND (creationdate <= '2013-09-02 03:08:55'::timestamp without time zone))", "Rows Removed by Filter": 91608}]}]}]}, "Planning Time": 5.177, "Triggers": [], "Execution Time": 657.204}, {"Plan": {"Node Type": "Aggregate", "Strategy": "Plain", "Partial Mode": "Simple", "Parallel Aware": false, "Async Capable": false, "Startup Cost": 11492.13, "Total Cost": 11492.14, "Plan Rows": 1, "Plan Width": 8, "Plans": [{"Node Type": "Merge Join", "Parent Relationship": "Outer", "Parallel Aware": false, "Async Capable": false, "Join Type": "Inner", "Startup Cost": 9263.5, "Total Cost": 10658.52, "Plan Rows": 333445, "Plan Width": 0, "Inner Unique": false, "Merge Cond": "(v.userid = u.id)", "Plans": [{"Node Type": "Merge Join", "Parent Relationship": "Outer", "Parallel Aware": false, "Async Capable": false, "Join Type": "Inner", "Startup Cost": 5350.19, "Total Cost": 8521.15, "Plan Rows": 3876044, "Plan Width": 12, "Inner Unique": false, "Merge Cond": "(v.userid = c.userid)", "Plans": [{"Node Type": "Merge Join", "Parent Relationship": "Outer", "Parallel Aware": false, "Async Capable": false, "Join Type": "Inner", "Startup Cost": 0.84, "Total Cost": 14910.71, "Plan Rows": 23137, "Plan Width": 8, "Inner Unique": false, "Merge Cond": "(v.userid = ph.userid)", "Plans": [{"Node Type": "Index Scan", "Parent Relationship": "Outer", "Parallel Aware": false, "Async Capable": false, "Scan Direction": "Forward", "Index Name": "idx_votes_userid", "Relation Name": "votes", "Alias": "v", "Startup Cost": 0.42, "Total Cost": 13242.63, "Plan Rows": 993, "Plan Width": 4, "Filter": "((bountyamount >= 7) AND (creationdate >= '2012-10-27 12:39:18'::timestamp without time zone))"}, {"Node Type": "Index Scan", "Parent Relationship": "Inner", "Parallel Aware": false, "Async Capable": false, "Scan Direction": "Forward", "Index Name": "idx_posthistory_userid", "Relation Name": "posthistory", "Alias": "ph", "Startup Cost": 0.42, "Total Cost": 12849.99, "Plan Rows": 171369, "Plan Width": 4, "Filter": "(creationdate <= '2013-07-25 19:13:37'::timestamp without time zone)"}]}, {"Node Type": "Sort", "Parent Relationship": "Inner", "Parallel Aware": false, "Async Capable": false, "Startup Cost": 5348.05, "Total Cost": 5410.52, "Plan Rows": 24988, "Plan Width": 4, "Sort Key": ["c.userid"], "Plans": [{"Node Type": "Seq Scan", "Parent Relationship": "Outer", "Parallel Aware": false, "Async Capable": false, "Relation Name": "comments", "Alias": "c", "Startup Cost": 0.0, "Total Cost": 3522.81, "Plan Rows": 24988, "Plan Width": 4, "Filter": "(score = 1)"}]}]}, {"Node Type": "Sort", "Parent Relationship": "Inner", "Parallel Aware": false, "Async Capable": false, "Startup Cost": 3913.3, "Total Cost": 3913.88, "Plan Rows": 229, "Plan Width": 8, "Sort Key": ["p.owneruserid"], "Plans": [{"Node Type": "Hash Join", "Parent Relationship": "Outer", "Parallel Aware": false, "Async Capable": false, "Join Type": "Inner", "Startup Cost": 1223.41, "Total Cost": 3904.33, "Plan Rows": 229, "Plan Width": 8, "Inner Unique": true, "Hash Cond": "(p.owneruserid = u.id)", "Plans": [{"Node Type": "Seq Scan", "Parent Relationship": "Outer", "Parallel Aware": false, "Async Capable": false, "Relation Name": "posts", "Alias": "p", "Startup Cost": 0.0, "Total Cost": 2679.52, "Plan Rows": 532, "Plan Width": 4, "Filter": "((answercount >= 4) AND (answercount <= 76) AND (creationdate >= '2012-04-07 01:35:06'::timestamp without time zone) AND (creationdate <= '2013-09-02 03:08:55'::timestamp without time zone))"}, {"Node Type": "Hash", "Parent Relationship": "Inner", "Parallel Aware": false, "Async Capable": false, "Startup Cost": 1002.69, "Total Cost": 1002.69, "Plan Rows": 17658, "Plan Width": 4, "Plans": [{"Node Type": "Seq Scan", "Parent Relationship": "Outer", "Parallel Aware": false, "Async Capable": false, "Relation Name": "users", "Alias": "u", "Startup Cost": 0.0, "Total Cost": 1002.69, "Plan Rows": 17658, "Plan Width": 4, "Filter": "((upvotes <= 9743) AND (creationdate >= '2011-11-11 00:07:20'::timestamp without time zone) AND (creationdate <= '2013-10-12 01:25:16'::timestamp without time zone))"}]}]}]}]}]}}, {"Plan": {"Node Type": "Aggregate", "Strategy": "Plain", "Partial Mode": "Simple", "Parallel Aware": false, "Async Capable": false, "Startup Cost": 9301.55, "Total Cost": 9301.56, "Plan Rows": 1, "Plan Width": 8, "Actual Rows": 1, "Actual Loops": 1, "Plans": [{"Node Type": "Merge Join", "Parent Relationship": "Outer", "Parallel Aware": false, "Async Capable": false, "Join Type": "Inner", "Startup Cost": 8236.92, "Total Cost": 8467.94, "Plan Rows": 333445, "Plan Width": 0, "Actual Rows": 1052545, "Actual Loops": 1, "Inner Unique": false, "Merge Cond": "(v.userid = u.id)", "Plans": [{"Node Type": "Merge Join", "Parent Relationship": "Outer", "Parallel Aware": false, "Async Capable": false, "Join Type": "Inner", "Startup Cost": 2704.45, "Total Cost": 4303.13, "Plan Rows": 14992, "Plan Width": 12, "Actual Rows": 66022, "Actual Loops": 1, "Inner Unique": false, "Merge Cond": "(v.userid = p.owneruserid)", "Plans": [{"Node Type": "Merge Join", "Parent Relationship": "Outer", "Parallel Aware": false, "Async Capable": false, "Join Type": "Inner", "Startup Cost": 0.84, "Total Cost": 14910.71, "Plan Rows": 23137, "Plan Width": 8, "Actual Rows": 234956, "Actual Loops": 1, "Inner Unique": false, "Merge Cond": "(v.userid = ph.userid)", "Plans": [{"Node Type": "Index Scan", "Parent Relationship": "Outer", "Parallel Aware": false, "Async Capable": false, "Scan Direction": "Forward", "Index Name": "idx_votes_userid", "Relation Name": "votes", "Alias": "v", "Startup Cost": 0.42, "Total Cost": 13242.63, "Plan Rows": 993, "Plan Width": 4, "Actual Rows": 791, "Actual Loops": 1, "Filter": "((bountyamount >= 7) AND (creationdate >= '2012-10-27 12:39:18'::timestamp without time zone))", "Rows Removed by Filter": 33993}, {"Node Type": "Index Scan", "Parent Relationship": "Inner", "Parallel Aware": false, "Async Capable": false, "Scan Direction": "Forward", "Index Name": "idx_posthistory_userid", "Relation Name": "posthistory", "Alias": "ph", "Startup Cost": 0.42, "Total Cost": 12849.99, "Plan Rows": 171369, "Plan Width": 4, "Actual Rows": 348537, "Actual Loops": 1, "Filter": "(creationdate <= '2013-07-25 19:13:37'::timestamp without time zone)", "Rows Removed by Filter": 294663}]}, {"Node Type": "Sort", "Parent Relationship": "Inner", "Parallel Aware": false, "Async Capable": false, "Startup Cost": 2703.61, "Total Cost": 2704.94, "Plan Rows": 532, "Plan Width": 4, "Actual Rows": 66304, "Actual Loops": 1, "Sort Key": ["p.owneruserid"], "Sort Method": "quicksort", "Sort Space Used": 25, "Sort Space Type": "Memory", "Plans": [{"Node Type": "Seq Scan", "Parent Relationship": "Outer", "Parallel Aware": false, "Async Capable": false, "Relation Name": "posts", "Alias": "p", "Startup Cost": 0.0, "Total Cost": 2679.52, "Plan Rows": 532, "Plan Width": 4, "Actual Rows": 368, "Actual Loops": 1, "Filter": "((answercount >= 4) AND (answercount <= 76) AND (creationdate >= '2012-04-07 01:35:06'::timestamp without time zone) AND (creationdate <= '2013-09-02 03:08:55'::timestamp without time zone))", "Rows Removed by Filter": 91608}]}]}, {"Node Type": "Sort", "Parent Relationship": "Inner", "Parallel Aware": false, "Async Capable": false, "Startup Cost": 5532.47, "Total Cost": 5559.37, "Plan Rows": 10761, "Plan Width": 8, "Actual Rows": 1058368, "Actual Loops": 1, "Sort Key": ["c.userid"], "Sort Method": "quicksort", "Sort Space Used": 426, "Sort Space Type": "Memory", "Plans": [{"Node Type": "Hash Join", "Parent Relationship": "Outer", "Parallel Aware": false, "Async Capable": false, "Join Type": "Inner", "Startup Cost": 1223.41, "Total Cost": 4811.83, "Plan Rows": 10761, "Plan Width": 8, "Actual Rows": 7458, "Actual Loops": 1, "Inner Unique": true, "Hash Cond": "(c.userid = u.id)", "Plans": [{"Node Type": "Seq Scan", "Parent Relationship": "Outer", "Parallel Aware": false, "Async Capable": false, "Relation Name": "comments", "Alias": "c", "Startup Cost": 0.0, "Total Cost": 3522.81, "Plan Rows": 24988, "Plan Width": 4, "Actual Rows": 25003, "Actual Loops": 1, "Filter": "(score = 1)", "Rows Removed by Filter": 149302}, {"Node Type": "Hash", "Parent Relationship": "Inner", "Parallel Aware": false, "Async Capable": false, "Startup Cost": 1002.69, "Total Cost": 1002.69, "Plan Rows": 17658, "Plan Width": 4, "Actual Rows": 17663, "Actual Loops": 1, "Hash Buckets": 32768, "Original Hash Buckets": 32768, "Hash Batches": 1, "Original Hash Batches": 1, "Peak Memory Usage": 877, "Plans": [{"Node Type": "Seq Scan", "Parent Relationship": "Outer", "Parallel Aware": false, "Async Capable": false, "Relation Name": "users", "Alias": "u", "Startup Cost": 0.0, "Total Cost": 1002.69, "Plan Rows": 17658, "Plan Width": 4, "Actual Rows": 17663, "Actual Loops": 1, "Filter": "((upvotes <= 9743) AND (creationdate >= '2011-11-11 00:07:20'::timestamp without time zone) AND (creationdate <= '2013-10-12 01:25:16'::timestamp without time zone))", "Rows Removed by Filter": 22662}]}]}]}]}]}, "Planning Time": 5.16, "Triggers": [], "Execution Time": 529.951}, {"Plan": {"Node Type": "Aggregate", "Strategy": "Plain", "Partial Mode": "Simple", "Parallel Aware": false, "Async Capable": false, "Startup Cost": 4067.48, "Total Cost": 4067.49, "Plan Rows": 1, "Plan Width": 8, "Actual Rows": 1, "Actual Loops": 1, "Plans": [{"Node Type": "Merge Join", "Parent Relationship": "Outer", "Parallel Aware": false, "Async Capable": false, "Join Type": "Inner", "Startup Cost": 2705.04, "Total Cost": 3233.87, "Plan Rows": 333445, "Plan Width": 0, "Actual Rows": 1052545, "Actual Loops": 1, "Inner Unique": false, "Merge Cond": "(v.userid = p.owneruserid)", "Plans": [{"Node Type": "Nested Loop", "Parent Relationship": "Outer", "Parallel Aware": false, "Async Capable": false, "Join Type": "Inner", "Startup Cost": 1.43, "Total Cost": 3403.75, "Plan Rows": 179494, "Plan Width": 16, "Actual Rows": 1131470, "Actual Loops": 1, "Inner Unique": false, "Join Filter": "(ph.userid = v.userid)", "Rows Removed by Join Filter": 0, "Plans": [{"Node Type": "Nested Loop", "Parent Relationship": "Outer", "Parallel Aware": false, "Async Capable": false, "Join Type": "Inner", "Startup Cost": 1.01, "Total Cost": 3147.75, "Plan Rows": 211, "Plan Width": 12, "Actual Rows": 4536, "Actual Loops": 1, "Inner Unique": false, "Join Filter": "(c.userid = v.userid)", "Rows Removed by Join Filter": 0, "Plans": [{"Node Type": "Merge Join", "Parent Relationship": "Outer", "Parallel Aware": false, "Async Capable": false, "Join Type": "Inner", "Startup Cost": 0.71, "Total Cost": 3105.13, "Plan Rows": 46, "Plan Width": 8, "Actual Rows": 429, "Actual Loops": 1, "Inner Unique": true, "Merge Cond": "(v.userid = u.id)", "Plans": [{"Node Type": "Index Scan", "Parent Relationship": "Outer", "Parallel Aware": false, "Async Capable": false, "Scan Direction": "Forward", "Index Name": "idx_votes_userid", "Relation Name": "votes", "Alias": "v", "Startup Cost": 0.42, "Total Cost": 13242.63, "Plan Rows": 993, "Plan Width": 4, "Actual Rows": 758, "Actual Loops": 1, "Filter": "((bountyamount >= 7) AND (creationdate >= '2012-10-27 12:39:18'::timestamp without time zone))", "Rows Removed by Filter": 32945}, {"Node Type": "Index Scan", "Parent Relationship": "Inner", "Parallel Aware": false, "Async Capable": false, "Scan Direction": "Forward", "Index Name": "users_pkey", "Relation Name": "users", "Alias": "u", "Startup Cost": 0.29, "Total Cost": 1659.6, "Plan Rows": 17658, "Plan Width": 4, "Actual Rows": 17663, "Actual Loops": 1, "Filter": "((upvotes <= 9743) AND (creationdate >= '2011-11-11 00:07:20'::timestamp without time zone) AND (creationdate <= '2013-10-12 01:25:16'::timestamp without time zone))", "Rows Removed by Filter": 22662}]}, {"Node Type": "Index Scan", "Parent Relationship": "Inner", "Parallel Aware": false, "Async Capable": false, "Scan Direction": "Forward", "Index Name": "idx_comments_userid", "Relation Name": "comments", "Alias": "c", "Startup Cost": 0.29, "Total Cost": 0.9, "Plan Rows": 2, "Plan Width": 4, "Actual Rows": 11, "Actual Loops": 429, "Index Cond": "(userid = u.id)", "Rows Removed by Index Recheck": 0, "Filter": "(score = 1)", "Rows Removed by Filter": 70}]}, {"Node Type": "Index Scan", "Parent Relationship": "Inner", "Parallel Aware": false, "Async Capable": false, "Scan Direction": "Forward", "Index Name": "idx_posthistory_userid", "Relation Name": "posthistory", "Alias": "ph", "Startup Cost": 0.42, "Total Cost": 1.11, "Plan Rows": 8, "Plan Width": 4, "Actual Rows": 249, "Actual Loops": 4536, "Index Cond": "(userid = c.userid)", "Rows Removed by Index Recheck": 0, "Filter": "(creationdate <= '2013-07-25 19:13:37'::timestamp without time zone)", "Rows Removed by Filter": 291}]}, {"Node Type": "Sort", "Parent Relationship": "Inner", "Parallel Aware": false, "Async Capable": false, "Startup Cost": 2703.61, "Total Cost": 2704.94, "Plan Rows": 532, "Plan Width": 4, "Actual Rows": 1052859, "Actual Loops": 1, "Sort Key": ["p.owneruserid"], "Sort Method": "quicksort", "Sort Space Used": 25, "Sort Space Type": "Memory", "Plans": [{"Node Type": "Seq Scan", "Parent Relationship": "Outer", "Parallel Aware": false, "Async Capable": false, "Relation Name": "posts", "Alias": "p", "Startup Cost": 0.0, "Total Cost": 2679.52, "Plan Rows": 532, "Plan Width": 4, "Actual Rows": 368, "Actual Loops": 1, "Filter": "((answercount >= 4) AND (answercount <= 76) AND (creationdate >= '2012-04-07 01:35:06'::timestamp without time zone) AND (creationdate <= '2013-09-02 03:08:55'::timestamp without time zone))", "Rows Removed by Filter": 91608}]}]}]}, "Planning Time": 5.082, "Triggers": [], "Execution Time": 658.699}, {"Plan": {"Node Type": "Aggregate", "Strategy": "Plain", "Partial Mode": "Finalize", "Parallel Aware": false, "Async Capable": false, "Startup Cost": 34494.85, "Total Cost": 34494.86, "Plan Rows": 1, "Plan Width": 8, "Actual Rows": 1, "Actual Loops": 1, "Plans": [{"Node Type": "Gather", "Parent Relationship": "Outer", "Parallel Aware": false, "Async Capable": false, "Startup Cost": 34494.73, "Total Cost": 34494.84, "Plan Rows": 1, "Plan Width": 8, "Actual Rows": 2, "Actual Loops": 1, "Workers Planned": 1, "Workers Launched": 1, "Single Copy": false, "Plans": [{"Node Type": "Aggregate", "Strategy": "Plain", "Partial Mode": "Partial", "Parent Relationship": "Outer", "Parallel Aware": false, "Async Capable": false, "Startup Cost": 33494.73, "Total Cost": 33494.74, "Plan Rows": 1, "Plan Width": 8, "Actual Rows": 1, "Actual Loops": 2, "Workers": [], "Plans": [{"Node Type": "Merge Join", "Parent Relationship": "Outer", "Parallel Aware": false, "Async Capable": false, "Join Type": "Inner", "Startup Cost": 8236.92, "Total Cost": 33004.37, "Plan Rows": 196144, "Plan Width": 0, "Actual Rows": 526272, "Actual Loops": 2, "Inner Unique": false, "Merge Cond": "(u.id = v.userid)", "Workers": [], "Plans": [{"Node Type": "Merge Join", "Parent Relationship": "Outer", "Parallel Aware": false, "Async Capable": false, "Join Type": "Inner", "Startup Cost": 5532.89, "Total Cost": 16645.65, "Plan Rows": 5395755, "Plan Width": 12, "Actual Rows": 1054383, "Actual Loops": 2, "Inner Unique": false, "Merge Cond": "(ph.userid = u.id)", "Workers": [], "Plans": [{"Node Type": "Index Scan", "Parent Relationship": "Outer", "Parallel Aware": true, "Async Capable": false, "Scan Direction": "Forward", "Index Name": "idx_posthistory_userid", "Relation Name": "posthistory", "Alias": "ph", "Startup Cost": 0.42, "Total Cost": 11289.47, "Plan Rows": 100805, "Plan Width": 4, "Actual Rows": 78730, "Actual Loops": 2, "Filter": "(creationdate <= '2013-07-25 19:13:37'::timestamp without time zone)", "Rows Removed by Filter": 33958, "Workers": []}, {"Node Type": "Sort", "Parent Relationship": "Inner", "Parallel Aware": false, "Async Capable": false, "Startup Cost": 5532.47, "Total Cost": 5559.37, "Plan Rows": 10761, "Plan Width": 8, "Actual Rows": 1058018, "Actual Loops": 2, "Sort Key": ["c.userid"], "Sort Method": "quicksort", "Sort Space Used": 426, "Sort Space Type": "Memory", "Workers": [{"Worker Number": 0, "Sort Method": "quicksort", "Sort Space Used": 426, "Sort Space Type": "Memory"}], "Plans": [{"Node Type": "Hash Join", "Parent Relationship": "Outer", "Parallel Aware": false, "Async Capable": false, "Join Type": "Inner", "Startup Cost": 1223.41, "Total Cost": 4811.83, "Plan Rows": 10761, "Plan Width": 8, "Actual Rows": 7458, "Actual Loops": 2, "Inner Unique": true, "Hash Cond": "(c.userid = u.id)", "Workers": [], "Plans": [{"Node Type": "Seq Scan", "Parent Relationship": "Outer", "Parallel Aware": false, "Async Capable": false, "Relation Name": "comments", "Alias": "c", "Startup Cost": 0.0, "Total Cost": 3522.81, "Plan Rows": 24988, "Plan Width": 4, "Actual Rows": 25003, "Actual Loops": 2, "Filter": "(score = 1)", "Rows Removed by Filter": 149302, "Workers": []}, {"Node Type": "Hash", "Parent Relationship": "Inner", "Parallel Aware": false, "Async Capable": false, "Startup Cost": 1002.69, "Total Cost": 1002.69, "Plan Rows": 17658, "Plan Width": 4, "Actual Rows": 17663, "Actual Loops": 2, "Hash Buckets": 32768, "Original Hash Buckets": 32768, "Hash Batches": 1, "Original Hash Batches": 1, "Peak Memory Usage": 877, "Workers": [], "Plans": [{"Node Type": "Seq Scan", "Parent Relationship": "Outer", "Parallel Aware": false, "Async Capable": false, "Relation Name": "users", "Alias": "u", "Startup Cost": 0.0, "Total Cost": 1002.69, "Plan Rows": 17658, "Plan Width": 4, "Actual Rows": 17663, "Actual Loops": 2, "Filter": "((upvotes <= 9743) AND (creationdate >= '2011-11-11 00:07:20'::timestamp without time zone) AND (creationdate <= '2013-10-12 01:25:16'::timestamp without time zone))", "Rows Removed by Filter": 22662, "Workers": []}]}]}]}]}, {"Node Type": "Materialize", "Parent Relationship": "Inner", "Parallel Aware": false, "Async Capable": false, "Startup Cost": 2704.03, "Total Cost": 4107.75, "Plan Rows": 45, "Plan Width": 8, "Actual Rows": 526398, "Actual Loops": 2, "Workers": [], "Plans": [{"Node Type": "Merge Join", "Parent Relationship": "Outer", "Parallel Aware": false, "Async Capable": false, "Join Type": "Inner", "Startup Cost": 2704.03, "Total Cost": 4107.64, "Plan Rows": 45, "Plan Width": 8, "Actual Rows": 184, "Actual Loops": 2, "Inner Unique": false, "Merge Cond": "(v.userid = p.owneruserid)", "Workers": [], "Plans": [{"Node Type": "Index Scan", "Parent Relationship": "Outer", "Parallel Aware": false, "Async Capable": false, "Scan Direction": "Forward", "Index Name": "idx_votes_userid", "Relation Name": "votes", "Alias": "v", "Startup Cost": 0.42, "Total Cost": 13242.63, "Plan Rows": 993, "Plan Width": 4, "Actual Rows": 642, "Actual Loops": 2, "Filter": "((bountyamount >= 7) AND (creationdate >= '2012-10-27 12:39:18'::timestamp without time zone))", "Rows Removed by Filter": 29060, "Workers": []}, {"Node Type": "Sort", "Parent Relationship": "Inner", "Parallel Aware": false, "Async Capable": false, "Startup Cost": 2703.61, "Total Cost": 2704.94, "Plan Rows": 532, "Plan Width": 4, "Actual Rows": 475, "Actual Loops": 2, "Sort Key": ["p.owneruserid"], "Sort Method": "quicksort", "Sort Space Used": 25, "Sort Space Type": "Memory", "Workers": [{"Worker Number": 0, "Sort Method": "quicksort", "Sort Space Used": 25, "Sort Space Type": "Memory"}], "Plans": [{"Node Type": "Seq Scan", "Parent Relationship": "Outer", "Parallel Aware": false, "Async Capable": false, "Relation Name": "posts", "Alias": "p", "Startup Cost": 0.0, "Total Cost": 2679.52, "Plan Rows": 532, "Plan Width": 4, "Actual Rows": 368, "Actual Loops": 2, "Filter": "((answercount >= 4) AND (answercount <= 76) AND (creationdate >= '2012-04-07 01:35:06'::timestamp without time zone) AND (creationdate <= '2013-09-02 03:08:55'::timestamp without time zone))", "Rows Removed by Filter": 91608, "Workers": []}]}]}]}]}]}]}]}, "Planning Time": 9.187, "Triggers": [], "Execution Time": 395.457}, {"Plan": {"Node Type": "Aggregate", "Strategy": "Plain", "Partial Mode": "Finalize", "Parallel Aware": false, "Async Capable": false, "Startup Cost": 57442.74, "Total Cost": 57442.75, "Plan Rows": 1, "Plan Width": 8, "Actual Rows": 1, "Actual Loops": 1, "Plans": [{"Node Type": "Gather", "Parent Relationship": "Outer", "Parallel Aware": false, "Async Capable": false, "Startup Cost": 57442.63, "Total Cost": 57442.74, "Plan Rows": 1, "Plan Width": 8, "Actual Rows": 2, "Actual Loops": 1, "Workers Planned": 1, "Workers Launched": 1, "Single Copy": false, "Plans": [{"Node Type": "Aggregate", "Strategy": "Plain", "Partial Mode": "Partial", "Parent Relationship": "Outer", "Parallel Aware": false, "Async Capable": false, "Startup Cost": 56442.63, "Total Cost": 56442.64, "Plan Rows": 1, "Plan Width": 8, "Actual Rows": 1, "Actual Loops": 2, "Workers": [], "Plans": [{"Node Type": "Merge Join", "Parent Relationship": "Outer", "Parallel Aware": false, "Async Capable": false, "Join Type": "Inner", "Startup Cost": 2705.05, "Total Cost": 55952.27, "Plan Rows": 196144, "Plan Width": 0, "Actual Rows": 526272, "Actual Loops": 2, "Inner Unique": false, "Merge Cond": "(c.userid = v.userid)", "Workers": [], "Plans": [{"Node Type": "Nested Loop", "Parent Relationship": "Outer", "Parallel Aware": false, "Async Capable": false, "Join Type": "Inner", "Startup Cost": 0.73, "Total Cost": 21685.65, "Plan Rows": 12529345, "Plan Width": 8, "Actual Rows": 16664032, "Actual Loops": 2, "Inner Unique": false, "Workers": [], "Plans": [{"Node Type": "Index Scan", "Parent Relationship": "Outer", "Parallel Aware": true, "Async Capable": false, "Scan Direction": "Forward", "Index Name": "idx_comments_userid", "Relation Name": "comments", "Alias": "c", "Startup Cost": 0.29, "Total Cost": 7361.8, "Plan Rows": 14699, "Plan Width": 4, "Actual Rows": 11357, "Actual Loops": 2, "Filter": "(score = 1)", "Rows Removed by Filter": 62878, "Workers": []}, {"Node Type": "Memoize", "Parent Relationship": "Inner", "Parallel Aware": false, "Async Capable": false, "Startup Cost": 0.43, "Total Cost": 1.12, "Plan Rows": 8, "Plan Width": 4, "Actual Rows": 1467, "Actual Loops": 22714, "Cache Key": "c.userid", "Cache Mode": "logical", "Cache Hits": 10717, "Cache Misses": 1204, "Cache Evictions": 0, "Cache Overflows": 0, "Peak Memory Usage": 2836, "Workers": [{"Worker Number": 0, "Cache Hits": 9736, "Cache Misses": 1057, "Cache Evictions": 0, "Cache Overflows": 0, "Peak Memory Usage": 2333}], "Plans": [{"Node Type": "Index Scan", "Parent Relationship": "Outer", "Parallel Aware": false, "Async Capable": false, "Scan Direction": "Forward", "Index Name": "idx_posthistory_userid", "Relation Name": "posthistory", "Alias": "ph", "Startup Cost": 0.42, "Total Cost": 1.11, "Plan Rows": 8, "Plan Width": 4, "Actual Rows": 63, "Actual Loops": 2261, "Index Cond": "(userid = c.userid)", "Rows Removed by Index Recheck": 0, "Filter": "(creationdate <= '2013-07-25 19:13:37'::timestamp without time zone)", "Rows Removed by Filter": 31, "Workers": []}]}]}, {"Node Type": "Materialize", "Parent Relationship": "Inner", "Parallel Aware": false, "Async Capable": false, "Startup Cost": 2704.32, "Total Cost": 3044.45, "Plan Rows": 2, "Plan Width": 12, "Actual Rows": 526342, "Actual Loops": 2, "Workers": [], "Plans": [{"Node Type": "Merge Join", "Parent Relationship": "Outer", "Parallel Aware": false, "Async Capable": false, "Join Type": "Inner", "Startup Cost": 2704.32, "Total Cost": 3044.45, "Plan Rows": 2, "Plan Width": 12, "Actual Rows": 128, "Actual Loops": 2, "Inner Unique": false, "Merge Cond": "(v.userid = p.owneruserid)", "Workers": [], "Plans": [{"Node Type": "Merge Join", "Parent Relationship": "Outer", "Parallel Aware": false, "Async Capable": false, "Join Type": "Inner", "Startup Cost": 0.71, "Total Cost": 3105.13, "Plan Rows": 46, "Plan Width": 8, "Actual Rows": 408, "Actual Loops": 2, "Inner Unique": true, "Merge Cond": "(v.userid = u.id)", "Workers": [], "Plans": [{"Node Type": "Index Scan", "Parent Relationship": "Outer", "Parallel Aware": false, "Async Capable": false, "Scan Direction": "Forward", "Index Name": "idx_votes_userid", "Relation Name": "votes", "Alias": "v", "Startup Cost": 0.42, "Total Cost": 13242.63, "Plan Rows": 993, "Plan Width": 4, "Actual Rows": 642, "Actual Loops": 2, "Filter": "((bountyamount >= 7) AND (creationdate >= '2012-10-27 12:39:18'::timestamp without time zone))", "Rows Removed by Filter": 29060, "Workers": []}, {"Node Type": "Index Scan", "Parent Relationship": "Inner", "Parallel Aware": false, "Async Capable": false, "Scan Direction": "Forward", "Index Name": "users_pkey", "Relation Name": "users", "Alias": "u", "Startup Cost": 0.29, "Total Cost": 1659.6, "Plan Rows": 17658, "Plan Width": 4, "Actual Rows": 16626, "Actual Loops": 2, "Filter": "((upvotes <= 9743) AND (creationdate >= '2011-11-11 00:07:20'::timestamp without time zone) AND (creationdate <= '2013-10-12 01:25:16'::timestamp without time zone))", "Rows Removed by Filter": 5304, "Workers": []}]}, {"Node Type": "Sort", "Parent Relationship": "Inner", "Parallel Aware": false, "Async Capable": false, "Startup Cost": 2703.61, "Total Cost": 2704.94, "Plan Rows": 532, "Plan Width": 4, "Actual Rows": 441, "Actual Loops": 2, "Sort Key": ["p.owneruserid"], "Sort Method": "quicksort", "Sort Space Used": 25, "Sort Space Type": "Memory", "Workers": [{"Worker Number": 0, "Sort Method": "quicksort", "Sort Space Used": 25, "Sort Space Type": "Memory"}], "Plans": [{"Node Type": "Seq Scan", "Parent Relationship": "Outer", "Parallel Aware": false, "Async Capable": false, "Relation Name": "posts", "Alias": "p", "Startup Cost": 0.0, "Total Cost": 2679.52, "Plan Rows": 532, "Plan Width": 4, "Actual Rows": 368, "Actual Loops": 2, "Filter": "((answercount >= 4) AND (answercount <= 76) AND (creationdate >= '2012-04-07 01:35:06'::timestamp without time zone) AND (creationdate <= '2013-09-02 03:08:55'::timestamp without time zone))", "Rows Removed by Filter": 91608, "Workers": []}]}]}]}]}]}]}]}, "Planning Time": 11.294, "Triggers": [], "Execution Time": 1322.421}, {"Plan": {"Node Type": "Aggregate", "Strategy": "Plain", "Partial Mode": "Finalize", "Parallel Aware": false, "Async Capable": false, "Startup Cost": 15849.91, "Total Cost": 15849.92, "Plan Rows": 1, "Plan Width": 8, "Actual Rows": 1, "Actual Loops": 1, "Plans": [{"Node Type": "Gather", "Parent Relationship": "Outer", "Parallel Aware": false, "Async Capable": false, "Startup Cost": 15849.79, "Total Cost": 15849.9, "Plan Rows": 1, "Plan Width": 8, "Actual Rows": 2, "Actual Loops": 1, "Workers Planned": 1, "Workers Launched": 1, "Single Copy": false, "Plans": [{"Node Type": "Aggregate", "Strategy": "Plain", "Partial Mode": "Partial", "Parent Relationship": "Outer", "Parallel Aware": false, "Async Capable": false, "Startup Cost": 14849.79, "Total Cost": 14849.8, "Plan Rows": 1, "Plan Width": 8, "Actual Rows": 1, "Actual Loops": 2, "Workers": [], "Plans": [{"Node Type": "Merge Join", "Parent Relationship": "Outer", "Parallel Aware": false, "Async Capable": false, "Join Type": "Inner", "Startup Cost": 2705.04, "Total Cost": 14359.43, "Plan Rows": 196144, "Plan Width": 0, "Actual Rows": 526272, "Actual Loops": 2, "Inner Unique": false, "Merge Cond": "(ph.userid = v.userid)", "Workers": [], "Plans": [{"Node Type": "Index Scan", "Parent Relationship": "Outer", "Parallel Aware": true, "Async Capable": false, "Scan Direction": "Forward", "Index Name": "idx_posthistory_userid", "Relation Name": "posthistory", "Alias": "ph", "Startup Cost": 0.42, "Total Cost": 11289.47, "Plan Rows": 100805, "Plan Width": 4, "Actual Rows": 78729, "Actual Loops": 2, "Filter": "(creationdate <= '2013-07-25 19:13:37'::timestamp without time zone)", "Rows Removed by Filter": 33794, "Workers": []}, {"Node Type": "Materialize", "Parent Relationship": "Inner", "Parallel Aware": false, "Async Capable": false, "Startup Cost": 2704.61, "Total Cost": 3036.5, "Plan Rows": 391, "Plan Width": 16, "Actual Rows": 527426, "Actual Loops": 2, "Workers": [], "Plans": [{"Node Type": "Merge Join", "Parent Relationship": "Outer", "Parallel Aware": false, "Async Capable": false, "Join Type": "Inner", "Startup Cost": 2704.61, "Total Cost": 3035.53, "Plan Rows": 391, "Plan Width": 16, "Actual Rows": 3470, "Actual Loops": 2, "Inner Unique": false, "Merge Cond": "(v.userid = p.owneruserid)", "Workers": [], "Plans": [{"Node Type": "Nested Loop", "Parent Relationship": "Outer", "Parallel Aware": false, "Async Capable": false, "Join Type": "Inner", "Startup Cost": 1.01, "Total Cost": 3147.75, "Plan Rows": 211, "Plan Width": 12, "Actual Rows": 4466, "Actual Loops": 2, "Inner Unique": false, "Join Filter": "(c.userid = v.userid)", "Rows Removed by Join Filter": 0, "Workers": [], "Plans": [{"Node Type": "Merge Join", "Parent Relationship": "Outer", "Parallel Aware": false, "Async Capable": false, "Join Type": "Inner", "Startup Cost": 0.71, "Total Cost": 3105.13, "Plan Rows": 46, "Plan Width": 8, "Actual Rows": 408, "Actual Loops": 2, "Inner Unique": true, "Merge Cond": "(v.userid = u.id)", "Workers": [], "Plans": [{"Node Type": "Index Scan", "Parent Relationship": "Outer", "Parallel Aware": false, "Async Capable": false, "Scan Direction": "Forward", "Index Name": "idx_votes_userid", "Relation Name": "votes", "Alias": "v", "Startup Cost": 0.42, "Total Cost": 13242.63, "Plan Rows": 993, "Plan Width": 4, "Actual Rows": 642, "Actual Loops": 2, "Filter": "((bountyamount >= 7) AND (creationdate >= '2012-10-27 12:39:18'::timestamp without time zone))", "Rows Removed by Filter": 29060, "Workers": []}, {"Node Type": "Index Scan", "Parent Relationship": "Inner", "Parallel Aware": false, "Async Capable": false, "Scan Direction": "Forward", "Index Name": "users_pkey", "Relation Name": "users", "Alias": "u", "Startup Cost": 0.29, "Total Cost": 1659.6, "Plan Rows": 17658, "Plan Width": 4, "Actual Rows": 16626, "Actual Loops": 2, "Filter": "((upvotes <= 9743) AND (creationdate >= '2011-11-11 00:07:20'::timestamp without time zone) AND (creationdate <= '2013-10-12 01:25:16'::timestamp without time zone))", "Rows Removed by Filter": 5304, "Workers": []}]}, {"Node Type": "Index Scan", "Parent Relationship": "Inner", "Parallel Aware": false, "Async Capable": false, "Scan Direction": "Forward", "Index Name": "idx_comments_userid", "Relation Name": "comments", "Alias": "c", "Startup Cost": 0.29, "Total Cost": 0.9, "Plan Rows": 2, "Plan Width": 4, "Actual Rows": 11, "Actual Loops": 816, "Index Cond": "(userid = u.id)", "Rows Removed by Index Recheck": 0, "Filter": "(score = 1)", "Rows Removed by Filter": 70, "Workers": []}]}, {"Node Type": "Sort", "Parent Relationship": "Inner", "Parallel Aware": false, "Async Capable": false, "Startup Cost": 2703.61, "Total Cost": 2704.94, "Plan Rows": 532, "Plan Width": 4, "Actual Rows": 3796, "Actual Loops": 2, "Sort Key": ["p.owneruserid"], "Sort Method": "quicksort", "Sort Space Used": 25, "Sort Space Type": "Memory", "Workers": [{"Worker Number": 0, "Sort Method": "quicksort", "Sort Space Used": 25, "Sort Space Type": "Memory"}], "Plans": [{"Node Type": "Seq Scan", "Parent Relationship": "Outer", "Parallel Aware": false, "Async Capable": false, "Relation Name": "posts", "Alias": "p", "Startup Cost": 0.0, "Total Cost": 2679.52, "Plan Rows": 532, "Plan Width": 4, "Actual Rows": 368, "Actual Loops": 2, "Filter": "((answercount >= 4) AND (answercount <= 76) AND (creationdate >= '2012-04-07 01:35:06'::timestamp without time zone) AND (creationdate <= '2013-09-02 03:08:55'::timestamp without time zone))", "Rows Removed by Filter": 91608, "Workers": []}]}]}]}]}]}]}]}, "Planning Time": 9.417, "Triggers": [], "Execution Time": 285.385}, {"Plan": {"Node Type": "Aggregate", "Strategy": "Plain", "Partial Mode": "Simple", "Parallel Aware": false, "Async Capable": false, "Startup Cost": 4077.07, "Total Cost": 4077.08, "Plan Rows": 1, "Plan Width": 8, "Actual Rows": 1, "Actual Loops": 1, "Plans": [{"Node Type": "Merge Join", "Parent Relationship": "Outer", "Parallel Aware": false, "Async Capable": false, "Join Type": "Inner", "Startup Cost": 2705.04, "Total Cost": 3243.46, "Plan Rows": 333445, "Plan Width": 0, "Actual Rows": 1052545, "Actual Loops": 1, "Inner Unique": false, "Merge Cond": "(p.owneruserid = v.userid)", "Plans": [{"Node Type": "Sort", "Parent Relationship": "Outer", "Parallel Aware": false, "Async Capable": false, "Startup Cost": 2703.61, "Total Cost": 2704.94, "Plan Rows": 532, "Plan Width": 4, "Actual Rows": 353, "Actual Loops": 1, "Sort Key": ["p.owneruserid"], "Sort Method": "quicksort", "Sort Space Used": 25, "Sort Space Type": "Memory", "Plans": [{"Node Type": "Seq Scan", "Parent Relationship": "Outer", "Parallel Aware": false, "Async Capable": false, "Relation Name": "posts", "Alias": "p", "Startup Cost": 0.0, "Total Cost": 2679.52, "Plan Rows": 532, "Plan Width": 4, "Actual Rows": 368, "Actual Loops": 1, "Filter": "((answercount >= 4) AND (answercount <= 76) AND (creationdate >= '2012-04-07 01:35:06'::timestamp without time zone) AND (creationdate <= '2013-09-02 03:08:55'::timestamp without time zone))", "Rows Removed by Filter": 91608}]}, {"Node Type": "Materialize", "Parent Relationship": "Inner", "Parallel Aware": false, "Async Capable": false, "Startup Cost": 1.43, "Total Cost": 3852.48, "Plan Rows": 179494, "Plan Width": 16, "Actual Rows": 1665351, "Actual Loops": 1, "Plans": [{"Node Type": "Nested Loop", "Parent Relationship": "Outer", "Parallel Aware": false, "Async Capable": false, "Join Type": "Inner", "Startup Cost": 1.43, "Total Cost": 3403.75, "Plan Rows": 179494, "Plan Width": 16, "Actual Rows": 1131470, "Actual Loops": 1, "Inner Unique": false, "Join Filter": "(ph.userid = v.userid)", "Rows Removed by Join Filter": 0, "Plans": [{"Node Type": "Nested Loop", "Parent Relationship": "Outer", "Parallel Aware": false, "Async Capable": false, "Join Type": "Inner", "Startup Cost": 1.01, "Total Cost": 3147.75, "Plan Rows": 211, "Plan Width": 12, "Actual Rows": 4536, "Actual Loops": 1, "Inner Unique": false, "Join Filter": "(c.userid = v.userid)", "Rows Removed by Join Filter": 0, "Plans": [{"Node Type": "Merge Join", "Parent Relationship": "Outer", "Parallel Aware": false, "Async Capable": false, "Join Type": "Inner", "Startup Cost": 0.71, "Total Cost": 3105.13, "Plan Rows": 46, "Plan Width": 8, "Actual Rows": 429, "Actual Loops": 1, "Inner Unique": true, "Merge Cond": "(v.userid = u.id)", "Plans": [{"Node Type": "Index Scan", "Parent Relationship": "Outer", "Parallel Aware": false, "Async Capable": false, "Scan Direction": "Forward", "Index Name": "idx_votes_userid", "Relation Name": "votes", "Alias": "v", "Startup Cost": 0.42, "Total Cost": 13242.63, "Plan Rows": 993, "Plan Width": 4, "Actual Rows": 758, "Actual Loops": 1, "Filter": "((bountyamount >= 7) AND (creationdate >= '2012-10-27 12:39:18'::timestamp without time zone))", "Rows Removed by Filter": 32945}, {"Node Type": "Index Scan", "Parent Relationship": "Inner", "Parallel Aware": false, "Async Capable": false, "Scan Direction": "Forward", "Index Name": "users_pkey", "Relation Name": "users", "Alias": "u", "Startup Cost": 0.29, "Total Cost": 1659.6, "Plan Rows": 17658, "Plan Width": 4, "Actual Rows": 17663, "Actual Loops": 1, "Filter": "((upvotes <= 9743) AND (creationdate >= '2011-11-11 00:07:20'::timestamp without time zone) AND (creationdate <= '2013-10-12 01:25:16'::timestamp without time zone))", "Rows Removed by Filter": 22662}]}, {"Node Type": "Index Scan", "Parent Relationship": "Inner", "Parallel Aware": false, "Async Capable": false, "Scan Direction": "Forward", "Index Name": "idx_comments_userid", "Relation Name": "comments", "Alias": "c", "Startup Cost": 0.29, "Total Cost": 0.9, "Plan Rows": 2, "Plan Width": 4, "Actual Rows": 11, "Actual Loops": 429, "Index Cond": "(userid = u.id)", "Rows Removed by Index Recheck": 0, "Filter": "(score = 1)", "Rows Removed by Filter": 70}]}, {"Node Type": "Index Scan", "Parent Relationship": "Inner", "Parallel Aware": false, "Async Capable": false, "Scan Direction": "Forward", "Index Name": "idx_posthistory_userid", "Relation Name": "posthistory", "Alias": "ph", "Startup Cost": 0.42, "Total Cost": 1.11, "Plan Rows": 8, "Plan Width": 4, "Actual Rows": 249, "Actual Loops": 4536, "Index Cond": "(userid = c.userid)", "Rows Removed by Index Recheck": 0, "Filter": "(creationdate <= '2013-07-25 19:13:37'::timestamp without time zone)", "Rows Removed by Filter": 291}]}]}]}]}, "Planning Time": 5.11, "Triggers": [], "Execution Time": 913.187}, {"Plan": {"Node Type": "Aggregate", "Strategy": "Plain", "Partial Mode": "Simple", "Parallel Aware": false, "Async Capable": false, "Startup Cost": 7108.99, "Total Cost": 7109.0, "Plan Rows": 1, "Plan Width": 8, "Actual Rows": 1, "Actual Loops": 1, "Plans": [{"Node Type": "Merge Join", "Parent Relationship": "Outer", "Parallel Aware": false, "Async Capable": false, "Join Type": "Inner", "Startup Cost": 2705.04, "Total Cost": 6275.38, "Plan Rows": 333445, "Plan Width": 0, "Actual Rows": 1052545, "Actual Loops": 1, "Inner Unique": false, "Merge Cond": "(u.id = v.userid)", "Plans": [{"Node Type": "Nested Loop", "Parent Relationship": "Outer", "Parallel Aware": false, "Async Capable": false, "Join Type": "Inner", "Startup Cost": 2704.19, "Total Cost": 4623.31, "Plan Rows": 19991, "Plan Width": 12, "Actual Rows": 1820, "Actual Loops": 1, "Inner Unique": false, "Plans": [{"Node Type": "Merge Join", "Parent Relationship": "Outer", "Parallel Aware": false, "Async Capable": false, "Join Type": "Inner", "Startup Cost": 2703.9, "Total Cost": 4412.26, "Plan Rows": 229, "Plan Width": 8, "Actual Rows": 286, "Actual Loops": 1, "Inner Unique": false, "Merge Cond": "(u.id = p.owneruserid)", "Plans": [{"Node Type": "Index Scan", "Parent Relationship": "Outer", "Parallel Aware": false, "Async Capable": false, "Scan Direction": "Forward", "Index Name": "users_pkey", "Relation Name": "users", "Alias": "u", "Startup Cost": 0.29, "Total Cost": 1659.6, "Plan Rows": 17658, "Plan Width": 4, "Actual Rows": 15260, "Actual Loops": 1, "Filter": "((upvotes <= 9743) AND (creationdate >= '2011-11-11 00:07:20'::timestamp without time zone) AND (creationdate <= '2013-10-12 01:25:16'::timestamp without time zone))", "Rows Removed by Filter": 5304}, {"Node Type": "Sort", "Parent Relationship": "Inner", "Parallel Aware": false, "Async Capable": false, "Startup Cost": 2703.61, "Total Cost": 2704.94, "Plan Rows": 532, "Plan Width": 4, "Actual Rows": 357, "Actual Loops": 1, "Sort Key": ["p.owneruserid"], "Sort Method": "quicksort", "Sort Space Used": 25, "Sort Space Type": "Memory", "Plans": [{"Node Type": "Seq Scan", "Parent Relationship": "Outer", "Parallel Aware": false, "Async Capable": false, "Relation Name": "posts", "Alias": "p", "Startup Cost": 0.0, "Total Cost": 2679.52, "Plan Rows": 532, "Plan Width": 4, "Actual Rows": 368, "Actual Loops": 1, "Filter": "((answercount >= 4) AND (answercount <= 76) AND (creationdate >= '2012-04-07 01:35:06'::timestamp without time zone) AND (creationdate <= '2013-09-02 03:08:55'::timestamp without time zone))", "Rows Removed by Filter": 91608}]}]}, {"Node Type": "Index Scan", "Parent Relationship": "Inner", "Parallel Aware": false, "Async Capable": false, "Scan Direction": "Forward", "Index Name": "idx_comments_userid", "Relation Name": "comments", "Alias": "c", "Startup Cost": 0.29, "Total Cost": 0.9, "Plan Rows": 2, "Plan Width": 4, "Actual Rows": 6, "Actual Loops": 286, "Index Cond": "(userid = u.id)", "Rows Removed by Index Recheck": 0, "Filter": "(score = 1)", "Rows Removed by Filter": 43}]}, {"Node Type": "Materialize", "Parent Relationship": "Inner", "Parallel Aware": false, "Async Capable": false, "Startup Cost": 0.84, "Total Cost": 14968.55, "Plan Rows": 23137, "Plan Width": 8, "Actual Rows": 1278897, "Actual Loops": 1, "Plans": [{"Node Type": "Merge Join", "Parent Relationship": "Outer", "Parallel Aware": false, "Async Capable": false, "Join Type": "Inner", "Startup Cost": 0.84, "Total Cost": 14910.71, "Plan Rows": 23137, "Plan Width": 8, "Actual Rows": 234956, "Actual Loops": 1, "Inner Unique": false, "Merge Cond": "(v.userid = ph.userid)", "Plans": [{"Node Type": "Index Scan", "Parent Relationship": "Outer", "Parallel Aware": false, "Async Capable": false, "Scan Direction": "Forward", "Index Name": "idx_votes_userid", "Relation Name": "votes", "Alias": "v", "Startup Cost": 0.42, "Total Cost": 13242.63, "Plan Rows": 993, "Plan Width": 4, "Actual Rows": 791, "Actual Loops": 1, "Filter": "((bountyamount >= 7) AND (creationdate >= '2012-10-27 12:39:18'::timestamp without time zone))", "Rows Removed by Filter": 33993}, {"Node Type": "Index Scan", "Parent Relationship": "Inner", "Parallel Aware": false, "Async Capable": false, "Scan Direction": "Forward", "Index Name": "idx_posthistory_userid", "Relation Name": "posthistory", "Alias": "ph", "Startup Cost": 0.42, "Total Cost": 12849.99, "Plan Rows": 171369, "Plan Width": 4, "Actual Rows": 348537, "Actual Loops": 1, "Filter": "(creationdate <= '2013-07-25 19:13:37'::timestamp without time zone)", "Rows Removed by Filter": 294663}]}]}]}]}, "Planning Time": 5.133, "Triggers": [], "Execution Time": 517.847}, {"Plan": {"Node Type": "Aggregate", "Strategy": "Plain", "Partial Mode": "Simple", "Parallel Aware": false, "Async Capable": false, "Startup Cost": 10241.01, "Total Cost": 10241.02, "Plan Rows": 1, "Plan Width": 8, "Actual Rows": 1, "Actual Loops": 1, "Plans": [{"Node Type": "Merge Join", "Parent Relationship": "Outer", "Parallel Aware": false, "Async Capable": false, "Join Type": "Inner", "Startup Cost": 8052.8, "Total Cost": 9407.4, "Plan Rows": 333445, "Plan Width": 0, "Actual Rows": 1052545, "Actual Loops": 1, "Inner Unique": false, "Merge Cond": "(v.userid = c.userid)", "Plans": [{"Node Type": "Nested Loop", "Parent Relationship": "Outer", "Parallel Aware": false, "Async Capable": false, "Join Type": "Inner", "Startup Cost": 1.13, "Total Cost": 3168.78, "Plan Rows": 1071, "Plan Width": 12, "Actual Rows": 24567, "Actual Loops": 1, "Inner Unique": false, "Join Filter": "(ph.userid = v.userid)", "Rows Removed by Join Filter": 0, "Plans": [{"Node Type": "Merge Join", "Parent Relationship": "Outer", "Parallel Aware": false, "Async Capable": false, "Join Type": "Inner", "Startup Cost": 0.71, "Total Cost": 3105.13, "Plan Rows": 46, "Plan Width": 8, "Actual Rows": 429, "Actual Loops": 1, "Inner Unique": true, "Merge Cond": "(v.userid = u.id)", "Plans": [{"Node Type": "Index Scan", "Parent Relationship": "Outer", "Parallel Aware": false, "Async Capable": false, "Scan Direction": "Forward", "Index Name": "idx_votes_userid", "Relation Name": "votes", "Alias": "v", "Startup Cost": 0.42, "Total Cost": 13242.63, "Plan Rows": 993, "Plan Width": 4, "Actual Rows": 758, "Actual Loops": 1, "Filter": "((bountyamount >= 7) AND (creationdate >= '2012-10-27 12:39:18'::timestamp without time zone))", "Rows Removed by Filter": 32945}, {"Node Type": "Index Scan", "Parent Relationship": "Inner", "Parallel Aware": false, "Async Capable": false, "Scan Direction": "Forward", "Index Name": "users_pkey", "Relation Name": "users", "Alias": "u", "Startup Cost": 0.29, "Total Cost": 1659.6, "Plan Rows": 17658, "Plan Width": 4, "Actual Rows": 17663, "Actual Loops": 1, "Filter": "((upvotes <= 9743) AND (creationdate >= '2011-11-11 00:07:20'::timestamp without time zone) AND (creationdate <= '2013-10-12 01:25:16'::timestamp without time zone))", "Rows Removed by Filter": 22662}]}, {"Node Type": "Index Scan", "Parent Relationship": "Inner", "Parallel Aware": false, "Async Capable": false, "Scan Direction": "Forward", "Index Name": "idx_posthistory_userid", "Relation Name": "posthistory", "Alias": "ph", "Startup Cost": 0.42, "Total Cost": 1.28, "Plan Rows": 8, "Plan Width": 4, "Actual Rows": 57, "Actual Loops": 429, "Index Cond": "(userid = u.id)", "Rows Removed by Index Recheck": 0, "Filter": "(creationdate <= '2013-07-25 19:13:37'::timestamp without time zone)", "Rows Removed by Filter": 63}]}, {"Node Type": "Materialize", "Parent Relationship": "Inner", "Parallel Aware": false, "Async Capable": false, "Startup Cost": 8051.67, "Total Cost": 8864.61, "Plan Rows": 46420, "Plan Width": 8, "Actual Rows": 1058674, "Actual Loops": 1, "Plans": [{"Node Type": "Merge Join", "Parent Relationship": "Outer", "Parallel Aware": false, "Async Capable": false, "Join Type": "Inner", "Startup Cost": 8051.67, "Total Cost": 8748.56, "Plan Rows": 46420, "Plan Width": 8, "Actual Rows": 7094, "Actual Loops": 1, "Inner Unique": false, "Merge Cond": "(p.owneruserid = c.userid)", "Plans": [{"Node Type": "Sort", "Parent Relationship": "Outer", "Parallel Aware": false, "Async Capable": false, "Startup Cost": 2703.61, "Total Cost": 2704.94, "Plan Rows": 532, "Plan Width": 4, "Actual Rows": 357, "Actual Loops": 1, "Sort Key": ["p.owneruserid"], "Sort Method": "quicksort", "Sort Space Used": 25, "Sort Space Type": "Memory", "Plans": [{"Node Type": "Seq Scan", "Parent Relationship": "Outer", "Parallel Aware": false, "Async Capable": false, "Relation Name": "posts", "Alias": "p", "Startup Cost": 0.0, "Total Cost": 2679.52, "Plan Rows": 532, "Plan Width": 4, "Actual Rows": 368, "Actual Loops": 1, "Filter": "((answercount >= 4) AND (answercount <= 76) AND (creationdate >= '2012-04-07 01:35:06'::timestamp without time zone) AND (creationdate <= '2013-09-02 03:08:55'::timestamp without time zone))", "Rows Removed by Filter": 91608}]}, {"Node Type": "Sort", "Parent Relationship": "Inner", "Parallel Aware": false, "Async Capable": false, "Startup Cost": 5348.05, "Total Cost": 5410.52, "Plan Rows": 24988, "Plan Width": 4, "Actual Rows": 22946, "Actual Loops": 1, "Sort Key": ["c.userid"], "Sort Method": "quicksort", "Sort Space Used": 769, "Sort Space Type": "Memory", "Plans": [{"Node Type": "Seq Scan", "Parent Relationship": "Outer", "Parallel Aware": false, "Async Capable": false, "Relation Name": "comments", "Alias": "c", "Startup Cost": 0.0, "Total Cost": 3522.81, "Plan Rows": 24988, "Plan Width": 4, "Actual Rows": 25003, "Actual Loops": 1, "Filter": "(score = 1)", "Rows Removed by Filter": 149302}]}]}]}]}]}, "Planning Time": 5.161, "Triggers": [], "Execution Time": 226.824}, {"Plan": {"Node Type": "Aggregate", "Strategy": "Plain", "Partial Mode": "Simple", "Parallel Aware": false, "Async Capable": false, "Startup Cost": 98842.91, "Total Cost": 98842.92, "Plan Rows": 1, "Plan Width": 8, "Actual Rows": 1, "Actual Loops": 1, "Plans": [{"Node Type": "Merge Join", "Parent Relationship": "Outer", "Parallel Aware": false, "Async Capable": false, "Join Type": "Inner", "Startup Cost": 8052.97, "Total Cost": 98009.3, "Plan Rows": 333445, "Plan Width": 0, "Actual Rows": 1052545, "Actual Loops": 1, "Inner Unique": false, "Merge Cond": "(v.userid = u.id)", "Plans": [{"Node Type": "Index Scan", "Parent Relationship": "Outer", "Parallel Aware": false, "Async Capable": false, "Scan Direction": "Forward", "Index Name": "idx_votes_userid", "Relation Name": "votes", "Alias": "v", "Startup Cost": 0.42, "Total Cost": 13242.63, "Plan Rows": 993, "Plan Width": 4, "Actual Rows": 619, "Actual Loops": 1, "Filter": "((bountyamount >= 7) AND (creationdate >= '2012-10-27 12:39:18'::timestamp without time zone))", "Rows Removed by Filter": 28189}, {"Node Type": "Materialize", "Parent Relationship": "Inner", "Parallel Aware": false, "Async Capable": false, "Startup Cost": 8052.55, "Total Cost": 53564.11, "Plan Rows": 17040203, "Plan Width": 16, "Actual Rows": 1869953, "Actual Loops": 1, "Plans": [{"Node Type": "Merge Join", "Parent Relationship": "Outer", "Parallel Aware": false, "Async Capable": false, "Join Type": "Inner", "Startup Cost": 8052.55, "Total Cost": 10963.61, "Plan Rows": 17040203, "Plan Width": 16, "Actual Rows": 1147864, "Actual Loops": 1, "Inner Unique": false, "Merge Cond": "(u.id = c.userid)", "Plans": [{"Node Type": "Nested Loop", "Parent Relationship": "Outer", "Parallel Aware": false, "Async Capable": false, "Join Type": "Inner", "Startup Cost": 2704.32, "Total Cost": 4724.57, "Plan Rows": 76714, "Plan Width": 12, "Actual Rows": 12616, "Actual Loops": 1, "Inner Unique": false, "Plans": [{"Node Type": "Merge Join", "Parent Relationship": "Outer", "Parallel Aware": false, "Async Capable": false, "Join Type": "Inner", "Startup Cost": 2703.9, "Total Cost": 4412.26, "Plan Rows": 229, "Plan Width": 8, "Actual Rows": 295, "Actual Loops": 1, "Inner Unique": false, "Merge Cond": "(u.id = p.owneruserid)", "Plans": [{"Node Type": "Index Scan", "Parent Relationship": "Outer", "Parallel Aware": false, "Async Capable": false, "Scan Direction": "Forward", "Index Name": "users_pkey", "Relation Name": "users", "Alias": "u", "Startup Cost": 0.29, "Total Cost": 1659.6, "Plan Rows": 17658, "Plan Width": 4, "Actual Rows": 16559, "Actual Loops": 1, "Filter": "((upvotes <= 9743) AND (creationdate >= '2011-11-11 00:07:20'::timestamp without time zone) AND (creationdate <= '2013-10-12 01:25:16'::timestamp without time zone))", "Rows Removed by Filter": 5304}, {"Node Type": "Sort", "Parent Relationship": "Inner", "Parallel Aware": false, "Async Capable": false, "Startup Cost": 2703.61, "Total Cost": 2704.94, "Plan Rows": 532, "Plan Width": 4, "Actual Rows": 367, "Actual Loops": 1, "Sort Key": ["p.owneruserid"], "Sort Method": "quicksort", "Sort Space Used": 25, "Sort Space Type": "Memory", "Plans": [{"Node Type": "Seq Scan", "Parent Relationship": "Outer", "Parallel Aware": false, "Async Capable": false, "Relation Name": "posts", "Alias": "p", "Startup Cost": 0.0, "Total Cost": 2679.52, "Plan Rows": 532, "Plan Width": 4, "Actual Rows": 368, "Actual Loops": 1, "Filter": "((answercount >= 4) AND (answercount <= 76) AND (creationdate >= '2012-04-07 01:35:06'::timestamp without time zone) AND (creationdate <= '2013-09-02 03:08:55'::timestamp without time zone))", "Rows Removed by Filter": 91608}]}]}, {"Node Type": "Index Scan", "Parent Relationship": "Inner", "Parallel Aware": false, "Async Capable": false, "Scan Direction": "Forward", "Index Name": "idx_posthistory_userid", "Relation Name": "posthistory", "Alias": "ph", "Startup Cost": 0.42, "Total Cost": 1.28, "Plan Rows": 8, "Plan Width": 4, "Actual Rows": 43, "Actual Loops": 295, "Index Cond": "(userid = u.id)", "Rows Removed by Index Recheck": 0, "Filter": "(creationdate <= '2013-07-25 19:13:37'::timestamp without time zone)", "Rows Removed by Filter": 16}]}, {"Node Type": "Sort", "Parent Relationship": "Inner", "Parallel Aware": false, "Async Capable": false, "Startup Cost": 5348.05, "Total Cost": 5410.52, "Plan Rows": 24988, "Plan Width": 4, "Actual Rows": 1168690, "Actual Loops": 1, "Sort Key": ["c.userid"], "Sort Method": "quicksort", "Sort Space Used": 769, "Sort Space Type": "Memory", "Plans": [{"Node Type": "Seq Scan", "Parent Relationship": "Outer", "Parallel Aware": false, "Async Capable": false, "Relation Name": "comments", "Alias": "c", "Startup Cost": 0.0, "Total Cost": 3522.81, "Plan Rows": 24988, "Plan Width": 4, "Actual Rows": 25003, "Actual Loops": 1, "Filter": "(score = 1)", "Rows Removed by Filter": 149302}]}]}]}]}]}, "Planning Time": 4.991, "Triggers": [], "Execution Time": 485.191}, {"Plan": {"Node Type": "Aggregate", "Strategy": "Plain", "Partial Mode": "Simple", "Parallel Aware": false, "Async Capable": false, "Startup Cost": 224840.22, "Total Cost": 224840.23, "Plan Rows": 1, "Plan Width": 8, "Actual Rows": 1, "Actual Loops": 1, "Plans": [{"Node Type": "Merge Join", "Parent Relationship": "Outer", "Parallel Aware": false, "Async Capable": false, "Join Type": "Inner", "Startup Cost": 8052.81, "Total Cost": 224006.61, "Plan Rows": 333445, "Plan Width": 0, "Actual Rows": 1052545, "Actual Loops": 1, "Inner Unique": false, "Merge Cond": "(v.userid = c.userid)", "Plans": [{"Node Type": "Merge Join", "Parent Relationship": "Outer", "Parallel Aware": false, "Async Capable": false, "Join Type": "Inner", "Startup Cost": 0.71, "Total Cost": 3105.13, "Plan Rows": 46, "Plan Width": 8, "Actual Rows": 385, "Actual Loops": 1, "Inner Unique": true, "Merge Cond": "(v.userid = u.id)", "Plans": [{"Node Type": "Index Scan", "Parent Relationship": "Outer", "Parallel Aware": false, "Async Capable": false, "Scan Direction": "Forward", "Index Name": "idx_votes_userid", "Relation Name": "votes", "Alias": "v", "Startup Cost": 0.42, "Total Cost": 13242.63, "Plan Rows": 993, "Plan Width": 4, "Actual Rows": 619, "Actual Loops": 1, "Filter": "((bountyamount >= 7) AND (creationdate >= '2012-10-27 12:39:18'::timestamp without time zone))", "Rows Removed by Filter": 28189}, {"Node Type": "Index Scan", "Parent Relationship": "Inner", "Parallel Aware": false, "Async Capable": false, "Scan Direction": "Forward", "Index Name": "users_pkey", "Relation Name": "users", "Alias": "u", "Startup Cost": 0.29, "Total Cost": 1659.6, "Plan Rows": 17658, "Plan Width": 4, "Actual Rows": 15166, "Actual Loops": 1, "Filter": "((upvotes <= 9743) AND (creationdate >= '2011-11-11 00:07:20'::timestamp without time zone) AND (creationdate <= '2013-10-12 01:25:16'::timestamp without time zone))", "Rows Removed by Filter": 5304}]}, {"Node Type": "Materialize", "Parent Relationship": "Inner", "Parallel Aware": false, "Async Capable": false, "Startup Cost": 8052.1, "Total Cost": 121411.31, "Plan Rows": 39568621, "Plan Width": 12, "Actual Rows": 21896049, "Actual Loops": 1, "Plans": [{"Node Type": "Nested Loop", "Parent Relationship": "Outer", "Parallel Aware": false, "Async Capable": false, "Join Type": "Inner", "Startup Cost": 8052.1, "Total Cost": 22489.76, "Plan Rows": 39568621, "Plan Width": 12, "Actual Rows": 21173960, "Actual Loops": 1, "Inner Unique": false, "Join Filter": "(c.userid = ph.userid)", "Rows Removed by Join Filter": 0, "Plans": [{"Node Type": "Merge Join", "Parent Relationship": "Outer", "Parallel Aware": false, "Async Capable": false, "Join Type": "Inner", "Startup Cost": 8051.67, "Total Cost": 8748.56, "Plan Rows": 46420, "Plan Width": 8, "Actual Rows": 7108, "Actual Loops": 1, "Inner Unique": false, "Merge Cond": "(p.owneruserid = c.userid)", "Plans": [{"Node Type": "Sort", "Parent Relationship": "Outer", "Parallel Aware": false, "Async Capable": false, "Startup Cost": 2703.61, "Total Cost": 2704.94, "Plan Rows": 532, "Plan Width": 4, "Actual Rows": 367, "Actual Loops": 1, "Sort Key": ["p.owneruserid"], "Sort Method": "quicksort", "Sort Space Used": 25, "Sort Space Type": "Memory", "Plans": [{"Node Type": "Seq Scan", "Parent Relationship": "Outer", "Parallel Aware": false, "Async Capable": false, "Relation Name": "posts", "Alias": "p", "Startup Cost": 0.0, "Total Cost": 2679.52, "Plan Rows": 532, "Plan Width": 4, "Actual Rows": 368, "Actual Loops": 1, "Filter": "((answercount >= 4) AND (answercount <= 76) AND (creationdate >= '2012-04-07 01:35:06'::timestamp without time zone) AND (creationdate <= '2013-09-02 03:08:55'::timestamp without time zone))", "Rows Removed by Filter": 91608}]}, {"Node Type": "Sort", "Parent Relationship": "Inner", "Parallel Aware": false, "Async Capable": false, "Startup Cost": 5348.05, "Total Cost": 5410.52, "Plan Rows": 24988, "Plan Width": 4, "Actual Rows": 23388, "Actual Loops": 1, "Sort Key": ["c.userid"], "Sort Method": "quicksort", "Sort Space Used": 769, "Sort Space Type": "Memory", "Plans": [{"Node Type": "Seq Scan", "Parent Relationship": "Outer", "Parallel Aware": false, "Async Capable": false, "Relation Name": "comments", "Alias": "c", "Startup Cost": 0.0, "Total Cost": 3522.81, "Plan Rows": 24988, "Plan Width": 4, "Actual Rows": 25003, "Actual Loops": 1, "Filter": "(score = 1)", "Rows Removed by Filter": 149302}]}]}, {"Node Type": "Memoize", "Parent Relationship": "Inner", "Parallel Aware": false, "Async Capable": false, "Startup Cost": 0.43, "Total Cost": 14.39, "Plan Rows": 8, "Plan Width": 4, "Actual Rows": 2979, "Actual Loops": 7108, "Cache Key": "p.owneruserid", "Cache Mode": "logical", "Cache Hits": 6947, "Cache Misses": 161, "Cache Evictions": 0, "Cache Overflows": 0, "Peak Memory Usage": 913, "Plans": [{"Node Type": "Index Scan", "Parent Relationship": "Outer", "Parallel Aware": false, "Async Capable": false, "Scan Direction": "Forward", "Index Name": "idx_posthistory_userid", "Relation Name": "posthistory", "Alias": "ph", "Startup Cost": 0.42, "Total Cost": 14.38, "Plan Rows": 8, "Plan Width": 4, "Actual Rows": 159, "Actual Loops": 161, "Index Cond": "(userid = p.owneruserid)", "Rows Removed by Index Recheck": 0, "Filter": "(creationdate <= '2013-07-25 19:13:37'::timestamp without time zone)", "Rows Removed by Filter": 75}]}]}]}]}]}, "Planning Time": 5.214, "Triggers": [], "Execution Time": 4619.459}, {"Plan": {"Node Type": "Aggregate", "Strategy": "Plain", "Partial Mode": "Finalize", "Parallel Aware": false, "Async Capable": false, "Startup Cost": 14409.87, "Total Cost": 14409.88, "Plan Rows": 1, "Plan Width": 8, "Actual Rows": 1, "Actual Loops": 1, "Plans": [{"Node Type": "Gather", "Parent Relationship": "Outer", "Parallel Aware": false, "Async Capable": false, "Startup Cost": 14409.76, "Total Cost": 14409.87, "Plan Rows": 1, "Plan Width": 8, "Actual Rows": 2, "Actual Loops": 1, "Workers Planned": 1, "Workers Launched": 1, "Single Copy": false, "Plans": [{"Node Type": "Aggregate", "Strategy": "Plain", "Partial Mode": "Partial", "Parent Relationship": "Outer", "Parallel Aware": false, "Async Capable": false, "Startup Cost": 13409.76, "Total Cost": 13409.77, "Plan Rows": 1, "Plan Width": 8, "Actual Rows": 1, "Actual Loops": 2, "Workers": [], "Plans": [{"Node Type": "Merge Join", "Parent Relationship": "Outer", "Parallel Aware": false, "Async Capable": false, "Join Type": "Inner", "Startup Cost": 8052.98, "Total Cost": 12919.4, "Plan Rows": 196144, "Plan Width": 0, "Actual Rows": 526272, "Actual Loops": 2, "Inner Unique": true, "Merge Cond": "(v.userid = u.id)", "Workers": [], "Plans": [{"Node Type": "Merge Join", "Parent Relationship": "Outer", "Parallel Aware": false, "Async Capable": false, "Join Type": "Inner", "Startup Cost": 8052.69, "Total Cost": 8825.32, "Plan Rows": 4235585, "Plan Width": 16, "Actual Rows": 37958978, "Actual Loops": 2, "Inner Unique": false, "Merge Cond": "(v.userid = c.userid)", "Workers": [], "Plans": [{"Node Type": "Merge Join", "Parent Relationship": "Outer", "Parallel Aware": false, "Async Capable": false, "Join Type": "Inner", "Startup Cost": 2704.45, "Total Cost": 4261.47, "Plan Rows": 8819, "Plan Width": 12, "Actual Rows": 33011, "Actual Loops": 2, "Inner Unique": false, "Merge Cond": "(v.userid = p.owneruserid)", "Workers": [], "Plans": [{"Node Type": "Merge Join", "Parent Relationship": "Outer", "Parallel Aware": false, "Async Capable": false, "Join Type": "Inner", "Startup Cost": 0.84, "Total Cost": 14605.8, "Plan Rows": 13610, "Plan Width": 8, "Actual Rows": 117478, "Actual Loops": 2, "Inner Unique": false, "Merge Cond": "(v.userid = ph.userid)", "Workers": [], "Plans": [{"Node Type": "Index Scan", "Parent Relationship": "Outer", "Parallel Aware": true, "Async Capable": false, "Scan Direction": "Forward", "Index Name": "idx_votes_userid", "Relation Name": "votes", "Alias": "v", "Startup Cost": 0.42, "Total Cost": 11216.36, "Plan Rows": 584, "Plan Width": 4, "Actual Rows": 396, "Actual Loops": 2, "Filter": "((bountyamount >= 7) AND (creationdate >= '2012-10-27 12:39:18'::timestamp without time zone))", "Rows Removed by Filter": 80984, "Workers": []}, {"Node Type": "Index Scan", "Parent Relationship": "Inner", "Parallel Aware": false, "Async Capable": false, "Scan Direction": "Forward", "Index Name": "idx_posthistory_userid", "Relation Name": "posthistory", "Alias": "ph", "Startup Cost": 0.42, "Total Cost": 12849.99, "Plan Rows": 171369, "Plan Width": 4, "Actual Rows": 196092, "Actual Loops": 2, "Filter": "(creationdate <= '2013-07-25 19:13:37'::timestamp without time zone)", "Rows Removed by Filter": 154290, "Workers": []}]}, {"Node Type": "Sort", "Parent Relationship": "Inner", "Parallel Aware": false, "Async Capable": false, "Startup Cost": 2703.61, "Total Cost": 2704.94, "Plan Rows": 532, "Plan Width": 4, "Actual Rows": 33163, "Actual Loops": 2, "Sort Key": ["p.owneruserid"], "Sort Method": "quicksort", "Sort Space Used": 25, "Sort Space Type": "Memory", "Workers": [{"Worker Number": 0, "Sort Method": "quicksort", "Sort Space Used": 25, "Sort Space Type": "Memory"}], "Plans": [{"Node Type": "Seq Scan", "Parent Relationship": "Outer", "Parallel Aware": false, "Async Capable": false, "Relation Name": "posts", "Alias": "p", "Startup Cost": 0.0, "Total Cost": 2679.52, "Plan Rows": 532, "Plan Width": 4, "Actual Rows": 368, "Actual Loops": 2, "Filter": "((answercount >= 4) AND (answercount <= 76) AND (creationdate >= '2012-04-07 01:35:06'::timestamp without time zone) AND (creationdate <= '2013-09-02 03:08:55'::timestamp without time zone))", "Rows Removed by Filter": 91608, "Workers": []}]}]}, {"Node Type": "Sort", "Parent Relationship": "Inner", "Parallel Aware": false, "Async Capable": false, "Startup Cost": 5348.05, "Total Cost": 5410.52, "Plan Rows": 24988, "Plan Width": 4, "Actual Rows": 37971136, "Actual Loops": 2, "Sort Key": ["c.userid"], "Sort Method": "quicksort", "Sort Space Used": 769, "Sort Space Type": "Memory", "Workers": [{"Worker Number": 0, "Sort Method": "quicksort", "Sort Space Used": 769, "Sort Space Type": "Memory"}], "Plans": [{"Node Type": "Seq Scan", "Parent Relationship": "Outer", "Parallel Aware": false, "Async Capable": false, "Relation Name": "comments", "Alias": "c", "Startup Cost": 0.0, "Total Cost": 3522.81, "Plan Rows": 24988, "Plan Width": 4, "Actual Rows": 25003, "Actual Loops": 2, "Filter": "(score = 1)", "Rows Removed by Filter": 149302, "Workers": []}]}]}, {"Node Type": "Index Scan", "Parent Relationship": "Inner", "Parallel Aware": false, "Async Capable": false, "Scan Direction": "Forward", "Index Name": "users_pkey", "Relation Name": "users", "Alias": "u", "Startup Cost": 0.29, "Total Cost": 1659.6, "Plan Rows": 17658, "Plan Width": 4, "Actual Rows": 6682, "Actual Loops": 2, "Filter": "((upvotes <= 9743) AND (creationdate >= '2011-11-11 00:07:20'::timestamp without time zone) AND (creationdate <= '2013-10-12 01:25:16'::timestamp without time zone))", "Rows Removed by Filter": 5298, "Workers": []}]}]}]}]}, "Planning Time": 5.199, "Triggers": [], "Execution Time": 4598.81}, {"Plan": {"Node Type": "Aggregate", "Strategy": "Plain", "Partial Mode": "Simple", "Parallel Aware": false, "Async Capable": false, "Startup Cost": 14788.28, "Total Cost": 14788.29, "Plan Rows": 1, "Plan Width": 8, "Actual Rows": 1, "Actual Loops": 1, "Plans": [{"Node Type": "Merge Join", "Parent Relationship": "Outer", "Parallel Aware": false, "Async Capable": false, "Join Type": "Inner", "Startup Cost": 1.72, "Total Cost": 13954.66, "Plan Rows": 333445, "Plan Width": 0, "Actual Rows": 1052545, "Actual Loops": 1, "Inner Unique": false, "Merge Cond": "(v.userid = p.owneruserid)", "Plans": [{"Node Type": "Nested Loop", "Parent Relationship": "Outer", "Parallel Aware": false, "Async Capable": false, "Join Type": "Inner", "Startup Cost": 1.01, "Total Cost": 3147.75, "Plan Rows": 211, "Plan Width": 12, "Actual Rows": 4186, "Actual Loops": 1, "Inner Unique": false, "Join Filter": "(c.userid = v.userid)", "Rows Removed by Join Filter": 0, "Plans": [{"Node Type": "Merge Join", "Parent Relationship": "Outer", "Parallel Aware": false, "Async Capable": false, "Join Type": "Inner", "Startup Cost": 0.71, "Total Cost": 3105.13, "Plan Rows": 46, "Plan Width": 8, "Actual Rows": 386, "Actual Loops": 1, "Inner Unique": true, "Merge Cond": "(v.userid = u.id)", "Plans": [{"Node Type": "Index Scan", "Parent Relationship": "Outer", "Parallel Aware": false, "Async Capable": false, "Scan Direction": "Forward", "Index Name": "idx_votes_userid", "Relation Name": "votes", "Alias": "v", "Startup Cost": 0.42, "Total Cost": 13242.63, "Plan Rows": 993, "Plan Width": 4, "Actual Rows": 620, "Actual Loops": 1, "Filter": "((bountyamount >= 7) AND (creationdate >= '2012-10-27 12:39:18'::timestamp without time zone))", "Rows Removed by Filter": 28229}, {"Node Type": "Index Scan", "Parent Relationship": "Inner", "Parallel Aware": false, "Async Capable": false, "Scan Direction": "Forward", "Index Name": "users_pkey", "Relation Name": "users", "Alias": "u", "Startup Cost": 0.29, "Total Cost": 1659.6, "Plan Rows": 17658, "Plan Width": 4, "Actual Rows": 15260, "Actual Loops": 1, "Filter": "((upvotes <= 9743) AND (creationdate >= '2011-11-11 00:07:20'::timestamp without time zone) AND (creationdate <= '2013-10-12 01:25:16'::timestamp without time zone))", "Rows Removed by Filter": 5304}]}, {"Node Type": "Index Scan", "Parent Relationship": "Inner", "Parallel Aware": false, "Async Capable": false, "Scan Direction": "Forward", "Index Name": "idx_comments_userid", "Relation Name": "comments", "Alias": "c", "Startup Cost": 0.29, "Total Cost": 0.9, "Plan Rows": 2, "Plan Width": 4, "Actual Rows": 11, "Actual Loops": 386, "Index Cond": "(userid = u.id)", "Rows Removed by Index Recheck": 0, "Filter": "(score = 1)", "Rows Removed by Filter": 69}]}, {"Node Type": "Materialize", "Parent Relationship": "Inner", "Parallel Aware": false, "Async Capable": false, "Startup Cost": 0.71, "Total Cost": 13148.94, "Plan Rows": 177882, "Plan Width": 8, "Actual Rows": 1085109, "Actual Loops": 1, "Plans": [{"Node Type": "Nested Loop", "Parent Relationship": "Outer", "Parallel Aware": false, "Async Capable": false, "Join Type": "Inner", "Startup Cost": 0.71, "Total Cost": 12704.23, "Plan Rows": 177882, "Plan Width": 8, "Actual Rows": 38203, "Actual Loops": 1, "Inner Unique": false, "Plans": [{"Node Type": "Index Scan", "Parent Relationship": "Outer", "Parallel Aware": false, "Async Capable": false, "Scan Direction": "Forward", "Index Name": "idx_posts_owneruserid", "Relation Name": "posts", "Alias": "p", "Startup Cost": 0.29, "Total Cost": 5013.43, "Plan Rows": 532, "Plan Width": 4, "Actual Rows": 368, "Actual Loops": 1, "Filter": "((answercount >= 4) AND (answercount <= 76) AND (creationdate >= '2012-04-07 01:35:06'::timestamp without time zone) AND (creationdate <= '2013-09-02 03:08:55'::timestamp without time zone))", "Rows Removed by Filter": 91608}, {"Node Type": "Index Scan", "Parent Relationship": "Inner", "Parallel Aware": false, "Async Capable": false, "Scan Direction": "Forward", "Index Name": "idx_posthistory_userid", "Relation Name": "posthistory", "Alias": "ph", "Startup Cost": 0.42, "Total Cost": 14.38, "Plan Rows": 8, "Plan Width": 4, "Actual Rows": 104, "Actual Loops": 368, "Index Cond": "(userid = p.owneruserid)", "Rows Removed by Index Recheck": 0, "Filter": "(creationdate <= '2013-07-25 19:13:37'::timestamp without time zone)", "Rows Removed by Filter": 41}]}]}]}]}, "Planning Time": 4.968, "Triggers": [], "Execution Time": 278.166}, {"Plan": {"Node Type": "Aggregate", "Strategy": "Plain", "Partial Mode": "Simple", "Parallel Aware": false, "Async Capable": false, "Startup Cost": 4303.3, "Total Cost": 4303.31, "Plan Rows": 1, "Plan Width": 8, "Actual Rows": 1, "Actual Loops": 1, "Plans": [{"Node Type": "Nested Loop", "Parent Relationship": "Outer", "Parallel Aware": false, "Async Capable": false, "Join Type": "Inner", "Startup Cost": 2705.04, "Total Cost": 3469.68, "Plan Rows": 333445, "Plan Width": 0, "Actual Rows": 1052545, "Actual Loops": 1, "Inner Unique": false, "Join Filter": "(c.userid = v.userid)", "Rows Removed by Join Filter": 0, "Plans": [{"Node Type": "Merge Join", "Parent Relationship": "Outer", "Parallel Aware": false, "Async Capable": false, "Join Type": "Inner", "Startup Cost": 2704.74, "Total Cost": 3042.38, "Plan Rows": 694, "Plan Width": 16, "Actual Rows": 17522, "Actual Loops": 1, "Inner Unique": false, "Merge Cond": "(v.userid = p.owneruserid)", "Plans": [{"Node Type": "Nested Loop", "Parent Relationship": "Outer", "Parallel Aware": false, "Async Capable": false, "Join Type": "Inner", "Startup Cost": 1.13, "Total Cost": 3168.78, "Plan Rows": 1071, "Plan Width": 12, "Actual Rows": 24567, "Actual Loops": 1, "Inner Unique": false, "Join Filter": "(ph.userid = v.userid)", "Rows Removed by Join Filter": 0, "Plans": [{"Node Type": "Merge Join", "Parent Relationship": "Outer", "Parallel Aware": false, "Async Capable": false, "Join Type": "Inner", "Startup Cost": 0.71, "Total Cost": 3105.13, "Plan Rows": 46, "Plan Width": 8, "Actual Rows": 429, "Actual Loops": 1, "Inner Unique": true, "Merge Cond": "(v.userid = u.id)", "Plans": [{"Node Type": "Index Scan", "Parent Relationship": "Outer", "Parallel Aware": false, "Async Capable": false, "Scan Direction": "Forward", "Index Name": "idx_votes_userid", "Relation Name": "votes", "Alias": "v", "Startup Cost": 0.42, "Total Cost": 13242.63, "Plan Rows": 993, "Plan Width": 4, "Actual Rows": 758, "Actual Loops": 1, "Filter": "((bountyamount >= 7) AND (creationdate >= '2012-10-27 12:39:18'::timestamp without time zone))", "Rows Removed by Filter": 32945}, {"Node Type": "Index Scan", "Parent Relationship": "Inner", "Parallel Aware": false, "Async Capable": false, "Scan Direction": "Forward", "Index Name": "users_pkey", "Relation Name": "users", "Alias": "u", "Startup Cost": 0.29, "Total Cost": 1659.6, "Plan Rows": 17658, "Plan Width": 4, "Actual Rows": 17663, "Actual Loops": 1, "Filter": "((upvotes <= 9743) AND (creationdate >= '2011-11-11 00:07:20'::timestamp without time zone) AND (creationdate <= '2013-10-12 01:25:16'::timestamp without time zone))", "Rows Removed by Filter": 22662}]}, {"Node Type": "Index Scan", "Parent Relationship": "Inner", "Parallel Aware": false, "Async Capable": false, "Scan Direction": "Forward", "Index Name": "idx_posthistory_userid", "Relation Name": "posthistory", "Alias": "ph", "Startup Cost": 0.42, "Total Cost": 1.28, "Plan Rows": 8, "Plan Width": 4, "Actual Rows": 57, "Actual Loops": 429, "Index Cond": "(userid = u.id)", "Rows Removed by Index Recheck": 0, "Filter": "(creationdate <= '2013-07-25 19:13:37'::timestamp without time zone)", "Rows Removed by Filter": 63}]}, {"Node Type": "Sort", "Parent Relationship": "Inner", "Parallel Aware": false, "Async Capable": false, "Startup Cost": 2703.61, "Total Cost": 2704.94, "Plan Rows": 532, "Plan Width": 4, "Actual Rows": 17826, "Actual Loops": 1, "Sort Key": ["p.owneruserid"], "Sort Method": "quicksort", "Sort Space Used": 25, "Sort Space Type": "Memory", "Plans": [{"Node Type": "Seq Scan", "Parent Relationship": "Outer", "Parallel Aware": false, "Async Capable": false, "Relation Name": "posts", "Alias": "p", "Startup Cost": 0.0, "Total Cost": 2679.52, "Plan Rows": 532, "Plan Width": 4, "Actual Rows": 368, "Actual Loops": 1, "Filter": "((answercount >= 4) AND (answercount <= 76) AND (creationdate >= '2012-04-07 01:35:06'::timestamp without time zone) AND (creationdate <= '2013-09-02 03:08:55'::timestamp without time zone))", "Rows Removed by Filter": 91608}]}]}, {"Node Type": "Index Scan", "Parent Relationship": "Inner", "Parallel Aware": false, "Async Capable": false, "Scan Direction": "Forward", "Index Name": "idx_comments_userid", "Relation Name": "comments", "Alias": "c", "Startup Cost": 0.29, "Total Cost": 0.59, "Plan Rows": 2, "Plan Width": 4, "Actual Rows": 60, "Actual Loops": 17522, "Index Cond": "(userid = ph.userid)", "Rows Removed by Index Recheck": 0, "Filter": "(score = 1)", "Rows Removed by Filter": 350}]}]}, "Planning Time": 5.082, "Triggers": [], "Execution Time": 1234.451}, {"Plan": {"Node Type": "Aggregate", "Strategy": "Plain", "Partial Mode": "Simple", "Parallel Aware": false, "Async Capable": false, "Startup Cost": 7152.85, "Total Cost": 7152.86, "Plan Rows": 1, "Plan Width": 8, "Actual Rows": 1, "Actual Loops": 1, "Plans": [{"Node Type": "Merge Join", "Parent Relationship": "Outer", "Parallel Aware": false, "Async Capable": false, "Join Type": "Inner", "Startup Cost": 2705.04, "Total Cost": 6319.24, "Plan Rows": 333445, "Plan Width": 0, "Actual Rows": 1052545, "Actual Loops": 1, "Inner Unique": false, "Merge Cond": "(v.userid = u.id)", "Plans": [{"Node Type": "Merge Join", "Parent Relationship": "Outer", "Parallel Aware": false, "Async Capable": false, "Join Type": "Inner", "Startup Cost": 0.84, "Total Cost": 14910.71, "Plan Rows": 23137, "Plan Width": 8, "Actual Rows": 234956, "Actual Loops": 1, "Inner Unique": false, "Merge Cond": "(v.userid = ph.userid)", "Plans": [{"Node Type": "Index Scan", "Parent Relationship": "Outer", "Parallel Aware": false, "Async Capable": false, "Scan Direction": "Forward", "Index Name": "idx_votes_userid", "Relation Name": "votes", "Alias": "v", "Startup Cost": 0.42, "Total Cost": 13242.63, "Plan Rows": 993, "Plan Width": 4, "Actual Rows": 791, "Actual Loops": 1, "Filter": "((bountyamount >= 7) AND (creationdate >= '2012-10-27 12:39:18'::timestamp without time zone))", "Rows Removed by Filter": 33993}, {"Node Type": "Index Scan", "Parent Relationship": "Inner", "Parallel Aware": false, "Async Capable": false, "Scan Direction": "Forward", "Index Name": "idx_posthistory_userid", "Relation Name": "posthistory", "Alias": "ph", "Startup Cost": 0.42, "Total Cost": 12849.99, "Plan Rows": 171369, "Plan Width": 4, "Actual Rows": 348537, "Actual Loops": 1, "Filter": "(creationdate <= '2013-07-25 19:13:37'::timestamp without time zone)", "Rows Removed by Filter": 294663}]}, {"Node Type": "Materialize", "Parent Relationship": "Inner", "Parallel Aware": false, "Async Capable": false, "Startup Cost": 2704.19, "Total Cost": 4673.29, "Plan Rows": 19991, "Plan Width": 12, "Actual Rows": 1053400, "Actual Loops": 1, "Plans": [{"Node Type": "Nested Loop", "Parent Relationship": "Outer", "Parallel Aware": false, "Async Capable": false, "Join Type": "Inner", "Startup Cost": 2704.19, "Total Cost": 4623.31, "Plan Rows": 19991, "Plan Width": 12, "Actual Rows": 1820, "Actual Loops": 1, "Inner Unique": false, "Plans": [{"Node Type": "Merge Join", "Parent Relationship": "Outer", "Parallel Aware": false, "Async Capable": false, "Join Type": "Inner", "Startup Cost": 2703.9, "Total Cost": 4412.26, "Plan Rows": 229, "Plan Width": 8, "Actual Rows": 286, "Actual Loops": 1, "Inner Unique": false, "Merge Cond": "(u.id = p.owneruserid)", "Plans": [{"Node Type": "Index Scan", "Parent Relationship": "Outer", "Parallel Aware": false, "Async Capable": false, "Scan Direction": "Forward", "Index Name": "users_pkey", "Relation Name": "users", "Alias": "u", "Startup Cost": 0.29, "Total Cost": 1659.6, "Plan Rows": 17658, "Plan Width": 4, "Actual Rows": 15260, "Actual Loops": 1, "Filter": "((upvotes <= 9743) AND (creationdate >= '2011-11-11 00:07:20'::timestamp without time zone) AND (creationdate <= '2013-10-12 01:25:16'::timestamp without time zone))", "Rows Removed by Filter": 5304}, {"Node Type": "Sort", "Parent Relationship": "Inner", "Parallel Aware": false, "Async Capable": false, "Startup Cost": 2703.61, "Total Cost": 2704.94, "Plan Rows": 532, "Plan Width": 4, "Actual Rows": 357, "Actual Loops": 1, "Sort Key": ["p.owneruserid"], "Sort Method": "quicksort", "Sort Space Used": 25, "Sort Space Type": "Memory", "Plans": [{"Node Type": "Seq Scan", "Parent Relationship": "Outer", "Parallel Aware": false, "Async Capable": false, "Relation Name": "posts", "Alias": "p", "Startup Cost": 0.0, "Total Cost": 2679.52, "Plan Rows": 532, "Plan Width": 4, "Actual Rows": 368, "Actual Loops": 1, "Filter": "((answercount >= 4) AND (answercount <= 76) AND (creationdate >= '2012-04-07 01:35:06'::timestamp without time zone) AND (creationdate <= '2013-09-02 03:08:55'::timestamp without time zone))", "Rows Removed by Filter": 91608}]}]}, {"Node Type": "Index Scan", "Parent Relationship": "Inner", "Parallel Aware": false, "Async Capable": false, "Scan Direction": "Forward", "Index Name": "idx_comments_userid", "Relation Name": "comments", "Alias": "c", "Startup Cost": 0.29, "Total Cost": 0.9, "Plan Rows": 2, "Plan Width": 4, "Actual Rows": 6, "Actual Loops": 286, "Index Cond": "(userid = u.id)", "Rows Removed by Index Recheck": 0, "Filter": "(score = 1)", "Rows Removed by Filter": 43}]}]}]}]}, "Planning Time": 5.189, "Triggers": [], "Execution Time": 483.981}, {"Plan": {"Node Type": "Aggregate", "Strategy": "Plain", "Partial Mode": "Simple", "Parallel Aware": false, "Async Capable": false, "Startup Cost": 17859.0, "Total Cost": 17859.01, "Plan Rows": 1, "Plan Width": 8, "Plans": [{"Node Type": "Merge Join", "Parent Relationship": "Outer", "Parallel Aware": false, "Async Capable": false, "Join Type": "Inner", "Startup Cost": 8052.91, "Total Cost": 17025.38, "Plan Rows": 333445, "Plan Width": 0, "Inner Unique": false, "Merge Cond": "(u.id = v.userid)", "Plans": [{"Node Type": "Index Scan", "Parent Relationship": "Outer", "Parallel Aware": false, "Async Capable": false, "Scan Direction": "Forward", "Index Name": "users_pkey", "Relation Name": "users", "Alias": "u", "Startup Cost": 0.29, "Total Cost": 1659.6, "Plan Rows": 17658, "Plan Width": 4, "Filter": "((upvotes <= 9743) AND (creationdate >= '2011-11-11 00:07:20'::timestamp without time zone) AND (creationdate <= '2013-10-12 01:25:16'::timestamp without time zone))"}, {"Node Type": "Materialize", "Parent Relationship": "Inner", "Parallel Aware": false, "Async Capable": false, "Startup Cost": 8052.62, "Total Cost": 27256.5, "Plan Rows": 7200495, "Plan Width": 16, "Plans": [{"Node Type": "Merge Join", "Parent Relationship": "Outer", "Parallel Aware": false, "Async Capable": false, "Join Type": "Inner", "Startup Cost": 8052.62, "Total Cost": 9255.27, "Plan Rows": 7200495, "Plan Width": 16, "Inner Unique": false, "Merge Cond": "(v.userid = c.userid)", "Plans": [{"Node Type": "Merge Join", "Parent Relationship": "Outer", "Parallel Aware": false, "Async Capable": false, "Join Type": "Inner", "Startup Cost": 2704.45, "Total Cost": 4303.13, "Plan Rows": 14992, "Plan Width": 12, "Inner Unique": false, "Merge Cond": "(v.userid = p.owneruserid)", "Plans": [{"Node Type": "Merge Join", "Parent Relationship": "Outer", "Parallel Aware": false, "Async Capable": false, "Join Type": "Inner", "Startup Cost": 0.84, "Total Cost": 14910.71, "Plan Rows": 23137, "Plan Width": 8, "Inner Unique": false, "Merge Cond": "(v.userid = ph.userid)", "Plans": [{"Node Type": "Index Scan", "Parent Relationship": "Outer", "Parallel Aware": false, "Async Capable": false, "Scan Direction": "Forward", "Index Name": "idx_votes_userid", "Relation Name": "votes", "Alias": "v", "Startup Cost": 0.42, "Total Cost": 13242.63, "Plan Rows": 993, "Plan Width": 4, "Filter": "((bountyamount >= 7) AND (creationdate >= '2012-10-27 12:39:18'::timestamp without time zone))"}, {"Node Type": "Index Scan", "Parent Relationship": "Inner", "Parallel Aware": false, "Async Capable": false, "Scan Direction": "Forward", "Index Name": "idx_posthistory_userid", "Relation Name": "posthistory", "Alias": "ph", "Startup Cost": 0.42, "Total Cost": 12849.99, "Plan Rows": 171369, "Plan Width": 4, "Filter": "(creationdate <= '2013-07-25 19:13:37'::timestamp without time zone)"}]}, {"Node Type": "Sort", "Parent Relationship": "Inner", "Parallel Aware": false, "Async Capable": false, "Startup Cost": 2703.61, "Total Cost": 2704.94, "Plan Rows": 532, "Plan Width": 4, "Sort Key": ["p.owneruserid"], "Plans": [{"Node Type": "Seq Scan", "Parent Relationship": "Outer", "Parallel Aware": false, "Async Capable": false, "Relation Name": "posts", "Alias": "p", "Startup Cost": 0.0, "Total Cost": 2679.52, "Plan Rows": 532, "Plan Width": 4, "Filter": "((answercount >= 4) AND (answercount <= 76) AND (creationdate >= '2012-04-07 01:35:06'::timestamp without time zone) AND (creationdate <= '2013-09-02 03:08:55'::timestamp without time zone))"}]}]}, {"Node Type": "Sort", "Parent Relationship": "Inner", "Parallel Aware": false, "Async Capable": false, "Startup Cost": 5348.05, "Total Cost": 5410.52, "Plan Rows": 24988, "Plan Width": 4, "Sort Key": ["c.userid"], "Plans": [{"Node Type": "Seq Scan", "Parent Relationship": "Outer", "Parallel Aware": false, "Async Capable": false, "Relation Name": "comments", "Alias": "c", "Startup Cost": 0.0, "Total Cost": 3522.81, "Plan Rows": 24988, "Plan Width": 4, "Filter": "(score = 1)"}]}]}]}]}]}}, {"Plan": {"Node Type": "Aggregate", "Strategy": "Plain", "Partial Mode": "Simple", "Parallel Aware": false, "Async Capable": false, "Startup Cost": 56459.58, "Total Cost": 56459.59, "Plan Rows": 1, "Plan Width": 8, "Actual Rows": 1, "Actual Loops": 1, "Plans": [{"Node Type": "Merge Join", "Parent Relationship": "Outer", "Parallel Aware": false, "Async Capable": false, "Join Type": "Inner", "Startup Cost": 8052.97, "Total Cost": 55625.97, "Plan Rows": 333445, "Plan Width": 0, "Actual Rows": 1052545, "Actual Loops": 1, "Inner Unique": false, "Merge Cond": "(u.id = v.userid)", "Plans": [{"Node Type": "Merge Join", "Parent Relationship": "Outer", "Parallel Aware": false, "Async Capable": false, "Join Type": "Inner", "Startup Cost": 8052.55, "Total Cost": 10963.61, "Plan Rows": 17040203, "Plan Width": 16, "Actual Rows": 1147864, "Actual Loops": 1, "Inner Unique": false, "Merge Cond": "(u.id = c.userid)", "Plans": [{"Node Type": "Nested Loop", "Parent Relationship": "Outer", "Parallel Aware": false, "Async Capable": false, "Join Type": "Inner", "Startup Cost": 2704.32, "Total Cost": 4724.57, "Plan Rows": 76714, "Plan Width": 12, "Actual Rows": 12616, "Actual Loops": 1, "Inner Unique": false, "Plans": [{"Node Type": "Merge Join", "Parent Relationship": "Outer", "Parallel Aware": false, "Async Capable": false, "Join Type": "Inner", "Startup Cost": 2703.9, "Total Cost": 4412.26, "Plan Rows": 229, "Plan Width": 8, "Actual Rows": 295, "Actual Loops": 1, "Inner Unique": false, "Merge Cond": "(u.id = p.owneruserid)", "Plans": [{"Node Type": "Index Scan", "Parent Relationship": "Outer", "Parallel Aware": false, "Async Capable": false, "Scan Direction": "Forward", "Index Name": "users_pkey", "Relation Name": "users", "Alias": "u", "Startup Cost": 0.29, "Total Cost": 1659.6, "Plan Rows": 17658, "Plan Width": 4, "Actual Rows": 16559, "Actual Loops": 1, "Filter": "((upvotes <= 9743) AND (creationdate >= '2011-11-11 00:07:20'::timestamp without time zone) AND (creationdate <= '2013-10-12 01:25:16'::timestamp without time zone))", "Rows Removed by Filter": 5304}, {"Node Type": "Sort", "Parent Relationship": "Inner", "Parallel Aware": false, "Async Capable": false, "Startup Cost": 2703.61, "Total Cost": 2704.94, "Plan Rows": 532, "Plan Width": 4, "Actual Rows": 367, "Actual Loops": 1, "Sort Key": ["p.owneruserid"], "Sort Method": "quicksort", "Sort Space Used": 25, "Sort Space Type": "Memory", "Plans": [{"Node Type": "Seq Scan", "Parent Relationship": "Outer", "Parallel Aware": false, "Async Capable": false, "Relation Name": "posts", "Alias": "p", "Startup Cost": 0.0, "Total Cost": 2679.52, "Plan Rows": 532, "Plan Width": 4, "Actual Rows": 368, "Actual Loops": 1, "Filter": "((answercount >= 4) AND (answercount <= 76) AND (creationdate >= '2012-04-07 01:35:06'::timestamp without time zone) AND (creationdate <= '2013-09-02 03:08:55'::timestamp without time zone))", "Rows Removed by Filter": 91608}]}]}, {"Node Type": "Index Scan", "Parent Relationship": "Inner", "Parallel Aware": false, "Async Capable": false, "Scan Direction": "Forward", "Index Name": "idx_posthistory_userid", "Relation Name": "posthistory", "Alias": "ph", "Startup Cost": 0.42, "Total Cost": 1.28, "Plan Rows": 8, "Plan Width": 4, "Actual Rows": 43, "Actual Loops": 295, "Index Cond": "(userid = u.id)", "Rows Removed by Index Recheck": 0, "Filter": "(creationdate <= '2013-07-25 19:13:37'::timestamp without time zone)", "Rows Removed by Filter": 16}]}, {"Node Type": "Sort", "Parent Relationship": "Inner", "Parallel Aware": false, "Async Capable": false, "Startup Cost": 5348.05, "Total Cost": 5410.52, "Plan Rows": 24988, "Plan Width": 4, "Actual Rows": 1168690, "Actual Loops": 1, "Sort Key": ["c.userid"], "Sort Method": "quicksort", "Sort Space Used": 769, "Sort Space Type": "Memory", "Plans": [{"Node Type": "Seq Scan", "Parent Relationship": "Outer", "Parallel Aware": false, "Async Capable": false, "Relation Name": "comments", "Alias": "c", "Startup Cost": 0.0, "Total Cost": 3522.81, "Plan Rows": 24988, "Plan Width": 4, "Actual Rows": 25003, "Actual Loops": 1, "Filter": "(score = 1)", "Rows Removed by Filter": 149302}]}]}, {"Node Type": "Materialize", "Parent Relationship": "Inner", "Parallel Aware": false, "Async Capable": false, "Startup Cost": 0.42, "Total Cost": 13245.12, "Plan Rows": 993, "Plan Width": 4, "Actual Rows": 1053099, "Actual Loops": 1, "Plans": [{"Node Type": "Index Scan", "Parent Relationship": "Outer", "Parallel Aware": false, "Async Capable": false, "Scan Direction": "Forward", "Index Name": "idx_votes_userid", "Relation Name": "votes", "Alias": "v", "Startup Cost": 0.42, "Total Cost": 13242.63, "Plan Rows": 993, "Plan Width": 4, "Actual Rows": 619, "Actual Loops": 1, "Filter": "((bountyamount >= 7) AND (creationdate >= '2012-10-27 12:39:18'::timestamp without time zone))", "Rows Removed by Filter": 28189}]}]}]}, "Planning Time": 4.559, "Triggers": [], "Execution Time": 304.406}, {"Plan": {"Node Type": "Aggregate", "Strategy": "Plain", "Partial Mode": "Simple", "Parallel Aware": false, "Async Capable": false, "Startup Cost": 68092.76, "Total Cost": 68092.77, "Plan Rows": 1, "Plan Width": 8, "Actual Rows": 1, "Actual Loops": 1, "Plans": [{"Node Type": "Merge Join", "Parent Relationship": "Outer", "Parallel Aware": false, "Async Capable": false, "Join Type": "Inner", "Startup Cost": 8236.92, "Total Cost": 67259.15, "Plan Rows": 333445, "Plan Width": 0, "Actual Rows": 1052545, "Actual Loops": 1, "Inner Unique": false, "Merge Cond": "(v.userid = u.id)", "Plans": [{"Node Type": "Merge Join", "Parent Relationship": "Outer", "Parallel Aware": false, "Async Capable": false, "Join Type": "Inner", "Startup Cost": 2704.03, "Total Cost": 4107.64, "Plan Rows": 45, "Plan Width": 8, "Actual Rows": 184, "Actual Loops": 1, "Inner Unique": false, "Merge Cond": "(v.userid = p.owneruserid)", "Plans": [{"Node Type": "Index Scan", "Parent Relationship": "Outer", "Parallel Aware": false, "Async Capable": false, "Scan Direction": "Forward", "Index Name": "idx_votes_userid", "Relation Name": "votes", "Alias": "v", "Startup Cost": 0.42, "Total Cost": 13242.63, "Plan Rows": 993, "Plan Width": 4, "Actual Rows": 642, "Actual Loops": 1, "Filter": "((bountyamount >= 7) AND (creationdate >= '2012-10-27 12:39:18'::timestamp without time zone))", "Rows Removed by Filter": 29060}, {"Node Type": "Sort", "Parent Relationship": "Inner", "Parallel Aware": false, "Async Capable": false, "Startup Cost": 2703.61, "Total Cost": 2704.94, "Plan Rows": 532, "Plan Width": 4, "Actual Rows": 475, "Actual Loops": 1, "Sort Key": ["p.owneruserid"], "Sort Method": "quicksort", "Sort Space Used": 25, "Sort Space Type": "Memory", "Plans": [{"Node Type": "Seq Scan", "Parent Relationship": "Outer", "Parallel Aware": false, "Async Capable": false, "Relation Name": "posts", "Alias": "p", "Startup Cost": 0.0, "Total Cost": 2679.52, "Plan Rows": 532, "Plan Width": 4, "Actual Rows": 368, "Actual Loops": 1, "Filter": "((answercount >= 4) AND (answercount <= 76) AND (creationdate >= '2012-04-07 01:35:06'::timestamp without time zone) AND (creationdate <= '2013-09-02 03:08:55'::timestamp without time zone))", "Rows Removed by Filter": 91608}]}]}, {"Node Type": "Materialize", "Parent Relationship": "Inner", "Parallel Aware": false, "Async Capable": false, "Startup Cost": 5532.89, "Total Cost": 41456.36, "Plan Rows": 9172783, "Plan Width": 12, "Actual Rows": 2946051, "Actual Loops": 1, "Plans": [{"Node Type": "Merge Join", "Parent Relationship": "Outer", "Parallel Aware": false, "Async Capable": false, "Join Type": "Inner", "Startup Cost": 5532.89, "Total Cost": 18524.41, "Plan Rows": 9172783, "Plan Width": 12, "Actual Rows": 2108765, "Actual Loops": 1, "Inner Unique": false, "Merge Cond": "(ph.userid = u.id)", "Plans": [{"Node Type": "Index Scan", "Parent Relationship": "Outer", "Parallel Aware": false, "Async Capable": false, "Scan Direction": "Forward", "Index Name": "idx_posthistory_userid", "Relation Name": "posthistory", "Alias": "ph", "Startup Cost": 0.42, "Total Cost": 12849.99, "Plan Rows": 171369, "Plan Width": 4, "Actual Rows": 157460, "Actual Loops": 1, "Filter": "(creationdate <= '2013-07-25 19:13:37'::timestamp without time zone)", "Rows Removed by Filter": 66784}, {"Node Type": "Sort", "Parent Relationship": "Inner", "Parallel Aware": false, "Async Capable": false, "Startup Cost": 5532.47, "Total Cost": 5559.37, "Plan Rows": 10761, "Plan Width": 8, "Actual Rows": 2109422, "Actual Loops": 1, "Sort Key": ["c.userid"], "Sort Method": "quicksort", "Sort Space Used": 426, "Sort Space Type": "Memory", "Plans": [{"Node Type": "Hash Join", "Parent Relationship": "Outer", "Parallel Aware": false, "Async Capable": false, "Join Type": "Inner", "Startup Cost": 1223.41, "Total Cost": 4811.83, "Plan Rows": 10761, "Plan Width": 8, "Actual Rows": 7458, "Actual Loops": 1, "Inner Unique": true, "Hash Cond": "(c.userid = u.id)", "Plans": [{"Node Type": "Seq Scan", "Parent Relationship": "Outer", "Parallel Aware": false, "Async Capable": false, "Relation Name": "comments", "Alias": "c", "Startup Cost": 0.0, "Total Cost": 3522.81, "Plan Rows": 24988, "Plan Width": 4, "Actual Rows": 25003, "Actual Loops": 1, "Filter": "(score = 1)", "Rows Removed by Filter": 149302}, {"Node Type": "Hash", "Parent Relationship": "Inner", "Parallel Aware": false, "Async Capable": false, "Startup Cost": 1002.69, "Total Cost": 1002.69, "Plan Rows": 17658, "Plan Width": 4, "Actual Rows": 17663, "Actual Loops": 1, "Hash Buckets": 32768, "Original Hash Buckets": 32768, "Hash Batches": 1, "Original Hash Batches": 1, "Peak Memory Usage": 877, "Plans": [{"Node Type": "Seq Scan", "Parent Relationship": "Outer", "Parallel Aware": false, "Async Capable": false, "Relation Name": "users", "Alias": "u", "Startup Cost": 0.0, "Total Cost": 1002.69, "Plan Rows": 17658, "Plan Width": 4, "Actual Rows": 17663, "Actual Loops": 1, "Filter": "((upvotes <= 9743) AND (creationdate >= '2011-11-11 00:07:20'::timestamp without time zone) AND (creationdate <= '2013-10-12 01:25:16'::timestamp without time zone))", "Rows Removed by Filter": 22662}]}]}]}]}]}]}]}, "Planning Time": 5.179, "Triggers": [], "Execution Time": 903.273}, {"Plan": {"Node Type": "Aggregate", "Strategy": "Plain", "Partial Mode": "Simple", "Parallel Aware": false, "Async Capable": false, "Startup Cost": 11466.76, "Total Cost": 11466.77, "Plan Rows": 1, "Plan Width": 8, "Actual Rows": 1, "Actual Loops": 1, "Plans": [{"Node Type": "Merge Join", "Parent Relationship": "Outer", "Parallel Aware": false, "Async Capable": false, "Join Type": "Inner", "Startup Cost": 8052.8, "Total Cost": 10633.14, "Plan Rows": 333445, "Plan Width": 0, "Actual Rows": 1052545, "Actual Loops": 1, "Inner Unique": false, "Merge Cond": "(v.userid = u.id)", "Plans": [{"Node Type": "Merge Join", "Parent Relationship": "Outer", "Parallel Aware": false, "Async Capable": false, "Join Type": "Inner", "Startup Cost": 5348.48, "Total Cost": 6919.38, "Plan Rows": 4547, "Plan Width": 8, "Actual Rows": 81646, "Actual Loops": 1, "Inner Unique": false, "Merge Cond": "(v.userid = c.userid)", "Plans": [{"Node Type": "Index Scan", "Parent Relationship": "Outer", "Parallel Aware": false, "Async Capable": false, "Scan Direction": "Forward", "Index Name": "idx_votes_userid", "Relation Name": "votes", "Alias": "v", "Startup Cost": 0.42, "Total Cost": 13242.63, "Plan Rows": 993, "Plan Width": 4, "Actual Rows": 620, "Actual Loops": 1, "Filter": "((bountyamount >= 7) AND (creationdate >= '2012-10-27 12:39:18'::timestamp without time zone))", "Rows Removed by Filter": 28229}, {"Node Type": "Sort", "Parent Relationship": "Inner", "Parallel Aware": false, "Async Capable": false, "Startup Cost": 5348.05, "Total Cost": 5410.52, "Plan Rows": 24988, "Plan Width": 4, "Actual Rows": 92730, "Actual Loops": 1, "Sort Key": ["c.userid"], "Sort Method": "quicksort", "Sort Space Used": 769, "Sort Space Type": "Memory", "Plans": [{"Node Type": "Seq Scan", "Parent Relationship": "Outer", "Parallel Aware": false, "Async Capable": false, "Relation Name": "comments", "Alias": "c", "Startup Cost": 0.0, "Total Cost": 3522.81, "Plan Rows": 24988, "Plan Width": 4, "Actual Rows": 25003, "Actual Loops": 1, "Filter": "(score = 1)", "Rows Removed by Filter": 149302}]}]}, {"Node Type": "Materialize", "Parent Relationship": "Inner", "Parallel Aware": false, "Async Capable": false, "Startup Cost": 2704.32, "Total Cost": 4916.35, "Plan Rows": 76714, "Plan Width": 12, "Actual Rows": 1059522, "Actual Loops": 1, "Plans": [{"Node Type": "Nested Loop", "Parent Relationship": "Outer", "Parallel Aware": false, "Async Capable": false, "Join Type": "Inner", "Startup Cost": 2704.32, "Total Cost": 4724.57, "Plan Rows": 76714, "Plan Width": 12, "Actual Rows": 12616, "Actual Loops": 1, "Inner Unique": false, "Plans": [{"Node Type": "Merge Join", "Parent Relationship": "Outer", "Parallel Aware": false, "Async Capable": false, "Join Type": "Inner", "Startup Cost": 2703.9, "Total Cost": 4412.26, "Plan Rows": 229, "Plan Width": 8, "Actual Rows": 295, "Actual Loops": 1, "Inner Unique": false, "Merge Cond": "(u.id = p.owneruserid)", "Plans": [{"Node Type": "Index Scan", "Parent Relationship": "Outer", "Parallel Aware": false, "Async Capable": false, "Scan Direction": "Forward", "Index Name": "users_pkey", "Relation Name": "users", "Alias": "u", "Startup Cost": 0.29, "Total Cost": 1659.6, "Plan Rows": 17658, "Plan Width": 4, "Actual Rows": 16559, "Actual Loops": 1, "Filter": "((upvotes <= 9743) AND (creationdate >= '2011-11-11 00:07:20'::timestamp without time zone) AND (creationdate <= '2013-10-12 01:25:16'::timestamp without time zone))", "Rows Removed by Filter": 5304}, {"Node Type": "Sort", "Parent Relationship": "Inner", "Parallel Aware": false, "Async Capable": false, "Startup Cost": 2703.61, "Total Cost": 2704.94, "Plan Rows": 532, "Plan Width": 4, "Actual Rows": 367, "Actual Loops": 1, "Sort Key": ["p.owneruserid"], "Sort Method": "quicksort", "Sort Space Used": 25, "Sort Space Type": "Memory", "Plans": [{"Node Type": "Seq Scan", "Parent Relationship": "Outer", "Parallel Aware": false, "Async Capable": false, "Relation Name": "posts", "Alias": "p", "Startup Cost": 0.0, "Total Cost": 2679.52, "Plan Rows": 532, "Plan Width": 4, "Actual Rows": 368, "Actual Loops": 1, "Filter": "((answercount >= 4) AND (answercount <= 76) AND (creationdate >= '2012-04-07 01:35:06'::timestamp without time zone) AND (creationdate <= '2013-09-02 03:08:55'::timestamp without time zone))", "Rows Removed by Filter": 91608}]}]}, {"Node Type": "Index Scan", "Parent Relationship": "Inner", "Parallel Aware": false, "Async Capable": false, "Scan Direction": "Forward", "Index Name": "idx_posthistory_userid", "Relation Name": "posthistory", "Alias": "ph", "Startup Cost": 0.42, "Total Cost": 1.28, "Plan Rows": 8, "Plan Width": 4, "Actual Rows": 43, "Actual Loops": 295, "Index Cond": "(userid = u.id)", "Rows Removed by Index Recheck": 0, "Filter": "(creationdate <= '2013-07-25 19:13:37'::timestamp without time zone)", "Rows Removed by Filter": 16}]}]}]}]}, "Planning Time": 5.1, "Triggers": [], "Execution Time": 209.78}, {"Plan": {"Node Type": "Aggregate", "Strategy": "Plain", "Partial Mode": "Simple", "Parallel Aware": false, "Async Capable": false, "Startup Cost": 10165.44, "Total Cost": 10165.45, "Plan Rows": 1, "Plan Width": 8, "Actual Rows": 1, "Actual Loops": 1, "Plans": [{"Node Type": "Merge Join", "Parent Relationship": "Outer", "Parallel Aware": false, "Async Capable": false, "Join Type": "Inner", "Startup Cost": 8052.8, "Total Cost": 9331.83, "Plan Rows": 333445, "Plan Width": 0, "Actual Rows": 1052545, "Actual Loops": 1, "Inner Unique": false, "Merge Cond": "(c.userid = v.userid)", "Plans": [{"Node Type": "Merge Join", "Parent Relationship": "Outer", "Parallel Aware": false, "Async Capable": false, "Join Type": "Inner", "Startup Cost": 8051.67, "Total Cost": 8748.56, "Plan Rows": 46420, "Plan Width": 8, "Actual Rows": 7094, "Actual Loops": 1, "Inner Unique": false, "Merge Cond": "(p.owneruserid = c.userid)", "Plans": [{"Node Type": "Sort", "Parent Relationship": "Outer", "Parallel Aware": false, "Async Capable": false, "Startup Cost": 2703.61, "Total Cost": 2704.94, "Plan Rows": 532, "Plan Width": 4, "Actual Rows": 357, "Actual Loops": 1, "Sort Key": ["p.owneruserid"], "Sort Method": "quicksort", "Sort Space Used": 25, "Sort Space Type": "Memory", "Plans": [{"Node Type": "Seq Scan", "Parent Relationship": "Outer", "Parallel Aware": false, "Async Capable": false, "Relation Name": "posts", "Alias": "p", "Startup Cost": 0.0, "Total Cost": 2679.52, "Plan Rows": 532, "Plan Width": 4, "Actual Rows": 368, "Actual Loops": 1, "Filter": "((answercount >= 4) AND (answercount <= 76) AND (creationdate >= '2012-04-07 01:35:06'::timestamp without time zone) AND (creationdate <= '2013-09-02 03:08:55'::timestamp without time zone))", "Rows Removed by Filter": 91608}]}, {"Node Type": "Sort", "Parent Relationship": "Inner", "Parallel Aware": false, "Async Capable": false, "Startup Cost": 5348.05, "Total Cost": 5410.52, "Plan Rows": 24988, "Plan Width": 4, "Actual Rows": 22946, "Actual Loops": 1, "Sort Key": ["c.userid"], "Sort Method": "quicksort", "Sort Space Used": 769, "Sort Space Type": "Memory", "Plans": [{"Node Type": "Seq Scan", "Parent Relationship": "Outer", "Parallel Aware": false, "Async Capable": false, "Relation Name": "comments", "Alias": "c", "Startup Cost": 0.0, "Total Cost": 3522.81, "Plan Rows": 24988, "Plan Width": 4, "Actual Rows": 25003, "Actual Loops": 1, "Filter": "(score = 1)", "Rows Removed by Filter": 149302}]}]}, {"Node Type": "Materialize", "Parent Relationship": "Inner", "Parallel Aware": false, "Async Capable": false, "Startup Cost": 1.13, "Total Cost": 3171.46, "Plan Rows": 1071, "Plan Width": 12, "Actual Rows": 1068508, "Actual Loops": 1, "Plans": [{"Node Type": "Nested Loop", "Parent Relationship": "Outer", "Parallel Aware": false, "Async Capable": false, "Join Type": "Inner", "Startup Cost": 1.13, "Total Cost": 3168.78, "Plan Rows": 1071, "Plan Width": 12, "Actual Rows": 24567, "Actual Loops": 1, "Inner Unique": false, "Join Filter": "(ph.userid = v.userid)", "Rows Removed by Join Filter": 0, "Plans": [{"Node Type": "Merge Join", "Parent Relationship": "Outer", "Parallel Aware": false, "Async Capable": false, "Join Type": "Inner", "Startup Cost": 0.71, "Total Cost": 3105.13, "Plan Rows": 46, "Plan Width": 8, "Actual Rows": 429, "Actual Loops": 1, "Inner Unique": true, "Merge Cond": "(v.userid = u.id)", "Plans": [{"Node Type": "Index Scan", "Parent Relationship": "Outer", "Parallel Aware": false, "Async Capable": false, "Scan Direction": "Forward", "Index Name": "idx_votes_userid", "Relation Name": "votes", "Alias": "v", "Startup Cost": 0.42, "Total Cost": 13242.63, "Plan Rows": 993, "Plan Width": 4, "Actual Rows": 758, "Actual Loops": 1, "Filter": "((bountyamount >= 7) AND (creationdate >= '2012-10-27 12:39:18'::timestamp without time zone))", "Rows Removed by Filter": 32945}, {"Node Type": "Index Scan", "Parent Relationship": "Inner", "Parallel Aware": false, "Async Capable": false, "Scan Direction": "Forward", "Index Name": "users_pkey", "Relation Name": "users", "Alias": "u", "Startup Cost": 0.29, "Total Cost": 1659.6, "Plan Rows": 17658, "Plan Width": 4, "Actual Rows": 17663, "Actual Loops": 1, "Filter": "((upvotes <= 9743) AND (creationdate >= '2011-11-11 00:07:20'::timestamp without time zone) AND (creationdate <= '2013-10-12 01:25:16'::timestamp without time zone))", "Rows Removed by Filter": 22662}]}, {"Node Type": "Index Scan", "Parent Relationship": "Inner", "Parallel Aware": false, "Async Capable": false, "Scan Direction": "Forward", "Index Name": "idx_posthistory_userid", "Relation Name": "posthistory", "Alias": "ph", "Startup Cost": 0.42, "Total Cost": 1.28, "Plan Rows": 8, "Plan Width": 4, "Actual Rows": 57, "Actual Loops": 429, "Index Cond": "(userid = u.id)", "Rows Removed by Index Recheck": 0, "Filter": "(creationdate <= '2013-07-25 19:13:37'::timestamp without time zone)", "Rows Removed by Filter": 63}]}]}]}]}, "Planning Time": 5.171, "Triggers": [], "Execution Time": 237.2}, {"Plan": {"Node Type": "Aggregate", "Strategy": "Plain", "Partial Mode": "Finalize", "Parallel Aware": false, "Async Capable": false, "Startup Cost": 7972.23, "Total Cost": 7972.24, "Plan Rows": 1, "Plan Width": 8, "Actual Rows": 1, "Actual Loops": 1, "Plans": [{"Node Type": "Gather", "Parent Relationship": "Outer", "Parallel Aware": false, "Async Capable": false, "Startup Cost": 7972.12, "Total Cost": 7972.23, "Plan Rows": 1, "Plan Width": 8, "Actual Rows": 2, "Actual Loops": 1, "Workers Planned": 1, "Workers Launched": 1, "Single Copy": false, "Plans": [{"Node Type": "Aggregate", "Strategy": "Plain", "Partial Mode": "Partial", "Parent Relationship": "Outer", "Parallel Aware": false, "Async Capable": false, "Startup Cost": 6972.12, "Total Cost": 6972.13, "Plan Rows": 1, "Plan Width": 8, "Actual Rows": 1, "Actual Loops": 2, "Workers": [], "Plans": [{"Node Type": "Merge Join", "Parent Relationship": "Outer", "Parallel Aware": false, "Async Capable": false, "Join Type": "Inner", "Startup Cost": 6347.82, "Total Cost": 6481.76, "Plan Rows": 196144, "Plan Width": 0, "Actual Rows": 526272, "Actual Loops": 2, "Inner Unique": false, "Merge Cond": "(c.userid = v.userid)", "Workers": [], "Plans": [{"Node Type": "Sort", "Parent Relationship": "Outer", "Parallel Aware": false, "Async Capable": false, "Startup Cost": 3643.08, "Total Cost": 3679.82, "Plan Rows": 14699, "Plan Width": 4, "Actual Rows": 10974, "Actual Loops": 2, "Sort Key": ["c.userid"], "Sort Method": "quicksort", "Sort Space Used": 769, "Sort Space Type": "Memory", "Workers": [{"Worker Number": 0, "Sort Method": "quicksort", "Sort Space Used": 97, "Sort Space Type": "Memory"}], "Plans": [{"Node Type": "Seq Scan", "Parent Relationship": "Outer", "Parallel Aware": true, "Async Capable": false, "Relation Name": "comments", "Alias": "c", "Startup Cost": 0.0, "Total Cost": 2625.65, "Plan Rows": 14699, "Plan Width": 4, "Actual Rows": 12502, "Actual Loops": 2, "Filter": "(score = 1)", "Rows Removed by Filter": 74651, "Workers": []}]}, {"Node Type": "Materialize", "Parent Relationship": "Inner", "Parallel Aware": false, "Async Capable": false, "Startup Cost": 2704.74, "Total Cost": 3044.11, "Plan Rows": 694, "Plan Width": 16, "Actual Rows": 528216, "Actual Loops": 2, "Workers": [], "Plans": [{"Node Type": "Merge Join", "Parent Relationship": "Outer", "Parallel Aware": false, "Async Capable": false, "Join Type": "Inner", "Startup Cost": 2704.74, "Total Cost": 3042.38, "Plan Rows": 694, "Plan Width": 16, "Actual Rows": 17522, "Actual Loops": 2, "Inner Unique": false, "Merge Cond": "(v.userid = p.owneruserid)", "Workers": [], "Plans": [{"Node Type": "Nested Loop", "Parent Relationship": "Outer", "Parallel Aware": false, "Async Capable": false, "Join Type": "Inner", "Startup Cost": 1.13, "Total Cost": 3168.78, "Plan Rows": 1071, "Plan Width": 12, "Actual Rows": 24567, "Actual Loops": 2, "Inner Unique": false, "Join Filter": "(ph.userid = v.userid)", "Rows Removed by Join Filter": 0, "Workers": [], "Plans": [{"Node Type": "Merge Join", "Parent Relationship": "Outer", "Parallel Aware": false, "Async Capable": false, "Join Type": "Inner", "Startup Cost": 0.71, "Total Cost": 3105.13, "Plan Rows": 46, "Plan Width": 8, "Actual Rows": 429, "Actual Loops": 2, "Inner Unique": true, "Merge Cond": "(v.userid = u.id)", "Workers": [], "Plans": [{"Node Type": "Index Scan", "Parent Relationship": "Outer", "Parallel Aware": false, "Async Capable": false, "Scan Direction": "Forward", "Index Name": "idx_votes_userid", "Relation Name": "votes", "Alias": "v", "Startup Cost": 0.42, "Total Cost": 13242.63, "Plan Rows": 993, "Plan Width": 4, "Actual Rows": 758, "Actual Loops": 2, "Filter": "((bountyamount >= 7) AND (creationdate >= '2012-10-27 12:39:18'::timestamp without time zone))", "Rows Removed by Filter": 32945, "Workers": []}, {"Node Type": "Index Scan", "Parent Relationship": "Inner", "Parallel Aware": false, "Async Capable": false, "Scan Direction": "Forward", "Index Name": "users_pkey", "Relation Name": "users", "Alias": "u", "Startup Cost": 0.29, "Total Cost": 1659.6, "Plan Rows": 17658, "Plan Width": 4, "Actual Rows": 17663, "Actual Loops": 2, "Filter": "((upvotes <= 9743) AND (creationdate >= '2011-11-11 00:07:20'::timestamp without time zone) AND (creationdate <= '2013-10-12 01:25:16'::timestamp without time zone))", "Rows Removed by Filter": 22662, "Workers": []}]}, {"Node Type": "Index Scan", "Parent Relationship": "Inner", "Parallel Aware": false, "Async Capable": false, "Scan Direction": "Forward", "Index Name": "idx_posthistory_userid", "Relation Name": "posthistory", "Alias": "ph", "Startup Cost": 0.42, "Total Cost": 1.28, "Plan Rows": 8, "Plan Width": 4, "Actual Rows": 57, "Actual Loops": 858, "Index Cond": "(userid = u.id)", "Rows Removed by Index Recheck": 0, "Filter": "(creationdate <= '2013-07-25 19:13:37'::timestamp without time zone)", "Rows Removed by Filter": 63, "Workers": []}]}, {"Node Type": "Sort", "Parent Relationship": "Inner", "Parallel Aware": false, "Async Capable": false, "Startup Cost": 2703.61, "Total Cost": 2704.94, "Plan Rows": 532, "Plan Width": 4, "Actual Rows": 17826, "Actual Loops": 2, "Sort Key": ["p.owneruserid"], "Sort Method": "quicksort", "Sort Space Used": 25, "Sort Space Type": "Memory", "Workers": [{"Worker Number": 0, "Sort Method": "quicksort", "Sort Space Used": 25, "Sort Space Type": "Memory"}], "Plans": [{"Node Type": "Seq Scan", "Parent Relationship": "Outer", "Parallel Aware": false, "Async Capable": false, "Relation Name": "posts", "Alias": "p", "Startup Cost": 0.0, "Total Cost": 2679.52, "Plan Rows": 532, "Plan Width": 4, "Actual Rows": 368, "Actual Loops": 2, "Filter": "((answercount >= 4) AND (answercount <= 76) AND (creationdate >= '2012-04-07 01:35:06'::timestamp without time zone) AND (creationdate <= '2013-09-02 03:08:55'::timestamp without time zone))", "Rows Removed by Filter": 91608, "Workers": []}]}]}]}]}]}]}]}, "Planning Time": 5.011, "Triggers": [], "Execution Time": 221.592}, {"Plan": {"Node Type": "Aggregate", "Strategy": "Plain", "Partial Mode": "Simple", "Parallel Aware": false, "Async Capable": false, "Startup Cost": 4343.52, "Total Cost": 4343.53, "Plan Rows": 1, "Plan Width": 8, "Actual Rows": 1, "Actual Loops": 1, "Plans": [{"Node Type": "Nested Loop", "Parent Relationship": "Outer", "Parallel Aware": false, "Async Capable": false, "Join Type": "Inner", "Startup Cost": 2705.04, "Total Cost": 3509.91, "Plan Rows": 333445, "Plan Width": 0, "Actual Rows": 1052545, "Actual Loops": 1, "Inner Unique": false, "Join Filter": "(ph.userid = v.userid)", "Rows Removed by Join Filter": 0, "Plans": [{"Node Type": "Merge Join", "Parent Relationship": "Outer", "Parallel Aware": false, "Async Capable": false, "Join Type": "Inner", "Startup Cost": 2704.61, "Total Cost": 3035.53, "Plan Rows": 391, "Plan Width": 16, "Actual Rows": 3470, "Actual Loops": 1, "Inner Unique": false, "Merge Cond": "(v.userid = p.owneruserid)", "Plans": [{"Node Type": "Nested Loop", "Parent Relationship": "Outer", "Parallel Aware": false, "Async Capable": false, "Join Type": "Inner", "Startup Cost": 1.01, "Total Cost": 3147.75, "Plan Rows": 211, "Plan Width": 12, "Actual Rows": 4466, "Actual Loops": 1, "Inner Unique": false, "Join Filter": "(c.userid = v.userid)", "Rows Removed by Join Filter": 0, "Plans": [{"Node Type": "Merge Join", "Parent Relationship": "Outer", "Parallel Aware": false, "Async Capable": false, "Join Type": "Inner", "Startup Cost": 0.71, "Total Cost": 3105.13, "Plan Rows": 46, "Plan Width": 8, "Actual Rows": 408, "Actual Loops": 1, "Inner Unique": true, "Merge Cond": "(v.userid = u.id)", "Plans": [{"Node Type": "Index Scan", "Parent Relationship": "Outer", "Parallel Aware": false, "Async Capable": false, "Scan Direction": "Forward", "Index Name": "idx_votes_userid", "Relation Name": "votes", "Alias": "v", "Startup Cost": 0.42, "Total Cost": 13242.63, "Plan Rows": 993, "Plan Width": 4, "Actual Rows": 642, "Actual Loops": 1, "Filter": "((bountyamount >= 7) AND (creationdate >= '2012-10-27 12:39:18'::timestamp without time zone))", "Rows Removed by Filter": 29060}, {"Node Type": "Index Scan", "Parent Relationship": "Inner", "Parallel Aware": false, "Async Capable": false, "Scan Direction": "Forward", "Index Name": "users_pkey", "Relation Name": "users", "Alias": "u", "Startup Cost": 0.29, "Total Cost": 1659.6, "Plan Rows": 17658, "Plan Width": 4, "Actual Rows": 16626, "Actual Loops": 1, "Filter": "((upvotes <= 9743) AND (creationdate >= '2011-11-11 00:07:20'::timestamp without time zone) AND (creationdate <= '2013-10-12 01:25:16'::timestamp without time zone))", "Rows Removed by Filter": 5304}]}, {"Node Type": "Index Scan", "Parent Relationship": "Inner", "Parallel Aware": false, "Async Capable": false, "Scan Direction": "Forward", "Index Name": "idx_comments_userid", "Relation Name": "comments", "Alias": "c", "Startup Cost": 0.29, "Total Cost": 0.9, "Plan Rows": 2, "Plan Width": 4, "Actual Rows": 11, "Actual Loops": 408, "Index Cond": "(userid = u.id)", "Rows Removed by Index Recheck": 0, "Filter": "(score = 1)", "Rows Removed by Filter": 70}]}, {"Node Type": "Sort", "Parent Relationship": "Inner", "Parallel Aware": false, "Async Capable": false, "Startup Cost": 2703.61, "Total Cost": 2704.94, "Plan Rows": 532, "Plan Width": 4, "Actual Rows": 3796, "Actual Loops": 1, "Sort Key": ["p.owneruserid"], "Sort Method": "quicksort", "Sort Space Used": 25, "Sort Space Type": "Memory", "Plans": [{"Node Type": "Seq Scan", "Parent Relationship": "Outer", "Parallel Aware": false, "Async Capable": false, "Relation Name": "posts", "Alias": "p", "Startup Cost": 0.0, "Total Cost": 2679.52, "Plan Rows": 532, "Plan Width": 4, "Actual Rows": 368, "Actual Loops": 1, "Filter": "((answercount >= 4) AND (answercount <= 76) AND (creationdate >= '2012-04-07 01:35:06'::timestamp without time zone) AND (creationdate <= '2013-09-02 03:08:55'::timestamp without time zone))", "Rows Removed by Filter": 91608}]}]}, {"Node Type": "Index Scan", "Parent Relationship": "Inner", "Parallel Aware": false, "Async Capable": false, "Scan Direction": "Forward", "Index Name": "idx_posthistory_userid", "Relation Name": "posthistory", "Alias": "ph", "Startup Cost": 0.42, "Total Cost": 1.11, "Plan Rows": 8, "Plan Width": 4, "Actual Rows": 303, "Actual Loops": 3470, "Index Cond": "(userid = c.userid)", "Rows Removed by Index Recheck": 0, "Filter": "(creationdate <= '2013-07-25 19:13:37'::timestamp without time zone)", "Rows Removed by Filter": 84}]}]}, "Planning Time": 4.808, "Triggers": [], "Execution Time": 359.192}, {"Plan": {"Node Type": "Aggregate", "Strategy": "Plain", "Partial Mode": "Finalize", "Parallel Aware": false, "Async Capable": false, "Startup Cost": 13695.78, "Total Cost": 13695.79, "Plan Rows": 1, "Plan Width": 8, "Actual Rows": 1, "Actual Loops": 1, "Plans": [{"Node Type": "Gather", "Parent Relationship": "Outer", "Parallel Aware": false, "Async Capable": false, "Startup Cost": 13695.67, "Total Cost": 13695.78, "Plan Rows": 1, "Plan Width": 8, "Actual Rows": 2, "Actual Loops": 1, "Workers Planned": 1, "Workers Launched": 1, "Single Copy": false, "Plans": [{"Node Type": "Aggregate", "Strategy": "Plain", "Partial Mode": "Partial", "Parent Relationship": "Outer", "Parallel Aware": false, "Async Capable": false, "Startup Cost": 12695.67, "Total Cost": 12695.68, "Plan Rows": 1, "Plan Width": 8, "Actual Rows": 1, "Actual Loops": 2, "Workers": [], "Plans": [{"Node Type": "Merge Join", "Parent Relationship": "Outer", "Parallel Aware": false, "Async Capable": false, "Join Type": "Inner", "Startup Cost": 11808.67, "Total Cost": 12205.31, "Plan Rows": 196144, "Plan Width": 0, "Actual Rows": 526272, "Actual Loops": 2, "Inner Unique": false, "Merge Cond": "(u.id = v.userid)", "Workers": [], "Plans": [{"Node Type": "Sort", "Parent Relationship": "Outer", "Parallel Aware": false, "Async Capable": false, "Startup Cost": 9104.35, "Total Cost": 9207.02, "Plan Rows": 41068, "Plan Width": 8, "Actual Rows": 33214, "Actual Loops": 2, "Sort Key": ["ph.userid"], "Sort Method": "quicksort", "Sort Space Used": 2613, "Sort Space Type": "Memory", "Workers": [{"Worker Number": 0, "Sort Method": "quicksort", "Sort Space Used": 1770, "Sort Space Type": "Memory"}], "Plans": [{"Node Type": "Hash Join", "Parent Relationship": "Outer", "Parallel Aware": false, "Async Capable": false, "Join Type": "Inner", "Startup Cost": 1223.41, "Total Cost": 5957.36, "Plan Rows": 41068, "Plan Width": 8, "Actual Rows": 33250, "Actual Loops": 2, "Inner Unique": true, "Hash Cond": "(ph.userid = u.id)", "Workers": [], "Plans": [{"Node Type": "Seq Scan", "Parent Relationship": "Outer", "Parallel Aware": true, "Async Capable": false, "Relation Name": "posthistory", "Alias": "ph", "Startup Cost": 0.0, "Total Cost": 4469.32, "Plan Rows": 100805, "Plan Width": 4, "Actual Rows": 85726, "Actual Loops": 2, "Filter": "(creationdate <= '2013-07-25 19:13:37'::timestamp without time zone)", "Rows Removed by Filter": 65868, "Workers": []}, {"Node Type": "Hash", "Parent Relationship": "Inner", "Parallel Aware": false, "Async Capable": false, "Startup Cost": 1002.69, "Total Cost": 1002.69, "Plan Rows": 17658, "Plan Width": 4, "Actual Rows": 17663, "Actual Loops": 2, "Hash Buckets": 32768, "Original Hash Buckets": 32768, "Hash Batches": 1, "Original Hash Batches": 1, "Peak Memory Usage": 877, "Workers": [], "Plans": [{"Node Type": "Seq Scan", "Parent Relationship": "Outer", "Parallel Aware": false, "Async Capable": false, "Relation Name": "users", "Alias": "u", "Startup Cost": 0.0, "Total Cost": 1002.69, "Plan Rows": 17658, "Plan Width": 4, "Actual Rows": 17663, "Actual Loops": 2, "Filter": "((upvotes <= 9743) AND (creationdate >= '2011-11-11 00:07:20'::timestamp without time zone) AND (creationdate <= '2013-10-12 01:25:16'::timestamp without time zone))", "Rows Removed by Filter": 22662, "Workers": []}]}]}]}, {"Node Type": "Materialize", "Parent Relationship": "Inner", "Parallel Aware": false, "Async Capable": false, "Startup Cost": 2704.32, "Total Cost": 4406.62, "Plan Rows": 8447, "Plan Width": 12, "Actual Rows": 544254, "Actual Loops": 2, "Workers": [], "Plans": [{"Node Type": "Nested Loop", "Parent Relationship": "Outer", "Parallel Aware": false, "Async Capable": false, "Join Type": "Inner", "Startup Cost": 2704.32, "Total Cost": 4385.5, "Plan Rows": 8447, "Plan Width": 12, "Actual Rows": 21438, "Actual Loops": 2, "Inner Unique": false, "Workers": [], "Plans": [{"Node Type": "Merge Join", "Parent Relationship": "Outer", "Parallel Aware": false, "Async Capable": false, "Join Type": "Inner", "Startup Cost": 2704.03, "Total Cost": 4107.64, "Plan Rows": 45, "Plan Width": 8, "Actual Rows": 184, "Actual Loops": 2, "Inner Unique": false, "Merge Cond": "(v.userid = p.owneruserid)", "Workers": [], "Plans": [{"Node Type": "Index Scan", "Parent Relationship": "Outer", "Parallel Aware": false, "Async Capable": false, "Scan Direction": "Forward", "Index Name": "idx_votes_userid", "Relation Name": "votes", "Alias": "v", "Startup Cost": 0.42, "Total Cost": 13242.63, "Plan Rows": 993, "Plan Width": 4, "Actual Rows": 642, "Actual Loops": 2, "Filter": "((bountyamount >= 7) AND (creationdate >= '2012-10-27 12:39:18'::timestamp without time zone))", "Rows Removed by Filter": 29060, "Workers": []}, {"Node Type": "Sort", "Parent Relationship": "Inner", "Parallel Aware": false, "Async Capable": false, "Startup Cost": 2703.61, "Total Cost": 2704.94, "Plan Rows": 532, "Plan Width": 4, "Actual Rows": 475, "Actual Loops": 2, "Sort Key": ["p.owneruserid"], "Sort Method": "quicksort", "Sort Space Used": 25, "Sort Space Type": "Memory", "Workers": [{"Worker Number": 0, "Sort Method": "quicksort", "Sort Space Used": 25, "Sort Space Type": "Memory"}], "Plans": [{"Node Type": "Seq Scan", "Parent Relationship": "Outer", "Parallel Aware": false, "Async Capable": false, "Relation Name": "posts", "Alias": "p", "Startup Cost": 0.0, "Total Cost": 2679.52, "Plan Rows": 532, "Plan Width": 4, "Actual Rows": 368, "Actual Loops": 2, "Filter": "((answercount >= 4) AND (answercount <= 76) AND (creationdate >= '2012-04-07 01:35:06'::timestamp without time zone) AND (creationdate <= '2013-09-02 03:08:55'::timestamp without time zone))", "Rows Removed by Filter": 91608, "Workers": []}]}]}, {"Node Type": "Index Scan", "Parent Relationship": "Inner", "Parallel Aware": false, "Async Capable": false, "Scan Direction": "Forward", "Index Name": "idx_comments_userid", "Relation Name": "comments", "Alias": "c", "Startup Cost": 0.29, "Total Cost": 6.15, "Plan Rows": 2, "Plan Width": 4, "Actual Rows": 117, "Actual Loops": 368, "Index Cond": "(userid = v.userid)", "Rows Removed by Index Recheck": 0, "Filter": "(score = 1)", "Rows Removed by Filter": 488, "Workers": []}]}]}]}]}]}]}, "Planning Time": 9.366, "Triggers": [], "Execution Time": 271.241}, {"Plan": {"Node Type": "Aggregate", "Strategy": "Plain", "Partial Mode": "Finalize", "Parallel Aware": false, "Async Capable": false, "Startup Cost": 8693.33, "Total Cost": 8693.34, "Plan Rows": 1, "Plan Width": 8, "Actual Rows": 1, "Actual Loops": 1, "Plans": [{"Node Type": "Gather", "Parent Relationship": "Outer", "Parallel Aware": false, "Async Capable": false, "Startup Cost": 8693.22, "Total Cost": 8693.33, "Plan Rows": 1, "Plan Width": 8, "Actual Rows": 2, "Actual Loops": 1, "Workers Planned": 1, "Workers Launched": 1, "Single Copy": false, "Plans": [{"Node Type": "Aggregate", "Strategy": "Plain", "Partial Mode": "Partial", "Parent Relationship": "Outer", "Parallel Aware": false, "Async Capable": false, "Startup Cost": 7693.22, "Total Cost": 7693.23, "Plan Rows": 1, "Plan Width": 8, "Actual Rows": 1, "Actual Loops": 2, "Workers": [], "Plans": [{"Node Type": "Merge Join", "Parent Relationship": "Outer", "Parallel Aware": false, "Async Capable": false, "Join Type": "Inner", "Startup Cost": 6991.78, "Total Cost": 7202.86, "Plan Rows": 196144, "Plan Width": 0, "Actual Rows": 526272, "Actual Loops": 2, "Inner Unique": false, "Merge Cond": "(u.id = v.userid)", "Workers": [], "Plans": [{"Node Type": "Sort", "Parent Relationship": "Outer", "Parallel Aware": false, "Async Capable": false, "Startup Cost": 4287.33, "Total Cost": 4303.15, "Plan Rows": 6330, "Plan Width": 8, "Actual Rows": 3209, "Actual Loops": 2, "Sort Key": ["c.userid"], "Sort Method": "quicksort", "Sort Space Used": 367, "Sort Space Type": "Memory", "Workers": [{"Worker Number": 0, "Sort Method": "quicksort", "Sort Space Used": 107, "Sort Space Type": "Memory"}], "Plans": [{"Node Type": "Hash Join", "Parent Relationship": "Outer", "Parallel Aware": false, "Async Capable": false, "Join Type": "Inner", "Startup Cost": 1223.41, "Total Cost": 3887.65, "Plan Rows": 6330, "Plan Width": 8, "Actual Rows": 3729, "Actual Loops": 2, "Inner Unique": true, "Hash Cond": "(c.userid = u.id)", "Workers": [], "Plans": [{"Node Type": "Seq Scan", "Parent Relationship": "Outer", "Parallel Aware": true, "Async Capable": false, "Relation Name": "comments", "Alias": "c", "Startup Cost": 0.0, "Total Cost": 2625.65, "Plan Rows": 14699, "Plan Width": 4, "Actual Rows": 12502, "Actual Loops": 2, "Filter": "(score = 1)", "Rows Removed by Filter": 74651, "Workers": []}, {"Node Type": "Hash", "Parent Relationship": "Inner", "Parallel Aware": false, "Async Capable": false, "Startup Cost": 1002.69, "Total Cost": 1002.69, "Plan Rows": 17658, "Plan Width": 4, "Actual Rows": 17663, "Actual Loops": 2, "Hash Buckets": 32768, "Original Hash Buckets": 32768, "Hash Batches": 1, "Original Hash Batches": 1, "Peak Memory Usage": 877, "Workers": [], "Plans": [{"Node Type": "Seq Scan", "Parent Relationship": "Outer", "Parallel Aware": false, "Async Capable": false, "Relation Name": "users", "Alias": "u", "Startup Cost": 0.0, "Total Cost": 1002.69, "Plan Rows": 17658, "Plan Width": 4, "Actual Rows": 17663, "Actual Loops": 2, "Filter": "((upvotes <= 9743) AND (creationdate >= '2011-11-11 00:07:20'::timestamp without time zone) AND (creationdate <= '2013-10-12 01:25:16'::timestamp without time zone))", "Rows Removed by Filter": 22662, "Workers": []}]}]}]}, {"Node Type": "Materialize", "Parent Relationship": "Inner", "Parallel Aware": false, "Async Capable": false, "Startup Cost": 2704.45, "Total Cost": 4340.61, "Plan Rows": 14992, "Plan Width": 12, "Actual Rows": 576660, "Actual Loops": 2, "Workers": [], "Plans": [{"Node Type": "Merge Join", "Parent Relationship": "Outer", "Parallel Aware": false, "Async Capable": false, "Join Type": "Inner", "Startup Cost": 2704.45, "Total Cost": 4303.13, "Plan Rows": 14992, "Plan Width": 12, "Actual Rows": 66022, "Actual Loops": 2, "Inner Unique": false, "Merge Cond": "(v.userid = p.owneruserid)", "Workers": [], "Plans": [{"Node Type": "Merge Join", "Parent Relationship": "Outer", "Parallel Aware": false, "Async Capable": false, "Join Type": "Inner", "Startup Cost": 0.84, "Total Cost": 14910.71, "Plan Rows": 23137, "Plan Width": 8, "Actual Rows": 234956, "Actual Loops": 2, "Inner Unique": false, "Merge Cond": "(v.userid = ph.userid)", "Workers": [], "Plans": [{"Node Type": "Index Scan", "Parent Relationship": "Outer", "Parallel Aware": false, "Async Capable": false, "Scan Direction": "Forward", "Index Name": "idx_votes_userid", "Relation Name": "votes", "Alias": "v", "Startup Cost": 0.42, "Total Cost": 13242.63, "Plan Rows": 993, "Plan Width": 4, "Actual Rows": 791, "Actual Loops": 2, "Filter": "((bountyamount >= 7) AND (creationdate >= '2012-10-27 12:39:18'::timestamp without time zone))", "Rows Removed by Filter": 33993, "Workers": []}, {"Node Type": "Index Scan", "Parent Relationship": "Inner", "Parallel Aware": false, "Async Capable": false, "Scan Direction": "Forward", "Index Name": "idx_posthistory_userid", "Relation Name": "posthistory", "Alias": "ph", "Startup Cost": 0.42, "Total Cost": 12849.99, "Plan Rows": 171369, "Plan Width": 4, "Actual Rows": 348537, "Actual Loops": 2, "Filter": "(creationdate <= '2013-07-25 19:13:37'::timestamp without time zone)", "Rows Removed by Filter": 294663, "Workers": []}]}, {"Node Type": "Sort", "Parent Relationship": "Inner", "Parallel Aware": false, "Async Capable": false, "Startup Cost": 2703.61, "Total Cost": 2704.94, "Plan Rows": 532, "Plan Width": 4, "Actual Rows": 66304, "Actual Loops": 2, "Sort Key": ["p.owneruserid"], "Sort Method": "quicksort", "Sort Space Used": 25, "Sort Space Type": "Memory", "Workers": [{"Worker Number": 0, "Sort Method": "quicksort", "Sort Space Used": 25, "Sort Space Type": "Memory"}], "Plans": [{"Node Type": "Seq Scan", "Parent Relationship": "Outer", "Parallel Aware": false, "Async Capable": false, "Relation Name": "posts", "Alias": "p", "Startup Cost": 0.0, "Total Cost": 2679.52, "Plan Rows": 532, "Plan Width": 4, "Actual Rows": 368, "Actual Loops": 2, "Filter": "((answercount >= 4) AND (answercount <= 76) AND (creationdate >= '2012-04-07 01:35:06'::timestamp without time zone) AND (creationdate <= '2013-09-02 03:08:55'::timestamp without time zone))", "Rows Removed by Filter": 91608, "Workers": []}]}]}]}]}]}]}]}, "Planning Time": 5.268, "Triggers": [], "Execution Time": 565.264}, {"Plan": {"Node Type": "Aggregate", "Strategy": "Plain", "Partial Mode": "Simple", "Parallel Aware": false, "Async Capable": false, "Startup Cost": 11276.17, "Total Cost": 11276.18, "Plan Rows": 1, "Plan Width": 8, "Actual Rows": 1, "Actual Loops": 1, "Plans": [{"Node Type": "Merge Join", "Parent Relationship": "Outer", "Parallel Aware": false, "Async Capable": false, "Join Type": "Inner", "Startup Cost": 8052.8, "Total Cost": 10442.56, "Plan Rows": 333445, "Plan Width": 0, "Actual Rows": 1052545, "Actual Loops": 1, "Inner Unique": false, "Merge Cond": "(u.id = v.userid)", "Plans": [{"Node Type": "Nested Loop", "Parent Relationship": "Outer", "Parallel Aware": false, "Async Capable": false, "Join Type": "Inner", "Startup Cost": 2704.32, "Total Cost": 4724.57, "Plan Rows": 76714, "Plan Width": 12, "Actual Rows": 12616, "Actual Loops": 1, "Inner Unique": false, "Plans": [{"Node Type": "Merge Join", "Parent Relationship": "Outer", "Parallel Aware": false, "Async Capable": false, "Join Type": "Inner", "Startup Cost": 2703.9, "Total Cost": 4412.26, "Plan Rows": 229, "Plan Width": 8, "Actual Rows": 295, "Actual Loops": 1, "Inner Unique": false, "Merge Cond": "(u.id = p.owneruserid)", "Plans": [{"Node Type": "Index Scan", "Parent Relationship": "Outer", "Parallel Aware": false, "Async Capable": false, "Scan Direction": "Forward", "Index Name": "users_pkey", "Relation Name": "users", "Alias": "u", "Startup Cost": 0.29, "Total Cost": 1659.6, "Plan Rows": 17658, "Plan Width": 4, "Actual Rows": 16559, "Actual Loops": 1, "Filter": "((upvotes <= 9743) AND (creationdate >= '2011-11-11 00:07:20'::timestamp without time zone) AND (creationdate <= '2013-10-12 01:25:16'::timestamp without time zone))", "Rows Removed by Filter": 5304}, {"Node Type": "Sort", "Parent Relationship": "Inner", "Parallel Aware": false, "Async Capable": false, "Startup Cost": 2703.61, "Total Cost": 2704.94, "Plan Rows": 532, "Plan Width": 4, "Actual Rows": 367, "Actual Loops": 1, "Sort Key": ["p.owneruserid"], "Sort Method": "quicksort", "Sort Space Used": 25, "Sort Space Type": "Memory", "Plans": [{"Node Type": "Seq Scan", "Parent Relationship": "Outer", "Parallel Aware": false, "Async Capable": false, "Relation Name": "posts", "Alias": "p", "Startup Cost": 0.0, "Total Cost": 2679.52, "Plan Rows": 532, "Plan Width": 4, "Actual Rows": 368, "Actual Loops": 1, "Filter": "((answercount >= 4) AND (answercount <= 76) AND (creationdate >= '2012-04-07 01:35:06'::timestamp without time zone) AND (creationdate <= '2013-09-02 03:08:55'::timestamp without time zone))", "Rows Removed by Filter": 91608}]}]}, {"Node Type": "Index Scan", "Parent Relationship": "Inner", "Parallel Aware": false, "Async Capable": false, "Scan Direction": "Forward", "Index Name": "idx_posthistory_userid", "Relation Name": "posthistory", "Alias": "ph", "Startup Cost": 0.42, "Total Cost": 1.28, "Plan Rows": 8, "Plan Width": 4, "Actual Rows": 43, "Actual Loops": 295, "Index Cond": "(userid = u.id)", "Rows Removed by Index Recheck": 0, "Filter": "(creationdate <= '2013-07-25 19:13:37'::timestamp without time zone)", "Rows Removed by Filter": 16}]}, {"Node Type": "Materialize", "Parent Relationship": "Inner", "Parallel Aware": false, "Async Capable": false, "Startup Cost": 5348.48, "Total Cost": 6930.75, "Plan Rows": 4547, "Plan Width": 8, "Actual Rows": 1132524, "Actual Loops": 1, "Plans": [{"Node Type": "Merge Join", "Parent Relationship": "Outer", "Parallel Aware": false, "Async Capable": false, "Join Type": "Inner", "Startup Cost": 5348.48, "Total Cost": 6919.38, "Plan Rows": 4547, "Plan Width": 8, "Actual Rows": 81646, "Actual Loops": 1, "Inner Unique": false, "Merge Cond": "(v.userid = c.userid)", "Plans": [{"Node Type": "Index Scan", "Parent Relationship": "Outer", "Parallel Aware": false, "Async Capable": false, "Scan Direction": "Forward", "Index Name": "idx_votes_userid", "Relation Name": "votes", "Alias": "v", "Startup Cost": 0.42, "Total Cost": 13242.63, "Plan Rows": 993, "Plan Width": 4, "Actual Rows": 620, "Actual Loops": 1, "Filter": "((bountyamount >= 7) AND (creationdate >= '2012-10-27 12:39:18'::timestamp without time zone))", "Rows Removed by Filter": 28229}, {"Node Type": "Sort", "Parent Relationship": "Inner", "Parallel Aware": false, "Async Capable": false, "Startup Cost": 5348.05, "Total Cost": 5410.52, "Plan Rows": 24988, "Plan Width": 4, "Actual Rows": 92730, "Actual Loops": 1, "Sort Key": ["c.userid"], "Sort Method": "quicksort", "Sort Space Used": 769, "Sort Space Type": "Memory", "Plans": [{"Node Type": "Seq Scan", "Parent Relationship": "Outer", "Parallel Aware": false, "Async Capable": false, "Relation Name": "comments", "Alias": "c", "Startup Cost": 0.0, "Total Cost": 3522.81, "Plan Rows": 24988, "Plan Width": 4, "Actual Rows": 25003, "Actual Loops": 1, "Filter": "(score = 1)", "Rows Removed by Filter": 149302}]}]}]}]}]}, "Planning Time": 5.057, "Triggers": [], "Execution Time": 218.858}, {"Plan": {"Node Type": "Aggregate", "Strategy": "Plain", "Partial Mode": "Simple", "Parallel Aware": false, "Async Capable": false, "Startup Cost": 127586.24, "Total Cost": 127586.25, "Plan Rows": 1, "Plan Width": 8, "Actual Rows": 1, "Actual Loops": 1, "Plans": [{"Node Type": "Merge Join", "Parent Relationship": "Outer", "Parallel Aware": false, "Async Capable": false, "Join Type": "Inner", "Startup Cost": 8052.81, "Total Cost": 126752.63, "Plan Rows": 333445, "Plan Width": 0, "Actual Rows": 1052545, "Actual Loops": 1, "Inner Unique": false, "Merge Cond": "(c.userid = v.userid)", "Plans": [{"Node Type": "Nested Loop", "Parent Relationship": "Outer", "Parallel Aware": false, "Async Capable": false, "Join Type": "Inner", "Startup Cost": 8052.1, "Total Cost": 22489.76, "Plan Rows": 39568621, "Plan Width": 12, "Actual Rows": 21173960, "Actual Loops": 1, "Inner Unique": false, "Join Filter": "(c.userid = ph.userid)", "Rows Removed by Join Filter": 0, "Plans": [{"Node Type": "Merge Join", "Parent Relationship": "Outer", "Parallel Aware": false, "Async Capable": false, "Join Type": "Inner", "Startup Cost": 8051.67, "Total Cost": 8748.56, "Plan Rows": 46420, "Plan Width": 8, "Actual Rows": 7108, "Actual Loops": 1, "Inner Unique": false, "Merge Cond": "(p.owneruserid = c.userid)", "Plans": [{"Node Type": "Sort", "Parent Relationship": "Outer", "Parallel Aware": false, "Async Capable": false, "Startup Cost": 2703.61, "Total Cost": 2704.94, "Plan Rows": 532, "Plan Width": 4, "Actual Rows": 367, "Actual Loops": 1, "Sort Key": ["p.owneruserid"], "Sort Method": "quicksort", "Sort Space Used": 25, "Sort Space Type": "Memory", "Plans": [{"Node Type": "Seq Scan", "Parent Relationship": "Outer", "Parallel Aware": false, "Async Capable": false, "Relation Name": "posts", "Alias": "p", "Startup Cost": 0.0, "Total Cost": 2679.52, "Plan Rows": 532, "Plan Width": 4, "Actual Rows": 368, "Actual Loops": 1, "Filter": "((answercount >= 4) AND (answercount <= 76) AND (creationdate >= '2012-04-07 01:35:06'::timestamp without time zone) AND (creationdate <= '2013-09-02 03:08:55'::timestamp without time zone))", "Rows Removed by Filter": 91608}]}, {"Node Type": "Sort", "Parent Relationship": "Inner", "Parallel Aware": false, "Async Capable": false, "Startup Cost": 5348.05, "Total Cost": 5410.52, "Plan Rows": 24988, "Plan Width": 4, "Actual Rows": 23388, "Actual Loops": 1, "Sort Key": ["c.userid"], "Sort Method": "quicksort", "Sort Space Used": 769, "Sort Space Type": "Memory", "Plans": [{"Node Type": "Seq Scan", "Parent Relationship": "Outer", "Parallel Aware": false, "Async Capable": false, "Relation Name": "comments", "Alias": "c", "Startup Cost": 0.0, "Total Cost": 3522.81, "Plan Rows": 24988, "Plan Width": 4, "Actual Rows": 25003, "Actual Loops": 1, "Filter": "(score = 1)", "Rows Removed by Filter": 149302}]}]}, {"Node Type": "Memoize", "Parent Relationship": "Inner", "Parallel Aware": false, "Async Capable": false, "Startup Cost": 0.43, "Total Cost": 14.39, "Plan Rows": 8, "Plan Width": 4, "Actual Rows": 2979, "Actual Loops": 7108, "Cache Key": "p.owneruserid", "Cache Mode": "logical", "Cache Hits": 6947, "Cache Misses": 161, "Cache Evictions": 0, "Cache Overflows": 0, "Peak Memory Usage": 913, "Plans": [{"Node Type": "Index Scan", "Parent Relationship": "Outer", "Parallel Aware": false, "Async Capable": false, "Scan Direction": "Forward", "Index Name": "idx_posthistory_userid", "Relation Name": "posthistory", "Alias": "ph", "Startup Cost": 0.42, "Total Cost": 14.38, "Plan Rows": 8, "Plan Width": 4, "Actual Rows": 159, "Actual Loops": 161, "Index Cond": "(userid = p.owneruserid)", "Rows Removed by Index Recheck": 0, "Filter": "(creationdate <= '2013-07-25 19:13:37'::timestamp without time zone)", "Rows Removed by Filter": 75}]}]}, {"Node Type": "Materialize", "Parent Relationship": "Inner", "Parallel Aware": false, "Async Capable": false, "Startup Cost": 0.71, "Total Cost": 3105.24, "Plan Rows": 46, "Plan Width": 8, "Actual Rows": 1052865, "Actual Loops": 1, "Plans": [{"Node Type": "Merge Join", "Parent Relationship": "Outer", "Parallel Aware": false, "Async Capable": false, "Join Type": "Inner", "Startup Cost": 0.71, "Total Cost": 3105.13, "Plan Rows": 46, "Plan Width": 8, "Actual Rows": 385, "Actual Loops": 1, "Inner Unique": true, "Merge Cond": "(v.userid = u.id)", "Plans": [{"Node Type": "Index Scan", "Parent Relationship": "Outer", "Parallel Aware": false, "Async Capable": false, "Scan Direction": "Forward", "Index Name": "idx_votes_userid", "Relation Name": "votes", "Alias": "v", "Startup Cost": 0.42, "Total Cost": 13242.63, "Plan Rows": 993, "Plan Width": 4, "Actual Rows": 619, "Actual Loops": 1, "Filter": "((bountyamount >= 7) AND (creationdate >= '2012-10-27 12:39:18'::timestamp without time zone))", "Rows Removed by Filter": 28189}, {"Node Type": "Index Scan", "Parent Relationship": "Inner", "Parallel Aware": false, "Async Capable": false, "Scan Direction": "Forward", "Index Name": "users_pkey", "Relation Name": "users", "Alias": "u", "Startup Cost": 0.29, "Total Cost": 1659.6, "Plan Rows": 17658, "Plan Width": 4, "Actual Rows": 15166, "Actual Loops": 1, "Filter": "((upvotes <= 9743) AND (creationdate >= '2011-11-11 00:07:20'::timestamp without time zone) AND (creationdate <= '2013-10-12 01:25:16'::timestamp without time zone))", "Rows Removed by Filter": 5304}]}]}]}]}, "Planning Time": 5.03, "Triggers": [], "Execution Time": 1671.367}, {"Plan": {"Node Type": "Aggregate", "Strategy": "Plain", "Partial Mode": "Finalize", "Parallel Aware": false, "Async Capable": false, "Startup Cost": 12049.76, "Total Cost": 12049.77, "Plan Rows": 1, "Plan Width": 8, "Actual Rows": 1, "Actual Loops": 1, "Plans": [{"Node Type": "Gather", "Parent Relationship": "Outer", "Parallel Aware": false, "Async Capable": false, "Startup Cost": 12049.65, "Total Cost": 12049.76, "Plan Rows": 1, "Plan Width": 8, "Actual Rows": 2, "Actual Loops": 1, "Workers Planned": 1, "Workers Launched": 1, "Single Copy": false, "Plans": [{"Node Type": "Aggregate", "Strategy": "Plain", "Partial Mode": "Partial", "Parent Relationship": "Outer", "Parallel Aware": false, "Async Capable": false, "Startup Cost": 11049.65, "Total Cost": 11049.66, "Plan Rows": 1, "Plan Width": 8, "Actual Rows": 1, "Actual Loops": 2, "Workers": [], "Plans": [{"Node Type": "Hash Join", "Parent Relationship": "Outer", "Parallel Aware": true, "Async Capable": false, "Join Type": "Inner", "Startup Cost": 9175.04, "Total Cost": 10559.29, "Plan Rows": 196144, "Plan Width": 0, "Actual Rows": 526272, "Actual Loops": 2, "Inner Unique": false, "Hash Cond": "(v.userid = u.id)", "Workers": [], "Plans": [{"Node Type": "Nested Loop", "Parent Relationship": "Outer", "Parallel Aware": false, "Async Capable": false, "Join Type": "Inner", "Startup Cost": 2704.32, "Total Cost": 4058.38, "Plan Rows": 4969, "Plan Width": 12, "Actual Rows": 10719, "Actual Loops": 2, "Inner Unique": false, "Workers": [], "Plans": [{"Node Type": "Merge Join", "Parent Relationship": "Outer", "Parallel Aware": false, "Async Capable": false, "Join Type": "Inner", "Startup Cost": 2704.03, "Total Cost": 3897.84, "Plan Rows": 26, "Plan Width": 8, "Actual Rows": 92, "Actual Loops": 2, "Inner Unique": false, "Merge Cond": "(v.userid = p.owneruserid)", "Workers": [], "Plans": [{"Node Type": "Index Scan", "Parent Relationship": "Outer", "Parallel Aware": true, "Async Capable": false, "Scan Direction": "Forward", "Index Name": "idx_votes_userid", "Relation Name": "votes", "Alias": "v", "Startup Cost": 0.42, "Total Cost": 11216.36, "Plan Rows": 584, "Plan Width": 4, "Actual Rows": 322, "Actual Loops": 2, "Filter": "((bountyamount >= 7) AND (creationdate >= '2012-10-27 12:39:18'::timestamp without time zone))", "Rows Removed by Filter": 14544, "Workers": []}, {"Node Type": "Sort", "Parent Relationship": "Inner", "Parallel Aware": false, "Async Capable": false, "Startup Cost": 2703.61, "Total Cost": 2704.94, "Plan Rows": 532, "Plan Width": 4, "Actual Rows": 421, "Actual Loops": 2, "Sort Key": ["p.owneruserid"], "Sort Method": "quicksort", "Sort Space Used": 25, "Sort Space Type": "Memory", "Workers": [{"Worker Number": 0, "Sort Method": "quicksort", "Sort Space Used": 25, "Sort Space Type": "Memory"}], "Plans": [{"Node Type": "Seq Scan", "Parent Relationship": "Outer", "Parallel Aware": false, "Async Capable": false, "Relation Name": "posts", "Alias": "p", "Startup Cost": 0.0, "Total Cost": 2679.52, "Plan Rows": 532, "Plan Width": 4, "Actual Rows": 368, "Actual Loops": 2, "Filter": "((answercount >= 4) AND (answercount <= 76) AND (creationdate >= '2012-04-07 01:35:06'::timestamp without time zone) AND (creationdate <= '2013-09-02 03:08:55'::timestamp without time zone))", "Rows Removed by Filter": 91608, "Workers": []}]}]}, {"Node Type": "Index Scan", "Parent Relationship": "Inner", "Parallel Aware": false, "Async Capable": false, "Scan Direction": "Forward", "Index Name": "idx_comments_userid", "Relation Name": "comments", "Alias": "c", "Startup Cost": 0.29, "Total Cost": 6.15, "Plan Rows": 2, "Plan Width": 4, "Actual Rows": 117, "Actual Loops": 184, "Index Cond": "(userid = v.userid)", "Rows Removed by Index Recheck": 0, "Filter": "(score = 1)", "Rows Removed by Filter": 488, "Workers": []}]}, {"Node Type": "Hash", "Parent Relationship": "Inner", "Parallel Aware": true, "Async Capable": false, "Startup Cost": 5957.36, "Total Cost": 5957.36, "Plan Rows": 41068, "Plan Width": 8, "Actual Rows": 33250, "Actual Loops": 2, "Hash Buckets": 131072, "Original Hash Buckets": 131072, "Hash Batches": 1, "Original Hash Batches": 1, "Peak Memory Usage": 3648, "Workers": [], "Plans": [{"Node Type": "Hash Join", "Parent Relationship": "Outer", "Parallel Aware": false, "Async Capable": false, "Join Type": "Inner", "Startup Cost": 1223.41, "Total Cost": 5957.36, "Plan Rows": 41068, "Plan Width": 8, "Actual Rows": 33250, "Actual Loops": 2, "Inner Unique": true, "Hash Cond": "(ph.userid = u.id)", "Workers": [], "Plans": [{"Node Type": "Seq Scan", "Parent Relationship": "Outer", "Parallel Aware": true, "Async Capable": false, "Relation Name": "posthistory", "Alias": "ph", "Startup Cost": 0.0, "Total Cost": 4469.32, "Plan Rows": 100805, "Plan Width": 4, "Actual Rows": 85726, "Actual Loops": 2, "Filter": "(creationdate <= '2013-07-25 19:13:37'::timestamp without time zone)", "Rows Removed by Filter": 65868, "Workers": []}, {"Node Type": "Hash", "Parent Relationship": "Inner", "Parallel Aware": false, "Async Capable": false, "Startup Cost": 1002.69, "Total Cost": 1002.69, "Plan Rows": 17658, "Plan Width": 4, "Actual Rows": 17663, "Actual Loops": 2, "Hash Buckets": 32768, "Original Hash Buckets": 32768, "Hash Batches": 1, "Original Hash Batches": 1, "Peak Memory Usage": 877, "Workers": [], "Plans": [{"Node Type": "Seq Scan", "Parent Relationship": "Outer", "Parallel Aware": false, "Async Capable": false, "Relation Name": "users", "Alias": "u", "Startup Cost": 0.0, "Total Cost": 1002.69, "Plan Rows": 17658, "Plan Width": 4, "Actual Rows": 17663, "Actual Loops": 2, "Filter": "((upvotes <= 9743) AND (creationdate >= '2011-11-11 00:07:20'::timestamp without time zone) AND (creationdate <= '2013-10-12 01:25:16'::timestamp without time zone))", "Rows Removed by Filter": 22662, "Workers": []}]}]}]}]}]}]}]}, "Planning Time": 10.242, "Triggers": [], "Execution Time": 191.765}, {"Plan": {"Node Type": "Aggregate", "Strategy": "Plain", "Partial Mode": "Simple", "Parallel Aware": false, "Async Capable": false, "Startup Cost": 134026.17, "Total Cost": 134026.18, "Plan Rows": 1, "Plan Width": 8, "Plans": [{"Node Type": "Merge Join", "Parent Relationship": "Outer", "Parallel Aware": false, "Async Capable": false, "Join Type": "Inner", "Startup Cost": 2705.05, "Total Cost": 133192.56, "Plan Rows": 333445, "Plan Width": 0, "Inner Unique": false, "Merge Cond": "(v.userid = c.userid)", "Plans": [{"Node Type": "Merge Join", "Parent Relationship": "Outer", "Parallel Aware": false, "Async Capable": false, "Join Type": "Inner", "Startup Cost": 2704.32, "Total Cost": 3044.45, "Plan Rows": 2, "Plan Width": 12, "Inner Unique": false, "Merge Cond": "(v.userid = p.owneruserid)", "Plans": [{"Node Type": "Merge Join", "Parent Relationship": "Outer", "Parallel Aware": false, "Async Capable": false, "Join Type": "Inner", "Startup Cost": 0.71, "Total Cost": 3105.13, "Plan Rows": 46, "Plan Width": 8, "Inner Unique": true, "Merge Cond": "(v.userid = u.id)", "Plans": [{"Node Type": "Index Scan", "Parent Relationship": "Outer", "Parallel Aware": false, "Async Capable": false, "Scan Direction": "Forward", "Index Name": "idx_votes_userid", "Relation Name": "votes", "Alias": "v", "Startup Cost": 0.42, "Total Cost": 13242.63, "Plan Rows": 993, "Plan Width": 4, "Filter": "((bountyamount >= 7) AND (creationdate >= '2012-10-27 12:39:18'::timestamp without time zone))"}, {"Node Type": "Index Scan", "Parent Relationship": "Inner", "Parallel Aware": false, "Async Capable": false, "Scan Direction": "Forward", "Index Name": "users_pkey", "Relation Name": "users", "Alias": "u", "Startup Cost": 0.29, "Total Cost": 1659.6, "Plan Rows": 17658, "Plan Width": 4, "Filter": "((upvotes <= 9743) AND (creationdate >= '2011-11-11 00:07:20'::timestamp without time zone) AND (creationdate <= '2013-10-12 01:25:16'::timestamp without time zone))"}]}, {"Node Type": "Sort", "Parent Relationship": "Inner", "Parallel Aware": false, "Async Capable": false, "Startup Cost": 2703.61, "Total Cost": 2704.94, "Plan Rows": 532, "Plan Width": 4, "Sort Key": ["p.owneruserid"], "Plans": [{"Node Type": "Seq Scan", "Parent Relationship": "Outer", "Parallel Aware": false, "Async Capable": false, "Relation Name": "posts", "Alias": "p", "Startup Cost": 0.0, "Total Cost": 2679.52, "Plan Rows": 532, "Plan Width": 4, "Filter": "((answercount >= 4) AND (answercount <= 76) AND (creationdate >= '2012-04-07 01:35:06'::timestamp without time zone) AND (creationdate <= '2013-09-02 03:08:55'::timestamp without time zone))"}]}]}, {"Node Type": "Materialize", "Parent Relationship": "Inner", "Parallel Aware": false, "Async Capable": false, "Startup Cost": 0.73, "Total Cost": 76990.39, "Plan Rows": 21299886, "Plan Width": 8, "Plans": [{"Node Type": "Nested Loop", "Parent Relationship": "Outer", "Parallel Aware": false, "Async Capable": false, "Join Type": "Inner", "Startup Cost": 0.73, "Total Cost": 23740.68, "Plan Rows": 21299886, "Plan Width": 8, "Inner Unique": false, "Plans": [{"Node Type": "Index Scan", "Parent Relationship": "Outer", "Parallel Aware": false, "Async Capable": false, "Scan Direction": "Forward", "Index Name": "idx_comments_userid", "Relation Name": "comments", "Alias": "c", "Startup Cost": 0.29, "Total Cost": 8258.96, "Plan Rows": 24988, "Plan Width": 4, "Filter": "(score = 1)"}, {"Node Type": "Memoize", "Parent Relationship": "Inner", "Parallel Aware": false, "Async Capable": false, "Startup Cost": 0.43, "Total Cost": 1.12, "Plan Rows": 8, "Plan Width": 4, "Cache Key": "c.userid", "Cache Mode": "logical", "Plans": [{"Node Type": "Index Scan", "Parent Relationship": "Outer", "Parallel Aware": false, "Async Capable": false, "Scan Direction": "Forward", "Index Name": "idx_posthistory_userid", "Relation Name": "posthistory", "Alias": "ph", "Startup Cost": 0.42, "Total Cost": 1.11, "Plan Rows": 8, "Plan Width": 4, "Index Cond": "(userid = c.userid)", "Filter": "(creationdate <= '2013-07-25 19:13:37'::timestamp without time zone)"}]}]}]}]}]}}, {"Plan": {"Node Type": "Aggregate", "Strategy": "Plain", "Partial Mode": "Simple", "Parallel Aware": false, "Async Capable": false, "Startup Cost": 12506.4, "Total Cost": 12506.41, "Plan Rows": 1, "Plan Width": 8, "Plans": [{"Node Type": "Merge Join", "Parent Relationship": "Outer", "Parallel Aware": false, "Async Capable": false, "Join Type": "Inner", "Startup Cost": 9263.5, "Total Cost": 11672.79, "Plan Rows": 333445, "Plan Width": 0, "Inner Unique": false, "Merge Cond": "(u.id = v.userid)", "Plans": [{"Node Type": "Sort", "Parent Relationship": "Outer", "Parallel Aware": false, "Async Capable": false, "Startup Cost": 3913.3, "Total Cost": 3913.88, "Plan Rows": 229, "Plan Width": 8, "Sort Key": ["p.owneruserid"], "Plans": [{"Node Type": "Hash Join", "Parent Relationship": "Outer", "Parallel Aware": false, "Async Capable": false, "Join Type": "Inner", "Startup Cost": 1223.41, "Total Cost": 3904.33, "Plan Rows": 229, "Plan Width": 8, "Inner Unique": true, "Hash Cond": "(p.owneruserid = u.id)", "Plans": [{"Node Type": "Seq Scan", "Parent Relationship": "Outer", "Parallel Aware": false, "Async Capable": false, "Relation Name": "posts", "Alias": "p", "Startup Cost": 0.0, "Total Cost": 2679.52, "Plan Rows": 532, "Plan Width": 4, "Filter": "((answercount >= 4) AND (answercount <= 76) AND (creationdate >= '2012-04-07 01:35:06'::timestamp without time zone) AND (creationdate <= '2013-09-02 03:08:55'::timestamp without time zone))"}, {"Node Type": "Hash", "Parent Relationship": "Inner", "Parallel Aware": false, "Async Capable": false, "Startup Cost": 1002.69, "Total Cost": 1002.69, "Plan Rows": 17658, "Plan Width": 4, "Plans": [{"Node Type": "Seq Scan", "Parent Relationship": "Outer", "Parallel Aware": false, "Async Capable": false, "Relation Name": "users", "Alias": "u", "Startup Cost": 0.0, "Total Cost": 1002.69, "Plan Rows": 17658, "Plan Width": 4, "Filter": "((upvotes <= 9743) AND (creationdate >= '2011-11-11 00:07:20'::timestamp without time zone) AND (creationdate <= '2013-10-12 01:25:16'::timestamp without time zone))"}]}]}]}, {"Node Type": "Materialize", "Parent Relationship": "Inner", "Parallel Aware": false, "Async Capable": false, "Startup Cost": 5350.19, "Total Cost": 18211.26, "Plan Rows": 3876044, "Plan Width": 12, "Plans": [{"Node Type": "Merge Join", "Parent Relationship": "Outer", "Parallel Aware": false, "Async Capable": false, "Join Type": "Inner", "Startup Cost": 5350.19, "Total Cost": 8521.15, "Plan Rows": 3876044, "Plan Width": 12, "Inner Unique": false, "Merge Cond": "(v.userid = c.userid)", "Plans": [{"Node Type": "Merge Join", "Parent Relationship": "Outer", "Parallel Aware": false, "Async Capable": false, "Join Type": "Inner", "Startup Cost": 0.84, "Total Cost": 14910.71, "Plan Rows": 23137, "Plan Width": 8, "Inner Unique": false, "Merge Cond": "(v.userid = ph.userid)", "Plans": [{"Node Type": "Index Scan", "Parent Relationship": "Outer", "Parallel Aware": false, "Async Capable": false, "Scan Direction": "Forward", "Index Name": "idx_votes_userid", "Relation Name": "votes", "Alias": "v", "Startup Cost": 0.42, "Total Cost": 13242.63, "Plan Rows": 993, "Plan Width": 4, "Filter": "((bountyamount >= 7) AND (creationdate >= '2012-10-27 12:39:18'::timestamp without time zone))"}, {"Node Type": "Index Scan", "Parent Relationship": "Inner", "Parallel Aware": false, "Async Capable": false, "Scan Direction": "Forward", "Index Name": "idx_posthistory_userid", "Relation Name": "posthistory", "Alias": "ph", "Startup Cost": 0.42, "Total Cost": 12849.99, "Plan Rows": 171369, "Plan Width": 4, "Filter": "(creationdate <= '2013-07-25 19:13:37'::timestamp without time zone)"}]}, {"Node Type": "Sort", "Parent Relationship": "Inner", "Parallel Aware": false, "Async Capable": false, "Startup Cost": 5348.05, "Total Cost": 5410.52, "Plan Rows": 24988, "Plan Width": 4, "Sort Key": ["c.userid"], "Plans": [{"Node Type": "Seq Scan", "Parent Relationship": "Outer", "Parallel Aware": false, "Async Capable": false, "Relation Name": "comments", "Alias": "c", "Startup Cost": 0.0, "Total Cost": 3522.81, "Plan Rows": 24988, "Plan Width": 4, "Filter": "(score = 1)"}]}]}]}]}]}}, {"Plan": {"Node Type": "Aggregate", "Strategy": "Plain", "Partial Mode": "Simple", "Parallel Aware": false, "Async Capable": false, "Startup Cost": 14358.5, "Total Cost": 14358.51, "Plan Rows": 1, "Plan Width": 8, "Actual Rows": 1, "Actual Loops": 1, "Plans": [{"Node Type": "Merge Join", "Parent Relationship": "Outer", "Parallel Aware": false, "Async Capable": false, "Join Type": "Inner", "Startup Cost": 1.72, "Total Cost": 13524.89, "Plan Rows": 333445, "Plan Width": 0, "Actual Rows": 1052545, "Actual Loops": 1, "Inner Unique": false, "Merge Cond": "(p.owneruserid = v.userid)", "Plans": [{"Node Type": "Nested Loop", "Parent Relationship": "Outer", "Parallel Aware": false, "Async Capable": false, "Join Type": "Inner", "Startup Cost": 0.71, "Total Cost": 12704.23, "Plan Rows": 177882, "Plan Width": 8, "Actual Rows": 38203, "Actual Loops": 1, "Inner Unique": false, "Plans": [{"Node Type": "Index Scan", "Parent Relationship": "Outer", "Parallel Aware": false, "Async Capable": false, "Scan Direction": "Forward", "Index Name": "idx_posts_owneruserid", "Relation Name": "posts", "Alias": "p", "Startup Cost": 0.29, "Total Cost": 5013.43, "Plan Rows": 532, "Plan Width": 4, "Actual Rows": 368, "Actual Loops": 1, "Filter": "((answercount >= 4) AND (answercount <= 76) AND (creationdate >= '2012-04-07 01:35:06'::timestamp without time zone) AND (creationdate <= '2013-09-02 03:08:55'::timestamp without time zone))", "Rows Removed by Filter": 91608}, {"Node Type": "Index Scan", "Parent Relationship": "Inner", "Parallel Aware": false, "Async Capable": false, "Scan Direction": "Forward", "Index Name": "idx_posthistory_userid", "Relation Name": "posthistory", "Alias": "ph", "Startup Cost": 0.42, "Total Cost": 14.38, "Plan Rows": 8, "Plan Width": 4, "Actual Rows": 104, "Actual Loops": 368, "Index Cond": "(userid = p.owneruserid)", "Rows Removed by Index Recheck": 0, "Filter": "(creationdate <= '2013-07-25 19:13:37'::timestamp without time zone)", "Rows Removed by Filter": 41}]}, {"Node Type": "Materialize", "Parent Relationship": "Inner", "Parallel Aware": false, "Async Capable": false, "Startup Cost": 1.01, "Total Cost": 3148.28, "Plan Rows": 211, "Plan Width": 12, "Actual Rows": 1055064, "Actual Loops": 1, "Plans": [{"Node Type": "Nested Loop", "Parent Relationship": "Outer", "Parallel Aware": false, "Async Capable": false, "Join Type": "Inner", "Startup Cost": 1.01, "Total Cost": 3147.75, "Plan Rows": 211, "Plan Width": 12, "Actual Rows": 4186, "Actual Loops": 1, "Inner Unique": false, "Join Filter": "(c.userid = v.userid)", "Rows Removed by Join Filter": 0, "Plans": [{"Node Type": "Merge Join", "Parent Relationship": "Outer", "Parallel Aware": false, "Async Capable": false, "Join Type": "Inner", "Startup Cost": 0.71, "Total Cost": 3105.13, "Plan Rows": 46, "Plan Width": 8, "Actual Rows": 386, "Actual Loops": 1, "Inner Unique": true, "Merge Cond": "(v.userid = u.id)", "Plans": [{"Node Type": "Index Scan", "Parent Relationship": "Outer", "Parallel Aware": false, "Async Capable": false, "Scan Direction": "Forward", "Index Name": "idx_votes_userid", "Relation Name": "votes", "Alias": "v", "Startup Cost": 0.42, "Total Cost": 13242.63, "Plan Rows": 993, "Plan Width": 4, "Actual Rows": 620, "Actual Loops": 1, "Filter": "((bountyamount >= 7) AND (creationdate >= '2012-10-27 12:39:18'::timestamp without time zone))", "Rows Removed by Filter": 28229}, {"Node Type": "Index Scan", "Parent Relationship": "Inner", "Parallel Aware": false, "Async Capable": false, "Scan Direction": "Forward", "Index Name": "users_pkey", "Relation Name": "users", "Alias": "u", "Startup Cost": 0.29, "Total Cost": 1659.6, "Plan Rows": 17658, "Plan Width": 4, "Actual Rows": 15260, "Actual Loops": 1, "Filter": "((upvotes <= 9743) AND (creationdate >= '2011-11-11 00:07:20'::timestamp without time zone) AND (creationdate <= '2013-10-12 01:25:16'::timestamp without time zone))", "Rows Removed by Filter": 5304}]}, {"Node Type": "Index Scan", "Parent Relationship": "Inner", "Parallel Aware": false, "Async Capable": false, "Scan Direction": "Forward", "Index Name": "idx_comments_userid", "Relation Name": "comments", "Alias": "c", "Startup Cost": 0.29, "Total Cost": 0.9, "Plan Rows": 2, "Plan Width": 4, "Actual Rows": 11, "Actual Loops": 386, "Index Cond": "(userid = u.id)", "Rows Removed by Index Recheck": 0, "Filter": "(score = 1)", "Rows Removed by Filter": 69}]}]}]}]}, "Planning Time": 4.858, "Triggers": [], "Execution Time": 277.61}]