[{"Plan": {"Node Type": "Aggregate", "Strategy": "Plain", "Partial Mode": "Simple", "Parallel Aware": false, "Async Capable": false, "Startup Cost": 1752.93, "Total Cost": 1752.94, "Plan Rows": 1, "Plan Width": 8, "Actual Rows": 1, "Actual Loops": 1, "Plans": [{"Node Type": "Nested Loop", "Parent Relationship": "Outer", "Parallel Aware": false, "Async Capable": false, "Join Type": "Inner", "Startup Cost": 910.39, "Total Cost": 1752.88, "Plan Rows": 21, "Plan Width": 0, "Actual Rows": 602, "Actual Loops": 1, "Inner Unique": false, "Join Filter": "(p.owneruserid = u.id)", "Rows Removed by Join Filter": 0, "Plans": [{"Node Type": "Nested Loop", "Parent Relationship": "Outer", "Parallel Aware": false, "Async Capable": false, "Join Type": "Inner", "Startup Cost": 910.1, "Total Cost": 1751.29, "Plan Rows": 4, "Plan Width": 12, "Actual Rows": 142, "Actual Loops": 1, "Inner Unique": false, "Join Filter": "(c.userid = u.id)", "Rows Removed by Join Filter": 0, "Plans": [{"Node Type": "Merge Join", "Parent Relationship": "Outer", "Parallel Aware": false, "Async Capable": false, "Join Type": "Inner", "Startup Cost": 909.81, "Total Cost": 1652.23, "Plan Rows": 169, "Plan Width": 8, "Actual Rows": 9312, "Actual Loops": 1, "Inner Unique": true, "Merge Cond": "(v.userid = u.id)", "Plans": [{"Node Type": "Index Only Scan", "Parent Relationship": "Outer", "Parallel Aware": false, "Async Capable": false, "Scan Direction": "Forward", "Index Name": "idx_votes_userid", "Relation Name": "votes", "Alias": "v", "Startup Cost": 0.42, "Total Cost": 6175.27, "Plan Rows": 328064, "Plan Width": 4, "Actual Rows": 33568, "Actual Loops": 1, "Heap Fetches": 0}, {"Node Type": "Sort", "Parent Relationship": "Inner", "Parallel Aware": false, "Async Capable": false, "Startup Cost": 909.38, "Total Cost": 909.88, "Plan Rows": 197, "Plan Width": 4, "Actual Rows": 191, "Actual Loops": 1, "Sort Key": ["u.id"], "Sort Method": "quicksort", "Sort Space Used": 25, "Sort Space Type": "Memory", "Plans": [{"Node Type": "Seq Scan", "Parent Relationship": "Outer", "Parallel Aware": false, "Async Capable": false, "Relation Name": "users", "Alias": "u", "Startup Cost": 0.0, "Total Cost": 901.88, "Plan Rows": 197, "Plan Width": 4, "Actual Rows": 191, "Actual Loops": 1, "Filter": "((reputation <= 25832) AND (upvotes >= 182))", "Rows Removed by Filter": 40134}]}]}, {"Node Type": "Index Scan", "Parent Relationship": "Inner", "Parallel Aware": false, "Async Capable": false, "Scan Direction": "Forward", "Index Name": "idx_comments_userid", "Relation Name": "comments", "Alias": "c", "Startup Cost": 0.29, "Total Cost": 0.57, "Plan Rows": 1, "Plan Width": 4, "Actual Rows": 0, "Actual Loops": 9312, "Index Cond": "(userid = v.userid)", "Rows Removed by Index Recheck": 0, "Filter": "(score = 15)", "Rows Removed by Filter": 264}]}, {"Node Type": "Index Scan", "Parent Relationship": "Inner", "Parallel Aware": false, "Async Capable": false, "Scan Direction": "Forward", "Index Name": "idx_posts_owneruserid", "Relation Name": "posts", "Alias": "p", "Startup Cost": 0.29, "Total Cost": 0.38, "Plan Rows": 1, "Plan Width": 4, "Actual Rows": 4, "Actual Loops": 142, "Index Cond": "(owneruserid = v.userid)", "Rows Removed by Index Recheck": 0, "Filter": "(viewcount >= 1549)", "Rows Removed by Filter": 286}]}]}, "Planning Time": 2.197, "Triggers": [], "Execution Time": 373.087}, {"Plan": {"Node Type": "Aggregate", "Strategy": "Plain", "Partial Mode": "Finalize", "Parallel Aware": false, "Async Capable": false, "Startup Cost": 5054.03, "Total Cost": 5054.04, "Plan Rows": 1, "Plan Width": 8, "Actual Rows": 1, "Actual Loops": 1, "Plans": [{"Node Type": "Gather", "Parent Relationship": "Outer", "Parallel Aware": false, "Async Capable": false, "Startup Cost": 5053.92, "Total Cost": 5054.03, "Plan Rows": 1, "Plan Width": 8, "Actual Rows": 2, "Actual Loops": 1, "Workers Planned": 1, "Workers Launched": 1, "Single Copy": false, "Plans": [{"Node Type": "Aggregate", "Strategy": "Plain", "Partial Mode": "Partial", "Parent Relationship": "Outer", "Parallel Aware": false, "Async Capable": false, "Startup Cost": 4053.92, "Total Cost": 4053.93, "Plan Rows": 1, "Plan Width": 8, "Actual Rows": 1, "Actual Loops": 2, "Workers": [], "Plans": [{"Node Type": "Hash Join", "Parent Relationship": "Outer", "Parallel Aware": true, "Async Capable": false, "Join Type": "Inner", "Startup Cost": 1428.19, "Total Cost": 4053.89, "Plan Rows": 12, "Plan Width": 0, "Actual Rows": 301, "Actual Loops": 2, "Inner Unique": false, "Hash Cond": "(c.userid = u.id)", "Workers": [], "Plans": [{"Node Type": "Seq Scan", "Parent Relationship": "Outer", "Parallel Aware": true, "Async Capable": false, "Relation Name": "comments", "Alias": "c", "Startup Cost": 0.0, "Total Cost": 2625.65, "Plan Rows": 9, "Plan Width": 4, "Actual Rows": 7, "Actual Loops": 2, "Filter": "(score = 15)", "Rows Removed by Filter": 87146, "Workers": []}, {"Node Type": "Hash", "Parent Relationship": "Inner", "Parallel Aware": true, "Async Capable": false, "Startup Cost": 1426.06, "Total Cost": 1426.06, "Plan Rows": 171, "Plan Width": 12, "Actual Rows": 14568, "Actual Loops": 2, "Hash Buckets": 32768, "Original Hash Buckets": 1024, "Hash Batches": 1, "Original Hash Batches": 1, "Peak Memory Usage": 1912, "Workers": [], "Plans": [{"Node Type": "Nested Loop", "Parent Relationship": "Outer", "Parallel Aware": false, "Async Capable": false, "Join Type": "Inner", "Startup Cost": 910.1, "Total Cost": 1426.06, "Plan Rows": 171, "Plan Width": 12, "Actual Rows": 14568, "Actual Loops": 2, "Inner Unique": false, "Join Filter": "(p.owneruserid = u.id)", "Rows Removed by Join Filter": 0, "Workers": [], "Plans": [{"Node Type": "Merge Join", "Parent Relationship": "Outer", "Parallel Aware": false, "Async Capable": false, "Join Type": "Inner", "Startup Cost": 909.81, "Total Cost": 1398.28, "Plan Rows": 70, "Plan Width": 8, "Actual Rows": 4656, "Actual Loops": 2, "Inner Unique": true, "Merge Cond": "(v.userid = u.id)", "Workers": [], "Plans": [{"Node Type": "Index Only Scan", "Parent Relationship": "Outer", "Parallel Aware": true, "Async Capable": false, "Scan Direction": "Forward", "Index Name": "idx_votes_userid", "Relation Name": "votes", "Alias": "v", "Startup Cost": 0.42, "Total Cost": 4261.57, "Plan Rows": 136693, "Plan Width": 4, "Actual Rows": 16784, "Actual Loops": 2, "Heap Fetches": 0, "Workers": []}, {"Node Type": "Sort", "Parent Relationship": "Inner", "Parallel Aware": false, "Async Capable": false, "Startup Cost": 909.38, "Total Cost": 909.88, "Plan Rows": 197, "Plan Width": 4, "Actual Rows": 191, "Actual Loops": 2, "Sort Key": ["u.id"], "Sort Method": "quicksort", "Sort Space Used": 25, "Sort Space Type": "Memory", "Workers": [{"Worker Number": 0, "Sort Method": "quicksort", "Sort Space Used": 25, "Sort Space Type": "Memory"}], "Plans": [{"Node Type": "Seq Scan", "Parent Relationship": "Outer", "Parallel Aware": false, "Async Capable": false, "Relation Name": "users", "Alias": "u", "Startup Cost": 0.0, "Total Cost": 901.88, "Plan Rows": 197, "Plan Width": 4, "Actual Rows": 191, "Actual Loops": 2, "Filter": "((reputation <= 25832) AND (upvotes >= 182))", "Rows Removed by Filter": 40134, "Workers": []}]}]}, {"Node Type": "Index Scan", "Parent Relationship": "Inner", "Parallel Aware": false, "Async Capable": false, "Scan Direction": "Forward", "Index Name": "idx_posts_owneruserid", "Relation Name": "posts", "Alias": "p", "Startup Cost": 0.29, "Total Cost": 0.38, "Plan Rows": 1, "Plan Width": 4, "Actual Rows": 3, "Actual Loops": 9312, "Index Cond": "(owneruserid = v.userid)", "Rows Removed by Index Recheck": 0, "Filter": "(viewcount >= 1549)", "Rows Removed by Filter": 101, "Workers": []}]}]}]}]}]}]}, "Planning Time": 2.648, "Triggers": [], "Execution Time": 173.746}, {"Plan": {"Node Type": "Aggregate", "Strategy": "Plain", "Partial Mode": "Simple", "Parallel Aware": false, "Async Capable": false, "Startup Cost": 1752.93, "Total Cost": 1752.94, "Plan Rows": 1, "Plan Width": 8, "Actual Rows": 1, "Actual Loops": 1, "Plans": [{"Node Type": "Nested Loop", "Parent Relationship": "Outer", "Parallel Aware": false, "Async Capable": false, "Join Type": "Inner", "Startup Cost": 910.39, "Total Cost": 1752.88, "Plan Rows": 21, "Plan Width": 0, "Actual Rows": 602, "Actual Loops": 1, "Inner Unique": false, "Join Filter": "(p.owneruserid = u.id)", "Rows Removed by Join Filter": 0, "Plans": [{"Node Type": "Nested Loop", "Parent Relationship": "Outer", "Parallel Aware": false, "Async Capable": false, "Join Type": "Inner", "Startup Cost": 910.1, "Total Cost": 1751.29, "Plan Rows": 4, "Plan Width": 12, "Actual Rows": 142, "Actual Loops": 1, "Inner Unique": false, "Join Filter": "(c.userid = u.id)", "Rows Removed by Join Filter": 0, "Plans": [{"Node Type": "Merge Join", "Parent Relationship": "Outer", "Parallel Aware": false, "Async Capable": false, "Join Type": "Inner", "Startup Cost": 909.81, "Total Cost": 1652.23, "Plan Rows": 169, "Plan Width": 8, "Actual Rows": 9312, "Actual Loops": 1, "Inner Unique": true, "Merge Cond": "(v.userid = u.id)", "Plans": [{"Node Type": "Index Only Scan", "Parent Relationship": "Outer", "Parallel Aware": false, "Async Capable": false, "Scan Direction": "Forward", "Index Name": "idx_votes_userid", "Relation Name": "votes", "Alias": "v", "Startup Cost": 0.42, "Total Cost": 6175.27, "Plan Rows": 328064, "Plan Width": 4, "Actual Rows": 33568, "Actual Loops": 1, "Heap Fetches": 0}, {"Node Type": "Sort", "Parent Relationship": "Inner", "Parallel Aware": false, "Async Capable": false, "Startup Cost": 909.38, "Total Cost": 909.88, "Plan Rows": 197, "Plan Width": 4, "Actual Rows": 191, "Actual Loops": 1, "Sort Key": ["u.id"], "Sort Method": "quicksort", "Sort Space Used": 25, "Sort Space Type": "Memory", "Plans": [{"Node Type": "Seq Scan", "Parent Relationship": "Outer", "Parallel Aware": false, "Async Capable": false, "Relation Name": "users", "Alias": "u", "Startup Cost": 0.0, "Total Cost": 901.88, "Plan Rows": 197, "Plan Width": 4, "Actual Rows": 191, "Actual Loops": 1, "Filter": "((reputation <= 25832) AND (upvotes >= 182))", "Rows Removed by Filter": 40134}]}]}, {"Node Type": "Index Scan", "Parent Relationship": "Inner", "Parallel Aware": false, "Async Capable": false, "Scan Direction": "Forward", "Index Name": "idx_comments_userid", "Relation Name": "comments", "Alias": "c", "Startup Cost": 0.29, "Total Cost": 0.57, "Plan Rows": 1, "Plan Width": 4, "Actual Rows": 0, "Actual Loops": 9312, "Index Cond": "(userid = v.userid)", "Rows Removed by Index Recheck": 0, "Filter": "(score = 15)", "Rows Removed by Filter": 264}]}, {"Node Type": "Index Scan", "Parent Relationship": "Inner", "Parallel Aware": false, "Async Capable": false, "Scan Direction": "Forward", "Index Name": "idx_posts_owneruserid", "Relation Name": "posts", "Alias": "p", "Startup Cost": 0.29, "Total Cost": 0.38, "Plan Rows": 1, "Plan Width": 4, "Actual Rows": 4, "Actual Loops": 142, "Index Cond": "(owneruserid = v.userid)", "Rows Removed by Index Recheck": 0, "Filter": "(viewcount >= 1549)", "Rows Removed by Filter": 286}]}]}, "Planning Time": 2.108, "Triggers": [], "Execution Time": 369.675}, {"Plan": {"Node Type": "Aggregate", "Strategy": "Plain", "Partial Mode": "Finalize", "Parallel Aware": false, "Async Capable": false, "Startup Cost": 4054.44, "Total Cost": 4054.45, "Plan Rows": 1, "Plan Width": 8, "Actual Rows": 1, "Actual Loops": 1, "Plans": [{"Node Type": "Gather", "Parent Relationship": "Outer", "Parallel Aware": false, "Async Capable": false, "Startup Cost": 4054.33, "Total Cost": 4054.44, "Plan Rows": 1, "Plan Width": 8, "Actual Rows": 2, "Actual Loops": 1, "Workers Planned": 1, "Workers Launched": 1, "Single Copy": false, "Plans": [{"Node Type": "Aggregate", "Strategy": "Plain", "Partial Mode": "Partial", "Parent Relationship": "Outer", "Parallel Aware": false, "Async Capable": false, "Startup Cost": 3054.33, "Total Cost": 3054.34, "Plan Rows": 1, "Plan Width": 8, "Actual Rows": 1, "Actual Loops": 2, "Workers": [], "Plans": [{"Node Type": "Nested Loop", "Parent Relationship": "Outer", "Parallel Aware": false, "Async Capable": false, "Join Type": "Inner", "Startup Cost": 1.02, "Total Cost": 3054.3, "Plan Rows": 12, "Plan Width": 0, "Actual Rows": 301, "Actual Loops": 2, "Inner Unique": true, "Join Filter": "(p.owneruserid = u.id)", "Rows Removed by Join Filter": 0, "Workers": [], "Plans": [{"Node Type": "Nested Loop", "Parent Relationship": "Outer", "Parallel Aware": false, "Async Capable": false, "Join Type": "Inner", "Startup Cost": 0.72, "Total Cost": 2849.27, "Plan Rows": 2621, "Plan Width": 12, "Actual Rows": 1009, "Actual Loops": 2, "Inner Unique": false, "Join Filter": "(p.owneruserid = v.userid)", "Rows Removed by Join Filter": 0, "Workers": [], "Plans": [{"Node Type": "Nested Loop", "Parent Relationship": "Outer", "Parallel Aware": false, "Async Capable": false, "Join Type": "Inner", "Startup Cost": 0.29, "Total Cost": 2756.48, "Plan Rows": 94, "Plan Width": 8, "Actual Rows": 14, "Actual Loops": 2, "Inner Unique": false, "Workers": [], "Plans": [{"Node Type": "Seq Scan", "Parent Relationship": "Outer", "Parallel Aware": true, "Async Capable": false, "Relation Name": "comments", "Alias": "c", "Startup Cost": 0.0, "Total Cost": 2625.65, "Plan Rows": 9, "Plan Width": 4, "Actual Rows": 7, "Actual Loops": 2, "Filter": "(score = 15)", "Rows Removed by Filter": 87146, "Workers": []}, {"Node Type": "Index Scan", "Parent Relationship": "Inner", "Parallel Aware": false, "Async Capable": false, "Scan Direction": "Forward", "Index Name": "idx_posts_owneruserid", "Relation Name": "posts", "Alias": "p", "Startup Cost": 0.29, "Total Cost": 14.53, "Plan Rows": 1, "Plan Width": 4, "Actual Rows": 2, "Actual Loops": 14, "Index Cond": "(owneruserid = c.userid)", "Rows Removed by Index Recheck": 0, "Filter": "(viewcount >= 1549)", "Rows Removed by Filter": 572, "Workers": []}]}, {"Node Type": "Memoize", "Parent Relationship": "Inner", "Parallel Aware": false, "Async Capable": false, "Startup Cost": 0.43, "Total Cost": 4.99, "Plan Rows": 9, "Plan Width": 4, "Actual Rows": 72, "Actual Loops": 28, "Cache Key": "c.userid", "Cache Mode": "logical", "Cache Hits": 21, "Cache Misses": 7, "Cache Evictions": 0, "Cache Overflows": 0, "Peak Memory Usage": 24, "Workers": [], "Plans": [{"Node Type": "Index Only Scan", "Parent Relationship": "Outer", "Parallel Aware": false, "Async Capable": false, "Scan Direction": "Forward", "Index Name": "idx_votes_userid", "Relation Name": "votes", "Alias": "v", "Startup Cost": 0.42, "Total Cost": 4.98, "Plan Rows": 9, "Plan Width": 4, "Actual Rows": 93, "Actual Loops": 7, "Index Cond": "(userid = c.userid)", "Rows Removed by Index Recheck": 0, "Heap Fetches": 0, "Workers": []}]}]}, {"Node Type": "Memoize", "Parent Relationship": "Inner", "Parallel Aware": false, "Async Capable": false, "Startup Cost": 0.3, "Total Cost": 8.32, "Plan Rows": 1, "Plan Width": 4, "Actual Rows": 0, "Actual Loops": 2018, "Cache Key": "c.userid", "Cache Mode": "logical", "Cache Hits": 2011, "Cache Misses": 7, "Cache Evictions": 0, "Cache Overflows": 0, "Peak Memory Usage": 1, "Workers": [], "Plans": [{"Node Type": "Index Scan", "Parent Relationship": "Outer", "Parallel Aware": false, "Async Capable": false, "Scan Direction": "Forward", "Index Name": "users_pkey", "Relation Name": "users", "Alias": "u", "Startup Cost": 0.29, "Total Cost": 8.31, "Plan Rows": 1, "Plan Width": 4, "Actual Rows": 0, "Actual Loops": 7, "Index Cond": "(id = c.userid)", "Rows Removed by Index Recheck": 0, "Filter": "((reputation <= 25832) AND (upvotes >= 182))", "Rows Removed by Filter": 1, "Workers": []}]}]}]}]}]}, "Planning Time": 3.18, "Triggers": [], "Execution Time": 20.348}, {"Plan": {"Node Type": "Aggregate", "Strategy": "Plain", "Partial Mode": "Finalize", "Parallel Aware": false, "Async Capable": false, "Startup Cost": 7020.52, "Total Cost": 7020.53, "Plan Rows": 1, "Plan Width": 8, "Actual Rows": 1, "Actual Loops": 1, "Plans": [{"Node Type": "Gather", "Parent Relationship": "Outer", "Parallel Aware": false, "Async Capable": false, "Startup Cost": 7020.3, "Total Cost": 7020.51, "Plan Rows": 2, "Plan Width": 8, "Actual Rows": 3, "Actual Loops": 1, "Workers Planned": 2, "Workers Launched": 2, "Single Copy": false, "Plans": [{"Node Type": "Aggregate", "Strategy": "Plain", "Partial Mode": "Partial", "Parent Relationship": "Outer", "Parallel Aware": false, "Async Capable": false, "Startup Cost": 6020.3, "Total Cost": 6020.31, "Plan Rows": 1, "Plan Width": 8, "Actual Rows": 1, "Actual Loops": 3, "Workers": [], "Plans": [{"Node Type": "Hash Join", "Parent Relationship": "Outer", "Parallel Aware": true, "Async Capable": false, "Join Type": "Inner", "Startup Cost": 4867.85, "Total Cost": 6020.28, "Plan Rows": 9, "Plan Width": 0, "Actual Rows": 201, "Actual Loops": 3, "Inner Unique": false, "Hash Cond": "(p.owneruserid = u.id)", "Workers": [], "Plans": [{"Node Type": "Merge Join", "Parent Relationship": "Outer", "Parallel Aware": false, "Async Capable": false, "Join Type": "Inner", "Startup Cost": 2167.29, "Total Cost": 3186.58, "Plan Rows": 35501, "Plan Width": 8, "Actual Rows": 14881, "Actual Loops": 3, "Inner Unique": false, "Merge Cond": "(v.userid = p.owneruserid)", "Workers": [], "Plans": [{"Node Type": "Index Only Scan", "Parent Relationship": "Outer", "Parallel Aware": true, "Async Capable": false, "Scan Direction": "Forward", "Index Name": "idx_votes_userid", "Relation Name": "votes", "Alias": "v", "Startup Cost": 0.42, "Total Cost": 4261.57, "Plan Rows": 136693, "Plan Width": 4, "Actual Rows": 11486, "Actual Loops": 3, "Heap Fetches": 0, "Workers": []}, {"Node Type": "Sort", "Parent Relationship": "Inner", "Parallel Aware": false, "Async Capable": false, "Startup Cost": 2166.86, "Total Cost": 2174.51, "Plan Rows": 3060, "Plan Width": 4, "Actual Rows": 16475, "Actual Loops": 3, "Sort Key": ["p.owneruserid"], "Sort Method": "quicksort", "Sort Space Used": 97, "Sort Space Type": "Memory", "Workers": [{"Worker Number": 0, "Sort Method": "quicksort", "Sort Space Used": 97, "Sort Space Type": "Memory"}, {"Worker Number": 1, "Sort Method": "quicksort", "Sort Space Used": 97, "Sort Space Type": "Memory"}], "Plans": [{"Node Type": "Seq Scan", "Parent Relationship": "Outer", "Parallel Aware": false, "Async Capable": false, "Relation Name": "posts", "Alias": "p", "Startup Cost": 0.0, "Total Cost": 1989.7, "Plan Rows": 3060, "Plan Width": 4, "Actual Rows": 3059, "Actual Loops": 3, "Filter": "(viewcount >= 1549)", "Rows Removed by Filter": 88917, "Workers": []}]}]}, {"Node Type": "Hash", "Parent Relationship": "Inner", "Parallel Aware": true, "Async Capable": false, "Startup Cost": 2700.55, "Total Cost": 2700.55, "Plan Rows": 1, "Plan Width": 8, "Actual Rows": 1, "Actual Loops": 3, "Hash Buckets": 1024, "Original Hash Buckets": 1024, "Hash Batches": 1, "Original Hash Batches": 1, "Peak Memory Usage": 40, "Workers": [], "Plans": [{"Node Type": "Nested Loop", "Parent Relationship": "Outer", "Parallel Aware": false, "Async Capable": false, "Join Type": "Inner", "Startup Cost": 0.29, "Total Cost": 2700.55, "Plan Rows": 1, "Plan Width": 8, "Actual Rows": 1, "Actual Loops": 3, "Inner Unique": true, "Workers": [], "Plans": [{"Node Type": "Seq Scan", "Parent Relationship": "Outer", "Parallel Aware": true, "Async Capable": false, "Relation Name": "comments", "Alias": "c", "Startup Cost": 0.0, "Total Cost": 2625.65, "Plan Rows": 9, "Plan Width": 4, "Actual Rows": 5, "Actual Loops": 3, "Filter": "(score = 15)", "Rows Removed by Filter": 58097, "Workers": []}, {"Node Type": "Index Scan", "Parent Relationship": "Inner", "Parallel Aware": false, "Async Capable": false, "Scan Direction": "Forward", "Index Name": "users_pkey", "Relation Name": "users", "Alias": "u", "Startup Cost": 0.29, "Total Cost": 8.31, "Plan Rows": 1, "Plan Width": 4, "Actual Rows": 0, "Actual Loops": 14, "Index Cond": "(id = c.userid)", "Rows Removed by Index Recheck": 0, "Filter": "((reputation <= 25832) AND (upvotes >= 182))", "Rows Removed by Filter": 1, "Workers": []}]}]}]}]}]}]}, "Planning Time": 2.814, "Triggers": [], "Execution Time": 39.833}, {"Plan": {"Node Type": "Aggregate", "Strategy": "Plain", "Partial Mode": "Finalize", "Parallel Aware": false, "Async Capable": false, "Startup Cost": 5156.14, "Total Cost": 5156.15, "Plan Rows": 1, "Plan Width": 8, "Actual Rows": 1, "Actual Loops": 1, "Plans": [{"Node Type": "Gather", "Parent Relationship": "Outer", "Parallel Aware": false, "Async Capable": false, "Startup Cost": 5156.02, "Total Cost": 5156.13, "Plan Rows": 1, "Plan Width": 8, "Actual Rows": 2, "Actual Loops": 1, "Workers Planned": 1, "Workers Launched": 1, "Single Copy": false, "Plans": [{"Node Type": "Aggregate", "Strategy": "Plain", "Partial Mode": "Partial", "Parent Relationship": "Outer", "Parallel Aware": false, "Async Capable": false, "Startup Cost": 4156.02, "Total Cost": 4156.03, "Plan Rows": 1, "Plan Width": 8, "Actual Rows": 1, "Actual Loops": 2, "Workers": [], "Plans": [{"Node Type": "Hash Join", "Parent Relationship": "Outer", "Parallel Aware": true, "Async Capable": false, "Join Type": "Inner", "Startup Cost": 1399.45, "Total Cost": 4155.99, "Plan Rows": 12, "Plan Width": 0, "Actual Rows": 301, "Actual Loops": 2, "Inner Unique": false, "Hash Cond": "(p.owneruserid = u.id)", "Workers": [], "Plans": [{"Node Type": "Nested Loop", "Parent Relationship": "Outer", "Parallel Aware": false, "Async Capable": false, "Join Type": "Inner", "Startup Cost": 0.29, "Total Cost": 2756.48, "Plan Rows": 94, "Plan Width": 8, "Actual Rows": 14, "Actual Loops": 2, "Inner Unique": false, "Workers": [], "Plans": [{"Node Type": "Seq Scan", "Parent Relationship": "Outer", "Parallel Aware": true, "Async Capable": false, "Relation Name": "comments", "Alias": "c", "Startup Cost": 0.0, "Total Cost": 2625.65, "Plan Rows": 9, "Plan Width": 4, "Actual Rows": 7, "Actual Loops": 2, "Filter": "(score = 15)", "Rows Removed by Filter": 87146, "Workers": []}, {"Node Type": "Index Scan", "Parent Relationship": "Inner", "Parallel Aware": false, "Async Capable": false, "Scan Direction": "Forward", "Index Name": "idx_posts_owneruserid", "Relation Name": "posts", "Alias": "p", "Startup Cost": 0.29, "Total Cost": 14.53, "Plan Rows": 1, "Plan Width": 4, "Actual Rows": 2, "Actual Loops": 14, "Index Cond": "(owneruserid = c.userid)", "Rows Removed by Index Recheck": 0, "Filter": "(viewcount >= 1549)", "Rows Removed by Filter": 572, "Workers": []}]}, {"Node Type": "Hash", "Parent Relationship": "Inner", "Parallel Aware": true, "Async Capable": false, "Startup Cost": 1398.28, "Total Cost": 1398.28, "Plan Rows": 70, "Plan Width": 8, "Actual Rows": 4656, "Actual Loops": 2, "Hash Buckets": 8192, "Original Hash Buckets": 1024, "Hash Batches": 1, "Original Hash Batches": 1, "Peak Memory Usage": 504, "Workers": [], "Plans": [{"Node Type": "Merge Join", "Parent Relationship": "Outer", "Parallel Aware": false, "Async Capable": false, "Join Type": "Inner", "Startup Cost": 909.81, "Total Cost": 1398.28, "Plan Rows": 70, "Plan Width": 8, "Actual Rows": 4656, "Actual Loops": 2, "Inner Unique": true, "Merge Cond": "(v.userid = u.id)", "Workers": [], "Plans": [{"Node Type": "Index Only Scan", "Parent Relationship": "Outer", "Parallel Aware": true, "Async Capable": false, "Scan Direction": "Forward", "Index Name": "idx_votes_userid", "Relation Name": "votes", "Alias": "v", "Startup Cost": 0.42, "Total Cost": 4261.57, "Plan Rows": 136693, "Plan Width": 4, "Actual Rows": 16784, "Actual Loops": 2, "Heap Fetches": 0, "Workers": []}, {"Node Type": "Sort", "Parent Relationship": "Inner", "Parallel Aware": false, "Async Capable": false, "Startup Cost": 909.38, "Total Cost": 909.88, "Plan Rows": 197, "Plan Width": 4, "Actual Rows": 191, "Actual Loops": 2, "Sort Key": ["u.id"], "Sort Method": "quicksort", "Sort Space Used": 25, "Sort Space Type": "Memory", "Workers": [{"Worker Number": 0, "Sort Method": "quicksort", "Sort Space Used": 25, "Sort Space Type": "Memory"}], "Plans": [{"Node Type": "Seq Scan", "Parent Relationship": "Outer", "Parallel Aware": false, "Async Capable": false, "Relation Name": "users", "Alias": "u", "Startup Cost": 0.0, "Total Cost": 901.88, "Plan Rows": 197, "Plan Width": 4, "Actual Rows": 191, "Actual Loops": 2, "Filter": "((reputation <= 25832) AND (upvotes >= 182))", "Rows Removed by Filter": 40134, "Workers": []}]}]}]}]}]}]}]}, "Planning Time": 5.104, "Triggers": [], "Execution Time": 45.512}, {"Plan": {"Node Type": "Aggregate", "Strategy": "Plain", "Partial Mode": "Simple", "Parallel Aware": false, "Async Capable": false, "Startup Cost": 6512.56, "Total Cost": 6512.57, "Plan Rows": 1, "Plan Width": 8, "Actual Rows": 1, "Actual Loops": 1, "Plans": [{"Node Type": "Hash Join", "Parent Relationship": "Outer", "Parallel Aware": false, "Async Capable": false, "Join Type": "Inner", "Startup Cost": 2910.61, "Total Cost": 6512.5, "Plan Rows": 21, "Plan Width": 0, "Actual Rows": 602, "Actual Loops": 1, "Inner Unique": false, "Hash Cond": "(c.userid = u.id)", "Plans": [{"Node Type": "Nested Loop", "Parent Relationship": "Outer", "Parallel Aware": false, "Async Capable": false, "Join Type": "Inner", "Startup Cost": 0.42, "Total Cost": 3598.93, "Plan Rows": 902, "Plan Width": 8, "Actual Rows": 1005, "Actual Loops": 1, "Inner Unique": false, "Plans": [{"Node Type": "Seq Scan", "Parent Relationship": "Outer", "Parallel Aware": false, "Async Capable": false, "Relation Name": "comments", "Alias": "c", "Startup Cost": 0.0, "Total Cost": 3522.81, "Plan Rows": 15, "Plan Width": 4, "Actual Rows": 14, "Actual Loops": 1, "Filter": "(score = 15)", "Rows Removed by Filter": 174291}, {"Node Type": "Index Only Scan", "Parent Relationship": "Inner", "Parallel Aware": false, "Async Capable": false, "Scan Direction": "Forward", "Index Name": "idx_votes_userid", "Relation Name": "votes", "Alias": "v", "Startup Cost": 0.42, "Total Cost": 4.98, "Plan Rows": 9, "Plan Width": 4, "Actual Rows": 72, "Actual Loops": 14, "Index Cond": "(userid = c.userid)", "Rows Removed by Index Recheck": 0, "Heap Fetches": 0}]}, {"Node Type": "Hash", "Parent Relationship": "Inner", "Parallel Aware": false, "Async Capable": false, "Startup Cost": 2910.0, "Total Cost": 2910.0, "Plan Rows": 15, "Plan Width": 8, "Actual Rows": 344, "Actual Loops": 1, "Hash Buckets": 1024, "Original Hash Buckets": 1024, "Hash Batches": 1, "Original Hash Batches": 1, "Peak Memory Usage": 22, "Plans": [{"Node Type": "Nested Loop", "Parent Relationship": "Outer", "Parallel Aware": false, "Async Capable": false, "Join Type": "Inner", "Startup Cost": 0.29, "Total Cost": 2910.0, "Plan Rows": 15, "Plan Width": 8, "Actual Rows": 344, "Actual Loops": 1, "Inner Unique": false, "Plans": [{"Node Type": "Seq Scan", "Parent Relationship": "Outer", "Parallel Aware": false, "Async Capable": false, "Relation Name": "users", "Alias": "u", "Startup Cost": 0.0, "Total Cost": 901.88, "Plan Rows": 197, "Plan Width": 4, "Actual Rows": 191, "Actual Loops": 1, "Filter": "((reputation <= 25832) AND (upvotes >= 182))", "Rows Removed by Filter": 40134}, {"Node Type": "Index Scan", "Parent Relationship": "Inner", "Parallel Aware": false, "Async Capable": false, "Scan Direction": "Forward", "Index Name": "idx_posts_owneruserid", "Relation Name": "posts", "Alias": "p", "Startup Cost": 0.29, "Total Cost": 10.18, "Plan Rows": 1, "Plan Width": 4, "Actual Rows": 2, "Actual Loops": 191, "Index Cond": "(owneruserid = u.id)", "Rows Removed by Index Recheck": 0, "Filter": "(viewcount >= 1549)", "Rows Removed by Filter": 107}]}]}]}]}, "Planning Time": 2.288, "Triggers": [], "Execution Time": 47.86}, {"Plan": {"Node Type": "Aggregate", "Strategy": "Plain", "Partial Mode": "Simple", "Parallel Aware": false, "Async Capable": false, "Startup Cost": 3688.76, "Total Cost": 3688.77, "Plan Rows": 1, "Plan Width": 8, "Actual Rows": 1, "Actual Loops": 1, "Plans": [{"Node Type": "Merge Join", "Parent Relationship": "Outer", "Parallel Aware": false, "Async Capable": false, "Join Type": "Inner", "Startup Cost": 2948.94, "Total Cost": 3688.71, "Plan Rows": 21, "Plan Width": 0, "Actual Rows": 602, "Actual Loops": 1, "Inner Unique": false, "Merge Cond": "(v.userid = u.id)", "Plans": [{"Node Type": "Index Only Scan", "Parent Relationship": "Outer", "Parallel Aware": false, "Async Capable": false, "Scan Direction": "Forward", "Index Name": "idx_votes_userid", "Relation Name": "votes", "Alias": "v", "Startup Cost": 0.42, "Total Cost": 6175.27, "Plan Rows": 328064, "Plan Width": 4, "Actual Rows": 4051, "Actual Loops": 1, "Heap Fetches": 0}, {"Node Type": "Sort", "Parent Relationship": "Inner", "Parallel Aware": false, "Async Capable": false, "Startup Cost": 2948.52, "Total Cost": 2948.52, "Plan Rows": 1, "Plan Width": 12, "Actual Rows": 602, "Actual Loops": 1, "Sort Key": ["c.userid"], "Sort Method": "quicksort", "Sort Space Used": 25, "Sort Space Type": "Memory", "Plans": [{"Node Type": "Nested Loop", "Parent Relationship": "Outer", "Parallel Aware": false, "Async Capable": false, "Join Type": "Inner", "Startup Cost": 0.59, "Total Cost": 2948.51, "Plan Rows": 1, "Plan Width": 12, "Actual Rows": 10, "Actual Loops": 1, "Inner Unique": false, "Join Filter": "(c.userid = u.id)", "Rows Removed by Join Filter": 0, "Plans": [{"Node Type": "Nested Loop", "Parent Relationship": "Outer", "Parallel Aware": false, "Async Capable": false, "Join Type": "Inner", "Startup Cost": 0.29, "Total Cost": 2910.0, "Plan Rows": 15, "Plan Width": 8, "Actual Rows": 344, "Actual Loops": 1, "Inner Unique": false, "Plans": [{"Node Type": "Seq Scan", "Parent Relationship": "Outer", "Parallel Aware": false, "Async Capable": false, "Relation Name": "users", "Alias": "u", "Startup Cost": 0.0, "Total Cost": 901.88, "Plan Rows": 197, "Plan Width": 4, "Actual Rows": 191, "Actual Loops": 1, "Filter": "((reputation <= 25832) AND (upvotes >= 182))", "Rows Removed by Filter": 40134}, {"Node Type": "Index Scan", "Parent Relationship": "Inner", "Parallel Aware": false, "Async Capable": false, "Scan Direction": "Forward", "Index Name": "idx_posts_owneruserid", "Relation Name": "posts", "Alias": "p", "Startup Cost": 0.29, "Total Cost": 10.18, "Plan Rows": 1, "Plan Width": 4, "Actual Rows": 2, "Actual Loops": 191, "Index Cond": "(owneruserid = u.id)", "Rows Removed by Index Recheck": 0, "Filter": "(viewcount >= 1549)", "Rows Removed by Filter": 107}]}, {"Node Type": "Index Scan", "Parent Relationship": "Inner", "Parallel Aware": false, "Async Capable": false, "Scan Direction": "Forward", "Index Name": "idx_comments_userid", "Relation Name": "comments", "Alias": "c", "Startup Cost": 0.29, "Total Cost": 2.56, "Plan Rows": 1, "Plan Width": 4, "Actual Rows": 0, "Actual Loops": 344, "Index Cond": "(userid = p.owneruserid)", "Rows Removed by Index Recheck": 0, "Filter": "(score = 15)", "Rows Removed by Filter": 307}]}]}]}]}, "Planning Time": 2.104, "Triggers": [], "Execution Time": 42.506}, {"Plan": {"Node Type": "Aggregate", "Strategy": "Plain", "Partial Mode": "Finalize", "Parallel Aware": false, "Async Capable": false, "Startup Cost": 7356.38, "Total Cost": 7356.39, "Plan Rows": 1, "Plan Width": 8, "Actual Rows": 1, "Actual Loops": 1, "Plans": [{"Node Type": "Gather", "Parent Relationship": "Outer", "Parallel Aware": false, "Async Capable": false, "Startup Cost": 7356.27, "Total Cost": 7356.38, "Plan Rows": 1, "Plan Width": 8, "Actual Rows": 2, "Actual Loops": 1, "Workers Planned": 1, "Workers Launched": 1, "Single Copy": false, "Plans": [{"Node Type": "Aggregate", "Strategy": "Plain", "Partial Mode": "Partial", "Parent Relationship": "Outer", "Parallel Aware": false, "Async Capable": false, "Startup Cost": 6356.27, "Total Cost": 6356.28, "Plan Rows": 1, "Plan Width": 8, "Actual Rows": 1, "Actual Loops": 2, "Workers": [], "Plans": [{"Node Type": "Hash Join", "Parent Relationship": "Outer", "Parallel Aware": true, "Async Capable": false, "Join Type": "Inner", "Startup Cost": 3630.63, "Total Cost": 6356.24, "Plan Rows": 12, "Plan Width": 0, "Actual Rows": 301, "Actual Loops": 2, "Inner Unique": false, "Hash Cond": "(u.id = p.owneruserid)", "Workers": [], "Plans": [{"Node Type": "Nested Loop", "Parent Relationship": "Outer", "Parallel Aware": false, "Async Capable": false, "Join Type": "Inner", "Startup Cost": 0.29, "Total Cost": 2700.55, "Plan Rows": 1, "Plan Width": 8, "Actual Rows": 2, "Actual Loops": 2, "Inner Unique": true, "Workers": [], "Plans": [{"Node Type": "Seq Scan", "Parent Relationship": "Outer", "Parallel Aware": true, "Async Capable": false, "Relation Name": "comments", "Alias": "c", "Startup Cost": 0.0, "Total Cost": 2625.65, "Plan Rows": 9, "Plan Width": 4, "Actual Rows": 7, "Actual Loops": 2, "Filter": "(score = 15)", "Rows Removed by Filter": 87146, "Workers": []}, {"Node Type": "Index Scan", "Parent Relationship": "Inner", "Parallel Aware": false, "Async Capable": false, "Scan Direction": "Forward", "Index Name": "users_pkey", "Relation Name": "users", "Alias": "u", "Startup Cost": 0.29, "Total Cost": 8.31, "Plan Rows": 1, "Plan Width": 4, "Actual Rows": 0, "Actual Loops": 14, "Index Cond": "(id = c.userid)", "Rows Removed by Index Recheck": 0, "Filter": "((reputation <= 25832) AND (upvotes >= 182))", "Rows Removed by Filter": 1, "Workers": []}]}, {"Node Type": "Hash", "Parent Relationship": "Inner", "Parallel Aware": true, "Async Capable": false, "Startup Cost": 3186.58, "Total Cost": 3186.58, "Plan Rows": 35501, "Plan Width": 8, "Actual Rows": 22322, "Actual Loops": 2, "Hash Buckets": 131072, "Original Hash Buckets": 131072, "Hash Batches": 1, "Original Hash Batches": 1, "Peak Memory Usage": 2784, "Workers": [], "Plans": [{"Node Type": "Merge Join", "Parent Relationship": "Outer", "Parallel Aware": false, "Async Capable": false, "Join Type": "Inner", "Startup Cost": 2167.29, "Total Cost": 3186.58, "Plan Rows": 35501, "Plan Width": 8, "Actual Rows": 22322, "Actual Loops": 2, "Inner Unique": false, "Merge Cond": "(v.userid = p.owneruserid)", "Workers": [], "Plans": [{"Node Type": "Index Only Scan", "Parent Relationship": "Outer", "Parallel Aware": true, "Async Capable": false, "Scan Direction": "Forward", "Index Name": "idx_votes_userid", "Relation Name": "votes", "Alias": "v", "Startup Cost": 0.42, "Total Cost": 4261.57, "Plan Rows": 136693, "Plan Width": 4, "Actual Rows": 17228, "Actual Loops": 2, "Heap Fetches": 0, "Workers": []}, {"Node Type": "Sort", "Parent Relationship": "Inner", "Parallel Aware": false, "Async Capable": false, "Startup Cost": 2166.86, "Total Cost": 2174.51, "Plan Rows": 3060, "Plan Width": 4, "Actual Rows": 24533, "Actual Loops": 2, "Sort Key": ["p.owneruserid"], "Sort Method": "quicksort", "Sort Space Used": 97, "Sort Space Type": "Memory", "Workers": [{"Worker Number": 0, "Sort Method": "quicksort", "Sort Space Used": 97, "Sort Space Type": "Memory"}], "Plans": [{"Node Type": "Seq Scan", "Parent Relationship": "Outer", "Parallel Aware": false, "Async Capable": false, "Relation Name": "posts", "Alias": "p", "Startup Cost": 0.0, "Total Cost": 1989.7, "Plan Rows": 3060, "Plan Width": 4, "Actual Rows": 3059, "Actual Loops": 2, "Filter": "(viewcount >= 1549)", "Rows Removed by Filter": 88917, "Workers": []}]}]}]}]}]}]}]}, "Planning Time": 2.337, "Triggers": [], "Execution Time": 47.656}, {"Plan": {"Node Type": "Aggregate", "Strategy": "Plain", "Partial Mode": "Simple", "Parallel Aware": false, "Async Capable": false, "Startup Cost": 3752.58, "Total Cost": 3752.59, "Plan Rows": 1, "Plan Width": 8, "Actual Rows": 1, "Actual Loops": 1, "Plans": [{"Node Type": "Hash Join", "Parent Relationship": "Outer", "Parallel Aware": false, "Async Capable": false, "Join Type": "Inner", "Startup Cost": 1751.34, "Total Cost": 3752.52, "Plan Rows": 21, "Plan Width": 0, "Actual Rows": 602, "Actual Loops": 1, "Inner Unique": false, "Hash Cond": "(p.owneruserid = u.id)", "Plans": [{"Node Type": "Seq Scan", "Parent Relationship": "Outer", "Parallel Aware": false, "Async Capable": false, "Relation Name": "posts", "Alias": "p", "Startup Cost": 0.0, "Total Cost": 1989.7, "Plan Rows": 3060, "Plan Width": 4, "Actual Rows": 3059, "Actual Loops": 1, "Filter": "(viewcount >= 1549)", "Rows Removed by Filter": 88917}, {"Node Type": "Hash", "Parent Relationship": "Inner", "Parallel Aware": false, "Async Capable": false, "Startup Cost": 1751.29, "Total Cost": 1751.29, "Plan Rows": 4, "Plan Width": 12, "Actual Rows": 142, "Actual Loops": 1, "Hash Buckets": 1024, "Original Hash Buckets": 1024, "Hash Batches": 1, "Original Hash Batches": 1, "Peak Memory Usage": 15, "Plans": [{"Node Type": "Nested Loop", "Parent Relationship": "Outer", "Parallel Aware": false, "Async Capable": false, "Join Type": "Inner", "Startup Cost": 910.1, "Total Cost": 1751.29, "Plan Rows": 4, "Plan Width": 12, "Actual Rows": 142, "Actual Loops": 1, "Inner Unique": false, "Join Filter": "(c.userid = u.id)", "Rows Removed by Join Filter": 0, "Plans": [{"Node Type": "Merge Join", "Parent Relationship": "Outer", "Parallel Aware": false, "Async Capable": false, "Join Type": "Inner", "Startup Cost": 909.81, "Total Cost": 1652.23, "Plan Rows": 169, "Plan Width": 8, "Actual Rows": 9312, "Actual Loops": 1, "Inner Unique": true, "Merge Cond": "(v.userid = u.id)", "Plans": [{"Node Type": "Index Only Scan", "Parent Relationship": "Outer", "Parallel Aware": false, "Async Capable": false, "Scan Direction": "Forward", "Index Name": "idx_votes_userid", "Relation Name": "votes", "Alias": "v", "Startup Cost": 0.42, "Total Cost": 6175.27, "Plan Rows": 328064, "Plan Width": 4, "Actual Rows": 33568, "Actual Loops": 1, "Heap Fetches": 0}, {"Node Type": "Sort", "Parent Relationship": "Inner", "Parallel Aware": false, "Async Capable": false, "Startup Cost": 909.38, "Total Cost": 909.88, "Plan Rows": 197, "Plan Width": 4, "Actual Rows": 191, "Actual Loops": 1, "Sort Key": ["u.id"], "Sort Method": "quicksort", "Sort Space Used": 25, "Sort Space Type": "Memory", "Plans": [{"Node Type": "Seq Scan", "Parent Relationship": "Outer", "Parallel Aware": false, "Async Capable": false, "Relation Name": "users", "Alias": "u", "Startup Cost": 0.0, "Total Cost": 901.88, "Plan Rows": 197, "Plan Width": 4, "Actual Rows": 191, "Actual Loops": 1, "Filter": "((reputation <= 25832) AND (upvotes >= 182))", "Rows Removed by Filter": 40134}]}]}, {"Node Type": "Index Scan", "Parent Relationship": "Inner", "Parallel Aware": false, "Async Capable": false, "Scan Direction": "Forward", "Index Name": "idx_comments_userid", "Relation Name": "comments", "Alias": "c", "Startup Cost": 0.29, "Total Cost": 0.57, "Plan Rows": 1, "Plan Width": 4, "Actual Rows": 0, "Actual Loops": 9312, "Index Cond": "(userid = v.userid)", "Rows Removed by Index Recheck": 0, "Filter": "(score = 15)", "Rows Removed by Filter": 264}]}]}]}]}, "Planning Time": 2.277, "Triggers": [], "Execution Time": 387.945}, {"Plan": {"Node Type": "Aggregate", "Strategy": "Plain", "Partial Mode": "Simple", "Parallel Aware": false, "Async Capable": false, "Startup Cost": 6537.21, "Total Cost": 6537.22, "Plan Rows": 1, "Plan Width": 8, "Actual Rows": 1, "Actual Loops": 1, "Plans": [{"Node Type": "Hash Join", "Parent Relationship": "Outer", "Parallel Aware": false, "Async Capable": false, "Join Type": "Inner", "Startup Cost": 3610.49, "Total Cost": 6537.16, "Plan Rows": 21, "Plan Width": 0, "Actual Rows": 602, "Actual Loops": 1, "Inner Unique": false, "Hash Cond": "(u.id = c.userid)", "Plans": [{"Node Type": "Nested Loop", "Parent Relationship": "Outer", "Parallel Aware": false, "Async Capable": false, "Join Type": "Inner", "Startup Cost": 0.29, "Total Cost": 2910.0, "Plan Rows": 15, "Plan Width": 8, "Actual Rows": 344, "Actual Loops": 1, "Inner Unique": false, "Plans": [{"Node Type": "Seq Scan", "Parent Relationship": "Outer", "Parallel Aware": false, "Async Capable": false, "Relation Name": "users", "Alias": "u", "Startup Cost": 0.0, "Total Cost": 901.88, "Plan Rows": 197, "Plan Width": 4, "Actual Rows": 191, "Actual Loops": 1, "Filter": "((reputation <= 25832) AND (upvotes >= 182))", "Rows Removed by Filter": 40134}, {"Node Type": "Index Scan", "Parent Relationship": "Inner", "Parallel Aware": false, "Async Capable": false, "Scan Direction": "Forward", "Index Name": "idx_posts_owneruserid", "Relation Name": "posts", "Alias": "p", "Startup Cost": 0.29, "Total Cost": 10.18, "Plan Rows": 1, "Plan Width": 4, "Actual Rows": 2, "Actual Loops": 191, "Index Cond": "(owneruserid = u.id)", "Rows Removed by Index Recheck": 0, "Filter": "(viewcount >= 1549)", "Rows Removed by Filter": 107}]}, {"Node Type": "Hash", "Parent Relationship": "Inner", "Parallel Aware": false, "Async Capable": false, "Startup Cost": 3598.93, "Total Cost": 3598.93, "Plan Rows": 902, "Plan Width": 8, "Actual Rows": 1005, "Actual Loops": 1, "Hash Buckets": 1024, "Original Hash Buckets": 1024, "Hash Batches": 1, "Original Hash Batches": 1, "Peak Memory Usage": 48, "Plans": [{"Node Type": "Nested Loop", "Parent Relationship": "Outer", "Parallel Aware": false, "Async Capable": false, "Join Type": "Inner", "Startup Cost": 0.42, "Total Cost": 3598.93, "Plan Rows": 902, "Plan Width": 8, "Actual Rows": 1005, "Actual Loops": 1, "Inner Unique": false, "Plans": [{"Node Type": "Seq Scan", "Parent Relationship": "Outer", "Parallel Aware": false, "Async Capable": false, "Relation Name": "comments", "Alias": "c", "Startup Cost": 0.0, "Total Cost": 3522.81, "Plan Rows": 15, "Plan Width": 4, "Actual Rows": 14, "Actual Loops": 1, "Filter": "(score = 15)", "Rows Removed by Filter": 174291}, {"Node Type": "Index Only Scan", "Parent Relationship": "Inner", "Parallel Aware": false, "Async Capable": false, "Scan Direction": "Forward", "Index Name": "idx_votes_userid", "Relation Name": "votes", "Alias": "v", "Startup Cost": 0.42, "Total Cost": 4.98, "Plan Rows": 9, "Plan Width": 4, "Actual Rows": 72, "Actual Loops": 14, "Index Cond": "(userid = c.userid)", "Rows Removed by Index Recheck": 0, "Heap Fetches": 0}]}]}]}]}, "Planning Time": 2.29, "Triggers": [], "Execution Time": 42.081}, {"Plan": {"Node Type": "Aggregate", "Strategy": "Plain", "Partial Mode": "Simple", "Parallel Aware": false, "Async Capable": false, "Startup Cost": 2949.68, "Total Cost": 2949.69, "Plan Rows": 1, "Plan Width": 8, "Actual Rows": 1, "Actual Loops": 1, "Plans": [{"Node Type": "Nested Loop", "Parent Relationship": "Outer", "Parallel Aware": false, "Async Capable": false, "Join Type": "Inner", "Startup Cost": 1.01, "Total Cost": 2949.62, "Plan Rows": 21, "Plan Width": 0, "Actual Rows": 602, "Actual Loops": 1, "Inner Unique": false, "Join Filter": "(v.userid = u.id)", "Rows Removed by Join Filter": 0, "Plans": [{"Node Type": "Nested Loop", "Parent Relationship": "Outer", "Parallel Aware": false, "Async Capable": false, "Join Type": "Inner", "Startup Cost": 0.59, "Total Cost": 2948.51, "Plan Rows": 1, "Plan Width": 12, "Actual Rows": 10, "Actual Loops": 1, "Inner Unique": false, "Join Filter": "(c.userid = u.id)", "Rows Removed by Join Filter": 0, "Plans": [{"Node Type": "Nested Loop", "Parent Relationship": "Outer", "Parallel Aware": false, "Async Capable": false, "Join Type": "Inner", "Startup Cost": 0.29, "Total Cost": 2910.0, "Plan Rows": 15, "Plan Width": 8, "Actual Rows": 344, "Actual Loops": 1, "Inner Unique": false, "Plans": [{"Node Type": "Seq Scan", "Parent Relationship": "Outer", "Parallel Aware": false, "Async Capable": false, "Relation Name": "users", "Alias": "u", "Startup Cost": 0.0, "Total Cost": 901.88, "Plan Rows": 197, "Plan Width": 4, "Actual Rows": 191, "Actual Loops": 1, "Filter": "((reputation <= 25832) AND (upvotes >= 182))", "Rows Removed by Filter": 40134}, {"Node Type": "Index Scan", "Parent Relationship": "Inner", "Parallel Aware": false, "Async Capable": false, "Scan Direction": "Forward", "Index Name": "idx_posts_owneruserid", "Relation Name": "posts", "Alias": "p", "Startup Cost": 0.29, "Total Cost": 10.18, "Plan Rows": 1, "Plan Width": 4, "Actual Rows": 2, "Actual Loops": 191, "Index Cond": "(owneruserid = u.id)", "Rows Removed by Index Recheck": 0, "Filter": "(viewcount >= 1549)", "Rows Removed by Filter": 107}]}, {"Node Type": "Index Scan", "Parent Relationship": "Inner", "Parallel Aware": false, "Async Capable": false, "Scan Direction": "Forward", "Index Name": "idx_comments_userid", "Relation Name": "comments", "Alias": "c", "Startup Cost": 0.29, "Total Cost": 2.56, "Plan Rows": 1, "Plan Width": 4, "Actual Rows": 0, "Actual Loops": 344, "Index Cond": "(userid = p.owneruserid)", "Rows Removed by Index Recheck": 0, "Filter": "(score = 15)", "Rows Removed by Filter": 307}]}, {"Node Type": "Index Only Scan", "Parent Relationship": "Inner", "Parallel Aware": false, "Async Capable": false, "Scan Direction": "Forward", "Index Name": "idx_votes_userid", "Relation Name": "votes", "Alias": "v", "Startup Cost": 0.42, "Total Cost": 1.0, "Plan Rows": 9, "Plan Width": 4, "Actual Rows": 60, "Actual Loops": 10, "Index Cond": "(userid = p.owneruserid)", "Rows Removed by Index Recheck": 0, "Heap Fetches": 0}]}]}, "Planning Time": 2.116, "Triggers": [], "Execution Time": 37.669}, {"Plan": {"Node Type": "Aggregate", "Strategy": "Plain", "Partial Mode": "Simple", "Parallel Aware": false, "Async Capable": false, "Startup Cost": 1959.67, "Total Cost": 1959.68, "Plan Rows": 1, "Plan Width": 8, "Actual Rows": 1, "Actual Loops": 1, "Plans": [{"Node Type": "Nested Loop", "Parent Relationship": "Outer", "Parallel Aware": false, "Async Capable": false, "Join Type": "Inner", "Startup Cost": 910.39, "Total Cost": 1959.62, "Plan Rows": 21, "Plan Width": 0, "Actual Rows": 602, "Actual Loops": 1, "Inner Unique": false, "Join Filter": "(c.userid = u.id)", "Rows Removed by Join Filter": 0, "Plans": [{"Node Type": "Nested Loop", "Parent Relationship": "Outer", "Parallel Aware": false, "Async Capable": false, "Join Type": "Inner", "Startup Cost": 910.1, "Total Cost": 1719.29, "Plan Rows": 410, "Plan Width": 12, "Actual Rows": 29136, "Actual Loops": 1, "Inner Unique": false, "Join Filter": "(p.owneruserid = u.id)", "Rows Removed by Join Filter": 0, "Plans": [{"Node Type": "Merge Join", "Parent Relationship": "Outer", "Parallel Aware": false, "Async Capable": false, "Join Type": "Inner", "Startup Cost": 909.81, "Total Cost": 1652.23, "Plan Rows": 169, "Plan Width": 8, "Actual Rows": 9312, "Actual Loops": 1, "Inner Unique": true, "Merge Cond": "(v.userid = u.id)", "Plans": [{"Node Type": "Index Only Scan", "Parent Relationship": "Outer", "Parallel Aware": false, "Async Capable": false, "Scan Direction": "Forward", "Index Name": "idx_votes_userid", "Relation Name": "votes", "Alias": "v", "Startup Cost": 0.42, "Total Cost": 6175.27, "Plan Rows": 328064, "Plan Width": 4, "Actual Rows": 33568, "Actual Loops": 1, "Heap Fetches": 0}, {"Node Type": "Sort", "Parent Relationship": "Inner", "Parallel Aware": false, "Async Capable": false, "Startup Cost": 909.38, "Total Cost": 909.88, "Plan Rows": 197, "Plan Width": 4, "Actual Rows": 191, "Actual Loops": 1, "Sort Key": ["u.id"], "Sort Method": "quicksort", "Sort Space Used": 25, "Sort Space Type": "Memory", "Plans": [{"Node Type": "Seq Scan", "Parent Relationship": "Outer", "Parallel Aware": false, "Async Capable": false, "Relation Name": "users", "Alias": "u", "Startup Cost": 0.0, "Total Cost": 901.88, "Plan Rows": 197, "Plan Width": 4, "Actual Rows": 191, "Actual Loops": 1, "Filter": "((reputation <= 25832) AND (upvotes >= 182))", "Rows Removed by Filter": 40134}]}]}, {"Node Type": "Index Scan", "Parent Relationship": "Inner", "Parallel Aware": false, "Async Capable": false, "Scan Direction": "Forward", "Index Name": "idx_posts_owneruserid", "Relation Name": "posts", "Alias": "p", "Startup Cost": 0.29, "Total Cost": 0.38, "Plan Rows": 1, "Plan Width": 4, "Actual Rows": 3, "Actual Loops": 9312, "Index Cond": "(owneruserid = v.userid)", "Rows Removed by Index Recheck": 0, "Filter": "(viewcount >= 1549)", "Rows Removed by Filter": 101}]}, {"Node Type": "Index Scan", "Parent Relationship": "Inner", "Parallel Aware": false, "Async Capable": false, "Scan Direction": "Forward", "Index Name": "idx_comments_userid", "Relation Name": "comments", "Alias": "c", "Startup Cost": 0.29, "Total Cost": 0.57, "Plan Rows": 1, "Plan Width": 4, "Actual Rows": 0, "Actual Loops": 29136, "Index Cond": "(userid = v.userid)", "Rows Removed by Index Recheck": 0, "Filter": "(score = 15)", "Rows Removed by Filter": 325}]}]}, "Planning Time": 2.189, "Triggers": [], "Execution Time": 1552.72}, {"Plan": {"Node Type": "Aggregate", "Strategy": "Plain", "Partial Mode": "Simple", "Parallel Aware": false, "Async Capable": false, "Startup Cost": 5046.28, "Total Cost": 5046.29, "Plan Rows": 1, "Plan Width": 8, "Actual Rows": 1, "Actual Loops": 1, "Plans": [{"Node Type": "Merge Join", "Parent Relationship": "Outer", "Parallel Aware": false, "Async Capable": false, "Join Type": "Inner", "Startup Cost": 5023.09, "Total Cost": 5046.23, "Plan Rows": 21, "Plan Width": 0, "Actual Rows": 602, "Actual Loops": 1, "Inner Unique": false, "Merge Cond": "(u.id = p.owneruserid)", "Plans": [{"Node Type": "Sort", "Parent Relationship": "Outer", "Parallel Aware": false, "Async Capable": false, "Startup Cost": 909.38, "Total Cost": 909.88, "Plan Rows": 197, "Plan Width": 4, "Actual Rows": 74, "Actual Loops": 1, "Sort Key": ["u.id"], "Sort Method": "quicksort", "Sort Space Used": 25, "Sort Space Type": "Memory", "Plans": [{"Node Type": "Seq Scan", "Parent Relationship": "Outer", "Parallel Aware": false, "Async Capable": false, "Relation Name": "users", "Alias": "u", "Startup Cost": 0.0, "Total Cost": 901.88, "Plan Rows": 197, "Plan Width": 4, "Actual Rows": 191, "Actual Loops": 1, "Filter": "((reputation <= 25832) AND (upvotes >= 182))", "Rows Removed by Filter": 40134}]}, {"Node Type": "Sort", "Parent Relationship": "Inner", "Parallel Aware": false, "Async Capable": false, "Startup Cost": 4113.71, "Total Cost": 4124.85, "Plan Rows": 4455, "Plan Width": 12, "Actual Rows": 2018, "Actual Loops": 1, "Sort Key": ["c.userid"], "Sort Method": "quicksort", "Sort Space Used": 127, "Sort Space Type": "Memory", "Plans": [{"Node Type": "Nested Loop", "Parent Relationship": "Outer", "Parallel Aware": false, "Async Capable": false, "Join Type": "Inner", "Startup Cost": 0.72, "Total Cost": 3843.71, "Plan Rows": 4455, "Plan Width": 12, "Actual Rows": 2018, "Actual Loops": 1, "Inner Unique": false, "Join Filter": "(p.owneruserid = v.userid)", "Rows Removed by Join Filter": 0, "Plans": [{"Node Type": "Nested Loop", "Parent Relationship": "Outer", "Parallel Aware": false, "Async Capable": false, "Join Type": "Inner", "Startup Cost": 0.29, "Total Cost": 3740.85, "Plan Rows": 160, "Plan Width": 8, "Actual Rows": 28, "Actual Loops": 1, "Inner Unique": false, "Plans": [{"Node Type": "Seq Scan", "Parent Relationship": "Outer", "Parallel Aware": false, "Async Capable": false, "Relation Name": "comments", "Alias": "c", "Startup Cost": 0.0, "Total Cost": 3522.81, "Plan Rows": 15, "Plan Width": 4, "Actual Rows": 14, "Actual Loops": 1, "Filter": "(score = 15)", "Rows Removed by Filter": 174291}, {"Node Type": "Index Scan", "Parent Relationship": "Inner", "Parallel Aware": false, "Async Capable": false, "Scan Direction": "Forward", "Index Name": "idx_posts_owneruserid", "Relation Name": "posts", "Alias": "p", "Startup Cost": 0.29, "Total Cost": 14.53, "Plan Rows": 1, "Plan Width": 4, "Actual Rows": 2, "Actual Loops": 14, "Index Cond": "(owneruserid = c.userid)", "Rows Removed by Index Recheck": 0, "Filter": "(viewcount >= 1549)", "Rows Removed by Filter": 572}]}, {"Node Type": "Memoize", "Parent Relationship": "Inner", "Parallel Aware": false, "Async Capable": false, "Startup Cost": 0.43, "Total Cost": 4.99, "Plan Rows": 9, "Plan Width": 4, "Actual Rows": 72, "Actual Loops": 28, "Cache Key": "c.userid", "Cache Mode": "logical", "Cache Hits": 21, "Cache Misses": 7, "Cache Evictions": 0, "Cache Overflows": 0, "Peak Memory Usage": 24, "Plans": [{"Node Type": "Index Only Scan", "Parent Relationship": "Outer", "Parallel Aware": false, "Async Capable": false, "Scan Direction": "Forward", "Index Name": "idx_votes_userid", "Relation Name": "votes", "Alias": "v", "Startup Cost": 0.42, "Total Cost": 4.98, "Plan Rows": 9, "Plan Width": 4, "Actual Rows": 93, "Actual Loops": 7, "Index Cond": "(userid = c.userid)", "Rows Removed by Index Recheck": 0, "Heap Fetches": 0}]}]}]}]}]}, "Planning Time": 2.381, "Triggers": [], "Execution Time": 27.593}, {"Plan": {"Node Type": "Aggregate", "Strategy": "Plain", "Partial Mode": "Finalize", "Parallel Aware": false, "Async Capable": false, "Startup Cost": 5161.08, "Total Cost": 5161.09, "Plan Rows": 1, "Plan Width": 8, "Actual Rows": 1, "Actual Loops": 1, "Plans": [{"Node Type": "Gather", "Parent Relationship": "Outer", "Parallel Aware": false, "Async Capable": false, "Startup Cost": 5160.86, "Total Cost": 5161.07, "Plan Rows": 2, "Plan Width": 8, "Actual Rows": 3, "Actual Loops": 1, "Workers Planned": 2, "Workers Launched": 2, "Single Copy": false, "Plans": [{"Node Type": "Aggregate", "Strategy": "Plain", "Partial Mode": "Partial", "Parent Relationship": "Outer", "Parallel Aware": false, "Async Capable": false, "Startup Cost": 4160.86, "Total Cost": 4160.87, "Plan Rows": 1, "Plan Width": 8, "Actual Rows": 1, "Actual Loops": 3, "Workers": [], "Plans": [{"Node Type": "Hash Join", "Parent Relationship": "Outer", "Parallel Aware": true, "Async Capable": false, "Join Type": "Inner", "Startup Cost": 3667.46, "Total Cost": 4160.84, "Plan Rows": 9, "Plan Width": 0, "Actual Rows": 201, "Actual Loops": 3, "Inner Unique": false, "Hash Cond": "(u.id = p.owneruserid)", "Workers": [], "Plans": [{"Node Type": "Merge Join", "Parent Relationship": "Outer", "Parallel Aware": false, "Async Capable": false, "Join Type": "Inner", "Startup Cost": 909.81, "Total Cost": 1398.28, "Plan Rows": 70, "Plan Width": 8, "Actual Rows": 3104, "Actual Loops": 3, "Inner Unique": true, "Merge Cond": "(v.userid = u.id)", "Workers": [], "Plans": [{"Node Type": "Index Only Scan", "Parent Relationship": "Outer", "Parallel Aware": true, "Async Capable": false, "Scan Direction": "Forward", "Index Name": "idx_votes_userid", "Relation Name": "votes", "Alias": "v", "Startup Cost": 0.42, "Total Cost": 4261.57, "Plan Rows": 136693, "Plan Width": 4, "Actual Rows": 11190, "Actual Loops": 3, "Heap Fetches": 0, "Workers": []}, {"Node Type": "Sort", "Parent Relationship": "Inner", "Parallel Aware": false, "Async Capable": false, "Startup Cost": 909.38, "Total Cost": 909.88, "Plan Rows": 197, "Plan Width": 4, "Actual Rows": 191, "Actual Loops": 3, "Sort Key": ["u.id"], "Sort Method": "quicksort", "Sort Space Used": 25, "Sort Space Type": "Memory", "Workers": [{"Worker Number": 0, "Sort Method": "quicksort", "Sort Space Used": 25, "Sort Space Type": "Memory"}, {"Worker Number": 1, "Sort Method": "quicksort", "Sort Space Used": 25, "Sort Space Type": "Memory"}], "Plans": [{"Node Type": "Seq Scan", "Parent Relationship": "Outer", "Parallel Aware": false, "Async Capable": false, "Relation Name": "users", "Alias": "u", "Startup Cost": 0.0, "Total Cost": 901.88, "Plan Rows": 197, "Plan Width": 4, "Actual Rows": 191, "Actual Loops": 3, "Filter": "((reputation <= 25832) AND (upvotes >= 182))", "Rows Removed by Filter": 40134, "Workers": []}]}]}, {"Node Type": "Hash", "Parent Relationship": "Inner", "Parallel Aware": true, "Async Capable": false, "Startup Cost": 2756.48, "Total Cost": 2756.48, "Plan Rows": 94, "Plan Width": 8, "Actual Rows": 9, "Actual Loops": 3, "Hash Buckets": 1024, "Original Hash Buckets": 1024, "Hash Batches": 1, "Original Hash Batches": 1, "Peak Memory Usage": 72, "Workers": [], "Plans": [{"Node Type": "Nested Loop", "Parent Relationship": "Outer", "Parallel Aware": false, "Async Capable": false, "Join Type": "Inner", "Startup Cost": 0.29, "Total Cost": 2756.48, "Plan Rows": 94, "Plan Width": 8, "Actual Rows": 9, "Actual Loops": 3, "Inner Unique": false, "Workers": [], "Plans": [{"Node Type": "Seq Scan", "Parent Relationship": "Outer", "Parallel Aware": true, "Async Capable": false, "Relation Name": "comments", "Alias": "c", "Startup Cost": 0.0, "Total Cost": 2625.65, "Plan Rows": 9, "Plan Width": 4, "Actual Rows": 5, "Actual Loops": 3, "Filter": "(score = 15)", "Rows Removed by Filter": 58097, "Workers": []}, {"Node Type": "Index Scan", "Parent Relationship": "Inner", "Parallel Aware": false, "Async Capable": false, "Scan Direction": "Forward", "Index Name": "idx_posts_owneruserid", "Relation Name": "posts", "Alias": "p", "Startup Cost": 0.29, "Total Cost": 14.53, "Plan Rows": 1, "Plan Width": 4, "Actual Rows": 2, "Actual Loops": 14, "Index Cond": "(owneruserid = c.userid)", "Rows Removed by Index Recheck": 0, "Filter": "(viewcount >= 1549)", "Rows Removed by Filter": 572, "Workers": []}]}]}]}]}]}]}, "Planning Time": 2.17, "Triggers": [], "Execution Time": 22.911}]