[{"Plan": {"Node Type": "Aggregate", "Strategy": "Plain", "Partial Mode": "Simple", "Parallel Aware": false, "Async Capable": false, "Startup Cost": 1018.72, "Total Cost": 1018.73, "Plan Rows": 1, "Plan Width": 8, "Actual Rows": 1, "Actual Loops": 1, "Plans": [{"Node Type": "Nested Loop", "Parent Relationship": "Outer", "Parallel Aware": false, "Async Capable": false, "Join Type": "Inner", "Startup Cost": 0.71, "Total Cost": 1018.72, "Plan Rows": 1, "Plan Width": 0, "Actual Rows": 3644, "Actual Loops": 1, "Inner Unique": false, "Plans": [{"Node Type": "Nested Loop", "Parent Relationship": "Outer", "Parallel Aware": false, "Async Capable": false, "Join Type": "Inner", "Startup Cost": 0.29, "Total Cost": 1017.52, "Plan Rows": 1, "Plan Width": 4, "Actual Rows": 1874, "Actual Loops": 1, "Inner Unique": false, "Plans": [{"Node Type": "Seq Scan", "Parent Relationship": "Outer", "Parallel Aware": false, "Async Capable": false, "Relation Name": "users", "Alias": "u", "Startup Cost": 0.0, "Total Cost": 1002.69, "Plan Rows": 1, "Plan Width": 4, "Actual Rows": 10, "Actual Loops": 1, "Filter": "((reputation >= 13036) AND (reputation <= 70099) AND (views >= 3811))", "Rows Removed by Filter": 40315}, {"Node Type": "Index Scan", "Parent Relationship": "Inner", "Parallel Aware": false, "Async Capable": false, "Scan Direction": "Forward", "Index Name": "idx_posts_owneruserid", "Relation Name": "posts", "Alias": "p", "Startup Cost": 0.29, "Total Cost": 14.82, "Plan Rows": 1, "Plan Width": 8, "Actual Rows": 187, "Actual Loops": 10, "Index Cond": "(owneruserid = u.id)", "Rows Removed by Index Recheck": 0, "Filter": "((creationdate >= '2011-11-21 14:22:00'::timestamp without time zone) AND (creationdate <= '2012-09-27 10:56:53'::timestamp without time zone))", "Rows Removed by Filter": 536}]}, {"Node Type": "Index Scan", "Parent Relationship": "Inner", "Parallel Aware": false, "Async Capable": false, "Scan Direction": "Forward", "Index Name": "idx_posthistory_postid", "Relation Name": "posthistory", "Alias": "ph", "Startup Cost": 0.42, "Total Cost": 1.19, "Plan Rows": 1, "Plan Width": 4, "Actual Rows": 2, "Actual Loops": 1874, "Index Cond": "(postid = p.id)", "Rows Removed by Index Recheck": 0, "Filter": "(creationdate <= '2012-12-06 17:46:38'::timestamp without time zone)", "Rows Removed by Filter": 0}]}]}, "Planning Time": 0.395, "Triggers": [], "Execution Time": 10.348}, {"Plan": {"Node Type": "Aggregate", "Strategy": "Plain", "Partial Mode": "Simple", "Parallel Aware": false, "Async Capable": false, "Startup Cost": 9104.21, "Total Cost": 9104.22, "Plan Rows": 1, "Plan Width": 8, "Actual Rows": 1, "Actual Loops": 1, "Plans": [{"Node Type": "Gather", "Parent Relationship": "Outer", "Parallel Aware": false, "Async Capable": false, "Startup Cost": 4421.74, "Total Cost": 9104.21, "Plan Rows": 1, "Plan Width": 0, "Actual Rows": 3644, "Actual Loops": 1, "Workers Planned": 1, "Workers Launched": 1, "Single Copy": false, "Plans": [{"Node Type": "Hash Join", "Parent Relationship": "Outer", "Parallel Aware": false, "Async Capable": false, "Join Type": "Inner", "Startup Cost": 3421.74, "Total Cost": 8104.11, "Plan Rows": 1, "Plan Width": 0, "Actual Rows": 1822, "Actual Loops": 2, "Inner Unique": true, "Hash Cond": "(p.owneruserid = u.id)", "Workers": [], "Plans": [{"Node Type": "Hash Join", "Parent Relationship": "Outer", "Parallel Aware": false, "Async Capable": false, "Join Type": "Inner", "Startup Cost": 2419.04, "Total Cost": 7069.92, "Plan Rows": 11995, "Plan Width": 4, "Actual Rows": 25953, "Actual Loops": 2, "Inner Unique": true, "Hash Cond": "(ph.postid = p.id)", "Workers": [], "Plans": [{"Node Type": "Seq Scan", "Parent Relationship": "Outer", "Parallel Aware": true, "Async Capable": false, "Relation Name": "posthistory", "Alias": "ph", "Startup Cost": 0.0, "Total Cost": 4469.32, "Plan Rows": 69164, "Plan Width": 4, "Actual Rows": 58757, "Actual Loops": 2, "Filter": "(creationdate <= '2012-12-06 17:46:38'::timestamp without time zone)", "Rows Removed by Filter": 92836, "Workers": []}, {"Node Type": "Hash", "Parent Relationship": "Inner", "Parallel Aware": false, "Async Capable": false, "Startup Cost": 2219.64, "Total Cost": 2219.64, "Plan Rows": 15952, "Plan Width": 8, "Actual Rows": 15958, "Actual Loops": 2, "Hash Buckets": 16384, "Original Hash Buckets": 16384, "Hash Batches": 1, "Original Hash Batches": 1, "Peak Memory Usage": 751, "Workers": [], "Plans": [{"Node Type": "Seq Scan", "Parent Relationship": "Outer", "Parallel Aware": false, "Async Capable": false, "Relation Name": "posts", "Alias": "p", "Startup Cost": 0.0, "Total Cost": 2219.64, "Plan Rows": 15952, "Plan Width": 8, "Actual Rows": 15958, "Actual Loops": 2, "Filter": "((creationdate >= '2011-11-21 14:22:00'::timestamp without time zone) AND (creationdate <= '2012-09-27 10:56:53'::timestamp without time zone))", "Rows Removed by Filter": 76018, "Workers": []}]}]}, {"Node Type": "Hash", "Parent Relationship": "Inner", "Parallel Aware": false, "Async Capable": false, "Startup Cost": 1002.69, "Total Cost": 1002.69, "Plan Rows": 1, "Plan Width": 4, "Actual Rows": 10, "Actual Loops": 2, "Hash Buckets": 1024, "Original Hash Buckets": 1024, "Hash Batches": 1, "Original Hash Batches": 1, "Peak Memory Usage": 9, "Workers": [], "Plans": [{"Node Type": "Seq Scan", "Parent Relationship": "Outer", "Parallel Aware": false, "Async Capable": false, "Relation Name": "users", "Alias": "u", "Startup Cost": 0.0, "Total Cost": 1002.69, "Plan Rows": 1, "Plan Width": 4, "Actual Rows": 10, "Actual Loops": 2, "Filter": "((reputation >= 13036) AND (reputation <= 70099) AND (views >= 3811))", "Rows Removed by Filter": 40315, "Workers": []}]}]}]}]}, "Planning Time": 1.04, "Triggers": [], "Execution Time": 70.585}, {"Plan": {"Node Type": "Aggregate", "Strategy": "Plain", "Partial Mode": "Simple", "Parallel Aware": false, "Async Capable": false, "Startup Cost": 1018.72, "Total Cost": 1018.73, "Plan Rows": 1, "Plan Width": 8, "Actual Rows": 1, "Actual Loops": 1, "Plans": [{"Node Type": "Nested Loop", "Parent Relationship": "Outer", "Parallel Aware": false, "Async Capable": false, "Join Type": "Inner", "Startup Cost": 0.71, "Total Cost": 1018.72, "Plan Rows": 1, "Plan Width": 0, "Actual Rows": 3644, "Actual Loops": 1, "Inner Unique": false, "Plans": [{"Node Type": "Nested Loop", "Parent Relationship": "Outer", "Parallel Aware": false, "Async Capable": false, "Join Type": "Inner", "Startup Cost": 0.29, "Total Cost": 1017.52, "Plan Rows": 1, "Plan Width": 4, "Actual Rows": 1874, "Actual Loops": 1, "Inner Unique": false, "Plans": [{"Node Type": "Seq Scan", "Parent Relationship": "Outer", "Parallel Aware": false, "Async Capable": false, "Relation Name": "users", "Alias": "u", "Startup Cost": 0.0, "Total Cost": 1002.69, "Plan Rows": 1, "Plan Width": 4, "Actual Rows": 10, "Actual Loops": 1, "Filter": "((reputation >= 13036) AND (reputation <= 70099) AND (views >= 3811))", "Rows Removed by Filter": 40315}, {"Node Type": "Index Scan", "Parent Relationship": "Inner", "Parallel Aware": false, "Async Capable": false, "Scan Direction": "Forward", "Index Name": "idx_posts_owneruserid", "Relation Name": "posts", "Alias": "p", "Startup Cost": 0.29, "Total Cost": 14.82, "Plan Rows": 1, "Plan Width": 8, "Actual Rows": 187, "Actual Loops": 10, "Index Cond": "(owneruserid = u.id)", "Rows Removed by Index Recheck": 0, "Filter": "((creationdate >= '2011-11-21 14:22:00'::timestamp without time zone) AND (creationdate <= '2012-09-27 10:56:53'::timestamp without time zone))", "Rows Removed by Filter": 536}]}, {"Node Type": "Index Scan", "Parent Relationship": "Inner", "Parallel Aware": false, "Async Capable": false, "Scan Direction": "Forward", "Index Name": "idx_posthistory_postid", "Relation Name": "posthistory", "Alias": "ph", "Startup Cost": 0.42, "Total Cost": 1.19, "Plan Rows": 1, "Plan Width": 4, "Actual Rows": 2, "Actual Loops": 1874, "Index Cond": "(postid = p.id)", "Rows Removed by Index Recheck": 0, "Filter": "(creationdate <= '2012-12-06 17:46:38'::timestamp without time zone)", "Rows Removed by Filter": 0}]}]}, "Planning Time": 0.52, "Triggers": [], "Execution Time": 7.863}, {"Plan": {"Node Type": "Aggregate", "Strategy": "Plain", "Partial Mode": "Simple", "Parallel Aware": false, "Async Capable": false, "Startup Cost": 10015.12, "Total Cost": 10015.13, "Plan Rows": 1, "Plan Width": 8, "Actual Rows": 1, "Actual Loops": 1, "Plans": [{"Node Type": "Nested Loop", "Parent Relationship": "Outer", "Parallel Aware": false, "Async Capable": false, "Join Type": "Inner", "Startup Cost": 2419.04, "Total Cost": 10015.12, "Plan Rows": 1, "Plan Width": 0, "Actual Rows": 3644, "Actual Loops": 1, "Inner Unique": false, "Join Filter": "(p.owneruserid = u.id)", "Rows Removed by Join Filter": 515416, "Plans": [{"Node Type": "Seq Scan", "Parent Relationship": "Outer", "Parallel Aware": false, "Async Capable": false, "Relation Name": "users", "Alias": "u", "Startup Cost": 0.0, "Total Cost": 1002.69, "Plan Rows": 1, "Plan Width": 4, "Actual Rows": 10, "Actual Loops": 1, "Filter": "((reputation >= 13036) AND (reputation <= 70099) AND (views >= 3811))", "Rows Removed by Filter": 40315}, {"Node Type": "Hash Join", "Parent Relationship": "Inner", "Parallel Aware": false, "Async Capable": false, "Join Type": "Inner", "Startup Cost": 2419.04, "Total Cost": 8757.53, "Plan Rows": 20392, "Plan Width": 4, "Actual Rows": 51906, "Actual Loops": 10, "Inner Unique": true, "Hash Cond": "(ph.postid = p.id)", "Plans": [{"Node Type": "Seq Scan", "Parent Relationship": "Outer", "Parallel Aware": false, "Async Capable": false, "Relation Name": "posthistory", "Alias": "ph", "Startup Cost": 0.0, "Total Cost": 6029.84, "Plan Rows": 117579, "Plan Width": 4, "Actual Rows": 117514, "Actual Loops": 10, "Filter": "(creationdate <= '2012-12-06 17:46:38'::timestamp without time zone)", "Rows Removed by Filter": 185673}, {"Node Type": "Hash", "Parent Relationship": "Inner", "Parallel Aware": false, "Async Capable": false, "Startup Cost": 2219.64, "Total Cost": 2219.64, "Plan Rows": 15952, "Plan Width": 8, "Actual Rows": 15958, "Actual Loops": 1, "Hash Buckets": 16384, "Original Hash Buckets": 16384, "Hash Batches": 1, "Original Hash Batches": 1, "Peak Memory Usage": 751, "Plans": [{"Node Type": "Seq Scan", "Parent Relationship": "Outer", "Parallel Aware": false, "Async Capable": false, "Relation Name": "posts", "Alias": "p", "Startup Cost": 0.0, "Total Cost": 2219.64, "Plan Rows": 15952, "Plan Width": 8, "Actual Rows": 15958, "Actual Loops": 1, "Filter": "((creationdate >= '2011-11-21 14:22:00'::timestamp without time zone) AND (creationdate <= '2012-09-27 10:56:53'::timestamp without time zone))", "Rows Removed by Filter": 76018}]}]}]}]}, "Planning Time": 1.632, "Triggers": [], "Execution Time": 568.09}, {"Plan": {"Node Type": "Aggregate", "Strategy": "Plain", "Partial Mode": "Simple", "Parallel Aware": false, "Async Capable": false, "Startup Cost": 6746.33, "Total Cost": 6746.34, "Plan Rows": 1, "Plan Width": 8, "Actual Rows": 1, "Actual Loops": 1, "Plans": [{"Node Type": "Gather", "Parent Relationship": "Outer", "Parallel Aware": false, "Async Capable": false, "Startup Cost": 2017.53, "Total Cost": 6746.32, "Plan Rows": 1, "Plan Width": 0, "Actual Rows": 3644, "Actual Loops": 1, "Workers Planned": 1, "Workers Launched": 1, "Single Copy": false, "Plans": [{"Node Type": "Hash Join", "Parent Relationship": "Outer", "Parallel Aware": false, "Async Capable": false, "Join Type": "Inner", "Startup Cost": 1017.53, "Total Cost": 5746.22, "Plan Rows": 1, "Plan Width": 0, "Actual Rows": 1822, "Actual Loops": 2, "Inner Unique": false, "Hash Cond": "(ph.postid = p.id)", "Workers": [], "Plans": [{"Node Type": "Seq Scan", "Parent Relationship": "Outer", "Parallel Aware": true, "Async Capable": false, "Relation Name": "posthistory", "Alias": "ph", "Startup Cost": 0.0, "Total Cost": 4469.32, "Plan Rows": 69164, "Plan Width": 4, "Actual Rows": 58757, "Actual Loops": 2, "Filter": "(creationdate <= '2012-12-06 17:46:38'::timestamp without time zone)", "Rows Removed by Filter": 92836, "Workers": []}, {"Node Type": "Hash", "Parent Relationship": "Inner", "Parallel Aware": false, "Async Capable": false, "Startup Cost": 1017.52, "Total Cost": 1017.52, "Plan Rows": 1, "Plan Width": 4, "Actual Rows": 1874, "Actual Loops": 2, "Hash Buckets": 2048, "Original Hash Buckets": 1024, "Hash Batches": 1, "Original Hash Batches": 1, "Peak Memory Usage": 82, "Workers": [], "Plans": [{"Node Type": "Nested Loop", "Parent Relationship": "Outer", "Parallel Aware": false, "Async Capable": false, "Join Type": "Inner", "Startup Cost": 0.29, "Total Cost": 1017.52, "Plan Rows": 1, "Plan Width": 4, "Actual Rows": 1874, "Actual Loops": 2, "Inner Unique": false, "Workers": [], "Plans": [{"Node Type": "Seq Scan", "Parent Relationship": "Outer", "Parallel Aware": false, "Async Capable": false, "Relation Name": "users", "Alias": "u", "Startup Cost": 0.0, "Total Cost": 1002.69, "Plan Rows": 1, "Plan Width": 4, "Actual Rows": 10, "Actual Loops": 2, "Filter": "((reputation >= 13036) AND (reputation <= 70099) AND (views >= 3811))", "Rows Removed by Filter": 40315, "Workers": []}, {"Node Type": "Index Scan", "Parent Relationship": "Inner", "Parallel Aware": false, "Async Capable": false, "Scan Direction": "Forward", "Index Name": "idx_posts_owneruserid", "Relation Name": "posts", "Alias": "p", "Startup Cost": 0.29, "Total Cost": 14.82, "Plan Rows": 1, "Plan Width": 8, "Actual Rows": 187, "Actual Loops": 20, "Index Cond": "(owneruserid = u.id)", "Rows Removed by Index Recheck": 0, "Filter": "((creationdate >= '2011-11-21 14:22:00'::timestamp without time zone) AND (creationdate <= '2012-09-27 10:56:53'::timestamp without time zone))", "Rows Removed by Filter": 536, "Workers": []}]}]}]}]}]}, "Planning Time": 1.622, "Triggers": [], "Execution Time": 51.823}]