[{"Plan": {"Node Type": "Aggregate", "Strategy": "Plain", "Partial Mode": "Finalize", "Parallel Aware": false, "Async Capable": false, "Startup Cost": 5713.2, "Total Cost": 5713.21, "Plan Rows": 1, "Plan Width": 8, "Actual Rows": 1, "Actual Loops": 1, "Plans": [{"Node Type": "Gather", "Parent Relationship": "Outer", "Parallel Aware": false, "Async Capable": false, "Startup Cost": 5713.08, "Total Cost": 5713.19, "Plan Rows": 1, "Plan Width": 8, "Actual Rows": 2, "Actual Loops": 1, "Workers Planned": 1, "Workers Launched": 1, "Single Copy": false, "Plans": [{"Node Type": "Aggregate", "Strategy": "Plain", "Partial Mode": "Partial", "Parent Relationship": "Outer", "Parallel Aware": false, "Async Capable": false, "Startup Cost": 4713.08, "Total Cost": 4713.09, "Plan Rows": 1, "Plan Width": 8, "Actual Rows": 1, "Actual Loops": 2, "Workers": [], "Plans": [{"Node Type": "Nested Loop", "Parent Relationship": "Outer", "Parallel Aware": false, "Async Capable": false, "Join Type": "Inner", "Startup Cost": 1422.25, "Total Cost": 3948.5, "Plan Rows": 305834, "Plan Width": 0, "Actual Rows": 840653, "Actual Loops": 2, "Inner Unique": false, "Join Filter": "(c.userid = u.id)", "Rows Removed by Join Filter": 0, "Workers": [], "Plans": [{"Node Type": "Merge Join", "Parent Relationship": "Outer", "Parallel Aware": false, "Async Capable": false, "Join Type": "Inner", "Startup Cost": 1421.96, "Total Cost": 2690.28, "Plan Rows": 1701, "Plan Width": 8, "Actual Rows": 5288, "Actual Loops": 2, "Inner Unique": true, "Merge Cond": "(v.userid = u.id)", "Workers": [], "Plans": [{"Node Type": "Index Scan", "Parent Relationship": "Outer", "Parallel Aware": true, "Async Capable": false, "Scan Direction": "Forward", "Index Name": "idx_votes_userid", "Relation Name": "votes", "Alias": "v", "Startup Cost": 0.42, "Total Cost": 11216.36, "Plan Rows": 68975, "Plan Width": 4, "Actual Rows": 5314, "Actual Loops": 2, "Filter": "((creationdate >= '2010-06-03 14:30:07'::timestamp without time zone) AND (creationdate <= '2012-07-18 04:44:11'::timestamp without time zone))", "Rows Removed by Filter": 12082, "Workers": []}, {"Node Type": "Sort", "Parent Relationship": "Inner", "Parallel Aware": false, "Async Capable": false, "Startup Cost": 1421.54, "Total Cost": 1445.04, "Plan Rows": 9402, "Plan Width": 4, "Actual Rows": 5160, "Actual Loops": 2, "Sort Key": ["u.id"], "Sort Method": "quicksort", "Sort Space Used": 385, "Sort Space Type": "Memory", "Workers": [{"Worker Number": 0, "Sort Method": "quicksort", "Sort Space Used": 385, "Sort Space Type": "Memory"}], "Plans": [{"Node Type": "Seq Scan", "Parent Relationship": "Outer", "Parallel Aware": false, "Async Capable": false, "Relation Name": "users", "Alias": "u", "Startup Cost": 0.0, "Total Cost": 801.06, "Plan Rows": 9402, "Plan Width": 4, "Actual Rows": 9409, "Actual Loops": 2, "Filter": "(creationdate <= '2012-06-23 11:49:17'::timestamp without time zone)", "Rows Removed by Filter": 30916, "Workers": []}]}]}, {"Node Type": "Index Scan", "Parent Relationship": "Inner", "Parallel Aware": false, "Async Capable": false, "Scan Direction": "Forward", "Index Name": "idx_comments_userid", "Relation Name": "comments", "Alias": "c", "Startup Cost": 0.29, "Total Cost": 0.64, "Plan Rows": 8, "Plan Width": 4, "Actual Rows": 159, "Actual Loops": 10575, "Index Cond": "(userid = v.userid)", "Rows Removed by Index Recheck": 0, "Filter": "((creationdate >= '2011-07-21 09:15:29'::timestamp without time zone) AND (creationdate <= '2013-12-23 00:26:43'::timestamp without time zone))", "Rows Removed by Filter": 115, "Workers": []}]}]}]}]}, "Planning Time": 2.778, "Triggers": [], "Execution Time": 383.16}, {"Plan": {"Node Type": "Aggregate", "Strategy": "Plain", "Partial Mode": "Simple", "Parallel Aware": false, "Async Capable": false, "Startup Cost": 42065.68, "Total Cost": 42065.69, "Plan Rows": 1, "Plan Width": 8, "Actual Rows": 1, "Actual Loops": 1, "Plans": [{"Node Type": "Merge Join", "Parent Relationship": "Outer", "Parallel Aware": false, "Async Capable": false, "Join Type": "Inner", "Startup Cost": 1.18, "Total Cost": 40765.88, "Plan Rows": 519917, "Plan Width": 0, "Actual Rows": 1681306, "Actual Loops": 1, "Inner Unique": false, "Merge Cond": "(u.id = c.userid)", "Plans": [{"Node Type": "Index Scan", "Parent Relationship": "Outer", "Parallel Aware": false, "Async Capable": false, "Scan Direction": "Forward", "Index Name": "users_pkey", "Relation Name": "users", "Alias": "u", "Startup Cost": 0.29, "Total Cost": 1457.98, "Plan Rows": 9402, "Plan Width": 4, "Actual Rows": 9408, "Actual Loops": 1, "Filter": "(creationdate <= '2012-06-23 11:49:17'::timestamp without time zone)", "Rows Removed by Filter": 8765}, {"Node Type": "Materialize", "Parent Relationship": "Inner", "Parallel Aware": false, "Async Capable": false, "Startup Cost": 0.73, "Total Cost": 28989.93, "Plan Rows": 2267416, "Plan Width": 8, "Actual Rows": 1682167, "Actual Loops": 1, "Plans": [{"Node Type": "Nested Loop", "Parent Relationship": "Outer", "Parallel Aware": false, "Async Capable": false, "Join Type": "Inner", "Startup Cost": 0.73, "Total Cost": 23321.39, "Plan Rows": 2267416, "Plan Width": 8, "Actual Rows": 1682167, "Actual Loops": 1, "Inner Unique": false, "Plans": [{"Node Type": "Index Scan", "Parent Relationship": "Outer", "Parallel Aware": false, "Async Capable": false, "Scan Direction": "Forward", "Index Name": "idx_comments_userid", "Relation Name": "comments", "Alias": "c", "Startup Cost": 0.29, "Total Cost": 8694.72, "Plan Rows": 105518, "Plan Width": 4, "Actual Rows": 105489, "Actual Loops": 1, "Filter": "((creationdate >= '2011-07-21 09:15:29'::timestamp without time zone) AND (creationdate <= '2013-12-23 00:26:43'::timestamp without time zone))", "Rows Removed by Filter": 68816}, {"Node Type": "Memoize", "Parent Relationship": "Inner", "Parallel Aware": false, "Async Capable": false, "Startup Cost": 0.43, "Total Cost": 0.73, "Plan Rows": 3, "Plan Width": 4, "Actual Rows": 16, "Actual Loops": 105489, "Cache Key": "c.userid", "Cache Mode": "logical", "Cache Hits": 96925, "Cache Misses": 8564, "Cache Evictions": 0, "Cache Overflows": 0, "Peak Memory Usage": 857, "Plans": [{"Node Type": "Index Scan", "Parent Relationship": "Outer", "Parallel Aware": false, "Async Capable": false, "Scan Direction": "Forward", "Index Name": "idx_votes_userid", "Relation Name": "votes", "Alias": "v", "Startup Cost": 0.42, "Total Cost": 0.72, "Plan Rows": 3, "Plan Width": 4, "Actual Rows": 1, "Actual Loops": 8564, "Index Cond": "(userid = c.userid)", "Rows Removed by Index Recheck": 0, "Filter": "((creationdate >= '2010-06-03 14:30:07'::timestamp without time zone) AND (creationdate <= '2012-07-18 04:44:11'::timestamp without time zone))", "Rows Removed by Filter": 2}]}]}]}]}]}, "Planning Time": 1.865, "Triggers": [], "Execution Time": 661.891}, {"Plan": {"Node Type": "Aggregate", "Strategy": "Plain", "Partial Mode": "Simple", "Parallel Aware": false, "Async Capable": false, "Startup Cost": 9842.82, "Total Cost": 9842.83, "Plan Rows": 1, "Plan Width": 8, "Actual Rows": 1, "Actual Loops": 1, "Plans": [{"Node Type": "Merge Join", "Parent Relationship": "Outer", "Parallel Aware": false, "Async Capable": false, "Join Type": "Inner", "Startup Cost": 6916.29, "Total Cost": 8543.03, "Plan Rows": 519917, "Plan Width": 0, "Actual Rows": 1681306, "Actual Loops": 1, "Inner Unique": false, "Merge Cond": "(v.userid = u.id)", "Plans": [{"Node Type": "Index Scan", "Parent Relationship": "Outer", "Parallel Aware": false, "Async Capable": false, "Scan Direction": "Forward", "Index Name": "idx_votes_userid", "Relation Name": "votes", "Alias": "v", "Startup Cost": 0.42, "Total Cost": 13242.63, "Plan Rows": 117258, "Plan Width": 4, "Actual Rows": 10626, "Actual Loops": 1, "Filter": "((creationdate >= '2010-06-03 14:30:07'::timestamp without time zone) AND (creationdate <= '2012-07-18 04:44:11'::timestamp without time zone))", "Rows Removed by Filter": 24164}, {"Node Type": "Sort", "Parent Relationship": "Inner", "Parallel Aware": false, "Async Capable": false, "Startup Cost": 6915.87, "Total Cost": 6976.36, "Plan Rows": 24195, "Plan Width": 8, "Actual Rows": 1705627, "Actual Loops": 1, "Sort Key": ["c.userid"], "Sort Method": "quicksort", "Sort Space Used": 5358, "Sort Space Type": "Memory", "Plans": [{"Node Type": "Hash Join", "Parent Relationship": "Outer", "Parallel Aware": false, "Async Capable": false, "Join Type": "Inner", "Startup Cost": 918.59, "Total Cost": 5154.18, "Plan Rows": 24195, "Plan Width": 8, "Actual Rows": 73150, "Actual Loops": 1, "Inner Unique": true, "Hash Cond": "(c.userid = u.id)", "Plans": [{"Node Type": "Seq Scan", "Parent Relationship": "Outer", "Parallel Aware": false, "Async Capable": false, "Relation Name": "comments", "Alias": "c", "Startup Cost": 0.0, "Total Cost": 3958.57, "Plan Rows": 105518, "Plan Width": 4, "Actual Rows": 105489, "Actual Loops": 1, "Filter": "((creationdate >= '2011-07-21 09:15:29'::timestamp without time zone) AND (creationdate <= '2013-12-23 00:26:43'::timestamp without time zone))", "Rows Removed by Filter": 68816}, {"Node Type": "Hash", "Parent Relationship": "Inner", "Parallel Aware": false, "Async Capable": false, "Startup Cost": 801.06, "Total Cost": 801.06, "Plan Rows": 9402, "Plan Width": 4, "Actual Rows": 9409, "Actual Loops": 1, "Hash Buckets": 16384, "Original Hash Buckets": 16384, "Hash Batches": 1, "Original Hash Batches": 1, "Peak Memory Usage": 459, "Plans": [{"Node Type": "Seq Scan", "Parent Relationship": "Outer", "Parallel Aware": false, "Async Capable": false, "Relation Name": "users", "Alias": "u", "Startup Cost": 0.0, "Total Cost": 801.06, "Plan Rows": 9402, "Plan Width": 4, "Actual Rows": 9409, "Actual Loops": 1, "Filter": "(creationdate <= '2012-06-23 11:49:17'::timestamp without time zone)", "Rows Removed by Filter": 30916}]}]}]}]}]}, "Planning Time": 1.931, "Triggers": [], "Execution Time": 250.227}, {"Plan": {"Node Type": "Aggregate", "Strategy": "Plain", "Partial Mode": "Finalize", "Parallel Aware": false, "Async Capable": false, "Startup Cost": 7616.74, "Total Cost": 7616.75, "Plan Rows": 1, "Plan Width": 8, "Actual Rows": 1, "Actual Loops": 1, "Plans": [{"Node Type": "Gather", "Parent Relationship": "Outer", "Parallel Aware": false, "Async Capable": false, "Startup Cost": 7616.62, "Total Cost": 7616.73, "Plan Rows": 1, "Plan Width": 8, "Actual Rows": 2, "Actual Loops": 1, "Workers Planned": 1, "Workers Launched": 1, "Single Copy": false, "Plans": [{"Node Type": "Aggregate", "Strategy": "Plain", "Partial Mode": "Partial", "Parent Relationship": "Outer", "Parallel Aware": false, "Async Capable": false, "Startup Cost": 6616.62, "Total Cost": 6616.63, "Plan Rows": 1, "Plan Width": 8, "Actual Rows": 1, "Actual Loops": 2, "Workers": [], "Plans": [{"Node Type": "Hash Join", "Parent Relationship": "Outer", "Parallel Aware": true, "Async Capable": false, "Join Type": "Inner", "Startup Cost": 2711.54, "Total Cost": 5852.04, "Plan Rows": 305834, "Plan Width": 0, "Actual Rows": 840653, "Actual Loops": 2, "Inner Unique": false, "Hash Cond": "(c.userid = u.id)", "Workers": [], "Plans": [{"Node Type": "Seq Scan", "Parent Relationship": "Outer", "Parallel Aware": true, "Async Capable": false, "Relation Name": "comments", "Alias": "c", "Startup Cost": 0.0, "Total Cost": 2881.99, "Plan Rows": 62069, "Plan Width": 4, "Actual Rows": 52744, "Actual Loops": 2, "Filter": "((creationdate >= '2011-07-21 09:15:29'::timestamp without time zone) AND (creationdate <= '2013-12-23 00:26:43'::timestamp without time zone))", "Rows Removed by Filter": 34408, "Workers": []}, {"Node Type": "Hash", "Parent Relationship": "Inner", "Parallel Aware": true, "Async Capable": false, "Startup Cost": 2690.28, "Total Cost": 2690.28, "Plan Rows": 1701, "Plan Width": 8, "Actual Rows": 5288, "Actual Loops": 2, "Hash Buckets": 16384, "Original Hash Buckets": 4096, "Hash Batches": 1, "Original Hash Batches": 1, "Peak Memory Usage": 672, "Workers": [], "Plans": [{"Node Type": "Merge Join", "Parent Relationship": "Outer", "Parallel Aware": false, "Async Capable": false, "Join Type": "Inner", "Startup Cost": 1421.96, "Total Cost": 2690.28, "Plan Rows": 1701, "Plan Width": 8, "Actual Rows": 5288, "Actual Loops": 2, "Inner Unique": true, "Merge Cond": "(v.userid = u.id)", "Workers": [], "Plans": [{"Node Type": "Index Scan", "Parent Relationship": "Outer", "Parallel Aware": true, "Async Capable": false, "Scan Direction": "Forward", "Index Name": "idx_votes_userid", "Relation Name": "votes", "Alias": "v", "Startup Cost": 0.42, "Total Cost": 11216.36, "Plan Rows": 68975, "Plan Width": 4, "Actual Rows": 5314, "Actual Loops": 2, "Filter": "((creationdate >= '2010-06-03 14:30:07'::timestamp without time zone) AND (creationdate <= '2012-07-18 04:44:11'::timestamp without time zone))", "Rows Removed by Filter": 12082, "Workers": []}, {"Node Type": "Sort", "Parent Relationship": "Inner", "Parallel Aware": false, "Async Capable": false, "Startup Cost": 1421.54, "Total Cost": 1445.04, "Plan Rows": 9402, "Plan Width": 4, "Actual Rows": 9402, "Actual Loops": 2, "Sort Key": ["u.id"], "Sort Method": "quicksort", "Sort Space Used": 385, "Sort Space Type": "Memory", "Workers": [{"Worker Number": 0, "Sort Method": "quicksort", "Sort Space Used": 385, "Sort Space Type": "Memory"}], "Plans": [{"Node Type": "Seq Scan", "Parent Relationship": "Outer", "Parallel Aware": false, "Async Capable": false, "Relation Name": "users", "Alias": "u", "Startup Cost": 0.0, "Total Cost": 801.06, "Plan Rows": 9402, "Plan Width": 4, "Actual Rows": 9409, "Actual Loops": 2, "Filter": "(creationdate <= '2012-06-23 11:49:17'::timestamp without time zone)", "Rows Removed by Filter": 30916, "Workers": []}]}]}]}]}]}]}]}, "Planning Time": 3.235, "Triggers": [], "Execution Time": 130.575}, {"Plan": {"Node Type": "Aggregate", "Strategy": "Plain", "Partial Mode": "Finalize", "Parallel Aware": false, "Async Capable": false, "Startup Cost": 5713.2, "Total Cost": 5713.21, "Plan Rows": 1, "Plan Width": 8, "Actual Rows": 1, "Actual Loops": 1, "Plans": [{"Node Type": "Gather", "Parent Relationship": "Outer", "Parallel Aware": false, "Async Capable": false, "Startup Cost": 5713.08, "Total Cost": 5713.19, "Plan Rows": 1, "Plan Width": 8, "Actual Rows": 2, "Actual Loops": 1, "Workers Planned": 1, "Workers Launched": 1, "Single Copy": false, "Plans": [{"Node Type": "Aggregate", "Strategy": "Plain", "Partial Mode": "Partial", "Parent Relationship": "Outer", "Parallel Aware": false, "Async Capable": false, "Startup Cost": 4713.08, "Total Cost": 4713.09, "Plan Rows": 1, "Plan Width": 8, "Actual Rows": 1, "Actual Loops": 2, "Workers": [], "Plans": [{"Node Type": "Nested Loop", "Parent Relationship": "Outer", "Parallel Aware": false, "Async Capable": false, "Join Type": "Inner", "Startup Cost": 1422.25, "Total Cost": 3948.5, "Plan Rows": 305834, "Plan Width": 0, "Actual Rows": 840653, "Actual Loops": 2, "Inner Unique": false, "Join Filter": "(c.userid = u.id)", "Rows Removed by Join Filter": 0, "Workers": [], "Plans": [{"Node Type": "Merge Join", "Parent Relationship": "Outer", "Parallel Aware": false, "Async Capable": false, "Join Type": "Inner", "Startup Cost": 1421.96, "Total Cost": 2690.28, "Plan Rows": 1701, "Plan Width": 8, "Actual Rows": 5288, "Actual Loops": 2, "Inner Unique": true, "Merge Cond": "(v.userid = u.id)", "Workers": [], "Plans": [{"Node Type": "Index Scan", "Parent Relationship": "Outer", "Parallel Aware": true, "Async Capable": false, "Scan Direction": "Forward", "Index Name": "idx_votes_userid", "Relation Name": "votes", "Alias": "v", "Startup Cost": 0.42, "Total Cost": 11216.36, "Plan Rows": 68975, "Plan Width": 4, "Actual Rows": 5314, "Actual Loops": 2, "Filter": "((creationdate >= '2010-06-03 14:30:07'::timestamp without time zone) AND (creationdate <= '2012-07-18 04:44:11'::timestamp without time zone))", "Rows Removed by Filter": 12082, "Workers": []}, {"Node Type": "Sort", "Parent Relationship": "Inner", "Parallel Aware": false, "Async Capable": false, "Startup Cost": 1421.54, "Total Cost": 1445.04, "Plan Rows": 9402, "Plan Width": 4, "Actual Rows": 9402, "Actual Loops": 2, "Sort Key": ["u.id"], "Sort Method": "quicksort", "Sort Space Used": 385, "Sort Space Type": "Memory", "Workers": [{"Worker Number": 0, "Sort Method": "quicksort", "Sort Space Used": 385, "Sort Space Type": "Memory"}], "Plans": [{"Node Type": "Seq Scan", "Parent Relationship": "Outer", "Parallel Aware": false, "Async Capable": false, "Relation Name": "users", "Alias": "u", "Startup Cost": 0.0, "Total Cost": 801.06, "Plan Rows": 9402, "Plan Width": 4, "Actual Rows": 9409, "Actual Loops": 2, "Filter": "(creationdate <= '2012-06-23 11:49:17'::timestamp without time zone)", "Rows Removed by Filter": 30916, "Workers": []}]}]}, {"Node Type": "Index Scan", "Parent Relationship": "Inner", "Parallel Aware": false, "Async Capable": false, "Scan Direction": "Forward", "Index Name": "idx_comments_userid", "Relation Name": "comments", "Alias": "c", "Startup Cost": 0.29, "Total Cost": 0.64, "Plan Rows": 8, "Plan Width": 4, "Actual Rows": 159, "Actual Loops": 10575, "Index Cond": "(userid = v.userid)", "Rows Removed by Index Recheck": 0, "Filter": "((creationdate >= '2011-07-21 09:15:29'::timestamp without time zone) AND (creationdate <= '2013-12-23 00:26:43'::timestamp without time zone))", "Rows Removed by Filter": 115, "Workers": []}]}]}]}]}, "Planning Time": 2.836, "Triggers": [], "Execution Time": 378.93}, {"Plan": {"Node Type": "Aggregate", "Strategy": "Plain", "Partial Mode": "Finalize", "Parallel Aware": false, "Async Capable": false, "Startup Cost": 12531.39, "Total Cost": 12531.4, "Plan Rows": 1, "Plan Width": 8, "Actual Rows": 1, "Actual Loops": 1, "Plans": [{"Node Type": "Gather", "Parent Relationship": "Outer", "Parallel Aware": false, "Async Capable": false, "Startup Cost": 12531.28, "Total Cost": 12531.39, "Plan Rows": 1, "Plan Width": 8, "Actual Rows": 2, "Actual Loops": 1, "Workers Planned": 1, "Workers Launched": 1, "Single Copy": false, "Plans": [{"Node Type": "Aggregate", "Strategy": "Plain", "Partial Mode": "Partial", "Parent Relationship": "Outer", "Parallel Aware": false, "Async Capable": false, "Startup Cost": 11531.28, "Total Cost": 11531.29, "Plan Rows": 1, "Plan Width": 8, "Actual Rows": 1, "Actual Loops": 2, "Workers": [], "Plans": [{"Node Type": "Merge Join", "Parent Relationship": "Outer", "Parallel Aware": false, "Async Capable": false, "Join Type": "Inner", "Startup Cost": 1422.26, "Total Cost": 10766.69, "Plan Rows": 305834, "Plan Width": 0, "Actual Rows": 840653, "Actual Loops": 2, "Inner Unique": false, "Merge Cond": "(u.id = v.userid)", "Workers": [], "Plans": [{"Node Type": "Merge Join", "Parent Relationship": "Outer", "Parallel Aware": false, "Async Capable": false, "Join Type": "Inner", "Startup Cost": 1421.84, "Total Cost": 9255.56, "Plan Rows": 14232, "Plan Width": 8, "Actual Rows": 36556, "Actual Loops": 2, "Inner Unique": true, "Merge Cond": "(c.userid = u.id)", "Workers": [], "Plans": [{"Node Type": "Index Scan", "Parent Relationship": "Outer", "Parallel Aware": true, "Async Capable": false, "Scan Direction": "Forward", "Index Name": "idx_comments_userid", "Relation Name": "comments", "Alias": "c", "Startup Cost": 0.29, "Total Cost": 7618.14, "Plan Rows": 62069, "Plan Width": 4, "Actual Rows": 51582, "Actual Loops": 2, "Filter": "((creationdate >= '2011-07-21 09:15:29'::timestamp without time zone) AND (creationdate <= '2013-12-23 00:26:43'::timestamp without time zone))", "Rows Removed by Filter": 30188, "Workers": []}, {"Node Type": "Sort", "Parent Relationship": "Inner", "Parallel Aware": false, "Async Capable": false, "Startup Cost": 1421.54, "Total Cost": 1445.04, "Plan Rows": 9402, "Plan Width": 4, "Actual Rows": 9408, "Actual Loops": 2, "Sort Key": ["u.id"], "Sort Method": "quicksort", "Sort Space Used": 385, "Sort Space Type": "Memory", "Workers": [{"Worker Number": 0, "Sort Method": "quicksort", "Sort Space Used": 385, "Sort Space Type": "Memory"}], "Plans": [{"Node Type": "Seq Scan", "Parent Relationship": "Outer", "Parallel Aware": false, "Async Capable": false, "Relation Name": "users", "Alias": "u", "Startup Cost": 0.0, "Total Cost": 801.06, "Plan Rows": 9402, "Plan Width": 4, "Actual Rows": 9409, "Actual Loops": 2, "Filter": "(creationdate <= '2012-06-23 11:49:17'::timestamp without time zone)", "Rows Removed by Filter": 30916, "Workers": []}]}]}, {"Node Type": "Index Scan", "Parent Relationship": "Inner", "Parallel Aware": false, "Async Capable": false, "Scan Direction": "Forward", "Index Name": "idx_votes_userid", "Relation Name": "votes", "Alias": "v", "Startup Cost": 0.42, "Total Cost": 13242.63, "Plan Rows": 117258, "Plan Width": 4, "Actual Rows": 846909, "Actual Loops": 2, "Filter": "((creationdate >= '2010-06-03 14:30:07'::timestamp without time zone) AND (creationdate <= '2012-07-18 04:44:11'::timestamp without time zone))", "Rows Removed by Filter": 1111582, "Workers": []}]}]}]}]}, "Planning Time": 1.552, "Triggers": [], "Execution Time": 811.448}, {"Plan": {"Node Type": "Aggregate", "Strategy": "Plain", "Partial Mode": "Finalize", "Parallel Aware": false, "Async Capable": false, "Startup Cost": 21520.95, "Total Cost": 21520.96, "Plan Rows": 1, "Plan Width": 8, "Actual Rows": 1, "Actual Loops": 1, "Plans": [{"Node Type": "Gather", "Parent Relationship": "Outer", "Parallel Aware": false, "Async Capable": false, "Startup Cost": 21520.83, "Total Cost": 21520.94, "Plan Rows": 1, "Plan Width": 8, "Actual Rows": 2, "Actual Loops": 1, "Workers Planned": 1, "Workers Launched": 1, "Single Copy": false, "Plans": [{"Node Type": "Aggregate", "Strategy": "Plain", "Partial Mode": "Partial", "Parent Relationship": "Outer", "Parallel Aware": false, "Async Capable": false, "Startup Cost": 20520.83, "Total Cost": 20520.84, "Plan Rows": 1, "Plan Width": 8, "Actual Rows": 1, "Actual Loops": 2, "Workers": [], "Plans": [{"Node Type": "Hash Join", "Parent Relationship": "Outer", "Parallel Aware": false, "Async Capable": false, "Join Type": "Inner", "Startup Cost": 919.02, "Total Cost": 19756.25, "Plan Rows": 305834, "Plan Width": 0, "Actual Rows": 840653, "Actual Loops": 2, "Inner Unique": true, "Hash Cond": "(c.userid = u.id)", "Workers": [], "Plans": [{"Node Type": "Nested Loop", "Parent Relationship": "Outer", "Parallel Aware": false, "Async Capable": false, "Join Type": "Inner", "Startup Cost": 0.43, "Total Cost": 15336.14, "Plan Rows": 1333774, "Plan Width": 8, "Actual Rows": 841084, "Actual Loops": 2, "Inner Unique": false, "Workers": [], "Plans": [{"Node Type": "Seq Scan", "Parent Relationship": "Outer", "Parallel Aware": true, "Async Capable": false, "Relation Name": "comments", "Alias": "c", "Startup Cost": 0.0, "Total Cost": 2881.99, "Plan Rows": 62069, "Plan Width": 4, "Actual Rows": 52744, "Actual Loops": 2, "Filter": "((creationdate >= '2011-07-21 09:15:29'::timestamp without time zone) AND (creationdate <= '2013-12-23 00:26:43'::timestamp without time zone))", "Rows Removed by Filter": 34408, "Workers": []}, {"Node Type": "Memoize", "Parent Relationship": "Inner", "Parallel Aware": false, "Async Capable": false, "Startup Cost": 0.43, "Total Cost": 0.73, "Plan Rows": 3, "Plan Width": 4, "Actual Rows": 16, "Actual Loops": 105489, "Cache Key": "c.userid", "Cache Mode": "logical", "Cache Hits": 47379, "Cache Misses": 6030, "Cache Evictions": 0, "Cache Overflows": 0, "Peak Memory Usage": 663, "Workers": [{"Worker Number": 0, "Cache Hits": 46092, "Cache Misses": 5988, "Cache Evictions": 0, "Cache Overflows": 0, "Peak Memory Usage": 664}], "Plans": [{"Node Type": "Index Scan", "Parent Relationship": "Outer", "Parallel Aware": false, "Async Capable": false, "Scan Direction": "Forward", "Index Name": "idx_votes_userid", "Relation Name": "votes", "Alias": "v", "Startup Cost": 0.42, "Total Cost": 0.72, "Plan Rows": 3, "Plan Width": 4, "Actual Rows": 1, "Actual Loops": 12018, "Index Cond": "(userid = c.userid)", "Rows Removed by Index Recheck": 0, "Filter": "((creationdate >= '2010-06-03 14:30:07'::timestamp without time zone) AND (creationdate <= '2012-07-18 04:44:11'::timestamp without time zone))", "Rows Removed by Filter": 2, "Workers": []}]}]}, {"Node Type": "Hash", "Parent Relationship": "Inner", "Parallel Aware": false, "Async Capable": false, "Startup Cost": 801.06, "Total Cost": 801.06, "Plan Rows": 9402, "Plan Width": 4, "Actual Rows": 9409, "Actual Loops": 2, "Hash Buckets": 16384, "Original Hash Buckets": 16384, "Hash Batches": 1, "Original Hash Batches": 1, "Peak Memory Usage": 459, "Workers": [], "Plans": [{"Node Type": "Seq Scan", "Parent Relationship": "Outer", "Parallel Aware": false, "Async Capable": false, "Relation Name": "users", "Alias": "u", "Startup Cost": 0.0, "Total Cost": 801.06, "Plan Rows": 9402, "Plan Width": 4, "Actual Rows": 9409, "Actual Loops": 2, "Filter": "(creationdate <= '2012-06-23 11:49:17'::timestamp without time zone)", "Rows Removed by Filter": 30916, "Workers": []}]}]}]}]}]}, "Planning Time": 3.133, "Triggers": [], "Execution Time": 199.963}]