[{"Plan": {"Node Type": "Aggregate", "Strategy": "Plain", "Partial Mode": "Simple", "Parallel Aware": false, "Async Capable": false, "Startup Cost": 1748.59, "Total Cost": 1748.6, "Plan Rows": 1, "Plan Width": 8, "Actual Rows": 1, "Actual Loops": 1, "Plans": [{"Node Type": "Nested Loop", "Parent Relationship": "Outer", "Parallel Aware": false, "Async Capable": false, "Join Type": "Inner", "Startup Cost": 1.84, "Total Cost": 1748.59, "Plan Rows": 1, "Plan Width": 0, "Actual Rows": 135, "Actual Loops": 1, "Inner Unique": false, "Join Filter": "(p.id = ph.postid)", "Rows Removed by Join Filter": 0, "Plans": [{"Node Type": "Nested Loop", "Parent Relationship": "Outer", "Parallel Aware": false, "Async Capable": false, "Join Type": "Inner", "Startup Cost": 1.42, "Total Cost": 1748.03, "Plan Rows": 1, "Plan Width": 16, "Actual Rows": 135, "Actual Loops": 1, "Inner Unique": false, "Join Filter": "(p.id = pl.postid)", "Rows Removed by Join Filter": 0, "Plans": [{"Node Type": "Nested Loop", "Parent Relationship": "Outer", "Parallel Aware": false, "Async Capable": false, "Join Type": "Inner", "Startup Cost": 1.13, "Total Cost": 1747.7, "Plan Rows": 1, "Plan Width": 12, "Actual Rows": 1381, "Actual Loops": 1, "Inner Unique": false, "Join Filter": "(p.id = v.postid)", "Rows Removed by Join Filter": 0, "Plans": [{"Node Type": "Nested Loop", "Parent Relationship": "Outer", "Parallel Aware": false, "Async Capable": false, "Join Type": "Inner", "Startup Cost": 0.71, "Total Cost": 1747.08, "Plan Rows": 1, "Plan Width": 8, "Actual Rows": 8, "Actual Loops": 1, "Inner Unique": false, "Plans": [{"Node Type": "Nested Loop", "Parent Relationship": "Outer", "Parallel Aware": false, "Async Capable": false, "Join Type": "Inner", "Startup Cost": 0.29, "Total Cost": 1738.58, "Plan Rows": 1, "Plan Width": 4, "Actual Rows": 2, "Actual Loops": 1, "Inner Unique": false, "Plans": [{"Node Type": "Seq Scan", "Parent Relationship": "Outer", "Parallel Aware": false, "Async Capable": false, "Relation Name": "users", "Alias": "u", "Startup Cost": 0.0, "Total Cost": 901.88, "Plan Rows": 65, "Plan Width": 4, "Actual Rows": 187, "Actual Loops": 1, "Filter": "((upvotes >= 148) AND (creationdate <= '2012-09-08 11:35:08'::timestamp without time zone))", "Rows Removed by Filter": 40138}, {"Node Type": "Index Scan", "Parent Relationship": "Inner", "Parallel Aware": false, "Async Capable": false, "Scan Direction": "Forward", "Index Name": "idx_posts_owneruserid", "Relation Name": "posts", "Alias": "p", "Startup Cost": 0.29, "Total Cost": 12.86, "Plan Rows": 1, "Plan Width": 8, "Actual Rows": 0, "Actual Loops": 187, "Index Cond": "(owneruserid = u.id)", "Rows Removed by Index Recheck": 0, "Filter": "((answercount >= 37) AND (creationdate >= '2009-06-08 11:26:25'::timestamp without time zone) AND (creationdate <= '2012-02-12 23:25:41'::timestamp without time zone) AND (posttypeid = 1))", "Rows Removed by Filter": 136}]}, {"Node Type": "Index Only Scan", "Parent Relationship": "Inner", "Parallel Aware": false, "Async Capable": false, "Scan Direction": "Forward", "Index Name": "idx_comments_postid", "Relation Name": "comments", "Alias": "c", "Startup Cost": 0.42, "Total Cost": 8.47, "Plan Rows": 3, "Plan Width": 4, "Actual Rows": 4, "Actual Loops": 2, "Index Cond": "(postid = p.id)", "Rows Removed by Index Recheck": 0, "Heap Fetches": 0}]}, {"Node Type": "Index Scan", "Parent Relationship": "Inner", "Parallel Aware": false, "Async Capable": false, "Scan Direction": "Forward", "Index Name": "idx_votes_postid", "Relation Name": "votes", "Alias": "v", "Startup Cost": 0.42, "Total Cost": 0.58, "Plan Rows": 3, "Plan Width": 4, "Actual Rows": 173, "Actual Loops": 8, "Index Cond": "(postid = c.postid)", "Rows Removed by Index Recheck": 0, "Filter": "(creationdate >= '2012-06-17 02:39:56'::timestamp without time zone)", "Rows Removed by Filter": 124}]}, {"Node Type": "Index Scan", "Parent Relationship": "Inner", "Parallel Aware": false, "Async Capable": false, "Scan Direction": "Forward", "Index Name": "idx_postlinks_postid", "Relation Name": "postlinks", "Alias": "pl", "Startup Cost": 0.29, "Total Cost": 0.31, "Plan Rows": 1, "Plan Width": 4, "Actual Rows": 0, "Actual Loops": 1381, "Index Cond": "(postid = v.postid)", "Rows Removed by Index Recheck": 0, "Filter": "((creationdate >= '2012-04-05 02:11:31'::timestamp without time zone) AND (creationdate <= '2013-09-07 11:47:32'::timestamp without time zone))", "Rows Removed by Filter": 2}]}, {"Node Type": "Index Scan", "Parent Relationship": "Inner", "Parallel Aware": false, "Async Capable": false, "Scan Direction": "Forward", "Index Name": "idx_posthistory_postid", "Relation Name": "posthistory", "Alias": "ph", "Startup Cost": 0.42, "Total Cost": 0.55, "Plan Rows": 1, "Plan Width": 4, "Actual Rows": 1, "Actual Loops": 135, "Index Cond": "(postid = v.postid)", "Rows Removed by Index Recheck": 0, "Filter": "(posthistorytypeid = 16)", "Rows Removed by Filter": 15}]}]}, "Planning Time": 5.509, "Triggers": [], "Execution Time": 16.581}, {"Plan": {"Node Type": "Aggregate", "Strategy": "Plain", "Partial Mode": "Simple", "Parallel Aware": false, "Async Capable": false, "Startup Cost": 1748.59, "Total Cost": 1748.6, "Plan Rows": 1, "Plan Width": 8, "Actual Rows": 1, "Actual Loops": 1, "Plans": [{"Node Type": "Nested Loop", "Parent Relationship": "Outer", "Parallel Aware": false, "Async Capable": false, "Join Type": "Inner", "Startup Cost": 1.84, "Total Cost": 1748.59, "Plan Rows": 1, "Plan Width": 0, "Actual Rows": 135, "Actual Loops": 1, "Inner Unique": false, "Join Filter": "(p.id = ph.postid)", "Rows Removed by Join Filter": 0, "Plans": [{"Node Type": "Nested Loop", "Parent Relationship": "Outer", "Parallel Aware": false, "Async Capable": false, "Join Type": "Inner", "Startup Cost": 1.42, "Total Cost": 1748.03, "Plan Rows": 1, "Plan Width": 16, "Actual Rows": 135, "Actual Loops": 1, "Inner Unique": false, "Join Filter": "(p.id = pl.postid)", "Rows Removed by Join Filter": 0, "Plans": [{"Node Type": "Nested Loop", "Parent Relationship": "Outer", "Parallel Aware": false, "Async Capable": false, "Join Type": "Inner", "Startup Cost": 1.13, "Total Cost": 1747.7, "Plan Rows": 1, "Plan Width": 12, "Actual Rows": 1381, "Actual Loops": 1, "Inner Unique": false, "Join Filter": "(p.id = v.postid)", "Rows Removed by Join Filter": 0, "Plans": [{"Node Type": "Nested Loop", "Parent Relationship": "Outer", "Parallel Aware": false, "Async Capable": false, "Join Type": "Inner", "Startup Cost": 0.71, "Total Cost": 1747.08, "Plan Rows": 1, "Plan Width": 8, "Actual Rows": 8, "Actual Loops": 1, "Inner Unique": false, "Plans": [{"Node Type": "Nested Loop", "Parent Relationship": "Outer", "Parallel Aware": false, "Async Capable": false, "Join Type": "Inner", "Startup Cost": 0.29, "Total Cost": 1738.58, "Plan Rows": 1, "Plan Width": 4, "Actual Rows": 2, "Actual Loops": 1, "Inner Unique": false, "Plans": [{"Node Type": "Seq Scan", "Parent Relationship": "Outer", "Parallel Aware": false, "Async Capable": false, "Relation Name": "users", "Alias": "u", "Startup Cost": 0.0, "Total Cost": 901.88, "Plan Rows": 65, "Plan Width": 4, "Actual Rows": 187, "Actual Loops": 1, "Filter": "((upvotes >= 148) AND (creationdate <= '2012-09-08 11:35:08'::timestamp without time zone))", "Rows Removed by Filter": 40138}, {"Node Type": "Index Scan", "Parent Relationship": "Inner", "Parallel Aware": false, "Async Capable": false, "Scan Direction": "Forward", "Index Name": "idx_posts_owneruserid", "Relation Name": "posts", "Alias": "p", "Startup Cost": 0.29, "Total Cost": 12.86, "Plan Rows": 1, "Plan Width": 8, "Actual Rows": 0, "Actual Loops": 187, "Index Cond": "(owneruserid = u.id)", "Rows Removed by Index Recheck": 0, "Filter": "((answercount >= 37) AND (creationdate >= '2009-06-08 11:26:25'::timestamp without time zone) AND (creationdate <= '2012-02-12 23:25:41'::timestamp without time zone) AND (posttypeid = 1))", "Rows Removed by Filter": 136}]}, {"Node Type": "Index Only Scan", "Parent Relationship": "Inner", "Parallel Aware": false, "Async Capable": false, "Scan Direction": "Forward", "Index Name": "idx_comments_postid", "Relation Name": "comments", "Alias": "c", "Startup Cost": 0.42, "Total Cost": 8.47, "Plan Rows": 3, "Plan Width": 4, "Actual Rows": 4, "Actual Loops": 2, "Index Cond": "(postid = p.id)", "Rows Removed by Index Recheck": 0, "Heap Fetches": 0}]}, {"Node Type": "Index Scan", "Parent Relationship": "Inner", "Parallel Aware": false, "Async Capable": false, "Scan Direction": "Forward", "Index Name": "idx_votes_postid", "Relation Name": "votes", "Alias": "v", "Startup Cost": 0.42, "Total Cost": 0.58, "Plan Rows": 3, "Plan Width": 4, "Actual Rows": 173, "Actual Loops": 8, "Index Cond": "(postid = c.postid)", "Rows Removed by Index Recheck": 0, "Filter": "(creationdate >= '2012-06-17 02:39:56'::timestamp without time zone)", "Rows Removed by Filter": 124}]}, {"Node Type": "Index Scan", "Parent Relationship": "Inner", "Parallel Aware": false, "Async Capable": false, "Scan Direction": "Forward", "Index Name": "idx_postlinks_postid", "Relation Name": "postlinks", "Alias": "pl", "Startup Cost": 0.29, "Total Cost": 0.31, "Plan Rows": 1, "Plan Width": 4, "Actual Rows": 0, "Actual Loops": 1381, "Index Cond": "(postid = v.postid)", "Rows Removed by Index Recheck": 0, "Filter": "((creationdate >= '2012-04-05 02:11:31'::timestamp without time zone) AND (creationdate <= '2013-09-07 11:47:32'::timestamp without time zone))", "Rows Removed by Filter": 2}]}, {"Node Type": "Index Scan", "Parent Relationship": "Inner", "Parallel Aware": false, "Async Capable": false, "Scan Direction": "Forward", "Index Name": "idx_posthistory_postid", "Relation Name": "posthistory", "Alias": "ph", "Startup Cost": 0.42, "Total Cost": 0.55, "Plan Rows": 1, "Plan Width": 4, "Actual Rows": 1, "Actual Loops": 135, "Index Cond": "(postid = v.postid)", "Rows Removed by Index Recheck": 0, "Filter": "(posthistorytypeid = 16)", "Rows Removed by Filter": 15}]}]}, "Planning Time": 4.72, "Triggers": [], "Execution Time": 11.663}, {"Plan": {"Node Type": "Aggregate", "Strategy": "Plain", "Partial Mode": "Simple", "Parallel Aware": false, "Async Capable": false, "Startup Cost": 2702.38, "Total Cost": 2702.39, "Plan Rows": 1, "Plan Width": 8, "Actual Rows": 1, "Actual Loops": 1, "Plans": [{"Node Type": "Nested Loop", "Parent Relationship": "Outer", "Parallel Aware": false, "Async Capable": false, "Join Type": "Inner", "Startup Cost": 1.85, "Total Cost": 2702.38, "Plan Rows": 1, "Plan Width": 0, "Actual Rows": 135, "Actual Loops": 1, "Inner Unique": true, "Plans": [{"Node Type": "Nested Loop", "Parent Relationship": "Outer", "Parallel Aware": false, "Async Capable": false, "Join Type": "Inner", "Startup Cost": 1.55, "Total Cost": 2689.87, "Plan Rows": 2, "Plan Width": 4, "Actual Rows": 1086, "Actual Loops": 1, "Inner Unique": false, "Join Filter": "(p.id = v.postid)", "Rows Removed by Join Filter": 0, "Plans": [{"Node Type": "Nested Loop", "Parent Relationship": "Outer", "Parallel Aware": false, "Async Capable": false, "Join Type": "Inner", "Startup Cost": 1.13, "Total Cost": 2689.25, "Plan Rows": 1, "Plan Width": 20, "Actual Rows": 10, "Actual Loops": 1, "Inner Unique": false, "Join Filter": "(p.id = ph.postid)", "Rows Removed by Join Filter": 0, "Plans": [{"Node Type": "Nested Loop", "Parent Relationship": "Outer", "Parallel Aware": false, "Async Capable": false, "Join Type": "Inner", "Startup Cost": 0.71, "Total Cost": 2688.67, "Plan Rows": 1, "Plan Width": 16, "Actual Rows": 10, "Actual Loops": 1, "Inner Unique": false, "Join Filter": "(p.id = pl.postid)", "Rows Removed by Join Filter": 0, "Plans": [{"Node Type": "Nested Loop", "Parent Relationship": "Outer", "Parallel Aware": false, "Async Capable": false, "Join Type": "Inner", "Startup Cost": 0.42, "Total Cost": 2688.02, "Plan Rows": 2, "Plan Width": 12, "Actual Rows": 17, "Actual Loops": 1, "Inner Unique": false, "Plans": [{"Node Type": "Seq Scan", "Parent Relationship": "Outer", "Parallel Aware": false, "Async Capable": false, "Relation Name": "posts", "Alias": "p", "Startup Cost": 0.0, "Total Cost": 2679.52, "Plan Rows": 1, "Plan Width": 8, "Actual Rows": 4, "Actual Loops": 1, "Filter": "((answercount >= 37) AND (creationdate >= '2009-06-08 11:26:25'::timestamp without time zone) AND (creationdate <= '2012-02-12 23:25:41'::timestamp without time zone) AND (posttypeid = 1))", "Rows Removed by Filter": 91972}, {"Node Type": "Index Only Scan", "Parent Relationship": "Inner", "Parallel Aware": false, "Async Capable": false, "Scan Direction": "Forward", "Index Name": "idx_comments_postid", "Relation Name": "comments", "Alias": "c", "Startup Cost": 0.42, "Total Cost": 8.47, "Plan Rows": 3, "Plan Width": 4, "Actual Rows": 4, "Actual Loops": 4, "Index Cond": "(postid = p.id)", "Rows Removed by Index Recheck": 0, "Heap Fetches": 0}]}, {"Node Type": "Index Scan", "Parent Relationship": "Inner", "Parallel Aware": false, "Async Capable": false, "Scan Direction": "Forward", "Index Name": "idx_postlinks_postid", "Relation Name": "postlinks", "Alias": "pl", "Startup Cost": 0.29, "Total Cost": 0.31, "Plan Rows": 1, "Plan Width": 4, "Actual Rows": 1, "Actual Loops": 17, "Index Cond": "(postid = c.postid)", "Rows Removed by Index Recheck": 0, "Filter": "((creationdate >= '2012-04-05 02:11:31'::timestamp without time zone) AND (creationdate <= '2013-09-07 11:47:32'::timestamp without time zone))", "Rows Removed by Filter": 1}]}, {"Node Type": "Index Scan", "Parent Relationship": "Inner", "Parallel Aware": false, "Async Capable": false, "Scan Direction": "Forward", "Index Name": "idx_posthistory_postid", "Relation Name": "posthistory", "Alias": "ph", "Startup Cost": 0.42, "Total Cost": 0.57, "Plan Rows": 1, "Plan Width": 4, "Actual Rows": 1, "Actual Loops": 10, "Index Cond": "(postid = c.postid)", "Rows Removed by Index Recheck": 0, "Filter": "(posthistorytypeid = 16)", "Rows Removed by Filter": 7}]}, {"Node Type": "Index Scan", "Parent Relationship": "Inner", "Parallel Aware": false, "Async Capable": false, "Scan Direction": "Forward", "Index Name": "idx_votes_postid", "Relation Name": "votes", "Alias": "v", "Startup Cost": 0.42, "Total Cost": 0.58, "Plan Rows": 3, "Plan Width": 4, "Actual Rows": 109, "Actual Loops": 10, "Index Cond": "(postid = c.postid)", "Rows Removed by Index Recheck": 0, "Filter": "(creationdate >= '2012-06-17 02:39:56'::timestamp without time zone)", "Rows Removed by Filter": 97}]}, {"Node Type": "Memoize", "Parent Relationship": "Inner", "Parallel Aware": false, "Async Capable": false, "Startup Cost": 0.3, "Total Cost": 8.32, "Plan Rows": 1, "Plan Width": 4, "Actual Rows": 0, "Actual Loops": 1086, "Cache Key": "p.owneruserid", "Cache Mode": "logical", "Cache Hits": 1083, "Cache Misses": 3, "Cache Evictions": 0, "Cache Overflows": 0, "Peak Memory Usage": 1, "Plans": [{"Node Type": "Index Scan", "Parent Relationship": "Outer", "Parallel Aware": false, "Async Capable": false, "Scan Direction": "Forward", "Index Name": "users_pkey", "Relation Name": "users", "Alias": "u", "Startup Cost": 0.29, "Total Cost": 8.31, "Plan Rows": 1, "Plan Width": 4, "Actual Rows": 0, "Actual Loops": 3, "Index Cond": "(id = p.owneruserid)", "Rows Removed by Index Recheck": 0, "Filter": "((upvotes >= 148) AND (creationdate <= '2012-09-08 11:35:08'::timestamp without time zone))", "Rows Removed by Filter": 1}]}]}]}, "Planning Time": 4.569, "Triggers": [], "Execution Time": 10.06}, {"Plan": {"Node Type": "Aggregate", "Strategy": "Plain", "Partial Mode": "Simple", "Parallel Aware": false, "Async Capable": false, "Startup Cost": 10560.45, "Total Cost": 10560.46, "Plan Rows": 1, "Plan Width": 8, "Actual Rows": 1, "Actual Loops": 1, "Plans": [{"Node Type": "Gather", "Parent Relationship": "Outer", "Parallel Aware": false, "Async Capable": false, "Startup Cost": 2747.75, "Total Cost": 10560.44, "Plan Rows": 1, "Plan Width": 0, "Actual Rows": 135, "Actual Loops": 1, "Workers Planned": 1, "Workers Launched": 1, "Single Copy": false, "Plans": [{"Node Type": "Hash Join", "Parent Relationship": "Outer", "Parallel Aware": false, "Async Capable": false, "Join Type": "Inner", "Startup Cost": 1747.75, "Total Cost": 9560.34, "Plan Rows": 1, "Plan Width": 0, "Actual Rows": 68, "Actual Loops": 2, "Inner Unique": false, "Hash Cond": "(v.postid = p.id)", "Workers": [], "Plans": [{"Node Type": "Nested Loop", "Parent Relationship": "Outer", "Parallel Aware": false, "Async Capable": false, "Join Type": "Inner", "Startup Cost": 0.84, "Total Cost": 7774.94, "Plan Rows": 10261, "Plan Width": 12, "Actual Rows": 16903, "Actual Loops": 2, "Inner Unique": false, "Workers": [], "Plans": [{"Node Type": "Nested Loop", "Parent Relationship": "Outer", "Parallel Aware": false, "Async Capable": false, "Join Type": "Inner", "Startup Cost": 0.42, "Total Cost": 5977.26, "Plan Rows": 2931, "Plan Width": 8, "Actual Rows": 1687, "Actual Loops": 2, "Inner Unique": false, "Workers": [], "Plans": [{"Node Type": "Seq Scan", "Parent Relationship": "Outer", "Parallel Aware": true, "Async Capable": false, "Relation Name": "posthistory", "Alias": "ph", "Startup Cost": 0.0, "Total Cost": 4469.32, "Plan Rows": 1328, "Plan Width": 4, "Actual Rows": 1096, "Actual Loops": 2, "Filter": "(posthistorytypeid = 16)", "Rows Removed by Filter": 150497, "Workers": []}, {"Node Type": "Index Only Scan", "Parent Relationship": "Inner", "Parallel Aware": false, "Async Capable": false, "Scan Direction": "Forward", "Index Name": "idx_comments_postid", "Relation Name": "comments", "Alias": "c", "Startup Cost": 0.42, "Total Cost": 1.11, "Plan Rows": 3, "Plan Width": 4, "Actual Rows": 2, "Actual Loops": 2193, "Index Cond": "(postid = ph.postid)", "Rows Removed by Index Recheck": 0, "Heap Fetches": 0, "Workers": []}]}, {"Node Type": "Index Scan", "Parent Relationship": "Inner", "Parallel Aware": false, "Async Capable": false, "Scan Direction": "Forward", "Index Name": "idx_votes_postid", "Relation Name": "votes", "Alias": "v", "Startup Cost": 0.42, "Total Cost": 0.58, "Plan Rows": 3, "Plan Width": 4, "Actual Rows": 10, "Actual Loops": 3374, "Index Cond": "(postid = c.postid)", "Rows Removed by Index Recheck": 0, "Filter": "(creationdate >= '2012-06-17 02:39:56'::timestamp without time zone)", "Rows Removed by Filter": 9, "Workers": []}]}, {"Node Type": "Hash", "Parent Relationship": "Inner", "Parallel Aware": false, "Async Capable": false, "Startup Cost": 1746.9, "Total Cost": 1746.9, "Plan Rows": 1, "Plan Width": 8, "Actual Rows": 1, "Actual Loops": 2, "Hash Buckets": 1024, "Original Hash Buckets": 1024, "Hash Batches": 1, "Original Hash Batches": 1, "Peak Memory Usage": 9, "Workers": [], "Plans": [{"Node Type": "Nested Loop", "Parent Relationship": "Outer", "Parallel Aware": false, "Async Capable": false, "Join Type": "Inner", "Startup Cost": 0.58, "Total Cost": 1746.9, "Plan Rows": 1, "Plan Width": 8, "Actual Rows": 1, "Actual Loops": 2, "Inner Unique": false, "Workers": [], "Plans": [{"Node Type": "Nested Loop", "Parent Relationship": "Outer", "Parallel Aware": false, "Async Capable": false, "Join Type": "Inner", "Startup Cost": 0.29, "Total Cost": 1738.58, "Plan Rows": 1, "Plan Width": 4, "Actual Rows": 2, "Actual Loops": 2, "Inner Unique": false, "Workers": [], "Plans": [{"Node Type": "Seq Scan", "Parent Relationship": "Outer", "Parallel Aware": false, "Async Capable": false, "Relation Name": "users", "Alias": "u", "Startup Cost": 0.0, "Total Cost": 901.88, "Plan Rows": 65, "Plan Width": 4, "Actual Rows": 187, "Actual Loops": 2, "Filter": "((upvotes >= 148) AND (creationdate <= '2012-09-08 11:35:08'::timestamp without time zone))", "Rows Removed by Filter": 40138, "Workers": []}, {"Node Type": "Index Scan", "Parent Relationship": "Inner", "Parallel Aware": false, "Async Capable": false, "Scan Direction": "Forward", "Index Name": "idx_posts_owneruserid", "Relation Name": "posts", "Alias": "p", "Startup Cost": 0.29, "Total Cost": 12.86, "Plan Rows": 1, "Plan Width": 8, "Actual Rows": 0, "Actual Loops": 374, "Index Cond": "(owneruserid = u.id)", "Rows Removed by Index Recheck": 0, "Filter": "((answercount >= 37) AND (creationdate >= '2009-06-08 11:26:25'::timestamp without time zone) AND (creationdate <= '2012-02-12 23:25:41'::timestamp without time zone) AND (posttypeid = 1))", "Rows Removed by Filter": 136, "Workers": []}]}, {"Node Type": "Index Scan", "Parent Relationship": "Inner", "Parallel Aware": false, "Async Capable": false, "Scan Direction": "Forward", "Index Name": "idx_postlinks_postid", "Relation Name": "postlinks", "Alias": "pl", "Startup Cost": 0.29, "Total Cost": 8.31, "Plan Rows": 1, "Plan Width": 4, "Actual Rows": 0, "Actual Loops": 4, "Index Cond": "(postid = p.id)", "Rows Removed by Index Recheck": 0, "Filter": "((creationdate >= '2012-04-05 02:11:31'::timestamp without time zone) AND (creationdate <= '2013-09-07 11:47:32'::timestamp without time zone))", "Rows Removed by Filter": 1, "Workers": []}]}]}]}]}]}, "Planning Time": 13.991, "Triggers": [], "Execution Time": 123.919}, {"Plan": {"Node Type": "Aggregate", "Strategy": "Plain", "Partial Mode": "Simple", "Parallel Aware": false, "Async Capable": false, "Startup Cost": 5376.04, "Total Cost": 5376.05, "Plan Rows": 1, "Plan Width": 8, "Actual Rows": 1, "Actual Loops": 1, "Plans": [{"Node Type": "Hash Join", "Parent Relationship": "Outer", "Parallel Aware": false, "Async Capable": false, "Join Type": "Inner", "Startup Cost": 1752.57, "Total Cost": 5376.03, "Plan Rows": 1, "Plan Width": 0, "Actual Rows": 135, "Actual Loops": 1, "Inner Unique": false, "Hash Cond": "(c.postid = p.id)", "Plans": [{"Node Type": "Nested Loop", "Parent Relationship": "Outer", "Parallel Aware": false, "Async Capable": false, "Join Type": "Inner", "Startup Cost": 0.43, "Total Cost": 3570.24, "Plan Rows": 14305, "Plan Width": 8, "Actual Rows": 14244, "Actual Loops": 1, "Inner Unique": false, "Plans": [{"Node Type": "Seq Scan", "Parent Relationship": "Outer", "Parallel Aware": false, "Async Capable": false, "Relation Name": "postlinks", "Alias": "pl", "Startup Cost": 0.0, "Total Cost": 248.53, "Plan Rows": 4205, "Plan Width": 4, "Actual Rows": 4203, "Actual Loops": 1, "Filter": "((creationdate >= '2012-04-05 02:11:31'::timestamp without time zone) AND (creationdate <= '2013-09-07 11:47:32'::timestamp without time zone))", "Rows Removed by Filter": 6899}, {"Node Type": "Memoize", "Parent Relationship": "Inner", "Parallel Aware": false, "Async Capable": false, "Startup Cost": 0.43, "Total Cost": 0.83, "Plan Rows": 3, "Plan Width": 4, "Actual Rows": 3, "Actual Loops": 4203, "Cache Key": "pl.postid", "Cache Mode": "logical", "Cache Hits": 1276, "Cache Misses": 2927, "Cache Evictions": 0, "Cache Overflows": 0, "Peak Memory Usage": 523, "Plans": [{"Node Type": "Index Only Scan", "Parent Relationship": "Outer", "Parallel Aware": false, "Async Capable": false, "Scan Direction": "Forward", "Index Name": "idx_comments_postid", "Relation Name": "comments", "Alias": "c", "Startup Cost": 0.42, "Total Cost": 0.82, "Plan Rows": 3, "Plan Width": 4, "Actual Rows": 3, "Actual Loops": 2927, "Index Cond": "(postid = pl.postid)", "Rows Removed by Index Recheck": 0, "Heap Fetches": 0}]}]}, {"Node Type": "Hash", "Parent Relationship": "Inner", "Parallel Aware": false, "Async Capable": false, "Startup Cost": 1752.13, "Total Cost": 1752.13, "Plan Rows": 1, "Plan Width": 12, "Actual Rows": 313, "Actual Loops": 1, "Hash Buckets": 1024, "Original Hash Buckets": 1024, "Hash Batches": 1, "Original Hash Batches": 1, "Peak Memory Usage": 22, "Plans": [{"Node Type": "Nested Loop", "Parent Relationship": "Outer", "Parallel Aware": false, "Async Capable": false, "Join Type": "Inner", "Startup Cost": 1.14, "Total Cost": 1752.13, "Plan Rows": 1, "Plan Width": 12, "Actual Rows": 313, "Actual Loops": 1, "Inner Unique": false, "Join Filter": "(p.id = v.postid)", "Rows Removed by Join Filter": 0, "Plans": [{"Node Type": "Nested Loop", "Parent Relationship": "Outer", "Parallel Aware": false, "Async Capable": false, "Join Type": "Inner", "Startup Cost": 0.71, "Total Cost": 1747.53, "Plan Rows": 1, "Plan Width": 8, "Actual Rows": 2, "Actual Loops": 1, "Inner Unique": false, "Plans": [{"Node Type": "Nested Loop", "Parent Relationship": "Outer", "Parallel Aware": false, "Async Capable": false, "Join Type": "Inner", "Startup Cost": 0.29, "Total Cost": 1738.58, "Plan Rows": 1, "Plan Width": 4, "Actual Rows": 2, "Actual Loops": 1, "Inner Unique": false, "Plans": [{"Node Type": "Seq Scan", "Parent Relationship": "Outer", "Parallel Aware": false, "Async Capable": false, "Relation Name": "users", "Alias": "u", "Startup Cost": 0.0, "Total Cost": 901.88, "Plan Rows": 65, "Plan Width": 4, "Actual Rows": 187, "Actual Loops": 1, "Filter": "((upvotes >= 148) AND (creationdate <= '2012-09-08 11:35:08'::timestamp without time zone))", "Rows Removed by Filter": 40138}, {"Node Type": "Index Scan", "Parent Relationship": "Inner", "Parallel Aware": false, "Async Capable": false, "Scan Direction": "Forward", "Index Name": "idx_posts_owneruserid", "Relation Name": "posts", "Alias": "p", "Startup Cost": 0.29, "Total Cost": 12.86, "Plan Rows": 1, "Plan Width": 8, "Actual Rows": 0, "Actual Loops": 187, "Index Cond": "(owneruserid = u.id)", "Rows Removed by Index Recheck": 0, "Filter": "((answercount >= 37) AND (creationdate >= '2009-06-08 11:26:25'::timestamp without time zone) AND (creationdate <= '2012-02-12 23:25:41'::timestamp without time zone) AND (posttypeid = 1))", "Rows Removed by Filter": 136}]}, {"Node Type": "Index Scan", "Parent Relationship": "Inner", "Parallel Aware": false, "Async Capable": false, "Scan Direction": "Forward", "Index Name": "idx_posthistory_postid", "Relation Name": "posthistory", "Alias": "ph", "Startup Cost": 0.42, "Total Cost": 8.94, "Plan Rows": 1, "Plan Width": 4, "Actual Rows": 1, "Actual Loops": 2, "Index Cond": "(postid = p.id)", "Rows Removed by Index Recheck": 0, "Filter": "(posthistorytypeid = 16)", "Rows Removed by Filter": 10}]}, {"Node Type": "Index Scan", "Parent Relationship": "Inner", "Parallel Aware": false, "Async Capable": false, "Scan Direction": "Forward", "Index Name": "idx_votes_postid", "Relation Name": "votes", "Alias": "v", "Startup Cost": 0.42, "Total Cost": 4.56, "Plan Rows": 3, "Plan Width": 4, "Actual Rows": 156, "Actual Loops": 2, "Index Cond": "(postid = ph.postid)", "Rows Removed by Index Recheck": 0, "Filter": "(creationdate >= '2012-06-17 02:39:56'::timestamp without time zone)", "Rows Removed by Filter": 122}]}]}]}]}, "Planning Time": 5.943, "Triggers": [], "Execution Time": 26.029}, {"Plan": {"Node Type": "Aggregate", "Strategy": "Plain", "Partial Mode": "Simple", "Parallel Aware": false, "Async Capable": false, "Startup Cost": 5491.26, "Total Cost": 5491.27, "Plan Rows": 1, "Plan Width": 8, "Actual Rows": 1, "Actual Loops": 1, "Plans": [{"Node Type": "Hash Join", "Parent Relationship": "Outer", "Parallel Aware": false, "Async Capable": false, "Join Type": "Inner", "Startup Cost": 1750.54, "Total Cost": 5491.26, "Plan Rows": 1, "Plan Width": 0, "Actual Rows": 135, "Actual Loops": 1, "Inner Unique": false, "Hash Cond": "(c.postid = p.id)", "Plans": [{"Node Type": "Seq Scan", "Parent Relationship": "Outer", "Parallel Aware": false, "Async Capable": false, "Relation Name": "comments", "Alias": "c", "Startup Cost": 0.0, "Total Cost": 3087.05, "Plan Rows": 174305, "Plan Width": 4, "Actual Rows": 174305, "Actual Loops": 1}, {"Node Type": "Hash", "Parent Relationship": "Inner", "Parallel Aware": false, "Async Capable": false, "Startup Cost": 1750.53, "Total Cost": 1750.53, "Plan Rows": 1, "Plan Width": 16, "Actual Rows": 135, "Actual Loops": 1, "Hash Buckets": 1024, "Original Hash Buckets": 1024, "Hash Batches": 1, "Original Hash Batches": 1, "Peak Memory Usage": 15, "Plans": [{"Node Type": "Nested Loop", "Parent Relationship": "Outer", "Parallel Aware": false, "Async Capable": false, "Join Type": "Inner", "Startup Cost": 1.42, "Total Cost": 1750.53, "Plan Rows": 1, "Plan Width": 16, "Actual Rows": 135, "Actual Loops": 1, "Inner Unique": false, "Join Filter": "(p.id = ph.postid)", "Rows Removed by Join Filter": 0, "Plans": [{"Node Type": "Nested Loop", "Parent Relationship": "Outer", "Parallel Aware": false, "Async Capable": false, "Join Type": "Inner", "Startup Cost": 1.0, "Total Cost": 1749.96, "Plan Rows": 1, "Plan Width": 12, "Actual Rows": 135, "Actual Loops": 1, "Inner Unique": false, "Join Filter": "(p.id = v.postid)", "Rows Removed by Join Filter": 0, "Plans": [{"Node Type": "Nested Loop", "Parent Relationship": "Outer", "Parallel Aware": false, "Async Capable": false, "Join Type": "Inner", "Startup Cost": 0.58, "Total Cost": 1746.9, "Plan Rows": 1, "Plan Width": 8, "Actual Rows": 1, "Actual Loops": 1, "Inner Unique": false, "Plans": [{"Node Type": "Nested Loop", "Parent Relationship": "Outer", "Parallel Aware": false, "Async Capable": false, "Join Type": "Inner", "Startup Cost": 0.29, "Total Cost": 1738.58, "Plan Rows": 1, "Plan Width": 4, "Actual Rows": 2, "Actual Loops": 1, "Inner Unique": false, "Plans": [{"Node Type": "Seq Scan", "Parent Relationship": "Outer", "Parallel Aware": false, "Async Capable": false, "Relation Name": "users", "Alias": "u", "Startup Cost": 0.0, "Total Cost": 901.88, "Plan Rows": 65, "Plan Width": 4, "Actual Rows": 187, "Actual Loops": 1, "Filter": "((upvotes >= 148) AND (creationdate <= '2012-09-08 11:35:08'::timestamp without time zone))", "Rows Removed by Filter": 40138}, {"Node Type": "Index Scan", "Parent Relationship": "Inner", "Parallel Aware": false, "Async Capable": false, "Scan Direction": "Forward", "Index Name": "idx_posts_owneruserid", "Relation Name": "posts", "Alias": "p", "Startup Cost": 0.29, "Total Cost": 12.86, "Plan Rows": 1, "Plan Width": 8, "Actual Rows": 0, "Actual Loops": 187, "Index Cond": "(owneruserid = u.id)", "Rows Removed by Index Recheck": 0, "Filter": "((answercount >= 37) AND (creationdate >= '2009-06-08 11:26:25'::timestamp without time zone) AND (creationdate <= '2012-02-12 23:25:41'::timestamp without time zone) AND (posttypeid = 1))", "Rows Removed by Filter": 136}]}, {"Node Type": "Index Scan", "Parent Relationship": "Inner", "Parallel Aware": false, "Async Capable": false, "Scan Direction": "Forward", "Index Name": "idx_postlinks_postid", "Relation Name": "postlinks", "Alias": "pl", "Startup Cost": 0.29, "Total Cost": 8.31, "Plan Rows": 1, "Plan Width": 4, "Actual Rows": 0, "Actual Loops": 2, "Index Cond": "(postid = p.id)", "Rows Removed by Index Recheck": 0, "Filter": "((creationdate >= '2012-04-05 02:11:31'::timestamp without time zone) AND (creationdate <= '2013-09-07 11:47:32'::timestamp without time zone))", "Rows Removed by Filter": 1}]}, {"Node Type": "Index Scan", "Parent Relationship": "Inner", "Parallel Aware": false, "Async Capable": false, "Scan Direction": "Forward", "Index Name": "idx_votes_postid", "Relation Name": "votes", "Alias": "v", "Startup Cost": 0.42, "Total Cost": 3.03, "Plan Rows": 3, "Plan Width": 4, "Actual Rows": 135, "Actual Loops": 1, "Index Cond": "(postid = pl.postid)", "Rows Removed by Index Recheck": 0, "Filter": "(creationdate >= '2012-06-17 02:39:56'::timestamp without time zone)", "Rows Removed by Filter": 119}]}, {"Node Type": "Index Scan", "Parent Relationship": "Inner", "Parallel Aware": false, "Async Capable": false, "Scan Direction": "Forward", "Index Name": "idx_posthistory_postid", "Relation Name": "posthistory", "Alias": "ph", "Startup Cost": 0.42, "Total Cost": 0.55, "Plan Rows": 1, "Plan Width": 4, "Actual Rows": 1, "Actual Loops": 135, "Index Cond": "(postid = v.postid)", "Rows Removed by Index Recheck": 0, "Filter": "(posthistorytypeid = 16)", "Rows Removed by Filter": 15}]}]}]}]}, "Planning Time": 5.899, "Triggers": [], "Execution Time": 50.359}, {"Plan": {"Node Type": "Aggregate", "Strategy": "Plain", "Partial Mode": "Simple", "Parallel Aware": false, "Async Capable": false, "Startup Cost": 7745.82, "Total Cost": 7745.83, "Plan Rows": 1, "Plan Width": 8, "Actual Rows": 1, "Actual Loops": 1, "Plans": [{"Node Type": "Gather", "Parent Relationship": "Outer", "Parallel Aware": false, "Async Capable": false, "Startup Cost": 3040.53, "Total Cost": 7745.82, "Plan Rows": 1, "Plan Width": 0, "Actual Rows": 135, "Actual Loops": 1, "Workers Planned": 1, "Workers Launched": 1, "Single Copy": false, "Plans": [{"Node Type": "Hash Join", "Parent Relationship": "Outer", "Parallel Aware": false, "Async Capable": false, "Join Type": "Inner", "Startup Cost": 2040.53, "Total Cost": 6745.72, "Plan Rows": 1, "Plan Width": 0, "Actual Rows": 68, "Actual Loops": 2, "Inner Unique": false, "Hash Cond": "(v.postid = p.id)", "Workers": [], "Plans": [{"Node Type": "Nested Loop", "Parent Relationship": "Outer", "Parallel Aware": false, "Async Capable": false, "Join Type": "Inner", "Startup Cost": 301.94, "Total Cost": 5003.96, "Plan Rows": 842, "Plan Width": 16, "Actual Rows": 3014, "Actual Loops": 2, "Inner Unique": false, "Workers": [], "Plans": [{"Node Type": "Nested Loop", "Parent Relationship": "Outer", "Parallel Aware": false, "Async Capable": false, "Join Type": "Inner", "Startup Cost": 301.51, "Total Cost": 4856.15, "Plan Rows": 241, "Plan Width": 12, "Actual Rows": 141, "Actual Loops": 2, "Inner Unique": false, "Workers": [], "Plans": [{"Node Type": "Hash Join", "Parent Relationship": "Outer", "Parallel Aware": false, "Async Capable": false, "Join Type": "Inner", "Startup Cost": 301.09, "Total Cost": 4796.02, "Plan Rows": 71, "Plan Width": 8, "Actual Rows": 36, "Actual Loops": 2, "Inner Unique": false, "Hash Cond": "(ph.postid = pl.postid)", "Workers": [], "Plans": [{"Node Type": "Seq Scan", "Parent Relationship": "Outer", "Parallel Aware": true, "Async Capable": false, "Relation Name": "posthistory", "Alias": "ph", "Startup Cost": 0.0, "Total Cost": 4469.32, "Plan Rows": 1328, "Plan Width": 4, "Actual Rows": 1096, "Actual Loops": 2, "Filter": "(posthistorytypeid = 16)", "Rows Removed by Filter": 150497, "Workers": []}, {"Node Type": "Hash", "Parent Relationship": "Inner", "Parallel Aware": false, "Async Capable": false, "Startup Cost": 248.53, "Total Cost": 248.53, "Plan Rows": 4205, "Plan Width": 4, "Actual Rows": 4203, "Actual Loops": 2, "Hash Buckets": 8192, "Original Hash Buckets": 8192, "Hash Batches": 1, "Original Hash Batches": 1, "Peak Memory Usage": 212, "Workers": [], "Plans": [{"Node Type": "Seq Scan", "Parent Relationship": "Outer", "Parallel Aware": false, "Async Capable": false, "Relation Name": "postlinks", "Alias": "pl", "Startup Cost": 0.0, "Total Cost": 248.53, "Plan Rows": 4205, "Plan Width": 4, "Actual Rows": 4203, "Actual Loops": 2, "Filter": "((creationdate >= '2012-04-05 02:11:31'::timestamp without time zone) AND (creationdate <= '2013-09-07 11:47:32'::timestamp without time zone))", "Rows Removed by Filter": 6899, "Workers": []}]}]}, {"Node Type": "Index Only Scan", "Parent Relationship": "Inner", "Parallel Aware": false, "Async Capable": false, "Scan Direction": "Forward", "Index Name": "idx_comments_postid", "Relation Name": "comments", "Alias": "c", "Startup Cost": 0.42, "Total Cost": 0.82, "Plan Rows": 3, "Plan Width": 4, "Actual Rows": 4, "Actual Loops": 73, "Index Cond": "(postid = pl.postid)", "Rows Removed by Index Recheck": 0, "Heap Fetches": 0, "Workers": []}]}, {"Node Type": "Index Scan", "Parent Relationship": "Inner", "Parallel Aware": false, "Async Capable": false, "Scan Direction": "Forward", "Index Name": "idx_votes_postid", "Relation Name": "votes", "Alias": "v", "Startup Cost": 0.42, "Total Cost": 0.58, "Plan Rows": 3, "Plan Width": 4, "Actual Rows": 21, "Actual Loops": 282, "Index Cond": "(postid = c.postid)", "Rows Removed by Index Recheck": 0, "Filter": "(creationdate >= '2012-06-17 02:39:56'::timestamp without time zone)", "Rows Removed by Filter": 11, "Workers": []}]}, {"Node Type": "Hash", "Parent Relationship": "Inner", "Parallel Aware": false, "Async Capable": false, "Startup Cost": 1738.58, "Total Cost": 1738.58, "Plan Rows": 1, "Plan Width": 4, "Actual Rows": 2, "Actual Loops": 2, "Hash Buckets": 1024, "Original Hash Buckets": 1024, "Hash Batches": 1, "Original Hash Batches": 1, "Peak Memory Usage": 9, "Workers": [], "Plans": [{"Node Type": "Nested Loop", "Parent Relationship": "Outer", "Parallel Aware": false, "Async Capable": false, "Join Type": "Inner", "Startup Cost": 0.29, "Total Cost": 1738.58, "Plan Rows": 1, "Plan Width": 4, "Actual Rows": 2, "Actual Loops": 2, "Inner Unique": false, "Workers": [], "Plans": [{"Node Type": "Seq Scan", "Parent Relationship": "Outer", "Parallel Aware": false, "Async Capable": false, "Relation Name": "users", "Alias": "u", "Startup Cost": 0.0, "Total Cost": 901.88, "Plan Rows": 65, "Plan Width": 4, "Actual Rows": 187, "Actual Loops": 2, "Filter": "((upvotes >= 148) AND (creationdate <= '2012-09-08 11:35:08'::timestamp without time zone))", "Rows Removed by Filter": 40138, "Workers": []}, {"Node Type": "Index Scan", "Parent Relationship": "Inner", "Parallel Aware": false, "Async Capable": false, "Scan Direction": "Forward", "Index Name": "idx_posts_owneruserid", "Relation Name": "posts", "Alias": "p", "Startup Cost": 0.29, "Total Cost": 12.86, "Plan Rows": 1, "Plan Width": 8, "Actual Rows": 0, "Actual Loops": 374, "Index Cond": "(owneruserid = u.id)", "Rows Removed by Index Recheck": 0, "Filter": "((answercount >= 37) AND (creationdate >= '2009-06-08 11:26:25'::timestamp without time zone) AND (creationdate <= '2012-02-12 23:25:41'::timestamp without time zone) AND (posttypeid = 1))", "Rows Removed by Filter": 136, "Workers": []}]}]}]}]}]}, "Planning Time": 8.1, "Triggers": [], "Execution Time": 73.305}, {"Plan": {"Node Type": "Aggregate", "Strategy": "Plain", "Partial Mode": "Simple", "Parallel Aware": false, "Async Capable": false, "Startup Cost": 7656.52, "Total Cost": 7656.53, "Plan Rows": 1, "Plan Width": 8, "Plans": [{"Node Type": "Nested Loop", "Parent Relationship": "Outer", "Parallel Aware": false, "Async Capable": false, "Join Type": "Inner", "Startup Cost": 1302.23, "Total Cost": 7656.52, "Plan Rows": 1, "Plan Width": 0, "Inner Unique": false, "Join Filter": "(c.postid = p.id)", "Plans": [{"Node Type": "Nested Loop", "Parent Relationship": "Outer", "Parallel Aware": false, "Async Capable": false, "Join Type": "Inner", "Startup Cost": 0.71, "Total Cost": 1754.36, "Plan Rows": 1, "Plan Width": 8, "Inner Unique": false, "Plans": [{"Node Type": "Nested Loop", "Parent Relationship": "Outer", "Parallel Aware": false, "Async Capable": false, "Join Type": "Inner", "Startup Cost": 0.29, "Total Cost": 1738.58, "Plan Rows": 1, "Plan Width": 4, "Inner Unique": false, "Plans": [{"Node Type": "Seq Scan", "Parent Relationship": "Outer", "Parallel Aware": false, "Async Capable": false, "Relation Name": "users", "Alias": "u", "Startup Cost": 0.0, "Total Cost": 901.88, "Plan Rows": 65, "Plan Width": 4, "Filter": "((upvotes >= 148) AND (creationdate <= '2012-09-08 11:35:08'::timestamp without time zone))"}, {"Node Type": "Index Scan", "Parent Relationship": "Inner", "Parallel Aware": false, "Async Capable": false, "Scan Direction": "Forward", "Index Name": "idx_posts_owneruserid", "Relation Name": "posts", "Alias": "p", "Startup Cost": 0.29, "Total Cost": 12.86, "Plan Rows": 1, "Plan Width": 8, "Index Cond": "(owneruserid = u.id)", "Filter": "((answercount >= 37) AND (creationdate >= '2009-06-08 11:26:25'::timestamp without time zone) AND (creationdate <= '2012-02-12 23:25:41'::timestamp without time zone) AND (posttypeid = 1))"}]}, {"Node Type": "Index Scan", "Parent Relationship": "Inner", "Parallel Aware": false, "Async Capable": false, "Scan Direction": "Forward", "Index Name": "idx_votes_postid", "Relation Name": "votes", "Alias": "v", "Startup Cost": 0.42, "Total Cost": 15.75, "Plan Rows": 3, "Plan Width": 4, "Index Cond": "(postid = p.id)", "Filter": "(creationdate >= '2012-06-17 02:39:56'::timestamp without time zone)"}]}, {"Node Type": "Gather", "Parent Relationship": "Inner", "Parallel Aware": false, "Async Capable": false, "Startup Cost": 1301.51, "Total Cost": 5897.05, "Plan Rows": 409, "Plan Width": 12, "Workers Planned": 1, "Single Copy": false, "Plans": [{"Node Type": "Nested Loop", "Parent Relationship": "Outer", "Parallel Aware": false, "Async Capable": false, "Join Type": "Inner", "Startup Cost": 301.51, "Total Cost": 4856.15, "Plan Rows": 241, "Plan Width": 12, "Inner Unique": false, "Plans": [{"Node Type": "Hash Join", "Parent Relationship": "Outer", "Parallel Aware": false, "Async Capable": false, "Join Type": "Inner", "Startup Cost": 301.09, "Total Cost": 4796.02, "Plan Rows": 71, "Plan Width": 8, "Inner Unique": false, "Hash Cond": "(ph.postid = pl.postid)", "Plans": [{"Node Type": "Seq Scan", "Parent Relationship": "Outer", "Parallel Aware": true, "Async Capable": false, "Relation Name": "posthistory", "Alias": "ph", "Startup Cost": 0.0, "Total Cost": 4469.32, "Plan Rows": 1328, "Plan Width": 4, "Filter": "(posthistorytypeid = 16)"}, {"Node Type": "Hash", "Parent Relationship": "Inner", "Parallel Aware": false, "Async Capable": false, "Startup Cost": 248.53, "Total Cost": 248.53, "Plan Rows": 4205, "Plan Width": 4, "Plans": [{"Node Type": "Seq Scan", "Parent Relationship": "Outer", "Parallel Aware": false, "Async Capable": false, "Relation Name": "postlinks", "Alias": "pl", "Startup Cost": 0.0, "Total Cost": 248.53, "Plan Rows": 4205, "Plan Width": 4, "Filter": "((creationdate >= '2012-04-05 02:11:31'::timestamp without time zone) AND (creationdate <= '2013-09-07 11:47:32'::timestamp without time zone))"}]}]}, {"Node Type": "Index Only Scan", "Parent Relationship": "Inner", "Parallel Aware": false, "Async Capable": false, "Scan Direction": "Forward", "Index Name": "idx_comments_postid", "Relation Name": "comments", "Alias": "c", "Startup Cost": 0.42, "Total Cost": 0.82, "Plan Rows": 3, "Plan Width": 4, "Index Cond": "(postid = pl.postid)"}]}]}]}]}}, {"Plan": {"Node Type": "Aggregate", "Strategy": "Plain", "Partial Mode": "Simple", "Parallel Aware": false, "Async Capable": false, "Startup Cost": 3593.7, "Total Cost": 3593.71, "Plan Rows": 1, "Plan Width": 8, "Actual Rows": 1, "Actual Loops": 1, "Plans": [{"Node Type": "Nested Loop", "Parent Relationship": "Outer", "Parallel Aware": false, "Async Capable": false, "Join Type": "Inner", "Startup Cost": 1.55, "Total Cost": 3593.7, "Plan Rows": 1, "Plan Width": 0, "Actual Rows": 135, "Actual Loops": 1, "Inner Unique": false, "Join Filter": "(p.owneruserid = u.id)", "Rows Removed by Join Filter": 202947, "Plans": [{"Node Type": "Seq Scan", "Parent Relationship": "Outer", "Parallel Aware": false, "Async Capable": false, "Relation Name": "users", "Alias": "u", "Startup Cost": 0.0, "Total Cost": 901.88, "Plan Rows": 65, "Plan Width": 4, "Actual Rows": 187, "Actual Loops": 1, "Filter": "((upvotes >= 148) AND (creationdate <= '2012-09-08 11:35:08'::timestamp without time zone))", "Rows Removed by Filter": 40138}, {"Node Type": "Materialize", "Parent Relationship": "Inner", "Parallel Aware": false, "Async Capable": false, "Startup Cost": 1.55, "Total Cost": 2689.88, "Plan Rows": 2, "Plan Width": 4, "Actual Rows": 1086, "Actual Loops": 187, "Plans": [{"Node Type": "Nested Loop", "Parent Relationship": "Outer", "Parallel Aware": false, "Async Capable": false, "Join Type": "Inner", "Startup Cost": 1.55, "Total Cost": 2689.87, "Plan Rows": 2, "Plan Width": 4, "Actual Rows": 1086, "Actual Loops": 1, "Inner Unique": false, "Join Filter": "(p.id = v.postid)", "Rows Removed by Join Filter": 0, "Plans": [{"Node Type": "Nested Loop", "Parent Relationship": "Outer", "Parallel Aware": false, "Async Capable": false, "Join Type": "Inner", "Startup Cost": 1.13, "Total Cost": 2689.25, "Plan Rows": 1, "Plan Width": 20, "Actual Rows": 10, "Actual Loops": 1, "Inner Unique": false, "Join Filter": "(p.id = ph.postid)", "Rows Removed by Join Filter": 0, "Plans": [{"Node Type": "Nested Loop", "Parent Relationship": "Outer", "Parallel Aware": false, "Async Capable": false, "Join Type": "Inner", "Startup Cost": 0.71, "Total Cost": 2688.67, "Plan Rows": 1, "Plan Width": 16, "Actual Rows": 10, "Actual Loops": 1, "Inner Unique": false, "Join Filter": "(p.id = pl.postid)", "Rows Removed by Join Filter": 0, "Plans": [{"Node Type": "Nested Loop", "Parent Relationship": "Outer", "Parallel Aware": false, "Async Capable": false, "Join Type": "Inner", "Startup Cost": 0.42, "Total Cost": 2688.02, "Plan Rows": 2, "Plan Width": 12, "Actual Rows": 17, "Actual Loops": 1, "Inner Unique": false, "Plans": [{"Node Type": "Seq Scan", "Parent Relationship": "Outer", "Parallel Aware": false, "Async Capable": false, "Relation Name": "posts", "Alias": "p", "Startup Cost": 0.0, "Total Cost": 2679.52, "Plan Rows": 1, "Plan Width": 8, "Actual Rows": 4, "Actual Loops": 1, "Filter": "((answercount >= 37) AND (creationdate >= '2009-06-08 11:26:25'::timestamp without time zone) AND (creationdate <= '2012-02-12 23:25:41'::timestamp without time zone) AND (posttypeid = 1))", "Rows Removed by Filter": 91972}, {"Node Type": "Index Only Scan", "Parent Relationship": "Inner", "Parallel Aware": false, "Async Capable": false, "Scan Direction": "Forward", "Index Name": "idx_comments_postid", "Relation Name": "comments", "Alias": "c", "Startup Cost": 0.42, "Total Cost": 8.47, "Plan Rows": 3, "Plan Width": 4, "Actual Rows": 4, "Actual Loops": 4, "Index Cond": "(postid = p.id)", "Rows Removed by Index Recheck": 0, "Heap Fetches": 0}]}, {"Node Type": "Index Scan", "Parent Relationship": "Inner", "Parallel Aware": false, "Async Capable": false, "Scan Direction": "Forward", "Index Name": "idx_postlinks_postid", "Relation Name": "postlinks", "Alias": "pl", "Startup Cost": 0.29, "Total Cost": 0.31, "Plan Rows": 1, "Plan Width": 4, "Actual Rows": 1, "Actual Loops": 17, "Index Cond": "(postid = c.postid)", "Rows Removed by Index Recheck": 0, "Filter": "((creationdate >= '2012-04-05 02:11:31'::timestamp without time zone) AND (creationdate <= '2013-09-07 11:47:32'::timestamp without time zone))", "Rows Removed by Filter": 1}]}, {"Node Type": "Index Scan", "Parent Relationship": "Inner", "Parallel Aware": false, "Async Capable": false, "Scan Direction": "Forward", "Index Name": "idx_posthistory_postid", "Relation Name": "posthistory", "Alias": "ph", "Startup Cost": 0.42, "Total Cost": 0.57, "Plan Rows": 1, "Plan Width": 4, "Actual Rows": 1, "Actual Loops": 10, "Index Cond": "(postid = c.postid)", "Rows Removed by Index Recheck": 0, "Filter": "(posthistorytypeid = 16)", "Rows Removed by Filter": 7}]}, {"Node Type": "Index Scan", "Parent Relationship": "Inner", "Parallel Aware": false, "Async Capable": false, "Scan Direction": "Forward", "Index Name": "idx_votes_postid", "Relation Name": "votes", "Alias": "v", "Startup Cost": 0.42, "Total Cost": 0.58, "Plan Rows": 3, "Plan Width": 4, "Actual Rows": 109, "Actual Loops": 10, "Index Cond": "(postid = c.postid)", "Rows Removed by Index Recheck": 0, "Filter": "(creationdate >= '2012-06-17 02:39:56'::timestamp without time zone)", "Rows Removed by Filter": 97}]}]}]}]}, "Planning Time": 5.255, "Triggers": [], "Execution Time": 31.28}, {"Plan": {"Node Type": "Aggregate", "Strategy": "Plain", "Partial Mode": "Simple", "Parallel Aware": false, "Async Capable": false, "Startup Cost": 13720.56, "Total Cost": 13720.57, "Plan Rows": 1, "Plan Width": 8, "Actual Rows": 1, "Actual Loops": 1, "Plans": [{"Node Type": "Gather", "Parent Relationship": "Outer", "Parallel Aware": false, "Async Capable": false, "Startup Cost": 6496.59, "Total Cost": 13720.56, "Plan Rows": 1, "Plan Width": 0, "Actual Rows": 135, "Actual Loops": 1, "Workers Planned": 1, "Workers Launched": 1, "Single Copy": false, "Plans": [{"Node Type": "Hash Join", "Parent Relationship": "Outer", "Parallel Aware": false, "Async Capable": false, "Join Type": "Inner", "Startup Cost": 5496.59, "Total Cost": 12720.46, "Plan Rows": 1, "Plan Width": 0, "Actual Rows": 68, "Actual Loops": 2, "Inner Unique": false, "Hash Cond": "(v.postid = p.id)", "Workers": [], "Plans": [{"Node Type": "Hash Join", "Parent Relationship": "Outer", "Parallel Aware": false, "Async Capable": false, "Join Type": "Inner", "Startup Cost": 3749.05, "Total Cost": 10862.44, "Plan Rows": 29456, "Plan Width": 12, "Actual Rows": 46424, "Actual Loops": 2, "Inner Unique": false, "Hash Cond": "(v.postid = c.postid)", "Workers": [], "Plans": [{"Node Type": "Seq Scan", "Parent Relationship": "Outer", "Parallel Aware": true, "Async Capable": false, "Relation Name": "votes", "Alias": "v", "Startup Cost": 0.0, "Total Cost": 4572.24, "Plan Rows": 128377, "Plan Width": 4, "Actual Rows": 109032, "Actual Loops": 2, "Filter": "(creationdate >= '2012-06-17 02:39:56'::timestamp without time zone)", "Rows Removed by Filter": 55000, "Workers": []}, {"Node Type": "Hash", "Parent Relationship": "Inner", "Parallel Aware": false, "Async Capable": false, "Startup Cost": 3570.24, "Total Cost": 3570.24, "Plan Rows": 14305, "Plan Width": 8, "Actual Rows": 14244, "Actual Loops": 2, "Hash Buckets": 16384, "Original Hash Buckets": 16384, "Hash Batches": 1, "Original Hash Batches": 1, "Peak Memory Usage": 685, "Workers": [], "Plans": [{"Node Type": "Nested Loop", "Parent Relationship": "Outer", "Parallel Aware": false, "Async Capable": false, "Join Type": "Inner", "Startup Cost": 0.43, "Total Cost": 3570.24, "Plan Rows": 14305, "Plan Width": 8, "Actual Rows": 14244, "Actual Loops": 2, "Inner Unique": false, "Workers": [], "Plans": [{"Node Type": "Seq Scan", "Parent Relationship": "Outer", "Parallel Aware": false, "Async Capable": false, "Relation Name": "postlinks", "Alias": "pl", "Startup Cost": 0.0, "Total Cost": 248.53, "Plan Rows": 4205, "Plan Width": 4, "Actual Rows": 4203, "Actual Loops": 2, "Filter": "((creationdate >= '2012-04-05 02:11:31'::timestamp without time zone) AND (creationdate <= '2013-09-07 11:47:32'::timestamp without time zone))", "Rows Removed by Filter": 6899, "Workers": []}, {"Node Type": "Memoize", "Parent Relationship": "Inner", "Parallel Aware": false, "Async Capable": false, "Startup Cost": 0.43, "Total Cost": 0.83, "Plan Rows": 3, "Plan Width": 4, "Actual Rows": 3, "Actual Loops": 8406, "Cache Key": "pl.postid", "Cache Mode": "logical", "Cache Hits": 1276, "Cache Misses": 2927, "Cache Evictions": 0, "Cache Overflows": 0, "Peak Memory Usage": 523, "Workers": [{"Worker Number": 0, "Cache Hits": 1276, "Cache Misses": 2927, "Cache Evictions": 0, "Cache Overflows": 0, "Peak Memory Usage": 523}], "Plans": [{"Node Type": "Index Only Scan", "Parent Relationship": "Outer", "Parallel Aware": false, "Async Capable": false, "Scan Direction": "Forward", "Index Name": "idx_comments_postid", "Relation Name": "comments", "Alias": "c", "Startup Cost": 0.42, "Total Cost": 0.82, "Plan Rows": 3, "Plan Width": 4, "Actual Rows": 3, "Actual Loops": 5854, "Index Cond": "(postid = pl.postid)", "Rows Removed by Index Recheck": 0, "Heap Fetches": 0, "Workers": []}]}]}]}]}, {"Node Type": "Hash", "Parent Relationship": "Inner", "Parallel Aware": false, "Async Capable": false, "Startup Cost": 1747.53, "Total Cost": 1747.53, "Plan Rows": 1, "Plan Width": 8, "Actual Rows": 2, "Actual Loops": 2, "Hash Buckets": 1024, "Original Hash Buckets": 1024, "Hash Batches": 1, "Original Hash Batches": 1, "Peak Memory Usage": 9, "Workers": [], "Plans": [{"Node Type": "Nested Loop", "Parent Relationship": "Outer", "Parallel Aware": false, "Async Capable": false, "Join Type": "Inner", "Startup Cost": 0.71, "Total Cost": 1747.53, "Plan Rows": 1, "Plan Width": 8, "Actual Rows": 2, "Actual Loops": 2, "Inner Unique": false, "Workers": [], "Plans": [{"Node Type": "Nested Loop", "Parent Relationship": "Outer", "Parallel Aware": false, "Async Capable": false, "Join Type": "Inner", "Startup Cost": 0.29, "Total Cost": 1738.58, "Plan Rows": 1, "Plan Width": 4, "Actual Rows": 2, "Actual Loops": 2, "Inner Unique": false, "Workers": [], "Plans": [{"Node Type": "Seq Scan", "Parent Relationship": "Outer", "Parallel Aware": false, "Async Capable": false, "Relation Name": "users", "Alias": "u", "Startup Cost": 0.0, "Total Cost": 901.88, "Plan Rows": 65, "Plan Width": 4, "Actual Rows": 187, "Actual Loops": 2, "Filter": "((upvotes >= 148) AND (creationdate <= '2012-09-08 11:35:08'::timestamp without time zone))", "Rows Removed by Filter": 40138, "Workers": []}, {"Node Type": "Index Scan", "Parent Relationship": "Inner", "Parallel Aware": false, "Async Capable": false, "Scan Direction": "Forward", "Index Name": "idx_posts_owneruserid", "Relation Name": "posts", "Alias": "p", "Startup Cost": 0.29, "Total Cost": 12.86, "Plan Rows": 1, "Plan Width": 8, "Actual Rows": 0, "Actual Loops": 374, "Index Cond": "(owneruserid = u.id)", "Rows Removed by Index Recheck": 0, "Filter": "((answercount >= 37) AND (creationdate >= '2009-06-08 11:26:25'::timestamp without time zone) AND (creationdate <= '2012-02-12 23:25:41'::timestamp without time zone) AND (posttypeid = 1))", "Rows Removed by Filter": 136, "Workers": []}]}, {"Node Type": "Index Scan", "Parent Relationship": "Inner", "Parallel Aware": false, "Async Capable": false, "Scan Direction": "Forward", "Index Name": "idx_posthistory_postid", "Relation Name": "posthistory", "Alias": "ph", "Startup Cost": 0.42, "Total Cost": 8.94, "Plan Rows": 1, "Plan Width": 4, "Actual Rows": 1, "Actual Loops": 4, "Index Cond": "(postid = p.id)", "Rows Removed by Index Recheck": 0, "Filter": "(posthistorytypeid = 16)", "Rows Removed by Filter": 10, "Workers": []}]}]}]}]}]}, "Planning Time": 12.434, "Triggers": [], "Execution Time": 104.274}, {"Plan": {"Node Type": "Aggregate", "Strategy": "Plain", "Partial Mode": "Simple", "Parallel Aware": false, "Async Capable": false, "Startup Cost": 8738.34, "Total Cost": 8738.35, "Plan Rows": 1, "Plan Width": 8, "Actual Rows": 1, "Actual Loops": 1, "Plans": [{"Node Type": "Gather", "Parent Relationship": "Outer", "Parallel Aware": false, "Async Capable": false, "Startup Cost": 2750.4, "Total Cost": 8738.33, "Plan Rows": 1, "Plan Width": 0, "Actual Rows": 135, "Actual Loops": 1, "Workers Planned": 1, "Workers Launched": 1, "Single Copy": false, "Plans": [{"Node Type": "Hash Join", "Parent Relationship": "Outer", "Parallel Aware": false, "Async Capable": false, "Join Type": "Inner", "Startup Cost": 1750.4, "Total Cost": 7738.23, "Plan Rows": 1, "Plan Width": 0, "Actual Rows": 68, "Actual Loops": 2, "Inner Unique": false, "Hash Cond": "(c.postid = p.id)", "Workers": [], "Plans": [{"Node Type": "Nested Loop", "Parent Relationship": "Outer", "Parallel Aware": false, "Async Capable": false, "Join Type": "Inner", "Startup Cost": 0.42, "Total Cost": 5977.26, "Plan Rows": 2931, "Plan Width": 8, "Actual Rows": 1687, "Actual Loops": 2, "Inner Unique": false, "Workers": [], "Plans": [{"Node Type": "Seq Scan", "Parent Relationship": "Outer", "Parallel Aware": true, "Async Capable": false, "Relation Name": "posthistory", "Alias": "ph", "Startup Cost": 0.0, "Total Cost": 4469.32, "Plan Rows": 1328, "Plan Width": 4, "Actual Rows": 1096, "Actual Loops": 2, "Filter": "(posthistorytypeid = 16)", "Rows Removed by Filter": 150497, "Workers": []}, {"Node Type": "Index Only Scan", "Parent Relationship": "Inner", "Parallel Aware": false, "Async Capable": false, "Scan Direction": "Forward", "Index Name": "idx_comments_postid", "Relation Name": "comments", "Alias": "c", "Startup Cost": 0.42, "Total Cost": 1.11, "Plan Rows": 3, "Plan Width": 4, "Actual Rows": 2, "Actual Loops": 2193, "Index Cond": "(postid = ph.postid)", "Rows Removed by Index Recheck": 0, "Heap Fetches": 0, "Workers": []}]}, {"Node Type": "Hash", "Parent Relationship": "Inner", "Parallel Aware": false, "Async Capable": false, "Startup Cost": 1749.96, "Total Cost": 1749.96, "Plan Rows": 1, "Plan Width": 12, "Actual Rows": 135, "Actual Loops": 2, "Hash Buckets": 1024, "Original Hash Buckets": 1024, "Hash Batches": 1, "Original Hash Batches": 1, "Peak Memory Usage": 14, "Workers": [], "Plans": [{"Node Type": "Nested Loop", "Parent Relationship": "Outer", "Parallel Aware": false, "Async Capable": false, "Join Type": "Inner", "Startup Cost": 1.0, "Total Cost": 1749.96, "Plan Rows": 1, "Plan Width": 12, "Actual Rows": 135, "Actual Loops": 2, "Inner Unique": false, "Join Filter": "(p.id = v.postid)", "Rows Removed by Join Filter": 0, "Workers": [], "Plans": [{"Node Type": "Nested Loop", "Parent Relationship": "Outer", "Parallel Aware": false, "Async Capable": false, "Join Type": "Inner", "Startup Cost": 0.58, "Total Cost": 1746.9, "Plan Rows": 1, "Plan Width": 8, "Actual Rows": 1, "Actual Loops": 2, "Inner Unique": false, "Workers": [], "Plans": [{"Node Type": "Nested Loop", "Parent Relationship": "Outer", "Parallel Aware": false, "Async Capable": false, "Join Type": "Inner", "Startup Cost": 0.29, "Total Cost": 1738.58, "Plan Rows": 1, "Plan Width": 4, "Actual Rows": 2, "Actual Loops": 2, "Inner Unique": false, "Workers": [], "Plans": [{"Node Type": "Seq Scan", "Parent Relationship": "Outer", "Parallel Aware": false, "Async Capable": false, "Relation Name": "users", "Alias": "u", "Startup Cost": 0.0, "Total Cost": 901.88, "Plan Rows": 65, "Plan Width": 4, "Actual Rows": 187, "Actual Loops": 2, "Filter": "((upvotes >= 148) AND (creationdate <= '2012-09-08 11:35:08'::timestamp without time zone))", "Rows Removed by Filter": 40138, "Workers": []}, {"Node Type": "Index Scan", "Parent Relationship": "Inner", "Parallel Aware": false, "Async Capable": false, "Scan Direction": "Forward", "Index Name": "idx_posts_owneruserid", "Relation Name": "posts", "Alias": "p", "Startup Cost": 0.29, "Total Cost": 12.86, "Plan Rows": 1, "Plan Width": 8, "Actual Rows": 0, "Actual Loops": 374, "Index Cond": "(owneruserid = u.id)", "Rows Removed by Index Recheck": 0, "Filter": "((answercount >= 37) AND (creationdate >= '2009-06-08 11:26:25'::timestamp without time zone) AND (creationdate <= '2012-02-12 23:25:41'::timestamp without time zone) AND (posttypeid = 1))", "Rows Removed by Filter": 136, "Workers": []}]}, {"Node Type": "Index Scan", "Parent Relationship": "Inner", "Parallel Aware": false, "Async Capable": false, "Scan Direction": "Forward", "Index Name": "idx_postlinks_postid", "Relation Name": "postlinks", "Alias": "pl", "Startup Cost": 0.29, "Total Cost": 8.31, "Plan Rows": 1, "Plan Width": 4, "Actual Rows": 0, "Actual Loops": 4, "Index Cond": "(postid = p.id)", "Rows Removed by Index Recheck": 0, "Filter": "((creationdate >= '2012-04-05 02:11:31'::timestamp without time zone) AND (creationdate <= '2013-09-07 11:47:32'::timestamp without time zone))", "Rows Removed by Filter": 1, "Workers": []}]}, {"Node Type": "Index Scan", "Parent Relationship": "Inner", "Parallel Aware": false, "Async Capable": false, "Scan Direction": "Forward", "Index Name": "idx_votes_postid", "Relation Name": "votes", "Alias": "v", "Startup Cost": 0.42, "Total Cost": 3.03, "Plan Rows": 3, "Plan Width": 4, "Actual Rows": 135, "Actual Loops": 2, "Index Cond": "(postid = pl.postid)", "Rows Removed by Index Recheck": 0, "Filter": "(creationdate >= '2012-06-17 02:39:56'::timestamp without time zone)", "Rows Removed by Filter": 119, "Workers": []}]}]}]}]}]}, "Planning Time": 7.99, "Triggers": [], "Execution Time": 72.028}, {"Plan": {"Node Type": "Aggregate", "Strategy": "Plain", "Partial Mode": "Simple", "Parallel Aware": false, "Async Capable": false, "Startup Cost": 31070.6, "Total Cost": 31070.61, "Plan Rows": 1, "Plan Width": 8, "Actual Rows": 1, "Actual Loops": 1, "Plans": [{"Node Type": "Merge Join", "Parent Relationship": "Outer", "Parallel Aware": false, "Async Capable": false, "Join Type": "Inner", "Startup Cost": 1748.9, "Total Cost": 31070.6, "Plan Rows": 1, "Plan Width": 0, "Actual Rows": 135, "Actual Loops": 1, "Inner Unique": false, "Merge Cond": "(p.id = v.postid)", "Plans": [{"Node Type": "Sort", "Parent Relationship": "Outer", "Parallel Aware": false, "Async Capable": false, "Startup Cost": 1748.06, "Total Cost": 1748.06, "Plan Rows": 1, "Plan Width": 12, "Actual Rows": 1, "Actual Loops": 1, "Sort Key": ["p.id"], "Sort Method": "quicksort", "Sort Space Used": 25, "Sort Space Type": "Memory", "Plans": [{"Node Type": "Nested Loop", "Parent Relationship": "Outer", "Parallel Aware": false, "Async Capable": false, "Join Type": "Inner", "Startup Cost": 1.0, "Total Cost": 1748.05, "Plan Rows": 1, "Plan Width": 12, "Actual Rows": 1, "Actual Loops": 1, "Inner Unique": false, "Join Filter": "(p.id = pl.postid)", "Rows Removed by Join Filter": 0, "Plans": [{"Node Type": "Nested Loop", "Parent Relationship": "Outer", "Parallel Aware": false, "Async Capable": false, "Join Type": "Inner", "Startup Cost": 0.71, "Total Cost": 1747.53, "Plan Rows": 1, "Plan Width": 8, "Actual Rows": 2, "Actual Loops": 1, "Inner Unique": false, "Plans": [{"Node Type": "Nested Loop", "Parent Relationship": "Outer", "Parallel Aware": false, "Async Capable": false, "Join Type": "Inner", "Startup Cost": 0.29, "Total Cost": 1738.58, "Plan Rows": 1, "Plan Width": 4, "Actual Rows": 2, "Actual Loops": 1, "Inner Unique": false, "Plans": [{"Node Type": "Seq Scan", "Parent Relationship": "Outer", "Parallel Aware": false, "Async Capable": false, "Relation Name": "users", "Alias": "u", "Startup Cost": 0.0, "Total Cost": 901.88, "Plan Rows": 65, "Plan Width": 4, "Actual Rows": 187, "Actual Loops": 1, "Filter": "((upvotes >= 148) AND (creationdate <= '2012-09-08 11:35:08'::timestamp without time zone))", "Rows Removed by Filter": 40138}, {"Node Type": "Index Scan", "Parent Relationship": "Inner", "Parallel Aware": false, "Async Capable": false, "Scan Direction": "Forward", "Index Name": "idx_posts_owneruserid", "Relation Name": "posts", "Alias": "p", "Startup Cost": 0.29, "Total Cost": 12.86, "Plan Rows": 1, "Plan Width": 8, "Actual Rows": 0, "Actual Loops": 187, "Index Cond": "(owneruserid = u.id)", "Rows Removed by Index Recheck": 0, "Filter": "((answercount >= 37) AND (creationdate >= '2009-06-08 11:26:25'::timestamp without time zone) AND (creationdate <= '2012-02-12 23:25:41'::timestamp without time zone) AND (posttypeid = 1))", "Rows Removed by Filter": 136}]}, {"Node Type": "Index Scan", "Parent Relationship": "Inner", "Parallel Aware": false, "Async Capable": false, "Scan Direction": "Forward", "Index Name": "idx_posthistory_postid", "Relation Name": "posthistory", "Alias": "ph", "Startup Cost": 0.42, "Total Cost": 8.94, "Plan Rows": 1, "Plan Width": 4, "Actual Rows": 1, "Actual Loops": 2, "Index Cond": "(postid = p.id)", "Rows Removed by Index Recheck": 0, "Filter": "(posthistorytypeid = 16)", "Rows Removed by Filter": 10}]}, {"Node Type": "Index Scan", "Parent Relationship": "Inner", "Parallel Aware": false, "Async Capable": false, "Scan Direction": "Forward", "Index Name": "idx_postlinks_postid", "Relation Name": "postlinks", "Alias": "pl", "Startup Cost": 0.29, "Total Cost": 0.5, "Plan Rows": 1, "Plan Width": 4, "Actual Rows": 0, "Actual Loops": 2, "Index Cond": "(postid = ph.postid)", "Rows Removed by Index Recheck": 0, "Filter": "((creationdate >= '2012-04-05 02:11:31'::timestamp without time zone) AND (creationdate <= '2013-09-07 11:47:32'::timestamp without time zone))", "Rows Removed by Filter": 1}]}]}, {"Node Type": "Materialize", "Parent Relationship": "Inner", "Parallel Aware": false, "Async Capable": false, "Startup Cost": 0.84, "Total Cost": 27797.06, "Plan Rows": 610159, "Plan Width": 8, "Actual Rows": 11555, "Actual Loops": 1, "Plans": [{"Node Type": "Merge Join", "Parent Relationship": "Outer", "Parallel Aware": false, "Async Capable": false, "Join Type": "Inner", "Startup Cost": 0.84, "Total Cost": 26271.67, "Plan Rows": 610159, "Plan Width": 8, "Actual Rows": 11555, "Actual Loops": 1, "Inner Unique": false, "Merge Cond": "(c.postid = v.postid)", "Plans": [{"Node Type": "Index Only Scan", "Parent Relationship": "Outer", "Parallel Aware": false, "Async Capable": false, "Scan Direction": "Forward", "Index Name": "idx_comments_postid", "Relation Name": "comments", "Alias": "c", "Startup Cost": 0.42, "Total Cost": 3889.15, "Plan Rows": 174305, "Plan Width": 4, "Actual Rows": 1046, "Actual Loops": 1, "Heap Fetches": 0}, {"Node Type": "Materialize", "Parent Relationship": "Inner", "Parallel Aware": false, "Async Capable": false, "Startup Cost": 0.42, "Total Cost": 13340.02, "Plan Rows": 218241, "Plan Width": 4, "Actual Rows": 12355, "Actual Loops": 1, "Plans": [{"Node Type": "Index Scan", "Parent Relationship": "Outer", "Parallel Aware": false, "Async Capable": false, "Scan Direction": "Forward", "Index Name": "idx_votes_postid", "Relation Name": "votes", "Alias": "v", "Startup Cost": 0.42, "Total Cost": 12794.42, "Plan Rows": 218241, "Plan Width": 4, "Actual Rows": 4064, "Actual Loops": 1, "Filter": "(creationdate >= '2012-06-17 02:39:56'::timestamp without time zone)", "Rows Removed by Filter": 7028}]}]}]}]}]}, "Planning Time": 5.762, "Triggers": [], "Execution Time": 23.906}, {"Plan": {"Node Type": "Aggregate", "Strategy": "Plain", "Partial Mode": "Simple", "Parallel Aware": false, "Async Capable": false, "Startup Cost": 11887.72, "Total Cost": 11887.73, "Plan Rows": 1, "Plan Width": 8, "Actual Rows": 1, "Actual Loops": 1, "Plans": [{"Node Type": "Nested Loop", "Parent Relationship": "Outer", "Parallel Aware": false, "Async Capable": false, "Join Type": "Inner", "Startup Cost": 1302.23, "Total Cost": 11887.72, "Plan Rows": 1, "Plan Width": 0, "Actual Rows": 135, "Actual Loops": 1, "Inner Unique": false, "Join Filter": "(p.id = v.postid)", "Rows Removed by Join Filter": 180273, "Plans": [{"Node Type": "Nested Loop", "Parent Relationship": "Outer", "Parallel Aware": false, "Async Capable": false, "Join Type": "Inner", "Startup Cost": 1.13, "Total Cost": 1747.66, "Plan Rows": 1, "Plan Width": 12, "Actual Rows": 8, "Actual Loops": 1, "Inner Unique": false, "Join Filter": "(p.id = ph.postid)", "Rows Removed by Join Filter": 0, "Plans": [{"Node Type": "Nested Loop", "Parent Relationship": "Outer", "Parallel Aware": false, "Async Capable": false, "Join Type": "Inner", "Startup Cost": 0.71, "Total Cost": 1747.08, "Plan Rows": 1, "Plan Width": 8, "Actual Rows": 8, "Actual Loops": 1, "Inner Unique": false, "Plans": [{"Node Type": "Nested Loop", "Parent Relationship": "Outer", "Parallel Aware": false, "Async Capable": false, "Join Type": "Inner", "Startup Cost": 0.29, "Total Cost": 1738.58, "Plan Rows": 1, "Plan Width": 4, "Actual Rows": 2, "Actual Loops": 1, "Inner Unique": false, "Plans": [{"Node Type": "Seq Scan", "Parent Relationship": "Outer", "Parallel Aware": false, "Async Capable": false, "Relation Name": "users", "Alias": "u", "Startup Cost": 0.0, "Total Cost": 901.88, "Plan Rows": 65, "Plan Width": 4, "Actual Rows": 187, "Actual Loops": 1, "Filter": "((upvotes >= 148) AND (creationdate <= '2012-09-08 11:35:08'::timestamp without time zone))", "Rows Removed by Filter": 40138}, {"Node Type": "Index Scan", "Parent Relationship": "Inner", "Parallel Aware": false, "Async Capable": false, "Scan Direction": "Forward", "Index Name": "idx_posts_owneruserid", "Relation Name": "posts", "Alias": "p", "Startup Cost": 0.29, "Total Cost": 12.86, "Plan Rows": 1, "Plan Width": 8, "Actual Rows": 0, "Actual Loops": 187, "Index Cond": "(owneruserid = u.id)", "Rows Removed by Index Recheck": 0, "Filter": "((answercount >= 37) AND (creationdate >= '2009-06-08 11:26:25'::timestamp without time zone) AND (creationdate <= '2012-02-12 23:25:41'::timestamp without time zone) AND (posttypeid = 1))", "Rows Removed by Filter": 136}]}, {"Node Type": "Index Only Scan", "Parent Relationship": "Inner", "Parallel Aware": false, "Async Capable": false, "Scan Direction": "Forward", "Index Name": "idx_comments_postid", "Relation Name": "comments", "Alias": "c", "Startup Cost": 0.42, "Total Cost": 8.47, "Plan Rows": 3, "Plan Width": 4, "Actual Rows": 4, "Actual Loops": 2, "Index Cond": "(postid = p.id)", "Rows Removed by Index Recheck": 0, "Heap Fetches": 0}]}, {"Node Type": "Index Scan", "Parent Relationship": "Inner", "Parallel Aware": false, "Async Capable": false, "Scan Direction": "Forward", "Index Name": "idx_posthistory_postid", "Relation Name": "posthistory", "Alias": "ph", "Startup Cost": 0.42, "Total Cost": 0.57, "Plan Rows": 1, "Plan Width": 4, "Actual Rows": 1, "Actual Loops": 8, "Index Cond": "(postid = c.postid)", "Rows Removed by Index Recheck": 0, "Filter": "(posthistorytypeid = 16)", "Rows Removed by Filter": 5}]}, {"Node Type": "Gather", "Parent Relationship": "Inner", "Parallel Aware": false, "Async Capable": false, "Startup Cost": 1301.09, "Total Cost": 9943.7, "Plan Rows": 15709, "Plan Width": 8, "Actual Rows": 22551, "Actual Loops": 8, "Workers Planned": 1, "Workers Launched": 1, "Single Copy": false, "Plans": [{"Node Type": "Hash Join", "Parent Relationship": "Outer", "Parallel Aware": false, "Async Capable": false, "Join Type": "Inner", "Startup Cost": 301.09, "Total Cost": 7372.8, "Plan Rows": 9241, "Plan Width": 8, "Actual Rows": 11276, "Actual Loops": 16, "Inner Unique": false, "Hash Cond": "(v.postid = pl.postid)", "Workers": [], "Plans": [{"Node Type": "Seq Scan", "Parent Relationship": "Outer", "Parallel Aware": true, "Async Capable": false, "Relation Name": "votes", "Alias": "v", "Startup Cost": 0.0, "Total Cost": 4572.24, "Plan Rows": 128377, "Plan Width": 4, "Actual Rows": 109032, "Actual Loops": 16, "Filter": "(creationdate >= '2012-06-17 02:39:56'::timestamp without time zone)", "Rows Removed by Filter": 55000, "Workers": []}, {"Node Type": "Hash", "Parent Relationship": "Inner", "Parallel Aware": false, "Async Capable": false, "Startup Cost": 248.53, "Total Cost": 248.53, "Plan Rows": 4205, "Plan Width": 4, "Actual Rows": 4203, "Actual Loops": 9, "Hash Buckets": 8192, "Original Hash Buckets": 8192, "Hash Batches": 1, "Original Hash Batches": 1, "Peak Memory Usage": 212, "Workers": [], "Plans": [{"Node Type": "Seq Scan", "Parent Relationship": "Outer", "Parallel Aware": false, "Async Capable": false, "Relation Name": "postlinks", "Alias": "pl", "Startup Cost": 0.0, "Total Cost": 248.53, "Plan Rows": 4205, "Plan Width": 4, "Actual Rows": 4203, "Actual Loops": 9, "Filter": "((creationdate >= '2012-04-05 02:11:31'::timestamp without time zone) AND (creationdate <= '2013-09-07 11:47:32'::timestamp without time zone))", "Rows Removed by Filter": 6899, "Workers": []}]}]}]}]}]}, "Planning Time": 7.182, "Triggers": [], "Execution Time": 394.243}, {"Plan": {"Node Type": "Aggregate", "Strategy": "Plain", "Partial Mode": "Finalize", "Parallel Aware": false, "Async Capable": false, "Startup Cost": 7761.44, "Total Cost": 7761.45, "Plan Rows": 1, "Plan Width": 8, "Actual Rows": 1, "Actual Loops": 1, "Plans": [{"Node Type": "Gather", "Parent Relationship": "Outer", "Parallel Aware": false, "Async Capable": false, "Startup Cost": 7761.32, "Total Cost": 7761.43, "Plan Rows": 1, "Plan Width": 8, "Actual Rows": 2, "Actual Loops": 1, "Workers Planned": 1, "Workers Launched": 1, "Single Copy": false, "Plans": [{"Node Type": "Aggregate", "Strategy": "Plain", "Partial Mode": "Partial", "Parent Relationship": "Outer", "Parallel Aware": false, "Async Capable": false, "Startup Cost": 6761.32, "Total Cost": 6761.33, "Plan Rows": 1, "Plan Width": 8, "Actual Rows": 1, "Actual Loops": 2, "Workers": [], "Plans": [{"Node Type": "Hash Join", "Parent Relationship": "Outer", "Parallel Aware": false, "Async Capable": false, "Join Type": "Inner", "Startup Cost": 2048.61, "Total Cost": 6761.32, "Plan Rows": 1, "Plan Width": 0, "Actual Rows": 68, "Actual Loops": 2, "Inner Unique": false, "Hash Cond": "(v.postid = p.id)", "Workers": [], "Plans": [{"Node Type": "Nested Loop", "Parent Relationship": "Outer", "Parallel Aware": false, "Async Capable": false, "Join Type": "Inner", "Startup Cost": 301.51, "Total Cost": 5013.22, "Plan Rows": 266, "Plan Width": 12, "Actual Rows": 774, "Actual Loops": 2, "Inner Unique": false, "Workers": [], "Plans": [{"Node Type": "Hash Join", "Parent Relationship": "Outer", "Parallel Aware": false, "Async Capable": false, "Join Type": "Inner", "Startup Cost": 301.09, "Total Cost": 4796.02, "Plan Rows": 71, "Plan Width": 8, "Actual Rows": 36, "Actual Loops": 2, "Inner Unique": false, "Hash Cond": "(ph.postid = pl.postid)", "Workers": [], "Plans": [{"Node Type": "Seq Scan", "Parent Relationship": "Outer", "Parallel Aware": true, "Async Capable": false, "Relation Name": "posthistory", "Alias": "ph", "Startup Cost": 0.0, "Total Cost": 4469.32, "Plan Rows": 1328, "Plan Width": 4, "Actual Rows": 1096, "Actual Loops": 2, "Filter": "(posthistorytypeid = 16)", "Rows Removed by Filter": 150497, "Workers": []}, {"Node Type": "Hash", "Parent Relationship": "Inner", "Parallel Aware": false, "Async Capable": false, "Startup Cost": 248.53, "Total Cost": 248.53, "Plan Rows": 4205, "Plan Width": 4, "Actual Rows": 4203, "Actual Loops": 2, "Hash Buckets": 8192, "Original Hash Buckets": 8192, "Hash Batches": 1, "Original Hash Batches": 1, "Peak Memory Usage": 212, "Workers": [], "Plans": [{"Node Type": "Seq Scan", "Parent Relationship": "Outer", "Parallel Aware": false, "Async Capable": false, "Relation Name": "postlinks", "Alias": "pl", "Startup Cost": 0.0, "Total Cost": 248.53, "Plan Rows": 4205, "Plan Width": 4, "Actual Rows": 4203, "Actual Loops": 2, "Filter": "((creationdate >= '2012-04-05 02:11:31'::timestamp without time zone) AND (creationdate <= '2013-09-07 11:47:32'::timestamp without time zone))", "Rows Removed by Filter": 6899, "Workers": []}]}]}, {"Node Type": "Index Scan", "Parent Relationship": "Inner", "Parallel Aware": false, "Async Capable": false, "Scan Direction": "Forward", "Index Name": "idx_votes_postid", "Relation Name": "votes", "Alias": "v", "Startup Cost": 0.42, "Total Cost": 3.03, "Plan Rows": 3, "Plan Width": 4, "Actual Rows": 21, "Actual Loops": 73, "Index Cond": "(postid = pl.postid)", "Rows Removed by Index Recheck": 0, "Filter": "(creationdate >= '2012-06-17 02:39:56'::timestamp without time zone)", "Rows Removed by Filter": 15, "Workers": []}]}, {"Node Type": "Hash", "Parent Relationship": "Inner", "Parallel Aware": false, "Async Capable": false, "Startup Cost": 1747.08, "Total Cost": 1747.08, "Plan Rows": 1, "Plan Width": 8, "Actual Rows": 8, "Actual Loops": 2, "Hash Buckets": 1024, "Original Hash Buckets": 1024, "Hash Batches": 1, "Original Hash Batches": 1, "Peak Memory Usage": 9, "Workers": [], "Plans": [{"Node Type": "Nested Loop", "Parent Relationship": "Outer", "Parallel Aware": false, "Async Capable": false, "Join Type": "Inner", "Startup Cost": 0.71, "Total Cost": 1747.08, "Plan Rows": 1, "Plan Width": 8, "Actual Rows": 8, "Actual Loops": 2, "Inner Unique": false, "Workers": [], "Plans": [{"Node Type": "Nested Loop", "Parent Relationship": "Outer", "Parallel Aware": false, "Async Capable": false, "Join Type": "Inner", "Startup Cost": 0.29, "Total Cost": 1738.58, "Plan Rows": 1, "Plan Width": 4, "Actual Rows": 2, "Actual Loops": 2, "Inner Unique": false, "Workers": [], "Plans": [{"Node Type": "Seq Scan", "Parent Relationship": "Outer", "Parallel Aware": false, "Async Capable": false, "Relation Name": "users", "Alias": "u", "Startup Cost": 0.0, "Total Cost": 901.88, "Plan Rows": 65, "Plan Width": 4, "Actual Rows": 187, "Actual Loops": 2, "Filter": "((upvotes >= 148) AND (creationdate <= '2012-09-08 11:35:08'::timestamp without time zone))", "Rows Removed by Filter": 40138, "Workers": []}, {"Node Type": "Index Scan", "Parent Relationship": "Inner", "Parallel Aware": false, "Async Capable": false, "Scan Direction": "Forward", "Index Name": "idx_posts_owneruserid", "Relation Name": "posts", "Alias": "p", "Startup Cost": 0.29, "Total Cost": 12.86, "Plan Rows": 1, "Plan Width": 8, "Actual Rows": 0, "Actual Loops": 374, "Index Cond": "(owneruserid = u.id)", "Rows Removed by Index Recheck": 0, "Filter": "((answercount >= 37) AND (creationdate >= '2009-06-08 11:26:25'::timestamp without time zone) AND (creationdate <= '2012-02-12 23:25:41'::timestamp without time zone) AND (posttypeid = 1))", "Rows Removed by Filter": 136, "Workers": []}]}, {"Node Type": "Index Only Scan", "Parent Relationship": "Inner", "Parallel Aware": false, "Async Capable": false, "Scan Direction": "Forward", "Index Name": "idx_comments_postid", "Relation Name": "comments", "Alias": "c", "Startup Cost": 0.42, "Total Cost": 8.47, "Plan Rows": 3, "Plan Width": 4, "Actual Rows": 4, "Actual Loops": 4, "Index Cond": "(postid = p.id)", "Rows Removed by Index Recheck": 0, "Heap Fetches": 0, "Workers": []}]}]}]}]}]}]}, "Planning Time": 9.84, "Triggers": [], "Execution Time": 80.878}, {"Plan": {"Node Type": "Aggregate", "Strategy": "Plain", "Partial Mode": "Simple", "Parallel Aware": false, "Async Capable": false, "Startup Cost": 2012.59, "Total Cost": 2012.6, "Plan Rows": 1, "Plan Width": 8, "Actual Rows": 1, "Actual Loops": 1, "Plans": [{"Node Type": "Hash Join", "Parent Relationship": "Outer", "Parallel Aware": false, "Async Capable": false, "Join Type": "Inner", "Startup Cost": 1748.28, "Total Cost": 2012.59, "Plan Rows": 1, "Plan Width": 0, "Actual Rows": 135, "Actual Loops": 1, "Inner Unique": false, "Hash Cond": "(pl.postid = p.id)", "Plans": [{"Node Type": "Seq Scan", "Parent Relationship": "Outer", "Parallel Aware": false, "Async Capable": false, "Relation Name": "postlinks", "Alias": "pl", "Startup Cost": 0.0, "Total Cost": 248.53, "Plan Rows": 4205, "Plan Width": 4, "Actual Rows": 4203, "Actual Loops": 1, "Filter": "((creationdate >= '2012-04-05 02:11:31'::timestamp without time zone) AND (creationdate <= '2013-09-07 11:47:32'::timestamp without time zone))", "Rows Removed by Filter": 6899}, {"Node Type": "Hash", "Parent Relationship": "Inner", "Parallel Aware": false, "Async Capable": false, "Startup Cost": 1748.27, "Total Cost": 1748.27, "Plan Rows": 1, "Plan Width": 16, "Actual Rows": 1381, "Actual Loops": 1, "Hash Buckets": 2048, "Original Hash Buckets": 1024, "Hash Batches": 1, "Original Hash Batches": 1, "Peak Memory Usage": 81, "Plans": [{"Node Type": "Nested Loop", "Parent Relationship": "Outer", "Parallel Aware": false, "Async Capable": false, "Join Type": "Inner", "Startup Cost": 1.56, "Total Cost": 1748.27, "Plan Rows": 1, "Plan Width": 16, "Actual Rows": 1381, "Actual Loops": 1, "Inner Unique": false, "Join Filter": "(p.id = ph.postid)", "Rows Removed by Join Filter": 0, "Plans": [{"Node Type": "Nested Loop", "Parent Relationship": "Outer", "Parallel Aware": false, "Async Capable": false, "Join Type": "Inner", "Startup Cost": 1.13, "Total Cost": 1747.7, "Plan Rows": 1, "Plan Width": 12, "Actual Rows": 1381, "Actual Loops": 1, "Inner Unique": false, "Join Filter": "(p.id = v.postid)", "Rows Removed by Join Filter": 0, "Plans": [{"Node Type": "Nested Loop", "Parent Relationship": "Outer", "Parallel Aware": false, "Async Capable": false, "Join Type": "Inner", "Startup Cost": 0.71, "Total Cost": 1747.08, "Plan Rows": 1, "Plan Width": 8, "Actual Rows": 8, "Actual Loops": 1, "Inner Unique": false, "Plans": [{"Node Type": "Nested Loop", "Parent Relationship": "Outer", "Parallel Aware": false, "Async Capable": false, "Join Type": "Inner", "Startup Cost": 0.29, "Total Cost": 1738.58, "Plan Rows": 1, "Plan Width": 4, "Actual Rows": 2, "Actual Loops": 1, "Inner Unique": false, "Plans": [{"Node Type": "Seq Scan", "Parent Relationship": "Outer", "Parallel Aware": false, "Async Capable": false, "Relation Name": "users", "Alias": "u", "Startup Cost": 0.0, "Total Cost": 901.88, "Plan Rows": 65, "Plan Width": 4, "Actual Rows": 187, "Actual Loops": 1, "Filter": "((upvotes >= 148) AND (creationdate <= '2012-09-08 11:35:08'::timestamp without time zone))", "Rows Removed by Filter": 40138}, {"Node Type": "Index Scan", "Parent Relationship": "Inner", "Parallel Aware": false, "Async Capable": false, "Scan Direction": "Forward", "Index Name": "idx_posts_owneruserid", "Relation Name": "posts", "Alias": "p", "Startup Cost": 0.29, "Total Cost": 12.86, "Plan Rows": 1, "Plan Width": 8, "Actual Rows": 0, "Actual Loops": 187, "Index Cond": "(owneruserid = u.id)", "Rows Removed by Index Recheck": 0, "Filter": "((answercount >= 37) AND (creationdate >= '2009-06-08 11:26:25'::timestamp without time zone) AND (creationdate <= '2012-02-12 23:25:41'::timestamp without time zone) AND (posttypeid = 1))", "Rows Removed by Filter": 136}]}, {"Node Type": "Index Only Scan", "Parent Relationship": "Inner", "Parallel Aware": false, "Async Capable": false, "Scan Direction": "Forward", "Index Name": "idx_comments_postid", "Relation Name": "comments", "Alias": "c", "Startup Cost": 0.42, "Total Cost": 8.47, "Plan Rows": 3, "Plan Width": 4, "Actual Rows": 4, "Actual Loops": 2, "Index Cond": "(postid = p.id)", "Rows Removed by Index Recheck": 0, "Heap Fetches": 0}]}, {"Node Type": "Index Scan", "Parent Relationship": "Inner", "Parallel Aware": false, "Async Capable": false, "Scan Direction": "Forward", "Index Name": "idx_votes_postid", "Relation Name": "votes", "Alias": "v", "Startup Cost": 0.42, "Total Cost": 0.58, "Plan Rows": 3, "Plan Width": 4, "Actual Rows": 173, "Actual Loops": 8, "Index Cond": "(postid = c.postid)", "Rows Removed by Index Recheck": 0, "Filter": "(creationdate >= '2012-06-17 02:39:56'::timestamp without time zone)", "Rows Removed by Filter": 124}]}, {"Node Type": "Index Scan", "Parent Relationship": "Inner", "Parallel Aware": false, "Async Capable": false, "Scan Direction": "Forward", "Index Name": "idx_posthistory_postid", "Relation Name": "posthistory", "Alias": "ph", "Startup Cost": 0.42, "Total Cost": 0.55, "Plan Rows": 1, "Plan Width": 4, "Actual Rows": 1, "Actual Loops": 1381, "Index Cond": "(postid = v.postid)", "Rows Removed by Index Recheck": 0, "Filter": "(posthistorytypeid = 16)", "Rows Removed by Filter": 5}]}]}]}]}, "Planning Time": 5.876, "Triggers": [], "Execution Time": 15.865}, {"Plan": {"Node Type": "Aggregate", "Strategy": "Plain", "Partial Mode": "Simple", "Parallel Aware": false, "Async Capable": false, "Startup Cost": 7811.15, "Total Cost": 7811.16, "Plan Rows": 1, "Plan Width": 8, "Actual Rows": 1, "Actual Loops": 1, "Plans": [{"Node Type": "Nested Loop", "Parent Relationship": "Outer", "Parallel Aware": false, "Async Capable": false, "Join Type": "Inner", "Startup Cost": 1302.23, "Total Cost": 7811.15, "Plan Rows": 1, "Plan Width": 0, "Actual Rows": 135, "Actual Loops": 1, "Inner Unique": false, "Join Filter": "(p.id = v.postid)", "Rows Removed by Join Filter": 12249, "Plans": [{"Node Type": "Nested Loop", "Parent Relationship": "Outer", "Parallel Aware": false, "Async Capable": false, "Join Type": "Inner", "Startup Cost": 0.71, "Total Cost": 1747.08, "Plan Rows": 1, "Plan Width": 8, "Actual Rows": 8, "Actual Loops": 1, "Inner Unique": false, "Plans": [{"Node Type": "Nested Loop", "Parent Relationship": "Outer", "Parallel Aware": false, "Async Capable": false, "Join Type": "Inner", "Startup Cost": 0.29, "Total Cost": 1738.58, "Plan Rows": 1, "Plan Width": 4, "Actual Rows": 2, "Actual Loops": 1, "Inner Unique": false, "Plans": [{"Node Type": "Seq Scan", "Parent Relationship": "Outer", "Parallel Aware": false, "Async Capable": false, "Relation Name": "users", "Alias": "u", "Startup Cost": 0.0, "Total Cost": 901.88, "Plan Rows": 65, "Plan Width": 4, "Actual Rows": 187, "Actual Loops": 1, "Filter": "((upvotes >= 148) AND (creationdate <= '2012-09-08 11:35:08'::timestamp without time zone))", "Rows Removed by Filter": 40138}, {"Node Type": "Index Scan", "Parent Relationship": "Inner", "Parallel Aware": false, "Async Capable": false, "Scan Direction": "Forward", "Index Name": "idx_posts_owneruserid", "Relation Name": "posts", "Alias": "p", "Startup Cost": 0.29, "Total Cost": 12.86, "Plan Rows": 1, "Plan Width": 8, "Actual Rows": 0, "Actual Loops": 187, "Index Cond": "(owneruserid = u.id)", "Rows Removed by Index Recheck": 0, "Filter": "((answercount >= 37) AND (creationdate >= '2009-06-08 11:26:25'::timestamp without time zone) AND (creationdate <= '2012-02-12 23:25:41'::timestamp without time zone) AND (posttypeid = 1))", "Rows Removed by Filter": 136}]}, {"Node Type": "Index Only Scan", "Parent Relationship": "Inner", "Parallel Aware": false, "Async Capable": false, "Scan Direction": "Forward", "Index Name": "idx_comments_postid", "Relation Name": "comments", "Alias": "c", "Startup Cost": 0.42, "Total Cost": 8.47, "Plan Rows": 3, "Plan Width": 4, "Actual Rows": 4, "Actual Loops": 2, "Index Cond": "(postid = p.id)", "Rows Removed by Index Recheck": 0, "Heap Fetches": 0}]}, {"Node Type": "Gather", "Parent Relationship": "Inner", "Parallel Aware": false, "Async Capable": false, "Startup Cost": 1301.51, "Total Cost": 6058.42, "Plan Rows": 452, "Plan Width": 12, "Actual Rows": 1548, "Actual Loops": 8, "Workers Planned": 1, "Workers Launched": 1, "Single Copy": false, "Plans": [{"Node Type": "Nested Loop", "Parent Relationship": "Outer", "Parallel Aware": false, "Async Capable": false, "Join Type": "Inner", "Startup Cost": 301.51, "Total Cost": 5013.22, "Plan Rows": 266, "Plan Width": 12, "Actual Rows": 774, "Actual Loops": 16, "Inner Unique": false, "Workers": [], "Plans": [{"Node Type": "Hash Join", "Parent Relationship": "Outer", "Parallel Aware": false, "Async Capable": false, "Join Type": "Inner", "Startup Cost": 301.09, "Total Cost": 4796.02, "Plan Rows": 71, "Plan Width": 8, "Actual Rows": 36, "Actual Loops": 16, "Inner Unique": false, "Hash Cond": "(ph.postid = pl.postid)", "Workers": [], "Plans": [{"Node Type": "Seq Scan", "Parent Relationship": "Outer", "Parallel Aware": true, "Async Capable": false, "Relation Name": "posthistory", "Alias": "ph", "Startup Cost": 0.0, "Total Cost": 4469.32, "Plan Rows": 1328, "Plan Width": 4, "Actual Rows": 1096, "Actual Loops": 16, "Filter": "(posthistorytypeid = 16)", "Rows Removed by Filter": 150497, "Workers": []}, {"Node Type": "Hash", "Parent Relationship": "Inner", "Parallel Aware": false, "Async Capable": false, "Startup Cost": 248.53, "Total Cost": 248.53, "Plan Rows": 4205, "Plan Width": 4, "Actual Rows": 4203, "Actual Loops": 9, "Hash Buckets": 8192, "Original Hash Buckets": 8192, "Hash Batches": 1, "Original Hash Batches": 1, "Peak Memory Usage": 212, "Workers": [], "Plans": [{"Node Type": "Seq Scan", "Parent Relationship": "Outer", "Parallel Aware": false, "Async Capable": false, "Relation Name": "postlinks", "Alias": "pl", "Startup Cost": 0.0, "Total Cost": 248.53, "Plan Rows": 4205, "Plan Width": 4, "Actual Rows": 4203, "Actual Loops": 9, "Filter": "((creationdate >= '2012-04-05 02:11:31'::timestamp without time zone) AND (creationdate <= '2013-09-07 11:47:32'::timestamp without time zone))", "Rows Removed by Filter": 6899, "Workers": []}]}]}, {"Node Type": "Index Scan", "Parent Relationship": "Inner", "Parallel Aware": false, "Async Capable": false, "Scan Direction": "Forward", "Index Name": "idx_votes_postid", "Relation Name": "votes", "Alias": "v", "Startup Cost": 0.42, "Total Cost": 3.03, "Plan Rows": 3, "Plan Width": 4, "Actual Rows": 21, "Actual Loops": 584, "Index Cond": "(postid = pl.postid)", "Rows Removed by Index Recheck": 0, "Filter": "(creationdate >= '2012-06-17 02:39:56'::timestamp without time zone)", "Rows Removed by Filter": 15, "Workers": []}]}]}]}]}, "Planning Time": 7.228, "Triggers": [], "Execution Time": 369.222}, {"Plan": {"Node Type": "Aggregate", "Strategy": "Plain", "Partial Mode": "Simple", "Parallel Aware": false, "Async Capable": false, "Startup Cost": 7557.34, "Total Cost": 7557.35, "Plan Rows": 1, "Plan Width": 8, "Plans": [{"Node Type": "Nested Loop", "Parent Relationship": "Outer", "Parallel Aware": false, "Async Capable": false, "Join Type": "Inner", "Startup Cost": 1302.23, "Total Cost": 7557.33, "Plan Rows": 1, "Plan Width": 0, "Inner Unique": false, "Join Filter": "(p.id = pl.postid)", "Plans": [{"Node Type": "Nested Loop", "Parent Relationship": "Outer", "Parallel Aware": false, "Async Capable": false, "Join Type": "Inner", "Startup Cost": 1.13, "Total Cost": 1747.7, "Plan Rows": 1, "Plan Width": 12, "Inner Unique": false, "Join Filter": "(p.id = v.postid)", "Plans": [{"Node Type": "Nested Loop", "Parent Relationship": "Outer", "Parallel Aware": false, "Async Capable": false, "Join Type": "Inner", "Startup Cost": 0.71, "Total Cost": 1747.08, "Plan Rows": 1, "Plan Width": 8, "Inner Unique": false, "Plans": [{"Node Type": "Nested Loop", "Parent Relationship": "Outer", "Parallel Aware": false, "Async Capable": false, "Join Type": "Inner", "Startup Cost": 0.29, "Total Cost": 1738.58, "Plan Rows": 1, "Plan Width": 4, "Inner Unique": false, "Plans": [{"Node Type": "Seq Scan", "Parent Relationship": "Outer", "Parallel Aware": false, "Async Capable": false, "Relation Name": "users", "Alias": "u", "Startup Cost": 0.0, "Total Cost": 901.88, "Plan Rows": 65, "Plan Width": 4, "Filter": "((upvotes >= 148) AND (creationdate <= '2012-09-08 11:35:08'::timestamp without time zone))"}, {"Node Type": "Index Scan", "Parent Relationship": "Inner", "Parallel Aware": false, "Async Capable": false, "Scan Direction": "Forward", "Index Name": "idx_posts_owneruserid", "Relation Name": "posts", "Alias": "p", "Startup Cost": 0.29, "Total Cost": 12.86, "Plan Rows": 1, "Plan Width": 8, "Index Cond": "(owneruserid = u.id)", "Filter": "((answercount >= 37) AND (creationdate >= '2009-06-08 11:26:25'::timestamp without time zone) AND (creationdate <= '2012-02-12 23:25:41'::timestamp without time zone) AND (posttypeid = 1))"}]}, {"Node Type": "Index Only Scan", "Parent Relationship": "Inner", "Parallel Aware": false, "Async Capable": false, "Scan Direction": "Forward", "Index Name": "idx_comments_postid", "Relation Name": "comments", "Alias": "c", "Startup Cost": 0.42, "Total Cost": 8.47, "Plan Rows": 3, "Plan Width": 4, "Index Cond": "(postid = p.id)"}]}, {"Node Type": "Index Scan", "Parent Relationship": "Inner", "Parallel Aware": false, "Async Capable": false, "Scan Direction": "Forward", "Index Name": "idx_votes_postid", "Relation Name": "votes", "Alias": "v", "Startup Cost": 0.42, "Total Cost": 0.58, "Plan Rows": 3, "Plan Width": 4, "Index Cond": "(postid = c.postid)", "Filter": "(creationdate >= '2012-06-17 02:39:56'::timestamp without time zone)"}]}, {"Node Type": "Gather", "Parent Relationship": "Inner", "Parallel Aware": false, "Async Capable": false, "Startup Cost": 1301.09, "Total Cost": 5808.12, "Plan Rows": 121, "Plan Width": 8, "Workers Planned": 1, "Single Copy": false, "Plans": [{"Node Type": "Hash Join", "Parent Relationship": "Outer", "Parallel Aware": false, "Async Capable": false, "Join Type": "Inner", "Startup Cost": 301.09, "Total Cost": 4796.02, "Plan Rows": 71, "Plan Width": 8, "Inner Unique": false, "Hash Cond": "(ph.postid = pl.postid)", "Plans": [{"Node Type": "Seq Scan", "Parent Relationship": "Outer", "Parallel Aware": true, "Async Capable": false, "Relation Name": "posthistory", "Alias": "ph", "Startup Cost": 0.0, "Total Cost": 4469.32, "Plan Rows": 1328, "Plan Width": 4, "Filter": "(posthistorytypeid = 16)"}, {"Node Type": "Hash", "Parent Relationship": "Inner", "Parallel Aware": false, "Async Capable": false, "Startup Cost": 248.53, "Total Cost": 248.53, "Plan Rows": 4205, "Plan Width": 4, "Plans": [{"Node Type": "Seq Scan", "Parent Relationship": "Outer", "Parallel Aware": false, "Async Capable": false, "Relation Name": "postlinks", "Alias": "pl", "Startup Cost": 0.0, "Total Cost": 248.53, "Plan Rows": 4205, "Plan Width": 4, "Filter": "((creationdate >= '2012-04-05 02:11:31'::timestamp without time zone) AND (creationdate <= '2013-09-07 11:47:32'::timestamp without time zone))"}]}]}]}]}]}}, {"Plan": {"Node Type": "Aggregate", "Strategy": "Plain", "Partial Mode": "Simple", "Parallel Aware": false, "Async Capable": false, "Startup Cost": 23045.6, "Total Cost": 23045.61, "Plan Rows": 1, "Plan Width": 8, "Actual Rows": 1, "Actual Loops": 1, "Plans": [{"Node Type": "Gather", "Parent Relationship": "Outer", "Parallel Aware": false, "Async Capable": false, "Startup Cost": 2748.9, "Total Cost": 23045.6, "Plan Rows": 1, "Plan Width": 0, "Actual Rows": 135, "Actual Loops": 1, "Workers Planned": 2, "Workers Launched": 2, "Single Copy": false, "Plans": [{"Node Type": "Merge Join", "Parent Relationship": "Outer", "Parallel Aware": false, "Async Capable": false, "Join Type": "Inner", "Startup Cost": 1748.9, "Total Cost": 22045.5, "Plan Rows": 1, "Plan Width": 0, "Actual Rows": 45, "Actual Loops": 3, "Inner Unique": false, "Merge Cond": "(v.postid = p.id)", "Workers": [], "Plans": [{"Node Type": "Merge Join", "Parent Relationship": "Outer", "Parallel Aware": false, "Async Capable": false, "Join Type": "Inner", "Startup Cost": 0.84, "Total Cost": 19661.81, "Plan Rows": 254233, "Plan Width": 8, "Actual Rows": 3852, "Actual Loops": 3, "Inner Unique": false, "Merge Cond": "(c.postid = v.postid)", "Workers": [], "Plans": [{"Node Type": "Index Only Scan", "Parent Relationship": "Outer", "Parallel Aware": true, "Async Capable": false, "Scan Direction": "Forward", "Index Name": "idx_comments_postid", "Relation Name": "comments", "Alias": "c", "Startup Cost": 0.42, "Total Cost": 2872.37, "Plan Rows": 72627, "Plan Width": 4, "Actual Rows": 349, "Actual Loops": 3, "Heap Fetches": 0, "Workers": []}, {"Node Type": "Materialize", "Parent Relationship": "Inner", "Parallel Aware": false, "Async Capable": false, "Startup Cost": 0.42, "Total Cost": 13340.02, "Plan Rows": 218241, "Plan Width": 4, "Actual Rows": 7399, "Actual Loops": 3, "Workers": [], "Plans": [{"Node Type": "Index Scan", "Parent Relationship": "Outer", "Parallel Aware": false, "Async Capable": false, "Scan Direction": "Forward", "Index Name": "idx_votes_postid", "Relation Name": "votes", "Alias": "v", "Startup Cost": 0.42, "Total Cost": 12794.42, "Plan Rows": 218241, "Plan Width": 4, "Actual Rows": 4635, "Actual Loops": 3, "Filter": "(creationdate >= '2012-06-17 02:39:56'::timestamp without time zone)", "Rows Removed by Filter": 8119, "Workers": []}]}]}, {"Node Type": "Materialize", "Parent Relationship": "Inner", "Parallel Aware": false, "Async Capable": false, "Startup Cost": 1748.06, "Total Cost": 1748.07, "Plan Rows": 1, "Plan Width": 12, "Actual Rows": 1, "Actual Loops": 3, "Workers": [], "Plans": [{"Node Type": "Sort", "Parent Relationship": "Outer", "Parallel Aware": false, "Async Capable": false, "Startup Cost": 1748.06, "Total Cost": 1748.06, "Plan Rows": 1, "Plan Width": 12, "Actual Rows": 1, "Actual Loops": 3, "Sort Key": ["p.id"], "Sort Method": "quicksort", "Sort Space Used": 25, "Sort Space Type": "Memory", "Workers": [{"Worker Number": 0, "Sort Method": "quicksort", "Sort Space Used": 25, "Sort Space Type": "Memory"}, {"Worker Number": 1, "Sort Method": "quicksort", "Sort Space Used": 25, "Sort Space Type": "Memory"}], "Plans": [{"Node Type": "Nested Loop", "Parent Relationship": "Outer", "Parallel Aware": false, "Async Capable": false, "Join Type": "Inner", "Startup Cost": 1.0, "Total Cost": 1748.05, "Plan Rows": 1, "Plan Width": 12, "Actual Rows": 1, "Actual Loops": 3, "Inner Unique": false, "Join Filter": "(p.id = pl.postid)", "Rows Removed by Join Filter": 0, "Workers": [], "Plans": [{"Node Type": "Nested Loop", "Parent Relationship": "Outer", "Parallel Aware": false, "Async Capable": false, "Join Type": "Inner", "Startup Cost": 0.71, "Total Cost": 1747.53, "Plan Rows": 1, "Plan Width": 8, "Actual Rows": 2, "Actual Loops": 3, "Inner Unique": false, "Workers": [], "Plans": [{"Node Type": "Nested Loop", "Parent Relationship": "Outer", "Parallel Aware": false, "Async Capable": false, "Join Type": "Inner", "Startup Cost": 0.29, "Total Cost": 1738.58, "Plan Rows": 1, "Plan Width": 4, "Actual Rows": 2, "Actual Loops": 3, "Inner Unique": false, "Workers": [], "Plans": [{"Node Type": "Seq Scan", "Parent Relationship": "Outer", "Parallel Aware": false, "Async Capable": false, "Relation Name": "users", "Alias": "u", "Startup Cost": 0.0, "Total Cost": 901.88, "Plan Rows": 65, "Plan Width": 4, "Actual Rows": 187, "Actual Loops": 3, "Filter": "((upvotes >= 148) AND (creationdate <= '2012-09-08 11:35:08'::timestamp without time zone))", "Rows Removed by Filter": 40138, "Workers": []}, {"Node Type": "Index Scan", "Parent Relationship": "Inner", "Parallel Aware": false, "Async Capable": false, "Scan Direction": "Forward", "Index Name": "idx_posts_owneruserid", "Relation Name": "posts", "Alias": "p", "Startup Cost": 0.29, "Total Cost": 12.86, "Plan Rows": 1, "Plan Width": 8, "Actual Rows": 0, "Actual Loops": 561, "Index Cond": "(owneruserid = u.id)", "Rows Removed by Index Recheck": 0, "Filter": "((answercount >= 37) AND (creationdate >= '2009-06-08 11:26:25'::timestamp without time zone) AND (creationdate <= '2012-02-12 23:25:41'::timestamp without time zone) AND (posttypeid = 1))", "Rows Removed by Filter": 136, "Workers": []}]}, {"Node Type": "Index Scan", "Parent Relationship": "Inner", "Parallel Aware": false, "Async Capable": false, "Scan Direction": "Forward", "Index Name": "idx_posthistory_postid", "Relation Name": "posthistory", "Alias": "ph", "Startup Cost": 0.42, "Total Cost": 8.94, "Plan Rows": 1, "Plan Width": 4, "Actual Rows": 1, "Actual Loops": 6, "Index Cond": "(postid = p.id)", "Rows Removed by Index Recheck": 0, "Filter": "(posthistorytypeid = 16)", "Rows Removed by Filter": 10, "Workers": []}]}, {"Node Type": "Index Scan", "Parent Relationship": "Inner", "Parallel Aware": false, "Async Capable": false, "Scan Direction": "Forward", "Index Name": "idx_postlinks_postid", "Relation Name": "postlinks", "Alias": "pl", "Startup Cost": 0.29, "Total Cost": 0.5, "Plan Rows": 1, "Plan Width": 4, "Actual Rows": 0, "Actual Loops": 6, "Index Cond": "(postid = ph.postid)", "Rows Removed by Index Recheck": 0, "Filter": "((creationdate >= '2012-04-05 02:11:31'::timestamp without time zone) AND (creationdate <= '2013-09-07 11:47:32'::timestamp without time zone))", "Rows Removed by Filter": 1, "Workers": []}]}]}]}]}]}]}, "Planning Time": 11.309, "Triggers": [], "Execution Time": 73.931}, {"Plan": {"Node Type": "Aggregate", "Strategy": "Plain", "Partial Mode": "Simple", "Parallel Aware": false, "Async Capable": false, "Startup Cost": 14026.13, "Total Cost": 14026.14, "Plan Rows": 1, "Plan Width": 8, "Actual Rows": 1, "Actual Loops": 1, "Plans": [{"Node Type": "Nested Loop", "Parent Relationship": "Outer", "Parallel Aware": false, "Async Capable": false, "Join Type": "Inner", "Startup Cost": 1001.42, "Total Cost": 14026.13, "Plan Rows": 1, "Plan Width": 0, "Actual Rows": 135, "Actual Loops": 1, "Inner Unique": false, "Join Filter": "(p.id = v.postid)", "Rows Removed by Join Filter": 11265, "Plans": [{"Node Type": "Nested Loop", "Parent Relationship": "Outer", "Parallel Aware": false, "Async Capable": false, "Join Type": "Inner", "Startup Cost": 1.0, "Total Cost": 1747.41, "Plan Rows": 1, "Plan Width": 12, "Actual Rows": 1, "Actual Loops": 1, "Inner Unique": false, "Join Filter": "(p.id = pl.postid)", "Rows Removed by Join Filter": 0, "Plans": [{"Node Type": "Nested Loop", "Parent Relationship": "Outer", "Parallel Aware": false, "Async Capable": false, "Join Type": "Inner", "Startup Cost": 0.71, "Total Cost": 1747.08, "Plan Rows": 1, "Plan Width": 8, "Actual Rows": 8, "Actual Loops": 1, "Inner Unique": false, "Plans": [{"Node Type": "Nested Loop", "Parent Relationship": "Outer", "Parallel Aware": false, "Async Capable": false, "Join Type": "Inner", "Startup Cost": 0.29, "Total Cost": 1738.58, "Plan Rows": 1, "Plan Width": 4, "Actual Rows": 2, "Actual Loops": 1, "Inner Unique": false, "Plans": [{"Node Type": "Seq Scan", "Parent Relationship": "Outer", "Parallel Aware": false, "Async Capable": false, "Relation Name": "users", "Alias": "u", "Startup Cost": 0.0, "Total Cost": 901.88, "Plan Rows": 65, "Plan Width": 4, "Actual Rows": 187, "Actual Loops": 1, "Filter": "((upvotes >= 148) AND (creationdate <= '2012-09-08 11:35:08'::timestamp without time zone))", "Rows Removed by Filter": 40138}, {"Node Type": "Index Scan", "Parent Relationship": "Inner", "Parallel Aware": false, "Async Capable": false, "Scan Direction": "Forward", "Index Name": "idx_posts_owneruserid", "Relation Name": "posts", "Alias": "p", "Startup Cost": 0.29, "Total Cost": 12.86, "Plan Rows": 1, "Plan Width": 8, "Actual Rows": 0, "Actual Loops": 187, "Index Cond": "(owneruserid = u.id)", "Rows Removed by Index Recheck": 0, "Filter": "((answercount >= 37) AND (creationdate >= '2009-06-08 11:26:25'::timestamp without time zone) AND (creationdate <= '2012-02-12 23:25:41'::timestamp without time zone) AND (posttypeid = 1))", "Rows Removed by Filter": 136}]}, {"Node Type": "Index Only Scan", "Parent Relationship": "Inner", "Parallel Aware": false, "Async Capable": false, "Scan Direction": "Forward", "Index Name": "idx_comments_postid", "Relation Name": "comments", "Alias": "c", "Startup Cost": 0.42, "Total Cost": 8.47, "Plan Rows": 3, "Plan Width": 4, "Actual Rows": 4, "Actual Loops": 2, "Index Cond": "(postid = p.id)", "Rows Removed by Index Recheck": 0, "Heap Fetches": 0}]}, {"Node Type": "Index Scan", "Parent Relationship": "Inner", "Parallel Aware": false, "Async Capable": false, "Scan Direction": "Forward", "Index Name": "idx_postlinks_postid", "Relation Name": "postlinks", "Alias": "pl", "Startup Cost": 0.29, "Total Cost": 0.31, "Plan Rows": 1, "Plan Width": 4, "Actual Rows": 0, "Actual Loops": 8, "Index Cond": "(postid = c.postid)", "Rows Removed by Index Recheck": 0, "Filter": "((creationdate >= '2012-04-05 02:11:31'::timestamp without time zone) AND (creationdate <= '2013-09-07 11:47:32'::timestamp without time zone))", "Rows Removed by Filter": 2}]}, {"Node Type": "Gather", "Parent Relationship": "Inner", "Parallel Aware": false, "Async Capable": false, "Startup Cost": 1000.42, "Total Cost": 12199.58, "Plan Rows": 6332, "Plan Width": 8, "Actual Rows": 11400, "Actual Loops": 1, "Workers Planned": 1, "Workers Launched": 1, "Single Copy": false, "Plans": [{"Node Type": "Nested Loop", "Parent Relationship": "Outer", "Parallel Aware": false, "Async Capable": false, "Join Type": "Inner", "Startup Cost": 0.42, "Total Cost": 10566.38, "Plan Rows": 3725, "Plan Width": 8, "Actual Rows": 5700, "Actual Loops": 2, "Inner Unique": false, "Workers": [], "Plans": [{"Node Type": "Seq Scan", "Parent Relationship": "Outer", "Parallel Aware": true, "Async Capable": false, "Relation Name": "posthistory", "Alias": "ph", "Startup Cost": 0.0, "Total Cost": 4469.32, "Plan Rows": 1328, "Plan Width": 4, "Actual Rows": 1096, "Actual Loops": 2, "Filter": "(posthistorytypeid = 16)", "Rows Removed by Filter": 150497, "Workers": []}, {"Node Type": "Index Scan", "Parent Relationship": "Inner", "Parallel Aware": false, "Async Capable": false, "Scan Direction": "Forward", "Index Name": "idx_votes_postid", "Relation Name": "votes", "Alias": "v", "Startup Cost": 0.42, "Total Cost": 4.56, "Plan Rows": 3, "Plan Width": 4, "Actual Rows": 5, "Actual Loops": 2193, "Index Cond": "(postid = ph.postid)", "Rows Removed by Index Recheck": 0, "Filter": "(creationdate >= '2012-06-17 02:39:56'::timestamp without time zone)", "Rows Removed by Filter": 6, "Workers": []}]}]}]}]}, "Planning Time": 6.44, "Triggers": [], "Execution Time": 100.722}, {"Plan": {"Node Type": "Aggregate", "Strategy": "Plain", "Partial Mode": "Simple", "Parallel Aware": false, "Async Capable": false, "Startup Cost": 9287.81, "Total Cost": 9287.82, "Plan Rows": 1, "Plan Width": 8, "Plans": [{"Node Type": "Nested Loop", "Parent Relationship": "Outer", "Parallel Aware": false, "Async Capable": false, "Join Type": "Inner", "Startup Cost": 1001.42, "Total Cost": 9287.81, "Plan Rows": 1, "Plan Width": 0, "Inner Unique": false, "Join Filter": "(c.postid = p.id)", "Plans": [{"Node Type": "Nested Loop", "Parent Relationship": "Outer", "Parallel Aware": false, "Async Capable": false, "Join Type": "Inner", "Startup Cost": 1.0, "Total Cost": 1749.96, "Plan Rows": 1, "Plan Width": 12, "Inner Unique": false, "Join Filter": "(p.id = v.postid)", "Plans": [{"Node Type": "Nested Loop", "Parent Relationship": "Outer", "Parallel Aware": false, "Async Capable": false, "Join Type": "Inner", "Startup Cost": 0.58, "Total Cost": 1746.9, "Plan Rows": 1, "Plan Width": 8, "Inner Unique": false, "Plans": [{"Node Type": "Nested Loop", "Parent Relationship": "Outer", "Parallel Aware": false, "Async Capable": false, "Join Type": "Inner", "Startup Cost": 0.29, "Total Cost": 1738.58, "Plan Rows": 1, "Plan Width": 4, "Inner Unique": false, "Plans": [{"Node Type": "Seq Scan", "Parent Relationship": "Outer", "Parallel Aware": false, "Async Capable": false, "Relation Name": "users", "Alias": "u", "Startup Cost": 0.0, "Total Cost": 901.88, "Plan Rows": 65, "Plan Width": 4, "Filter": "((upvotes >= 148) AND (creationdate <= '2012-09-08 11:35:08'::timestamp without time zone))"}, {"Node Type": "Index Scan", "Parent Relationship": "Inner", "Parallel Aware": false, "Async Capable": false, "Scan Direction": "Forward", "Index Name": "idx_posts_owneruserid", "Relation Name": "posts", "Alias": "p", "Startup Cost": 0.29, "Total Cost": 12.86, "Plan Rows": 1, "Plan Width": 8, "Index Cond": "(owneruserid = u.id)", "Filter": "((answercount >= 37) AND (creationdate >= '2009-06-08 11:26:25'::timestamp without time zone) AND (creationdate <= '2012-02-12 23:25:41'::timestamp without time zone) AND (posttypeid = 1))"}]}, {"Node Type": "Index Scan", "Parent Relationship": "Inner", "Parallel Aware": false, "Async Capable": false, "Scan Direction": "Forward", "Index Name": "idx_postlinks_postid", "Relation Name": "postlinks", "Alias": "pl", "Startup Cost": 0.29, "Total Cost": 8.31, "Plan Rows": 1, "Plan Width": 4, "Index Cond": "(postid = p.id)", "Filter": "((creationdate >= '2012-04-05 02:11:31'::timestamp without time zone) AND (creationdate <= '2013-09-07 11:47:32'::timestamp without time zone))"}]}, {"Node Type": "Index Scan", "Parent Relationship": "Inner", "Parallel Aware": false, "Async Capable": false, "Scan Direction": "Forward", "Index Name": "idx_votes_postid", "Relation Name": "votes", "Alias": "v", "Startup Cost": 0.42, "Total Cost": 3.03, "Plan Rows": 3, "Plan Width": 4, "Index Cond": "(postid = pl.postid)", "Filter": "(creationdate >= '2012-06-17 02:39:56'::timestamp without time zone)"}]}, {"Node Type": "Gather", "Parent Relationship": "Inner", "Parallel Aware": false, "Async Capable": false, "Startup Cost": 1000.42, "Total Cost": 7475.56, "Plan Rows": 4983, "Plan Width": 8, "Workers Planned": 1, "Single Copy": false, "Plans": [{"Node Type": "Nested Loop", "Parent Relationship": "Outer", "Parallel Aware": false, "Async Capable": false, "Join Type": "Inner", "Startup Cost": 0.42, "Total Cost": 5977.26, "Plan Rows": 2931, "Plan Width": 8, "Inner Unique": false, "Plans": [{"Node Type": "Seq Scan", "Parent Relationship": "Outer", "Parallel Aware": true, "Async Capable": false, "Relation Name": "posthistory", "Alias": "ph", "Startup Cost": 0.0, "Total Cost": 4469.32, "Plan Rows": 1328, "Plan Width": 4, "Filter": "(posthistorytypeid = 16)"}, {"Node Type": "Index Only Scan", "Parent Relationship": "Inner", "Parallel Aware": false, "Async Capable": false, "Scan Direction": "Forward", "Index Name": "idx_comments_postid", "Relation Name": "comments", "Alias": "c", "Startup Cost": 0.42, "Total Cost": 1.11, "Plan Rows": 3, "Plan Width": 4, "Index Cond": "(postid = ph.postid)"}]}]}]}]}}, {"Plan": {"Node Type": "Aggregate", "Strategy": "Plain", "Partial Mode": "Finalize", "Parallel Aware": false, "Async Capable": false, "Startup Cost": 7544.13, "Total Cost": 7544.14, "Plan Rows": 1, "Plan Width": 8, "Actual Rows": 1, "Actual Loops": 1, "Plans": [{"Node Type": "Gather", "Parent Relationship": "Outer", "Parallel Aware": false, "Async Capable": false, "Startup Cost": 7544.01, "Total Cost": 7544.12, "Plan Rows": 1, "Plan Width": 8, "Actual Rows": 2, "Actual Loops": 1, "Workers Planned": 1, "Workers Launched": 1, "Single Copy": false, "Plans": [{"Node Type": "Aggregate", "Strategy": "Plain", "Partial Mode": "Partial", "Parent Relationship": "Outer", "Parallel Aware": false, "Async Capable": false, "Startup Cost": 6544.01, "Total Cost": 6544.02, "Plan Rows": 1, "Plan Width": 8, "Actual Rows": 1, "Actual Loops": 2, "Workers": [], "Plans": [{"Node Type": "Hash Join", "Parent Relationship": "Outer", "Parallel Aware": false, "Async Capable": false, "Join Type": "Inner", "Startup Cost": 2048.81, "Total Cost": 6544.01, "Plan Rows": 1, "Plan Width": 0, "Actual Rows": 68, "Actual Loops": 2, "Inner Unique": false, "Hash Cond": "(pl.postid = p.id)", "Workers": [], "Plans": [{"Node Type": "Hash Join", "Parent Relationship": "Outer", "Parallel Aware": false, "Async Capable": false, "Join Type": "Inner", "Startup Cost": 301.09, "Total Cost": 4796.02, "Plan Rows": 71, "Plan Width": 8, "Actual Rows": 36, "Actual Loops": 2, "Inner Unique": false, "Hash Cond": "(ph.postid = pl.postid)", "Workers": [], "Plans": [{"Node Type": "Seq Scan", "Parent Relationship": "Outer", "Parallel Aware": true, "Async Capable": false, "Relation Name": "posthistory", "Alias": "ph", "Startup Cost": 0.0, "Total Cost": 4469.32, "Plan Rows": 1328, "Plan Width": 4, "Actual Rows": 1096, "Actual Loops": 2, "Filter": "(posthistorytypeid = 16)", "Rows Removed by Filter": 150497, "Workers": []}, {"Node Type": "Hash", "Parent Relationship": "Inner", "Parallel Aware": false, "Async Capable": false, "Startup Cost": 248.53, "Total Cost": 248.53, "Plan Rows": 4205, "Plan Width": 4, "Actual Rows": 4203, "Actual Loops": 2, "Hash Buckets": 8192, "Original Hash Buckets": 8192, "Hash Batches": 1, "Original Hash Batches": 1, "Peak Memory Usage": 212, "Workers": [], "Plans": [{"Node Type": "Seq Scan", "Parent Relationship": "Outer", "Parallel Aware": false, "Async Capable": false, "Relation Name": "postlinks", "Alias": "pl", "Startup Cost": 0.0, "Total Cost": 248.53, "Plan Rows": 4205, "Plan Width": 4, "Actual Rows": 4203, "Actual Loops": 2, "Filter": "((creationdate >= '2012-04-05 02:11:31'::timestamp without time zone) AND (creationdate <= '2013-09-07 11:47:32'::timestamp without time zone))", "Rows Removed by Filter": 6899, "Workers": []}]}]}, {"Node Type": "Hash", "Parent Relationship": "Inner", "Parallel Aware": false, "Async Capable": false, "Startup Cost": 1747.7, "Total Cost": 1747.7, "Plan Rows": 1, "Plan Width": 12, "Actual Rows": 1381, "Actual Loops": 2, "Hash Buckets": 2048, "Original Hash Buckets": 1024, "Hash Batches": 1, "Original Hash Batches": 1, "Peak Memory Usage": 76, "Workers": [], "Plans": [{"Node Type": "Nested Loop", "Parent Relationship": "Outer", "Parallel Aware": false, "Async Capable": false, "Join Type": "Inner", "Startup Cost": 1.13, "Total Cost": 1747.7, "Plan Rows": 1, "Plan Width": 12, "Actual Rows": 1381, "Actual Loops": 2, "Inner Unique": false, "Join Filter": "(p.id = v.postid)", "Rows Removed by Join Filter": 0, "Workers": [], "Plans": [{"Node Type": "Nested Loop", "Parent Relationship": "Outer", "Parallel Aware": false, "Async Capable": false, "Join Type": "Inner", "Startup Cost": 0.71, "Total Cost": 1747.08, "Plan Rows": 1, "Plan Width": 8, "Actual Rows": 8, "Actual Loops": 2, "Inner Unique": false, "Workers": [], "Plans": [{"Node Type": "Nested Loop", "Parent Relationship": "Outer", "Parallel Aware": false, "Async Capable": false, "Join Type": "Inner", "Startup Cost": 0.29, "Total Cost": 1738.58, "Plan Rows": 1, "Plan Width": 4, "Actual Rows": 2, "Actual Loops": 2, "Inner Unique": false, "Workers": [], "Plans": [{"Node Type": "Seq Scan", "Parent Relationship": "Outer", "Parallel Aware": false, "Async Capable": false, "Relation Name": "users", "Alias": "u", "Startup Cost": 0.0, "Total Cost": 901.88, "Plan Rows": 65, "Plan Width": 4, "Actual Rows": 187, "Actual Loops": 2, "Filter": "((upvotes >= 148) AND (creationdate <= '2012-09-08 11:35:08'::timestamp without time zone))", "Rows Removed by Filter": 40138, "Workers": []}, {"Node Type": "Index Scan", "Parent Relationship": "Inner", "Parallel Aware": false, "Async Capable": false, "Scan Direction": "Forward", "Index Name": "idx_posts_owneruserid", "Relation Name": "posts", "Alias": "p", "Startup Cost": 0.29, "Total Cost": 12.86, "Plan Rows": 1, "Plan Width": 8, "Actual Rows": 0, "Actual Loops": 374, "Index Cond": "(owneruserid = u.id)", "Rows Removed by Index Recheck": 0, "Filter": "((answercount >= 37) AND (creationdate >= '2009-06-08 11:26:25'::timestamp without time zone) AND (creationdate <= '2012-02-12 23:25:41'::timestamp without time zone) AND (posttypeid = 1))", "Rows Removed by Filter": 136, "Workers": []}]}, {"Node Type": "Index Only Scan", "Parent Relationship": "Inner", "Parallel Aware": false, "Async Capable": false, "Scan Direction": "Forward", "Index Name": "idx_comments_postid", "Relation Name": "comments", "Alias": "c", "Startup Cost": 0.42, "Total Cost": 8.47, "Plan Rows": 3, "Plan Width": 4, "Actual Rows": 4, "Actual Loops": 4, "Index Cond": "(postid = p.id)", "Rows Removed by Index Recheck": 0, "Heap Fetches": 0, "Workers": []}]}, {"Node Type": "Index Scan", "Parent Relationship": "Inner", "Parallel Aware": false, "Async Capable": false, "Scan Direction": "Forward", "Index Name": "idx_votes_postid", "Relation Name": "votes", "Alias": "v", "Startup Cost": 0.42, "Total Cost": 0.58, "Plan Rows": 3, "Plan Width": 4, "Actual Rows": 173, "Actual Loops": 16, "Index Cond": "(postid = c.postid)", "Rows Removed by Index Recheck": 0, "Filter": "(creationdate >= '2012-06-17 02:39:56'::timestamp without time zone)", "Rows Removed by Filter": 124, "Workers": []}]}]}]}]}]}]}, "Planning Time": 12.188, "Triggers": [], "Execution Time": 83.111}, {"Plan": {"Node Type": "Aggregate", "Strategy": "Plain", "Partial Mode": "Simple", "Parallel Aware": false, "Async Capable": false, "Startup Cost": 13327.88, "Total Cost": 13327.89, "Plan Rows": 1, "Plan Width": 8, "Actual Rows": 1, "Actual Loops": 1, "Plans": [{"Node Type": "Gather", "Parent Relationship": "Outer", "Parallel Aware": false, "Async Capable": false, "Startup Cost": 2747.84, "Total Cost": 13327.87, "Plan Rows": 1, "Plan Width": 0, "Actual Rows": 135, "Actual Loops": 1, "Workers Planned": 1, "Workers Launched": 1, "Single Copy": false, "Plans": [{"Node Type": "Hash Join", "Parent Relationship": "Outer", "Parallel Aware": false, "Async Capable": false, "Join Type": "Inner", "Startup Cost": 1747.84, "Total Cost": 12327.77, "Plan Rows": 1, "Plan Width": 0, "Actual Rows": 68, "Actual Loops": 2, "Inner Unique": false, "Hash Cond": "(v.postid = p.id)", "Workers": [], "Plans": [{"Node Type": "Nested Loop", "Parent Relationship": "Outer", "Parallel Aware": false, "Async Capable": false, "Join Type": "Inner", "Startup Cost": 0.42, "Total Cost": 10566.38, "Plan Rows": 3725, "Plan Width": 8, "Actual Rows": 5700, "Actual Loops": 2, "Inner Unique": false, "Workers": [], "Plans": [{"Node Type": "Seq Scan", "Parent Relationship": "Outer", "Parallel Aware": true, "Async Capable": false, "Relation Name": "posthistory", "Alias": "ph", "Startup Cost": 0.0, "Total Cost": 4469.32, "Plan Rows": 1328, "Plan Width": 4, "Actual Rows": 1096, "Actual Loops": 2, "Filter": "(posthistorytypeid = 16)", "Rows Removed by Filter": 150497, "Workers": []}, {"Node Type": "Index Scan", "Parent Relationship": "Inner", "Parallel Aware": false, "Async Capable": false, "Scan Direction": "Forward", "Index Name": "idx_votes_postid", "Relation Name": "votes", "Alias": "v", "Startup Cost": 0.42, "Total Cost": 4.56, "Plan Rows": 3, "Plan Width": 4, "Actual Rows": 5, "Actual Loops": 2193, "Index Cond": "(postid = ph.postid)", "Rows Removed by Index Recheck": 0, "Filter": "(creationdate >= '2012-06-17 02:39:56'::timestamp without time zone)", "Rows Removed by Filter": 6, "Workers": []}]}, {"Node Type": "Hash", "Parent Relationship": "Inner", "Parallel Aware": false, "Async Capable": false, "Startup Cost": 1747.41, "Total Cost": 1747.41, "Plan Rows": 1, "Plan Width": 12, "Actual Rows": 1, "Actual Loops": 2, "Hash Buckets": 1024, "Original Hash Buckets": 1024, "Hash Batches": 1, "Original Hash Batches": 1, "Peak Memory Usage": 9, "Workers": [], "Plans": [{"Node Type": "Nested Loop", "Parent Relationship": "Outer", "Parallel Aware": false, "Async Capable": false, "Join Type": "Inner", "Startup Cost": 1.0, "Total Cost": 1747.41, "Plan Rows": 1, "Plan Width": 12, "Actual Rows": 1, "Actual Loops": 2, "Inner Unique": false, "Join Filter": "(p.id = pl.postid)", "Rows Removed by Join Filter": 0, "Workers": [], "Plans": [{"Node Type": "Nested Loop", "Parent Relationship": "Outer", "Parallel Aware": false, "Async Capable": false, "Join Type": "Inner", "Startup Cost": 0.71, "Total Cost": 1747.08, "Plan Rows": 1, "Plan Width": 8, "Actual Rows": 8, "Actual Loops": 2, "Inner Unique": false, "Workers": [], "Plans": [{"Node Type": "Nested Loop", "Parent Relationship": "Outer", "Parallel Aware": false, "Async Capable": false, "Join Type": "Inner", "Startup Cost": 0.29, "Total Cost": 1738.58, "Plan Rows": 1, "Plan Width": 4, "Actual Rows": 2, "Actual Loops": 2, "Inner Unique": false, "Workers": [], "Plans": [{"Node Type": "Seq Scan", "Parent Relationship": "Outer", "Parallel Aware": false, "Async Capable": false, "Relation Name": "users", "Alias": "u", "Startup Cost": 0.0, "Total Cost": 901.88, "Plan Rows": 65, "Plan Width": 4, "Actual Rows": 187, "Actual Loops": 2, "Filter": "((upvotes >= 148) AND (creationdate <= '2012-09-08 11:35:08'::timestamp without time zone))", "Rows Removed by Filter": 40138, "Workers": []}, {"Node Type": "Index Scan", "Parent Relationship": "Inner", "Parallel Aware": false, "Async Capable": false, "Scan Direction": "Forward", "Index Name": "idx_posts_owneruserid", "Relation Name": "posts", "Alias": "p", "Startup Cost": 0.29, "Total Cost": 12.86, "Plan Rows": 1, "Plan Width": 8, "Actual Rows": 0, "Actual Loops": 374, "Index Cond": "(owneruserid = u.id)", "Rows Removed by Index Recheck": 0, "Filter": "((answercount >= 37) AND (creationdate >= '2009-06-08 11:26:25'::timestamp without time zone) AND (creationdate <= '2012-02-12 23:25:41'::timestamp without time zone) AND (posttypeid = 1))", "Rows Removed by Filter": 136, "Workers": []}]}, {"Node Type": "Index Only Scan", "Parent Relationship": "Inner", "Parallel Aware": false, "Async Capable": false, "Scan Direction": "Forward", "Index Name": "idx_comments_postid", "Relation Name": "comments", "Alias": "c", "Startup Cost": 0.42, "Total Cost": 8.47, "Plan Rows": 3, "Plan Width": 4, "Actual Rows": 4, "Actual Loops": 4, "Index Cond": "(postid = p.id)", "Rows Removed by Index Recheck": 0, "Heap Fetches": 0, "Workers": []}]}, {"Node Type": "Index Scan", "Parent Relationship": "Inner", "Parallel Aware": false, "Async Capable": false, "Scan Direction": "Forward", "Index Name": "idx_postlinks_postid", "Relation Name": "postlinks", "Alias": "pl", "Startup Cost": 0.29, "Total Cost": 0.31, "Plan Rows": 1, "Plan Width": 4, "Actual Rows": 0, "Actual Loops": 16, "Index Cond": "(postid = c.postid)", "Rows Removed by Index Recheck": 0, "Filter": "((creationdate >= '2012-04-05 02:11:31'::timestamp without time zone) AND (creationdate <= '2013-09-07 11:47:32'::timestamp without time zone))", "Rows Removed by Filter": 2, "Workers": []}]}]}]}]}]}, "Planning Time": 12.471, "Triggers": [], "Execution Time": 116.41}, {"Plan": {"Node Type": "Aggregate", "Strategy": "Plain", "Partial Mode": "Simple", "Parallel Aware": false, "Async Capable": false, "Startup Cost": 5501.18, "Total Cost": 5501.19, "Plan Rows": 1, "Plan Width": 8, "Actual Rows": 1, "Actual Loops": 1, "Plans": [{"Node Type": "Nested Loop", "Parent Relationship": "Outer", "Parallel Aware": false, "Async Capable": false, "Join Type": "Inner", "Startup Cost": 1.57, "Total Cost": 5501.18, "Plan Rows": 1, "Plan Width": 0, "Actual Rows": 135, "Actual Loops": 1, "Inner Unique": false, "Join Filter": "(c.postid = p.id)", "Rows Removed by Join Filter": 4458237, "Plans": [{"Node Type": "Nested Loop", "Parent Relationship": "Outer", "Parallel Aware": false, "Async Capable": false, "Join Type": "Inner", "Startup Cost": 1.14, "Total Cost": 1752.13, "Plan Rows": 1, "Plan Width": 12, "Actual Rows": 313, "Actual Loops": 1, "Inner Unique": false, "Join Filter": "(p.id = v.postid)", "Rows Removed by Join Filter": 0, "Plans": [{"Node Type": "Nested Loop", "Parent Relationship": "Outer", "Parallel Aware": false, "Async Capable": false, "Join Type": "Inner", "Startup Cost": 0.71, "Total Cost": 1747.53, "Plan Rows": 1, "Plan Width": 8, "Actual Rows": 2, "Actual Loops": 1, "Inner Unique": false, "Plans": [{"Node Type": "Nested Loop", "Parent Relationship": "Outer", "Parallel Aware": false, "Async Capable": false, "Join Type": "Inner", "Startup Cost": 0.29, "Total Cost": 1738.58, "Plan Rows": 1, "Plan Width": 4, "Actual Rows": 2, "Actual Loops": 1, "Inner Unique": false, "Plans": [{"Node Type": "Seq Scan", "Parent Relationship": "Outer", "Parallel Aware": false, "Async Capable": false, "Relation Name": "users", "Alias": "u", "Startup Cost": 0.0, "Total Cost": 901.88, "Plan Rows": 65, "Plan Width": 4, "Actual Rows": 187, "Actual Loops": 1, "Filter": "((upvotes >= 148) AND (creationdate <= '2012-09-08 11:35:08'::timestamp without time zone))", "Rows Removed by Filter": 40138}, {"Node Type": "Index Scan", "Parent Relationship": "Inner", "Parallel Aware": false, "Async Capable": false, "Scan Direction": "Forward", "Index Name": "idx_posts_owneruserid", "Relation Name": "posts", "Alias": "p", "Startup Cost": 0.29, "Total Cost": 12.86, "Plan Rows": 1, "Plan Width": 8, "Actual Rows": 0, "Actual Loops": 187, "Index Cond": "(owneruserid = u.id)", "Rows Removed by Index Recheck": 0, "Filter": "((answercount >= 37) AND (creationdate >= '2009-06-08 11:26:25'::timestamp without time zone) AND (creationdate <= '2012-02-12 23:25:41'::timestamp without time zone) AND (posttypeid = 1))", "Rows Removed by Filter": 136}]}, {"Node Type": "Index Scan", "Parent Relationship": "Inner", "Parallel Aware": false, "Async Capable": false, "Scan Direction": "Forward", "Index Name": "idx_posthistory_postid", "Relation Name": "posthistory", "Alias": "ph", "Startup Cost": 0.42, "Total Cost": 8.94, "Plan Rows": 1, "Plan Width": 4, "Actual Rows": 1, "Actual Loops": 2, "Index Cond": "(postid = p.id)", "Rows Removed by Index Recheck": 0, "Filter": "(posthistorytypeid = 16)", "Rows Removed by Filter": 10}]}, {"Node Type": "Index Scan", "Parent Relationship": "Inner", "Parallel Aware": false, "Async Capable": false, "Scan Direction": "Forward", "Index Name": "idx_votes_postid", "Relation Name": "votes", "Alias": "v", "Startup Cost": 0.42, "Total Cost": 4.56, "Plan Rows": 3, "Plan Width": 4, "Actual Rows": 156, "Actual Loops": 2, "Index Cond": "(postid = ph.postid)", "Rows Removed by Index Recheck": 0, "Filter": "(creationdate >= '2012-06-17 02:39:56'::timestamp without time zone)", "Rows Removed by Filter": 122}]}, {"Node Type": "Nested Loop", "Parent Relationship": "Inner", "Parallel Aware": false, "Async Capable": false, "Join Type": "Inner", "Startup Cost": 0.43, "Total Cost": 3570.24, "Plan Rows": 14305, "Plan Width": 8, "Actual Rows": 14244, "Actual Loops": 313, "Inner Unique": false, "Plans": [{"Node Type": "Seq Scan", "Parent Relationship": "Outer", "Parallel Aware": false, "Async Capable": false, "Relation Name": "postlinks", "Alias": "pl", "Startup Cost": 0.0, "Total Cost": 248.53, "Plan Rows": 4205, "Plan Width": 4, "Actual Rows": 4203, "Actual Loops": 313, "Filter": "((creationdate >= '2012-04-05 02:11:31'::timestamp without time zone) AND (creationdate <= '2013-09-07 11:47:32'::timestamp without time zone))", "Rows Removed by Filter": 6899}, {"Node Type": "Memoize", "Parent Relationship": "Inner", "Parallel Aware": false, "Async Capable": false, "Startup Cost": 0.43, "Total Cost": 0.83, "Plan Rows": 3, "Plan Width": 4, "Actual Rows": 3, "Actual Loops": 1315539, "Cache Key": "pl.postid", "Cache Mode": "logical", "Cache Hits": 1312612, "Cache Misses": 2927, "Cache Evictions": 0, "Cache Overflows": 0, "Peak Memory Usage": 523, "Plans": [{"Node Type": "Index Only Scan", "Parent Relationship": "Outer", "Parallel Aware": false, "Async Capable": false, "Scan Direction": "Forward", "Index Name": "idx_comments_postid", "Relation Name": "comments", "Alias": "c", "Startup Cost": 0.42, "Total Cost": 0.82, "Plan Rows": 3, "Plan Width": 4, "Actual Rows": 3, "Actual Loops": 2927, "Index Cond": "(postid = pl.postid)", "Rows Removed by Index Recheck": 0, "Heap Fetches": 0}]}]}]}]}, "Planning Time": 6.222, "Triggers": [], "Execution Time": 647.066}, {"Plan": {"Node Type": "Aggregate", "Strategy": "Plain", "Partial Mode": "Simple", "Parallel Aware": false, "Async Capable": false, "Startup Cost": 7801.76, "Total Cost": 7801.77, "Plan Rows": 1, "Plan Width": 8, "Actual Rows": 1, "Actual Loops": 1, "Plans": [{"Node Type": "Gather", "Parent Relationship": "Outer", "Parallel Aware": false, "Async Capable": false, "Startup Cost": 2748.0, "Total Cost": 7801.76, "Plan Rows": 1, "Plan Width": 0, "Actual Rows": 135, "Actual Loops": 1, "Workers Planned": 1, "Workers Launched": 1, "Single Copy": false, "Plans": [{"Node Type": "Hash Join", "Parent Relationship": "Outer", "Parallel Aware": false, "Async Capable": false, "Join Type": "Inner", "Startup Cost": 1748.0, "Total Cost": 6801.66, "Plan Rows": 1, "Plan Width": 0, "Actual Rows": 68, "Actual Loops": 2, "Inner Unique": false, "Hash Cond": "(v.postid = p.id)", "Workers": [], "Plans": [{"Node Type": "Seq Scan", "Parent Relationship": "Outer", "Parallel Aware": true, "Async Capable": false, "Relation Name": "votes", "Alias": "v", "Startup Cost": 0.0, "Total Cost": 4572.24, "Plan Rows": 128377, "Plan Width": 4, "Actual Rows": 109032, "Actual Loops": 2, "Filter": "(creationdate >= '2012-06-17 02:39:56'::timestamp without time zone)", "Rows Removed by Filter": 55000, "Workers": []}, {"Node Type": "Hash", "Parent Relationship": "Inner", "Parallel Aware": false, "Async Capable": false, "Startup Cost": 1747.98, "Total Cost": 1747.98, "Plan Rows": 1, "Plan Width": 16, "Actual Rows": 1, "Actual Loops": 2, "Hash Buckets": 1024, "Original Hash Buckets": 1024, "Hash Batches": 1, "Original Hash Batches": 1, "Peak Memory Usage": 9, "Workers": [], "Plans": [{"Node Type": "Nested Loop", "Parent Relationship": "Outer", "Parallel Aware": false, "Async Capable": false, "Join Type": "Inner", "Startup Cost": 1.42, "Total Cost": 1747.98, "Plan Rows": 1, "Plan Width": 16, "Actual Rows": 1, "Actual Loops": 2, "Inner Unique": false, "Join Filter": "(p.id = ph.postid)", "Rows Removed by Join Filter": 0, "Workers": [], "Plans": [{"Node Type": "Nested Loop", "Parent Relationship": "Outer", "Parallel Aware": false, "Async Capable": false, "Join Type": "Inner", "Startup Cost": 1.0, "Total Cost": 1747.41, "Plan Rows": 1, "Plan Width": 12, "Actual Rows": 1, "Actual Loops": 2, "Inner Unique": false, "Join Filter": "(p.id = pl.postid)", "Rows Removed by Join Filter": 0, "Workers": [], "Plans": [{"Node Type": "Nested Loop", "Parent Relationship": "Outer", "Parallel Aware": false, "Async Capable": false, "Join Type": "Inner", "Startup Cost": 0.71, "Total Cost": 1747.08, "Plan Rows": 1, "Plan Width": 8, "Actual Rows": 8, "Actual Loops": 2, "Inner Unique": false, "Workers": [], "Plans": [{"Node Type": "Nested Loop", "Parent Relationship": "Outer", "Parallel Aware": false, "Async Capable": false, "Join Type": "Inner", "Startup Cost": 0.29, "Total Cost": 1738.58, "Plan Rows": 1, "Plan Width": 4, "Actual Rows": 2, "Actual Loops": 2, "Inner Unique": false, "Workers": [], "Plans": [{"Node Type": "Seq Scan", "Parent Relationship": "Outer", "Parallel Aware": false, "Async Capable": false, "Relation Name": "users", "Alias": "u", "Startup Cost": 0.0, "Total Cost": 901.88, "Plan Rows": 65, "Plan Width": 4, "Actual Rows": 187, "Actual Loops": 2, "Filter": "((upvotes >= 148) AND (creationdate <= '2012-09-08 11:35:08'::timestamp without time zone))", "Rows Removed by Filter": 40138, "Workers": []}, {"Node Type": "Index Scan", "Parent Relationship": "Inner", "Parallel Aware": false, "Async Capable": false, "Scan Direction": "Forward", "Index Name": "idx_posts_owneruserid", "Relation Name": "posts", "Alias": "p", "Startup Cost": 0.29, "Total Cost": 12.86, "Plan Rows": 1, "Plan Width": 8, "Actual Rows": 0, "Actual Loops": 374, "Index Cond": "(owneruserid = u.id)", "Rows Removed by Index Recheck": 0, "Filter": "((answercount >= 37) AND (creationdate >= '2009-06-08 11:26:25'::timestamp without time zone) AND (creationdate <= '2012-02-12 23:25:41'::timestamp without time zone) AND (posttypeid = 1))", "Rows Removed by Filter": 136, "Workers": []}]}, {"Node Type": "Index Only Scan", "Parent Relationship": "Inner", "Parallel Aware": false, "Async Capable": false, "Scan Direction": "Forward", "Index Name": "idx_comments_postid", "Relation Name": "comments", "Alias": "c", "Startup Cost": 0.42, "Total Cost": 8.47, "Plan Rows": 3, "Plan Width": 4, "Actual Rows": 4, "Actual Loops": 4, "Index Cond": "(postid = p.id)", "Rows Removed by Index Recheck": 0, "Heap Fetches": 0, "Workers": []}]}, {"Node Type": "Index Scan", "Parent Relationship": "Inner", "Parallel Aware": false, "Async Capable": false, "Scan Direction": "Forward", "Index Name": "idx_postlinks_postid", "Relation Name": "postlinks", "Alias": "pl", "Startup Cost": 0.29, "Total Cost": 0.31, "Plan Rows": 1, "Plan Width": 4, "Actual Rows": 0, "Actual Loops": 16, "Index Cond": "(postid = c.postid)", "Rows Removed by Index Recheck": 0, "Filter": "((creationdate >= '2012-04-05 02:11:31'::timestamp without time zone) AND (creationdate <= '2013-09-07 11:47:32'::timestamp without time zone))", "Rows Removed by Filter": 2, "Workers": []}]}, {"Node Type": "Index Scan", "Parent Relationship": "Inner", "Parallel Aware": false, "Async Capable": false, "Scan Direction": "Forward", "Index Name": "idx_posthistory_postid", "Relation Name": "posthistory", "Alias": "ph", "Startup Cost": 0.42, "Total Cost": 0.57, "Plan Rows": 1, "Plan Width": 4, "Actual Rows": 1, "Actual Loops": 2, "Index Cond": "(postid = c.postid)", "Rows Removed by Index Recheck": 0, "Filter": "(posthistorytypeid = 16)", "Rows Removed by Filter": 15, "Workers": []}]}]}]}]}]}, "Planning Time": 7.555, "Triggers": [], "Execution Time": 67.912}, {"Plan": {"Node Type": "Aggregate", "Strategy": "Plain", "Partial Mode": "Simple", "Parallel Aware": false, "Async Capable": false, "Startup Cost": 12484.18, "Total Cost": 12484.19, "Plan Rows": 1, "Plan Width": 8, "Actual Rows": 1, "Actual Loops": 1, "Plans": [{"Node Type": "Nested Loop", "Parent Relationship": "Outer", "Parallel Aware": false, "Async Capable": false, "Join Type": "Inner", "Startup Cost": 1001.42, "Total Cost": 12484.18, "Plan Rows": 1, "Plan Width": 0, "Actual Rows": 135, "Actual Loops": 1, "Inner Unique": false, "Join Filter": "(p.id = v.postid)", "Rows Removed by Join Filter": 33671, "Plans": [{"Node Type": "Nested Loop", "Parent Relationship": "Outer", "Parallel Aware": false, "Async Capable": false, "Join Type": "Inner", "Startup Cost": 0.58, "Total Cost": 1746.9, "Plan Rows": 1, "Plan Width": 8, "Actual Rows": 1, "Actual Loops": 1, "Inner Unique": false, "Plans": [{"Node Type": "Nested Loop", "Parent Relationship": "Outer", "Parallel Aware": false, "Async Capable": false, "Join Type": "Inner", "Startup Cost": 0.29, "Total Cost": 1738.58, "Plan Rows": 1, "Plan Width": 4, "Actual Rows": 2, "Actual Loops": 1, "Inner Unique": false, "Plans": [{"Node Type": "Seq Scan", "Parent Relationship": "Outer", "Parallel Aware": false, "Async Capable": false, "Relation Name": "users", "Alias": "u", "Startup Cost": 0.0, "Total Cost": 901.88, "Plan Rows": 65, "Plan Width": 4, "Actual Rows": 187, "Actual Loops": 1, "Filter": "((upvotes >= 148) AND (creationdate <= '2012-09-08 11:35:08'::timestamp without time zone))", "Rows Removed by Filter": 40138}, {"Node Type": "Index Scan", "Parent Relationship": "Inner", "Parallel Aware": false, "Async Capable": false, "Scan Direction": "Forward", "Index Name": "idx_posts_owneruserid", "Relation Name": "posts", "Alias": "p", "Startup Cost": 0.29, "Total Cost": 12.86, "Plan Rows": 1, "Plan Width": 8, "Actual Rows": 0, "Actual Loops": 187, "Index Cond": "(owneruserid = u.id)", "Rows Removed by Index Recheck": 0, "Filter": "((answercount >= 37) AND (creationdate >= '2009-06-08 11:26:25'::timestamp without time zone) AND (creationdate <= '2012-02-12 23:25:41'::timestamp without time zone) AND (posttypeid = 1))", "Rows Removed by Filter": 136}]}, {"Node Type": "Index Scan", "Parent Relationship": "Inner", "Parallel Aware": false, "Async Capable": false, "Scan Direction": "Forward", "Index Name": "idx_postlinks_postid", "Relation Name": "postlinks", "Alias": "pl", "Startup Cost": 0.29, "Total Cost": 8.31, "Plan Rows": 1, "Plan Width": 4, "Actual Rows": 0, "Actual Loops": 2, "Index Cond": "(postid = p.id)", "Rows Removed by Index Recheck": 0, "Filter": "((creationdate >= '2012-04-05 02:11:31'::timestamp without time zone) AND (creationdate <= '2013-09-07 11:47:32'::timestamp without time zone))", "Rows Removed by Filter": 1}]}, {"Node Type": "Gather", "Parent Relationship": "Inner", "Parallel Aware": false, "Async Capable": false, "Startup Cost": 1000.84, "Total Cost": 10519.24, "Plan Rows": 17443, "Plan Width": 12, "Actual Rows": 33806, "Actual Loops": 1, "Workers Planned": 1, "Workers Launched": 1, "Single Copy": false, "Plans": [{"Node Type": "Nested Loop", "Parent Relationship": "Outer", "Parallel Aware": false, "Async Capable": false, "Join Type": "Inner", "Startup Cost": 0.84, "Total Cost": 7774.94, "Plan Rows": 10261, "Plan Width": 12, "Actual Rows": 16903, "Actual Loops": 2, "Inner Unique": false, "Workers": [], "Plans": [{"Node Type": "Nested Loop", "Parent Relationship": "Outer", "Parallel Aware": false, "Async Capable": false, "Join Type": "Inner", "Startup Cost": 0.42, "Total Cost": 5977.26, "Plan Rows": 2931, "Plan Width": 8, "Actual Rows": 1687, "Actual Loops": 2, "Inner Unique": false, "Workers": [], "Plans": [{"Node Type": "Seq Scan", "Parent Relationship": "Outer", "Parallel Aware": true, "Async Capable": false, "Relation Name": "posthistory", "Alias": "ph", "Startup Cost": 0.0, "Total Cost": 4469.32, "Plan Rows": 1328, "Plan Width": 4, "Actual Rows": 1096, "Actual Loops": 2, "Filter": "(posthistorytypeid = 16)", "Rows Removed by Filter": 150497, "Workers": []}, {"Node Type": "Index Only Scan", "Parent Relationship": "Inner", "Parallel Aware": false, "Async Capable": false, "Scan Direction": "Forward", "Index Name": "idx_comments_postid", "Relation Name": "comments", "Alias": "c", "Startup Cost": 0.42, "Total Cost": 1.11, "Plan Rows": 3, "Plan Width": 4, "Actual Rows": 2, "Actual Loops": 2193, "Index Cond": "(postid = ph.postid)", "Rows Removed by Index Recheck": 0, "Heap Fetches": 0, "Workers": []}]}, {"Node Type": "Index Scan", "Parent Relationship": "Inner", "Parallel Aware": false, "Async Capable": false, "Scan Direction": "Forward", "Index Name": "idx_votes_postid", "Relation Name": "votes", "Alias": "v", "Startup Cost": 0.42, "Total Cost": 0.58, "Plan Rows": 3, "Plan Width": 4, "Actual Rows": 10, "Actual Loops": 3374, "Index Cond": "(postid = c.postid)", "Rows Removed by Index Recheck": 0, "Filter": "(creationdate >= '2012-06-17 02:39:56'::timestamp without time zone)", "Rows Removed by Filter": 9, "Workers": []}]}]}]}]}, "Planning Time": 6.788, "Triggers": [], "Execution Time": 104.421}, {"Plan": {"Node Type": "Aggregate", "Strategy": "Plain", "Partial Mode": "Simple", "Parallel Aware": false, "Async Capable": false, "Startup Cost": 10155.24, "Total Cost": 10155.25, "Plan Rows": 1, "Plan Width": 8, "Actual Rows": 1, "Actual Loops": 1, "Plans": [{"Node Type": "Gather", "Parent Relationship": "Outer", "Parallel Aware": false, "Async Capable": false, "Startup Cost": 3048.77, "Total Cost": 10155.23, "Plan Rows": 1, "Plan Width": 0, "Actual Rows": 135, "Actual Loops": 1, "Workers Planned": 1, "Workers Launched": 1, "Single Copy": false, "Plans": [{"Node Type": "Hash Join", "Parent Relationship": "Outer", "Parallel Aware": false, "Async Capable": false, "Join Type": "Inner", "Startup Cost": 2048.77, "Total Cost": 9155.13, "Plan Rows": 1, "Plan Width": 0, "Actual Rows": 68, "Actual Loops": 2, "Inner Unique": false, "Hash Cond": "(v.postid = p.id)", "Workers": [], "Plans": [{"Node Type": "Hash Join", "Parent Relationship": "Outer", "Parallel Aware": false, "Async Capable": false, "Join Type": "Inner", "Startup Cost": 301.09, "Total Cost": 7372.8, "Plan Rows": 9241, "Plan Width": 8, "Actual Rows": 11276, "Actual Loops": 2, "Inner Unique": false, "Hash Cond": "(v.postid = pl.postid)", "Workers": [], "Plans": [{"Node Type": "Seq Scan", "Parent Relationship": "Outer", "Parallel Aware": true, "Async Capable": false, "Relation Name": "votes", "Alias": "v", "Startup Cost": 0.0, "Total Cost": 4572.24, "Plan Rows": 128377, "Plan Width": 4, "Actual Rows": 109032, "Actual Loops": 2, "Filter": "(creationdate >= '2012-06-17 02:39:56'::timestamp without time zone)", "Rows Removed by Filter": 55000, "Workers": []}, {"Node Type": "Hash", "Parent Relationship": "Inner", "Parallel Aware": false, "Async Capable": false, "Startup Cost": 248.53, "Total Cost": 248.53, "Plan Rows": 4205, "Plan Width": 4, "Actual Rows": 4203, "Actual Loops": 2, "Hash Buckets": 8192, "Original Hash Buckets": 8192, "Hash Batches": 1, "Original Hash Batches": 1, "Peak Memory Usage": 212, "Workers": [], "Plans": [{"Node Type": "Seq Scan", "Parent Relationship": "Outer", "Parallel Aware": false, "Async Capable": false, "Relation Name": "postlinks", "Alias": "pl", "Startup Cost": 0.0, "Total Cost": 248.53, "Plan Rows": 4205, "Plan Width": 4, "Actual Rows": 4203, "Actual Loops": 2, "Filter": "((creationdate >= '2012-04-05 02:11:31'::timestamp without time zone) AND (creationdate <= '2013-09-07 11:47:32'::timestamp without time zone))", "Rows Removed by Filter": 6899, "Workers": []}]}]}, {"Node Type": "Hash", "Parent Relationship": "Inner", "Parallel Aware": false, "Async Capable": false, "Startup Cost": 1747.66, "Total Cost": 1747.66, "Plan Rows": 1, "Plan Width": 12, "Actual Rows": 8, "Actual Loops": 2, "Hash Buckets": 1024, "Original Hash Buckets": 1024, "Hash Batches": 1, "Original Hash Batches": 1, "Peak Memory Usage": 9, "Workers": [], "Plans": [{"Node Type": "Nested Loop", "Parent Relationship": "Outer", "Parallel Aware": false, "Async Capable": false, "Join Type": "Inner", "Startup Cost": 1.13, "Total Cost": 1747.66, "Plan Rows": 1, "Plan Width": 12, "Actual Rows": 8, "Actual Loops": 2, "Inner Unique": false, "Join Filter": "(p.id = ph.postid)", "Rows Removed by Join Filter": 0, "Workers": [], "Plans": [{"Node Type": "Nested Loop", "Parent Relationship": "Outer", "Parallel Aware": false, "Async Capable": false, "Join Type": "Inner", "Startup Cost": 0.71, "Total Cost": 1747.08, "Plan Rows": 1, "Plan Width": 8, "Actual Rows": 8, "Actual Loops": 2, "Inner Unique": false, "Workers": [], "Plans": [{"Node Type": "Nested Loop", "Parent Relationship": "Outer", "Parallel Aware": false, "Async Capable": false, "Join Type": "Inner", "Startup Cost": 0.29, "Total Cost": 1738.58, "Plan Rows": 1, "Plan Width": 4, "Actual Rows": 2, "Actual Loops": 2, "Inner Unique": false, "Workers": [], "Plans": [{"Node Type": "Seq Scan", "Parent Relationship": "Outer", "Parallel Aware": false, "Async Capable": false, "Relation Name": "users", "Alias": "u", "Startup Cost": 0.0, "Total Cost": 901.88, "Plan Rows": 65, "Plan Width": 4, "Actual Rows": 187, "Actual Loops": 2, "Filter": "((upvotes >= 148) AND (creationdate <= '2012-09-08 11:35:08'::timestamp without time zone))", "Rows Removed by Filter": 40138, "Workers": []}, {"Node Type": "Index Scan", "Parent Relationship": "Inner", "Parallel Aware": false, "Async Capable": false, "Scan Direction": "Forward", "Index Name": "idx_posts_owneruserid", "Relation Name": "posts", "Alias": "p", "Startup Cost": 0.29, "Total Cost": 12.86, "Plan Rows": 1, "Plan Width": 8, "Actual Rows": 0, "Actual Loops": 374, "Index Cond": "(owneruserid = u.id)", "Rows Removed by Index Recheck": 0, "Filter": "((answercount >= 37) AND (creationdate >= '2009-06-08 11:26:25'::timestamp without time zone) AND (creationdate <= '2012-02-12 23:25:41'::timestamp without time zone) AND (posttypeid = 1))", "Rows Removed by Filter": 136, "Workers": []}]}, {"Node Type": "Index Only Scan", "Parent Relationship": "Inner", "Parallel Aware": false, "Async Capable": false, "Scan Direction": "Forward", "Index Name": "idx_comments_postid", "Relation Name": "comments", "Alias": "c", "Startup Cost": 0.42, "Total Cost": 8.47, "Plan Rows": 3, "Plan Width": 4, "Actual Rows": 4, "Actual Loops": 4, "Index Cond": "(postid = p.id)", "Rows Removed by Index Recheck": 0, "Heap Fetches": 0, "Workers": []}]}, {"Node Type": "Index Scan", "Parent Relationship": "Inner", "Parallel Aware": false, "Async Capable": false, "Scan Direction": "Forward", "Index Name": "idx_posthistory_postid", "Relation Name": "posthistory", "Alias": "ph", "Startup Cost": 0.42, "Total Cost": 0.57, "Plan Rows": 1, "Plan Width": 4, "Actual Rows": 1, "Actual Loops": 16, "Index Cond": "(postid = c.postid)", "Rows Removed by Index Recheck": 0, "Filter": "(posthistorytypeid = 16)", "Rows Removed by Filter": 5, "Workers": []}]}]}]}]}]}, "Planning Time": 7.414, "Triggers": [], "Execution Time": 77.336}, {"Plan": {"Node Type": "Aggregate", "Strategy": "Plain", "Partial Mode": "Simple", "Parallel Aware": false, "Async Capable": false, "Startup Cost": 1751.05, "Total Cost": 1751.06, "Plan Rows": 1, "Plan Width": 8, "Actual Rows": 1, "Actual Loops": 1, "Plans": [{"Node Type": "Nested Loop", "Parent Relationship": "Outer", "Parallel Aware": false, "Async Capable": false, "Join Type": "Inner", "Startup Cost": 1.84, "Total Cost": 1751.05, "Plan Rows": 1, "Plan Width": 0, "Actual Rows": 135, "Actual Loops": 1, "Inner Unique": false, "Join Filter": "(c.postid = p.id)", "Rows Removed by Join Filter": 0, "Plans": [{"Node Type": "Nested Loop", "Parent Relationship": "Outer", "Parallel Aware": false, "Async Capable": false, "Join Type": "Inner", "Startup Cost": 1.42, "Total Cost": 1750.53, "Plan Rows": 1, "Plan Width": 16, "Actual Rows": 135, "Actual Loops": 1, "Inner Unique": false, "Join Filter": "(p.id = ph.postid)", "Rows Removed by Join Filter": 0, "Plans": [{"Node Type": "Nested Loop", "Parent Relationship": "Outer", "Parallel Aware": false, "Async Capable": false, "Join Type": "Inner", "Startup Cost": 1.0, "Total Cost": 1749.96, "Plan Rows": 1, "Plan Width": 12, "Actual Rows": 135, "Actual Loops": 1, "Inner Unique": false, "Join Filter": "(p.id = v.postid)", "Rows Removed by Join Filter": 0, "Plans": [{"Node Type": "Nested Loop", "Parent Relationship": "Outer", "Parallel Aware": false, "Async Capable": false, "Join Type": "Inner", "Startup Cost": 0.58, "Total Cost": 1746.9, "Plan Rows": 1, "Plan Width": 8, "Actual Rows": 1, "Actual Loops": 1, "Inner Unique": false, "Plans": [{"Node Type": "Nested Loop", "Parent Relationship": "Outer", "Parallel Aware": false, "Async Capable": false, "Join Type": "Inner", "Startup Cost": 0.29, "Total Cost": 1738.58, "Plan Rows": 1, "Plan Width": 4, "Actual Rows": 2, "Actual Loops": 1, "Inner Unique": false, "Plans": [{"Node Type": "Seq Scan", "Parent Relationship": "Outer", "Parallel Aware": false, "Async Capable": false, "Relation Name": "users", "Alias": "u", "Startup Cost": 0.0, "Total Cost": 901.88, "Plan Rows": 65, "Plan Width": 4, "Actual Rows": 187, "Actual Loops": 1, "Filter": "((upvotes >= 148) AND (creationdate <= '2012-09-08 11:35:08'::timestamp without time zone))", "Rows Removed by Filter": 40138}, {"Node Type": "Index Scan", "Parent Relationship": "Inner", "Parallel Aware": false, "Async Capable": false, "Scan Direction": "Forward", "Index Name": "idx_posts_owneruserid", "Relation Name": "posts", "Alias": "p", "Startup Cost": 0.29, "Total Cost": 12.86, "Plan Rows": 1, "Plan Width": 8, "Actual Rows": 0, "Actual Loops": 187, "Index Cond": "(owneruserid = u.id)", "Rows Removed by Index Recheck": 0, "Filter": "((answercount >= 37) AND (creationdate >= '2009-06-08 11:26:25'::timestamp without time zone) AND (creationdate <= '2012-02-12 23:25:41'::timestamp without time zone) AND (posttypeid = 1))", "Rows Removed by Filter": 136}]}, {"Node Type": "Index Scan", "Parent Relationship": "Inner", "Parallel Aware": false, "Async Capable": false, "Scan Direction": "Forward", "Index Name": "idx_postlinks_postid", "Relation Name": "postlinks", "Alias": "pl", "Startup Cost": 0.29, "Total Cost": 8.31, "Plan Rows": 1, "Plan Width": 4, "Actual Rows": 0, "Actual Loops": 2, "Index Cond": "(postid = p.id)", "Rows Removed by Index Recheck": 0, "Filter": "((creationdate >= '2012-04-05 02:11:31'::timestamp without time zone) AND (creationdate <= '2013-09-07 11:47:32'::timestamp without time zone))", "Rows Removed by Filter": 1}]}, {"Node Type": "Index Scan", "Parent Relationship": "Inner", "Parallel Aware": false, "Async Capable": false, "Scan Direction": "Forward", "Index Name": "idx_votes_postid", "Relation Name": "votes", "Alias": "v", "Startup Cost": 0.42, "Total Cost": 3.03, "Plan Rows": 3, "Plan Width": 4, "Actual Rows": 135, "Actual Loops": 1, "Index Cond": "(postid = pl.postid)", "Rows Removed by Index Recheck": 0, "Filter": "(creationdate >= '2012-06-17 02:39:56'::timestamp without time zone)", "Rows Removed by Filter": 119}]}, {"Node Type": "Index Scan", "Parent Relationship": "Inner", "Parallel Aware": false, "Async Capable": false, "Scan Direction": "Forward", "Index Name": "idx_posthistory_postid", "Relation Name": "posthistory", "Alias": "ph", "Startup Cost": 0.42, "Total Cost": 0.55, "Plan Rows": 1, "Plan Width": 4, "Actual Rows": 1, "Actual Loops": 135, "Index Cond": "(postid = v.postid)", "Rows Removed by Index Recheck": 0, "Filter": "(posthistorytypeid = 16)", "Rows Removed by Filter": 15}]}, {"Node Type": "Index Only Scan", "Parent Relationship": "Inner", "Parallel Aware": false, "Async Capable": false, "Scan Direction": "Forward", "Index Name": "idx_comments_postid", "Relation Name": "comments", "Alias": "c", "Startup Cost": 0.42, "Total Cost": 0.48, "Plan Rows": 3, "Plan Width": 4, "Actual Rows": 1, "Actual Loops": 135, "Index Cond": "(postid = v.postid)", "Rows Removed by Index Recheck": 0, "Heap Fetches": 0}]}]}, "Planning Time": 5.652, "Triggers": [], "Execution Time": 10.525}, {"Plan": {"Node Type": "Aggregate", "Strategy": "Plain", "Partial Mode": "Simple", "Parallel Aware": false, "Async Capable": false, "Startup Cost": 16703.29, "Total Cost": 16703.3, "Plan Rows": 1, "Plan Width": 8, "Actual Rows": 1, "Actual Loops": 1, "Plans": [{"Node Type": "Nested Loop", "Parent Relationship": "Outer", "Parallel Aware": false, "Async Capable": false, "Join Type": "Inner", "Startup Cost": 3749.76, "Total Cost": 16703.29, "Plan Rows": 1, "Plan Width": 0, "Actual Rows": 135, "Actual Loops": 1, "Inner Unique": false, "Join Filter": "(p.id = v.postid)", "Rows Removed by Join Filter": 185559, "Plans": [{"Node Type": "Nested Loop", "Parent Relationship": "Outer", "Parallel Aware": false, "Async Capable": false, "Join Type": "Inner", "Startup Cost": 0.71, "Total Cost": 1747.53, "Plan Rows": 1, "Plan Width": 8, "Actual Rows": 2, "Actual Loops": 1, "Inner Unique": false, "Plans": [{"Node Type": "Nested Loop", "Parent Relationship": "Outer", "Parallel Aware": false, "Async Capable": false, "Join Type": "Inner", "Startup Cost": 0.29, "Total Cost": 1738.58, "Plan Rows": 1, "Plan Width": 4, "Actual Rows": 2, "Actual Loops": 1, "Inner Unique": false, "Plans": [{"Node Type": "Seq Scan", "Parent Relationship": "Outer", "Parallel Aware": false, "Async Capable": false, "Relation Name": "users", "Alias": "u", "Startup Cost": 0.0, "Total Cost": 901.88, "Plan Rows": 65, "Plan Width": 4, "Actual Rows": 187, "Actual Loops": 1, "Filter": "((upvotes >= 148) AND (creationdate <= '2012-09-08 11:35:08'::timestamp without time zone))", "Rows Removed by Filter": 40138}, {"Node Type": "Index Scan", "Parent Relationship": "Inner", "Parallel Aware": false, "Async Capable": false, "Scan Direction": "Forward", "Index Name": "idx_posts_owneruserid", "Relation Name": "posts", "Alias": "p", "Startup Cost": 0.29, "Total Cost": 12.86, "Plan Rows": 1, "Plan Width": 8, "Actual Rows": 0, "Actual Loops": 187, "Index Cond": "(owneruserid = u.id)", "Rows Removed by Index Recheck": 0, "Filter": "((answercount >= 37) AND (creationdate >= '2009-06-08 11:26:25'::timestamp without time zone) AND (creationdate <= '2012-02-12 23:25:41'::timestamp without time zone) AND (posttypeid = 1))", "Rows Removed by Filter": 136}]}, {"Node Type": "Index Scan", "Parent Relationship": "Inner", "Parallel Aware": false, "Async Capable": false, "Scan Direction": "Forward", "Index Name": "idx_posthistory_postid", "Relation Name": "posthistory", "Alias": "ph", "Startup Cost": 0.42, "Total Cost": 8.94, "Plan Rows": 1, "Plan Width": 4, "Actual Rows": 1, "Actual Loops": 2, "Index Cond": "(postid = p.id)", "Rows Removed by Index Recheck": 0, "Filter": "(posthistorytypeid = 16)", "Rows Removed by Filter": 10}]}, {"Node Type": "Hash Join", "Parent Relationship": "Inner", "Parallel Aware": false, "Async Capable": false, "Join Type": "Inner", "Startup Cost": 3749.05, "Total Cost": 14329.82, "Plan Rows": 50075, "Plan Width": 12, "Actual Rows": 92847, "Actual Loops": 2, "Inner Unique": false, "Hash Cond": "(v.postid = c.postid)", "Plans": [{"Node Type": "Seq Scan", "Parent Relationship": "Outer", "Parallel Aware": false, "Async Capable": false, "Relation Name": "votes", "Alias": "v", "Startup Cost": 0.0, "Total Cost": 6260.8, "Plan Rows": 218241, "Plan Width": 4, "Actual Rows": 218064, "Actual Loops": 2, "Filter": "(creationdate >= '2012-06-17 02:39:56'::timestamp without time zone)", "Rows Removed by Filter": 110000}, {"Node Type": "Hash", "Parent Relationship": "Inner", "Parallel Aware": false, "Async Capable": false, "Startup Cost": 3570.24, "Total Cost": 3570.24, "Plan Rows": 14305, "Plan Width": 8, "Actual Rows": 14244, "Actual Loops": 1, "Hash Buckets": 16384, "Original Hash Buckets": 16384, "Hash Batches": 1, "Original Hash Batches": 1, "Peak Memory Usage": 685, "Plans": [{"Node Type": "Nested Loop", "Parent Relationship": "Outer", "Parallel Aware": false, "Async Capable": false, "Join Type": "Inner", "Startup Cost": 0.43, "Total Cost": 3570.24, "Plan Rows": 14305, "Plan Width": 8, "Actual Rows": 14244, "Actual Loops": 1, "Inner Unique": false, "Plans": [{"Node Type": "Seq Scan", "Parent Relationship": "Outer", "Parallel Aware": false, "Async Capable": false, "Relation Name": "postlinks", "Alias": "pl", "Startup Cost": 0.0, "Total Cost": 248.53, "Plan Rows": 4205, "Plan Width": 4, "Actual Rows": 4203, "Actual Loops": 1, "Filter": "((creationdate >= '2012-04-05 02:11:31'::timestamp without time zone) AND (creationdate <= '2013-09-07 11:47:32'::timestamp without time zone))", "Rows Removed by Filter": 6899}, {"Node Type": "Memoize", "Parent Relationship": "Inner", "Parallel Aware": false, "Async Capable": false, "Startup Cost": 0.43, "Total Cost": 0.83, "Plan Rows": 3, "Plan Width": 4, "Actual Rows": 3, "Actual Loops": 4203, "Cache Key": "pl.postid", "Cache Mode": "logical", "Cache Hits": 1276, "Cache Misses": 2927, "Cache Evictions": 0, "Cache Overflows": 0, "Peak Memory Usage": 523, "Plans": [{"Node Type": "Index Only Scan", "Parent Relationship": "Outer", "Parallel Aware": false, "Async Capable": false, "Scan Direction": "Forward", "Index Name": "idx_comments_postid", "Relation Name": "comments", "Alias": "c", "Startup Cost": 0.42, "Total Cost": 0.82, "Plan Rows": 3, "Plan Width": 4, "Actual Rows": 3, "Actual Loops": 2927, "Index Cond": "(postid = pl.postid)", "Rows Removed by Index Recheck": 0, "Heap Fetches": 0}]}]}]}]}]}]}, "Planning Time": 7.355, "Triggers": [], "Execution Time": 172.148}, {"Plan": {"Node Type": "Aggregate", "Strategy": "Plain", "Partial Mode": "Finalize", "Parallel Aware": false, "Async Capable": false, "Startup Cost": 7611.55, "Total Cost": 7611.56, "Plan Rows": 1, "Plan Width": 8, "Actual Rows": 1, "Actual Loops": 1, "Plans": [{"Node Type": "Gather", "Parent Relationship": "Outer", "Parallel Aware": false, "Async Capable": false, "Startup Cost": 7611.43, "Total Cost": 7611.54, "Plan Rows": 1, "Plan Width": 8, "Actual Rows": 2, "Actual Loops": 1, "Workers Planned": 1, "Workers Launched": 1, "Single Copy": false, "Plans": [{"Node Type": "Aggregate", "Strategy": "Plain", "Partial Mode": "Partial", "Parent Relationship": "Outer", "Parallel Aware": false, "Async Capable": false, "Startup Cost": 6611.43, "Total Cost": 6611.44, "Plan Rows": 1, "Plan Width": 8, "Actual Rows": 1, "Actual Loops": 2, "Workers": [], "Plans": [{"Node Type": "Hash Join", "Parent Relationship": "Outer", "Parallel Aware": false, "Async Capable": false, "Join Type": "Inner", "Startup Cost": 2055.89, "Total Cost": 6611.43, "Plan Rows": 1, "Plan Width": 0, "Actual Rows": 68, "Actual Loops": 2, "Inner Unique": false, "Hash Cond": "(c.postid = p.id)", "Workers": [], "Plans": [{"Node Type": "Nested Loop", "Parent Relationship": "Outer", "Parallel Aware": false, "Async Capable": false, "Join Type": "Inner", "Startup Cost": 301.51, "Total Cost": 4856.15, "Plan Rows": 241, "Plan Width": 12, "Actual Rows": 141, "Actual Loops": 2, "Inner Unique": false, "Workers": [], "Plans": [{"Node Type": "Hash Join", "Parent Relationship": "Outer", "Parallel Aware": false, "Async Capable": false, "Join Type": "Inner", "Startup Cost": 301.09, "Total Cost": 4796.02, "Plan Rows": 71, "Plan Width": 8, "Actual Rows": 36, "Actual Loops": 2, "Inner Unique": false, "Hash Cond": "(ph.postid = pl.postid)", "Workers": [], "Plans": [{"Node Type": "Seq Scan", "Parent Relationship": "Outer", "Parallel Aware": true, "Async Capable": false, "Relation Name": "posthistory", "Alias": "ph", "Startup Cost": 0.0, "Total Cost": 4469.32, "Plan Rows": 1328, "Plan Width": 4, "Actual Rows": 1096, "Actual Loops": 2, "Filter": "(posthistorytypeid = 16)", "Rows Removed by Filter": 150497, "Workers": []}, {"Node Type": "Hash", "Parent Relationship": "Inner", "Parallel Aware": false, "Async Capable": false, "Startup Cost": 248.53, "Total Cost": 248.53, "Plan Rows": 4205, "Plan Width": 4, "Actual Rows": 4203, "Actual Loops": 2, "Hash Buckets": 8192, "Original Hash Buckets": 8192, "Hash Batches": 1, "Original Hash Batches": 1, "Peak Memory Usage": 212, "Workers": [], "Plans": [{"Node Type": "Seq Scan", "Parent Relationship": "Outer", "Parallel Aware": false, "Async Capable": false, "Relation Name": "postlinks", "Alias": "pl", "Startup Cost": 0.0, "Total Cost": 248.53, "Plan Rows": 4205, "Plan Width": 4, "Actual Rows": 4203, "Actual Loops": 2, "Filter": "((creationdate >= '2012-04-05 02:11:31'::timestamp without time zone) AND (creationdate <= '2013-09-07 11:47:32'::timestamp without time zone))", "Rows Removed by Filter": 6899, "Workers": []}]}]}, {"Node Type": "Index Only Scan", "Parent Relationship": "Inner", "Parallel Aware": false, "Async Capable": false, "Scan Direction": "Forward", "Index Name": "idx_comments_postid", "Relation Name": "comments", "Alias": "c", "Startup Cost": 0.42, "Total Cost": 0.82, "Plan Rows": 3, "Plan Width": 4, "Actual Rows": 4, "Actual Loops": 73, "Index Cond": "(postid = pl.postid)", "Rows Removed by Index Recheck": 0, "Heap Fetches": 0, "Workers": []}]}, {"Node Type": "Hash", "Parent Relationship": "Inner", "Parallel Aware": false, "Async Capable": false, "Startup Cost": 1754.36, "Total Cost": 1754.36, "Plan Rows": 1, "Plan Width": 8, "Actual Rows": 313, "Actual Loops": 2, "Hash Buckets": 1024, "Original Hash Buckets": 1024, "Hash Batches": 1, "Original Hash Batches": 1, "Peak Memory Usage": 21, "Workers": [], "Plans": [{"Node Type": "Nested Loop", "Parent Relationship": "Outer", "Parallel Aware": false, "Async Capable": false, "Join Type": "Inner", "Startup Cost": 0.71, "Total Cost": 1754.36, "Plan Rows": 1, "Plan Width": 8, "Actual Rows": 313, "Actual Loops": 2, "Inner Unique": false, "Workers": [], "Plans": [{"Node Type": "Nested Loop", "Parent Relationship": "Outer", "Parallel Aware": false, "Async Capable": false, "Join Type": "Inner", "Startup Cost": 0.29, "Total Cost": 1738.58, "Plan Rows": 1, "Plan Width": 4, "Actual Rows": 2, "Actual Loops": 2, "Inner Unique": false, "Workers": [], "Plans": [{"Node Type": "Seq Scan", "Parent Relationship": "Outer", "Parallel Aware": false, "Async Capable": false, "Relation Name": "users", "Alias": "u", "Startup Cost": 0.0, "Total Cost": 901.88, "Plan Rows": 65, "Plan Width": 4, "Actual Rows": 187, "Actual Loops": 2, "Filter": "((upvotes >= 148) AND (creationdate <= '2012-09-08 11:35:08'::timestamp without time zone))", "Rows Removed by Filter": 40138, "Workers": []}, {"Node Type": "Index Scan", "Parent Relationship": "Inner", "Parallel Aware": false, "Async Capable": false, "Scan Direction": "Forward", "Index Name": "idx_posts_owneruserid", "Relation Name": "posts", "Alias": "p", "Startup Cost": 0.29, "Total Cost": 12.86, "Plan Rows": 1, "Plan Width": 8, "Actual Rows": 0, "Actual Loops": 374, "Index Cond": "(owneruserid = u.id)", "Rows Removed by Index Recheck": 0, "Filter": "((answercount >= 37) AND (creationdate >= '2009-06-08 11:26:25'::timestamp without time zone) AND (creationdate <= '2012-02-12 23:25:41'::timestamp without time zone) AND (posttypeid = 1))", "Rows Removed by Filter": 136, "Workers": []}]}, {"Node Type": "Index Scan", "Parent Relationship": "Inner", "Parallel Aware": false, "Async Capable": false, "Scan Direction": "Forward", "Index Name": "idx_votes_postid", "Relation Name": "votes", "Alias": "v", "Startup Cost": 0.42, "Total Cost": 15.75, "Plan Rows": 3, "Plan Width": 4, "Actual Rows": 156, "Actual Loops": 4, "Index Cond": "(postid = p.id)", "Rows Removed by Index Recheck": 0, "Filter": "(creationdate >= '2012-06-17 02:39:56'::timestamp without time zone)", "Rows Removed by Filter": 122, "Workers": []}]}]}]}]}]}]}, "Planning Time": 8.573, "Triggers": [], "Execution Time": 69.464}, {"Plan": {"Node Type": "Aggregate", "Strategy": "Plain", "Partial Mode": "Simple", "Parallel Aware": false, "Async Capable": false, "Startup Cost": 7222.45, "Total Cost": 7222.46, "Plan Rows": 1, "Plan Width": 8, "Actual Rows": 1, "Actual Loops": 1, "Plans": [{"Node Type": "Gather", "Parent Relationship": "Outer", "Parallel Aware": false, "Async Capable": false, "Startup Cost": 2748.04, "Total Cost": 7222.44, "Plan Rows": 1, "Plan Width": 0, "Actual Rows": 135, "Actual Loops": 1, "Workers Planned": 1, "Workers Launched": 1, "Single Copy": false, "Plans": [{"Node Type": "Hash Join", "Parent Relationship": "Outer", "Parallel Aware": false, "Async Capable": false, "Join Type": "Inner", "Startup Cost": 1748.04, "Total Cost": 6222.34, "Plan Rows": 1, "Plan Width": 0, "Actual Rows": 68, "Actual Loops": 2, "Inner Unique": false, "Hash Cond": "(ph.postid = p.id)", "Workers": [], "Plans": [{"Node Type": "Seq Scan", "Parent Relationship": "Outer", "Parallel Aware": true, "Async Capable": false, "Relation Name": "posthistory", "Alias": "ph", "Startup Cost": 0.0, "Total Cost": 4469.32, "Plan Rows": 1328, "Plan Width": 4, "Actual Rows": 1096, "Actual Loops": 2, "Filter": "(posthistorytypeid = 16)", "Rows Removed by Filter": 150497, "Workers": []}, {"Node Type": "Hash", "Parent Relationship": "Inner", "Parallel Aware": false, "Async Capable": false, "Startup Cost": 1748.03, "Total Cost": 1748.03, "Plan Rows": 1, "Plan Width": 16, "Actual Rows": 135, "Actual Loops": 2, "Hash Buckets": 1024, "Original Hash Buckets": 1024, "Hash Batches": 1, "Original Hash Batches": 1, "Peak Memory Usage": 15, "Workers": [], "Plans": [{"Node Type": "Nested Loop", "Parent Relationship": "Outer", "Parallel Aware": false, "Async Capable": false, "Join Type": "Inner", "Startup Cost": 1.42, "Total Cost": 1748.03, "Plan Rows": 1, "Plan Width": 16, "Actual Rows": 135, "Actual Loops": 2, "Inner Unique": false, "Join Filter": "(p.id = pl.postid)", "Rows Removed by Join Filter": 0, "Workers": [], "Plans": [{"Node Type": "Nested Loop", "Parent Relationship": "Outer", "Parallel Aware": false, "Async Capable": false, "Join Type": "Inner", "Startup Cost": 1.13, "Total Cost": 1747.7, "Plan Rows": 1, "Plan Width": 12, "Actual Rows": 1381, "Actual Loops": 2, "Inner Unique": false, "Join Filter": "(p.id = v.postid)", "Rows Removed by Join Filter": 0, "Workers": [], "Plans": [{"Node Type": "Nested Loop", "Parent Relationship": "Outer", "Parallel Aware": false, "Async Capable": false, "Join Type": "Inner", "Startup Cost": 0.71, "Total Cost": 1747.08, "Plan Rows": 1, "Plan Width": 8, "Actual Rows": 8, "Actual Loops": 2, "Inner Unique": false, "Workers": [], "Plans": [{"Node Type": "Nested Loop", "Parent Relationship": "Outer", "Parallel Aware": false, "Async Capable": false, "Join Type": "Inner", "Startup Cost": 0.29, "Total Cost": 1738.58, "Plan Rows": 1, "Plan Width": 4, "Actual Rows": 2, "Actual Loops": 2, "Inner Unique": false, "Workers": [], "Plans": [{"Node Type": "Seq Scan", "Parent Relationship": "Outer", "Parallel Aware": false, "Async Capable": false, "Relation Name": "users", "Alias": "u", "Startup Cost": 0.0, "Total Cost": 901.88, "Plan Rows": 65, "Plan Width": 4, "Actual Rows": 187, "Actual Loops": 2, "Filter": "((upvotes >= 148) AND (creationdate <= '2012-09-08 11:35:08'::timestamp without time zone))", "Rows Removed by Filter": 40138, "Workers": []}, {"Node Type": "Index Scan", "Parent Relationship": "Inner", "Parallel Aware": false, "Async Capable": false, "Scan Direction": "Forward", "Index Name": "idx_posts_owneruserid", "Relation Name": "posts", "Alias": "p", "Startup Cost": 0.29, "Total Cost": 12.86, "Plan Rows": 1, "Plan Width": 8, "Actual Rows": 0, "Actual Loops": 374, "Index Cond": "(owneruserid = u.id)", "Rows Removed by Index Recheck": 0, "Filter": "((answercount >= 37) AND (creationdate >= '2009-06-08 11:26:25'::timestamp without time zone) AND (creationdate <= '2012-02-12 23:25:41'::timestamp without time zone) AND (posttypeid = 1))", "Rows Removed by Filter": 136, "Workers": []}]}, {"Node Type": "Index Only Scan", "Parent Relationship": "Inner", "Parallel Aware": false, "Async Capable": false, "Scan Direction": "Forward", "Index Name": "idx_comments_postid", "Relation Name": "comments", "Alias": "c", "Startup Cost": 0.42, "Total Cost": 8.47, "Plan Rows": 3, "Plan Width": 4, "Actual Rows": 4, "Actual Loops": 4, "Index Cond": "(postid = p.id)", "Rows Removed by Index Recheck": 0, "Heap Fetches": 0, "Workers": []}]}, {"Node Type": "Index Scan", "Parent Relationship": "Inner", "Parallel Aware": false, "Async Capable": false, "Scan Direction": "Forward", "Index Name": "idx_votes_postid", "Relation Name": "votes", "Alias": "v", "Startup Cost": 0.42, "Total Cost": 0.58, "Plan Rows": 3, "Plan Width": 4, "Actual Rows": 173, "Actual Loops": 16, "Index Cond": "(postid = c.postid)", "Rows Removed by Index Recheck": 0, "Filter": "(creationdate >= '2012-06-17 02:39:56'::timestamp without time zone)", "Rows Removed by Filter": 124, "Workers": []}]}, {"Node Type": "Index Scan", "Parent Relationship": "Inner", "Parallel Aware": false, "Async Capable": false, "Scan Direction": "Forward", "Index Name": "idx_postlinks_postid", "Relation Name": "postlinks", "Alias": "pl", "Startup Cost": 0.29, "Total Cost": 0.31, "Plan Rows": 1, "Plan Width": 4, "Actual Rows": 0, "Actual Loops": 2762, "Index Cond": "(postid = v.postid)", "Rows Removed by Index Recheck": 0, "Filter": "((creationdate >= '2012-04-05 02:11:31'::timestamp without time zone) AND (creationdate <= '2013-09-07 11:47:32'::timestamp without time zone))", "Rows Removed by Filter": 2, "Workers": []}]}]}]}]}]}, "Planning Time": 8.231, "Triggers": [], "Execution Time": 64.39}, {"Plan": {"Node Type": "Aggregate", "Strategy": "Plain", "Partial Mode": "Simple", "Parallel Aware": false, "Async Capable": false, "Startup Cost": 1748.59, "Total Cost": 1748.6, "Plan Rows": 1, "Plan Width": 8, "Actual Rows": 1, "Actual Loops": 1, "Plans": [{"Node Type": "Nested Loop", "Parent Relationship": "Outer", "Parallel Aware": false, "Async Capable": false, "Join Type": "Inner", "Startup Cost": 1.84, "Total Cost": 1748.59, "Plan Rows": 1, "Plan Width": 0, "Actual Rows": 135, "Actual Loops": 1, "Inner Unique": false, "Join Filter": "(p.id = pl.postid)", "Rows Removed by Join Filter": 0, "Plans": [{"Node Type": "Nested Loop", "Parent Relationship": "Outer", "Parallel Aware": false, "Async Capable": false, "Join Type": "Inner", "Startup Cost": 1.56, "Total Cost": 1748.27, "Plan Rows": 1, "Plan Width": 16, "Actual Rows": 1381, "Actual Loops": 1, "Inner Unique": false, "Join Filter": "(p.id = ph.postid)", "Rows Removed by Join Filter": 0, "Plans": [{"Node Type": "Nested Loop", "Parent Relationship": "Outer", "Parallel Aware": false, "Async Capable": false, "Join Type": "Inner", "Startup Cost": 1.13, "Total Cost": 1747.7, "Plan Rows": 1, "Plan Width": 12, "Actual Rows": 1381, "Actual Loops": 1, "Inner Unique": false, "Join Filter": "(p.id = v.postid)", "Rows Removed by Join Filter": 0, "Plans": [{"Node Type": "Nested Loop", "Parent Relationship": "Outer", "Parallel Aware": false, "Async Capable": false, "Join Type": "Inner", "Startup Cost": 0.71, "Total Cost": 1747.08, "Plan Rows": 1, "Plan Width": 8, "Actual Rows": 8, "Actual Loops": 1, "Inner Unique": false, "Plans": [{"Node Type": "Nested Loop", "Parent Relationship": "Outer", "Parallel Aware": false, "Async Capable": false, "Join Type": "Inner", "Startup Cost": 0.29, "Total Cost": 1738.58, "Plan Rows": 1, "Plan Width": 4, "Actual Rows": 2, "Actual Loops": 1, "Inner Unique": false, "Plans": [{"Node Type": "Seq Scan", "Parent Relationship": "Outer", "Parallel Aware": false, "Async Capable": false, "Relation Name": "users", "Alias": "u", "Startup Cost": 0.0, "Total Cost": 901.88, "Plan Rows": 65, "Plan Width": 4, "Actual Rows": 187, "Actual Loops": 1, "Filter": "((upvotes >= 148) AND (creationdate <= '2012-09-08 11:35:08'::timestamp without time zone))", "Rows Removed by Filter": 40138}, {"Node Type": "Index Scan", "Parent Relationship": "Inner", "Parallel Aware": false, "Async Capable": false, "Scan Direction": "Forward", "Index Name": "idx_posts_owneruserid", "Relation Name": "posts", "Alias": "p", "Startup Cost": 0.29, "Total Cost": 12.86, "Plan Rows": 1, "Plan Width": 8, "Actual Rows": 0, "Actual Loops": 187, "Index Cond": "(owneruserid = u.id)", "Rows Removed by Index Recheck": 0, "Filter": "((answercount >= 37) AND (creationdate >= '2009-06-08 11:26:25'::timestamp without time zone) AND (creationdate <= '2012-02-12 23:25:41'::timestamp without time zone) AND (posttypeid = 1))", "Rows Removed by Filter": 136}]}, {"Node Type": "Index Only Scan", "Parent Relationship": "Inner", "Parallel Aware": false, "Async Capable": false, "Scan Direction": "Forward", "Index Name": "idx_comments_postid", "Relation Name": "comments", "Alias": "c", "Startup Cost": 0.42, "Total Cost": 8.47, "Plan Rows": 3, "Plan Width": 4, "Actual Rows": 4, "Actual Loops": 2, "Index Cond": "(postid = p.id)", "Rows Removed by Index Recheck": 0, "Heap Fetches": 0}]}, {"Node Type": "Index Scan", "Parent Relationship": "Inner", "Parallel Aware": false, "Async Capable": false, "Scan Direction": "Forward", "Index Name": "idx_votes_postid", "Relation Name": "votes", "Alias": "v", "Startup Cost": 0.42, "Total Cost": 0.58, "Plan Rows": 3, "Plan Width": 4, "Actual Rows": 173, "Actual Loops": 8, "Index Cond": "(postid = c.postid)", "Rows Removed by Index Recheck": 0, "Filter": "(creationdate >= '2012-06-17 02:39:56'::timestamp without time zone)", "Rows Removed by Filter": 124}]}, {"Node Type": "Index Scan", "Parent Relationship": "Inner", "Parallel Aware": false, "Async Capable": false, "Scan Direction": "Forward", "Index Name": "idx_posthistory_postid", "Relation Name": "posthistory", "Alias": "ph", "Startup Cost": 0.42, "Total Cost": 0.55, "Plan Rows": 1, "Plan Width": 4, "Actual Rows": 1, "Actual Loops": 1381, "Index Cond": "(postid = v.postid)", "Rows Removed by Index Recheck": 0, "Filter": "(posthistorytypeid = 16)", "Rows Removed by Filter": 5}]}, {"Node Type": "Index Scan", "Parent Relationship": "Inner", "Parallel Aware": false, "Async Capable": false, "Scan Direction": "Forward", "Index Name": "idx_postlinks_postid", "Relation Name": "postlinks", "Alias": "pl", "Startup Cost": 0.29, "Total Cost": 0.31, "Plan Rows": 1, "Plan Width": 4, "Actual Rows": 0, "Actual Loops": 1381, "Index Cond": "(postid = v.postid)", "Rows Removed by Index Recheck": 0, "Filter": "((creationdate >= '2012-04-05 02:11:31'::timestamp without time zone) AND (creationdate <= '2013-09-07 11:47:32'::timestamp without time zone))", "Rows Removed by Filter": 2}]}]}, "Planning Time": 5.707, "Triggers": [], "Execution Time": 15.793}, {"Plan": {"Node Type": "Aggregate", "Strategy": "Plain", "Partial Mode": "Simple", "Parallel Aware": false, "Async Capable": false, "Startup Cost": 7903.64, "Total Cost": 7903.65, "Plan Rows": 1, "Plan Width": 8, "Actual Rows": 1, "Actual Loops": 1, "Plans": [{"Node Type": "Nested Loop", "Parent Relationship": "Outer", "Parallel Aware": false, "Async Capable": false, "Join Type": "Inner", "Startup Cost": 1302.23, "Total Cost": 7903.64, "Plan Rows": 1, "Plan Width": 0, "Actual Rows": 135, "Actual Loops": 1, "Inner Unique": false, "Join Filter": "(p.id = v.postid)", "Rows Removed by Join Filter": 11923, "Plans": [{"Node Type": "Nested Loop", "Parent Relationship": "Outer", "Parallel Aware": false, "Async Capable": false, "Join Type": "Inner", "Startup Cost": 0.29, "Total Cost": 1738.58, "Plan Rows": 1, "Plan Width": 4, "Actual Rows": 2, "Actual Loops": 1, "Inner Unique": false, "Plans": [{"Node Type": "Seq Scan", "Parent Relationship": "Outer", "Parallel Aware": false, "Async Capable": false, "Relation Name": "users", "Alias": "u", "Startup Cost": 0.0, "Total Cost": 901.88, "Plan Rows": 65, "Plan Width": 4, "Actual Rows": 187, "Actual Loops": 1, "Filter": "((upvotes >= 148) AND (creationdate <= '2012-09-08 11:35:08'::timestamp without time zone))", "Rows Removed by Filter": 40138}, {"Node Type": "Index Scan", "Parent Relationship": "Inner", "Parallel Aware": false, "Async Capable": false, "Scan Direction": "Forward", "Index Name": "idx_posts_owneruserid", "Relation Name": "posts", "Alias": "p", "Startup Cost": 0.29, "Total Cost": 12.86, "Plan Rows": 1, "Plan Width": 8, "Actual Rows": 0, "Actual Loops": 187, "Index Cond": "(owneruserid = u.id)", "Rows Removed by Index Recheck": 0, "Filter": "((answercount >= 37) AND (creationdate >= '2009-06-08 11:26:25'::timestamp without time zone) AND (creationdate <= '2012-02-12 23:25:41'::timestamp without time zone) AND (posttypeid = 1))", "Rows Removed by Filter": 136}]}, {"Node Type": "Gather", "Parent Relationship": "Inner", "Parallel Aware": false, "Async Capable": false, "Startup Cost": 1301.93, "Total Cost": 6147.16, "Plan Rows": 1432, "Plan Width": 16, "Actual Rows": 6029, "Actual Loops": 2, "Workers Planned": 1, "Workers Launched": 1, "Single Copy": false, "Plans": [{"Node Type": "Nested Loop", "Parent Relationship": "Outer", "Parallel Aware": false, "Async Capable": false, "Join Type": "Inner", "Startup Cost": 301.94, "Total Cost": 5003.96, "Plan Rows": 842, "Plan Width": 16, "Actual Rows": 3014, "Actual Loops": 4, "Inner Unique": false, "Workers": [], "Plans": [{"Node Type": "Nested Loop", "Parent Relationship": "Outer", "Parallel Aware": false, "Async Capable": false, "Join Type": "Inner", "Startup Cost": 301.51, "Total Cost": 4856.15, "Plan Rows": 241, "Plan Width": 12, "Actual Rows": 141, "Actual Loops": 4, "Inner Unique": false, "Workers": [], "Plans": [{"Node Type": "Hash Join", "Parent Relationship": "Outer", "Parallel Aware": false, "Async Capable": false, "Join Type": "Inner", "Startup Cost": 301.09, "Total Cost": 4796.02, "Plan Rows": 71, "Plan Width": 8, "Actual Rows": 36, "Actual Loops": 4, "Inner Unique": false, "Hash Cond": "(ph.postid = pl.postid)", "Workers": [], "Plans": [{"Node Type": "Seq Scan", "Parent Relationship": "Outer", "Parallel Aware": true, "Async Capable": false, "Relation Name": "posthistory", "Alias": "ph", "Startup Cost": 0.0, "Total Cost": 4469.32, "Plan Rows": 1328, "Plan Width": 4, "Actual Rows": 1096, "Actual Loops": 4, "Filter": "(posthistorytypeid = 16)", "Rows Removed by Filter": 150497, "Workers": []}, {"Node Type": "Hash", "Parent Relationship": "Inner", "Parallel Aware": false, "Async Capable": false, "Startup Cost": 248.53, "Total Cost": 248.53, "Plan Rows": 4205, "Plan Width": 4, "Actual Rows": 4203, "Actual Loops": 3, "Hash Buckets": 8192, "Original Hash Buckets": 8192, "Hash Batches": 1, "Original Hash Batches": 1, "Peak Memory Usage": 212, "Workers": [], "Plans": [{"Node Type": "Seq Scan", "Parent Relationship": "Outer", "Parallel Aware": false, "Async Capable": false, "Relation Name": "postlinks", "Alias": "pl", "Startup Cost": 0.0, "Total Cost": 248.53, "Plan Rows": 4205, "Plan Width": 4, "Actual Rows": 4203, "Actual Loops": 3, "Filter": "((creationdate >= '2012-04-05 02:11:31'::timestamp without time zone) AND (creationdate <= '2013-09-07 11:47:32'::timestamp without time zone))", "Rows Removed by Filter": 6899, "Workers": []}]}]}, {"Node Type": "Index Only Scan", "Parent Relationship": "Inner", "Parallel Aware": false, "Async Capable": false, "Scan Direction": "Forward", "Index Name": "idx_comments_postid", "Relation Name": "comments", "Alias": "c", "Startup Cost": 0.42, "Total Cost": 0.82, "Plan Rows": 3, "Plan Width": 4, "Actual Rows": 4, "Actual Loops": 146, "Index Cond": "(postid = pl.postid)", "Rows Removed by Index Recheck": 0, "Heap Fetches": 0, "Workers": []}]}, {"Node Type": "Index Scan", "Parent Relationship": "Inner", "Parallel Aware": false, "Async Capable": false, "Scan Direction": "Forward", "Index Name": "idx_votes_postid", "Relation Name": "votes", "Alias": "v", "Startup Cost": 0.42, "Total Cost": 0.58, "Plan Rows": 3, "Plan Width": 4, "Actual Rows": 21, "Actual Loops": 564, "Index Cond": "(postid = c.postid)", "Rows Removed by Index Recheck": 0, "Filter": "(creationdate >= '2012-06-17 02:39:56'::timestamp without time zone)", "Rows Removed by Filter": 11, "Workers": []}]}]}]}]}, "Planning Time": 7.205, "Triggers": [], "Execution Time": 121.326}, {"Plan": {"Node Type": "Aggregate", "Strategy": "Plain", "Partial Mode": "Simple", "Parallel Aware": false, "Async Capable": false, "Startup Cost": 1748.61, "Total Cost": 1748.62, "Plan Rows": 1, "Plan Width": 8, "Actual Rows": 1, "Actual Loops": 1, "Plans": [{"Node Type": "Nested Loop", "Parent Relationship": "Outer", "Parallel Aware": false, "Async Capable": false, "Join Type": "Inner", "Startup Cost": 1.84, "Total Cost": 1748.6, "Plan Rows": 1, "Plan Width": 0, "Actual Rows": 135, "Actual Loops": 1, "Inner Unique": false, "Join Filter": "(p.id = v.postid)", "Rows Removed by Join Filter": 0, "Plans": [{"Node Type": "Nested Loop", "Parent Relationship": "Outer", "Parallel Aware": false, "Async Capable": false, "Join Type": "Inner", "Startup Cost": 1.42, "Total Cost": 1747.98, "Plan Rows": 1, "Plan Width": 16, "Actual Rows": 1, "Actual Loops": 1, "Inner Unique": false, "Join Filter": "(p.id = ph.postid)", "Rows Removed by Join Filter": 0, "Plans": [{"Node Type": "Nested Loop", "Parent Relationship": "Outer", "Parallel Aware": false, "Async Capable": false, "Join Type": "Inner", "Startup Cost": 1.0, "Total Cost": 1747.41, "Plan Rows": 1, "Plan Width": 12, "Actual Rows": 1, "Actual Loops": 1, "Inner Unique": false, "Join Filter": "(p.id = pl.postid)", "Rows Removed by Join Filter": 0, "Plans": [{"Node Type": "Nested Loop", "Parent Relationship": "Outer", "Parallel Aware": false, "Async Capable": false, "Join Type": "Inner", "Startup Cost": 0.71, "Total Cost": 1747.08, "Plan Rows": 1, "Plan Width": 8, "Actual Rows": 8, "Actual Loops": 1, "Inner Unique": false, "Plans": [{"Node Type": "Nested Loop", "Parent Relationship": "Outer", "Parallel Aware": false, "Async Capable": false, "Join Type": "Inner", "Startup Cost": 0.29, "Total Cost": 1738.58, "Plan Rows": 1, "Plan Width": 4, "Actual Rows": 2, "Actual Loops": 1, "Inner Unique": false, "Plans": [{"Node Type": "Seq Scan", "Parent Relationship": "Outer", "Parallel Aware": false, "Async Capable": false, "Relation Name": "users", "Alias": "u", "Startup Cost": 0.0, "Total Cost": 901.88, "Plan Rows": 65, "Plan Width": 4, "Actual Rows": 187, "Actual Loops": 1, "Filter": "((upvotes >= 148) AND (creationdate <= '2012-09-08 11:35:08'::timestamp without time zone))", "Rows Removed by Filter": 40138}, {"Node Type": "Index Scan", "Parent Relationship": "Inner", "Parallel Aware": false, "Async Capable": false, "Scan Direction": "Forward", "Index Name": "idx_posts_owneruserid", "Relation Name": "posts", "Alias": "p", "Startup Cost": 0.29, "Total Cost": 12.86, "Plan Rows": 1, "Plan Width": 8, "Actual Rows": 0, "Actual Loops": 187, "Index Cond": "(owneruserid = u.id)", "Rows Removed by Index Recheck": 0, "Filter": "((answercount >= 37) AND (creationdate >= '2009-06-08 11:26:25'::timestamp without time zone) AND (creationdate <= '2012-02-12 23:25:41'::timestamp without time zone) AND (posttypeid = 1))", "Rows Removed by Filter": 136}]}, {"Node Type": "Index Only Scan", "Parent Relationship": "Inner", "Parallel Aware": false, "Async Capable": false, "Scan Direction": "Forward", "Index Name": "idx_comments_postid", "Relation Name": "comments", "Alias": "c", "Startup Cost": 0.42, "Total Cost": 8.47, "Plan Rows": 3, "Plan Width": 4, "Actual Rows": 4, "Actual Loops": 2, "Index Cond": "(postid = p.id)", "Rows Removed by Index Recheck": 0, "Heap Fetches": 0}]}, {"Node Type": "Index Scan", "Parent Relationship": "Inner", "Parallel Aware": false, "Async Capable": false, "Scan Direction": "Forward", "Index Name": "idx_postlinks_postid", "Relation Name": "postlinks", "Alias": "pl", "Startup Cost": 0.29, "Total Cost": 0.31, "Plan Rows": 1, "Plan Width": 4, "Actual Rows": 0, "Actual Loops": 8, "Index Cond": "(postid = c.postid)", "Rows Removed by Index Recheck": 0, "Filter": "((creationdate >= '2012-04-05 02:11:31'::timestamp without time zone) AND (creationdate <= '2013-09-07 11:47:32'::timestamp without time zone))", "Rows Removed by Filter": 2}]}, {"Node Type": "Index Scan", "Parent Relationship": "Inner", "Parallel Aware": false, "Async Capable": false, "Scan Direction": "Forward", "Index Name": "idx_posthistory_postid", "Relation Name": "posthistory", "Alias": "ph", "Startup Cost": 0.42, "Total Cost": 0.57, "Plan Rows": 1, "Plan Width": 4, "Actual Rows": 1, "Actual Loops": 1, "Index Cond": "(postid = c.postid)", "Rows Removed by Index Recheck": 0, "Filter": "(posthistorytypeid = 16)", "Rows Removed by Filter": 15}]}, {"Node Type": "Index Scan", "Parent Relationship": "Inner", "Parallel Aware": false, "Async Capable": false, "Scan Direction": "Forward", "Index Name": "idx_votes_postid", "Relation Name": "votes", "Alias": "v", "Startup Cost": 0.42, "Total Cost": 0.58, "Plan Rows": 3, "Plan Width": 4, "Actual Rows": 135, "Actual Loops": 1, "Index Cond": "(postid = c.postid)", "Rows Removed by Index Recheck": 0, "Filter": "(creationdate >= '2012-06-17 02:39:56'::timestamp without time zone)", "Rows Removed by Filter": 119}]}]}, "Planning Time": 5.751, "Triggers": [], "Execution Time": 10.695}]