[{"Plan": {"Node Type": "Aggregate", "Strategy": "Plain", "Partial Mode": "Simple", "Parallel Aware": false, "Async Capable": false, "Startup Cost": 937.57, "Total Cost": 937.58, "Plan Rows": 1, "Plan Width": 8, "Actual Rows": 1, "Actual Loops": 1, "Plans": [{"Node Type": "Nested Loop", "Parent Relationship": "Outer", "Parallel Aware": false, "Async Capable": false, "Join Type": "Inner", "Startup Cost": 1.72, "Total Cost": 937.57, "Plan Rows": 1, "Plan Width": 0, "Actual Rows": 53, "Actual Loops": 1, "Inner Unique": false, "Join Filter": "(p.id = pl.postid)", "Rows Removed by Join Filter": 0, "Plans": [{"Node Type": "Nested Loop", "Parent Relationship": "Outer", "Parallel Aware": false, "Async Capable": false, "Join Type": "Inner", "Startup Cost": 1.43, "Total Cost": 937.25, "Plan Rows": 1, "Plan Width": 12, "Actual Rows": 242, "Actual Loops": 1, "Inner Unique": true, "Plans": [{"Node Type": "Nested Loop", "Parent Relationship": "Outer", "Parallel Aware": false, "Async Capable": false, "Join Type": "Inner", "Startup Cost": 1.14, "Total Cost": 936.86, "Plan Rows": 1, "Plan Width": 8, "Actual Rows": 2196, "Actual Loops": 1, "Inner Unique": false, "Plans": [{"Node Type": "Nested Loop", "Parent Relationship": "Outer", "Parallel Aware": false, "Async Capable": false, "Join Type": "Inner", "Startup Cost": 0.72, "Total Cost": 936.09, "Plan Rows": 1, "Plan Width": 4, "Actual Rows": 112946, "Actual Loops": 1, "Inner Unique": false, "Join Filter": "(c.userid = u.id)", "Rows Removed by Join Filter": 0, "Plans": [{"Node Type": "Nested Loop", "Parent Relationship": "Outer", "Parallel Aware": false, "Async Capable": false, "Join Type": "Inner", "Startup Cost": 0.42, "Total Cost": 927.04, "Plan Rows": 1, "Plan Width": 8, "Actual Rows": 36, "Actual Loops": 1, "Inner Unique": false, "Plans": [{"Node Type": "Seq Scan", "Parent Relationship": "Outer", "Parallel Aware": false, "Async Capable": false, "Relation Name": "users", "Alias": "u", "Startup Cost": 0.0, "Total Cost": 901.88, "Plan Rows": 1, "Plan Width": 4, "Actual Rows": 7, "Actual Loops": 1, "Filter": "((views >= 2570) AND (creationdate <= '2010-09-09 13:57:26'::timestamp without time zone))", "Rows Removed by Filter": 40318}, {"Node Type": "Index Scan", "Parent Relationship": "Inner", "Parallel Aware": false, "Async Capable": false, "Scan Direction": "Forward", "Index Name": "idx_votes_userid", "Relation Name": "votes", "Alias": "v", "Startup Cost": 0.42, "Total Cost": 25.16, "Plan Rows": 1, "Plan Width": 4, "Actual Rows": 5, "Actual Loops": 7, "Index Cond": "(userid = u.id)", "Rows Removed by Index Recheck": 0, "Filter": "((bountyamount <= 396) AND (creationdate >= '2013-07-06 14:13:13'::timestamp without time zone) AND (creationdate <= '2014-08-14 17:44:39'::timestamp without time zone))", "Rows Removed by Filter": 175}]}, {"Node Type": "Index Scan", "Parent Relationship": "Inner", "Parallel Aware": false, "Async Capable": false, "Scan Direction": "Forward", "Index Name": "idx_comments_userid", "Relation Name": "comments", "Alias": "c", "Startup Cost": 0.29, "Total Cost": 9.01, "Plan Rows": 3, "Plan Width": 8, "Actual Rows": 3137, "Actual Loops": 36, "Index Cond": "(userid = v.userid)", "Rows Removed by Index Recheck": 0, "Filter": "((creationdate >= '2013-12-27 17:42:56'::timestamp without time zone) AND (creationdate <= '2014-08-24 21:06:02'::timestamp without time zone))", "Rows Removed by Filter": 4665}]}, {"Node Type": "Index Scan", "Parent Relationship": "Inner", "Parallel Aware": false, "Async Capable": false, "Scan Direction": "Forward", "Index Name": "idx_posthistory_postid", "Relation Name": "posthistory", "Alias": "ph", "Startup Cost": 0.42, "Total Cost": 0.76, "Plan Rows": 1, "Plan Width": 4, "Actual Rows": 0, "Actual Loops": 112946, "Index Cond": "(postid = c.postid)", "Rows Removed by Index Recheck": 0, "Filter": "((creationdate <= '2013-09-26 17:30:31'::timestamp without time zone) AND (posthistorytypeid = 2))", "Rows Removed by Filter": 5}]}, {"Node Type": "Index Scan", "Parent Relationship": "Inner", "Parallel Aware": false, "Async Capable": false, "Scan Direction": "Forward", "Index Name": "posts_pkey", "Relation Name": "posts", "Alias": "p", "Startup Cost": 0.29, "Total Cost": 0.39, "Plan Rows": 1, "Plan Width": 4, "Actual Rows": 0, "Actual Loops": 2196, "Index Cond": "(id = ph.postid)", "Rows Removed by Index Recheck": 0, "Filter": "((score >= 16) AND (score <= 170) AND (commentcount <= 10))", "Rows Removed by Filter": 1}]}, {"Node Type": "Index Only Scan", "Parent Relationship": "Inner", "Parallel Aware": false, "Async Capable": false, "Scan Direction": "Forward", "Index Name": "idx_postlinks_postid", "Relation Name": "postlinks", "Alias": "pl", "Startup Cost": 0.29, "Total Cost": 0.3, "Plan Rows": 1, "Plan Width": 4, "Actual Rows": 0, "Actual Loops": 242, "Index Cond": "(postid = ph.postid)", "Rows Removed by Index Recheck": 0, "Heap Fetches": 0}]}]}, "Planning Time": 5.592, "Triggers": [], "Execution Time": 266.679}, {"Plan": {"Node Type": "Aggregate", "Strategy": "Plain", "Partial Mode": "Simple", "Parallel Aware": false, "Async Capable": false, "Startup Cost": 3916.88, "Total Cost": 3916.89, "Plan Rows": 1, "Plan Width": 8, "Plans": [{"Node Type": "Nested Loop", "Parent Relationship": "Outer", "Parallel Aware": false, "Async Capable": false, "Join Type": "Inner", "Startup Cost": 2470.36, "Total Cost": 3916.88, "Plan Rows": 1, "Plan Width": 0, "Inner Unique": false, "Join Filter": "(c.postid = p.id)", "Plans": [{"Node Type": "Nested Loop", "Parent Relationship": "Outer", "Parallel Aware": false, "Async Capable": false, "Join Type": "Inner", "Startup Cost": 0.72, "Total Cost": 936.09, "Plan Rows": 1, "Plan Width": 4, "Inner Unique": false, "Join Filter": "(c.userid = u.id)", "Plans": [{"Node Type": "Nested Loop", "Parent Relationship": "Outer", "Parallel Aware": false, "Async Capable": false, "Join Type": "Inner", "Startup Cost": 0.42, "Total Cost": 927.04, "Plan Rows": 1, "Plan Width": 8, "Inner Unique": false, "Plans": [{"Node Type": "Seq Scan", "Parent Relationship": "Outer", "Parallel Aware": false, "Async Capable": false, "Relation Name": "users", "Alias": "u", "Startup Cost": 0.0, "Total Cost": 901.88, "Plan Rows": 1, "Plan Width": 4, "Filter": "((views >= 2570) AND (creationdate <= '2010-09-09 13:57:26'::timestamp without time zone))"}, {"Node Type": "Index Scan", "Parent Relationship": "Inner", "Parallel Aware": false, "Async Capable": false, "Scan Direction": "Forward", "Index Name": "idx_votes_userid", "Relation Name": "votes", "Alias": "v", "Startup Cost": 0.42, "Total Cost": 25.16, "Plan Rows": 1, "Plan Width": 4, "Index Cond": "(userid = u.id)", "Filter": "((bountyamount <= 396) AND (creationdate >= '2013-07-06 14:13:13'::timestamp without time zone) AND (creationdate <= '2014-08-14 17:44:39'::timestamp without time zone))"}]}, {"Node Type": "Index Scan", "Parent Relationship": "Inner", "Parallel Aware": false, "Async Capable": false, "Scan Direction": "Forward", "Index Name": "idx_comments_userid", "Relation Name": "comments", "Alias": "c", "Startup Cost": 0.29, "Total Cost": 9.01, "Plan Rows": 3, "Plan Width": 8, "Index Cond": "(userid = v.userid)", "Filter": "((creationdate >= '2013-12-27 17:42:56'::timestamp without time zone) AND (creationdate <= '2014-08-24 21:06:02'::timestamp without time zone))"}]}, {"Node Type": "Nested Loop", "Parent Relationship": "Inner", "Parallel Aware": false, "Async Capable": false, "Join Type": "Inner", "Startup Cost": 2469.64, "Total Cost": 2979.32, "Plan Rows": 118, "Plan Width": 12, "Inner Unique": false, "Join Filter": "(p.id = ph.postid)", "Plans": [{"Node Type": "Hash Join", "Parent Relationship": "Outer", "Parallel Aware": false, "Async Capable": false, "Join Type": "Inner", "Startup Cost": 2469.22, "Total Cost": 2691.38, "Plan Rows": 190, "Plan Width": 8, "Inner Unique": true, "Hash Cond": "(pl.postid = p.id)", "Plans": [{"Node Type": "Seq Scan", "Parent Relationship": "Outer", "Parallel Aware": false, "Async Capable": false, "Relation Name": "postlinks", "Alias": "pl", "Startup Cost": 0.0, "Total Cost": 193.02, "Plan Rows": 11102, "Plan Width": 4}, {"Node Type": "Hash", "Parent Relationship": "Inner", "Parallel Aware": false, "Async Capable": false, "Startup Cost": 2449.58, "Total Cost": 2449.58, "Plan Rows": 1571, "Plan Width": 4, "Plans": [{"Node Type": "Seq Scan", "Parent Relationship": "Outer", "Parallel Aware": false, "Async Capable": false, "Relation Name": "posts", "Alias": "p", "Startup Cost": 0.0, "Total Cost": 2449.58, "Plan Rows": 1571, "Plan Width": 4, "Filter": "((score >= 16) AND (score <= 170) AND (commentcount <= 10))"}]}]}, {"Node Type": "Index Scan", "Parent Relationship": "Inner", "Parallel Aware": false, "Async Capable": false, "Scan Direction": "Forward", "Index Name": "idx_posthistory_postid", "Relation Name": "posthistory", "Alias": "ph", "Startup Cost": 0.42, "Total Cost": 1.5, "Plan Rows": 1, "Plan Width": 4, "Index Cond": "(postid = pl.postid)", "Filter": "((creationdate <= '2013-09-26 17:30:31'::timestamp without time zone) AND (posthistorytypeid = 2))"}]}]}]}}, {"Plan": {"Node Type": "Aggregate", "Strategy": "Plain", "Partial Mode": "Simple", "Parallel Aware": false, "Async Capable": false, "Startup Cost": 1171.93, "Total Cost": 1171.94, "Plan Rows": 1, "Plan Width": 8, "Actual Rows": 1, "Actual Loops": 1, "Plans": [{"Node Type": "Hash Join", "Parent Relationship": "Outer", "Parallel Aware": false, "Async Capable": false, "Join Type": "Inner", "Startup Cost": 937.27, "Total Cost": 1171.93, "Plan Rows": 1, "Plan Width": 0, "Actual Rows": 53, "Actual Loops": 1, "Inner Unique": false, "Hash Cond": "(pl.postid = p.id)", "Plans": [{"Node Type": "Seq Scan", "Parent Relationship": "Outer", "Parallel Aware": false, "Async Capable": false, "Relation Name": "postlinks", "Alias": "pl", "Startup Cost": 0.0, "Total Cost": 193.02, "Plan Rows": 11102, "Plan Width": 4, "Actual Rows": 11102, "Actual Loops": 1}, {"Node Type": "Hash", "Parent Relationship": "Inner", "Parallel Aware": false, "Async Capable": false, "Startup Cost": 937.25, "Total Cost": 937.25, "Plan Rows": 1, "Plan Width": 12, "Actual Rows": 242, "Actual Loops": 1, "Hash Buckets": 1024, "Original Hash Buckets": 1024, "Hash Batches": 1, "Original Hash Batches": 1, "Peak Memory Usage": 19, "Plans": [{"Node Type": "Nested Loop", "Parent Relationship": "Outer", "Parallel Aware": false, "Async Capable": false, "Join Type": "Inner", "Startup Cost": 1.43, "Total Cost": 937.25, "Plan Rows": 1, "Plan Width": 12, "Actual Rows": 242, "Actual Loops": 1, "Inner Unique": true, "Plans": [{"Node Type": "Nested Loop", "Parent Relationship": "Outer", "Parallel Aware": false, "Async Capable": false, "Join Type": "Inner", "Startup Cost": 1.14, "Total Cost": 936.86, "Plan Rows": 1, "Plan Width": 8, "Actual Rows": 2196, "Actual Loops": 1, "Inner Unique": false, "Plans": [{"Node Type": "Nested Loop", "Parent Relationship": "Outer", "Parallel Aware": false, "Async Capable": false, "Join Type": "Inner", "Startup Cost": 0.72, "Total Cost": 936.09, "Plan Rows": 1, "Plan Width": 4, "Actual Rows": 112946, "Actual Loops": 1, "Inner Unique": false, "Join Filter": "(c.userid = u.id)", "Rows Removed by Join Filter": 0, "Plans": [{"Node Type": "Nested Loop", "Parent Relationship": "Outer", "Parallel Aware": false, "Async Capable": false, "Join Type": "Inner", "Startup Cost": 0.42, "Total Cost": 927.04, "Plan Rows": 1, "Plan Width": 8, "Actual Rows": 36, "Actual Loops": 1, "Inner Unique": false, "Plans": [{"Node Type": "Seq Scan", "Parent Relationship": "Outer", "Parallel Aware": false, "Async Capable": false, "Relation Name": "users", "Alias": "u", "Startup Cost": 0.0, "Total Cost": 901.88, "Plan Rows": 1, "Plan Width": 4, "Actual Rows": 7, "Actual Loops": 1, "Filter": "((views >= 2570) AND (creationdate <= '2010-09-09 13:57:26'::timestamp without time zone))", "Rows Removed by Filter": 40318}, {"Node Type": "Index Scan", "Parent Relationship": "Inner", "Parallel Aware": false, "Async Capable": false, "Scan Direction": "Forward", "Index Name": "idx_votes_userid", "Relation Name": "votes", "Alias": "v", "Startup Cost": 0.42, "Total Cost": 25.16, "Plan Rows": 1, "Plan Width": 4, "Actual Rows": 5, "Actual Loops": 7, "Index Cond": "(userid = u.id)", "Rows Removed by Index Recheck": 0, "Filter": "((bountyamount <= 396) AND (creationdate >= '2013-07-06 14:13:13'::timestamp without time zone) AND (creationdate <= '2014-08-14 17:44:39'::timestamp without time zone))", "Rows Removed by Filter": 175}]}, {"Node Type": "Index Scan", "Parent Relationship": "Inner", "Parallel Aware": false, "Async Capable": false, "Scan Direction": "Forward", "Index Name": "idx_comments_userid", "Relation Name": "comments", "Alias": "c", "Startup Cost": 0.29, "Total Cost": 9.01, "Plan Rows": 3, "Plan Width": 8, "Actual Rows": 3137, "Actual Loops": 36, "Index Cond": "(userid = v.userid)", "Rows Removed by Index Recheck": 0, "Filter": "((creationdate >= '2013-12-27 17:42:56'::timestamp without time zone) AND (creationdate <= '2014-08-24 21:06:02'::timestamp without time zone))", "Rows Removed by Filter": 4665}]}, {"Node Type": "Index Scan", "Parent Relationship": "Inner", "Parallel Aware": false, "Async Capable": false, "Scan Direction": "Forward", "Index Name": "idx_posthistory_postid", "Relation Name": "posthistory", "Alias": "ph", "Startup Cost": 0.42, "Total Cost": 0.76, "Plan Rows": 1, "Plan Width": 4, "Actual Rows": 0, "Actual Loops": 112946, "Index Cond": "(postid = c.postid)", "Rows Removed by Index Recheck": 0, "Filter": "((creationdate <= '2013-09-26 17:30:31'::timestamp without time zone) AND (posthistorytypeid = 2))", "Rows Removed by Filter": 5}]}, {"Node Type": "Index Scan", "Parent Relationship": "Inner", "Parallel Aware": false, "Async Capable": false, "Scan Direction": "Forward", "Index Name": "posts_pkey", "Relation Name": "posts", "Alias": "p", "Startup Cost": 0.29, "Total Cost": 0.39, "Plan Rows": 1, "Plan Width": 4, "Actual Rows": 0, "Actual Loops": 2196, "Index Cond": "(id = ph.postid)", "Rows Removed by Index Recheck": 0, "Filter": "((score >= 16) AND (score <= 170) AND (commentcount <= 10))", "Rows Removed by Filter": 1}]}]}]}]}, "Planning Time": 4.828, "Triggers": [], "Execution Time": 271.771}, {"Plan": {"Node Type": "Aggregate", "Strategy": "Plain", "Partial Mode": "Simple", "Parallel Aware": false, "Async Capable": false, "Startup Cost": 3896.41, "Total Cost": 3896.42, "Plan Rows": 1, "Plan Width": 8, "Actual Rows": 1, "Actual Loops": 1, "Plans": [{"Node Type": "Nested Loop", "Parent Relationship": "Outer", "Parallel Aware": false, "Async Capable": false, "Join Type": "Inner", "Startup Cost": 2470.48, "Total Cost": 3896.4, "Plan Rows": 1, "Plan Width": 0, "Actual Rows": 53, "Actual Loops": 1, "Inner Unique": false, "Join Filter": "(c.userid = u.id)", "Rows Removed by Join Filter": 2323, "Plans": [{"Node Type": "Nested Loop", "Parent Relationship": "Outer", "Parallel Aware": false, "Async Capable": false, "Join Type": "Inner", "Startup Cost": 0.42, "Total Cost": 927.04, "Plan Rows": 1, "Plan Width": 8, "Actual Rows": 36, "Actual Loops": 1, "Inner Unique": false, "Plans": [{"Node Type": "Seq Scan", "Parent Relationship": "Outer", "Parallel Aware": false, "Async Capable": false, "Relation Name": "users", "Alias": "u", "Startup Cost": 0.0, "Total Cost": 901.88, "Plan Rows": 1, "Plan Width": 4, "Actual Rows": 7, "Actual Loops": 1, "Filter": "((views >= 2570) AND (creationdate <= '2010-09-09 13:57:26'::timestamp without time zone))", "Rows Removed by Filter": 40318}, {"Node Type": "Index Scan", "Parent Relationship": "Inner", "Parallel Aware": false, "Async Capable": false, "Scan Direction": "Forward", "Index Name": "idx_votes_userid", "Relation Name": "votes", "Alias": "v", "Startup Cost": 0.42, "Total Cost": 25.16, "Plan Rows": 1, "Plan Width": 4, "Actual Rows": 5, "Actual Loops": 7, "Index Cond": "(userid = u.id)", "Rows Removed by Index Recheck": 0, "Filter": "((bountyamount <= 396) AND (creationdate >= '2013-07-06 14:13:13'::timestamp without time zone) AND (creationdate <= '2014-08-14 17:44:39'::timestamp without time zone))", "Rows Removed by Filter": 175}]}, {"Node Type": "Nested Loop", "Parent Relationship": "Inner", "Parallel Aware": false, "Async Capable": false, "Join Type": "Inner", "Startup Cost": 2470.06, "Total Cost": 2968.66, "Plan Rows": 56, "Plan Width": 4, "Actual Rows": 66, "Actual Loops": 36, "Inner Unique": false, "Join Filter": "(p.id = ph.postid)", "Rows Removed by Join Filter": 0, "Plans": [{"Node Type": "Nested Loop", "Parent Relationship": "Outer", "Parallel Aware": false, "Async Capable": false, "Join Type": "Inner", "Startup Cost": 2469.64, "Total Cost": 2898.85, "Plan Rows": 90, "Plan Width": 16, "Actual Rows": 208, "Actual Loops": 36, "Inner Unique": false, "Join Filter": "(c.postid = p.id)", "Rows Removed by Join Filter": 0, "Plans": [{"Node Type": "Hash Join", "Parent Relationship": "Outer", "Parallel Aware": false, "Async Capable": false, "Join Type": "Inner", "Startup Cost": 2469.22, "Total Cost": 2691.38, "Plan Rows": 190, "Plan Width": 8, "Actual Rows": 426, "Actual Loops": 36, "Inner Unique": true, "Hash Cond": "(pl.postid = p.id)", "Plans": [{"Node Type": "Seq Scan", "Parent Relationship": "Outer", "Parallel Aware": false, "Async Capable": false, "Relation Name": "postlinks", "Alias": "pl", "Startup Cost": 0.0, "Total Cost": 193.02, "Plan Rows": 11102, "Plan Width": 4, "Actual Rows": 11102, "Actual Loops": 36}, {"Node Type": "Hash", "Parent Relationship": "Inner", "Parallel Aware": false, "Async Capable": false, "Startup Cost": 2449.58, "Total Cost": 2449.58, "Plan Rows": 1571, "Plan Width": 4, "Actual Rows": 1501, "Actual Loops": 1, "Hash Buckets": 2048, "Original Hash Buckets": 2048, "Hash Batches": 1, "Original Hash Batches": 1, "Peak Memory Usage": 69, "Plans": [{"Node Type": "Seq Scan", "Parent Relationship": "Outer", "Parallel Aware": false, "Async Capable": false, "Relation Name": "posts", "Alias": "p", "Startup Cost": 0.0, "Total Cost": 2449.58, "Plan Rows": 1571, "Plan Width": 4, "Actual Rows": 1501, "Actual Loops": 1, "Filter": "((score >= 16) AND (score <= 170) AND (commentcount <= 10))", "Rows Removed by Filter": 90475}]}]}, {"Node Type": "Index Scan", "Parent Relationship": "Inner", "Parallel Aware": false, "Async Capable": false, "Scan Direction": "Forward", "Index Name": "idx_comments_postid", "Relation Name": "comments", "Alias": "c", "Startup Cost": 0.42, "Total Cost": 1.08, "Plan Rows": 1, "Plan Width": 8, "Actual Rows": 0, "Actual Loops": 15336, "Index Cond": "(postid = pl.postid)", "Rows Removed by Index Recheck": 0, "Filter": "((creationdate >= '2013-12-27 17:42:56'::timestamp without time zone) AND (creationdate <= '2014-08-24 21:06:02'::timestamp without time zone))", "Rows Removed by Filter": 3}]}, {"Node Type": "Index Scan", "Parent Relationship": "Inner", "Parallel Aware": false, "Async Capable": false, "Scan Direction": "Forward", "Index Name": "idx_posthistory_postid", "Relation Name": "posthistory", "Alias": "ph", "Startup Cost": 0.42, "Total Cost": 0.76, "Plan Rows": 1, "Plan Width": 4, "Actual Rows": 0, "Actual Loops": 7488, "Index Cond": "(postid = c.postid)", "Rows Removed by Index Recheck": 0, "Filter": "((creationdate <= '2013-09-26 17:30:31'::timestamp without time zone) AND (posthistorytypeid = 2))", "Rows Removed by Filter": 7}]}]}]}, "Planning Time": 4.543, "Triggers": [], "Execution Time": 99.14}, {"Plan": {"Node Type": "Aggregate", "Strategy": "Plain", "Partial Mode": "Simple", "Parallel Aware": false, "Async Capable": false, "Startup Cost": 937.58, "Total Cost": 937.59, "Plan Rows": 1, "Plan Width": 8, "Actual Rows": 1, "Actual Loops": 1, "Plans": [{"Node Type": "Nested Loop", "Parent Relationship": "Outer", "Parallel Aware": false, "Async Capable": false, "Join Type": "Inner", "Startup Cost": 1.72, "Total Cost": 937.58, "Plan Rows": 1, "Plan Width": 0, "Actual Rows": 53, "Actual Loops": 1, "Inner Unique": true, "Join Filter": "(p.id = pl.postid)", "Rows Removed by Join Filter": 0, "Plans": [{"Node Type": "Nested Loop", "Parent Relationship": "Outer", "Parallel Aware": false, "Async Capable": false, "Join Type": "Inner", "Startup Cost": 1.43, "Total Cost": 937.17, "Plan Rows": 1, "Plan Width": 12, "Actual Rows": 778, "Actual Loops": 1, "Inner Unique": false, "Plans": [{"Node Type": "Nested Loop", "Parent Relationship": "Outer", "Parallel Aware": false, "Async Capable": false, "Join Type": "Inner", "Startup Cost": 1.14, "Total Cost": 936.86, "Plan Rows": 1, "Plan Width": 8, "Actual Rows": 2196, "Actual Loops": 1, "Inner Unique": false, "Plans": [{"Node Type": "Nested Loop", "Parent Relationship": "Outer", "Parallel Aware": false, "Async Capable": false, "Join Type": "Inner", "Startup Cost": 0.72, "Total Cost": 936.09, "Plan Rows": 1, "Plan Width": 4, "Actual Rows": 112946, "Actual Loops": 1, "Inner Unique": false, "Join Filter": "(c.userid = u.id)", "Rows Removed by Join Filter": 0, "Plans": [{"Node Type": "Nested Loop", "Parent Relationship": "Outer", "Parallel Aware": false, "Async Capable": false, "Join Type": "Inner", "Startup Cost": 0.42, "Total Cost": 927.04, "Plan Rows": 1, "Plan Width": 8, "Actual Rows": 36, "Actual Loops": 1, "Inner Unique": false, "Plans": [{"Node Type": "Seq Scan", "Parent Relationship": "Outer", "Parallel Aware": false, "Async Capable": false, "Relation Name": "users", "Alias": "u", "Startup Cost": 0.0, "Total Cost": 901.88, "Plan Rows": 1, "Plan Width": 4, "Actual Rows": 7, "Actual Loops": 1, "Filter": "((views >= 2570) AND (creationdate <= '2010-09-09 13:57:26'::timestamp without time zone))", "Rows Removed by Filter": 40318}, {"Node Type": "Index Scan", "Parent Relationship": "Inner", "Parallel Aware": false, "Async Capable": false, "Scan Direction": "Forward", "Index Name": "idx_votes_userid", "Relation Name": "votes", "Alias": "v", "Startup Cost": 0.42, "Total Cost": 25.16, "Plan Rows": 1, "Plan Width": 4, "Actual Rows": 5, "Actual Loops": 7, "Index Cond": "(userid = u.id)", "Rows Removed by Index Recheck": 0, "Filter": "((bountyamount <= 396) AND (creationdate >= '2013-07-06 14:13:13'::timestamp without time zone) AND (creationdate <= '2014-08-14 17:44:39'::timestamp without time zone))", "Rows Removed by Filter": 175}]}, {"Node Type": "Index Scan", "Parent Relationship": "Inner", "Parallel Aware": false, "Async Capable": false, "Scan Direction": "Forward", "Index Name": "idx_comments_userid", "Relation Name": "comments", "Alias": "c", "Startup Cost": 0.29, "Total Cost": 9.01, "Plan Rows": 3, "Plan Width": 8, "Actual Rows": 3137, "Actual Loops": 36, "Index Cond": "(userid = v.userid)", "Rows Removed by Index Recheck": 0, "Filter": "((creationdate >= '2013-12-27 17:42:56'::timestamp without time zone) AND (creationdate <= '2014-08-24 21:06:02'::timestamp without time zone))", "Rows Removed by Filter": 4665}]}, {"Node Type": "Index Scan", "Parent Relationship": "Inner", "Parallel Aware": false, "Async Capable": false, "Scan Direction": "Forward", "Index Name": "idx_posthistory_postid", "Relation Name": "posthistory", "Alias": "ph", "Startup Cost": 0.42, "Total Cost": 0.76, "Plan Rows": 1, "Plan Width": 4, "Actual Rows": 0, "Actual Loops": 112946, "Index Cond": "(postid = c.postid)", "Rows Removed by Index Recheck": 0, "Filter": "((creationdate <= '2013-09-26 17:30:31'::timestamp without time zone) AND (posthistorytypeid = 2))", "Rows Removed by Filter": 5}]}, {"Node Type": "Index Only Scan", "Parent Relationship": "Inner", "Parallel Aware": false, "Async Capable": false, "Scan Direction": "Forward", "Index Name": "idx_postlinks_postid", "Relation Name": "postlinks", "Alias": "pl", "Startup Cost": 0.29, "Total Cost": 0.3, "Plan Rows": 1, "Plan Width": 4, "Actual Rows": 0, "Actual Loops": 2196, "Index Cond": "(postid = ph.postid)", "Rows Removed by Index Recheck": 0, "Heap Fetches": 0}]}, {"Node Type": "Index Scan", "Parent Relationship": "Inner", "Parallel Aware": false, "Async Capable": false, "Scan Direction": "Forward", "Index Name": "posts_pkey", "Relation Name": "posts", "Alias": "p", "Startup Cost": 0.29, "Total Cost": 0.39, "Plan Rows": 1, "Plan Width": 4, "Actual Rows": 0, "Actual Loops": 778, "Index Cond": "(id = ph.postid)", "Rows Removed by Index Recheck": 0, "Filter": "((score >= 16) AND (score <= 170) AND (commentcount <= 10))", "Rows Removed by Filter": 1}]}]}, "Planning Time": 4.912, "Triggers": [], "Execution Time": 264.407}, {"Plan": {"Node Type": "Aggregate", "Strategy": "Plain", "Partial Mode": "Simple", "Parallel Aware": false, "Async Capable": false, "Startup Cost": 8776.26, "Total Cost": 8776.27, "Plan Rows": 1, "Plan Width": 8, "Plans": [{"Node Type": "Nested Loop", "Parent Relationship": "Outer", "Parallel Aware": false, "Async Capable": false, "Join Type": "Inner", "Startup Cost": 1332.81, "Total Cost": 8776.26, "Plan Rows": 1, "Plan Width": 0, "Inner Unique": false, "Join Filter": "(p.id = pl.postid)", "Plans": [{"Node Type": "Nested Loop", "Parent Relationship": "Outer", "Parallel Aware": false, "Async Capable": false, "Join Type": "Inner", "Startup Cost": 1.01, "Total Cost": 936.5, "Plan Rows": 1, "Plan Width": 8, "Inner Unique": true, "Plans": [{"Node Type": "Nested Loop", "Parent Relationship": "Outer", "Parallel Aware": false, "Async Capable": false, "Join Type": "Inner", "Startup Cost": 0.72, "Total Cost": 936.09, "Plan Rows": 1, "Plan Width": 4, "Inner Unique": false, "Join Filter": "(c.userid = u.id)", "Plans": [{"Node Type": "Nested Loop", "Parent Relationship": "Outer", "Parallel Aware": false, "Async Capable": false, "Join Type": "Inner", "Startup Cost": 0.42, "Total Cost": 927.04, "Plan Rows": 1, "Plan Width": 8, "Inner Unique": false, "Plans": [{"Node Type": "Seq Scan", "Parent Relationship": "Outer", "Parallel Aware": false, "Async Capable": false, "Relation Name": "users", "Alias": "u", "Startup Cost": 0.0, "Total Cost": 901.88, "Plan Rows": 1, "Plan Width": 4, "Filter": "((views >= 2570) AND (creationdate <= '2010-09-09 13:57:26'::timestamp without time zone))"}, {"Node Type": "Index Scan", "Parent Relationship": "Inner", "Parallel Aware": false, "Async Capable": false, "Scan Direction": "Forward", "Index Name": "idx_votes_userid", "Relation Name": "votes", "Alias": "v", "Startup Cost": 0.42, "Total Cost": 25.16, "Plan Rows": 1, "Plan Width": 4, "Index Cond": "(userid = u.id)", "Filter": "((bountyamount <= 396) AND (creationdate >= '2013-07-06 14:13:13'::timestamp without time zone) AND (creationdate <= '2014-08-14 17:44:39'::timestamp without time zone))"}]}, {"Node Type": "Index Scan", "Parent Relationship": "Inner", "Parallel Aware": false, "Async Capable": false, "Scan Direction": "Forward", "Index Name": "idx_comments_userid", "Relation Name": "comments", "Alias": "c", "Startup Cost": 0.29, "Total Cost": 9.01, "Plan Rows": 3, "Plan Width": 8, "Index Cond": "(userid = v.userid)", "Filter": "((creationdate >= '2013-12-27 17:42:56'::timestamp without time zone) AND (creationdate <= '2014-08-24 21:06:02'::timestamp without time zone))"}]}, {"Node Type": "Index Scan", "Parent Relationship": "Inner", "Parallel Aware": false, "Async Capable": false, "Scan Direction": "Forward", "Index Name": "posts_pkey", "Relation Name": "posts", "Alias": "p", "Startup Cost": 0.29, "Total Cost": 0.42, "Plan Rows": 1, "Plan Width": 4, "Index Cond": "(id = c.postid)", "Filter": "((score >= 16) AND (score <= 170) AND (commentcount <= 10))"}]}, {"Node Type": "Gather", "Parent Relationship": "Inner", "Parallel Aware": false, "Async Capable": false, "Startup Cost": 1331.8, "Total Cost": 7738.27, "Plan Rows": 8119, "Plan Width": 8, "Workers Planned": 1, "Single Copy": false, "Plans": [{"Node Type": "Hash Join", "Parent Relationship": "Outer", "Parallel Aware": false, "Async Capable": false, "Join Type": "Inner", "Startup Cost": 331.79, "Total Cost": 5926.37, "Plan Rows": 4776, "Plan Width": 8, "Inner Unique": false, "Hash Cond": "(ph.postid = pl.postid)", "Plans": [{"Node Type": "Seq Scan", "Parent Relationship": "Outer", "Parallel Aware": true, "Async Capable": false, "Relation Name": "posthistory", "Alias": "ph", "Startup Cost": 0.0, "Total Cost": 4915.18, "Plan Rows": 33687, "Plan Width": 4, "Filter": "((creationdate <= '2013-09-26 17:30:31'::timestamp without time zone) AND (posthistorytypeid = 2))"}, {"Node Type": "Hash", "Parent Relationship": "Inner", "Parallel Aware": false, "Async Capable": false, "Startup Cost": 193.02, "Total Cost": 193.02, "Plan Rows": 11102, "Plan Width": 4, "Plans": [{"Node Type": "Seq Scan", "Parent Relationship": "Outer", "Parallel Aware": false, "Async Capable": false, "Relation Name": "postlinks", "Alias": "pl", "Startup Cost": 0.0, "Total Cost": 193.02, "Plan Rows": 11102, "Plan Width": 4}]}]}]}]}]}}, {"Plan": {"Node Type": "Aggregate", "Strategy": "Plain", "Partial Mode": "Simple", "Parallel Aware": false, "Async Capable": false, "Startup Cost": 3888.66, "Total Cost": 3888.67, "Plan Rows": 1, "Plan Width": 8, "Actual Rows": 1, "Actual Loops": 1, "Plans": [{"Node Type": "Nested Loop", "Parent Relationship": "Outer", "Parallel Aware": false, "Async Capable": false, "Join Type": "Inner", "Startup Cost": 2470.48, "Total Cost": 3888.66, "Plan Rows": 1, "Plan Width": 0, "Actual Rows": 53, "Actual Loops": 1, "Inner Unique": false, "Join Filter": "(c.userid = u.id)", "Rows Removed by Join Filter": 437, "Plans": [{"Node Type": "Seq Scan", "Parent Relationship": "Outer", "Parallel Aware": false, "Async Capable": false, "Relation Name": "users", "Alias": "u", "Startup Cost": 0.0, "Total Cost": 901.88, "Plan Rows": 1, "Plan Width": 4, "Actual Rows": 7, "Actual Loops": 1, "Filter": "((views >= 2570) AND (creationdate <= '2010-09-09 13:57:26'::timestamp without time zone))", "Rows Removed by Filter": 40318}, {"Node Type": "Nested Loop", "Parent Relationship": "Inner", "Parallel Aware": false, "Async Capable": false, "Join Type": "Inner", "Startup Cost": 2470.48, "Total Cost": 2986.7, "Plan Rows": 7, "Plan Width": 8, "Actual Rows": 70, "Actual Loops": 7, "Inner Unique": false, "Join Filter": "(p.id = ph.postid)", "Rows Removed by Join Filter": 0, "Plans": [{"Node Type": "Nested Loop", "Parent Relationship": "Outer", "Parallel Aware": false, "Async Capable": false, "Join Type": "Inner", "Startup Cost": 2470.06, "Total Cost": 2978.16, "Plan Rows": 11, "Plan Width": 20, "Actual Rows": 479, "Actual Loops": 7, "Inner Unique": false, "Plans": [{"Node Type": "Nested Loop", "Parent Relationship": "Outer", "Parallel Aware": false, "Async Capable": false, "Join Type": "Inner", "Startup Cost": 2469.64, "Total Cost": 2898.85, "Plan Rows": 90, "Plan Width": 16, "Actual Rows": 208, "Actual Loops": 7, "Inner Unique": false, "Join Filter": "(c.postid = p.id)", "Rows Removed by Join Filter": 0, "Plans": [{"Node Type": "Hash Join", "Parent Relationship": "Outer", "Parallel Aware": false, "Async Capable": false, "Join Type": "Inner", "Startup Cost": 2469.22, "Total Cost": 2691.38, "Plan Rows": 190, "Plan Width": 8, "Actual Rows": 426, "Actual Loops": 7, "Inner Unique": true, "Hash Cond": "(pl.postid = p.id)", "Plans": [{"Node Type": "Seq Scan", "Parent Relationship": "Outer", "Parallel Aware": false, "Async Capable": false, "Relation Name": "postlinks", "Alias": "pl", "Startup Cost": 0.0, "Total Cost": 193.02, "Plan Rows": 11102, "Plan Width": 4, "Actual Rows": 11102, "Actual Loops": 7}, {"Node Type": "Hash", "Parent Relationship": "Inner", "Parallel Aware": false, "Async Capable": false, "Startup Cost": 2449.58, "Total Cost": 2449.58, "Plan Rows": 1571, "Plan Width": 4, "Actual Rows": 1501, "Actual Loops": 1, "Hash Buckets": 2048, "Original Hash Buckets": 2048, "Hash Batches": 1, "Original Hash Batches": 1, "Peak Memory Usage": 69, "Plans": [{"Node Type": "Seq Scan", "Parent Relationship": "Outer", "Parallel Aware": false, "Async Capable": false, "Relation Name": "posts", "Alias": "p", "Startup Cost": 0.0, "Total Cost": 2449.58, "Plan Rows": 1571, "Plan Width": 4, "Actual Rows": 1501, "Actual Loops": 1, "Filter": "((score >= 16) AND (score <= 170) AND (commentcount <= 10))", "Rows Removed by Filter": 90475}]}]}, {"Node Type": "Index Scan", "Parent Relationship": "Inner", "Parallel Aware": false, "Async Capable": false, "Scan Direction": "Forward", "Index Name": "idx_comments_postid", "Relation Name": "comments", "Alias": "c", "Startup Cost": 0.42, "Total Cost": 1.08, "Plan Rows": 1, "Plan Width": 8, "Actual Rows": 0, "Actual Loops": 2982, "Index Cond": "(postid = pl.postid)", "Rows Removed by Index Recheck": 0, "Filter": "((creationdate >= '2013-12-27 17:42:56'::timestamp without time zone) AND (creationdate <= '2014-08-24 21:06:02'::timestamp without time zone))", "Rows Removed by Filter": 3}]}, {"Node Type": "Index Scan", "Parent Relationship": "Inner", "Parallel Aware": false, "Async Capable": false, "Scan Direction": "Forward", "Index Name": "idx_votes_userid", "Relation Name": "votes", "Alias": "v", "Startup Cost": 0.42, "Total Cost": 0.87, "Plan Rows": 1, "Plan Width": 4, "Actual Rows": 2, "Actual Loops": 1456, "Index Cond": "(userid = c.userid)", "Rows Removed by Index Recheck": 0, "Filter": "((bountyamount <= 396) AND (creationdate >= '2013-07-06 14:13:13'::timestamp without time zone) AND (creationdate <= '2014-08-14 17:44:39'::timestamp without time zone))", "Rows Removed by Filter": 61}]}, {"Node Type": "Index Scan", "Parent Relationship": "Inner", "Parallel Aware": false, "Async Capable": false, "Scan Direction": "Forward", "Index Name": "idx_posthistory_postid", "Relation Name": "posthistory", "Alias": "ph", "Startup Cost": 0.42, "Total Cost": 0.76, "Plan Rows": 1, "Plan Width": 4, "Actual Rows": 0, "Actual Loops": 3353, "Index Cond": "(postid = c.postid)", "Rows Removed by Index Recheck": 0, "Filter": "((creationdate <= '2013-09-26 17:30:31'::timestamp without time zone) AND (posthistorytypeid = 2))", "Rows Removed by Filter": 6}]}]}]}, "Planning Time": 4.003, "Triggers": [], "Execution Time": 61.768}, {"Plan": {"Node Type": "Aggregate", "Strategy": "Plain", "Partial Mode": "Simple", "Parallel Aware": false, "Async Capable": false, "Startup Cost": 937.6, "Total Cost": 937.61, "Plan Rows": 1, "Plan Width": 8, "Actual Rows": 1, "Actual Loops": 1, "Plans": [{"Node Type": "Nested Loop", "Parent Relationship": "Outer", "Parallel Aware": false, "Async Capable": false, "Join Type": "Inner", "Startup Cost": 1.72, "Total Cost": 937.6, "Plan Rows": 1, "Plan Width": 0, "Actual Rows": 53, "Actual Loops": 1, "Inner Unique": false, "Join Filter": "(p.id = ph.postid)", "Rows Removed by Join Filter": 0, "Plans": [{"Node Type": "Nested Loop", "Parent Relationship": "Outer", "Parallel Aware": false, "Async Capable": false, "Join Type": "Inner", "Startup Cost": 1.29, "Total Cost": 936.82, "Plan Rows": 1, "Plan Width": 12, "Actual Rows": 389, "Actual Loops": 1, "Inner Unique": false, "Join Filter": "(p.id = pl.postid)", "Rows Removed by Join Filter": 0, "Plans": [{"Node Type": "Nested Loop", "Parent Relationship": "Outer", "Parallel Aware": false, "Async Capable": false, "Join Type": "Inner", "Startup Cost": 1.01, "Total Cost": 936.5, "Plan Rows": 1, "Plan Width": 8, "Actual Rows": 978, "Actual Loops": 1, "Inner Unique": true, "Plans": [{"Node Type": "Nested Loop", "Parent Relationship": "Outer", "Parallel Aware": false, "Async Capable": false, "Join Type": "Inner", "Startup Cost": 0.72, "Total Cost": 936.09, "Plan Rows": 1, "Plan Width": 4, "Actual Rows": 112946, "Actual Loops": 1, "Inner Unique": false, "Join Filter": "(c.userid = u.id)", "Rows Removed by Join Filter": 0, "Plans": [{"Node Type": "Nested Loop", "Parent Relationship": "Outer", "Parallel Aware": false, "Async Capable": false, "Join Type": "Inner", "Startup Cost": 0.42, "Total Cost": 927.04, "Plan Rows": 1, "Plan Width": 8, "Actual Rows": 36, "Actual Loops": 1, "Inner Unique": false, "Plans": [{"Node Type": "Seq Scan", "Parent Relationship": "Outer", "Parallel Aware": false, "Async Capable": false, "Relation Name": "users", "Alias": "u", "Startup Cost": 0.0, "Total Cost": 901.88, "Plan Rows": 1, "Plan Width": 4, "Actual Rows": 7, "Actual Loops": 1, "Filter": "((views >= 2570) AND (creationdate <= '2010-09-09 13:57:26'::timestamp without time zone))", "Rows Removed by Filter": 40318}, {"Node Type": "Index Scan", "Parent Relationship": "Inner", "Parallel Aware": false, "Async Capable": false, "Scan Direction": "Forward", "Index Name": "idx_votes_userid", "Relation Name": "votes", "Alias": "v", "Startup Cost": 0.42, "Total Cost": 25.16, "Plan Rows": 1, "Plan Width": 4, "Actual Rows": 5, "Actual Loops": 7, "Index Cond": "(userid = u.id)", "Rows Removed by Index Recheck": 0, "Filter": "((bountyamount <= 396) AND (creationdate >= '2013-07-06 14:13:13'::timestamp without time zone) AND (creationdate <= '2014-08-14 17:44:39'::timestamp without time zone))", "Rows Removed by Filter": 175}]}, {"Node Type": "Index Scan", "Parent Relationship": "Inner", "Parallel Aware": false, "Async Capable": false, "Scan Direction": "Forward", "Index Name": "idx_comments_userid", "Relation Name": "comments", "Alias": "c", "Startup Cost": 0.29, "Total Cost": 9.01, "Plan Rows": 3, "Plan Width": 8, "Actual Rows": 3137, "Actual Loops": 36, "Index Cond": "(userid = v.userid)", "Rows Removed by Index Recheck": 0, "Filter": "((creationdate >= '2013-12-27 17:42:56'::timestamp without time zone) AND (creationdate <= '2014-08-24 21:06:02'::timestamp without time zone))", "Rows Removed by Filter": 4665}]}, {"Node Type": "Index Scan", "Parent Relationship": "Inner", "Parallel Aware": false, "Async Capable": false, "Scan Direction": "Forward", "Index Name": "posts_pkey", "Relation Name": "posts", "Alias": "p", "Startup Cost": 0.29, "Total Cost": 0.42, "Plan Rows": 1, "Plan Width": 4, "Actual Rows": 0, "Actual Loops": 112946, "Index Cond": "(id = c.postid)", "Rows Removed by Index Recheck": 0, "Filter": "((score >= 16) AND (score <= 170) AND (commentcount <= 10))", "Rows Removed by Filter": 1}]}, {"Node Type": "Index Only Scan", "Parent Relationship": "Inner", "Parallel Aware": false, "Async Capable": false, "Scan Direction": "Forward", "Index Name": "idx_postlinks_postid", "Relation Name": "postlinks", "Alias": "pl", "Startup Cost": 0.29, "Total Cost": 0.31, "Plan Rows": 1, "Plan Width": 4, "Actual Rows": 0, "Actual Loops": 978, "Index Cond": "(postid = c.postid)", "Rows Removed by Index Recheck": 0, "Heap Fetches": 0}]}, {"Node Type": "Index Scan", "Parent Relationship": "Inner", "Parallel Aware": false, "Async Capable": false, "Scan Direction": "Forward", "Index Name": "idx_posthistory_postid", "Relation Name": "posthistory", "Alias": "ph", "Startup Cost": 0.42, "Total Cost": 0.76, "Plan Rows": 1, "Plan Width": 4, "Actual Rows": 0, "Actual Loops": 389, "Index Cond": "(postid = c.postid)", "Rows Removed by Index Recheck": 0, "Filter": "((creationdate <= '2013-09-26 17:30:31'::timestamp without time zone) AND (posthistorytypeid = 2))", "Rows Removed by Filter": 6}]}]}, "Planning Time": 4.516, "Triggers": [], "Execution Time": 165.596}, {"Plan": {"Node Type": "Aggregate", "Strategy": "Plain", "Partial Mode": "Simple", "Parallel Aware": false, "Async Capable": false, "Startup Cost": 2426.5, "Total Cost": 2426.51, "Plan Rows": 1, "Plan Width": 8, "Actual Rows": 1, "Actual Loops": 1, "Plans": [{"Node Type": "Merge Join", "Parent Relationship": "Outer", "Parallel Aware": false, "Async Capable": false, "Join Type": "Inner", "Startup Cost": 949.55, "Total Cost": 2426.5, "Plan Rows": 1, "Plan Width": 0, "Actual Rows": 53, "Actual Loops": 1, "Inner Unique": false, "Merge Cond": "(v.userid = u.id)", "Plans": [{"Node Type": "Index Scan", "Parent Relationship": "Outer", "Parallel Aware": false, "Async Capable": false, "Scan Direction": "Forward", "Index Name": "idx_votes_userid", "Relation Name": "votes", "Alias": "v", "Startup Cost": 0.42, "Total Cost": 14062.79, "Plan Rows": 638, "Plan Width": 4, "Actual Rows": 52, "Actual Loops": 1, "Filter": "((bountyamount <= 396) AND (creationdate >= '2013-07-06 14:13:13'::timestamp without time zone) AND (creationdate <= '2014-08-14 17:44:39'::timestamp without time zone))", "Rows Removed by Filter": 4489}, {"Node Type": "Sort", "Parent Relationship": "Inner", "Parallel Aware": false, "Async Capable": false, "Startup Cost": 949.13, "Total Cost": 949.13, "Plan Rows": 1, "Plan Width": 8, "Actual Rows": 51, "Actual Loops": 1, "Sort Key": ["c.userid"], "Sort Method": "quicksort", "Sort Space Used": 25, "Sort Space Type": "Memory", "Plans": [{"Node Type": "Nested Loop", "Parent Relationship": "Outer", "Parallel Aware": false, "Async Capable": false, "Join Type": "Inner", "Startup Cost": 1.29, "Total Cost": 949.12, "Plan Rows": 1, "Plan Width": 8, "Actual Rows": 3, "Actual Loops": 1, "Inner Unique": false, "Join Filter": "(p.id = pl.postid)", "Rows Removed by Join Filter": 0, "Plans": [{"Node Type": "Nested Loop", "Parent Relationship": "Outer", "Parallel Aware": false, "Async Capable": false, "Join Type": "Inner", "Startup Cost": 1.01, "Total Cost": 948.8, "Plan Rows": 1, "Plan Width": 20, "Actual Rows": 22, "Actual Loops": 1, "Inner Unique": true, "Plans": [{"Node Type": "Nested Loop", "Parent Relationship": "Outer", "Parallel Aware": false, "Async Capable": false, "Join Type": "Inner", "Startup Cost": 0.72, "Total Cost": 948.4, "Plan Rows": 1, "Plan Width": 16, "Actual Rows": 174, "Actual Loops": 1, "Inner Unique": false, "Plans": [{"Node Type": "Nested Loop", "Parent Relationship": "Outer", "Parallel Aware": false, "Async Capable": false, "Join Type": "Inner", "Startup Cost": 0.29, "Total Cost": 947.63, "Plan Rows": 1, "Plan Width": 12, "Actual Rows": 7854, "Actual Loops": 1, "Inner Unique": false, "Plans": [{"Node Type": "Seq Scan", "Parent Relationship": "Outer", "Parallel Aware": false, "Async Capable": false, "Relation Name": "users", "Alias": "u", "Startup Cost": 0.0, "Total Cost": 901.88, "Plan Rows": 1, "Plan Width": 4, "Actual Rows": 7, "Actual Loops": 1, "Filter": "((views >= 2570) AND (creationdate <= '2010-09-09 13:57:26'::timestamp without time zone))", "Rows Removed by Filter": 40318}, {"Node Type": "Index Scan", "Parent Relationship": "Inner", "Parallel Aware": false, "Async Capable": false, "Scan Direction": "Forward", "Index Name": "idx_comments_userid", "Relation Name": "comments", "Alias": "c", "Startup Cost": 0.29, "Total Cost": 45.73, "Plan Rows": 3, "Plan Width": 8, "Actual Rows": 1122, "Actual Loops": 7, "Index Cond": "(userid = u.id)", "Rows Removed by Index Recheck": 0, "Filter": "((creationdate >= '2013-12-27 17:42:56'::timestamp without time zone) AND (creationdate <= '2014-08-24 21:06:02'::timestamp without time zone))", "Rows Removed by Filter": 3096}]}, {"Node Type": "Index Scan", "Parent Relationship": "Inner", "Parallel Aware": false, "Async Capable": false, "Scan Direction": "Forward", "Index Name": "idx_posthistory_postid", "Relation Name": "posthistory", "Alias": "ph", "Startup Cost": 0.42, "Total Cost": 0.76, "Plan Rows": 1, "Plan Width": 4, "Actual Rows": 0, "Actual Loops": 7854, "Index Cond": "(postid = c.postid)", "Rows Removed by Index Recheck": 0, "Filter": "((creationdate <= '2013-09-26 17:30:31'::timestamp without time zone) AND (posthistorytypeid = 2))", "Rows Removed by Filter": 4}]}, {"Node Type": "Index Scan", "Parent Relationship": "Inner", "Parallel Aware": false, "Async Capable": false, "Scan Direction": "Forward", "Index Name": "posts_pkey", "Relation Name": "posts", "Alias": "p", "Startup Cost": 0.29, "Total Cost": 0.39, "Plan Rows": 1, "Plan Width": 4, "Actual Rows": 0, "Actual Loops": 174, "Index Cond": "(id = ph.postid)", "Rows Removed by Index Recheck": 0, "Filter": "((score >= 16) AND (score <= 170) AND (commentcount <= 10))", "Rows Removed by Filter": 1}]}, {"Node Type": "Index Only Scan", "Parent Relationship": "Inner", "Parallel Aware": false, "Async Capable": false, "Scan Direction": "Forward", "Index Name": "idx_postlinks_postid", "Relation Name": "postlinks", "Alias": "pl", "Startup Cost": 0.29, "Total Cost": 0.3, "Plan Rows": 1, "Plan Width": 4, "Actual Rows": 0, "Actual Loops": 22, "Index Cond": "(postid = ph.postid)", "Rows Removed by Index Recheck": 0, "Heap Fetches": 0}]}]}]}]}, "Planning Time": 4.577, "Triggers": [], "Execution Time": 58.413}, {"Plan": {"Node Type": "Aggregate", "Strategy": "Plain", "Partial Mode": "Simple", "Parallel Aware": false, "Async Capable": false, "Startup Cost": 3631.09, "Total Cost": 3631.1, "Plan Rows": 1, "Plan Width": 8, "Actual Rows": 1, "Actual Loops": 1, "Plans": [{"Node Type": "Nested Loop", "Parent Relationship": "Outer", "Parallel Aware": false, "Async Capable": false, "Join Type": "Inner", "Startup Cost": 2470.36, "Total Cost": 3631.09, "Plan Rows": 1, "Plan Width": 0, "Actual Rows": 53, "Actual Loops": 1, "Inner Unique": false, "Join Filter": "(p.id = ph.postid)", "Rows Removed by Join Filter": 935443, "Plans": [{"Node Type": "Hash Join", "Parent Relationship": "Outer", "Parallel Aware": false, "Async Capable": false, "Join Type": "Inner", "Startup Cost": 2469.22, "Total Cost": 2691.38, "Plan Rows": 190, "Plan Width": 8, "Actual Rows": 426, "Actual Loops": 1, "Inner Unique": true, "Hash Cond": "(pl.postid = p.id)", "Plans": [{"Node Type": "Seq Scan", "Parent Relationship": "Outer", "Parallel Aware": false, "Async Capable": false, "Relation Name": "postlinks", "Alias": "pl", "Startup Cost": 0.0, "Total Cost": 193.02, "Plan Rows": 11102, "Plan Width": 4, "Actual Rows": 11102, "Actual Loops": 1}, {"Node Type": "Hash", "Parent Relationship": "Inner", "Parallel Aware": false, "Async Capable": false, "Startup Cost": 2449.58, "Total Cost": 2449.58, "Plan Rows": 1571, "Plan Width": 4, "Actual Rows": 1501, "Actual Loops": 1, "Hash Buckets": 2048, "Original Hash Buckets": 2048, "Hash Batches": 1, "Original Hash Batches": 1, "Peak Memory Usage": 69, "Plans": [{"Node Type": "Seq Scan", "Parent Relationship": "Outer", "Parallel Aware": false, "Async Capable": false, "Relation Name": "posts", "Alias": "p", "Startup Cost": 0.0, "Total Cost": 2449.58, "Plan Rows": 1571, "Plan Width": 4, "Actual Rows": 1501, "Actual Loops": 1, "Filter": "((score >= 16) AND (score <= 170) AND (commentcount <= 10))", "Rows Removed by Filter": 90475}]}]}, {"Node Type": "Materialize", "Parent Relationship": "Inner", "Parallel Aware": false, "Async Capable": false, "Startup Cost": 1.14, "Total Cost": 936.86, "Plan Rows": 1, "Plan Width": 8, "Actual Rows": 2196, "Actual Loops": 426, "Plans": [{"Node Type": "Nested Loop", "Parent Relationship": "Outer", "Parallel Aware": false, "Async Capable": false, "Join Type": "Inner", "Startup Cost": 1.14, "Total Cost": 936.86, "Plan Rows": 1, "Plan Width": 8, "Actual Rows": 2196, "Actual Loops": 1, "Inner Unique": false, "Plans": [{"Node Type": "Nested Loop", "Parent Relationship": "Outer", "Parallel Aware": false, "Async Capable": false, "Join Type": "Inner", "Startup Cost": 0.72, "Total Cost": 936.09, "Plan Rows": 1, "Plan Width": 4, "Actual Rows": 112946, "Actual Loops": 1, "Inner Unique": false, "Join Filter": "(c.userid = u.id)", "Rows Removed by Join Filter": 0, "Plans": [{"Node Type": "Nested Loop", "Parent Relationship": "Outer", "Parallel Aware": false, "Async Capable": false, "Join Type": "Inner", "Startup Cost": 0.42, "Total Cost": 927.04, "Plan Rows": 1, "Plan Width": 8, "Actual Rows": 36, "Actual Loops": 1, "Inner Unique": false, "Plans": [{"Node Type": "Seq Scan", "Parent Relationship": "Outer", "Parallel Aware": false, "Async Capable": false, "Relation Name": "users", "Alias": "u", "Startup Cost": 0.0, "Total Cost": 901.88, "Plan Rows": 1, "Plan Width": 4, "Actual Rows": 7, "Actual Loops": 1, "Filter": "((views >= 2570) AND (creationdate <= '2010-09-09 13:57:26'::timestamp without time zone))", "Rows Removed by Filter": 40318}, {"Node Type": "Index Scan", "Parent Relationship": "Inner", "Parallel Aware": false, "Async Capable": false, "Scan Direction": "Forward", "Index Name": "idx_votes_userid", "Relation Name": "votes", "Alias": "v", "Startup Cost": 0.42, "Total Cost": 25.16, "Plan Rows": 1, "Plan Width": 4, "Actual Rows": 5, "Actual Loops": 7, "Index Cond": "(userid = u.id)", "Rows Removed by Index Recheck": 0, "Filter": "((bountyamount <= 396) AND (creationdate >= '2013-07-06 14:13:13'::timestamp without time zone) AND (creationdate <= '2014-08-14 17:44:39'::timestamp without time zone))", "Rows Removed by Filter": 175}]}, {"Node Type": "Index Scan", "Parent Relationship": "Inner", "Parallel Aware": false, "Async Capable": false, "Scan Direction": "Forward", "Index Name": "idx_comments_userid", "Relation Name": "comments", "Alias": "c", "Startup Cost": 0.29, "Total Cost": 9.01, "Plan Rows": 3, "Plan Width": 8, "Actual Rows": 3137, "Actual Loops": 36, "Index Cond": "(userid = v.userid)", "Rows Removed by Index Recheck": 0, "Filter": "((creationdate >= '2013-12-27 17:42:56'::timestamp without time zone) AND (creationdate <= '2014-08-24 21:06:02'::timestamp without time zone))", "Rows Removed by Filter": 4665}]}, {"Node Type": "Index Scan", "Parent Relationship": "Inner", "Parallel Aware": false, "Async Capable": false, "Scan Direction": "Forward", "Index Name": "idx_posthistory_postid", "Relation Name": "posthistory", "Alias": "ph", "Startup Cost": 0.42, "Total Cost": 0.76, "Plan Rows": 1, "Plan Width": 4, "Actual Rows": 0, "Actual Loops": 112946, "Index Cond": "(postid = c.postid)", "Rows Removed by Index Recheck": 0, "Filter": "((creationdate <= '2013-09-26 17:30:31'::timestamp without time zone) AND (posthistorytypeid = 2))", "Rows Removed by Filter": 5}]}]}]}]}, "Planning Time": 4.916, "Triggers": [], "Execution Time": 329.594}, {"Plan": {"Node Type": "Aggregate", "Strategy": "Plain", "Partial Mode": "Simple", "Parallel Aware": false, "Async Capable": false, "Startup Cost": 2989.21, "Total Cost": 2989.22, "Plan Rows": 1, "Plan Width": 8, "Actual Rows": 1, "Actual Loops": 1, "Plans": [{"Node Type": "Nested Loop", "Parent Relationship": "Outer", "Parallel Aware": false, "Async Capable": false, "Join Type": "Inner", "Startup Cost": 2470.77, "Total Cost": 2989.21, "Plan Rows": 1, "Plan Width": 0, "Actual Rows": 53, "Actual Loops": 1, "Inner Unique": true, "Plans": [{"Node Type": "Nested Loop", "Parent Relationship": "Outer", "Parallel Aware": false, "Async Capable": false, "Join Type": "Inner", "Startup Cost": 2470.48, "Total Cost": 2986.7, "Plan Rows": 7, "Plan Width": 8, "Actual Rows": 70, "Actual Loops": 1, "Inner Unique": false, "Join Filter": "(p.id = ph.postid)", "Rows Removed by Join Filter": 0, "Plans": [{"Node Type": "Nested Loop", "Parent Relationship": "Outer", "Parallel Aware": false, "Async Capable": false, "Join Type": "Inner", "Startup Cost": 2470.06, "Total Cost": 2978.16, "Plan Rows": 11, "Plan Width": 20, "Actual Rows": 479, "Actual Loops": 1, "Inner Unique": false, "Plans": [{"Node Type": "Nested Loop", "Parent Relationship": "Outer", "Parallel Aware": false, "Async Capable": false, "Join Type": "Inner", "Startup Cost": 2469.64, "Total Cost": 2898.85, "Plan Rows": 90, "Plan Width": 16, "Actual Rows": 208, "Actual Loops": 1, "Inner Unique": false, "Join Filter": "(c.postid = p.id)", "Rows Removed by Join Filter": 0, "Plans": [{"Node Type": "Hash Join", "Parent Relationship": "Outer", "Parallel Aware": false, "Async Capable": false, "Join Type": "Inner", "Startup Cost": 2469.22, "Total Cost": 2691.38, "Plan Rows": 190, "Plan Width": 8, "Actual Rows": 426, "Actual Loops": 1, "Inner Unique": true, "Hash Cond": "(pl.postid = p.id)", "Plans": [{"Node Type": "Seq Scan", "Parent Relationship": "Outer", "Parallel Aware": false, "Async Capable": false, "Relation Name": "postlinks", "Alias": "pl", "Startup Cost": 0.0, "Total Cost": 193.02, "Plan Rows": 11102, "Plan Width": 4, "Actual Rows": 11102, "Actual Loops": 1}, {"Node Type": "Hash", "Parent Relationship": "Inner", "Parallel Aware": false, "Async Capable": false, "Startup Cost": 2449.58, "Total Cost": 2449.58, "Plan Rows": 1571, "Plan Width": 4, "Actual Rows": 1501, "Actual Loops": 1, "Hash Buckets": 2048, "Original Hash Buckets": 2048, "Hash Batches": 1, "Original Hash Batches": 1, "Peak Memory Usage": 69, "Plans": [{"Node Type": "Seq Scan", "Parent Relationship": "Outer", "Parallel Aware": false, "Async Capable": false, "Relation Name": "posts", "Alias": "p", "Startup Cost": 0.0, "Total Cost": 2449.58, "Plan Rows": 1571, "Plan Width": 4, "Actual Rows": 1501, "Actual Loops": 1, "Filter": "((score >= 16) AND (score <= 170) AND (commentcount <= 10))", "Rows Removed by Filter": 90475}]}]}, {"Node Type": "Index Scan", "Parent Relationship": "Inner", "Parallel Aware": false, "Async Capable": false, "Scan Direction": "Forward", "Index Name": "idx_comments_postid", "Relation Name": "comments", "Alias": "c", "Startup Cost": 0.42, "Total Cost": 1.08, "Plan Rows": 1, "Plan Width": 8, "Actual Rows": 0, "Actual Loops": 426, "Index Cond": "(postid = pl.postid)", "Rows Removed by Index Recheck": 0, "Filter": "((creationdate >= '2013-12-27 17:42:56'::timestamp without time zone) AND (creationdate <= '2014-08-24 21:06:02'::timestamp without time zone))", "Rows Removed by Filter": 3}]}, {"Node Type": "Index Scan", "Parent Relationship": "Inner", "Parallel Aware": false, "Async Capable": false, "Scan Direction": "Forward", "Index Name": "idx_votes_userid", "Relation Name": "votes", "Alias": "v", "Startup Cost": 0.42, "Total Cost": 0.87, "Plan Rows": 1, "Plan Width": 4, "Actual Rows": 2, "Actual Loops": 208, "Index Cond": "(userid = c.userid)", "Rows Removed by Index Recheck": 0, "Filter": "((bountyamount <= 396) AND (creationdate >= '2013-07-06 14:13:13'::timestamp without time zone) AND (creationdate <= '2014-08-14 17:44:39'::timestamp without time zone))", "Rows Removed by Filter": 61}]}, {"Node Type": "Index Scan", "Parent Relationship": "Inner", "Parallel Aware": false, "Async Capable": false, "Scan Direction": "Forward", "Index Name": "idx_posthistory_postid", "Relation Name": "posthistory", "Alias": "ph", "Startup Cost": 0.42, "Total Cost": 0.76, "Plan Rows": 1, "Plan Width": 4, "Actual Rows": 0, "Actual Loops": 479, "Index Cond": "(postid = c.postid)", "Rows Removed by Index Recheck": 0, "Filter": "((creationdate <= '2013-09-26 17:30:31'::timestamp without time zone) AND (posthistorytypeid = 2))", "Rows Removed by Filter": 6}]}, {"Node Type": "Index Scan", "Parent Relationship": "Inner", "Parallel Aware": false, "Async Capable": false, "Scan Direction": "Forward", "Index Name": "users_pkey", "Relation Name": "users", "Alias": "u", "Startup Cost": 0.29, "Total Cost": 0.35, "Plan Rows": 1, "Plan Width": 4, "Actual Rows": 1, "Actual Loops": 70, "Index Cond": "(id = c.userid)", "Rows Removed by Index Recheck": 0, "Filter": "((views >= 2570) AND (creationdate <= '2010-09-09 13:57:26'::timestamp without time zone))", "Rows Removed by Filter": 0}]}]}, "Planning Time": 4.683, "Triggers": [], "Execution Time": 24.837}, {"Plan": {"Node Type": "Aggregate", "Strategy": "Plain", "Partial Mode": "Simple", "Parallel Aware": false, "Async Capable": false, "Startup Cost": 2389.82, "Total Cost": 2389.83, "Plan Rows": 1, "Plan Width": 8, "Actual Rows": 1, "Actual Loops": 1, "Plans": [{"Node Type": "Nested Loop", "Parent Relationship": "Outer", "Parallel Aware": false, "Async Capable": false, "Join Type": "Inner", "Startup Cost": 903.6, "Total Cost": 2389.81, "Plan Rows": 1, "Plan Width": 0, "Actual Rows": 53, "Actual Loops": 1, "Inner Unique": false, "Join Filter": "(p.id = pl.postid)", "Rows Removed by Join Filter": 0, "Plans": [{"Node Type": "Nested Loop", "Parent Relationship": "Outer", "Parallel Aware": false, "Async Capable": false, "Join Type": "Inner", "Startup Cost": 903.32, "Total Cost": 2389.5, "Plan Rows": 1, "Plan Width": 12, "Actual Rows": 242, "Actual Loops": 1, "Inner Unique": false, "Join Filter": "(p.id = ph.postid)", "Rows Removed by Join Filter": 0, "Plans": [{"Node Type": "Nested Loop", "Parent Relationship": "Outer", "Parallel Aware": false, "Async Capable": false, "Join Type": "Inner", "Startup Cost": 902.89, "Total Cost": 2388.72, "Plan Rows": 1, "Plan Width": 8, "Actual Rows": 978, "Actual Loops": 1, "Inner Unique": true, "Plans": [{"Node Type": "Nested Loop", "Parent Relationship": "Outer", "Parallel Aware": false, "Async Capable": false, "Join Type": "Inner", "Startup Cost": 902.6, "Total Cost": 2388.3, "Plan Rows": 1, "Plan Width": 4, "Actual Rows": 112946, "Actual Loops": 1, "Inner Unique": false, "Join Filter": "(c.userid = u.id)", "Rows Removed by Join Filter": 0, "Plans": [{"Node Type": "Merge Join", "Parent Relationship": "Outer", "Parallel Aware": false, "Async Capable": false, "Join Type": "Inner", "Startup Cost": 902.31, "Total Cost": 2379.26, "Plan Rows": 1, "Plan Width": 8, "Actual Rows": 36, "Actual Loops": 1, "Inner Unique": true, "Merge Cond": "(v.userid = u.id)", "Plans": [{"Node Type": "Index Scan", "Parent Relationship": "Outer", "Parallel Aware": false, "Async Capable": false, "Scan Direction": "Forward", "Index Name": "idx_votes_userid", "Relation Name": "votes", "Alias": "v", "Startup Cost": 0.42, "Total Cost": 14062.79, "Plan Rows": 638, "Plan Width": 4, "Actual Rows": 58, "Actual Loops": 1, "Filter": "((bountyamount <= 396) AND (creationdate >= '2013-07-06 14:13:13'::timestamp without time zone) AND (creationdate <= '2014-08-14 17:44:39'::timestamp without time zone))", "Rows Removed by Filter": 4629}, {"Node Type": "Sort", "Parent Relationship": "Inner", "Parallel Aware": false, "Async Capable": false, "Startup Cost": 901.88, "Total Cost": 901.89, "Plan Rows": 1, "Plan Width": 4, "Actual Rows": 7, "Actual Loops": 1, "Sort Key": ["u.id"], "Sort Method": "quicksort", "Sort Space Used": 25, "Sort Space Type": "Memory", "Plans": [{"Node Type": "Seq Scan", "Parent Relationship": "Outer", "Parallel Aware": false, "Async Capable": false, "Relation Name": "users", "Alias": "u", "Startup Cost": 0.0, "Total Cost": 901.88, "Plan Rows": 1, "Plan Width": 4, "Actual Rows": 7, "Actual Loops": 1, "Filter": "((views >= 2570) AND (creationdate <= '2010-09-09 13:57:26'::timestamp without time zone))", "Rows Removed by Filter": 40318}]}]}, {"Node Type": "Index Scan", "Parent Relationship": "Inner", "Parallel Aware": false, "Async Capable": false, "Scan Direction": "Forward", "Index Name": "idx_comments_userid", "Relation Name": "comments", "Alias": "c", "Startup Cost": 0.29, "Total Cost": 9.01, "Plan Rows": 3, "Plan Width": 8, "Actual Rows": 3137, "Actual Loops": 36, "Index Cond": "(userid = v.userid)", "Rows Removed by Index Recheck": 0, "Filter": "((creationdate >= '2013-12-27 17:42:56'::timestamp without time zone) AND (creationdate <= '2014-08-24 21:06:02'::timestamp without time zone))", "Rows Removed by Filter": 4665}]}, {"Node Type": "Index Scan", "Parent Relationship": "Inner", "Parallel Aware": false, "Async Capable": false, "Scan Direction": "Forward", "Index Name": "posts_pkey", "Relation Name": "posts", "Alias": "p", "Startup Cost": 0.29, "Total Cost": 0.42, "Plan Rows": 1, "Plan Width": 4, "Actual Rows": 0, "Actual Loops": 112946, "Index Cond": "(id = c.postid)", "Rows Removed by Index Recheck": 0, "Filter": "((score >= 16) AND (score <= 170) AND (commentcount <= 10))", "Rows Removed by Filter": 1}]}, {"Node Type": "Index Scan", "Parent Relationship": "Inner", "Parallel Aware": false, "Async Capable": false, "Scan Direction": "Forward", "Index Name": "idx_posthistory_postid", "Relation Name": "posthistory", "Alias": "ph", "Startup Cost": 0.42, "Total Cost": 0.76, "Plan Rows": 1, "Plan Width": 4, "Actual Rows": 0, "Actual Loops": 978, "Index Cond": "(postid = c.postid)", "Rows Removed by Index Recheck": 0, "Filter": "((creationdate <= '2013-09-26 17:30:31'::timestamp without time zone) AND (posthistorytypeid = 2))", "Rows Removed by Filter": 5}]}, {"Node Type": "Index Only Scan", "Parent Relationship": "Inner", "Parallel Aware": false, "Async Capable": false, "Scan Direction": "Forward", "Index Name": "idx_postlinks_postid", "Relation Name": "postlinks", "Alias": "pl", "Startup Cost": 0.29, "Total Cost": 0.3, "Plan Rows": 1, "Plan Width": 4, "Actual Rows": 0, "Actual Loops": 242, "Index Cond": "(postid = ph.postid)", "Rows Removed by Index Recheck": 0, "Heap Fetches": 0}]}]}, "Planning Time": 4.292, "Triggers": [], "Execution Time": 173.941}, {"Plan": {"Node Type": "Aggregate", "Strategy": "Plain", "Partial Mode": "Simple", "Parallel Aware": false, "Async Capable": false, "Startup Cost": 7880.9, "Total Cost": 7880.91, "Plan Rows": 1, "Plan Width": 8, "Actual Rows": 1, "Actual Loops": 1, "Plans": [{"Node Type": "Gather", "Parent Relationship": "Outer", "Parallel Aware": false, "Async Capable": false, "Startup Cost": 2268.31, "Total Cost": 7880.9, "Plan Rows": 1, "Plan Width": 0, "Actual Rows": 53, "Actual Loops": 1, "Workers Planned": 1, "Workers Launched": 1, "Single Copy": false, "Plans": [{"Node Type": "Hash Join", "Parent Relationship": "Outer", "Parallel Aware": false, "Async Capable": false, "Join Type": "Inner", "Startup Cost": 1268.31, "Total Cost": 6880.8, "Plan Rows": 1, "Plan Width": 0, "Actual Rows": 26, "Actual Loops": 2, "Inner Unique": false, "Hash Cond": "(pl.postid = p.id)", "Workers": [], "Plans": [{"Node Type": "Hash Join", "Parent Relationship": "Outer", "Parallel Aware": false, "Async Capable": false, "Join Type": "Inner", "Startup Cost": 331.79, "Total Cost": 5926.37, "Plan Rows": 4776, "Plan Width": 8, "Actual Rows": 3238, "Actual Loops": 2, "Inner Unique": false, "Hash Cond": "(ph.postid = pl.postid)", "Workers": [], "Plans": [{"Node Type": "Seq Scan", "Parent Relationship": "Outer", "Parallel Aware": true, "Async Capable": false, "Relation Name": "posthistory", "Alias": "ph", "Startup Cost": 0.0, "Total Cost": 4915.18, "Plan Rows": 33687, "Plan Width": 4, "Actual Rows": 28967, "Actual Loops": 2, "Filter": "((creationdate <= '2013-09-26 17:30:31'::timestamp without time zone) AND (posthistorytypeid = 2))", "Rows Removed by Filter": 122626, "Workers": []}, {"Node Type": "Hash", "Parent Relationship": "Inner", "Parallel Aware": false, "Async Capable": false, "Startup Cost": 193.02, "Total Cost": 193.02, "Plan Rows": 11102, "Plan Width": 4, "Actual Rows": 11102, "Actual Loops": 2, "Hash Buckets": 16384, "Original Hash Buckets": 16384, "Hash Batches": 1, "Original Hash Batches": 1, "Peak Memory Usage": 519, "Workers": [], "Plans": [{"Node Type": "Seq Scan", "Parent Relationship": "Outer", "Parallel Aware": false, "Async Capable": false, "Relation Name": "postlinks", "Alias": "pl", "Startup Cost": 0.0, "Total Cost": 193.02, "Plan Rows": 11102, "Plan Width": 4, "Actual Rows": 11102, "Actual Loops": 2, "Workers": []}]}]}, {"Node Type": "Hash", "Parent Relationship": "Inner", "Parallel Aware": false, "Async Capable": false, "Startup Cost": 936.5, "Total Cost": 936.5, "Plan Rows": 1, "Plan Width": 8, "Actual Rows": 978, "Actual Loops": 2, "Hash Buckets": 1024, "Original Hash Buckets": 1024, "Hash Batches": 1, "Original Hash Batches": 1, "Peak Memory Usage": 47, "Workers": [], "Plans": [{"Node Type": "Nested Loop", "Parent Relationship": "Outer", "Parallel Aware": false, "Async Capable": false, "Join Type": "Inner", "Startup Cost": 1.01, "Total Cost": 936.5, "Plan Rows": 1, "Plan Width": 8, "Actual Rows": 978, "Actual Loops": 2, "Inner Unique": true, "Workers": [], "Plans": [{"Node Type": "Nested Loop", "Parent Relationship": "Outer", "Parallel Aware": false, "Async Capable": false, "Join Type": "Inner", "Startup Cost": 0.72, "Total Cost": 936.09, "Plan Rows": 1, "Plan Width": 4, "Actual Rows": 112946, "Actual Loops": 2, "Inner Unique": false, "Join Filter": "(c.userid = u.id)", "Rows Removed by Join Filter": 0, "Workers": [], "Plans": [{"Node Type": "Nested Loop", "Parent Relationship": "Outer", "Parallel Aware": false, "Async Capable": false, "Join Type": "Inner", "Startup Cost": 0.42, "Total Cost": 927.04, "Plan Rows": 1, "Plan Width": 8, "Actual Rows": 36, "Actual Loops": 2, "Inner Unique": false, "Workers": [], "Plans": [{"Node Type": "Seq Scan", "Parent Relationship": "Outer", "Parallel Aware": false, "Async Capable": false, "Relation Name": "users", "Alias": "u", "Startup Cost": 0.0, "Total Cost": 901.88, "Plan Rows": 1, "Plan Width": 4, "Actual Rows": 7, "Actual Loops": 2, "Filter": "((views >= 2570) AND (creationdate <= '2010-09-09 13:57:26'::timestamp without time zone))", "Rows Removed by Filter": 40318, "Workers": []}, {"Node Type": "Index Scan", "Parent Relationship": "Inner", "Parallel Aware": false, "Async Capable": false, "Scan Direction": "Forward", "Index Name": "idx_votes_userid", "Relation Name": "votes", "Alias": "v", "Startup Cost": 0.42, "Total Cost": 25.16, "Plan Rows": 1, "Plan Width": 4, "Actual Rows": 5, "Actual Loops": 14, "Index Cond": "(userid = u.id)", "Rows Removed by Index Recheck": 0, "Filter": "((bountyamount <= 396) AND (creationdate >= '2013-07-06 14:13:13'::timestamp without time zone) AND (creationdate <= '2014-08-14 17:44:39'::timestamp without time zone))", "Rows Removed by Filter": 175, "Workers": []}]}, {"Node Type": "Index Scan", "Parent Relationship": "Inner", "Parallel Aware": false, "Async Capable": false, "Scan Direction": "Forward", "Index Name": "idx_comments_userid", "Relation Name": "comments", "Alias": "c", "Startup Cost": 0.29, "Total Cost": 9.01, "Plan Rows": 3, "Plan Width": 8, "Actual Rows": 3137, "Actual Loops": 72, "Index Cond": "(userid = v.userid)", "Rows Removed by Index Recheck": 0, "Filter": "((creationdate >= '2013-12-27 17:42:56'::timestamp without time zone) AND (creationdate <= '2014-08-24 21:06:02'::timestamp without time zone))", "Rows Removed by Filter": 4665, "Workers": []}]}, {"Node Type": "Index Scan", "Parent Relationship": "Inner", "Parallel Aware": false, "Async Capable": false, "Scan Direction": "Forward", "Index Name": "posts_pkey", "Relation Name": "posts", "Alias": "p", "Startup Cost": 0.29, "Total Cost": 0.42, "Plan Rows": 1, "Plan Width": 4, "Actual Rows": 0, "Actual Loops": 225892, "Index Cond": "(id = c.postid)", "Rows Removed by Index Recheck": 0, "Filter": "((score >= 16) AND (score <= 170) AND (commentcount <= 10))", "Rows Removed by Filter": 1, "Workers": []}]}]}]}]}]}, "Planning Time": 10.57, "Triggers": [], "Execution Time": 355.56}, {"Plan": {"Node Type": "Aggregate", "Strategy": "Plain", "Partial Mode": "Simple", "Parallel Aware": false, "Async Capable": false, "Startup Cost": 3917.18, "Total Cost": 3917.19, "Plan Rows": 1, "Plan Width": 8, "Actual Rows": 1, "Actual Loops": 1, "Plans": [{"Node Type": "Nested Loop", "Parent Relationship": "Outer", "Parallel Aware": false, "Async Capable": false, "Join Type": "Inner", "Startup Cost": 2470.36, "Total Cost": 3917.17, "Plan Rows": 1, "Plan Width": 0, "Actual Rows": 53, "Actual Loops": 1, "Inner Unique": false, "Join Filter": "(c.postid = p.id)", "Rows Removed by Join Filter": 43258265, "Plans": [{"Node Type": "Nested Loop", "Parent Relationship": "Outer", "Parallel Aware": false, "Async Capable": false, "Join Type": "Inner", "Startup Cost": 2469.64, "Total Cost": 2979.32, "Plan Rows": 118, "Plan Width": 12, "Actual Rows": 383, "Actual Loops": 1, "Inner Unique": false, "Join Filter": "(p.id = ph.postid)", "Rows Removed by Join Filter": 0, "Plans": [{"Node Type": "Hash Join", "Parent Relationship": "Outer", "Parallel Aware": false, "Async Capable": false, "Join Type": "Inner", "Startup Cost": 2469.22, "Total Cost": 2691.38, "Plan Rows": 190, "Plan Width": 8, "Actual Rows": 426, "Actual Loops": 1, "Inner Unique": true, "Hash Cond": "(pl.postid = p.id)", "Plans": [{"Node Type": "Seq Scan", "Parent Relationship": "Outer", "Parallel Aware": false, "Async Capable": false, "Relation Name": "postlinks", "Alias": "pl", "Startup Cost": 0.0, "Total Cost": 193.02, "Plan Rows": 11102, "Plan Width": 4, "Actual Rows": 11102, "Actual Loops": 1}, {"Node Type": "Hash", "Parent Relationship": "Inner", "Parallel Aware": false, "Async Capable": false, "Startup Cost": 2449.58, "Total Cost": 2449.58, "Plan Rows": 1571, "Plan Width": 4, "Actual Rows": 1501, "Actual Loops": 1, "Hash Buckets": 2048, "Original Hash Buckets": 2048, "Hash Batches": 1, "Original Hash Batches": 1, "Peak Memory Usage": 69, "Plans": [{"Node Type": "Seq Scan", "Parent Relationship": "Outer", "Parallel Aware": false, "Async Capable": false, "Relation Name": "posts", "Alias": "p", "Startup Cost": 0.0, "Total Cost": 2449.58, "Plan Rows": 1571, "Plan Width": 4, "Actual Rows": 1501, "Actual Loops": 1, "Filter": "((score >= 16) AND (score <= 170) AND (commentcount <= 10))", "Rows Removed by Filter": 90475}]}]}, {"Node Type": "Index Scan", "Parent Relationship": "Inner", "Parallel Aware": false, "Async Capable": false, "Scan Direction": "Forward", "Index Name": "idx_posthistory_postid", "Relation Name": "posthistory", "Alias": "ph", "Startup Cost": 0.42, "Total Cost": 1.5, "Plan Rows": 1, "Plan Width": 4, "Actual Rows": 1, "Actual Loops": 426, "Index Cond": "(postid = pl.postid)", "Rows Removed by Index Recheck": 0, "Filter": "((creationdate <= '2013-09-26 17:30:31'::timestamp without time zone) AND (posthistorytypeid = 2))", "Rows Removed by Filter": 6}]}, {"Node Type": "Materialize", "Parent Relationship": "Inner", "Parallel Aware": false, "Async Capable": false, "Startup Cost": 0.72, "Total Cost": 936.09, "Plan Rows": 1, "Plan Width": 4, "Actual Rows": 112946, "Actual Loops": 383, "Plans": [{"Node Type": "Nested Loop", "Parent Relationship": "Outer", "Parallel Aware": false, "Async Capable": false, "Join Type": "Inner", "Startup Cost": 0.72, "Total Cost": 936.09, "Plan Rows": 1, "Plan Width": 4, "Actual Rows": 112946, "Actual Loops": 1, "Inner Unique": false, "Join Filter": "(c.userid = u.id)", "Rows Removed by Join Filter": 0, "Plans": [{"Node Type": "Nested Loop", "Parent Relationship": "Outer", "Parallel Aware": false, "Async Capable": false, "Join Type": "Inner", "Startup Cost": 0.42, "Total Cost": 927.04, "Plan Rows": 1, "Plan Width": 8, "Actual Rows": 36, "Actual Loops": 1, "Inner Unique": false, "Plans": [{"Node Type": "Seq Scan", "Parent Relationship": "Outer", "Parallel Aware": false, "Async Capable": false, "Relation Name": "users", "Alias": "u", "Startup Cost": 0.0, "Total Cost": 901.88, "Plan Rows": 1, "Plan Width": 4, "Actual Rows": 7, "Actual Loops": 1, "Filter": "((views >= 2570) AND (creationdate <= '2010-09-09 13:57:26'::timestamp without time zone))", "Rows Removed by Filter": 40318}, {"Node Type": "Index Scan", "Parent Relationship": "Inner", "Parallel Aware": false, "Async Capable": false, "Scan Direction": "Forward", "Index Name": "idx_votes_userid", "Relation Name": "votes", "Alias": "v", "Startup Cost": 0.42, "Total Cost": 25.16, "Plan Rows": 1, "Plan Width": 4, "Actual Rows": 5, "Actual Loops": 7, "Index Cond": "(userid = u.id)", "Rows Removed by Index Recheck": 0, "Filter": "((bountyamount <= 396) AND (creationdate >= '2013-07-06 14:13:13'::timestamp without time zone) AND (creationdate <= '2014-08-14 17:44:39'::timestamp without time zone))", "Rows Removed by Filter": 175}]}, {"Node Type": "Index Scan", "Parent Relationship": "Inner", "Parallel Aware": false, "Async Capable": false, "Scan Direction": "Forward", "Index Name": "idx_comments_userid", "Relation Name": "comments", "Alias": "c", "Startup Cost": 0.29, "Total Cost": 9.01, "Plan Rows": 3, "Plan Width": 8, "Actual Rows": 3137, "Actual Loops": 36, "Index Cond": "(userid = v.userid)", "Rows Removed by Index Recheck": 0, "Filter": "((creationdate >= '2013-12-27 17:42:56'::timestamp without time zone) AND (creationdate <= '2014-08-24 21:06:02'::timestamp without time zone))", "Rows Removed by Filter": 4665}]}]}]}]}, "Planning Time": 5.144, "Triggers": [], "Execution Time": 1731.639}, {"Plan": {"Node Type": "Aggregate", "Strategy": "Plain", "Partial Mode": "Simple", "Parallel Aware": false, "Async Capable": false, "Startup Cost": 937.57, "Total Cost": 937.58, "Plan Rows": 1, "Plan Width": 8, "Actual Rows": 1, "Actual Loops": 1, "Plans": [{"Node Type": "Nested Loop", "Parent Relationship": "Outer", "Parallel Aware": false, "Async Capable": false, "Join Type": "Inner", "Startup Cost": 1.72, "Total Cost": 937.57, "Plan Rows": 1, "Plan Width": 0, "Actual Rows": 53, "Actual Loops": 1, "Inner Unique": false, "Join Filter": "(p.id = pl.postid)", "Rows Removed by Join Filter": 0, "Plans": [{"Node Type": "Nested Loop", "Parent Relationship": "Outer", "Parallel Aware": false, "Async Capable": false, "Join Type": "Inner", "Startup Cost": 1.43, "Total Cost": 937.25, "Plan Rows": 1, "Plan Width": 12, "Actual Rows": 242, "Actual Loops": 1, "Inner Unique": true, "Plans": [{"Node Type": "Nested Loop", "Parent Relationship": "Outer", "Parallel Aware": false, "Async Capable": false, "Join Type": "Inner", "Startup Cost": 1.14, "Total Cost": 936.86, "Plan Rows": 1, "Plan Width": 8, "Actual Rows": 2196, "Actual Loops": 1, "Inner Unique": false, "Plans": [{"Node Type": "Nested Loop", "Parent Relationship": "Outer", "Parallel Aware": false, "Async Capable": false, "Join Type": "Inner", "Startup Cost": 0.72, "Total Cost": 936.09, "Plan Rows": 1, "Plan Width": 4, "Actual Rows": 112946, "Actual Loops": 1, "Inner Unique": false, "Join Filter": "(c.userid = u.id)", "Rows Removed by Join Filter": 0, "Plans": [{"Node Type": "Nested Loop", "Parent Relationship": "Outer", "Parallel Aware": false, "Async Capable": false, "Join Type": "Inner", "Startup Cost": 0.42, "Total Cost": 927.04, "Plan Rows": 1, "Plan Width": 8, "Actual Rows": 36, "Actual Loops": 1, "Inner Unique": false, "Plans": [{"Node Type": "Seq Scan", "Parent Relationship": "Outer", "Parallel Aware": false, "Async Capable": false, "Relation Name": "users", "Alias": "u", "Startup Cost": 0.0, "Total Cost": 901.88, "Plan Rows": 1, "Plan Width": 4, "Actual Rows": 7, "Actual Loops": 1, "Filter": "((views >= 2570) AND (creationdate <= '2010-09-09 13:57:26'::timestamp without time zone))", "Rows Removed by Filter": 40318}, {"Node Type": "Index Scan", "Parent Relationship": "Inner", "Parallel Aware": false, "Async Capable": false, "Scan Direction": "Forward", "Index Name": "idx_votes_userid", "Relation Name": "votes", "Alias": "v", "Startup Cost": 0.42, "Total Cost": 25.16, "Plan Rows": 1, "Plan Width": 4, "Actual Rows": 5, "Actual Loops": 7, "Index Cond": "(userid = u.id)", "Rows Removed by Index Recheck": 0, "Filter": "((bountyamount <= 396) AND (creationdate >= '2013-07-06 14:13:13'::timestamp without time zone) AND (creationdate <= '2014-08-14 17:44:39'::timestamp without time zone))", "Rows Removed by Filter": 175}]}, {"Node Type": "Index Scan", "Parent Relationship": "Inner", "Parallel Aware": false, "Async Capable": false, "Scan Direction": "Forward", "Index Name": "idx_comments_userid", "Relation Name": "comments", "Alias": "c", "Startup Cost": 0.29, "Total Cost": 9.01, "Plan Rows": 3, "Plan Width": 8, "Actual Rows": 3137, "Actual Loops": 36, "Index Cond": "(userid = v.userid)", "Rows Removed by Index Recheck": 0, "Filter": "((creationdate >= '2013-12-27 17:42:56'::timestamp without time zone) AND (creationdate <= '2014-08-24 21:06:02'::timestamp without time zone))", "Rows Removed by Filter": 4665}]}, {"Node Type": "Index Scan", "Parent Relationship": "Inner", "Parallel Aware": false, "Async Capable": false, "Scan Direction": "Forward", "Index Name": "idx_posthistory_postid", "Relation Name": "posthistory", "Alias": "ph", "Startup Cost": 0.42, "Total Cost": 0.76, "Plan Rows": 1, "Plan Width": 4, "Actual Rows": 0, "Actual Loops": 112946, "Index Cond": "(postid = c.postid)", "Rows Removed by Index Recheck": 0, "Filter": "((creationdate <= '2013-09-26 17:30:31'::timestamp without time zone) AND (posthistorytypeid = 2))", "Rows Removed by Filter": 5}]}, {"Node Type": "Index Scan", "Parent Relationship": "Inner", "Parallel Aware": false, "Async Capable": false, "Scan Direction": "Forward", "Index Name": "posts_pkey", "Relation Name": "posts", "Alias": "p", "Startup Cost": 0.29, "Total Cost": 0.39, "Plan Rows": 1, "Plan Width": 4, "Actual Rows": 0, "Actual Loops": 2196, "Index Cond": "(id = ph.postid)", "Rows Removed by Index Recheck": 0, "Filter": "((score >= 16) AND (score <= 170) AND (commentcount <= 10))", "Rows Removed by Filter": 1}]}, {"Node Type": "Index Only Scan", "Parent Relationship": "Inner", "Parallel Aware": false, "Async Capable": false, "Scan Direction": "Forward", "Index Name": "idx_postlinks_postid", "Relation Name": "postlinks", "Alias": "pl", "Startup Cost": 0.29, "Total Cost": 0.3, "Plan Rows": 1, "Plan Width": 4, "Actual Rows": 0, "Actual Loops": 242, "Index Cond": "(postid = ph.postid)", "Rows Removed by Index Recheck": 0, "Heap Fetches": 0}]}]}, "Planning Time": 4.985, "Triggers": [], "Execution Time": 268.447}, {"Plan": {"Node Type": "Aggregate", "Strategy": "Plain", "Partial Mode": "Simple", "Parallel Aware": false, "Async Capable": false, "Startup Cost": 6978.45, "Total Cost": 6978.46, "Plan Rows": 1, "Plan Width": 8, "Actual Rows": 1, "Actual Loops": 1, "Plans": [{"Node Type": "Gather", "Parent Relationship": "Outer", "Parallel Aware": false, "Async Capable": false, "Startup Cost": 1936.83, "Total Cost": 6978.45, "Plan Rows": 1, "Plan Width": 0, "Actual Rows": 53, "Actual Loops": 1, "Workers Planned": 1, "Workers Launched": 1, "Single Copy": false, "Plans": [{"Node Type": "Hash Join", "Parent Relationship": "Outer", "Parallel Aware": false, "Async Capable": false, "Join Type": "Inner", "Startup Cost": 936.83, "Total Cost": 5978.35, "Plan Rows": 1, "Plan Width": 0, "Actual Rows": 26, "Actual Loops": 2, "Inner Unique": false, "Hash Cond": "(ph.postid = p.id)", "Workers": [], "Plans": [{"Node Type": "Seq Scan", "Parent Relationship": "Outer", "Parallel Aware": true, "Async Capable": false, "Relation Name": "posthistory", "Alias": "ph", "Startup Cost": 0.0, "Total Cost": 4915.18, "Plan Rows": 33687, "Plan Width": 4, "Actual Rows": 28967, "Actual Loops": 2, "Filter": "((creationdate <= '2013-09-26 17:30:31'::timestamp without time zone) AND (posthistorytypeid = 2))", "Rows Removed by Filter": 122626, "Workers": []}, {"Node Type": "Hash", "Parent Relationship": "Inner", "Parallel Aware": false, "Async Capable": false, "Startup Cost": 936.82, "Total Cost": 936.82, "Plan Rows": 1, "Plan Width": 12, "Actual Rows": 389, "Actual Loops": 2, "Hash Buckets": 1024, "Original Hash Buckets": 1024, "Hash Batches": 1, "Original Hash Batches": 1, "Peak Memory Usage": 25, "Workers": [], "Plans": [{"Node Type": "Nested Loop", "Parent Relationship": "Outer", "Parallel Aware": false, "Async Capable": false, "Join Type": "Inner", "Startup Cost": 1.29, "Total Cost": 936.82, "Plan Rows": 1, "Plan Width": 12, "Actual Rows": 389, "Actual Loops": 2, "Inner Unique": false, "Join Filter": "(p.id = pl.postid)", "Rows Removed by Join Filter": 0, "Workers": [], "Plans": [{"Node Type": "Nested Loop", "Parent Relationship": "Outer", "Parallel Aware": false, "Async Capable": false, "Join Type": "Inner", "Startup Cost": 1.01, "Total Cost": 936.5, "Plan Rows": 1, "Plan Width": 8, "Actual Rows": 978, "Actual Loops": 2, "Inner Unique": true, "Workers": [], "Plans": [{"Node Type": "Nested Loop", "Parent Relationship": "Outer", "Parallel Aware": false, "Async Capable": false, "Join Type": "Inner", "Startup Cost": 0.72, "Total Cost": 936.09, "Plan Rows": 1, "Plan Width": 4, "Actual Rows": 112946, "Actual Loops": 2, "Inner Unique": false, "Join Filter": "(c.userid = u.id)", "Rows Removed by Join Filter": 0, "Workers": [], "Plans": [{"Node Type": "Nested Loop", "Parent Relationship": "Outer", "Parallel Aware": false, "Async Capable": false, "Join Type": "Inner", "Startup Cost": 0.42, "Total Cost": 927.04, "Plan Rows": 1, "Plan Width": 8, "Actual Rows": 36, "Actual Loops": 2, "Inner Unique": false, "Workers": [], "Plans": [{"Node Type": "Seq Scan", "Parent Relationship": "Outer", "Parallel Aware": false, "Async Capable": false, "Relation Name": "users", "Alias": "u", "Startup Cost": 0.0, "Total Cost": 901.88, "Plan Rows": 1, "Plan Width": 4, "Actual Rows": 7, "Actual Loops": 2, "Filter": "((views >= 2570) AND (creationdate <= '2010-09-09 13:57:26'::timestamp without time zone))", "Rows Removed by Filter": 40318, "Workers": []}, {"Node Type": "Index Scan", "Parent Relationship": "Inner", "Parallel Aware": false, "Async Capable": false, "Scan Direction": "Forward", "Index Name": "idx_votes_userid", "Relation Name": "votes", "Alias": "v", "Startup Cost": 0.42, "Total Cost": 25.16, "Plan Rows": 1, "Plan Width": 4, "Actual Rows": 5, "Actual Loops": 14, "Index Cond": "(userid = u.id)", "Rows Removed by Index Recheck": 0, "Filter": "((bountyamount <= 396) AND (creationdate >= '2013-07-06 14:13:13'::timestamp without time zone) AND (creationdate <= '2014-08-14 17:44:39'::timestamp without time zone))", "Rows Removed by Filter": 175, "Workers": []}]}, {"Node Type": "Index Scan", "Parent Relationship": "Inner", "Parallel Aware": false, "Async Capable": false, "Scan Direction": "Forward", "Index Name": "idx_comments_userid", "Relation Name": "comments", "Alias": "c", "Startup Cost": 0.29, "Total Cost": 9.01, "Plan Rows": 3, "Plan Width": 8, "Actual Rows": 3137, "Actual Loops": 72, "Index Cond": "(userid = v.userid)", "Rows Removed by Index Recheck": 0, "Filter": "((creationdate >= '2013-12-27 17:42:56'::timestamp without time zone) AND (creationdate <= '2014-08-24 21:06:02'::timestamp without time zone))", "Rows Removed by Filter": 4665, "Workers": []}]}, {"Node Type": "Index Scan", "Parent Relationship": "Inner", "Parallel Aware": false, "Async Capable": false, "Scan Direction": "Forward", "Index Name": "posts_pkey", "Relation Name": "posts", "Alias": "p", "Startup Cost": 0.29, "Total Cost": 0.42, "Plan Rows": 1, "Plan Width": 4, "Actual Rows": 0, "Actual Loops": 225892, "Index Cond": "(id = c.postid)", "Rows Removed by Index Recheck": 0, "Filter": "((score >= 16) AND (score <= 170) AND (commentcount <= 10))", "Rows Removed by Filter": 1, "Workers": []}]}, {"Node Type": "Index Only Scan", "Parent Relationship": "Inner", "Parallel Aware": false, "Async Capable": false, "Scan Direction": "Forward", "Index Name": "idx_postlinks_postid", "Relation Name": "postlinks", "Alias": "pl", "Startup Cost": 0.29, "Total Cost": 0.31, "Plan Rows": 1, "Plan Width": 4, "Actual Rows": 0, "Actual Loops": 1956, "Index Cond": "(postid = c.postid)", "Rows Removed by Index Recheck": 0, "Heap Fetches": 0, "Workers": []}]}]}]}]}]}, "Planning Time": 9.486, "Triggers": [], "Execution Time": 279.03}, {"Plan": {"Node Type": "Aggregate", "Strategy": "Plain", "Partial Mode": "Simple", "Parallel Aware": false, "Async Capable": false, "Startup Cost": 3896.55, "Total Cost": 3896.56, "Plan Rows": 1, "Plan Width": 8, "Actual Rows": 1, "Actual Loops": 1, "Plans": [{"Node Type": "Nested Loop", "Parent Relationship": "Outer", "Parallel Aware": false, "Async Capable": false, "Join Type": "Inner", "Startup Cost": 2470.48, "Total Cost": 3896.55, "Plan Rows": 1, "Plan Width": 0, "Actual Rows": 53, "Actual Loops": 1, "Inner Unique": false, "Join Filter": "(c.userid = u.id)", "Rows Removed by Join Filter": 2323, "Plans": [{"Node Type": "Nested Loop", "Parent Relationship": "Outer", "Parallel Aware": false, "Async Capable": false, "Join Type": "Inner", "Startup Cost": 2470.06, "Total Cost": 2968.66, "Plan Rows": 56, "Plan Width": 4, "Actual Rows": 66, "Actual Loops": 1, "Inner Unique": false, "Join Filter": "(p.id = ph.postid)", "Rows Removed by Join Filter": 0, "Plans": [{"Node Type": "Nested Loop", "Parent Relationship": "Outer", "Parallel Aware": false, "Async Capable": false, "Join Type": "Inner", "Startup Cost": 2469.64, "Total Cost": 2898.85, "Plan Rows": 90, "Plan Width": 16, "Actual Rows": 208, "Actual Loops": 1, "Inner Unique": false, "Join Filter": "(c.postid = p.id)", "Rows Removed by Join Filter": 0, "Plans": [{"Node Type": "Hash Join", "Parent Relationship": "Outer", "Parallel Aware": false, "Async Capable": false, "Join Type": "Inner", "Startup Cost": 2469.22, "Total Cost": 2691.38, "Plan Rows": 190, "Plan Width": 8, "Actual Rows": 426, "Actual Loops": 1, "Inner Unique": true, "Hash Cond": "(pl.postid = p.id)", "Plans": [{"Node Type": "Seq Scan", "Parent Relationship": "Outer", "Parallel Aware": false, "Async Capable": false, "Relation Name": "postlinks", "Alias": "pl", "Startup Cost": 0.0, "Total Cost": 193.02, "Plan Rows": 11102, "Plan Width": 4, "Actual Rows": 11102, "Actual Loops": 1}, {"Node Type": "Hash", "Parent Relationship": "Inner", "Parallel Aware": false, "Async Capable": false, "Startup Cost": 2449.58, "Total Cost": 2449.58, "Plan Rows": 1571, "Plan Width": 4, "Actual Rows": 1501, "Actual Loops": 1, "Hash Buckets": 2048, "Original Hash Buckets": 2048, "Hash Batches": 1, "Original Hash Batches": 1, "Peak Memory Usage": 69, "Plans": [{"Node Type": "Seq Scan", "Parent Relationship": "Outer", "Parallel Aware": false, "Async Capable": false, "Relation Name": "posts", "Alias": "p", "Startup Cost": 0.0, "Total Cost": 2449.58, "Plan Rows": 1571, "Plan Width": 4, "Actual Rows": 1501, "Actual Loops": 1, "Filter": "((score >= 16) AND (score <= 170) AND (commentcount <= 10))", "Rows Removed by Filter": 90475}]}]}, {"Node Type": "Index Scan", "Parent Relationship": "Inner", "Parallel Aware": false, "Async Capable": false, "Scan Direction": "Forward", "Index Name": "idx_comments_postid", "Relation Name": "comments", "Alias": "c", "Startup Cost": 0.42, "Total Cost": 1.08, "Plan Rows": 1, "Plan Width": 8, "Actual Rows": 0, "Actual Loops": 426, "Index Cond": "(postid = pl.postid)", "Rows Removed by Index Recheck": 0, "Filter": "((creationdate >= '2013-12-27 17:42:56'::timestamp without time zone) AND (creationdate <= '2014-08-24 21:06:02'::timestamp without time zone))", "Rows Removed by Filter": 3}]}, {"Node Type": "Index Scan", "Parent Relationship": "Inner", "Parallel Aware": false, "Async Capable": false, "Scan Direction": "Forward", "Index Name": "idx_posthistory_postid", "Relation Name": "posthistory", "Alias": "ph", "Startup Cost": 0.42, "Total Cost": 0.76, "Plan Rows": 1, "Plan Width": 4, "Actual Rows": 0, "Actual Loops": 208, "Index Cond": "(postid = c.postid)", "Rows Removed by Index Recheck": 0, "Filter": "((creationdate <= '2013-09-26 17:30:31'::timestamp without time zone) AND (posthistorytypeid = 2))", "Rows Removed by Filter": 7}]}, {"Node Type": "Materialize", "Parent Relationship": "Inner", "Parallel Aware": false, "Async Capable": false, "Startup Cost": 0.42, "Total Cost": 927.05, "Plan Rows": 1, "Plan Width": 8, "Actual Rows": 36, "Actual Loops": 66, "Plans": [{"Node Type": "Nested Loop", "Parent Relationship": "Outer", "Parallel Aware": false, "Async Capable": false, "Join Type": "Inner", "Startup Cost": 0.42, "Total Cost": 927.04, "Plan Rows": 1, "Plan Width": 8, "Actual Rows": 36, "Actual Loops": 1, "Inner Unique": false, "Plans": [{"Node Type": "Seq Scan", "Parent Relationship": "Outer", "Parallel Aware": false, "Async Capable": false, "Relation Name": "users", "Alias": "u", "Startup Cost": 0.0, "Total Cost": 901.88, "Plan Rows": 1, "Plan Width": 4, "Actual Rows": 7, "Actual Loops": 1, "Filter": "((views >= 2570) AND (creationdate <= '2010-09-09 13:57:26'::timestamp without time zone))", "Rows Removed by Filter": 40318}, {"Node Type": "Index Scan", "Parent Relationship": "Inner", "Parallel Aware": false, "Async Capable": false, "Scan Direction": "Forward", "Index Name": "idx_votes_userid", "Relation Name": "votes", "Alias": "v", "Startup Cost": 0.42, "Total Cost": 25.16, "Plan Rows": 1, "Plan Width": 4, "Actual Rows": 5, "Actual Loops": 7, "Index Cond": "(userid = u.id)", "Rows Removed by Index Recheck": 0, "Filter": "((bountyamount <= 396) AND (creationdate >= '2013-07-06 14:13:13'::timestamp without time zone) AND (creationdate <= '2014-08-14 17:44:39'::timestamp without time zone))", "Rows Removed by Filter": 175}]}]}]}]}, "Planning Time": 4.392, "Triggers": [], "Execution Time": 26.865}, {"Plan": {"Node Type": "Aggregate", "Strategy": "Plain", "Partial Mode": "Simple", "Parallel Aware": false, "Async Capable": false, "Startup Cost": 9519.25, "Total Cost": 9519.26, "Plan Rows": 1, "Plan Width": 8, "Plans": [{"Node Type": "Nested Loop", "Parent Relationship": "Outer", "Parallel Aware": false, "Async Capable": false, "Join Type": "Inner", "Startup Cost": 3470.22, "Total Cost": 9519.25, "Plan Rows": 1, "Plan Width": 0, "Inner Unique": false, "Join Filter": "(p.id = pl.postid)", "Plans": [{"Node Type": "Nested Loop", "Parent Relationship": "Outer", "Parallel Aware": false, "Async Capable": false, "Join Type": "Inner", "Startup Cost": 1.0, "Total Cost": 936.4, "Plan Rows": 1, "Plan Width": 8, "Inner Unique": false, "Plans": [{"Node Type": "Nested Loop", "Parent Relationship": "Outer", "Parallel Aware": false, "Async Capable": false, "Join Type": "Inner", "Startup Cost": 0.72, "Total Cost": 936.09, "Plan Rows": 1, "Plan Width": 4, "Inner Unique": false, "Join Filter": "(c.userid = u.id)", "Plans": [{"Node Type": "Nested Loop", "Parent Relationship": "Outer", "Parallel Aware": false, "Async Capable": false, "Join Type": "Inner", "Startup Cost": 0.42, "Total Cost": 927.04, "Plan Rows": 1, "Plan Width": 8, "Inner Unique": false, "Plans": [{"Node Type": "Seq Scan", "Parent Relationship": "Outer", "Parallel Aware": false, "Async Capable": false, "Relation Name": "users", "Alias": "u", "Startup Cost": 0.0, "Total Cost": 901.88, "Plan Rows": 1, "Plan Width": 4, "Filter": "((views >= 2570) AND (creationdate <= '2010-09-09 13:57:26'::timestamp without time zone))"}, {"Node Type": "Index Scan", "Parent Relationship": "Inner", "Parallel Aware": false, "Async Capable": false, "Scan Direction": "Forward", "Index Name": "idx_votes_userid", "Relation Name": "votes", "Alias": "v", "Startup Cost": 0.42, "Total Cost": 25.16, "Plan Rows": 1, "Plan Width": 4, "Index Cond": "(userid = u.id)", "Filter": "((bountyamount <= 396) AND (creationdate >= '2013-07-06 14:13:13'::timestamp without time zone) AND (creationdate <= '2014-08-14 17:44:39'::timestamp without time zone))"}]}, {"Node Type": "Index Scan", "Parent Relationship": "Inner", "Parallel Aware": false, "Async Capable": false, "Scan Direction": "Forward", "Index Name": "idx_comments_userid", "Relation Name": "comments", "Alias": "c", "Startup Cost": 0.29, "Total Cost": 9.01, "Plan Rows": 3, "Plan Width": 8, "Index Cond": "(userid = v.userid)", "Filter": "((creationdate >= '2013-12-27 17:42:56'::timestamp without time zone) AND (creationdate <= '2014-08-24 21:06:02'::timestamp without time zone))"}]}, {"Node Type": "Index Only Scan", "Parent Relationship": "Inner", "Parallel Aware": false, "Async Capable": false, "Scan Direction": "Forward", "Index Name": "idx_postlinks_postid", "Relation Name": "postlinks", "Alias": "pl", "Startup Cost": 0.29, "Total Cost": 0.31, "Plan Rows": 1, "Plan Width": 4, "Index Cond": "(postid = c.postid)"}]}, {"Node Type": "Gather", "Parent Relationship": "Inner", "Parallel Aware": false, "Async Capable": false, "Startup Cost": 3469.22, "Total Cost": 8570.63, "Plan Rows": 978, "Plan Width": 8, "Workers Planned": 1, "Single Copy": false, "Plans": [{"Node Type": "Hash Join", "Parent Relationship": "Outer", "Parallel Aware": false, "Async Capable": false, "Join Type": "Inner", "Startup Cost": 2469.22, "Total Cost": 7472.83, "Plan Rows": 575, "Plan Width": 8, "Inner Unique": true, "Hash Cond": "(ph.postid = p.id)", "Plans": [{"Node Type": "Seq Scan", "Parent Relationship": "Outer", "Parallel Aware": true, "Async Capable": false, "Relation Name": "posthistory", "Alias": "ph", "Startup Cost": 0.0, "Total Cost": 4915.18, "Plan Rows": 33687, "Plan Width": 4, "Filter": "((creationdate <= '2013-09-26 17:30:31'::timestamp without time zone) AND (posthistorytypeid = 2))"}, {"Node Type": "Hash", "Parent Relationship": "Inner", "Parallel Aware": false, "Async Capable": false, "Startup Cost": 2449.58, "Total Cost": 2449.58, "Plan Rows": 1571, "Plan Width": 4, "Plans": [{"Node Type": "Seq Scan", "Parent Relationship": "Outer", "Parallel Aware": false, "Async Capable": false, "Relation Name": "posts", "Alias": "p", "Startup Cost": 0.0, "Total Cost": 2449.58, "Plan Rows": 1571, "Plan Width": 4, "Filter": "((score >= 16) AND (score <= 170) AND (commentcount <= 10))"}]}]}]}]}]}}, {"Plan": {"Node Type": "Aggregate", "Strategy": "Plain", "Partial Mode": "Simple", "Parallel Aware": false, "Async Capable": false, "Startup Cost": 950.0, "Total Cost": 950.01, "Plan Rows": 1, "Plan Width": 8, "Actual Rows": 1, "Actual Loops": 1, "Plans": [{"Node Type": "Nested Loop", "Parent Relationship": "Outer", "Parallel Aware": false, "Async Capable": false, "Join Type": "Inner", "Startup Cost": 1.72, "Total Cost": 950.0, "Plan Rows": 1, "Plan Width": 0, "Actual Rows": 53, "Actual Loops": 1, "Inner Unique": false, "Join Filter": "(v.userid = u.id)", "Rows Removed by Join Filter": 0, "Plans": [{"Node Type": "Nested Loop", "Parent Relationship": "Outer", "Parallel Aware": false, "Async Capable": false, "Join Type": "Inner", "Startup Cost": 1.29, "Total Cost": 949.12, "Plan Rows": 1, "Plan Width": 8, "Actual Rows": 3, "Actual Loops": 1, "Inner Unique": false, "Join Filter": "(p.id = pl.postid)", "Rows Removed by Join Filter": 0, "Plans": [{"Node Type": "Nested Loop", "Parent Relationship": "Outer", "Parallel Aware": false, "Async Capable": false, "Join Type": "Inner", "Startup Cost": 1.01, "Total Cost": 948.8, "Plan Rows": 1, "Plan Width": 20, "Actual Rows": 22, "Actual Loops": 1, "Inner Unique": true, "Plans": [{"Node Type": "Nested Loop", "Parent Relationship": "Outer", "Parallel Aware": false, "Async Capable": false, "Join Type": "Inner", "Startup Cost": 0.72, "Total Cost": 948.4, "Plan Rows": 1, "Plan Width": 16, "Actual Rows": 174, "Actual Loops": 1, "Inner Unique": false, "Plans": [{"Node Type": "Nested Loop", "Parent Relationship": "Outer", "Parallel Aware": false, "Async Capable": false, "Join Type": "Inner", "Startup Cost": 0.29, "Total Cost": 947.63, "Plan Rows": 1, "Plan Width": 12, "Actual Rows": 7854, "Actual Loops": 1, "Inner Unique": false, "Plans": [{"Node Type": "Seq Scan", "Parent Relationship": "Outer", "Parallel Aware": false, "Async Capable": false, "Relation Name": "users", "Alias": "u", "Startup Cost": 0.0, "Total Cost": 901.88, "Plan Rows": 1, "Plan Width": 4, "Actual Rows": 7, "Actual Loops": 1, "Filter": "((views >= 2570) AND (creationdate <= '2010-09-09 13:57:26'::timestamp without time zone))", "Rows Removed by Filter": 40318}, {"Node Type": "Index Scan", "Parent Relationship": "Inner", "Parallel Aware": false, "Async Capable": false, "Scan Direction": "Forward", "Index Name": "idx_comments_userid", "Relation Name": "comments", "Alias": "c", "Startup Cost": 0.29, "Total Cost": 45.73, "Plan Rows": 3, "Plan Width": 8, "Actual Rows": 1122, "Actual Loops": 7, "Index Cond": "(userid = u.id)", "Rows Removed by Index Recheck": 0, "Filter": "((creationdate >= '2013-12-27 17:42:56'::timestamp without time zone) AND (creationdate <= '2014-08-24 21:06:02'::timestamp without time zone))", "Rows Removed by Filter": 3096}]}, {"Node Type": "Index Scan", "Parent Relationship": "Inner", "Parallel Aware": false, "Async Capable": false, "Scan Direction": "Forward", "Index Name": "idx_posthistory_postid", "Relation Name": "posthistory", "Alias": "ph", "Startup Cost": 0.42, "Total Cost": 0.76, "Plan Rows": 1, "Plan Width": 4, "Actual Rows": 0, "Actual Loops": 7854, "Index Cond": "(postid = c.postid)", "Rows Removed by Index Recheck": 0, "Filter": "((creationdate <= '2013-09-26 17:30:31'::timestamp without time zone) AND (posthistorytypeid = 2))", "Rows Removed by Filter": 4}]}, {"Node Type": "Index Scan", "Parent Relationship": "Inner", "Parallel Aware": false, "Async Capable": false, "Scan Direction": "Forward", "Index Name": "posts_pkey", "Relation Name": "posts", "Alias": "p", "Startup Cost": 0.29, "Total Cost": 0.39, "Plan Rows": 1, "Plan Width": 4, "Actual Rows": 0, "Actual Loops": 174, "Index Cond": "(id = ph.postid)", "Rows Removed by Index Recheck": 0, "Filter": "((score >= 16) AND (score <= 170) AND (commentcount <= 10))", "Rows Removed by Filter": 1}]}, {"Node Type": "Index Only Scan", "Parent Relationship": "Inner", "Parallel Aware": false, "Async Capable": false, "Scan Direction": "Forward", "Index Name": "idx_postlinks_postid", "Relation Name": "postlinks", "Alias": "pl", "Startup Cost": 0.29, "Total Cost": 0.3, "Plan Rows": 1, "Plan Width": 4, "Actual Rows": 0, "Actual Loops": 22, "Index Cond": "(postid = ph.postid)", "Rows Removed by Index Recheck": 0, "Heap Fetches": 0}]}, {"Node Type": "Index Scan", "Parent Relationship": "Inner", "Parallel Aware": false, "Async Capable": false, "Scan Direction": "Forward", "Index Name": "idx_votes_userid", "Relation Name": "votes", "Alias": "v", "Startup Cost": 0.42, "Total Cost": 0.87, "Plan Rows": 1, "Plan Width": 4, "Actual Rows": 18, "Actual Loops": 3, "Index Cond": "(userid = c.userid)", "Rows Removed by Index Recheck": 0, "Filter": "((bountyamount <= 396) AND (creationdate >= '2013-07-06 14:13:13'::timestamp without time zone) AND (creationdate <= '2014-08-14 17:44:39'::timestamp without time zone))", "Rows Removed by Filter": 353}]}]}, "Planning Time": 4.077, "Triggers": [], "Execution Time": 58.389}, {"Plan": {"Node Type": "Aggregate", "Strategy": "Plain", "Partial Mode": "Simple", "Parallel Aware": false, "Async Capable": false, "Startup Cost": 3410.32, "Total Cost": 3410.33, "Plan Rows": 1, "Plan Width": 8, "Actual Rows": 1, "Actual Loops": 1, "Plans": [{"Node Type": "Nested Loop", "Parent Relationship": "Outer", "Parallel Aware": false, "Async Capable": false, "Join Type": "Inner", "Startup Cost": 1.43, "Total Cost": 3410.32, "Plan Rows": 1, "Plan Width": 0, "Actual Rows": 53, "Actual Loops": 1, "Inner Unique": false, "Join Filter": "(p.id = pl.postid)", "Rows Removed by Join Filter": 1167725, "Plans": [{"Node Type": "Seq Scan", "Parent Relationship": "Outer", "Parallel Aware": false, "Async Capable": false, "Relation Name": "posts", "Alias": "p", "Startup Cost": 0.0, "Total Cost": 2449.58, "Plan Rows": 1571, "Plan Width": 4, "Actual Rows": 1501, "Actual Loops": 1, "Filter": "((score >= 16) AND (score <= 170) AND (commentcount <= 10))", "Rows Removed by Filter": 90475}, {"Node Type": "Materialize", "Parent Relationship": "Inner", "Parallel Aware": false, "Async Capable": false, "Startup Cost": 1.43, "Total Cost": 937.18, "Plan Rows": 1, "Plan Width": 12, "Actual Rows": 778, "Actual Loops": 1501, "Plans": [{"Node Type": "Nested Loop", "Parent Relationship": "Outer", "Parallel Aware": false, "Async Capable": false, "Join Type": "Inner", "Startup Cost": 1.43, "Total Cost": 937.17, "Plan Rows": 1, "Plan Width": 12, "Actual Rows": 778, "Actual Loops": 1, "Inner Unique": false, "Plans": [{"Node Type": "Nested Loop", "Parent Relationship": "Outer", "Parallel Aware": false, "Async Capable": false, "Join Type": "Inner", "Startup Cost": 1.14, "Total Cost": 936.86, "Plan Rows": 1, "Plan Width": 8, "Actual Rows": 2196, "Actual Loops": 1, "Inner Unique": false, "Plans": [{"Node Type": "Nested Loop", "Parent Relationship": "Outer", "Parallel Aware": false, "Async Capable": false, "Join Type": "Inner", "Startup Cost": 0.72, "Total Cost": 936.09, "Plan Rows": 1, "Plan Width": 4, "Actual Rows": 112946, "Actual Loops": 1, "Inner Unique": false, "Join Filter": "(c.userid = u.id)", "Rows Removed by Join Filter": 0, "Plans": [{"Node Type": "Nested Loop", "Parent Relationship": "Outer", "Parallel Aware": false, "Async Capable": false, "Join Type": "Inner", "Startup Cost": 0.42, "Total Cost": 927.04, "Plan Rows": 1, "Plan Width": 8, "Actual Rows": 36, "Actual Loops": 1, "Inner Unique": false, "Plans": [{"Node Type": "Seq Scan", "Parent Relationship": "Outer", "Parallel Aware": false, "Async Capable": false, "Relation Name": "users", "Alias": "u", "Startup Cost": 0.0, "Total Cost": 901.88, "Plan Rows": 1, "Plan Width": 4, "Actual Rows": 7, "Actual Loops": 1, "Filter": "((views >= 2570) AND (creationdate <= '2010-09-09 13:57:26'::timestamp without time zone))", "Rows Removed by Filter": 40318}, {"Node Type": "Index Scan", "Parent Relationship": "Inner", "Parallel Aware": false, "Async Capable": false, "Scan Direction": "Forward", "Index Name": "idx_votes_userid", "Relation Name": "votes", "Alias": "v", "Startup Cost": 0.42, "Total Cost": 25.16, "Plan Rows": 1, "Plan Width": 4, "Actual Rows": 5, "Actual Loops": 7, "Index Cond": "(userid = u.id)", "Rows Removed by Index Recheck": 0, "Filter": "((bountyamount <= 396) AND (creationdate >= '2013-07-06 14:13:13'::timestamp without time zone) AND (creationdate <= '2014-08-14 17:44:39'::timestamp without time zone))", "Rows Removed by Filter": 175}]}, {"Node Type": "Index Scan", "Parent Relationship": "Inner", "Parallel Aware": false, "Async Capable": false, "Scan Direction": "Forward", "Index Name": "idx_comments_userid", "Relation Name": "comments", "Alias": "c", "Startup Cost": 0.29, "Total Cost": 9.01, "Plan Rows": 3, "Plan Width": 8, "Actual Rows": 3137, "Actual Loops": 36, "Index Cond": "(userid = v.userid)", "Rows Removed by Index Recheck": 0, "Filter": "((creationdate >= '2013-12-27 17:42:56'::timestamp without time zone) AND (creationdate <= '2014-08-24 21:06:02'::timestamp without time zone))", "Rows Removed by Filter": 4665}]}, {"Node Type": "Index Scan", "Parent Relationship": "Inner", "Parallel Aware": false, "Async Capable": false, "Scan Direction": "Forward", "Index Name": "idx_posthistory_postid", "Relation Name": "posthistory", "Alias": "ph", "Startup Cost": 0.42, "Total Cost": 0.76, "Plan Rows": 1, "Plan Width": 4, "Actual Rows": 0, "Actual Loops": 112946, "Index Cond": "(postid = c.postid)", "Rows Removed by Index Recheck": 0, "Filter": "((creationdate <= '2013-09-26 17:30:31'::timestamp without time zone) AND (posthistorytypeid = 2))", "Rows Removed by Filter": 5}]}, {"Node Type": "Index Only Scan", "Parent Relationship": "Inner", "Parallel Aware": false, "Async Capable": false, "Scan Direction": "Forward", "Index Name": "idx_postlinks_postid", "Relation Name": "postlinks", "Alias": "pl", "Startup Cost": 0.29, "Total Cost": 0.3, "Plan Rows": 1, "Plan Width": 4, "Actual Rows": 0, "Actual Loops": 2196, "Index Cond": "(postid = ph.postid)", "Rows Removed by Index Recheck": 0, "Heap Fetches": 0}]}]}]}]}, "Planning Time": 5.041, "Triggers": [], "Execution Time": 337.37}, {"Plan": {"Node Type": "Aggregate", "Strategy": "Plain", "Partial Mode": "Simple", "Parallel Aware": false, "Async Capable": false, "Startup Cost": 3630.62, "Total Cost": 3630.63, "Plan Rows": 1, "Plan Width": 8, "Actual Rows": 1, "Actual Loops": 1, "Plans": [{"Node Type": "Nested Loop", "Parent Relationship": "Outer", "Parallel Aware": false, "Async Capable": false, "Join Type": "Inner", "Startup Cost": 2470.36, "Total Cost": 3630.61, "Plan Rows": 1, "Plan Width": 0, "Actual Rows": 53, "Actual Loops": 1, "Inner Unique": false, "Join Filter": "(p.id = ph.postid)", "Rows Removed by Join Filter": 935443, "Plans": [{"Node Type": "Nested Loop", "Parent Relationship": "Outer", "Parallel Aware": false, "Async Capable": false, "Join Type": "Inner", "Startup Cost": 1.14, "Total Cost": 936.86, "Plan Rows": 1, "Plan Width": 8, "Actual Rows": 2196, "Actual Loops": 1, "Inner Unique": false, "Plans": [{"Node Type": "Nested Loop", "Parent Relationship": "Outer", "Parallel Aware": false, "Async Capable": false, "Join Type": "Inner", "Startup Cost": 0.72, "Total Cost": 936.09, "Plan Rows": 1, "Plan Width": 4, "Actual Rows": 112946, "Actual Loops": 1, "Inner Unique": false, "Join Filter": "(c.userid = u.id)", "Rows Removed by Join Filter": 0, "Plans": [{"Node Type": "Nested Loop", "Parent Relationship": "Outer", "Parallel Aware": false, "Async Capable": false, "Join Type": "Inner", "Startup Cost": 0.42, "Total Cost": 927.04, "Plan Rows": 1, "Plan Width": 8, "Actual Rows": 36, "Actual Loops": 1, "Inner Unique": false, "Plans": [{"Node Type": "Seq Scan", "Parent Relationship": "Outer", "Parallel Aware": false, "Async Capable": false, "Relation Name": "users", "Alias": "u", "Startup Cost": 0.0, "Total Cost": 901.88, "Plan Rows": 1, "Plan Width": 4, "Actual Rows": 7, "Actual Loops": 1, "Filter": "((views >= 2570) AND (creationdate <= '2010-09-09 13:57:26'::timestamp without time zone))", "Rows Removed by Filter": 40318}, {"Node Type": "Index Scan", "Parent Relationship": "Inner", "Parallel Aware": false, "Async Capable": false, "Scan Direction": "Forward", "Index Name": "idx_votes_userid", "Relation Name": "votes", "Alias": "v", "Startup Cost": 0.42, "Total Cost": 25.16, "Plan Rows": 1, "Plan Width": 4, "Actual Rows": 5, "Actual Loops": 7, "Index Cond": "(userid = u.id)", "Rows Removed by Index Recheck": 0, "Filter": "((bountyamount <= 396) AND (creationdate >= '2013-07-06 14:13:13'::timestamp without time zone) AND (creationdate <= '2014-08-14 17:44:39'::timestamp without time zone))", "Rows Removed by Filter": 175}]}, {"Node Type": "Index Scan", "Parent Relationship": "Inner", "Parallel Aware": false, "Async Capable": false, "Scan Direction": "Forward", "Index Name": "idx_comments_userid", "Relation Name": "comments", "Alias": "c", "Startup Cost": 0.29, "Total Cost": 9.01, "Plan Rows": 3, "Plan Width": 8, "Actual Rows": 3137, "Actual Loops": 36, "Index Cond": "(userid = v.userid)", "Rows Removed by Index Recheck": 0, "Filter": "((creationdate >= '2013-12-27 17:42:56'::timestamp without time zone) AND (creationdate <= '2014-08-24 21:06:02'::timestamp without time zone))", "Rows Removed by Filter": 4665}]}, {"Node Type": "Index Scan", "Parent Relationship": "Inner", "Parallel Aware": false, "Async Capable": false, "Scan Direction": "Forward", "Index Name": "idx_posthistory_postid", "Relation Name": "posthistory", "Alias": "ph", "Startup Cost": 0.42, "Total Cost": 0.76, "Plan Rows": 1, "Plan Width": 4, "Actual Rows": 0, "Actual Loops": 112946, "Index Cond": "(postid = c.postid)", "Rows Removed by Index Recheck": 0, "Filter": "((creationdate <= '2013-09-26 17:30:31'::timestamp without time zone) AND (posthistorytypeid = 2))", "Rows Removed by Filter": 5}]}, {"Node Type": "Hash Join", "Parent Relationship": "Inner", "Parallel Aware": false, "Async Capable": false, "Join Type": "Inner", "Startup Cost": 2469.22, "Total Cost": 2691.38, "Plan Rows": 190, "Plan Width": 8, "Actual Rows": 426, "Actual Loops": 2196, "Inner Unique": true, "Hash Cond": "(pl.postid = p.id)", "Plans": [{"Node Type": "Seq Scan", "Parent Relationship": "Outer", "Parallel Aware": false, "Async Capable": false, "Relation Name": "postlinks", "Alias": "pl", "Startup Cost": 0.0, "Total Cost": 193.02, "Plan Rows": 11102, "Plan Width": 4, "Actual Rows": 11102, "Actual Loops": 2196}, {"Node Type": "Hash", "Parent Relationship": "Inner", "Parallel Aware": false, "Async Capable": false, "Startup Cost": 2449.58, "Total Cost": 2449.58, "Plan Rows": 1571, "Plan Width": 4, "Actual Rows": 1501, "Actual Loops": 1, "Hash Buckets": 2048, "Original Hash Buckets": 2048, "Hash Batches": 1, "Original Hash Batches": 1, "Peak Memory Usage": 69, "Plans": [{"Node Type": "Seq Scan", "Parent Relationship": "Outer", "Parallel Aware": false, "Async Capable": false, "Relation Name": "posts", "Alias": "p", "Startup Cost": 0.0, "Total Cost": 2449.58, "Plan Rows": 1571, "Plan Width": 4, "Actual Rows": 1501, "Actual Loops": 1, "Filter": "((score >= 16) AND (score <= 170) AND (commentcount <= 10))", "Rows Removed by Filter": 90475}]}]}]}]}, "Planning Time": 5.157, "Triggers": [], "Execution Time": 2222.584}, {"Plan": {"Node Type": "Aggregate", "Strategy": "Plain", "Partial Mode": "Simple", "Parallel Aware": false, "Async Capable": false, "Startup Cost": 9411.51, "Total Cost": 9411.52, "Plan Rows": 1, "Plan Width": 8, "Actual Rows": 1, "Actual Loops": 1, "Plans": [{"Node Type": "Gather", "Parent Relationship": "Outer", "Parallel Aware": false, "Async Capable": false, "Startup Cost": 4405.63, "Total Cost": 9411.51, "Plan Rows": 1, "Plan Width": 0, "Actual Rows": 53, "Actual Loops": 1, "Workers Planned": 1, "Workers Launched": 1, "Single Copy": false, "Plans": [{"Node Type": "Hash Join", "Parent Relationship": "Outer", "Parallel Aware": false, "Async Capable": false, "Join Type": "Inner", "Startup Cost": 3405.63, "Total Cost": 8411.41, "Plan Rows": 1, "Plan Width": 0, "Actual Rows": 26, "Actual Loops": 2, "Inner Unique": false, "Hash Cond": "(p.id = pl.postid)", "Workers": [], "Plans": [{"Node Type": "Hash Join", "Parent Relationship": "Outer", "Parallel Aware": false, "Async Capable": false, "Join Type": "Inner", "Startup Cost": 2469.22, "Total Cost": 7472.83, "Plan Rows": 575, "Plan Width": 8, "Actual Rows": 680, "Actual Loops": 2, "Inner Unique": true, "Hash Cond": "(ph.postid = p.id)", "Workers": [], "Plans": [{"Node Type": "Seq Scan", "Parent Relationship": "Outer", "Parallel Aware": true, "Async Capable": false, "Relation Name": "posthistory", "Alias": "ph", "Startup Cost": 0.0, "Total Cost": 4915.18, "Plan Rows": 33687, "Plan Width": 4, "Actual Rows": 28967, "Actual Loops": 2, "Filter": "((creationdate <= '2013-09-26 17:30:31'::timestamp without time zone) AND (posthistorytypeid = 2))", "Rows Removed by Filter": 122626, "Workers": []}, {"Node Type": "Hash", "Parent Relationship": "Inner", "Parallel Aware": false, "Async Capable": false, "Startup Cost": 2449.58, "Total Cost": 2449.58, "Plan Rows": 1571, "Plan Width": 4, "Actual Rows": 1501, "Actual Loops": 2, "Hash Buckets": 2048, "Original Hash Buckets": 2048, "Hash Batches": 1, "Original Hash Batches": 1, "Peak Memory Usage": 69, "Workers": [], "Plans": [{"Node Type": "Seq Scan", "Parent Relationship": "Outer", "Parallel Aware": false, "Async Capable": false, "Relation Name": "posts", "Alias": "p", "Startup Cost": 0.0, "Total Cost": 2449.58, "Plan Rows": 1571, "Plan Width": 4, "Actual Rows": 1501, "Actual Loops": 2, "Filter": "((score >= 16) AND (score <= 170) AND (commentcount <= 10))", "Rows Removed by Filter": 90475, "Workers": []}]}]}, {"Node Type": "Hash", "Parent Relationship": "Inner", "Parallel Aware": false, "Async Capable": false, "Startup Cost": 936.4, "Total Cost": 936.4, "Plan Rows": 1, "Plan Width": 8, "Actual Rows": 34239, "Actual Loops": 2, "Hash Buckets": 65536, "Original Hash Buckets": 1024, "Hash Batches": 1, "Original Hash Batches": 1, "Peak Memory Usage": 1850, "Workers": [], "Plans": [{"Node Type": "Nested Loop", "Parent Relationship": "Outer", "Parallel Aware": false, "Async Capable": false, "Join Type": "Inner", "Startup Cost": 1.0, "Total Cost": 936.4, "Plan Rows": 1, "Plan Width": 8, "Actual Rows": 34239, "Actual Loops": 2, "Inner Unique": false, "Workers": [], "Plans": [{"Node Type": "Nested Loop", "Parent Relationship": "Outer", "Parallel Aware": false, "Async Capable": false, "Join Type": "Inner", "Startup Cost": 0.72, "Total Cost": 936.09, "Plan Rows": 1, "Plan Width": 4, "Actual Rows": 112946, "Actual Loops": 2, "Inner Unique": false, "Join Filter": "(c.userid = u.id)", "Rows Removed by Join Filter": 0, "Workers": [], "Plans": [{"Node Type": "Nested Loop", "Parent Relationship": "Outer", "Parallel Aware": false, "Async Capable": false, "Join Type": "Inner", "Startup Cost": 0.42, "Total Cost": 927.04, "Plan Rows": 1, "Plan Width": 8, "Actual Rows": 36, "Actual Loops": 2, "Inner Unique": false, "Workers": [], "Plans": [{"Node Type": "Seq Scan", "Parent Relationship": "Outer", "Parallel Aware": false, "Async Capable": false, "Relation Name": "users", "Alias": "u", "Startup Cost": 0.0, "Total Cost": 901.88, "Plan Rows": 1, "Plan Width": 4, "Actual Rows": 7, "Actual Loops": 2, "Filter": "((views >= 2570) AND (creationdate <= '2010-09-09 13:57:26'::timestamp without time zone))", "Rows Removed by Filter": 40318, "Workers": []}, {"Node Type": "Index Scan", "Parent Relationship": "Inner", "Parallel Aware": false, "Async Capable": false, "Scan Direction": "Forward", "Index Name": "idx_votes_userid", "Relation Name": "votes", "Alias": "v", "Startup Cost": 0.42, "Total Cost": 25.16, "Plan Rows": 1, "Plan Width": 4, "Actual Rows": 5, "Actual Loops": 14, "Index Cond": "(userid = u.id)", "Rows Removed by Index Recheck": 0, "Filter": "((bountyamount <= 396) AND (creationdate >= '2013-07-06 14:13:13'::timestamp without time zone) AND (creationdate <= '2014-08-14 17:44:39'::timestamp without time zone))", "Rows Removed by Filter": 175, "Workers": []}]}, {"Node Type": "Index Scan", "Parent Relationship": "Inner", "Parallel Aware": false, "Async Capable": false, "Scan Direction": "Forward", "Index Name": "idx_comments_userid", "Relation Name": "comments", "Alias": "c", "Startup Cost": 0.29, "Total Cost": 9.01, "Plan Rows": 3, "Plan Width": 8, "Actual Rows": 3137, "Actual Loops": 72, "Index Cond": "(userid = v.userid)", "Rows Removed by Index Recheck": 0, "Filter": "((creationdate >= '2013-12-27 17:42:56'::timestamp without time zone) AND (creationdate <= '2014-08-24 21:06:02'::timestamp without time zone))", "Rows Removed by Filter": 4665, "Workers": []}]}, {"Node Type": "Index Only Scan", "Parent Relationship": "Inner", "Parallel Aware": false, "Async Capable": false, "Scan Direction": "Forward", "Index Name": "idx_postlinks_postid", "Relation Name": "postlinks", "Alias": "pl", "Startup Cost": 0.29, "Total Cost": 0.31, "Plan Rows": 1, "Plan Width": 4, "Actual Rows": 0, "Actual Loops": 225892, "Index Cond": "(postid = c.postid)", "Rows Removed by Index Recheck": 0, "Heap Fetches": 0, "Workers": []}]}]}]}]}]}, "Planning Time": 10.37, "Triggers": [], "Execution Time": 263.0}]