[{"Plan": {"Node Type": "Aggregate", "Strategy": "Plain", "Partial Mode": "Simple", "Parallel Aware": false, "Async Capable": false, "Startup Cost": 1086.22, "Total Cost": 1086.23, "Plan Rows": 1, "Plan Width": 8, "Actual Rows": 1, "Actual Loops": 1, "Plans": [{"Node Type": "Nested Loop", "Parent Relationship": "Outer", "Parallel Aware": false, "Async Capable": false, "Join Type": "Inner", "Startup Cost": 1.71, "Total Cost": 1086.21, "Plan Rows": 1, "Plan Width": 0, "Actual Rows": 14336, "Actual Loops": 1, "Inner Unique": false, "Join Filter": "(p.id = v.postid)", "Rows Removed by Join Filter": 0, "Plans": [{"Node Type": "Nested Loop", "Parent Relationship": "Outer", "Parallel Aware": false, "Async Capable": false, "Join Type": "Inner", "Startup Cost": 1.29, "Total Cost": 1085.53, "Plan Rows": 1, "Plan Width": 12, "Actual Rows": 1024, "Actual Loops": 1, "Inner Unique": false, "Join Filter": "(c.postid = p.id)", "Rows Removed by Join Filter": 0, "Plans": [{"Node Type": "Nested Loop", "Parent Relationship": "Outer", "Parallel Aware": false, "Async Capable": false, "Join Type": "Inner", "Startup Cost": 0.87, "Total Cost": 1084.08, "Plan Rows": 1, "Plan Width": 8, "Actual Rows": 1024, "Actual Loops": 1, "Inner Unique": false, "Plans": [{"Node Type": "Nested Loop", "Parent Relationship": "Outer", "Parallel Aware": false, "Async Capable": false, "Join Type": "Inner", "Startup Cost": 0.58, "Total Cost": 1076.64, "Plan Rows": 2, "Plan Width": 4, "Actual Rows": 256, "Actual Loops": 1, "Inner Unique": false, "Join Filter": "(p.owneruserid = u.id)", "Rows Removed by Join Filter": 0, "Plans": [{"Node Type": "Nested Loop", "Parent Relationship": "Outer", "Parallel Aware": false, "Async Capable": false, "Join Type": "Inner", "Startup Cost": 0.29, "Total Cost": 1063.94, "Plan Rows": 28, "Plan Width": 8, "Actual Rows": 566, "Actual Loops": 1, "Inner Unique": false, "Plans": [{"Node Type": "Seq Scan", "Parent Relationship": "Outer", "Parallel Aware": false, "Async Capable": false, "Relation Name": "users", "Alias": "u", "Startup Cost": 0.0, "Total Cost": 1002.69, "Plan Rows": 14, "Plan Width": 4, "Actual Rows": 5, "Actual Loops": 1, "Filter": "((reputation >= 11784) AND (creationdate >= '2011-07-27 07:21:33'::timestamp without time zone) AND (creationdate <= '2014-02-22 01:57:14'::timestamp without time zone))", "Rows Removed by Filter": 40320}, {"Node Type": "Index Only Scan", "Parent Relationship": "Inner", "Parallel Aware": false, "Async Capable": false, "Scan Direction": "Forward", "Index Name": "idx_badges_userid", "Relation Name": "badges", "Alias": "b", "Startup Cost": 0.29, "Total Cost": 4.35, "Plan Rows": 3, "Plan Width": 4, "Actual Rows": 113, "Actual Loops": 5, "Index Cond": "(userid = u.id)", "Rows Removed by Index Recheck": 0, "Heap Fetches": 0}]}, {"Node Type": "Index Scan", "Parent Relationship": "Inner", "Parallel Aware": false, "Async Capable": false, "Scan Direction": "Forward", "Index Name": "idx_posts_owneruserid", "Relation Name": "posts", "Alias": "p", "Startup Cost": 0.29, "Total Cost": 0.44, "Plan Rows": 1, "Plan Width": 8, "Actual Rows": 0, "Actual Loops": 566, "Index Cond": "(owneruserid = b.userid)", "Rows Removed by Index Recheck": 0, "Filter": "((score >= '-4'::integer) AND (score <= 42) AND (favoritecount >= 23))", "Rows Removed by Filter": 663}]}, {"Node Type": "Index Scan", "Parent Relationship": "Inner", "Parallel Aware": false, "Async Capable": false, "Scan Direction": "Forward", "Index Name": "idx_postlinks_relatedpostid", "Relation Name": "postlinks", "Alias": "pl", "Startup Cost": 0.29, "Total Cost": 3.71, "Plan Rows": 1, "Plan Width": 4, "Actual Rows": 4, "Actual Loops": 256, "Index Cond": "(relatedpostid = p.id)", "Rows Removed by Index Recheck": 0, "Filter": "((creationdate >= '2012-12-14 15:27:11'::timestamp without time zone) AND (linktypeid = 1))", "Rows Removed by Filter": 1}]}, {"Node Type": "Index Scan", "Parent Relationship": "Inner", "Parallel Aware": false, "Async Capable": false, "Scan Direction": "Forward", "Index Name": "idx_comments_postid", "Relation Name": "comments", "Alias": "c", "Startup Cost": 0.42, "Total Cost": 1.43, "Plan Rows": 2, "Plan Width": 4, "Actual Rows": 1, "Actual Loops": 1024, "Index Cond": "(postid = pl.relatedpostid)", "Rows Removed by Index Recheck": 0, "Filter": "((creationdate >= '2012-03-27 14:08:25'::timestamp without time zone) AND (creationdate <= '2013-12-19 12:28:18'::timestamp without time zone))", "Rows Removed by Filter": 2}]}, {"Node Type": "Index Scan", "Parent Relationship": "Inner", "Parallel Aware": false, "Async Capable": false, "Scan Direction": "Forward", "Index Name": "idx_votes_postid", "Relation Name": "votes", "Alias": "v", "Startup Cost": 0.42, "Total Cost": 0.66, "Plan Rows": 2, "Plan Width": 4, "Actual Rows": 14, "Actual Loops": 1024, "Index Cond": "(postid = c.postid)", "Rows Removed by Index Recheck": 0, "Filter": "((creationdate <= '2012-11-01 08:02:28'::timestamp without time zone) AND (votetypeid = 2))", "Rows Removed by Filter": 55}]}]}, "Planning Time": 3.553, "Triggers": [], "Execution Time": 84.518}, {"Plan": {"Node Type": "Aggregate", "Strategy": "Plain", "Partial Mode": "Simple", "Parallel Aware": false, "Async Capable": false, "Startup Cost": 11179.48, "Total Cost": 11179.49, "Plan Rows": 1, "Plan Width": 8, "Actual Rows": 1, "Actual Loops": 1, "Plans": [{"Node Type": "Hash Join", "Parent Relationship": "Outer", "Parallel Aware": false, "Async Capable": false, "Join Type": "Inner", "Startup Cost": 1093.34, "Total Cost": 11179.48, "Plan Rows": 1, "Plan Width": 0, "Actual Rows": 14336, "Actual Loops": 1, "Inner Unique": false, "Hash Cond": "(pl.relatedpostid = p.id)", "Plans": [{"Node Type": "Nested Loop", "Parent Relationship": "Outer", "Parallel Aware": false, "Async Capable": false, "Join Type": "Inner", "Startup Cost": 0.43, "Total Cost": 9877.69, "Plan Rows": 55697, "Plan Width": 8, "Actual Rows": 40507, "Actual Loops": 1, "Inner Unique": false, "Plans": [{"Node Type": "Seq Scan", "Parent Relationship": "Outer", "Parallel Aware": false, "Async Capable": false, "Relation Name": "postlinks", "Alias": "pl", "Startup Cost": 0.0, "Total Cost": 248.53, "Plan Rows": 6974, "Plan Width": 4, "Actual Rows": 6685, "Actual Loops": 1, "Filter": "((creationdate >= '2012-12-14 15:27:11'::timestamp without time zone) AND (linktypeid = 1))", "Rows Removed by Filter": 4417}, {"Node Type": "Memoize", "Parent Relationship": "Inner", "Parallel Aware": false, "Async Capable": false, "Startup Cost": 0.43, "Total Cost": 2.07, "Plan Rows": 2, "Plan Width": 4, "Actual Rows": 6, "Actual Loops": 6685, "Cache Key": "pl.relatedpostid", "Cache Mode": "logical", "Cache Hits": 3002, "Cache Misses": 3683, "Cache Evictions": 0, "Cache Overflows": 0, "Peak Memory Usage": 638, "Plans": [{"Node Type": "Index Scan", "Parent Relationship": "Outer", "Parallel Aware": false, "Async Capable": false, "Scan Direction": "Forward", "Index Name": "idx_votes_postid", "Relation Name": "votes", "Alias": "v", "Startup Cost": 0.42, "Total Cost": 2.06, "Plan Rows": 2, "Plan Width": 4, "Actual Rows": 3, "Actual Loops": 3683, "Index Cond": "(postid = pl.relatedpostid)", "Rows Removed by Index Recheck": 0, "Filter": "((creationdate <= '2012-11-01 08:02:28'::timestamp without time zone) AND (votetypeid = 2))", "Rows Removed by Filter": 8}]}]}, {"Node Type": "Hash", "Parent Relationship": "Inner", "Parallel Aware": false, "Async Capable": false, "Startup Cost": 1092.9, "Total Cost": 1092.9, "Plan Rows": 1, "Plan Width": 8, "Actual Rows": 256, "Actual Loops": 1, "Hash Buckets": 1024, "Original Hash Buckets": 1024, "Hash Batches": 1, "Original Hash Batches": 1, "Peak Memory Usage": 18, "Plans": [{"Node Type": "Nested Loop", "Parent Relationship": "Outer", "Parallel Aware": false, "Async Capable": false, "Join Type": "Inner", "Startup Cost": 1.0, "Total Cost": 1092.9, "Plan Rows": 1, "Plan Width": 8, "Actual Rows": 256, "Actual Loops": 1, "Inner Unique": false, "Plans": [{"Node Type": "Nested Loop", "Parent Relationship": "Outer", "Parallel Aware": false, "Async Capable": false, "Join Type": "Inner", "Startup Cost": 0.58, "Total Cost": 1076.64, "Plan Rows": 2, "Plan Width": 4, "Actual Rows": 256, "Actual Loops": 1, "Inner Unique": false, "Join Filter": "(p.owneruserid = u.id)", "Rows Removed by Join Filter": 0, "Plans": [{"Node Type": "Nested Loop", "Parent Relationship": "Outer", "Parallel Aware": false, "Async Capable": false, "Join Type": "Inner", "Startup Cost": 0.29, "Total Cost": 1063.94, "Plan Rows": 28, "Plan Width": 8, "Actual Rows": 566, "Actual Loops": 1, "Inner Unique": false, "Plans": [{"Node Type": "Seq Scan", "Parent Relationship": "Outer", "Parallel Aware": false, "Async Capable": false, "Relation Name": "users", "Alias": "u", "Startup Cost": 0.0, "Total Cost": 1002.69, "Plan Rows": 14, "Plan Width": 4, "Actual Rows": 5, "Actual Loops": 1, "Filter": "((reputation >= 11784) AND (creationdate >= '2011-07-27 07:21:33'::timestamp without time zone) AND (creationdate <= '2014-02-22 01:57:14'::timestamp without time zone))", "Rows Removed by Filter": 40320}, {"Node Type": "Index Only Scan", "Parent Relationship": "Inner", "Parallel Aware": false, "Async Capable": false, "Scan Direction": "Forward", "Index Name": "idx_badges_userid", "Relation Name": "badges", "Alias": "b", "Startup Cost": 0.29, "Total Cost": 4.35, "Plan Rows": 3, "Plan Width": 4, "Actual Rows": 113, "Actual Loops": 5, "Index Cond": "(userid = u.id)", "Rows Removed by Index Recheck": 0, "Heap Fetches": 0}]}, {"Node Type": "Index Scan", "Parent Relationship": "Inner", "Parallel Aware": false, "Async Capable": false, "Scan Direction": "Forward", "Index Name": "idx_posts_owneruserid", "Relation Name": "posts", "Alias": "p", "Startup Cost": 0.29, "Total Cost": 0.44, "Plan Rows": 1, "Plan Width": 8, "Actual Rows": 0, "Actual Loops": 566, "Index Cond": "(owneruserid = b.userid)", "Rows Removed by Index Recheck": 0, "Filter": "((score >= '-4'::integer) AND (score <= 42) AND (favoritecount >= 23))", "Rows Removed by Filter": 663}]}, {"Node Type": "Index Scan", "Parent Relationship": "Inner", "Parallel Aware": false, "Async Capable": false, "Scan Direction": "Forward", "Index Name": "idx_comments_postid", "Relation Name": "comments", "Alias": "c", "Startup Cost": 0.42, "Total Cost": 8.11, "Plan Rows": 2, "Plan Width": 4, "Actual Rows": 1, "Actual Loops": 256, "Index Cond": "(postid = p.id)", "Rows Removed by Index Recheck": 0, "Filter": "((creationdate >= '2012-03-27 14:08:25'::timestamp without time zone) AND (creationdate <= '2013-12-19 12:28:18'::timestamp without time zone))", "Rows Removed by Filter": 2}]}]}]}]}, "Planning Time": 3.763, "Triggers": [], "Execution Time": 152.191}, {"Plan": {"Node Type": "Aggregate", "Strategy": "Plain", "Partial Mode": "Simple", "Parallel Aware": false, "Async Capable": false, "Startup Cost": 3804.73, "Total Cost": 3804.74, "Plan Rows": 1, "Plan Width": 8, "Actual Rows": 1, "Actual Loops": 1, "Plans": [{"Node Type": "Nested Loop", "Parent Relationship": "Outer", "Parallel Aware": false, "Async Capable": false, "Join Type": "Inner", "Startup Cost": 2452.24, "Total Cost": 3804.72, "Plan Rows": 1, "Plan Width": 0, "Actual Rows": 14336, "Actual Loops": 1, "Inner Unique": false, "Join Filter": "(p.owneruserid = u.id)", "Rows Removed by Join Filter": 1741962, "Plans": [{"Node Type": "Nested Loop", "Parent Relationship": "Outer", "Parallel Aware": false, "Async Capable": false, "Join Type": "Inner", "Startup Cost": 2451.95, "Total Cost": 2736.52, "Plan Rows": 10, "Plan Width": 4, "Actual Rows": 3103, "Actual Loops": 1, "Inner Unique": false, "Join Filter": "(p.id = v.postid)", "Rows Removed by Join Filter": 0, "Plans": [{"Node Type": "Nested Loop", "Parent Relationship": "Outer", "Parallel Aware": false, "Async Capable": false, "Join Type": "Inner", "Startup Cost": 2451.53, "Total Cost": 2731.04, "Plan Rows": 8, "Plan Width": 16, "Actual Rows": 334, "Actual Loops": 1, "Inner Unique": false, "Join Filter": "(c.postid = p.id)", "Rows Removed by Join Filter": 0, "Plans": [{"Node Type": "Hash Join", "Parent Relationship": "Outer", "Parallel Aware": false, "Async Capable": false, "Join Type": "Inner", "Startup Cost": 2451.11, "Total Cost": 2717.94, "Plan Rows": 9, "Plan Width": 12, "Actual Rows": 241, "Actual Loops": 1, "Inner Unique": true, "Hash Cond": "(pl.relatedpostid = p.id)", "Plans": [{"Node Type": "Seq Scan", "Parent Relationship": "Outer", "Parallel Aware": false, "Async Capable": false, "Relation Name": "postlinks", "Alias": "pl", "Startup Cost": 0.0, "Total Cost": 248.53, "Plan Rows": 6974, "Plan Width": 4, "Actual Rows": 6685, "Actual Loops": 1, "Filter": "((creationdate >= '2012-12-14 15:27:11'::timestamp without time zone) AND (linktypeid = 1))", "Rows Removed by Filter": 4417}, {"Node Type": "Hash", "Parent Relationship": "Inner", "Parallel Aware": false, "Async Capable": false, "Startup Cost": 2449.58, "Total Cost": 2449.58, "Plan Rows": 122, "Plan Width": 8, "Actual Rows": 50, "Actual Loops": 1, "Hash Buckets": 1024, "Original Hash Buckets": 1024, "Hash Batches": 1, "Original Hash Batches": 1, "Peak Memory Usage": 10, "Plans": [{"Node Type": "Seq Scan", "Parent Relationship": "Outer", "Parallel Aware": false, "Async Capable": false, "Relation Name": "posts", "Alias": "p", "Startup Cost": 0.0, "Total Cost": 2449.58, "Plan Rows": 122, "Plan Width": 8, "Actual Rows": 50, "Actual Loops": 1, "Filter": "((score >= '-4'::integer) AND (score <= 42) AND (favoritecount >= 23))", "Rows Removed by Filter": 91926}]}]}, {"Node Type": "Index Scan", "Parent Relationship": "Inner", "Parallel Aware": false, "Async Capable": false, "Scan Direction": "Forward", "Index Name": "idx_comments_postid", "Relation Name": "comments", "Alias": "c", "Startup Cost": 0.42, "Total Cost": 1.43, "Plan Rows": 2, "Plan Width": 4, "Actual Rows": 1, "Actual Loops": 241, "Index Cond": "(postid = pl.relatedpostid)", "Rows Removed by Index Recheck": 0, "Filter": "((creationdate >= '2012-03-27 14:08:25'::timestamp without time zone) AND (creationdate <= '2013-12-19 12:28:18'::timestamp without time zone))", "Rows Removed by Filter": 2}]}, {"Node Type": "Index Scan", "Parent Relationship": "Inner", "Parallel Aware": false, "Async Capable": false, "Scan Direction": "Forward", "Index Name": "idx_votes_postid", "Relation Name": "votes", "Alias": "v", "Startup Cost": 0.42, "Total Cost": 0.66, "Plan Rows": 2, "Plan Width": 4, "Actual Rows": 9, "Actual Loops": 334, "Index Cond": "(postid = c.postid)", "Rows Removed by Index Recheck": 0, "Filter": "((creationdate <= '2012-11-01 08:02:28'::timestamp without time zone) AND (votetypeid = 2))", "Rows Removed by Filter": 60}]}, {"Node Type": "Materialize", "Parent Relationship": "Inner", "Parallel Aware": false, "Async Capable": false, "Startup Cost": 0.29, "Total Cost": 1064.08, "Plan Rows": 28, "Plan Width": 8, "Actual Rows": 566, "Actual Loops": 3103, "Plans": [{"Node Type": "Nested Loop", "Parent Relationship": "Outer", "Parallel Aware": false, "Async Capable": false, "Join Type": "Inner", "Startup Cost": 0.29, "Total Cost": 1063.94, "Plan Rows": 28, "Plan Width": 8, "Actual Rows": 566, "Actual Loops": 1, "Inner Unique": false, "Plans": [{"Node Type": "Seq Scan", "Parent Relationship": "Outer", "Parallel Aware": false, "Async Capable": false, "Relation Name": "users", "Alias": "u", "Startup Cost": 0.0, "Total Cost": 1002.69, "Plan Rows": 14, "Plan Width": 4, "Actual Rows": 5, "Actual Loops": 1, "Filter": "((reputation >= 11784) AND (creationdate >= '2011-07-27 07:21:33'::timestamp without time zone) AND (creationdate <= '2014-02-22 01:57:14'::timestamp without time zone))", "Rows Removed by Filter": 40320}, {"Node Type": "Index Only Scan", "Parent Relationship": "Inner", "Parallel Aware": false, "Async Capable": false, "Scan Direction": "Forward", "Index Name": "idx_badges_userid", "Relation Name": "badges", "Alias": "b", "Startup Cost": 0.29, "Total Cost": 4.35, "Plan Rows": 3, "Plan Width": 4, "Actual Rows": 113, "Actual Loops": 5, "Index Cond": "(userid = u.id)", "Rows Removed by Index Recheck": 0, "Heap Fetches": 0}]}]}]}]}, "Planning Time": 3.715, "Triggers": [], "Execution Time": 97.015}, {"Plan": {"Node Type": "Aggregate", "Strategy": "Plain", "Partial Mode": "Simple", "Parallel Aware": false, "Async Capable": false, "Startup Cost": 1217.33, "Total Cost": 1217.34, "Plan Rows": 1, "Plan Width": 8, "Actual Rows": 1, "Actual Loops": 1, "Plans": [{"Node Type": "Nested Loop", "Parent Relationship": "Outer", "Parallel Aware": false, "Async Capable": false, "Join Type": "Inner", "Startup Cost": 1.71, "Total Cost": 1217.33, "Plan Rows": 1, "Plan Width": 0, "Actual Rows": 14336, "Actual Loops": 1, "Inner Unique": false, "Join Filter": "(b.userid = u.id)", "Rows Removed by Join Filter": 0, "Plans": [{"Node Type": "Nested Loop", "Parent Relationship": "Outer", "Parallel Aware": false, "Async Capable": false, "Join Type": "Inner", "Startup Cost": 1.42, "Total Cost": 1214.19, "Plan Rows": 1, "Plan Width": 8, "Actual Rows": 56, "Actual Loops": 1, "Inner Unique": false, "Join Filter": "(p.id = v.postid)", "Rows Removed by Join Filter": 0, "Plans": [{"Node Type": "Nested Loop", "Parent Relationship": "Outer", "Parallel Aware": false, "Async Capable": false, "Join Type": "Inner", "Startup Cost": 1.0, "Total Cost": 1213.51, "Plan Rows": 1, "Plan Width": 20, "Actual Rows": 4, "Actual Loops": 1, "Inner Unique": false, "Join Filter": "(c.postid = p.id)", "Rows Removed by Join Filter": 0, "Plans": [{"Node Type": "Nested Loop", "Parent Relationship": "Outer", "Parallel Aware": false, "Async Capable": false, "Join Type": "Inner", "Startup Cost": 0.58, "Total Cost": 1212.05, "Plan Rows": 1, "Plan Width": 16, "Actual Rows": 4, "Actual Loops": 1, "Inner Unique": false, "Plans": [{"Node Type": "Nested Loop", "Parent Relationship": "Outer", "Parallel Aware": false, "Async Capable": false, "Join Type": "Inner", "Startup Cost": 0.29, "Total Cost": 1208.33, "Plan Rows": 1, "Plan Width": 12, "Actual Rows": 1, "Actual Loops": 1, "Inner Unique": false, "Plans": [{"Node Type": "Seq Scan", "Parent Relationship": "Outer", "Parallel Aware": false, "Async Capable": false, "Relation Name": "users", "Alias": "u", "Startup Cost": 0.0, "Total Cost": 1002.69, "Plan Rows": 14, "Plan Width": 4, "Actual Rows": 5, "Actual Loops": 1, "Filter": "((reputation >= 11784) AND (creationdate >= '2011-07-27 07:21:33'::timestamp without time zone) AND (creationdate <= '2014-02-22 01:57:14'::timestamp without time zone))", "Rows Removed by Filter": 40320}, {"Node Type": "Index Scan", "Parent Relationship": "Inner", "Parallel Aware": false, "Async Capable": false, "Scan Direction": "Forward", "Index Name": "idx_posts_owneruserid", "Relation Name": "posts", "Alias": "p", "Startup Cost": 0.29, "Total Cost": 14.68, "Plan Rows": 1, "Plan Width": 8, "Actual Rows": 0, "Actual Loops": 5, "Index Cond": "(owneruserid = u.id)", "Rows Removed by Index Recheck": 0, "Filter": "((score >= '-4'::integer) AND (score <= 42) AND (favoritecount >= 23))", "Rows Removed by Filter": 590}]}, {"Node Type": "Index Scan", "Parent Relationship": "Inner", "Parallel Aware": false, "Async Capable": false, "Scan Direction": "Forward", "Index Name": "idx_postlinks_relatedpostid", "Relation Name": "postlinks", "Alias": "pl", "Startup Cost": 0.29, "Total Cost": 3.71, "Plan Rows": 1, "Plan Width": 4, "Actual Rows": 4, "Actual Loops": 1, "Index Cond": "(relatedpostid = p.id)", "Rows Removed by Index Recheck": 0, "Filter": "((creationdate >= '2012-12-14 15:27:11'::timestamp without time zone) AND (linktypeid = 1))", "Rows Removed by Filter": 1}]}, {"Node Type": "Index Scan", "Parent Relationship": "Inner", "Parallel Aware": false, "Async Capable": false, "Scan Direction": "Forward", "Index Name": "idx_comments_postid", "Relation Name": "comments", "Alias": "c", "Startup Cost": 0.42, "Total Cost": 1.43, "Plan Rows": 2, "Plan Width": 4, "Actual Rows": 1, "Actual Loops": 4, "Index Cond": "(postid = pl.relatedpostid)", "Rows Removed by Index Recheck": 0, "Filter": "((creationdate >= '2012-03-27 14:08:25'::timestamp without time zone) AND (creationdate <= '2013-12-19 12:28:18'::timestamp without time zone))", "Rows Removed by Filter": 2}]}, {"Node Type": "Index Scan", "Parent Relationship": "Inner", "Parallel Aware": false, "Async Capable": false, "Scan Direction": "Forward", "Index Name": "idx_votes_postid", "Relation Name": "votes", "Alias": "v", "Startup Cost": 0.42, "Total Cost": 0.66, "Plan Rows": 2, "Plan Width": 4, "Actual Rows": 14, "Actual Loops": 4, "Index Cond": "(postid = c.postid)", "Rows Removed by Index Recheck": 0, "Filter": "((creationdate <= '2012-11-01 08:02:28'::timestamp without time zone) AND (votetypeid = 2))", "Rows Removed by Filter": 55}]}, {"Node Type": "Index Only Scan", "Parent Relationship": "Inner", "Parallel Aware": false, "Async Capable": false, "Scan Direction": "Forward", "Index Name": "idx_badges_userid", "Relation Name": "badges", "Alias": "b", "Startup Cost": 0.29, "Total Cost": 3.1, "Plan Rows": 3, "Plan Width": 4, "Actual Rows": 256, "Actual Loops": 56, "Index Cond": "(userid = p.owneruserid)", "Rows Removed by Index Recheck": 0, "Heap Fetches": 0}]}]}, "Planning Time": 3.186, "Triggers": [], "Execution Time": 3.921}, {"Plan": {"Node Type": "Aggregate", "Strategy": "Plain", "Partial Mode": "Simple", "Parallel Aware": false, "Async Capable": false, "Startup Cost": 1086.22, "Total Cost": 1086.23, "Plan Rows": 1, "Plan Width": 8, "Actual Rows": 1, "Actual Loops": 1, "Plans": [{"Node Type": "Nested Loop", "Parent Relationship": "Outer", "Parallel Aware": false, "Async Capable": false, "Join Type": "Inner", "Startup Cost": 1.71, "Total Cost": 1086.21, "Plan Rows": 1, "Plan Width": 0, "Actual Rows": 14336, "Actual Loops": 1, "Inner Unique": false, "Join Filter": "(p.id = v.postid)", "Rows Removed by Join Filter": 0, "Plans": [{"Node Type": "Nested Loop", "Parent Relationship": "Outer", "Parallel Aware": false, "Async Capable": false, "Join Type": "Inner", "Startup Cost": 1.29, "Total Cost": 1085.53, "Plan Rows": 1, "Plan Width": 12, "Actual Rows": 1024, "Actual Loops": 1, "Inner Unique": false, "Join Filter": "(c.postid = p.id)", "Rows Removed by Join Filter": 0, "Plans": [{"Node Type": "Nested Loop", "Parent Relationship": "Outer", "Parallel Aware": false, "Async Capable": false, "Join Type": "Inner", "Startup Cost": 0.87, "Total Cost": 1084.08, "Plan Rows": 1, "Plan Width": 8, "Actual Rows": 1024, "Actual Loops": 1, "Inner Unique": false, "Plans": [{"Node Type": "Nested Loop", "Parent Relationship": "Outer", "Parallel Aware": false, "Async Capable": false, "Join Type": "Inner", "Startup Cost": 0.58, "Total Cost": 1076.64, "Plan Rows": 2, "Plan Width": 4, "Actual Rows": 256, "Actual Loops": 1, "Inner Unique": false, "Join Filter": "(p.owneruserid = u.id)", "Rows Removed by Join Filter": 0, "Plans": [{"Node Type": "Nested Loop", "Parent Relationship": "Outer", "Parallel Aware": false, "Async Capable": false, "Join Type": "Inner", "Startup Cost": 0.29, "Total Cost": 1063.94, "Plan Rows": 28, "Plan Width": 8, "Actual Rows": 566, "Actual Loops": 1, "Inner Unique": false, "Plans": [{"Node Type": "Seq Scan", "Parent Relationship": "Outer", "Parallel Aware": false, "Async Capable": false, "Relation Name": "users", "Alias": "u", "Startup Cost": 0.0, "Total Cost": 1002.69, "Plan Rows": 14, "Plan Width": 4, "Actual Rows": 5, "Actual Loops": 1, "Filter": "((reputation >= 11784) AND (creationdate >= '2011-07-27 07:21:33'::timestamp without time zone) AND (creationdate <= '2014-02-22 01:57:14'::timestamp without time zone))", "Rows Removed by Filter": 40320}, {"Node Type": "Index Only Scan", "Parent Relationship": "Inner", "Parallel Aware": false, "Async Capable": false, "Scan Direction": "Forward", "Index Name": "idx_badges_userid", "Relation Name": "badges", "Alias": "b", "Startup Cost": 0.29, "Total Cost": 4.35, "Plan Rows": 3, "Plan Width": 4, "Actual Rows": 113, "Actual Loops": 5, "Index Cond": "(userid = u.id)", "Rows Removed by Index Recheck": 0, "Heap Fetches": 0}]}, {"Node Type": "Index Scan", "Parent Relationship": "Inner", "Parallel Aware": false, "Async Capable": false, "Scan Direction": "Forward", "Index Name": "idx_posts_owneruserid", "Relation Name": "posts", "Alias": "p", "Startup Cost": 0.29, "Total Cost": 0.44, "Plan Rows": 1, "Plan Width": 8, "Actual Rows": 0, "Actual Loops": 566, "Index Cond": "(owneruserid = b.userid)", "Rows Removed by Index Recheck": 0, "Filter": "((score >= '-4'::integer) AND (score <= 42) AND (favoritecount >= 23))", "Rows Removed by Filter": 663}]}, {"Node Type": "Index Scan", "Parent Relationship": "Inner", "Parallel Aware": false, "Async Capable": false, "Scan Direction": "Forward", "Index Name": "idx_postlinks_relatedpostid", "Relation Name": "postlinks", "Alias": "pl", "Startup Cost": 0.29, "Total Cost": 3.71, "Plan Rows": 1, "Plan Width": 4, "Actual Rows": 4, "Actual Loops": 256, "Index Cond": "(relatedpostid = p.id)", "Rows Removed by Index Recheck": 0, "Filter": "((creationdate >= '2012-12-14 15:27:11'::timestamp without time zone) AND (linktypeid = 1))", "Rows Removed by Filter": 1}]}, {"Node Type": "Index Scan", "Parent Relationship": "Inner", "Parallel Aware": false, "Async Capable": false, "Scan Direction": "Forward", "Index Name": "idx_comments_postid", "Relation Name": "comments", "Alias": "c", "Startup Cost": 0.42, "Total Cost": 1.43, "Plan Rows": 2, "Plan Width": 4, "Actual Rows": 1, "Actual Loops": 1024, "Index Cond": "(postid = pl.relatedpostid)", "Rows Removed by Index Recheck": 0, "Filter": "((creationdate >= '2012-03-27 14:08:25'::timestamp without time zone) AND (creationdate <= '2013-12-19 12:28:18'::timestamp without time zone))", "Rows Removed by Filter": 2}]}, {"Node Type": "Index Scan", "Parent Relationship": "Inner", "Parallel Aware": false, "Async Capable": false, "Scan Direction": "Forward", "Index Name": "idx_votes_postid", "Relation Name": "votes", "Alias": "v", "Startup Cost": 0.42, "Total Cost": 0.66, "Plan Rows": 2, "Plan Width": 4, "Actual Rows": 14, "Actual Loops": 1024, "Index Cond": "(postid = c.postid)", "Rows Removed by Index Recheck": 0, "Filter": "((creationdate <= '2012-11-01 08:02:28'::timestamp without time zone) AND (votetypeid = 2))", "Rows Removed by Filter": 55}]}]}, "Planning Time": 2.9, "Triggers": [], "Execution Time": 83.193}, {"Plan": {"Node Type": "Aggregate", "Strategy": "Plain", "Partial Mode": "Simple", "Parallel Aware": false, "Async Capable": false, "Startup Cost": 14908.19, "Total Cost": 14908.2, "Plan Rows": 1, "Plan Width": 8, "Actual Rows": 1, "Actual Loops": 1, "Plans": [{"Node Type": "Hash Join", "Parent Relationship": "Outer", "Parallel Aware": false, "Async Capable": false, "Join Type": "Inner", "Startup Cost": 13832.09, "Total Cost": 14908.19, "Plan Rows": 1, "Plan Width": 0, "Actual Rows": 14336, "Actual Loops": 1, "Inner Unique": false, "Hash Cond": "(p.id = c.postid)", "Plans": [{"Node Type": "Nested Loop", "Parent Relationship": "Outer", "Parallel Aware": false, "Async Capable": false, "Join Type": "Inner", "Startup Cost": 0.58, "Total Cost": 1076.64, "Plan Rows": 2, "Plan Width": 4, "Actual Rows": 256, "Actual Loops": 1, "Inner Unique": false, "Join Filter": "(p.owneruserid = u.id)", "Rows Removed by Join Filter": 0, "Plans": [{"Node Type": "Nested Loop", "Parent Relationship": "Outer", "Parallel Aware": false, "Async Capable": false, "Join Type": "Inner", "Startup Cost": 0.29, "Total Cost": 1063.94, "Plan Rows": 28, "Plan Width": 8, "Actual Rows": 566, "Actual Loops": 1, "Inner Unique": false, "Plans": [{"Node Type": "Seq Scan", "Parent Relationship": "Outer", "Parallel Aware": false, "Async Capable": false, "Relation Name": "users", "Alias": "u", "Startup Cost": 0.0, "Total Cost": 1002.69, "Plan Rows": 14, "Plan Width": 4, "Actual Rows": 5, "Actual Loops": 1, "Filter": "((reputation >= 11784) AND (creationdate >= '2011-07-27 07:21:33'::timestamp without time zone) AND (creationdate <= '2014-02-22 01:57:14'::timestamp without time zone))", "Rows Removed by Filter": 40320}, {"Node Type": "Index Only Scan", "Parent Relationship": "Inner", "Parallel Aware": false, "Async Capable": false, "Scan Direction": "Forward", "Index Name": "idx_badges_userid", "Relation Name": "badges", "Alias": "b", "Startup Cost": 0.29, "Total Cost": 4.35, "Plan Rows": 3, "Plan Width": 4, "Actual Rows": 113, "Actual Loops": 5, "Index Cond": "(userid = u.id)", "Rows Removed by Index Recheck": 0, "Heap Fetches": 0}]}, {"Node Type": "Index Scan", "Parent Relationship": "Inner", "Parallel Aware": false, "Async Capable": false, "Scan Direction": "Forward", "Index Name": "idx_posts_owneruserid", "Relation Name": "posts", "Alias": "p", "Startup Cost": 0.29, "Total Cost": 0.44, "Plan Rows": 1, "Plan Width": 8, "Actual Rows": 0, "Actual Loops": 566, "Index Cond": "(owneruserid = b.userid)", "Rows Removed by Index Recheck": 0, "Filter": "((score >= '-4'::integer) AND (score <= 42) AND (favoritecount >= 23))", "Rows Removed by Filter": 663}]}, {"Node Type": "Hash", "Parent Relationship": "Inner", "Parallel Aware": false, "Async Capable": false, "Startup Cost": 13570.79, "Total Cost": 13570.79, "Plan Rows": 20857, "Plan Width": 12, "Actual Rows": 62426, "Actual Loops": 1, "Hash Buckets": 65536, "Original Hash Buckets": 32768, "Hash Batches": 1, "Original Hash Batches": 1, "Peak Memory Usage": 3195, "Plans": [{"Node Type": "Nested Loop", "Parent Relationship": "Outer", "Parallel Aware": false, "Async Capable": false, "Join Type": "Inner", "Startup Cost": 5018.77, "Total Cost": 13570.79, "Plan Rows": 20857, "Plan Width": 12, "Actual Rows": 62426, "Actual Loops": 1, "Inner Unique": false, "Plans": [{"Node Type": "Hash Join", "Parent Relationship": "Outer", "Parallel Aware": false, "Async Capable": false, "Join Type": "Inner", "Startup Cost": 5018.35, "Total Cost": 5799.59, "Plan Rows": 11427, "Plan Width": 8, "Actual Rows": 10922, "Actual Loops": 1, "Inner Unique": false, "Hash Cond": "(pl.relatedpostid = c.postid)", "Plans": [{"Node Type": "Seq Scan", "Parent Relationship": "Outer", "Parallel Aware": false, "Async Capable": false, "Relation Name": "postlinks", "Alias": "pl", "Startup Cost": 0.0, "Total Cost": 248.53, "Plan Rows": 6974, "Plan Width": 4, "Actual Rows": 6685, "Actual Loops": 1, "Filter": "((creationdate >= '2012-12-14 15:27:11'::timestamp without time zone) AND (linktypeid = 1))", "Rows Removed by Filter": 4417}, {"Node Type": "Hash", "Parent Relationship": "Inner", "Parallel Aware": false, "Async Capable": false, "Startup Cost": 3958.57, "Total Cost": 3958.57, "Plan Rows": 84782, "Plan Width": 4, "Actual Rows": 84738, "Actual Loops": 1, "Hash Buckets": 131072, "Original Hash Buckets": 131072, "Hash Batches": 1, "Original Hash Batches": 1, "Peak Memory Usage": 4004, "Plans": [{"Node Type": "Seq Scan", "Parent Relationship": "Outer", "Parallel Aware": false, "Async Capable": false, "Relation Name": "comments", "Alias": "c", "Startup Cost": 0.0, "Total Cost": 3958.57, "Plan Rows": 84782, "Plan Width": 4, "Actual Rows": 84738, "Actual Loops": 1, "Filter": "((creationdate >= '2012-03-27 14:08:25'::timestamp without time zone) AND (creationdate <= '2013-12-19 12:28:18'::timestamp without time zone))", "Rows Removed by Filter": 89567}]}]}, {"Node Type": "Index Scan", "Parent Relationship": "Inner", "Parallel Aware": false, "Async Capable": false, "Scan Direction": "Forward", "Index Name": "idx_votes_postid", "Relation Name": "votes", "Alias": "v", "Startup Cost": 0.42, "Total Cost": 0.66, "Plan Rows": 2, "Plan Width": 4, "Actual Rows": 6, "Actual Loops": 10922, "Index Cond": "(postid = c.postid)", "Rows Removed by Index Recheck": 0, "Filter": "((creationdate <= '2012-11-01 08:02:28'::timestamp without time zone) AND (votetypeid = 2))", "Rows Removed by Filter": 21}]}]}]}]}, "Planning Time": 4.718, "Triggers": [], "Execution Time": 262.906}, {"Plan": {"Node Type": "Aggregate", "Strategy": "Plain", "Partial Mode": "Simple", "Parallel Aware": false, "Async Capable": false, "Startup Cost": 1086.73, "Total Cost": 1086.74, "Plan Rows": 1, "Plan Width": 8, "Actual Rows": 1, "Actual Loops": 1, "Plans": [{"Node Type": "Nested Loop", "Parent Relationship": "Outer", "Parallel Aware": false, "Async Capable": false, "Join Type": "Inner", "Startup Cost": 1.71, "Total Cost": 1086.73, "Plan Rows": 1, "Plan Width": 0, "Actual Rows": 14336, "Actual Loops": 1, "Inner Unique": false, "Join Filter": "(c.postid = p.id)", "Rows Removed by Join Filter": 0, "Plans": [{"Node Type": "Nested Loop", "Parent Relationship": "Outer", "Parallel Aware": false, "Async Capable": false, "Join Type": "Inner", "Startup Cost": 1.29, "Total Cost": 1086.16, "Plan Rows": 1, "Plan Width": 12, "Actual Rows": 14336, "Actual Loops": 1, "Inner Unique": false, "Join Filter": "(p.id = v.postid)", "Rows Removed by Join Filter": 0, "Plans": [{"Node Type": "Nested Loop", "Parent Relationship": "Outer", "Parallel Aware": false, "Async Capable": false, "Join Type": "Inner", "Startup Cost": 0.87, "Total Cost": 1084.08, "Plan Rows": 1, "Plan Width": 8, "Actual Rows": 1024, "Actual Loops": 1, "Inner Unique": false, "Plans": [{"Node Type": "Nested Loop", "Parent Relationship": "Outer", "Parallel Aware": false, "Async Capable": false, "Join Type": "Inner", "Startup Cost": 0.58, "Total Cost": 1076.64, "Plan Rows": 2, "Plan Width": 4, "Actual Rows": 256, "Actual Loops": 1, "Inner Unique": false, "Join Filter": "(p.owneruserid = u.id)", "Rows Removed by Join Filter": 0, "Plans": [{"Node Type": "Nested Loop", "Parent Relationship": "Outer", "Parallel Aware": false, "Async Capable": false, "Join Type": "Inner", "Startup Cost": 0.29, "Total Cost": 1063.94, "Plan Rows": 28, "Plan Width": 8, "Actual Rows": 566, "Actual Loops": 1, "Inner Unique": false, "Plans": [{"Node Type": "Seq Scan", "Parent Relationship": "Outer", "Parallel Aware": false, "Async Capable": false, "Relation Name": "users", "Alias": "u", "Startup Cost": 0.0, "Total Cost": 1002.69, "Plan Rows": 14, "Plan Width": 4, "Actual Rows": 5, "Actual Loops": 1, "Filter": "((reputation >= 11784) AND (creationdate >= '2011-07-27 07:21:33'::timestamp without time zone) AND (creationdate <= '2014-02-22 01:57:14'::timestamp without time zone))", "Rows Removed by Filter": 40320}, {"Node Type": "Index Only Scan", "Parent Relationship": "Inner", "Parallel Aware": false, "Async Capable": false, "Scan Direction": "Forward", "Index Name": "idx_badges_userid", "Relation Name": "badges", "Alias": "b", "Startup Cost": 0.29, "Total Cost": 4.35, "Plan Rows": 3, "Plan Width": 4, "Actual Rows": 113, "Actual Loops": 5, "Index Cond": "(userid = u.id)", "Rows Removed by Index Recheck": 0, "Heap Fetches": 0}]}, {"Node Type": "Index Scan", "Parent Relationship": "Inner", "Parallel Aware": false, "Async Capable": false, "Scan Direction": "Forward", "Index Name": "idx_posts_owneruserid", "Relation Name": "posts", "Alias": "p", "Startup Cost": 0.29, "Total Cost": 0.44, "Plan Rows": 1, "Plan Width": 8, "Actual Rows": 0, "Actual Loops": 566, "Index Cond": "(owneruserid = b.userid)", "Rows Removed by Index Recheck": 0, "Filter": "((score >= '-4'::integer) AND (score <= 42) AND (favoritecount >= 23))", "Rows Removed by Filter": 663}]}, {"Node Type": "Index Scan", "Parent Relationship": "Inner", "Parallel Aware": false, "Async Capable": false, "Scan Direction": "Forward", "Index Name": "idx_postlinks_relatedpostid", "Relation Name": "postlinks", "Alias": "pl", "Startup Cost": 0.29, "Total Cost": 3.71, "Plan Rows": 1, "Plan Width": 4, "Actual Rows": 4, "Actual Loops": 256, "Index Cond": "(relatedpostid = p.id)", "Rows Removed by Index Recheck": 0, "Filter": "((creationdate >= '2012-12-14 15:27:11'::timestamp without time zone) AND (linktypeid = 1))", "Rows Removed by Filter": 1}]}, {"Node Type": "Index Scan", "Parent Relationship": "Inner", "Parallel Aware": false, "Async Capable": false, "Scan Direction": "Forward", "Index Name": "idx_votes_postid", "Relation Name": "votes", "Alias": "v", "Startup Cost": 0.42, "Total Cost": 2.06, "Plan Rows": 2, "Plan Width": 4, "Actual Rows": 14, "Actual Loops": 1024, "Index Cond": "(postid = pl.relatedpostid)", "Rows Removed by Index Recheck": 0, "Filter": "((creationdate <= '2012-11-01 08:02:28'::timestamp without time zone) AND (votetypeid = 2))", "Rows Removed by Filter": 55}]}, {"Node Type": "Index Scan", "Parent Relationship": "Inner", "Parallel Aware": false, "Async Capable": false, "Scan Direction": "Forward", "Index Name": "idx_comments_postid", "Relation Name": "comments", "Alias": "c", "Startup Cost": 0.42, "Total Cost": 0.55, "Plan Rows": 2, "Plan Width": 4, "Actual Rows": 1, "Actual Loops": 14336, "Index Cond": "(postid = v.postid)", "Rows Removed by Index Recheck": 0, "Filter": "((creationdate >= '2012-03-27 14:08:25'::timestamp without time zone) AND (creationdate <= '2013-12-19 12:28:18'::timestamp without time zone))", "Rows Removed by Filter": 2}]}]}, "Planning Time": 3.909, "Triggers": [], "Execution Time": 104.072}, {"Plan": {"Node Type": "Aggregate", "Strategy": "Plain", "Partial Mode": "Simple", "Parallel Aware": false, "Async Capable": false, "Startup Cost": 5155.29, "Total Cost": 5155.3, "Plan Rows": 1, "Plan Width": 8, "Actual Rows": 1, "Actual Loops": 1, "Plans": [{"Node Type": "Gather", "Parent Relationship": "Outer", "Parallel Aware": false, "Async Capable": false, "Startup Cost": 2086.17, "Total Cost": 5155.28, "Plan Rows": 1, "Plan Width": 0, "Actual Rows": 14336, "Actual Loops": 1, "Workers Planned": 1, "Workers Launched": 1, "Single Copy": false, "Plans": [{"Node Type": "Hash Join", "Parent Relationship": "Outer", "Parallel Aware": false, "Async Capable": false, "Join Type": "Inner", "Startup Cost": 1086.17, "Total Cost": 4155.18, "Plan Rows": 1, "Plan Width": 0, "Actual Rows": 7168, "Actual Loops": 2, "Inner Unique": false, "Hash Cond": "(c.postid = p.id)", "Workers": [], "Plans": [{"Node Type": "Seq Scan", "Parent Relationship": "Outer", "Parallel Aware": true, "Async Capable": false, "Relation Name": "comments", "Alias": "c", "Startup Cost": 0.0, "Total Cost": 2881.99, "Plan Rows": 49872, "Plan Width": 4, "Actual Rows": 42369, "Actual Loops": 2, "Filter": "((creationdate >= '2012-03-27 14:08:25'::timestamp without time zone) AND (creationdate <= '2013-12-19 12:28:18'::timestamp without time zone))", "Rows Removed by Filter": 44784, "Workers": []}, {"Node Type": "Hash", "Parent Relationship": "Inner", "Parallel Aware": false, "Async Capable": false, "Startup Cost": 1086.16, "Total Cost": 1086.16, "Plan Rows": 1, "Plan Width": 12, "Actual Rows": 14336, "Actual Loops": 2, "Hash Buckets": 16384, "Original Hash Buckets": 1024, "Hash Batches": 1, "Original Hash Batches": 1, "Peak Memory Usage": 744, "Workers": [], "Plans": [{"Node Type": "Nested Loop", "Parent Relationship": "Outer", "Parallel Aware": false, "Async Capable": false, "Join Type": "Inner", "Startup Cost": 1.29, "Total Cost": 1086.16, "Plan Rows": 1, "Plan Width": 12, "Actual Rows": 14336, "Actual Loops": 2, "Inner Unique": false, "Join Filter": "(p.id = v.postid)", "Rows Removed by Join Filter": 0, "Workers": [], "Plans": [{"Node Type": "Nested Loop", "Parent Relationship": "Outer", "Parallel Aware": false, "Async Capable": false, "Join Type": "Inner", "Startup Cost": 0.87, "Total Cost": 1084.08, "Plan Rows": 1, "Plan Width": 8, "Actual Rows": 1024, "Actual Loops": 2, "Inner Unique": false, "Workers": [], "Plans": [{"Node Type": "Nested Loop", "Parent Relationship": "Outer", "Parallel Aware": false, "Async Capable": false, "Join Type": "Inner", "Startup Cost": 0.58, "Total Cost": 1076.64, "Plan Rows": 2, "Plan Width": 4, "Actual Rows": 256, "Actual Loops": 2, "Inner Unique": false, "Join Filter": "(p.owneruserid = u.id)", "Rows Removed by Join Filter": 0, "Workers": [], "Plans": [{"Node Type": "Nested Loop", "Parent Relationship": "Outer", "Parallel Aware": false, "Async Capable": false, "Join Type": "Inner", "Startup Cost": 0.29, "Total Cost": 1063.94, "Plan Rows": 28, "Plan Width": 8, "Actual Rows": 566, "Actual Loops": 2, "Inner Unique": false, "Workers": [], "Plans": [{"Node Type": "Seq Scan", "Parent Relationship": "Outer", "Parallel Aware": false, "Async Capable": false, "Relation Name": "users", "Alias": "u", "Startup Cost": 0.0, "Total Cost": 1002.69, "Plan Rows": 14, "Plan Width": 4, "Actual Rows": 5, "Actual Loops": 2, "Filter": "((reputation >= 11784) AND (creationdate >= '2011-07-27 07:21:33'::timestamp without time zone) AND (creationdate <= '2014-02-22 01:57:14'::timestamp without time zone))", "Rows Removed by Filter": 40320, "Workers": []}, {"Node Type": "Index Only Scan", "Parent Relationship": "Inner", "Parallel Aware": false, "Async Capable": false, "Scan Direction": "Forward", "Index Name": "idx_badges_userid", "Relation Name": "badges", "Alias": "b", "Startup Cost": 0.29, "Total Cost": 4.35, "Plan Rows": 3, "Plan Width": 4, "Actual Rows": 113, "Actual Loops": 10, "Index Cond": "(userid = u.id)", "Rows Removed by Index Recheck": 0, "Heap Fetches": 0, "Workers": []}]}, {"Node Type": "Index Scan", "Parent Relationship": "Inner", "Parallel Aware": false, "Async Capable": false, "Scan Direction": "Forward", "Index Name": "idx_posts_owneruserid", "Relation Name": "posts", "Alias": "p", "Startup Cost": 0.29, "Total Cost": 0.44, "Plan Rows": 1, "Plan Width": 8, "Actual Rows": 0, "Actual Loops": 1132, "Index Cond": "(owneruserid = b.userid)", "Rows Removed by Index Recheck": 0, "Filter": "((score >= '-4'::integer) AND (score <= 42) AND (favoritecount >= 23))", "Rows Removed by Filter": 663, "Workers": []}]}, {"Node Type": "Index Scan", "Parent Relationship": "Inner", "Parallel Aware": false, "Async Capable": false, "Scan Direction": "Forward", "Index Name": "idx_postlinks_relatedpostid", "Relation Name": "postlinks", "Alias": "pl", "Startup Cost": 0.29, "Total Cost": 3.71, "Plan Rows": 1, "Plan Width": 4, "Actual Rows": 4, "Actual Loops": 512, "Index Cond": "(relatedpostid = p.id)", "Rows Removed by Index Recheck": 0, "Filter": "((creationdate >= '2012-12-14 15:27:11'::timestamp without time zone) AND (linktypeid = 1))", "Rows Removed by Filter": 1, "Workers": []}]}, {"Node Type": "Index Scan", "Parent Relationship": "Inner", "Parallel Aware": false, "Async Capable": false, "Scan Direction": "Forward", "Index Name": "idx_votes_postid", "Relation Name": "votes", "Alias": "v", "Startup Cost": 0.42, "Total Cost": 2.06, "Plan Rows": 2, "Plan Width": 4, "Actual Rows": 14, "Actual Loops": 2048, "Index Cond": "(postid = pl.relatedpostid)", "Rows Removed by Index Recheck": 0, "Filter": "((creationdate <= '2012-11-01 08:02:28'::timestamp without time zone) AND (votetypeid = 2))", "Rows Removed by Filter": 55, "Workers": []}]}]}]}]}]}, "Planning Time": 8.282, "Triggers": [], "Execution Time": 140.699}, {"Plan": {"Node Type": "Aggregate", "Strategy": "Plain", "Partial Mode": "Simple", "Parallel Aware": false, "Async Capable": false, "Startup Cost": 2744.18, "Total Cost": 2744.19, "Plan Rows": 1, "Plan Width": 8, "Actual Rows": 1, "Actual Loops": 1, "Plans": [{"Node Type": "Hash Join", "Parent Relationship": "Outer", "Parallel Aware": false, "Async Capable": false, "Join Type": "Inner", "Startup Cost": 1214.2, "Total Cost": 2744.17, "Plan Rows": 1, "Plan Width": 0, "Actual Rows": 14336, "Actual Loops": 1, "Inner Unique": false, "Hash Cond": "(b.userid = u.id)", "Plans": [{"Node Type": "Seq Scan", "Parent Relationship": "Outer", "Parallel Aware": false, "Async Capable": false, "Relation Name": "badges", "Alias": "b", "Startup Cost": 0.0, "Total Cost": 1230.51, "Plan Rows": 79851, "Plan Width": 4, "Actual Rows": 79851, "Actual Loops": 1}, {"Node Type": "Hash", "Parent Relationship": "Inner", "Parallel Aware": false, "Async Capable": false, "Startup Cost": 1214.19, "Total Cost": 1214.19, "Plan Rows": 1, "Plan Width": 8, "Actual Rows": 56, "Actual Loops": 1, "Hash Buckets": 1024, "Original Hash Buckets": 1024, "Hash Batches": 1, "Original Hash Batches": 1, "Peak Memory Usage": 11, "Plans": [{"Node Type": "Nested Loop", "Parent Relationship": "Outer", "Parallel Aware": false, "Async Capable": false, "Join Type": "Inner", "Startup Cost": 1.42, "Total Cost": 1214.19, "Plan Rows": 1, "Plan Width": 8, "Actual Rows": 56, "Actual Loops": 1, "Inner Unique": false, "Join Filter": "(p.id = v.postid)", "Rows Removed by Join Filter": 0, "Plans": [{"Node Type": "Nested Loop", "Parent Relationship": "Outer", "Parallel Aware": false, "Async Capable": false, "Join Type": "Inner", "Startup Cost": 1.0, "Total Cost": 1213.51, "Plan Rows": 1, "Plan Width": 20, "Actual Rows": 4, "Actual Loops": 1, "Inner Unique": false, "Join Filter": "(c.postid = p.id)", "Rows Removed by Join Filter": 0, "Plans": [{"Node Type": "Nested Loop", "Parent Relationship": "Outer", "Parallel Aware": false, "Async Capable": false, "Join Type": "Inner", "Startup Cost": 0.58, "Total Cost": 1212.05, "Plan Rows": 1, "Plan Width": 16, "Actual Rows": 4, "Actual Loops": 1, "Inner Unique": false, "Plans": [{"Node Type": "Nested Loop", "Parent Relationship": "Outer", "Parallel Aware": false, "Async Capable": false, "Join Type": "Inner", "Startup Cost": 0.29, "Total Cost": 1208.33, "Plan Rows": 1, "Plan Width": 12, "Actual Rows": 1, "Actual Loops": 1, "Inner Unique": false, "Plans": [{"Node Type": "Seq Scan", "Parent Relationship": "Outer", "Parallel Aware": false, "Async Capable": false, "Relation Name": "users", "Alias": "u", "Startup Cost": 0.0, "Total Cost": 1002.69, "Plan Rows": 14, "Plan Width": 4, "Actual Rows": 5, "Actual Loops": 1, "Filter": "((reputation >= 11784) AND (creationdate >= '2011-07-27 07:21:33'::timestamp without time zone) AND (creationdate <= '2014-02-22 01:57:14'::timestamp without time zone))", "Rows Removed by Filter": 40320}, {"Node Type": "Index Scan", "Parent Relationship": "Inner", "Parallel Aware": false, "Async Capable": false, "Scan Direction": "Forward", "Index Name": "idx_posts_owneruserid", "Relation Name": "posts", "Alias": "p", "Startup Cost": 0.29, "Total Cost": 14.68, "Plan Rows": 1, "Plan Width": 8, "Actual Rows": 0, "Actual Loops": 5, "Index Cond": "(owneruserid = u.id)", "Rows Removed by Index Recheck": 0, "Filter": "((score >= '-4'::integer) AND (score <= 42) AND (favoritecount >= 23))", "Rows Removed by Filter": 590}]}, {"Node Type": "Index Scan", "Parent Relationship": "Inner", "Parallel Aware": false, "Async Capable": false, "Scan Direction": "Forward", "Index Name": "idx_postlinks_relatedpostid", "Relation Name": "postlinks", "Alias": "pl", "Startup Cost": 0.29, "Total Cost": 3.71, "Plan Rows": 1, "Plan Width": 4, "Actual Rows": 4, "Actual Loops": 1, "Index Cond": "(relatedpostid = p.id)", "Rows Removed by Index Recheck": 0, "Filter": "((creationdate >= '2012-12-14 15:27:11'::timestamp without time zone) AND (linktypeid = 1))", "Rows Removed by Filter": 1}]}, {"Node Type": "Index Scan", "Parent Relationship": "Inner", "Parallel Aware": false, "Async Capable": false, "Scan Direction": "Forward", "Index Name": "idx_comments_postid", "Relation Name": "comments", "Alias": "c", "Startup Cost": 0.42, "Total Cost": 1.43, "Plan Rows": 2, "Plan Width": 4, "Actual Rows": 1, "Actual Loops": 4, "Index Cond": "(postid = pl.relatedpostid)", "Rows Removed by Index Recheck": 0, "Filter": "((creationdate >= '2012-03-27 14:08:25'::timestamp without time zone) AND (creationdate <= '2013-12-19 12:28:18'::timestamp without time zone))", "Rows Removed by Filter": 2}]}, {"Node Type": "Index Scan", "Parent Relationship": "Inner", "Parallel Aware": false, "Async Capable": false, "Scan Direction": "Forward", "Index Name": "idx_votes_postid", "Relation Name": "votes", "Alias": "v", "Startup Cost": 0.42, "Total Cost": 0.66, "Plan Rows": 2, "Plan Width": 4, "Actual Rows": 14, "Actual Loops": 4, "Index Cond": "(postid = c.postid)", "Rows Removed by Index Recheck": 0, "Filter": "((creationdate <= '2012-11-01 08:02:28'::timestamp without time zone) AND (votetypeid = 2))", "Rows Removed by Filter": 55}]}]}]}]}, "Planning Time": 3.292, "Triggers": [], "Execution Time": 12.368}, {"Plan": {"Node Type": "Aggregate", "Strategy": "Plain", "Partial Mode": "Simple", "Parallel Aware": false, "Async Capable": false, "Startup Cost": 3804.68, "Total Cost": 3804.69, "Plan Rows": 1, "Plan Width": 8, "Actual Rows": 1, "Actual Loops": 1, "Plans": [{"Node Type": "Nested Loop", "Parent Relationship": "Outer", "Parallel Aware": false, "Async Capable": false, "Join Type": "Inner", "Startup Cost": 2452.24, "Total Cost": 3804.68, "Plan Rows": 1, "Plan Width": 0, "Actual Rows": 14336, "Actual Loops": 1, "Inner Unique": false, "Join Filter": "(p.owneruserid = u.id)", "Rows Removed by Join Filter": 1741962, "Plans": [{"Node Type": "Nested Loop", "Parent Relationship": "Outer", "Parallel Aware": false, "Async Capable": false, "Join Type": "Inner", "Startup Cost": 0.29, "Total Cost": 1063.94, "Plan Rows": 28, "Plan Width": 8, "Actual Rows": 566, "Actual Loops": 1, "Inner Unique": false, "Plans": [{"Node Type": "Seq Scan", "Parent Relationship": "Outer", "Parallel Aware": false, "Async Capable": false, "Relation Name": "users", "Alias": "u", "Startup Cost": 0.0, "Total Cost": 1002.69, "Plan Rows": 14, "Plan Width": 4, "Actual Rows": 5, "Actual Loops": 1, "Filter": "((reputation >= 11784) AND (creationdate >= '2011-07-27 07:21:33'::timestamp without time zone) AND (creationdate <= '2014-02-22 01:57:14'::timestamp without time zone))", "Rows Removed by Filter": 40320}, {"Node Type": "Index Only Scan", "Parent Relationship": "Inner", "Parallel Aware": false, "Async Capable": false, "Scan Direction": "Forward", "Index Name": "idx_badges_userid", "Relation Name": "badges", "Alias": "b", "Startup Cost": 0.29, "Total Cost": 4.35, "Plan Rows": 3, "Plan Width": 4, "Actual Rows": 113, "Actual Loops": 5, "Index Cond": "(userid = u.id)", "Rows Removed by Index Recheck": 0, "Heap Fetches": 0}]}, {"Node Type": "Materialize", "Parent Relationship": "Inner", "Parallel Aware": false, "Async Capable": false, "Startup Cost": 2451.95, "Total Cost": 2736.57, "Plan Rows": 10, "Plan Width": 4, "Actual Rows": 3103, "Actual Loops": 566, "Plans": [{"Node Type": "Nested Loop", "Parent Relationship": "Outer", "Parallel Aware": false, "Async Capable": false, "Join Type": "Inner", "Startup Cost": 2451.95, "Total Cost": 2736.52, "Plan Rows": 10, "Plan Width": 4, "Actual Rows": 3103, "Actual Loops": 1, "Inner Unique": false, "Join Filter": "(p.id = v.postid)", "Rows Removed by Join Filter": 0, "Plans": [{"Node Type": "Nested Loop", "Parent Relationship": "Outer", "Parallel Aware": false, "Async Capable": false, "Join Type": "Inner", "Startup Cost": 2451.53, "Total Cost": 2731.04, "Plan Rows": 8, "Plan Width": 16, "Actual Rows": 334, "Actual Loops": 1, "Inner Unique": false, "Join Filter": "(c.postid = p.id)", "Rows Removed by Join Filter": 0, "Plans": [{"Node Type": "Hash Join", "Parent Relationship": "Outer", "Parallel Aware": false, "Async Capable": false, "Join Type": "Inner", "Startup Cost": 2451.11, "Total Cost": 2717.94, "Plan Rows": 9, "Plan Width": 12, "Actual Rows": 241, "Actual Loops": 1, "Inner Unique": true, "Hash Cond": "(pl.relatedpostid = p.id)", "Plans": [{"Node Type": "Seq Scan", "Parent Relationship": "Outer", "Parallel Aware": false, "Async Capable": false, "Relation Name": "postlinks", "Alias": "pl", "Startup Cost": 0.0, "Total Cost": 248.53, "Plan Rows": 6974, "Plan Width": 4, "Actual Rows": 6685, "Actual Loops": 1, "Filter": "((creationdate >= '2012-12-14 15:27:11'::timestamp without time zone) AND (linktypeid = 1))", "Rows Removed by Filter": 4417}, {"Node Type": "Hash", "Parent Relationship": "Inner", "Parallel Aware": false, "Async Capable": false, "Startup Cost": 2449.58, "Total Cost": 2449.58, "Plan Rows": 122, "Plan Width": 8, "Actual Rows": 50, "Actual Loops": 1, "Hash Buckets": 1024, "Original Hash Buckets": 1024, "Hash Batches": 1, "Original Hash Batches": 1, "Peak Memory Usage": 10, "Plans": [{"Node Type": "Seq Scan", "Parent Relationship": "Outer", "Parallel Aware": false, "Async Capable": false, "Relation Name": "posts", "Alias": "p", "Startup Cost": 0.0, "Total Cost": 2449.58, "Plan Rows": 122, "Plan Width": 8, "Actual Rows": 50, "Actual Loops": 1, "Filter": "((score >= '-4'::integer) AND (score <= 42) AND (favoritecount >= 23))", "Rows Removed by Filter": 91926}]}]}, {"Node Type": "Index Scan", "Parent Relationship": "Inner", "Parallel Aware": false, "Async Capable": false, "Scan Direction": "Forward", "Index Name": "idx_comments_postid", "Relation Name": "comments", "Alias": "c", "Startup Cost": 0.42, "Total Cost": 1.43, "Plan Rows": 2, "Plan Width": 4, "Actual Rows": 1, "Actual Loops": 241, "Index Cond": "(postid = pl.relatedpostid)", "Rows Removed by Index Recheck": 0, "Filter": "((creationdate >= '2012-03-27 14:08:25'::timestamp without time zone) AND (creationdate <= '2013-12-19 12:28:18'::timestamp without time zone))", "Rows Removed by Filter": 2}]}, {"Node Type": "Index Scan", "Parent Relationship": "Inner", "Parallel Aware": false, "Async Capable": false, "Scan Direction": "Forward", "Index Name": "idx_votes_postid", "Relation Name": "votes", "Alias": "v", "Startup Cost": 0.42, "Total Cost": 0.66, "Plan Rows": 2, "Plan Width": 4, "Actual Rows": 9, "Actual Loops": 334, "Index Cond": "(postid = c.postid)", "Rows Removed by Index Recheck": 0, "Filter": "((creationdate <= '2012-11-01 08:02:28'::timestamp without time zone) AND (votetypeid = 2))", "Rows Removed by Filter": 60}]}]}]}]}, "Planning Time": 3.331, "Triggers": [], "Execution Time": 95.233}, {"Plan": {"Node Type": "Aggregate", "Strategy": "Plain", "Partial Mode": "Simple", "Parallel Aware": false, "Async Capable": false, "Startup Cost": 7047.49, "Total Cost": 7047.5, "Plan Rows": 1, "Plan Width": 8, "Actual Rows": 1, "Actual Loops": 1, "Plans": [{"Node Type": "Hash Join", "Parent Relationship": "Outer", "Parallel Aware": false, "Async Capable": false, "Join Type": "Inner", "Startup Cost": 5943.43, "Total Cost": 7047.49, "Plan Rows": 1, "Plan Width": 0, "Actual Rows": 14336, "Actual Loops": 1, "Inner Unique": false, "Hash Cond": "(p.id = c.postid)", "Plans": [{"Node Type": "Nested Loop", "Parent Relationship": "Outer", "Parallel Aware": false, "Async Capable": false, "Join Type": "Inner", "Startup Cost": 1.01, "Total Cost": 1105.02, "Plan Rows": 2, "Plan Width": 8, "Actual Rows": 3584, "Actual Loops": 1, "Inner Unique": false, "Plans": [{"Node Type": "Nested Loop", "Parent Relationship": "Outer", "Parallel Aware": false, "Async Capable": false, "Join Type": "Inner", "Startup Cost": 0.58, "Total Cost": 1076.64, "Plan Rows": 2, "Plan Width": 4, "Actual Rows": 256, "Actual Loops": 1, "Inner Unique": false, "Join Filter": "(p.owneruserid = u.id)", "Rows Removed by Join Filter": 0, "Plans": [{"Node Type": "Nested Loop", "Parent Relationship": "Outer", "Parallel Aware": false, "Async Capable": false, "Join Type": "Inner", "Startup Cost": 0.29, "Total Cost": 1063.94, "Plan Rows": 28, "Plan Width": 8, "Actual Rows": 566, "Actual Loops": 1, "Inner Unique": false, "Plans": [{"Node Type": "Seq Scan", "Parent Relationship": "Outer", "Parallel Aware": false, "Async Capable": false, "Relation Name": "users", "Alias": "u", "Startup Cost": 0.0, "Total Cost": 1002.69, "Plan Rows": 14, "Plan Width": 4, "Actual Rows": 5, "Actual Loops": 1, "Filter": "((reputation >= 11784) AND (creationdate >= '2011-07-27 07:21:33'::timestamp without time zone) AND (creationdate <= '2014-02-22 01:57:14'::timestamp without time zone))", "Rows Removed by Filter": 40320}, {"Node Type": "Index Only Scan", "Parent Relationship": "Inner", "Parallel Aware": false, "Async Capable": false, "Scan Direction": "Forward", "Index Name": "idx_badges_userid", "Relation Name": "badges", "Alias": "b", "Startup Cost": 0.29, "Total Cost": 4.35, "Plan Rows": 3, "Plan Width": 4, "Actual Rows": 113, "Actual Loops": 5, "Index Cond": "(userid = u.id)", "Rows Removed by Index Recheck": 0, "Heap Fetches": 0}]}, {"Node Type": "Index Scan", "Parent Relationship": "Inner", "Parallel Aware": false, "Async Capable": false, "Scan Direction": "Forward", "Index Name": "idx_posts_owneruserid", "Relation Name": "posts", "Alias": "p", "Startup Cost": 0.29, "Total Cost": 0.44, "Plan Rows": 1, "Plan Width": 8, "Actual Rows": 0, "Actual Loops": 566, "Index Cond": "(owneruserid = b.userid)", "Rows Removed by Index Recheck": 0, "Filter": "((score >= '-4'::integer) AND (score <= 42) AND (favoritecount >= 23))", "Rows Removed by Filter": 663}]}, {"Node Type": "Index Scan", "Parent Relationship": "Inner", "Parallel Aware": false, "Async Capable": false, "Scan Direction": "Forward", "Index Name": "idx_votes_postid", "Relation Name": "votes", "Alias": "v", "Startup Cost": 0.42, "Total Cost": 14.17, "Plan Rows": 2, "Plan Width": 4, "Actual Rows": 14, "Actual Loops": 256, "Index Cond": "(postid = p.id)", "Rows Removed by Index Recheck": 0, "Filter": "((creationdate <= '2012-11-01 08:02:28'::timestamp without time zone) AND (votetypeid = 2))", "Rows Removed by Filter": 55}]}, {"Node Type": "Hash", "Parent Relationship": "Inner", "Parallel Aware": false, "Async Capable": false, "Startup Cost": 5799.59, "Total Cost": 5799.59, "Plan Rows": 11427, "Plan Width": 8, "Actual Rows": 10922, "Actual Loops": 1, "Hash Buckets": 16384, "Original Hash Buckets": 16384, "Hash Batches": 1, "Original Hash Batches": 1, "Peak Memory Usage": 555, "Plans": [{"Node Type": "Hash Join", "Parent Relationship": "Outer", "Parallel Aware": false, "Async Capable": false, "Join Type": "Inner", "Startup Cost": 5018.35, "Total Cost": 5799.59, "Plan Rows": 11427, "Plan Width": 8, "Actual Rows": 10922, "Actual Loops": 1, "Inner Unique": false, "Hash Cond": "(pl.relatedpostid = c.postid)", "Plans": [{"Node Type": "Seq Scan", "Parent Relationship": "Outer", "Parallel Aware": false, "Async Capable": false, "Relation Name": "postlinks", "Alias": "pl", "Startup Cost": 0.0, "Total Cost": 248.53, "Plan Rows": 6974, "Plan Width": 4, "Actual Rows": 6685, "Actual Loops": 1, "Filter": "((creationdate >= '2012-12-14 15:27:11'::timestamp without time zone) AND (linktypeid = 1))", "Rows Removed by Filter": 4417}, {"Node Type": "Hash", "Parent Relationship": "Inner", "Parallel Aware": false, "Async Capable": false, "Startup Cost": 3958.57, "Total Cost": 3958.57, "Plan Rows": 84782, "Plan Width": 4, "Actual Rows": 84738, "Actual Loops": 1, "Hash Buckets": 131072, "Original Hash Buckets": 131072, "Hash Batches": 1, "Original Hash Batches": 1, "Peak Memory Usage": 4004, "Plans": [{"Node Type": "Seq Scan", "Parent Relationship": "Outer", "Parallel Aware": false, "Async Capable": false, "Relation Name": "comments", "Alias": "c", "Startup Cost": 0.0, "Total Cost": 3958.57, "Plan Rows": 84782, "Plan Width": 4, "Actual Rows": 84738, "Actual Loops": 1, "Filter": "((creationdate >= '2012-03-27 14:08:25'::timestamp without time zone) AND (creationdate <= '2013-12-19 12:28:18'::timestamp without time zone))", "Rows Removed by Filter": 89567}]}]}]}]}]}, "Planning Time": 3.766, "Triggers": [], "Execution Time": 133.186}, {"Plan": {"Node Type": "Aggregate", "Strategy": "Plain", "Partial Mode": "Simple", "Parallel Aware": false, "Async Capable": false, "Startup Cost": 23492.92, "Total Cost": 23492.93, "Plan Rows": 1, "Plan Width": 8, "Plans": [{"Node Type": "Nested Loop", "Parent Relationship": "Outer", "Parallel Aware": false, "Async Capable": false, "Join Type": "Inner", "Startup Cost": 5019.22, "Total Cost": 23492.92, "Plan Rows": 1, "Plan Width": 0, "Inner Unique": false, "Join Filter": "(c.postid = p.id)", "Plans": [{"Node Type": "Nested Loop", "Parent Relationship": "Outer", "Parallel Aware": false, "Async Capable": false, "Join Type": "Inner", "Startup Cost": 0.87, "Total Cost": 1084.08, "Plan Rows": 1, "Plan Width": 8, "Inner Unique": false, "Plans": [{"Node Type": "Nested Loop", "Parent Relationship": "Outer", "Parallel Aware": false, "Async Capable": false, "Join Type": "Inner", "Startup Cost": 0.58, "Total Cost": 1076.64, "Plan Rows": 2, "Plan Width": 4, "Inner Unique": false, "Join Filter": "(p.owneruserid = u.id)", "Plans": [{"Node Type": "Nested Loop", "Parent Relationship": "Outer", "Parallel Aware": false, "Async Capable": false, "Join Type": "Inner", "Startup Cost": 0.29, "Total Cost": 1063.94, "Plan Rows": 28, "Plan Width": 8, "Inner Unique": false, "Plans": [{"Node Type": "Seq Scan", "Parent Relationship": "Outer", "Parallel Aware": false, "Async Capable": false, "Relation Name": "users", "Alias": "u", "Startup Cost": 0.0, "Total Cost": 1002.69, "Plan Rows": 14, "Plan Width": 4, "Filter": "((reputation >= 11784) AND (creationdate >= '2011-07-27 07:21:33'::timestamp without time zone) AND (creationdate <= '2014-02-22 01:57:14'::timestamp without time zone))"}, {"Node Type": "Index Only Scan", "Parent Relationship": "Inner", "Parallel Aware": false, "Async Capable": false, "Scan Direction": "Forward", "Index Name": "idx_badges_userid", "Relation Name": "badges", "Alias": "b", "Startup Cost": 0.29, "Total Cost": 4.35, "Plan Rows": 3, "Plan Width": 4, "Index Cond": "(userid = u.id)"}]}, {"Node Type": "Index Scan", "Parent Relationship": "Inner", "Parallel Aware": false, "Async Capable": false, "Scan Direction": "Forward", "Index Name": "idx_posts_owneruserid", "Relation Name": "posts", "Alias": "p", "Startup Cost": 0.29, "Total Cost": 0.44, "Plan Rows": 1, "Plan Width": 8, "Index Cond": "(owneruserid = b.userid)", "Filter": "((score >= '-4'::integer) AND (score <= 42) AND (favoritecount >= 23))"}]}, {"Node Type": "Index Scan", "Parent Relationship": "Inner", "Parallel Aware": false, "Async Capable": false, "Scan Direction": "Forward", "Index Name": "idx_postlinks_relatedpostid", "Relation Name": "postlinks", "Alias": "pl", "Startup Cost": 0.29, "Total Cost": 3.71, "Plan Rows": 1, "Plan Width": 4, "Index Cond": "(relatedpostid = p.id)", "Filter": "((creationdate >= '2012-12-14 15:27:11'::timestamp without time zone) AND (linktypeid = 1))"}]}, {"Node Type": "Hash Join", "Parent Relationship": "Inner", "Parallel Aware": false, "Async Capable": false, "Join Type": "Inner", "Startup Cost": 5018.35, "Total Cost": 20474.49, "Plan Rows": 154748, "Plan Width": 8, "Inner Unique": false, "Hash Cond": "(v.postid = c.postid)", "Plans": [{"Node Type": "Seq Scan", "Parent Relationship": "Outer", "Parallel Aware": false, "Async Capable": false, "Relation Name": "votes", "Alias": "v", "Startup Cost": 0.0, "Total Cost": 7080.96, "Plan Rows": 113795, "Plan Width": 4, "Filter": "((creationdate <= '2012-11-01 08:02:28'::timestamp without time zone) AND (votetypeid = 2))"}, {"Node Type": "Hash", "Parent Relationship": "Inner", "Parallel Aware": false, "Async Capable": false, "Startup Cost": 3958.57, "Total Cost": 3958.57, "Plan Rows": 84782, "Plan Width": 4, "Plans": [{"Node Type": "Seq Scan", "Parent Relationship": "Outer", "Parallel Aware": false, "Async Capable": false, "Relation Name": "comments", "Alias": "c", "Startup Cost": 0.0, "Total Cost": 3958.57, "Plan Rows": 84782, "Plan Width": 4, "Filter": "((creationdate >= '2012-03-27 14:08:25'::timestamp without time zone) AND (creationdate <= '2013-12-19 12:28:18'::timestamp without time zone))"}]}]}]}]}}, {"Plan": {"Node Type": "Aggregate", "Strategy": "Plain", "Partial Mode": "Simple", "Parallel Aware": false, "Async Capable": false, "Startup Cost": 1094.28, "Total Cost": 1094.29, "Plan Rows": 1, "Plan Width": 8, "Actual Rows": 1, "Actual Loops": 1, "Plans": [{"Node Type": "Nested Loop", "Parent Relationship": "Outer", "Parallel Aware": false, "Async Capable": false, "Join Type": "Inner", "Startup Cost": 1.71, "Total Cost": 1094.27, "Plan Rows": 1, "Plan Width": 0, "Actual Rows": 14336, "Actual Loops": 1, "Inner Unique": false, "Join Filter": "(p.id = pl.relatedpostid)", "Rows Removed by Join Filter": 0, "Plans": [{"Node Type": "Nested Loop", "Parent Relationship": "Outer", "Parallel Aware": false, "Async Capable": false, "Join Type": "Inner", "Startup Cost": 1.43, "Total Cost": 1093.58, "Plan Rows": 2, "Plan Width": 12, "Actual Rows": 3584, "Actual Loops": 1, "Inner Unique": false, "Join Filter": "(p.id = v.postid)", "Rows Removed by Join Filter": 0, "Plans": [{"Node Type": "Nested Loop", "Parent Relationship": "Outer", "Parallel Aware": false, "Async Capable": false, "Join Type": "Inner", "Startup Cost": 1.0, "Total Cost": 1092.9, "Plan Rows": 1, "Plan Width": 8, "Actual Rows": 256, "Actual Loops": 1, "Inner Unique": false, "Plans": [{"Node Type": "Nested Loop", "Parent Relationship": "Outer", "Parallel Aware": false, "Async Capable": false, "Join Type": "Inner", "Startup Cost": 0.58, "Total Cost": 1076.64, "Plan Rows": 2, "Plan Width": 4, "Actual Rows": 256, "Actual Loops": 1, "Inner Unique": false, "Join Filter": "(p.owneruserid = u.id)", "Rows Removed by Join Filter": 0, "Plans": [{"Node Type": "Nested Loop", "Parent Relationship": "Outer", "Parallel Aware": false, "Async Capable": false, "Join Type": "Inner", "Startup Cost": 0.29, "Total Cost": 1063.94, "Plan Rows": 28, "Plan Width": 8, "Actual Rows": 566, "Actual Loops": 1, "Inner Unique": false, "Plans": [{"Node Type": "Seq Scan", "Parent Relationship": "Outer", "Parallel Aware": false, "Async Capable": false, "Relation Name": "users", "Alias": "u", "Startup Cost": 0.0, "Total Cost": 1002.69, "Plan Rows": 14, "Plan Width": 4, "Actual Rows": 5, "Actual Loops": 1, "Filter": "((reputation >= 11784) AND (creationdate >= '2011-07-27 07:21:33'::timestamp without time zone) AND (creationdate <= '2014-02-22 01:57:14'::timestamp without time zone))", "Rows Removed by Filter": 40320}, {"Node Type": "Index Only Scan", "Parent Relationship": "Inner", "Parallel Aware": false, "Async Capable": false, "Scan Direction": "Forward", "Index Name": "idx_badges_userid", "Relation Name": "badges", "Alias": "b", "Startup Cost": 0.29, "Total Cost": 4.35, "Plan Rows": 3, "Plan Width": 4, "Actual Rows": 113, "Actual Loops": 5, "Index Cond": "(userid = u.id)", "Rows Removed by Index Recheck": 0, "Heap Fetches": 0}]}, {"Node Type": "Index Scan", "Parent Relationship": "Inner", "Parallel Aware": false, "Async Capable": false, "Scan Direction": "Forward", "Index Name": "idx_posts_owneruserid", "Relation Name": "posts", "Alias": "p", "Startup Cost": 0.29, "Total Cost": 0.44, "Plan Rows": 1, "Plan Width": 8, "Actual Rows": 0, "Actual Loops": 566, "Index Cond": "(owneruserid = b.userid)", "Rows Removed by Index Recheck": 0, "Filter": "((score >= '-4'::integer) AND (score <= 42) AND (favoritecount >= 23))", "Rows Removed by Filter": 663}]}, {"Node Type": "Index Scan", "Parent Relationship": "Inner", "Parallel Aware": false, "Async Capable": false, "Scan Direction": "Forward", "Index Name": "idx_comments_postid", "Relation Name": "comments", "Alias": "c", "Startup Cost": 0.42, "Total Cost": 8.11, "Plan Rows": 2, "Plan Width": 4, "Actual Rows": 1, "Actual Loops": 256, "Index Cond": "(postid = p.id)", "Rows Removed by Index Recheck": 0, "Filter": "((creationdate >= '2012-03-27 14:08:25'::timestamp without time zone) AND (creationdate <= '2013-12-19 12:28:18'::timestamp without time zone))", "Rows Removed by Filter": 2}]}, {"Node Type": "Index Scan", "Parent Relationship": "Inner", "Parallel Aware": false, "Async Capable": false, "Scan Direction": "Forward", "Index Name": "idx_votes_postid", "Relation Name": "votes", "Alias": "v", "Startup Cost": 0.42, "Total Cost": 0.66, "Plan Rows": 2, "Plan Width": 4, "Actual Rows": 14, "Actual Loops": 256, "Index Cond": "(postid = c.postid)", "Rows Removed by Index Recheck": 0, "Filter": "((creationdate <= '2012-11-01 08:02:28'::timestamp without time zone) AND (votetypeid = 2))", "Rows Removed by Filter": 55}]}, {"Node Type": "Index Scan", "Parent Relationship": "Inner", "Parallel Aware": false, "Async Capable": false, "Scan Direction": "Forward", "Index Name": "idx_postlinks_relatedpostid", "Relation Name": "postlinks", "Alias": "pl", "Startup Cost": 0.29, "Total Cost": 0.33, "Plan Rows": 1, "Plan Width": 4, "Actual Rows": 4, "Actual Loops": 3584, "Index Cond": "(relatedpostid = v.postid)", "Rows Removed by Index Recheck": 0, "Filter": "((creationdate >= '2012-12-14 15:27:11'::timestamp without time zone) AND (linktypeid = 1))", "Rows Removed by Filter": 1}]}]}, "Planning Time": 3.421, "Triggers": [], "Execution Time": 80.935}, {"Plan": {"Node Type": "Aggregate", "Strategy": "Plain", "Partial Mode": "Simple", "Parallel Aware": false, "Async Capable": false, "Startup Cost": 14725.68, "Total Cost": 14725.69, "Plan Rows": 1, "Plan Width": 8, "Actual Rows": 1, "Actual Loops": 1, "Plans": [{"Node Type": "Hash Join", "Parent Relationship": "Outer", "Parallel Aware": false, "Async Capable": false, "Join Type": "Inner", "Startup Cost": 6095.44, "Total Cost": 14725.68, "Plan Rows": 1, "Plan Width": 0, "Actual Rows": 14336, "Actual Loops": 1, "Inner Unique": false, "Hash Cond": "(c.postid = p.id)", "Plans": [{"Node Type": "Nested Loop", "Parent Relationship": "Outer", "Parallel Aware": false, "Async Capable": false, "Join Type": "Inner", "Startup Cost": 5018.77, "Total Cost": 13570.79, "Plan Rows": 20857, "Plan Width": 12, "Actual Rows": 62426, "Actual Loops": 1, "Inner Unique": false, "Plans": [{"Node Type": "Hash Join", "Parent Relationship": "Outer", "Parallel Aware": false, "Async Capable": false, "Join Type": "Inner", "Startup Cost": 5018.35, "Total Cost": 5799.59, "Plan Rows": 11427, "Plan Width": 8, "Actual Rows": 10922, "Actual Loops": 1, "Inner Unique": false, "Hash Cond": "(pl.relatedpostid = c.postid)", "Plans": [{"Node Type": "Seq Scan", "Parent Relationship": "Outer", "Parallel Aware": false, "Async Capable": false, "Relation Name": "postlinks", "Alias": "pl", "Startup Cost": 0.0, "Total Cost": 248.53, "Plan Rows": 6974, "Plan Width": 4, "Actual Rows": 6685, "Actual Loops": 1, "Filter": "((creationdate >= '2012-12-14 15:27:11'::timestamp without time zone) AND (linktypeid = 1))", "Rows Removed by Filter": 4417}, {"Node Type": "Hash", "Parent Relationship": "Inner", "Parallel Aware": false, "Async Capable": false, "Startup Cost": 3958.57, "Total Cost": 3958.57, "Plan Rows": 84782, "Plan Width": 4, "Actual Rows": 84738, "Actual Loops": 1, "Hash Buckets": 131072, "Original Hash Buckets": 131072, "Hash Batches": 1, "Original Hash Batches": 1, "Peak Memory Usage": 4004, "Plans": [{"Node Type": "Seq Scan", "Parent Relationship": "Outer", "Parallel Aware": false, "Async Capable": false, "Relation Name": "comments", "Alias": "c", "Startup Cost": 0.0, "Total Cost": 3958.57, "Plan Rows": 84782, "Plan Width": 4, "Actual Rows": 84738, "Actual Loops": 1, "Filter": "((creationdate >= '2012-03-27 14:08:25'::timestamp without time zone) AND (creationdate <= '2013-12-19 12:28:18'::timestamp without time zone))", "Rows Removed by Filter": 89567}]}]}, {"Node Type": "Index Scan", "Parent Relationship": "Inner", "Parallel Aware": false, "Async Capable": false, "Scan Direction": "Forward", "Index Name": "idx_votes_postid", "Relation Name": "votes", "Alias": "v", "Startup Cost": 0.42, "Total Cost": 0.66, "Plan Rows": 2, "Plan Width": 4, "Actual Rows": 6, "Actual Loops": 10922, "Index Cond": "(postid = c.postid)", "Rows Removed by Index Recheck": 0, "Filter": "((creationdate <= '2012-11-01 08:02:28'::timestamp without time zone) AND (votetypeid = 2))", "Rows Removed by Filter": 21}]}, {"Node Type": "Hash", "Parent Relationship": "Inner", "Parallel Aware": false, "Async Capable": false, "Startup Cost": 1076.64, "Total Cost": 1076.64, "Plan Rows": 2, "Plan Width": 4, "Actual Rows": 256, "Actual Loops": 1, "Hash Buckets": 1024, "Original Hash Buckets": 1024, "Hash Batches": 1, "Original Hash Batches": 1, "Peak Memory Usage": 17, "Plans": [{"Node Type": "Nested Loop", "Parent Relationship": "Outer", "Parallel Aware": false, "Async Capable": false, "Join Type": "Inner", "Startup Cost": 0.58, "Total Cost": 1076.64, "Plan Rows": 2, "Plan Width": 4, "Actual Rows": 256, "Actual Loops": 1, "Inner Unique": false, "Join Filter": "(p.owneruserid = u.id)", "Rows Removed by Join Filter": 0, "Plans": [{"Node Type": "Nested Loop", "Parent Relationship": "Outer", "Parallel Aware": false, "Async Capable": false, "Join Type": "Inner", "Startup Cost": 0.29, "Total Cost": 1063.94, "Plan Rows": 28, "Plan Width": 8, "Actual Rows": 566, "Actual Loops": 1, "Inner Unique": false, "Plans": [{"Node Type": "Seq Scan", "Parent Relationship": "Outer", "Parallel Aware": false, "Async Capable": false, "Relation Name": "users", "Alias": "u", "Startup Cost": 0.0, "Total Cost": 1002.69, "Plan Rows": 14, "Plan Width": 4, "Actual Rows": 5, "Actual Loops": 1, "Filter": "((reputation >= 11784) AND (creationdate >= '2011-07-27 07:21:33'::timestamp without time zone) AND (creationdate <= '2014-02-22 01:57:14'::timestamp without time zone))", "Rows Removed by Filter": 40320}, {"Node Type": "Index Only Scan", "Parent Relationship": "Inner", "Parallel Aware": false, "Async Capable": false, "Scan Direction": "Forward", "Index Name": "idx_badges_userid", "Relation Name": "badges", "Alias": "b", "Startup Cost": 0.29, "Total Cost": 4.35, "Plan Rows": 3, "Plan Width": 4, "Actual Rows": 113, "Actual Loops": 5, "Index Cond": "(userid = u.id)", "Rows Removed by Index Recheck": 0, "Heap Fetches": 0}]}, {"Node Type": "Index Scan", "Parent Relationship": "Inner", "Parallel Aware": false, "Async Capable": false, "Scan Direction": "Forward", "Index Name": "idx_posts_owneruserid", "Relation Name": "posts", "Alias": "p", "Startup Cost": 0.29, "Total Cost": 0.44, "Plan Rows": 1, "Plan Width": 8, "Actual Rows": 0, "Actual Loops": 566, "Index Cond": "(owneruserid = b.userid)", "Rows Removed by Index Recheck": 0, "Filter": "((score >= '-4'::integer) AND (score <= 42) AND (favoritecount >= 23))", "Rows Removed by Filter": 663}]}]}]}]}, "Planning Time": 4.501, "Triggers": [], "Execution Time": 233.36}, {"Plan": {"Node Type": "Aggregate", "Strategy": "Plain", "Partial Mode": "Simple", "Parallel Aware": false, "Async Capable": false, "Startup Cost": 7391.35, "Total Cost": 7391.36, "Plan Rows": 1, "Plan Width": 8, "Actual Rows": 1, "Actual Loops": 1, "Plans": [{"Node Type": "Gather", "Parent Relationship": "Outer", "Parallel Aware": false, "Async Capable": false, "Startup Cost": 2085.54, "Total Cost": 7391.35, "Plan Rows": 1, "Plan Width": 0, "Actual Rows": 14336, "Actual Loops": 1, "Workers Planned": 1, "Workers Launched": 1, "Single Copy": false, "Plans": [{"Node Type": "Hash Join", "Parent Relationship": "Outer", "Parallel Aware": false, "Async Capable": false, "Join Type": "Inner", "Startup Cost": 1085.54, "Total Cost": 6391.25, "Plan Rows": 1, "Plan Width": 0, "Actual Rows": 7168, "Actual Loops": 2, "Inner Unique": false, "Hash Cond": "(v.postid = p.id)", "Workers": [], "Plans": [{"Node Type": "Seq Scan", "Parent Relationship": "Outer", "Parallel Aware": true, "Async Capable": false, "Relation Name": "votes", "Alias": "v", "Startup Cost": 0.0, "Total Cost": 5054.68, "Plan Rows": 66938, "Plan Width": 4, "Actual Rows": 59010, "Actual Loops": 2, "Filter": "((creationdate <= '2012-11-01 08:02:28'::timestamp without time zone) AND (votetypeid = 2))", "Rows Removed by Filter": 105022, "Workers": []}, {"Node Type": "Hash", "Parent Relationship": "Inner", "Parallel Aware": false, "Async Capable": false, "Startup Cost": 1085.53, "Total Cost": 1085.53, "Plan Rows": 1, "Plan Width": 12, "Actual Rows": 1024, "Actual Loops": 2, "Hash Buckets": 1024, "Original Hash Buckets": 1024, "Hash Batches": 1, "Original Hash Batches": 1, "Peak Memory Usage": 52, "Workers": [], "Plans": [{"Node Type": "Nested Loop", "Parent Relationship": "Outer", "Parallel Aware": false, "Async Capable": false, "Join Type": "Inner", "Startup Cost": 1.29, "Total Cost": 1085.53, "Plan Rows": 1, "Plan Width": 12, "Actual Rows": 1024, "Actual Loops": 2, "Inner Unique": false, "Join Filter": "(c.postid = p.id)", "Rows Removed by Join Filter": 0, "Workers": [], "Plans": [{"Node Type": "Nested Loop", "Parent Relationship": "Outer", "Parallel Aware": false, "Async Capable": false, "Join Type": "Inner", "Startup Cost": 0.87, "Total Cost": 1084.08, "Plan Rows": 1, "Plan Width": 8, "Actual Rows": 1024, "Actual Loops": 2, "Inner Unique": false, "Workers": [], "Plans": [{"Node Type": "Nested Loop", "Parent Relationship": "Outer", "Parallel Aware": false, "Async Capable": false, "Join Type": "Inner", "Startup Cost": 0.58, "Total Cost": 1076.64, "Plan Rows": 2, "Plan Width": 4, "Actual Rows": 256, "Actual Loops": 2, "Inner Unique": false, "Join Filter": "(p.owneruserid = u.id)", "Rows Removed by Join Filter": 0, "Workers": [], "Plans": [{"Node Type": "Nested Loop", "Parent Relationship": "Outer", "Parallel Aware": false, "Async Capable": false, "Join Type": "Inner", "Startup Cost": 0.29, "Total Cost": 1063.94, "Plan Rows": 28, "Plan Width": 8, "Actual Rows": 566, "Actual Loops": 2, "Inner Unique": false, "Workers": [], "Plans": [{"Node Type": "Seq Scan", "Parent Relationship": "Outer", "Parallel Aware": false, "Async Capable": false, "Relation Name": "users", "Alias": "u", "Startup Cost": 0.0, "Total Cost": 1002.69, "Plan Rows": 14, "Plan Width": 4, "Actual Rows": 5, "Actual Loops": 2, "Filter": "((reputation >= 11784) AND (creationdate >= '2011-07-27 07:21:33'::timestamp without time zone) AND (creationdate <= '2014-02-22 01:57:14'::timestamp without time zone))", "Rows Removed by Filter": 40320, "Workers": []}, {"Node Type": "Index Only Scan", "Parent Relationship": "Inner", "Parallel Aware": false, "Async Capable": false, "Scan Direction": "Forward", "Index Name": "idx_badges_userid", "Relation Name": "badges", "Alias": "b", "Startup Cost": 0.29, "Total Cost": 4.35, "Plan Rows": 3, "Plan Width": 4, "Actual Rows": 113, "Actual Loops": 10, "Index Cond": "(userid = u.id)", "Rows Removed by Index Recheck": 0, "Heap Fetches": 0, "Workers": []}]}, {"Node Type": "Index Scan", "Parent Relationship": "Inner", "Parallel Aware": false, "Async Capable": false, "Scan Direction": "Forward", "Index Name": "idx_posts_owneruserid", "Relation Name": "posts", "Alias": "p", "Startup Cost": 0.29, "Total Cost": 0.44, "Plan Rows": 1, "Plan Width": 8, "Actual Rows": 0, "Actual Loops": 1132, "Index Cond": "(owneruserid = b.userid)", "Rows Removed by Index Recheck": 0, "Filter": "((score >= '-4'::integer) AND (score <= 42) AND (favoritecount >= 23))", "Rows Removed by Filter": 663, "Workers": []}]}, {"Node Type": "Index Scan", "Parent Relationship": "Inner", "Parallel Aware": false, "Async Capable": false, "Scan Direction": "Forward", "Index Name": "idx_postlinks_relatedpostid", "Relation Name": "postlinks", "Alias": "pl", "Startup Cost": 0.29, "Total Cost": 3.71, "Plan Rows": 1, "Plan Width": 4, "Actual Rows": 4, "Actual Loops": 512, "Index Cond": "(relatedpostid = p.id)", "Rows Removed by Index Recheck": 0, "Filter": "((creationdate >= '2012-12-14 15:27:11'::timestamp without time zone) AND (linktypeid = 1))", "Rows Removed by Filter": 1, "Workers": []}]}, {"Node Type": "Index Scan", "Parent Relationship": "Inner", "Parallel Aware": false, "Async Capable": false, "Scan Direction": "Forward", "Index Name": "idx_comments_postid", "Relation Name": "comments", "Alias": "c", "Startup Cost": 0.42, "Total Cost": 1.43, "Plan Rows": 2, "Plan Width": 4, "Actual Rows": 1, "Actual Loops": 2048, "Index Cond": "(postid = pl.relatedpostid)", "Rows Removed by Index Recheck": 0, "Filter": "((creationdate >= '2012-03-27 14:08:25'::timestamp without time zone) AND (creationdate <= '2013-12-19 12:28:18'::timestamp without time zone))", "Rows Removed by Filter": 2, "Workers": []}]}]}]}]}]}, "Planning Time": 9.418, "Triggers": [], "Execution Time": 135.313}, {"Plan": {"Node Type": "Aggregate", "Strategy": "Plain", "Partial Mode": "Simple", "Parallel Aware": false, "Async Capable": false, "Startup Cost": 11666.81, "Total Cost": 11666.82, "Plan Rows": 1, "Plan Width": 8, "Actual Rows": 1, "Actual Loops": 1, "Plans": [{"Node Type": "Nested Loop", "Parent Relationship": "Outer", "Parallel Aware": false, "Async Capable": false, "Join Type": "Inner", "Startup Cost": 1.44, "Total Cost": 11666.8, "Plan Rows": 1, "Plan Width": 0, "Actual Rows": 14336, "Actual Loops": 1, "Inner Unique": false, "Join Filter": "(p.id = pl.relatedpostid)", "Rows Removed by Join Filter": 10355456, "Plans": [{"Node Type": "Nested Loop", "Parent Relationship": "Outer", "Parallel Aware": false, "Async Capable": false, "Join Type": "Inner", "Startup Cost": 1.0, "Total Cost": 1092.9, "Plan Rows": 1, "Plan Width": 8, "Actual Rows": 256, "Actual Loops": 1, "Inner Unique": false, "Plans": [{"Node Type": "Nested Loop", "Parent Relationship": "Outer", "Parallel Aware": false, "Async Capable": false, "Join Type": "Inner", "Startup Cost": 0.58, "Total Cost": 1076.64, "Plan Rows": 2, "Plan Width": 4, "Actual Rows": 256, "Actual Loops": 1, "Inner Unique": false, "Join Filter": "(p.owneruserid = u.id)", "Rows Removed by Join Filter": 0, "Plans": [{"Node Type": "Nested Loop", "Parent Relationship": "Outer", "Parallel Aware": false, "Async Capable": false, "Join Type": "Inner", "Startup Cost": 0.29, "Total Cost": 1063.94, "Plan Rows": 28, "Plan Width": 8, "Actual Rows": 566, "Actual Loops": 1, "Inner Unique": false, "Plans": [{"Node Type": "Seq Scan", "Parent Relationship": "Outer", "Parallel Aware": false, "Async Capable": false, "Relation Name": "users", "Alias": "u", "Startup Cost": 0.0, "Total Cost": 1002.69, "Plan Rows": 14, "Plan Width": 4, "Actual Rows": 5, "Actual Loops": 1, "Filter": "((reputation >= 11784) AND (creationdate >= '2011-07-27 07:21:33'::timestamp without time zone) AND (creationdate <= '2014-02-22 01:57:14'::timestamp without time zone))", "Rows Removed by Filter": 40320}, {"Node Type": "Index Only Scan", "Parent Relationship": "Inner", "Parallel Aware": false, "Async Capable": false, "Scan Direction": "Forward", "Index Name": "idx_badges_userid", "Relation Name": "badges", "Alias": "b", "Startup Cost": 0.29, "Total Cost": 4.35, "Plan Rows": 3, "Plan Width": 4, "Actual Rows": 113, "Actual Loops": 5, "Index Cond": "(userid = u.id)", "Rows Removed by Index Recheck": 0, "Heap Fetches": 0}]}, {"Node Type": "Index Scan", "Parent Relationship": "Inner", "Parallel Aware": false, "Async Capable": false, "Scan Direction": "Forward", "Index Name": "idx_posts_owneruserid", "Relation Name": "posts", "Alias": "p", "Startup Cost": 0.29, "Total Cost": 0.44, "Plan Rows": 1, "Plan Width": 8, "Actual Rows": 0, "Actual Loops": 566, "Index Cond": "(owneruserid = b.userid)", "Rows Removed by Index Recheck": 0, "Filter": "((score >= '-4'::integer) AND (score <= 42) AND (favoritecount >= 23))", "Rows Removed by Filter": 663}]}, {"Node Type": "Index Scan", "Parent Relationship": "Inner", "Parallel Aware": false, "Async Capable": false, "Scan Direction": "Forward", "Index Name": "idx_comments_postid", "Relation Name": "comments", "Alias": "c", "Startup Cost": 0.42, "Total Cost": 8.11, "Plan Rows": 2, "Plan Width": 4, "Actual Rows": 1, "Actual Loops": 256, "Index Cond": "(postid = p.id)", "Rows Removed by Index Recheck": 0, "Filter": "((creationdate >= '2012-03-27 14:08:25'::timestamp without time zone) AND (creationdate <= '2013-12-19 12:28:18'::timestamp without time zone))", "Rows Removed by Filter": 2}]}, {"Node Type": "Nested Loop", "Parent Relationship": "Inner", "Parallel Aware": false, "Async Capable": false, "Join Type": "Inner", "Startup Cost": 0.43, "Total Cost": 9877.69, "Plan Rows": 55697, "Plan Width": 8, "Actual Rows": 40507, "Actual Loops": 256, "Inner Unique": false, "Plans": [{"Node Type": "Seq Scan", "Parent Relationship": "Outer", "Parallel Aware": false, "Async Capable": false, "Relation Name": "postlinks", "Alias": "pl", "Startup Cost": 0.0, "Total Cost": 248.53, "Plan Rows": 6974, "Plan Width": 4, "Actual Rows": 6685, "Actual Loops": 256, "Filter": "((creationdate >= '2012-12-14 15:27:11'::timestamp without time zone) AND (linktypeid = 1))", "Rows Removed by Filter": 4417}, {"Node Type": "Memoize", "Parent Relationship": "Inner", "Parallel Aware": false, "Async Capable": false, "Startup Cost": 0.43, "Total Cost": 2.07, "Plan Rows": 2, "Plan Width": 4, "Actual Rows": 6, "Actual Loops": 1711360, "Cache Key": "pl.relatedpostid", "Cache Mode": "logical", "Cache Hits": 1707677, "Cache Misses": 3683, "Cache Evictions": 0, "Cache Overflows": 0, "Peak Memory Usage": 638, "Plans": [{"Node Type": "Index Scan", "Parent Relationship": "Outer", "Parallel Aware": false, "Async Capable": false, "Scan Direction": "Forward", "Index Name": "idx_votes_postid", "Relation Name": "votes", "Alias": "v", "Startup Cost": 0.42, "Total Cost": 2.06, "Plan Rows": 2, "Plan Width": 4, "Actual Rows": 3, "Actual Loops": 3683, "Index Cond": "(postid = pl.relatedpostid)", "Rows Removed by Index Recheck": 0, "Filter": "((creationdate <= '2012-11-01 08:02:28'::timestamp without time zone) AND (votetypeid = 2))", "Rows Removed by Filter": 8}]}]}]}]}, "Planning Time": 4.326, "Triggers": [], "Execution Time": 1138.854}, {"Plan": {"Node Type": "Aggregate", "Strategy": "Plain", "Partial Mode": "Simple", "Parallel Aware": false, "Async Capable": false, "Startup Cost": 6947.5, "Total Cost": 6947.51, "Plan Rows": 1, "Plan Width": 8, "Actual Rows": 1, "Actual Loops": 1, "Plans": [{"Node Type": "Hash Join", "Parent Relationship": "Outer", "Parallel Aware": false, "Async Capable": false, "Join Type": "Inner", "Startup Cost": 6123.4, "Total Cost": 6947.5, "Plan Rows": 1, "Plan Width": 0, "Actual Rows": 14336, "Actual Loops": 1, "Inner Unique": false, "Hash Cond": "(c.postid = p.id)", "Plans": [{"Node Type": "Hash Join", "Parent Relationship": "Outer", "Parallel Aware": false, "Async Capable": false, "Join Type": "Inner", "Startup Cost": 5018.35, "Total Cost": 5799.59, "Plan Rows": 11427, "Plan Width": 8, "Actual Rows": 10922, "Actual Loops": 1, "Inner Unique": false, "Hash Cond": "(pl.relatedpostid = c.postid)", "Plans": [{"Node Type": "Seq Scan", "Parent Relationship": "Outer", "Parallel Aware": false, "Async Capable": false, "Relation Name": "postlinks", "Alias": "pl", "Startup Cost": 0.0, "Total Cost": 248.53, "Plan Rows": 6974, "Plan Width": 4, "Actual Rows": 6685, "Actual Loops": 1, "Filter": "((creationdate >= '2012-12-14 15:27:11'::timestamp without time zone) AND (linktypeid = 1))", "Rows Removed by Filter": 4417}, {"Node Type": "Hash", "Parent Relationship": "Inner", "Parallel Aware": false, "Async Capable": false, "Startup Cost": 3958.57, "Total Cost": 3958.57, "Plan Rows": 84782, "Plan Width": 4, "Actual Rows": 84738, "Actual Loops": 1, "Hash Buckets": 131072, "Original Hash Buckets": 131072, "Hash Batches": 1, "Original Hash Batches": 1, "Peak Memory Usage": 4004, "Plans": [{"Node Type": "Seq Scan", "Parent Relationship": "Outer", "Parallel Aware": false, "Async Capable": false, "Relation Name": "comments", "Alias": "c", "Startup Cost": 0.0, "Total Cost": 3958.57, "Plan Rows": 84782, "Plan Width": 4, "Actual Rows": 84738, "Actual Loops": 1, "Filter": "((creationdate >= '2012-03-27 14:08:25'::timestamp without time zone) AND (creationdate <= '2013-12-19 12:28:18'::timestamp without time zone))", "Rows Removed by Filter": 89567}]}]}, {"Node Type": "Hash", "Parent Relationship": "Inner", "Parallel Aware": false, "Async Capable": false, "Startup Cost": 1105.02, "Total Cost": 1105.02, "Plan Rows": 2, "Plan Width": 8, "Actual Rows": 3584, "Actual Loops": 1, "Hash Buckets": 4096, "Original Hash Buckets": 1024, "Hash Batches": 1, "Original Hash Batches": 1, "Peak Memory Usage": 172, "Plans": [{"Node Type": "Nested Loop", "Parent Relationship": "Outer", "Parallel Aware": false, "Async Capable": false, "Join Type": "Inner", "Startup Cost": 1.01, "Total Cost": 1105.02, "Plan Rows": 2, "Plan Width": 8, "Actual Rows": 3584, "Actual Loops": 1, "Inner Unique": false, "Plans": [{"Node Type": "Nested Loop", "Parent Relationship": "Outer", "Parallel Aware": false, "Async Capable": false, "Join Type": "Inner", "Startup Cost": 0.58, "Total Cost": 1076.64, "Plan Rows": 2, "Plan Width": 4, "Actual Rows": 256, "Actual Loops": 1, "Inner Unique": false, "Join Filter": "(p.owneruserid = u.id)", "Rows Removed by Join Filter": 0, "Plans": [{"Node Type": "Nested Loop", "Parent Relationship": "Outer", "Parallel Aware": false, "Async Capable": false, "Join Type": "Inner", "Startup Cost": 0.29, "Total Cost": 1063.94, "Plan Rows": 28, "Plan Width": 8, "Actual Rows": 566, "Actual Loops": 1, "Inner Unique": false, "Plans": [{"Node Type": "Seq Scan", "Parent Relationship": "Outer", "Parallel Aware": false, "Async Capable": false, "Relation Name": "users", "Alias": "u", "Startup Cost": 0.0, "Total Cost": 1002.69, "Plan Rows": 14, "Plan Width": 4, "Actual Rows": 5, "Actual Loops": 1, "Filter": "((reputation >= 11784) AND (creationdate >= '2011-07-27 07:21:33'::timestamp without time zone) AND (creationdate <= '2014-02-22 01:57:14'::timestamp without time zone))", "Rows Removed by Filter": 40320}, {"Node Type": "Index Only Scan", "Parent Relationship": "Inner", "Parallel Aware": false, "Async Capable": false, "Scan Direction": "Forward", "Index Name": "idx_badges_userid", "Relation Name": "badges", "Alias": "b", "Startup Cost": 0.29, "Total Cost": 4.35, "Plan Rows": 3, "Plan Width": 4, "Actual Rows": 113, "Actual Loops": 5, "Index Cond": "(userid = u.id)", "Rows Removed by Index Recheck": 0, "Heap Fetches": 0}]}, {"Node Type": "Index Scan", "Parent Relationship": "Inner", "Parallel Aware": false, "Async Capable": false, "Scan Direction": "Forward", "Index Name": "idx_posts_owneruserid", "Relation Name": "posts", "Alias": "p", "Startup Cost": 0.29, "Total Cost": 0.44, "Plan Rows": 1, "Plan Width": 8, "Actual Rows": 0, "Actual Loops": 566, "Index Cond": "(owneruserid = b.userid)", "Rows Removed by Index Recheck": 0, "Filter": "((score >= '-4'::integer) AND (score <= 42) AND (favoritecount >= 23))", "Rows Removed by Filter": 663}]}, {"Node Type": "Index Scan", "Parent Relationship": "Inner", "Parallel Aware": false, "Async Capable": false, "Scan Direction": "Forward", "Index Name": "idx_votes_postid", "Relation Name": "votes", "Alias": "v", "Startup Cost": 0.42, "Total Cost": 14.17, "Plan Rows": 2, "Plan Width": 4, "Actual Rows": 14, "Actual Loops": 256, "Index Cond": "(postid = p.id)", "Rows Removed by Index Recheck": 0, "Filter": "((creationdate <= '2012-11-01 08:02:28'::timestamp without time zone) AND (votetypeid = 2))", "Rows Removed by Filter": 55}]}]}]}]}, "Planning Time": 4.448, "Triggers": [], "Execution Time": 130.382}, {"Plan": {"Node Type": "Aggregate", "Strategy": "Plain", "Partial Mode": "Simple", "Parallel Aware": false, "Async Capable": false, "Startup Cost": 2901.8, "Total Cost": 2901.81, "Plan Rows": 1, "Plan Width": 8, "Actual Rows": 1, "Actual Loops": 1, "Plans": [{"Node Type": "Nested Loop", "Parent Relationship": "Outer", "Parallel Aware": false, "Async Capable": false, "Join Type": "Inner", "Startup Cost": 2452.53, "Total Cost": 2901.8, "Plan Rows": 1, "Plan Width": 0, "Actual Rows": 14336, "Actual Loops": 1, "Inner Unique": true, "Join Filter": "(p.owneruserid = u.id)", "Rows Removed by Join Filter": 0, "Plans": [{"Node Type": "Nested Loop", "Parent Relationship": "Outer", "Parallel Aware": false, "Async Capable": false, "Join Type": "Inner", "Startup Cost": 2452.24, "Total Cost": 2767.81, "Plan Rows": 385, "Plan Width": 8, "Actual Rows": 70085, "Actual Loops": 1, "Inner Unique": false, "Plans": [{"Node Type": "Nested Loop", "Parent Relationship": "Outer", "Parallel Aware": false, "Async Capable": false, "Join Type": "Inner", "Startup Cost": 2451.95, "Total Cost": 2736.52, "Plan Rows": 10, "Plan Width": 4, "Actual Rows": 3103, "Actual Loops": 1, "Inner Unique": false, "Join Filter": "(p.id = v.postid)", "Rows Removed by Join Filter": 0, "Plans": [{"Node Type": "Nested Loop", "Parent Relationship": "Outer", "Parallel Aware": false, "Async Capable": false, "Join Type": "Inner", "Startup Cost": 2451.53, "Total Cost": 2731.04, "Plan Rows": 8, "Plan Width": 16, "Actual Rows": 334, "Actual Loops": 1, "Inner Unique": false, "Join Filter": "(c.postid = p.id)", "Rows Removed by Join Filter": 0, "Plans": [{"Node Type": "Hash Join", "Parent Relationship": "Outer", "Parallel Aware": false, "Async Capable": false, "Join Type": "Inner", "Startup Cost": 2451.11, "Total Cost": 2717.94, "Plan Rows": 9, "Plan Width": 12, "Actual Rows": 241, "Actual Loops": 1, "Inner Unique": true, "Hash Cond": "(pl.relatedpostid = p.id)", "Plans": [{"Node Type": "Seq Scan", "Parent Relationship": "Outer", "Parallel Aware": false, "Async Capable": false, "Relation Name": "postlinks", "Alias": "pl", "Startup Cost": 0.0, "Total Cost": 248.53, "Plan Rows": 6974, "Plan Width": 4, "Actual Rows": 6685, "Actual Loops": 1, "Filter": "((creationdate >= '2012-12-14 15:27:11'::timestamp without time zone) AND (linktypeid = 1))", "Rows Removed by Filter": 4417}, {"Node Type": "Hash", "Parent Relationship": "Inner", "Parallel Aware": false, "Async Capable": false, "Startup Cost": 2449.58, "Total Cost": 2449.58, "Plan Rows": 122, "Plan Width": 8, "Actual Rows": 50, "Actual Loops": 1, "Hash Buckets": 1024, "Original Hash Buckets": 1024, "Hash Batches": 1, "Original Hash Batches": 1, "Peak Memory Usage": 10, "Plans": [{"Node Type": "Seq Scan", "Parent Relationship": "Outer", "Parallel Aware": false, "Async Capable": false, "Relation Name": "posts", "Alias": "p", "Startup Cost": 0.0, "Total Cost": 2449.58, "Plan Rows": 122, "Plan Width": 8, "Actual Rows": 50, "Actual Loops": 1, "Filter": "((score >= '-4'::integer) AND (score <= 42) AND (favoritecount >= 23))", "Rows Removed by Filter": 91926}]}]}, {"Node Type": "Index Scan", "Parent Relationship": "Inner", "Parallel Aware": false, "Async Capable": false, "Scan Direction": "Forward", "Index Name": "idx_comments_postid", "Relation Name": "comments", "Alias": "c", "Startup Cost": 0.42, "Total Cost": 1.43, "Plan Rows": 2, "Plan Width": 4, "Actual Rows": 1, "Actual Loops": 241, "Index Cond": "(postid = pl.relatedpostid)", "Rows Removed by Index Recheck": 0, "Filter": "((creationdate >= '2012-03-27 14:08:25'::timestamp without time zone) AND (creationdate <= '2013-12-19 12:28:18'::timestamp without time zone))", "Rows Removed by Filter": 2}]}, {"Node Type": "Index Scan", "Parent Relationship": "Inner", "Parallel Aware": false, "Async Capable": false, "Scan Direction": "Forward", "Index Name": "idx_votes_postid", "Relation Name": "votes", "Alias": "v", "Startup Cost": 0.42, "Total Cost": 0.66, "Plan Rows": 2, "Plan Width": 4, "Actual Rows": 9, "Actual Loops": 334, "Index Cond": "(postid = c.postid)", "Rows Removed by Index Recheck": 0, "Filter": "((creationdate <= '2012-11-01 08:02:28'::timestamp without time zone) AND (votetypeid = 2))", "Rows Removed by Filter": 60}]}, {"Node Type": "Index Only Scan", "Parent Relationship": "Inner", "Parallel Aware": false, "Async Capable": false, "Scan Direction": "Forward", "Index Name": "idx_badges_userid", "Relation Name": "badges", "Alias": "b", "Startup Cost": 0.29, "Total Cost": 3.1, "Plan Rows": 3, "Plan Width": 4, "Actual Rows": 23, "Actual Loops": 3103, "Index Cond": "(userid = p.owneruserid)", "Rows Removed by Index Recheck": 0, "Heap Fetches": 0}]}, {"Node Type": "Index Scan", "Parent Relationship": "Inner", "Parallel Aware": false, "Async Capable": false, "Scan Direction": "Forward", "Index Name": "users_pkey", "Relation Name": "users", "Alias": "u", "Startup Cost": 0.29, "Total Cost": 0.34, "Plan Rows": 1, "Plan Width": 4, "Actual Rows": 0, "Actual Loops": 70085, "Index Cond": "(id = b.userid)", "Rows Removed by Index Recheck": 0, "Filter": "((reputation >= 11784) AND (creationdate >= '2011-07-27 07:21:33'::timestamp without time zone) AND (creationdate <= '2014-02-22 01:57:14'::timestamp without time zone))", "Rows Removed by Filter": 1}]}]}, "Planning Time": 3.96, "Triggers": [], "Execution Time": 84.778}, {"Plan": {"Node Type": "Aggregate", "Strategy": "Plain", "Partial Mode": "Simple", "Parallel Aware": false, "Async Capable": false, "Startup Cost": 1368.3, "Total Cost": 1368.31, "Plan Rows": 1, "Plan Width": 8, "Actual Rows": 1, "Actual Loops": 1, "Plans": [{"Node Type": "Hash Join", "Parent Relationship": "Outer", "Parallel Aware": false, "Async Capable": false, "Join Type": "Inner", "Startup Cost": 1093.61, "Total Cost": 1368.3, "Plan Rows": 1, "Plan Width": 0, "Actual Rows": 14336, "Actual Loops": 1, "Inner Unique": false, "Hash Cond": "(pl.relatedpostid = p.id)", "Plans": [{"Node Type": "Seq Scan", "Parent Relationship": "Outer", "Parallel Aware": false, "Async Capable": false, "Relation Name": "postlinks", "Alias": "pl", "Startup Cost": 0.0, "Total Cost": 248.53, "Plan Rows": 6974, "Plan Width": 4, "Actual Rows": 6685, "Actual Loops": 1, "Filter": "((creationdate >= '2012-12-14 15:27:11'::timestamp without time zone) AND (linktypeid = 1))", "Rows Removed by Filter": 4417}, {"Node Type": "Hash", "Parent Relationship": "Inner", "Parallel Aware": false, "Async Capable": false, "Startup Cost": 1093.58, "Total Cost": 1093.58, "Plan Rows": 2, "Plan Width": 12, "Actual Rows": 3584, "Actual Loops": 1, "Hash Buckets": 4096, "Original Hash Buckets": 1024, "Hash Batches": 1, "Original Hash Batches": 1, "Peak Memory Usage": 186, "Plans": [{"Node Type": "Nested Loop", "Parent Relationship": "Outer", "Parallel Aware": false, "Async Capable": false, "Join Type": "Inner", "Startup Cost": 1.43, "Total Cost": 1093.58, "Plan Rows": 2, "Plan Width": 12, "Actual Rows": 3584, "Actual Loops": 1, "Inner Unique": false, "Join Filter": "(p.id = v.postid)", "Rows Removed by Join Filter": 0, "Plans": [{"Node Type": "Nested Loop", "Parent Relationship": "Outer", "Parallel Aware": false, "Async Capable": false, "Join Type": "Inner", "Startup Cost": 1.0, "Total Cost": 1092.9, "Plan Rows": 1, "Plan Width": 8, "Actual Rows": 256, "Actual Loops": 1, "Inner Unique": false, "Plans": [{"Node Type": "Nested Loop", "Parent Relationship": "Outer", "Parallel Aware": false, "Async Capable": false, "Join Type": "Inner", "Startup Cost": 0.58, "Total Cost": 1076.64, "Plan Rows": 2, "Plan Width": 4, "Actual Rows": 256, "Actual Loops": 1, "Inner Unique": false, "Join Filter": "(p.owneruserid = u.id)", "Rows Removed by Join Filter": 0, "Plans": [{"Node Type": "Nested Loop", "Parent Relationship": "Outer", "Parallel Aware": false, "Async Capable": false, "Join Type": "Inner", "Startup Cost": 0.29, "Total Cost": 1063.94, "Plan Rows": 28, "Plan Width": 8, "Actual Rows": 566, "Actual Loops": 1, "Inner Unique": false, "Plans": [{"Node Type": "Seq Scan", "Parent Relationship": "Outer", "Parallel Aware": false, "Async Capable": false, "Relation Name": "users", "Alias": "u", "Startup Cost": 0.0, "Total Cost": 1002.69, "Plan Rows": 14, "Plan Width": 4, "Actual Rows": 5, "Actual Loops": 1, "Filter": "((reputation >= 11784) AND (creationdate >= '2011-07-27 07:21:33'::timestamp without time zone) AND (creationdate <= '2014-02-22 01:57:14'::timestamp without time zone))", "Rows Removed by Filter": 40320}, {"Node Type": "Index Only Scan", "Parent Relationship": "Inner", "Parallel Aware": false, "Async Capable": false, "Scan Direction": "Forward", "Index Name": "idx_badges_userid", "Relation Name": "badges", "Alias": "b", "Startup Cost": 0.29, "Total Cost": 4.35, "Plan Rows": 3, "Plan Width": 4, "Actual Rows": 113, "Actual Loops": 5, "Index Cond": "(userid = u.id)", "Rows Removed by Index Recheck": 0, "Heap Fetches": 0}]}, {"Node Type": "Index Scan", "Parent Relationship": "Inner", "Parallel Aware": false, "Async Capable": false, "Scan Direction": "Forward", "Index Name": "idx_posts_owneruserid", "Relation Name": "posts", "Alias": "p", "Startup Cost": 0.29, "Total Cost": 0.44, "Plan Rows": 1, "Plan Width": 8, "Actual Rows": 0, "Actual Loops": 566, "Index Cond": "(owneruserid = b.userid)", "Rows Removed by Index Recheck": 0, "Filter": "((score >= '-4'::integer) AND (score <= 42) AND (favoritecount >= 23))", "Rows Removed by Filter": 663}]}, {"Node Type": "Index Scan", "Parent Relationship": "Inner", "Parallel Aware": false, "Async Capable": false, "Scan Direction": "Forward", "Index Name": "idx_comments_postid", "Relation Name": "comments", "Alias": "c", "Startup Cost": 0.42, "Total Cost": 8.11, "Plan Rows": 2, "Plan Width": 4, "Actual Rows": 1, "Actual Loops": 256, "Index Cond": "(postid = p.id)", "Rows Removed by Index Recheck": 0, "Filter": "((creationdate >= '2012-03-27 14:08:25'::timestamp without time zone) AND (creationdate <= '2013-12-19 12:28:18'::timestamp without time zone))", "Rows Removed by Filter": 2}]}, {"Node Type": "Index Scan", "Parent Relationship": "Inner", "Parallel Aware": false, "Async Capable": false, "Scan Direction": "Forward", "Index Name": "idx_votes_postid", "Relation Name": "votes", "Alias": "v", "Startup Cost": 0.42, "Total Cost": 0.66, "Plan Rows": 2, "Plan Width": 4, "Actual Rows": 14, "Actual Loops": 256, "Index Cond": "(postid = c.postid)", "Rows Removed by Index Recheck": 0, "Filter": "((creationdate <= '2012-11-01 08:02:28'::timestamp without time zone) AND (votetypeid = 2))", "Rows Removed by Filter": 55}]}]}]}]}, "Planning Time": 3.35, "Triggers": [], "Execution Time": 75.832}, {"Plan": {"Node Type": "Aggregate", "Strategy": "Plain", "Partial Mode": "Simple", "Parallel Aware": false, "Async Capable": false, "Startup Cost": 13947.59, "Total Cost": 13947.6, "Plan Rows": 1, "Plan Width": 8, "Actual Rows": 1, "Actual Loops": 1, "Plans": [{"Node Type": "Gather", "Parent Relationship": "Outer", "Parallel Aware": false, "Async Capable": false, "Startup Cost": 5589.47, "Total Cost": 13947.58, "Plan Rows": 1, "Plan Width": 0, "Actual Rows": 14336, "Actual Loops": 1, "Workers Planned": 1, "Workers Launched": 1, "Single Copy": false, "Plans": [{"Node Type": "Hash Join", "Parent Relationship": "Outer", "Parallel Aware": false, "Async Capable": false, "Join Type": "Inner", "Startup Cost": 4589.47, "Total Cost": 12947.48, "Plan Rows": 1, "Plan Width": 0, "Actual Rows": 7168, "Actual Loops": 2, "Inner Unique": false, "Hash Cond": "(c.postid = p.id)", "Workers": [], "Plans": [{"Node Type": "Hash Join", "Parent Relationship": "Outer", "Parallel Aware": true, "Async Capable": false, "Join Type": "Inner", "Startup Cost": 3505.39, "Total Cost": 11522.03, "Plan Rows": 91028, "Plan Width": 8, "Actual Rows": 54696, "Actual Loops": 2, "Inner Unique": false, "Hash Cond": "(v.postid = c.postid)", "Workers": [], "Plans": [{"Node Type": "Seq Scan", "Parent Relationship": "Outer", "Parallel Aware": true, "Async Capable": false, "Relation Name": "votes", "Alias": "v", "Startup Cost": 0.0, "Total Cost": 5054.68, "Plan Rows": 66938, "Plan Width": 4, "Actual Rows": 59010, "Actual Loops": 2, "Filter": "((creationdate <= '2012-11-01 08:02:28'::timestamp without time zone) AND (votetypeid = 2))", "Rows Removed by Filter": 105022, "Workers": []}, {"Node Type": "Hash", "Parent Relationship": "Inner", "Parallel Aware": true, "Async Capable": false, "Startup Cost": 2881.99, "Total Cost": 2881.99, "Plan Rows": 49872, "Plan Width": 4, "Actual Rows": 42369, "Actual Loops": 2, "Hash Buckets": 131072, "Original Hash Buckets": 131072, "Hash Batches": 1, "Original Hash Batches": 1, "Peak Memory Usage": 4384, "Workers": [], "Plans": [{"Node Type": "Seq Scan", "Parent Relationship": "Outer", "Parallel Aware": true, "Async Capable": false, "Relation Name": "comments", "Alias": "c", "Startup Cost": 0.0, "Total Cost": 2881.99, "Plan Rows": 49872, "Plan Width": 4, "Actual Rows": 42369, "Actual Loops": 2, "Filter": "((creationdate >= '2012-03-27 14:08:25'::timestamp without time zone) AND (creationdate <= '2013-12-19 12:28:18'::timestamp without time zone))", "Rows Removed by Filter": 44784, "Workers": []}]}]}, {"Node Type": "Hash", "Parent Relationship": "Inner", "Parallel Aware": false, "Async Capable": false, "Startup Cost": 1084.08, "Total Cost": 1084.08, "Plan Rows": 1, "Plan Width": 8, "Actual Rows": 1024, "Actual Loops": 2, "Hash Buckets": 1024, "Original Hash Buckets": 1024, "Hash Batches": 1, "Original Hash Batches": 1, "Peak Memory Usage": 48, "Workers": [], "Plans": [{"Node Type": "Nested Loop", "Parent Relationship": "Outer", "Parallel Aware": false, "Async Capable": false, "Join Type": "Inner", "Startup Cost": 0.87, "Total Cost": 1084.08, "Plan Rows": 1, "Plan Width": 8, "Actual Rows": 1024, "Actual Loops": 2, "Inner Unique": false, "Workers": [], "Plans": [{"Node Type": "Nested Loop", "Parent Relationship": "Outer", "Parallel Aware": false, "Async Capable": false, "Join Type": "Inner", "Startup Cost": 0.58, "Total Cost": 1076.64, "Plan Rows": 2, "Plan Width": 4, "Actual Rows": 256, "Actual Loops": 2, "Inner Unique": false, "Join Filter": "(p.owneruserid = u.id)", "Rows Removed by Join Filter": 0, "Workers": [], "Plans": [{"Node Type": "Nested Loop", "Parent Relationship": "Outer", "Parallel Aware": false, "Async Capable": false, "Join Type": "Inner", "Startup Cost": 0.29, "Total Cost": 1063.94, "Plan Rows": 28, "Plan Width": 8, "Actual Rows": 566, "Actual Loops": 2, "Inner Unique": false, "Workers": [], "Plans": [{"Node Type": "Seq Scan", "Parent Relationship": "Outer", "Parallel Aware": false, "Async Capable": false, "Relation Name": "users", "Alias": "u", "Startup Cost": 0.0, "Total Cost": 1002.69, "Plan Rows": 14, "Plan Width": 4, "Actual Rows": 5, "Actual Loops": 2, "Filter": "((reputation >= 11784) AND (creationdate >= '2011-07-27 07:21:33'::timestamp without time zone) AND (creationdate <= '2014-02-22 01:57:14'::timestamp without time zone))", "Rows Removed by Filter": 40320, "Workers": []}, {"Node Type": "Index Only Scan", "Parent Relationship": "Inner", "Parallel Aware": false, "Async Capable": false, "Scan Direction": "Forward", "Index Name": "idx_badges_userid", "Relation Name": "badges", "Alias": "b", "Startup Cost": 0.29, "Total Cost": 4.35, "Plan Rows": 3, "Plan Width": 4, "Actual Rows": 113, "Actual Loops": 10, "Index Cond": "(userid = u.id)", "Rows Removed by Index Recheck": 0, "Heap Fetches": 0, "Workers": []}]}, {"Node Type": "Index Scan", "Parent Relationship": "Inner", "Parallel Aware": false, "Async Capable": false, "Scan Direction": "Forward", "Index Name": "idx_posts_owneruserid", "Relation Name": "posts", "Alias": "p", "Startup Cost": 0.29, "Total Cost": 0.44, "Plan Rows": 1, "Plan Width": 8, "Actual Rows": 0, "Actual Loops": 1132, "Index Cond": "(owneruserid = b.userid)", "Rows Removed by Index Recheck": 0, "Filter": "((score >= '-4'::integer) AND (score <= 42) AND (favoritecount >= 23))", "Rows Removed by Filter": 663, "Workers": []}]}, {"Node Type": "Index Scan", "Parent Relationship": "Inner", "Parallel Aware": false, "Async Capable": false, "Scan Direction": "Forward", "Index Name": "idx_postlinks_relatedpostid", "Relation Name": "postlinks", "Alias": "pl", "Startup Cost": 0.29, "Total Cost": 3.71, "Plan Rows": 1, "Plan Width": 4, "Actual Rows": 4, "Actual Loops": 512, "Index Cond": "(relatedpostid = p.id)", "Rows Removed by Index Recheck": 0, "Filter": "((creationdate >= '2012-12-14 15:27:11'::timestamp without time zone) AND (linktypeid = 1))", "Rows Removed by Filter": 1, "Workers": []}]}]}]}]}]}, "Planning Time": 5.224, "Triggers": [], "Execution Time": 196.609}, {"Plan": {"Node Type": "Aggregate", "Strategy": "Plain", "Partial Mode": "Simple", "Parallel Aware": false, "Async Capable": false, "Startup Cost": 3782.09, "Total Cost": 3782.1, "Plan Rows": 1, "Plan Width": 8, "Actual Rows": 1, "Actual Loops": 1, "Plans": [{"Node Type": "Hash Join", "Parent Relationship": "Outer", "Parallel Aware": false, "Async Capable": false, "Join Type": "Inner", "Startup Cost": 2772.62, "Total Cost": 3782.09, "Plan Rows": 1, "Plan Width": 0, "Actual Rows": 14336, "Actual Loops": 1, "Inner Unique": false, "Hash Cond": "(u.id = p.owneruserid)", "Plans": [{"Node Type": "Seq Scan", "Parent Relationship": "Outer", "Parallel Aware": false, "Async Capable": false, "Relation Name": "users", "Alias": "u", "Startup Cost": 0.0, "Total Cost": 1002.69, "Plan Rows": 14, "Plan Width": 4, "Actual Rows": 5, "Actual Loops": 1, "Filter": "((reputation >= 11784) AND (creationdate >= '2011-07-27 07:21:33'::timestamp without time zone) AND (creationdate <= '2014-02-22 01:57:14'::timestamp without time zone))", "Rows Removed by Filter": 40320}, {"Node Type": "Hash", "Parent Relationship": "Inner", "Parallel Aware": false, "Async Capable": false, "Startup Cost": 2767.81, "Total Cost": 2767.81, "Plan Rows": 385, "Plan Width": 8, "Actual Rows": 70085, "Actual Loops": 1, "Hash Buckets": 131072, "Original Hash Buckets": 1024, "Hash Batches": 1, "Original Hash Batches": 1, "Peak Memory Usage": 3762, "Plans": [{"Node Type": "Nested Loop", "Parent Relationship": "Outer", "Parallel Aware": false, "Async Capable": false, "Join Type": "Inner", "Startup Cost": 2452.24, "Total Cost": 2767.81, "Plan Rows": 385, "Plan Width": 8, "Actual Rows": 70085, "Actual Loops": 1, "Inner Unique": false, "Plans": [{"Node Type": "Nested Loop", "Parent Relationship": "Outer", "Parallel Aware": false, "Async Capable": false, "Join Type": "Inner", "Startup Cost": 2451.95, "Total Cost": 2736.52, "Plan Rows": 10, "Plan Width": 4, "Actual Rows": 3103, "Actual Loops": 1, "Inner Unique": false, "Join Filter": "(p.id = v.postid)", "Rows Removed by Join Filter": 0, "Plans": [{"Node Type": "Nested Loop", "Parent Relationship": "Outer", "Parallel Aware": false, "Async Capable": false, "Join Type": "Inner", "Startup Cost": 2451.53, "Total Cost": 2731.04, "Plan Rows": 8, "Plan Width": 16, "Actual Rows": 334, "Actual Loops": 1, "Inner Unique": false, "Join Filter": "(c.postid = p.id)", "Rows Removed by Join Filter": 0, "Plans": [{"Node Type": "Hash Join", "Parent Relationship": "Outer", "Parallel Aware": false, "Async Capable": false, "Join Type": "Inner", "Startup Cost": 2451.11, "Total Cost": 2717.94, "Plan Rows": 9, "Plan Width": 12, "Actual Rows": 241, "Actual Loops": 1, "Inner Unique": true, "Hash Cond": "(pl.relatedpostid = p.id)", "Plans": [{"Node Type": "Seq Scan", "Parent Relationship": "Outer", "Parallel Aware": false, "Async Capable": false, "Relation Name": "postlinks", "Alias": "pl", "Startup Cost": 0.0, "Total Cost": 248.53, "Plan Rows": 6974, "Plan Width": 4, "Actual Rows": 6685, "Actual Loops": 1, "Filter": "((creationdate >= '2012-12-14 15:27:11'::timestamp without time zone) AND (linktypeid = 1))", "Rows Removed by Filter": 4417}, {"Node Type": "Hash", "Parent Relationship": "Inner", "Parallel Aware": false, "Async Capable": false, "Startup Cost": 2449.58, "Total Cost": 2449.58, "Plan Rows": 122, "Plan Width": 8, "Actual Rows": 50, "Actual Loops": 1, "Hash Buckets": 1024, "Original Hash Buckets": 1024, "Hash Batches": 1, "Original Hash Batches": 1, "Peak Memory Usage": 10, "Plans": [{"Node Type": "Seq Scan", "Parent Relationship": "Outer", "Parallel Aware": false, "Async Capable": false, "Relation Name": "posts", "Alias": "p", "Startup Cost": 0.0, "Total Cost": 2449.58, "Plan Rows": 122, "Plan Width": 8, "Actual Rows": 50, "Actual Loops": 1, "Filter": "((score >= '-4'::integer) AND (score <= 42) AND (favoritecount >= 23))", "Rows Removed by Filter": 91926}]}]}, {"Node Type": "Index Scan", "Parent Relationship": "Inner", "Parallel Aware": false, "Async Capable": false, "Scan Direction": "Forward", "Index Name": "idx_comments_postid", "Relation Name": "comments", "Alias": "c", "Startup Cost": 0.42, "Total Cost": 1.43, "Plan Rows": 2, "Plan Width": 4, "Actual Rows": 1, "Actual Loops": 241, "Index Cond": "(postid = pl.relatedpostid)", "Rows Removed by Index Recheck": 0, "Filter": "((creationdate >= '2012-03-27 14:08:25'::timestamp without time zone) AND (creationdate <= '2013-12-19 12:28:18'::timestamp without time zone))", "Rows Removed by Filter": 2}]}, {"Node Type": "Index Scan", "Parent Relationship": "Inner", "Parallel Aware": false, "Async Capable": false, "Scan Direction": "Forward", "Index Name": "idx_votes_postid", "Relation Name": "votes", "Alias": "v", "Startup Cost": 0.42, "Total Cost": 0.66, "Plan Rows": 2, "Plan Width": 4, "Actual Rows": 9, "Actual Loops": 334, "Index Cond": "(postid = c.postid)", "Rows Removed by Index Recheck": 0, "Filter": "((creationdate <= '2012-11-01 08:02:28'::timestamp without time zone) AND (votetypeid = 2))", "Rows Removed by Filter": 60}]}, {"Node Type": "Index Only Scan", "Parent Relationship": "Inner", "Parallel Aware": false, "Async Capable": false, "Scan Direction": "Forward", "Index Name": "idx_badges_userid", "Relation Name": "badges", "Alias": "b", "Startup Cost": 0.29, "Total Cost": 3.1, "Plan Rows": 3, "Plan Width": 4, "Actual Rows": 23, "Actual Loops": 3103, "Index Cond": "(userid = p.owneruserid)", "Rows Removed by Index Recheck": 0, "Heap Fetches": 0}]}]}]}]}, "Planning Time": 4.074, "Triggers": [], "Execution Time": 45.324}]