[{"Plan": {"Node Type": "Aggregate", "Strategy": "Plain", "Partial Mode": "Finalize", "Parallel Aware": false, "Async Capable": false, "Startup Cost": 81403.5, "Total Cost": 81403.51, "Plan Rows": 1, "Plan Width": 8, "Actual Rows": 1, "Actual Loops": 1, "Plans": [{"Node Type": "Gather", "Parent Relationship": "Outer", "Parallel Aware": false, "Async Capable": false, "Startup Cost": 81403.38, "Total Cost": 81403.49, "Plan Rows": 1, "Plan Width": 8, "Actual Rows": 2, "Actual Loops": 1, "Workers Planned": 1, "Workers Launched": 1, "Single Copy": false, "Plans": [{"Node Type": "Aggregate", "Strategy": "Plain", "Partial Mode": "Partial", "Parent Relationship": "Outer", "Parallel Aware": false, "Async Capable": false, "Startup Cost": 80403.38, "Total Cost": 80403.39, "Plan Rows": 1, "Plan Width": 8, "Actual Rows": 1, "Actual Loops": 2, "Workers": [], "Plans": [{"Node Type": "Nested Loop", "Parent Relationship": "Outer", "Parallel Aware": false, "Async Capable": false, "Join Type": "Inner", "Startup Cost": 1.73, "Total Cost": 6206.03, "Plan Rows": 29678942, "Plan Width": 0, "Actual Rows": 38736, "Actual Loops": 2, "Inner Unique": false, "Workers": [], "Plans": [{"Node Type": "Nested Loop", "Parent Relationship": "Outer", "Parallel Aware": false, "Async Capable": false, "Join Type": "Inner", "Startup Cost": 1.43, "Total Cost": 3121.26, "Plan Rows": 8859, "Plan Width": 16, "Actual Rows": 1884, "Actual Loops": 2, "Inner Unique": false, "Join Filter": "(ph.userid = v.userid)", "Rows Removed by Join Filter": 0, "Workers": [], "Plans": [{"Node Type": "Nested Loop", "Parent Relationship": "Outer", "Parallel Aware": false, "Async Capable": false, "Join Type": "Inner", "Startup Cost": 1.0, "Total Cost": 2943.66, "Plan Rows": 168, "Plan Width": 12, "Actual Rows": 336, "Actual Loops": 2, "Inner Unique": false, "Join Filter": "(p.owneruserid = v.userid)", "Rows Removed by Join Filter": 0, "Workers": [], "Plans": [{"Node Type": "Merge Join", "Parent Relationship": "Outer", "Parallel Aware": false, "Async Capable": false, "Join Type": "Inner", "Startup Cost": 0.71, "Total Cost": 2892.87, "Plan Rows": 100, "Plan Width": 8, "Actual Rows": 120, "Actual Loops": 2, "Inner Unique": true, "Merge Cond": "(v.userid = u.id)", "Workers": [], "Plans": [{"Node Type": "Index Scan", "Parent Relationship": "Outer", "Parallel Aware": true, "Async Capable": false, "Scan Direction": "Forward", "Index Name": "idx_votes_userid", "Relation Name": "votes", "Alias": "v", "Startup Cost": 0.42, "Total Cost": 11698.8, "Plan Rows": 1011, "Plan Width": 4, "Actual Rows": 543, "Actual Loops": 2, "Filter": "((bountyamount >= 0) AND (bountyamount <= 200) AND (creationdate >= '2010-07-26 00:00:00'::timestamp without time zone))", "Rows Removed by Filter": 18615, "Workers": []}, {"Node Type": "Index Scan", "Parent Relationship": "Inner", "Parallel Aware": false, "Async Capable": false, "Scan Direction": "Forward", "Index Name": "users_pkey", "Relation Name": "users", "Alias": "u", "Startup Cost": 0.29, "Total Cost": 1558.79, "Plan Rows": 37714, "Plan Width": 4, "Actual Rows": 36099, "Actual Loops": 2, "Filter": "((views >= 0) AND (views <= 13))", "Rows Removed by Filter": 2605, "Workers": []}]}, {"Node Type": "Index Scan", "Parent Relationship": "Inner", "Parallel Aware": false, "Async Capable": false, "Scan Direction": "Forward", "Index Name": "idx_posts_owneruserid", "Relation Name": "posts", "Alias": "p", "Startup Cost": 0.29, "Total Cost": 0.5, "Plan Rows": 1, "Plan Width": 4, "Actual Rows": 3, "Actual Loops": 241, "Index Cond": "(owneruserid = u.id)", "Rows Removed by Index Recheck": 0, "Filter": "((viewcount >= 10) AND (answercount >= 0) AND (answercount <= 10))", "Rows Removed by Filter": 15, "Workers": []}]}, {"Node Type": "Index Scan", "Parent Relationship": "Inner", "Parallel Aware": false, "Async Capable": false, "Scan Direction": "Forward", "Index Name": "idx_posthistory_userid", "Relation Name": "posthistory", "Alias": "ph", "Startup Cost": 0.42, "Total Cost": 1.04, "Plan Rows": 1, "Plan Width": 4, "Actual Rows": 6, "Actual Loops": 673, "Index Cond": "(userid = u.id)", "Rows Removed by Index Recheck": 0, "Filter": "((creationdate >= '2012-11-05 01:25:39'::timestamp without time zone) AND (creationdate <= '2014-09-09 07:14:12'::timestamp without time zone) AND (posthistorytypeid = 1))", "Rows Removed by Filter": 22, "Workers": []}]}, {"Node Type": "Memoize", "Parent Relationship": "Inner", "Parallel Aware": false, "Async Capable": false, "Startup Cost": 0.3, "Total Cost": 1.11, "Plan Rows": 13, "Plan Width": 4, "Actual Rows": 21, "Actual Loops": 3768, "Cache Key": "v.userid", "Cache Mode": "logical", "Cache Hits": 2437, "Cache Misses": 120, "Cache Evictions": 0, "Cache Overflows": 0, "Peak Memory Usage": 34, "Workers": [{"Worker Number": 0, "Cache Hits": 1149, "Cache Misses": 62, "Cache Evictions": 0, "Cache Overflows": 0, "Peak Memory Usage": 18}], "Plans": [{"Node Type": "Index Only Scan", "Parent Relationship": "Outer", "Parallel Aware": false, "Async Capable": false, "Scan Direction": "Forward", "Index Name": "idx_comments_userid", "Relation Name": "comments", "Alias": "c", "Startup Cost": 0.29, "Total Cost": 1.1, "Plan Rows": 13, "Plan Width": 4, "Actual Rows": 6, "Actual Loops": 182, "Index Cond": "(userid = v.userid)", "Rows Removed by Index Recheck": 0, "Heap Fetches": 0, "Workers": []}]}]}]}]}]}, "Planning Time": 7.102, "Triggers": [], "Execution Time": 83.633}, {"Plan": {"Node Type": "Aggregate", "Strategy": "Plain", "Partial Mode": "Finalize", "Parallel Aware": false, "Async Capable": false, "Startup Cost": 7647621.1, "Total Cost": 7647621.11, "Plan Rows": 1, "Plan Width": 8, "Actual Rows": 1, "Actual Loops": 1, "Plans": [{"Node Type": "Gather", "Parent Relationship": "Outer", "Parallel Aware": false, "Async Capable": false, "Startup Cost": 7647620.98, "Total Cost": 7647621.09, "Plan Rows": 1, "Plan Width": 8, "Actual Rows": 2, "Actual Loops": 1, "Workers Planned": 1, "Workers Launched": 1, "Single Copy": false, "Plans": [{"Node Type": "Aggregate", "Strategy": "Plain", "Partial Mode": "Partial", "Parent Relationship": "Outer", "Parallel Aware": false, "Async Capable": false, "Startup Cost": 7646620.98, "Total Cost": 7646620.99, "Plan Rows": 1, "Plan Width": 8, "Actual Rows": 1, "Actual Loops": 2, "Workers": [], "Plans": [{"Node Type": "Merge Join", "Parent Relationship": "Outer", "Parallel Aware": false, "Async Capable": false, "Join Type": "Inner", "Startup Cost": 14561.03, "Total Cost": 7572423.63, "Plan Rows": 29678942, "Plan Width": 0, "Actual Rows": 38736, "Actual Loops": 2, "Inner Unique": false, "Merge Cond": "(v.userid = u.id)", "Workers": [], "Plans": [{"Node Type": "Index Scan", "Parent Relationship": "Outer", "Parallel Aware": true, "Async Capable": false, "Scan Direction": "Forward", "Index Name": "idx_votes_userid", "Relation Name": "votes", "Alias": "v", "Startup Cost": 0.42, "Total Cost": 11698.8, "Plan Rows": 1011, "Plan Width": 4, "Actual Rows": 542, "Actual Loops": 2, "Filter": "((bountyamount >= 0) AND (bountyamount <= 200) AND (creationdate >= '2010-07-26 00:00:00'::timestamp without time zone))", "Rows Removed by Filter": 18006, "Workers": []}, {"Node Type": "Materialize", "Parent Relationship": "Inner", "Parallel Aware": false, "Async Capable": false, "Startup Cost": 14560.61, "Total Cost": 3805914.57, "Plan Rows": 1490302704, "Plan Width": 16, "Actual Rows": 410157, "Actual Loops": 2, "Workers": [], "Plans": [{"Node Type": "Merge Join", "Parent Relationship": "Outer", "Parallel Aware": false, "Async Capable": false, "Join Type": "Inner", "Startup Cost": 14560.61, "Total Cost": 80157.81, "Plan Rows": 1490302704, "Plan Width": 16, "Actual Rows": 409352, "Actual Loops": 2, "Inner Unique": false, "Merge Cond": "(c.userid = u.id)", "Workers": [], "Plans": [{"Node Type": "Index Only Scan", "Parent Relationship": "Outer", "Parallel Aware": false, "Async Capable": false, "Scan Direction": "Forward", "Index Name": "idx_comments_userid", "Relation Name": "comments", "Alias": "c", "Startup Cost": 0.29, "Total Cost": 3568.78, "Plan Rows": 174305, "Plan Width": 4, "Actual Rows": 170546, "Actual Loops": 2, "Heap Fetches": 0, "Workers": []}, {"Node Type": "Materialize", "Parent Relationship": "Inner", "Parallel Aware": false, "Async Capable": false, "Startup Cost": 14559.47, "Total Cost": 17292.84, "Plan Rows": 961830, "Plan Width": 12, "Actual Rows": 416554, "Actual Loops": 2, "Workers": [], "Plans": [{"Node Type": "Merge Join", "Parent Relationship": "Outer", "Parallel Aware": false, "Async Capable": false, "Join Type": "Inner", "Startup Cost": 14559.47, "Total Cost": 14888.26, "Plan Rows": 961830, "Plan Width": 12, "Actual Rows": 53598, "Actual Loops": 2, "Inner Unique": false, "Merge Cond": "(u.id = p.owneruserid)", "Workers": [], "Plans": [{"Node Type": "Sort", "Parent Relationship": "Outer", "Parallel Aware": false, "Async Capable": false, "Startup Cost": 10693.22, "Total Cost": 10751.88, "Plan Rows": 23465, "Plan Width": 8, "Actual Rows": 18869, "Actual Loops": 2, "Sort Key": ["ph.userid"], "Sort Method": "quicksort", "Sort Space Used": 1378, "Sort Space Type": "Memory", "Workers": [{"Worker Number": 0, "Sort Method": "quicksort", "Sort Space Used": 1378, "Sort Space Type": "Memory"}], "Plans": [{"Node Type": "Hash Join", "Parent Relationship": "Outer", "Parallel Aware": false, "Async Capable": false, "Join Type": "Inner", "Startup Cost": 1373.3, "Total Cost": 8989.87, "Plan Rows": 23465, "Plan Width": 8, "Actual Rows": 19506, "Actual Loops": 2, "Inner Unique": true, "Hash Cond": "(ph.userid = u.id)", "Workers": [], "Plans": [{"Node Type": "Seq Scan", "Parent Relationship": "Outer", "Parallel Aware": false, "Async Capable": false, "Relation Name": "posthistory", "Alias": "ph", "Startup Cost": 0.0, "Total Cost": 7545.77, "Plan Rows": 26967, "Plan Width": 4, "Actual Rows": 28929, "Actual Loops": 2, "Filter": "((creationdate >= '2012-11-05 01:25:39'::timestamp without time zone) AND (creationdate <= '2014-09-09 07:14:12'::timestamp without time zone) AND (posthistorytypeid = 1))", "Rows Removed by Filter": 274258, "Workers": []}, {"Node Type": "Hash", "Parent Relationship": "Inner", "Parallel Aware": false, "Async Capable": false, "Startup Cost": 901.88, "Total Cost": 901.88, "Plan Rows": 37714, "Plan Width": 4, "Actual Rows": 37714, "Actual Loops": 2, "Hash Buckets": 65536, "Original Hash Buckets": 65536, "Hash Batches": 1, "Original Hash Batches": 1, "Peak Memory Usage": 1838, "Workers": [], "Plans": [{"Node Type": "Seq Scan", "Parent Relationship": "Outer", "Parallel Aware": false, "Async Capable": false, "Relation Name": "users", "Alias": "u", "Startup Cost": 0.0, "Total Cost": 901.88, "Plan Rows": 37714, "Plan Width": 4, "Actual Rows": 37714, "Actual Loops": 2, "Filter": "((views >= 0) AND (views <= 13))", "Rows Removed by Filter": 2611, "Workers": []}]}]}]}, {"Node Type": "Sort", "Parent Relationship": "Inner", "Parallel Aware": false, "Async Capable": false, "Startup Cost": 3866.24, "Total Cost": 3915.86, "Plan Rows": 19846, "Plan Width": 4, "Actual Rows": 75131, "Actual Loops": 2, "Sort Key": ["p.owneruserid"], "Sort Method": "quicksort", "Sort Space Used": 1537, "Sort Space Type": "Memory", "Workers": [{"Worker Number": 0, "Sort Method": "quicksort", "Sort Space Used": 1537, "Sort Space Type": "Memory"}], "Plans": [{"Node Type": "Seq Scan", "Parent Relationship": "Outer", "Parallel Aware": false, "Async Capable": false, "Relation Name": "posts", "Alias": "p", "Startup Cost": 0.0, "Total Cost": 2449.58, "Plan Rows": 19846, "Plan Width": 4, "Actual Rows": 42516, "Actual Loops": 2, "Filter": "((viewcount >= 10) AND (answercount >= 0) AND (answercount <= 10))", "Rows Removed by Filter": 49460, "Workers": []}]}]}]}]}]}]}]}]}]}, "Planning Time": 10.924, "Triggers": [], "Execution Time": 316.872}, {"Plan": {"Node Type": "Aggregate", "Strategy": "Plain", "Partial Mode": "Finalize", "Parallel Aware": false, "Async Capable": false, "Startup Cost": 106645.49, "Total Cost": 106645.5, "Plan Rows": 1, "Plan Width": 8, "Actual Rows": 1, "Actual Loops": 1, "Plans": [{"Node Type": "Gather", "Parent Relationship": "Outer", "Parallel Aware": false, "Async Capable": false, "Startup Cost": 106645.37, "Total Cost": 106645.48, "Plan Rows": 1, "Plan Width": 8, "Actual Rows": 2, "Actual Loops": 1, "Workers Planned": 1, "Workers Launched": 1, "Single Copy": false, "Plans": [{"Node Type": "Aggregate", "Strategy": "Plain", "Partial Mode": "Partial", "Parent Relationship": "Outer", "Parallel Aware": false, "Async Capable": false, "Startup Cost": 105645.37, "Total Cost": 105645.38, "Plan Rows": 1, "Plan Width": 8, "Actual Rows": 1, "Actual Loops": 2, "Workers": [], "Plans": [{"Node Type": "Merge Join", "Parent Relationship": "Outer", "Parallel Aware": false, "Async Capable": false, "Join Type": "Inner", "Startup Cost": 1.73, "Total Cost": 31448.02, "Plan Rows": 29678942, "Plan Width": 0, "Actual Rows": 38736, "Actual Loops": 2, "Inner Unique": false, "Merge Cond": "(v.userid = p.owneruserid)", "Workers": [], "Plans": [{"Node Type": "Merge Join", "Parent Relationship": "Outer", "Parallel Aware": false, "Async Capable": false, "Join Type": "Inner", "Startup Cost": 1.01, "Total Cost": 2282.87, "Plan Rows": 3193, "Plan Width": 12, "Actual Rows": 650, "Actual Loops": 2, "Inner Unique": true, "Merge Cond": "(v.userid = u.id)", "Workers": [], "Plans": [{"Node Type": "Merge Join", "Parent Relationship": "Outer", "Parallel Aware": false, "Async Capable": false, "Join Type": "Inner", "Startup Cost": 0.72, "Total Cost": 5566.28, "Plan Rows": 32281, "Plan Width": 8, "Actual Rows": 252527, "Actual Loops": 2, "Inner Unique": false, "Merge Cond": "(v.userid = c.userid)", "Workers": [], "Plans": [{"Node Type": "Index Scan", "Parent Relationship": "Outer", "Parallel Aware": true, "Async Capable": false, "Scan Direction": "Forward", "Index Name": "idx_votes_userid", "Relation Name": "votes", "Alias": "v", "Startup Cost": 0.42, "Total Cost": 11698.8, "Plan Rows": 1011, "Plan Width": 4, "Actual Rows": 543, "Actual Loops": 2, "Filter": "((bountyamount >= 0) AND (bountyamount <= 200) AND (creationdate >= '2010-07-26 00:00:00'::timestamp without time zone))", "Rows Removed by Filter": 18615, "Workers": []}, {"Node Type": "Index Only Scan", "Parent Relationship": "Inner", "Parallel Aware": false, "Async Capable": false, "Scan Direction": "Forward", "Index Name": "idx_comments_userid", "Relation Name": "comments", "Alias": "c", "Startup Cost": 0.29, "Total Cost": 3568.78, "Plan Rows": 174305, "Plan Width": 4, "Actual Rows": 385290, "Actual Loops": 2, "Heap Fetches": 0, "Workers": []}]}, {"Node Type": "Index Scan", "Parent Relationship": "Inner", "Parallel Aware": false, "Async Capable": false, "Scan Direction": "Forward", "Index Name": "users_pkey", "Relation Name": "users", "Alias": "u", "Startup Cost": 0.29, "Total Cost": 1558.79, "Plan Rows": 37714, "Plan Width": 4, "Actual Rows": 35437, "Actual Loops": 2, "Filter": "((views >= 0) AND (views <= 13))", "Rows Removed by Filter": 2603, "Workers": []}]}, {"Node Type": "Materialize", "Parent Relationship": "Inner", "Parallel Aware": false, "Async Capable": false, "Startup Cost": 0.72, "Total Cost": 25764.17, "Plan Rows": 1044223, "Plan Width": 8, "Actual Rows": 353160, "Actual Loops": 2, "Workers": [], "Plans": [{"Node Type": "Nested Loop", "Parent Relationship": "Outer", "Parallel Aware": false, "Async Capable": false, "Join Type": "Inner", "Startup Cost": 0.72, "Total Cost": 23153.61, "Plan Rows": 1044223, "Plan Width": 8, "Actual Rows": 316226, "Actual Loops": 2, "Inner Unique": false, "Workers": [], "Plans": [{"Node Type": "Index Scan", "Parent Relationship": "Outer", "Parallel Aware": false, "Async Capable": false, "Scan Direction": "Forward", "Index Name": "idx_posthistory_userid", "Relation Name": "posthistory", "Alias": "ph", "Startup Cost": 0.42, "Total Cost": 14365.93, "Plan Rows": 26967, "Plan Width": 4, "Actual Rows": 26486, "Actual Loops": 2, "Filter": "((creationdate >= '2012-11-05 01:25:39'::timestamp without time zone) AND (creationdate <= '2014-09-09 07:14:12'::timestamp without time zone) AND (posthistorytypeid = 1))", "Rows Removed by Filter": 245934, "Workers": []}, {"Node Type": "Memoize", "Parent Relationship": "Inner", "Parallel Aware": false, "Async Capable": false, "Startup Cost": 0.3, "Total Cost": 0.55, "Plan Rows": 1, "Plan Width": 4, "Actual Rows": 12, "Actual Loops": 52971, "Cache Key": "ph.userid", "Cache Mode": "logical", "Cache Hits": 14249, "Cache Misses": 12966, "Cache Evictions": 0, "Cache Overflows": 0, "Peak Memory Usage": 2007, "Workers": [{"Worker Number": 0, "Cache Hits": 13765, "Cache Misses": 11991, "Cache Evictions": 0, "Cache Overflows": 0, "Peak Memory Usage": 1892}], "Plans": [{"Node Type": "Index Scan", "Parent Relationship": "Outer", "Parallel Aware": false, "Async Capable": false, "Scan Direction": "Forward", "Index Name": "idx_posts_owneruserid", "Relation Name": "posts", "Alias": "p", "Startup Cost": 0.29, "Total Cost": 0.54, "Plan Rows": 1, "Plan Width": 4, "Actual Rows": 3, "Actual Loops": 24957, "Index Cond": "(owneruserid = ph.userid)", "Rows Removed by Index Recheck": 0, "Filter": "((viewcount >= 10) AND (answercount >= 0) AND (answercount <= 10))", "Rows Removed by Filter": 2, "Workers": []}]}]}]}]}]}]}]}, "Planning Time": 6.581, "Triggers": [], "Execution Time": 555.874}, {"Plan": {"Node Type": "Aggregate", "Strategy": "Plain", "Partial Mode": "Finalize", "Parallel Aware": false, "Async Capable": false, "Startup Cost": 136973.23, "Total Cost": 136973.24, "Plan Rows": 1, "Plan Width": 8, "Actual Rows": 1, "Actual Loops": 1, "Plans": [{"Node Type": "Gather", "Parent Relationship": "Outer", "Parallel Aware": false, "Async Capable": false, "Startup Cost": 136973.11, "Total Cost": 136973.22, "Plan Rows": 1, "Plan Width": 8, "Actual Rows": 2, "Actual Loops": 1, "Workers Planned": 1, "Workers Launched": 1, "Single Copy": false, "Plans": [{"Node Type": "Aggregate", "Strategy": "Plain", "Partial Mode": "Partial", "Parent Relationship": "Outer", "Parallel Aware": false, "Async Capable": false, "Startup Cost": 135973.11, "Total Cost": 135973.12, "Plan Rows": 1, "Plan Width": 8, "Actual Rows": 1, "Actual Loops": 2, "Workers": [], "Plans": [{"Node Type": "Merge Join", "Parent Relationship": "Outer", "Parallel Aware": false, "Async Capable": false, "Join Type": "Inner", "Startup Cost": 1.73, "Total Cost": 61775.76, "Plan Rows": 29678942, "Plan Width": 0, "Actual Rows": 38736, "Actual Loops": 2, "Inner Unique": false, "Merge Cond": "(c.userid = v.userid)", "Workers": [], "Plans": [{"Node Type": "Nested Loop", "Parent Relationship": "Outer", "Parallel Aware": false, "Async Capable": false, "Join Type": "Inner", "Startup Cost": 0.73, "Total Cost": 16241.38, "Plan Rows": 13753305, "Plan Width": 8, "Actual Rows": 453661, "Actual Loops": 2, "Inner Unique": false, "Workers": [], "Plans": [{"Node Type": "Index Only Scan", "Parent Relationship": "Outer", "Parallel Aware": true, "Async Capable": false, "Scan Direction": "Forward", "Index Name": "idx_comments_userid", "Relation Name": "comments", "Alias": "c", "Startup Cost": 0.29, "Total Cost": 2851.06, "Plan Rows": 102532, "Plan Width": 4, "Actual Rows": 85205, "Actual Loops": 2, "Heap Fetches": 0, "Workers": []}, {"Node Type": "Memoize", "Parent Relationship": "Inner", "Parallel Aware": false, "Async Capable": false, "Startup Cost": 0.43, "Total Cost": 0.84, "Plan Rows": 1, "Plan Width": 4, "Actual Rows": 5, "Actual Loops": 170410, "Cache Key": "c.userid", "Cache Mode": "logical", "Cache Hits": 78416, "Cache Misses": 6083, "Cache Evictions": 0, "Cache Overflows": 0, "Peak Memory Usage": 779, "Workers": [{"Worker Number": 0, "Cache Hits": 78696, "Cache Misses": 7215, "Cache Evictions": 0, "Cache Overflows": 0, "Peak Memory Usage": 902}], "Plans": [{"Node Type": "Index Scan", "Parent Relationship": "Outer", "Parallel Aware": false, "Async Capable": false, "Scan Direction": "Forward", "Index Name": "idx_posthistory_userid", "Relation Name": "posthistory", "Alias": "ph", "Startup Cost": 0.42, "Total Cost": 0.83, "Plan Rows": 1, "Plan Width": 4, "Actual Rows": 2, "Actual Loops": 13298, "Index Cond": "(userid = c.userid)", "Rows Removed by Index Recheck": 0, "Filter": "((creationdate >= '2012-11-05 01:25:39'::timestamp without time zone) AND (creationdate <= '2014-09-09 07:14:12'::timestamp without time zone) AND (posthistorytypeid = 1))", "Rows Removed by Filter": 21, "Workers": []}]}]}, {"Node Type": "Materialize", "Parent Relationship": "Inner", "Parallel Aware": false, "Async Capable": false, "Startup Cost": 1.0, "Total Cost": 3232.43, "Plan Rows": 286, "Plan Width": 12, "Actual Rows": 39110, "Actual Loops": 2, "Workers": [], "Plans": [{"Node Type": "Nested Loop", "Parent Relationship": "Outer", "Parallel Aware": false, "Async Capable": false, "Join Type": "Inner", "Startup Cost": 1.0, "Total Cost": 3231.72, "Plan Rows": 286, "Plan Width": 12, "Actual Rows": 673, "Actual Loops": 2, "Inner Unique": false, "Join Filter": "(p.owneruserid = v.userid)", "Rows Removed by Join Filter": 0, "Workers": [], "Plans": [{"Node Type": "Merge Join", "Parent Relationship": "Outer", "Parallel Aware": false, "Async Capable": false, "Join Type": "Inner", "Startup Cost": 0.71, "Total Cost": 3145.38, "Plan Rows": 170, "Plan Width": 8, "Actual Rows": 241, "Actual Loops": 2, "Inner Unique": true, "Merge Cond": "(v.userid = u.id)", "Workers": [], "Plans": [{"Node Type": "Index Scan", "Parent Relationship": "Outer", "Parallel Aware": false, "Async Capable": false, "Scan Direction": "Forward", "Index Name": "idx_votes_userid", "Relation Name": "votes", "Alias": "v", "Startup Cost": 0.42, "Total Cost": 14062.79, "Plan Rows": 1718, "Plan Width": 4, "Actual Rows": 1085, "Actual Loops": 2, "Filter": "((bountyamount >= 0) AND (bountyamount <= 200) AND (creationdate >= '2010-07-26 00:00:00'::timestamp without time zone))", "Rows Removed by Filter": 36544, "Workers": []}, {"Node Type": "Index Scan", "Parent Relationship": "Inner", "Parallel Aware": false, "Async Capable": false, "Scan Direction": "Forward", "Index Name": "users_pkey", "Relation Name": "users", "Alias": "u", "Startup Cost": 0.29, "Total Cost": 1558.79, "Plan Rows": 37714, "Plan Width": 4, "Actual Rows": 37617, "Actual Loops": 2, "Filter": "((views >= 0) AND (views <= 13))", "Rows Removed by Filter": 2611, "Workers": []}]}, {"Node Type": "Index Scan", "Parent Relationship": "Inner", "Parallel Aware": false, "Async Capable": false, "Scan Direction": "Forward", "Index Name": "idx_posts_owneruserid", "Relation Name": "posts", "Alias": "p", "Startup Cost": 0.29, "Total Cost": 0.5, "Plan Rows": 1, "Plan Width": 4, "Actual Rows": 3, "Actual Loops": 482, "Index Cond": "(owneruserid = u.id)", "Rows Removed by Index Recheck": 0, "Filter": "((viewcount >= 10) AND (answercount >= 0) AND (answercount <= 10))", "Rows Removed by Filter": 15, "Workers": []}]}]}]}]}]}]}, "Planning Time": 11.324, "Triggers": [], "Execution Time": 323.316}, {"Plan": {"Node Type": "Aggregate", "Strategy": "Plain", "Partial Mode": "Finalize", "Parallel Aware": false, "Async Capable": false, "Startup Cost": 8687764.49, "Total Cost": 8687764.5, "Plan Rows": 1, "Plan Width": 8, "Plans": [{"Node Type": "Gather", "Parent Relationship": "Outer", "Parallel Aware": false, "Async Capable": false, "Startup Cost": 8687764.38, "Total Cost": 8687764.49, "Plan Rows": 1, "Plan Width": 8, "Workers Planned": 1, "Single Copy": false, "Plans": [{"Node Type": "Aggregate", "Strategy": "Plain", "Partial Mode": "Partial", "Parent Relationship": "Outer", "Parallel Aware": false, "Async Capable": false, "Startup Cost": 8686764.38, "Total Cost": 8686764.39, "Plan Rows": 1, "Plan Width": 8, "Plans": [{"Node Type": "Merge Join", "Parent Relationship": "Outer", "Parallel Aware": false, "Async Capable": false, "Join Type": "Inner", "Startup Cost": 1.74, "Total Cost": 8612567.03, "Plan Rows": 29678942, "Plan Width": 0, "Inner Unique": false, "Merge Cond": "(v.userid = c.userid)", "Plans": [{"Node Type": "Merge Join", "Parent Relationship": "Outer", "Parallel Aware": false, "Async Capable": false, "Join Type": "Inner", "Startup Cost": 0.71, "Total Cost": 2892.87, "Plan Rows": 100, "Plan Width": 8, "Inner Unique": true, "Merge Cond": "(v.userid = u.id)", "Plans": [{"Node Type": "Index Scan", "Parent Relationship": "Outer", "Parallel Aware": true, "Async Capable": false, "Scan Direction": "Forward", "Index Name": "idx_votes_userid", "Relation Name": "votes", "Alias": "v", "Startup Cost": 0.42, "Total Cost": 11698.8, "Plan Rows": 1011, "Plan Width": 4, "Filter": "((bountyamount >= 0) AND (bountyamount <= 200) AND (creationdate >= '2010-07-26 00:00:00'::timestamp without time zone))"}, {"Node Type": "Index Scan", "Parent Relationship": "Inner", "Parallel Aware": false, "Async Capable": false, "Scan Direction": "Forward", "Index Name": "users_pkey", "Relation Name": "users", "Alias": "u", "Startup Cost": 0.29, "Total Cost": 1558.79, "Plan Rows": 37714, "Plan Width": 4, "Filter": "((views >= 0) AND (views <= 13))"}]}, {"Node Type": "Materialize", "Parent Relationship": "Inner", "Parallel Aware": false, "Async Capable": false, "Startup Cost": 1.03, "Total Cost": 4264624.41, "Plan Rows": 1620278123, "Plan Width": 12, "Plans": [{"Node Type": "Nested Loop", "Parent Relationship": "Outer", "Parallel Aware": false, "Async Capable": false, "Join Type": "Inner", "Startup Cost": 1.03, "Total Cost": 213929.1, "Plan Rows": 1620278123, "Plan Width": 12, "Inner Unique": false, "Plans": [{"Node Type": "Nested Loop", "Parent Relationship": "Outer", "Parallel Aware": false, "Async Capable": false, "Join Type": "Inner", "Startup Cost": 0.72, "Total Cost": 23153.61, "Plan Rows": 1044223, "Plan Width": 8, "Inner Unique": false, "Plans": [{"Node Type": "Index Scan", "Parent Relationship": "Outer", "Parallel Aware": false, "Async Capable": false, "Scan Direction": "Forward", "Index Name": "idx_posthistory_userid", "Relation Name": "posthistory", "Alias": "ph", "Startup Cost": 0.42, "Total Cost": 14365.93, "Plan Rows": 26967, "Plan Width": 4, "Filter": "((creationdate >= '2012-11-05 01:25:39'::timestamp without time zone) AND (creationdate <= '2014-09-09 07:14:12'::timestamp without time zone) AND (posthistorytypeid = 1))"}, {"Node Type": "Memoize", "Parent Relationship": "Inner", "Parallel Aware": false, "Async Capable": false, "Startup Cost": 0.3, "Total Cost": 0.55, "Plan Rows": 1, "Plan Width": 4, "Cache Key": "ph.userid", "Cache Mode": "logical", "Plans": [{"Node Type": "Index Scan", "Parent Relationship": "Outer", "Parallel Aware": false, "Async Capable": false, "Scan Direction": "Forward", "Index Name": "idx_posts_owneruserid", "Relation Name": "posts", "Alias": "p", "Startup Cost": 0.29, "Total Cost": 0.54, "Plan Rows": 1, "Plan Width": 4, "Index Cond": "(owneruserid = ph.userid)", "Filter": "((viewcount >= 10) AND (answercount >= 0) AND (answercount <= 10))"}]}]}, {"Node Type": "Memoize", "Parent Relationship": "Inner", "Parallel Aware": false, "Async Capable": false, "Startup Cost": 0.3, "Total Cost": 0.58, "Plan Rows": 13, "Plan Width": 4, "Cache Key": "p.owneruserid", "Cache Mode": "logical", "Plans": [{"Node Type": "Index Only Scan", "Parent Relationship": "Outer", "Parallel Aware": false, "Async Capable": false, "Scan Direction": "Forward", "Index Name": "idx_comments_userid", "Relation Name": "comments", "Alias": "c", "Startup Cost": 0.29, "Total Cost": 0.57, "Plan Rows": 13, "Plan Width": 4, "Index Cond": "(userid = p.owneruserid)"}]}]}]}]}]}]}]}}, {"Plan": {"Node Type": "Aggregate", "Strategy": "Plain", "Partial Mode": "Finalize", "Parallel Aware": false, "Async Capable": false, "Startup Cost": 116295.88, "Total Cost": 116295.89, "Plan Rows": 1, "Plan Width": 8, "Actual Rows": 1, "Actual Loops": 1, "Plans": [{"Node Type": "Gather", "Parent Relationship": "Outer", "Parallel Aware": false, "Async Capable": false, "Startup Cost": 116295.77, "Total Cost": 116295.88, "Plan Rows": 1, "Plan Width": 8, "Actual Rows": 2, "Actual Loops": 1, "Workers Planned": 1, "Workers Launched": 1, "Single Copy": false, "Plans": [{"Node Type": "Aggregate", "Strategy": "Plain", "Partial Mode": "Partial", "Parent Relationship": "Outer", "Parallel Aware": false, "Async Capable": false, "Startup Cost": 115295.77, "Total Cost": 115295.78, "Plan Rows": 1, "Plan Width": 8, "Actual Rows": 1, "Actual Loops": 2, "Workers": [], "Plans": [{"Node Type": "Merge Join", "Parent Relationship": "Outer", "Parallel Aware": false, "Async Capable": false, "Join Type": "Inner", "Startup Cost": 1.73, "Total Cost": 41098.41, "Plan Rows": 29678942, "Plan Width": 0, "Actual Rows": 38736, "Actual Loops": 2, "Inner Unique": false, "Merge Cond": "(c.userid = v.userid)", "Workers": [], "Plans": [{"Node Type": "Nested Loop", "Parent Relationship": "Outer", "Parallel Aware": false, "Async Capable": false, "Join Type": "Inner", "Startup Cost": 0.6, "Total Cost": 10815.72, "Plan Rows": 7105498, "Plan Width": 8, "Actual Rows": 888647, "Actual Loops": 2, "Inner Unique": false, "Workers": [], "Plans": [{"Node Type": "Index Only Scan", "Parent Relationship": "Outer", "Parallel Aware": true, "Async Capable": false, "Scan Direction": "Forward", "Index Name": "idx_comments_userid", "Relation Name": "comments", "Alias": "c", "Startup Cost": 0.29, "Total Cost": 2851.06, "Plan Rows": 102532, "Plan Width": 4, "Actual Rows": 85205, "Actual Loops": 2, "Heap Fetches": 0, "Workers": []}, {"Node Type": "Memoize", "Parent Relationship": "Inner", "Parallel Aware": false, "Async Capable": false, "Startup Cost": 0.3, "Total Cost": 0.42, "Plan Rows": 1, "Plan Width": 4, "Actual Rows": 10, "Actual Loops": 170410, "Cache Key": "c.userid", "Cache Mode": "logical", "Cache Hits": 82745, "Cache Misses": 6136, "Cache Evictions": 0, "Cache Overflows": 0, "Peak Memory Usage": 992, "Workers": [{"Worker Number": 0, "Cache Hits": 74371, "Cache Misses": 7158, "Cache Evictions": 0, "Cache Overflows": 0, "Peak Memory Usage": 1104}], "Plans": [{"Node Type": "Index Scan", "Parent Relationship": "Outer", "Parallel Aware": false, "Async Capable": false, "Scan Direction": "Forward", "Index Name": "idx_posts_owneruserid", "Relation Name": "posts", "Alias": "p", "Startup Cost": 0.29, "Total Cost": 0.41, "Plan Rows": 1, "Plan Width": 4, "Actual Rows": 3, "Actual Loops": 13294, "Index Cond": "(owneruserid = c.userid)", "Rows Removed by Index Recheck": 0, "Filter": "((viewcount >= 10) AND (answercount >= 0) AND (answercount <= 10))", "Rows Removed by Filter": 4, "Workers": []}]}]}, {"Node Type": "Materialize", "Parent Relationship": "Inner", "Parallel Aware": false, "Async Capable": false, "Startup Cost": 1.13, "Total Cost": 3326.65, "Plan Rows": 623, "Plan Width": 12, "Actual Rows": 39028, "Actual Loops": 2, "Workers": [], "Plans": [{"Node Type": "Nested Loop", "Parent Relationship": "Outer", "Parallel Aware": false, "Async Capable": false, "Join Type": "Inner", "Startup Cost": 1.13, "Total Cost": 3325.1, "Plan Rows": 623, "Plan Width": 12, "Actual Rows": 562, "Actual Loops": 2, "Inner Unique": false, "Join Filter": "(ph.userid = v.userid)", "Rows Removed by Join Filter": 0, "Workers": [], "Plans": [{"Node Type": "Merge Join", "Parent Relationship": "Outer", "Parallel Aware": false, "Async Capable": false, "Join Type": "Inner", "Startup Cost": 0.71, "Total Cost": 3145.38, "Plan Rows": 170, "Plan Width": 8, "Actual Rows": 241, "Actual Loops": 2, "Inner Unique": true, "Merge Cond": "(v.userid = u.id)", "Workers": [], "Plans": [{"Node Type": "Index Scan", "Parent Relationship": "Outer", "Parallel Aware": false, "Async Capable": false, "Scan Direction": "Forward", "Index Name": "idx_votes_userid", "Relation Name": "votes", "Alias": "v", "Startup Cost": 0.42, "Total Cost": 14062.79, "Plan Rows": 1718, "Plan Width": 4, "Actual Rows": 1085, "Actual Loops": 2, "Filter": "((bountyamount >= 0) AND (bountyamount <= 200) AND (creationdate >= '2010-07-26 00:00:00'::timestamp without time zone))", "Rows Removed by Filter": 36544, "Workers": []}, {"Node Type": "Index Scan", "Parent Relationship": "Inner", "Parallel Aware": false, "Async Capable": false, "Scan Direction": "Forward", "Index Name": "users_pkey", "Relation Name": "users", "Alias": "u", "Startup Cost": 0.29, "Total Cost": 1558.79, "Plan Rows": 37714, "Plan Width": 4, "Actual Rows": 37617, "Actual Loops": 2, "Filter": "((views >= 0) AND (views <= 13))", "Rows Removed by Filter": 2611, "Workers": []}]}, {"Node Type": "Index Scan", "Parent Relationship": "Inner", "Parallel Aware": false, "Async Capable": false, "Scan Direction": "Forward", "Index Name": "idx_posthistory_userid", "Relation Name": "posthistory", "Alias": "ph", "Startup Cost": 0.42, "Total Cost": 1.04, "Plan Rows": 1, "Plan Width": 4, "Actual Rows": 2, "Actual Loops": 482, "Index Cond": "(userid = u.id)", "Rows Removed by Index Recheck": 0, "Filter": "((creationdate >= '2012-11-05 01:25:39'::timestamp without time zone) AND (creationdate <= '2014-09-09 07:14:12'::timestamp without time zone) AND (posthistorytypeid = 1))", "Rows Removed by Filter": 310, "Workers": []}]}]}]}]}]}]}, "Planning Time": 10.547, "Triggers": [], "Execution Time": 272.545}, {"Plan": {"Node Type": "Aggregate", "Strategy": "Plain", "Partial Mode": "Finalize", "Parallel Aware": false, "Async Capable": false, "Startup Cost": 90444.9, "Total Cost": 90444.91, "Plan Rows": 1, "Plan Width": 8, "Actual Rows": 1, "Actual Loops": 1, "Plans": [{"Node Type": "Gather", "Parent Relationship": "Outer", "Parallel Aware": false, "Async Capable": false, "Startup Cost": 90444.79, "Total Cost": 90444.9, "Plan Rows": 1, "Plan Width": 8, "Actual Rows": 2, "Actual Loops": 1, "Workers Planned": 1, "Workers Launched": 1, "Single Copy": false, "Plans": [{"Node Type": "Aggregate", "Strategy": "Plain", "Partial Mode": "Partial", "Parent Relationship": "Outer", "Parallel Aware": false, "Async Capable": false, "Startup Cost": 89444.79, "Total Cost": 89444.8, "Plan Rows": 1, "Plan Width": 8, "Actual Rows": 1, "Actual Loops": 2, "Workers": [], "Plans": [{"Node Type": "Merge Join", "Parent Relationship": "Outer", "Parallel Aware": false, "Async Capable": false, "Join Type": "Inner", "Startup Cost": 11592.09, "Total Cost": 15247.43, "Plan Rows": 29678942, "Plan Width": 0, "Actual Rows": 38736, "Actual Loops": 2, "Inner Unique": false, "Merge Cond": "(u.id = v.userid)", "Workers": [], "Plans": [{"Node Type": "Sort", "Parent Relationship": "Outer", "Parallel Aware": false, "Async Capable": false, "Startup Cost": 7725.13, "Total Cost": 7759.63, "Plan Rows": 13803, "Plan Width": 8, "Actual Rows": 9525, "Actual Loops": 2, "Sort Key": ["ph.userid"], "Sort Method": "quicksort", "Sort Space Used": 696, "Sort Space Type": "Memory", "Workers": [{"Worker Number": 0, "Sort Method": "quicksort", "Sort Space Used": 683, "Sort Space Type": "Memory"}], "Plans": [{"Node Type": "Hash Join", "Parent Relationship": "Outer", "Parallel Aware": false, "Async Capable": false, "Join Type": "Inner", "Startup Cost": 1373.3, "Total Cost": 6775.98, "Plan Rows": 13803, "Plan Width": 8, "Actual Rows": 9753, "Actual Loops": 2, "Inner Unique": true, "Hash Cond": "(ph.userid = u.id)", "Workers": [], "Plans": [{"Node Type": "Seq Scan", "Parent Relationship": "Outer", "Parallel Aware": true, "Async Capable": false, "Relation Name": "posthistory", "Alias": "ph", "Startup Cost": 0.0, "Total Cost": 5361.04, "Plan Rows": 15863, "Plan Width": 4, "Actual Rows": 14464, "Actual Loops": 2, "Filter": "((creationdate >= '2012-11-05 01:25:39'::timestamp without time zone) AND (creationdate <= '2014-09-09 07:14:12'::timestamp without time zone) AND (posthistorytypeid = 1))", "Rows Removed by Filter": 137129, "Workers": []}, {"Node Type": "Hash", "Parent Relationship": "Inner", "Parallel Aware": false, "Async Capable": false, "Startup Cost": 901.88, "Total Cost": 901.88, "Plan Rows": 37714, "Plan Width": 4, "Actual Rows": 37714, "Actual Loops": 2, "Hash Buckets": 65536, "Original Hash Buckets": 65536, "Hash Batches": 1, "Original Hash Batches": 1, "Peak Memory Usage": 1838, "Workers": [], "Plans": [{"Node Type": "Seq Scan", "Parent Relationship": "Outer", "Parallel Aware": false, "Async Capable": false, "Relation Name": "users", "Alias": "u", "Startup Cost": 0.0, "Total Cost": 901.88, "Plan Rows": 37714, "Plan Width": 4, "Actual Rows": 37714, "Actual Loops": 2, "Filter": "((views >= 0) AND (views <= 13))", "Rows Removed by Filter": 2611, "Workers": []}]}]}]}, {"Node Type": "Materialize", "Parent Relationship": "Inner", "Parallel Aware": false, "Async Capable": false, "Startup Cost": 3866.96, "Total Cost": 15254.07, "Plan Rows": 3803022, "Plan Width": 12, "Actual Rows": 6842097, "Actual Loops": 2, "Workers": [], "Plans": [{"Node Type": "Merge Join", "Parent Relationship": "Outer", "Parallel Aware": false, "Async Capable": false, "Join Type": "Inner", "Startup Cost": 3866.96, "Total Cost": 5746.52, "Plan Rows": 3803022, "Plan Width": 12, "Actual Rows": 6809709, "Actual Loops": 2, "Inner Unique": false, "Merge Cond": "(p.owneruserid = v.userid)", "Workers": [], "Plans": [{"Node Type": "Sort", "Parent Relationship": "Outer", "Parallel Aware": false, "Async Capable": false, "Startup Cost": 3866.24, "Total Cost": 3915.86, "Plan Rows": 19846, "Plan Width": 4, "Actual Rows": 41240, "Actual Loops": 2, "Sort Key": ["p.owneruserid"], "Sort Method": "quicksort", "Sort Space Used": 1537, "Sort Space Type": "Memory", "Workers": [{"Worker Number": 0, "Sort Method": "quicksort", "Sort Space Used": 1537, "Sort Space Type": "Memory"}], "Plans": [{"Node Type": "Seq Scan", "Parent Relationship": "Outer", "Parallel Aware": false, "Async Capable": false, "Relation Name": "posts", "Alias": "p", "Startup Cost": 0.0, "Total Cost": 2449.58, "Plan Rows": 19846, "Plan Width": 4, "Actual Rows": 42516, "Actual Loops": 2, "Filter": "((viewcount >= 10) AND (answercount >= 0) AND (answercount <= 10))", "Rows Removed by Filter": 49460, "Workers": []}]}, {"Node Type": "Materialize", "Parent Relationship": "Inner", "Parallel Aware": false, "Async Capable": false, "Startup Cost": 0.72, "Total Cost": 6181.12, "Plan Rows": 54878, "Plan Width": 8, "Actual Rows": 6811731, "Actual Loops": 2, "Workers": [], "Plans": [{"Node Type": "Merge Join", "Parent Relationship": "Outer", "Parallel Aware": false, "Async Capable": false, "Join Type": "Inner", "Startup Cost": 0.72, "Total Cost": 6043.93, "Plan Rows": 54878, "Plan Width": 8, "Actual Rows": 505054, "Actual Loops": 2, "Inner Unique": false, "Merge Cond": "(v.userid = c.userid)", "Workers": [], "Plans": [{"Node Type": "Index Scan", "Parent Relationship": "Outer", "Parallel Aware": false, "Async Capable": false, "Scan Direction": "Forward", "Index Name": "idx_votes_userid", "Relation Name": "votes", "Alias": "v", "Startup Cost": 0.42, "Total Cost": 14062.79, "Plan Rows": 1718, "Plan Width": 4, "Actual Rows": 1085, "Actual Loops": 2, "Filter": "((bountyamount >= 0) AND (bountyamount <= 200) AND (creationdate >= '2010-07-26 00:00:00'::timestamp without time zone))", "Rows Removed by Filter": 36544, "Workers": []}, {"Node Type": "Index Only Scan", "Parent Relationship": "Inner", "Parallel Aware": false, "Async Capable": false, "Scan Direction": "Forward", "Index Name": "idx_comments_userid", "Relation Name": "comments", "Alias": "c", "Startup Cost": 0.29, "Total Cost": 3568.78, "Plan Rows": 174305, "Plan Width": 4, "Actual Rows": 600868, "Actual Loops": 2, "Heap Fetches": 0, "Workers": []}]}]}]}]}]}]}]}]}, "Planning Time": 10.999, "Triggers": [], "Execution Time": 1861.126}, {"Plan": {"Node Type": "Aggregate", "Strategy": "Plain", "Partial Mode": "Finalize", "Parallel Aware": false, "Async Capable": false, "Startup Cost": 3038836.55, "Total Cost": 3038836.56, "Plan Rows": 1, "Plan Width": 8, "Actual Rows": 1, "Actual Loops": 1, "Plans": [{"Node Type": "Gather", "Parent Relationship": "Outer", "Parallel Aware": false, "Async Capable": false, "Startup Cost": 3038836.44, "Total Cost": 3038836.55, "Plan Rows": 1, "Plan Width": 8, "Actual Rows": 2, "Actual Loops": 1, "Workers Planned": 1, "Workers Launched": 1, "Single Copy": false, "Plans": [{"Node Type": "Aggregate", "Strategy": "Plain", "Partial Mode": "Partial", "Parent Relationship": "Outer", "Parallel Aware": false, "Async Capable": false, "Startup Cost": 3037836.44, "Total Cost": 3037836.45, "Plan Rows": 1, "Plan Width": 8, "Actual Rows": 1, "Actual Loops": 2, "Workers": [], "Plans": [{"Node Type": "Merge Join", "Parent Relationship": "Outer", "Parallel Aware": false, "Async Capable": false, "Join Type": "Inner", "Startup Cost": 10335.02, "Total Cost": 2963639.08, "Plan Rows": 29678942, "Plan Width": 0, "Actual Rows": 38736, "Actual Loops": 2, "Inner Unique": false, "Merge Cond": "(c.userid = v.userid)", "Workers": [], "Plans": [{"Node Type": "Nested Loop", "Parent Relationship": "Outer", "Parallel Aware": false, "Async Capable": false, "Join Type": "Inner", "Startup Cost": 10334.3, "Total Cost": 135151.59, "Plan Rows": 953104778, "Plan Width": 12, "Actual Rows": 28264663, "Actual Loops": 2, "Inner Unique": false, "Workers": [], "Plans": [{"Node Type": "Merge Join", "Parent Relationship": "Outer", "Parallel Aware": false, "Async Capable": false, "Join Type": "Inner", "Startup Cost": 10334.0, "Total Cost": 19621.55, "Plan Rows": 614249, "Plan Width": 8, "Actual Rows": 160454, "Actual Loops": 2, "Inner Unique": false, "Merge Cond": "(ph.userid = p.owneruserid)", "Workers": [], "Plans": [{"Node Type": "Sort", "Parent Relationship": "Outer", "Parallel Aware": false, "Async Capable": false, "Startup Cost": 6467.75, "Total Cost": 6507.41, "Plan Rows": 15863, "Plan Width": 4, "Actual Rows": 14340, "Actual Loops": 2, "Sort Key": ["ph.userid"], "Sort Method": "quicksort", "Sort Space Used": 769, "Sort Space Type": "Memory", "Workers": [{"Worker Number": 0, "Sort Method": "quicksort", "Sort Space Used": 385, "Sort Space Type": "Memory"}], "Plans": [{"Node Type": "Seq Scan", "Parent Relationship": "Outer", "Parallel Aware": true, "Async Capable": false, "Relation Name": "posthistory", "Alias": "ph", "Startup Cost": 0.0, "Total Cost": 5361.04, "Plan Rows": 15863, "Plan Width": 4, "Actual Rows": 14464, "Actual Loops": 2, "Filter": "((creationdate >= '2012-11-05 01:25:39'::timestamp without time zone) AND (creationdate <= '2014-09-09 07:14:12'::timestamp without time zone) AND (posthistorytypeid = 1))", "Rows Removed by Filter": 137129, "Workers": []}]}, {"Node Type": "Sort", "Parent Relationship": "Inner", "Parallel Aware": false, "Async Capable": false, "Startup Cost": 3866.24, "Total Cost": 3915.86, "Plan Rows": 19846, "Plan Width": 4, "Actual Rows": 176306, "Actual Loops": 2, "Sort Key": ["p.owneruserid"], "Sort Method": "quicksort", "Sort Space Used": 1537, "Sort Space Type": "Memory", "Workers": [{"Worker Number": 0, "Sort Method": "quicksort", "Sort Space Used": 1537, "Sort Space Type": "Memory"}], "Plans": [{"Node Type": "Seq Scan", "Parent Relationship": "Outer", "Parallel Aware": false, "Async Capable": false, "Relation Name": "posts", "Alias": "p", "Startup Cost": 0.0, "Total Cost": 2449.58, "Plan Rows": 19846, "Plan Width": 4, "Actual Rows": 42516, "Actual Loops": 2, "Filter": "((viewcount >= 10) AND (answercount >= 0) AND (answercount <= 10))", "Rows Removed by Filter": 49460, "Workers": []}]}]}, {"Node Type": "Memoize", "Parent Relationship": "Inner", "Parallel Aware": false, "Async Capable": false, "Startup Cost": 0.3, "Total Cost": 0.58, "Plan Rows": 13, "Plan Width": 4, "Actual Rows": 176, "Actual Loops": 320909, "Cache Key": "p.owneruserid", "Cache Mode": "logical", "Cache Hits": 210533, "Cache Misses": 10658, "Cache Evictions": 0, "Cache Overflows": 0, "Peak Memory Usage": 4356, "Workers": [{"Worker Number": 0, "Cache Hits": 93729, "Cache Misses": 5989, "Cache Evictions": 0, "Cache Overflows": 0, "Peak Memory Usage": 2968}], "Plans": [{"Node Type": "Index Only Scan", "Parent Relationship": "Outer", "Parallel Aware": false, "Async Capable": false, "Scan Direction": "Forward", "Index Name": "idx_comments_userid", "Relation Name": "comments", "Alias": "c", "Startup Cost": 0.29, "Total Cost": 0.57, "Plan Rows": 13, "Plan Width": 4, "Actual Rows": 11, "Actual Loops": 16647, "Index Cond": "(userid = p.owneruserid)", "Rows Removed by Index Recheck": 0, "Heap Fetches": 0, "Workers": []}]}]}, {"Node Type": "Materialize", "Parent Relationship": "Inner", "Parallel Aware": false, "Async Capable": false, "Startup Cost": 0.71, "Total Cost": 3145.8, "Plan Rows": 170, "Plan Width": 8, "Actual Rows": 38853, "Actual Loops": 2, "Workers": [], "Plans": [{"Node Type": "Merge Join", "Parent Relationship": "Outer", "Parallel Aware": false, "Async Capable": false, "Join Type": "Inner", "Startup Cost": 0.71, "Total Cost": 3145.38, "Plan Rows": 170, "Plan Width": 8, "Actual Rows": 241, "Actual Loops": 2, "Inner Unique": true, "Merge Cond": "(v.userid = u.id)", "Workers": [], "Plans": [{"Node Type": "Index Scan", "Parent Relationship": "Outer", "Parallel Aware": false, "Async Capable": false, "Scan Direction": "Forward", "Index Name": "idx_votes_userid", "Relation Name": "votes", "Alias": "v", "Startup Cost": 0.42, "Total Cost": 14062.79, "Plan Rows": 1718, "Plan Width": 4, "Actual Rows": 1084, "Actual Loops": 2, "Filter": "((bountyamount >= 0) AND (bountyamount <= 200) AND (creationdate >= '2010-07-26 00:00:00'::timestamp without time zone))", "Rows Removed by Filter": 33700, "Workers": []}, {"Node Type": "Index Scan", "Parent Relationship": "Inner", "Parallel Aware": false, "Async Capable": false, "Scan Direction": "Forward", "Index Name": "users_pkey", "Relation Name": "users", "Alias": "u", "Startup Cost": 0.29, "Total Cost": 1558.79, "Plan Rows": 37714, "Plan Width": 4, "Actual Rows": 37617, "Actual Loops": 2, "Filter": "((views >= 0) AND (views <= 13))", "Rows Removed by Filter": 2611, "Workers": []}]}]}]}]}]}]}, "Planning Time": 5.085, "Triggers": [], "Execution Time": 2468.127}, {"Plan": {"Node Type": "Aggregate", "Strategy": "Plain", "Partial Mode": "Finalize", "Parallel Aware": false, "Async Capable": false, "Startup Cost": 157344.52, "Total Cost": 157344.53, "Plan Rows": 1, "Plan Width": 8, "Actual Rows": 1, "Actual Loops": 1, "Plans": [{"Node Type": "Gather", "Parent Relationship": "Outer", "Parallel Aware": false, "Async Capable": false, "Startup Cost": 157344.41, "Total Cost": 157344.52, "Plan Rows": 1, "Plan Width": 8, "Actual Rows": 2, "Actual Loops": 1, "Workers Planned": 1, "Workers Launched": 1, "Single Copy": false, "Plans": [{"Node Type": "Aggregate", "Strategy": "Plain", "Partial Mode": "Partial", "Parent Relationship": "Outer", "Parallel Aware": false, "Async Capable": false, "Startup Cost": 156344.41, "Total Cost": 156344.42, "Plan Rows": 1, "Plan Width": 8, "Actual Rows": 1, "Actual Loops": 2, "Workers": [], "Plans": [{"Node Type": "Merge Join", "Parent Relationship": "Outer", "Parallel Aware": false, "Async Capable": false, "Join Type": "Inner", "Startup Cost": 1.73, "Total Cost": 82147.05, "Plan Rows": 29678942, "Plan Width": 0, "Actual Rows": 38736, "Actual Loops": 2, "Inner Unique": false, "Merge Cond": "(v.userid = c.userid)", "Workers": [], "Plans": [{"Node Type": "Nested Loop", "Parent Relationship": "Outer", "Parallel Aware": false, "Async Capable": false, "Join Type": "Inner", "Startup Cost": 1.13, "Total Cost": 2998.59, "Plan Rows": 366, "Plan Width": 12, "Actual Rows": 281, "Actual Loops": 2, "Inner Unique": false, "Join Filter": "(ph.userid = v.userid)", "Rows Removed by Join Filter": 0, "Workers": [], "Plans": [{"Node Type": "Merge Join", "Parent Relationship": "Outer", "Parallel Aware": false, "Async Capable": false, "Join Type": "Inner", "Startup Cost": 0.71, "Total Cost": 2892.87, "Plan Rows": 100, "Plan Width": 8, "Actual Rows": 120, "Actual Loops": 2, "Inner Unique": true, "Merge Cond": "(v.userid = u.id)", "Workers": [], "Plans": [{"Node Type": "Index Scan", "Parent Relationship": "Outer", "Parallel Aware": true, "Async Capable": false, "Scan Direction": "Forward", "Index Name": "idx_votes_userid", "Relation Name": "votes", "Alias": "v", "Startup Cost": 0.42, "Total Cost": 11698.8, "Plan Rows": 1011, "Plan Width": 4, "Actual Rows": 543, "Actual Loops": 2, "Filter": "((bountyamount >= 0) AND (bountyamount <= 200) AND (creationdate >= '2010-07-26 00:00:00'::timestamp without time zone))", "Rows Removed by Filter": 18615, "Workers": []}, {"Node Type": "Index Scan", "Parent Relationship": "Inner", "Parallel Aware": false, "Async Capable": false, "Scan Direction": "Forward", "Index Name": "users_pkey", "Relation Name": "users", "Alias": "u", "Startup Cost": 0.29, "Total Cost": 1558.79, "Plan Rows": 37714, "Plan Width": 4, "Actual Rows": 36099, "Actual Loops": 2, "Filter": "((views >= 0) AND (views <= 13))", "Rows Removed by Filter": 2605, "Workers": []}]}, {"Node Type": "Index Scan", "Parent Relationship": "Inner", "Parallel Aware": false, "Async Capable": false, "Scan Direction": "Forward", "Index Name": "idx_posthistory_userid", "Relation Name": "posthistory", "Alias": "ph", "Startup Cost": 0.42, "Total Cost": 1.04, "Plan Rows": 1, "Plan Width": 4, "Actual Rows": 2, "Actual Loops": 241, "Index Cond": "(userid = u.id)", "Rows Removed by Index Recheck": 0, "Filter": "((creationdate >= '2012-11-05 01:25:39'::timestamp without time zone) AND (creationdate <= '2014-09-09 07:14:12'::timestamp without time zone) AND (posthistorytypeid = 1))", "Rows Removed by Filter": 310, "Workers": []}]}, {"Node Type": "Materialize", "Parent Relationship": "Inner", "Parallel Aware": false, "Async Capable": false, "Startup Cost": 0.6, "Total Cost": 43526.15, "Plan Rows": 12079346, "Plan Width": 8, "Actual Rows": 1811408, "Actual Loops": 2, "Workers": [], "Plans": [{"Node Type": "Nested Loop", "Parent Relationship": "Outer", "Parallel Aware": false, "Async Capable": false, "Join Type": "Inner", "Startup Cost": 0.6, "Total Cost": 13327.79, "Plan Rows": 12079346, "Plan Width": 8, "Actual Rows": 1775980, "Actual Loops": 2, "Inner Unique": false, "Workers": [], "Plans": [{"Node Type": "Index Only Scan", "Parent Relationship": "Outer", "Parallel Aware": false, "Async Capable": false, "Scan Direction": "Forward", "Index Name": "idx_comments_userid", "Relation Name": "comments", "Alias": "c", "Startup Cost": 0.29, "Total Cost": 3568.78, "Plan Rows": 174305, "Plan Width": 4, "Actual Rows": 169870, "Actual Loops": 2, "Heap Fetches": 0, "Workers": []}, {"Node Type": "Memoize", "Parent Relationship": "Inner", "Parallel Aware": false, "Async Capable": false, "Startup Cost": 0.3, "Total Cost": 0.42, "Plan Rows": 1, "Plan Width": 4, "Actual Rows": 10, "Actual Loops": 339740, "Cache Key": "c.userid", "Cache Mode": "logical", "Cache Hits": 156396, "Cache Misses": 12936, "Cache Evictions": 0, "Cache Overflows": 0, "Peak Memory Usage": 2038, "Workers": [{"Worker Number": 0, "Cache Hits": 157146, "Cache Misses": 13262, "Cache Evictions": 0, "Cache Overflows": 0, "Peak Memory Usage": 2075}], "Plans": [{"Node Type": "Index Scan", "Parent Relationship": "Outer", "Parallel Aware": false, "Async Capable": false, "Scan Direction": "Forward", "Index Name": "idx_posts_owneruserid", "Relation Name": "posts", "Alias": "p", "Startup Cost": 0.29, "Total Cost": 0.41, "Plan Rows": 1, "Plan Width": 4, "Actual Rows": 3, "Actual Loops": 26198, "Index Cond": "(owneruserid = c.userid)", "Rows Removed by Index Recheck": 0, "Filter": "((viewcount >= 10) AND (answercount >= 0) AND (answercount <= 10))", "Rows Removed by Filter": 3, "Workers": []}]}]}]}]}]}]}]}, "Planning Time": 9.935, "Triggers": [], "Execution Time": 575.992}, {"Plan": {"Node Type": "Aggregate", "Strategy": "Plain", "Partial Mode": "Finalize", "Parallel Aware": false, "Async Capable": false, "Startup Cost": 459038.95, "Total Cost": 459038.96, "Plan Rows": 1, "Plan Width": 8, "Actual Rows": 1, "Actual Loops": 1, "Plans": [{"Node Type": "Gather", "Parent Relationship": "Outer", "Parallel Aware": false, "Async Capable": false, "Startup Cost": 459038.83, "Total Cost": 459038.94, "Plan Rows": 1, "Plan Width": 8, "Actual Rows": 2, "Actual Loops": 1, "Workers Planned": 1, "Workers Launched": 1, "Single Copy": false, "Plans": [{"Node Type": "Aggregate", "Strategy": "Plain", "Partial Mode": "Partial", "Parent Relationship": "Outer", "Parallel Aware": false, "Async Capable": false, "Startup Cost": 458038.83, "Total Cost": 458038.84, "Plan Rows": 1, "Plan Width": 8, "Actual Rows": 1, "Actual Loops": 2, "Workers": [], "Plans": [{"Node Type": "Merge Join", "Parent Relationship": "Outer", "Parallel Aware": false, "Async Capable": false, "Join Type": "Inner", "Startup Cost": 3867.68, "Total Cost": 383841.48, "Plan Rows": 29678942, "Plan Width": 0, "Actual Rows": 38736, "Actual Loops": 2, "Inner Unique": true, "Merge Cond": "(v.userid = u.id)", "Workers": [], "Plans": [{"Node Type": "Nested Loop", "Parent Relationship": "Outer", "Parallel Aware": false, "Async Capable": false, "Join Type": "Inner", "Startup Cost": 3867.39, "Total Cost": 24646.26, "Plan Rows": 300072373, "Plan Width": 16, "Actual Rows": 66218944, "Actual Loops": 2, "Inner Unique": false, "Workers": [], "Plans": [{"Node Type": "Nested Loop", "Parent Relationship": "Outer", "Parallel Aware": false, "Async Capable": false, "Join Type": "Inner", "Startup Cost": 3867.09, "Total Cost": 7437.61, "Plan Rows": 89566, "Plan Width": 12, "Actual Rows": 277496, "Actual Loops": 2, "Inner Unique": false, "Join Filter": "(ph.userid = v.userid)", "Rows Removed by Join Filter": 0, "Workers": [], "Plans": [{"Node Type": "Merge Join", "Parent Relationship": "Outer", "Parallel Aware": false, "Async Capable": false, "Join Type": "Inner", "Startup Cost": 3866.67, "Total Cost": 5221.3, "Plan Rows": 1702, "Plan Width": 8, "Actual Rows": 9866, "Actual Loops": 2, "Inner Unique": false, "Merge Cond": "(v.userid = p.owneruserid)", "Workers": [], "Plans": [{"Node Type": "Index Scan", "Parent Relationship": "Outer", "Parallel Aware": true, "Async Capable": false, "Scan Direction": "Forward", "Index Name": "idx_votes_userid", "Relation Name": "votes", "Alias": "v", "Startup Cost": 0.42, "Total Cost": 11698.8, "Plan Rows": 1011, "Plan Width": 4, "Actual Rows": 543, "Actual Loops": 2, "Filter": "((bountyamount >= 0) AND (bountyamount <= 200) AND (creationdate >= '2010-07-26 00:00:00'::timestamp without time zone))", "Rows Removed by Filter": 18615, "Workers": []}, {"Node Type": "Sort", "Parent Relationship": "Inner", "Parallel Aware": false, "Async Capable": false, "Startup Cost": 3866.24, "Total Cost": 3915.86, "Plan Rows": 19846, "Plan Width": 4, "Actual Rows": 46944, "Actual Loops": 2, "Sort Key": ["p.owneruserid"], "Sort Method": "quicksort", "Sort Space Used": 1537, "Sort Space Type": "Memory", "Workers": [{"Worker Number": 0, "Sort Method": "quicksort", "Sort Space Used": 1537, "Sort Space Type": "Memory"}], "Plans": [{"Node Type": "Seq Scan", "Parent Relationship": "Outer", "Parallel Aware": false, "Async Capable": false, "Relation Name": "posts", "Alias": "p", "Startup Cost": 0.0, "Total Cost": 2449.58, "Plan Rows": 19846, "Plan Width": 4, "Actual Rows": 42516, "Actual Loops": 2, "Filter": "((viewcount >= 10) AND (answercount >= 0) AND (answercount <= 10))", "Rows Removed by Filter": 49460, "Workers": []}]}]}, {"Node Type": "Index Scan", "Parent Relationship": "Inner", "Parallel Aware": false, "Async Capable": false, "Scan Direction": "Forward", "Index Name": "idx_posthistory_userid", "Relation Name": "posthistory", "Alias": "ph", "Startup Cost": 0.42, "Total Cost": 1.29, "Plan Rows": 1, "Plan Width": 4, "Actual Rows": 28, "Actual Loops": 19733, "Index Cond": "(userid = p.owneruserid)", "Rows Removed by Index Recheck": 0, "Filter": "((creationdate >= '2012-11-05 01:25:39'::timestamp without time zone) AND (creationdate <= '2014-09-09 07:14:12'::timestamp without time zone) AND (posthistorytypeid = 1))", "Rows Removed by Filter": 429, "Workers": []}]}, {"Node Type": "Memoize", "Parent Relationship": "Inner", "Parallel Aware": false, "Async Capable": false, "Startup Cost": 0.3, "Total Cost": 1.11, "Plan Rows": 13, "Plan Width": 4, "Actual Rows": 239, "Actual Loops": 554992, "Cache Key": "v.userid", "Cache Mode": "logical", "Cache Hits": 234075, "Cache Misses": 267, "Cache Evictions": 0, "Cache Overflows": 0, "Peak Memory Usage": 455, "Workers": [{"Worker Number": 0, "Cache Hits": 320369, "Cache Misses": 281, "Cache Evictions": 0, "Cache Overflows": 0, "Peak Memory Usage": 1519}], "Plans": [{"Node Type": "Index Only Scan", "Parent Relationship": "Outer", "Parallel Aware": false, "Async Capable": false, "Scan Direction": "Forward", "Index Name": "idx_comments_userid", "Relation Name": "comments", "Alias": "c", "Startup Cost": 0.29, "Total Cost": 1.1, "Plan Rows": 13, "Plan Width": 4, "Actual Rows": 100, "Actual Loops": 548, "Index Cond": "(userid = v.userid)", "Rows Removed by Index Recheck": 0, "Heap Fetches": 0, "Workers": []}]}]}, {"Node Type": "Index Scan", "Parent Relationship": "Inner", "Parallel Aware": false, "Async Capable": false, "Scan Direction": "Forward", "Index Name": "users_pkey", "Relation Name": "users", "Alias": "u", "Startup Cost": 0.29, "Total Cost": 1558.79, "Plan Rows": 37714, "Plan Width": 4, "Actual Rows": 34060, "Actual Loops": 2, "Filter": "((views >= 0) AND (views <= 13))", "Rows Removed by Filter": 2588, "Workers": []}]}]}]}]}, "Planning Time": 4.985, "Triggers": [], "Execution Time": 4940.683}, {"Plan": {"Node Type": "Aggregate", "Strategy": "Plain", "Partial Mode": "Finalize", "Parallel Aware": false, "Async Capable": false, "Startup Cost": 100825.78, "Total Cost": 100825.79, "Plan Rows": 1, "Plan Width": 8, "Actual Rows": 1, "Actual Loops": 1, "Plans": [{"Node Type": "Gather", "Parent Relationship": "Outer", "Parallel Aware": false, "Async Capable": false, "Startup Cost": 100825.67, "Total Cost": 100825.78, "Plan Rows": 1, "Plan Width": 8, "Actual Rows": 2, "Actual Loops": 1, "Workers Planned": 1, "Workers Launched": 1, "Single Copy": false, "Plans": [{"Node Type": "Aggregate", "Strategy": "Plain", "Partial Mode": "Partial", "Parent Relationship": "Outer", "Parallel Aware": false, "Async Capable": false, "Startup Cost": 99825.67, "Total Cost": 99825.68, "Plan Rows": 1, "Plan Width": 8, "Actual Rows": 1, "Actual Loops": 2, "Workers": [], "Plans": [{"Node Type": "Merge Join", "Parent Relationship": "Outer", "Parallel Aware": false, "Async Capable": false, "Join Type": "Inner", "Startup Cost": 10335.01, "Total Cost": 25628.31, "Plan Rows": 29678942, "Plan Width": 0, "Actual Rows": 38736, "Actual Loops": 2, "Inner Unique": false, "Merge Cond": "(p.owneruserid = v.userid)", "Workers": [], "Plans": [{"Node Type": "Merge Join", "Parent Relationship": "Outer", "Parallel Aware": false, "Async Capable": false, "Join Type": "Inner", "Startup Cost": 10334.0, "Total Cost": 19621.55, "Plan Rows": 614249, "Plan Width": 8, "Actual Rows": 159124, "Actual Loops": 2, "Inner Unique": false, "Merge Cond": "(ph.userid = p.owneruserid)", "Workers": [], "Plans": [{"Node Type": "Sort", "Parent Relationship": "Outer", "Parallel Aware": false, "Async Capable": false, "Startup Cost": 6467.75, "Total Cost": 6507.41, "Plan Rows": 15863, "Plan Width": 4, "Actual Rows": 13608, "Actual Loops": 2, "Sort Key": ["ph.userid"], "Sort Method": "quicksort", "Sort Space Used": 769, "Sort Space Type": "Memory", "Workers": [{"Worker Number": 0, "Sort Method": "quicksort", "Sort Space Used": 385, "Sort Space Type": "Memory"}], "Plans": [{"Node Type": "Seq Scan", "Parent Relationship": "Outer", "Parallel Aware": true, "Async Capable": false, "Relation Name": "posthistory", "Alias": "ph", "Startup Cost": 0.0, "Total Cost": 5361.04, "Plan Rows": 15863, "Plan Width": 4, "Actual Rows": 14464, "Actual Loops": 2, "Filter": "((creationdate >= '2012-11-05 01:25:39'::timestamp without time zone) AND (creationdate <= '2014-09-09 07:14:12'::timestamp without time zone) AND (posthistorytypeid = 1))", "Rows Removed by Filter": 137129, "Workers": []}]}, {"Node Type": "Sort", "Parent Relationship": "Inner", "Parallel Aware": false, "Async Capable": false, "Startup Cost": 3866.24, "Total Cost": 3915.86, "Plan Rows": 19846, "Plan Width": 4, "Actual Rows": 174476, "Actual Loops": 2, "Sort Key": ["p.owneruserid"], "Sort Method": "quicksort", "Sort Space Used": 1537, "Sort Space Type": "Memory", "Workers": [{"Worker Number": 0, "Sort Method": "quicksort", "Sort Space Used": 1537, "Sort Space Type": "Memory"}], "Plans": [{"Node Type": "Seq Scan", "Parent Relationship": "Outer", "Parallel Aware": false, "Async Capable": false, "Relation Name": "posts", "Alias": "p", "Startup Cost": 0.0, "Total Cost": 2449.58, "Plan Rows": 19846, "Plan Width": 4, "Actual Rows": 42516, "Actual Loops": 2, "Filter": "((viewcount >= 10) AND (answercount >= 0) AND (answercount <= 10))", "Rows Removed by Filter": 49460, "Workers": []}]}]}, {"Node Type": "Materialize", "Parent Relationship": "Inner", "Parallel Aware": false, "Async Capable": false, "Startup Cost": 1.01, "Total Cost": 2375.29, "Plan Rows": 5428, "Plan Width": 12, "Actual Rows": 39140, "Actual Loops": 2, "Workers": [], "Plans": [{"Node Type": "Merge Join", "Parent Relationship": "Outer", "Parallel Aware": false, "Async Capable": false, "Join Type": "Inner", "Startup Cost": 1.01, "Total Cost": 2361.72, "Plan Rows": 5428, "Plan Width": 12, "Actual Rows": 1299, "Actual Loops": 2, "Inner Unique": true, "Merge Cond": "(v.userid = u.id)", "Workers": [], "Plans": [{"Node Type": "Merge Join", "Parent Relationship": "Outer", "Parallel Aware": false, "Async Capable": false, "Join Type": "Inner", "Startup Cost": 0.72, "Total Cost": 6043.93, "Plan Rows": 54878, "Plan Width": 8, "Actual Rows": 505054, "Actual Loops": 2, "Inner Unique": false, "Merge Cond": "(v.userid = c.userid)", "Workers": [], "Plans": [{"Node Type": "Index Scan", "Parent Relationship": "Outer", "Parallel Aware": false, "Async Capable": false, "Scan Direction": "Forward", "Index Name": "idx_votes_userid", "Relation Name": "votes", "Alias": "v", "Startup Cost": 0.42, "Total Cost": 14062.79, "Plan Rows": 1718, "Plan Width": 4, "Actual Rows": 1085, "Actual Loops": 2, "Filter": "((bountyamount >= 0) AND (bountyamount <= 200) AND (creationdate >= '2010-07-26 00:00:00'::timestamp without time zone))", "Rows Removed by Filter": 36544, "Workers": []}, {"Node Type": "Index Only Scan", "Parent Relationship": "Inner", "Parallel Aware": false, "Async Capable": false, "Scan Direction": "Forward", "Index Name": "idx_comments_userid", "Relation Name": "comments", "Alias": "c", "Startup Cost": 0.29, "Total Cost": 3568.78, "Plan Rows": 174305, "Plan Width": 4, "Actual Rows": 600868, "Actual Loops": 2, "Heap Fetches": 0, "Workers": []}]}, {"Node Type": "Index Scan", "Parent Relationship": "Inner", "Parallel Aware": false, "Async Capable": false, "Scan Direction": "Forward", "Index Name": "users_pkey", "Relation Name": "users", "Alias": "u", "Startup Cost": 0.29, "Total Cost": 1558.79, "Plan Rows": 37714, "Plan Width": 4, "Actual Rows": 36293, "Actual Loops": 2, "Filter": "((views >= 0) AND (views <= 13))", "Rows Removed by Filter": 2607, "Workers": []}]}]}]}]}]}]}, "Planning Time": 10.826, "Triggers": [], "Execution Time": 235.887}, {"Plan": {"Node Type": "Aggregate", "Strategy": "Plain", "Partial Mode": "Finalize", "Parallel Aware": false, "Async Capable": false, "Startup Cost": 203820.87, "Total Cost": 203820.88, "Plan Rows": 1, "Plan Width": 8, "Actual Rows": 1, "Actual Loops": 1, "Plans": [{"Node Type": "Gather", "Parent Relationship": "Outer", "Parallel Aware": false, "Async Capable": false, "Startup Cost": 203820.76, "Total Cost": 203820.87, "Plan Rows": 1, "Plan Width": 8, "Actual Rows": 2, "Actual Loops": 1, "Workers Planned": 1, "Workers Launched": 1, "Single Copy": false, "Plans": [{"Node Type": "Aggregate", "Strategy": "Plain", "Partial Mode": "Partial", "Parent Relationship": "Outer", "Parallel Aware": false, "Async Capable": false, "Startup Cost": 202820.76, "Total Cost": 202820.77, "Plan Rows": 1, "Plan Width": 8, "Actual Rows": 1, "Actual Loops": 2, "Workers": [], "Plans": [{"Node Type": "Merge Join", "Parent Relationship": "Outer", "Parallel Aware": false, "Async Capable": false, "Join Type": "Inner", "Startup Cost": 14560.21, "Total Cost": 128623.4, "Plan Rows": 29678942, "Plan Width": 0, "Actual Rows": 38736, "Actual Loops": 2, "Inner Unique": false, "Merge Cond": "(v.userid = u.id)", "Workers": [], "Plans": [{"Node Type": "Merge Join", "Parent Relationship": "Outer", "Parallel Aware": false, "Async Capable": false, "Join Type": "Inner", "Startup Cost": 3866.67, "Total Cost": 5221.3, "Plan Rows": 1702, "Plan Width": 8, "Actual Rows": 9866, "Actual Loops": 2, "Inner Unique": false, "Merge Cond": "(v.userid = p.owneruserid)", "Workers": [], "Plans": [{"Node Type": "Index Scan", "Parent Relationship": "Outer", "Parallel Aware": true, "Async Capable": false, "Scan Direction": "Forward", "Index Name": "idx_votes_userid", "Relation Name": "votes", "Alias": "v", "Startup Cost": 0.42, "Total Cost": 11698.8, "Plan Rows": 1011, "Plan Width": 4, "Actual Rows": 543, "Actual Loops": 2, "Filter": "((bountyamount >= 0) AND (bountyamount <= 200) AND (creationdate >= '2010-07-26 00:00:00'::timestamp without time zone))", "Rows Removed by Filter": 18615, "Workers": []}, {"Node Type": "Sort", "Parent Relationship": "Inner", "Parallel Aware": false, "Async Capable": false, "Startup Cost": 3866.24, "Total Cost": 3915.86, "Plan Rows": 19846, "Plan Width": 4, "Actual Rows": 47735, "Actual Loops": 2, "Sort Key": ["p.owneruserid"], "Sort Method": "quicksort", "Sort Space Used": 1537, "Sort Space Type": "Memory", "Workers": [{"Worker Number": 0, "Sort Method": "quicksort", "Sort Space Used": 1537, "Sort Space Type": "Memory"}], "Plans": [{"Node Type": "Seq Scan", "Parent Relationship": "Outer", "Parallel Aware": false, "Async Capable": false, "Relation Name": "posts", "Alias": "p", "Startup Cost": 0.0, "Total Cost": 2449.58, "Plan Rows": 19846, "Plan Width": 4, "Actual Rows": 42516, "Actual Loops": 2, "Filter": "((viewcount >= 10) AND (answercount >= 0) AND (answercount <= 10))", "Rows Removed by Filter": 49460, "Workers": []}]}]}, {"Node Type": "Materialize", "Parent Relationship": "Inner", "Parallel Aware": false, "Async Capable": false, "Startup Cost": 10693.54, "Total Cost": 69890.45, "Plan Rows": 21505072, "Plan Width": 12, "Actual Rows": 104566, "Actual Loops": 2, "Workers": [], "Plans": [{"Node Type": "Merge Join", "Parent Relationship": "Outer", "Parallel Aware": false, "Async Capable": false, "Join Type": "Inner", "Startup Cost": 10693.54, "Total Cost": 16127.77, "Plan Rows": 21505072, "Plan Width": 12, "Actual Rows": 68853, "Actual Loops": 2, "Inner Unique": false, "Merge Cond": "(c.userid = u.id)", "Workers": [], "Plans": [{"Node Type": "Index Only Scan", "Parent Relationship": "Outer", "Parallel Aware": false, "Async Capable": false, "Scan Direction": "Forward", "Index Name": "idx_comments_userid", "Relation Name": "comments", "Alias": "c", "Startup Cost": 0.29, "Total Cost": 3568.78, "Plan Rows": 174305, "Plan Width": 4, "Actual Rows": 170278, "Actual Loops": 2, "Heap Fetches": 0, "Workers": []}, {"Node Type": "Sort", "Parent Relationship": "Inner", "Parallel Aware": false, "Async Capable": false, "Startup Cost": 10693.22, "Total Cost": 10751.88, "Plan Rows": 23465, "Plan Width": 8, "Actual Rows": 74204, "Actual Loops": 2, "Sort Key": ["ph.userid"], "Sort Method": "quicksort", "Sort Space Used": 1378, "Sort Space Type": "Memory", "Workers": [{"Worker Number": 0, "Sort Method": "quicksort", "Sort Space Used": 1378, "Sort Space Type": "Memory"}], "Plans": [{"Node Type": "Hash Join", "Parent Relationship": "Outer", "Parallel Aware": false, "Async Capable": false, "Join Type": "Inner", "Startup Cost": 1373.3, "Total Cost": 8989.87, "Plan Rows": 23465, "Plan Width": 8, "Actual Rows": 19506, "Actual Loops": 2, "Inner Unique": true, "Hash Cond": "(ph.userid = u.id)", "Workers": [], "Plans": [{"Node Type": "Seq Scan", "Parent Relationship": "Outer", "Parallel Aware": false, "Async Capable": false, "Relation Name": "posthistory", "Alias": "ph", "Startup Cost": 0.0, "Total Cost": 7545.77, "Plan Rows": 26967, "Plan Width": 4, "Actual Rows": 28929, "Actual Loops": 2, "Filter": "((creationdate >= '2012-11-05 01:25:39'::timestamp without time zone) AND (creationdate <= '2014-09-09 07:14:12'::timestamp without time zone) AND (posthistorytypeid = 1))", "Rows Removed by Filter": 274258, "Workers": []}, {"Node Type": "Hash", "Parent Relationship": "Inner", "Parallel Aware": false, "Async Capable": false, "Startup Cost": 901.88, "Total Cost": 901.88, "Plan Rows": 37714, "Plan Width": 4, "Actual Rows": 37714, "Actual Loops": 2, "Hash Buckets": 65536, "Original Hash Buckets": 65536, "Hash Batches": 1, "Original Hash Batches": 1, "Peak Memory Usage": 1838, "Workers": [], "Plans": [{"Node Type": "Seq Scan", "Parent Relationship": "Outer", "Parallel Aware": false, "Async Capable": false, "Relation Name": "users", "Alias": "u", "Startup Cost": 0.0, "Total Cost": 901.88, "Plan Rows": 37714, "Plan Width": 4, "Actual Rows": 37714, "Actual Loops": 2, "Filter": "((views >= 0) AND (views <= 13))", "Rows Removed by Filter": 2611, "Workers": []}]}]}]}]}]}]}]}]}]}, "Planning Time": 10.094, "Triggers": [], "Execution Time": 214.598}, {"Plan": {"Node Type": "Aggregate", "Strategy": "Plain", "Partial Mode": "Simple", "Parallel Aware": false, "Async Capable": false, "Startup Cost": 909483.92, "Total Cost": 909483.93, "Plan Rows": 1, "Plan Width": 8, "Plans": [{"Node Type": "Merge Join", "Parent Relationship": "Outer", "Parallel Aware": false, "Async Capable": false, "Join Type": "Inner", "Startup Cost": 3867.68, "Total Cost": 783348.42, "Plan Rows": 50454202, "Plan Width": 0, "Inner Unique": false, "Merge Cond": "(u.id = v.userid)", "Plans": [{"Node Type": "Index Scan", "Parent Relationship": "Outer", "Parallel Aware": false, "Async Capable": false, "Scan Direction": "Forward", "Index Name": "users_pkey", "Relation Name": "users", "Alias": "u", "Startup Cost": 0.29, "Total Cost": 1558.79, "Plan Rows": 37714, "Plan Width": 4, "Filter": "((views >= 0) AND (views <= 13))"}, {"Node Type": "Materialize", "Parent Relationship": "Inner", "Parallel Aware": false, "Async Capable": false, "Startup Cost": 3867.39, "Total Cost": 1312741.75, "Plan Rows": 510123034, "Plan Width": 16, "Plans": [{"Node Type": "Nested Loop", "Parent Relationship": "Outer", "Parallel Aware": false, "Async Capable": false, "Join Type": "Inner", "Startup Cost": 3867.39, "Total Cost": 37434.16, "Plan Rows": 510123034, "Plan Width": 16, "Inner Unique": false, "Plans": [{"Node Type": "Nested Loop", "Parent Relationship": "Outer", "Parallel Aware": false, "Async Capable": false, "Join Type": "Inner", "Startup Cost": 3867.09, "Total Cost": 9253.53, "Plan Rows": 152263, "Plan Width": 12, "Inner Unique": false, "Join Filter": "(ph.userid = v.userid)", "Plans": [{"Node Type": "Merge Join", "Parent Relationship": "Outer", "Parallel Aware": false, "Async Capable": false, "Join Type": "Inner", "Startup Cost": 3866.67, "Total Cost": 5485.02, "Plan Rows": 2894, "Plan Width": 8, "Inner Unique": false, "Merge Cond": "(v.userid = p.owneruserid)", "Plans": [{"Node Type": "Index Scan", "Parent Relationship": "Outer", "Parallel Aware": false, "Async Capable": false, "Scan Direction": "Forward", "Index Name": "idx_votes_userid", "Relation Name": "votes", "Alias": "v", "Startup Cost": 0.42, "Total Cost": 14062.79, "Plan Rows": 1718, "Plan Width": 4, "Filter": "((bountyamount >= 0) AND (bountyamount <= 200) AND (creationdate >= '2010-07-26 00:00:00'::timestamp without time zone))"}, {"Node Type": "Sort", "Parent Relationship": "Inner", "Parallel Aware": false, "Async Capable": false, "Startup Cost": 3866.24, "Total Cost": 3915.86, "Plan Rows": 19846, "Plan Width": 4, "Sort Key": ["p.owneruserid"], "Plans": [{"Node Type": "Seq Scan", "Parent Relationship": "Outer", "Parallel Aware": false, "Async Capable": false, "Relation Name": "posts", "Alias": "p", "Startup Cost": 0.0, "Total Cost": 2449.58, "Plan Rows": 19846, "Plan Width": 4, "Filter": "((viewcount >= 10) AND (answercount >= 0) AND (answercount <= 10))"}]}]}, {"Node Type": "Index Scan", "Parent Relationship": "Inner", "Parallel Aware": false, "Async Capable": false, "Scan Direction": "Forward", "Index Name": "idx_posthistory_userid", "Relation Name": "posthistory", "Alias": "ph", "Startup Cost": 0.42, "Total Cost": 1.29, "Plan Rows": 1, "Plan Width": 4, "Index Cond": "(userid = p.owneruserid)", "Filter": "((creationdate >= '2012-11-05 01:25:39'::timestamp without time zone) AND (creationdate <= '2014-09-09 07:14:12'::timestamp without time zone) AND (posthistorytypeid = 1))"}]}, {"Node Type": "Memoize", "Parent Relationship": "Inner", "Parallel Aware": false, "Async Capable": false, "Startup Cost": 0.3, "Total Cost": 1.11, "Plan Rows": 13, "Plan Width": 4, "Cache Key": "v.userid", "Cache Mode": "logical", "Plans": [{"Node Type": "Index Only Scan", "Parent Relationship": "Outer", "Parallel Aware": false, "Async Capable": false, "Scan Direction": "Forward", "Index Name": "idx_comments_userid", "Relation Name": "comments", "Alias": "c", "Startup Cost": 0.29, "Total Cost": 1.1, "Plan Rows": 13, "Plan Width": 4, "Index Cond": "(userid = v.userid)"}]}]}]}]}]}}, {"Plan": {"Node Type": "Aggregate", "Strategy": "Plain", "Partial Mode": "Finalize", "Parallel Aware": false, "Async Capable": false, "Startup Cost": 92596.04, "Total Cost": 92596.05, "Plan Rows": 1, "Plan Width": 8, "Actual Rows": 1, "Actual Loops": 1, "Plans": [{"Node Type": "Gather", "Parent Relationship": "Outer", "Parallel Aware": false, "Async Capable": false, "Startup Cost": 92595.92, "Total Cost": 92596.03, "Plan Rows": 1, "Plan Width": 8, "Actual Rows": 2, "Actual Loops": 1, "Workers Planned": 1, "Workers Launched": 1, "Single Copy": false, "Plans": [{"Node Type": "Aggregate", "Strategy": "Plain", "Partial Mode": "Partial", "Parent Relationship": "Outer", "Parallel Aware": false, "Async Capable": false, "Startup Cost": 91595.92, "Total Cost": 91595.93, "Plan Rows": 1, "Plan Width": 8, "Actual Rows": 1, "Actual Loops": 2, "Workers": [], "Plans": [{"Node Type": "Merge Join", "Parent Relationship": "Outer", "Parallel Aware": false, "Async Capable": false, "Join Type": "Inner", "Startup Cost": 6469.05, "Total Cost": 17398.57, "Plan Rows": 29678942, "Plan Width": 0, "Actual Rows": 38736, "Actual Loops": 2, "Inner Unique": false, "Merge Cond": "(ph.userid = v.userid)", "Workers": [], "Plans": [{"Node Type": "Sort", "Parent Relationship": "Outer", "Parallel Aware": false, "Async Capable": false, "Startup Cost": 6467.75, "Total Cost": 6507.41, "Plan Rows": 15863, "Plan Width": 4, "Actual Rows": 13608, "Actual Loops": 2, "Sort Key": ["ph.userid"], "Sort Method": "quicksort", "Sort Space Used": 769, "Sort Space Type": "Memory", "Workers": [{"Worker Number": 0, "Sort Method": "quicksort", "Sort Space Used": 385, "Sort Space Type": "Memory"}], "Plans": [{"Node Type": "Seq Scan", "Parent Relationship": "Outer", "Parallel Aware": true, "Async Capable": false, "Relation Name": "posthistory", "Alias": "ph", "Startup Cost": 0.0, "Total Cost": 5361.04, "Plan Rows": 15863, "Plan Width": 4, "Actual Rows": 14464, "Actual Loops": 2, "Filter": "((creationdate >= '2012-11-05 01:25:39'::timestamp without time zone) AND (creationdate <= '2014-09-09 07:14:12'::timestamp without time zone) AND (posthistorytypeid = 1))", "Rows Removed by Filter": 137129, "Workers": []}]}, {"Node Type": "Materialize", "Parent Relationship": "Inner", "Parallel Aware": false, "Async Capable": false, "Startup Cost": 1.3, "Total Cost": 4375.53, "Plan Rows": 376141, "Plan Width": 16, "Actual Rows": 39650, "Actual Loops": 2, "Workers": [], "Plans": [{"Node Type": "Nested Loop", "Parent Relationship": "Outer", "Parallel Aware": false, "Async Capable": false, "Join Type": "Inner", "Startup Cost": 1.3, "Total Cost": 3435.18, "Plan Rows": 376141, "Plan Width": 16, "Actual Rows": 7110, "Actual Loops": 2, "Inner Unique": false, "Join Filter": "(c.userid = v.userid)", "Rows Removed by Join Filter": 0, "Workers": [], "Plans": [{"Node Type": "Nested Loop", "Parent Relationship": "Outer", "Parallel Aware": false, "Async Capable": false, "Join Type": "Inner", "Startup Cost": 1.0, "Total Cost": 3231.72, "Plan Rows": 286, "Plan Width": 12, "Actual Rows": 673, "Actual Loops": 2, "Inner Unique": false, "Join Filter": "(p.owneruserid = v.userid)", "Rows Removed by Join Filter": 0, "Workers": [], "Plans": [{"Node Type": "Merge Join", "Parent Relationship": "Outer", "Parallel Aware": false, "Async Capable": false, "Join Type": "Inner", "Startup Cost": 0.71, "Total Cost": 3145.38, "Plan Rows": 170, "Plan Width": 8, "Actual Rows": 241, "Actual Loops": 2, "Inner Unique": true, "Merge Cond": "(v.userid = u.id)", "Workers": [], "Plans": [{"Node Type": "Index Scan", "Parent Relationship": "Outer", "Parallel Aware": false, "Async Capable": false, "Scan Direction": "Forward", "Index Name": "idx_votes_userid", "Relation Name": "votes", "Alias": "v", "Startup Cost": 0.42, "Total Cost": 14062.79, "Plan Rows": 1718, "Plan Width": 4, "Actual Rows": 1085, "Actual Loops": 2, "Filter": "((bountyamount >= 0) AND (bountyamount <= 200) AND (creationdate >= '2010-07-26 00:00:00'::timestamp without time zone))", "Rows Removed by Filter": 36544, "Workers": []}, {"Node Type": "Index Scan", "Parent Relationship": "Inner", "Parallel Aware": false, "Async Capable": false, "Scan Direction": "Forward", "Index Name": "users_pkey", "Relation Name": "users", "Alias": "u", "Startup Cost": 0.29, "Total Cost": 1558.79, "Plan Rows": 37714, "Plan Width": 4, "Actual Rows": 37617, "Actual Loops": 2, "Filter": "((views >= 0) AND (views <= 13))", "Rows Removed by Filter": 2611, "Workers": []}]}, {"Node Type": "Index Scan", "Parent Relationship": "Inner", "Parallel Aware": false, "Async Capable": false, "Scan Direction": "Forward", "Index Name": "idx_posts_owneruserid", "Relation Name": "posts", "Alias": "p", "Startup Cost": 0.29, "Total Cost": 0.5, "Plan Rows": 1, "Plan Width": 4, "Actual Rows": 3, "Actual Loops": 482, "Index Cond": "(owneruserid = u.id)", "Rows Removed by Index Recheck": 0, "Filter": "((viewcount >= 10) AND (answercount >= 0) AND (answercount <= 10))", "Rows Removed by Filter": 15, "Workers": []}]}, {"Node Type": "Index Only Scan", "Parent Relationship": "Inner", "Parallel Aware": false, "Async Capable": false, "Scan Direction": "Forward", "Index Name": "idx_comments_userid", "Relation Name": "comments", "Alias": "c", "Startup Cost": 0.29, "Total Cost": 0.55, "Plan Rows": 13, "Plan Width": 4, "Actual Rows": 11, "Actual Loops": 1346, "Index Cond": "(userid = u.id)", "Rows Removed by Index Recheck": 0, "Heap Fetches": 0, "Workers": []}]}]}]}]}]}]}, "Planning Time": 10.769, "Triggers": [], "Execution Time": 161.999}, {"Plan": {"Node Type": "Aggregate", "Strategy": "Plain", "Partial Mode": "Finalize", "Parallel Aware": false, "Async Capable": false, "Startup Cost": 90052.83, "Total Cost": 90052.84, "Plan Rows": 1, "Plan Width": 8, "Actual Rows": 1, "Actual Loops": 1, "Plans": [{"Node Type": "Gather", "Parent Relationship": "Outer", "Parallel Aware": false, "Async Capable": false, "Startup Cost": 90052.72, "Total Cost": 90052.83, "Plan Rows": 1, "Plan Width": 8, "Actual Rows": 2, "Actual Loops": 1, "Workers Planned": 1, "Workers Launched": 1, "Single Copy": false, "Plans": [{"Node Type": "Aggregate", "Strategy": "Plain", "Partial Mode": "Partial", "Parent Relationship": "Outer", "Parallel Aware": false, "Async Capable": false, "Startup Cost": 89052.72, "Total Cost": 89052.73, "Plan Rows": 1, "Plan Width": 8, "Actual Rows": 1, "Actual Loops": 2, "Workers": [], "Plans": [{"Node Type": "Merge Join", "Parent Relationship": "Outer", "Parallel Aware": false, "Async Capable": false, "Join Type": "Inner", "Startup Cost": 11592.09, "Total Cost": 14855.36, "Plan Rows": 29678942, "Plan Width": 0, "Actual Rows": 38736, "Actual Loops": 2, "Inner Unique": false, "Merge Cond": "(u.id = v.userid)", "Workers": [], "Plans": [{"Node Type": "Merge Join", "Parent Relationship": "Outer", "Parallel Aware": false, "Async Capable": false, "Join Type": "Inner", "Startup Cost": 11591.37, "Total Cost": 11825.01, "Plan Rows": 565782, "Plan Width": 12, "Actual Rows": 27009, "Actual Loops": 2, "Inner Unique": false, "Merge Cond": "(u.id = p.owneruserid)", "Workers": [], "Plans": [{"Node Type": "Sort", "Parent Relationship": "Outer", "Parallel Aware": false, "Async Capable": false, "Startup Cost": 7725.13, "Total Cost": 7759.63, "Plan Rows": 13803, "Plan Width": 8, "Actual Rows": 9525, "Actual Loops": 2, "Sort Key": ["ph.userid"], "Sort Method": "quicksort", "Sort Space Used": 706, "Sort Space Type": "Memory", "Workers": [{"Worker Number": 0, "Sort Method": "quicksort", "Sort Space Used": 672, "Sort Space Type": "Memory"}], "Plans": [{"Node Type": "Hash Join", "Parent Relationship": "Outer", "Parallel Aware": false, "Async Capable": false, "Join Type": "Inner", "Startup Cost": 1373.3, "Total Cost": 6775.98, "Plan Rows": 13803, "Plan Width": 8, "Actual Rows": 9753, "Actual Loops": 2, "Inner Unique": true, "Hash Cond": "(ph.userid = u.id)", "Workers": [], "Plans": [{"Node Type": "Seq Scan", "Parent Relationship": "Outer", "Parallel Aware": true, "Async Capable": false, "Relation Name": "posthistory", "Alias": "ph", "Startup Cost": 0.0, "Total Cost": 5361.04, "Plan Rows": 15863, "Plan Width": 4, "Actual Rows": 14464, "Actual Loops": 2, "Filter": "((creationdate >= '2012-11-05 01:25:39'::timestamp without time zone) AND (creationdate <= '2014-09-09 07:14:12'::timestamp without time zone) AND (posthistorytypeid = 1))", "Rows Removed by Filter": 137129, "Workers": []}, {"Node Type": "Hash", "Parent Relationship": "Inner", "Parallel Aware": false, "Async Capable": false, "Startup Cost": 901.88, "Total Cost": 901.88, "Plan Rows": 37714, "Plan Width": 4, "Actual Rows": 37714, "Actual Loops": 2, "Hash Buckets": 65536, "Original Hash Buckets": 65536, "Hash Batches": 1, "Original Hash Batches": 1, "Peak Memory Usage": 1838, "Workers": [], "Plans": [{"Node Type": "Seq Scan", "Parent Relationship": "Outer", "Parallel Aware": false, "Async Capable": false, "Relation Name": "users", "Alias": "u", "Startup Cost": 0.0, "Total Cost": 901.88, "Plan Rows": 37714, "Plan Width": 4, "Actual Rows": 37714, "Actual Loops": 2, "Filter": "((views >= 0) AND (views <= 13))", "Rows Removed by Filter": 2611, "Workers": []}]}]}]}, {"Node Type": "Sort", "Parent Relationship": "Inner", "Parallel Aware": false, "Async Capable": false, "Startup Cost": 3866.24, "Total Cost": 3915.86, "Plan Rows": 19846, "Plan Width": 4, "Actual Rows": 54654, "Actual Loops": 2, "Sort Key": ["p.owneruserid"], "Sort Method": "quicksort", "Sort Space Used": 1537, "Sort Space Type": "Memory", "Workers": [{"Worker Number": 0, "Sort Method": "quicksort", "Sort Space Used": 1537, "Sort Space Type": "Memory"}], "Plans": [{"Node Type": "Seq Scan", "Parent Relationship": "Outer", "Parallel Aware": false, "Async Capable": false, "Relation Name": "posts", "Alias": "p", "Startup Cost": 0.0, "Total Cost": 2449.58, "Plan Rows": 19846, "Plan Width": 4, "Actual Rows": 42516, "Actual Loops": 2, "Filter": "((viewcount >= 10) AND (answercount >= 0) AND (answercount <= 10))", "Rows Removed by Filter": 49460, "Workers": []}]}]}, {"Node Type": "Materialize", "Parent Relationship": "Inner", "Parallel Aware": false, "Async Capable": false, "Startup Cost": 0.72, "Total Cost": 6181.12, "Plan Rows": 54878, "Plan Width": 8, "Actual Rows": 542848, "Actual Loops": 2, "Workers": [], "Plans": [{"Node Type": "Merge Join", "Parent Relationship": "Outer", "Parallel Aware": false, "Async Capable": false, "Join Type": "Inner", "Startup Cost": 0.72, "Total Cost": 6043.93, "Plan Rows": 54878, "Plan Width": 8, "Actual Rows": 505054, "Actual Loops": 2, "Inner Unique": false, "Merge Cond": "(v.userid = c.userid)", "Workers": [], "Plans": [{"Node Type": "Index Scan", "Parent Relationship": "Outer", "Parallel Aware": false, "Async Capable": false, "Scan Direction": "Forward", "Index Name": "idx_votes_userid", "Relation Name": "votes", "Alias": "v", "Startup Cost": 0.42, "Total Cost": 14062.79, "Plan Rows": 1718, "Plan Width": 4, "Actual Rows": 1085, "Actual Loops": 2, "Filter": "((bountyamount >= 0) AND (bountyamount <= 200) AND (creationdate >= '2010-07-26 00:00:00'::timestamp without time zone))", "Rows Removed by Filter": 36544, "Workers": []}, {"Node Type": "Index Only Scan", "Parent Relationship": "Inner", "Parallel Aware": false, "Async Capable": false, "Scan Direction": "Forward", "Index Name": "idx_comments_userid", "Relation Name": "comments", "Alias": "c", "Startup Cost": 0.29, "Total Cost": 3568.78, "Plan Rows": 174305, "Plan Width": 4, "Actual Rows": 600868, "Actual Loops": 2, "Heap Fetches": 0, "Workers": []}]}]}]}]}]}]}, "Planning Time": 9.016, "Triggers": [], "Execution Time": 332.119}, {"Plan": {"Node Type": "Aggregate", "Strategy": "Plain", "Partial Mode": "Finalize", "Parallel Aware": false, "Async Capable": false, "Startup Cost": 91331.25, "Total Cost": 91331.26, "Plan Rows": 1, "Plan Width": 8, "Actual Rows": 1, "Actual Loops": 1, "Plans": [{"Node Type": "Gather", "Parent Relationship": "Outer", "Parallel Aware": false, "Async Capable": false, "Startup Cost": 91331.13, "Total Cost": 91331.24, "Plan Rows": 1, "Plan Width": 8, "Actual Rows": 2, "Actual Loops": 1, "Workers Planned": 1, "Workers Launched": 1, "Single Copy": false, "Plans": [{"Node Type": "Aggregate", "Strategy": "Plain", "Partial Mode": "Partial", "Parent Relationship": "Outer", "Parallel Aware": false, "Async Capable": false, "Startup Cost": 90331.13, "Total Cost": 90331.14, "Plan Rows": 1, "Plan Width": 8, "Actual Rows": 1, "Actual Loops": 2, "Workers": [], "Plans": [{"Node Type": "Merge Join", "Parent Relationship": "Outer", "Parallel Aware": false, "Async Capable": false, "Join Type": "Inner", "Startup Cost": 11637.49, "Total Cost": 16133.78, "Plan Rows": 29678942, "Plan Width": 0, "Actual Rows": 38736, "Actual Loops": 2, "Inner Unique": false, "Merge Cond": "(v.userid = u.id)", "Workers": [], "Plans": [{"Node Type": "Merge Join", "Parent Relationship": "Outer", "Parallel Aware": false, "Async Capable": false, "Join Type": "Inner", "Startup Cost": 6468.47, "Total Cost": 8716.96, "Plan Rows": 4330045, "Plan Width": 12, "Actual Rows": 1768825, "Actual Loops": 2, "Inner Unique": false, "Merge Cond": "(ph.userid = v.userid)", "Workers": [], "Plans": [{"Node Type": "Sort", "Parent Relationship": "Outer", "Parallel Aware": false, "Async Capable": false, "Startup Cost": 6467.75, "Total Cost": 6507.41, "Plan Rows": 15863, "Plan Width": 4, "Actual Rows": 14108, "Actual Loops": 2, "Sort Key": ["ph.userid"], "Sort Method": "quicksort", "Sort Space Used": 769, "Sort Space Type": "Memory", "Workers": [{"Worker Number": 0, "Sort Method": "quicksort", "Sort Space Used": 385, "Sort Space Type": "Memory"}], "Plans": [{"Node Type": "Seq Scan", "Parent Relationship": "Outer", "Parallel Aware": true, "Async Capable": false, "Relation Name": "posthistory", "Alias": "ph", "Startup Cost": 0.0, "Total Cost": 5361.04, "Plan Rows": 15863, "Plan Width": 4, "Actual Rows": 14464, "Actual Loops": 2, "Filter": "((creationdate >= '2012-11-05 01:25:39'::timestamp without time zone) AND (creationdate <= '2014-09-09 07:14:12'::timestamp without time zone) AND (posthistorytypeid = 1))", "Rows Removed by Filter": 137129, "Workers": []}]}, {"Node Type": "Materialize", "Parent Relationship": "Inner", "Parallel Aware": false, "Async Capable": false, "Startup Cost": 0.72, "Total Cost": 6181.12, "Plan Rows": 54878, "Plan Width": 8, "Actual Rows": 1916532, "Actual Loops": 2, "Workers": [], "Plans": [{"Node Type": "Merge Join", "Parent Relationship": "Outer", "Parallel Aware": false, "Async Capable": false, "Join Type": "Inner", "Startup Cost": 0.72, "Total Cost": 6043.93, "Plan Rows": 54878, "Plan Width": 8, "Actual Rows": 505054, "Actual Loops": 2, "Inner Unique": false, "Merge Cond": "(v.userid = c.userid)", "Workers": [], "Plans": [{"Node Type": "Index Scan", "Parent Relationship": "Outer", "Parallel Aware": false, "Async Capable": false, "Scan Direction": "Forward", "Index Name": "idx_votes_userid", "Relation Name": "votes", "Alias": "v", "Startup Cost": 0.42, "Total Cost": 14062.79, "Plan Rows": 1718, "Plan Width": 4, "Actual Rows": 1085, "Actual Loops": 2, "Filter": "((bountyamount >= 0) AND (bountyamount <= 200) AND (creationdate >= '2010-07-26 00:00:00'::timestamp without time zone))", "Rows Removed by Filter": 36544, "Workers": []}, {"Node Type": "Index Only Scan", "Parent Relationship": "Inner", "Parallel Aware": false, "Async Capable": false, "Scan Direction": "Forward", "Index Name": "idx_comments_userid", "Relation Name": "comments", "Alias": "c", "Startup Cost": 0.29, "Total Cost": 3568.78, "Plan Rows": 174305, "Plan Width": 4, "Actual Rows": 600868, "Actual Loops": 2, "Heap Fetches": 0, "Workers": []}]}]}]}, {"Node Type": "Sort", "Parent Relationship": "Inner", "Parallel Aware": false, "Async Capable": false, "Startup Cost": 5169.01, "Total Cost": 5214.71, "Plan Rows": 18280, "Plan Width": 8, "Actual Rows": 62837, "Actual Loops": 2, "Sort Key": ["p.owneruserid"], "Sort Method": "quicksort", "Sort Space Used": 1554, "Sort Space Type": "Memory", "Workers": [{"Worker Number": 0, "Sort Method": "quicksort", "Sort Space Used": 1554, "Sort Space Type": "Memory"}], "Plans": [{"Node Type": "Hash Join", "Parent Relationship": "Outer", "Parallel Aware": false, "Async Capable": false, "Join Type": "Inner", "Startup Cost": 1373.3, "Total Cost": 3874.98, "Plan Rows": 18280, "Plan Width": 8, "Actual Rows": 25123, "Actual Loops": 2, "Inner Unique": true, "Hash Cond": "(p.owneruserid = u.id)", "Workers": [], "Plans": [{"Node Type": "Seq Scan", "Parent Relationship": "Outer", "Parallel Aware": false, "Async Capable": false, "Relation Name": "posts", "Alias": "p", "Startup Cost": 0.0, "Total Cost": 2449.58, "Plan Rows": 19846, "Plan Width": 4, "Actual Rows": 42516, "Actual Loops": 2, "Filter": "((viewcount >= 10) AND (answercount >= 0) AND (answercount <= 10))", "Rows Removed by Filter": 49460, "Workers": []}, {"Node Type": "Hash", "Parent Relationship": "Inner", "Parallel Aware": false, "Async Capable": false, "Startup Cost": 901.88, "Total Cost": 901.88, "Plan Rows": 37714, "Plan Width": 4, "Actual Rows": 37714, "Actual Loops": 2, "Hash Buckets": 65536, "Original Hash Buckets": 65536, "Hash Batches": 1, "Original Hash Batches": 1, "Peak Memory Usage": 1838, "Workers": [], "Plans": [{"Node Type": "Seq Scan", "Parent Relationship": "Outer", "Parallel Aware": false, "Async Capable": false, "Relation Name": "users", "Alias": "u", "Startup Cost": 0.0, "Total Cost": 901.88, "Plan Rows": 37714, "Plan Width": 4, "Actual Rows": 37714, "Actual Loops": 2, "Filter": "((views >= 0) AND (views <= 13))", "Rows Removed by Filter": 2611, "Workers": []}]}]}]}]}]}]}]}, "Planning Time": 5.03, "Triggers": [], "Execution Time": 486.534}, {"Plan": {"Node Type": "Aggregate", "Strategy": "Plain", "Partial Mode": "Finalize", "Parallel Aware": false, "Async Capable": false, "Startup Cost": 2381568.98, "Total Cost": 2381568.99, "Plan Rows": 1, "Plan Width": 8, "Actual Rows": 1, "Actual Loops": 1, "Plans": [{"Node Type": "Gather", "Parent Relationship": "Outer", "Parallel Aware": false, "Async Capable": false, "Startup Cost": 2381568.87, "Total Cost": 2381568.98, "Plan Rows": 1, "Plan Width": 8, "Actual Rows": 2, "Actual Loops": 1, "Workers Planned": 1, "Workers Launched": 1, "Single Copy": false, "Plans": [{"Node Type": "Aggregate", "Strategy": "Plain", "Partial Mode": "Partial", "Parent Relationship": "Outer", "Parallel Aware": false, "Async Capable": false, "Startup Cost": 2380568.87, "Total Cost": 2380568.88, "Plan Rows": 1, "Plan Width": 8, "Actual Rows": 1, "Actual Loops": 2, "Workers": [], "Plans": [{"Node Type": "Merge Join", "Parent Relationship": "Outer", "Parallel Aware": false, "Async Capable": false, "Join Type": "Inner", "Startup Cost": 14560.69, "Total Cost": 2306371.51, "Plan Rows": 29678942, "Plan Width": 0, "Actual Rows": 38736, "Actual Loops": 2, "Inner Unique": false, "Merge Cond": "(u.id = v.userid)", "Workers": [], "Plans": [{"Node Type": "Merge Join", "Parent Relationship": "Outer", "Parallel Aware": false, "Async Capable": false, "Join Type": "Inner", "Startup Cost": 14560.27, "Total Cost": 54021.32, "Plan Rows": 876648649, "Plan Width": 16, "Actual Rows": 206380, "Actual Loops": 2, "Inner Unique": false, "Merge Cond": "(c.userid = u.id)", "Workers": [], "Plans": [{"Node Type": "Index Only Scan", "Parent Relationship": "Outer", "Parallel Aware": true, "Async Capable": false, "Scan Direction": "Forward", "Index Name": "idx_comments_userid", "Relation Name": "comments", "Alias": "c", "Startup Cost": 0.29, "Total Cost": 2851.06, "Plan Rows": 102532, "Plan Width": 4, "Actual Rows": 85690, "Actual Loops": 2, "Heap Fetches": 0, "Workers": []}, {"Node Type": "Materialize", "Parent Relationship": "Inner", "Parallel Aware": false, "Async Capable": false, "Startup Cost": 14559.47, "Total Cost": 17292.84, "Plan Rows": 961830, "Plan Width": 12, "Actual Rows": 237241, "Actual Loops": 2, "Workers": [], "Plans": [{"Node Type": "Merge Join", "Parent Relationship": "Outer", "Parallel Aware": false, "Async Capable": false, "Join Type": "Inner", "Startup Cost": 14559.47, "Total Cost": 14888.26, "Plan Rows": 961830, "Plan Width": 12, "Actual Rows": 54392, "Actual Loops": 2, "Inner Unique": false, "Merge Cond": "(u.id = p.owneruserid)", "Workers": [], "Plans": [{"Node Type": "Sort", "Parent Relationship": "Outer", "Parallel Aware": false, "Async Capable": false, "Startup Cost": 10693.22, "Total Cost": 10751.88, "Plan Rows": 23465, "Plan Width": 8, "Actual Rows": 19366, "Actual Loops": 2, "Sort Key": ["ph.userid"], "Sort Method": "quicksort", "Sort Space Used": 1378, "Sort Space Type": "Memory", "Workers": [{"Worker Number": 0, "Sort Method": "quicksort", "Sort Space Used": 1378, "Sort Space Type": "Memory"}], "Plans": [{"Node Type": "Hash Join", "Parent Relationship": "Outer", "Parallel Aware": false, "Async Capable": false, "Join Type": "Inner", "Startup Cost": 1373.3, "Total Cost": 8989.87, "Plan Rows": 23465, "Plan Width": 8, "Actual Rows": 19506, "Actual Loops": 2, "Inner Unique": true, "Hash Cond": "(ph.userid = u.id)", "Workers": [], "Plans": [{"Node Type": "Seq Scan", "Parent Relationship": "Outer", "Parallel Aware": false, "Async Capable": false, "Relation Name": "posthistory", "Alias": "ph", "Startup Cost": 0.0, "Total Cost": 7545.77, "Plan Rows": 26967, "Plan Width": 4, "Actual Rows": 28929, "Actual Loops": 2, "Filter": "((creationdate >= '2012-11-05 01:25:39'::timestamp without time zone) AND (creationdate <= '2014-09-09 07:14:12'::timestamp without time zone) AND (posthistorytypeid = 1))", "Rows Removed by Filter": 274258, "Workers": []}, {"Node Type": "Hash", "Parent Relationship": "Inner", "Parallel Aware": false, "Async Capable": false, "Startup Cost": 901.88, "Total Cost": 901.88, "Plan Rows": 37714, "Plan Width": 4, "Actual Rows": 37714, "Actual Loops": 2, "Hash Buckets": 65536, "Original Hash Buckets": 65536, "Hash Batches": 1, "Original Hash Batches": 1, "Peak Memory Usage": 1838, "Workers": [], "Plans": [{"Node Type": "Seq Scan", "Parent Relationship": "Outer", "Parallel Aware": false, "Async Capable": false, "Relation Name": "users", "Alias": "u", "Startup Cost": 0.0, "Total Cost": 901.88, "Plan Rows": 37714, "Plan Width": 4, "Actual Rows": 37714, "Actual Loops": 2, "Filter": "((views >= 0) AND (views <= 13))", "Rows Removed by Filter": 2611, "Workers": []}]}]}]}, {"Node Type": "Sort", "Parent Relationship": "Inner", "Parallel Aware": false, "Async Capable": false, "Startup Cost": 3866.24, "Total Cost": 3915.86, "Plan Rows": 19846, "Plan Width": 4, "Actual Rows": 75945, "Actual Loops": 2, "Sort Key": ["p.owneruserid"], "Sort Method": "quicksort", "Sort Space Used": 1537, "Sort Space Type": "Memory", "Workers": [{"Worker Number": 0, "Sort Method": "quicksort", "Sort Space Used": 1537, "Sort Space Type": "Memory"}], "Plans": [{"Node Type": "Seq Scan", "Parent Relationship": "Outer", "Parallel Aware": false, "Async Capable": false, "Relation Name": "posts", "Alias": "p", "Startup Cost": 0.0, "Total Cost": 2449.58, "Plan Rows": 19846, "Plan Width": 4, "Actual Rows": 42516, "Actual Loops": 2, "Filter": "((viewcount >= 10) AND (answercount >= 0) AND (answercount <= 10))", "Rows Removed by Filter": 49460, "Workers": []}]}]}]}]}, {"Node Type": "Materialize", "Parent Relationship": "Inner", "Parallel Aware": false, "Async Capable": false, "Startup Cost": 0.42, "Total Cost": 14067.09, "Plan Rows": 1718, "Plan Width": 4, "Actual Rows": 39735, "Actual Loops": 2, "Workers": [], "Plans": [{"Node Type": "Index Scan", "Parent Relationship": "Outer", "Parallel Aware": false, "Async Capable": false, "Scan Direction": "Forward", "Index Name": "idx_votes_userid", "Relation Name": "votes", "Alias": "v", "Startup Cost": 0.42, "Total Cost": 14062.79, "Plan Rows": 1718, "Plan Width": 4, "Actual Rows": 1084, "Actual Loops": 2, "Filter": "((bountyamount >= 0) AND (bountyamount <= 200) AND (creationdate >= '2010-07-26 00:00:00'::timestamp without time zone))", "Rows Removed by Filter": 33700, "Workers": []}]}]}]}]}]}, "Planning Time": 9.223, "Triggers": [], "Execution Time": 247.725}, {"Plan": {"Node Type": "Aggregate", "Strategy": "Plain", "Partial Mode": "Finalize", "Parallel Aware": false, "Async Capable": false, "Startup Cost": 126916.9, "Total Cost": 126916.91, "Plan Rows": 1, "Plan Width": 8, "Actual Rows": 1, "Actual Loops": 1, "Plans": [{"Node Type": "Gather", "Parent Relationship": "Outer", "Parallel Aware": false, "Async Capable": false, "Startup Cost": 126916.78, "Total Cost": 126916.89, "Plan Rows": 1, "Plan Width": 8, "Actual Rows": 2, "Actual Loops": 1, "Workers Planned": 1, "Workers Launched": 1, "Single Copy": false, "Plans": [{"Node Type": "Aggregate", "Strategy": "Plain", "Partial Mode": "Partial", "Parent Relationship": "Outer", "Parallel Aware": false, "Async Capable": false, "Startup Cost": 125916.78, "Total Cost": 125916.79, "Plan Rows": 1, "Plan Width": 8, "Actual Rows": 1, "Actual Loops": 2, "Workers": [], "Plans": [{"Node Type": "Merge Join", "Parent Relationship": "Outer", "Parallel Aware": false, "Async Capable": false, "Join Type": "Inner", "Startup Cost": 14560.2, "Total Cost": 51719.43, "Plan Rows": 29678942, "Plan Width": 0, "Actual Rows": 38736, "Actual Loops": 2, "Inner Unique": false, "Merge Cond": "(u.id = v.userid)", "Workers": [], "Plans": [{"Node Type": "Merge Join", "Parent Relationship": "Outer", "Parallel Aware": false, "Async Capable": false, "Join Type": "Inner", "Startup Cost": 10693.53, "Total Cost": 14629.35, "Plan Rows": 12650042, "Plan Width": 12, "Actual Rows": 34852, "Actual Loops": 2, "Inner Unique": false, "Merge Cond": "(c.userid = u.id)", "Workers": [], "Plans": [{"Node Type": "Index Only Scan", "Parent Relationship": "Outer", "Parallel Aware": true, "Async Capable": false, "Scan Direction": "Forward", "Index Name": "idx_comments_userid", "Relation Name": "comments", "Alias": "c", "Startup Cost": 0.29, "Total Cost": 2851.06, "Plan Rows": 102532, "Plan Width": 4, "Actual Rows": 85425, "Actual Loops": 2, "Heap Fetches": 0, "Workers": []}, {"Node Type": "Sort", "Parent Relationship": "Inner", "Parallel Aware": false, "Async Capable": false, "Startup Cost": 10693.22, "Total Cost": 10751.88, "Plan Rows": 23465, "Plan Width": 8, "Actual Rows": 47230, "Actual Loops": 2, "Sort Key": ["ph.userid"], "Sort Method": "quicksort", "Sort Space Used": 1378, "Sort Space Type": "Memory", "Workers": [{"Worker Number": 0, "Sort Method": "quicksort", "Sort Space Used": 1378, "Sort Space Type": "Memory"}], "Plans": [{"Node Type": "Hash Join", "Parent Relationship": "Outer", "Parallel Aware": false, "Async Capable": false, "Join Type": "Inner", "Startup Cost": 1373.3, "Total Cost": 8989.87, "Plan Rows": 23465, "Plan Width": 8, "Actual Rows": 19506, "Actual Loops": 2, "Inner Unique": true, "Hash Cond": "(ph.userid = u.id)", "Workers": [], "Plans": [{"Node Type": "Seq Scan", "Parent Relationship": "Outer", "Parallel Aware": false, "Async Capable": false, "Relation Name": "posthistory", "Alias": "ph", "Startup Cost": 0.0, "Total Cost": 7545.77, "Plan Rows": 26967, "Plan Width": 4, "Actual Rows": 28929, "Actual Loops": 2, "Filter": "((creationdate >= '2012-11-05 01:25:39'::timestamp without time zone) AND (creationdate <= '2014-09-09 07:14:12'::timestamp without time zone) AND (posthistorytypeid = 1))", "Rows Removed by Filter": 274258, "Workers": []}, {"Node Type": "Hash", "Parent Relationship": "Inner", "Parallel Aware": false, "Async Capable": false, "Startup Cost": 901.88, "Total Cost": 901.88, "Plan Rows": 37714, "Plan Width": 4, "Actual Rows": 37714, "Actual Loops": 2, "Hash Buckets": 65536, "Original Hash Buckets": 65536, "Hash Batches": 1, "Original Hash Batches": 1, "Peak Memory Usage": 1838, "Workers": [], "Plans": [{"Node Type": "Seq Scan", "Parent Relationship": "Outer", "Parallel Aware": false, "Async Capable": false, "Relation Name": "users", "Alias": "u", "Startup Cost": 0.0, "Total Cost": 901.88, "Plan Rows": 37714, "Plan Width": 4, "Actual Rows": 37714, "Actual Loops": 2, "Filter": "((views >= 0) AND (views <= 13))", "Rows Removed by Filter": 2611, "Workers": []}]}]}]}]}, {"Node Type": "Materialize", "Parent Relationship": "Inner", "Parallel Aware": false, "Async Capable": false, "Startup Cost": 3866.67, "Total Cost": 5492.25, "Plan Rows": 2894, "Plan Width": 8, "Actual Rows": 58170, "Actual Loops": 2, "Workers": [], "Plans": [{"Node Type": "Merge Join", "Parent Relationship": "Outer", "Parallel Aware": false, "Async Capable": false, "Join Type": "Inner", "Startup Cost": 3866.67, "Total Cost": 5485.02, "Plan Rows": 2894, "Plan Width": 8, "Actual Rows": 19733, "Actual Loops": 2, "Inner Unique": false, "Merge Cond": "(v.userid = p.owneruserid)", "Workers": [], "Plans": [{"Node Type": "Index Scan", "Parent Relationship": "Outer", "Parallel Aware": false, "Async Capable": false, "Scan Direction": "Forward", "Index Name": "idx_votes_userid", "Relation Name": "votes", "Alias": "v", "Startup Cost": 0.42, "Total Cost": 14062.79, "Plan Rows": 1718, "Plan Width": 4, "Actual Rows": 1085, "Actual Loops": 2, "Filter": "((bountyamount >= 0) AND (bountyamount <= 200) AND (creationdate >= '2010-07-26 00:00:00'::timestamp without time zone))", "Rows Removed by Filter": 36544, "Workers": []}, {"Node Type": "Sort", "Parent Relationship": "Inner", "Parallel Aware": false, "Async Capable": false, "Startup Cost": 3866.24, "Total Cost": 3915.86, "Plan Rows": 19846, "Plan Width": 4, "Actual Rows": 55038, "Actual Loops": 2, "Sort Key": ["p.owneruserid"], "Sort Method": "quicksort", "Sort Space Used": 1537, "Sort Space Type": "Memory", "Workers": [{"Worker Number": 0, "Sort Method": "quicksort", "Sort Space Used": 1537, "Sort Space Type": "Memory"}], "Plans": [{"Node Type": "Seq Scan", "Parent Relationship": "Outer", "Parallel Aware": false, "Async Capable": false, "Relation Name": "posts", "Alias": "p", "Startup Cost": 0.0, "Total Cost": 2449.58, "Plan Rows": 19846, "Plan Width": 4, "Actual Rows": 42516, "Actual Loops": 2, "Filter": "((viewcount >= 10) AND (answercount >= 0) AND (answercount <= 10))", "Rows Removed by Filter": 49460, "Workers": []}]}]}]}]}]}]}]}, "Planning Time": 11.033, "Triggers": [], "Execution Time": 230.359}, {"Plan": {"Node Type": "Aggregate", "Strategy": "Plain", "Partial Mode": "Finalize", "Parallel Aware": false, "Async Capable": false, "Startup Cost": 90343.58, "Total Cost": 90343.59, "Plan Rows": 1, "Plan Width": 8, "Actual Rows": 1, "Actual Loops": 1, "Plans": [{"Node Type": "Gather", "Parent Relationship": "Outer", "Parallel Aware": false, "Async Capable": false, "Startup Cost": 90343.47, "Total Cost": 90343.58, "Plan Rows": 1, "Plan Width": 8, "Actual Rows": 2, "Actual Loops": 1, "Workers Planned": 1, "Workers Launched": 1, "Single Copy": false, "Plans": [{"Node Type": "Aggregate", "Strategy": "Plain", "Partial Mode": "Partial", "Parent Relationship": "Outer", "Parallel Aware": false, "Async Capable": false, "Startup Cost": 89343.47, "Total Cost": 89343.48, "Plan Rows": 1, "Plan Width": 8, "Actual Rows": 1, "Actual Loops": 2, "Workers": [], "Plans": [{"Node Type": "Merge Join", "Parent Relationship": "Outer", "Parallel Aware": false, "Async Capable": false, "Join Type": "Inner", "Startup Cost": 3867.67, "Total Cost": 15146.11, "Plan Rows": 29678942, "Plan Width": 0, "Actual Rows": 38736, "Actual Loops": 2, "Inner Unique": false, "Merge Cond": "(v.userid = p.owneruserid)", "Workers": [], "Plans": [{"Node Type": "Nested Loop", "Parent Relationship": "Outer", "Parallel Aware": false, "Async Capable": false, "Join Type": "Inner", "Startup Cost": 1.43, "Total Cost": 3258.96, "Plan Rows": 428267, "Plan Width": 16, "Actual Rows": 3180, "Actual Loops": 2, "Inner Unique": false, "Join Filter": "(c.userid = v.userid)", "Rows Removed by Join Filter": 0, "Workers": [], "Plans": [{"Node Type": "Nested Loop", "Parent Relationship": "Outer", "Parallel Aware": false, "Async Capable": false, "Join Type": "Inner", "Startup Cost": 1.13, "Total Cost": 2998.59, "Plan Rows": 366, "Plan Width": 12, "Actual Rows": 281, "Actual Loops": 2, "Inner Unique": false, "Join Filter": "(ph.userid = v.userid)", "Rows Removed by Join Filter": 0, "Workers": [], "Plans": [{"Node Type": "Merge Join", "Parent Relationship": "Outer", "Parallel Aware": false, "Async Capable": false, "Join Type": "Inner", "Startup Cost": 0.71, "Total Cost": 2892.87, "Plan Rows": 100, "Plan Width": 8, "Actual Rows": 120, "Actual Loops": 2, "Inner Unique": true, "Merge Cond": "(v.userid = u.id)", "Workers": [], "Plans": [{"Node Type": "Index Scan", "Parent Relationship": "Outer", "Parallel Aware": true, "Async Capable": false, "Scan Direction": "Forward", "Index Name": "idx_votes_userid", "Relation Name": "votes", "Alias": "v", "Startup Cost": 0.42, "Total Cost": 11698.8, "Plan Rows": 1011, "Plan Width": 4, "Actual Rows": 543, "Actual Loops": 2, "Filter": "((bountyamount >= 0) AND (bountyamount <= 200) AND (creationdate >= '2010-07-26 00:00:00'::timestamp without time zone))", "Rows Removed by Filter": 18615, "Workers": []}, {"Node Type": "Index Scan", "Parent Relationship": "Inner", "Parallel Aware": false, "Async Capable": false, "Scan Direction": "Forward", "Index Name": "users_pkey", "Relation Name": "users", "Alias": "u", "Startup Cost": 0.29, "Total Cost": 1558.79, "Plan Rows": 37714, "Plan Width": 4, "Actual Rows": 36099, "Actual Loops": 2, "Filter": "((views >= 0) AND (views <= 13))", "Rows Removed by Filter": 2605, "Workers": []}]}, {"Node Type": "Index Scan", "Parent Relationship": "Inner", "Parallel Aware": false, "Async Capable": false, "Scan Direction": "Forward", "Index Name": "idx_posthistory_userid", "Relation Name": "posthistory", "Alias": "ph", "Startup Cost": 0.42, "Total Cost": 1.04, "Plan Rows": 1, "Plan Width": 4, "Actual Rows": 2, "Actual Loops": 241, "Index Cond": "(userid = u.id)", "Rows Removed by Index Recheck": 0, "Filter": "((creationdate >= '2012-11-05 01:25:39'::timestamp without time zone) AND (creationdate <= '2014-09-09 07:14:12'::timestamp without time zone) AND (posthistorytypeid = 1))", "Rows Removed by Filter": 310, "Workers": []}]}, {"Node Type": "Index Only Scan", "Parent Relationship": "Inner", "Parallel Aware": false, "Async Capable": false, "Scan Direction": "Forward", "Index Name": "idx_comments_userid", "Relation Name": "comments", "Alias": "c", "Startup Cost": 0.29, "Total Cost": 0.55, "Plan Rows": 13, "Plan Width": 4, "Actual Rows": 11, "Actual Loops": 562, "Index Cond": "(userid = u.id)", "Rows Removed by Index Recheck": 0, "Heap Fetches": 0, "Workers": []}]}, {"Node Type": "Sort", "Parent Relationship": "Inner", "Parallel Aware": false, "Async Capable": false, "Startup Cost": 3866.24, "Total Cost": 3915.86, "Plan Rows": 19846, "Plan Width": 4, "Actual Rows": 78016, "Actual Loops": 2, "Sort Key": ["p.owneruserid"], "Sort Method": "quicksort", "Sort Space Used": 1537, "Sort Space Type": "Memory", "Workers": [{"Worker Number": 0, "Sort Method": "quicksort", "Sort Space Used": 1537, "Sort Space Type": "Memory"}], "Plans": [{"Node Type": "Seq Scan", "Parent Relationship": "Outer", "Parallel Aware": false, "Async Capable": false, "Relation Name": "posts", "Alias": "p", "Startup Cost": 0.0, "Total Cost": 2449.58, "Plan Rows": 19846, "Plan Width": 4, "Actual Rows": 42516, "Actual Loops": 2, "Filter": "((viewcount >= 10) AND (answercount >= 0) AND (answercount <= 10))", "Rows Removed by Filter": 49460, "Workers": []}]}]}]}]}]}, "Planning Time": 9.504, "Triggers": [], "Execution Time": 98.609}, {"Plan": {"Node Type": "Aggregate", "Strategy": "Plain", "Partial Mode": "Finalize", "Parallel Aware": false, "Async Capable": false, "Startup Cost": 81403.5, "Total Cost": 81403.51, "Plan Rows": 1, "Plan Width": 8, "Actual Rows": 1, "Actual Loops": 1, "Plans": [{"Node Type": "Gather", "Parent Relationship": "Outer", "Parallel Aware": false, "Async Capable": false, "Startup Cost": 81403.38, "Total Cost": 81403.49, "Plan Rows": 1, "Plan Width": 8, "Actual Rows": 2, "Actual Loops": 1, "Workers Planned": 1, "Workers Launched": 1, "Single Copy": false, "Plans": [{"Node Type": "Aggregate", "Strategy": "Plain", "Partial Mode": "Partial", "Parent Relationship": "Outer", "Parallel Aware": false, "Async Capable": false, "Startup Cost": 80403.38, "Total Cost": 80403.39, "Plan Rows": 1, "Plan Width": 8, "Actual Rows": 1, "Actual Loops": 2, "Workers": [], "Plans": [{"Node Type": "Nested Loop", "Parent Relationship": "Outer", "Parallel Aware": false, "Async Capable": false, "Join Type": "Inner", "Startup Cost": 1.73, "Total Cost": 6206.03, "Plan Rows": 29678942, "Plan Width": 0, "Actual Rows": 38736, "Actual Loops": 2, "Inner Unique": false, "Workers": [], "Plans": [{"Node Type": "Nested Loop", "Parent Relationship": "Outer", "Parallel Aware": false, "Async Capable": false, "Join Type": "Inner", "Startup Cost": 1.43, "Total Cost": 3121.26, "Plan Rows": 8859, "Plan Width": 16, "Actual Rows": 1884, "Actual Loops": 2, "Inner Unique": false, "Join Filter": "(ph.userid = v.userid)", "Rows Removed by Join Filter": 0, "Workers": [], "Plans": [{"Node Type": "Nested Loop", "Parent Relationship": "Outer", "Parallel Aware": false, "Async Capable": false, "Join Type": "Inner", "Startup Cost": 1.0, "Total Cost": 2943.66, "Plan Rows": 168, "Plan Width": 12, "Actual Rows": 336, "Actual Loops": 2, "Inner Unique": false, "Join Filter": "(p.owneruserid = v.userid)", "Rows Removed by Join Filter": 0, "Workers": [], "Plans": [{"Node Type": "Merge Join", "Parent Relationship": "Outer", "Parallel Aware": false, "Async Capable": false, "Join Type": "Inner", "Startup Cost": 0.71, "Total Cost": 2892.87, "Plan Rows": 100, "Plan Width": 8, "Actual Rows": 120, "Actual Loops": 2, "Inner Unique": true, "Merge Cond": "(v.userid = u.id)", "Workers": [], "Plans": [{"Node Type": "Index Scan", "Parent Relationship": "Outer", "Parallel Aware": true, "Async Capable": false, "Scan Direction": "Forward", "Index Name": "idx_votes_userid", "Relation Name": "votes", "Alias": "v", "Startup Cost": 0.42, "Total Cost": 11698.8, "Plan Rows": 1011, "Plan Width": 4, "Actual Rows": 543, "Actual Loops": 2, "Filter": "((bountyamount >= 0) AND (bountyamount <= 200) AND (creationdate >= '2010-07-26 00:00:00'::timestamp without time zone))", "Rows Removed by Filter": 18615, "Workers": []}, {"Node Type": "Index Scan", "Parent Relationship": "Inner", "Parallel Aware": false, "Async Capable": false, "Scan Direction": "Forward", "Index Name": "users_pkey", "Relation Name": "users", "Alias": "u", "Startup Cost": 0.29, "Total Cost": 1558.79, "Plan Rows": 37714, "Plan Width": 4, "Actual Rows": 36099, "Actual Loops": 2, "Filter": "((views >= 0) AND (views <= 13))", "Rows Removed by Filter": 2605, "Workers": []}]}, {"Node Type": "Index Scan", "Parent Relationship": "Inner", "Parallel Aware": false, "Async Capable": false, "Scan Direction": "Forward", "Index Name": "idx_posts_owneruserid", "Relation Name": "posts", "Alias": "p", "Startup Cost": 0.29, "Total Cost": 0.5, "Plan Rows": 1, "Plan Width": 4, "Actual Rows": 3, "Actual Loops": 241, "Index Cond": "(owneruserid = u.id)", "Rows Removed by Index Recheck": 0, "Filter": "((viewcount >= 10) AND (answercount >= 0) AND (answercount <= 10))", "Rows Removed by Filter": 15, "Workers": []}]}, {"Node Type": "Index Scan", "Parent Relationship": "Inner", "Parallel Aware": false, "Async Capable": false, "Scan Direction": "Forward", "Index Name": "idx_posthistory_userid", "Relation Name": "posthistory", "Alias": "ph", "Startup Cost": 0.42, "Total Cost": 1.04, "Plan Rows": 1, "Plan Width": 4, "Actual Rows": 6, "Actual Loops": 673, "Index Cond": "(userid = u.id)", "Rows Removed by Index Recheck": 0, "Filter": "((creationdate >= '2012-11-05 01:25:39'::timestamp without time zone) AND (creationdate <= '2014-09-09 07:14:12'::timestamp without time zone) AND (posthistorytypeid = 1))", "Rows Removed by Filter": 22, "Workers": []}]}, {"Node Type": "Memoize", "Parent Relationship": "Inner", "Parallel Aware": false, "Async Capable": false, "Startup Cost": 0.3, "Total Cost": 1.11, "Plan Rows": 13, "Plan Width": 4, "Actual Rows": 21, "Actual Loops": 3768, "Cache Key": "v.userid", "Cache Mode": "logical", "Cache Hits": 1831, "Cache Misses": 114, "Cache Evictions": 0, "Cache Overflows": 0, "Peak Memory Usage": 32, "Workers": [{"Worker Number": 0, "Cache Hits": 1755, "Cache Misses": 68, "Cache Evictions": 0, "Cache Overflows": 0, "Peak Memory Usage": 20}], "Plans": [{"Node Type": "Index Only Scan", "Parent Relationship": "Outer", "Parallel Aware": false, "Async Capable": false, "Scan Direction": "Forward", "Index Name": "idx_comments_userid", "Relation Name": "comments", "Alias": "c", "Startup Cost": 0.29, "Total Cost": 1.1, "Plan Rows": 13, "Plan Width": 4, "Actual Rows": 6, "Actual Loops": 182, "Index Cond": "(userid = v.userid)", "Rows Removed by Index Recheck": 0, "Heap Fetches": 0, "Workers": []}]}]}]}]}]}, "Planning Time": 5.247, "Triggers": [], "Execution Time": 53.317}, {"Plan": {"Node Type": "Aggregate", "Strategy": "Plain", "Partial Mode": "Simple", "Parallel Aware": false, "Async Capable": false, "Startup Cost": 145640.67, "Total Cost": 145640.68, "Plan Rows": 1, "Plan Width": 8, "Actual Rows": 1, "Actual Loops": 1, "Plans": [{"Node Type": "Merge Join", "Parent Relationship": "Outer", "Parallel Aware": false, "Async Capable": false, "Join Type": "Inner", "Startup Cost": 3867.67, "Total Cost": 19505.17, "Plan Rows": 50454202, "Plan Width": 0, "Actual Rows": 77472, "Actual Loops": 1, "Inner Unique": false, "Merge Cond": "(p.owneruserid = v.userid)", "Plans": [{"Node Type": "Sort", "Parent Relationship": "Outer", "Parallel Aware": false, "Async Capable": false, "Startup Cost": 3866.24, "Total Cost": 3915.86, "Plan Rows": 19846, "Plan Width": 4, "Actual Rows": 40283, "Actual Loops": 1, "Sort Key": ["p.owneruserid"], "Sort Method": "quicksort", "Sort Space Used": 1537, "Sort Space Type": "Memory", "Plans": [{"Node Type": "Seq Scan", "Parent Relationship": "Outer", "Parallel Aware": false, "Async Capable": false, "Relation Name": "posts", "Alias": "p", "Startup Cost": 0.0, "Total Cost": 2449.58, "Plan Rows": 19846, "Plan Width": 4, "Actual Rows": 42516, "Actual Loops": 1, "Filter": "((viewcount >= 10) AND (answercount >= 0) AND (answercount <= 10))", "Rows Removed by Filter": 49460}]}, {"Node Type": "Materialize", "Parent Relationship": "Inner", "Parallel Aware": false, "Async Capable": false, "Startup Cost": 1.43, "Total Cost": 5588.44, "Plan Rows": 728054, "Plan Width": 16, "Actual Rows": 77472, "Actual Loops": 1, "Plans": [{"Node Type": "Nested Loop", "Parent Relationship": "Outer", "Parallel Aware": false, "Async Capable": false, "Join Type": "Inner", "Startup Cost": 1.43, "Total Cost": 3768.3, "Plan Rows": 728054, "Plan Width": 16, "Actual Rows": 6360, "Actual Loops": 1, "Inner Unique": false, "Join Filter": "(c.userid = v.userid)", "Rows Removed by Join Filter": 0, "Plans": [{"Node Type": "Nested Loop", "Parent Relationship": "Outer", "Parallel Aware": false, "Async Capable": false, "Join Type": "Inner", "Startup Cost": 1.13, "Total Cost": 3325.1, "Plan Rows": 623, "Plan Width": 12, "Actual Rows": 562, "Actual Loops": 1, "Inner Unique": false, "Join Filter": "(ph.userid = v.userid)", "Rows Removed by Join Filter": 0, "Plans": [{"Node Type": "Merge Join", "Parent Relationship": "Outer", "Parallel Aware": false, "Async Capable": false, "Join Type": "Inner", "Startup Cost": 0.71, "Total Cost": 3145.38, "Plan Rows": 170, "Plan Width": 8, "Actual Rows": 241, "Actual Loops": 1, "Inner Unique": true, "Merge Cond": "(v.userid = u.id)", "Plans": [{"Node Type": "Index Scan", "Parent Relationship": "Outer", "Parallel Aware": false, "Async Capable": false, "Scan Direction": "Forward", "Index Name": "idx_votes_userid", "Relation Name": "votes", "Alias": "v", "Startup Cost": 0.42, "Total Cost": 14062.79, "Plan Rows": 1718, "Plan Width": 4, "Actual Rows": 1085, "Actual Loops": 1, "Filter": "((bountyamount >= 0) AND (bountyamount <= 200) AND (creationdate >= '2010-07-26 00:00:00'::timestamp without time zone))", "Rows Removed by Filter": 36544}, {"Node Type": "Index Scan", "Parent Relationship": "Inner", "Parallel Aware": false, "Async Capable": false, "Scan Direction": "Forward", "Index Name": "users_pkey", "Relation Name": "users", "Alias": "u", "Startup Cost": 0.29, "Total Cost": 1558.79, "Plan Rows": 37714, "Plan Width": 4, "Actual Rows": 37617, "Actual Loops": 1, "Filter": "((views >= 0) AND (views <= 13))", "Rows Removed by Filter": 2611}]}, {"Node Type": "Index Scan", "Parent Relationship": "Inner", "Parallel Aware": false, "Async Capable": false, "Scan Direction": "Forward", "Index Name": "idx_posthistory_userid", "Relation Name": "posthistory", "Alias": "ph", "Startup Cost": 0.42, "Total Cost": 1.04, "Plan Rows": 1, "Plan Width": 4, "Actual Rows": 2, "Actual Loops": 241, "Index Cond": "(userid = u.id)", "Rows Removed by Index Recheck": 0, "Filter": "((creationdate >= '2012-11-05 01:25:39'::timestamp without time zone) AND (creationdate <= '2014-09-09 07:14:12'::timestamp without time zone) AND (posthistorytypeid = 1))", "Rows Removed by Filter": 310}]}, {"Node Type": "Index Only Scan", "Parent Relationship": "Inner", "Parallel Aware": false, "Async Capable": false, "Scan Direction": "Forward", "Index Name": "idx_comments_userid", "Relation Name": "comments", "Alias": "c", "Startup Cost": 0.29, "Total Cost": 0.55, "Plan Rows": 13, "Plan Width": 4, "Actual Rows": 11, "Actual Loops": 562, "Index Cond": "(userid = u.id)", "Rows Removed by Index Recheck": 0, "Heap Fetches": 0}]}]}]}]}, "Planning Time": 4.349, "Triggers": [], "Execution Time": 103.644}, {"Plan": {"Node Type": "Aggregate", "Strategy": "Plain", "Partial Mode": "Finalize", "Parallel Aware": false, "Async Capable": false, "Startup Cost": 82857.23, "Total Cost": 82857.24, "Plan Rows": 1, "Plan Width": 8, "Actual Rows": 1, "Actual Loops": 1, "Plans": [{"Node Type": "Gather", "Parent Relationship": "Outer", "Parallel Aware": false, "Async Capable": false, "Startup Cost": 82857.11, "Total Cost": 82857.22, "Plan Rows": 1, "Plan Width": 8, "Actual Rows": 2, "Actual Loops": 1, "Workers Planned": 1, "Workers Launched": 1, "Single Copy": false, "Plans": [{"Node Type": "Aggregate", "Strategy": "Plain", "Partial Mode": "Partial", "Parent Relationship": "Outer", "Parallel Aware": false, "Async Capable": false, "Startup Cost": 81857.11, "Total Cost": 81857.12, "Plan Rows": 1, "Plan Width": 8, "Actual Rows": 1, "Actual Loops": 2, "Workers": [], "Plans": [{"Node Type": "Merge Join", "Parent Relationship": "Outer", "Parallel Aware": false, "Async Capable": false, "Join Type": "Inner", "Startup Cost": 2.38, "Total Cost": 7659.76, "Plan Rows": 29678942, "Plan Width": 0, "Actual Rows": 38736, "Actual Loops": 2, "Inner Unique": false, "Merge Cond": "(c.userid = v.userid)", "Workers": [], "Plans": [{"Node Type": "Index Only Scan", "Parent Relationship": "Outer", "Parallel Aware": true, "Async Capable": false, "Scan Direction": "Forward", "Index Name": "idx_comments_userid", "Relation Name": "comments", "Alias": "c", "Startup Cost": 0.29, "Total Cost": 2851.06, "Plan Rows": 102532, "Plan Width": 4, "Actual Rows": 85204, "Actual Loops": 2, "Heap Fetches": 0, "Workers": []}, {"Node Type": "Materialize", "Parent Relationship": "Inner", "Parallel Aware": false, "Async Capable": false, "Startup Cost": 1.43, "Total Cost": 3571.72, "Plan Rows": 15060, "Plan Width": 16, "Actual Rows": 40638, "Actual Loops": 2, "Workers": [], "Plans": [{"Node Type": "Nested Loop", "Parent Relationship": "Outer", "Parallel Aware": false, "Async Capable": false, "Join Type": "Inner", "Startup Cost": 1.43, "Total Cost": 3534.07, "Plan Rows": 15060, "Plan Width": 16, "Actual Rows": 3768, "Actual Loops": 2, "Inner Unique": false, "Join Filter": "(ph.userid = v.userid)", "Rows Removed by Join Filter": 0, "Workers": [], "Plans": [{"Node Type": "Nested Loop", "Parent Relationship": "Outer", "Parallel Aware": false, "Async Capable": false, "Join Type": "Inner", "Startup Cost": 1.0, "Total Cost": 3231.72, "Plan Rows": 286, "Plan Width": 12, "Actual Rows": 673, "Actual Loops": 2, "Inner Unique": false, "Join Filter": "(p.owneruserid = v.userid)", "Rows Removed by Join Filter": 0, "Workers": [], "Plans": [{"Node Type": "Merge Join", "Parent Relationship": "Outer", "Parallel Aware": false, "Async Capable": false, "Join Type": "Inner", "Startup Cost": 0.71, "Total Cost": 3145.38, "Plan Rows": 170, "Plan Width": 8, "Actual Rows": 241, "Actual Loops": 2, "Inner Unique": true, "Merge Cond": "(v.userid = u.id)", "Workers": [], "Plans": [{"Node Type": "Index Scan", "Parent Relationship": "Outer", "Parallel Aware": false, "Async Capable": false, "Scan Direction": "Forward", "Index Name": "idx_votes_userid", "Relation Name": "votes", "Alias": "v", "Startup Cost": 0.42, "Total Cost": 14062.79, "Plan Rows": 1718, "Plan Width": 4, "Actual Rows": 1085, "Actual Loops": 2, "Filter": "((bountyamount >= 0) AND (bountyamount <= 200) AND (creationdate >= '2010-07-26 00:00:00'::timestamp without time zone))", "Rows Removed by Filter": 36544, "Workers": []}, {"Node Type": "Index Scan", "Parent Relationship": "Inner", "Parallel Aware": false, "Async Capable": false, "Scan Direction": "Forward", "Index Name": "users_pkey", "Relation Name": "users", "Alias": "u", "Startup Cost": 0.29, "Total Cost": 1558.79, "Plan Rows": 37714, "Plan Width": 4, "Actual Rows": 37617, "Actual Loops": 2, "Filter": "((views >= 0) AND (views <= 13))", "Rows Removed by Filter": 2611, "Workers": []}]}, {"Node Type": "Index Scan", "Parent Relationship": "Inner", "Parallel Aware": false, "Async Capable": false, "Scan Direction": "Forward", "Index Name": "idx_posts_owneruserid", "Relation Name": "posts", "Alias": "p", "Startup Cost": 0.29, "Total Cost": 0.5, "Plan Rows": 1, "Plan Width": 4, "Actual Rows": 3, "Actual Loops": 482, "Index Cond": "(owneruserid = u.id)", "Rows Removed by Index Recheck": 0, "Filter": "((viewcount >= 10) AND (answercount >= 0) AND (answercount <= 10))", "Rows Removed by Filter": 15, "Workers": []}]}, {"Node Type": "Index Scan", "Parent Relationship": "Inner", "Parallel Aware": false, "Async Capable": false, "Scan Direction": "Forward", "Index Name": "idx_posthistory_userid", "Relation Name": "posthistory", "Alias": "ph", "Startup Cost": 0.42, "Total Cost": 1.04, "Plan Rows": 1, "Plan Width": 4, "Actual Rows": 6, "Actual Loops": 1346, "Index Cond": "(userid = u.id)", "Rows Removed by Index Recheck": 0, "Filter": "((creationdate >= '2012-11-05 01:25:39'::timestamp without time zone) AND (creationdate <= '2014-09-09 07:14:12'::timestamp without time zone) AND (posthistorytypeid = 1))", "Rows Removed by Filter": 22, "Workers": []}]}]}]}]}]}]}, "Planning Time": 8.377, "Triggers": [], "Execution Time": 91.828}, {"Plan": {"Node Type": "Aggregate", "Strategy": "Plain", "Partial Mode": "Finalize", "Parallel Aware": false, "Async Capable": false, "Startup Cost": 87838.65, "Total Cost": 87838.66, "Plan Rows": 1, "Plan Width": 8, "Actual Rows": 1, "Actual Loops": 1, "Plans": [{"Node Type": "Gather", "Parent Relationship": "Outer", "Parallel Aware": false, "Async Capable": false, "Startup Cost": 87838.54, "Total Cost": 87838.65, "Plan Rows": 1, "Plan Width": 8, "Actual Rows": 2, "Actual Loops": 1, "Workers Planned": 1, "Workers Launched": 1, "Single Copy": false, "Plans": [{"Node Type": "Aggregate", "Strategy": "Plain", "Partial Mode": "Partial", "Parent Relationship": "Outer", "Parallel Aware": false, "Async Capable": false, "Startup Cost": 86838.54, "Total Cost": 86838.55, "Plan Rows": 1, "Plan Width": 8, "Actual Rows": 1, "Actual Loops": 2, "Workers": [], "Plans": [{"Node Type": "Merge Join", "Parent Relationship": "Outer", "Parallel Aware": false, "Async Capable": false, "Join Type": "Inner", "Startup Cost": 3867.8, "Total Cost": 12641.18, "Plan Rows": 29678942, "Plan Width": 0, "Actual Rows": 38736, "Actual Loops": 2, "Inner Unique": false, "Merge Cond": "(v.userid = u.id)", "Workers": [], "Plans": [{"Node Type": "Nested Loop", "Parent Relationship": "Outer", "Parallel Aware": false, "Async Capable": false, "Join Type": "Inner", "Startup Cost": 3867.09, "Total Cost": 7437.61, "Plan Rows": 89566, "Plan Width": 12, "Actual Rows": 277496, "Actual Loops": 2, "Inner Unique": false, "Join Filter": "(ph.userid = v.userid)", "Rows Removed by Join Filter": 0, "Workers": [], "Plans": [{"Node Type": "Merge Join", "Parent Relationship": "Outer", "Parallel Aware": false, "Async Capable": false, "Join Type": "Inner", "Startup Cost": 3866.67, "Total Cost": 5221.3, "Plan Rows": 1702, "Plan Width": 8, "Actual Rows": 9866, "Actual Loops": 2, "Inner Unique": false, "Merge Cond": "(v.userid = p.owneruserid)", "Workers": [], "Plans": [{"Node Type": "Index Scan", "Parent Relationship": "Outer", "Parallel Aware": true, "Async Capable": false, "Scan Direction": "Forward", "Index Name": "idx_votes_userid", "Relation Name": "votes", "Alias": "v", "Startup Cost": 0.42, "Total Cost": 11698.8, "Plan Rows": 1011, "Plan Width": 4, "Actual Rows": 543, "Actual Loops": 2, "Filter": "((bountyamount >= 0) AND (bountyamount <= 200) AND (creationdate >= '2010-07-26 00:00:00'::timestamp without time zone))", "Rows Removed by Filter": 18615, "Workers": []}, {"Node Type": "Sort", "Parent Relationship": "Inner", "Parallel Aware": false, "Async Capable": false, "Startup Cost": 3866.24, "Total Cost": 3915.86, "Plan Rows": 19846, "Plan Width": 4, "Actual Rows": 46944, "Actual Loops": 2, "Sort Key": ["p.owneruserid"], "Sort Method": "quicksort", "Sort Space Used": 1537, "Sort Space Type": "Memory", "Workers": [{"Worker Number": 0, "Sort Method": "quicksort", "Sort Space Used": 1537, "Sort Space Type": "Memory"}], "Plans": [{"Node Type": "Seq Scan", "Parent Relationship": "Outer", "Parallel Aware": false, "Async Capable": false, "Relation Name": "posts", "Alias": "p", "Startup Cost": 0.0, "Total Cost": 2449.58, "Plan Rows": 19846, "Plan Width": 4, "Actual Rows": 42516, "Actual Loops": 2, "Filter": "((viewcount >= 10) AND (answercount >= 0) AND (answercount <= 10))", "Rows Removed by Filter": 49460, "Workers": []}]}]}, {"Node Type": "Index Scan", "Parent Relationship": "Inner", "Parallel Aware": false, "Async Capable": false, "Scan Direction": "Forward", "Index Name": "idx_posthistory_userid", "Relation Name": "posthistory", "Alias": "ph", "Startup Cost": 0.42, "Total Cost": 1.29, "Plan Rows": 1, "Plan Width": 4, "Actual Rows": 28, "Actual Loops": 19733, "Index Cond": "(userid = p.owneruserid)", "Rows Removed by Index Recheck": 0, "Filter": "((creationdate >= '2012-11-05 01:25:39'::timestamp without time zone) AND (creationdate <= '2014-09-09 07:14:12'::timestamp without time zone) AND (posthistorytypeid = 1))", "Rows Removed by Filter": 429, "Workers": []}]}, {"Node Type": "Materialize", "Parent Relationship": "Inner", "Parallel Aware": false, "Async Capable": false, "Startup Cost": 0.72, "Total Cost": 7595.43, "Plan Rows": 160323, "Plan Width": 8, "Actual Rows": 70806, "Actual Loops": 2, "Workers": [], "Plans": [{"Node Type": "Merge Join", "Parent Relationship": "Outer", "Parallel Aware": false, "Async Capable": false, "Join Type": "Inner", "Startup Cost": 0.72, "Total Cost": 7194.62, "Plan Rows": 160323, "Plan Width": 8, "Actual Rows": 32626, "Actual Loops": 2, "Inner Unique": true, "Merge Cond": "(c.userid = u.id)", "Workers": [], "Plans": [{"Node Type": "Index Only Scan", "Parent Relationship": "Outer", "Parallel Aware": false, "Async Capable": false, "Scan Direction": "Forward", "Index Name": "idx_comments_userid", "Relation Name": "comments", "Alias": "c", "Startup Cost": 0.29, "Total Cost": 3568.78, "Plan Rows": 174305, "Plan Width": 4, "Actual Rows": 169098, "Actual Loops": 2, "Heap Fetches": 0, "Workers": []}, {"Node Type": "Index Scan", "Parent Relationship": "Inner", "Parallel Aware": false, "Async Capable": false, "Scan Direction": "Forward", "Index Name": "users_pkey", "Relation Name": "users", "Alias": "u", "Startup Cost": 0.29, "Total Cost": 1558.79, "Plan Rows": 37714, "Plan Width": 4, "Actual Rows": 34068, "Actual Loops": 2, "Filter": "((views >= 0) AND (views <= 13))", "Rows Removed by Filter": 2588, "Workers": []}]}]}]}]}]}]}, "Planning Time": 10.625, "Triggers": [], "Execution Time": 986.588}, {"Plan": {"Node Type": "Aggregate", "Strategy": "Plain", "Partial Mode": "Finalize", "Parallel Aware": false, "Async Capable": false, "Startup Cost": 85979.17, "Total Cost": 85979.18, "Plan Rows": 1, "Plan Width": 8, "Actual Rows": 1, "Actual Loops": 1, "Plans": [{"Node Type": "Gather", "Parent Relationship": "Outer", "Parallel Aware": false, "Async Capable": false, "Startup Cost": 85979.06, "Total Cost": 85979.17, "Plan Rows": 1, "Plan Width": 8, "Actual Rows": 2, "Actual Loops": 1, "Workers Planned": 1, "Workers Launched": 1, "Single Copy": false, "Plans": [{"Node Type": "Aggregate", "Strategy": "Plain", "Partial Mode": "Partial", "Parent Relationship": "Outer", "Parallel Aware": false, "Async Capable": false, "Startup Cost": 84979.06, "Total Cost": 84979.07, "Plan Rows": 1, "Plan Width": 8, "Actual Rows": 1, "Actual Loops": 2, "Workers": [], "Plans": [{"Node Type": "Merge Join", "Parent Relationship": "Outer", "Parallel Aware": false, "Async Capable": false, "Join Type": "Inner", "Startup Cost": 3867.8, "Total Cost": 10781.71, "Plan Rows": 29678942, "Plan Width": 0, "Actual Rows": 38736, "Actual Loops": 2, "Inner Unique": false, "Merge Cond": "(u.id = v.userid)", "Workers": [], "Plans": [{"Node Type": "Merge Join", "Parent Relationship": "Outer", "Parallel Aware": false, "Async Capable": false, "Join Type": "Inner", "Startup Cost": 0.72, "Total Cost": 5652.14, "Plan Rows": 94308, "Plan Width": 8, "Actual Rows": 16983, "Actual Loops": 2, "Inner Unique": true, "Merge Cond": "(c.userid = u.id)", "Workers": [], "Plans": [{"Node Type": "Index Only Scan", "Parent Relationship": "Outer", "Parallel Aware": true, "Async Capable": false, "Scan Direction": "Forward", "Index Name": "idx_comments_userid", "Relation Name": "comments", "Alias": "c", "Startup Cost": 0.29, "Total Cost": 2851.06, "Plan Rows": 102532, "Plan Width": 4, "Actual Rows": 85422, "Actual Loops": 2, "Heap Fetches": 0, "Workers": []}, {"Node Type": "Index Scan", "Parent Relationship": "Inner", "Parallel Aware": false, "Async Capable": false, "Scan Direction": "Forward", "Index Name": "users_pkey", "Relation Name": "users", "Alias": "u", "Startup Cost": 0.29, "Total Cost": 1558.79, "Plan Rows": 37714, "Plan Width": 4, "Actual Rows": 36498, "Actual Loops": 2, "Filter": "((views >= 0) AND (views <= 13))", "Rows Removed by Filter": 2607, "Workers": []}]}, {"Node Type": "Materialize", "Parent Relationship": "Inner", "Parallel Aware": false, "Async Capable": false, "Startup Cost": 3867.09, "Total Cost": 9634.19, "Plan Rows": 152263, "Plan Width": 12, "Actual Rows": 591862, "Actual Loops": 2, "Workers": [], "Plans": [{"Node Type": "Nested Loop", "Parent Relationship": "Outer", "Parallel Aware": false, "Async Capable": false, "Join Type": "Inner", "Startup Cost": 3867.09, "Total Cost": 9253.53, "Plan Rows": 152263, "Plan Width": 12, "Actual Rows": 554992, "Actual Loops": 2, "Inner Unique": false, "Join Filter": "(ph.userid = v.userid)", "Rows Removed by Join Filter": 0, "Workers": [], "Plans": [{"Node Type": "Merge Join", "Parent Relationship": "Outer", "Parallel Aware": false, "Async Capable": false, "Join Type": "Inner", "Startup Cost": 3866.67, "Total Cost": 5485.02, "Plan Rows": 2894, "Plan Width": 8, "Actual Rows": 19733, "Actual Loops": 2, "Inner Unique": false, "Merge Cond": "(v.userid = p.owneruserid)", "Workers": [], "Plans": [{"Node Type": "Index Scan", "Parent Relationship": "Outer", "Parallel Aware": false, "Async Capable": false, "Scan Direction": "Forward", "Index Name": "idx_votes_userid", "Relation Name": "votes", "Alias": "v", "Startup Cost": 0.42, "Total Cost": 14062.79, "Plan Rows": 1718, "Plan Width": 4, "Actual Rows": 1085, "Actual Loops": 2, "Filter": "((bountyamount >= 0) AND (bountyamount <= 200) AND (creationdate >= '2010-07-26 00:00:00'::timestamp without time zone))", "Rows Removed by Filter": 36544, "Workers": []}, {"Node Type": "Sort", "Parent Relationship": "Inner", "Parallel Aware": false, "Async Capable": false, "Startup Cost": 3866.24, "Total Cost": 3915.86, "Plan Rows": 19846, "Plan Width": 4, "Actual Rows": 55038, "Actual Loops": 2, "Sort Key": ["p.owneruserid"], "Sort Method": "quicksort", "Sort Space Used": 1537, "Sort Space Type": "Memory", "Workers": [{"Worker Number": 0, "Sort Method": "quicksort", "Sort Space Used": 1537, "Sort Space Type": "Memory"}], "Plans": [{"Node Type": "Seq Scan", "Parent Relationship": "Outer", "Parallel Aware": false, "Async Capable": false, "Relation Name": "posts", "Alias": "p", "Startup Cost": 0.0, "Total Cost": 2449.58, "Plan Rows": 19846, "Plan Width": 4, "Actual Rows": 42516, "Actual Loops": 2, "Filter": "((viewcount >= 10) AND (answercount >= 0) AND (answercount <= 10))", "Rows Removed by Filter": 49460, "Workers": []}]}]}, {"Node Type": "Index Scan", "Parent Relationship": "Inner", "Parallel Aware": false, "Async Capable": false, "Scan Direction": "Forward", "Index Name": "idx_posthistory_userid", "Relation Name": "posthistory", "Alias": "ph", "Startup Cost": 0.42, "Total Cost": 1.29, "Plan Rows": 1, "Plan Width": 4, "Actual Rows": 28, "Actual Loops": 39466, "Index Cond": "(userid = p.owneruserid)", "Rows Removed by Index Recheck": 0, "Filter": "((creationdate >= '2012-11-05 01:25:39'::timestamp without time zone) AND (creationdate <= '2014-09-09 07:14:12'::timestamp without time zone) AND (posthistorytypeid = 1))", "Rows Removed by Filter": 429, "Workers": []}]}]}]}]}]}]}, "Planning Time": 9.85, "Triggers": [], "Execution Time": 2100.548}, {"Plan": {"Node Type": "Aggregate", "Strategy": "Plain", "Partial Mode": "Simple", "Parallel Aware": false, "Async Capable": false, "Startup Cost": 148723.29, "Total Cost": 148723.3, "Plan Rows": 1, "Plan Width": 8, "Actual Rows": 1, "Actual Loops": 1, "Plans": [{"Node Type": "Merge Join", "Parent Relationship": "Outer", "Parallel Aware": false, "Async Capable": false, "Join Type": "Inner", "Startup Cost": 14700.13, "Total Cost": 22587.79, "Plan Rows": 50454202, "Plan Width": 0, "Actual Rows": 77472, "Actual Loops": 1, "Inner Unique": false, "Merge Cond": "(u.id = v.userid)", "Plans": [{"Node Type": "Sort", "Parent Relationship": "Outer", "Parallel Aware": false, "Async Capable": false, "Startup Cost": 5169.01, "Total Cost": 5214.71, "Plan Rows": 18280, "Plan Width": 8, "Actual Rows": 24582, "Actual Loops": 1, "Sort Key": ["p.owneruserid"], "Sort Method": "quicksort", "Sort Space Used": 1554, "Sort Space Type": "Memory", "Plans": [{"Node Type": "Hash Join", "Parent Relationship": "Outer", "Parallel Aware": false, "Async Capable": false, "Join Type": "Inner", "Startup Cost": 1373.3, "Total Cost": 3874.98, "Plan Rows": 18280, "Plan Width": 8, "Actual Rows": 25123, "Actual Loops": 1, "Inner Unique": true, "Hash Cond": "(p.owneruserid = u.id)", "Plans": [{"Node Type": "Seq Scan", "Parent Relationship": "Outer", "Parallel Aware": false, "Async Capable": false, "Relation Name": "posts", "Alias": "p", "Startup Cost": 0.0, "Total Cost": 2449.58, "Plan Rows": 19846, "Plan Width": 4, "Actual Rows": 42516, "Actual Loops": 1, "Filter": "((viewcount >= 10) AND (answercount >= 0) AND (answercount <= 10))", "Rows Removed by Filter": 49460}, {"Node Type": "Hash", "Parent Relationship": "Inner", "Parallel Aware": false, "Async Capable": false, "Startup Cost": 901.88, "Total Cost": 901.88, "Plan Rows": 37714, "Plan Width": 4, "Actual Rows": 37714, "Actual Loops": 1, "Hash Buckets": 65536, "Original Hash Buckets": 65536, "Hash Batches": 1, "Original Hash Batches": 1, "Peak Memory Usage": 1838, "Plans": [{"Node Type": "Seq Scan", "Parent Relationship": "Outer", "Parallel Aware": false, "Async Capable": false, "Relation Name": "users", "Alias": "u", "Startup Cost": 0.0, "Total Cost": 901.88, "Plan Rows": 37714, "Plan Width": 4, "Actual Rows": 37714, "Actual Loops": 1, "Filter": "((views >= 0) AND (views <= 13))", "Rows Removed by Filter": 2611}]}]}]}, {"Node Type": "Materialize", "Parent Relationship": "Inner", "Parallel Aware": false, "Async Capable": false, "Startup Cost": 9531.11, "Total Cost": 31480.59, "Plan Rows": 7361077, "Plan Width": 12, "Actual Rows": 3608762, "Actual Loops": 1, "Plans": [{"Node Type": "Merge Join", "Parent Relationship": "Outer", "Parallel Aware": false, "Async Capable": false, "Join Type": "Inner", "Startup Cost": 9531.11, "Total Cost": 13077.9, "Plan Rows": 7361077, "Plan Width": 12, "Actual Rows": 3537650, "Actual Loops": 1, "Inner Unique": false, "Merge Cond": "(ph.userid = v.userid)", "Plans": [{"Node Type": "Sort", "Parent Relationship": "Outer", "Parallel Aware": false, "Async Capable": false, "Startup Cost": 9530.4, "Total Cost": 9597.81, "Plan Rows": 26967, "Plan Width": 4, "Actual Rows": 28214, "Actual Loops": 1, "Sort Key": ["ph.userid"], "Sort Method": "quicksort", "Sort Space Used": 769, "Sort Space Type": "Memory", "Plans": [{"Node Type": "Seq Scan", "Parent Relationship": "Outer", "Parallel Aware": false, "Async Capable": false, "Relation Name": "posthistory", "Alias": "ph", "Startup Cost": 0.0, "Total Cost": 7545.77, "Plan Rows": 26967, "Plan Width": 4, "Actual Rows": 28929, "Actual Loops": 1, "Filter": "((creationdate >= '2012-11-05 01:25:39'::timestamp without time zone) AND (creationdate <= '2014-09-09 07:14:12'::timestamp without time zone) AND (posthistorytypeid = 1))", "Rows Removed by Filter": 274258}]}, {"Node Type": "Materialize", "Parent Relationship": "Inner", "Parallel Aware": false, "Async Capable": false, "Startup Cost": 0.72, "Total Cost": 6181.12, "Plan Rows": 54878, "Plan Width": 8, "Actual Rows": 3674074, "Actual Loops": 1, "Plans": [{"Node Type": "Merge Join", "Parent Relationship": "Outer", "Parallel Aware": false, "Async Capable": false, "Join Type": "Inner", "Startup Cost": 0.72, "Total Cost": 6043.93, "Plan Rows": 54878, "Plan Width": 8, "Actual Rows": 505054, "Actual Loops": 1, "Inner Unique": false, "Merge Cond": "(v.userid = c.userid)", "Plans": [{"Node Type": "Index Scan", "Parent Relationship": "Outer", "Parallel Aware": false, "Async Capable": false, "Scan Direction": "Forward", "Index Name": "idx_votes_userid", "Relation Name": "votes", "Alias": "v", "Startup Cost": 0.42, "Total Cost": 14062.79, "Plan Rows": 1718, "Plan Width": 4, "Actual Rows": 1085, "Actual Loops": 1, "Filter": "((bountyamount >= 0) AND (bountyamount <= 200) AND (creationdate >= '2010-07-26 00:00:00'::timestamp without time zone))", "Rows Removed by Filter": 36544}, {"Node Type": "Index Only Scan", "Parent Relationship": "Inner", "Parallel Aware": false, "Async Capable": false, "Scan Direction": "Forward", "Index Name": "idx_comments_userid", "Relation Name": "comments", "Alias": "c", "Startup Cost": 0.29, "Total Cost": 3568.78, "Plan Rows": 174305, "Plan Width": 4, "Actual Rows": 600868, "Actual Loops": 1, "Heap Fetches": 0}]}]}]}]}]}]}, "Planning Time": 4.883, "Triggers": [], "Execution Time": 1118.832}, {"Plan": {"Node Type": "Aggregate", "Strategy": "Plain", "Partial Mode": "Finalize", "Parallel Aware": false, "Async Capable": false, "Startup Cost": 151782.77, "Total Cost": 151782.78, "Plan Rows": 1, "Plan Width": 8, "Actual Rows": 1, "Actual Loops": 1, "Plans": [{"Node Type": "Gather", "Parent Relationship": "Outer", "Parallel Aware": false, "Async Capable": false, "Startup Cost": 151782.66, "Total Cost": 151782.77, "Plan Rows": 1, "Plan Width": 8, "Actual Rows": 2, "Actual Loops": 1, "Workers Planned": 1, "Workers Launched": 1, "Single Copy": false, "Plans": [{"Node Type": "Aggregate", "Strategy": "Plain", "Partial Mode": "Partial", "Parent Relationship": "Outer", "Parallel Aware": false, "Async Capable": false, "Startup Cost": 150782.66, "Total Cost": 150782.67, "Plan Rows": 1, "Plan Width": 8, "Actual Rows": 1, "Actual Loops": 2, "Workers": [], "Plans": [{"Node Type": "Merge Join", "Parent Relationship": "Outer", "Parallel Aware": false, "Async Capable": false, "Join Type": "Inner", "Startup Cost": 14700.14, "Total Cost": 76585.31, "Plan Rows": 29678942, "Plan Width": 0, "Actual Rows": 38736, "Actual Loops": 2, "Inner Unique": false, "Merge Cond": "(v.userid = u.id)", "Workers": [], "Plans": [{"Node Type": "Merge Join", "Parent Relationship": "Outer", "Parallel Aware": false, "Async Capable": false, "Join Type": "Inner", "Startup Cost": 9530.82, "Total Cost": 10941.1, "Plan Rows": 3705, "Plan Width": 8, "Actual Rows": 5368, "Actual Loops": 2, "Inner Unique": false, "Merge Cond": "(v.userid = ph.userid)", "Workers": [], "Plans": [{"Node Type": "Index Scan", "Parent Relationship": "Outer", "Parallel Aware": true, "Async Capable": false, "Scan Direction": "Forward", "Index Name": "idx_votes_userid", "Relation Name": "votes", "Alias": "v", "Startup Cost": 0.42, "Total Cost": 11698.8, "Plan Rows": 1011, "Plan Width": 4, "Actual Rows": 542, "Actual Loops": 2, "Filter": "((bountyamount >= 0) AND (bountyamount <= 200) AND (creationdate >= '2010-07-26 00:00:00'::timestamp without time zone))", "Rows Removed by Filter": 18006, "Workers": []}, {"Node Type": "Sort", "Parent Relationship": "Inner", "Parallel Aware": false, "Async Capable": false, "Startup Cost": 9530.4, "Total Cost": 9597.81, "Plan Rows": 26967, "Plan Width": 4, "Actual Rows": 31487, "Actual Loops": 2, "Sort Key": ["ph.userid"], "Sort Method": "quicksort", "Sort Space Used": 769, "Sort Space Type": "Memory", "Workers": [{"Worker Number": 0, "Sort Method": "quicksort", "Sort Space Used": 769, "Sort Space Type": "Memory"}], "Plans": [{"Node Type": "Seq Scan", "Parent Relationship": "Outer", "Parallel Aware": false, "Async Capable": false, "Relation Name": "posthistory", "Alias": "ph", "Startup Cost": 0.0, "Total Cost": 7545.77, "Plan Rows": 26967, "Plan Width": 4, "Actual Rows": 28929, "Actual Loops": 2, "Filter": "((creationdate >= '2012-11-05 01:25:39'::timestamp without time zone) AND (creationdate <= '2014-09-09 07:14:12'::timestamp without time zone) AND (posthistorytypeid = 1))", "Rows Removed by Filter": 274258, "Workers": []}]}]}, {"Node Type": "Materialize", "Parent Relationship": "Inner", "Parallel Aware": false, "Async Capable": false, "Startup Cost": 5169.32, "Total Cost": 38048.85, "Plan Rows": 11110365, "Plan Width": 12, "Actual Rows": 120861, "Actual Loops": 2, "Workers": [], "Plans": [{"Node Type": "Merge Join", "Parent Relationship": "Outer", "Parallel Aware": false, "Async Capable": false, "Join Type": "Inner", "Startup Cost": 5169.32, "Total Cost": 10272.94, "Plan Rows": 11110365, "Plan Width": 12, "Actual Rows": 85433, "Actual Loops": 2, "Inner Unique": false, "Merge Cond": "(c.userid = u.id)", "Workers": [], "Plans": [{"Node Type": "Index Only Scan", "Parent Relationship": "Outer", "Parallel Aware": false, "Async Capable": false, "Scan Direction": "Forward", "Index Name": "idx_comments_userid", "Relation Name": "comments", "Alias": "c", "Startup Cost": 0.29, "Total Cost": 3568.78, "Plan Rows": 174305, "Plan Width": 4, "Actual Rows": 170278, "Actual Loops": 2, "Heap Fetches": 0, "Workers": []}, {"Node Type": "Sort", "Parent Relationship": "Inner", "Parallel Aware": false, "Async Capable": false, "Startup Cost": 5169.01, "Total Cost": 5214.71, "Plan Rows": 18280, "Plan Width": 8, "Actual Rows": 92308, "Actual Loops": 2, "Sort Key": ["p.owneruserid"], "Sort Method": "quicksort", "Sort Space Used": 1554, "Sort Space Type": "Memory", "Workers": [{"Worker Number": 0, "Sort Method": "quicksort", "Sort Space Used": 1554, "Sort Space Type": "Memory"}], "Plans": [{"Node Type": "Hash Join", "Parent Relationship": "Outer", "Parallel Aware": false, "Async Capable": false, "Join Type": "Inner", "Startup Cost": 1373.3, "Total Cost": 3874.98, "Plan Rows": 18280, "Plan Width": 8, "Actual Rows": 25123, "Actual Loops": 2, "Inner Unique": true, "Hash Cond": "(p.owneruserid = u.id)", "Workers": [], "Plans": [{"Node Type": "Seq Scan", "Parent Relationship": "Outer", "Parallel Aware": false, "Async Capable": false, "Relation Name": "posts", "Alias": "p", "Startup Cost": 0.0, "Total Cost": 2449.58, "Plan Rows": 19846, "Plan Width": 4, "Actual Rows": 42516, "Actual Loops": 2, "Filter": "((viewcount >= 10) AND (answercount >= 0) AND (answercount <= 10))", "Rows Removed by Filter": 49460, "Workers": []}, {"Node Type": "Hash", "Parent Relationship": "Inner", "Parallel Aware": false, "Async Capable": false, "Startup Cost": 901.88, "Total Cost": 901.88, "Plan Rows": 37714, "Plan Width": 4, "Actual Rows": 37714, "Actual Loops": 2, "Hash Buckets": 65536, "Original Hash Buckets": 65536, "Hash Batches": 1, "Original Hash Batches": 1, "Peak Memory Usage": 1838, "Workers": [], "Plans": [{"Node Type": "Seq Scan", "Parent Relationship": "Outer", "Parallel Aware": false, "Async Capable": false, "Relation Name": "users", "Alias": "u", "Startup Cost": 0.0, "Total Cost": 901.88, "Plan Rows": 37714, "Plan Width": 4, "Actual Rows": 37714, "Actual Loops": 2, "Filter": "((views >= 0) AND (views <= 13))", "Rows Removed by Filter": 2611, "Workers": []}]}]}]}]}]}]}]}]}]}, "Planning Time": 9.2, "Triggers": [], "Execution Time": 208.948}, {"Plan": {"Node Type": "Aggregate", "Strategy": "Plain", "Partial Mode": "Finalize", "Parallel Aware": false, "Async Capable": false, "Startup Cost": 91926.12, "Total Cost": 91926.13, "Plan Rows": 1, "Plan Width": 8, "Actual Rows": 1, "Actual Loops": 1, "Plans": [{"Node Type": "Gather", "Parent Relationship": "Outer", "Parallel Aware": false, "Async Capable": false, "Startup Cost": 91926.01, "Total Cost": 91926.12, "Plan Rows": 1, "Plan Width": 8, "Actual Rows": 2, "Actual Loops": 1, "Workers Planned": 1, "Workers Launched": 1, "Single Copy": false, "Plans": [{"Node Type": "Aggregate", "Strategy": "Plain", "Partial Mode": "Partial", "Parent Relationship": "Outer", "Parallel Aware": false, "Async Capable": false, "Startup Cost": 90926.01, "Total Cost": 90926.02, "Plan Rows": 1, "Plan Width": 8, "Actual Rows": 1, "Actual Loops": 2, "Workers": [], "Plans": [{"Node Type": "Nested Loop", "Parent Relationship": "Outer", "Parallel Aware": false, "Async Capable": false, "Join Type": "Inner", "Startup Cost": 1.73, "Total Cost": 16728.65, "Plan Rows": 29678942, "Plan Width": 0, "Actual Rows": 38736, "Actual Loops": 2, "Inner Unique": false, "Workers": [], "Plans": [{"Node Type": "Nested Loop", "Parent Relationship": "Outer", "Parallel Aware": false, "Async Capable": false, "Join Type": "Inner", "Startup Cost": 1.3, "Total Cost": 3063.18, "Plan Rows": 221259, "Plan Width": 16, "Actual Rows": 3555, "Actual Loops": 2, "Inner Unique": false, "Join Filter": "(c.userid = v.userid)", "Rows Removed by Join Filter": 0, "Workers": [], "Plans": [{"Node Type": "Nested Loop", "Parent Relationship": "Outer", "Parallel Aware": false, "Async Capable": false, "Join Type": "Inner", "Startup Cost": 1.0, "Total Cost": 2943.66, "Plan Rows": 168, "Plan Width": 12, "Actual Rows": 336, "Actual Loops": 2, "Inner Unique": false, "Join Filter": "(p.owneruserid = v.userid)", "Rows Removed by Join Filter": 0, "Workers": [], "Plans": [{"Node Type": "Merge Join", "Parent Relationship": "Outer", "Parallel Aware": false, "Async Capable": false, "Join Type": "Inner", "Startup Cost": 0.71, "Total Cost": 2892.87, "Plan Rows": 100, "Plan Width": 8, "Actual Rows": 120, "Actual Loops": 2, "Inner Unique": true, "Merge Cond": "(v.userid = u.id)", "Workers": [], "Plans": [{"Node Type": "Index Scan", "Parent Relationship": "Outer", "Parallel Aware": true, "Async Capable": false, "Scan Direction": "Forward", "Index Name": "idx_votes_userid", "Relation Name": "votes", "Alias": "v", "Startup Cost": 0.42, "Total Cost": 11698.8, "Plan Rows": 1011, "Plan Width": 4, "Actual Rows": 543, "Actual Loops": 2, "Filter": "((bountyamount >= 0) AND (bountyamount <= 200) AND (creationdate >= '2010-07-26 00:00:00'::timestamp without time zone))", "Rows Removed by Filter": 18615, "Workers": []}, {"Node Type": "Index Scan", "Parent Relationship": "Inner", "Parallel Aware": false, "Async Capable": false, "Scan Direction": "Forward", "Index Name": "users_pkey", "Relation Name": "users", "Alias": "u", "Startup Cost": 0.29, "Total Cost": 1558.79, "Plan Rows": 37714, "Plan Width": 4, "Actual Rows": 36099, "Actual Loops": 2, "Filter": "((views >= 0) AND (views <= 13))", "Rows Removed by Filter": 2605, "Workers": []}]}, {"Node Type": "Index Scan", "Parent Relationship": "Inner", "Parallel Aware": false, "Async Capable": false, "Scan Direction": "Forward", "Index Name": "idx_posts_owneruserid", "Relation Name": "posts", "Alias": "p", "Startup Cost": 0.29, "Total Cost": 0.5, "Plan Rows": 1, "Plan Width": 4, "Actual Rows": 3, "Actual Loops": 241, "Index Cond": "(owneruserid = u.id)", "Rows Removed by Index Recheck": 0, "Filter": "((viewcount >= 10) AND (answercount >= 0) AND (answercount <= 10))", "Rows Removed by Filter": 15, "Workers": []}]}, {"Node Type": "Index Only Scan", "Parent Relationship": "Inner", "Parallel Aware": false, "Async Capable": false, "Scan Direction": "Forward", "Index Name": "idx_comments_userid", "Relation Name": "comments", "Alias": "c", "Startup Cost": 0.29, "Total Cost": 0.55, "Plan Rows": 13, "Plan Width": 4, "Actual Rows": 11, "Actual Loops": 673, "Index Cond": "(userid = u.id)", "Rows Removed by Index Recheck": 0, "Heap Fetches": 0, "Workers": []}]}, {"Node Type": "Memoize", "Parent Relationship": "Inner", "Parallel Aware": false, "Async Capable": false, "Startup Cost": 0.43, "Total Cost": 5.82, "Plan Rows": 1, "Plan Width": 4, "Actual Rows": 11, "Actual Loops": 7110, "Cache Key": "v.userid", "Cache Mode": "logical", "Cache Hits": 3394, "Cache Misses": 126, "Cache Evictions": 0, "Cache Overflows": 0, "Peak Memory Usage": 19, "Workers": [{"Worker Number": 0, "Cache Hits": 3523, "Cache Misses": 67, "Cache Evictions": 0, "Cache Overflows": 0, "Peak Memory Usage": 13}], "Plans": [{"Node Type": "Index Scan", "Parent Relationship": "Outer", "Parallel Aware": false, "Async Capable": false, "Scan Direction": "Forward", "Index Name": "idx_posthistory_userid", "Relation Name": "posthistory", "Alias": "ph", "Startup Cost": 0.42, "Total Cost": 5.81, "Plan Rows": 1, "Plan Width": 4, "Actual Rows": 3, "Actual Loops": 193, "Index Cond": "(userid = v.userid)", "Rows Removed by Index Recheck": 0, "Filter": "((creationdate >= '2012-11-05 01:25:39'::timestamp without time zone) AND (creationdate <= '2014-09-09 07:14:12'::timestamp without time zone) AND (posthistorytypeid = 1))", "Rows Removed by Filter": 12, "Workers": []}]}]}]}]}]}, "Planning Time": 9.152, "Triggers": [], "Execution Time": 55.173}, {"Plan": {"Node Type": "Aggregate", "Strategy": "Plain", "Partial Mode": "Finalize", "Parallel Aware": false, "Async Capable": false, "Startup Cost": 96307.0, "Total Cost": 96307.01, "Plan Rows": 1, "Plan Width": 8, "Actual Rows": 1, "Actual Loops": 1, "Plans": [{"Node Type": "Gather", "Parent Relationship": "Outer", "Parallel Aware": false, "Async Capable": false, "Startup Cost": 96306.89, "Total Cost": 96307.0, "Plan Rows": 1, "Plan Width": 8, "Actual Rows": 2, "Actual Loops": 1, "Workers Planned": 1, "Workers Launched": 1, "Single Copy": false, "Plans": [{"Node Type": "Aggregate", "Strategy": "Plain", "Partial Mode": "Partial", "Parent Relationship": "Outer", "Parallel Aware": false, "Async Capable": false, "Startup Cost": 95306.89, "Total Cost": 95306.9, "Plan Rows": 1, "Plan Width": 8, "Actual Rows": 1, "Actual Loops": 2, "Workers": [], "Plans": [{"Node Type": "Merge Join", "Parent Relationship": "Outer", "Parallel Aware": false, "Async Capable": false, "Join Type": "Inner", "Startup Cost": 14560.18, "Total Cost": 21109.53, "Plan Rows": 29678942, "Plan Width": 0, "Actual Rows": 38736, "Actual Loops": 2, "Inner Unique": false, "Merge Cond": "(v.userid = u.id)", "Workers": [], "Plans": [{"Node Type": "Merge Join", "Parent Relationship": "Outer", "Parallel Aware": false, "Async Capable": false, "Join Type": "Inner", "Startup Cost": 0.72, "Total Cost": 5566.28, "Plan Rows": 32281, "Plan Width": 8, "Actual Rows": 252527, "Actual Loops": 2, "Inner Unique": false, "Merge Cond": "(v.userid = c.userid)", "Workers": [], "Plans": [{"Node Type": "Index Scan", "Parent Relationship": "Outer", "Parallel Aware": true, "Async Capable": false, "Scan Direction": "Forward", "Index Name": "idx_votes_userid", "Relation Name": "votes", "Alias": "v", "Startup Cost": 0.42, "Total Cost": 11698.8, "Plan Rows": 1011, "Plan Width": 4, "Actual Rows": 543, "Actual Loops": 2, "Filter": "((bountyamount >= 0) AND (bountyamount <= 200) AND (creationdate >= '2010-07-26 00:00:00'::timestamp without time zone))", "Rows Removed by Filter": 18615, "Workers": []}, {"Node Type": "Index Only Scan", "Parent Relationship": "Inner", "Parallel Aware": false, "Async Capable": false, "Scan Direction": "Forward", "Index Name": "idx_comments_userid", "Relation Name": "comments", "Alias": "c", "Startup Cost": 0.29, "Total Cost": 3568.78, "Plan Rows": 174305, "Plan Width": 4, "Actual Rows": 385290, "Actual Loops": 2, "Heap Fetches": 0, "Workers": []}]}, {"Node Type": "Materialize", "Parent Relationship": "Inner", "Parallel Aware": false, "Async Capable": false, "Startup Cost": 14559.47, "Total Cost": 17292.84, "Plan Rows": 961830, "Plan Width": 12, "Actual Rows": 90262, "Actual Loops": 2, "Workers": [], "Plans": [{"Node Type": "Merge Join", "Parent Relationship": "Outer", "Parallel Aware": false, "Async Capable": false, "Join Type": "Inner", "Startup Cost": 14559.47, "Total Cost": 14888.26, "Plan Rows": 961830, "Plan Width": 12, "Actual Rows": 53328, "Actual Loops": 2, "Inner Unique": false, "Merge Cond": "(u.id = p.owneruserid)", "Workers": [], "Plans": [{"Node Type": "Sort", "Parent Relationship": "Outer", "Parallel Aware": false, "Async Capable": false, "Startup Cost": 10693.22, "Total Cost": 10751.88, "Plan Rows": 23465, "Plan Width": 8, "Actual Rows": 18640, "Actual Loops": 2, "Sort Key": ["ph.userid"], "Sort Method": "quicksort", "Sort Space Used": 1378, "Sort Space Type": "Memory", "Workers": [{"Worker Number": 0, "Sort Method": "quicksort", "Sort Space Used": 1378, "Sort Space Type": "Memory"}], "Plans": [{"Node Type": "Hash Join", "Parent Relationship": "Outer", "Parallel Aware": false, "Async Capable": false, "Join Type": "Inner", "Startup Cost": 1373.3, "Total Cost": 8989.87, "Plan Rows": 23465, "Plan Width": 8, "Actual Rows": 19506, "Actual Loops": 2, "Inner Unique": true, "Hash Cond": "(ph.userid = u.id)", "Workers": [], "Plans": [{"Node Type": "Seq Scan", "Parent Relationship": "Outer", "Parallel Aware": false, "Async Capable": false, "Relation Name": "posthistory", "Alias": "ph", "Startup Cost": 0.0, "Total Cost": 7545.77, "Plan Rows": 26967, "Plan Width": 4, "Actual Rows": 28929, "Actual Loops": 2, "Filter": "((creationdate >= '2012-11-05 01:25:39'::timestamp without time zone) AND (creationdate <= '2014-09-09 07:14:12'::timestamp without time zone) AND (posthistorytypeid = 1))", "Rows Removed by Filter": 274258, "Workers": []}, {"Node Type": "Hash", "Parent Relationship": "Inner", "Parallel Aware": false, "Async Capable": false, "Startup Cost": 901.88, "Total Cost": 901.88, "Plan Rows": 37714, "Plan Width": 4, "Actual Rows": 37714, "Actual Loops": 2, "Hash Buckets": 65536, "Original Hash Buckets": 65536, "Hash Batches": 1, "Original Hash Batches": 1, "Peak Memory Usage": 1838, "Workers": [], "Plans": [{"Node Type": "Seq Scan", "Parent Relationship": "Outer", "Parallel Aware": false, "Async Capable": false, "Relation Name": "users", "Alias": "u", "Startup Cost": 0.0, "Total Cost": 901.88, "Plan Rows": 37714, "Plan Width": 4, "Actual Rows": 37714, "Actual Loops": 2, "Filter": "((views >= 0) AND (views <= 13))", "Rows Removed by Filter": 2611, "Workers": []}]}]}]}, {"Node Type": "Sort", "Parent Relationship": "Inner", "Parallel Aware": false, "Async Capable": false, "Startup Cost": 3866.24, "Total Cost": 3915.86, "Plan Rows": 19846, "Plan Width": 4, "Actual Rows": 74854, "Actual Loops": 2, "Sort Key": ["p.owneruserid"], "Sort Method": "quicksort", "Sort Space Used": 1537, "Sort Space Type": "Memory", "Workers": [{"Worker Number": 0, "Sort Method": "quicksort", "Sort Space Used": 1537, "Sort Space Type": "Memory"}], "Plans": [{"Node Type": "Seq Scan", "Parent Relationship": "Outer", "Parallel Aware": false, "Async Capable": false, "Relation Name": "posts", "Alias": "p", "Startup Cost": 0.0, "Total Cost": 2449.58, "Plan Rows": 19846, "Plan Width": 4, "Actual Rows": 42516, "Actual Loops": 2, "Filter": "((viewcount >= 10) AND (answercount >= 0) AND (answercount <= 10))", "Rows Removed by Filter": 49460, "Workers": []}]}]}]}]}]}]}]}, "Planning Time": 9.581, "Triggers": [], "Execution Time": 227.654}, {"Plan": {"Node Type": "Aggregate", "Strategy": "Plain", "Partial Mode": "Simple", "Parallel Aware": false, "Async Capable": false, "Startup Cost": 145410.35, "Total Cost": 145410.36, "Plan Rows": 1, "Plan Width": 8, "Actual Rows": 1, "Actual Loops": 1, "Plans": [{"Node Type": "Merge Join", "Parent Relationship": "Outer", "Parallel Aware": false, "Async Capable": false, "Join Type": "Inner", "Startup Cost": 14560.18, "Total Cost": 19274.84, "Plan Rows": 50454202, "Plan Width": 0, "Actual Rows": 77472, "Actual Loops": 1, "Inner Unique": false, "Merge Cond": "(v.userid = u.id)", "Plans": [{"Node Type": "Merge Join", "Parent Relationship": "Outer", "Parallel Aware": false, "Async Capable": false, "Join Type": "Inner", "Startup Cost": 3866.96, "Total Cost": 5746.52, "Plan Rows": 3803022, "Plan Width": 12, "Actual Rows": 6809709, "Actual Loops": 1, "Inner Unique": false, "Merge Cond": "(p.owneruserid = v.userid)", "Plans": [{"Node Type": "Sort", "Parent Relationship": "Outer", "Parallel Aware": false, "Async Capable": false, "Startup Cost": 3866.24, "Total Cost": 3915.86, "Plan Rows": 19846, "Plan Width": 4, "Actual Rows": 41240, "Actual Loops": 1, "Sort Key": ["p.owneruserid"], "Sort Method": "quicksort", "Sort Space Used": 1537, "Sort Space Type": "Memory", "Plans": [{"Node Type": "Seq Scan", "Parent Relationship": "Outer", "Parallel Aware": false, "Async Capable": false, "Relation Name": "posts", "Alias": "p", "Startup Cost": 0.0, "Total Cost": 2449.58, "Plan Rows": 19846, "Plan Width": 4, "Actual Rows": 42516, "Actual Loops": 1, "Filter": "((viewcount >= 10) AND (answercount >= 0) AND (answercount <= 10))", "Rows Removed by Filter": 49460}]}, {"Node Type": "Materialize", "Parent Relationship": "Inner", "Parallel Aware": false, "Async Capable": false, "Startup Cost": 0.72, "Total Cost": 6181.12, "Plan Rows": 54878, "Plan Width": 8, "Actual Rows": 6811731, "Actual Loops": 1, "Plans": [{"Node Type": "Merge Join", "Parent Relationship": "Outer", "Parallel Aware": false, "Async Capable": false, "Join Type": "Inner", "Startup Cost": 0.72, "Total Cost": 6043.93, "Plan Rows": 54878, "Plan Width": 8, "Actual Rows": 505054, "Actual Loops": 1, "Inner Unique": false, "Merge Cond": "(v.userid = c.userid)", "Plans": [{"Node Type": "Index Scan", "Parent Relationship": "Outer", "Parallel Aware": false, "Async Capable": false, "Scan Direction": "Forward", "Index Name": "idx_votes_userid", "Relation Name": "votes", "Alias": "v", "Startup Cost": 0.42, "Total Cost": 14062.79, "Plan Rows": 1718, "Plan Width": 4, "Actual Rows": 1085, "Actual Loops": 1, "Filter": "((bountyamount >= 0) AND (bountyamount <= 200) AND (creationdate >= '2010-07-26 00:00:00'::timestamp without time zone))", "Rows Removed by Filter": 36544}, {"Node Type": "Index Only Scan", "Parent Relationship": "Inner", "Parallel Aware": false, "Async Capable": false, "Scan Direction": "Forward", "Index Name": "idx_comments_userid", "Relation Name": "comments", "Alias": "c", "Startup Cost": 0.29, "Total Cost": 3568.78, "Plan Rows": 174305, "Plan Width": 4, "Actual Rows": 600868, "Actual Loops": 1, "Heap Fetches": 0}]}]}]}, {"Node Type": "Sort", "Parent Relationship": "Inner", "Parallel Aware": false, "Async Capable": false, "Startup Cost": 10693.22, "Total Cost": 10751.88, "Plan Rows": 23465, "Plan Width": 8, "Actual Rows": 96008, "Actual Loops": 1, "Sort Key": ["ph.userid"], "Sort Method": "quicksort", "Sort Space Used": 1378, "Sort Space Type": "Memory", "Plans": [{"Node Type": "Hash Join", "Parent Relationship": "Outer", "Parallel Aware": false, "Async Capable": false, "Join Type": "Inner", "Startup Cost": 1373.3, "Total Cost": 8989.87, "Plan Rows": 23465, "Plan Width": 8, "Actual Rows": 19506, "Actual Loops": 1, "Inner Unique": true, "Hash Cond": "(ph.userid = u.id)", "Plans": [{"Node Type": "Seq Scan", "Parent Relationship": "Outer", "Parallel Aware": false, "Async Capable": false, "Relation Name": "posthistory", "Alias": "ph", "Startup Cost": 0.0, "Total Cost": 7545.77, "Plan Rows": 26967, "Plan Width": 4, "Actual Rows": 28929, "Actual Loops": 1, "Filter": "((creationdate >= '2012-11-05 01:25:39'::timestamp without time zone) AND (creationdate <= '2014-09-09 07:14:12'::timestamp without time zone) AND (posthistorytypeid = 1))", "Rows Removed by Filter": 274258}, {"Node Type": "Hash", "Parent Relationship": "Inner", "Parallel Aware": false, "Async Capable": false, "Startup Cost": 901.88, "Total Cost": 901.88, "Plan Rows": 37714, "Plan Width": 4, "Actual Rows": 37714, "Actual Loops": 1, "Hash Buckets": 65536, "Original Hash Buckets": 65536, "Hash Batches": 1, "Original Hash Batches": 1, "Peak Memory Usage": 1838, "Plans": [{"Node Type": "Seq Scan", "Parent Relationship": "Outer", "Parallel Aware": false, "Async Capable": false, "Relation Name": "users", "Alias": "u", "Startup Cost": 0.0, "Total Cost": 901.88, "Plan Rows": 37714, "Plan Width": 4, "Actual Rows": 37714, "Actual Loops": 1, "Filter": "((views >= 0) AND (views <= 13))", "Rows Removed by Filter": 2611}]}]}]}]}]}, "Planning Time": 4.914, "Triggers": [], "Execution Time": 892.901}, {"Plan": {"Node Type": "Aggregate", "Strategy": "Plain", "Partial Mode": "Finalize", "Parallel Aware": false, "Async Capable": false, "Startup Cost": 218368.62, "Total Cost": 218368.63, "Plan Rows": 1, "Plan Width": 8, "Actual Rows": 1, "Actual Loops": 1, "Plans": [{"Node Type": "Gather", "Parent Relationship": "Outer", "Parallel Aware": false, "Async Capable": false, "Startup Cost": 218368.51, "Total Cost": 218368.62, "Plan Rows": 1, "Plan Width": 8, "Actual Rows": 2, "Actual Loops": 1, "Workers Planned": 1, "Workers Launched": 1, "Single Copy": false, "Plans": [{"Node Type": "Aggregate", "Strategy": "Plain", "Partial Mode": "Partial", "Parent Relationship": "Outer", "Parallel Aware": false, "Async Capable": false, "Startup Cost": 217368.51, "Total Cost": 217368.52, "Plan Rows": 1, "Plan Width": 8, "Actual Rows": 1, "Actual Loops": 2, "Workers": [], "Plans": [{"Node Type": "Merge Join", "Parent Relationship": "Outer", "Parallel Aware": false, "Async Capable": false, "Join Type": "Inner", "Startup Cost": 1.73, "Total Cost": 143171.16, "Plan Rows": 29678942, "Plan Width": 0, "Actual Rows": 38736, "Actual Loops": 2, "Inner Unique": false, "Merge Cond": "(v.userid = c.userid)", "Workers": [], "Plans": [{"Node Type": "Nested Loop", "Parent Relationship": "Outer", "Parallel Aware": false, "Async Capable": false, "Join Type": "Inner", "Startup Cost": 1.0, "Total Cost": 2943.66, "Plan Rows": 168, "Plan Width": 12, "Actual Rows": 336, "Actual Loops": 2, "Inner Unique": false, "Join Filter": "(p.owneruserid = v.userid)", "Rows Removed by Join Filter": 0, "Workers": [], "Plans": [{"Node Type": "Merge Join", "Parent Relationship": "Outer", "Parallel Aware": false, "Async Capable": false, "Join Type": "Inner", "Startup Cost": 0.71, "Total Cost": 2892.87, "Plan Rows": 100, "Plan Width": 8, "Actual Rows": 120, "Actual Loops": 2, "Inner Unique": true, "Merge Cond": "(v.userid = u.id)", "Workers": [], "Plans": [{"Node Type": "Index Scan", "Parent Relationship": "Outer", "Parallel Aware": true, "Async Capable": false, "Scan Direction": "Forward", "Index Name": "idx_votes_userid", "Relation Name": "votes", "Alias": "v", "Startup Cost": 0.42, "Total Cost": 11698.8, "Plan Rows": 1011, "Plan Width": 4, "Actual Rows": 543, "Actual Loops": 2, "Filter": "((bountyamount >= 0) AND (bountyamount <= 200) AND (creationdate >= '2010-07-26 00:00:00'::timestamp without time zone))", "Rows Removed by Filter": 18615, "Workers": []}, {"Node Type": "Index Scan", "Parent Relationship": "Inner", "Parallel Aware": false, "Async Capable": false, "Scan Direction": "Forward", "Index Name": "users_pkey", "Relation Name": "users", "Alias": "u", "Startup Cost": 0.29, "Total Cost": 1558.79, "Plan Rows": 37714, "Plan Width": 4, "Actual Rows": 36099, "Actual Loops": 2, "Filter": "((views >= 0) AND (views <= 13))", "Rows Removed by Filter": 2605, "Workers": []}]}, {"Node Type": "Index Scan", "Parent Relationship": "Inner", "Parallel Aware": false, "Async Capable": false, "Scan Direction": "Forward", "Index Name": "idx_posts_owneruserid", "Relation Name": "posts", "Alias": "p", "Startup Cost": 0.29, "Total Cost": 0.5, "Plan Rows": 1, "Plan Width": 4, "Actual Rows": 3, "Actual Loops": 241, "Index Cond": "(owneruserid = u.id)", "Rows Removed by Index Recheck": 0, "Filter": "((viewcount >= 10) AND (answercount >= 0) AND (answercount <= 10))", "Rows Removed by Filter": 15, "Workers": []}]}, {"Node Type": "Materialize", "Parent Relationship": "Inner", "Parallel Aware": false, "Async Capable": false, "Startup Cost": 0.73, "Total Cost": 77205.02, "Plan Rows": 23380618, "Plan Width": 8, "Actual Rows": 941721, "Actual Loops": 2, "Workers": [], "Plans": [{"Node Type": "Nested Loop", "Parent Relationship": "Outer", "Parallel Aware": false, "Async Capable": false, "Join Type": "Inner", "Startup Cost": 0.73, "Total Cost": 18753.47, "Plan Rows": 23380618, "Plan Width": 8, "Actual Rows": 906008, "Actual Loops": 2, "Inner Unique": false, "Workers": [], "Plans": [{"Node Type": "Index Only Scan", "Parent Relationship": "Outer", "Parallel Aware": false, "Async Capable": false, "Scan Direction": "Forward", "Index Name": "idx_comments_userid", "Relation Name": "comments", "Alias": "c", "Startup Cost": 0.29, "Total Cost": 3568.78, "Plan Rows": 174305, "Plan Width": 4, "Actual Rows": 169870, "Actual Loops": 2, "Heap Fetches": 0, "Workers": []}, {"Node Type": "Memoize", "Parent Relationship": "Inner", "Parallel Aware": false, "Async Capable": false, "Startup Cost": 0.43, "Total Cost": 0.84, "Plan Rows": 1, "Plan Width": 4, "Actual Rows": 5, "Actual Loops": 339740, "Cache Key": "c.userid", "Cache Mode": "logical", "Cache Hits": 156396, "Cache Misses": 12936, "Cache Evictions": 0, "Cache Overflows": 0, "Peak Memory Usage": 1634, "Workers": [{"Worker Number": 0, "Cache Hits": 157146, "Cache Misses": 13262, "Cache Evictions": 0, "Cache Overflows": 0, "Peak Memory Usage": 1672}], "Plans": [{"Node Type": "Index Scan", "Parent Relationship": "Outer", "Parallel Aware": false, "Async Capable": false, "Scan Direction": "Forward", "Index Name": "idx_posthistory_userid", "Relation Name": "posthistory", "Alias": "ph", "Startup Cost": 0.42, "Total Cost": 0.83, "Plan Rows": 1, "Plan Width": 4, "Actual Rows": 2, "Actual Loops": 26198, "Index Cond": "(userid = c.userid)", "Rows Removed by Index Recheck": 0, "Filter": "((creationdate >= '2012-11-05 01:25:39'::timestamp without time zone) AND (creationdate <= '2014-09-09 07:14:12'::timestamp without time zone) AND (posthistorytypeid = 1))", "Rows Removed by Filter": 17, "Workers": []}]}]}]}]}]}]}]}, "Planning Time": 9.996, "Triggers": [], "Execution Time": 549.891}, {"Plan": {"Node Type": "Aggregate", "Strategy": "Plain", "Partial Mode": "Finalize", "Parallel Aware": false, "Async Capable": false, "Startup Cost": 111747.47, "Total Cost": 111747.48, "Plan Rows": 1, "Plan Width": 8, "Actual Rows": 1, "Actual Loops": 1, "Plans": [{"Node Type": "Gather", "Parent Relationship": "Outer", "Parallel Aware": false, "Async Capable": false, "Startup Cost": 111747.35, "Total Cost": 111747.46, "Plan Rows": 1, "Plan Width": 8, "Actual Rows": 2, "Actual Loops": 1, "Workers Planned": 1, "Workers Launched": 1, "Single Copy": false, "Plans": [{"Node Type": "Aggregate", "Strategy": "Plain", "Partial Mode": "Partial", "Parent Relationship": "Outer", "Parallel Aware": false, "Async Capable": false, "Startup Cost": 110747.35, "Total Cost": 110747.36, "Plan Rows": 1, "Plan Width": 8, "Actual Rows": 1, "Actual Loops": 2, "Workers": [], "Plans": [{"Node Type": "Merge Join", "Parent Relationship": "Outer", "Parallel Aware": false, "Async Capable": false, "Join Type": "Inner", "Startup Cost": 14700.14, "Total Cost": 36550.0, "Plan Rows": 29678942, "Plan Width": 0, "Actual Rows": 38736, "Actual Loops": 2, "Inner Unique": false, "Merge Cond": "(u.id = v.userid)", "Workers": [], "Plans": [{"Node Type": "Merge Join", "Parent Relationship": "Outer", "Parallel Aware": false, "Async Capable": false, "Join Type": "Inner", "Startup Cost": 5169.32, "Total Cost": 8910.67, "Plan Rows": 6535509, "Plan Width": 12, "Actual Rows": 43145, "Actual Loops": 2, "Inner Unique": false, "Merge Cond": "(c.userid = u.id)", "Workers": [], "Plans": [{"Node Type": "Index Only Scan", "Parent Relationship": "Outer", "Parallel Aware": true, "Async Capable": false, "Scan Direction": "Forward", "Index Name": "idx_comments_userid", "Relation Name": "comments", "Alias": "c", "Startup Cost": 0.29, "Total Cost": 2851.06, "Plan Rows": 102532, "Plan Width": 4, "Actual Rows": 85425, "Actual Loops": 2, "Heap Fetches": 0, "Workers": []}, {"Node Type": "Sort", "Parent Relationship": "Inner", "Parallel Aware": false, "Async Capable": false, "Startup Cost": 5169.01, "Total Cost": 5214.71, "Plan Rows": 18280, "Plan Width": 8, "Actual Rows": 59038, "Actual Loops": 2, "Sort Key": ["p.owneruserid"], "Sort Method": "quicksort", "Sort Space Used": 1554, "Sort Space Type": "Memory", "Workers": [{"Worker Number": 0, "Sort Method": "quicksort", "Sort Space Used": 1554, "Sort Space Type": "Memory"}], "Plans": [{"Node Type": "Hash Join", "Parent Relationship": "Outer", "Parallel Aware": false, "Async Capable": false, "Join Type": "Inner", "Startup Cost": 1373.3, "Total Cost": 3874.98, "Plan Rows": 18280, "Plan Width": 8, "Actual Rows": 25123, "Actual Loops": 2, "Inner Unique": true, "Hash Cond": "(p.owneruserid = u.id)", "Workers": [], "Plans": [{"Node Type": "Seq Scan", "Parent Relationship": "Outer", "Parallel Aware": false, "Async Capable": false, "Relation Name": "posts", "Alias": "p", "Startup Cost": 0.0, "Total Cost": 2449.58, "Plan Rows": 19846, "Plan Width": 4, "Actual Rows": 42516, "Actual Loops": 2, "Filter": "((viewcount >= 10) AND (answercount >= 0) AND (answercount <= 10))", "Rows Removed by Filter": 49460, "Workers": []}, {"Node Type": "Hash", "Parent Relationship": "Inner", "Parallel Aware": false, "Async Capable": false, "Startup Cost": 901.88, "Total Cost": 901.88, "Plan Rows": 37714, "Plan Width": 4, "Actual Rows": 37714, "Actual Loops": 2, "Hash Buckets": 65536, "Original Hash Buckets": 65536, "Hash Batches": 1, "Original Hash Batches": 1, "Peak Memory Usage": 1838, "Workers": [], "Plans": [{"Node Type": "Seq Scan", "Parent Relationship": "Outer", "Parallel Aware": false, "Async Capable": false, "Relation Name": "users", "Alias": "u", "Startup Cost": 0.0, "Total Cost": 901.88, "Plan Rows": 37714, "Plan Width": 4, "Actual Rows": 37714, "Actual Loops": 2, "Filter": "((views >= 0) AND (views <= 13))", "Rows Removed by Filter": 2611, "Workers": []}]}]}]}]}, {"Node Type": "Materialize", "Parent Relationship": "Inner", "Parallel Aware": false, "Async Capable": false, "Startup Cost": 9530.82, "Total Cost": 11234.57, "Plan Rows": 6299, "Plan Width": 8, "Actual Rows": 49202, "Actual Loops": 2, "Workers": [], "Plans": [{"Node Type": "Merge Join", "Parent Relationship": "Outer", "Parallel Aware": false, "Async Capable": false, "Join Type": "Inner", "Startup Cost": 9530.82, "Total Cost": 11218.83, "Plan Rows": 6299, "Plan Width": 8, "Actual Rows": 10735, "Actual Loops": 2, "Inner Unique": false, "Merge Cond": "(v.userid = ph.userid)", "Workers": [], "Plans": [{"Node Type": "Index Scan", "Parent Relationship": "Outer", "Parallel Aware": false, "Async Capable": false, "Scan Direction": "Forward", "Index Name": "idx_votes_userid", "Relation Name": "votes", "Alias": "v", "Startup Cost": 0.42, "Total Cost": 14062.79, "Plan Rows": 1718, "Plan Width": 4, "Actual Rows": 1084, "Actual Loops": 2, "Filter": "((bountyamount >= 0) AND (bountyamount <= 200) AND (creationdate >= '2010-07-26 00:00:00'::timestamp without time zone))", "Rows Removed by Filter": 33700, "Workers": []}, {"Node Type": "Sort", "Parent Relationship": "Inner", "Parallel Aware": false, "Async Capable": false, "Startup Cost": 9530.4, "Total Cost": 9597.81, "Plan Rows": 26967, "Plan Width": 4, "Actual Rows": 35605, "Actual Loops": 2, "Sort Key": ["ph.userid"], "Sort Method": "quicksort", "Sort Space Used": 769, "Sort Space Type": "Memory", "Workers": [{"Worker Number": 0, "Sort Method": "quicksort", "Sort Space Used": 769, "Sort Space Type": "Memory"}], "Plans": [{"Node Type": "Seq Scan", "Parent Relationship": "Outer", "Parallel Aware": false, "Async Capable": false, "Relation Name": "posthistory", "Alias": "ph", "Startup Cost": 0.0, "Total Cost": 7545.77, "Plan Rows": 26967, "Plan Width": 4, "Actual Rows": 28929, "Actual Loops": 2, "Filter": "((creationdate >= '2012-11-05 01:25:39'::timestamp without time zone) AND (creationdate <= '2014-09-09 07:14:12'::timestamp without time zone) AND (posthistorytypeid = 1))", "Rows Removed by Filter": 274258, "Workers": []}]}]}]}]}]}]}]}, "Planning Time": 9.34, "Triggers": [], "Execution Time": 215.076}]