[{"Plan": {"Node Type": "Aggregate", "Strategy": "Plain", "Partial Mode": "Simple", "Parallel Aware": false, "Async Capable": false, "Startup Cost": 1304.43, "Total Cost": 1304.44, "Plan Rows": 1, "Plan Width": 8, "Actual Rows": 1, "Actual Loops": 1, "Plans": [{"Node Type": "Nested Loop", "Parent Relationship": "Outer", "Parallel Aware": false, "Async Capable": false, "Join Type": "Inner", "Startup Cost": 1.14, "Total Cost": 1094.19, "Plan Rows": 84096, "Plan Width": 0, "Actual Rows": 90932463, "Actual Loops": 1, "Inner Unique": false, "Plans": [{"Node Type": "Nested Loop", "Parent Relationship": "Outer", "Parallel Aware": false, "Async Capable": false, "Join Type": "Inner", "Startup Cost": 0.72, "Total Cost": 1048.73, "Plan Rows": 56, "Plan Width": 12, "Actual Rows": 63955, "Actual Loops": 1, "Inner Unique": false, "Plans": [{"Node Type": "Nested Loop", "Parent Relationship": "Outer", "Parallel Aware": false, "Async Capable": false, "Join Type": "Inner", "Startup Cost": 0.42, "Total Cost": 1044.05, "Plan Rows": 7, "Plan Width": 8, "Actual Rows": 972, "Actual Loops": 1, "Inner Unique": false, "Plans": [{"Node Type": "Seq Scan", "Parent Relationship": "Outer", "Parallel Aware": false, "Async Capable": false, "Relation Name": "users", "Alias": "u", "Startup Cost": 0.0, "Total Cost": 1002.69, "Plan Rows": 8, "Plan Width": 4, "Actual Rows": 28, "Actual Loops": 1, "Filter": "((views <= 4602) AND (downvotes >= 19) AND (creationdate <= '2011-08-10 10:01:16'::timestamp without time zone))", "Rows Removed by Filter": 40297}, {"Node Type": "Index Only Scan", "Parent Relationship": "Inner", "Parallel Aware": false, "Async Capable": false, "Scan Direction": "Forward", "Index Name": "idx_votes_userid", "Relation Name": "votes", "Alias": "v", "Startup Cost": 0.42, "Total Cost": 5.08, "Plan Rows": 9, "Plan Width": 4, "Actual Rows": 35, "Actual Loops": 28, "Index Cond": "(userid = u.id)", "Rows Removed by Index Recheck": 0, "Heap Fetches": 0}]}, {"Node Type": "Index Scan", "Parent Relationship": "Inner", "Parallel Aware": false, "Async Capable": false, "Scan Direction": "Forward", "Index Name": "idx_comments_userid", "Relation Name": "comments", "Alias": "c", "Startup Cost": 0.29, "Total Cost": 0.64, "Plan Rows": 3, "Plan Width": 4, "Actual Rows": 66, "Actual Loops": 972, "Index Cond": "(userid = v.userid)", "Rows Removed by Index Recheck": 0, "Filter": "((creationdate >= '2012-11-10 17:30:53'::timestamp without time zone) AND (creationdate <= '2013-12-28 22:41:31'::timestamp without time zone) AND (score = 0))", "Rows Removed by Filter": 473}]}, {"Node Type": "Index Only Scan", "Parent Relationship": "Inner", "Parallel Aware": false, "Async Capable": false, "Scan Direction": "Forward", "Index Name": "idx_posthistory_userid", "Relation Name": "posthistory", "Alias": "ph", "Startup Cost": 0.42, "Total Cost": 0.67, "Plan Rows": 14, "Plan Width": 4, "Actual Rows": 1422, "Actual Loops": 63955, "Index Cond": "(userid = v.userid)", "Rows Removed by Index Recheck": 0, "Heap Fetches": 0}]}]}, "Planning Time": 2.006, "Triggers": [], "Execution Time": 6452.18}, {"Plan": {"Node Type": "Aggregate", "Strategy": "Plain", "Partial Mode": "Simple", "Parallel Aware": false, "Async Capable": false, "Startup Cost": 4341.06, "Total Cost": 4341.07, "Plan Rows": 1, "Plan Width": 8, "Actual Rows": 1, "Actual Loops": 1, "Plans": [{"Node Type": "Merge Join", "Parent Relationship": "Outer", "Parallel Aware": false, "Async Capable": false, "Join Type": "Inner", "Startup Cost": 1049.88, "Total Cost": 4130.82, "Plan Rows": 84096, "Plan Width": 0, "Actual Rows": 90932463, "Actual Loops": 1, "Inner Unique": false, "Merge Cond": "(v.userid = u.id)", "Plans": [{"Node Type": "Nested Loop", "Parent Relationship": "Outer", "Parallel Aware": false, "Async Capable": false, "Join Type": "Inner", "Startup Cost": 0.73, "Total Cost": 22433.83, "Plan Rows": 2657916, "Plan Width": 8, "Actual Rows": 1939513, "Actual Loops": 1, "Inner Unique": false, "Plans": [{"Node Type": "Index Scan", "Parent Relationship": "Outer", "Parallel Aware": false, "Async Capable": false, "Scan Direction": "Forward", "Index Name": "idx_comments_userid", "Relation Name": "comments", "Alias": "c", "Startup Cost": 0.29, "Total Cost": 9130.49, "Plan Rows": 44210, "Plan Width": 4, "Actual Rows": 11502, "Actual Loops": 1, "Filter": "((creationdate >= '2012-11-10 17:30:53'::timestamp without time zone) AND (creationdate <= '2013-12-28 22:41:31'::timestamp without time zone) AND (score = 0))", "Rows Removed by Filter": 54589}, {"Node Type": "Memoize", "Parent Relationship": "Inner", "Parallel Aware": false, "Async Capable": false, "Startup Cost": 0.43, "Total Cost": 0.62, "Plan Rows": 9, "Plan Width": 4, "Actual Rows": 169, "Actual Loops": 11502, "Cache Key": "c.userid", "Cache Mode": "logical", "Cache Hits": 11182, "Cache Misses": 320, "Cache Evictions": 0, "Cache Overflows": 0, "Peak Memory Usage": 221, "Plans": [{"Node Type": "Index Only Scan", "Parent Relationship": "Outer", "Parallel Aware": false, "Async Capable": false, "Scan Direction": "Forward", "Index Name": "idx_votes_userid", "Relation Name": "votes", "Alias": "v", "Startup Cost": 0.42, "Total Cost": 0.61, "Plan Rows": 9, "Plan Width": 4, "Actual Rows": 18, "Actual Loops": 320, "Index Cond": "(userid = c.userid)", "Rows Removed by Index Recheck": 0, "Heap Fetches": 0}]}]}, {"Node Type": "Sort", "Parent Relationship": "Inner", "Parallel Aware": false, "Async Capable": false, "Startup Cost": 1049.15, "Total Cost": 1049.29, "Plan Rows": 56, "Plan Width": 8, "Actual Rows": 90938377, "Actual Loops": 1, "Sort Key": ["ph.userid"], "Sort Method": "quicksort", "Sort Space Used": 1571, "Sort Space Type": "Memory", "Plans": [{"Node Type": "Nested Loop", "Parent Relationship": "Outer", "Parallel Aware": false, "Async Capable": false, "Join Type": "Inner", "Startup Cost": 0.42, "Total Cost": 1047.53, "Plan Rows": 56, "Plan Width": 8, "Actual Rows": 25690, "Actual Loops": 1, "Inner Unique": false, "Plans": [{"Node Type": "Seq Scan", "Parent Relationship": "Outer", "Parallel Aware": false, "Async Capable": false, "Relation Name": "users", "Alias": "u", "Startup Cost": 0.0, "Total Cost": 1002.69, "Plan Rows": 8, "Plan Width": 4, "Actual Rows": 28, "Actual Loops": 1, "Filter": "((views <= 4602) AND (downvotes >= 19) AND (creationdate <= '2011-08-10 10:01:16'::timestamp without time zone))", "Rows Removed by Filter": 40297}, {"Node Type": "Index Only Scan", "Parent Relationship": "Inner", "Parallel Aware": false, "Async Capable": false, "Scan Direction": "Forward", "Index Name": "idx_posthistory_userid", "Relation Name": "posthistory", "Alias": "ph", "Startup Cost": 0.42, "Total Cost": 5.47, "Plan Rows": 14, "Plan Width": 4, "Actual Rows": 918, "Actual Loops": 28, "Index Cond": "(userid = u.id)", "Rows Removed by Index Recheck": 0, "Heap Fetches": 0}]}]}]}]}, "Planning Time": 2.245, "Triggers": [], "Execution Time": 6761.395}, {"Plan": {"Node Type": "Aggregate", "Strategy": "Plain", "Partial Mode": "Simple", "Parallel Aware": false, "Async Capable": false, "Startup Cost": 2003.47, "Total Cost": 2003.48, "Plan Rows": 1, "Plan Width": 8, "Actual Rows": 1, "Actual Loops": 1, "Plans": [{"Node Type": "Nested Loop", "Parent Relationship": "Outer", "Parallel Aware": false, "Async Capable": false, "Join Type": "Inner", "Startup Cost": 1003.95, "Total Cost": 1793.23, "Plan Rows": 84096, "Plan Width": 0, "Actual Rows": 90932463, "Actual Loops": 1, "Inner Unique": false, "Plans": [{"Node Type": "Nested Loop", "Parent Relationship": "Outer", "Parallel Aware": false, "Async Capable": false, "Join Type": "Inner", "Startup Cost": 1003.53, "Total Cost": 1747.77, "Plan Rows": 56, "Plan Width": 12, "Actual Rows": 63955, "Actual Loops": 1, "Inner Unique": false, "Plans": [{"Node Type": "Merge Join", "Parent Relationship": "Outer", "Parallel Aware": false, "Async Capable": false, "Join Type": "Inner", "Startup Cost": 1003.23, "Total Cost": 1743.09, "Plan Rows": 7, "Plan Width": 8, "Actual Rows": 972, "Actual Loops": 1, "Inner Unique": true, "Merge Cond": "(v.userid = u.id)", "Plans": [{"Node Type": "Index Only Scan", "Parent Relationship": "Outer", "Parallel Aware": false, "Async Capable": false, "Scan Direction": "Forward", "Index Name": "idx_votes_userid", "Relation Name": "votes", "Alias": "v", "Startup Cost": 0.42, "Total Cost": 6175.27, "Plan Rows": 328064, "Plan Width": 4, "Actual Rows": 9057, "Actual Loops": 1, "Heap Fetches": 0}, {"Node Type": "Sort", "Parent Relationship": "Inner", "Parallel Aware": false, "Async Capable": false, "Startup Cost": 1002.81, "Total Cost": 1002.83, "Plan Rows": 8, "Plan Width": 4, "Actual Rows": 28, "Actual Loops": 1, "Sort Key": ["u.id"], "Sort Method": "quicksort", "Sort Space Used": 25, "Sort Space Type": "Memory", "Plans": [{"Node Type": "Seq Scan", "Parent Relationship": "Outer", "Parallel Aware": false, "Async Capable": false, "Relation Name": "users", "Alias": "u", "Startup Cost": 0.0, "Total Cost": 1002.69, "Plan Rows": 8, "Plan Width": 4, "Actual Rows": 28, "Actual Loops": 1, "Filter": "((views <= 4602) AND (downvotes >= 19) AND (creationdate <= '2011-08-10 10:01:16'::timestamp without time zone))", "Rows Removed by Filter": 40297}]}]}, {"Node Type": "Index Scan", "Parent Relationship": "Inner", "Parallel Aware": false, "Async Capable": false, "Scan Direction": "Forward", "Index Name": "idx_comments_userid", "Relation Name": "comments", "Alias": "c", "Startup Cost": 0.29, "Total Cost": 0.64, "Plan Rows": 3, "Plan Width": 4, "Actual Rows": 66, "Actual Loops": 972, "Index Cond": "(userid = v.userid)", "Rows Removed by Index Recheck": 0, "Filter": "((creationdate >= '2012-11-10 17:30:53'::timestamp without time zone) AND (creationdate <= '2013-12-28 22:41:31'::timestamp without time zone) AND (score = 0))", "Rows Removed by Filter": 473}]}, {"Node Type": "Index Only Scan", "Parent Relationship": "Inner", "Parallel Aware": false, "Async Capable": false, "Scan Direction": "Forward", "Index Name": "idx_posthistory_userid", "Relation Name": "posthistory", "Alias": "ph", "Startup Cost": 0.42, "Total Cost": 0.67, "Plan Rows": 14, "Plan Width": 4, "Actual Rows": 1422, "Actual Loops": 63955, "Index Cond": "(userid = v.userid)", "Rows Removed by Index Recheck": 0, "Heap Fetches": 0}]}]}, "Planning Time": 2.169, "Triggers": [], "Execution Time": 6319.669}, {"Plan": {"Node Type": "Aggregate", "Strategy": "Plain", "Partial Mode": "Simple", "Parallel Aware": false, "Async Capable": false, "Startup Cost": 15251.88, "Total Cost": 15251.89, "Plan Rows": 1, "Plan Width": 8, "Actual Rows": 1, "Actual Loops": 1, "Plans": [{"Node Type": "Merge Join", "Parent Relationship": "Outer", "Parallel Aware": false, "Async Capable": false, "Join Type": "Inner", "Startup Cost": 1.44, "Total Cost": 15041.64, "Plan Rows": 84096, "Plan Width": 0, "Actual Rows": 90932463, "Actual Loops": 1, "Inner Unique": false, "Merge Cond": "(u.id = v.userid)", "Plans": [{"Node Type": "Nested Loop", "Parent Relationship": "Outer", "Parallel Aware": false, "Async Capable": false, "Join Type": "Inner", "Startup Cost": 0.58, "Total Cost": 2016.63, "Plan Rows": 9, "Plan Width": 8, "Actual Rows": 1567, "Actual Loops": 1, "Inner Unique": false, "Plans": [{"Node Type": "Index Scan", "Parent Relationship": "Outer", "Parallel Aware": false, "Async Capable": false, "Scan Direction": "Forward", "Index Name": "users_pkey", "Relation Name": "users", "Alias": "u", "Startup Cost": 0.29, "Total Cost": 1659.6, "Plan Rows": 8, "Plan Width": 4, "Actual Rows": 28, "Actual Loops": 1, "Filter": "((views <= 4602) AND (downvotes >= 19) AND (creationdate <= '2011-08-10 10:01:16'::timestamp without time zone))", "Rows Removed by Filter": 40297}, {"Node Type": "Index Scan", "Parent Relationship": "Inner", "Parallel Aware": false, "Async Capable": false, "Scan Direction": "Forward", "Index Name": "idx_comments_userid", "Relation Name": "comments", "Alias": "c", "Startup Cost": 0.29, "Total Cost": 44.6, "Plan Rows": 3, "Plan Width": 4, "Actual Rows": 56, "Actual Loops": 28, "Index Cond": "(userid = u.id)", "Rows Removed by Index Recheck": 0, "Filter": "((creationdate >= '2012-11-10 17:30:53'::timestamp without time zone) AND (creationdate <= '2013-12-28 22:41:31'::timestamp without time zone) AND (score = 0))", "Rows Removed by Filter": 334}]}, {"Node Type": "Materialize", "Parent Relationship": "Inner", "Parallel Aware": false, "Async Capable": false, "Startup Cost": 0.85, "Total Cost": 89317.49, "Plan Rows": 13523600, "Plan Width": 8, "Actual Rows": 98797623, "Actual Loops": 1, "Plans": [{"Node Type": "Nested Loop", "Parent Relationship": "Outer", "Parallel Aware": false, "Async Capable": false, "Join Type": "Inner", "Startup Cost": 0.85, "Total Cost": 55508.49, "Plan Rows": 13523600, "Plan Width": 8, "Actual Rows": 9172649, "Actual Loops": 1, "Inner Unique": false, "Plans": [{"Node Type": "Index Only Scan", "Parent Relationship": "Outer", "Parallel Aware": false, "Async Capable": false, "Scan Direction": "Forward", "Index Name": "idx_posthistory_userid", "Relation Name": "posthistory", "Alias": "ph", "Startup Cost": 0.42, "Total Cost": 5925.85, "Plan Rows": 303187, "Plan Width": 4, "Actual Rows": 82811, "Actual Loops": 1, "Heap Fetches": 0}, {"Node Type": "Memoize", "Parent Relationship": "Inner", "Parallel Aware": false, "Async Capable": false, "Startup Cost": 0.43, "Total Cost": 0.59, "Plan Rows": 9, "Plan Width": 4, "Actual Rows": 111, "Actual Loops": 82811, "Cache Key": "ph.userid", "Cache Mode": "logical", "Cache Hits": 81440, "Cache Misses": 1371, "Cache Evictions": 0, "Cache Overflows": 0, "Peak Memory Usage": 390, "Plans": [{"Node Type": "Index Only Scan", "Parent Relationship": "Outer", "Parallel Aware": false, "Async Capable": false, "Scan Direction": "Forward", "Index Name": "idx_votes_userid", "Relation Name": "votes", "Alias": "v", "Startup Cost": 0.42, "Total Cost": 0.58, "Plan Rows": 9, "Plan Width": 4, "Actual Rows": 6, "Actual Loops": 1371, "Index Cond": "(userid = ph.userid)", "Rows Removed by Index Recheck": 0, "Heap Fetches": 0}]}]}]}]}]}, "Planning Time": 2.944, "Triggers": [], "Execution Time": 8922.207}, {"Plan": {"Node Type": "Aggregate", "Strategy": "Plain", "Partial Mode": "Finalize", "Parallel Aware": false, "Async Capable": false, "Startup Cost": 6141.6, "Total Cost": 6141.61, "Plan Rows": 1, "Plan Width": 8, "Actual Rows": 1, "Actual Loops": 1, "Plans": [{"Node Type": "Gather", "Parent Relationship": "Outer", "Parallel Aware": false, "Async Capable": false, "Startup Cost": 6141.48, "Total Cost": 6141.59, "Plan Rows": 1, "Plan Width": 8, "Actual Rows": 2, "Actual Loops": 1, "Workers Planned": 1, "Workers Launched": 1, "Single Copy": false, "Plans": [{"Node Type": "Aggregate", "Strategy": "Plain", "Partial Mode": "Partial", "Parent Relationship": "Outer", "Parallel Aware": false, "Async Capable": false, "Startup Cost": 5141.48, "Total Cost": 5141.49, "Plan Rows": 1, "Plan Width": 8, "Actual Rows": 1, "Actual Loops": 2, "Workers": [], "Plans": [{"Node Type": "Hash Join", "Parent Relationship": "Outer", "Parallel Aware": false, "Async Capable": false, "Join Type": "Inner", "Startup Cost": 1053.28, "Total Cost": 5017.81, "Plan Rows": 49468, "Plan Width": 0, "Actual Rows": 45466232, "Actual Loops": 2, "Inner Unique": false, "Hash Cond": "(c.userid = v.userid)", "Workers": [], "Plans": [{"Node Type": "Seq Scan", "Parent Relationship": "Outer", "Parallel Aware": true, "Async Capable": false, "Relation Name": "comments", "Alias": "c", "Startup Cost": 0.0, "Total Cost": 3138.32, "Plan Rows": 26006, "Plan Width": 4, "Actual Rows": 22118, "Actual Loops": 2, "Filter": "((creationdate >= '2012-11-10 17:30:53'::timestamp without time zone) AND (creationdate <= '2013-12-28 22:41:31'::timestamp without time zone) AND (score = 0))", "Rows Removed by Filter": 65034, "Workers": []}, {"Node Type": "Hash", "Parent Relationship": "Inner", "Parallel Aware": false, "Async Capable": false, "Startup Cost": 1049.73, "Total Cost": 1049.73, "Plan Rows": 284, "Plan Width": 12, "Actual Rows": 1391656, "Actual Loops": 2, "Hash Buckets": 2097152, "Original Hash Buckets": 1024, "Hash Batches": 1, "Original Hash Batches": 1, "Peak Memory Usage": 76182, "Workers": [], "Plans": [{"Node Type": "Nested Loop", "Parent Relationship": "Outer", "Parallel Aware": false, "Async Capable": false, "Join Type": "Inner", "Startup Cost": 0.84, "Total Cost": 1049.73, "Plan Rows": 284, "Plan Width": 12, "Actual Rows": 1391656, "Actual Loops": 2, "Inner Unique": false, "Workers": [], "Plans": [{"Node Type": "Nested Loop", "Parent Relationship": "Outer", "Parallel Aware": false, "Async Capable": false, "Join Type": "Inner", "Startup Cost": 0.42, "Total Cost": 1044.05, "Plan Rows": 7, "Plan Width": 8, "Actual Rows": 972, "Actual Loops": 2, "Inner Unique": false, "Workers": [], "Plans": [{"Node Type": "Seq Scan", "Parent Relationship": "Outer", "Parallel Aware": false, "Async Capable": false, "Relation Name": "users", "Alias": "u", "Startup Cost": 0.0, "Total Cost": 1002.69, "Plan Rows": 8, "Plan Width": 4, "Actual Rows": 28, "Actual Loops": 2, "Filter": "((views <= 4602) AND (downvotes >= 19) AND (creationdate <= '2011-08-10 10:01:16'::timestamp without time zone))", "Rows Removed by Filter": 40297, "Workers": []}, {"Node Type": "Index Only Scan", "Parent Relationship": "Inner", "Parallel Aware": false, "Async Capable": false, "Scan Direction": "Forward", "Index Name": "idx_votes_userid", "Relation Name": "votes", "Alias": "v", "Startup Cost": 0.42, "Total Cost": 5.08, "Plan Rows": 9, "Plan Width": 4, "Actual Rows": 35, "Actual Loops": 56, "Index Cond": "(userid = u.id)", "Rows Removed by Index Recheck": 0, "Heap Fetches": 0, "Workers": []}]}, {"Node Type": "Index Only Scan", "Parent Relationship": "Inner", "Parallel Aware": false, "Async Capable": false, "Scan Direction": "Forward", "Index Name": "idx_posthistory_userid", "Relation Name": "posthistory", "Alias": "ph", "Startup Cost": 0.42, "Total Cost": 0.67, "Plan Rows": 14, "Plan Width": 4, "Actual Rows": 1432, "Actual Loops": 1944, "Index Cond": "(userid = v.userid)", "Rows Removed by Index Recheck": 0, "Heap Fetches": 0, "Workers": []}]}]}]}]}]}]}, "Planning Time": 6.448, "Triggers": [], "Execution Time": 4349.127}, {"Plan": {"Node Type": "Aggregate", "Strategy": "Plain", "Partial Mode": "Finalize", "Parallel Aware": false, "Async Capable": false, "Startup Cost": 121846.01, "Total Cost": 121846.02, "Plan Rows": 1, "Plan Width": 8, "Actual Rows": 1, "Actual Loops": 1, "Plans": [{"Node Type": "Gather", "Parent Relationship": "Outer", "Parallel Aware": false, "Async Capable": false, "Startup Cost": 121845.9, "Total Cost": 121846.01, "Plan Rows": 1, "Plan Width": 8, "Actual Rows": 2, "Actual Loops": 1, "Workers Planned": 1, "Workers Launched": 1, "Single Copy": false, "Plans": [{"Node Type": "Aggregate", "Strategy": "Plain", "Partial Mode": "Partial", "Parent Relationship": "Outer", "Parallel Aware": false, "Async Capable": false, "Startup Cost": 120845.9, "Total Cost": 120845.91, "Plan Rows": 1, "Plan Width": 8, "Actual Rows": 1, "Actual Loops": 2, "Workers": [], "Plans": [{"Node Type": "Merge Join", "Parent Relationship": "Outer", "Parallel Aware": false, "Async Capable": false, "Join Type": "Inner", "Startup Cost": 1.44, "Total Cost": 120722.23, "Plan Rows": 49468, "Plan Width": 0, "Actual Rows": 45466232, "Actual Loops": 2, "Inner Unique": false, "Merge Cond": "(c.userid = v.userid)", "Workers": [], "Plans": [{"Node Type": "Nested Loop", "Parent Relationship": "Outer", "Parallel Aware": false, "Async Capable": false, "Join Type": "Inner", "Startup Cost": 0.73, "Total Cost": 21676.69, "Plan Rows": 39218925, "Plan Width": 8, "Actual Rows": 21804419, "Actual Loops": 2, "Inner Unique": false, "Workers": [], "Plans": [{"Node Type": "Index Scan", "Parent Relationship": "Outer", "Parallel Aware": true, "Async Capable": false, "Scan Direction": "Forward", "Index Name": "idx_comments_userid", "Relation Name": "comments", "Alias": "c", "Startup Cost": 0.29, "Total Cost": 7874.47, "Plan Rows": 26006, "Plan Width": 4, "Actual Rows": 5734, "Actual Loops": 2, "Filter": "((creationdate >= '2012-11-10 17:30:53'::timestamp without time zone) AND (creationdate <= '2013-12-28 22:41:31'::timestamp without time zone) AND (score = 0))", "Rows Removed by Filter": 27224, "Workers": []}, {"Node Type": "Memoize", "Parent Relationship": "Inner", "Parallel Aware": false, "Async Capable": false, "Startup Cost": 0.43, "Total Cost": 0.71, "Plan Rows": 14, "Plan Width": 4, "Actual Rows": 3802, "Actual Loops": 11469, "Cache Key": "c.userid", "Cache Mode": "logical", "Cache Hits": 6686, "Cache Misses": 191, "Cache Evictions": 0, "Cache Overflows": 0, "Peak Memory Usage": 1459, "Workers": [{"Worker Number": 0, "Cache Hits": 4461, "Cache Misses": 131, "Cache Evictions": 0, "Cache Overflows": 0, "Peak Memory Usage": 1483}], "Plans": [{"Node Type": "Index Only Scan", "Parent Relationship": "Outer", "Parallel Aware": false, "Async Capable": false, "Scan Direction": "Forward", "Index Name": "idx_posthistory_userid", "Relation Name": "posthistory", "Alias": "ph", "Startup Cost": 0.42, "Total Cost": 0.7, "Plan Rows": 14, "Plan Width": 4, "Actual Rows": 258, "Actual Loops": 322, "Index Cond": "(userid = c.userid)", "Rows Removed by Index Recheck": 0, "Heap Fetches": 0, "Workers": []}]}]}, {"Node Type": "Materialize", "Parent Relationship": "Inner", "Parallel Aware": false, "Async Capable": false, "Startup Cost": 0.71, "Total Cost": 1700.98, "Plan Rows": 7, "Plan Width": 8, "Actual Rows": 45463640, "Actual Loops": 2, "Workers": [], "Plans": [{"Node Type": "Nested Loop", "Parent Relationship": "Outer", "Parallel Aware": false, "Async Capable": false, "Join Type": "Inner", "Startup Cost": 0.71, "Total Cost": 1700.96, "Plan Rows": 7, "Plan Width": 8, "Actual Rows": 972, "Actual Loops": 2, "Inner Unique": false, "Workers": [], "Plans": [{"Node Type": "Index Scan", "Parent Relationship": "Outer", "Parallel Aware": false, "Async Capable": false, "Scan Direction": "Forward", "Index Name": "users_pkey", "Relation Name": "users", "Alias": "u", "Startup Cost": 0.29, "Total Cost": 1659.6, "Plan Rows": 8, "Plan Width": 4, "Actual Rows": 28, "Actual Loops": 2, "Filter": "((views <= 4602) AND (downvotes >= 19) AND (creationdate <= '2011-08-10 10:01:16'::timestamp without time zone))", "Rows Removed by Filter": 40297, "Workers": []}, {"Node Type": "Index Only Scan", "Parent Relationship": "Inner", "Parallel Aware": false, "Async Capable": false, "Scan Direction": "Forward", "Index Name": "idx_votes_userid", "Relation Name": "votes", "Alias": "v", "Startup Cost": 0.42, "Total Cost": 5.08, "Plan Rows": 9, "Plan Width": 4, "Actual Rows": 35, "Actual Loops": 56, "Index Cond": "(userid = u.id)", "Rows Removed by Index Recheck": 0, "Heap Fetches": 0, "Workers": []}]}]}]}]}]}]}, "Planning Time": 6.569, "Triggers": [], "Execution Time": 4918.682}, {"Plan": {"Node Type": "Aggregate", "Strategy": "Plain", "Partial Mode": "Finalize", "Parallel Aware": false, "Async Capable": false, "Startup Cost": 659284.75, "Total Cost": 659284.76, "Plan Rows": 1, "Plan Width": 8, "Plans": [{"Node Type": "Gather", "Parent Relationship": "Outer", "Parallel Aware": false, "Async Capable": false, "Startup Cost": 659284.64, "Total Cost": 659284.75, "Plan Rows": 1, "Plan Width": 8, "Workers Planned": 1, "Single Copy": false, "Plans": [{"Node Type": "Aggregate", "Strategy": "Plain", "Partial Mode": "Partial", "Parent Relationship": "Outer", "Parallel Aware": false, "Async Capable": false, "Startup Cost": 658284.64, "Total Cost": 658284.65, "Plan Rows": 1, "Plan Width": 8, "Plans": [{"Node Type": "Merge Join", "Parent Relationship": "Outer", "Parallel Aware": false, "Async Capable": false, "Join Type": "Inner", "Startup Cost": 1003.97, "Total Cost": 658160.97, "Plan Rows": 49468, "Plan Width": 0, "Inner Unique": true, "Merge Cond": "(v.userid = u.id)", "Plans": [{"Node Type": "Nested Loop", "Parent Relationship": "Outer", "Parallel Aware": false, "Async Capable": false, "Join Type": "Inner", "Startup Cost": 1.16, "Total Cost": 314747.19, "Plan Rows": 2357851583, "Plan Width": 12, "Inner Unique": false, "Plans": [{"Node Type": "Nested Loop", "Parent Relationship": "Outer", "Parallel Aware": false, "Async Capable": false, "Join Type": "Inner", "Startup Cost": 0.73, "Total Cost": 18902.18, "Plan Rows": 1563480, "Plan Width": 8, "Inner Unique": false, "Plans": [{"Node Type": "Index Scan", "Parent Relationship": "Outer", "Parallel Aware": true, "Async Capable": false, "Scan Direction": "Forward", "Index Name": "idx_comments_userid", "Relation Name": "comments", "Alias": "c", "Startup Cost": 0.29, "Total Cost": 7874.47, "Plan Rows": 26006, "Plan Width": 4, "Filter": "((creationdate >= '2012-11-10 17:30:53'::timestamp without time zone) AND (creationdate <= '2013-12-28 22:41:31'::timestamp without time zone) AND (score = 0))"}, {"Node Type": "Memoize", "Parent Relationship": "Inner", "Parallel Aware": false, "Async Capable": false, "Startup Cost": 0.43, "Total Cost": 0.62, "Plan Rows": 9, "Plan Width": 4, "Cache Key": "c.userid", "Cache Mode": "logical", "Plans": [{"Node Type": "Index Only Scan", "Parent Relationship": "Outer", "Parallel Aware": false, "Async Capable": false, "Scan Direction": "Forward", "Index Name": "idx_votes_userid", "Relation Name": "votes", "Alias": "v", "Startup Cost": 0.42, "Total Cost": 0.61, "Plan Rows": 9, "Plan Width": 4, "Index Cond": "(userid = c.userid)"}]}]}, {"Node Type": "Memoize", "Parent Relationship": "Inner", "Parallel Aware": false, "Async Capable": false, "Startup Cost": 0.43, "Total Cost": 0.68, "Plan Rows": 14, "Plan Width": 4, "Cache Key": "v.userid", "Cache Mode": "logical", "Plans": [{"Node Type": "Index Only Scan", "Parent Relationship": "Outer", "Parallel Aware": false, "Async Capable": false, "Scan Direction": "Forward", "Index Name": "idx_posthistory_userid", "Relation Name": "posthistory", "Alias": "ph", "Startup Cost": 0.42, "Total Cost": 0.67, "Plan Rows": 14, "Plan Width": 4, "Index Cond": "(userid = v.userid)"}]}]}, {"Node Type": "Sort", "Parent Relationship": "Inner", "Parallel Aware": false, "Async Capable": false, "Startup Cost": 1002.81, "Total Cost": 1002.83, "Plan Rows": 8, "Plan Width": 4, "Sort Key": ["u.id"], "Plans": [{"Node Type": "Seq Scan", "Parent Relationship": "Outer", "Parallel Aware": false, "Async Capable": false, "Relation Name": "users", "Alias": "u", "Startup Cost": 0.0, "Total Cost": 1002.69, "Plan Rows": 8, "Plan Width": 4, "Filter": "((views <= 4602) AND (downvotes >= 19) AND (creationdate <= '2011-08-10 10:01:16'::timestamp without time zone))"}]}]}]}]}]}}, {"Plan": {"Node Type": "Aggregate", "Strategy": "Plain", "Partial Mode": "Simple", "Parallel Aware": false, "Async Capable": false, "Startup Cost": 361016.08, "Total Cost": 361016.09, "Plan Rows": 1, "Plan Width": 8, "Actual Rows": 1, "Actual Loops": 1, "Plans": [{"Node Type": "Merge Join", "Parent Relationship": "Outer", "Parallel Aware": false, "Async Capable": false, "Join Type": "Inner", "Startup Cost": 1.44, "Total Cost": 360805.84, "Plan Rows": 84096, "Plan Width": 0, "Actual Rows": 90932463, "Actual Loops": 1, "Inner Unique": false, "Merge Cond": "(v.userid = c.userid)", "Plans": [{"Node Type": "Nested Loop", "Parent Relationship": "Outer", "Parallel Aware": false, "Async Capable": false, "Join Type": "Inner", "Startup Cost": 0.71, "Total Cost": 1700.96, "Plan Rows": 7, "Plan Width": 8, "Actual Rows": 972, "Actual Loops": 1, "Inner Unique": false, "Plans": [{"Node Type": "Index Scan", "Parent Relationship": "Outer", "Parallel Aware": false, "Async Capable": false, "Scan Direction": "Forward", "Index Name": "users_pkey", "Relation Name": "users", "Alias": "u", "Startup Cost": 0.29, "Total Cost": 1659.6, "Plan Rows": 8, "Plan Width": 4, "Actual Rows": 28, "Actual Loops": 1, "Filter": "((views <= 4602) AND (downvotes >= 19) AND (creationdate <= '2011-08-10 10:01:16'::timestamp without time zone))", "Rows Removed by Filter": 40297}, {"Node Type": "Index Only Scan", "Parent Relationship": "Inner", "Parallel Aware": false, "Async Capable": false, "Scan Direction": "Forward", "Index Name": "idx_votes_userid", "Relation Name": "votes", "Alias": "v", "Startup Cost": 0.42, "Total Cost": 5.08, "Plan Rows": 9, "Plan Width": 4, "Actual Rows": 35, "Actual Loops": 28, "Index Cond": "(userid = u.id)", "Rows Removed by Index Recheck": 0, "Heap Fetches": 0}]}, {"Node Type": "Materialize", "Parent Relationship": "Inner", "Parallel Aware": false, "Async Capable": false, "Startup Cost": 0.73, "Total Cost": 193026.53, "Plan Rows": 66672172, "Plan Width": 8, "Actual Rows": 132999948, "Actual Loops": 1, "Plans": [{"Node Type": "Nested Loop", "Parent Relationship": "Outer", "Parallel Aware": false, "Async Capable": false, "Join Type": "Inner", "Startup Cost": 0.73, "Total Cost": 26346.1, "Plan Rows": 66672172, "Plan Width": 8, "Actual Rows": 43608837, "Actual Loops": 1, "Inner Unique": false, "Plans": [{"Node Type": "Index Scan", "Parent Relationship": "Outer", "Parallel Aware": false, "Async Capable": false, "Scan Direction": "Forward", "Index Name": "idx_comments_userid", "Relation Name": "comments", "Alias": "c", "Startup Cost": 0.29, "Total Cost": 9130.49, "Plan Rows": 44210, "Plan Width": 4, "Actual Rows": 11468, "Actual Loops": 1, "Filter": "((creationdate >= '2012-11-10 17:30:53'::timestamp without time zone) AND (creationdate <= '2013-12-28 22:41:31'::timestamp without time zone) AND (score = 0))", "Rows Removed by Filter": 54304}, {"Node Type": "Memoize", "Parent Relationship": "Inner", "Parallel Aware": false, "Async Capable": false, "Startup Cost": 0.43, "Total Cost": 0.71, "Plan Rows": 14, "Plan Width": 4, "Actual Rows": 3803, "Actual Loops": 11468, "Cache Key": "c.userid", "Cache Mode": "logical", "Cache Hits": 11151, "Cache Misses": 317, "Cache Evictions": 0, "Cache Overflows": 0, "Peak Memory Usage": 2346, "Plans": [{"Node Type": "Index Only Scan", "Parent Relationship": "Outer", "Parallel Aware": false, "Async Capable": false, "Scan Direction": "Forward", "Index Name": "idx_posthistory_userid", "Relation Name": "posthistory", "Alias": "ph", "Startup Cost": 0.42, "Total Cost": 0.7, "Plan Rows": 14, "Plan Width": 4, "Actual Rows": 209, "Actual Loops": 317, "Index Cond": "(userid = c.userid)", "Rows Removed by Index Recheck": 0, "Heap Fetches": 0}]}]}]}]}]}, "Planning Time": 3.217, "Triggers": [], "Execution Time": 15315.675}, {"Plan": {"Node Type": "Aggregate", "Strategy": "Plain", "Partial Mode": "Simple", "Parallel Aware": false, "Async Capable": false, "Startup Cost": 1304.43, "Total Cost": 1304.44, "Plan Rows": 1, "Plan Width": 8, "Actual Rows": 1, "Actual Loops": 1, "Plans": [{"Node Type": "Nested Loop", "Parent Relationship": "Outer", "Parallel Aware": false, "Async Capable": false, "Join Type": "Inner", "Startup Cost": 1.14, "Total Cost": 1094.19, "Plan Rows": 84096, "Plan Width": 0, "Actual Rows": 90932463, "Actual Loops": 1, "Inner Unique": false, "Plans": [{"Node Type": "Nested Loop", "Parent Relationship": "Outer", "Parallel Aware": false, "Async Capable": false, "Join Type": "Inner", "Startup Cost": 0.72, "Total Cost": 1048.73, "Plan Rows": 56, "Plan Width": 12, "Actual Rows": 63955, "Actual Loops": 1, "Inner Unique": false, "Plans": [{"Node Type": "Nested Loop", "Parent Relationship": "Outer", "Parallel Aware": false, "Async Capable": false, "Join Type": "Inner", "Startup Cost": 0.42, "Total Cost": 1044.05, "Plan Rows": 7, "Plan Width": 8, "Actual Rows": 972, "Actual Loops": 1, "Inner Unique": false, "Plans": [{"Node Type": "Seq Scan", "Parent Relationship": "Outer", "Parallel Aware": false, "Async Capable": false, "Relation Name": "users", "Alias": "u", "Startup Cost": 0.0, "Total Cost": 1002.69, "Plan Rows": 8, "Plan Width": 4, "Actual Rows": 28, "Actual Loops": 1, "Filter": "((views <= 4602) AND (downvotes >= 19) AND (creationdate <= '2011-08-10 10:01:16'::timestamp without time zone))", "Rows Removed by Filter": 40297}, {"Node Type": "Index Only Scan", "Parent Relationship": "Inner", "Parallel Aware": false, "Async Capable": false, "Scan Direction": "Forward", "Index Name": "idx_votes_userid", "Relation Name": "votes", "Alias": "v", "Startup Cost": 0.42, "Total Cost": 5.08, "Plan Rows": 9, "Plan Width": 4, "Actual Rows": 35, "Actual Loops": 28, "Index Cond": "(userid = u.id)", "Rows Removed by Index Recheck": 0, "Heap Fetches": 0}]}, {"Node Type": "Index Scan", "Parent Relationship": "Inner", "Parallel Aware": false, "Async Capable": false, "Scan Direction": "Forward", "Index Name": "idx_comments_userid", "Relation Name": "comments", "Alias": "c", "Startup Cost": 0.29, "Total Cost": 0.64, "Plan Rows": 3, "Plan Width": 4, "Actual Rows": 66, "Actual Loops": 972, "Index Cond": "(userid = v.userid)", "Rows Removed by Index Recheck": 0, "Filter": "((creationdate >= '2012-11-10 17:30:53'::timestamp without time zone) AND (creationdate <= '2013-12-28 22:41:31'::timestamp without time zone) AND (score = 0))", "Rows Removed by Filter": 473}]}, {"Node Type": "Index Only Scan", "Parent Relationship": "Inner", "Parallel Aware": false, "Async Capable": false, "Scan Direction": "Forward", "Index Name": "idx_posthistory_userid", "Relation Name": "posthistory", "Alias": "ph", "Startup Cost": 0.42, "Total Cost": 0.67, "Plan Rows": 14, "Plan Width": 4, "Actual Rows": 1422, "Actual Loops": 63955, "Index Cond": "(userid = v.userid)", "Rows Removed by Index Recheck": 0, "Heap Fetches": 0}]}]}, "Planning Time": 2.343, "Triggers": [], "Execution Time": 6488.427}, {"Plan": {"Node Type": "Aggregate", "Strategy": "Plain", "Partial Mode": "Simple", "Parallel Aware": false, "Async Capable": false, "Startup Cost": 5697.25, "Total Cost": 5697.26, "Plan Rows": 1, "Plan Width": 8, "Actual Rows": 1, "Actual Loops": 1, "Plans": [{"Node Type": "Merge Join", "Parent Relationship": "Outer", "Parallel Aware": false, "Async Capable": false, "Join Type": "Inner", "Startup Cost": 1.44, "Total Cost": 5487.01, "Plan Rows": 84096, "Plan Width": 0, "Actual Rows": 90932463, "Actual Loops": 1, "Inner Unique": false, "Merge Cond": "(u.id = v.userid)", "Plans": [{"Node Type": "Nested Loop", "Parent Relationship": "Outer", "Parallel Aware": false, "Async Capable": false, "Join Type": "Inner", "Startup Cost": 0.71, "Total Cost": 1704.44, "Plan Rows": 56, "Plan Width": 8, "Actual Rows": 25690, "Actual Loops": 1, "Inner Unique": false, "Plans": [{"Node Type": "Index Scan", "Parent Relationship": "Outer", "Parallel Aware": false, "Async Capable": false, "Scan Direction": "Forward", "Index Name": "users_pkey", "Relation Name": "users", "Alias": "u", "Startup Cost": 0.29, "Total Cost": 1659.6, "Plan Rows": 8, "Plan Width": 4, "Actual Rows": 28, "Actual Loops": 1, "Filter": "((views <= 4602) AND (downvotes >= 19) AND (creationdate <= '2011-08-10 10:01:16'::timestamp without time zone))", "Rows Removed by Filter": 40297}, {"Node Type": "Index Only Scan", "Parent Relationship": "Inner", "Parallel Aware": false, "Async Capable": false, "Scan Direction": "Forward", "Index Name": "idx_posthistory_userid", "Relation Name": "posthistory", "Alias": "ph", "Startup Cost": 0.42, "Total Cost": 5.47, "Plan Rows": 14, "Plan Width": 4, "Actual Rows": 918, "Actual Loops": 28, "Index Cond": "(userid = u.id)", "Rows Removed by Index Recheck": 0, "Heap Fetches": 0}]}, {"Node Type": "Materialize", "Parent Relationship": "Inner", "Parallel Aware": false, "Async Capable": false, "Startup Cost": 0.73, "Total Cost": 29078.62, "Plan Rows": 2657916, "Plan Width": 8, "Actual Rows": 92808021, "Actual Loops": 1, "Plans": [{"Node Type": "Nested Loop", "Parent Relationship": "Outer", "Parallel Aware": false, "Async Capable": false, "Join Type": "Inner", "Startup Cost": 0.73, "Total Cost": 22433.83, "Plan Rows": 2657916, "Plan Width": 8, "Actual Rows": 1939513, "Actual Loops": 1, "Inner Unique": false, "Plans": [{"Node Type": "Index Scan", "Parent Relationship": "Outer", "Parallel Aware": false, "Async Capable": false, "Scan Direction": "Forward", "Index Name": "idx_comments_userid", "Relation Name": "comments", "Alias": "c", "Startup Cost": 0.29, "Total Cost": 9130.49, "Plan Rows": 44210, "Plan Width": 4, "Actual Rows": 11502, "Actual Loops": 1, "Filter": "((creationdate >= '2012-11-10 17:30:53'::timestamp without time zone) AND (creationdate <= '2013-12-28 22:41:31'::timestamp without time zone) AND (score = 0))", "Rows Removed by Filter": 54589}, {"Node Type": "Memoize", "Parent Relationship": "Inner", "Parallel Aware": false, "Async Capable": false, "Startup Cost": 0.43, "Total Cost": 0.62, "Plan Rows": 9, "Plan Width": 4, "Actual Rows": 169, "Actual Loops": 11502, "Cache Key": "c.userid", "Cache Mode": "logical", "Cache Hits": 11182, "Cache Misses": 320, "Cache Evictions": 0, "Cache Overflows": 0, "Peak Memory Usage": 221, "Plans": [{"Node Type": "Index Only Scan", "Parent Relationship": "Outer", "Parallel Aware": false, "Async Capable": false, "Scan Direction": "Forward", "Index Name": "idx_votes_userid", "Relation Name": "votes", "Alias": "v", "Startup Cost": 0.42, "Total Cost": 0.61, "Plan Rows": 9, "Plan Width": 4, "Actual Rows": 18, "Actual Loops": 320, "Index Cond": "(userid = c.userid)", "Rows Removed by Index Recheck": 0, "Heap Fetches": 0}]}]}]}]}]}, "Planning Time": 2.788, "Triggers": [], "Execution Time": 7135.216}, {"Plan": {"Node Type": "Aggregate", "Strategy": "Plain", "Partial Mode": "Finalize", "Parallel Aware": false, "Async Capable": false, "Startup Cost": 7285.43, "Total Cost": 7285.44, "Plan Rows": 1, "Plan Width": 8, "Actual Rows": 1, "Actual Loops": 1, "Plans": [{"Node Type": "Gather", "Parent Relationship": "Outer", "Parallel Aware": false, "Async Capable": false, "Startup Cost": 7285.21, "Total Cost": 7285.42, "Plan Rows": 2, "Plan Width": 8, "Actual Rows": 3, "Actual Loops": 1, "Workers Planned": 2, "Workers Launched": 2, "Single Copy": false, "Plans": [{"Node Type": "Aggregate", "Strategy": "Plain", "Partial Mode": "Partial", "Parent Relationship": "Outer", "Parallel Aware": false, "Async Capable": false, "Startup Cost": 6285.21, "Total Cost": 6285.22, "Plan Rows": 1, "Plan Width": 8, "Actual Rows": 1, "Actual Loops": 3, "Workers": [], "Plans": [{"Node Type": "Merge Join", "Parent Relationship": "Outer", "Parallel Aware": false, "Async Capable": false, "Join Type": "Inner", "Startup Cost": 1360.71, "Total Cost": 6197.61, "Plan Rows": 35040, "Plan Width": 0, "Actual Rows": 30310821, "Actual Loops": 3, "Inner Unique": false, "Merge Cond": "(v.userid = u.id)", "Workers": [], "Plans": [{"Node Type": "Nested Loop", "Parent Relationship": "Outer", "Parallel Aware": false, "Async Capable": false, "Join Type": "Inner", "Startup Cost": 0.85, "Total Cost": 31632.47, "Plan Rows": 5634833, "Plan Width": 8, "Actual Rows": 3057550, "Actual Loops": 3, "Inner Unique": false, "Workers": [], "Plans": [{"Node Type": "Index Only Scan", "Parent Relationship": "Outer", "Parallel Aware": true, "Async Capable": false, "Scan Direction": "Forward", "Index Name": "idx_posthistory_userid", "Relation Name": "posthistory", "Alias": "ph", "Startup Cost": 0.42, "Total Cost": 4157.26, "Plan Rows": 126328, "Plan Width": 4, "Actual Rows": 27604, "Actual Loops": 3, "Heap Fetches": 0, "Workers": []}, {"Node Type": "Memoize", "Parent Relationship": "Inner", "Parallel Aware": false, "Async Capable": false, "Startup Cost": 0.43, "Total Cost": 0.59, "Plan Rows": 9, "Plan Width": 4, "Actual Rows": 111, "Actual Loops": 82813, "Cache Key": "ph.userid", "Cache Mode": "logical", "Cache Hits": 11653, "Cache Misses": 95, "Cache Evictions": 0, "Cache Overflows": 0, "Peak Memory Usage": 51, "Workers": [{"Worker Number": 0, "Cache Hits": 24774, "Cache Misses": 360, "Cache Evictions": 0, "Cache Overflows": 0, "Peak Memory Usage": 138}, {"Worker Number": 1, "Cache Hits": 44999, "Cache Misses": 932, "Cache Evictions": 0, "Cache Overflows": 0, "Peak Memory Usage": 265}], "Plans": [{"Node Type": "Index Only Scan", "Parent Relationship": "Outer", "Parallel Aware": false, "Async Capable": false, "Scan Direction": "Forward", "Index Name": "idx_votes_userid", "Relation Name": "votes", "Alias": "v", "Startup Cost": 0.42, "Total Cost": 0.58, "Plan Rows": 9, "Plan Width": 4, "Actual Rows": 7, "Actual Loops": 1387, "Index Cond": "(userid = ph.userid)", "Rows Removed by Index Recheck": 0, "Heap Fetches": 0, "Workers": []}]}]}, {"Node Type": "Sort", "Parent Relationship": "Inner", "Parallel Aware": false, "Async Capable": false, "Startup Cost": 1359.86, "Total Cost": 1359.88, "Plan Rows": 9, "Plan Width": 8, "Actual Rows": 30303591, "Actual Loops": 3, "Sort Key": ["c.userid"], "Sort Method": "quicksort", "Sort Space Used": 97, "Sort Space Type": "Memory", "Workers": [{"Worker Number": 0, "Sort Method": "quicksort", "Sort Space Used": 97, "Sort Space Type": "Memory"}, {"Worker Number": 1, "Sort Method": "quicksort", "Sort Space Used": 97, "Sort Space Type": "Memory"}], "Plans": [{"Node Type": "Nested Loop", "Parent Relationship": "Outer", "Parallel Aware": false, "Async Capable": false, "Join Type": "Inner", "Startup Cost": 0.29, "Total Cost": 1359.71, "Plan Rows": 9, "Plan Width": 8, "Actual Rows": 1567, "Actual Loops": 3, "Inner Unique": false, "Workers": [], "Plans": [{"Node Type": "Seq Scan", "Parent Relationship": "Outer", "Parallel Aware": false, "Async Capable": false, "Relation Name": "users", "Alias": "u", "Startup Cost": 0.0, "Total Cost": 1002.69, "Plan Rows": 8, "Plan Width": 4, "Actual Rows": 28, "Actual Loops": 3, "Filter": "((views <= 4602) AND (downvotes >= 19) AND (creationdate <= '2011-08-10 10:01:16'::timestamp without time zone))", "Rows Removed by Filter": 40297, "Workers": []}, {"Node Type": "Index Scan", "Parent Relationship": "Inner", "Parallel Aware": false, "Async Capable": false, "Scan Direction": "Forward", "Index Name": "idx_comments_userid", "Relation Name": "comments", "Alias": "c", "Startup Cost": 0.29, "Total Cost": 44.6, "Plan Rows": 3, "Plan Width": 4, "Actual Rows": 56, "Actual Loops": 84, "Index Cond": "(userid = u.id)", "Rows Removed by Index Recheck": 0, "Filter": "((creationdate >= '2012-11-10 17:30:53'::timestamp without time zone) AND (creationdate <= '2013-12-28 22:41:31'::timestamp without time zone) AND (score = 0))", "Rows Removed by Filter": 334, "Workers": []}]}]}]}]}]}]}, "Planning Time": 5.755, "Triggers": [], "Execution Time": 2769.953}, {"Plan": {"Node Type": "Aggregate", "Strategy": "Plain", "Partial Mode": "Simple", "Parallel Aware": false, "Async Capable": false, "Startup Cost": 2837.24, "Total Cost": 2837.25, "Plan Rows": 1, "Plan Width": 8, "Actual Rows": 1, "Actual Loops": 1, "Plans": [{"Node Type": "Merge Join", "Parent Relationship": "Outer", "Parallel Aware": false, "Async Capable": false, "Join Type": "Inner", "Startup Cost": 1.43, "Total Cost": 2627.0, "Plan Rows": 84096, "Plan Width": 0, "Actual Rows": 90932463, "Actual Loops": 1, "Inner Unique": false, "Merge Cond": "(u.id = v.userid)", "Plans": [{"Node Type": "Nested Loop", "Parent Relationship": "Outer", "Parallel Aware": false, "Async Capable": false, "Join Type": "Inner", "Startup Cost": 1.01, "Total Cost": 1742.39, "Plan Rows": 13008, "Plan Width": 12, "Actual Rows": 1646924, "Actual Loops": 1, "Inner Unique": false, "Join Filter": "(c.userid = u.id)", "Rows Removed by Join Filter": 0, "Plans": [{"Node Type": "Nested Loop", "Parent Relationship": "Outer", "Parallel Aware": false, "Async Capable": false, "Join Type": "Inner", "Startup Cost": 0.71, "Total Cost": 1704.44, "Plan Rows": 56, "Plan Width": 8, "Actual Rows": 25690, "Actual Loops": 1, "Inner Unique": false, "Plans": [{"Node Type": "Index Scan", "Parent Relationship": "Outer", "Parallel Aware": false, "Async Capable": false, "Scan Direction": "Forward", "Index Name": "users_pkey", "Relation Name": "users", "Alias": "u", "Startup Cost": 0.29, "Total Cost": 1659.6, "Plan Rows": 8, "Plan Width": 4, "Actual Rows": 28, "Actual Loops": 1, "Filter": "((views <= 4602) AND (downvotes >= 19) AND (creationdate <= '2011-08-10 10:01:16'::timestamp without time zone))", "Rows Removed by Filter": 40297}, {"Node Type": "Index Only Scan", "Parent Relationship": "Inner", "Parallel Aware": false, "Async Capable": false, "Scan Direction": "Forward", "Index Name": "idx_posthistory_userid", "Relation Name": "posthistory", "Alias": "ph", "Startup Cost": 0.42, "Total Cost": 5.47, "Plan Rows": 14, "Plan Width": 4, "Actual Rows": 918, "Actual Loops": 28, "Index Cond": "(userid = u.id)", "Rows Removed by Index Recheck": 0, "Heap Fetches": 0}]}, {"Node Type": "Index Scan", "Parent Relationship": "Inner", "Parallel Aware": false, "Async Capable": false, "Scan Direction": "Forward", "Index Name": "idx_comments_userid", "Relation Name": "comments", "Alias": "c", "Startup Cost": 0.29, "Total Cost": 0.64, "Plan Rows": 3, "Plan Width": 4, "Actual Rows": 64, "Actual Loops": 25690, "Index Cond": "(userid = ph.userid)", "Rows Removed by Index Recheck": 0, "Filter": "((creationdate >= '2012-11-10 17:30:53'::timestamp without time zone) AND (creationdate <= '2013-12-28 22:41:31'::timestamp without time zone) AND (score = 0))", "Rows Removed by Filter": 538}]}, {"Node Type": "Index Only Scan", "Parent Relationship": "Inner", "Parallel Aware": false, "Async Capable": false, "Scan Direction": "Forward", "Index Name": "idx_votes_userid", "Relation Name": "votes", "Alias": "v", "Startup Cost": 0.42, "Total Cost": 6175.27, "Plan Rows": 328064, "Plan Width": 4, "Actual Rows": 90940583, "Actual Loops": 1, "Heap Fetches": 0}]}]}, "Planning Time": 2.885, "Triggers": [], "Execution Time": 11558.674}, {"Plan": {"Node Type": "Aggregate", "Strategy": "Plain", "Partial Mode": "Simple", "Parallel Aware": false, "Async Capable": false, "Startup Cost": 2177553.45, "Total Cost": 2177553.46, "Plan Rows": 1, "Plan Width": 8, "Plans": [{"Node Type": "Merge Join", "Parent Relationship": "Outer", "Parallel Aware": false, "Async Capable": false, "Join Type": "Inner", "Startup Cost": 1.45, "Total Cost": 2177343.21, "Plan Rows": 84096, "Plan Width": 0, "Inner Unique": false, "Merge Cond": "(u.id = v.userid)", "Plans": [{"Node Type": "Index Scan", "Parent Relationship": "Outer", "Parallel Aware": false, "Async Capable": false, "Scan Direction": "Forward", "Index Name": "users_pkey", "Relation Name": "users", "Alias": "u", "Startup Cost": 0.29, "Total Cost": 1659.6, "Plan Rows": 8, "Plan Width": 4, "Filter": "((views <= 4602) AND (downvotes >= 19) AND (creationdate <= '2011-08-10 10:01:16'::timestamp without time zone))"}, {"Node Type": "Materialize", "Parent Relationship": "Inner", "Parallel Aware": false, "Async Capable": false, "Startup Cost": 1.16, "Total Cost": 10544354.81, "Plan Rows": 4008347691, "Plan Width": 12, "Plans": [{"Node Type": "Nested Loop", "Parent Relationship": "Outer", "Parallel Aware": false, "Async Capable": false, "Join Type": "Inner", "Startup Cost": 1.16, "Total Cost": 523485.58, "Plan Rows": 4008347691, "Plan Width": 12, "Inner Unique": false, "Plans": [{"Node Type": "Nested Loop", "Parent Relationship": "Outer", "Parallel Aware": false, "Async Capable": false, "Join Type": "Inner", "Startup Cost": 0.73, "Total Cost": 22433.83, "Plan Rows": 2657916, "Plan Width": 8, "Inner Unique": false, "Plans": [{"Node Type": "Index Scan", "Parent Relationship": "Outer", "Parallel Aware": false, "Async Capable": false, "Scan Direction": "Forward", "Index Name": "idx_comments_userid", "Relation Name": "comments", "Alias": "c", "Startup Cost": 0.29, "Total Cost": 9130.49, "Plan Rows": 44210, "Plan Width": 4, "Filter": "((creationdate >= '2012-11-10 17:30:53'::timestamp without time zone) AND (creationdate <= '2013-12-28 22:41:31'::timestamp without time zone) AND (score = 0))"}, {"Node Type": "Memoize", "Parent Relationship": "Inner", "Parallel Aware": false, "Async Capable": false, "Startup Cost": 0.43, "Total Cost": 0.62, "Plan Rows": 9, "Plan Width": 4, "Cache Key": "c.userid", "Cache Mode": "logical", "Plans": [{"Node Type": "Index Only Scan", "Parent Relationship": "Outer", "Parallel Aware": false, "Async Capable": false, "Scan Direction": "Forward", "Index Name": "idx_votes_userid", "Relation Name": "votes", "Alias": "v", "Startup Cost": 0.42, "Total Cost": 0.61, "Plan Rows": 9, "Plan Width": 4, "Index Cond": "(userid = c.userid)"}]}]}, {"Node Type": "Memoize", "Parent Relationship": "Inner", "Parallel Aware": false, "Async Capable": false, "Startup Cost": 0.43, "Total Cost": 0.68, "Plan Rows": 14, "Plan Width": 4, "Cache Key": "v.userid", "Cache Mode": "logical", "Plans": [{"Node Type": "Index Only Scan", "Parent Relationship": "Outer", "Parallel Aware": false, "Async Capable": false, "Scan Direction": "Forward", "Index Name": "idx_posthistory_userid", "Relation Name": "posthistory", "Alias": "ph", "Startup Cost": 0.42, "Total Cost": 0.67, "Plan Rows": 14, "Plan Width": 4, "Index Cond": "(userid = v.userid)"}]}]}]}]}]}}, {"Plan": {"Node Type": "Aggregate", "Strategy": "Plain", "Partial Mode": "Simple", "Parallel Aware": false, "Async Capable": false, "Startup Cost": 1449.87, "Total Cost": 1449.88, "Plan Rows": 1, "Plan Width": 8, "Plans": [{"Node Type": "Nested Loop", "Parent Relationship": "Outer", "Parallel Aware": false, "Async Capable": false, "Join Type": "Inner", "Startup Cost": 1.14, "Total Cost": 1239.63, "Plan Rows": 84096, "Plan Width": 0, "Inner Unique": false, "Plans": [{"Node Type": "Nested Loop", "Parent Relationship": "Outer", "Parallel Aware": false, "Async Capable": false, "Join Type": "Inner", "Startup Cost": 0.84, "Total Cost": 1049.73, "Plan Rows": 284, "Plan Width": 12, "Inner Unique": false, "Plans": [{"Node Type": "Nested Loop", "Parent Relationship": "Outer", "Parallel Aware": false, "Async Capable": false, "Join Type": "Inner", "Startup Cost": 0.42, "Total Cost": 1044.05, "Plan Rows": 7, "Plan Width": 8, "Inner Unique": false, "Plans": [{"Node Type": "Seq Scan", "Parent Relationship": "Outer", "Parallel Aware": false, "Async Capable": false, "Relation Name": "users", "Alias": "u", "Startup Cost": 0.0, "Total Cost": 1002.69, "Plan Rows": 8, "Plan Width": 4, "Filter": "((views <= 4602) AND (downvotes >= 19) AND (creationdate <= '2011-08-10 10:01:16'::timestamp without time zone))"}, {"Node Type": "Index Only Scan", "Parent Relationship": "Inner", "Parallel Aware": false, "Async Capable": false, "Scan Direction": "Forward", "Index Name": "idx_votes_userid", "Relation Name": "votes", "Alias": "v", "Startup Cost": 0.42, "Total Cost": 5.08, "Plan Rows": 9, "Plan Width": 4, "Index Cond": "(userid = u.id)"}]}, {"Node Type": "Index Only Scan", "Parent Relationship": "Inner", "Parallel Aware": false, "Async Capable": false, "Scan Direction": "Forward", "Index Name": "idx_posthistory_userid", "Relation Name": "posthistory", "Alias": "ph", "Startup Cost": 0.42, "Total Cost": 0.67, "Plan Rows": 14, "Plan Width": 4, "Index Cond": "(userid = v.userid)"}]}, {"Node Type": "Index Scan", "Parent Relationship": "Inner", "Parallel Aware": false, "Async Capable": false, "Scan Direction": "Forward", "Index Name": "idx_comments_userid", "Relation Name": "comments", "Alias": "c", "Startup Cost": 0.29, "Total Cost": 0.64, "Plan Rows": 3, "Plan Width": 4, "Index Cond": "(userid = v.userid)", "Filter": "((creationdate >= '2012-11-10 17:30:53'::timestamp without time zone) AND (creationdate <= '2013-12-28 22:41:31'::timestamp without time zone) AND (score = 0))"}]}]}}, {"Plan": {"Node Type": "Aggregate", "Strategy": "Plain", "Partial Mode": "Finalize", "Parallel Aware": false, "Async Capable": false, "Startup Cost": 5758.73, "Total Cost": 5758.74, "Plan Rows": 1, "Plan Width": 8, "Actual Rows": 1, "Actual Loops": 1, "Plans": [{"Node Type": "Gather", "Parent Relationship": "Outer", "Parallel Aware": false, "Async Capable": false, "Startup Cost": 5758.51, "Total Cost": 5758.72, "Plan Rows": 2, "Plan Width": 8, "Actual Rows": 3, "Actual Loops": 1, "Workers Planned": 2, "Workers Launched": 2, "Single Copy": false, "Plans": [{"Node Type": "Aggregate", "Strategy": "Plain", "Partial Mode": "Partial", "Parent Relationship": "Outer", "Parallel Aware": false, "Async Capable": false, "Startup Cost": 4758.51, "Total Cost": 4758.52, "Plan Rows": 1, "Plan Width": 8, "Actual Rows": 1, "Actual Loops": 3, "Workers": [], "Plans": [{"Node Type": "Merge Join", "Parent Relationship": "Outer", "Parallel Aware": false, "Async Capable": false, "Join Type": "Inner", "Startup Cost": 1.43, "Total Cost": 4670.91, "Plan Rows": 35040, "Plan Width": 0, "Actual Rows": 30310821, "Actual Loops": 3, "Inner Unique": false, "Merge Cond": "(ph.userid = v.userid)", "Workers": [], "Plans": [{"Node Type": "Index Only Scan", "Parent Relationship": "Outer", "Parallel Aware": true, "Async Capable": false, "Scan Direction": "Forward", "Index Name": "idx_posthistory_userid", "Relation Name": "posthistory", "Alias": "ph", "Startup Cost": 0.42, "Total Cost": 4157.26, "Plan Rows": 126328, "Plan Width": 4, "Actual Rows": 27570, "Actual Loops": 3, "Heap Fetches": 0, "Workers": []}, {"Node Type": "Materialize", "Parent Relationship": "Inner", "Parallel Aware": false, "Async Capable": false, "Startup Cost": 1.01, "Total Cost": 1705.78, "Plan Rows": 56, "Plan Width": 12, "Actual Rows": 30337288, "Actual Loops": 3, "Workers": [], "Plans": [{"Node Type": "Nested Loop", "Parent Relationship": "Outer", "Parallel Aware": false, "Async Capable": false, "Join Type": "Inner", "Startup Cost": 1.01, "Total Cost": 1705.64, "Plan Rows": 56, "Plan Width": 12, "Actual Rows": 63955, "Actual Loops": 3, "Inner Unique": false, "Workers": [], "Plans": [{"Node Type": "Nested Loop", "Parent Relationship": "Outer", "Parallel Aware": false, "Async Capable": false, "Join Type": "Inner", "Startup Cost": 0.71, "Total Cost": 1700.96, "Plan Rows": 7, "Plan Width": 8, "Actual Rows": 972, "Actual Loops": 3, "Inner Unique": false, "Workers": [], "Plans": [{"Node Type": "Index Scan", "Parent Relationship": "Outer", "Parallel Aware": false, "Async Capable": false, "Scan Direction": "Forward", "Index Name": "users_pkey", "Relation Name": "users", "Alias": "u", "Startup Cost": 0.29, "Total Cost": 1659.6, "Plan Rows": 8, "Plan Width": 4, "Actual Rows": 28, "Actual Loops": 3, "Filter": "((views <= 4602) AND (downvotes >= 19) AND (creationdate <= '2011-08-10 10:01:16'::timestamp without time zone))", "Rows Removed by Filter": 40297, "Workers": []}, {"Node Type": "Index Only Scan", "Parent Relationship": "Inner", "Parallel Aware": false, "Async Capable": false, "Scan Direction": "Forward", "Index Name": "idx_votes_userid", "Relation Name": "votes", "Alias": "v", "Startup Cost": 0.42, "Total Cost": 5.08, "Plan Rows": 9, "Plan Width": 4, "Actual Rows": 35, "Actual Loops": 84, "Index Cond": "(userid = u.id)", "Rows Removed by Index Recheck": 0, "Heap Fetches": 0, "Workers": []}]}, {"Node Type": "Index Scan", "Parent Relationship": "Inner", "Parallel Aware": false, "Async Capable": false, "Scan Direction": "Forward", "Index Name": "idx_comments_userid", "Relation Name": "comments", "Alias": "c", "Startup Cost": 0.29, "Total Cost": 0.64, "Plan Rows": 3, "Plan Width": 4, "Actual Rows": 66, "Actual Loops": 2916, "Index Cond": "(userid = v.userid)", "Rows Removed by Index Recheck": 0, "Filter": "((creationdate >= '2012-11-10 17:30:53'::timestamp without time zone) AND (creationdate <= '2013-12-28 22:41:31'::timestamp without time zone) AND (score = 0))", "Rows Removed by Filter": 473, "Workers": []}]}]}]}]}]}]}, "Planning Time": 1.765, "Triggers": [], "Execution Time": 2711.616}, {"Plan": {"Node Type": "Aggregate", "Strategy": "Plain", "Partial Mode": "Simple", "Parallel Aware": false, "Async Capable": false, "Startup Cost": 2869.76, "Total Cost": 2869.77, "Plan Rows": 1, "Plan Width": 8, "Actual Rows": 1, "Actual Loops": 1, "Plans": [{"Node Type": "Merge Join", "Parent Relationship": "Outer", "Parallel Aware": false, "Async Capable": false, "Join Type": "Inner", "Startup Cost": 1.43, "Total Cost": 2659.52, "Plan Rows": 84096, "Plan Width": 0, "Actual Rows": 90932463, "Actual Loops": 1, "Inner Unique": false, "Merge Cond": "(v.userid = u.id)", "Plans": [{"Node Type": "Index Only Scan", "Parent Relationship": "Outer", "Parallel Aware": false, "Async Capable": false, "Scan Direction": "Forward", "Index Name": "idx_votes_userid", "Relation Name": "votes", "Alias": "v", "Startup Cost": 0.42, "Total Cost": 6175.27, "Plan Rows": 328064, "Plan Width": 4, "Actual Rows": 9057, "Actual Loops": 1, "Heap Fetches": 0}, {"Node Type": "Materialize", "Parent Relationship": "Inner", "Parallel Aware": false, "Async Capable": false, "Startup Cost": 1.01, "Total Cost": 1774.91, "Plan Rows": 13008, "Plan Width": 12, "Actual Rows": 91038005, "Actual Loops": 1, "Plans": [{"Node Type": "Nested Loop", "Parent Relationship": "Outer", "Parallel Aware": false, "Async Capable": false, "Join Type": "Inner", "Startup Cost": 1.01, "Total Cost": 1742.39, "Plan Rows": 13008, "Plan Width": 12, "Actual Rows": 1646924, "Actual Loops": 1, "Inner Unique": false, "Join Filter": "(c.userid = u.id)", "Rows Removed by Join Filter": 0, "Plans": [{"Node Type": "Nested Loop", "Parent Relationship": "Outer", "Parallel Aware": false, "Async Capable": false, "Join Type": "Inner", "Startup Cost": 0.71, "Total Cost": 1704.44, "Plan Rows": 56, "Plan Width": 8, "Actual Rows": 25690, "Actual Loops": 1, "Inner Unique": false, "Plans": [{"Node Type": "Index Scan", "Parent Relationship": "Outer", "Parallel Aware": false, "Async Capable": false, "Scan Direction": "Forward", "Index Name": "users_pkey", "Relation Name": "users", "Alias": "u", "Startup Cost": 0.29, "Total Cost": 1659.6, "Plan Rows": 8, "Plan Width": 4, "Actual Rows": 28, "Actual Loops": 1, "Filter": "((views <= 4602) AND (downvotes >= 19) AND (creationdate <= '2011-08-10 10:01:16'::timestamp without time zone))", "Rows Removed by Filter": 40297}, {"Node Type": "Index Only Scan", "Parent Relationship": "Inner", "Parallel Aware": false, "Async Capable": false, "Scan Direction": "Forward", "Index Name": "idx_posthistory_userid", "Relation Name": "posthistory", "Alias": "ph", "Startup Cost": 0.42, "Total Cost": 5.47, "Plan Rows": 14, "Plan Width": 4, "Actual Rows": 918, "Actual Loops": 28, "Index Cond": "(userid = u.id)", "Rows Removed by Index Recheck": 0, "Heap Fetches": 0}]}, {"Node Type": "Index Scan", "Parent Relationship": "Inner", "Parallel Aware": false, "Async Capable": false, "Scan Direction": "Forward", "Index Name": "idx_comments_userid", "Relation Name": "comments", "Alias": "c", "Startup Cost": 0.29, "Total Cost": 0.64, "Plan Rows": 3, "Plan Width": 4, "Actual Rows": 64, "Actual Loops": 25690, "Index Cond": "(userid = ph.userid)", "Rows Removed by Index Recheck": 0, "Filter": "((creationdate >= '2012-11-10 17:30:53'::timestamp without time zone) AND (creationdate <= '2013-12-28 22:41:31'::timestamp without time zone) AND (score = 0))", "Rows Removed by Filter": 538}]}]}]}]}, "Planning Time": 2.909, "Triggers": [], "Execution Time": 9947.631}]