[{"Plan": {"Node Type": "Aggregate", "Strategy": "Plain", "Partial Mode": "Simple", "Parallel Aware": false, "Async Capable": false, "Startup Cost": 1059.45, "Total Cost": 1059.46, "Plan Rows": 1, "Plan Width": 8, "Actual Rows": 1, "Actual Loops": 1, "Plans": [{"Node Type": "Nested Loop", "Parent Relationship": "Outer", "Parallel Aware": false, "Async Capable": false, "Join Type": "Inner", "Startup Cost": 1.72, "Total Cost": 1059.45, "Plan Rows": 1, "Plan Width": 0, "Actual Rows": 368, "Actual Loops": 1, "Inner Unique": false, "Join Filter": "(p.id = ph.postid)", "Rows Removed by Join Filter": 0, "Plans": [{"Node Type": "Nested Loop", "Parent Relationship": "Outer", "Parallel Aware": false, "Async Capable": false, "Join Type": "Inner", "Startup Cost": 1.29, "Total Cost": 1058.73, "Plan Rows": 1, "Plan Width": 12, "Actual Rows": 3274, "Actual Loops": 1, "Inner Unique": true, "Join Filter": "(p.id = pl.postid)", "Rows Removed by Join Filter": 0, "Plans": [{"Node Type": "Nested Loop", "Parent Relationship": "Outer", "Parallel Aware": false, "Async Capable": false, "Join Type": "Inner", "Startup Cost": 1.0, "Total Cost": 1058.32, "Plan Rows": 1, "Plan Width": 8, "Actual Rows": 15454, "Actual Loops": 1, "Inner Unique": false, "Plans": [{"Node Type": "Nested Loop", "Parent Relationship": "Outer", "Parallel Aware": false, "Async Capable": false, "Join Type": "Inner", "Startup Cost": 0.72, "Total Cost": 1057.69, "Plan Rows": 2, "Plan Width": 4, "Actual Rows": 62229, "Actual Loops": 1, "Inner Unique": false, "Join Filter": "(c.userid = u.id)", "Rows Removed by Join Filter": 0, "Plans": [{"Node Type": "Nested Loop", "Parent Relationship": "Outer", "Parallel Aware": false, "Async Capable": false, "Join Type": "Inner", "Startup Cost": 0.42, "Total Cost": 1052.89, "Plan Rows": 1, "Plan Width": 8, "Actual Rows": 74, "Actual Loops": 1, "Inner Unique": false, "Plans": [{"Node Type": "Seq Scan", "Parent Relationship": "Outer", "Parallel Aware": false, "Async Capable": false, "Relation Name": "users", "Alias": "u", "Startup Cost": 0.0, "Total Cost": 901.88, "Plan Rows": 6, "Plan Width": 4, "Actual Rows": 43, "Actual Loops": 1, "Filter": "((views >= 752) AND (creationdate <= '2011-07-23 08:47:23'::timestamp without time zone))", "Rows Removed by Filter": 40282}, {"Node Type": "Index Scan", "Parent Relationship": "Inner", "Parallel Aware": false, "Async Capable": false, "Scan Direction": "Forward", "Index Name": "idx_votes_userid", "Relation Name": "votes", "Alias": "v", "Startup Cost": 0.42, "Total Cost": 25.16, "Plan Rows": 1, "Plan Width": 4, "Actual Rows": 2, "Actual Loops": 43, "Index Cond": "(userid = u.id)", "Rows Removed by Index Recheck": 0, "Filter": "((bountyamount <= 280) AND (creationdate >= '2011-09-15 13:07:29'::timestamp without time zone) AND (creationdate <= '2014-08-13 20:10:21'::timestamp without time zone))", "Rows Removed by Filter": 64}]}, {"Node Type": "Index Scan", "Parent Relationship": "Inner", "Parallel Aware": false, "Async Capable": false, "Scan Direction": "Forward", "Index Name": "idx_comments_userid", "Relation Name": "comments", "Alias": "c", "Startup Cost": 0.29, "Total Cost": 4.76, "Plan Rows": 4, "Plan Width": 8, "Actual Rows": 841, "Actual Loops": 74, "Index Cond": "(userid = v.userid)", "Rows Removed by Index Recheck": 0, "Filter": "((creationdate >= '2011-06-21 12:15:11'::timestamp without time zone) AND (creationdate <= '2013-01-01 22:13:16'::timestamp without time zone))", "Rows Removed by Filter": 4346}]}, {"Node Type": "Index Only Scan", "Parent Relationship": "Inner", "Parallel Aware": false, "Async Capable": false, "Scan Direction": "Forward", "Index Name": "idx_postlinks_postid", "Relation Name": "postlinks", "Alias": "pl", "Startup Cost": 0.29, "Total Cost": 0.3, "Plan Rows": 1, "Plan Width": 4, "Actual Rows": 0, "Actual Loops": 62229, "Index Cond": "(postid = c.postid)", "Rows Removed by Index Recheck": 0, "Heap Fetches": 0}]}, {"Node Type": "Index Scan", "Parent Relationship": "Inner", "Parallel Aware": false, "Async Capable": false, "Scan Direction": "Forward", "Index Name": "posts_pkey", "Relation Name": "posts", "Alias": "p", "Startup Cost": 0.29, "Total Cost": 0.4, "Plan Rows": 1, "Plan Width": 4, "Actual Rows": 0, "Actual Loops": 15454, "Index Cond": "(id = c.postid)", "Rows Removed by Index Recheck": 0, "Filter": "((score >= 7) AND (score <= 44) AND (commentcount <= 25))", "Rows Removed by Filter": 1}]}, {"Node Type": "Index Scan", "Parent Relationship": "Inner", "Parallel Aware": false, "Async Capable": false, "Scan Direction": "Forward", "Index Name": "idx_posthistory_postid", "Relation Name": "posthistory", "Alias": "ph", "Startup Cost": 0.42, "Total Cost": 0.71, "Plan Rows": 1, "Plan Width": 4, "Actual Rows": 0, "Actual Loops": 3274, "Index Cond": "(postid = c.postid)", "Rows Removed by Index Recheck": 0, "Filter": "((creationdate <= '2013-03-22 03:35:40'::timestamp without time zone) AND (posthistorytypeid = 16))", "Rows Removed by Filter": 7}]}]}, "Planning Time": 5.231, "Triggers": [], "Execution Time": 146.234}, {"Plan": {"Node Type": "Aggregate", "Strategy": "Plain", "Partial Mode": "Simple", "Parallel Aware": false, "Async Capable": false, "Startup Cost": 5368.21, "Total Cost": 5368.22, "Plan Rows": 1, "Plan Width": 8, "Actual Rows": 1, "Actual Loops": 1, "Plans": [{"Node Type": "Nested Loop", "Parent Relationship": "Outer", "Parallel Aware": false, "Async Capable": false, "Join Type": "Inner", "Startup Cost": 2555.5, "Total Cost": 5368.2, "Plan Rows": 1, "Plan Width": 0, "Actual Rows": 368, "Actual Loops": 1, "Inner Unique": false, "Join Filter": "(c.postid = p.id)", "Rows Removed by Join Filter": 5164639, "Plans": [{"Node Type": "Nested Loop", "Parent Relationship": "Outer", "Parallel Aware": false, "Async Capable": false, "Join Type": "Inner", "Startup Cost": 0.72, "Total Cost": 1057.69, "Plan Rows": 2, "Plan Width": 4, "Actual Rows": 62229, "Actual Loops": 1, "Inner Unique": false, "Join Filter": "(c.userid = u.id)", "Rows Removed by Join Filter": 0, "Plans": [{"Node Type": "Nested Loop", "Parent Relationship": "Outer", "Parallel Aware": false, "Async Capable": false, "Join Type": "Inner", "Startup Cost": 0.42, "Total Cost": 1052.89, "Plan Rows": 1, "Plan Width": 8, "Actual Rows": 74, "Actual Loops": 1, "Inner Unique": false, "Plans": [{"Node Type": "Seq Scan", "Parent Relationship": "Outer", "Parallel Aware": false, "Async Capable": false, "Relation Name": "users", "Alias": "u", "Startup Cost": 0.0, "Total Cost": 901.88, "Plan Rows": 6, "Plan Width": 4, "Actual Rows": 43, "Actual Loops": 1, "Filter": "((views >= 752) AND (creationdate <= '2011-07-23 08:47:23'::timestamp without time zone))", "Rows Removed by Filter": 40282}, {"Node Type": "Index Scan", "Parent Relationship": "Inner", "Parallel Aware": false, "Async Capable": false, "Scan Direction": "Forward", "Index Name": "idx_votes_userid", "Relation Name": "votes", "Alias": "v", "Startup Cost": 0.42, "Total Cost": 25.16, "Plan Rows": 1, "Plan Width": 4, "Actual Rows": 2, "Actual Loops": 43, "Index Cond": "(userid = u.id)", "Rows Removed by Index Recheck": 0, "Filter": "((bountyamount <= 280) AND (creationdate >= '2011-09-15 13:07:29'::timestamp without time zone) AND (creationdate <= '2014-08-13 20:10:21'::timestamp without time zone))", "Rows Removed by Filter": 64}]}, {"Node Type": "Index Scan", "Parent Relationship": "Inner", "Parallel Aware": false, "Async Capable": false, "Scan Direction": "Forward", "Index Name": "idx_comments_userid", "Relation Name": "comments", "Alias": "c", "Startup Cost": 0.29, "Total Cost": 4.76, "Plan Rows": 4, "Plan Width": 8, "Actual Rows": 841, "Actual Loops": 74, "Index Cond": "(userid = v.userid)", "Rows Removed by Index Recheck": 0, "Filter": "((creationdate >= '2011-06-21 12:15:11'::timestamp without time zone) AND (creationdate <= '2013-01-01 22:13:16'::timestamp without time zone))", "Rows Removed by Filter": 4346}]}, {"Node Type": "Materialize", "Parent Relationship": "Inner", "Parallel Aware": false, "Async Capable": false, "Startup Cost": 2554.78, "Total Cost": 4310.21, "Plan Rows": 11, "Plan Width": 12, "Actual Rows": 83, "Actual Loops": 62229, "Plans": [{"Node Type": "Nested Loop", "Parent Relationship": "Outer", "Parallel Aware": false, "Async Capable": false, "Join Type": "Inner", "Startup Cost": 2554.78, "Total Cost": 4310.16, "Plan Rows": 11, "Plan Width": 12, "Actual Rows": 83, "Actual Loops": 1, "Inner Unique": false, "Join Filter": "(p.id = ph.postid)", "Rows Removed by Join Filter": 0, "Plans": [{"Node Type": "Hash Join", "Parent Relationship": "Outer", "Parallel Aware": false, "Async Capable": false, "Join Type": "Inner", "Startup Cost": 2554.36, "Total Cost": 2776.52, "Plan Rows": 1012, "Plan Width": 8, "Actual Rows": 1586, "Actual Loops": 1, "Inner Unique": true, "Hash Cond": "(pl.postid = p.id)", "Plans": [{"Node Type": "Seq Scan", "Parent Relationship": "Outer", "Parallel Aware": false, "Async Capable": false, "Relation Name": "postlinks", "Alias": "pl", "Startup Cost": 0.0, "Total Cost": 193.02, "Plan Rows": 11102, "Plan Width": 4, "Actual Rows": 11102, "Actual Loops": 1}, {"Node Type": "Hash", "Parent Relationship": "Inner", "Parallel Aware": false, "Async Capable": false, "Startup Cost": 2449.58, "Total Cost": 2449.58, "Plan Rows": 8382, "Plan Width": 4, "Actual Rows": 8376, "Actual Loops": 1, "Hash Buckets": 16384, "Original Hash Buckets": 16384, "Hash Batches": 1, "Original Hash Batches": 1, "Peak Memory Usage": 423, "Plans": [{"Node Type": "Seq Scan", "Parent Relationship": "Outer", "Parallel Aware": false, "Async Capable": false, "Relation Name": "posts", "Alias": "p", "Startup Cost": 0.0, "Total Cost": 2449.58, "Plan Rows": 8382, "Plan Width": 4, "Actual Rows": 8376, "Actual Loops": 1, "Filter": "((score >= 7) AND (score <= 44) AND (commentcount <= 25))", "Rows Removed by Filter": 83600}]}]}, {"Node Type": "Index Scan", "Parent Relationship": "Inner", "Parallel Aware": false, "Async Capable": false, "Scan Direction": "Forward", "Index Name": "idx_posthistory_postid", "Relation Name": "posthistory", "Alias": "ph", "Startup Cost": 0.42, "Total Cost": 1.5, "Plan Rows": 1, "Plan Width": 4, "Actual Rows": 0, "Actual Loops": 1586, "Index Cond": "(postid = pl.postid)", "Rows Removed by Index Recheck": 0, "Filter": "((creationdate <= '2013-03-22 03:35:40'::timestamp without time zone) AND (posthistorytypeid = 16))", "Rows Removed by Filter": 7}]}]}]}]}, "Planning Time": 4.786, "Triggers": [], "Execution Time": 332.434}, {"Plan": {"Node Type": "Aggregate", "Strategy": "Plain", "Partial Mode": "Simple", "Parallel Aware": false, "Async Capable": false, "Startup Cost": 2659.17, "Total Cost": 2659.18, "Plan Rows": 1, "Plan Width": 8, "Actual Rows": 1, "Actual Loops": 1, "Plans": [{"Node Type": "Merge Join", "Parent Relationship": "Outer", "Parallel Aware": false, "Async Capable": false, "Join Type": "Inner", "Startup Cost": 1174.77, "Total Cost": 2659.17, "Plan Rows": 1, "Plan Width": 0, "Actual Rows": 368, "Actual Loops": 1, "Inner Unique": false, "Merge Cond": "(v.userid = u.id)", "Plans": [{"Node Type": "Index Scan", "Parent Relationship": "Outer", "Parallel Aware": false, "Async Capable": false, "Scan Direction": "Forward", "Index Name": "idx_votes_userid", "Relation Name": "votes", "Alias": "v", "Startup Cost": 0.42, "Total Cost": 14062.79, "Plan Rows": 1374, "Plan Width": 4, "Actual Rows": 245, "Actual Loops": 1, "Filter": "((bountyamount <= 280) AND (creationdate >= '2011-09-15 13:07:29'::timestamp without time zone) AND (creationdate <= '2014-08-13 20:10:21'::timestamp without time zone))", "Rows Removed by Filter": 10420}, {"Node Type": "Sort", "Parent Relationship": "Inner", "Parallel Aware": false, "Async Capable": false, "Startup Cost": 1174.35, "Total Cost": 1174.35, "Plan Rows": 1, "Plan Width": 8, "Actual Rows": 391, "Actual Loops": 1, "Sort Key": ["c.userid"], "Sort Method": "quicksort", "Sort Space Used": 27, "Sort Space Type": "Memory", "Plans": [{"Node Type": "Nested Loop", "Parent Relationship": "Outer", "Parallel Aware": false, "Async Capable": false, "Join Type": "Inner", "Startup Cost": 1.29, "Total Cost": 1174.34, "Plan Rows": 1, "Plan Width": 8, "Actual Rows": 77, "Actual Loops": 1, "Inner Unique": false, "Join Filter": "(p.id = ph.postid)", "Rows Removed by Join Filter": 0, "Plans": [{"Node Type": "Nested Loop", "Parent Relationship": "Outer", "Parallel Aware": false, "Async Capable": false, "Join Type": "Inner", "Startup Cost": 0.87, "Total Cost": 1173.61, "Plan Rows": 1, "Plan Width": 20, "Actual Rows": 845, "Actual Loops": 1, "Inner Unique": true, "Join Filter": "(p.id = pl.postid)", "Rows Removed by Join Filter": 0, "Plans": [{"Node Type": "Nested Loop", "Parent Relationship": "Outer", "Parallel Aware": false, "Async Capable": false, "Join Type": "Inner", "Startup Cost": 0.58, "Total Cost": 1172.8, "Plan Rows": 2, "Plan Width": 16, "Actual Rows": 3658, "Actual Loops": 1, "Inner Unique": false, "Plans": [{"Node Type": "Nested Loop", "Parent Relationship": "Outer", "Parallel Aware": false, "Async Capable": false, "Join Type": "Inner", "Startup Cost": 0.29, "Total Cost": 1170.28, "Plan Rows": 8, "Plan Width": 12, "Actual Rows": 17045, "Actual Loops": 1, "Inner Unique": false, "Plans": [{"Node Type": "Seq Scan", "Parent Relationship": "Outer", "Parallel Aware": false, "Async Capable": false, "Relation Name": "users", "Alias": "u", "Startup Cost": 0.0, "Total Cost": 901.88, "Plan Rows": 6, "Plan Width": 4, "Actual Rows": 43, "Actual Loops": 1, "Filter": "((views >= 752) AND (creationdate <= '2011-07-23 08:47:23'::timestamp without time zone))", "Rows Removed by Filter": 40282}, {"Node Type": "Index Scan", "Parent Relationship": "Inner", "Parallel Aware": false, "Async Capable": false, "Scan Direction": "Forward", "Index Name": "idx_comments_userid", "Relation Name": "comments", "Alias": "c", "Startup Cost": 0.29, "Total Cost": 44.69, "Plan Rows": 4, "Plan Width": 8, "Actual Rows": 396, "Actual Loops": 43, "Index Cond": "(userid = u.id)", "Rows Removed by Index Recheck": 0, "Filter": "((creationdate >= '2011-06-21 12:15:11'::timestamp without time zone) AND (creationdate <= '2013-01-01 22:13:16'::timestamp without time zone))", "Rows Removed by Filter": 800}]}, {"Node Type": "Index Only Scan", "Parent Relationship": "Inner", "Parallel Aware": false, "Async Capable": false, "Scan Direction": "Forward", "Index Name": "idx_postlinks_postid", "Relation Name": "postlinks", "Alias": "pl", "Startup Cost": 0.29, "Total Cost": 0.3, "Plan Rows": 1, "Plan Width": 4, "Actual Rows": 0, "Actual Loops": 17045, "Index Cond": "(postid = c.postid)", "Rows Removed by Index Recheck": 0, "Heap Fetches": 0}]}, {"Node Type": "Index Scan", "Parent Relationship": "Inner", "Parallel Aware": false, "Async Capable": false, "Scan Direction": "Forward", "Index Name": "posts_pkey", "Relation Name": "posts", "Alias": "p", "Startup Cost": 0.29, "Total Cost": 0.4, "Plan Rows": 1, "Plan Width": 4, "Actual Rows": 0, "Actual Loops": 3658, "Index Cond": "(id = c.postid)", "Rows Removed by Index Recheck": 0, "Filter": "((score >= 7) AND (score <= 44) AND (commentcount <= 25))", "Rows Removed by Filter": 1}]}, {"Node Type": "Index Scan", "Parent Relationship": "Inner", "Parallel Aware": false, "Async Capable": false, "Scan Direction": "Forward", "Index Name": "idx_posthistory_postid", "Relation Name": "posthistory", "Alias": "ph", "Startup Cost": 0.42, "Total Cost": 0.71, "Plan Rows": 1, "Plan Width": 4, "Actual Rows": 0, "Actual Loops": 845, "Index Cond": "(postid = c.postid)", "Rows Removed by Index Recheck": 0, "Filter": "((creationdate <= '2013-03-22 03:35:40'::timestamp without time zone) AND (posthistorytypeid = 16))", "Rows Removed by Filter": 7}]}]}]}]}, "Planning Time": 4.815, "Triggers": [], "Execution Time": 75.365}, {"Plan": {"Node Type": "Aggregate", "Strategy": "Plain", "Partial Mode": "Simple", "Parallel Aware": false, "Async Capable": false, "Startup Cost": 1293.88, "Total Cost": 1293.89, "Plan Rows": 1, "Plan Width": 8, "Actual Rows": 1, "Actual Loops": 1, "Plans": [{"Node Type": "Hash Join", "Parent Relationship": "Outer", "Parallel Aware": false, "Async Capable": false, "Join Type": "Inner", "Startup Cost": 1059.22, "Total Cost": 1293.88, "Plan Rows": 1, "Plan Width": 0, "Actual Rows": 368, "Actual Loops": 1, "Inner Unique": false, "Hash Cond": "(pl.postid = p.id)", "Plans": [{"Node Type": "Seq Scan", "Parent Relationship": "Outer", "Parallel Aware": false, "Async Capable": false, "Relation Name": "postlinks", "Alias": "pl", "Startup Cost": 0.0, "Total Cost": 193.02, "Plan Rows": 11102, "Plan Width": 4, "Actual Rows": 11102, "Actual Loops": 1}, {"Node Type": "Hash", "Parent Relationship": "Inner", "Parallel Aware": false, "Async Capable": false, "Startup Cost": 1059.2, "Total Cost": 1059.2, "Plan Rows": 1, "Plan Width": 12, "Actual Rows": 759, "Actual Loops": 1, "Hash Buckets": 1024, "Original Hash Buckets": 1024, "Hash Batches": 1, "Original Hash Batches": 1, "Peak Memory Usage": 41, "Plans": [{"Node Type": "Nested Loop", "Parent Relationship": "Outer", "Parallel Aware": false, "Async Capable": false, "Join Type": "Inner", "Startup Cost": 1.43, "Total Cost": 1059.2, "Plan Rows": 1, "Plan Width": 12, "Actual Rows": 759, "Actual Loops": 1, "Inner Unique": false, "Join Filter": "(p.id = ph.postid)", "Rows Removed by Join Filter": 0, "Plans": [{"Node Type": "Nested Loop", "Parent Relationship": "Outer", "Parallel Aware": false, "Async Capable": false, "Join Type": "Inner", "Startup Cost": 1.01, "Total Cost": 1058.48, "Plan Rows": 1, "Plan Width": 8, "Actual Rows": 10841, "Actual Loops": 1, "Inner Unique": true, "Plans": [{"Node Type": "Nested Loop", "Parent Relationship": "Outer", "Parallel Aware": false, "Async Capable": false, "Join Type": "Inner", "Startup Cost": 0.72, "Total Cost": 1057.69, "Plan Rows": 2, "Plan Width": 4, "Actual Rows": 62229, "Actual Loops": 1, "Inner Unique": false, "Join Filter": "(c.userid = u.id)", "Rows Removed by Join Filter": 0, "Plans": [{"Node Type": "Nested Loop", "Parent Relationship": "Outer", "Parallel Aware": false, "Async Capable": false, "Join Type": "Inner", "Startup Cost": 0.42, "Total Cost": 1052.89, "Plan Rows": 1, "Plan Width": 8, "Actual Rows": 74, "Actual Loops": 1, "Inner Unique": false, "Plans": [{"Node Type": "Seq Scan", "Parent Relationship": "Outer", "Parallel Aware": false, "Async Capable": false, "Relation Name": "users", "Alias": "u", "Startup Cost": 0.0, "Total Cost": 901.88, "Plan Rows": 6, "Plan Width": 4, "Actual Rows": 43, "Actual Loops": 1, "Filter": "((views >= 752) AND (creationdate <= '2011-07-23 08:47:23'::timestamp without time zone))", "Rows Removed by Filter": 40282}, {"Node Type": "Index Scan", "Parent Relationship": "Inner", "Parallel Aware": false, "Async Capable": false, "Scan Direction": "Forward", "Index Name": "idx_votes_userid", "Relation Name": "votes", "Alias": "v", "Startup Cost": 0.42, "Total Cost": 25.16, "Plan Rows": 1, "Plan Width": 4, "Actual Rows": 2, "Actual Loops": 43, "Index Cond": "(userid = u.id)", "Rows Removed by Index Recheck": 0, "Filter": "((bountyamount <= 280) AND (creationdate >= '2011-09-15 13:07:29'::timestamp without time zone) AND (creationdate <= '2014-08-13 20:10:21'::timestamp without time zone))", "Rows Removed by Filter": 64}]}, {"Node Type": "Index Scan", "Parent Relationship": "Inner", "Parallel Aware": false, "Async Capable": false, "Scan Direction": "Forward", "Index Name": "idx_comments_userid", "Relation Name": "comments", "Alias": "c", "Startup Cost": 0.29, "Total Cost": 4.76, "Plan Rows": 4, "Plan Width": 8, "Actual Rows": 841, "Actual Loops": 74, "Index Cond": "(userid = v.userid)", "Rows Removed by Index Recheck": 0, "Filter": "((creationdate >= '2011-06-21 12:15:11'::timestamp without time zone) AND (creationdate <= '2013-01-01 22:13:16'::timestamp without time zone))", "Rows Removed by Filter": 4346}]}, {"Node Type": "Index Scan", "Parent Relationship": "Inner", "Parallel Aware": false, "Async Capable": false, "Scan Direction": "Forward", "Index Name": "posts_pkey", "Relation Name": "posts", "Alias": "p", "Startup Cost": 0.29, "Total Cost": 0.4, "Plan Rows": 1, "Plan Width": 4, "Actual Rows": 0, "Actual Loops": 62229, "Index Cond": "(id = c.postid)", "Rows Removed by Index Recheck": 0, "Filter": "((score >= 7) AND (score <= 44) AND (commentcount <= 25))", "Rows Removed by Filter": 1}]}, {"Node Type": "Index Scan", "Parent Relationship": "Inner", "Parallel Aware": false, "Async Capable": false, "Scan Direction": "Forward", "Index Name": "idx_posthistory_postid", "Relation Name": "posthistory", "Alias": "ph", "Startup Cost": 0.42, "Total Cost": 0.71, "Plan Rows": 1, "Plan Width": 4, "Actual Rows": 0, "Actual Loops": 10841, "Index Cond": "(postid = c.postid)", "Rows Removed by Index Recheck": 0, "Filter": "((creationdate <= '2013-03-22 03:35:40'::timestamp without time zone) AND (posthistorytypeid = 16))", "Rows Removed by Filter": 5}]}]}]}]}, "Planning Time": 4.997, "Triggers": [], "Execution Time": 189.099}, {"Plan": {"Node Type": "Aggregate", "Strategy": "Plain", "Partial Mode": "Simple", "Parallel Aware": false, "Async Capable": false, "Startup Cost": 3540.08, "Total Cost": 3540.09, "Plan Rows": 1, "Plan Width": 8, "Actual Rows": 1, "Actual Loops": 1, "Plans": [{"Node Type": "Hash Join", "Parent Relationship": "Outer", "Parallel Aware": false, "Async Capable": false, "Join Type": "Inner", "Startup Cost": 1059.05, "Total Cost": 3540.08, "Plan Rows": 1, "Plan Width": 0, "Actual Rows": 368, "Actual Loops": 1, "Inner Unique": false, "Hash Cond": "(p.id = pl.postid)", "Plans": [{"Node Type": "Seq Scan", "Parent Relationship": "Outer", "Parallel Aware": false, "Async Capable": false, "Relation Name": "posts", "Alias": "p", "Startup Cost": 0.0, "Total Cost": 2449.58, "Plan Rows": 8382, "Plan Width": 4, "Actual Rows": 8376, "Actual Loops": 1, "Filter": "((score >= 7) AND (score <= 44) AND (commentcount <= 25))", "Rows Removed by Filter": 83600}, {"Node Type": "Hash", "Parent Relationship": "Inner", "Parallel Aware": false, "Async Capable": false, "Startup Cost": 1059.04, "Total Cost": 1059.04, "Plan Rows": 1, "Plan Width": 12, "Actual Rows": 428, "Actual Loops": 1, "Hash Buckets": 1024, "Original Hash Buckets": 1024, "Hash Batches": 1, "Original Hash Batches": 1, "Peak Memory Usage": 27, "Plans": [{"Node Type": "Nested Loop", "Parent Relationship": "Outer", "Parallel Aware": false, "Async Capable": false, "Join Type": "Inner", "Startup Cost": 1.42, "Total Cost": 1059.04, "Plan Rows": 1, "Plan Width": 12, "Actual Rows": 428, "Actual Loops": 1, "Inner Unique": false, "Join Filter": "(pl.postid = ph.postid)", "Rows Removed by Join Filter": 0, "Plans": [{"Node Type": "Nested Loop", "Parent Relationship": "Outer", "Parallel Aware": false, "Async Capable": false, "Join Type": "Inner", "Startup Cost": 1.0, "Total Cost": 1058.32, "Plan Rows": 1, "Plan Width": 8, "Actual Rows": 15454, "Actual Loops": 1, "Inner Unique": false, "Plans": [{"Node Type": "Nested Loop", "Parent Relationship": "Outer", "Parallel Aware": false, "Async Capable": false, "Join Type": "Inner", "Startup Cost": 0.72, "Total Cost": 1057.69, "Plan Rows": 2, "Plan Width": 4, "Actual Rows": 62229, "Actual Loops": 1, "Inner Unique": false, "Join Filter": "(c.userid = u.id)", "Rows Removed by Join Filter": 0, "Plans": [{"Node Type": "Nested Loop", "Parent Relationship": "Outer", "Parallel Aware": false, "Async Capable": false, "Join Type": "Inner", "Startup Cost": 0.42, "Total Cost": 1052.89, "Plan Rows": 1, "Plan Width": 8, "Actual Rows": 74, "Actual Loops": 1, "Inner Unique": false, "Plans": [{"Node Type": "Seq Scan", "Parent Relationship": "Outer", "Parallel Aware": false, "Async Capable": false, "Relation Name": "users", "Alias": "u", "Startup Cost": 0.0, "Total Cost": 901.88, "Plan Rows": 6, "Plan Width": 4, "Actual Rows": 43, "Actual Loops": 1, "Filter": "((views >= 752) AND (creationdate <= '2011-07-23 08:47:23'::timestamp without time zone))", "Rows Removed by Filter": 40282}, {"Node Type": "Index Scan", "Parent Relationship": "Inner", "Parallel Aware": false, "Async Capable": false, "Scan Direction": "Forward", "Index Name": "idx_votes_userid", "Relation Name": "votes", "Alias": "v", "Startup Cost": 0.42, "Total Cost": 25.16, "Plan Rows": 1, "Plan Width": 4, "Actual Rows": 2, "Actual Loops": 43, "Index Cond": "(userid = u.id)", "Rows Removed by Index Recheck": 0, "Filter": "((bountyamount <= 280) AND (creationdate >= '2011-09-15 13:07:29'::timestamp without time zone) AND (creationdate <= '2014-08-13 20:10:21'::timestamp without time zone))", "Rows Removed by Filter": 64}]}, {"Node Type": "Index Scan", "Parent Relationship": "Inner", "Parallel Aware": false, "Async Capable": false, "Scan Direction": "Forward", "Index Name": "idx_comments_userid", "Relation Name": "comments", "Alias": "c", "Startup Cost": 0.29, "Total Cost": 4.76, "Plan Rows": 4, "Plan Width": 8, "Actual Rows": 841, "Actual Loops": 74, "Index Cond": "(userid = v.userid)", "Rows Removed by Index Recheck": 0, "Filter": "((creationdate >= '2011-06-21 12:15:11'::timestamp without time zone) AND (creationdate <= '2013-01-01 22:13:16'::timestamp without time zone))", "Rows Removed by Filter": 4346}]}, {"Node Type": "Index Only Scan", "Parent Relationship": "Inner", "Parallel Aware": false, "Async Capable": false, "Scan Direction": "Forward", "Index Name": "idx_postlinks_postid", "Relation Name": "postlinks", "Alias": "pl", "Startup Cost": 0.29, "Total Cost": 0.3, "Plan Rows": 1, "Plan Width": 4, "Actual Rows": 0, "Actual Loops": 62229, "Index Cond": "(postid = c.postid)", "Rows Removed by Index Recheck": 0, "Heap Fetches": 0}]}, {"Node Type": "Index Scan", "Parent Relationship": "Inner", "Parallel Aware": false, "Async Capable": false, "Scan Direction": "Forward", "Index Name": "idx_posthistory_postid", "Relation Name": "posthistory", "Alias": "ph", "Startup Cost": 0.42, "Total Cost": 0.71, "Plan Rows": 1, "Plan Width": 4, "Actual Rows": 0, "Actual Loops": 15454, "Index Cond": "(postid = c.postid)", "Rows Removed by Index Recheck": 0, "Filter": "((creationdate <= '2013-03-22 03:35:40'::timestamp without time zone) AND (posthistorytypeid = 16))", "Rows Removed by Filter": 6}]}]}]}]}, "Planning Time": 5.204, "Triggers": [], "Execution Time": 183.806}, {"Plan": {"Node Type": "Aggregate", "Strategy": "Plain", "Partial Mode": "Simple", "Parallel Aware": false, "Async Capable": false, "Startup Cost": 5375.14, "Total Cost": 5375.15, "Plan Rows": 1, "Plan Width": 8, "Actual Rows": 1, "Actual Loops": 1, "Plans": [{"Node Type": "Nested Loop", "Parent Relationship": "Outer", "Parallel Aware": false, "Async Capable": false, "Join Type": "Inner", "Startup Cost": 2555.62, "Total Cost": 5375.14, "Plan Rows": 1, "Plan Width": 0, "Actual Rows": 368, "Actual Loops": 1, "Inner Unique": false, "Join Filter": "(c.userid = u.id)", "Rows Removed by Join Filter": 15024, "Plans": [{"Node Type": "Nested Loop", "Parent Relationship": "Outer", "Parallel Aware": false, "Async Capable": false, "Join Type": "Inner", "Startup Cost": 0.42, "Total Cost": 1052.89, "Plan Rows": 1, "Plan Width": 8, "Actual Rows": 74, "Actual Loops": 1, "Inner Unique": false, "Plans": [{"Node Type": "Seq Scan", "Parent Relationship": "Outer", "Parallel Aware": false, "Async Capable": false, "Relation Name": "users", "Alias": "u", "Startup Cost": 0.0, "Total Cost": 901.88, "Plan Rows": 6, "Plan Width": 4, "Actual Rows": 43, "Actual Loops": 1, "Filter": "((views >= 752) AND (creationdate <= '2011-07-23 08:47:23'::timestamp without time zone))", "Rows Removed by Filter": 40282}, {"Node Type": "Index Scan", "Parent Relationship": "Inner", "Parallel Aware": false, "Async Capable": false, "Scan Direction": "Forward", "Index Name": "idx_votes_userid", "Relation Name": "votes", "Alias": "v", "Startup Cost": 0.42, "Total Cost": 25.16, "Plan Rows": 1, "Plan Width": 4, "Actual Rows": 2, "Actual Loops": 43, "Index Cond": "(userid = u.id)", "Rows Removed by Index Recheck": 0, "Filter": "((bountyamount <= 280) AND (creationdate >= '2011-09-15 13:07:29'::timestamp without time zone) AND (creationdate <= '2014-08-13 20:10:21'::timestamp without time zone))", "Rows Removed by Filter": 64}]}, {"Node Type": "Nested Loop", "Parent Relationship": "Inner", "Parallel Aware": false, "Async Capable": false, "Join Type": "Inner", "Startup Cost": 2555.2, "Total Cost": 4322.17, "Plan Rows": 7, "Plan Width": 4, "Actual Rows": 208, "Actual Loops": 74, "Inner Unique": false, "Join Filter": "(c.postid = p.id)", "Rows Removed by Join Filter": 0, "Plans": [{"Node Type": "Nested Loop", "Parent Relationship": "Outer", "Parallel Aware": false, "Async Capable": false, "Join Type": "Inner", "Startup Cost": 2554.78, "Total Cost": 4310.16, "Plan Rows": 11, "Plan Width": 12, "Actual Rows": 83, "Actual Loops": 74, "Inner Unique": false, "Join Filter": "(p.id = ph.postid)", "Rows Removed by Join Filter": 0, "Plans": [{"Node Type": "Hash Join", "Parent Relationship": "Outer", "Parallel Aware": false, "Async Capable": false, "Join Type": "Inner", "Startup Cost": 2554.36, "Total Cost": 2776.52, "Plan Rows": 1012, "Plan Width": 8, "Actual Rows": 1586, "Actual Loops": 74, "Inner Unique": true, "Hash Cond": "(pl.postid = p.id)", "Plans": [{"Node Type": "Seq Scan", "Parent Relationship": "Outer", "Parallel Aware": false, "Async Capable": false, "Relation Name": "postlinks", "Alias": "pl", "Startup Cost": 0.0, "Total Cost": 193.02, "Plan Rows": 11102, "Plan Width": 4, "Actual Rows": 11102, "Actual Loops": 74}, {"Node Type": "Hash", "Parent Relationship": "Inner", "Parallel Aware": false, "Async Capable": false, "Startup Cost": 2449.58, "Total Cost": 2449.58, "Plan Rows": 8382, "Plan Width": 4, "Actual Rows": 8376, "Actual Loops": 1, "Hash Buckets": 16384, "Original Hash Buckets": 16384, "Hash Batches": 1, "Original Hash Batches": 1, "Peak Memory Usage": 423, "Plans": [{"Node Type": "Seq Scan", "Parent Relationship": "Outer", "Parallel Aware": false, "Async Capable": false, "Relation Name": "posts", "Alias": "p", "Startup Cost": 0.0, "Total Cost": 2449.58, "Plan Rows": 8382, "Plan Width": 4, "Actual Rows": 8376, "Actual Loops": 1, "Filter": "((score >= 7) AND (score <= 44) AND (commentcount <= 25))", "Rows Removed by Filter": 83600}]}]}, {"Node Type": "Index Scan", "Parent Relationship": "Inner", "Parallel Aware": false, "Async Capable": false, "Scan Direction": "Forward", "Index Name": "idx_posthistory_postid", "Relation Name": "posthistory", "Alias": "ph", "Startup Cost": 0.42, "Total Cost": 1.5, "Plan Rows": 1, "Plan Width": 4, "Actual Rows": 0, "Actual Loops": 117364, "Index Cond": "(postid = pl.postid)", "Rows Removed by Index Recheck": 0, "Filter": "((creationdate <= '2013-03-22 03:35:40'::timestamp without time zone) AND (posthistorytypeid = 16))", "Rows Removed by Filter": 7}]}, {"Node Type": "Index Scan", "Parent Relationship": "Inner", "Parallel Aware": false, "Async Capable": false, "Scan Direction": "Forward", "Index Name": "idx_comments_postid", "Relation Name": "comments", "Alias": "c", "Startup Cost": 0.42, "Total Cost": 1.08, "Plan Rows": 1, "Plan Width": 8, "Actual Rows": 3, "Actual Loops": 6142, "Index Cond": "(postid = pl.postid)", "Rows Removed by Index Recheck": 0, "Filter": "((creationdate >= '2011-06-21 12:15:11'::timestamp without time zone) AND (creationdate <= '2013-01-01 22:13:16'::timestamp without time zone))", "Rows Removed by Filter": 2}]}]}]}, "Planning Time": 4.936, "Triggers": [], "Execution Time": 394.077}, {"Plan": {"Node Type": "Aggregate", "Strategy": "Plain", "Partial Mode": "Simple", "Parallel Aware": false, "Async Capable": false, "Startup Cost": 1175.17, "Total Cost": 1175.18, "Plan Rows": 1, "Plan Width": 8, "Actual Rows": 1, "Actual Loops": 1, "Plans": [{"Node Type": "Nested Loop", "Parent Relationship": "Outer", "Parallel Aware": false, "Async Capable": false, "Join Type": "Inner", "Startup Cost": 1.72, "Total Cost": 1175.17, "Plan Rows": 1, "Plan Width": 0, "Actual Rows": 368, "Actual Loops": 1, "Inner Unique": false, "Join Filter": "(v.userid = u.id)", "Rows Removed by Join Filter": 0, "Plans": [{"Node Type": "Nested Loop", "Parent Relationship": "Outer", "Parallel Aware": false, "Async Capable": false, "Join Type": "Inner", "Startup Cost": 1.29, "Total Cost": 1174.34, "Plan Rows": 1, "Plan Width": 8, "Actual Rows": 77, "Actual Loops": 1, "Inner Unique": false, "Join Filter": "(p.id = ph.postid)", "Rows Removed by Join Filter": 0, "Plans": [{"Node Type": "Nested Loop", "Parent Relationship": "Outer", "Parallel Aware": false, "Async Capable": false, "Join Type": "Inner", "Startup Cost": 0.87, "Total Cost": 1173.61, "Plan Rows": 1, "Plan Width": 20, "Actual Rows": 845, "Actual Loops": 1, "Inner Unique": true, "Join Filter": "(p.id = pl.postid)", "Rows Removed by Join Filter": 0, "Plans": [{"Node Type": "Nested Loop", "Parent Relationship": "Outer", "Parallel Aware": false, "Async Capable": false, "Join Type": "Inner", "Startup Cost": 0.58, "Total Cost": 1172.8, "Plan Rows": 2, "Plan Width": 16, "Actual Rows": 3658, "Actual Loops": 1, "Inner Unique": false, "Plans": [{"Node Type": "Nested Loop", "Parent Relationship": "Outer", "Parallel Aware": false, "Async Capable": false, "Join Type": "Inner", "Startup Cost": 0.29, "Total Cost": 1170.28, "Plan Rows": 8, "Plan Width": 12, "Actual Rows": 17045, "Actual Loops": 1, "Inner Unique": false, "Plans": [{"Node Type": "Seq Scan", "Parent Relationship": "Outer", "Parallel Aware": false, "Async Capable": false, "Relation Name": "users", "Alias": "u", "Startup Cost": 0.0, "Total Cost": 901.88, "Plan Rows": 6, "Plan Width": 4, "Actual Rows": 43, "Actual Loops": 1, "Filter": "((views >= 752) AND (creationdate <= '2011-07-23 08:47:23'::timestamp without time zone))", "Rows Removed by Filter": 40282}, {"Node Type": "Index Scan", "Parent Relationship": "Inner", "Parallel Aware": false, "Async Capable": false, "Scan Direction": "Forward", "Index Name": "idx_comments_userid", "Relation Name": "comments", "Alias": "c", "Startup Cost": 0.29, "Total Cost": 44.69, "Plan Rows": 4, "Plan Width": 8, "Actual Rows": 396, "Actual Loops": 43, "Index Cond": "(userid = u.id)", "Rows Removed by Index Recheck": 0, "Filter": "((creationdate >= '2011-06-21 12:15:11'::timestamp without time zone) AND (creationdate <= '2013-01-01 22:13:16'::timestamp without time zone))", "Rows Removed by Filter": 800}]}, {"Node Type": "Index Only Scan", "Parent Relationship": "Inner", "Parallel Aware": false, "Async Capable": false, "Scan Direction": "Forward", "Index Name": "idx_postlinks_postid", "Relation Name": "postlinks", "Alias": "pl", "Startup Cost": 0.29, "Total Cost": 0.3, "Plan Rows": 1, "Plan Width": 4, "Actual Rows": 0, "Actual Loops": 17045, "Index Cond": "(postid = c.postid)", "Rows Removed by Index Recheck": 0, "Heap Fetches": 0}]}, {"Node Type": "Index Scan", "Parent Relationship": "Inner", "Parallel Aware": false, "Async Capable": false, "Scan Direction": "Forward", "Index Name": "posts_pkey", "Relation Name": "posts", "Alias": "p", "Startup Cost": 0.29, "Total Cost": 0.4, "Plan Rows": 1, "Plan Width": 4, "Actual Rows": 0, "Actual Loops": 3658, "Index Cond": "(id = c.postid)", "Rows Removed by Index Recheck": 0, "Filter": "((score >= 7) AND (score <= 44) AND (commentcount <= 25))", "Rows Removed by Filter": 1}]}, {"Node Type": "Index Scan", "Parent Relationship": "Inner", "Parallel Aware": false, "Async Capable": false, "Scan Direction": "Forward", "Index Name": "idx_posthistory_postid", "Relation Name": "posthistory", "Alias": "ph", "Startup Cost": 0.42, "Total Cost": 0.71, "Plan Rows": 1, "Plan Width": 4, "Actual Rows": 0, "Actual Loops": 845, "Index Cond": "(postid = c.postid)", "Rows Removed by Index Recheck": 0, "Filter": "((creationdate <= '2013-03-22 03:35:40'::timestamp without time zone) AND (posthistorytypeid = 16))", "Rows Removed by Filter": 7}]}, {"Node Type": "Index Scan", "Parent Relationship": "Inner", "Parallel Aware": false, "Async Capable": false, "Scan Direction": "Forward", "Index Name": "idx_votes_userid", "Relation Name": "votes", "Alias": "v", "Startup Cost": 0.42, "Total Cost": 0.82, "Plan Rows": 1, "Plan Width": 4, "Actual Rows": 5, "Actual Loops": 77, "Index Cond": "(userid = c.userid)", "Rows Removed by Index Recheck": 0, "Filter": "((bountyamount <= 280) AND (creationdate >= '2011-09-15 13:07:29'::timestamp without time zone) AND (creationdate <= '2014-08-13 20:10:21'::timestamp without time zone))", "Rows Removed by Filter": 121}]}]}, "Planning Time": 4.879, "Triggers": [], "Execution Time": 65.597}, {"Plan": {"Node Type": "Aggregate", "Strategy": "Plain", "Partial Mode": "Simple", "Parallel Aware": false, "Async Capable": false, "Startup Cost": 5230.05, "Total Cost": 5230.06, "Plan Rows": 1, "Plan Width": 8, "Actual Rows": 1, "Actual Loops": 1, "Plans": [{"Node Type": "Nested Loop", "Parent Relationship": "Outer", "Parallel Aware": false, "Async Capable": false, "Join Type": "Inner", "Startup Cost": 2555.62, "Total Cost": 5230.05, "Plan Rows": 1, "Plan Width": 0, "Actual Rows": 368, "Actual Loops": 1, "Inner Unique": false, "Join Filter": "(c.userid = u.id)", "Rows Removed by Join Filter": 24787, "Plans": [{"Node Type": "Seq Scan", "Parent Relationship": "Outer", "Parallel Aware": false, "Async Capable": false, "Relation Name": "users", "Alias": "u", "Startup Cost": 0.0, "Total Cost": 901.88, "Plan Rows": 6, "Plan Width": 4, "Actual Rows": 43, "Actual Loops": 1, "Filter": "((views >= 752) AND (creationdate <= '2011-07-23 08:47:23'::timestamp without time zone))", "Rows Removed by Filter": 40282}, {"Node Type": "Materialize", "Parent Relationship": "Inner", "Parallel Aware": false, "Async Capable": false, "Startup Cost": 2555.62, "Total Cost": 4328.0, "Plan Rows": 2, "Plan Width": 8, "Actual Rows": 585, "Actual Loops": 43, "Plans": [{"Node Type": "Nested Loop", "Parent Relationship": "Outer", "Parallel Aware": false, "Async Capable": false, "Join Type": "Inner", "Startup Cost": 2555.62, "Total Cost": 4327.99, "Plan Rows": 2, "Plan Width": 8, "Actual Rows": 585, "Actual Loops": 1, "Inner Unique": false, "Plans": [{"Node Type": "Nested Loop", "Parent Relationship": "Outer", "Parallel Aware": false, "Async Capable": false, "Join Type": "Inner", "Startup Cost": 2555.2, "Total Cost": 4322.17, "Plan Rows": 7, "Plan Width": 4, "Actual Rows": 208, "Actual Loops": 1, "Inner Unique": false, "Join Filter": "(c.postid = p.id)", "Rows Removed by Join Filter": 0, "Plans": [{"Node Type": "Nested Loop", "Parent Relationship": "Outer", "Parallel Aware": false, "Async Capable": false, "Join Type": "Inner", "Startup Cost": 2554.78, "Total Cost": 4310.16, "Plan Rows": 11, "Plan Width": 12, "Actual Rows": 83, "Actual Loops": 1, "Inner Unique": false, "Join Filter": "(p.id = ph.postid)", "Rows Removed by Join Filter": 0, "Plans": [{"Node Type": "Hash Join", "Parent Relationship": "Outer", "Parallel Aware": false, "Async Capable": false, "Join Type": "Inner", "Startup Cost": 2554.36, "Total Cost": 2776.52, "Plan Rows": 1012, "Plan Width": 8, "Actual Rows": 1586, "Actual Loops": 1, "Inner Unique": true, "Hash Cond": "(pl.postid = p.id)", "Plans": [{"Node Type": "Seq Scan", "Parent Relationship": "Outer", "Parallel Aware": false, "Async Capable": false, "Relation Name": "postlinks", "Alias": "pl", "Startup Cost": 0.0, "Total Cost": 193.02, "Plan Rows": 11102, "Plan Width": 4, "Actual Rows": 11102, "Actual Loops": 1}, {"Node Type": "Hash", "Parent Relationship": "Inner", "Parallel Aware": false, "Async Capable": false, "Startup Cost": 2449.58, "Total Cost": 2449.58, "Plan Rows": 8382, "Plan Width": 4, "Actual Rows": 8376, "Actual Loops": 1, "Hash Buckets": 16384, "Original Hash Buckets": 16384, "Hash Batches": 1, "Original Hash Batches": 1, "Peak Memory Usage": 423, "Plans": [{"Node Type": "Seq Scan", "Parent Relationship": "Outer", "Parallel Aware": false, "Async Capable": false, "Relation Name": "posts", "Alias": "p", "Startup Cost": 0.0, "Total Cost": 2449.58, "Plan Rows": 8382, "Plan Width": 4, "Actual Rows": 8376, "Actual Loops": 1, "Filter": "((score >= 7) AND (score <= 44) AND (commentcount <= 25))", "Rows Removed by Filter": 83600}]}]}, {"Node Type": "Index Scan", "Parent Relationship": "Inner", "Parallel Aware": false, "Async Capable": false, "Scan Direction": "Forward", "Index Name": "idx_posthistory_postid", "Relation Name": "posthistory", "Alias": "ph", "Startup Cost": 0.42, "Total Cost": 1.5, "Plan Rows": 1, "Plan Width": 4, "Actual Rows": 0, "Actual Loops": 1586, "Index Cond": "(postid = pl.postid)", "Rows Removed by Index Recheck": 0, "Filter": "((creationdate <= '2013-03-22 03:35:40'::timestamp without time zone) AND (posthistorytypeid = 16))", "Rows Removed by Filter": 7}]}, {"Node Type": "Index Scan", "Parent Relationship": "Inner", "Parallel Aware": false, "Async Capable": false, "Scan Direction": "Forward", "Index Name": "idx_comments_postid", "Relation Name": "comments", "Alias": "c", "Startup Cost": 0.42, "Total Cost": 1.08, "Plan Rows": 1, "Plan Width": 8, "Actual Rows": 3, "Actual Loops": 83, "Index Cond": "(postid = pl.postid)", "Rows Removed by Index Recheck": 0, "Filter": "((creationdate >= '2011-06-21 12:15:11'::timestamp without time zone) AND (creationdate <= '2013-01-01 22:13:16'::timestamp without time zone))", "Rows Removed by Filter": 2}]}, {"Node Type": "Index Scan", "Parent Relationship": "Inner", "Parallel Aware": false, "Async Capable": false, "Scan Direction": "Forward", "Index Name": "idx_votes_userid", "Relation Name": "votes", "Alias": "v", "Startup Cost": 0.42, "Total Cost": 0.82, "Plan Rows": 1, "Plan Width": 4, "Actual Rows": 3, "Actual Loops": 208, "Index Cond": "(userid = c.userid)", "Rows Removed by Index Recheck": 0, "Filter": "((bountyamount <= 280) AND (creationdate >= '2011-09-15 13:07:29'::timestamp without time zone) AND (creationdate <= '2014-08-13 20:10:21'::timestamp without time zone))", "Rows Removed by Filter": 93}]}]}]}]}, "Planning Time": 4.518, "Triggers": [], "Execution Time": 57.354}, {"Plan": {"Node Type": "Aggregate", "Strategy": "Plain", "Partial Mode": "Simple", "Parallel Aware": false, "Async Capable": false, "Startup Cost": 7247.42, "Total Cost": 7247.43, "Plan Rows": 1, "Plan Width": 8, "Plans": [{"Node Type": "Nested Loop", "Parent Relationship": "Outer", "Parallel Aware": false, "Async Capable": false, "Join Type": "Inner", "Startup Cost": 1001.29, "Total Cost": 7247.42, "Plan Rows": 1, "Plan Width": 0, "Inner Unique": false, "Join Filter": "(p.id = pl.postid)", "Plans": [{"Node Type": "Nested Loop", "Parent Relationship": "Outer", "Parallel Aware": false, "Async Capable": false, "Join Type": "Inner", "Startup Cost": 1.01, "Total Cost": 1058.48, "Plan Rows": 1, "Plan Width": 8, "Inner Unique": true, "Plans": [{"Node Type": "Nested Loop", "Parent Relationship": "Outer", "Parallel Aware": false, "Async Capable": false, "Join Type": "Inner", "Startup Cost": 0.72, "Total Cost": 1057.69, "Plan Rows": 2, "Plan Width": 4, "Inner Unique": false, "Join Filter": "(c.userid = u.id)", "Plans": [{"Node Type": "Nested Loop", "Parent Relationship": "Outer", "Parallel Aware": false, "Async Capable": false, "Join Type": "Inner", "Startup Cost": 0.42, "Total Cost": 1052.89, "Plan Rows": 1, "Plan Width": 8, "Inner Unique": false, "Plans": [{"Node Type": "Seq Scan", "Parent Relationship": "Outer", "Parallel Aware": false, "Async Capable": false, "Relation Name": "users", "Alias": "u", "Startup Cost": 0.0, "Total Cost": 901.88, "Plan Rows": 6, "Plan Width": 4, "Filter": "((views >= 752) AND (creationdate <= '2011-07-23 08:47:23'::timestamp without time zone))"}, {"Node Type": "Index Scan", "Parent Relationship": "Inner", "Parallel Aware": false, "Async Capable": false, "Scan Direction": "Forward", "Index Name": "idx_votes_userid", "Relation Name": "votes", "Alias": "v", "Startup Cost": 0.42, "Total Cost": 25.16, "Plan Rows": 1, "Plan Width": 4, "Index Cond": "(userid = u.id)", "Filter": "((bountyamount <= 280) AND (creationdate >= '2011-09-15 13:07:29'::timestamp without time zone) AND (creationdate <= '2014-08-13 20:10:21'::timestamp without time zone))"}]}, {"Node Type": "Index Scan", "Parent Relationship": "Inner", "Parallel Aware": false, "Async Capable": false, "Scan Direction": "Forward", "Index Name": "idx_comments_userid", "Relation Name": "comments", "Alias": "c", "Startup Cost": 0.29, "Total Cost": 4.76, "Plan Rows": 4, "Plan Width": 8, "Index Cond": "(userid = v.userid)", "Filter": "((creationdate >= '2011-06-21 12:15:11'::timestamp without time zone) AND (creationdate <= '2013-01-01 22:13:16'::timestamp without time zone))"}]}, {"Node Type": "Index Scan", "Parent Relationship": "Inner", "Parallel Aware": false, "Async Capable": false, "Scan Direction": "Forward", "Index Name": "posts_pkey", "Relation Name": "posts", "Alias": "p", "Startup Cost": 0.29, "Total Cost": 0.4, "Plan Rows": 1, "Plan Width": 4, "Index Cond": "(id = c.postid)", "Filter": "((score >= 7) AND (score <= 44) AND (commentcount <= 25))"}]}, {"Node Type": "Gather", "Parent Relationship": "Inner", "Parallel Aware": false, "Async Capable": false, "Startup Cost": 1000.28, "Total Cost": 6187.11, "Plan Rows": 146, "Plan Width": 8, "Workers Planned": 1, "Single Copy": false, "Plans": [{"Node Type": "Nested Loop", "Parent Relationship": "Outer", "Parallel Aware": false, "Async Capable": false, "Join Type": "Inner", "Startup Cost": 0.29, "Total Cost": 5172.51, "Plan Rows": 86, "Plan Width": 8, "Inner Unique": false, "Plans": [{"Node Type": "Seq Scan", "Parent Relationship": "Outer", "Parallel Aware": true, "Async Capable": false, "Relation Name": "posthistory", "Alias": "ph", "Startup Cost": 0.0, "Total Cost": 4915.18, "Plan Rows": 605, "Plan Width": 4, "Filter": "((creationdate <= '2013-03-22 03:35:40'::timestamp without time zone) AND (posthistorytypeid = 16))"}, {"Node Type": "Index Only Scan", "Parent Relationship": "Inner", "Parallel Aware": false, "Async Capable": false, "Scan Direction": "Forward", "Index Name": "idx_postlinks_postid", "Relation Name": "postlinks", "Alias": "pl", "Startup Cost": 0.29, "Total Cost": 0.42, "Plan Rows": 1, "Plan Width": 4, "Index Cond": "(postid = ph.postid)"}]}]}]}]}}, {"Plan": {"Node Type": "Aggregate", "Strategy": "Plain", "Partial Mode": "Simple", "Parallel Aware": false, "Async Capable": false, "Startup Cost": 4328.69, "Total Cost": 4328.7, "Plan Rows": 1, "Plan Width": 8, "Actual Rows": 1, "Actual Loops": 1, "Plans": [{"Node Type": "Nested Loop", "Parent Relationship": "Outer", "Parallel Aware": false, "Async Capable": false, "Join Type": "Inner", "Startup Cost": 2555.91, "Total Cost": 4328.69, "Plan Rows": 1, "Plan Width": 0, "Actual Rows": 368, "Actual Loops": 1, "Inner Unique": true, "Plans": [{"Node Type": "Nested Loop", "Parent Relationship": "Outer", "Parallel Aware": false, "Async Capable": false, "Join Type": "Inner", "Startup Cost": 2555.62, "Total Cost": 4327.99, "Plan Rows": 2, "Plan Width": 8, "Actual Rows": 585, "Actual Loops": 1, "Inner Unique": false, "Plans": [{"Node Type": "Nested Loop", "Parent Relationship": "Outer", "Parallel Aware": false, "Async Capable": false, "Join Type": "Inner", "Startup Cost": 2555.2, "Total Cost": 4322.17, "Plan Rows": 7, "Plan Width": 4, "Actual Rows": 208, "Actual Loops": 1, "Inner Unique": false, "Join Filter": "(c.postid = p.id)", "Rows Removed by Join Filter": 0, "Plans": [{"Node Type": "Nested Loop", "Parent Relationship": "Outer", "Parallel Aware": false, "Async Capable": false, "Join Type": "Inner", "Startup Cost": 2554.78, "Total Cost": 4310.16, "Plan Rows": 11, "Plan Width": 12, "Actual Rows": 83, "Actual Loops": 1, "Inner Unique": false, "Join Filter": "(p.id = ph.postid)", "Rows Removed by Join Filter": 0, "Plans": [{"Node Type": "Hash Join", "Parent Relationship": "Outer", "Parallel Aware": false, "Async Capable": false, "Join Type": "Inner", "Startup Cost": 2554.36, "Total Cost": 2776.52, "Plan Rows": 1012, "Plan Width": 8, "Actual Rows": 1586, "Actual Loops": 1, "Inner Unique": true, "Hash Cond": "(pl.postid = p.id)", "Plans": [{"Node Type": "Seq Scan", "Parent Relationship": "Outer", "Parallel Aware": false, "Async Capable": false, "Relation Name": "postlinks", "Alias": "pl", "Startup Cost": 0.0, "Total Cost": 193.02, "Plan Rows": 11102, "Plan Width": 4, "Actual Rows": 11102, "Actual Loops": 1}, {"Node Type": "Hash", "Parent Relationship": "Inner", "Parallel Aware": false, "Async Capable": false, "Startup Cost": 2449.58, "Total Cost": 2449.58, "Plan Rows": 8382, "Plan Width": 4, "Actual Rows": 8376, "Actual Loops": 1, "Hash Buckets": 16384, "Original Hash Buckets": 16384, "Hash Batches": 1, "Original Hash Batches": 1, "Peak Memory Usage": 423, "Plans": [{"Node Type": "Seq Scan", "Parent Relationship": "Outer", "Parallel Aware": false, "Async Capable": false, "Relation Name": "posts", "Alias": "p", "Startup Cost": 0.0, "Total Cost": 2449.58, "Plan Rows": 8382, "Plan Width": 4, "Actual Rows": 8376, "Actual Loops": 1, "Filter": "((score >= 7) AND (score <= 44) AND (commentcount <= 25))", "Rows Removed by Filter": 83600}]}]}, {"Node Type": "Index Scan", "Parent Relationship": "Inner", "Parallel Aware": false, "Async Capable": false, "Scan Direction": "Forward", "Index Name": "idx_posthistory_postid", "Relation Name": "posthistory", "Alias": "ph", "Startup Cost": 0.42, "Total Cost": 1.5, "Plan Rows": 1, "Plan Width": 4, "Actual Rows": 0, "Actual Loops": 1586, "Index Cond": "(postid = pl.postid)", "Rows Removed by Index Recheck": 0, "Filter": "((creationdate <= '2013-03-22 03:35:40'::timestamp without time zone) AND (posthistorytypeid = 16))", "Rows Removed by Filter": 7}]}, {"Node Type": "Index Scan", "Parent Relationship": "Inner", "Parallel Aware": false, "Async Capable": false, "Scan Direction": "Forward", "Index Name": "idx_comments_postid", "Relation Name": "comments", "Alias": "c", "Startup Cost": 0.42, "Total Cost": 1.08, "Plan Rows": 1, "Plan Width": 8, "Actual Rows": 3, "Actual Loops": 83, "Index Cond": "(postid = pl.postid)", "Rows Removed by Index Recheck": 0, "Filter": "((creationdate >= '2011-06-21 12:15:11'::timestamp without time zone) AND (creationdate <= '2013-01-01 22:13:16'::timestamp without time zone))", "Rows Removed by Filter": 2}]}, {"Node Type": "Index Scan", "Parent Relationship": "Inner", "Parallel Aware": false, "Async Capable": false, "Scan Direction": "Forward", "Index Name": "idx_votes_userid", "Relation Name": "votes", "Alias": "v", "Startup Cost": 0.42, "Total Cost": 0.82, "Plan Rows": 1, "Plan Width": 4, "Actual Rows": 3, "Actual Loops": 208, "Index Cond": "(userid = c.userid)", "Rows Removed by Index Recheck": 0, "Filter": "((bountyamount <= 280) AND (creationdate >= '2011-09-15 13:07:29'::timestamp without time zone) AND (creationdate <= '2014-08-13 20:10:21'::timestamp without time zone))", "Rows Removed by Filter": 93}]}, {"Node Type": "Index Scan", "Parent Relationship": "Inner", "Parallel Aware": false, "Async Capable": false, "Scan Direction": "Forward", "Index Name": "users_pkey", "Relation Name": "users", "Alias": "u", "Startup Cost": 0.29, "Total Cost": 0.34, "Plan Rows": 1, "Plan Width": 4, "Actual Rows": 1, "Actual Loops": 585, "Index Cond": "(id = c.userid)", "Rows Removed by Index Recheck": 0, "Filter": "((views >= 752) AND (creationdate <= '2011-07-23 08:47:23'::timestamp without time zone))", "Rows Removed by Filter": 0}]}]}, "Planning Time": 3.861, "Triggers": [], "Execution Time": 51.983}, {"Plan": {"Node Type": "Aggregate", "Strategy": "Plain", "Partial Mode": "Simple", "Parallel Aware": false, "Async Capable": false, "Startup Cost": 3850.83, "Total Cost": 3850.84, "Plan Rows": 1, "Plan Width": 8, "Actual Rows": 1, "Actual Loops": 1, "Plans": [{"Node Type": "Nested Loop", "Parent Relationship": "Outer", "Parallel Aware": false, "Async Capable": false, "Join Type": "Inner", "Startup Cost": 2555.49, "Total Cost": 3850.83, "Plan Rows": 1, "Plan Width": 0, "Actual Rows": 368, "Actual Loops": 1, "Inner Unique": false, "Join Filter": "(p.id = ph.postid)", "Rows Removed by Join Filter": 2221618, "Plans": [{"Node Type": "Hash Join", "Parent Relationship": "Outer", "Parallel Aware": false, "Async Capable": false, "Join Type": "Inner", "Startup Cost": 2554.36, "Total Cost": 2776.52, "Plan Rows": 1012, "Plan Width": 8, "Actual Rows": 1586, "Actual Loops": 1, "Inner Unique": true, "Hash Cond": "(pl.postid = p.id)", "Plans": [{"Node Type": "Seq Scan", "Parent Relationship": "Outer", "Parallel Aware": false, "Async Capable": false, "Relation Name": "postlinks", "Alias": "pl", "Startup Cost": 0.0, "Total Cost": 193.02, "Plan Rows": 11102, "Plan Width": 4, "Actual Rows": 11102, "Actual Loops": 1}, {"Node Type": "Hash", "Parent Relationship": "Inner", "Parallel Aware": false, "Async Capable": false, "Startup Cost": 2449.58, "Total Cost": 2449.58, "Plan Rows": 8382, "Plan Width": 4, "Actual Rows": 8376, "Actual Loops": 1, "Hash Buckets": 16384, "Original Hash Buckets": 16384, "Hash Batches": 1, "Original Hash Batches": 1, "Peak Memory Usage": 423, "Plans": [{"Node Type": "Seq Scan", "Parent Relationship": "Outer", "Parallel Aware": false, "Async Capable": false, "Relation Name": "posts", "Alias": "p", "Startup Cost": 0.0, "Total Cost": 2449.58, "Plan Rows": 8382, "Plan Width": 4, "Actual Rows": 8376, "Actual Loops": 1, "Filter": "((score >= 7) AND (score <= 44) AND (commentcount <= 25))", "Rows Removed by Filter": 83600}]}]}, {"Node Type": "Materialize", "Parent Relationship": "Inner", "Parallel Aware": false, "Async Capable": false, "Startup Cost": 1.14, "Total Cost": 1059.13, "Plan Rows": 1, "Plan Width": 8, "Actual Rows": 1401, "Actual Loops": 1586, "Plans": [{"Node Type": "Nested Loop", "Parent Relationship": "Outer", "Parallel Aware": false, "Async Capable": false, "Join Type": "Inner", "Startup Cost": 1.14, "Total Cost": 1059.13, "Plan Rows": 1, "Plan Width": 8, "Actual Rows": 1401, "Actual Loops": 1, "Inner Unique": false, "Plans": [{"Node Type": "Nested Loop", "Parent Relationship": "Outer", "Parallel Aware": false, "Async Capable": false, "Join Type": "Inner", "Startup Cost": 0.72, "Total Cost": 1057.69, "Plan Rows": 2, "Plan Width": 4, "Actual Rows": 62229, "Actual Loops": 1, "Inner Unique": false, "Join Filter": "(c.userid = u.id)", "Rows Removed by Join Filter": 0, "Plans": [{"Node Type": "Nested Loop", "Parent Relationship": "Outer", "Parallel Aware": false, "Async Capable": false, "Join Type": "Inner", "Startup Cost": 0.42, "Total Cost": 1052.89, "Plan Rows": 1, "Plan Width": 8, "Actual Rows": 74, "Actual Loops": 1, "Inner Unique": false, "Plans": [{"Node Type": "Seq Scan", "Parent Relationship": "Outer", "Parallel Aware": false, "Async Capable": false, "Relation Name": "users", "Alias": "u", "Startup Cost": 0.0, "Total Cost": 901.88, "Plan Rows": 6, "Plan Width": 4, "Actual Rows": 43, "Actual Loops": 1, "Filter": "((views >= 752) AND (creationdate <= '2011-07-23 08:47:23'::timestamp without time zone))", "Rows Removed by Filter": 40282}, {"Node Type": "Index Scan", "Parent Relationship": "Inner", "Parallel Aware": false, "Async Capable": false, "Scan Direction": "Forward", "Index Name": "idx_votes_userid", "Relation Name": "votes", "Alias": "v", "Startup Cost": 0.42, "Total Cost": 25.16, "Plan Rows": 1, "Plan Width": 4, "Actual Rows": 2, "Actual Loops": 43, "Index Cond": "(userid = u.id)", "Rows Removed by Index Recheck": 0, "Filter": "((bountyamount <= 280) AND (creationdate >= '2011-09-15 13:07:29'::timestamp without time zone) AND (creationdate <= '2014-08-13 20:10:21'::timestamp without time zone))", "Rows Removed by Filter": 64}]}, {"Node Type": "Index Scan", "Parent Relationship": "Inner", "Parallel Aware": false, "Async Capable": false, "Scan Direction": "Forward", "Index Name": "idx_comments_userid", "Relation Name": "comments", "Alias": "c", "Startup Cost": 0.29, "Total Cost": 4.76, "Plan Rows": 4, "Plan Width": 8, "Actual Rows": 841, "Actual Loops": 74, "Index Cond": "(userid = v.userid)", "Rows Removed by Index Recheck": 0, "Filter": "((creationdate >= '2011-06-21 12:15:11'::timestamp without time zone) AND (creationdate <= '2013-01-01 22:13:16'::timestamp without time zone))", "Rows Removed by Filter": 4346}]}, {"Node Type": "Index Scan", "Parent Relationship": "Inner", "Parallel Aware": false, "Async Capable": false, "Scan Direction": "Forward", "Index Name": "idx_posthistory_postid", "Relation Name": "posthistory", "Alias": "ph", "Startup Cost": 0.42, "Total Cost": 0.71, "Plan Rows": 1, "Plan Width": 4, "Actual Rows": 0, "Actual Loops": 62229, "Index Cond": "(postid = c.postid)", "Rows Removed by Index Recheck": 0, "Filter": "((creationdate <= '2013-03-22 03:35:40'::timestamp without time zone) AND (posthistorytypeid = 16))", "Rows Removed by Filter": 4}]}]}]}]}, "Planning Time": 5.243, "Triggers": [], "Execution Time": 358.294}, {"Plan": {"Node Type": "Aggregate", "Strategy": "Plain", "Partial Mode": "Simple", "Parallel Aware": false, "Async Capable": false, "Startup Cost": 2393.43, "Total Cost": 2393.44, "Plan Rows": 1, "Plan Width": 8, "Actual Rows": 1, "Actual Loops": 1, "Plans": [{"Node Type": "Nested Loop", "Parent Relationship": "Outer", "Parallel Aware": false, "Async Capable": false, "Join Type": "Inner", "Startup Cost": 903.67, "Total Cost": 2393.43, "Plan Rows": 1, "Plan Width": 0, "Actual Rows": 368, "Actual Loops": 1, "Inner Unique": false, "Join Filter": "(p.id = pl.postid)", "Rows Removed by Join Filter": 0, "Plans": [{"Node Type": "Nested Loop", "Parent Relationship": "Outer", "Parallel Aware": false, "Async Capable": false, "Join Type": "Inner", "Startup Cost": 903.39, "Total Cost": 2393.11, "Plan Rows": 1, "Plan Width": 12, "Actual Rows": 759, "Actual Loops": 1, "Inner Unique": false, "Join Filter": "(p.id = ph.postid)", "Rows Removed by Join Filter": 0, "Plans": [{"Node Type": "Nested Loop", "Parent Relationship": "Outer", "Parallel Aware": false, "Async Capable": false, "Join Type": "Inner", "Startup Cost": 902.96, "Total Cost": 2392.39, "Plan Rows": 1, "Plan Width": 8, "Actual Rows": 10841, "Actual Loops": 1, "Inner Unique": true, "Plans": [{"Node Type": "Nested Loop", "Parent Relationship": "Outer", "Parallel Aware": false, "Async Capable": false, "Join Type": "Inner", "Startup Cost": 902.67, "Total Cost": 2391.6, "Plan Rows": 2, "Plan Width": 4, "Actual Rows": 62229, "Actual Loops": 1, "Inner Unique": false, "Join Filter": "(c.userid = u.id)", "Rows Removed by Join Filter": 0, "Plans": [{"Node Type": "Merge Join", "Parent Relationship": "Outer", "Parallel Aware": false, "Async Capable": false, "Join Type": "Inner", "Startup Cost": 902.38, "Total Cost": 2386.8, "Plan Rows": 1, "Plan Width": 8, "Actual Rows": 74, "Actual Loops": 1, "Inner Unique": true, "Merge Cond": "(v.userid = u.id)", "Plans": [{"Node Type": "Index Scan", "Parent Relationship": "Outer", "Parallel Aware": false, "Async Capable": false, "Scan Direction": "Forward", "Index Name": "idx_votes_userid", "Relation Name": "votes", "Alias": "v", "Startup Cost": 0.42, "Total Cost": 14062.79, "Plan Rows": 1374, "Plan Width": 4, "Actual Rows": 245, "Actual Loops": 1, "Filter": "((bountyamount <= 280) AND (creationdate >= '2011-09-15 13:07:29'::timestamp without time zone) AND (creationdate <= '2014-08-13 20:10:21'::timestamp without time zone))", "Rows Removed by Filter": 10420}, {"Node Type": "Sort", "Parent Relationship": "Inner", "Parallel Aware": false, "Async Capable": false, "Startup Cost": 901.95, "Total Cost": 901.97, "Plan Rows": 6, "Plan Width": 4, "Actual Rows": 43, "Actual Loops": 1, "Sort Key": ["u.id"], "Sort Method": "quicksort", "Sort Space Used": 25, "Sort Space Type": "Memory", "Plans": [{"Node Type": "Seq Scan", "Parent Relationship": "Outer", "Parallel Aware": false, "Async Capable": false, "Relation Name": "users", "Alias": "u", "Startup Cost": 0.0, "Total Cost": 901.88, "Plan Rows": 6, "Plan Width": 4, "Actual Rows": 43, "Actual Loops": 1, "Filter": "((views >= 752) AND (creationdate <= '2011-07-23 08:47:23'::timestamp without time zone))", "Rows Removed by Filter": 40282}]}]}, {"Node Type": "Index Scan", "Parent Relationship": "Inner", "Parallel Aware": false, "Async Capable": false, "Scan Direction": "Forward", "Index Name": "idx_comments_userid", "Relation Name": "comments", "Alias": "c", "Startup Cost": 0.29, "Total Cost": 4.76, "Plan Rows": 4, "Plan Width": 8, "Actual Rows": 841, "Actual Loops": 74, "Index Cond": "(userid = v.userid)", "Rows Removed by Index Recheck": 0, "Filter": "((creationdate >= '2011-06-21 12:15:11'::timestamp without time zone) AND (creationdate <= '2013-01-01 22:13:16'::timestamp without time zone))", "Rows Removed by Filter": 4346}]}, {"Node Type": "Index Scan", "Parent Relationship": "Inner", "Parallel Aware": false, "Async Capable": false, "Scan Direction": "Forward", "Index Name": "posts_pkey", "Relation Name": "posts", "Alias": "p", "Startup Cost": 0.29, "Total Cost": 0.4, "Plan Rows": 1, "Plan Width": 4, "Actual Rows": 0, "Actual Loops": 62229, "Index Cond": "(id = c.postid)", "Rows Removed by Index Recheck": 0, "Filter": "((score >= 7) AND (score <= 44) AND (commentcount <= 25))", "Rows Removed by Filter": 1}]}, {"Node Type": "Index Scan", "Parent Relationship": "Inner", "Parallel Aware": false, "Async Capable": false, "Scan Direction": "Forward", "Index Name": "idx_posthistory_postid", "Relation Name": "posthistory", "Alias": "ph", "Startup Cost": 0.42, "Total Cost": 0.71, "Plan Rows": 1, "Plan Width": 4, "Actual Rows": 0, "Actual Loops": 10841, "Index Cond": "(postid = c.postid)", "Rows Removed by Index Recheck": 0, "Filter": "((creationdate <= '2013-03-22 03:35:40'::timestamp without time zone) AND (posthistorytypeid = 16))", "Rows Removed by Filter": 5}]}, {"Node Type": "Index Only Scan", "Parent Relationship": "Inner", "Parallel Aware": false, "Async Capable": false, "Scan Direction": "Forward", "Index Name": "idx_postlinks_postid", "Relation Name": "postlinks", "Alias": "pl", "Startup Cost": 0.29, "Total Cost": 0.3, "Plan Rows": 1, "Plan Width": 4, "Actual Rows": 0, "Actual Loops": 759, "Index Cond": "(postid = c.postid)", "Rows Removed by Index Recheck": 0, "Heap Fetches": 0}]}]}, "Planning Time": 5.15, "Triggers": [], "Execution Time": 202.272}, {"Plan": {"Node Type": "Aggregate", "Strategy": "Plain", "Partial Mode": "Finalize", "Parallel Aware": false, "Async Capable": false, "Startup Cost": 7231.45, "Total Cost": 7231.46, "Plan Rows": 1, "Plan Width": 8, "Actual Rows": 1, "Actual Loops": 1, "Plans": [{"Node Type": "Gather", "Parent Relationship": "Outer", "Parallel Aware": false, "Async Capable": false, "Startup Cost": 7231.34, "Total Cost": 7231.45, "Plan Rows": 1, "Plan Width": 8, "Actual Rows": 2, "Actual Loops": 1, "Workers Planned": 1, "Workers Launched": 1, "Single Copy": false, "Plans": [{"Node Type": "Aggregate", "Strategy": "Plain", "Partial Mode": "Partial", "Parent Relationship": "Outer", "Parallel Aware": false, "Async Capable": false, "Startup Cost": 6231.34, "Total Cost": 6231.35, "Plan Rows": 1, "Plan Width": 8, "Actual Rows": 1, "Actual Loops": 2, "Workers": [], "Plans": [{"Node Type": "Hash Join", "Parent Relationship": "Outer", "Parallel Aware": false, "Async Capable": false, "Join Type": "Inner", "Startup Cost": 1058.78, "Total Cost": 6231.34, "Plan Rows": 1, "Plan Width": 0, "Actual Rows": 184, "Actual Loops": 2, "Inner Unique": false, "Hash Cond": "(pl.postid = p.id)", "Workers": [], "Plans": [{"Node Type": "Nested Loop", "Parent Relationship": "Outer", "Parallel Aware": false, "Async Capable": false, "Join Type": "Inner", "Startup Cost": 0.29, "Total Cost": 5172.51, "Plan Rows": 86, "Plan Width": 8, "Actual Rows": 76, "Actual Loops": 2, "Inner Unique": false, "Workers": [], "Plans": [{"Node Type": "Seq Scan", "Parent Relationship": "Outer", "Parallel Aware": true, "Async Capable": false, "Relation Name": "posthistory", "Alias": "ph", "Startup Cost": 0.0, "Total Cost": 4915.18, "Plan Rows": 605, "Plan Width": 4, "Actual Rows": 810, "Actual Loops": 2, "Filter": "((creationdate <= '2013-03-22 03:35:40'::timestamp without time zone) AND (posthistorytypeid = 16))", "Rows Removed by Filter": 150783, "Workers": []}, {"Node Type": "Index Only Scan", "Parent Relationship": "Inner", "Parallel Aware": false, "Async Capable": false, "Scan Direction": "Forward", "Index Name": "idx_postlinks_postid", "Relation Name": "postlinks", "Alias": "pl", "Startup Cost": 0.29, "Total Cost": 0.42, "Plan Rows": 1, "Plan Width": 4, "Actual Rows": 0, "Actual Loops": 1621, "Index Cond": "(postid = ph.postid)", "Rows Removed by Index Recheck": 0, "Heap Fetches": 0, "Workers": []}]}, {"Node Type": "Hash", "Parent Relationship": "Inner", "Parallel Aware": false, "Async Capable": false, "Startup Cost": 1058.48, "Total Cost": 1058.48, "Plan Rows": 1, "Plan Width": 8, "Actual Rows": 10841, "Actual Loops": 2, "Hash Buckets": 16384, "Original Hash Buckets": 1024, "Hash Batches": 1, "Original Hash Batches": 1, "Peak Memory Usage": 552, "Workers": [], "Plans": [{"Node Type": "Nested Loop", "Parent Relationship": "Outer", "Parallel Aware": false, "Async Capable": false, "Join Type": "Inner", "Startup Cost": 1.01, "Total Cost": 1058.48, "Plan Rows": 1, "Plan Width": 8, "Actual Rows": 10841, "Actual Loops": 2, "Inner Unique": true, "Workers": [], "Plans": [{"Node Type": "Nested Loop", "Parent Relationship": "Outer", "Parallel Aware": false, "Async Capable": false, "Join Type": "Inner", "Startup Cost": 0.72, "Total Cost": 1057.69, "Plan Rows": 2, "Plan Width": 4, "Actual Rows": 62229, "Actual Loops": 2, "Inner Unique": false, "Join Filter": "(c.userid = u.id)", "Rows Removed by Join Filter": 0, "Workers": [], "Plans": [{"Node Type": "Nested Loop", "Parent Relationship": "Outer", "Parallel Aware": false, "Async Capable": false, "Join Type": "Inner", "Startup Cost": 0.42, "Total Cost": 1052.89, "Plan Rows": 1, "Plan Width": 8, "Actual Rows": 74, "Actual Loops": 2, "Inner Unique": false, "Workers": [], "Plans": [{"Node Type": "Seq Scan", "Parent Relationship": "Outer", "Parallel Aware": false, "Async Capable": false, "Relation Name": "users", "Alias": "u", "Startup Cost": 0.0, "Total Cost": 901.88, "Plan Rows": 6, "Plan Width": 4, "Actual Rows": 43, "Actual Loops": 2, "Filter": "((views >= 752) AND (creationdate <= '2011-07-23 08:47:23'::timestamp without time zone))", "Rows Removed by Filter": 40282, "Workers": []}, {"Node Type": "Index Scan", "Parent Relationship": "Inner", "Parallel Aware": false, "Async Capable": false, "Scan Direction": "Forward", "Index Name": "idx_votes_userid", "Relation Name": "votes", "Alias": "v", "Startup Cost": 0.42, "Total Cost": 25.16, "Plan Rows": 1, "Plan Width": 4, "Actual Rows": 2, "Actual Loops": 86, "Index Cond": "(userid = u.id)", "Rows Removed by Index Recheck": 0, "Filter": "((bountyamount <= 280) AND (creationdate >= '2011-09-15 13:07:29'::timestamp without time zone) AND (creationdate <= '2014-08-13 20:10:21'::timestamp without time zone))", "Rows Removed by Filter": 64, "Workers": []}]}, {"Node Type": "Index Scan", "Parent Relationship": "Inner", "Parallel Aware": false, "Async Capable": false, "Scan Direction": "Forward", "Index Name": "idx_comments_userid", "Relation Name": "comments", "Alias": "c", "Startup Cost": 0.29, "Total Cost": 4.76, "Plan Rows": 4, "Plan Width": 8, "Actual Rows": 841, "Actual Loops": 148, "Index Cond": "(userid = v.userid)", "Rows Removed by Index Recheck": 0, "Filter": "((creationdate >= '2011-06-21 12:15:11'::timestamp without time zone) AND (creationdate <= '2013-01-01 22:13:16'::timestamp without time zone))", "Rows Removed by Filter": 4346, "Workers": []}]}, {"Node Type": "Index Scan", "Parent Relationship": "Inner", "Parallel Aware": false, "Async Capable": false, "Scan Direction": "Forward", "Index Name": "posts_pkey", "Relation Name": "posts", "Alias": "p", "Startup Cost": 0.29, "Total Cost": 0.4, "Plan Rows": 1, "Plan Width": 4, "Actual Rows": 0, "Actual Loops": 124458, "Index Cond": "(id = c.postid)", "Rows Removed by Index Recheck": 0, "Filter": "((score >= 7) AND (score <= 44) AND (commentcount <= 25))", "Rows Removed by Filter": 1, "Workers": []}]}]}]}]}]}]}, "Planning Time": 9.802, "Triggers": [], "Execution Time": 257.453}, {"Plan": {"Node Type": "Aggregate", "Strategy": "Plain", "Partial Mode": "Simple", "Parallel Aware": false, "Async Capable": false, "Startup Cost": 1059.45, "Total Cost": 1059.46, "Plan Rows": 1, "Plan Width": 8, "Actual Rows": 1, "Actual Loops": 1, "Plans": [{"Node Type": "Nested Loop", "Parent Relationship": "Outer", "Parallel Aware": false, "Async Capable": false, "Join Type": "Inner", "Startup Cost": 1.72, "Total Cost": 1059.45, "Plan Rows": 1, "Plan Width": 0, "Actual Rows": 368, "Actual Loops": 1, "Inner Unique": true, "Join Filter": "(p.id = pl.postid)", "Rows Removed by Join Filter": 0, "Plans": [{"Node Type": "Nested Loop", "Parent Relationship": "Outer", "Parallel Aware": false, "Async Capable": false, "Join Type": "Inner", "Startup Cost": 1.42, "Total Cost": 1059.04, "Plan Rows": 1, "Plan Width": 12, "Actual Rows": 428, "Actual Loops": 1, "Inner Unique": false, "Join Filter": "(pl.postid = ph.postid)", "Rows Removed by Join Filter": 0, "Plans": [{"Node Type": "Nested Loop", "Parent Relationship": "Outer", "Parallel Aware": false, "Async Capable": false, "Join Type": "Inner", "Startup Cost": 1.0, "Total Cost": 1058.32, "Plan Rows": 1, "Plan Width": 8, "Actual Rows": 15454, "Actual Loops": 1, "Inner Unique": false, "Plans": [{"Node Type": "Nested Loop", "Parent Relationship": "Outer", "Parallel Aware": false, "Async Capable": false, "Join Type": "Inner", "Startup Cost": 0.72, "Total Cost": 1057.69, "Plan Rows": 2, "Plan Width": 4, "Actual Rows": 62229, "Actual Loops": 1, "Inner Unique": false, "Join Filter": "(c.userid = u.id)", "Rows Removed by Join Filter": 0, "Plans": [{"Node Type": "Nested Loop", "Parent Relationship": "Outer", "Parallel Aware": false, "Async Capable": false, "Join Type": "Inner", "Startup Cost": 0.42, "Total Cost": 1052.89, "Plan Rows": 1, "Plan Width": 8, "Actual Rows": 74, "Actual Loops": 1, "Inner Unique": false, "Plans": [{"Node Type": "Seq Scan", "Parent Relationship": "Outer", "Parallel Aware": false, "Async Capable": false, "Relation Name": "users", "Alias": "u", "Startup Cost": 0.0, "Total Cost": 901.88, "Plan Rows": 6, "Plan Width": 4, "Actual Rows": 43, "Actual Loops": 1, "Filter": "((views >= 752) AND (creationdate <= '2011-07-23 08:47:23'::timestamp without time zone))", "Rows Removed by Filter": 40282}, {"Node Type": "Index Scan", "Parent Relationship": "Inner", "Parallel Aware": false, "Async Capable": false, "Scan Direction": "Forward", "Index Name": "idx_votes_userid", "Relation Name": "votes", "Alias": "v", "Startup Cost": 0.42, "Total Cost": 25.16, "Plan Rows": 1, "Plan Width": 4, "Actual Rows": 2, "Actual Loops": 43, "Index Cond": "(userid = u.id)", "Rows Removed by Index Recheck": 0, "Filter": "((bountyamount <= 280) AND (creationdate >= '2011-09-15 13:07:29'::timestamp without time zone) AND (creationdate <= '2014-08-13 20:10:21'::timestamp without time zone))", "Rows Removed by Filter": 64}]}, {"Node Type": "Index Scan", "Parent Relationship": "Inner", "Parallel Aware": false, "Async Capable": false, "Scan Direction": "Forward", "Index Name": "idx_comments_userid", "Relation Name": "comments", "Alias": "c", "Startup Cost": 0.29, "Total Cost": 4.76, "Plan Rows": 4, "Plan Width": 8, "Actual Rows": 841, "Actual Loops": 74, "Index Cond": "(userid = v.userid)", "Rows Removed by Index Recheck": 0, "Filter": "((creationdate >= '2011-06-21 12:15:11'::timestamp without time zone) AND (creationdate <= '2013-01-01 22:13:16'::timestamp without time zone))", "Rows Removed by Filter": 4346}]}, {"Node Type": "Index Only Scan", "Parent Relationship": "Inner", "Parallel Aware": false, "Async Capable": false, "Scan Direction": "Forward", "Index Name": "idx_postlinks_postid", "Relation Name": "postlinks", "Alias": "pl", "Startup Cost": 0.29, "Total Cost": 0.3, "Plan Rows": 1, "Plan Width": 4, "Actual Rows": 0, "Actual Loops": 62229, "Index Cond": "(postid = c.postid)", "Rows Removed by Index Recheck": 0, "Heap Fetches": 0}]}, {"Node Type": "Index Scan", "Parent Relationship": "Inner", "Parallel Aware": false, "Async Capable": false, "Scan Direction": "Forward", "Index Name": "idx_posthistory_postid", "Relation Name": "posthistory", "Alias": "ph", "Startup Cost": 0.42, "Total Cost": 0.71, "Plan Rows": 1, "Plan Width": 4, "Actual Rows": 0, "Actual Loops": 15454, "Index Cond": "(postid = c.postid)", "Rows Removed by Index Recheck": 0, "Filter": "((creationdate <= '2013-03-22 03:35:40'::timestamp without time zone) AND (posthistorytypeid = 16))", "Rows Removed by Filter": 6}]}, {"Node Type": "Index Scan", "Parent Relationship": "Inner", "Parallel Aware": false, "Async Capable": false, "Scan Direction": "Forward", "Index Name": "posts_pkey", "Relation Name": "posts", "Alias": "p", "Startup Cost": 0.29, "Total Cost": 0.4, "Plan Rows": 1, "Plan Width": 4, "Actual Rows": 1, "Actual Loops": 428, "Index Cond": "(id = c.postid)", "Rows Removed by Index Recheck": 0, "Filter": "((score >= 7) AND (score <= 44) AND (commentcount <= 25))", "Rows Removed by Filter": 0}]}]}, "Planning Time": 4.932, "Triggers": [], "Execution Time": 156.351}, {"Plan": {"Node Type": "Aggregate", "Strategy": "Plain", "Partial Mode": "Simple", "Parallel Aware": false, "Async Capable": false, "Startup Cost": 5368.18, "Total Cost": 5368.19, "Plan Rows": 1, "Plan Width": 8, "Actual Rows": 1, "Actual Loops": 1, "Plans": [{"Node Type": "Nested Loop", "Parent Relationship": "Outer", "Parallel Aware": false, "Async Capable": false, "Join Type": "Inner", "Startup Cost": 2555.5, "Total Cost": 5368.18, "Plan Rows": 1, "Plan Width": 0, "Actual Rows": 368, "Actual Loops": 1, "Inner Unique": false, "Join Filter": "(c.postid = p.id)", "Rows Removed by Join Filter": 5164639, "Plans": [{"Node Type": "Nested Loop", "Parent Relationship": "Outer", "Parallel Aware": false, "Async Capable": false, "Join Type": "Inner", "Startup Cost": 2554.78, "Total Cost": 4310.16, "Plan Rows": 11, "Plan Width": 12, "Actual Rows": 83, "Actual Loops": 1, "Inner Unique": false, "Join Filter": "(p.id = ph.postid)", "Rows Removed by Join Filter": 0, "Plans": [{"Node Type": "Hash Join", "Parent Relationship": "Outer", "Parallel Aware": false, "Async Capable": false, "Join Type": "Inner", "Startup Cost": 2554.36, "Total Cost": 2776.52, "Plan Rows": 1012, "Plan Width": 8, "Actual Rows": 1586, "Actual Loops": 1, "Inner Unique": true, "Hash Cond": "(pl.postid = p.id)", "Plans": [{"Node Type": "Seq Scan", "Parent Relationship": "Outer", "Parallel Aware": false, "Async Capable": false, "Relation Name": "postlinks", "Alias": "pl", "Startup Cost": 0.0, "Total Cost": 193.02, "Plan Rows": 11102, "Plan Width": 4, "Actual Rows": 11102, "Actual Loops": 1}, {"Node Type": "Hash", "Parent Relationship": "Inner", "Parallel Aware": false, "Async Capable": false, "Startup Cost": 2449.58, "Total Cost": 2449.58, "Plan Rows": 8382, "Plan Width": 4, "Actual Rows": 8376, "Actual Loops": 1, "Hash Buckets": 16384, "Original Hash Buckets": 16384, "Hash Batches": 1, "Original Hash Batches": 1, "Peak Memory Usage": 423, "Plans": [{"Node Type": "Seq Scan", "Parent Relationship": "Outer", "Parallel Aware": false, "Async Capable": false, "Relation Name": "posts", "Alias": "p", "Startup Cost": 0.0, "Total Cost": 2449.58, "Plan Rows": 8382, "Plan Width": 4, "Actual Rows": 8376, "Actual Loops": 1, "Filter": "((score >= 7) AND (score <= 44) AND (commentcount <= 25))", "Rows Removed by Filter": 83600}]}]}, {"Node Type": "Index Scan", "Parent Relationship": "Inner", "Parallel Aware": false, "Async Capable": false, "Scan Direction": "Forward", "Index Name": "idx_posthistory_postid", "Relation Name": "posthistory", "Alias": "ph", "Startup Cost": 0.42, "Total Cost": 1.5, "Plan Rows": 1, "Plan Width": 4, "Actual Rows": 0, "Actual Loops": 1586, "Index Cond": "(postid = pl.postid)", "Rows Removed by Index Recheck": 0, "Filter": "((creationdate <= '2013-03-22 03:35:40'::timestamp without time zone) AND (posthistorytypeid = 16))", "Rows Removed by Filter": 7}]}, {"Node Type": "Materialize", "Parent Relationship": "Inner", "Parallel Aware": false, "Async Capable": false, "Startup Cost": 0.72, "Total Cost": 1057.7, "Plan Rows": 2, "Plan Width": 4, "Actual Rows": 62229, "Actual Loops": 83, "Plans": [{"Node Type": "Nested Loop", "Parent Relationship": "Outer", "Parallel Aware": false, "Async Capable": false, "Join Type": "Inner", "Startup Cost": 0.72, "Total Cost": 1057.69, "Plan Rows": 2, "Plan Width": 4, "Actual Rows": 62229, "Actual Loops": 1, "Inner Unique": false, "Join Filter": "(c.userid = u.id)", "Rows Removed by Join Filter": 0, "Plans": [{"Node Type": "Nested Loop", "Parent Relationship": "Outer", "Parallel Aware": false, "Async Capable": false, "Join Type": "Inner", "Startup Cost": 0.42, "Total Cost": 1052.89, "Plan Rows": 1, "Plan Width": 8, "Actual Rows": 74, "Actual Loops": 1, "Inner Unique": false, "Plans": [{"Node Type": "Seq Scan", "Parent Relationship": "Outer", "Parallel Aware": false, "Async Capable": false, "Relation Name": "users", "Alias": "u", "Startup Cost": 0.0, "Total Cost": 901.88, "Plan Rows": 6, "Plan Width": 4, "Actual Rows": 43, "Actual Loops": 1, "Filter": "((views >= 752) AND (creationdate <= '2011-07-23 08:47:23'::timestamp without time zone))", "Rows Removed by Filter": 40282}, {"Node Type": "Index Scan", "Parent Relationship": "Inner", "Parallel Aware": false, "Async Capable": false, "Scan Direction": "Forward", "Index Name": "idx_votes_userid", "Relation Name": "votes", "Alias": "v", "Startup Cost": 0.42, "Total Cost": 25.16, "Plan Rows": 1, "Plan Width": 4, "Actual Rows": 2, "Actual Loops": 43, "Index Cond": "(userid = u.id)", "Rows Removed by Index Recheck": 0, "Filter": "((bountyamount <= 280) AND (creationdate >= '2011-09-15 13:07:29'::timestamp without time zone) AND (creationdate <= '2014-08-13 20:10:21'::timestamp without time zone))", "Rows Removed by Filter": 64}]}, {"Node Type": "Index Scan", "Parent Relationship": "Inner", "Parallel Aware": false, "Async Capable": false, "Scan Direction": "Forward", "Index Name": "idx_comments_userid", "Relation Name": "comments", "Alias": "c", "Startup Cost": 0.29, "Total Cost": 4.76, "Plan Rows": 4, "Plan Width": 8, "Actual Rows": 841, "Actual Loops": 74, "Index Cond": "(userid = v.userid)", "Rows Removed by Index Recheck": 0, "Filter": "((creationdate >= '2011-06-21 12:15:11'::timestamp without time zone) AND (creationdate <= '2013-01-01 22:13:16'::timestamp without time zone))", "Rows Removed by Filter": 4346}]}]}]}]}, "Planning Time": 5.19, "Triggers": [], "Execution Time": 352.773}, {"Plan": {"Node Type": "Aggregate", "Strategy": "Plain", "Partial Mode": "Simple", "Parallel Aware": false, "Async Capable": false, "Startup Cost": 5375.16, "Total Cost": 5375.17, "Plan Rows": 1, "Plan Width": 8, "Actual Rows": 1, "Actual Loops": 1, "Plans": [{"Node Type": "Nested Loop", "Parent Relationship": "Outer", "Parallel Aware": false, "Async Capable": false, "Join Type": "Inner", "Startup Cost": 2555.62, "Total Cost": 5375.16, "Plan Rows": 1, "Plan Width": 0, "Actual Rows": 368, "Actual Loops": 1, "Inner Unique": false, "Join Filter": "(c.userid = u.id)", "Rows Removed by Join Filter": 15024, "Plans": [{"Node Type": "Nested Loop", "Parent Relationship": "Outer", "Parallel Aware": false, "Async Capable": false, "Join Type": "Inner", "Startup Cost": 2555.2, "Total Cost": 4322.17, "Plan Rows": 7, "Plan Width": 4, "Actual Rows": 208, "Actual Loops": 1, "Inner Unique": false, "Join Filter": "(c.postid = p.id)", "Rows Removed by Join Filter": 0, "Plans": [{"Node Type": "Nested Loop", "Parent Relationship": "Outer", "Parallel Aware": false, "Async Capable": false, "Join Type": "Inner", "Startup Cost": 2554.78, "Total Cost": 4310.16, "Plan Rows": 11, "Plan Width": 12, "Actual Rows": 83, "Actual Loops": 1, "Inner Unique": false, "Join Filter": "(p.id = ph.postid)", "Rows Removed by Join Filter": 0, "Plans": [{"Node Type": "Hash Join", "Parent Relationship": "Outer", "Parallel Aware": false, "Async Capable": false, "Join Type": "Inner", "Startup Cost": 2554.36, "Total Cost": 2776.52, "Plan Rows": 1012, "Plan Width": 8, "Actual Rows": 1586, "Actual Loops": 1, "Inner Unique": true, "Hash Cond": "(pl.postid = p.id)", "Plans": [{"Node Type": "Seq Scan", "Parent Relationship": "Outer", "Parallel Aware": false, "Async Capable": false, "Relation Name": "postlinks", "Alias": "pl", "Startup Cost": 0.0, "Total Cost": 193.02, "Plan Rows": 11102, "Plan Width": 4, "Actual Rows": 11102, "Actual Loops": 1}, {"Node Type": "Hash", "Parent Relationship": "Inner", "Parallel Aware": false, "Async Capable": false, "Startup Cost": 2449.58, "Total Cost": 2449.58, "Plan Rows": 8382, "Plan Width": 4, "Actual Rows": 8376, "Actual Loops": 1, "Hash Buckets": 16384, "Original Hash Buckets": 16384, "Hash Batches": 1, "Original Hash Batches": 1, "Peak Memory Usage": 423, "Plans": [{"Node Type": "Seq Scan", "Parent Relationship": "Outer", "Parallel Aware": false, "Async Capable": false, "Relation Name": "posts", "Alias": "p", "Startup Cost": 0.0, "Total Cost": 2449.58, "Plan Rows": 8382, "Plan Width": 4, "Actual Rows": 8376, "Actual Loops": 1, "Filter": "((score >= 7) AND (score <= 44) AND (commentcount <= 25))", "Rows Removed by Filter": 83600}]}]}, {"Node Type": "Index Scan", "Parent Relationship": "Inner", "Parallel Aware": false, "Async Capable": false, "Scan Direction": "Forward", "Index Name": "idx_posthistory_postid", "Relation Name": "posthistory", "Alias": "ph", "Startup Cost": 0.42, "Total Cost": 1.5, "Plan Rows": 1, "Plan Width": 4, "Actual Rows": 0, "Actual Loops": 1586, "Index Cond": "(postid = pl.postid)", "Rows Removed by Index Recheck": 0, "Filter": "((creationdate <= '2013-03-22 03:35:40'::timestamp without time zone) AND (posthistorytypeid = 16))", "Rows Removed by Filter": 7}]}, {"Node Type": "Index Scan", "Parent Relationship": "Inner", "Parallel Aware": false, "Async Capable": false, "Scan Direction": "Forward", "Index Name": "idx_comments_postid", "Relation Name": "comments", "Alias": "c", "Startup Cost": 0.42, "Total Cost": 1.08, "Plan Rows": 1, "Plan Width": 8, "Actual Rows": 3, "Actual Loops": 83, "Index Cond": "(postid = pl.postid)", "Rows Removed by Index Recheck": 0, "Filter": "((creationdate >= '2011-06-21 12:15:11'::timestamp without time zone) AND (creationdate <= '2013-01-01 22:13:16'::timestamp without time zone))", "Rows Removed by Filter": 2}]}, {"Node Type": "Materialize", "Parent Relationship": "Inner", "Parallel Aware": false, "Async Capable": false, "Startup Cost": 0.42, "Total Cost": 1052.89, "Plan Rows": 1, "Plan Width": 8, "Actual Rows": 74, "Actual Loops": 208, "Plans": [{"Node Type": "Nested Loop", "Parent Relationship": "Outer", "Parallel Aware": false, "Async Capable": false, "Join Type": "Inner", "Startup Cost": 0.42, "Total Cost": 1052.89, "Plan Rows": 1, "Plan Width": 8, "Actual Rows": 74, "Actual Loops": 1, "Inner Unique": false, "Plans": [{"Node Type": "Seq Scan", "Parent Relationship": "Outer", "Parallel Aware": false, "Async Capable": false, "Relation Name": "users", "Alias": "u", "Startup Cost": 0.0, "Total Cost": 901.88, "Plan Rows": 6, "Plan Width": 4, "Actual Rows": 43, "Actual Loops": 1, "Filter": "((views >= 752) AND (creationdate <= '2011-07-23 08:47:23'::timestamp without time zone))", "Rows Removed by Filter": 40282}, {"Node Type": "Index Scan", "Parent Relationship": "Inner", "Parallel Aware": false, "Async Capable": false, "Scan Direction": "Forward", "Index Name": "idx_votes_userid", "Relation Name": "votes", "Alias": "v", "Startup Cost": 0.42, "Total Cost": 25.16, "Plan Rows": 1, "Plan Width": 4, "Actual Rows": 2, "Actual Loops": 43, "Index Cond": "(userid = u.id)", "Rows Removed by Index Recheck": 0, "Filter": "((bountyamount <= 280) AND (creationdate >= '2011-09-15 13:07:29'::timestamp without time zone) AND (creationdate <= '2014-08-13 20:10:21'::timestamp without time zone))", "Rows Removed by Filter": 64}]}]}]}]}, "Planning Time": 4.556, "Triggers": [], "Execution Time": 60.549}, {"Plan": {"Node Type": "Aggregate", "Strategy": "Plain", "Partial Mode": "Simple", "Parallel Aware": false, "Async Capable": false, "Startup Cost": 6976.3, "Total Cost": 6976.31, "Plan Rows": 1, "Plan Width": 8, "Actual Rows": 1, "Actual Loops": 1, "Plans": [{"Node Type": "Gather", "Parent Relationship": "Outer", "Parallel Aware": false, "Async Capable": false, "Startup Cost": 2058.74, "Total Cost": 6976.3, "Plan Rows": 1, "Plan Width": 0, "Actual Rows": 368, "Actual Loops": 1, "Workers Planned": 1, "Workers Launched": 1, "Single Copy": false, "Plans": [{"Node Type": "Hash Join", "Parent Relationship": "Outer", "Parallel Aware": false, "Async Capable": false, "Join Type": "Inner", "Startup Cost": 1058.74, "Total Cost": 5976.2, "Plan Rows": 1, "Plan Width": 0, "Actual Rows": 184, "Actual Loops": 2, "Inner Unique": false, "Hash Cond": "(ph.postid = p.id)", "Workers": [], "Plans": [{"Node Type": "Seq Scan", "Parent Relationship": "Outer", "Parallel Aware": true, "Async Capable": false, "Relation Name": "posthistory", "Alias": "ph", "Startup Cost": 0.0, "Total Cost": 4915.18, "Plan Rows": 605, "Plan Width": 4, "Actual Rows": 810, "Actual Loops": 2, "Filter": "((creationdate <= '2013-03-22 03:35:40'::timestamp without time zone) AND (posthistorytypeid = 16))", "Rows Removed by Filter": 150783, "Workers": []}, {"Node Type": "Hash", "Parent Relationship": "Inner", "Parallel Aware": false, "Async Capable": false, "Startup Cost": 1058.73, "Total Cost": 1058.73, "Plan Rows": 1, "Plan Width": 12, "Actual Rows": 3274, "Actual Loops": 2, "Hash Buckets": 4096, "Original Hash Buckets": 1024, "Hash Batches": 1, "Original Hash Batches": 1, "Peak Memory Usage": 173, "Workers": [], "Plans": [{"Node Type": "Nested Loop", "Parent Relationship": "Outer", "Parallel Aware": false, "Async Capable": false, "Join Type": "Inner", "Startup Cost": 1.29, "Total Cost": 1058.73, "Plan Rows": 1, "Plan Width": 12, "Actual Rows": 3274, "Actual Loops": 2, "Inner Unique": true, "Join Filter": "(p.id = pl.postid)", "Rows Removed by Join Filter": 0, "Workers": [], "Plans": [{"Node Type": "Nested Loop", "Parent Relationship": "Outer", "Parallel Aware": false, "Async Capable": false, "Join Type": "Inner", "Startup Cost": 1.0, "Total Cost": 1058.32, "Plan Rows": 1, "Plan Width": 8, "Actual Rows": 15454, "Actual Loops": 2, "Inner Unique": false, "Workers": [], "Plans": [{"Node Type": "Nested Loop", "Parent Relationship": "Outer", "Parallel Aware": false, "Async Capable": false, "Join Type": "Inner", "Startup Cost": 0.72, "Total Cost": 1057.69, "Plan Rows": 2, "Plan Width": 4, "Actual Rows": 62229, "Actual Loops": 2, "Inner Unique": false, "Join Filter": "(c.userid = u.id)", "Rows Removed by Join Filter": 0, "Workers": [], "Plans": [{"Node Type": "Nested Loop", "Parent Relationship": "Outer", "Parallel Aware": false, "Async Capable": false, "Join Type": "Inner", "Startup Cost": 0.42, "Total Cost": 1052.89, "Plan Rows": 1, "Plan Width": 8, "Actual Rows": 74, "Actual Loops": 2, "Inner Unique": false, "Workers": [], "Plans": [{"Node Type": "Seq Scan", "Parent Relationship": "Outer", "Parallel Aware": false, "Async Capable": false, "Relation Name": "users", "Alias": "u", "Startup Cost": 0.0, "Total Cost": 901.88, "Plan Rows": 6, "Plan Width": 4, "Actual Rows": 43, "Actual Loops": 2, "Filter": "((views >= 752) AND (creationdate <= '2011-07-23 08:47:23'::timestamp without time zone))", "Rows Removed by Filter": 40282, "Workers": []}, {"Node Type": "Index Scan", "Parent Relationship": "Inner", "Parallel Aware": false, "Async Capable": false, "Scan Direction": "Forward", "Index Name": "idx_votes_userid", "Relation Name": "votes", "Alias": "v", "Startup Cost": 0.42, "Total Cost": 25.16, "Plan Rows": 1, "Plan Width": 4, "Actual Rows": 2, "Actual Loops": 86, "Index Cond": "(userid = u.id)", "Rows Removed by Index Recheck": 0, "Filter": "((bountyamount <= 280) AND (creationdate >= '2011-09-15 13:07:29'::timestamp without time zone) AND (creationdate <= '2014-08-13 20:10:21'::timestamp without time zone))", "Rows Removed by Filter": 64, "Workers": []}]}, {"Node Type": "Index Scan", "Parent Relationship": "Inner", "Parallel Aware": false, "Async Capable": false, "Scan Direction": "Forward", "Index Name": "idx_comments_userid", "Relation Name": "comments", "Alias": "c", "Startup Cost": 0.29, "Total Cost": 4.76, "Plan Rows": 4, "Plan Width": 8, "Actual Rows": 841, "Actual Loops": 148, "Index Cond": "(userid = v.userid)", "Rows Removed by Index Recheck": 0, "Filter": "((creationdate >= '2011-06-21 12:15:11'::timestamp without time zone) AND (creationdate <= '2013-01-01 22:13:16'::timestamp without time zone))", "Rows Removed by Filter": 4346, "Workers": []}]}, {"Node Type": "Index Only Scan", "Parent Relationship": "Inner", "Parallel Aware": false, "Async Capable": false, "Scan Direction": "Forward", "Index Name": "idx_postlinks_postid", "Relation Name": "postlinks", "Alias": "pl", "Startup Cost": 0.29, "Total Cost": 0.3, "Plan Rows": 1, "Plan Width": 4, "Actual Rows": 0, "Actual Loops": 124458, "Index Cond": "(postid = c.postid)", "Rows Removed by Index Recheck": 0, "Heap Fetches": 0, "Workers": []}]}, {"Node Type": "Index Scan", "Parent Relationship": "Inner", "Parallel Aware": false, "Async Capable": false, "Scan Direction": "Forward", "Index Name": "posts_pkey", "Relation Name": "posts", "Alias": "p", "Startup Cost": 0.29, "Total Cost": 0.4, "Plan Rows": 1, "Plan Width": 4, "Actual Rows": 0, "Actual Loops": 30908, "Index Cond": "(id = c.postid)", "Rows Removed by Index Recheck": 0, "Filter": "((score >= 7) AND (score <= 44) AND (commentcount <= 25))", "Rows Removed by Filter": 1, "Workers": []}]}]}]}]}]}, "Planning Time": 10.94, "Triggers": [], "Execution Time": 238.694}, {"Plan": {"Node Type": "Aggregate", "Strategy": "Plain", "Partial Mode": "Simple", "Parallel Aware": false, "Async Capable": false, "Startup Cost": 9276.01, "Total Cost": 9276.02, "Plan Rows": 1, "Plan Width": 8, "Plans": [{"Node Type": "Nested Loop", "Parent Relationship": "Outer", "Parallel Aware": false, "Async Capable": false, "Join Type": "Inner", "Startup Cost": 1001.3, "Total Cost": 9276.01, "Plan Rows": 1, "Plan Width": 0, "Inner Unique": false, "Join Filter": "(p.id = pl.postid)", "Plans": [{"Node Type": "Nested Loop", "Parent Relationship": "Outer", "Parallel Aware": false, "Async Capable": false, "Join Type": "Inner", "Startup Cost": 1.0, "Total Cost": 1058.32, "Plan Rows": 1, "Plan Width": 8, "Inner Unique": false, "Plans": [{"Node Type": "Nested Loop", "Parent Relationship": "Outer", "Parallel Aware": false, "Async Capable": false, "Join Type": "Inner", "Startup Cost": 0.72, "Total Cost": 1057.69, "Plan Rows": 2, "Plan Width": 4, "Inner Unique": false, "Join Filter": "(c.userid = u.id)", "Plans": [{"Node Type": "Nested Loop", "Parent Relationship": "Outer", "Parallel Aware": false, "Async Capable": false, "Join Type": "Inner", "Startup Cost": 0.42, "Total Cost": 1052.89, "Plan Rows": 1, "Plan Width": 8, "Inner Unique": false, "Plans": [{"Node Type": "Seq Scan", "Parent Relationship": "Outer", "Parallel Aware": false, "Async Capable": false, "Relation Name": "users", "Alias": "u", "Startup Cost": 0.0, "Total Cost": 901.88, "Plan Rows": 6, "Plan Width": 4, "Filter": "((views >= 752) AND (creationdate <= '2011-07-23 08:47:23'::timestamp without time zone))"}, {"Node Type": "Index Scan", "Parent Relationship": "Inner", "Parallel Aware": false, "Async Capable": false, "Scan Direction": "Forward", "Index Name": "idx_votes_userid", "Relation Name": "votes", "Alias": "v", "Startup Cost": 0.42, "Total Cost": 25.16, "Plan Rows": 1, "Plan Width": 4, "Index Cond": "(userid = u.id)", "Filter": "((bountyamount <= 280) AND (creationdate >= '2011-09-15 13:07:29'::timestamp without time zone) AND (creationdate <= '2014-08-13 20:10:21'::timestamp without time zone))"}]}, {"Node Type": "Index Scan", "Parent Relationship": "Inner", "Parallel Aware": false, "Async Capable": false, "Scan Direction": "Forward", "Index Name": "idx_comments_userid", "Relation Name": "comments", "Alias": "c", "Startup Cost": 0.29, "Total Cost": 4.76, "Plan Rows": 4, "Plan Width": 8, "Index Cond": "(userid = v.userid)", "Filter": "((creationdate >= '2011-06-21 12:15:11'::timestamp without time zone) AND (creationdate <= '2013-01-01 22:13:16'::timestamp without time zone))"}]}, {"Node Type": "Index Only Scan", "Parent Relationship": "Inner", "Parallel Aware": false, "Async Capable": false, "Scan Direction": "Forward", "Index Name": "idx_postlinks_postid", "Relation Name": "postlinks", "Alias": "pl", "Startup Cost": 0.29, "Total Cost": 0.3, "Plan Rows": 1, "Plan Width": 4, "Index Cond": "(postid = c.postid)"}]}, {"Node Type": "Gather", "Parent Relationship": "Inner", "Parallel Aware": false, "Async Capable": false, "Startup Cost": 1000.29, "Total Cost": 8216.51, "Plan Rows": 94, "Plan Width": 8, "Workers Planned": 1, "Single Copy": false, "Plans": [{"Node Type": "Nested Loop", "Parent Relationship": "Outer", "Parallel Aware": false, "Async Capable": false, "Join Type": "Inner", "Startup Cost": 0.29, "Total Cost": 7207.11, "Plan Rows": 55, "Plan Width": 8, "Inner Unique": true, "Plans": [{"Node Type": "Seq Scan", "Parent Relationship": "Outer", "Parallel Aware": true, "Async Capable": false, "Relation Name": "posthistory", "Alias": "ph", "Startup Cost": 0.0, "Total Cost": 4915.18, "Plan Rows": 605, "Plan Width": 4, "Filter": "((creationdate <= '2013-03-22 03:35:40'::timestamp without time zone) AND (posthistorytypeid = 16))"}, {"Node Type": "Index Scan", "Parent Relationship": "Inner", "Parallel Aware": false, "Async Capable": false, "Scan Direction": "Forward", "Index Name": "posts_pkey", "Relation Name": "posts", "Alias": "p", "Startup Cost": 0.29, "Total Cost": 3.79, "Plan Rows": 1, "Plan Width": 4, "Index Cond": "(id = ph.postid)", "Filter": "((score >= 7) AND (score <= 44) AND (commentcount <= 25))"}]}]}]}]}}, {"Plan": {"Node Type": "Aggregate", "Strategy": "Plain", "Partial Mode": "Simple", "Parallel Aware": false, "Async Capable": false, "Startup Cost": 3848.3, "Total Cost": 3848.31, "Plan Rows": 1, "Plan Width": 8, "Actual Rows": 1, "Actual Loops": 1, "Plans": [{"Node Type": "Nested Loop", "Parent Relationship": "Outer", "Parallel Aware": false, "Async Capable": false, "Join Type": "Inner", "Startup Cost": 2555.49, "Total Cost": 3848.3, "Plan Rows": 1, "Plan Width": 0, "Actual Rows": 368, "Actual Loops": 1, "Inner Unique": false, "Join Filter": "(p.id = ph.postid)", "Rows Removed by Join Filter": 2221618, "Plans": [{"Node Type": "Nested Loop", "Parent Relationship": "Outer", "Parallel Aware": false, "Async Capable": false, "Join Type": "Inner", "Startup Cost": 1.14, "Total Cost": 1059.13, "Plan Rows": 1, "Plan Width": 8, "Actual Rows": 1401, "Actual Loops": 1, "Inner Unique": false, "Plans": [{"Node Type": "Nested Loop", "Parent Relationship": "Outer", "Parallel Aware": false, "Async Capable": false, "Join Type": "Inner", "Startup Cost": 0.72, "Total Cost": 1057.69, "Plan Rows": 2, "Plan Width": 4, "Actual Rows": 62229, "Actual Loops": 1, "Inner Unique": false, "Join Filter": "(c.userid = u.id)", "Rows Removed by Join Filter": 0, "Plans": [{"Node Type": "Nested Loop", "Parent Relationship": "Outer", "Parallel Aware": false, "Async Capable": false, "Join Type": "Inner", "Startup Cost": 0.42, "Total Cost": 1052.89, "Plan Rows": 1, "Plan Width": 8, "Actual Rows": 74, "Actual Loops": 1, "Inner Unique": false, "Plans": [{"Node Type": "Seq Scan", "Parent Relationship": "Outer", "Parallel Aware": false, "Async Capable": false, "Relation Name": "users", "Alias": "u", "Startup Cost": 0.0, "Total Cost": 901.88, "Plan Rows": 6, "Plan Width": 4, "Actual Rows": 43, "Actual Loops": 1, "Filter": "((views >= 752) AND (creationdate <= '2011-07-23 08:47:23'::timestamp without time zone))", "Rows Removed by Filter": 40282}, {"Node Type": "Index Scan", "Parent Relationship": "Inner", "Parallel Aware": false, "Async Capable": false, "Scan Direction": "Forward", "Index Name": "idx_votes_userid", "Relation Name": "votes", "Alias": "v", "Startup Cost": 0.42, "Total Cost": 25.16, "Plan Rows": 1, "Plan Width": 4, "Actual Rows": 2, "Actual Loops": 43, "Index Cond": "(userid = u.id)", "Rows Removed by Index Recheck": 0, "Filter": "((bountyamount <= 280) AND (creationdate >= '2011-09-15 13:07:29'::timestamp without time zone) AND (creationdate <= '2014-08-13 20:10:21'::timestamp without time zone))", "Rows Removed by Filter": 64}]}, {"Node Type": "Index Scan", "Parent Relationship": "Inner", "Parallel Aware": false, "Async Capable": false, "Scan Direction": "Forward", "Index Name": "idx_comments_userid", "Relation Name": "comments", "Alias": "c", "Startup Cost": 0.29, "Total Cost": 4.76, "Plan Rows": 4, "Plan Width": 8, "Actual Rows": 841, "Actual Loops": 74, "Index Cond": "(userid = v.userid)", "Rows Removed by Index Recheck": 0, "Filter": "((creationdate >= '2011-06-21 12:15:11'::timestamp without time zone) AND (creationdate <= '2013-01-01 22:13:16'::timestamp without time zone))", "Rows Removed by Filter": 4346}]}, {"Node Type": "Index Scan", "Parent Relationship": "Inner", "Parallel Aware": false, "Async Capable": false, "Scan Direction": "Forward", "Index Name": "idx_posthistory_postid", "Relation Name": "posthistory", "Alias": "ph", "Startup Cost": 0.42, "Total Cost": 0.71, "Plan Rows": 1, "Plan Width": 4, "Actual Rows": 0, "Actual Loops": 62229, "Index Cond": "(postid = c.postid)", "Rows Removed by Index Recheck": 0, "Filter": "((creationdate <= '2013-03-22 03:35:40'::timestamp without time zone) AND (posthistorytypeid = 16))", "Rows Removed by Filter": 4}]}, {"Node Type": "Hash Join", "Parent Relationship": "Inner", "Parallel Aware": false, "Async Capable": false, "Join Type": "Inner", "Startup Cost": 2554.36, "Total Cost": 2776.52, "Plan Rows": 1012, "Plan Width": 8, "Actual Rows": 1586, "Actual Loops": 1401, "Inner Unique": true, "Hash Cond": "(pl.postid = p.id)", "Plans": [{"Node Type": "Seq Scan", "Parent Relationship": "Outer", "Parallel Aware": false, "Async Capable": false, "Relation Name": "postlinks", "Alias": "pl", "Startup Cost": 0.0, "Total Cost": 193.02, "Plan Rows": 11102, "Plan Width": 4, "Actual Rows": 11102, "Actual Loops": 1401}, {"Node Type": "Hash", "Parent Relationship": "Inner", "Parallel Aware": false, "Async Capable": false, "Startup Cost": 2449.58, "Total Cost": 2449.58, "Plan Rows": 8382, "Plan Width": 4, "Actual Rows": 8376, "Actual Loops": 1, "Hash Buckets": 16384, "Original Hash Buckets": 16384, "Hash Batches": 1, "Original Hash Batches": 1, "Peak Memory Usage": 423, "Plans": [{"Node Type": "Seq Scan", "Parent Relationship": "Outer", "Parallel Aware": false, "Async Capable": false, "Relation Name": "posts", "Alias": "p", "Startup Cost": 0.0, "Total Cost": 2449.58, "Plan Rows": 8382, "Plan Width": 4, "Actual Rows": 8376, "Actual Loops": 1, "Filter": "((score >= 7) AND (score <= 44) AND (commentcount <= 25))", "Rows Removed by Filter": 83600}]}]}]}]}, "Planning Time": 5.245, "Triggers": [], "Execution Time": 1656.684}, {"Plan": {"Node Type": "Aggregate", "Strategy": "Plain", "Partial Mode": "Simple", "Parallel Aware": false, "Async Capable": false, "Startup Cost": 1059.52, "Total Cost": 1059.53, "Plan Rows": 1, "Plan Width": 8, "Actual Rows": 1, "Actual Loops": 1, "Plans": [{"Node Type": "Nested Loop", "Parent Relationship": "Outer", "Parallel Aware": false, "Async Capable": false, "Join Type": "Inner", "Startup Cost": 1.72, "Total Cost": 1059.52, "Plan Rows": 1, "Plan Width": 0, "Actual Rows": 368, "Actual Loops": 1, "Inner Unique": false, "Join Filter": "(p.id = pl.postid)", "Rows Removed by Join Filter": 0, "Plans": [{"Node Type": "Nested Loop", "Parent Relationship": "Outer", "Parallel Aware": false, "Async Capable": false, "Join Type": "Inner", "Startup Cost": 1.43, "Total Cost": 1059.2, "Plan Rows": 1, "Plan Width": 12, "Actual Rows": 759, "Actual Loops": 1, "Inner Unique": false, "Join Filter": "(p.id = ph.postid)", "Rows Removed by Join Filter": 0, "Plans": [{"Node Type": "Nested Loop", "Parent Relationship": "Outer", "Parallel Aware": false, "Async Capable": false, "Join Type": "Inner", "Startup Cost": 1.01, "Total Cost": 1058.48, "Plan Rows": 1, "Plan Width": 8, "Actual Rows": 10841, "Actual Loops": 1, "Inner Unique": true, "Plans": [{"Node Type": "Nested Loop", "Parent Relationship": "Outer", "Parallel Aware": false, "Async Capable": false, "Join Type": "Inner", "Startup Cost": 0.72, "Total Cost": 1057.69, "Plan Rows": 2, "Plan Width": 4, "Actual Rows": 62229, "Actual Loops": 1, "Inner Unique": false, "Join Filter": "(c.userid = u.id)", "Rows Removed by Join Filter": 0, "Plans": [{"Node Type": "Nested Loop", "Parent Relationship": "Outer", "Parallel Aware": false, "Async Capable": false, "Join Type": "Inner", "Startup Cost": 0.42, "Total Cost": 1052.89, "Plan Rows": 1, "Plan Width": 8, "Actual Rows": 74, "Actual Loops": 1, "Inner Unique": false, "Plans": [{"Node Type": "Seq Scan", "Parent Relationship": "Outer", "Parallel Aware": false, "Async Capable": false, "Relation Name": "users", "Alias": "u", "Startup Cost": 0.0, "Total Cost": 901.88, "Plan Rows": 6, "Plan Width": 4, "Actual Rows": 43, "Actual Loops": 1, "Filter": "((views >= 752) AND (creationdate <= '2011-07-23 08:47:23'::timestamp without time zone))", "Rows Removed by Filter": 40282}, {"Node Type": "Index Scan", "Parent Relationship": "Inner", "Parallel Aware": false, "Async Capable": false, "Scan Direction": "Forward", "Index Name": "idx_votes_userid", "Relation Name": "votes", "Alias": "v", "Startup Cost": 0.42, "Total Cost": 25.16, "Plan Rows": 1, "Plan Width": 4, "Actual Rows": 2, "Actual Loops": 43, "Index Cond": "(userid = u.id)", "Rows Removed by Index Recheck": 0, "Filter": "((bountyamount <= 280) AND (creationdate >= '2011-09-15 13:07:29'::timestamp without time zone) AND (creationdate <= '2014-08-13 20:10:21'::timestamp without time zone))", "Rows Removed by Filter": 64}]}, {"Node Type": "Index Scan", "Parent Relationship": "Inner", "Parallel Aware": false, "Async Capable": false, "Scan Direction": "Forward", "Index Name": "idx_comments_userid", "Relation Name": "comments", "Alias": "c", "Startup Cost": 0.29, "Total Cost": 4.76, "Plan Rows": 4, "Plan Width": 8, "Actual Rows": 841, "Actual Loops": 74, "Index Cond": "(userid = v.userid)", "Rows Removed by Index Recheck": 0, "Filter": "((creationdate >= '2011-06-21 12:15:11'::timestamp without time zone) AND (creationdate <= '2013-01-01 22:13:16'::timestamp without time zone))", "Rows Removed by Filter": 4346}]}, {"Node Type": "Index Scan", "Parent Relationship": "Inner", "Parallel Aware": false, "Async Capable": false, "Scan Direction": "Forward", "Index Name": "posts_pkey", "Relation Name": "posts", "Alias": "p", "Startup Cost": 0.29, "Total Cost": 0.4, "Plan Rows": 1, "Plan Width": 4, "Actual Rows": 0, "Actual Loops": 62229, "Index Cond": "(id = c.postid)", "Rows Removed by Index Recheck": 0, "Filter": "((score >= 7) AND (score <= 44) AND (commentcount <= 25))", "Rows Removed by Filter": 1}]}, {"Node Type": "Index Scan", "Parent Relationship": "Inner", "Parallel Aware": false, "Async Capable": false, "Scan Direction": "Forward", "Index Name": "idx_posthistory_postid", "Relation Name": "posthistory", "Alias": "ph", "Startup Cost": 0.42, "Total Cost": 0.71, "Plan Rows": 1, "Plan Width": 4, "Actual Rows": 0, "Actual Loops": 10841, "Index Cond": "(postid = c.postid)", "Rows Removed by Index Recheck": 0, "Filter": "((creationdate <= '2013-03-22 03:35:40'::timestamp without time zone) AND (posthistorytypeid = 16))", "Rows Removed by Filter": 5}]}, {"Node Type": "Index Only Scan", "Parent Relationship": "Inner", "Parallel Aware": false, "Async Capable": false, "Scan Direction": "Forward", "Index Name": "idx_postlinks_postid", "Relation Name": "postlinks", "Alias": "pl", "Startup Cost": 0.29, "Total Cost": 0.3, "Plan Rows": 1, "Plan Width": 4, "Actual Rows": 0, "Actual Loops": 759, "Index Cond": "(postid = c.postid)", "Rows Removed by Index Recheck": 0, "Heap Fetches": 0}]}]}, "Planning Time": 5.099, "Triggers": [], "Execution Time": 188.78}, {"Plan": {"Node Type": "Aggregate", "Strategy": "Plain", "Partial Mode": "Simple", "Parallel Aware": false, "Async Capable": false, "Startup Cost": 1059.45, "Total Cost": 1059.46, "Plan Rows": 1, "Plan Width": 8, "Actual Rows": 1, "Actual Loops": 1, "Plans": [{"Node Type": "Nested Loop", "Parent Relationship": "Outer", "Parallel Aware": false, "Async Capable": false, "Join Type": "Inner", "Startup Cost": 1.72, "Total Cost": 1059.45, "Plan Rows": 1, "Plan Width": 0, "Actual Rows": 368, "Actual Loops": 1, "Inner Unique": false, "Join Filter": "(p.id = ph.postid)", "Rows Removed by Join Filter": 0, "Plans": [{"Node Type": "Nested Loop", "Parent Relationship": "Outer", "Parallel Aware": false, "Async Capable": false, "Join Type": "Inner", "Startup Cost": 1.29, "Total Cost": 1058.73, "Plan Rows": 1, "Plan Width": 12, "Actual Rows": 3274, "Actual Loops": 1, "Inner Unique": true, "Join Filter": "(p.id = pl.postid)", "Rows Removed by Join Filter": 0, "Plans": [{"Node Type": "Nested Loop", "Parent Relationship": "Outer", "Parallel Aware": false, "Async Capable": false, "Join Type": "Inner", "Startup Cost": 1.0, "Total Cost": 1058.32, "Plan Rows": 1, "Plan Width": 8, "Actual Rows": 15454, "Actual Loops": 1, "Inner Unique": false, "Plans": [{"Node Type": "Nested Loop", "Parent Relationship": "Outer", "Parallel Aware": false, "Async Capable": false, "Join Type": "Inner", "Startup Cost": 0.72, "Total Cost": 1057.69, "Plan Rows": 2, "Plan Width": 4, "Actual Rows": 62229, "Actual Loops": 1, "Inner Unique": false, "Join Filter": "(c.userid = u.id)", "Rows Removed by Join Filter": 0, "Plans": [{"Node Type": "Nested Loop", "Parent Relationship": "Outer", "Parallel Aware": false, "Async Capable": false, "Join Type": "Inner", "Startup Cost": 0.42, "Total Cost": 1052.89, "Plan Rows": 1, "Plan Width": 8, "Actual Rows": 74, "Actual Loops": 1, "Inner Unique": false, "Plans": [{"Node Type": "Seq Scan", "Parent Relationship": "Outer", "Parallel Aware": false, "Async Capable": false, "Relation Name": "users", "Alias": "u", "Startup Cost": 0.0, "Total Cost": 901.88, "Plan Rows": 6, "Plan Width": 4, "Actual Rows": 43, "Actual Loops": 1, "Filter": "((views >= 752) AND (creationdate <= '2011-07-23 08:47:23'::timestamp without time zone))", "Rows Removed by Filter": 40282}, {"Node Type": "Index Scan", "Parent Relationship": "Inner", "Parallel Aware": false, "Async Capable": false, "Scan Direction": "Forward", "Index Name": "idx_votes_userid", "Relation Name": "votes", "Alias": "v", "Startup Cost": 0.42, "Total Cost": 25.16, "Plan Rows": 1, "Plan Width": 4, "Actual Rows": 2, "Actual Loops": 43, "Index Cond": "(userid = u.id)", "Rows Removed by Index Recheck": 0, "Filter": "((bountyamount <= 280) AND (creationdate >= '2011-09-15 13:07:29'::timestamp without time zone) AND (creationdate <= '2014-08-13 20:10:21'::timestamp without time zone))", "Rows Removed by Filter": 64}]}, {"Node Type": "Index Scan", "Parent Relationship": "Inner", "Parallel Aware": false, "Async Capable": false, "Scan Direction": "Forward", "Index Name": "idx_comments_userid", "Relation Name": "comments", "Alias": "c", "Startup Cost": 0.29, "Total Cost": 4.76, "Plan Rows": 4, "Plan Width": 8, "Actual Rows": 841, "Actual Loops": 74, "Index Cond": "(userid = v.userid)", "Rows Removed by Index Recheck": 0, "Filter": "((creationdate >= '2011-06-21 12:15:11'::timestamp without time zone) AND (creationdate <= '2013-01-01 22:13:16'::timestamp without time zone))", "Rows Removed by Filter": 4346}]}, {"Node Type": "Index Only Scan", "Parent Relationship": "Inner", "Parallel Aware": false, "Async Capable": false, "Scan Direction": "Forward", "Index Name": "idx_postlinks_postid", "Relation Name": "postlinks", "Alias": "pl", "Startup Cost": 0.29, "Total Cost": 0.3, "Plan Rows": 1, "Plan Width": 4, "Actual Rows": 0, "Actual Loops": 62229, "Index Cond": "(postid = c.postid)", "Rows Removed by Index Recheck": 0, "Heap Fetches": 0}]}, {"Node Type": "Index Scan", "Parent Relationship": "Inner", "Parallel Aware": false, "Async Capable": false, "Scan Direction": "Forward", "Index Name": "posts_pkey", "Relation Name": "posts", "Alias": "p", "Startup Cost": 0.29, "Total Cost": 0.4, "Plan Rows": 1, "Plan Width": 4, "Actual Rows": 0, "Actual Loops": 15454, "Index Cond": "(id = c.postid)", "Rows Removed by Index Recheck": 0, "Filter": "((score >= 7) AND (score <= 44) AND (commentcount <= 25))", "Rows Removed by Filter": 1}]}, {"Node Type": "Index Scan", "Parent Relationship": "Inner", "Parallel Aware": false, "Async Capable": false, "Scan Direction": "Forward", "Index Name": "idx_posthistory_postid", "Relation Name": "posthistory", "Alias": "ph", "Startup Cost": 0.42, "Total Cost": 0.71, "Plan Rows": 1, "Plan Width": 4, "Actual Rows": 0, "Actual Loops": 3274, "Index Cond": "(postid = c.postid)", "Rows Removed by Index Recheck": 0, "Filter": "((creationdate <= '2013-03-22 03:35:40'::timestamp without time zone) AND (posthistorytypeid = 16))", "Rows Removed by Filter": 7}]}]}, "Planning Time": 4.748, "Triggers": [], "Execution Time": 143.684}, {"Plan": {"Node Type": "Aggregate", "Strategy": "Plain", "Partial Mode": "Finalize", "Parallel Aware": false, "Async Capable": false, "Startup Cost": 9265.78, "Total Cost": 9265.79, "Plan Rows": 1, "Plan Width": 8, "Actual Rows": 1, "Actual Loops": 1, "Plans": [{"Node Type": "Gather", "Parent Relationship": "Outer", "Parallel Aware": false, "Async Capable": false, "Startup Cost": 9265.66, "Total Cost": 9265.77, "Plan Rows": 1, "Plan Width": 8, "Actual Rows": 2, "Actual Loops": 1, "Workers Planned": 1, "Workers Launched": 1, "Single Copy": false, "Plans": [{"Node Type": "Aggregate", "Strategy": "Plain", "Partial Mode": "Partial", "Parent Relationship": "Outer", "Parallel Aware": false, "Async Capable": false, "Startup Cost": 8265.66, "Total Cost": 8265.67, "Plan Rows": 1, "Plan Width": 8, "Actual Rows": 1, "Actual Loops": 2, "Workers": [], "Plans": [{"Node Type": "Hash Join", "Parent Relationship": "Outer", "Parallel Aware": false, "Async Capable": false, "Join Type": "Inner", "Startup Cost": 1058.63, "Total Cost": 8265.66, "Plan Rows": 1, "Plan Width": 0, "Actual Rows": 184, "Actual Loops": 2, "Inner Unique": false, "Hash Cond": "(p.id = pl.postid)", "Workers": [], "Plans": [{"Node Type": "Nested Loop", "Parent Relationship": "Outer", "Parallel Aware": false, "Async Capable": false, "Join Type": "Inner", "Startup Cost": 0.29, "Total Cost": 7207.11, "Plan Rows": 55, "Plan Width": 8, "Actual Rows": 286, "Actual Loops": 2, "Inner Unique": true, "Workers": [], "Plans": [{"Node Type": "Seq Scan", "Parent Relationship": "Outer", "Parallel Aware": true, "Async Capable": false, "Relation Name": "posthistory", "Alias": "ph", "Startup Cost": 0.0, "Total Cost": 4915.18, "Plan Rows": 605, "Plan Width": 4, "Actual Rows": 810, "Actual Loops": 2, "Filter": "((creationdate <= '2013-03-22 03:35:40'::timestamp without time zone) AND (posthistorytypeid = 16))", "Rows Removed by Filter": 150783, "Workers": []}, {"Node Type": "Index Scan", "Parent Relationship": "Inner", "Parallel Aware": false, "Async Capable": false, "Scan Direction": "Forward", "Index Name": "posts_pkey", "Relation Name": "posts", "Alias": "p", "Startup Cost": 0.29, "Total Cost": 3.79, "Plan Rows": 1, "Plan Width": 4, "Actual Rows": 0, "Actual Loops": 1621, "Index Cond": "(id = ph.postid)", "Rows Removed by Index Recheck": 0, "Filter": "((score >= 7) AND (score <= 44) AND (commentcount <= 25))", "Rows Removed by Filter": 1, "Workers": []}]}, {"Node Type": "Hash", "Parent Relationship": "Inner", "Parallel Aware": false, "Async Capable": false, "Startup Cost": 1058.32, "Total Cost": 1058.32, "Plan Rows": 1, "Plan Width": 8, "Actual Rows": 15454, "Actual Loops": 2, "Hash Buckets": 16384, "Original Hash Buckets": 1024, "Hash Batches": 1, "Original Hash Batches": 1, "Peak Memory Usage": 732, "Workers": [], "Plans": [{"Node Type": "Nested Loop", "Parent Relationship": "Outer", "Parallel Aware": false, "Async Capable": false, "Join Type": "Inner", "Startup Cost": 1.0, "Total Cost": 1058.32, "Plan Rows": 1, "Plan Width": 8, "Actual Rows": 15454, "Actual Loops": 2, "Inner Unique": false, "Workers": [], "Plans": [{"Node Type": "Nested Loop", "Parent Relationship": "Outer", "Parallel Aware": false, "Async Capable": false, "Join Type": "Inner", "Startup Cost": 0.72, "Total Cost": 1057.69, "Plan Rows": 2, "Plan Width": 4, "Actual Rows": 62229, "Actual Loops": 2, "Inner Unique": false, "Join Filter": "(c.userid = u.id)", "Rows Removed by Join Filter": 0, "Workers": [], "Plans": [{"Node Type": "Nested Loop", "Parent Relationship": "Outer", "Parallel Aware": false, "Async Capable": false, "Join Type": "Inner", "Startup Cost": 0.42, "Total Cost": 1052.89, "Plan Rows": 1, "Plan Width": 8, "Actual Rows": 74, "Actual Loops": 2, "Inner Unique": false, "Workers": [], "Plans": [{"Node Type": "Seq Scan", "Parent Relationship": "Outer", "Parallel Aware": false, "Async Capable": false, "Relation Name": "users", "Alias": "u", "Startup Cost": 0.0, "Total Cost": 901.88, "Plan Rows": 6, "Plan Width": 4, "Actual Rows": 43, "Actual Loops": 2, "Filter": "((views >= 752) AND (creationdate <= '2011-07-23 08:47:23'::timestamp without time zone))", "Rows Removed by Filter": 40282, "Workers": []}, {"Node Type": "Index Scan", "Parent Relationship": "Inner", "Parallel Aware": false, "Async Capable": false, "Scan Direction": "Forward", "Index Name": "idx_votes_userid", "Relation Name": "votes", "Alias": "v", "Startup Cost": 0.42, "Total Cost": 25.16, "Plan Rows": 1, "Plan Width": 4, "Actual Rows": 2, "Actual Loops": 86, "Index Cond": "(userid = u.id)", "Rows Removed by Index Recheck": 0, "Filter": "((bountyamount <= 280) AND (creationdate >= '2011-09-15 13:07:29'::timestamp without time zone) AND (creationdate <= '2014-08-13 20:10:21'::timestamp without time zone))", "Rows Removed by Filter": 64, "Workers": []}]}, {"Node Type": "Index Scan", "Parent Relationship": "Inner", "Parallel Aware": false, "Async Capable": false, "Scan Direction": "Forward", "Index Name": "idx_comments_userid", "Relation Name": "comments", "Alias": "c", "Startup Cost": 0.29, "Total Cost": 4.76, "Plan Rows": 4, "Plan Width": 8, "Actual Rows": 841, "Actual Loops": 148, "Index Cond": "(userid = v.userid)", "Rows Removed by Index Recheck": 0, "Filter": "((creationdate >= '2011-06-21 12:15:11'::timestamp without time zone) AND (creationdate <= '2013-01-01 22:13:16'::timestamp without time zone))", "Rows Removed by Filter": 4346, "Workers": []}]}, {"Node Type": "Index Only Scan", "Parent Relationship": "Inner", "Parallel Aware": false, "Async Capable": false, "Scan Direction": "Forward", "Index Name": "idx_postlinks_postid", "Relation Name": "postlinks", "Alias": "pl", "Startup Cost": 0.29, "Total Cost": 0.3, "Plan Rows": 1, "Plan Width": 4, "Actual Rows": 0, "Actual Loops": 124458, "Index Cond": "(postid = c.postid)", "Rows Removed by Index Recheck": 0, "Heap Fetches": 0, "Workers": []}]}]}]}]}]}]}, "Planning Time": 10.424, "Triggers": [], "Execution Time": 236.635}]