[{"Plan": {"Node Type": "Aggregate", "Strategy": "Plain", "Partial Mode": "Simple", "Parallel Aware": false, "Async Capable": false, "Startup Cost": 1846.46, "Total Cost": 1846.47, "Plan Rows": 1, "Plan Width": 8, "Actual Rows": 1, "Actual Loops": 1, "Plans": [{"Node Type": "Nested Loop", "Parent Relationship": "Outer", "Parallel Aware": false, "Async Capable": false, "Join Type": "Inner", "Startup Cost": 0.59, "Total Cost": 1846.45, "Plan Rows": 1, "Plan Width": 0, "Actual Rows": 5, "Actual Loops": 1, "Inner Unique": false, "Plans": [{"Node Type": "Nested Loop", "Parent Relationship": "Outer", "Parallel Aware": false, "Async Capable": false, "Join Type": "Inner", "Startup Cost": 0.29, "Total Cost": 1810.52, "Plan Rows": 1, "Plan Width": 8, "Actual Rows": 4, "Actual Loops": 1, "Inner Unique": false, "Plans": [{"Node Type": "Seq Scan", "Parent Relationship": "Outer", "Parallel Aware": false, "Async Capable": false, "Relation Name": "users", "Alias": "u", "Startup Cost": 0.0, "Total Cost": 1002.69, "Plan Rows": 62, "Plan Width": 4, "Actual Rows": 211, "Actual Loops": 1, "Filter": "((reputation >= 330) AND (creationdate >= '2010-10-15 03:04:55'::timestamp without time zone) AND (creationdate <= '2011-07-29 00:07:08'::timestamp without time zone))", "Rows Removed by Filter": 40114}, {"Node Type": "Index Scan", "Parent Relationship": "Inner", "Parallel Aware": false, "Async Capable": false, "Scan Direction": "Forward", "Index Name": "idx_posts_owneruserid", "Relation Name": "posts", "Alias": "p", "Startup Cost": 0.29, "Total Cost": 13.02, "Plan Rows": 1, "Plan Width": 4, "Actual Rows": 0, "Actual Loops": 211, "Index Cond": "(owneruserid = u.id)", "Rows Removed by Index Recheck": 0, "Filter": "((answercount >= 12) AND (answercount <= 36) AND (commentcount >= 6) AND (commentcount <= 38) AND (creationdate >= '2010-07-11 19:55:41'::timestamp without time zone) AND (creationdate <= '2013-05-01 02:09:41'::timestamp without time zone))", "Rows Removed by Filter": 48}]}, {"Node Type": "Index Scan", "Parent Relationship": "Inner", "Parallel Aware": false, "Async Capable": false, "Scan Direction": "Forward", "Index Name": "idx_comments_userid", "Relation Name": "comments", "Alias": "c", "Startup Cost": 0.29, "Total Cost": 35.93, "Plan Rows": 1, "Plan Width": 4, "Actual Rows": 1, "Actual Loops": 4, "Index Cond": "(userid = u.id)", "Rows Removed by Index Recheck": 0, "Filter": "(creationdate >= '2014-08-04 15:57:44'::timestamp without time zone)", "Rows Removed by Filter": 308}]}]}, "Planning Time": 0.661, "Triggers": [], "Execution Time": 7.407}, {"Plan": {"Node Type": "Aggregate", "Strategy": "Plain", "Partial Mode": "Simple", "Parallel Aware": false, "Async Capable": false, "Startup Cost": 1846.46, "Total Cost": 1846.47, "Plan Rows": 1, "Plan Width": 8, "Actual Rows": 1, "Actual Loops": 1, "Plans": [{"Node Type": "Nested Loop", "Parent Relationship": "Outer", "Parallel Aware": false, "Async Capable": false, "Join Type": "Inner", "Startup Cost": 0.59, "Total Cost": 1846.45, "Plan Rows": 1, "Plan Width": 0, "Actual Rows": 5, "Actual Loops": 1, "Inner Unique": false, "Plans": [{"Node Type": "Nested Loop", "Parent Relationship": "Outer", "Parallel Aware": false, "Async Capable": false, "Join Type": "Inner", "Startup Cost": 0.29, "Total Cost": 1810.52, "Plan Rows": 1, "Plan Width": 8, "Actual Rows": 4, "Actual Loops": 1, "Inner Unique": false, "Plans": [{"Node Type": "Seq Scan", "Parent Relationship": "Outer", "Parallel Aware": false, "Async Capable": false, "Relation Name": "users", "Alias": "u", "Startup Cost": 0.0, "Total Cost": 1002.69, "Plan Rows": 62, "Plan Width": 4, "Actual Rows": 211, "Actual Loops": 1, "Filter": "((reputation >= 330) AND (creationdate >= '2010-10-15 03:04:55'::timestamp without time zone) AND (creationdate <= '2011-07-29 00:07:08'::timestamp without time zone))", "Rows Removed by Filter": 40114}, {"Node Type": "Index Scan", "Parent Relationship": "Inner", "Parallel Aware": false, "Async Capable": false, "Scan Direction": "Forward", "Index Name": "idx_posts_owneruserid", "Relation Name": "posts", "Alias": "p", "Startup Cost": 0.29, "Total Cost": 13.02, "Plan Rows": 1, "Plan Width": 4, "Actual Rows": 0, "Actual Loops": 211, "Index Cond": "(owneruserid = u.id)", "Rows Removed by Index Recheck": 0, "Filter": "((answercount >= 12) AND (answercount <= 36) AND (commentcount >= 6) AND (commentcount <= 38) AND (creationdate >= '2010-07-11 19:55:41'::timestamp without time zone) AND (creationdate <= '2013-05-01 02:09:41'::timestamp without time zone))", "Rows Removed by Filter": 48}]}, {"Node Type": "Index Scan", "Parent Relationship": "Inner", "Parallel Aware": false, "Async Capable": false, "Scan Direction": "Forward", "Index Name": "idx_comments_userid", "Relation Name": "comments", "Alias": "c", "Startup Cost": 0.29, "Total Cost": 35.93, "Plan Rows": 1, "Plan Width": 4, "Actual Rows": 1, "Actual Loops": 4, "Index Cond": "(userid = u.id)", "Rows Removed by Index Recheck": 0, "Filter": "(creationdate >= '2014-08-04 15:57:44'::timestamp without time zone)", "Rows Removed by Filter": 308}]}]}, "Planning Time": 0.584, "Triggers": [], "Execution Time": 4.836}, {"Plan": {"Node Type": "Aggregate", "Strategy": "Plain", "Partial Mode": "Simple", "Parallel Aware": false, "Async Capable": false, "Startup Cost": 6370.62, "Total Cost": 6370.63, "Plan Rows": 1, "Plan Width": 8, "Actual Rows": 1, "Actual Loops": 1, "Plans": [{"Node Type": "Nested Loop", "Parent Relationship": "Outer", "Parallel Aware": false, "Async Capable": false, "Join Type": "Inner", "Startup Cost": 0.29, "Total Cost": 6370.61, "Plan Rows": 1, "Plan Width": 0, "Actual Rows": 5, "Actual Loops": 1, "Inner Unique": false, "Join Filter": "(p.owneruserid = u.id)", "Rows Removed by Join Filter": 8036, "Plans": [{"Node Type": "Seq Scan", "Parent Relationship": "Outer", "Parallel Aware": false, "Async Capable": false, "Relation Name": "posts", "Alias": "p", "Startup Cost": 0.0, "Total Cost": 3139.4, "Plan Rows": 2, "Plan Width": 4, "Actual Rows": 17, "Actual Loops": 1, "Filter": "((answercount >= 12) AND (answercount <= 36) AND (commentcount >= 6) AND (commentcount <= 38) AND (creationdate >= '2010-07-11 19:55:41'::timestamp without time zone) AND (creationdate <= '2013-05-01 02:09:41'::timestamp without time zone))", "Rows Removed by Filter": 91959}, {"Node Type": "Materialize", "Parent Relationship": "Inner", "Parallel Aware": false, "Async Capable": false, "Startup Cost": 0.29, "Total Cost": 3230.91, "Plan Rows": 11, "Plan Width": 8, "Actual Rows": 473, "Actual Loops": 17, "Plans": [{"Node Type": "Nested Loop", "Parent Relationship": "Outer", "Parallel Aware": false, "Async Capable": false, "Join Type": "Inner", "Startup Cost": 0.29, "Total Cost": 3230.86, "Plan Rows": 11, "Plan Width": 8, "Actual Rows": 473, "Actual Loops": 1, "Inner Unique": false, "Plans": [{"Node Type": "Seq Scan", "Parent Relationship": "Outer", "Parallel Aware": false, "Async Capable": false, "Relation Name": "users", "Alias": "u", "Startup Cost": 0.0, "Total Cost": 1002.69, "Plan Rows": 62, "Plan Width": 4, "Actual Rows": 211, "Actual Loops": 1, "Filter": "((reputation >= 330) AND (creationdate >= '2010-10-15 03:04:55'::timestamp without time zone) AND (creationdate <= '2011-07-29 00:07:08'::timestamp without time zone))", "Rows Removed by Filter": 40114}, {"Node Type": "Index Scan", "Parent Relationship": "Inner", "Parallel Aware": false, "Async Capable": false, "Scan Direction": "Forward", "Index Name": "idx_comments_userid", "Relation Name": "comments", "Alias": "c", "Startup Cost": 0.29, "Total Cost": 35.93, "Plan Rows": 1, "Plan Width": 4, "Actual Rows": 2, "Actual Loops": 211, "Index Cond": "(userid = u.id)", "Rows Removed by Index Recheck": 0, "Filter": "(creationdate >= '2014-08-04 15:57:44'::timestamp without time zone)", "Rows Removed by Filter": 116}]}]}]}]}, "Planning Time": 0.869, "Triggers": [], "Execution Time": 31.31}, {"Plan": {"Node Type": "Aggregate", "Strategy": "Plain", "Partial Mode": "Simple", "Parallel Aware": false, "Async Capable": false, "Startup Cost": 4238.43, "Total Cost": 4238.44, "Plan Rows": 1, "Plan Width": 8, "Actual Rows": 1, "Actual Loops": 1, "Plans": [{"Node Type": "Hash Join", "Parent Relationship": "Outer", "Parallel Aware": false, "Async Capable": false, "Join Type": "Inner", "Startup Cost": 3231.47, "Total Cost": 4238.43, "Plan Rows": 1, "Plan Width": 0, "Actual Rows": 5, "Actual Loops": 1, "Inner Unique": false, "Hash Cond": "(u.id = p.owneruserid)", "Plans": [{"Node Type": "Seq Scan", "Parent Relationship": "Outer", "Parallel Aware": false, "Async Capable": false, "Relation Name": "users", "Alias": "u", "Startup Cost": 0.0, "Total Cost": 1002.69, "Plan Rows": 62, "Plan Width": 4, "Actual Rows": 211, "Actual Loops": 1, "Filter": "((reputation >= 330) AND (creationdate >= '2010-10-15 03:04:55'::timestamp without time zone) AND (creationdate <= '2011-07-29 00:07:08'::timestamp without time zone))", "Rows Removed by Filter": 40114}, {"Node Type": "Hash", "Parent Relationship": "Inner", "Parallel Aware": false, "Async Capable": false, "Startup Cost": 3230.81, "Total Cost": 3230.81, "Plan Rows": 53, "Plan Width": 8, "Actual Rows": 54, "Actual Loops": 1, "Hash Buckets": 1024, "Original Hash Buckets": 1024, "Hash Batches": 1, "Original Hash Batches": 1, "Peak Memory Usage": 11, "Plans": [{"Node Type": "Nested Loop", "Parent Relationship": "Outer", "Parallel Aware": false, "Async Capable": false, "Join Type": "Inner", "Startup Cost": 0.29, "Total Cost": 3230.81, "Plan Rows": 53, "Plan Width": 8, "Actual Rows": 54, "Actual Loops": 1, "Inner Unique": false, "Plans": [{"Node Type": "Seq Scan", "Parent Relationship": "Outer", "Parallel Aware": false, "Async Capable": false, "Relation Name": "posts", "Alias": "p", "Startup Cost": 0.0, "Total Cost": 3139.4, "Plan Rows": 2, "Plan Width": 4, "Actual Rows": 17, "Actual Loops": 1, "Filter": "((answercount >= 12) AND (answercount <= 36) AND (commentcount >= 6) AND (commentcount <= 38) AND (creationdate >= '2010-07-11 19:55:41'::timestamp without time zone) AND (creationdate <= '2013-05-01 02:09:41'::timestamp without time zone))", "Rows Removed by Filter": 91959}, {"Node Type": "Index Scan", "Parent Relationship": "Inner", "Parallel Aware": false, "Async Capable": false, "Scan Direction": "Forward", "Index Name": "idx_comments_userid", "Relation Name": "comments", "Alias": "c", "Startup Cost": 0.29, "Total Cost": 45.69, "Plan Rows": 1, "Plan Width": 4, "Actual Rows": 3, "Actual Loops": 17, "Index Cond": "(userid = p.owneruserid)", "Rows Removed by Index Recheck": 0, "Filter": "(creationdate >= '2014-08-04 15:57:44'::timestamp without time zone)", "Rows Removed by Filter": 326}]}]}]}]}, "Planning Time": 0.874, "Triggers": [], "Execution Time": 15.205}, {"Plan": {"Node Type": "Aggregate", "Strategy": "Plain", "Partial Mode": "Simple", "Parallel Aware": false, "Async Capable": false, "Startup Cost": 3259.63, "Total Cost": 3259.64, "Plan Rows": 1, "Plan Width": 8, "Actual Rows": 1, "Actual Loops": 1, "Plans": [{"Node Type": "Nested Loop", "Parent Relationship": "Outer", "Parallel Aware": false, "Async Capable": false, "Join Type": "Inner", "Startup Cost": 0.58, "Total Cost": 3259.62, "Plan Rows": 1, "Plan Width": 0, "Actual Rows": 5, "Actual Loops": 1, "Inner Unique": true, "Join Filter": "(p.owneruserid = u.id)", "Rows Removed by Join Filter": 0, "Plans": [{"Node Type": "Nested Loop", "Parent Relationship": "Outer", "Parallel Aware": false, "Async Capable": false, "Join Type": "Inner", "Startup Cost": 0.29, "Total Cost": 3230.81, "Plan Rows": 53, "Plan Width": 8, "Actual Rows": 54, "Actual Loops": 1, "Inner Unique": false, "Plans": [{"Node Type": "Seq Scan", "Parent Relationship": "Outer", "Parallel Aware": false, "Async Capable": false, "Relation Name": "posts", "Alias": "p", "Startup Cost": 0.0, "Total Cost": 3139.4, "Plan Rows": 2, "Plan Width": 4, "Actual Rows": 17, "Actual Loops": 1, "Filter": "((answercount >= 12) AND (answercount <= 36) AND (commentcount >= 6) AND (commentcount <= 38) AND (creationdate >= '2010-07-11 19:55:41'::timestamp without time zone) AND (creationdate <= '2013-05-01 02:09:41'::timestamp without time zone))", "Rows Removed by Filter": 91959}, {"Node Type": "Index Scan", "Parent Relationship": "Inner", "Parallel Aware": false, "Async Capable": false, "Scan Direction": "Forward", "Index Name": "idx_comments_userid", "Relation Name": "comments", "Alias": "c", "Startup Cost": 0.29, "Total Cost": 45.69, "Plan Rows": 1, "Plan Width": 4, "Actual Rows": 3, "Actual Loops": 17, "Index Cond": "(userid = p.owneruserid)", "Rows Removed by Index Recheck": 0, "Filter": "(creationdate >= '2014-08-04 15:57:44'::timestamp without time zone)", "Rows Removed by Filter": 326}]}, {"Node Type": "Index Scan", "Parent Relationship": "Inner", "Parallel Aware": false, "Async Capable": false, "Scan Direction": "Forward", "Index Name": "users_pkey", "Relation Name": "users", "Alias": "u", "Startup Cost": 0.29, "Total Cost": 0.53, "Plan Rows": 1, "Plan Width": 4, "Actual Rows": 0, "Actual Loops": 54, "Index Cond": "(id = c.userid)", "Rows Removed by Index Recheck": 0, "Filter": "((reputation >= 330) AND (creationdate >= '2010-10-15 03:04:55'::timestamp without time zone) AND (creationdate <= '2011-07-29 00:07:08'::timestamp without time zone))", "Rows Removed by Filter": 1}]}]}, "Planning Time": 0.775, "Triggers": [], "Execution Time": 10.504}, {"Plan": {"Node Type": "Aggregate", "Strategy": "Plain", "Partial Mode": "Simple", "Parallel Aware": false, "Async Capable": false, "Startup Cost": 3241.27, "Total Cost": 3241.28, "Plan Rows": 1, "Plan Width": 8, "Actual Rows": 1, "Actual Loops": 1, "Plans": [{"Node Type": "Nested Loop", "Parent Relationship": "Outer", "Parallel Aware": false, "Async Capable": false, "Join Type": "Inner", "Startup Cost": 0.59, "Total Cost": 3241.27, "Plan Rows": 1, "Plan Width": 0, "Actual Rows": 5, "Actual Loops": 1, "Inner Unique": false, "Join Filter": "(p.owneruserid = u.id)", "Rows Removed by Join Filter": 0, "Plans": [{"Node Type": "Nested Loop", "Parent Relationship": "Outer", "Parallel Aware": false, "Async Capable": false, "Join Type": "Inner", "Startup Cost": 0.29, "Total Cost": 3230.86, "Plan Rows": 11, "Plan Width": 8, "Actual Rows": 473, "Actual Loops": 1, "Inner Unique": false, "Plans": [{"Node Type": "Seq Scan", "Parent Relationship": "Outer", "Parallel Aware": false, "Async Capable": false, "Relation Name": "users", "Alias": "u", "Startup Cost": 0.0, "Total Cost": 1002.69, "Plan Rows": 62, "Plan Width": 4, "Actual Rows": 211, "Actual Loops": 1, "Filter": "((reputation >= 330) AND (creationdate >= '2010-10-15 03:04:55'::timestamp without time zone) AND (creationdate <= '2011-07-29 00:07:08'::timestamp without time zone))", "Rows Removed by Filter": 40114}, {"Node Type": "Index Scan", "Parent Relationship": "Inner", "Parallel Aware": false, "Async Capable": false, "Scan Direction": "Forward", "Index Name": "idx_comments_userid", "Relation Name": "comments", "Alias": "c", "Startup Cost": 0.29, "Total Cost": 35.93, "Plan Rows": 1, "Plan Width": 4, "Actual Rows": 2, "Actual Loops": 211, "Index Cond": "(userid = u.id)", "Rows Removed by Index Recheck": 0, "Filter": "(creationdate >= '2014-08-04 15:57:44'::timestamp without time zone)", "Rows Removed by Filter": 116}]}, {"Node Type": "Index Scan", "Parent Relationship": "Inner", "Parallel Aware": false, "Async Capable": false, "Scan Direction": "Forward", "Index Name": "idx_posts_owneruserid", "Relation Name": "posts", "Alias": "p", "Startup Cost": 0.29, "Total Cost": 0.93, "Plan Rows": 1, "Plan Width": 4, "Actual Rows": 0, "Actual Loops": 473, "Index Cond": "(owneruserid = c.userid)", "Rows Removed by Index Recheck": 0, "Filter": "((answercount >= 12) AND (answercount <= 36) AND (commentcount >= 6) AND (commentcount <= 38) AND (creationdate >= '2010-07-11 19:55:41'::timestamp without time zone) AND (creationdate <= '2013-05-01 02:09:41'::timestamp without time zone))", "Rows Removed by Filter": 220}]}]}, "Planning Time": 0.807, "Triggers": [], "Execution Time": 39.101}, {"Plan": {"Node Type": "Aggregate", "Strategy": "Plain", "Partial Mode": "Simple", "Parallel Aware": false, "Async Capable": false, "Startup Cost": 5361.8, "Total Cost": 5361.81, "Plan Rows": 1, "Plan Width": 8, "Actual Rows": 1, "Actual Loops": 1, "Plans": [{"Node Type": "Hash Join", "Parent Relationship": "Outer", "Parallel Aware": false, "Async Capable": false, "Join Type": "Inner", "Startup Cost": 1810.53, "Total Cost": 5361.79, "Plan Rows": 1, "Plan Width": 0, "Actual Rows": 5, "Actual Loops": 1, "Inner Unique": false, "Hash Cond": "(c.userid = u.id)", "Plans": [{"Node Type": "Seq Scan", "Parent Relationship": "Outer", "Parallel Aware": false, "Async Capable": false, "Relation Name": "comments", "Alias": "c", "Startup Cost": 0.0, "Total Cost": 3522.81, "Plan Rows": 7585, "Plan Width": 4, "Actual Rows": 7600, "Actual Loops": 1, "Filter": "(creationdate >= '2014-08-04 15:57:44'::timestamp without time zone)", "Rows Removed by Filter": 166705}, {"Node Type": "Hash", "Parent Relationship": "Inner", "Parallel Aware": false, "Async Capable": false, "Startup Cost": 1810.52, "Total Cost": 1810.52, "Plan Rows": 1, "Plan Width": 8, "Actual Rows": 4, "Actual Loops": 1, "Hash Buckets": 1024, "Original Hash Buckets": 1024, "Hash Batches": 1, "Original Hash Batches": 1, "Peak Memory Usage": 9, "Plans": [{"Node Type": "Nested Loop", "Parent Relationship": "Outer", "Parallel Aware": false, "Async Capable": false, "Join Type": "Inner", "Startup Cost": 0.29, "Total Cost": 1810.52, "Plan Rows": 1, "Plan Width": 8, "Actual Rows": 4, "Actual Loops": 1, "Inner Unique": false, "Plans": [{"Node Type": "Seq Scan", "Parent Relationship": "Outer", "Parallel Aware": false, "Async Capable": false, "Relation Name": "users", "Alias": "u", "Startup Cost": 0.0, "Total Cost": 1002.69, "Plan Rows": 62, "Plan Width": 4, "Actual Rows": 211, "Actual Loops": 1, "Filter": "((reputation >= 330) AND (creationdate >= '2010-10-15 03:04:55'::timestamp without time zone) AND (creationdate <= '2011-07-29 00:07:08'::timestamp without time zone))", "Rows Removed by Filter": 40114}, {"Node Type": "Index Scan", "Parent Relationship": "Inner", "Parallel Aware": false, "Async Capable": false, "Scan Direction": "Forward", "Index Name": "idx_posts_owneruserid", "Relation Name": "posts", "Alias": "p", "Startup Cost": 0.29, "Total Cost": 13.02, "Plan Rows": 1, "Plan Width": 4, "Actual Rows": 0, "Actual Loops": 211, "Index Cond": "(owneruserid = u.id)", "Rows Removed by Index Recheck": 0, "Filter": "((answercount >= 12) AND (answercount <= 36) AND (commentcount >= 6) AND (commentcount <= 38) AND (creationdate >= '2010-07-11 19:55:41'::timestamp without time zone) AND (creationdate <= '2013-05-01 02:09:41'::timestamp without time zone))", "Rows Removed by Filter": 48}]}]}]}]}, "Planning Time": 0.936, "Triggers": [], "Execution Time": 28.749}]