[{"Plan": {"Node Type": "Aggregate", "Strategy": "Plain", "Partial Mode": "Finalize", "Parallel Aware": false, "Async Capable": false, "Startup Cost": 14534.24, "Total Cost": 14534.25, "Plan Rows": 1, "Plan Width": 8, "Actual Rows": 1, "Actual Loops": 1, "Plans": [{"Node Type": "Gather", "Parent Relationship": "Outer", "Parallel Aware": false, "Async Capable": false, "Startup Cost": 14534.13, "Total Cost": 14534.24, "Plan Rows": 1, "Plan Width": 8, "Actual Rows": 2, "Actual Loops": 1, "Workers Planned": 1, "Workers Launched": 1, "Single Copy": false, "Plans": [{"Node Type": "Aggregate", "Strategy": "Plain", "Partial Mode": "Partial", "Parent Relationship": "Outer", "Parallel Aware": false, "Async Capable": false, "Startup Cost": 13534.13, "Total Cost": 13534.14, "Plan Rows": 1, "Plan Width": 8, "Actual Rows": 1, "Actual Loops": 2, "Workers": [], "Plans": [{"Node Type": "Hash Join", "Parent Relationship": "Outer", "Parallel Aware": false, "Async Capable": false, "Join Type": "Inner", "Startup Cost": 7016.48, "Total Cost": 12393.65, "Plan Rows": 456191, "Plan Width": 0, "Actual Rows": 297910, "Actual Loops": 2, "Inner Unique": false, "Hash Cond": "(p.owneruserid = u.id)", "Workers": [], "Plans": [{"Node Type": "Hash Join", "Parent Relationship": "Outer", "Parallel Aware": false, "Async Capable": false, "Join Type": "Inner", "Startup Cost": 2755.66, "Total Cost": 7834.36, "Plan Rows": 12776, "Plan Width": 4, "Actual Rows": 46500, "Actual Loops": 2, "Inner Unique": true, "Hash Cond": "(v.postid = p.id)", "Workers": [], "Plans": [{"Node Type": "Seq Scan", "Parent Relationship": "Outer", "Parallel Aware": true, "Async Capable": false, "Relation Name": "votes", "Alias": "v", "Startup Cost": 0.0, "Total Cost": 4572.24, "Plan Rows": 192931, "Plan Width": 4, "Actual Rows": 163944, "Actual Loops": 2, "Filter": "(creationdate <= '2014-09-12 00:00:00'::timestamp without time zone)", "Rows Removed by Filter": 88, "Workers": []}, {"Node Type": "Hash", "Parent Relationship": "Inner", "Parallel Aware": false, "Async Capable": false, "Startup Cost": 2679.52, "Total Cost": 2679.52, "Plan Rows": 6091, "Plan Width": 8, "Actual Rows": 13079, "Actual Loops": 2, "Hash Buckets": 16384, "Original Hash Buckets": 8192, "Hash Batches": 1, "Original Hash Batches": 1, "Peak Memory Usage": 638, "Workers": [], "Plans": [{"Node Type": "Seq Scan", "Parent Relationship": "Outer", "Parallel Aware": false, "Async Capable": false, "Relation Name": "posts", "Alias": "p", "Startup Cost": 0.0, "Total Cost": 2679.52, "Plan Rows": 6091, "Plan Width": 8, "Actual Rows": 13079, "Actual Loops": 2, "Filter": "((score >= '-1'::integer) AND (favoritecount >= 0) AND (favoritecount <= 20) AND (posttypeid = 1))", "Rows Removed by Filter": 78897, "Workers": []}]}]}, {"Node Type": "Hash", "Parent Relationship": "Inner", "Parallel Aware": false, "Async Capable": false, "Startup Cost": 3321.03, "Total Cost": 3321.03, "Plan Rows": 75183, "Plan Width": 8, "Actual Rows": 60506, "Actual Loops": 2, "Hash Buckets": 131072, "Original Hash Buckets": 131072, "Hash Batches": 1, "Original Hash Batches": 1, "Peak Memory Usage": 3388, "Workers": [], "Plans": [{"Node Type": "Hash Join", "Parent Relationship": "Outer", "Parallel Aware": false, "Async Capable": false, "Join Type": "Inner", "Startup Cost": 1484.99, "Total Cost": 3321.03, "Plan Rows": 75183, "Plan Width": 8, "Actual Rows": 60506, "Actual Loops": 2, "Inner Unique": true, "Hash Cond": "(b.userid = u.id)", "Workers": [], "Plans": [{"Node Type": "Seq Scan", "Parent Relationship": "Outer", "Parallel Aware": false, "Async Capable": false, "Relation Name": "badges", "Alias": "b", "Startup Cost": 0.0, "Total Cost": 1629.76, "Plan Rows": 78575, "Plan Width": 4, "Actual Rows": 78564, "Actual Loops": 2, "Filter": "((date >= '2010-07-20 19:02:22'::timestamp without time zone) AND (date <= '2014-09-03 23:36:09'::timestamp without time zone))", "Rows Removed by Filter": 1287, "Workers": []}, {"Node Type": "Hash", "Parent Relationship": "Inner", "Parallel Aware": false, "Async Capable": false, "Startup Cost": 1002.69, "Total Cost": 1002.69, "Plan Rows": 38584, "Plan Width": 4, "Actual Rows": 38651, "Actual Loops": 2, "Hash Buckets": 65536, "Original Hash Buckets": 65536, "Hash Batches": 1, "Original Hash Batches": 1, "Peak Memory Usage": 1871, "Workers": [], "Plans": [{"Node Type": "Seq Scan", "Parent Relationship": "Outer", "Parallel Aware": false, "Async Capable": false, "Relation Name": "users", "Alias": "u", "Startup Cost": 0.0, "Total Cost": 1002.69, "Plan Rows": 38584, "Plan Width": 4, "Actual Rows": 38651, "Actual Loops": 2, "Filter": "((downvotes <= 2) AND (upvotes >= 0) AND (creationdate >= '2010-11-26 03:34:11'::timestamp without time zone))", "Rows Removed by Filter": 1674, "Workers": []}]}]}]}]}]}]}]}, "Planning Time": 3.231, "Triggers": [], "Execution Time": 194.154}, {"Plan": {"Node Type": "Aggregate", "Strategy": "Plain", "Partial Mode": "Simple", "Parallel Aware": false, "Async Capable": false, "Startup Cost": 40000063558.32, "Total Cost": 40000063558.33, "Plan Rows": 1, "Plan Width": 8, "Actual Rows": 1, "Actual Loops": 1, "Plans": [{"Node Type": "Hash Join", "Parent Relationship": "Outer", "Parallel Aware": false, "Async Capable": false, "Join Type": "Inner", "Startup Cost": 40000057661.72, "Total Cost": 40000061619.51, "Plan Rows": 775525, "Plan Width": 0, "Actual Rows": 595820, "Actual Loops": 1, "Inner Unique": false, "Hash Cond": "(b.userid = u.id)", "Plans": [{"Node Type": "Index Scan", "Parent Relationship": "Outer", "Parallel Aware": false, "Async Capable": false, "Scan Direction": "Forward", "Index Name": "idx_badges_userid", "Relation Name": "badges", "Alias": "b", "Startup Cost": 10000000000.29, "Total Cost": 10000003264.6, "Plan Rows": 78575, "Plan Width": 4, "Actual Rows": 78564, "Actual Loops": 1, "Filter": "((date >= '2010-07-20 19:02:22'::timestamp without time zone) AND (date <= '2014-09-03 23:36:09'::timestamp without time zone))", "Rows Removed by Filter": 1287}, {"Node Type": "Hash", "Parent Relationship": "Inner", "Parallel Aware": false, "Async Capable": false, "Startup Cost": 30000057405.58, "Total Cost": 30000057405.58, "Plan Rows": 20468, "Plan Width": 8, "Actual Rows": 59978, "Actual Loops": 1, "Hash Buckets": 65536, "Original Hash Buckets": 32768, "Hash Batches": 1, "Original Hash Batches": 1, "Peak Memory Usage": 2855, "Plans": [{"Node Type": "Nested Loop", "Parent Relationship": "Outer", "Parallel Aware": false, "Async Capable": false, "Join Type": "Inner", "Startup Cost": 30000000001.46, "Total Cost": 30000057405.58, "Plan Rows": 20468, "Plan Width": 8, "Actual Rows": 59978, "Actual Loops": 1, "Inner Unique": false, "Plans": [{"Node Type": "Nested Loop", "Parent Relationship": "Outer", "Parallel Aware": false, "Async Capable": false, "Join Type": "Inner", "Startup Cost": 20000000000.67, "Total Cost": 20000029229.68, "Plan Rows": 5740, "Plan Width": 12, "Actual Rows": 9872, "Actual Loops": 1, "Inner Unique": true, "Plans": [{"Node Type": "Index Scan", "Parent Relationship": "Outer", "Parallel Aware": false, "Async Capable": false, "Scan Direction": "Forward", "Index Name": "idx_posts_owneruserid", "Relation Name": "posts", "Alias": "p", "Startup Cost": 10000000000.29, "Total Cost": 10000005013.43, "Plan Rows": 6091, "Plan Width": 8, "Actual Rows": 13079, "Actual Loops": 1, "Filter": "((score >= '-1'::integer) AND (favoritecount >= 0) AND (favoritecount <= 20) AND (posttypeid = 1))", "Rows Removed by Filter": 78897}, {"Node Type": "Memoize", "Parent Relationship": "Inner", "Parallel Aware": false, "Async Capable": false, "Startup Cost": 0.38, "Total Cost": 4.4, "Plan Rows": 1, "Plan Width": 4, "Actual Rows": 1, "Actual Loops": 13079, "Cache Key": "p.owneruserid", "Cache Mode": "logical", "Cache Hits": 6318, "Cache Misses": 6761, "Cache Evictions": 0, "Cache Overflows": 0, "Peak Memory Usage": 663, "Plans": [{"Node Type": "Bitmap Heap Scan", "Parent Relationship": "Outer", "Parallel Aware": false, "Async Capable": false, "Relation Name": "users", "Alias": "u", "Startup Cost": 0.37, "Total Cost": 4.39, "Plan Rows": 1, "Plan Width": 4, "Actual Rows": 1, "Actual Loops": 6761, "Recheck Cond": "(p.owneruserid = id)", "Rows Removed by Index Recheck": 0, "Filter": "((downvotes <= 2) AND (upvotes >= 0) AND (creationdate >= '2010-11-26 03:34:11'::timestamp without time zone))", "Rows Removed by Filter": 0, "Exact Heap Blocks": 6760, "Lossy Heap Blocks": 0, "Plans": [{"Node Type": "Bitmap Index Scan", "Parent Relationship": "Outer", "Parallel Aware": false, "Async Capable": false, "Index Name": "users_pkey", "Startup Cost": 0.0, "Total Cost": 0.37, "Plan Rows": 1, "Plan Width": 0, "Actual Rows": 1, "Actual Loops": 6761, "Index Cond": "(id = p.owneruserid)"}]}]}]}, {"Node Type": "Bitmap Heap Scan", "Parent Relationship": "Inner", "Parallel Aware": false, "Async Capable": false, "Relation Name": "votes", "Alias": "v", "Startup Cost": 0.78, "Total Cost": 4.86, "Plan Rows": 5, "Plan Width": 4, "Actual Rows": 6, "Actual Loops": 9872, "Recheck Cond": "(postid = p.id)", "Rows Removed by Index Recheck": 0, "Filter": "(creationdate <= '2014-09-12 00:00:00'::timestamp without time zone)", "Rows Removed by Filter": 0, "Exact Heap Blocks": 36707, "Lossy Heap Blocks": 0, "Plans": [{"Node Type": "Bitmap Index Scan", "Parent Relationship": "Outer", "Parallel Aware": false, "Async Capable": false, "Index Name": "idx_votes_postid", "Startup Cost": 0.0, "Total Cost": 0.78, "Plan Rows": 5, "Plan Width": 0, "Actual Rows": 6, "Actual Loops": 9872, "Index Cond": "(postid = p.id)"}]}]}]}]}]}, "Planning Time": 1.719, "Triggers": [], "Execution Time": 438.313}, {"Plan": {"Node Type": "Aggregate", "Strategy": "Plain", "Partial Mode": "Finalize", "Parallel Aware": false, "Async Capable": false, "Startup Cost": 24839.02, "Total Cost": 24839.03, "Plan Rows": 1, "Plan Width": 8, "Actual Rows": 1, "Actual Loops": 1, "Plans": [{"Node Type": "Gather", "Parent Relationship": "Outer", "Parallel Aware": false, "Async Capable": false, "Startup Cost": 24838.9, "Total Cost": 24839.01, "Plan Rows": 1, "Plan Width": 8, "Actual Rows": 2, "Actual Loops": 1, "Workers Planned": 1, "Workers Launched": 1, "Single Copy": false, "Plans": [{"Node Type": "Aggregate", "Strategy": "Plain", "Partial Mode": "Partial", "Parent Relationship": "Outer", "Parallel Aware": false, "Async Capable": false, "Startup Cost": 23838.9, "Total Cost": 23838.91, "Plan Rows": 1, "Plan Width": 8, "Actual Rows": 1, "Actual Loops": 2, "Workers": [], "Plans": [{"Node Type": "Hash Join", "Parent Relationship": "Outer", "Parallel Aware": false, "Async Capable": false, "Join Type": "Inner", "Startup Cost": 10788.06, "Total Cost": 22698.43, "Plan Rows": 456191, "Plan Width": 0, "Actual Rows": 297910, "Actual Loops": 2, "Inner Unique": false, "Hash Cond": "(p.owneruserid = u.id)", "Workers": [], "Plans": [{"Node Type": "Hash Join", "Parent Relationship": "Outer", "Parallel Aware": false, "Async Capable": false, "Join Type": "Inner", "Startup Cost": 4235.49, "Total Cost": 15847.39, "Plan Rows": 12776, "Plan Width": 4, "Actual Rows": 46500, "Actual Loops": 2, "Inner Unique": true, "Hash Cond": "(v.postid = p.id)", "Workers": [], "Plans": [{"Node Type": "Index Scan", "Parent Relationship": "Outer", "Parallel Aware": true, "Async Capable": false, "Scan Direction": "Forward", "Index Name": "idx_votes_postid", "Relation Name": "votes", "Alias": "v", "Startup Cost": 0.42, "Total Cost": 11105.86, "Plan Rows": 192931, "Plan Width": 4, "Actual Rows": 163944, "Actual Loops": 2, "Filter": "(creationdate <= '2014-09-12 00:00:00'::timestamp without time zone)", "Rows Removed by Filter": 88, "Workers": []}, {"Node Type": "Hash", "Parent Relationship": "Inner", "Parallel Aware": false, "Async Capable": false, "Startup Cost": 4158.93, "Total Cost": 4158.93, "Plan Rows": 6091, "Plan Width": 8, "Actual Rows": 13079, "Actual Loops": 2, "Hash Buckets": 16384, "Original Hash Buckets": 8192, "Hash Batches": 1, "Original Hash Batches": 1, "Peak Memory Usage": 638, "Workers": [], "Plans": [{"Node Type": "Index Scan", "Parent Relationship": "Outer", "Parallel Aware": false, "Async Capable": false, "Scan Direction": "Forward", "Index Name": "posts_pkey", "Relation Name": "posts", "Alias": "p", "Startup Cost": 0.29, "Total Cost": 4158.93, "Plan Rows": 6091, "Plan Width": 8, "Actual Rows": 13079, "Actual Loops": 2, "Filter": "((score >= '-1'::integer) AND (favoritecount >= 0) AND (favoritecount <= 20) AND (posttypeid = 1))", "Rows Removed by Filter": 78897, "Workers": []}]}]}, {"Node Type": "Hash", "Parent Relationship": "Inner", "Parallel Aware": false, "Async Capable": false, "Startup Cost": 5612.78, "Total Cost": 5612.78, "Plan Rows": 75183, "Plan Width": 8, "Actual Rows": 60506, "Actual Loops": 2, "Hash Buckets": 131072, "Original Hash Buckets": 131072, "Hash Batches": 1, "Original Hash Batches": 1, "Peak Memory Usage": 3388, "Workers": [], "Plans": [{"Node Type": "Hash Join", "Parent Relationship": "Outer", "Parallel Aware": false, "Async Capable": false, "Join Type": "Inner", "Startup Cost": 2142.2, "Total Cost": 5612.78, "Plan Rows": 75183, "Plan Width": 8, "Actual Rows": 60506, "Actual Loops": 2, "Inner Unique": true, "Hash Cond": "(b.userid = u.id)", "Workers": [], "Plans": [{"Node Type": "Index Scan", "Parent Relationship": "Outer", "Parallel Aware": false, "Async Capable": false, "Scan Direction": "Forward", "Index Name": "idx_badges_userid", "Relation Name": "badges", "Alias": "b", "Startup Cost": 0.29, "Total Cost": 3264.6, "Plan Rows": 78575, "Plan Width": 4, "Actual Rows": 78564, "Actual Loops": 2, "Filter": "((date >= '2010-07-20 19:02:22'::timestamp without time zone) AND (date <= '2014-09-03 23:36:09'::timestamp without time zone))", "Rows Removed by Filter": 1287, "Workers": []}, {"Node Type": "Hash", "Parent Relationship": "Inner", "Parallel Aware": false, "Async Capable": false, "Startup Cost": 1659.6, "Total Cost": 1659.6, "Plan Rows": 38584, "Plan Width": 4, "Actual Rows": 38651, "Actual Loops": 2, "Hash Buckets": 65536, "Original Hash Buckets": 65536, "Hash Batches": 1, "Original Hash Batches": 1, "Peak Memory Usage": 1871, "Workers": [], "Plans": [{"Node Type": "Index Scan", "Parent Relationship": "Outer", "Parallel Aware": false, "Async Capable": false, "Scan Direction": "Forward", "Index Name": "users_pkey", "Relation Name": "users", "Alias": "u", "Startup Cost": 0.29, "Total Cost": 1659.6, "Plan Rows": 38584, "Plan Width": 4, "Actual Rows": 38651, "Actual Loops": 2, "Filter": "((downvotes <= 2) AND (upvotes >= 0) AND (creationdate >= '2010-11-26 03:34:11'::timestamp without time zone))", "Rows Removed by Filter": 1674, "Workers": []}]}]}]}]}]}]}]}, "Planning Time": 2.763, "Triggers": [], "Execution Time": 417.851}, {"Plan": {"Node Type": "Aggregate", "Strategy": "Plain", "Partial Mode": "Finalize", "Parallel Aware": false, "Async Capable": false, "Startup Cost": 24524.48, "Total Cost": 24524.49, "Plan Rows": 1, "Plan Width": 8, "Actual Rows": 1, "Actual Loops": 1, "Plans": [{"Node Type": "Gather", "Parent Relationship": "Outer", "Parallel Aware": false, "Async Capable": false, "Startup Cost": 24524.36, "Total Cost": 24524.47, "Plan Rows": 1, "Plan Width": 8, "Actual Rows": 2, "Actual Loops": 1, "Workers Planned": 1, "Workers Launched": 1, "Single Copy": false, "Plans": [{"Node Type": "Aggregate", "Strategy": "Plain", "Partial Mode": "Partial", "Parent Relationship": "Outer", "Parallel Aware": false, "Async Capable": false, "Startup Cost": 23524.36, "Total Cost": 23524.37, "Plan Rows": 1, "Plan Width": 8, "Actual Rows": 1, "Actual Loops": 2, "Workers": [], "Plans": [{"Node Type": "Merge Join", "Parent Relationship": "Outer", "Parallel Aware": false, "Async Capable": false, "Join Type": "Inner", "Startup Cost": 16719.53, "Total Cost": 22383.89, "Plan Rows": 456191, "Plan Width": 0, "Actual Rows": 297910, "Actual Loops": 2, "Inner Unique": false, "Merge Cond": "(u.id = b.userid)", "Workers": [], "Plans": [{"Node Type": "Merge Join", "Parent Relationship": "Outer", "Parallel Aware": false, "Async Capable": false, "Join Type": "Inner", "Startup Cost": 16719.07, "Total Cost": 18658.15, "Plan Rows": 12040, "Plan Width": 8, "Actual Rows": 29955, "Actual Loops": 2, "Inner Unique": true, "Merge Cond": "(p.owneruserid = u.id)", "Workers": [], "Plans": [{"Node Type": "Sort", "Parent Relationship": "Outer", "Parallel Aware": false, "Async Capable": false, "Startup Cost": 16718.78, "Total Cost": 16750.72, "Plan Rows": 12776, "Plan Width": 4, "Actual Rows": 45462, "Actual Loops": 2, "Sort Key": ["p.owneruserid"], "Sort Method": "quicksort", "Sort Space Used": 1537, "Sort Space Type": "Memory", "Workers": [{"Worker Number": 0, "Sort Method": "quicksort", "Sort Space Used": 1537, "Sort Space Type": "Memory"}], "Plans": [{"Node Type": "Hash Join", "Parent Relationship": "Outer", "Parallel Aware": false, "Async Capable": false, "Join Type": "Inner", "Startup Cost": 4235.49, "Total Cost": 15847.39, "Plan Rows": 12776, "Plan Width": 4, "Actual Rows": 46500, "Actual Loops": 2, "Inner Unique": true, "Hash Cond": "(v.postid = p.id)", "Workers": [], "Plans": [{"Node Type": "Index Scan", "Parent Relationship": "Outer", "Parallel Aware": true, "Async Capable": false, "Scan Direction": "Forward", "Index Name": "idx_votes_postid", "Relation Name": "votes", "Alias": "v", "Startup Cost": 0.42, "Total Cost": 11105.86, "Plan Rows": 192931, "Plan Width": 4, "Actual Rows": 163944, "Actual Loops": 2, "Filter": "(creationdate <= '2014-09-12 00:00:00'::timestamp without time zone)", "Rows Removed by Filter": 88, "Workers": []}, {"Node Type": "Hash", "Parent Relationship": "Inner", "Parallel Aware": false, "Async Capable": false, "Startup Cost": 4158.93, "Total Cost": 4158.93, "Plan Rows": 6091, "Plan Width": 8, "Actual Rows": 13079, "Actual Loops": 2, "Hash Buckets": 16384, "Original Hash Buckets": 8192, "Hash Batches": 1, "Original Hash Batches": 1, "Peak Memory Usage": 638, "Workers": [], "Plans": [{"Node Type": "Index Scan", "Parent Relationship": "Outer", "Parallel Aware": false, "Async Capable": false, "Scan Direction": "Forward", "Index Name": "posts_pkey", "Relation Name": "posts", "Alias": "p", "Startup Cost": 0.29, "Total Cost": 4158.93, "Plan Rows": 6091, "Plan Width": 8, "Actual Rows": 13079, "Actual Loops": 2, "Filter": "((score >= '-1'::integer) AND (favoritecount >= 0) AND (favoritecount <= 20) AND (posttypeid = 1))", "Rows Removed by Filter": 78897, "Workers": []}]}]}]}, {"Node Type": "Index Scan", "Parent Relationship": "Inner", "Parallel Aware": false, "Async Capable": false, "Scan Direction": "Forward", "Index Name": "users_pkey", "Relation Name": "users", "Alias": "u", "Startup Cost": 0.29, "Total Cost": 1659.6, "Plan Rows": 38584, "Plan Width": 4, "Actual Rows": 38146, "Actual Loops": 2, "Filter": "((downvotes <= 2) AND (upvotes >= 0) AND (creationdate >= '2010-11-26 03:34:11'::timestamp without time zone))", "Rows Removed by Filter": 1674, "Workers": []}]}, {"Node Type": "Index Scan", "Parent Relationship": "Inner", "Parallel Aware": false, "Async Capable": false, "Scan Direction": "Forward", "Index Name": "idx_badges_userid", "Relation Name": "badges", "Alias": "b", "Startup Cost": 0.29, "Total Cost": 3264.6, "Plan Rows": 78575, "Plan Width": 4, "Actual Rows": 357950, "Actual Loops": 2, "Filter": "((date >= '2010-07-20 19:02:22'::timestamp without time zone) AND (date <= '2014-09-03 23:36:09'::timestamp without time zone))", "Rows Removed by Filter": 3004, "Workers": []}]}]}]}]}, "Planning Time": 3.866, "Triggers": [], "Execution Time": 433.733}, {"Plan": {"Node Type": "Aggregate", "Strategy": "Plain", "Partial Mode": "Simple", "Parallel Aware": false, "Async Capable": false, "Startup Cost": 40000040411.02, "Total Cost": 40000040411.03, "Plan Rows": 1, "Plan Width": 8, "Actual Rows": 1, "Actual Loops": 1, "Plans": [{"Node Type": "Merge Join", "Parent Relationship": "Outer", "Parallel Aware": false, "Async Capable": false, "Join Type": "Inner", "Startup Cost": 40000004544.66, "Total Cost": 40000038472.21, "Plan Rows": 775525, "Plan Width": 0, "Actual Rows": 595820, "Actual Loops": 1, "Inner Unique": false, "Merge Cond": "(u.id = b.userid)", "Plans": [{"Node Type": "Nested Loop", "Parent Relationship": "Outer", "Parallel Aware": false, "Async Capable": false, "Join Type": "Inner", "Startup Cost": 30000004542.9, "Total Cost": 30000034561.18, "Plan Rows": 20468, "Plan Width": 8, "Actual Rows": 59909, "Actual Loops": 1, "Inner Unique": false, "Plans": [{"Node Type": "Merge Join", "Parent Relationship": "Outer", "Parallel Aware": false, "Async Capable": false, "Join Type": "Inner", "Startup Cost": 20000004542.11, "Total Cost": 20000006385.28, "Plan Rows": 5740, "Plan Width": 12, "Actual Rows": 9852, "Actual Loops": 1, "Inner Unique": true, "Merge Cond": "(p.owneruserid = u.id)", "Plans": [{"Node Type": "Sort", "Parent Relationship": "Outer", "Parallel Aware": false, "Async Capable": false, "Startup Cost": 10000004541.82, "Total Cost": 10000004557.05, "Plan Rows": 6091, "Plan Width": 8, "Actual Rows": 12796, "Actual Loops": 1, "Sort Key": ["p.owneruserid"], "Sort Method": "quicksort", "Sort Space Used": 793, "Sort Space Type": "Memory", "Plans": [{"Node Type": "Index Scan", "Parent Relationship": "Outer", "Parallel Aware": false, "Async Capable": false, "Scan Direction": "Forward", "Index Name": "posts_pkey", "Relation Name": "posts", "Alias": "p", "Startup Cost": 10000000000.29, "Total Cost": 10000004158.93, "Plan Rows": 6091, "Plan Width": 8, "Actual Rows": 13079, "Actual Loops": 1, "Filter": "((score >= '-1'::integer) AND (favoritecount >= 0) AND (favoritecount <= 20) AND (posttypeid = 1))", "Rows Removed by Filter": 78897}]}, {"Node Type": "Index Scan", "Parent Relationship": "Inner", "Parallel Aware": false, "Async Capable": false, "Scan Direction": "Forward", "Index Name": "users_pkey", "Relation Name": "users", "Alias": "u", "Startup Cost": 10000000000.29, "Total Cost": 10000001659.6, "Plan Rows": 38584, "Plan Width": 4, "Actual Rows": 38143, "Actual Loops": 1, "Filter": "((downvotes <= 2) AND (upvotes >= 0) AND (creationdate >= '2010-11-26 03:34:11'::timestamp without time zone))", "Rows Removed by Filter": 1674}]}, {"Node Type": "Bitmap Heap Scan", "Parent Relationship": "Inner", "Parallel Aware": false, "Async Capable": false, "Relation Name": "votes", "Alias": "v", "Startup Cost": 0.78, "Total Cost": 4.86, "Plan Rows": 5, "Plan Width": 4, "Actual Rows": 6, "Actual Loops": 9852, "Recheck Cond": "(postid = p.id)", "Rows Removed by Index Recheck": 0, "Filter": "(creationdate <= '2014-09-12 00:00:00'::timestamp without time zone)", "Rows Removed by Filter": 0, "Exact Heap Blocks": 36671, "Lossy Heap Blocks": 0, "Plans": [{"Node Type": "Bitmap Index Scan", "Parent Relationship": "Outer", "Parallel Aware": false, "Async Capable": false, "Index Name": "idx_votes_postid", "Startup Cost": 0.0, "Total Cost": 0.78, "Plan Rows": 5, "Plan Width": 0, "Actual Rows": 6, "Actual Loops": 9852, "Index Cond": "(postid = p.id)"}]}]}, {"Node Type": "Index Scan", "Parent Relationship": "Inner", "Parallel Aware": false, "Async Capable": false, "Scan Direction": "Forward", "Index Name": "idx_badges_userid", "Relation Name": "badges", "Alias": "b", "Startup Cost": 10000000000.29, "Total Cost": 10000003264.6, "Plan Rows": 78575, "Plan Width": 4, "Actual Rows": 646898, "Actual Loops": 1, "Filter": "((date >= '2010-07-20 19:02:22'::timestamp without time zone) AND (date <= '2014-09-03 23:36:09'::timestamp without time zone))", "Rows Removed by Filter": 4790}]}]}, "Planning Time": 2.288, "Triggers": [], "Execution Time": 372.216}, {"Plan": {"Node Type": "Aggregate", "Strategy": "Plain", "Partial Mode": "Simple", "Parallel Aware": false, "Async Capable": false, "Startup Cost": 10000084940.34, "Total Cost": 10000084940.35, "Plan Rows": 1, "Plan Width": 8, "Actual Rows": 1, "Actual Loops": 1, "Plans": [{"Node Type": "Nested Loop", "Parent Relationship": "Outer", "Parallel Aware": false, "Async Capable": false, "Join Type": "Inner", "Startup Cost": 10000000001.87, "Total Cost": 10000083001.53, "Plan Rows": 775525, "Plan Width": 0, "Actual Rows": 595820, "Actual Loops": 1, "Inner Unique": false, "Join Filter": "(b.userid = u.id)", "Rows Removed by Join Filter": 0, "Plans": [{"Node Type": "Nested Loop", "Parent Relationship": "Outer", "Parallel Aware": false, "Async Capable": false, "Join Type": "Inner", "Startup Cost": 10000000001.46, "Total Cost": 10000057405.58, "Plan Rows": 20468, "Plan Width": 8, "Actual Rows": 59978, "Actual Loops": 1, "Inner Unique": false, "Plans": [{"Node Type": "Nested Loop", "Parent Relationship": "Outer", "Parallel Aware": false, "Async Capable": false, "Join Type": "Inner", "Startup Cost": 10000000000.67, "Total Cost": 10000029229.68, "Plan Rows": 5740, "Plan Width": 12, "Actual Rows": 9872, "Actual Loops": 1, "Inner Unique": true, "Plans": [{"Node Type": "Index Scan", "Parent Relationship": "Outer", "Parallel Aware": false, "Async Capable": false, "Scan Direction": "Forward", "Index Name": "idx_posts_owneruserid", "Relation Name": "posts", "Alias": "p", "Startup Cost": 10000000000.29, "Total Cost": 10000005013.43, "Plan Rows": 6091, "Plan Width": 8, "Actual Rows": 13079, "Actual Loops": 1, "Filter": "((score >= '-1'::integer) AND (favoritecount >= 0) AND (favoritecount <= 20) AND (posttypeid = 1))", "Rows Removed by Filter": 78897}, {"Node Type": "Memoize", "Parent Relationship": "Inner", "Parallel Aware": false, "Async Capable": false, "Startup Cost": 0.38, "Total Cost": 4.4, "Plan Rows": 1, "Plan Width": 4, "Actual Rows": 1, "Actual Loops": 13079, "Cache Key": "p.owneruserid", "Cache Mode": "logical", "Cache Hits": 6318, "Cache Misses": 6761, "Cache Evictions": 0, "Cache Overflows": 0, "Peak Memory Usage": 663, "Plans": [{"Node Type": "Bitmap Heap Scan", "Parent Relationship": "Outer", "Parallel Aware": false, "Async Capable": false, "Relation Name": "users", "Alias": "u", "Startup Cost": 0.37, "Total Cost": 4.39, "Plan Rows": 1, "Plan Width": 4, "Actual Rows": 1, "Actual Loops": 6761, "Recheck Cond": "(p.owneruserid = id)", "Rows Removed by Index Recheck": 0, "Filter": "((downvotes <= 2) AND (upvotes >= 0) AND (creationdate >= '2010-11-26 03:34:11'::timestamp without time zone))", "Rows Removed by Filter": 0, "Exact Heap Blocks": 6760, "Lossy Heap Blocks": 0, "Plans": [{"Node Type": "Bitmap Index Scan", "Parent Relationship": "Outer", "Parallel Aware": false, "Async Capable": false, "Index Name": "users_pkey", "Startup Cost": 0.0, "Total Cost": 0.37, "Plan Rows": 1, "Plan Width": 0, "Actual Rows": 1, "Actual Loops": 6761, "Index Cond": "(id = p.owneruserid)"}]}]}]}, {"Node Type": "Bitmap Heap Scan", "Parent Relationship": "Inner", "Parallel Aware": false, "Async Capable": false, "Relation Name": "votes", "Alias": "v", "Startup Cost": 0.78, "Total Cost": 4.86, "Plan Rows": 5, "Plan Width": 4, "Actual Rows": 6, "Actual Loops": 9872, "Recheck Cond": "(postid = p.id)", "Rows Removed by Index Recheck": 0, "Filter": "(creationdate <= '2014-09-12 00:00:00'::timestamp without time zone)", "Rows Removed by Filter": 0, "Exact Heap Blocks": 36707, "Lossy Heap Blocks": 0, "Plans": [{"Node Type": "Bitmap Index Scan", "Parent Relationship": "Outer", "Parallel Aware": false, "Async Capable": false, "Index Name": "idx_votes_postid", "Startup Cost": 0.0, "Total Cost": 0.78, "Plan Rows": 5, "Plan Width": 0, "Actual Rows": 6, "Actual Loops": 9872, "Index Cond": "(postid = p.id)"}]}]}, {"Node Type": "Memoize", "Parent Relationship": "Inner", "Parallel Aware": false, "Async Capable": false, "Startup Cost": 0.41, "Total Cost": 4.47, "Plan Rows": 3, "Plan Width": 4, "Actual Rows": 10, "Actual Loops": 59978, "Cache Key": "p.owneruserid", "Cache Mode": "logical", "Cache Hits": 53977, "Cache Misses": 6001, "Cache Evictions": 0, "Cache Overflows": 0, "Peak Memory Usage": 1365, "Plans": [{"Node Type": "Bitmap Heap Scan", "Parent Relationship": "Outer", "Parallel Aware": false, "Async Capable": false, "Relation Name": "badges", "Alias": "b", "Startup Cost": 0.4, "Total Cost": 4.46, "Plan Rows": 3, "Plan Width": 4, "Actual Rows": 5, "Actual Loops": 6001, "Recheck Cond": "(p.owneruserid = userid)", "Rows Removed by Index Recheck": 0, "Filter": "((date >= '2010-07-20 19:02:22'::timestamp without time zone) AND (date <= '2014-09-03 23:36:09'::timestamp without time zone))", "Rows Removed by Filter": 0, "Exact Heap Blocks": 20911, "Lossy Heap Blocks": 0, "Plans": [{"Node Type": "Bitmap Index Scan", "Parent Relationship": "Outer", "Parallel Aware": false, "Async Capable": false, "Index Name": "idx_badges_userid", "Startup Cost": 0.0, "Total Cost": 0.4, "Plan Rows": 3, "Plan Width": 0, "Actual Rows": 5, "Actual Loops": 6001, "Index Cond": "(userid = p.owneruserid)"}]}]}]}]}, "Planning Time": 2.198, "Triggers": [], "Execution Time": 393.5}, {"Plan": {"Node Type": "Aggregate", "Strategy": "Plain", "Partial Mode": "Finalize", "Parallel Aware": false, "Async Capable": false, "Startup Cost": 24567.2, "Total Cost": 24567.21, "Plan Rows": 1, "Plan Width": 8, "Actual Rows": 1, "Actual Loops": 1, "Plans": [{"Node Type": "Gather", "Parent Relationship": "Outer", "Parallel Aware": false, "Async Capable": false, "Startup Cost": 24567.08, "Total Cost": 24567.19, "Plan Rows": 1, "Plan Width": 8, "Actual Rows": 2, "Actual Loops": 1, "Workers Planned": 1, "Workers Launched": 1, "Single Copy": false, "Plans": [{"Node Type": "Aggregate", "Strategy": "Plain", "Partial Mode": "Partial", "Parent Relationship": "Outer", "Parallel Aware": false, "Async Capable": false, "Startup Cost": 23567.08, "Total Cost": 23567.09, "Plan Rows": 1, "Plan Width": 8, "Actual Rows": 1, "Actual Loops": 2, "Workers": [], "Plans": [{"Node Type": "Merge Join", "Parent Relationship": "Outer", "Parallel Aware": false, "Async Capable": false, "Join Type": "Inner", "Startup Cost": 16762.25, "Total Cost": 22426.61, "Plan Rows": 456191, "Plan Width": 0, "Actual Rows": 297910, "Actual Loops": 2, "Inner Unique": false, "Merge Cond": "(u.id = b.userid)", "Workers": [], "Plans": [{"Node Type": "Merge Join", "Parent Relationship": "Outer", "Parallel Aware": false, "Async Capable": false, "Join Type": "Inner", "Startup Cost": 16761.79, "Total Cost": 18700.87, "Plan Rows": 12040, "Plan Width": 8, "Actual Rows": 29955, "Actual Loops": 2, "Inner Unique": true, "Merge Cond": "(p.owneruserid = u.id)", "Workers": [], "Plans": [{"Node Type": "Sort", "Parent Relationship": "Outer", "Parallel Aware": false, "Async Capable": false, "Startup Cost": 16761.5, "Total Cost": 16793.44, "Plan Rows": 12776, "Plan Width": 4, "Actual Rows": 45462, "Actual Loops": 2, "Sort Key": ["p.owneruserid"], "Sort Method": "quicksort", "Sort Space Used": 1537, "Sort Space Type": "Memory", "Workers": [{"Worker Number": 0, "Sort Method": "quicksort", "Sort Space Used": 1537, "Sort Space Type": "Memory"}], "Plans": [{"Node Type": "Merge Join", "Parent Relationship": "Outer", "Parallel Aware": false, "Async Capable": false, "Join Type": "Inner", "Startup Cost": 0.71, "Total Cost": 15890.11, "Plan Rows": 12776, "Plan Width": 4, "Actual Rows": 46500, "Actual Loops": 2, "Inner Unique": true, "Merge Cond": "(v.postid = p.id)", "Workers": [], "Plans": [{"Node Type": "Index Scan", "Parent Relationship": "Outer", "Parallel Aware": true, "Async Capable": false, "Scan Direction": "Forward", "Index Name": "idx_votes_postid", "Relation Name": "votes", "Alias": "v", "Startup Cost": 0.42, "Total Cost": 11105.86, "Plan Rows": 192931, "Plan Width": 4, "Actual Rows": 163944, "Actual Loops": 2, "Filter": "(creationdate <= '2014-09-12 00:00:00'::timestamp without time zone)", "Rows Removed by Filter": 88, "Workers": []}, {"Node Type": "Index Scan", "Parent Relationship": "Inner", "Parallel Aware": false, "Async Capable": false, "Scan Direction": "Forward", "Index Name": "posts_pkey", "Relation Name": "posts", "Alias": "p", "Startup Cost": 0.29, "Total Cost": 4158.93, "Plan Rows": 6091, "Plan Width": 8, "Actual Rows": 13060, "Actual Loops": 2, "Filter": "((score >= '-1'::integer) AND (favoritecount >= 0) AND (favoritecount <= 20) AND (posttypeid = 1))", "Rows Removed by Filter": 78548, "Workers": []}]}]}, {"Node Type": "Index Scan", "Parent Relationship": "Inner", "Parallel Aware": false, "Async Capable": false, "Scan Direction": "Forward", "Index Name": "users_pkey", "Relation Name": "users", "Alias": "u", "Startup Cost": 0.29, "Total Cost": 1659.6, "Plan Rows": 38584, "Plan Width": 4, "Actual Rows": 38146, "Actual Loops": 2, "Filter": "((downvotes <= 2) AND (upvotes >= 0) AND (creationdate >= '2010-11-26 03:34:11'::timestamp without time zone))", "Rows Removed by Filter": 1674, "Workers": []}]}, {"Node Type": "Index Scan", "Parent Relationship": "Inner", "Parallel Aware": false, "Async Capable": false, "Scan Direction": "Forward", "Index Name": "idx_badges_userid", "Relation Name": "badges", "Alias": "b", "Startup Cost": 0.29, "Total Cost": 3264.6, "Plan Rows": 78575, "Plan Width": 4, "Actual Rows": 358010, "Actual Loops": 2, "Filter": "((date >= '2010-07-20 19:02:22'::timestamp without time zone) AND (date <= '2014-09-03 23:36:09'::timestamp without time zone))", "Rows Removed by Filter": 3008, "Workers": []}]}]}]}]}, "Planning Time": 3.886, "Triggers": [], "Execution Time": 418.998}, {"Plan": {"Node Type": "Aggregate", "Strategy": "Plain", "Partial Mode": "Simple", "Parallel Aware": false, "Async Capable": false, "Startup Cost": 24034.8, "Total Cost": 24034.81, "Plan Rows": 1, "Plan Width": 8, "Actual Rows": 1, "Actual Loops": 1, "Plans": [{"Node Type": "Merge Join", "Parent Relationship": "Outer", "Parallel Aware": false, "Async Capable": false, "Join Type": "Inner", "Startup Cost": 3064.16, "Total Cost": 22095.99, "Plan Rows": 775525, "Plan Width": 0, "Actual Rows": 595820, "Actual Loops": 1, "Inner Unique": false, "Merge Cond": "(u.id = b.userid)", "Plans": [{"Node Type": "Nested Loop", "Parent Relationship": "Outer", "Parallel Aware": false, "Async Capable": false, "Join Type": "Inner", "Startup Cost": 3063.13, "Total Cost": 18184.96, "Plan Rows": 20468, "Plan Width": 8, "Actual Rows": 59909, "Actual Loops": 1, "Inner Unique": false, "Plans": [{"Node Type": "Merge Join", "Parent Relationship": "Outer", "Parallel Aware": false, "Async Capable": false, "Join Type": "Inner", "Startup Cost": 3062.7, "Total Cost": 4905.87, "Plan Rows": 5740, "Plan Width": 12, "Actual Rows": 9852, "Actual Loops": 1, "Inner Unique": false, "Merge Cond": "(u.id = p.owneruserid)", "Plans": [{"Node Type": "Index Scan", "Parent Relationship": "Outer", "Parallel Aware": false, "Async Capable": false, "Scan Direction": "Forward", "Index Name": "users_pkey", "Relation Name": "users", "Alias": "u", "Startup Cost": 0.29, "Total Cost": 1659.6, "Plan Rows": 38584, "Plan Width": 4, "Actual Rows": 38143, "Actual Loops": 1, "Filter": "((downvotes <= 2) AND (upvotes >= 0) AND (creationdate >= '2010-11-26 03:34:11'::timestamp without time zone))", "Rows Removed by Filter": 1674}, {"Node Type": "Sort", "Parent Relationship": "Inner", "Parallel Aware": false, "Async Capable": false, "Startup Cost": 3062.41, "Total Cost": 3077.64, "Plan Rows": 6091, "Plan Width": 8, "Actual Rows": 12796, "Actual Loops": 1, "Sort Key": ["p.owneruserid"], "Sort Method": "quicksort", "Sort Space Used": 793, "Sort Space Type": "Memory", "Plans": [{"Node Type": "Seq Scan", "Parent Relationship": "Outer", "Parallel Aware": false, "Async Capable": false, "Relation Name": "posts", "Alias": "p", "Startup Cost": 0.0, "Total Cost": 2679.52, "Plan Rows": 6091, "Plan Width": 8, "Actual Rows": 13079, "Actual Loops": 1, "Filter": "((score >= '-1'::integer) AND (favoritecount >= 0) AND (favoritecount <= 20) AND (posttypeid = 1))", "Rows Removed by Filter": 78897}]}]}, {"Node Type": "Index Scan", "Parent Relationship": "Inner", "Parallel Aware": false, "Async Capable": false, "Scan Direction": "Forward", "Index Name": "idx_votes_postid", "Relation Name": "votes", "Alias": "v", "Startup Cost": 0.42, "Total Cost": 2.26, "Plan Rows": 5, "Plan Width": 4, "Actual Rows": 6, "Actual Loops": 9852, "Index Cond": "(postid = p.id)", "Rows Removed by Index Recheck": 0, "Filter": "(creationdate <= '2014-09-12 00:00:00'::timestamp without time zone)", "Rows Removed by Filter": 0}]}, {"Node Type": "Index Scan", "Parent Relationship": "Inner", "Parallel Aware": false, "Async Capable": false, "Scan Direction": "Forward", "Index Name": "idx_badges_userid", "Relation Name": "badges", "Alias": "b", "Startup Cost": 0.29, "Total Cost": 3264.6, "Plan Rows": 78575, "Plan Width": 4, "Actual Rows": 646898, "Actual Loops": 1, "Filter": "((date >= '2010-07-20 19:02:22'::timestamp without time zone) AND (date <= '2014-09-03 23:36:09'::timestamp without time zone))", "Rows Removed by Filter": 4790}]}]}, "Planning Time": 2.285, "Triggers": [], "Execution Time": 345.481}, {"Plan": {"Node Type": "Aggregate", "Strategy": "Plain", "Partial Mode": "Finalize", "Parallel Aware": false, "Async Capable": false, "Startup Cost": 24463.11, "Total Cost": 24463.12, "Plan Rows": 1, "Plan Width": 8, "Actual Rows": 1, "Actual Loops": 1, "Plans": [{"Node Type": "Gather", "Parent Relationship": "Outer", "Parallel Aware": false, "Async Capable": false, "Startup Cost": 24463.0, "Total Cost": 24463.11, "Plan Rows": 1, "Plan Width": 8, "Actual Rows": 2, "Actual Loops": 1, "Workers Planned": 1, "Workers Launched": 1, "Single Copy": false, "Plans": [{"Node Type": "Aggregate", "Strategy": "Plain", "Partial Mode": "Partial", "Parent Relationship": "Outer", "Parallel Aware": false, "Async Capable": false, "Startup Cost": 23463.0, "Total Cost": 23463.01, "Plan Rows": 1, "Plan Width": 8, "Actual Rows": 1, "Actual Loops": 2, "Workers": [], "Plans": [{"Node Type": "Merge Join", "Parent Relationship": "Outer", "Parallel Aware": false, "Async Capable": false, "Join Type": "Inner", "Startup Cost": 15680.89, "Total Cost": 22322.52, "Plan Rows": 456191, "Plan Width": 0, "Actual Rows": 297910, "Actual Loops": 2, "Inner Unique": false, "Merge Cond": "(p.owneruserid = u.id)", "Workers": [], "Plans": [{"Node Type": "Sort", "Parent Relationship": "Outer", "Parallel Aware": false, "Async Capable": false, "Startup Cost": 15680.22, "Total Cost": 15712.16, "Plan Rows": 12776, "Plan Width": 4, "Actual Rows": 45462, "Actual Loops": 2, "Sort Key": ["p.owneruserid"], "Sort Method": "quicksort", "Sort Space Used": 1537, "Sort Space Type": "Memory", "Workers": [{"Worker Number": 0, "Sort Method": "quicksort", "Sort Space Used": 1537, "Sort Space Type": "Memory"}], "Plans": [{"Node Type": "Merge Join", "Parent Relationship": "Outer", "Parallel Aware": false, "Async Capable": false, "Join Type": "Inner", "Startup Cost": 3062.84, "Total Cost": 14808.82, "Plan Rows": 12776, "Plan Width": 4, "Actual Rows": 46500, "Actual Loops": 2, "Inner Unique": true, "Merge Cond": "(v.postid = p.id)", "Workers": [], "Plans": [{"Node Type": "Index Scan", "Parent Relationship": "Outer", "Parallel Aware": true, "Async Capable": false, "Scan Direction": "Forward", "Index Name": "idx_votes_postid", "Relation Name": "votes", "Alias": "v", "Startup Cost": 0.42, "Total Cost": 11105.86, "Plan Rows": 192931, "Plan Width": 4, "Actual Rows": 163944, "Actual Loops": 2, "Filter": "(creationdate <= '2014-09-12 00:00:00'::timestamp without time zone)", "Rows Removed by Filter": 88, "Workers": []}, {"Node Type": "Sort", "Parent Relationship": "Inner", "Parallel Aware": false, "Async Capable": false, "Startup Cost": 3062.41, "Total Cost": 3077.64, "Plan Rows": 6091, "Plan Width": 8, "Actual Rows": 13072, "Actual Loops": 2, "Sort Key": ["p.id"], "Sort Method": "quicksort", "Sort Space Used": 793, "Sort Space Type": "Memory", "Workers": [{"Worker Number": 0, "Sort Method": "quicksort", "Sort Space Used": 793, "Sort Space Type": "Memory"}], "Plans": [{"Node Type": "Seq Scan", "Parent Relationship": "Outer", "Parallel Aware": false, "Async Capable": false, "Relation Name": "posts", "Alias": "p", "Startup Cost": 0.0, "Total Cost": 2679.52, "Plan Rows": 6091, "Plan Width": 8, "Actual Rows": 13079, "Actual Loops": 2, "Filter": "((score >= '-1'::integer) AND (favoritecount >= 0) AND (favoritecount <= 20) AND (posttypeid = 1))", "Rows Removed by Filter": 78897, "Workers": []}]}]}]}, {"Node Type": "Materialize", "Parent Relationship": "Inner", "Parallel Aware": false, "Async Capable": false, "Startup Cost": 0.67, "Total Cost": 6156.84, "Plan Rows": 75183, "Plan Width": 8, "Actual Rows": 339828, "Actual Loops": 2, "Workers": [], "Plans": [{"Node Type": "Merge Join", "Parent Relationship": "Outer", "Parallel Aware": false, "Async Capable": false, "Join Type": "Inner", "Startup Cost": 0.67, "Total Cost": 5968.88, "Plan Rows": 75183, "Plan Width": 8, "Actual Rows": 60506, "Actual Loops": 2, "Inner Unique": true, "Merge Cond": "(b.userid = u.id)", "Workers": [], "Plans": [{"Node Type": "Index Scan", "Parent Relationship": "Outer", "Parallel Aware": false, "Async Capable": false, "Scan Direction": "Forward", "Index Name": "idx_badges_userid", "Relation Name": "badges", "Alias": "b", "Startup Cost": 0.29, "Total Cost": 3264.6, "Plan Rows": 78575, "Plan Width": 4, "Actual Rows": 78564, "Actual Loops": 2, "Filter": "((date >= '2010-07-20 19:02:22'::timestamp without time zone) AND (date <= '2014-09-03 23:36:09'::timestamp without time zone))", "Rows Removed by Filter": 1287, "Workers": []}, {"Node Type": "Index Scan", "Parent Relationship": "Inner", "Parallel Aware": false, "Async Capable": false, "Scan Direction": "Forward", "Index Name": "users_pkey", "Relation Name": "users", "Alias": "u", "Startup Cost": 0.29, "Total Cost": 1659.6, "Plan Rows": 38584, "Plan Width": 4, "Actual Rows": 38118, "Actual Loops": 2, "Filter": "((downvotes <= 2) AND (upvotes >= 0) AND (creationdate >= '2010-11-26 03:34:11'::timestamp without time zone))", "Rows Removed by Filter": 1674, "Workers": []}]}]}]}]}]}]}, "Planning Time": 2.078, "Triggers": [], "Execution Time": 397.978}, {"Plan": {"Node Type": "Aggregate", "Strategy": "Plain", "Partial Mode": "Simple", "Parallel Aware": false, "Async Capable": false, "Startup Cost": 27916.66, "Total Cost": 27916.67, "Plan Rows": 1, "Plan Width": 8, "Actual Rows": 1, "Actual Loops": 1, "Plans": [{"Node Type": "Nested Loop", "Parent Relationship": "Outer", "Parallel Aware": false, "Async Capable": false, "Join Type": "Inner", "Startup Cost": 1.32, "Total Cost": 25977.84, "Plan Rows": 775525, "Plan Width": 0, "Actual Rows": 595820, "Actual Loops": 1, "Inner Unique": false, "Join Filter": "(b.userid = u.id)", "Rows Removed by Join Filter": 0, "Plans": [{"Node Type": "Nested Loop", "Parent Relationship": "Outer", "Parallel Aware": false, "Async Capable": false, "Join Type": "Inner", "Startup Cost": 1.02, "Total Cost": 20791.44, "Plan Rows": 20468, "Plan Width": 8, "Actual Rows": 59978, "Actual Loops": 1, "Inner Unique": false, "Plans": [{"Node Type": "Nested Loop", "Parent Relationship": "Outer", "Parallel Aware": false, "Async Capable": false, "Join Type": "Inner", "Startup Cost": 0.59, "Total Cost": 7512.36, "Plan Rows": 5740, "Plan Width": 12, "Actual Rows": 9872, "Actual Loops": 1, "Inner Unique": true, "Plans": [{"Node Type": "Index Scan", "Parent Relationship": "Outer", "Parallel Aware": false, "Async Capable": false, "Scan Direction": "Forward", "Index Name": "posts_pkey", "Relation Name": "posts", "Alias": "p", "Startup Cost": 0.29, "Total Cost": 4158.93, "Plan Rows": 6091, "Plan Width": 8, "Actual Rows": 13079, "Actual Loops": 1, "Filter": "((score >= '-1'::integer) AND (favoritecount >= 0) AND (favoritecount <= 20) AND (posttypeid = 1))", "Rows Removed by Filter": 78897}, {"Node Type": "Memoize", "Parent Relationship": "Inner", "Parallel Aware": false, "Async Capable": false, "Startup Cost": 0.3, "Total Cost": 0.59, "Plan Rows": 1, "Plan Width": 4, "Actual Rows": 1, "Actual Loops": 13079, "Cache Key": "p.owneruserid", "Cache Mode": "logical", "Cache Hits": 6318, "Cache Misses": 6761, "Cache Evictions": 0, "Cache Overflows": 0, "Peak Memory Usage": 663, "Plans": [{"Node Type": "Index Scan", "Parent Relationship": "Outer", "Parallel Aware": false, "Async Capable": false, "Scan Direction": "Forward", "Index Name": "users_pkey", "Relation Name": "users", "Alias": "u", "Startup Cost": 0.29, "Total Cost": 0.58, "Plan Rows": 1, "Plan Width": 4, "Actual Rows": 1, "Actual Loops": 6761, "Index Cond": "(id = p.owneruserid)", "Rows Removed by Index Recheck": 0, "Filter": "((downvotes <= 2) AND (upvotes >= 0) AND (creationdate >= '2010-11-26 03:34:11'::timestamp without time zone))", "Rows Removed by Filter": 0}]}]}, {"Node Type": "Index Scan", "Parent Relationship": "Inner", "Parallel Aware": false, "Async Capable": false, "Scan Direction": "Forward", "Index Name": "idx_votes_postid", "Relation Name": "votes", "Alias": "v", "Startup Cost": 0.42, "Total Cost": 2.26, "Plan Rows": 5, "Plan Width": 4, "Actual Rows": 6, "Actual Loops": 9872, "Index Cond": "(postid = p.id)", "Rows Removed by Index Recheck": 0, "Filter": "(creationdate <= '2014-09-12 00:00:00'::timestamp without time zone)", "Rows Removed by Filter": 0}]}, {"Node Type": "Memoize", "Parent Relationship": "Inner", "Parallel Aware": false, "Async Capable": false, "Startup Cost": 0.3, "Total Cost": 0.74, "Plan Rows": 3, "Plan Width": 4, "Actual Rows": 10, "Actual Loops": 59978, "Cache Key": "p.owneruserid", "Cache Mode": "logical", "Cache Hits": 53977, "Cache Misses": 6001, "Cache Evictions": 0, "Cache Overflows": 0, "Peak Memory Usage": 1365, "Plans": [{"Node Type": "Index Scan", "Parent Relationship": "Outer", "Parallel Aware": false, "Async Capable": false, "Scan Direction": "Forward", "Index Name": "idx_badges_userid", "Relation Name": "badges", "Alias": "b", "Startup Cost": 0.29, "Total Cost": 0.73, "Plan Rows": 3, "Plan Width": 4, "Actual Rows": 5, "Actual Loops": 6001, "Index Cond": "(userid = p.owneruserid)", "Rows Removed by Index Recheck": 0, "Filter": "((date >= '2010-07-20 19:02:22'::timestamp without time zone) AND (date <= '2014-09-03 23:36:09'::timestamp without time zone))", "Rows Removed by Filter": 0}]}]}]}, "Planning Time": 1.574, "Triggers": [], "Execution Time": 306.189}, {"Plan": {"Node Type": "Aggregate", "Strategy": "Plain", "Partial Mode": "Simple", "Parallel Aware": false, "Async Capable": false, "Startup Cost": 26437.25, "Total Cost": 26437.26, "Plan Rows": 1, "Plan Width": 8, "Actual Rows": 1, "Actual Loops": 1, "Plans": [{"Node Type": "Nested Loop", "Parent Relationship": "Outer", "Parallel Aware": false, "Async Capable": false, "Join Type": "Inner", "Startup Cost": 1.02, "Total Cost": 24498.43, "Plan Rows": 775525, "Plan Width": 0, "Actual Rows": 595820, "Actual Loops": 1, "Inner Unique": false, "Join Filter": "(b.userid = u.id)", "Rows Removed by Join Filter": 0, "Plans": [{"Node Type": "Nested Loop", "Parent Relationship": "Outer", "Parallel Aware": false, "Async Capable": false, "Join Type": "Inner", "Startup Cost": 0.72, "Total Cost": 19312.04, "Plan Rows": 20468, "Plan Width": 8, "Actual Rows": 59978, "Actual Loops": 1, "Inner Unique": false, "Plans": [{"Node Type": "Nested Loop", "Parent Relationship": "Outer", "Parallel Aware": false, "Async Capable": false, "Join Type": "Inner", "Startup Cost": 0.3, "Total Cost": 6032.95, "Plan Rows": 5740, "Plan Width": 12, "Actual Rows": 9872, "Actual Loops": 1, "Inner Unique": true, "Plans": [{"Node Type": "Seq Scan", "Parent Relationship": "Outer", "Parallel Aware": false, "Async Capable": false, "Relation Name": "posts", "Alias": "p", "Startup Cost": 0.0, "Total Cost": 2679.52, "Plan Rows": 6091, "Plan Width": 8, "Actual Rows": 13079, "Actual Loops": 1, "Filter": "((score >= '-1'::integer) AND (favoritecount >= 0) AND (favoritecount <= 20) AND (posttypeid = 1))", "Rows Removed by Filter": 78897}, {"Node Type": "Memoize", "Parent Relationship": "Inner", "Parallel Aware": false, "Async Capable": false, "Startup Cost": 0.3, "Total Cost": 0.59, "Plan Rows": 1, "Plan Width": 4, "Actual Rows": 1, "Actual Loops": 13079, "Cache Key": "p.owneruserid", "Cache Mode": "logical", "Cache Hits": 6318, "Cache Misses": 6761, "Cache Evictions": 0, "Cache Overflows": 0, "Peak Memory Usage": 663, "Plans": [{"Node Type": "Index Scan", "Parent Relationship": "Outer", "Parallel Aware": false, "Async Capable": false, "Scan Direction": "Forward", "Index Name": "users_pkey", "Relation Name": "users", "Alias": "u", "Startup Cost": 0.29, "Total Cost": 0.58, "Plan Rows": 1, "Plan Width": 4, "Actual Rows": 1, "Actual Loops": 6761, "Index Cond": "(id = p.owneruserid)", "Rows Removed by Index Recheck": 0, "Filter": "((downvotes <= 2) AND (upvotes >= 0) AND (creationdate >= '2010-11-26 03:34:11'::timestamp without time zone))", "Rows Removed by Filter": 0}]}]}, {"Node Type": "Index Scan", "Parent Relationship": "Inner", "Parallel Aware": false, "Async Capable": false, "Scan Direction": "Forward", "Index Name": "idx_votes_postid", "Relation Name": "votes", "Alias": "v", "Startup Cost": 0.42, "Total Cost": 2.26, "Plan Rows": 5, "Plan Width": 4, "Actual Rows": 6, "Actual Loops": 9872, "Index Cond": "(postid = p.id)", "Rows Removed by Index Recheck": 0, "Filter": "(creationdate <= '2014-09-12 00:00:00'::timestamp without time zone)", "Rows Removed by Filter": 0}]}, {"Node Type": "Memoize", "Parent Relationship": "Inner", "Parallel Aware": false, "Async Capable": false, "Startup Cost": 0.3, "Total Cost": 0.74, "Plan Rows": 3, "Plan Width": 4, "Actual Rows": 10, "Actual Loops": 59978, "Cache Key": "p.owneruserid", "Cache Mode": "logical", "Cache Hits": 53977, "Cache Misses": 6001, "Cache Evictions": 0, "Cache Overflows": 0, "Peak Memory Usage": 1365, "Plans": [{"Node Type": "Index Scan", "Parent Relationship": "Outer", "Parallel Aware": false, "Async Capable": false, "Scan Direction": "Forward", "Index Name": "idx_badges_userid", "Relation Name": "badges", "Alias": "b", "Startup Cost": 0.29, "Total Cost": 0.73, "Plan Rows": 3, "Plan Width": 4, "Actual Rows": 5, "Actual Loops": 6001, "Index Cond": "(userid = p.owneruserid)", "Rows Removed by Index Recheck": 0, "Filter": "((date >= '2010-07-20 19:02:22'::timestamp without time zone) AND (date <= '2014-09-03 23:36:09'::timestamp without time zone))", "Rows Removed by Filter": 0}]}]}]}, "Planning Time": 1.633, "Triggers": [], "Execution Time": 295.384}, {"Plan": {"Node Type": "Aggregate", "Strategy": "Plain", "Partial Mode": "Finalize", "Parallel Aware": false, "Async Capable": false, "Startup Cost": 41701.04, "Total Cost": 41701.05, "Plan Rows": 1, "Plan Width": 8, "Actual Rows": 1, "Actual Loops": 1, "Plans": [{"Node Type": "Gather", "Parent Relationship": "Outer", "Parallel Aware": false, "Async Capable": false, "Startup Cost": 41700.93, "Total Cost": 41701.04, "Plan Rows": 1, "Plan Width": 8, "Actual Rows": 2, "Actual Loops": 1, "Workers Planned": 1, "Workers Launched": 1, "Single Copy": false, "Plans": [{"Node Type": "Aggregate", "Strategy": "Plain", "Partial Mode": "Partial", "Parent Relationship": "Outer", "Parallel Aware": false, "Async Capable": false, "Startup Cost": 40700.93, "Total Cost": 40700.94, "Plan Rows": 1, "Plan Width": 8, "Actual Rows": 1, "Actual Loops": 2, "Workers": [], "Plans": [{"Node Type": "Merge Join", "Parent Relationship": "Outer", "Parallel Aware": false, "Async Capable": false, "Join Type": "Inner", "Startup Cost": 38526.68, "Total Cost": 39560.45, "Plan Rows": 456191, "Plan Width": 0, "Actual Rows": 297910, "Actual Loops": 2, "Inner Unique": false, "Merge Cond": "(u.id = b.userid)", "Workers": [], "Plans": [{"Node Type": "Merge Join", "Parent Relationship": "Outer", "Parallel Aware": false, "Async Capable": false, "Join Type": "Inner", "Startup Cost": 30508.04, "Total Cost": 30884.26, "Plan Rows": 12040, "Plan Width": 8, "Actual Rows": 29955, "Actual Loops": 2, "Inner Unique": true, "Merge Cond": "(p.owneruserid = u.id)", "Workers": [], "Plans": [{"Node Type": "Sort", "Parent Relationship": "Outer", "Parallel Aware": false, "Async Capable": false, "Startup Cost": 26566.07, "Total Cost": 26598.01, "Plan Rows": 12776, "Plan Width": 4, "Actual Rows": 45462, "Actual Loops": 2, "Sort Key": ["p.owneruserid"], "Sort Method": "quicksort", "Sort Space Used": 1537, "Sort Space Type": "Memory", "Workers": [{"Worker Number": 0, "Sort Method": "quicksort", "Sort Space Used": 769, "Sort Space Type": "Memory"}], "Plans": [{"Node Type": "Merge Join", "Parent Relationship": "Outer", "Parallel Aware": false, "Async Capable": false, "Join Type": "Inner", "Startup Cost": 24571.8, "Total Cost": 25694.68, "Plan Rows": 12776, "Plan Width": 4, "Actual Rows": 46500, "Actual Loops": 2, "Inner Unique": true, "Merge Cond": "(v.postid = p.id)", "Workers": [], "Plans": [{"Node Type": "Sort", "Parent Relationship": "Outer", "Parallel Aware": false, "Async Capable": false, "Startup Cost": 21509.38, "Total Cost": 21991.71, "Plan Rows": 192931, "Plan Width": 4, "Actual Rows": 163944, "Actual Loops": 2, "Sort Key": ["v.postid"], "Sort Method": "quicksort", "Sort Space Used": 6145, "Sort Space Type": "Memory", "Workers": [{"Worker Number": 0, "Sort Method": "quicksort", "Sort Space Used": 3073, "Sort Space Type": "Memory"}], "Plans": [{"Node Type": "Seq Scan", "Parent Relationship": "Outer", "Parallel Aware": true, "Async Capable": false, "Relation Name": "votes", "Alias": "v", "Startup Cost": 0.0, "Total Cost": 4572.24, "Plan Rows": 192931, "Plan Width": 4, "Actual Rows": 163944, "Actual Loops": 2, "Filter": "(creationdate <= '2014-09-12 00:00:00'::timestamp without time zone)", "Rows Removed by Filter": 88, "Workers": []}]}, {"Node Type": "Sort", "Parent Relationship": "Inner", "Parallel Aware": false, "Async Capable": false, "Startup Cost": 3062.41, "Total Cost": 3077.64, "Plan Rows": 6091, "Plan Width": 8, "Actual Rows": 13076, "Actual Loops": 2, "Sort Key": ["p.id"], "Sort Method": "quicksort", "Sort Space Used": 793, "Sort Space Type": "Memory", "Workers": [{"Worker Number": 0, "Sort Method": "quicksort", "Sort Space Used": 793, "Sort Space Type": "Memory"}], "Plans": [{"Node Type": "Seq Scan", "Parent Relationship": "Outer", "Parallel Aware": false, "Async Capable": false, "Relation Name": "posts", "Alias": "p", "Startup Cost": 0.0, "Total Cost": 2679.52, "Plan Rows": 6091, "Plan Width": 8, "Actual Rows": 13079, "Actual Loops": 2, "Filter": "((score >= '-1'::integer) AND (favoritecount >= 0) AND (favoritecount <= 20) AND (posttypeid = 1))", "Rows Removed by Filter": 78897, "Workers": []}]}]}]}, {"Node Type": "Sort", "Parent Relationship": "Inner", "Parallel Aware": false, "Async Capable": false, "Startup Cost": 3941.96, "Total Cost": 4038.42, "Plan Rows": 38584, "Plan Width": 4, "Actual Rows": 38144, "Actual Loops": 2, "Sort Key": ["u.id"], "Sort Method": "quicksort", "Sort Space Used": 1537, "Sort Space Type": "Memory", "Workers": [{"Worker Number": 0, "Sort Method": "quicksort", "Sort Space Used": 1537, "Sort Space Type": "Memory"}], "Plans": [{"Node Type": "Seq Scan", "Parent Relationship": "Outer", "Parallel Aware": false, "Async Capable": false, "Relation Name": "users", "Alias": "u", "Startup Cost": 0.0, "Total Cost": 1002.69, "Plan Rows": 38584, "Plan Width": 4, "Actual Rows": 38651, "Actual Loops": 2, "Filter": "((downvotes <= 2) AND (upvotes >= 0) AND (creationdate >= '2010-11-26 03:34:11'::timestamp without time zone))", "Rows Removed by Filter": 1674, "Workers": []}]}]}, {"Node Type": "Sort", "Parent Relationship": "Inner", "Parallel Aware": false, "Async Capable": false, "Startup Cost": 8018.61, "Total Cost": 8215.05, "Plan Rows": 78575, "Plan Width": 4, "Actual Rows": 351733, "Actual Loops": 2, "Sort Key": ["b.userid"], "Sort Method": "quicksort", "Sort Space Used": 3073, "Sort Space Type": "Memory", "Workers": [{"Worker Number": 0, "Sort Method": "quicksort", "Sort Space Used": 3073, "Sort Space Type": "Memory"}], "Plans": [{"Node Type": "Seq Scan", "Parent Relationship": "Outer", "Parallel Aware": false, "Async Capable": false, "Relation Name": "badges", "Alias": "b", "Startup Cost": 0.0, "Total Cost": 1629.76, "Plan Rows": 78575, "Plan Width": 4, "Actual Rows": 78564, "Actual Loops": 2, "Filter": "((date >= '2010-07-20 19:02:22'::timestamp without time zone) AND (date <= '2014-09-03 23:36:09'::timestamp without time zone))", "Rows Removed by Filter": 1287, "Workers": []}]}]}]}]}]}, "Planning Time": 2.382, "Triggers": [], "Execution Time": 166.936}, {"Plan": {"Node Type": "Aggregate", "Strategy": "Plain", "Partial Mode": "Simple", "Parallel Aware": false, "Async Capable": false, "Startup Cost": 82606.43, "Total Cost": 82606.44, "Plan Rows": 1, "Plan Width": 8, "Actual Rows": 1, "Actual Loops": 1, "Plans": [{"Node Type": "Nested Loop", "Parent Relationship": "Outer", "Parallel Aware": false, "Async Capable": false, "Join Type": "Inner", "Startup Cost": 1.58, "Total Cost": 80667.62, "Plan Rows": 775525, "Plan Width": 0, "Actual Rows": 595820, "Actual Loops": 1, "Inner Unique": false, "Join Filter": "(b.userid = u.id)", "Rows Removed by Join Filter": 0, "Plans": [{"Node Type": "Nested Loop", "Parent Relationship": "Outer", "Parallel Aware": false, "Async Capable": false, "Join Type": "Inner", "Startup Cost": 1.17, "Total Cost": 55071.67, "Plan Rows": 20468, "Plan Width": 8, "Actual Rows": 59978, "Actual Loops": 1, "Inner Unique": false, "Plans": [{"Node Type": "Nested Loop", "Parent Relationship": "Outer", "Parallel Aware": false, "Async Capable": false, "Join Type": "Inner", "Startup Cost": 0.38, "Total Cost": 26895.77, "Plan Rows": 5740, "Plan Width": 12, "Actual Rows": 9872, "Actual Loops": 1, "Inner Unique": true, "Plans": [{"Node Type": "Seq Scan", "Parent Relationship": "Outer", "Parallel Aware": false, "Async Capable": false, "Relation Name": "posts", "Alias": "p", "Startup Cost": 0.0, "Total Cost": 2679.52, "Plan Rows": 6091, "Plan Width": 8, "Actual Rows": 13079, "Actual Loops": 1, "Filter": "((score >= '-1'::integer) AND (favoritecount >= 0) AND (favoritecount <= 20) AND (posttypeid = 1))", "Rows Removed by Filter": 78897}, {"Node Type": "Memoize", "Parent Relationship": "Inner", "Parallel Aware": false, "Async Capable": false, "Startup Cost": 0.38, "Total Cost": 4.4, "Plan Rows": 1, "Plan Width": 4, "Actual Rows": 1, "Actual Loops": 13079, "Cache Key": "p.owneruserid", "Cache Mode": "logical", "Cache Hits": 6318, "Cache Misses": 6761, "Cache Evictions": 0, "Cache Overflows": 0, "Peak Memory Usage": 663, "Plans": [{"Node Type": "Bitmap Heap Scan", "Parent Relationship": "Outer", "Parallel Aware": false, "Async Capable": false, "Relation Name": "users", "Alias": "u", "Startup Cost": 0.37, "Total Cost": 4.39, "Plan Rows": 1, "Plan Width": 4, "Actual Rows": 1, "Actual Loops": 6761, "Recheck Cond": "(p.owneruserid = id)", "Rows Removed by Index Recheck": 0, "Filter": "((downvotes <= 2) AND (upvotes >= 0) AND (creationdate >= '2010-11-26 03:34:11'::timestamp without time zone))", "Rows Removed by Filter": 0, "Exact Heap Blocks": 6760, "Lossy Heap Blocks": 0, "Plans": [{"Node Type": "Bitmap Index Scan", "Parent Relationship": "Outer", "Parallel Aware": false, "Async Capable": false, "Index Name": "users_pkey", "Startup Cost": 0.0, "Total Cost": 0.37, "Plan Rows": 1, "Plan Width": 0, "Actual Rows": 1, "Actual Loops": 6761, "Index Cond": "(id = p.owneruserid)"}]}]}]}, {"Node Type": "Bitmap Heap Scan", "Parent Relationship": "Inner", "Parallel Aware": false, "Async Capable": false, "Relation Name": "votes", "Alias": "v", "Startup Cost": 0.78, "Total Cost": 4.86, "Plan Rows": 5, "Plan Width": 4, "Actual Rows": 6, "Actual Loops": 9872, "Recheck Cond": "(postid = p.id)", "Rows Removed by Index Recheck": 0, "Filter": "(creationdate <= '2014-09-12 00:00:00'::timestamp without time zone)", "Rows Removed by Filter": 0, "Exact Heap Blocks": 36707, "Lossy Heap Blocks": 0, "Plans": [{"Node Type": "Bitmap Index Scan", "Parent Relationship": "Outer", "Parallel Aware": false, "Async Capable": false, "Index Name": "idx_votes_postid", "Startup Cost": 0.0, "Total Cost": 0.78, "Plan Rows": 5, "Plan Width": 0, "Actual Rows": 6, "Actual Loops": 9872, "Index Cond": "(postid = p.id)"}]}]}, {"Node Type": "Memoize", "Parent Relationship": "Inner", "Parallel Aware": false, "Async Capable": false, "Startup Cost": 0.41, "Total Cost": 4.47, "Plan Rows": 3, "Plan Width": 4, "Actual Rows": 10, "Actual Loops": 59978, "Cache Key": "p.owneruserid", "Cache Mode": "logical", "Cache Hits": 53977, "Cache Misses": 6001, "Cache Evictions": 0, "Cache Overflows": 0, "Peak Memory Usage": 1365, "Plans": [{"Node Type": "Bitmap Heap Scan", "Parent Relationship": "Outer", "Parallel Aware": false, "Async Capable": false, "Relation Name": "badges", "Alias": "b", "Startup Cost": 0.4, "Total Cost": 4.46, "Plan Rows": 3, "Plan Width": 4, "Actual Rows": 5, "Actual Loops": 6001, "Recheck Cond": "(p.owneruserid = userid)", "Rows Removed by Index Recheck": 0, "Filter": "((date >= '2010-07-20 19:02:22'::timestamp without time zone) AND (date <= '2014-09-03 23:36:09'::timestamp without time zone))", "Rows Removed by Filter": 0, "Exact Heap Blocks": 20911, "Lossy Heap Blocks": 0, "Plans": [{"Node Type": "Bitmap Index Scan", "Parent Relationship": "Outer", "Parallel Aware": false, "Async Capable": false, "Index Name": "idx_badges_userid", "Startup Cost": 0.0, "Total Cost": 0.4, "Plan Rows": 3, "Plan Width": 0, "Actual Rows": 5, "Actual Loops": 6001, "Index Cond": "(userid = p.owneruserid)"}]}]}]}]}, "Planning Time": 1.616, "Triggers": [], "Execution Time": 356.694}]