[{"Plan": {"Node Type": "Aggregate", "Strategy": "Plain", "Partial Mode": "Finalize", "Parallel Aware": false, "Async Capable": false, "Startup Cost": 20774.35, "Total Cost": 20774.36, "Plan Rows": 1, "Plan Width": 8, "Actual Rows": 1, "Actual Loops": 1, "Plans": [{"Node Type": "Gather", "Parent Relationship": "Outer", "Parallel Aware": false, "Async Capable": false, "Startup Cost": 20774.24, "Total Cost": 20774.35, "Plan Rows": 1, "Plan Width": 8, "Actual Rows": 2, "Actual Loops": 1, "Workers Planned": 1, "Workers Launched": 1, "Single Copy": false, "Plans": [{"Node Type": "Aggregate", "Strategy": "Plain", "Partial Mode": "Partial", "Parent Relationship": "Outer", "Parallel Aware": false, "Async Capable": false, "Startup Cost": 19774.24, "Total Cost": 19774.25, "Plan Rows": 1, "Plan Width": 8, "Actual Rows": 1, "Actual Loops": 2, "Workers": [], "Plans": [{"Node Type": "Hash Join", "Parent Relationship": "Outer", "Parallel Aware": false, "Async Capable": false, "Join Type": "Inner", "Startup Cost": 4976.11, "Total Cost": 8222.49, "Plan Rows": 4620700, "Plan Width": 0, "Actual Rows": 163280, "Actual Loops": 2, "Inner Unique": false, "Hash Cond": "(c.userid = u.id)", "Workers": [], "Plans": [{"Node Type": "Seq Scan", "Parent Relationship": "Outer", "Parallel Aware": true, "Async Capable": false, "Relation Name": "comments", "Alias": "c", "Startup Cost": 0.0, "Total Cost": 2625.65, "Plan Rows": 79345, "Plan Width": 4, "Actual Rows": 67444, "Actual Loops": 2, "Filter": "(score = 0)", "Rows Removed by Filter": 19709, "Workers": []}, {"Node Type": "Hash", "Parent Relationship": "Inner", "Parallel Aware": false, "Async Capable": false, "Startup Cost": 4767.35, "Total Cost": 4767.35, "Plan Rows": 16701, "Plan Width": 8, "Actual Rows": 32260, "Actual Loops": 2, "Hash Buckets": 32768, "Original Hash Buckets": 32768, "Hash Batches": 1, "Original Hash Batches": 1, "Peak Memory Usage": 1517, "Workers": [], "Plans": [{"Node Type": "Hash Join", "Parent Relationship": "Outer", "Parallel Aware": false, "Async Capable": false, "Join Type": "Inner", "Startup Cost": 1580.95, "Total Cost": 4767.35, "Plan Rows": 16701, "Plan Width": 8, "Actual Rows": 32260, "Actual Loops": 2, "Inner Unique": true, "Hash Cond": "(p.owneruserid = u.id)", "Workers": [], "Plans": [{"Node Type": "Seq Scan", "Parent Relationship": "Outer", "Parallel Aware": false, "Async Capable": false, "Relation Name": "posts", "Alias": "p", "Startup Cost": 0.0, "Total Cost": 3139.4, "Plan Rows": 17903, "Plan Width": 4, "Actual Rows": 39244, "Actual Loops": 2, "Filter": "((score >= 0) AND (score <= 15) AND (viewcount >= 0) AND (viewcount <= 3002) AND (answercount <= 3) AND (commentcount <= 10))", "Rows Removed by Filter": 52732, "Workers": []}, {"Node Type": "Hash", "Parent Relationship": "Inner", "Parallel Aware": false, "Async Capable": false, "Startup Cost": 1103.5, "Total Cost": 1103.5, "Plan Rows": 38196, "Plan Width": 4, "Actual Rows": 38281, "Actual Loops": 2, "Hash Buckets": 65536, "Original Hash Buckets": 65536, "Hash Batches": 1, "Original Hash Batches": 1, "Peak Memory Usage": 1858, "Workers": [], "Plans": [{"Node Type": "Seq Scan", "Parent Relationship": "Outer", "Parallel Aware": false, "Async Capable": false, "Relation Name": "users", "Alias": "u", "Startup Cost": 0.0, "Total Cost": 1103.5, "Plan Rows": 38196, "Plan Width": 4, "Actual Rows": 38281, "Actual Loops": 2, "Filter": "((downvotes <= 0) AND (upvotes >= 0) AND (creationdate >= '2010-08-23 16:21:10'::timestamp without time zone) AND (creationdate <= '2014-09-02 09:50:06'::timestamp without time zone))", "Rows Removed by Filter": 2044, "Workers": []}]}]}]}]}]}]}]}, "Planning Time": 2.192, "Triggers": [], "Execution Time": 112.165}, {"Plan": {"Node Type": "Aggregate", "Strategy": "Plain", "Partial Mode": "Simple", "Parallel Aware": false, "Async Capable": false, "Startup Cost": 30000091991.61, "Total Cost": 30000091991.62, "Plan Rows": 1, "Plan Width": 8, "Actual Rows": 1, "Actual Loops": 1, "Plans": [{"Node Type": "Hash Join", "Parent Relationship": "Outer", "Parallel Aware": false, "Async Capable": false, "Join Type": "Inner", "Startup Cost": 30000063039.73, "Total Cost": 30000072353.64, "Plan Rows": 7855190, "Plan Width": 0, "Actual Rows": 326559, "Actual Loops": 1, "Inner Unique": false, "Hash Cond": "(c.userid = u.id)", "Plans": [{"Node Type": "Index Scan", "Parent Relationship": "Outer", "Parallel Aware": false, "Async Capable": false, "Scan Direction": "Forward", "Index Name": "idx_comments_userid", "Relation Name": "comments", "Alias": "c", "Startup Cost": 10000000000.3, "Total Cost": 10000008258.96, "Plan Rows": 134887, "Plan Width": 4, "Actual Rows": 134887, "Actual Loops": 1, "Filter": "(score = 0)", "Rows Removed by Filter": 39418}, {"Node Type": "Hash", "Parent Relationship": "Inner", "Parallel Aware": false, "Async Capable": false, "Startup Cost": 20000062830.68, "Total Cost": 20000062830.68, "Plan Rows": 16701, "Plan Width": 8, "Actual Rows": 32260, "Actual Loops": 1, "Hash Buckets": 32768, "Original Hash Buckets": 32768, "Hash Batches": 1, "Original Hash Batches": 1, "Peak Memory Usage": 1517, "Plans": [{"Node Type": "Nested Loop", "Parent Relationship": "Outer", "Parallel Aware": false, "Async Capable": false, "Join Type": "Inner", "Startup Cost": 20000000000.63, "Total Cost": 20000062830.68, "Plan Rows": 16701, "Plan Width": 8, "Actual Rows": 32260, "Actual Loops": 1, "Inner Unique": true, "Plans": [{"Node Type": "Index Scan", "Parent Relationship": "Outer", "Parallel Aware": false, "Async Capable": false, "Scan Direction": "Forward", "Index Name": "idx_posts_owneruserid", "Relation Name": "posts", "Alias": "p", "Startup Cost": 10000000000.29, "Total Cost": 10000005473.31, "Plan Rows": 17903, "Plan Width": 4, "Actual Rows": 39244, "Actual Loops": 1, "Filter": "((score >= 0) AND (score <= 15) AND (viewcount >= 0) AND (viewcount <= 3002) AND (answercount <= 3) AND (commentcount <= 10))", "Rows Removed by Filter": 52732}, {"Node Type": "Memoize", "Parent Relationship": "Inner", "Parallel Aware": false, "Async Capable": false, "Startup Cost": 0.33, "Total Cost": 4.36, "Plan Rows": 1, "Plan Width": 4, "Actual Rows": 1, "Actual Loops": 39244, "Cache Key": "p.owneruserid", "Cache Mode": "logical", "Cache Hits": 21284, "Cache Misses": 17960, "Cache Evictions": 0, "Cache Overflows": 0, "Peak Memory Usage": 1789, "Plans": [{"Node Type": "Bitmap Heap Scan", "Parent Relationship": "Outer", "Parallel Aware": false, "Async Capable": false, "Relation Name": "users", "Alias": "u", "Startup Cost": 0.32, "Total Cost": 4.35, "Plan Rows": 1, "Plan Width": 4, "Actual Rows": 1, "Actual Loops": 17960, "Recheck Cond": "(p.owneruserid = id)", "Rows Removed by Index Recheck": 0, "Filter": "((downvotes <= 0) AND (upvotes >= 0) AND (creationdate >= '2010-08-23 16:21:10'::timestamp without time zone) AND (creationdate <= '2014-09-02 09:50:06'::timestamp without time zone))", "Rows Removed by Filter": 0, "Exact Heap Blocks": 17959, "Lossy Heap Blocks": 0, "Plans": [{"Node Type": "Bitmap Index Scan", "Parent Relationship": "Outer", "Parallel Aware": false, "Async Capable": false, "Index Name": "users_pkey", "Startup Cost": 0.0, "Total Cost": 0.32, "Plan Rows": 1, "Plan Width": 0, "Actual Rows": 1, "Actual Loops": 17960, "Index Cond": "(id = p.owneruserid)"}]}]}]}]}]}]}, "Planning Time": 1.473, "Triggers": [], "Execution Time": 359.229}, {"Plan": {"Node Type": "Aggregate", "Strategy": "Plain", "Partial Mode": "Finalize", "Parallel Aware": false, "Async Capable": false, "Startup Cost": 28501.32, "Total Cost": 28501.33, "Plan Rows": 1, "Plan Width": 8, "Actual Rows": 1, "Actual Loops": 1, "Plans": [{"Node Type": "Gather", "Parent Relationship": "Outer", "Parallel Aware": false, "Async Capable": false, "Startup Cost": 28501.21, "Total Cost": 28501.32, "Plan Rows": 1, "Plan Width": 8, "Actual Rows": 2, "Actual Loops": 1, "Workers Planned": 1, "Workers Launched": 1, "Single Copy": false, "Plans": [{"Node Type": "Aggregate", "Strategy": "Plain", "Partial Mode": "Partial", "Parent Relationship": "Outer", "Parallel Aware": false, "Async Capable": false, "Startup Cost": 27501.21, "Total Cost": 27501.22, "Plan Rows": 1, "Plan Width": 8, "Actual Rows": 1, "Actual Loops": 2, "Workers": [], "Plans": [{"Node Type": "Hash Join", "Parent Relationship": "Outer", "Parallel Aware": false, "Async Capable": false, "Join Type": "Inner", "Startup Cost": 7967.23, "Total Cost": 15949.46, "Plan Rows": 4620700, "Plan Width": 0, "Actual Rows": 163280, "Actual Loops": 2, "Inner Unique": false, "Hash Cond": "(c.userid = u.id)", "Workers": [], "Plans": [{"Node Type": "Index Scan", "Parent Relationship": "Outer", "Parallel Aware": true, "Async Capable": false, "Scan Direction": "Forward", "Index Name": "idx_comments_userid", "Relation Name": "comments", "Alias": "c", "Startup Cost": 0.29, "Total Cost": 7361.8, "Plan Rows": 79345, "Plan Width": 4, "Actual Rows": 67444, "Actual Loops": 2, "Filter": "(score = 0)", "Rows Removed by Filter": 19709, "Workers": []}, {"Node Type": "Hash", "Parent Relationship": "Inner", "Parallel Aware": false, "Async Capable": false, "Startup Cost": 7758.17, "Total Cost": 7758.17, "Plan Rows": 16701, "Plan Width": 8, "Actual Rows": 32260, "Actual Loops": 2, "Hash Buckets": 32768, "Original Hash Buckets": 32768, "Hash Batches": 1, "Original Hash Batches": 1, "Peak Memory Usage": 1517, "Workers": [], "Plans": [{"Node Type": "Hash Join", "Parent Relationship": "Outer", "Parallel Aware": false, "Async Capable": false, "Join Type": "Inner", "Startup Cost": 2238.16, "Total Cost": 7758.17, "Plan Rows": 16701, "Plan Width": 8, "Actual Rows": 32260, "Actual Loops": 2, "Inner Unique": true, "Hash Cond": "(p.owneruserid = u.id)", "Workers": [], "Plans": [{"Node Type": "Index Scan", "Parent Relationship": "Outer", "Parallel Aware": false, "Async Capable": false, "Scan Direction": "Forward", "Index Name": "idx_posts_owneruserid", "Relation Name": "posts", "Alias": "p", "Startup Cost": 0.29, "Total Cost": 5473.31, "Plan Rows": 17903, "Plan Width": 4, "Actual Rows": 39244, "Actual Loops": 2, "Filter": "((score >= 0) AND (score <= 15) AND (viewcount >= 0) AND (viewcount <= 3002) AND (answercount <= 3) AND (commentcount <= 10))", "Rows Removed by Filter": 52732, "Workers": []}, {"Node Type": "Hash", "Parent Relationship": "Inner", "Parallel Aware": false, "Async Capable": false, "Startup Cost": 1760.41, "Total Cost": 1760.41, "Plan Rows": 38196, "Plan Width": 4, "Actual Rows": 38281, "Actual Loops": 2, "Hash Buckets": 65536, "Original Hash Buckets": 65536, "Hash Batches": 1, "Original Hash Batches": 1, "Peak Memory Usage": 1858, "Workers": [], "Plans": [{"Node Type": "Index Scan", "Parent Relationship": "Outer", "Parallel Aware": false, "Async Capable": false, "Scan Direction": "Forward", "Index Name": "users_pkey", "Relation Name": "users", "Alias": "u", "Startup Cost": 0.29, "Total Cost": 1760.41, "Plan Rows": 38196, "Plan Width": 4, "Actual Rows": 38281, "Actual Loops": 2, "Filter": "((downvotes <= 0) AND (upvotes >= 0) AND (creationdate >= '2010-08-23 16:21:10'::timestamp without time zone) AND (creationdate <= '2014-09-02 09:50:06'::timestamp without time zone))", "Rows Removed by Filter": 2044, "Workers": []}]}]}]}]}]}]}]}, "Planning Time": 2.404, "Triggers": [], "Execution Time": 259.718}, {"Plan": {"Node Type": "Aggregate", "Strategy": "Plain", "Partial Mode": "Finalize", "Parallel Aware": false, "Async Capable": false, "Startup Cost": 27929.25, "Total Cost": 27929.26, "Plan Rows": 1, "Plan Width": 8, "Actual Rows": 1, "Actual Loops": 1, "Plans": [{"Node Type": "Gather", "Parent Relationship": "Outer", "Parallel Aware": false, "Async Capable": false, "Startup Cost": 27929.14, "Total Cost": 27929.25, "Plan Rows": 1, "Plan Width": 8, "Actual Rows": 2, "Actual Loops": 1, "Workers Planned": 1, "Workers Launched": 1, "Single Copy": false, "Plans": [{"Node Type": "Aggregate", "Strategy": "Plain", "Partial Mode": "Partial", "Parent Relationship": "Outer", "Parallel Aware": false, "Async Capable": false, "Startup Cost": 26929.14, "Total Cost": 26929.15, "Plan Rows": 1, "Plan Width": 8, "Actual Rows": 1, "Actual Loops": 2, "Workers": [], "Plans": [{"Node Type": "Merge Join", "Parent Relationship": "Outer", "Parallel Aware": false, "Async Capable": false, "Join Type": "Inner", "Startup Cost": 1.33, "Total Cost": 15377.39, "Plan Rows": 4620700, "Plan Width": 0, "Actual Rows": 163280, "Actual Loops": 2, "Inner Unique": false, "Merge Cond": "(c.userid = u.id)", "Workers": [], "Plans": [{"Node Type": "Index Scan", "Parent Relationship": "Outer", "Parallel Aware": true, "Async Capable": false, "Scan Direction": "Forward", "Index Name": "idx_comments_userid", "Relation Name": "comments", "Alias": "c", "Startup Cost": 0.29, "Total Cost": 7361.8, "Plan Rows": 79345, "Plan Width": 4, "Actual Rows": 66242, "Actual Loops": 2, "Filter": "(score = 0)", "Rows Removed by Filter": 19371, "Workers": []}, {"Node Type": "Materialize", "Parent Relationship": "Inner", "Parallel Aware": false, "Async Capable": false, "Startup Cost": 0.58, "Total Cost": 7499.21, "Plan Rows": 16701, "Plan Width": 8, "Actual Rows": 182750, "Actual Loops": 2, "Workers": [], "Plans": [{"Node Type": "Merge Join", "Parent Relationship": "Outer", "Parallel Aware": false, "Async Capable": false, "Join Type": "Inner", "Startup Cost": 0.58, "Total Cost": 7457.46, "Plan Rows": 16701, "Plan Width": 8, "Actual Rows": 31960, "Actual Loops": 2, "Inner Unique": true, "Merge Cond": "(p.owneruserid = u.id)", "Workers": [], "Plans": [{"Node Type": "Index Scan", "Parent Relationship": "Outer", "Parallel Aware": false, "Async Capable": false, "Scan Direction": "Forward", "Index Name": "idx_posts_owneruserid", "Relation Name": "posts", "Alias": "p", "Startup Cost": 0.29, "Total Cost": 5473.31, "Plan Rows": 17903, "Plan Width": 4, "Actual Rows": 38052, "Actual Loops": 2, "Filter": "((score >= 0) AND (score <= 15) AND (viewcount >= 0) AND (viewcount <= 3002) AND (answercount <= 3) AND (commentcount <= 10))", "Rows Removed by Filter": 51764, "Workers": []}, {"Node Type": "Index Scan", "Parent Relationship": "Inner", "Parallel Aware": false, "Async Capable": false, "Scan Direction": "Forward", "Index Name": "users_pkey", "Relation Name": "users", "Alias": "u", "Startup Cost": 0.29, "Total Cost": 1760.41, "Plan Rows": 38196, "Plan Width": 4, "Actual Rows": 37608, "Actual Loops": 2, "Filter": "((downvotes <= 0) AND (upvotes >= 0) AND (creationdate >= '2010-08-23 16:21:10'::timestamp without time zone) AND (creationdate <= '2014-09-02 09:50:06'::timestamp without time zone))", "Rows Removed by Filter": 1718, "Workers": []}]}]}]}]}]}]}, "Planning Time": 3.128, "Triggers": [], "Execution Time": 222.142}, {"Plan": {"Node Type": "Aggregate", "Strategy": "Plain", "Partial Mode": "Simple", "Parallel Aware": false, "Async Capable": false, "Startup Cost": 30000036140.6, "Total Cost": 30000036140.61, "Plan Rows": 1, "Plan Width": 8, "Actual Rows": 1, "Actual Loops": 1, "Plans": [{"Node Type": "Merge Join", "Parent Relationship": "Outer", "Parallel Aware": false, "Async Capable": false, "Join Type": "Inner", "Startup Cost": 30000000001.33, "Total Cost": 30000016502.63, "Plan Rows": 7855190, "Plan Width": 0, "Actual Rows": 326559, "Actual Loops": 1, "Inner Unique": false, "Merge Cond": "(u.id = c.userid)", "Plans": [{"Node Type": "Merge Join", "Parent Relationship": "Outer", "Parallel Aware": false, "Async Capable": false, "Join Type": "Inner", "Startup Cost": 20000000000.58, "Total Cost": 20000007457.46, "Plan Rows": 16701, "Plan Width": 8, "Actual Rows": 32260, "Actual Loops": 1, "Inner Unique": true, "Merge Cond": "(p.owneruserid = u.id)", "Plans": [{"Node Type": "Index Scan", "Parent Relationship": "Outer", "Parallel Aware": false, "Async Capable": false, "Scan Direction": "Forward", "Index Name": "idx_posts_owneruserid", "Relation Name": "posts", "Alias": "p", "Startup Cost": 10000000000.29, "Total Cost": 10000005473.31, "Plan Rows": 17903, "Plan Width": 4, "Actual Rows": 38356, "Actual Loops": 1, "Filter": "((score >= 0) AND (score <= 15) AND (viewcount >= 0) AND (viewcount <= 3002) AND (answercount <= 3) AND (commentcount <= 10))", "Rows Removed by Filter": 51896}, {"Node Type": "Index Scan", "Parent Relationship": "Inner", "Parallel Aware": false, "Async Capable": false, "Scan Direction": "Forward", "Index Name": "users_pkey", "Relation Name": "users", "Alias": "u", "Startup Cost": 10000000000.29, "Total Cost": 10000001760.42, "Plan Rows": 38196, "Plan Width": 4, "Actual Rows": 38281, "Actual Loops": 1, "Filter": "((downvotes <= 0) AND (upvotes >= 0) AND (creationdate >= '2010-08-23 16:21:10'::timestamp without time zone) AND (creationdate <= '2014-09-02 09:50:06'::timestamp without time zone))", "Rows Removed by Filter": 2044}]}, {"Node Type": "Index Scan", "Parent Relationship": "Inner", "Parallel Aware": false, "Async Capable": false, "Scan Direction": "Forward", "Index Name": "idx_comments_userid", "Relation Name": "comments", "Alias": "c", "Startup Cost": 10000000000.3, "Total Cost": 10000008258.96, "Plan Rows": 134887, "Plan Width": 4, "Actual Rows": 411099, "Actual Loops": 1, "Filter": "(score = 0)", "Rows Removed by Filter": 59279}]}]}, "Planning Time": 1.684, "Triggers": [], "Execution Time": 263.141}, {"Plan": {"Node Type": "Aggregate", "Strategy": "Plain", "Partial Mode": "Simple", "Parallel Aware": false, "Async Capable": false, "Startup Cost": 10000145838.41, "Total Cost": 10000145838.42, "Plan Rows": 1, "Plan Width": 8, "Actual Rows": 1, "Actual Loops": 1, "Plans": [{"Node Type": "Nested Loop", "Parent Relationship": "Outer", "Parallel Aware": false, "Async Capable": false, "Join Type": "Inner", "Startup Cost": 10000000001.07, "Total Cost": 10000126200.44, "Plan Rows": 7855190, "Plan Width": 0, "Actual Rows": 326559, "Actual Loops": 1, "Inner Unique": false, "Join Filter": "(c.userid = u.id)", "Rows Removed by Join Filter": 0, "Plans": [{"Node Type": "Nested Loop", "Parent Relationship": "Outer", "Parallel Aware": false, "Async Capable": false, "Join Type": "Inner", "Startup Cost": 10000000000.63, "Total Cost": 10000062830.68, "Plan Rows": 16701, "Plan Width": 8, "Actual Rows": 32260, "Actual Loops": 1, "Inner Unique": true, "Plans": [{"Node Type": "Index Scan", "Parent Relationship": "Outer", "Parallel Aware": false, "Async Capable": false, "Scan Direction": "Forward", "Index Name": "idx_posts_owneruserid", "Relation Name": "posts", "Alias": "p", "Startup Cost": 10000000000.29, "Total Cost": 10000005473.31, "Plan Rows": 17903, "Plan Width": 4, "Actual Rows": 39244, "Actual Loops": 1, "Filter": "((score >= 0) AND (score <= 15) AND (viewcount >= 0) AND (viewcount <= 3002) AND (answercount <= 3) AND (commentcount <= 10))", "Rows Removed by Filter": 52732}, {"Node Type": "Memoize", "Parent Relationship": "Inner", "Parallel Aware": false, "Async Capable": false, "Startup Cost": 0.33, "Total Cost": 4.36, "Plan Rows": 1, "Plan Width": 4, "Actual Rows": 1, "Actual Loops": 39244, "Cache Key": "p.owneruserid", "Cache Mode": "logical", "Cache Hits": 21284, "Cache Misses": 17960, "Cache Evictions": 0, "Cache Overflows": 0, "Peak Memory Usage": 1789, "Plans": [{"Node Type": "Bitmap Heap Scan", "Parent Relationship": "Outer", "Parallel Aware": false, "Async Capable": false, "Relation Name": "users", "Alias": "u", "Startup Cost": 0.32, "Total Cost": 4.35, "Plan Rows": 1, "Plan Width": 4, "Actual Rows": 1, "Actual Loops": 17960, "Recheck Cond": "(p.owneruserid = id)", "Rows Removed by Index Recheck": 0, "Filter": "((downvotes <= 0) AND (upvotes >= 0) AND (creationdate >= '2010-08-23 16:21:10'::timestamp without time zone) AND (creationdate <= '2014-09-02 09:50:06'::timestamp without time zone))", "Rows Removed by Filter": 0, "Exact Heap Blocks": 17959, "Lossy Heap Blocks": 0, "Plans": [{"Node Type": "Bitmap Index Scan", "Parent Relationship": "Outer", "Parallel Aware": false, "Async Capable": false, "Index Name": "users_pkey", "Startup Cost": 0.0, "Total Cost": 0.32, "Plan Rows": 1, "Plan Width": 0, "Actual Rows": 1, "Actual Loops": 17960, "Index Cond": "(id = p.owneruserid)"}]}]}]}, {"Node Type": "Memoize", "Parent Relationship": "Inner", "Parallel Aware": false, "Async Capable": false, "Startup Cost": 0.45, "Total Cost": 4.64, "Plan Rows": 10, "Plan Width": 4, "Actual Rows": 10, "Actual Loops": 32260, "Cache Key": "p.owneruserid", "Cache Mode": "logical", "Cache Hits": 15309, "Cache Misses": 16951, "Cache Evictions": 0, "Cache Overflows": 0, "Peak Memory Usage": 2812, "Plans": [{"Node Type": "Bitmap Heap Scan", "Parent Relationship": "Outer", "Parallel Aware": false, "Async Capable": false, "Relation Name": "comments", "Alias": "c", "Startup Cost": 0.44, "Total Cost": 4.63, "Plan Rows": 10, "Plan Width": 4, "Actual Rows": 3, "Actual Loops": 16951, "Recheck Cond": "(userid = p.owneruserid)", "Rows Removed by Index Recheck": 0, "Filter": "(score = 0)", "Rows Removed by Filter": 0, "Exact Heap Blocks": 29747, "Lossy Heap Blocks": 0, "Plans": [{"Node Type": "Bitmap Index Scan", "Parent Relationship": "Outer", "Parallel Aware": false, "Async Capable": false, "Index Name": "idx_comments_userid", "Startup Cost": 0.0, "Total Cost": 0.43, "Plan Rows": 13, "Plan Width": 0, "Actual Rows": 3, "Actual Loops": 16951, "Index Cond": "(userid = p.owneruserid)"}]}]}]}]}, "Planning Time": 1.647, "Triggers": [], "Execution Time": 307.658}, {"Plan": {"Node Type": "Aggregate", "Strategy": "Plain", "Partial Mode": "Finalize", "Parallel Aware": false, "Async Capable": false, "Startup Cost": 26986.93, "Total Cost": 26986.94, "Plan Rows": 1, "Plan Width": 8, "Actual Rows": 1, "Actual Loops": 1, "Plans": [{"Node Type": "Gather", "Parent Relationship": "Outer", "Parallel Aware": false, "Async Capable": false, "Startup Cost": 26986.82, "Total Cost": 26986.93, "Plan Rows": 1, "Plan Width": 8, "Actual Rows": 2, "Actual Loops": 1, "Workers Planned": 1, "Workers Launched": 1, "Single Copy": false, "Plans": [{"Node Type": "Aggregate", "Strategy": "Plain", "Partial Mode": "Partial", "Parent Relationship": "Outer", "Parallel Aware": false, "Async Capable": false, "Startup Cost": 25986.82, "Total Cost": 25986.83, "Plan Rows": 1, "Plan Width": 8, "Actual Rows": 1, "Actual Loops": 2, "Workers": [], "Plans": [{"Node Type": "Merge Join", "Parent Relationship": "Outer", "Parallel Aware": false, "Async Capable": false, "Join Type": "Inner", "Startup Cost": 4404.78, "Total Cost": 14435.07, "Plan Rows": 4620700, "Plan Width": 0, "Actual Rows": 163280, "Actual Loops": 2, "Inner Unique": false, "Merge Cond": "(c.userid = u.id)", "Workers": [], "Plans": [{"Node Type": "Index Scan", "Parent Relationship": "Outer", "Parallel Aware": true, "Async Capable": false, "Scan Direction": "Forward", "Index Name": "idx_comments_userid", "Relation Name": "comments", "Alias": "c", "Startup Cost": 0.29, "Total Cost": 7361.8, "Plan Rows": 79345, "Plan Width": 4, "Actual Rows": 66242, "Actual Loops": 2, "Filter": "(score = 0)", "Rows Removed by Filter": 19371, "Workers": []}, {"Node Type": "Materialize", "Parent Relationship": "Inner", "Parallel Aware": false, "Async Capable": false, "Startup Cost": 4404.35, "Total Cost": 6556.89, "Plan Rows": 16701, "Plan Width": 8, "Actual Rows": 182974, "Actual Loops": 2, "Workers": [], "Plans": [{"Node Type": "Merge Join", "Parent Relationship": "Outer", "Parallel Aware": false, "Async Capable": false, "Join Type": "Inner", "Startup Cost": 4404.35, "Total Cost": 6515.14, "Plan Rows": 16701, "Plan Width": 8, "Actual Rows": 32182, "Actual Loops": 2, "Inner Unique": false, "Merge Cond": "(u.id = p.owneruserid)", "Workers": [], "Plans": [{"Node Type": "Index Scan", "Parent Relationship": "Outer", "Parallel Aware": false, "Async Capable": false, "Scan Direction": "Forward", "Index Name": "users_pkey", "Relation Name": "users", "Alias": "u", "Startup Cost": 0.29, "Total Cost": 1760.41, "Plan Rows": 38196, "Plan Width": 4, "Actual Rows": 38094, "Actual Loops": 2, "Filter": "((downvotes <= 0) AND (upvotes >= 0) AND (creationdate >= '2010-08-23 16:21:10'::timestamp without time zone) AND (creationdate <= '2014-09-02 09:50:06'::timestamp without time zone))", "Rows Removed by Filter": 1718, "Workers": []}, {"Node Type": "Sort", "Parent Relationship": "Inner", "Parallel Aware": false, "Async Capable": false, "Startup Cost": 4404.06, "Total Cost": 4448.82, "Plan Rows": 17903, "Plan Width": 4, "Actual Rows": 38278, "Actual Loops": 2, "Sort Key": ["p.owneruserid"], "Sort Method": "quicksort", "Sort Space Used": 1537, "Sort Space Type": "Memory", "Workers": [{"Worker Number": 0, "Sort Method": "quicksort", "Sort Space Used": 1537, "Sort Space Type": "Memory"}], "Plans": [{"Node Type": "Seq Scan", "Parent Relationship": "Outer", "Parallel Aware": false, "Async Capable": false, "Relation Name": "posts", "Alias": "p", "Startup Cost": 0.0, "Total Cost": 3139.4, "Plan Rows": 17903, "Plan Width": 4, "Actual Rows": 39244, "Actual Loops": 2, "Filter": "((score >= 0) AND (score <= 15) AND (viewcount >= 0) AND (viewcount <= 3002) AND (answercount <= 3) AND (commentcount <= 10))", "Rows Removed by Filter": 52732, "Workers": []}]}]}]}]}]}]}]}, "Planning Time": 3.171, "Triggers": [], "Execution Time": 174.641}, {"Plan": {"Node Type": "Aggregate", "Strategy": "Plain", "Partial Mode": "Finalize", "Parallel Aware": false, "Async Capable": false, "Startup Cost": 33914.89, "Total Cost": 33914.9, "Plan Rows": 1, "Plan Width": 8, "Actual Rows": 1, "Actual Loops": 1, "Plans": [{"Node Type": "Gather", "Parent Relationship": "Outer", "Parallel Aware": false, "Async Capable": false, "Startup Cost": 33914.78, "Total Cost": 33914.89, "Plan Rows": 1, "Plan Width": 8, "Actual Rows": 2, "Actual Loops": 1, "Workers Planned": 1, "Workers Launched": 1, "Single Copy": false, "Plans": [{"Node Type": "Aggregate", "Strategy": "Plain", "Partial Mode": "Partial", "Parent Relationship": "Outer", "Parallel Aware": false, "Async Capable": false, "Startup Cost": 32914.78, "Total Cost": 32914.79, "Plan Rows": 1, "Plan Width": 8, "Actual Rows": 1, "Actual Loops": 2, "Workers": [], "Plans": [{"Node Type": "Nested Loop", "Parent Relationship": "Outer", "Parallel Aware": false, "Async Capable": false, "Join Type": "Inner", "Startup Cost": 0.9, "Total Cost": 21363.03, "Plan Rows": 4620700, "Plan Width": 0, "Actual Rows": 163280, "Actual Loops": 2, "Inner Unique": false, "Workers": [], "Plans": [{"Node Type": "Nested Loop", "Parent Relationship": "Outer", "Parallel Aware": false, "Async Capable": false, "Join Type": "Inner", "Startup Cost": 0.59, "Total Cost": 13638.47, "Plan Rows": 73913, "Plan Width": 8, "Actual Rows": 26782, "Actual Loops": 2, "Inner Unique": true, "Workers": [], "Plans": [{"Node Type": "Index Scan", "Parent Relationship": "Outer", "Parallel Aware": true, "Async Capable": false, "Scan Direction": "Forward", "Index Name": "idx_comments_userid", "Relation Name": "comments", "Alias": "c", "Startup Cost": 0.29, "Total Cost": 7361.8, "Plan Rows": 79345, "Plan Width": 4, "Actual Rows": 67444, "Actual Loops": 2, "Filter": "(score = 0)", "Rows Removed by Filter": 19709, "Workers": []}, {"Node Type": "Memoize", "Parent Relationship": "Inner", "Parallel Aware": false, "Async Capable": false, "Startup Cost": 0.3, "Total Cost": 0.34, "Plan Rows": 1, "Plan Width": 4, "Actual Rows": 0, "Actual Loops": 134887, "Cache Key": "c.userid", "Cache Mode": "logical", "Cache Hits": 74844, "Cache Misses": 7251, "Cache Evictions": 0, "Cache Overflows": 0, "Peak Memory Usage": 710, "Workers": [{"Worker Number": 0, "Cache Hits": 46851, "Cache Misses": 5941, "Cache Evictions": 0, "Cache Overflows": 0, "Peak Memory Usage": 591}], "Plans": [{"Node Type": "Index Scan", "Parent Relationship": "Outer", "Parallel Aware": false, "Async Capable": false, "Scan Direction": "Forward", "Index Name": "users_pkey", "Relation Name": "users", "Alias": "u", "Startup Cost": 0.29, "Total Cost": 0.33, "Plan Rows": 1, "Plan Width": 4, "Actual Rows": 1, "Actual Loops": 13192, "Index Cond": "(id = c.userid)", "Rows Removed by Index Recheck": 0, "Filter": "((downvotes <= 0) AND (upvotes >= 0) AND (creationdate >= '2010-08-23 16:21:10'::timestamp without time zone) AND (creationdate <= '2014-09-02 09:50:06'::timestamp without time zone))", "Rows Removed by Filter": 0, "Workers": []}]}]}, {"Node Type": "Memoize", "Parent Relationship": "Inner", "Parallel Aware": false, "Async Capable": false, "Startup Cost": 0.3, "Total Cost": 0.46, "Plan Rows": 1, "Plan Width": 4, "Actual Rows": 6, "Actual Loops": 53564, "Cache Key": "c.userid", "Cache Mode": "logical", "Cache Hits": 23311, "Cache Misses": 6498, "Cache Evictions": 0, "Cache Overflows": 0, "Peak Memory Usage": 913, "Workers": [{"Worker Number": 0, "Cache Hits": 18168, "Cache Misses": 5587, "Cache Evictions": 0, "Cache Overflows": 0, "Peak Memory Usage": 769}], "Plans": [{"Node Type": "Index Scan", "Parent Relationship": "Outer", "Parallel Aware": false, "Async Capable": false, "Scan Direction": "Forward", "Index Name": "idx_posts_owneruserid", "Relation Name": "posts", "Alias": "p", "Startup Cost": 0.29, "Total Cost": 0.45, "Plan Rows": 1, "Plan Width": 4, "Actual Rows": 2, "Actual Loops": 12085, "Index Cond": "(owneruserid = c.userid)", "Rows Removed by Index Recheck": 0, "Filter": "((score >= 0) AND (score <= 15) AND (viewcount >= 0) AND (viewcount <= 3002) AND (answercount <= 3) AND (commentcount <= 10))", "Rows Removed by Filter": 1, "Workers": []}]}]}]}]}]}, "Planning Time": 2.231, "Triggers": [], "Execution Time": 202.565}, {"Plan": {"Node Type": "Aggregate", "Strategy": "Plain", "Partial Mode": "Finalize", "Parallel Aware": false, "Async Capable": false, "Startup Cost": 29178.74, "Total Cost": 29178.75, "Plan Rows": 1, "Plan Width": 8, "Actual Rows": 1, "Actual Loops": 1, "Plans": [{"Node Type": "Gather", "Parent Relationship": "Outer", "Parallel Aware": false, "Async Capable": false, "Startup Cost": 29178.63, "Total Cost": 29178.74, "Plan Rows": 1, "Plan Width": 8, "Actual Rows": 2, "Actual Loops": 1, "Workers Planned": 1, "Workers Launched": 1, "Single Copy": false, "Plans": [{"Node Type": "Aggregate", "Strategy": "Plain", "Partial Mode": "Partial", "Parent Relationship": "Outer", "Parallel Aware": false, "Async Capable": false, "Startup Cost": 28178.63, "Total Cost": 28178.64, "Plan Rows": 1, "Plan Width": 8, "Actual Rows": 1, "Actual Loops": 2, "Workers": [], "Plans": [{"Node Type": "Nested Loop", "Parent Relationship": "Outer", "Parallel Aware": false, "Async Capable": false, "Join Type": "Inner", "Startup Cost": 0.6, "Total Cost": 16626.88, "Plan Rows": 4620700, "Plan Width": 0, "Actual Rows": 163280, "Actual Loops": 2, "Inner Unique": false, "Workers": [], "Plans": [{"Node Type": "Nested Loop", "Parent Relationship": "Outer", "Parallel Aware": false, "Async Capable": false, "Join Type": "Inner", "Startup Cost": 0.3, "Total Cost": 8902.32, "Plan Rows": 73913, "Plan Width": 8, "Actual Rows": 26782, "Actual Loops": 2, "Inner Unique": true, "Workers": [], "Plans": [{"Node Type": "Seq Scan", "Parent Relationship": "Outer", "Parallel Aware": true, "Async Capable": false, "Relation Name": "comments", "Alias": "c", "Startup Cost": 0.0, "Total Cost": 2625.65, "Plan Rows": 79345, "Plan Width": 4, "Actual Rows": 67444, "Actual Loops": 2, "Filter": "(score = 0)", "Rows Removed by Filter": 19709, "Workers": []}, {"Node Type": "Memoize", "Parent Relationship": "Inner", "Parallel Aware": false, "Async Capable": false, "Startup Cost": 0.3, "Total Cost": 0.34, "Plan Rows": 1, "Plan Width": 4, "Actual Rows": 0, "Actual Loops": 134887, "Cache Key": "c.userid", "Cache Mode": "logical", "Cache Hits": 66568, "Cache Misses": 9364, "Cache Evictions": 0, "Cache Overflows": 0, "Peak Memory Usage": 917, "Workers": [{"Worker Number": 0, "Cache Hits": 50283, "Cache Misses": 8672, "Cache Evictions": 0, "Cache Overflows": 0, "Peak Memory Usage": 853}], "Plans": [{"Node Type": "Index Scan", "Parent Relationship": "Outer", "Parallel Aware": false, "Async Capable": false, "Scan Direction": "Forward", "Index Name": "users_pkey", "Relation Name": "users", "Alias": "u", "Startup Cost": 0.29, "Total Cost": 0.33, "Plan Rows": 1, "Plan Width": 4, "Actual Rows": 1, "Actual Loops": 18036, "Index Cond": "(id = c.userid)", "Rows Removed by Index Recheck": 0, "Filter": "((downvotes <= 0) AND (upvotes >= 0) AND (creationdate >= '2010-08-23 16:21:10'::timestamp without time zone) AND (creationdate <= '2014-09-02 09:50:06'::timestamp without time zone))", "Rows Removed by Filter": 0, "Workers": []}]}]}, {"Node Type": "Memoize", "Parent Relationship": "Inner", "Parallel Aware": false, "Async Capable": false, "Startup Cost": 0.3, "Total Cost": 0.46, "Plan Rows": 1, "Plan Width": 4, "Actual Rows": 6, "Actual Loops": 53564, "Cache Key": "c.userid", "Cache Mode": "logical", "Cache Hits": 20263, "Cache Misses": 8368, "Cache Evictions": 0, "Cache Overflows": 0, "Peak Memory Usage": 1273, "Workers": [{"Worker Number": 0, "Cache Hits": 17070, "Cache Misses": 7863, "Cache Evictions": 0, "Cache Overflows": 0, "Peak Memory Usage": 1216}], "Plans": [{"Node Type": "Index Scan", "Parent Relationship": "Outer", "Parallel Aware": false, "Async Capable": false, "Scan Direction": "Forward", "Index Name": "idx_posts_owneruserid", "Relation Name": "posts", "Alias": "p", "Startup Cost": 0.29, "Total Cost": 0.45, "Plan Rows": 1, "Plan Width": 4, "Actual Rows": 2, "Actual Loops": 16231, "Index Cond": "(owneruserid = c.userid)", "Rows Removed by Index Recheck": 0, "Filter": "((score >= 0) AND (score <= 15) AND (viewcount >= 0) AND (viewcount <= 3002) AND (answercount <= 3) AND (commentcount <= 10))", "Rows Removed by Filter": 1, "Workers": []}]}]}]}]}]}, "Planning Time": 1.492, "Triggers": [], "Execution Time": 175.539}, {"Plan": {"Node Type": "Aggregate", "Strategy": "Plain", "Partial Mode": "Finalize", "Parallel Aware": false, "Async Capable": false, "Startup Cost": 31370.13, "Total Cost": 31370.14, "Plan Rows": 1, "Plan Width": 8, "Actual Rows": 1, "Actual Loops": 1, "Plans": [{"Node Type": "Gather", "Parent Relationship": "Outer", "Parallel Aware": false, "Async Capable": false, "Startup Cost": 31370.02, "Total Cost": 31370.13, "Plan Rows": 1, "Plan Width": 8, "Actual Rows": 2, "Actual Loops": 1, "Workers Planned": 1, "Workers Launched": 1, "Single Copy": false, "Plans": [{"Node Type": "Aggregate", "Strategy": "Plain", "Partial Mode": "Partial", "Parent Relationship": "Outer", "Parallel Aware": false, "Async Capable": false, "Startup Cost": 30370.02, "Total Cost": 30370.03, "Plan Rows": 1, "Plan Width": 8, "Actual Rows": 1, "Actual Loops": 2, "Workers": [], "Plans": [{"Node Type": "Merge Join", "Parent Relationship": "Outer", "Parallel Aware": false, "Async Capable": false, "Join Type": "Inner", "Startup Cost": 17497.22, "Total Cost": 18818.27, "Plan Rows": 4620700, "Plan Width": 0, "Actual Rows": 163280, "Actual Loops": 2, "Inner Unique": false, "Merge Cond": "(c.userid = u.id)", "Workers": [], "Plans": [{"Node Type": "Sort", "Parent Relationship": "Outer", "Parallel Aware": false, "Async Capable": false, "Startup Cost": 9082.69, "Total Cost": 9281.05, "Plan Rows": 79345, "Plan Width": 4, "Actual Rows": 66242, "Actual Loops": 2, "Sort Key": ["c.userid"], "Sort Method": "quicksort", "Sort Space Used": 3073, "Sort Space Type": "Memory", "Workers": [{"Worker Number": 0, "Sort Method": "quicksort", "Sort Space Used": 1537, "Sort Space Type": "Memory"}], "Plans": [{"Node Type": "Seq Scan", "Parent Relationship": "Outer", "Parallel Aware": true, "Async Capable": false, "Relation Name": "comments", "Alias": "c", "Startup Cost": 0.0, "Total Cost": 2625.65, "Plan Rows": 79345, "Plan Width": 4, "Actual Rows": 67444, "Actual Loops": 2, "Filter": "(score = 0)", "Rows Removed by Filter": 19709, "Workers": []}]}, {"Node Type": "Materialize", "Parent Relationship": "Inner", "Parallel Aware": false, "Async Capable": false, "Startup Cost": 8414.49, "Total Cost": 8902.39, "Plan Rows": 16701, "Plan Width": 8, "Actual Rows": 176209, "Actual Loops": 2, "Workers": [], "Plans": [{"Node Type": "Merge Join", "Parent Relationship": "Outer", "Parallel Aware": false, "Async Capable": false, "Join Type": "Inner", "Startup Cost": 8414.49, "Total Cost": 8860.64, "Plan Rows": 16701, "Plan Width": 8, "Actual Rows": 32260, "Actual Loops": 2, "Inner Unique": true, "Merge Cond": "(p.owneruserid = u.id)", "Workers": [], "Plans": [{"Node Type": "Sort", "Parent Relationship": "Outer", "Parallel Aware": false, "Async Capable": false, "Startup Cost": 4404.06, "Total Cost": 4448.82, "Plan Rows": 17903, "Plan Width": 4, "Actual Rows": 38356, "Actual Loops": 2, "Sort Key": ["p.owneruserid"], "Sort Method": "quicksort", "Sort Space Used": 1537, "Sort Space Type": "Memory", "Workers": [{"Worker Number": 0, "Sort Method": "quicksort", "Sort Space Used": 1537, "Sort Space Type": "Memory"}], "Plans": [{"Node Type": "Seq Scan", "Parent Relationship": "Outer", "Parallel Aware": false, "Async Capable": false, "Relation Name": "posts", "Alias": "p", "Startup Cost": 0.0, "Total Cost": 3139.4, "Plan Rows": 17903, "Plan Width": 4, "Actual Rows": 39244, "Actual Loops": 2, "Filter": "((score >= 0) AND (score <= 15) AND (viewcount >= 0) AND (viewcount <= 3002) AND (answercount <= 3) AND (commentcount <= 10))", "Rows Removed by Filter": 52732, "Workers": []}]}, {"Node Type": "Sort", "Parent Relationship": "Inner", "Parallel Aware": false, "Async Capable": false, "Startup Cost": 4010.43, "Total Cost": 4105.92, "Plan Rows": 38196, "Plan Width": 4, "Actual Rows": 38281, "Actual Loops": 2, "Sort Key": ["u.id"], "Sort Method": "quicksort", "Sort Space Used": 1537, "Sort Space Type": "Memory", "Workers": [{"Worker Number": 0, "Sort Method": "quicksort", "Sort Space Used": 1537, "Sort Space Type": "Memory"}], "Plans": [{"Node Type": "Seq Scan", "Parent Relationship": "Outer", "Parallel Aware": false, "Async Capable": false, "Relation Name": "users", "Alias": "u", "Startup Cost": 0.0, "Total Cost": 1103.5, "Plan Rows": 38196, "Plan Width": 4, "Actual Rows": 38281, "Actual Loops": 2, "Filter": "((downvotes <= 0) AND (upvotes >= 0) AND (creationdate >= '2010-08-23 16:21:10'::timestamp without time zone) AND (creationdate <= '2014-09-02 09:50:06'::timestamp without time zone))", "Rows Removed by Filter": 2044, "Workers": []}]}]}]}]}]}]}]}, "Planning Time": 1.829, "Triggers": [], "Execution Time": 97.212}, {"Plan": {"Node Type": "Aggregate", "Strategy": "Plain", "Partial Mode": "Finalize", "Parallel Aware": false, "Async Capable": false, "Startup Cost": 133090.28, "Total Cost": 133090.29, "Plan Rows": 1, "Plan Width": 8, "Actual Rows": 1, "Actual Loops": 1, "Plans": [{"Node Type": "Gather", "Parent Relationship": "Outer", "Parallel Aware": false, "Async Capable": false, "Startup Cost": 133090.17, "Total Cost": 133090.28, "Plan Rows": 1, "Plan Width": 8, "Actual Rows": 2, "Actual Loops": 1, "Workers Planned": 1, "Workers Launched": 1, "Single Copy": false, "Plans": [{"Node Type": "Aggregate", "Strategy": "Plain", "Partial Mode": "Partial", "Parent Relationship": "Outer", "Parallel Aware": false, "Async Capable": false, "Startup Cost": 132090.17, "Total Cost": 132090.18, "Plan Rows": 1, "Plan Width": 8, "Actual Rows": 1, "Actual Loops": 2, "Workers": [], "Plans": [{"Node Type": "Nested Loop", "Parent Relationship": "Outer", "Parallel Aware": false, "Async Capable": false, "Join Type": "Inner", "Startup Cost": 0.65, "Total Cost": 120538.42, "Plan Rows": 4620700, "Plan Width": 0, "Actual Rows": 163280, "Actual Loops": 2, "Inner Unique": false, "Workers": [], "Plans": [{"Node Type": "Nested Loop", "Parent Relationship": "Outer", "Parallel Aware": false, "Async Capable": false, "Join Type": "Inner", "Startup Cost": 0.31, "Total Cost": 60913.47, "Plan Rows": 73913, "Plan Width": 8, "Actual Rows": 26782, "Actual Loops": 2, "Inner Unique": true, "Workers": [], "Plans": [{"Node Type": "Seq Scan", "Parent Relationship": "Outer", "Parallel Aware": true, "Async Capable": false, "Relation Name": "comments", "Alias": "c", "Startup Cost": 0.0, "Total Cost": 2625.65, "Plan Rows": 79345, "Plan Width": 4, "Actual Rows": 67444, "Actual Loops": 2, "Filter": "(score = 0)", "Rows Removed by Filter": 19709, "Workers": []}, {"Node Type": "Memoize", "Parent Relationship": "Inner", "Parallel Aware": false, "Async Capable": false, "Startup Cost": 0.31, "Total Cost": 4.33, "Plan Rows": 1, "Plan Width": 4, "Actual Rows": 0, "Actual Loops": 134887, "Cache Key": "c.userid", "Cache Mode": "logical", "Cache Hits": 68815, "Cache Misses": 9828, "Cache Evictions": 0, "Cache Overflows": 0, "Peak Memory Usage": 963, "Workers": [{"Worker Number": 0, "Cache Hits": 47837, "Cache Misses": 8407, "Cache Evictions": 0, "Cache Overflows": 0, "Peak Memory Usage": 825}], "Plans": [{"Node Type": "Bitmap Heap Scan", "Parent Relationship": "Outer", "Parallel Aware": false, "Async Capable": false, "Relation Name": "users", "Alias": "u", "Startup Cost": 0.3, "Total Cost": 4.32, "Plan Rows": 1, "Plan Width": 4, "Actual Rows": 1, "Actual Loops": 18235, "Recheck Cond": "(c.userid = id)", "Rows Removed by Index Recheck": 0, "Filter": "((downvotes <= 0) AND (upvotes >= 0) AND (creationdate >= '2010-08-23 16:21:10'::timestamp without time zone) AND (creationdate <= '2014-09-02 09:50:06'::timestamp without time zone))", "Rows Removed by Filter": 0, "Exact Heap Blocks": 9827, "Lossy Heap Blocks": 0, "Workers": [], "Plans": [{"Node Type": "Bitmap Index Scan", "Parent Relationship": "Outer", "Parallel Aware": false, "Async Capable": false, "Index Name": "users_pkey", "Startup Cost": 0.0, "Total Cost": 0.3, "Plan Rows": 1, "Plan Width": 0, "Actual Rows": 1, "Actual Loops": 18235, "Index Cond": "(id = c.userid)", "Workers": []}]}]}]}, {"Node Type": "Memoize", "Parent Relationship": "Inner", "Parallel Aware": false, "Async Capable": false, "Startup Cost": 0.34, "Total Cost": 4.45, "Plan Rows": 1, "Plan Width": 4, "Actual Rows": 6, "Actual Loops": 53564, "Cache Key": "c.userid", "Cache Mode": "logical", "Cache Hits": 21445, "Cache Misses": 8826, "Cache Evictions": 0, "Cache Overflows": 0, "Peak Memory Usage": 1327, "Workers": [{"Worker Number": 0, "Cache Hits": 15718, "Cache Misses": 7575, "Cache Evictions": 0, "Cache Overflows": 0, "Peak Memory Usage": 1185}], "Plans": [{"Node Type": "Bitmap Heap Scan", "Parent Relationship": "Outer", "Parallel Aware": false, "Async Capable": false, "Relation Name": "posts", "Alias": "p", "Startup Cost": 0.33, "Total Cost": 4.44, "Plan Rows": 1, "Plan Width": 4, "Actual Rows": 2, "Actual Loops": 16401, "Recheck Cond": "(c.userid = owneruserid)", "Rows Removed by Index Recheck": 0, "Filter": "((score >= 0) AND (score <= 15) AND (viewcount >= 0) AND (viewcount <= 3002) AND (answercount <= 3) AND (commentcount <= 10))", "Rows Removed by Filter": 1, "Exact Heap Blocks": 27188, "Lossy Heap Blocks": 0, "Workers": [], "Plans": [{"Node Type": "Bitmap Index Scan", "Parent Relationship": "Outer", "Parallel Aware": false, "Async Capable": false, "Index Name": "idx_posts_owneruserid", "Startup Cost": 0.0, "Total Cost": 0.33, "Plan Rows": 4, "Plan Width": 0, "Actual Rows": 4, "Actual Loops": 16401, "Index Cond": "(owneruserid = c.userid)", "Workers": []}]}]}]}]}]}]}, "Planning Time": 2.25, "Triggers": [], "Execution Time": 207.849}]