[{"Plan": {"Node Type": "Aggregate", "Strategy": "Plain", "Partial Mode": "Finalize", "Parallel Aware": false, "Async Capable": false, "Startup Cost": 49496.54, "Total Cost": 49496.55, "Plan Rows": 1, "Plan Width": 8, "Actual Rows": 1, "Actual Loops": 1, "Plans": [{"Node Type": "Gather", "Parent Relationship": "Outer", "Parallel Aware": false, "Async Capable": false, "Startup Cost": 49496.43, "Total Cost": 49496.54, "Plan Rows": 1, "Plan Width": 8, "Actual Rows": 2, "Actual Loops": 1, "Workers Planned": 1, "Workers Launched": 1, "Single Copy": false, "Plans": [{"Node Type": "Aggregate", "Strategy": "Plain", "Partial Mode": "Partial", "Parent Relationship": "Outer", "Parallel Aware": false, "Async Capable": false, "Startup Cost": 48496.43, "Total Cost": 48496.44, "Plan Rows": 1, "Plan Width": 8, "Actual Rows": 1, "Actual Loops": 2, "Workers": [], "Plans": [{"Node Type": "Hash Join", "Parent Relationship": "Outer", "Parallel Aware": true, "Async Capable": false, "Join Type": "Inner", "Startup Cost": 6331.54, "Total Cost": 12650.65, "Plan Rows": 14338311, "Plan Width": 0, "Actual Rows": 3175888, "Actual Loops": 2, "Inner Unique": false, "Hash Cond": "(ph.userid = u.id)", "Workers": [], "Plans": [{"Node Type": "Seq Scan", "Parent Relationship": "Outer", "Parallel Aware": true, "Async Capable": false, "Relation Name": "posthistory", "Alias": "ph", "Startup Cost": 0.0, "Total Cost": 4023.45, "Plan Rows": 178345, "Plan Width": 4, "Actual Rows": 151594, "Actual Loops": 2, "Workers": []}, {"Node Type": "Hash", "Parent Relationship": "Inner", "Parallel Aware": true, "Async Capable": false, "Startup Cost": 5837.31, "Total Cost": 5837.31, "Plan Rows": 39538, "Plan Width": 12, "Actual Rows": 60208, "Actual Loops": 2, "Hash Buckets": 131072, "Original Hash Buckets": 131072, "Hash Batches": 1, "Original Hash Batches": 1, "Peak Memory Usage": 6720, "Workers": [], "Plans": [{"Node Type": "Nested Loop", "Parent Relationship": "Outer", "Parallel Aware": false, "Async Capable": false, "Join Type": "Inner", "Startup Cost": 1.01, "Total Cost": 5837.31, "Plan Rows": 39538, "Plan Width": 12, "Actual Rows": 60208, "Actual Loops": 2, "Inner Unique": false, "Join Filter": "(u.id = b.userid)", "Rows Removed by Join Filter": 0, "Workers": [], "Plans": [{"Node Type": "Merge Join", "Parent Relationship": "Outer", "Parallel Aware": false, "Async Capable": false, "Join Type": "Inner", "Startup Cost": 0.71, "Total Cost": 3246.1, "Plan Rows": 20013, "Plan Width": 8, "Actual Rows": 9738, "Actual Loops": 2, "Inner Unique": true, "Merge Cond": "(v.userid = u.id)", "Workers": [], "Plans": [{"Node Type": "Index Scan", "Parent Relationship": "Outer", "Parallel Aware": true, "Async Capable": false, "Scan Direction": "Forward", "Index Name": "idx_votes_userid", "Relation Name": "votes", "Alias": "v", "Startup Cost": 0.42, "Total Cost": 10733.91, "Plan Rows": 192482, "Plan Width": 4, "Actual Rows": 17350, "Actual Loops": 2, "Filter": "(creationdate <= '2014-09-10 00:00:00'::timestamp without time zone)", "Rows Removed by Filter": 46, "Workers": []}, {"Node Type": "Index Scan", "Parent Relationship": "Inner", "Parallel Aware": false, "Async Capable": false, "Scan Direction": "Forward", "Index Name": "users_pkey", "Relation Name": "users", "Alias": "u", "Startup Cost": 0.29, "Total Cost": 1760.41, "Plan Rows": 39646, "Plan Width": 4, "Actual Rows": 38388, "Actual Loops": 2, "Filter": "((downvotes >= 0) AND (downvotes <= 3) AND (upvotes >= 0) AND (upvotes <= 71))", "Rows Removed by Filter": 489, "Workers": []}]}, {"Node Type": "Memoize", "Parent Relationship": "Inner", "Parallel Aware": false, "Async Capable": false, "Startup Cost": 0.3, "Total Cost": 0.37, "Plan Rows": 3, "Plan Width": 4, "Actual Rows": 6, "Actual Loops": 19477, "Cache Key": "v.userid", "Cache Mode": "logical", "Cache Hits": 8118, "Cache Misses": 2841, "Cache Evictions": 0, "Cache Overflows": 0, "Peak Memory Usage": 611, "Workers": [{"Worker Number": 0, "Cache Hits": 6250, "Cache Misses": 2268, "Cache Evictions": 0, "Cache Overflows": 0, "Peak Memory Usage": 424}], "Plans": [{"Node Type": "Index Scan", "Parent Relationship": "Outer", "Parallel Aware": false, "Async Capable": false, "Scan Direction": "Forward", "Index Name": "idx_badges_userid", "Relation Name": "badges", "Alias": "b", "Startup Cost": 0.29, "Total Cost": 0.36, "Plan Rows": 3, "Plan Width": 4, "Actual Rows": 4, "Actual Loops": 5109, "Index Cond": "(userid = v.userid)", "Rows Removed by Index Recheck": 0, "Filter": "(date >= '2010-07-19 21:54:06'::timestamp without time zone)", "Rows Removed by Filter": 0, "Workers": []}]}]}]}]}]}]}]}, "Planning Time": 6.544, "Triggers": [], "Execution Time": 384.313}, {"Plan": {"Node Type": "Aggregate", "Strategy": "Plain", "Partial Mode": "Simple", "Parallel Aware": false, "Async Capable": false, "Startup Cost": 40000131285.51, "Total Cost": 40000131285.52, "Plan Rows": 1, "Plan Width": 8, "Actual Rows": 1, "Actual Loops": 1, "Plans": [{"Node Type": "Hash Join", "Parent Relationship": "Outer", "Parallel Aware": false, "Async Capable": false, "Join Type": "Inner", "Startup Cost": 40000058204.72, "Total Cost": 40000070347.69, "Plan Rows": 24375129, "Plan Width": 0, "Actual Rows": 6351775, "Actual Loops": 1, "Inner Unique": false, "Hash Cond": "(ph.userid = u.id)", "Plans": [{"Node Type": "Index Only Scan", "Parent Relationship": "Outer", "Parallel Aware": false, "Async Capable": false, "Scan Direction": "Forward", "Index Name": "idx_posthistory_userid", "Relation Name": "posthistory", "Alias": "ph", "Startup Cost": 10000000000.42, "Total Cost": 10000005925.85, "Plan Rows": 303187, "Plan Width": 4, "Actual Rows": 303187, "Actual Loops": 1, "Heap Fetches": 0}, {"Node Type": "Hash", "Parent Relationship": "Inner", "Parallel Aware": false, "Async Capable": false, "Startup Cost": 30000057364.12, "Total Cost": 30000057364.12, "Plan Rows": 67214, "Plan Width": 12, "Actual Rows": 120415, "Actual Loops": 1, "Hash Buckets": 131072, "Original Hash Buckets": 131072, "Hash Batches": 1, "Original Hash Batches": 1, "Peak Memory Usage": 6199, "Plans": [{"Node Type": "Nested Loop", "Parent Relationship": "Outer", "Parallel Aware": false, "Async Capable": false, "Join Type": "Inner", "Startup Cost": 30000000001.06, "Total Cost": 30000057364.12, "Plan Rows": 67214, "Plan Width": 12, "Actual Rows": 120415, "Actual Loops": 1, "Inner Unique": false, "Join Filter": "(u.id = b.userid)", "Rows Removed by Join Filter": 0, "Plans": [{"Node Type": "Nested Loop", "Parent Relationship": "Outer", "Parallel Aware": false, "Async Capable": false, "Join Type": "Inner", "Startup Cost": 20000000000.73, "Total Cost": 20000037923.93, "Plan Rows": 34022, "Plan Width": 8, "Actual Rows": 19477, "Actual Loops": 1, "Inner Unique": true, "Plans": [{"Node Type": "Index Scan", "Parent Relationship": "Outer", "Parallel Aware": false, "Async Capable": false, "Scan Direction": "Forward", "Index Name": "idx_votes_userid", "Relation Name": "votes", "Alias": "v", "Startup Cost": 10000000000.42, "Total Cost": 10000012422.47, "Plan Rows": 327219, "Plan Width": 4, "Actual Rows": 327234, "Actual Loops": 1, "Filter": "(creationdate <= '2014-09-10 00:00:00'::timestamp without time zone)", "Rows Removed by Filter": 830}, {"Node Type": "Memoize", "Parent Relationship": "Inner", "Parallel Aware": false, "Async Capable": false, "Startup Cost": 0.31, "Total Cost": 4.33, "Plan Rows": 1, "Plan Width": 4, "Actual Rows": 0, "Actual Loops": 327234, "Cache Key": "v.userid", "Cache Mode": "logical", "Cache Hits": 321705, "Cache Misses": 5529, "Cache Evictions": 0, "Cache Overflows": 0, "Peak Memory Usage": 547, "Plans": [{"Node Type": "Bitmap Heap Scan", "Parent Relationship": "Outer", "Parallel Aware": false, "Async Capable": false, "Relation Name": "users", "Alias": "u", "Startup Cost": 0.3, "Total Cost": 4.32, "Plan Rows": 1, "Plan Width": 4, "Actual Rows": 1, "Actual Loops": 5529, "Recheck Cond": "(v.userid = id)", "Rows Removed by Index Recheck": 0, "Filter": "((downvotes >= 0) AND (downvotes <= 3) AND (upvotes >= 0) AND (upvotes <= 71))", "Rows Removed by Filter": 0, "Exact Heap Blocks": 5528, "Lossy Heap Blocks": 0, "Plans": [{"Node Type": "Bitmap Index Scan", "Parent Relationship": "Outer", "Parallel Aware": false, "Async Capable": false, "Index Name": "users_pkey", "Startup Cost": 0.0, "Total Cost": 0.3, "Plan Rows": 1, "Plan Width": 0, "Actual Rows": 1, "Actual Loops": 5529, "Index Cond": "(id = v.userid)"}]}]}]}, {"Node Type": "Memoize", "Parent Relationship": "Inner", "Parallel Aware": false, "Async Capable": false, "Startup Cost": 0.33, "Total Cost": 4.37, "Plan Rows": 3, "Plan Width": 4, "Actual Rows": 6, "Actual Loops": 19477, "Cache Key": "v.userid", "Cache Mode": "logical", "Cache Hits": 14370, "Cache Misses": 5107, "Cache Evictions": 0, "Cache Overflows": 0, "Peak Memory Usage": 1033, "Plans": [{"Node Type": "Bitmap Heap Scan", "Parent Relationship": "Outer", "Parallel Aware": false, "Async Capable": false, "Relation Name": "badges", "Alias": "b", "Startup Cost": 0.32, "Total Cost": 4.36, "Plan Rows": 3, "Plan Width": 4, "Actual Rows": 4, "Actual Loops": 5107, "Recheck Cond": "(v.userid = userid)", "Rows Removed by Index Recheck": 0, "Filter": "(date >= '2010-07-19 21:54:06'::timestamp without time zone)", "Rows Removed by Filter": 0, "Exact Heap Blocks": 15010, "Lossy Heap Blocks": 0, "Plans": [{"Node Type": "Bitmap Index Scan", "Parent Relationship": "Outer", "Parallel Aware": false, "Async Capable": false, "Index Name": "idx_badges_userid", "Startup Cost": 0.0, "Total Cost": 0.32, "Plan Rows": 3, "Plan Width": 0, "Actual Rows": 4, "Actual Loops": 5107, "Index Cond": "(userid = v.userid)"}]}]}]}]}]}]}, "Planning Time": 2.239, "Triggers": [], "Execution Time": 683.11}, {"Plan": {"Node Type": "Aggregate", "Strategy": "Plain", "Partial Mode": "Finalize", "Parallel Aware": false, "Async Capable": false, "Startup Cost": 51269.43, "Total Cost": 51269.44, "Plan Rows": 1, "Plan Width": 8, "Actual Rows": 1, "Actual Loops": 1, "Plans": [{"Node Type": "Gather", "Parent Relationship": "Outer", "Parallel Aware": false, "Async Capable": false, "Startup Cost": 51269.22, "Total Cost": 51269.43, "Plan Rows": 2, "Plan Width": 8, "Actual Rows": 3, "Actual Loops": 1, "Workers Planned": 2, "Workers Launched": 2, "Single Copy": false, "Plans": [{"Node Type": "Aggregate", "Strategy": "Plain", "Partial Mode": "Partial", "Parent Relationship": "Outer", "Parallel Aware": false, "Async Capable": false, "Startup Cost": 50269.22, "Total Cost": 50269.23, "Plan Rows": 1, "Plan Width": 8, "Actual Rows": 1, "Actual Loops": 3, "Workers": [], "Plans": [{"Node Type": "Hash Join", "Parent Relationship": "Outer", "Parallel Aware": true, "Async Capable": false, "Join Type": "Inner", "Startup Cost": 19095.51, "Total Cost": 24878.46, "Plan Rows": 10156304, "Plan Width": 0, "Actual Rows": 2117258, "Actual Loops": 3, "Inner Unique": false, "Hash Cond": "(ph.userid = u.id)", "Workers": [], "Plans": [{"Node Type": "Index Only Scan", "Parent Relationship": "Outer", "Parallel Aware": true, "Async Capable": false, "Scan Direction": "Forward", "Index Name": "idx_posthistory_userid", "Relation Name": "posthistory", "Alias": "ph", "Startup Cost": 0.42, "Total Cost": 4157.26, "Plan Rows": 126328, "Plan Width": 4, "Actual Rows": 101062, "Actual Loops": 3, "Heap Fetches": 0, "Workers": []}, {"Node Type": "Hash", "Parent Relationship": "Inner", "Parallel Aware": true, "Async Capable": false, "Startup Cost": 18600.87, "Total Cost": 18600.87, "Plan Rows": 39538, "Plan Width": 12, "Actual Rows": 40138, "Actual Loops": 3, "Hash Buckets": 131072, "Original Hash Buckets": 131072, "Hash Batches": 1, "Original Hash Batches": 1, "Peak Memory Usage": 6720, "Workers": [], "Plans": [{"Node Type": "Hash Join", "Parent Relationship": "Outer", "Parallel Aware": false, "Async Capable": false, "Join Type": "Inner", "Startup Cost": 6509.59, "Total Cost": 18600.87, "Plan Rows": 39538, "Plan Width": 12, "Actual Rows": 40138, "Actual Loops": 3, "Inner Unique": false, "Hash Cond": "(v.userid = u.id)", "Workers": [], "Plans": [{"Node Type": "Index Scan", "Parent Relationship": "Outer", "Parallel Aware": true, "Async Capable": false, "Scan Direction": "Forward", "Index Name": "idx_votes_userid", "Relation Name": "votes", "Alias": "v", "Startup Cost": 0.42, "Total Cost": 10733.91, "Plan Rows": 192482, "Plan Width": 4, "Actual Rows": 109078, "Actual Loops": 3, "Filter": "(creationdate <= '2014-09-10 00:00:00'::timestamp without time zone)", "Rows Removed by Filter": 277, "Workers": []}, {"Node Type": "Hash", "Parent Relationship": "Inner", "Parallel Aware": false, "Async Capable": false, "Startup Cost": 5530.1, "Total Cost": 5530.1, "Plan Rows": 78325, "Plan Width": 8, "Actual Rows": 64907, "Actual Loops": 3, "Hash Buckets": 131072, "Original Hash Buckets": 131072, "Hash Batches": 1, "Original Hash Batches": 1, "Peak Memory Usage": 3560, "Workers": [], "Plans": [{"Node Type": "Hash Join", "Parent Relationship": "Outer", "Parallel Aware": false, "Async Capable": false, "Join Type": "Inner", "Startup Cost": 2256.28, "Total Cost": 5530.1, "Plan Rows": 78325, "Plan Width": 8, "Actual Rows": 64907, "Actual Loops": 3, "Inner Unique": true, "Hash Cond": "(b.userid = u.id)", "Workers": [], "Plans": [{"Node Type": "Index Scan", "Parent Relationship": "Outer", "Parallel Aware": false, "Async Capable": false, "Scan Direction": "Forward", "Index Name": "idx_badges_userid", "Relation Name": "badges", "Alias": "b", "Startup Cost": 0.29, "Total Cost": 3064.97, "Plan Rows": 79666, "Plan Width": 4, "Actual Rows": 79654, "Actual Loops": 3, "Filter": "(date >= '2010-07-19 21:54:06'::timestamp without time zone)", "Rows Removed by Filter": 197, "Workers": []}, {"Node Type": "Hash", "Parent Relationship": "Inner", "Parallel Aware": false, "Async Capable": false, "Startup Cost": 1760.41, "Total Cost": 1760.41, "Plan Rows": 39646, "Plan Width": 4, "Actual Rows": 39835, "Actual Loops": 3, "Hash Buckets": 65536, "Original Hash Buckets": 65536, "Hash Batches": 1, "Original Hash Batches": 1, "Peak Memory Usage": 1913, "Workers": [], "Plans": [{"Node Type": "Index Scan", "Parent Relationship": "Outer", "Parallel Aware": false, "Async Capable": false, "Scan Direction": "Forward", "Index Name": "users_pkey", "Relation Name": "users", "Alias": "u", "Startup Cost": 0.29, "Total Cost": 1760.41, "Plan Rows": 39646, "Plan Width": 4, "Actual Rows": 39835, "Actual Loops": 3, "Filter": "((downvotes >= 0) AND (downvotes <= 3) AND (upvotes >= 0) AND (upvotes <= 71))", "Rows Removed by Filter": 490, "Workers": []}]}]}]}]}]}]}]}]}]}, "Planning Time": 2.757, "Triggers": [], "Execution Time": 335.327}, {"Plan": {"Node Type": "Aggregate", "Strategy": "Plain", "Partial Mode": "Finalize", "Parallel Aware": false, "Async Capable": false, "Startup Cost": 39624.21, "Total Cost": 39624.22, "Plan Rows": 1, "Plan Width": 8, "Actual Rows": 1, "Actual Loops": 1, "Plans": [{"Node Type": "Gather", "Parent Relationship": "Outer", "Parallel Aware": false, "Async Capable": false, "Startup Cost": 39623.99, "Total Cost": 39624.2, "Plan Rows": 2, "Plan Width": 8, "Actual Rows": 3, "Actual Loops": 1, "Workers Planned": 2, "Workers Launched": 2, "Single Copy": false, "Plans": [{"Node Type": "Aggregate", "Strategy": "Plain", "Partial Mode": "Partial", "Parent Relationship": "Outer", "Parallel Aware": false, "Async Capable": false, "Startup Cost": 38623.99, "Total Cost": 38624.0, "Plan Rows": 1, "Plan Width": 8, "Actual Rows": 1, "Actual Loops": 3, "Workers": [], "Plans": [{"Node Type": "Hash Join", "Parent Relationship": "Outer", "Parallel Aware": true, "Async Capable": false, "Join Type": "Inner", "Startup Cost": 7450.29, "Total Cost": 13233.23, "Plan Rows": 10156304, "Plan Width": 0, "Actual Rows": 2117258, "Actual Loops": 3, "Inner Unique": false, "Hash Cond": "(ph.userid = u.id)", "Workers": [], "Plans": [{"Node Type": "Index Only Scan", "Parent Relationship": "Outer", "Parallel Aware": true, "Async Capable": false, "Scan Direction": "Forward", "Index Name": "idx_posthistory_userid", "Relation Name": "posthistory", "Alias": "ph", "Startup Cost": 0.42, "Total Cost": 4157.26, "Plan Rows": 126328, "Plan Width": 4, "Actual Rows": 101062, "Actual Loops": 3, "Heap Fetches": 0, "Workers": []}, {"Node Type": "Hash", "Parent Relationship": "Inner", "Parallel Aware": true, "Async Capable": false, "Startup Cost": 6955.64, "Total Cost": 6955.64, "Plan Rows": 39538, "Plan Width": 12, "Actual Rows": 40138, "Actual Loops": 3, "Hash Buckets": 131072, "Original Hash Buckets": 131072, "Hash Batches": 1, "Original Hash Batches": 1, "Peak Memory Usage": 6752, "Workers": [], "Plans": [{"Node Type": "Merge Join", "Parent Relationship": "Outer", "Parallel Aware": false, "Async Capable": false, "Join Type": "Inner", "Startup Cost": 1.17, "Total Cost": 6955.64, "Plan Rows": 39538, "Plan Width": 12, "Actual Rows": 40138, "Actual Loops": 3, "Inner Unique": false, "Merge Cond": "(u.id = b.userid)", "Workers": [], "Plans": [{"Node Type": "Merge Join", "Parent Relationship": "Outer", "Parallel Aware": false, "Async Capable": false, "Join Type": "Inner", "Startup Cost": 0.71, "Total Cost": 3246.1, "Plan Rows": 20013, "Plan Width": 8, "Actual Rows": 6492, "Actual Loops": 3, "Inner Unique": true, "Merge Cond": "(v.userid = u.id)", "Workers": [], "Plans": [{"Node Type": "Index Scan", "Parent Relationship": "Outer", "Parallel Aware": true, "Async Capable": false, "Scan Direction": "Forward", "Index Name": "idx_votes_userid", "Relation Name": "votes", "Alias": "v", "Startup Cost": 0.42, "Total Cost": 10733.91, "Plan Rows": 192482, "Plan Width": 4, "Actual Rows": 11567, "Actual Loops": 3, "Filter": "(creationdate <= '2014-09-10 00:00:00'::timestamp without time zone)", "Rows Removed by Filter": 31, "Workers": []}, {"Node Type": "Index Scan", "Parent Relationship": "Inner", "Parallel Aware": false, "Async Capable": false, "Scan Direction": "Forward", "Index Name": "users_pkey", "Relation Name": "users", "Alias": "u", "Startup Cost": 0.29, "Total Cost": 1760.41, "Plan Rows": 39646, "Plan Width": 4, "Actual Rows": 36910, "Actual Loops": 3, "Filter": "((downvotes >= 0) AND (downvotes <= 3) AND (upvotes >= 0) AND (upvotes <= 71))", "Rows Removed by Filter": 488, "Workers": []}]}, {"Node Type": "Index Scan", "Parent Relationship": "Inner", "Parallel Aware": false, "Async Capable": false, "Scan Direction": "Forward", "Index Name": "idx_badges_userid", "Relation Name": "badges", "Alias": "b", "Startup Cost": 0.29, "Total Cost": 3064.97, "Plan Rows": 79666, "Plan Width": 4, "Actual Rows": 110990, "Actual Loops": 3, "Filter": "(date >= '2010-07-19 21:54:06'::timestamp without time zone)", "Rows Removed by Filter": 290, "Workers": []}]}]}]}]}]}]}, "Planning Time": 3.971, "Triggers": [], "Execution Time": 247.297}, {"Plan": {"Node Type": "Aggregate", "Strategy": "Plain", "Partial Mode": "Finalize", "Parallel Aware": false, "Async Capable": false, "Startup Cost": 38505.88, "Total Cost": 38505.89, "Plan Rows": 1, "Plan Width": 8, "Actual Rows": 1, "Actual Loops": 1, "Plans": [{"Node Type": "Gather", "Parent Relationship": "Outer", "Parallel Aware": false, "Async Capable": false, "Startup Cost": 38505.66, "Total Cost": 38505.87, "Plan Rows": 2, "Plan Width": 8, "Actual Rows": 3, "Actual Loops": 1, "Workers Planned": 2, "Workers Launched": 2, "Single Copy": false, "Plans": [{"Node Type": "Aggregate", "Strategy": "Plain", "Partial Mode": "Partial", "Parent Relationship": "Outer", "Parallel Aware": false, "Async Capable": false, "Startup Cost": 37505.66, "Total Cost": 37505.67, "Plan Rows": 1, "Plan Width": 8, "Actual Rows": 1, "Actual Loops": 3, "Workers": [], "Plans": [{"Node Type": "Hash Join", "Parent Relationship": "Outer", "Parallel Aware": true, "Async Capable": false, "Join Type": "Inner", "Startup Cost": 6331.96, "Total Cost": 12114.9, "Plan Rows": 10156304, "Plan Width": 0, "Actual Rows": 2117258, "Actual Loops": 3, "Inner Unique": false, "Hash Cond": "(ph.userid = u.id)", "Workers": [], "Plans": [{"Node Type": "Index Only Scan", "Parent Relationship": "Outer", "Parallel Aware": true, "Async Capable": false, "Scan Direction": "Forward", "Index Name": "idx_posthistory_userid", "Relation Name": "posthistory", "Alias": "ph", "Startup Cost": 0.42, "Total Cost": 4157.26, "Plan Rows": 126328, "Plan Width": 4, "Actual Rows": 101062, "Actual Loops": 3, "Heap Fetches": 0, "Workers": []}, {"Node Type": "Hash", "Parent Relationship": "Inner", "Parallel Aware": true, "Async Capable": false, "Startup Cost": 5837.31, "Total Cost": 5837.31, "Plan Rows": 39538, "Plan Width": 12, "Actual Rows": 40138, "Actual Loops": 3, "Hash Buckets": 131072, "Original Hash Buckets": 131072, "Hash Batches": 1, "Original Hash Batches": 1, "Peak Memory Usage": 6752, "Workers": [], "Plans": [{"Node Type": "Nested Loop", "Parent Relationship": "Outer", "Parallel Aware": false, "Async Capable": false, "Join Type": "Inner", "Startup Cost": 1.01, "Total Cost": 5837.31, "Plan Rows": 39538, "Plan Width": 12, "Actual Rows": 40138, "Actual Loops": 3, "Inner Unique": false, "Join Filter": "(u.id = b.userid)", "Rows Removed by Join Filter": 0, "Workers": [], "Plans": [{"Node Type": "Merge Join", "Parent Relationship": "Outer", "Parallel Aware": false, "Async Capable": false, "Join Type": "Inner", "Startup Cost": 0.71, "Total Cost": 3246.1, "Plan Rows": 20013, "Plan Width": 8, "Actual Rows": 6492, "Actual Loops": 3, "Inner Unique": true, "Merge Cond": "(v.userid = u.id)", "Workers": [], "Plans": [{"Node Type": "Index Scan", "Parent Relationship": "Outer", "Parallel Aware": true, "Async Capable": false, "Scan Direction": "Forward", "Index Name": "idx_votes_userid", "Relation Name": "votes", "Alias": "v", "Startup Cost": 0.42, "Total Cost": 10733.91, "Plan Rows": 192482, "Plan Width": 4, "Actual Rows": 11567, "Actual Loops": 3, "Filter": "(creationdate <= '2014-09-10 00:00:00'::timestamp without time zone)", "Rows Removed by Filter": 31, "Workers": []}, {"Node Type": "Index Scan", "Parent Relationship": "Inner", "Parallel Aware": false, "Async Capable": false, "Scan Direction": "Forward", "Index Name": "users_pkey", "Relation Name": "users", "Alias": "u", "Startup Cost": 0.29, "Total Cost": 1760.41, "Plan Rows": 39646, "Plan Width": 4, "Actual Rows": 36910, "Actual Loops": 3, "Filter": "((downvotes >= 0) AND (downvotes <= 3) AND (upvotes >= 0) AND (upvotes <= 71))", "Rows Removed by Filter": 488, "Workers": []}]}, {"Node Type": "Memoize", "Parent Relationship": "Inner", "Parallel Aware": false, "Async Capable": false, "Startup Cost": 0.3, "Total Cost": 0.37, "Plan Rows": 3, "Plan Width": 4, "Actual Rows": 6, "Actual Loops": 19477, "Cache Key": "v.userid", "Cache Mode": "logical", "Cache Hits": 6186, "Cache Misses": 1969, "Cache Evictions": 0, "Cache Overflows": 0, "Peak Memory Usage": 436, "Workers": [{"Worker Number": 0, "Cache Hits": 4369, "Cache Misses": 1765, "Cache Evictions": 0, "Cache Overflows": 0, "Peak Memory Usage": 338}, {"Worker Number": 1, "Cache Hits": 3813, "Cache Misses": 1375, "Cache Evictions": 0, "Cache Overflows": 0, "Peak Memory Usage": 260}], "Plans": [{"Node Type": "Index Scan", "Parent Relationship": "Outer", "Parallel Aware": false, "Async Capable": false, "Scan Direction": "Forward", "Index Name": "idx_badges_userid", "Relation Name": "badges", "Alias": "b", "Startup Cost": 0.29, "Total Cost": 0.36, "Plan Rows": 3, "Plan Width": 4, "Actual Rows": 4, "Actual Loops": 5109, "Index Cond": "(userid = v.userid)", "Rows Removed by Index Recheck": 0, "Filter": "(date >= '2010-07-19 21:54:06'::timestamp without time zone)", "Rows Removed by Filter": 0, "Workers": []}]}]}]}]}]}]}]}, "Planning Time": 2.822, "Triggers": [], "Execution Time": 224.922}, {"Plan": {"Node Type": "Aggregate", "Strategy": "Plain", "Partial Mode": "Finalize", "Parallel Aware": false, "Async Capable": false, "Startup Cost": 50614.87, "Total Cost": 50614.88, "Plan Rows": 1, "Plan Width": 8, "Actual Rows": 1, "Actual Loops": 1, "Plans": [{"Node Type": "Gather", "Parent Relationship": "Outer", "Parallel Aware": false, "Async Capable": false, "Startup Cost": 50614.76, "Total Cost": 50614.87, "Plan Rows": 1, "Plan Width": 8, "Actual Rows": 2, "Actual Loops": 1, "Workers Planned": 1, "Workers Launched": 1, "Single Copy": false, "Plans": [{"Node Type": "Aggregate", "Strategy": "Plain", "Partial Mode": "Partial", "Parent Relationship": "Outer", "Parallel Aware": false, "Async Capable": false, "Startup Cost": 49614.76, "Total Cost": 49614.77, "Plan Rows": 1, "Plan Width": 8, "Actual Rows": 1, "Actual Loops": 2, "Workers": [], "Plans": [{"Node Type": "Hash Join", "Parent Relationship": "Outer", "Parallel Aware": true, "Async Capable": false, "Join Type": "Inner", "Startup Cost": 7449.87, "Total Cost": 13768.98, "Plan Rows": 14338311, "Plan Width": 0, "Actual Rows": 3175888, "Actual Loops": 2, "Inner Unique": false, "Hash Cond": "(ph.userid = u.id)", "Workers": [], "Plans": [{"Node Type": "Seq Scan", "Parent Relationship": "Outer", "Parallel Aware": true, "Async Capable": false, "Relation Name": "posthistory", "Alias": "ph", "Startup Cost": 0.0, "Total Cost": 4023.45, "Plan Rows": 178345, "Plan Width": 4, "Actual Rows": 151594, "Actual Loops": 2, "Workers": []}, {"Node Type": "Hash", "Parent Relationship": "Inner", "Parallel Aware": true, "Async Capable": false, "Startup Cost": 6955.64, "Total Cost": 6955.64, "Plan Rows": 39538, "Plan Width": 12, "Actual Rows": 60208, "Actual Loops": 2, "Hash Buckets": 131072, "Original Hash Buckets": 131072, "Hash Batches": 1, "Original Hash Batches": 1, "Peak Memory Usage": 6720, "Workers": [], "Plans": [{"Node Type": "Merge Join", "Parent Relationship": "Outer", "Parallel Aware": false, "Async Capable": false, "Join Type": "Inner", "Startup Cost": 1.17, "Total Cost": 6955.64, "Plan Rows": 39538, "Plan Width": 12, "Actual Rows": 60208, "Actual Loops": 2, "Inner Unique": false, "Merge Cond": "(u.id = b.userid)", "Workers": [], "Plans": [{"Node Type": "Merge Join", "Parent Relationship": "Outer", "Parallel Aware": false, "Async Capable": false, "Join Type": "Inner", "Startup Cost": 0.71, "Total Cost": 3246.1, "Plan Rows": 20013, "Plan Width": 8, "Actual Rows": 9738, "Actual Loops": 2, "Inner Unique": true, "Merge Cond": "(v.userid = u.id)", "Workers": [], "Plans": [{"Node Type": "Index Scan", "Parent Relationship": "Outer", "Parallel Aware": true, "Async Capable": false, "Scan Direction": "Forward", "Index Name": "idx_votes_userid", "Relation Name": "votes", "Alias": "v", "Startup Cost": 0.42, "Total Cost": 10733.91, "Plan Rows": 192482, "Plan Width": 4, "Actual Rows": 17350, "Actual Loops": 2, "Filter": "(creationdate <= '2014-09-10 00:00:00'::timestamp without time zone)", "Rows Removed by Filter": 46, "Workers": []}, {"Node Type": "Index Scan", "Parent Relationship": "Inner", "Parallel Aware": false, "Async Capable": false, "Scan Direction": "Forward", "Index Name": "users_pkey", "Relation Name": "users", "Alias": "u", "Startup Cost": 0.29, "Total Cost": 1760.41, "Plan Rows": 39646, "Plan Width": 4, "Actual Rows": 38388, "Actual Loops": 2, "Filter": "((downvotes >= 0) AND (downvotes <= 3) AND (upvotes >= 0) AND (upvotes <= 71))", "Rows Removed by Filter": 489, "Workers": []}]}, {"Node Type": "Index Scan", "Parent Relationship": "Inner", "Parallel Aware": false, "Async Capable": false, "Scan Direction": "Forward", "Index Name": "idx_badges_userid", "Relation Name": "badges", "Alias": "b", "Startup Cost": 0.29, "Total Cost": 3064.97, "Plan Rows": 79666, "Plan Width": 4, "Actual Rows": 129002, "Actual Loops": 2, "Filter": "(date >= '2010-07-19 21:54:06'::timestamp without time zone)", "Rows Removed by Filter": 336, "Workers": []}]}]}]}]}]}]}, "Planning Time": 7.108, "Triggers": [], "Execution Time": 420.2}, {"Plan": {"Node Type": "Aggregate", "Strategy": "Plain", "Partial Mode": "Finalize", "Parallel Aware": false, "Async Capable": false, "Startup Cost": 48754.96, "Total Cost": 48754.97, "Plan Rows": 1, "Plan Width": 8, "Actual Rows": 1, "Actual Loops": 1, "Plans": [{"Node Type": "Gather", "Parent Relationship": "Outer", "Parallel Aware": false, "Async Capable": false, "Startup Cost": 48754.74, "Total Cost": 48754.95, "Plan Rows": 2, "Plan Width": 8, "Actual Rows": 3, "Actual Loops": 1, "Workers Planned": 2, "Workers Launched": 2, "Single Copy": false, "Plans": [{"Node Type": "Aggregate", "Strategy": "Plain", "Partial Mode": "Partial", "Parent Relationship": "Outer", "Parallel Aware": false, "Async Capable": false, "Startup Cost": 47754.74, "Total Cost": 47754.75, "Plan Rows": 1, "Plan Width": 8, "Actual Rows": 1, "Actual Loops": 3, "Workers": [], "Plans": [{"Node Type": "Hash Join", "Parent Relationship": "Outer", "Parallel Aware": true, "Async Capable": false, "Join Type": "Inner", "Startup Cost": 16581.04, "Total Cost": 22363.98, "Plan Rows": 10156304, "Plan Width": 0, "Actual Rows": 2117258, "Actual Loops": 3, "Inner Unique": false, "Hash Cond": "(ph.userid = u.id)", "Workers": [], "Plans": [{"Node Type": "Index Only Scan", "Parent Relationship": "Outer", "Parallel Aware": true, "Async Capable": false, "Scan Direction": "Forward", "Index Name": "idx_posthistory_userid", "Relation Name": "posthistory", "Alias": "ph", "Startup Cost": 0.42, "Total Cost": 4157.26, "Plan Rows": 126328, "Plan Width": 4, "Actual Rows": 101062, "Actual Loops": 3, "Heap Fetches": 0, "Workers": []}, {"Node Type": "Hash", "Parent Relationship": "Inner", "Parallel Aware": true, "Async Capable": false, "Startup Cost": 16086.39, "Total Cost": 16086.39, "Plan Rows": 39538, "Plan Width": 12, "Actual Rows": 40138, "Actual Loops": 3, "Hash Buckets": 131072, "Original Hash Buckets": 131072, "Hash Batches": 1, "Original Hash Batches": 1, "Peak Memory Usage": 6752, "Workers": [], "Plans": [{"Node Type": "Nested Loop", "Parent Relationship": "Outer", "Parallel Aware": false, "Async Capable": false, "Join Type": "Inner", "Startup Cost": 2256.71, "Total Cost": 16086.39, "Plan Rows": 39538, "Plan Width": 12, "Actual Rows": 40138, "Actual Loops": 3, "Inner Unique": false, "Join Filter": "(u.id = b.userid)", "Rows Removed by Join Filter": 0, "Workers": [], "Plans": [{"Node Type": "Hash Join", "Parent Relationship": "Outer", "Parallel Aware": false, "Async Capable": false, "Join Type": "Inner", "Startup Cost": 2256.41, "Total Cost": 13495.18, "Plan Rows": 20013, "Plan Width": 8, "Actual Rows": 6492, "Actual Loops": 3, "Inner Unique": true, "Hash Cond": "(v.userid = u.id)", "Workers": [], "Plans": [{"Node Type": "Index Scan", "Parent Relationship": "Outer", "Parallel Aware": true, "Async Capable": false, "Scan Direction": "Forward", "Index Name": "idx_votes_userid", "Relation Name": "votes", "Alias": "v", "Startup Cost": 0.42, "Total Cost": 10733.91, "Plan Rows": 192482, "Plan Width": 4, "Actual Rows": 109078, "Actual Loops": 3, "Filter": "(creationdate <= '2014-09-10 00:00:00'::timestamp without time zone)", "Rows Removed by Filter": 277, "Workers": []}, {"Node Type": "Hash", "Parent Relationship": "Inner", "Parallel Aware": false, "Async Capable": false, "Startup Cost": 1760.41, "Total Cost": 1760.41, "Plan Rows": 39646, "Plan Width": 4, "Actual Rows": 39835, "Actual Loops": 3, "Hash Buckets": 65536, "Original Hash Buckets": 65536, "Hash Batches": 1, "Original Hash Batches": 1, "Peak Memory Usage": 1913, "Workers": [], "Plans": [{"Node Type": "Index Scan", "Parent Relationship": "Outer", "Parallel Aware": false, "Async Capable": false, "Scan Direction": "Forward", "Index Name": "users_pkey", "Relation Name": "users", "Alias": "u", "Startup Cost": 0.29, "Total Cost": 1760.41, "Plan Rows": 39646, "Plan Width": 4, "Actual Rows": 39835, "Actual Loops": 3, "Filter": "((downvotes >= 0) AND (downvotes <= 3) AND (upvotes >= 0) AND (upvotes <= 71))", "Rows Removed by Filter": 490, "Workers": []}]}]}, {"Node Type": "Memoize", "Parent Relationship": "Inner", "Parallel Aware": false, "Async Capable": false, "Startup Cost": 0.3, "Total Cost": 0.37, "Plan Rows": 3, "Plan Width": 4, "Actual Rows": 6, "Actual Loops": 19477, "Cache Key": "v.userid", "Cache Mode": "logical", "Cache Hits": 5559, "Cache Misses": 1967, "Cache Evictions": 0, "Cache Overflows": 0, "Peak Memory Usage": 423, "Workers": [{"Worker Number": 0, "Cache Hits": 4363, "Cache Misses": 1641, "Cache Evictions": 0, "Cache Overflows": 0, "Peak Memory Usage": 309}, {"Worker Number": 1, "Cache Hits": 4446, "Cache Misses": 1501, "Cache Evictions": 0, "Cache Overflows": 0, "Peak Memory Usage": 302}], "Plans": [{"Node Type": "Index Scan", "Parent Relationship": "Outer", "Parallel Aware": false, "Async Capable": false, "Scan Direction": "Forward", "Index Name": "idx_badges_userid", "Relation Name": "badges", "Alias": "b", "Startup Cost": 0.29, "Total Cost": 0.36, "Plan Rows": 3, "Plan Width": 4, "Actual Rows": 4, "Actual Loops": 5109, "Index Cond": "(userid = v.userid)", "Rows Removed by Index Recheck": 0, "Filter": "(date >= '2010-07-19 21:54:06'::timestamp without time zone)", "Rows Removed by Filter": 0, "Workers": []}]}]}]}]}]}]}]}, "Planning Time": 5.294, "Triggers": [], "Execution Time": 261.253}, {"Plan": {"Node Type": "Aggregate", "Strategy": "Plain", "Partial Mode": "Finalize", "Parallel Aware": false, "Async Capable": false, "Startup Cost": 52927.03, "Total Cost": 52927.04, "Plan Rows": 1, "Plan Width": 8, "Actual Rows": 1, "Actual Loops": 1, "Plans": [{"Node Type": "Gather", "Parent Relationship": "Outer", "Parallel Aware": false, "Async Capable": false, "Startup Cost": 52926.92, "Total Cost": 52927.03, "Plan Rows": 1, "Plan Width": 8, "Actual Rows": 2, "Actual Loops": 1, "Workers Planned": 1, "Workers Launched": 1, "Single Copy": false, "Plans": [{"Node Type": "Aggregate", "Strategy": "Plain", "Partial Mode": "Partial", "Parent Relationship": "Outer", "Parallel Aware": false, "Async Capable": false, "Startup Cost": 51926.92, "Total Cost": 51926.93, "Plan Rows": 1, "Plan Width": 8, "Actual Rows": 1, "Actual Loops": 2, "Workers": [], "Plans": [{"Node Type": "Hash Join", "Parent Relationship": "Outer", "Parallel Aware": true, "Async Capable": false, "Join Type": "Inner", "Startup Cost": 9762.03, "Total Cost": 16081.14, "Plan Rows": 14338311, "Plan Width": 0, "Actual Rows": 3175888, "Actual Loops": 2, "Inner Unique": false, "Hash Cond": "(ph.userid = u.id)", "Workers": [], "Plans": [{"Node Type": "Seq Scan", "Parent Relationship": "Outer", "Parallel Aware": true, "Async Capable": false, "Relation Name": "posthistory", "Alias": "ph", "Startup Cost": 0.0, "Total Cost": 4023.45, "Plan Rows": 178345, "Plan Width": 4, "Actual Rows": 151594, "Actual Loops": 2, "Workers": []}, {"Node Type": "Hash", "Parent Relationship": "Inner", "Parallel Aware": true, "Async Capable": false, "Startup Cost": 9267.8, "Total Cost": 9267.8, "Plan Rows": 39538, "Plan Width": 12, "Actual Rows": 60208, "Actual Loops": 2, "Hash Buckets": 131072, "Original Hash Buckets": 131072, "Hash Batches": 1, "Original Hash Batches": 1, "Peak Memory Usage": 6720, "Workers": [], "Plans": [{"Node Type": "Nested Loop", "Parent Relationship": "Outer", "Parallel Aware": false, "Async Capable": false, "Join Type": "Inner", "Startup Cost": 1599.38, "Total Cost": 9267.8, "Plan Rows": 39538, "Plan Width": 12, "Actual Rows": 60208, "Actual Loops": 2, "Inner Unique": false, "Join Filter": "(u.id = b.userid)", "Rows Removed by Join Filter": 0, "Workers": [], "Plans": [{"Node Type": "Hash Join", "Parent Relationship": "Outer", "Parallel Aware": false, "Async Capable": false, "Join Type": "Inner", "Startup Cost": 1599.08, "Total Cost": 6676.59, "Plan Rows": 20013, "Plan Width": 8, "Actual Rows": 9738, "Actual Loops": 2, "Inner Unique": true, "Hash Cond": "(v.userid = u.id)", "Workers": [], "Plans": [{"Node Type": "Seq Scan", "Parent Relationship": "Outer", "Parallel Aware": true, "Async Capable": false, "Relation Name": "votes", "Alias": "v", "Startup Cost": 0.0, "Total Cost": 4572.24, "Plan Rows": 192482, "Plan Width": 4, "Actual Rows": 163617, "Actual Loops": 2, "Filter": "(creationdate <= '2014-09-10 00:00:00'::timestamp without time zone)", "Rows Removed by Filter": 415, "Workers": []}, {"Node Type": "Hash", "Parent Relationship": "Inner", "Parallel Aware": false, "Async Capable": false, "Startup Cost": 1103.5, "Total Cost": 1103.5, "Plan Rows": 39646, "Plan Width": 4, "Actual Rows": 39835, "Actual Loops": 2, "Hash Buckets": 65536, "Original Hash Buckets": 65536, "Hash Batches": 1, "Original Hash Batches": 1, "Peak Memory Usage": 1913, "Workers": [], "Plans": [{"Node Type": "Seq Scan", "Parent Relationship": "Outer", "Parallel Aware": false, "Async Capable": false, "Relation Name": "users", "Alias": "u", "Startup Cost": 0.0, "Total Cost": 1103.5, "Plan Rows": 39646, "Plan Width": 4, "Actual Rows": 39835, "Actual Loops": 2, "Filter": "((downvotes >= 0) AND (downvotes <= 3) AND (upvotes >= 0) AND (upvotes <= 71))", "Rows Removed by Filter": 490, "Workers": []}]}]}, {"Node Type": "Memoize", "Parent Relationship": "Inner", "Parallel Aware": false, "Async Capable": false, "Startup Cost": 0.3, "Total Cost": 0.37, "Plan Rows": 3, "Plan Width": 4, "Actual Rows": 6, "Actual Loops": 19477, "Cache Key": "v.userid", "Cache Mode": "logical", "Cache Hits": 6890, "Cache Misses": 3423, "Cache Evictions": 0, "Cache Overflows": 0, "Peak Memory Usage": 757, "Workers": [{"Worker Number": 0, "Cache Hits": 5871, "Cache Misses": 3293, "Cache Evictions": 0, "Cache Overflows": 0, "Peak Memory Usage": 713}], "Plans": [{"Node Type": "Index Scan", "Parent Relationship": "Outer", "Parallel Aware": false, "Async Capable": false, "Scan Direction": "Forward", "Index Name": "idx_badges_userid", "Relation Name": "badges", "Alias": "b", "Startup Cost": 0.29, "Total Cost": 0.36, "Plan Rows": 3, "Plan Width": 4, "Actual Rows": 4, "Actual Loops": 6716, "Index Cond": "(userid = v.userid)", "Rows Removed by Index Recheck": 0, "Filter": "(date >= '2010-07-19 21:54:06'::timestamp without time zone)", "Rows Removed by Filter": 0, "Workers": []}]}]}]}]}]}]}]}, "Planning Time": 4.942, "Triggers": [], "Execution Time": 421.188}, {"Plan": {"Node Type": "Aggregate", "Strategy": "Plain", "Partial Mode": "Finalize", "Parallel Aware": false, "Async Capable": false, "Startup Cost": 53806.68, "Total Cost": 53806.69, "Plan Rows": 1, "Plan Width": 8, "Actual Rows": 1, "Actual Loops": 1, "Plans": [{"Node Type": "Gather", "Parent Relationship": "Outer", "Parallel Aware": false, "Async Capable": false, "Startup Cost": 53806.56, "Total Cost": 53806.67, "Plan Rows": 1, "Plan Width": 8, "Actual Rows": 2, "Actual Loops": 1, "Workers Planned": 1, "Workers Launched": 1, "Single Copy": false, "Plans": [{"Node Type": "Aggregate", "Strategy": "Plain", "Partial Mode": "Partial", "Parent Relationship": "Outer", "Parallel Aware": false, "Async Capable": false, "Startup Cost": 52806.56, "Total Cost": 52806.57, "Plan Rows": 1, "Plan Width": 8, "Actual Rows": 1, "Actual Loops": 2, "Workers": [], "Plans": [{"Node Type": "Hash Join", "Parent Relationship": "Outer", "Parallel Aware": true, "Async Capable": false, "Join Type": "Inner", "Startup Cost": 10641.67, "Total Cost": 16960.79, "Plan Rows": 14338311, "Plan Width": 0, "Actual Rows": 3175888, "Actual Loops": 2, "Inner Unique": false, "Hash Cond": "(ph.userid = u.id)", "Workers": [], "Plans": [{"Node Type": "Seq Scan", "Parent Relationship": "Outer", "Parallel Aware": true, "Async Capable": false, "Relation Name": "posthistory", "Alias": "ph", "Startup Cost": 0.0, "Total Cost": 4023.45, "Plan Rows": 178345, "Plan Width": 4, "Actual Rows": 151594, "Actual Loops": 2, "Workers": []}, {"Node Type": "Hash", "Parent Relationship": "Inner", "Parallel Aware": true, "Async Capable": false, "Startup Cost": 10147.45, "Total Cost": 10147.45, "Plan Rows": 39538, "Plan Width": 12, "Actual Rows": 60208, "Actual Loops": 2, "Hash Buckets": 131072, "Original Hash Buckets": 131072, "Hash Batches": 1, "Original Hash Batches": 1, "Peak Memory Usage": 6688, "Workers": [], "Plans": [{"Node Type": "Hash Join", "Parent Relationship": "Outer", "Parallel Aware": false, "Async Capable": false, "Join Type": "Inner", "Startup Cost": 4217.42, "Total Cost": 10147.45, "Plan Rows": 39538, "Plan Width": 12, "Actual Rows": 60208, "Actual Loops": 2, "Inner Unique": false, "Hash Cond": "(v.userid = u.id)", "Workers": [], "Plans": [{"Node Type": "Seq Scan", "Parent Relationship": "Outer", "Parallel Aware": true, "Async Capable": false, "Relation Name": "votes", "Alias": "v", "Startup Cost": 0.0, "Total Cost": 4572.24, "Plan Rows": 192482, "Plan Width": 4, "Actual Rows": 163617, "Actual Loops": 2, "Filter": "(creationdate <= '2014-09-10 00:00:00'::timestamp without time zone)", "Rows Removed by Filter": 415, "Workers": []}, {"Node Type": "Hash", "Parent Relationship": "Inner", "Parallel Aware": false, "Async Capable": false, "Startup Cost": 3238.36, "Total Cost": 3238.36, "Plan Rows": 78325, "Plan Width": 8, "Actual Rows": 64907, "Actual Loops": 2, "Hash Buckets": 131072, "Original Hash Buckets": 131072, "Hash Batches": 1, "Original Hash Batches": 1, "Peak Memory Usage": 3560, "Workers": [], "Plans": [{"Node Type": "Hash Join", "Parent Relationship": "Outer", "Parallel Aware": false, "Async Capable": false, "Join Type": "Inner", "Startup Cost": 1599.08, "Total Cost": 3238.36, "Plan Rows": 78325, "Plan Width": 8, "Actual Rows": 64907, "Actual Loops": 2, "Inner Unique": true, "Hash Cond": "(b.userid = u.id)", "Workers": [], "Plans": [{"Node Type": "Seq Scan", "Parent Relationship": "Outer", "Parallel Aware": false, "Async Capable": false, "Relation Name": "badges", "Alias": "b", "Startup Cost": 0.0, "Total Cost": 1430.14, "Plan Rows": 79666, "Plan Width": 4, "Actual Rows": 79654, "Actual Loops": 2, "Filter": "(date >= '2010-07-19 21:54:06'::timestamp without time zone)", "Rows Removed by Filter": 197, "Workers": []}, {"Node Type": "Hash", "Parent Relationship": "Inner", "Parallel Aware": false, "Async Capable": false, "Startup Cost": 1103.5, "Total Cost": 1103.5, "Plan Rows": 39646, "Plan Width": 4, "Actual Rows": 39835, "Actual Loops": 2, "Hash Buckets": 65536, "Original Hash Buckets": 65536, "Hash Batches": 1, "Original Hash Batches": 1, "Peak Memory Usage": 1913, "Workers": [], "Plans": [{"Node Type": "Seq Scan", "Parent Relationship": "Outer", "Parallel Aware": false, "Async Capable": false, "Relation Name": "users", "Alias": "u", "Startup Cost": 0.0, "Total Cost": 1103.5, "Plan Rows": 39646, "Plan Width": 4, "Actual Rows": 39835, "Actual Loops": 2, "Filter": "((downvotes >= 0) AND (downvotes <= 3) AND (upvotes >= 0) AND (upvotes <= 71))", "Rows Removed by Filter": 490, "Workers": []}]}]}]}]}]}]}]}]}]}, "Planning Time": 5.485, "Triggers": [], "Execution Time": 435.505}, {"Plan": {"Node Type": "Aggregate", "Strategy": "Plain", "Partial Mode": "Simple", "Parallel Aware": false, "Async Capable": false, "Startup Cost": 40000081187.51, "Total Cost": 40000081187.52, "Plan Rows": 1, "Plan Width": 8, "Actual Rows": 1, "Actual Loops": 1, "Plans": [{"Node Type": "Merge Join", "Parent Relationship": "Outer", "Parallel Aware": false, "Async Capable": false, "Join Type": "Inner", "Startup Cost": 40000000001.64, "Total Cost": 40000020249.68, "Plan Rows": 24375129, "Plan Width": 0, "Actual Rows": 6351775, "Actual Loops": 1, "Inner Unique": false, "Merge Cond": "(u.id = ph.userid)", "Plans": [{"Node Type": "Merge Join", "Parent Relationship": "Outer", "Parallel Aware": false, "Async Capable": false, "Join Type": "Inner", "Startup Cost": 30000000001.22, "Total Cost": 30000007621.6, "Plan Rows": 67214, "Plan Width": 12, "Actual Rows": 120415, "Actual Loops": 1, "Inner Unique": false, "Merge Cond": "(u.id = b.userid)", "Plans": [{"Node Type": "Merge Join", "Parent Relationship": "Outer", "Parallel Aware": false, "Async Capable": false, "Join Type": "Inner", "Startup Cost": 20000000000.71, "Total Cost": 20000003600.38, "Plan Rows": 34022, "Plan Width": 8, "Actual Rows": 19477, "Actual Loops": 1, "Inner Unique": true, "Merge Cond": "(v.userid = u.id)", "Plans": [{"Node Type": "Index Scan", "Parent Relationship": "Outer", "Parallel Aware": false, "Async Capable": false, "Scan Direction": "Forward", "Index Name": "idx_votes_userid", "Relation Name": "votes", "Alias": "v", "Startup Cost": 10000000000.42, "Total Cost": 10000012422.47, "Plan Rows": 327219, "Plan Width": 4, "Actual Rows": 34698, "Actual Loops": 1, "Filter": "(creationdate <= '2014-09-10 00:00:00'::timestamp without time zone)", "Rows Removed by Filter": 92}, {"Node Type": "Index Scan", "Parent Relationship": "Inner", "Parallel Aware": false, "Async Capable": false, "Scan Direction": "Forward", "Index Name": "users_pkey", "Relation Name": "users", "Alias": "u", "Startup Cost": 10000000000.29, "Total Cost": 10000001760.42, "Plan Rows": 39646, "Plan Width": 4, "Actual Rows": 39640, "Actual Loops": 1, "Filter": "((downvotes >= 0) AND (downvotes <= 3) AND (upvotes >= 0) AND (upvotes <= 71))", "Rows Removed by Filter": 490}]}, {"Node Type": "Index Scan", "Parent Relationship": "Inner", "Parallel Aware": false, "Async Capable": false, "Scan Direction": "Forward", "Index Name": "idx_badges_userid", "Relation Name": "badges", "Alias": "b", "Startup Cost": 10000000000.29, "Total Cost": 10000003064.97, "Plan Rows": 79666, "Plan Width": 4, "Actual Rows": 180246, "Actual Loops": 1, "Filter": "(date >= '2010-07-19 21:54:06'::timestamp without time zone)", "Rows Removed by Filter": 476}]}, {"Node Type": "Materialize", "Parent Relationship": "Inner", "Parallel Aware": false, "Async Capable": false, "Startup Cost": 10000000000.42, "Total Cost": 10000006683.82, "Plan Rows": 303187, "Plan Width": 4, "Actual Rows": 6578560, "Actual Loops": 1, "Plans": [{"Node Type": "Index Only Scan", "Parent Relationship": "Outer", "Parallel Aware": false, "Async Capable": false, "Scan Direction": "Forward", "Index Name": "idx_posthistory_userid", "Relation Name": "posthistory", "Alias": "ph", "Startup Cost": 10000000000.42, "Total Cost": 10000005925.85, "Plan Rows": 303187, "Plan Width": 4, "Actual Rows": 281478, "Actual Loops": 1, "Heap Fetches": 0}]}]}]}, "Planning Time": 2.921, "Triggers": [], "Execution Time": 651.856}, {"Plan": {"Node Type": "Aggregate", "Strategy": "Plain", "Partial Mode": "Simple", "Parallel Aware": false, "Async Capable": false, "Startup Cost": 10000152134.36, "Total Cost": 10000152134.37, "Plan Rows": 1, "Plan Width": 8, "Actual Rows": 1, "Actual Loops": 1, "Plans": [{"Node Type": "Nested Loop", "Parent Relationship": "Outer", "Parallel Aware": false, "Async Capable": false, "Join Type": "Inner", "Startup Cost": 10000000001.6, "Total Cost": 10000091196.53, "Plan Rows": 24375129, "Plan Width": 0, "Actual Rows": 6351775, "Actual Loops": 1, "Inner Unique": false, "Join Filter": "(ph.userid = u.id)", "Rows Removed by Join Filter": 0, "Plans": [{"Node Type": "Nested Loop", "Parent Relationship": "Outer", "Parallel Aware": false, "Async Capable": false, "Join Type": "Inner", "Startup Cost": 10000000001.06, "Total Cost": 10000057364.12, "Plan Rows": 67214, "Plan Width": 12, "Actual Rows": 120415, "Actual Loops": 1, "Inner Unique": false, "Join Filter": "(u.id = b.userid)", "Rows Removed by Join Filter": 0, "Plans": [{"Node Type": "Nested Loop", "Parent Relationship": "Outer", "Parallel Aware": false, "Async Capable": false, "Join Type": "Inner", "Startup Cost": 10000000000.73, "Total Cost": 10000037923.93, "Plan Rows": 34022, "Plan Width": 8, "Actual Rows": 19477, "Actual Loops": 1, "Inner Unique": true, "Plans": [{"Node Type": "Index Scan", "Parent Relationship": "Outer", "Parallel Aware": false, "Async Capable": false, "Scan Direction": "Forward", "Index Name": "idx_votes_userid", "Relation Name": "votes", "Alias": "v", "Startup Cost": 10000000000.42, "Total Cost": 10000012422.47, "Plan Rows": 327219, "Plan Width": 4, "Actual Rows": 327234, "Actual Loops": 1, "Filter": "(creationdate <= '2014-09-10 00:00:00'::timestamp without time zone)", "Rows Removed by Filter": 830}, {"Node Type": "Memoize", "Parent Relationship": "Inner", "Parallel Aware": false, "Async Capable": false, "Startup Cost": 0.31, "Total Cost": 4.33, "Plan Rows": 1, "Plan Width": 4, "Actual Rows": 0, "Actual Loops": 327234, "Cache Key": "v.userid", "Cache Mode": "logical", "Cache Hits": 321705, "Cache Misses": 5529, "Cache Evictions": 0, "Cache Overflows": 0, "Peak Memory Usage": 547, "Plans": [{"Node Type": "Bitmap Heap Scan", "Parent Relationship": "Outer", "Parallel Aware": false, "Async Capable": false, "Relation Name": "users", "Alias": "u", "Startup Cost": 0.3, "Total Cost": 4.32, "Plan Rows": 1, "Plan Width": 4, "Actual Rows": 1, "Actual Loops": 5529, "Recheck Cond": "(v.userid = id)", "Rows Removed by Index Recheck": 0, "Filter": "((downvotes >= 0) AND (downvotes <= 3) AND (upvotes >= 0) AND (upvotes <= 71))", "Rows Removed by Filter": 0, "Exact Heap Blocks": 5528, "Lossy Heap Blocks": 0, "Plans": [{"Node Type": "Bitmap Index Scan", "Parent Relationship": "Outer", "Parallel Aware": false, "Async Capable": false, "Index Name": "users_pkey", "Startup Cost": 0.0, "Total Cost": 0.3, "Plan Rows": 1, "Plan Width": 0, "Actual Rows": 1, "Actual Loops": 5529, "Index Cond": "(id = v.userid)"}]}]}]}, {"Node Type": "Memoize", "Parent Relationship": "Inner", "Parallel Aware": false, "Async Capable": false, "Startup Cost": 0.33, "Total Cost": 4.37, "Plan Rows": 3, "Plan Width": 4, "Actual Rows": 6, "Actual Loops": 19477, "Cache Key": "v.userid", "Cache Mode": "logical", "Cache Hits": 14370, "Cache Misses": 5107, "Cache Evictions": 0, "Cache Overflows": 0, "Peak Memory Usage": 1033, "Plans": [{"Node Type": "Bitmap Heap Scan", "Parent Relationship": "Outer", "Parallel Aware": false, "Async Capable": false, "Relation Name": "badges", "Alias": "b", "Startup Cost": 0.32, "Total Cost": 4.36, "Plan Rows": 3, "Plan Width": 4, "Actual Rows": 4, "Actual Loops": 5107, "Recheck Cond": "(v.userid = userid)", "Rows Removed by Index Recheck": 0, "Filter": "(date >= '2010-07-19 21:54:06'::timestamp without time zone)", "Rows Removed by Filter": 0, "Exact Heap Blocks": 15010, "Lossy Heap Blocks": 0, "Plans": [{"Node Type": "Bitmap Index Scan", "Parent Relationship": "Outer", "Parallel Aware": false, "Async Capable": false, "Index Name": "idx_badges_userid", "Startup Cost": 0.0, "Total Cost": 0.32, "Plan Rows": 3, "Plan Width": 0, "Actual Rows": 4, "Actual Loops": 5107, "Index Cond": "(userid = v.userid)"}]}]}]}, {"Node Type": "Memoize", "Parent Relationship": "Inner", "Parallel Aware": false, "Async Capable": false, "Startup Cost": 0.54, "Total Cost": 4.72, "Plan Rows": 14, "Plan Width": 4, "Actual Rows": 53, "Actual Loops": 120415, "Cache Key": "v.userid", "Cache Mode": "logical", "Cache Hits": 116482, "Cache Misses": 3933, "Cache Evictions": 0, "Cache Overflows": 0, "Peak Memory Usage": 2184, "Plans": [{"Node Type": "Bitmap Heap Scan", "Parent Relationship": "Outer", "Parallel Aware": false, "Async Capable": false, "Relation Name": "posthistory", "Alias": "ph", "Startup Cost": 0.53, "Total Cost": 4.71, "Plan Rows": 14, "Plan Width": 4, "Actual Rows": 14, "Actual Loops": 3933, "Recheck Cond": "(userid = v.userid)", "Rows Removed by Index Recheck": 0, "Exact Heap Blocks": 20286, "Lossy Heap Blocks": 0, "Plans": [{"Node Type": "Bitmap Index Scan", "Parent Relationship": "Outer", "Parallel Aware": false, "Async Capable": false, "Index Name": "idx_posthistory_userid", "Startup Cost": 0.0, "Total Cost": 0.53, "Plan Rows": 14, "Plan Width": 0, "Actual Rows": 14, "Actual Loops": 3933, "Index Cond": "(userid = v.userid)"}]}]}]}]}, "Planning Time": 3.022, "Triggers": [], "Execution Time": 766.567}, {"Plan": {"Node Type": "Aggregate", "Strategy": "Plain", "Partial Mode": "Finalize", "Parallel Aware": false, "Async Capable": false, "Startup Cost": 69080.26, "Total Cost": 69080.27, "Plan Rows": 1, "Plan Width": 8, "Actual Rows": 1, "Actual Loops": 1, "Plans": [{"Node Type": "Gather", "Parent Relationship": "Outer", "Parallel Aware": false, "Async Capable": false, "Startup Cost": 69080.14, "Total Cost": 69080.25, "Plan Rows": 1, "Plan Width": 8, "Actual Rows": 2, "Actual Loops": 1, "Workers Planned": 1, "Workers Launched": 1, "Single Copy": false, "Plans": [{"Node Type": "Aggregate", "Strategy": "Plain", "Partial Mode": "Partial", "Parent Relationship": "Outer", "Parallel Aware": false, "Async Capable": false, "Startup Cost": 68080.14, "Total Cost": 68080.15, "Plan Rows": 1, "Plan Width": 8, "Actual Rows": 1, "Actual Loops": 2, "Workers": [], "Plans": [{"Node Type": "Hash Join", "Parent Relationship": "Outer", "Parallel Aware": true, "Async Capable": false, "Join Type": "Inner", "Startup Cost": 19095.51, "Total Cost": 32234.37, "Plan Rows": 14338311, "Plan Width": 0, "Actual Rows": 3175888, "Actual Loops": 2, "Inner Unique": false, "Hash Cond": "(ph.userid = u.id)", "Workers": [], "Plans": [{"Node Type": "Index Scan", "Parent Relationship": "Outer", "Parallel Aware": true, "Async Capable": false, "Scan Direction": "Forward", "Index Name": "idx_posthistory_userid", "Relation Name": "posthistory", "Alias": "ph", "Startup Cost": 0.42, "Total Cost": 10843.61, "Plan Rows": 178345, "Plan Width": 4, "Actual Rows": 151594, "Actual Loops": 2, "Workers": []}, {"Node Type": "Hash", "Parent Relationship": "Inner", "Parallel Aware": true, "Async Capable": false, "Startup Cost": 18600.87, "Total Cost": 18600.87, "Plan Rows": 39538, "Plan Width": 12, "Actual Rows": 60208, "Actual Loops": 2, "Hash Buckets": 131072, "Original Hash Buckets": 131072, "Hash Batches": 1, "Original Hash Batches": 1, "Peak Memory Usage": 6720, "Workers": [], "Plans": [{"Node Type": "Hash Join", "Parent Relationship": "Outer", "Parallel Aware": false, "Async Capable": false, "Join Type": "Inner", "Startup Cost": 6509.59, "Total Cost": 18600.87, "Plan Rows": 39538, "Plan Width": 12, "Actual Rows": 60208, "Actual Loops": 2, "Inner Unique": false, "Hash Cond": "(v.userid = u.id)", "Workers": [], "Plans": [{"Node Type": "Index Scan", "Parent Relationship": "Outer", "Parallel Aware": true, "Async Capable": false, "Scan Direction": "Forward", "Index Name": "idx_votes_userid", "Relation Name": "votes", "Alias": "v", "Startup Cost": 0.42, "Total Cost": 10733.91, "Plan Rows": 192482, "Plan Width": 4, "Actual Rows": 163617, "Actual Loops": 2, "Filter": "(creationdate <= '2014-09-10 00:00:00'::timestamp without time zone)", "Rows Removed by Filter": 415, "Workers": []}, {"Node Type": "Hash", "Parent Relationship": "Inner", "Parallel Aware": false, "Async Capable": false, "Startup Cost": 5530.1, "Total Cost": 5530.1, "Plan Rows": 78325, "Plan Width": 8, "Actual Rows": 64907, "Actual Loops": 2, "Hash Buckets": 131072, "Original Hash Buckets": 131072, "Hash Batches": 1, "Original Hash Batches": 1, "Peak Memory Usage": 3560, "Workers": [], "Plans": [{"Node Type": "Hash Join", "Parent Relationship": "Outer", "Parallel Aware": false, "Async Capable": false, "Join Type": "Inner", "Startup Cost": 2256.28, "Total Cost": 5530.1, "Plan Rows": 78325, "Plan Width": 8, "Actual Rows": 64907, "Actual Loops": 2, "Inner Unique": true, "Hash Cond": "(b.userid = u.id)", "Workers": [], "Plans": [{"Node Type": "Index Scan", "Parent Relationship": "Outer", "Parallel Aware": false, "Async Capable": false, "Scan Direction": "Forward", "Index Name": "idx_badges_userid", "Relation Name": "badges", "Alias": "b", "Startup Cost": 0.29, "Total Cost": 3064.97, "Plan Rows": 79666, "Plan Width": 4, "Actual Rows": 79654, "Actual Loops": 2, "Filter": "(date >= '2010-07-19 21:54:06'::timestamp without time zone)", "Rows Removed by Filter": 197, "Workers": []}, {"Node Type": "Hash", "Parent Relationship": "Inner", "Parallel Aware": false, "Async Capable": false, "Startup Cost": 1760.41, "Total Cost": 1760.41, "Plan Rows": 39646, "Plan Width": 4, "Actual Rows": 39835, "Actual Loops": 2, "Hash Buckets": 65536, "Original Hash Buckets": 65536, "Hash Batches": 1, "Original Hash Batches": 1, "Peak Memory Usage": 1913, "Workers": [], "Plans": [{"Node Type": "Index Scan", "Parent Relationship": "Outer", "Parallel Aware": false, "Async Capable": false, "Scan Direction": "Forward", "Index Name": "users_pkey", "Relation Name": "users", "Alias": "u", "Startup Cost": 0.29, "Total Cost": 1760.41, "Plan Rows": 39646, "Plan Width": 4, "Actual Rows": 39835, "Actual Loops": 2, "Filter": "((downvotes >= 0) AND (downvotes <= 3) AND (upvotes >= 0) AND (upvotes <= 71))", "Rows Removed by Filter": 490, "Workers": []}]}]}]}]}]}]}]}]}]}, "Planning Time": 5.486, "Triggers": [], "Execution Time": 609.662}, {"Plan": {"Node Type": "Aggregate", "Strategy": "Plain", "Partial Mode": "Finalize", "Parallel Aware": false, "Async Capable": false, "Startup Cost": 57435.03, "Total Cost": 57435.04, "Plan Rows": 1, "Plan Width": 8, "Actual Rows": 1, "Actual Loops": 1, "Plans": [{"Node Type": "Gather", "Parent Relationship": "Outer", "Parallel Aware": false, "Async Capable": false, "Startup Cost": 57434.92, "Total Cost": 57435.03, "Plan Rows": 1, "Plan Width": 8, "Actual Rows": 2, "Actual Loops": 1, "Workers Planned": 1, "Workers Launched": 1, "Single Copy": false, "Plans": [{"Node Type": "Aggregate", "Strategy": "Plain", "Partial Mode": "Partial", "Parent Relationship": "Outer", "Parallel Aware": false, "Async Capable": false, "Startup Cost": 56434.92, "Total Cost": 56434.93, "Plan Rows": 1, "Plan Width": 8, "Actual Rows": 1, "Actual Loops": 2, "Workers": [], "Plans": [{"Node Type": "Hash Join", "Parent Relationship": "Outer", "Parallel Aware": true, "Async Capable": false, "Join Type": "Inner", "Startup Cost": 7450.29, "Total Cost": 20589.14, "Plan Rows": 14338311, "Plan Width": 0, "Actual Rows": 3175888, "Actual Loops": 2, "Inner Unique": false, "Hash Cond": "(ph.userid = u.id)", "Workers": [], "Plans": [{"Node Type": "Index Scan", "Parent Relationship": "Outer", "Parallel Aware": true, "Async Capable": false, "Scan Direction": "Forward", "Index Name": "idx_posthistory_userid", "Relation Name": "posthistory", "Alias": "ph", "Startup Cost": 0.42, "Total Cost": 10843.61, "Plan Rows": 178345, "Plan Width": 4, "Actual Rows": 151594, "Actual Loops": 2, "Workers": []}, {"Node Type": "Hash", "Parent Relationship": "Inner", "Parallel Aware": true, "Async Capable": false, "Startup Cost": 6955.64, "Total Cost": 6955.64, "Plan Rows": 39538, "Plan Width": 12, "Actual Rows": 60208, "Actual Loops": 2, "Hash Buckets": 131072, "Original Hash Buckets": 131072, "Hash Batches": 1, "Original Hash Batches": 1, "Peak Memory Usage": 6688, "Workers": [], "Plans": [{"Node Type": "Merge Join", "Parent Relationship": "Outer", "Parallel Aware": false, "Async Capable": false, "Join Type": "Inner", "Startup Cost": 1.17, "Total Cost": 6955.64, "Plan Rows": 39538, "Plan Width": 12, "Actual Rows": 60208, "Actual Loops": 2, "Inner Unique": false, "Merge Cond": "(u.id = b.userid)", "Workers": [], "Plans": [{"Node Type": "Merge Join", "Parent Relationship": "Outer", "Parallel Aware": false, "Async Capable": false, "Join Type": "Inner", "Startup Cost": 0.71, "Total Cost": 3246.1, "Plan Rows": 20013, "Plan Width": 8, "Actual Rows": 9738, "Actual Loops": 2, "Inner Unique": true, "Merge Cond": "(v.userid = u.id)", "Workers": [], "Plans": [{"Node Type": "Index Scan", "Parent Relationship": "Outer", "Parallel Aware": true, "Async Capable": false, "Scan Direction": "Forward", "Index Name": "idx_votes_userid", "Relation Name": "votes", "Alias": "v", "Startup Cost": 0.42, "Total Cost": 10733.91, "Plan Rows": 192482, "Plan Width": 4, "Actual Rows": 17350, "Actual Loops": 2, "Filter": "(creationdate <= '2014-09-10 00:00:00'::timestamp without time zone)", "Rows Removed by Filter": 46, "Workers": []}, {"Node Type": "Index Scan", "Parent Relationship": "Inner", "Parallel Aware": false, "Async Capable": false, "Scan Direction": "Forward", "Index Name": "users_pkey", "Relation Name": "users", "Alias": "u", "Startup Cost": 0.29, "Total Cost": 1760.41, "Plan Rows": 39646, "Plan Width": 4, "Actual Rows": 38388, "Actual Loops": 2, "Filter": "((downvotes >= 0) AND (downvotes <= 3) AND (upvotes >= 0) AND (upvotes <= 71))", "Rows Removed by Filter": 489, "Workers": []}]}, {"Node Type": "Index Scan", "Parent Relationship": "Inner", "Parallel Aware": false, "Async Capable": false, "Scan Direction": "Forward", "Index Name": "idx_badges_userid", "Relation Name": "badges", "Alias": "b", "Startup Cost": 0.29, "Total Cost": 3064.97, "Plan Rows": 79666, "Plan Width": 4, "Actual Rows": 129002, "Actual Loops": 2, "Filter": "(date >= '2010-07-19 21:54:06'::timestamp without time zone)", "Rows Removed by Filter": 336, "Workers": []}]}]}]}]}]}]}, "Planning Time": 6.87, "Triggers": [], "Execution Time": 527.245}, {"Plan": {"Node Type": "Aggregate", "Strategy": "Plain", "Partial Mode": "Finalize", "Parallel Aware": false, "Async Capable": false, "Startup Cost": 54281.36, "Total Cost": 54281.37, "Plan Rows": 1, "Plan Width": 8, "Actual Rows": 1, "Actual Loops": 1, "Plans": [{"Node Type": "Gather", "Parent Relationship": "Outer", "Parallel Aware": false, "Async Capable": false, "Startup Cost": 54281.25, "Total Cost": 54281.36, "Plan Rows": 1, "Plan Width": 8, "Actual Rows": 2, "Actual Loops": 1, "Workers Planned": 1, "Workers Launched": 1, "Single Copy": false, "Plans": [{"Node Type": "Aggregate", "Strategy": "Plain", "Partial Mode": "Partial", "Parent Relationship": "Outer", "Parallel Aware": false, "Async Capable": false, "Startup Cost": 53281.25, "Total Cost": 53281.26, "Plan Rows": 1, "Plan Width": 8, "Actual Rows": 1, "Actual Loops": 2, "Workers": [], "Plans": [{"Node Type": "Nested Loop", "Parent Relationship": "Outer", "Parallel Aware": false, "Async Capable": false, "Join Type": "Inner", "Startup Cost": 1.45, "Total Cost": 17435.47, "Plan Rows": 14338311, "Plan Width": 0, "Actual Rows": 3175888, "Actual Loops": 2, "Inner Unique": false, "Join Filter": "(ph.userid = u.id)", "Rows Removed by Join Filter": 0, "Workers": [], "Plans": [{"Node Type": "Nested Loop", "Parent Relationship": "Outer", "Parallel Aware": false, "Async Capable": false, "Join Type": "Inner", "Startup Cost": 1.01, "Total Cost": 5837.31, "Plan Rows": 39538, "Plan Width": 12, "Actual Rows": 60208, "Actual Loops": 2, "Inner Unique": false, "Join Filter": "(u.id = b.userid)", "Rows Removed by Join Filter": 0, "Workers": [], "Plans": [{"Node Type": "Merge Join", "Parent Relationship": "Outer", "Parallel Aware": false, "Async Capable": false, "Join Type": "Inner", "Startup Cost": 0.71, "Total Cost": 3246.1, "Plan Rows": 20013, "Plan Width": 8, "Actual Rows": 9738, "Actual Loops": 2, "Inner Unique": true, "Merge Cond": "(v.userid = u.id)", "Workers": [], "Plans": [{"Node Type": "Index Scan", "Parent Relationship": "Outer", "Parallel Aware": true, "Async Capable": false, "Scan Direction": "Forward", "Index Name": "idx_votes_userid", "Relation Name": "votes", "Alias": "v", "Startup Cost": 0.42, "Total Cost": 10733.91, "Plan Rows": 192482, "Plan Width": 4, "Actual Rows": 17350, "Actual Loops": 2, "Filter": "(creationdate <= '2014-09-10 00:00:00'::timestamp without time zone)", "Rows Removed by Filter": 46, "Workers": []}, {"Node Type": "Index Scan", "Parent Relationship": "Inner", "Parallel Aware": false, "Async Capable": false, "Scan Direction": "Forward", "Index Name": "users_pkey", "Relation Name": "users", "Alias": "u", "Startup Cost": 0.29, "Total Cost": 1760.41, "Plan Rows": 39646, "Plan Width": 4, "Actual Rows": 38388, "Actual Loops": 2, "Filter": "((downvotes >= 0) AND (downvotes <= 3) AND (upvotes >= 0) AND (upvotes <= 71))", "Rows Removed by Filter": 489, "Workers": []}]}, {"Node Type": "Memoize", "Parent Relationship": "Inner", "Parallel Aware": false, "Async Capable": false, "Startup Cost": 0.3, "Total Cost": 0.37, "Plan Rows": 3, "Plan Width": 4, "Actual Rows": 6, "Actual Loops": 19477, "Cache Key": "v.userid", "Cache Mode": "logical", "Cache Hits": 7547, "Cache Misses": 2648, "Cache Evictions": 0, "Cache Overflows": 0, "Peak Memory Usage": 547, "Workers": [{"Worker Number": 0, "Cache Hits": 6822, "Cache Misses": 2460, "Cache Evictions": 0, "Cache Overflows": 0, "Peak Memory Usage": 487}], "Plans": [{"Node Type": "Index Scan", "Parent Relationship": "Outer", "Parallel Aware": false, "Async Capable": false, "Scan Direction": "Forward", "Index Name": "idx_badges_userid", "Relation Name": "badges", "Alias": "b", "Startup Cost": 0.29, "Total Cost": 0.36, "Plan Rows": 3, "Plan Width": 4, "Actual Rows": 4, "Actual Loops": 5108, "Index Cond": "(userid = v.userid)", "Rows Removed by Index Recheck": 0, "Filter": "(date >= '2010-07-19 21:54:06'::timestamp without time zone)", "Rows Removed by Filter": 0, "Workers": []}]}]}, {"Node Type": "Memoize", "Parent Relationship": "Inner", "Parallel Aware": false, "Async Capable": false, "Startup Cost": 0.43, "Total Cost": 0.71, "Plan Rows": 14, "Plan Width": 4, "Actual Rows": 53, "Actual Loops": 120415, "Cache Key": "v.userid", "Cache Mode": "logical", "Cache Hits": 60908, "Cache Misses": 2056, "Cache Evictions": 0, "Cache Overflows": 0, "Peak Memory Usage": 1141, "Workers": [{"Worker Number": 0, "Cache Hits": 55573, "Cache Misses": 1878, "Cache Evictions": 0, "Cache Overflows": 0, "Peak Memory Usage": 1046}], "Plans": [{"Node Type": "Index Scan", "Parent Relationship": "Outer", "Parallel Aware": false, "Async Capable": false, "Scan Direction": "Forward", "Index Name": "idx_posthistory_userid", "Relation Name": "posthistory", "Alias": "ph", "Startup Cost": 0.42, "Total Cost": 0.7, "Plan Rows": 14, "Plan Width": 4, "Actual Rows": 14, "Actual Loops": 3934, "Index Cond": "(userid = v.userid)", "Rows Removed by Index Recheck": 0, "Workers": []}]}]}]}]}]}, "Planning Time": 6.619, "Triggers": [], "Execution Time": 370.932}, {"Plan": {"Node Type": "Aggregate", "Strategy": "Plain", "Partial Mode": "Finalize", "Parallel Aware": false, "Async Capable": false, "Startup Cost": 64530.44, "Total Cost": 64530.45, "Plan Rows": 1, "Plan Width": 8, "Actual Rows": 1, "Actual Loops": 1, "Plans": [{"Node Type": "Gather", "Parent Relationship": "Outer", "Parallel Aware": false, "Async Capable": false, "Startup Cost": 64530.33, "Total Cost": 64530.44, "Plan Rows": 1, "Plan Width": 8, "Actual Rows": 2, "Actual Loops": 1, "Workers Planned": 1, "Workers Launched": 1, "Single Copy": false, "Plans": [{"Node Type": "Aggregate", "Strategy": "Plain", "Partial Mode": "Partial", "Parent Relationship": "Outer", "Parallel Aware": false, "Async Capable": false, "Startup Cost": 63530.33, "Total Cost": 63530.34, "Plan Rows": 1, "Plan Width": 8, "Actual Rows": 1, "Actual Loops": 2, "Workers": [], "Plans": [{"Node Type": "Nested Loop", "Parent Relationship": "Outer", "Parallel Aware": false, "Async Capable": false, "Join Type": "Inner", "Startup Cost": 2257.15, "Total Cost": 27684.55, "Plan Rows": 14338311, "Plan Width": 0, "Actual Rows": 3175888, "Actual Loops": 2, "Inner Unique": false, "Join Filter": "(ph.userid = u.id)", "Rows Removed by Join Filter": 0, "Workers": [], "Plans": [{"Node Type": "Nested Loop", "Parent Relationship": "Outer", "Parallel Aware": false, "Async Capable": false, "Join Type": "Inner", "Startup Cost": 2256.71, "Total Cost": 16086.39, "Plan Rows": 39538, "Plan Width": 12, "Actual Rows": 60208, "Actual Loops": 2, "Inner Unique": false, "Join Filter": "(u.id = b.userid)", "Rows Removed by Join Filter": 0, "Workers": [], "Plans": [{"Node Type": "Hash Join", "Parent Relationship": "Outer", "Parallel Aware": false, "Async Capable": false, "Join Type": "Inner", "Startup Cost": 2256.41, "Total Cost": 13495.18, "Plan Rows": 20013, "Plan Width": 8, "Actual Rows": 9738, "Actual Loops": 2, "Inner Unique": true, "Hash Cond": "(v.userid = u.id)", "Workers": [], "Plans": [{"Node Type": "Index Scan", "Parent Relationship": "Outer", "Parallel Aware": true, "Async Capable": false, "Scan Direction": "Forward", "Index Name": "idx_votes_userid", "Relation Name": "votes", "Alias": "v", "Startup Cost": 0.42, "Total Cost": 10733.91, "Plan Rows": 192482, "Plan Width": 4, "Actual Rows": 163617, "Actual Loops": 2, "Filter": "(creationdate <= '2014-09-10 00:00:00'::timestamp without time zone)", "Rows Removed by Filter": 415, "Workers": []}, {"Node Type": "Hash", "Parent Relationship": "Inner", "Parallel Aware": false, "Async Capable": false, "Startup Cost": 1760.41, "Total Cost": 1760.41, "Plan Rows": 39646, "Plan Width": 4, "Actual Rows": 39835, "Actual Loops": 2, "Hash Buckets": 65536, "Original Hash Buckets": 65536, "Hash Batches": 1, "Original Hash Batches": 1, "Peak Memory Usage": 1913, "Workers": [], "Plans": [{"Node Type": "Index Scan", "Parent Relationship": "Outer", "Parallel Aware": false, "Async Capable": false, "Scan Direction": "Forward", "Index Name": "users_pkey", "Relation Name": "users", "Alias": "u", "Startup Cost": 0.29, "Total Cost": 1760.41, "Plan Rows": 39646, "Plan Width": 4, "Actual Rows": 39835, "Actual Loops": 2, "Filter": "((downvotes >= 0) AND (downvotes <= 3) AND (upvotes >= 0) AND (upvotes <= 71))", "Rows Removed by Filter": 490, "Workers": []}]}]}, {"Node Type": "Memoize", "Parent Relationship": "Inner", "Parallel Aware": false, "Async Capable": false, "Startup Cost": 0.3, "Total Cost": 0.37, "Plan Rows": 3, "Plan Width": 4, "Actual Rows": 6, "Actual Loops": 19477, "Cache Key": "v.userid", "Cache Mode": "logical", "Cache Hits": 7733, "Cache Misses": 2734, "Cache Evictions": 0, "Cache Overflows": 0, "Peak Memory Usage": 562, "Workers": [{"Worker Number": 0, "Cache Hits": 6636, "Cache Misses": 2374, "Cache Evictions": 0, "Cache Overflows": 0, "Peak Memory Usage": 472}], "Plans": [{"Node Type": "Index Scan", "Parent Relationship": "Outer", "Parallel Aware": false, "Async Capable": false, "Scan Direction": "Forward", "Index Name": "idx_badges_userid", "Relation Name": "badges", "Alias": "b", "Startup Cost": 0.29, "Total Cost": 0.36, "Plan Rows": 3, "Plan Width": 4, "Actual Rows": 4, "Actual Loops": 5108, "Index Cond": "(userid = v.userid)", "Rows Removed by Index Recheck": 0, "Filter": "(date >= '2010-07-19 21:54:06'::timestamp without time zone)", "Rows Removed by Filter": 0, "Workers": []}]}]}, {"Node Type": "Memoize", "Parent Relationship": "Inner", "Parallel Aware": false, "Async Capable": false, "Startup Cost": 0.43, "Total Cost": 0.71, "Plan Rows": 14, "Plan Width": 4, "Actual Rows": 53, "Actual Loops": 120415, "Cache Key": "v.userid", "Cache Mode": "logical", "Cache Hits": 61750, "Cache Misses": 2129, "Cache Evictions": 0, "Cache Overflows": 0, "Peak Memory Usage": 1178, "Workers": [{"Worker Number": 0, "Cache Hits": 54731, "Cache Misses": 1805, "Cache Evictions": 0, "Cache Overflows": 0, "Peak Memory Usage": 1010}], "Plans": [{"Node Type": "Index Scan", "Parent Relationship": "Outer", "Parallel Aware": false, "Async Capable": false, "Scan Direction": "Forward", "Index Name": "idx_posthistory_userid", "Relation Name": "posthistory", "Alias": "ph", "Startup Cost": 0.42, "Total Cost": 0.7, "Plan Rows": 14, "Plan Width": 4, "Actual Rows": 14, "Actual Loops": 3934, "Index Cond": "(userid = v.userid)", "Rows Removed by Index Recheck": 0, "Workers": []}]}]}]}]}]}, "Planning Time": 5.238, "Triggers": [], "Execution Time": 418.15}, {"Plan": {"Node Type": "Aggregate", "Strategy": "Plain", "Partial Mode": "Finalize", "Parallel Aware": false, "Async Capable": false, "Startup Cost": 41112.71, "Total Cost": 41112.72, "Plan Rows": 1, "Plan Width": 8, "Actual Rows": 1, "Actual Loops": 1, "Plans": [{"Node Type": "Gather", "Parent Relationship": "Outer", "Parallel Aware": false, "Async Capable": false, "Startup Cost": 41112.5, "Total Cost": 41112.71, "Plan Rows": 2, "Plan Width": 8, "Actual Rows": 3, "Actual Loops": 1, "Workers Planned": 2, "Workers Launched": 2, "Single Copy": false, "Plans": [{"Node Type": "Aggregate", "Strategy": "Plain", "Partial Mode": "Partial", "Parent Relationship": "Outer", "Parallel Aware": false, "Async Capable": false, "Startup Cost": 40112.5, "Total Cost": 40112.51, "Plan Rows": 1, "Plan Width": 8, "Actual Rows": 1, "Actual Loops": 3, "Workers": [], "Plans": [{"Node Type": "Merge Join", "Parent Relationship": "Outer", "Parallel Aware": false, "Async Capable": false, "Join Type": "Inner", "Startup Cost": 1.64, "Total Cost": 14721.74, "Plan Rows": 10156304, "Plan Width": 0, "Actual Rows": 2117258, "Actual Loops": 3, "Inner Unique": false, "Merge Cond": "(ph.userid = u.id)", "Workers": [], "Plans": [{"Node Type": "Index Only Scan", "Parent Relationship": "Outer", "Parallel Aware": true, "Async Capable": false, "Scan Direction": "Forward", "Index Name": "idx_posthistory_userid", "Relation Name": "posthistory", "Alias": "ph", "Startup Cost": 0.42, "Total Cost": 4157.26, "Plan Rows": 126328, "Plan Width": 4, "Actual Rows": 93827, "Actual Loops": 3, "Heap Fetches": 0, "Workers": []}, {"Node Type": "Materialize", "Parent Relationship": "Inner", "Parallel Aware": false, "Async Capable": false, "Startup Cost": 1.22, "Total Cost": 7789.63, "Plan Rows": 67214, "Plan Width": 12, "Actual Rows": 2197772, "Actual Loops": 3, "Workers": [], "Plans": [{"Node Type": "Merge Join", "Parent Relationship": "Outer", "Parallel Aware": false, "Async Capable": false, "Join Type": "Inner", "Startup Cost": 1.22, "Total Cost": 7621.6, "Plan Rows": 67214, "Plan Width": 12, "Actual Rows": 120408, "Actual Loops": 3, "Inner Unique": false, "Merge Cond": "(u.id = b.userid)", "Workers": [], "Plans": [{"Node Type": "Merge Join", "Parent Relationship": "Outer", "Parallel Aware": false, "Async Capable": false, "Join Type": "Inner", "Startup Cost": 0.71, "Total Cost": 3600.38, "Plan Rows": 34022, "Plan Width": 8, "Actual Rows": 19471, "Actual Loops": 3, "Inner Unique": true, "Merge Cond": "(v.userid = u.id)", "Workers": [], "Plans": [{"Node Type": "Index Scan", "Parent Relationship": "Outer", "Parallel Aware": false, "Async Capable": false, "Scan Direction": "Forward", "Index Name": "idx_votes_userid", "Relation Name": "votes", "Alias": "v", "Startup Cost": 0.42, "Total Cost": 12422.47, "Plan Rows": 327219, "Plan Width": 4, "Actual Rows": 34691, "Actual Loops": 3, "Filter": "(creationdate <= '2014-09-10 00:00:00'::timestamp without time zone)", "Rows Removed by Filter": 89, "Workers": []}, {"Node Type": "Index Scan", "Parent Relationship": "Inner", "Parallel Aware": false, "Async Capable": false, "Scan Direction": "Forward", "Index Name": "users_pkey", "Relation Name": "users", "Alias": "u", "Startup Cost": 0.29, "Total Cost": 1760.41, "Plan Rows": 39646, "Plan Width": 4, "Actual Rows": 39594, "Actual Loops": 3, "Filter": "((downvotes >= 0) AND (downvotes <= 3) AND (upvotes >= 0) AND (upvotes <= 71))", "Rows Removed by Filter": 490, "Workers": []}]}, {"Node Type": "Index Scan", "Parent Relationship": "Inner", "Parallel Aware": false, "Async Capable": false, "Scan Direction": "Forward", "Index Name": "idx_badges_userid", "Relation Name": "badges", "Alias": "b", "Startup Cost": 0.29, "Total Cost": 3064.97, "Plan Rows": 79666, "Plan Width": 4, "Actual Rows": 180218, "Actual Loops": 3, "Filter": "(date >= '2010-07-19 21:54:06'::timestamp without time zone)", "Rows Removed by Filter": 476, "Workers": []}]}]}]}]}]}]}, "Planning Time": 6.466, "Triggers": [], "Execution Time": 344.822}, {"Plan": {"Node Type": "Aggregate", "Strategy": "Plain", "Partial Mode": "Finalize", "Parallel Aware": false, "Async Capable": false, "Startup Cost": 40488.26, "Total Cost": 40488.27, "Plan Rows": 1, "Plan Width": 8, "Actual Rows": 1, "Actual Loops": 1, "Plans": [{"Node Type": "Gather", "Parent Relationship": "Outer", "Parallel Aware": false, "Async Capable": false, "Startup Cost": 40488.04, "Total Cost": 40488.25, "Plan Rows": 2, "Plan Width": 8, "Actual Rows": 3, "Actual Loops": 1, "Workers Planned": 2, "Workers Launched": 2, "Single Copy": false, "Plans": [{"Node Type": "Aggregate", "Strategy": "Plain", "Partial Mode": "Partial", "Parent Relationship": "Outer", "Parallel Aware": false, "Async Capable": false, "Startup Cost": 39488.04, "Total Cost": 39488.05, "Plan Rows": 1, "Plan Width": 8, "Actual Rows": 1, "Actual Loops": 3, "Workers": [], "Plans": [{"Node Type": "Merge Join", "Parent Relationship": "Outer", "Parallel Aware": false, "Async Capable": false, "Join Type": "Inner", "Startup Cost": 1.44, "Total Cost": 14097.28, "Plan Rows": 10156304, "Plan Width": 0, "Actual Rows": 2117258, "Actual Loops": 3, "Inner Unique": false, "Merge Cond": "(ph.userid = u.id)", "Workers": [], "Plans": [{"Node Type": "Index Only Scan", "Parent Relationship": "Outer", "Parallel Aware": true, "Async Capable": false, "Scan Direction": "Forward", "Index Name": "idx_posthistory_userid", "Relation Name": "posthistory", "Alias": "ph", "Startup Cost": 0.42, "Total Cost": 4157.26, "Plan Rows": 126328, "Plan Width": 4, "Actual Rows": 93827, "Actual Loops": 3, "Heap Fetches": 0, "Workers": []}, {"Node Type": "Materialize", "Parent Relationship": "Inner", "Parallel Aware": false, "Async Capable": false, "Startup Cost": 1.01, "Total Cost": 7165.18, "Plan Rows": 67214, "Plan Width": 12, "Actual Rows": 2197772, "Actual Loops": 3, "Workers": [], "Plans": [{"Node Type": "Nested Loop", "Parent Relationship": "Outer", "Parallel Aware": false, "Async Capable": false, "Join Type": "Inner", "Startup Cost": 1.01, "Total Cost": 6997.14, "Plan Rows": 67214, "Plan Width": 12, "Actual Rows": 120408, "Actual Loops": 3, "Inner Unique": false, "Join Filter": "(u.id = b.userid)", "Rows Removed by Join Filter": 0, "Workers": [], "Plans": [{"Node Type": "Merge Join", "Parent Relationship": "Outer", "Parallel Aware": false, "Async Capable": false, "Join Type": "Inner", "Startup Cost": 0.71, "Total Cost": 3600.38, "Plan Rows": 34022, "Plan Width": 8, "Actual Rows": 19471, "Actual Loops": 3, "Inner Unique": true, "Merge Cond": "(v.userid = u.id)", "Workers": [], "Plans": [{"Node Type": "Index Scan", "Parent Relationship": "Outer", "Parallel Aware": false, "Async Capable": false, "Scan Direction": "Forward", "Index Name": "idx_votes_userid", "Relation Name": "votes", "Alias": "v", "Startup Cost": 0.42, "Total Cost": 12422.47, "Plan Rows": 327219, "Plan Width": 4, "Actual Rows": 34691, "Actual Loops": 3, "Filter": "(creationdate <= '2014-09-10 00:00:00'::timestamp without time zone)", "Rows Removed by Filter": 89, "Workers": []}, {"Node Type": "Index Scan", "Parent Relationship": "Inner", "Parallel Aware": false, "Async Capable": false, "Scan Direction": "Forward", "Index Name": "users_pkey", "Relation Name": "users", "Alias": "u", "Startup Cost": 0.29, "Total Cost": 1760.41, "Plan Rows": 39646, "Plan Width": 4, "Actual Rows": 39594, "Actual Loops": 3, "Filter": "((downvotes >= 0) AND (downvotes <= 3) AND (upvotes >= 0) AND (upvotes <= 71))", "Rows Removed by Filter": 490, "Workers": []}]}, {"Node Type": "Memoize", "Parent Relationship": "Inner", "Parallel Aware": false, "Async Capable": false, "Startup Cost": 0.3, "Total Cost": 0.37, "Plan Rows": 3, "Plan Width": 4, "Actual Rows": 6, "Actual Loops": 58412, "Cache Key": "v.userid", "Cache Mode": "logical", "Cache Hits": 14370, "Cache Misses": 5107, "Cache Evictions": 0, "Cache Overflows": 0, "Peak Memory Usage": 1033, "Workers": [{"Worker Number": 0, "Cache Hits": 14364, "Cache Misses": 5094, "Cache Evictions": 0, "Cache Overflows": 0, "Peak Memory Usage": 1032}, {"Worker Number": 1, "Cache Hits": 14370, "Cache Misses": 5107, "Cache Evictions": 0, "Cache Overflows": 0, "Peak Memory Usage": 1033}], "Plans": [{"Node Type": "Index Scan", "Parent Relationship": "Outer", "Parallel Aware": false, "Async Capable": false, "Scan Direction": "Forward", "Index Name": "idx_badges_userid", "Relation Name": "badges", "Alias": "b", "Startup Cost": 0.29, "Total Cost": 0.36, "Plan Rows": 3, "Plan Width": 4, "Actual Rows": 4, "Actual Loops": 15308, "Index Cond": "(userid = v.userid)", "Rows Removed by Index Recheck": 0, "Filter": "(date >= '2010-07-19 21:54:06'::timestamp without time zone)", "Rows Removed by Filter": 0, "Workers": []}]}]}]}]}]}]}]}, "Planning Time": 3.551, "Triggers": [], "Execution Time": 313.173}, {"Plan": {"Node Type": "Aggregate", "Strategy": "Plain", "Partial Mode": "Finalize", "Parallel Aware": false, "Async Capable": false, "Startup Cost": 67765.35, "Total Cost": 67765.36, "Plan Rows": 1, "Plan Width": 8, "Actual Rows": 1, "Actual Loops": 1, "Plans": [{"Node Type": "Gather", "Parent Relationship": "Outer", "Parallel Aware": false, "Async Capable": false, "Startup Cost": 67765.24, "Total Cost": 67765.35, "Plan Rows": 1, "Plan Width": 8, "Actual Rows": 2, "Actual Loops": 1, "Workers Planned": 1, "Workers Launched": 1, "Single Copy": false, "Plans": [{"Node Type": "Aggregate", "Strategy": "Plain", "Partial Mode": "Partial", "Parent Relationship": "Outer", "Parallel Aware": false, "Async Capable": false, "Startup Cost": 66765.24, "Total Cost": 66765.25, "Plan Rows": 1, "Plan Width": 8, "Actual Rows": 1, "Actual Loops": 2, "Workers": [], "Plans": [{"Node Type": "Nested Loop", "Parent Relationship": "Outer", "Parallel Aware": false, "Async Capable": false, "Join Type": "Inner", "Startup Cost": 1.46, "Total Cost": 30919.46, "Plan Rows": 14338311, "Plan Width": 0, "Actual Rows": 3175888, "Actual Loops": 2, "Inner Unique": false, "Join Filter": "(ph.userid = u.id)", "Rows Removed by Join Filter": 0, "Workers": [], "Plans": [{"Node Type": "Nested Loop", "Parent Relationship": "Outer", "Parallel Aware": false, "Async Capable": false, "Join Type": "Inner", "Startup Cost": 1.02, "Total Cost": 19429.78, "Plan Rows": 39538, "Plan Width": 12, "Actual Rows": 60208, "Actual Loops": 2, "Inner Unique": false, "Join Filter": "(u.id = b.userid)", "Rows Removed by Join Filter": 0, "Workers": [], "Plans": [{"Node Type": "Nested Loop", "Parent Relationship": "Outer", "Parallel Aware": false, "Async Capable": false, "Join Type": "Inner", "Startup Cost": 0.72, "Total Cost": 16838.56, "Plan Rows": 20013, "Plan Width": 8, "Actual Rows": 9738, "Actual Loops": 2, "Inner Unique": true, "Workers": [], "Plans": [{"Node Type": "Index Scan", "Parent Relationship": "Outer", "Parallel Aware": true, "Async Capable": false, "Scan Direction": "Forward", "Index Name": "idx_votes_userid", "Relation Name": "votes", "Alias": "v", "Startup Cost": 0.42, "Total Cost": 10733.91, "Plan Rows": 192482, "Plan Width": 4, "Actual Rows": 163617, "Actual Loops": 2, "Filter": "(creationdate <= '2014-09-10 00:00:00'::timestamp without time zone)", "Rows Removed by Filter": 415, "Workers": []}, {"Node Type": "Memoize", "Parent Relationship": "Inner", "Parallel Aware": false, "Async Capable": false, "Startup Cost": 0.3, "Total Cost": 0.33, "Plan Rows": 1, "Plan Width": 4, "Actual Rows": 0, "Actual Loops": 327234, "Cache Key": "v.userid", "Cache Mode": "logical", "Cache Hits": 173669, "Cache Misses": 2666, "Cache Evictions": 0, "Cache Overflows": 0, "Peak Memory Usage": 264, "Workers": [{"Worker Number": 0, "Cache Hits": 148033, "Cache Misses": 2866, "Cache Evictions": 0, "Cache Overflows": 0, "Peak Memory Usage": 284}], "Plans": [{"Node Type": "Index Scan", "Parent Relationship": "Outer", "Parallel Aware": false, "Async Capable": false, "Scan Direction": "Forward", "Index Name": "users_pkey", "Relation Name": "users", "Alias": "u", "Startup Cost": 0.29, "Total Cost": 0.32, "Plan Rows": 1, "Plan Width": 4, "Actual Rows": 1, "Actual Loops": 5532, "Index Cond": "(id = v.userid)", "Rows Removed by Index Recheck": 0, "Filter": "((downvotes >= 0) AND (downvotes <= 3) AND (upvotes >= 0) AND (upvotes <= 71))", "Rows Removed by Filter": 0, "Workers": []}]}]}, {"Node Type": "Memoize", "Parent Relationship": "Inner", "Parallel Aware": false, "Async Capable": false, "Startup Cost": 0.3, "Total Cost": 0.37, "Plan Rows": 3, "Plan Width": 4, "Actual Rows": 6, "Actual Loops": 19477, "Cache Key": "v.userid", "Cache Mode": "logical", "Cache Hits": 7157, "Cache Misses": 2453, "Cache Evictions": 0, "Cache Overflows": 0, "Peak Memory Usage": 496, "Workers": [{"Worker Number": 0, "Cache Hits": 7211, "Cache Misses": 2656, "Cache Evictions": 0, "Cache Overflows": 0, "Peak Memory Usage": 538}], "Plans": [{"Node Type": "Index Scan", "Parent Relationship": "Outer", "Parallel Aware": false, "Async Capable": false, "Scan Direction": "Forward", "Index Name": "idx_badges_userid", "Relation Name": "badges", "Alias": "b", "Startup Cost": 0.29, "Total Cost": 0.36, "Plan Rows": 3, "Plan Width": 4, "Actual Rows": 4, "Actual Loops": 5109, "Index Cond": "(userid = v.userid)", "Rows Removed by Index Recheck": 0, "Filter": "(date >= '2010-07-19 21:54:06'::timestamp without time zone)", "Rows Removed by Filter": 0, "Workers": []}]}]}, {"Node Type": "Memoize", "Parent Relationship": "Inner", "Parallel Aware": false, "Async Capable": false, "Startup Cost": 0.43, "Total Cost": 0.68, "Plan Rows": 14, "Plan Width": 4, "Actual Rows": 53, "Actual Loops": 120415, "Cache Key": "v.userid", "Cache Mode": "logical", "Cache Hits": 59450, "Cache Misses": 1876, "Cache Evictions": 0, "Cache Overflows": 0, "Peak Memory Usage": 1053, "Workers": [{"Worker Number": 0, "Cache Hits": 57030, "Cache Misses": 2059, "Cache Evictions": 0, "Cache Overflows": 0, "Peak Memory Usage": 1136}], "Plans": [{"Node Type": "Index Only Scan", "Parent Relationship": "Outer", "Parallel Aware": false, "Async Capable": false, "Scan Direction": "Forward", "Index Name": "idx_posthistory_userid", "Relation Name": "posthistory", "Alias": "ph", "Startup Cost": 0.42, "Total Cost": 0.67, "Plan Rows": 14, "Plan Width": 4, "Actual Rows": 14, "Actual Loops": 3935, "Index Cond": "(userid = v.userid)", "Rows Removed by Index Recheck": 0, "Heap Fetches": 0, "Workers": []}]}]}]}]}]}, "Planning Time": 4.978, "Triggers": [], "Execution Time": 355.443}, {"Plan": {"Node Type": "Aggregate", "Strategy": "Plain", "Partial Mode": "Finalize", "Parallel Aware": false, "Async Capable": false, "Startup Cost": 61603.68, "Total Cost": 61603.69, "Plan Rows": 1, "Plan Width": 8, "Actual Rows": 1, "Actual Loops": 1, "Plans": [{"Node Type": "Gather", "Parent Relationship": "Outer", "Parallel Aware": false, "Async Capable": false, "Startup Cost": 61603.57, "Total Cost": 61603.68, "Plan Rows": 1, "Plan Width": 8, "Actual Rows": 2, "Actual Loops": 1, "Workers Planned": 1, "Workers Launched": 1, "Single Copy": false, "Plans": [{"Node Type": "Aggregate", "Strategy": "Plain", "Partial Mode": "Partial", "Parent Relationship": "Outer", "Parallel Aware": false, "Async Capable": false, "Startup Cost": 60603.57, "Total Cost": 60603.58, "Plan Rows": 1, "Plan Width": 8, "Actual Rows": 1, "Actual Loops": 2, "Workers": [], "Plans": [{"Node Type": "Nested Loop", "Parent Relationship": "Outer", "Parallel Aware": false, "Async Capable": false, "Join Type": "Inner", "Startup Cost": 1.04, "Total Cost": 24757.79, "Plan Rows": 14338311, "Plan Width": 0, "Actual Rows": 3175888, "Actual Loops": 2, "Inner Unique": false, "Join Filter": "(ph.userid = u.id)", "Rows Removed by Join Filter": 0, "Workers": [], "Plans": [{"Node Type": "Nested Loop", "Parent Relationship": "Outer", "Parallel Aware": false, "Async Capable": false, "Join Type": "Inner", "Startup Cost": 0.6, "Total Cost": 13268.1, "Plan Rows": 39538, "Plan Width": 12, "Actual Rows": 60208, "Actual Loops": 2, "Inner Unique": false, "Join Filter": "(u.id = b.userid)", "Rows Removed by Join Filter": 0, "Workers": [], "Plans": [{"Node Type": "Nested Loop", "Parent Relationship": "Outer", "Parallel Aware": false, "Async Capable": false, "Join Type": "Inner", "Startup Cost": 0.3, "Total Cost": 10676.89, "Plan Rows": 20013, "Plan Width": 8, "Actual Rows": 9738, "Actual Loops": 2, "Inner Unique": true, "Workers": [], "Plans": [{"Node Type": "Seq Scan", "Parent Relationship": "Outer", "Parallel Aware": true, "Async Capable": false, "Relation Name": "votes", "Alias": "v", "Startup Cost": 0.0, "Total Cost": 4572.24, "Plan Rows": 192482, "Plan Width": 4, "Actual Rows": 163617, "Actual Loops": 2, "Filter": "(creationdate <= '2014-09-10 00:00:00'::timestamp without time zone)", "Rows Removed by Filter": 415, "Workers": []}, {"Node Type": "Memoize", "Parent Relationship": "Inner", "Parallel Aware": false, "Async Capable": false, "Startup Cost": 0.3, "Total Cost": 0.33, "Plan Rows": 1, "Plan Width": 4, "Actual Rows": 0, "Actual Loops": 327234, "Cache Key": "v.userid", "Cache Mode": "logical", "Cache Hits": 166137, "Cache Misses": 3791, "Cache Evictions": 0, "Cache Overflows": 0, "Peak Memory Usage": 372, "Workers": [{"Worker Number": 0, "Cache Hits": 153595, "Cache Misses": 3711, "Cache Evictions": 0, "Cache Overflows": 0, "Peak Memory Usage": 364}], "Plans": [{"Node Type": "Index Scan", "Parent Relationship": "Outer", "Parallel Aware": false, "Async Capable": false, "Scan Direction": "Forward", "Index Name": "users_pkey", "Relation Name": "users", "Alias": "u", "Startup Cost": 0.29, "Total Cost": 0.32, "Plan Rows": 1, "Plan Width": 4, "Actual Rows": 1, "Actual Loops": 7502, "Index Cond": "(id = v.userid)", "Rows Removed by Index Recheck": 0, "Filter": "((downvotes >= 0) AND (downvotes <= 3) AND (upvotes >= 0) AND (upvotes <= 71))", "Rows Removed by Filter": 0, "Workers": []}]}]}, {"Node Type": "Memoize", "Parent Relationship": "Inner", "Parallel Aware": false, "Async Capable": false, "Startup Cost": 0.3, "Total Cost": 0.37, "Plan Rows": 3, "Plan Width": 4, "Actual Rows": 6, "Actual Loops": 19477, "Cache Key": "v.userid", "Cache Mode": "logical", "Cache Hits": 6643, "Cache Misses": 3401, "Cache Evictions": 0, "Cache Overflows": 0, "Peak Memory Usage": 747, "Workers": [{"Worker Number": 0, "Cache Hits": 6104, "Cache Misses": 3329, "Cache Evictions": 0, "Cache Overflows": 0, "Peak Memory Usage": 725}], "Plans": [{"Node Type": "Index Scan", "Parent Relationship": "Outer", "Parallel Aware": false, "Async Capable": false, "Scan Direction": "Forward", "Index Name": "idx_badges_userid", "Relation Name": "badges", "Alias": "b", "Startup Cost": 0.29, "Total Cost": 0.36, "Plan Rows": 3, "Plan Width": 4, "Actual Rows": 4, "Actual Loops": 6730, "Index Cond": "(userid = v.userid)", "Rows Removed by Index Recheck": 0, "Filter": "(date >= '2010-07-19 21:54:06'::timestamp without time zone)", "Rows Removed by Filter": 0, "Workers": []}]}]}, {"Node Type": "Memoize", "Parent Relationship": "Inner", "Parallel Aware": false, "Async Capable": false, "Startup Cost": 0.43, "Total Cost": 0.68, "Plan Rows": 14, "Plan Width": 4, "Actual Rows": 53, "Actual Loops": 120415, "Cache Key": "v.userid", "Cache Mode": "logical", "Cache Hits": 59254, "Cache Misses": 2702, "Cache Evictions": 0, "Cache Overflows": 0, "Peak Memory Usage": 1678, "Workers": [{"Worker Number": 0, "Cache Hits": 55838, "Cache Misses": 2621, "Cache Evictions": 0, "Cache Overflows": 0, "Peak Memory Usage": 1659}], "Plans": [{"Node Type": "Index Only Scan", "Parent Relationship": "Outer", "Parallel Aware": false, "Async Capable": false, "Scan Direction": "Forward", "Index Name": "idx_posthistory_userid", "Relation Name": "posthistory", "Alias": "ph", "Startup Cost": 0.42, "Total Cost": 0.67, "Plan Rows": 14, "Plan Width": 4, "Actual Rows": 16, "Actual Loops": 5323, "Index Cond": "(userid = v.userid)", "Rows Removed by Index Recheck": 0, "Heap Fetches": 0, "Workers": []}]}]}]}]}]}, "Planning Time": 5.119, "Triggers": [], "Execution Time": 367.286}, {"Plan": {"Node Type": "Aggregate", "Strategy": "Plain", "Partial Mode": "Finalize", "Parallel Aware": false, "Async Capable": false, "Startup Cost": 99377.87, "Total Cost": 99377.88, "Plan Rows": 1, "Plan Width": 8, "Actual Rows": 1, "Actual Loops": 1, "Plans": [{"Node Type": "Gather", "Parent Relationship": "Outer", "Parallel Aware": false, "Async Capable": false, "Startup Cost": 99377.76, "Total Cost": 99377.87, "Plan Rows": 1, "Plan Width": 8, "Actual Rows": 2, "Actual Loops": 1, "Workers Planned": 1, "Workers Launched": 1, "Single Copy": false, "Plans": [{"Node Type": "Aggregate", "Strategy": "Plain", "Partial Mode": "Partial", "Parent Relationship": "Outer", "Parallel Aware": false, "Async Capable": false, "Startup Cost": 98377.76, "Total Cost": 98377.77, "Plan Rows": 1, "Plan Width": 8, "Actual Rows": 1, "Actual Loops": 2, "Workers": [], "Plans": [{"Node Type": "Nested Loop", "Parent Relationship": "Outer", "Parallel Aware": false, "Async Capable": false, "Join Type": "Inner", "Startup Cost": 33514.36, "Total Cost": 62531.98, "Plan Rows": 14338311, "Plan Width": 0, "Actual Rows": 3175888, "Actual Loops": 2, "Inner Unique": false, "Join Filter": "(ph.userid = u.id)", "Rows Removed by Join Filter": 0, "Workers": [], "Plans": [{"Node Type": "Merge Join", "Parent Relationship": "Outer", "Parallel Aware": false, "Async Capable": false, "Join Type": "Inner", "Startup Cost": 33513.82, "Total Cost": 34857.67, "Plan Rows": 39538, "Plan Width": 12, "Actual Rows": 60208, "Actual Loops": 2, "Inner Unique": false, "Merge Cond": "(u.id = b.userid)", "Workers": [], "Plans": [{"Node Type": "Merge Join", "Parent Relationship": "Outer", "Parallel Aware": false, "Async Capable": false, "Join Type": "Inner", "Startup Cost": 25598.17, "Total Cost": 26098.31, "Plan Rows": 20013, "Plan Width": 8, "Actual Rows": 9738, "Actual Loops": 2, "Inner Unique": true, "Merge Cond": "(v.userid = u.id)", "Workers": [], "Plans": [{"Node Type": "Sort", "Parent Relationship": "Outer", "Parallel Aware": false, "Async Capable": false, "Startup Cost": 21466.73, "Total Cost": 21947.94, "Plan Rows": 192482, "Plan Width": 4, "Actual Rows": 17350, "Actual Loops": 2, "Sort Key": ["v.userid"], "Sort Method": "quicksort", "Sort Space Used": 6145, "Sort Space Type": "Memory", "Workers": [{"Worker Number": 0, "Sort Method": "quicksort", "Sort Space Used": 3073, "Sort Space Type": "Memory"}], "Plans": [{"Node Type": "Seq Scan", "Parent Relationship": "Outer", "Parallel Aware": true, "Async Capable": false, "Relation Name": "votes", "Alias": "v", "Startup Cost": 0.0, "Total Cost": 4572.24, "Plan Rows": 192482, "Plan Width": 4, "Actual Rows": 163617, "Actual Loops": 2, "Filter": "(creationdate <= '2014-09-10 00:00:00'::timestamp without time zone)", "Rows Removed by Filter": 415, "Workers": []}]}, {"Node Type": "Sort", "Parent Relationship": "Inner", "Parallel Aware": false, "Async Capable": false, "Startup Cost": 4131.44, "Total Cost": 4230.56, "Plan Rows": 39646, "Plan Width": 4, "Actual Rows": 39602, "Actual Loops": 2, "Sort Key": ["u.id"], "Sort Method": "quicksort", "Sort Space Used": 1537, "Sort Space Type": "Memory", "Workers": [{"Worker Number": 0, "Sort Method": "quicksort", "Sort Space Used": 1537, "Sort Space Type": "Memory"}], "Plans": [{"Node Type": "Seq Scan", "Parent Relationship": "Outer", "Parallel Aware": false, "Async Capable": false, "Relation Name": "users", "Alias": "u", "Startup Cost": 0.0, "Total Cost": 1103.5, "Plan Rows": 39646, "Plan Width": 4, "Actual Rows": 39835, "Actual Loops": 2, "Filter": "((downvotes >= 0) AND (downvotes <= 3) AND (upvotes >= 0) AND (upvotes <= 71))", "Rows Removed by Filter": 490, "Workers": []}]}]}, {"Node Type": "Sort", "Parent Relationship": "Inner", "Parallel Aware": false, "Async Capable": false, "Startup Cost": 7915.62, "Total Cost": 8114.78, "Plan Rows": 79666, "Plan Width": 4, "Actual Rows": 126096, "Actual Loops": 2, "Sort Key": ["b.userid"], "Sort Method": "quicksort", "Sort Space Used": 3073, "Sort Space Type": "Memory", "Workers": [{"Worker Number": 0, "Sort Method": "quicksort", "Sort Space Used": 3073, "Sort Space Type": "Memory"}], "Plans": [{"Node Type": "Seq Scan", "Parent Relationship": "Outer", "Parallel Aware": false, "Async Capable": false, "Relation Name": "badges", "Alias": "b", "Startup Cost": 0.0, "Total Cost": 1430.14, "Plan Rows": 79666, "Plan Width": 4, "Actual Rows": 79654, "Actual Loops": 2, "Filter": "(date >= '2010-07-19 21:54:06'::timestamp without time zone)", "Rows Removed by Filter": 197, "Workers": []}]}]}, {"Node Type": "Memoize", "Parent Relationship": "Inner", "Parallel Aware": false, "Async Capable": false, "Startup Cost": 0.54, "Total Cost": 4.72, "Plan Rows": 14, "Plan Width": 4, "Actual Rows": 53, "Actual Loops": 120415, "Cache Key": "v.userid", "Cache Mode": "logical", "Cache Hits": 85763, "Cache Misses": 3252, "Cache Evictions": 0, "Cache Overflows": 0, "Peak Memory Usage": 1910, "Workers": [{"Worker Number": 0, "Cache Hits": 29587, "Cache Misses": 1813, "Cache Evictions": 0, "Cache Overflows": 0, "Peak Memory Usage": 1281}], "Plans": [{"Node Type": "Bitmap Heap Scan", "Parent Relationship": "Outer", "Parallel Aware": false, "Async Capable": false, "Relation Name": "posthistory", "Alias": "ph", "Startup Cost": 0.53, "Total Cost": 4.71, "Plan Rows": 14, "Plan Width": 4, "Actual Rows": 16, "Actual Loops": 5065, "Recheck Cond": "(userid = v.userid)", "Rows Removed by Index Recheck": 0, "Exact Heap Blocks": 17896, "Lossy Heap Blocks": 0, "Workers": [], "Plans": [{"Node Type": "Bitmap Index Scan", "Parent Relationship": "Outer", "Parallel Aware": false, "Async Capable": false, "Index Name": "idx_posthistory_userid", "Startup Cost": 0.0, "Total Cost": 0.53, "Plan Rows": 14, "Plan Width": 0, "Actual Rows": 16, "Actual Loops": 5065, "Index Cond": "(userid = v.userid)", "Workers": []}]}]}]}]}]}]}, "Planning Time": 2.897, "Triggers": [], "Execution Time": 468.548}, {"Plan": {"Node Type": "Aggregate", "Strategy": "Plain", "Partial Mode": "Finalize", "Parallel Aware": false, "Async Capable": false, "Startup Cost": 108855.27, "Total Cost": 108855.28, "Plan Rows": 1, "Plan Width": 8, "Actual Rows": 1, "Actual Loops": 1, "Plans": [{"Node Type": "Gather", "Parent Relationship": "Outer", "Parallel Aware": false, "Async Capable": false, "Startup Cost": 108855.16, "Total Cost": 108855.27, "Plan Rows": 1, "Plan Width": 8, "Actual Rows": 2, "Actual Loops": 1, "Workers Planned": 1, "Workers Launched": 1, "Single Copy": false, "Plans": [{"Node Type": "Aggregate", "Strategy": "Plain", "Partial Mode": "Partial", "Parent Relationship": "Outer", "Parallel Aware": false, "Async Capable": false, "Startup Cost": 107855.16, "Total Cost": 107855.17, "Plan Rows": 1, "Plan Width": 8, "Actual Rows": 1, "Actual Loops": 2, "Workers": [], "Plans": [{"Node Type": "Merge Join", "Parent Relationship": "Outer", "Parallel Aware": false, "Async Capable": false, "Join Type": "Inner", "Startup Cost": 66390.63, "Total Cost": 72009.38, "Plan Rows": 14338311, "Plan Width": 0, "Actual Rows": 3175888, "Actual Loops": 2, "Inner Unique": false, "Merge Cond": "(u.id = ph.userid)", "Workers": [], "Plans": [{"Node Type": "Merge Join", "Parent Relationship": "Outer", "Parallel Aware": false, "Async Capable": false, "Join Type": "Inner", "Startup Cost": 33513.82, "Total Cost": 34857.67, "Plan Rows": 39538, "Plan Width": 12, "Actual Rows": 60208, "Actual Loops": 2, "Inner Unique": false, "Merge Cond": "(u.id = b.userid)", "Workers": [], "Plans": [{"Node Type": "Merge Join", "Parent Relationship": "Outer", "Parallel Aware": false, "Async Capable": false, "Join Type": "Inner", "Startup Cost": 25598.17, "Total Cost": 26098.31, "Plan Rows": 20013, "Plan Width": 8, "Actual Rows": 9738, "Actual Loops": 2, "Inner Unique": true, "Merge Cond": "(v.userid = u.id)", "Workers": [], "Plans": [{"Node Type": "Sort", "Parent Relationship": "Outer", "Parallel Aware": false, "Async Capable": false, "Startup Cost": 21466.73, "Total Cost": 21947.94, "Plan Rows": 192482, "Plan Width": 4, "Actual Rows": 17350, "Actual Loops": 2, "Sort Key": ["v.userid"], "Sort Method": "quicksort", "Sort Space Used": 6145, "Sort Space Type": "Memory", "Workers": [{"Worker Number": 0, "Sort Method": "quicksort", "Sort Space Used": 3073, "Sort Space Type": "Memory"}], "Plans": [{"Node Type": "Seq Scan", "Parent Relationship": "Outer", "Parallel Aware": true, "Async Capable": false, "Relation Name": "votes", "Alias": "v", "Startup Cost": 0.0, "Total Cost": 4572.24, "Plan Rows": 192482, "Plan Width": 4, "Actual Rows": 163617, "Actual Loops": 2, "Filter": "(creationdate <= '2014-09-10 00:00:00'::timestamp without time zone)", "Rows Removed by Filter": 415, "Workers": []}]}, {"Node Type": "Sort", "Parent Relationship": "Inner", "Parallel Aware": false, "Async Capable": false, "Startup Cost": 4131.44, "Total Cost": 4230.56, "Plan Rows": 39646, "Plan Width": 4, "Actual Rows": 39602, "Actual Loops": 2, "Sort Key": ["u.id"], "Sort Method": "quicksort", "Sort Space Used": 1537, "Sort Space Type": "Memory", "Workers": [{"Worker Number": 0, "Sort Method": "quicksort", "Sort Space Used": 1537, "Sort Space Type": "Memory"}], "Plans": [{"Node Type": "Seq Scan", "Parent Relationship": "Outer", "Parallel Aware": false, "Async Capable": false, "Relation Name": "users", "Alias": "u", "Startup Cost": 0.0, "Total Cost": 1103.5, "Plan Rows": 39646, "Plan Width": 4, "Actual Rows": 39835, "Actual Loops": 2, "Filter": "((downvotes >= 0) AND (downvotes <= 3) AND (upvotes >= 0) AND (upvotes <= 71))", "Rows Removed by Filter": 490, "Workers": []}]}]}, {"Node Type": "Sort", "Parent Relationship": "Inner", "Parallel Aware": false, "Async Capable": false, "Startup Cost": 7915.62, "Total Cost": 8114.78, "Plan Rows": 79666, "Plan Width": 4, "Actual Rows": 126134, "Actual Loops": 2, "Sort Key": ["b.userid"], "Sort Method": "quicksort", "Sort Space Used": 3073, "Sort Space Type": "Memory", "Workers": [{"Worker Number": 0, "Sort Method": "quicksort", "Sort Space Used": 3073, "Sort Space Type": "Memory"}], "Plans": [{"Node Type": "Seq Scan", "Parent Relationship": "Outer", "Parallel Aware": false, "Async Capable": false, "Relation Name": "badges", "Alias": "b", "Startup Cost": 0.0, "Total Cost": 1430.14, "Plan Rows": 79666, "Plan Width": 4, "Actual Rows": 79654, "Actual Loops": 2, "Filter": "(date >= '2010-07-19 21:54:06'::timestamp without time zone)", "Rows Removed by Filter": 197, "Workers": []}]}]}, {"Node Type": "Sort", "Parent Relationship": "Inner", "Parallel Aware": false, "Async Capable": false, "Startup Cost": 32876.82, "Total Cost": 33634.78, "Plan Rows": 303187, "Plan Width": 4, "Actual Rows": 3417080, "Actual Loops": 2, "Sort Key": ["ph.userid"], "Sort Method": "quicksort", "Sort Space Used": 12289, "Sort Space Type": "Memory", "Workers": [{"Worker Number": 0, "Sort Method": "quicksort", "Sort Space Used": 12289, "Sort Space Type": "Memory"}], "Plans": [{"Node Type": "Seq Scan", "Parent Relationship": "Outer", "Parallel Aware": false, "Async Capable": false, "Relation Name": "posthistory", "Alias": "ph", "Startup Cost": 0.0, "Total Cost": 5271.87, "Plan Rows": 303187, "Plan Width": 4, "Actual Rows": 303187, "Actual Loops": 2, "Workers": []}]}]}]}]}]}, "Planning Time": 3.048, "Triggers": [], "Execution Time": 450.88}, {"Plan": {"Node Type": "Aggregate", "Strategy": "Plain", "Partial Mode": "Finalize", "Parallel Aware": false, "Async Capable": false, "Startup Cost": 109859.71, "Total Cost": 109859.72, "Plan Rows": 1, "Plan Width": 8, "Actual Rows": 1, "Actual Loops": 1, "Plans": [{"Node Type": "Gather", "Parent Relationship": "Outer", "Parallel Aware": false, "Async Capable": false, "Startup Cost": 109859.59, "Total Cost": 109859.7, "Plan Rows": 1, "Plan Width": 8, "Actual Rows": 2, "Actual Loops": 1, "Workers Planned": 1, "Workers Launched": 1, "Single Copy": false, "Plans": [{"Node Type": "Aggregate", "Strategy": "Plain", "Partial Mode": "Partial", "Parent Relationship": "Outer", "Parallel Aware": false, "Async Capable": false, "Startup Cost": 108859.59, "Total Cost": 108859.6, "Plan Rows": 1, "Plan Width": 8, "Actual Rows": 1, "Actual Loops": 2, "Workers": [], "Plans": [{"Node Type": "Nested Loop", "Parent Relationship": "Outer", "Parallel Aware": false, "Async Capable": false, "Join Type": "Inner", "Startup Cost": 1.18, "Total Cost": 73013.82, "Plan Rows": 14338311, "Plan Width": 0, "Actual Rows": 3175888, "Actual Loops": 2, "Inner Unique": false, "Join Filter": "(ph.userid = u.id)", "Rows Removed by Join Filter": 0, "Workers": [], "Plans": [{"Node Type": "Nested Loop", "Parent Relationship": "Outer", "Parallel Aware": false, "Async Capable": false, "Join Type": "Inner", "Startup Cost": 0.64, "Total Cost": 45339.51, "Plan Rows": 39538, "Plan Width": 12, "Actual Rows": 60208, "Actual Loops": 2, "Inner Unique": false, "Join Filter": "(u.id = b.userid)", "Rows Removed by Join Filter": 0, "Workers": [], "Plans": [{"Node Type": "Nested Loop", "Parent Relationship": "Outer", "Parallel Aware": false, "Async Capable": false, "Join Type": "Inner", "Startup Cost": 0.31, "Total Cost": 26705.19, "Plan Rows": 20013, "Plan Width": 8, "Actual Rows": 9738, "Actual Loops": 2, "Inner Unique": true, "Workers": [], "Plans": [{"Node Type": "Seq Scan", "Parent Relationship": "Outer", "Parallel Aware": true, "Async Capable": false, "Relation Name": "votes", "Alias": "v", "Startup Cost": 0.0, "Total Cost": 4572.24, "Plan Rows": 192482, "Plan Width": 4, "Actual Rows": 163617, "Actual Loops": 2, "Filter": "(creationdate <= '2014-09-10 00:00:00'::timestamp without time zone)", "Rows Removed by Filter": 415, "Workers": []}, {"Node Type": "Memoize", "Parent Relationship": "Inner", "Parallel Aware": false, "Async Capable": false, "Startup Cost": 0.31, "Total Cost": 4.33, "Plan Rows": 1, "Plan Width": 4, "Actual Rows": 0, "Actual Loops": 327234, "Cache Key": "v.userid", "Cache Mode": "logical", "Cache Hits": 167919, "Cache Misses": 3756, "Cache Evictions": 0, "Cache Overflows": 0, "Peak Memory Usage": 369, "Workers": [{"Worker Number": 0, "Cache Hits": 151821, "Cache Misses": 3738, "Cache Evictions": 0, "Cache Overflows": 0, "Peak Memory Usage": 366}], "Plans": [{"Node Type": "Bitmap Heap Scan", "Parent Relationship": "Outer", "Parallel Aware": false, "Async Capable": false, "Relation Name": "users", "Alias": "u", "Startup Cost": 0.3, "Total Cost": 4.32, "Plan Rows": 1, "Plan Width": 4, "Actual Rows": 1, "Actual Loops": 7494, "Recheck Cond": "(v.userid = id)", "Rows Removed by Index Recheck": 0, "Filter": "((downvotes >= 0) AND (downvotes <= 3) AND (upvotes >= 0) AND (upvotes <= 71))", "Rows Removed by Filter": 0, "Exact Heap Blocks": 3755, "Lossy Heap Blocks": 0, "Workers": [], "Plans": [{"Node Type": "Bitmap Index Scan", "Parent Relationship": "Outer", "Parallel Aware": false, "Async Capable": false, "Index Name": "users_pkey", "Startup Cost": 0.0, "Total Cost": 0.3, "Plan Rows": 1, "Plan Width": 0, "Actual Rows": 1, "Actual Loops": 7494, "Index Cond": "(id = v.userid)", "Workers": []}]}]}]}, {"Node Type": "Memoize", "Parent Relationship": "Inner", "Parallel Aware": false, "Async Capable": false, "Startup Cost": 0.33, "Total Cost": 4.37, "Plan Rows": 3, "Plan Width": 4, "Actual Rows": 6, "Actual Loops": 19477, "Cache Key": "v.userid", "Cache Mode": "logical", "Cache Hits": 6607, "Cache Misses": 3376, "Cache Evictions": 0, "Cache Overflows": 0, "Peak Memory Usage": 747, "Workers": [{"Worker Number": 0, "Cache Hits": 6151, "Cache Misses": 3343, "Cache Evictions": 0, "Cache Overflows": 0, "Peak Memory Usage": 725}], "Plans": [{"Node Type": "Bitmap Heap Scan", "Parent Relationship": "Outer", "Parallel Aware": false, "Async Capable": false, "Relation Name": "badges", "Alias": "b", "Startup Cost": 0.32, "Total Cost": 4.36, "Plan Rows": 3, "Plan Width": 4, "Actual Rows": 4, "Actual Loops": 6719, "Recheck Cond": "(v.userid = userid)", "Rows Removed by Index Recheck": 0, "Filter": "(date >= '2010-07-19 21:54:06'::timestamp without time zone)", "Rows Removed by Filter": 0, "Exact Heap Blocks": 11413, "Lossy Heap Blocks": 0, "Workers": [], "Plans": [{"Node Type": "Bitmap Index Scan", "Parent Relationship": "Outer", "Parallel Aware": false, "Async Capable": false, "Index Name": "idx_badges_userid", "Startup Cost": 0.0, "Total Cost": 0.32, "Plan Rows": 3, "Plan Width": 0, "Actual Rows": 4, "Actual Loops": 6719, "Index Cond": "(userid = v.userid)", "Workers": []}]}]}]}, {"Node Type": "Memoize", "Parent Relationship": "Inner", "Parallel Aware": false, "Async Capable": false, "Startup Cost": 0.54, "Total Cost": 4.72, "Plan Rows": 14, "Plan Width": 4, "Actual Rows": 53, "Actual Loops": 120415, "Cache Key": "v.userid", "Cache Mode": "logical", "Cache Hits": 59492, "Cache Misses": 2674, "Cache Evictions": 0, "Cache Overflows": 0, "Peak Memory Usage": 1685, "Workers": [{"Worker Number": 0, "Cache Hits": 55611, "Cache Misses": 2638, "Cache Evictions": 0, "Cache Overflows": 0, "Peak Memory Usage": 1661}], "Plans": [{"Node Type": "Bitmap Heap Scan", "Parent Relationship": "Outer", "Parallel Aware": false, "Async Capable": false, "Relation Name": "posthistory", "Alias": "ph", "Startup Cost": 0.53, "Total Cost": 4.71, "Plan Rows": 14, "Plan Width": 4, "Actual Rows": 16, "Actual Loops": 5312, "Recheck Cond": "(userid = v.userid)", "Rows Removed by Index Recheck": 0, "Exact Heap Blocks": 15886, "Lossy Heap Blocks": 0, "Workers": [], "Plans": [{"Node Type": "Bitmap Index Scan", "Parent Relationship": "Outer", "Parallel Aware": false, "Async Capable": false, "Index Name": "idx_posthistory_userid", "Startup Cost": 0.0, "Total Cost": 0.53, "Plan Rows": 14, "Plan Width": 0, "Actual Rows": 16, "Actual Loops": 5312, "Index Cond": "(userid = v.userid)", "Workers": []}]}]}]}]}]}]}, "Planning Time": 5.292, "Triggers": [], "Execution Time": 463.408}, {"Plan": {"Node Type": "Aggregate", "Strategy": "Plain", "Partial Mode": "Finalize", "Parallel Aware": false, "Async Capable": false, "Startup Cost": 58621.21, "Total Cost": 58621.22, "Plan Rows": 1, "Plan Width": 8, "Actual Rows": 1, "Actual Loops": 1, "Plans": [{"Node Type": "Gather", "Parent Relationship": "Outer", "Parallel Aware": false, "Async Capable": false, "Startup Cost": 58621.09, "Total Cost": 58621.2, "Plan Rows": 1, "Plan Width": 8, "Actual Rows": 2, "Actual Loops": 1, "Workers Planned": 1, "Workers Launched": 1, "Single Copy": false, "Plans": [{"Node Type": "Aggregate", "Strategy": "Plain", "Partial Mode": "Partial", "Parent Relationship": "Outer", "Parallel Aware": false, "Async Capable": false, "Startup Cost": 57621.09, "Total Cost": 57621.1, "Plan Rows": 1, "Plan Width": 8, "Actual Rows": 1, "Actual Loops": 2, "Workers": [], "Plans": [{"Node Type": "Merge Join", "Parent Relationship": "Outer", "Parallel Aware": false, "Async Capable": false, "Join Type": "Inner", "Startup Cost": 1.59, "Total Cost": 21775.32, "Plan Rows": 14338311, "Plan Width": 0, "Actual Rows": 3175888, "Actual Loops": 2, "Inner Unique": false, "Merge Cond": "(u.id = ph.userid)", "Workers": [], "Plans": [{"Node Type": "Merge Join", "Parent Relationship": "Outer", "Parallel Aware": false, "Async Capable": false, "Join Type": "Inner", "Startup Cost": 1.17, "Total Cost": 6955.64, "Plan Rows": 39538, "Plan Width": 12, "Actual Rows": 60208, "Actual Loops": 2, "Inner Unique": false, "Merge Cond": "(u.id = b.userid)", "Workers": [], "Plans": [{"Node Type": "Merge Join", "Parent Relationship": "Outer", "Parallel Aware": false, "Async Capable": false, "Join Type": "Inner", "Startup Cost": 0.71, "Total Cost": 3246.1, "Plan Rows": 20013, "Plan Width": 8, "Actual Rows": 9738, "Actual Loops": 2, "Inner Unique": true, "Merge Cond": "(v.userid = u.id)", "Workers": [], "Plans": [{"Node Type": "Index Scan", "Parent Relationship": "Outer", "Parallel Aware": true, "Async Capable": false, "Scan Direction": "Forward", "Index Name": "idx_votes_userid", "Relation Name": "votes", "Alias": "v", "Startup Cost": 0.42, "Total Cost": 10733.91, "Plan Rows": 192482, "Plan Width": 4, "Actual Rows": 17350, "Actual Loops": 2, "Filter": "(creationdate <= '2014-09-10 00:00:00'::timestamp without time zone)", "Rows Removed by Filter": 46, "Workers": []}, {"Node Type": "Index Scan", "Parent Relationship": "Inner", "Parallel Aware": false, "Async Capable": false, "Scan Direction": "Forward", "Index Name": "users_pkey", "Relation Name": "users", "Alias": "u", "Startup Cost": 0.29, "Total Cost": 1760.41, "Plan Rows": 39646, "Plan Width": 4, "Actual Rows": 38388, "Actual Loops": 2, "Filter": "((downvotes >= 0) AND (downvotes <= 3) AND (upvotes >= 0) AND (upvotes <= 71))", "Rows Removed by Filter": 489, "Workers": []}]}, {"Node Type": "Index Scan", "Parent Relationship": "Inner", "Parallel Aware": false, "Async Capable": false, "Scan Direction": "Forward", "Index Name": "idx_badges_userid", "Relation Name": "badges", "Alias": "b", "Startup Cost": 0.29, "Total Cost": 3064.97, "Plan Rows": 79666, "Plan Width": 4, "Actual Rows": 129006, "Actual Loops": 2, "Filter": "(date >= '2010-07-19 21:54:06'::timestamp without time zone)", "Rows Removed by Filter": 336, "Workers": []}]}, {"Node Type": "Index Scan", "Parent Relationship": "Inner", "Parallel Aware": false, "Async Capable": false, "Scan Direction": "Forward", "Index Name": "idx_posthistory_userid", "Relation Name": "posthistory", "Alias": "ph", "Startup Cost": 0.42, "Total Cost": 12092.03, "Plan Rows": 303187, "Plan Width": 4, "Actual Rows": 3427729, "Actual Loops": 2, "Workers": []}]}]}]}]}, "Planning Time": 6.624, "Triggers": [], "Execution Time": 1083.941}, {"Plan": {"Node Type": "Aggregate", "Strategy": "Plain", "Partial Mode": "Finalize", "Parallel Aware": false, "Async Capable": false, "Startup Cost": 67873.82, "Total Cost": 67873.83, "Plan Rows": 1, "Plan Width": 8, "Actual Rows": 1, "Actual Loops": 1, "Plans": [{"Node Type": "Gather", "Parent Relationship": "Outer", "Parallel Aware": false, "Async Capable": false, "Startup Cost": 67873.71, "Total Cost": 67873.82, "Plan Rows": 1, "Plan Width": 8, "Actual Rows": 2, "Actual Loops": 1, "Workers Planned": 1, "Workers Launched": 1, "Single Copy": false, "Plans": [{"Node Type": "Aggregate", "Strategy": "Plain", "Partial Mode": "Partial", "Parent Relationship": "Outer", "Parallel Aware": false, "Async Capable": false, "Startup Cost": 66873.71, "Total Cost": 66873.72, "Plan Rows": 1, "Plan Width": 8, "Actual Rows": 1, "Actual Loops": 2, "Workers": [], "Plans": [{"Node Type": "Nested Loop", "Parent Relationship": "Outer", "Parallel Aware": false, "Async Capable": false, "Join Type": "Inner", "Startup Cost": 1.46, "Total Cost": 31027.93, "Plan Rows": 14338311, "Plan Width": 0, "Actual Rows": 3175888, "Actual Loops": 2, "Inner Unique": false, "Join Filter": "(ph.userid = u.id)", "Rows Removed by Join Filter": 0, "Workers": [], "Plans": [{"Node Type": "Nested Loop", "Parent Relationship": "Outer", "Parallel Aware": false, "Async Capable": false, "Join Type": "Inner", "Startup Cost": 1.02, "Total Cost": 19429.78, "Plan Rows": 39538, "Plan Width": 12, "Actual Rows": 60208, "Actual Loops": 2, "Inner Unique": false, "Join Filter": "(u.id = b.userid)", "Rows Removed by Join Filter": 0, "Workers": [], "Plans": [{"Node Type": "Nested Loop", "Parent Relationship": "Outer", "Parallel Aware": false, "Async Capable": false, "Join Type": "Inner", "Startup Cost": 0.72, "Total Cost": 16838.56, "Plan Rows": 20013, "Plan Width": 8, "Actual Rows": 9738, "Actual Loops": 2, "Inner Unique": true, "Workers": [], "Plans": [{"Node Type": "Index Scan", "Parent Relationship": "Outer", "Parallel Aware": true, "Async Capable": false, "Scan Direction": "Forward", "Index Name": "idx_votes_userid", "Relation Name": "votes", "Alias": "v", "Startup Cost": 0.42, "Total Cost": 10733.91, "Plan Rows": 192482, "Plan Width": 4, "Actual Rows": 163617, "Actual Loops": 2, "Filter": "(creationdate <= '2014-09-10 00:00:00'::timestamp without time zone)", "Rows Removed by Filter": 415, "Workers": []}, {"Node Type": "Memoize", "Parent Relationship": "Inner", "Parallel Aware": false, "Async Capable": false, "Startup Cost": 0.3, "Total Cost": 0.33, "Plan Rows": 1, "Plan Width": 4, "Actual Rows": 0, "Actual Loops": 327234, "Cache Key": "v.userid", "Cache Mode": "logical", "Cache Hits": 171354, "Cache Misses": 2706, "Cache Evictions": 0, "Cache Overflows": 0, "Peak Memory Usage": 268, "Workers": [{"Worker Number": 0, "Cache Hits": 150349, "Cache Misses": 2825, "Cache Evictions": 0, "Cache Overflows": 0, "Peak Memory Usage": 280}], "Plans": [{"Node Type": "Index Scan", "Parent Relationship": "Outer", "Parallel Aware": false, "Async Capable": false, "Scan Direction": "Forward", "Index Name": "users_pkey", "Relation Name": "users", "Alias": "u", "Startup Cost": 0.29, "Total Cost": 0.32, "Plan Rows": 1, "Plan Width": 4, "Actual Rows": 1, "Actual Loops": 5531, "Index Cond": "(id = v.userid)", "Rows Removed by Index Recheck": 0, "Filter": "((downvotes >= 0) AND (downvotes <= 3) AND (upvotes >= 0) AND (upvotes <= 71))", "Rows Removed by Filter": 0, "Workers": []}]}]}, {"Node Type": "Memoize", "Parent Relationship": "Inner", "Parallel Aware": false, "Async Capable": false, "Startup Cost": 0.3, "Total Cost": 0.37, "Plan Rows": 3, "Plan Width": 4, "Actual Rows": 6, "Actual Loops": 19477, "Cache Key": "v.userid", "Cache Mode": "logical", "Cache Hits": 7436, "Cache Misses": 2484, "Cache Evictions": 0, "Cache Overflows": 0, "Peak Memory Usage": 512, "Workers": [{"Worker Number": 0, "Cache Hits": 6933, "Cache Misses": 2624, "Cache Evictions": 0, "Cache Overflows": 0, "Peak Memory Usage": 522}], "Plans": [{"Node Type": "Index Scan", "Parent Relationship": "Outer", "Parallel Aware": false, "Async Capable": false, "Scan Direction": "Forward", "Index Name": "idx_badges_userid", "Relation Name": "badges", "Alias": "b", "Startup Cost": 0.29, "Total Cost": 0.36, "Plan Rows": 3, "Plan Width": 4, "Actual Rows": 4, "Actual Loops": 5108, "Index Cond": "(userid = v.userid)", "Rows Removed by Index Recheck": 0, "Filter": "(date >= '2010-07-19 21:54:06'::timestamp without time zone)", "Rows Removed by Filter": 0, "Workers": []}]}]}, {"Node Type": "Memoize", "Parent Relationship": "Inner", "Parallel Aware": false, "Async Capable": false, "Startup Cost": 0.43, "Total Cost": 0.71, "Plan Rows": 14, "Plan Width": 4, "Actual Rows": 53, "Actual Loops": 120415, "Cache Key": "v.userid", "Cache Mode": "logical", "Cache Hits": 60010, "Cache Misses": 1949, "Cache Evictions": 0, "Cache Overflows": 0, "Peak Memory Usage": 1105, "Workers": [{"Worker Number": 0, "Cache Hits": 56471, "Cache Misses": 1985, "Cache Evictions": 0, "Cache Overflows": 0, "Peak Memory Usage": 1083}], "Plans": [{"Node Type": "Index Scan", "Parent Relationship": "Outer", "Parallel Aware": false, "Async Capable": false, "Scan Direction": "Forward", "Index Name": "idx_posthistory_userid", "Relation Name": "posthistory", "Alias": "ph", "Startup Cost": 0.42, "Total Cost": 0.7, "Plan Rows": 14, "Plan Width": 4, "Actual Rows": 14, "Actual Loops": 3934, "Index Cond": "(userid = v.userid)", "Rows Removed by Index Recheck": 0, "Workers": []}]}]}]}]}]}, "Planning Time": 5.108, "Triggers": [], "Execution Time": 425.427}, {"Plan": {"Node Type": "Aggregate", "Strategy": "Plain", "Partial Mode": "Finalize", "Parallel Aware": false, "Async Capable": false, "Startup Cost": 61712.15, "Total Cost": 61712.16, "Plan Rows": 1, "Plan Width": 8, "Actual Rows": 1, "Actual Loops": 1, "Plans": [{"Node Type": "Gather", "Parent Relationship": "Outer", "Parallel Aware": false, "Async Capable": false, "Startup Cost": 61712.04, "Total Cost": 61712.15, "Plan Rows": 1, "Plan Width": 8, "Actual Rows": 2, "Actual Loops": 1, "Workers Planned": 1, "Workers Launched": 1, "Single Copy": false, "Plans": [{"Node Type": "Aggregate", "Strategy": "Plain", "Partial Mode": "Partial", "Parent Relationship": "Outer", "Parallel Aware": false, "Async Capable": false, "Startup Cost": 60712.04, "Total Cost": 60712.05, "Plan Rows": 1, "Plan Width": 8, "Actual Rows": 1, "Actual Loops": 2, "Workers": [], "Plans": [{"Node Type": "Nested Loop", "Parent Relationship": "Outer", "Parallel Aware": false, "Async Capable": false, "Join Type": "Inner", "Startup Cost": 1.04, "Total Cost": 24866.26, "Plan Rows": 14338311, "Plan Width": 0, "Actual Rows": 3175888, "Actual Loops": 2, "Inner Unique": false, "Join Filter": "(ph.userid = u.id)", "Rows Removed by Join Filter": 0, "Workers": [], "Plans": [{"Node Type": "Nested Loop", "Parent Relationship": "Outer", "Parallel Aware": false, "Async Capable": false, "Join Type": "Inner", "Startup Cost": 0.6, "Total Cost": 13268.1, "Plan Rows": 39538, "Plan Width": 12, "Actual Rows": 60208, "Actual Loops": 2, "Inner Unique": false, "Join Filter": "(u.id = b.userid)", "Rows Removed by Join Filter": 0, "Workers": [], "Plans": [{"Node Type": "Nested Loop", "Parent Relationship": "Outer", "Parallel Aware": false, "Async Capable": false, "Join Type": "Inner", "Startup Cost": 0.3, "Total Cost": 10676.89, "Plan Rows": 20013, "Plan Width": 8, "Actual Rows": 9738, "Actual Loops": 2, "Inner Unique": true, "Workers": [], "Plans": [{"Node Type": "Seq Scan", "Parent Relationship": "Outer", "Parallel Aware": true, "Async Capable": false, "Relation Name": "votes", "Alias": "v", "Startup Cost": 0.0, "Total Cost": 4572.24, "Plan Rows": 192482, "Plan Width": 4, "Actual Rows": 163617, "Actual Loops": 2, "Filter": "(creationdate <= '2014-09-10 00:00:00'::timestamp without time zone)", "Rows Removed by Filter": 415, "Workers": []}, {"Node Type": "Memoize", "Parent Relationship": "Inner", "Parallel Aware": false, "Async Capable": false, "Startup Cost": 0.3, "Total Cost": 0.33, "Plan Rows": 1, "Plan Width": 4, "Actual Rows": 0, "Actual Loops": 327234, "Cache Key": "v.userid", "Cache Mode": "logical", "Cache Hits": 167607, "Cache Misses": 3758, "Cache Evictions": 0, "Cache Overflows": 0, "Peak Memory Usage": 368, "Workers": [{"Worker Number": 0, "Cache Hits": 152123, "Cache Misses": 3746, "Cache Evictions": 0, "Cache Overflows": 0, "Peak Memory Usage": 368}], "Plans": [{"Node Type": "Index Scan", "Parent Relationship": "Outer", "Parallel Aware": false, "Async Capable": false, "Scan Direction": "Forward", "Index Name": "users_pkey", "Relation Name": "users", "Alias": "u", "Startup Cost": 0.29, "Total Cost": 0.32, "Plan Rows": 1, "Plan Width": 4, "Actual Rows": 1, "Actual Loops": 7504, "Index Cond": "(id = v.userid)", "Rows Removed by Index Recheck": 0, "Filter": "((downvotes >= 0) AND (downvotes <= 3) AND (upvotes >= 0) AND (upvotes <= 71))", "Rows Removed by Filter": 0, "Workers": []}]}]}, {"Node Type": "Memoize", "Parent Relationship": "Inner", "Parallel Aware": false, "Async Capable": false, "Startup Cost": 0.3, "Total Cost": 0.37, "Plan Rows": 3, "Plan Width": 4, "Actual Rows": 6, "Actual Loops": 19477, "Cache Key": "v.userid", "Cache Mode": "logical", "Cache Hits": 6540, "Cache Misses": 3369, "Cache Evictions": 0, "Cache Overflows": 0, "Peak Memory Usage": 741, "Workers": [{"Worker Number": 0, "Cache Hits": 6202, "Cache Misses": 3366, "Cache Evictions": 0, "Cache Overflows": 0, "Peak Memory Usage": 738}], "Plans": [{"Node Type": "Index Scan", "Parent Relationship": "Outer", "Parallel Aware": false, "Async Capable": false, "Scan Direction": "Forward", "Index Name": "idx_badges_userid", "Relation Name": "badges", "Alias": "b", "Startup Cost": 0.29, "Total Cost": 0.36, "Plan Rows": 3, "Plan Width": 4, "Actual Rows": 4, "Actual Loops": 6735, "Index Cond": "(userid = v.userid)", "Rows Removed by Index Recheck": 0, "Filter": "(date >= '2010-07-19 21:54:06'::timestamp without time zone)", "Rows Removed by Filter": 0, "Workers": []}]}]}, {"Node Type": "Memoize", "Parent Relationship": "Inner", "Parallel Aware": false, "Async Capable": false, "Startup Cost": 0.43, "Total Cost": 0.71, "Plan Rows": 14, "Plan Width": 4, "Actual Rows": 53, "Actual Loops": 120415, "Cache Key": "v.userid", "Cache Mode": "logical", "Cache Hits": 60011, "Cache Misses": 2667, "Cache Evictions": 0, "Cache Overflows": 0, "Peak Memory Usage": 1672, "Workers": [{"Worker Number": 0, "Cache Hits": 55081, "Cache Misses": 2656, "Cache Evictions": 0, "Cache Overflows": 0, "Peak Memory Usage": 1691}], "Plans": [{"Node Type": "Index Scan", "Parent Relationship": "Outer", "Parallel Aware": false, "Async Capable": false, "Scan Direction": "Forward", "Index Name": "idx_posthistory_userid", "Relation Name": "posthistory", "Alias": "ph", "Startup Cost": 0.42, "Total Cost": 0.7, "Plan Rows": 14, "Plan Width": 4, "Actual Rows": 16, "Actual Loops": 5323, "Index Cond": "(userid = v.userid)", "Rows Removed by Index Recheck": 0, "Workers": []}]}]}]}]}]}, "Planning Time": 5.284, "Triggers": [], "Execution Time": 448.179}]