[{"Plan": {"Node Type": "Aggregate", "Strategy": "Plain", "Partial Mode": "Finalize", "Parallel Aware": false, "Async Capable": false, "Startup Cost": 1050793.57, "Total Cost": 1050793.58, "Plan Rows": 1, "Plan Width": 8, "Actual Rows": 1, "Actual Loops": 1, "Plans": [{"Node Type": "Gather", "Parent Relationship": "Outer", "Parallel Aware": false, "Async Capable": false, "Startup Cost": 1050793.46, "Total Cost": 1050793.57, "Plan Rows": 1, "Plan Width": 8, "Actual Rows": 2, "Actual Loops": 1, "Workers Planned": 1, "Workers Launched": 1, "Single Copy": false, "Plans": [{"Node Type": "Aggregate", "Strategy": "Plain", "Partial Mode": "Partial", "Parent Relationship": "Outer", "Parallel Aware": false, "Async Capable": false, "Startup Cost": 1049793.46, "Total Cost": 1049793.47, "Plan Rows": 1, "Plan Width": 8, "Actual Rows": 1, "Actual Loops": 2, "Workers": [], "Plans": [{"Node Type": "Hash Join", "Parent Relationship": "Outer", "Parallel Aware": true, "Async Capable": false, "Join Type": "Inner", "Startup Cost": 13890.44, "Total Cost": 35365.56, "Plan Rows": 405771161, "Plan Width": 0, "Actual Rows": 20427832, "Actual Loops": 2, "Inner Unique": false, "Hash Cond": "(c.userid = u.id)", "Workers": [], "Plans": [{"Node Type": "Seq Scan", "Parent Relationship": "Outer", "Parallel Aware": true, "Async Capable": false, "Relation Name": "comments", "Alias": "c", "Startup Cost": 0.0, "Total Cost": 2369.32, "Plan Rows": 102532, "Plan Width": 4, "Actual Rows": 87152, "Actual Loops": 2, "Workers": []}, {"Node Type": "Hash", "Parent Relationship": "Inner", "Parallel Aware": true, "Async Capable": false, "Startup Cost": 5557.06, "Total Cost": 5557.06, "Plan Rows": 666670, "Plan Width": 12, "Actual Rows": 121840, "Actual Loops": 2, "Hash Buckets": 2097152, "Original Hash Buckets": 2097152, "Hash Batches": 1, "Original Hash Batches": 1, "Peak Memory Usage": 27872, "Workers": [], "Plans": [{"Node Type": "Nested Loop", "Parent Relationship": "Outer", "Parallel Aware": false, "Async Capable": false, "Join Type": "Inner", "Startup Cost": 1.01, "Total Cost": 5557.06, "Plan Rows": 666670, "Plan Width": 12, "Actual Rows": 121840, "Actual Loops": 2, "Inner Unique": false, "Join Filter": "(p.owneruserid = u.id)", "Rows Removed by Join Filter": 0, "Workers": [], "Plans": [{"Node Type": "Merge Join", "Parent Relationship": "Outer", "Parallel Aware": false, "Async Capable": false, "Join Type": "Inner", "Startup Cost": 0.71, "Total Cost": 3140.25, "Plan Rows": 19679, "Plan Width": 8, "Actual Rows": 14448, "Actual Loops": 2, "Inner Unique": true, "Merge Cond": "(v.userid = u.id)", "Workers": [], "Plans": [{"Node Type": "Index Scan", "Parent Relationship": "Outer", "Parallel Aware": true, "Async Capable": false, "Scan Direction": "Forward", "Index Name": "idx_votes_userid", "Relation Name": "votes", "Alias": "v", "Startup Cost": 0.42, "Total Cost": 10733.91, "Plan Rows": 192661, "Plan Width": 4, "Actual Rows": 17369, "Actual Loops": 2, "Filter": "(creationdate >= '2010-07-20 00:00:00'::timestamp without time zone)", "Rows Removed by Filter": 16, "Workers": []}, {"Node Type": "Index Scan", "Parent Relationship": "Inner", "Parallel Aware": false, "Async Capable": false, "Scan Direction": "Forward", "Index Name": "users_pkey", "Relation Name": "users", "Alias": "u", "Startup Cost": 0.29, "Total Cost": 1659.6, "Plan Rows": 38949, "Plan Width": 4, "Actual Rows": 37759, "Actual Loops": 2, "Filter": "((upvotes >= 0) AND (creationdate >= '2010-10-05 05:52:35'::timestamp without time zone) AND (creationdate <= '2014-09-08 15:55:02'::timestamp without time zone))", "Rows Removed by Filter": 1216, "Workers": []}]}, {"Node Type": "Memoize", "Parent Relationship": "Inner", "Parallel Aware": false, "Async Capable": false, "Startup Cost": 0.3, "Total Cost": 0.4, "Plan Rows": 2, "Plan Width": 4, "Actual Rows": 8, "Actual Loops": 28895, "Cache Key": "v.userid", "Cache Mode": "logical", "Cache Hits": 11199, "Cache Misses": 2506, "Cache Evictions": 0, "Cache Overflows": 0, "Peak Memory Usage": 416, "Workers": [{"Worker Number": 0, "Cache Hits": 12542, "Cache Misses": 2648, "Cache Evictions": 0, "Cache Overflows": 0, "Peak Memory Usage": 416}], "Plans": [{"Node Type": "Index Scan", "Parent Relationship": "Outer", "Parallel Aware": false, "Async Capable": false, "Scan Direction": "Forward", "Index Name": "idx_posts_owneruserid", "Relation Name": "posts", "Alias": "p", "Startup Cost": 0.29, "Total Cost": 0.39, "Plan Rows": 2, "Plan Width": 4, "Actual Rows": 3, "Actual Loops": 5154, "Index Cond": "(owneruserid = v.userid)", "Rows Removed by Index Recheck": 0, "Filter": "((score <= 52) AND (answercount >= 0))", "Rows Removed by Filter": 5, "Workers": []}]}]}]}]}]}]}]}, "Planning Time": 5.547, "Triggers": [], "Execution Time": 1503.28}, {"Plan": {"Node Type": "Aggregate", "Strategy": "Plain", "Partial Mode": "Simple", "Parallel Aware": false, "Async Capable": false, "Startup Cost": 40001854151.94, "Total Cost": 40001854151.95, "Plan Rows": 1, "Plan Width": 8, "Actual Rows": 1, "Actual Loops": 1, "Plans": [{"Node Type": "Hash Join", "Parent Relationship": "Outer", "Parallel Aware": false, "Async Capable": false, "Join Type": "Inner", "Startup Cost": 40000071123.34, "Total Cost": 40000129624.51, "Plan Rows": 689810974, "Plan Width": 0, "Actual Rows": 40855663, "Actual Loops": 1, "Inner Unique": false, "Hash Cond": "(c.userid = u.id)", "Plans": [{"Node Type": "Index Only Scan", "Parent Relationship": "Outer", "Parallel Aware": false, "Async Capable": false, "Scan Direction": "Forward", "Index Name": "idx_comments_userid", "Relation Name": "comments", "Alias": "c", "Startup Cost": 10000000000.3, "Total Cost": 10000003568.78, "Plan Rows": 174305, "Plan Width": 4, "Actual Rows": 174305, "Actual Loops": 1, "Heap Fetches": 0}, {"Node Type": "Hash", "Parent Relationship": "Inner", "Parallel Aware": false, "Async Capable": false, "Startup Cost": 30000056956.31, "Total Cost": 30000056956.31, "Plan Rows": 1133339, "Plan Width": 12, "Actual Rows": 243679, "Actual Loops": 1, "Hash Buckets": 2097152, "Original Hash Buckets": 2097152, "Hash Batches": 1, "Original Hash Batches": 1, "Peak Memory Usage": 26855, "Plans": [{"Node Type": "Nested Loop", "Parent Relationship": "Outer", "Parallel Aware": false, "Async Capable": false, "Join Type": "Inner", "Startup Cost": 30000000001.07, "Total Cost": 30000056956.31, "Plan Rows": 1133339, "Plan Width": 12, "Actual Rows": 243679, "Actual Loops": 1, "Inner Unique": false, "Join Filter": "(p.owneruserid = u.id)", "Rows Removed by Join Filter": 0, "Plans": [{"Node Type": "Nested Loop", "Parent Relationship": "Outer", "Parallel Aware": false, "Async Capable": false, "Join Type": "Inner", "Startup Cost": 20000000000.73, "Total Cost": 20000037921.5, "Plan Rows": 33455, "Plan Width": 8, "Actual Rows": 28895, "Actual Loops": 1, "Inner Unique": true, "Plans": [{"Node Type": "Index Scan", "Parent Relationship": "Outer", "Parallel Aware": false, "Async Capable": false, "Scan Direction": "Forward", "Index Name": "idx_votes_userid", "Relation Name": "votes", "Alias": "v", "Startup Cost": 10000000000.42, "Total Cost": 10000012422.47, "Plan Rows": 327523, "Plan Width": 4, "Actual Rows": 327650, "Actual Loops": 1, "Filter": "(creationdate >= '2010-07-20 00:00:00'::timestamp without time zone)", "Rows Removed by Filter": 414}, {"Node Type": "Memoize", "Parent Relationship": "Inner", "Parallel Aware": false, "Async Capable": false, "Startup Cost": 0.31, "Total Cost": 4.33, "Plan Rows": 1, "Plan Width": 4, "Actual Rows": 0, "Actual Loops": 327650, "Cache Key": "v.userid", "Cache Mode": "logical", "Cache Hits": 322108, "Cache Misses": 5542, "Cache Evictions": 0, "Cache Overflows": 0, "Peak Memory Usage": 550, "Plans": [{"Node Type": "Bitmap Heap Scan", "Parent Relationship": "Outer", "Parallel Aware": false, "Async Capable": false, "Relation Name": "users", "Alias": "u", "Startup Cost": 0.3, "Total Cost": 4.32, "Plan Rows": 1, "Plan Width": 4, "Actual Rows": 1, "Actual Loops": 5542, "Recheck Cond": "(v.userid = id)", "Rows Removed by Index Recheck": 0, "Filter": "((upvotes >= 0) AND (creationdate >= '2010-10-05 05:52:35'::timestamp without time zone) AND (creationdate <= '2014-09-08 15:55:02'::timestamp without time zone))", "Rows Removed by Filter": 0, "Exact Heap Blocks": 5541, "Lossy Heap Blocks": 0, "Plans": [{"Node Type": "Bitmap Index Scan", "Parent Relationship": "Outer", "Parallel Aware": false, "Async Capable": false, "Index Name": "users_pkey", "Startup Cost": 0.0, "Total Cost": 0.3, "Plan Rows": 1, "Plan Width": 0, "Actual Rows": 1, "Actual Loops": 5542, "Index Cond": "(id = v.userid)"}]}]}]}, {"Node Type": "Memoize", "Parent Relationship": "Inner", "Parallel Aware": false, "Async Capable": false, "Startup Cost": 0.33, "Total Cost": 4.4, "Plan Rows": 2, "Plan Width": 4, "Actual Rows": 8, "Actual Loops": 28895, "Cache Key": "v.userid", "Cache Mode": "logical", "Cache Hits": 23743, "Cache Misses": 5152, "Cache Evictions": 0, "Cache Overflows": 0, "Peak Memory Usage": 831, "Plans": [{"Node Type": "Bitmap Heap Scan", "Parent Relationship": "Outer", "Parallel Aware": false, "Async Capable": false, "Relation Name": "posts", "Alias": "p", "Startup Cost": 0.32, "Total Cost": 4.39, "Plan Rows": 2, "Plan Width": 4, "Actual Rows": 3, "Actual Loops": 5152, "Recheck Cond": "(owneruserid = v.userid)", "Rows Removed by Index Recheck": 0, "Filter": "((score <= 52) AND (answercount >= 0))", "Rows Removed by Filter": 5, "Exact Heap Blocks": 26483, "Lossy Heap Blocks": 0, "Plans": [{"Node Type": "Bitmap Index Scan", "Parent Relationship": "Outer", "Parallel Aware": false, "Async Capable": false, "Index Name": "idx_posts_owneruserid", "Startup Cost": 0.0, "Total Cost": 0.32, "Plan Rows": 4, "Plan Width": 0, "Actual Rows": 7, "Actual Loops": 5152, "Index Cond": "(owneruserid = v.userid)"}]}]}]}]}]}]}, "Planning Time": 2.298, "Triggers": [], "Execution Time": 2783.598}, {"Plan": {"Node Type": "Aggregate", "Strategy": "Plain", "Partial Mode": "Finalize", "Parallel Aware": false, "Async Capable": false, "Startup Cost": 1064702.77, "Total Cost": 1064702.78, "Plan Rows": 1, "Plan Width": 8, "Actual Rows": 1, "Actual Loops": 1, "Plans": [{"Node Type": "Gather", "Parent Relationship": "Outer", "Parallel Aware": false, "Async Capable": false, "Startup Cost": 1064702.66, "Total Cost": 1064702.77, "Plan Rows": 1, "Plan Width": 8, "Actual Rows": 2, "Actual Loops": 1, "Workers Planned": 1, "Workers Launched": 1, "Single Copy": false, "Plans": [{"Node Type": "Aggregate", "Strategy": "Plain", "Partial Mode": "Partial", "Parent Relationship": "Outer", "Parallel Aware": false, "Async Capable": false, "Startup Cost": 1063702.66, "Total Cost": 1063702.67, "Plan Rows": 1, "Plan Width": 8, "Actual Rows": 1, "Actual Loops": 2, "Workers": [], "Plans": [{"Node Type": "Hash Join", "Parent Relationship": "Outer", "Parallel Aware": true, "Async Capable": false, "Join Type": "Inner", "Startup Cost": 27318.2, "Total Cost": 49274.76, "Plan Rows": 405771161, "Plan Width": 0, "Actual Rows": 20427832, "Actual Loops": 2, "Inner Unique": false, "Hash Cond": "(c.userid = u.id)", "Workers": [], "Plans": [{"Node Type": "Index Only Scan", "Parent Relationship": "Outer", "Parallel Aware": true, "Async Capable": false, "Scan Direction": "Forward", "Index Name": "idx_comments_userid", "Relation Name": "comments", "Alias": "c", "Startup Cost": 0.29, "Total Cost": 2851.06, "Plan Rows": 102532, "Plan Width": 4, "Actual Rows": 87152, "Actual Loops": 2, "Heap Fetches": 0, "Workers": []}, {"Node Type": "Hash", "Parent Relationship": "Inner", "Parallel Aware": true, "Async Capable": false, "Startup Cost": 18984.53, "Total Cost": 18984.53, "Plan Rows": 666670, "Plan Width": 12, "Actual Rows": 121840, "Actual Loops": 2, "Hash Buckets": 2097152, "Original Hash Buckets": 2097152, "Hash Batches": 1, "Original Hash Batches": 1, "Peak Memory Usage": 27872, "Workers": [], "Plans": [{"Node Type": "Hash Join", "Parent Relationship": "Outer", "Parallel Aware": false, "Async Capable": false, "Join Type": "Inner", "Startup Cost": 7322.58, "Total Cost": 18984.53, "Plan Rows": 666670, "Plan Width": 12, "Actual Rows": 121840, "Actual Loops": 2, "Inner Unique": false, "Hash Cond": "(v.userid = u.id)", "Workers": [], "Plans": [{"Node Type": "Index Scan", "Parent Relationship": "Outer", "Parallel Aware": true, "Async Capable": false, "Scan Direction": "Forward", "Index Name": "idx_votes_userid", "Relation Name": "votes", "Alias": "v", "Startup Cost": 0.42, "Total Cost": 10733.91, "Plan Rows": 192661, "Plan Width": 4, "Actual Rows": 163825, "Actual Loops": 2, "Filter": "(creationdate >= '2010-07-20 00:00:00'::timestamp without time zone)", "Rows Removed by Filter": 207, "Workers": []}, {"Node Type": "Hash", "Parent Relationship": "Inner", "Parallel Aware": false, "Async Capable": false, "Startup Cost": 6812.53, "Total Cost": 6812.53, "Plan Rows": 40770, "Plan Width": 8, "Actual Rows": 39132, "Actual Loops": 2, "Hash Buckets": 65536, "Original Hash Buckets": 65536, "Hash Batches": 1, "Original Hash Batches": 1, "Peak Memory Usage": 2041, "Workers": [], "Plans": [{"Node Type": "Hash Join", "Parent Relationship": "Outer", "Parallel Aware": false, "Async Capable": false, "Join Type": "Inner", "Startup Cost": 2146.76, "Total Cost": 6812.53, "Plan Rows": 40770, "Plan Width": 8, "Actual Rows": 39132, "Actual Loops": 2, "Inner Unique": true, "Hash Cond": "(p.owneruserid = u.id)", "Workers": [], "Plans": [{"Node Type": "Index Scan", "Parent Relationship": "Outer", "Parallel Aware": false, "Async Capable": false, "Scan Direction": "Forward", "Index Name": "idx_posts_owneruserid", "Relation Name": "posts", "Alias": "p", "Startup Cost": 0.29, "Total Cost": 4553.55, "Plan Rows": 42859, "Plan Width": 4, "Actual Rows": 42871, "Actual Loops": 2, "Filter": "((score <= 52) AND (answercount >= 0))", "Rows Removed by Filter": 49105, "Workers": []}, {"Node Type": "Hash", "Parent Relationship": "Inner", "Parallel Aware": false, "Async Capable": false, "Startup Cost": 1659.6, "Total Cost": 1659.6, "Plan Rows": 38949, "Plan Width": 4, "Actual Rows": 38951, "Actual Loops": 2, "Hash Buckets": 65536, "Original Hash Buckets": 65536, "Hash Batches": 1, "Original Hash Batches": 1, "Peak Memory Usage": 1882, "Workers": [], "Plans": [{"Node Type": "Index Scan", "Parent Relationship": "Outer", "Parallel Aware": false, "Async Capable": false, "Scan Direction": "Forward", "Index Name": "users_pkey", "Relation Name": "users", "Alias": "u", "Startup Cost": 0.29, "Total Cost": 1659.6, "Plan Rows": 38949, "Plan Width": 4, "Actual Rows": 38951, "Actual Loops": 2, "Filter": "((upvotes >= 0) AND (creationdate >= '2010-10-05 05:52:35'::timestamp without time zone) AND (creationdate <= '2014-09-08 15:55:02'::timestamp without time zone))", "Rows Removed by Filter": 1374, "Workers": []}]}]}]}]}]}]}]}]}]}, "Planning Time": 2.498, "Triggers": [], "Execution Time": 1578.144}, {"Plan": {"Node Type": "Aggregate", "Strategy": "Plain", "Partial Mode": "Finalize", "Parallel Aware": false, "Async Capable": false, "Startup Cost": 1053703.81, "Total Cost": 1053703.82, "Plan Rows": 1, "Plan Width": 8, "Actual Rows": 1, "Actual Loops": 1, "Plans": [{"Node Type": "Gather", "Parent Relationship": "Outer", "Parallel Aware": false, "Async Capable": false, "Startup Cost": 1053703.69, "Total Cost": 1053703.8, "Plan Rows": 1, "Plan Width": 8, "Actual Rows": 2, "Actual Loops": 1, "Workers Planned": 1, "Workers Launched": 1, "Single Copy": false, "Plans": [{"Node Type": "Aggregate", "Strategy": "Plain", "Partial Mode": "Partial", "Parent Relationship": "Outer", "Parallel Aware": false, "Async Capable": false, "Startup Cost": 1052703.69, "Total Cost": 1052703.7, "Plan Rows": 1, "Plan Width": 8, "Actual Rows": 1, "Actual Loops": 2, "Workers": [], "Plans": [{"Node Type": "Hash Join", "Parent Relationship": "Outer", "Parallel Aware": true, "Async Capable": false, "Join Type": "Inner", "Startup Cost": 16319.24, "Total Cost": 38275.79, "Plan Rows": 405771161, "Plan Width": 0, "Actual Rows": 20427832, "Actual Loops": 2, "Inner Unique": false, "Hash Cond": "(c.userid = u.id)", "Workers": [], "Plans": [{"Node Type": "Index Only Scan", "Parent Relationship": "Outer", "Parallel Aware": true, "Async Capable": false, "Scan Direction": "Forward", "Index Name": "idx_comments_userid", "Relation Name": "comments", "Alias": "c", "Startup Cost": 0.29, "Total Cost": 2851.06, "Plan Rows": 102532, "Plan Width": 4, "Actual Rows": 87152, "Actual Loops": 2, "Heap Fetches": 0, "Workers": []}, {"Node Type": "Hash", "Parent Relationship": "Inner", "Parallel Aware": true, "Async Capable": false, "Startup Cost": 7985.57, "Total Cost": 7985.57, "Plan Rows": 666670, "Plan Width": 12, "Actual Rows": 121840, "Actual Loops": 2, "Hash Buckets": 2097152, "Original Hash Buckets": 2097152, "Hash Batches": 1, "Original Hash Batches": 1, "Peak Memory Usage": 27840, "Workers": [], "Plans": [{"Node Type": "Merge Join", "Parent Relationship": "Outer", "Parallel Aware": false, "Async Capable": false, "Join Type": "Inner", "Startup Cost": 1.0, "Total Cost": 7985.57, "Plan Rows": 666670, "Plan Width": 12, "Actual Rows": 121840, "Actual Loops": 2, "Inner Unique": false, "Merge Cond": "(u.id = p.owneruserid)", "Workers": [], "Plans": [{"Node Type": "Merge Join", "Parent Relationship": "Outer", "Parallel Aware": false, "Async Capable": false, "Join Type": "Inner", "Startup Cost": 0.71, "Total Cost": 3140.25, "Plan Rows": 19679, "Plan Width": 8, "Actual Rows": 14448, "Actual Loops": 2, "Inner Unique": true, "Merge Cond": "(v.userid = u.id)", "Workers": [], "Plans": [{"Node Type": "Index Scan", "Parent Relationship": "Outer", "Parallel Aware": true, "Async Capable": false, "Scan Direction": "Forward", "Index Name": "idx_votes_userid", "Relation Name": "votes", "Alias": "v", "Startup Cost": 0.42, "Total Cost": 10733.91, "Plan Rows": 192661, "Plan Width": 4, "Actual Rows": 17369, "Actual Loops": 2, "Filter": "(creationdate >= '2010-07-20 00:00:00'::timestamp without time zone)", "Rows Removed by Filter": 16, "Workers": []}, {"Node Type": "Index Scan", "Parent Relationship": "Inner", "Parallel Aware": false, "Async Capable": false, "Scan Direction": "Forward", "Index Name": "users_pkey", "Relation Name": "users", "Alias": "u", "Startup Cost": 0.29, "Total Cost": 1659.6, "Plan Rows": 38949, "Plan Width": 4, "Actual Rows": 37759, "Actual Loops": 2, "Filter": "((upvotes >= 0) AND (creationdate >= '2010-10-05 05:52:35'::timestamp without time zone) AND (creationdate <= '2014-09-08 15:55:02'::timestamp without time zone))", "Rows Removed by Filter": 1216, "Workers": []}]}, {"Node Type": "Index Scan", "Parent Relationship": "Inner", "Parallel Aware": false, "Async Capable": false, "Scan Direction": "Forward", "Index Name": "idx_posts_owneruserid", "Relation Name": "posts", "Alias": "p", "Startup Cost": 0.29, "Total Cost": 4553.55, "Plan Rows": 42859, "Plan Width": 4, "Actual Rows": 156346, "Actual Loops": 2, "Filter": "((score <= 52) AND (answercount >= 0))", "Rows Removed by Filter": 437847, "Workers": []}]}]}]}]}]}]}, "Planning Time": 3.799, "Triggers": [], "Execution Time": 1571.147}, {"Plan": {"Node Type": "Aggregate", "Strategy": "Plain", "Partial Mode": "Finalize", "Parallel Aware": false, "Async Capable": false, "Startup Cost": 1051275.3, "Total Cost": 1051275.31, "Plan Rows": 1, "Plan Width": 8, "Actual Rows": 1, "Actual Loops": 1, "Plans": [{"Node Type": "Gather", "Parent Relationship": "Outer", "Parallel Aware": false, "Async Capable": false, "Startup Cost": 1051275.19, "Total Cost": 1051275.3, "Plan Rows": 1, "Plan Width": 8, "Actual Rows": 2, "Actual Loops": 1, "Workers Planned": 1, "Workers Launched": 1, "Single Copy": false, "Plans": [{"Node Type": "Aggregate", "Strategy": "Plain", "Partial Mode": "Partial", "Parent Relationship": "Outer", "Parallel Aware": false, "Async Capable": false, "Startup Cost": 1050275.19, "Total Cost": 1050275.2, "Plan Rows": 1, "Plan Width": 8, "Actual Rows": 1, "Actual Loops": 2, "Workers": [], "Plans": [{"Node Type": "Hash Join", "Parent Relationship": "Outer", "Parallel Aware": true, "Async Capable": false, "Join Type": "Inner", "Startup Cost": 13890.73, "Total Cost": 35847.29, "Plan Rows": 405771161, "Plan Width": 0, "Actual Rows": 20427832, "Actual Loops": 2, "Inner Unique": false, "Hash Cond": "(c.userid = u.id)", "Workers": [], "Plans": [{"Node Type": "Index Only Scan", "Parent Relationship": "Outer", "Parallel Aware": true, "Async Capable": false, "Scan Direction": "Forward", "Index Name": "idx_comments_userid", "Relation Name": "comments", "Alias": "c", "Startup Cost": 0.29, "Total Cost": 2851.06, "Plan Rows": 102532, "Plan Width": 4, "Actual Rows": 87152, "Actual Loops": 2, "Heap Fetches": 0, "Workers": []}, {"Node Type": "Hash", "Parent Relationship": "Inner", "Parallel Aware": true, "Async Capable": false, "Startup Cost": 5557.06, "Total Cost": 5557.06, "Plan Rows": 666670, "Plan Width": 12, "Actual Rows": 121840, "Actual Loops": 2, "Hash Buckets": 2097152, "Original Hash Buckets": 2097152, "Hash Batches": 1, "Original Hash Batches": 1, "Peak Memory Usage": 27840, "Workers": [], "Plans": [{"Node Type": "Nested Loop", "Parent Relationship": "Outer", "Parallel Aware": false, "Async Capable": false, "Join Type": "Inner", "Startup Cost": 1.01, "Total Cost": 5557.06, "Plan Rows": 666670, "Plan Width": 12, "Actual Rows": 121840, "Actual Loops": 2, "Inner Unique": false, "Join Filter": "(p.owneruserid = u.id)", "Rows Removed by Join Filter": 0, "Workers": [], "Plans": [{"Node Type": "Merge Join", "Parent Relationship": "Outer", "Parallel Aware": false, "Async Capable": false, "Join Type": "Inner", "Startup Cost": 0.71, "Total Cost": 3140.25, "Plan Rows": 19679, "Plan Width": 8, "Actual Rows": 14448, "Actual Loops": 2, "Inner Unique": true, "Merge Cond": "(v.userid = u.id)", "Workers": [], "Plans": [{"Node Type": "Index Scan", "Parent Relationship": "Outer", "Parallel Aware": true, "Async Capable": false, "Scan Direction": "Forward", "Index Name": "idx_votes_userid", "Relation Name": "votes", "Alias": "v", "Startup Cost": 0.42, "Total Cost": 10733.91, "Plan Rows": 192661, "Plan Width": 4, "Actual Rows": 17369, "Actual Loops": 2, "Filter": "(creationdate >= '2010-07-20 00:00:00'::timestamp without time zone)", "Rows Removed by Filter": 16, "Workers": []}, {"Node Type": "Index Scan", "Parent Relationship": "Inner", "Parallel Aware": false, "Async Capable": false, "Scan Direction": "Forward", "Index Name": "users_pkey", "Relation Name": "users", "Alias": "u", "Startup Cost": 0.29, "Total Cost": 1659.6, "Plan Rows": 38949, "Plan Width": 4, "Actual Rows": 37759, "Actual Loops": 2, "Filter": "((upvotes >= 0) AND (creationdate >= '2010-10-05 05:52:35'::timestamp without time zone) AND (creationdate <= '2014-09-08 15:55:02'::timestamp without time zone))", "Rows Removed by Filter": 1216, "Workers": []}]}, {"Node Type": "Memoize", "Parent Relationship": "Inner", "Parallel Aware": false, "Async Capable": false, "Startup Cost": 0.3, "Total Cost": 0.4, "Plan Rows": 2, "Plan Width": 4, "Actual Rows": 8, "Actual Loops": 28895, "Cache Key": "v.userid", "Cache Mode": "logical", "Cache Hits": 11500, "Cache Misses": 2597, "Cache Evictions": 0, "Cache Overflows": 0, "Peak Memory Usage": 437, "Workers": [{"Worker Number": 0, "Cache Hits": 12241, "Cache Misses": 2557, "Cache Evictions": 0, "Cache Overflows": 0, "Peak Memory Usage": 395}], "Plans": [{"Node Type": "Index Scan", "Parent Relationship": "Outer", "Parallel Aware": false, "Async Capable": false, "Scan Direction": "Forward", "Index Name": "idx_posts_owneruserid", "Relation Name": "posts", "Alias": "p", "Startup Cost": 0.29, "Total Cost": 0.39, "Plan Rows": 2, "Plan Width": 4, "Actual Rows": 3, "Actual Loops": 5154, "Index Cond": "(owneruserid = v.userid)", "Rows Removed by Index Recheck": 0, "Filter": "((score <= 52) AND (answercount >= 0))", "Rows Removed by Filter": 5, "Workers": []}]}]}]}]}]}]}]}, "Planning Time": 3.089, "Triggers": [], "Execution Time": 1426.8}, {"Plan": {"Node Type": "Aggregate", "Strategy": "Plain", "Partial Mode": "Finalize", "Parallel Aware": false, "Async Capable": false, "Startup Cost": 1053222.07, "Total Cost": 1053222.08, "Plan Rows": 1, "Plan Width": 8, "Actual Rows": 1, "Actual Loops": 1, "Plans": [{"Node Type": "Gather", "Parent Relationship": "Outer", "Parallel Aware": false, "Async Capable": false, "Startup Cost": 1053221.96, "Total Cost": 1053222.07, "Plan Rows": 1, "Plan Width": 8, "Actual Rows": 2, "Actual Loops": 1, "Workers Planned": 1, "Workers Launched": 1, "Single Copy": false, "Plans": [{"Node Type": "Aggregate", "Strategy": "Plain", "Partial Mode": "Partial", "Parent Relationship": "Outer", "Parallel Aware": false, "Async Capable": false, "Startup Cost": 1052221.96, "Total Cost": 1052221.97, "Plan Rows": 1, "Plan Width": 8, "Actual Rows": 1, "Actual Loops": 2, "Workers": [], "Plans": [{"Node Type": "Hash Join", "Parent Relationship": "Outer", "Parallel Aware": true, "Async Capable": false, "Join Type": "Inner", "Startup Cost": 16318.94, "Total Cost": 37794.06, "Plan Rows": 405771161, "Plan Width": 0, "Actual Rows": 20427832, "Actual Loops": 2, "Inner Unique": false, "Hash Cond": "(c.userid = u.id)", "Workers": [], "Plans": [{"Node Type": "Seq Scan", "Parent Relationship": "Outer", "Parallel Aware": true, "Async Capable": false, "Relation Name": "comments", "Alias": "c", "Startup Cost": 0.0, "Total Cost": 2369.32, "Plan Rows": 102532, "Plan Width": 4, "Actual Rows": 87152, "Actual Loops": 2, "Workers": []}, {"Node Type": "Hash", "Parent Relationship": "Inner", "Parallel Aware": true, "Async Capable": false, "Startup Cost": 7985.57, "Total Cost": 7985.57, "Plan Rows": 666670, "Plan Width": 12, "Actual Rows": 121840, "Actual Loops": 2, "Hash Buckets": 2097152, "Original Hash Buckets": 2097152, "Hash Batches": 1, "Original Hash Batches": 1, "Peak Memory Usage": 27872, "Workers": [], "Plans": [{"Node Type": "Merge Join", "Parent Relationship": "Outer", "Parallel Aware": false, "Async Capable": false, "Join Type": "Inner", "Startup Cost": 1.0, "Total Cost": 7985.57, "Plan Rows": 666670, "Plan Width": 12, "Actual Rows": 121840, "Actual Loops": 2, "Inner Unique": false, "Merge Cond": "(u.id = p.owneruserid)", "Workers": [], "Plans": [{"Node Type": "Merge Join", "Parent Relationship": "Outer", "Parallel Aware": false, "Async Capable": false, "Join Type": "Inner", "Startup Cost": 0.71, "Total Cost": 3140.25, "Plan Rows": 19679, "Plan Width": 8, "Actual Rows": 14448, "Actual Loops": 2, "Inner Unique": true, "Merge Cond": "(v.userid = u.id)", "Workers": [], "Plans": [{"Node Type": "Index Scan", "Parent Relationship": "Outer", "Parallel Aware": true, "Async Capable": false, "Scan Direction": "Forward", "Index Name": "idx_votes_userid", "Relation Name": "votes", "Alias": "v", "Startup Cost": 0.42, "Total Cost": 10733.91, "Plan Rows": 192661, "Plan Width": 4, "Actual Rows": 17369, "Actual Loops": 2, "Filter": "(creationdate >= '2010-07-20 00:00:00'::timestamp without time zone)", "Rows Removed by Filter": 16, "Workers": []}, {"Node Type": "Index Scan", "Parent Relationship": "Inner", "Parallel Aware": false, "Async Capable": false, "Scan Direction": "Forward", "Index Name": "users_pkey", "Relation Name": "users", "Alias": "u", "Startup Cost": 0.29, "Total Cost": 1659.6, "Plan Rows": 38949, "Plan Width": 4, "Actual Rows": 36166, "Actual Loops": 2, "Filter": "((upvotes >= 0) AND (creationdate >= '2010-10-05 05:52:35'::timestamp without time zone) AND (creationdate <= '2014-09-08 15:55:02'::timestamp without time zone))", "Rows Removed by Filter": 1216, "Workers": []}]}, {"Node Type": "Index Scan", "Parent Relationship": "Inner", "Parallel Aware": false, "Async Capable": false, "Scan Direction": "Forward", "Index Name": "idx_posts_owneruserid", "Relation Name": "posts", "Alias": "p", "Startup Cost": 0.29, "Total Cost": 4553.55, "Plan Rows": 42859, "Plan Width": 4, "Actual Rows": 155416, "Actual Loops": 2, "Filter": "((score <= 52) AND (answercount >= 0))", "Rows Removed by Filter": 437496, "Workers": []}]}]}]}]}]}]}, "Planning Time": 5.725, "Triggers": [], "Execution Time": 1667.402}, {"Plan": {"Node Type": "Aggregate", "Strategy": "Plain", "Partial Mode": "Finalize", "Parallel Aware": false, "Async Capable": false, "Startup Cost": 1061521.17, "Total Cost": 1061521.18, "Plan Rows": 1, "Plan Width": 8, "Actual Rows": 1, "Actual Loops": 1, "Plans": [{"Node Type": "Gather", "Parent Relationship": "Outer", "Parallel Aware": false, "Async Capable": false, "Startup Cost": 1061521.06, "Total Cost": 1061521.17, "Plan Rows": 1, "Plan Width": 8, "Actual Rows": 2, "Actual Loops": 1, "Workers Planned": 1, "Workers Launched": 1, "Single Copy": false, "Plans": [{"Node Type": "Aggregate", "Strategy": "Plain", "Partial Mode": "Partial", "Parent Relationship": "Outer", "Parallel Aware": false, "Async Capable": false, "Startup Cost": 1060521.06, "Total Cost": 1060521.07, "Plan Rows": 1, "Plan Width": 8, "Actual Rows": 1, "Actual Loops": 2, "Workers": [], "Plans": [{"Node Type": "Hash Join", "Parent Relationship": "Outer", "Parallel Aware": true, "Async Capable": false, "Join Type": "Inner", "Startup Cost": 24136.6, "Total Cost": 46093.16, "Plan Rows": 405771161, "Plan Width": 0, "Actual Rows": 20427832, "Actual Loops": 2, "Inner Unique": false, "Hash Cond": "(c.userid = u.id)", "Workers": [], "Plans": [{"Node Type": "Index Only Scan", "Parent Relationship": "Outer", "Parallel Aware": true, "Async Capable": false, "Scan Direction": "Forward", "Index Name": "idx_comments_userid", "Relation Name": "comments", "Alias": "c", "Startup Cost": 0.29, "Total Cost": 2851.06, "Plan Rows": 102532, "Plan Width": 4, "Actual Rows": 87152, "Actual Loops": 2, "Heap Fetches": 0, "Workers": []}, {"Node Type": "Hash", "Parent Relationship": "Inner", "Parallel Aware": true, "Async Capable": false, "Startup Cost": 15802.93, "Total Cost": 15802.93, "Plan Rows": 666670, "Plan Width": 12, "Actual Rows": 121840, "Actual Loops": 2, "Hash Buckets": 2097152, "Original Hash Buckets": 2097152, "Hash Batches": 1, "Original Hash Batches": 1, "Peak Memory Usage": 27840, "Workers": [], "Plans": [{"Node Type": "Nested Loop", "Parent Relationship": "Outer", "Parallel Aware": false, "Async Capable": false, "Join Type": "Inner", "Startup Cost": 2147.19, "Total Cost": 15802.93, "Plan Rows": 666670, "Plan Width": 12, "Actual Rows": 121840, "Actual Loops": 2, "Inner Unique": false, "Join Filter": "(p.owneruserid = u.id)", "Rows Removed by Join Filter": 0, "Workers": [], "Plans": [{"Node Type": "Hash Join", "Parent Relationship": "Outer", "Parallel Aware": false, "Async Capable": false, "Join Type": "Inner", "Startup Cost": 2146.89, "Total Cost": 13386.12, "Plan Rows": 19679, "Plan Width": 8, "Actual Rows": 14448, "Actual Loops": 2, "Inner Unique": true, "Hash Cond": "(v.userid = u.id)", "Workers": [], "Plans": [{"Node Type": "Index Scan", "Parent Relationship": "Outer", "Parallel Aware": true, "Async Capable": false, "Scan Direction": "Forward", "Index Name": "idx_votes_userid", "Relation Name": "votes", "Alias": "v", "Startup Cost": 0.42, "Total Cost": 10733.91, "Plan Rows": 192661, "Plan Width": 4, "Actual Rows": 163825, "Actual Loops": 2, "Filter": "(creationdate >= '2010-07-20 00:00:00'::timestamp without time zone)", "Rows Removed by Filter": 207, "Workers": []}, {"Node Type": "Hash", "Parent Relationship": "Inner", "Parallel Aware": false, "Async Capable": false, "Startup Cost": 1659.6, "Total Cost": 1659.6, "Plan Rows": 38949, "Plan Width": 4, "Actual Rows": 38951, "Actual Loops": 2, "Hash Buckets": 65536, "Original Hash Buckets": 65536, "Hash Batches": 1, "Original Hash Batches": 1, "Peak Memory Usage": 1882, "Workers": [], "Plans": [{"Node Type": "Index Scan", "Parent Relationship": "Outer", "Parallel Aware": false, "Async Capable": false, "Scan Direction": "Forward", "Index Name": "users_pkey", "Relation Name": "users", "Alias": "u", "Startup Cost": 0.29, "Total Cost": 1659.6, "Plan Rows": 38949, "Plan Width": 4, "Actual Rows": 38951, "Actual Loops": 2, "Filter": "((upvotes >= 0) AND (creationdate >= '2010-10-05 05:52:35'::timestamp without time zone) AND (creationdate <= '2014-09-08 15:55:02'::timestamp without time zone))", "Rows Removed by Filter": 1374, "Workers": []}]}]}, {"Node Type": "Memoize", "Parent Relationship": "Inner", "Parallel Aware": false, "Async Capable": false, "Startup Cost": 0.3, "Total Cost": 0.4, "Plan Rows": 2, "Plan Width": 4, "Actual Rows": 8, "Actual Loops": 28895, "Cache Key": "v.userid", "Cache Mode": "logical", "Cache Hits": 11313, "Cache Misses": 2483, "Cache Evictions": 0, "Cache Overflows": 0, "Peak Memory Usage": 416, "Workers": [{"Worker Number": 0, "Cache Hits": 12428, "Cache Misses": 2671, "Cache Evictions": 0, "Cache Overflows": 0, "Peak Memory Usage": 417}], "Plans": [{"Node Type": "Index Scan", "Parent Relationship": "Outer", "Parallel Aware": false, "Async Capable": false, "Scan Direction": "Forward", "Index Name": "idx_posts_owneruserid", "Relation Name": "posts", "Alias": "p", "Startup Cost": 0.29, "Total Cost": 0.39, "Plan Rows": 2, "Plan Width": 4, "Actual Rows": 3, "Actual Loops": 5154, "Index Cond": "(owneruserid = v.userid)", "Rows Removed by Index Recheck": 0, "Filter": "((score <= 52) AND (answercount >= 0))", "Rows Removed by Filter": 5, "Workers": []}]}]}]}]}]}]}]}, "Planning Time": 2.455, "Triggers": [], "Execution Time": 1488.337}, {"Plan": {"Node Type": "Aggregate", "Strategy": "Plain", "Partial Mode": "Finalize", "Parallel Aware": false, "Async Capable": false, "Startup Cost": 1054220.85, "Total Cost": 1054220.86, "Plan Rows": 1, "Plan Width": 8, "Actual Rows": 1, "Actual Loops": 1, "Plans": [{"Node Type": "Gather", "Parent Relationship": "Outer", "Parallel Aware": false, "Async Capable": false, "Startup Cost": 1054220.74, "Total Cost": 1054220.85, "Plan Rows": 1, "Plan Width": 8, "Actual Rows": 2, "Actual Loops": 1, "Workers Planned": 1, "Workers Launched": 1, "Single Copy": false, "Plans": [{"Node Type": "Aggregate", "Strategy": "Plain", "Partial Mode": "Partial", "Parent Relationship": "Outer", "Parallel Aware": false, "Async Capable": false, "Startup Cost": 1053220.74, "Total Cost": 1053220.75, "Plan Rows": 1, "Plan Width": 8, "Actual Rows": 1, "Actual Loops": 2, "Workers": [], "Plans": [{"Node Type": "Hash Join", "Parent Relationship": "Outer", "Parallel Aware": true, "Async Capable": false, "Join Type": "Inner", "Startup Cost": 17317.72, "Total Cost": 38792.84, "Plan Rows": 405771161, "Plan Width": 0, "Actual Rows": 20427832, "Actual Loops": 2, "Inner Unique": false, "Hash Cond": "(c.userid = u.id)", "Workers": [], "Plans": [{"Node Type": "Seq Scan", "Parent Relationship": "Outer", "Parallel Aware": true, "Async Capable": false, "Relation Name": "comments", "Alias": "c", "Startup Cost": 0.0, "Total Cost": 2369.32, "Plan Rows": 102532, "Plan Width": 4, "Actual Rows": 87152, "Actual Loops": 2, "Workers": []}, {"Node Type": "Hash", "Parent Relationship": "Inner", "Parallel Aware": true, "Async Capable": false, "Startup Cost": 8984.34, "Total Cost": 8984.34, "Plan Rows": 666670, "Plan Width": 12, "Actual Rows": 121840, "Actual Loops": 2, "Hash Buckets": 2097152, "Original Hash Buckets": 2097152, "Hash Batches": 1, "Original Hash Batches": 1, "Peak Memory Usage": 27840, "Workers": [], "Plans": [{"Node Type": "Nested Loop", "Parent Relationship": "Outer", "Parallel Aware": false, "Async Capable": false, "Join Type": "Inner", "Startup Cost": 1489.85, "Total Cost": 8984.34, "Plan Rows": 666670, "Plan Width": 12, "Actual Rows": 121840, "Actual Loops": 2, "Inner Unique": false, "Join Filter": "(p.owneruserid = u.id)", "Rows Removed by Join Filter": 0, "Workers": [], "Plans": [{"Node Type": "Hash Join", "Parent Relationship": "Outer", "Parallel Aware": false, "Async Capable": false, "Join Type": "Inner", "Startup Cost": 1489.55, "Total Cost": 6567.53, "Plan Rows": 19679, "Plan Width": 8, "Actual Rows": 14448, "Actual Loops": 2, "Inner Unique": true, "Hash Cond": "(v.userid = u.id)", "Workers": [], "Plans": [{"Node Type": "Seq Scan", "Parent Relationship": "Outer", "Parallel Aware": true, "Async Capable": false, "Relation Name": "votes", "Alias": "v", "Startup Cost": 0.0, "Total Cost": 4572.24, "Plan Rows": 192661, "Plan Width": 4, "Actual Rows": 163825, "Actual Loops": 2, "Filter": "(creationdate >= '2010-07-20 00:00:00'::timestamp without time zone)", "Rows Removed by Filter": 207, "Workers": []}, {"Node Type": "Hash", "Parent Relationship": "Inner", "Parallel Aware": false, "Async Capable": false, "Startup Cost": 1002.69, "Total Cost": 1002.69, "Plan Rows": 38949, "Plan Width": 4, "Actual Rows": 38951, "Actual Loops": 2, "Hash Buckets": 65536, "Original Hash Buckets": 65536, "Hash Batches": 1, "Original Hash Batches": 1, "Peak Memory Usage": 1882, "Workers": [], "Plans": [{"Node Type": "Seq Scan", "Parent Relationship": "Outer", "Parallel Aware": false, "Async Capable": false, "Relation Name": "users", "Alias": "u", "Startup Cost": 0.0, "Total Cost": 1002.69, "Plan Rows": 38949, "Plan Width": 4, "Actual Rows": 38951, "Actual Loops": 2, "Filter": "((upvotes >= 0) AND (creationdate >= '2010-10-05 05:52:35'::timestamp without time zone) AND (creationdate <= '2014-09-08 15:55:02'::timestamp without time zone))", "Rows Removed by Filter": 1374, "Workers": []}]}]}, {"Node Type": "Memoize", "Parent Relationship": "Inner", "Parallel Aware": false, "Async Capable": false, "Startup Cost": 0.3, "Total Cost": 0.4, "Plan Rows": 2, "Plan Width": 4, "Actual Rows": 8, "Actual Loops": 28895, "Cache Key": "v.userid", "Cache Mode": "logical", "Cache Hits": 11837, "Cache Misses": 3563, "Cache Evictions": 0, "Cache Overflows": 0, "Peak Memory Usage": 634, "Workers": [{"Worker Number": 0, "Cache Hits": 10117, "Cache Misses": 3378, "Cache Evictions": 0, "Cache Overflows": 0, "Peak Memory Usage": 618}], "Plans": [{"Node Type": "Index Scan", "Parent Relationship": "Outer", "Parallel Aware": false, "Async Capable": false, "Scan Direction": "Forward", "Index Name": "idx_posts_owneruserid", "Relation Name": "posts", "Alias": "p", "Startup Cost": 0.29, "Total Cost": 0.39, "Plan Rows": 2, "Plan Width": 4, "Actual Rows": 3, "Actual Loops": 6941, "Index Cond": "(owneruserid = v.userid)", "Rows Removed by Index Recheck": 0, "Filter": "((score <= 52) AND (answercount >= 0))", "Rows Removed by Filter": 6, "Workers": []}]}]}]}]}]}]}]}, "Planning Time": 2.485, "Triggers": [], "Execution Time": 1603.625}, {"Plan": {"Node Type": "Aggregate", "Strategy": "Plain", "Partial Mode": "Finalize", "Parallel Aware": false, "Async Capable": false, "Startup Cost": 1055068.54, "Total Cost": 1055068.55, "Plan Rows": 1, "Plan Width": 8, "Actual Rows": 1, "Actual Loops": 1, "Plans": [{"Node Type": "Gather", "Parent Relationship": "Outer", "Parallel Aware": false, "Async Capable": false, "Startup Cost": 1055068.43, "Total Cost": 1055068.54, "Plan Rows": 1, "Plan Width": 8, "Actual Rows": 2, "Actual Loops": 1, "Workers Planned": 1, "Workers Launched": 1, "Single Copy": false, "Plans": [{"Node Type": "Aggregate", "Strategy": "Plain", "Partial Mode": "Partial", "Parent Relationship": "Outer", "Parallel Aware": false, "Async Capable": false, "Startup Cost": 1054068.43, "Total Cost": 1054068.44, "Plan Rows": 1, "Plan Width": 8, "Actual Rows": 1, "Actual Loops": 2, "Workers": [], "Plans": [{"Node Type": "Hash Join", "Parent Relationship": "Outer", "Parallel Aware": true, "Async Capable": false, "Join Type": "Inner", "Startup Cost": 18165.41, "Total Cost": 39640.53, "Plan Rows": 405771161, "Plan Width": 0, "Actual Rows": 20427832, "Actual Loops": 2, "Inner Unique": false, "Hash Cond": "(c.userid = u.id)", "Workers": [], "Plans": [{"Node Type": "Seq Scan", "Parent Relationship": "Outer", "Parallel Aware": true, "Async Capable": false, "Relation Name": "comments", "Alias": "c", "Startup Cost": 0.0, "Total Cost": 2369.32, "Plan Rows": 102532, "Plan Width": 4, "Actual Rows": 87152, "Actual Loops": 2, "Workers": []}, {"Node Type": "Hash", "Parent Relationship": "Inner", "Parallel Aware": true, "Async Capable": false, "Startup Cost": 9832.04, "Total Cost": 9832.04, "Plan Rows": 666670, "Plan Width": 12, "Actual Rows": 121840, "Actual Loops": 2, "Hash Buckets": 2097152, "Original Hash Buckets": 2097152, "Hash Batches": 1, "Original Hash Batches": 1, "Peak Memory Usage": 27872, "Workers": [], "Plans": [{"Node Type": "Hash Join", "Parent Relationship": "Outer", "Parallel Aware": false, "Async Capable": false, "Join Type": "Inner", "Startup Cost": 4331.33, "Total Cost": 9832.04, "Plan Rows": 666670, "Plan Width": 12, "Actual Rows": 121840, "Actual Loops": 2, "Inner Unique": false, "Hash Cond": "(v.userid = u.id)", "Workers": [], "Plans": [{"Node Type": "Seq Scan", "Parent Relationship": "Outer", "Parallel Aware": true, "Async Capable": false, "Relation Name": "votes", "Alias": "v", "Startup Cost": 0.0, "Total Cost": 4572.24, "Plan Rows": 192661, "Plan Width": 4, "Actual Rows": 163825, "Actual Loops": 2, "Filter": "(creationdate >= '2010-07-20 00:00:00'::timestamp without time zone)", "Rows Removed by Filter": 207, "Workers": []}, {"Node Type": "Hash", "Parent Relationship": "Inner", "Parallel Aware": false, "Async Capable": false, "Startup Cost": 3821.71, "Total Cost": 3821.71, "Plan Rows": 40770, "Plan Width": 8, "Actual Rows": 39132, "Actual Loops": 2, "Hash Buckets": 65536, "Original Hash Buckets": 65536, "Hash Batches": 1, "Original Hash Batches": 1, "Peak Memory Usage": 2041, "Workers": [], "Plans": [{"Node Type": "Hash Join", "Parent Relationship": "Outer", "Parallel Aware": false, "Async Capable": false, "Join Type": "Inner", "Startup Cost": 1489.55, "Total Cost": 3821.71, "Plan Rows": 40770, "Plan Width": 8, "Actual Rows": 39132, "Actual Loops": 2, "Inner Unique": true, "Hash Cond": "(p.owneruserid = u.id)", "Workers": [], "Plans": [{"Node Type": "Seq Scan", "Parent Relationship": "Outer", "Parallel Aware": false, "Async Capable": false, "Relation Name": "posts", "Alias": "p", "Startup Cost": 0.0, "Total Cost": 2219.64, "Plan Rows": 42859, "Plan Width": 4, "Actual Rows": 42871, "Actual Loops": 2, "Filter": "((score <= 52) AND (answercount >= 0))", "Rows Removed by Filter": 49105, "Workers": []}, {"Node Type": "Hash", "Parent Relationship": "Inner", "Parallel Aware": false, "Async Capable": false, "Startup Cost": 1002.69, "Total Cost": 1002.69, "Plan Rows": 38949, "Plan Width": 4, "Actual Rows": 38951, "Actual Loops": 2, "Hash Buckets": 65536, "Original Hash Buckets": 65536, "Hash Batches": 1, "Original Hash Batches": 1, "Peak Memory Usage": 1882, "Workers": [], "Plans": [{"Node Type": "Seq Scan", "Parent Relationship": "Outer", "Parallel Aware": false, "Async Capable": false, "Relation Name": "users", "Alias": "u", "Startup Cost": 0.0, "Total Cost": 1002.69, "Plan Rows": 38949, "Plan Width": 4, "Actual Rows": 38951, "Actual Loops": 2, "Filter": "((upvotes >= 0) AND (creationdate >= '2010-10-05 05:52:35'::timestamp without time zone) AND (creationdate <= '2014-09-08 15:55:02'::timestamp without time zone))", "Rows Removed by Filter": 1374, "Workers": []}]}]}]}]}]}]}]}]}]}, "Planning Time": 2.474, "Triggers": [], "Execution Time": 1577.82}, {"Plan": {"Node Type": "Aggregate", "Strategy": "Plain", "Partial Mode": "Simple", "Parallel Aware": false, "Async Capable": false, "Startup Cost": 40001805711.81, "Total Cost": 40001805711.82, "Plan Rows": 1, "Plan Width": 8, "Actual Rows": 1, "Actual Loops": 1, "Plans": [{"Node Type": "Hash Join", "Parent Relationship": "Outer", "Parallel Aware": false, "Async Capable": false, "Join Type": "Inner", "Startup Cost": 40000022683.21, "Total Cost": 40000081184.38, "Plan Rows": 689810974, "Plan Width": 0, "Actual Rows": 40855663, "Actual Loops": 1, "Inner Unique": false, "Hash Cond": "(c.userid = u.id)", "Plans": [{"Node Type": "Index Only Scan", "Parent Relationship": "Outer", "Parallel Aware": false, "Async Capable": false, "Scan Direction": "Forward", "Index Name": "idx_comments_userid", "Relation Name": "comments", "Alias": "c", "Startup Cost": 10000000000.3, "Total Cost": 10000003568.78, "Plan Rows": 174305, "Plan Width": 4, "Actual Rows": 174305, "Actual Loops": 1, "Heap Fetches": 0}, {"Node Type": "Hash", "Parent Relationship": "Inner", "Parallel Aware": false, "Async Capable": false, "Startup Cost": 30000008516.18, "Total Cost": 30000008516.18, "Plan Rows": 1133339, "Plan Width": 12, "Actual Rows": 243679, "Actual Loops": 1, "Hash Buckets": 2097152, "Original Hash Buckets": 2097152, "Hash Batches": 1, "Original Hash Batches": 1, "Peak Memory Usage": 26855, "Plans": [{"Node Type": "Merge Join", "Parent Relationship": "Outer", "Parallel Aware": false, "Async Capable": false, "Join Type": "Inner", "Startup Cost": 30000000001.01, "Total Cost": 30000008516.18, "Plan Rows": 1133339, "Plan Width": 12, "Actual Rows": 243679, "Actual Loops": 1, "Inner Unique": false, "Merge Cond": "(u.id = p.owneruserid)", "Plans": [{"Node Type": "Merge Join", "Parent Relationship": "Outer", "Parallel Aware": false, "Async Capable": false, "Join Type": "Inner", "Startup Cost": 20000000000.71, "Total Cost": 20000003492.23, "Plan Rows": 33455, "Plan Width": 8, "Actual Rows": 28895, "Actual Loops": 1, "Inner Unique": true, "Merge Cond": "(v.userid = u.id)", "Plans": [{"Node Type": "Index Scan", "Parent Relationship": "Outer", "Parallel Aware": false, "Async Capable": false, "Scan Direction": "Forward", "Index Name": "idx_votes_userid", "Relation Name": "votes", "Alias": "v", "Startup Cost": 10000000000.42, "Total Cost": 10000012422.47, "Plan Rows": 327523, "Plan Width": 4, "Actual Rows": 34737, "Actual Loops": 1, "Filter": "(creationdate >= '2010-07-20 00:00:00'::timestamp without time zone)", "Rows Removed by Filter": 32}, {"Node Type": "Index Scan", "Parent Relationship": "Inner", "Parallel Aware": false, "Async Capable": false, "Scan Direction": "Forward", "Index Name": "users_pkey", "Relation Name": "users", "Alias": "u", "Startup Cost": 10000000000.29, "Total Cost": 10000001659.6, "Plan Rows": 38949, "Plan Width": 4, "Actual Rows": 38951, "Actual Loops": 1, "Filter": "((upvotes >= 0) AND (creationdate >= '2010-10-05 05:52:35'::timestamp without time zone) AND (creationdate <= '2014-09-08 15:55:02'::timestamp without time zone))", "Rows Removed by Filter": 1374}]}, {"Node Type": "Index Scan", "Parent Relationship": "Inner", "Parallel Aware": false, "Async Capable": false, "Scan Direction": "Forward", "Index Name": "idx_posts_owneruserid", "Relation Name": "posts", "Alias": "p", "Startup Cost": 10000000000.29, "Total Cost": 10000004553.55, "Plan Rows": 42859, "Plan Width": 4, "Actual Rows": 271790, "Actual Loops": 1, "Filter": "((score <= 52) AND (answercount >= 0))", "Rows Removed by Filter": 827658}]}]}]}]}, "Planning Time": 3.065, "Triggers": [], "Execution Time": 2914.886}, {"Plan": {"Node Type": "Aggregate", "Strategy": "Plain", "Partial Mode": "Simple", "Parallel Aware": false, "Async Capable": false, "Startup Cost": 10002034930.11, "Total Cost": 10002034930.12, "Plan Rows": 1, "Plan Width": 8, "Actual Rows": 1, "Actual Loops": 1, "Plans": [{"Node Type": "Nested Loop", "Parent Relationship": "Outer", "Parallel Aware": false, "Async Capable": false, "Join Type": "Inner", "Startup Cost": 10000000001.47, "Total Cost": 10000310402.67, "Plan Rows": 689810974, "Plan Width": 0, "Actual Rows": 40855663, "Actual Loops": 1, "Inner Unique": false, "Join Filter": "(c.userid = u.id)", "Rows Removed by Join Filter": 0, "Plans": [{"Node Type": "Nested Loop", "Parent Relationship": "Outer", "Parallel Aware": false, "Async Capable": false, "Join Type": "Inner", "Startup Cost": 10000000001.07, "Total Cost": 10000056956.31, "Plan Rows": 1133339, "Plan Width": 12, "Actual Rows": 243679, "Actual Loops": 1, "Inner Unique": false, "Join Filter": "(p.owneruserid = u.id)", "Rows Removed by Join Filter": 0, "Plans": [{"Node Type": "Nested Loop", "Parent Relationship": "Outer", "Parallel Aware": false, "Async Capable": false, "Join Type": "Inner", "Startup Cost": 10000000000.73, "Total Cost": 10000037921.5, "Plan Rows": 33455, "Plan Width": 8, "Actual Rows": 28895, "Actual Loops": 1, "Inner Unique": true, "Plans": [{"Node Type": "Index Scan", "Parent Relationship": "Outer", "Parallel Aware": false, "Async Capable": false, "Scan Direction": "Forward", "Index Name": "idx_votes_userid", "Relation Name": "votes", "Alias": "v", "Startup Cost": 10000000000.42, "Total Cost": 10000012422.47, "Plan Rows": 327523, "Plan Width": 4, "Actual Rows": 327650, "Actual Loops": 1, "Filter": "(creationdate >= '2010-07-20 00:00:00'::timestamp without time zone)", "Rows Removed by Filter": 414}, {"Node Type": "Memoize", "Parent Relationship": "Inner", "Parallel Aware": false, "Async Capable": false, "Startup Cost": 0.31, "Total Cost": 4.33, "Plan Rows": 1, "Plan Width": 4, "Actual Rows": 0, "Actual Loops": 327650, "Cache Key": "v.userid", "Cache Mode": "logical", "Cache Hits": 322108, "Cache Misses": 5542, "Cache Evictions": 0, "Cache Overflows": 0, "Peak Memory Usage": 550, "Plans": [{"Node Type": "Bitmap Heap Scan", "Parent Relationship": "Outer", "Parallel Aware": false, "Async Capable": false, "Relation Name": "users", "Alias": "u", "Startup Cost": 0.3, "Total Cost": 4.32, "Plan Rows": 1, "Plan Width": 4, "Actual Rows": 1, "Actual Loops": 5542, "Recheck Cond": "(v.userid = id)", "Rows Removed by Index Recheck": 0, "Filter": "((upvotes >= 0) AND (creationdate >= '2010-10-05 05:52:35'::timestamp without time zone) AND (creationdate <= '2014-09-08 15:55:02'::timestamp without time zone))", "Rows Removed by Filter": 0, "Exact Heap Blocks": 5541, "Lossy Heap Blocks": 0, "Plans": [{"Node Type": "Bitmap Index Scan", "Parent Relationship": "Outer", "Parallel Aware": false, "Async Capable": false, "Index Name": "users_pkey", "Startup Cost": 0.0, "Total Cost": 0.3, "Plan Rows": 1, "Plan Width": 0, "Actual Rows": 1, "Actual Loops": 5542, "Index Cond": "(id = v.userid)"}]}]}]}, {"Node Type": "Memoize", "Parent Relationship": "Inner", "Parallel Aware": false, "Async Capable": false, "Startup Cost": 0.33, "Total Cost": 4.4, "Plan Rows": 2, "Plan Width": 4, "Actual Rows": 8, "Actual Loops": 28895, "Cache Key": "v.userid", "Cache Mode": "logical", "Cache Hits": 23743, "Cache Misses": 5152, "Cache Evictions": 0, "Cache Overflows": 0, "Peak Memory Usage": 831, "Plans": [{"Node Type": "Bitmap Heap Scan", "Parent Relationship": "Outer", "Parallel Aware": false, "Async Capable": false, "Relation Name": "posts", "Alias": "p", "Startup Cost": 0.32, "Total Cost": 4.39, "Plan Rows": 2, "Plan Width": 4, "Actual Rows": 3, "Actual Loops": 5152, "Recheck Cond": "(owneruserid = v.userid)", "Rows Removed by Index Recheck": 0, "Filter": "((score <= 52) AND (answercount >= 0))", "Rows Removed by Filter": 5, "Exact Heap Blocks": 26483, "Lossy Heap Blocks": 0, "Plans": [{"Node Type": "Bitmap Index Scan", "Parent Relationship": "Outer", "Parallel Aware": false, "Async Capable": false, "Index Name": "idx_posts_owneruserid", "Startup Cost": 0.0, "Total Cost": 0.32, "Plan Rows": 4, "Plan Width": 0, "Actual Rows": 7, "Actual Loops": 5152, "Index Cond": "(owneruserid = v.userid)"}]}]}]}, {"Node Type": "Memoize", "Parent Relationship": "Inner", "Parallel Aware": false, "Async Capable": false, "Startup Cost": 0.41, "Total Cost": 4.57, "Plan Rows": 13, "Plan Width": 4, "Actual Rows": 168, "Actual Loops": 243679, "Cache Key": "v.userid", "Cache Mode": "logical", "Cache Hits": 240831, "Cache Misses": 2848, "Cache Evictions": 0, "Cache Overflows": 0, "Peak Memory Usage": 2641, "Plans": [{"Node Type": "Bitmap Heap Scan", "Parent Relationship": "Outer", "Parallel Aware": false, "Async Capable": false, "Relation Name": "comments", "Alias": "c", "Startup Cost": 0.4, "Total Cost": 4.56, "Plan Rows": 13, "Plan Width": 4, "Actual Rows": 24, "Actual Loops": 2848, "Recheck Cond": "(userid = v.userid)", "Rows Removed by Index Recheck": 0, "Exact Heap Blocks": 32153, "Lossy Heap Blocks": 0, "Plans": [{"Node Type": "Bitmap Index Scan", "Parent Relationship": "Outer", "Parallel Aware": false, "Async Capable": false, "Index Name": "idx_comments_userid", "Startup Cost": 0.0, "Total Cost": 0.39, "Plan Rows": 13, "Plan Width": 0, "Actual Rows": 24, "Actual Loops": 2848, "Index Cond": "(userid = v.userid)"}]}]}]}]}, "Planning Time": 3.032, "Triggers": [], "Execution Time": 2917.857}, {"Plan": {"Node Type": "Aggregate", "Strategy": "Plain", "Partial Mode": "Finalize", "Parallel Aware": false, "Async Capable": false, "Startup Cost": 1068957.19, "Total Cost": 1068957.2, "Plan Rows": 1, "Plan Width": 8, "Actual Rows": 1, "Actual Loops": 1, "Plans": [{"Node Type": "Gather", "Parent Relationship": "Outer", "Parallel Aware": false, "Async Capable": false, "Startup Cost": 1068957.08, "Total Cost": 1068957.19, "Plan Rows": 1, "Plan Width": 8, "Actual Rows": 2, "Actual Loops": 1, "Workers Planned": 1, "Workers Launched": 1, "Single Copy": false, "Plans": [{"Node Type": "Aggregate", "Strategy": "Plain", "Partial Mode": "Partial", "Parent Relationship": "Outer", "Parallel Aware": false, "Async Capable": false, "Startup Cost": 1067957.08, "Total Cost": 1067957.09, "Plan Rows": 1, "Plan Width": 8, "Actual Rows": 1, "Actual Loops": 2, "Workers": [], "Plans": [{"Node Type": "Hash Join", "Parent Relationship": "Outer", "Parallel Aware": true, "Async Capable": false, "Join Type": "Inner", "Startup Cost": 27318.2, "Total Cost": 53529.18, "Plan Rows": 405771161, "Plan Width": 0, "Actual Rows": 20427832, "Actual Loops": 2, "Inner Unique": false, "Hash Cond": "(c.userid = u.id)", "Workers": [], "Plans": [{"Node Type": "Index Scan", "Parent Relationship": "Outer", "Parallel Aware": true, "Async Capable": false, "Scan Direction": "Forward", "Index Name": "idx_comments_userid", "Relation Name": "comments", "Alias": "c", "Startup Cost": 0.29, "Total Cost": 7105.47, "Plan Rows": 102532, "Plan Width": 4, "Actual Rows": 87152, "Actual Loops": 2, "Workers": []}, {"Node Type": "Hash", "Parent Relationship": "Inner", "Parallel Aware": true, "Async Capable": false, "Startup Cost": 18984.53, "Total Cost": 18984.53, "Plan Rows": 666670, "Plan Width": 12, "Actual Rows": 121840, "Actual Loops": 2, "Hash Buckets": 2097152, "Original Hash Buckets": 2097152, "Hash Batches": 1, "Original Hash Batches": 1, "Peak Memory Usage": 27840, "Workers": [], "Plans": [{"Node Type": "Hash Join", "Parent Relationship": "Outer", "Parallel Aware": false, "Async Capable": false, "Join Type": "Inner", "Startup Cost": 7322.58, "Total Cost": 18984.53, "Plan Rows": 666670, "Plan Width": 12, "Actual Rows": 121840, "Actual Loops": 2, "Inner Unique": false, "Hash Cond": "(v.userid = u.id)", "Workers": [], "Plans": [{"Node Type": "Index Scan", "Parent Relationship": "Outer", "Parallel Aware": true, "Async Capable": false, "Scan Direction": "Forward", "Index Name": "idx_votes_userid", "Relation Name": "votes", "Alias": "v", "Startup Cost": 0.42, "Total Cost": 10733.91, "Plan Rows": 192661, "Plan Width": 4, "Actual Rows": 163825, "Actual Loops": 2, "Filter": "(creationdate >= '2010-07-20 00:00:00'::timestamp without time zone)", "Rows Removed by Filter": 207, "Workers": []}, {"Node Type": "Hash", "Parent Relationship": "Inner", "Parallel Aware": false, "Async Capable": false, "Startup Cost": 6812.53, "Total Cost": 6812.53, "Plan Rows": 40770, "Plan Width": 8, "Actual Rows": 39132, "Actual Loops": 2, "Hash Buckets": 65536, "Original Hash Buckets": 65536, "Hash Batches": 1, "Original Hash Batches": 1, "Peak Memory Usage": 2041, "Workers": [], "Plans": [{"Node Type": "Hash Join", "Parent Relationship": "Outer", "Parallel Aware": false, "Async Capable": false, "Join Type": "Inner", "Startup Cost": 2146.76, "Total Cost": 6812.53, "Plan Rows": 40770, "Plan Width": 8, "Actual Rows": 39132, "Actual Loops": 2, "Inner Unique": true, "Hash Cond": "(p.owneruserid = u.id)", "Workers": [], "Plans": [{"Node Type": "Index Scan", "Parent Relationship": "Outer", "Parallel Aware": false, "Async Capable": false, "Scan Direction": "Forward", "Index Name": "idx_posts_owneruserid", "Relation Name": "posts", "Alias": "p", "Startup Cost": 0.29, "Total Cost": 4553.55, "Plan Rows": 42859, "Plan Width": 4, "Actual Rows": 42871, "Actual Loops": 2, "Filter": "((score <= 52) AND (answercount >= 0))", "Rows Removed by Filter": 49105, "Workers": []}, {"Node Type": "Hash", "Parent Relationship": "Inner", "Parallel Aware": false, "Async Capable": false, "Startup Cost": 1659.6, "Total Cost": 1659.6, "Plan Rows": 38949, "Plan Width": 4, "Actual Rows": 38951, "Actual Loops": 2, "Hash Buckets": 65536, "Original Hash Buckets": 65536, "Hash Batches": 1, "Original Hash Batches": 1, "Peak Memory Usage": 1882, "Workers": [], "Plans": [{"Node Type": "Index Scan", "Parent Relationship": "Outer", "Parallel Aware": false, "Async Capable": false, "Scan Direction": "Forward", "Index Name": "users_pkey", "Relation Name": "users", "Alias": "u", "Startup Cost": 0.29, "Total Cost": 1659.6, "Plan Rows": 38949, "Plan Width": 4, "Actual Rows": 38951, "Actual Loops": 2, "Filter": "((upvotes >= 0) AND (creationdate >= '2010-10-05 05:52:35'::timestamp without time zone) AND (creationdate <= '2014-09-08 15:55:02'::timestamp without time zone))", "Rows Removed by Filter": 1374, "Workers": []}]}]}]}]}]}]}]}]}]}, "Planning Time": 5.118, "Triggers": [], "Execution Time": 1693.785}, {"Plan": {"Node Type": "Aggregate", "Strategy": "Plain", "Partial Mode": "Finalize", "Parallel Aware": false, "Async Capable": false, "Startup Cost": 1057958.22, "Total Cost": 1057958.23, "Plan Rows": 1, "Plan Width": 8, "Actual Rows": 1, "Actual Loops": 1, "Plans": [{"Node Type": "Gather", "Parent Relationship": "Outer", "Parallel Aware": false, "Async Capable": false, "Startup Cost": 1057958.11, "Total Cost": 1057958.22, "Plan Rows": 1, "Plan Width": 8, "Actual Rows": 2, "Actual Loops": 1, "Workers Planned": 1, "Workers Launched": 1, "Single Copy": false, "Plans": [{"Node Type": "Aggregate", "Strategy": "Plain", "Partial Mode": "Partial", "Parent Relationship": "Outer", "Parallel Aware": false, "Async Capable": false, "Startup Cost": 1056958.11, "Total Cost": 1056958.12, "Plan Rows": 1, "Plan Width": 8, "Actual Rows": 1, "Actual Loops": 2, "Workers": [], "Plans": [{"Node Type": "Hash Join", "Parent Relationship": "Outer", "Parallel Aware": true, "Async Capable": false, "Join Type": "Inner", "Startup Cost": 16319.24, "Total Cost": 42530.21, "Plan Rows": 405771161, "Plan Width": 0, "Actual Rows": 20427832, "Actual Loops": 2, "Inner Unique": false, "Hash Cond": "(c.userid = u.id)", "Workers": [], "Plans": [{"Node Type": "Index Scan", "Parent Relationship": "Outer", "Parallel Aware": true, "Async Capable": false, "Scan Direction": "Forward", "Index Name": "idx_comments_userid", "Relation Name": "comments", "Alias": "c", "Startup Cost": 0.29, "Total Cost": 7105.47, "Plan Rows": 102532, "Plan Width": 4, "Actual Rows": 87152, "Actual Loops": 2, "Workers": []}, {"Node Type": "Hash", "Parent Relationship": "Inner", "Parallel Aware": true, "Async Capable": false, "Startup Cost": 7985.57, "Total Cost": 7985.57, "Plan Rows": 666670, "Plan Width": 12, "Actual Rows": 121840, "Actual Loops": 2, "Hash Buckets": 2097152, "Original Hash Buckets": 2097152, "Hash Batches": 1, "Original Hash Batches": 1, "Peak Memory Usage": 27872, "Workers": [], "Plans": [{"Node Type": "Merge Join", "Parent Relationship": "Outer", "Parallel Aware": false, "Async Capable": false, "Join Type": "Inner", "Startup Cost": 1.0, "Total Cost": 7985.57, "Plan Rows": 666670, "Plan Width": 12, "Actual Rows": 121840, "Actual Loops": 2, "Inner Unique": false, "Merge Cond": "(u.id = p.owneruserid)", "Workers": [], "Plans": [{"Node Type": "Merge Join", "Parent Relationship": "Outer", "Parallel Aware": false, "Async Capable": false, "Join Type": "Inner", "Startup Cost": 0.71, "Total Cost": 3140.25, "Plan Rows": 19679, "Plan Width": 8, "Actual Rows": 14448, "Actual Loops": 2, "Inner Unique": true, "Merge Cond": "(v.userid = u.id)", "Workers": [], "Plans": [{"Node Type": "Index Scan", "Parent Relationship": "Outer", "Parallel Aware": true, "Async Capable": false, "Scan Direction": "Forward", "Index Name": "idx_votes_userid", "Relation Name": "votes", "Alias": "v", "Startup Cost": 0.42, "Total Cost": 10733.91, "Plan Rows": 192661, "Plan Width": 4, "Actual Rows": 17369, "Actual Loops": 2, "Filter": "(creationdate >= '2010-07-20 00:00:00'::timestamp without time zone)", "Rows Removed by Filter": 16, "Workers": []}, {"Node Type": "Index Scan", "Parent Relationship": "Inner", "Parallel Aware": false, "Async Capable": false, "Scan Direction": "Forward", "Index Name": "users_pkey", "Relation Name": "users", "Alias": "u", "Startup Cost": 0.29, "Total Cost": 1659.6, "Plan Rows": 38949, "Plan Width": 4, "Actual Rows": 37759, "Actual Loops": 2, "Filter": "((upvotes >= 0) AND (creationdate >= '2010-10-05 05:52:35'::timestamp without time zone) AND (creationdate <= '2014-09-08 15:55:02'::timestamp without time zone))", "Rows Removed by Filter": 1216, "Workers": []}]}, {"Node Type": "Index Scan", "Parent Relationship": "Inner", "Parallel Aware": false, "Async Capable": false, "Scan Direction": "Forward", "Index Name": "idx_posts_owneruserid", "Relation Name": "posts", "Alias": "p", "Startup Cost": 0.29, "Total Cost": 4553.55, "Plan Rows": 42859, "Plan Width": 4, "Actual Rows": 156346, "Actual Loops": 2, "Filter": "((score <= 52) AND (answercount >= 0))", "Rows Removed by Filter": 437847, "Workers": []}]}]}]}]}]}]}, "Planning Time": 4.126, "Triggers": [], "Execution Time": 1704.936}, {"Plan": {"Node Type": "Aggregate", "Strategy": "Plain", "Partial Mode": "Finalize", "Parallel Aware": false, "Async Capable": false, "Startup Cost": 1055529.72, "Total Cost": 1055529.73, "Plan Rows": 1, "Plan Width": 8, "Actual Rows": 1, "Actual Loops": 1, "Plans": [{"Node Type": "Gather", "Parent Relationship": "Outer", "Parallel Aware": false, "Async Capable": false, "Startup Cost": 1055529.61, "Total Cost": 1055529.72, "Plan Rows": 1, "Plan Width": 8, "Actual Rows": 2, "Actual Loops": 1, "Workers Planned": 1, "Workers Launched": 1, "Single Copy": false, "Plans": [{"Node Type": "Aggregate", "Strategy": "Plain", "Partial Mode": "Partial", "Parent Relationship": "Outer", "Parallel Aware": false, "Async Capable": false, "Startup Cost": 1054529.61, "Total Cost": 1054529.62, "Plan Rows": 1, "Plan Width": 8, "Actual Rows": 1, "Actual Loops": 2, "Workers": [], "Plans": [{"Node Type": "Hash Join", "Parent Relationship": "Outer", "Parallel Aware": true, "Async Capable": false, "Join Type": "Inner", "Startup Cost": 13890.73, "Total Cost": 40101.71, "Plan Rows": 405771161, "Plan Width": 0, "Actual Rows": 20427832, "Actual Loops": 2, "Inner Unique": false, "Hash Cond": "(c.userid = u.id)", "Workers": [], "Plans": [{"Node Type": "Index Scan", "Parent Relationship": "Outer", "Parallel Aware": true, "Async Capable": false, "Scan Direction": "Forward", "Index Name": "idx_comments_userid", "Relation Name": "comments", "Alias": "c", "Startup Cost": 0.29, "Total Cost": 7105.47, "Plan Rows": 102532, "Plan Width": 4, "Actual Rows": 87152, "Actual Loops": 2, "Workers": []}, {"Node Type": "Hash", "Parent Relationship": "Inner", "Parallel Aware": true, "Async Capable": false, "Startup Cost": 5557.06, "Total Cost": 5557.06, "Plan Rows": 666670, "Plan Width": 12, "Actual Rows": 121840, "Actual Loops": 2, "Hash Buckets": 2097152, "Original Hash Buckets": 2097152, "Hash Batches": 1, "Original Hash Batches": 1, "Peak Memory Usage": 27840, "Workers": [], "Plans": [{"Node Type": "Nested Loop", "Parent Relationship": "Outer", "Parallel Aware": false, "Async Capable": false, "Join Type": "Inner", "Startup Cost": 1.01, "Total Cost": 5557.06, "Plan Rows": 666670, "Plan Width": 12, "Actual Rows": 121840, "Actual Loops": 2, "Inner Unique": false, "Join Filter": "(p.owneruserid = u.id)", "Rows Removed by Join Filter": 0, "Workers": [], "Plans": [{"Node Type": "Merge Join", "Parent Relationship": "Outer", "Parallel Aware": false, "Async Capable": false, "Join Type": "Inner", "Startup Cost": 0.71, "Total Cost": 3140.25, "Plan Rows": 19679, "Plan Width": 8, "Actual Rows": 14448, "Actual Loops": 2, "Inner Unique": true, "Merge Cond": "(v.userid = u.id)", "Workers": [], "Plans": [{"Node Type": "Index Scan", "Parent Relationship": "Outer", "Parallel Aware": true, "Async Capable": false, "Scan Direction": "Forward", "Index Name": "idx_votes_userid", "Relation Name": "votes", "Alias": "v", "Startup Cost": 0.42, "Total Cost": 10733.91, "Plan Rows": 192661, "Plan Width": 4, "Actual Rows": 17369, "Actual Loops": 2, "Filter": "(creationdate >= '2010-07-20 00:00:00'::timestamp without time zone)", "Rows Removed by Filter": 16, "Workers": []}, {"Node Type": "Index Scan", "Parent Relationship": "Inner", "Parallel Aware": false, "Async Capable": false, "Scan Direction": "Forward", "Index Name": "users_pkey", "Relation Name": "users", "Alias": "u", "Startup Cost": 0.29, "Total Cost": 1659.6, "Plan Rows": 38949, "Plan Width": 4, "Actual Rows": 37759, "Actual Loops": 2, "Filter": "((upvotes >= 0) AND (creationdate >= '2010-10-05 05:52:35'::timestamp without time zone) AND (creationdate <= '2014-09-08 15:55:02'::timestamp without time zone))", "Rows Removed by Filter": 1216, "Workers": []}]}, {"Node Type": "Memoize", "Parent Relationship": "Inner", "Parallel Aware": false, "Async Capable": false, "Startup Cost": 0.3, "Total Cost": 0.4, "Plan Rows": 2, "Plan Width": 4, "Actual Rows": 8, "Actual Loops": 28895, "Cache Key": "v.userid", "Cache Mode": "logical", "Cache Hits": 11720, "Cache Misses": 2551, "Cache Evictions": 0, "Cache Overflows": 0, "Peak Memory Usage": 429, "Workers": [{"Worker Number": 0, "Cache Hits": 12021, "Cache Misses": 2603, "Cache Evictions": 0, "Cache Overflows": 0, "Peak Memory Usage": 404}], "Plans": [{"Node Type": "Index Scan", "Parent Relationship": "Outer", "Parallel Aware": false, "Async Capable": false, "Scan Direction": "Forward", "Index Name": "idx_posts_owneruserid", "Relation Name": "posts", "Alias": "p", "Startup Cost": 0.29, "Total Cost": 0.39, "Plan Rows": 2, "Plan Width": 4, "Actual Rows": 3, "Actual Loops": 5154, "Index Cond": "(owneruserid = v.userid)", "Rows Removed by Index Recheck": 0, "Filter": "((score <= 52) AND (answercount >= 0))", "Rows Removed by Filter": 5, "Workers": []}]}]}]}]}]}]}]}, "Planning Time": 4.884, "Triggers": [], "Execution Time": 1547.57}, {"Plan": {"Node Type": "Aggregate", "Strategy": "Plain", "Partial Mode": "Finalize", "Parallel Aware": false, "Async Capable": false, "Startup Cost": 1065775.59, "Total Cost": 1065775.6, "Plan Rows": 1, "Plan Width": 8, "Actual Rows": 1, "Actual Loops": 1, "Plans": [{"Node Type": "Gather", "Parent Relationship": "Outer", "Parallel Aware": false, "Async Capable": false, "Startup Cost": 1065775.48, "Total Cost": 1065775.59, "Plan Rows": 1, "Plan Width": 8, "Actual Rows": 2, "Actual Loops": 1, "Workers Planned": 1, "Workers Launched": 1, "Single Copy": false, "Plans": [{"Node Type": "Aggregate", "Strategy": "Plain", "Partial Mode": "Partial", "Parent Relationship": "Outer", "Parallel Aware": false, "Async Capable": false, "Startup Cost": 1064775.48, "Total Cost": 1064775.49, "Plan Rows": 1, "Plan Width": 8, "Actual Rows": 1, "Actual Loops": 2, "Workers": [], "Plans": [{"Node Type": "Hash Join", "Parent Relationship": "Outer", "Parallel Aware": true, "Async Capable": false, "Join Type": "Inner", "Startup Cost": 24136.6, "Total Cost": 50347.57, "Plan Rows": 405771161, "Plan Width": 0, "Actual Rows": 20427832, "Actual Loops": 2, "Inner Unique": false, "Hash Cond": "(c.userid = u.id)", "Workers": [], "Plans": [{"Node Type": "Index Scan", "Parent Relationship": "Outer", "Parallel Aware": true, "Async Capable": false, "Scan Direction": "Forward", "Index Name": "idx_comments_userid", "Relation Name": "comments", "Alias": "c", "Startup Cost": 0.29, "Total Cost": 7105.47, "Plan Rows": 102532, "Plan Width": 4, "Actual Rows": 87152, "Actual Loops": 2, "Workers": []}, {"Node Type": "Hash", "Parent Relationship": "Inner", "Parallel Aware": true, "Async Capable": false, "Startup Cost": 15802.93, "Total Cost": 15802.93, "Plan Rows": 666670, "Plan Width": 12, "Actual Rows": 121840, "Actual Loops": 2, "Hash Buckets": 2097152, "Original Hash Buckets": 2097152, "Hash Batches": 1, "Original Hash Batches": 1, "Peak Memory Usage": 27840, "Workers": [], "Plans": [{"Node Type": "Nested Loop", "Parent Relationship": "Outer", "Parallel Aware": false, "Async Capable": false, "Join Type": "Inner", "Startup Cost": 2147.19, "Total Cost": 15802.93, "Plan Rows": 666670, "Plan Width": 12, "Actual Rows": 121840, "Actual Loops": 2, "Inner Unique": false, "Join Filter": "(p.owneruserid = u.id)", "Rows Removed by Join Filter": 0, "Workers": [], "Plans": [{"Node Type": "Hash Join", "Parent Relationship": "Outer", "Parallel Aware": false, "Async Capable": false, "Join Type": "Inner", "Startup Cost": 2146.89, "Total Cost": 13386.12, "Plan Rows": 19679, "Plan Width": 8, "Actual Rows": 14448, "Actual Loops": 2, "Inner Unique": true, "Hash Cond": "(v.userid = u.id)", "Workers": [], "Plans": [{"Node Type": "Index Scan", "Parent Relationship": "Outer", "Parallel Aware": true, "Async Capable": false, "Scan Direction": "Forward", "Index Name": "idx_votes_userid", "Relation Name": "votes", "Alias": "v", "Startup Cost": 0.42, "Total Cost": 10733.91, "Plan Rows": 192661, "Plan Width": 4, "Actual Rows": 163825, "Actual Loops": 2, "Filter": "(creationdate >= '2010-07-20 00:00:00'::timestamp without time zone)", "Rows Removed by Filter": 207, "Workers": []}, {"Node Type": "Hash", "Parent Relationship": "Inner", "Parallel Aware": false, "Async Capable": false, "Startup Cost": 1659.6, "Total Cost": 1659.6, "Plan Rows": 38949, "Plan Width": 4, "Actual Rows": 38951, "Actual Loops": 2, "Hash Buckets": 65536, "Original Hash Buckets": 65536, "Hash Batches": 1, "Original Hash Batches": 1, "Peak Memory Usage": 1882, "Workers": [], "Plans": [{"Node Type": "Index Scan", "Parent Relationship": "Outer", "Parallel Aware": false, "Async Capable": false, "Scan Direction": "Forward", "Index Name": "users_pkey", "Relation Name": "users", "Alias": "u", "Startup Cost": 0.29, "Total Cost": 1659.6, "Plan Rows": 38949, "Plan Width": 4, "Actual Rows": 38951, "Actual Loops": 2, "Filter": "((upvotes >= 0) AND (creationdate >= '2010-10-05 05:52:35'::timestamp without time zone) AND (creationdate <= '2014-09-08 15:55:02'::timestamp without time zone))", "Rows Removed by Filter": 1374, "Workers": []}]}]}, {"Node Type": "Memoize", "Parent Relationship": "Inner", "Parallel Aware": false, "Async Capable": false, "Startup Cost": 0.3, "Total Cost": 0.4, "Plan Rows": 2, "Plan Width": 4, "Actual Rows": 8, "Actual Loops": 28895, "Cache Key": "v.userid", "Cache Mode": "logical", "Cache Hits": 12312, "Cache Misses": 2866, "Cache Evictions": 0, "Cache Overflows": 0, "Peak Memory Usage": 457, "Workers": [{"Worker Number": 0, "Cache Hits": 11429, "Cache Misses": 2288, "Cache Evictions": 0, "Cache Overflows": 0, "Peak Memory Usage": 375}], "Plans": [{"Node Type": "Index Scan", "Parent Relationship": "Outer", "Parallel Aware": false, "Async Capable": false, "Scan Direction": "Forward", "Index Name": "idx_posts_owneruserid", "Relation Name": "posts", "Alias": "p", "Startup Cost": 0.29, "Total Cost": 0.39, "Plan Rows": 2, "Plan Width": 4, "Actual Rows": 3, "Actual Loops": 5154, "Index Cond": "(owneruserid = v.userid)", "Rows Removed by Index Recheck": 0, "Filter": "((score <= 52) AND (answercount >= 0))", "Rows Removed by Filter": 5, "Workers": []}]}]}]}]}]}]}]}, "Planning Time": 3.633, "Triggers": [], "Execution Time": 1588.32}, {"Plan": {"Node Type": "Aggregate", "Strategy": "Plain", "Partial Mode": "Finalize", "Parallel Aware": false, "Async Capable": false, "Startup Cost": 1069510.35, "Total Cost": 1069510.36, "Plan Rows": 1, "Plan Width": 8, "Actual Rows": 1, "Actual Loops": 1, "Plans": [{"Node Type": "Gather", "Parent Relationship": "Outer", "Parallel Aware": false, "Async Capable": false, "Startup Cost": 1069510.24, "Total Cost": 1069510.35, "Plan Rows": 1, "Plan Width": 8, "Actual Rows": 2, "Actual Loops": 1, "Workers Planned": 1, "Workers Launched": 1, "Single Copy": false, "Plans": [{"Node Type": "Aggregate", "Strategy": "Plain", "Partial Mode": "Partial", "Parent Relationship": "Outer", "Parallel Aware": false, "Async Capable": false, "Startup Cost": 1068510.24, "Total Cost": 1068510.25, "Plan Rows": 1, "Plan Width": 8, "Actual Rows": 1, "Actual Loops": 2, "Workers": [], "Plans": [{"Node Type": "Merge Join", "Parent Relationship": "Outer", "Parallel Aware": false, "Async Capable": false, "Join Type": "Inner", "Startup Cost": 2.54, "Total Cost": 54082.34, "Plan Rows": 405771161, "Plan Width": 0, "Actual Rows": 20427832, "Actual Loops": 2, "Inner Unique": false, "Merge Cond": "(c.userid = u.id)", "Workers": [], "Plans": [{"Node Type": "Index Only Scan", "Parent Relationship": "Outer", "Parallel Aware": true, "Async Capable": false, "Scan Direction": "Forward", "Index Name": "idx_comments_userid", "Relation Name": "comments", "Alias": "c", "Startup Cost": 0.29, "Total Cost": 2851.06, "Plan Rows": 102532, "Plan Width": 4, "Actual Rows": 85683, "Actual Loops": 2, "Heap Fetches": 0, "Workers": []}, {"Node Type": "Materialize", "Parent Relationship": "Inner", "Parallel Aware": false, "Async Capable": false, "Startup Cost": 1.0, "Total Cost": 11349.53, "Plan Rows": 1133339, "Plan Width": 12, "Actual Rows": 20546141, "Actual Loops": 2, "Workers": [], "Plans": [{"Node Type": "Merge Join", "Parent Relationship": "Outer", "Parallel Aware": false, "Async Capable": false, "Join Type": "Inner", "Startup Cost": 1.0, "Total Cost": 8516.18, "Plan Rows": 1133339, "Plan Width": 12, "Actual Rows": 243666, "Actual Loops": 2, "Inner Unique": false, "Merge Cond": "(u.id = p.owneruserid)", "Workers": [], "Plans": [{"Node Type": "Merge Join", "Parent Relationship": "Outer", "Parallel Aware": false, "Async Capable": false, "Join Type": "Inner", "Startup Cost": 0.71, "Total Cost": 3492.23, "Plan Rows": 33455, "Plan Width": 8, "Actual Rows": 28858, "Actual Loops": 2, "Inner Unique": true, "Merge Cond": "(v.userid = u.id)", "Workers": [], "Plans": [{"Node Type": "Index Scan", "Parent Relationship": "Outer", "Parallel Aware": false, "Async Capable": false, "Scan Direction": "Forward", "Index Name": "idx_votes_userid", "Relation Name": "votes", "Alias": "v", "Startup Cost": 0.42, "Total Cost": 12422.47, "Plan Rows": 327523, "Plan Width": 4, "Actual Rows": 34700, "Actual Loops": 2, "Filter": "(creationdate >= '2010-07-20 00:00:00'::timestamp without time zone)", "Rows Removed by Filter": 32, "Workers": []}, {"Node Type": "Index Scan", "Parent Relationship": "Inner", "Parallel Aware": false, "Async Capable": false, "Scan Direction": "Forward", "Index Name": "users_pkey", "Relation Name": "users", "Alias": "u", "Startup Cost": 0.29, "Total Cost": 1659.6, "Plan Rows": 38949, "Plan Width": 4, "Actual Rows": 38605, "Actual Loops": 2, "Filter": "((upvotes >= 0) AND (creationdate >= '2010-10-05 05:52:35'::timestamp without time zone) AND (creationdate <= '2014-09-08 15:55:02'::timestamp without time zone))", "Rows Removed by Filter": 1216, "Workers": []}]}, {"Node Type": "Index Scan", "Parent Relationship": "Inner", "Parallel Aware": false, "Async Capable": false, "Scan Direction": "Forward", "Index Name": "idx_posts_owneruserid", "Relation Name": "posts", "Alias": "p", "Startup Cost": 0.29, "Total Cost": 4553.55, "Plan Rows": 42859, "Plan Width": 4, "Actual Rows": 271646, "Actual Loops": 2, "Filter": "((score <= 52) AND (answercount >= 0))", "Rows Removed by Filter": 827614, "Workers": []}]}]}]}]}]}]}, "Planning Time": 6.637, "Triggers": [], "Execution Time": 1997.705}, {"Plan": {"Node Type": "Aggregate", "Strategy": "Plain", "Partial Mode": "Finalize", "Parallel Aware": false, "Async Capable": false, "Startup Cost": 1067488.72, "Total Cost": 1067488.73, "Plan Rows": 1, "Plan Width": 8, "Actual Rows": 1, "Actual Loops": 1, "Plans": [{"Node Type": "Gather", "Parent Relationship": "Outer", "Parallel Aware": false, "Async Capable": false, "Startup Cost": 1067488.61, "Total Cost": 1067488.72, "Plan Rows": 1, "Plan Width": 8, "Actual Rows": 2, "Actual Loops": 1, "Workers Planned": 1, "Workers Launched": 1, "Single Copy": false, "Plans": [{"Node Type": "Aggregate", "Strategy": "Plain", "Partial Mode": "Partial", "Parent Relationship": "Outer", "Parallel Aware": false, "Async Capable": false, "Startup Cost": 1066488.61, "Total Cost": 1066488.62, "Plan Rows": 1, "Plan Width": 8, "Actual Rows": 1, "Actual Loops": 2, "Workers": [], "Plans": [{"Node Type": "Merge Join", "Parent Relationship": "Outer", "Parallel Aware": false, "Async Capable": false, "Join Type": "Inner", "Startup Cost": 2.39, "Total Cost": 52060.71, "Plan Rows": 405771161, "Plan Width": 0, "Actual Rows": 20427832, "Actual Loops": 2, "Inner Unique": false, "Merge Cond": "(c.userid = u.id)", "Workers": [], "Plans": [{"Node Type": "Index Only Scan", "Parent Relationship": "Outer", "Parallel Aware": true, "Async Capable": false, "Scan Direction": "Forward", "Index Name": "idx_comments_userid", "Relation Name": "comments", "Alias": "c", "Startup Cost": 0.29, "Total Cost": 2851.06, "Plan Rows": 102532, "Plan Width": 4, "Actual Rows": 85683, "Actual Loops": 2, "Heap Fetches": 0, "Workers": []}, {"Node Type": "Materialize", "Parent Relationship": "Inner", "Parallel Aware": false, "Async Capable": false, "Startup Cost": 1.01, "Total Cost": 9327.9, "Plan Rows": 1133339, "Plan Width": 12, "Actual Rows": 20546292, "Actual Loops": 2, "Workers": [], "Plans": [{"Node Type": "Nested Loop", "Parent Relationship": "Outer", "Parallel Aware": false, "Async Capable": false, "Join Type": "Inner", "Startup Cost": 1.01, "Total Cost": 6494.55, "Plan Rows": 1133339, "Plan Width": 12, "Actual Rows": 243636, "Actual Loops": 2, "Inner Unique": false, "Join Filter": "(p.owneruserid = u.id)", "Rows Removed by Join Filter": 0, "Workers": [], "Plans": [{"Node Type": "Merge Join", "Parent Relationship": "Outer", "Parallel Aware": false, "Async Capable": false, "Join Type": "Inner", "Startup Cost": 0.71, "Total Cost": 3492.23, "Plan Rows": 33455, "Plan Width": 8, "Actual Rows": 28818, "Actual Loops": 2, "Inner Unique": true, "Merge Cond": "(v.userid = u.id)", "Workers": [], "Plans": [{"Node Type": "Index Scan", "Parent Relationship": "Outer", "Parallel Aware": false, "Async Capable": false, "Scan Direction": "Forward", "Index Name": "idx_votes_userid", "Relation Name": "votes", "Alias": "v", "Startup Cost": 0.42, "Total Cost": 12422.47, "Plan Rows": 327523, "Plan Width": 4, "Actual Rows": 34660, "Actual Loops": 2, "Filter": "(creationdate >= '2010-07-20 00:00:00'::timestamp without time zone)", "Rows Removed by Filter": 32, "Workers": []}, {"Node Type": "Index Scan", "Parent Relationship": "Inner", "Parallel Aware": false, "Async Capable": false, "Scan Direction": "Forward", "Index Name": "users_pkey", "Relation Name": "users", "Alias": "u", "Startup Cost": 0.29, "Total Cost": 1659.6, "Plan Rows": 38949, "Plan Width": 4, "Actual Rows": 38144, "Actual Loops": 2, "Filter": "((upvotes >= 0) AND (creationdate >= '2010-10-05 05:52:35'::timestamp without time zone) AND (creationdate <= '2014-09-08 15:55:02'::timestamp without time zone))", "Rows Removed by Filter": 1216, "Workers": []}]}, {"Node Type": "Memoize", "Parent Relationship": "Inner", "Parallel Aware": false, "Async Capable": false, "Startup Cost": 0.3, "Total Cost": 0.4, "Plan Rows": 2, "Plan Width": 4, "Actual Rows": 8, "Actual Loops": 57636, "Cache Key": "v.userid", "Cache Mode": "logical", "Cache Hits": 23689, "Cache Misses": 5052, "Cache Evictions": 0, "Cache Overflows": 0, "Peak Memory Usage": 823, "Workers": [{"Worker Number": 0, "Cache Hits": 23743, "Cache Misses": 5152, "Cache Evictions": 0, "Cache Overflows": 0, "Peak Memory Usage": 831}], "Plans": [{"Node Type": "Index Scan", "Parent Relationship": "Outer", "Parallel Aware": false, "Async Capable": false, "Scan Direction": "Forward", "Index Name": "idx_posts_owneruserid", "Relation Name": "posts", "Alias": "p", "Startup Cost": 0.29, "Total Cost": 0.39, "Plan Rows": 2, "Plan Width": 4, "Actual Rows": 3, "Actual Loops": 10204, "Index Cond": "(owneruserid = v.userid)", "Rows Removed by Index Recheck": 0, "Filter": "((score <= 52) AND (answercount >= 0))", "Rows Removed by Filter": 5, "Workers": []}]}]}]}]}]}]}]}, "Planning Time": 6.584, "Triggers": [], "Execution Time": 1778.398}, {"Plan": {"Node Type": "Aggregate", "Strategy": "Plain", "Partial Mode": "Finalize", "Parallel Aware": false, "Async Capable": false, "Startup Cost": 1172692.41, "Total Cost": 1172692.42, "Plan Rows": 1, "Plan Width": 8, "Actual Rows": 1, "Actual Loops": 1, "Plans": [{"Node Type": "Gather", "Parent Relationship": "Outer", "Parallel Aware": false, "Async Capable": false, "Startup Cost": 1172692.29, "Total Cost": 1172692.4, "Plan Rows": 1, "Plan Width": 8, "Actual Rows": 2, "Actual Loops": 1, "Workers Planned": 1, "Workers Launched": 1, "Single Copy": false, "Plans": [{"Node Type": "Aggregate", "Strategy": "Plain", "Partial Mode": "Partial", "Parent Relationship": "Outer", "Parallel Aware": false, "Async Capable": false, "Startup Cost": 1171692.29, "Total Cost": 1171692.3, "Plan Rows": 1, "Plan Width": 8, "Actual Rows": 1, "Actual Loops": 2, "Workers": [], "Plans": [{"Node Type": "Nested Loop", "Parent Relationship": "Outer", "Parallel Aware": false, "Async Capable": false, "Join Type": "Inner", "Startup Cost": 1.33, "Total Cost": 157264.39, "Plan Rows": 405771161, "Plan Width": 0, "Actual Rows": 20427832, "Actual Loops": 2, "Inner Unique": false, "Workers": [], "Plans": [{"Node Type": "Nested Loop", "Parent Relationship": "Outer", "Parallel Aware": false, "Async Capable": false, "Join Type": "Inner", "Startup Cost": 1.02, "Total Cost": 19249.81, "Plan Rows": 666670, "Plan Width": 12, "Actual Rows": 121840, "Actual Loops": 2, "Inner Unique": false, "Join Filter": "(p.owneruserid = u.id)", "Rows Removed by Join Filter": 0, "Workers": [], "Plans": [{"Node Type": "Nested Loop", "Parent Relationship": "Outer", "Parallel Aware": false, "Async Capable": false, "Join Type": "Inner", "Startup Cost": 0.72, "Total Cost": 16833.0, "Plan Rows": 19679, "Plan Width": 8, "Actual Rows": 14448, "Actual Loops": 2, "Inner Unique": true, "Workers": [], "Plans": [{"Node Type": "Index Scan", "Parent Relationship": "Outer", "Parallel Aware": true, "Async Capable": false, "Scan Direction": "Forward", "Index Name": "idx_votes_userid", "Relation Name": "votes", "Alias": "v", "Startup Cost": 0.42, "Total Cost": 10733.91, "Plan Rows": 192661, "Plan Width": 4, "Actual Rows": 163825, "Actual Loops": 2, "Filter": "(creationdate >= '2010-07-20 00:00:00'::timestamp without time zone)", "Rows Removed by Filter": 207, "Workers": []}, {"Node Type": "Memoize", "Parent Relationship": "Inner", "Parallel Aware": false, "Async Capable": false, "Startup Cost": 0.3, "Total Cost": 0.33, "Plan Rows": 1, "Plan Width": 4, "Actual Rows": 0, "Actual Loops": 327650, "Cache Key": "v.userid", "Cache Mode": "logical", "Cache Hits": 160328, "Cache Misses": 1826, "Cache Evictions": 0, "Cache Overflows": 0, "Peak Memory Usage": 173, "Workers": [{"Worker Number": 0, "Cache Hits": 161779, "Cache Misses": 3717, "Cache Evictions": 0, "Cache Overflows": 0, "Peak Memory Usage": 377}], "Plans": [{"Node Type": "Index Scan", "Parent Relationship": "Outer", "Parallel Aware": false, "Async Capable": false, "Scan Direction": "Forward", "Index Name": "users_pkey", "Relation Name": "users", "Alias": "u", "Startup Cost": 0.29, "Total Cost": 0.32, "Plan Rows": 1, "Plan Width": 4, "Actual Rows": 1, "Actual Loops": 5543, "Index Cond": "(id = v.userid)", "Rows Removed by Index Recheck": 0, "Filter": "((upvotes >= 0) AND (creationdate >= '2010-10-05 05:52:35'::timestamp without time zone) AND (creationdate <= '2014-09-08 15:55:02'::timestamp without time zone))", "Rows Removed by Filter": 0, "Workers": []}]}]}, {"Node Type": "Memoize", "Parent Relationship": "Inner", "Parallel Aware": false, "Async Capable": false, "Startup Cost": 0.3, "Total Cost": 0.4, "Plan Rows": 2, "Plan Width": 4, "Actual Rows": 8, "Actual Loops": 28895, "Cache Key": "v.userid", "Cache Mode": "logical", "Cache Hits": 10018, "Cache Misses": 1458, "Cache Evictions": 0, "Cache Overflows": 0, "Peak Memory Usage": 279, "Workers": [{"Worker Number": 0, "Cache Hits": 13725, "Cache Misses": 3694, "Cache Evictions": 0, "Cache Overflows": 0, "Peak Memory Usage": 553}], "Plans": [{"Node Type": "Index Scan", "Parent Relationship": "Outer", "Parallel Aware": false, "Async Capable": false, "Scan Direction": "Forward", "Index Name": "idx_posts_owneruserid", "Relation Name": "posts", "Alias": "p", "Startup Cost": 0.29, "Total Cost": 0.39, "Plan Rows": 2, "Plan Width": 4, "Actual Rows": 3, "Actual Loops": 5152, "Index Cond": "(owneruserid = v.userid)", "Rows Removed by Index Recheck": 0, "Filter": "((score <= 52) AND (answercount >= 0))", "Rows Removed by Filter": 5, "Workers": []}]}]}, {"Node Type": "Memoize", "Parent Relationship": "Inner", "Parallel Aware": false, "Async Capable": false, "Startup Cost": 0.3, "Total Cost": 0.56, "Plan Rows": 13, "Plan Width": 4, "Actual Rows": 168, "Actual Loops": 243679, "Cache Key": "u.id", "Cache Mode": "logical", "Cache Hits": 133246, "Cache Misses": 894, "Cache Evictions": 0, "Cache Overflows": 0, "Peak Memory Usage": 1051, "Workers": [{"Worker Number": 0, "Cache Hits": 107585, "Cache Misses": 1954, "Cache Evictions": 0, "Cache Overflows": 0, "Peak Memory Usage": 1591}], "Plans": [{"Node Type": "Index Only Scan", "Parent Relationship": "Outer", "Parallel Aware": false, "Async Capable": false, "Scan Direction": "Forward", "Index Name": "idx_comments_userid", "Relation Name": "comments", "Alias": "c", "Startup Cost": 0.29, "Total Cost": 0.55, "Plan Rows": 13, "Plan Width": 4, "Actual Rows": 24, "Actual Loops": 2848, "Index Cond": "(userid = u.id)", "Rows Removed by Index Recheck": 0, "Heap Fetches": 0, "Workers": []}]}]}]}]}]}, "Planning Time": 4.993, "Triggers": [], "Execution Time": 1055.257}, {"Plan": {"Node Type": "Aggregate", "Strategy": "Plain", "Partial Mode": "Finalize", "Parallel Aware": false, "Async Capable": false, "Startup Cost": 1166530.73, "Total Cost": 1166530.74, "Plan Rows": 1, "Plan Width": 8, "Actual Rows": 1, "Actual Loops": 1, "Plans": [{"Node Type": "Gather", "Parent Relationship": "Outer", "Parallel Aware": false, "Async Capable": false, "Startup Cost": 1166530.62, "Total Cost": 1166530.73, "Plan Rows": 1, "Plan Width": 8, "Actual Rows": 2, "Actual Loops": 1, "Workers Planned": 1, "Workers Launched": 1, "Single Copy": false, "Plans": [{"Node Type": "Aggregate", "Strategy": "Plain", "Partial Mode": "Partial", "Parent Relationship": "Outer", "Parallel Aware": false, "Async Capable": false, "Startup Cost": 1165530.62, "Total Cost": 1165530.63, "Plan Rows": 1, "Plan Width": 8, "Actual Rows": 1, "Actual Loops": 2, "Workers": [], "Plans": [{"Node Type": "Nested Loop", "Parent Relationship": "Outer", "Parallel Aware": false, "Async Capable": false, "Join Type": "Inner", "Startup Cost": 0.91, "Total Cost": 151102.72, "Plan Rows": 405771161, "Plan Width": 0, "Actual Rows": 20427832, "Actual Loops": 2, "Inner Unique": false, "Workers": [], "Plans": [{"Node Type": "Nested Loop", "Parent Relationship": "Outer", "Parallel Aware": false, "Async Capable": false, "Join Type": "Inner", "Startup Cost": 0.6, "Total Cost": 13088.13, "Plan Rows": 666670, "Plan Width": 12, "Actual Rows": 121840, "Actual Loops": 2, "Inner Unique": false, "Join Filter": "(p.owneruserid = u.id)", "Rows Removed by Join Filter": 0, "Workers": [], "Plans": [{"Node Type": "Nested Loop", "Parent Relationship": "Outer", "Parallel Aware": false, "Async Capable": false, "Join Type": "Inner", "Startup Cost": 0.3, "Total Cost": 10671.32, "Plan Rows": 19679, "Plan Width": 8, "Actual Rows": 14448, "Actual Loops": 2, "Inner Unique": true, "Workers": [], "Plans": [{"Node Type": "Seq Scan", "Parent Relationship": "Outer", "Parallel Aware": true, "Async Capable": false, "Relation Name": "votes", "Alias": "v", "Startup Cost": 0.0, "Total Cost": 4572.24, "Plan Rows": 192661, "Plan Width": 4, "Actual Rows": 163825, "Actual Loops": 2, "Filter": "(creationdate >= '2010-07-20 00:00:00'::timestamp without time zone)", "Rows Removed by Filter": 207, "Workers": []}, {"Node Type": "Memoize", "Parent Relationship": "Inner", "Parallel Aware": false, "Async Capable": false, "Startup Cost": 0.3, "Total Cost": 0.33, "Plan Rows": 1, "Plan Width": 4, "Actual Rows": 0, "Actual Loops": 327650, "Cache Key": "v.userid", "Cache Mode": "logical", "Cache Hits": 170669, "Cache Misses": 3872, "Cache Evictions": 0, "Cache Overflows": 0, "Peak Memory Usage": 382, "Workers": [{"Worker Number": 0, "Cache Hits": 149497, "Cache Misses": 3612, "Cache Evictions": 0, "Cache Overflows": 0, "Peak Memory Usage": 359}], "Plans": [{"Node Type": "Index Scan", "Parent Relationship": "Outer", "Parallel Aware": false, "Async Capable": false, "Scan Direction": "Forward", "Index Name": "users_pkey", "Relation Name": "users", "Alias": "u", "Startup Cost": 0.29, "Total Cost": 0.32, "Plan Rows": 1, "Plan Width": 4, "Actual Rows": 1, "Actual Loops": 7484, "Index Cond": "(id = v.userid)", "Rows Removed by Index Recheck": 0, "Filter": "((upvotes >= 0) AND (creationdate >= '2010-10-05 05:52:35'::timestamp without time zone) AND (creationdate <= '2014-09-08 15:55:02'::timestamp without time zone))", "Rows Removed by Filter": 0, "Workers": []}]}]}, {"Node Type": "Memoize", "Parent Relationship": "Inner", "Parallel Aware": false, "Async Capable": false, "Startup Cost": 0.3, "Total Cost": 0.4, "Plan Rows": 2, "Plan Width": 4, "Actual Rows": 8, "Actual Loops": 28895, "Cache Key": "v.userid", "Cache Mode": "logical", "Cache Hits": 11150, "Cache Misses": 3535, "Cache Evictions": 0, "Cache Overflows": 0, "Peak Memory Usage": 630, "Workers": [{"Worker Number": 0, "Cache Hits": 10825, "Cache Misses": 3385, "Cache Evictions": 0, "Cache Overflows": 0, "Peak Memory Usage": 622}], "Plans": [{"Node Type": "Index Scan", "Parent Relationship": "Outer", "Parallel Aware": false, "Async Capable": false, "Scan Direction": "Forward", "Index Name": "idx_posts_owneruserid", "Relation Name": "posts", "Alias": "p", "Startup Cost": 0.29, "Total Cost": 0.39, "Plan Rows": 2, "Plan Width": 4, "Actual Rows": 3, "Actual Loops": 6920, "Index Cond": "(owneruserid = v.userid)", "Rows Removed by Index Recheck": 0, "Filter": "((score <= 52) AND (answercount >= 0))", "Rows Removed by Filter": 6, "Workers": []}]}]}, {"Node Type": "Memoize", "Parent Relationship": "Inner", "Parallel Aware": false, "Async Capable": false, "Startup Cost": 0.3, "Total Cost": 0.56, "Plan Rows": 13, "Plan Width": 4, "Actual Rows": 168, "Actual Loops": 243679, "Cache Key": "u.id", "Cache Mode": "logical", "Cache Hits": 120998, "Cache Misses": 2058, "Cache Evictions": 0, "Cache Overflows": 0, "Peak Memory Usage": 2310, "Workers": [{"Worker Number": 0, "Cache Hits": 118641, "Cache Misses": 1982, "Cache Evictions": 0, "Cache Overflows": 0, "Peak Memory Usage": 2369}], "Plans": [{"Node Type": "Index Only Scan", "Parent Relationship": "Outer", "Parallel Aware": false, "Async Capable": false, "Scan Direction": "Forward", "Index Name": "idx_comments_userid", "Relation Name": "comments", "Alias": "c", "Startup Cost": 0.29, "Total Cost": 0.55, "Plan Rows": 13, "Plan Width": 4, "Actual Rows": 31, "Actual Loops": 4040, "Index Cond": "(userid = u.id)", "Rows Removed by Index Recheck": 0, "Heap Fetches": 0, "Workers": []}]}]}]}]}]}, "Planning Time": 5.339, "Triggers": [], "Execution Time": 1086.2}, {"Plan": {"Node Type": "Aggregate", "Strategy": "Plain", "Partial Mode": "Simple", "Parallel Aware": false, "Async Capable": false, "Startup Cost": 40001809249.47, "Total Cost": 40001809249.48, "Plan Rows": 1, "Plan Width": 8, "Actual Rows": 1, "Actual Loops": 1, "Plans": [{"Node Type": "Merge Join", "Parent Relationship": "Outer", "Parallel Aware": false, "Async Capable": false, "Join Type": "Inner", "Startup Cost": 40000000002.93, "Total Cost": 40000084722.03, "Plan Rows": 689810974, "Plan Width": 0, "Actual Rows": 40855663, "Actual Loops": 1, "Inner Unique": false, "Merge Cond": "(c.userid = u.id)", "Plans": [{"Node Type": "Index Only Scan", "Parent Relationship": "Outer", "Parallel Aware": false, "Async Capable": false, "Scan Direction": "Forward", "Index Name": "idx_comments_userid", "Relation Name": "comments", "Alias": "c", "Startup Cost": 10000000000.3, "Total Cost": 10000003568.78, "Plan Rows": 174305, "Plan Width": 4, "Actual Rows": 171365, "Actual Loops": 1, "Heap Fetches": 0}, {"Node Type": "Materialize", "Parent Relationship": "Inner", "Parallel Aware": false, "Async Capable": false, "Startup Cost": 30000000001.01, "Total Cost": 30000011349.53, "Plan Rows": 1133339, "Plan Width": 12, "Actual Rows": 40857039, "Actual Loops": 1, "Plans": [{"Node Type": "Merge Join", "Parent Relationship": "Outer", "Parallel Aware": false, "Async Capable": false, "Join Type": "Inner", "Startup Cost": 30000000001.01, "Total Cost": 30000008516.18, "Plan Rows": 1133339, "Plan Width": 12, "Actual Rows": 243679, "Actual Loops": 1, "Inner Unique": false, "Merge Cond": "(u.id = p.owneruserid)", "Plans": [{"Node Type": "Merge Join", "Parent Relationship": "Outer", "Parallel Aware": false, "Async Capable": false, "Join Type": "Inner", "Startup Cost": 20000000000.71, "Total Cost": 20000003492.23, "Plan Rows": 33455, "Plan Width": 8, "Actual Rows": 28895, "Actual Loops": 1, "Inner Unique": true, "Merge Cond": "(v.userid = u.id)", "Plans": [{"Node Type": "Index Scan", "Parent Relationship": "Outer", "Parallel Aware": false, "Async Capable": false, "Scan Direction": "Forward", "Index Name": "idx_votes_userid", "Relation Name": "votes", "Alias": "v", "Startup Cost": 10000000000.42, "Total Cost": 10000012422.47, "Plan Rows": 327523, "Plan Width": 4, "Actual Rows": 34737, "Actual Loops": 1, "Filter": "(creationdate >= '2010-07-20 00:00:00'::timestamp without time zone)", "Rows Removed by Filter": 32}, {"Node Type": "Index Scan", "Parent Relationship": "Inner", "Parallel Aware": false, "Async Capable": false, "Scan Direction": "Forward", "Index Name": "users_pkey", "Relation Name": "users", "Alias": "u", "Startup Cost": 10000000000.29, "Total Cost": 10000001659.6, "Plan Rows": 38949, "Plan Width": 4, "Actual Rows": 38951, "Actual Loops": 1, "Filter": "((upvotes >= 0) AND (creationdate >= '2010-10-05 05:52:35'::timestamp without time zone) AND (creationdate <= '2014-09-08 15:55:02'::timestamp without time zone))", "Rows Removed by Filter": 1374}]}, {"Node Type": "Index Scan", "Parent Relationship": "Inner", "Parallel Aware": false, "Async Capable": false, "Scan Direction": "Forward", "Index Name": "idx_posts_owneruserid", "Relation Name": "posts", "Alias": "p", "Startup Cost": 10000000000.29, "Total Cost": 10000004553.55, "Plan Rows": 42859, "Plan Width": 4, "Actual Rows": 271790, "Actual Loops": 1, "Filter": "((score <= 52) AND (answercount >= 0))", "Rows Removed by Filter": 827658}]}]}]}]}, "Planning Time": 3.151, "Triggers": [], "Execution Time": 3474.05}, {"Plan": {"Node Type": "Aggregate", "Strategy": "Plain", "Partial Mode": "Finalize", "Parallel Aware": false, "Async Capable": false, "Startup Cost": 1109784.84, "Total Cost": 1109784.85, "Plan Rows": 1, "Plan Width": 8, "Actual Rows": 1, "Actual Loops": 1, "Plans": [{"Node Type": "Gather", "Parent Relationship": "Outer", "Parallel Aware": false, "Async Capable": false, "Startup Cost": 1109784.73, "Total Cost": 1109784.84, "Plan Rows": 1, "Plan Width": 8, "Actual Rows": 2, "Actual Loops": 1, "Workers Planned": 1, "Workers Launched": 1, "Single Copy": false, "Plans": [{"Node Type": "Aggregate", "Strategy": "Plain", "Partial Mode": "Partial", "Parent Relationship": "Outer", "Parallel Aware": false, "Async Capable": false, "Startup Cost": 1108784.73, "Total Cost": 1108784.74, "Plan Rows": 1, "Plan Width": 8, "Actual Rows": 1, "Actual Loops": 2, "Workers": [], "Plans": [{"Node Type": "Merge Join", "Parent Relationship": "Outer", "Parallel Aware": false, "Async Capable": false, "Join Type": "Inner", "Startup Cost": 49234.81, "Total Cost": 94356.83, "Plan Rows": 405771161, "Plan Width": 0, "Actual Rows": 20427832, "Actual Loops": 2, "Inner Unique": false, "Merge Cond": "(u.id = c.userid)", "Workers": [], "Plans": [{"Node Type": "Merge Join", "Parent Relationship": "Outer", "Parallel Aware": false, "Async Capable": false, "Join Type": "Inner", "Startup Cost": 30973.21, "Total Cost": 31932.86, "Plan Rows": 666670, "Plan Width": 12, "Actual Rows": 121840, "Actual Loops": 2, "Inner Unique": false, "Merge Cond": "(u.id = p.owneruserid)", "Workers": [], "Plans": [{"Node Type": "Merge Join", "Parent Relationship": "Outer", "Parallel Aware": false, "Async Capable": false, "Join Type": "Inner", "Startup Cost": 25456.15, "Total Cost": 25949.56, "Plan Rows": 19679, "Plan Width": 8, "Actual Rows": 14448, "Actual Loops": 2, "Inner Unique": true, "Merge Cond": "(v.userid = u.id)", "Workers": [], "Plans": [{"Node Type": "Sort", "Parent Relationship": "Outer", "Parallel Aware": false, "Async Capable": false, "Startup Cost": 21483.73, "Total Cost": 21965.39, "Plan Rows": 192661, "Plan Width": 4, "Actual Rows": 17369, "Actual Loops": 2, "Sort Key": ["v.userid"], "Sort Method": "quicksort", "Sort Space Used": 6145, "Sort Space Type": "Memory", "Workers": [{"Worker Number": 0, "Sort Method": "quicksort", "Sort Space Used": 3073, "Sort Space Type": "Memory"}], "Plans": [{"Node Type": "Seq Scan", "Parent Relationship": "Outer", "Parallel Aware": true, "Async Capable": false, "Relation Name": "votes", "Alias": "v", "Startup Cost": 0.0, "Total Cost": 4572.24, "Plan Rows": 192661, "Plan Width": 4, "Actual Rows": 163825, "Actual Loops": 2, "Filter": "(creationdate >= '2010-07-20 00:00:00'::timestamp without time zone)", "Rows Removed by Filter": 207, "Workers": []}]}, {"Node Type": "Sort", "Parent Relationship": "Inner", "Parallel Aware": false, "Async Capable": false, "Startup Cost": 3972.41, "Total Cost": 4069.78, "Plan Rows": 38949, "Plan Width": 4, "Actual Rows": 38951, "Actual Loops": 2, "Sort Key": ["u.id"], "Sort Method": "quicksort", "Sort Space Used": 1537, "Sort Space Type": "Memory", "Workers": [{"Worker Number": 0, "Sort Method": "quicksort", "Sort Space Used": 1537, "Sort Space Type": "Memory"}], "Plans": [{"Node Type": "Seq Scan", "Parent Relationship": "Outer", "Parallel Aware": false, "Async Capable": false, "Relation Name": "users", "Alias": "u", "Startup Cost": 0.0, "Total Cost": 1002.69, "Plan Rows": 38949, "Plan Width": 4, "Actual Rows": 38951, "Actual Loops": 2, "Filter": "((upvotes >= 0) AND (creationdate >= '2010-10-05 05:52:35'::timestamp without time zone) AND (creationdate <= '2014-09-08 15:55:02'::timestamp without time zone))", "Rows Removed by Filter": 1374, "Workers": []}]}]}, {"Node Type": "Sort", "Parent Relationship": "Inner", "Parallel Aware": false, "Async Capable": false, "Startup Cost": 5517.06, "Total Cost": 5624.21, "Plan Rows": 42859, "Plan Width": 4, "Actual Rows": 152923, "Actual Loops": 2, "Sort Key": ["p.owneruserid"], "Sort Method": "quicksort", "Sort Space Used": 1537, "Sort Space Type": "Memory", "Workers": [{"Worker Number": 0, "Sort Method": "quicksort", "Sort Space Used": 1537, "Sort Space Type": "Memory"}], "Plans": [{"Node Type": "Seq Scan", "Parent Relationship": "Outer", "Parallel Aware": false, "Async Capable": false, "Relation Name": "posts", "Alias": "p", "Startup Cost": 0.0, "Total Cost": 2219.64, "Plan Rows": 42859, "Plan Width": 4, "Actual Rows": 42871, "Actual Loops": 2, "Filter": "((score <= 52) AND (answercount >= 0))", "Rows Removed by Filter": 49105, "Workers": []}]}]}, {"Node Type": "Sort", "Parent Relationship": "Inner", "Parallel Aware": false, "Async Capable": false, "Startup Cost": 18261.39, "Total Cost": 18697.16, "Plan Rows": 174305, "Plan Width": 4, "Actual Rows": 20538100, "Actual Loops": 2, "Sort Key": ["c.userid"], "Sort Method": "quicksort", "Sort Space Used": 6145, "Sort Space Type": "Memory", "Workers": [{"Worker Number": 0, "Sort Method": "quicksort", "Sort Space Used": 6145, "Sort Space Type": "Memory"}], "Plans": [{"Node Type": "Seq Scan", "Parent Relationship": "Outer", "Parallel Aware": false, "Async Capable": false, "Relation Name": "comments", "Alias": "c", "Startup Cost": 0.0, "Total Cost": 3087.05, "Plan Rows": 174305, "Plan Width": 4, "Actual Rows": 174305, "Actual Loops": 2, "Workers": []}]}]}]}]}]}, "Planning Time": 3.19, "Triggers": [], "Execution Time": 1967.245}, {"Plan": {"Node Type": "Aggregate", "Strategy": "Plain", "Partial Mode": "Finalize", "Parallel Aware": false, "Async Capable": false, "Startup Cost": 1217189.15, "Total Cost": 1217189.16, "Plan Rows": 1, "Plan Width": 8, "Actual Rows": 1, "Actual Loops": 1, "Plans": [{"Node Type": "Gather", "Parent Relationship": "Outer", "Parallel Aware": false, "Async Capable": false, "Startup Cost": 1217189.04, "Total Cost": 1217189.15, "Plan Rows": 1, "Plan Width": 8, "Actual Rows": 2, "Actual Loops": 1, "Workers Planned": 1, "Workers Launched": 1, "Single Copy": false, "Plans": [{"Node Type": "Aggregate", "Strategy": "Plain", "Partial Mode": "Partial", "Parent Relationship": "Outer", "Parallel Aware": false, "Async Capable": false, "Startup Cost": 1216189.04, "Total Cost": 1216189.05, "Plan Rows": 1, "Plan Width": 8, "Actual Rows": 1, "Actual Loops": 2, "Workers": [], "Plans": [{"Node Type": "Nested Loop", "Parent Relationship": "Outer", "Parallel Aware": false, "Async Capable": false, "Join Type": "Inner", "Startup Cost": 1.05, "Total Cost": 201761.14, "Plan Rows": 405771161, "Plan Width": 0, "Actual Rows": 20427832, "Actual Loops": 2, "Inner Unique": false, "Join Filter": "(c.userid = u.id)", "Rows Removed by Join Filter": 0, "Workers": [], "Plans": [{"Node Type": "Nested Loop", "Parent Relationship": "Outer", "Parallel Aware": false, "Async Capable": false, "Join Type": "Inner", "Startup Cost": 0.64, "Total Cost": 45148.6, "Plan Rows": 666670, "Plan Width": 12, "Actual Rows": 121840, "Actual Loops": 2, "Inner Unique": false, "Join Filter": "(p.owneruserid = u.id)", "Rows Removed by Join Filter": 0, "Workers": [], "Plans": [{"Node Type": "Nested Loop", "Parent Relationship": "Outer", "Parallel Aware": false, "Async Capable": false, "Join Type": "Inner", "Startup Cost": 0.31, "Total Cost": 26699.64, "Plan Rows": 19679, "Plan Width": 8, "Actual Rows": 14448, "Actual Loops": 2, "Inner Unique": true, "Workers": [], "Plans": [{"Node Type": "Seq Scan", "Parent Relationship": "Outer", "Parallel Aware": true, "Async Capable": false, "Relation Name": "votes", "Alias": "v", "Startup Cost": 0.0, "Total Cost": 4572.24, "Plan Rows": 192661, "Plan Width": 4, "Actual Rows": 163825, "Actual Loops": 2, "Filter": "(creationdate >= '2010-07-20 00:00:00'::timestamp without time zone)", "Rows Removed by Filter": 207, "Workers": []}, {"Node Type": "Memoize", "Parent Relationship": "Inner", "Parallel Aware": false, "Async Capable": false, "Startup Cost": 0.31, "Total Cost": 4.33, "Plan Rows": 1, "Plan Width": 4, "Actual Rows": 0, "Actual Loops": 327650, "Cache Key": "v.userid", "Cache Mode": "logical", "Cache Hits": 175567, "Cache Misses": 3863, "Cache Evictions": 0, "Cache Overflows": 0, "Peak Memory Usage": 381, "Workers": [{"Worker Number": 0, "Cache Hits": 144597, "Cache Misses": 3623, "Cache Evictions": 0, "Cache Overflows": 0, "Peak Memory Usage": 361}], "Plans": [{"Node Type": "Bitmap Heap Scan", "Parent Relationship": "Outer", "Parallel Aware": false, "Async Capable": false, "Relation Name": "users", "Alias": "u", "Startup Cost": 0.3, "Total Cost": 4.32, "Plan Rows": 1, "Plan Width": 4, "Actual Rows": 1, "Actual Loops": 7486, "Recheck Cond": "(v.userid = id)", "Rows Removed by Index Recheck": 0, "Filter": "((upvotes >= 0) AND (creationdate >= '2010-10-05 05:52:35'::timestamp without time zone) AND (creationdate <= '2014-09-08 15:55:02'::timestamp without time zone))", "Rows Removed by Filter": 0, "Exact Heap Blocks": 3862, "Lossy Heap Blocks": 0, "Workers": [], "Plans": [{"Node Type": "Bitmap Index Scan", "Parent Relationship": "Outer", "Parallel Aware": false, "Async Capable": false, "Index Name": "users_pkey", "Startup Cost": 0.0, "Total Cost": 0.3, "Plan Rows": 1, "Plan Width": 0, "Actual Rows": 1, "Actual Loops": 7486, "Index Cond": "(id = v.userid)", "Workers": []}]}]}]}, {"Node Type": "Memoize", "Parent Relationship": "Inner", "Parallel Aware": false, "Async Capable": false, "Startup Cost": 0.33, "Total Cost": 4.4, "Plan Rows": 2, "Plan Width": 4, "Actual Rows": 8, "Actual Loops": 28895, "Cache Key": "v.userid", "Cache Mode": "logical", "Cache Hits": 11319, "Cache Misses": 3529, "Cache Evictions": 0, "Cache Overflows": 0, "Peak Memory Usage": 635, "Workers": [{"Worker Number": 0, "Cache Hits": 10644, "Cache Misses": 3403, "Cache Evictions": 0, "Cache Overflows": 0, "Peak Memory Usage": 610}], "Plans": [{"Node Type": "Bitmap Heap Scan", "Parent Relationship": "Outer", "Parallel Aware": false, "Async Capable": false, "Relation Name": "posts", "Alias": "p", "Startup Cost": 0.32, "Total Cost": 4.39, "Plan Rows": 2, "Plan Width": 4, "Actual Rows": 3, "Actual Loops": 6932, "Recheck Cond": "(owneruserid = v.userid)", "Rows Removed by Index Recheck": 0, "Filter": "((score <= 52) AND (answercount >= 0))", "Rows Removed by Filter": 6, "Exact Heap Blocks": 22671, "Lossy Heap Blocks": 0, "Workers": [], "Plans": [{"Node Type": "Bitmap Index Scan", "Parent Relationship": "Outer", "Parallel Aware": false, "Async Capable": false, "Index Name": "idx_posts_owneruserid", "Startup Cost": 0.0, "Total Cost": 0.32, "Plan Rows": 4, "Plan Width": 0, "Actual Rows": 9, "Actual Loops": 6932, "Index Cond": "(owneruserid = v.userid)", "Workers": []}]}]}]}, {"Node Type": "Memoize", "Parent Relationship": "Inner", "Parallel Aware": false, "Async Capable": false, "Startup Cost": 0.41, "Total Cost": 4.57, "Plan Rows": 13, "Plan Width": 4, "Actual Rows": 168, "Actual Loops": 243679, "Cache Key": "v.userid", "Cache Mode": "logical", "Cache Hits": 121031, "Cache Misses": 2077, "Cache Evictions": 0, "Cache Overflows": 0, "Peak Memory Usage": 2350, "Workers": [{"Worker Number": 0, "Cache Hits": 118608, "Cache Misses": 1963, "Cache Evictions": 0, "Cache Overflows": 0, "Peak Memory Usage": 2311}], "Plans": [{"Node Type": "Bitmap Heap Scan", "Parent Relationship": "Outer", "Parallel Aware": false, "Async Capable": false, "Relation Name": "comments", "Alias": "c", "Startup Cost": 0.4, "Total Cost": 4.56, "Plan Rows": 13, "Plan Width": 4, "Actual Rows": 31, "Actual Loops": 4040, "Recheck Cond": "(userid = v.userid)", "Rows Removed by Index Recheck": 0, "Exact Heap Blocks": 28450, "Lossy Heap Blocks": 0, "Workers": [], "Plans": [{"Node Type": "Bitmap Index Scan", "Parent Relationship": "Outer", "Parallel Aware": false, "Async Capable": false, "Index Name": "idx_comments_userid", "Startup Cost": 0.0, "Total Cost": 0.39, "Plan Rows": 13, "Plan Width": 0, "Actual Rows": 31, "Actual Loops": 4040, "Index Cond": "(userid = v.userid)", "Workers": []}]}]}]}]}]}]}, "Planning Time": 5.387, "Triggers": [], "Execution Time": 1591.133}, {"Plan": {"Node Type": "Aggregate", "Strategy": "Plain", "Partial Mode": "Finalize", "Parallel Aware": false, "Async Capable": false, "Startup Cost": 1073694.4, "Total Cost": 1073694.41, "Plan Rows": 1, "Plan Width": 8, "Actual Rows": 1, "Actual Loops": 1, "Plans": [{"Node Type": "Gather", "Parent Relationship": "Outer", "Parallel Aware": false, "Async Capable": false, "Startup Cost": 1073694.28, "Total Cost": 1073694.39, "Plan Rows": 1, "Plan Width": 8, "Actual Rows": 2, "Actual Loops": 1, "Workers Planned": 1, "Workers Launched": 1, "Single Copy": false, "Plans": [{"Node Type": "Aggregate", "Strategy": "Plain", "Partial Mode": "Partial", "Parent Relationship": "Outer", "Parallel Aware": false, "Async Capable": false, "Startup Cost": 1072694.28, "Total Cost": 1072694.29, "Plan Rows": 1, "Plan Width": 8, "Actual Rows": 1, "Actual Loops": 2, "Workers": [], "Plans": [{"Node Type": "Merge Join", "Parent Relationship": "Outer", "Parallel Aware": false, "Async Capable": false, "Join Type": "Inner", "Startup Cost": 2.54, "Total Cost": 58266.38, "Plan Rows": 405771161, "Plan Width": 0, "Actual Rows": 20427832, "Actual Loops": 2, "Inner Unique": false, "Merge Cond": "(c.userid = u.id)", "Workers": [], "Plans": [{"Node Type": "Index Scan", "Parent Relationship": "Outer", "Parallel Aware": true, "Async Capable": false, "Scan Direction": "Forward", "Index Name": "idx_comments_userid", "Relation Name": "comments", "Alias": "c", "Startup Cost": 0.29, "Total Cost": 7105.47, "Plan Rows": 102532, "Plan Width": 4, "Actual Rows": 85683, "Actual Loops": 2, "Workers": []}, {"Node Type": "Materialize", "Parent Relationship": "Inner", "Parallel Aware": false, "Async Capable": false, "Startup Cost": 1.0, "Total Cost": 11349.53, "Plan Rows": 1133339, "Plan Width": 12, "Actual Rows": 20545392, "Actual Loops": 2, "Workers": [], "Plans": [{"Node Type": "Merge Join", "Parent Relationship": "Outer", "Parallel Aware": false, "Async Capable": false, "Join Type": "Inner", "Startup Cost": 1.0, "Total Cost": 8516.18, "Plan Rows": 1133339, "Plan Width": 12, "Actual Rows": 243636, "Actual Loops": 2, "Inner Unique": false, "Merge Cond": "(u.id = p.owneruserid)", "Workers": [], "Plans": [{"Node Type": "Merge Join", "Parent Relationship": "Outer", "Parallel Aware": false, "Async Capable": false, "Join Type": "Inner", "Startup Cost": 0.71, "Total Cost": 3492.23, "Plan Rows": 33455, "Plan Width": 8, "Actual Rows": 28818, "Actual Loops": 2, "Inner Unique": true, "Merge Cond": "(v.userid = u.id)", "Workers": [], "Plans": [{"Node Type": "Index Scan", "Parent Relationship": "Outer", "Parallel Aware": false, "Async Capable": false, "Scan Direction": "Forward", "Index Name": "idx_votes_userid", "Relation Name": "votes", "Alias": "v", "Startup Cost": 0.42, "Total Cost": 12422.47, "Plan Rows": 327523, "Plan Width": 4, "Actual Rows": 34660, "Actual Loops": 2, "Filter": "(creationdate >= '2010-07-20 00:00:00'::timestamp without time zone)", "Rows Removed by Filter": 32, "Workers": []}, {"Node Type": "Index Scan", "Parent Relationship": "Inner", "Parallel Aware": false, "Async Capable": false, "Scan Direction": "Forward", "Index Name": "users_pkey", "Relation Name": "users", "Alias": "u", "Startup Cost": 0.29, "Total Cost": 1659.6, "Plan Rows": 38949, "Plan Width": 4, "Actual Rows": 38144, "Actual Loops": 2, "Filter": "((upvotes >= 0) AND (creationdate >= '2010-10-05 05:52:35'::timestamp without time zone) AND (creationdate <= '2014-09-08 15:55:02'::timestamp without time zone))", "Rows Removed by Filter": 1216, "Workers": []}]}, {"Node Type": "Index Scan", "Parent Relationship": "Inner", "Parallel Aware": false, "Async Capable": false, "Scan Direction": "Forward", "Index Name": "idx_posts_owneruserid", "Relation Name": "posts", "Alias": "p", "Startup Cost": 0.29, "Total Cost": 4553.55, "Plan Rows": 42859, "Plan Width": 4, "Actual Rows": 271400, "Actual Loops": 2, "Filter": "((score <= 52) AND (answercount >= 0))", "Rows Removed by Filter": 827408, "Workers": []}]}]}]}]}]}]}, "Planning Time": 6.737, "Triggers": [], "Execution Time": 2089.572}, {"Plan": {"Node Type": "Aggregate", "Strategy": "Plain", "Partial Mode": "Finalize", "Parallel Aware": false, "Async Capable": false, "Startup Cost": 1071672.77, "Total Cost": 1071672.78, "Plan Rows": 1, "Plan Width": 8, "Actual Rows": 1, "Actual Loops": 1, "Plans": [{"Node Type": "Gather", "Parent Relationship": "Outer", "Parallel Aware": false, "Async Capable": false, "Startup Cost": 1071672.65, "Total Cost": 1071672.76, "Plan Rows": 1, "Plan Width": 8, "Actual Rows": 2, "Actual Loops": 1, "Workers Planned": 1, "Workers Launched": 1, "Single Copy": false, "Plans": [{"Node Type": "Aggregate", "Strategy": "Plain", "Partial Mode": "Partial", "Parent Relationship": "Outer", "Parallel Aware": false, "Async Capable": false, "Startup Cost": 1070672.65, "Total Cost": 1070672.66, "Plan Rows": 1, "Plan Width": 8, "Actual Rows": 1, "Actual Loops": 2, "Workers": [], "Plans": [{"Node Type": "Merge Join", "Parent Relationship": "Outer", "Parallel Aware": false, "Async Capable": false, "Join Type": "Inner", "Startup Cost": 2.39, "Total Cost": 56244.75, "Plan Rows": 405771161, "Plan Width": 0, "Actual Rows": 20427832, "Actual Loops": 2, "Inner Unique": false, "Merge Cond": "(c.userid = u.id)", "Workers": [], "Plans": [{"Node Type": "Index Scan", "Parent Relationship": "Outer", "Parallel Aware": true, "Async Capable": false, "Scan Direction": "Forward", "Index Name": "idx_comments_userid", "Relation Name": "comments", "Alias": "c", "Startup Cost": 0.29, "Total Cost": 7105.47, "Plan Rows": 102532, "Plan Width": 4, "Actual Rows": 85683, "Actual Loops": 2, "Workers": []}, {"Node Type": "Materialize", "Parent Relationship": "Inner", "Parallel Aware": false, "Async Capable": false, "Startup Cost": 1.01, "Total Cost": 9327.9, "Plan Rows": 1133339, "Plan Width": 12, "Actual Rows": 20545956, "Actual Loops": 2, "Workers": [], "Plans": [{"Node Type": "Nested Loop", "Parent Relationship": "Outer", "Parallel Aware": false, "Async Capable": false, "Join Type": "Inner", "Startup Cost": 1.01, "Total Cost": 6494.55, "Plan Rows": 1133339, "Plan Width": 12, "Actual Rows": 243636, "Actual Loops": 2, "Inner Unique": false, "Join Filter": "(p.owneruserid = u.id)", "Rows Removed by Join Filter": 0, "Workers": [], "Plans": [{"Node Type": "Merge Join", "Parent Relationship": "Outer", "Parallel Aware": false, "Async Capable": false, "Join Type": "Inner", "Startup Cost": 0.71, "Total Cost": 3492.23, "Plan Rows": 33455, "Plan Width": 8, "Actual Rows": 28818, "Actual Loops": 2, "Inner Unique": true, "Merge Cond": "(v.userid = u.id)", "Workers": [], "Plans": [{"Node Type": "Index Scan", "Parent Relationship": "Outer", "Parallel Aware": false, "Async Capable": false, "Scan Direction": "Forward", "Index Name": "idx_votes_userid", "Relation Name": "votes", "Alias": "v", "Startup Cost": 0.42, "Total Cost": 12422.47, "Plan Rows": 327523, "Plan Width": 4, "Actual Rows": 34660, "Actual Loops": 2, "Filter": "(creationdate >= '2010-07-20 00:00:00'::timestamp without time zone)", "Rows Removed by Filter": 32, "Workers": []}, {"Node Type": "Index Scan", "Parent Relationship": "Inner", "Parallel Aware": false, "Async Capable": false, "Scan Direction": "Forward", "Index Name": "users_pkey", "Relation Name": "users", "Alias": "u", "Startup Cost": 0.29, "Total Cost": 1659.6, "Plan Rows": 38949, "Plan Width": 4, "Actual Rows": 38144, "Actual Loops": 2, "Filter": "((upvotes >= 0) AND (creationdate >= '2010-10-05 05:52:35'::timestamp without time zone) AND (creationdate <= '2014-09-08 15:55:02'::timestamp without time zone))", "Rows Removed by Filter": 1216, "Workers": []}]}, {"Node Type": "Memoize", "Parent Relationship": "Inner", "Parallel Aware": false, "Async Capable": false, "Startup Cost": 0.3, "Total Cost": 0.4, "Plan Rows": 2, "Plan Width": 4, "Actual Rows": 8, "Actual Loops": 57636, "Cache Key": "v.userid", "Cache Mode": "logical", "Cache Hits": 23689, "Cache Misses": 5052, "Cache Evictions": 0, "Cache Overflows": 0, "Peak Memory Usage": 823, "Workers": [{"Worker Number": 0, "Cache Hits": 23743, "Cache Misses": 5152, "Cache Evictions": 0, "Cache Overflows": 0, "Peak Memory Usage": 831}], "Plans": [{"Node Type": "Index Scan", "Parent Relationship": "Outer", "Parallel Aware": false, "Async Capable": false, "Scan Direction": "Forward", "Index Name": "idx_posts_owneruserid", "Relation Name": "posts", "Alias": "p", "Startup Cost": 0.29, "Total Cost": 0.39, "Plan Rows": 2, "Plan Width": 4, "Actual Rows": 3, "Actual Loops": 10204, "Index Cond": "(owneruserid = v.userid)", "Rows Removed by Index Recheck": 0, "Filter": "((score <= 52) AND (answercount >= 0))", "Rows Removed by Filter": 5, "Workers": []}]}]}]}]}]}]}]}, "Planning Time": 6.671, "Triggers": [], "Execution Time": 1875.447}, {"Plan": {"Node Type": "Aggregate", "Strategy": "Plain", "Partial Mode": "Finalize", "Parallel Aware": false, "Async Capable": false, "Startup Cost": 1175180.88, "Total Cost": 1175180.89, "Plan Rows": 1, "Plan Width": 8, "Actual Rows": 1, "Actual Loops": 1, "Plans": [{"Node Type": "Gather", "Parent Relationship": "Outer", "Parallel Aware": false, "Async Capable": false, "Startup Cost": 1175180.77, "Total Cost": 1175180.88, "Plan Rows": 1, "Plan Width": 8, "Actual Rows": 2, "Actual Loops": 1, "Workers Planned": 1, "Workers Launched": 1, "Single Copy": false, "Plans": [{"Node Type": "Aggregate", "Strategy": "Plain", "Partial Mode": "Partial", "Parent Relationship": "Outer", "Parallel Aware": false, "Async Capable": false, "Startup Cost": 1174180.77, "Total Cost": 1174180.78, "Plan Rows": 1, "Plan Width": 8, "Actual Rows": 1, "Actual Loops": 2, "Workers": [], "Plans": [{"Node Type": "Nested Loop", "Parent Relationship": "Outer", "Parallel Aware": false, "Async Capable": false, "Join Type": "Inner", "Startup Cost": 1.33, "Total Cost": 159752.87, "Plan Rows": 405771161, "Plan Width": 0, "Actual Rows": 20427832, "Actual Loops": 2, "Inner Unique": false, "Join Filter": "(c.userid = u.id)", "Rows Removed by Join Filter": 0, "Workers": [], "Plans": [{"Node Type": "Nested Loop", "Parent Relationship": "Outer", "Parallel Aware": false, "Async Capable": false, "Join Type": "Inner", "Startup Cost": 1.02, "Total Cost": 19249.81, "Plan Rows": 666670, "Plan Width": 12, "Actual Rows": 121840, "Actual Loops": 2, "Inner Unique": false, "Join Filter": "(p.owneruserid = u.id)", "Rows Removed by Join Filter": 0, "Workers": [], "Plans": [{"Node Type": "Nested Loop", "Parent Relationship": "Outer", "Parallel Aware": false, "Async Capable": false, "Join Type": "Inner", "Startup Cost": 0.72, "Total Cost": 16833.0, "Plan Rows": 19679, "Plan Width": 8, "Actual Rows": 14448, "Actual Loops": 2, "Inner Unique": true, "Workers": [], "Plans": [{"Node Type": "Index Scan", "Parent Relationship": "Outer", "Parallel Aware": true, "Async Capable": false, "Scan Direction": "Forward", "Index Name": "idx_votes_userid", "Relation Name": "votes", "Alias": "v", "Startup Cost": 0.42, "Total Cost": 10733.91, "Plan Rows": 192661, "Plan Width": 4, "Actual Rows": 163825, "Actual Loops": 2, "Filter": "(creationdate >= '2010-07-20 00:00:00'::timestamp without time zone)", "Rows Removed by Filter": 207, "Workers": []}, {"Node Type": "Memoize", "Parent Relationship": "Inner", "Parallel Aware": false, "Async Capable": false, "Startup Cost": 0.3, "Total Cost": 0.33, "Plan Rows": 1, "Plan Width": 4, "Actual Rows": 0, "Actual Loops": 327650, "Cache Key": "v.userid", "Cache Mode": "logical", "Cache Hits": 180267, "Cache Misses": 3094, "Cache Evictions": 0, "Cache Overflows": 0, "Peak Memory Usage": 301, "Workers": [{"Worker Number": 0, "Cache Hits": 141840, "Cache Misses": 2449, "Cache Evictions": 0, "Cache Overflows": 0, "Peak Memory Usage": 249}], "Plans": [{"Node Type": "Index Scan", "Parent Relationship": "Outer", "Parallel Aware": false, "Async Capable": false, "Scan Direction": "Forward", "Index Name": "users_pkey", "Relation Name": "users", "Alias": "u", "Startup Cost": 0.29, "Total Cost": 0.32, "Plan Rows": 1, "Plan Width": 4, "Actual Rows": 1, "Actual Loops": 5543, "Index Cond": "(id = v.userid)", "Rows Removed by Index Recheck": 0, "Filter": "((upvotes >= 0) AND (creationdate >= '2010-10-05 05:52:35'::timestamp without time zone) AND (creationdate <= '2014-09-08 15:55:02'::timestamp without time zone))", "Rows Removed by Filter": 0, "Workers": []}]}]}, {"Node Type": "Memoize", "Parent Relationship": "Inner", "Parallel Aware": false, "Async Capable": false, "Startup Cost": 0.3, "Total Cost": 0.4, "Plan Rows": 2, "Plan Width": 4, "Actual Rows": 8, "Actual Loops": 28895, "Cache Key": "v.userid", "Cache Mode": "logical", "Cache Hits": 11834, "Cache Misses": 2708, "Cache Evictions": 0, "Cache Overflows": 0, "Peak Memory Usage": 418, "Workers": [{"Worker Number": 0, "Cache Hits": 11909, "Cache Misses": 2444, "Cache Evictions": 0, "Cache Overflows": 0, "Peak Memory Usage": 413}], "Plans": [{"Node Type": "Index Scan", "Parent Relationship": "Outer", "Parallel Aware": false, "Async Capable": false, "Scan Direction": "Forward", "Index Name": "idx_posts_owneruserid", "Relation Name": "posts", "Alias": "p", "Startup Cost": 0.29, "Total Cost": 0.39, "Plan Rows": 2, "Plan Width": 4, "Actual Rows": 3, "Actual Loops": 5152, "Index Cond": "(owneruserid = v.userid)", "Rows Removed by Index Recheck": 0, "Filter": "((score <= 52) AND (answercount >= 0))", "Rows Removed by Filter": 5, "Workers": []}]}]}, {"Node Type": "Memoize", "Parent Relationship": "Inner", "Parallel Aware": false, "Async Capable": false, "Startup Cost": 0.3, "Total Cost": 0.55, "Plan Rows": 13, "Plan Width": 4, "Actual Rows": 168, "Actual Loops": 243679, "Cache Key": "v.userid", "Cache Mode": "logical", "Cache Hits": 134535, "Cache Misses": 1422, "Cache Evictions": 0, "Cache Overflows": 0, "Peak Memory Usage": 1277, "Workers": [{"Worker Number": 0, "Cache Hits": 106296, "Cache Misses": 1426, "Cache Evictions": 0, "Cache Overflows": 0, "Peak Memory Usage": 1365}], "Plans": [{"Node Type": "Index Scan", "Parent Relationship": "Outer", "Parallel Aware": false, "Async Capable": false, "Scan Direction": "Forward", "Index Name": "idx_comments_userid", "Relation Name": "comments", "Alias": "c", "Startup Cost": 0.29, "Total Cost": 0.54, "Plan Rows": 13, "Plan Width": 4, "Actual Rows": 24, "Actual Loops": 2848, "Index Cond": "(userid = v.userid)", "Rows Removed by Index Recheck": 0, "Workers": []}]}]}]}]}]}, "Planning Time": 5.138, "Triggers": [], "Execution Time": 1498.777}, {"Plan": {"Node Type": "Aggregate", "Strategy": "Plain", "Partial Mode": "Finalize", "Parallel Aware": false, "Async Capable": false, "Startup Cost": 1169019.21, "Total Cost": 1169019.22, "Plan Rows": 1, "Plan Width": 8, "Actual Rows": 1, "Actual Loops": 1, "Plans": [{"Node Type": "Gather", "Parent Relationship": "Outer", "Parallel Aware": false, "Async Capable": false, "Startup Cost": 1169019.09, "Total Cost": 1169019.2, "Plan Rows": 1, "Plan Width": 8, "Actual Rows": 2, "Actual Loops": 1, "Workers Planned": 1, "Workers Launched": 1, "Single Copy": false, "Plans": [{"Node Type": "Aggregate", "Strategy": "Plain", "Partial Mode": "Partial", "Parent Relationship": "Outer", "Parallel Aware": false, "Async Capable": false, "Startup Cost": 1168019.09, "Total Cost": 1168019.1, "Plan Rows": 1, "Plan Width": 8, "Actual Rows": 1, "Actual Loops": 2, "Workers": [], "Plans": [{"Node Type": "Nested Loop", "Parent Relationship": "Outer", "Parallel Aware": false, "Async Capable": false, "Join Type": "Inner", "Startup Cost": 0.91, "Total Cost": 153591.19, "Plan Rows": 405771161, "Plan Width": 0, "Actual Rows": 20427832, "Actual Loops": 2, "Inner Unique": false, "Join Filter": "(c.userid = u.id)", "Rows Removed by Join Filter": 0, "Workers": [], "Plans": [{"Node Type": "Nested Loop", "Parent Relationship": "Outer", "Parallel Aware": false, "Async Capable": false, "Join Type": "Inner", "Startup Cost": 0.6, "Total Cost": 13088.13, "Plan Rows": 666670, "Plan Width": 12, "Actual Rows": 121840, "Actual Loops": 2, "Inner Unique": false, "Join Filter": "(p.owneruserid = u.id)", "Rows Removed by Join Filter": 0, "Workers": [], "Plans": [{"Node Type": "Nested Loop", "Parent Relationship": "Outer", "Parallel Aware": false, "Async Capable": false, "Join Type": "Inner", "Startup Cost": 0.3, "Total Cost": 10671.32, "Plan Rows": 19679, "Plan Width": 8, "Actual Rows": 14448, "Actual Loops": 2, "Inner Unique": true, "Workers": [], "Plans": [{"Node Type": "Seq Scan", "Parent Relationship": "Outer", "Parallel Aware": true, "Async Capable": false, "Relation Name": "votes", "Alias": "v", "Startup Cost": 0.0, "Total Cost": 4572.24, "Plan Rows": 192661, "Plan Width": 4, "Actual Rows": 163825, "Actual Loops": 2, "Filter": "(creationdate >= '2010-07-20 00:00:00'::timestamp without time zone)", "Rows Removed by Filter": 207, "Workers": []}, {"Node Type": "Memoize", "Parent Relationship": "Inner", "Parallel Aware": false, "Async Capable": false, "Startup Cost": 0.3, "Total Cost": 0.33, "Plan Rows": 1, "Plan Width": 4, "Actual Rows": 0, "Actual Loops": 327650, "Cache Key": "v.userid", "Cache Mode": "logical", "Cache Hits": 168584, "Cache Misses": 3761, "Cache Evictions": 0, "Cache Overflows": 0, "Peak Memory Usage": 371, "Workers": [{"Worker Number": 0, "Cache Hits": 151583, "Cache Misses": 3722, "Cache Evictions": 0, "Cache Overflows": 0, "Peak Memory Usage": 371}], "Plans": [{"Node Type": "Index Scan", "Parent Relationship": "Outer", "Parallel Aware": false, "Async Capable": false, "Scan Direction": "Forward", "Index Name": "users_pkey", "Relation Name": "users", "Alias": "u", "Startup Cost": 0.29, "Total Cost": 0.32, "Plan Rows": 1, "Plan Width": 4, "Actual Rows": 1, "Actual Loops": 7483, "Index Cond": "(id = v.userid)", "Rows Removed by Index Recheck": 0, "Filter": "((upvotes >= 0) AND (creationdate >= '2010-10-05 05:52:35'::timestamp without time zone) AND (creationdate <= '2014-09-08 15:55:02'::timestamp without time zone))", "Rows Removed by Filter": 0, "Workers": []}]}]}, {"Node Type": "Memoize", "Parent Relationship": "Inner", "Parallel Aware": false, "Async Capable": false, "Startup Cost": 0.3, "Total Cost": 0.4, "Plan Rows": 2, "Plan Width": 4, "Actual Rows": 8, "Actual Loops": 28895, "Cache Key": "v.userid", "Cache Mode": "logical", "Cache Hits": 10662, "Cache Misses": 3422, "Cache Evictions": 0, "Cache Overflows": 0, "Peak Memory Usage": 622, "Workers": [{"Worker Number": 0, "Cache Hits": 11305, "Cache Misses": 3506, "Cache Evictions": 0, "Cache Overflows": 0, "Peak Memory Usage": 632}], "Plans": [{"Node Type": "Index Scan", "Parent Relationship": "Outer", "Parallel Aware": false, "Async Capable": false, "Scan Direction": "Forward", "Index Name": "idx_posts_owneruserid", "Relation Name": "posts", "Alias": "p", "Startup Cost": 0.29, "Total Cost": 0.39, "Plan Rows": 2, "Plan Width": 4, "Actual Rows": 3, "Actual Loops": 6928, "Index Cond": "(owneruserid = v.userid)", "Rows Removed by Index Recheck": 0, "Filter": "((score <= 52) AND (answercount >= 0))", "Rows Removed by Filter": 6, "Workers": []}]}]}, {"Node Type": "Memoize", "Parent Relationship": "Inner", "Parallel Aware": false, "Async Capable": false, "Startup Cost": 0.3, "Total Cost": 0.55, "Plan Rows": 13, "Plan Width": 4, "Actual Rows": 168, "Actual Loops": 243679, "Cache Key": "v.userid", "Cache Mode": "logical", "Cache Hits": 118701, "Cache Misses": 2012, "Cache Evictions": 0, "Cache Overflows": 0, "Peak Memory Usage": 2340, "Workers": [{"Worker Number": 0, "Cache Hits": 120921, "Cache Misses": 2045, "Cache Evictions": 0, "Cache Overflows": 0, "Peak Memory Usage": 2370}], "Plans": [{"Node Type": "Index Scan", "Parent Relationship": "Outer", "Parallel Aware": false, "Async Capable": false, "Scan Direction": "Forward", "Index Name": "idx_comments_userid", "Relation Name": "comments", "Alias": "c", "Startup Cost": 0.29, "Total Cost": 0.54, "Plan Rows": 13, "Plan Width": 4, "Actual Rows": 31, "Actual Loops": 4057, "Index Cond": "(userid = v.userid)", "Rows Removed by Index Recheck": 0, "Workers": []}]}]}]}]}]}, "Planning Time": 4.941, "Triggers": [], "Execution Time": 1562.533}]