[{"Plan": {"Node Type": "Aggregate", "Strategy": "Plain", "Partial Mode": "Finalize", "Parallel Aware": false, "Async Capable": false, "Startup Cost": 10315.48, "Total Cost": 10315.49, "Plan Rows": 1, "Plan Width": 8, "Actual Rows": 1, "Actual Loops": 1, "Plans": [{"Node Type": "Gather", "Parent Relationship": "Outer", "Parallel Aware": false, "Async Capable": false, "Startup Cost": 10315.26, "Total Cost": 10315.47, "Plan Rows": 2, "Plan Width": 8, "Actual Rows": 3, "Actual Loops": 1, "Workers Planned": 2, "Workers Launched": 2, "Single Copy": false, "Plans": [{"Node Type": "Aggregate", "Strategy": "Plain", "Partial Mode": "Partial", "Parent Relationship": "Outer", "Parallel Aware": false, "Async Capable": false, "Startup Cost": 9315.26, "Total Cost": 9315.27, "Plan Rows": 1, "Plan Width": 8, "Actual Rows": 1, "Actual Loops": 3, "Workers": [], "Plans": [{"Node Type": "Nested Loop", "Parent Relationship": "Outer", "Parallel Aware": false, "Async Capable": false, "Join Type": "Inner", "Startup Cost": 1.43, "Total Cost": 4323.95, "Plan Rows": 1996523, "Plan Width": 0, "Actual Rows": 2100, "Actual Loops": 3, "Inner Unique": false, "Workers": [], "Plans": [{"Node Type": "Merge Join", "Parent Relationship": "Outer", "Parallel Aware": false, "Async Capable": false, "Join Type": "Inner", "Startup Cost": 1.14, "Total Cost": 2743.85, "Plan Rows": 2303, "Plan Width": 12, "Actual Rows": 147, "Actual Loops": 3, "Inner Unique": true, "Merge Cond": "(v.userid = u.id)", "Workers": [], "Plans": [{"Node Type": "Merge Join", "Parent Relationship": "Outer", "Parallel Aware": false, "Async Capable": false, "Join Type": "Inner", "Startup Cost": 0.84, "Total Cost": 6393.91, "Plan Rows": 29629, "Plan Width": 8, "Actual Rows": 197615, "Actual Loops": 3, "Inner Unique": false, "Merge Cond": "(ph.userid = v.userid)", "Workers": [], "Plans": [{"Node Type": "Index Only Scan", "Parent Relationship": "Outer", "Parallel Aware": true, "Async Capable": false, "Scan Direction": "Forward", "Index Name": "idx_posthistory_userid", "Relation Name": "posthistory", "Alias": "ph", "Startup Cost": 0.42, "Total Cost": 4157.26, "Plan Rows": 126328, "Plan Width": 4, "Actual Rows": 93035, "Actual Loops": 3, "Heap Fetches": 0, "Workers": []}, {"Node Type": "Materialize", "Parent Relationship": "Inner", "Parallel Aware": false, "Async Capable": false, "Startup Cost": 0.42, "Total Cost": 14067.11, "Plan Rows": 1725, "Plan Width": 4, "Actual Rows": 198275, "Actual Loops": 3, "Workers": [], "Plans": [{"Node Type": "Index Scan", "Parent Relationship": "Outer", "Parallel Aware": false, "Async Capable": false, "Scan Direction": "Forward", "Index Name": "idx_votes_userid", "Relation Name": "votes", "Alias": "v", "Startup Cost": 0.42, "Total Cost": 14062.79, "Plan Rows": 1725, "Plan Width": 4, "Actual Rows": 1088, "Actual Loops": 3, "Filter": "((bountyamount >= 0) AND (creationdate >= '2010-07-26 00:00:00'::timestamp without time zone) AND (creationdate <= '2014-09-08 00:00:00'::timestamp without time zone))", "Rows Removed by Filter": 34558, "Workers": []}]}]}, {"Node Type": "Index Scan", "Parent Relationship": "Inner", "Parallel Aware": false, "Async Capable": false, "Scan Direction": "Forward", "Index Name": "users_pkey", "Relation Name": "users", "Alias": "u", "Startup Cost": 0.29, "Total Cost": 1962.04, "Plan Rows": 29636, "Plan Width": 4, "Actual Rows": 29797, "Actual Loops": 3, "Filter": "((reputation >= 1) AND (views >= 0) AND (views <= 110) AND (creationdate >= '2010-07-28 19:29:11'::timestamp without time zone) AND (creationdate <= '2014-08-14 05:29:30'::timestamp without time zone) AND (upvotes = 0))", "Rows Removed by Filter": 9910, "Workers": []}]}, {"Node Type": "Index Only Scan", "Parent Relationship": "Inner", "Parallel Aware": false, "Async Capable": false, "Scan Direction": "Forward", "Index Name": "idx_comments_userid", "Relation Name": "comments", "Alias": "c", "Startup Cost": 0.29, "Total Cost": 0.56, "Plan Rows": 13, "Plan Width": 4, "Actual Rows": 14, "Actual Loops": 440, "Index Cond": "(userid = u.id)", "Rows Removed by Index Recheck": 0, "Heap Fetches": 0, "Workers": []}]}]}]}]}, "Planning Time": 2.155, "Triggers": [], "Execution Time": 102.407}, {"Plan": {"Node Type": "Aggregate", "Strategy": "Plain", "Partial Mode": "Simple", "Parallel Aware": false, "Async Capable": false, "Startup Cost": 40000037712.76, "Total Cost": 40000037712.77, "Plan Rows": 1, "Plan Width": 8, "Actual Rows": 1, "Actual Loops": 1, "Plans": [{"Node Type": "Hash Join", "Parent Relationship": "Outer", "Parallel Aware": false, "Async Capable": false, "Join Type": "Inner", "Startup Cost": 40000021276.53, "Total Cost": 40000025733.62, "Plan Rows": 4791656, "Plan Width": 0, "Actual Rows": 6299, "Actual Loops": 1, "Inner Unique": false, "Hash Cond": "(c.userid = u.id)", "Plans": [{"Node Type": "Index Only Scan", "Parent Relationship": "Outer", "Parallel Aware": false, "Async Capable": false, "Scan Direction": "Forward", "Index Name": "idx_comments_userid", "Relation Name": "comments", "Alias": "c", "Startup Cost": 10000000000.3, "Total Cost": 10000003568.78, "Plan Rows": 174305, "Plan Width": 4, "Actual Rows": 174305, "Actual Loops": 1, "Heap Fetches": 0}, {"Node Type": "Hash", "Parent Relationship": "Inner", "Parallel Aware": false, "Async Capable": false, "Startup Cost": 30000021207.15, "Total Cost": 30000021207.15, "Plan Rows": 5527, "Plan Width": 12, "Actual Rows": 440, "Actual Loops": 1, "Hash Buckets": 8192, "Original Hash Buckets": 8192, "Hash Batches": 1, "Original Hash Batches": 1, "Peak Memory Usage": 83, "Plans": [{"Node Type": "Nested Loop", "Parent Relationship": "Outer", "Parallel Aware": false, "Async Capable": false, "Join Type": "Inner", "Startup Cost": 30000000001.57, "Total Cost": 30000021207.15, "Plan Rows": 5527, "Plan Width": 12, "Actual Rows": 440, "Actual Loops": 1, "Inner Unique": false, "Plans": [{"Node Type": "Nested Loop", "Parent Relationship": "Outer", "Parallel Aware": false, "Async Capable": false, "Join Type": "Inner", "Startup Cost": 20000000000.99, "Total Cost": 20000020551.89, "Plan Rows": 134, "Plan Width": 8, "Actual Rows": 40, "Actual Loops": 1, "Inner Unique": true, "Plans": [{"Node Type": "Index Scan", "Parent Relationship": "Outer", "Parallel Aware": false, "Async Capable": false, "Scan Direction": "Forward", "Index Name": "idx_votes_userid", "Relation Name": "votes", "Alias": "v", "Startup Cost": 10000000000.42, "Total Cost": 10000014062.79, "Plan Rows": 1725, "Plan Width": 4, "Actual Rows": 1731, "Actual Loops": 1, "Filter": "((bountyamount >= 0) AND (creationdate >= '2010-07-26 00:00:00'::timestamp without time zone) AND (creationdate <= '2014-09-08 00:00:00'::timestamp without time zone))", "Rows Removed by Filter": 326333}, {"Node Type": "Memoize", "Parent Relationship": "Inner", "Parallel Aware": false, "Async Capable": false, "Startup Cost": 0.57, "Total Cost": 4.6, "Plan Rows": 1, "Plan Width": 4, "Actual Rows": 0, "Actual Loops": 1731, "Cache Key": "v.userid", "Cache Mode": "logical", "Cache Hits": 1078, "Cache Misses": 653, "Cache Evictions": 0, "Cache Overflows": 0, "Peak Memory Usage": 45, "Plans": [{"Node Type": "Bitmap Heap Scan", "Parent Relationship": "Outer", "Parallel Aware": false, "Async Capable": false, "Relation Name": "users", "Alias": "u", "Startup Cost": 0.56, "Total Cost": 4.59, "Plan Rows": 1, "Plan Width": 4, "Actual Rows": 0, "Actual Loops": 653, "Recheck Cond": "(v.userid = id)", "Rows Removed by Index Recheck": 0, "Filter": "((reputation >= 1) AND (views >= 0) AND (views <= 110) AND (creationdate >= '2010-07-28 19:29:11'::timestamp without time zone) AND (creationdate <= '2014-08-14 05:29:30'::timestamp without time zone) AND (upvotes = 0))", "Rows Removed by Filter": 1, "Exact Heap Blocks": 652, "Lossy Heap Blocks": 0, "Plans": [{"Node Type": "Bitmap Index Scan", "Parent Relationship": "Outer", "Parallel Aware": false, "Async Capable": false, "Index Name": "users_pkey", "Startup Cost": 0.0, "Total Cost": 0.56, "Plan Rows": 1, "Plan Width": 0, "Actual Rows": 1, "Actual Loops": 653, "Index Cond": "(id = v.userid)"}]}]}]}, {"Node Type": "Bitmap Heap Scan", "Parent Relationship": "Inner", "Parallel Aware": false, "Async Capable": false, "Relation Name": "posthistory", "Alias": "ph", "Startup Cost": 0.58, "Total Cost": 4.75, "Plan Rows": 14, "Plan Width": 4, "Actual Rows": 11, "Actual Loops": 40, "Recheck Cond": "(userid = u.id)", "Rows Removed by Index Recheck": 0, "Exact Heap Blocks": 187, "Lossy Heap Blocks": 0, "Plans": [{"Node Type": "Bitmap Index Scan", "Parent Relationship": "Outer", "Parallel Aware": false, "Async Capable": false, "Index Name": "idx_posthistory_userid", "Startup Cost": 0.0, "Total Cost": 0.57, "Plan Rows": 14, "Plan Width": 0, "Actual Rows": 11, "Actual Loops": 40, "Index Cond": "(userid = u.id)"}]}]}]}]}]}, "Planning Time": 2.118, "Triggers": [], "Execution Time": 101.286}, {"Plan": {"Node Type": "Aggregate", "Strategy": "Plain", "Partial Mode": "Finalize", "Parallel Aware": false, "Async Capable": false, "Startup Cost": 30036.83, "Total Cost": 30036.84, "Plan Rows": 1, "Plan Width": 8, "Actual Rows": 1, "Actual Loops": 1, "Plans": [{"Node Type": "Gather", "Parent Relationship": "Outer", "Parallel Aware": false, "Async Capable": false, "Startup Cost": 30036.72, "Total Cost": 30036.83, "Plan Rows": 1, "Plan Width": 8, "Actual Rows": 2, "Actual Loops": 1, "Workers Planned": 1, "Workers Launched": 1, "Single Copy": false, "Plans": [{"Node Type": "Aggregate", "Strategy": "Plain", "Partial Mode": "Partial", "Parent Relationship": "Outer", "Parallel Aware": false, "Async Capable": false, "Startup Cost": 29036.72, "Total Cost": 29036.73, "Plan Rows": 1, "Plan Width": 8, "Actual Rows": 1, "Actual Loops": 2, "Workers": [], "Plans": [{"Node Type": "Hash Join", "Parent Relationship": "Outer", "Parallel Aware": true, "Async Capable": false, "Join Type": "Inner", "Startup Cost": 18697.32, "Total Cost": 21990.17, "Plan Rows": 2818621, "Plan Width": 0, "Actual Rows": 3150, "Actual Loops": 2, "Inner Unique": false, "Hash Cond": "(c.userid = u.id)", "Workers": [], "Plans": [{"Node Type": "Index Only Scan", "Parent Relationship": "Outer", "Parallel Aware": true, "Async Capable": false, "Scan Direction": "Forward", "Index Name": "idx_comments_userid", "Relation Name": "comments", "Alias": "c", "Startup Cost": 0.29, "Total Cost": 2851.06, "Plan Rows": 102532, "Plan Width": 4, "Actual Rows": 87152, "Actual Loops": 2, "Heap Fetches": 0, "Workers": []}, {"Node Type": "Hash", "Parent Relationship": "Inner", "Parallel Aware": true, "Async Capable": false, "Startup Cost": 18668.24, "Total Cost": 18668.24, "Plan Rows": 2303, "Plan Width": 12, "Actual Rows": 220, "Actual Loops": 2, "Hash Buckets": 8192, "Original Hash Buckets": 8192, "Hash Batches": 1, "Original Hash Batches": 1, "Peak Memory Usage": 128, "Workers": [], "Plans": [{"Node Type": "Hash Join", "Parent Relationship": "Outer", "Parallel Aware": true, "Async Capable": false, "Join Type": "Inner", "Startup Cost": 14035.37, "Total Cost": 18668.24, "Plan Rows": 2303, "Plan Width": 12, "Actual Rows": 220, "Actual Loops": 2, "Inner Unique": false, "Hash Cond": "(ph.userid = u.id)", "Workers": [], "Plans": [{"Node Type": "Index Only Scan", "Parent Relationship": "Outer", "Parallel Aware": true, "Async Capable": false, "Scan Direction": "Forward", "Index Name": "idx_posthistory_userid", "Relation Name": "posthistory", "Alias": "ph", "Startup Cost": 0.42, "Total Cost": 4157.26, "Plan Rows": 126328, "Plan Width": 4, "Actual Rows": 151594, "Actual Loops": 2, "Heap Fetches": 0, "Workers": []}, {"Node Type": "Hash", "Parent Relationship": "Inner", "Parallel Aware": true, "Async Capable": false, "Startup Cost": 14033.96, "Total Cost": 14033.96, "Plan Rows": 79, "Plan Width": 8, "Actual Rows": 20, "Actual Loops": 2, "Hash Buckets": 1024, "Original Hash Buckets": 1024, "Hash Batches": 1, "Original Hash Batches": 1, "Peak Memory Usage": 72, "Workers": [], "Plans": [{"Node Type": "Hash Join", "Parent Relationship": "Outer", "Parallel Aware": false, "Async Capable": false, "Join Type": "Inner", "Startup Cost": 2332.91, "Total Cost": 14033.96, "Plan Rows": 79, "Plan Width": 8, "Actual Rows": 20, "Actual Loops": 2, "Inner Unique": true, "Hash Cond": "(v.userid = u.id)", "Workers": [], "Plans": [{"Node Type": "Index Scan", "Parent Relationship": "Outer", "Parallel Aware": true, "Async Capable": false, "Scan Direction": "Forward", "Index Name": "idx_votes_userid", "Relation Name": "votes", "Alias": "v", "Startup Cost": 0.42, "Total Cost": 11698.8, "Plan Rows": 1015, "Plan Width": 4, "Actual Rows": 866, "Actual Loops": 2, "Filter": "((bountyamount >= 0) AND (creationdate >= '2010-07-26 00:00:00'::timestamp without time zone) AND (creationdate <= '2014-09-08 00:00:00'::timestamp without time zone))", "Rows Removed by Filter": 163166, "Workers": []}, {"Node Type": "Hash", "Parent Relationship": "Inner", "Parallel Aware": false, "Async Capable": false, "Startup Cost": 1962.04, "Total Cost": 1962.04, "Plan Rows": 29636, "Plan Width": 4, "Actual Rows": 29853, "Actual Loops": 2, "Hash Buckets": 32768, "Original Hash Buckets": 32768, "Hash Batches": 1, "Original Hash Batches": 1, "Peak Memory Usage": 1306, "Workers": [], "Plans": [{"Node Type": "Index Scan", "Parent Relationship": "Outer", "Parallel Aware": false, "Async Capable": false, "Scan Direction": "Forward", "Index Name": "users_pkey", "Relation Name": "users", "Alias": "u", "Startup Cost": 0.29, "Total Cost": 1962.04, "Plan Rows": 29636, "Plan Width": 4, "Actual Rows": 29853, "Actual Loops": 2, "Filter": "((reputation >= 1) AND (views >= 0) AND (views <= 110) AND (creationdate >= '2010-07-28 19:29:11'::timestamp without time zone) AND (creationdate <= '2014-08-14 05:29:30'::timestamp without time zone) AND (upvotes = 0))", "Rows Removed by Filter": 10472, "Workers": []}]}]}]}]}]}]}]}]}]}, "Planning Time": 2.847, "Triggers": [], "Execution Time": 111.28}, {"Plan": {"Node Type": "Aggregate", "Strategy": "Plain", "Partial Mode": "Finalize", "Parallel Aware": false, "Async Capable": false, "Startup Cost": 14112.44, "Total Cost": 14112.45, "Plan Rows": 1, "Plan Width": 8, "Actual Rows": 1, "Actual Loops": 1, "Plans": [{"Node Type": "Gather", "Parent Relationship": "Outer", "Parallel Aware": false, "Async Capable": false, "Startup Cost": 14112.33, "Total Cost": 14112.44, "Plan Rows": 1, "Plan Width": 8, "Actual Rows": 2, "Actual Loops": 1, "Workers Planned": 1, "Workers Launched": 1, "Single Copy": false, "Plans": [{"Node Type": "Aggregate", "Strategy": "Plain", "Partial Mode": "Partial", "Parent Relationship": "Outer", "Parallel Aware": false, "Async Capable": false, "Startup Cost": 13112.33, "Total Cost": 13112.34, "Plan Rows": 1, "Plan Width": 8, "Actual Rows": 1, "Actual Loops": 2, "Workers": [], "Plans": [{"Node Type": "Hash Join", "Parent Relationship": "Outer", "Parallel Aware": true, "Async Capable": false, "Join Type": "Inner", "Startup Cost": 2772.93, "Total Cost": 6065.77, "Plan Rows": 2818621, "Plan Width": 0, "Actual Rows": 3150, "Actual Loops": 2, "Inner Unique": false, "Hash Cond": "(c.userid = u.id)", "Workers": [], "Plans": [{"Node Type": "Index Only Scan", "Parent Relationship": "Outer", "Parallel Aware": true, "Async Capable": false, "Scan Direction": "Forward", "Index Name": "idx_comments_userid", "Relation Name": "comments", "Alias": "c", "Startup Cost": 0.29, "Total Cost": 2851.06, "Plan Rows": 102532, "Plan Width": 4, "Actual Rows": 87152, "Actual Loops": 2, "Heap Fetches": 0, "Workers": []}, {"Node Type": "Hash", "Parent Relationship": "Inner", "Parallel Aware": true, "Async Capable": false, "Startup Cost": 2743.85, "Total Cost": 2743.85, "Plan Rows": 2303, "Plan Width": 12, "Actual Rows": 220, "Actual Loops": 2, "Hash Buckets": 8192, "Original Hash Buckets": 8192, "Hash Batches": 1, "Original Hash Batches": 1, "Peak Memory Usage": 128, "Workers": [], "Plans": [{"Node Type": "Merge Join", "Parent Relationship": "Outer", "Parallel Aware": false, "Async Capable": false, "Join Type": "Inner", "Startup Cost": 1.14, "Total Cost": 2743.85, "Plan Rows": 2303, "Plan Width": 12, "Actual Rows": 220, "Actual Loops": 2, "Inner Unique": true, "Merge Cond": "(v.userid = u.id)", "Workers": [], "Plans": [{"Node Type": "Merge Join", "Parent Relationship": "Outer", "Parallel Aware": false, "Async Capable": false, "Join Type": "Inner", "Startup Cost": 0.84, "Total Cost": 6393.91, "Plan Rows": 29629, "Plan Width": 8, "Actual Rows": 296422, "Actual Loops": 2, "Inner Unique": false, "Merge Cond": "(ph.userid = v.userid)", "Workers": [], "Plans": [{"Node Type": "Index Only Scan", "Parent Relationship": "Outer", "Parallel Aware": true, "Async Capable": false, "Scan Direction": "Forward", "Index Name": "idx_posthistory_userid", "Relation Name": "posthistory", "Alias": "ph", "Startup Cost": 0.42, "Total Cost": 4157.26, "Plan Rows": 126328, "Plan Width": 4, "Actual Rows": 139552, "Actual Loops": 2, "Heap Fetches": 0, "Workers": []}, {"Node Type": "Materialize", "Parent Relationship": "Inner", "Parallel Aware": false, "Async Capable": false, "Startup Cost": 0.42, "Total Cost": 14067.11, "Plan Rows": 1725, "Plan Width": 4, "Actual Rows": 296896, "Actual Loops": 2, "Workers": [], "Plans": [{"Node Type": "Index Scan", "Parent Relationship": "Outer", "Parallel Aware": false, "Async Capable": false, "Scan Direction": "Forward", "Index Name": "idx_votes_userid", "Relation Name": "votes", "Alias": "v", "Startup Cost": 0.42, "Total Cost": 14062.79, "Plan Rows": 1725, "Plan Width": 4, "Actual Rows": 1086, "Actual Loops": 2, "Filter": "((bountyamount >= 0) AND (creationdate >= '2010-07-26 00:00:00'::timestamp without time zone) AND (creationdate <= '2014-09-08 00:00:00'::timestamp without time zone))", "Rows Removed by Filter": 33568, "Workers": []}]}]}, {"Node Type": "Index Scan", "Parent Relationship": "Inner", "Parallel Aware": false, "Async Capable": false, "Scan Direction": "Forward", "Index Name": "users_pkey", "Relation Name": "users", "Alias": "u", "Startup Cost": 0.29, "Total Cost": 1962.04, "Plan Rows": 29636, "Plan Width": 4, "Actual Rows": 29853, "Actual Loops": 2, "Filter": "((reputation >= 1) AND (views >= 0) AND (views <= 110) AND (creationdate >= '2010-07-28 19:29:11'::timestamp without time zone) AND (creationdate <= '2014-08-14 05:29:30'::timestamp without time zone) AND (upvotes = 0))", "Rows Removed by Filter": 10472, "Workers": []}]}]}]}]}]}]}, "Planning Time": 3.287, "Triggers": [], "Execution Time": 116.385}, {"Plan": {"Node Type": "Aggregate", "Strategy": "Plain", "Partial Mode": "Finalize", "Parallel Aware": false, "Async Capable": false, "Startup Cost": 13630.71, "Total Cost": 13630.72, "Plan Rows": 1, "Plan Width": 8, "Actual Rows": 1, "Actual Loops": 1, "Plans": [{"Node Type": "Gather", "Parent Relationship": "Outer", "Parallel Aware": false, "Async Capable": false, "Startup Cost": 13630.59, "Total Cost": 13630.7, "Plan Rows": 1, "Plan Width": 8, "Actual Rows": 2, "Actual Loops": 1, "Workers Planned": 1, "Workers Launched": 1, "Single Copy": false, "Plans": [{"Node Type": "Aggregate", "Strategy": "Plain", "Partial Mode": "Partial", "Parent Relationship": "Outer", "Parallel Aware": false, "Async Capable": false, "Startup Cost": 12630.59, "Total Cost": 12630.6, "Plan Rows": 1, "Plan Width": 8, "Actual Rows": 1, "Actual Loops": 2, "Workers": [], "Plans": [{"Node Type": "Hash Join", "Parent Relationship": "Outer", "Parallel Aware": true, "Async Capable": false, "Join Type": "Inner", "Startup Cost": 2772.63, "Total Cost": 5584.04, "Plan Rows": 2818621, "Plan Width": 0, "Actual Rows": 3150, "Actual Loops": 2, "Inner Unique": false, "Hash Cond": "(c.userid = u.id)", "Workers": [], "Plans": [{"Node Type": "Seq Scan", "Parent Relationship": "Outer", "Parallel Aware": true, "Async Capable": false, "Relation Name": "comments", "Alias": "c", "Startup Cost": 0.0, "Total Cost": 2369.32, "Plan Rows": 102532, "Plan Width": 4, "Actual Rows": 87152, "Actual Loops": 2, "Workers": []}, {"Node Type": "Hash", "Parent Relationship": "Inner", "Parallel Aware": true, "Async Capable": false, "Startup Cost": 2743.85, "Total Cost": 2743.85, "Plan Rows": 2303, "Plan Width": 12, "Actual Rows": 220, "Actual Loops": 2, "Hash Buckets": 8192, "Original Hash Buckets": 8192, "Hash Batches": 1, "Original Hash Batches": 1, "Peak Memory Usage": 128, "Workers": [], "Plans": [{"Node Type": "Merge Join", "Parent Relationship": "Outer", "Parallel Aware": false, "Async Capable": false, "Join Type": "Inner", "Startup Cost": 1.14, "Total Cost": 2743.85, "Plan Rows": 2303, "Plan Width": 12, "Actual Rows": 220, "Actual Loops": 2, "Inner Unique": true, "Merge Cond": "(v.userid = u.id)", "Workers": [], "Plans": [{"Node Type": "Merge Join", "Parent Relationship": "Outer", "Parallel Aware": false, "Async Capable": false, "Join Type": "Inner", "Startup Cost": 0.84, "Total Cost": 6393.91, "Plan Rows": 29629, "Plan Width": 8, "Actual Rows": 296422, "Actual Loops": 2, "Inner Unique": false, "Merge Cond": "(ph.userid = v.userid)", "Workers": [], "Plans": [{"Node Type": "Index Only Scan", "Parent Relationship": "Outer", "Parallel Aware": true, "Async Capable": false, "Scan Direction": "Forward", "Index Name": "idx_posthistory_userid", "Relation Name": "posthistory", "Alias": "ph", "Startup Cost": 0.42, "Total Cost": 4157.26, "Plan Rows": 126328, "Plan Width": 4, "Actual Rows": 139552, "Actual Loops": 2, "Heap Fetches": 0, "Workers": []}, {"Node Type": "Materialize", "Parent Relationship": "Inner", "Parallel Aware": false, "Async Capable": false, "Startup Cost": 0.42, "Total Cost": 14067.11, "Plan Rows": 1725, "Plan Width": 4, "Actual Rows": 296896, "Actual Loops": 2, "Workers": [], "Plans": [{"Node Type": "Index Scan", "Parent Relationship": "Outer", "Parallel Aware": false, "Async Capable": false, "Scan Direction": "Forward", "Index Name": "idx_votes_userid", "Relation Name": "votes", "Alias": "v", "Startup Cost": 0.42, "Total Cost": 14062.79, "Plan Rows": 1725, "Plan Width": 4, "Actual Rows": 1086, "Actual Loops": 2, "Filter": "((bountyamount >= 0) AND (creationdate >= '2010-07-26 00:00:00'::timestamp without time zone) AND (creationdate <= '2014-09-08 00:00:00'::timestamp without time zone))", "Rows Removed by Filter": 33568, "Workers": []}]}]}, {"Node Type": "Index Scan", "Parent Relationship": "Inner", "Parallel Aware": false, "Async Capable": false, "Scan Direction": "Forward", "Index Name": "users_pkey", "Relation Name": "users", "Alias": "u", "Startup Cost": 0.29, "Total Cost": 1962.04, "Plan Rows": 29636, "Plan Width": 4, "Actual Rows": 29853, "Actual Loops": 2, "Filter": "((reputation >= 1) AND (views >= 0) AND (views <= 110) AND (creationdate >= '2010-07-28 19:29:11'::timestamp without time zone) AND (creationdate <= '2014-08-14 05:29:30'::timestamp without time zone) AND (upvotes = 0))", "Rows Removed by Filter": 10472, "Workers": []}]}]}]}]}]}]}, "Planning Time": 3.317, "Triggers": [], "Execution Time": 135.219}, {"Plan": {"Node Type": "Aggregate", "Strategy": "Plain", "Partial Mode": "Finalize", "Parallel Aware": false, "Async Capable": false, "Startup Cost": 23234.6, "Total Cost": 23234.61, "Plan Rows": 1, "Plan Width": 8, "Actual Rows": 1, "Actual Loops": 1, "Plans": [{"Node Type": "Gather", "Parent Relationship": "Outer", "Parallel Aware": false, "Async Capable": false, "Startup Cost": 23234.49, "Total Cost": 23234.6, "Plan Rows": 1, "Plan Width": 8, "Actual Rows": 2, "Actual Loops": 1, "Workers Planned": 1, "Workers Launched": 1, "Single Copy": false, "Plans": [{"Node Type": "Aggregate", "Strategy": "Plain", "Partial Mode": "Partial", "Parent Relationship": "Outer", "Parallel Aware": false, "Async Capable": false, "Startup Cost": 22234.49, "Total Cost": 22234.5, "Plan Rows": 1, "Plan Width": 8, "Actual Rows": 1, "Actual Loops": 2, "Workers": [], "Plans": [{"Node Type": "Nested Loop", "Parent Relationship": "Outer", "Parallel Aware": false, "Async Capable": false, "Join Type": "Inner", "Startup Cost": 1.43, "Total Cost": 15187.93, "Plan Rows": 2818621, "Plan Width": 0, "Actual Rows": 3150, "Actual Loops": 2, "Inner Unique": false, "Join Filter": "(ph.userid = u.id)", "Rows Removed by Join Filter": 0, "Workers": [], "Plans": [{"Node Type": "Nested Loop", "Parent Relationship": "Outer", "Parallel Aware": false, "Async Capable": false, "Join Type": "Inner", "Startup Cost": 1.01, "Total Cost": 13045.33, "Plan Rows": 2519, "Plan Width": 12, "Actual Rows": 100, "Actual Loops": 2, "Inner Unique": false, "Workers": [], "Plans": [{"Node Type": "Nested Loop", "Parent Relationship": "Outer", "Parallel Aware": false, "Async Capable": false, "Join Type": "Inner", "Startup Cost": 0.71, "Total Cost": 12991.13, "Plan Rows": 79, "Plan Width": 8, "Actual Rows": 20, "Actual Loops": 2, "Inner Unique": true, "Workers": [], "Plans": [{"Node Type": "Index Scan", "Parent Relationship": "Outer", "Parallel Aware": true, "Async Capable": false, "Scan Direction": "Forward", "Index Name": "idx_votes_userid", "Relation Name": "votes", "Alias": "v", "Startup Cost": 0.42, "Total Cost": 11698.8, "Plan Rows": 1015, "Plan Width": 4, "Actual Rows": 866, "Actual Loops": 2, "Filter": "((bountyamount >= 0) AND (creationdate >= '2010-07-26 00:00:00'::timestamp without time zone) AND (creationdate <= '2014-09-08 00:00:00'::timestamp without time zone))", "Rows Removed by Filter": 163166, "Workers": []}, {"Node Type": "Index Scan", "Parent Relationship": "Inner", "Parallel Aware": false, "Async Capable": false, "Scan Direction": "Forward", "Index Name": "users_pkey", "Relation Name": "users", "Alias": "u", "Startup Cost": 0.29, "Total Cost": 1.27, "Plan Rows": 1, "Plan Width": 4, "Actual Rows": 0, "Actual Loops": 1731, "Index Cond": "(id = v.userid)", "Rows Removed by Index Recheck": 0, "Filter": "((reputation >= 1) AND (views >= 0) AND (views <= 110) AND (creationdate >= '2010-07-28 19:29:11'::timestamp without time zone) AND (creationdate <= '2014-08-14 05:29:30'::timestamp without time zone) AND (upvotes = 0))", "Rows Removed by Filter": 1, "Workers": []}]}, {"Node Type": "Index Only Scan", "Parent Relationship": "Inner", "Parallel Aware": false, "Async Capable": false, "Scan Direction": "Forward", "Index Name": "idx_comments_userid", "Relation Name": "comments", "Alias": "c", "Startup Cost": 0.29, "Total Cost": 0.56, "Plan Rows": 13, "Plan Width": 4, "Actual Rows": 5, "Actual Loops": 40, "Index Cond": "(userid = u.id)", "Rows Removed by Index Recheck": 0, "Heap Fetches": 0, "Workers": []}]}, {"Node Type": "Index Only Scan", "Parent Relationship": "Inner", "Parallel Aware": false, "Async Capable": false, "Scan Direction": "Forward", "Index Name": "idx_posthistory_userid", "Relation Name": "posthistory", "Alias": "ph", "Startup Cost": 0.42, "Total Cost": 0.68, "Plan Rows": 14, "Plan Width": 4, "Actual Rows": 31, "Actual Loops": 200, "Index Cond": "(userid = c.userid)", "Rows Removed by Index Recheck": 0, "Heap Fetches": 0, "Workers": []}]}]}]}]}, "Planning Time": 1.939, "Triggers": [], "Execution Time": 58.302}, {"Plan": {"Node Type": "Aggregate", "Strategy": "Plain", "Partial Mode": "Finalize", "Parallel Aware": false, "Async Capable": false, "Startup Cost": 17072.93, "Total Cost": 17072.94, "Plan Rows": 1, "Plan Width": 8, "Actual Rows": 1, "Actual Loops": 1, "Plans": [{"Node Type": "Gather", "Parent Relationship": "Outer", "Parallel Aware": false, "Async Capable": false, "Startup Cost": 17072.81, "Total Cost": 17072.92, "Plan Rows": 1, "Plan Width": 8, "Actual Rows": 2, "Actual Loops": 1, "Workers Planned": 1, "Workers Launched": 1, "Single Copy": false, "Plans": [{"Node Type": "Aggregate", "Strategy": "Plain", "Partial Mode": "Partial", "Parent Relationship": "Outer", "Parallel Aware": false, "Async Capable": false, "Startup Cost": 16072.81, "Total Cost": 16072.82, "Plan Rows": 1, "Plan Width": 8, "Actual Rows": 1, "Actual Loops": 2, "Workers": [], "Plans": [{"Node Type": "Nested Loop", "Parent Relationship": "Outer", "Parallel Aware": false, "Async Capable": false, "Join Type": "Inner", "Startup Cost": 1.01, "Total Cost": 9026.26, "Plan Rows": 2818621, "Plan Width": 0, "Actual Rows": 3150, "Actual Loops": 2, "Inner Unique": false, "Join Filter": "(ph.userid = u.id)", "Rows Removed by Join Filter": 0, "Workers": [], "Plans": [{"Node Type": "Nested Loop", "Parent Relationship": "Outer", "Parallel Aware": false, "Async Capable": false, "Join Type": "Inner", "Startup Cost": 0.58, "Total Cost": 6883.65, "Plan Rows": 2519, "Plan Width": 12, "Actual Rows": 100, "Actual Loops": 2, "Inner Unique": false, "Workers": [], "Plans": [{"Node Type": "Nested Loop", "Parent Relationship": "Outer", "Parallel Aware": false, "Async Capable": false, "Join Type": "Inner", "Startup Cost": 0.29, "Total Cost": 6829.45, "Plan Rows": 79, "Plan Width": 8, "Actual Rows": 20, "Actual Loops": 2, "Inner Unique": true, "Workers": [], "Plans": [{"Node Type": "Seq Scan", "Parent Relationship": "Outer", "Parallel Aware": true, "Async Capable": false, "Relation Name": "votes", "Alias": "v", "Startup Cost": 0.0, "Total Cost": 5537.13, "Plan Rows": 1015, "Plan Width": 4, "Actual Rows": 866, "Actual Loops": 2, "Filter": "((bountyamount >= 0) AND (creationdate >= '2010-07-26 00:00:00'::timestamp without time zone) AND (creationdate <= '2014-09-08 00:00:00'::timestamp without time zone))", "Rows Removed by Filter": 163166, "Workers": []}, {"Node Type": "Index Scan", "Parent Relationship": "Inner", "Parallel Aware": false, "Async Capable": false, "Scan Direction": "Forward", "Index Name": "users_pkey", "Relation Name": "users", "Alias": "u", "Startup Cost": 0.29, "Total Cost": 1.27, "Plan Rows": 1, "Plan Width": 4, "Actual Rows": 0, "Actual Loops": 1731, "Index Cond": "(id = v.userid)", "Rows Removed by Index Recheck": 0, "Filter": "((reputation >= 1) AND (views >= 0) AND (views <= 110) AND (creationdate >= '2010-07-28 19:29:11'::timestamp without time zone) AND (creationdate <= '2014-08-14 05:29:30'::timestamp without time zone) AND (upvotes = 0))", "Rows Removed by Filter": 1, "Workers": []}]}, {"Node Type": "Index Only Scan", "Parent Relationship": "Inner", "Parallel Aware": false, "Async Capable": false, "Scan Direction": "Forward", "Index Name": "idx_comments_userid", "Relation Name": "comments", "Alias": "c", "Startup Cost": 0.29, "Total Cost": 0.56, "Plan Rows": 13, "Plan Width": 4, "Actual Rows": 5, "Actual Loops": 40, "Index Cond": "(userid = u.id)", "Rows Removed by Index Recheck": 0, "Heap Fetches": 0, "Workers": []}]}, {"Node Type": "Index Only Scan", "Parent Relationship": "Inner", "Parallel Aware": false, "Async Capable": false, "Scan Direction": "Forward", "Index Name": "idx_posthistory_userid", "Relation Name": "posthistory", "Alias": "ph", "Startup Cost": 0.42, "Total Cost": 0.68, "Plan Rows": 14, "Plan Width": 4, "Actual Rows": 31, "Actual Loops": 200, "Index Cond": "(userid = c.userid)", "Rows Removed by Index Recheck": 0, "Heap Fetches": 0, "Workers": []}]}]}]}]}, "Planning Time": 2.016, "Triggers": [], "Execution Time": 37.843}, {"Plan": {"Node Type": "Aggregate", "Strategy": "Plain", "Partial Mode": "Finalize", "Parallel Aware": false, "Async Capable": false, "Startup Cost": 22834.26, "Total Cost": 22834.27, "Plan Rows": 1, "Plan Width": 8, "Actual Rows": 1, "Actual Loops": 1, "Plans": [{"Node Type": "Gather", "Parent Relationship": "Outer", "Parallel Aware": false, "Async Capable": false, "Startup Cost": 22834.15, "Total Cost": 22834.26, "Plan Rows": 1, "Plan Width": 8, "Actual Rows": 2, "Actual Loops": 1, "Workers Planned": 1, "Workers Launched": 1, "Single Copy": false, "Plans": [{"Node Type": "Aggregate", "Strategy": "Plain", "Partial Mode": "Partial", "Parent Relationship": "Outer", "Parallel Aware": false, "Async Capable": false, "Startup Cost": 21834.15, "Total Cost": 21834.16, "Plan Rows": 1, "Plan Width": 8, "Actual Rows": 1, "Actual Loops": 2, "Workers": [], "Plans": [{"Node Type": "Hash Join", "Parent Relationship": "Outer", "Parallel Aware": true, "Async Capable": false, "Join Type": "Inner", "Startup Cost": 11952.49, "Total Cost": 14787.6, "Plan Rows": 2818621, "Plan Width": 0, "Actual Rows": 3150, "Actual Loops": 2, "Inner Unique": false, "Hash Cond": "(c.userid = u.id)", "Workers": [], "Plans": [{"Node Type": "Seq Scan", "Parent Relationship": "Outer", "Parallel Aware": true, "Async Capable": false, "Relation Name": "comments", "Alias": "c", "Startup Cost": 0.0, "Total Cost": 2369.32, "Plan Rows": 102532, "Plan Width": 4, "Actual Rows": 87152, "Actual Loops": 2, "Workers": []}, {"Node Type": "Hash", "Parent Relationship": "Inner", "Parallel Aware": true, "Async Capable": false, "Startup Cost": 11911.85, "Total Cost": 11911.85, "Plan Rows": 3251, "Plan Width": 12, "Actual Rows": 220, "Actual Loops": 2, "Hash Buckets": 8192, "Original Hash Buckets": 8192, "Hash Batches": 1, "Original Hash Batches": 1, "Peak Memory Usage": 128, "Workers": [], "Plans": [{"Node Type": "Hash Join", "Parent Relationship": "Outer", "Parallel Aware": true, "Async Capable": false, "Join Type": "Inner", "Startup Cost": 7216.36, "Total Cost": 11911.85, "Plan Rows": 3251, "Plan Width": 12, "Actual Rows": 220, "Actual Loops": 2, "Inner Unique": false, "Hash Cond": "(ph.userid = u.id)", "Workers": [], "Plans": [{"Node Type": "Seq Scan", "Parent Relationship": "Outer", "Parallel Aware": true, "Async Capable": false, "Relation Name": "posthistory", "Alias": "ph", "Startup Cost": 0.0, "Total Cost": 4023.45, "Plan Rows": 178345, "Plan Width": 4, "Actual Rows": 151594, "Actual Loops": 2, "Workers": []}, {"Node Type": "Hash", "Parent Relationship": "Inner", "Parallel Aware": true, "Async Capable": false, "Startup Cost": 7215.37, "Total Cost": 7215.37, "Plan Rows": 79, "Plan Width": 8, "Actual Rows": 20, "Actual Loops": 2, "Hash Buckets": 1024, "Original Hash Buckets": 1024, "Hash Batches": 1, "Original Hash Batches": 1, "Peak Memory Usage": 72, "Workers": [], "Plans": [{"Node Type": "Hash Join", "Parent Relationship": "Outer", "Parallel Aware": false, "Async Capable": false, "Join Type": "Inner", "Startup Cost": 1675.58, "Total Cost": 7215.37, "Plan Rows": 79, "Plan Width": 8, "Actual Rows": 20, "Actual Loops": 2, "Inner Unique": true, "Hash Cond": "(v.userid = u.id)", "Workers": [], "Plans": [{"Node Type": "Seq Scan", "Parent Relationship": "Outer", "Parallel Aware": true, "Async Capable": false, "Relation Name": "votes", "Alias": "v", "Startup Cost": 0.0, "Total Cost": 5537.13, "Plan Rows": 1015, "Plan Width": 4, "Actual Rows": 866, "Actual Loops": 2, "Filter": "((bountyamount >= 0) AND (creationdate >= '2010-07-26 00:00:00'::timestamp without time zone) AND (creationdate <= '2014-09-08 00:00:00'::timestamp without time zone))", "Rows Removed by Filter": 163166, "Workers": []}, {"Node Type": "Hash", "Parent Relationship": "Inner", "Parallel Aware": false, "Async Capable": false, "Startup Cost": 1305.12, "Total Cost": 1305.12, "Plan Rows": 29636, "Plan Width": 4, "Actual Rows": 29853, "Actual Loops": 2, "Hash Buckets": 32768, "Original Hash Buckets": 32768, "Hash Batches": 1, "Original Hash Batches": 1, "Peak Memory Usage": 1306, "Workers": [], "Plans": [{"Node Type": "Seq Scan", "Parent Relationship": "Outer", "Parallel Aware": false, "Async Capable": false, "Relation Name": "users", "Alias": "u", "Startup Cost": 0.0, "Total Cost": 1305.12, "Plan Rows": 29636, "Plan Width": 4, "Actual Rows": 29853, "Actual Loops": 2, "Filter": "((reputation >= 1) AND (views >= 0) AND (views <= 110) AND (creationdate >= '2010-07-28 19:29:11'::timestamp without time zone) AND (creationdate <= '2014-08-14 05:29:30'::timestamp without time zone) AND (upvotes = 0))", "Rows Removed by Filter": 10472, "Workers": []}]}]}]}]}]}]}]}]}]}, "Planning Time": 3.222, "Triggers": [], "Execution Time": 111.625}, {"Plan": {"Node Type": "Aggregate", "Strategy": "Plain", "Partial Mode": "Simple", "Parallel Aware": false, "Async Capable": false, "Startup Cost": 40000019216.21, "Total Cost": 40000019216.22, "Plan Rows": 1, "Plan Width": 8, "Actual Rows": 1, "Actual Loops": 1, "Plans": [{"Node Type": "Merge Join", "Parent Relationship": "Outer", "Parallel Aware": false, "Async Capable": false, "Join Type": "Inner", "Startup Cost": 40000000001.43, "Total Cost": 40000007237.07, "Plan Rows": 4791656, "Plan Width": 0, "Actual Rows": 6299, "Actual Loops": 1, "Inner Unique": false, "Merge Cond": "(u.id = c.userid)", "Plans": [{"Node Type": "Merge Join", "Parent Relationship": "Outer", "Parallel Aware": false, "Async Capable": false, "Join Type": "Inner", "Startup Cost": 30000000001.14, "Total Cost": 30000003049.99, "Plan Rows": 5527, "Plan Width": 12, "Actual Rows": 440, "Actual Loops": 1, "Inner Unique": true, "Merge Cond": "(v.userid = u.id)", "Plans": [{"Node Type": "Merge Join", "Parent Relationship": "Outer", "Parallel Aware": false, "Async Capable": false, "Join Type": "Inner", "Startup Cost": 20000000000.85, "Total Cost": 20000008879.47, "Plan Rows": 71109, "Plan Width": 8, "Actual Rows": 592843, "Actual Loops": 1, "Inner Unique": false, "Merge Cond": "(v.userid = ph.userid)", "Plans": [{"Node Type": "Index Scan", "Parent Relationship": "Outer", "Parallel Aware": false, "Async Capable": false, "Scan Direction": "Forward", "Index Name": "idx_votes_userid", "Relation Name": "votes", "Alias": "v", "Startup Cost": 10000000000.42, "Total Cost": 10000014062.79, "Plan Rows": 1725, "Plan Width": 4, "Actual Rows": 1083, "Actual Loops": 1, "Filter": "((bountyamount >= 0) AND (creationdate >= '2010-07-26 00:00:00'::timestamp without time zone) AND (creationdate <= '2014-09-08 00:00:00'::timestamp without time zone))", "Rows Removed by Filter": 33564}, {"Node Type": "Index Only Scan", "Parent Relationship": "Inner", "Parallel Aware": false, "Async Capable": false, "Scan Direction": "Forward", "Index Name": "idx_posthistory_userid", "Relation Name": "posthistory", "Alias": "ph", "Startup Cost": 10000000000.42, "Total Cost": 10000005925.85, "Plan Rows": 303187, "Plan Width": 4, "Actual Rows": 776538, "Actual Loops": 1, "Heap Fetches": 0}]}, {"Node Type": "Index Scan", "Parent Relationship": "Inner", "Parallel Aware": false, "Async Capable": false, "Scan Direction": "Forward", "Index Name": "users_pkey", "Relation Name": "users", "Alias": "u", "Startup Cost": 10000000000.29, "Total Cost": 10000001962.04, "Plan Rows": 29636, "Plan Width": 4, "Actual Rows": 29853, "Actual Loops": 1, "Filter": "((reputation >= 1) AND (views >= 0) AND (views <= 110) AND (creationdate >= '2010-07-28 19:29:11'::timestamp without time zone) AND (creationdate <= '2014-08-14 05:29:30'::timestamp without time zone) AND (upvotes = 0))", "Rows Removed by Filter": 10472}]}, {"Node Type": "Index Only Scan", "Parent Relationship": "Inner", "Parallel Aware": false, "Async Capable": false, "Scan Direction": "Forward", "Index Name": "idx_comments_userid", "Relation Name": "comments", "Alias": "c", "Startup Cost": 10000000000.3, "Total Cost": 10000003568.78, "Plan Rows": 174305, "Plan Width": 4, "Actual Rows": 175431, "Actual Loops": 1, "Heap Fetches": 0}]}]}, "Planning Time": 2.864, "Triggers": [], "Execution Time": 141.196}, {"Plan": {"Node Type": "Aggregate", "Strategy": "Plain", "Partial Mode": "Simple", "Parallel Aware": false, "Async Capable": false, "Startup Cost": 10000041347.15, "Total Cost": 10000041347.16, "Plan Rows": 1, "Plan Width": 8, "Actual Rows": 1, "Actual Loops": 1, "Plans": [{"Node Type": "Nested Loop", "Parent Relationship": "Outer", "Parallel Aware": false, "Async Capable": false, "Join Type": "Inner", "Startup Cost": 10000000002.4, "Total Cost": 10000029368.01, "Plan Rows": 4791656, "Plan Width": 0, "Actual Rows": 6299, "Actual Loops": 1, "Inner Unique": false, "Join Filter": "(c.userid = u.id)", "Rows Removed by Join Filter": 0, "Plans": [{"Node Type": "Nested Loop", "Parent Relationship": "Outer", "Parallel Aware": false, "Async Capable": false, "Join Type": "Inner", "Startup Cost": 10000000001.57, "Total Cost": 10000021207.15, "Plan Rows": 5527, "Plan Width": 12, "Actual Rows": 440, "Actual Loops": 1, "Inner Unique": false, "Plans": [{"Node Type": "Nested Loop", "Parent Relationship": "Outer", "Parallel Aware": false, "Async Capable": false, "Join Type": "Inner", "Startup Cost": 10000000000.99, "Total Cost": 10000020551.89, "Plan Rows": 134, "Plan Width": 8, "Actual Rows": 40, "Actual Loops": 1, "Inner Unique": true, "Plans": [{"Node Type": "Index Scan", "Parent Relationship": "Outer", "Parallel Aware": false, "Async Capable": false, "Scan Direction": "Forward", "Index Name": "idx_votes_userid", "Relation Name": "votes", "Alias": "v", "Startup Cost": 10000000000.42, "Total Cost": 10000014062.79, "Plan Rows": 1725, "Plan Width": 4, "Actual Rows": 1731, "Actual Loops": 1, "Filter": "((bountyamount >= 0) AND (creationdate >= '2010-07-26 00:00:00'::timestamp without time zone) AND (creationdate <= '2014-09-08 00:00:00'::timestamp without time zone))", "Rows Removed by Filter": 326333}, {"Node Type": "Memoize", "Parent Relationship": "Inner", "Parallel Aware": false, "Async Capable": false, "Startup Cost": 0.57, "Total Cost": 4.6, "Plan Rows": 1, "Plan Width": 4, "Actual Rows": 0, "Actual Loops": 1731, "Cache Key": "v.userid", "Cache Mode": "logical", "Cache Hits": 1078, "Cache Misses": 653, "Cache Evictions": 0, "Cache Overflows": 0, "Peak Memory Usage": 45, "Plans": [{"Node Type": "Bitmap Heap Scan", "Parent Relationship": "Outer", "Parallel Aware": false, "Async Capable": false, "Relation Name": "users", "Alias": "u", "Startup Cost": 0.56, "Total Cost": 4.59, "Plan Rows": 1, "Plan Width": 4, "Actual Rows": 0, "Actual Loops": 653, "Recheck Cond": "(v.userid = id)", "Rows Removed by Index Recheck": 0, "Filter": "((reputation >= 1) AND (views >= 0) AND (views <= 110) AND (creationdate >= '2010-07-28 19:29:11'::timestamp without time zone) AND (creationdate <= '2014-08-14 05:29:30'::timestamp without time zone) AND (upvotes = 0))", "Rows Removed by Filter": 1, "Exact Heap Blocks": 652, "Lossy Heap Blocks": 0, "Plans": [{"Node Type": "Bitmap Index Scan", "Parent Relationship": "Outer", "Parallel Aware": false, "Async Capable": false, "Index Name": "users_pkey", "Startup Cost": 0.0, "Total Cost": 0.56, "Plan Rows": 1, "Plan Width": 0, "Actual Rows": 1, "Actual Loops": 653, "Index Cond": "(id = v.userid)"}]}]}]}, {"Node Type": "Bitmap Heap Scan", "Parent Relationship": "Inner", "Parallel Aware": false, "Async Capable": false, "Relation Name": "posthistory", "Alias": "ph", "Startup Cost": 0.58, "Total Cost": 4.75, "Plan Rows": 14, "Plan Width": 4, "Actual Rows": 11, "Actual Loops": 40, "Recheck Cond": "(userid = u.id)", "Rows Removed by Index Recheck": 0, "Exact Heap Blocks": 187, "Lossy Heap Blocks": 0, "Plans": [{"Node Type": "Bitmap Index Scan", "Parent Relationship": "Outer", "Parallel Aware": false, "Async Capable": false, "Index Name": "idx_posthistory_userid", "Startup Cost": 0.0, "Total Cost": 0.57, "Plan Rows": 14, "Plan Width": 0, "Actual Rows": 11, "Actual Loops": 40, "Index Cond": "(userid = u.id)"}]}]}, {"Node Type": "Memoize", "Parent Relationship": "Inner", "Parallel Aware": false, "Async Capable": false, "Startup Cost": 0.84, "Total Cost": 5.0, "Plan Rows": 13, "Plan Width": 4, "Actual Rows": 14, "Actual Loops": 440, "Cache Key": "v.userid", "Cache Mode": "logical", "Cache Hits": 400, "Cache Misses": 40, "Cache Evictions": 0, "Cache Overflows": 0, "Peak Memory Usage": 10, "Plans": [{"Node Type": "Bitmap Heap Scan", "Parent Relationship": "Outer", "Parallel Aware": false, "Async Capable": false, "Relation Name": "comments", "Alias": "c", "Startup Cost": 0.83, "Total Cost": 4.99, "Plan Rows": 13, "Plan Width": 4, "Actual Rows": 5, "Actual Loops": 40, "Recheck Cond": "(userid = v.userid)", "Rows Removed by Index Recheck": 0, "Exact Heap Blocks": 118, "Lossy Heap Blocks": 0, "Plans": [{"Node Type": "Bitmap Index Scan", "Parent Relationship": "Outer", "Parallel Aware": false, "Async Capable": false, "Index Name": "idx_comments_userid", "Startup Cost": 0.0, "Total Cost": 0.82, "Plan Rows": 13, "Plan Width": 0, "Actual Rows": 5, "Actual Loops": 40, "Index Cond": "(userid = v.userid)"}]}]}]}]}, "Planning Time": 2.847, "Triggers": [], "Execution Time": 77.334}, {"Plan": {"Node Type": "Aggregate", "Strategy": "Plain", "Partial Mode": "Finalize", "Parallel Aware": false, "Async Capable": false, "Startup Cost": 18524.09, "Total Cost": 18524.1, "Plan Rows": 1, "Plan Width": 8, "Actual Rows": 1, "Actual Loops": 1, "Plans": [{"Node Type": "Gather", "Parent Relationship": "Outer", "Parallel Aware": false, "Async Capable": false, "Startup Cost": 18523.98, "Total Cost": 18524.09, "Plan Rows": 1, "Plan Width": 8, "Actual Rows": 2, "Actual Loops": 1, "Workers Planned": 1, "Workers Launched": 1, "Single Copy": false, "Plans": [{"Node Type": "Aggregate", "Strategy": "Plain", "Partial Mode": "Partial", "Parent Relationship": "Outer", "Parallel Aware": false, "Async Capable": false, "Startup Cost": 17523.98, "Total Cost": 17523.99, "Plan Rows": 1, "Plan Width": 8, "Actual Rows": 1, "Actual Loops": 2, "Workers": [], "Plans": [{"Node Type": "Hash Join", "Parent Relationship": "Outer", "Parallel Aware": true, "Async Capable": false, "Join Type": "Inner", "Startup Cost": 7642.32, "Total Cost": 10477.42, "Plan Rows": 2818621, "Plan Width": 0, "Actual Rows": 3150, "Actual Loops": 2, "Inner Unique": false, "Hash Cond": "(c.userid = u.id)", "Workers": [], "Plans": [{"Node Type": "Seq Scan", "Parent Relationship": "Outer", "Parallel Aware": true, "Async Capable": false, "Relation Name": "comments", "Alias": "c", "Startup Cost": 0.0, "Total Cost": 2369.32, "Plan Rows": 102532, "Plan Width": 4, "Actual Rows": 87152, "Actual Loops": 2, "Workers": []}, {"Node Type": "Hash", "Parent Relationship": "Inner", "Parallel Aware": true, "Async Capable": false, "Startup Cost": 7601.68, "Total Cost": 7601.68, "Plan Rows": 3251, "Plan Width": 12, "Actual Rows": 220, "Actual Loops": 2, "Hash Buckets": 8192, "Original Hash Buckets": 8192, "Hash Batches": 1, "Original Hash Batches": 1, "Peak Memory Usage": 128, "Workers": [], "Plans": [{"Node Type": "Nested Loop", "Parent Relationship": "Outer", "Parallel Aware": false, "Async Capable": false, "Join Type": "Inner", "Startup Cost": 1676.15, "Total Cost": 7601.68, "Plan Rows": 3251, "Plan Width": 12, "Actual Rows": 220, "Actual Loops": 2, "Inner Unique": false, "Workers": [], "Plans": [{"Node Type": "Hash Join", "Parent Relationship": "Outer", "Parallel Aware": false, "Async Capable": false, "Join Type": "Inner", "Startup Cost": 1675.58, "Total Cost": 7215.37, "Plan Rows": 79, "Plan Width": 8, "Actual Rows": 20, "Actual Loops": 2, "Inner Unique": true, "Hash Cond": "(v.userid = u.id)", "Workers": [], "Plans": [{"Node Type": "Seq Scan", "Parent Relationship": "Outer", "Parallel Aware": true, "Async Capable": false, "Relation Name": "votes", "Alias": "v", "Startup Cost": 0.0, "Total Cost": 5537.13, "Plan Rows": 1015, "Plan Width": 4, "Actual Rows": 866, "Actual Loops": 2, "Filter": "((bountyamount >= 0) AND (creationdate >= '2010-07-26 00:00:00'::timestamp without time zone) AND (creationdate <= '2014-09-08 00:00:00'::timestamp without time zone))", "Rows Removed by Filter": 163166, "Workers": []}, {"Node Type": "Hash", "Parent Relationship": "Inner", "Parallel Aware": false, "Async Capable": false, "Startup Cost": 1305.12, "Total Cost": 1305.12, "Plan Rows": 29636, "Plan Width": 4, "Actual Rows": 29853, "Actual Loops": 2, "Hash Buckets": 32768, "Original Hash Buckets": 32768, "Hash Batches": 1, "Original Hash Batches": 1, "Peak Memory Usage": 1306, "Workers": [], "Plans": [{"Node Type": "Seq Scan", "Parent Relationship": "Outer", "Parallel Aware": false, "Async Capable": false, "Relation Name": "users", "Alias": "u", "Startup Cost": 0.0, "Total Cost": 1305.12, "Plan Rows": 29636, "Plan Width": 4, "Actual Rows": 29853, "Actual Loops": 2, "Filter": "((reputation >= 1) AND (views >= 0) AND (views <= 110) AND (creationdate >= '2010-07-28 19:29:11'::timestamp without time zone) AND (creationdate <= '2014-08-14 05:29:30'::timestamp without time zone) AND (upvotes = 0))", "Rows Removed by Filter": 10472, "Workers": []}]}]}, {"Node Type": "Bitmap Heap Scan", "Parent Relationship": "Inner", "Parallel Aware": false, "Async Capable": false, "Relation Name": "posthistory", "Alias": "ph", "Startup Cost": 0.58, "Total Cost": 4.75, "Plan Rows": 14, "Plan Width": 4, "Actual Rows": 11, "Actual Loops": 40, "Recheck Cond": "(userid = u.id)", "Rows Removed by Index Recheck": 0, "Exact Heap Blocks": 86, "Lossy Heap Blocks": 0, "Workers": [], "Plans": [{"Node Type": "Bitmap Index Scan", "Parent Relationship": "Outer", "Parallel Aware": false, "Async Capable": false, "Index Name": "idx_posthistory_userid", "Startup Cost": 0.0, "Total Cost": 0.57, "Plan Rows": 14, "Plan Width": 0, "Actual Rows": 11, "Actual Loops": 40, "Index Cond": "(userid = u.id)", "Workers": []}]}]}]}]}]}]}]}, "Planning Time": 3.857, "Triggers": [], "Execution Time": 73.661}, {"Plan": {"Node Type": "Aggregate", "Strategy": "Plain", "Partial Mode": "Finalize", "Parallel Aware": false, "Async Capable": false, "Startup Cost": 41209.16, "Total Cost": 41209.17, "Plan Rows": 1, "Plan Width": 8, "Actual Rows": 1, "Actual Loops": 1, "Plans": [{"Node Type": "Gather", "Parent Relationship": "Outer", "Parallel Aware": false, "Async Capable": false, "Startup Cost": 41209.05, "Total Cost": 41209.16, "Plan Rows": 1, "Plan Width": 8, "Actual Rows": 2, "Actual Loops": 1, "Workers Planned": 1, "Workers Launched": 1, "Single Copy": false, "Plans": [{"Node Type": "Aggregate", "Strategy": "Plain", "Partial Mode": "Partial", "Parent Relationship": "Outer", "Parallel Aware": false, "Async Capable": false, "Startup Cost": 40209.05, "Total Cost": 40209.06, "Plan Rows": 1, "Plan Width": 8, "Actual Rows": 1, "Actual Loops": 2, "Workers": [], "Plans": [{"Node Type": "Hash Join", "Parent Relationship": "Outer", "Parallel Aware": true, "Async Capable": false, "Join Type": "Inner", "Startup Cost": 25591.53, "Total Cost": 33162.5, "Plan Rows": 2818621, "Plan Width": 0, "Actual Rows": 3150, "Actual Loops": 2, "Inner Unique": false, "Hash Cond": "(c.userid = u.id)", "Workers": [], "Plans": [{"Node Type": "Index Scan", "Parent Relationship": "Outer", "Parallel Aware": true, "Async Capable": false, "Scan Direction": "Forward", "Index Name": "idx_comments_userid", "Relation Name": "comments", "Alias": "c", "Startup Cost": 0.29, "Total Cost": 7105.47, "Plan Rows": 102532, "Plan Width": 4, "Actual Rows": 87152, "Actual Loops": 2, "Workers": []}, {"Node Type": "Hash", "Parent Relationship": "Inner", "Parallel Aware": true, "Async Capable": false, "Startup Cost": 25550.6, "Total Cost": 25550.6, "Plan Rows": 3251, "Plan Width": 12, "Actual Rows": 220, "Actual Loops": 2, "Hash Buckets": 8192, "Original Hash Buckets": 8192, "Hash Batches": 1, "Original Hash Batches": 1, "Peak Memory Usage": 128, "Workers": [], "Plans": [{"Node Type": "Hash Join", "Parent Relationship": "Outer", "Parallel Aware": true, "Async Capable": false, "Join Type": "Inner", "Startup Cost": 14035.37, "Total Cost": 25550.6, "Plan Rows": 3251, "Plan Width": 12, "Actual Rows": 220, "Actual Loops": 2, "Inner Unique": false, "Hash Cond": "(ph.userid = u.id)", "Workers": [], "Plans": [{"Node Type": "Index Scan", "Parent Relationship": "Outer", "Parallel Aware": true, "Async Capable": false, "Scan Direction": "Forward", "Index Name": "idx_posthistory_userid", "Relation Name": "posthistory", "Alias": "ph", "Startup Cost": 0.42, "Total Cost": 10843.61, "Plan Rows": 178345, "Plan Width": 4, "Actual Rows": 151594, "Actual Loops": 2, "Workers": []}, {"Node Type": "Hash", "Parent Relationship": "Inner", "Parallel Aware": true, "Async Capable": false, "Startup Cost": 14033.96, "Total Cost": 14033.96, "Plan Rows": 79, "Plan Width": 8, "Actual Rows": 20, "Actual Loops": 2, "Hash Buckets": 1024, "Original Hash Buckets": 1024, "Hash Batches": 1, "Original Hash Batches": 1, "Peak Memory Usage": 72, "Workers": [], "Plans": [{"Node Type": "Hash Join", "Parent Relationship": "Outer", "Parallel Aware": false, "Async Capable": false, "Join Type": "Inner", "Startup Cost": 2332.91, "Total Cost": 14033.96, "Plan Rows": 79, "Plan Width": 8, "Actual Rows": 20, "Actual Loops": 2, "Inner Unique": true, "Hash Cond": "(v.userid = u.id)", "Workers": [], "Plans": [{"Node Type": "Index Scan", "Parent Relationship": "Outer", "Parallel Aware": true, "Async Capable": false, "Scan Direction": "Forward", "Index Name": "idx_votes_userid", "Relation Name": "votes", "Alias": "v", "Startup Cost": 0.42, "Total Cost": 11698.8, "Plan Rows": 1015, "Plan Width": 4, "Actual Rows": 866, "Actual Loops": 2, "Filter": "((bountyamount >= 0) AND (creationdate >= '2010-07-26 00:00:00'::timestamp without time zone) AND (creationdate <= '2014-09-08 00:00:00'::timestamp without time zone))", "Rows Removed by Filter": 163166, "Workers": []}, {"Node Type": "Hash", "Parent Relationship": "Inner", "Parallel Aware": false, "Async Capable": false, "Startup Cost": 1962.04, "Total Cost": 1962.04, "Plan Rows": 29636, "Plan Width": 4, "Actual Rows": 29853, "Actual Loops": 2, "Hash Buckets": 32768, "Original Hash Buckets": 32768, "Hash Batches": 1, "Original Hash Batches": 1, "Peak Memory Usage": 1306, "Workers": [], "Plans": [{"Node Type": "Index Scan", "Parent Relationship": "Outer", "Parallel Aware": false, "Async Capable": false, "Scan Direction": "Forward", "Index Name": "users_pkey", "Relation Name": "users", "Alias": "u", "Startup Cost": 0.29, "Total Cost": 1962.04, "Plan Rows": 29636, "Plan Width": 4, "Actual Rows": 29853, "Actual Loops": 2, "Filter": "((reputation >= 1) AND (views >= 0) AND (views <= 110) AND (creationdate >= '2010-07-28 19:29:11'::timestamp without time zone) AND (creationdate <= '2014-08-14 05:29:30'::timestamp without time zone) AND (upvotes = 0))", "Rows Removed by Filter": 10472, "Workers": []}]}]}]}]}]}]}]}]}]}, "Planning Time": 5.679, "Triggers": [], "Execution Time": 333.034}, {"Plan": {"Node Type": "Aggregate", "Strategy": "Plain", "Partial Mode": "Finalize", "Parallel Aware": false, "Async Capable": false, "Startup Cost": 19155.54, "Total Cost": 19155.55, "Plan Rows": 1, "Plan Width": 8, "Actual Rows": 1, "Actual Loops": 1, "Plans": [{"Node Type": "Gather", "Parent Relationship": "Outer", "Parallel Aware": false, "Async Capable": false, "Startup Cost": 19155.43, "Total Cost": 19155.54, "Plan Rows": 1, "Plan Width": 8, "Actual Rows": 2, "Actual Loops": 1, "Workers Planned": 1, "Workers Launched": 1, "Single Copy": false, "Plans": [{"Node Type": "Aggregate", "Strategy": "Plain", "Partial Mode": "Partial", "Parent Relationship": "Outer", "Parallel Aware": false, "Async Capable": false, "Startup Cost": 18155.43, "Total Cost": 18155.44, "Plan Rows": 1, "Plan Width": 8, "Actual Rows": 1, "Actual Loops": 2, "Workers": [], "Plans": [{"Node Type": "Hash Join", "Parent Relationship": "Outer", "Parallel Aware": true, "Async Capable": false, "Join Type": "Inner", "Startup Cost": 3537.92, "Total Cost": 11108.88, "Plan Rows": 2818621, "Plan Width": 0, "Actual Rows": 3150, "Actual Loops": 2, "Inner Unique": false, "Hash Cond": "(c.userid = u.id)", "Workers": [], "Plans": [{"Node Type": "Index Scan", "Parent Relationship": "Outer", "Parallel Aware": true, "Async Capable": false, "Scan Direction": "Forward", "Index Name": "idx_comments_userid", "Relation Name": "comments", "Alias": "c", "Startup Cost": 0.29, "Total Cost": 7105.47, "Plan Rows": 102532, "Plan Width": 4, "Actual Rows": 87152, "Actual Loops": 2, "Workers": []}, {"Node Type": "Hash", "Parent Relationship": "Inner", "Parallel Aware": true, "Async Capable": false, "Startup Cost": 3496.98, "Total Cost": 3496.98, "Plan Rows": 3251, "Plan Width": 12, "Actual Rows": 220, "Actual Loops": 2, "Hash Buckets": 8192, "Original Hash Buckets": 8192, "Hash Batches": 1, "Original Hash Batches": 1, "Peak Memory Usage": 128, "Workers": [], "Plans": [{"Node Type": "Merge Join", "Parent Relationship": "Outer", "Parallel Aware": false, "Async Capable": false, "Join Type": "Inner", "Startup Cost": 1.14, "Total Cost": 3496.98, "Plan Rows": 3251, "Plan Width": 12, "Actual Rows": 220, "Actual Loops": 2, "Inner Unique": true, "Merge Cond": "(v.userid = u.id)", "Workers": [], "Plans": [{"Node Type": "Merge Join", "Parent Relationship": "Outer", "Parallel Aware": false, "Async Capable": false, "Join Type": "Inner", "Startup Cost": 0.84, "Total Cost": 13393.3, "Plan Rows": 41829, "Plan Width": 8, "Actual Rows": 296422, "Actual Loops": 2, "Inner Unique": false, "Merge Cond": "(ph.userid = v.userid)", "Workers": [], "Plans": [{"Node Type": "Index Scan", "Parent Relationship": "Outer", "Parallel Aware": true, "Async Capable": false, "Scan Direction": "Forward", "Index Name": "idx_posthistory_userid", "Relation Name": "posthistory", "Alias": "ph", "Startup Cost": 0.42, "Total Cost": 10843.61, "Plan Rows": 178345, "Plan Width": 4, "Actual Rows": 139552, "Actual Loops": 2, "Workers": []}, {"Node Type": "Materialize", "Parent Relationship": "Inner", "Parallel Aware": false, "Async Capable": false, "Startup Cost": 0.42, "Total Cost": 14067.11, "Plan Rows": 1725, "Plan Width": 4, "Actual Rows": 296890, "Actual Loops": 2, "Workers": [], "Plans": [{"Node Type": "Index Scan", "Parent Relationship": "Outer", "Parallel Aware": false, "Async Capable": false, "Scan Direction": "Forward", "Index Name": "idx_votes_userid", "Relation Name": "votes", "Alias": "v", "Startup Cost": 0.42, "Total Cost": 14062.79, "Plan Rows": 1725, "Plan Width": 4, "Actual Rows": 1086, "Actual Loops": 2, "Filter": "((bountyamount >= 0) AND (creationdate >= '2010-07-26 00:00:00'::timestamp without time zone) AND (creationdate <= '2014-09-08 00:00:00'::timestamp without time zone))", "Rows Removed by Filter": 33568, "Workers": []}]}]}, {"Node Type": "Index Scan", "Parent Relationship": "Inner", "Parallel Aware": false, "Async Capable": false, "Scan Direction": "Forward", "Index Name": "users_pkey", "Relation Name": "users", "Alias": "u", "Startup Cost": 0.29, "Total Cost": 1962.04, "Plan Rows": 29636, "Plan Width": 4, "Actual Rows": 29853, "Actual Loops": 2, "Filter": "((reputation >= 1) AND (views >= 0) AND (views <= 110) AND (creationdate >= '2010-07-28 19:29:11'::timestamp without time zone) AND (creationdate <= '2014-08-14 05:29:30'::timestamp without time zone) AND (upvotes = 0))", "Rows Removed by Filter": 10472, "Workers": []}]}]}]}]}]}]}, "Planning Time": 6.538, "Triggers": [], "Execution Time": 358.026}, {"Plan": {"Node Type": "Aggregate", "Strategy": "Plain", "Partial Mode": "Finalize", "Parallel Aware": false, "Async Capable": false, "Startup Cost": 13373.96, "Total Cost": 13373.97, "Plan Rows": 1, "Plan Width": 8, "Actual Rows": 1, "Actual Loops": 1, "Plans": [{"Node Type": "Gather", "Parent Relationship": "Outer", "Parallel Aware": false, "Async Capable": false, "Startup Cost": 13373.85, "Total Cost": 13373.96, "Plan Rows": 1, "Plan Width": 8, "Actual Rows": 2, "Actual Loops": 1, "Workers Planned": 1, "Workers Launched": 1, "Single Copy": false, "Plans": [{"Node Type": "Aggregate", "Strategy": "Plain", "Partial Mode": "Partial", "Parent Relationship": "Outer", "Parallel Aware": false, "Async Capable": false, "Startup Cost": 12373.85, "Total Cost": 12373.86, "Plan Rows": 1, "Plan Width": 8, "Actual Rows": 1, "Actual Loops": 2, "Workers": [], "Plans": [{"Node Type": "Nested Loop", "Parent Relationship": "Outer", "Parallel Aware": false, "Async Capable": false, "Join Type": "Inner", "Startup Cost": 1.43, "Total Cost": 5327.3, "Plan Rows": 2818621, "Plan Width": 0, "Actual Rows": 3150, "Actual Loops": 2, "Inner Unique": false, "Join Filter": "(ph.userid = u.id)", "Rows Removed by Join Filter": 0, "Workers": [], "Plans": [{"Node Type": "Merge Join", "Parent Relationship": "Outer", "Parallel Aware": false, "Async Capable": false, "Join Type": "Inner", "Startup Cost": 1.01, "Total Cost": 3056.71, "Plan Rows": 2519, "Plan Width": 12, "Actual Rows": 100, "Actual Loops": 2, "Inner Unique": true, "Merge Cond": "(v.userid = u.id)", "Workers": [], "Plans": [{"Node Type": "Merge Join", "Parent Relationship": "Outer", "Parallel Aware": false, "Async Capable": false, "Join Type": "Inner", "Startup Cost": 0.72, "Total Cost": 9324.37, "Plan Rows": 32412, "Plan Width": 8, "Actual Rows": 252455, "Actual Loops": 2, "Inner Unique": false, "Merge Cond": "(c.userid = v.userid)", "Workers": [], "Plans": [{"Node Type": "Index Scan", "Parent Relationship": "Outer", "Parallel Aware": true, "Async Capable": false, "Scan Direction": "Forward", "Index Name": "idx_comments_userid", "Relation Name": "comments", "Alias": "c", "Startup Cost": 0.29, "Total Cost": 7105.47, "Plan Rows": 102532, "Plan Width": 4, "Actual Rows": 85278, "Actual Loops": 2, "Workers": []}, {"Node Type": "Materialize", "Parent Relationship": "Inner", "Parallel Aware": false, "Async Capable": false, "Startup Cost": 0.42, "Total Cost": 14067.11, "Plan Rows": 1725, "Plan Width": 4, "Actual Rows": 252965, "Actual Loops": 2, "Workers": [], "Plans": [{"Node Type": "Index Scan", "Parent Relationship": "Outer", "Parallel Aware": false, "Async Capable": false, "Scan Direction": "Forward", "Index Name": "idx_votes_userid", "Relation Name": "votes", "Alias": "v", "Startup Cost": 0.42, "Total Cost": 14062.79, "Plan Rows": 1725, "Plan Width": 4, "Actual Rows": 1087, "Actual Loops": 2, "Filter": "((bountyamount >= 0) AND (creationdate >= '2010-07-26 00:00:00'::timestamp without time zone) AND (creationdate <= '2014-09-08 00:00:00'::timestamp without time zone))", "Rows Removed by Filter": 35051, "Workers": []}]}]}, {"Node Type": "Index Scan", "Parent Relationship": "Inner", "Parallel Aware": false, "Async Capable": false, "Scan Direction": "Forward", "Index Name": "users_pkey", "Relation Name": "users", "Alias": "u", "Startup Cost": 0.29, "Total Cost": 1962.04, "Plan Rows": 29636, "Plan Width": 4, "Actual Rows": 29174, "Actual Loops": 2, "Filter": "((reputation >= 1) AND (views >= 0) AND (views <= 110) AND (creationdate >= '2010-07-28 19:29:11'::timestamp without time zone) AND (creationdate <= '2014-08-14 05:29:30'::timestamp without time zone) AND (upvotes = 0))", "Rows Removed by Filter": 9579, "Workers": []}]}, {"Node Type": "Index Scan", "Parent Relationship": "Inner", "Parallel Aware": false, "Async Capable": false, "Scan Direction": "Forward", "Index Name": "idx_posthistory_userid", "Relation Name": "posthistory", "Alias": "ph", "Startup Cost": 0.42, "Total Cost": 0.73, "Plan Rows": 14, "Plan Width": 4, "Actual Rows": 31, "Actual Loops": 200, "Index Cond": "(userid = c.userid)", "Rows Removed by Index Recheck": 0, "Workers": []}]}]}]}]}, "Planning Time": 6.801, "Triggers": [], "Execution Time": 189.195}, {"Plan": {"Node Type": "Aggregate", "Strategy": "Plain", "Partial Mode": "Finalize", "Parallel Aware": false, "Async Capable": false, "Startup Cost": 14419.39, "Total Cost": 14419.4, "Plan Rows": 1, "Plan Width": 8, "Actual Rows": 1, "Actual Loops": 1, "Plans": [{"Node Type": "Gather", "Parent Relationship": "Outer", "Parallel Aware": false, "Async Capable": false, "Startup Cost": 14419.28, "Total Cost": 14419.39, "Plan Rows": 1, "Plan Width": 8, "Actual Rows": 2, "Actual Loops": 1, "Workers Planned": 1, "Workers Launched": 1, "Single Copy": false, "Plans": [{"Node Type": "Aggregate", "Strategy": "Plain", "Partial Mode": "Partial", "Parent Relationship": "Outer", "Parallel Aware": false, "Async Capable": false, "Startup Cost": 13419.28, "Total Cost": 13419.29, "Plan Rows": 1, "Plan Width": 8, "Actual Rows": 1, "Actual Loops": 2, "Workers": [], "Plans": [{"Node Type": "Hash Join", "Parent Relationship": "Outer", "Parallel Aware": true, "Async Capable": false, "Join Type": "Inner", "Startup Cost": 3537.62, "Total Cost": 6372.73, "Plan Rows": 2818621, "Plan Width": 0, "Actual Rows": 3150, "Actual Loops": 2, "Inner Unique": false, "Hash Cond": "(c.userid = u.id)", "Workers": [], "Plans": [{"Node Type": "Seq Scan", "Parent Relationship": "Outer", "Parallel Aware": true, "Async Capable": false, "Relation Name": "comments", "Alias": "c", "Startup Cost": 0.0, "Total Cost": 2369.32, "Plan Rows": 102532, "Plan Width": 4, "Actual Rows": 87152, "Actual Loops": 2, "Workers": []}, {"Node Type": "Hash", "Parent Relationship": "Inner", "Parallel Aware": true, "Async Capable": false, "Startup Cost": 3496.98, "Total Cost": 3496.98, "Plan Rows": 3251, "Plan Width": 12, "Actual Rows": 220, "Actual Loops": 2, "Hash Buckets": 8192, "Original Hash Buckets": 8192, "Hash Batches": 1, "Original Hash Batches": 1, "Peak Memory Usage": 128, "Workers": [], "Plans": [{"Node Type": "Merge Join", "Parent Relationship": "Outer", "Parallel Aware": false, "Async Capable": false, "Join Type": "Inner", "Startup Cost": 1.14, "Total Cost": 3496.98, "Plan Rows": 3251, "Plan Width": 12, "Actual Rows": 220, "Actual Loops": 2, "Inner Unique": true, "Merge Cond": "(v.userid = u.id)", "Workers": [], "Plans": [{"Node Type": "Merge Join", "Parent Relationship": "Outer", "Parallel Aware": false, "Async Capable": false, "Join Type": "Inner", "Startup Cost": 0.84, "Total Cost": 13393.3, "Plan Rows": 41829, "Plan Width": 8, "Actual Rows": 296422, "Actual Loops": 2, "Inner Unique": false, "Merge Cond": "(ph.userid = v.userid)", "Workers": [], "Plans": [{"Node Type": "Index Scan", "Parent Relationship": "Outer", "Parallel Aware": true, "Async Capable": false, "Scan Direction": "Forward", "Index Name": "idx_posthistory_userid", "Relation Name": "posthistory", "Alias": "ph", "Startup Cost": 0.42, "Total Cost": 10843.61, "Plan Rows": 178345, "Plan Width": 4, "Actual Rows": 139552, "Actual Loops": 2, "Workers": []}, {"Node Type": "Materialize", "Parent Relationship": "Inner", "Parallel Aware": false, "Async Capable": false, "Startup Cost": 0.42, "Total Cost": 14067.11, "Plan Rows": 1725, "Plan Width": 4, "Actual Rows": 296888, "Actual Loops": 2, "Workers": [], "Plans": [{"Node Type": "Index Scan", "Parent Relationship": "Outer", "Parallel Aware": false, "Async Capable": false, "Scan Direction": "Forward", "Index Name": "idx_votes_userid", "Relation Name": "votes", "Alias": "v", "Startup Cost": 0.42, "Total Cost": 14062.79, "Plan Rows": 1725, "Plan Width": 4, "Actual Rows": 1086, "Actual Loops": 2, "Filter": "((bountyamount >= 0) AND (creationdate >= '2010-07-26 00:00:00'::timestamp without time zone) AND (creationdate <= '2014-09-08 00:00:00'::timestamp without time zone))", "Rows Removed by Filter": 33568, "Workers": []}]}]}, {"Node Type": "Index Scan", "Parent Relationship": "Inner", "Parallel Aware": false, "Async Capable": false, "Scan Direction": "Forward", "Index Name": "users_pkey", "Relation Name": "users", "Alias": "u", "Startup Cost": 0.29, "Total Cost": 1962.04, "Plan Rows": 29636, "Plan Width": 4, "Actual Rows": 29853, "Actual Loops": 2, "Filter": "((reputation >= 1) AND (views >= 0) AND (views <= 110) AND (creationdate >= '2010-07-28 19:29:11'::timestamp without time zone) AND (creationdate <= '2014-08-14 05:29:30'::timestamp without time zone) AND (upvotes = 0))", "Rows Removed by Filter": 10472, "Workers": []}]}]}]}]}]}]}, "Planning Time": 7.377, "Triggers": [], "Execution Time": 287.994}, {"Plan": {"Node Type": "Aggregate", "Strategy": "Plain", "Partial Mode": "Finalize", "Parallel Aware": false, "Async Capable": false, "Startup Cost": 23376.24, "Total Cost": 23376.25, "Plan Rows": 1, "Plan Width": 8, "Actual Rows": 1, "Actual Loops": 1, "Plans": [{"Node Type": "Gather", "Parent Relationship": "Outer", "Parallel Aware": false, "Async Capable": false, "Startup Cost": 23376.13, "Total Cost": 23376.24, "Plan Rows": 1, "Plan Width": 8, "Actual Rows": 2, "Actual Loops": 1, "Workers Planned": 1, "Workers Launched": 1, "Single Copy": false, "Plans": [{"Node Type": "Aggregate", "Strategy": "Plain", "Partial Mode": "Partial", "Parent Relationship": "Outer", "Parallel Aware": false, "Async Capable": false, "Startup Cost": 22376.13, "Total Cost": 22376.14, "Plan Rows": 1, "Plan Width": 8, "Actual Rows": 1, "Actual Loops": 2, "Workers": [], "Plans": [{"Node Type": "Nested Loop", "Parent Relationship": "Outer", "Parallel Aware": false, "Async Capable": false, "Join Type": "Inner", "Startup Cost": 1.43, "Total Cost": 15329.58, "Plan Rows": 2818621, "Plan Width": 0, "Actual Rows": 3150, "Actual Loops": 2, "Inner Unique": false, "Join Filter": "(ph.userid = u.id)", "Rows Removed by Join Filter": 0, "Workers": [], "Plans": [{"Node Type": "Nested Loop", "Parent Relationship": "Outer", "Parallel Aware": false, "Async Capable": false, "Join Type": "Inner", "Startup Cost": 1.01, "Total Cost": 13058.99, "Plan Rows": 2519, "Plan Width": 12, "Actual Rows": 100, "Actual Loops": 2, "Inner Unique": false, "Workers": [], "Plans": [{"Node Type": "Nested Loop", "Parent Relationship": "Outer", "Parallel Aware": false, "Async Capable": false, "Join Type": "Inner", "Startup Cost": 0.71, "Total Cost": 12991.13, "Plan Rows": 79, "Plan Width": 8, "Actual Rows": 20, "Actual Loops": 2, "Inner Unique": true, "Workers": [], "Plans": [{"Node Type": "Index Scan", "Parent Relationship": "Outer", "Parallel Aware": true, "Async Capable": false, "Scan Direction": "Forward", "Index Name": "idx_votes_userid", "Relation Name": "votes", "Alias": "v", "Startup Cost": 0.42, "Total Cost": 11698.8, "Plan Rows": 1015, "Plan Width": 4, "Actual Rows": 866, "Actual Loops": 2, "Filter": "((bountyamount >= 0) AND (creationdate >= '2010-07-26 00:00:00'::timestamp without time zone) AND (creationdate <= '2014-09-08 00:00:00'::timestamp without time zone))", "Rows Removed by Filter": 163166, "Workers": []}, {"Node Type": "Index Scan", "Parent Relationship": "Inner", "Parallel Aware": false, "Async Capable": false, "Scan Direction": "Forward", "Index Name": "users_pkey", "Relation Name": "users", "Alias": "u", "Startup Cost": 0.29, "Total Cost": 1.27, "Plan Rows": 1, "Plan Width": 4, "Actual Rows": 0, "Actual Loops": 1731, "Index Cond": "(id = v.userid)", "Rows Removed by Index Recheck": 0, "Filter": "((reputation >= 1) AND (views >= 0) AND (views <= 110) AND (creationdate >= '2010-07-28 19:29:11'::timestamp without time zone) AND (creationdate <= '2014-08-14 05:29:30'::timestamp without time zone) AND (upvotes = 0))", "Rows Removed by Filter": 1, "Workers": []}]}, {"Node Type": "Index Scan", "Parent Relationship": "Inner", "Parallel Aware": false, "Async Capable": false, "Scan Direction": "Forward", "Index Name": "idx_comments_userid", "Relation Name": "comments", "Alias": "c", "Startup Cost": 0.29, "Total Cost": 0.73, "Plan Rows": 13, "Plan Width": 4, "Actual Rows": 5, "Actual Loops": 40, "Index Cond": "(userid = u.id)", "Rows Removed by Index Recheck": 0, "Workers": []}]}, {"Node Type": "Index Scan", "Parent Relationship": "Inner", "Parallel Aware": false, "Async Capable": false, "Scan Direction": "Forward", "Index Name": "idx_posthistory_userid", "Relation Name": "posthistory", "Alias": "ph", "Startup Cost": 0.42, "Total Cost": 0.73, "Plan Rows": 14, "Plan Width": 4, "Actual Rows": 31, "Actual Loops": 200, "Index Cond": "(userid = c.userid)", "Rows Removed by Index Recheck": 0, "Workers": []}]}]}]}]}, "Planning Time": 2.56, "Triggers": [], "Execution Time": 67.404}, {"Plan": {"Node Type": "Aggregate", "Strategy": "Plain", "Partial Mode": "Finalize", "Parallel Aware": false, "Async Capable": false, "Startup Cost": 17214.57, "Total Cost": 17214.58, "Plan Rows": 1, "Plan Width": 8, "Actual Rows": 1, "Actual Loops": 1, "Plans": [{"Node Type": "Gather", "Parent Relationship": "Outer", "Parallel Aware": false, "Async Capable": false, "Startup Cost": 17214.46, "Total Cost": 17214.57, "Plan Rows": 1, "Plan Width": 8, "Actual Rows": 2, "Actual Loops": 1, "Workers Planned": 1, "Workers Launched": 1, "Single Copy": false, "Plans": [{"Node Type": "Aggregate", "Strategy": "Plain", "Partial Mode": "Partial", "Parent Relationship": "Outer", "Parallel Aware": false, "Async Capable": false, "Startup Cost": 16214.46, "Total Cost": 16214.47, "Plan Rows": 1, "Plan Width": 8, "Actual Rows": 1, "Actual Loops": 2, "Workers": [], "Plans": [{"Node Type": "Nested Loop", "Parent Relationship": "Outer", "Parallel Aware": false, "Async Capable": false, "Join Type": "Inner", "Startup Cost": 1.01, "Total Cost": 9167.9, "Plan Rows": 2818621, "Plan Width": 0, "Actual Rows": 3150, "Actual Loops": 2, "Inner Unique": false, "Join Filter": "(ph.userid = u.id)", "Rows Removed by Join Filter": 0, "Workers": [], "Plans": [{"Node Type": "Nested Loop", "Parent Relationship": "Outer", "Parallel Aware": false, "Async Capable": false, "Join Type": "Inner", "Startup Cost": 0.58, "Total Cost": 6897.31, "Plan Rows": 2519, "Plan Width": 12, "Actual Rows": 100, "Actual Loops": 2, "Inner Unique": false, "Workers": [], "Plans": [{"Node Type": "Nested Loop", "Parent Relationship": "Outer", "Parallel Aware": false, "Async Capable": false, "Join Type": "Inner", "Startup Cost": 0.29, "Total Cost": 6829.45, "Plan Rows": 79, "Plan Width": 8, "Actual Rows": 20, "Actual Loops": 2, "Inner Unique": true, "Workers": [], "Plans": [{"Node Type": "Seq Scan", "Parent Relationship": "Outer", "Parallel Aware": true, "Async Capable": false, "Relation Name": "votes", "Alias": "v", "Startup Cost": 0.0, "Total Cost": 5537.13, "Plan Rows": 1015, "Plan Width": 4, "Actual Rows": 866, "Actual Loops": 2, "Filter": "((bountyamount >= 0) AND (creationdate >= '2010-07-26 00:00:00'::timestamp without time zone) AND (creationdate <= '2014-09-08 00:00:00'::timestamp without time zone))", "Rows Removed by Filter": 163166, "Workers": []}, {"Node Type": "Index Scan", "Parent Relationship": "Inner", "Parallel Aware": false, "Async Capable": false, "Scan Direction": "Forward", "Index Name": "users_pkey", "Relation Name": "users", "Alias": "u", "Startup Cost": 0.29, "Total Cost": 1.27, "Plan Rows": 1, "Plan Width": 4, "Actual Rows": 0, "Actual Loops": 1731, "Index Cond": "(id = v.userid)", "Rows Removed by Index Recheck": 0, "Filter": "((reputation >= 1) AND (views >= 0) AND (views <= 110) AND (creationdate >= '2010-07-28 19:29:11'::timestamp without time zone) AND (creationdate <= '2014-08-14 05:29:30'::timestamp without time zone) AND (upvotes = 0))", "Rows Removed by Filter": 1, "Workers": []}]}, {"Node Type": "Index Scan", "Parent Relationship": "Inner", "Parallel Aware": false, "Async Capable": false, "Scan Direction": "Forward", "Index Name": "idx_comments_userid", "Relation Name": "comments", "Alias": "c", "Startup Cost": 0.29, "Total Cost": 0.73, "Plan Rows": 13, "Plan Width": 4, "Actual Rows": 5, "Actual Loops": 40, "Index Cond": "(userid = u.id)", "Rows Removed by Index Recheck": 0, "Workers": []}]}, {"Node Type": "Index Scan", "Parent Relationship": "Inner", "Parallel Aware": false, "Async Capable": false, "Scan Direction": "Forward", "Index Name": "idx_posthistory_userid", "Relation Name": "posthistory", "Alias": "ph", "Startup Cost": 0.42, "Total Cost": 0.73, "Plan Rows": 14, "Plan Width": 4, "Actual Rows": 31, "Actual Loops": 200, "Index Cond": "(userid = c.userid)", "Rows Removed by Index Recheck": 0, "Workers": []}]}]}]}]}, "Planning Time": 2.217, "Triggers": [], "Execution Time": 38.109}, {"Plan": {"Node Type": "Aggregate", "Strategy": "Plain", "Partial Mode": "Finalize", "Parallel Aware": false, "Async Capable": false, "Startup Cost": 14359.96, "Total Cost": 14359.97, "Plan Rows": 1, "Plan Width": 8, "Actual Rows": 1, "Actual Loops": 1, "Plans": [{"Node Type": "Gather", "Parent Relationship": "Outer", "Parallel Aware": false, "Async Capable": false, "Startup Cost": 14359.85, "Total Cost": 14359.96, "Plan Rows": 1, "Plan Width": 8, "Actual Rows": 2, "Actual Loops": 1, "Workers Planned": 1, "Workers Launched": 1, "Single Copy": false, "Plans": [{"Node Type": "Aggregate", "Strategy": "Plain", "Partial Mode": "Partial", "Parent Relationship": "Outer", "Parallel Aware": false, "Async Capable": false, "Startup Cost": 13359.85, "Total Cost": 13359.86, "Plan Rows": 1, "Plan Width": 8, "Actual Rows": 1, "Actual Loops": 2, "Workers": [], "Plans": [{"Node Type": "Merge Join", "Parent Relationship": "Outer", "Parallel Aware": false, "Async Capable": false, "Join Type": "Inner", "Startup Cost": 1.43, "Total Cost": 6313.29, "Plan Rows": 2818621, "Plan Width": 0, "Actual Rows": 3150, "Actual Loops": 2, "Inner Unique": false, "Merge Cond": "(c.userid = u.id)", "Workers": [], "Plans": [{"Node Type": "Index Only Scan", "Parent Relationship": "Outer", "Parallel Aware": true, "Async Capable": false, "Scan Direction": "Forward", "Index Name": "idx_comments_userid", "Relation Name": "comments", "Alias": "c", "Startup Cost": 0.29, "Total Cost": 2851.06, "Plan Rows": 102532, "Plan Width": 4, "Actual Rows": 84666, "Actual Loops": 2, "Heap Fetches": 0, "Workers": []}, {"Node Type": "Materialize", "Parent Relationship": "Inner", "Parallel Aware": false, "Async Capable": false, "Startup Cost": 1.14, "Total Cost": 3063.81, "Plan Rows": 5527, "Plan Width": 12, "Actual Rows": 3398, "Actual Loops": 2, "Workers": [], "Plans": [{"Node Type": "Merge Join", "Parent Relationship": "Outer", "Parallel Aware": false, "Async Capable": false, "Join Type": "Inner", "Startup Cost": 1.14, "Total Cost": 3049.99, "Plan Rows": 5527, "Plan Width": 12, "Actual Rows": 440, "Actual Loops": 2, "Inner Unique": true, "Merge Cond": "(v.userid = u.id)", "Workers": [], "Plans": [{"Node Type": "Merge Join", "Parent Relationship": "Outer", "Parallel Aware": false, "Async Capable": false, "Join Type": "Inner", "Startup Cost": 0.84, "Total Cost": 8879.47, "Plan Rows": 71109, "Plan Width": 8, "Actual Rows": 592843, "Actual Loops": 2, "Inner Unique": false, "Merge Cond": "(v.userid = ph.userid)", "Workers": [], "Plans": [{"Node Type": "Index Scan", "Parent Relationship": "Outer", "Parallel Aware": false, "Async Capable": false, "Scan Direction": "Forward", "Index Name": "idx_votes_userid", "Relation Name": "votes", "Alias": "v", "Startup Cost": 0.42, "Total Cost": 14062.79, "Plan Rows": 1725, "Plan Width": 4, "Actual Rows": 1083, "Actual Loops": 2, "Filter": "((bountyamount >= 0) AND (creationdate >= '2010-07-26 00:00:00'::timestamp without time zone) AND (creationdate <= '2014-09-08 00:00:00'::timestamp without time zone))", "Rows Removed by Filter": 33564, "Workers": []}, {"Node Type": "Index Only Scan", "Parent Relationship": "Inner", "Parallel Aware": false, "Async Capable": false, "Scan Direction": "Forward", "Index Name": "idx_posthistory_userid", "Relation Name": "posthistory", "Alias": "ph", "Startup Cost": 0.42, "Total Cost": 5925.85, "Plan Rows": 303187, "Plan Width": 4, "Actual Rows": 776538, "Actual Loops": 2, "Heap Fetches": 0, "Workers": []}]}, {"Node Type": "Index Scan", "Parent Relationship": "Inner", "Parallel Aware": false, "Async Capable": false, "Scan Direction": "Forward", "Index Name": "users_pkey", "Relation Name": "users", "Alias": "u", "Startup Cost": 0.29, "Total Cost": 1962.04, "Plan Rows": 29636, "Plan Width": 4, "Actual Rows": 29853, "Actual Loops": 2, "Filter": "((reputation >= 1) AND (views >= 0) AND (views <= 110) AND (creationdate >= '2010-07-28 19:29:11'::timestamp without time zone) AND (creationdate <= '2014-08-14 05:29:30'::timestamp without time zone) AND (upvotes = 0))", "Rows Removed by Filter": 10472, "Workers": []}]}]}]}]}]}]}, "Planning Time": 3.346, "Triggers": [], "Execution Time": 150.874}, {"Plan": {"Node Type": "Aggregate", "Strategy": "Plain", "Partial Mode": "Finalize", "Parallel Aware": false, "Async Capable": false, "Startup Cost": 25364.35, "Total Cost": 25364.36, "Plan Rows": 1, "Plan Width": 8, "Actual Rows": 1, "Actual Loops": 1, "Plans": [{"Node Type": "Gather", "Parent Relationship": "Outer", "Parallel Aware": false, "Async Capable": false, "Startup Cost": 25364.24, "Total Cost": 25364.35, "Plan Rows": 1, "Plan Width": 8, "Actual Rows": 2, "Actual Loops": 1, "Workers Planned": 1, "Workers Launched": 1, "Single Copy": false, "Plans": [{"Node Type": "Aggregate", "Strategy": "Plain", "Partial Mode": "Partial", "Parent Relationship": "Outer", "Parallel Aware": false, "Async Capable": false, "Startup Cost": 24364.24, "Total Cost": 24364.25, "Plan Rows": 1, "Plan Width": 8, "Actual Rows": 1, "Actual Loops": 2, "Workers": [], "Plans": [{"Node Type": "Nested Loop", "Parent Relationship": "Outer", "Parallel Aware": false, "Async Capable": false, "Join Type": "Inner", "Startup Cost": 9095.58, "Total Cost": 17317.68, "Plan Rows": 2818621, "Plan Width": 0, "Actual Rows": 3150, "Actual Loops": 2, "Inner Unique": false, "Join Filter": "(c.userid = u.id)", "Rows Removed by Join Filter": 0, "Workers": [], "Plans": [{"Node Type": "Nested Loop", "Parent Relationship": "Outer", "Parallel Aware": false, "Async Capable": false, "Join Type": "Inner", "Startup Cost": 9094.74, "Total Cost": 9629.98, "Plan Rows": 3251, "Plan Width": 12, "Actual Rows": 220, "Actual Loops": 2, "Inner Unique": false, "Workers": [], "Plans": [{"Node Type": "Merge Join", "Parent Relationship": "Outer", "Parallel Aware": false, "Async Capable": false, "Join Type": "Inner", "Startup Cost": 9094.16, "Total Cost": 9243.67, "Plan Rows": 79, "Plan Width": 8, "Actual Rows": 20, "Actual Loops": 2, "Inner Unique": true, "Merge Cond": "(v.userid = u.id)", "Workers": [], "Plans": [{"Node Type": "Sort", "Parent Relationship": "Outer", "Parallel Aware": false, "Async Capable": false, "Startup Cost": 5587.81, "Total Cost": 5590.35, "Plan Rows": 1015, "Plan Width": 4, "Actual Rows": 542, "Actual Loops": 2, "Sort Key": ["v.userid"], "Sort Method": "quicksort", "Sort Space Used": 49, "Sort Space Type": "Memory", "Workers": [{"Worker Number": 0, "Sort Method": "quicksort", "Sort Space Used": 25, "Sort Space Type": "Memory"}], "Plans": [{"Node Type": "Seq Scan", "Parent Relationship": "Outer", "Parallel Aware": true, "Async Capable": false, "Relation Name": "votes", "Alias": "v", "Startup Cost": 0.0, "Total Cost": 5537.13, "Plan Rows": 1015, "Plan Width": 4, "Actual Rows": 866, "Actual Loops": 2, "Filter": "((bountyamount >= 0) AND (creationdate >= '2010-07-26 00:00:00'::timestamp without time zone) AND (creationdate <= '2014-09-08 00:00:00'::timestamp without time zone))", "Rows Removed by Filter": 163166, "Workers": []}]}, {"Node Type": "Sort", "Parent Relationship": "Inner", "Parallel Aware": false, "Async Capable": false, "Startup Cost": 3506.35, "Total Cost": 3580.44, "Plan Rows": 29636, "Plan Width": 4, "Actual Rows": 29853, "Actual Loops": 2, "Sort Key": ["u.id"], "Sort Method": "quicksort", "Sort Space Used": 769, "Sort Space Type": "Memory", "Workers": [{"Worker Number": 0, "Sort Method": "quicksort", "Sort Space Used": 769, "Sort Space Type": "Memory"}], "Plans": [{"Node Type": "Seq Scan", "Parent Relationship": "Outer", "Parallel Aware": false, "Async Capable": false, "Relation Name": "users", "Alias": "u", "Startup Cost": 0.0, "Total Cost": 1305.12, "Plan Rows": 29636, "Plan Width": 4, "Actual Rows": 29853, "Actual Loops": 2, "Filter": "((reputation >= 1) AND (views >= 0) AND (views <= 110) AND (creationdate >= '2010-07-28 19:29:11'::timestamp without time zone) AND (creationdate <= '2014-08-14 05:29:30'::timestamp without time zone) AND (upvotes = 0))", "Rows Removed by Filter": 10472, "Workers": []}]}]}, {"Node Type": "Bitmap Heap Scan", "Parent Relationship": "Inner", "Parallel Aware": false, "Async Capable": false, "Relation Name": "posthistory", "Alias": "ph", "Startup Cost": 0.58, "Total Cost": 4.75, "Plan Rows": 14, "Plan Width": 4, "Actual Rows": 11, "Actual Loops": 40, "Recheck Cond": "(userid = u.id)", "Rows Removed by Index Recheck": 0, "Exact Heap Blocks": 134, "Lossy Heap Blocks": 0, "Workers": [], "Plans": [{"Node Type": "Bitmap Index Scan", "Parent Relationship": "Outer", "Parallel Aware": false, "Async Capable": false, "Index Name": "idx_posthistory_userid", "Startup Cost": 0.0, "Total Cost": 0.57, "Plan Rows": 14, "Plan Width": 0, "Actual Rows": 11, "Actual Loops": 40, "Index Cond": "(userid = u.id)", "Workers": []}]}]}, {"Node Type": "Memoize", "Parent Relationship": "Inner", "Parallel Aware": false, "Async Capable": false, "Startup Cost": 0.84, "Total Cost": 5.0, "Plan Rows": 13, "Plan Width": 4, "Actual Rows": 14, "Actual Loops": 440, "Cache Key": "v.userid", "Cache Mode": "logical", "Cache Hits": 298, "Cache Misses": 30, "Cache Evictions": 0, "Cache Overflows": 0, "Peak Memory Usage": 7, "Workers": [{"Worker Number": 0, "Cache Hits": 102, "Cache Misses": 10, "Cache Evictions": 0, "Cache Overflows": 0, "Peak Memory Usage": 3}], "Plans": [{"Node Type": "Bitmap Heap Scan", "Parent Relationship": "Outer", "Parallel Aware": false, "Async Capable": false, "Relation Name": "comments", "Alias": "c", "Startup Cost": 0.83, "Total Cost": 4.99, "Plan Rows": 13, "Plan Width": 4, "Actual Rows": 5, "Actual Loops": 40, "Recheck Cond": "(userid = v.userid)", "Rows Removed by Index Recheck": 0, "Exact Heap Blocks": 78, "Lossy Heap Blocks": 0, "Workers": [], "Plans": [{"Node Type": "Bitmap Index Scan", "Parent Relationship": "Outer", "Parallel Aware": false, "Async Capable": false, "Index Name": "idx_comments_userid", "Startup Cost": 0.0, "Total Cost": 0.82, "Plan Rows": 13, "Plan Width": 0, "Actual Rows": 5, "Actual Loops": 40, "Index Cond": "(userid = v.userid)", "Workers": []}]}]}]}]}]}]}, "Planning Time": 2.603, "Triggers": [], "Execution Time": 42.542}, {"Plan": {"Node Type": "Aggregate", "Strategy": "Plain", "Partial Mode": "Finalize", "Parallel Aware": false, "Async Capable": false, "Startup Cost": 58742.29, "Total Cost": 58742.3, "Plan Rows": 1, "Plan Width": 8, "Actual Rows": 1, "Actual Loops": 1, "Plans": [{"Node Type": "Gather", "Parent Relationship": "Outer", "Parallel Aware": false, "Async Capable": false, "Startup Cost": 58742.18, "Total Cost": 58742.29, "Plan Rows": 1, "Plan Width": 8, "Actual Rows": 2, "Actual Loops": 1, "Workers Planned": 1, "Workers Launched": 1, "Single Copy": false, "Plans": [{"Node Type": "Aggregate", "Strategy": "Plain", "Partial Mode": "Partial", "Parent Relationship": "Outer", "Parallel Aware": false, "Async Capable": false, "Startup Cost": 57742.18, "Total Cost": 57742.19, "Plan Rows": 1, "Plan Width": 8, "Actual Rows": 1, "Actual Loops": 2, "Workers": [], "Plans": [{"Node Type": "Merge Join", "Parent Relationship": "Outer", "Parallel Aware": false, "Async Capable": false, "Join Type": "Inner", "Startup Cost": 49340.58, "Total Cost": 50695.63, "Plan Rows": 2818621, "Plan Width": 0, "Actual Rows": 3150, "Actual Loops": 2, "Inner Unique": false, "Merge Cond": "(u.id = c.userid)", "Workers": [], "Plans": [{"Node Type": "Merge Join", "Parent Relationship": "Outer", "Parallel Aware": false, "Async Capable": false, "Join Type": "Inner", "Startup Cost": 31079.19, "Total Cost": 31430.8, "Plan Rows": 3251, "Plan Width": 12, "Actual Rows": 220, "Actual Loops": 2, "Inner Unique": true, "Merge Cond": "(v.userid = u.id)", "Workers": [], "Plans": [{"Node Type": "Merge Join", "Parent Relationship": "Outer", "Parallel Aware": false, "Async Capable": false, "Join Type": "Inner", "Startup Cost": 27572.84, "Total Cost": 29084.29, "Plan Rows": 41829, "Plan Width": 8, "Actual Rows": 296422, "Actual Loops": 2, "Inner Unique": false, "Merge Cond": "(ph.userid = v.userid)", "Workers": [], "Plans": [{"Node Type": "Sort", "Parent Relationship": "Outer", "Parallel Aware": false, "Async Capable": false, "Startup Cost": 19578.98, "Total Cost": 20024.84, "Plan Rows": 178345, "Plan Width": 4, "Actual Rows": 139492, "Actual Loops": 2, "Sort Key": ["ph.userid"], "Sort Method": "quicksort", "Sort Space Used": 6145, "Sort Space Type": "Memory", "Workers": [{"Worker Number": 0, "Sort Method": "quicksort", "Sort Space Used": 1537, "Sort Space Type": "Memory"}], "Plans": [{"Node Type": "Seq Scan", "Parent Relationship": "Outer", "Parallel Aware": true, "Async Capable": false, "Relation Name": "posthistory", "Alias": "ph", "Startup Cost": 0.0, "Total Cost": 4023.45, "Plan Rows": 178345, "Plan Width": 4, "Actual Rows": 151594, "Actual Loops": 2, "Workers": []}]}, {"Node Type": "Sort", "Parent Relationship": "Inner", "Parallel Aware": false, "Async Capable": false, "Startup Cost": 7993.86, "Total Cost": 7998.17, "Plan Rows": 1725, "Plan Width": 4, "Actual Rows": 296500, "Actual Loops": 2, "Sort Key": ["v.userid"], "Sort Method": "quicksort", "Sort Space Used": 49, "Sort Space Type": "Memory", "Workers": [{"Worker Number": 0, "Sort Method": "quicksort", "Sort Space Used": 49, "Sort Space Type": "Memory"}], "Plans": [{"Node Type": "Seq Scan", "Parent Relationship": "Outer", "Parallel Aware": false, "Async Capable": false, "Relation Name": "votes", "Alias": "v", "Startup Cost": 0.0, "Total Cost": 7901.12, "Plan Rows": 1725, "Plan Width": 4, "Actual Rows": 1731, "Actual Loops": 2, "Filter": "((bountyamount >= 0) AND (creationdate >= '2010-07-26 00:00:00'::timestamp without time zone) AND (creationdate <= '2014-09-08 00:00:00'::timestamp without time zone))", "Rows Removed by Filter": 326333, "Workers": []}]}]}, {"Node Type": "Sort", "Parent Relationship": "Inner", "Parallel Aware": false, "Async Capable": false, "Startup Cost": 3506.35, "Total Cost": 3580.44, "Plan Rows": 29636, "Plan Width": 4, "Actual Rows": 29853, "Actual Loops": 2, "Sort Key": ["u.id"], "Sort Method": "quicksort", "Sort Space Used": 769, "Sort Space Type": "Memory", "Workers": [{"Worker Number": 0, "Sort Method": "quicksort", "Sort Space Used": 769, "Sort Space Type": "Memory"}], "Plans": [{"Node Type": "Seq Scan", "Parent Relationship": "Outer", "Parallel Aware": false, "Async Capable": false, "Relation Name": "users", "Alias": "u", "Startup Cost": 0.0, "Total Cost": 1305.12, "Plan Rows": 29636, "Plan Width": 4, "Actual Rows": 29853, "Actual Loops": 2, "Filter": "((reputation >= 1) AND (views >= 0) AND (views <= 110) AND (creationdate >= '2010-07-28 19:29:11'::timestamp without time zone) AND (creationdate <= '2014-08-14 05:29:30'::timestamp without time zone) AND (upvotes = 0))", "Rows Removed by Filter": 10472, "Workers": []}]}]}, {"Node Type": "Sort", "Parent Relationship": "Inner", "Parallel Aware": false, "Async Capable": false, "Startup Cost": 18261.39, "Total Cost": 18697.16, "Plan Rows": 174305, "Plan Width": 4, "Actual Rows": 172294, "Actual Loops": 2, "Sort Key": ["c.userid"], "Sort Method": "quicksort", "Sort Space Used": 6145, "Sort Space Type": "Memory", "Workers": [{"Worker Number": 0, "Sort Method": "quicksort", "Sort Space Used": 6145, "Sort Space Type": "Memory"}], "Plans": [{"Node Type": "Seq Scan", "Parent Relationship": "Outer", "Parallel Aware": false, "Async Capable": false, "Relation Name": "comments", "Alias": "c", "Startup Cost": 0.0, "Total Cost": 3087.05, "Plan Rows": 174305, "Plan Width": 4, "Actual Rows": 174305, "Actual Loops": 2, "Workers": []}]}]}]}]}]}, "Planning Time": 3.211, "Triggers": [], "Execution Time": 190.758}, {"Plan": {"Node Type": "Aggregate", "Strategy": "Plain", "Partial Mode": "Finalize", "Parallel Aware": false, "Async Capable": false, "Startup Cost": 26313.9, "Total Cost": 26313.91, "Plan Rows": 1, "Plan Width": 8, "Actual Rows": 1, "Actual Loops": 1, "Plans": [{"Node Type": "Gather", "Parent Relationship": "Outer", "Parallel Aware": false, "Async Capable": false, "Startup Cost": 26313.78, "Total Cost": 26313.89, "Plan Rows": 1, "Plan Width": 8, "Actual Rows": 2, "Actual Loops": 1, "Workers Planned": 1, "Workers Launched": 1, "Single Copy": false, "Plans": [{"Node Type": "Aggregate", "Strategy": "Plain", "Partial Mode": "Partial", "Parent Relationship": "Outer", "Parallel Aware": false, "Async Capable": false, "Startup Cost": 25313.78, "Total Cost": 25313.79, "Plan Rows": 1, "Plan Width": 8, "Actual Rows": 1, "Actual Loops": 2, "Workers": [], "Plans": [{"Node Type": "Nested Loop", "Parent Relationship": "Outer", "Parallel Aware": false, "Async Capable": false, "Join Type": "Inner", "Startup Cost": 1.97, "Total Cost": 18267.23, "Plan Rows": 2818621, "Plan Width": 0, "Actual Rows": 3150, "Actual Loops": 2, "Inner Unique": false, "Join Filter": "(c.userid = u.id)", "Rows Removed by Join Filter": 0, "Workers": [], "Plans": [{"Node Type": "Nested Loop", "Parent Relationship": "Outer", "Parallel Aware": false, "Async Capable": false, "Join Type": "Inner", "Startup Cost": 1.13, "Total Cost": 10579.53, "Plan Rows": 3251, "Plan Width": 12, "Actual Rows": 220, "Actual Loops": 2, "Inner Unique": false, "Workers": [], "Plans": [{"Node Type": "Nested Loop", "Parent Relationship": "Outer", "Parallel Aware": false, "Async Capable": false, "Join Type": "Inner", "Startup Cost": 0.56, "Total Cost": 10193.22, "Plan Rows": 79, "Plan Width": 8, "Actual Rows": 20, "Actual Loops": 2, "Inner Unique": true, "Workers": [], "Plans": [{"Node Type": "Seq Scan", "Parent Relationship": "Outer", "Parallel Aware": true, "Async Capable": false, "Relation Name": "votes", "Alias": "v", "Startup Cost": 0.0, "Total Cost": 5537.13, "Plan Rows": 1015, "Plan Width": 4, "Actual Rows": 866, "Actual Loops": 2, "Filter": "((bountyamount >= 0) AND (creationdate >= '2010-07-26 00:00:00'::timestamp without time zone) AND (creationdate <= '2014-09-08 00:00:00'::timestamp without time zone))", "Rows Removed by Filter": 163166, "Workers": []}, {"Node Type": "Bitmap Heap Scan", "Parent Relationship": "Inner", "Parallel Aware": false, "Async Capable": false, "Relation Name": "users", "Alias": "u", "Startup Cost": 0.56, "Total Cost": 4.59, "Plan Rows": 1, "Plan Width": 4, "Actual Rows": 0, "Actual Loops": 1731, "Recheck Cond": "(v.userid = id)", "Rows Removed by Index Recheck": 0, "Filter": "((reputation >= 1) AND (views >= 0) AND (views <= 110) AND (creationdate >= '2010-07-28 19:29:11'::timestamp without time zone) AND (creationdate <= '2014-08-14 05:29:30'::timestamp without time zone) AND (upvotes = 0))", "Rows Removed by Filter": 1, "Exact Heap Blocks": 677, "Lossy Heap Blocks": 0, "Workers": [], "Plans": [{"Node Type": "Bitmap Index Scan", "Parent Relationship": "Outer", "Parallel Aware": false, "Async Capable": false, "Index Name": "users_pkey", "Startup Cost": 0.0, "Total Cost": 0.56, "Plan Rows": 1, "Plan Width": 0, "Actual Rows": 1, "Actual Loops": 1731, "Index Cond": "(id = v.userid)", "Workers": []}]}]}, {"Node Type": "Bitmap Heap Scan", "Parent Relationship": "Inner", "Parallel Aware": false, "Async Capable": false, "Relation Name": "posthistory", "Alias": "ph", "Startup Cost": 0.58, "Total Cost": 4.75, "Plan Rows": 14, "Plan Width": 4, "Actual Rows": 11, "Actual Loops": 40, "Recheck Cond": "(userid = u.id)", "Rows Removed by Index Recheck": 0, "Exact Heap Blocks": 120, "Lossy Heap Blocks": 0, "Workers": [], "Plans": [{"Node Type": "Bitmap Index Scan", "Parent Relationship": "Outer", "Parallel Aware": false, "Async Capable": false, "Index Name": "idx_posthistory_userid", "Startup Cost": 0.0, "Total Cost": 0.57, "Plan Rows": 14, "Plan Width": 0, "Actual Rows": 11, "Actual Loops": 40, "Index Cond": "(userid = u.id)", "Workers": []}]}]}, {"Node Type": "Memoize", "Parent Relationship": "Inner", "Parallel Aware": false, "Async Capable": false, "Startup Cost": 0.84, "Total Cost": 5.0, "Plan Rows": 13, "Plan Width": 4, "Actual Rows": 14, "Actual Loops": 440, "Cache Key": "v.userid", "Cache Mode": "logical", "Cache Hits": 268, "Cache Misses": 22, "Cache Evictions": 0, "Cache Overflows": 0, "Peak Memory Usage": 7, "Workers": [{"Worker Number": 0, "Cache Hits": 132, "Cache Misses": 18, "Cache Evictions": 0, "Cache Overflows": 0, "Peak Memory Usage": 4}], "Plans": [{"Node Type": "Bitmap Heap Scan", "Parent Relationship": "Outer", "Parallel Aware": false, "Async Capable": false, "Relation Name": "comments", "Alias": "c", "Startup Cost": 0.83, "Total Cost": 4.99, "Plan Rows": 13, "Plan Width": 4, "Actual Rows": 5, "Actual Loops": 40, "Recheck Cond": "(userid = v.userid)", "Rows Removed by Index Recheck": 0, "Exact Heap Blocks": 83, "Lossy Heap Blocks": 0, "Workers": [], "Plans": [{"Node Type": "Bitmap Index Scan", "Parent Relationship": "Outer", "Parallel Aware": false, "Async Capable": false, "Index Name": "idx_comments_userid", "Startup Cost": 0.0, "Total Cost": 0.82, "Plan Rows": 13, "Plan Width": 0, "Actual Rows": 5, "Actual Loops": 40, "Index Cond": "(userid = v.userid)", "Workers": []}]}]}]}]}]}]}, "Planning Time": 2.968, "Triggers": [], "Execution Time": 50.584}, {"Plan": {"Node Type": "Aggregate", "Strategy": "Plain", "Partial Mode": "Finalize", "Parallel Aware": false, "Async Capable": false, "Startup Cost": 19196.1, "Total Cost": 19196.11, "Plan Rows": 1, "Plan Width": 8, "Actual Rows": 1, "Actual Loops": 1, "Plans": [{"Node Type": "Gather", "Parent Relationship": "Outer", "Parallel Aware": false, "Async Capable": false, "Startup Cost": 19195.98, "Total Cost": 19196.09, "Plan Rows": 1, "Plan Width": 8, "Actual Rows": 2, "Actual Loops": 1, "Workers Planned": 1, "Workers Launched": 1, "Single Copy": false, "Plans": [{"Node Type": "Aggregate", "Strategy": "Plain", "Partial Mode": "Partial", "Parent Relationship": "Outer", "Parallel Aware": false, "Async Capable": false, "Startup Cost": 18195.98, "Total Cost": 18195.99, "Plan Rows": 1, "Plan Width": 8, "Actual Rows": 1, "Actual Loops": 2, "Workers": [], "Plans": [{"Node Type": "Merge Join", "Parent Relationship": "Outer", "Parallel Aware": false, "Async Capable": false, "Join Type": "Inner", "Startup Cost": 1.43, "Total Cost": 11149.43, "Plan Rows": 2818621, "Plan Width": 0, "Actual Rows": 3150, "Actual Loops": 2, "Inner Unique": false, "Merge Cond": "(c.userid = u.id)", "Workers": [], "Plans": [{"Node Type": "Index Scan", "Parent Relationship": "Outer", "Parallel Aware": true, "Async Capable": false, "Scan Direction": "Forward", "Index Name": "idx_comments_userid", "Relation Name": "comments", "Alias": "c", "Startup Cost": 0.29, "Total Cost": 7105.47, "Plan Rows": 102532, "Plan Width": 4, "Actual Rows": 84666, "Actual Loops": 2, "Workers": []}, {"Node Type": "Materialize", "Parent Relationship": "Inner", "Parallel Aware": false, "Async Capable": false, "Startup Cost": 1.14, "Total Cost": 3715.9, "Plan Rows": 5527, "Plan Width": 12, "Actual Rows": 3398, "Actual Loops": 2, "Workers": [], "Plans": [{"Node Type": "Merge Join", "Parent Relationship": "Outer", "Parallel Aware": false, "Async Capable": false, "Join Type": "Inner", "Startup Cost": 1.14, "Total Cost": 3702.08, "Plan Rows": 5527, "Plan Width": 12, "Actual Rows": 440, "Actual Loops": 2, "Inner Unique": true, "Merge Cond": "(v.userid = u.id)", "Workers": [], "Plans": [{"Node Type": "Merge Join", "Parent Relationship": "Outer", "Parallel Aware": false, "Async Capable": false, "Join Type": "Inner", "Startup Cost": 0.84, "Total Cost": 15045.64, "Plan Rows": 71109, "Plan Width": 8, "Actual Rows": 592843, "Actual Loops": 2, "Inner Unique": false, "Merge Cond": "(v.userid = ph.userid)", "Workers": [], "Plans": [{"Node Type": "Index Scan", "Parent Relationship": "Outer", "Parallel Aware": false, "Async Capable": false, "Scan Direction": "Forward", "Index Name": "idx_votes_userid", "Relation Name": "votes", "Alias": "v", "Startup Cost": 0.42, "Total Cost": 14062.79, "Plan Rows": 1725, "Plan Width": 4, "Actual Rows": 1083, "Actual Loops": 2, "Filter": "((bountyamount >= 0) AND (creationdate >= '2010-07-26 00:00:00'::timestamp without time zone) AND (creationdate <= '2014-09-08 00:00:00'::timestamp without time zone))", "Rows Removed by Filter": 33564, "Workers": []}, {"Node Type": "Index Scan", "Parent Relationship": "Inner", "Parallel Aware": false, "Async Capable": false, "Scan Direction": "Forward", "Index Name": "idx_posthistory_userid", "Relation Name": "posthistory", "Alias": "ph", "Startup Cost": 0.42, "Total Cost": 12092.03, "Plan Rows": 303187, "Plan Width": 4, "Actual Rows": 776538, "Actual Loops": 2, "Workers": []}]}, {"Node Type": "Index Scan", "Parent Relationship": "Inner", "Parallel Aware": false, "Async Capable": false, "Scan Direction": "Forward", "Index Name": "users_pkey", "Relation Name": "users", "Alias": "u", "Startup Cost": 0.29, "Total Cost": 1962.04, "Plan Rows": 29636, "Plan Width": 4, "Actual Rows": 29853, "Actual Loops": 2, "Filter": "((reputation >= 1) AND (views >= 0) AND (views <= 110) AND (creationdate >= '2010-07-28 19:29:11'::timestamp without time zone) AND (creationdate <= '2014-08-14 05:29:30'::timestamp without time zone) AND (upvotes = 0))", "Rows Removed by Filter": 10472, "Workers": []}]}]}]}]}]}]}, "Planning Time": 6.983, "Triggers": [], "Execution Time": 677.717}]