[{"Plan": {"Node Type": "Aggregate", "Strategy": "Plain", "Partial Mode": "Finalize", "Parallel Aware": false, "Async Capable": false, "Startup Cost": 11613.05, "Total Cost": 11613.06, "Plan Rows": 1, "Plan Width": 8, "Actual Rows": 1, "Actual Loops": 1, "Plans": [{"Node Type": "Gather", "Parent Relationship": "Outer", "Parallel Aware": false, "Async Capable": false, "Startup Cost": 11612.93, "Total Cost": 11613.04, "Plan Rows": 1, "Plan Width": 8, "Actual Rows": 2, "Actual Loops": 1, "Workers Planned": 1, "Workers Launched": 1, "Single Copy": false, "Plans": [{"Node Type": "Aggregate", "Strategy": "Plain", "Partial Mode": "Partial", "Parent Relationship": "Outer", "Parallel Aware": false, "Async Capable": false, "Startup Cost": 10612.93, "Total Cost": 10612.94, "Plan Rows": 1, "Plan Width": 8, "Actual Rows": 1, "Actual Loops": 2, "Workers": [], "Plans": [{"Node Type": "Hash Join", "Parent Relationship": "Outer", "Parallel Aware": false, "Async Capable": false, "Join Type": "Inner", "Startup Cost": 4838.94, "Total Cost": 10201.37, "Plan Rows": 164627, "Plan Width": 0, "Actual Rows": 125534, "Actual Loops": 2, "Inner Unique": true, "Hash Cond": "(p.owneruserid = u.id)", "Workers": [], "Plans": [{"Node Type": "Hash Join", "Parent Relationship": "Outer", "Parallel Aware": false, "Async Capable": false, "Join Type": "Inner", "Startup Cost": 3332.79, "Total Cost": 8255.86, "Plan Rows": 167356, "Plan Width": 4, "Actual Rows": 145963, "Actual Loops": 2, "Inner Unique": true, "Hash Cond": "(ph.postid = p.id)", "Workers": [], "Plans": [{"Node Type": "Seq Scan", "Parent Relationship": "Outer", "Parallel Aware": true, "Async Capable": false, "Relation Name": "posthistory", "Alias": "ph", "Startup Cost": 0.0, "Total Cost": 4469.32, "Plan Rows": 172851, "Plan Width": 4, "Actual Rows": 146894, "Actual Loops": 2, "Filter": "(creationdate <= '2014-08-17 21:24:11'::timestamp without time zone)", "Rows Removed by Filter": 4700, "Workers": []}, {"Node Type": "Hash", "Parent Relationship": "Inner", "Parallel Aware": false, "Async Capable": false, "Startup Cost": 2219.64, "Total Cost": 2219.64, "Plan Rows": 89052, "Plan Width": 8, "Actual Rows": 89117, "Actual Loops": 2, "Hash Buckets": 131072, "Original Hash Buckets": 131072, "Hash Batches": 1, "Original Hash Batches": 1, "Peak Memory Usage": 4500, "Workers": [], "Plans": [{"Node Type": "Seq Scan", "Parent Relationship": "Outer", "Parallel Aware": false, "Async Capable": false, "Relation Name": "posts", "Alias": "p", "Startup Cost": 0.0, "Total Cost": 2219.64, "Plan Rows": 89052, "Plan Width": 8, "Actual Rows": 89117, "Actual Loops": 2, "Filter": "((creationdate >= '2010-07-26 19:26:37'::timestamp without time zone) AND (creationdate <= '2014-08-22 14:43:39'::timestamp without time zone))", "Rows Removed by Filter": 2859, "Workers": []}]}]}, {"Node Type": "Hash", "Parent Relationship": "Inner", "Parallel Aware": false, "Async Capable": false, "Startup Cost": 1002.69, "Total Cost": 1002.69, "Plan Rows": 40277, "Plan Width": 4, "Actual Rows": 40277, "Actual Loops": 2, "Hash Buckets": 65536, "Original Hash Buckets": 65536, "Hash Batches": 1, "Original Hash Batches": 1, "Peak Memory Usage": 1928, "Workers": [], "Plans": [{"Node Type": "Seq Scan", "Parent Relationship": "Outer", "Parallel Aware": false, "Async Capable": false, "Relation Name": "users", "Alias": "u", "Startup Cost": 0.0, "Total Cost": 1002.69, "Plan Rows": 40277, "Plan Width": 4, "Actual Rows": 40277, "Actual Loops": 2, "Filter": "((reputation >= 1) AND (reputation <= 6524) AND (views >= 0))", "Rows Removed by Filter": 48, "Workers": []}]}]}]}]}]}, "Planning Time": 1.287, "Triggers": [], "Execution Time": 159.358}, {"Plan": {"Node Type": "Aggregate", "Strategy": "Plain", "Partial Mode": "Simple", "Parallel Aware": false, "Async Capable": false, "Startup Cost": 30000116481.99, "Total Cost": 30000116482.0, "Plan Rows": 1, "Plan Width": 8, "Actual Rows": 1, "Actual Loops": 1, "Plans": [{"Node Type": "Hash Join", "Parent Relationship": "Outer", "Parallel Aware": false, "Async Capable": false, "Join Type": "Inner", "Startup Cost": 30000102050.68, "Total Cost": 30000115782.32, "Plan Rows": 279866, "Plan Width": 0, "Actual Rows": 251068, "Actual Loops": 1, "Inner Unique": false, "Hash Cond": "(ph.postid = p.id)", "Plans": [{"Node Type": "Index Scan", "Parent Relationship": "Outer", "Parallel Aware": false, "Async Capable": false, "Scan Direction": "Forward", "Index Name": "idx_posthistory_postid", "Relation Name": "posthistory", "Alias": "ph", "Startup Cost": 10000000000.42, "Total Cost": 10000009831.47, "Plan Rows": 293847, "Plan Width": 4, "Actual Rows": 293788, "Actual Loops": 1, "Filter": "(creationdate <= '2014-08-17 21:24:11'::timestamp without time zone)", "Rows Removed by Filter": 9399}, {"Node Type": "Hash", "Parent Relationship": "Inner", "Parallel Aware": false, "Async Capable": false, "Startup Cost": 20000100955.26, "Total Cost": 20000100955.26, "Plan Rows": 87600, "Plan Width": 4, "Actual Rows": 69617, "Actual Loops": 1, "Hash Buckets": 131072, "Original Hash Buckets": 131072, "Hash Batches": 1, "Original Hash Batches": 1, "Peak Memory Usage": 3472, "Plans": [{"Node Type": "Nested Loop", "Parent Relationship": "Outer", "Parallel Aware": false, "Async Capable": false, "Join Type": "Inner", "Startup Cost": 20000000000.61, "Total Cost": 20000100955.26, "Plan Rows": 87600, "Plan Width": 4, "Actual Rows": 69617, "Actual Loops": 1, "Inner Unique": true, "Plans": [{"Node Type": "Index Scan", "Parent Relationship": "Outer", "Parallel Aware": false, "Async Capable": false, "Scan Direction": "Forward", "Index Name": "posts_pkey", "Relation Name": "posts", "Alias": "p", "Startup Cost": 10000000000.29, "Total Cost": 10000003699.05, "Plan Rows": 89052, "Plan Width": 8, "Actual Rows": 89117, "Actual Loops": 1, "Filter": "((creationdate >= '2010-07-26 19:26:37'::timestamp without time zone) AND (creationdate <= '2014-08-22 14:43:39'::timestamp without time zone))", "Rows Removed by Filter": 2859}, {"Node Type": "Memoize", "Parent Relationship": "Inner", "Parallel Aware": false, "Async Capable": false, "Startup Cost": 0.31, "Total Cost": 4.33, "Plan Rows": 1, "Plan Width": 4, "Actual Rows": 1, "Actual Loops": 89117, "Cache Key": "p.owneruserid", "Cache Mode": "logical", "Cache Hits": 67794, "Cache Misses": 21323, "Cache Evictions": 0, "Cache Overflows": 0, "Peak Memory Usage": 2164, "Plans": [{"Node Type": "Bitmap Heap Scan", "Parent Relationship": "Outer", "Parallel Aware": false, "Async Capable": false, "Relation Name": "users", "Alias": "u", "Startup Cost": 0.3, "Total Cost": 4.32, "Plan Rows": 1, "Plan Width": 4, "Actual Rows": 1, "Actual Loops": 21323, "Recheck Cond": "(p.owneruserid = id)", "Rows Removed by Index Recheck": 0, "Filter": "((reputation >= 1) AND (reputation <= 6524) AND (views >= 0))", "Rows Removed by Filter": 0, "Exact Heap Blocks": 21322, "Lossy Heap Blocks": 0, "Plans": [{"Node Type": "Bitmap Index Scan", "Parent Relationship": "Outer", "Parallel Aware": false, "Async Capable": false, "Index Name": "users_pkey", "Startup Cost": 0.0, "Total Cost": 0.3, "Plan Rows": 1, "Plan Width": 0, "Actual Rows": 1, "Actual Loops": 21323, "Index Cond": "(id = p.owneruserid)"}]}]}]}]}]}]}, "Planning Time": 1.05, "Triggers": [], "Execution Time": 451.314}, {"Plan": {"Node Type": "Aggregate", "Strategy": "Plain", "Partial Mode": "Finalize", "Parallel Aware": false, "Async Capable": false, "Startup Cost": 17551.01, "Total Cost": 17551.02, "Plan Rows": 1, "Plan Width": 8, "Actual Rows": 1, "Actual Loops": 1, "Plans": [{"Node Type": "Gather", "Parent Relationship": "Outer", "Parallel Aware": false, "Async Capable": false, "Startup Cost": 17550.89, "Total Cost": 17551.0, "Plan Rows": 1, "Plan Width": 8, "Actual Rows": 2, "Actual Loops": 1, "Workers Planned": 1, "Workers Launched": 1, "Single Copy": false, "Plans": [{"Node Type": "Aggregate", "Strategy": "Plain", "Partial Mode": "Partial", "Parent Relationship": "Outer", "Parallel Aware": false, "Async Capable": false, "Startup Cost": 16550.89, "Total Cost": 16550.9, "Plan Rows": 1, "Plan Width": 8, "Actual Rows": 1, "Actual Loops": 2, "Workers": [], "Plans": [{"Node Type": "Hash Join", "Parent Relationship": "Outer", "Parallel Aware": false, "Async Capable": false, "Join Type": "Inner", "Startup Cost": 6975.69, "Total Cost": 16139.33, "Plan Rows": 164627, "Plan Width": 0, "Actual Rows": 125534, "Actual Loops": 2, "Inner Unique": true, "Hash Cond": "(p.owneruserid = u.id)", "Workers": [], "Plans": [{"Node Type": "Hash Join", "Parent Relationship": "Outer", "Parallel Aware": false, "Async Capable": false, "Join Type": "Inner", "Startup Cost": 4812.62, "Total Cost": 13536.91, "Plan Rows": 167356, "Plan Width": 4, "Actual Rows": 145963, "Actual Loops": 2, "Inner Unique": true, "Hash Cond": "(ph.postid = p.id)", "Workers": [], "Plans": [{"Node Type": "Index Scan", "Parent Relationship": "Outer", "Parallel Aware": true, "Async Capable": false, "Scan Direction": "Forward", "Index Name": "idx_posthistory_postid", "Relation Name": "posthistory", "Alias": "ph", "Startup Cost": 0.42, "Total Cost": 8270.95, "Plan Rows": 172851, "Plan Width": 4, "Actual Rows": 146894, "Actual Loops": 2, "Filter": "(creationdate <= '2014-08-17 21:24:11'::timestamp without time zone)", "Rows Removed by Filter": 4700, "Workers": []}, {"Node Type": "Hash", "Parent Relationship": "Inner", "Parallel Aware": false, "Async Capable": false, "Startup Cost": 3699.05, "Total Cost": 3699.05, "Plan Rows": 89052, "Plan Width": 8, "Actual Rows": 89117, "Actual Loops": 2, "Hash Buckets": 131072, "Original Hash Buckets": 131072, "Hash Batches": 1, "Original Hash Batches": 1, "Peak Memory Usage": 4500, "Workers": [], "Plans": [{"Node Type": "Index Scan", "Parent Relationship": "Outer", "Parallel Aware": false, "Async Capable": false, "Scan Direction": "Forward", "Index Name": "posts_pkey", "Relation Name": "posts", "Alias": "p", "Startup Cost": 0.29, "Total Cost": 3699.05, "Plan Rows": 89052, "Plan Width": 8, "Actual Rows": 89117, "Actual Loops": 2, "Filter": "((creationdate >= '2010-07-26 19:26:37'::timestamp without time zone) AND (creationdate <= '2014-08-22 14:43:39'::timestamp without time zone))", "Rows Removed by Filter": 2859, "Workers": []}]}]}, {"Node Type": "Hash", "Parent Relationship": "Inner", "Parallel Aware": false, "Async Capable": false, "Startup Cost": 1659.6, "Total Cost": 1659.6, "Plan Rows": 40277, "Plan Width": 4, "Actual Rows": 40277, "Actual Loops": 2, "Hash Buckets": 65536, "Original Hash Buckets": 65536, "Hash Batches": 1, "Original Hash Batches": 1, "Peak Memory Usage": 1928, "Workers": [], "Plans": [{"Node Type": "Index Scan", "Parent Relationship": "Outer", "Parallel Aware": false, "Async Capable": false, "Scan Direction": "Forward", "Index Name": "users_pkey", "Relation Name": "users", "Alias": "u", "Startup Cost": 0.29, "Total Cost": 1659.6, "Plan Rows": 40277, "Plan Width": 4, "Actual Rows": 40277, "Actual Loops": 2, "Filter": "((reputation >= 1) AND (reputation <= 6524) AND (views >= 0))", "Rows Removed by Filter": 48, "Workers": []}]}]}]}]}]}, "Planning Time": 1.086, "Triggers": [], "Execution Time": 272.589}, {"Plan": {"Node Type": "Aggregate", "Strategy": "Plain", "Partial Mode": "Simple", "Parallel Aware": false, "Async Capable": false, "Startup Cost": 30000115237.52, "Total Cost": 30000115237.53, "Plan Rows": 1, "Plan Width": 8, "Actual Rows": 1, "Actual Loops": 1, "Plans": [{"Node Type": "Merge Join", "Parent Relationship": "Outer", "Parallel Aware": false, "Async Capable": false, "Join Type": "Inner", "Startup Cost": 30000000001.03, "Total Cost": 30000114537.86, "Plan Rows": 279866, "Plan Width": 0, "Actual Rows": 251068, "Actual Loops": 1, "Inner Unique": false, "Merge Cond": "(p.id = ph.postid)", "Plans": [{"Node Type": "Nested Loop", "Parent Relationship": "Outer", "Parallel Aware": false, "Async Capable": false, "Join Type": "Inner", "Startup Cost": 20000000000.61, "Total Cost": 20000100955.26, "Plan Rows": 87600, "Plan Width": 4, "Actual Rows": 69105, "Actual Loops": 1, "Inner Unique": true, "Plans": [{"Node Type": "Index Scan", "Parent Relationship": "Outer", "Parallel Aware": false, "Async Capable": false, "Scan Direction": "Forward", "Index Name": "posts_pkey", "Relation Name": "posts", "Alias": "p", "Startup Cost": 10000000000.29, "Total Cost": 10000003699.05, "Plan Rows": 89052, "Plan Width": 8, "Actual Rows": 88538, "Actual Loops": 1, "Filter": "((creationdate >= '2010-07-26 19:26:37'::timestamp without time zone) AND (creationdate <= '2014-08-22 14:43:39'::timestamp without time zone))", "Rows Removed by Filter": 634}, {"Node Type": "Memoize", "Parent Relationship": "Inner", "Parallel Aware": false, "Async Capable": false, "Startup Cost": 0.31, "Total Cost": 4.33, "Plan Rows": 1, "Plan Width": 4, "Actual Rows": 1, "Actual Loops": 88538, "Cache Key": "p.owneruserid", "Cache Mode": "logical", "Cache Hits": 67375, "Cache Misses": 21163, "Cache Evictions": 0, "Cache Overflows": 0, "Peak Memory Usage": 2148, "Plans": [{"Node Type": "Bitmap Heap Scan", "Parent Relationship": "Outer", "Parallel Aware": false, "Async Capable": false, "Relation Name": "users", "Alias": "u", "Startup Cost": 0.3, "Total Cost": 4.32, "Plan Rows": 1, "Plan Width": 4, "Actual Rows": 1, "Actual Loops": 21163, "Recheck Cond": "(p.owneruserid = id)", "Rows Removed by Index Recheck": 0, "Filter": "((reputation >= 1) AND (reputation <= 6524) AND (views >= 0))", "Rows Removed by Filter": 0, "Exact Heap Blocks": 21162, "Lossy Heap Blocks": 0, "Plans": [{"Node Type": "Bitmap Index Scan", "Parent Relationship": "Outer", "Parallel Aware": false, "Async Capable": false, "Index Name": "users_pkey", "Startup Cost": 0.0, "Total Cost": 0.3, "Plan Rows": 1, "Plan Width": 0, "Actual Rows": 1, "Actual Loops": 21163, "Index Cond": "(id = p.owneruserid)"}]}]}]}, {"Node Type": "Index Scan", "Parent Relationship": "Inner", "Parallel Aware": false, "Async Capable": false, "Scan Direction": "Forward", "Index Name": "idx_posthistory_postid", "Relation Name": "posthistory", "Alias": "ph", "Startup Cost": 10000000000.42, "Total Cost": 10000009831.47, "Plan Rows": 293847, "Plan Width": 4, "Actual Rows": 293788, "Actual Loops": 1, "Filter": "(creationdate <= '2014-08-17 21:24:11'::timestamp without time zone)", "Rows Removed by Filter": 9399}]}]}, "Planning Time": 1.502, "Triggers": [], "Execution Time": 381.538}, {"Plan": {"Node Type": "Aggregate", "Strategy": "Plain", "Partial Mode": "Simple", "Parallel Aware": false, "Async Capable": false, "Startup Cost": 10000502544.33, "Total Cost": 10000502544.34, "Plan Rows": 1, "Plan Width": 8, "Actual Rows": 1, "Actual Loops": 1, "Plans": [{"Node Type": "Nested Loop", "Parent Relationship": "Outer", "Parallel Aware": false, "Async Capable": false, "Join Type": "Inner", "Startup Cost": 10000000001.08, "Total Cost": 10000501844.66, "Plan Rows": 279866, "Plan Width": 0, "Actual Rows": 251068, "Actual Loops": 1, "Inner Unique": false, "Plans": [{"Node Type": "Nested Loop", "Parent Relationship": "Outer", "Parallel Aware": false, "Async Capable": false, "Join Type": "Inner", "Startup Cost": 10000000000.61, "Total Cost": 10000100955.26, "Plan Rows": 87600, "Plan Width": 4, "Actual Rows": 69617, "Actual Loops": 1, "Inner Unique": true, "Plans": [{"Node Type": "Index Scan", "Parent Relationship": "Outer", "Parallel Aware": false, "Async Capable": false, "Scan Direction": "Forward", "Index Name": "posts_pkey", "Relation Name": "posts", "Alias": "p", "Startup Cost": 10000000000.29, "Total Cost": 10000003699.05, "Plan Rows": 89052, "Plan Width": 8, "Actual Rows": 89117, "Actual Loops": 1, "Filter": "((creationdate >= '2010-07-26 19:26:37'::timestamp without time zone) AND (creationdate <= '2014-08-22 14:43:39'::timestamp without time zone))", "Rows Removed by Filter": 2859}, {"Node Type": "Memoize", "Parent Relationship": "Inner", "Parallel Aware": false, "Async Capable": false, "Startup Cost": 0.31, "Total Cost": 4.33, "Plan Rows": 1, "Plan Width": 4, "Actual Rows": 1, "Actual Loops": 89117, "Cache Key": "p.owneruserid", "Cache Mode": "logical", "Cache Hits": 67794, "Cache Misses": 21323, "Cache Evictions": 0, "Cache Overflows": 0, "Peak Memory Usage": 2164, "Plans": [{"Node Type": "Bitmap Heap Scan", "Parent Relationship": "Outer", "Parallel Aware": false, "Async Capable": false, "Relation Name": "users", "Alias": "u", "Startup Cost": 0.3, "Total Cost": 4.32, "Plan Rows": 1, "Plan Width": 4, "Actual Rows": 1, "Actual Loops": 21323, "Recheck Cond": "(p.owneruserid = id)", "Rows Removed by Index Recheck": 0, "Filter": "((reputation >= 1) AND (reputation <= 6524) AND (views >= 0))", "Rows Removed by Filter": 0, "Exact Heap Blocks": 21322, "Lossy Heap Blocks": 0, "Plans": [{"Node Type": "Bitmap Index Scan", "Parent Relationship": "Outer", "Parallel Aware": false, "Async Capable": false, "Index Name": "users_pkey", "Startup Cost": 0.0, "Total Cost": 0.3, "Plan Rows": 1, "Plan Width": 0, "Actual Rows": 1, "Actual Loops": 21323, "Index Cond": "(id = p.owneruserid)"}]}]}]}, {"Node Type": "Bitmap Heap Scan", "Parent Relationship": "Inner", "Parallel Aware": false, "Async Capable": false, "Relation Name": "posthistory", "Alias": "ph", "Startup Cost": 0.48, "Total Cost": 4.54, "Plan Rows": 4, "Plan Width": 4, "Actual Rows": 4, "Actual Loops": 69617, "Recheck Cond": "(postid = p.id)", "Rows Removed by Index Recheck": 0, "Filter": "(creationdate <= '2014-08-17 21:24:11'::timestamp without time zone)", "Rows Removed by Filter": 0, "Exact Heap Blocks": 97152, "Lossy Heap Blocks": 0, "Plans": [{"Node Type": "Bitmap Index Scan", "Parent Relationship": "Outer", "Parallel Aware": false, "Async Capable": false, "Index Name": "idx_posthistory_postid", "Startup Cost": 0.0, "Total Cost": 0.48, "Plan Rows": 4, "Plan Width": 0, "Actual Rows": 4, "Actual Loops": 69617, "Index Cond": "(postid = p.id)"}]}]}]}, "Planning Time": 1.392, "Triggers": [], "Execution Time": 503.996}, {"Plan": {"Node Type": "Aggregate", "Strategy": "Plain", "Partial Mode": "Finalize", "Parallel Aware": false, "Async Capable": false, "Startup Cost": 27115.71, "Total Cost": 27115.72, "Plan Rows": 1, "Plan Width": 8, "Actual Rows": 1, "Actual Loops": 1, "Plans": [{"Node Type": "Gather", "Parent Relationship": "Outer", "Parallel Aware": false, "Async Capable": false, "Startup Cost": 27115.59, "Total Cost": 27115.7, "Plan Rows": 1, "Plan Width": 8, "Actual Rows": 2, "Actual Loops": 1, "Workers Planned": 1, "Workers Launched": 1, "Single Copy": false, "Plans": [{"Node Type": "Aggregate", "Strategy": "Plain", "Partial Mode": "Partial", "Parent Relationship": "Outer", "Parallel Aware": false, "Async Capable": false, "Startup Cost": 26115.59, "Total Cost": 26115.6, "Plan Rows": 1, "Plan Width": 8, "Actual Rows": 1, "Actual Loops": 2, "Workers": [], "Plans": [{"Node Type": "Merge Join", "Parent Relationship": "Outer", "Parallel Aware": false, "Async Capable": false, "Join Type": "Inner", "Startup Cost": 14531.97, "Total Cost": 25704.03, "Plan Rows": 164627, "Plan Width": 0, "Actual Rows": 125534, "Actual Loops": 2, "Inner Unique": false, "Merge Cond": "(ph.postid = p.id)", "Workers": [], "Plans": [{"Node Type": "Index Scan", "Parent Relationship": "Outer", "Parallel Aware": true, "Async Capable": false, "Scan Direction": "Forward", "Index Name": "idx_posthistory_postid", "Relation Name": "posthistory", "Alias": "ph", "Startup Cost": 0.42, "Total Cost": 8270.95, "Plan Rows": 172851, "Plan Width": 4, "Actual Rows": 146894, "Actual Loops": 2, "Filter": "(creationdate <= '2014-08-17 21:24:11'::timestamp without time zone)", "Rows Removed by Filter": 4700, "Workers": []}, {"Node Type": "Sort", "Parent Relationship": "Inner", "Parallel Aware": false, "Async Capable": false, "Startup Cost": 14531.55, "Total Cost": 14750.55, "Plan Rows": 87600, "Plan Width": 4, "Actual Rows": 160086, "Actual Loops": 2, "Sort Key": ["p.id"], "Sort Method": "quicksort", "Sort Space Used": 3073, "Sort Space Type": "Memory", "Workers": [{"Worker Number": 0, "Sort Method": "quicksort", "Sort Space Used": 3073, "Sort Space Type": "Memory"}], "Plans": [{"Node Type": "Merge Join", "Parent Relationship": "Outer", "Parallel Aware": false, "Async Capable": false, "Join Type": "Inner", "Startup Cost": 0.58, "Total Cost": 7340.18, "Plan Rows": 87600, "Plan Width": 4, "Actual Rows": 69617, "Actual Loops": 2, "Inner Unique": true, "Merge Cond": "(p.owneruserid = u.id)", "Workers": [], "Plans": [{"Node Type": "Index Scan", "Parent Relationship": "Outer", "Parallel Aware": false, "Async Capable": false, "Scan Direction": "Forward", "Index Name": "idx_posts_owneruserid", "Relation Name": "posts", "Alias": "p", "Startup Cost": 0.29, "Total Cost": 4553.55, "Plan Rows": 89052, "Plan Width": 8, "Actual Rows": 87777, "Actual Loops": 2, "Filter": "((creationdate >= '2010-07-26 19:26:37'::timestamp without time zone) AND (creationdate <= '2014-08-22 14:43:39'::timestamp without time zone))", "Rows Removed by Filter": 2830, "Workers": []}, {"Node Type": "Index Scan", "Parent Relationship": "Inner", "Parallel Aware": false, "Async Capable": false, "Scan Direction": "Forward", "Index Name": "users_pkey", "Relation Name": "users", "Alias": "u", "Startup Cost": 0.29, "Total Cost": 1659.6, "Plan Rows": 40277, "Plan Width": 4, "Actual Rows": 39874, "Actual Loops": 2, "Filter": "((reputation >= 1) AND (reputation <= 6524) AND (views >= 0))", "Rows Removed by Filter": 48, "Workers": []}]}]}]}]}]}]}, "Planning Time": 1.658, "Triggers": [], "Execution Time": 270.212}, {"Plan": {"Node Type": "Aggregate", "Strategy": "Plain", "Partial Mode": "Finalize", "Parallel Aware": false, "Async Capable": false, "Startup Cost": 25839.04, "Total Cost": 25839.05, "Plan Rows": 1, "Plan Width": 8, "Actual Rows": 1, "Actual Loops": 1, "Plans": [{"Node Type": "Gather", "Parent Relationship": "Outer", "Parallel Aware": false, "Async Capable": false, "Startup Cost": 25838.93, "Total Cost": 25839.04, "Plan Rows": 1, "Plan Width": 8, "Actual Rows": 2, "Actual Loops": 1, "Workers Planned": 1, "Workers Launched": 1, "Single Copy": false, "Plans": [{"Node Type": "Aggregate", "Strategy": "Plain", "Partial Mode": "Partial", "Parent Relationship": "Outer", "Parallel Aware": false, "Async Capable": false, "Startup Cost": 24838.93, "Total Cost": 24838.94, "Plan Rows": 1, "Plan Width": 8, "Actual Rows": 1, "Actual Loops": 2, "Workers": [], "Plans": [{"Node Type": "Merge Join", "Parent Relationship": "Outer", "Parallel Aware": false, "Async Capable": false, "Join Type": "Inner", "Startup Cost": 1.02, "Total Cost": 24427.36, "Plan Rows": 164627, "Plan Width": 0, "Actual Rows": 125534, "Actual Loops": 2, "Inner Unique": false, "Merge Cond": "(ph.postid = p.id)", "Workers": [], "Plans": [{"Node Type": "Index Scan", "Parent Relationship": "Outer", "Parallel Aware": true, "Async Capable": false, "Scan Direction": "Forward", "Index Name": "idx_posthistory_postid", "Relation Name": "posthistory", "Alias": "ph", "Startup Cost": 0.42, "Total Cost": 8270.95, "Plan Rows": 172851, "Plan Width": 4, "Actual Rows": 146894, "Actual Loops": 2, "Filter": "(creationdate <= '2014-08-17 21:24:11'::timestamp without time zone)", "Rows Removed by Filter": 4700, "Workers": []}, {"Node Type": "Materialize", "Parent Relationship": "Inner", "Parallel Aware": false, "Async Capable": false, "Startup Cost": 0.59, "Total Cost": 13474.03, "Plan Rows": 87600, "Plan Width": 4, "Actual Rows": 160086, "Actual Loops": 2, "Workers": [], "Plans": [{"Node Type": "Nested Loop", "Parent Relationship": "Outer", "Parallel Aware": false, "Async Capable": false, "Join Type": "Inner", "Startup Cost": 0.59, "Total Cost": 13255.03, "Plan Rows": 87600, "Plan Width": 4, "Actual Rows": 69094, "Actual Loops": 2, "Inner Unique": true, "Workers": [], "Plans": [{"Node Type": "Index Scan", "Parent Relationship": "Outer", "Parallel Aware": false, "Async Capable": false, "Scan Direction": "Forward", "Index Name": "posts_pkey", "Relation Name": "posts", "Alias": "p", "Startup Cost": 0.29, "Total Cost": 3699.05, "Plan Rows": 89052, "Plan Width": 8, "Actual Rows": 88522, "Actual Loops": 2, "Filter": "((creationdate >= '2010-07-26 19:26:37'::timestamp without time zone) AND (creationdate <= '2014-08-22 14:43:39'::timestamp without time zone))", "Rows Removed by Filter": 634, "Workers": []}, {"Node Type": "Memoize", "Parent Relationship": "Inner", "Parallel Aware": false, "Async Capable": false, "Startup Cost": 0.3, "Total Cost": 0.34, "Plan Rows": 1, "Plan Width": 4, "Actual Rows": 1, "Actual Loops": 177044, "Cache Key": "p.owneruserid", "Cache Mode": "logical", "Cache Hits": 67375, "Cache Misses": 21163, "Cache Evictions": 0, "Cache Overflows": 0, "Peak Memory Usage": 2148, "Workers": [{"Worker Number": 0, "Cache Hits": 67352, "Cache Misses": 21154, "Cache Evictions": 0, "Cache Overflows": 0, "Peak Memory Usage": 2147}], "Plans": [{"Node Type": "Index Scan", "Parent Relationship": "Outer", "Parallel Aware": false, "Async Capable": false, "Scan Direction": "Forward", "Index Name": "users_pkey", "Relation Name": "users", "Alias": "u", "Startup Cost": 0.29, "Total Cost": 0.33, "Plan Rows": 1, "Plan Width": 4, "Actual Rows": 1, "Actual Loops": 42317, "Index Cond": "(id = p.owneruserid)", "Rows Removed by Index Recheck": 0, "Filter": "((reputation >= 1) AND (reputation <= 6524) AND (views >= 0))", "Rows Removed by Filter": 0, "Workers": []}]}]}]}]}]}]}]}, "Planning Time": 1.499, "Triggers": [], "Execution Time": 306.201}, {"Plan": {"Node Type": "Aggregate", "Strategy": "Plain", "Partial Mode": "Finalize", "Parallel Aware": false, "Async Capable": false, "Startup Cost": 51732.48, "Total Cost": 51732.49, "Plan Rows": 1, "Plan Width": 8, "Actual Rows": 1, "Actual Loops": 1, "Plans": [{"Node Type": "Gather", "Parent Relationship": "Outer", "Parallel Aware": false, "Async Capable": false, "Startup Cost": 51732.37, "Total Cost": 51732.48, "Plan Rows": 1, "Plan Width": 8, "Actual Rows": 2, "Actual Loops": 1, "Workers Planned": 1, "Workers Launched": 1, "Single Copy": false, "Plans": [{"Node Type": "Aggregate", "Strategy": "Plain", "Partial Mode": "Partial", "Parent Relationship": "Outer", "Parallel Aware": false, "Async Capable": false, "Startup Cost": 50732.37, "Total Cost": 50732.38, "Plan Rows": 1, "Plan Width": 8, "Actual Rows": 1, "Actual Loops": 2, "Workers": [], "Plans": [{"Node Type": "Nested Loop", "Parent Relationship": "Outer", "Parallel Aware": false, "Async Capable": false, "Join Type": "Inner", "Startup Cost": 1.02, "Total Cost": 50320.8, "Plan Rows": 164627, "Plan Width": 0, "Actual Rows": 125534, "Actual Loops": 2, "Inner Unique": true, "Workers": [], "Plans": [{"Node Type": "Nested Loop", "Parent Relationship": "Outer", "Parallel Aware": false, "Async Capable": false, "Join Type": "Inner", "Startup Cost": 0.72, "Total Cost": 38807.21, "Plan Rows": 167356, "Plan Width": 4, "Actual Rows": 145963, "Actual Loops": 2, "Inner Unique": true, "Workers": [], "Plans": [{"Node Type": "Index Scan", "Parent Relationship": "Outer", "Parallel Aware": true, "Async Capable": false, "Scan Direction": "Forward", "Index Name": "idx_posthistory_postid", "Relation Name": "posthistory", "Alias": "ph", "Startup Cost": 0.42, "Total Cost": 8270.95, "Plan Rows": 172851, "Plan Width": 4, "Actual Rows": 146894, "Actual Loops": 2, "Filter": "(creationdate <= '2014-08-17 21:24:11'::timestamp without time zone)", "Rows Removed by Filter": 4700, "Workers": []}, {"Node Type": "Memoize", "Parent Relationship": "Inner", "Parallel Aware": false, "Async Capable": false, "Startup Cost": 0.3, "Total Cost": 0.34, "Plan Rows": 1, "Plan Width": 8, "Actual Rows": 1, "Actual Loops": 293788, "Cache Key": "ph.postid", "Cache Mode": "logical", "Cache Hits": 107039, "Cache Misses": 46725, "Cache Evictions": 0, "Cache Overflows": 0, "Peak Memory Usage": 4901, "Workers": [{"Worker Number": 0, "Cache Hits": 97608, "Cache Misses": 42416, "Cache Evictions": 0, "Cache Overflows": 0, "Peak Memory Usage": 4472}], "Plans": [{"Node Type": "Index Scan", "Parent Relationship": "Outer", "Parallel Aware": false, "Async Capable": false, "Scan Direction": "Forward", "Index Name": "posts_pkey", "Relation Name": "posts", "Alias": "p", "Startup Cost": 0.29, "Total Cost": 0.33, "Plan Rows": 1, "Plan Width": 8, "Actual Rows": 1, "Actual Loops": 89141, "Index Cond": "(id = ph.postid)", "Rows Removed by Index Recheck": 0, "Filter": "((creationdate >= '2010-07-26 19:26:37'::timestamp without time zone) AND (creationdate <= '2014-08-22 14:43:39'::timestamp without time zone))", "Rows Removed by Filter": 0, "Workers": []}]}]}, {"Node Type": "Memoize", "Parent Relationship": "Inner", "Parallel Aware": false, "Async Capable": false, "Startup Cost": 0.3, "Total Cost": 0.34, "Plan Rows": 1, "Plan Width": 4, "Actual Rows": 1, "Actual Loops": 291926, "Cache Key": "p.owneruserid", "Cache Mode": "logical", "Cache Hits": 138527, "Cache Misses": 13385, "Cache Evictions": 0, "Cache Overflows": 0, "Peak Memory Usage": 1358, "Workers": [{"Worker Number": 0, "Cache Hits": 127006, "Cache Misses": 13008, "Cache Evictions": 0, "Cache Overflows": 0, "Peak Memory Usage": 1320}], "Plans": [{"Node Type": "Index Scan", "Parent Relationship": "Outer", "Parallel Aware": false, "Async Capable": false, "Scan Direction": "Forward", "Index Name": "users_pkey", "Relation Name": "users", "Alias": "u", "Startup Cost": 0.29, "Total Cost": 0.33, "Plan Rows": 1, "Plan Width": 4, "Actual Rows": 1, "Actual Loops": 26393, "Index Cond": "(id = p.owneruserid)", "Rows Removed by Index Recheck": 0, "Filter": "((reputation >= 1) AND (reputation <= 6524) AND (views >= 0))", "Rows Removed by Filter": 0, "Workers": []}]}]}]}]}]}, "Planning Time": 1.217, "Triggers": [], "Execution Time": 395.521}, {"Plan": {"Node Type": "Aggregate", "Strategy": "Plain", "Partial Mode": "Finalize", "Parallel Aware": false, "Async Capable": false, "Startup Cost": 47930.85, "Total Cost": 47930.86, "Plan Rows": 1, "Plan Width": 8, "Actual Rows": 1, "Actual Loops": 1, "Plans": [{"Node Type": "Gather", "Parent Relationship": "Outer", "Parallel Aware": false, "Async Capable": false, "Startup Cost": 47930.73, "Total Cost": 47930.84, "Plan Rows": 1, "Plan Width": 8, "Actual Rows": 2, "Actual Loops": 1, "Workers Planned": 1, "Workers Launched": 1, "Single Copy": false, "Plans": [{"Node Type": "Aggregate", "Strategy": "Plain", "Partial Mode": "Partial", "Parent Relationship": "Outer", "Parallel Aware": false, "Async Capable": false, "Startup Cost": 46930.73, "Total Cost": 46930.74, "Plan Rows": 1, "Plan Width": 8, "Actual Rows": 1, "Actual Loops": 2, "Workers": [], "Plans": [{"Node Type": "Nested Loop", "Parent Relationship": "Outer", "Parallel Aware": false, "Async Capable": false, "Join Type": "Inner", "Startup Cost": 0.6, "Total Cost": 46519.17, "Plan Rows": 164627, "Plan Width": 0, "Actual Rows": 125534, "Actual Loops": 2, "Inner Unique": true, "Workers": [], "Plans": [{"Node Type": "Nested Loop", "Parent Relationship": "Outer", "Parallel Aware": false, "Async Capable": false, "Join Type": "Inner", "Startup Cost": 0.3, "Total Cost": 35005.58, "Plan Rows": 167356, "Plan Width": 4, "Actual Rows": 145963, "Actual Loops": 2, "Inner Unique": true, "Workers": [], "Plans": [{"Node Type": "Seq Scan", "Parent Relationship": "Outer", "Parallel Aware": true, "Async Capable": false, "Relation Name": "posthistory", "Alias": "ph", "Startup Cost": 0.0, "Total Cost": 4469.32, "Plan Rows": 172851, "Plan Width": 4, "Actual Rows": 146894, "Actual Loops": 2, "Filter": "(creationdate <= '2014-08-17 21:24:11'::timestamp without time zone)", "Rows Removed by Filter": 4700, "Workers": []}, {"Node Type": "Memoize", "Parent Relationship": "Inner", "Parallel Aware": false, "Async Capable": false, "Startup Cost": 0.3, "Total Cost": 0.34, "Plan Rows": 1, "Plan Width": 8, "Actual Rows": 1, "Actual Loops": 293788, "Cache Key": "ph.postid", "Cache Mode": "logical", "Cache Hits": 95426, "Cache Misses": 55360, "Cache Evictions": 0, "Cache Overflows": 0, "Peak Memory Usage": 5811, "Workers": [{"Worker Number": 0, "Cache Hits": 90872, "Cache Misses": 52130, "Cache Evictions": 0, "Cache Overflows": 0, "Peak Memory Usage": 5491}], "Plans": [{"Node Type": "Index Scan", "Parent Relationship": "Outer", "Parallel Aware": false, "Async Capable": false, "Scan Direction": "Forward", "Index Name": "posts_pkey", "Relation Name": "posts", "Alias": "p", "Startup Cost": 0.29, "Total Cost": 0.33, "Plan Rows": 1, "Plan Width": 8, "Actual Rows": 1, "Actual Loops": 107490, "Index Cond": "(id = ph.postid)", "Rows Removed by Index Recheck": 0, "Filter": "((creationdate >= '2010-07-26 19:26:37'::timestamp without time zone) AND (creationdate <= '2014-08-22 14:43:39'::timestamp without time zone))", "Rows Removed by Filter": 0, "Workers": []}]}]}, {"Node Type": "Memoize", "Parent Relationship": "Inner", "Parallel Aware": false, "Async Capable": false, "Startup Cost": 0.3, "Total Cost": 0.34, "Plan Rows": 1, "Plan Width": 4, "Actual Rows": 1, "Actual Loops": 291926, "Cache Key": "p.owneruserid", "Cache Mode": "logical", "Cache Hits": 133594, "Cache Misses": 15528, "Cache Evictions": 0, "Cache Overflows": 0, "Peak Memory Usage": 1576, "Workers": [{"Worker Number": 0, "Cache Hits": 127414, "Cache Misses": 15390, "Cache Evictions": 0, "Cache Overflows": 0, "Peak Memory Usage": 1562}], "Plans": [{"Node Type": "Index Scan", "Parent Relationship": "Outer", "Parallel Aware": false, "Async Capable": false, "Scan Direction": "Forward", "Index Name": "users_pkey", "Relation Name": "users", "Alias": "u", "Startup Cost": 0.29, "Total Cost": 0.33, "Plan Rows": 1, "Plan Width": 4, "Actual Rows": 1, "Actual Loops": 30918, "Index Cond": "(id = p.owneruserid)", "Rows Removed by Index Recheck": 0, "Filter": "((reputation >= 1) AND (reputation <= 6524) AND (views >= 0))", "Rows Removed by Filter": 0, "Workers": []}]}]}]}]}]}, "Planning Time": 1.321, "Triggers": [], "Execution Time": 381.933}, {"Plan": {"Node Type": "Aggregate", "Strategy": "Plain", "Partial Mode": "Finalize", "Parallel Aware": false, "Async Capable": false, "Startup Cost": 46583.41, "Total Cost": 46583.42, "Plan Rows": 1, "Plan Width": 8, "Actual Rows": 1, "Actual Loops": 1, "Plans": [{"Node Type": "Gather", "Parent Relationship": "Outer", "Parallel Aware": false, "Async Capable": false, "Startup Cost": 46583.3, "Total Cost": 46583.41, "Plan Rows": 1, "Plan Width": 8, "Actual Rows": 2, "Actual Loops": 1, "Workers Planned": 1, "Workers Launched": 1, "Single Copy": false, "Plans": [{"Node Type": "Aggregate", "Strategy": "Plain", "Partial Mode": "Partial", "Parent Relationship": "Outer", "Parallel Aware": false, "Async Capable": false, "Startup Cost": 45583.3, "Total Cost": 45583.31, "Plan Rows": 1, "Plan Width": 8, "Actual Rows": 1, "Actual Loops": 2, "Workers": [], "Plans": [{"Node Type": "Merge Join", "Parent Relationship": "Outer", "Parallel Aware": false, "Async Capable": false, "Join Type": "Inner", "Startup Cost": 41838.08, "Total Cost": 45171.73, "Plan Rows": 164627, "Plan Width": 0, "Actual Rows": 125534, "Actual Loops": 2, "Inner Unique": false, "Merge Cond": "(ph.postid = p.id)", "Workers": [], "Plans": [{"Node Type": "Sort", "Parent Relationship": "Outer", "Parallel Aware": false, "Async Capable": false, "Startup Cost": 19506.64, "Total Cost": 19938.76, "Plan Rows": 172851, "Plan Width": 4, "Actual Rows": 146894, "Actual Loops": 2, "Sort Key": ["ph.postid"], "Sort Method": "quicksort", "Sort Space Used": 6145, "Sort Space Type": "Memory", "Workers": [{"Worker Number": 0, "Sort Method": "quicksort", "Sort Space Used": 3073, "Sort Space Type": "Memory"}], "Plans": [{"Node Type": "Seq Scan", "Parent Relationship": "Outer", "Parallel Aware": true, "Async Capable": false, "Relation Name": "posthistory", "Alias": "ph", "Startup Cost": 0.0, "Total Cost": 4469.32, "Plan Rows": 172851, "Plan Width": 4, "Actual Rows": 146894, "Actual Loops": 2, "Filter": "(creationdate <= '2014-08-17 21:24:11'::timestamp without time zone)", "Rows Removed by Filter": 4700, "Workers": []}]}, {"Node Type": "Sort", "Parent Relationship": "Inner", "Parallel Aware": false, "Async Capable": false, "Startup Cost": 22331.44, "Total Cost": 22550.44, "Plan Rows": 87600, "Plan Width": 4, "Actual Rows": 154578, "Actual Loops": 2, "Sort Key": ["p.id"], "Sort Method": "quicksort", "Sort Space Used": 3073, "Sort Space Type": "Memory", "Workers": [{"Worker Number": 0, "Sort Method": "quicksort", "Sort Space Used": 3073, "Sort Space Type": "Memory"}], "Plans": [{"Node Type": "Merge Join", "Parent Relationship": "Outer", "Parallel Aware": false, "Async Capable": false, "Join Type": "Inner", "Startup Cost": 13624.17, "Total Cost": 15140.08, "Plan Rows": 87600, "Plan Width": 4, "Actual Rows": 69617, "Actual Loops": 2, "Inner Unique": true, "Merge Cond": "(p.owneruserid = u.id)", "Workers": [], "Plans": [{"Node Type": "Sort", "Parent Relationship": "Outer", "Parallel Aware": false, "Async Capable": false, "Startup Cost": 9540.77, "Total Cost": 9763.4, "Plan Rows": 89052, "Plan Width": 8, "Actual Rows": 87777, "Actual Loops": 2, "Sort Key": ["p.owneruserid"], "Sort Method": "quicksort", "Sort Space Used": 5857, "Sort Space Type": "Memory", "Workers": [{"Worker Number": 0, "Sort Method": "quicksort", "Sort Space Used": 5857, "Sort Space Type": "Memory"}], "Plans": [{"Node Type": "Seq Scan", "Parent Relationship": "Outer", "Parallel Aware": false, "Async Capable": false, "Relation Name": "posts", "Alias": "p", "Startup Cost": 0.0, "Total Cost": 2219.64, "Plan Rows": 89052, "Plan Width": 8, "Actual Rows": 89117, "Actual Loops": 2, "Filter": "((creationdate >= '2010-07-26 19:26:37'::timestamp without time zone) AND (creationdate <= '2014-08-22 14:43:39'::timestamp without time zone))", "Rows Removed by Filter": 2859, "Workers": []}]}, {"Node Type": "Sort", "Parent Relationship": "Inner", "Parallel Aware": false, "Async Capable": false, "Startup Cost": 4083.41, "Total Cost": 4184.1, "Plan Rows": 40277, "Plan Width": 4, "Actual Rows": 39874, "Actual Loops": 2, "Sort Key": ["u.id"], "Sort Method": "quicksort", "Sort Space Used": 1537, "Sort Space Type": "Memory", "Workers": [{"Worker Number": 0, "Sort Method": "quicksort", "Sort Space Used": 1537, "Sort Space Type": "Memory"}], "Plans": [{"Node Type": "Seq Scan", "Parent Relationship": "Outer", "Parallel Aware": false, "Async Capable": false, "Relation Name": "users", "Alias": "u", "Startup Cost": 0.0, "Total Cost": 1002.69, "Plan Rows": 40277, "Plan Width": 4, "Actual Rows": 40277, "Actual Loops": 2, "Filter": "((reputation >= 1) AND (reputation <= 6524) AND (views >= 0))", "Rows Removed by Filter": 48, "Workers": []}]}]}]}]}]}]}]}, "Planning Time": 1.567, "Triggers": [], "Execution Time": 172.147}, {"Plan": {"Node Type": "Aggregate", "Strategy": "Plain", "Partial Mode": "Finalize", "Parallel Aware": false, "Async Capable": false, "Startup Cost": 452799.79, "Total Cost": 452799.8, "Plan Rows": 1, "Plan Width": 8, "Actual Rows": 1, "Actual Loops": 1, "Plans": [{"Node Type": "Gather", "Parent Relationship": "Outer", "Parallel Aware": false, "Async Capable": false, "Startup Cost": 452799.68, "Total Cost": 452799.79, "Plan Rows": 1, "Plan Width": 8, "Actual Rows": 2, "Actual Loops": 1, "Workers Planned": 1, "Workers Launched": 1, "Single Copy": false, "Plans": [{"Node Type": "Aggregate", "Strategy": "Plain", "Partial Mode": "Partial", "Parent Relationship": "Outer", "Parallel Aware": false, "Async Capable": false, "Startup Cost": 451799.68, "Total Cost": 451799.69, "Plan Rows": 1, "Plan Width": 8, "Actual Rows": 1, "Actual Loops": 2, "Workers": [], "Plans": [{"Node Type": "Nested Loop", "Parent Relationship": "Outer", "Parallel Aware": false, "Async Capable": false, "Join Type": "Inner", "Startup Cost": 0.63, "Total Cost": 451388.11, "Plan Rows": 164627, "Plan Width": 0, "Actual Rows": 125534, "Actual Loops": 2, "Inner Unique": true, "Workers": [], "Plans": [{"Node Type": "Nested Loop", "Parent Relationship": "Outer", "Parallel Aware": false, "Async Capable": false, "Join Type": "Inner", "Startup Cost": 0.31, "Total Cost": 352173.96, "Plan Rows": 167356, "Plan Width": 4, "Actual Rows": 145963, "Actual Loops": 2, "Inner Unique": true, "Workers": [], "Plans": [{"Node Type": "Seq Scan", "Parent Relationship": "Outer", "Parallel Aware": true, "Async Capable": false, "Relation Name": "posthistory", "Alias": "ph", "Startup Cost": 0.0, "Total Cost": 4469.32, "Plan Rows": 172851, "Plan Width": 4, "Actual Rows": 146894, "Actual Loops": 2, "Filter": "(creationdate <= '2014-08-17 21:24:11'::timestamp without time zone)", "Rows Removed by Filter": 4700, "Workers": []}, {"Node Type": "Memoize", "Parent Relationship": "Inner", "Parallel Aware": false, "Async Capable": false, "Startup Cost": 0.31, "Total Cost": 4.33, "Plan Rows": 1, "Plan Width": 8, "Actual Rows": 1, "Actual Loops": 293788, "Cache Key": "ph.postid", "Cache Mode": "logical", "Cache Hits": 93996, "Cache Misses": 54367, "Cache Evictions": 0, "Cache Overflows": 0, "Peak Memory Usage": 5707, "Workers": [{"Worker Number": 0, "Cache Hits": 92305, "Cache Misses": 53120, "Cache Evictions": 0, "Cache Overflows": 0, "Peak Memory Usage": 5595}], "Plans": [{"Node Type": "Bitmap Heap Scan", "Parent Relationship": "Outer", "Parallel Aware": false, "Async Capable": false, "Relation Name": "posts", "Alias": "p", "Startup Cost": 0.3, "Total Cost": 4.32, "Plan Rows": 1, "Plan Width": 8, "Actual Rows": 1, "Actual Loops": 107487, "Recheck Cond": "(ph.postid = id)", "Rows Removed by Index Recheck": 0, "Filter": "((creationdate >= '2010-07-26 19:26:37'::timestamp without time zone) AND (creationdate <= '2014-08-22 14:43:39'::timestamp without time zone))", "Rows Removed by Filter": 0, "Exact Heap Blocks": 54367, "Lossy Heap Blocks": 0, "Workers": [], "Plans": [{"Node Type": "Bitmap Index Scan", "Parent Relationship": "Outer", "Parallel Aware": false, "Async Capable": false, "Index Name": "posts_pkey", "Startup Cost": 0.0, "Total Cost": 0.3, "Plan Rows": 1, "Plan Width": 0, "Actual Rows": 1, "Actual Loops": 107487, "Index Cond": "(id = ph.postid)", "Workers": []}]}]}]}, {"Node Type": "Memoize", "Parent Relationship": "Inner", "Parallel Aware": false, "Async Capable": false, "Startup Cost": 0.31, "Total Cost": 4.33, "Plan Rows": 1, "Plan Width": 4, "Actual Rows": 1, "Actual Loops": 291926, "Cache Key": "p.owneruserid", "Cache Mode": "logical", "Cache Hits": 131348, "Cache Misses": 15336, "Cache Evictions": 0, "Cache Overflows": 0, "Peak Memory Usage": 1556, "Workers": [{"Worker Number": 0, "Cache Hits": 129656, "Cache Misses": 15586, "Cache Evictions": 0, "Cache Overflows": 0, "Peak Memory Usage": 1582}], "Plans": [{"Node Type": "Bitmap Heap Scan", "Parent Relationship": "Outer", "Parallel Aware": false, "Async Capable": false, "Relation Name": "users", "Alias": "u", "Startup Cost": 0.3, "Total Cost": 4.32, "Plan Rows": 1, "Plan Width": 4, "Actual Rows": 1, "Actual Loops": 30922, "Recheck Cond": "(p.owneruserid = id)", "Rows Removed by Index Recheck": 0, "Filter": "((reputation >= 1) AND (reputation <= 6524) AND (views >= 0))", "Rows Removed by Filter": 0, "Exact Heap Blocks": 15335, "Lossy Heap Blocks": 0, "Workers": [], "Plans": [{"Node Type": "Bitmap Index Scan", "Parent Relationship": "Outer", "Parallel Aware": false, "Async Capable": false, "Index Name": "users_pkey", "Startup Cost": 0.0, "Total Cost": 0.3, "Plan Rows": 1, "Plan Width": 0, "Actual Rows": 1, "Actual Loops": 30922, "Index Cond": "(id = p.owneruserid)", "Workers": []}]}]}]}]}]}]}, "Planning Time": 1.267, "Triggers": [], "Execution Time": 455.817}]