[{"Plan": {"Node Type": "Aggregate", "Strategy": "Plain", "Partial Mode": "Finalize", "Parallel Aware": false, "Async Capable": false, "Startup Cost": 13446.2, "Total Cost": 13446.21, "Plan Rows": 1, "Plan Width": 8, "Actual Rows": 1, "Actual Loops": 1, "Plans": [{"Node Type": "Gather", "Parent Relationship": "Outer", "Parallel Aware": false, "Async Capable": false, "Startup Cost": 13446.09, "Total Cost": 13446.2, "Plan Rows": 1, "Plan Width": 8, "Actual Rows": 2, "Actual Loops": 1, "Workers Planned": 1, "Workers Launched": 1, "Single Copy": false, "Plans": [{"Node Type": "Aggregate", "Strategy": "Plain", "Partial Mode": "Partial", "Parent Relationship": "Outer", "Parallel Aware": false, "Async Capable": false, "Startup Cost": 12446.09, "Total Cost": 12446.1, "Plan Rows": 1, "Plan Width": 8, "Actual Rows": 1, "Actual Loops": 2, "Workers": [], "Plans": [{"Node Type": "Nested Loop", "Parent Relationship": "Outer", "Parallel Aware": false, "Async Capable": false, "Join Type": "Inner", "Startup Cost": 3500.93, "Total Cost": 7422.13, "Plan Rows": 2009585, "Plan Width": 0, "Actual Rows": 390342, "Actual Loops": 2, "Inner Unique": false, "Workers": [], "Plans": [{"Node Type": "Merge Join", "Parent Relationship": "Outer", "Parallel Aware": false, "Async Capable": false, "Join Type": "Inner", "Startup Cost": 3500.64, "Total Cost": 4512.69, "Plan Rows": 3347, "Plan Width": 8, "Actual Rows": 5815, "Actual Loops": 2, "Inner Unique": false, "Merge Cond": "(u.id = p.owneruserid)", "Workers": [], "Plans": [{"Node Type": "Index Only Scan", "Parent Relationship": "Outer", "Parallel Aware": true, "Async Capable": false, "Scan Direction": "Forward", "Index Name": "users_pkey", "Relation Name": "users", "Alias": "u", "Startup Cost": 0.29, "Total Cost": 891.12, "Plan Rows": 23721, "Plan Width": 4, "Actual Rows": 20160, "Actual Loops": 2, "Heap Fetches": 0, "Workers": []}, {"Node Type": "Sort", "Parent Relationship": "Inner", "Parallel Aware": false, "Async Capable": false, "Startup Cost": 3500.35, "Total Cost": 3514.79, "Plan Rows": 5777, "Plan Width": 4, "Actual Rows": 11630, "Actual Loops": 2, "Sort Key": ["p.owneruserid"], "Sort Method": "quicksort", "Sort Space Used": 385, "Sort Space Type": "Memory", "Workers": [{"Worker Number": 0, "Sort Method": "quicksort", "Sort Space Used": 385, "Sort Space Type": "Memory"}], "Plans": [{"Node Type": "Seq Scan", "Parent Relationship": "Outer", "Parallel Aware": false, "Async Capable": false, "Relation Name": "posts", "Alias": "p", "Startup Cost": 0.0, "Total Cost": 3139.4, "Plan Rows": 5777, "Plan Width": 4, "Actual Rows": 11847, "Actual Loops": 2, "Filter": "((viewcount >= 0) AND (viewcount <= 2897) AND (commentcount >= 0) AND (commentcount <= 16) AND (favoritecount >= 0) AND (favoritecount <= 10))", "Rows Removed by Filter": 80129, "Workers": []}]}]}, {"Node Type": "Index Scan", "Parent Relationship": "Inner", "Parallel Aware": false, "Async Capable": false, "Scan Direction": "Forward", "Index Name": "idx_comments_userid", "Relation Name": "comments", "Alias": "c", "Startup Cost": 0.29, "Total Cost": 0.74, "Plan Rows": 13, "Plan Width": 4, "Actual Rows": 67, "Actual Loops": 11630, "Index Cond": "(userid = u.id)", "Rows Removed by Index Recheck": 0, "Filter": "((creationdate >= '2010-08-05 00:36:02'::timestamp without time zone) AND (creationdate <= '2014-09-08 16:50:49'::timestamp without time zone))", "Rows Removed by Filter": 1, "Workers": []}]}]}]}]}, "Planning Time": 3.138, "Triggers": [], "Execution Time": 198.938}, {"Plan": {"Node Type": "Aggregate", "Strategy": "Plain", "Partial Mode": "Simple", "Parallel Aware": false, "Async Capable": false, "Startup Cost": 30000046739.32, "Total Cost": 30000046739.33, "Plan Rows": 1, "Plan Width": 8, "Actual Rows": 1, "Actual Loops": 1, "Plans": [{"Node Type": "Hash Join", "Parent Relationship": "Outer", "Parallel Aware": false, "Async Capable": false, "Join Type": "Inner", "Startup Cost": 30000028619.44, "Total Cost": 30000038198.58, "Plan Rows": 3416295, "Plan Width": 0, "Actual Rows": 780683, "Actual Loops": 1, "Inner Unique": false, "Hash Cond": "(c.userid = u.id)", "Plans": [{"Node Type": "Index Scan", "Parent Relationship": "Outer", "Parallel Aware": false, "Async Capable": false, "Scan Direction": "Forward", "Index Name": "idx_comments_userid", "Relation Name": "comments", "Alias": "c", "Startup Cost": 10000000000.3, "Total Cost": 10000008694.72, "Plan Rows": 172201, "Plan Width": 4, "Actual Rows": 172156, "Actual Loops": 1, "Filter": "((creationdate >= '2010-08-05 00:36:02'::timestamp without time zone) AND (creationdate <= '2014-09-08 16:50:49'::timestamp without time zone))", "Rows Removed by Filter": 2149}, {"Node Type": "Hash", "Parent Relationship": "Inner", "Parallel Aware": false, "Async Capable": false, "Startup Cost": 20000028548.02, "Total Cost": 20000028548.02, "Plan Rows": 5690, "Plan Width": 8, "Actual Rows": 11630, "Actual Loops": 1, "Hash Buckets": 16384, "Original Hash Buckets": 8192, "Hash Batches": 1, "Original Hash Batches": 1, "Peak Memory Usage": 583, "Plans": [{"Node Type": "Nested Loop", "Parent Relationship": "Outer", "Parallel Aware": false, "Async Capable": false, "Join Type": "Inner", "Startup Cost": 20000000000.68, "Total Cost": 20000028548.02, "Plan Rows": 5690, "Plan Width": 8, "Actual Rows": 11630, "Actual Loops": 1, "Inner Unique": true, "Plans": [{"Node Type": "Index Scan", "Parent Relationship": "Outer", "Parallel Aware": false, "Async Capable": false, "Scan Direction": "Forward", "Index Name": "idx_posts_owneruserid", "Relation Name": "posts", "Alias": "p", "Startup Cost": 10000000000.29, "Total Cost": 10000005473.31, "Plan Rows": 5777, "Plan Width": 4, "Actual Rows": 11847, "Actual Loops": 1, "Filter": "((viewcount >= 0) AND (viewcount <= 2897) AND (commentcount >= 0) AND (commentcount <= 16) AND (favoritecount >= 0) AND (favoritecount <= 10))", "Rows Removed by Filter": 80129}, {"Node Type": "Memoize", "Parent Relationship": "Inner", "Parallel Aware": false, "Async Capable": false, "Startup Cost": 0.39, "Total Cost": 4.4, "Plan Rows": 1, "Plan Width": 4, "Actual Rows": 1, "Actual Loops": 11847, "Cache Key": "p.owneruserid", "Cache Mode": "logical", "Cache Hits": 5428, "Cache Misses": 6419, "Cache Evictions": 0, "Cache Overflows": 0, "Peak Memory Usage": 652, "Plans": [{"Node Type": "Bitmap Heap Scan", "Parent Relationship": "Outer", "Parallel Aware": false, "Async Capable": false, "Relation Name": "users", "Alias": "u", "Startup Cost": 0.38, "Total Cost": 4.39, "Plan Rows": 1, "Plan Width": 4, "Actual Rows": 1, "Actual Loops": 6419, "Recheck Cond": "(p.owneruserid = id)", "Rows Removed by Index Recheck": 0, "Exact Heap Blocks": 6418, "Lossy Heap Blocks": 0, "Plans": [{"Node Type": "Bitmap Index Scan", "Parent Relationship": "Outer", "Parallel Aware": false, "Async Capable": false, "Index Name": "users_pkey", "Startup Cost": 0.0, "Total Cost": 0.38, "Plan Rows": 1, "Plan Width": 0, "Actual Rows": 1, "Actual Loops": 6419, "Index Cond": "(id = p.owneruserid)"}]}]}]}]}]}]}, "Planning Time": 1.279, "Triggers": [], "Execution Time": 292.815}, {"Plan": {"Node Type": "Aggregate", "Strategy": "Plain", "Partial Mode": "Finalize", "Parallel Aware": false, "Async Capable": false, "Startup Cost": 21283.46, "Total Cost": 21283.47, "Plan Rows": 1, "Plan Width": 8, "Actual Rows": 1, "Actual Loops": 1, "Plans": [{"Node Type": "Gather", "Parent Relationship": "Outer", "Parallel Aware": false, "Async Capable": false, "Startup Cost": 21283.35, "Total Cost": 21283.46, "Plan Rows": 1, "Plan Width": 8, "Actual Rows": 2, "Actual Loops": 1, "Workers Planned": 1, "Workers Launched": 1, "Single Copy": false, "Plans": [{"Node Type": "Aggregate", "Strategy": "Plain", "Partial Mode": "Partial", "Parent Relationship": "Outer", "Parallel Aware": false, "Async Capable": false, "Startup Cost": 20283.35, "Total Cost": 20283.36, "Plan Rows": 1, "Plan Width": 8, "Actual Rows": 1, "Actual Loops": 2, "Workers": [], "Plans": [{"Node Type": "Hash Join", "Parent Relationship": "Outer", "Parallel Aware": false, "Async Capable": false, "Join Type": "Inner", "Startup Cost": 7121.12, "Total Cost": 15259.39, "Plan Rows": 2009585, "Plan Width": 0, "Actual Rows": 390342, "Actual Loops": 2, "Inner Unique": false, "Hash Cond": "(c.userid = u.id)", "Workers": [], "Plans": [{"Node Type": "Index Scan", "Parent Relationship": "Outer", "Parallel Aware": true, "Async Capable": false, "Scan Direction": "Forward", "Index Name": "idx_comments_userid", "Relation Name": "comments", "Alias": "c", "Startup Cost": 0.29, "Total Cost": 7618.14, "Plan Rows": 101295, "Plan Width": 4, "Actual Rows": 86078, "Actual Loops": 2, "Filter": "((creationdate >= '2010-08-05 00:36:02'::timestamp without time zone) AND (creationdate <= '2014-09-08 16:50:49'::timestamp without time zone))", "Rows Removed by Filter": 1074, "Workers": []}, {"Node Type": "Hash", "Parent Relationship": "Inner", "Parallel Aware": false, "Async Capable": false, "Startup Cost": 7049.7, "Total Cost": 7049.7, "Plan Rows": 5690, "Plan Width": 8, "Actual Rows": 11630, "Actual Loops": 2, "Hash Buckets": 16384, "Original Hash Buckets": 8192, "Hash Batches": 1, "Original Hash Batches": 1, "Peak Memory Usage": 583, "Workers": [], "Plans": [{"Node Type": "Hash Join", "Parent Relationship": "Outer", "Parallel Aware": false, "Async Capable": false, "Join Type": "Inner", "Startup Cost": 1561.52, "Total Cost": 7049.7, "Plan Rows": 5690, "Plan Width": 8, "Actual Rows": 11630, "Actual Loops": 2, "Inner Unique": true, "Hash Cond": "(p.owneruserid = u.id)", "Workers": [], "Plans": [{"Node Type": "Index Scan", "Parent Relationship": "Outer", "Parallel Aware": false, "Async Capable": false, "Scan Direction": "Forward", "Index Name": "idx_posts_owneruserid", "Relation Name": "posts", "Alias": "p", "Startup Cost": 0.29, "Total Cost": 5473.31, "Plan Rows": 5777, "Plan Width": 4, "Actual Rows": 11847, "Actual Loops": 2, "Filter": "((viewcount >= 0) AND (viewcount <= 2897) AND (commentcount >= 0) AND (commentcount <= 16) AND (favoritecount >= 0) AND (favoritecount <= 10))", "Rows Removed by Filter": 80129, "Workers": []}, {"Node Type": "Hash", "Parent Relationship": "Inner", "Parallel Aware": false, "Async Capable": false, "Startup Cost": 1057.16, "Total Cost": 1057.16, "Plan Rows": 40325, "Plan Width": 4, "Actual Rows": 40325, "Actual Loops": 2, "Hash Buckets": 65536, "Original Hash Buckets": 65536, "Hash Batches": 1, "Original Hash Batches": 1, "Peak Memory Usage": 1930, "Workers": [], "Plans": [{"Node Type": "Index Only Scan", "Parent Relationship": "Outer", "Parallel Aware": false, "Async Capable": false, "Scan Direction": "Forward", "Index Name": "users_pkey", "Relation Name": "users", "Alias": "u", "Startup Cost": 0.29, "Total Cost": 1057.16, "Plan Rows": 40325, "Plan Width": 4, "Actual Rows": 40325, "Actual Loops": 2, "Heap Fetches": 0, "Workers": []}]}]}]}]}]}]}]}, "Planning Time": 2.309, "Triggers": [], "Execution Time": 243.196}, {"Plan": {"Node Type": "Aggregate", "Strategy": "Plain", "Partial Mode": "Finalize", "Parallel Aware": false, "Async Capable": false, "Startup Cost": 20535.59, "Total Cost": 20535.6, "Plan Rows": 1, "Plan Width": 8, "Actual Rows": 1, "Actual Loops": 1, "Plans": [{"Node Type": "Gather", "Parent Relationship": "Outer", "Parallel Aware": false, "Async Capable": false, "Startup Cost": 20535.48, "Total Cost": 20535.59, "Plan Rows": 1, "Plan Width": 8, "Actual Rows": 2, "Actual Loops": 1, "Workers Planned": 1, "Workers Launched": 1, "Single Copy": false, "Plans": [{"Node Type": "Aggregate", "Strategy": "Plain", "Partial Mode": "Partial", "Parent Relationship": "Outer", "Parallel Aware": false, "Async Capable": false, "Startup Cost": 19535.48, "Total Cost": 19535.49, "Plan Rows": 1, "Plan Width": 8, "Actual Rows": 1, "Actual Loops": 2, "Workers": [], "Plans": [{"Node Type": "Hash Join", "Parent Relationship": "Outer", "Parallel Aware": true, "Async Capable": false, "Join Type": "Inner", "Startup Cost": 6431.14, "Total Cost": 14511.51, "Plan Rows": 2009585, "Plan Width": 0, "Actual Rows": 390342, "Actual Loops": 2, "Inner Unique": false, "Hash Cond": "(c.userid = u.id)", "Workers": [], "Plans": [{"Node Type": "Index Scan", "Parent Relationship": "Outer", "Parallel Aware": true, "Async Capable": false, "Scan Direction": "Forward", "Index Name": "idx_comments_userid", "Relation Name": "comments", "Alias": "c", "Startup Cost": 0.29, "Total Cost": 7618.14, "Plan Rows": 101295, "Plan Width": 4, "Actual Rows": 86078, "Actual Loops": 2, "Filter": "((creationdate >= '2010-08-05 00:36:02'::timestamp without time zone) AND (creationdate <= '2014-09-08 16:50:49'::timestamp without time zone))", "Rows Removed by Filter": 1074, "Workers": []}, {"Node Type": "Hash", "Parent Relationship": "Inner", "Parallel Aware": true, "Async Capable": false, "Startup Cost": 6389.01, "Total Cost": 6389.01, "Plan Rows": 3347, "Plan Width": 8, "Actual Rows": 5815, "Actual Loops": 2, "Hash Buckets": 16384, "Original Hash Buckets": 8192, "Hash Batches": 1, "Original Hash Batches": 1, "Peak Memory Usage": 672, "Workers": [], "Plans": [{"Node Type": "Merge Join", "Parent Relationship": "Outer", "Parallel Aware": false, "Async Capable": false, "Join Type": "Inner", "Startup Cost": 0.58, "Total Cost": 6389.01, "Plan Rows": 3347, "Plan Width": 8, "Actual Rows": 5815, "Actual Loops": 2, "Inner Unique": false, "Merge Cond": "(u.id = p.owneruserid)", "Workers": [], "Plans": [{"Node Type": "Index Only Scan", "Parent Relationship": "Outer", "Parallel Aware": true, "Async Capable": false, "Scan Direction": "Forward", "Index Name": "users_pkey", "Relation Name": "users", "Alias": "u", "Startup Cost": 0.29, "Total Cost": 891.12, "Plan Rows": 23721, "Plan Width": 4, "Actual Rows": 20160, "Actual Loops": 2, "Heap Fetches": 0, "Workers": []}, {"Node Type": "Index Scan", "Parent Relationship": "Inner", "Parallel Aware": false, "Async Capable": false, "Scan Direction": "Forward", "Index Name": "idx_posts_owneruserid", "Relation Name": "posts", "Alias": "p", "Startup Cost": 0.29, "Total Cost": 5473.31, "Plan Rows": 5777, "Plan Width": 4, "Actual Rows": 11630, "Actual Loops": 2, "Filter": "((viewcount >= 0) AND (viewcount <= 2897) AND (commentcount >= 0) AND (commentcount <= 16) AND (favoritecount >= 0) AND (favoritecount <= 10))", "Rows Removed by Filter": 78953, "Workers": []}]}]}]}]}]}]}, "Planning Time": 3.137, "Triggers": [], "Execution Time": 233.344}, {"Plan": {"Node Type": "Aggregate", "Strategy": "Plain", "Partial Mode": "Finalize", "Parallel Aware": false, "Async Capable": false, "Startup Cost": 15322.52, "Total Cost": 15322.53, "Plan Rows": 1, "Plan Width": 8, "Actual Rows": 1, "Actual Loops": 1, "Plans": [{"Node Type": "Gather", "Parent Relationship": "Outer", "Parallel Aware": false, "Async Capable": false, "Startup Cost": 15322.4, "Total Cost": 15322.51, "Plan Rows": 1, "Plan Width": 8, "Actual Rows": 2, "Actual Loops": 1, "Workers Planned": 1, "Workers Launched": 1, "Single Copy": false, "Plans": [{"Node Type": "Aggregate", "Strategy": "Plain", "Partial Mode": "Partial", "Parent Relationship": "Outer", "Parallel Aware": false, "Async Capable": false, "Startup Cost": 14322.4, "Total Cost": 14322.41, "Plan Rows": 1, "Plan Width": 8, "Actual Rows": 1, "Actual Loops": 2, "Workers": [], "Plans": [{"Node Type": "Nested Loop", "Parent Relationship": "Outer", "Parallel Aware": false, "Async Capable": false, "Join Type": "Inner", "Startup Cost": 0.88, "Total Cost": 9298.44, "Plan Rows": 2009585, "Plan Width": 0, "Actual Rows": 390342, "Actual Loops": 2, "Inner Unique": false, "Workers": [], "Plans": [{"Node Type": "Merge Join", "Parent Relationship": "Outer", "Parallel Aware": false, "Async Capable": false, "Join Type": "Inner", "Startup Cost": 0.58, "Total Cost": 6389.01, "Plan Rows": 3347, "Plan Width": 8, "Actual Rows": 5815, "Actual Loops": 2, "Inner Unique": false, "Merge Cond": "(u.id = p.owneruserid)", "Workers": [], "Plans": [{"Node Type": "Index Only Scan", "Parent Relationship": "Outer", "Parallel Aware": true, "Async Capable": false, "Scan Direction": "Forward", "Index Name": "users_pkey", "Relation Name": "users", "Alias": "u", "Startup Cost": 0.29, "Total Cost": 891.12, "Plan Rows": 23721, "Plan Width": 4, "Actual Rows": 20160, "Actual Loops": 2, "Heap Fetches": 0, "Workers": []}, {"Node Type": "Index Scan", "Parent Relationship": "Inner", "Parallel Aware": false, "Async Capable": false, "Scan Direction": "Forward", "Index Name": "idx_posts_owneruserid", "Relation Name": "posts", "Alias": "p", "Startup Cost": 0.29, "Total Cost": 5473.31, "Plan Rows": 5777, "Plan Width": 4, "Actual Rows": 11630, "Actual Loops": 2, "Filter": "((viewcount >= 0) AND (viewcount <= 2897) AND (commentcount >= 0) AND (commentcount <= 16) AND (favoritecount >= 0) AND (favoritecount <= 10))", "Rows Removed by Filter": 78953, "Workers": []}]}, {"Node Type": "Index Scan", "Parent Relationship": "Inner", "Parallel Aware": false, "Async Capable": false, "Scan Direction": "Forward", "Index Name": "idx_comments_userid", "Relation Name": "comments", "Alias": "c", "Startup Cost": 0.29, "Total Cost": 0.74, "Plan Rows": 13, "Plan Width": 4, "Actual Rows": 67, "Actual Loops": 11630, "Index Cond": "(userid = u.id)", "Rows Removed by Index Recheck": 0, "Filter": "((creationdate >= '2010-08-05 00:36:02'::timestamp without time zone) AND (creationdate <= '2014-09-08 16:50:49'::timestamp without time zone))", "Rows Removed by Filter": 1, "Workers": []}]}]}]}]}, "Planning Time": 2.831, "Triggers": [], "Execution Time": 253.28}, {"Plan": {"Node Type": "Aggregate", "Strategy": "Plain", "Partial Mode": "Finalize", "Parallel Aware": false, "Async Capable": false, "Startup Cost": 13856.49, "Total Cost": 13856.5, "Plan Rows": 1, "Plan Width": 8, "Actual Rows": 1, "Actual Loops": 1, "Plans": [{"Node Type": "Gather", "Parent Relationship": "Outer", "Parallel Aware": false, "Async Capable": false, "Startup Cost": 13856.38, "Total Cost": 13856.49, "Plan Rows": 1, "Plan Width": 8, "Actual Rows": 2, "Actual Loops": 1, "Workers Planned": 1, "Workers Launched": 1, "Single Copy": false, "Plans": [{"Node Type": "Aggregate", "Strategy": "Plain", "Partial Mode": "Partial", "Parent Relationship": "Outer", "Parallel Aware": false, "Async Capable": false, "Startup Cost": 12856.38, "Total Cost": 12856.39, "Plan Rows": 1, "Plan Width": 8, "Actual Rows": 1, "Actual Loops": 2, "Workers": [], "Plans": [{"Node Type": "Hash Join", "Parent Relationship": "Outer", "Parallel Aware": false, "Async Capable": false, "Join Type": "Inner", "Startup Cost": 4430.0, "Total Cost": 7832.41, "Plan Rows": 2009585, "Plan Width": 0, "Actual Rows": 390342, "Actual Loops": 2, "Inner Unique": false, "Hash Cond": "(c.userid = u.id)", "Workers": [], "Plans": [{"Node Type": "Seq Scan", "Parent Relationship": "Outer", "Parallel Aware": true, "Async Capable": false, "Relation Name": "comments", "Alias": "c", "Startup Cost": 0.0, "Total Cost": 2881.99, "Plan Rows": 101295, "Plan Width": 4, "Actual Rows": 86078, "Actual Loops": 2, "Filter": "((creationdate >= '2010-08-05 00:36:02'::timestamp without time zone) AND (creationdate <= '2014-09-08 16:50:49'::timestamp without time zone))", "Rows Removed by Filter": 1074, "Workers": []}, {"Node Type": "Hash", "Parent Relationship": "Inner", "Parallel Aware": false, "Async Capable": false, "Startup Cost": 4358.88, "Total Cost": 4358.88, "Plan Rows": 5690, "Plan Width": 8, "Actual Rows": 11630, "Actual Loops": 2, "Hash Buckets": 16384, "Original Hash Buckets": 8192, "Hash Batches": 1, "Original Hash Batches": 1, "Peak Memory Usage": 583, "Workers": [], "Plans": [{"Node Type": "Hash Join", "Parent Relationship": "Outer", "Parallel Aware": false, "Async Capable": false, "Join Type": "Inner", "Startup Cost": 1204.31, "Total Cost": 4358.88, "Plan Rows": 5690, "Plan Width": 8, "Actual Rows": 11630, "Actual Loops": 2, "Inner Unique": true, "Hash Cond": "(p.owneruserid = u.id)", "Workers": [], "Plans": [{"Node Type": "Seq Scan", "Parent Relationship": "Outer", "Parallel Aware": false, "Async Capable": false, "Relation Name": "posts", "Alias": "p", "Startup Cost": 0.0, "Total Cost": 3139.4, "Plan Rows": 5777, "Plan Width": 4, "Actual Rows": 11847, "Actual Loops": 2, "Filter": "((viewcount >= 0) AND (viewcount <= 2897) AND (commentcount >= 0) AND (commentcount <= 16) AND (favoritecount >= 0) AND (favoritecount <= 10))", "Rows Removed by Filter": 80129, "Workers": []}, {"Node Type": "Hash", "Parent Relationship": "Inner", "Parallel Aware": false, "Async Capable": false, "Startup Cost": 700.25, "Total Cost": 700.25, "Plan Rows": 40325, "Plan Width": 4, "Actual Rows": 40325, "Actual Loops": 2, "Hash Buckets": 65536, "Original Hash Buckets": 65536, "Hash Batches": 1, "Original Hash Batches": 1, "Peak Memory Usage": 1930, "Workers": [], "Plans": [{"Node Type": "Seq Scan", "Parent Relationship": "Outer", "Parallel Aware": false, "Async Capable": false, "Relation Name": "users", "Alias": "u", "Startup Cost": 0.0, "Total Cost": 700.25, "Plan Rows": 40325, "Plan Width": 4, "Actual Rows": 40325, "Actual Loops": 2, "Workers": []}]}]}]}]}]}]}]}, "Planning Time": 2.983, "Triggers": [], "Execution Time": 121.802}, {"Plan": {"Node Type": "Aggregate", "Strategy": "Plain", "Partial Mode": "Simple", "Parallel Aware": false, "Async Capable": false, "Startup Cost": 20536.57, "Total Cost": 20536.58, "Plan Rows": 1, "Plan Width": 8, "Actual Rows": 1, "Actual Loops": 1, "Plans": [{"Node Type": "Nested Loop", "Parent Relationship": "Outer", "Parallel Aware": false, "Async Capable": false, "Join Type": "Inner", "Startup Cost": 1561.82, "Total Cost": 11995.83, "Plan Rows": 3416295, "Plan Width": 0, "Actual Rows": 780683, "Actual Loops": 1, "Inner Unique": false, "Plans": [{"Node Type": "Hash Join", "Parent Relationship": "Outer", "Parallel Aware": false, "Async Capable": false, "Join Type": "Inner", "Startup Cost": 1561.52, "Total Cost": 7049.7, "Plan Rows": 5690, "Plan Width": 8, "Actual Rows": 11630, "Actual Loops": 1, "Inner Unique": true, "Hash Cond": "(p.owneruserid = u.id)", "Plans": [{"Node Type": "Index Scan", "Parent Relationship": "Outer", "Parallel Aware": false, "Async Capable": false, "Scan Direction": "Forward", "Index Name": "idx_posts_owneruserid", "Relation Name": "posts", "Alias": "p", "Startup Cost": 0.29, "Total Cost": 5473.31, "Plan Rows": 5777, "Plan Width": 4, "Actual Rows": 11847, "Actual Loops": 1, "Filter": "((viewcount >= 0) AND (viewcount <= 2897) AND (commentcount >= 0) AND (commentcount <= 16) AND (favoritecount >= 0) AND (favoritecount <= 10))", "Rows Removed by Filter": 80129}, {"Node Type": "Hash", "Parent Relationship": "Inner", "Parallel Aware": false, "Async Capable": false, "Startup Cost": 1057.16, "Total Cost": 1057.16, "Plan Rows": 40325, "Plan Width": 4, "Actual Rows": 40325, "Actual Loops": 1, "Hash Buckets": 65536, "Original Hash Buckets": 65536, "Hash Batches": 1, "Original Hash Batches": 1, "Peak Memory Usage": 1930, "Plans": [{"Node Type": "Index Only Scan", "Parent Relationship": "Outer", "Parallel Aware": false, "Async Capable": false, "Scan Direction": "Forward", "Index Name": "users_pkey", "Relation Name": "users", "Alias": "u", "Startup Cost": 0.29, "Total Cost": 1057.16, "Plan Rows": 40325, "Plan Width": 4, "Actual Rows": 40325, "Actual Loops": 1, "Heap Fetches": 0}]}]}, {"Node Type": "Index Scan", "Parent Relationship": "Inner", "Parallel Aware": false, "Async Capable": false, "Scan Direction": "Forward", "Index Name": "idx_comments_userid", "Relation Name": "comments", "Alias": "c", "Startup Cost": 0.29, "Total Cost": 0.74, "Plan Rows": 13, "Plan Width": 4, "Actual Rows": 67, "Actual Loops": 11630, "Index Cond": "(userid = u.id)", "Rows Removed by Index Recheck": 0, "Filter": "((creationdate >= '2010-08-05 00:36:02'::timestamp without time zone) AND (creationdate <= '2014-09-08 16:50:49'::timestamp without time zone))", "Rows Removed by Filter": 1}]}]}, "Planning Time": 1.142, "Triggers": [], "Execution Time": 352.011}, {"Plan": {"Node Type": "Aggregate", "Strategy": "Plain", "Partial Mode": "Simple", "Parallel Aware": false, "Async Capable": false, "Startup Cost": 30000024388.22, "Total Cost": 30000024388.23, "Plan Rows": 1, "Plan Width": 8, "Actual Rows": 1, "Actual Loops": 1, "Plans": [{"Node Type": "Merge Join", "Parent Relationship": "Outer", "Parallel Aware": false, "Async Capable": false, "Join Type": "Inner", "Startup Cost": 30000000000.88, "Total Cost": 30000015847.49, "Plan Rows": 3416295, "Plan Width": 0, "Actual Rows": 780683, "Actual Loops": 1, "Inner Unique": false, "Merge Cond": "(u.id = c.userid)", "Plans": [{"Node Type": "Merge Join", "Parent Relationship": "Outer", "Parallel Aware": false, "Async Capable": false, "Join Type": "Inner", "Startup Cost": 20000000000.58, "Total Cost": 20000006619.99, "Plan Rows": 5690, "Plan Width": 8, "Actual Rows": 11620, "Actual Loops": 1, "Inner Unique": true, "Merge Cond": "(p.owneruserid = u.id)", "Plans": [{"Node Type": "Index Scan", "Parent Relationship": "Outer", "Parallel Aware": false, "Async Capable": false, "Scan Direction": "Forward", "Index Name": "idx_posts_owneruserid", "Relation Name": "posts", "Alias": "p", "Startup Cost": 10000000000.29, "Total Cost": 10000005473.31, "Plan Rows": 5777, "Plan Width": 4, "Actual Rows": 11620, "Actual Loops": 1, "Filter": "((viewcount >= 0) AND (viewcount <= 2897) AND (commentcount >= 0) AND (commentcount <= 16) AND (favoritecount >= 0) AND (favoritecount <= 10))", "Rows Removed by Filter": 78797}, {"Node Type": "Index Only Scan", "Parent Relationship": "Inner", "Parallel Aware": false, "Async Capable": false, "Scan Direction": "Forward", "Index Name": "users_pkey", "Relation Name": "users", "Alias": "u", "Startup Cost": 10000000000.29, "Total Cost": 10000001057.17, "Plan Rows": 40325, "Plan Width": 4, "Actual Rows": 40012, "Actual Loops": 1, "Heap Fetches": 0}]}, {"Node Type": "Index Scan", "Parent Relationship": "Inner", "Parallel Aware": false, "Async Capable": false, "Scan Direction": "Forward", "Index Name": "idx_comments_userid", "Relation Name": "comments", "Alias": "c", "Startup Cost": 10000000000.3, "Total Cost": 10000008694.72, "Plan Rows": 172201, "Plan Width": 4, "Actual Rows": 825888, "Actual Loops": 1, "Filter": "((creationdate >= '2010-08-05 00:36:02'::timestamp without time zone) AND (creationdate <= '2014-09-08 16:50:49'::timestamp without time zone))", "Rows Removed by Filter": 6703}]}]}, "Planning Time": 1.896, "Triggers": [], "Execution Time": 382.933}, {"Plan": {"Node Type": "Aggregate", "Strategy": "Plain", "Partial Mode": "Simple", "Parallel Aware": false, "Async Capable": false, "Startup Cost": 10000063099.17, "Total Cost": 10000063099.18, "Plan Rows": 1, "Plan Width": 8, "Actual Rows": 1, "Actual Loops": 1, "Plans": [{"Node Type": "Nested Loop", "Parent Relationship": "Outer", "Parallel Aware": false, "Async Capable": false, "Join Type": "Inner", "Startup Cost": 10000000001.21, "Total Cost": 10000054558.44, "Plan Rows": 3416295, "Plan Width": 0, "Actual Rows": 780683, "Actual Loops": 1, "Inner Unique": false, "Join Filter": "(c.userid = u.id)", "Rows Removed by Join Filter": 0, "Plans": [{"Node Type": "Nested Loop", "Parent Relationship": "Outer", "Parallel Aware": false, "Async Capable": false, "Join Type": "Inner", "Startup Cost": 10000000000.68, "Total Cost": 10000028548.02, "Plan Rows": 5690, "Plan Width": 8, "Actual Rows": 11630, "Actual Loops": 1, "Inner Unique": true, "Plans": [{"Node Type": "Index Scan", "Parent Relationship": "Outer", "Parallel Aware": false, "Async Capable": false, "Scan Direction": "Forward", "Index Name": "idx_posts_owneruserid", "Relation Name": "posts", "Alias": "p", "Startup Cost": 10000000000.29, "Total Cost": 10000005473.31, "Plan Rows": 5777, "Plan Width": 4, "Actual Rows": 11847, "Actual Loops": 1, "Filter": "((viewcount >= 0) AND (viewcount <= 2897) AND (commentcount >= 0) AND (commentcount <= 16) AND (favoritecount >= 0) AND (favoritecount <= 10))", "Rows Removed by Filter": 80129}, {"Node Type": "Memoize", "Parent Relationship": "Inner", "Parallel Aware": false, "Async Capable": false, "Startup Cost": 0.39, "Total Cost": 4.4, "Plan Rows": 1, "Plan Width": 4, "Actual Rows": 1, "Actual Loops": 11847, "Cache Key": "p.owneruserid", "Cache Mode": "logical", "Cache Hits": 5428, "Cache Misses": 6419, "Cache Evictions": 0, "Cache Overflows": 0, "Peak Memory Usage": 652, "Plans": [{"Node Type": "Bitmap Heap Scan", "Parent Relationship": "Outer", "Parallel Aware": false, "Async Capable": false, "Relation Name": "users", "Alias": "u", "Startup Cost": 0.38, "Total Cost": 4.39, "Plan Rows": 1, "Plan Width": 4, "Actual Rows": 1, "Actual Loops": 6419, "Recheck Cond": "(p.owneruserid = id)", "Rows Removed by Index Recheck": 0, "Exact Heap Blocks": 6418, "Lossy Heap Blocks": 0, "Plans": [{"Node Type": "Bitmap Index Scan", "Parent Relationship": "Outer", "Parallel Aware": false, "Async Capable": false, "Index Name": "users_pkey", "Startup Cost": 0.0, "Total Cost": 0.38, "Plan Rows": 1, "Plan Width": 0, "Actual Rows": 1, "Actual Loops": 6419, "Index Cond": "(id = p.owneruserid)"}]}]}]}, {"Node Type": "Memoize", "Parent Relationship": "Inner", "Parallel Aware": false, "Async Capable": false, "Startup Cost": 0.53, "Total Cost": 4.76, "Plan Rows": 13, "Plan Width": 4, "Actual Rows": 67, "Actual Loops": 11630, "Cache Key": "p.owneruserid", "Cache Mode": "logical", "Cache Hits": 5212, "Cache Misses": 6418, "Cache Evictions": 0, "Cache Overflows": 0, "Peak Memory Usage": 4795, "Plans": [{"Node Type": "Bitmap Heap Scan", "Parent Relationship": "Outer", "Parallel Aware": false, "Async Capable": false, "Relation Name": "comments", "Alias": "c", "Startup Cost": 0.52, "Total Cost": 4.75, "Plan Rows": 13, "Plan Width": 4, "Actual Rows": 19, "Actual Loops": 6418, "Recheck Cond": "(userid = p.owneruserid)", "Rows Removed by Index Recheck": 0, "Filter": "((creationdate >= '2010-08-05 00:36:02'::timestamp without time zone) AND (creationdate <= '2014-09-08 16:50:49'::timestamp without time zone))", "Rows Removed by Filter": 0, "Exact Heap Blocks": 50234, "Lossy Heap Blocks": 0, "Plans": [{"Node Type": "Bitmap Index Scan", "Parent Relationship": "Outer", "Parallel Aware": false, "Async Capable": false, "Index Name": "idx_comments_userid", "Startup Cost": 0.0, "Total Cost": 0.52, "Plan Rows": 13, "Plan Width": 0, "Actual Rows": 20, "Actual Loops": 6418, "Index Cond": "(userid = p.owneruserid)"}]}]}]}]}, "Planning Time": 1.711, "Triggers": [], "Execution Time": 381.464}, {"Plan": {"Node Type": "Aggregate", "Strategy": "Plain", "Partial Mode": "Finalize", "Parallel Aware": false, "Async Capable": false, "Startup Cost": 21583.46, "Total Cost": 21583.47, "Plan Rows": 1, "Plan Width": 8, "Actual Rows": 1, "Actual Loops": 1, "Plans": [{"Node Type": "Gather", "Parent Relationship": "Outer", "Parallel Aware": false, "Async Capable": false, "Startup Cost": 21583.35, "Total Cost": 21583.46, "Plan Rows": 1, "Plan Width": 8, "Actual Rows": 2, "Actual Loops": 1, "Workers Planned": 1, "Workers Launched": 1, "Single Copy": false, "Plans": [{"Node Type": "Aggregate", "Strategy": "Plain", "Partial Mode": "Partial", "Parent Relationship": "Outer", "Parallel Aware": false, "Async Capable": false, "Startup Cost": 20583.35, "Total Cost": 20583.36, "Plan Rows": 1, "Plan Width": 8, "Actual Rows": 1, "Actual Loops": 2, "Workers": [], "Plans": [{"Node Type": "Hash Join", "Parent Relationship": "Outer", "Parallel Aware": false, "Async Capable": false, "Join Type": "Inner", "Startup Cost": 7421.12, "Total Cost": 15559.39, "Plan Rows": 2009585, "Plan Width": 0, "Actual Rows": 390342, "Actual Loops": 2, "Inner Unique": false, "Hash Cond": "(c.userid = u.id)", "Workers": [], "Plans": [{"Node Type": "Index Scan", "Parent Relationship": "Outer", "Parallel Aware": true, "Async Capable": false, "Scan Direction": "Forward", "Index Name": "idx_comments_userid", "Relation Name": "comments", "Alias": "c", "Startup Cost": 0.29, "Total Cost": 7618.14, "Plan Rows": 101295, "Plan Width": 4, "Actual Rows": 86078, "Actual Loops": 2, "Filter": "((creationdate >= '2010-08-05 00:36:02'::timestamp without time zone) AND (creationdate <= '2014-09-08 16:50:49'::timestamp without time zone))", "Rows Removed by Filter": 1074, "Workers": []}, {"Node Type": "Hash", "Parent Relationship": "Inner", "Parallel Aware": false, "Async Capable": false, "Startup Cost": 7349.7, "Total Cost": 7349.7, "Plan Rows": 5690, "Plan Width": 8, "Actual Rows": 11630, "Actual Loops": 2, "Hash Buckets": 16384, "Original Hash Buckets": 8192, "Hash Batches": 1, "Original Hash Batches": 1, "Peak Memory Usage": 583, "Workers": [], "Plans": [{"Node Type": "Hash Join", "Parent Relationship": "Outer", "Parallel Aware": false, "Async Capable": false, "Join Type": "Inner", "Startup Cost": 1861.52, "Total Cost": 7349.7, "Plan Rows": 5690, "Plan Width": 8, "Actual Rows": 11630, "Actual Loops": 2, "Inner Unique": true, "Hash Cond": "(p.owneruserid = u.id)", "Workers": [], "Plans": [{"Node Type": "Index Scan", "Parent Relationship": "Outer", "Parallel Aware": false, "Async Capable": false, "Scan Direction": "Forward", "Index Name": "idx_posts_owneruserid", "Relation Name": "posts", "Alias": "p", "Startup Cost": 0.29, "Total Cost": 5473.31, "Plan Rows": 5777, "Plan Width": 4, "Actual Rows": 11847, "Actual Loops": 2, "Filter": "((viewcount >= 0) AND (viewcount <= 2897) AND (commentcount >= 0) AND (commentcount <= 16) AND (favoritecount >= 0) AND (favoritecount <= 10))", "Rows Removed by Filter": 80129, "Workers": []}, {"Node Type": "Hash", "Parent Relationship": "Inner", "Parallel Aware": false, "Async Capable": false, "Startup Cost": 1357.16, "Total Cost": 1357.16, "Plan Rows": 40325, "Plan Width": 4, "Actual Rows": 40325, "Actual Loops": 2, "Hash Buckets": 65536, "Original Hash Buckets": 65536, "Hash Batches": 1, "Original Hash Batches": 1, "Peak Memory Usage": 1930, "Workers": [], "Plans": [{"Node Type": "Index Scan", "Parent Relationship": "Outer", "Parallel Aware": false, "Async Capable": false, "Scan Direction": "Forward", "Index Name": "users_pkey", "Relation Name": "users", "Alias": "u", "Startup Cost": 0.29, "Total Cost": 1357.16, "Plan Rows": 40325, "Plan Width": 4, "Actual Rows": 40325, "Actual Loops": 2, "Workers": []}]}]}]}]}]}]}]}, "Planning Time": 2.06, "Triggers": [], "Execution Time": 261.231}, {"Plan": {"Node Type": "Aggregate", "Strategy": "Plain", "Partial Mode": "Finalize", "Parallel Aware": false, "Async Capable": false, "Startup Cost": 20896.14, "Total Cost": 20896.15, "Plan Rows": 1, "Plan Width": 8, "Actual Rows": 1, "Actual Loops": 1, "Plans": [{"Node Type": "Gather", "Parent Relationship": "Outer", "Parallel Aware": false, "Async Capable": false, "Startup Cost": 20896.03, "Total Cost": 20896.14, "Plan Rows": 1, "Plan Width": 8, "Actual Rows": 2, "Actual Loops": 1, "Workers Planned": 1, "Workers Launched": 1, "Single Copy": false, "Plans": [{"Node Type": "Aggregate", "Strategy": "Plain", "Partial Mode": "Partial", "Parent Relationship": "Outer", "Parallel Aware": false, "Async Capable": false, "Startup Cost": 19896.03, "Total Cost": 19896.04, "Plan Rows": 1, "Plan Width": 8, "Actual Rows": 1, "Actual Loops": 2, "Workers": [], "Plans": [{"Node Type": "Merge Join", "Parent Relationship": "Outer", "Parallel Aware": false, "Async Capable": false, "Join Type": "Inner", "Startup Cost": 0.88, "Total Cost": 14872.06, "Plan Rows": 2009585, "Plan Width": 0, "Actual Rows": 390342, "Actual Loops": 2, "Inner Unique": false, "Merge Cond": "(c.userid = u.id)", "Workers": [], "Plans": [{"Node Type": "Index Scan", "Parent Relationship": "Outer", "Parallel Aware": true, "Async Capable": false, "Scan Direction": "Forward", "Index Name": "idx_comments_userid", "Relation Name": "comments", "Alias": "c", "Startup Cost": 0.29, "Total Cost": 7618.14, "Plan Rows": 101295, "Plan Width": 4, "Actual Rows": 84724, "Actual Loops": 2, "Filter": "((creationdate >= '2010-08-05 00:36:02'::timestamp without time zone) AND (creationdate <= '2014-09-08 16:50:49'::timestamp without time zone))", "Rows Removed by Filter": 1062, "Workers": []}, {"Node Type": "Materialize", "Parent Relationship": "Inner", "Parallel Aware": false, "Async Capable": false, "Startup Cost": 0.58, "Total Cost": 6934.21, "Plan Rows": 5690, "Plan Width": 8, "Actual Rows": 396726, "Actual Loops": 2, "Workers": [], "Plans": [{"Node Type": "Merge Join", "Parent Relationship": "Outer", "Parallel Aware": false, "Async Capable": false, "Join Type": "Inner", "Startup Cost": 0.58, "Total Cost": 6919.99, "Plan Rows": 5690, "Plan Width": 8, "Actual Rows": 11607, "Actual Loops": 2, "Inner Unique": true, "Merge Cond": "(p.owneruserid = u.id)", "Workers": [], "Plans": [{"Node Type": "Index Scan", "Parent Relationship": "Outer", "Parallel Aware": false, "Async Capable": false, "Scan Direction": "Forward", "Index Name": "idx_posts_owneruserid", "Relation Name": "posts", "Alias": "p", "Startup Cost": 0.29, "Total Cost": 5473.31, "Plan Rows": 5777, "Plan Width": 4, "Actual Rows": 11607, "Actual Loops": 2, "Filter": "((viewcount >= 0) AND (viewcount <= 2897) AND (commentcount >= 0) AND (commentcount <= 16) AND (favoritecount >= 0) AND (favoritecount <= 10))", "Rows Removed by Filter": 78630, "Workers": []}, {"Node Type": "Index Scan", "Parent Relationship": "Inner", "Parallel Aware": false, "Async Capable": false, "Scan Direction": "Forward", "Index Name": "users_pkey", "Relation Name": "users", "Alias": "u", "Startup Cost": 0.29, "Total Cost": 1357.16, "Plan Rows": 40325, "Plan Width": 4, "Actual Rows": 39664, "Actual Loops": 2, "Workers": []}]}]}]}]}]}]}, "Planning Time": 2.999, "Triggers": [], "Execution Time": 259.12}, {"Plan": {"Node Type": "Aggregate", "Strategy": "Plain", "Partial Mode": "Simple", "Parallel Aware": false, "Async Capable": false, "Startup Cost": 20406.86, "Total Cost": 20406.87, "Plan Rows": 1, "Plan Width": 8, "Actual Rows": 1, "Actual Loops": 1, "Plans": [{"Node Type": "Nested Loop", "Parent Relationship": "Outer", "Parallel Aware": false, "Async Capable": false, "Join Type": "Inner", "Startup Cost": 0.88, "Total Cost": 11866.12, "Plan Rows": 3416295, "Plan Width": 0, "Actual Rows": 780683, "Actual Loops": 1, "Inner Unique": false, "Plans": [{"Node Type": "Merge Join", "Parent Relationship": "Outer", "Parallel Aware": false, "Async Capable": false, "Join Type": "Inner", "Startup Cost": 0.58, "Total Cost": 6919.99, "Plan Rows": 5690, "Plan Width": 8, "Actual Rows": 11630, "Actual Loops": 1, "Inner Unique": true, "Merge Cond": "(p.owneruserid = u.id)", "Plans": [{"Node Type": "Index Scan", "Parent Relationship": "Outer", "Parallel Aware": false, "Async Capable": false, "Scan Direction": "Forward", "Index Name": "idx_posts_owneruserid", "Relation Name": "posts", "Alias": "p", "Startup Cost": 0.29, "Total Cost": 5473.31, "Plan Rows": 5777, "Plan Width": 4, "Actual Rows": 11631, "Actual Loops": 1, "Filter": "((viewcount >= 0) AND (viewcount <= 2897) AND (commentcount >= 0) AND (commentcount <= 16) AND (favoritecount >= 0) AND (favoritecount <= 10))", "Rows Removed by Filter": 78954}, {"Node Type": "Index Scan", "Parent Relationship": "Inner", "Parallel Aware": false, "Async Capable": false, "Scan Direction": "Forward", "Index Name": "users_pkey", "Relation Name": "users", "Alias": "u", "Startup Cost": 0.29, "Total Cost": 1357.16, "Plan Rows": 40325, "Plan Width": 4, "Actual Rows": 40320, "Actual Loops": 1}]}, {"Node Type": "Index Scan", "Parent Relationship": "Inner", "Parallel Aware": false, "Async Capable": false, "Scan Direction": "Forward", "Index Name": "idx_comments_userid", "Relation Name": "comments", "Alias": "c", "Startup Cost": 0.29, "Total Cost": 0.74, "Plan Rows": 13, "Plan Width": 4, "Actual Rows": 67, "Actual Loops": 11630, "Index Cond": "(userid = u.id)", "Rows Removed by Index Recheck": 0, "Filter": "((creationdate >= '2010-08-05 00:36:02'::timestamp without time zone) AND (creationdate <= '2014-09-08 16:50:49'::timestamp without time zone))", "Rows Removed by Filter": 1}]}]}, "Planning Time": 1.741, "Triggers": [], "Execution Time": 342.234}, {"Plan": {"Node Type": "Aggregate", "Strategy": "Plain", "Partial Mode": "Simple", "Parallel Aware": false, "Async Capable": false, "Startup Cost": 20836.57, "Total Cost": 20836.58, "Plan Rows": 1, "Plan Width": 8, "Actual Rows": 1, "Actual Loops": 1, "Plans": [{"Node Type": "Nested Loop", "Parent Relationship": "Outer", "Parallel Aware": false, "Async Capable": false, "Join Type": "Inner", "Startup Cost": 1861.82, "Total Cost": 12295.83, "Plan Rows": 3416295, "Plan Width": 0, "Actual Rows": 780683, "Actual Loops": 1, "Inner Unique": false, "Plans": [{"Node Type": "Hash Join", "Parent Relationship": "Outer", "Parallel Aware": false, "Async Capable": false, "Join Type": "Inner", "Startup Cost": 1861.52, "Total Cost": 7349.7, "Plan Rows": 5690, "Plan Width": 8, "Actual Rows": 11630, "Actual Loops": 1, "Inner Unique": true, "Hash Cond": "(p.owneruserid = u.id)", "Plans": [{"Node Type": "Index Scan", "Parent Relationship": "Outer", "Parallel Aware": false, "Async Capable": false, "Scan Direction": "Forward", "Index Name": "idx_posts_owneruserid", "Relation Name": "posts", "Alias": "p", "Startup Cost": 0.29, "Total Cost": 5473.31, "Plan Rows": 5777, "Plan Width": 4, "Actual Rows": 11847, "Actual Loops": 1, "Filter": "((viewcount >= 0) AND (viewcount <= 2897) AND (commentcount >= 0) AND (commentcount <= 16) AND (favoritecount >= 0) AND (favoritecount <= 10))", "Rows Removed by Filter": 80129}, {"Node Type": "Hash", "Parent Relationship": "Inner", "Parallel Aware": false, "Async Capable": false, "Startup Cost": 1357.16, "Total Cost": 1357.16, "Plan Rows": 40325, "Plan Width": 4, "Actual Rows": 40325, "Actual Loops": 1, "Hash Buckets": 65536, "Original Hash Buckets": 65536, "Hash Batches": 1, "Original Hash Batches": 1, "Peak Memory Usage": 1930, "Plans": [{"Node Type": "Index Scan", "Parent Relationship": "Outer", "Parallel Aware": false, "Async Capable": false, "Scan Direction": "Forward", "Index Name": "users_pkey", "Relation Name": "users", "Alias": "u", "Startup Cost": 0.29, "Total Cost": 1357.16, "Plan Rows": 40325, "Plan Width": 4, "Actual Rows": 40325, "Actual Loops": 1}]}]}, {"Node Type": "Index Scan", "Parent Relationship": "Inner", "Parallel Aware": false, "Async Capable": false, "Scan Direction": "Forward", "Index Name": "idx_comments_userid", "Relation Name": "comments", "Alias": "c", "Startup Cost": 0.29, "Total Cost": 0.74, "Plan Rows": 13, "Plan Width": 4, "Actual Rows": 67, "Actual Loops": 11630, "Index Cond": "(userid = u.id)", "Rows Removed by Index Recheck": 0, "Filter": "((creationdate >= '2010-08-05 00:36:02'::timestamp without time zone) AND (creationdate <= '2014-09-08 16:50:49'::timestamp without time zone))", "Rows Removed by Filter": 1}]}]}, "Planning Time": 0.876, "Triggers": [], "Execution Time": 395.885}, {"Plan": {"Node Type": "Aggregate", "Strategy": "Plain", "Partial Mode": "Finalize", "Parallel Aware": false, "Async Capable": false, "Startup Cost": 20596.14, "Total Cost": 20596.15, "Plan Rows": 1, "Plan Width": 8, "Actual Rows": 1, "Actual Loops": 1, "Plans": [{"Node Type": "Gather", "Parent Relationship": "Outer", "Parallel Aware": false, "Async Capable": false, "Startup Cost": 20596.03, "Total Cost": 20596.14, "Plan Rows": 1, "Plan Width": 8, "Actual Rows": 2, "Actual Loops": 1, "Workers Planned": 1, "Workers Launched": 1, "Single Copy": false, "Plans": [{"Node Type": "Aggregate", "Strategy": "Plain", "Partial Mode": "Partial", "Parent Relationship": "Outer", "Parallel Aware": false, "Async Capable": false, "Startup Cost": 19596.03, "Total Cost": 19596.04, "Plan Rows": 1, "Plan Width": 8, "Actual Rows": 1, "Actual Loops": 2, "Workers": [], "Plans": [{"Node Type": "Merge Join", "Parent Relationship": "Outer", "Parallel Aware": false, "Async Capable": false, "Join Type": "Inner", "Startup Cost": 0.88, "Total Cost": 14572.06, "Plan Rows": 2009585, "Plan Width": 0, "Actual Rows": 390342, "Actual Loops": 2, "Inner Unique": false, "Merge Cond": "(c.userid = u.id)", "Workers": [], "Plans": [{"Node Type": "Index Scan", "Parent Relationship": "Outer", "Parallel Aware": true, "Async Capable": false, "Scan Direction": "Forward", "Index Name": "idx_comments_userid", "Relation Name": "comments", "Alias": "c", "Startup Cost": 0.29, "Total Cost": 7618.14, "Plan Rows": 101295, "Plan Width": 4, "Actual Rows": 84724, "Actual Loops": 2, "Filter": "((creationdate >= '2010-08-05 00:36:02'::timestamp without time zone) AND (creationdate <= '2014-09-08 16:50:49'::timestamp without time zone))", "Rows Removed by Filter": 1062, "Workers": []}, {"Node Type": "Materialize", "Parent Relationship": "Inner", "Parallel Aware": false, "Async Capable": false, "Startup Cost": 0.58, "Total Cost": 6634.21, "Plan Rows": 5690, "Plan Width": 8, "Actual Rows": 396690, "Actual Loops": 2, "Workers": [], "Plans": [{"Node Type": "Merge Join", "Parent Relationship": "Outer", "Parallel Aware": false, "Async Capable": false, "Join Type": "Inner", "Startup Cost": 0.58, "Total Cost": 6619.99, "Plan Rows": 5690, "Plan Width": 8, "Actual Rows": 11580, "Actual Loops": 2, "Inner Unique": true, "Merge Cond": "(p.owneruserid = u.id)", "Workers": [], "Plans": [{"Node Type": "Index Scan", "Parent Relationship": "Outer", "Parallel Aware": false, "Async Capable": false, "Scan Direction": "Forward", "Index Name": "idx_posts_owneruserid", "Relation Name": "posts", "Alias": "p", "Startup Cost": 0.29, "Total Cost": 5473.31, "Plan Rows": 5777, "Plan Width": 4, "Actual Rows": 11580, "Actual Loops": 2, "Filter": "((viewcount >= 0) AND (viewcount <= 2897) AND (commentcount >= 0) AND (commentcount <= 16) AND (favoritecount >= 0) AND (favoritecount <= 10))", "Rows Removed by Filter": 78319, "Workers": []}, {"Node Type": "Index Only Scan", "Parent Relationship": "Inner", "Parallel Aware": false, "Async Capable": false, "Scan Direction": "Forward", "Index Name": "users_pkey", "Relation Name": "users", "Alias": "u", "Startup Cost": 0.29, "Total Cost": 1057.16, "Plan Rows": 40325, "Plan Width": 4, "Actual Rows": 39170, "Actual Loops": 2, "Heap Fetches": 0, "Workers": []}]}]}]}]}]}]}, "Planning Time": 3.127, "Triggers": [], "Execution Time": 240.159}, {"Plan": {"Node Type": "Aggregate", "Strategy": "Plain", "Partial Mode": "Finalize", "Parallel Aware": false, "Async Capable": false, "Startup Cost": 18719.83, "Total Cost": 18719.84, "Plan Rows": 1, "Plan Width": 8, "Actual Rows": 1, "Actual Loops": 1, "Plans": [{"Node Type": "Gather", "Parent Relationship": "Outer", "Parallel Aware": false, "Async Capable": false, "Startup Cost": 18719.71, "Total Cost": 18719.82, "Plan Rows": 1, "Plan Width": 8, "Actual Rows": 2, "Actual Loops": 1, "Workers Planned": 1, "Workers Launched": 1, "Single Copy": false, "Plans": [{"Node Type": "Aggregate", "Strategy": "Plain", "Partial Mode": "Partial", "Parent Relationship": "Outer", "Parallel Aware": false, "Async Capable": false, "Startup Cost": 17719.71, "Total Cost": 17719.72, "Plan Rows": 1, "Plan Width": 8, "Actual Rows": 1, "Actual Loops": 2, "Workers": [], "Plans": [{"Node Type": "Merge Join", "Parent Relationship": "Outer", "Parallel Aware": false, "Async Capable": false, "Join Type": "Inner", "Startup Cost": 3500.93, "Total Cost": 12695.75, "Plan Rows": 2009585, "Plan Width": 0, "Actual Rows": 390342, "Actual Loops": 2, "Inner Unique": false, "Merge Cond": "(c.userid = u.id)", "Workers": [], "Plans": [{"Node Type": "Index Scan", "Parent Relationship": "Outer", "Parallel Aware": true, "Async Capable": false, "Scan Direction": "Forward", "Index Name": "idx_comments_userid", "Relation Name": "comments", "Alias": "c", "Startup Cost": 0.29, "Total Cost": 7618.14, "Plan Rows": 101295, "Plan Width": 4, "Actual Rows": 84724, "Actual Loops": 2, "Filter": "((creationdate >= '2010-08-05 00:36:02'::timestamp without time zone) AND (creationdate <= '2014-09-08 16:50:49'::timestamp without time zone))", "Rows Removed by Filter": 1062, "Workers": []}, {"Node Type": "Materialize", "Parent Relationship": "Inner", "Parallel Aware": false, "Async Capable": false, "Startup Cost": 3500.64, "Total Cost": 4757.9, "Plan Rows": 5690, "Plan Width": 8, "Actual Rows": 396742, "Actual Loops": 2, "Workers": [], "Plans": [{"Node Type": "Merge Join", "Parent Relationship": "Outer", "Parallel Aware": false, "Async Capable": false, "Join Type": "Inner", "Startup Cost": 3500.64, "Total Cost": 4743.68, "Plan Rows": 5690, "Plan Width": 8, "Actual Rows": 11607, "Actual Loops": 2, "Inner Unique": false, "Merge Cond": "(u.id = p.owneruserid)", "Workers": [], "Plans": [{"Node Type": "Index Only Scan", "Parent Relationship": "Outer", "Parallel Aware": false, "Async Capable": false, "Scan Direction": "Forward", "Index Name": "users_pkey", "Relation Name": "users", "Alias": "u", "Startup Cost": 0.29, "Total Cost": 1057.16, "Plan Rows": 40325, "Plan Width": 4, "Actual Rows": 39664, "Actual Loops": 2, "Heap Fetches": 0, "Workers": []}, {"Node Type": "Sort", "Parent Relationship": "Inner", "Parallel Aware": false, "Async Capable": false, "Startup Cost": 3500.35, "Total Cost": 3514.79, "Plan Rows": 5777, "Plan Width": 4, "Actual Rows": 11607, "Actual Loops": 2, "Sort Key": ["p.owneruserid"], "Sort Method": "quicksort", "Sort Space Used": 385, "Sort Space Type": "Memory", "Workers": [{"Worker Number": 0, "Sort Method": "quicksort", "Sort Space Used": 385, "Sort Space Type": "Memory"}], "Plans": [{"Node Type": "Seq Scan", "Parent Relationship": "Outer", "Parallel Aware": false, "Async Capable": false, "Relation Name": "posts", "Alias": "p", "Startup Cost": 0.0, "Total Cost": 3139.4, "Plan Rows": 5777, "Plan Width": 4, "Actual Rows": 11847, "Actual Loops": 2, "Filter": "((viewcount >= 0) AND (viewcount <= 2897) AND (commentcount >= 0) AND (commentcount <= 16) AND (favoritecount >= 0) AND (favoritecount <= 10))", "Rows Removed by Filter": 80129, "Workers": []}]}]}]}]}]}]}]}, "Planning Time": 3.198, "Triggers": [], "Execution Time": 168.465}, {"Plan": {"Node Type": "Aggregate", "Strategy": "Plain", "Partial Mode": "Simple", "Parallel Aware": false, "Async Capable": false, "Startup Cost": 21188.6, "Total Cost": 21188.61, "Plan Rows": 1, "Plan Width": 8, "Actual Rows": 1, "Actual Loops": 1, "Plans": [{"Node Type": "Nested Loop", "Parent Relationship": "Outer", "Parallel Aware": false, "Async Capable": false, "Join Type": "Inner", "Startup Cost": 0.88, "Total Cost": 12647.87, "Plan Rows": 3416295, "Plan Width": 0, "Actual Rows": 780683, "Actual Loops": 1, "Inner Unique": false, "Plans": [{"Node Type": "Nested Loop", "Parent Relationship": "Outer", "Parallel Aware": false, "Async Capable": false, "Join Type": "Inner", "Startup Cost": 0.58, "Total Cost": 7701.74, "Plan Rows": 5690, "Plan Width": 8, "Actual Rows": 11630, "Actual Loops": 1, "Inner Unique": true, "Plans": [{"Node Type": "Index Scan", "Parent Relationship": "Outer", "Parallel Aware": false, "Async Capable": false, "Scan Direction": "Forward", "Index Name": "idx_posts_owneruserid", "Relation Name": "posts", "Alias": "p", "Startup Cost": 0.29, "Total Cost": 5473.31, "Plan Rows": 5777, "Plan Width": 4, "Actual Rows": 11847, "Actual Loops": 1, "Filter": "((viewcount >= 0) AND (viewcount <= 2897) AND (commentcount >= 0) AND (commentcount <= 16) AND (favoritecount >= 0) AND (favoritecount <= 10))", "Rows Removed by Filter": 80129}, {"Node Type": "Index Only Scan", "Parent Relationship": "Inner", "Parallel Aware": false, "Async Capable": false, "Scan Direction": "Forward", "Index Name": "users_pkey", "Relation Name": "users", "Alias": "u", "Startup Cost": 0.29, "Total Cost": 0.39, "Plan Rows": 1, "Plan Width": 4, "Actual Rows": 1, "Actual Loops": 11847, "Index Cond": "(id = p.owneruserid)", "Rows Removed by Index Recheck": 0, "Heap Fetches": 0}]}, {"Node Type": "Index Scan", "Parent Relationship": "Inner", "Parallel Aware": false, "Async Capable": false, "Scan Direction": "Forward", "Index Name": "idx_comments_userid", "Relation Name": "comments", "Alias": "c", "Startup Cost": 0.29, "Total Cost": 0.74, "Plan Rows": 13, "Plan Width": 4, "Actual Rows": 67, "Actual Loops": 11630, "Index Cond": "(userid = u.id)", "Rows Removed by Index Recheck": 0, "Filter": "((creationdate >= '2010-08-05 00:36:02'::timestamp without time zone) AND (creationdate <= '2014-09-08 16:50:49'::timestamp without time zone))", "Rows Removed by Filter": 1}]}]}, "Planning Time": 1.259, "Triggers": [], "Execution Time": 319.997}, {"Plan": {"Node Type": "Aggregate", "Strategy": "Plain", "Partial Mode": "Simple", "Parallel Aware": false, "Async Capable": false, "Startup Cost": 18786.22, "Total Cost": 18786.23, "Plan Rows": 1, "Plan Width": 8, "Actual Rows": 1, "Actual Loops": 1, "Plans": [{"Node Type": "Nested Loop", "Parent Relationship": "Outer", "Parallel Aware": false, "Async Capable": false, "Join Type": "Inner", "Startup Cost": 0.59, "Total Cost": 10245.48, "Plan Rows": 3416295, "Plan Width": 0, "Actual Rows": 780683, "Actual Loops": 1, "Inner Unique": false, "Plans": [{"Node Type": "Nested Loop", "Parent Relationship": "Outer", "Parallel Aware": false, "Async Capable": false, "Join Type": "Inner", "Startup Cost": 0.3, "Total Cost": 5299.36, "Plan Rows": 5690, "Plan Width": 8, "Actual Rows": 11630, "Actual Loops": 1, "Inner Unique": true, "Plans": [{"Node Type": "Seq Scan", "Parent Relationship": "Outer", "Parallel Aware": false, "Async Capable": false, "Relation Name": "posts", "Alias": "p", "Startup Cost": 0.0, "Total Cost": 3139.4, "Plan Rows": 5777, "Plan Width": 4, "Actual Rows": 11847, "Actual Loops": 1, "Filter": "((viewcount >= 0) AND (viewcount <= 2897) AND (commentcount >= 0) AND (commentcount <= 16) AND (favoritecount >= 0) AND (favoritecount <= 10))", "Rows Removed by Filter": 80129}, {"Node Type": "Memoize", "Parent Relationship": "Inner", "Parallel Aware": false, "Async Capable": false, "Startup Cost": 0.3, "Total Cost": 0.4, "Plan Rows": 1, "Plan Width": 4, "Actual Rows": 1, "Actual Loops": 11847, "Cache Key": "p.owneruserid", "Cache Mode": "logical", "Cache Hits": 5428, "Cache Misses": 6419, "Cache Evictions": 0, "Cache Overflows": 0, "Peak Memory Usage": 652, "Plans": [{"Node Type": "Index Only Scan", "Parent Relationship": "Outer", "Parallel Aware": false, "Async Capable": false, "Scan Direction": "Forward", "Index Name": "users_pkey", "Relation Name": "users", "Alias": "u", "Startup Cost": 0.29, "Total Cost": 0.39, "Plan Rows": 1, "Plan Width": 4, "Actual Rows": 1, "Actual Loops": 6419, "Index Cond": "(id = p.owneruserid)", "Rows Removed by Index Recheck": 0, "Heap Fetches": 0}]}]}, {"Node Type": "Index Scan", "Parent Relationship": "Inner", "Parallel Aware": false, "Async Capable": false, "Scan Direction": "Forward", "Index Name": "idx_comments_userid", "Relation Name": "comments", "Alias": "c", "Startup Cost": 0.29, "Total Cost": 0.74, "Plan Rows": 13, "Plan Width": 4, "Actual Rows": 67, "Actual Loops": 11630, "Index Cond": "(userid = u.id)", "Rows Removed by Index Recheck": 0, "Filter": "((creationdate >= '2010-08-05 00:36:02'::timestamp without time zone) AND (creationdate <= '2014-09-08 16:50:49'::timestamp without time zone))", "Rows Removed by Filter": 1}]}]}, "Planning Time": 1.367, "Triggers": [], "Execution Time": 304.738}, {"Plan": {"Node Type": "Aggregate", "Strategy": "Plain", "Partial Mode": "Finalize", "Parallel Aware": false, "Async Capable": false, "Startup Cost": 25609.1, "Total Cost": 25609.11, "Plan Rows": 1, "Plan Width": 8, "Actual Rows": 1, "Actual Loops": 1, "Plans": [{"Node Type": "Gather", "Parent Relationship": "Outer", "Parallel Aware": false, "Async Capable": false, "Startup Cost": 25608.99, "Total Cost": 25609.1, "Plan Rows": 1, "Plan Width": 8, "Actual Rows": 2, "Actual Loops": 1, "Workers Planned": 1, "Workers Launched": 1, "Single Copy": false, "Plans": [{"Node Type": "Aggregate", "Strategy": "Plain", "Partial Mode": "Partial", "Parent Relationship": "Outer", "Parallel Aware": false, "Async Capable": false, "Startup Cost": 24608.99, "Total Cost": 24609.0, "Plan Rows": 1, "Plan Width": 8, "Actual Rows": 1, "Actual Loops": 2, "Workers": [], "Plans": [{"Node Type": "Merge Join", "Parent Relationship": "Outer", "Parallel Aware": false, "Async Capable": false, "Join Type": "Inner", "Startup Cost": 18589.09, "Total Cost": 19585.02, "Plan Rows": 2009585, "Plan Width": 0, "Actual Rows": 390342, "Actual Loops": 2, "Inner Unique": false, "Merge Cond": "(c.userid = u.id)", "Workers": [], "Plans": [{"Node Type": "Sort", "Parent Relationship": "Outer", "Parallel Aware": false, "Async Capable": false, "Startup Cost": 11303.75, "Total Cost": 11556.99, "Plan Rows": 101295, "Plan Width": 4, "Actual Rows": 84724, "Actual Loops": 2, "Sort Key": ["c.userid"], "Sort Method": "quicksort", "Sort Space Used": 6145, "Sort Space Type": "Memory", "Workers": [{"Worker Number": 0, "Sort Method": "quicksort", "Sort Space Used": 1537, "Sort Space Type": "Memory"}], "Plans": [{"Node Type": "Seq Scan", "Parent Relationship": "Outer", "Parallel Aware": true, "Async Capable": false, "Relation Name": "comments", "Alias": "c", "Startup Cost": 0.0, "Total Cost": 2881.99, "Plan Rows": 101295, "Plan Width": 4, "Actual Rows": 86078, "Actual Loops": 2, "Filter": "((creationdate >= '2010-08-05 00:36:02'::timestamp without time zone) AND (creationdate <= '2014-09-08 16:50:49'::timestamp without time zone))", "Rows Removed by Filter": 1074, "Workers": []}]}, {"Node Type": "Materialize", "Parent Relationship": "Inner", "Parallel Aware": false, "Async Capable": false, "Startup Cost": 7285.34, "Total Cost": 7586.54, "Plan Rows": 5690, "Plan Width": 8, "Actual Rows": 393924, "Actual Loops": 2, "Workers": [], "Plans": [{"Node Type": "Merge Join", "Parent Relationship": "Outer", "Parallel Aware": false, "Async Capable": false, "Join Type": "Inner", "Startup Cost": 7285.34, "Total Cost": 7572.31, "Plan Rows": 5690, "Plan Width": 8, "Actual Rows": 11617, "Actual Loops": 2, "Inner Unique": true, "Merge Cond": "(p.owneruserid = u.id)", "Workers": [], "Plans": [{"Node Type": "Sort", "Parent Relationship": "Outer", "Parallel Aware": false, "Async Capable": false, "Startup Cost": 3500.35, "Total Cost": 3514.79, "Plan Rows": 5777, "Plan Width": 4, "Actual Rows": 11617, "Actual Loops": 2, "Sort Key": ["p.owneruserid"], "Sort Method": "quicksort", "Sort Space Used": 385, "Sort Space Type": "Memory", "Workers": [{"Worker Number": 0, "Sort Method": "quicksort", "Sort Space Used": 385, "Sort Space Type": "Memory"}], "Plans": [{"Node Type": "Seq Scan", "Parent Relationship": "Outer", "Parallel Aware": false, "Async Capable": false, "Relation Name": "posts", "Alias": "p", "Startup Cost": 0.0, "Total Cost": 3139.4, "Plan Rows": 5777, "Plan Width": 4, "Actual Rows": 11847, "Actual Loops": 2, "Filter": "((viewcount >= 0) AND (viewcount <= 2897) AND (commentcount >= 0) AND (commentcount <= 16) AND (favoritecount >= 0) AND (favoritecount <= 10))", "Rows Removed by Filter": 80129, "Workers": []}]}, {"Node Type": "Sort", "Parent Relationship": "Inner", "Parallel Aware": false, "Async Capable": false, "Startup Cost": 3784.99, "Total Cost": 3885.8, "Plan Rows": 40325, "Plan Width": 4, "Actual Rows": 39970, "Actual Loops": 2, "Sort Key": ["u.id"], "Sort Method": "quicksort", "Sort Space Used": 1537, "Sort Space Type": "Memory", "Workers": [{"Worker Number": 0, "Sort Method": "quicksort", "Sort Space Used": 1537, "Sort Space Type": "Memory"}], "Plans": [{"Node Type": "Seq Scan", "Parent Relationship": "Outer", "Parallel Aware": false, "Async Capable": false, "Relation Name": "users", "Alias": "u", "Startup Cost": 0.0, "Total Cost": 700.25, "Plan Rows": 40325, "Plan Width": 4, "Actual Rows": 40325, "Actual Loops": 2, "Workers": []}]}]}]}]}]}]}]}, "Planning Time": 1.336, "Triggers": [], "Execution Time": 118.538}, {"Plan": {"Node Type": "Aggregate", "Strategy": "Plain", "Partial Mode": "Simple", "Parallel Aware": false, "Async Capable": false, "Startup Cost": 60765.26, "Total Cost": 60765.27, "Plan Rows": 1, "Plan Width": 8, "Actual Rows": 1, "Actual Loops": 1, "Plans": [{"Node Type": "Nested Loop", "Parent Relationship": "Outer", "Parallel Aware": false, "Async Capable": false, "Join Type": "Inner", "Startup Cost": 0.92, "Total Cost": 52224.53, "Plan Rows": 3416295, "Plan Width": 0, "Actual Rows": 780683, "Actual Loops": 1, "Inner Unique": false, "Join Filter": "(c.userid = u.id)", "Rows Removed by Join Filter": 0, "Plans": [{"Node Type": "Nested Loop", "Parent Relationship": "Outer", "Parallel Aware": false, "Async Capable": false, "Join Type": "Inner", "Startup Cost": 0.39, "Total Cost": 26214.11, "Plan Rows": 5690, "Plan Width": 8, "Actual Rows": 11630, "Actual Loops": 1, "Inner Unique": true, "Plans": [{"Node Type": "Seq Scan", "Parent Relationship": "Outer", "Parallel Aware": false, "Async Capable": false, "Relation Name": "posts", "Alias": "p", "Startup Cost": 0.0, "Total Cost": 3139.4, "Plan Rows": 5777, "Plan Width": 4, "Actual Rows": 11847, "Actual Loops": 1, "Filter": "((viewcount >= 0) AND (viewcount <= 2897) AND (commentcount >= 0) AND (commentcount <= 16) AND (favoritecount >= 0) AND (favoritecount <= 10))", "Rows Removed by Filter": 80129}, {"Node Type": "Memoize", "Parent Relationship": "Inner", "Parallel Aware": false, "Async Capable": false, "Startup Cost": 0.39, "Total Cost": 4.4, "Plan Rows": 1, "Plan Width": 4, "Actual Rows": 1, "Actual Loops": 11847, "Cache Key": "p.owneruserid", "Cache Mode": "logical", "Cache Hits": 5428, "Cache Misses": 6419, "Cache Evictions": 0, "Cache Overflows": 0, "Peak Memory Usage": 652, "Plans": [{"Node Type": "Bitmap Heap Scan", "Parent Relationship": "Outer", "Parallel Aware": false, "Async Capable": false, "Relation Name": "users", "Alias": "u", "Startup Cost": 0.38, "Total Cost": 4.39, "Plan Rows": 1, "Plan Width": 4, "Actual Rows": 1, "Actual Loops": 6419, "Recheck Cond": "(p.owneruserid = id)", "Rows Removed by Index Recheck": 0, "Exact Heap Blocks": 6418, "Lossy Heap Blocks": 0, "Plans": [{"Node Type": "Bitmap Index Scan", "Parent Relationship": "Outer", "Parallel Aware": false, "Async Capable": false, "Index Name": "users_pkey", "Startup Cost": 0.0, "Total Cost": 0.38, "Plan Rows": 1, "Plan Width": 0, "Actual Rows": 1, "Actual Loops": 6419, "Index Cond": "(id = p.owneruserid)"}]}]}]}, {"Node Type": "Memoize", "Parent Relationship": "Inner", "Parallel Aware": false, "Async Capable": false, "Startup Cost": 0.53, "Total Cost": 4.76, "Plan Rows": 13, "Plan Width": 4, "Actual Rows": 67, "Actual Loops": 11630, "Cache Key": "p.owneruserid", "Cache Mode": "logical", "Cache Hits": 5212, "Cache Misses": 6418, "Cache Evictions": 0, "Cache Overflows": 0, "Peak Memory Usage": 4795, "Plans": [{"Node Type": "Bitmap Heap Scan", "Parent Relationship": "Outer", "Parallel Aware": false, "Async Capable": false, "Relation Name": "comments", "Alias": "c", "Startup Cost": 0.52, "Total Cost": 4.75, "Plan Rows": 13, "Plan Width": 4, "Actual Rows": 19, "Actual Loops": 6418, "Recheck Cond": "(userid = p.owneruserid)", "Rows Removed by Index Recheck": 0, "Filter": "((creationdate >= '2010-08-05 00:36:02'::timestamp without time zone) AND (creationdate <= '2014-09-08 16:50:49'::timestamp without time zone))", "Rows Removed by Filter": 0, "Exact Heap Blocks": 50234, "Lossy Heap Blocks": 0, "Plans": [{"Node Type": "Bitmap Index Scan", "Parent Relationship": "Outer", "Parallel Aware": false, "Async Capable": false, "Index Name": "idx_comments_userid", "Startup Cost": 0.0, "Total Cost": 0.52, "Plan Rows": 13, "Plan Width": 0, "Actual Rows": 20, "Actual Loops": 6418, "Index Cond": "(userid = p.owneruserid)"}]}]}]}]}, "Planning Time": 1.337, "Triggers": [], "Execution Time": 342.109}, {"Plan": {"Node Type": "Aggregate", "Strategy": "Plain", "Partial Mode": "Simple", "Parallel Aware": false, "Async Capable": false, "Startup Cost": 18530.54, "Total Cost": 18530.55, "Plan Rows": 1, "Plan Width": 8, "Actual Rows": 1, "Actual Loops": 1, "Plans": [{"Node Type": "Nested Loop", "Parent Relationship": "Outer", "Parallel Aware": false, "Async Capable": false, "Join Type": "Inner", "Startup Cost": 3500.93, "Total Cost": 9989.81, "Plan Rows": 3416295, "Plan Width": 0, "Actual Rows": 780683, "Actual Loops": 1, "Inner Unique": false, "Plans": [{"Node Type": "Merge Join", "Parent Relationship": "Outer", "Parallel Aware": false, "Async Capable": false, "Join Type": "Inner", "Startup Cost": 3500.64, "Total Cost": 5043.68, "Plan Rows": 5690, "Plan Width": 8, "Actual Rows": 11630, "Actual Loops": 1, "Inner Unique": false, "Merge Cond": "(u.id = p.owneruserid)", "Plans": [{"Node Type": "Index Scan", "Parent Relationship": "Outer", "Parallel Aware": false, "Async Capable": false, "Scan Direction": "Forward", "Index Name": "users_pkey", "Relation Name": "users", "Alias": "u", "Startup Cost": 0.29, "Total Cost": 1357.16, "Plan Rows": 40325, "Plan Width": 4, "Actual Rows": 40321, "Actual Loops": 1}, {"Node Type": "Sort", "Parent Relationship": "Inner", "Parallel Aware": false, "Async Capable": false, "Startup Cost": 3500.35, "Total Cost": 3514.79, "Plan Rows": 5777, "Plan Width": 4, "Actual Rows": 11631, "Actual Loops": 1, "Sort Key": ["p.owneruserid"], "Sort Method": "quicksort", "Sort Space Used": 385, "Sort Space Type": "Memory", "Plans": [{"Node Type": "Seq Scan", "Parent Relationship": "Outer", "Parallel Aware": false, "Async Capable": false, "Relation Name": "posts", "Alias": "p", "Startup Cost": 0.0, "Total Cost": 3139.4, "Plan Rows": 5777, "Plan Width": 4, "Actual Rows": 11847, "Actual Loops": 1, "Filter": "((viewcount >= 0) AND (viewcount <= 2897) AND (commentcount >= 0) AND (commentcount <= 16) AND (favoritecount >= 0) AND (favoritecount <= 10))", "Rows Removed by Filter": 80129}]}]}, {"Node Type": "Index Scan", "Parent Relationship": "Inner", "Parallel Aware": false, "Async Capable": false, "Scan Direction": "Forward", "Index Name": "idx_comments_userid", "Relation Name": "comments", "Alias": "c", "Startup Cost": 0.29, "Total Cost": 0.74, "Plan Rows": 13, "Plan Width": 4, "Actual Rows": 67, "Actual Loops": 11630, "Index Cond": "(userid = u.id)", "Rows Removed by Index Recheck": 0, "Filter": "((creationdate >= '2010-08-05 00:36:02'::timestamp without time zone) AND (creationdate <= '2014-09-08 16:50:49'::timestamp without time zone))", "Rows Removed by Filter": 1}]}]}, "Planning Time": 1.772, "Triggers": [], "Execution Time": 259.914}, {"Plan": {"Node Type": "Aggregate", "Strategy": "Plain", "Partial Mode": "Finalize", "Parallel Aware": false, "Async Capable": false, "Startup Cost": 19019.83, "Total Cost": 19019.84, "Plan Rows": 1, "Plan Width": 8, "Actual Rows": 1, "Actual Loops": 1, "Plans": [{"Node Type": "Gather", "Parent Relationship": "Outer", "Parallel Aware": false, "Async Capable": false, "Startup Cost": 19019.71, "Total Cost": 19019.82, "Plan Rows": 1, "Plan Width": 8, "Actual Rows": 2, "Actual Loops": 1, "Workers Planned": 1, "Workers Launched": 1, "Single Copy": false, "Plans": [{"Node Type": "Aggregate", "Strategy": "Plain", "Partial Mode": "Partial", "Parent Relationship": "Outer", "Parallel Aware": false, "Async Capable": false, "Startup Cost": 18019.71, "Total Cost": 18019.72, "Plan Rows": 1, "Plan Width": 8, "Actual Rows": 1, "Actual Loops": 2, "Workers": [], "Plans": [{"Node Type": "Merge Join", "Parent Relationship": "Outer", "Parallel Aware": false, "Async Capable": false, "Join Type": "Inner", "Startup Cost": 3500.93, "Total Cost": 12995.75, "Plan Rows": 2009585, "Plan Width": 0, "Actual Rows": 390342, "Actual Loops": 2, "Inner Unique": false, "Merge Cond": "(c.userid = u.id)", "Workers": [], "Plans": [{"Node Type": "Index Scan", "Parent Relationship": "Outer", "Parallel Aware": true, "Async Capable": false, "Scan Direction": "Forward", "Index Name": "idx_comments_userid", "Relation Name": "comments", "Alias": "c", "Startup Cost": 0.29, "Total Cost": 7618.14, "Plan Rows": 101295, "Plan Width": 4, "Actual Rows": 84724, "Actual Loops": 2, "Filter": "((creationdate >= '2010-08-05 00:36:02'::timestamp without time zone) AND (creationdate <= '2014-09-08 16:50:49'::timestamp without time zone))", "Rows Removed by Filter": 1062, "Workers": []}, {"Node Type": "Materialize", "Parent Relationship": "Inner", "Parallel Aware": false, "Async Capable": false, "Startup Cost": 3500.64, "Total Cost": 5057.9, "Plan Rows": 5690, "Plan Width": 8, "Actual Rows": 396718, "Actual Loops": 2, "Workers": [], "Plans": [{"Node Type": "Merge Join", "Parent Relationship": "Outer", "Parallel Aware": false, "Async Capable": false, "Join Type": "Inner", "Startup Cost": 3500.64, "Total Cost": 5043.68, "Plan Rows": 5690, "Plan Width": 8, "Actual Rows": 11580, "Actual Loops": 2, "Inner Unique": false, "Merge Cond": "(u.id = p.owneruserid)", "Workers": [], "Plans": [{"Node Type": "Index Scan", "Parent Relationship": "Outer", "Parallel Aware": false, "Async Capable": false, "Scan Direction": "Forward", "Index Name": "users_pkey", "Relation Name": "users", "Alias": "u", "Startup Cost": 0.29, "Total Cost": 1357.16, "Plan Rows": 40325, "Plan Width": 4, "Actual Rows": 39170, "Actual Loops": 2, "Workers": []}, {"Node Type": "Sort", "Parent Relationship": "Inner", "Parallel Aware": false, "Async Capable": false, "Startup Cost": 3500.35, "Total Cost": 3514.79, "Plan Rows": 5777, "Plan Width": 4, "Actual Rows": 11580, "Actual Loops": 2, "Sort Key": ["p.owneruserid"], "Sort Method": "quicksort", "Sort Space Used": 385, "Sort Space Type": "Memory", "Workers": [{"Worker Number": 0, "Sort Method": "quicksort", "Sort Space Used": 385, "Sort Space Type": "Memory"}], "Plans": [{"Node Type": "Seq Scan", "Parent Relationship": "Outer", "Parallel Aware": false, "Async Capable": false, "Relation Name": "posts", "Alias": "p", "Startup Cost": 0.0, "Total Cost": 3139.4, "Plan Rows": 5777, "Plan Width": 4, "Actual Rows": 11847, "Actual Loops": 2, "Filter": "((viewcount >= 0) AND (viewcount <= 2897) AND (commentcount >= 0) AND (commentcount <= 16) AND (favoritecount >= 0) AND (favoritecount <= 10))", "Rows Removed by Filter": 80129, "Workers": []}]}]}]}]}]}]}]}, "Planning Time": 2.306, "Triggers": [], "Execution Time": 174.438}, {"Plan": {"Node Type": "Aggregate", "Strategy": "Plain", "Partial Mode": "Simple", "Parallel Aware": false, "Async Capable": false, "Startup Cost": 22194.64, "Total Cost": 22194.65, "Plan Rows": 1, "Plan Width": 8, "Actual Rows": 1, "Actual Loops": 1, "Plans": [{"Node Type": "Nested Loop", "Parent Relationship": "Outer", "Parallel Aware": false, "Async Capable": false, "Join Type": "Inner", "Startup Cost": 0.89, "Total Cost": 13653.9, "Plan Rows": 3416295, "Plan Width": 0, "Actual Rows": 780683, "Actual Loops": 1, "Inner Unique": false, "Plans": [{"Node Type": "Nested Loop", "Parent Relationship": "Outer", "Parallel Aware": false, "Async Capable": false, "Join Type": "Inner", "Startup Cost": 0.59, "Total Cost": 8707.77, "Plan Rows": 5690, "Plan Width": 8, "Actual Rows": 11630, "Actual Loops": 1, "Inner Unique": true, "Plans": [{"Node Type": "Index Scan", "Parent Relationship": "Outer", "Parallel Aware": false, "Async Capable": false, "Scan Direction": "Forward", "Index Name": "idx_posts_owneruserid", "Relation Name": "posts", "Alias": "p", "Startup Cost": 0.29, "Total Cost": 5473.31, "Plan Rows": 5777, "Plan Width": 4, "Actual Rows": 11847, "Actual Loops": 1, "Filter": "((viewcount >= 0) AND (viewcount <= 2897) AND (commentcount >= 0) AND (commentcount <= 16) AND (favoritecount >= 0) AND (favoritecount <= 10))", "Rows Removed by Filter": 80129}, {"Node Type": "Memoize", "Parent Relationship": "Inner", "Parallel Aware": false, "Async Capable": false, "Startup Cost": 0.3, "Total Cost": 0.6, "Plan Rows": 1, "Plan Width": 4, "Actual Rows": 1, "Actual Loops": 11847, "Cache Key": "p.owneruserid", "Cache Mode": "logical", "Cache Hits": 5428, "Cache Misses": 6419, "Cache Evictions": 0, "Cache Overflows": 0, "Peak Memory Usage": 652, "Plans": [{"Node Type": "Index Scan", "Parent Relationship": "Outer", "Parallel Aware": false, "Async Capable": false, "Scan Direction": "Forward", "Index Name": "users_pkey", "Relation Name": "users", "Alias": "u", "Startup Cost": 0.29, "Total Cost": 0.59, "Plan Rows": 1, "Plan Width": 4, "Actual Rows": 1, "Actual Loops": 6419, "Index Cond": "(id = p.owneruserid)", "Rows Removed by Index Recheck": 0}]}]}, {"Node Type": "Index Scan", "Parent Relationship": "Inner", "Parallel Aware": false, "Async Capable": false, "Scan Direction": "Forward", "Index Name": "idx_comments_userid", "Relation Name": "comments", "Alias": "c", "Startup Cost": 0.29, "Total Cost": 0.74, "Plan Rows": 13, "Plan Width": 4, "Actual Rows": 67, "Actual Loops": 11630, "Index Cond": "(userid = u.id)", "Rows Removed by Index Recheck": 0, "Filter": "((creationdate >= '2010-08-05 00:36:02'::timestamp without time zone) AND (creationdate <= '2014-09-08 16:50:49'::timestamp without time zone))", "Rows Removed by Filter": 1}]}]}, "Planning Time": 1.245, "Triggers": [], "Execution Time": 357.864}, {"Plan": {"Node Type": "Aggregate", "Strategy": "Plain", "Partial Mode": "Simple", "Parallel Aware": false, "Async Capable": false, "Startup Cost": 19860.73, "Total Cost": 19860.74, "Plan Rows": 1, "Plan Width": 8, "Actual Rows": 1, "Actual Loops": 1, "Plans": [{"Node Type": "Nested Loop", "Parent Relationship": "Outer", "Parallel Aware": false, "Async Capable": false, "Join Type": "Inner", "Startup Cost": 0.59, "Total Cost": 11319.99, "Plan Rows": 3416295, "Plan Width": 0, "Actual Rows": 780683, "Actual Loops": 1, "Inner Unique": false, "Plans": [{"Node Type": "Nested Loop", "Parent Relationship": "Outer", "Parallel Aware": false, "Async Capable": false, "Join Type": "Inner", "Startup Cost": 0.3, "Total Cost": 6373.86, "Plan Rows": 5690, "Plan Width": 8, "Actual Rows": 11630, "Actual Loops": 1, "Inner Unique": true, "Plans": [{"Node Type": "Seq Scan", "Parent Relationship": "Outer", "Parallel Aware": false, "Async Capable": false, "Relation Name": "posts", "Alias": "p", "Startup Cost": 0.0, "Total Cost": 3139.4, "Plan Rows": 5777, "Plan Width": 4, "Actual Rows": 11847, "Actual Loops": 1, "Filter": "((viewcount >= 0) AND (viewcount <= 2897) AND (commentcount >= 0) AND (commentcount <= 16) AND (favoritecount >= 0) AND (favoritecount <= 10))", "Rows Removed by Filter": 80129}, {"Node Type": "Memoize", "Parent Relationship": "Inner", "Parallel Aware": false, "Async Capable": false, "Startup Cost": 0.3, "Total Cost": 0.6, "Plan Rows": 1, "Plan Width": 4, "Actual Rows": 1, "Actual Loops": 11847, "Cache Key": "p.owneruserid", "Cache Mode": "logical", "Cache Hits": 5428, "Cache Misses": 6419, "Cache Evictions": 0, "Cache Overflows": 0, "Peak Memory Usage": 652, "Plans": [{"Node Type": "Index Scan", "Parent Relationship": "Outer", "Parallel Aware": false, "Async Capable": false, "Scan Direction": "Forward", "Index Name": "users_pkey", "Relation Name": "users", "Alias": "u", "Startup Cost": 0.29, "Total Cost": 0.59, "Plan Rows": 1, "Plan Width": 4, "Actual Rows": 1, "Actual Loops": 6419, "Index Cond": "(id = p.owneruserid)", "Rows Removed by Index Recheck": 0}]}]}, {"Node Type": "Index Scan", "Parent Relationship": "Inner", "Parallel Aware": false, "Async Capable": false, "Scan Direction": "Forward", "Index Name": "idx_comments_userid", "Relation Name": "comments", "Alias": "c", "Startup Cost": 0.29, "Total Cost": 0.74, "Plan Rows": 13, "Plan Width": 4, "Actual Rows": 67, "Actual Loops": 11630, "Index Cond": "(userid = u.id)", "Rows Removed by Index Recheck": 0, "Filter": "((creationdate >= '2010-08-05 00:36:02'::timestamp without time zone) AND (creationdate <= '2014-09-08 16:50:49'::timestamp without time zone))", "Rows Removed by Filter": 1}]}]}, "Planning Time": 1.317, "Triggers": [], "Execution Time": 308.715}]