[{"Plan": {"Node Type": "Aggregate", "Strategy": "Plain", "Partial Mode": "Finalize", "Parallel Aware": false, "Async Capable": false, "Startup Cost": 17478.35, "Total Cost": 17478.36, "Plan Rows": 1, "Plan Width": 8, "Actual Rows": 1, "Actual Loops": 1, "Plans": [{"Node Type": "Gather", "Parent Relationship": "Outer", "Parallel Aware": false, "Async Capable": false, "Startup Cost": 17478.23, "Total Cost": 17478.34, "Plan Rows": 1, "Plan Width": 8, "Actual Rows": 2, "Actual Loops": 1, "Workers Planned": 1, "Workers Launched": 1, "Single Copy": false, "Plans": [{"Node Type": "Aggregate", "Strategy": "Plain", "Partial Mode": "Partial", "Parent Relationship": "Outer", "Parallel Aware": false, "Async Capable": false, "Startup Cost": 16478.23, "Total Cost": 16478.24, "Plan Rows": 1, "Plan Width": 8, "Actual Rows": 1, "Actual Loops": 2, "Workers": [], "Plans": [{"Node Type": "Hash Join", "Parent Relationship": "Outer", "Parallel Aware": true, "Async Capable": false, "Join Type": "Inner", "Startup Cost": 9488.97, "Total Cost": 16185.8, "Plan Rows": 116972, "Plan Width": 0, "Actual Rows": 277151, "Actual Loops": 2, "Inner Unique": false, "Hash Cond": "(v.postid = p.id)", "Workers": [], "Plans": [{"Node Type": "Seq Scan", "Parent Relationship": "Outer", "Parallel Aware": true, "Async Capable": false, "Relation Name": "votes", "Alias": "v", "Startup Cost": 0.0, "Total Cost": 5054.68, "Plan Rows": 190819, "Plan Width": 4, "Actual Rows": 162328, "Actual Loops": 2, "Filter": "((creationdate >= '2010-07-20 00:00:00'::timestamp without time zone) AND (creationdate <= '2014-09-03 00:00:00'::timestamp without time zone))", "Rows Removed by Filter": 1704, "Workers": []}, {"Node Type": "Hash", "Parent Relationship": "Inner", "Parallel Aware": true, "Async Capable": false, "Startup Cost": 9074.4, "Total Cost": 9074.4, "Plan Rows": 33165, "Plan Width": 8, "Actual Rows": 83666, "Actual Loops": 2, "Hash Buckets": 262144, "Original Hash Buckets": 65536, "Hash Batches": 1, "Original Hash Batches": 1, "Peak Memory Usage": 10176, "Workers": [], "Plans": [{"Node Type": "Hash Join", "Parent Relationship": "Outer", "Parallel Aware": false, "Async Capable": false, "Join Type": "Inner", "Startup Cost": 4067.62, "Total Cost": 9074.4, "Plan Rows": 33165, "Plan Width": 8, "Actual Rows": 83666, "Actual Loops": 2, "Inner Unique": true, "Hash Cond": "(p.owneruserid = u.id)", "Workers": [], "Plans": [{"Node Type": "Hash Join", "Parent Relationship": "Outer", "Parallel Aware": false, "Async Capable": false, "Join Type": "Inner", "Startup Cost": 2695.97, "Total Cost": 7607.89, "Plan Rows": 36133, "Plan Width": 12, "Actual Rows": 100401, "Actual Loops": 2, "Inner Unique": true, "Hash Cond": "(ph.postid = p.id)", "Workers": [], "Plans": [{"Node Type": "Seq Scan", "Parent Relationship": "Outer", "Parallel Aware": true, "Async Capable": false, "Relation Name": "posthistory", "Alias": "ph", "Startup Cost": 0.0, "Total Cost": 4469.32, "Plan Rows": 168605, "Plan Width": 4, "Actual Rows": 143258, "Actual Loops": 2, "Filter": "(creationdate <= '2014-07-28 13:25:35'::timestamp without time zone)", "Rows Removed by Filter": 8336, "Workers": []}, {"Node Type": "Hash", "Parent Relationship": "Inner", "Parallel Aware": false, "Async Capable": false, "Startup Cost": 2449.58, "Total Cost": 2449.58, "Plan Rows": 19711, "Plan Width": 8, "Actual Rows": 42238, "Actual Loops": 2, "Hash Buckets": 65536, "Original Hash Buckets": 32768, "Hash Batches": 1, "Original Hash Batches": 1, "Peak Memory Usage": 2160, "Workers": [], "Plans": [{"Node Type": "Seq Scan", "Parent Relationship": "Outer", "Parallel Aware": false, "Async Capable": false, "Relation Name": "posts", "Alias": "p", "Startup Cost": 0.0, "Total Cost": 2449.58, "Plan Rows": 19711, "Plan Width": 8, "Actual Rows": 42238, "Actual Loops": 2, "Filter": "((answercount >= 0) AND (answercount <= 4) AND (posttypeid = 1))", "Rows Removed by Filter": 49738, "Workers": []}]}]}, {"Node Type": "Hash", "Parent Relationship": "Inner", "Parallel Aware": false, "Async Capable": false, "Startup Cost": 901.88, "Total Cost": 901.88, "Plan Rows": 37582, "Plan Width": 4, "Actual Rows": 37542, "Actual Loops": 2, "Hash Buckets": 65536, "Original Hash Buckets": 65536, "Hash Batches": 1, "Original Hash Batches": 1, "Peak Memory Usage": 1832, "Workers": [], "Plans": [{"Node Type": "Seq Scan", "Parent Relationship": "Outer", "Parallel Aware": false, "Async Capable": false, "Relation Name": "users", "Alias": "u", "Startup Cost": 0.0, "Total Cost": 901.88, "Plan Rows": 37582, "Plan Width": 4, "Actual Rows": 37542, "Actual Loops": 2, "Filter": "((creationdate <= '2014-08-08 07:03:29'::timestamp without time zone) AND (downvotes = 0))", "Rows Removed by Filter": 2783, "Workers": []}]}]}]}]}]}]}]}, "Planning Time": 4.704, "Triggers": [], "Execution Time": 310.748}, {"Plan": {"Node Type": "Aggregate", "Strategy": "Plain", "Partial Mode": "Simple", "Parallel Aware": false, "Async Capable": false, "Startup Cost": 40000164932.53, "Total Cost": 40000164932.54, "Plan Rows": 1, "Plan Width": 8, "Actual Rows": 1, "Actual Loops": 1, "Plans": [{"Node Type": "Hash Join", "Parent Relationship": "Outer", "Parallel Aware": false, "Async Capable": false, "Join Type": "Inner", "Startup Cost": 40000150824.39, "Total Cost": 40000164435.4, "Plan Rows": 198853, "Plan Width": 0, "Actual Rows": 554302, "Actual Loops": 1, "Inner Unique": false, "Hash Cond": "(ph.postid = p.id)", "Plans": [{"Node Type": "Index Scan", "Parent Relationship": "Outer", "Parallel Aware": false, "Async Capable": false, "Scan Direction": "Forward", "Index Name": "idx_posthistory_postid", "Relation Name": "posthistory", "Alias": "ph", "Startup Cost": 10000000000.42, "Total Cost": 10000009831.47, "Plan Rows": 286628, "Plan Width": 4, "Actual Rows": 286515, "Actual Loops": 1, "Filter": "(creationdate <= '2014-07-28 13:25:35'::timestamp without time zone)", "Rows Removed by Filter": 16672}, {"Node Type": "Hash", "Parent Relationship": "Inner", "Parallel Aware": false, "Async Capable": false, "Startup Cost": 30000150026.35, "Total Cost": 30000150026.35, "Plan Rows": 63810, "Plan Width": 8, "Actual Rows": 96144, "Actual Loops": 1, "Hash Buckets": 131072, "Original Hash Buckets": 65536, "Hash Batches": 1, "Original Hash Batches": 1, "Peak Memory Usage": 4780, "Plans": [{"Node Type": "Nested Loop", "Parent Relationship": "Outer", "Parallel Aware": false, "Async Capable": false, "Join Type": "Inner", "Startup Cost": 30000000001.18, "Total Cost": 30000150026.35, "Plan Rows": 63810, "Plan Width": 8, "Actual Rows": 96144, "Actual Loops": 1, "Inner Unique": false, "Plans": [{"Node Type": "Nested Loop", "Parent Relationship": "Outer", "Parallel Aware": false, "Async Capable": false, "Join Type": "Inner", "Startup Cost": 20000000000.62, "Total Cost": 20000065023.08, "Plan Rows": 18092, "Plan Width": 4, "Actual Rows": 34830, "Actual Loops": 1, "Inner Unique": true, "Plans": [{"Node Type": "Index Scan", "Parent Relationship": "Outer", "Parallel Aware": false, "Async Capable": false, "Scan Direction": "Forward", "Index Name": "posts_pkey", "Relation Name": "posts", "Alias": "p", "Startup Cost": 10000000000.29, "Total Cost": 10000003928.99, "Plan Rows": 19711, "Plan Width": 8, "Actual Rows": 42238, "Actual Loops": 1, "Filter": "((answercount >= 0) AND (answercount <= 4) AND (posttypeid = 1))", "Rows Removed by Filter": 49738}, {"Node Type": "Memoize", "Parent Relationship": "Inner", "Parallel Aware": false, "Async Capable": false, "Startup Cost": 0.33, "Total Cost": 4.35, "Plan Rows": 1, "Plan Width": 4, "Actual Rows": 1, "Actual Loops": 42238, "Cache Key": "p.owneruserid", "Cache Mode": "logical", "Cache Hits": 23506, "Cache Misses": 18732, "Cache Evictions": 0, "Cache Overflows": 0, "Peak Memory Usage": 1855, "Plans": [{"Node Type": "Bitmap Heap Scan", "Parent Relationship": "Outer", "Parallel Aware": false, "Async Capable": false, "Relation Name": "users", "Alias": "u", "Startup Cost": 0.32, "Total Cost": 4.34, "Plan Rows": 1, "Plan Width": 4, "Actual Rows": 1, "Actual Loops": 18732, "Recheck Cond": "(p.owneruserid = id)", "Rows Removed by Index Recheck": 0, "Filter": "((creationdate <= '2014-08-08 07:03:29'::timestamp without time zone) AND (downvotes = 0))", "Rows Removed by Filter": 0, "Exact Heap Blocks": 18731, "Lossy Heap Blocks": 0, "Plans": [{"Node Type": "Bitmap Index Scan", "Parent Relationship": "Outer", "Parallel Aware": false, "Async Capable": false, "Index Name": "users_pkey", "Startup Cost": 0.0, "Total Cost": 0.32, "Plan Rows": 1, "Plan Width": 0, "Actual Rows": 1, "Actual Loops": 18732, "Index Cond": "(id = p.owneruserid)"}]}]}]}, {"Node Type": "Bitmap Heap Scan", "Parent Relationship": "Inner", "Parallel Aware": false, "Async Capable": false, "Relation Name": "votes", "Alias": "v", "Startup Cost": 0.56, "Total Cost": 4.65, "Plan Rows": 5, "Plan Width": 4, "Actual Rows": 3, "Actual Loops": 34830, "Recheck Cond": "(p.id = postid)", "Rows Removed by Index Recheck": 0, "Filter": "((creationdate >= '2010-07-20 00:00:00'::timestamp without time zone) AND (creationdate <= '2014-09-03 00:00:00'::timestamp without time zone))", "Rows Removed by Filter": 0, "Exact Heap Blocks": 64204, "Lossy Heap Blocks": 0, "Plans": [{"Node Type": "Bitmap Index Scan", "Parent Relationship": "Outer", "Parallel Aware": false, "Async Capable": false, "Index Name": "idx_votes_postid", "Startup Cost": 0.0, "Total Cost": 0.56, "Plan Rows": 5, "Plan Width": 0, "Actual Rows": 3, "Actual Loops": 34830, "Index Cond": "(postid = p.id)"}]}]}]}]}]}, "Planning Time": 1.619, "Triggers": [], "Execution Time": 723.433}, {"Plan": {"Node Type": "Aggregate", "Strategy": "Plain", "Partial Mode": "Finalize", "Parallel Aware": false, "Async Capable": false, "Startup Cost": 29949.93, "Total Cost": 29949.94, "Plan Rows": 1, "Plan Width": 8, "Actual Rows": 1, "Actual Loops": 1, "Plans": [{"Node Type": "Gather", "Parent Relationship": "Outer", "Parallel Aware": false, "Async Capable": false, "Startup Cost": 29949.81, "Total Cost": 29949.92, "Plan Rows": 1, "Plan Width": 8, "Actual Rows": 2, "Actual Loops": 1, "Workers Planned": 1, "Workers Launched": 1, "Single Copy": false, "Plans": [{"Node Type": "Aggregate", "Strategy": "Plain", "Partial Mode": "Partial", "Parent Relationship": "Outer", "Parallel Aware": false, "Async Capable": false, "Startup Cost": 28949.81, "Total Cost": 28949.82, "Plan Rows": 1, "Plan Width": 8, "Actual Rows": 1, "Actual Loops": 2, "Workers": [], "Plans": [{"Node Type": "Hash Join", "Parent Relationship": "Outer", "Parallel Aware": true, "Async Capable": false, "Join Type": "Inner", "Startup Cost": 15427.35, "Total Cost": 28657.38, "Plan Rows": 116972, "Plan Width": 0, "Actual Rows": 277151, "Actual Loops": 2, "Inner Unique": false, "Hash Cond": "(v.postid = p.id)", "Workers": [], "Plans": [{"Node Type": "Index Scan", "Parent Relationship": "Outer", "Parallel Aware": true, "Async Capable": false, "Scan Direction": "Forward", "Index Name": "idx_votes_postid", "Relation Name": "votes", "Alias": "v", "Startup Cost": 0.42, "Total Cost": 11588.3, "Plan Rows": 190819, "Plan Width": 4, "Actual Rows": 162328, "Actual Loops": 2, "Filter": "((creationdate >= '2010-07-20 00:00:00'::timestamp without time zone) AND (creationdate <= '2014-09-03 00:00:00'::timestamp without time zone))", "Rows Removed by Filter": 1704, "Workers": []}, {"Node Type": "Hash", "Parent Relationship": "Inner", "Parallel Aware": true, "Async Capable": false, "Startup Cost": 15012.36, "Total Cost": 15012.36, "Plan Rows": 33165, "Plan Width": 8, "Actual Rows": 83666, "Actual Loops": 2, "Hash Buckets": 262144, "Original Hash Buckets": 65536, "Hash Batches": 1, "Original Hash Batches": 1, "Peak Memory Usage": 10144, "Workers": [], "Plans": [{"Node Type": "Hash Join", "Parent Relationship": "Outer", "Parallel Aware": false, "Async Capable": false, "Join Type": "Inner", "Startup Cost": 6204.36, "Total Cost": 15012.36, "Plan Rows": 33165, "Plan Width": 8, "Actual Rows": 83666, "Actual Loops": 2, "Inner Unique": true, "Hash Cond": "(p.owneruserid = u.id)", "Workers": [], "Plans": [{"Node Type": "Hash Join", "Parent Relationship": "Outer", "Parallel Aware": false, "Async Capable": false, "Join Type": "Inner", "Startup Cost": 4175.8, "Total Cost": 12888.94, "Plan Rows": 36133, "Plan Width": 12, "Actual Rows": 100401, "Actual Loops": 2, "Inner Unique": true, "Hash Cond": "(ph.postid = p.id)", "Workers": [], "Plans": [{"Node Type": "Index Scan", "Parent Relationship": "Outer", "Parallel Aware": true, "Async Capable": false, "Scan Direction": "Forward", "Index Name": "idx_posthistory_postid", "Relation Name": "posthistory", "Alias": "ph", "Startup Cost": 0.42, "Total Cost": 8270.95, "Plan Rows": 168605, "Plan Width": 4, "Actual Rows": 143258, "Actual Loops": 2, "Filter": "(creationdate <= '2014-07-28 13:25:35'::timestamp without time zone)", "Rows Removed by Filter": 8336, "Workers": []}, {"Node Type": "Hash", "Parent Relationship": "Inner", "Parallel Aware": false, "Async Capable": false, "Startup Cost": 3928.99, "Total Cost": 3928.99, "Plan Rows": 19711, "Plan Width": 8, "Actual Rows": 42238, "Actual Loops": 2, "Hash Buckets": 65536, "Original Hash Buckets": 32768, "Hash Batches": 1, "Original Hash Batches": 1, "Peak Memory Usage": 2160, "Workers": [], "Plans": [{"Node Type": "Index Scan", "Parent Relationship": "Outer", "Parallel Aware": false, "Async Capable": false, "Scan Direction": "Forward", "Index Name": "posts_pkey", "Relation Name": "posts", "Alias": "p", "Startup Cost": 0.29, "Total Cost": 3928.99, "Plan Rows": 19711, "Plan Width": 8, "Actual Rows": 42238, "Actual Loops": 2, "Filter": "((answercount >= 0) AND (answercount <= 4) AND (posttypeid = 1))", "Rows Removed by Filter": 49738, "Workers": []}]}]}, {"Node Type": "Hash", "Parent Relationship": "Inner", "Parallel Aware": false, "Async Capable": false, "Startup Cost": 1558.79, "Total Cost": 1558.79, "Plan Rows": 37582, "Plan Width": 4, "Actual Rows": 37542, "Actual Loops": 2, "Hash Buckets": 65536, "Original Hash Buckets": 65536, "Hash Batches": 1, "Original Hash Batches": 1, "Peak Memory Usage": 1832, "Workers": [], "Plans": [{"Node Type": "Index Scan", "Parent Relationship": "Outer", "Parallel Aware": false, "Async Capable": false, "Scan Direction": "Forward", "Index Name": "users_pkey", "Relation Name": "users", "Alias": "u", "Startup Cost": 0.29, "Total Cost": 1558.79, "Plan Rows": 37582, "Plan Width": 4, "Actual Rows": 37542, "Actual Loops": 2, "Filter": "((creationdate <= '2014-08-08 07:03:29'::timestamp without time zone) AND (downvotes = 0))", "Rows Removed by Filter": 2783, "Workers": []}]}]}]}]}]}]}]}, "Planning Time": 3.325, "Triggers": [], "Execution Time": 511.587}, {"Plan": {"Node Type": "Aggregate", "Strategy": "Plain", "Partial Mode": "Simple", "Parallel Aware": false, "Async Capable": false, "Startup Cost": 40000093229.61, "Total Cost": 40000093229.62, "Plan Rows": 1, "Plan Width": 8, "Actual Rows": 1, "Actual Loops": 1, "Plans": [{"Node Type": "Merge Join", "Parent Relationship": "Outer", "Parallel Aware": false, "Async Capable": false, "Join Type": "Inner", "Startup Cost": 40000000001.47, "Total Cost": 40000092732.48, "Plan Rows": 198853, "Plan Width": 0, "Actual Rows": 554302, "Actual Loops": 1, "Inner Unique": false, "Merge Cond": "(p.id = v.postid)", "Plans": [{"Node Type": "Merge Join", "Parent Relationship": "Outer", "Parallel Aware": false, "Async Capable": false, "Join Type": "Inner", "Startup Cost": 30000000001.05, "Total Cost": 30000076180.16, "Plan Rows": 56381, "Plan Width": 8, "Actual Rows": 167333, "Actual Loops": 1, "Inner Unique": false, "Merge Cond": "(p.id = ph.postid)", "Plans": [{"Node Type": "Nested Loop", "Parent Relationship": "Outer", "Parallel Aware": false, "Async Capable": false, "Join Type": "Inner", "Startup Cost": 20000000000.62, "Total Cost": 20000065023.08, "Plan Rows": 18092, "Plan Width": 4, "Actual Rows": 33227, "Actual Loops": 1, "Inner Unique": true, "Plans": [{"Node Type": "Index Scan", "Parent Relationship": "Outer", "Parallel Aware": false, "Async Capable": false, "Scan Direction": "Forward", "Index Name": "posts_pkey", "Relation Name": "posts", "Alias": "p", "Startup Cost": 10000000000.29, "Total Cost": 10000003928.99, "Plan Rows": 19711, "Plan Width": 8, "Actual Rows": 39460, "Actual Loops": 1, "Filter": "((answercount >= 0) AND (answercount <= 4) AND (posttypeid = 1))", "Rows Removed by Filter": 47448}, {"Node Type": "Memoize", "Parent Relationship": "Inner", "Parallel Aware": false, "Async Capable": false, "Startup Cost": 0.33, "Total Cost": 4.35, "Plan Rows": 1, "Plan Width": 4, "Actual Rows": 1, "Actual Loops": 39460, "Cache Key": "p.owneruserid", "Cache Mode": "logical", "Cache Hits": 21955, "Cache Misses": 17505, "Cache Evictions": 0, "Cache Overflows": 0, "Peak Memory Usage": 1758, "Plans": [{"Node Type": "Bitmap Heap Scan", "Parent Relationship": "Outer", "Parallel Aware": false, "Async Capable": false, "Relation Name": "users", "Alias": "u", "Startup Cost": 0.32, "Total Cost": 4.34, "Plan Rows": 1, "Plan Width": 4, "Actual Rows": 1, "Actual Loops": 17505, "Recheck Cond": "(p.owneruserid = id)", "Rows Removed by Index Recheck": 0, "Filter": "((creationdate <= '2014-08-08 07:03:29'::timestamp without time zone) AND (downvotes = 0))", "Rows Removed by Filter": 0, "Exact Heap Blocks": 17504, "Lossy Heap Blocks": 0, "Plans": [{"Node Type": "Bitmap Index Scan", "Parent Relationship": "Outer", "Parallel Aware": false, "Async Capable": false, "Index Name": "users_pkey", "Startup Cost": 0.0, "Total Cost": 0.32, "Plan Rows": 1, "Plan Width": 0, "Actual Rows": 1, "Actual Loops": 17505, "Index Cond": "(id = p.owneruserid)"}]}]}]}, {"Node Type": "Index Scan", "Parent Relationship": "Inner", "Parallel Aware": false, "Async Capable": false, "Scan Direction": "Forward", "Index Name": "idx_posthistory_postid", "Relation Name": "posthistory", "Alias": "ph", "Startup Cost": 10000000000.42, "Total Cost": 10000009831.47, "Plan Rows": 286628, "Plan Width": 4, "Actual Rows": 286515, "Actual Loops": 1, "Filter": "(creationdate <= '2014-07-28 13:25:35'::timestamp without time zone)", "Rows Removed by Filter": 16672}]}, {"Node Type": "Index Scan", "Parent Relationship": "Inner", "Parallel Aware": false, "Async Capable": false, "Scan Direction": "Forward", "Index Name": "idx_votes_postid", "Relation Name": "votes", "Alias": "v", "Startup Cost": 10000000000.42, "Total Cost": 10000013614.58, "Plan Rows": 324392, "Plan Width": 4, "Actual Rows": 777887, "Actual Loops": 1, "Filter": "((creationdate >= '2010-07-20 00:00:00'::timestamp without time zone) AND (creationdate <= '2014-09-03 00:00:00'::timestamp without time zone))", "Rows Removed by Filter": 3248}]}]}, "Planning Time": 2.457, "Triggers": [], "Execution Time": 849.896}, {"Plan": {"Node Type": "Aggregate", "Strategy": "Plain", "Partial Mode": "Simple", "Parallel Aware": false, "Async Capable": false, "Startup Cost": 10000245516.38, "Total Cost": 10000245516.39, "Plan Rows": 1, "Plan Width": 8, "Actual Rows": 1, "Actual Loops": 1, "Plans": [{"Node Type": "Nested Loop", "Parent Relationship": "Outer", "Parallel Aware": false, "Async Capable": false, "Join Type": "Inner", "Startup Cost": 10000000001.75, "Total Cost": 10000245019.25, "Plan Rows": 198853, "Plan Width": 0, "Actual Rows": 554302, "Actual Loops": 1, "Inner Unique": false, "Plans": [{"Node Type": "Nested Loop", "Parent Relationship": "Outer", "Parallel Aware": false, "Async Capable": false, "Join Type": "Inner", "Startup Cost": 10000000001.18, "Total Cost": 10000150026.35, "Plan Rows": 63810, "Plan Width": 8, "Actual Rows": 96144, "Actual Loops": 1, "Inner Unique": false, "Plans": [{"Node Type": "Nested Loop", "Parent Relationship": "Outer", "Parallel Aware": false, "Async Capable": false, "Join Type": "Inner", "Startup Cost": 10000000000.62, "Total Cost": 10000065023.08, "Plan Rows": 18092, "Plan Width": 4, "Actual Rows": 34830, "Actual Loops": 1, "Inner Unique": true, "Plans": [{"Node Type": "Index Scan", "Parent Relationship": "Outer", "Parallel Aware": false, "Async Capable": false, "Scan Direction": "Forward", "Index Name": "posts_pkey", "Relation Name": "posts", "Alias": "p", "Startup Cost": 10000000000.29, "Total Cost": 10000003928.99, "Plan Rows": 19711, "Plan Width": 8, "Actual Rows": 42238, "Actual Loops": 1, "Filter": "((answercount >= 0) AND (answercount <= 4) AND (posttypeid = 1))", "Rows Removed by Filter": 49738}, {"Node Type": "Memoize", "Parent Relationship": "Inner", "Parallel Aware": false, "Async Capable": false, "Startup Cost": 0.33, "Total Cost": 4.35, "Plan Rows": 1, "Plan Width": 4, "Actual Rows": 1, "Actual Loops": 42238, "Cache Key": "p.owneruserid", "Cache Mode": "logical", "Cache Hits": 23506, "Cache Misses": 18732, "Cache Evictions": 0, "Cache Overflows": 0, "Peak Memory Usage": 1855, "Plans": [{"Node Type": "Bitmap Heap Scan", "Parent Relationship": "Outer", "Parallel Aware": false, "Async Capable": false, "Relation Name": "users", "Alias": "u", "Startup Cost": 0.32, "Total Cost": 4.34, "Plan Rows": 1, "Plan Width": 4, "Actual Rows": 1, "Actual Loops": 18732, "Recheck Cond": "(p.owneruserid = id)", "Rows Removed by Index Recheck": 0, "Filter": "((creationdate <= '2014-08-08 07:03:29'::timestamp without time zone) AND (downvotes = 0))", "Rows Removed by Filter": 0, "Exact Heap Blocks": 18731, "Lossy Heap Blocks": 0, "Plans": [{"Node Type": "Bitmap Index Scan", "Parent Relationship": "Outer", "Parallel Aware": false, "Async Capable": false, "Index Name": "users_pkey", "Startup Cost": 0.0, "Total Cost": 0.32, "Plan Rows": 1, "Plan Width": 0, "Actual Rows": 1, "Actual Loops": 18732, "Index Cond": "(id = p.owneruserid)"}]}]}]}, {"Node Type": "Bitmap Heap Scan", "Parent Relationship": "Inner", "Parallel Aware": false, "Async Capable": false, "Relation Name": "votes", "Alias": "v", "Startup Cost": 0.56, "Total Cost": 4.65, "Plan Rows": 5, "Plan Width": 4, "Actual Rows": 3, "Actual Loops": 34830, "Recheck Cond": "(p.id = postid)", "Rows Removed by Index Recheck": 0, "Filter": "((creationdate >= '2010-07-20 00:00:00'::timestamp without time zone) AND (creationdate <= '2014-09-03 00:00:00'::timestamp without time zone))", "Rows Removed by Filter": 0, "Exact Heap Blocks": 64204, "Lossy Heap Blocks": 0, "Plans": [{"Node Type": "Bitmap Index Scan", "Parent Relationship": "Outer", "Parallel Aware": false, "Async Capable": false, "Index Name": "idx_votes_postid", "Startup Cost": 0.0, "Total Cost": 0.56, "Plan Rows": 5, "Plan Width": 0, "Actual Rows": 3, "Actual Loops": 34830, "Index Cond": "(postid = p.id)"}]}]}, {"Node Type": "Memoize", "Parent Relationship": "Inner", "Parallel Aware": false, "Async Capable": false, "Startup Cost": 0.57, "Total Cost": 4.63, "Plan Rows": 4, "Plan Width": 4, "Actual Rows": 6, "Actual Loops": 96144, "Cache Key": "p.id", "Cache Mode": "logical", "Cache Hits": 69301, "Cache Misses": 26843, "Cache Evictions": 0, "Cache Overflows": 0, "Peak Memory Usage": 6672, "Plans": [{"Node Type": "Bitmap Heap Scan", "Parent Relationship": "Outer", "Parallel Aware": false, "Async Capable": false, "Relation Name": "posthistory", "Alias": "ph", "Startup Cost": 0.56, "Total Cost": 4.62, "Plan Rows": 4, "Plan Width": 4, "Actual Rows": 5, "Actual Loops": 26843, "Recheck Cond": "(postid = p.id)", "Rows Removed by Index Recheck": 0, "Filter": "(creationdate <= '2014-07-28 13:25:35'::timestamp without time zone)", "Rows Removed by Filter": 0, "Exact Heap Blocks": 42615, "Lossy Heap Blocks": 0, "Plans": [{"Node Type": "Bitmap Index Scan", "Parent Relationship": "Outer", "Parallel Aware": false, "Async Capable": false, "Index Name": "idx_posthistory_postid", "Startup Cost": 0.0, "Total Cost": 0.56, "Plan Rows": 4, "Plan Width": 0, "Actual Rows": 5, "Actual Loops": 26843, "Index Cond": "(postid = p.id)"}]}]}]}]}, "Planning Time": 2.24, "Triggers": [], "Execution Time": 737.602}, {"Plan": {"Node Type": "Aggregate", "Strategy": "Plain", "Partial Mode": "Finalize", "Parallel Aware": false, "Async Capable": false, "Startup Cost": 33605.27, "Total Cost": 33605.28, "Plan Rows": 1, "Plan Width": 8, "Actual Rows": 1, "Actual Loops": 1, "Plans": [{"Node Type": "Gather", "Parent Relationship": "Outer", "Parallel Aware": false, "Async Capable": false, "Startup Cost": 33605.16, "Total Cost": 33605.27, "Plan Rows": 1, "Plan Width": 8, "Actual Rows": 2, "Actual Loops": 1, "Workers Planned": 1, "Workers Launched": 1, "Single Copy": false, "Plans": [{"Node Type": "Aggregate", "Strategy": "Plain", "Partial Mode": "Partial", "Parent Relationship": "Outer", "Parallel Aware": false, "Async Capable": false, "Startup Cost": 32605.16, "Total Cost": 32605.17, "Plan Rows": 1, "Plan Width": 8, "Actual Rows": 1, "Actual Loops": 2, "Workers": [], "Plans": [{"Node Type": "Merge Join", "Parent Relationship": "Outer", "Parallel Aware": false, "Async Capable": false, "Join Type": "Inner", "Startup Cost": 7873.6, "Total Cost": 32312.73, "Plan Rows": 116972, "Plan Width": 0, "Actual Rows": 277151, "Actual Loops": 2, "Inner Unique": false, "Merge Cond": "(p.id = ph.postid)", "Workers": [], "Plans": [{"Node Type": "Merge Join", "Parent Relationship": "Outer", "Parallel Aware": false, "Async Capable": false, "Join Type": "Inner", "Startup Cost": 7873.18, "Total Cost": 20501.12, "Plan Rows": 37535, "Plan Width": 8, "Actual Rows": 47236, "Actual Loops": 2, "Inner Unique": false, "Merge Cond": "(v.postid = p.id)", "Workers": [], "Plans": [{"Node Type": "Index Scan", "Parent Relationship": "Outer", "Parallel Aware": true, "Async Capable": false, "Scan Direction": "Forward", "Index Name": "idx_votes_postid", "Relation Name": "votes", "Alias": "v", "Startup Cost": 0.42, "Total Cost": 11588.3, "Plan Rows": 190819, "Plan Width": 4, "Actual Rows": 159030, "Actual Loops": 2, "Filter": "((creationdate >= '2010-07-20 00:00:00'::timestamp without time zone) AND (creationdate <= '2014-09-03 00:00:00'::timestamp without time zone))", "Rows Removed by Filter": 735, "Workers": []}, {"Node Type": "Sort", "Parent Relationship": "Inner", "Parallel Aware": false, "Async Capable": false, "Startup Cost": 7872.75, "Total Cost": 7917.98, "Plan Rows": 18092, "Plan Width": 4, "Actual Rows": 67484, "Actual Loops": 2, "Sort Key": ["p.id"], "Sort Method": "quicksort", "Sort Space Used": 1537, "Sort Space Type": "Memory", "Workers": [{"Worker Number": 0, "Sort Method": "quicksort", "Sort Space Used": 1537, "Sort Space Type": "Memory"}], "Plans": [{"Node Type": "Merge Join", "Parent Relationship": "Outer", "Parallel Aware": false, "Async Capable": false, "Join Type": "Inner", "Startup Cost": 0.58, "Total Cost": 6593.37, "Plan Rows": 18092, "Plan Width": 4, "Actual Rows": 34830, "Actual Loops": 2, "Inner Unique": true, "Merge Cond": "(p.owneruserid = u.id)", "Workers": [], "Plans": [{"Node Type": "Index Scan", "Parent Relationship": "Outer", "Parallel Aware": false, "Async Capable": false, "Scan Direction": "Forward", "Index Name": "idx_posts_owneruserid", "Relation Name": "posts", "Alias": "p", "Startup Cost": 0.29, "Total Cost": 4783.49, "Plan Rows": 19711, "Plan Width": 8, "Actual Rows": 40606, "Actual Loops": 2, "Filter": "((answercount >= 0) AND (answercount <= 4) AND (posttypeid = 1))", "Rows Removed by Filter": 48753, "Workers": []}, {"Node Type": "Index Scan", "Parent Relationship": "Inner", "Parallel Aware": false, "Async Capable": false, "Scan Direction": "Forward", "Index Name": "users_pkey", "Relation Name": "users", "Alias": "u", "Startup Cost": 0.29, "Total Cost": 1558.79, "Plan Rows": 37582, "Plan Width": 4, "Actual Rows": 37542, "Actual Loops": 2, "Filter": "((creationdate <= '2014-08-08 07:03:29'::timestamp without time zone) AND (downvotes = 0))", "Rows Removed by Filter": 2783, "Workers": []}]}]}]}, {"Node Type": "Index Scan", "Parent Relationship": "Inner", "Parallel Aware": false, "Async Capable": false, "Scan Direction": "Forward", "Index Name": "idx_posthistory_postid", "Relation Name": "posthistory", "Alias": "ph", "Startup Cost": 0.42, "Total Cost": 9831.47, "Plan Rows": 286628, "Plan Width": 4, "Actual Rows": 494132, "Actual Loops": 2, "Filter": "(creationdate <= '2014-07-28 13:25:35'::timestamp without time zone)", "Rows Removed by Filter": 17317, "Workers": []}]}]}]}]}, "Planning Time": 4.467, "Triggers": [], "Execution Time": 582.212}, {"Plan": {"Node Type": "Aggregate", "Strategy": "Plain", "Partial Mode": "Finalize", "Parallel Aware": false, "Async Capable": false, "Startup Cost": 32798.26, "Total Cost": 32798.27, "Plan Rows": 1, "Plan Width": 8, "Actual Rows": 1, "Actual Loops": 1, "Plans": [{"Node Type": "Gather", "Parent Relationship": "Outer", "Parallel Aware": false, "Async Capable": false, "Startup Cost": 32798.15, "Total Cost": 32798.26, "Plan Rows": 1, "Plan Width": 8, "Actual Rows": 2, "Actual Loops": 1, "Workers Planned": 1, "Workers Launched": 1, "Single Copy": false, "Plans": [{"Node Type": "Aggregate", "Strategy": "Plain", "Partial Mode": "Partial", "Parent Relationship": "Outer", "Parallel Aware": false, "Async Capable": false, "Startup Cost": 31798.15, "Total Cost": 31798.16, "Plan Rows": 1, "Plan Width": 8, "Actual Rows": 1, "Actual Loops": 2, "Workers": [], "Plans": [{"Node Type": "Merge Join", "Parent Relationship": "Outer", "Parallel Aware": false, "Async Capable": false, "Join Type": "Inner", "Startup Cost": 7066.59, "Total Cost": 31505.72, "Plan Rows": 116972, "Plan Width": 0, "Actual Rows": 277151, "Actual Loops": 2, "Inner Unique": false, "Merge Cond": "(p.id = ph.postid)", "Workers": [], "Plans": [{"Node Type": "Merge Join", "Parent Relationship": "Outer", "Parallel Aware": false, "Async Capable": false, "Join Type": "Inner", "Startup Cost": 7066.17, "Total Cost": 19694.12, "Plan Rows": 37535, "Plan Width": 8, "Actual Rows": 47236, "Actual Loops": 2, "Inner Unique": false, "Merge Cond": "(v.postid = p.id)", "Workers": [], "Plans": [{"Node Type": "Index Scan", "Parent Relationship": "Outer", "Parallel Aware": true, "Async Capable": false, "Scan Direction": "Forward", "Index Name": "idx_votes_postid", "Relation Name": "votes", "Alias": "v", "Startup Cost": 0.42, "Total Cost": 11588.3, "Plan Rows": 190819, "Plan Width": 4, "Actual Rows": 159030, "Actual Loops": 2, "Filter": "((creationdate >= '2010-07-20 00:00:00'::timestamp without time zone) AND (creationdate <= '2014-09-03 00:00:00'::timestamp without time zone))", "Rows Removed by Filter": 735, "Workers": []}, {"Node Type": "Sort", "Parent Relationship": "Inner", "Parallel Aware": false, "Async Capable": false, "Startup Cost": 7065.75, "Total Cost": 7110.98, "Plan Rows": 18092, "Plan Width": 4, "Actual Rows": 67484, "Actual Loops": 2, "Sort Key": ["p.id"], "Sort Method": "quicksort", "Sort Space Used": 1537, "Sort Space Type": "Memory", "Workers": [{"Worker Number": 0, "Sort Method": "quicksort", "Sort Space Used": 1537, "Sort Space Type": "Memory"}], "Plans": [{"Node Type": "Merge Join", "Parent Relationship": "Outer", "Parallel Aware": false, "Async Capable": false, "Join Type": "Inner", "Startup Cost": 3855.93, "Total Cost": 5786.37, "Plan Rows": 18092, "Plan Width": 4, "Actual Rows": 34830, "Actual Loops": 2, "Inner Unique": false, "Merge Cond": "(u.id = p.owneruserid)", "Workers": [], "Plans": [{"Node Type": "Index Scan", "Parent Relationship": "Outer", "Parallel Aware": false, "Async Capable": false, "Scan Direction": "Forward", "Index Name": "users_pkey", "Relation Name": "users", "Alias": "u", "Startup Cost": 0.29, "Total Cost": 1558.79, "Plan Rows": 37582, "Plan Width": 4, "Actual Rows": 37542, "Actual Loops": 2, "Filter": "((creationdate <= '2014-08-08 07:03:29'::timestamp without time zone) AND (downvotes = 0))", "Rows Removed by Filter": 2783, "Workers": []}, {"Node Type": "Sort", "Parent Relationship": "Inner", "Parallel Aware": false, "Async Capable": false, "Startup Cost": 3855.64, "Total Cost": 3904.91, "Plan Rows": 19711, "Plan Width": 8, "Actual Rows": 40606, "Actual Loops": 2, "Sort Key": ["p.owneruserid"], "Sort Method": "quicksort", "Sort Space Used": 2856, "Sort Space Type": "Memory", "Workers": [{"Worker Number": 0, "Sort Method": "quicksort", "Sort Space Used": 2856, "Sort Space Type": "Memory"}], "Plans": [{"Node Type": "Seq Scan", "Parent Relationship": "Outer", "Parallel Aware": false, "Async Capable": false, "Relation Name": "posts", "Alias": "p", "Startup Cost": 0.0, "Total Cost": 2449.58, "Plan Rows": 19711, "Plan Width": 8, "Actual Rows": 42238, "Actual Loops": 2, "Filter": "((answercount >= 0) AND (answercount <= 4) AND (posttypeid = 1))", "Rows Removed by Filter": 49738, "Workers": []}]}]}]}]}, {"Node Type": "Index Scan", "Parent Relationship": "Inner", "Parallel Aware": false, "Async Capable": false, "Scan Direction": "Forward", "Index Name": "idx_posthistory_postid", "Relation Name": "posthistory", "Alias": "ph", "Startup Cost": 0.42, "Total Cost": 9831.47, "Plan Rows": 286628, "Plan Width": 4, "Actual Rows": 494132, "Actual Loops": 2, "Filter": "(creationdate <= '2014-07-28 13:25:35'::timestamp without time zone)", "Rows Removed by Filter": 17317, "Workers": []}]}]}]}]}, "Planning Time": 4.516, "Triggers": [], "Execution Time": 513.48}, {"Plan": {"Node Type": "Aggregate", "Strategy": "Plain", "Partial Mode": "Simple", "Parallel Aware": false, "Async Capable": false, "Startup Cost": 55653.03, "Total Cost": 55653.04, "Plan Rows": 1, "Plan Width": 8, "Actual Rows": 1, "Actual Loops": 1, "Plans": [{"Node Type": "Nested Loop", "Parent Relationship": "Outer", "Parallel Aware": false, "Async Capable": false, "Join Type": "Inner", "Startup Cost": 1.45, "Total Cost": 55155.9, "Plan Rows": 198853, "Plan Width": 0, "Actual Rows": 554302, "Actual Loops": 1, "Inner Unique": false, "Plans": [{"Node Type": "Nested Loop", "Parent Relationship": "Outer", "Parallel Aware": false, "Async Capable": false, "Join Type": "Inner", "Startup Cost": 1.02, "Total Cost": 30266.28, "Plan Rows": 63810, "Plan Width": 8, "Actual Rows": 96144, "Actual Loops": 1, "Inner Unique": false, "Plans": [{"Node Type": "Nested Loop", "Parent Relationship": "Outer", "Parallel Aware": false, "Async Capable": false, "Join Type": "Inner", "Startup Cost": 0.59, "Total Cost": 9949.44, "Plan Rows": 18092, "Plan Width": 4, "Actual Rows": 34830, "Actual Loops": 1, "Inner Unique": true, "Plans": [{"Node Type": "Index Scan", "Parent Relationship": "Outer", "Parallel Aware": false, "Async Capable": false, "Scan Direction": "Forward", "Index Name": "posts_pkey", "Relation Name": "posts", "Alias": "p", "Startup Cost": 0.29, "Total Cost": 3928.99, "Plan Rows": 19711, "Plan Width": 8, "Actual Rows": 42238, "Actual Loops": 1, "Filter": "((answercount >= 0) AND (answercount <= 4) AND (posttypeid = 1))", "Rows Removed by Filter": 49738}, {"Node Type": "Memoize", "Parent Relationship": "Inner", "Parallel Aware": false, "Async Capable": false, "Startup Cost": 0.3, "Total Cost": 0.41, "Plan Rows": 1, "Plan Width": 4, "Actual Rows": 1, "Actual Loops": 42238, "Cache Key": "p.owneruserid", "Cache Mode": "logical", "Cache Hits": 23506, "Cache Misses": 18732, "Cache Evictions": 0, "Cache Overflows": 0, "Peak Memory Usage": 1855, "Plans": [{"Node Type": "Index Scan", "Parent Relationship": "Outer", "Parallel Aware": false, "Async Capable": false, "Scan Direction": "Forward", "Index Name": "users_pkey", "Relation Name": "users", "Alias": "u", "Startup Cost": 0.29, "Total Cost": 0.4, "Plan Rows": 1, "Plan Width": 4, "Actual Rows": 1, "Actual Loops": 18732, "Index Cond": "(id = p.owneruserid)", "Rows Removed by Index Recheck": 0, "Filter": "((creationdate <= '2014-08-08 07:03:29'::timestamp without time zone) AND (downvotes = 0))", "Rows Removed by Filter": 0}]}]}, {"Node Type": "Index Scan", "Parent Relationship": "Inner", "Parallel Aware": false, "Async Capable": false, "Scan Direction": "Forward", "Index Name": "idx_votes_postid", "Relation Name": "votes", "Alias": "v", "Startup Cost": 0.42, "Total Cost": 1.07, "Plan Rows": 5, "Plan Width": 4, "Actual Rows": 3, "Actual Loops": 34830, "Index Cond": "(postid = p.id)", "Rows Removed by Index Recheck": 0, "Filter": "((creationdate >= '2010-07-20 00:00:00'::timestamp without time zone) AND (creationdate <= '2014-09-03 00:00:00'::timestamp without time zone))", "Rows Removed by Filter": 0}]}, {"Node Type": "Memoize", "Parent Relationship": "Inner", "Parallel Aware": false, "Async Capable": false, "Startup Cost": 0.43, "Total Cost": 1.07, "Plan Rows": 4, "Plan Width": 4, "Actual Rows": 6, "Actual Loops": 96144, "Cache Key": "p.id", "Cache Mode": "logical", "Cache Hits": 69301, "Cache Misses": 26843, "Cache Evictions": 0, "Cache Overflows": 0, "Peak Memory Usage": 6672, "Plans": [{"Node Type": "Index Scan", "Parent Relationship": "Outer", "Parallel Aware": false, "Async Capable": false, "Scan Direction": "Forward", "Index Name": "idx_posthistory_postid", "Relation Name": "posthistory", "Alias": "ph", "Startup Cost": 0.42, "Total Cost": 1.06, "Plan Rows": 4, "Plan Width": 4, "Actual Rows": 5, "Actual Loops": 26843, "Index Cond": "(postid = p.id)", "Rows Removed by Index Recheck": 0, "Filter": "(creationdate <= '2014-07-28 13:25:35'::timestamp without time zone)", "Rows Removed by Filter": 0}]}]}]}, "Planning Time": 1.543, "Triggers": [], "Execution Time": 611.715}, {"Plan": {"Node Type": "Aggregate", "Strategy": "Plain", "Partial Mode": "Simple", "Parallel Aware": false, "Async Capable": false, "Startup Cost": 54173.63, "Total Cost": 54173.64, "Plan Rows": 1, "Plan Width": 8, "Actual Rows": 1, "Actual Loops": 1, "Plans": [{"Node Type": "Nested Loop", "Parent Relationship": "Outer", "Parallel Aware": false, "Async Capable": false, "Join Type": "Inner", "Startup Cost": 1.15, "Total Cost": 53676.49, "Plan Rows": 198853, "Plan Width": 0, "Actual Rows": 554302, "Actual Loops": 1, "Inner Unique": false, "Plans": [{"Node Type": "Nested Loop", "Parent Relationship": "Outer", "Parallel Aware": false, "Async Capable": false, "Join Type": "Inner", "Startup Cost": 0.72, "Total Cost": 28786.87, "Plan Rows": 63810, "Plan Width": 8, "Actual Rows": 96144, "Actual Loops": 1, "Inner Unique": false, "Plans": [{"Node Type": "Nested Loop", "Parent Relationship": "Outer", "Parallel Aware": false, "Async Capable": false, "Join Type": "Inner", "Startup Cost": 0.3, "Total Cost": 8470.03, "Plan Rows": 18092, "Plan Width": 4, "Actual Rows": 34830, "Actual Loops": 1, "Inner Unique": true, "Plans": [{"Node Type": "Seq Scan", "Parent Relationship": "Outer", "Parallel Aware": false, "Async Capable": false, "Relation Name": "posts", "Alias": "p", "Startup Cost": 0.0, "Total Cost": 2449.58, "Plan Rows": 19711, "Plan Width": 8, "Actual Rows": 42238, "Actual Loops": 1, "Filter": "((answercount >= 0) AND (answercount <= 4) AND (posttypeid = 1))", "Rows Removed by Filter": 49738}, {"Node Type": "Memoize", "Parent Relationship": "Inner", "Parallel Aware": false, "Async Capable": false, "Startup Cost": 0.3, "Total Cost": 0.41, "Plan Rows": 1, "Plan Width": 4, "Actual Rows": 1, "Actual Loops": 42238, "Cache Key": "p.owneruserid", "Cache Mode": "logical", "Cache Hits": 23506, "Cache Misses": 18732, "Cache Evictions": 0, "Cache Overflows": 0, "Peak Memory Usage": 1855, "Plans": [{"Node Type": "Index Scan", "Parent Relationship": "Outer", "Parallel Aware": false, "Async Capable": false, "Scan Direction": "Forward", "Index Name": "users_pkey", "Relation Name": "users", "Alias": "u", "Startup Cost": 0.29, "Total Cost": 0.4, "Plan Rows": 1, "Plan Width": 4, "Actual Rows": 1, "Actual Loops": 18732, "Index Cond": "(id = p.owneruserid)", "Rows Removed by Index Recheck": 0, "Filter": "((creationdate <= '2014-08-08 07:03:29'::timestamp without time zone) AND (downvotes = 0))", "Rows Removed by Filter": 0}]}]}, {"Node Type": "Index Scan", "Parent Relationship": "Inner", "Parallel Aware": false, "Async Capable": false, "Scan Direction": "Forward", "Index Name": "idx_votes_postid", "Relation Name": "votes", "Alias": "v", "Startup Cost": 0.42, "Total Cost": 1.07, "Plan Rows": 5, "Plan Width": 4, "Actual Rows": 3, "Actual Loops": 34830, "Index Cond": "(postid = p.id)", "Rows Removed by Index Recheck": 0, "Filter": "((creationdate >= '2010-07-20 00:00:00'::timestamp without time zone) AND (creationdate <= '2014-09-03 00:00:00'::timestamp without time zone))", "Rows Removed by Filter": 0}]}, {"Node Type": "Memoize", "Parent Relationship": "Inner", "Parallel Aware": false, "Async Capable": false, "Startup Cost": 0.43, "Total Cost": 1.07, "Plan Rows": 4, "Plan Width": 4, "Actual Rows": 6, "Actual Loops": 96144, "Cache Key": "p.id", "Cache Mode": "logical", "Cache Hits": 69301, "Cache Misses": 26843, "Cache Evictions": 0, "Cache Overflows": 0, "Peak Memory Usage": 6672, "Plans": [{"Node Type": "Index Scan", "Parent Relationship": "Outer", "Parallel Aware": false, "Async Capable": false, "Scan Direction": "Forward", "Index Name": "idx_posthistory_postid", "Relation Name": "posthistory", "Alias": "ph", "Startup Cost": 0.42, "Total Cost": 1.06, "Plan Rows": 4, "Plan Width": 4, "Actual Rows": 5, "Actual Loops": 26843, "Index Cond": "(postid = p.id)", "Rows Removed by Index Recheck": 0, "Filter": "(creationdate <= '2014-07-28 13:25:35'::timestamp without time zone)", "Rows Removed by Filter": 0}]}]}]}, "Planning Time": 1.676, "Triggers": [], "Execution Time": 600.199}, {"Plan": {"Node Type": "Aggregate", "Strategy": "Plain", "Partial Mode": "Finalize", "Parallel Aware": false, "Async Capable": false, "Startup Cost": 68667.2, "Total Cost": 68667.21, "Plan Rows": 1, "Plan Width": 8, "Actual Rows": 1, "Actual Loops": 1, "Plans": [{"Node Type": "Gather", "Parent Relationship": "Outer", "Parallel Aware": false, "Async Capable": false, "Startup Cost": 68667.08, "Total Cost": 68667.19, "Plan Rows": 1, "Plan Width": 8, "Actual Rows": 2, "Actual Loops": 1, "Workers Planned": 1, "Workers Launched": 1, "Single Copy": false, "Plans": [{"Node Type": "Aggregate", "Strategy": "Plain", "Partial Mode": "Partial", "Parent Relationship": "Outer", "Parallel Aware": false, "Async Capable": false, "Startup Cost": 67667.08, "Total Cost": 67667.09, "Plan Rows": 1, "Plan Width": 8, "Actual Rows": 1, "Actual Loops": 2, "Workers": [], "Plans": [{"Node Type": "Merge Join", "Parent Relationship": "Outer", "Parallel Aware": false, "Async Capable": false, "Join Type": "Inner", "Startup Cost": 63160.84, "Total Cost": 67374.65, "Plan Rows": 116972, "Plan Width": 0, "Actual Rows": 277151, "Actual Loops": 2, "Inner Unique": false, "Merge Cond": "(p.id = ph.postid)", "Workers": [], "Plans": [{"Node Type": "Merge Join", "Parent Relationship": "Outer", "Parallel Aware": false, "Async Capable": false, "Join Type": "Inner", "Startup Cost": 31149.87, "Total Cost": 32666.98, "Plan Rows": 37535, "Plan Width": 8, "Actual Rows": 47236, "Actual Loops": 2, "Inner Unique": false, "Merge Cond": "(v.postid = p.id)", "Workers": [], "Plans": [{"Node Type": "Sort", "Parent Relationship": "Outer", "Parallel Aware": false, "Async Capable": false, "Startup Cost": 21791.27, "Total Cost": 22268.32, "Plan Rows": 190819, "Plan Width": 4, "Actual Rows": 159030, "Actual Loops": 2, "Sort Key": ["v.postid"], "Sort Method": "quicksort", "Sort Space Used": 6145, "Sort Space Type": "Memory", "Workers": [{"Worker Number": 0, "Sort Method": "quicksort", "Sort Space Used": 3073, "Sort Space Type": "Memory"}], "Plans": [{"Node Type": "Seq Scan", "Parent Relationship": "Outer", "Parallel Aware": true, "Async Capable": false, "Relation Name": "votes", "Alias": "v", "Startup Cost": 0.0, "Total Cost": 5054.68, "Plan Rows": 190819, "Plan Width": 4, "Actual Rows": 162328, "Actual Loops": 2, "Filter": "((creationdate >= '2010-07-20 00:00:00'::timestamp without time zone) AND (creationdate <= '2014-09-03 00:00:00'::timestamp without time zone))", "Rows Removed by Filter": 1704, "Workers": []}]}, {"Node Type": "Sort", "Parent Relationship": "Inner", "Parallel Aware": false, "Async Capable": false, "Startup Cost": 9358.6, "Total Cost": 9403.83, "Plan Rows": 18092, "Plan Width": 4, "Actual Rows": 63196, "Actual Loops": 2, "Sort Key": ["p.id"], "Sort Method": "quicksort", "Sort Space Used": 1537, "Sort Space Type": "Memory", "Workers": [{"Worker Number": 0, "Sort Method": "quicksort", "Sort Space Used": 1537, "Sort Space Type": "Memory"}], "Plans": [{"Node Type": "Merge Join", "Parent Relationship": "Outer", "Parallel Aware": false, "Async Capable": false, "Join Type": "Inner", "Startup Cost": 7613.32, "Total Cost": 8079.22, "Plan Rows": 18092, "Plan Width": 4, "Actual Rows": 34830, "Actual Loops": 2, "Inner Unique": true, "Merge Cond": "(p.owneruserid = u.id)", "Workers": [], "Plans": [{"Node Type": "Sort", "Parent Relationship": "Outer", "Parallel Aware": false, "Async Capable": false, "Startup Cost": 3855.64, "Total Cost": 3904.91, "Plan Rows": 19711, "Plan Width": 8, "Actual Rows": 40606, "Actual Loops": 2, "Sort Key": ["p.owneruserid"], "Sort Method": "quicksort", "Sort Space Used": 2856, "Sort Space Type": "Memory", "Workers": [{"Worker Number": 0, "Sort Method": "quicksort", "Sort Space Used": 2856, "Sort Space Type": "Memory"}], "Plans": [{"Node Type": "Seq Scan", "Parent Relationship": "Outer", "Parallel Aware": false, "Async Capable": false, "Relation Name": "posts", "Alias": "p", "Startup Cost": 0.0, "Total Cost": 2449.58, "Plan Rows": 19711, "Plan Width": 8, "Actual Rows": 42238, "Actual Loops": 2, "Filter": "((answercount >= 0) AND (answercount <= 4) AND (posttypeid = 1))", "Rows Removed by Filter": 49738, "Workers": []}]}, {"Node Type": "Sort", "Parent Relationship": "Inner", "Parallel Aware": false, "Async Capable": false, "Startup Cost": 3757.68, "Total Cost": 3851.64, "Plan Rows": 37582, "Plan Width": 4, "Actual Rows": 37542, "Actual Loops": 2, "Sort Key": ["u.id"], "Sort Method": "quicksort", "Sort Space Used": 1537, "Sort Space Type": "Memory", "Workers": [{"Worker Number": 0, "Sort Method": "quicksort", "Sort Space Used": 1537, "Sort Space Type": "Memory"}], "Plans": [{"Node Type": "Seq Scan", "Parent Relationship": "Outer", "Parallel Aware": false, "Async Capable": false, "Relation Name": "users", "Alias": "u", "Startup Cost": 0.0, "Total Cost": 901.88, "Plan Rows": 37582, "Plan Width": 4, "Actual Rows": 37542, "Actual Loops": 2, "Filter": "((creationdate <= '2014-08-08 07:03:29'::timestamp without time zone) AND (downvotes = 0))", "Rows Removed by Filter": 2783, "Workers": []}]}]}]}]}, {"Node Type": "Sort", "Parent Relationship": "Inner", "Parallel Aware": false, "Async Capable": false, "Startup Cost": 32010.97, "Total Cost": 32727.54, "Plan Rows": 286628, "Plan Width": 4, "Actual Rows": 469501, "Actual Loops": 2, "Sort Key": ["ph.postid"], "Sort Method": "quicksort", "Sort Space Used": 12289, "Sort Space Type": "Memory", "Workers": [{"Worker Number": 0, "Sort Method": "quicksort", "Sort Space Used": 12289, "Sort Space Type": "Memory"}], "Plans": [{"Node Type": "Seq Scan", "Parent Relationship": "Outer", "Parallel Aware": false, "Async Capable": false, "Relation Name": "posthistory", "Alias": "ph", "Startup Cost": 0.0, "Total Cost": 6029.84, "Plan Rows": 286628, "Plan Width": 4, "Actual Rows": 286515, "Actual Loops": 2, "Filter": "(creationdate <= '2014-07-28 13:25:35'::timestamp without time zone)", "Rows Removed by Filter": 16672, "Workers": []}]}]}]}]}]}, "Planning Time": 2.556, "Triggers": [], "Execution Time": 233.158}, {"Plan": {"Node Type": "Aggregate", "Strategy": "Plain", "Partial Mode": "Simple", "Parallel Aware": false, "Async Capable": false, "Startup Cost": 244036.97, "Total Cost": 244036.98, "Plan Rows": 1, "Plan Width": 8, "Actual Rows": 1, "Actual Loops": 1, "Plans": [{"Node Type": "Nested Loop", "Parent Relationship": "Outer", "Parallel Aware": false, "Async Capable": false, "Join Type": "Inner", "Startup Cost": 1.46, "Total Cost": 243539.84, "Plan Rows": 198853, "Plan Width": 0, "Actual Rows": 554302, "Actual Loops": 1, "Inner Unique": false, "Plans": [{"Node Type": "Nested Loop", "Parent Relationship": "Outer", "Parallel Aware": false, "Async Capable": false, "Join Type": "Inner", "Startup Cost": 0.89, "Total Cost": 148546.94, "Plan Rows": 63810, "Plan Width": 8, "Actual Rows": 96144, "Actual Loops": 1, "Inner Unique": false, "Plans": [{"Node Type": "Nested Loop", "Parent Relationship": "Outer", "Parallel Aware": false, "Async Capable": false, "Join Type": "Inner", "Startup Cost": 0.33, "Total Cost": 63543.67, "Plan Rows": 18092, "Plan Width": 4, "Actual Rows": 34830, "Actual Loops": 1, "Inner Unique": true, "Plans": [{"Node Type": "Seq Scan", "Parent Relationship": "Outer", "Parallel Aware": false, "Async Capable": false, "Relation Name": "posts", "Alias": "p", "Startup Cost": 0.0, "Total Cost": 2449.58, "Plan Rows": 19711, "Plan Width": 8, "Actual Rows": 42238, "Actual Loops": 1, "Filter": "((answercount >= 0) AND (answercount <= 4) AND (posttypeid = 1))", "Rows Removed by Filter": 49738}, {"Node Type": "Memoize", "Parent Relationship": "Inner", "Parallel Aware": false, "Async Capable": false, "Startup Cost": 0.33, "Total Cost": 4.35, "Plan Rows": 1, "Plan Width": 4, "Actual Rows": 1, "Actual Loops": 42238, "Cache Key": "p.owneruserid", "Cache Mode": "logical", "Cache Hits": 23506, "Cache Misses": 18732, "Cache Evictions": 0, "Cache Overflows": 0, "Peak Memory Usage": 1855, "Plans": [{"Node Type": "Bitmap Heap Scan", "Parent Relationship": "Outer", "Parallel Aware": false, "Async Capable": false, "Relation Name": "users", "Alias": "u", "Startup Cost": 0.32, "Total Cost": 4.34, "Plan Rows": 1, "Plan Width": 4, "Actual Rows": 1, "Actual Loops": 18732, "Recheck Cond": "(p.owneruserid = id)", "Rows Removed by Index Recheck": 0, "Filter": "((creationdate <= '2014-08-08 07:03:29'::timestamp without time zone) AND (downvotes = 0))", "Rows Removed by Filter": 0, "Exact Heap Blocks": 18731, "Lossy Heap Blocks": 0, "Plans": [{"Node Type": "Bitmap Index Scan", "Parent Relationship": "Outer", "Parallel Aware": false, "Async Capable": false, "Index Name": "users_pkey", "Startup Cost": 0.0, "Total Cost": 0.32, "Plan Rows": 1, "Plan Width": 0, "Actual Rows": 1, "Actual Loops": 18732, "Index Cond": "(id = p.owneruserid)"}]}]}]}, {"Node Type": "Bitmap Heap Scan", "Parent Relationship": "Inner", "Parallel Aware": false, "Async Capable": false, "Relation Name": "votes", "Alias": "v", "Startup Cost": 0.56, "Total Cost": 4.65, "Plan Rows": 5, "Plan Width": 4, "Actual Rows": 3, "Actual Loops": 34830, "Recheck Cond": "(p.id = postid)", "Rows Removed by Index Recheck": 0, "Filter": "((creationdate >= '2010-07-20 00:00:00'::timestamp without time zone) AND (creationdate <= '2014-09-03 00:00:00'::timestamp without time zone))", "Rows Removed by Filter": 0, "Exact Heap Blocks": 64204, "Lossy Heap Blocks": 0, "Plans": [{"Node Type": "Bitmap Index Scan", "Parent Relationship": "Outer", "Parallel Aware": false, "Async Capable": false, "Index Name": "idx_votes_postid", "Startup Cost": 0.0, "Total Cost": 0.56, "Plan Rows": 5, "Plan Width": 0, "Actual Rows": 3, "Actual Loops": 34830, "Index Cond": "(postid = p.id)"}]}]}, {"Node Type": "Memoize", "Parent Relationship": "Inner", "Parallel Aware": false, "Async Capable": false, "Startup Cost": 0.57, "Total Cost": 4.63, "Plan Rows": 4, "Plan Width": 4, "Actual Rows": 6, "Actual Loops": 96144, "Cache Key": "p.id", "Cache Mode": "logical", "Cache Hits": 69301, "Cache Misses": 26843, "Cache Evictions": 0, "Cache Overflows": 0, "Peak Memory Usage": 6672, "Plans": [{"Node Type": "Bitmap Heap Scan", "Parent Relationship": "Outer", "Parallel Aware": false, "Async Capable": false, "Relation Name": "posthistory", "Alias": "ph", "Startup Cost": 0.56, "Total Cost": 4.62, "Plan Rows": 4, "Plan Width": 4, "Actual Rows": 5, "Actual Loops": 26843, "Recheck Cond": "(postid = p.id)", "Rows Removed by Index Recheck": 0, "Filter": "(creationdate <= '2014-07-28 13:25:35'::timestamp without time zone)", "Rows Removed by Filter": 0, "Exact Heap Blocks": 42615, "Lossy Heap Blocks": 0, "Plans": [{"Node Type": "Bitmap Index Scan", "Parent Relationship": "Outer", "Parallel Aware": false, "Async Capable": false, "Index Name": "idx_posthistory_postid", "Startup Cost": 0.0, "Total Cost": 0.56, "Plan Rows": 4, "Plan Width": 0, "Actual Rows": 5, "Actual Loops": 26843, "Index Cond": "(postid = p.id)"}]}]}]}]}, "Planning Time": 1.63, "Triggers": [], "Execution Time": 730.057}]