[{"Plan": {"Node Type": "Aggregate", "Strategy": "Plain", "Partial Mode": "Finalize", "Parallel Aware": false, "Async Capable": false, "Startup Cost": 59109.55, "Total Cost": 59109.56, "Plan Rows": 1, "Plan Width": 8, "Actual Rows": 1, "Actual Loops": 1, "Plans": [{"Node Type": "Gather", "Parent Relationship": "Outer", "Parallel Aware": false, "Async Capable": false, "Startup Cost": 59109.44, "Total Cost": 59109.55, "Plan Rows": 1, "Plan Width": 8, "Actual Rows": 2, "Actual Loops": 1, "Workers Planned": 1, "Workers Launched": 1, "Single Copy": false, "Plans": [{"Node Type": "Aggregate", "Strategy": "Plain", "Partial Mode": "Partial", "Parent Relationship": "Outer", "Parallel Aware": false, "Async Capable": false, "Startup Cost": 58109.44, "Total Cost": 58109.45, "Plan Rows": 1, "Plan Width": 8, "Actual Rows": 1, "Actual Loops": 2, "Workers": [], "Plans": [{"Node Type": "Nested Loop", "Parent Relationship": "Outer", "Parallel Aware": false, "Async Capable": false, "Join Type": "Inner", "Startup Cost": 0.43, "Total Cost": 15740.58, "Plan Rows": 16947546, "Plan Width": 0, "Actual Rows": 729038, "Actual Loops": 2, "Inner Unique": false, "Workers": [], "Plans": [{"Node Type": "Seq Scan", "Parent Relationship": "Outer", "Parallel Aware": true, "Async Capable": false, "Relation Name": "comments", "Alias": "c", "Startup Cost": 0.0, "Total Cost": 2625.65, "Plan Rows": 79345, "Plan Width": 4, "Actual Rows": 67444, "Actual Loops": 2, "Filter": "(score = 0)", "Rows Removed by Filter": 19709, "Workers": []}, {"Node Type": "Memoize", "Parent Relationship": "Inner", "Parallel Aware": false, "Async Capable": false, "Startup Cost": 0.43, "Total Cost": 0.79, "Plan Rows": 2, "Plan Width": 4, "Actual Rows": 11, "Actual Loops": 134887, "Cache Key": "c.userid", "Cache Mode": "logical", "Cache Hits": 69823, "Cache Misses": 9828, "Cache Evictions": 0, "Cache Overflows": 0, "Peak Memory Usage": 1713, "Workers": [{"Worker Number": 0, "Cache Hits": 46917, "Cache Misses": 8319, "Cache Evictions": 0, "Cache Overflows": 0, "Peak Memory Usage": 1531}], "Plans": [{"Node Type": "Index Scan", "Parent Relationship": "Outer", "Parallel Aware": false, "Async Capable": false, "Scan Direction": "Forward", "Index Name": "idx_posthistory_userid", "Relation Name": "posthistory", "Alias": "ph", "Startup Cost": 0.42, "Total Cost": 0.78, "Plan Rows": 2, "Plan Width": 4, "Actual Rows": 3, "Actual Loops": 18147, "Index Cond": "(userid = c.userid)", "Rows Removed by Index Recheck": 0, "Filter": "(posthistorytypeid = 1)", "Rows Removed by Filter": 22, "Workers": []}]}]}]}]}]}, "Planning Time": 2.279, "Triggers": [], "Execution Time": 333.699}, {"Plan": {"Node Type": "Aggregate", "Strategy": "Plain", "Partial Mode": "Simple", "Parallel Aware": false, "Async Capable": false, "Startup Cost": 20000147172.7, "Total Cost": 20000147172.71, "Plan Rows": 1, "Plan Width": 8, "Actual Rows": 1, "Actual Loops": 1, "Plans": [{"Node Type": "Nested Loop", "Parent Relationship": "Outer", "Parallel Aware": false, "Async Capable": false, "Join Type": "Inner", "Startup Cost": 20000000000.84, "Total Cost": 20000075145.63, "Plan Rows": 28810829, "Plan Width": 0, "Actual Rows": 1458075, "Actual Loops": 1, "Inner Unique": false, "Plans": [{"Node Type": "Index Scan", "Parent Relationship": "Outer", "Parallel Aware": false, "Async Capable": false, "Scan Direction": "Forward", "Index Name": "idx_comments_userid", "Relation Name": "comments", "Alias": "c", "Startup Cost": 10000000000.3, "Total Cost": 10000008258.96, "Plan Rows": 134887, "Plan Width": 4, "Actual Rows": 134887, "Actual Loops": 1, "Filter": "(score = 0)", "Rows Removed by Filter": 39418}, {"Node Type": "Memoize", "Parent Relationship": "Inner", "Parallel Aware": false, "Async Capable": false, "Startup Cost": 0.55, "Total Cost": 4.76, "Plan Rows": 2, "Plan Width": 4, "Actual Rows": 11, "Actual Loops": 134887, "Cache Key": "c.userid", "Cache Mode": "logical", "Cache Hits": 121727, "Cache Misses": 13160, "Cache Evictions": 0, "Cache Overflows": 0, "Peak Memory Usage": 2078, "Plans": [{"Node Type": "Bitmap Heap Scan", "Parent Relationship": "Outer", "Parallel Aware": false, "Async Capable": false, "Relation Name": "posthistory", "Alias": "ph", "Startup Cost": 0.54, "Total Cost": 4.75, "Plan Rows": 2, "Plan Width": 4, "Actual Rows": 3, "Actual Loops": 13160, "Recheck Cond": "(c.userid = userid)", "Rows Removed by Index Recheck": 0, "Filter": "(posthistorytypeid = 1)", "Rows Removed by Filter": 16, "Exact Heap Blocks": 86161, "Lossy Heap Blocks": 0, "Plans": [{"Node Type": "Bitmap Index Scan", "Parent Relationship": "Outer", "Parallel Aware": false, "Async Capable": false, "Index Name": "idx_posthistory_userid", "Startup Cost": 0.0, "Total Cost": 0.54, "Plan Rows": 14, "Plan Width": 0, "Actual Rows": 19, "Actual Loops": 13160, "Index Cond": "(userid = c.userid)"}]}]}]}]}, "Planning Time": 0.984, "Triggers": [], "Execution Time": 594.786}, {"Plan": {"Node Type": "Aggregate", "Strategy": "Plain", "Partial Mode": "Finalize", "Parallel Aware": false, "Async Capable": false, "Startup Cost": 411881.56, "Total Cost": 411881.57, "Plan Rows": 1, "Plan Width": 8, "Actual Rows": 1, "Actual Loops": 1, "Plans": [{"Node Type": "Gather", "Parent Relationship": "Outer", "Parallel Aware": false, "Async Capable": false, "Startup Cost": 411881.45, "Total Cost": 411881.56, "Plan Rows": 1, "Plan Width": 8, "Actual Rows": 2, "Actual Loops": 1, "Workers Planned": 1, "Workers Launched": 1, "Single Copy": false, "Plans": [{"Node Type": "Aggregate", "Strategy": "Plain", "Partial Mode": "Partial", "Parent Relationship": "Outer", "Parallel Aware": false, "Async Capable": false, "Startup Cost": 410881.45, "Total Cost": 410881.46, "Plan Rows": 1, "Plan Width": 8, "Actual Rows": 1, "Actual Loops": 2, "Workers": [], "Plans": [{"Node Type": "Hash Join", "Parent Relationship": "Outer", "Parallel Aware": true, "Async Capable": false, "Join Type": "Inner", "Startup Cost": 8354.04, "Total Cost": 368512.59, "Plan Rows": 16947546, "Plan Width": 0, "Actual Rows": 729038, "Actual Loops": 2, "Inner Unique": false, "Hash Cond": "(ph.userid = c.userid)", "Workers": [], "Plans": [{"Node Type": "Index Scan", "Parent Relationship": "Outer", "Parallel Aware": true, "Async Capable": false, "Scan Direction": "Forward", "Index Name": "idx_posthistory_userid", "Relation Name": "posthistory", "Alias": "ph", "Startup Cost": 0.42, "Total Cost": 11289.47, "Plan Rows": 25259, "Plan Width": 4, "Actual Rows": 21460, "Actual Loops": 2, "Filter": "(posthistorytypeid = 1)", "Rows Removed by Filter": 130133, "Workers": []}, {"Node Type": "Hash", "Parent Relationship": "Inner", "Parallel Aware": true, "Async Capable": false, "Startup Cost": 7361.8, "Total Cost": 7361.8, "Plan Rows": 79345, "Plan Width": 4, "Actual Rows": 67444, "Actual Loops": 2, "Hash Buckets": 262144, "Original Hash Buckets": 262144, "Hash Batches": 1, "Original Hash Batches": 1, "Peak Memory Usage": 7296, "Workers": [], "Plans": [{"Node Type": "Index Scan", "Parent Relationship": "Outer", "Parallel Aware": true, "Async Capable": false, "Scan Direction": "Forward", "Index Name": "idx_comments_userid", "Relation Name": "comments", "Alias": "c", "Startup Cost": 0.29, "Total Cost": 7361.8, "Plan Rows": 79345, "Plan Width": 4, "Actual Rows": 67444, "Actual Loops": 2, "Filter": "(score = 0)", "Rows Removed by Filter": 19709, "Workers": []}]}]}]}]}]}, "Planning Time": 1.371, "Triggers": [], "Execution Time": 321.688}, {"Plan": {"Node Type": "Aggregate", "Strategy": "Plain", "Partial Mode": "Finalize", "Parallel Aware": false, "Async Capable": false, "Startup Cost": 316399.06, "Total Cost": 316399.07, "Plan Rows": 1, "Plan Width": 8, "Actual Rows": 1, "Actual Loops": 1, "Plans": [{"Node Type": "Gather", "Parent Relationship": "Outer", "Parallel Aware": false, "Async Capable": false, "Startup Cost": 316398.95, "Total Cost": 316399.06, "Plan Rows": 1, "Plan Width": 8, "Actual Rows": 2, "Actual Loops": 1, "Workers Planned": 1, "Workers Launched": 1, "Single Copy": false, "Plans": [{"Node Type": "Aggregate", "Strategy": "Plain", "Partial Mode": "Partial", "Parent Relationship": "Outer", "Parallel Aware": false, "Async Capable": false, "Startup Cost": 315398.95, "Total Cost": 315398.96, "Plan Rows": 1, "Plan Width": 8, "Actual Rows": 1, "Actual Loops": 2, "Workers": [], "Plans": [{"Node Type": "Merge Join", "Parent Relationship": "Outer", "Parallel Aware": false, "Async Capable": false, "Join Type": "Inner", "Startup Cost": 172.4, "Total Cost": 273030.08, "Plan Rows": 16947546, "Plan Width": 0, "Actual Rows": 729038, "Actual Loops": 2, "Inner Unique": false, "Merge Cond": "(ph.userid = c.userid)", "Workers": [], "Plans": [{"Node Type": "Index Scan", "Parent Relationship": "Outer", "Parallel Aware": true, "Async Capable": false, "Scan Direction": "Forward", "Index Name": "idx_posthistory_userid", "Relation Name": "posthistory", "Alias": "ph", "Startup Cost": 0.42, "Total Cost": 11289.47, "Plan Rows": 25259, "Plan Width": 4, "Actual Rows": 21084, "Actual Loops": 2, "Filter": "(posthistorytypeid = 1)", "Rows Removed by Filter": 119852, "Workers": []}, {"Node Type": "Materialize", "Parent Relationship": "Inner", "Parallel Aware": false, "Async Capable": false, "Startup Cost": 0.29, "Total Cost": 8596.18, "Plan Rows": 134887, "Plan Width": 4, "Actual Rows": 786098, "Actual Loops": 2, "Workers": [], "Plans": [{"Node Type": "Index Scan", "Parent Relationship": "Outer", "Parallel Aware": false, "Async Capable": false, "Scan Direction": "Forward", "Index Name": "idx_comments_userid", "Relation Name": "comments", "Alias": "c", "Startup Cost": 0.29, "Total Cost": 8258.96, "Plan Rows": 134887, "Plan Width": 4, "Actual Rows": 132703, "Actual Loops": 2, "Filter": "(score = 0)", "Rows Removed by Filter": 38760, "Workers": []}]}]}]}]}]}, "Planning Time": 2.226, "Triggers": [], "Execution Time": 413.823}, {"Plan": {"Node Type": "Aggregate", "Strategy": "Plain", "Partial Mode": "Finalize", "Parallel Aware": false, "Async Capable": false, "Startup Cost": 63845.7, "Total Cost": 63845.71, "Plan Rows": 1, "Plan Width": 8, "Actual Rows": 1, "Actual Loops": 1, "Plans": [{"Node Type": "Gather", "Parent Relationship": "Outer", "Parallel Aware": false, "Async Capable": false, "Startup Cost": 63845.59, "Total Cost": 63845.7, "Plan Rows": 1, "Plan Width": 8, "Actual Rows": 2, "Actual Loops": 1, "Workers Planned": 1, "Workers Launched": 1, "Single Copy": false, "Plans": [{"Node Type": "Aggregate", "Strategy": "Plain", "Partial Mode": "Partial", "Parent Relationship": "Outer", "Parallel Aware": false, "Async Capable": false, "Startup Cost": 62845.59, "Total Cost": 62845.6, "Plan Rows": 1, "Plan Width": 8, "Actual Rows": 1, "Actual Loops": 2, "Workers": [], "Plans": [{"Node Type": "Nested Loop", "Parent Relationship": "Outer", "Parallel Aware": false, "Async Capable": false, "Join Type": "Inner", "Startup Cost": 0.73, "Total Cost": 20476.73, "Plan Rows": 16947546, "Plan Width": 0, "Actual Rows": 729038, "Actual Loops": 2, "Inner Unique": false, "Workers": [], "Plans": [{"Node Type": "Index Scan", "Parent Relationship": "Outer", "Parallel Aware": true, "Async Capable": false, "Scan Direction": "Forward", "Index Name": "idx_comments_userid", "Relation Name": "comments", "Alias": "c", "Startup Cost": 0.29, "Total Cost": 7361.8, "Plan Rows": 79345, "Plan Width": 4, "Actual Rows": 67444, "Actual Loops": 2, "Filter": "(score = 0)", "Rows Removed by Filter": 19709, "Workers": []}, {"Node Type": "Memoize", "Parent Relationship": "Inner", "Parallel Aware": false, "Async Capable": false, "Startup Cost": 0.43, "Total Cost": 0.79, "Plan Rows": 2, "Plan Width": 4, "Actual Rows": 11, "Actual Loops": 134887, "Cache Key": "c.userid", "Cache Mode": "logical", "Cache Hits": 64160, "Cache Misses": 7022, "Cache Evictions": 0, "Cache Overflows": 0, "Peak Memory Usage": 1132, "Workers": [{"Worker Number": 0, "Cache Hits": 57527, "Cache Misses": 6178, "Cache Evictions": 0, "Cache Overflows": 0, "Peak Memory Usage": 972}], "Plans": [{"Node Type": "Index Scan", "Parent Relationship": "Outer", "Parallel Aware": false, "Async Capable": false, "Scan Direction": "Forward", "Index Name": "idx_posthistory_userid", "Relation Name": "posthistory", "Alias": "ph", "Startup Cost": 0.42, "Total Cost": 0.78, "Plan Rows": 2, "Plan Width": 4, "Actual Rows": 3, "Actual Loops": 13200, "Index Cond": "(userid = c.userid)", "Rows Removed by Index Recheck": 0, "Filter": "(posthistorytypeid = 1)", "Rows Removed by Filter": 21, "Workers": []}]}]}]}]}]}, "Planning Time": 2.227, "Triggers": [], "Execution Time": 350.327}, {"Plan": {"Node Type": "Aggregate", "Strategy": "Plain", "Partial Mode": "Finalize", "Parallel Aware": false, "Async Capable": false, "Startup Cost": 313773.03, "Total Cost": 313773.04, "Plan Rows": 1, "Plan Width": 8, "Actual Rows": 1, "Actual Loops": 1, "Plans": [{"Node Type": "Gather", "Parent Relationship": "Outer", "Parallel Aware": false, "Async Capable": false, "Startup Cost": 313772.91, "Total Cost": 313773.02, "Plan Rows": 1, "Plan Width": 8, "Actual Rows": 2, "Actual Loops": 1, "Workers Planned": 1, "Workers Launched": 1, "Single Copy": false, "Plans": [{"Node Type": "Aggregate", "Strategy": "Plain", "Partial Mode": "Partial", "Parent Relationship": "Outer", "Parallel Aware": false, "Async Capable": false, "Startup Cost": 312772.91, "Total Cost": 312772.92, "Plan Rows": 1, "Plan Width": 8, "Actual Rows": 1, "Actual Loops": 2, "Workers": [], "Plans": [{"Node Type": "Merge Join", "Parent Relationship": "Outer", "Parallel Aware": false, "Async Capable": false, "Join Type": "Inner", "Startup Cost": 10025.3, "Total Cost": 270404.05, "Plan Rows": 16947546, "Plan Width": 0, "Actual Rows": 729038, "Actual Loops": 2, "Inner Unique": false, "Merge Cond": "(c.userid = ph.userid)", "Workers": [], "Plans": [{"Node Type": "Index Scan", "Parent Relationship": "Outer", "Parallel Aware": true, "Async Capable": false, "Scan Direction": "Forward", "Index Name": "idx_comments_userid", "Relation Name": "comments", "Alias": "c", "Startup Cost": 0.29, "Total Cost": 7361.8, "Plan Rows": 79345, "Plan Width": 4, "Actual Rows": 66357, "Actual Loops": 2, "Filter": "(score = 0)", "Rows Removed by Filter": 19381, "Workers": []}, {"Node Type": "Sort", "Parent Relationship": "Inner", "Parallel Aware": false, "Async Capable": false, "Startup Cost": 9334.16, "Total Cost": 9441.51, "Plan Rows": 42941, "Plan Width": 4, "Actual Rows": 753664, "Actual Loops": 2, "Sort Key": ["ph.userid"], "Sort Method": "quicksort", "Sort Space Used": 1537, "Sort Space Type": "Memory", "Workers": [{"Worker Number": 0, "Sort Method": "quicksort", "Sort Space Used": 1537, "Sort Space Type": "Memory"}], "Plans": [{"Node Type": "Seq Scan", "Parent Relationship": "Outer", "Parallel Aware": false, "Async Capable": false, "Relation Name": "posthistory", "Alias": "ph", "Startup Cost": 0.0, "Total Cost": 6029.84, "Plan Rows": 42941, "Plan Width": 4, "Actual Rows": 42921, "Actual Loops": 2, "Filter": "(posthistorytypeid = 1)", "Rows Removed by Filter": 260266, "Workers": []}]}]}]}]}]}, "Planning Time": 1.192, "Triggers": [], "Execution Time": 230.385}, {"Plan": {"Node Type": "Aggregate", "Strategy": "Plain", "Partial Mode": "Finalize", "Parallel Aware": false, "Async Capable": false, "Startup Cost": 400325.26, "Total Cost": 400325.27, "Plan Rows": 1, "Plan Width": 8, "Actual Rows": 1, "Actual Loops": 1, "Plans": [{"Node Type": "Gather", "Parent Relationship": "Outer", "Parallel Aware": false, "Async Capable": false, "Startup Cost": 400325.14, "Total Cost": 400325.25, "Plan Rows": 1, "Plan Width": 8, "Actual Rows": 2, "Actual Loops": 1, "Workers Planned": 1, "Workers Launched": 1, "Single Copy": false, "Plans": [{"Node Type": "Aggregate", "Strategy": "Plain", "Partial Mode": "Partial", "Parent Relationship": "Outer", "Parallel Aware": false, "Async Capable": false, "Startup Cost": 399325.14, "Total Cost": 399325.15, "Plan Rows": 1, "Plan Width": 8, "Actual Rows": 1, "Actual Loops": 2, "Workers": [], "Plans": [{"Node Type": "Hash Join", "Parent Relationship": "Outer", "Parallel Aware": true, "Async Capable": false, "Join Type": "Inner", "Startup Cost": 3617.47, "Total Cost": 356956.28, "Plan Rows": 16947546, "Plan Width": 0, "Actual Rows": 729038, "Actual Loops": 2, "Inner Unique": false, "Hash Cond": "(ph.userid = c.userid)", "Workers": [], "Plans": [{"Node Type": "Seq Scan", "Parent Relationship": "Outer", "Parallel Aware": true, "Async Capable": false, "Relation Name": "posthistory", "Alias": "ph", "Startup Cost": 0.0, "Total Cost": 4469.32, "Plan Rows": 25259, "Plan Width": 4, "Actual Rows": 21460, "Actual Loops": 2, "Filter": "(posthistorytypeid = 1)", "Rows Removed by Filter": 130133, "Workers": []}, {"Node Type": "Hash", "Parent Relationship": "Inner", "Parallel Aware": true, "Async Capable": false, "Startup Cost": 2625.65, "Total Cost": 2625.65, "Plan Rows": 79345, "Plan Width": 4, "Actual Rows": 67444, "Actual Loops": 2, "Hash Buckets": 262144, "Original Hash Buckets": 262144, "Hash Batches": 1, "Original Hash Batches": 1, "Peak Memory Usage": 7264, "Workers": [], "Plans": [{"Node Type": "Seq Scan", "Parent Relationship": "Outer", "Parallel Aware": true, "Async Capable": false, "Relation Name": "comments", "Alias": "c", "Startup Cost": 0.0, "Total Cost": 2625.65, "Plan Rows": 79345, "Plan Width": 4, "Actual Rows": 67444, "Actual Loops": 2, "Filter": "(score = 0)", "Rows Removed by Filter": 19709, "Workers": []}]}]}]}]}]}, "Planning Time": 1.595, "Triggers": [], "Execution Time": 249.037}, {"Plan": {"Node Type": "Aggregate", "Strategy": "Plain", "Partial Mode": "Simple", "Parallel Aware": false, "Async Capable": false, "Startup Cost": 10000147172.7, "Total Cost": 10000147172.71, "Plan Rows": 1, "Plan Width": 8, "Actual Rows": 1, "Actual Loops": 1, "Plans": [{"Node Type": "Nested Loop", "Parent Relationship": "Outer", "Parallel Aware": false, "Async Capable": false, "Join Type": "Inner", "Startup Cost": 10000000000.84, "Total Cost": 10000075145.63, "Plan Rows": 28810829, "Plan Width": 0, "Actual Rows": 1458075, "Actual Loops": 1, "Inner Unique": false, "Plans": [{"Node Type": "Index Scan", "Parent Relationship": "Outer", "Parallel Aware": false, "Async Capable": false, "Scan Direction": "Forward", "Index Name": "idx_comments_userid", "Relation Name": "comments", "Alias": "c", "Startup Cost": 10000000000.3, "Total Cost": 10000008258.96, "Plan Rows": 134887, "Plan Width": 4, "Actual Rows": 134887, "Actual Loops": 1, "Filter": "(score = 0)", "Rows Removed by Filter": 39418}, {"Node Type": "Memoize", "Parent Relationship": "Inner", "Parallel Aware": false, "Async Capable": false, "Startup Cost": 0.55, "Total Cost": 4.76, "Plan Rows": 2, "Plan Width": 4, "Actual Rows": 11, "Actual Loops": 134887, "Cache Key": "c.userid", "Cache Mode": "logical", "Cache Hits": 121727, "Cache Misses": 13160, "Cache Evictions": 0, "Cache Overflows": 0, "Peak Memory Usage": 2078, "Plans": [{"Node Type": "Bitmap Heap Scan", "Parent Relationship": "Outer", "Parallel Aware": false, "Async Capable": false, "Relation Name": "posthistory", "Alias": "ph", "Startup Cost": 0.54, "Total Cost": 4.75, "Plan Rows": 2, "Plan Width": 4, "Actual Rows": 3, "Actual Loops": 13160, "Recheck Cond": "(c.userid = userid)", "Rows Removed by Index Recheck": 0, "Filter": "(posthistorytypeid = 1)", "Rows Removed by Filter": 16, "Exact Heap Blocks": 86161, "Lossy Heap Blocks": 0, "Plans": [{"Node Type": "Bitmap Index Scan", "Parent Relationship": "Outer", "Parallel Aware": false, "Async Capable": false, "Index Name": "idx_posthistory_userid", "Startup Cost": 0.0, "Total Cost": 0.54, "Plan Rows": 14, "Plan Width": 0, "Actual Rows": 19, "Actual Loops": 13160, "Index Cond": "(userid = c.userid)"}]}]}]}]}, "Planning Time": 1.257, "Triggers": [], "Execution Time": 563.112}, {"Plan": {"Node Type": "Aggregate", "Strategy": "Plain", "Partial Mode": "Finalize", "Parallel Aware": false, "Async Capable": false, "Startup Cost": 110798.15, "Total Cost": 110798.16, "Plan Rows": 1, "Plan Width": 8, "Actual Rows": 1, "Actual Loops": 1, "Plans": [{"Node Type": "Gather", "Parent Relationship": "Outer", "Parallel Aware": false, "Async Capable": false, "Startup Cost": 110798.04, "Total Cost": 110798.15, "Plan Rows": 1, "Plan Width": 8, "Actual Rows": 2, "Actual Loops": 1, "Workers Planned": 1, "Workers Launched": 1, "Single Copy": false, "Plans": [{"Node Type": "Aggregate", "Strategy": "Plain", "Partial Mode": "Partial", "Parent Relationship": "Outer", "Parallel Aware": false, "Async Capable": false, "Startup Cost": 109798.04, "Total Cost": 109798.05, "Plan Rows": 1, "Plan Width": 8, "Actual Rows": 1, "Actual Loops": 2, "Workers": [], "Plans": [{"Node Type": "Nested Loop", "Parent Relationship": "Outer", "Parallel Aware": false, "Async Capable": false, "Join Type": "Inner", "Startup Cost": 0.55, "Total Cost": 67429.18, "Plan Rows": 16947546, "Plan Width": 0, "Actual Rows": 729038, "Actual Loops": 2, "Inner Unique": false, "Workers": [], "Plans": [{"Node Type": "Seq Scan", "Parent Relationship": "Outer", "Parallel Aware": true, "Async Capable": false, "Relation Name": "comments", "Alias": "c", "Startup Cost": 0.0, "Total Cost": 2625.65, "Plan Rows": 79345, "Plan Width": 4, "Actual Rows": 67444, "Actual Loops": 2, "Filter": "(score = 0)", "Rows Removed by Filter": 19709, "Workers": []}, {"Node Type": "Memoize", "Parent Relationship": "Inner", "Parallel Aware": false, "Async Capable": false, "Startup Cost": 0.55, "Total Cost": 4.76, "Plan Rows": 2, "Plan Width": 4, "Actual Rows": 11, "Actual Loops": 134887, "Cache Key": "c.userid", "Cache Mode": "logical", "Cache Hits": 69736, "Cache Misses": 9813, "Cache Evictions": 0, "Cache Overflows": 0, "Peak Memory Usage": 1708, "Workers": [{"Worker Number": 0, "Cache Hits": 46995, "Cache Misses": 8343, "Cache Evictions": 0, "Cache Overflows": 0, "Peak Memory Usage": 1531}], "Plans": [{"Node Type": "Bitmap Heap Scan", "Parent Relationship": "Outer", "Parallel Aware": false, "Async Capable": false, "Relation Name": "posthistory", "Alias": "ph", "Startup Cost": 0.54, "Total Cost": 4.75, "Plan Rows": 2, "Plan Width": 4, "Actual Rows": 3, "Actual Loops": 18156, "Recheck Cond": "(c.userid = userid)", "Rows Removed by Index Recheck": 0, "Filter": "(posthistorytypeid = 1)", "Rows Removed by Filter": 22, "Exact Heap Blocks": 80593, "Lossy Heap Blocks": 0, "Workers": [], "Plans": [{"Node Type": "Bitmap Index Scan", "Parent Relationship": "Outer", "Parallel Aware": false, "Async Capable": false, "Index Name": "idx_posthistory_userid", "Startup Cost": 0.0, "Total Cost": 0.54, "Plan Rows": 14, "Plan Width": 0, "Actual Rows": 25, "Actual Loops": 18156, "Index Cond": "(userid = c.userid)", "Workers": []}]}]}]}]}]}]}, "Planning Time": 1.794, "Triggers": [], "Execution Time": 366.028}, {"Plan": {"Node Type": "Aggregate", "Strategy": "Plain", "Partial Mode": "Finalize", "Parallel Aware": false, "Async Capable": false, "Startup Cost": 315692.28, "Total Cost": 315692.29, "Plan Rows": 1, "Plan Width": 8, "Actual Rows": 1, "Actual Loops": 1, "Plans": [{"Node Type": "Gather", "Parent Relationship": "Outer", "Parallel Aware": false, "Async Capable": false, "Startup Cost": 315692.16, "Total Cost": 315692.27, "Plan Rows": 1, "Plan Width": 8, "Actual Rows": 2, "Actual Loops": 1, "Workers Planned": 1, "Workers Launched": 1, "Single Copy": false, "Plans": [{"Node Type": "Aggregate", "Strategy": "Plain", "Partial Mode": "Partial", "Parent Relationship": "Outer", "Parallel Aware": false, "Async Capable": false, "Startup Cost": 314692.16, "Total Cost": 314692.17, "Plan Rows": 1, "Plan Width": 8, "Actual Rows": 1, "Actual Loops": 2, "Workers": [], "Plans": [{"Node Type": "Merge Join", "Parent Relationship": "Outer", "Parallel Aware": false, "Async Capable": false, "Join Type": "Inner", "Startup Cost": 19107.69, "Total Cost": 272323.3, "Plan Rows": 16947546, "Plan Width": 0, "Actual Rows": 729038, "Actual Loops": 2, "Inner Unique": false, "Merge Cond": "(c.userid = ph.userid)", "Workers": [], "Plans": [{"Node Type": "Sort", "Parent Relationship": "Outer", "Parallel Aware": false, "Async Capable": false, "Startup Cost": 9082.69, "Total Cost": 9281.05, "Plan Rows": 79345, "Plan Width": 4, "Actual Rows": 66357, "Actual Loops": 2, "Sort Key": ["c.userid"], "Sort Method": "quicksort", "Sort Space Used": 3073, "Sort Space Type": "Memory", "Workers": [{"Worker Number": 0, "Sort Method": "quicksort", "Sort Space Used": 769, "Sort Space Type": "Memory"}], "Plans": [{"Node Type": "Seq Scan", "Parent Relationship": "Outer", "Parallel Aware": true, "Async Capable": false, "Relation Name": "comments", "Alias": "c", "Startup Cost": 0.0, "Total Cost": 2625.65, "Plan Rows": 79345, "Plan Width": 4, "Actual Rows": 67444, "Actual Loops": 2, "Filter": "(score = 0)", "Rows Removed by Filter": 19709, "Workers": []}]}, {"Node Type": "Sort", "Parent Relationship": "Inner", "Parallel Aware": false, "Async Capable": false, "Startup Cost": 9334.16, "Total Cost": 9441.51, "Plan Rows": 42941, "Plan Width": 4, "Actual Rows": 744330, "Actual Loops": 2, "Sort Key": ["ph.userid"], "Sort Method": "quicksort", "Sort Space Used": 1537, "Sort Space Type": "Memory", "Workers": [{"Worker Number": 0, "Sort Method": "quicksort", "Sort Space Used": 1537, "Sort Space Type": "Memory"}], "Plans": [{"Node Type": "Seq Scan", "Parent Relationship": "Outer", "Parallel Aware": false, "Async Capable": false, "Relation Name": "posthistory", "Alias": "ph", "Startup Cost": 0.0, "Total Cost": 6029.84, "Plan Rows": 42941, "Plan Width": 4, "Actual Rows": 42921, "Actual Loops": 2, "Filter": "(posthistorytypeid = 1)", "Rows Removed by Filter": 260266, "Workers": []}]}]}]}]}]}, "Planning Time": 1.397, "Triggers": [], "Execution Time": 156.111}]