[{"Plan": {"Node Type": "Aggregate", "Strategy": "Plain", "Partial Mode": "Finalize", "Parallel Aware": false, "Async Capable": false, "Startup Cost": 5394028.17, "Total Cost": 5394028.18, "Plan Rows": 1, "Plan Width": 8, "Actual Rows": 1, "Actual Loops": 1, "Plans": [{"Node Type": "Gather", "Parent Relationship": "Outer", "Parallel Aware": false, "Async Capable": false, "Startup Cost": 5394028.06, "Total Cost": 5394028.17, "Plan Rows": 1, "Plan Width": 8, "Actual Rows": 2, "Actual Loops": 1, "Workers Planned": 1, "Workers Launched": 1, "Single Copy": false, "Plans": [{"Node Type": "Aggregate", "Strategy": "Plain", "Partial Mode": "Partial", "Parent Relationship": "Outer", "Parallel Aware": false, "Async Capable": false, "Startup Cost": 5393028.06, "Total Cost": 5393028.07, "Plan Rows": 1, "Plan Width": 8, "Actual Rows": 1, "Actual Loops": 2, "Workers": [], "Plans": [{"Node Type": "Hash Join", "Parent Relationship": "Outer", "Parallel Aware": true, "Async Capable": false, "Join Type": "Inner", "Startup Cost": 5563.18, "Total Cost": 98296.03, "Plan Rows": 2117892812, "Plan Width": 0, "Actual Rows": 9712390, "Actual Loops": 2, "Inner Unique": false, "Hash Cond": "(b.userid = u.id)", "Workers": [], "Plans": [{"Node Type": "Nested Loop", "Parent Relationship": "Outer", "Parallel Aware": false, "Async Capable": false, "Join Type": "Inner", "Startup Cost": 0.3, "Total Cost": 15012.32, "Plan Rows": 2661918, "Plan Width": 8, "Actual Rows": 1727624, "Actual Loops": 2, "Inner Unique": false, "Workers": [], "Plans": [{"Node Type": "Seq Scan", "Parent Relationship": "Outer", "Parallel Aware": true, "Async Capable": false, "Relation Name": "posthistory", "Alias": "ph", "Startup Cost": 0.0, "Total Cost": 4915.18, "Plan Rows": 51475, "Plan Width": 4, "Actual Rows": 43712, "Actual Loops": 2, "Filter": "((creationdate <= '2014-08-01 13:56:22'::timestamp without time zone) AND (posthistorytypeid = 2))", "Rows Removed by Filter": 107882, "Workers": []}, {"Node Type": "Memoize", "Parent Relationship": "Inner", "Parallel Aware": false, "Async Capable": false, "Startup Cost": 0.3, "Total Cost": 0.39, "Plan Rows": 3, "Plan Width": 4, "Actual Rows": 40, "Actual Loops": 87423, "Cache Key": "ph.userid", "Cache Mode": "logical", "Cache Hits": 29112, "Cache Misses": 12503, "Cache Evictions": 0, "Cache Overflows": 0, "Peak Memory Usage": 2783, "Workers": [{"Worker Number": 0, "Cache Hits": 32324, "Cache Misses": 13484, "Cache Evictions": 0, "Cache Overflows": 0, "Peak Memory Usage": 2919}], "Plans": [{"Node Type": "Index Scan", "Parent Relationship": "Outer", "Parallel Aware": false, "Async Capable": false, "Scan Direction": "Forward", "Index Name": "idx_badges_userid", "Relation Name": "badges", "Alias": "b", "Startup Cost": 0.29, "Total Cost": 0.38, "Plan Rows": 3, "Plan Width": 4, "Actual Rows": 4, "Actual Loops": 25987, "Index Cond": "(userid = ph.userid)", "Rows Removed by Index Recheck": 0, "Filter": "(date <= '2014-09-02 23:33:16'::timestamp without time zone)", "Rows Removed by Filter": 0, "Workers": []}]}]}, {"Node Type": "Hash", "Parent Relationship": "Inner", "Parallel Aware": true, "Async Capable": false, "Startup Cost": 4406.19, "Total Cost": 4406.19, "Plan Rows": 92535, "Plan Width": 8, "Actual Rows": 32972, "Actual Loops": 2, "Hash Buckets": 262144, "Original Hash Buckets": 262144, "Hash Batches": 1, "Original Hash Batches": 1, "Peak Memory Usage": 4672, "Workers": [], "Plans": [{"Node Type": "Hash Join", "Parent Relationship": "Outer", "Parallel Aware": false, "Async Capable": false, "Join Type": "Inner", "Startup Cost": 1767.69, "Total Cost": 4406.19, "Plan Rows": 92535, "Plan Width": 8, "Actual Rows": 32972, "Actual Loops": 2, "Inner Unique": true, "Hash Cond": "(c.userid = u.id)", "Workers": [], "Plans": [{"Node Type": "Seq Scan", "Parent Relationship": "Outer", "Parallel Aware": true, "Async Capable": false, "Relation Name": "comments", "Alias": "c", "Startup Cost": 0.0, "Total Cost": 2369.32, "Plan Rows": 102532, "Plan Width": 4, "Actual Rows": 87152, "Actual Loops": 2, "Workers": []}, {"Node Type": "Hash", "Parent Relationship": "Inner", "Parallel Aware": false, "Async Capable": false, "Startup Cost": 1305.12, "Total Cost": 1305.12, "Plan Rows": 37005, "Plan Width": 4, "Actual Rows": 36998, "Actual Loops": 2, "Hash Buckets": 65536, "Original Hash Buckets": 65536, "Hash Batches": 1, "Original Hash Batches": 1, "Peak Memory Usage": 1813, "Workers": [], "Plans": [{"Node Type": "Seq Scan", "Parent Relationship": "Outer", "Parallel Aware": false, "Async Capable": false, "Relation Name": "users", "Alias": "u", "Startup Cost": 0.0, "Total Cost": 1305.12, "Plan Rows": 37005, "Plan Width": 4, "Actual Rows": 36998, "Actual Loops": 2, "Filter": "((views >= 0) AND (downvotes >= 0) AND (upvotes >= 0) AND (upvotes <= 62) AND (creationdate >= '2010-07-27 17:10:30'::timestamp without time zone) AND (creationdate <= '2014-07-31 18:48:36'::timestamp without time zone))", "Rows Removed by Filter": 3327, "Workers": []}]}]}]}]}]}]}]}, "Planning Time": 6.21, "Triggers": [], "Execution Time": 1019.591}, {"Plan": {"Node Type": "Aggregate", "Strategy": "Plain", "Partial Mode": "Simple", "Parallel Aware": false, "Async Capable": false, "Startup Cost": 40009382581.6, "Total Cost": 40009382581.61, "Plan Rows": 1, "Plan Width": 8, "Actual Rows": 1, "Actual Loops": 1, "Plans": [{"Node Type": "Hash Join", "Parent Relationship": "Outer", "Parallel Aware": false, "Async Capable": false, "Join Type": "Inner", "Startup Cost": 40000066253.43, "Total Cost": 40000381537.15, "Plan Rows": 3600417780, "Plan Width": 0, "Actual Rows": 19424781, "Actual Loops": 1, "Inner Unique": false, "Hash Cond": "(b.userid = u.id)", "Plans": [{"Node Type": "Nested Loop", "Parent Relationship": "Outer", "Parallel Aware": false, "Async Capable": false, "Join Type": "Inner", "Startup Cost": 20000000000.75, "Total Cost": 20000104813.31, "Plan Rows": 4525260, "Plan Width": 8, "Actual Rows": 3455248, "Actual Loops": 1, "Inner Unique": false, "Plans": [{"Node Type": "Index Scan", "Parent Relationship": "Outer", "Parallel Aware": false, "Async Capable": false, "Scan Direction": "Forward", "Index Name": "idx_posthistory_userid", "Relation Name": "posthistory", "Alias": "ph", "Startup Cost": 10000000000.42, "Total Cost": 10000013607.96, "Plan Rows": 87508, "Plan Width": 4, "Actual Rows": 87423, "Actual Loops": 1, "Filter": "((creationdate <= '2014-08-01 13:56:22'::timestamp without time zone) AND (posthistorytypeid = 2))", "Rows Removed by Filter": 215764}, {"Node Type": "Memoize", "Parent Relationship": "Inner", "Parallel Aware": false, "Async Capable": false, "Startup Cost": 0.33, "Total Cost": 4.38, "Plan Rows": 3, "Plan Width": 4, "Actual Rows": 40, "Actual Loops": 87423, "Cache Key": "ph.userid", "Cache Mode": "logical", "Cache Hits": 66714, "Cache Misses": 20709, "Cache Evictions": 0, "Cache Overflows": 0, "Peak Memory Usage": 3849, "Plans": [{"Node Type": "Bitmap Heap Scan", "Parent Relationship": "Outer", "Parallel Aware": false, "Async Capable": false, "Relation Name": "badges", "Alias": "b", "Startup Cost": 0.32, "Total Cost": 4.37, "Plan Rows": 3, "Plan Width": 4, "Actual Rows": 3, "Actual Loops": 20709, "Recheck Cond": "(ph.userid = userid)", "Rows Removed by Index Recheck": 0, "Filter": "(date <= '2014-09-02 23:33:16'::timestamp without time zone)", "Rows Removed by Filter": 0, "Exact Heap Blocks": 53723, "Lossy Heap Blocks": 0, "Plans": [{"Node Type": "Bitmap Index Scan", "Parent Relationship": "Outer", "Parallel Aware": false, "Async Capable": false, "Index Name": "idx_badges_userid", "Startup Cost": 0.0, "Total Cost": 0.32, "Plan Rows": 3, "Plan Width": 0, "Actual Rows": 3, "Actual Loops": 20709, "Index Cond": "(userid = ph.userid)"}]}]}]}, {"Node Type": "Hash", "Parent Relationship": "Inner", "Parallel Aware": false, "Async Capable": false, "Startup Cost": 20000064286.32, "Total Cost": 20000064286.32, "Plan Rows": 157309, "Plan Width": 8, "Actual Rows": 65943, "Actual Loops": 1, "Hash Buckets": 262144, "Original Hash Buckets": 262144, "Hash Batches": 1, "Original Hash Batches": 1, "Peak Memory Usage": 4624, "Plans": [{"Node Type": "Nested Loop", "Parent Relationship": "Outer", "Parallel Aware": false, "Async Capable": false, "Join Type": "Inner", "Startup Cost": 20000000000.61, "Total Cost": 20000064286.32, "Plan Rows": 157309, "Plan Width": 8, "Actual Rows": 65943, "Actual Loops": 1, "Inner Unique": true, "Plans": [{"Node Type": "Index Only Scan", "Parent Relationship": "Outer", "Parallel Aware": false, "Async Capable": false, "Scan Direction": "Forward", "Index Name": "idx_comments_userid", "Relation Name": "comments", "Alias": "c", "Startup Cost": 10000000000.3, "Total Cost": 10000003568.78, "Plan Rows": 174305, "Plan Width": 4, "Actual Rows": 174305, "Actual Loops": 1, "Heap Fetches": 0}, {"Node Type": "Memoize", "Parent Relationship": "Inner", "Parallel Aware": false, "Async Capable": false, "Startup Cost": 0.31, "Total Cost": 4.34, "Plan Rows": 1, "Plan Width": 4, "Actual Rows": 0, "Actual Loops": 174305, "Cache Key": "c.userid", "Cache Mode": "logical", "Cache Hits": 160657, "Cache Misses": 13648, "Cache Evictions": 0, "Cache Overflows": 0, "Peak Memory Usage": 1347, "Plans": [{"Node Type": "Bitmap Heap Scan", "Parent Relationship": "Outer", "Parallel Aware": false, "Async Capable": false, "Relation Name": "users", "Alias": "u", "Startup Cost": 0.3, "Total Cost": 4.33, "Plan Rows": 1, "Plan Width": 4, "Actual Rows": 1, "Actual Loops": 13648, "Recheck Cond": "(c.userid = id)", "Rows Removed by Index Recheck": 0, "Filter": "((views >= 0) AND (downvotes >= 0) AND (upvotes >= 0) AND (upvotes <= 62) AND (creationdate >= '2010-07-27 17:10:30'::timestamp without time zone) AND (creationdate <= '2014-07-31 18:48:36'::timestamp without time zone))", "Rows Removed by Filter": 0, "Exact Heap Blocks": 13647, "Lossy Heap Blocks": 0, "Plans": [{"Node Type": "Bitmap Index Scan", "Parent Relationship": "Outer", "Parallel Aware": false, "Async Capable": false, "Index Name": "users_pkey", "Startup Cost": 0.0, "Total Cost": 0.3, "Plan Rows": 1, "Plan Width": 0, "Actual Rows": 1, "Actual Loops": 13648, "Index Cond": "(id = c.userid)"}]}]}]}]}]}]}, "Planning Time": 2.111, "Triggers": [], "Execution Time": 1935.797}, {"Plan": {"Node Type": "Aggregate", "Strategy": "Plain", "Partial Mode": "Finalize", "Parallel Aware": false, "Async Capable": false, "Startup Cost": 5418369.41, "Total Cost": 5418369.42, "Plan Rows": 1, "Plan Width": 8, "Actual Rows": 1, "Actual Loops": 1, "Plans": [{"Node Type": "Gather", "Parent Relationship": "Outer", "Parallel Aware": false, "Async Capable": false, "Startup Cost": 5418369.3, "Total Cost": 5418369.41, "Plan Rows": 1, "Plan Width": 8, "Actual Rows": 2, "Actual Loops": 1, "Workers Planned": 1, "Workers Launched": 1, "Single Copy": false, "Plans": [{"Node Type": "Aggregate", "Strategy": "Plain", "Partial Mode": "Partial", "Parent Relationship": "Outer", "Parallel Aware": false, "Async Capable": false, "Startup Cost": 5417369.3, "Total Cost": 5417369.31, "Plan Rows": 1, "Plan Width": 8, "Actual Rows": 1, "Actual Loops": 2, "Workers": [], "Plans": [{"Node Type": "Hash Join", "Parent Relationship": "Outer", "Parallel Aware": true, "Async Capable": false, "Join Type": "Inner", "Startup Cost": 49988.01, "Total Cost": 122637.27, "Plan Rows": 2117892812, "Plan Width": 0, "Actual Rows": 9712390, "Actual Loops": 2, "Inner Unique": false, "Hash Cond": "(c.userid = u.id)", "Workers": [], "Plans": [{"Node Type": "Index Only Scan", "Parent Relationship": "Outer", "Parallel Aware": true, "Async Capable": false, "Scan Direction": "Forward", "Index Name": "idx_comments_userid", "Relation Name": "comments", "Alias": "c", "Startup Cost": 0.29, "Total Cost": 2851.06, "Plan Rows": 102532, "Plan Width": 4, "Actual Rows": 87152, "Actual Loops": 2, "Heap Fetches": 0, "Workers": []}, {"Node Type": "Hash", "Parent Relationship": "Inner", "Parallel Aware": true, "Async Capable": false, "Startup Cost": 19453.23, "Total Cost": 19453.23, "Plan Rows": 2442759, "Plan Width": 12, "Actual Rows": 170611, "Actual Loops": 2, "Hash Buckets": 4194304, "Original Hash Buckets": 4194304, "Hash Batches": 1, "Original Hash Batches": 1, "Peak Memory Usage": 48800, "Workers": [], "Plans": [{"Node Type": "Hash Join", "Parent Relationship": "Outer", "Parallel Aware": false, "Async Capable": false, "Join Type": "Inner", "Startup Cost": 6601.55, "Total Cost": 19453.23, "Plan Rows": 2442759, "Plan Width": 12, "Actual Rows": 170611, "Actual Loops": 2, "Inner Unique": false, "Hash Cond": "(ph.userid = u.id)", "Workers": [], "Plans": [{"Node Type": "Index Scan", "Parent Relationship": "Outer", "Parallel Aware": true, "Async Capable": false, "Scan Direction": "Forward", "Index Name": "idx_posthistory_userid", "Relation Name": "posthistory", "Alias": "ph", "Startup Cost": 0.42, "Total Cost": 11735.34, "Plan Rows": 51475, "Plan Width": 4, "Actual Rows": 43712, "Actual Loops": 2, "Filter": "((creationdate <= '2014-08-01 13:56:22'::timestamp without time zone) AND (posthistorytypeid = 2))", "Rows Removed by Filter": 107882, "Workers": []}, {"Node Type": "Hash", "Parent Relationship": "Inner", "Parallel Aware": false, "Async Capable": false, "Startup Cost": 5696.59, "Total Cost": 5696.59, "Plan Rows": 72363, "Plan Width": 8, "Actual Rows": 61057, "Actual Loops": 2, "Hash Buckets": 131072, "Original Hash Buckets": 131072, "Hash Batches": 1, "Original Hash Batches": 1, "Peak Memory Usage": 3410, "Workers": [], "Plans": [{"Node Type": "Hash Join", "Parent Relationship": "Outer", "Parallel Aware": false, "Async Capable": false, "Join Type": "Inner", "Startup Cost": 2424.89, "Total Cost": 5696.59, "Plan Rows": 72363, "Plan Width": 8, "Actual Rows": 61057, "Actual Loops": 2, "Inner Unique": true, "Hash Cond": "(b.userid = u.id)", "Workers": [], "Plans": [{"Node Type": "Index Scan", "Parent Relationship": "Outer", "Parallel Aware": false, "Async Capable": false, "Scan Direction": "Forward", "Index Name": "idx_badges_userid", "Relation Name": "badges", "Alias": "b", "Startup Cost": 0.29, "Total Cost": 3064.97, "Plan Rows": 78855, "Plan Width": 4, "Actual Rows": 78855, "Actual Loops": 2, "Filter": "(date <= '2014-09-02 23:33:16'::timestamp without time zone)", "Rows Removed by Filter": 996, "Workers": []}, {"Node Type": "Hash", "Parent Relationship": "Inner", "Parallel Aware": false, "Async Capable": false, "Startup Cost": 1962.04, "Total Cost": 1962.04, "Plan Rows": 37005, "Plan Width": 4, "Actual Rows": 36998, "Actual Loops": 2, "Hash Buckets": 65536, "Original Hash Buckets": 65536, "Hash Batches": 1, "Original Hash Batches": 1, "Peak Memory Usage": 1813, "Workers": [], "Plans": [{"Node Type": "Index Scan", "Parent Relationship": "Outer", "Parallel Aware": false, "Async Capable": false, "Scan Direction": "Forward", "Index Name": "users_pkey", "Relation Name": "users", "Alias": "u", "Startup Cost": 0.29, "Total Cost": 1962.04, "Plan Rows": 37005, "Plan Width": 4, "Actual Rows": 36998, "Actual Loops": 2, "Filter": "((views >= 0) AND (downvotes >= 0) AND (upvotes >= 0) AND (upvotes <= 62) AND (creationdate >= '2010-07-27 17:10:30'::timestamp without time zone) AND (creationdate <= '2014-07-31 18:48:36'::timestamp without time zone))", "Rows Removed by Filter": 3327, "Workers": []}]}]}]}]}]}]}]}]}]}, "Planning Time": 2.304, "Triggers": [], "Execution Time": 1003.089}, {"Plan": {"Node Type": "Aggregate", "Strategy": "Plain", "Partial Mode": "Finalize", "Parallel Aware": false, "Async Capable": false, "Startup Cost": 5416911.62, "Total Cost": 5416911.63, "Plan Rows": 1, "Plan Width": 8, "Actual Rows": 1, "Actual Loops": 1, "Plans": [{"Node Type": "Gather", "Parent Relationship": "Outer", "Parallel Aware": false, "Async Capable": false, "Startup Cost": 5416911.5, "Total Cost": 5416911.61, "Plan Rows": 1, "Plan Width": 8, "Actual Rows": 2, "Actual Loops": 1, "Workers Planned": 1, "Workers Launched": 1, "Single Copy": false, "Plans": [{"Node Type": "Aggregate", "Strategy": "Plain", "Partial Mode": "Partial", "Parent Relationship": "Outer", "Parallel Aware": false, "Async Capable": false, "Startup Cost": 5415911.5, "Total Cost": 5415911.51, "Plan Rows": 1, "Plan Width": 8, "Actual Rows": 1, "Actual Loops": 2, "Workers": [], "Plans": [{"Node Type": "Hash Join", "Parent Relationship": "Outer", "Parallel Aware": true, "Async Capable": false, "Join Type": "Inner", "Startup Cost": 48530.21, "Total Cost": 121179.47, "Plan Rows": 2117892812, "Plan Width": 0, "Actual Rows": 9712390, "Actual Loops": 2, "Inner Unique": false, "Hash Cond": "(c.userid = u.id)", "Workers": [], "Plans": [{"Node Type": "Index Only Scan", "Parent Relationship": "Outer", "Parallel Aware": true, "Async Capable": false, "Scan Direction": "Forward", "Index Name": "idx_comments_userid", "Relation Name": "comments", "Alias": "c", "Startup Cost": 0.29, "Total Cost": 2851.06, "Plan Rows": 102532, "Plan Width": 4, "Actual Rows": 87152, "Actual Loops": 2, "Heap Fetches": 0, "Workers": []}, {"Node Type": "Hash", "Parent Relationship": "Inner", "Parallel Aware": true, "Async Capable": false, "Startup Cost": 17995.43, "Total Cost": 17995.43, "Plan Rows": 2442759, "Plan Width": 12, "Actual Rows": 170611, "Actual Loops": 2, "Hash Buckets": 4194304, "Original Hash Buckets": 4194304, "Hash Batches": 1, "Original Hash Batches": 1, "Peak Memory Usage": 48800, "Workers": [], "Plans": [{"Node Type": "Merge Join", "Parent Relationship": "Outer", "Parallel Aware": false, "Async Capable": false, "Join Type": "Inner", "Startup Cost": 1.94, "Total Cost": 17995.43, "Plan Rows": 2442759, "Plan Width": 12, "Actual Rows": 170611, "Actual Loops": 2, "Inner Unique": false, "Merge Cond": "(u.id = b.userid)", "Workers": [], "Plans": [{"Node Type": "Merge Join", "Parent Relationship": "Outer", "Parallel Aware": false, "Async Capable": false, "Join Type": "Inner", "Startup Cost": 0.71, "Total Cost": 13531.8, "Plan Rows": 43948, "Plan Width": 8, "Actual Rows": 24860, "Actual Loops": 2, "Inner Unique": true, "Merge Cond": "(ph.userid = u.id)", "Workers": [], "Plans": [{"Node Type": "Index Scan", "Parent Relationship": "Outer", "Parallel Aware": true, "Async Capable": false, "Scan Direction": "Forward", "Index Name": "idx_posthistory_userid", "Relation Name": "posthistory", "Alias": "ph", "Startup Cost": 0.42, "Total Cost": 11735.34, "Plan Rows": 51475, "Plan Width": 4, "Actual Rows": 43009, "Actual Loops": 2, "Filter": "((creationdate <= '2014-08-01 13:56:22'::timestamp without time zone) AND (posthistorytypeid = 2))", "Rows Removed by Filter": 95672, "Workers": []}, {"Node Type": "Index Scan", "Parent Relationship": "Inner", "Parallel Aware": false, "Async Capable": false, "Scan Direction": "Forward", "Index Name": "users_pkey", "Relation Name": "users", "Alias": "u", "Startup Cost": 0.29, "Total Cost": 1962.04, "Plan Rows": 37005, "Plan Width": 4, "Actual Rows": 36998, "Actual Loops": 2, "Filter": "((views >= 0) AND (downvotes >= 0) AND (upvotes >= 0) AND (upvotes <= 62) AND (creationdate >= '2010-07-27 17:10:30'::timestamp without time zone) AND (creationdate <= '2014-07-31 18:48:36'::timestamp without time zone))", "Rows Removed by Filter": 3327, "Workers": []}]}, {"Node Type": "Materialize", "Parent Relationship": "Inner", "Parallel Aware": false, "Async Capable": false, "Startup Cost": 0.29, "Total Cost": 3262.11, "Plan Rows": 78855, "Plan Width": 4, "Actual Rows": 220997, "Actual Loops": 2, "Workers": [], "Plans": [{"Node Type": "Index Scan", "Parent Relationship": "Outer", "Parallel Aware": false, "Async Capable": false, "Scan Direction": "Forward", "Index Name": "idx_badges_userid", "Relation Name": "badges", "Alias": "b", "Startup Cost": 0.29, "Total Cost": 3064.97, "Plan Rows": 78855, "Plan Width": 4, "Actual Rows": 77460, "Actual Loops": 2, "Filter": "(date <= '2014-09-02 23:33:16'::timestamp without time zone)", "Rows Removed by Filter": 556, "Workers": []}]}]}]}]}]}]}]}, "Planning Time": 3.274, "Triggers": [], "Execution Time": 966.089}, {"Plan": {"Node Type": "Aggregate", "Strategy": "Plain", "Partial Mode": "Finalize", "Parallel Aware": false, "Async Capable": false, "Startup Cost": 5401986.97, "Total Cost": 5401986.98, "Plan Rows": 1, "Plan Width": 8, "Actual Rows": 1, "Actual Loops": 1, "Plans": [{"Node Type": "Gather", "Parent Relationship": "Outer", "Parallel Aware": false, "Async Capable": false, "Startup Cost": 5401986.86, "Total Cost": 5401986.97, "Plan Rows": 1, "Plan Width": 8, "Actual Rows": 2, "Actual Loops": 1, "Workers Planned": 1, "Workers Launched": 1, "Single Copy": false, "Plans": [{"Node Type": "Aggregate", "Strategy": "Plain", "Partial Mode": "Partial", "Parent Relationship": "Outer", "Parallel Aware": false, "Async Capable": false, "Startup Cost": 5400986.86, "Total Cost": 5400986.87, "Plan Rows": 1, "Plan Width": 8, "Actual Rows": 1, "Actual Loops": 2, "Workers": [], "Plans": [{"Node Type": "Hash Join", "Parent Relationship": "Outer", "Parallel Aware": true, "Async Capable": false, "Join Type": "Inner", "Startup Cost": 6702.25, "Total Cost": 106254.83, "Plan Rows": 2117892812, "Plan Width": 0, "Actual Rows": 9712390, "Actual Loops": 2, "Inner Unique": false, "Hash Cond": "(b.userid = u.id)", "Workers": [], "Plans": [{"Node Type": "Nested Loop", "Parent Relationship": "Outer", "Parallel Aware": false, "Async Capable": false, "Join Type": "Inner", "Startup Cost": 0.72, "Total Cost": 21832.48, "Plan Rows": 2661918, "Plan Width": 8, "Actual Rows": 1727624, "Actual Loops": 2, "Inner Unique": false, "Workers": [], "Plans": [{"Node Type": "Index Scan", "Parent Relationship": "Outer", "Parallel Aware": true, "Async Capable": false, "Scan Direction": "Forward", "Index Name": "idx_posthistory_userid", "Relation Name": "posthistory", "Alias": "ph", "Startup Cost": 0.42, "Total Cost": 11735.34, "Plan Rows": 51475, "Plan Width": 4, "Actual Rows": 43712, "Actual Loops": 2, "Filter": "((creationdate <= '2014-08-01 13:56:22'::timestamp without time zone) AND (posthistorytypeid = 2))", "Rows Removed by Filter": 107882, "Workers": []}, {"Node Type": "Memoize", "Parent Relationship": "Inner", "Parallel Aware": false, "Async Capable": false, "Startup Cost": 0.3, "Total Cost": 0.39, "Plan Rows": 3, "Plan Width": 4, "Actual Rows": 40, "Actual Loops": 87423, "Cache Key": "ph.userid", "Cache Mode": "logical", "Cache Hits": 39847, "Cache Misses": 12737, "Cache Evictions": 0, "Cache Overflows": 0, "Peak Memory Usage": 2428, "Workers": [{"Worker Number": 0, "Cache Hits": 26842, "Cache Misses": 7997, "Cache Evictions": 0, "Cache Overflows": 0, "Peak Memory Usage": 1532}], "Plans": [{"Node Type": "Index Scan", "Parent Relationship": "Outer", "Parallel Aware": false, "Async Capable": false, "Scan Direction": "Forward", "Index Name": "idx_badges_userid", "Relation Name": "badges", "Alias": "b", "Startup Cost": 0.29, "Total Cost": 0.38, "Plan Rows": 3, "Plan Width": 4, "Actual Rows": 4, "Actual Loops": 20734, "Index Cond": "(userid = ph.userid)", "Rows Removed by Index Recheck": 0, "Filter": "(date <= '2014-09-02 23:33:16'::timestamp without time zone)", "Rows Removed by Filter": 0, "Workers": []}]}]}, {"Node Type": "Hash", "Parent Relationship": "Inner", "Parallel Aware": true, "Async Capable": false, "Startup Cost": 5544.84, "Total Cost": 5544.84, "Plan Rows": 92535, "Plan Width": 8, "Actual Rows": 32972, "Actual Loops": 2, "Hash Buckets": 262144, "Original Hash Buckets": 262144, "Hash Batches": 1, "Original Hash Batches": 1, "Peak Memory Usage": 4672, "Workers": [], "Plans": [{"Node Type": "Hash Join", "Parent Relationship": "Outer", "Parallel Aware": false, "Async Capable": false, "Join Type": "Inner", "Startup Cost": 2424.9, "Total Cost": 5544.84, "Plan Rows": 92535, "Plan Width": 8, "Actual Rows": 32972, "Actual Loops": 2, "Inner Unique": true, "Hash Cond": "(c.userid = u.id)", "Workers": [], "Plans": [{"Node Type": "Index Only Scan", "Parent Relationship": "Outer", "Parallel Aware": true, "Async Capable": false, "Scan Direction": "Forward", "Index Name": "idx_comments_userid", "Relation Name": "comments", "Alias": "c", "Startup Cost": 0.29, "Total Cost": 2851.06, "Plan Rows": 102532, "Plan Width": 4, "Actual Rows": 87152, "Actual Loops": 2, "Heap Fetches": 0, "Workers": []}, {"Node Type": "Hash", "Parent Relationship": "Inner", "Parallel Aware": false, "Async Capable": false, "Startup Cost": 1962.04, "Total Cost": 1962.04, "Plan Rows": 37005, "Plan Width": 4, "Actual Rows": 36998, "Actual Loops": 2, "Hash Buckets": 65536, "Original Hash Buckets": 65536, "Hash Batches": 1, "Original Hash Batches": 1, "Peak Memory Usage": 1813, "Workers": [], "Plans": [{"Node Type": "Index Scan", "Parent Relationship": "Outer", "Parallel Aware": false, "Async Capable": false, "Scan Direction": "Forward", "Index Name": "users_pkey", "Relation Name": "users", "Alias": "u", "Startup Cost": 0.29, "Total Cost": 1962.04, "Plan Rows": 37005, "Plan Width": 4, "Actual Rows": 36998, "Actual Loops": 2, "Filter": "((views >= 0) AND (downvotes >= 0) AND (upvotes >= 0) AND (upvotes <= 62) AND (creationdate >= '2010-07-27 17:10:30'::timestamp without time zone) AND (creationdate <= '2014-07-31 18:48:36'::timestamp without time zone))", "Rows Removed by Filter": 3327, "Workers": []}]}]}]}]}]}]}]}, "Planning Time": 6.289, "Triggers": [], "Execution Time": 1027.89}, {"Plan": {"Node Type": "Aggregate", "Strategy": "Plain", "Partial Mode": "Finalize", "Parallel Aware": false, "Async Capable": false, "Startup Cost": 5408775.78, "Total Cost": 5408775.79, "Plan Rows": 1, "Plan Width": 8, "Actual Rows": 1, "Actual Loops": 1, "Plans": [{"Node Type": "Gather", "Parent Relationship": "Outer", "Parallel Aware": false, "Async Capable": false, "Startup Cost": 5408775.66, "Total Cost": 5408775.77, "Plan Rows": 1, "Plan Width": 8, "Actual Rows": 2, "Actual Loops": 1, "Workers Planned": 1, "Workers Launched": 1, "Single Copy": false, "Plans": [{"Node Type": "Aggregate", "Strategy": "Plain", "Partial Mode": "Partial", "Parent Relationship": "Outer", "Parallel Aware": false, "Async Capable": false, "Startup Cost": 5407775.66, "Total Cost": 5407775.67, "Plan Rows": 1, "Plan Width": 8, "Actual Rows": 1, "Actual Loops": 2, "Workers": [], "Plans": [{"Node Type": "Hash Join", "Parent Relationship": "Outer", "Parallel Aware": true, "Async Capable": false, "Join Type": "Inner", "Startup Cost": 40875.81, "Total Cost": 113043.63, "Plan Rows": 2117892812, "Plan Width": 0, "Actual Rows": 9712390, "Actual Loops": 2, "Inner Unique": false, "Hash Cond": "(c.userid = u.id)", "Workers": [], "Plans": [{"Node Type": "Seq Scan", "Parent Relationship": "Outer", "Parallel Aware": true, "Async Capable": false, "Relation Name": "comments", "Alias": "c", "Startup Cost": 0.0, "Total Cost": 2369.32, "Plan Rows": 102532, "Plan Width": 4, "Actual Rows": 87152, "Actual Loops": 2, "Workers": []}, {"Node Type": "Hash", "Parent Relationship": "Inner", "Parallel Aware": true, "Async Capable": false, "Startup Cost": 10341.32, "Total Cost": 10341.32, "Plan Rows": 2442759, "Plan Width": 12, "Actual Rows": 170611, "Actual Loops": 2, "Hash Buckets": 4194304, "Original Hash Buckets": 4194304, "Hash Batches": 1, "Original Hash Batches": 1, "Peak Memory Usage": 48800, "Workers": [], "Plans": [{"Node Type": "Hash Join", "Parent Relationship": "Outer", "Parallel Aware": false, "Async Capable": false, "Join Type": "Inner", "Startup Cost": 4309.38, "Total Cost": 10341.32, "Plan Rows": 2442759, "Plan Width": 12, "Actual Rows": 170611, "Actual Loops": 2, "Inner Unique": false, "Hash Cond": "(ph.userid = u.id)", "Workers": [], "Plans": [{"Node Type": "Seq Scan", "Parent Relationship": "Outer", "Parallel Aware": true, "Async Capable": false, "Relation Name": "posthistory", "Alias": "ph", "Startup Cost": 0.0, "Total Cost": 4915.18, "Plan Rows": 51475, "Plan Width": 4, "Actual Rows": 43712, "Actual Loops": 2, "Filter": "((creationdate <= '2014-08-01 13:56:22'::timestamp without time zone) AND (posthistorytypeid = 2))", "Rows Removed by Filter": 107882, "Workers": []}, {"Node Type": "Hash", "Parent Relationship": "Inner", "Parallel Aware": false, "Async Capable": false, "Startup Cost": 3404.84, "Total Cost": 3404.84, "Plan Rows": 72363, "Plan Width": 8, "Actual Rows": 61057, "Actual Loops": 2, "Hash Buckets": 131072, "Original Hash Buckets": 131072, "Hash Batches": 1, "Original Hash Batches": 1, "Peak Memory Usage": 3410, "Workers": [], "Plans": [{"Node Type": "Hash Join", "Parent Relationship": "Outer", "Parallel Aware": false, "Async Capable": false, "Join Type": "Inner", "Startup Cost": 1767.69, "Total Cost": 3404.84, "Plan Rows": 72363, "Plan Width": 8, "Actual Rows": 61057, "Actual Loops": 2, "Inner Unique": true, "Hash Cond": "(b.userid = u.id)", "Workers": [], "Plans": [{"Node Type": "Seq Scan", "Parent Relationship": "Outer", "Parallel Aware": false, "Async Capable": false, "Relation Name": "badges", "Alias": "b", "Startup Cost": 0.0, "Total Cost": 1430.14, "Plan Rows": 78855, "Plan Width": 4, "Actual Rows": 78855, "Actual Loops": 2, "Filter": "(date <= '2014-09-02 23:33:16'::timestamp without time zone)", "Rows Removed by Filter": 996, "Workers": []}, {"Node Type": "Hash", "Parent Relationship": "Inner", "Parallel Aware": false, "Async Capable": false, "Startup Cost": 1305.12, "Total Cost": 1305.12, "Plan Rows": 37005, "Plan Width": 4, "Actual Rows": 36998, "Actual Loops": 2, "Hash Buckets": 65536, "Original Hash Buckets": 65536, "Hash Batches": 1, "Original Hash Batches": 1, "Peak Memory Usage": 1813, "Workers": [], "Plans": [{"Node Type": "Seq Scan", "Parent Relationship": "Outer", "Parallel Aware": false, "Async Capable": false, "Relation Name": "users", "Alias": "u", "Startup Cost": 0.0, "Total Cost": 1305.12, "Plan Rows": 37005, "Plan Width": 4, "Actual Rows": 36998, "Actual Loops": 2, "Filter": "((views >= 0) AND (downvotes >= 0) AND (upvotes >= 0) AND (upvotes <= 62) AND (creationdate >= '2010-07-27 17:10:30'::timestamp without time zone) AND (creationdate <= '2014-07-31 18:48:36'::timestamp without time zone))", "Rows Removed by Filter": 3327, "Workers": []}]}]}]}]}]}]}]}]}]}, "Planning Time": 3.207, "Triggers": [], "Execution Time": 1016.481}, {"Plan": {"Node Type": "Aggregate", "Strategy": "Plain", "Partial Mode": "Simple", "Parallel Aware": false, "Async Capable": false, "Startup Cost": 40009278934.13, "Total Cost": 40009278934.14, "Plan Rows": 1, "Plan Width": 8, "Actual Rows": 1, "Actual Loops": 1, "Plans": [{"Node Type": "Hash Join", "Parent Relationship": "Outer", "Parallel Aware": false, "Async Capable": false, "Join Type": "Inner", "Startup Cost": 40000072951.4, "Total Cost": 40000277889.68, "Plan Rows": 3600417780, "Plan Width": 0, "Actual Rows": 19424781, "Actual Loops": 1, "Inner Unique": false, "Hash Cond": "(c.userid = u.id)", "Plans": [{"Node Type": "Index Only Scan", "Parent Relationship": "Outer", "Parallel Aware": false, "Async Capable": false, "Scan Direction": "Forward", "Index Name": "idx_comments_userid", "Relation Name": "comments", "Alias": "c", "Startup Cost": 10000000000.3, "Total Cost": 10000003568.78, "Plan Rows": 174305, "Plan Width": 4, "Actual Rows": 174305, "Actual Loops": 1, "Heap Fetches": 0}, {"Node Type": "Hash", "Parent Relationship": "Inner", "Parallel Aware": false, "Async Capable": false, "Startup Cost": 30000021042.47, "Total Cost": 30000021042.47, "Plan Rows": 4152691, "Plan Width": 12, "Actual Rows": 341222, "Actual Loops": 1, "Hash Buckets": 4194304, "Original Hash Buckets": 4194304, "Hash Batches": 1, "Original Hash Batches": 1, "Peak Memory Usage": 47430, "Plans": [{"Node Type": "Merge Join", "Parent Relationship": "Outer", "Parallel Aware": false, "Async Capable": false, "Join Type": "Inner", "Startup Cost": 30000000001.12, "Total Cost": 30000021042.47, "Plan Rows": 4152691, "Plan Width": 12, "Actual Rows": 341222, "Actual Loops": 1, "Inner Unique": false, "Merge Cond": "(u.id = ph.userid)", "Plans": [{"Node Type": "Merge Join", "Parent Relationship": "Outer", "Parallel Aware": false, "Async Capable": false, "Join Type": "Inner", "Startup Cost": 20000000000.69, "Total Cost": 20000006040.23, "Plan Rows": 72363, "Plan Width": 8, "Actual Rows": 61057, "Actual Loops": 1, "Inner Unique": true, "Merge Cond": "(b.userid = u.id)", "Plans": [{"Node Type": "Index Scan", "Parent Relationship": "Outer", "Parallel Aware": false, "Async Capable": false, "Scan Direction": "Forward", "Index Name": "idx_badges_userid", "Relation Name": "badges", "Alias": "b", "Startup Cost": 10000000000.29, "Total Cost": 10000003064.97, "Plan Rows": 78855, "Plan Width": 4, "Actual Rows": 77576, "Actual Loops": 1, "Filter": "(date <= '2014-09-02 23:33:16'::timestamp without time zone)", "Rows Removed by Filter": 557}, {"Node Type": "Index Scan", "Parent Relationship": "Inner", "Parallel Aware": false, "Async Capable": false, "Scan Direction": "Forward", "Index Name": "users_pkey", "Relation Name": "users", "Alias": "u", "Startup Cost": 10000000000.29, "Total Cost": 10000001962.04, "Plan Rows": 37005, "Plan Width": 4, "Actual Rows": 36998, "Actual Loops": 1, "Filter": "((views >= 0) AND (downvotes >= 0) AND (upvotes >= 0) AND (upvotes <= 62) AND (creationdate >= '2010-07-27 17:10:30'::timestamp without time zone) AND (creationdate <= '2014-07-31 18:48:36'::timestamp without time zone))", "Rows Removed by Filter": 3327}]}, {"Node Type": "Materialize", "Parent Relationship": "Inner", "Parallel Aware": false, "Async Capable": false, "Startup Cost": 10000000000.42, "Total Cost": 10000013826.73, "Plan Rows": 87508, "Plan Width": 4, "Actual Rows": 379830, "Actual Loops": 1, "Plans": [{"Node Type": "Index Scan", "Parent Relationship": "Outer", "Parallel Aware": false, "Async Capable": false, "Scan Direction": "Forward", "Index Name": "idx_posthistory_userid", "Relation Name": "posthistory", "Alias": "ph", "Startup Cost": 10000000000.42, "Total Cost": 10000013607.96, "Plan Rows": 87508, "Plan Width": 4, "Actual Rows": 86017, "Actual Loops": 1, "Filter": "((creationdate <= '2014-08-01 13:56:22'::timestamp without time zone) AND (posthistorytypeid = 2))", "Rows Removed by Filter": 191344}]}]}]}]}]}, "Planning Time": 2.878, "Triggers": [], "Execution Time": 1688.47}, {"Plan": {"Node Type": "Aggregate", "Strategy": "Plain", "Partial Mode": "Simple", "Parallel Aware": false, "Async Capable": false, "Startup Cost": 10010090216.36, "Total Cost": 10010090216.37, "Plan Rows": 1, "Plan Width": 8, "Actual Rows": 1, "Actual Loops": 1, "Plans": [{"Node Type": "Nested Loop", "Parent Relationship": "Outer", "Parallel Aware": false, "Async Capable": false, "Join Type": "Inner", "Startup Cost": 10000000001.49, "Total Cost": 10001089171.91, "Plan Rows": 3600417780, "Plan Width": 0, "Actual Rows": 19424781, "Actual Loops": 1, "Inner Unique": false, "Plans": [{"Node Type": "Nested Loop", "Parent Relationship": "Outer", "Parallel Aware": false, "Async Capable": false, "Join Type": "Inner", "Startup Cost": 10000000001.07, "Total Cost": 10000193024.45, "Plan Rows": 4152691, "Plan Width": 12, "Actual Rows": 341222, "Actual Loops": 1, "Inner Unique": false, "Join Filter": "(b.userid = u.id)", "Rows Removed by Join Filter": 0, "Plans": [{"Node Type": "Nested Loop", "Parent Relationship": "Outer", "Parallel Aware": false, "Async Capable": false, "Join Type": "Inner", "Startup Cost": 10000000000.74, "Total Cost": 10000101898.79, "Plan Rows": 74711, "Plan Width": 8, "Actual Rows": 49719, "Actual Loops": 1, "Inner Unique": true, "Plans": [{"Node Type": "Index Scan", "Parent Relationship": "Outer", "Parallel Aware": false, "Async Capable": false, "Scan Direction": "Forward", "Index Name": "idx_posthistory_userid", "Relation Name": "posthistory", "Alias": "ph", "Startup Cost": 10000000000.42, "Total Cost": 10000013607.96, "Plan Rows": 87508, "Plan Width": 4, "Actual Rows": 87423, "Actual Loops": 1, "Filter": "((creationdate <= '2014-08-01 13:56:22'::timestamp without time zone) AND (posthistorytypeid = 2))", "Rows Removed by Filter": 215764}, {"Node Type": "Memoize", "Parent Relationship": "Inner", "Parallel Aware": false, "Async Capable": false, "Startup Cost": 0.31, "Total Cost": 4.34, "Plan Rows": 1, "Plan Width": 4, "Actual Rows": 1, "Actual Loops": 87423, "Cache Key": "ph.userid", "Cache Mode": "logical", "Cache Hits": 66714, "Cache Misses": 20709, "Cache Evictions": 0, "Cache Overflows": 0, "Peak Memory Usage": 2080, "Plans": [{"Node Type": "Bitmap Heap Scan", "Parent Relationship": "Outer", "Parallel Aware": false, "Async Capable": false, "Relation Name": "users", "Alias": "u", "Startup Cost": 0.3, "Total Cost": 4.33, "Plan Rows": 1, "Plan Width": 4, "Actual Rows": 1, "Actual Loops": 20709, "Recheck Cond": "(ph.userid = id)", "Rows Removed by Index Recheck": 0, "Filter": "((views >= 0) AND (downvotes >= 0) AND (upvotes >= 0) AND (upvotes <= 62) AND (creationdate >= '2010-07-27 17:10:30'::timestamp without time zone) AND (creationdate <= '2014-07-31 18:48:36'::timestamp without time zone))", "Rows Removed by Filter": 0, "Exact Heap Blocks": 20708, "Lossy Heap Blocks": 0, "Plans": [{"Node Type": "Bitmap Index Scan", "Parent Relationship": "Outer", "Parallel Aware": false, "Async Capable": false, "Index Name": "users_pkey", "Startup Cost": 0.0, "Total Cost": 0.3, "Plan Rows": 1, "Plan Width": 0, "Actual Rows": 1, "Actual Loops": 20709, "Index Cond": "(id = ph.userid)"}]}]}]}, {"Node Type": "Memoize", "Parent Relationship": "Inner", "Parallel Aware": false, "Async Capable": false, "Startup Cost": 0.33, "Total Cost": 4.38, "Plan Rows": 3, "Plan Width": 4, "Actual Rows": 7, "Actual Loops": 49719, "Cache Key": "ph.userid", "Cache Mode": "logical", "Cache Hits": 29696, "Cache Misses": 20023, "Cache Evictions": 0, "Cache Overflows": 0, "Peak Memory Usage": 3232, "Plans": [{"Node Type": "Bitmap Heap Scan", "Parent Relationship": "Outer", "Parallel Aware": false, "Async Capable": false, "Relation Name": "badges", "Alias": "b", "Startup Cost": 0.32, "Total Cost": 4.37, "Plan Rows": 3, "Plan Width": 4, "Actual Rows": 3, "Actual Loops": 20023, "Recheck Cond": "(ph.userid = userid)", "Rows Removed by Index Recheck": 0, "Filter": "(date <= '2014-09-02 23:33:16'::timestamp without time zone)", "Rows Removed by Filter": 0, "Exact Heap Blocks": 41567, "Lossy Heap Blocks": 0, "Plans": [{"Node Type": "Bitmap Index Scan", "Parent Relationship": "Outer", "Parallel Aware": false, "Async Capable": false, "Index Name": "idx_badges_userid", "Startup Cost": 0.0, "Total Cost": 0.32, "Plan Rows": 3, "Plan Width": 0, "Actual Rows": 3, "Actual Loops": 20023, "Index Cond": "(userid = ph.userid)"}]}]}]}, {"Node Type": "Memoize", "Parent Relationship": "Inner", "Parallel Aware": false, "Async Capable": false, "Startup Cost": 0.43, "Total Cost": 4.59, "Plan Rows": 13, "Plan Width": 4, "Actual Rows": 57, "Actual Loops": 341222, "Cache Key": "u.id", "Cache Mode": "logical", "Cache Hits": 323411, "Cache Misses": 17811, "Cache Evictions": 0, "Cache Overflows": 0, "Peak Memory Usage": 3412, "Plans": [{"Node Type": "Bitmap Heap Scan", "Parent Relationship": "Outer", "Parallel Aware": false, "Async Capable": false, "Relation Name": "comments", "Alias": "c", "Startup Cost": 0.42, "Total Cost": 4.58, "Plan Rows": 13, "Plan Width": 4, "Actual Rows": 4, "Actual Loops": 17811, "Recheck Cond": "(userid = u.id)", "Rows Removed by Index Recheck": 0, "Exact Heap Blocks": 35859, "Lossy Heap Blocks": 0, "Plans": [{"Node Type": "Bitmap Index Scan", "Parent Relationship": "Outer", "Parallel Aware": false, "Async Capable": false, "Index Name": "idx_comments_userid", "Startup Cost": 0.0, "Total Cost": 0.41, "Plan Rows": 13, "Plan Width": 0, "Actual Rows": 4, "Actual Loops": 17811, "Index Cond": "(userid = u.id)"}]}]}]}]}, "Planning Time": 2.825, "Triggers": [], "Execution Time": 1640.206}, {"Plan": {"Node Type": "Aggregate", "Strategy": "Plain", "Partial Mode": "Finalize", "Parallel Aware": false, "Async Capable": false, "Startup Cost": 5422623.83, "Total Cost": 5422623.84, "Plan Rows": 1, "Plan Width": 8, "Actual Rows": 1, "Actual Loops": 1, "Plans": [{"Node Type": "Gather", "Parent Relationship": "Outer", "Parallel Aware": false, "Async Capable": false, "Startup Cost": 5422623.72, "Total Cost": 5422623.83, "Plan Rows": 1, "Plan Width": 8, "Actual Rows": 2, "Actual Loops": 1, "Workers Planned": 1, "Workers Launched": 1, "Single Copy": false, "Plans": [{"Node Type": "Aggregate", "Strategy": "Plain", "Partial Mode": "Partial", "Parent Relationship": "Outer", "Parallel Aware": false, "Async Capable": false, "Startup Cost": 5421623.72, "Total Cost": 5421623.73, "Plan Rows": 1, "Plan Width": 8, "Actual Rows": 1, "Actual Loops": 2, "Workers": [], "Plans": [{"Node Type": "Hash Join", "Parent Relationship": "Outer", "Parallel Aware": true, "Async Capable": false, "Join Type": "Inner", "Startup Cost": 49988.01, "Total Cost": 126891.69, "Plan Rows": 2117892812, "Plan Width": 0, "Actual Rows": 9712390, "Actual Loops": 2, "Inner Unique": false, "Hash Cond": "(c.userid = u.id)", "Workers": [], "Plans": [{"Node Type": "Index Scan", "Parent Relationship": "Outer", "Parallel Aware": true, "Async Capable": false, "Scan Direction": "Forward", "Index Name": "idx_comments_userid", "Relation Name": "comments", "Alias": "c", "Startup Cost": 0.29, "Total Cost": 7105.47, "Plan Rows": 102532, "Plan Width": 4, "Actual Rows": 87152, "Actual Loops": 2, "Workers": []}, {"Node Type": "Hash", "Parent Relationship": "Inner", "Parallel Aware": true, "Async Capable": false, "Startup Cost": 19453.23, "Total Cost": 19453.23, "Plan Rows": 2442759, "Plan Width": 12, "Actual Rows": 170611, "Actual Loops": 2, "Hash Buckets": 4194304, "Original Hash Buckets": 4194304, "Hash Batches": 1, "Original Hash Batches": 1, "Peak Memory Usage": 48800, "Workers": [], "Plans": [{"Node Type": "Hash Join", "Parent Relationship": "Outer", "Parallel Aware": false, "Async Capable": false, "Join Type": "Inner", "Startup Cost": 6601.55, "Total Cost": 19453.23, "Plan Rows": 2442759, "Plan Width": 12, "Actual Rows": 170611, "Actual Loops": 2, "Inner Unique": false, "Hash Cond": "(ph.userid = u.id)", "Workers": [], "Plans": [{"Node Type": "Index Scan", "Parent Relationship": "Outer", "Parallel Aware": true, "Async Capable": false, "Scan Direction": "Forward", "Index Name": "idx_posthistory_userid", "Relation Name": "posthistory", "Alias": "ph", "Startup Cost": 0.42, "Total Cost": 11735.34, "Plan Rows": 51475, "Plan Width": 4, "Actual Rows": 43712, "Actual Loops": 2, "Filter": "((creationdate <= '2014-08-01 13:56:22'::timestamp without time zone) AND (posthistorytypeid = 2))", "Rows Removed by Filter": 107882, "Workers": []}, {"Node Type": "Hash", "Parent Relationship": "Inner", "Parallel Aware": false, "Async Capable": false, "Startup Cost": 5696.59, "Total Cost": 5696.59, "Plan Rows": 72363, "Plan Width": 8, "Actual Rows": 61057, "Actual Loops": 2, "Hash Buckets": 131072, "Original Hash Buckets": 131072, "Hash Batches": 1, "Original Hash Batches": 1, "Peak Memory Usage": 3410, "Workers": [], "Plans": [{"Node Type": "Hash Join", "Parent Relationship": "Outer", "Parallel Aware": false, "Async Capable": false, "Join Type": "Inner", "Startup Cost": 2424.89, "Total Cost": 5696.59, "Plan Rows": 72363, "Plan Width": 8, "Actual Rows": 61057, "Actual Loops": 2, "Inner Unique": true, "Hash Cond": "(b.userid = u.id)", "Workers": [], "Plans": [{"Node Type": "Index Scan", "Parent Relationship": "Outer", "Parallel Aware": false, "Async Capable": false, "Scan Direction": "Forward", "Index Name": "idx_badges_userid", "Relation Name": "badges", "Alias": "b", "Startup Cost": 0.29, "Total Cost": 3064.97, "Plan Rows": 78855, "Plan Width": 4, "Actual Rows": 78855, "Actual Loops": 2, "Filter": "(date <= '2014-09-02 23:33:16'::timestamp without time zone)", "Rows Removed by Filter": 996, "Workers": []}, {"Node Type": "Hash", "Parent Relationship": "Inner", "Parallel Aware": false, "Async Capable": false, "Startup Cost": 1962.04, "Total Cost": 1962.04, "Plan Rows": 37005, "Plan Width": 4, "Actual Rows": 36998, "Actual Loops": 2, "Hash Buckets": 65536, "Original Hash Buckets": 65536, "Hash Batches": 1, "Original Hash Batches": 1, "Peak Memory Usage": 1813, "Workers": [], "Plans": [{"Node Type": "Index Scan", "Parent Relationship": "Outer", "Parallel Aware": false, "Async Capable": false, "Scan Direction": "Forward", "Index Name": "users_pkey", "Relation Name": "users", "Alias": "u", "Startup Cost": 0.29, "Total Cost": 1962.04, "Plan Rows": 37005, "Plan Width": 4, "Actual Rows": 36998, "Actual Loops": 2, "Filter": "((views >= 0) AND (downvotes >= 0) AND (upvotes >= 0) AND (upvotes <= 62) AND (creationdate >= '2010-07-27 17:10:30'::timestamp without time zone) AND (creationdate <= '2014-07-31 18:48:36'::timestamp without time zone))", "Rows Removed by Filter": 3327, "Workers": []}]}]}]}]}]}]}]}]}]}, "Planning Time": 3.162, "Triggers": [], "Execution Time": 1107.64}, {"Plan": {"Node Type": "Aggregate", "Strategy": "Plain", "Partial Mode": "Finalize", "Parallel Aware": false, "Async Capable": false, "Startup Cost": 5421166.03, "Total Cost": 5421166.04, "Plan Rows": 1, "Plan Width": 8, "Actual Rows": 1, "Actual Loops": 1, "Plans": [{"Node Type": "Gather", "Parent Relationship": "Outer", "Parallel Aware": false, "Async Capable": false, "Startup Cost": 5421165.92, "Total Cost": 5421166.03, "Plan Rows": 1, "Plan Width": 8, "Actual Rows": 2, "Actual Loops": 1, "Workers Planned": 1, "Workers Launched": 1, "Single Copy": false, "Plans": [{"Node Type": "Aggregate", "Strategy": "Plain", "Partial Mode": "Partial", "Parent Relationship": "Outer", "Parallel Aware": false, "Async Capable": false, "Startup Cost": 5420165.92, "Total Cost": 5420165.93, "Plan Rows": 1, "Plan Width": 8, "Actual Rows": 1, "Actual Loops": 2, "Workers": [], "Plans": [{"Node Type": "Hash Join", "Parent Relationship": "Outer", "Parallel Aware": true, "Async Capable": false, "Join Type": "Inner", "Startup Cost": 48530.21, "Total Cost": 125433.89, "Plan Rows": 2117892812, "Plan Width": 0, "Actual Rows": 9712390, "Actual Loops": 2, "Inner Unique": false, "Hash Cond": "(c.userid = u.id)", "Workers": [], "Plans": [{"Node Type": "Index Scan", "Parent Relationship": "Outer", "Parallel Aware": true, "Async Capable": false, "Scan Direction": "Forward", "Index Name": "idx_comments_userid", "Relation Name": "comments", "Alias": "c", "Startup Cost": 0.29, "Total Cost": 7105.47, "Plan Rows": 102532, "Plan Width": 4, "Actual Rows": 87152, "Actual Loops": 2, "Workers": []}, {"Node Type": "Hash", "Parent Relationship": "Inner", "Parallel Aware": true, "Async Capable": false, "Startup Cost": 17995.43, "Total Cost": 17995.43, "Plan Rows": 2442759, "Plan Width": 12, "Actual Rows": 170611, "Actual Loops": 2, "Hash Buckets": 4194304, "Original Hash Buckets": 4194304, "Hash Batches": 1, "Original Hash Batches": 1, "Peak Memory Usage": 48832, "Workers": [], "Plans": [{"Node Type": "Merge Join", "Parent Relationship": "Outer", "Parallel Aware": false, "Async Capable": false, "Join Type": "Inner", "Startup Cost": 1.94, "Total Cost": 17995.43, "Plan Rows": 2442759, "Plan Width": 12, "Actual Rows": 170611, "Actual Loops": 2, "Inner Unique": false, "Merge Cond": "(u.id = b.userid)", "Workers": [], "Plans": [{"Node Type": "Merge Join", "Parent Relationship": "Outer", "Parallel Aware": false, "Async Capable": false, "Join Type": "Inner", "Startup Cost": 0.71, "Total Cost": 13531.8, "Plan Rows": 43948, "Plan Width": 8, "Actual Rows": 24860, "Actual Loops": 2, "Inner Unique": true, "Merge Cond": "(ph.userid = u.id)", "Workers": [], "Plans": [{"Node Type": "Index Scan", "Parent Relationship": "Outer", "Parallel Aware": true, "Async Capable": false, "Scan Direction": "Forward", "Index Name": "idx_posthistory_userid", "Relation Name": "posthistory", "Alias": "ph", "Startup Cost": 0.42, "Total Cost": 11735.34, "Plan Rows": 51475, "Plan Width": 4, "Actual Rows": 43009, "Actual Loops": 2, "Filter": "((creationdate <= '2014-08-01 13:56:22'::timestamp without time zone) AND (posthistorytypeid = 2))", "Rows Removed by Filter": 95672, "Workers": []}, {"Node Type": "Index Scan", "Parent Relationship": "Inner", "Parallel Aware": false, "Async Capable": false, "Scan Direction": "Forward", "Index Name": "users_pkey", "Relation Name": "users", "Alias": "u", "Startup Cost": 0.29, "Total Cost": 1962.04, "Plan Rows": 37005, "Plan Width": 4, "Actual Rows": 36998, "Actual Loops": 2, "Filter": "((views >= 0) AND (downvotes >= 0) AND (upvotes >= 0) AND (upvotes <= 62) AND (creationdate >= '2010-07-27 17:10:30'::timestamp without time zone) AND (creationdate <= '2014-07-31 18:48:36'::timestamp without time zone))", "Rows Removed by Filter": 3327, "Workers": []}]}, {"Node Type": "Materialize", "Parent Relationship": "Inner", "Parallel Aware": false, "Async Capable": false, "Startup Cost": 0.29, "Total Cost": 3262.11, "Plan Rows": 78855, "Plan Width": 4, "Actual Rows": 220997, "Actual Loops": 2, "Workers": [], "Plans": [{"Node Type": "Index Scan", "Parent Relationship": "Outer", "Parallel Aware": false, "Async Capable": false, "Scan Direction": "Forward", "Index Name": "idx_badges_userid", "Relation Name": "badges", "Alias": "b", "Startup Cost": 0.29, "Total Cost": 3064.97, "Plan Rows": 78855, "Plan Width": 4, "Actual Rows": 77460, "Actual Loops": 2, "Filter": "(date <= '2014-09-02 23:33:16'::timestamp without time zone)", "Rows Removed by Filter": 556, "Workers": []}]}]}]}]}]}]}]}, "Planning Time": 2.927, "Triggers": [], "Execution Time": 1085.001}, {"Plan": {"Node Type": "Aggregate", "Strategy": "Plain", "Partial Mode": "Finalize", "Parallel Aware": false, "Async Capable": false, "Startup Cost": 5406241.39, "Total Cost": 5406241.4, "Plan Rows": 1, "Plan Width": 8, "Actual Rows": 1, "Actual Loops": 1, "Plans": [{"Node Type": "Gather", "Parent Relationship": "Outer", "Parallel Aware": false, "Async Capable": false, "Startup Cost": 5406241.28, "Total Cost": 5406241.39, "Plan Rows": 1, "Plan Width": 8, "Actual Rows": 2, "Actual Loops": 1, "Workers Planned": 1, "Workers Launched": 1, "Single Copy": false, "Plans": [{"Node Type": "Aggregate", "Strategy": "Plain", "Partial Mode": "Partial", "Parent Relationship": "Outer", "Parallel Aware": false, "Async Capable": false, "Startup Cost": 5405241.28, "Total Cost": 5405241.29, "Plan Rows": 1, "Plan Width": 8, "Actual Rows": 1, "Actual Loops": 2, "Workers": [], "Plans": [{"Node Type": "Hash Join", "Parent Relationship": "Outer", "Parallel Aware": true, "Async Capable": false, "Join Type": "Inner", "Startup Cost": 10956.67, "Total Cost": 110509.25, "Plan Rows": 2117892812, "Plan Width": 0, "Actual Rows": 9712390, "Actual Loops": 2, "Inner Unique": false, "Hash Cond": "(b.userid = u.id)", "Workers": [], "Plans": [{"Node Type": "Nested Loop", "Parent Relationship": "Outer", "Parallel Aware": false, "Async Capable": false, "Join Type": "Inner", "Startup Cost": 0.72, "Total Cost": 21832.48, "Plan Rows": 2661918, "Plan Width": 8, "Actual Rows": 1727624, "Actual Loops": 2, "Inner Unique": false, "Workers": [], "Plans": [{"Node Type": "Index Scan", "Parent Relationship": "Outer", "Parallel Aware": true, "Async Capable": false, "Scan Direction": "Forward", "Index Name": "idx_posthistory_userid", "Relation Name": "posthistory", "Alias": "ph", "Startup Cost": 0.42, "Total Cost": 11735.34, "Plan Rows": 51475, "Plan Width": 4, "Actual Rows": 43712, "Actual Loops": 2, "Filter": "((creationdate <= '2014-08-01 13:56:22'::timestamp without time zone) AND (posthistorytypeid = 2))", "Rows Removed by Filter": 107882, "Workers": []}, {"Node Type": "Memoize", "Parent Relationship": "Inner", "Parallel Aware": false, "Async Capable": false, "Startup Cost": 0.3, "Total Cost": 0.39, "Plan Rows": 3, "Plan Width": 4, "Actual Rows": 40, "Actual Loops": 87423, "Cache Key": "ph.userid", "Cache Mode": "logical", "Cache Hits": 38225, "Cache Misses": 12004, "Cache Evictions": 0, "Cache Overflows": 0, "Peak Memory Usage": 2292, "Workers": [{"Worker Number": 0, "Cache Hits": 28466, "Cache Misses": 8728, "Cache Evictions": 0, "Cache Overflows": 0, "Peak Memory Usage": 1664}], "Plans": [{"Node Type": "Index Scan", "Parent Relationship": "Outer", "Parallel Aware": false, "Async Capable": false, "Scan Direction": "Forward", "Index Name": "idx_badges_userid", "Relation Name": "badges", "Alias": "b", "Startup Cost": 0.29, "Total Cost": 0.38, "Plan Rows": 3, "Plan Width": 4, "Actual Rows": 4, "Actual Loops": 20732, "Index Cond": "(userid = ph.userid)", "Rows Removed by Index Recheck": 0, "Filter": "(date <= '2014-09-02 23:33:16'::timestamp without time zone)", "Rows Removed by Filter": 0, "Workers": []}]}]}, {"Node Type": "Hash", "Parent Relationship": "Inner", "Parallel Aware": true, "Async Capable": false, "Startup Cost": 9799.26, "Total Cost": 9799.26, "Plan Rows": 92535, "Plan Width": 8, "Actual Rows": 32972, "Actual Loops": 2, "Hash Buckets": 262144, "Original Hash Buckets": 262144, "Hash Batches": 1, "Original Hash Batches": 1, "Peak Memory Usage": 4640, "Workers": [], "Plans": [{"Node Type": "Hash Join", "Parent Relationship": "Outer", "Parallel Aware": false, "Async Capable": false, "Join Type": "Inner", "Startup Cost": 2424.9, "Total Cost": 9799.26, "Plan Rows": 92535, "Plan Width": 8, "Actual Rows": 32972, "Actual Loops": 2, "Inner Unique": true, "Hash Cond": "(c.userid = u.id)", "Workers": [], "Plans": [{"Node Type": "Index Scan", "Parent Relationship": "Outer", "Parallel Aware": true, "Async Capable": false, "Scan Direction": "Forward", "Index Name": "idx_comments_userid", "Relation Name": "comments", "Alias": "c", "Startup Cost": 0.29, "Total Cost": 7105.47, "Plan Rows": 102532, "Plan Width": 4, "Actual Rows": 87152, "Actual Loops": 2, "Workers": []}, {"Node Type": "Hash", "Parent Relationship": "Inner", "Parallel Aware": false, "Async Capable": false, "Startup Cost": 1962.04, "Total Cost": 1962.04, "Plan Rows": 37005, "Plan Width": 4, "Actual Rows": 36998, "Actual Loops": 2, "Hash Buckets": 65536, "Original Hash Buckets": 65536, "Hash Batches": 1, "Original Hash Batches": 1, "Peak Memory Usage": 1813, "Workers": [], "Plans": [{"Node Type": "Index Scan", "Parent Relationship": "Outer", "Parallel Aware": false, "Async Capable": false, "Scan Direction": "Forward", "Index Name": "users_pkey", "Relation Name": "users", "Alias": "u", "Startup Cost": 0.29, "Total Cost": 1962.04, "Plan Rows": 37005, "Plan Width": 4, "Actual Rows": 36998, "Actual Loops": 2, "Filter": "((views >= 0) AND (downvotes >= 0) AND (upvotes >= 0) AND (upvotes <= 62) AND (creationdate >= '2010-07-27 17:10:30'::timestamp without time zone) AND (creationdate <= '2014-07-31 18:48:36'::timestamp without time zone))", "Rows Removed by Filter": 3327, "Workers": []}]}]}]}]}]}]}]}, "Planning Time": 5.98, "Triggers": [], "Execution Time": 1124.352}, {"Plan": {"Node Type": "Aggregate", "Strategy": "Plain", "Partial Mode": "Finalize", "Parallel Aware": false, "Async Capable": false, "Startup Cost": 5475593.0, "Total Cost": 5475593.01, "Plan Rows": 1, "Plan Width": 8, "Actual Rows": 1, "Actual Loops": 1, "Plans": [{"Node Type": "Gather", "Parent Relationship": "Outer", "Parallel Aware": false, "Async Capable": false, "Startup Cost": 5475592.89, "Total Cost": 5475593.0, "Plan Rows": 1, "Plan Width": 8, "Actual Rows": 2, "Actual Loops": 1, "Workers Planned": 1, "Workers Launched": 1, "Single Copy": false, "Plans": [{"Node Type": "Aggregate", "Strategy": "Plain", "Partial Mode": "Partial", "Parent Relationship": "Outer", "Parallel Aware": false, "Async Capable": false, "Startup Cost": 5474592.89, "Total Cost": 5474592.9, "Plan Rows": 1, "Plan Width": 8, "Actual Rows": 1, "Actual Loops": 2, "Workers": [], "Plans": [{"Node Type": "Merge Join", "Parent Relationship": "Outer", "Parallel Aware": false, "Async Capable": false, "Join Type": "Inner", "Startup Cost": 5.16, "Total Cost": 179860.86, "Plan Rows": 2117892812, "Plan Width": 0, "Actual Rows": 9712390, "Actual Loops": 2, "Inner Unique": false, "Merge Cond": "(c.userid = u.id)", "Workers": [], "Plans": [{"Node Type": "Index Only Scan", "Parent Relationship": "Outer", "Parallel Aware": true, "Async Capable": false, "Scan Direction": "Forward", "Index Name": "idx_comments_userid", "Relation Name": "comments", "Alias": "c", "Startup Cost": 0.29, "Total Cost": 2851.06, "Plan Rows": 102532, "Plan Width": 4, "Actual Rows": 85072, "Actual Loops": 2, "Heap Fetches": 0, "Workers": []}, {"Node Type": "Materialize", "Parent Relationship": "Inner", "Parallel Aware": false, "Async Capable": false, "Startup Cost": 1.12, "Total Cost": 31424.2, "Plan Rows": 4152691, "Plan Width": 12, "Actual Rows": 9889358, "Actual Loops": 2, "Workers": [], "Plans": [{"Node Type": "Merge Join", "Parent Relationship": "Outer", "Parallel Aware": false, "Async Capable": false, "Join Type": "Inner", "Startup Cost": 1.12, "Total Cost": 21042.47, "Plan Rows": 4152691, "Plan Width": 12, "Actual Rows": 341222, "Actual Loops": 2, "Inner Unique": false, "Merge Cond": "(u.id = ph.userid)", "Workers": [], "Plans": [{"Node Type": "Merge Join", "Parent Relationship": "Outer", "Parallel Aware": false, "Async Capable": false, "Join Type": "Inner", "Startup Cost": 0.69, "Total Cost": 6040.23, "Plan Rows": 72363, "Plan Width": 8, "Actual Rows": 61057, "Actual Loops": 2, "Inner Unique": true, "Merge Cond": "(b.userid = u.id)", "Workers": [], "Plans": [{"Node Type": "Index Scan", "Parent Relationship": "Outer", "Parallel Aware": false, "Async Capable": false, "Scan Direction": "Forward", "Index Name": "idx_badges_userid", "Relation Name": "badges", "Alias": "b", "Startup Cost": 0.29, "Total Cost": 3064.97, "Plan Rows": 78855, "Plan Width": 4, "Actual Rows": 77576, "Actual Loops": 2, "Filter": "(date <= '2014-09-02 23:33:16'::timestamp without time zone)", "Rows Removed by Filter": 557, "Workers": []}, {"Node Type": "Index Scan", "Parent Relationship": "Inner", "Parallel Aware": false, "Async Capable": false, "Scan Direction": "Forward", "Index Name": "users_pkey", "Relation Name": "users", "Alias": "u", "Startup Cost": 0.29, "Total Cost": 1962.04, "Plan Rows": 37005, "Plan Width": 4, "Actual Rows": 36998, "Actual Loops": 2, "Filter": "((views >= 0) AND (downvotes >= 0) AND (upvotes >= 0) AND (upvotes <= 62) AND (creationdate >= '2010-07-27 17:10:30'::timestamp without time zone) AND (creationdate <= '2014-07-31 18:48:36'::timestamp without time zone))", "Rows Removed by Filter": 3327, "Workers": []}]}, {"Node Type": "Materialize", "Parent Relationship": "Inner", "Parallel Aware": false, "Async Capable": false, "Startup Cost": 0.42, "Total Cost": 13826.73, "Plan Rows": 87508, "Plan Width": 4, "Actual Rows": 379830, "Actual Loops": 2, "Workers": [], "Plans": [{"Node Type": "Index Scan", "Parent Relationship": "Outer", "Parallel Aware": false, "Async Capable": false, "Scan Direction": "Forward", "Index Name": "idx_posthistory_userid", "Relation Name": "posthistory", "Alias": "ph", "Startup Cost": 0.42, "Total Cost": 13607.96, "Plan Rows": 87508, "Plan Width": 4, "Actual Rows": 86017, "Actual Loops": 2, "Filter": "((creationdate <= '2014-08-01 13:56:22'::timestamp without time zone) AND (posthistorytypeid = 2))", "Rows Removed by Filter": 191344, "Workers": []}]}]}]}]}]}]}]}, "Planning Time": 3.505, "Triggers": [], "Execution Time": 1196.58}, {"Plan": {"Node Type": "Aggregate", "Strategy": "Plain", "Partial Mode": "Finalize", "Parallel Aware": false, "Async Capable": false, "Startup Cost": 5773404.24, "Total Cost": 5773404.25, "Plan Rows": 1, "Plan Width": 8, "Actual Rows": 1, "Actual Loops": 1, "Plans": [{"Node Type": "Gather", "Parent Relationship": "Outer", "Parallel Aware": false, "Async Capable": false, "Startup Cost": 5773404.13, "Total Cost": 5773404.24, "Plan Rows": 1, "Plan Width": 8, "Actual Rows": 2, "Actual Loops": 1, "Workers Planned": 1, "Workers Launched": 1, "Single Copy": false, "Plans": [{"Node Type": "Aggregate", "Strategy": "Plain", "Partial Mode": "Partial", "Parent Relationship": "Outer", "Parallel Aware": false, "Async Capable": false, "Startup Cost": 5772404.13, "Total Cost": 5772404.14, "Plan Rows": 1, "Plan Width": 8, "Actual Rows": 1, "Actual Loops": 2, "Workers": [], "Plans": [{"Node Type": "Nested Loop", "Parent Relationship": "Outer", "Parallel Aware": false, "Async Capable": false, "Join Type": "Inner", "Startup Cost": 1.33, "Total Cost": 477672.1, "Plan Rows": 2117892812, "Plan Width": 0, "Actual Rows": 9712390, "Actual Loops": 2, "Inner Unique": false, "Workers": [], "Plans": [{"Node Type": "Nested Loop", "Parent Relationship": "Outer", "Parallel Aware": false, "Async Capable": false, "Join Type": "Inner", "Startup Cost": 1.02, "Total Cost": 29857.66, "Plan Rows": 2442759, "Plan Width": 12, "Actual Rows": 170611, "Actual Loops": 2, "Inner Unique": false, "Join Filter": "(b.userid = u.id)", "Rows Removed by Join Filter": 0, "Workers": [], "Plans": [{"Node Type": "Nested Loop", "Parent Relationship": "Outer", "Parallel Aware": false, "Async Capable": false, "Join Type": "Inner", "Startup Cost": 0.72, "Total Cost": 19807.28, "Plan Rows": 43948, "Plan Width": 8, "Actual Rows": 24860, "Actual Loops": 2, "Inner Unique": true, "Workers": [], "Plans": [{"Node Type": "Index Scan", "Parent Relationship": "Outer", "Parallel Aware": true, "Async Capable": false, "Scan Direction": "Forward", "Index Name": "idx_posthistory_userid", "Relation Name": "posthistory", "Alias": "ph", "Startup Cost": 0.42, "Total Cost": 11735.34, "Plan Rows": 51475, "Plan Width": 4, "Actual Rows": 43712, "Actual Loops": 2, "Filter": "((creationdate <= '2014-08-01 13:56:22'::timestamp without time zone) AND (posthistorytypeid = 2))", "Rows Removed by Filter": 107882, "Workers": []}, {"Node Type": "Memoize", "Parent Relationship": "Inner", "Parallel Aware": false, "Async Capable": false, "Startup Cost": 0.3, "Total Cost": 0.35, "Plan Rows": 1, "Plan Width": 4, "Actual Rows": 1, "Actual Loops": 87423, "Cache Key": "ph.userid", "Cache Mode": "logical", "Cache Hits": 31745, "Cache Misses": 8980, "Cache Evictions": 0, "Cache Overflows": 0, "Peak Memory Usage": 898, "Workers": [{"Worker Number": 0, "Cache Hits": 34951, "Cache Misses": 11747, "Cache Evictions": 0, "Cache Overflows": 0, "Peak Memory Usage": 1183}], "Plans": [{"Node Type": "Index Scan", "Parent Relationship": "Outer", "Parallel Aware": false, "Async Capable": false, "Scan Direction": "Forward", "Index Name": "users_pkey", "Relation Name": "users", "Alias": "u", "Startup Cost": 0.29, "Total Cost": 0.34, "Plan Rows": 1, "Plan Width": 4, "Actual Rows": 1, "Actual Loops": 20727, "Index Cond": "(id = ph.userid)", "Rows Removed by Index Recheck": 0, "Filter": "((views >= 0) AND (downvotes >= 0) AND (upvotes >= 0) AND (upvotes <= 62) AND (creationdate >= '2010-07-27 17:10:30'::timestamp without time zone) AND (creationdate <= '2014-07-31 18:48:36'::timestamp without time zone))", "Rows Removed by Filter": 0, "Workers": []}]}]}, {"Node Type": "Memoize", "Parent Relationship": "Inner", "Parallel Aware": false, "Async Capable": false, "Startup Cost": 0.3, "Total Cost": 0.39, "Plan Rows": 3, "Plan Width": 4, "Actual Rows": 7, "Actual Loops": 49719, "Cache Key": "ph.userid", "Cache Mode": "logical", "Cache Hits": 11794, "Cache Misses": 8571, "Cache Evictions": 0, "Cache Overflows": 0, "Peak Memory Usage": 1346, "Workers": [{"Worker Number": 0, "Cache Hits": 17901, "Cache Misses": 11453, "Cache Evictions": 0, "Cache Overflows": 0, "Peak Memory Usage": 1887}], "Plans": [{"Node Type": "Index Scan", "Parent Relationship": "Outer", "Parallel Aware": false, "Async Capable": false, "Scan Direction": "Forward", "Index Name": "idx_badges_userid", "Relation Name": "badges", "Alias": "b", "Startup Cost": 0.29, "Total Cost": 0.38, "Plan Rows": 3, "Plan Width": 4, "Actual Rows": 3, "Actual Loops": 20024, "Index Cond": "(userid = ph.userid)", "Rows Removed by Index Recheck": 0, "Filter": "(date <= '2014-09-02 23:33:16'::timestamp without time zone)", "Rows Removed by Filter": 0, "Workers": []}]}]}, {"Node Type": "Memoize", "Parent Relationship": "Inner", "Parallel Aware": false, "Async Capable": false, "Startup Cost": 0.3, "Total Cost": 0.56, "Plan Rows": 13, "Plan Width": 4, "Actual Rows": 57, "Actual Loops": 341222, "Cache Key": "u.id", "Cache Mode": "logical", "Cache Hits": 126182, "Cache Misses": 7549, "Cache Evictions": 0, "Cache Overflows": 0, "Peak Memory Usage": 1395, "Workers": [{"Worker Number": 0, "Cache Hits": 197228, "Cache Misses": 10263, "Cache Evictions": 0, "Cache Overflows": 0, "Peak Memory Usage": 2018}], "Plans": [{"Node Type": "Index Only Scan", "Parent Relationship": "Outer", "Parallel Aware": false, "Async Capable": false, "Scan Direction": "Forward", "Index Name": "idx_comments_userid", "Relation Name": "comments", "Alias": "c", "Startup Cost": 0.29, "Total Cost": 0.55, "Plan Rows": 13, "Plan Width": 4, "Actual Rows": 4, "Actual Loops": 17812, "Index Cond": "(userid = u.id)", "Rows Removed by Index Recheck": 0, "Heap Fetches": 0, "Workers": []}]}]}]}]}]}, "Planning Time": 4.445, "Triggers": [], "Execution Time": 757.406}, {"Plan": {"Node Type": "Aggregate", "Strategy": "Plain", "Partial Mode": "Finalize", "Parallel Aware": false, "Async Capable": false, "Startup Cost": 5766584.08, "Total Cost": 5766584.09, "Plan Rows": 1, "Plan Width": 8, "Actual Rows": 1, "Actual Loops": 1, "Plans": [{"Node Type": "Gather", "Parent Relationship": "Outer", "Parallel Aware": false, "Async Capable": false, "Startup Cost": 5766583.97, "Total Cost": 5766584.08, "Plan Rows": 1, "Plan Width": 8, "Actual Rows": 2, "Actual Loops": 1, "Workers Planned": 1, "Workers Launched": 1, "Single Copy": false, "Plans": [{"Node Type": "Aggregate", "Strategy": "Plain", "Partial Mode": "Partial", "Parent Relationship": "Outer", "Parallel Aware": false, "Async Capable": false, "Startup Cost": 5765583.97, "Total Cost": 5765583.98, "Plan Rows": 1, "Plan Width": 8, "Actual Rows": 1, "Actual Loops": 2, "Workers": [], "Plans": [{"Node Type": "Nested Loop", "Parent Relationship": "Outer", "Parallel Aware": false, "Async Capable": false, "Join Type": "Inner", "Startup Cost": 0.91, "Total Cost": 470851.94, "Plan Rows": 2117892812, "Plan Width": 0, "Actual Rows": 9712390, "Actual Loops": 2, "Inner Unique": false, "Workers": [], "Plans": [{"Node Type": "Nested Loop", "Parent Relationship": "Outer", "Parallel Aware": false, "Async Capable": false, "Join Type": "Inner", "Startup Cost": 0.6, "Total Cost": 23037.5, "Plan Rows": 2442759, "Plan Width": 12, "Actual Rows": 170611, "Actual Loops": 2, "Inner Unique": false, "Join Filter": "(b.userid = u.id)", "Rows Removed by Join Filter": 0, "Workers": [], "Plans": [{"Node Type": "Nested Loop", "Parent Relationship": "Outer", "Parallel Aware": false, "Async Capable": false, "Join Type": "Inner", "Startup Cost": 0.3, "Total Cost": 12987.12, "Plan Rows": 43948, "Plan Width": 8, "Actual Rows": 24860, "Actual Loops": 2, "Inner Unique": true, "Workers": [], "Plans": [{"Node Type": "Seq Scan", "Parent Relationship": "Outer", "Parallel Aware": true, "Async Capable": false, "Relation Name": "posthistory", "Alias": "ph", "Startup Cost": 0.0, "Total Cost": 4915.18, "Plan Rows": 51475, "Plan Width": 4, "Actual Rows": 43712, "Actual Loops": 2, "Filter": "((creationdate <= '2014-08-01 13:56:22'::timestamp without time zone) AND (posthistorytypeid = 2))", "Rows Removed by Filter": 107882, "Workers": []}, {"Node Type": "Memoize", "Parent Relationship": "Inner", "Parallel Aware": false, "Async Capable": false, "Startup Cost": 0.3, "Total Cost": 0.35, "Plan Rows": 1, "Plan Width": 4, "Actual Rows": 1, "Actual Loops": 87423, "Cache Key": "ph.userid", "Cache Mode": "logical", "Cache Hits": 31687, "Cache Misses": 12526, "Cache Evictions": 0, "Cache Overflows": 0, "Peak Memory Usage": 1250, "Workers": [{"Worker Number": 0, "Cache Hits": 29908, "Cache Misses": 13302, "Cache Evictions": 0, "Cache Overflows": 0, "Peak Memory Usage": 1333}], "Plans": [{"Node Type": "Index Scan", "Parent Relationship": "Outer", "Parallel Aware": false, "Async Capable": false, "Scan Direction": "Forward", "Index Name": "users_pkey", "Relation Name": "users", "Alias": "u", "Startup Cost": 0.29, "Total Cost": 0.34, "Plan Rows": 1, "Plan Width": 4, "Actual Rows": 1, "Actual Loops": 25828, "Index Cond": "(id = ph.userid)", "Rows Removed by Index Recheck": 0, "Filter": "((views >= 0) AND (downvotes >= 0) AND (upvotes >= 0) AND (upvotes <= 62) AND (creationdate >= '2010-07-27 17:10:30'::timestamp without time zone) AND (creationdate <= '2014-07-31 18:48:36'::timestamp without time zone))", "Rows Removed by Filter": 0, "Workers": []}]}]}, {"Node Type": "Memoize", "Parent Relationship": "Inner", "Parallel Aware": false, "Async Capable": false, "Startup Cost": 0.3, "Total Cost": 0.39, "Plan Rows": 3, "Plan Width": 4, "Actual Rows": 7, "Actual Loops": 49719, "Cache Key": "ph.userid", "Cache Mode": "logical", "Cache Hits": 12291, "Cache Misses": 11877, "Cache Evictions": 0, "Cache Overflows": 0, "Peak Memory Usage": 2184, "Workers": [{"Worker Number": 0, "Cache Hits": 12784, "Cache Misses": 12767, "Cache Evictions": 0, "Cache Overflows": 0, "Peak Memory Usage": 2284}], "Plans": [{"Node Type": "Index Scan", "Parent Relationship": "Outer", "Parallel Aware": false, "Async Capable": false, "Scan Direction": "Forward", "Index Name": "idx_badges_userid", "Relation Name": "badges", "Alias": "b", "Startup Cost": 0.29, "Total Cost": 0.38, "Plan Rows": 3, "Plan Width": 4, "Actual Rows": 3, "Actual Loops": 24644, "Index Cond": "(userid = ph.userid)", "Rows Removed by Index Recheck": 0, "Filter": "(date <= '2014-09-02 23:33:16'::timestamp without time zone)", "Rows Removed by Filter": 0, "Workers": []}]}]}, {"Node Type": "Memoize", "Parent Relationship": "Inner", "Parallel Aware": false, "Async Capable": false, "Startup Cost": 0.3, "Total Cost": 0.56, "Plan Rows": 13, "Plan Width": 4, "Actual Rows": 57, "Actual Loops": 341222, "Cache Key": "u.id", "Cache Mode": "logical", "Cache Hits": 159132, "Cache Misses": 10825, "Cache Evictions": 0, "Cache Overflows": 0, "Peak Memory Usage": 2606, "Workers": [{"Worker Number": 0, "Cache Hits": 159684, "Cache Misses": 11581, "Cache Evictions": 0, "Cache Overflows": 0, "Peak Memory Usage": 2691}], "Plans": [{"Node Type": "Index Only Scan", "Parent Relationship": "Outer", "Parallel Aware": false, "Async Capable": false, "Scan Direction": "Forward", "Index Name": "idx_comments_userid", "Relation Name": "comments", "Alias": "c", "Startup Cost": 0.29, "Total Cost": 0.55, "Plan Rows": 13, "Plan Width": 4, "Actual Rows": 5, "Actual Loops": 22406, "Index Cond": "(userid = u.id)", "Rows Removed by Index Recheck": 0, "Heap Fetches": 0, "Workers": []}]}]}]}]}]}, "Planning Time": 4.586, "Triggers": [], "Execution Time": 738.287}, {"Plan": {"Node Type": "Aggregate", "Strategy": "Plain", "Partial Mode": "Simple", "Parallel Aware": false, "Async Capable": false, "Startup Cost": 40009290822.23, "Total Cost": 40009290822.24, "Plan Rows": 1, "Plan Width": 8, "Actual Rows": 1, "Actual Loops": 1, "Plans": [{"Node Type": "Merge Join", "Parent Relationship": "Outer", "Parallel Aware": false, "Async Capable": false, "Join Type": "Inner", "Startup Cost": 40000000006.61, "Total Cost": 40000289777.78, "Plan Rows": 3600417780, "Plan Width": 0, "Actual Rows": 19424781, "Actual Loops": 1, "Inner Unique": false, "Merge Cond": "(c.userid = u.id)", "Plans": [{"Node Type": "Index Only Scan", "Parent Relationship": "Outer", "Parallel Aware": false, "Async Capable": false, "Scan Direction": "Forward", "Index Name": "idx_comments_userid", "Relation Name": "comments", "Alias": "c", "Startup Cost": 10000000000.3, "Total Cost": 10000003568.78, "Plan Rows": 174305, "Plan Width": 4, "Actual Rows": 170144, "Actual Loops": 1, "Heap Fetches": 0}, {"Node Type": "Materialize", "Parent Relationship": "Inner", "Parallel Aware": false, "Async Capable": false, "Startup Cost": 30000000001.12, "Total Cost": 30000031424.2, "Plan Rows": 4152691, "Plan Width": 12, "Actual Rows": 19440281, "Actual Loops": 1, "Plans": [{"Node Type": "Merge Join", "Parent Relationship": "Outer", "Parallel Aware": false, "Async Capable": false, "Join Type": "Inner", "Startup Cost": 30000000001.12, "Total Cost": 30000021042.47, "Plan Rows": 4152691, "Plan Width": 12, "Actual Rows": 341222, "Actual Loops": 1, "Inner Unique": false, "Merge Cond": "(u.id = ph.userid)", "Plans": [{"Node Type": "Merge Join", "Parent Relationship": "Outer", "Parallel Aware": false, "Async Capable": false, "Join Type": "Inner", "Startup Cost": 20000000000.69, "Total Cost": 20000006040.23, "Plan Rows": 72363, "Plan Width": 8, "Actual Rows": 61057, "Actual Loops": 1, "Inner Unique": true, "Merge Cond": "(b.userid = u.id)", "Plans": [{"Node Type": "Index Scan", "Parent Relationship": "Outer", "Parallel Aware": false, "Async Capable": false, "Scan Direction": "Forward", "Index Name": "idx_badges_userid", "Relation Name": "badges", "Alias": "b", "Startup Cost": 10000000000.29, "Total Cost": 10000003064.97, "Plan Rows": 78855, "Plan Width": 4, "Actual Rows": 77576, "Actual Loops": 1, "Filter": "(date <= '2014-09-02 23:33:16'::timestamp without time zone)", "Rows Removed by Filter": 557}, {"Node Type": "Index Scan", "Parent Relationship": "Inner", "Parallel Aware": false, "Async Capable": false, "Scan Direction": "Forward", "Index Name": "users_pkey", "Relation Name": "users", "Alias": "u", "Startup Cost": 10000000000.29, "Total Cost": 10000001962.04, "Plan Rows": 37005, "Plan Width": 4, "Actual Rows": 36998, "Actual Loops": 1, "Filter": "((views >= 0) AND (downvotes >= 0) AND (upvotes >= 0) AND (upvotes <= 62) AND (creationdate >= '2010-07-27 17:10:30'::timestamp without time zone) AND (creationdate <= '2014-07-31 18:48:36'::timestamp without time zone))", "Rows Removed by Filter": 3327}]}, {"Node Type": "Materialize", "Parent Relationship": "Inner", "Parallel Aware": false, "Async Capable": false, "Startup Cost": 10000000000.42, "Total Cost": 10000013826.73, "Plan Rows": 87508, "Plan Width": 4, "Actual Rows": 379830, "Actual Loops": 1, "Plans": [{"Node Type": "Index Scan", "Parent Relationship": "Outer", "Parallel Aware": false, "Async Capable": false, "Scan Direction": "Forward", "Index Name": "idx_posthistory_userid", "Relation Name": "posthistory", "Alias": "ph", "Startup Cost": 10000000000.42, "Total Cost": 10000013607.96, "Plan Rows": 87508, "Plan Width": 4, "Actual Rows": 86017, "Actual Loops": 1, "Filter": "((creationdate <= '2014-08-01 13:56:22'::timestamp without time zone) AND (posthistorytypeid = 2))", "Rows Removed by Filter": 191344}]}]}]}]}]}, "Planning Time": 2.828, "Triggers": [], "Execution Time": 1893.805}, {"Plan": {"Node Type": "Aggregate", "Strategy": "Plain", "Partial Mode": "Finalize", "Parallel Aware": false, "Async Capable": false, "Startup Cost": 5492474.15, "Total Cost": 5492474.16, "Plan Rows": 1, "Plan Width": 8, "Actual Rows": 1, "Actual Loops": 1, "Plans": [{"Node Type": "Gather", "Parent Relationship": "Outer", "Parallel Aware": false, "Async Capable": false, "Startup Cost": 5492474.03, "Total Cost": 5492474.14, "Plan Rows": 1, "Plan Width": 8, "Actual Rows": 2, "Actual Loops": 1, "Workers Planned": 1, "Workers Launched": 1, "Single Copy": false, "Plans": [{"Node Type": "Aggregate", "Strategy": "Plain", "Partial Mode": "Partial", "Parent Relationship": "Outer", "Parallel Aware": false, "Async Capable": false, "Startup Cost": 5491474.03, "Total Cost": 5491474.04, "Plan Rows": 1, "Plan Width": 8, "Actual Rows": 1, "Actual Loops": 2, "Workers": [], "Plans": [{"Node Type": "Merge Join", "Parent Relationship": "Outer", "Parallel Aware": false, "Async Capable": false, "Join Type": "Inner", "Startup Cost": 36832.97, "Total Cost": 196742.0, "Plan Rows": 2117892812, "Plan Width": 0, "Actual Rows": 9712390, "Actual Loops": 2, "Inner Unique": false, "Merge Cond": "(c.userid = u.id)", "Workers": [], "Plans": [{"Node Type": "Sort", "Parent Relationship": "Outer", "Parallel Aware": false, "Async Capable": false, "Startup Cost": 10902.92, "Total Cost": 11159.25, "Plan Rows": 102532, "Plan Width": 4, "Actual Rows": 85072, "Actual Loops": 2, "Sort Key": ["c.userid"], "Sort Method": "quicksort", "Sort Space Used": 6145, "Sort Space Type": "Memory", "Workers": [{"Worker Number": 0, "Sort Method": "quicksort", "Sort Space Used": 769, "Sort Space Type": "Memory"}], "Plans": [{"Node Type": "Seq Scan", "Parent Relationship": "Outer", "Parallel Aware": true, "Async Capable": false, "Relation Name": "comments", "Alias": "c", "Startup Cost": 0.0, "Total Cost": 2369.32, "Plan Rows": 102532, "Plan Width": 4, "Actual Rows": 87152, "Actual Loops": 2, "Workers": []}]}, {"Node Type": "Materialize", "Parent Relationship": "Inner", "Parallel Aware": false, "Async Capable": false, "Startup Cost": 25927.7, "Total Cost": 39954.23, "Plan Rows": 4152691, "Plan Width": 12, "Actual Rows": 9792086, "Actual Loops": 2, "Workers": [], "Plans": [{"Node Type": "Merge Join", "Parent Relationship": "Outer", "Parallel Aware": false, "Async Capable": false, "Join Type": "Inner", "Startup Cost": 25927.7, "Total Cost": 29572.51, "Plan Rows": 4152691, "Plan Width": 12, "Actual Rows": 341222, "Actual Loops": 2, "Inner Unique": false, "Merge Cond": "(u.id = ph.userid)", "Workers": [], "Plans": [{"Node Type": "Merge Join", "Parent Relationship": "Outer", "Parallel Aware": false, "Async Capable": false, "Join Type": "Inner", "Startup Cost": 11956.74, "Total Cost": 13259.66, "Plan Rows": 72363, "Plan Width": 8, "Actual Rows": 61057, "Actual Loops": 2, "Inner Unique": true, "Merge Cond": "(b.userid = u.id)", "Workers": [], "Plans": [{"Node Type": "Sort", "Parent Relationship": "Outer", "Parallel Aware": false, "Async Capable": false, "Startup Cost": 7843.78, "Total Cost": 8040.91, "Plan Rows": 78855, "Plan Width": 4, "Actual Rows": 77576, "Actual Loops": 2, "Sort Key": ["b.userid"], "Sort Method": "quicksort", "Sort Space Used": 3073, "Sort Space Type": "Memory", "Workers": [{"Worker Number": 0, "Sort Method": "quicksort", "Sort Space Used": 3073, "Sort Space Type": "Memory"}], "Plans": [{"Node Type": "Seq Scan", "Parent Relationship": "Outer", "Parallel Aware": false, "Async Capable": false, "Relation Name": "badges", "Alias": "b", "Startup Cost": 0.0, "Total Cost": 1430.14, "Plan Rows": 78855, "Plan Width": 4, "Actual Rows": 78855, "Actual Loops": 2, "Filter": "(date <= '2014-09-02 23:33:16'::timestamp without time zone)", "Rows Removed by Filter": 996, "Workers": []}]}, {"Node Type": "Sort", "Parent Relationship": "Inner", "Parallel Aware": false, "Async Capable": false, "Startup Cost": 4112.96, "Total Cost": 4205.47, "Plan Rows": 37005, "Plan Width": 4, "Actual Rows": 36998, "Actual Loops": 2, "Sort Key": ["u.id"], "Sort Method": "quicksort", "Sort Space Used": 1537, "Sort Space Type": "Memory", "Workers": [{"Worker Number": 0, "Sort Method": "quicksort", "Sort Space Used": 1537, "Sort Space Type": "Memory"}], "Plans": [{"Node Type": "Seq Scan", "Parent Relationship": "Outer", "Parallel Aware": false, "Async Capable": false, "Relation Name": "users", "Alias": "u", "Startup Cost": 0.0, "Total Cost": 1305.12, "Plan Rows": 37005, "Plan Width": 4, "Actual Rows": 36998, "Actual Loops": 2, "Filter": "((views >= 0) AND (downvotes >= 0) AND (upvotes >= 0) AND (upvotes <= 62) AND (creationdate >= '2010-07-27 17:10:30'::timestamp without time zone) AND (creationdate <= '2014-07-31 18:48:36'::timestamp without time zone))", "Rows Removed by Filter": 3327, "Workers": []}]}]}, {"Node Type": "Sort", "Parent Relationship": "Inner", "Parallel Aware": false, "Async Capable": false, "Startup Cost": 13970.95, "Total Cost": 14189.72, "Plan Rows": 87508, "Plan Width": 4, "Actual Rows": 379830, "Actual Loops": 2, "Sort Key": ["ph.userid"], "Sort Method": "quicksort", "Sort Space Used": 3073, "Sort Space Type": "Memory", "Workers": [{"Worker Number": 0, "Sort Method": "quicksort", "Sort Space Used": 3073, "Sort Space Type": "Memory"}], "Plans": [{"Node Type": "Seq Scan", "Parent Relationship": "Outer", "Parallel Aware": false, "Async Capable": false, "Relation Name": "posthistory", "Alias": "ph", "Startup Cost": 0.0, "Total Cost": 6787.8, "Plan Rows": 87508, "Plan Width": 4, "Actual Rows": 87423, "Actual Loops": 2, "Filter": "((creationdate <= '2014-08-01 13:56:22'::timestamp without time zone) AND (posthistorytypeid = 2))", "Rows Removed by Filter": 215764, "Workers": []}]}]}]}]}]}]}]}, "Planning Time": 2.981, "Triggers": [], "Execution Time": 1424.023}, {"Plan": {"Node Type": "Aggregate", "Strategy": "Plain", "Partial Mode": "Finalize", "Parallel Aware": false, "Async Capable": false, "Startup Cost": 6074302.24, "Total Cost": 6074302.25, "Plan Rows": 1, "Plan Width": 8, "Actual Rows": 1, "Actual Loops": 1, "Plans": [{"Node Type": "Gather", "Parent Relationship": "Outer", "Parallel Aware": false, "Async Capable": false, "Startup Cost": 6074302.12, "Total Cost": 6074302.23, "Plan Rows": 1, "Plan Width": 8, "Actual Rows": 2, "Actual Loops": 1, "Workers Planned": 1, "Workers Launched": 1, "Single Copy": false, "Plans": [{"Node Type": "Aggregate", "Strategy": "Plain", "Partial Mode": "Partial", "Parent Relationship": "Outer", "Parallel Aware": false, "Async Capable": false, "Startup Cost": 6073302.12, "Total Cost": 6073302.13, "Plan Rows": 1, "Plan Width": 8, "Actual Rows": 1, "Actual Loops": 2, "Workers": [], "Plans": [{"Node Type": "Nested Loop", "Parent Relationship": "Outer", "Parallel Aware": false, "Async Capable": false, "Join Type": "Inner", "Startup Cost": 1.07, "Total Cost": 778570.09, "Plan Rows": 2117892812, "Plan Width": 0, "Actual Rows": 9712390, "Actual Loops": 2, "Inner Unique": false, "Workers": [], "Plans": [{"Node Type": "Nested Loop", "Parent Relationship": "Outer", "Parallel Aware": false, "Async Capable": false, "Join Type": "Inner", "Startup Cost": 0.64, "Total Cost": 181660.75, "Plan Rows": 2442759, "Plan Width": 12, "Actual Rows": 170611, "Actual Loops": 2, "Inner Unique": false, "Join Filter": "(b.userid = u.id)", "Rows Removed by Join Filter": 0, "Workers": [], "Plans": [{"Node Type": "Nested Loop", "Parent Relationship": "Outer", "Parallel Aware": false, "Async Capable": false, "Join Type": "Inner", "Startup Cost": 0.31, "Total Cost": 92304.78, "Plan Rows": 43948, "Plan Width": 8, "Actual Rows": 24860, "Actual Loops": 2, "Inner Unique": true, "Workers": [], "Plans": [{"Node Type": "Seq Scan", "Parent Relationship": "Outer", "Parallel Aware": true, "Async Capable": false, "Relation Name": "posthistory", "Alias": "ph", "Startup Cost": 0.0, "Total Cost": 4915.18, "Plan Rows": 51475, "Plan Width": 4, "Actual Rows": 43712, "Actual Loops": 2, "Filter": "((creationdate <= '2014-08-01 13:56:22'::timestamp without time zone) AND (posthistorytypeid = 2))", "Rows Removed by Filter": 107882, "Workers": []}, {"Node Type": "Memoize", "Parent Relationship": "Inner", "Parallel Aware": false, "Async Capable": false, "Startup Cost": 0.31, "Total Cost": 4.34, "Plan Rows": 1, "Plan Width": 4, "Actual Rows": 1, "Actual Loops": 87423, "Cache Key": "ph.userid", "Cache Mode": "logical", "Cache Hits": 31183, "Cache Misses": 12696, "Cache Evictions": 0, "Cache Overflows": 0, "Peak Memory Usage": 1267, "Workers": [{"Worker Number": 0, "Cache Hits": 30276, "Cache Misses": 13268, "Cache Evictions": 0, "Cache Overflows": 0, "Peak Memory Usage": 1329}], "Plans": [{"Node Type": "Bitmap Heap Scan", "Parent Relationship": "Outer", "Parallel Aware": false, "Async Capable": false, "Relation Name": "users", "Alias": "u", "Startup Cost": 0.3, "Total Cost": 4.33, "Plan Rows": 1, "Plan Width": 4, "Actual Rows": 1, "Actual Loops": 25964, "Recheck Cond": "(ph.userid = id)", "Rows Removed by Index Recheck": 0, "Filter": "((views >= 0) AND (downvotes >= 0) AND (upvotes >= 0) AND (upvotes <= 62) AND (creationdate >= '2010-07-27 17:10:30'::timestamp without time zone) AND (creationdate <= '2014-07-31 18:48:36'::timestamp without time zone))", "Rows Removed by Filter": 0, "Exact Heap Blocks": 12695, "Lossy Heap Blocks": 0, "Workers": [], "Plans": [{"Node Type": "Bitmap Index Scan", "Parent Relationship": "Outer", "Parallel Aware": false, "Async Capable": false, "Index Name": "users_pkey", "Startup Cost": 0.0, "Total Cost": 0.3, "Plan Rows": 1, "Plan Width": 0, "Actual Rows": 1, "Actual Loops": 25964, "Index Cond": "(id = ph.userid)", "Workers": []}]}]}]}, {"Node Type": "Memoize", "Parent Relationship": "Inner", "Parallel Aware": false, "Async Capable": false, "Startup Cost": 0.33, "Total Cost": 4.38, "Plan Rows": 3, "Plan Width": 4, "Actual Rows": 7, "Actual Loops": 49719, "Cache Key": "ph.userid", "Cache Mode": "logical", "Cache Hits": 12084, "Cache Misses": 12046, "Cache Evictions": 0, "Cache Overflows": 0, "Peak Memory Usage": 2211, "Workers": [{"Worker Number": 0, "Cache Hits": 12862, "Cache Misses": 12727, "Cache Evictions": 0, "Cache Overflows": 0, "Peak Memory Usage": 2286}], "Plans": [{"Node Type": "Bitmap Heap Scan", "Parent Relationship": "Outer", "Parallel Aware": false, "Async Capable": false, "Relation Name": "badges", "Alias": "b", "Startup Cost": 0.32, "Total Cost": 4.37, "Plan Rows": 3, "Plan Width": 4, "Actual Rows": 3, "Actual Loops": 24773, "Recheck Cond": "(ph.userid = userid)", "Rows Removed by Index Recheck": 0, "Filter": "(date <= '2014-09-02 23:33:16'::timestamp without time zone)", "Rows Removed by Filter": 0, "Exact Heap Blocks": 30902, "Lossy Heap Blocks": 0, "Workers": [], "Plans": [{"Node Type": "Bitmap Index Scan", "Parent Relationship": "Outer", "Parallel Aware": false, "Async Capable": false, "Index Name": "idx_badges_userid", "Startup Cost": 0.0, "Total Cost": 0.32, "Plan Rows": 3, "Plan Width": 0, "Actual Rows": 3, "Actual Loops": 24773, "Index Cond": "(userid = ph.userid)", "Workers": []}]}]}]}, {"Node Type": "Memoize", "Parent Relationship": "Inner", "Parallel Aware": false, "Async Capable": false, "Startup Cost": 0.43, "Total Cost": 4.59, "Plan Rows": 13, "Plan Width": 4, "Actual Rows": 57, "Actual Loops": 341222, "Cache Key": "u.id", "Cache Mode": "logical", "Cache Hits": 157027, "Cache Misses": 10968, "Cache Evictions": 0, "Cache Overflows": 0, "Peak Memory Usage": 2628, "Workers": [{"Worker Number": 0, "Cache Hits": 161671, "Cache Misses": 11556, "Cache Evictions": 0, "Cache Overflows": 0, "Peak Memory Usage": 2694}], "Plans": [{"Node Type": "Bitmap Heap Scan", "Parent Relationship": "Outer", "Parallel Aware": false, "Async Capable": false, "Relation Name": "comments", "Alias": "c", "Startup Cost": 0.42, "Total Cost": 4.58, "Plan Rows": 13, "Plan Width": 4, "Actual Rows": 5, "Actual Loops": 22524, "Recheck Cond": "(userid = u.id)", "Rows Removed by Index Recheck": 0, "Exact Heap Blocks": 30292, "Lossy Heap Blocks": 0, "Workers": [], "Plans": [{"Node Type": "Bitmap Index Scan", "Parent Relationship": "Outer", "Parallel Aware": false, "Async Capable": false, "Index Name": "idx_comments_userid", "Startup Cost": 0.0, "Total Cost": 0.41, "Plan Rows": 13, "Plan Width": 0, "Actual Rows": 5, "Actual Loops": 22524, "Index Cond": "(userid = u.id)", "Workers": []}]}]}]}]}]}]}, "Planning Time": 4.567, "Triggers": [], "Execution Time": 895.644}, {"Plan": {"Node Type": "Aggregate", "Strategy": "Plain", "Partial Mode": "Finalize", "Parallel Aware": false, "Async Capable": false, "Startup Cost": 5479777.05, "Total Cost": 5479777.06, "Plan Rows": 1, "Plan Width": 8, "Actual Rows": 1, "Actual Loops": 1, "Plans": [{"Node Type": "Gather", "Parent Relationship": "Outer", "Parallel Aware": false, "Async Capable": false, "Startup Cost": 5479776.93, "Total Cost": 5479777.04, "Plan Rows": 1, "Plan Width": 8, "Actual Rows": 2, "Actual Loops": 1, "Workers Planned": 1, "Workers Launched": 1, "Single Copy": false, "Plans": [{"Node Type": "Aggregate", "Strategy": "Plain", "Partial Mode": "Partial", "Parent Relationship": "Outer", "Parallel Aware": false, "Async Capable": false, "Startup Cost": 5478776.93, "Total Cost": 5478776.94, "Plan Rows": 1, "Plan Width": 8, "Actual Rows": 1, "Actual Loops": 2, "Workers": [], "Plans": [{"Node Type": "Merge Join", "Parent Relationship": "Outer", "Parallel Aware": false, "Async Capable": false, "Join Type": "Inner", "Startup Cost": 5.16, "Total Cost": 184044.9, "Plan Rows": 2117892812, "Plan Width": 0, "Actual Rows": 9712390, "Actual Loops": 2, "Inner Unique": false, "Merge Cond": "(c.userid = u.id)", "Workers": [], "Plans": [{"Node Type": "Index Scan", "Parent Relationship": "Outer", "Parallel Aware": true, "Async Capable": false, "Scan Direction": "Forward", "Index Name": "idx_comments_userid", "Relation Name": "comments", "Alias": "c", "Startup Cost": 0.29, "Total Cost": 7105.47, "Plan Rows": 102532, "Plan Width": 4, "Actual Rows": 85072, "Actual Loops": 2, "Workers": []}, {"Node Type": "Materialize", "Parent Relationship": "Inner", "Parallel Aware": false, "Async Capable": false, "Startup Cost": 1.12, "Total Cost": 31424.2, "Plan Rows": 4152691, "Plan Width": 12, "Actual Rows": 9889358, "Actual Loops": 2, "Workers": [], "Plans": [{"Node Type": "Merge Join", "Parent Relationship": "Outer", "Parallel Aware": false, "Async Capable": false, "Join Type": "Inner", "Startup Cost": 1.12, "Total Cost": 21042.47, "Plan Rows": 4152691, "Plan Width": 12, "Actual Rows": 341222, "Actual Loops": 2, "Inner Unique": false, "Merge Cond": "(u.id = ph.userid)", "Workers": [], "Plans": [{"Node Type": "Merge Join", "Parent Relationship": "Outer", "Parallel Aware": false, "Async Capable": false, "Join Type": "Inner", "Startup Cost": 0.69, "Total Cost": 6040.23, "Plan Rows": 72363, "Plan Width": 8, "Actual Rows": 61057, "Actual Loops": 2, "Inner Unique": true, "Merge Cond": "(b.userid = u.id)", "Workers": [], "Plans": [{"Node Type": "Index Scan", "Parent Relationship": "Outer", "Parallel Aware": false, "Async Capable": false, "Scan Direction": "Forward", "Index Name": "idx_badges_userid", "Relation Name": "badges", "Alias": "b", "Startup Cost": 0.29, "Total Cost": 3064.97, "Plan Rows": 78855, "Plan Width": 4, "Actual Rows": 77576, "Actual Loops": 2, "Filter": "(date <= '2014-09-02 23:33:16'::timestamp without time zone)", "Rows Removed by Filter": 557, "Workers": []}, {"Node Type": "Index Scan", "Parent Relationship": "Inner", "Parallel Aware": false, "Async Capable": false, "Scan Direction": "Forward", "Index Name": "users_pkey", "Relation Name": "users", "Alias": "u", "Startup Cost": 0.29, "Total Cost": 1962.04, "Plan Rows": 37005, "Plan Width": 4, "Actual Rows": 36998, "Actual Loops": 2, "Filter": "((views >= 0) AND (downvotes >= 0) AND (upvotes >= 0) AND (upvotes <= 62) AND (creationdate >= '2010-07-27 17:10:30'::timestamp without time zone) AND (creationdate <= '2014-07-31 18:48:36'::timestamp without time zone))", "Rows Removed by Filter": 3327, "Workers": []}]}, {"Node Type": "Materialize", "Parent Relationship": "Inner", "Parallel Aware": false, "Async Capable": false, "Startup Cost": 0.42, "Total Cost": 13826.73, "Plan Rows": 87508, "Plan Width": 4, "Actual Rows": 379830, "Actual Loops": 2, "Workers": [], "Plans": [{"Node Type": "Index Scan", "Parent Relationship": "Outer", "Parallel Aware": false, "Async Capable": false, "Scan Direction": "Forward", "Index Name": "idx_posthistory_userid", "Relation Name": "posthistory", "Alias": "ph", "Startup Cost": 0.42, "Total Cost": 13607.96, "Plan Rows": 87508, "Plan Width": 4, "Actual Rows": 86017, "Actual Loops": 2, "Filter": "((creationdate <= '2014-08-01 13:56:22'::timestamp without time zone) AND (posthistorytypeid = 2))", "Rows Removed by Filter": 191344, "Workers": []}]}]}]}]}]}]}]}, "Planning Time": 6.063, "Triggers": [], "Execution Time": 1320.904}, {"Plan": {"Node Type": "Aggregate", "Strategy": "Plain", "Partial Mode": "Finalize", "Parallel Aware": false, "Async Capable": false, "Startup Cost": 5778528.38, "Total Cost": 5778528.39, "Plan Rows": 1, "Plan Width": 8, "Actual Rows": 1, "Actual Loops": 1, "Plans": [{"Node Type": "Gather", "Parent Relationship": "Outer", "Parallel Aware": false, "Async Capable": false, "Startup Cost": 5778528.27, "Total Cost": 5778528.38, "Plan Rows": 1, "Plan Width": 8, "Actual Rows": 2, "Actual Loops": 1, "Workers Planned": 1, "Workers Launched": 1, "Single Copy": false, "Plans": [{"Node Type": "Aggregate", "Strategy": "Plain", "Partial Mode": "Partial", "Parent Relationship": "Outer", "Parallel Aware": false, "Async Capable": false, "Startup Cost": 5777528.27, "Total Cost": 5777528.28, "Plan Rows": 1, "Plan Width": 8, "Actual Rows": 1, "Actual Loops": 2, "Workers": [], "Plans": [{"Node Type": "Nested Loop", "Parent Relationship": "Outer", "Parallel Aware": false, "Async Capable": false, "Join Type": "Inner", "Startup Cost": 1.33, "Total Cost": 482796.24, "Plan Rows": 2117892812, "Plan Width": 0, "Actual Rows": 9712390, "Actual Loops": 2, "Inner Unique": false, "Workers": [], "Plans": [{"Node Type": "Nested Loop", "Parent Relationship": "Outer", "Parallel Aware": false, "Async Capable": false, "Join Type": "Inner", "Startup Cost": 1.02, "Total Cost": 29857.66, "Plan Rows": 2442759, "Plan Width": 12, "Actual Rows": 170611, "Actual Loops": 2, "Inner Unique": false, "Join Filter": "(b.userid = u.id)", "Rows Removed by Join Filter": 0, "Workers": [], "Plans": [{"Node Type": "Nested Loop", "Parent Relationship": "Outer", "Parallel Aware": false, "Async Capable": false, "Join Type": "Inner", "Startup Cost": 0.72, "Total Cost": 19807.28, "Plan Rows": 43948, "Plan Width": 8, "Actual Rows": 24860, "Actual Loops": 2, "Inner Unique": true, "Workers": [], "Plans": [{"Node Type": "Index Scan", "Parent Relationship": "Outer", "Parallel Aware": true, "Async Capable": false, "Scan Direction": "Forward", "Index Name": "idx_posthistory_userid", "Relation Name": "posthistory", "Alias": "ph", "Startup Cost": 0.42, "Total Cost": 11735.34, "Plan Rows": 51475, "Plan Width": 4, "Actual Rows": 43712, "Actual Loops": 2, "Filter": "((creationdate <= '2014-08-01 13:56:22'::timestamp without time zone) AND (posthistorytypeid = 2))", "Rows Removed by Filter": 107882, "Workers": []}, {"Node Type": "Memoize", "Parent Relationship": "Inner", "Parallel Aware": false, "Async Capable": false, "Startup Cost": 0.3, "Total Cost": 0.35, "Plan Rows": 1, "Plan Width": 4, "Actual Rows": 1, "Actual Loops": 87423, "Cache Key": "ph.userid", "Cache Mode": "logical", "Cache Hits": 28714, "Cache Misses": 8729, "Cache Evictions": 0, "Cache Overflows": 0, "Peak Memory Usage": 873, "Workers": [{"Worker Number": 0, "Cache Hits": 37978, "Cache Misses": 12002, "Cache Evictions": 0, "Cache Overflows": 0, "Peak Memory Usage": 1209}], "Plans": [{"Node Type": "Index Scan", "Parent Relationship": "Outer", "Parallel Aware": false, "Async Capable": false, "Scan Direction": "Forward", "Index Name": "users_pkey", "Relation Name": "users", "Alias": "u", "Startup Cost": 0.29, "Total Cost": 0.34, "Plan Rows": 1, "Plan Width": 4, "Actual Rows": 1, "Actual Loops": 20731, "Index Cond": "(id = ph.userid)", "Rows Removed by Index Recheck": 0, "Filter": "((views >= 0) AND (downvotes >= 0) AND (upvotes >= 0) AND (upvotes <= 62) AND (creationdate >= '2010-07-27 17:10:30'::timestamp without time zone) AND (creationdate <= '2014-07-31 18:48:36'::timestamp without time zone))", "Rows Removed by Filter": 0, "Workers": []}]}]}, {"Node Type": "Memoize", "Parent Relationship": "Inner", "Parallel Aware": false, "Async Capable": false, "Startup Cost": 0.3, "Total Cost": 0.39, "Plan Rows": 3, "Plan Width": 4, "Actual Rows": 7, "Actual Loops": 49719, "Cache Key": "ph.userid", "Cache Mode": "logical", "Cache Hits": 11183, "Cache Misses": 8323, "Cache Evictions": 0, "Cache Overflows": 0, "Peak Memory Usage": 1297, "Workers": [{"Worker Number": 0, "Cache Hits": 18512, "Cache Misses": 11701, "Cache Evictions": 0, "Cache Overflows": 0, "Peak Memory Usage": 1937}], "Plans": [{"Node Type": "Index Scan", "Parent Relationship": "Outer", "Parallel Aware": false, "Async Capable": false, "Scan Direction": "Forward", "Index Name": "idx_badges_userid", "Relation Name": "badges", "Alias": "b", "Startup Cost": 0.29, "Total Cost": 0.38, "Plan Rows": 3, "Plan Width": 4, "Actual Rows": 3, "Actual Loops": 20024, "Index Cond": "(userid = ph.userid)", "Rows Removed by Index Recheck": 0, "Filter": "(date <= '2014-09-02 23:33:16'::timestamp without time zone)", "Rows Removed by Filter": 0, "Workers": []}]}]}, {"Node Type": "Memoize", "Parent Relationship": "Inner", "Parallel Aware": false, "Async Capable": false, "Startup Cost": 0.3, "Total Cost": 0.7, "Plan Rows": 13, "Plan Width": 4, "Actual Rows": 57, "Actual Loops": 341222, "Cache Key": "u.id", "Cache Mode": "logical", "Cache Hits": 123731, "Cache Misses": 7333, "Cache Evictions": 0, "Cache Overflows": 0, "Peak Memory Usage": 1327, "Workers": [{"Worker Number": 0, "Cache Hits": 199679, "Cache Misses": 10479, "Cache Evictions": 0, "Cache Overflows": 0, "Peak Memory Usage": 2086}], "Plans": [{"Node Type": "Index Scan", "Parent Relationship": "Outer", "Parallel Aware": false, "Async Capable": false, "Scan Direction": "Forward", "Index Name": "idx_comments_userid", "Relation Name": "comments", "Alias": "c", "Startup Cost": 0.29, "Total Cost": 0.69, "Plan Rows": 13, "Plan Width": 4, "Actual Rows": 4, "Actual Loops": 17812, "Index Cond": "(userid = u.id)", "Rows Removed by Index Recheck": 0, "Workers": []}]}]}]}]}]}, "Planning Time": 4.127, "Triggers": [], "Execution Time": 836.371}, {"Plan": {"Node Type": "Aggregate", "Strategy": "Plain", "Partial Mode": "Finalize", "Parallel Aware": false, "Async Capable": false, "Startup Cost": 5771708.22, "Total Cost": 5771708.23, "Plan Rows": 1, "Plan Width": 8, "Actual Rows": 1, "Actual Loops": 1, "Plans": [{"Node Type": "Gather", "Parent Relationship": "Outer", "Parallel Aware": false, "Async Capable": false, "Startup Cost": 5771708.11, "Total Cost": 5771708.22, "Plan Rows": 1, "Plan Width": 8, "Actual Rows": 2, "Actual Loops": 1, "Workers Planned": 1, "Workers Launched": 1, "Single Copy": false, "Plans": [{"Node Type": "Aggregate", "Strategy": "Plain", "Partial Mode": "Partial", "Parent Relationship": "Outer", "Parallel Aware": false, "Async Capable": false, "Startup Cost": 5770708.11, "Total Cost": 5770708.12, "Plan Rows": 1, "Plan Width": 8, "Actual Rows": 1, "Actual Loops": 2, "Workers": [], "Plans": [{"Node Type": "Nested Loop", "Parent Relationship": "Outer", "Parallel Aware": false, "Async Capable": false, "Join Type": "Inner", "Startup Cost": 0.91, "Total Cost": 475976.08, "Plan Rows": 2117892812, "Plan Width": 0, "Actual Rows": 9712390, "Actual Loops": 2, "Inner Unique": false, "Workers": [], "Plans": [{"Node Type": "Nested Loop", "Parent Relationship": "Outer", "Parallel Aware": false, "Async Capable": false, "Join Type": "Inner", "Startup Cost": 0.6, "Total Cost": 23037.5, "Plan Rows": 2442759, "Plan Width": 12, "Actual Rows": 170611, "Actual Loops": 2, "Inner Unique": false, "Join Filter": "(b.userid = u.id)", "Rows Removed by Join Filter": 0, "Workers": [], "Plans": [{"Node Type": "Nested Loop", "Parent Relationship": "Outer", "Parallel Aware": false, "Async Capable": false, "Join Type": "Inner", "Startup Cost": 0.3, "Total Cost": 12987.12, "Plan Rows": 43948, "Plan Width": 8, "Actual Rows": 24860, "Actual Loops": 2, "Inner Unique": true, "Workers": [], "Plans": [{"Node Type": "Seq Scan", "Parent Relationship": "Outer", "Parallel Aware": true, "Async Capable": false, "Relation Name": "posthistory", "Alias": "ph", "Startup Cost": 0.0, "Total Cost": 4915.18, "Plan Rows": 51475, "Plan Width": 4, "Actual Rows": 43712, "Actual Loops": 2, "Filter": "((creationdate <= '2014-08-01 13:56:22'::timestamp without time zone) AND (posthistorytypeid = 2))", "Rows Removed by Filter": 107882, "Workers": []}, {"Node Type": "Memoize", "Parent Relationship": "Inner", "Parallel Aware": false, "Async Capable": false, "Startup Cost": 0.3, "Total Cost": 0.35, "Plan Rows": 1, "Plan Width": 4, "Actual Rows": 1, "Actual Loops": 87423, "Cache Key": "ph.userid", "Cache Mode": "logical", "Cache Hits": 31126, "Cache Misses": 12530, "Cache Evictions": 0, "Cache Overflows": 0, "Peak Memory Usage": 1250, "Workers": [{"Worker Number": 0, "Cache Hits": 30339, "Cache Misses": 13428, "Cache Evictions": 0, "Cache Overflows": 0, "Peak Memory Usage": 1345}], "Plans": [{"Node Type": "Index Scan", "Parent Relationship": "Outer", "Parallel Aware": false, "Async Capable": false, "Scan Direction": "Forward", "Index Name": "users_pkey", "Relation Name": "users", "Alias": "u", "Startup Cost": 0.29, "Total Cost": 0.34, "Plan Rows": 1, "Plan Width": 4, "Actual Rows": 1, "Actual Loops": 25958, "Index Cond": "(id = ph.userid)", "Rows Removed by Index Recheck": 0, "Filter": "((views >= 0) AND (downvotes >= 0) AND (upvotes >= 0) AND (upvotes <= 62) AND (creationdate >= '2010-07-27 17:10:30'::timestamp without time zone) AND (creationdate <= '2014-07-31 18:48:36'::timestamp without time zone))", "Rows Removed by Filter": 0, "Workers": []}]}]}, {"Node Type": "Memoize", "Parent Relationship": "Inner", "Parallel Aware": false, "Async Capable": false, "Startup Cost": 0.3, "Total Cost": 0.39, "Plan Rows": 3, "Plan Width": 4, "Actual Rows": 7, "Actual Loops": 49719, "Cache Key": "ph.userid", "Cache Mode": "logical", "Cache Hits": 12045, "Cache Misses": 11879, "Cache Evictions": 0, "Cache Overflows": 0, "Peak Memory Usage": 2190, "Workers": [{"Worker Number": 0, "Cache Hits": 12908, "Cache Misses": 12887, "Cache Evictions": 0, "Cache Overflows": 0, "Peak Memory Usage": 2308}], "Plans": [{"Node Type": "Index Scan", "Parent Relationship": "Outer", "Parallel Aware": false, "Async Capable": false, "Scan Direction": "Forward", "Index Name": "idx_badges_userid", "Relation Name": "badges", "Alias": "b", "Startup Cost": 0.29, "Total Cost": 0.38, "Plan Rows": 3, "Plan Width": 4, "Actual Rows": 3, "Actual Loops": 24766, "Index Cond": "(userid = ph.userid)", "Rows Removed by Index Recheck": 0, "Filter": "(date <= '2014-09-02 23:33:16'::timestamp without time zone)", "Rows Removed by Filter": 0, "Workers": []}]}]}, {"Node Type": "Memoize", "Parent Relationship": "Inner", "Parallel Aware": false, "Async Capable": false, "Startup Cost": 0.3, "Total Cost": 0.7, "Plan Rows": 13, "Plan Width": 4, "Actual Rows": 57, "Actual Loops": 341222, "Cache Key": "u.id", "Cache Mode": "logical", "Cache Hits": 156032, "Cache Misses": 10817, "Cache Evictions": 0, "Cache Overflows": 0, "Peak Memory Usage": 2604, "Workers": [{"Worker Number": 0, "Cache Hits": 162673, "Cache Misses": 11700, "Cache Evictions": 0, "Cache Overflows": 0, "Peak Memory Usage": 2718}], "Plans": [{"Node Type": "Index Scan", "Parent Relationship": "Outer", "Parallel Aware": false, "Async Capable": false, "Scan Direction": "Forward", "Index Name": "idx_comments_userid", "Relation Name": "comments", "Alias": "c", "Startup Cost": 0.29, "Total Cost": 0.69, "Plan Rows": 13, "Plan Width": 4, "Actual Rows": 5, "Actual Loops": 22517, "Index Cond": "(userid = u.id)", "Rows Removed by Index Recheck": 0, "Workers": []}]}]}]}]}]}, "Planning Time": 4.6, "Triggers": [], "Execution Time": 838.899}]