[{"Plan": {"Node Type": "Aggregate", "Strategy": "Plain", "Partial Mode": "Finalize", "Parallel Aware": false, "Async Capable": false, "Startup Cost": 46131.23, "Total Cost": 46131.24, "Plan Rows": 1, "Plan Width": 8, "Actual Rows": 1, "Actual Loops": 1, "Plans": [{"Node Type": "Gather", "Parent Relationship": "Outer", "Parallel Aware": false, "Async Capable": false, "Startup Cost": 46131.12, "Total Cost": 46131.23, "Plan Rows": 1, "Plan Width": 8, "Actual Rows": 2, "Actual Loops": 1, "Workers Planned": 1, "Workers Launched": 1, "Single Copy": false, "Plans": [{"Node Type": "Aggregate", "Strategy": "Plain", "Partial Mode": "Partial", "Parent Relationship": "Outer", "Parallel Aware": false, "Async Capable": false, "Startup Cost": 45131.12, "Total Cost": 45131.13, "Plan Rows": 1, "Plan Width": 8, "Actual Rows": 1, "Actual Loops": 2, "Workers": [], "Plans": [{"Node Type": "Hash Join", "Parent Relationship": "Outer", "Parallel Aware": false, "Async Capable": false, "Join Type": "Inner", "Startup Cost": 5250.09, "Total Cost": 9260.94, "Plan Rows": 14348070, "Plan Width": 0, "Actual Rows": 729672, "Actual Loops": 2, "Inner Unique": false, "Hash Cond": "(c.userid = u.id)", "Workers": [], "Plans": [{"Node Type": "Seq Scan", "Parent Relationship": "Outer", "Parallel Aware": true, "Async Capable": false, "Relation Name": "comments", "Alias": "c", "Startup Cost": 0.0, "Total Cost": 2625.65, "Plan Rows": 102161, "Plan Width": 4, "Actual Rows": 86838, "Actual Loops": 2, "Filter": "(creationdate >= '2010-07-27 17:46:38'::timestamp without time zone)", "Rows Removed by Filter": 314, "Workers": []}, {"Node Type": "Hash", "Parent Relationship": "Inner", "Parallel Aware": false, "Async Capable": false, "Startup Cost": 4747.34, "Total Cost": 4747.34, "Plan Rows": 40220, "Plan Width": 8, "Actual Rows": 39797, "Actual Loops": 2, "Hash Buckets": 65536, "Original Hash Buckets": 65536, "Hash Batches": 1, "Original Hash Batches": 1, "Peak Memory Usage": 2067, "Workers": [], "Plans": [{"Node Type": "Hash Join", "Parent Relationship": "Outer", "Parallel Aware": false, "Async Capable": false, "Join Type": "Inner", "Startup Cost": 1499.06, "Total Cost": 4747.34, "Plan Rows": 40220, "Plan Width": 8, "Actual Rows": 39797, "Actual Loops": 2, "Inner Unique": true, "Hash Cond": "(p.owneruserid = u.id)", "Workers": [], "Plans": [{"Node Type": "Seq Scan", "Parent Relationship": "Outer", "Parallel Aware": false, "Async Capable": false, "Relation Name": "posts", "Alias": "p", "Startup Cost": 0.0, "Total Cost": 3139.4, "Plan Rows": 41471, "Plan Width": 4, "Actual Rows": 41703, "Actual Loops": 2, "Filter": "((answercount >= 0) AND (answercount <= 4) AND (commentcount >= 0) AND (commentcount <= 11) AND (creationdate >= '2010-07-26 09:46:48'::timestamp without time zone) AND (creationdate <= '2014-09-13 10:09:50'::timestamp without time zone))", "Rows Removed by Filter": 50273, "Workers": []}, {"Node Type": "Hash", "Parent Relationship": "Inner", "Parallel Aware": false, "Async Capable": false, "Startup Cost": 1002.69, "Total Cost": 1002.69, "Plan Rows": 39710, "Plan Width": 4, "Actual Rows": 39730, "Actual Loops": 2, "Hash Buckets": 65536, "Original Hash Buckets": 65536, "Hash Batches": 1, "Original Hash Batches": 1, "Peak Memory Usage": 1909, "Workers": [], "Plans": [{"Node Type": "Seq Scan", "Parent Relationship": "Outer", "Parallel Aware": false, "Async Capable": false, "Relation Name": "users", "Alias": "u", "Startup Cost": 0.0, "Total Cost": 1002.69, "Plan Rows": 39710, "Plan Width": 4, "Actual Rows": 39730, "Actual Loops": 2, "Filter": "((reputation >= 1) AND (creationdate >= '2010-08-03 19:42:40'::timestamp without time zone) AND (creationdate <= '2014-09-12 02:20:03'::timestamp without time zone))", "Rows Removed by Filter": 595, "Workers": []}]}]}]}]}]}]}]}, "Planning Time": 1.218, "Triggers": [], "Execution Time": 138.102}, {"Plan": {"Node Type": "Aggregate", "Strategy": "Plain", "Partial Mode": "Simple", "Parallel Aware": false, "Async Capable": false, "Startup Cost": 30000139432.86, "Total Cost": 30000139432.87, "Plan Rows": 1, "Plan Width": 8, "Actual Rows": 1, "Actual Loops": 1, "Plans": [{"Node Type": "Hash Join", "Parent Relationship": "Outer", "Parallel Aware": false, "Async Capable": false, "Join Type": "Inner", "Startup Cost": 30000070965.92, "Total Cost": 30000078453.56, "Plan Rows": 24391719, "Plan Width": 0, "Actual Rows": 1459345, "Actual Loops": 1, "Inner Unique": false, "Hash Cond": "(p.owneruserid = u.id)", "Plans": [{"Node Type": "Index Scan", "Parent Relationship": "Outer", "Parallel Aware": false, "Async Capable": false, "Scan Direction": "Forward", "Index Name": "idx_posts_owneruserid", "Relation Name": "posts", "Alias": "p", "Startup Cost": 10000000000.29, "Total Cost": 10000005473.31, "Plan Rows": 41471, "Plan Width": 4, "Actual Rows": 41703, "Actual Loops": 1, "Filter": "((answercount >= 0) AND (answercount <= 4) AND (commentcount >= 0) AND (commentcount <= 11) AND (creationdate >= '2010-07-26 09:46:48'::timestamp without time zone) AND (creationdate <= '2014-09-13 10:09:50'::timestamp without time zone))", "Rows Removed by Filter": 50273}, {"Node Type": "Hash", "Parent Relationship": "Inner", "Parallel Aware": false, "Async Capable": false, "Startup Cost": 20000068863.17, "Total Cost": 20000068863.17, "Plan Rows": 168197, "Plan Width": 8, "Actual Rows": 160207, "Actual Loops": 1, "Hash Buckets": 262144, "Original Hash Buckets": 262144, "Hash Batches": 1, "Original Hash Batches": 1, "Peak Memory Usage": 8307, "Plans": [{"Node Type": "Nested Loop", "Parent Relationship": "Outer", "Parallel Aware": false, "Async Capable": false, "Join Type": "Inner", "Startup Cost": 20000000000.61, "Total Cost": 20000068863.17, "Plan Rows": 168197, "Plan Width": 8, "Actual Rows": 160207, "Actual Loops": 1, "Inner Unique": true, "Plans": [{"Node Type": "Index Scan", "Parent Relationship": "Outer", "Parallel Aware": false, "Async Capable": false, "Scan Direction": "Forward", "Index Name": "idx_comments_userid", "Relation Name": "comments", "Alias": "c", "Startup Cost": 10000000000.3, "Total Cost": 10000008258.96, "Plan Rows": 173674, "Plan Width": 4, "Actual Rows": 173677, "Actual Loops": 1, "Filter": "(creationdate >= '2010-07-27 17:46:38'::timestamp without time zone)", "Rows Removed by Filter": 628}, {"Node Type": "Memoize", "Parent Relationship": "Inner", "Parallel Aware": false, "Async Capable": false, "Startup Cost": 0.31, "Total Cost": 4.33, "Plan Rows": 1, "Plan Width": 4, "Actual Rows": 1, "Actual Loops": 173677, "Cache Key": "c.userid", "Cache Mode": "logical", "Cache Hits": 160059, "Cache Misses": 13618, "Cache Evictions": 0, "Cache Overflows": 0, "Peak Memory Usage": 1375, "Plans": [{"Node Type": "Bitmap Heap Scan", "Parent Relationship": "Outer", "Parallel Aware": false, "Async Capable": false, "Relation Name": "users", "Alias": "u", "Startup Cost": 0.3, "Total Cost": 4.32, "Plan Rows": 1, "Plan Width": 4, "Actual Rows": 1, "Actual Loops": 13618, "Recheck Cond": "(c.userid = id)", "Rows Removed by Index Recheck": 0, "Filter": "((reputation >= 1) AND (creationdate >= '2010-08-03 19:42:40'::timestamp without time zone) AND (creationdate <= '2014-09-12 02:20:03'::timestamp without time zone))", "Rows Removed by Filter": 0, "Exact Heap Blocks": 13617, "Lossy Heap Blocks": 0, "Plans": [{"Node Type": "Bitmap Index Scan", "Parent Relationship": "Outer", "Parallel Aware": false, "Async Capable": false, "Index Name": "users_pkey", "Startup Cost": 0.0, "Total Cost": 0.3, "Plan Rows": 1, "Plan Width": 0, "Actual Rows": 1, "Actual Loops": 13618, "Index Cond": "(id = c.userid)"}]}]}]}]}]}]}, "Planning Time": 1.114, "Triggers": [], "Execution Time": 483.121}, {"Plan": {"Node Type": "Aggregate", "Strategy": "Plain", "Partial Mode": "Finalize", "Parallel Aware": false, "Async Capable": false, "Startup Cost": 53858.21, "Total Cost": 53858.22, "Plan Rows": 1, "Plan Width": 8, "Actual Rows": 1, "Actual Loops": 1, "Plans": [{"Node Type": "Gather", "Parent Relationship": "Outer", "Parallel Aware": false, "Async Capable": false, "Startup Cost": 53858.09, "Total Cost": 53858.2, "Plan Rows": 1, "Plan Width": 8, "Actual Rows": 2, "Actual Loops": 1, "Workers Planned": 1, "Workers Launched": 1, "Single Copy": false, "Plans": [{"Node Type": "Aggregate", "Strategy": "Plain", "Partial Mode": "Partial", "Parent Relationship": "Outer", "Parallel Aware": false, "Async Capable": false, "Startup Cost": 52858.09, "Total Cost": 52858.1, "Plan Rows": 1, "Plan Width": 8, "Actual Rows": 1, "Actual Loops": 2, "Workers": [], "Plans": [{"Node Type": "Hash Join", "Parent Relationship": "Outer", "Parallel Aware": false, "Async Capable": false, "Join Type": "Inner", "Startup Cost": 8241.2, "Total Cost": 16987.92, "Plan Rows": 14348070, "Plan Width": 0, "Actual Rows": 729672, "Actual Loops": 2, "Inner Unique": false, "Hash Cond": "(c.userid = u.id)", "Workers": [], "Plans": [{"Node Type": "Index Scan", "Parent Relationship": "Outer", "Parallel Aware": true, "Async Capable": false, "Scan Direction": "Forward", "Index Name": "idx_comments_userid", "Relation Name": "comments", "Alias": "c", "Startup Cost": 0.29, "Total Cost": 7361.8, "Plan Rows": 102161, "Plan Width": 4, "Actual Rows": 86838, "Actual Loops": 2, "Filter": "(creationdate >= '2010-07-27 17:46:38'::timestamp without time zone)", "Rows Removed by Filter": 314, "Workers": []}, {"Node Type": "Hash", "Parent Relationship": "Inner", "Parallel Aware": false, "Async Capable": false, "Startup Cost": 7738.16, "Total Cost": 7738.16, "Plan Rows": 40220, "Plan Width": 8, "Actual Rows": 39797, "Actual Loops": 2, "Hash Buckets": 65536, "Original Hash Buckets": 65536, "Hash Batches": 1, "Original Hash Batches": 1, "Peak Memory Usage": 2067, "Workers": [], "Plans": [{"Node Type": "Hash Join", "Parent Relationship": "Outer", "Parallel Aware": false, "Async Capable": false, "Join Type": "Inner", "Startup Cost": 2156.27, "Total Cost": 7738.16, "Plan Rows": 40220, "Plan Width": 8, "Actual Rows": 39797, "Actual Loops": 2, "Inner Unique": true, "Hash Cond": "(p.owneruserid = u.id)", "Workers": [], "Plans": [{"Node Type": "Index Scan", "Parent Relationship": "Outer", "Parallel Aware": false, "Async Capable": false, "Scan Direction": "Forward", "Index Name": "idx_posts_owneruserid", "Relation Name": "posts", "Alias": "p", "Startup Cost": 0.29, "Total Cost": 5473.31, "Plan Rows": 41471, "Plan Width": 4, "Actual Rows": 41703, "Actual Loops": 2, "Filter": "((answercount >= 0) AND (answercount <= 4) AND (commentcount >= 0) AND (commentcount <= 11) AND (creationdate >= '2010-07-26 09:46:48'::timestamp without time zone) AND (creationdate <= '2014-09-13 10:09:50'::timestamp without time zone))", "Rows Removed by Filter": 50273, "Workers": []}, {"Node Type": "Hash", "Parent Relationship": "Inner", "Parallel Aware": false, "Async Capable": false, "Startup Cost": 1659.6, "Total Cost": 1659.6, "Plan Rows": 39710, "Plan Width": 4, "Actual Rows": 39730, "Actual Loops": 2, "Hash Buckets": 65536, "Original Hash Buckets": 65536, "Hash Batches": 1, "Original Hash Batches": 1, "Peak Memory Usage": 1909, "Workers": [], "Plans": [{"Node Type": "Index Scan", "Parent Relationship": "Outer", "Parallel Aware": false, "Async Capable": false, "Scan Direction": "Forward", "Index Name": "users_pkey", "Relation Name": "users", "Alias": "u", "Startup Cost": 0.29, "Total Cost": 1659.6, "Plan Rows": 39710, "Plan Width": 4, "Actual Rows": 39730, "Actual Loops": 2, "Filter": "((reputation >= 1) AND (creationdate >= '2010-08-03 19:42:40'::timestamp without time zone) AND (creationdate <= '2014-09-12 02:20:03'::timestamp without time zone))", "Rows Removed by Filter": 595, "Workers": []}]}]}]}]}]}]}]}, "Planning Time": 2.091, "Triggers": [], "Execution Time": 276.274}, {"Plan": {"Node Type": "Aggregate", "Strategy": "Plain", "Partial Mode": "Finalize", "Parallel Aware": false, "Async Capable": false, "Startup Cost": 53518.26, "Total Cost": 53518.27, "Plan Rows": 1, "Plan Width": 8, "Actual Rows": 1, "Actual Loops": 1, "Plans": [{"Node Type": "Gather", "Parent Relationship": "Outer", "Parallel Aware": false, "Async Capable": false, "Startup Cost": 53518.14, "Total Cost": 53518.25, "Plan Rows": 1, "Plan Width": 8, "Actual Rows": 2, "Actual Loops": 1, "Workers Planned": 1, "Workers Launched": 1, "Single Copy": false, "Plans": [{"Node Type": "Aggregate", "Strategy": "Plain", "Partial Mode": "Partial", "Parent Relationship": "Outer", "Parallel Aware": false, "Async Capable": false, "Startup Cost": 52518.14, "Total Cost": 52518.15, "Plan Rows": 1, "Plan Width": 8, "Actual Rows": 1, "Actual Loops": 2, "Workers": [], "Plans": [{"Node Type": "Merge Join", "Parent Relationship": "Outer", "Parallel Aware": false, "Async Capable": false, "Join Type": "Inner", "Startup Cost": 1.47, "Total Cost": 16647.97, "Plan Rows": 14348070, "Plan Width": 0, "Actual Rows": 729672, "Actual Loops": 2, "Inner Unique": false, "Merge Cond": "(c.userid = u.id)", "Workers": [], "Plans": [{"Node Type": "Index Scan", "Parent Relationship": "Outer", "Parallel Aware": true, "Async Capable": false, "Scan Direction": "Forward", "Index Name": "idx_comments_userid", "Relation Name": "comments", "Alias": "c", "Startup Cost": 0.29, "Total Cost": 7361.8, "Plan Rows": 102161, "Plan Width": 4, "Actual Rows": 85434, "Actual Loops": 2, "Filter": "(creationdate >= '2010-07-27 17:46:38'::timestamp without time zone)", "Rows Removed by Filter": 291, "Workers": []}, {"Node Type": "Materialize", "Parent Relationship": "Inner", "Parallel Aware": false, "Async Capable": false, "Startup Cost": 0.58, "Total Cost": 7754.17, "Plan Rows": 40220, "Plan Width": 8, "Actual Rows": 752901, "Actual Loops": 2, "Workers": [], "Plans": [{"Node Type": "Merge Join", "Parent Relationship": "Outer", "Parallel Aware": false, "Async Capable": false, "Join Type": "Inner", "Startup Cost": 0.58, "Total Cost": 7653.62, "Plan Rows": 40220, "Plan Width": 8, "Actual Rows": 39605, "Actual Loops": 2, "Inner Unique": true, "Merge Cond": "(p.owneruserid = u.id)", "Workers": [], "Plans": [{"Node Type": "Index Scan", "Parent Relationship": "Outer", "Parallel Aware": false, "Async Capable": false, "Scan Direction": "Forward", "Index Name": "idx_posts_owneruserid", "Relation Name": "posts", "Alias": "p", "Startup Cost": 0.29, "Total Cost": 5473.31, "Plan Rows": 41471, "Plan Width": 4, "Actual Rows": 40782, "Actual Loops": 2, "Filter": "((answercount >= 0) AND (answercount <= 4) AND (commentcount >= 0) AND (commentcount <= 11) AND (creationdate >= '2010-07-26 09:46:48'::timestamp without time zone) AND (creationdate <= '2014-09-13 10:09:50'::timestamp without time zone))", "Rows Removed by Filter": 49511, "Workers": []}, {"Node Type": "Index Scan", "Parent Relationship": "Inner", "Parallel Aware": false, "Async Capable": false, "Scan Direction": "Forward", "Index Name": "users_pkey", "Relation Name": "users", "Alias": "u", "Startup Cost": 0.29, "Total Cost": 1659.6, "Plan Rows": 39710, "Plan Width": 4, "Actual Rows": 39262, "Actual Loops": 2, "Filter": "((reputation >= 1) AND (creationdate >= '2010-08-03 19:42:40'::timestamp without time zone) AND (creationdate <= '2014-09-12 02:20:03'::timestamp without time zone))", "Rows Removed by Filter": 550, "Workers": []}]}]}]}]}]}]}, "Planning Time": 2.838, "Triggers": [], "Execution Time": 257.601}, {"Plan": {"Node Type": "Aggregate", "Strategy": "Plain", "Partial Mode": "Simple", "Parallel Aware": false, "Async Capable": false, "Startup Cost": 30000078986.38, "Total Cost": 30000078986.39, "Plan Rows": 1, "Plan Width": 8, "Actual Rows": 1, "Actual Loops": 1, "Plans": [{"Node Type": "Merge Join", "Parent Relationship": "Outer", "Parallel Aware": false, "Async Capable": false, "Join Type": "Inner", "Startup Cost": 30000000001.46, "Total Cost": 30000018007.08, "Plan Rows": 24391719, "Plan Width": 0, "Actual Rows": 1459345, "Actual Loops": 1, "Inner Unique": false, "Merge Cond": "(u.id = c.userid)", "Plans": [{"Node Type": "Merge Join", "Parent Relationship": "Outer", "Parallel Aware": false, "Async Capable": false, "Join Type": "Inner", "Startup Cost": 20000000000.58, "Total Cost": 20000007653.62, "Plan Rows": 40220, "Plan Width": 8, "Actual Rows": 39797, "Actual Loops": 1, "Inner Unique": true, "Merge Cond": "(p.owneruserid = u.id)", "Plans": [{"Node Type": "Index Scan", "Parent Relationship": "Outer", "Parallel Aware": false, "Async Capable": false, "Scan Direction": "Forward", "Index Name": "idx_posts_owneruserid", "Relation Name": "posts", "Alias": "p", "Startup Cost": 10000000000.29, "Total Cost": 10000005473.31, "Plan Rows": 41471, "Plan Width": 4, "Actual Rows": 40974, "Actual Loops": 1, "Filter": "((answercount >= 0) AND (answercount <= 4) AND (commentcount >= 0) AND (commentcount <= 11) AND (creationdate >= '2010-07-26 09:46:48'::timestamp without time zone) AND (creationdate <= '2014-09-13 10:09:50'::timestamp without time zone))", "Rows Removed by Filter": 49570}, {"Node Type": "Index Scan", "Parent Relationship": "Inner", "Parallel Aware": false, "Async Capable": false, "Scan Direction": "Forward", "Index Name": "users_pkey", "Relation Name": "users", "Alias": "u", "Startup Cost": 10000000000.29, "Total Cost": 10000001659.6, "Plan Rows": 39710, "Plan Width": 4, "Actual Rows": 39730, "Actual Loops": 1, "Filter": "((reputation >= 1) AND (creationdate >= '2010-08-03 19:42:40'::timestamp without time zone) AND (creationdate <= '2014-09-12 02:20:03'::timestamp without time zone))", "Rows Removed by Filter": 595}]}, {"Node Type": "Index Scan", "Parent Relationship": "Inner", "Parallel Aware": false, "Async Capable": false, "Scan Direction": "Forward", "Index Name": "idx_comments_userid", "Relation Name": "comments", "Alias": "c", "Startup Cost": 10000000000.3, "Total Cost": 10000008258.96, "Plan Rows": 173674, "Plan Width": 4, "Actual Rows": 1488543, "Actual Loops": 1, "Filter": "(creationdate >= '2010-07-27 17:46:38'::timestamp without time zone)", "Rows Removed by Filter": 608}]}]}, "Planning Time": 1.572, "Triggers": [], "Execution Time": 508.207}, {"Plan": {"Node Type": "Aggregate", "Strategy": "Plain", "Partial Mode": "Simple", "Parallel Aware": false, "Async Capable": false, "Startup Cost": 10000194760.44, "Total Cost": 10000194760.45, "Plan Rows": 1, "Plan Width": 8, "Actual Rows": 1, "Actual Loops": 1, "Plans": [{"Node Type": "Nested Loop", "Parent Relationship": "Outer", "Parallel Aware": false, "Async Capable": false, "Join Type": "Inner", "Startup Cost": 10000000000.94, "Total Cost": 10000133781.14, "Plan Rows": 24391719, "Plan Width": 0, "Actual Rows": 1459345, "Actual Loops": 1, "Inner Unique": false, "Join Filter": "(p.owneruserid = u.id)", "Rows Removed by Join Filter": 0, "Plans": [{"Node Type": "Nested Loop", "Parent Relationship": "Outer", "Parallel Aware": false, "Async Capable": false, "Join Type": "Inner", "Startup Cost": 10000000000.61, "Total Cost": 10000068863.17, "Plan Rows": 168197, "Plan Width": 8, "Actual Rows": 160207, "Actual Loops": 1, "Inner Unique": true, "Plans": [{"Node Type": "Index Scan", "Parent Relationship": "Outer", "Parallel Aware": false, "Async Capable": false, "Scan Direction": "Forward", "Index Name": "idx_comments_userid", "Relation Name": "comments", "Alias": "c", "Startup Cost": 10000000000.3, "Total Cost": 10000008258.96, "Plan Rows": 173674, "Plan Width": 4, "Actual Rows": 173677, "Actual Loops": 1, "Filter": "(creationdate >= '2010-07-27 17:46:38'::timestamp without time zone)", "Rows Removed by Filter": 628}, {"Node Type": "Memoize", "Parent Relationship": "Inner", "Parallel Aware": false, "Async Capable": false, "Startup Cost": 0.31, "Total Cost": 4.33, "Plan Rows": 1, "Plan Width": 4, "Actual Rows": 1, "Actual Loops": 173677, "Cache Key": "c.userid", "Cache Mode": "logical", "Cache Hits": 160059, "Cache Misses": 13618, "Cache Evictions": 0, "Cache Overflows": 0, "Peak Memory Usage": 1375, "Plans": [{"Node Type": "Bitmap Heap Scan", "Parent Relationship": "Outer", "Parallel Aware": false, "Async Capable": false, "Relation Name": "users", "Alias": "u", "Startup Cost": 0.3, "Total Cost": 4.32, "Plan Rows": 1, "Plan Width": 4, "Actual Rows": 1, "Actual Loops": 13618, "Recheck Cond": "(c.userid = id)", "Rows Removed by Index Recheck": 0, "Filter": "((reputation >= 1) AND (creationdate >= '2010-08-03 19:42:40'::timestamp without time zone) AND (creationdate <= '2014-09-12 02:20:03'::timestamp without time zone))", "Rows Removed by Filter": 0, "Exact Heap Blocks": 13617, "Lossy Heap Blocks": 0, "Plans": [{"Node Type": "Bitmap Index Scan", "Parent Relationship": "Outer", "Parallel Aware": false, "Async Capable": false, "Index Name": "users_pkey", "Startup Cost": 0.0, "Total Cost": 0.3, "Plan Rows": 1, "Plan Width": 0, "Actual Rows": 1, "Actual Loops": 13618, "Index Cond": "(id = c.userid)"}]}]}]}, {"Node Type": "Memoize", "Parent Relationship": "Inner", "Parallel Aware": false, "Async Capable": false, "Startup Cost": 0.34, "Total Cost": 4.45, "Plan Rows": 2, "Plan Width": 4, "Actual Rows": 9, "Actual Loops": 160207, "Cache Key": "c.userid", "Cache Mode": "logical", "Cache Hits": 146832, "Cache Misses": 13375, "Cache Evictions": 0, "Cache Overflows": 0, "Peak Memory Usage": 2025, "Plans": [{"Node Type": "Bitmap Heap Scan", "Parent Relationship": "Outer", "Parallel Aware": false, "Async Capable": false, "Relation Name": "posts", "Alias": "p", "Startup Cost": 0.33, "Total Cost": 4.44, "Plan Rows": 2, "Plan Width": 4, "Actual Rows": 2, "Actual Loops": 13375, "Recheck Cond": "(c.userid = owneruserid)", "Rows Removed by Index Recheck": 0, "Filter": "((answercount >= 0) AND (answercount <= 4) AND (commentcount >= 0) AND (commentcount <= 11) AND (creationdate >= '2010-07-26 09:46:48'::timestamp without time zone) AND (creationdate <= '2014-09-13 10:09:50'::timestamp without time zone))", "Rows Removed by Filter": 3, "Exact Heap Blocks": 53903, "Lossy Heap Blocks": 0, "Plans": [{"Node Type": "Bitmap Index Scan", "Parent Relationship": "Outer", "Parallel Aware": false, "Async Capable": false, "Index Name": "idx_posts_owneruserid", "Startup Cost": 0.0, "Total Cost": 0.33, "Plan Rows": 4, "Plan Width": 0, "Actual Rows": 5, "Actual Loops": 13375, "Index Cond": "(owneruserid = c.userid)"}]}]}]}]}, "Planning Time": 1.485, "Triggers": [], "Execution Time": 483.893}, {"Plan": {"Node Type": "Aggregate", "Strategy": "Plain", "Partial Mode": "Finalize", "Parallel Aware": false, "Async Capable": false, "Startup Cost": 61009.25, "Total Cost": 61009.26, "Plan Rows": 1, "Plan Width": 8, "Actual Rows": 1, "Actual Loops": 1, "Plans": [{"Node Type": "Gather", "Parent Relationship": "Outer", "Parallel Aware": false, "Async Capable": false, "Startup Cost": 61009.14, "Total Cost": 61009.25, "Plan Rows": 1, "Plan Width": 8, "Actual Rows": 2, "Actual Loops": 1, "Workers Planned": 1, "Workers Launched": 1, "Single Copy": false, "Plans": [{"Node Type": "Aggregate", "Strategy": "Plain", "Partial Mode": "Partial", "Parent Relationship": "Outer", "Parallel Aware": false, "Async Capable": false, "Startup Cost": 60009.14, "Total Cost": 60009.15, "Plan Rows": 1, "Plan Width": 8, "Actual Rows": 1, "Actual Loops": 2, "Workers": [], "Plans": [{"Node Type": "Nested Loop", "Parent Relationship": "Outer", "Parallel Aware": false, "Async Capable": false, "Join Type": "Inner", "Startup Cost": 0.9, "Total Cost": 24138.97, "Plan Rows": 14348070, "Plan Width": 0, "Actual Rows": 729672, "Actual Loops": 2, "Inner Unique": false, "Join Filter": "(p.owneruserid = u.id)", "Rows Removed by Join Filter": 0, "Workers": [], "Plans": [{"Node Type": "Nested Loop", "Parent Relationship": "Outer", "Parallel Aware": false, "Async Capable": false, "Join Type": "Inner", "Startup Cost": 0.59, "Total Cost": 14140.96, "Plan Rows": 98939, "Plan Width": 8, "Actual Rows": 80104, "Actual Loops": 2, "Inner Unique": true, "Workers": [], "Plans": [{"Node Type": "Index Scan", "Parent Relationship": "Outer", "Parallel Aware": true, "Async Capable": false, "Scan Direction": "Forward", "Index Name": "idx_comments_userid", "Relation Name": "comments", "Alias": "c", "Startup Cost": 0.29, "Total Cost": 7361.8, "Plan Rows": 102161, "Plan Width": 4, "Actual Rows": 86838, "Actual Loops": 2, "Filter": "(creationdate >= '2010-07-27 17:46:38'::timestamp without time zone)", "Rows Removed by Filter": 314, "Workers": []}, {"Node Type": "Memoize", "Parent Relationship": "Inner", "Parallel Aware": false, "Async Capable": false, "Startup Cost": 0.3, "Total Cost": 0.33, "Plan Rows": 1, "Plan Width": 4, "Actual Rows": 1, "Actual Loops": 173677, "Cache Key": "c.userid", "Cache Mode": "logical", "Cache Hits": 83671, "Cache Misses": 6448, "Cache Evictions": 0, "Cache Overflows": 0, "Peak Memory Usage": 648, "Workers": [{"Worker Number": 0, "Cache Hits": 76352, "Cache Misses": 7206, "Cache Evictions": 0, "Cache Overflows": 0, "Peak Memory Usage": 731}], "Plans": [{"Node Type": "Index Scan", "Parent Relationship": "Outer", "Parallel Aware": false, "Async Capable": false, "Scan Direction": "Forward", "Index Name": "users_pkey", "Relation Name": "users", "Alias": "u", "Startup Cost": 0.29, "Total Cost": 0.32, "Plan Rows": 1, "Plan Width": 4, "Actual Rows": 1, "Actual Loops": 13654, "Index Cond": "(id = c.userid)", "Rows Removed by Index Recheck": 0, "Filter": "((reputation >= 1) AND (creationdate >= '2010-08-03 19:42:40'::timestamp without time zone) AND (creationdate <= '2014-09-12 02:20:03'::timestamp without time zone))", "Rows Removed by Filter": 0, "Workers": []}]}]}, {"Node Type": "Memoize", "Parent Relationship": "Inner", "Parallel Aware": false, "Async Capable": false, "Startup Cost": 0.3, "Total Cost": 0.45, "Plan Rows": 2, "Plan Width": 4, "Actual Rows": 9, "Actual Loops": 160207, "Cache Key": "c.userid", "Cache Mode": "logical", "Cache Hits": 73265, "Cache Misses": 6241, "Cache Evictions": 0, "Cache Overflows": 0, "Peak Memory Usage": 943, "Workers": [{"Worker Number": 0, "Cache Hits": 73533, "Cache Misses": 7168, "Cache Evictions": 0, "Cache Overflows": 0, "Peak Memory Usage": 1104}], "Plans": [{"Node Type": "Index Scan", "Parent Relationship": "Outer", "Parallel Aware": false, "Async Capable": false, "Scan Direction": "Forward", "Index Name": "idx_posts_owneruserid", "Relation Name": "posts", "Alias": "p", "Startup Cost": 0.29, "Total Cost": 0.44, "Plan Rows": 2, "Plan Width": 4, "Actual Rows": 2, "Actual Loops": 13409, "Index Cond": "(owneruserid = c.userid)", "Rows Removed by Index Recheck": 0, "Filter": "((answercount >= 0) AND (answercount <= 4) AND (commentcount >= 0) AND (commentcount <= 11) AND (creationdate >= '2010-07-26 09:46:48'::timestamp without time zone) AND (creationdate <= '2014-09-13 10:09:50'::timestamp without time zone))", "Rows Removed by Filter": 4, "Workers": []}]}]}]}]}]}, "Planning Time": 1.979, "Triggers": [], "Execution Time": 261.805}, {"Plan": {"Node Type": "Aggregate", "Strategy": "Plain", "Partial Mode": "Finalize", "Parallel Aware": false, "Async Capable": false, "Startup Cost": 56273.1, "Total Cost": 56273.11, "Plan Rows": 1, "Plan Width": 8, "Actual Rows": 1, "Actual Loops": 1, "Plans": [{"Node Type": "Gather", "Parent Relationship": "Outer", "Parallel Aware": false, "Async Capable": false, "Startup Cost": 56272.99, "Total Cost": 56273.1, "Plan Rows": 1, "Plan Width": 8, "Actual Rows": 2, "Actual Loops": 1, "Workers Planned": 1, "Workers Launched": 1, "Single Copy": false, "Plans": [{"Node Type": "Aggregate", "Strategy": "Plain", "Partial Mode": "Partial", "Parent Relationship": "Outer", "Parallel Aware": false, "Async Capable": false, "Startup Cost": 55272.99, "Total Cost": 55273.0, "Plan Rows": 1, "Plan Width": 8, "Actual Rows": 1, "Actual Loops": 2, "Workers": [], "Plans": [{"Node Type": "Nested Loop", "Parent Relationship": "Outer", "Parallel Aware": false, "Async Capable": false, "Join Type": "Inner", "Startup Cost": 0.6, "Total Cost": 19402.82, "Plan Rows": 14348070, "Plan Width": 0, "Actual Rows": 729672, "Actual Loops": 2, "Inner Unique": false, "Join Filter": "(p.owneruserid = u.id)", "Rows Removed by Join Filter": 0, "Workers": [], "Plans": [{"Node Type": "Nested Loop", "Parent Relationship": "Outer", "Parallel Aware": false, "Async Capable": false, "Join Type": "Inner", "Startup Cost": 0.3, "Total Cost": 9404.82, "Plan Rows": 98939, "Plan Width": 8, "Actual Rows": 80104, "Actual Loops": 2, "Inner Unique": true, "Workers": [], "Plans": [{"Node Type": "Seq Scan", "Parent Relationship": "Outer", "Parallel Aware": true, "Async Capable": false, "Relation Name": "comments", "Alias": "c", "Startup Cost": 0.0, "Total Cost": 2625.65, "Plan Rows": 102161, "Plan Width": 4, "Actual Rows": 86838, "Actual Loops": 2, "Filter": "(creationdate >= '2010-07-27 17:46:38'::timestamp without time zone)", "Rows Removed by Filter": 314, "Workers": []}, {"Node Type": "Memoize", "Parent Relationship": "Inner", "Parallel Aware": false, "Async Capable": false, "Startup Cost": 0.3, "Total Cost": 0.33, "Plan Rows": 1, "Plan Width": 4, "Actual Rows": 1, "Actual Loops": 173677, "Cache Key": "c.userid", "Cache Mode": "logical", "Cache Hits": 78337, "Cache Misses": 9475, "Cache Evictions": 0, "Cache Overflows": 0, "Peak Memory Usage": 955, "Workers": [{"Worker Number": 0, "Cache Hits": 76271, "Cache Misses": 9594, "Cache Evictions": 0, "Cache Overflows": 0, "Peak Memory Usage": 970}], "Plans": [{"Node Type": "Index Scan", "Parent Relationship": "Outer", "Parallel Aware": false, "Async Capable": false, "Scan Direction": "Forward", "Index Name": "users_pkey", "Relation Name": "users", "Alias": "u", "Startup Cost": 0.29, "Total Cost": 0.32, "Plan Rows": 1, "Plan Width": 4, "Actual Rows": 1, "Actual Loops": 19069, "Index Cond": "(id = c.userid)", "Rows Removed by Index Recheck": 0, "Filter": "((reputation >= 1) AND (creationdate >= '2010-08-03 19:42:40'::timestamp without time zone) AND (creationdate <= '2014-09-12 02:20:03'::timestamp without time zone))", "Rows Removed by Filter": 0, "Workers": []}]}]}, {"Node Type": "Memoize", "Parent Relationship": "Inner", "Parallel Aware": false, "Async Capable": false, "Startup Cost": 0.3, "Total Cost": 0.45, "Plan Rows": 2, "Plan Width": 4, "Actual Rows": 9, "Actual Loops": 160207, "Cache Key": "c.userid", "Cache Mode": "logical", "Cache Hits": 70065, "Cache Misses": 9252, "Cache Evictions": 0, "Cache Overflows": 0, "Peak Memory Usage": 1572, "Workers": [{"Worker Number": 0, "Cache Hits": 71445, "Cache Misses": 9445, "Cache Evictions": 0, "Cache Overflows": 0, "Peak Memory Usage": 1597}], "Plans": [{"Node Type": "Index Scan", "Parent Relationship": "Outer", "Parallel Aware": false, "Async Capable": false, "Scan Direction": "Forward", "Index Name": "idx_posts_owneruserid", "Relation Name": "posts", "Alias": "p", "Startup Cost": 0.29, "Total Cost": 0.44, "Plan Rows": 2, "Plan Width": 4, "Actual Rows": 3, "Actual Loops": 18697, "Index Cond": "(owneruserid = c.userid)", "Rows Removed by Index Recheck": 0, "Filter": "((answercount >= 0) AND (answercount <= 4) AND (commentcount >= 0) AND (commentcount <= 11) AND (creationdate >= '2010-07-26 09:46:48'::timestamp without time zone) AND (creationdate <= '2014-09-13 10:09:50'::timestamp without time zone))", "Rows Removed by Filter": 4, "Workers": []}]}]}]}]}]}, "Planning Time": 2.027, "Triggers": [], "Execution Time": 259.321}, {"Plan": {"Node Type": "Aggregate", "Strategy": "Plain", "Partial Mode": "Finalize", "Parallel Aware": false, "Async Capable": false, "Startup Cost": 61162.62, "Total Cost": 61162.63, "Plan Rows": 1, "Plan Width": 8, "Actual Rows": 1, "Actual Loops": 1, "Plans": [{"Node Type": "Gather", "Parent Relationship": "Outer", "Parallel Aware": false, "Async Capable": false, "Startup Cost": 61162.51, "Total Cost": 61162.62, "Plan Rows": 1, "Plan Width": 8, "Actual Rows": 2, "Actual Loops": 1, "Workers Planned": 1, "Workers Launched": 1, "Single Copy": false, "Plans": [{"Node Type": "Aggregate", "Strategy": "Plain", "Partial Mode": "Partial", "Parent Relationship": "Outer", "Parallel Aware": false, "Async Capable": false, "Startup Cost": 60162.51, "Total Cost": 60162.52, "Plan Rows": 1, "Plan Width": 8, "Actual Rows": 1, "Actual Loops": 2, "Workers": [], "Plans": [{"Node Type": "Merge Join", "Parent Relationship": "Outer", "Parallel Aware": false, "Async Capable": false, "Join Type": "Inner", "Startup Cost": 21481.94, "Total Cost": 24292.33, "Plan Rows": 14348070, "Plan Width": 0, "Actual Rows": 729672, "Actual Loops": 2, "Inner Unique": false, "Merge Cond": "(c.userid = u.id)", "Workers": [], "Plans": [{"Node Type": "Sort", "Parent Relationship": "Outer", "Parallel Aware": false, "Async Capable": false, "Startup Cost": 11125.7, "Total Cost": 11381.1, "Plan Rows": 102161, "Plan Width": 4, "Actual Rows": 85434, "Actual Loops": 2, "Sort Key": ["c.userid"], "Sort Method": "quicksort", "Sort Space Used": 6145, "Sort Space Type": "Memory", "Workers": [{"Worker Number": 0, "Sort Method": "quicksort", "Sort Space Used": 769, "Sort Space Type": "Memory"}], "Plans": [{"Node Type": "Seq Scan", "Parent Relationship": "Outer", "Parallel Aware": true, "Async Capable": false, "Relation Name": "comments", "Alias": "c", "Startup Cost": 0.0, "Total Cost": 2625.65, "Plan Rows": 102161, "Plan Width": 4, "Actual Rows": 86838, "Actual Loops": 2, "Filter": "(creationdate >= '2010-07-27 17:46:38'::timestamp without time zone)", "Rows Removed by Filter": 314, "Workers": []}]}, {"Node Type": "Materialize", "Parent Relationship": "Inner", "Parallel Aware": false, "Async Capable": false, "Startup Cost": 10356.17, "Total Cost": 11261.68, "Plan Rows": 40220, "Plan Width": 8, "Actual Rows": 745266, "Actual Loops": 2, "Workers": [], "Plans": [{"Node Type": "Merge Join", "Parent Relationship": "Outer", "Parallel Aware": false, "Async Capable": false, "Join Type": "Inner", "Startup Cost": 10356.17, "Total Cost": 11161.13, "Plan Rows": 40220, "Plan Width": 8, "Actual Rows": 39797, "Actual Loops": 2, "Inner Unique": true, "Merge Cond": "(p.owneruserid = u.id)", "Workers": [], "Plans": [{"Node Type": "Sort", "Parent Relationship": "Outer", "Parallel Aware": false, "Async Capable": false, "Startup Cost": 6320.19, "Total Cost": 6423.86, "Plan Rows": 41471, "Plan Width": 4, "Actual Rows": 40974, "Actual Loops": 2, "Sort Key": ["p.owneruserid"], "Sort Method": "quicksort", "Sort Space Used": 1537, "Sort Space Type": "Memory", "Workers": [{"Worker Number": 0, "Sort Method": "quicksort", "Sort Space Used": 1537, "Sort Space Type": "Memory"}], "Plans": [{"Node Type": "Seq Scan", "Parent Relationship": "Outer", "Parallel Aware": false, "Async Capable": false, "Relation Name": "posts", "Alias": "p", "Startup Cost": 0.0, "Total Cost": 3139.4, "Plan Rows": 41471, "Plan Width": 4, "Actual Rows": 41703, "Actual Loops": 2, "Filter": "((answercount >= 0) AND (answercount <= 4) AND (commentcount >= 0) AND (commentcount <= 11) AND (creationdate >= '2010-07-26 09:46:48'::timestamp without time zone) AND (creationdate <= '2014-09-13 10:09:50'::timestamp without time zone))", "Rows Removed by Filter": 50273, "Workers": []}]}, {"Node Type": "Sort", "Parent Relationship": "Inner", "Parallel Aware": false, "Async Capable": false, "Startup Cost": 4035.98, "Total Cost": 4135.25, "Plan Rows": 39710, "Plan Width": 4, "Actual Rows": 39730, "Actual Loops": 2, "Sort Key": ["u.id"], "Sort Method": "quicksort", "Sort Space Used": 1537, "Sort Space Type": "Memory", "Workers": [{"Worker Number": 0, "Sort Method": "quicksort", "Sort Space Used": 1537, "Sort Space Type": "Memory"}], "Plans": [{"Node Type": "Seq Scan", "Parent Relationship": "Outer", "Parallel Aware": false, "Async Capable": false, "Relation Name": "users", "Alias": "u", "Startup Cost": 0.0, "Total Cost": 1002.69, "Plan Rows": 39710, "Plan Width": 4, "Actual Rows": 39730, "Actual Loops": 2, "Filter": "((reputation >= 1) AND (creationdate >= '2010-08-03 19:42:40'::timestamp without time zone) AND (creationdate <= '2014-09-12 02:20:03'::timestamp without time zone))", "Rows Removed by Filter": 595, "Workers": []}]}]}]}]}]}]}]}, "Planning Time": 1.552, "Triggers": [], "Execution Time": 167.682}, {"Plan": {"Node Type": "Aggregate", "Strategy": "Plain", "Partial Mode": "Finalize", "Parallel Aware": false, "Async Capable": false, "Startup Cost": 160286.58, "Total Cost": 160286.59, "Plan Rows": 1, "Plan Width": 8, "Actual Rows": 1, "Actual Loops": 1, "Plans": [{"Node Type": "Gather", "Parent Relationship": "Outer", "Parallel Aware": false, "Async Capable": false, "Startup Cost": 160286.46, "Total Cost": 160286.57, "Plan Rows": 1, "Plan Width": 8, "Actual Rows": 2, "Actual Loops": 1, "Workers Planned": 1, "Workers Launched": 1, "Single Copy": false, "Plans": [{"Node Type": "Aggregate", "Strategy": "Plain", "Partial Mode": "Partial", "Parent Relationship": "Outer", "Parallel Aware": false, "Async Capable": false, "Startup Cost": 159286.46, "Total Cost": 159286.47, "Plan Rows": 1, "Plan Width": 8, "Actual Rows": 1, "Actual Loops": 2, "Workers": [], "Plans": [{"Node Type": "Nested Loop", "Parent Relationship": "Outer", "Parallel Aware": false, "Async Capable": false, "Join Type": "Inner", "Startup Cost": 0.65, "Total Cost": 123416.29, "Plan Rows": 14348070, "Plan Width": 0, "Actual Rows": 729672, "Actual Loops": 2, "Inner Unique": false, "Join Filter": "(p.owneruserid = u.id)", "Rows Removed by Join Filter": 0, "Workers": [], "Plans": [{"Node Type": "Nested Loop", "Parent Relationship": "Outer", "Parallel Aware": false, "Async Capable": false, "Join Type": "Inner", "Startup Cost": 0.31, "Total Cost": 61442.02, "Plan Rows": 98939, "Plan Width": 8, "Actual Rows": 80104, "Actual Loops": 2, "Inner Unique": true, "Workers": [], "Plans": [{"Node Type": "Seq Scan", "Parent Relationship": "Outer", "Parallel Aware": true, "Async Capable": false, "Relation Name": "comments", "Alias": "c", "Startup Cost": 0.0, "Total Cost": 2625.65, "Plan Rows": 102161, "Plan Width": 4, "Actual Rows": 86838, "Actual Loops": 2, "Filter": "(creationdate >= '2010-07-27 17:46:38'::timestamp without time zone)", "Rows Removed by Filter": 314, "Workers": []}, {"Node Type": "Memoize", "Parent Relationship": "Inner", "Parallel Aware": false, "Async Capable": false, "Startup Cost": 0.31, "Total Cost": 4.33, "Plan Rows": 1, "Plan Width": 4, "Actual Rows": 1, "Actual Loops": 173677, "Cache Key": "c.userid", "Cache Mode": "logical", "Cache Hits": 79138, "Cache Misses": 9524, "Cache Evictions": 0, "Cache Overflows": 0, "Peak Memory Usage": 960, "Workers": [{"Worker Number": 0, "Cache Hits": 75467, "Cache Misses": 9548, "Cache Evictions": 0, "Cache Overflows": 0, "Peak Memory Usage": 965}], "Plans": [{"Node Type": "Bitmap Heap Scan", "Parent Relationship": "Outer", "Parallel Aware": false, "Async Capable": false, "Relation Name": "users", "Alias": "u", "Startup Cost": 0.3, "Total Cost": 4.32, "Plan Rows": 1, "Plan Width": 4, "Actual Rows": 1, "Actual Loops": 19072, "Recheck Cond": "(c.userid = id)", "Rows Removed by Index Recheck": 0, "Filter": "((reputation >= 1) AND (creationdate >= '2010-08-03 19:42:40'::timestamp without time zone) AND (creationdate <= '2014-09-12 02:20:03'::timestamp without time zone))", "Rows Removed by Filter": 0, "Exact Heap Blocks": 9523, "Lossy Heap Blocks": 0, "Workers": [], "Plans": [{"Node Type": "Bitmap Index Scan", "Parent Relationship": "Outer", "Parallel Aware": false, "Async Capable": false, "Index Name": "users_pkey", "Startup Cost": 0.0, "Total Cost": 0.3, "Plan Rows": 1, "Plan Width": 0, "Actual Rows": 1, "Actual Loops": 19072, "Index Cond": "(id = c.userid)", "Workers": []}]}]}]}, {"Node Type": "Memoize", "Parent Relationship": "Inner", "Parallel Aware": false, "Async Capable": false, "Startup Cost": 0.34, "Total Cost": 4.45, "Plan Rows": 2, "Plan Width": 4, "Actual Rows": 9, "Actual Loops": 160207, "Cache Key": "c.userid", "Cache Mode": "logical", "Cache Hits": 70891, "Cache Misses": 9302, "Cache Evictions": 0, "Cache Overflows": 0, "Peak Memory Usage": 1581, "Workers": [{"Worker Number": 0, "Cache Hits": 70618, "Cache Misses": 9396, "Cache Evictions": 0, "Cache Overflows": 0, "Peak Memory Usage": 1590}], "Plans": [{"Node Type": "Bitmap Heap Scan", "Parent Relationship": "Outer", "Parallel Aware": false, "Async Capable": false, "Relation Name": "posts", "Alias": "p", "Startup Cost": 0.33, "Total Cost": 4.44, "Plan Rows": 2, "Plan Width": 4, "Actual Rows": 3, "Actual Loops": 18698, "Recheck Cond": "(c.userid = owneruserid)", "Rows Removed by Index Recheck": 0, "Filter": "((answercount >= 0) AND (answercount <= 4) AND (commentcount >= 0) AND (commentcount <= 11) AND (creationdate >= '2010-07-26 09:46:48'::timestamp without time zone) AND (creationdate <= '2014-09-13 10:09:50'::timestamp without time zone))", "Rows Removed by Filter": 4, "Exact Heap Blocks": 48318, "Lossy Heap Blocks": 0, "Workers": [], "Plans": [{"Node Type": "Bitmap Index Scan", "Parent Relationship": "Outer", "Parallel Aware": false, "Async Capable": false, "Index Name": "idx_posts_owneruserid", "Startup Cost": 0.0, "Total Cost": 0.33, "Plan Rows": 4, "Plan Width": 0, "Actual Rows": 7, "Actual Loops": 18698, "Index Cond": "(owneruserid = c.userid)", "Workers": []}]}]}]}]}]}]}, "Planning Time": 2.043, "Triggers": [], "Execution Time": 299.96}]