[{"Plan": {"Node Type": "Aggregate", "Strategy": "Plain", "Partial Mode": "Simple", "Parallel Aware": false, "Async Capable": false, "Startup Cost": 9346.66, "Total Cost": 9346.67, "Plan Rows": 1, "Plan Width": 8, "Actual Rows": 1, "Actual Loops": 1, "Plans": [{"Node Type": "Nested Loop", "Parent Relationship": "Outer", "Parallel Aware": false, "Async Capable": false, "Join Type": "Inner", "Startup Cost": 2929.85, "Total Cost": 9318.0, "Plan Rows": 11463, "Plan Width": 0, "Actual Rows": 436286, "Actual Loops": 1, "Inner Unique": false, "Join Filter": "(p.id = v.postid)", "Rows Removed by Join Filter": 0, "Plans": [{"Node Type": "Nested Loop", "Parent Relationship": "Outer", "Parallel Aware": false, "Async Capable": false, "Join Type": "Inner", "Startup Cost": 2929.43, "Total Cost": 7235.82, "Plan Rows": 3224, "Plan Width": 16, "Actual Rows": 50824, "Actual Loops": 1, "Inner Unique": false, "Join Filter": "(c.postid = p.id)", "Rows Removed by Join Filter": 0, "Plans": [{"Node Type": "Nested Loop", "Parent Relationship": "Outer", "Parallel Aware": false, "Async Capable": false, "Join Type": "Inner", "Startup Cost": 2929.01, "Total Cost": 6332.84, "Plan Rows": 1701, "Plan Width": 12, "Actual Rows": 12124, "Actual Loops": 1, "Inner Unique": true, "Plans": [{"Node Type": "Nested Loop", "Parent Relationship": "Outer", "Parallel Aware": false, "Async Capable": false, "Join Type": "Inner", "Startup Cost": 2928.72, "Total Cost": 5648.86, "Plan Rows": 1732, "Plan Width": 16, "Actual Rows": 12249, "Actual Loops": 1, "Inner Unique": false, "Plans": [{"Node Type": "Hash Join", "Parent Relationship": "Outer", "Parallel Aware": false, "Async Capable": false, "Join Type": "Inner", "Startup Cost": 2928.3, "Total Cost": 3204.67, "Plan Rows": 2295, "Plan Width": 12, "Actual Rows": 10581, "Actual Loops": 1, "Inner Unique": true, "Hash Cond": "(pl.postid = p.id)", "Plans": [{"Node Type": "Seq Scan", "Parent Relationship": "Outer", "Parallel Aware": false, "Async Capable": false, "Relation Name": "postlinks", "Alias": "pl", "Startup Cost": 0.0, "Total Cost": 248.53, "Plan Rows": 10608, "Plan Width": 4, "Actual Rows": 10607, "Actual Loops": 1, "Filter": "((creationdate >= '2010-11-16 01:27:37'::timestamp without time zone) AND (creationdate <= '2014-08-21 15:25:23'::timestamp without time zone))", "Rows Removed by Filter": 495}, {"Node Type": "Hash", "Parent Relationship": "Inner", "Parallel Aware": false, "Async Capable": false, "Startup Cost": 2679.52, "Total Cost": 2679.52, "Plan Rows": 19902, "Plan Width": 8, "Actual Rows": 42703, "Actual Loops": 1, "Hash Buckets": 65536, "Original Hash Buckets": 32768, "Hash Batches": 1, "Original Hash Batches": 1, "Peak Memory Usage": 2178, "Plans": [{"Node Type": "Seq Scan", "Parent Relationship": "Outer", "Parallel Aware": false, "Async Capable": false, "Relation Name": "posts", "Alias": "p", "Startup Cost": 0.0, "Total Cost": 2679.52, "Plan Rows": 19902, "Plan Width": 8, "Actual Rows": 42703, "Actual Loops": 1, "Filter": "((answercount >= 0) AND (creationdate >= '2010-07-21 15:23:53'::timestamp without time zone) AND (creationdate <= '2014-09-11 23:26:14'::timestamp without time zone) AND (posttypeid = 1))", "Rows Removed by Filter": 49273}]}]}, {"Node Type": "Index Scan", "Parent Relationship": "Inner", "Parallel Aware": false, "Async Capable": false, "Scan Direction": "Forward", "Index Name": "idx_posthistory_postid", "Relation Name": "posthistory", "Alias": "ph", "Startup Cost": 0.42, "Total Cost": 1.06, "Plan Rows": 1, "Plan Width": 4, "Actual Rows": 1, "Actual Loops": 10581, "Index Cond": "(postid = p.id)", "Rows Removed by Index Recheck": 0, "Filter": "(posthistorytypeid = 5)", "Rows Removed by Filter": 5}]}, {"Node Type": "Index Scan", "Parent Relationship": "Inner", "Parallel Aware": false, "Async Capable": false, "Scan Direction": "Forward", "Index Name": "users_pkey", "Relation Name": "users", "Alias": "u", "Startup Cost": 0.29, "Total Cost": 0.39, "Plan Rows": 1, "Plan Width": 4, "Actual Rows": 1, "Actual Loops": 12249, "Index Cond": "(id = p.owneruserid)", "Rows Removed by Index Recheck": 0, "Filter": "((upvotes >= 0) AND (creationdate <= '2014-09-11 20:31:48'::timestamp without time zone))", "Rows Removed by Filter": 0}]}, {"Node Type": "Index Only Scan", "Parent Relationship": "Inner", "Parallel Aware": false, "Async Capable": false, "Scan Direction": "Forward", "Index Name": "idx_comments_postid", "Relation Name": "comments", "Alias": "c", "Startup Cost": 0.42, "Total Cost": 0.49, "Plan Rows": 3, "Plan Width": 4, "Actual Rows": 4, "Actual Loops": 12124, "Index Cond": "(postid = ph.postid)", "Rows Removed by Index Recheck": 0, "Heap Fetches": 0}]}, {"Node Type": "Index Scan", "Parent Relationship": "Inner", "Parallel Aware": false, "Async Capable": false, "Scan Direction": "Forward", "Index Name": "idx_votes_postid", "Relation Name": "votes", "Alias": "v", "Startup Cost": 0.42, "Total Cost": 0.58, "Plan Rows": 5, "Plan Width": 4, "Actual Rows": 9, "Actual Loops": 50824, "Index Cond": "(postid = c.postid)", "Rows Removed by Index Recheck": 0, "Filter": "(creationdate >= '2010-07-21 00:00:00'::timestamp without time zone)", "Rows Removed by Filter": 0}]}]}, "Planning Time": 8.306, "Triggers": [], "Execution Time": 361.224}, {"Plan": {"Node Type": "Aggregate", "Strategy": "Plain", "Partial Mode": "Simple", "Parallel Aware": false, "Async Capable": false, "Startup Cost": 60000064717.97, "Total Cost": 60000064717.98, "Plan Rows": 1, "Plan Width": 8, "Actual Rows": 1, "Actual Loops": 1, "Plans": [{"Node Type": "Hash Join", "Parent Relationship": "Outer", "Parallel Aware": false, "Async Capable": false, "Join Type": "Inner", "Startup Cost": 60000060032.32, "Total Cost": 60000064689.31, "Plan Rows": 11463, "Plan Width": 0, "Actual Rows": 436286, "Actual Loops": 1, "Inner Unique": false, "Hash Cond": "(c.postid = p.id)", "Plans": [{"Node Type": "Index Only Scan", "Parent Relationship": "Outer", "Parallel Aware": false, "Async Capable": false, "Scan Direction": "Forward", "Index Name": "idx_comments_postid", "Relation Name": "comments", "Alias": "c", "Startup Cost": 10000000000.42, "Total Cost": 10000003889.15, "Plan Rows": 174305, "Plan Width": 4, "Actual Rows": 174305, "Actual Loops": 1, "Heap Fetches": 0}, {"Node Type": "Hash", "Parent Relationship": "Inner", "Parallel Aware": false, "Async Capable": false, "Startup Cost": 50000059956.3, "Total Cost": 50000059956.3, "Plan Rows": 6048, "Plan Width": 16, "Actual Rows": 87188, "Actual Loops": 1, "Hash Buckets": 131072, "Original Hash Buckets": 8192, "Hash Batches": 1, "Original Hash Batches": 1, "Peak Memory Usage": 5111, "Plans": [{"Node Type": "Nested Loop", "Parent Relationship": "Outer", "Parallel Aware": false, "Async Capable": false, "Join Type": "Inner", "Startup Cost": 50000000002.06, "Total Cost": 50000059956.3, "Plan Rows": 6048, "Plan Width": 16, "Actual Rows": 87188, "Actual Loops": 1, "Inner Unique": false, "Join Filter": "(p.id = v.postid)", "Rows Removed by Join Filter": 0, "Plans": [{"Node Type": "Nested Loop", "Parent Relationship": "Outer", "Parallel Aware": false, "Async Capable": false, "Join Type": "Inner", "Startup Cost": 40000000001.57, "Total Cost": 40000052085.7, "Plan Rows": 1701, "Plan Width": 12, "Actual Rows": 12124, "Actual Loops": 1, "Inner Unique": true, "Plans": [{"Node Type": "Nested Loop", "Parent Relationship": "Outer", "Parallel Aware": false, "Async Capable": false, "Join Type": "Inner", "Startup Cost": 30000000001.25, "Total Cost": 30000044572.35, "Plan Rows": 1732, "Plan Width": 16, "Actual Rows": 12249, "Actual Loops": 1, "Inner Unique": false, "Plans": [{"Node Type": "Nested Loop", "Parent Relationship": "Outer", "Parallel Aware": false, "Async Capable": false, "Join Type": "Inner", "Startup Cost": 20000000000.69, "Total Cost": 20000033957.86, "Plan Rows": 2295, "Plan Width": 12, "Actual Rows": 10581, "Actual Loops": 1, "Inner Unique": true, "Plans": [{"Node Type": "Index Scan", "Parent Relationship": "Outer", "Parallel Aware": false, "Async Capable": false, "Scan Direction": "Forward", "Index Name": "idx_postlinks_postid", "Relation Name": "postlinks", "Alias": "pl", "Startup Cost": 10000000000.28, "Total Cost": 10000000450.8, "Plan Rows": 10608, "Plan Width": 4, "Actual Rows": 10607, "Actual Loops": 1, "Filter": "((creationdate >= '2010-11-16 01:27:37'::timestamp without time zone) AND (creationdate <= '2014-08-21 15:25:23'::timestamp without time zone))", "Rows Removed by Filter": 495}, {"Node Type": "Memoize", "Parent Relationship": "Inner", "Parallel Aware": false, "Async Capable": false, "Startup Cost": 0.41, "Total Cost": 4.43, "Plan Rows": 1, "Plan Width": 8, "Actual Rows": 1, "Actual Loops": 10607, "Cache Key": "pl.postid", "Cache Mode": "logical", "Cache Hits": 3337, "Cache Misses": 7270, "Cache Evictions": 0, "Cache Overflows": 0, "Peak Memory Usage": 766, "Plans": [{"Node Type": "Bitmap Heap Scan", "Parent Relationship": "Outer", "Parallel Aware": false, "Async Capable": false, "Relation Name": "posts", "Alias": "p", "Startup Cost": 0.4, "Total Cost": 4.42, "Plan Rows": 1, "Plan Width": 8, "Actual Rows": 1, "Actual Loops": 7270, "Recheck Cond": "(id = pl.postid)", "Rows Removed by Index Recheck": 0, "Filter": "((answercount >= 0) AND (creationdate >= '2010-07-21 15:23:53'::timestamp without time zone) AND (creationdate <= '2014-09-11 23:26:14'::timestamp without time zone) AND (posttypeid = 1))", "Rows Removed by Filter": 0, "Exact Heap Blocks": 7270, "Lossy Heap Blocks": 0, "Plans": [{"Node Type": "Bitmap Index Scan", "Parent Relationship": "Outer", "Parallel Aware": false, "Async Capable": false, "Index Name": "posts_pkey", "Startup Cost": 0.0, "Total Cost": 0.4, "Plan Rows": 1, "Plan Width": 0, "Actual Rows": 1, "Actual Loops": 7270, "Index Cond": "(id = pl.postid)"}]}]}]}, {"Node Type": "Bitmap Heap Scan", "Parent Relationship": "Inner", "Parallel Aware": false, "Async Capable": false, "Relation Name": "posthistory", "Alias": "ph", "Startup Cost": 0.56, "Total Cost": 4.62, "Plan Rows": 1, "Plan Width": 4, "Actual Rows": 1, "Actual Loops": 10581, "Recheck Cond": "(p.id = postid)", "Rows Removed by Index Recheck": 0, "Filter": "(posthistorytypeid = 5)", "Rows Removed by Filter": 5, "Exact Heap Blocks": 18663, "Lossy Heap Blocks": 0, "Plans": [{"Node Type": "Bitmap Index Scan", "Parent Relationship": "Outer", "Parallel Aware": false, "Async Capable": false, "Index Name": "idx_posthistory_postid", "Startup Cost": 0.0, "Total Cost": 0.55, "Plan Rows": 4, "Plan Width": 0, "Actual Rows": 6, "Actual Loops": 10581, "Index Cond": "(postid = p.id)"}]}]}, {"Node Type": "Bitmap Heap Scan", "Parent Relationship": "Inner", "Parallel Aware": false, "Async Capable": false, "Relation Name": "users", "Alias": "u", "Startup Cost": 0.32, "Total Cost": 4.34, "Plan Rows": 1, "Plan Width": 4, "Actual Rows": 1, "Actual Loops": 12249, "Recheck Cond": "(p.owneruserid = id)", "Rows Removed by Index Recheck": 0, "Filter": "((upvotes >= 0) AND (creationdate <= '2014-09-11 20:31:48'::timestamp without time zone))", "Rows Removed by Filter": 0, "Exact Heap Blocks": 12124, "Lossy Heap Blocks": 0, "Plans": [{"Node Type": "Bitmap Index Scan", "Parent Relationship": "Outer", "Parallel Aware": false, "Async Capable": false, "Index Name": "users_pkey", "Startup Cost": 0.0, "Total Cost": 0.32, "Plan Rows": 1, "Plan Width": 0, "Actual Rows": 1, "Actual Loops": 12249, "Index Cond": "(id = p.owneruserid)"}]}]}, {"Node Type": "Bitmap Heap Scan", "Parent Relationship": "Inner", "Parallel Aware": false, "Async Capable": false, "Relation Name": "votes", "Alias": "v", "Startup Cost": 0.49, "Total Cost": 4.56, "Plan Rows": 5, "Plan Width": 4, "Actual Rows": 7, "Actual Loops": 12124, "Recheck Cond": "(ph.postid = postid)", "Rows Removed by Index Recheck": 0, "Filter": "(creationdate >= '2010-07-21 00:00:00'::timestamp without time zone)", "Rows Removed by Filter": 0, "Exact Heap Blocks": 52363, "Lossy Heap Blocks": 0, "Plans": [{"Node Type": "Bitmap Index Scan", "Parent Relationship": "Outer", "Parallel Aware": false, "Async Capable": false, "Index Name": "idx_votes_postid", "Startup Cost": 0.0, "Total Cost": 0.49, "Plan Rows": 5, "Plan Width": 0, "Actual Rows": 7, "Actual Loops": 12124, "Index Cond": "(postid = ph.postid)"}]}]}]}]}]}, "Planning Time": 6.106, "Triggers": [], "Execution Time": 366.127}, {"Plan": {"Node Type": "Aggregate", "Strategy": "Plain", "Partial Mode": "Finalize", "Parallel Aware": false, "Async Capable": false, "Startup Cost": 31467.63, "Total Cost": 31467.64, "Plan Rows": 1, "Plan Width": 8, "Actual Rows": 1, "Actual Loops": 1, "Plans": [{"Node Type": "Gather", "Parent Relationship": "Outer", "Parallel Aware": false, "Async Capable": false, "Startup Cost": 31467.51, "Total Cost": 31467.62, "Plan Rows": 1, "Plan Width": 8, "Actual Rows": 2, "Actual Loops": 1, "Workers Planned": 1, "Workers Launched": 1, "Single Copy": false, "Plans": [{"Node Type": "Aggregate", "Strategy": "Plain", "Partial Mode": "Partial", "Parent Relationship": "Outer", "Parallel Aware": false, "Async Capable": false, "Startup Cost": 30467.51, "Total Cost": 30467.52, "Plan Rows": 1, "Plan Width": 8, "Actual Rows": 1, "Actual Loops": 2, "Workers": [], "Plans": [{"Node Type": "Hash Join", "Parent Relationship": "Outer", "Parallel Aware": true, "Async Capable": false, "Join Type": "Inner", "Startup Cost": 18595.79, "Total Cost": 30450.66, "Plan Rows": 6743, "Plan Width": 0, "Actual Rows": 218143, "Actual Loops": 2, "Inner Unique": false, "Hash Cond": "(v.postid = p.id)", "Workers": [], "Plans": [{"Node Type": "Index Scan", "Parent Relationship": "Outer", "Parallel Aware": true, "Async Capable": false, "Scan Direction": "Forward", "Index Name": "idx_votes_postid", "Relation Name": "votes", "Alias": "v", "Startup Cost": 0.42, "Total Cost": 11105.86, "Plan Rows": 192359, "Plan Width": 4, "Actual Rows": 163593, "Actual Loops": 2, "Filter": "(creationdate >= '2010-07-21 00:00:00'::timestamp without time zone)", "Rows Removed by Filter": 439, "Workers": []}, {"Node Type": "Hash", "Parent Relationship": "Inner", "Parallel Aware": true, "Async Capable": false, "Startup Cost": 18578.58, "Total Cost": 18578.58, "Plan Rows": 1343, "Plan Width": 16, "Actual Rows": 25412, "Actual Loops": 2, "Hash Buckets": 65536, "Original Hash Buckets": 4096, "Hash Batches": 1, "Original Hash Batches": 1, "Peak Memory Usage": 3424, "Workers": [], "Plans": [{"Node Type": "Hash Join", "Parent Relationship": "Outer", "Parallel Aware": true, "Async Capable": false, "Join Type": "Inner", "Startup Cost": 15426.38, "Total Cost": 18578.58, "Plan Rows": 1343, "Plan Width": 16, "Actual Rows": 25412, "Actual Loops": 2, "Inner Unique": false, "Hash Cond": "(c.postid = p.id)", "Workers": [], "Plans": [{"Node Type": "Index Only Scan", "Parent Relationship": "Outer", "Parallel Aware": true, "Async Capable": false, "Scan Direction": "Forward", "Index Name": "idx_comments_postid", "Relation Name": "comments", "Alias": "c", "Startup Cost": 0.42, "Total Cost": 2872.37, "Plan Rows": 72627, "Plan Width": 4, "Actual Rows": 87152, "Actual Loops": 2, "Heap Fetches": 0, "Workers": []}, {"Node Type": "Hash", "Parent Relationship": "Inner", "Parallel Aware": true, "Async Capable": false, "Startup Cost": 15413.44, "Total Cost": 15413.44, "Plan Rows": 1001, "Plan Width": 12, "Actual Rows": 6062, "Actual Loops": 2, "Hash Buckets": 16384, "Original Hash Buckets": 2048, "Hash Batches": 1, "Original Hash Batches": 1, "Peak Memory Usage": 816, "Workers": [], "Plans": [{"Node Type": "Hash Join", "Parent Relationship": "Outer", "Parallel Aware": false, "Async Capable": false, "Join Type": "Inner", "Startup Cost": 6976.9, "Total Cost": 15413.44, "Plan Rows": 1001, "Plan Width": 12, "Actual Rows": 6062, "Actual Loops": 2, "Inner Unique": true, "Hash Cond": "(p.owneruserid = u.id)", "Workers": [], "Plans": [{"Node Type": "Hash Join", "Parent Relationship": "Outer", "Parallel Aware": false, "Async Capable": false, "Join Type": "Inner", "Startup Cost": 4915.46, "Total Cost": 13349.33, "Plan Rows": 1019, "Plan Width": 16, "Actual Rows": 6124, "Actual Loops": 2, "Inner Unique": false, "Hash Cond": "(ph.postid = p.id)", "Workers": [], "Plans": [{"Node Type": "Index Scan", "Parent Relationship": "Outer", "Parallel Aware": true, "Async Capable": false, "Scan Direction": "Forward", "Index Name": "idx_posthistory_postid", "Relation Name": "posthistory", "Alias": "ph", "Startup Cost": 0.42, "Total Cost": 8270.95, "Plan Rows": 40839, "Plan Width": 4, "Actual Rows": 34714, "Actual Loops": 2, "Filter": "(posthistorytypeid = 5)", "Rows Removed by Filter": 116880, "Workers": []}, {"Node Type": "Hash", "Parent Relationship": "Inner", "Parallel Aware": false, "Async Capable": false, "Startup Cost": 4886.35, "Total Cost": 4886.35, "Plan Rows": 2295, "Plan Width": 12, "Actual Rows": 10581, "Actual Loops": 2, "Hash Buckets": 16384, "Original Hash Buckets": 4096, "Hash Batches": 1, "Original Hash Batches": 1, "Peak Memory Usage": 583, "Workers": [], "Plans": [{"Node Type": "Hash Join", "Parent Relationship": "Outer", "Parallel Aware": false, "Async Capable": false, "Join Type": "Inner", "Startup Cost": 4407.99, "Total Cost": 4886.35, "Plan Rows": 2295, "Plan Width": 12, "Actual Rows": 10581, "Actual Loops": 2, "Inner Unique": true, "Hash Cond": "(pl.postid = p.id)", "Workers": [], "Plans": [{"Node Type": "Index Scan", "Parent Relationship": "Outer", "Parallel Aware": false, "Async Capable": false, "Scan Direction": "Forward", "Index Name": "idx_postlinks_postid", "Relation Name": "postlinks", "Alias": "pl", "Startup Cost": 0.29, "Total Cost": 450.8, "Plan Rows": 10608, "Plan Width": 4, "Actual Rows": 10607, "Actual Loops": 2, "Filter": "((creationdate >= '2010-11-16 01:27:37'::timestamp without time zone) AND (creationdate <= '2014-08-21 15:25:23'::timestamp without time zone))", "Rows Removed by Filter": 495, "Workers": []}, {"Node Type": "Hash", "Parent Relationship": "Inner", "Parallel Aware": false, "Async Capable": false, "Startup Cost": 4158.93, "Total Cost": 4158.93, "Plan Rows": 19902, "Plan Width": 8, "Actual Rows": 42703, "Actual Loops": 2, "Hash Buckets": 65536, "Original Hash Buckets": 32768, "Hash Batches": 1, "Original Hash Batches": 1, "Peak Memory Usage": 2178, "Workers": [], "Plans": [{"Node Type": "Index Scan", "Parent Relationship": "Outer", "Parallel Aware": false, "Async Capable": false, "Scan Direction": "Forward", "Index Name": "posts_pkey", "Relation Name": "posts", "Alias": "p", "Startup Cost": 0.29, "Total Cost": 4158.93, "Plan Rows": 19902, "Plan Width": 8, "Actual Rows": 42703, "Actual Loops": 2, "Filter": "((answercount >= 0) AND (creationdate >= '2010-07-21 15:23:53'::timestamp without time zone) AND (creationdate <= '2014-09-11 23:26:14'::timestamp without time zone) AND (posttypeid = 1))", "Rows Removed by Filter": 49273, "Workers": []}]}]}]}]}, {"Node Type": "Hash", "Parent Relationship": "Inner", "Parallel Aware": false, "Async Capable": false, "Startup Cost": 1558.79, "Total Cost": 1558.79, "Plan Rows": 40212, "Plan Width": 4, "Actual Rows": 40221, "Actual Loops": 2, "Hash Buckets": 65536, "Original Hash Buckets": 65536, "Hash Batches": 1, "Original Hash Batches": 1, "Peak Memory Usage": 1927, "Workers": [], "Plans": [{"Node Type": "Index Scan", "Parent Relationship": "Outer", "Parallel Aware": false, "Async Capable": false, "Scan Direction": "Forward", "Index Name": "users_pkey", "Relation Name": "users", "Alias": "u", "Startup Cost": 0.29, "Total Cost": 1558.79, "Plan Rows": 40212, "Plan Width": 4, "Actual Rows": 40221, "Actual Loops": 2, "Filter": "((upvotes >= 0) AND (creationdate <= '2014-09-11 20:31:48'::timestamp without time zone))", "Rows Removed by Filter": 104, "Workers": []}]}]}]}]}]}]}]}]}]}, "Planning Time": 11.878, "Triggers": [], "Execution Time": 453.676}, {"Plan": {"Node Type": "Aggregate", "Strategy": "Plain", "Partial Mode": "Finalize", "Parallel Aware": false, "Async Capable": false, "Startup Cost": 30882.27, "Total Cost": 30882.28, "Plan Rows": 1, "Plan Width": 8, "Actual Rows": 1, "Actual Loops": 1, "Plans": [{"Node Type": "Gather", "Parent Relationship": "Outer", "Parallel Aware": false, "Async Capable": false, "Startup Cost": 30882.16, "Total Cost": 30882.27, "Plan Rows": 1, "Plan Width": 8, "Actual Rows": 2, "Actual Loops": 1, "Workers Planned": 1, "Workers Launched": 1, "Single Copy": false, "Plans": [{"Node Type": "Aggregate", "Strategy": "Plain", "Partial Mode": "Partial", "Parent Relationship": "Outer", "Parallel Aware": false, "Async Capable": false, "Startup Cost": 29882.16, "Total Cost": 29882.17, "Plan Rows": 1, "Plan Width": 8, "Actual Rows": 1, "Actual Loops": 2, "Workers": [], "Plans": [{"Node Type": "Hash Join", "Parent Relationship": "Outer", "Parallel Aware": true, "Async Capable": false, "Join Type": "Inner", "Startup Cost": 18010.43, "Total Cost": 29865.3, "Plan Rows": 6743, "Plan Width": 0, "Actual Rows": 218143, "Actual Loops": 2, "Inner Unique": false, "Hash Cond": "(v.postid = p.id)", "Workers": [], "Plans": [{"Node Type": "Index Scan", "Parent Relationship": "Outer", "Parallel Aware": true, "Async Capable": false, "Scan Direction": "Forward", "Index Name": "idx_votes_postid", "Relation Name": "votes", "Alias": "v", "Startup Cost": 0.42, "Total Cost": 11105.86, "Plan Rows": 192359, "Plan Width": 4, "Actual Rows": 163593, "Actual Loops": 2, "Filter": "(creationdate >= '2010-07-21 00:00:00'::timestamp without time zone)", "Rows Removed by Filter": 439, "Workers": []}, {"Node Type": "Hash", "Parent Relationship": "Inner", "Parallel Aware": true, "Async Capable": false, "Startup Cost": 17993.22, "Total Cost": 17993.22, "Plan Rows": 1343, "Plan Width": 16, "Actual Rows": 25412, "Actual Loops": 2, "Hash Buckets": 65536, "Original Hash Buckets": 4096, "Hash Batches": 1, "Original Hash Batches": 1, "Peak Memory Usage": 3392, "Workers": [], "Plans": [{"Node Type": "Hash Join", "Parent Relationship": "Outer", "Parallel Aware": true, "Async Capable": false, "Join Type": "Inner", "Startup Cost": 14841.02, "Total Cost": 17993.22, "Plan Rows": 1343, "Plan Width": 16, "Actual Rows": 25412, "Actual Loops": 2, "Inner Unique": false, "Hash Cond": "(c.postid = p.id)", "Workers": [], "Plans": [{"Node Type": "Index Only Scan", "Parent Relationship": "Outer", "Parallel Aware": true, "Async Capable": false, "Scan Direction": "Forward", "Index Name": "idx_comments_postid", "Relation Name": "comments", "Alias": "c", "Startup Cost": 0.42, "Total Cost": 2872.37, "Plan Rows": 72627, "Plan Width": 4, "Actual Rows": 87152, "Actual Loops": 2, "Heap Fetches": 0, "Workers": []}, {"Node Type": "Hash", "Parent Relationship": "Inner", "Parallel Aware": true, "Async Capable": false, "Startup Cost": 14828.09, "Total Cost": 14828.09, "Plan Rows": 1001, "Plan Width": 12, "Actual Rows": 6062, "Actual Loops": 2, "Hash Buckets": 16384, "Original Hash Buckets": 2048, "Hash Batches": 1, "Original Hash Batches": 1, "Peak Memory Usage": 848, "Workers": [], "Plans": [{"Node Type": "Merge Join", "Parent Relationship": "Outer", "Parallel Aware": false, "Async Capable": false, "Join Type": "Inner", "Startup Cost": 13154.03, "Total Cost": 14828.09, "Plan Rows": 1001, "Plan Width": 12, "Actual Rows": 6062, "Actual Loops": 2, "Inner Unique": true, "Merge Cond": "(p.owneruserid = u.id)", "Workers": [], "Plans": [{"Node Type": "Sort", "Parent Relationship": "Outer", "Parallel Aware": false, "Async Capable": false, "Startup Cost": 13153.74, "Total Cost": 13156.29, "Plan Rows": 1019, "Plan Width": 16, "Actual Rows": 6063, "Actual Loops": 2, "Sort Key": ["p.owneruserid"], "Sort Method": "quicksort", "Sort Space Used": 448, "Sort Space Type": "Memory", "Workers": [{"Worker Number": 0, "Sort Method": "quicksort", "Sort Space Used": 416, "Sort Space Type": "Memory"}], "Plans": [{"Node Type": "Merge Join", "Parent Relationship": "Outer", "Parallel Aware": false, "Async Capable": false, "Join Type": "Inner", "Startup Cost": 1.21, "Total Cost": 13102.83, "Plan Rows": 1019, "Plan Width": 16, "Actual Rows": 6124, "Actual Loops": 2, "Inner Unique": false, "Merge Cond": "(ph.postid = p.id)", "Workers": [], "Plans": [{"Node Type": "Index Scan", "Parent Relationship": "Outer", "Parallel Aware": true, "Async Capable": false, "Scan Direction": "Forward", "Index Name": "idx_posthistory_postid", "Relation Name": "posthistory", "Alias": "ph", "Startup Cost": 0.42, "Total Cost": 8270.95, "Plan Rows": 40839, "Plan Width": 4, "Actual Rows": 33950, "Actual Loops": 2, "Filter": "(posthistorytypeid = 5)", "Rows Removed by Filter": 113956, "Workers": []}, {"Node Type": "Materialize", "Parent Relationship": "Inner", "Parallel Aware": false, "Async Capable": false, "Startup Cost": 0.79, "Total Cost": 4713.85, "Plan Rows": 2295, "Plan Width": 12, "Actual Rows": 13377, "Actual Loops": 2, "Workers": [], "Plans": [{"Node Type": "Merge Join", "Parent Relationship": "Outer", "Parallel Aware": false, "Async Capable": false, "Join Type": "Inner", "Startup Cost": 0.79, "Total Cost": 4708.11, "Plan Rows": 2295, "Plan Width": 12, "Actual Rows": 10581, "Actual Loops": 2, "Inner Unique": false, "Merge Cond": "(p.id = pl.postid)", "Workers": [], "Plans": [{"Node Type": "Index Scan", "Parent Relationship": "Outer", "Parallel Aware": false, "Async Capable": false, "Scan Direction": "Forward", "Index Name": "posts_pkey", "Relation Name": "posts", "Alias": "p", "Startup Cost": 0.29, "Total Cost": 4158.93, "Plan Rows": 19902, "Plan Width": 8, "Actual Rows": 41526, "Actual Loops": 2, "Filter": "((answercount >= 0) AND (creationdate >= '2010-07-21 15:23:53'::timestamp without time zone) AND (creationdate <= '2014-09-11 23:26:14'::timestamp without time zone) AND (posttypeid = 1))", "Rows Removed by Filter": 48124, "Workers": []}, {"Node Type": "Index Scan", "Parent Relationship": "Inner", "Parallel Aware": false, "Async Capable": false, "Scan Direction": "Forward", "Index Name": "idx_postlinks_postid", "Relation Name": "postlinks", "Alias": "pl", "Startup Cost": 0.29, "Total Cost": 450.8, "Plan Rows": 10608, "Plan Width": 4, "Actual Rows": 10607, "Actual Loops": 2, "Filter": "((creationdate >= '2010-11-16 01:27:37'::timestamp without time zone) AND (creationdate <= '2014-08-21 15:25:23'::timestamp without time zone))", "Rows Removed by Filter": 495, "Workers": []}]}]}]}]}, {"Node Type": "Index Scan", "Parent Relationship": "Inner", "Parallel Aware": false, "Async Capable": false, "Scan Direction": "Forward", "Index Name": "users_pkey", "Relation Name": "users", "Alias": "u", "Startup Cost": 0.29, "Total Cost": 1558.79, "Plan Rows": 40212, "Plan Width": 4, "Actual Rows": 39029, "Actual Loops": 2, "Filter": "((upvotes >= 0) AND (creationdate <= '2014-09-11 20:31:48'::timestamp without time zone))", "Rows Removed by Filter": 0, "Workers": []}]}]}]}]}]}]}]}]}, "Planning Time": 14.142, "Triggers": [], "Execution Time": 416.485}, {"Plan": {"Node Type": "Aggregate", "Strategy": "Plain", "Partial Mode": "Simple", "Parallel Aware": false, "Async Capable": false, "Startup Cost": 10850.1, "Total Cost": 10850.11, "Plan Rows": 1, "Plan Width": 8, "Actual Rows": 1, "Actual Loops": 1, "Plans": [{"Node Type": "Nested Loop", "Parent Relationship": "Outer", "Parallel Aware": false, "Async Capable": false, "Join Type": "Inner", "Startup Cost": 2.34, "Total Cost": 10821.44, "Plan Rows": 11463, "Plan Width": 0, "Actual Rows": 436286, "Actual Loops": 1, "Inner Unique": false, "Join Filter": "(p.id = v.postid)", "Rows Removed by Join Filter": 0, "Plans": [{"Node Type": "Nested Loop", "Parent Relationship": "Outer", "Parallel Aware": false, "Async Capable": false, "Join Type": "Inner", "Startup Cost": 1.92, "Total Cost": 8739.26, "Plan Rows": 3224, "Plan Width": 16, "Actual Rows": 50824, "Actual Loops": 1, "Inner Unique": false, "Join Filter": "(c.postid = p.id)", "Rows Removed by Join Filter": 0, "Plans": [{"Node Type": "Nested Loop", "Parent Relationship": "Outer", "Parallel Aware": false, "Async Capable": false, "Join Type": "Inner", "Startup Cost": 1.5, "Total Cost": 7836.28, "Plan Rows": 1701, "Plan Width": 12, "Actual Rows": 12124, "Actual Loops": 1, "Inner Unique": true, "Plans": [{"Node Type": "Nested Loop", "Parent Relationship": "Outer", "Parallel Aware": false, "Async Capable": false, "Join Type": "Inner", "Startup Cost": 1.21, "Total Cost": 7152.3, "Plan Rows": 1732, "Plan Width": 16, "Actual Rows": 12249, "Actual Loops": 1, "Inner Unique": false, "Plans": [{"Node Type": "Merge Join", "Parent Relationship": "Outer", "Parallel Aware": false, "Async Capable": false, "Join Type": "Inner", "Startup Cost": 0.79, "Total Cost": 4708.11, "Plan Rows": 2295, "Plan Width": 12, "Actual Rows": 10581, "Actual Loops": 1, "Inner Unique": false, "Merge Cond": "(p.id = pl.postid)", "Plans": [{"Node Type": "Index Scan", "Parent Relationship": "Outer", "Parallel Aware": false, "Async Capable": false, "Scan Direction": "Forward", "Index Name": "posts_pkey", "Relation Name": "posts", "Alias": "p", "Startup Cost": 0.29, "Total Cost": 4158.93, "Plan Rows": 19902, "Plan Width": 8, "Actual Rows": 41526, "Actual Loops": 1, "Filter": "((answercount >= 0) AND (creationdate >= '2010-07-21 15:23:53'::timestamp without time zone) AND (creationdate <= '2014-09-11 23:26:14'::timestamp without time zone) AND (posttypeid = 1))", "Rows Removed by Filter": 48124}, {"Node Type": "Index Scan", "Parent Relationship": "Inner", "Parallel Aware": false, "Async Capable": false, "Scan Direction": "Forward", "Index Name": "idx_postlinks_postid", "Relation Name": "postlinks", "Alias": "pl", "Startup Cost": 0.29, "Total Cost": 450.8, "Plan Rows": 10608, "Plan Width": 4, "Actual Rows": 10607, "Actual Loops": 1, "Filter": "((creationdate >= '2010-11-16 01:27:37'::timestamp without time zone) AND (creationdate <= '2014-08-21 15:25:23'::timestamp without time zone))", "Rows Removed by Filter": 495}]}, {"Node Type": "Index Scan", "Parent Relationship": "Inner", "Parallel Aware": false, "Async Capable": false, "Scan Direction": "Forward", "Index Name": "idx_posthistory_postid", "Relation Name": "posthistory", "Alias": "ph", "Startup Cost": 0.42, "Total Cost": 1.06, "Plan Rows": 1, "Plan Width": 4, "Actual Rows": 1, "Actual Loops": 10581, "Index Cond": "(postid = p.id)", "Rows Removed by Index Recheck": 0, "Filter": "(posthistorytypeid = 5)", "Rows Removed by Filter": 5}]}, {"Node Type": "Index Scan", "Parent Relationship": "Inner", "Parallel Aware": false, "Async Capable": false, "Scan Direction": "Forward", "Index Name": "users_pkey", "Relation Name": "users", "Alias": "u", "Startup Cost": 0.29, "Total Cost": 0.39, "Plan Rows": 1, "Plan Width": 4, "Actual Rows": 1, "Actual Loops": 12249, "Index Cond": "(id = p.owneruserid)", "Rows Removed by Index Recheck": 0, "Filter": "((upvotes >= 0) AND (creationdate <= '2014-09-11 20:31:48'::timestamp without time zone))", "Rows Removed by Filter": 0}]}, {"Node Type": "Index Only Scan", "Parent Relationship": "Inner", "Parallel Aware": false, "Async Capable": false, "Scan Direction": "Forward", "Index Name": "idx_comments_postid", "Relation Name": "comments", "Alias": "c", "Startup Cost": 0.42, "Total Cost": 0.49, "Plan Rows": 3, "Plan Width": 4, "Actual Rows": 4, "Actual Loops": 12124, "Index Cond": "(postid = ph.postid)", "Rows Removed by Index Recheck": 0, "Heap Fetches": 0}]}, {"Node Type": "Index Scan", "Parent Relationship": "Inner", "Parallel Aware": false, "Async Capable": false, "Scan Direction": "Forward", "Index Name": "idx_votes_postid", "Relation Name": "votes", "Alias": "v", "Startup Cost": 0.42, "Total Cost": 0.58, "Plan Rows": 5, "Plan Width": 4, "Actual Rows": 9, "Actual Loops": 50824, "Index Cond": "(postid = c.postid)", "Rows Removed by Index Recheck": 0, "Filter": "(creationdate >= '2010-07-21 00:00:00'::timestamp without time zone)", "Rows Removed by Filter": 0}]}]}, "Planning Time": 7.793, "Triggers": [], "Execution Time": 346.177}, {"Plan": {"Node Type": "Aggregate", "Strategy": "Plain", "Partial Mode": "Finalize", "Parallel Aware": false, "Async Capable": false, "Startup Cost": 18424.6, "Total Cost": 18424.61, "Plan Rows": 1, "Plan Width": 8, "Actual Rows": 1, "Actual Loops": 1, "Plans": [{"Node Type": "Gather", "Parent Relationship": "Outer", "Parallel Aware": false, "Async Capable": false, "Startup Cost": 18424.49, "Total Cost": 18424.6, "Plan Rows": 1, "Plan Width": 8, "Actual Rows": 2, "Actual Loops": 1, "Workers Planned": 1, "Workers Launched": 1, "Single Copy": false, "Plans": [{"Node Type": "Aggregate", "Strategy": "Plain", "Partial Mode": "Partial", "Parent Relationship": "Outer", "Parallel Aware": false, "Async Capable": false, "Startup Cost": 17424.49, "Total Cost": 17424.5, "Plan Rows": 1, "Plan Width": 8, "Actual Rows": 1, "Actual Loops": 2, "Workers": [], "Plans": [{"Node Type": "Hash Join", "Parent Relationship": "Outer", "Parallel Aware": true, "Async Capable": false, "Join Type": "Inner", "Startup Cost": 12074.4, "Total Cost": 17407.63, "Plan Rows": 6743, "Plan Width": 0, "Actual Rows": 218143, "Actual Loops": 2, "Inner Unique": false, "Hash Cond": "(v.postid = p.id)", "Workers": [], "Plans": [{"Node Type": "Seq Scan", "Parent Relationship": "Outer", "Parallel Aware": true, "Async Capable": false, "Relation Name": "votes", "Alias": "v", "Startup Cost": 0.0, "Total Cost": 4572.24, "Plan Rows": 192359, "Plan Width": 4, "Actual Rows": 163593, "Actual Loops": 2, "Filter": "(creationdate >= '2010-07-21 00:00:00'::timestamp without time zone)", "Rows Removed by Filter": 439, "Workers": []}, {"Node Type": "Hash", "Parent Relationship": "Inner", "Parallel Aware": true, "Async Capable": false, "Startup Cost": 12050.7, "Total Cost": 12050.7, "Plan Rows": 1896, "Plan Width": 16, "Actual Rows": 25412, "Actual Loops": 2, "Hash Buckets": 65536, "Original Hash Buckets": 4096, "Hash Batches": 1, "Original Hash Batches": 1, "Peak Memory Usage": 3424, "Workers": [], "Plans": [{"Node Type": "Hash Join", "Parent Relationship": "Outer", "Parallel Aware": true, "Async Capable": false, "Join Type": "Inner", "Startup Cost": 9285.72, "Total Cost": 12050.7, "Plan Rows": 1896, "Plan Width": 16, "Actual Rows": 25412, "Actual Loops": 2, "Inner Unique": false, "Hash Cond": "(c.postid = p.id)", "Workers": [], "Plans": [{"Node Type": "Seq Scan", "Parent Relationship": "Outer", "Parallel Aware": true, "Async Capable": false, "Relation Name": "comments", "Alias": "c", "Startup Cost": 0.0, "Total Cost": 2369.32, "Plan Rows": 102532, "Plan Width": 4, "Actual Rows": 87152, "Actual Loops": 2, "Workers": []}, {"Node Type": "Hash", "Parent Relationship": "Inner", "Parallel Aware": true, "Async Capable": false, "Startup Cost": 9273.21, "Total Cost": 9273.21, "Plan Rows": 1001, "Plan Width": 12, "Actual Rows": 6062, "Actual Loops": 2, "Hash Buckets": 16384, "Original Hash Buckets": 2048, "Hash Batches": 1, "Original Hash Batches": 1, "Peak Memory Usage": 816, "Workers": [], "Plans": [{"Node Type": "Hash Join", "Parent Relationship": "Outer", "Parallel Aware": false, "Async Capable": false, "Join Type": "Inner", "Startup Cost": 4637.88, "Total Cost": 9273.21, "Plan Rows": 1001, "Plan Width": 12, "Actual Rows": 6062, "Actual Loops": 2, "Inner Unique": true, "Hash Cond": "(p.owneruserid = u.id)", "Workers": [], "Plans": [{"Node Type": "Hash Join", "Parent Relationship": "Outer", "Parallel Aware": false, "Async Capable": false, "Join Type": "Inner", "Startup Cost": 3233.36, "Total Cost": 7866.01, "Plan Rows": 1019, "Plan Width": 16, "Actual Rows": 6124, "Actual Loops": 2, "Inner Unique": false, "Hash Cond": "(ph.postid = p.id)", "Workers": [], "Plans": [{"Node Type": "Seq Scan", "Parent Relationship": "Outer", "Parallel Aware": true, "Async Capable": false, "Relation Name": "posthistory", "Alias": "ph", "Startup Cost": 0.0, "Total Cost": 4469.32, "Plan Rows": 40839, "Plan Width": 4, "Actual Rows": 34714, "Actual Loops": 2, "Filter": "(posthistorytypeid = 5)", "Rows Removed by Filter": 116880, "Workers": []}, {"Node Type": "Hash", "Parent Relationship": "Inner", "Parallel Aware": false, "Async Capable": false, "Startup Cost": 3204.67, "Total Cost": 3204.67, "Plan Rows": 2295, "Plan Width": 12, "Actual Rows": 10581, "Actual Loops": 2, "Hash Buckets": 16384, "Original Hash Buckets": 4096, "Hash Batches": 1, "Original Hash Batches": 1, "Peak Memory Usage": 583, "Workers": [], "Plans": [{"Node Type": "Hash Join", "Parent Relationship": "Outer", "Parallel Aware": false, "Async Capable": false, "Join Type": "Inner", "Startup Cost": 2928.3, "Total Cost": 3204.67, "Plan Rows": 2295, "Plan Width": 12, "Actual Rows": 10581, "Actual Loops": 2, "Inner Unique": true, "Hash Cond": "(pl.postid = p.id)", "Workers": [], "Plans": [{"Node Type": "Seq Scan", "Parent Relationship": "Outer", "Parallel Aware": false, "Async Capable": false, "Relation Name": "postlinks", "Alias": "pl", "Startup Cost": 0.0, "Total Cost": 248.53, "Plan Rows": 10608, "Plan Width": 4, "Actual Rows": 10607, "Actual Loops": 2, "Filter": "((creationdate >= '2010-11-16 01:27:37'::timestamp without time zone) AND (creationdate <= '2014-08-21 15:25:23'::timestamp without time zone))", "Rows Removed by Filter": 495, "Workers": []}, {"Node Type": "Hash", "Parent Relationship": "Inner", "Parallel Aware": false, "Async Capable": false, "Startup Cost": 2679.52, "Total Cost": 2679.52, "Plan Rows": 19902, "Plan Width": 8, "Actual Rows": 42703, "Actual Loops": 2, "Hash Buckets": 65536, "Original Hash Buckets": 32768, "Hash Batches": 1, "Original Hash Batches": 1, "Peak Memory Usage": 2178, "Workers": [], "Plans": [{"Node Type": "Seq Scan", "Parent Relationship": "Outer", "Parallel Aware": false, "Async Capable": false, "Relation Name": "posts", "Alias": "p", "Startup Cost": 0.0, "Total Cost": 2679.52, "Plan Rows": 19902, "Plan Width": 8, "Actual Rows": 42703, "Actual Loops": 2, "Filter": "((answercount >= 0) AND (creationdate >= '2010-07-21 15:23:53'::timestamp without time zone) AND (creationdate <= '2014-09-11 23:26:14'::timestamp without time zone) AND (posttypeid = 1))", "Rows Removed by Filter": 49273, "Workers": []}]}]}]}]}, {"Node Type": "Hash", "Parent Relationship": "Inner", "Parallel Aware": false, "Async Capable": false, "Startup Cost": 901.88, "Total Cost": 901.88, "Plan Rows": 40212, "Plan Width": 4, "Actual Rows": 40221, "Actual Loops": 2, "Hash Buckets": 65536, "Original Hash Buckets": 65536, "Hash Batches": 1, "Original Hash Batches": 1, "Peak Memory Usage": 1927, "Workers": [], "Plans": [{"Node Type": "Seq Scan", "Parent Relationship": "Outer", "Parallel Aware": false, "Async Capable": false, "Relation Name": "users", "Alias": "u", "Startup Cost": 0.0, "Total Cost": 901.88, "Plan Rows": 40212, "Plan Width": 4, "Actual Rows": 40221, "Actual Loops": 2, "Filter": "((upvotes >= 0) AND (creationdate <= '2014-09-11 20:31:48'::timestamp without time zone))", "Rows Removed by Filter": 104, "Workers": []}]}]}]}]}]}]}]}]}]}, "Planning Time": 15.242, "Triggers": [], "Execution Time": 256.409}, {"Plan": {"Node Type": "Aggregate", "Strategy": "Plain", "Partial Mode": "Simple", "Parallel Aware": false, "Async Capable": false, "Startup Cost": 11028.34, "Total Cost": 11028.35, "Plan Rows": 1, "Plan Width": 8, "Actual Rows": 1, "Actual Loops": 1, "Plans": [{"Node Type": "Nested Loop", "Parent Relationship": "Outer", "Parallel Aware": false, "Async Capable": false, "Join Type": "Inner", "Startup Cost": 4409.54, "Total Cost": 10999.68, "Plan Rows": 11463, "Plan Width": 0, "Actual Rows": 436286, "Actual Loops": 1, "Inner Unique": false, "Join Filter": "(p.id = v.postid)", "Rows Removed by Join Filter": 0, "Plans": [{"Node Type": "Nested Loop", "Parent Relationship": "Outer", "Parallel Aware": false, "Async Capable": false, "Join Type": "Inner", "Startup Cost": 4409.12, "Total Cost": 8917.51, "Plan Rows": 3224, "Plan Width": 16, "Actual Rows": 50824, "Actual Loops": 1, "Inner Unique": false, "Join Filter": "(c.postid = p.id)", "Rows Removed by Join Filter": 0, "Plans": [{"Node Type": "Nested Loop", "Parent Relationship": "Outer", "Parallel Aware": false, "Async Capable": false, "Join Type": "Inner", "Startup Cost": 4408.7, "Total Cost": 8014.52, "Plan Rows": 1701, "Plan Width": 12, "Actual Rows": 12124, "Actual Loops": 1, "Inner Unique": true, "Plans": [{"Node Type": "Nested Loop", "Parent Relationship": "Outer", "Parallel Aware": false, "Async Capable": false, "Join Type": "Inner", "Startup Cost": 4408.41, "Total Cost": 7330.54, "Plan Rows": 1732, "Plan Width": 16, "Actual Rows": 12249, "Actual Loops": 1, "Inner Unique": false, "Plans": [{"Node Type": "Hash Join", "Parent Relationship": "Outer", "Parallel Aware": false, "Async Capable": false, "Join Type": "Inner", "Startup Cost": 4407.99, "Total Cost": 4886.35, "Plan Rows": 2295, "Plan Width": 12, "Actual Rows": 10581, "Actual Loops": 1, "Inner Unique": true, "Hash Cond": "(pl.postid = p.id)", "Plans": [{"Node Type": "Index Scan", "Parent Relationship": "Outer", "Parallel Aware": false, "Async Capable": false, "Scan Direction": "Forward", "Index Name": "idx_postlinks_postid", "Relation Name": "postlinks", "Alias": "pl", "Startup Cost": 0.29, "Total Cost": 450.8, "Plan Rows": 10608, "Plan Width": 4, "Actual Rows": 10607, "Actual Loops": 1, "Filter": "((creationdate >= '2010-11-16 01:27:37'::timestamp without time zone) AND (creationdate <= '2014-08-21 15:25:23'::timestamp without time zone))", "Rows Removed by Filter": 495}, {"Node Type": "Hash", "Parent Relationship": "Inner", "Parallel Aware": false, "Async Capable": false, "Startup Cost": 4158.93, "Total Cost": 4158.93, "Plan Rows": 19902, "Plan Width": 8, "Actual Rows": 42703, "Actual Loops": 1, "Hash Buckets": 65536, "Original Hash Buckets": 32768, "Hash Batches": 1, "Original Hash Batches": 1, "Peak Memory Usage": 2178, "Plans": [{"Node Type": "Index Scan", "Parent Relationship": "Outer", "Parallel Aware": false, "Async Capable": false, "Scan Direction": "Forward", "Index Name": "posts_pkey", "Relation Name": "posts", "Alias": "p", "Startup Cost": 0.29, "Total Cost": 4158.93, "Plan Rows": 19902, "Plan Width": 8, "Actual Rows": 42703, "Actual Loops": 1, "Filter": "((answercount >= 0) AND (creationdate >= '2010-07-21 15:23:53'::timestamp without time zone) AND (creationdate <= '2014-09-11 23:26:14'::timestamp without time zone) AND (posttypeid = 1))", "Rows Removed by Filter": 49273}]}]}, {"Node Type": "Index Scan", "Parent Relationship": "Inner", "Parallel Aware": false, "Async Capable": false, "Scan Direction": "Forward", "Index Name": "idx_posthistory_postid", "Relation Name": "posthistory", "Alias": "ph", "Startup Cost": 0.42, "Total Cost": 1.06, "Plan Rows": 1, "Plan Width": 4, "Actual Rows": 1, "Actual Loops": 10581, "Index Cond": "(postid = p.id)", "Rows Removed by Index Recheck": 0, "Filter": "(posthistorytypeid = 5)", "Rows Removed by Filter": 5}]}, {"Node Type": "Index Scan", "Parent Relationship": "Inner", "Parallel Aware": false, "Async Capable": false, "Scan Direction": "Forward", "Index Name": "users_pkey", "Relation Name": "users", "Alias": "u", "Startup Cost": 0.29, "Total Cost": 0.39, "Plan Rows": 1, "Plan Width": 4, "Actual Rows": 1, "Actual Loops": 12249, "Index Cond": "(id = p.owneruserid)", "Rows Removed by Index Recheck": 0, "Filter": "((upvotes >= 0) AND (creationdate <= '2014-09-11 20:31:48'::timestamp without time zone))", "Rows Removed by Filter": 0}]}, {"Node Type": "Index Only Scan", "Parent Relationship": "Inner", "Parallel Aware": false, "Async Capable": false, "Scan Direction": "Forward", "Index Name": "idx_comments_postid", "Relation Name": "comments", "Alias": "c", "Startup Cost": 0.42, "Total Cost": 0.49, "Plan Rows": 3, "Plan Width": 4, "Actual Rows": 4, "Actual Loops": 12124, "Index Cond": "(postid = ph.postid)", "Rows Removed by Index Recheck": 0, "Heap Fetches": 0}]}, {"Node Type": "Index Scan", "Parent Relationship": "Inner", "Parallel Aware": false, "Async Capable": false, "Scan Direction": "Forward", "Index Name": "idx_votes_postid", "Relation Name": "votes", "Alias": "v", "Startup Cost": 0.42, "Total Cost": 0.58, "Plan Rows": 5, "Plan Width": 4, "Actual Rows": 9, "Actual Loops": 50824, "Index Cond": "(postid = c.postid)", "Rows Removed by Index Recheck": 0, "Filter": "(creationdate >= '2010-07-21 00:00:00'::timestamp without time zone)", "Rows Removed by Filter": 0}]}]}, "Planning Time": 6.214, "Triggers": [], "Execution Time": 371.145}, {"Plan": {"Node Type": "Aggregate", "Strategy": "Plain", "Partial Mode": "Simple", "Parallel Aware": false, "Async Capable": false, "Startup Cost": 60000034603.46, "Total Cost": 60000034603.47, "Plan Rows": 1, "Plan Width": 8, "Actual Rows": 1, "Actual Loops": 1, "Plans": [{"Node Type": "Merge Join", "Parent Relationship": "Outer", "Parallel Aware": false, "Async Capable": false, "Join Type": "Inner", "Startup Cost": 60000000002.44, "Total Cost": 60000034574.8, "Plan Rows": 11463, "Plan Width": 0, "Actual Rows": 436286, "Actual Loops": 1, "Inner Unique": false, "Merge Cond": "(p.id = c.postid)", "Plans": [{"Node Type": "Nested Loop", "Parent Relationship": "Outer", "Parallel Aware": false, "Async Capable": false, "Join Type": "Inner", "Startup Cost": 50000000002.02, "Total Cost": 50000030120.15, "Plan Rows": 6048, "Plan Width": 16, "Actual Rows": 87188, "Actual Loops": 1, "Inner Unique": false, "Join Filter": "(p.id = v.postid)", "Rows Removed by Join Filter": 0, "Plans": [{"Node Type": "Nested Loop", "Parent Relationship": "Outer", "Parallel Aware": false, "Async Capable": false, "Join Type": "Inner", "Startup Cost": 40000000001.53, "Total Cost": 40000022249.56, "Plan Rows": 1701, "Plan Width": 12, "Actual Rows": 12124, "Actual Loops": 1, "Inner Unique": true, "Plans": [{"Node Type": "Merge Join", "Parent Relationship": "Outer", "Parallel Aware": false, "Async Capable": false, "Join Type": "Inner", "Startup Cost": 30000000001.21, "Total Cost": 30000014736.21, "Plan Rows": 1732, "Plan Width": 16, "Actual Rows": 12249, "Actual Loops": 1, "Inner Unique": false, "Merge Cond": "(p.id = ph.postid)", "Plans": [{"Node Type": "Merge Join", "Parent Relationship": "Outer", "Parallel Aware": false, "Async Capable": false, "Join Type": "Inner", "Startup Cost": 20000000000.79, "Total Cost": 20000004708.11, "Plan Rows": 2295, "Plan Width": 12, "Actual Rows": 10581, "Actual Loops": 1, "Inner Unique": false, "Merge Cond": "(p.id = pl.postid)", "Plans": [{"Node Type": "Index Scan", "Parent Relationship": "Outer", "Parallel Aware": false, "Async Capable": false, "Scan Direction": "Forward", "Index Name": "posts_pkey", "Relation Name": "posts", "Alias": "p", "Startup Cost": 10000000000.29, "Total Cost": 10000004158.93, "Plan Rows": 19902, "Plan Width": 8, "Actual Rows": 41526, "Actual Loops": 1, "Filter": "((answercount >= 0) AND (creationdate >= '2010-07-21 15:23:53'::timestamp without time zone) AND (creationdate <= '2014-09-11 23:26:14'::timestamp without time zone) AND (posttypeid = 1))", "Rows Removed by Filter": 48124}, {"Node Type": "Index Scan", "Parent Relationship": "Inner", "Parallel Aware": false, "Async Capable": false, "Scan Direction": "Forward", "Index Name": "idx_postlinks_postid", "Relation Name": "postlinks", "Alias": "pl", "Startup Cost": 10000000000.28, "Total Cost": 10000000450.8, "Plan Rows": 10608, "Plan Width": 4, "Actual Rows": 10607, "Actual Loops": 1, "Filter": "((creationdate >= '2010-11-16 01:27:37'::timestamp without time zone) AND (creationdate <= '2014-08-21 15:25:23'::timestamp without time zone))", "Rows Removed by Filter": 495}]}, {"Node Type": "Index Scan", "Parent Relationship": "Inner", "Parallel Aware": false, "Async Capable": false, "Scan Direction": "Forward", "Index Name": "idx_posthistory_postid", "Relation Name": "posthistory", "Alias": "ph", "Startup Cost": 10000000000.42, "Total Cost": 10000009831.47, "Plan Rows": 69426, "Plan Width": 4, "Actual Rows": 72048, "Actual Loops": 1, "Filter": "(posthistorytypeid = 5)", "Rows Removed by Filter": 242620}]}, {"Node Type": "Bitmap Heap Scan", "Parent Relationship": "Inner", "Parallel Aware": false, "Async Capable": false, "Relation Name": "users", "Alias": "u", "Startup Cost": 0.32, "Total Cost": 4.34, "Plan Rows": 1, "Plan Width": 4, "Actual Rows": 1, "Actual Loops": 12249, "Recheck Cond": "(p.owneruserid = id)", "Rows Removed by Index Recheck": 0, "Filter": "((upvotes >= 0) AND (creationdate <= '2014-09-11 20:31:48'::timestamp without time zone))", "Rows Removed by Filter": 0, "Exact Heap Blocks": 12124, "Lossy Heap Blocks": 0, "Plans": [{"Node Type": "Bitmap Index Scan", "Parent Relationship": "Outer", "Parallel Aware": false, "Async Capable": false, "Index Name": "users_pkey", "Startup Cost": 0.0, "Total Cost": 0.32, "Plan Rows": 1, "Plan Width": 0, "Actual Rows": 1, "Actual Loops": 12249, "Index Cond": "(id = p.owneruserid)"}]}]}, {"Node Type": "Bitmap Heap Scan", "Parent Relationship": "Inner", "Parallel Aware": false, "Async Capable": false, "Relation Name": "votes", "Alias": "v", "Startup Cost": 0.49, "Total Cost": 4.56, "Plan Rows": 5, "Plan Width": 4, "Actual Rows": 7, "Actual Loops": 12124, "Recheck Cond": "(ph.postid = postid)", "Rows Removed by Index Recheck": 0, "Filter": "(creationdate >= '2010-07-21 00:00:00'::timestamp without time zone)", "Rows Removed by Filter": 0, "Exact Heap Blocks": 52363, "Lossy Heap Blocks": 0, "Plans": [{"Node Type": "Bitmap Index Scan", "Parent Relationship": "Outer", "Parallel Aware": false, "Async Capable": false, "Index Name": "idx_votes_postid", "Startup Cost": 0.0, "Total Cost": 0.49, "Plan Rows": 5, "Plan Width": 0, "Actual Rows": 7, "Actual Loops": 12124, "Index Cond": "(postid = ph.postid)"}]}]}, {"Node Type": "Index Only Scan", "Parent Relationship": "Inner", "Parallel Aware": false, "Async Capable": false, "Scan Direction": "Forward", "Index Name": "idx_comments_postid", "Relation Name": "comments", "Alias": "c", "Startup Cost": 10000000000.42, "Total Cost": 10000003889.15, "Plan Rows": 174305, "Plan Width": 4, "Actual Rows": 593250, "Actual Loops": 1, "Heap Fetches": 0}]}]}, "Planning Time": 7.948, "Triggers": [], "Execution Time": 435.054}, {"Plan": {"Node Type": "Aggregate", "Strategy": "Plain", "Partial Mode": "Simple", "Parallel Aware": false, "Async Capable": false, "Startup Cost": 10000074691.9, "Total Cost": 10000074691.91, "Plan Rows": 1, "Plan Width": 8, "Actual Rows": 1, "Actual Loops": 1, "Plans": [{"Node Type": "Nested Loop", "Parent Relationship": "Outer", "Parallel Aware": false, "Async Capable": false, "Join Type": "Inner", "Startup Cost": 10000000002.5, "Total Cost": 10000074663.25, "Plan Rows": 11463, "Plan Width": 0, "Actual Rows": 436286, "Actual Loops": 1, "Inner Unique": false, "Join Filter": "(p.id = v.postid)", "Rows Removed by Join Filter": 0, "Plans": [{"Node Type": "Nested Loop", "Parent Relationship": "Outer", "Parallel Aware": false, "Async Capable": false, "Join Type": "Inner", "Startup Cost": 10000000002.03, "Total Cost": 10000059800.55, "Plan Rows": 3224, "Plan Width": 16, "Actual Rows": 50824, "Actual Loops": 1, "Inner Unique": false, "Join Filter": "(c.postid = p.id)", "Rows Removed by Join Filter": 0, "Plans": [{"Node Type": "Nested Loop", "Parent Relationship": "Outer", "Parallel Aware": false, "Async Capable": false, "Join Type": "Inner", "Startup Cost": 10000000001.57, "Total Cost": 10000052085.7, "Plan Rows": 1701, "Plan Width": 12, "Actual Rows": 12124, "Actual Loops": 1, "Inner Unique": true, "Plans": [{"Node Type": "Nested Loop", "Parent Relationship": "Outer", "Parallel Aware": false, "Async Capable": false, "Join Type": "Inner", "Startup Cost": 10000000001.25, "Total Cost": 10000044572.35, "Plan Rows": 1732, "Plan Width": 16, "Actual Rows": 12249, "Actual Loops": 1, "Inner Unique": false, "Plans": [{"Node Type": "Nested Loop", "Parent Relationship": "Outer", "Parallel Aware": false, "Async Capable": false, "Join Type": "Inner", "Startup Cost": 10000000000.69, "Total Cost": 10000033957.86, "Plan Rows": 2295, "Plan Width": 12, "Actual Rows": 10581, "Actual Loops": 1, "Inner Unique": true, "Plans": [{"Node Type": "Index Scan", "Parent Relationship": "Outer", "Parallel Aware": false, "Async Capable": false, "Scan Direction": "Forward", "Index Name": "idx_postlinks_postid", "Relation Name": "postlinks", "Alias": "pl", "Startup Cost": 10000000000.28, "Total Cost": 10000000450.8, "Plan Rows": 10608, "Plan Width": 4, "Actual Rows": 10607, "Actual Loops": 1, "Filter": "((creationdate >= '2010-11-16 01:27:37'::timestamp without time zone) AND (creationdate <= '2014-08-21 15:25:23'::timestamp without time zone))", "Rows Removed by Filter": 495}, {"Node Type": "Memoize", "Parent Relationship": "Inner", "Parallel Aware": false, "Async Capable": false, "Startup Cost": 0.41, "Total Cost": 4.43, "Plan Rows": 1, "Plan Width": 8, "Actual Rows": 1, "Actual Loops": 10607, "Cache Key": "pl.postid", "Cache Mode": "logical", "Cache Hits": 3337, "Cache Misses": 7270, "Cache Evictions": 0, "Cache Overflows": 0, "Peak Memory Usage": 766, "Plans": [{"Node Type": "Bitmap Heap Scan", "Parent Relationship": "Outer", "Parallel Aware": false, "Async Capable": false, "Relation Name": "posts", "Alias": "p", "Startup Cost": 0.4, "Total Cost": 4.42, "Plan Rows": 1, "Plan Width": 8, "Actual Rows": 1, "Actual Loops": 7270, "Recheck Cond": "(id = pl.postid)", "Rows Removed by Index Recheck": 0, "Filter": "((answercount >= 0) AND (creationdate >= '2010-07-21 15:23:53'::timestamp without time zone) AND (creationdate <= '2014-09-11 23:26:14'::timestamp without time zone) AND (posttypeid = 1))", "Rows Removed by Filter": 0, "Exact Heap Blocks": 7270, "Lossy Heap Blocks": 0, "Plans": [{"Node Type": "Bitmap Index Scan", "Parent Relationship": "Outer", "Parallel Aware": false, "Async Capable": false, "Index Name": "posts_pkey", "Startup Cost": 0.0, "Total Cost": 0.4, "Plan Rows": 1, "Plan Width": 0, "Actual Rows": 1, "Actual Loops": 7270, "Index Cond": "(id = pl.postid)"}]}]}]}, {"Node Type": "Bitmap Heap Scan", "Parent Relationship": "Inner", "Parallel Aware": false, "Async Capable": false, "Relation Name": "posthistory", "Alias": "ph", "Startup Cost": 0.56, "Total Cost": 4.62, "Plan Rows": 1, "Plan Width": 4, "Actual Rows": 1, "Actual Loops": 10581, "Recheck Cond": "(p.id = postid)", "Rows Removed by Index Recheck": 0, "Filter": "(posthistorytypeid = 5)", "Rows Removed by Filter": 5, "Exact Heap Blocks": 18663, "Lossy Heap Blocks": 0, "Plans": [{"Node Type": "Bitmap Index Scan", "Parent Relationship": "Outer", "Parallel Aware": false, "Async Capable": false, "Index Name": "idx_posthistory_postid", "Startup Cost": 0.0, "Total Cost": 0.55, "Plan Rows": 4, "Plan Width": 0, "Actual Rows": 6, "Actual Loops": 10581, "Index Cond": "(postid = p.id)"}]}]}, {"Node Type": "Bitmap Heap Scan", "Parent Relationship": "Inner", "Parallel Aware": false, "Async Capable": false, "Relation Name": "users", "Alias": "u", "Startup Cost": 0.32, "Total Cost": 4.34, "Plan Rows": 1, "Plan Width": 4, "Actual Rows": 1, "Actual Loops": 12249, "Recheck Cond": "(p.owneruserid = id)", "Rows Removed by Index Recheck": 0, "Filter": "((upvotes >= 0) AND (creationdate <= '2014-09-11 20:31:48'::timestamp without time zone))", "Rows Removed by Filter": 0, "Exact Heap Blocks": 12124, "Lossy Heap Blocks": 0, "Plans": [{"Node Type": "Bitmap Index Scan", "Parent Relationship": "Outer", "Parallel Aware": false, "Async Capable": false, "Index Name": "users_pkey", "Startup Cost": 0.0, "Total Cost": 0.32, "Plan Rows": 1, "Plan Width": 0, "Actual Rows": 1, "Actual Loops": 12249, "Index Cond": "(id = p.owneruserid)"}]}]}, {"Node Type": "Bitmap Heap Scan", "Parent Relationship": "Inner", "Parallel Aware": false, "Async Capable": false, "Relation Name": "comments", "Alias": "c", "Startup Cost": 0.46, "Total Cost": 4.5, "Plan Rows": 3, "Plan Width": 4, "Actual Rows": 4, "Actual Loops": 12124, "Recheck Cond": "(postid = ph.postid)", "Rows Removed by Index Recheck": 0, "Exact Heap Blocks": 18287, "Lossy Heap Blocks": 0, "Plans": [{"Node Type": "Bitmap Index Scan", "Parent Relationship": "Outer", "Parallel Aware": false, "Async Capable": false, "Index Name": "idx_comments_postid", "Startup Cost": 0.0, "Total Cost": 0.46, "Plan Rows": 3, "Plan Width": 0, "Actual Rows": 4, "Actual Loops": 12124, "Index Cond": "(postid = ph.postid)"}]}]}, {"Node Type": "Bitmap Heap Scan", "Parent Relationship": "Inner", "Parallel Aware": false, "Async Capable": false, "Relation Name": "votes", "Alias": "v", "Startup Cost": 0.47, "Total Cost": 4.55, "Plan Rows": 5, "Plan Width": 4, "Actual Rows": 9, "Actual Loops": 50824, "Recheck Cond": "(c.postid = postid)", "Rows Removed by Index Recheck": 0, "Filter": "(creationdate >= '2010-07-21 00:00:00'::timestamp without time zone)", "Rows Removed by Filter": 0, "Exact Heap Blocks": 251704, "Lossy Heap Blocks": 0, "Plans": [{"Node Type": "Bitmap Index Scan", "Parent Relationship": "Outer", "Parallel Aware": false, "Async Capable": false, "Index Name": "idx_votes_postid", "Startup Cost": 0.0, "Total Cost": 0.47, "Plan Rows": 5, "Plan Width": 0, "Actual Rows": 9, "Actual Loops": 50824, "Index Cond": "(postid = c.postid)"}]}]}]}, "Planning Time": 7.693, "Triggers": [], "Execution Time": 552.153}, {"Plan": {"Node Type": "Aggregate", "Strategy": "Plain", "Partial Mode": "Finalize", "Parallel Aware": false, "Async Capable": false, "Startup Cost": 17759.8, "Total Cost": 17759.81, "Plan Rows": 1, "Plan Width": 8, "Actual Rows": 1, "Actual Loops": 1, "Plans": [{"Node Type": "Gather", "Parent Relationship": "Outer", "Parallel Aware": false, "Async Capable": false, "Startup Cost": 17759.69, "Total Cost": 17759.8, "Plan Rows": 1, "Plan Width": 8, "Actual Rows": 2, "Actual Loops": 1, "Workers Planned": 1, "Workers Launched": 1, "Single Copy": false, "Plans": [{"Node Type": "Aggregate", "Strategy": "Plain", "Partial Mode": "Partial", "Parent Relationship": "Outer", "Parallel Aware": false, "Async Capable": false, "Startup Cost": 16759.69, "Total Cost": 16759.7, "Plan Rows": 1, "Plan Width": 8, "Actual Rows": 1, "Actual Loops": 2, "Workers": [], "Plans": [{"Node Type": "Hash Join", "Parent Relationship": "Outer", "Parallel Aware": true, "Async Capable": false, "Join Type": "Inner", "Startup Cost": 13949.35, "Total Cost": 16742.83, "Plan Rows": 6743, "Plan Width": 0, "Actual Rows": 218143, "Actual Loops": 2, "Inner Unique": false, "Hash Cond": "(c.postid = p.id)", "Workers": [], "Plans": [{"Node Type": "Seq Scan", "Parent Relationship": "Outer", "Parallel Aware": true, "Async Capable": false, "Relation Name": "comments", "Alias": "c", "Startup Cost": 0.0, "Total Cost": 2369.32, "Plan Rows": 102532, "Plan Width": 4, "Actual Rows": 87152, "Actual Loops": 2, "Workers": []}, {"Node Type": "Hash", "Parent Relationship": "Inner", "Parallel Aware": true, "Async Capable": false, "Startup Cost": 13904.88, "Total Cost": 13904.88, "Plan Rows": 3558, "Plan Width": 16, "Actual Rows": 43594, "Actual Loops": 2, "Hash Buckets": 131072, "Original Hash Buckets": 8192, "Hash Batches": 1, "Original Hash Batches": 1, "Peak Memory Usage": 6112, "Workers": [], "Plans": [{"Node Type": "Nested Loop", "Parent Relationship": "Outer", "Parallel Aware": false, "Async Capable": false, "Join Type": "Inner", "Startup Cost": 4638.37, "Total Cost": 13904.88, "Plan Rows": 3558, "Plan Width": 16, "Actual Rows": 43594, "Actual Loops": 2, "Inner Unique": false, "Join Filter": "(p.id = v.postid)", "Rows Removed by Join Filter": 0, "Workers": [], "Plans": [{"Node Type": "Hash Join", "Parent Relationship": "Outer", "Parallel Aware": false, "Async Capable": false, "Join Type": "Inner", "Startup Cost": 4637.88, "Total Cost": 9273.21, "Plan Rows": 1001, "Plan Width": 12, "Actual Rows": 6062, "Actual Loops": 2, "Inner Unique": true, "Hash Cond": "(p.owneruserid = u.id)", "Workers": [], "Plans": [{"Node Type": "Hash Join", "Parent Relationship": "Outer", "Parallel Aware": false, "Async Capable": false, "Join Type": "Inner", "Startup Cost": 3233.36, "Total Cost": 7866.01, "Plan Rows": 1019, "Plan Width": 16, "Actual Rows": 6124, "Actual Loops": 2, "Inner Unique": false, "Hash Cond": "(ph.postid = p.id)", "Workers": [], "Plans": [{"Node Type": "Seq Scan", "Parent Relationship": "Outer", "Parallel Aware": true, "Async Capable": false, "Relation Name": "posthistory", "Alias": "ph", "Startup Cost": 0.0, "Total Cost": 4469.32, "Plan Rows": 40839, "Plan Width": 4, "Actual Rows": 34714, "Actual Loops": 2, "Filter": "(posthistorytypeid = 5)", "Rows Removed by Filter": 116880, "Workers": []}, {"Node Type": "Hash", "Parent Relationship": "Inner", "Parallel Aware": false, "Async Capable": false, "Startup Cost": 3204.67, "Total Cost": 3204.67, "Plan Rows": 2295, "Plan Width": 12, "Actual Rows": 10581, "Actual Loops": 2, "Hash Buckets": 16384, "Original Hash Buckets": 4096, "Hash Batches": 1, "Original Hash Batches": 1, "Peak Memory Usage": 583, "Workers": [], "Plans": [{"Node Type": "Hash Join", "Parent Relationship": "Outer", "Parallel Aware": false, "Async Capable": false, "Join Type": "Inner", "Startup Cost": 2928.3, "Total Cost": 3204.67, "Plan Rows": 2295, "Plan Width": 12, "Actual Rows": 10581, "Actual Loops": 2, "Inner Unique": true, "Hash Cond": "(pl.postid = p.id)", "Workers": [], "Plans": [{"Node Type": "Seq Scan", "Parent Relationship": "Outer", "Parallel Aware": false, "Async Capable": false, "Relation Name": "postlinks", "Alias": "pl", "Startup Cost": 0.0, "Total Cost": 248.53, "Plan Rows": 10608, "Plan Width": 4, "Actual Rows": 10607, "Actual Loops": 2, "Filter": "((creationdate >= '2010-11-16 01:27:37'::timestamp without time zone) AND (creationdate <= '2014-08-21 15:25:23'::timestamp without time zone))", "Rows Removed by Filter": 495, "Workers": []}, {"Node Type": "Hash", "Parent Relationship": "Inner", "Parallel Aware": false, "Async Capable": false, "Startup Cost": 2679.52, "Total Cost": 2679.52, "Plan Rows": 19902, "Plan Width": 8, "Actual Rows": 42703, "Actual Loops": 2, "Hash Buckets": 65536, "Original Hash Buckets": 32768, "Hash Batches": 1, "Original Hash Batches": 1, "Peak Memory Usage": 2178, "Workers": [], "Plans": [{"Node Type": "Seq Scan", "Parent Relationship": "Outer", "Parallel Aware": false, "Async Capable": false, "Relation Name": "posts", "Alias": "p", "Startup Cost": 0.0, "Total Cost": 2679.52, "Plan Rows": 19902, "Plan Width": 8, "Actual Rows": 42703, "Actual Loops": 2, "Filter": "((answercount >= 0) AND (creationdate >= '2010-07-21 15:23:53'::timestamp without time zone) AND (creationdate <= '2014-09-11 23:26:14'::timestamp without time zone) AND (posttypeid = 1))", "Rows Removed by Filter": 49273, "Workers": []}]}]}]}]}, {"Node Type": "Hash", "Parent Relationship": "Inner", "Parallel Aware": false, "Async Capable": false, "Startup Cost": 901.88, "Total Cost": 901.88, "Plan Rows": 40212, "Plan Width": 4, "Actual Rows": 40221, "Actual Loops": 2, "Hash Buckets": 65536, "Original Hash Buckets": 65536, "Hash Batches": 1, "Original Hash Batches": 1, "Peak Memory Usage": 1927, "Workers": [], "Plans": [{"Node Type": "Seq Scan", "Parent Relationship": "Outer", "Parallel Aware": false, "Async Capable": false, "Relation Name": "users", "Alias": "u", "Startup Cost": 0.0, "Total Cost": 901.88, "Plan Rows": 40212, "Plan Width": 4, "Actual Rows": 40221, "Actual Loops": 2, "Filter": "((upvotes >= 0) AND (creationdate <= '2014-09-11 20:31:48'::timestamp without time zone))", "Rows Removed by Filter": 104, "Workers": []}]}]}, {"Node Type": "Bitmap Heap Scan", "Parent Relationship": "Inner", "Parallel Aware": false, "Async Capable": false, "Relation Name": "votes", "Alias": "v", "Startup Cost": 0.49, "Total Cost": 4.56, "Plan Rows": 5, "Plan Width": 4, "Actual Rows": 7, "Actual Loops": 12124, "Recheck Cond": "(ph.postid = postid)", "Rows Removed by Index Recheck": 0, "Filter": "(creationdate >= '2010-07-21 00:00:00'::timestamp without time zone)", "Rows Removed by Filter": 0, "Exact Heap Blocks": 29473, "Lossy Heap Blocks": 0, "Workers": [], "Plans": [{"Node Type": "Bitmap Index Scan", "Parent Relationship": "Outer", "Parallel Aware": false, "Async Capable": false, "Index Name": "idx_votes_postid", "Startup Cost": 0.0, "Total Cost": 0.49, "Plan Rows": 5, "Plan Width": 0, "Actual Rows": 7, "Actual Loops": 12124, "Index Cond": "(postid = ph.postid)", "Workers": []}]}]}]}]}]}]}]}, "Planning Time": 13.801, "Triggers": [], "Execution Time": 280.461}, {"Plan": {"Node Type": "Aggregate", "Strategy": "Plain", "Partial Mode": "Finalize", "Parallel Aware": false, "Async Capable": false, "Startup Cost": 33432.65, "Total Cost": 33432.66, "Plan Rows": 1, "Plan Width": 8, "Actual Rows": 1, "Actual Loops": 1, "Plans": [{"Node Type": "Gather", "Parent Relationship": "Outer", "Parallel Aware": false, "Async Capable": false, "Startup Cost": 33432.53, "Total Cost": 33432.64, "Plan Rows": 1, "Plan Width": 8, "Actual Rows": 2, "Actual Loops": 1, "Workers Planned": 1, "Workers Launched": 1, "Single Copy": false, "Plans": [{"Node Type": "Aggregate", "Strategy": "Plain", "Partial Mode": "Partial", "Parent Relationship": "Outer", "Parallel Aware": false, "Async Capable": false, "Startup Cost": 32432.53, "Total Cost": 32432.54, "Plan Rows": 1, "Plan Width": 8, "Actual Rows": 1, "Actual Loops": 2, "Workers": [], "Plans": [{"Node Type": "Hash Join", "Parent Relationship": "Outer", "Parallel Aware": true, "Async Capable": false, "Join Type": "Inner", "Startup Cost": 20549.25, "Total Cost": 32415.68, "Plan Rows": 6743, "Plan Width": 0, "Actual Rows": 218143, "Actual Loops": 2, "Inner Unique": false, "Hash Cond": "(v.postid = p.id)", "Workers": [], "Plans": [{"Node Type": "Index Scan", "Parent Relationship": "Outer", "Parallel Aware": true, "Async Capable": false, "Scan Direction": "Forward", "Index Name": "idx_votes_postid", "Relation Name": "votes", "Alias": "v", "Startup Cost": 0.42, "Total Cost": 11105.86, "Plan Rows": 192359, "Plan Width": 4, "Actual Rows": 163593, "Actual Loops": 2, "Filter": "(creationdate >= '2010-07-21 00:00:00'::timestamp without time zone)", "Rows Removed by Filter": 439, "Workers": []}, {"Node Type": "Hash", "Parent Relationship": "Inner", "Parallel Aware": true, "Async Capable": false, "Startup Cost": 20525.13, "Total Cost": 20525.13, "Plan Rows": 1896, "Plan Width": 16, "Actual Rows": 25412, "Actual Loops": 2, "Hash Buckets": 65536, "Original Hash Buckets": 4096, "Hash Batches": 1, "Original Hash Batches": 1, "Peak Memory Usage": 3424, "Workers": [], "Plans": [{"Node Type": "Hash Join", "Parent Relationship": "Outer", "Parallel Aware": true, "Async Capable": false, "Join Type": "Inner", "Startup Cost": 15426.38, "Total Cost": 20525.13, "Plan Rows": 1896, "Plan Width": 16, "Actual Rows": 25412, "Actual Loops": 2, "Inner Unique": false, "Hash Cond": "(c.postid = p.id)", "Workers": [], "Plans": [{"Node Type": "Index Scan", "Parent Relationship": "Outer", "Parallel Aware": true, "Async Capable": false, "Scan Direction": "Forward", "Index Name": "idx_comments_postid", "Relation Name": "comments", "Alias": "c", "Startup Cost": 0.42, "Total Cost": 4703.51, "Plan Rows": 102532, "Plan Width": 4, "Actual Rows": 87152, "Actual Loops": 2, "Workers": []}, {"Node Type": "Hash", "Parent Relationship": "Inner", "Parallel Aware": true, "Async Capable": false, "Startup Cost": 15413.44, "Total Cost": 15413.44, "Plan Rows": 1001, "Plan Width": 12, "Actual Rows": 6062, "Actual Loops": 2, "Hash Buckets": 16384, "Original Hash Buckets": 2048, "Hash Batches": 1, "Original Hash Batches": 1, "Peak Memory Usage": 816, "Workers": [], "Plans": [{"Node Type": "Hash Join", "Parent Relationship": "Outer", "Parallel Aware": false, "Async Capable": false, "Join Type": "Inner", "Startup Cost": 6976.9, "Total Cost": 15413.44, "Plan Rows": 1001, "Plan Width": 12, "Actual Rows": 6062, "Actual Loops": 2, "Inner Unique": true, "Hash Cond": "(p.owneruserid = u.id)", "Workers": [], "Plans": [{"Node Type": "Hash Join", "Parent Relationship": "Outer", "Parallel Aware": false, "Async Capable": false, "Join Type": "Inner", "Startup Cost": 4915.46, "Total Cost": 13349.33, "Plan Rows": 1019, "Plan Width": 16, "Actual Rows": 6124, "Actual Loops": 2, "Inner Unique": false, "Hash Cond": "(ph.postid = p.id)", "Workers": [], "Plans": [{"Node Type": "Index Scan", "Parent Relationship": "Outer", "Parallel Aware": true, "Async Capable": false, "Scan Direction": "Forward", "Index Name": "idx_posthistory_postid", "Relation Name": "posthistory", "Alias": "ph", "Startup Cost": 0.42, "Total Cost": 8270.95, "Plan Rows": 40839, "Plan Width": 4, "Actual Rows": 34714, "Actual Loops": 2, "Filter": "(posthistorytypeid = 5)", "Rows Removed by Filter": 116880, "Workers": []}, {"Node Type": "Hash", "Parent Relationship": "Inner", "Parallel Aware": false, "Async Capable": false, "Startup Cost": 4886.35, "Total Cost": 4886.35, "Plan Rows": 2295, "Plan Width": 12, "Actual Rows": 10581, "Actual Loops": 2, "Hash Buckets": 16384, "Original Hash Buckets": 4096, "Hash Batches": 1, "Original Hash Batches": 1, "Peak Memory Usage": 583, "Workers": [], "Plans": [{"Node Type": "Hash Join", "Parent Relationship": "Outer", "Parallel Aware": false, "Async Capable": false, "Join Type": "Inner", "Startup Cost": 4407.99, "Total Cost": 4886.35, "Plan Rows": 2295, "Plan Width": 12, "Actual Rows": 10581, "Actual Loops": 2, "Inner Unique": true, "Hash Cond": "(pl.postid = p.id)", "Workers": [], "Plans": [{"Node Type": "Index Scan", "Parent Relationship": "Outer", "Parallel Aware": false, "Async Capable": false, "Scan Direction": "Forward", "Index Name": "idx_postlinks_postid", "Relation Name": "postlinks", "Alias": "pl", "Startup Cost": 0.29, "Total Cost": 450.8, "Plan Rows": 10608, "Plan Width": 4, "Actual Rows": 10607, "Actual Loops": 2, "Filter": "((creationdate >= '2010-11-16 01:27:37'::timestamp without time zone) AND (creationdate <= '2014-08-21 15:25:23'::timestamp without time zone))", "Rows Removed by Filter": 495, "Workers": []}, {"Node Type": "Hash", "Parent Relationship": "Inner", "Parallel Aware": false, "Async Capable": false, "Startup Cost": 4158.93, "Total Cost": 4158.93, "Plan Rows": 19902, "Plan Width": 8, "Actual Rows": 42703, "Actual Loops": 2, "Hash Buckets": 65536, "Original Hash Buckets": 32768, "Hash Batches": 1, "Original Hash Batches": 1, "Peak Memory Usage": 2178, "Workers": [], "Plans": [{"Node Type": "Index Scan", "Parent Relationship": "Outer", "Parallel Aware": false, "Async Capable": false, "Scan Direction": "Forward", "Index Name": "posts_pkey", "Relation Name": "posts", "Alias": "p", "Startup Cost": 0.29, "Total Cost": 4158.93, "Plan Rows": 19902, "Plan Width": 8, "Actual Rows": 42703, "Actual Loops": 2, "Filter": "((answercount >= 0) AND (creationdate >= '2010-07-21 15:23:53'::timestamp without time zone) AND (creationdate <= '2014-09-11 23:26:14'::timestamp without time zone) AND (posttypeid = 1))", "Rows Removed by Filter": 49273, "Workers": []}]}]}]}]}, {"Node Type": "Hash", "Parent Relationship": "Inner", "Parallel Aware": false, "Async Capable": false, "Startup Cost": 1558.79, "Total Cost": 1558.79, "Plan Rows": 40212, "Plan Width": 4, "Actual Rows": 40221, "Actual Loops": 2, "Hash Buckets": 65536, "Original Hash Buckets": 65536, "Hash Batches": 1, "Original Hash Batches": 1, "Peak Memory Usage": 1927, "Workers": [], "Plans": [{"Node Type": "Index Scan", "Parent Relationship": "Outer", "Parallel Aware": false, "Async Capable": false, "Scan Direction": "Forward", "Index Name": "users_pkey", "Relation Name": "users", "Alias": "u", "Startup Cost": 0.29, "Total Cost": 1558.79, "Plan Rows": 40212, "Plan Width": 4, "Actual Rows": 40221, "Actual Loops": 2, "Filter": "((upvotes >= 0) AND (creationdate <= '2014-09-11 20:31:48'::timestamp without time zone))", "Rows Removed by Filter": 104, "Workers": []}]}]}]}]}]}]}]}]}]}, "Planning Time": 12.481, "Triggers": [], "Execution Time": 520.832}, {"Plan": {"Node Type": "Aggregate", "Strategy": "Plain", "Partial Mode": "Finalize", "Parallel Aware": false, "Async Capable": false, "Startup Cost": 32847.29, "Total Cost": 32847.3, "Plan Rows": 1, "Plan Width": 8, "Actual Rows": 1, "Actual Loops": 1, "Plans": [{"Node Type": "Gather", "Parent Relationship": "Outer", "Parallel Aware": false, "Async Capable": false, "Startup Cost": 32847.18, "Total Cost": 32847.29, "Plan Rows": 1, "Plan Width": 8, "Actual Rows": 2, "Actual Loops": 1, "Workers Planned": 1, "Workers Launched": 1, "Single Copy": false, "Plans": [{"Node Type": "Aggregate", "Strategy": "Plain", "Partial Mode": "Partial", "Parent Relationship": "Outer", "Parallel Aware": false, "Async Capable": false, "Startup Cost": 31847.18, "Total Cost": 31847.19, "Plan Rows": 1, "Plan Width": 8, "Actual Rows": 1, "Actual Loops": 2, "Workers": [], "Plans": [{"Node Type": "Hash Join", "Parent Relationship": "Outer", "Parallel Aware": true, "Async Capable": false, "Join Type": "Inner", "Startup Cost": 19963.89, "Total Cost": 31830.32, "Plan Rows": 6743, "Plan Width": 0, "Actual Rows": 218143, "Actual Loops": 2, "Inner Unique": false, "Hash Cond": "(v.postid = p.id)", "Workers": [], "Plans": [{"Node Type": "Index Scan", "Parent Relationship": "Outer", "Parallel Aware": true, "Async Capable": false, "Scan Direction": "Forward", "Index Name": "idx_votes_postid", "Relation Name": "votes", "Alias": "v", "Startup Cost": 0.42, "Total Cost": 11105.86, "Plan Rows": 192359, "Plan Width": 4, "Actual Rows": 163593, "Actual Loops": 2, "Filter": "(creationdate >= '2010-07-21 00:00:00'::timestamp without time zone)", "Rows Removed by Filter": 439, "Workers": []}, {"Node Type": "Hash", "Parent Relationship": "Inner", "Parallel Aware": true, "Async Capable": false, "Startup Cost": 19939.77, "Total Cost": 19939.77, "Plan Rows": 1896, "Plan Width": 16, "Actual Rows": 25412, "Actual Loops": 2, "Hash Buckets": 65536, "Original Hash Buckets": 4096, "Hash Batches": 1, "Original Hash Batches": 1, "Peak Memory Usage": 3424, "Workers": [], "Plans": [{"Node Type": "Hash Join", "Parent Relationship": "Outer", "Parallel Aware": true, "Async Capable": false, "Join Type": "Inner", "Startup Cost": 14841.02, "Total Cost": 19939.77, "Plan Rows": 1896, "Plan Width": 16, "Actual Rows": 25412, "Actual Loops": 2, "Inner Unique": false, "Hash Cond": "(c.postid = p.id)", "Workers": [], "Plans": [{"Node Type": "Index Scan", "Parent Relationship": "Outer", "Parallel Aware": true, "Async Capable": false, "Scan Direction": "Forward", "Index Name": "idx_comments_postid", "Relation Name": "comments", "Alias": "c", "Startup Cost": 0.42, "Total Cost": 4703.51, "Plan Rows": 102532, "Plan Width": 4, "Actual Rows": 87152, "Actual Loops": 2, "Workers": []}, {"Node Type": "Hash", "Parent Relationship": "Inner", "Parallel Aware": true, "Async Capable": false, "Startup Cost": 14828.09, "Total Cost": 14828.09, "Plan Rows": 1001, "Plan Width": 12, "Actual Rows": 6062, "Actual Loops": 2, "Hash Buckets": 16384, "Original Hash Buckets": 2048, "Hash Batches": 1, "Original Hash Batches": 1, "Peak Memory Usage": 848, "Workers": [], "Plans": [{"Node Type": "Merge Join", "Parent Relationship": "Outer", "Parallel Aware": false, "Async Capable": false, "Join Type": "Inner", "Startup Cost": 13154.03, "Total Cost": 14828.09, "Plan Rows": 1001, "Plan Width": 12, "Actual Rows": 6062, "Actual Loops": 2, "Inner Unique": true, "Merge Cond": "(p.owneruserid = u.id)", "Workers": [], "Plans": [{"Node Type": "Sort", "Parent Relationship": "Outer", "Parallel Aware": false, "Async Capable": false, "Startup Cost": 13153.74, "Total Cost": 13156.29, "Plan Rows": 1019, "Plan Width": 16, "Actual Rows": 6063, "Actual Loops": 2, "Sort Key": ["p.owneruserid"], "Sort Method": "quicksort", "Sort Space Used": 443, "Sort Space Type": "Memory", "Workers": [{"Worker Number": 0, "Sort Method": "quicksort", "Sort Space Used": 421, "Sort Space Type": "Memory"}], "Plans": [{"Node Type": "Merge Join", "Parent Relationship": "Outer", "Parallel Aware": false, "Async Capable": false, "Join Type": "Inner", "Startup Cost": 1.21, "Total Cost": 13102.83, "Plan Rows": 1019, "Plan Width": 16, "Actual Rows": 6124, "Actual Loops": 2, "Inner Unique": false, "Merge Cond": "(ph.postid = p.id)", "Workers": [], "Plans": [{"Node Type": "Index Scan", "Parent Relationship": "Outer", "Parallel Aware": true, "Async Capable": false, "Scan Direction": "Forward", "Index Name": "idx_posthistory_postid", "Relation Name": "posthistory", "Alias": "ph", "Startup Cost": 0.42, "Total Cost": 8270.95, "Plan Rows": 40839, "Plan Width": 4, "Actual Rows": 33950, "Actual Loops": 2, "Filter": "(posthistorytypeid = 5)", "Rows Removed by Filter": 113956, "Workers": []}, {"Node Type": "Materialize", "Parent Relationship": "Inner", "Parallel Aware": false, "Async Capable": false, "Startup Cost": 0.79, "Total Cost": 4713.85, "Plan Rows": 2295, "Plan Width": 12, "Actual Rows": 13377, "Actual Loops": 2, "Workers": [], "Plans": [{"Node Type": "Merge Join", "Parent Relationship": "Outer", "Parallel Aware": false, "Async Capable": false, "Join Type": "Inner", "Startup Cost": 0.79, "Total Cost": 4708.11, "Plan Rows": 2295, "Plan Width": 12, "Actual Rows": 10581, "Actual Loops": 2, "Inner Unique": false, "Merge Cond": "(p.id = pl.postid)", "Workers": [], "Plans": [{"Node Type": "Index Scan", "Parent Relationship": "Outer", "Parallel Aware": false, "Async Capable": false, "Scan Direction": "Forward", "Index Name": "posts_pkey", "Relation Name": "posts", "Alias": "p", "Startup Cost": 0.29, "Total Cost": 4158.93, "Plan Rows": 19902, "Plan Width": 8, "Actual Rows": 41526, "Actual Loops": 2, "Filter": "((answercount >= 0) AND (creationdate >= '2010-07-21 15:23:53'::timestamp without time zone) AND (creationdate <= '2014-09-11 23:26:14'::timestamp without time zone) AND (posttypeid = 1))", "Rows Removed by Filter": 48124, "Workers": []}, {"Node Type": "Index Scan", "Parent Relationship": "Inner", "Parallel Aware": false, "Async Capable": false, "Scan Direction": "Forward", "Index Name": "idx_postlinks_postid", "Relation Name": "postlinks", "Alias": "pl", "Startup Cost": 0.29, "Total Cost": 450.8, "Plan Rows": 10608, "Plan Width": 4, "Actual Rows": 10607, "Actual Loops": 2, "Filter": "((creationdate >= '2010-11-16 01:27:37'::timestamp without time zone) AND (creationdate <= '2014-08-21 15:25:23'::timestamp without time zone))", "Rows Removed by Filter": 495, "Workers": []}]}]}]}]}, {"Node Type": "Index Scan", "Parent Relationship": "Inner", "Parallel Aware": false, "Async Capable": false, "Scan Direction": "Forward", "Index Name": "users_pkey", "Relation Name": "users", "Alias": "u", "Startup Cost": 0.29, "Total Cost": 1558.79, "Plan Rows": 40212, "Plan Width": 4, "Actual Rows": 39029, "Actual Loops": 2, "Filter": "((upvotes >= 0) AND (creationdate <= '2014-09-11 20:31:48'::timestamp without time zone))", "Rows Removed by Filter": 0, "Workers": []}]}]}]}]}]}]}]}]}, "Planning Time": 15.331, "Triggers": [], "Execution Time": 487.017}, {"Plan": {"Node Type": "Aggregate", "Strategy": "Plain", "Partial Mode": "Simple", "Parallel Aware": false, "Async Capable": false, "Startup Cost": 10975.64, "Total Cost": 10975.65, "Plan Rows": 1, "Plan Width": 8, "Actual Rows": 1, "Actual Loops": 1, "Plans": [{"Node Type": "Nested Loop", "Parent Relationship": "Outer", "Parallel Aware": false, "Async Capable": false, "Join Type": "Inner", "Startup Cost": 2.34, "Total Cost": 10946.98, "Plan Rows": 11463, "Plan Width": 0, "Actual Rows": 436286, "Actual Loops": 1, "Inner Unique": false, "Join Filter": "(p.id = v.postid)", "Rows Removed by Join Filter": 0, "Plans": [{"Node Type": "Nested Loop", "Parent Relationship": "Outer", "Parallel Aware": false, "Async Capable": false, "Join Type": "Inner", "Startup Cost": 1.92, "Total Cost": 8864.81, "Plan Rows": 3224, "Plan Width": 16, "Actual Rows": 50824, "Actual Loops": 1, "Inner Unique": false, "Join Filter": "(c.postid = p.id)", "Rows Removed by Join Filter": 0, "Plans": [{"Node Type": "Nested Loop", "Parent Relationship": "Outer", "Parallel Aware": false, "Async Capable": false, "Join Type": "Inner", "Startup Cost": 1.5, "Total Cost": 7836.28, "Plan Rows": 1701, "Plan Width": 12, "Actual Rows": 12124, "Actual Loops": 1, "Inner Unique": true, "Plans": [{"Node Type": "Nested Loop", "Parent Relationship": "Outer", "Parallel Aware": false, "Async Capable": false, "Join Type": "Inner", "Startup Cost": 1.21, "Total Cost": 7152.3, "Plan Rows": 1732, "Plan Width": 16, "Actual Rows": 12249, "Actual Loops": 1, "Inner Unique": false, "Plans": [{"Node Type": "Merge Join", "Parent Relationship": "Outer", "Parallel Aware": false, "Async Capable": false, "Join Type": "Inner", "Startup Cost": 0.79, "Total Cost": 4708.11, "Plan Rows": 2295, "Plan Width": 12, "Actual Rows": 10581, "Actual Loops": 1, "Inner Unique": false, "Merge Cond": "(p.id = pl.postid)", "Plans": [{"Node Type": "Index Scan", "Parent Relationship": "Outer", "Parallel Aware": false, "Async Capable": false, "Scan Direction": "Forward", "Index Name": "posts_pkey", "Relation Name": "posts", "Alias": "p", "Startup Cost": 0.29, "Total Cost": 4158.93, "Plan Rows": 19902, "Plan Width": 8, "Actual Rows": 41526, "Actual Loops": 1, "Filter": "((answercount >= 0) AND (creationdate >= '2010-07-21 15:23:53'::timestamp without time zone) AND (creationdate <= '2014-09-11 23:26:14'::timestamp without time zone) AND (posttypeid = 1))", "Rows Removed by Filter": 48124}, {"Node Type": "Index Scan", "Parent Relationship": "Inner", "Parallel Aware": false, "Async Capable": false, "Scan Direction": "Forward", "Index Name": "idx_postlinks_postid", "Relation Name": "postlinks", "Alias": "pl", "Startup Cost": 0.29, "Total Cost": 450.8, "Plan Rows": 10608, "Plan Width": 4, "Actual Rows": 10607, "Actual Loops": 1, "Filter": "((creationdate >= '2010-11-16 01:27:37'::timestamp without time zone) AND (creationdate <= '2014-08-21 15:25:23'::timestamp without time zone))", "Rows Removed by Filter": 495}]}, {"Node Type": "Index Scan", "Parent Relationship": "Inner", "Parallel Aware": false, "Async Capable": false, "Scan Direction": "Forward", "Index Name": "idx_posthistory_postid", "Relation Name": "posthistory", "Alias": "ph", "Startup Cost": 0.42, "Total Cost": 1.06, "Plan Rows": 1, "Plan Width": 4, "Actual Rows": 1, "Actual Loops": 10581, "Index Cond": "(postid = p.id)", "Rows Removed by Index Recheck": 0, "Filter": "(posthistorytypeid = 5)", "Rows Removed by Filter": 5}]}, {"Node Type": "Index Scan", "Parent Relationship": "Inner", "Parallel Aware": false, "Async Capable": false, "Scan Direction": "Forward", "Index Name": "users_pkey", "Relation Name": "users", "Alias": "u", "Startup Cost": 0.29, "Total Cost": 0.39, "Plan Rows": 1, "Plan Width": 4, "Actual Rows": 1, "Actual Loops": 12249, "Index Cond": "(id = p.owneruserid)", "Rows Removed by Index Recheck": 0, "Filter": "((upvotes >= 0) AND (creationdate <= '2014-09-11 20:31:48'::timestamp without time zone))", "Rows Removed by Filter": 0}]}, {"Node Type": "Index Scan", "Parent Relationship": "Inner", "Parallel Aware": false, "Async Capable": false, "Scan Direction": "Forward", "Index Name": "idx_comments_postid", "Relation Name": "comments", "Alias": "c", "Startup Cost": 0.42, "Total Cost": 0.57, "Plan Rows": 3, "Plan Width": 4, "Actual Rows": 4, "Actual Loops": 12124, "Index Cond": "(postid = ph.postid)", "Rows Removed by Index Recheck": 0}]}, {"Node Type": "Index Scan", "Parent Relationship": "Inner", "Parallel Aware": false, "Async Capable": false, "Scan Direction": "Forward", "Index Name": "idx_votes_postid", "Relation Name": "votes", "Alias": "v", "Startup Cost": 0.42, "Total Cost": 0.58, "Plan Rows": 5, "Plan Width": 4, "Actual Rows": 9, "Actual Loops": 50824, "Index Cond": "(postid = c.postid)", "Rows Removed by Index Recheck": 0, "Filter": "(creationdate >= '2010-07-21 00:00:00'::timestamp without time zone)", "Rows Removed by Filter": 0}]}]}, "Planning Time": 7.85, "Triggers": [], "Execution Time": 379.447}, {"Plan": {"Node Type": "Aggregate", "Strategy": "Plain", "Partial Mode": "Simple", "Parallel Aware": false, "Async Capable": false, "Startup Cost": 9472.2, "Total Cost": 9472.21, "Plan Rows": 1, "Plan Width": 8, "Actual Rows": 1, "Actual Loops": 1, "Plans": [{"Node Type": "Nested Loop", "Parent Relationship": "Outer", "Parallel Aware": false, "Async Capable": false, "Join Type": "Inner", "Startup Cost": 2929.85, "Total Cost": 9443.54, "Plan Rows": 11463, "Plan Width": 0, "Actual Rows": 436286, "Actual Loops": 1, "Inner Unique": false, "Join Filter": "(p.id = v.postid)", "Rows Removed by Join Filter": 0, "Plans": [{"Node Type": "Nested Loop", "Parent Relationship": "Outer", "Parallel Aware": false, "Async Capable": false, "Join Type": "Inner", "Startup Cost": 2929.43, "Total Cost": 7361.37, "Plan Rows": 3224, "Plan Width": 16, "Actual Rows": 50824, "Actual Loops": 1, "Inner Unique": false, "Join Filter": "(c.postid = p.id)", "Rows Removed by Join Filter": 0, "Plans": [{"Node Type": "Nested Loop", "Parent Relationship": "Outer", "Parallel Aware": false, "Async Capable": false, "Join Type": "Inner", "Startup Cost": 2929.01, "Total Cost": 6332.84, "Plan Rows": 1701, "Plan Width": 12, "Actual Rows": 12124, "Actual Loops": 1, "Inner Unique": true, "Plans": [{"Node Type": "Nested Loop", "Parent Relationship": "Outer", "Parallel Aware": false, "Async Capable": false, "Join Type": "Inner", "Startup Cost": 2928.72, "Total Cost": 5648.86, "Plan Rows": 1732, "Plan Width": 16, "Actual Rows": 12249, "Actual Loops": 1, "Inner Unique": false, "Plans": [{"Node Type": "Hash Join", "Parent Relationship": "Outer", "Parallel Aware": false, "Async Capable": false, "Join Type": "Inner", "Startup Cost": 2928.3, "Total Cost": 3204.67, "Plan Rows": 2295, "Plan Width": 12, "Actual Rows": 10581, "Actual Loops": 1, "Inner Unique": true, "Hash Cond": "(pl.postid = p.id)", "Plans": [{"Node Type": "Seq Scan", "Parent Relationship": "Outer", "Parallel Aware": false, "Async Capable": false, "Relation Name": "postlinks", "Alias": "pl", "Startup Cost": 0.0, "Total Cost": 248.53, "Plan Rows": 10608, "Plan Width": 4, "Actual Rows": 10607, "Actual Loops": 1, "Filter": "((creationdate >= '2010-11-16 01:27:37'::timestamp without time zone) AND (creationdate <= '2014-08-21 15:25:23'::timestamp without time zone))", "Rows Removed by Filter": 495}, {"Node Type": "Hash", "Parent Relationship": "Inner", "Parallel Aware": false, "Async Capable": false, "Startup Cost": 2679.52, "Total Cost": 2679.52, "Plan Rows": 19902, "Plan Width": 8, "Actual Rows": 42703, "Actual Loops": 1, "Hash Buckets": 65536, "Original Hash Buckets": 32768, "Hash Batches": 1, "Original Hash Batches": 1, "Peak Memory Usage": 2178, "Plans": [{"Node Type": "Seq Scan", "Parent Relationship": "Outer", "Parallel Aware": false, "Async Capable": false, "Relation Name": "posts", "Alias": "p", "Startup Cost": 0.0, "Total Cost": 2679.52, "Plan Rows": 19902, "Plan Width": 8, "Actual Rows": 42703, "Actual Loops": 1, "Filter": "((answercount >= 0) AND (creationdate >= '2010-07-21 15:23:53'::timestamp without time zone) AND (creationdate <= '2014-09-11 23:26:14'::timestamp without time zone) AND (posttypeid = 1))", "Rows Removed by Filter": 49273}]}]}, {"Node Type": "Index Scan", "Parent Relationship": "Inner", "Parallel Aware": false, "Async Capable": false, "Scan Direction": "Forward", "Index Name": "idx_posthistory_postid", "Relation Name": "posthistory", "Alias": "ph", "Startup Cost": 0.42, "Total Cost": 1.06, "Plan Rows": 1, "Plan Width": 4, "Actual Rows": 1, "Actual Loops": 10581, "Index Cond": "(postid = p.id)", "Rows Removed by Index Recheck": 0, "Filter": "(posthistorytypeid = 5)", "Rows Removed by Filter": 5}]}, {"Node Type": "Index Scan", "Parent Relationship": "Inner", "Parallel Aware": false, "Async Capable": false, "Scan Direction": "Forward", "Index Name": "users_pkey", "Relation Name": "users", "Alias": "u", "Startup Cost": 0.29, "Total Cost": 0.39, "Plan Rows": 1, "Plan Width": 4, "Actual Rows": 1, "Actual Loops": 12249, "Index Cond": "(id = p.owneruserid)", "Rows Removed by Index Recheck": 0, "Filter": "((upvotes >= 0) AND (creationdate <= '2014-09-11 20:31:48'::timestamp without time zone))", "Rows Removed by Filter": 0}]}, {"Node Type": "Index Scan", "Parent Relationship": "Inner", "Parallel Aware": false, "Async Capable": false, "Scan Direction": "Forward", "Index Name": "idx_comments_postid", "Relation Name": "comments", "Alias": "c", "Startup Cost": 0.42, "Total Cost": 0.57, "Plan Rows": 3, "Plan Width": 4, "Actual Rows": 4, "Actual Loops": 12124, "Index Cond": "(postid = ph.postid)", "Rows Removed by Index Recheck": 0}]}, {"Node Type": "Index Scan", "Parent Relationship": "Inner", "Parallel Aware": false, "Async Capable": false, "Scan Direction": "Forward", "Index Name": "idx_votes_postid", "Relation Name": "votes", "Alias": "v", "Startup Cost": 0.42, "Total Cost": 0.58, "Plan Rows": 5, "Plan Width": 4, "Actual Rows": 9, "Actual Loops": 50824, "Index Cond": "(postid = c.postid)", "Rows Removed by Index Recheck": 0, "Filter": "(creationdate >= '2010-07-21 00:00:00'::timestamp without time zone)", "Rows Removed by Filter": 0}]}]}, "Planning Time": 8.538, "Triggers": [], "Execution Time": 402.165}, {"Plan": {"Node Type": "Aggregate", "Strategy": "Plain", "Partial Mode": "Simple", "Parallel Aware": false, "Async Capable": false, "Startup Cost": 11153.88, "Total Cost": 11153.89, "Plan Rows": 1, "Plan Width": 8, "Actual Rows": 1, "Actual Loops": 1, "Plans": [{"Node Type": "Nested Loop", "Parent Relationship": "Outer", "Parallel Aware": false, "Async Capable": false, "Join Type": "Inner", "Startup Cost": 4409.54, "Total Cost": 11125.22, "Plan Rows": 11463, "Plan Width": 0, "Actual Rows": 436286, "Actual Loops": 1, "Inner Unique": false, "Join Filter": "(p.id = v.postid)", "Rows Removed by Join Filter": 0, "Plans": [{"Node Type": "Nested Loop", "Parent Relationship": "Outer", "Parallel Aware": false, "Async Capable": false, "Join Type": "Inner", "Startup Cost": 4409.12, "Total Cost": 9043.05, "Plan Rows": 3224, "Plan Width": 16, "Actual Rows": 50824, "Actual Loops": 1, "Inner Unique": false, "Join Filter": "(c.postid = p.id)", "Rows Removed by Join Filter": 0, "Plans": [{"Node Type": "Nested Loop", "Parent Relationship": "Outer", "Parallel Aware": false, "Async Capable": false, "Join Type": "Inner", "Startup Cost": 4408.7, "Total Cost": 8014.52, "Plan Rows": 1701, "Plan Width": 12, "Actual Rows": 12124, "Actual Loops": 1, "Inner Unique": true, "Plans": [{"Node Type": "Nested Loop", "Parent Relationship": "Outer", "Parallel Aware": false, "Async Capable": false, "Join Type": "Inner", "Startup Cost": 4408.41, "Total Cost": 7330.54, "Plan Rows": 1732, "Plan Width": 16, "Actual Rows": 12249, "Actual Loops": 1, "Inner Unique": false, "Plans": [{"Node Type": "Hash Join", "Parent Relationship": "Outer", "Parallel Aware": false, "Async Capable": false, "Join Type": "Inner", "Startup Cost": 4407.99, "Total Cost": 4886.35, "Plan Rows": 2295, "Plan Width": 12, "Actual Rows": 10581, "Actual Loops": 1, "Inner Unique": true, "Hash Cond": "(pl.postid = p.id)", "Plans": [{"Node Type": "Index Scan", "Parent Relationship": "Outer", "Parallel Aware": false, "Async Capable": false, "Scan Direction": "Forward", "Index Name": "idx_postlinks_postid", "Relation Name": "postlinks", "Alias": "pl", "Startup Cost": 0.29, "Total Cost": 450.8, "Plan Rows": 10608, "Plan Width": 4, "Actual Rows": 10607, "Actual Loops": 1, "Filter": "((creationdate >= '2010-11-16 01:27:37'::timestamp without time zone) AND (creationdate <= '2014-08-21 15:25:23'::timestamp without time zone))", "Rows Removed by Filter": 495}, {"Node Type": "Hash", "Parent Relationship": "Inner", "Parallel Aware": false, "Async Capable": false, "Startup Cost": 4158.93, "Total Cost": 4158.93, "Plan Rows": 19902, "Plan Width": 8, "Actual Rows": 42703, "Actual Loops": 1, "Hash Buckets": 65536, "Original Hash Buckets": 32768, "Hash Batches": 1, "Original Hash Batches": 1, "Peak Memory Usage": 2178, "Plans": [{"Node Type": "Index Scan", "Parent Relationship": "Outer", "Parallel Aware": false, "Async Capable": false, "Scan Direction": "Forward", "Index Name": "posts_pkey", "Relation Name": "posts", "Alias": "p", "Startup Cost": 0.29, "Total Cost": 4158.93, "Plan Rows": 19902, "Plan Width": 8, "Actual Rows": 42703, "Actual Loops": 1, "Filter": "((answercount >= 0) AND (creationdate >= '2010-07-21 15:23:53'::timestamp without time zone) AND (creationdate <= '2014-09-11 23:26:14'::timestamp without time zone) AND (posttypeid = 1))", "Rows Removed by Filter": 49273}]}]}, {"Node Type": "Index Scan", "Parent Relationship": "Inner", "Parallel Aware": false, "Async Capable": false, "Scan Direction": "Forward", "Index Name": "idx_posthistory_postid", "Relation Name": "posthistory", "Alias": "ph", "Startup Cost": 0.42, "Total Cost": 1.06, "Plan Rows": 1, "Plan Width": 4, "Actual Rows": 1, "Actual Loops": 10581, "Index Cond": "(postid = p.id)", "Rows Removed by Index Recheck": 0, "Filter": "(posthistorytypeid = 5)", "Rows Removed by Filter": 5}]}, {"Node Type": "Index Scan", "Parent Relationship": "Inner", "Parallel Aware": false, "Async Capable": false, "Scan Direction": "Forward", "Index Name": "users_pkey", "Relation Name": "users", "Alias": "u", "Startup Cost": 0.29, "Total Cost": 0.39, "Plan Rows": 1, "Plan Width": 4, "Actual Rows": 1, "Actual Loops": 12249, "Index Cond": "(id = p.owneruserid)", "Rows Removed by Index Recheck": 0, "Filter": "((upvotes >= 0) AND (creationdate <= '2014-09-11 20:31:48'::timestamp without time zone))", "Rows Removed by Filter": 0}]}, {"Node Type": "Index Scan", "Parent Relationship": "Inner", "Parallel Aware": false, "Async Capable": false, "Scan Direction": "Forward", "Index Name": "idx_comments_postid", "Relation Name": "comments", "Alias": "c", "Startup Cost": 0.42, "Total Cost": 0.57, "Plan Rows": 3, "Plan Width": 4, "Actual Rows": 4, "Actual Loops": 12124, "Index Cond": "(postid = ph.postid)", "Rows Removed by Index Recheck": 0}]}, {"Node Type": "Index Scan", "Parent Relationship": "Inner", "Parallel Aware": false, "Async Capable": false, "Scan Direction": "Forward", "Index Name": "idx_votes_postid", "Relation Name": "votes", "Alias": "v", "Startup Cost": 0.42, "Total Cost": 0.58, "Plan Rows": 5, "Plan Width": 4, "Actual Rows": 9, "Actual Loops": 50824, "Index Cond": "(postid = c.postid)", "Rows Removed by Index Recheck": 0, "Filter": "(creationdate >= '2010-07-21 00:00:00'::timestamp without time zone)", "Rows Removed by Filter": 0}]}]}, "Planning Time": 6.384, "Triggers": [], "Execution Time": 400.876}, {"Plan": {"Node Type": "Aggregate", "Strategy": "Plain", "Partial Mode": "Finalize", "Parallel Aware": false, "Async Capable": false, "Startup Cost": 33746.54, "Total Cost": 33746.55, "Plan Rows": 1, "Plan Width": 8, "Actual Rows": 1, "Actual Loops": 1, "Plans": [{"Node Type": "Gather", "Parent Relationship": "Outer", "Parallel Aware": false, "Async Capable": false, "Startup Cost": 33746.43, "Total Cost": 33746.54, "Plan Rows": 1, "Plan Width": 8, "Actual Rows": 2, "Actual Loops": 1, "Workers Planned": 1, "Workers Launched": 1, "Single Copy": false, "Plans": [{"Node Type": "Aggregate", "Strategy": "Plain", "Partial Mode": "Partial", "Parent Relationship": "Outer", "Parallel Aware": false, "Async Capable": false, "Startup Cost": 32746.43, "Total Cost": 32746.44, "Plan Rows": 1, "Plan Width": 8, "Actual Rows": 1, "Actual Loops": 2, "Workers": [], "Plans": [{"Node Type": "Merge Join", "Parent Relationship": "Outer", "Parallel Aware": false, "Async Capable": false, "Join Type": "Inner", "Startup Cost": 6656.17, "Total Cost": 32729.57, "Plan Rows": 6743, "Plan Width": 0, "Actual Rows": 218143, "Actual Loops": 2, "Inner Unique": false, "Merge Cond": "(p.id = c.postid)", "Workers": [], "Plans": [{"Node Type": "Merge Join", "Parent Relationship": "Outer", "Parallel Aware": false, "Async Capable": false, "Join Type": "Inner", "Startup Cost": 6655.75, "Total Cost": 28328.34, "Plan Rows": 3558, "Plan Width": 16, "Actual Rows": 43594, "Actual Loops": 2, "Inner Unique": false, "Merge Cond": "(v.postid = p.id)", "Workers": [], "Plans": [{"Node Type": "Index Scan", "Parent Relationship": "Outer", "Parallel Aware": true, "Async Capable": false, "Scan Direction": "Forward", "Index Name": "idx_votes_postid", "Relation Name": "votes", "Alias": "v", "Startup Cost": 0.42, "Total Cost": 11105.86, "Plan Rows": 192359, "Plan Width": 4, "Actual Rows": 161668, "Actual Loops": 2, "Filter": "(creationdate >= '2010-07-21 00:00:00'::timestamp without time zone)", "Rows Removed by Filter": 439, "Workers": []}, {"Node Type": "Materialize", "Parent Relationship": "Inner", "Parallel Aware": false, "Async Capable": false, "Startup Cost": 6655.33, "Total Cost": 16692.48, "Plan Rows": 1701, "Plan Width": 12, "Actual Rows": 50186, "Actual Loops": 2, "Workers": [], "Plans": [{"Node Type": "Merge Join", "Parent Relationship": "Outer", "Parallel Aware": false, "Async Capable": false, "Join Type": "Inner", "Startup Cost": 6655.33, "Total Cost": 16688.23, "Plan Rows": 1701, "Plan Width": 12, "Actual Rows": 12124, "Actual Loops": 2, "Inner Unique": false, "Merge Cond": "(p.id = ph.postid)", "Workers": [], "Plans": [{"Node Type": "Sort", "Parent Relationship": "Outer", "Parallel Aware": false, "Async Capable": false, "Startup Cost": 6654.91, "Total Cost": 6660.54, "Plan Rows": 2254, "Plan Width": 8, "Actual Rows": 10453, "Actual Loops": 2, "Sort Key": ["p.id"], "Sort Method": "quicksort", "Sort Space Used": 711, "Sort Space Type": "Memory", "Workers": [{"Worker Number": 0, "Sort Method": "quicksort", "Sort Space Used": 711, "Sort Space Type": "Memory"}], "Plans": [{"Node Type": "Merge Join", "Parent Relationship": "Outer", "Parallel Aware": false, "Async Capable": false, "Join Type": "Inner", "Startup Cost": 4836.51, "Total Cost": 6529.38, "Plan Rows": 2254, "Plan Width": 8, "Actual Rows": 10453, "Actual Loops": 2, "Inner Unique": true, "Merge Cond": "(p.owneruserid = u.id)", "Workers": [], "Plans": [{"Node Type": "Sort", "Parent Relationship": "Outer", "Parallel Aware": false, "Async Capable": false, "Startup Cost": 4836.22, "Total Cost": 4841.96, "Plan Rows": 2295, "Plan Width": 12, "Actual Rows": 10454, "Actual Loops": 2, "Sort Key": ["p.owneruserid"], "Sort Method": "quicksort", "Sort Space Used": 797, "Sort Space Type": "Memory", "Workers": [{"Worker Number": 0, "Sort Method": "quicksort", "Sort Space Used": 797, "Sort Space Type": "Memory"}], "Plans": [{"Node Type": "Merge Join", "Parent Relationship": "Outer", "Parallel Aware": false, "Async Capable": false, "Join Type": "Inner", "Startup Cost": 0.79, "Total Cost": 4708.11, "Plan Rows": 2295, "Plan Width": 12, "Actual Rows": 10581, "Actual Loops": 2, "Inner Unique": false, "Merge Cond": "(p.id = pl.postid)", "Workers": [], "Plans": [{"Node Type": "Index Scan", "Parent Relationship": "Outer", "Parallel Aware": false, "Async Capable": false, "Scan Direction": "Forward", "Index Name": "posts_pkey", "Relation Name": "posts", "Alias": "p", "Startup Cost": 0.29, "Total Cost": 4158.93, "Plan Rows": 19902, "Plan Width": 8, "Actual Rows": 41526, "Actual Loops": 2, "Filter": "((answercount >= 0) AND (creationdate >= '2010-07-21 15:23:53'::timestamp without time zone) AND (creationdate <= '2014-09-11 23:26:14'::timestamp without time zone) AND (posttypeid = 1))", "Rows Removed by Filter": 48124, "Workers": []}, {"Node Type": "Index Scan", "Parent Relationship": "Inner", "Parallel Aware": false, "Async Capable": false, "Scan Direction": "Forward", "Index Name": "idx_postlinks_postid", "Relation Name": "postlinks", "Alias": "pl", "Startup Cost": 0.29, "Total Cost": 450.8, "Plan Rows": 10608, "Plan Width": 4, "Actual Rows": 10607, "Actual Loops": 2, "Filter": "((creationdate >= '2010-11-16 01:27:37'::timestamp without time zone) AND (creationdate <= '2014-08-21 15:25:23'::timestamp without time zone))", "Rows Removed by Filter": 495, "Workers": []}]}]}, {"Node Type": "Index Scan", "Parent Relationship": "Inner", "Parallel Aware": false, "Async Capable": false, "Scan Direction": "Forward", "Index Name": "users_pkey", "Relation Name": "users", "Alias": "u", "Startup Cost": 0.29, "Total Cost": 1558.79, "Plan Rows": 40212, "Plan Width": 4, "Actual Rows": 39067, "Actual Loops": 2, "Filter": "((upvotes >= 0) AND (creationdate <= '2014-09-11 20:31:48'::timestamp without time zone))", "Rows Removed by Filter": 0, "Workers": []}]}]}, {"Node Type": "Index Scan", "Parent Relationship": "Inner", "Parallel Aware": false, "Async Capable": false, "Scan Direction": "Forward", "Index Name": "idx_posthistory_postid", "Relation Name": "posthistory", "Alias": "ph", "Startup Cost": 0.42, "Total Cost": 9831.47, "Plan Rows": 69426, "Plan Width": 4, "Actual Rows": 72008, "Actual Loops": 2, "Filter": "(posthistorytypeid = 5)", "Rows Removed by Filter": 242373, "Workers": []}]}]}]}, {"Node Type": "Index Only Scan", "Parent Relationship": "Inner", "Parallel Aware": false, "Async Capable": false, "Scan Direction": "Forward", "Index Name": "idx_comments_postid", "Relation Name": "comments", "Alias": "c", "Startup Cost": 0.42, "Total Cost": 3889.15, "Plan Rows": 174305, "Plan Width": 4, "Actual Rows": 381610, "Actual Loops": 2, "Heap Fetches": 0, "Workers": []}]}]}]}]}, "Planning Time": 13.088, "Triggers": [], "Execution Time": 485.09}, {"Plan": {"Node Type": "Aggregate", "Strategy": "Plain", "Partial Mode": "Finalize", "Parallel Aware": false, "Async Capable": false, "Startup Cost": 33524.94, "Total Cost": 33524.95, "Plan Rows": 1, "Plan Width": 8, "Actual Rows": 1, "Actual Loops": 1, "Plans": [{"Node Type": "Gather", "Parent Relationship": "Outer", "Parallel Aware": false, "Async Capable": false, "Startup Cost": 33524.83, "Total Cost": 33524.94, "Plan Rows": 1, "Plan Width": 8, "Actual Rows": 2, "Actual Loops": 1, "Workers Planned": 1, "Workers Launched": 1, "Single Copy": false, "Plans": [{"Node Type": "Aggregate", "Strategy": "Plain", "Partial Mode": "Partial", "Parent Relationship": "Outer", "Parallel Aware": false, "Async Capable": false, "Startup Cost": 32524.83, "Total Cost": 32524.84, "Plan Rows": 1, "Plan Width": 8, "Actual Rows": 1, "Actual Loops": 2, "Workers": [], "Plans": [{"Node Type": "Merge Join", "Parent Relationship": "Outer", "Parallel Aware": false, "Async Capable": false, "Join Type": "Inner", "Startup Cost": 14252.86, "Total Cost": 32507.97, "Plan Rows": 6743, "Plan Width": 0, "Actual Rows": 218143, "Actual Loops": 2, "Inner Unique": false, "Merge Cond": "(p.id = v.postid)", "Workers": [], "Plans": [{"Node Type": "Merge Join", "Parent Relationship": "Outer", "Parallel Aware": false, "Async Capable": false, "Join Type": "Inner", "Startup Cost": 14252.44, "Total Cost": 18823.87, "Plan Rows": 1896, "Plan Width": 16, "Actual Rows": 25412, "Actual Loops": 2, "Inner Unique": false, "Merge Cond": "(p.id = c.postid)", "Workers": [], "Plans": [{"Node Type": "Merge Join", "Parent Relationship": "Outer", "Parallel Aware": false, "Async Capable": false, "Join Type": "Inner", "Startup Cost": 14252.02, "Total Cost": 14477.49, "Plan Rows": 1001, "Plan Width": 12, "Actual Rows": 6062, "Actual Loops": 2, "Inner Unique": false, "Merge Cond": "(ph.postid = p.id)", "Workers": [], "Plans": [{"Node Type": "Sort", "Parent Relationship": "Outer", "Parallel Aware": false, "Async Capable": false, "Startup Cost": 7597.11, "Total Cost": 7699.2, "Plan Rows": 40839, "Plan Width": 4, "Actual Rows": 33950, "Actual Loops": 2, "Sort Key": ["ph.postid"], "Sort Method": "quicksort", "Sort Space Used": 1537, "Sort Space Type": "Memory", "Workers": [{"Worker Number": 0, "Sort Method": "quicksort", "Sort Space Used": 385, "Sort Space Type": "Memory"}], "Plans": [{"Node Type": "Seq Scan", "Parent Relationship": "Outer", "Parallel Aware": true, "Async Capable": false, "Relation Name": "posthistory", "Alias": "ph", "Startup Cost": 0.0, "Total Cost": 4469.32, "Plan Rows": 40839, "Plan Width": 4, "Actual Rows": 34714, "Actual Loops": 2, "Filter": "(posthistorytypeid = 5)", "Rows Removed by Filter": 116880, "Workers": []}]}, {"Node Type": "Sort", "Parent Relationship": "Inner", "Parallel Aware": false, "Async Capable": false, "Startup Cost": 6654.91, "Total Cost": 6660.54, "Plan Rows": 2254, "Plan Width": 8, "Actual Rows": 12889, "Actual Loops": 2, "Sort Key": ["p.id"], "Sort Method": "quicksort", "Sort Space Used": 711, "Sort Space Type": "Memory", "Workers": [{"Worker Number": 0, "Sort Method": "quicksort", "Sort Space Used": 711, "Sort Space Type": "Memory"}], "Plans": [{"Node Type": "Merge Join", "Parent Relationship": "Outer", "Parallel Aware": false, "Async Capable": false, "Join Type": "Inner", "Startup Cost": 4836.51, "Total Cost": 6529.38, "Plan Rows": 2254, "Plan Width": 8, "Actual Rows": 10453, "Actual Loops": 2, "Inner Unique": false, "Merge Cond": "(u.id = p.owneruserid)", "Workers": [], "Plans": [{"Node Type": "Index Scan", "Parent Relationship": "Outer", "Parallel Aware": false, "Async Capable": false, "Scan Direction": "Forward", "Index Name": "users_pkey", "Relation Name": "users", "Alias": "u", "Startup Cost": 0.29, "Total Cost": 1558.79, "Plan Rows": 40212, "Plan Width": 4, "Actual Rows": 39068, "Actual Loops": 2, "Filter": "((upvotes >= 0) AND (creationdate <= '2014-09-11 20:31:48'::timestamp without time zone))", "Rows Removed by Filter": 0, "Workers": []}, {"Node Type": "Sort", "Parent Relationship": "Inner", "Parallel Aware": false, "Async Capable": false, "Startup Cost": 4836.22, "Total Cost": 4841.96, "Plan Rows": 2295, "Plan Width": 12, "Actual Rows": 10454, "Actual Loops": 2, "Sort Key": ["p.owneruserid"], "Sort Method": "quicksort", "Sort Space Used": 797, "Sort Space Type": "Memory", "Workers": [{"Worker Number": 0, "Sort Method": "quicksort", "Sort Space Used": 797, "Sort Space Type": "Memory"}], "Plans": [{"Node Type": "Merge Join", "Parent Relationship": "Outer", "Parallel Aware": false, "Async Capable": false, "Join Type": "Inner", "Startup Cost": 0.79, "Total Cost": 4708.11, "Plan Rows": 2295, "Plan Width": 12, "Actual Rows": 10581, "Actual Loops": 2, "Inner Unique": false, "Merge Cond": "(p.id = pl.postid)", "Workers": [], "Plans": [{"Node Type": "Index Scan", "Parent Relationship": "Outer", "Parallel Aware": false, "Async Capable": false, "Scan Direction": "Forward", "Index Name": "posts_pkey", "Relation Name": "posts", "Alias": "p", "Startup Cost": 0.29, "Total Cost": 4158.93, "Plan Rows": 19902, "Plan Width": 8, "Actual Rows": 41526, "Actual Loops": 2, "Filter": "((answercount >= 0) AND (creationdate >= '2010-07-21 15:23:53'::timestamp without time zone) AND (creationdate <= '2014-09-11 23:26:14'::timestamp without time zone) AND (posttypeid = 1))", "Rows Removed by Filter": 48124, "Workers": []}, {"Node Type": "Index Scan", "Parent Relationship": "Inner", "Parallel Aware": false, "Async Capable": false, "Scan Direction": "Forward", "Index Name": "idx_postlinks_postid", "Relation Name": "postlinks", "Alias": "pl", "Startup Cost": 0.29, "Total Cost": 450.8, "Plan Rows": 10608, "Plan Width": 4, "Actual Rows": 10607, "Actual Loops": 2, "Filter": "((creationdate >= '2010-11-16 01:27:37'::timestamp without time zone) AND (creationdate <= '2014-08-21 15:25:23'::timestamp without time zone))", "Rows Removed by Filter": 495, "Workers": []}]}]}]}]}]}, {"Node Type": "Index Only Scan", "Parent Relationship": "Inner", "Parallel Aware": false, "Async Capable": false, "Scan Direction": "Forward", "Index Name": "idx_comments_postid", "Relation Name": "comments", "Alias": "c", "Startup Cost": 0.42, "Total Cost": 3889.15, "Plan Rows": 174305, "Plan Width": 4, "Actual Rows": 187165, "Actual Loops": 2, "Heap Fetches": 0, "Workers": []}]}, {"Node Type": "Index Scan", "Parent Relationship": "Inner", "Parallel Aware": false, "Async Capable": false, "Scan Direction": "Forward", "Index Name": "idx_votes_postid", "Relation Name": "votes", "Alias": "v", "Startup Cost": 0.42, "Total Cost": 12794.42, "Plan Rows": 327011, "Plan Width": 4, "Actual Rows": 529090, "Actual Loops": 2, "Filter": "(creationdate >= '2010-07-21 00:00:00'::timestamp without time zone)", "Rows Removed by Filter": 878, "Workers": []}]}]}]}]}, "Planning Time": 8.067, "Triggers": [], "Execution Time": 490.395}, {"Plan": {"Node Type": "Aggregate", "Strategy": "Plain", "Partial Mode": "Simple", "Parallel Aware": false, "Async Capable": false, "Startup Cost": 12368.94, "Total Cost": 12368.95, "Plan Rows": 1, "Plan Width": 8, "Actual Rows": 1, "Actual Loops": 1, "Plans": [{"Node Type": "Nested Loop", "Parent Relationship": "Outer", "Parallel Aware": false, "Async Capable": false, "Join Type": "Inner", "Startup Cost": 2.14, "Total Cost": 12340.28, "Plan Rows": 11463, "Plan Width": 0, "Actual Rows": 436286, "Actual Loops": 1, "Inner Unique": false, "Join Filter": "(p.id = v.postid)", "Rows Removed by Join Filter": 0, "Plans": [{"Node Type": "Nested Loop", "Parent Relationship": "Outer", "Parallel Aware": false, "Async Capable": false, "Join Type": "Inner", "Startup Cost": 1.72, "Total Cost": 10258.1, "Plan Rows": 3224, "Plan Width": 16, "Actual Rows": 50824, "Actual Loops": 1, "Inner Unique": false, "Join Filter": "(c.postid = p.id)", "Rows Removed by Join Filter": 0, "Plans": [{"Node Type": "Nested Loop", "Parent Relationship": "Outer", "Parallel Aware": false, "Async Capable": false, "Join Type": "Inner", "Startup Cost": 1.3, "Total Cost": 9355.12, "Plan Rows": 1701, "Plan Width": 12, "Actual Rows": 12124, "Actual Loops": 1, "Inner Unique": true, "Plans": [{"Node Type": "Nested Loop", "Parent Relationship": "Outer", "Parallel Aware": false, "Async Capable": false, "Join Type": "Inner", "Startup Cost": 1.01, "Total Cost": 8671.14, "Plan Rows": 1732, "Plan Width": 16, "Actual Rows": 12249, "Actual Loops": 1, "Inner Unique": false, "Plans": [{"Node Type": "Nested Loop", "Parent Relationship": "Outer", "Parallel Aware": false, "Async Capable": false, "Join Type": "Inner", "Startup Cost": 0.59, "Total Cost": 6226.95, "Plan Rows": 2295, "Plan Width": 12, "Actual Rows": 10581, "Actual Loops": 1, "Inner Unique": true, "Plans": [{"Node Type": "Index Scan", "Parent Relationship": "Outer", "Parallel Aware": false, "Async Capable": false, "Scan Direction": "Forward", "Index Name": "idx_postlinks_postid", "Relation Name": "postlinks", "Alias": "pl", "Startup Cost": 0.29, "Total Cost": 450.8, "Plan Rows": 10608, "Plan Width": 4, "Actual Rows": 10607, "Actual Loops": 1, "Filter": "((creationdate >= '2010-11-16 01:27:37'::timestamp without time zone) AND (creationdate <= '2014-08-21 15:25:23'::timestamp without time zone))", "Rows Removed by Filter": 495}, {"Node Type": "Memoize", "Parent Relationship": "Inner", "Parallel Aware": false, "Async Capable": false, "Startup Cost": 0.3, "Total Cost": 0.74, "Plan Rows": 1, "Plan Width": 8, "Actual Rows": 1, "Actual Loops": 10607, "Cache Key": "pl.postid", "Cache Mode": "logical", "Cache Hits": 3337, "Cache Misses": 7270, "Cache Evictions": 0, "Cache Overflows": 0, "Peak Memory Usage": 766, "Plans": [{"Node Type": "Index Scan", "Parent Relationship": "Outer", "Parallel Aware": false, "Async Capable": false, "Scan Direction": "Forward", "Index Name": "posts_pkey", "Relation Name": "posts", "Alias": "p", "Startup Cost": 0.29, "Total Cost": 0.73, "Plan Rows": 1, "Plan Width": 8, "Actual Rows": 1, "Actual Loops": 7270, "Index Cond": "(id = pl.postid)", "Rows Removed by Index Recheck": 0, "Filter": "((answercount >= 0) AND (creationdate >= '2010-07-21 15:23:53'::timestamp without time zone) AND (creationdate <= '2014-09-11 23:26:14'::timestamp without time zone) AND (posttypeid = 1))", "Rows Removed by Filter": 0}]}]}, {"Node Type": "Index Scan", "Parent Relationship": "Inner", "Parallel Aware": false, "Async Capable": false, "Scan Direction": "Forward", "Index Name": "idx_posthistory_postid", "Relation Name": "posthistory", "Alias": "ph", "Startup Cost": 0.42, "Total Cost": 1.06, "Plan Rows": 1, "Plan Width": 4, "Actual Rows": 1, "Actual Loops": 10581, "Index Cond": "(postid = p.id)", "Rows Removed by Index Recheck": 0, "Filter": "(posthistorytypeid = 5)", "Rows Removed by Filter": 5}]}, {"Node Type": "Index Scan", "Parent Relationship": "Inner", "Parallel Aware": false, "Async Capable": false, "Scan Direction": "Forward", "Index Name": "users_pkey", "Relation Name": "users", "Alias": "u", "Startup Cost": 0.29, "Total Cost": 0.39, "Plan Rows": 1, "Plan Width": 4, "Actual Rows": 1, "Actual Loops": 12249, "Index Cond": "(id = p.owneruserid)", "Rows Removed by Index Recheck": 0, "Filter": "((upvotes >= 0) AND (creationdate <= '2014-09-11 20:31:48'::timestamp without time zone))", "Rows Removed by Filter": 0}]}, {"Node Type": "Index Only Scan", "Parent Relationship": "Inner", "Parallel Aware": false, "Async Capable": false, "Scan Direction": "Forward", "Index Name": "idx_comments_postid", "Relation Name": "comments", "Alias": "c", "Startup Cost": 0.42, "Total Cost": 0.49, "Plan Rows": 3, "Plan Width": 4, "Actual Rows": 4, "Actual Loops": 12124, "Index Cond": "(postid = ph.postid)", "Rows Removed by Index Recheck": 0, "Heap Fetches": 0}]}, {"Node Type": "Index Scan", "Parent Relationship": "Inner", "Parallel Aware": false, "Async Capable": false, "Scan Direction": "Forward", "Index Name": "idx_votes_postid", "Relation Name": "votes", "Alias": "v", "Startup Cost": 0.42, "Total Cost": 0.58, "Plan Rows": 5, "Plan Width": 4, "Actual Rows": 9, "Actual Loops": 50824, "Index Cond": "(postid = c.postid)", "Rows Removed by Index Recheck": 0, "Filter": "(creationdate >= '2010-07-21 00:00:00'::timestamp without time zone)", "Rows Removed by Filter": 0}]}]}, "Planning Time": 5.591, "Triggers": [], "Execution Time": 338.646}, {"Plan": {"Node Type": "Aggregate", "Strategy": "Plain", "Partial Mode": "Simple", "Parallel Aware": false, "Async Capable": false, "Startup Cost": 12166.66, "Total Cost": 12166.67, "Plan Rows": 1, "Plan Width": 8, "Actual Rows": 1, "Actual Loops": 1, "Plans": [{"Node Type": "Nested Loop", "Parent Relationship": "Outer", "Parallel Aware": false, "Async Capable": false, "Join Type": "Inner", "Startup Cost": 1.86, "Total Cost": 12138.0, "Plan Rows": 11463, "Plan Width": 0, "Actual Rows": 436286, "Actual Loops": 1, "Inner Unique": false, "Join Filter": "(p.id = v.postid)", "Rows Removed by Join Filter": 0, "Plans": [{"Node Type": "Nested Loop", "Parent Relationship": "Outer", "Parallel Aware": false, "Async Capable": false, "Join Type": "Inner", "Startup Cost": 1.43, "Total Cost": 10055.83, "Plan Rows": 3224, "Plan Width": 16, "Actual Rows": 50824, "Actual Loops": 1, "Inner Unique": false, "Join Filter": "(c.postid = p.id)", "Rows Removed by Join Filter": 0, "Plans": [{"Node Type": "Nested Loop", "Parent Relationship": "Outer", "Parallel Aware": false, "Async Capable": false, "Join Type": "Inner", "Startup Cost": 1.01, "Total Cost": 9152.84, "Plan Rows": 1701, "Plan Width": 12, "Actual Rows": 12124, "Actual Loops": 1, "Inner Unique": true, "Plans": [{"Node Type": "Nested Loop", "Parent Relationship": "Outer", "Parallel Aware": false, "Async Capable": false, "Join Type": "Inner", "Startup Cost": 0.72, "Total Cost": 8468.87, "Plan Rows": 1732, "Plan Width": 16, "Actual Rows": 12249, "Actual Loops": 1, "Inner Unique": false, "Plans": [{"Node Type": "Nested Loop", "Parent Relationship": "Outer", "Parallel Aware": false, "Async Capable": false, "Join Type": "Inner", "Startup Cost": 0.3, "Total Cost": 6024.68, "Plan Rows": 2295, "Plan Width": 12, "Actual Rows": 10581, "Actual Loops": 1, "Inner Unique": true, "Plans": [{"Node Type": "Seq Scan", "Parent Relationship": "Outer", "Parallel Aware": false, "Async Capable": false, "Relation Name": "postlinks", "Alias": "pl", "Startup Cost": 0.0, "Total Cost": 248.53, "Plan Rows": 10608, "Plan Width": 4, "Actual Rows": 10607, "Actual Loops": 1, "Filter": "((creationdate >= '2010-11-16 01:27:37'::timestamp without time zone) AND (creationdate <= '2014-08-21 15:25:23'::timestamp without time zone))", "Rows Removed by Filter": 495}, {"Node Type": "Memoize", "Parent Relationship": "Inner", "Parallel Aware": false, "Async Capable": false, "Startup Cost": 0.3, "Total Cost": 0.74, "Plan Rows": 1, "Plan Width": 8, "Actual Rows": 1, "Actual Loops": 10607, "Cache Key": "pl.postid", "Cache Mode": "logical", "Cache Hits": 3337, "Cache Misses": 7270, "Cache Evictions": 0, "Cache Overflows": 0, "Peak Memory Usage": 766, "Plans": [{"Node Type": "Index Scan", "Parent Relationship": "Outer", "Parallel Aware": false, "Async Capable": false, "Scan Direction": "Forward", "Index Name": "posts_pkey", "Relation Name": "posts", "Alias": "p", "Startup Cost": 0.29, "Total Cost": 0.73, "Plan Rows": 1, "Plan Width": 8, "Actual Rows": 1, "Actual Loops": 7270, "Index Cond": "(id = pl.postid)", "Rows Removed by Index Recheck": 0, "Filter": "((answercount >= 0) AND (creationdate >= '2010-07-21 15:23:53'::timestamp without time zone) AND (creationdate <= '2014-09-11 23:26:14'::timestamp without time zone) AND (posttypeid = 1))", "Rows Removed by Filter": 0}]}]}, {"Node Type": "Index Scan", "Parent Relationship": "Inner", "Parallel Aware": false, "Async Capable": false, "Scan Direction": "Forward", "Index Name": "idx_posthistory_postid", "Relation Name": "posthistory", "Alias": "ph", "Startup Cost": 0.42, "Total Cost": 1.06, "Plan Rows": 1, "Plan Width": 4, "Actual Rows": 1, "Actual Loops": 10581, "Index Cond": "(postid = p.id)", "Rows Removed by Index Recheck": 0, "Filter": "(posthistorytypeid = 5)", "Rows Removed by Filter": 5}]}, {"Node Type": "Index Scan", "Parent Relationship": "Inner", "Parallel Aware": false, "Async Capable": false, "Scan Direction": "Forward", "Index Name": "users_pkey", "Relation Name": "users", "Alias": "u", "Startup Cost": 0.29, "Total Cost": 0.39, "Plan Rows": 1, "Plan Width": 4, "Actual Rows": 1, "Actual Loops": 12249, "Index Cond": "(id = p.owneruserid)", "Rows Removed by Index Recheck": 0, "Filter": "((upvotes >= 0) AND (creationdate <= '2014-09-11 20:31:48'::timestamp without time zone))", "Rows Removed by Filter": 0}]}, {"Node Type": "Index Only Scan", "Parent Relationship": "Inner", "Parallel Aware": false, "Async Capable": false, "Scan Direction": "Forward", "Index Name": "idx_comments_postid", "Relation Name": "comments", "Alias": "c", "Startup Cost": 0.42, "Total Cost": 0.49, "Plan Rows": 3, "Plan Width": 4, "Actual Rows": 4, "Actual Loops": 12124, "Index Cond": "(postid = ph.postid)", "Rows Removed by Index Recheck": 0, "Heap Fetches": 0}]}, {"Node Type": "Index Scan", "Parent Relationship": "Inner", "Parallel Aware": false, "Async Capable": false, "Scan Direction": "Forward", "Index Name": "idx_votes_postid", "Relation Name": "votes", "Alias": "v", "Startup Cost": 0.42, "Total Cost": 0.58, "Plan Rows": 5, "Plan Width": 4, "Actual Rows": 9, "Actual Loops": 50824, "Index Cond": "(postid = c.postid)", "Rows Removed by Index Recheck": 0, "Filter": "(creationdate >= '2010-07-21 00:00:00'::timestamp without time zone)", "Rows Removed by Filter": 0}]}]}, "Planning Time": 6.187, "Triggers": [], "Execution Time": 346.744}, {"Plan": {"Node Type": "Aggregate", "Strategy": "Plain", "Partial Mode": "Finalize", "Parallel Aware": false, "Async Capable": false, "Startup Cost": 31774.82, "Total Cost": 31774.83, "Plan Rows": 1, "Plan Width": 8, "Actual Rows": 1, "Actual Loops": 1, "Plans": [{"Node Type": "Gather", "Parent Relationship": "Outer", "Parallel Aware": false, "Async Capable": false, "Startup Cost": 31774.7, "Total Cost": 31774.81, "Plan Rows": 1, "Plan Width": 8, "Actual Rows": 2, "Actual Loops": 1, "Workers Planned": 1, "Workers Launched": 1, "Single Copy": false, "Plans": [{"Node Type": "Aggregate", "Strategy": "Plain", "Partial Mode": "Partial", "Parent Relationship": "Outer", "Parallel Aware": false, "Async Capable": false, "Startup Cost": 30774.7, "Total Cost": 30774.71, "Plan Rows": 1, "Plan Width": 8, "Actual Rows": 1, "Actual Loops": 2, "Workers": [], "Plans": [{"Node Type": "Nested Loop", "Parent Relationship": "Outer", "Parallel Aware": false, "Async Capable": false, "Join Type": "Inner", "Startup Cost": 12656.78, "Total Cost": 30757.85, "Plan Rows": 6743, "Plan Width": 0, "Actual Rows": 218143, "Actual Loops": 2, "Inner Unique": false, "Join Filter": "(p.id = v.postid)", "Rows Removed by Join Filter": 0, "Workers": [], "Plans": [{"Node Type": "Nested Loop", "Parent Relationship": "Outer", "Parallel Aware": false, "Async Capable": false, "Join Type": "Inner", "Startup Cost": 12656.3, "Total Cost": 22017.25, "Plan Rows": 1896, "Plan Width": 16, "Actual Rows": 25412, "Actual Loops": 2, "Inner Unique": false, "Join Filter": "(c.postid = p.id)", "Rows Removed by Join Filter": 0, "Workers": [], "Plans": [{"Node Type": "Nested Loop", "Parent Relationship": "Outer", "Parallel Aware": false, "Async Capable": false, "Join Type": "Inner", "Startup Cost": 12655.84, "Total Cost": 17477.24, "Plan Rows": 1001, "Plan Width": 12, "Actual Rows": 6062, "Actual Loops": 2, "Inner Unique": true, "Workers": [], "Plans": [{"Node Type": "Merge Join", "Parent Relationship": "Outer", "Parallel Aware": false, "Async Capable": false, "Join Type": "Inner", "Startup Cost": 12655.52, "Total Cost": 13056.86, "Plan Rows": 1019, "Plan Width": 16, "Actual Rows": 6124, "Actual Loops": 2, "Inner Unique": false, "Merge Cond": "(ph.postid = p.id)", "Workers": [], "Plans": [{"Node Type": "Sort", "Parent Relationship": "Outer", "Parallel Aware": false, "Async Capable": false, "Startup Cost": 7597.11, "Total Cost": 7699.2, "Plan Rows": 40839, "Plan Width": 4, "Actual Rows": 33950, "Actual Loops": 2, "Sort Key": ["ph.postid"], "Sort Method": "quicksort", "Sort Space Used": 1537, "Sort Space Type": "Memory", "Workers": [{"Worker Number": 0, "Sort Method": "quicksort", "Sort Space Used": 385, "Sort Space Type": "Memory"}], "Plans": [{"Node Type": "Seq Scan", "Parent Relationship": "Outer", "Parallel Aware": true, "Async Capable": false, "Relation Name": "posthistory", "Alias": "ph", "Startup Cost": 0.0, "Total Cost": 4469.32, "Plan Rows": 40839, "Plan Width": 4, "Actual Rows": 34714, "Actual Loops": 2, "Filter": "(posthistorytypeid = 5)", "Rows Removed by Filter": 116880, "Workers": []}]}, {"Node Type": "Materialize", "Parent Relationship": "Inner", "Parallel Aware": false, "Async Capable": false, "Startup Cost": 5058.42, "Total Cost": 5239.63, "Plan Rows": 2295, "Plan Width": 12, "Actual Rows": 13020, "Actual Loops": 2, "Workers": [], "Plans": [{"Node Type": "Merge Join", "Parent Relationship": "Outer", "Parallel Aware": false, "Async Capable": false, "Join Type": "Inner", "Startup Cost": 5058.42, "Total Cost": 5233.89, "Plan Rows": 2295, "Plan Width": 12, "Actual Rows": 10581, "Actual Loops": 2, "Inner Unique": false, "Merge Cond": "(p.id = pl.postid)", "Workers": [], "Plans": [{"Node Type": "Sort", "Parent Relationship": "Outer", "Parallel Aware": false, "Async Capable": false, "Startup Cost": 4100.59, "Total Cost": 4150.34, "Plan Rows": 19902, "Plan Width": 8, "Actual Rows": 41526, "Actual Loops": 2, "Sort Key": ["p.id"], "Sort Method": "quicksort", "Sort Space Used": 2871, "Sort Space Type": "Memory", "Workers": [{"Worker Number": 0, "Sort Method": "quicksort", "Sort Space Used": 2871, "Sort Space Type": "Memory"}], "Plans": [{"Node Type": "Seq Scan", "Parent Relationship": "Outer", "Parallel Aware": false, "Async Capable": false, "Relation Name": "posts", "Alias": "p", "Startup Cost": 0.0, "Total Cost": 2679.52, "Plan Rows": 19902, "Plan Width": 8, "Actual Rows": 42703, "Actual Loops": 2, "Filter": "((answercount >= 0) AND (creationdate >= '2010-07-21 15:23:53'::timestamp without time zone) AND (creationdate <= '2014-09-11 23:26:14'::timestamp without time zone) AND (posttypeid = 1))", "Rows Removed by Filter": 49273, "Workers": []}]}, {"Node Type": "Sort", "Parent Relationship": "Inner", "Parallel Aware": false, "Async Capable": false, "Startup Cost": 957.83, "Total Cost": 984.35, "Plan Rows": 10608, "Plan Width": 4, "Actual Rows": 10607, "Actual Loops": 2, "Sort Key": ["pl.postid"], "Sort Method": "quicksort", "Sort Space Used": 385, "Sort Space Type": "Memory", "Workers": [{"Worker Number": 0, "Sort Method": "quicksort", "Sort Space Used": 385, "Sort Space Type": "Memory"}], "Plans": [{"Node Type": "Seq Scan", "Parent Relationship": "Outer", "Parallel Aware": false, "Async Capable": false, "Relation Name": "postlinks", "Alias": "pl", "Startup Cost": 0.0, "Total Cost": 248.53, "Plan Rows": 10608, "Plan Width": 4, "Actual Rows": 10607, "Actual Loops": 2, "Filter": "((creationdate >= '2010-11-16 01:27:37'::timestamp without time zone) AND (creationdate <= '2014-08-21 15:25:23'::timestamp without time zone))", "Rows Removed by Filter": 495, "Workers": []}]}]}]}]}, {"Node Type": "Bitmap Heap Scan", "Parent Relationship": "Inner", "Parallel Aware": false, "Async Capable": false, "Relation Name": "users", "Alias": "u", "Startup Cost": 0.32, "Total Cost": 4.34, "Plan Rows": 1, "Plan Width": 4, "Actual Rows": 1, "Actual Loops": 12249, "Recheck Cond": "(p.owneruserid = id)", "Rows Removed by Index Recheck": 0, "Filter": "((upvotes >= 0) AND (creationdate <= '2014-09-11 20:31:48'::timestamp without time zone))", "Rows Removed by Filter": 0, "Exact Heap Blocks": 9433, "Lossy Heap Blocks": 0, "Workers": [], "Plans": [{"Node Type": "Bitmap Index Scan", "Parent Relationship": "Outer", "Parallel Aware": false, "Async Capable": false, "Index Name": "users_pkey", "Startup Cost": 0.0, "Total Cost": 0.32, "Plan Rows": 1, "Plan Width": 0, "Actual Rows": 1, "Actual Loops": 12249, "Index Cond": "(id = p.owneruserid)", "Workers": []}]}]}, {"Node Type": "Bitmap Heap Scan", "Parent Relationship": "Inner", "Parallel Aware": false, "Async Capable": false, "Relation Name": "comments", "Alias": "c", "Startup Cost": 0.46, "Total Cost": 4.5, "Plan Rows": 3, "Plan Width": 4, "Actual Rows": 4, "Actual Loops": 12124, "Recheck Cond": "(postid = ph.postid)", "Rows Removed by Index Recheck": 0, "Exact Heap Blocks": 14273, "Lossy Heap Blocks": 0, "Workers": [], "Plans": [{"Node Type": "Bitmap Index Scan", "Parent Relationship": "Outer", "Parallel Aware": false, "Async Capable": false, "Index Name": "idx_comments_postid", "Startup Cost": 0.0, "Total Cost": 0.46, "Plan Rows": 3, "Plan Width": 0, "Actual Rows": 4, "Actual Loops": 12124, "Index Cond": "(postid = ph.postid)", "Workers": []}]}]}, {"Node Type": "Bitmap Heap Scan", "Parent Relationship": "Inner", "Parallel Aware": false, "Async Capable": false, "Relation Name": "votes", "Alias": "v", "Startup Cost": 0.47, "Total Cost": 4.55, "Plan Rows": 5, "Plan Width": 4, "Actual Rows": 9, "Actual Loops": 50824, "Recheck Cond": "(c.postid = postid)", "Rows Removed by Index Recheck": 0, "Filter": "(creationdate >= '2010-07-21 00:00:00'::timestamp without time zone)", "Rows Removed by Filter": 0, "Exact Heap Blocks": 211210, "Lossy Heap Blocks": 0, "Workers": [], "Plans": [{"Node Type": "Bitmap Index Scan", "Parent Relationship": "Outer", "Parallel Aware": false, "Async Capable": false, "Index Name": "idx_votes_postid", "Startup Cost": 0.0, "Total Cost": 0.47, "Plan Rows": 5, "Plan Width": 0, "Actual Rows": 9, "Actual Loops": 50824, "Index Cond": "(postid = c.postid)", "Workers": []}]}]}]}]}]}, "Planning Time": 8.191, "Triggers": [], "Execution Time": 407.489}, {"Plan": {"Node Type": "Aggregate", "Strategy": "Plain", "Partial Mode": "Finalize", "Parallel Aware": false, "Async Capable": false, "Startup Cost": 64384.2, "Total Cost": 64384.21, "Plan Rows": 1, "Plan Width": 8, "Actual Rows": 1, "Actual Loops": 1, "Plans": [{"Node Type": "Gather", "Parent Relationship": "Outer", "Parallel Aware": false, "Async Capable": false, "Startup Cost": 64384.09, "Total Cost": 64384.2, "Plan Rows": 1, "Plan Width": 8, "Actual Rows": 2, "Actual Loops": 1, "Workers Planned": 1, "Workers Launched": 1, "Single Copy": false, "Plans": [{"Node Type": "Aggregate", "Strategy": "Plain", "Partial Mode": "Partial", "Parent Relationship": "Outer", "Parallel Aware": false, "Async Capable": false, "Startup Cost": 63384.09, "Total Cost": 63384.1, "Plan Rows": 1, "Plan Width": 8, "Actual Rows": 1, "Actual Loops": 2, "Workers": [], "Plans": [{"Node Type": "Merge Join", "Parent Relationship": "Outer", "Parallel Aware": false, "Async Capable": false, "Join Type": "Inner", "Startup Cost": 61028.82, "Total Cost": 63367.23, "Plan Rows": 6743, "Plan Width": 0, "Actual Rows": 218143, "Actual Loops": 2, "Inner Unique": false, "Merge Cond": "(p.id = c.postid)", "Workers": [], "Plans": [{"Node Type": "Merge Join", "Parent Relationship": "Outer", "Parallel Aware": false, "Async Capable": false, "Join Type": "Inner", "Startup Cost": 42767.43, "Total Cost": 44157.99, "Plan Rows": 3558, "Plan Width": 16, "Actual Rows": 43594, "Actual Loops": 2, "Inner Unique": false, "Merge Cond": "(v.postid = p.id)", "Workers": [], "Plans": [{"Node Type": "Sort", "Parent Relationship": "Outer", "Parallel Aware": false, "Async Capable": false, "Startup Cost": 21455.05, "Total Cost": 21935.95, "Plan Rows": 192359, "Plan Width": 4, "Actual Rows": 161668, "Actual Loops": 2, "Sort Key": ["v.postid"], "Sort Method": "quicksort", "Sort Space Used": 6145, "Sort Space Type": "Memory", "Workers": [{"Worker Number": 0, "Sort Method": "quicksort", "Sort Space Used": 3073, "Sort Space Type": "Memory"}], "Plans": [{"Node Type": "Seq Scan", "Parent Relationship": "Outer", "Parallel Aware": true, "Async Capable": false, "Relation Name": "votes", "Alias": "v", "Startup Cost": 0.0, "Total Cost": 4572.24, "Plan Rows": 192359, "Plan Width": 4, "Actual Rows": 163593, "Actual Loops": 2, "Filter": "(creationdate >= '2010-07-21 00:00:00'::timestamp without time zone)", "Rows Removed by Filter": 439, "Workers": []}]}, {"Node Type": "Materialize", "Parent Relationship": "Inner", "Parallel Aware": false, "Async Capable": false, "Startup Cost": 21312.38, "Total Cost": 21692.04, "Plan Rows": 1701, "Plan Width": 12, "Actual Rows": 47396, "Actual Loops": 2, "Workers": [], "Plans": [{"Node Type": "Merge Join", "Parent Relationship": "Outer", "Parallel Aware": false, "Async Capable": false, "Join Type": "Inner", "Startup Cost": 21312.38, "Total Cost": 21687.79, "Plan Rows": 1701, "Plan Width": 12, "Actual Rows": 12124, "Actual Loops": 2, "Inner Unique": false, "Merge Cond": "(p.id = ph.postid)", "Workers": [], "Plans": [{"Node Type": "Sort", "Parent Relationship": "Outer", "Parallel Aware": false, "Async Capable": false, "Startup Cost": 9699.59, "Total Cost": 9705.22, "Plan Rows": 2254, "Plan Width": 8, "Actual Rows": 10453, "Actual Loops": 2, "Sort Key": ["p.id"], "Sort Method": "quicksort", "Sort Space Used": 711, "Sort Space Type": "Memory", "Workers": [{"Worker Number": 0, "Sort Method": "quicksort", "Sort Space Used": 711, "Sort Space Type": "Memory"}], "Plans": [{"Node Type": "Merge Join", "Parent Relationship": "Outer", "Parallel Aware": false, "Async Capable": false, "Join Type": "Inner", "Startup Cost": 9339.16, "Total Cost": 9574.06, "Plan Rows": 2254, "Plan Width": 8, "Actual Rows": 10453, "Actual Loops": 2, "Inner Unique": true, "Merge Cond": "(p.owneruserid = u.id)", "Workers": [], "Plans": [{"Node Type": "Sort", "Parent Relationship": "Outer", "Parallel Aware": false, "Async Capable": false, "Startup Cost": 5362.0, "Total Cost": 5367.74, "Plan Rows": 2295, "Plan Width": 12, "Actual Rows": 10454, "Actual Loops": 2, "Sort Key": ["p.owneruserid"], "Sort Method": "quicksort", "Sort Space Used": 797, "Sort Space Type": "Memory", "Workers": [{"Worker Number": 0, "Sort Method": "quicksort", "Sort Space Used": 797, "Sort Space Type": "Memory"}], "Plans": [{"Node Type": "Merge Join", "Parent Relationship": "Outer", "Parallel Aware": false, "Async Capable": false, "Join Type": "Inner", "Startup Cost": 5058.42, "Total Cost": 5233.89, "Plan Rows": 2295, "Plan Width": 12, "Actual Rows": 10581, "Actual Loops": 2, "Inner Unique": false, "Merge Cond": "(p.id = pl.postid)", "Workers": [], "Plans": [{"Node Type": "Sort", "Parent Relationship": "Outer", "Parallel Aware": false, "Async Capable": false, "Startup Cost": 4100.59, "Total Cost": 4150.34, "Plan Rows": 19902, "Plan Width": 8, "Actual Rows": 41526, "Actual Loops": 2, "Sort Key": ["p.id"], "Sort Method": "quicksort", "Sort Space Used": 2871, "Sort Space Type": "Memory", "Workers": [{"Worker Number": 0, "Sort Method": "quicksort", "Sort Space Used": 2871, "Sort Space Type": "Memory"}], "Plans": [{"Node Type": "Seq Scan", "Parent Relationship": "Outer", "Parallel Aware": false, "Async Capable": false, "Relation Name": "posts", "Alias": "p", "Startup Cost": 0.0, "Total Cost": 2679.52, "Plan Rows": 19902, "Plan Width": 8, "Actual Rows": 42703, "Actual Loops": 2, "Filter": "((answercount >= 0) AND (creationdate >= '2010-07-21 15:23:53'::timestamp without time zone) AND (creationdate <= '2014-09-11 23:26:14'::timestamp without time zone) AND (posttypeid = 1))", "Rows Removed by Filter": 49273, "Workers": []}]}, {"Node Type": "Sort", "Parent Relationship": "Inner", "Parallel Aware": false, "Async Capable": false, "Startup Cost": 957.83, "Total Cost": 984.35, "Plan Rows": 10608, "Plan Width": 4, "Actual Rows": 10607, "Actual Loops": 2, "Sort Key": ["pl.postid"], "Sort Method": "quicksort", "Sort Space Used": 385, "Sort Space Type": "Memory", "Workers": [{"Worker Number": 0, "Sort Method": "quicksort", "Sort Space Used": 385, "Sort Space Type": "Memory"}], "Plans": [{"Node Type": "Seq Scan", "Parent Relationship": "Outer", "Parallel Aware": false, "Async Capable": false, "Relation Name": "postlinks", "Alias": "pl", "Startup Cost": 0.0, "Total Cost": 248.53, "Plan Rows": 10608, "Plan Width": 4, "Actual Rows": 10607, "Actual Loops": 2, "Filter": "((creationdate >= '2010-11-16 01:27:37'::timestamp without time zone) AND (creationdate <= '2014-08-21 15:25:23'::timestamp without time zone))", "Rows Removed by Filter": 495, "Workers": []}]}]}]}, {"Node Type": "Sort", "Parent Relationship": "Inner", "Parallel Aware": false, "Async Capable": false, "Startup Cost": 3977.16, "Total Cost": 4077.69, "Plan Rows": 40212, "Plan Width": 4, "Actual Rows": 39067, "Actual Loops": 2, "Sort Key": ["u.id"], "Sort Method": "quicksort", "Sort Space Used": 1537, "Sort Space Type": "Memory", "Workers": [{"Worker Number": 0, "Sort Method": "quicksort", "Sort Space Used": 1537, "Sort Space Type": "Memory"}], "Plans": [{"Node Type": "Seq Scan", "Parent Relationship": "Outer", "Parallel Aware": false, "Async Capable": false, "Relation Name": "users", "Alias": "u", "Startup Cost": 0.0, "Total Cost": 901.88, "Plan Rows": 40212, "Plan Width": 4, "Actual Rows": 40221, "Actual Loops": 2, "Filter": "((upvotes >= 0) AND (creationdate <= '2014-09-11 20:31:48'::timestamp without time zone))", "Rows Removed by Filter": 104, "Workers": []}]}]}]}, {"Node Type": "Sort", "Parent Relationship": "Inner", "Parallel Aware": false, "Async Capable": false, "Startup Cost": 11612.79, "Total Cost": 11786.36, "Plan Rows": 69426, "Plan Width": 4, "Actual Rows": 72008, "Actual Loops": 2, "Sort Key": ["ph.postid"], "Sort Method": "quicksort", "Sort Space Used": 3073, "Sort Space Type": "Memory", "Workers": [{"Worker Number": 0, "Sort Method": "quicksort", "Sort Space Used": 3073, "Sort Space Type": "Memory"}], "Plans": [{"Node Type": "Seq Scan", "Parent Relationship": "Outer", "Parallel Aware": false, "Async Capable": false, "Relation Name": "posthistory", "Alias": "ph", "Startup Cost": 0.0, "Total Cost": 6029.84, "Plan Rows": 69426, "Plan Width": 4, "Actual Rows": 69427, "Actual Loops": 2, "Filter": "(posthistorytypeid = 5)", "Rows Removed by Filter": 233760, "Workers": []}]}]}]}]}, {"Node Type": "Sort", "Parent Relationship": "Inner", "Parallel Aware": false, "Async Capable": false, "Startup Cost": 18261.39, "Total Cost": 18697.16, "Plan Rows": 174305, "Plan Width": 4, "Actual Rows": 378382, "Actual Loops": 2, "Sort Key": ["c.postid"], "Sort Method": "quicksort", "Sort Space Used": 6145, "Sort Space Type": "Memory", "Workers": [{"Worker Number": 0, "Sort Method": "quicksort", "Sort Space Used": 6145, "Sort Space Type": "Memory"}], "Plans": [{"Node Type": "Seq Scan", "Parent Relationship": "Outer", "Parallel Aware": false, "Async Capable": false, "Relation Name": "comments", "Alias": "c", "Startup Cost": 0.0, "Total Cost": 3087.05, "Plan Rows": 174305, "Plan Width": 4, "Actual Rows": 174305, "Actual Loops": 2, "Workers": []}]}]}]}]}]}, "Planning Time": 9.421, "Triggers": [], "Execution Time": 231.975}, {"Plan": {"Node Type": "Aggregate", "Strategy": "Plain", "Partial Mode": "Simple", "Parallel Aware": false, "Async Capable": false, "Startup Cost": 74489.63, "Total Cost": 74489.64, "Plan Rows": 1, "Plan Width": 8, "Actual Rows": 1, "Actual Loops": 1, "Plans": [{"Node Type": "Nested Loop", "Parent Relationship": "Outer", "Parallel Aware": false, "Async Capable": false, "Join Type": "Inner", "Startup Cost": 2.21, "Total Cost": 74460.97, "Plan Rows": 11463, "Plan Width": 0, "Actual Rows": 436286, "Actual Loops": 1, "Inner Unique": false, "Join Filter": "(p.id = v.postid)", "Rows Removed by Join Filter": 0, "Plans": [{"Node Type": "Nested Loop", "Parent Relationship": "Outer", "Parallel Aware": false, "Async Capable": false, "Join Type": "Inner", "Startup Cost": 1.74, "Total Cost": 59598.28, "Plan Rows": 3224, "Plan Width": 16, "Actual Rows": 50824, "Actual Loops": 1, "Inner Unique": false, "Join Filter": "(c.postid = p.id)", "Rows Removed by Join Filter": 0, "Plans": [{"Node Type": "Nested Loop", "Parent Relationship": "Outer", "Parallel Aware": false, "Async Capable": false, "Join Type": "Inner", "Startup Cost": 1.28, "Total Cost": 51883.43, "Plan Rows": 1701, "Plan Width": 12, "Actual Rows": 12124, "Actual Loops": 1, "Inner Unique": true, "Plans": [{"Node Type": "Nested Loop", "Parent Relationship": "Outer", "Parallel Aware": false, "Async Capable": false, "Join Type": "Inner", "Startup Cost": 0.96, "Total Cost": 44370.08, "Plan Rows": 1732, "Plan Width": 16, "Actual Rows": 12249, "Actual Loops": 1, "Inner Unique": false, "Plans": [{"Node Type": "Nested Loop", "Parent Relationship": "Outer", "Parallel Aware": false, "Async Capable": false, "Join Type": "Inner", "Startup Cost": 0.41, "Total Cost": 33755.59, "Plan Rows": 2295, "Plan Width": 12, "Actual Rows": 10581, "Actual Loops": 1, "Inner Unique": true, "Plans": [{"Node Type": "Seq Scan", "Parent Relationship": "Outer", "Parallel Aware": false, "Async Capable": false, "Relation Name": "postlinks", "Alias": "pl", "Startup Cost": 0.0, "Total Cost": 248.53, "Plan Rows": 10608, "Plan Width": 4, "Actual Rows": 10607, "Actual Loops": 1, "Filter": "((creationdate >= '2010-11-16 01:27:37'::timestamp without time zone) AND (creationdate <= '2014-08-21 15:25:23'::timestamp without time zone))", "Rows Removed by Filter": 495}, {"Node Type": "Memoize", "Parent Relationship": "Inner", "Parallel Aware": false, "Async Capable": false, "Startup Cost": 0.41, "Total Cost": 4.43, "Plan Rows": 1, "Plan Width": 8, "Actual Rows": 1, "Actual Loops": 10607, "Cache Key": "pl.postid", "Cache Mode": "logical", "Cache Hits": 3337, "Cache Misses": 7270, "Cache Evictions": 0, "Cache Overflows": 0, "Peak Memory Usage": 766, "Plans": [{"Node Type": "Bitmap Heap Scan", "Parent Relationship": "Outer", "Parallel Aware": false, "Async Capable": false, "Relation Name": "posts", "Alias": "p", "Startup Cost": 0.4, "Total Cost": 4.42, "Plan Rows": 1, "Plan Width": 8, "Actual Rows": 1, "Actual Loops": 7270, "Recheck Cond": "(id = pl.postid)", "Rows Removed by Index Recheck": 0, "Filter": "((answercount >= 0) AND (creationdate >= '2010-07-21 15:23:53'::timestamp without time zone) AND (creationdate <= '2014-09-11 23:26:14'::timestamp without time zone) AND (posttypeid = 1))", "Rows Removed by Filter": 0, "Exact Heap Blocks": 7270, "Lossy Heap Blocks": 0, "Plans": [{"Node Type": "Bitmap Index Scan", "Parent Relationship": "Outer", "Parallel Aware": false, "Async Capable": false, "Index Name": "posts_pkey", "Startup Cost": 0.0, "Total Cost": 0.4, "Plan Rows": 1, "Plan Width": 0, "Actual Rows": 1, "Actual Loops": 7270, "Index Cond": "(id = pl.postid)"}]}]}]}, {"Node Type": "Bitmap Heap Scan", "Parent Relationship": "Inner", "Parallel Aware": false, "Async Capable": false, "Relation Name": "posthistory", "Alias": "ph", "Startup Cost": 0.56, "Total Cost": 4.62, "Plan Rows": 1, "Plan Width": 4, "Actual Rows": 1, "Actual Loops": 10581, "Recheck Cond": "(p.id = postid)", "Rows Removed by Index Recheck": 0, "Filter": "(posthistorytypeid = 5)", "Rows Removed by Filter": 5, "Exact Heap Blocks": 18663, "Lossy Heap Blocks": 0, "Plans": [{"Node Type": "Bitmap Index Scan", "Parent Relationship": "Outer", "Parallel Aware": false, "Async Capable": false, "Index Name": "idx_posthistory_postid", "Startup Cost": 0.0, "Total Cost": 0.55, "Plan Rows": 4, "Plan Width": 0, "Actual Rows": 6, "Actual Loops": 10581, "Index Cond": "(postid = p.id)"}]}]}, {"Node Type": "Bitmap Heap Scan", "Parent Relationship": "Inner", "Parallel Aware": false, "Async Capable": false, "Relation Name": "users", "Alias": "u", "Startup Cost": 0.32, "Total Cost": 4.34, "Plan Rows": 1, "Plan Width": 4, "Actual Rows": 1, "Actual Loops": 12249, "Recheck Cond": "(p.owneruserid = id)", "Rows Removed by Index Recheck": 0, "Filter": "((upvotes >= 0) AND (creationdate <= '2014-09-11 20:31:48'::timestamp without time zone))", "Rows Removed by Filter": 0, "Exact Heap Blocks": 12124, "Lossy Heap Blocks": 0, "Plans": [{"Node Type": "Bitmap Index Scan", "Parent Relationship": "Outer", "Parallel Aware": false, "Async Capable": false, "Index Name": "users_pkey", "Startup Cost": 0.0, "Total Cost": 0.32, "Plan Rows": 1, "Plan Width": 0, "Actual Rows": 1, "Actual Loops": 12249, "Index Cond": "(id = p.owneruserid)"}]}]}, {"Node Type": "Bitmap Heap Scan", "Parent Relationship": "Inner", "Parallel Aware": false, "Async Capable": false, "Relation Name": "comments", "Alias": "c", "Startup Cost": 0.46, "Total Cost": 4.5, "Plan Rows": 3, "Plan Width": 4, "Actual Rows": 4, "Actual Loops": 12124, "Recheck Cond": "(postid = ph.postid)", "Rows Removed by Index Recheck": 0, "Exact Heap Blocks": 18287, "Lossy Heap Blocks": 0, "Plans": [{"Node Type": "Bitmap Index Scan", "Parent Relationship": "Outer", "Parallel Aware": false, "Async Capable": false, "Index Name": "idx_comments_postid", "Startup Cost": 0.0, "Total Cost": 0.46, "Plan Rows": 3, "Plan Width": 0, "Actual Rows": 4, "Actual Loops": 12124, "Index Cond": "(postid = ph.postid)"}]}]}, {"Node Type": "Bitmap Heap Scan", "Parent Relationship": "Inner", "Parallel Aware": false, "Async Capable": false, "Relation Name": "votes", "Alias": "v", "Startup Cost": 0.47, "Total Cost": 4.55, "Plan Rows": 5, "Plan Width": 4, "Actual Rows": 9, "Actual Loops": 50824, "Recheck Cond": "(c.postid = postid)", "Rows Removed by Index Recheck": 0, "Filter": "(creationdate >= '2010-07-21 00:00:00'::timestamp without time zone)", "Rows Removed by Filter": 0, "Exact Heap Blocks": 251704, "Lossy Heap Blocks": 0, "Plans": [{"Node Type": "Bitmap Index Scan", "Parent Relationship": "Outer", "Parallel Aware": false, "Async Capable": false, "Index Name": "idx_votes_postid", "Startup Cost": 0.0, "Total Cost": 0.47, "Plan Rows": 5, "Plan Width": 0, "Actual Rows": 9, "Actual Loops": 50824, "Index Cond": "(postid = c.postid)"}]}]}]}, "Planning Time": 6.331, "Triggers": [], "Execution Time": 573.928}, {"Plan": {"Node Type": "Aggregate", "Strategy": "Plain", "Partial Mode": "Finalize", "Parallel Aware": false, "Async Capable": false, "Startup Cost": 35278.63, "Total Cost": 35278.64, "Plan Rows": 1, "Plan Width": 8, "Actual Rows": 1, "Actual Loops": 1, "Plans": [{"Node Type": "Gather", "Parent Relationship": "Outer", "Parallel Aware": false, "Async Capable": false, "Startup Cost": 35278.52, "Total Cost": 35278.63, "Plan Rows": 1, "Plan Width": 8, "Actual Rows": 2, "Actual Loops": 1, "Workers Planned": 1, "Workers Launched": 1, "Single Copy": false, "Plans": [{"Node Type": "Aggregate", "Strategy": "Plain", "Partial Mode": "Partial", "Parent Relationship": "Outer", "Parallel Aware": false, "Async Capable": false, "Startup Cost": 34278.52, "Total Cost": 34278.53, "Plan Rows": 1, "Plan Width": 8, "Actual Rows": 1, "Actual Loops": 2, "Workers": [], "Plans": [{"Node Type": "Merge Join", "Parent Relationship": "Outer", "Parallel Aware": false, "Async Capable": false, "Join Type": "Inner", "Startup Cost": 6656.17, "Total Cost": 34261.66, "Plan Rows": 6743, "Plan Width": 0, "Actual Rows": 218143, "Actual Loops": 2, "Inner Unique": false, "Merge Cond": "(p.id = c.postid)", "Workers": [], "Plans": [{"Node Type": "Merge Join", "Parent Relationship": "Outer", "Parallel Aware": false, "Async Capable": false, "Join Type": "Inner", "Startup Cost": 6655.75, "Total Cost": 28328.34, "Plan Rows": 3558, "Plan Width": 16, "Actual Rows": 43594, "Actual Loops": 2, "Inner Unique": false, "Merge Cond": "(v.postid = p.id)", "Workers": [], "Plans": [{"Node Type": "Index Scan", "Parent Relationship": "Outer", "Parallel Aware": true, "Async Capable": false, "Scan Direction": "Forward", "Index Name": "idx_votes_postid", "Relation Name": "votes", "Alias": "v", "Startup Cost": 0.42, "Total Cost": 11105.86, "Plan Rows": 192359, "Plan Width": 4, "Actual Rows": 161668, "Actual Loops": 2, "Filter": "(creationdate >= '2010-07-21 00:00:00'::timestamp without time zone)", "Rows Removed by Filter": 439, "Workers": []}, {"Node Type": "Materialize", "Parent Relationship": "Inner", "Parallel Aware": false, "Async Capable": false, "Startup Cost": 6655.33, "Total Cost": 16692.48, "Plan Rows": 1701, "Plan Width": 12, "Actual Rows": 50186, "Actual Loops": 2, "Workers": [], "Plans": [{"Node Type": "Merge Join", "Parent Relationship": "Outer", "Parallel Aware": false, "Async Capable": false, "Join Type": "Inner", "Startup Cost": 6655.33, "Total Cost": 16688.23, "Plan Rows": 1701, "Plan Width": 12, "Actual Rows": 12124, "Actual Loops": 2, "Inner Unique": false, "Merge Cond": "(p.id = ph.postid)", "Workers": [], "Plans": [{"Node Type": "Sort", "Parent Relationship": "Outer", "Parallel Aware": false, "Async Capable": false, "Startup Cost": 6654.91, "Total Cost": 6660.54, "Plan Rows": 2254, "Plan Width": 8, "Actual Rows": 10453, "Actual Loops": 2, "Sort Key": ["p.id"], "Sort Method": "quicksort", "Sort Space Used": 711, "Sort Space Type": "Memory", "Workers": [{"Worker Number": 0, "Sort Method": "quicksort", "Sort Space Used": 711, "Sort Space Type": "Memory"}], "Plans": [{"Node Type": "Merge Join", "Parent Relationship": "Outer", "Parallel Aware": false, "Async Capable": false, "Join Type": "Inner", "Startup Cost": 4836.51, "Total Cost": 6529.38, "Plan Rows": 2254, "Plan Width": 8, "Actual Rows": 10453, "Actual Loops": 2, "Inner Unique": true, "Merge Cond": "(p.owneruserid = u.id)", "Workers": [], "Plans": [{"Node Type": "Sort", "Parent Relationship": "Outer", "Parallel Aware": false, "Async Capable": false, "Startup Cost": 4836.22, "Total Cost": 4841.96, "Plan Rows": 2295, "Plan Width": 12, "Actual Rows": 10454, "Actual Loops": 2, "Sort Key": ["p.owneruserid"], "Sort Method": "quicksort", "Sort Space Used": 797, "Sort Space Type": "Memory", "Workers": [{"Worker Number": 0, "Sort Method": "quicksort", "Sort Space Used": 797, "Sort Space Type": "Memory"}], "Plans": [{"Node Type": "Merge Join", "Parent Relationship": "Outer", "Parallel Aware": false, "Async Capable": false, "Join Type": "Inner", "Startup Cost": 0.79, "Total Cost": 4708.11, "Plan Rows": 2295, "Plan Width": 12, "Actual Rows": 10581, "Actual Loops": 2, "Inner Unique": false, "Merge Cond": "(p.id = pl.postid)", "Workers": [], "Plans": [{"Node Type": "Index Scan", "Parent Relationship": "Outer", "Parallel Aware": false, "Async Capable": false, "Scan Direction": "Forward", "Index Name": "posts_pkey", "Relation Name": "posts", "Alias": "p", "Startup Cost": 0.29, "Total Cost": 4158.93, "Plan Rows": 19902, "Plan Width": 8, "Actual Rows": 41526, "Actual Loops": 2, "Filter": "((answercount >= 0) AND (creationdate >= '2010-07-21 15:23:53'::timestamp without time zone) AND (creationdate <= '2014-09-11 23:26:14'::timestamp without time zone) AND (posttypeid = 1))", "Rows Removed by Filter": 48124, "Workers": []}, {"Node Type": "Index Scan", "Parent Relationship": "Inner", "Parallel Aware": false, "Async Capable": false, "Scan Direction": "Forward", "Index Name": "idx_postlinks_postid", "Relation Name": "postlinks", "Alias": "pl", "Startup Cost": 0.29, "Total Cost": 450.8, "Plan Rows": 10608, "Plan Width": 4, "Actual Rows": 10607, "Actual Loops": 2, "Filter": "((creationdate >= '2010-11-16 01:27:37'::timestamp without time zone) AND (creationdate <= '2014-08-21 15:25:23'::timestamp without time zone))", "Rows Removed by Filter": 495, "Workers": []}]}]}, {"Node Type": "Index Scan", "Parent Relationship": "Inner", "Parallel Aware": false, "Async Capable": false, "Scan Direction": "Forward", "Index Name": "users_pkey", "Relation Name": "users", "Alias": "u", "Startup Cost": 0.29, "Total Cost": 1558.79, "Plan Rows": 40212, "Plan Width": 4, "Actual Rows": 39067, "Actual Loops": 2, "Filter": "((upvotes >= 0) AND (creationdate <= '2014-09-11 20:31:48'::timestamp without time zone))", "Rows Removed by Filter": 0, "Workers": []}]}]}, {"Node Type": "Index Scan", "Parent Relationship": "Inner", "Parallel Aware": false, "Async Capable": false, "Scan Direction": "Forward", "Index Name": "idx_posthistory_postid", "Relation Name": "posthistory", "Alias": "ph", "Startup Cost": 0.42, "Total Cost": 9831.47, "Plan Rows": 69426, "Plan Width": 4, "Actual Rows": 72008, "Actual Loops": 2, "Filter": "(posthistorytypeid = 5)", "Rows Removed by Filter": 242373, "Workers": []}]}]}]}, {"Node Type": "Index Scan", "Parent Relationship": "Inner", "Parallel Aware": false, "Async Capable": false, "Scan Direction": "Forward", "Index Name": "idx_comments_postid", "Relation Name": "comments", "Alias": "c", "Startup Cost": 0.42, "Total Cost": 5421.24, "Plan Rows": 174305, "Plan Width": 4, "Actual Rows": 381610, "Actual Loops": 2, "Workers": []}]}]}]}]}, "Planning Time": 14.58, "Triggers": [], "Execution Time": 614.991}, {"Plan": {"Node Type": "Aggregate", "Strategy": "Plain", "Partial Mode": "Finalize", "Parallel Aware": false, "Async Capable": false, "Startup Cost": 35057.03, "Total Cost": 35057.04, "Plan Rows": 1, "Plan Width": 8, "Actual Rows": 1, "Actual Loops": 1, "Plans": [{"Node Type": "Gather", "Parent Relationship": "Outer", "Parallel Aware": false, "Async Capable": false, "Startup Cost": 35056.92, "Total Cost": 35057.03, "Plan Rows": 1, "Plan Width": 8, "Actual Rows": 2, "Actual Loops": 1, "Workers Planned": 1, "Workers Launched": 1, "Single Copy": false, "Plans": [{"Node Type": "Aggregate", "Strategy": "Plain", "Partial Mode": "Partial", "Parent Relationship": "Outer", "Parallel Aware": false, "Async Capable": false, "Startup Cost": 34056.92, "Total Cost": 34056.93, "Plan Rows": 1, "Plan Width": 8, "Actual Rows": 1, "Actual Loops": 2, "Workers": [], "Plans": [{"Node Type": "Merge Join", "Parent Relationship": "Outer", "Parallel Aware": false, "Async Capable": false, "Join Type": "Inner", "Startup Cost": 14252.86, "Total Cost": 34040.06, "Plan Rows": 6743, "Plan Width": 0, "Actual Rows": 218143, "Actual Loops": 2, "Inner Unique": false, "Merge Cond": "(p.id = v.postid)", "Workers": [], "Plans": [{"Node Type": "Merge Join", "Parent Relationship": "Outer", "Parallel Aware": false, "Async Capable": false, "Join Type": "Inner", "Startup Cost": 14252.44, "Total Cost": 20355.97, "Plan Rows": 1896, "Plan Width": 16, "Actual Rows": 25412, "Actual Loops": 2, "Inner Unique": false, "Merge Cond": "(p.id = c.postid)", "Workers": [], "Plans": [{"Node Type": "Merge Join", "Parent Relationship": "Outer", "Parallel Aware": false, "Async Capable": false, "Join Type": "Inner", "Startup Cost": 14252.02, "Total Cost": 14477.49, "Plan Rows": 1001, "Plan Width": 12, "Actual Rows": 6062, "Actual Loops": 2, "Inner Unique": false, "Merge Cond": "(ph.postid = p.id)", "Workers": [], "Plans": [{"Node Type": "Sort", "Parent Relationship": "Outer", "Parallel Aware": false, "Async Capable": false, "Startup Cost": 7597.11, "Total Cost": 7699.2, "Plan Rows": 40839, "Plan Width": 4, "Actual Rows": 33950, "Actual Loops": 2, "Sort Key": ["ph.postid"], "Sort Method": "quicksort", "Sort Space Used": 1537, "Sort Space Type": "Memory", "Workers": [{"Worker Number": 0, "Sort Method": "quicksort", "Sort Space Used": 385, "Sort Space Type": "Memory"}], "Plans": [{"Node Type": "Seq Scan", "Parent Relationship": "Outer", "Parallel Aware": true, "Async Capable": false, "Relation Name": "posthistory", "Alias": "ph", "Startup Cost": 0.0, "Total Cost": 4469.32, "Plan Rows": 40839, "Plan Width": 4, "Actual Rows": 34714, "Actual Loops": 2, "Filter": "(posthistorytypeid = 5)", "Rows Removed by Filter": 116880, "Workers": []}]}, {"Node Type": "Sort", "Parent Relationship": "Inner", "Parallel Aware": false, "Async Capable": false, "Startup Cost": 6654.91, "Total Cost": 6660.54, "Plan Rows": 2254, "Plan Width": 8, "Actual Rows": 12904, "Actual Loops": 2, "Sort Key": ["p.id"], "Sort Method": "quicksort", "Sort Space Used": 711, "Sort Space Type": "Memory", "Workers": [{"Worker Number": 0, "Sort Method": "quicksort", "Sort Space Used": 711, "Sort Space Type": "Memory"}], "Plans": [{"Node Type": "Merge Join", "Parent Relationship": "Outer", "Parallel Aware": false, "Async Capable": false, "Join Type": "Inner", "Startup Cost": 4836.51, "Total Cost": 6529.38, "Plan Rows": 2254, "Plan Width": 8, "Actual Rows": 10453, "Actual Loops": 2, "Inner Unique": false, "Merge Cond": "(u.id = p.owneruserid)", "Workers": [], "Plans": [{"Node Type": "Index Scan", "Parent Relationship": "Outer", "Parallel Aware": false, "Async Capable": false, "Scan Direction": "Forward", "Index Name": "users_pkey", "Relation Name": "users", "Alias": "u", "Startup Cost": 0.29, "Total Cost": 1558.79, "Plan Rows": 40212, "Plan Width": 4, "Actual Rows": 39068, "Actual Loops": 2, "Filter": "((upvotes >= 0) AND (creationdate <= '2014-09-11 20:31:48'::timestamp without time zone))", "Rows Removed by Filter": 0, "Workers": []}, {"Node Type": "Sort", "Parent Relationship": "Inner", "Parallel Aware": false, "Async Capable": false, "Startup Cost": 4836.22, "Total Cost": 4841.96, "Plan Rows": 2295, "Plan Width": 12, "Actual Rows": 10454, "Actual Loops": 2, "Sort Key": ["p.owneruserid"], "Sort Method": "quicksort", "Sort Space Used": 797, "Sort Space Type": "Memory", "Workers": [{"Worker Number": 0, "Sort Method": "quicksort", "Sort Space Used": 797, "Sort Space Type": "Memory"}], "Plans": [{"Node Type": "Merge Join", "Parent Relationship": "Outer", "Parallel Aware": false, "Async Capable": false, "Join Type": "Inner", "Startup Cost": 0.79, "Total Cost": 4708.11, "Plan Rows": 2295, "Plan Width": 12, "Actual Rows": 10581, "Actual Loops": 2, "Inner Unique": false, "Merge Cond": "(p.id = pl.postid)", "Workers": [], "Plans": [{"Node Type": "Index Scan", "Parent Relationship": "Outer", "Parallel Aware": false, "Async Capable": false, "Scan Direction": "Forward", "Index Name": "posts_pkey", "Relation Name": "posts", "Alias": "p", "Startup Cost": 0.29, "Total Cost": 4158.93, "Plan Rows": 19902, "Plan Width": 8, "Actual Rows": 41526, "Actual Loops": 2, "Filter": "((answercount >= 0) AND (creationdate >= '2010-07-21 15:23:53'::timestamp without time zone) AND (creationdate <= '2014-09-11 23:26:14'::timestamp without time zone) AND (posttypeid = 1))", "Rows Removed by Filter": 48124, "Workers": []}, {"Node Type": "Index Scan", "Parent Relationship": "Inner", "Parallel Aware": false, "Async Capable": false, "Scan Direction": "Forward", "Index Name": "idx_postlinks_postid", "Relation Name": "postlinks", "Alias": "pl", "Startup Cost": 0.29, "Total Cost": 450.8, "Plan Rows": 10608, "Plan Width": 4, "Actual Rows": 10607, "Actual Loops": 2, "Filter": "((creationdate >= '2010-11-16 01:27:37'::timestamp without time zone) AND (creationdate <= '2014-08-21 15:25:23'::timestamp without time zone))", "Rows Removed by Filter": 495, "Workers": []}]}]}]}]}]}, {"Node Type": "Index Scan", "Parent Relationship": "Inner", "Parallel Aware": false, "Async Capable": false, "Scan Direction": "Forward", "Index Name": "idx_comments_postid", "Relation Name": "comments", "Alias": "c", "Startup Cost": 0.42, "Total Cost": 5421.24, "Plan Rows": 174305, "Plan Width": 4, "Actual Rows": 187198, "Actual Loops": 2, "Workers": []}]}, {"Node Type": "Index Scan", "Parent Relationship": "Inner", "Parallel Aware": false, "Async Capable": false, "Scan Direction": "Forward", "Index Name": "idx_votes_postid", "Relation Name": "votes", "Alias": "v", "Startup Cost": 0.42, "Total Cost": 12794.42, "Plan Rows": 327011, "Plan Width": 4, "Actual Rows": 529294, "Actual Loops": 2, "Filter": "(creationdate >= '2010-07-21 00:00:00'::timestamp without time zone)", "Rows Removed by Filter": 878, "Workers": []}]}]}]}]}, "Planning Time": 8.237, "Triggers": [], "Execution Time": 598.293}, {"Plan": {"Node Type": "Aggregate", "Strategy": "Plain", "Partial Mode": "Simple", "Parallel Aware": false, "Async Capable": false, "Startup Cost": 12494.48, "Total Cost": 12494.49, "Plan Rows": 1, "Plan Width": 8, "Actual Rows": 1, "Actual Loops": 1, "Plans": [{"Node Type": "Nested Loop", "Parent Relationship": "Outer", "Parallel Aware": false, "Async Capable": false, "Join Type": "Inner", "Startup Cost": 2.14, "Total Cost": 12465.82, "Plan Rows": 11463, "Plan Width": 0, "Actual Rows": 436286, "Actual Loops": 1, "Inner Unique": false, "Join Filter": "(p.id = v.postid)", "Rows Removed by Join Filter": 0, "Plans": [{"Node Type": "Nested Loop", "Parent Relationship": "Outer", "Parallel Aware": false, "Async Capable": false, "Join Type": "Inner", "Startup Cost": 1.72, "Total Cost": 10383.65, "Plan Rows": 3224, "Plan Width": 16, "Actual Rows": 50824, "Actual Loops": 1, "Inner Unique": false, "Join Filter": "(c.postid = p.id)", "Rows Removed by Join Filter": 0, "Plans": [{"Node Type": "Nested Loop", "Parent Relationship": "Outer", "Parallel Aware": false, "Async Capable": false, "Join Type": "Inner", "Startup Cost": 1.3, "Total Cost": 9355.12, "Plan Rows": 1701, "Plan Width": 12, "Actual Rows": 12124, "Actual Loops": 1, "Inner Unique": true, "Plans": [{"Node Type": "Nested Loop", "Parent Relationship": "Outer", "Parallel Aware": false, "Async Capable": false, "Join Type": "Inner", "Startup Cost": 1.01, "Total Cost": 8671.14, "Plan Rows": 1732, "Plan Width": 16, "Actual Rows": 12249, "Actual Loops": 1, "Inner Unique": false, "Plans": [{"Node Type": "Nested Loop", "Parent Relationship": "Outer", "Parallel Aware": false, "Async Capable": false, "Join Type": "Inner", "Startup Cost": 0.59, "Total Cost": 6226.95, "Plan Rows": 2295, "Plan Width": 12, "Actual Rows": 10581, "Actual Loops": 1, "Inner Unique": true, "Plans": [{"Node Type": "Index Scan", "Parent Relationship": "Outer", "Parallel Aware": false, "Async Capable": false, "Scan Direction": "Forward", "Index Name": "idx_postlinks_postid", "Relation Name": "postlinks", "Alias": "pl", "Startup Cost": 0.29, "Total Cost": 450.8, "Plan Rows": 10608, "Plan Width": 4, "Actual Rows": 10607, "Actual Loops": 1, "Filter": "((creationdate >= '2010-11-16 01:27:37'::timestamp without time zone) AND (creationdate <= '2014-08-21 15:25:23'::timestamp without time zone))", "Rows Removed by Filter": 495}, {"Node Type": "Memoize", "Parent Relationship": "Inner", "Parallel Aware": false, "Async Capable": false, "Startup Cost": 0.3, "Total Cost": 0.74, "Plan Rows": 1, "Plan Width": 8, "Actual Rows": 1, "Actual Loops": 10607, "Cache Key": "pl.postid", "Cache Mode": "logical", "Cache Hits": 3337, "Cache Misses": 7270, "Cache Evictions": 0, "Cache Overflows": 0, "Peak Memory Usage": 766, "Plans": [{"Node Type": "Index Scan", "Parent Relationship": "Outer", "Parallel Aware": false, "Async Capable": false, "Scan Direction": "Forward", "Index Name": "posts_pkey", "Relation Name": "posts", "Alias": "p", "Startup Cost": 0.29, "Total Cost": 0.73, "Plan Rows": 1, "Plan Width": 8, "Actual Rows": 1, "Actual Loops": 7270, "Index Cond": "(id = pl.postid)", "Rows Removed by Index Recheck": 0, "Filter": "((answercount >= 0) AND (creationdate >= '2010-07-21 15:23:53'::timestamp without time zone) AND (creationdate <= '2014-09-11 23:26:14'::timestamp without time zone) AND (posttypeid = 1))", "Rows Removed by Filter": 0}]}]}, {"Node Type": "Index Scan", "Parent Relationship": "Inner", "Parallel Aware": false, "Async Capable": false, "Scan Direction": "Forward", "Index Name": "idx_posthistory_postid", "Relation Name": "posthistory", "Alias": "ph", "Startup Cost": 0.42, "Total Cost": 1.06, "Plan Rows": 1, "Plan Width": 4, "Actual Rows": 1, "Actual Loops": 10581, "Index Cond": "(postid = p.id)", "Rows Removed by Index Recheck": 0, "Filter": "(posthistorytypeid = 5)", "Rows Removed by Filter": 5}]}, {"Node Type": "Index Scan", "Parent Relationship": "Inner", "Parallel Aware": false, "Async Capable": false, "Scan Direction": "Forward", "Index Name": "users_pkey", "Relation Name": "users", "Alias": "u", "Startup Cost": 0.29, "Total Cost": 0.39, "Plan Rows": 1, "Plan Width": 4, "Actual Rows": 1, "Actual Loops": 12249, "Index Cond": "(id = p.owneruserid)", "Rows Removed by Index Recheck": 0, "Filter": "((upvotes >= 0) AND (creationdate <= '2014-09-11 20:31:48'::timestamp without time zone))", "Rows Removed by Filter": 0}]}, {"Node Type": "Index Scan", "Parent Relationship": "Inner", "Parallel Aware": false, "Async Capable": false, "Scan Direction": "Forward", "Index Name": "idx_comments_postid", "Relation Name": "comments", "Alias": "c", "Startup Cost": 0.42, "Total Cost": 0.57, "Plan Rows": 3, "Plan Width": 4, "Actual Rows": 4, "Actual Loops": 12124, "Index Cond": "(postid = ph.postid)", "Rows Removed by Index Recheck": 0}]}, {"Node Type": "Index Scan", "Parent Relationship": "Inner", "Parallel Aware": false, "Async Capable": false, "Scan Direction": "Forward", "Index Name": "idx_votes_postid", "Relation Name": "votes", "Alias": "v", "Startup Cost": 0.42, "Total Cost": 0.58, "Plan Rows": 5, "Plan Width": 4, "Actual Rows": 9, "Actual Loops": 50824, "Index Cond": "(postid = c.postid)", "Rows Removed by Index Recheck": 0, "Filter": "(creationdate >= '2010-07-21 00:00:00'::timestamp without time zone)", "Rows Removed by Filter": 0}]}]}, "Planning Time": 5.64, "Triggers": [], "Execution Time": 375.756}, {"Plan": {"Node Type": "Aggregate", "Strategy": "Plain", "Partial Mode": "Simple", "Parallel Aware": false, "Async Capable": false, "Startup Cost": 12292.2, "Total Cost": 12292.21, "Plan Rows": 1, "Plan Width": 8, "Actual Rows": 1, "Actual Loops": 1, "Plans": [{"Node Type": "Nested Loop", "Parent Relationship": "Outer", "Parallel Aware": false, "Async Capable": false, "Join Type": "Inner", "Startup Cost": 1.86, "Total Cost": 12263.55, "Plan Rows": 11463, "Plan Width": 0, "Actual Rows": 436286, "Actual Loops": 1, "Inner Unique": false, "Join Filter": "(p.id = v.postid)", "Rows Removed by Join Filter": 0, "Plans": [{"Node Type": "Nested Loop", "Parent Relationship": "Outer", "Parallel Aware": false, "Async Capable": false, "Join Type": "Inner", "Startup Cost": 1.43, "Total Cost": 10181.37, "Plan Rows": 3224, "Plan Width": 16, "Actual Rows": 50824, "Actual Loops": 1, "Inner Unique": false, "Join Filter": "(c.postid = p.id)", "Rows Removed by Join Filter": 0, "Plans": [{"Node Type": "Nested Loop", "Parent Relationship": "Outer", "Parallel Aware": false, "Async Capable": false, "Join Type": "Inner", "Startup Cost": 1.01, "Total Cost": 9152.84, "Plan Rows": 1701, "Plan Width": 12, "Actual Rows": 12124, "Actual Loops": 1, "Inner Unique": true, "Plans": [{"Node Type": "Nested Loop", "Parent Relationship": "Outer", "Parallel Aware": false, "Async Capable": false, "Join Type": "Inner", "Startup Cost": 0.72, "Total Cost": 8468.87, "Plan Rows": 1732, "Plan Width": 16, "Actual Rows": 12249, "Actual Loops": 1, "Inner Unique": false, "Plans": [{"Node Type": "Nested Loop", "Parent Relationship": "Outer", "Parallel Aware": false, "Async Capable": false, "Join Type": "Inner", "Startup Cost": 0.3, "Total Cost": 6024.68, "Plan Rows": 2295, "Plan Width": 12, "Actual Rows": 10581, "Actual Loops": 1, "Inner Unique": true, "Plans": [{"Node Type": "Seq Scan", "Parent Relationship": "Outer", "Parallel Aware": false, "Async Capable": false, "Relation Name": "postlinks", "Alias": "pl", "Startup Cost": 0.0, "Total Cost": 248.53, "Plan Rows": 10608, "Plan Width": 4, "Actual Rows": 10607, "Actual Loops": 1, "Filter": "((creationdate >= '2010-11-16 01:27:37'::timestamp without time zone) AND (creationdate <= '2014-08-21 15:25:23'::timestamp without time zone))", "Rows Removed by Filter": 495}, {"Node Type": "Memoize", "Parent Relationship": "Inner", "Parallel Aware": false, "Async Capable": false, "Startup Cost": 0.3, "Total Cost": 0.74, "Plan Rows": 1, "Plan Width": 8, "Actual Rows": 1, "Actual Loops": 10607, "Cache Key": "pl.postid", "Cache Mode": "logical", "Cache Hits": 3337, "Cache Misses": 7270, "Cache Evictions": 0, "Cache Overflows": 0, "Peak Memory Usage": 766, "Plans": [{"Node Type": "Index Scan", "Parent Relationship": "Outer", "Parallel Aware": false, "Async Capable": false, "Scan Direction": "Forward", "Index Name": "posts_pkey", "Relation Name": "posts", "Alias": "p", "Startup Cost": 0.29, "Total Cost": 0.73, "Plan Rows": 1, "Plan Width": 8, "Actual Rows": 1, "Actual Loops": 7270, "Index Cond": "(id = pl.postid)", "Rows Removed by Index Recheck": 0, "Filter": "((answercount >= 0) AND (creationdate >= '2010-07-21 15:23:53'::timestamp without time zone) AND (creationdate <= '2014-09-11 23:26:14'::timestamp without time zone) AND (posttypeid = 1))", "Rows Removed by Filter": 0}]}]}, {"Node Type": "Index Scan", "Parent Relationship": "Inner", "Parallel Aware": false, "Async Capable": false, "Scan Direction": "Forward", "Index Name": "idx_posthistory_postid", "Relation Name": "posthistory", "Alias": "ph", "Startup Cost": 0.42, "Total Cost": 1.06, "Plan Rows": 1, "Plan Width": 4, "Actual Rows": 1, "Actual Loops": 10581, "Index Cond": "(postid = p.id)", "Rows Removed by Index Recheck": 0, "Filter": "(posthistorytypeid = 5)", "Rows Removed by Filter": 5}]}, {"Node Type": "Index Scan", "Parent Relationship": "Inner", "Parallel Aware": false, "Async Capable": false, "Scan Direction": "Forward", "Index Name": "users_pkey", "Relation Name": "users", "Alias": "u", "Startup Cost": 0.29, "Total Cost": 0.39, "Plan Rows": 1, "Plan Width": 4, "Actual Rows": 1, "Actual Loops": 12249, "Index Cond": "(id = p.owneruserid)", "Rows Removed by Index Recheck": 0, "Filter": "((upvotes >= 0) AND (creationdate <= '2014-09-11 20:31:48'::timestamp without time zone))", "Rows Removed by Filter": 0}]}, {"Node Type": "Index Scan", "Parent Relationship": "Inner", "Parallel Aware": false, "Async Capable": false, "Scan Direction": "Forward", "Index Name": "idx_comments_postid", "Relation Name": "comments", "Alias": "c", "Startup Cost": 0.42, "Total Cost": 0.57, "Plan Rows": 3, "Plan Width": 4, "Actual Rows": 4, "Actual Loops": 12124, "Index Cond": "(postid = ph.postid)", "Rows Removed by Index Recheck": 0}]}, {"Node Type": "Index Scan", "Parent Relationship": "Inner", "Parallel Aware": false, "Async Capable": false, "Scan Direction": "Forward", "Index Name": "idx_votes_postid", "Relation Name": "votes", "Alias": "v", "Startup Cost": 0.42, "Total Cost": 0.58, "Plan Rows": 5, "Plan Width": 4, "Actual Rows": 9, "Actual Loops": 50824, "Index Cond": "(postid = c.postid)", "Rows Removed by Index Recheck": 0, "Filter": "(creationdate >= '2010-07-21 00:00:00'::timestamp without time zone)", "Rows Removed by Filter": 0}]}]}, "Planning Time": 6.109, "Triggers": [], "Execution Time": 386.634}]