[{"Plan": {"Node Type": "Aggregate", "Strategy": "Plain", "Partial Mode": "Finalize", "Parallel Aware": false, "Async Capable": false, "Startup Cost": 15813.33, "Total Cost": 15813.34, "Plan Rows": 1, "Plan Width": 8, "Actual Rows": 1, "Actual Loops": 1, "Plans": [{"Node Type": "Gather", "Parent Relationship": "Outer", "Parallel Aware": false, "Async Capable": false, "Startup Cost": 15813.22, "Total Cost": 15813.33, "Plan Rows": 1, "Plan Width": 8, "Actual Rows": 2, "Actual Loops": 1, "Workers Planned": 1, "Workers Launched": 1, "Single Copy": false, "Plans": [{"Node Type": "Aggregate", "Strategy": "Plain", "Partial Mode": "Partial", "Parent Relationship": "Outer", "Parallel Aware": false, "Async Capable": false, "Startup Cost": 14813.22, "Total Cost": 14813.23, "Plan Rows": 1, "Plan Width": 8, "Actual Rows": 1, "Actual Loops": 2, "Workers": [], "Plans": [{"Node Type": "Hash Join", "Parent Relationship": "Outer", "Parallel Aware": true, "Async Capable": false, "Join Type": "Inner", "Startup Cost": 7288.73, "Total Cost": 13968.51, "Plan Rows": 337882, "Plan Width": 0, "Actual Rows": 349106, "Actual Loops": 2, "Inner Unique": false, "Hash Cond": "(ph.postid = p.id)", "Workers": [], "Plans": [{"Node Type": "Seq Scan", "Parent Relationship": "Outer", "Parallel Aware": true, "Async Capable": false, "Relation Name": "posthistory", "Alias": "ph", "Startup Cost": 0.0, "Total Cost": 4023.45, "Plan Rows": 178345, "Plan Width": 4, "Actual Rows": 151594, "Actual Loops": 2, "Workers": []}, {"Node Type": "Hash", "Parent Relationship": "Inner", "Parallel Aware": true, "Async Capable": false, "Startup Cost": 6007.47, "Total Cost": 6007.47, "Plan Rows": 102501, "Plan Width": 8, "Actual Rows": 86704, "Actual Loops": 2, "Hash Buckets": 262144, "Original Hash Buckets": 262144, "Hash Batches": 1, "Original Hash Batches": 1, "Peak Memory Usage": 8864, "Workers": [], "Plans": [{"Node Type": "Hash Join", "Parent Relationship": "Outer", "Parallel Aware": false, "Async Capable": false, "Join Type": "Inner", "Startup Cost": 3368.99, "Total Cost": 6007.47, "Plan Rows": 102501, "Plan Width": 8, "Actual Rows": 86704, "Actual Loops": 2, "Inner Unique": true, "Hash Cond": "(c.postid = p.id)", "Workers": [], "Plans": [{"Node Type": "Seq Scan", "Parent Relationship": "Outer", "Parallel Aware": true, "Async Capable": false, "Relation Name": "comments", "Alias": "c", "Startup Cost": 0.0, "Total Cost": 2369.32, "Plan Rows": 102532, "Plan Width": 4, "Actual Rows": 87152, "Actual Loops": 2, "Workers": []}, {"Node Type": "Hash", "Parent Relationship": "Inner", "Parallel Aware": false, "Async Capable": false, "Startup Cost": 2219.64, "Total Cost": 2219.64, "Plan Rows": 91948, "Plan Width": 4, "Actual Rows": 91948, "Actual Loops": 2, "Hash Buckets": 131072, "Original Hash Buckets": 131072, "Hash Batches": 1, "Original Hash Batches": 1, "Peak Memory Usage": 4257, "Workers": [], "Plans": [{"Node Type": "Seq Scan", "Parent Relationship": "Outer", "Parallel Aware": false, "Async Capable": false, "Relation Name": "posts", "Alias": "p", "Startup Cost": 0.0, "Total Cost": 2219.64, "Plan Rows": 91948, "Plan Width": 4, "Actual Rows": 91948, "Actual Loops": 2, "Filter": "((commentcount >= 0) AND (commentcount <= 25))", "Rows Removed by Filter": 28, "Workers": []}]}]}]}]}]}]}]}, "Planning Time": 3.893, "Triggers": [], "Execution Time": 305.738}, {"Plan": {"Node Type": "Aggregate", "Strategy": "Plain", "Partial Mode": "Simple", "Parallel Aware": false, "Async Capable": false, "Startup Cost": 30000249841.5, "Total Cost": 30000249841.51, "Plan Rows": 1, "Plan Width": 8, "Actual Rows": 1, "Actual Loops": 1, "Plans": [{"Node Type": "Hash Join", "Parent Relationship": "Outer", "Parallel Aware": false, "Async Capable": false, "Join Type": "Inner", "Startup Cost": 30000234530.02, "Total Cost": 30000248405.5, "Plan Rows": 574399, "Plan Width": 0, "Actual Rows": 698213, "Actual Loops": 1, "Inner Unique": false, "Hash Cond": "(ph.postid = p.id)", "Plans": [{"Node Type": "Index Only Scan", "Parent Relationship": "Outer", "Parallel Aware": false, "Async Capable": false, "Scan Direction": "Forward", "Index Name": "idx_posthistory_postid", "Relation Name": "posthistory", "Alias": "ph", "Startup Cost": 10000000000.42, "Total Cost": 10000006615.98, "Plan Rows": 303187, "Plan Width": 4, "Actual Rows": 303187, "Actual Loops": 1, "Heap Fetches": 0}, {"Node Type": "Hash", "Parent Relationship": "Inner", "Parallel Aware": false, "Async Capable": false, "Startup Cost": 20000232351.45, "Total Cost": 20000232351.45, "Plan Rows": 174252, "Plan Width": 8, "Actual Rows": 173407, "Actual Loops": 1, "Hash Buckets": 262144, "Original Hash Buckets": 262144, "Hash Batches": 1, "Original Hash Batches": 1, "Peak Memory Usage": 8822, "Plans": [{"Node Type": "Nested Loop", "Parent Relationship": "Outer", "Parallel Aware": false, "Async Capable": false, "Join Type": "Inner", "Startup Cost": 20000000000.74, "Total Cost": 20000232351.45, "Plan Rows": 174252, "Plan Width": 8, "Actual Rows": 173407, "Actual Loops": 1, "Inner Unique": true, "Plans": [{"Node Type": "Index Only Scan", "Parent Relationship": "Outer", "Parallel Aware": false, "Async Capable": false, "Scan Direction": "Forward", "Index Name": "idx_comments_postid", "Relation Name": "comments", "Alias": "c", "Startup Cost": 10000000000.42, "Total Cost": 10000003889.15, "Plan Rows": 174305, "Plan Width": 4, "Actual Rows": 174305, "Actual Loops": 1, "Heap Fetches": 0}, {"Node Type": "Memoize", "Parent Relationship": "Inner", "Parallel Aware": false, "Async Capable": false, "Startup Cost": 0.32, "Total Cost": 4.33, "Plan Rows": 1, "Plan Width": 4, "Actual Rows": 1, "Actual Loops": 174305, "Cache Key": "c.postid", "Cache Mode": "logical", "Cache Hits": 120887, "Cache Misses": 53418, "Cache Evictions": 0, "Cache Overflows": 0, "Peak Memory Usage": 5425, "Plans": [{"Node Type": "Bitmap Heap Scan", "Parent Relationship": "Outer", "Parallel Aware": false, "Async Capable": false, "Relation Name": "posts", "Alias": "p", "Startup Cost": 0.31, "Total Cost": 4.32, "Plan Rows": 1, "Plan Width": 4, "Actual Rows": 1, "Actual Loops": 53418, "Recheck Cond": "(c.postid = id)", "Rows Removed by Index Recheck": 0, "Filter": "((commentcount >= 0) AND (commentcount <= 25))", "Rows Removed by Filter": 0, "Exact Heap Blocks": 53418, "Lossy Heap Blocks": 0, "Plans": [{"Node Type": "Bitmap Index Scan", "Parent Relationship": "Outer", "Parallel Aware": false, "Async Capable": false, "Index Name": "posts_pkey", "Startup Cost": 0.0, "Total Cost": 0.31, "Plan Rows": 1, "Plan Width": 0, "Actual Rows": 1, "Actual Loops": 53418, "Index Cond": "(id = c.postid)"}]}]}]}]}]}]}, "Planning Time": 1.537, "Triggers": [], "Execution Time": 426.31}, {"Plan": {"Node Type": "Aggregate", "Strategy": "Plain", "Partial Mode": "Finalize", "Parallel Aware": false, "Async Capable": false, "Startup Cost": 16735.87, "Total Cost": 16735.88, "Plan Rows": 1, "Plan Width": 8, "Actual Rows": 1, "Actual Loops": 1, "Plans": [{"Node Type": "Gather", "Parent Relationship": "Outer", "Parallel Aware": false, "Async Capable": false, "Startup Cost": 16735.66, "Total Cost": 16735.87, "Plan Rows": 2, "Plan Width": 8, "Actual Rows": 3, "Actual Loops": 1, "Workers Planned": 2, "Workers Launched": 2, "Single Copy": false, "Plans": [{"Node Type": "Aggregate", "Strategy": "Plain", "Partial Mode": "Partial", "Parent Relationship": "Outer", "Parallel Aware": false, "Async Capable": false, "Startup Cost": 15735.66, "Total Cost": 15735.67, "Plan Rows": 1, "Plan Width": 8, "Actual Rows": 1, "Actual Loops": 3, "Workers": [], "Plans": [{"Node Type": "Hash Join", "Parent Relationship": "Outer", "Parallel Aware": true, "Async Capable": false, "Join Type": "Inner", "Startup Cost": 8819.41, "Total Cost": 15137.32, "Plan Rows": 239333, "Plan Width": 0, "Actual Rows": 232738, "Actual Loops": 3, "Inner Unique": false, "Hash Cond": "(ph.postid = p.id)", "Workers": [], "Plans": [{"Node Type": "Index Only Scan", "Parent Relationship": "Outer", "Parallel Aware": true, "Async Capable": false, "Scan Direction": "Forward", "Index Name": "idx_posthistory_postid", "Relation Name": "posthistory", "Alias": "ph", "Startup Cost": 0.42, "Total Cost": 4847.39, "Plan Rows": 126328, "Plan Width": 4, "Actual Rows": 101062, "Actual Loops": 3, "Heap Fetches": 0, "Workers": []}, {"Node Type": "Hash", "Parent Relationship": "Inner", "Parallel Aware": true, "Async Capable": false, "Startup Cost": 7911.42, "Total Cost": 7911.42, "Plan Rows": 72605, "Plan Width": 8, "Actual Rows": 57802, "Actual Loops": 3, "Hash Buckets": 262144, "Original Hash Buckets": 262144, "Hash Batches": 1, "Original Hash Batches": 1, "Peak Memory Usage": 8896, "Workers": [], "Plans": [{"Node Type": "Hash Join", "Parent Relationship": "Outer", "Parallel Aware": false, "Async Capable": false, "Join Type": "Inner", "Startup Cost": 4848.82, "Total Cost": 7911.42, "Plan Rows": 72605, "Plan Width": 8, "Actual Rows": 57802, "Actual Loops": 3, "Inner Unique": true, "Hash Cond": "(c.postid = p.id)", "Workers": [], "Plans": [{"Node Type": "Index Only Scan", "Parent Relationship": "Outer", "Parallel Aware": true, "Async Capable": false, "Scan Direction": "Forward", "Index Name": "idx_comments_postid", "Relation Name": "comments", "Alias": "c", "Startup Cost": 0.42, "Total Cost": 2872.37, "Plan Rows": 72627, "Plan Width": 4, "Actual Rows": 58102, "Actual Loops": 3, "Heap Fetches": 0, "Workers": []}, {"Node Type": "Hash", "Parent Relationship": "Inner", "Parallel Aware": false, "Async Capable": false, "Startup Cost": 3699.05, "Total Cost": 3699.05, "Plan Rows": 91948, "Plan Width": 4, "Actual Rows": 91948, "Actual Loops": 3, "Hash Buckets": 131072, "Original Hash Buckets": 131072, "Hash Batches": 1, "Original Hash Batches": 1, "Peak Memory Usage": 4257, "Workers": [], "Plans": [{"Node Type": "Index Scan", "Parent Relationship": "Outer", "Parallel Aware": false, "Async Capable": false, "Scan Direction": "Forward", "Index Name": "posts_pkey", "Relation Name": "posts", "Alias": "p", "Startup Cost": 0.29, "Total Cost": 3699.05, "Plan Rows": 91948, "Plan Width": 4, "Actual Rows": 91948, "Actual Loops": 3, "Filter": "((commentcount >= 0) AND (commentcount <= 25))", "Rows Removed by Filter": 28, "Workers": []}]}]}]}]}]}]}]}, "Planning Time": 1.442, "Triggers": [], "Execution Time": 159.729}, {"Plan": {"Node Type": "Aggregate", "Strategy": "Plain", "Partial Mode": "Finalize", "Parallel Aware": false, "Async Capable": false, "Startup Cost": 16533.27, "Total Cost": 16533.28, "Plan Rows": 1, "Plan Width": 8, "Actual Rows": 1, "Actual Loops": 1, "Plans": [{"Node Type": "Gather", "Parent Relationship": "Outer", "Parallel Aware": false, "Async Capable": false, "Startup Cost": 16533.05, "Total Cost": 16533.26, "Plan Rows": 2, "Plan Width": 8, "Actual Rows": 3, "Actual Loops": 1, "Workers Planned": 2, "Workers Launched": 2, "Single Copy": false, "Plans": [{"Node Type": "Aggregate", "Strategy": "Plain", "Partial Mode": "Partial", "Parent Relationship": "Outer", "Parallel Aware": false, "Async Capable": false, "Startup Cost": 15533.05, "Total Cost": 15533.06, "Plan Rows": 1, "Plan Width": 8, "Actual Rows": 1, "Actual Loops": 3, "Workers": [], "Plans": [{"Node Type": "Hash Join", "Parent Relationship": "Outer", "Parallel Aware": true, "Async Capable": false, "Join Type": "Inner", "Startup Cost": 8616.8, "Total Cost": 14934.72, "Plan Rows": 239333, "Plan Width": 0, "Actual Rows": 232738, "Actual Loops": 3, "Inner Unique": false, "Hash Cond": "(ph.postid = p.id)", "Workers": [], "Plans": [{"Node Type": "Index Only Scan", "Parent Relationship": "Outer", "Parallel Aware": true, "Async Capable": false, "Scan Direction": "Forward", "Index Name": "idx_posthistory_postid", "Relation Name": "posthistory", "Alias": "ph", "Startup Cost": 0.42, "Total Cost": 4847.39, "Plan Rows": 126328, "Plan Width": 4, "Actual Rows": 101062, "Actual Loops": 3, "Heap Fetches": 0, "Workers": []}, {"Node Type": "Hash", "Parent Relationship": "Inner", "Parallel Aware": true, "Async Capable": false, "Startup Cost": 7708.82, "Total Cost": 7708.82, "Plan Rows": 72605, "Plan Width": 8, "Actual Rows": 57802, "Actual Loops": 3, "Hash Buckets": 262144, "Original Hash Buckets": 262144, "Hash Batches": 1, "Original Hash Batches": 1, "Peak Memory Usage": 8896, "Workers": [], "Plans": [{"Node Type": "Merge Join", "Parent Relationship": "Outer", "Parallel Aware": false, "Async Capable": false, "Join Type": "Inner", "Startup Cost": 0.71, "Total Cost": 7708.82, "Plan Rows": 72605, "Plan Width": 8, "Actual Rows": 57802, "Actual Loops": 3, "Inner Unique": true, "Merge Cond": "(c.postid = p.id)", "Workers": [], "Plans": [{"Node Type": "Index Only Scan", "Parent Relationship": "Outer", "Parallel Aware": true, "Async Capable": false, "Scan Direction": "Forward", "Index Name": "idx_comments_postid", "Relation Name": "comments", "Alias": "c", "Startup Cost": 0.42, "Total Cost": 2872.37, "Plan Rows": 72627, "Plan Width": 4, "Actual Rows": 58102, "Actual Loops": 3, "Heap Fetches": 0, "Workers": []}, {"Node Type": "Index Scan", "Parent Relationship": "Inner", "Parallel Aware": false, "Async Capable": false, "Scan Direction": "Forward", "Index Name": "posts_pkey", "Relation Name": "posts", "Alias": "p", "Startup Cost": 0.29, "Total Cost": 3699.05, "Plan Rows": 91948, "Plan Width": 4, "Actual Rows": 91673, "Actual Loops": 3, "Filter": "((commentcount >= 0) AND (commentcount <= 25))", "Rows Removed by Filter": 28, "Workers": []}]}]}]}]}]}]}, "Planning Time": 1.632, "Triggers": [], "Execution Time": 127.43}, {"Plan": {"Node Type": "Aggregate", "Strategy": "Plain", "Partial Mode": "Simple", "Parallel Aware": false, "Async Capable": false, "Startup Cost": 30000027099.73, "Total Cost": 30000027099.74, "Plan Rows": 1, "Plan Width": 8, "Actual Rows": 1, "Actual Loops": 1, "Plans": [{"Node Type": "Merge Join", "Parent Relationship": "Outer", "Parallel Aware": false, "Async Capable": false, "Join Type": "Inner", "Startup Cost": 30000000001.14, "Total Cost": 30000025663.74, "Plan Rows": 574399, "Plan Width": 0, "Actual Rows": 698213, "Actual Loops": 1, "Inner Unique": false, "Merge Cond": "(p.id = ph.postid)", "Plans": [{"Node Type": "Merge Join", "Parent Relationship": "Outer", "Parallel Aware": false, "Async Capable": false, "Join Type": "Inner", "Startup Cost": 20000000000.71, "Total Cost": 20000009996.26, "Plan Rows": 174252, "Plan Width": 8, "Actual Rows": 173407, "Actual Loops": 1, "Inner Unique": true, "Merge Cond": "(c.postid = p.id)", "Plans": [{"Node Type": "Index Only Scan", "Parent Relationship": "Outer", "Parallel Aware": false, "Async Capable": false, "Scan Direction": "Forward", "Index Name": "idx_comments_postid", "Relation Name": "comments", "Alias": "c", "Startup Cost": 10000000000.42, "Total Cost": 10000003889.15, "Plan Rows": 174305, "Plan Width": 4, "Actual Rows": 174305, "Actual Loops": 1, "Heap Fetches": 0}, {"Node Type": "Index Scan", "Parent Relationship": "Inner", "Parallel Aware": false, "Async Capable": false, "Scan Direction": "Forward", "Index Name": "posts_pkey", "Relation Name": "posts", "Alias": "p", "Startup Cost": 10000000000.29, "Total Cost": 10000003699.05, "Plan Rows": 91948, "Plan Width": 4, "Actual Rows": 91946, "Actual Loops": 1, "Filter": "((commentcount >= 0) AND (commentcount <= 25))", "Rows Removed by Filter": 28}]}, {"Node Type": "Materialize", "Parent Relationship": "Inner", "Parallel Aware": false, "Async Capable": false, "Startup Cost": 10000000000.42, "Total Cost": 10000007373.94, "Plan Rows": 303187, "Plan Width": 4, "Actual Rows": 808299, "Actual Loops": 1, "Plans": [{"Node Type": "Index Only Scan", "Parent Relationship": "Outer", "Parallel Aware": false, "Async Capable": false, "Scan Direction": "Forward", "Index Name": "idx_posthistory_postid", "Relation Name": "posthistory", "Alias": "ph", "Startup Cost": 10000000000.42, "Total Cost": 10000006615.98, "Plan Rows": 303187, "Plan Width": 4, "Actual Rows": 303184, "Actual Loops": 1, "Heap Fetches": 0}]}]}]}, "Planning Time": 1.873, "Triggers": [], "Execution Time": 180.153}, {"Plan": {"Node Type": "Aggregate", "Strategy": "Plain", "Partial Mode": "Simple", "Parallel Aware": false, "Async Capable": false, "Startup Cost": 10000480459.24, "Total Cost": 10000480459.25, "Plan Rows": 1, "Plan Width": 8, "Actual Rows": 1, "Actual Loops": 1, "Plans": [{"Node Type": "Nested Loop", "Parent Relationship": "Outer", "Parallel Aware": false, "Async Capable": false, "Join Type": "Inner", "Startup Cost": 10000000001.21, "Total Cost": 10000479023.24, "Plan Rows": 574399, "Plan Width": 0, "Actual Rows": 698213, "Actual Loops": 1, "Inner Unique": false, "Join Filter": "(p.id = ph.postid)", "Rows Removed by Join Filter": 0, "Plans": [{"Node Type": "Nested Loop", "Parent Relationship": "Outer", "Parallel Aware": false, "Async Capable": false, "Join Type": "Inner", "Startup Cost": 10000000000.74, "Total Cost": 10000232351.45, "Plan Rows": 174252, "Plan Width": 8, "Actual Rows": 173407, "Actual Loops": 1, "Inner Unique": true, "Plans": [{"Node Type": "Index Only Scan", "Parent Relationship": "Outer", "Parallel Aware": false, "Async Capable": false, "Scan Direction": "Forward", "Index Name": "idx_comments_postid", "Relation Name": "comments", "Alias": "c", "Startup Cost": 10000000000.42, "Total Cost": 10000003889.15, "Plan Rows": 174305, "Plan Width": 4, "Actual Rows": 174305, "Actual Loops": 1, "Heap Fetches": 0}, {"Node Type": "Memoize", "Parent Relationship": "Inner", "Parallel Aware": false, "Async Capable": false, "Startup Cost": 0.32, "Total Cost": 4.33, "Plan Rows": 1, "Plan Width": 4, "Actual Rows": 1, "Actual Loops": 174305, "Cache Key": "c.postid", "Cache Mode": "logical", "Cache Hits": 120887, "Cache Misses": 53418, "Cache Evictions": 0, "Cache Overflows": 0, "Peak Memory Usage": 5425, "Plans": [{"Node Type": "Bitmap Heap Scan", "Parent Relationship": "Outer", "Parallel Aware": false, "Async Capable": false, "Relation Name": "posts", "Alias": "p", "Startup Cost": 0.31, "Total Cost": 4.32, "Plan Rows": 1, "Plan Width": 4, "Actual Rows": 1, "Actual Loops": 53418, "Recheck Cond": "(c.postid = id)", "Rows Removed by Index Recheck": 0, "Filter": "((commentcount >= 0) AND (commentcount <= 25))", "Rows Removed by Filter": 0, "Exact Heap Blocks": 53418, "Lossy Heap Blocks": 0, "Plans": [{"Node Type": "Bitmap Index Scan", "Parent Relationship": "Outer", "Parallel Aware": false, "Async Capable": false, "Index Name": "posts_pkey", "Startup Cost": 0.0, "Total Cost": 0.31, "Plan Rows": 1, "Plan Width": 0, "Actual Rows": 1, "Actual Loops": 53418, "Index Cond": "(id = c.postid)"}]}]}]}, {"Node Type": "Memoize", "Parent Relationship": "Inner", "Parallel Aware": false, "Async Capable": false, "Startup Cost": 0.48, "Total Cost": 4.53, "Plan Rows": 4, "Plan Width": 4, "Actual Rows": 4, "Actual Loops": 173407, "Cache Key": "c.postid", "Cache Mode": "logical", "Cache Hits": 120017, "Cache Misses": 53390, "Cache Evictions": 0, "Cache Overflows": 0, "Peak Memory Usage": 10335, "Plans": [{"Node Type": "Bitmap Heap Scan", "Parent Relationship": "Outer", "Parallel Aware": false, "Async Capable": false, "Relation Name": "posthistory", "Alias": "ph", "Startup Cost": 0.47, "Total Cost": 4.52, "Plan Rows": 4, "Plan Width": 4, "Actual Rows": 4, "Actual Loops": 53390, "Recheck Cond": "(c.postid = postid)", "Rows Removed by Index Recheck": 0, "Exact Heap Blocks": 77463, "Lossy Heap Blocks": 0, "Plans": [{"Node Type": "Bitmap Index Scan", "Parent Relationship": "Outer", "Parallel Aware": false, "Async Capable": false, "Index Name": "idx_posthistory_postid", "Startup Cost": 0.0, "Total Cost": 0.46, "Plan Rows": 4, "Plan Width": 0, "Actual Rows": 4, "Actual Loops": 53390, "Index Cond": "(postid = c.postid)"}]}]}]}]}, "Planning Time": 1.877, "Triggers": [], "Execution Time": 707.091}, {"Plan": {"Node Type": "Aggregate", "Strategy": "Plain", "Partial Mode": "Finalize", "Parallel Aware": false, "Async Capable": false, "Startup Cost": 23428.56, "Total Cost": 23428.57, "Plan Rows": 1, "Plan Width": 8, "Actual Rows": 1, "Actual Loops": 1, "Plans": [{"Node Type": "Gather", "Parent Relationship": "Outer", "Parallel Aware": false, "Async Capable": false, "Startup Cost": 23428.45, "Total Cost": 23428.56, "Plan Rows": 1, "Plan Width": 8, "Actual Rows": 2, "Actual Loops": 1, "Workers Planned": 1, "Workers Launched": 1, "Single Copy": false, "Plans": [{"Node Type": "Aggregate", "Strategy": "Plain", "Partial Mode": "Partial", "Parent Relationship": "Outer", "Parallel Aware": false, "Async Capable": false, "Startup Cost": 22428.45, "Total Cost": 22428.46, "Plan Rows": 1, "Plan Width": 8, "Actual Rows": 1, "Actual Loops": 2, "Workers": [], "Plans": [{"Node Type": "Hash Join", "Parent Relationship": "Outer", "Parallel Aware": true, "Async Capable": false, "Join Type": "Inner", "Startup Cost": 11102.75, "Total Cost": 21583.74, "Plan Rows": 337882, "Plan Width": 0, "Actual Rows": 349106, "Actual Loops": 2, "Inner Unique": false, "Hash Cond": "(ph.postid = p.id)", "Workers": [], "Plans": [{"Node Type": "Index Scan", "Parent Relationship": "Outer", "Parallel Aware": true, "Async Capable": false, "Scan Direction": "Forward", "Index Name": "idx_posthistory_postid", "Relation Name": "posthistory", "Alias": "ph", "Startup Cost": 0.42, "Total Cost": 7825.09, "Plan Rows": 178345, "Plan Width": 4, "Actual Rows": 151594, "Actual Loops": 2, "Workers": []}, {"Node Type": "Hash", "Parent Relationship": "Inner", "Parallel Aware": true, "Async Capable": false, "Startup Cost": 9821.07, "Total Cost": 9821.07, "Plan Rows": 102501, "Plan Width": 8, "Actual Rows": 86704, "Actual Loops": 2, "Hash Buckets": 262144, "Original Hash Buckets": 262144, "Hash Batches": 1, "Original Hash Batches": 1, "Peak Memory Usage": 8864, "Workers": [], "Plans": [{"Node Type": "Hash Join", "Parent Relationship": "Outer", "Parallel Aware": false, "Async Capable": false, "Join Type": "Inner", "Startup Cost": 4848.82, "Total Cost": 9821.07, "Plan Rows": 102501, "Plan Width": 8, "Actual Rows": 86704, "Actual Loops": 2, "Inner Unique": true, "Hash Cond": "(c.postid = p.id)", "Workers": [], "Plans": [{"Node Type": "Index Scan", "Parent Relationship": "Outer", "Parallel Aware": true, "Async Capable": false, "Scan Direction": "Forward", "Index Name": "idx_comments_postid", "Relation Name": "comments", "Alias": "c", "Startup Cost": 0.42, "Total Cost": 4703.51, "Plan Rows": 102532, "Plan Width": 4, "Actual Rows": 87152, "Actual Loops": 2, "Workers": []}, {"Node Type": "Hash", "Parent Relationship": "Inner", "Parallel Aware": false, "Async Capable": false, "Startup Cost": 3699.05, "Total Cost": 3699.05, "Plan Rows": 91948, "Plan Width": 4, "Actual Rows": 91948, "Actual Loops": 2, "Hash Buckets": 131072, "Original Hash Buckets": 131072, "Hash Batches": 1, "Original Hash Batches": 1, "Peak Memory Usage": 4257, "Workers": [], "Plans": [{"Node Type": "Index Scan", "Parent Relationship": "Outer", "Parallel Aware": false, "Async Capable": false, "Scan Direction": "Forward", "Index Name": "posts_pkey", "Relation Name": "posts", "Alias": "p", "Startup Cost": 0.29, "Total Cost": 3699.05, "Plan Rows": 91948, "Plan Width": 4, "Actual Rows": 91948, "Actual Loops": 2, "Filter": "((commentcount >= 0) AND (commentcount <= 25))", "Rows Removed by Filter": 28, "Workers": []}]}]}]}]}]}]}]}, "Planning Time": 2.758, "Triggers": [], "Execution Time": 413.917}, {"Plan": {"Node Type": "Aggregate", "Strategy": "Plain", "Partial Mode": "Finalize", "Parallel Aware": false, "Async Capable": false, "Startup Cost": 23521.18, "Total Cost": 23521.19, "Plan Rows": 1, "Plan Width": 8, "Actual Rows": 1, "Actual Loops": 1, "Plans": [{"Node Type": "Gather", "Parent Relationship": "Outer", "Parallel Aware": false, "Async Capable": false, "Startup Cost": 23521.07, "Total Cost": 23521.18, "Plan Rows": 1, "Plan Width": 8, "Actual Rows": 2, "Actual Loops": 1, "Workers Planned": 1, "Workers Launched": 1, "Single Copy": false, "Plans": [{"Node Type": "Aggregate", "Strategy": "Plain", "Partial Mode": "Partial", "Parent Relationship": "Outer", "Parallel Aware": false, "Async Capable": false, "Startup Cost": 22521.07, "Total Cost": 22521.08, "Plan Rows": 1, "Plan Width": 8, "Actual Rows": 1, "Actual Loops": 2, "Workers": [], "Plans": [{"Node Type": "Hash Join", "Parent Relationship": "Outer", "Parallel Aware": true, "Async Capable": false, "Join Type": "Inner", "Startup Cost": 11195.37, "Total Cost": 21676.36, "Plan Rows": 337882, "Plan Width": 0, "Actual Rows": 349106, "Actual Loops": 2, "Inner Unique": false, "Hash Cond": "(ph.postid = p.id)", "Workers": [], "Plans": [{"Node Type": "Index Scan", "Parent Relationship": "Outer", "Parallel Aware": true, "Async Capable": false, "Scan Direction": "Forward", "Index Name": "idx_posthistory_postid", "Relation Name": "posthistory", "Alias": "ph", "Startup Cost": 0.42, "Total Cost": 7825.09, "Plan Rows": 178345, "Plan Width": 4, "Actual Rows": 151594, "Actual Loops": 2, "Workers": []}, {"Node Type": "Hash", "Parent Relationship": "Inner", "Parallel Aware": true, "Async Capable": false, "Startup Cost": 9913.69, "Total Cost": 9913.69, "Plan Rows": 102501, "Plan Width": 8, "Actual Rows": 86704, "Actual Loops": 2, "Hash Buckets": 262144, "Original Hash Buckets": 262144, "Hash Batches": 1, "Original Hash Batches": 1, "Peak Memory Usage": 8864, "Workers": [], "Plans": [{"Node Type": "Merge Join", "Parent Relationship": "Outer", "Parallel Aware": false, "Async Capable": false, "Join Type": "Inner", "Startup Cost": 0.71, "Total Cost": 9913.69, "Plan Rows": 102501, "Plan Width": 8, "Actual Rows": 86704, "Actual Loops": 2, "Inner Unique": true, "Merge Cond": "(c.postid = p.id)", "Workers": [], "Plans": [{"Node Type": "Index Scan", "Parent Relationship": "Outer", "Parallel Aware": true, "Async Capable": false, "Scan Direction": "Forward", "Index Name": "idx_comments_postid", "Relation Name": "comments", "Alias": "c", "Startup Cost": 0.42, "Total Cost": 4703.51, "Plan Rows": 102532, "Plan Width": 4, "Actual Rows": 87152, "Actual Loops": 2, "Workers": []}, {"Node Type": "Index Scan", "Parent Relationship": "Inner", "Parallel Aware": false, "Async Capable": false, "Scan Direction": "Forward", "Index Name": "posts_pkey", "Relation Name": "posts", "Alias": "p", "Startup Cost": 0.29, "Total Cost": 3699.05, "Plan Rows": 91948, "Plan Width": 4, "Actual Rows": 91838, "Actual Loops": 2, "Filter": "((commentcount >= 0) AND (commentcount <= 25))", "Rows Removed by Filter": 28, "Workers": []}]}]}]}]}]}]}, "Planning Time": 3.812, "Triggers": [], "Execution Time": 368.073}, {"Plan": {"Node Type": "Aggregate", "Strategy": "Plain", "Partial Mode": "Finalize", "Parallel Aware": false, "Async Capable": false, "Startup Cost": 19256.04, "Total Cost": 19256.05, "Plan Rows": 1, "Plan Width": 8, "Actual Rows": 1, "Actual Loops": 1, "Plans": [{"Node Type": "Gather", "Parent Relationship": "Outer", "Parallel Aware": false, "Async Capable": false, "Startup Cost": 19255.83, "Total Cost": 19256.04, "Plan Rows": 2, "Plan Width": 8, "Actual Rows": 3, "Actual Loops": 1, "Workers Planned": 2, "Workers Launched": 2, "Single Copy": false, "Plans": [{"Node Type": "Aggregate", "Strategy": "Plain", "Partial Mode": "Partial", "Parent Relationship": "Outer", "Parallel Aware": false, "Async Capable": false, "Startup Cost": 18255.83, "Total Cost": 18255.84, "Plan Rows": 1, "Plan Width": 8, "Actual Rows": 1, "Actual Loops": 3, "Workers": [], "Plans": [{"Node Type": "Merge Join", "Parent Relationship": "Outer", "Parallel Aware": false, "Async Capable": false, "Join Type": "Inner", "Startup Cost": 1.13, "Total Cost": 17657.5, "Plan Rows": 239333, "Plan Width": 0, "Actual Rows": 232738, "Actual Loops": 3, "Inner Unique": false, "Merge Cond": "(p.id = ph.postid)", "Workers": [], "Plans": [{"Node Type": "Merge Join", "Parent Relationship": "Outer", "Parallel Aware": false, "Async Capable": false, "Join Type": "Inner", "Startup Cost": 0.71, "Total Cost": 7708.82, "Plan Rows": 72605, "Plan Width": 8, "Actual Rows": 57802, "Actual Loops": 3, "Inner Unique": true, "Merge Cond": "(c.postid = p.id)", "Workers": [], "Plans": [{"Node Type": "Index Only Scan", "Parent Relationship": "Outer", "Parallel Aware": true, "Async Capable": false, "Scan Direction": "Forward", "Index Name": "idx_comments_postid", "Relation Name": "comments", "Alias": "c", "Startup Cost": 0.42, "Total Cost": 2872.37, "Plan Rows": 72627, "Plan Width": 4, "Actual Rows": 58102, "Actual Loops": 3, "Heap Fetches": 0, "Workers": []}, {"Node Type": "Index Scan", "Parent Relationship": "Inner", "Parallel Aware": false, "Async Capable": false, "Scan Direction": "Forward", "Index Name": "posts_pkey", "Relation Name": "posts", "Alias": "p", "Startup Cost": 0.29, "Total Cost": 3699.05, "Plan Rows": 91948, "Plan Width": 4, "Actual Rows": 91673, "Actual Loops": 3, "Filter": "((commentcount >= 0) AND (commentcount <= 25))", "Rows Removed by Filter": 28, "Workers": []}]}, {"Node Type": "Index Only Scan", "Parent Relationship": "Inner", "Parallel Aware": false, "Async Capable": false, "Scan Direction": "Forward", "Index Name": "idx_posthistory_postid", "Relation Name": "posthistory", "Alias": "ph", "Startup Cost": 0.42, "Total Cost": 6615.98, "Plan Rows": 303187, "Plan Width": 4, "Actual Rows": 470721, "Actual Loops": 3, "Heap Fetches": 0, "Workers": []}]}]}]}]}, "Planning Time": 2.111, "Triggers": [], "Execution Time": 105.639}, {"Plan": {"Node Type": "Aggregate", "Strategy": "Plain", "Partial Mode": "Finalize", "Parallel Aware": false, "Async Capable": false, "Startup Cost": 55343.44, "Total Cost": 55343.45, "Plan Rows": 1, "Plan Width": 8, "Actual Rows": 1, "Actual Loops": 1, "Plans": [{"Node Type": "Gather", "Parent Relationship": "Outer", "Parallel Aware": false, "Async Capable": false, "Startup Cost": 55343.22, "Total Cost": 55343.43, "Plan Rows": 2, "Plan Width": 8, "Actual Rows": 3, "Actual Loops": 1, "Workers Planned": 2, "Workers Launched": 2, "Single Copy": false, "Plans": [{"Node Type": "Aggregate", "Strategy": "Plain", "Partial Mode": "Partial", "Parent Relationship": "Outer", "Parallel Aware": false, "Async Capable": false, "Startup Cost": 54343.22, "Total Cost": 54343.23, "Plan Rows": 1, "Plan Width": 8, "Actual Rows": 1, "Actual Loops": 3, "Workers": [], "Plans": [{"Node Type": "Nested Loop", "Parent Relationship": "Outer", "Parallel Aware": false, "Async Capable": false, "Join Type": "Inner", "Startup Cost": 1.15, "Total Cost": 53744.89, "Plan Rows": 239333, "Plan Width": 0, "Actual Rows": 232738, "Actual Loops": 3, "Inner Unique": false, "Join Filter": "(p.id = ph.postid)", "Rows Removed by Join Filter": 0, "Workers": [], "Plans": [{"Node Type": "Nested Loop", "Parent Relationship": "Outer", "Parallel Aware": false, "Async Capable": false, "Join Type": "Inner", "Startup Cost": 0.72, "Total Cost": 22316.77, "Plan Rows": 72605, "Plan Width": 8, "Actual Rows": 57802, "Actual Loops": 3, "Inner Unique": true, "Workers": [], "Plans": [{"Node Type": "Index Only Scan", "Parent Relationship": "Outer", "Parallel Aware": true, "Async Capable": false, "Scan Direction": "Forward", "Index Name": "idx_comments_postid", "Relation Name": "comments", "Alias": "c", "Startup Cost": 0.42, "Total Cost": 2872.37, "Plan Rows": 72627, "Plan Width": 4, "Actual Rows": 58102, "Actual Loops": 3, "Heap Fetches": 0, "Workers": []}, {"Node Type": "Memoize", "Parent Relationship": "Inner", "Parallel Aware": false, "Async Capable": false, "Startup Cost": 0.3, "Total Cost": 0.35, "Plan Rows": 1, "Plan Width": 4, "Actual Rows": 1, "Actual Loops": 174305, "Cache Key": "c.postid", "Cache Mode": "logical", "Cache Hits": 46202, "Cache Misses": 20826, "Cache Evictions": 0, "Cache Overflows": 0, "Peak Memory Usage": 2115, "Workers": [{"Worker Number": 0, "Cache Hits": 39280, "Cache Misses": 17298, "Cache Evictions": 0, "Cache Overflows": 0, "Peak Memory Usage": 1757}, {"Worker Number": 1, "Cache Hits": 35405, "Cache Misses": 15294, "Cache Evictions": 0, "Cache Overflows": 0, "Peak Memory Usage": 1554}], "Plans": [{"Node Type": "Index Scan", "Parent Relationship": "Outer", "Parallel Aware": false, "Async Capable": false, "Scan Direction": "Forward", "Index Name": "posts_pkey", "Relation Name": "posts", "Alias": "p", "Startup Cost": 0.29, "Total Cost": 0.34, "Plan Rows": 1, "Plan Width": 4, "Actual Rows": 1, "Actual Loops": 53418, "Index Cond": "(id = c.postid)", "Rows Removed by Index Recheck": 0, "Filter": "((commentcount >= 0) AND (commentcount <= 25))", "Rows Removed by Filter": 0, "Workers": []}]}]}, {"Node Type": "Memoize", "Parent Relationship": "Inner", "Parallel Aware": false, "Async Capable": false, "Startup Cost": 0.43, "Total Cost": 0.51, "Plan Rows": 4, "Plan Width": 4, "Actual Rows": 4, "Actual Loops": 173407, "Cache Key": "c.postid", "Cache Mode": "logical", "Cache Hits": 45952, "Cache Misses": 20818, "Cache Evictions": 0, "Cache Overflows": 0, "Peak Memory Usage": 4027, "Workers": [{"Worker Number": 0, "Cache Hits": 38895, "Cache Misses": 17286, "Cache Evictions": 0, "Cache Overflows": 0, "Peak Memory Usage": 3355}, {"Worker Number": 1, "Cache Hits": 35170, "Cache Misses": 15286, "Cache Evictions": 0, "Cache Overflows": 0, "Peak Memory Usage": 2954}], "Plans": [{"Node Type": "Index Only Scan", "Parent Relationship": "Outer", "Parallel Aware": false, "Async Capable": false, "Scan Direction": "Forward", "Index Name": "idx_posthistory_postid", "Relation Name": "posthistory", "Alias": "ph", "Startup Cost": 0.42, "Total Cost": 0.5, "Plan Rows": 4, "Plan Width": 4, "Actual Rows": 4, "Actual Loops": 53390, "Index Cond": "(postid = c.postid)", "Rows Removed by Index Recheck": 0, "Heap Fetches": 0, "Workers": []}]}]}]}]}]}, "Planning Time": 1.274, "Triggers": [], "Execution Time": 165.18}, {"Plan": {"Node Type": "Aggregate", "Strategy": "Plain", "Partial Mode": "Finalize", "Parallel Aware": false, "Async Capable": false, "Startup Cost": 58133.52, "Total Cost": 58133.53, "Plan Rows": 1, "Plan Width": 8, "Actual Rows": 1, "Actual Loops": 1, "Plans": [{"Node Type": "Gather", "Parent Relationship": "Outer", "Parallel Aware": false, "Async Capable": false, "Startup Cost": 58133.4, "Total Cost": 58133.51, "Plan Rows": 1, "Plan Width": 8, "Actual Rows": 2, "Actual Loops": 1, "Workers Planned": 1, "Workers Launched": 1, "Single Copy": false, "Plans": [{"Node Type": "Aggregate", "Strategy": "Plain", "Partial Mode": "Partial", "Parent Relationship": "Outer", "Parallel Aware": false, "Async Capable": false, "Startup Cost": 57133.4, "Total Cost": 57133.41, "Plan Rows": 1, "Plan Width": 8, "Actual Rows": 1, "Actual Loops": 2, "Workers": [], "Plans": [{"Node Type": "Merge Join", "Parent Relationship": "Outer", "Parallel Aware": false, "Async Capable": false, "Join Type": "Inner", "Startup Cost": 47640.45, "Total Cost": 56288.7, "Plan Rows": 337882, "Plan Width": 0, "Actual Rows": 349106, "Actual Loops": 2, "Inner Unique": false, "Merge Cond": "(p.id = c.postid)", "Workers": [], "Plans": [{"Node Type": "Merge Join", "Parent Relationship": "Outer", "Parallel Aware": false, "Async Capable": false, "Join Type": "Inner", "Startup Cost": 29379.06, "Total Cost": 32513.43, "Plan Rows": 178291, "Plan Width": 8, "Actual Rows": 151501, "Actual Loops": 2, "Inner Unique": true, "Merge Cond": "(ph.postid = p.id)", "Workers": [], "Plans": [{"Node Type": "Sort", "Parent Relationship": "Outer", "Parallel Aware": false, "Async Capable": false, "Startup Cost": 19578.98, "Total Cost": 20024.84, "Plan Rows": 178345, "Plan Width": 4, "Actual Rows": 151592, "Actual Loops": 2, "Sort Key": ["ph.postid"], "Sort Method": "quicksort", "Sort Space Used": 6145, "Sort Space Type": "Memory", "Workers": [{"Worker Number": 0, "Sort Method": "quicksort", "Sort Space Used": 3073, "Sort Space Type": "Memory"}], "Plans": [{"Node Type": "Seq Scan", "Parent Relationship": "Outer", "Parallel Aware": true, "Async Capable": false, "Relation Name": "posthistory", "Alias": "ph", "Startup Cost": 0.0, "Total Cost": 4023.45, "Plan Rows": 178345, "Plan Width": 4, "Actual Rows": 151594, "Actual Loops": 2, "Workers": []}]}, {"Node Type": "Sort", "Parent Relationship": "Inner", "Parallel Aware": false, "Async Capable": false, "Startup Cost": 9800.08, "Total Cost": 10029.95, "Plan Rows": 91948, "Plan Width": 4, "Actual Rows": 91944, "Actual Loops": 2, "Sort Key": ["p.id"], "Sort Method": "quicksort", "Sort Space Used": 3073, "Sort Space Type": "Memory", "Workers": [{"Worker Number": 0, "Sort Method": "quicksort", "Sort Space Used": 3073, "Sort Space Type": "Memory"}], "Plans": [{"Node Type": "Seq Scan", "Parent Relationship": "Outer", "Parallel Aware": false, "Async Capable": false, "Relation Name": "posts", "Alias": "p", "Startup Cost": 0.0, "Total Cost": 2219.64, "Plan Rows": 91948, "Plan Width": 4, "Actual Rows": 91948, "Actual Loops": 2, "Filter": "((commentcount >= 0) AND (commentcount <= 25))", "Rows Removed by Filter": 28, "Workers": []}]}]}, {"Node Type": "Sort", "Parent Relationship": "Inner", "Parallel Aware": false, "Async Capable": false, "Startup Cost": 18261.39, "Total Cost": 18697.16, "Plan Rows": 174305, "Plan Width": 4, "Actual Rows": 418484, "Actual Loops": 2, "Sort Key": ["c.postid"], "Sort Method": "quicksort", "Sort Space Used": 6145, "Sort Space Type": "Memory", "Workers": [{"Worker Number": 0, "Sort Method": "quicksort", "Sort Space Used": 6145, "Sort Space Type": "Memory"}], "Plans": [{"Node Type": "Seq Scan", "Parent Relationship": "Outer", "Parallel Aware": false, "Async Capable": false, "Relation Name": "comments", "Alias": "c", "Startup Cost": 0.0, "Total Cost": 3087.05, "Plan Rows": 174305, "Plan Width": 4, "Actual Rows": 174305, "Actual Loops": 2, "Workers": []}]}]}]}]}]}, "Planning Time": 2.047, "Triggers": [], "Execution Time": 202.529}, {"Plan": {"Node Type": "Aggregate", "Strategy": "Plain", "Partial Mode": "Finalize", "Parallel Aware": false, "Async Capable": false, "Startup Cost": 472350.49, "Total Cost": 472350.5, "Plan Rows": 1, "Plan Width": 8, "Actual Rows": 1, "Actual Loops": 1, "Plans": [{"Node Type": "Gather", "Parent Relationship": "Outer", "Parallel Aware": false, "Async Capable": false, "Startup Cost": 472350.38, "Total Cost": 472350.49, "Plan Rows": 1, "Plan Width": 8, "Actual Rows": 2, "Actual Loops": 1, "Workers Planned": 1, "Workers Launched": 1, "Single Copy": false, "Plans": [{"Node Type": "Aggregate", "Strategy": "Plain", "Partial Mode": "Partial", "Parent Relationship": "Outer", "Parallel Aware": false, "Async Capable": false, "Startup Cost": 471350.38, "Total Cost": 471350.39, "Plan Rows": 1, "Plan Width": 8, "Actual Rows": 1, "Actual Loops": 2, "Workers": [], "Plans": [{"Node Type": "Nested Loop", "Parent Relationship": "Outer", "Parallel Aware": false, "Async Capable": false, "Join Type": "Inner", "Startup Cost": 0.79, "Total Cost": 470505.68, "Plan Rows": 337882, "Plan Width": 0, "Actual Rows": 349106, "Actual Loops": 2, "Inner Unique": false, "Join Filter": "(p.id = ph.postid)", "Rows Removed by Join Filter": 0, "Workers": [], "Plans": [{"Node Type": "Nested Loop", "Parent Relationship": "Outer", "Parallel Aware": false, "Async Capable": false, "Join Type": "Inner", "Startup Cost": 0.32, "Total Cost": 229036.77, "Plan Rows": 102501, "Plan Width": 8, "Actual Rows": 86704, "Actual Loops": 2, "Inner Unique": true, "Workers": [], "Plans": [{"Node Type": "Seq Scan", "Parent Relationship": "Outer", "Parallel Aware": true, "Async Capable": false, "Relation Name": "comments", "Alias": "c", "Startup Cost": 0.0, "Total Cost": 2369.32, "Plan Rows": 102532, "Plan Width": 4, "Actual Rows": 87152, "Actual Loops": 2, "Workers": []}, {"Node Type": "Memoize", "Parent Relationship": "Inner", "Parallel Aware": false, "Async Capable": false, "Startup Cost": 0.32, "Total Cost": 4.33, "Plan Rows": 1, "Plan Width": 4, "Actual Rows": 1, "Actual Loops": 174305, "Cache Key": "c.postid", "Cache Mode": "logical", "Cache Hits": 58827, "Cache Misses": 36585, "Cache Evictions": 0, "Cache Overflows": 0, "Peak Memory Usage": 3715, "Workers": [{"Worker Number": 0, "Cache Hits": 47302, "Cache Misses": 31591, "Cache Evictions": 0, "Cache Overflows": 0, "Peak Memory Usage": 3208}], "Plans": [{"Node Type": "Bitmap Heap Scan", "Parent Relationship": "Outer", "Parallel Aware": false, "Async Capable": false, "Relation Name": "posts", "Alias": "p", "Startup Cost": 0.31, "Total Cost": 4.32, "Plan Rows": 1, "Plan Width": 4, "Actual Rows": 1, "Actual Loops": 68176, "Recheck Cond": "(c.postid = id)", "Rows Removed by Index Recheck": 0, "Filter": "((commentcount >= 0) AND (commentcount <= 25))", "Rows Removed by Filter": 0, "Exact Heap Blocks": 36585, "Lossy Heap Blocks": 0, "Workers": [], "Plans": [{"Node Type": "Bitmap Index Scan", "Parent Relationship": "Outer", "Parallel Aware": false, "Async Capable": false, "Index Name": "posts_pkey", "Startup Cost": 0.0, "Total Cost": 0.31, "Plan Rows": 1, "Plan Width": 0, "Actual Rows": 1, "Actual Loops": 68176, "Index Cond": "(id = c.postid)", "Workers": []}]}]}]}, {"Node Type": "Memoize", "Parent Relationship": "Inner", "Parallel Aware": false, "Async Capable": false, "Startup Cost": 0.48, "Total Cost": 4.53, "Plan Rows": 4, "Plan Width": 4, "Actual Rows": 4, "Actual Loops": 173407, "Cache Key": "c.postid", "Cache Mode": "logical", "Cache Hits": 58430, "Cache Misses": 36560, "Cache Evictions": 0, "Cache Overflows": 0, "Peak Memory Usage": 7153, "Workers": [{"Worker Number": 0, "Cache Hits": 46851, "Cache Misses": 31566, "Cache Evictions": 0, "Cache Overflows": 0, "Peak Memory Usage": 6252}], "Plans": [{"Node Type": "Bitmap Heap Scan", "Parent Relationship": "Outer", "Parallel Aware": false, "Async Capable": false, "Relation Name": "posthistory", "Alias": "ph", "Startup Cost": 0.47, "Total Cost": 4.52, "Plan Rows": 4, "Plan Width": 4, "Actual Rows": 4, "Actual Loops": 68126, "Recheck Cond": "(c.postid = postid)", "Rows Removed by Index Recheck": 0, "Exact Heap Blocks": 54484, "Lossy Heap Blocks": 0, "Workers": [], "Plans": [{"Node Type": "Bitmap Index Scan", "Parent Relationship": "Outer", "Parallel Aware": false, "Async Capable": false, "Index Name": "idx_posthistory_postid", "Startup Cost": 0.0, "Total Cost": 0.46, "Plan Rows": 4, "Plan Width": 0, "Actual Rows": 4, "Actual Loops": 68126, "Index Cond": "(postid = c.postid)", "Workers": []}]}]}]}]}]}]}, "Planning Time": 2.048, "Triggers": [], "Execution Time": 601.062}, {"Plan": {"Node Type": "Aggregate", "Strategy": "Plain", "Partial Mode": "Finalize", "Parallel Aware": false, "Async Capable": false, "Startup Cost": 26156.38, "Total Cost": 26156.39, "Plan Rows": 1, "Plan Width": 8, "Actual Rows": 1, "Actual Loops": 1, "Plans": [{"Node Type": "Gather", "Parent Relationship": "Outer", "Parallel Aware": false, "Async Capable": false, "Startup Cost": 26156.27, "Total Cost": 26156.38, "Plan Rows": 1, "Plan Width": 8, "Actual Rows": 2, "Actual Loops": 1, "Workers Planned": 1, "Workers Launched": 1, "Single Copy": false, "Plans": [{"Node Type": "Aggregate", "Strategy": "Plain", "Partial Mode": "Partial", "Parent Relationship": "Outer", "Parallel Aware": false, "Async Capable": false, "Startup Cost": 25156.27, "Total Cost": 25156.28, "Plan Rows": 1, "Plan Width": 8, "Actual Rows": 1, "Actual Loops": 2, "Workers": [], "Plans": [{"Node Type": "Merge Join", "Parent Relationship": "Outer", "Parallel Aware": false, "Async Capable": false, "Join Type": "Inner", "Startup Cost": 1.13, "Total Cost": 24311.56, "Plan Rows": 337882, "Plan Width": 0, "Actual Rows": 349106, "Actual Loops": 2, "Inner Unique": false, "Merge Cond": "(p.id = ph.postid)", "Workers": [], "Plans": [{"Node Type": "Merge Join", "Parent Relationship": "Outer", "Parallel Aware": false, "Async Capable": false, "Join Type": "Inner", "Startup Cost": 0.71, "Total Cost": 9913.69, "Plan Rows": 102501, "Plan Width": 8, "Actual Rows": 86704, "Actual Loops": 2, "Inner Unique": true, "Merge Cond": "(c.postid = p.id)", "Workers": [], "Plans": [{"Node Type": "Index Scan", "Parent Relationship": "Outer", "Parallel Aware": true, "Async Capable": false, "Scan Direction": "Forward", "Index Name": "idx_comments_postid", "Relation Name": "comments", "Alias": "c", "Startup Cost": 0.42, "Total Cost": 4703.51, "Plan Rows": 102532, "Plan Width": 4, "Actual Rows": 87152, "Actual Loops": 2, "Workers": []}, {"Node Type": "Index Scan", "Parent Relationship": "Inner", "Parallel Aware": false, "Async Capable": false, "Scan Direction": "Forward", "Index Name": "posts_pkey", "Relation Name": "posts", "Alias": "p", "Startup Cost": 0.29, "Total Cost": 3699.05, "Plan Rows": 91948, "Plan Width": 4, "Actual Rows": 91646, "Actual Loops": 2, "Filter": "((commentcount >= 0) AND (commentcount <= 25))", "Rows Removed by Filter": 28, "Workers": []}]}, {"Node Type": "Materialize", "Parent Relationship": "Inner", "Parallel Aware": false, "Async Capable": false, "Startup Cost": 0.42, "Total Cost": 9831.47, "Plan Rows": 303187, "Plan Width": 4, "Actual Rows": 554830, "Actual Loops": 2, "Workers": [], "Plans": [{"Node Type": "Index Scan", "Parent Relationship": "Outer", "Parallel Aware": false, "Async Capable": false, "Scan Direction": "Forward", "Index Name": "idx_posthistory_postid", "Relation Name": "posthistory", "Alias": "ph", "Startup Cost": 0.42, "Total Cost": 9073.51, "Plan Rows": 303187, "Plan Width": 4, "Actual Rows": 302273, "Actual Loops": 2, "Workers": []}]}]}]}]}]}, "Planning Time": 3.767, "Triggers": [], "Execution Time": 377.475}, {"Plan": {"Node Type": "Aggregate", "Strategy": "Plain", "Partial Mode": "Finalize", "Parallel Aware": false, "Async Capable": false, "Startup Cost": 62969.65, "Total Cost": 62969.66, "Plan Rows": 1, "Plan Width": 8, "Actual Rows": 1, "Actual Loops": 1, "Plans": [{"Node Type": "Gather", "Parent Relationship": "Outer", "Parallel Aware": false, "Async Capable": false, "Startup Cost": 62969.54, "Total Cost": 62969.65, "Plan Rows": 1, "Plan Width": 8, "Actual Rows": 2, "Actual Loops": 1, "Workers Planned": 1, "Workers Launched": 1, "Single Copy": false, "Plans": [{"Node Type": "Aggregate", "Strategy": "Plain", "Partial Mode": "Partial", "Parent Relationship": "Outer", "Parallel Aware": false, "Async Capable": false, "Startup Cost": 61969.54, "Total Cost": 61969.55, "Plan Rows": 1, "Plan Width": 8, "Actual Rows": 1, "Actual Loops": 2, "Workers": [], "Plans": [{"Node Type": "Nested Loop", "Parent Relationship": "Outer", "Parallel Aware": false, "Async Capable": false, "Join Type": "Inner", "Startup Cost": 1.15, "Total Cost": 61124.83, "Plan Rows": 337882, "Plan Width": 0, "Actual Rows": 349106, "Actual Loops": 2, "Inner Unique": false, "Join Filter": "(p.id = ph.postid)", "Rows Removed by Join Filter": 0, "Workers": [], "Plans": [{"Node Type": "Nested Loop", "Parent Relationship": "Outer", "Parallel Aware": false, "Async Capable": false, "Join Type": "Inner", "Startup Cost": 0.72, "Total Cost": 24895.62, "Plan Rows": 102501, "Plan Width": 8, "Actual Rows": 86704, "Actual Loops": 2, "Inner Unique": true, "Workers": [], "Plans": [{"Node Type": "Index Scan", "Parent Relationship": "Outer", "Parallel Aware": true, "Async Capable": false, "Scan Direction": "Forward", "Index Name": "idx_comments_postid", "Relation Name": "comments", "Alias": "c", "Startup Cost": 0.42, "Total Cost": 4703.51, "Plan Rows": 102532, "Plan Width": 4, "Actual Rows": 87152, "Actual Loops": 2, "Workers": []}, {"Node Type": "Memoize", "Parent Relationship": "Inner", "Parallel Aware": false, "Async Capable": false, "Startup Cost": 0.3, "Total Cost": 0.35, "Plan Rows": 1, "Plan Width": 4, "Actual Rows": 1, "Actual Loops": 174305, "Cache Key": "c.postid", "Cache Mode": "logical", "Cache Hits": 64614, "Cache Misses": 28594, "Cache Evictions": 0, "Cache Overflows": 0, "Peak Memory Usage": 2904, "Workers": [{"Worker Number": 0, "Cache Hits": 56273, "Cache Misses": 24824, "Cache Evictions": 0, "Cache Overflows": 0, "Peak Memory Usage": 2521}], "Plans": [{"Node Type": "Index Scan", "Parent Relationship": "Outer", "Parallel Aware": false, "Async Capable": false, "Scan Direction": "Forward", "Index Name": "posts_pkey", "Relation Name": "posts", "Alias": "p", "Startup Cost": 0.29, "Total Cost": 0.34, "Plan Rows": 1, "Plan Width": 4, "Actual Rows": 1, "Actual Loops": 53418, "Index Cond": "(id = c.postid)", "Rows Removed by Index Recheck": 0, "Filter": "((commentcount >= 0) AND (commentcount <= 25))", "Rows Removed by Filter": 0, "Workers": []}]}]}, {"Node Type": "Memoize", "Parent Relationship": "Inner", "Parallel Aware": false, "Async Capable": false, "Startup Cost": 0.43, "Total Cost": 0.57, "Plan Rows": 4, "Plan Width": 4, "Actual Rows": 4, "Actual Loops": 173407, "Cache Key": "c.postid", "Cache Mode": "logical", "Cache Hits": 64200, "Cache Misses": 28580, "Cache Evictions": 0, "Cache Overflows": 0, "Peak Memory Usage": 5540, "Workers": [{"Worker Number": 0, "Cache Hits": 55817, "Cache Misses": 24810, "Cache Evictions": 0, "Cache Overflows": 0, "Peak Memory Usage": 4795}], "Plans": [{"Node Type": "Index Scan", "Parent Relationship": "Outer", "Parallel Aware": false, "Async Capable": false, "Scan Direction": "Forward", "Index Name": "idx_posthistory_postid", "Relation Name": "posthistory", "Alias": "ph", "Startup Cost": 0.42, "Total Cost": 0.56, "Plan Rows": 4, "Plan Width": 4, "Actual Rows": 4, "Actual Loops": 53390, "Index Cond": "(postid = c.postid)", "Rows Removed by Index Recheck": 0, "Workers": []}]}]}]}]}]}, "Planning Time": 2.83, "Triggers": [], "Execution Time": 417.599}, {"Plan": {"Node Type": "Aggregate", "Strategy": "Plain", "Partial Mode": "Finalize", "Parallel Aware": false, "Async Capable": false, "Startup Cost": 60635.46, "Total Cost": 60635.47, "Plan Rows": 1, "Plan Width": 8, "Actual Rows": 1, "Actual Loops": 1, "Plans": [{"Node Type": "Gather", "Parent Relationship": "Outer", "Parallel Aware": false, "Async Capable": false, "Startup Cost": 60635.35, "Total Cost": 60635.46, "Plan Rows": 1, "Plan Width": 8, "Actual Rows": 2, "Actual Loops": 1, "Workers Planned": 1, "Workers Launched": 1, "Single Copy": false, "Plans": [{"Node Type": "Aggregate", "Strategy": "Plain", "Partial Mode": "Partial", "Parent Relationship": "Outer", "Parallel Aware": false, "Async Capable": false, "Startup Cost": 59635.35, "Total Cost": 59635.36, "Plan Rows": 1, "Plan Width": 8, "Actual Rows": 1, "Actual Loops": 2, "Workers": [], "Plans": [{"Node Type": "Nested Loop", "Parent Relationship": "Outer", "Parallel Aware": false, "Async Capable": false, "Join Type": "Inner", "Startup Cost": 0.73, "Total Cost": 58790.64, "Plan Rows": 337882, "Plan Width": 0, "Actual Rows": 349106, "Actual Loops": 2, "Inner Unique": false, "Join Filter": "(p.id = ph.postid)", "Rows Removed by Join Filter": 0, "Workers": [], "Plans": [{"Node Type": "Nested Loop", "Parent Relationship": "Outer", "Parallel Aware": false, "Async Capable": false, "Join Type": "Inner", "Startup Cost": 0.3, "Total Cost": 22561.43, "Plan Rows": 102501, "Plan Width": 8, "Actual Rows": 86704, "Actual Loops": 2, "Inner Unique": true, "Workers": [], "Plans": [{"Node Type": "Seq Scan", "Parent Relationship": "Outer", "Parallel Aware": true, "Async Capable": false, "Relation Name": "comments", "Alias": "c", "Startup Cost": 0.0, "Total Cost": 2369.32, "Plan Rows": 102532, "Plan Width": 4, "Actual Rows": 87152, "Actual Loops": 2, "Workers": []}, {"Node Type": "Memoize", "Parent Relationship": "Inner", "Parallel Aware": false, "Async Capable": false, "Startup Cost": 0.3, "Total Cost": 0.35, "Plan Rows": 1, "Plan Width": 4, "Actual Rows": 1, "Actual Loops": 174305, "Cache Key": "c.postid", "Cache Mode": "logical", "Cache Hits": 59751, "Cache Misses": 36986, "Cache Evictions": 0, "Cache Overflows": 0, "Peak Memory Usage": 3756, "Workers": [{"Worker Number": 0, "Cache Hits": 46393, "Cache Misses": 31175, "Cache Evictions": 0, "Cache Overflows": 0, "Peak Memory Usage": 3166}], "Plans": [{"Node Type": "Index Scan", "Parent Relationship": "Outer", "Parallel Aware": false, "Async Capable": false, "Scan Direction": "Forward", "Index Name": "posts_pkey", "Relation Name": "posts", "Alias": "p", "Startup Cost": 0.29, "Total Cost": 0.34, "Plan Rows": 1, "Plan Width": 4, "Actual Rows": 1, "Actual Loops": 68161, "Index Cond": "(id = c.postid)", "Rows Removed by Index Recheck": 0, "Filter": "((commentcount >= 0) AND (commentcount <= 25))", "Rows Removed by Filter": 0, "Workers": []}]}]}, {"Node Type": "Memoize", "Parent Relationship": "Inner", "Parallel Aware": false, "Async Capable": false, "Startup Cost": 0.43, "Total Cost": 0.57, "Plan Rows": 4, "Plan Width": 4, "Actual Rows": 4, "Actual Loops": 173407, "Cache Key": "c.postid", "Cache Mode": "logical", "Cache Hits": 59323, "Cache Misses": 36961, "Cache Evictions": 0, "Cache Overflows": 0, "Peak Memory Usage": 7227, "Workers": [{"Worker Number": 0, "Cache Hits": 45972, "Cache Misses": 31151, "Cache Evictions": 0, "Cache Overflows": 0, "Peak Memory Usage": 6178}], "Plans": [{"Node Type": "Index Scan", "Parent Relationship": "Outer", "Parallel Aware": false, "Async Capable": false, "Scan Direction": "Forward", "Index Name": "idx_posthistory_postid", "Relation Name": "posthistory", "Alias": "ph", "Startup Cost": 0.42, "Total Cost": 0.56, "Plan Rows": 4, "Plan Width": 4, "Actual Rows": 4, "Actual Loops": 68112, "Index Cond": "(postid = c.postid)", "Rows Removed by Index Recheck": 0, "Workers": []}]}]}]}]}]}, "Planning Time": 2.475, "Triggers": [], "Execution Time": 503.765}]