[{"Plan": {"Node Type": "Aggregate", "Strategy": "Plain", "Partial Mode": "Finalize", "Parallel Aware": false, "Async Capable": false, "Startup Cost": 26273.18, "Total Cost": 26273.19, "Plan Rows": 1, "Plan Width": 8, "Actual Rows": 1, "Actual Loops": 1, "Plans": [{"Node Type": "Gather", "Parent Relationship": "Outer", "Parallel Aware": false, "Async Capable": false, "Startup Cost": 26273.07, "Total Cost": 26273.18, "Plan Rows": 1, "Plan Width": 8, "Actual Rows": 2, "Actual Loops": 1, "Workers Planned": 1, "Workers Launched": 1, "Single Copy": false, "Plans": [{"Node Type": "Aggregate", "Strategy": "Plain", "Partial Mode": "Partial", "Parent Relationship": "Outer", "Parallel Aware": false, "Async Capable": false, "Startup Cost": 25273.07, "Total Cost": 25273.08, "Plan Rows": 1, "Plan Width": 8, "Actual Rows": 1, "Actual Loops": 2, "Workers": [], "Plans": [{"Node Type": "Hash Join", "Parent Relationship": "Outer", "Parallel Aware": false, "Async Capable": false, "Join Type": "Inner", "Startup Cost": 12862.27, "Total Cost": 19782.12, "Plan Rows": 2196379, "Plan Width": 0, "Actual Rows": 1435188, "Actual Loops": 2, "Inner Unique": false, "Hash Cond": "(p.owneruserid = u.id)", "Workers": [], "Plans": [{"Node Type": "Hash Join", "Parent Relationship": "Outer", "Parallel Aware": true, "Async Capable": false, "Join Type": "Inner", "Startup Cost": 8969.13, "Total Cost": 14459.8, "Plan Rows": 59934, "Plan Width": 4, "Actual Rows": 446858, "Actual Loops": 2, "Inner Unique": false, "Hash Cond": "(ph.postid = p.id)", "Workers": [], "Plans": [{"Node Type": "Seq Scan", "Parent Relationship": "Outer", "Parallel Aware": true, "Async Capable": false, "Relation Name": "posthistory", "Alias": "ph", "Startup Cost": 0.0, "Total Cost": 4023.45, "Plan Rows": 178345, "Plan Width": 4, "Actual Rows": 151594, "Actual Loops": 2, "Workers": []}, {"Node Type": "Hash", "Parent Relationship": "Inner", "Parallel Aware": true, "Async Capable": false, "Startup Cost": 8741.86, "Total Cost": 8741.86, "Plan Rows": 18182, "Plan Width": 16, "Actual Rows": 65221, "Actual Loops": 2, "Hash Buckets": 131072, "Original Hash Buckets": 32768, "Hash Batches": 1, "Original Hash Batches": 1, "Peak Memory Usage": 7968, "Workers": [], "Plans": [{"Node Type": "Nested Loop", "Parent Relationship": "Outer", "Parallel Aware": false, "Async Capable": false, "Join Type": "Inner", "Startup Cost": 2523.9, "Total Cost": 8741.86, "Plan Rows": 18182, "Plan Width": 16, "Actual Rows": 65221, "Actual Loops": 2, "Inner Unique": false, "Join Filter": "(p.id = v.postid)", "Rows Removed by Join Filter": 0, "Workers": [], "Plans": [{"Node Type": "Hash Join", "Parent Relationship": "Outer", "Parallel Aware": false, "Async Capable": false, "Join Type": "Inner", "Startup Cost": 2523.48, "Total Cost": 5357.43, "Plan Rows": 5100, "Plan Width": 12, "Actual Rows": 10030, "Actual Loops": 2, "Inner Unique": true, "Hash Cond": "(c.postid = p.id)", "Workers": [], "Plans": [{"Node Type": "Seq Scan", "Parent Relationship": "Outer", "Parallel Aware": true, "Async Capable": false, "Relation Name": "comments", "Alias": "c", "Startup Cost": 0.0, "Total Cost": 2625.65, "Plan Rows": 79345, "Plan Width": 4, "Actual Rows": 67444, "Actual Loops": 2, "Filter": "(score = 0)", "Rows Removed by Filter": 19709, "Workers": []}, {"Node Type": "Hash", "Parent Relationship": "Inner", "Parallel Aware": false, "Async Capable": false, "Startup Cost": 2449.58, "Total Cost": 2449.58, "Plan Rows": 5912, "Plan Width": 8, "Actual Rows": 11912, "Actual Loops": 2, "Hash Buckets": 16384, "Original Hash Buckets": 8192, "Hash Batches": 1, "Original Hash Batches": 1, "Peak Memory Usage": 593, "Workers": [], "Plans": [{"Node Type": "Seq Scan", "Parent Relationship": "Outer", "Parallel Aware": false, "Async Capable": false, "Relation Name": "posts", "Alias": "p", "Startup Cost": 0.0, "Total Cost": 2449.58, "Plan Rows": 5912, "Plan Width": 8, "Actual Rows": 11912, "Actual Loops": 2, "Filter": "((score <= 21) AND (answercount <= 3) AND (favoritecount >= 0))", "Rows Removed by Filter": 80064, "Workers": []}]}]}, {"Node Type": "Index Scan", "Parent Relationship": "Inner", "Parallel Aware": false, "Async Capable": false, "Scan Direction": "Forward", "Index Name": "idx_votes_postid", "Relation Name": "votes", "Alias": "v", "Startup Cost": 0.42, "Total Cost": 0.6, "Plan Rows": 5, "Plan Width": 4, "Actual Rows": 7, "Actual Loops": 20059, "Index Cond": "(postid = c.postid)", "Rows Removed by Index Recheck": 0, "Filter": "(creationdate >= '2010-07-19 00:00:00'::timestamp without time zone)", "Rows Removed by Filter": 0, "Workers": []}]}]}]}, {"Node Type": "Hash", "Parent Relationship": "Inner", "Parallel Aware": false, "Async Capable": false, "Startup Cost": 2928.59, "Total Cost": 2928.59, "Plan Rows": 77164, "Plan Width": 8, "Actual Rows": 55147, "Actual Loops": 2, "Hash Buckets": 131072, "Original Hash Buckets": 131072, "Hash Batches": 1, "Original Hash Batches": 1, "Peak Memory Usage": 3179, "Workers": [], "Plans": [{"Node Type": "Hash Join", "Parent Relationship": "Outer", "Parallel Aware": false, "Async Capable": false, "Join Type": "Inner", "Startup Cost": 1289.31, "Total Cost": 2928.59, "Plan Rows": 77164, "Plan Width": 8, "Actual Rows": 55147, "Actual Loops": 2, "Inner Unique": true, "Hash Cond": "(b.userid = u.id)", "Workers": [], "Plans": [{"Node Type": "Seq Scan", "Parent Relationship": "Outer", "Parallel Aware": false, "Async Capable": false, "Relation Name": "badges", "Alias": "b", "Startup Cost": 0.0, "Total Cost": 1430.14, "Plan Rows": 79663, "Plan Width": 4, "Actual Rows": 79663, "Actual Loops": 2, "Filter": "(date <= '2014-09-11 18:35:08'::timestamp without time zone)", "Rows Removed by Filter": 188, "Workers": []}, {"Node Type": "Hash", "Parent Relationship": "Inner", "Parallel Aware": false, "Async Capable": false, "Startup Cost": 801.06, "Total Cost": 801.06, "Plan Rows": 39060, "Plan Width": 4, "Actual Rows": 39061, "Actual Loops": 2, "Hash Buckets": 65536, "Original Hash Buckets": 65536, "Hash Batches": 1, "Original Hash Batches": 1, "Peak Memory Usage": 1886, "Workers": [], "Plans": [{"Node Type": "Seq Scan", "Parent Relationship": "Outer", "Parallel Aware": false, "Async Capable": false, "Relation Name": "users", "Alias": "u", "Startup Cost": 0.0, "Total Cost": 801.06, "Plan Rows": 39060, "Plan Width": 4, "Actual Rows": 39061, "Actual Loops": 2, "Filter": "(reputation <= 240)", "Rows Removed by Filter": 1264, "Workers": []}]}]}]}]}]}]}]}, "Planning Time": 10.624, "Triggers": [], "Execution Time": 469.281}, {"Plan": {"Node Type": "Aggregate", "Strategy": "Plain", "Partial Mode": "Simple", "Parallel Aware": false, "Async Capable": false, "Startup Cost": 60000130816.5, "Total Cost": 60000130816.51, "Plan Rows": 1, "Plan Width": 8, "Actual Rows": 1, "Actual Loops": 1, "Plans": [{"Node Type": "Hash Join", "Parent Relationship": "Outer", "Parallel Aware": false, "Async Capable": false, "Join Type": "Inner", "Startup Cost": 60000116098.73, "Total Cost": 60000121481.89, "Plan Rows": 3733845, "Plan Width": 0, "Actual Rows": 2870375, "Actual Loops": 1, "Inner Unique": false, "Hash Cond": "(b.userid = u.id)", "Plans": [{"Node Type": "Index Scan", "Parent Relationship": "Outer", "Parallel Aware": false, "Async Capable": false, "Scan Direction": "Forward", "Index Name": "idx_badges_userid", "Relation Name": "badges", "Alias": "b", "Startup Cost": 10000000000.29, "Total Cost": 10000003064.97, "Plan Rows": 79663, "Plan Width": 4, "Actual Rows": 79663, "Actual Loops": 1, "Filter": "(date <= '2014-09-11 18:35:08'::timestamp without time zone)", "Rows Removed by Filter": 188}, {"Node Type": "Hash", "Parent Relationship": "Inner", "Parallel Aware": false, "Async Capable": false, "Startup Cost": 50000114883.46, "Total Cost": 50000114883.46, "Plan Rows": 97198, "Plan Width": 8, "Actual Rows": 493271, "Actual Loops": 1, "Hash Buckets": 524288, "Original Hash Buckets": 131072, "Hash Batches": 1, "Original Hash Batches": 1, "Peak Memory Usage": 23365, "Plans": [{"Node Type": "Nested Loop", "Parent Relationship": "Outer", "Parallel Aware": false, "Async Capable": false, "Join Type": "Inner", "Startup Cost": 50000000002.93, "Total Cost": 50000114883.46, "Plan Rows": 97198, "Plan Width": 8, "Actual Rows": 493271, "Actual Loops": 1, "Inner Unique": false, "Plans": [{"Node Type": "Nested Loop", "Parent Relationship": "Outer", "Parallel Aware": false, "Async Capable": false, "Join Type": "Inner", "Startup Cost": 40000000002.13, "Total Cost": 40000084376.03, "Plan Rows": 29486, "Plan Width": 20, "Actual Rows": 71863, "Actual Loops": 1, "Inner Unique": false, "Plans": [{"Node Type": "Nested Loop", "Parent Relationship": "Outer", "Parallel Aware": false, "Async Capable": false, "Join Type": "Inner", "Startup Cost": 30000000001.32, "Total Cost": 30000054972.02, "Plan Rows": 8271, "Plan Width": 16, "Actual Rows": 12716, "Actual Loops": 1, "Inner Unique": false, "Plans": [{"Node Type": "Nested Loop", "Parent Relationship": "Outer", "Parallel Aware": false, "Async Capable": false, "Join Type": "Inner", "Startup Cost": 20000000000.68, "Total Cost": 20000028348.12, "Plan Rows": 5640, "Plan Width": 12, "Actual Rows": 7505, "Actual Loops": 1, "Inner Unique": true, "Plans": [{"Node Type": "Index Scan", "Parent Relationship": "Outer", "Parallel Aware": false, "Async Capable": false, "Scan Direction": "Forward", "Index Name": "idx_posts_owneruserid", "Relation Name": "posts", "Alias": "p", "Startup Cost": 10000000000.29, "Total Cost": 10000004783.49, "Plan Rows": 5912, "Plan Width": 8, "Actual Rows": 11912, "Actual Loops": 1, "Filter": "((score <= 21) AND (answercount <= 3) AND (favoritecount >= 0))", "Rows Removed by Filter": 80064}, {"Node Type": "Memoize", "Parent Relationship": "Inner", "Parallel Aware": false, "Async Capable": false, "Startup Cost": 0.38, "Total Cost": 4.4, "Plan Rows": 1, "Plan Width": 4, "Actual Rows": 1, "Actual Loops": 11912, "Cache Key": "p.owneruserid", "Cache Mode": "logical", "Cache Hits": 5489, "Cache Misses": 6423, "Cache Evictions": 0, "Cache Overflows": 0, "Peak Memory Usage": 623, "Plans": [{"Node Type": "Bitmap Heap Scan", "Parent Relationship": "Outer", "Parallel Aware": false, "Async Capable": false, "Relation Name": "users", "Alias": "u", "Startup Cost": 0.37, "Total Cost": 4.39, "Plan Rows": 1, "Plan Width": 4, "Actual Rows": 1, "Actual Loops": 6423, "Recheck Cond": "(p.owneruserid = id)", "Rows Removed by Index Recheck": 0, "Filter": "(reputation <= 240)", "Rows Removed by Filter": 0, "Exact Heap Blocks": 6422, "Lossy Heap Blocks": 0, "Plans": [{"Node Type": "Bitmap Index Scan", "Parent Relationship": "Outer", "Parallel Aware": false, "Async Capable": false, "Index Name": "users_pkey", "Startup Cost": 0.0, "Total Cost": 0.37, "Plan Rows": 1, "Plan Width": 0, "Actual Rows": 1, "Actual Loops": 6423, "Index Cond": "(id = p.owneruserid)"}]}]}]}, {"Node Type": "Bitmap Heap Scan", "Parent Relationship": "Inner", "Parallel Aware": false, "Async Capable": false, "Relation Name": "comments", "Alias": "c", "Startup Cost": 0.65, "Total Cost": 4.69, "Plan Rows": 3, "Plan Width": 4, "Actual Rows": 2, "Actual Loops": 7505, "Recheck Cond": "(postid = p.id)", "Rows Removed by Index Recheck": 0, "Filter": "(score = 0)", "Rows Removed by Filter": 1, "Exact Heap Blocks": 7679, "Lossy Heap Blocks": 0, "Plans": [{"Node Type": "Bitmap Index Scan", "Parent Relationship": "Outer", "Parallel Aware": false, "Async Capable": false, "Index Name": "idx_comments_postid", "Startup Cost": 0.0, "Total Cost": 0.64, "Plan Rows": 3, "Plan Width": 0, "Actual Rows": 2, "Actual Loops": 7505, "Index Cond": "(postid = p.id)"}]}]}, {"Node Type": "Memoize", "Parent Relationship": "Inner", "Parallel Aware": false, "Async Capable": false, "Startup Cost": 0.8, "Total Cost": 4.88, "Plan Rows": 5, "Plan Width": 4, "Actual Rows": 6, "Actual Loops": 12716, "Cache Key": "p.id", "Cache Mode": "logical", "Cache Hits": 8483, "Cache Misses": 4233, "Cache Evictions": 0, "Cache Overflows": 0, "Peak Memory Usage": 1092, "Plans": [{"Node Type": "Bitmap Heap Scan", "Parent Relationship": "Outer", "Parallel Aware": false, "Async Capable": false, "Relation Name": "votes", "Alias": "v", "Startup Cost": 0.79, "Total Cost": 4.87, "Plan Rows": 5, "Plan Width": 4, "Actual Rows": 5, "Actual Loops": 4233, "Recheck Cond": "(p.id = postid)", "Rows Removed by Index Recheck": 0, "Filter": "(creationdate >= '2010-07-19 00:00:00'::timestamp without time zone)", "Rows Removed by Filter": 0, "Exact Heap Blocks": 14185, "Lossy Heap Blocks": 0, "Plans": [{"Node Type": "Bitmap Index Scan", "Parent Relationship": "Outer", "Parallel Aware": false, "Async Capable": false, "Index Name": "idx_votes_postid", "Startup Cost": 0.0, "Total Cost": 0.79, "Plan Rows": 5, "Plan Width": 0, "Actual Rows": 5, "Actual Loops": 4233, "Index Cond": "(postid = p.id)"}]}]}]}, {"Node Type": "Memoize", "Parent Relationship": "Inner", "Parallel Aware": false, "Async Capable": false, "Startup Cost": 0.81, "Total Cost": 4.86, "Plan Rows": 4, "Plan Width": 4, "Actual Rows": 7, "Actual Loops": 71863, "Cache Key": "p.id", "Cache Mode": "logical", "Cache Hits": 67694, "Cache Misses": 4169, "Cache Evictions": 0, "Cache Overflows": 0, "Peak Memory Usage": 1149, "Plans": [{"Node Type": "Bitmap Heap Scan", "Parent Relationship": "Outer", "Parallel Aware": false, "Async Capable": false, "Relation Name": "posthistory", "Alias": "ph", "Startup Cost": 0.8, "Total Cost": 4.85, "Plan Rows": 4, "Plan Width": 4, "Actual Rows": 6, "Actual Loops": 4169, "Recheck Cond": "(p.id = postid)", "Rows Removed by Index Recheck": 0, "Exact Heap Blocks": 7736, "Lossy Heap Blocks": 0, "Plans": [{"Node Type": "Bitmap Index Scan", "Parent Relationship": "Outer", "Parallel Aware": false, "Async Capable": false, "Index Name": "idx_posthistory_postid", "Startup Cost": 0.0, "Total Cost": 0.8, "Plan Rows": 4, "Plan Width": 0, "Actual Rows": 6, "Actual Loops": 4169, "Index Cond": "(postid = p.id)"}]}]}]}]}]}]}, "Planning Time": 3.962, "Triggers": [], "Execution Time": 782.985}, {"Plan": {"Node Type": "Aggregate", "Strategy": "Plain", "Partial Mode": "Finalize", "Parallel Aware": false, "Async Capable": false, "Startup Cost": 39371.67, "Total Cost": 39371.68, "Plan Rows": 1, "Plan Width": 8, "Actual Rows": 1, "Actual Loops": 1, "Plans": [{"Node Type": "Gather", "Parent Relationship": "Outer", "Parallel Aware": false, "Async Capable": false, "Startup Cost": 39371.46, "Total Cost": 39371.67, "Plan Rows": 2, "Plan Width": 8, "Actual Rows": 3, "Actual Loops": 1, "Workers Planned": 2, "Workers Launched": 2, "Single Copy": false, "Plans": [{"Node Type": "Aggregate", "Strategy": "Plain", "Partial Mode": "Partial", "Parent Relationship": "Outer", "Parallel Aware": false, "Async Capable": false, "Startup Cost": 38371.46, "Total Cost": 38371.47, "Plan Rows": 1, "Plan Width": 8, "Actual Rows": 1, "Actual Loops": 3, "Workers": [], "Plans": [{"Node Type": "Hash Join", "Parent Relationship": "Outer", "Parallel Aware": false, "Async Capable": false, "Join Type": "Inner", "Startup Cost": 27583.46, "Total Cost": 34482.04, "Plan Rows": 1555769, "Plan Width": 0, "Actual Rows": 956792, "Actual Loops": 3, "Inner Unique": false, "Hash Cond": "(p.owneruserid = u.id)", "Workers": [], "Plans": [{"Node Type": "Hash Join", "Parent Relationship": "Outer", "Parallel Aware": true, "Async Capable": false, "Join Type": "Inner", "Startup Cost": 21398.57, "Total Cost": 27284.82, "Plan Rows": 42453, "Plan Width": 4, "Actual Rows": 297905, "Actual Loops": 3, "Inner Unique": false, "Hash Cond": "(ph.postid = p.id)", "Workers": [], "Plans": [{"Node Type": "Index Only Scan", "Parent Relationship": "Outer", "Parallel Aware": true, "Async Capable": false, "Scan Direction": "Forward", "Index Name": "idx_posthistory_postid", "Relation Name": "posthistory", "Alias": "ph", "Startup Cost": 0.42, "Total Cost": 4847.39, "Plan Rows": 126328, "Plan Width": 4, "Actual Rows": 101062, "Actual Loops": 3, "Heap Fetches": 0, "Workers": []}, {"Node Type": "Hash", "Parent Relationship": "Inner", "Parallel Aware": true, "Async Capable": false, "Startup Cost": 21170.88, "Total Cost": 21170.88, "Plan Rows": 18182, "Plan Width": 16, "Actual Rows": 43481, "Actual Loops": 3, "Hash Buckets": 131072, "Original Hash Buckets": 32768, "Hash Batches": 1, "Original Hash Batches": 1, "Peak Memory Usage": 7968, "Workers": [], "Plans": [{"Node Type": "Hash Join", "Parent Relationship": "Outer", "Parallel Aware": true, "Async Capable": false, "Join Type": "Inner", "Startup Cost": 9235.2, "Total Cost": 21170.88, "Plan Rows": 18182, "Plan Width": 16, "Actual Rows": 43481, "Actual Loops": 3, "Inner Unique": false, "Hash Cond": "(v.postid = p.id)", "Workers": [], "Plans": [{"Node Type": "Index Scan", "Parent Relationship": "Outer", "Parallel Aware": true, "Async Capable": false, "Scan Direction": "Forward", "Index Name": "idx_votes_postid", "Relation Name": "votes", "Alias": "v", "Startup Cost": 0.42, "Total Cost": 11105.86, "Plan Rows": 192879, "Plan Width": 4, "Actual Rows": 109327, "Actual Loops": 3, "Filter": "(creationdate >= '2010-07-19 00:00:00'::timestamp without time zone)", "Rows Removed by Filter": 27, "Workers": []}, {"Node Type": "Hash", "Parent Relationship": "Inner", "Parallel Aware": true, "Async Capable": false, "Startup Cost": 9171.02, "Total Cost": 9171.02, "Plan Rows": 5100, "Plan Width": 12, "Actual Rows": 6686, "Actual Loops": 3, "Hash Buckets": 32768, "Original Hash Buckets": 16384, "Hash Batches": 1, "Original Hash Batches": 1, "Peak Memory Usage": 1408, "Workers": [], "Plans": [{"Node Type": "Hash Join", "Parent Relationship": "Outer", "Parallel Aware": false, "Async Capable": false, "Join Type": "Inner", "Startup Cost": 4003.31, "Total Cost": 9171.02, "Plan Rows": 5100, "Plan Width": 12, "Actual Rows": 6686, "Actual Loops": 3, "Inner Unique": true, "Hash Cond": "(c.postid = p.id)", "Workers": [], "Plans": [{"Node Type": "Index Scan", "Parent Relationship": "Outer", "Parallel Aware": true, "Async Capable": false, "Scan Direction": "Forward", "Index Name": "idx_comments_postid", "Relation Name": "comments", "Alias": "c", "Startup Cost": 0.42, "Total Cost": 4959.84, "Plan Rows": 79345, "Plan Width": 4, "Actual Rows": 44962, "Actual Loops": 3, "Filter": "(score = 0)", "Rows Removed by Filter": 13139, "Workers": []}, {"Node Type": "Hash", "Parent Relationship": "Inner", "Parallel Aware": false, "Async Capable": false, "Startup Cost": 3928.99, "Total Cost": 3928.99, "Plan Rows": 5912, "Plan Width": 8, "Actual Rows": 11912, "Actual Loops": 3, "Hash Buckets": 16384, "Original Hash Buckets": 8192, "Hash Batches": 1, "Original Hash Batches": 1, "Peak Memory Usage": 593, "Workers": [], "Plans": [{"Node Type": "Index Scan", "Parent Relationship": "Outer", "Parallel Aware": false, "Async Capable": false, "Scan Direction": "Forward", "Index Name": "posts_pkey", "Relation Name": "posts", "Alias": "p", "Startup Cost": 0.29, "Total Cost": 3928.99, "Plan Rows": 5912, "Plan Width": 8, "Actual Rows": 11912, "Actual Loops": 3, "Filter": "((score <= 21) AND (answercount <= 3) AND (favoritecount >= 0))", "Rows Removed by Filter": 80064, "Workers": []}]}]}]}]}]}]}, {"Node Type": "Hash", "Parent Relationship": "Inner", "Parallel Aware": false, "Async Capable": false, "Startup Cost": 5220.33, "Total Cost": 5220.33, "Plan Rows": 77164, "Plan Width": 8, "Actual Rows": 55147, "Actual Loops": 3, "Hash Buckets": 131072, "Original Hash Buckets": 131072, "Hash Batches": 1, "Original Hash Batches": 1, "Peak Memory Usage": 3179, "Workers": [], "Plans": [{"Node Type": "Hash Join", "Parent Relationship": "Outer", "Parallel Aware": false, "Async Capable": false, "Join Type": "Inner", "Startup Cost": 1946.52, "Total Cost": 5220.33, "Plan Rows": 77164, "Plan Width": 8, "Actual Rows": 55147, "Actual Loops": 3, "Inner Unique": true, "Hash Cond": "(b.userid = u.id)", "Workers": [], "Plans": [{"Node Type": "Index Scan", "Parent Relationship": "Outer", "Parallel Aware": false, "Async Capable": false, "Scan Direction": "Forward", "Index Name": "idx_badges_userid", "Relation Name": "badges", "Alias": "b", "Startup Cost": 0.29, "Total Cost": 3064.97, "Plan Rows": 79663, "Plan Width": 4, "Actual Rows": 79663, "Actual Loops": 3, "Filter": "(date <= '2014-09-11 18:35:08'::timestamp without time zone)", "Rows Removed by Filter": 188, "Workers": []}, {"Node Type": "Hash", "Parent Relationship": "Inner", "Parallel Aware": false, "Async Capable": false, "Startup Cost": 1457.98, "Total Cost": 1457.98, "Plan Rows": 39060, "Plan Width": 4, "Actual Rows": 39061, "Actual Loops": 3, "Hash Buckets": 65536, "Original Hash Buckets": 65536, "Hash Batches": 1, "Original Hash Batches": 1, "Peak Memory Usage": 1886, "Workers": [], "Plans": [{"Node Type": "Index Scan", "Parent Relationship": "Outer", "Parallel Aware": false, "Async Capable": false, "Scan Direction": "Forward", "Index Name": "users_pkey", "Relation Name": "users", "Alias": "u", "Startup Cost": 0.29, "Total Cost": 1457.98, "Plan Rows": 39060, "Plan Width": 4, "Actual Rows": 39061, "Actual Loops": 3, "Filter": "(reputation <= 240)", "Rows Removed by Filter": 1264, "Workers": []}]}]}]}]}]}]}]}, "Planning Time": 5.987, "Triggers": [], "Execution Time": 489.401}, {"Plan": {"Node Type": "Aggregate", "Strategy": "Plain", "Partial Mode": "Finalize", "Parallel Aware": false, "Async Capable": false, "Startup Cost": 41181.84, "Total Cost": 41181.85, "Plan Rows": 1, "Plan Width": 8, "Actual Rows": 1, "Actual Loops": 1, "Plans": [{"Node Type": "Gather", "Parent Relationship": "Outer", "Parallel Aware": false, "Async Capable": false, "Startup Cost": 41181.72, "Total Cost": 41181.83, "Plan Rows": 1, "Plan Width": 8, "Actual Rows": 2, "Actual Loops": 1, "Workers Planned": 1, "Workers Launched": 1, "Single Copy": false, "Plans": [{"Node Type": "Aggregate", "Strategy": "Plain", "Partial Mode": "Partial", "Parent Relationship": "Outer", "Parallel Aware": false, "Async Capable": false, "Startup Cost": 40181.72, "Total Cost": 40181.73, "Plan Rows": 1, "Plan Width": 8, "Actual Rows": 1, "Actual Loops": 2, "Workers": [], "Plans": [{"Node Type": "Hash Join", "Parent Relationship": "Outer", "Parallel Aware": false, "Async Capable": false, "Join Type": "Inner", "Startup Cost": 20942.05, "Total Cost": 34690.78, "Plan Rows": 2196379, "Plan Width": 0, "Actual Rows": 1435188, "Actual Loops": 2, "Inner Unique": false, "Hash Cond": "(p.owneruserid = u.id)", "Workers": [], "Plans": [{"Node Type": "Hash Join", "Parent Relationship": "Outer", "Parallel Aware": true, "Async Capable": false, "Join Type": "Inner", "Startup Cost": 14757.16, "Total Cost": 27076.71, "Plan Rows": 59934, "Plan Width": 4, "Actual Rows": 446858, "Actual Loops": 2, "Inner Unique": false, "Hash Cond": "(v.postid = p.id)", "Workers": [], "Plans": [{"Node Type": "Index Scan", "Parent Relationship": "Outer", "Parallel Aware": true, "Async Capable": false, "Scan Direction": "Forward", "Index Name": "idx_votes_postid", "Relation Name": "votes", "Alias": "v", "Startup Cost": 0.42, "Total Cost": 11105.86, "Plan Rows": 192879, "Plan Width": 4, "Actual Rows": 163991, "Actual Loops": 2, "Filter": "(creationdate >= '2010-07-19 00:00:00'::timestamp without time zone)", "Rows Removed by Filter": 41, "Workers": []}, {"Node Type": "Hash", "Parent Relationship": "Inner", "Parallel Aware": true, "Async Capable": false, "Startup Cost": 14607.89, "Total Cost": 14607.89, "Plan Rows": 11908, "Plan Width": 16, "Actual Rows": 63600, "Actual Loops": 2, "Hash Buckets": 131072, "Original Hash Buckets": 32768, "Hash Batches": 1, "Original Hash Batches": 1, "Peak Memory Usage": 7808, "Workers": [], "Plans": [{"Node Type": "Hash Join", "Parent Relationship": "Outer", "Parallel Aware": true, "Async Capable": false, "Join Type": "Inner", "Startup Cost": 9217.15, "Total Cost": 14607.89, "Plan Rows": 11908, "Plan Width": 16, "Actual Rows": 63600, "Actual Loops": 2, "Inner Unique": false, "Hash Cond": "(ph.postid = p.id)", "Workers": [], "Plans": [{"Node Type": "Index Only Scan", "Parent Relationship": "Outer", "Parallel Aware": true, "Async Capable": false, "Scan Direction": "Forward", "Index Name": "idx_posthistory_postid", "Relation Name": "posthistory", "Alias": "ph", "Startup Cost": 0.42, "Total Cost": 4847.39, "Plan Rows": 126328, "Plan Width": 4, "Actual Rows": 151594, "Actual Loops": 2, "Heap Fetches": 0, "Workers": []}, {"Node Type": "Hash", "Parent Relationship": "Inner", "Parallel Aware": true, "Async Capable": false, "Startup Cost": 9152.97, "Total Cost": 9152.97, "Plan Rows": 5100, "Plan Width": 12, "Actual Rows": 10030, "Actual Loops": 2, "Hash Buckets": 32768, "Original Hash Buckets": 16384, "Hash Batches": 1, "Original Hash Batches": 1, "Peak Memory Usage": 1376, "Workers": [], "Plans": [{"Node Type": "Merge Join", "Parent Relationship": "Outer", "Parallel Aware": false, "Async Capable": false, "Join Type": "Inner", "Startup Cost": 0.71, "Total Cost": 9152.97, "Plan Rows": 5100, "Plan Width": 12, "Actual Rows": 10030, "Actual Loops": 2, "Inner Unique": true, "Merge Cond": "(c.postid = p.id)", "Workers": [], "Plans": [{"Node Type": "Index Scan", "Parent Relationship": "Outer", "Parallel Aware": true, "Async Capable": false, "Scan Direction": "Forward", "Index Name": "idx_comments_postid", "Relation Name": "comments", "Alias": "c", "Startup Cost": 0.42, "Total Cost": 4959.84, "Plan Rows": 79345, "Plan Width": 4, "Actual Rows": 67437, "Actual Loops": 2, "Filter": "(score = 0)", "Rows Removed by Filter": 19708, "Workers": []}, {"Node Type": "Index Scan", "Parent Relationship": "Inner", "Parallel Aware": false, "Async Capable": false, "Scan Direction": "Forward", "Index Name": "posts_pkey", "Relation Name": "posts", "Alias": "p", "Startup Cost": 0.29, "Total Cost": 3928.99, "Plan Rows": 5912, "Plan Width": 8, "Actual Rows": 11908, "Actual Loops": 2, "Filter": "((score <= 21) AND (answercount <= 3) AND (favoritecount >= 0))", "Rows Removed by Filter": 79976, "Workers": []}]}]}]}]}]}, {"Node Type": "Hash", "Parent Relationship": "Inner", "Parallel Aware": false, "Async Capable": false, "Startup Cost": 5220.33, "Total Cost": 5220.33, "Plan Rows": 77164, "Plan Width": 8, "Actual Rows": 55147, "Actual Loops": 2, "Hash Buckets": 131072, "Original Hash Buckets": 131072, "Hash Batches": 1, "Original Hash Batches": 1, "Peak Memory Usage": 3179, "Workers": [], "Plans": [{"Node Type": "Hash Join", "Parent Relationship": "Outer", "Parallel Aware": false, "Async Capable": false, "Join Type": "Inner", "Startup Cost": 1946.52, "Total Cost": 5220.33, "Plan Rows": 77164, "Plan Width": 8, "Actual Rows": 55147, "Actual Loops": 2, "Inner Unique": true, "Hash Cond": "(b.userid = u.id)", "Workers": [], "Plans": [{"Node Type": "Index Scan", "Parent Relationship": "Outer", "Parallel Aware": false, "Async Capable": false, "Scan Direction": "Forward", "Index Name": "idx_badges_userid", "Relation Name": "badges", "Alias": "b", "Startup Cost": 0.29, "Total Cost": 3064.97, "Plan Rows": 79663, "Plan Width": 4, "Actual Rows": 79663, "Actual Loops": 2, "Filter": "(date <= '2014-09-11 18:35:08'::timestamp without time zone)", "Rows Removed by Filter": 188, "Workers": []}, {"Node Type": "Hash", "Parent Relationship": "Inner", "Parallel Aware": false, "Async Capable": false, "Startup Cost": 1457.98, "Total Cost": 1457.98, "Plan Rows": 39060, "Plan Width": 4, "Actual Rows": 39061, "Actual Loops": 2, "Hash Buckets": 65536, "Original Hash Buckets": 65536, "Hash Batches": 1, "Original Hash Batches": 1, "Peak Memory Usage": 1886, "Workers": [], "Plans": [{"Node Type": "Index Scan", "Parent Relationship": "Outer", "Parallel Aware": false, "Async Capable": false, "Scan Direction": "Forward", "Index Name": "users_pkey", "Relation Name": "users", "Alias": "u", "Startup Cost": 0.29, "Total Cost": 1457.98, "Plan Rows": 39060, "Plan Width": 4, "Actual Rows": 39061, "Actual Loops": 2, "Filter": "(reputation <= 240)", "Rows Removed by Filter": 1264, "Workers": []}]}]}]}]}]}]}]}, "Planning Time": 12.328, "Triggers": [], "Execution Time": 648.763}, {"Plan": {"Node Type": "Aggregate", "Strategy": "Plain", "Partial Mode": "Finalize", "Parallel Aware": false, "Async Capable": false, "Startup Cost": 31854.22, "Total Cost": 31854.23, "Plan Rows": 1, "Plan Width": 8, "Actual Rows": 1, "Actual Loops": 1, "Plans": [{"Node Type": "Gather", "Parent Relationship": "Outer", "Parallel Aware": false, "Async Capable": false, "Startup Cost": 31854.11, "Total Cost": 31854.22, "Plan Rows": 1, "Plan Width": 8, "Actual Rows": 2, "Actual Loops": 1, "Workers Planned": 1, "Workers Launched": 1, "Single Copy": false, "Plans": [{"Node Type": "Aggregate", "Strategy": "Plain", "Partial Mode": "Partial", "Parent Relationship": "Outer", "Parallel Aware": false, "Async Capable": false, "Startup Cost": 30854.11, "Total Cost": 30854.12, "Plan Rows": 1, "Plan Width": 8, "Actual Rows": 1, "Actual Loops": 2, "Workers": [], "Plans": [{"Node Type": "Merge Join", "Parent Relationship": "Outer", "Parallel Aware": false, "Async Capable": false, "Join Type": "Inner", "Startup Cost": 9469.06, "Total Cost": 25363.16, "Plan Rows": 2196379, "Plan Width": 0, "Actual Rows": 1435188, "Actual Loops": 2, "Inner Unique": false, "Merge Cond": "(u.id = b.userid)", "Workers": [], "Plans": [{"Node Type": "Nested Loop", "Parent Relationship": "Outer", "Parallel Aware": false, "Async Capable": false, "Join Type": "Inner", "Startup Cost": 9468.18, "Total Cost": 20461.19, "Plan Rows": 57175, "Plan Width": 8, "Actual Rows": 246478, "Actual Loops": 2, "Inner Unique": false, "Workers": [], "Plans": [{"Node Type": "Nested Loop", "Parent Relationship": "Outer", "Parallel Aware": false, "Async Capable": false, "Join Type": "Inner", "Startup Cost": 9467.75, "Total Cost": 14324.91, "Plan Rows": 17345, "Plan Width": 20, "Actual Rows": 35910, "Actual Loops": 2, "Inner Unique": false, "Join Filter": "(p.id = v.postid)", "Rows Removed by Join Filter": 0, "Workers": [], "Plans": [{"Node Type": "Merge Join", "Parent Relationship": "Outer", "Parallel Aware": false, "Async Capable": false, "Join Type": "Inner", "Startup Cost": 9467.33, "Total Cost": 11096.43, "Plan Rows": 4865, "Plan Width": 16, "Actual Rows": 6352, "Actual Loops": 2, "Inner Unique": true, "Merge Cond": "(p.owneruserid = u.id)", "Workers": [], "Plans": [{"Node Type": "Sort", "Parent Relationship": "Outer", "Parallel Aware": false, "Async Capable": false, "Startup Cost": 9467.04, "Total Cost": 9479.79, "Plan Rows": 5100, "Plan Width": 12, "Actual Rows": 9861, "Actual Loops": 2, "Sort Key": ["p.owneruserid"], "Sort Method": "quicksort", "Sort Space Used": 831, "Sort Space Type": "Memory", "Workers": [{"Worker Number": 0, "Sort Method": "quicksort", "Sort Space Used": 719, "Sort Space Type": "Memory"}], "Plans": [{"Node Type": "Merge Join", "Parent Relationship": "Outer", "Parallel Aware": false, "Async Capable": false, "Join Type": "Inner", "Startup Cost": 0.71, "Total Cost": 9152.97, "Plan Rows": 5100, "Plan Width": 12, "Actual Rows": 10030, "Actual Loops": 2, "Inner Unique": true, "Merge Cond": "(c.postid = p.id)", "Workers": [], "Plans": [{"Node Type": "Index Scan", "Parent Relationship": "Outer", "Parallel Aware": true, "Async Capable": false, "Scan Direction": "Forward", "Index Name": "idx_comments_postid", "Relation Name": "comments", "Alias": "c", "Startup Cost": 0.42, "Total Cost": 4959.84, "Plan Rows": 79345, "Plan Width": 4, "Actual Rows": 67437, "Actual Loops": 2, "Filter": "(score = 0)", "Rows Removed by Filter": 19708, "Workers": []}, {"Node Type": "Index Scan", "Parent Relationship": "Inner", "Parallel Aware": false, "Async Capable": false, "Scan Direction": "Forward", "Index Name": "posts_pkey", "Relation Name": "posts", "Alias": "p", "Startup Cost": 0.29, "Total Cost": 3928.99, "Plan Rows": 5912, "Plan Width": 8, "Actual Rows": 11908, "Actual Loops": 2, "Filter": "((score <= 21) AND (answercount <= 3) AND (favoritecount >= 0))", "Rows Removed by Filter": 79976, "Workers": []}]}]}, {"Node Type": "Index Scan", "Parent Relationship": "Inner", "Parallel Aware": false, "Async Capable": false, "Scan Direction": "Forward", "Index Name": "users_pkey", "Relation Name": "users", "Alias": "u", "Startup Cost": 0.29, "Total Cost": 1457.98, "Plan Rows": 39060, "Plan Width": 4, "Actual Rows": 38917, "Actual Loops": 2, "Filter": "(reputation <= 240)", "Rows Removed by Filter": 1264, "Workers": []}]}, {"Node Type": "Index Scan", "Parent Relationship": "Inner", "Parallel Aware": false, "Async Capable": false, "Scan Direction": "Forward", "Index Name": "idx_votes_postid", "Relation Name": "votes", "Alias": "v", "Startup Cost": 0.42, "Total Cost": 0.6, "Plan Rows": 5, "Plan Width": 4, "Actual Rows": 6, "Actual Loops": 12705, "Index Cond": "(postid = c.postid)", "Rows Removed by Index Recheck": 0, "Filter": "(creationdate >= '2010-07-19 00:00:00'::timestamp without time zone)", "Rows Removed by Filter": 0, "Workers": []}]}, {"Node Type": "Memoize", "Parent Relationship": "Inner", "Parallel Aware": false, "Async Capable": false, "Startup Cost": 0.43, "Total Cost": 0.86, "Plan Rows": 4, "Plan Width": 4, "Actual Rows": 7, "Actual Loops": 71821, "Cache Key": "p.id", "Cache Mode": "logical", "Cache Hits": 38861, "Cache Misses": 2293, "Cache Evictions": 0, "Cache Overflows": 0, "Peak Memory Usage": 633, "Workers": [{"Worker Number": 0, "Cache Hits": 28793, "Cache Misses": 1874, "Cache Evictions": 0, "Cache Overflows": 0, "Peak Memory Usage": 515}], "Plans": [{"Node Type": "Index Only Scan", "Parent Relationship": "Outer", "Parallel Aware": false, "Async Capable": false, "Scan Direction": "Forward", "Index Name": "idx_posthistory_postid", "Relation Name": "posthistory", "Alias": "ph", "Startup Cost": 0.42, "Total Cost": 0.85, "Plan Rows": 4, "Plan Width": 4, "Actual Rows": 6, "Actual Loops": 4167, "Index Cond": "(postid = p.id)", "Rows Removed by Index Recheck": 0, "Heap Fetches": 0, "Workers": []}]}]}, {"Node Type": "Materialize", "Parent Relationship": "Inner", "Parallel Aware": false, "Async Capable": false, "Startup Cost": 0.29, "Total Cost": 3264.13, "Plan Rows": 79663, "Plan Width": 4, "Actual Rows": 1506794, "Actual Loops": 2, "Workers": [], "Plans": [{"Node Type": "Index Scan", "Parent Relationship": "Outer", "Parallel Aware": false, "Async Capable": false, "Scan Direction": "Forward", "Index Name": "idx_badges_userid", "Relation Name": "badges", "Alias": "b", "Startup Cost": 0.29, "Total Cost": 3064.97, "Plan Rows": 79663, "Plan Width": 4, "Actual Rows": 79646, "Actual Loops": 2, "Filter": "(date <= '2014-09-11 18:35:08'::timestamp without time zone)", "Rows Removed by Filter": 156, "Workers": []}]}]}]}]}]}, "Planning Time": 5.72, "Triggers": [], "Execution Time": 407.254}, {"Plan": {"Node Type": "Aggregate", "Strategy": "Plain", "Partial Mode": "Finalize", "Parallel Aware": false, "Async Capable": false, "Startup Cost": 28354.98, "Total Cost": 28354.99, "Plan Rows": 1, "Plan Width": 8, "Actual Rows": 1, "Actual Loops": 1, "Plans": [{"Node Type": "Gather", "Parent Relationship": "Outer", "Parallel Aware": false, "Async Capable": false, "Startup Cost": 28354.87, "Total Cost": 28354.98, "Plan Rows": 1, "Plan Width": 8, "Actual Rows": 2, "Actual Loops": 1, "Workers Planned": 1, "Workers Launched": 1, "Single Copy": false, "Plans": [{"Node Type": "Aggregate", "Strategy": "Plain", "Partial Mode": "Partial", "Parent Relationship": "Outer", "Parallel Aware": false, "Async Capable": false, "Startup Cost": 27354.87, "Total Cost": 27354.88, "Plan Rows": 1, "Plan Width": 8, "Actual Rows": 1, "Actual Loops": 2, "Workers": [], "Plans": [{"Node Type": "Hash Join", "Parent Relationship": "Outer", "Parallel Aware": false, "Async Capable": false, "Join Type": "Inner", "Startup Cost": 14944.07, "Total Cost": 21863.92, "Plan Rows": 2196379, "Plan Width": 0, "Actual Rows": 1435188, "Actual Loops": 2, "Inner Unique": false, "Hash Cond": "(p.owneruserid = u.id)", "Workers": [], "Plans": [{"Node Type": "Hash Join", "Parent Relationship": "Outer", "Parallel Aware": true, "Async Capable": false, "Join Type": "Inner", "Startup Cost": 11050.93, "Total Cost": 16541.6, "Plan Rows": 59934, "Plan Width": 4, "Actual Rows": 446858, "Actual Loops": 2, "Inner Unique": false, "Hash Cond": "(ph.postid = p.id)", "Workers": [], "Plans": [{"Node Type": "Seq Scan", "Parent Relationship": "Outer", "Parallel Aware": true, "Async Capable": false, "Relation Name": "posthistory", "Alias": "ph", "Startup Cost": 0.0, "Total Cost": 4023.45, "Plan Rows": 178345, "Plan Width": 4, "Actual Rows": 151594, "Actual Loops": 2, "Workers": []}, {"Node Type": "Hash", "Parent Relationship": "Inner", "Parallel Aware": true, "Async Capable": false, "Startup Cost": 10823.66, "Total Cost": 10823.66, "Plan Rows": 18182, "Plan Width": 16, "Actual Rows": 65221, "Actual Loops": 2, "Hash Buckets": 131072, "Original Hash Buckets": 32768, "Hash Batches": 1, "Original Hash Batches": 1, "Peak Memory Usage": 7936, "Workers": [], "Plans": [{"Node Type": "Hash Join", "Parent Relationship": "Outer", "Parallel Aware": true, "Async Capable": false, "Join Type": "Inner", "Startup Cost": 5421.18, "Total Cost": 10823.66, "Plan Rows": 18182, "Plan Width": 16, "Actual Rows": 65221, "Actual Loops": 2, "Inner Unique": false, "Hash Cond": "(v.postid = p.id)", "Workers": [], "Plans": [{"Node Type": "Seq Scan", "Parent Relationship": "Outer", "Parallel Aware": true, "Async Capable": false, "Relation Name": "votes", "Alias": "v", "Startup Cost": 0.0, "Total Cost": 4572.24, "Plan Rows": 192879, "Plan Width": 4, "Actual Rows": 163991, "Actual Loops": 2, "Filter": "(creationdate >= '2010-07-19 00:00:00'::timestamp without time zone)", "Rows Removed by Filter": 41, "Workers": []}, {"Node Type": "Hash", "Parent Relationship": "Inner", "Parallel Aware": true, "Async Capable": false, "Startup Cost": 5357.43, "Total Cost": 5357.43, "Plan Rows": 5100, "Plan Width": 12, "Actual Rows": 10030, "Actual Loops": 2, "Hash Buckets": 32768, "Original Hash Buckets": 16384, "Hash Batches": 1, "Original Hash Batches": 1, "Peak Memory Usage": 1376, "Workers": [], "Plans": [{"Node Type": "Hash Join", "Parent Relationship": "Outer", "Parallel Aware": false, "Async Capable": false, "Join Type": "Inner", "Startup Cost": 2523.48, "Total Cost": 5357.43, "Plan Rows": 5100, "Plan Width": 12, "Actual Rows": 10030, "Actual Loops": 2, "Inner Unique": true, "Hash Cond": "(c.postid = p.id)", "Workers": [], "Plans": [{"Node Type": "Seq Scan", "Parent Relationship": "Outer", "Parallel Aware": true, "Async Capable": false, "Relation Name": "comments", "Alias": "c", "Startup Cost": 0.0, "Total Cost": 2625.65, "Plan Rows": 79345, "Plan Width": 4, "Actual Rows": 67444, "Actual Loops": 2, "Filter": "(score = 0)", "Rows Removed by Filter": 19709, "Workers": []}, {"Node Type": "Hash", "Parent Relationship": "Inner", "Parallel Aware": false, "Async Capable": false, "Startup Cost": 2449.58, "Total Cost": 2449.58, "Plan Rows": 5912, "Plan Width": 8, "Actual Rows": 11912, "Actual Loops": 2, "Hash Buckets": 16384, "Original Hash Buckets": 8192, "Hash Batches": 1, "Original Hash Batches": 1, "Peak Memory Usage": 593, "Workers": [], "Plans": [{"Node Type": "Seq Scan", "Parent Relationship": "Outer", "Parallel Aware": false, "Async Capable": false, "Relation Name": "posts", "Alias": "p", "Startup Cost": 0.0, "Total Cost": 2449.58, "Plan Rows": 5912, "Plan Width": 8, "Actual Rows": 11912, "Actual Loops": 2, "Filter": "((score <= 21) AND (answercount <= 3) AND (favoritecount >= 0))", "Rows Removed by Filter": 80064, "Workers": []}]}]}]}]}]}]}, {"Node Type": "Hash", "Parent Relationship": "Inner", "Parallel Aware": false, "Async Capable": false, "Startup Cost": 2928.59, "Total Cost": 2928.59, "Plan Rows": 77164, "Plan Width": 8, "Actual Rows": 55147, "Actual Loops": 2, "Hash Buckets": 131072, "Original Hash Buckets": 131072, "Hash Batches": 1, "Original Hash Batches": 1, "Peak Memory Usage": 3179, "Workers": [], "Plans": [{"Node Type": "Hash Join", "Parent Relationship": "Outer", "Parallel Aware": false, "Async Capable": false, "Join Type": "Inner", "Startup Cost": 1289.31, "Total Cost": 2928.59, "Plan Rows": 77164, "Plan Width": 8, "Actual Rows": 55147, "Actual Loops": 2, "Inner Unique": true, "Hash Cond": "(b.userid = u.id)", "Workers": [], "Plans": [{"Node Type": "Seq Scan", "Parent Relationship": "Outer", "Parallel Aware": false, "Async Capable": false, "Relation Name": "badges", "Alias": "b", "Startup Cost": 0.0, "Total Cost": 1430.14, "Plan Rows": 79663, "Plan Width": 4, "Actual Rows": 79663, "Actual Loops": 2, "Filter": "(date <= '2014-09-11 18:35:08'::timestamp without time zone)", "Rows Removed by Filter": 188, "Workers": []}, {"Node Type": "Hash", "Parent Relationship": "Inner", "Parallel Aware": false, "Async Capable": false, "Startup Cost": 801.06, "Total Cost": 801.06, "Plan Rows": 39060, "Plan Width": 4, "Actual Rows": 39061, "Actual Loops": 2, "Hash Buckets": 65536, "Original Hash Buckets": 65536, "Hash Batches": 1, "Original Hash Batches": 1, "Peak Memory Usage": 1886, "Workers": [], "Plans": [{"Node Type": "Seq Scan", "Parent Relationship": "Outer", "Parallel Aware": false, "Async Capable": false, "Relation Name": "users", "Alias": "u", "Startup Cost": 0.0, "Total Cost": 801.06, "Plan Rows": 39060, "Plan Width": 4, "Actual Rows": 39061, "Actual Loops": 2, "Filter": "(reputation <= 240)", "Rows Removed by Filter": 1264, "Workers": []}]}]}]}]}]}]}]}, "Planning Time": 10.417, "Triggers": [], "Execution Time": 457.438}, {"Plan": {"Node Type": "Aggregate", "Strategy": "Plain", "Partial Mode": "Finalize", "Parallel Aware": false, "Async Capable": false, "Startup Cost": 30756.25, "Total Cost": 30756.26, "Plan Rows": 1, "Plan Width": 8, "Actual Rows": 1, "Actual Loops": 1, "Plans": [{"Node Type": "Gather", "Parent Relationship": "Outer", "Parallel Aware": false, "Async Capable": false, "Startup Cost": 30756.04, "Total Cost": 30756.25, "Plan Rows": 2, "Plan Width": 8, "Actual Rows": 3, "Actual Loops": 1, "Workers Planned": 2, "Workers Launched": 2, "Single Copy": false, "Plans": [{"Node Type": "Aggregate", "Strategy": "Plain", "Partial Mode": "Partial", "Parent Relationship": "Outer", "Parallel Aware": false, "Async Capable": false, "Startup Cost": 29756.04, "Total Cost": 29756.05, "Plan Rows": 1, "Plan Width": 8, "Actual Rows": 1, "Actual Loops": 3, "Workers": [], "Plans": [{"Node Type": "Hash Join", "Parent Relationship": "Outer", "Parallel Aware": false, "Async Capable": false, "Join Type": "Inner", "Startup Cost": 18968.04, "Total Cost": 25866.62, "Plan Rows": 1555769, "Plan Width": 0, "Actual Rows": 956792, "Actual Loops": 3, "Inner Unique": false, "Hash Cond": "(p.owneruserid = u.id)", "Workers": [], "Plans": [{"Node Type": "Hash Join", "Parent Relationship": "Outer", "Parallel Aware": true, "Async Capable": false, "Join Type": "Inner", "Startup Cost": 12783.15, "Total Cost": 18669.4, "Plan Rows": 42453, "Plan Width": 4, "Actual Rows": 297905, "Actual Loops": 3, "Inner Unique": false, "Hash Cond": "(ph.postid = p.id)", "Workers": [], "Plans": [{"Node Type": "Index Only Scan", "Parent Relationship": "Outer", "Parallel Aware": true, "Async Capable": false, "Scan Direction": "Forward", "Index Name": "idx_posthistory_postid", "Relation Name": "posthistory", "Alias": "ph", "Startup Cost": 0.42, "Total Cost": 4847.39, "Plan Rows": 126328, "Plan Width": 4, "Actual Rows": 101062, "Actual Loops": 3, "Heap Fetches": 0, "Workers": []}, {"Node Type": "Hash", "Parent Relationship": "Inner", "Parallel Aware": true, "Async Capable": false, "Startup Cost": 12555.45, "Total Cost": 12555.45, "Plan Rows": 18182, "Plan Width": 16, "Actual Rows": 43481, "Actual Loops": 3, "Hash Buckets": 131072, "Original Hash Buckets": 32768, "Hash Batches": 1, "Original Hash Batches": 1, "Peak Memory Usage": 7936, "Workers": [], "Plans": [{"Node Type": "Nested Loop", "Parent Relationship": "Outer", "Parallel Aware": false, "Async Capable": false, "Join Type": "Inner", "Startup Cost": 4003.73, "Total Cost": 12555.45, "Plan Rows": 18182, "Plan Width": 16, "Actual Rows": 43481, "Actual Loops": 3, "Inner Unique": false, "Join Filter": "(p.id = v.postid)", "Rows Removed by Join Filter": 0, "Workers": [], "Plans": [{"Node Type": "Hash Join", "Parent Relationship": "Outer", "Parallel Aware": false, "Async Capable": false, "Join Type": "Inner", "Startup Cost": 4003.31, "Total Cost": 9171.02, "Plan Rows": 5100, "Plan Width": 12, "Actual Rows": 6686, "Actual Loops": 3, "Inner Unique": true, "Hash Cond": "(c.postid = p.id)", "Workers": [], "Plans": [{"Node Type": "Index Scan", "Parent Relationship": "Outer", "Parallel Aware": true, "Async Capable": false, "Scan Direction": "Forward", "Index Name": "idx_comments_postid", "Relation Name": "comments", "Alias": "c", "Startup Cost": 0.42, "Total Cost": 4959.84, "Plan Rows": 79345, "Plan Width": 4, "Actual Rows": 44962, "Actual Loops": 3, "Filter": "(score = 0)", "Rows Removed by Filter": 13139, "Workers": []}, {"Node Type": "Hash", "Parent Relationship": "Inner", "Parallel Aware": false, "Async Capable": false, "Startup Cost": 3928.99, "Total Cost": 3928.99, "Plan Rows": 5912, "Plan Width": 8, "Actual Rows": 11912, "Actual Loops": 3, "Hash Buckets": 16384, "Original Hash Buckets": 8192, "Hash Batches": 1, "Original Hash Batches": 1, "Peak Memory Usage": 593, "Workers": [], "Plans": [{"Node Type": "Index Scan", "Parent Relationship": "Outer", "Parallel Aware": false, "Async Capable": false, "Scan Direction": "Forward", "Index Name": "posts_pkey", "Relation Name": "posts", "Alias": "p", "Startup Cost": 0.29, "Total Cost": 3928.99, "Plan Rows": 5912, "Plan Width": 8, "Actual Rows": 11912, "Actual Loops": 3, "Filter": "((score <= 21) AND (answercount <= 3) AND (favoritecount >= 0))", "Rows Removed by Filter": 80064, "Workers": []}]}]}, {"Node Type": "Index Scan", "Parent Relationship": "Inner", "Parallel Aware": false, "Async Capable": false, "Scan Direction": "Forward", "Index Name": "idx_votes_postid", "Relation Name": "votes", "Alias": "v", "Startup Cost": 0.42, "Total Cost": 0.6, "Plan Rows": 5, "Plan Width": 4, "Actual Rows": 7, "Actual Loops": 20059, "Index Cond": "(postid = c.postid)", "Rows Removed by Index Recheck": 0, "Filter": "(creationdate >= '2010-07-19 00:00:00'::timestamp without time zone)", "Rows Removed by Filter": 0, "Workers": []}]}]}]}, {"Node Type": "Hash", "Parent Relationship": "Inner", "Parallel Aware": false, "Async Capable": false, "Startup Cost": 5220.33, "Total Cost": 5220.33, "Plan Rows": 77164, "Plan Width": 8, "Actual Rows": 55147, "Actual Loops": 3, "Hash Buckets": 131072, "Original Hash Buckets": 131072, "Hash Batches": 1, "Original Hash Batches": 1, "Peak Memory Usage": 3179, "Workers": [], "Plans": [{"Node Type": "Hash Join", "Parent Relationship": "Outer", "Parallel Aware": false, "Async Capable": false, "Join Type": "Inner", "Startup Cost": 1946.52, "Total Cost": 5220.33, "Plan Rows": 77164, "Plan Width": 8, "Actual Rows": 55147, "Actual Loops": 3, "Inner Unique": true, "Hash Cond": "(b.userid = u.id)", "Workers": [], "Plans": [{"Node Type": "Index Scan", "Parent Relationship": "Outer", "Parallel Aware": false, "Async Capable": false, "Scan Direction": "Forward", "Index Name": "idx_badges_userid", "Relation Name": "badges", "Alias": "b", "Startup Cost": 0.29, "Total Cost": 3064.97, "Plan Rows": 79663, "Plan Width": 4, "Actual Rows": 79663, "Actual Loops": 3, "Filter": "(date <= '2014-09-11 18:35:08'::timestamp without time zone)", "Rows Removed by Filter": 188, "Workers": []}, {"Node Type": "Hash", "Parent Relationship": "Inner", "Parallel Aware": false, "Async Capable": false, "Startup Cost": 1457.98, "Total Cost": 1457.98, "Plan Rows": 39060, "Plan Width": 4, "Actual Rows": 39061, "Actual Loops": 3, "Hash Buckets": 65536, "Original Hash Buckets": 65536, "Hash Batches": 1, "Original Hash Batches": 1, "Peak Memory Usage": 1886, "Workers": [], "Plans": [{"Node Type": "Index Scan", "Parent Relationship": "Outer", "Parallel Aware": false, "Async Capable": false, "Scan Direction": "Forward", "Index Name": "users_pkey", "Relation Name": "users", "Alias": "u", "Startup Cost": 0.29, "Total Cost": 1457.98, "Plan Rows": 39060, "Plan Width": 4, "Actual Rows": 39061, "Actual Loops": 3, "Filter": "(reputation <= 240)", "Rows Removed by Filter": 1264, "Workers": []}]}]}]}]}]}]}]}, "Planning Time": 7.969, "Triggers": [], "Execution Time": 401.357}, {"Plan": {"Node Type": "Aggregate", "Strategy": "Plain", "Partial Mode": "Simple", "Parallel Aware": false, "Async Capable": false, "Startup Cost": 60000068299.64, "Total Cost": 60000068299.65, "Plan Rows": 1, "Plan Width": 8, "Actual Rows": 1, "Actual Loops": 1, "Plans": [{"Node Type": "Merge Join", "Parent Relationship": "Outer", "Parallel Aware": false, "Async Capable": false, "Join Type": "Inner", "Startup Cost": 60000020024.86, "Total Cost": 60000058965.02, "Plan Rows": 3733845, "Plan Width": 0, "Actual Rows": 2870375, "Actual Loops": 1, "Inner Unique": false, "Merge Cond": "(b.userid = u.id)", "Plans": [{"Node Type": "Index Scan", "Parent Relationship": "Outer", "Parallel Aware": false, "Async Capable": false, "Scan Direction": "Forward", "Index Name": "idx_badges_userid", "Relation Name": "badges", "Alias": "b", "Startup Cost": 10000000000.29, "Total Cost": 10000003064.97, "Plan Rows": 79663, "Plan Width": 4, "Actual Rows": 79663, "Actual Loops": 1, "Filter": "(date <= '2014-09-11 18:35:08'::timestamp without time zone)", "Rows Removed by Filter": 188}, {"Node Type": "Materialize", "Parent Relationship": "Inner", "Parallel Aware": false, "Async Capable": false, "Startup Cost": 50000020022.51, "Total Cost": 50000053064.32, "Plan Rows": 97198, "Plan Width": 8, "Actual Rows": 2871893, "Actual Loops": 1, "Plans": [{"Node Type": "Nested Loop", "Parent Relationship": "Outer", "Parallel Aware": false, "Async Capable": false, "Join Type": "Inner", "Startup Cost": 50000020022.51, "Total Cost": 50000052821.33, "Plan Rows": 97198, "Plan Width": 8, "Actual Rows": 492955, "Actual Loops": 1, "Inner Unique": false, "Plans": [{"Node Type": "Merge Join", "Parent Relationship": "Outer", "Parallel Aware": false, "Async Capable": false, "Join Type": "Inner", "Startup Cost": 40000020021.71, "Total Cost": 40000021990.42, "Plan Rows": 27264, "Plan Width": 20, "Actual Rows": 80335, "Actual Loops": 1, "Inner Unique": true, "Merge Cond": "(p.owneruserid = u.id)", "Plans": [{"Node Type": "Sort", "Parent Relationship": "Outer", "Parallel Aware": false, "Async Capable": false, "Startup Cost": 30000020021.42, "Total Cost": 30000020092.87, "Plan Rows": 28580, "Plan Width": 16, "Actual Rows": 124948, "Actual Loops": 1, "Sort Key": ["p.owneruserid"], "Sort Method": "quicksort", "Sort Space Used": 8041, "Sort Space Type": "Memory", "Plans": [{"Node Type": "Merge Join", "Parent Relationship": "Outer", "Parallel Aware": false, "Async Capable": false, "Join Type": "Inner", "Startup Cost": 30000000001.14, "Total Cost": 30000017906.11, "Plan Rows": 28580, "Plan Width": 16, "Actual Rows": 127200, "Actual Loops": 1, "Inner Unique": false, "Merge Cond": "(p.id = ph.postid)", "Plans": [{"Node Type": "Merge Join", "Parent Relationship": "Outer", "Parallel Aware": false, "Async Capable": false, "Join Type": "Inner", "Startup Cost": 20000000000.71, "Total Cost": 20000010224.69, "Plan Rows": 8670, "Plan Width": 12, "Actual Rows": 20059, "Actual Loops": 1, "Inner Unique": true, "Merge Cond": "(c.postid = p.id)", "Plans": [{"Node Type": "Index Scan", "Parent Relationship": "Outer", "Parallel Aware": false, "Async Capable": false, "Scan Direction": "Forward", "Index Name": "idx_comments_postid", "Relation Name": "comments", "Alias": "c", "Startup Cost": 10000000000.42, "Total Cost": 10000005857.0, "Plan Rows": 134887, "Plan Width": 4, "Actual Rows": 134874, "Actual Loops": 1, "Filter": "(score = 0)", "Rows Removed by Filter": 39417}, {"Node Type": "Index Scan", "Parent Relationship": "Inner", "Parallel Aware": false, "Async Capable": false, "Scan Direction": "Forward", "Index Name": "posts_pkey", "Relation Name": "posts", "Alias": "p", "Startup Cost": 10000000000.29, "Total Cost": 10000003928.99, "Plan Rows": 5912, "Plan Width": 8, "Actual Rows": 11912, "Actual Loops": 1, "Filter": "((score <= 21) AND (answercount <= 3) AND (favoritecount >= 0))", "Rows Removed by Filter": 80064}]}, {"Node Type": "Index Only Scan", "Parent Relationship": "Inner", "Parallel Aware": false, "Async Capable": false, "Scan Direction": "Forward", "Index Name": "idx_posthistory_postid", "Relation Name": "posthistory", "Alias": "ph", "Startup Cost": 10000000000.42, "Total Cost": 10000006615.98, "Plan Rows": 303187, "Plan Width": 4, "Actual Rows": 390278, "Actual Loops": 1, "Heap Fetches": 0}]}]}, {"Node Type": "Index Scan", "Parent Relationship": "Inner", "Parallel Aware": false, "Async Capable": false, "Scan Direction": "Forward", "Index Name": "users_pkey", "Relation Name": "users", "Alias": "u", "Startup Cost": 10000000000.29, "Total Cost": 10000001457.98, "Plan Rows": 39060, "Plan Width": 4, "Actual Rows": 38963, "Actual Loops": 1, "Filter": "(reputation <= 240)", "Rows Removed by Filter": 1264}]}, {"Node Type": "Memoize", "Parent Relationship": "Inner", "Parallel Aware": false, "Async Capable": false, "Startup Cost": 0.8, "Total Cost": 4.88, "Plan Rows": 5, "Plan Width": 4, "Actual Rows": 6, "Actual Loops": 80335, "Cache Key": "p.id", "Cache Mode": "logical", "Cache Hits": 76104, "Cache Misses": 4231, "Cache Evictions": 0, "Cache Overflows": 0, "Peak Memory Usage": 1092, "Plans": [{"Node Type": "Bitmap Heap Scan", "Parent Relationship": "Outer", "Parallel Aware": false, "Async Capable": false, "Relation Name": "votes", "Alias": "v", "Startup Cost": 0.79, "Total Cost": 4.87, "Plan Rows": 5, "Plan Width": 4, "Actual Rows": 5, "Actual Loops": 4231, "Recheck Cond": "(p.id = postid)", "Rows Removed by Index Recheck": 0, "Filter": "(creationdate >= '2010-07-19 00:00:00'::timestamp without time zone)", "Rows Removed by Filter": 0, "Exact Heap Blocks": 14181, "Lossy Heap Blocks": 0, "Plans": [{"Node Type": "Bitmap Index Scan", "Parent Relationship": "Outer", "Parallel Aware": false, "Async Capable": false, "Index Name": "idx_votes_postid", "Startup Cost": 0.0, "Total Cost": 0.79, "Plan Rows": 5, "Plan Width": 0, "Actual Rows": 5, "Actual Loops": 4231, "Index Cond": "(postid = p.id)"}]}]}]}]}]}]}, "Planning Time": 5.967, "Triggers": [], "Execution Time": 737.959}, {"Plan": {"Node Type": "Aggregate", "Strategy": "Plain", "Partial Mode": "Simple", "Parallel Aware": false, "Async Capable": false, "Startup Cost": 10000153559.45, "Total Cost": 10000153559.46, "Plan Rows": 1, "Plan Width": 8, "Actual Rows": 1, "Actual Loops": 1, "Plans": [{"Node Type": "Nested Loop", "Parent Relationship": "Outer", "Parallel Aware": false, "Async Capable": false, "Join Type": "Inner", "Startup Cost": 10000000003.35, "Total Cost": 10000144224.83, "Plan Rows": 3733845, "Plan Width": 0, "Actual Rows": 2870375, "Actual Loops": 1, "Inner Unique": false, "Join Filter": "(b.userid = u.id)", "Rows Removed by Join Filter": 0, "Plans": [{"Node Type": "Nested Loop", "Parent Relationship": "Outer", "Parallel Aware": false, "Async Capable": false, "Join Type": "Inner", "Startup Cost": 10000000002.93, "Total Cost": 10000114883.46, "Plan Rows": 97198, "Plan Width": 8, "Actual Rows": 493271, "Actual Loops": 1, "Inner Unique": false, "Plans": [{"Node Type": "Nested Loop", "Parent Relationship": "Outer", "Parallel Aware": false, "Async Capable": false, "Join Type": "Inner", "Startup Cost": 10000000002.13, "Total Cost": 10000084376.03, "Plan Rows": 29486, "Plan Width": 20, "Actual Rows": 71863, "Actual Loops": 1, "Inner Unique": false, "Plans": [{"Node Type": "Nested Loop", "Parent Relationship": "Outer", "Parallel Aware": false, "Async Capable": false, "Join Type": "Inner", "Startup Cost": 10000000001.32, "Total Cost": 10000054972.02, "Plan Rows": 8271, "Plan Width": 16, "Actual Rows": 12716, "Actual Loops": 1, "Inner Unique": false, "Plans": [{"Node Type": "Nested Loop", "Parent Relationship": "Outer", "Parallel Aware": false, "Async Capable": false, "Join Type": "Inner", "Startup Cost": 10000000000.68, "Total Cost": 10000028348.12, "Plan Rows": 5640, "Plan Width": 12, "Actual Rows": 7505, "Actual Loops": 1, "Inner Unique": true, "Plans": [{"Node Type": "Index Scan", "Parent Relationship": "Outer", "Parallel Aware": false, "Async Capable": false, "Scan Direction": "Forward", "Index Name": "idx_posts_owneruserid", "Relation Name": "posts", "Alias": "p", "Startup Cost": 10000000000.29, "Total Cost": 10000004783.49, "Plan Rows": 5912, "Plan Width": 8, "Actual Rows": 11912, "Actual Loops": 1, "Filter": "((score <= 21) AND (answercount <= 3) AND (favoritecount >= 0))", "Rows Removed by Filter": 80064}, {"Node Type": "Memoize", "Parent Relationship": "Inner", "Parallel Aware": false, "Async Capable": false, "Startup Cost": 0.38, "Total Cost": 4.4, "Plan Rows": 1, "Plan Width": 4, "Actual Rows": 1, "Actual Loops": 11912, "Cache Key": "p.owneruserid", "Cache Mode": "logical", "Cache Hits": 5489, "Cache Misses": 6423, "Cache Evictions": 0, "Cache Overflows": 0, "Peak Memory Usage": 623, "Plans": [{"Node Type": "Bitmap Heap Scan", "Parent Relationship": "Outer", "Parallel Aware": false, "Async Capable": false, "Relation Name": "users", "Alias": "u", "Startup Cost": 0.37, "Total Cost": 4.39, "Plan Rows": 1, "Plan Width": 4, "Actual Rows": 1, "Actual Loops": 6423, "Recheck Cond": "(p.owneruserid = id)", "Rows Removed by Index Recheck": 0, "Filter": "(reputation <= 240)", "Rows Removed by Filter": 0, "Exact Heap Blocks": 6422, "Lossy Heap Blocks": 0, "Plans": [{"Node Type": "Bitmap Index Scan", "Parent Relationship": "Outer", "Parallel Aware": false, "Async Capable": false, "Index Name": "users_pkey", "Startup Cost": 0.0, "Total Cost": 0.37, "Plan Rows": 1, "Plan Width": 0, "Actual Rows": 1, "Actual Loops": 6423, "Index Cond": "(id = p.owneruserid)"}]}]}]}, {"Node Type": "Bitmap Heap Scan", "Parent Relationship": "Inner", "Parallel Aware": false, "Async Capable": false, "Relation Name": "comments", "Alias": "c", "Startup Cost": 0.65, "Total Cost": 4.69, "Plan Rows": 3, "Plan Width": 4, "Actual Rows": 2, "Actual Loops": 7505, "Recheck Cond": "(postid = p.id)", "Rows Removed by Index Recheck": 0, "Filter": "(score = 0)", "Rows Removed by Filter": 1, "Exact Heap Blocks": 7679, "Lossy Heap Blocks": 0, "Plans": [{"Node Type": "Bitmap Index Scan", "Parent Relationship": "Outer", "Parallel Aware": false, "Async Capable": false, "Index Name": "idx_comments_postid", "Startup Cost": 0.0, "Total Cost": 0.64, "Plan Rows": 3, "Plan Width": 0, "Actual Rows": 2, "Actual Loops": 7505, "Index Cond": "(postid = p.id)"}]}]}, {"Node Type": "Memoize", "Parent Relationship": "Inner", "Parallel Aware": false, "Async Capable": false, "Startup Cost": 0.8, "Total Cost": 4.88, "Plan Rows": 5, "Plan Width": 4, "Actual Rows": 6, "Actual Loops": 12716, "Cache Key": "p.id", "Cache Mode": "logical", "Cache Hits": 8483, "Cache Misses": 4233, "Cache Evictions": 0, "Cache Overflows": 0, "Peak Memory Usage": 1092, "Plans": [{"Node Type": "Bitmap Heap Scan", "Parent Relationship": "Outer", "Parallel Aware": false, "Async Capable": false, "Relation Name": "votes", "Alias": "v", "Startup Cost": 0.79, "Total Cost": 4.87, "Plan Rows": 5, "Plan Width": 4, "Actual Rows": 5, "Actual Loops": 4233, "Recheck Cond": "(p.id = postid)", "Rows Removed by Index Recheck": 0, "Filter": "(creationdate >= '2010-07-19 00:00:00'::timestamp without time zone)", "Rows Removed by Filter": 0, "Exact Heap Blocks": 14185, "Lossy Heap Blocks": 0, "Plans": [{"Node Type": "Bitmap Index Scan", "Parent Relationship": "Outer", "Parallel Aware": false, "Async Capable": false, "Index Name": "idx_votes_postid", "Startup Cost": 0.0, "Total Cost": 0.79, "Plan Rows": 5, "Plan Width": 0, "Actual Rows": 5, "Actual Loops": 4233, "Index Cond": "(postid = p.id)"}]}]}]}, {"Node Type": "Memoize", "Parent Relationship": "Inner", "Parallel Aware": false, "Async Capable": false, "Startup Cost": 0.81, "Total Cost": 4.86, "Plan Rows": 4, "Plan Width": 4, "Actual Rows": 7, "Actual Loops": 71863, "Cache Key": "p.id", "Cache Mode": "logical", "Cache Hits": 67694, "Cache Misses": 4169, "Cache Evictions": 0, "Cache Overflows": 0, "Peak Memory Usage": 1149, "Plans": [{"Node Type": "Bitmap Heap Scan", "Parent Relationship": "Outer", "Parallel Aware": false, "Async Capable": false, "Relation Name": "posthistory", "Alias": "ph", "Startup Cost": 0.8, "Total Cost": 4.85, "Plan Rows": 4, "Plan Width": 4, "Actual Rows": 6, "Actual Loops": 4169, "Recheck Cond": "(p.id = postid)", "Rows Removed by Index Recheck": 0, "Exact Heap Blocks": 7736, "Lossy Heap Blocks": 0, "Plans": [{"Node Type": "Bitmap Index Scan", "Parent Relationship": "Outer", "Parallel Aware": false, "Async Capable": false, "Index Name": "idx_posthistory_postid", "Startup Cost": 0.0, "Total Cost": 0.8, "Plan Rows": 4, "Plan Width": 0, "Actual Rows": 6, "Actual Loops": 4169, "Index Cond": "(postid = p.id)"}]}]}]}, {"Node Type": "Memoize", "Parent Relationship": "Inner", "Parallel Aware": false, "Async Capable": false, "Startup Cost": 0.42, "Total Cost": 4.46, "Plan Rows": 3, "Plan Width": 4, "Actual Rows": 6, "Actual Loops": 493271, "Cache Key": "p.owneruserid", "Cache Mode": "logical", "Cache Hits": 489815, "Cache Misses": 3456, "Cache Evictions": 0, "Cache Overflows": 0, "Peak Memory Usage": 730, "Plans": [{"Node Type": "Bitmap Heap Scan", "Parent Relationship": "Outer", "Parallel Aware": false, "Async Capable": false, "Relation Name": "badges", "Alias": "b", "Startup Cost": 0.41, "Total Cost": 4.45, "Plan Rows": 3, "Plan Width": 4, "Actual Rows": 4, "Actual Loops": 3456, "Recheck Cond": "(p.owneruserid = userid)", "Rows Removed by Index Recheck": 0, "Filter": "(date <= '2014-09-11 18:35:08'::timestamp without time zone)", "Rows Removed by Filter": 0, "Exact Heap Blocks": 10527, "Lossy Heap Blocks": 0, "Plans": [{"Node Type": "Bitmap Index Scan", "Parent Relationship": "Outer", "Parallel Aware": false, "Async Capable": false, "Index Name": "idx_badges_userid", "Startup Cost": 0.0, "Total Cost": 0.41, "Plan Rows": 3, "Plan Width": 0, "Actual Rows": 4, "Actual Loops": 3456, "Index Cond": "(userid = p.owneruserid)"}]}]}]}]}, "Planning Time": 5.679, "Triggers": [], "Execution Time": 687.14}, {"Plan": {"Node Type": "Aggregate", "Strategy": "Plain", "Partial Mode": "Finalize", "Parallel Aware": false, "Async Capable": false, "Startup Cost": 44795.58, "Total Cost": 44795.59, "Plan Rows": 1, "Plan Width": 8, "Actual Rows": 1, "Actual Loops": 1, "Plans": [{"Node Type": "Gather", "Parent Relationship": "Outer", "Parallel Aware": false, "Async Capable": false, "Startup Cost": 44795.47, "Total Cost": 44795.58, "Plan Rows": 1, "Plan Width": 8, "Actual Rows": 2, "Actual Loops": 1, "Workers Planned": 1, "Workers Launched": 1, "Single Copy": false, "Plans": [{"Node Type": "Aggregate", "Strategy": "Plain", "Partial Mode": "Partial", "Parent Relationship": "Outer", "Parallel Aware": false, "Async Capable": false, "Startup Cost": 43795.47, "Total Cost": 43795.48, "Plan Rows": 1, "Plan Width": 8, "Actual Rows": 1, "Actual Loops": 2, "Workers": [], "Plans": [{"Node Type": "Hash Join", "Parent Relationship": "Outer", "Parallel Aware": false, "Async Capable": false, "Join Type": "Inner", "Startup Cost": 27583.46, "Total Cost": 38304.52, "Plan Rows": 2196379, "Plan Width": 0, "Actual Rows": 1435188, "Actual Loops": 2, "Inner Unique": false, "Hash Cond": "(p.owneruserid = u.id)", "Workers": [], "Plans": [{"Node Type": "Hash Join", "Parent Relationship": "Outer", "Parallel Aware": true, "Async Capable": false, "Join Type": "Inner", "Startup Cost": 21398.57, "Total Cost": 30690.46, "Plan Rows": 59934, "Plan Width": 4, "Actual Rows": 446858, "Actual Loops": 2, "Inner Unique": false, "Hash Cond": "(ph.postid = p.id)", "Workers": [], "Plans": [{"Node Type": "Index Scan", "Parent Relationship": "Outer", "Parallel Aware": true, "Async Capable": false, "Scan Direction": "Forward", "Index Name": "idx_posthistory_postid", "Relation Name": "posthistory", "Alias": "ph", "Startup Cost": 0.42, "Total Cost": 7825.09, "Plan Rows": 178345, "Plan Width": 4, "Actual Rows": 151594, "Actual Loops": 2, "Workers": []}, {"Node Type": "Hash", "Parent Relationship": "Inner", "Parallel Aware": true, "Async Capable": false, "Startup Cost": 21170.88, "Total Cost": 21170.88, "Plan Rows": 18182, "Plan Width": 16, "Actual Rows": 65221, "Actual Loops": 2, "Hash Buckets": 131072, "Original Hash Buckets": 32768, "Hash Batches": 1, "Original Hash Batches": 1, "Peak Memory Usage": 7968, "Workers": [], "Plans": [{"Node Type": "Hash Join", "Parent Relationship": "Outer", "Parallel Aware": true, "Async Capable": false, "Join Type": "Inner", "Startup Cost": 9235.2, "Total Cost": 21170.88, "Plan Rows": 18182, "Plan Width": 16, "Actual Rows": 65221, "Actual Loops": 2, "Inner Unique": false, "Hash Cond": "(v.postid = p.id)", "Workers": [], "Plans": [{"Node Type": "Index Scan", "Parent Relationship": "Outer", "Parallel Aware": true, "Async Capable": false, "Scan Direction": "Forward", "Index Name": "idx_votes_postid", "Relation Name": "votes", "Alias": "v", "Startup Cost": 0.42, "Total Cost": 11105.86, "Plan Rows": 192879, "Plan Width": 4, "Actual Rows": 163991, "Actual Loops": 2, "Filter": "(creationdate >= '2010-07-19 00:00:00'::timestamp without time zone)", "Rows Removed by Filter": 41, "Workers": []}, {"Node Type": "Hash", "Parent Relationship": "Inner", "Parallel Aware": true, "Async Capable": false, "Startup Cost": 9171.02, "Total Cost": 9171.02, "Plan Rows": 5100, "Plan Width": 12, "Actual Rows": 10030, "Actual Loops": 2, "Hash Buckets": 32768, "Original Hash Buckets": 16384, "Hash Batches": 1, "Original Hash Batches": 1, "Peak Memory Usage": 1376, "Workers": [], "Plans": [{"Node Type": "Hash Join", "Parent Relationship": "Outer", "Parallel Aware": false, "Async Capable": false, "Join Type": "Inner", "Startup Cost": 4003.31, "Total Cost": 9171.02, "Plan Rows": 5100, "Plan Width": 12, "Actual Rows": 10030, "Actual Loops": 2, "Inner Unique": true, "Hash Cond": "(c.postid = p.id)", "Workers": [], "Plans": [{"Node Type": "Index Scan", "Parent Relationship": "Outer", "Parallel Aware": true, "Async Capable": false, "Scan Direction": "Forward", "Index Name": "idx_comments_postid", "Relation Name": "comments", "Alias": "c", "Startup Cost": 0.42, "Total Cost": 4959.84, "Plan Rows": 79345, "Plan Width": 4, "Actual Rows": 67444, "Actual Loops": 2, "Filter": "(score = 0)", "Rows Removed by Filter": 19709, "Workers": []}, {"Node Type": "Hash", "Parent Relationship": "Inner", "Parallel Aware": false, "Async Capable": false, "Startup Cost": 3928.99, "Total Cost": 3928.99, "Plan Rows": 5912, "Plan Width": 8, "Actual Rows": 11912, "Actual Loops": 2, "Hash Buckets": 16384, "Original Hash Buckets": 8192, "Hash Batches": 1, "Original Hash Batches": 1, "Peak Memory Usage": 593, "Workers": [], "Plans": [{"Node Type": "Index Scan", "Parent Relationship": "Outer", "Parallel Aware": false, "Async Capable": false, "Scan Direction": "Forward", "Index Name": "posts_pkey", "Relation Name": "posts", "Alias": "p", "Startup Cost": 0.29, "Total Cost": 3928.99, "Plan Rows": 5912, "Plan Width": 8, "Actual Rows": 11912, "Actual Loops": 2, "Filter": "((score <= 21) AND (answercount <= 3) AND (favoritecount >= 0))", "Rows Removed by Filter": 80064, "Workers": []}]}]}]}]}]}]}, {"Node Type": "Hash", "Parent Relationship": "Inner", "Parallel Aware": false, "Async Capable": false, "Startup Cost": 5220.33, "Total Cost": 5220.33, "Plan Rows": 77164, "Plan Width": 8, "Actual Rows": 55147, "Actual Loops": 2, "Hash Buckets": 131072, "Original Hash Buckets": 131072, "Hash Batches": 1, "Original Hash Batches": 1, "Peak Memory Usage": 3179, "Workers": [], "Plans": [{"Node Type": "Hash Join", "Parent Relationship": "Outer", "Parallel Aware": false, "Async Capable": false, "Join Type": "Inner", "Startup Cost": 1946.52, "Total Cost": 5220.33, "Plan Rows": 77164, "Plan Width": 8, "Actual Rows": 55147, "Actual Loops": 2, "Inner Unique": true, "Hash Cond": "(b.userid = u.id)", "Workers": [], "Plans": [{"Node Type": "Index Scan", "Parent Relationship": "Outer", "Parallel Aware": false, "Async Capable": false, "Scan Direction": "Forward", "Index Name": "idx_badges_userid", "Relation Name": "badges", "Alias": "b", "Startup Cost": 0.29, "Total Cost": 3064.97, "Plan Rows": 79663, "Plan Width": 4, "Actual Rows": 79663, "Actual Loops": 2, "Filter": "(date <= '2014-09-11 18:35:08'::timestamp without time zone)", "Rows Removed by Filter": 188, "Workers": []}, {"Node Type": "Hash", "Parent Relationship": "Inner", "Parallel Aware": false, "Async Capable": false, "Startup Cost": 1457.98, "Total Cost": 1457.98, "Plan Rows": 39060, "Plan Width": 4, "Actual Rows": 39061, "Actual Loops": 2, "Hash Buckets": 65536, "Original Hash Buckets": 65536, "Hash Batches": 1, "Original Hash Batches": 1, "Peak Memory Usage": 1886, "Workers": [], "Plans": [{"Node Type": "Index Scan", "Parent Relationship": "Outer", "Parallel Aware": false, "Async Capable": false, "Scan Direction": "Forward", "Index Name": "users_pkey", "Relation Name": "users", "Alias": "u", "Startup Cost": 0.29, "Total Cost": 1457.98, "Plan Rows": 39060, "Plan Width": 4, "Actual Rows": 39061, "Actual Loops": 2, "Filter": "(reputation <= 240)", "Rows Removed by Filter": 1264, "Workers": []}]}]}]}]}]}]}]}, "Planning Time": 9.313, "Triggers": [], "Execution Time": 752.062}, {"Plan": {"Node Type": "Aggregate", "Strategy": "Plain", "Partial Mode": "Finalize", "Parallel Aware": false, "Async Capable": false, "Startup Cost": 44777.53, "Total Cost": 44777.54, "Plan Rows": 1, "Plan Width": 8, "Actual Rows": 1, "Actual Loops": 1, "Plans": [{"Node Type": "Gather", "Parent Relationship": "Outer", "Parallel Aware": false, "Async Capable": false, "Startup Cost": 44777.42, "Total Cost": 44777.53, "Plan Rows": 1, "Plan Width": 8, "Actual Rows": 2, "Actual Loops": 1, "Workers Planned": 1, "Workers Launched": 1, "Single Copy": false, "Plans": [{"Node Type": "Aggregate", "Strategy": "Plain", "Partial Mode": "Partial", "Parent Relationship": "Outer", "Parallel Aware": false, "Async Capable": false, "Startup Cost": 43777.42, "Total Cost": 43777.43, "Plan Rows": 1, "Plan Width": 8, "Actual Rows": 1, "Actual Loops": 2, "Workers": [], "Plans": [{"Node Type": "Hash Join", "Parent Relationship": "Outer", "Parallel Aware": false, "Async Capable": false, "Join Type": "Inner", "Startup Cost": 27565.41, "Total Cost": 38286.47, "Plan Rows": 2196379, "Plan Width": 0, "Actual Rows": 1435188, "Actual Loops": 2, "Inner Unique": false, "Hash Cond": "(p.owneruserid = u.id)", "Workers": [], "Plans": [{"Node Type": "Hash Join", "Parent Relationship": "Outer", "Parallel Aware": true, "Async Capable": false, "Join Type": "Inner", "Startup Cost": 21380.52, "Total Cost": 30672.41, "Plan Rows": 59934, "Plan Width": 4, "Actual Rows": 446858, "Actual Loops": 2, "Inner Unique": false, "Hash Cond": "(ph.postid = p.id)", "Workers": [], "Plans": [{"Node Type": "Index Scan", "Parent Relationship": "Outer", "Parallel Aware": true, "Async Capable": false, "Scan Direction": "Forward", "Index Name": "idx_posthistory_postid", "Relation Name": "posthistory", "Alias": "ph", "Startup Cost": 0.42, "Total Cost": 7825.09, "Plan Rows": 178345, "Plan Width": 4, "Actual Rows": 151594, "Actual Loops": 2, "Workers": []}, {"Node Type": "Hash", "Parent Relationship": "Inner", "Parallel Aware": true, "Async Capable": false, "Startup Cost": 21152.83, "Total Cost": 21152.83, "Plan Rows": 18182, "Plan Width": 16, "Actual Rows": 65221, "Actual Loops": 2, "Hash Buckets": 131072, "Original Hash Buckets": 32768, "Hash Batches": 1, "Original Hash Batches": 1, "Peak Memory Usage": 7936, "Workers": [], "Plans": [{"Node Type": "Hash Join", "Parent Relationship": "Outer", "Parallel Aware": true, "Async Capable": false, "Join Type": "Inner", "Startup Cost": 9217.15, "Total Cost": 21152.83, "Plan Rows": 18182, "Plan Width": 16, "Actual Rows": 65221, "Actual Loops": 2, "Inner Unique": false, "Hash Cond": "(v.postid = p.id)", "Workers": [], "Plans": [{"Node Type": "Index Scan", "Parent Relationship": "Outer", "Parallel Aware": true, "Async Capable": false, "Scan Direction": "Forward", "Index Name": "idx_votes_postid", "Relation Name": "votes", "Alias": "v", "Startup Cost": 0.42, "Total Cost": 11105.86, "Plan Rows": 192879, "Plan Width": 4, "Actual Rows": 163991, "Actual Loops": 2, "Filter": "(creationdate >= '2010-07-19 00:00:00'::timestamp without time zone)", "Rows Removed by Filter": 41, "Workers": []}, {"Node Type": "Hash", "Parent Relationship": "Inner", "Parallel Aware": true, "Async Capable": false, "Startup Cost": 9152.97, "Total Cost": 9152.97, "Plan Rows": 5100, "Plan Width": 12, "Actual Rows": 10030, "Actual Loops": 2, "Hash Buckets": 32768, "Original Hash Buckets": 16384, "Hash Batches": 1, "Original Hash Batches": 1, "Peak Memory Usage": 1376, "Workers": [], "Plans": [{"Node Type": "Merge Join", "Parent Relationship": "Outer", "Parallel Aware": false, "Async Capable": false, "Join Type": "Inner", "Startup Cost": 0.71, "Total Cost": 9152.97, "Plan Rows": 5100, "Plan Width": 12, "Actual Rows": 10030, "Actual Loops": 2, "Inner Unique": true, "Merge Cond": "(c.postid = p.id)", "Workers": [], "Plans": [{"Node Type": "Index Scan", "Parent Relationship": "Outer", "Parallel Aware": true, "Async Capable": false, "Scan Direction": "Forward", "Index Name": "idx_comments_postid", "Relation Name": "comments", "Alias": "c", "Startup Cost": 0.42, "Total Cost": 4959.84, "Plan Rows": 79345, "Plan Width": 4, "Actual Rows": 67437, "Actual Loops": 2, "Filter": "(score = 0)", "Rows Removed by Filter": 19708, "Workers": []}, {"Node Type": "Index Scan", "Parent Relationship": "Inner", "Parallel Aware": false, "Async Capable": false, "Scan Direction": "Forward", "Index Name": "posts_pkey", "Relation Name": "posts", "Alias": "p", "Startup Cost": 0.29, "Total Cost": 3928.99, "Plan Rows": 5912, "Plan Width": 8, "Actual Rows": 11908, "Actual Loops": 2, "Filter": "((score <= 21) AND (answercount <= 3) AND (favoritecount >= 0))", "Rows Removed by Filter": 79976, "Workers": []}]}]}]}]}]}, {"Node Type": "Hash", "Parent Relationship": "Inner", "Parallel Aware": false, "Async Capable": false, "Startup Cost": 5220.33, "Total Cost": 5220.33, "Plan Rows": 77164, "Plan Width": 8, "Actual Rows": 55147, "Actual Loops": 2, "Hash Buckets": 131072, "Original Hash Buckets": 131072, "Hash Batches": 1, "Original Hash Batches": 1, "Peak Memory Usage": 3179, "Workers": [], "Plans": [{"Node Type": "Hash Join", "Parent Relationship": "Outer", "Parallel Aware": false, "Async Capable": false, "Join Type": "Inner", "Startup Cost": 1946.52, "Total Cost": 5220.33, "Plan Rows": 77164, "Plan Width": 8, "Actual Rows": 55147, "Actual Loops": 2, "Inner Unique": true, "Hash Cond": "(b.userid = u.id)", "Workers": [], "Plans": [{"Node Type": "Index Scan", "Parent Relationship": "Outer", "Parallel Aware": false, "Async Capable": false, "Scan Direction": "Forward", "Index Name": "idx_badges_userid", "Relation Name": "badges", "Alias": "b", "Startup Cost": 0.29, "Total Cost": 3064.97, "Plan Rows": 79663, "Plan Width": 4, "Actual Rows": 79663, "Actual Loops": 2, "Filter": "(date <= '2014-09-11 18:35:08'::timestamp without time zone)", "Rows Removed by Filter": 188, "Workers": []}, {"Node Type": "Hash", "Parent Relationship": "Inner", "Parallel Aware": false, "Async Capable": false, "Startup Cost": 1457.98, "Total Cost": 1457.98, "Plan Rows": 39060, "Plan Width": 4, "Actual Rows": 39061, "Actual Loops": 2, "Hash Buckets": 65536, "Original Hash Buckets": 65536, "Hash Batches": 1, "Original Hash Batches": 1, "Peak Memory Usage": 1886, "Workers": [], "Plans": [{"Node Type": "Index Scan", "Parent Relationship": "Outer", "Parallel Aware": false, "Async Capable": false, "Scan Direction": "Forward", "Index Name": "users_pkey", "Relation Name": "users", "Alias": "u", "Startup Cost": 0.29, "Total Cost": 1457.98, "Plan Rows": 39060, "Plan Width": 4, "Actual Rows": 39061, "Actual Loops": 2, "Filter": "(reputation <= 240)", "Rows Removed by Filter": 1264, "Workers": []}]}]}]}]}]}]}]}, "Planning Time": 12.558, "Triggers": [], "Execution Time": 730.961}, {"Plan": {"Node Type": "Aggregate", "Strategy": "Plain", "Partial Mode": "Finalize", "Parallel Aware": false, "Async Capable": false, "Startup Cost": 35468.42, "Total Cost": 35468.43, "Plan Rows": 1, "Plan Width": 8, "Actual Rows": 1, "Actual Loops": 1, "Plans": [{"Node Type": "Gather", "Parent Relationship": "Outer", "Parallel Aware": false, "Async Capable": false, "Startup Cost": 35468.31, "Total Cost": 35468.42, "Plan Rows": 1, "Plan Width": 8, "Actual Rows": 2, "Actual Loops": 1, "Workers Planned": 1, "Workers Launched": 1, "Single Copy": false, "Plans": [{"Node Type": "Aggregate", "Strategy": "Plain", "Partial Mode": "Partial", "Parent Relationship": "Outer", "Parallel Aware": false, "Async Capable": false, "Startup Cost": 34468.31, "Total Cost": 34468.32, "Plan Rows": 1, "Plan Width": 8, "Actual Rows": 1, "Actual Loops": 2, "Workers": [], "Plans": [{"Node Type": "Merge Join", "Parent Relationship": "Outer", "Parallel Aware": false, "Async Capable": false, "Join Type": "Inner", "Startup Cost": 9469.24, "Total Cost": 28977.36, "Plan Rows": 2196379, "Plan Width": 0, "Actual Rows": 1435188, "Actual Loops": 2, "Inner Unique": false, "Merge Cond": "(u.id = b.userid)", "Workers": [], "Plans": [{"Node Type": "Nested Loop", "Parent Relationship": "Outer", "Parallel Aware": false, "Async Capable": false, "Join Type": "Inner", "Startup Cost": 9468.17, "Total Cost": 24075.45, "Plan Rows": 57175, "Plan Width": 8, "Actual Rows": 246478, "Actual Loops": 2, "Inner Unique": false, "Join Filter": "(p.id = v.postid)", "Rows Removed by Join Filter": 0, "Workers": [], "Plans": [{"Node Type": "Nested Loop", "Parent Relationship": "Outer", "Parallel Aware": false, "Async Capable": false, "Join Type": "Inner", "Startup Cost": 9467.75, "Total Cost": 14132.29, "Plan Rows": 16038, "Plan Width": 20, "Actual Rows": 40168, "Actual Loops": 2, "Inner Unique": false, "Join Filter": "(p.id = ph.postid)", "Rows Removed by Join Filter": 0, "Workers": [], "Plans": [{"Node Type": "Merge Join", "Parent Relationship": "Outer", "Parallel Aware": false, "Async Capable": false, "Join Type": "Inner", "Startup Cost": 9467.33, "Total Cost": 11096.43, "Plan Rows": 4865, "Plan Width": 16, "Actual Rows": 6352, "Actual Loops": 2, "Inner Unique": true, "Merge Cond": "(p.owneruserid = u.id)", "Workers": [], "Plans": [{"Node Type": "Sort", "Parent Relationship": "Outer", "Parallel Aware": false, "Async Capable": false, "Startup Cost": 9467.04, "Total Cost": 9479.79, "Plan Rows": 5100, "Plan Width": 12, "Actual Rows": 9861, "Actual Loops": 2, "Sort Key": ["p.owneruserid"], "Sort Method": "quicksort", "Sort Space Used": 830, "Sort Space Type": "Memory", "Workers": [{"Worker Number": 0, "Sort Method": "quicksort", "Sort Space Used": 720, "Sort Space Type": "Memory"}], "Plans": [{"Node Type": "Merge Join", "Parent Relationship": "Outer", "Parallel Aware": false, "Async Capable": false, "Join Type": "Inner", "Startup Cost": 0.71, "Total Cost": 9152.97, "Plan Rows": 5100, "Plan Width": 12, "Actual Rows": 10030, "Actual Loops": 2, "Inner Unique": true, "Merge Cond": "(c.postid = p.id)", "Workers": [], "Plans": [{"Node Type": "Index Scan", "Parent Relationship": "Outer", "Parallel Aware": true, "Async Capable": false, "Scan Direction": "Forward", "Index Name": "idx_comments_postid", "Relation Name": "comments", "Alias": "c", "Startup Cost": 0.42, "Total Cost": 4959.84, "Plan Rows": 79345, "Plan Width": 4, "Actual Rows": 67437, "Actual Loops": 2, "Filter": "(score = 0)", "Rows Removed by Filter": 19708, "Workers": []}, {"Node Type": "Index Scan", "Parent Relationship": "Inner", "Parallel Aware": false, "Async Capable": false, "Scan Direction": "Forward", "Index Name": "posts_pkey", "Relation Name": "posts", "Alias": "p", "Startup Cost": 0.29, "Total Cost": 3928.99, "Plan Rows": 5912, "Plan Width": 8, "Actual Rows": 11908, "Actual Loops": 2, "Filter": "((score <= 21) AND (answercount <= 3) AND (favoritecount >= 0))", "Rows Removed by Filter": 79976, "Workers": []}]}]}, {"Node Type": "Index Scan", "Parent Relationship": "Inner", "Parallel Aware": false, "Async Capable": false, "Scan Direction": "Forward", "Index Name": "users_pkey", "Relation Name": "users", "Alias": "u", "Startup Cost": 0.29, "Total Cost": 1457.98, "Plan Rows": 39060, "Plan Width": 4, "Actual Rows": 38917, "Actual Loops": 2, "Filter": "(reputation <= 240)", "Rows Removed by Filter": 1264, "Workers": []}]}, {"Node Type": "Index Scan", "Parent Relationship": "Inner", "Parallel Aware": false, "Async Capable": false, "Scan Direction": "Forward", "Index Name": "idx_posthistory_postid", "Relation Name": "posthistory", "Alias": "ph", "Startup Cost": 0.42, "Total Cost": 0.57, "Plan Rows": 4, "Plan Width": 4, "Actual Rows": 6, "Actual Loops": 12705, "Index Cond": "(postid = c.postid)", "Rows Removed by Index Recheck": 0, "Workers": []}]}, {"Node Type": "Index Scan", "Parent Relationship": "Inner", "Parallel Aware": false, "Async Capable": false, "Scan Direction": "Forward", "Index Name": "idx_votes_postid", "Relation Name": "votes", "Alias": "v", "Startup Cost": 0.42, "Total Cost": 0.56, "Plan Rows": 5, "Plan Width": 4, "Actual Rows": 6, "Actual Loops": 80335, "Index Cond": "(postid = ph.postid)", "Rows Removed by Index Recheck": 0, "Filter": "(creationdate >= '2010-07-19 00:00:00'::timestamp without time zone)", "Rows Removed by Filter": 0, "Workers": []}]}, {"Node Type": "Materialize", "Parent Relationship": "Inner", "Parallel Aware": false, "Async Capable": false, "Startup Cost": 0.29, "Total Cost": 3264.13, "Plan Rows": 79663, "Plan Width": 4, "Actual Rows": 1506779, "Actual Loops": 2, "Workers": [], "Plans": [{"Node Type": "Index Scan", "Parent Relationship": "Outer", "Parallel Aware": false, "Async Capable": false, "Scan Direction": "Forward", "Index Name": "idx_badges_userid", "Relation Name": "badges", "Alias": "b", "Startup Cost": 0.29, "Total Cost": 3064.97, "Plan Rows": 79663, "Plan Width": 4, "Actual Rows": 79646, "Actual Loops": 2, "Filter": "(date <= '2014-09-11 18:35:08'::timestamp without time zone)", "Rows Removed by Filter": 156, "Workers": []}]}]}]}]}]}, "Planning Time": 5.758, "Triggers": [], "Execution Time": 527.429}, {"Plan": {"Node Type": "Aggregate", "Strategy": "Plain", "Partial Mode": "Finalize", "Parallel Aware": false, "Async Capable": false, "Startup Cost": 36180.16, "Total Cost": 36180.17, "Plan Rows": 1, "Plan Width": 8, "Actual Rows": 1, "Actual Loops": 1, "Plans": [{"Node Type": "Gather", "Parent Relationship": "Outer", "Parallel Aware": false, "Async Capable": false, "Startup Cost": 36180.05, "Total Cost": 36180.16, "Plan Rows": 1, "Plan Width": 8, "Actual Rows": 2, "Actual Loops": 1, "Workers Planned": 1, "Workers Launched": 1, "Single Copy": false, "Plans": [{"Node Type": "Aggregate", "Strategy": "Plain", "Partial Mode": "Partial", "Parent Relationship": "Outer", "Parallel Aware": false, "Async Capable": false, "Startup Cost": 35180.05, "Total Cost": 35180.06, "Plan Rows": 1, "Plan Width": 8, "Actual Rows": 1, "Actual Loops": 2, "Workers": [], "Plans": [{"Node Type": "Hash Join", "Parent Relationship": "Outer", "Parallel Aware": false, "Async Capable": false, "Join Type": "Inner", "Startup Cost": 18968.04, "Total Cost": 29689.1, "Plan Rows": 2196379, "Plan Width": 0, "Actual Rows": 1435188, "Actual Loops": 2, "Inner Unique": false, "Hash Cond": "(p.owneruserid = u.id)", "Workers": [], "Plans": [{"Node Type": "Hash Join", "Parent Relationship": "Outer", "Parallel Aware": true, "Async Capable": false, "Join Type": "Inner", "Startup Cost": 12783.15, "Total Cost": 22075.04, "Plan Rows": 59934, "Plan Width": 4, "Actual Rows": 446858, "Actual Loops": 2, "Inner Unique": false, "Hash Cond": "(ph.postid = p.id)", "Workers": [], "Plans": [{"Node Type": "Index Scan", "Parent Relationship": "Outer", "Parallel Aware": true, "Async Capable": false, "Scan Direction": "Forward", "Index Name": "idx_posthistory_postid", "Relation Name": "posthistory", "Alias": "ph", "Startup Cost": 0.42, "Total Cost": 7825.09, "Plan Rows": 178345, "Plan Width": 4, "Actual Rows": 151594, "Actual Loops": 2, "Workers": []}, {"Node Type": "Hash", "Parent Relationship": "Inner", "Parallel Aware": true, "Async Capable": false, "Startup Cost": 12555.45, "Total Cost": 12555.45, "Plan Rows": 18182, "Plan Width": 16, "Actual Rows": 65221, "Actual Loops": 2, "Hash Buckets": 131072, "Original Hash Buckets": 32768, "Hash Batches": 1, "Original Hash Batches": 1, "Peak Memory Usage": 7936, "Workers": [], "Plans": [{"Node Type": "Nested Loop", "Parent Relationship": "Outer", "Parallel Aware": false, "Async Capable": false, "Join Type": "Inner", "Startup Cost": 4003.73, "Total Cost": 12555.45, "Plan Rows": 18182, "Plan Width": 16, "Actual Rows": 65221, "Actual Loops": 2, "Inner Unique": false, "Join Filter": "(p.id = v.postid)", "Rows Removed by Join Filter": 0, "Workers": [], "Plans": [{"Node Type": "Hash Join", "Parent Relationship": "Outer", "Parallel Aware": false, "Async Capable": false, "Join Type": "Inner", "Startup Cost": 4003.31, "Total Cost": 9171.02, "Plan Rows": 5100, "Plan Width": 12, "Actual Rows": 10030, "Actual Loops": 2, "Inner Unique": true, "Hash Cond": "(c.postid = p.id)", "Workers": [], "Plans": [{"Node Type": "Index Scan", "Parent Relationship": "Outer", "Parallel Aware": true, "Async Capable": false, "Scan Direction": "Forward", "Index Name": "idx_comments_postid", "Relation Name": "comments", "Alias": "c", "Startup Cost": 0.42, "Total Cost": 4959.84, "Plan Rows": 79345, "Plan Width": 4, "Actual Rows": 67444, "Actual Loops": 2, "Filter": "(score = 0)", "Rows Removed by Filter": 19709, "Workers": []}, {"Node Type": "Hash", "Parent Relationship": "Inner", "Parallel Aware": false, "Async Capable": false, "Startup Cost": 3928.99, "Total Cost": 3928.99, "Plan Rows": 5912, "Plan Width": 8, "Actual Rows": 11912, "Actual Loops": 2, "Hash Buckets": 16384, "Original Hash Buckets": 8192, "Hash Batches": 1, "Original Hash Batches": 1, "Peak Memory Usage": 593, "Workers": [], "Plans": [{"Node Type": "Index Scan", "Parent Relationship": "Outer", "Parallel Aware": false, "Async Capable": false, "Scan Direction": "Forward", "Index Name": "posts_pkey", "Relation Name": "posts", "Alias": "p", "Startup Cost": 0.29, "Total Cost": 3928.99, "Plan Rows": 5912, "Plan Width": 8, "Actual Rows": 11912, "Actual Loops": 2, "Filter": "((score <= 21) AND (answercount <= 3) AND (favoritecount >= 0))", "Rows Removed by Filter": 80064, "Workers": []}]}]}, {"Node Type": "Index Scan", "Parent Relationship": "Inner", "Parallel Aware": false, "Async Capable": false, "Scan Direction": "Forward", "Index Name": "idx_votes_postid", "Relation Name": "votes", "Alias": "v", "Startup Cost": 0.42, "Total Cost": 0.6, "Plan Rows": 5, "Plan Width": 4, "Actual Rows": 7, "Actual Loops": 20059, "Index Cond": "(postid = c.postid)", "Rows Removed by Index Recheck": 0, "Filter": "(creationdate >= '2010-07-19 00:00:00'::timestamp without time zone)", "Rows Removed by Filter": 0, "Workers": []}]}]}]}, {"Node Type": "Hash", "Parent Relationship": "Inner", "Parallel Aware": false, "Async Capable": false, "Startup Cost": 5220.33, "Total Cost": 5220.33, "Plan Rows": 77164, "Plan Width": 8, "Actual Rows": 55147, "Actual Loops": 2, "Hash Buckets": 131072, "Original Hash Buckets": 131072, "Hash Batches": 1, "Original Hash Batches": 1, "Peak Memory Usage": 3179, "Workers": [], "Plans": [{"Node Type": "Hash Join", "Parent Relationship": "Outer", "Parallel Aware": false, "Async Capable": false, "Join Type": "Inner", "Startup Cost": 1946.52, "Total Cost": 5220.33, "Plan Rows": 77164, "Plan Width": 8, "Actual Rows": 55147, "Actual Loops": 2, "Inner Unique": true, "Hash Cond": "(b.userid = u.id)", "Workers": [], "Plans": [{"Node Type": "Index Scan", "Parent Relationship": "Outer", "Parallel Aware": false, "Async Capable": false, "Scan Direction": "Forward", "Index Name": "idx_badges_userid", "Relation Name": "badges", "Alias": "b", "Startup Cost": 0.29, "Total Cost": 3064.97, "Plan Rows": 79663, "Plan Width": 4, "Actual Rows": 79663, "Actual Loops": 2, "Filter": "(date <= '2014-09-11 18:35:08'::timestamp without time zone)", "Rows Removed by Filter": 188, "Workers": []}, {"Node Type": "Hash", "Parent Relationship": "Inner", "Parallel Aware": false, "Async Capable": false, "Startup Cost": 1457.98, "Total Cost": 1457.98, "Plan Rows": 39060, "Plan Width": 4, "Actual Rows": 39061, "Actual Loops": 2, "Hash Buckets": 65536, "Original Hash Buckets": 65536, "Hash Batches": 1, "Original Hash Batches": 1, "Peak Memory Usage": 1886, "Workers": [], "Plans": [{"Node Type": "Index Scan", "Parent Relationship": "Outer", "Parallel Aware": false, "Async Capable": false, "Scan Direction": "Forward", "Index Name": "users_pkey", "Relation Name": "users", "Alias": "u", "Startup Cost": 0.29, "Total Cost": 1457.98, "Plan Rows": 39060, "Plan Width": 4, "Actual Rows": 39061, "Actual Loops": 2, "Filter": "(reputation <= 240)", "Rows Removed by Filter": 1264, "Workers": []}]}]}]}]}]}]}]}, "Planning Time": 8.718, "Triggers": [], "Execution Time": 622.951}, {"Plan": {"Node Type": "Aggregate", "Strategy": "Plain", "Partial Mode": "Finalize", "Parallel Aware": false, "Async Capable": false, "Startup Cost": 44092.29, "Total Cost": 44092.3, "Plan Rows": 1, "Plan Width": 8, "Actual Rows": 1, "Actual Loops": 1, "Plans": [{"Node Type": "Gather", "Parent Relationship": "Outer", "Parallel Aware": false, "Async Capable": false, "Startup Cost": 44092.07, "Total Cost": 44092.28, "Plan Rows": 2, "Plan Width": 8, "Actual Rows": 3, "Actual Loops": 1, "Workers Planned": 2, "Workers Launched": 2, "Single Copy": false, "Plans": [{"Node Type": "Aggregate", "Strategy": "Plain", "Partial Mode": "Partial", "Parent Relationship": "Outer", "Parallel Aware": false, "Async Capable": false, "Startup Cost": 43092.07, "Total Cost": 43092.08, "Plan Rows": 1, "Plan Width": 8, "Actual Rows": 1, "Actual Loops": 3, "Workers": [], "Plans": [{"Node Type": "Merge Join", "Parent Relationship": "Outer", "Parallel Aware": false, "Async Capable": false, "Join Type": "Inner", "Startup Cost": 32854.19, "Total Cost": 39202.65, "Plan Rows": 1555769, "Plan Width": 0, "Actual Rows": 956792, "Actual Loops": 3, "Inner Unique": false, "Merge Cond": "(u.id = b.userid)", "Workers": [], "Plans": [{"Node Type": "Merge Join", "Parent Relationship": "Outer", "Parallel Aware": false, "Async Capable": false, "Join Type": "Inner", "Startup Cost": 32853.78, "Total Cost": 35023.17, "Plan Rows": 40499, "Plan Width": 8, "Actual Rows": 164318, "Actual Loops": 3, "Inner Unique": true, "Merge Cond": "(p.owneruserid = u.id)", "Workers": [], "Plans": [{"Node Type": "Sort", "Parent Relationship": "Outer", "Parallel Aware": false, "Async Capable": false, "Startup Cost": 32853.49, "Total Cost": 32959.63, "Plan Rows": 42453, "Plan Width": 4, "Actual Rows": 292825, "Actual Loops": 3, "Sort Key": ["p.owneruserid"], "Sort Method": "quicksort", "Sort Space Used": 12289, "Sort Space Type": "Memory", "Workers": [{"Worker Number": 0, "Sort Method": "quicksort", "Sort Space Used": 12289, "Sort Space Type": "Memory"}, {"Worker Number": 1, "Sort Method": "quicksort", "Sort Space Used": 12289, "Sort Space Type": "Memory"}], "Plans": [{"Node Type": "Merge Join", "Parent Relationship": "Outer", "Parallel Aware": false, "Async Capable": false, "Join Type": "Inner", "Startup Cost": 1.56, "Total Cost": 29590.22, "Plan Rows": 42453, "Plan Width": 4, "Actual Rows": 297905, "Actual Loops": 3, "Inner Unique": false, "Merge Cond": "(p.id = v.postid)", "Workers": [], "Plans": [{"Node Type": "Merge Join", "Parent Relationship": "Outer", "Parallel Aware": false, "Async Capable": false, "Join Type": "Inner", "Startup Cost": 1.14, "Total Cost": 15521.77, "Plan Rows": 11908, "Plan Width": 16, "Actual Rows": 42400, "Actual Loops": 3, "Inner Unique": false, "Merge Cond": "(p.id = c.postid)", "Workers": [], "Plans": [{"Node Type": "Merge Join", "Parent Relationship": "Outer", "Parallel Aware": false, "Async Capable": false, "Join Type": "Inner", "Startup Cost": 0.71, "Total Cost": 9188.17, "Plan Rows": 8120, "Plan Width": 12, "Actual Rows": 22335, "Actual Loops": 3, "Inner Unique": true, "Merge Cond": "(ph.postid = p.id)", "Workers": [], "Plans": [{"Node Type": "Index Only Scan", "Parent Relationship": "Outer", "Parallel Aware": true, "Async Capable": false, "Scan Direction": "Forward", "Index Name": "idx_posthistory_postid", "Relation Name": "posthistory", "Alias": "ph", "Startup Cost": 0.42, "Total Cost": 4847.39, "Plan Rows": 126328, "Plan Width": 4, "Actual Rows": 101052, "Actual Loops": 3, "Heap Fetches": 0, "Workers": []}, {"Node Type": "Index Scan", "Parent Relationship": "Inner", "Parallel Aware": false, "Async Capable": false, "Scan Direction": "Forward", "Index Name": "posts_pkey", "Relation Name": "posts", "Alias": "p", "Startup Cost": 0.29, "Total Cost": 3928.99, "Plan Rows": 5912, "Plan Width": 8, "Actual Rows": 11908, "Actual Loops": 3, "Filter": "((score <= 21) AND (answercount <= 3) AND (favoritecount >= 0))", "Rows Removed by Filter": 79967, "Workers": []}]}, {"Node Type": "Index Scan", "Parent Relationship": "Inner", "Parallel Aware": false, "Async Capable": false, "Scan Direction": "Forward", "Index Name": "idx_comments_postid", "Relation Name": "comments", "Alias": "c", "Startup Cost": 0.42, "Total Cost": 5857.0, "Plan Rows": 134887, "Plan Width": 4, "Actual Rows": 170442, "Actual Loops": 3, "Filter": "(score = 0)", "Rows Removed by Filter": 50531, "Workers": []}]}, {"Node Type": "Index Scan", "Parent Relationship": "Inner", "Parallel Aware": false, "Async Capable": false, "Scan Direction": "Forward", "Index Name": "idx_votes_postid", "Relation Name": "votes", "Alias": "v", "Startup Cost": 0.42, "Total Cost": 12794.42, "Plan Rows": 327895, "Plan Width": 4, "Actual Rows": 611510, "Actual Loops": 3, "Filter": "(creationdate >= '2010-07-19 00:00:00'::timestamp without time zone)", "Rows Removed by Filter": 82, "Workers": []}]}]}, {"Node Type": "Index Scan", "Parent Relationship": "Inner", "Parallel Aware": false, "Async Capable": false, "Scan Direction": "Forward", "Index Name": "users_pkey", "Relation Name": "users", "Alias": "u", "Startup Cost": 0.29, "Total Cost": 1457.98, "Plan Rows": 39060, "Plan Width": 4, "Actual Rows": 38858, "Actual Loops": 3, "Filter": "(reputation <= 240)", "Rows Removed by Filter": 1264, "Workers": []}]}, {"Node Type": "Index Scan", "Parent Relationship": "Inner", "Parallel Aware": false, "Async Capable": false, "Scan Direction": "Forward", "Index Name": "idx_badges_userid", "Relation Name": "badges", "Alias": "b", "Startup Cost": 0.29, "Total Cost": 3064.97, "Plan Rows": 79663, "Plan Width": 4, "Actual Rows": 1030688, "Actual Loops": 3, "Filter": "(date <= '2014-09-11 18:35:08'::timestamp without time zone)", "Rows Removed by Filter": 2054, "Workers": []}]}]}]}]}, "Planning Time": 10.421, "Triggers": [], "Execution Time": 863.925}, {"Plan": {"Node Type": "Aggregate", "Strategy": "Plain", "Partial Mode": "Finalize", "Parallel Aware": false, "Async Capable": false, "Startup Cost": 33115.22, "Total Cost": 33115.23, "Plan Rows": 1, "Plan Width": 8, "Actual Rows": 1, "Actual Loops": 1, "Plans": [{"Node Type": "Gather", "Parent Relationship": "Outer", "Parallel Aware": false, "Async Capable": false, "Startup Cost": 33115.11, "Total Cost": 33115.22, "Plan Rows": 1, "Plan Width": 8, "Actual Rows": 2, "Actual Loops": 1, "Workers Planned": 1, "Workers Launched": 1, "Single Copy": false, "Plans": [{"Node Type": "Aggregate", "Strategy": "Plain", "Partial Mode": "Partial", "Parent Relationship": "Outer", "Parallel Aware": false, "Async Capable": false, "Startup Cost": 32115.11, "Total Cost": 32115.12, "Plan Rows": 1, "Plan Width": 8, "Actual Rows": 1, "Actual Loops": 2, "Workers": [], "Plans": [{"Node Type": "Nested Loop", "Parent Relationship": "Outer", "Parallel Aware": false, "Async Capable": false, "Join Type": "Inner", "Startup Cost": 4814.08, "Total Cost": 26624.16, "Plan Rows": 2196379, "Plan Width": 0, "Actual Rows": 1435188, "Actual Loops": 2, "Inner Unique": false, "Join Filter": "(b.userid = u.id)", "Rows Removed by Join Filter": 0, "Workers": [], "Plans": [{"Node Type": "Nested Loop", "Parent Relationship": "Outer", "Parallel Aware": false, "Async Capable": false, "Join Type": "Inner", "Startup Cost": 4813.78, "Total Cost": 19412.32, "Plan Rows": 57175, "Plan Width": 8, "Actual Rows": 246636, "Actual Loops": 2, "Inner Unique": false, "Workers": [], "Plans": [{"Node Type": "Nested Loop", "Parent Relationship": "Outer", "Parallel Aware": false, "Async Capable": false, "Join Type": "Inner", "Startup Cost": 4813.35, "Total Cost": 13276.04, "Plan Rows": 17345, "Plan Width": 20, "Actual Rows": 35932, "Actual Loops": 2, "Inner Unique": false, "Join Filter": "(p.id = v.postid)", "Rows Removed by Join Filter": 0, "Workers": [], "Plans": [{"Node Type": "Merge Join", "Parent Relationship": "Outer", "Parallel Aware": false, "Async Capable": false, "Join Type": "Inner", "Startup Cost": 4812.93, "Total Cost": 10047.56, "Plan Rows": 4865, "Plan Width": 16, "Actual Rows": 6358, "Actual Loops": 2, "Inner Unique": false, "Merge Cond": "(c.postid = p.id)", "Workers": [], "Plans": [{"Node Type": "Index Scan", "Parent Relationship": "Outer", "Parallel Aware": true, "Async Capable": false, "Scan Direction": "Forward", "Index Name": "idx_comments_postid", "Relation Name": "comments", "Alias": "c", "Startup Cost": 0.42, "Total Cost": 4959.84, "Plan Rows": 79345, "Plan Width": 4, "Actual Rows": 67437, "Actual Loops": 2, "Filter": "(score = 0)", "Rows Removed by Filter": 19708, "Workers": []}, {"Node Type": "Sort", "Parent Relationship": "Inner", "Parallel Aware": false, "Async Capable": false, "Startup Cost": 4812.51, "Total Cost": 4826.61, "Plan Rows": 5640, "Plan Width": 12, "Actual Rows": 11743, "Actual Loops": 2, "Sort Key": ["p.id"], "Sort Method": "quicksort", "Sort Space Used": 486, "Sort Space Type": "Memory", "Workers": [{"Worker Number": 0, "Sort Method": "quicksort", "Sort Space Used": 486, "Sort Space Type": "Memory"}], "Plans": [{"Node Type": "Merge Join", "Parent Relationship": "Outer", "Parallel Aware": false, "Async Capable": false, "Join Type": "Inner", "Startup Cost": 2820.24, "Total Cost": 4461.09, "Plan Rows": 5640, "Plan Width": 12, "Actual Rows": 7505, "Actual Loops": 2, "Inner Unique": false, "Merge Cond": "(u.id = p.owneruserid)", "Workers": [], "Plans": [{"Node Type": "Index Scan", "Parent Relationship": "Outer", "Parallel Aware": false, "Async Capable": false, "Scan Direction": "Forward", "Index Name": "users_pkey", "Relation Name": "users", "Alias": "u", "Startup Cost": 0.29, "Total Cost": 1457.98, "Plan Rows": 39060, "Plan Width": 4, "Actual Rows": 39057, "Actual Loops": 2, "Filter": "(reputation <= 240)", "Rows Removed by Filter": 1264, "Workers": []}, {"Node Type": "Sort", "Parent Relationship": "Inner", "Parallel Aware": false, "Async Capable": false, "Startup Cost": 2819.95, "Total Cost": 2834.73, "Plan Rows": 5912, "Plan Width": 8, "Actual Rows": 11683, "Actual Loops": 2, "Sort Key": ["p.owneruserid"], "Sort Method": "quicksort", "Sort Space Used": 757, "Sort Space Type": "Memory", "Workers": [{"Worker Number": 0, "Sort Method": "quicksort", "Sort Space Used": 757, "Sort Space Type": "Memory"}], "Plans": [{"Node Type": "Seq Scan", "Parent Relationship": "Outer", "Parallel Aware": false, "Async Capable": false, "Relation Name": "posts", "Alias": "p", "Startup Cost": 0.0, "Total Cost": 2449.58, "Plan Rows": 5912, "Plan Width": 8, "Actual Rows": 11912, "Actual Loops": 2, "Filter": "((score <= 21) AND (answercount <= 3) AND (favoritecount >= 0))", "Rows Removed by Filter": 80064, "Workers": []}]}]}]}]}, {"Node Type": "Index Scan", "Parent Relationship": "Inner", "Parallel Aware": false, "Async Capable": false, "Scan Direction": "Forward", "Index Name": "idx_votes_postid", "Relation Name": "votes", "Alias": "v", "Startup Cost": 0.42, "Total Cost": 0.6, "Plan Rows": 5, "Plan Width": 4, "Actual Rows": 6, "Actual Loops": 12716, "Index Cond": "(postid = c.postid)", "Rows Removed by Index Recheck": 0, "Filter": "(creationdate >= '2010-07-19 00:00:00'::timestamp without time zone)", "Rows Removed by Filter": 0, "Workers": []}]}, {"Node Type": "Memoize", "Parent Relationship": "Inner", "Parallel Aware": false, "Async Capable": false, "Startup Cost": 0.43, "Total Cost": 0.86, "Plan Rows": 4, "Plan Width": 4, "Actual Rows": 7, "Actual Loops": 71863, "Cache Key": "p.id", "Cache Mode": "logical", "Cache Hits": 34872, "Cache Misses": 2189, "Cache Evictions": 0, "Cache Overflows": 0, "Peak Memory Usage": 600, "Workers": [{"Worker Number": 0, "Cache Hits": 32822, "Cache Misses": 1980, "Cache Evictions": 0, "Cache Overflows": 0, "Peak Memory Usage": 549}], "Plans": [{"Node Type": "Index Only Scan", "Parent Relationship": "Outer", "Parallel Aware": false, "Async Capable": false, "Scan Direction": "Forward", "Index Name": "idx_posthistory_postid", "Relation Name": "posthistory", "Alias": "ph", "Startup Cost": 0.42, "Total Cost": 0.85, "Plan Rows": 4, "Plan Width": 4, "Actual Rows": 6, "Actual Loops": 4169, "Index Cond": "(postid = p.id)", "Rows Removed by Index Recheck": 0, "Heap Fetches": 0, "Workers": []}]}]}, {"Node Type": "Memoize", "Parent Relationship": "Inner", "Parallel Aware": false, "Async Capable": false, "Startup Cost": 0.3, "Total Cost": 0.75, "Plan Rows": 3, "Plan Width": 4, "Actual Rows": 6, "Actual Loops": 493271, "Cache Key": "p.owneruserid", "Cache Mode": "logical", "Cache Hits": 248344, "Cache Misses": 1945, "Cache Evictions": 0, "Cache Overflows": 0, "Peak Memory Usage": 425, "Workers": [{"Worker Number": 0, "Cache Hits": 241213, "Cache Misses": 1769, "Cache Evictions": 0, "Cache Overflows": 0, "Peak Memory Usage": 391}], "Plans": [{"Node Type": "Index Scan", "Parent Relationship": "Outer", "Parallel Aware": false, "Async Capable": false, "Scan Direction": "Forward", "Index Name": "idx_badges_userid", "Relation Name": "badges", "Alias": "b", "Startup Cost": 0.29, "Total Cost": 0.74, "Plan Rows": 3, "Plan Width": 4, "Actual Rows": 4, "Actual Loops": 3714, "Index Cond": "(userid = p.owneruserid)", "Rows Removed by Index Recheck": 0, "Filter": "(date <= '2014-09-11 18:35:08'::timestamp without time zone)", "Rows Removed by Filter": 0, "Workers": []}]}]}]}]}]}, "Planning Time": 10.028, "Triggers": [], "Execution Time": 369.143}, {"Plan": {"Node Type": "Aggregate", "Strategy": "Plain", "Partial Mode": "Finalize", "Parallel Aware": false, "Async Capable": false, "Startup Cost": 43649.39, "Total Cost": 43649.4, "Plan Rows": 1, "Plan Width": 8, "Actual Rows": 1, "Actual Loops": 1, "Plans": [{"Node Type": "Gather", "Parent Relationship": "Outer", "Parallel Aware": false, "Async Capable": false, "Startup Cost": 43649.17, "Total Cost": 43649.38, "Plan Rows": 2, "Plan Width": 8, "Actual Rows": 3, "Actual Loops": 1, "Workers Planned": 2, "Workers Launched": 2, "Single Copy": false, "Plans": [{"Node Type": "Aggregate", "Strategy": "Plain", "Partial Mode": "Partial", "Parent Relationship": "Outer", "Parallel Aware": false, "Async Capable": false, "Startup Cost": 42649.17, "Total Cost": 42649.18, "Plan Rows": 1, "Plan Width": 8, "Actual Rows": 1, "Actual Loops": 3, "Workers": [], "Plans": [{"Node Type": "Merge Join", "Parent Relationship": "Outer", "Parallel Aware": false, "Async Capable": false, "Join Type": "Inner", "Startup Cost": 31759.9, "Total Cost": 38759.75, "Plan Rows": 1555769, "Plan Width": 0, "Actual Rows": 956792, "Actual Loops": 3, "Inner Unique": false, "Merge Cond": "(p.owneruserid = u.id)", "Workers": [], "Plans": [{"Node Type": "Sort", "Parent Relationship": "Outer", "Parallel Aware": false, "Async Capable": false, "Startup Cost": 31759.24, "Total Cost": 31865.37, "Plan Rows": 42453, "Plan Width": 4, "Actual Rows": 292825, "Actual Loops": 3, "Sort Key": ["p.owneruserid"], "Sort Method": "quicksort", "Sort Space Used": 6145, "Sort Space Type": "Memory", "Workers": [{"Worker Number": 0, "Sort Method": "quicksort", "Sort Space Used": 12289, "Sort Space Type": "Memory"}, {"Worker Number": 1, "Sort Method": "quicksort", "Sort Space Used": 12289, "Sort Space Type": "Memory"}], "Plans": [{"Node Type": "Merge Join", "Parent Relationship": "Outer", "Parallel Aware": false, "Async Capable": false, "Join Type": "Inner", "Startup Cost": 2821.21, "Total Cost": 28495.96, "Plan Rows": 42453, "Plan Width": 4, "Actual Rows": 297905, "Actual Loops": 3, "Inner Unique": false, "Merge Cond": "(p.id = v.postid)", "Workers": [], "Plans": [{"Node Type": "Merge Join", "Parent Relationship": "Outer", "Parallel Aware": false, "Async Capable": false, "Join Type": "Inner", "Startup Cost": 2820.79, "Total Cost": 14427.52, "Plan Rows": 11908, "Plan Width": 16, "Actual Rows": 42400, "Actual Loops": 3, "Inner Unique": false, "Merge Cond": "(p.id = c.postid)", "Workers": [], "Plans": [{"Node Type": "Merge Join", "Parent Relationship": "Outer", "Parallel Aware": false, "Async Capable": false, "Join Type": "Inner", "Startup Cost": 2820.37, "Total Cost": 8093.92, "Plan Rows": 8120, "Plan Width": 12, "Actual Rows": 22335, "Actual Loops": 3, "Inner Unique": true, "Merge Cond": "(ph.postid = p.id)", "Workers": [], "Plans": [{"Node Type": "Index Only Scan", "Parent Relationship": "Outer", "Parallel Aware": true, "Async Capable": false, "Scan Direction": "Forward", "Index Name": "idx_posthistory_postid", "Relation Name": "posthistory", "Alias": "ph", "Startup Cost": 0.42, "Total Cost": 4847.39, "Plan Rows": 126328, "Plan Width": 4, "Actual Rows": 101052, "Actual Loops": 3, "Heap Fetches": 0, "Workers": []}, {"Node Type": "Sort", "Parent Relationship": "Inner", "Parallel Aware": false, "Async Capable": false, "Startup Cost": 2819.95, "Total Cost": 2834.73, "Plan Rows": 5912, "Plan Width": 8, "Actual Rows": 11889, "Actual Loops": 3, "Sort Key": ["p.id"], "Sort Method": "quicksort", "Sort Space Used": 757, "Sort Space Type": "Memory", "Workers": [{"Worker Number": 0, "Sort Method": "quicksort", "Sort Space Used": 757, "Sort Space Type": "Memory"}, {"Worker Number": 1, "Sort Method": "quicksort", "Sort Space Used": 757, "Sort Space Type": "Memory"}], "Plans": [{"Node Type": "Seq Scan", "Parent Relationship": "Outer", "Parallel Aware": false, "Async Capable": false, "Relation Name": "posts", "Alias": "p", "Startup Cost": 0.0, "Total Cost": 2449.58, "Plan Rows": 5912, "Plan Width": 8, "Actual Rows": 11912, "Actual Loops": 3, "Filter": "((score <= 21) AND (answercount <= 3) AND (favoritecount >= 0))", "Rows Removed by Filter": 80064, "Workers": []}]}]}, {"Node Type": "Index Scan", "Parent Relationship": "Inner", "Parallel Aware": false, "Async Capable": false, "Scan Direction": "Forward", "Index Name": "idx_comments_postid", "Relation Name": "comments", "Alias": "c", "Startup Cost": 0.42, "Total Cost": 5857.0, "Plan Rows": 134887, "Plan Width": 4, "Actual Rows": 170048, "Actual Loops": 3, "Filter": "(score = 0)", "Rows Removed by Filter": 50419, "Workers": []}]}, {"Node Type": "Index Scan", "Parent Relationship": "Inner", "Parallel Aware": false, "Async Capable": false, "Scan Direction": "Forward", "Index Name": "idx_votes_postid", "Relation Name": "votes", "Alias": "v", "Startup Cost": 0.42, "Total Cost": 12794.42, "Plan Rows": 327895, "Plan Width": 4, "Actual Rows": 611016, "Actual Loops": 3, "Filter": "(creationdate >= '2010-07-19 00:00:00'::timestamp without time zone)", "Rows Removed by Filter": 82, "Workers": []}]}]}, {"Node Type": "Materialize", "Parent Relationship": "Inner", "Parallel Aware": false, "Async Capable": false, "Startup Cost": 0.66, "Total Cost": 5784.26, "Plan Rows": 77164, "Plan Width": 8, "Actual Rows": 1006190, "Actual Loops": 3, "Workers": [], "Plans": [{"Node Type": "Merge Join", "Parent Relationship": "Outer", "Parallel Aware": false, "Async Capable": false, "Join Type": "Inner", "Startup Cost": 0.66, "Total Cost": 5591.35, "Plan Rows": 77164, "Plan Width": 8, "Actual Rows": 55046, "Actual Loops": 3, "Inner Unique": true, "Merge Cond": "(b.userid = u.id)", "Workers": [], "Plans": [{"Node Type": "Index Scan", "Parent Relationship": "Outer", "Parallel Aware": false, "Async Capable": false, "Scan Direction": "Forward", "Index Name": "idx_badges_userid", "Relation Name": "badges", "Alias": "b", "Startup Cost": 0.29, "Total Cost": 3064.97, "Plan Rows": 79663, "Plan Width": 4, "Actual Rows": 79560, "Actual Loops": 3, "Filter": "(date <= '2014-09-11 18:35:08'::timestamp without time zone)", "Rows Removed by Filter": 142, "Workers": []}, {"Node Type": "Index Scan", "Parent Relationship": "Inner", "Parallel Aware": false, "Async Capable": false, "Scan Direction": "Forward", "Index Name": "users_pkey", "Relation Name": "users", "Alias": "u", "Startup Cost": 0.29, "Total Cost": 1457.98, "Plan Rows": 39060, "Plan Width": 4, "Actual Rows": 38751, "Actual Loops": 3, "Filter": "(reputation <= 240)", "Rows Removed by Filter": 1263, "Workers": []}]}]}]}]}]}]}, "Planning Time": 8.581, "Triggers": [], "Execution Time": 650.564}, {"Plan": {"Node Type": "Aggregate", "Strategy": "Plain", "Partial Mode": "Simple", "Parallel Aware": false, "Async Capable": false, "Startup Cost": 47588.43, "Total Cost": 47588.44, "Plan Rows": 1, "Plan Width": 8, "Actual Rows": 1, "Actual Loops": 1, "Plans": [{"Node Type": "Nested Loop", "Parent Relationship": "Outer", "Parallel Aware": false, "Async Capable": false, "Join Type": "Inner", "Startup Cost": 2.17, "Total Cost": 38253.82, "Plan Rows": 3733845, "Plan Width": 0, "Actual Rows": 2870375, "Actual Loops": 1, "Inner Unique": false, "Join Filter": "(b.userid = u.id)", "Rows Removed by Join Filter": 0, "Plans": [{"Node Type": "Nested Loop", "Parent Relationship": "Outer", "Parallel Aware": false, "Async Capable": false, "Join Type": "Inner", "Startup Cost": 1.87, "Total Cost": 28740.62, "Plan Rows": 97198, "Plan Width": 8, "Actual Rows": 493271, "Actual Loops": 1, "Inner Unique": false, "Plans": [{"Node Type": "Nested Loop", "Parent Relationship": "Outer", "Parallel Aware": false, "Async Capable": false, "Join Type": "Inner", "Startup Cost": 1.44, "Total Cost": 21845.42, "Plan Rows": 29486, "Plan Width": 20, "Actual Rows": 71863, "Actual Loops": 1, "Inner Unique": false, "Join Filter": "(p.id = v.postid)", "Rows Removed by Join Filter": 0, "Plans": [{"Node Type": "Nested Loop", "Parent Relationship": "Outer", "Parallel Aware": false, "Async Capable": false, "Join Type": "Inner", "Startup Cost": 1.01, "Total Cost": 16356.66, "Plan Rows": 8271, "Plan Width": 16, "Actual Rows": 12716, "Actual Loops": 1, "Inner Unique": false, "Plans": [{"Node Type": "Nested Loop", "Parent Relationship": "Outer", "Parallel Aware": false, "Async Capable": false, "Join Type": "Inner", "Startup Cost": 0.59, "Total Cost": 7210.63, "Plan Rows": 5640, "Plan Width": 12, "Actual Rows": 7505, "Actual Loops": 1, "Inner Unique": true, "Plans": [{"Node Type": "Index Scan", "Parent Relationship": "Outer", "Parallel Aware": false, "Async Capable": false, "Scan Direction": "Forward", "Index Name": "posts_pkey", "Relation Name": "posts", "Alias": "p", "Startup Cost": 0.29, "Total Cost": 3928.99, "Plan Rows": 5912, "Plan Width": 8, "Actual Rows": 11912, "Actual Loops": 1, "Filter": "((score <= 21) AND (answercount <= 3) AND (favoritecount >= 0))", "Rows Removed by Filter": 80064}, {"Node Type": "Memoize", "Parent Relationship": "Inner", "Parallel Aware": false, "Async Capable": false, "Startup Cost": 0.3, "Total Cost": 0.6, "Plan Rows": 1, "Plan Width": 4, "Actual Rows": 1, "Actual Loops": 11912, "Cache Key": "p.owneruserid", "Cache Mode": "logical", "Cache Hits": 5489, "Cache Misses": 6423, "Cache Evictions": 0, "Cache Overflows": 0, "Peak Memory Usage": 623, "Plans": [{"Node Type": "Index Scan", "Parent Relationship": "Outer", "Parallel Aware": false, "Async Capable": false, "Scan Direction": "Forward", "Index Name": "users_pkey", "Relation Name": "users", "Alias": "u", "Startup Cost": 0.29, "Total Cost": 0.59, "Plan Rows": 1, "Plan Width": 4, "Actual Rows": 1, "Actual Loops": 6423, "Index Cond": "(id = p.owneruserid)", "Rows Removed by Index Recheck": 0, "Filter": "(reputation <= 240)", "Rows Removed by Filter": 0}]}]}, {"Node Type": "Index Scan", "Parent Relationship": "Inner", "Parallel Aware": false, "Async Capable": false, "Scan Direction": "Forward", "Index Name": "idx_comments_postid", "Relation Name": "comments", "Alias": "c", "Startup Cost": 0.42, "Total Cost": 1.59, "Plan Rows": 3, "Plan Width": 4, "Actual Rows": 2, "Actual Loops": 7505, "Index Cond": "(postid = p.id)", "Rows Removed by Index Recheck": 0, "Filter": "(score = 0)", "Rows Removed by Filter": 1}]}, {"Node Type": "Index Scan", "Parent Relationship": "Inner", "Parallel Aware": false, "Async Capable": false, "Scan Direction": "Forward", "Index Name": "idx_votes_postid", "Relation Name": "votes", "Alias": "v", "Startup Cost": 0.42, "Total Cost": 0.6, "Plan Rows": 5, "Plan Width": 4, "Actual Rows": 6, "Actual Loops": 12716, "Index Cond": "(postid = c.postid)", "Rows Removed by Index Recheck": 0, "Filter": "(creationdate >= '2010-07-19 00:00:00'::timestamp without time zone)", "Rows Removed by Filter": 0}]}, {"Node Type": "Memoize", "Parent Relationship": "Inner", "Parallel Aware": false, "Async Capable": false, "Startup Cost": 0.43, "Total Cost": 0.86, "Plan Rows": 4, "Plan Width": 4, "Actual Rows": 7, "Actual Loops": 71863, "Cache Key": "p.id", "Cache Mode": "logical", "Cache Hits": 67694, "Cache Misses": 4169, "Cache Evictions": 0, "Cache Overflows": 0, "Peak Memory Usage": 1149, "Plans": [{"Node Type": "Index Only Scan", "Parent Relationship": "Outer", "Parallel Aware": false, "Async Capable": false, "Scan Direction": "Forward", "Index Name": "idx_posthistory_postid", "Relation Name": "posthistory", "Alias": "ph", "Startup Cost": 0.42, "Total Cost": 0.85, "Plan Rows": 4, "Plan Width": 4, "Actual Rows": 6, "Actual Loops": 4169, "Index Cond": "(postid = p.id)", "Rows Removed by Index Recheck": 0, "Heap Fetches": 0}]}]}, {"Node Type": "Memoize", "Parent Relationship": "Inner", "Parallel Aware": false, "Async Capable": false, "Startup Cost": 0.3, "Total Cost": 0.75, "Plan Rows": 3, "Plan Width": 4, "Actual Rows": 6, "Actual Loops": 493271, "Cache Key": "p.owneruserid", "Cache Mode": "logical", "Cache Hits": 489815, "Cache Misses": 3456, "Cache Evictions": 0, "Cache Overflows": 0, "Peak Memory Usage": 730, "Plans": [{"Node Type": "Index Scan", "Parent Relationship": "Outer", "Parallel Aware": false, "Async Capable": false, "Scan Direction": "Forward", "Index Name": "idx_badges_userid", "Relation Name": "badges", "Alias": "b", "Startup Cost": 0.29, "Total Cost": 0.74, "Plan Rows": 3, "Plan Width": 4, "Actual Rows": 4, "Actual Loops": 3456, "Index Cond": "(userid = p.owneruserid)", "Rows Removed by Index Recheck": 0, "Filter": "(date <= '2014-09-11 18:35:08'::timestamp without time zone)", "Rows Removed by Filter": 0}]}]}]}, "Planning Time": 3.808, "Triggers": [], "Execution Time": 559.953}, {"Plan": {"Node Type": "Aggregate", "Strategy": "Plain", "Partial Mode": "Simple", "Parallel Aware": false, "Async Capable": false, "Startup Cost": 46109.02, "Total Cost": 46109.03, "Plan Rows": 1, "Plan Width": 8, "Actual Rows": 1, "Actual Loops": 1, "Plans": [{"Node Type": "Nested Loop", "Parent Relationship": "Outer", "Parallel Aware": false, "Async Capable": false, "Join Type": "Inner", "Startup Cost": 1.88, "Total Cost": 36774.41, "Plan Rows": 3733845, "Plan Width": 0, "Actual Rows": 2870375, "Actual Loops": 1, "Inner Unique": false, "Join Filter": "(b.userid = u.id)", "Rows Removed by Join Filter": 0, "Plans": [{"Node Type": "Nested Loop", "Parent Relationship": "Outer", "Parallel Aware": false, "Async Capable": false, "Join Type": "Inner", "Startup Cost": 1.58, "Total Cost": 27261.21, "Plan Rows": 97198, "Plan Width": 8, "Actual Rows": 493271, "Actual Loops": 1, "Inner Unique": false, "Plans": [{"Node Type": "Nested Loop", "Parent Relationship": "Outer", "Parallel Aware": false, "Async Capable": false, "Join Type": "Inner", "Startup Cost": 1.14, "Total Cost": 20366.01, "Plan Rows": 29486, "Plan Width": 20, "Actual Rows": 71863, "Actual Loops": 1, "Inner Unique": false, "Join Filter": "(p.id = v.postid)", "Rows Removed by Join Filter": 0, "Plans": [{"Node Type": "Nested Loop", "Parent Relationship": "Outer", "Parallel Aware": false, "Async Capable": false, "Join Type": "Inner", "Startup Cost": 0.72, "Total Cost": 14877.26, "Plan Rows": 8271, "Plan Width": 16, "Actual Rows": 12716, "Actual Loops": 1, "Inner Unique": false, "Plans": [{"Node Type": "Nested Loop", "Parent Relationship": "Outer", "Parallel Aware": false, "Async Capable": false, "Join Type": "Inner", "Startup Cost": 0.3, "Total Cost": 5731.22, "Plan Rows": 5640, "Plan Width": 12, "Actual Rows": 7505, "Actual Loops": 1, "Inner Unique": true, "Plans": [{"Node Type": "Seq Scan", "Parent Relationship": "Outer", "Parallel Aware": false, "Async Capable": false, "Relation Name": "posts", "Alias": "p", "Startup Cost": 0.0, "Total Cost": 2449.58, "Plan Rows": 5912, "Plan Width": 8, "Actual Rows": 11912, "Actual Loops": 1, "Filter": "((score <= 21) AND (answercount <= 3) AND (favoritecount >= 0))", "Rows Removed by Filter": 80064}, {"Node Type": "Memoize", "Parent Relationship": "Inner", "Parallel Aware": false, "Async Capable": false, "Startup Cost": 0.3, "Total Cost": 0.6, "Plan Rows": 1, "Plan Width": 4, "Actual Rows": 1, "Actual Loops": 11912, "Cache Key": "p.owneruserid", "Cache Mode": "logical", "Cache Hits": 5489, "Cache Misses": 6423, "Cache Evictions": 0, "Cache Overflows": 0, "Peak Memory Usage": 623, "Plans": [{"Node Type": "Index Scan", "Parent Relationship": "Outer", "Parallel Aware": false, "Async Capable": false, "Scan Direction": "Forward", "Index Name": "users_pkey", "Relation Name": "users", "Alias": "u", "Startup Cost": 0.29, "Total Cost": 0.59, "Plan Rows": 1, "Plan Width": 4, "Actual Rows": 1, "Actual Loops": 6423, "Index Cond": "(id = p.owneruserid)", "Rows Removed by Index Recheck": 0, "Filter": "(reputation <= 240)", "Rows Removed by Filter": 0}]}]}, {"Node Type": "Index Scan", "Parent Relationship": "Inner", "Parallel Aware": false, "Async Capable": false, "Scan Direction": "Forward", "Index Name": "idx_comments_postid", "Relation Name": "comments", "Alias": "c", "Startup Cost": 0.42, "Total Cost": 1.59, "Plan Rows": 3, "Plan Width": 4, "Actual Rows": 2, "Actual Loops": 7505, "Index Cond": "(postid = p.id)", "Rows Removed by Index Recheck": 0, "Filter": "(score = 0)", "Rows Removed by Filter": 1}]}, {"Node Type": "Index Scan", "Parent Relationship": "Inner", "Parallel Aware": false, "Async Capable": false, "Scan Direction": "Forward", "Index Name": "idx_votes_postid", "Relation Name": "votes", "Alias": "v", "Startup Cost": 0.42, "Total Cost": 0.6, "Plan Rows": 5, "Plan Width": 4, "Actual Rows": 6, "Actual Loops": 12716, "Index Cond": "(postid = c.postid)", "Rows Removed by Index Recheck": 0, "Filter": "(creationdate >= '2010-07-19 00:00:00'::timestamp without time zone)", "Rows Removed by Filter": 0}]}, {"Node Type": "Memoize", "Parent Relationship": "Inner", "Parallel Aware": false, "Async Capable": false, "Startup Cost": 0.43, "Total Cost": 0.86, "Plan Rows": 4, "Plan Width": 4, "Actual Rows": 7, "Actual Loops": 71863, "Cache Key": "p.id", "Cache Mode": "logical", "Cache Hits": 67694, "Cache Misses": 4169, "Cache Evictions": 0, "Cache Overflows": 0, "Peak Memory Usage": 1149, "Plans": [{"Node Type": "Index Only Scan", "Parent Relationship": "Outer", "Parallel Aware": false, "Async Capable": false, "Scan Direction": "Forward", "Index Name": "idx_posthistory_postid", "Relation Name": "posthistory", "Alias": "ph", "Startup Cost": 0.42, "Total Cost": 0.85, "Plan Rows": 4, "Plan Width": 4, "Actual Rows": 6, "Actual Loops": 4169, "Index Cond": "(postid = p.id)", "Rows Removed by Index Recheck": 0, "Heap Fetches": 0}]}]}, {"Node Type": "Memoize", "Parent Relationship": "Inner", "Parallel Aware": false, "Async Capable": false, "Startup Cost": 0.3, "Total Cost": 0.75, "Plan Rows": 3, "Plan Width": 4, "Actual Rows": 6, "Actual Loops": 493271, "Cache Key": "p.owneruserid", "Cache Mode": "logical", "Cache Hits": 489815, "Cache Misses": 3456, "Cache Evictions": 0, "Cache Overflows": 0, "Peak Memory Usage": 730, "Plans": [{"Node Type": "Index Scan", "Parent Relationship": "Outer", "Parallel Aware": false, "Async Capable": false, "Scan Direction": "Forward", "Index Name": "idx_badges_userid", "Relation Name": "badges", "Alias": "b", "Startup Cost": 0.29, "Total Cost": 0.74, "Plan Rows": 3, "Plan Width": 4, "Actual Rows": 4, "Actual Loops": 3456, "Index Cond": "(userid = p.owneruserid)", "Rows Removed by Index Recheck": 0, "Filter": "(date <= '2014-09-11 18:35:08'::timestamp without time zone)", "Rows Removed by Filter": 0}]}]}]}, "Planning Time": 3.999, "Triggers": [], "Execution Time": 538.559}, {"Plan": {"Node Type": "Aggregate", "Strategy": "Plain", "Partial Mode": "Finalize", "Parallel Aware": false, "Async Capable": false, "Startup Cost": 85177.5, "Total Cost": 85177.51, "Plan Rows": 1, "Plan Width": 8, "Actual Rows": 1, "Actual Loops": 1, "Plans": [{"Node Type": "Gather", "Parent Relationship": "Outer", "Parallel Aware": false, "Async Capable": false, "Startup Cost": 85177.38, "Total Cost": 85177.49, "Plan Rows": 1, "Plan Width": 8, "Actual Rows": 2, "Actual Loops": 1, "Workers Planned": 1, "Workers Launched": 1, "Single Copy": false, "Plans": [{"Node Type": "Aggregate", "Strategy": "Plain", "Partial Mode": "Partial", "Parent Relationship": "Outer", "Parallel Aware": false, "Async Capable": false, "Startup Cost": 84177.38, "Total Cost": 84177.39, "Plan Rows": 1, "Plan Width": 8, "Actual Rows": 1, "Actual Loops": 2, "Workers": [], "Plans": [{"Node Type": "Merge Join", "Parent Relationship": "Outer", "Parallel Aware": false, "Async Capable": false, "Join Type": "Inner", "Startup Cost": 24393.44, "Total Cost": 78686.44, "Plan Rows": 2196379, "Plan Width": 0, "Actual Rows": 1435188, "Actual Loops": 2, "Inner Unique": false, "Merge Cond": "(u.id = b.userid)", "Workers": [], "Plans": [{"Node Type": "Nested Loop", "Parent Relationship": "Outer", "Parallel Aware": false, "Async Capable": false, "Join Type": "Inner", "Startup Cost": 16475.33, "Total Cost": 68934.8, "Plan Rows": 57175, "Plan Width": 8, "Actual Rows": 246478, "Actual Loops": 2, "Inner Unique": false, "Workers": [], "Plans": [{"Node Type": "Nested Loop", "Parent Relationship": "Outer", "Parallel Aware": false, "Async Capable": false, "Join Type": "Inner", "Startup Cost": 16474.52, "Total Cost": 39186.86, "Plan Rows": 17345, "Plan Width": 20, "Actual Rows": 35911, "Actual Loops": 2, "Inner Unique": false, "Join Filter": "(p.id = v.postid)", "Rows Removed by Join Filter": 0, "Workers": [], "Plans": [{"Node Type": "Merge Join", "Parent Relationship": "Outer", "Parallel Aware": false, "Async Capable": false, "Join Type": "Inner", "Startup Cost": 16474.04, "Total Cost": 16743.11, "Plan Rows": 4865, "Plan Width": 16, "Actual Rows": 6353, "Actual Loops": 2, "Inner Unique": true, "Merge Cond": "(p.owneruserid = u.id)", "Workers": [], "Plans": [{"Node Type": "Sort", "Parent Relationship": "Outer", "Parallel Aware": false, "Async Capable": false, "Startup Cost": 12693.99, "Total Cost": 12706.74, "Plan Rows": 5100, "Plan Width": 12, "Actual Rows": 9861, "Actual Loops": 2, "Sort Key": ["p.owneruserid"], "Sort Method": "quicksort", "Sort Space Used": 1429, "Sort Space Type": "Memory", "Workers": [{"Worker Number": 0, "Sort Method": "quicksort", "Sort Space Used": 217, "Sort Space Type": "Memory"}], "Plans": [{"Node Type": "Merge Join", "Parent Relationship": "Outer", "Parallel Aware": false, "Async Capable": false, "Join Type": "Inner", "Startup Cost": 11902.64, "Total Cost": 12379.93, "Plan Rows": 5100, "Plan Width": 12, "Actual Rows": 10030, "Actual Loops": 2, "Inner Unique": true, "Merge Cond": "(c.postid = p.id)", "Workers": [], "Plans": [{"Node Type": "Sort", "Parent Relationship": "Outer", "Parallel Aware": false, "Async Capable": false, "Startup Cost": 9082.69, "Total Cost": 9281.05, "Plan Rows": 79345, "Plan Width": 4, "Actual Rows": 67437, "Actual Loops": 2, "Sort Key": ["c.postid"], "Sort Method": "quicksort", "Sort Space Used": 3073, "Sort Space Type": "Memory", "Workers": [{"Worker Number": 0, "Sort Method": "quicksort", "Sort Space Used": 769, "Sort Space Type": "Memory"}], "Plans": [{"Node Type": "Seq Scan", "Parent Relationship": "Outer", "Parallel Aware": true, "Async Capable": false, "Relation Name": "comments", "Alias": "c", "Startup Cost": 0.0, "Total Cost": 2625.65, "Plan Rows": 79345, "Plan Width": 4, "Actual Rows": 67444, "Actual Loops": 2, "Filter": "(score = 0)", "Rows Removed by Filter": 19709, "Workers": []}]}, {"Node Type": "Sort", "Parent Relationship": "Inner", "Parallel Aware": false, "Async Capable": false, "Startup Cost": 2819.95, "Total Cost": 2834.73, "Plan Rows": 5912, "Plan Width": 8, "Actual Rows": 11912, "Actual Loops": 2, "Sort Key": ["p.id"], "Sort Method": "quicksort", "Sort Space Used": 757, "Sort Space Type": "Memory", "Workers": [{"Worker Number": 0, "Sort Method": "quicksort", "Sort Space Used": 757, "Sort Space Type": "Memory"}], "Plans": [{"Node Type": "Seq Scan", "Parent Relationship": "Outer", "Parallel Aware": false, "Async Capable": false, "Relation Name": "posts", "Alias": "p", "Startup Cost": 0.0, "Total Cost": 2449.58, "Plan Rows": 5912, "Plan Width": 8, "Actual Rows": 11912, "Actual Loops": 2, "Filter": "((score <= 21) AND (answercount <= 3) AND (favoritecount >= 0))", "Rows Removed by Filter": 80064, "Workers": []}]}]}]}, {"Node Type": "Sort", "Parent Relationship": "Inner", "Parallel Aware": false, "Async Capable": false, "Startup Cost": 3780.05, "Total Cost": 3877.7, "Plan Rows": 39060, "Plan Width": 4, "Actual Rows": 38964, "Actual Loops": 2, "Sort Key": ["u.id"], "Sort Method": "quicksort", "Sort Space Used": 1537, "Sort Space Type": "Memory", "Workers": [{"Worker Number": 0, "Sort Method": "quicksort", "Sort Space Used": 1537, "Sort Space Type": "Memory"}], "Plans": [{"Node Type": "Seq Scan", "Parent Relationship": "Outer", "Parallel Aware": false, "Async Capable": false, "Relation Name": "users", "Alias": "u", "Startup Cost": 0.0, "Total Cost": 801.06, "Plan Rows": 39060, "Plan Width": 4, "Actual Rows": 39061, "Actual Loops": 2, "Filter": "(reputation <= 240)", "Rows Removed by Filter": 1264, "Workers": []}]}]}, {"Node Type": "Bitmap Heap Scan", "Parent Relationship": "Inner", "Parallel Aware": false, "Async Capable": false, "Relation Name": "votes", "Alias": "v", "Startup Cost": 0.48, "Total Cost": 4.55, "Plan Rows": 5, "Plan Width": 4, "Actual Rows": 6, "Actual Loops": 12706, "Recheck Cond": "(c.postid = postid)", "Rows Removed by Index Recheck": 0, "Filter": "(creationdate >= '2010-07-19 00:00:00'::timestamp without time zone)", "Rows Removed by Filter": 0, "Exact Heap Blocks": 37368, "Lossy Heap Blocks": 0, "Workers": [], "Plans": [{"Node Type": "Bitmap Index Scan", "Parent Relationship": "Outer", "Parallel Aware": false, "Async Capable": false, "Index Name": "idx_votes_postid", "Startup Cost": 0.0, "Total Cost": 0.47, "Plan Rows": 5, "Plan Width": 0, "Actual Rows": 6, "Actual Loops": 12706, "Index Cond": "(postid = c.postid)", "Workers": []}]}]}, {"Node Type": "Memoize", "Parent Relationship": "Inner", "Parallel Aware": false, "Async Capable": false, "Startup Cost": 0.81, "Total Cost": 4.86, "Plan Rows": 4, "Plan Width": 4, "Actual Rows": 7, "Actual Loops": 71822, "Cache Key": "p.id", "Cache Mode": "logical", "Cache Hits": 57439, "Cache Misses": 3664, "Cache Evictions": 0, "Cache Overflows": 0, "Peak Memory Usage": 1019, "Workers": [{"Worker Number": 0, "Cache Hits": 9704, "Cache Misses": 1015, "Cache Evictions": 0, "Cache Overflows": 0, "Peak Memory Usage": 282}], "Plans": [{"Node Type": "Bitmap Heap Scan", "Parent Relationship": "Outer", "Parallel Aware": false, "Async Capable": false, "Relation Name": "posthistory", "Alias": "ph", "Startup Cost": 0.8, "Total Cost": 4.85, "Plan Rows": 4, "Plan Width": 4, "Actual Rows": 6, "Actual Loops": 4679, "Recheck Cond": "(p.id = postid)", "Rows Removed by Index Recheck": 0, "Exact Heap Blocks": 6893, "Lossy Heap Blocks": 0, "Workers": [], "Plans": [{"Node Type": "Bitmap Index Scan", "Parent Relationship": "Outer", "Parallel Aware": false, "Async Capable": false, "Index Name": "idx_posthistory_postid", "Startup Cost": 0.0, "Total Cost": 0.8, "Plan Rows": 4, "Plan Width": 0, "Actual Rows": 6, "Actual Loops": 4679, "Index Cond": "(postid = p.id)", "Workers": []}]}]}]}, {"Node Type": "Sort", "Parent Relationship": "Inner", "Parallel Aware": false, "Async Capable": false, "Startup Cost": 7915.35, "Total Cost": 8114.51, "Plan Rows": 79663, "Plan Width": 4, "Actual Rows": 1506392, "Actual Loops": 2, "Sort Key": ["b.userid"], "Sort Method": "quicksort", "Sort Space Used": 3073, "Sort Space Type": "Memory", "Workers": [{"Worker Number": 0, "Sort Method": "quicksort", "Sort Space Used": 3073, "Sort Space Type": "Memory"}], "Plans": [{"Node Type": "Seq Scan", "Parent Relationship": "Outer", "Parallel Aware": false, "Async Capable": false, "Relation Name": "badges", "Alias": "b", "Startup Cost": 0.0, "Total Cost": 1430.14, "Plan Rows": 79663, "Plan Width": 4, "Actual Rows": 79663, "Actual Loops": 2, "Filter": "(date <= '2014-09-11 18:35:08'::timestamp without time zone)", "Rows Removed by Filter": 188, "Workers": []}]}]}]}]}]}, "Planning Time": 5.668, "Triggers": [], "Execution Time": 452.224}, {"Plan": {"Node Type": "Aggregate", "Strategy": "Plain", "Partial Mode": "Finalize", "Parallel Aware": false, "Async Capable": false, "Startup Cost": 101674.84, "Total Cost": 101674.85, "Plan Rows": 1, "Plan Width": 8, "Actual Rows": 1, "Actual Loops": 1, "Plans": [{"Node Type": "Gather", "Parent Relationship": "Outer", "Parallel Aware": false, "Async Capable": false, "Startup Cost": 101674.73, "Total Cost": 101674.84, "Plan Rows": 1, "Plan Width": 8, "Actual Rows": 2, "Actual Loops": 1, "Workers Planned": 1, "Workers Launched": 1, "Single Copy": false, "Plans": [{"Node Type": "Aggregate", "Strategy": "Plain", "Partial Mode": "Partial", "Parent Relationship": "Outer", "Parallel Aware": false, "Async Capable": false, "Startup Cost": 100674.73, "Total Cost": 100674.74, "Plan Rows": 1, "Plan Width": 8, "Actual Rows": 1, "Actual Loops": 2, "Workers": [], "Plans": [{"Node Type": "Merge Join", "Parent Relationship": "Outer", "Parallel Aware": false, "Async Capable": false, "Join Type": "Inner", "Startup Cost": 93203.66, "Total Cost": 95183.78, "Plan Rows": 2196379, "Plan Width": 0, "Actual Rows": 1435188, "Actual Loops": 2, "Inner Unique": false, "Merge Cond": "(u.id = b.userid)", "Workers": [], "Plans": [{"Node Type": "Sort", "Parent Relationship": "Outer", "Parallel Aware": false, "Async Capable": false, "Startup Cost": 85288.3, "Total Cost": 85431.23, "Plan Rows": 57175, "Plan Width": 8, "Actual Rows": 246478, "Actual Loops": 2, "Sort Key": ["p.owneruserid"], "Sort Method": "quicksort", "Sort Space Used": 22802, "Sort Space Type": "Memory", "Workers": [{"Worker Number": 0, "Sort Method": "quicksort", "Sort Space Used": 11046, "Sort Space Type": "Memory"}], "Plans": [{"Node Type": "Merge Join", "Parent Relationship": "Outer", "Parallel Aware": false, "Async Capable": false, "Join Type": "Inner", "Startup Cost": 76629.61, "Total Cost": 80770.59, "Plan Rows": 57175, "Plan Width": 8, "Actual Rows": 246636, "Actual Loops": 2, "Inner Unique": false, "Merge Cond": "(p.id = ph.postid)", "Workers": [], "Plans": [{"Node Type": "Merge Join", "Parent Relationship": "Outer", "Parallel Aware": false, "Async Capable": false, "Join Type": "Inner", "Startup Cost": 43752.8, "Total Cost": 45762.71, "Plan Rows": 17345, "Plan Width": 20, "Actual Rows": 35932, "Actual Loops": 2, "Inner Unique": false, "Merge Cond": "(v.postid = p.id)", "Workers": [], "Plans": [{"Node Type": "Sort", "Parent Relationship": "Outer", "Parallel Aware": false, "Async Capable": false, "Startup Cost": 21504.44, "Total Cost": 21986.64, "Plan Rows": 192879, "Plan Width": 4, "Actual Rows": 163907, "Actual Loops": 2, "Sort Key": ["v.postid"], "Sort Method": "quicksort", "Sort Space Used": 6145, "Sort Space Type": "Memory", "Workers": [{"Worker Number": 0, "Sort Method": "quicksort", "Sort Space Used": 3073, "Sort Space Type": "Memory"}], "Plans": [{"Node Type": "Seq Scan", "Parent Relationship": "Outer", "Parallel Aware": true, "Async Capable": false, "Relation Name": "votes", "Alias": "v", "Startup Cost": 0.0, "Total Cost": 4572.24, "Plan Rows": 192879, "Plan Width": 4, "Actual Rows": 163991, "Actual Loops": 2, "Filter": "(creationdate >= '2010-07-19 00:00:00'::timestamp without time zone)", "Rows Removed by Filter": 41, "Workers": []}]}, {"Node Type": "Materialize", "Parent Relationship": "Inner", "Parallel Aware": false, "Async Capable": false, "Startup Cost": 22248.35, "Total Cost": 23054.38, "Plan Rows": 8271, "Plan Width": 16, "Actual Rows": 38769, "Actual Loops": 2, "Workers": [], "Plans": [{"Node Type": "Merge Join", "Parent Relationship": "Outer", "Parallel Aware": false, "Async Capable": false, "Join Type": "Inner", "Startup Cost": 22248.35, "Total Cost": 23033.7, "Plan Rows": 8271, "Plan Width": 16, "Actual Rows": 12716, "Actual Loops": 2, "Inner Unique": false, "Merge Cond": "(p.id = c.postid)", "Workers": [], "Plans": [{"Node Type": "Sort", "Parent Relationship": "Outer", "Parallel Aware": false, "Async Capable": false, "Startup Cost": 7232.23, "Total Cost": 7246.33, "Plan Rows": 5640, "Plan Width": 12, "Actual Rows": 7505, "Actual Loops": 2, "Sort Key": ["p.id"], "Sort Method": "quicksort", "Sort Space Used": 486, "Sort Space Type": "Memory", "Workers": [{"Worker Number": 0, "Sort Method": "quicksort", "Sort Space Used": 486, "Sort Space Type": "Memory"}], "Plans": [{"Node Type": "Merge Join", "Parent Relationship": "Outer", "Parallel Aware": false, "Async Capable": false, "Join Type": "Inner", "Startup Cost": 6600.0, "Total Cost": 6880.82, "Plan Rows": 5640, "Plan Width": 12, "Actual Rows": 7505, "Actual Loops": 2, "Inner Unique": true, "Merge Cond": "(p.owneruserid = u.id)", "Workers": [], "Plans": [{"Node Type": "Sort", "Parent Relationship": "Outer", "Parallel Aware": false, "Async Capable": false, "Startup Cost": 2819.95, "Total Cost": 2834.73, "Plan Rows": 5912, "Plan Width": 8, "Actual Rows": 11683, "Actual Loops": 2, "Sort Key": ["p.owneruserid"], "Sort Method": "quicksort", "Sort Space Used": 757, "Sort Space Type": "Memory", "Workers": [{"Worker Number": 0, "Sort Method": "quicksort", "Sort Space Used": 757, "Sort Space Type": "Memory"}], "Plans": [{"Node Type": "Seq Scan", "Parent Relationship": "Outer", "Parallel Aware": false, "Async Capable": false, "Relation Name": "posts", "Alias": "p", "Startup Cost": 0.0, "Total Cost": 2449.58, "Plan Rows": 5912, "Plan Width": 8, "Actual Rows": 11912, "Actual Loops": 2, "Filter": "((score <= 21) AND (answercount <= 3) AND (favoritecount >= 0))", "Rows Removed by Filter": 80064, "Workers": []}]}, {"Node Type": "Sort", "Parent Relationship": "Inner", "Parallel Aware": false, "Async Capable": false, "Startup Cost": 3780.05, "Total Cost": 3877.7, "Plan Rows": 39060, "Plan Width": 4, "Actual Rows": 39056, "Actual Loops": 2, "Sort Key": ["u.id"], "Sort Method": "quicksort", "Sort Space Used": 1537, "Sort Space Type": "Memory", "Workers": [{"Worker Number": 0, "Sort Method": "quicksort", "Sort Space Used": 1537, "Sort Space Type": "Memory"}], "Plans": [{"Node Type": "Seq Scan", "Parent Relationship": "Outer", "Parallel Aware": false, "Async Capable": false, "Relation Name": "users", "Alias": "u", "Startup Cost": 0.0, "Total Cost": 801.06, "Plan Rows": 39060, "Plan Width": 4, "Actual Rows": 39061, "Actual Loops": 2, "Filter": "(reputation <= 240)", "Rows Removed by Filter": 1264, "Workers": []}]}]}]}, {"Node Type": "Sort", "Parent Relationship": "Inner", "Parallel Aware": false, "Async Capable": false, "Startup Cost": 15016.12, "Total Cost": 15353.34, "Plan Rows": 134887, "Plan Width": 4, "Actual Rows": 134874, "Actual Loops": 2, "Sort Key": ["c.postid"], "Sort Method": "quicksort", "Sort Space Used": 6145, "Sort Space Type": "Memory", "Workers": [{"Worker Number": 0, "Sort Method": "quicksort", "Sort Space Used": 6145, "Sort Space Type": "Memory"}], "Plans": [{"Node Type": "Seq Scan", "Parent Relationship": "Outer", "Parallel Aware": false, "Async Capable": false, "Relation Name": "comments", "Alias": "c", "Startup Cost": 0.0, "Total Cost": 3522.81, "Plan Rows": 134887, "Plan Width": 4, "Actual Rows": 134887, "Actual Loops": 2, "Filter": "(score = 0)", "Rows Removed by Filter": 39418, "Workers": []}]}]}]}]}, {"Node Type": "Sort", "Parent Relationship": "Inner", "Parallel Aware": false, "Async Capable": false, "Startup Cost": 32876.82, "Total Cost": 33634.78, "Plan Rows": 303187, "Plan Width": 4, "Actual Rows": 529625, "Actual Loops": 2, "Sort Key": ["ph.postid"], "Sort Method": "quicksort", "Sort Space Used": 12289, "Sort Space Type": "Memory", "Workers": [{"Worker Number": 0, "Sort Method": "quicksort", "Sort Space Used": 12289, "Sort Space Type": "Memory"}], "Plans": [{"Node Type": "Seq Scan", "Parent Relationship": "Outer", "Parallel Aware": false, "Async Capable": false, "Relation Name": "posthistory", "Alias": "ph", "Startup Cost": 0.0, "Total Cost": 5271.87, "Plan Rows": 303187, "Plan Width": 4, "Actual Rows": 303187, "Actual Loops": 2, "Workers": []}]}]}]}, {"Node Type": "Sort", "Parent Relationship": "Inner", "Parallel Aware": false, "Async Capable": false, "Startup Cost": 7915.35, "Total Cost": 8114.51, "Plan Rows": 79663, "Plan Width": 4, "Actual Rows": 1502904, "Actual Loops": 2, "Sort Key": ["b.userid"], "Sort Method": "quicksort", "Sort Space Used": 3073, "Sort Space Type": "Memory", "Workers": [{"Worker Number": 0, "Sort Method": "quicksort", "Sort Space Used": 3073, "Sort Space Type": "Memory"}], "Plans": [{"Node Type": "Seq Scan", "Parent Relationship": "Outer", "Parallel Aware": false, "Async Capable": false, "Relation Name": "badges", "Alias": "b", "Startup Cost": 0.0, "Total Cost": 1430.14, "Plan Rows": 79663, "Plan Width": 4, "Actual Rows": 79663, "Actual Loops": 2, "Filter": "(date <= '2014-09-11 18:35:08'::timestamp without time zone)", "Rows Removed by Filter": 188, "Workers": []}]}]}]}]}]}, "Planning Time": 6.108, "Triggers": [], "Execution Time": 539.793}, {"Plan": {"Node Type": "Aggregate", "Strategy": "Plain", "Partial Mode": "Simple", "Parallel Aware": false, "Async Capable": false, "Startup Cost": 151225.54, "Total Cost": 151225.55, "Plan Rows": 1, "Plan Width": 8, "Actual Rows": 1, "Actual Loops": 1, "Plans": [{"Node Type": "Nested Loop", "Parent Relationship": "Outer", "Parallel Aware": false, "Async Capable": false, "Join Type": "Inner", "Startup Cost": 3.06, "Total Cost": 141890.92, "Plan Rows": 3733845, "Plan Width": 0, "Actual Rows": 2870375, "Actual Loops": 1, "Inner Unique": false, "Join Filter": "(b.userid = u.id)", "Rows Removed by Join Filter": 0, "Plans": [{"Node Type": "Nested Loop", "Parent Relationship": "Outer", "Parallel Aware": false, "Async Capable": false, "Join Type": "Inner", "Startup Cost": 2.64, "Total Cost": 112549.55, "Plan Rows": 97198, "Plan Width": 8, "Actual Rows": 493271, "Actual Loops": 1, "Inner Unique": false, "Plans": [{"Node Type": "Nested Loop", "Parent Relationship": "Outer", "Parallel Aware": false, "Async Capable": false, "Join Type": "Inner", "Startup Cost": 1.83, "Total Cost": 82042.12, "Plan Rows": 29486, "Plan Width": 20, "Actual Rows": 71863, "Actual Loops": 1, "Inner Unique": false, "Plans": [{"Node Type": "Nested Loop", "Parent Relationship": "Outer", "Parallel Aware": false, "Async Capable": false, "Join Type": "Inner", "Startup Cost": 1.03, "Total Cost": 52638.11, "Plan Rows": 8271, "Plan Width": 16, "Actual Rows": 12716, "Actual Loops": 1, "Inner Unique": false, "Plans": [{"Node Type": "Nested Loop", "Parent Relationship": "Outer", "Parallel Aware": false, "Async Capable": false, "Join Type": "Inner", "Startup Cost": 0.38, "Total Cost": 26014.21, "Plan Rows": 5640, "Plan Width": 12, "Actual Rows": 7505, "Actual Loops": 1, "Inner Unique": true, "Plans": [{"Node Type": "Seq Scan", "Parent Relationship": "Outer", "Parallel Aware": false, "Async Capable": false, "Relation Name": "posts", "Alias": "p", "Startup Cost": 0.0, "Total Cost": 2449.58, "Plan Rows": 5912, "Plan Width": 8, "Actual Rows": 11912, "Actual Loops": 1, "Filter": "((score <= 21) AND (answercount <= 3) AND (favoritecount >= 0))", "Rows Removed by Filter": 80064}, {"Node Type": "Memoize", "Parent Relationship": "Inner", "Parallel Aware": false, "Async Capable": false, "Startup Cost": 0.38, "Total Cost": 4.4, "Plan Rows": 1, "Plan Width": 4, "Actual Rows": 1, "Actual Loops": 11912, "Cache Key": "p.owneruserid", "Cache Mode": "logical", "Cache Hits": 5489, "Cache Misses": 6423, "Cache Evictions": 0, "Cache Overflows": 0, "Peak Memory Usage": 623, "Plans": [{"Node Type": "Bitmap Heap Scan", "Parent Relationship": "Outer", "Parallel Aware": false, "Async Capable": false, "Relation Name": "users", "Alias": "u", "Startup Cost": 0.37, "Total Cost": 4.39, "Plan Rows": 1, "Plan Width": 4, "Actual Rows": 1, "Actual Loops": 6423, "Recheck Cond": "(p.owneruserid = id)", "Rows Removed by Index Recheck": 0, "Filter": "(reputation <= 240)", "Rows Removed by Filter": 0, "Exact Heap Blocks": 6422, "Lossy Heap Blocks": 0, "Plans": [{"Node Type": "Bitmap Index Scan", "Parent Relationship": "Outer", "Parallel Aware": false, "Async Capable": false, "Index Name": "users_pkey", "Startup Cost": 0.0, "Total Cost": 0.37, "Plan Rows": 1, "Plan Width": 0, "Actual Rows": 1, "Actual Loops": 6423, "Index Cond": "(id = p.owneruserid)"}]}]}]}, {"Node Type": "Bitmap Heap Scan", "Parent Relationship": "Inner", "Parallel Aware": false, "Async Capable": false, "Relation Name": "comments", "Alias": "c", "Startup Cost": 0.65, "Total Cost": 4.69, "Plan Rows": 3, "Plan Width": 4, "Actual Rows": 2, "Actual Loops": 7505, "Recheck Cond": "(postid = p.id)", "Rows Removed by Index Recheck": 0, "Filter": "(score = 0)", "Rows Removed by Filter": 1, "Exact Heap Blocks": 7679, "Lossy Heap Blocks": 0, "Plans": [{"Node Type": "Bitmap Index Scan", "Parent Relationship": "Outer", "Parallel Aware": false, "Async Capable": false, "Index Name": "idx_comments_postid", "Startup Cost": 0.0, "Total Cost": 0.64, "Plan Rows": 3, "Plan Width": 0, "Actual Rows": 2, "Actual Loops": 7505, "Index Cond": "(postid = p.id)"}]}]}, {"Node Type": "Memoize", "Parent Relationship": "Inner", "Parallel Aware": false, "Async Capable": false, "Startup Cost": 0.8, "Total Cost": 4.88, "Plan Rows": 5, "Plan Width": 4, "Actual Rows": 6, "Actual Loops": 12716, "Cache Key": "p.id", "Cache Mode": "logical", "Cache Hits": 8483, "Cache Misses": 4233, "Cache Evictions": 0, "Cache Overflows": 0, "Peak Memory Usage": 1092, "Plans": [{"Node Type": "Bitmap Heap Scan", "Parent Relationship": "Outer", "Parallel Aware": false, "Async Capable": false, "Relation Name": "votes", "Alias": "v", "Startup Cost": 0.79, "Total Cost": 4.87, "Plan Rows": 5, "Plan Width": 4, "Actual Rows": 5, "Actual Loops": 4233, "Recheck Cond": "(p.id = postid)", "Rows Removed by Index Recheck": 0, "Filter": "(creationdate >= '2010-07-19 00:00:00'::timestamp without time zone)", "Rows Removed by Filter": 0, "Exact Heap Blocks": 14185, "Lossy Heap Blocks": 0, "Plans": [{"Node Type": "Bitmap Index Scan", "Parent Relationship": "Outer", "Parallel Aware": false, "Async Capable": false, "Index Name": "idx_votes_postid", "Startup Cost": 0.0, "Total Cost": 0.79, "Plan Rows": 5, "Plan Width": 0, "Actual Rows": 5, "Actual Loops": 4233, "Index Cond": "(postid = p.id)"}]}]}]}, {"Node Type": "Memoize", "Parent Relationship": "Inner", "Parallel Aware": false, "Async Capable": false, "Startup Cost": 0.81, "Total Cost": 4.86, "Plan Rows": 4, "Plan Width": 4, "Actual Rows": 7, "Actual Loops": 71863, "Cache Key": "p.id", "Cache Mode": "logical", "Cache Hits": 67694, "Cache Misses": 4169, "Cache Evictions": 0, "Cache Overflows": 0, "Peak Memory Usage": 1149, "Plans": [{"Node Type": "Bitmap Heap Scan", "Parent Relationship": "Outer", "Parallel Aware": false, "Async Capable": false, "Relation Name": "posthistory", "Alias": "ph", "Startup Cost": 0.8, "Total Cost": 4.85, "Plan Rows": 4, "Plan Width": 4, "Actual Rows": 6, "Actual Loops": 4169, "Recheck Cond": "(p.id = postid)", "Rows Removed by Index Recheck": 0, "Exact Heap Blocks": 7736, "Lossy Heap Blocks": 0, "Plans": [{"Node Type": "Bitmap Index Scan", "Parent Relationship": "Outer", "Parallel Aware": false, "Async Capable": false, "Index Name": "idx_posthistory_postid", "Startup Cost": 0.0, "Total Cost": 0.8, "Plan Rows": 4, "Plan Width": 0, "Actual Rows": 6, "Actual Loops": 4169, "Index Cond": "(postid = p.id)"}]}]}]}, {"Node Type": "Memoize", "Parent Relationship": "Inner", "Parallel Aware": false, "Async Capable": false, "Startup Cost": 0.42, "Total Cost": 4.46, "Plan Rows": 3, "Plan Width": 4, "Actual Rows": 6, "Actual Loops": 493271, "Cache Key": "p.owneruserid", "Cache Mode": "logical", "Cache Hits": 489815, "Cache Misses": 3456, "Cache Evictions": 0, "Cache Overflows": 0, "Peak Memory Usage": 730, "Plans": [{"Node Type": "Bitmap Heap Scan", "Parent Relationship": "Outer", "Parallel Aware": false, "Async Capable": false, "Relation Name": "badges", "Alias": "b", "Startup Cost": 0.41, "Total Cost": 4.45, "Plan Rows": 3, "Plan Width": 4, "Actual Rows": 4, "Actual Loops": 3456, "Recheck Cond": "(p.owneruserid = userid)", "Rows Removed by Index Recheck": 0, "Filter": "(date <= '2014-09-11 18:35:08'::timestamp without time zone)", "Rows Removed by Filter": 0, "Exact Heap Blocks": 10527, "Lossy Heap Blocks": 0, "Plans": [{"Node Type": "Bitmap Index Scan", "Parent Relationship": "Outer", "Parallel Aware": false, "Async Capable": false, "Index Name": "idx_badges_userid", "Startup Cost": 0.0, "Total Cost": 0.41, "Plan Rows": 3, "Plan Width": 0, "Actual Rows": 4, "Actual Loops": 3456, "Index Cond": "(userid = p.owneruserid)"}]}]}]}]}, "Planning Time": 4.215, "Triggers": [], "Execution Time": 627.071}, {"Plan": {"Node Type": "Aggregate", "Strategy": "Plain", "Partial Mode": "Finalize", "Parallel Aware": false, "Async Capable": false, "Startup Cost": 50945.74, "Total Cost": 50945.75, "Plan Rows": 1, "Plan Width": 8, "Actual Rows": 1, "Actual Loops": 1, "Plans": [{"Node Type": "Gather", "Parent Relationship": "Outer", "Parallel Aware": false, "Async Capable": false, "Startup Cost": 50945.63, "Total Cost": 50945.74, "Plan Rows": 1, "Plan Width": 8, "Actual Rows": 2, "Actual Loops": 1, "Workers Planned": 1, "Workers Launched": 1, "Single Copy": false, "Plans": [{"Node Type": "Aggregate", "Strategy": "Plain", "Partial Mode": "Partial", "Parent Relationship": "Outer", "Parallel Aware": false, "Async Capable": false, "Startup Cost": 49945.63, "Total Cost": 49945.64, "Plan Rows": 1, "Plan Width": 8, "Actual Rows": 1, "Actual Loops": 2, "Workers": [], "Plans": [{"Node Type": "Merge Join", "Parent Relationship": "Outer", "Parallel Aware": false, "Async Capable": false, "Join Type": "Inner", "Startup Cost": 39409.89, "Total Cost": 44454.68, "Plan Rows": 2196379, "Plan Width": 0, "Actual Rows": 1435188, "Actual Loops": 2, "Inner Unique": false, "Merge Cond": "(u.id = b.userid)", "Workers": [], "Plans": [{"Node Type": "Sort", "Parent Relationship": "Outer", "Parallel Aware": false, "Async Capable": false, "Startup Cost": 39409.58, "Total Cost": 39552.52, "Plan Rows": 57175, "Plan Width": 8, "Actual Rows": 246478, "Actual Loops": 2, "Sort Key": ["p.owneruserid"], "Sort Method": "quicksort", "Sort Space Used": 13581, "Sort Space Type": "Memory", "Workers": [{"Worker Number": 0, "Sort Method": "quicksort", "Sort Space Used": 14123, "Sort Space Type": "Memory"}], "Plans": [{"Node Type": "Merge Join", "Parent Relationship": "Outer", "Parallel Aware": false, "Async Capable": false, "Join Type": "Inner", "Startup Cost": 6293.18, "Total Cost": 34891.87, "Plan Rows": 57175, "Plan Width": 8, "Actual Rows": 246636, "Actual Loops": 2, "Inner Unique": false, "Merge Cond": "(p.id = ph.postid)", "Workers": [], "Plans": [{"Node Type": "Merge Join", "Parent Relationship": "Outer", "Parallel Aware": false, "Async Capable": false, "Join Type": "Inner", "Startup Cost": 6292.76, "Total Cost": 24445.27, "Plan Rows": 17345, "Plan Width": 20, "Actual Rows": 35932, "Actual Loops": 2, "Inner Unique": false, "Merge Cond": "(v.postid = p.id)", "Workers": [], "Plans": [{"Node Type": "Index Scan", "Parent Relationship": "Outer", "Parallel Aware": true, "Async Capable": false, "Scan Direction": "Forward", "Index Name": "idx_votes_postid", "Relation Name": "votes", "Alias": "v", "Startup Cost": 0.42, "Total Cost": 11105.86, "Plan Rows": 192879, "Plan Width": 4, "Actual Rows": 163906, "Actual Loops": 2, "Filter": "(creationdate >= '2010-07-19 00:00:00'::timestamp without time zone)", "Rows Removed by Filter": 41, "Workers": []}, {"Node Type": "Materialize", "Parent Relationship": "Inner", "Parallel Aware": false, "Async Capable": false, "Startup Cost": 6292.33, "Total Cost": 12617.72, "Plan Rows": 8271, "Plan Width": 16, "Actual Rows": 42370, "Actual Loops": 2, "Workers": [], "Plans": [{"Node Type": "Merge Join", "Parent Relationship": "Outer", "Parallel Aware": false, "Async Capable": false, "Join Type": "Inner", "Startup Cost": 6292.33, "Total Cost": 12597.04, "Plan Rows": 8271, "Plan Width": 16, "Actual Rows": 12702, "Actual Loops": 2, "Inner Unique": false, "Merge Cond": "(p.id = c.postid)", "Workers": [], "Plans": [{"Node Type": "Sort", "Parent Relationship": "Outer", "Parallel Aware": false, "Async Capable": false, "Startup Cost": 6291.91, "Total Cost": 6306.01, "Plan Rows": 5640, "Plan Width": 12, "Actual Rows": 7499, "Actual Loops": 2, "Sort Key": ["p.id"], "Sort Method": "quicksort", "Sort Space Used": 486, "Sort Space Type": "Memory", "Workers": [{"Worker Number": 0, "Sort Method": "quicksort", "Sort Space Used": 486, "Sort Space Type": "Memory"}], "Plans": [{"Node Type": "Merge Join", "Parent Relationship": "Outer", "Parallel Aware": false, "Async Capable": false, "Join Type": "Inner", "Startup Cost": 4299.65, "Total Cost": 5940.5, "Plan Rows": 5640, "Plan Width": 12, "Actual Rows": 7505, "Actual Loops": 2, "Inner Unique": true, "Merge Cond": "(p.owneruserid = u.id)", "Workers": [], "Plans": [{"Node Type": "Sort", "Parent Relationship": "Outer", "Parallel Aware": false, "Async Capable": false, "Startup Cost": 4299.36, "Total Cost": 4314.14, "Plan Rows": 5912, "Plan Width": 8, "Actual Rows": 11683, "Actual Loops": 2, "Sort Key": ["p.owneruserid"], "Sort Method": "quicksort", "Sort Space Used": 757, "Sort Space Type": "Memory", "Workers": [{"Worker Number": 0, "Sort Method": "quicksort", "Sort Space Used": 757, "Sort Space Type": "Memory"}], "Plans": [{"Node Type": "Index Scan", "Parent Relationship": "Outer", "Parallel Aware": false, "Async Capable": false, "Scan Direction": "Forward", "Index Name": "posts_pkey", "Relation Name": "posts", "Alias": "p", "Startup Cost": 0.29, "Total Cost": 3928.99, "Plan Rows": 5912, "Plan Width": 8, "Actual Rows": 11912, "Actual Loops": 2, "Filter": "((score <= 21) AND (answercount <= 3) AND (favoritecount >= 0))", "Rows Removed by Filter": 80064, "Workers": []}]}, {"Node Type": "Index Scan", "Parent Relationship": "Inner", "Parallel Aware": false, "Async Capable": false, "Scan Direction": "Forward", "Index Name": "users_pkey", "Relation Name": "users", "Alias": "u", "Startup Cost": 0.29, "Total Cost": 1457.98, "Plan Rows": 39060, "Plan Width": 4, "Actual Rows": 39056, "Actual Loops": 2, "Filter": "(reputation <= 240)", "Rows Removed by Filter": 1264, "Workers": []}]}]}, {"Node Type": "Index Scan", "Parent Relationship": "Inner", "Parallel Aware": false, "Async Capable": false, "Scan Direction": "Forward", "Index Name": "idx_comments_postid", "Relation Name": "comments", "Alias": "c", "Startup Cost": 0.42, "Total Cost": 5857.0, "Plan Rows": 134887, "Plan Width": 4, "Actual Rows": 134685, "Actual Loops": 2, "Filter": "(score = 0)", "Rows Removed by Filter": 39384, "Workers": []}]}]}]}, {"Node Type": "Index Scan", "Parent Relationship": "Inner", "Parallel Aware": false, "Async Capable": false, "Scan Direction": "Forward", "Index Name": "idx_posthistory_postid", "Relation Name": "posthistory", "Alias": "ph", "Startup Cost": 0.42, "Total Cost": 9073.51, "Plan Rows": 303187, "Plan Width": 4, "Actual Rows": 536548, "Actual Loops": 2, "Workers": []}]}]}, {"Node Type": "Materialize", "Parent Relationship": "Inner", "Parallel Aware": false, "Async Capable": false, "Startup Cost": 0.29, "Total Cost": 3264.13, "Plan Rows": 79663, "Plan Width": 4, "Actual Rows": 1506628, "Actual Loops": 2, "Workers": [], "Plans": [{"Node Type": "Index Scan", "Parent Relationship": "Outer", "Parallel Aware": false, "Async Capable": false, "Scan Direction": "Forward", "Index Name": "idx_badges_userid", "Relation Name": "badges", "Alias": "b", "Startup Cost": 0.29, "Total Cost": 3064.97, "Plan Rows": 79663, "Plan Width": 4, "Actual Rows": 79618, "Actual Loops": 2, "Filter": "(date <= '2014-09-11 18:35:08'::timestamp without time zone)", "Rows Removed by Filter": 154, "Workers": []}]}]}]}]}]}, "Planning Time": 9.824, "Triggers": [], "Execution Time": 896.649}, {"Plan": {"Node Type": "Aggregate", "Strategy": "Plain", "Partial Mode": "Finalize", "Parallel Aware": false, "Async Capable": false, "Startup Cost": 36729.49, "Total Cost": 36729.5, "Plan Rows": 1, "Plan Width": 8, "Actual Rows": 1, "Actual Loops": 1, "Plans": [{"Node Type": "Gather", "Parent Relationship": "Outer", "Parallel Aware": false, "Async Capable": false, "Startup Cost": 36729.37, "Total Cost": 36729.48, "Plan Rows": 1, "Plan Width": 8, "Actual Rows": 2, "Actual Loops": 1, "Workers Planned": 1, "Workers Launched": 1, "Single Copy": false, "Plans": [{"Node Type": "Aggregate", "Strategy": "Plain", "Partial Mode": "Partial", "Parent Relationship": "Outer", "Parallel Aware": false, "Async Capable": false, "Startup Cost": 35729.37, "Total Cost": 35729.38, "Plan Rows": 1, "Plan Width": 8, "Actual Rows": 1, "Actual Loops": 2, "Workers": [], "Plans": [{"Node Type": "Nested Loop", "Parent Relationship": "Outer", "Parallel Aware": false, "Async Capable": false, "Join Type": "Inner", "Startup Cost": 4814.07, "Total Cost": 30238.43, "Plan Rows": 2196379, "Plan Width": 0, "Actual Rows": 1435188, "Actual Loops": 2, "Inner Unique": false, "Join Filter": "(b.userid = u.id)", "Rows Removed by Join Filter": 0, "Workers": [], "Plans": [{"Node Type": "Nested Loop", "Parent Relationship": "Outer", "Parallel Aware": false, "Async Capable": false, "Join Type": "Inner", "Startup Cost": 4813.77, "Total Cost": 23026.58, "Plan Rows": 57175, "Plan Width": 8, "Actual Rows": 246636, "Actual Loops": 2, "Inner Unique": false, "Join Filter": "(p.id = v.postid)", "Rows Removed by Join Filter": 0, "Workers": [], "Plans": [{"Node Type": "Nested Loop", "Parent Relationship": "Outer", "Parallel Aware": false, "Async Capable": false, "Join Type": "Inner", "Startup Cost": 4813.35, "Total Cost": 13083.42, "Plan Rows": 16038, "Plan Width": 20, "Actual Rows": 40201, "Actual Loops": 2, "Inner Unique": false, "Join Filter": "(p.id = ph.postid)", "Rows Removed by Join Filter": 0, "Workers": [], "Plans": [{"Node Type": "Merge Join", "Parent Relationship": "Outer", "Parallel Aware": false, "Async Capable": false, "Join Type": "Inner", "Startup Cost": 4812.93, "Total Cost": 10047.56, "Plan Rows": 4865, "Plan Width": 16, "Actual Rows": 6358, "Actual Loops": 2, "Inner Unique": false, "Merge Cond": "(c.postid = p.id)", "Workers": [], "Plans": [{"Node Type": "Index Scan", "Parent Relationship": "Outer", "Parallel Aware": true, "Async Capable": false, "Scan Direction": "Forward", "Index Name": "idx_comments_postid", "Relation Name": "comments", "Alias": "c", "Startup Cost": 0.42, "Total Cost": 4959.84, "Plan Rows": 79345, "Plan Width": 4, "Actual Rows": 67437, "Actual Loops": 2, "Filter": "(score = 0)", "Rows Removed by Filter": 19708, "Workers": []}, {"Node Type": "Sort", "Parent Relationship": "Inner", "Parallel Aware": false, "Async Capable": false, "Startup Cost": 4812.51, "Total Cost": 4826.61, "Plan Rows": 5640, "Plan Width": 12, "Actual Rows": 11743, "Actual Loops": 2, "Sort Key": ["p.id"], "Sort Method": "quicksort", "Sort Space Used": 486, "Sort Space Type": "Memory", "Workers": [{"Worker Number": 0, "Sort Method": "quicksort", "Sort Space Used": 486, "Sort Space Type": "Memory"}], "Plans": [{"Node Type": "Merge Join", "Parent Relationship": "Outer", "Parallel Aware": false, "Async Capable": false, "Join Type": "Inner", "Startup Cost": 2820.24, "Total Cost": 4461.09, "Plan Rows": 5640, "Plan Width": 12, "Actual Rows": 7505, "Actual Loops": 2, "Inner Unique": false, "Merge Cond": "(u.id = p.owneruserid)", "Workers": [], "Plans": [{"Node Type": "Index Scan", "Parent Relationship": "Outer", "Parallel Aware": false, "Async Capable": false, "Scan Direction": "Forward", "Index Name": "users_pkey", "Relation Name": "users", "Alias": "u", "Startup Cost": 0.29, "Total Cost": 1457.98, "Plan Rows": 39060, "Plan Width": 4, "Actual Rows": 39057, "Actual Loops": 2, "Filter": "(reputation <= 240)", "Rows Removed by Filter": 1264, "Workers": []}, {"Node Type": "Sort", "Parent Relationship": "Inner", "Parallel Aware": false, "Async Capable": false, "Startup Cost": 2819.95, "Total Cost": 2834.73, "Plan Rows": 5912, "Plan Width": 8, "Actual Rows": 11683, "Actual Loops": 2, "Sort Key": ["p.owneruserid"], "Sort Method": "quicksort", "Sort Space Used": 757, "Sort Space Type": "Memory", "Workers": [{"Worker Number": 0, "Sort Method": "quicksort", "Sort Space Used": 757, "Sort Space Type": "Memory"}], "Plans": [{"Node Type": "Seq Scan", "Parent Relationship": "Outer", "Parallel Aware": false, "Async Capable": false, "Relation Name": "posts", "Alias": "p", "Startup Cost": 0.0, "Total Cost": 2449.58, "Plan Rows": 5912, "Plan Width": 8, "Actual Rows": 11912, "Actual Loops": 2, "Filter": "((score <= 21) AND (answercount <= 3) AND (favoritecount >= 0))", "Rows Removed by Filter": 80064, "Workers": []}]}]}]}]}, {"Node Type": "Index Scan", "Parent Relationship": "Inner", "Parallel Aware": false, "Async Capable": false, "Scan Direction": "Forward", "Index Name": "idx_posthistory_postid", "Relation Name": "posthistory", "Alias": "ph", "Startup Cost": 0.42, "Total Cost": 0.57, "Plan Rows": 4, "Plan Width": 4, "Actual Rows": 6, "Actual Loops": 12716, "Index Cond": "(postid = c.postid)", "Rows Removed by Index Recheck": 0, "Workers": []}]}, {"Node Type": "Index Scan", "Parent Relationship": "Inner", "Parallel Aware": false, "Async Capable": false, "Scan Direction": "Forward", "Index Name": "idx_votes_postid", "Relation Name": "votes", "Alias": "v", "Startup Cost": 0.42, "Total Cost": 0.56, "Plan Rows": 5, "Plan Width": 4, "Actual Rows": 6, "Actual Loops": 80402, "Index Cond": "(postid = ph.postid)", "Rows Removed by Index Recheck": 0, "Filter": "(creationdate >= '2010-07-19 00:00:00'::timestamp without time zone)", "Rows Removed by Filter": 0, "Workers": []}]}, {"Node Type": "Memoize", "Parent Relationship": "Inner", "Parallel Aware": false, "Async Capable": false, "Startup Cost": 0.3, "Total Cost": 0.75, "Plan Rows": 3, "Plan Width": 4, "Actual Rows": 6, "Actual Loops": 493271, "Cache Key": "p.owneruserid", "Cache Mode": "logical", "Cache Hits": 254219, "Cache Misses": 1874, "Cache Evictions": 0, "Cache Overflows": 0, "Peak Memory Usage": 416, "Workers": [{"Worker Number": 0, "Cache Hits": 235323, "Cache Misses": 1855, "Cache Evictions": 0, "Cache Overflows": 0, "Peak Memory Usage": 404}], "Plans": [{"Node Type": "Index Scan", "Parent Relationship": "Outer", "Parallel Aware": false, "Async Capable": false, "Scan Direction": "Forward", "Index Name": "idx_badges_userid", "Relation Name": "badges", "Alias": "b", "Startup Cost": 0.29, "Total Cost": 0.74, "Plan Rows": 3, "Plan Width": 4, "Actual Rows": 4, "Actual Loops": 3729, "Index Cond": "(userid = p.owneruserid)", "Rows Removed by Index Recheck": 0, "Filter": "(date <= '2014-09-11 18:35:08'::timestamp without time zone)", "Rows Removed by Filter": 0, "Workers": []}]}]}]}]}]}, "Planning Time": 9.592, "Triggers": [], "Execution Time": 467.012}, {"Plan": {"Node Type": "Aggregate", "Strategy": "Plain", "Partial Mode": "Finalize", "Parallel Aware": false, "Async Capable": false, "Startup Cost": 50272.76, "Total Cost": 50272.77, "Plan Rows": 1, "Plan Width": 8, "Actual Rows": 1, "Actual Loops": 1, "Plans": [{"Node Type": "Gather", "Parent Relationship": "Outer", "Parallel Aware": false, "Async Capable": false, "Startup Cost": 50272.65, "Total Cost": 50272.76, "Plan Rows": 1, "Plan Width": 8, "Actual Rows": 2, "Actual Loops": 1, "Workers Planned": 1, "Workers Launched": 1, "Single Copy": false, "Plans": [{"Node Type": "Aggregate", "Strategy": "Plain", "Partial Mode": "Partial", "Parent Relationship": "Outer", "Parallel Aware": false, "Async Capable": false, "Startup Cost": 49272.65, "Total Cost": 49272.66, "Plan Rows": 1, "Plan Width": 8, "Actual Rows": 1, "Actual Loops": 2, "Workers": [], "Plans": [{"Node Type": "Merge Join", "Parent Relationship": "Outer", "Parallel Aware": false, "Async Capable": false, "Join Type": "Inner", "Startup Cost": 36201.61, "Total Cost": 43781.7, "Plan Rows": 2196379, "Plan Width": 0, "Actual Rows": 1435188, "Actual Loops": 2, "Inner Unique": false, "Merge Cond": "(p.owneruserid = u.id)", "Workers": [], "Plans": [{"Node Type": "Sort", "Parent Relationship": "Outer", "Parallel Aware": false, "Async Capable": false, "Startup Cost": 36200.95, "Total Cost": 36350.78, "Plan Rows": 59934, "Plan Width": 4, "Actual Rows": 439236, "Actual Loops": 2, "Sort Key": ["p.owneruserid"], "Sort Method": "quicksort", "Sort Space Used": 12289, "Sort Space Type": "Memory", "Workers": [{"Worker Number": 0, "Sort Method": "quicksort", "Sort Space Used": 12289, "Sort Space Type": "Memory"}], "Plans": [{"Node Type": "Merge Join", "Parent Relationship": "Outer", "Parallel Aware": false, "Async Capable": false, "Join Type": "Inner", "Startup Cost": 2821.21, "Total Cost": 31444.86, "Plan Rows": 59934, "Plan Width": 4, "Actual Rows": 446858, "Actual Loops": 2, "Inner Unique": false, "Merge Cond": "(p.id = ph.postid)", "Workers": [], "Plans": [{"Node Type": "Merge Join", "Parent Relationship": "Outer", "Parallel Aware": false, "Async Capable": false, "Join Type": "Inner", "Startup Cost": 2820.79, "Total Cost": 20968.58, "Plan Rows": 18182, "Plan Width": 16, "Actual Rows": 65221, "Actual Loops": 2, "Inner Unique": false, "Merge Cond": "(p.id = c.postid)", "Workers": [], "Plans": [{"Node Type": "Merge Join", "Parent Relationship": "Outer", "Parallel Aware": false, "Async Capable": false, "Join Type": "Inner", "Startup Cost": 2820.37, "Total Cost": 14561.54, "Plan Rows": 12398, "Plan Width": 12, "Actual Rows": 35875, "Actual Loops": 2, "Inner Unique": true, "Merge Cond": "(v.postid = p.id)", "Workers": [], "Plans": [{"Node Type": "Index Scan", "Parent Relationship": "Outer", "Parallel Aware": true, "Async Capable": false, "Scan Direction": "Forward", "Index Name": "idx_votes_postid", "Relation Name": "votes", "Alias": "v", "Startup Cost": 0.42, "Total Cost": 11105.86, "Plan Rows": 192879, "Plan Width": 4, "Actual Rows": 163985, "Actual Loops": 2, "Filter": "(creationdate >= '2010-07-19 00:00:00'::timestamp without time zone)", "Rows Removed by Filter": 41, "Workers": []}, {"Node Type": "Sort", "Parent Relationship": "Inner", "Parallel Aware": false, "Async Capable": false, "Startup Cost": 2819.95, "Total Cost": 2834.73, "Plan Rows": 5912, "Plan Width": 8, "Actual Rows": 11905, "Actual Loops": 2, "Sort Key": ["p.id"], "Sort Method": "quicksort", "Sort Space Used": 757, "Sort Space Type": "Memory", "Workers": [{"Worker Number": 0, "Sort Method": "quicksort", "Sort Space Used": 757, "Sort Space Type": "Memory"}], "Plans": [{"Node Type": "Seq Scan", "Parent Relationship": "Outer", "Parallel Aware": false, "Async Capable": false, "Relation Name": "posts", "Alias": "p", "Startup Cost": 0.0, "Total Cost": 2449.58, "Plan Rows": 5912, "Plan Width": 8, "Actual Rows": 11912, "Actual Loops": 2, "Filter": "((score <= 21) AND (answercount <= 3) AND (favoritecount >= 0))", "Rows Removed by Filter": 80064, "Workers": []}]}]}, {"Node Type": "Index Scan", "Parent Relationship": "Inner", "Parallel Aware": false, "Async Capable": false, "Scan Direction": "Forward", "Index Name": "idx_comments_postid", "Relation Name": "comments", "Alias": "c", "Startup Cost": 0.42, "Total Cost": 5857.0, "Plan Rows": 134887, "Plan Width": 4, "Actual Rows": 189978, "Actual Loops": 2, "Filter": "(score = 0)", "Rows Removed by Filter": 58821, "Workers": []}]}, {"Node Type": "Index Scan", "Parent Relationship": "Inner", "Parallel Aware": false, "Async Capable": false, "Scan Direction": "Forward", "Index Name": "idx_posthistory_postid", "Relation Name": "posthistory", "Alias": "ph", "Startup Cost": 0.42, "Total Cost": 9073.51, "Plan Rows": 303187, "Plan Width": 4, "Actual Rows": 729480, "Actual Loops": 2, "Workers": []}]}]}, {"Node Type": "Materialize", "Parent Relationship": "Inner", "Parallel Aware": false, "Async Capable": false, "Startup Cost": 0.66, "Total Cost": 5784.26, "Plan Rows": 77164, "Plan Width": 8, "Actual Rows": 1482148, "Actual Loops": 2, "Workers": [], "Plans": [{"Node Type": "Merge Join", "Parent Relationship": "Outer", "Parallel Aware": false, "Async Capable": false, "Join Type": "Inner", "Startup Cost": 0.66, "Total Cost": 5591.35, "Plan Rows": 77164, "Plan Width": 8, "Actual Rows": 55104, "Actual Loops": 2, "Inner Unique": true, "Merge Cond": "(b.userid = u.id)", "Workers": [], "Plans": [{"Node Type": "Index Scan", "Parent Relationship": "Outer", "Parallel Aware": false, "Async Capable": false, "Scan Direction": "Forward", "Index Name": "idx_badges_userid", "Relation Name": "badges", "Alias": "b", "Startup Cost": 0.29, "Total Cost": 3064.97, "Plan Rows": 79663, "Plan Width": 4, "Actual Rows": 79618, "Actual Loops": 2, "Filter": "(date <= '2014-09-11 18:35:08'::timestamp without time zone)", "Rows Removed by Filter": 154, "Workers": []}, {"Node Type": "Index Scan", "Parent Relationship": "Inner", "Parallel Aware": false, "Async Capable": false, "Scan Direction": "Forward", "Index Name": "users_pkey", "Relation Name": "users", "Alias": "u", "Startup Cost": 0.29, "Total Cost": 1457.98, "Plan Rows": 39060, "Plan Width": 4, "Actual Rows": 38844, "Actual Loops": 2, "Filter": "(reputation <= 240)", "Rows Removed by Filter": 1264, "Workers": []}]}]}]}]}]}]}, "Planning Time": 10.878, "Triggers": [], "Execution Time": 918.218}, {"Plan": {"Node Type": "Aggregate", "Strategy": "Plain", "Partial Mode": "Simple", "Parallel Aware": false, "Async Capable": false, "Startup Cost": 56105.36, "Total Cost": 56105.37, "Plan Rows": 1, "Plan Width": 8, "Actual Rows": 1, "Actual Loops": 1, "Plans": [{"Node Type": "Nested Loop", "Parent Relationship": "Outer", "Parallel Aware": false, "Async Capable": false, "Join Type": "Inner", "Startup Cost": 2.17, "Total Cost": 46770.75, "Plan Rows": 3733845, "Plan Width": 0, "Actual Rows": 2870375, "Actual Loops": 1, "Inner Unique": false, "Join Filter": "(b.userid = u.id)", "Rows Removed by Join Filter": 0, "Plans": [{"Node Type": "Nested Loop", "Parent Relationship": "Outer", "Parallel Aware": false, "Async Capable": false, "Join Type": "Inner", "Startup Cost": 1.87, "Total Cost": 37257.55, "Plan Rows": 97198, "Plan Width": 8, "Actual Rows": 493271, "Actual Loops": 1, "Inner Unique": false, "Plans": [{"Node Type": "Nested Loop", "Parent Relationship": "Outer", "Parallel Aware": false, "Async Capable": false, "Join Type": "Inner", "Startup Cost": 1.44, "Total Cost": 21517.93, "Plan Rows": 27264, "Plan Width": 20, "Actual Rows": 80402, "Actual Loops": 1, "Inner Unique": false, "Join Filter": "(p.id = ph.postid)", "Rows Removed by Join Filter": 0, "Plans": [{"Node Type": "Nested Loop", "Parent Relationship": "Outer", "Parallel Aware": false, "Async Capable": false, "Join Type": "Inner", "Startup Cost": 1.01, "Total Cost": 16356.66, "Plan Rows": 8271, "Plan Width": 16, "Actual Rows": 12716, "Actual Loops": 1, "Inner Unique": false, "Plans": [{"Node Type": "Nested Loop", "Parent Relationship": "Outer", "Parallel Aware": false, "Async Capable": false, "Join Type": "Inner", "Startup Cost": 0.59, "Total Cost": 7210.63, "Plan Rows": 5640, "Plan Width": 12, "Actual Rows": 7505, "Actual Loops": 1, "Inner Unique": true, "Plans": [{"Node Type": "Index Scan", "Parent Relationship": "Outer", "Parallel Aware": false, "Async Capable": false, "Scan Direction": "Forward", "Index Name": "posts_pkey", "Relation Name": "posts", "Alias": "p", "Startup Cost": 0.29, "Total Cost": 3928.99, "Plan Rows": 5912, "Plan Width": 8, "Actual Rows": 11912, "Actual Loops": 1, "Filter": "((score <= 21) AND (answercount <= 3) AND (favoritecount >= 0))", "Rows Removed by Filter": 80064}, {"Node Type": "Memoize", "Parent Relationship": "Inner", "Parallel Aware": false, "Async Capable": false, "Startup Cost": 0.3, "Total Cost": 0.6, "Plan Rows": 1, "Plan Width": 4, "Actual Rows": 1, "Actual Loops": 11912, "Cache Key": "p.owneruserid", "Cache Mode": "logical", "Cache Hits": 5489, "Cache Misses": 6423, "Cache Evictions": 0, "Cache Overflows": 0, "Peak Memory Usage": 623, "Plans": [{"Node Type": "Index Scan", "Parent Relationship": "Outer", "Parallel Aware": false, "Async Capable": false, "Scan Direction": "Forward", "Index Name": "users_pkey", "Relation Name": "users", "Alias": "u", "Startup Cost": 0.29, "Total Cost": 0.59, "Plan Rows": 1, "Plan Width": 4, "Actual Rows": 1, "Actual Loops": 6423, "Index Cond": "(id = p.owneruserid)", "Rows Removed by Index Recheck": 0, "Filter": "(reputation <= 240)", "Rows Removed by Filter": 0}]}]}, {"Node Type": "Index Scan", "Parent Relationship": "Inner", "Parallel Aware": false, "Async Capable": false, "Scan Direction": "Forward", "Index Name": "idx_comments_postid", "Relation Name": "comments", "Alias": "c", "Startup Cost": 0.42, "Total Cost": 1.59, "Plan Rows": 3, "Plan Width": 4, "Actual Rows": 2, "Actual Loops": 7505, "Index Cond": "(postid = p.id)", "Rows Removed by Index Recheck": 0, "Filter": "(score = 0)", "Rows Removed by Filter": 1}]}, {"Node Type": "Index Scan", "Parent Relationship": "Inner", "Parallel Aware": false, "Async Capable": false, "Scan Direction": "Forward", "Index Name": "idx_posthistory_postid", "Relation Name": "posthistory", "Alias": "ph", "Startup Cost": 0.42, "Total Cost": 0.57, "Plan Rows": 4, "Plan Width": 4, "Actual Rows": 6, "Actual Loops": 12716, "Index Cond": "(postid = c.postid)", "Rows Removed by Index Recheck": 0}]}, {"Node Type": "Memoize", "Parent Relationship": "Inner", "Parallel Aware": false, "Async Capable": false, "Startup Cost": 0.43, "Total Cost": 2.33, "Plan Rows": 5, "Plan Width": 4, "Actual Rows": 6, "Actual Loops": 80402, "Cache Key": "p.id", "Cache Mode": "logical", "Cache Hits": 76169, "Cache Misses": 4233, "Cache Evictions": 0, "Cache Overflows": 0, "Peak Memory Usage": 1092, "Plans": [{"Node Type": "Index Scan", "Parent Relationship": "Outer", "Parallel Aware": false, "Async Capable": false, "Scan Direction": "Forward", "Index Name": "idx_votes_postid", "Relation Name": "votes", "Alias": "v", "Startup Cost": 0.42, "Total Cost": 2.32, "Plan Rows": 5, "Plan Width": 4, "Actual Rows": 5, "Actual Loops": 4233, "Index Cond": "(postid = p.id)", "Rows Removed by Index Recheck": 0, "Filter": "(creationdate >= '2010-07-19 00:00:00'::timestamp without time zone)", "Rows Removed by Filter": 0}]}]}, {"Node Type": "Memoize", "Parent Relationship": "Inner", "Parallel Aware": false, "Async Capable": false, "Startup Cost": 0.3, "Total Cost": 0.75, "Plan Rows": 3, "Plan Width": 4, "Actual Rows": 6, "Actual Loops": 493271, "Cache Key": "p.owneruserid", "Cache Mode": "logical", "Cache Hits": 489815, "Cache Misses": 3456, "Cache Evictions": 0, "Cache Overflows": 0, "Peak Memory Usage": 730, "Plans": [{"Node Type": "Index Scan", "Parent Relationship": "Outer", "Parallel Aware": false, "Async Capable": false, "Scan Direction": "Forward", "Index Name": "idx_badges_userid", "Relation Name": "badges", "Alias": "b", "Startup Cost": 0.29, "Total Cost": 0.74, "Plan Rows": 3, "Plan Width": 4, "Actual Rows": 4, "Actual Loops": 3456, "Index Cond": "(userid = p.owneruserid)", "Rows Removed by Index Recheck": 0, "Filter": "(date <= '2014-09-11 18:35:08'::timestamp without time zone)", "Rows Removed by Filter": 0}]}]}]}, "Planning Time": 3.718, "Triggers": [], "Execution Time": 614.765}, {"Plan": {"Node Type": "Aggregate", "Strategy": "Plain", "Partial Mode": "Simple", "Parallel Aware": false, "Async Capable": false, "Startup Cost": 54625.95, "Total Cost": 54625.96, "Plan Rows": 1, "Plan Width": 8, "Actual Rows": 1, "Actual Loops": 1, "Plans": [{"Node Type": "Nested Loop", "Parent Relationship": "Outer", "Parallel Aware": false, "Async Capable": false, "Join Type": "Inner", "Startup Cost": 1.88, "Total Cost": 45291.34, "Plan Rows": 3733845, "Plan Width": 0, "Actual Rows": 2870375, "Actual Loops": 1, "Inner Unique": false, "Join Filter": "(b.userid = u.id)", "Rows Removed by Join Filter": 0, "Plans": [{"Node Type": "Nested Loop", "Parent Relationship": "Outer", "Parallel Aware": false, "Async Capable": false, "Join Type": "Inner", "Startup Cost": 1.58, "Total Cost": 35778.15, "Plan Rows": 97198, "Plan Width": 8, "Actual Rows": 493271, "Actual Loops": 1, "Inner Unique": false, "Plans": [{"Node Type": "Nested Loop", "Parent Relationship": "Outer", "Parallel Aware": false, "Async Capable": false, "Join Type": "Inner", "Startup Cost": 1.14, "Total Cost": 20038.53, "Plan Rows": 27264, "Plan Width": 20, "Actual Rows": 80402, "Actual Loops": 1, "Inner Unique": false, "Join Filter": "(p.id = ph.postid)", "Rows Removed by Join Filter": 0, "Plans": [{"Node Type": "Nested Loop", "Parent Relationship": "Outer", "Parallel Aware": false, "Async Capable": false, "Join Type": "Inner", "Startup Cost": 0.72, "Total Cost": 14877.26, "Plan Rows": 8271, "Plan Width": 16, "Actual Rows": 12716, "Actual Loops": 1, "Inner Unique": false, "Plans": [{"Node Type": "Nested Loop", "Parent Relationship": "Outer", "Parallel Aware": false, "Async Capable": false, "Join Type": "Inner", "Startup Cost": 0.3, "Total Cost": 5731.22, "Plan Rows": 5640, "Plan Width": 12, "Actual Rows": 7505, "Actual Loops": 1, "Inner Unique": true, "Plans": [{"Node Type": "Seq Scan", "Parent Relationship": "Outer", "Parallel Aware": false, "Async Capable": false, "Relation Name": "posts", "Alias": "p", "Startup Cost": 0.0, "Total Cost": 2449.58, "Plan Rows": 5912, "Plan Width": 8, "Actual Rows": 11912, "Actual Loops": 1, "Filter": "((score <= 21) AND (answercount <= 3) AND (favoritecount >= 0))", "Rows Removed by Filter": 80064}, {"Node Type": "Memoize", "Parent Relationship": "Inner", "Parallel Aware": false, "Async Capable": false, "Startup Cost": 0.3, "Total Cost": 0.6, "Plan Rows": 1, "Plan Width": 4, "Actual Rows": 1, "Actual Loops": 11912, "Cache Key": "p.owneruserid", "Cache Mode": "logical", "Cache Hits": 5489, "Cache Misses": 6423, "Cache Evictions": 0, "Cache Overflows": 0, "Peak Memory Usage": 623, "Plans": [{"Node Type": "Index Scan", "Parent Relationship": "Outer", "Parallel Aware": false, "Async Capable": false, "Scan Direction": "Forward", "Index Name": "users_pkey", "Relation Name": "users", "Alias": "u", "Startup Cost": 0.29, "Total Cost": 0.59, "Plan Rows": 1, "Plan Width": 4, "Actual Rows": 1, "Actual Loops": 6423, "Index Cond": "(id = p.owneruserid)", "Rows Removed by Index Recheck": 0, "Filter": "(reputation <= 240)", "Rows Removed by Filter": 0}]}]}, {"Node Type": "Index Scan", "Parent Relationship": "Inner", "Parallel Aware": false, "Async Capable": false, "Scan Direction": "Forward", "Index Name": "idx_comments_postid", "Relation Name": "comments", "Alias": "c", "Startup Cost": 0.42, "Total Cost": 1.59, "Plan Rows": 3, "Plan Width": 4, "Actual Rows": 2, "Actual Loops": 7505, "Index Cond": "(postid = p.id)", "Rows Removed by Index Recheck": 0, "Filter": "(score = 0)", "Rows Removed by Filter": 1}]}, {"Node Type": "Index Scan", "Parent Relationship": "Inner", "Parallel Aware": false, "Async Capable": false, "Scan Direction": "Forward", "Index Name": "idx_posthistory_postid", "Relation Name": "posthistory", "Alias": "ph", "Startup Cost": 0.42, "Total Cost": 0.57, "Plan Rows": 4, "Plan Width": 4, "Actual Rows": 6, "Actual Loops": 12716, "Index Cond": "(postid = c.postid)", "Rows Removed by Index Recheck": 0}]}, {"Node Type": "Memoize", "Parent Relationship": "Inner", "Parallel Aware": false, "Async Capable": false, "Startup Cost": 0.43, "Total Cost": 2.33, "Plan Rows": 5, "Plan Width": 4, "Actual Rows": 6, "Actual Loops": 80402, "Cache Key": "p.id", "Cache Mode": "logical", "Cache Hits": 76169, "Cache Misses": 4233, "Cache Evictions": 0, "Cache Overflows": 0, "Peak Memory Usage": 1092, "Plans": [{"Node Type": "Index Scan", "Parent Relationship": "Outer", "Parallel Aware": false, "Async Capable": false, "Scan Direction": "Forward", "Index Name": "idx_votes_postid", "Relation Name": "votes", "Alias": "v", "Startup Cost": 0.42, "Total Cost": 2.32, "Plan Rows": 5, "Plan Width": 4, "Actual Rows": 5, "Actual Loops": 4233, "Index Cond": "(postid = p.id)", "Rows Removed by Index Recheck": 0, "Filter": "(creationdate >= '2010-07-19 00:00:00'::timestamp without time zone)", "Rows Removed by Filter": 0}]}]}, {"Node Type": "Memoize", "Parent Relationship": "Inner", "Parallel Aware": false, "Async Capable": false, "Startup Cost": 0.3, "Total Cost": 0.75, "Plan Rows": 3, "Plan Width": 4, "Actual Rows": 6, "Actual Loops": 493271, "Cache Key": "p.owneruserid", "Cache Mode": "logical", "Cache Hits": 489815, "Cache Misses": 3456, "Cache Evictions": 0, "Cache Overflows": 0, "Peak Memory Usage": 730, "Plans": [{"Node Type": "Index Scan", "Parent Relationship": "Outer", "Parallel Aware": false, "Async Capable": false, "Scan Direction": "Forward", "Index Name": "idx_badges_userid", "Relation Name": "badges", "Alias": "b", "Startup Cost": 0.29, "Total Cost": 0.74, "Plan Rows": 3, "Plan Width": 4, "Actual Rows": 4, "Actual Loops": 3456, "Index Cond": "(userid = p.owneruserid)", "Rows Removed by Index Recheck": 0, "Filter": "(date <= '2014-09-11 18:35:08'::timestamp without time zone)", "Rows Removed by Filter": 0}]}]}]}, "Planning Time": 3.979, "Triggers": [], "Execution Time": 592.86}]