[{"Plan": {"Node Type": "Aggregate", "Strategy": "Plain", "Partial Mode": "Finalize", "Parallel Aware": false, "Async Capable": false, "Startup Cost": 5429584.74, "Total Cost": 5429584.75, "Plan Rows": 1, "Plan Width": 8, "Actual Rows": 1, "Actual Loops": 1, "Plans": [{"Node Type": "Gather", "Parent Relationship": "Outer", "Parallel Aware": false, "Async Capable": false, "Startup Cost": 5429584.63, "Total Cost": 5429584.74, "Plan Rows": 1, "Plan Width": 8, "Actual Rows": 2, "Actual Loops": 1, "Workers Planned": 1, "Workers Launched": 1, "Single Copy": false, "Plans": [{"Node Type": "Aggregate", "Strategy": "Plain", "Partial Mode": "Partial", "Parent Relationship": "Outer", "Parallel Aware": false, "Async Capable": false, "Startup Cost": 5428584.63, "Total Cost": 5428584.64, "Plan Rows": 1, "Plan Width": 8, "Actual Rows": 1, "Actual Loops": 2, "Workers": [], "Plans": [{"Node Type": "Hash Join", "Parent Relationship": "Outer", "Parallel Aware": true, "Async Capable": false, "Join Type": "Inner", "Startup Cost": 5687.87, "Total Cost": 63910.5, "Plan Rows": 2145869650, "Plan Width": 0, "Actual Rows": 1017305, "Actual Loops": 2, "Inner Unique": false, "Hash Cond": "(ph.userid = u.id)", "Workers": [], "Plans": [{"Node Type": "Nested Loop", "Parent Relationship": "Outer", "Parallel Aware": false, "Async Capable": false, "Join Type": "Inner", "Startup Cost": 0.3, "Total Cost": 13739.69, "Plan Rows": 2027107, "Plan Width": 8, "Actual Rows": 3005648, "Actual Loops": 2, "Inner Unique": false, "Workers": [], "Plans": [{"Node Type": "Seq Scan", "Parent Relationship": "Outer", "Parallel Aware": true, "Async Capable": false, "Relation Name": "posthistory", "Alias": "ph", "Startup Cost": 0.0, "Total Cost": 4915.18, "Plan Rows": 38711, "Plan Width": 4, "Actual Rows": 33002, "Actual Loops": 2, "Filter": "((creationdate >= '2011-01-31 15:35:37'::timestamp without time zone) AND (posthistorytypeid = 5))", "Rows Removed by Filter": 118591, "Workers": []}, {"Node Type": "Memoize", "Parent Relationship": "Inner", "Parallel Aware": false, "Async Capable": false, "Startup Cost": 0.3, "Total Cost": 0.36, "Plan Rows": 3, "Plan Width": 4, "Actual Rows": 91, "Actual Loops": 66005, "Cache Key": "ph.userid", "Cache Mode": "logical", "Cache Hits": 27719, "Cache Misses": 4868, "Cache Evictions": 0, "Cache Overflows": 0, "Peak Memory Usage": 1662, "Workers": [{"Worker Number": 0, "Cache Hits": 28428, "Cache Misses": 4990, "Cache Evictions": 0, "Cache Overflows": 0, "Peak Memory Usage": 1691}], "Plans": [{"Node Type": "Index Only Scan", "Parent Relationship": "Outer", "Parallel Aware": false, "Async Capable": false, "Scan Direction": "Forward", "Index Name": "idx_badges_userid", "Relation Name": "badges", "Alias": "b", "Startup Cost": 0.29, "Total Cost": 0.35, "Plan Rows": 3, "Plan Width": 4, "Actual Rows": 8, "Actual Loops": 9858, "Index Cond": "(userid = ph.userid)", "Rows Removed by Index Recheck": 0, "Heap Fetches": 0, "Workers": []}]}]}, {"Node Type": "Hash", "Parent Relationship": "Inner", "Parallel Aware": true, "Async Capable": false, "Startup Cost": 4769.54, "Total Cost": 4769.54, "Plan Rows": 73442, "Plan Width": 8, "Actual Rows": 24379, "Actual Loops": 2, "Hash Buckets": 131072, "Original Hash Buckets": 131072, "Hash Batches": 1, "Original Hash Batches": 1, "Peak Memory Usage": 2976, "Workers": [], "Plans": [{"Node Type": "Hash Join", "Parent Relationship": "Outer", "Parallel Aware": false, "Async Capable": false, "Join Type": "Inner", "Startup Cost": 1679.66, "Total Cost": 4769.54, "Plan Rows": 73442, "Plan Width": 8, "Actual Rows": 24379, "Actual Loops": 2, "Inner Unique": true, "Hash Cond": "(c.userid = u.id)", "Workers": [], "Plans": [{"Node Type": "Seq Scan", "Parent Relationship": "Outer", "Parallel Aware": true, "Async Capable": false, "Relation Name": "comments", "Alias": "c", "Startup Cost": 0.0, "Total Cost": 2881.99, "Plan Rows": 79188, "Plan Width": 4, "Actual Rows": 67395, "Actual Loops": 2, "Filter": "((creationdate >= '2010-07-20 10:52:57'::timestamp without time zone) AND (score = 0))", "Rows Removed by Filter": 19758, "Workers": []}, {"Node Type": "Hash", "Parent Relationship": "Inner", "Parallel Aware": false, "Async Capable": false, "Startup Cost": 1204.31, "Total Cost": 1204.31, "Plan Rows": 38028, "Plan Width": 4, "Actual Rows": 38069, "Actual Loops": 2, "Hash Buckets": 65536, "Original Hash Buckets": 65536, "Hash Batches": 1, "Original Hash Batches": 1, "Peak Memory Usage": 1851, "Workers": [], "Plans": [{"Node Type": "Seq Scan", "Parent Relationship": "Outer", "Parallel Aware": false, "Async Capable": false, "Relation Name": "users", "Alias": "u", "Startup Cost": 0.0, "Total Cost": 1204.31, "Plan Rows": 38028, "Plan Width": 4, "Actual Rows": 38069, "Actual Loops": 2, "Filter": "((reputation >= 1) AND (reputation <= 356) AND (downvotes <= 34) AND (creationdate >= '2010-07-19 21:29:29'::timestamp without time zone) AND (creationdate <= '2014-08-20 14:31:46'::timestamp without time zone))", "Rows Removed by Filter": 2256, "Workers": []}]}]}]}]}]}]}]}, "Planning Time": 6.33, "Triggers": [], "Execution Time": 433.137}, {"Plan": {"Node Type": "Aggregate", "Strategy": "Plain", "Partial Mode": "Simple", "Parallel Aware": false, "Async Capable": false, "Startup Cost": 40009412685.85, "Total Cost": 40009412685.86, "Plan Rows": 1, "Plan Width": 8, "Actual Rows": 1, "Actual Loops": 1, "Plans": [{"Node Type": "Hash Join", "Parent Relationship": "Outer", "Parallel Aware": false, "Async Capable": false, "Join Type": "Inner", "Startup Cost": 40000069958.86, "Total Cost": 40000292739.83, "Plan Rows": 3647978405, "Plan Width": 0, "Actual Rows": 2034610, "Actual Loops": 1, "Inner Unique": false, "Hash Cond": "(ph.userid = u.id)", "Plans": [{"Node Type": "Nested Loop", "Parent Relationship": "Outer", "Parallel Aware": false, "Async Capable": false, "Join Type": "Inner", "Startup Cost": 20000000000.76, "Total Cost": 20000101979.15, "Plan Rows": 3446082, "Plan Width": 8, "Actual Rows": 6011297, "Actual Loops": 1, "Inner Unique": false, "Plans": [{"Node Type": "Index Scan", "Parent Relationship": "Outer", "Parallel Aware": false, "Async Capable": false, "Scan Direction": "Forward", "Index Name": "idx_posthistory_userid", "Relation Name": "posthistory", "Alias": "ph", "Startup Cost": 10000000000.42, "Total Cost": 10000013607.96, "Plan Rows": 65808, "Plan Width": 4, "Actual Rows": 66005, "Actual Loops": 1, "Filter": "((creationdate >= '2011-01-31 15:35:37'::timestamp without time zone) AND (posthistorytypeid = 5))", "Rows Removed by Filter": 237182}, {"Node Type": "Memoize", "Parent Relationship": "Inner", "Parallel Aware": false, "Async Capable": false, "Startup Cost": 0.33, "Total Cost": 4.37, "Plan Rows": 3, "Plan Width": 4, "Actual Rows": 91, "Actual Loops": 66005, "Cache Key": "ph.userid", "Cache Mode": "logical", "Cache Hits": 58564, "Cache Misses": 7441, "Cache Evictions": 0, "Cache Overflows": 0, "Peak Memory Usage": 2183, "Plans": [{"Node Type": "Bitmap Heap Scan", "Parent Relationship": "Outer", "Parallel Aware": false, "Async Capable": false, "Relation Name": "badges", "Alias": "b", "Startup Cost": 0.32, "Total Cost": 4.36, "Plan Rows": 3, "Plan Width": 4, "Actual Rows": 6, "Actual Loops": 7441, "Recheck Cond": "(ph.userid = userid)", "Rows Removed by Index Recheck": 0, "Exact Heap Blocks": 34653, "Lossy Heap Blocks": 0, "Plans": [{"Node Type": "Bitmap Index Scan", "Parent Relationship": "Outer", "Parallel Aware": false, "Async Capable": false, "Index Name": "idx_badges_userid", "Startup Cost": 0.0, "Total Cost": 0.32, "Plan Rows": 3, "Plan Width": 0, "Actual Rows": 6, "Actual Loops": 7441, "Index Cond": "(userid = ph.userid)"}]}]}]}, {"Node Type": "Hash", "Parent Relationship": "Inner", "Parallel Aware": false, "Async Capable": false, "Startup Cost": 20000068397.46, "Total Cost": 20000068397.46, "Plan Rows": 124851, "Plan Width": 8, "Actual Rows": 48758, "Actual Loops": 1, "Hash Buckets": 131072, "Original Hash Buckets": 131072, "Hash Batches": 1, "Original Hash Batches": 1, "Peak Memory Usage": 2929, "Plans": [{"Node Type": "Nested Loop", "Parent Relationship": "Outer", "Parallel Aware": false, "Async Capable": false, "Join Type": "Inner", "Startup Cost": 20000000000.61, "Total Cost": 20000068397.46, "Plan Rows": 124851, "Plan Width": 8, "Actual Rows": 48758, "Actual Loops": 1, "Inner Unique": true, "Plans": [{"Node Type": "Index Scan", "Parent Relationship": "Outer", "Parallel Aware": false, "Async Capable": false, "Scan Direction": "Forward", "Index Name": "idx_comments_userid", "Relation Name": "comments", "Alias": "c", "Startup Cost": 10000000000.3, "Total Cost": 10000008694.72, "Plan Rows": 134619, "Plan Width": 4, "Actual Rows": 134790, "Actual Loops": 1, "Filter": "((creationdate >= '2010-07-20 10:52:57'::timestamp without time zone) AND (score = 0))", "Rows Removed by Filter": 39515}, {"Node Type": "Memoize", "Parent Relationship": "Inner", "Parallel Aware": false, "Async Capable": false, "Startup Cost": 0.31, "Total Cost": 4.34, "Plan Rows": 1, "Plan Width": 4, "Actual Rows": 0, "Actual Loops": 134790, "Cache Key": "c.userid", "Cache Mode": "logical", "Cache Hits": 121638, "Cache Misses": 13152, "Cache Evictions": 0, "Cache Overflows": 0, "Peak Memory Usage": 1297, "Plans": [{"Node Type": "Bitmap Heap Scan", "Parent Relationship": "Outer", "Parallel Aware": false, "Async Capable": false, "Relation Name": "users", "Alias": "u", "Startup Cost": 0.3, "Total Cost": 4.33, "Plan Rows": 1, "Plan Width": 4, "Actual Rows": 1, "Actual Loops": 13152, "Recheck Cond": "(c.userid = id)", "Rows Removed by Index Recheck": 0, "Filter": "((reputation >= 1) AND (reputation <= 356) AND (downvotes <= 34) AND (creationdate >= '2010-07-19 21:29:29'::timestamp without time zone) AND (creationdate <= '2014-08-20 14:31:46'::timestamp without time zone))", "Rows Removed by Filter": 0, "Exact Heap Blocks": 13151, "Lossy Heap Blocks": 0, "Plans": [{"Node Type": "Bitmap Index Scan", "Parent Relationship": "Outer", "Parallel Aware": false, "Async Capable": false, "Index Name": "users_pkey", "Startup Cost": 0.0, "Total Cost": 0.3, "Plan Rows": 1, "Plan Width": 0, "Actual Rows": 1, "Actual Loops": 13152, "Index Cond": "(id = c.userid)"}]}]}]}]}]}]}, "Planning Time": 2.172, "Triggers": [], "Execution Time": 1207.271}, {"Plan": {"Node Type": "Aggregate", "Strategy": "Plain", "Partial Mode": "Finalize", "Parallel Aware": false, "Async Capable": false, "Startup Cost": 5451296.92, "Total Cost": 5451296.93, "Plan Rows": 1, "Plan Width": 8, "Actual Rows": 1, "Actual Loops": 1, "Plans": [{"Node Type": "Gather", "Parent Relationship": "Outer", "Parallel Aware": false, "Async Capable": false, "Startup Cost": 5451296.81, "Total Cost": 5451296.92, "Plan Rows": 1, "Plan Width": 8, "Actual Rows": 2, "Actual Loops": 1, "Workers Planned": 1, "Workers Launched": 1, "Single Copy": false, "Plans": [{"Node Type": "Aggregate", "Strategy": "Plain", "Partial Mode": "Partial", "Parent Relationship": "Outer", "Parallel Aware": false, "Async Capable": false, "Startup Cost": 5450296.81, "Total Cost": 5450296.82, "Plan Rows": 1, "Plan Width": 8, "Actual Rows": 1, "Actual Loops": 2, "Workers": [], "Plans": [{"Node Type": "Hash Join", "Parent Relationship": "Outer", "Parallel Aware": true, "Async Capable": false, "Join Type": "Inner", "Startup Cost": 38806.81, "Total Cost": 85622.68, "Plan Rows": 2145869650, "Plan Width": 0, "Actual Rows": 1017305, "Actual Loops": 2, "Inner Unique": false, "Hash Cond": "(c.userid = u.id)", "Workers": [], "Plans": [{"Node Type": "Index Scan", "Parent Relationship": "Outer", "Parallel Aware": true, "Async Capable": false, "Scan Direction": "Forward", "Index Name": "idx_comments_userid", "Relation Name": "comments", "Alias": "c", "Startup Cost": 0.29, "Total Cost": 7618.14, "Plan Rows": 79188, "Plan Width": 4, "Actual Rows": 67395, "Actual Loops": 2, "Filter": "((creationdate >= '2010-07-20 10:52:57'::timestamp without time zone) AND (score = 0))", "Rows Removed by Filter": 19758, "Workers": []}, {"Node Type": "Hash", "Parent Relationship": "Inner", "Parallel Aware": true, "Async Capable": false, "Startup Cost": 16575.11, "Total Cost": 16575.11, "Plan Rows": 1778512, "Plan Width": 12, "Actual Rows": 51706, "Actual Loops": 2, "Hash Buckets": 4194304, "Original Hash Buckets": 4194304, "Hash Batches": 1, "Original Hash Batches": 1, "Peak Memory Usage": 37664, "Workers": [], "Plans": [{"Node Type": "Hash Join", "Parent Relationship": "Outer", "Parallel Aware": true, "Async Capable": false, "Join Type": "Inner", "Startup Cost": 14598.38, "Total Cost": 16575.11, "Plan Rows": 1778512, "Plan Width": 12, "Actual Rows": 51706, "Actual Loops": 2, "Inner Unique": false, "Hash Cond": "(b.userid = u.id)", "Workers": [], "Plans": [{"Node Type": "Index Only Scan", "Parent Relationship": "Outer", "Parallel Aware": true, "Async Capable": false, "Scan Direction": "Forward", "Index Name": "idx_badges_userid", "Relation Name": "badges", "Alias": "b", "Startup Cost": 0.29, "Total Cost": 1405.26, "Plan Rows": 46971, "Plan Width": 4, "Actual Rows": 39926, "Actual Loops": 2, "Heap Fetches": 0, "Workers": []}, {"Node Type": "Hash", "Parent Relationship": "Inner", "Parallel Aware": true, "Async Capable": false, "Startup Cost": 14173.54, "Total Cost": 14173.54, "Plan Rows": 33964, "Plan Width": 8, "Actual Rows": 8446, "Actual Loops": 2, "Hash Buckets": 65536, "Original Hash Buckets": 65536, "Hash Batches": 1, "Original Hash Batches": 1, "Peak Memory Usage": 1216, "Workers": [], "Plans": [{"Node Type": "Hash Join", "Parent Relationship": "Outer", "Parallel Aware": false, "Async Capable": false, "Join Type": "Inner", "Startup Cost": 2337.0, "Total Cost": 14173.54, "Plan Rows": 33964, "Plan Width": 8, "Actual Rows": 8446, "Actual Loops": 2, "Inner Unique": true, "Hash Cond": "(ph.userid = u.id)", "Workers": [], "Plans": [{"Node Type": "Index Scan", "Parent Relationship": "Outer", "Parallel Aware": true, "Async Capable": false, "Scan Direction": "Forward", "Index Name": "idx_posthistory_userid", "Relation Name": "posthistory", "Alias": "ph", "Startup Cost": 0.42, "Total Cost": 11735.34, "Plan Rows": 38711, "Plan Width": 4, "Actual Rows": 33002, "Actual Loops": 2, "Filter": "((creationdate >= '2011-01-31 15:35:37'::timestamp without time zone) AND (posthistorytypeid = 5))", "Rows Removed by Filter": 118591, "Workers": []}, {"Node Type": "Hash", "Parent Relationship": "Inner", "Parallel Aware": false, "Async Capable": false, "Startup Cost": 1861.23, "Total Cost": 1861.23, "Plan Rows": 38028, "Plan Width": 4, "Actual Rows": 38069, "Actual Loops": 2, "Hash Buckets": 65536, "Original Hash Buckets": 65536, "Hash Batches": 1, "Original Hash Batches": 1, "Peak Memory Usage": 1851, "Workers": [], "Plans": [{"Node Type": "Index Scan", "Parent Relationship": "Outer", "Parallel Aware": false, "Async Capable": false, "Scan Direction": "Forward", "Index Name": "users_pkey", "Relation Name": "users", "Alias": "u", "Startup Cost": 0.29, "Total Cost": 1861.23, "Plan Rows": 38028, "Plan Width": 4, "Actual Rows": 38069, "Actual Loops": 2, "Filter": "((reputation >= 1) AND (reputation <= 356) AND (downvotes <= 34) AND (creationdate >= '2010-07-19 21:29:29'::timestamp without time zone) AND (creationdate <= '2014-08-20 14:31:46'::timestamp without time zone))", "Rows Removed by Filter": 2256, "Workers": []}]}]}]}]}]}]}]}]}]}, "Planning Time": 5.002, "Triggers": [], "Execution Time": 405.933}, {"Plan": {"Node Type": "Aggregate", "Strategy": "Plain", "Partial Mode": "Finalize", "Parallel Aware": false, "Async Capable": false, "Startup Cost": 5450427.42, "Total Cost": 5450427.43, "Plan Rows": 1, "Plan Width": 8, "Actual Rows": 1, "Actual Loops": 1, "Plans": [{"Node Type": "Gather", "Parent Relationship": "Outer", "Parallel Aware": false, "Async Capable": false, "Startup Cost": 5450427.31, "Total Cost": 5450427.42, "Plan Rows": 1, "Plan Width": 8, "Actual Rows": 2, "Actual Loops": 1, "Workers Planned": 1, "Workers Launched": 1, "Single Copy": false, "Plans": [{"Node Type": "Aggregate", "Strategy": "Plain", "Partial Mode": "Partial", "Parent Relationship": "Outer", "Parallel Aware": false, "Async Capable": false, "Startup Cost": 5449427.31, "Total Cost": 5449427.32, "Plan Rows": 1, "Plan Width": 8, "Actual Rows": 1, "Actual Loops": 2, "Workers": [], "Plans": [{"Node Type": "Hash Join", "Parent Relationship": "Outer", "Parallel Aware": true, "Async Capable": false, "Join Type": "Inner", "Startup Cost": 37937.31, "Total Cost": 84753.18, "Plan Rows": 2145869650, "Plan Width": 0, "Actual Rows": 1017305, "Actual Loops": 2, "Inner Unique": false, "Hash Cond": "(c.userid = u.id)", "Workers": [], "Plans": [{"Node Type": "Index Scan", "Parent Relationship": "Outer", "Parallel Aware": true, "Async Capable": false, "Scan Direction": "Forward", "Index Name": "idx_comments_userid", "Relation Name": "comments", "Alias": "c", "Startup Cost": 0.29, "Total Cost": 7618.14, "Plan Rows": 79188, "Plan Width": 4, "Actual Rows": 67395, "Actual Loops": 2, "Filter": "((creationdate >= '2010-07-20 10:52:57'::timestamp without time zone) AND (score = 0))", "Rows Removed by Filter": 19758, "Workers": []}, {"Node Type": "Hash", "Parent Relationship": "Inner", "Parallel Aware": true, "Async Capable": false, "Startup Cost": 15705.61, "Total Cost": 15705.61, "Plan Rows": 1778512, "Plan Width": 12, "Actual Rows": 51706, "Actual Loops": 2, "Hash Buckets": 4194304, "Original Hash Buckets": 4194304, "Hash Batches": 1, "Original Hash Batches": 1, "Peak Memory Usage": 37664, "Workers": [], "Plans": [{"Node Type": "Hash Join", "Parent Relationship": "Outer", "Parallel Aware": true, "Async Capable": false, "Join Type": "Inner", "Startup Cost": 13728.88, "Total Cost": 15705.61, "Plan Rows": 1778512, "Plan Width": 12, "Actual Rows": 51706, "Actual Loops": 2, "Inner Unique": false, "Hash Cond": "(b.userid = u.id)", "Workers": [], "Plans": [{"Node Type": "Index Only Scan", "Parent Relationship": "Outer", "Parallel Aware": true, "Async Capable": false, "Scan Direction": "Forward", "Index Name": "idx_badges_userid", "Relation Name": "badges", "Alias": "b", "Startup Cost": 0.29, "Total Cost": 1405.26, "Plan Rows": 46971, "Plan Width": 4, "Actual Rows": 39926, "Actual Loops": 2, "Heap Fetches": 0, "Workers": []}, {"Node Type": "Hash", "Parent Relationship": "Inner", "Parallel Aware": true, "Async Capable": false, "Startup Cost": 13304.04, "Total Cost": 13304.04, "Plan Rows": 33964, "Plan Width": 8, "Actual Rows": 8446, "Actual Loops": 2, "Hash Buckets": 65536, "Original Hash Buckets": 65536, "Hash Batches": 1, "Original Hash Batches": 1, "Peak Memory Usage": 1184, "Workers": [], "Plans": [{"Node Type": "Merge Join", "Parent Relationship": "Outer", "Parallel Aware": false, "Async Capable": false, "Join Type": "Inner", "Startup Cost": 0.71, "Total Cost": 13304.04, "Plan Rows": 33964, "Plan Width": 8, "Actual Rows": 8446, "Actual Loops": 2, "Inner Unique": true, "Merge Cond": "(ph.userid = u.id)", "Workers": [], "Plans": [{"Node Type": "Index Scan", "Parent Relationship": "Outer", "Parallel Aware": true, "Async Capable": false, "Scan Direction": "Forward", "Index Name": "idx_posthistory_userid", "Relation Name": "posthistory", "Alias": "ph", "Startup Cost": 0.42, "Total Cost": 11735.34, "Plan Rows": 38711, "Plan Width": 4, "Actual Rows": 32589, "Actual Loops": 2, "Filter": "((creationdate >= '2011-01-31 15:35:37'::timestamp without time zone) AND (posthistorytypeid = 5))", "Rows Removed by Filter": 107285, "Workers": []}, {"Node Type": "Index Scan", "Parent Relationship": "Inner", "Parallel Aware": false, "Async Capable": false, "Scan Direction": "Forward", "Index Name": "users_pkey", "Relation Name": "users", "Alias": "u", "Startup Cost": 0.29, "Total Cost": 1861.23, "Plan Rows": 38028, "Plan Width": 4, "Actual Rows": 38069, "Actual Loops": 2, "Filter": "((reputation >= 1) AND (reputation <= 356) AND (downvotes <= 34) AND (creationdate >= '2010-07-19 21:29:29'::timestamp without time zone) AND (creationdate <= '2014-08-20 14:31:46'::timestamp without time zone))", "Rows Removed by Filter": 2256, "Workers": []}]}]}]}]}]}]}]}]}, "Planning Time": 6.411, "Triggers": [], "Execution Time": 392.984}, {"Plan": {"Node Type": "Aggregate", "Strategy": "Plain", "Partial Mode": "Finalize", "Parallel Aware": false, "Async Capable": false, "Startup Cost": 5441797.96, "Total Cost": 5441797.97, "Plan Rows": 1, "Plan Width": 8, "Actual Rows": 1, "Actual Loops": 1, "Plans": [{"Node Type": "Gather", "Parent Relationship": "Outer", "Parallel Aware": false, "Async Capable": false, "Startup Cost": 5441797.85, "Total Cost": 5441797.96, "Plan Rows": 1, "Plan Width": 8, "Actual Rows": 2, "Actual Loops": 1, "Workers Planned": 1, "Workers Launched": 1, "Single Copy": false, "Plans": [{"Node Type": "Aggregate", "Strategy": "Plain", "Partial Mode": "Partial", "Parent Relationship": "Outer", "Parallel Aware": false, "Async Capable": false, "Startup Cost": 5440797.85, "Total Cost": 5440797.86, "Plan Rows": 1, "Plan Width": 8, "Actual Rows": 1, "Actual Loops": 2, "Workers": [], "Plans": [{"Node Type": "Hash Join", "Parent Relationship": "Outer", "Parallel Aware": true, "Async Capable": false, "Join Type": "Inner", "Startup Cost": 11081.35, "Total Cost": 76123.72, "Plan Rows": 2145869650, "Plan Width": 0, "Actual Rows": 1017305, "Actual Loops": 2, "Inner Unique": false, "Hash Cond": "(ph.userid = u.id)", "Workers": [], "Plans": [{"Node Type": "Nested Loop", "Parent Relationship": "Outer", "Parallel Aware": false, "Async Capable": false, "Join Type": "Inner", "Startup Cost": 0.72, "Total Cost": 20559.85, "Plan Rows": 2027107, "Plan Width": 8, "Actual Rows": 3005648, "Actual Loops": 2, "Inner Unique": false, "Workers": [], "Plans": [{"Node Type": "Index Scan", "Parent Relationship": "Outer", "Parallel Aware": true, "Async Capable": false, "Scan Direction": "Forward", "Index Name": "idx_posthistory_userid", "Relation Name": "posthistory", "Alias": "ph", "Startup Cost": 0.42, "Total Cost": 11735.34, "Plan Rows": 38711, "Plan Width": 4, "Actual Rows": 33002, "Actual Loops": 2, "Filter": "((creationdate >= '2011-01-31 15:35:37'::timestamp without time zone) AND (posthistorytypeid = 5))", "Rows Removed by Filter": 118591, "Workers": []}, {"Node Type": "Memoize", "Parent Relationship": "Inner", "Parallel Aware": false, "Async Capable": false, "Startup Cost": 0.3, "Total Cost": 0.36, "Plan Rows": 3, "Plan Width": 4, "Actual Rows": 91, "Actual Loops": 66005, "Cache Key": "ph.userid", "Cache Mode": "logical", "Cache Hits": 29106, "Cache Misses": 3685, "Cache Evictions": 0, "Cache Overflows": 0, "Peak Memory Usage": 1134, "Workers": [{"Worker Number": 0, "Cache Hits": 29426, "Cache Misses": 3788, "Cache Evictions": 0, "Cache Overflows": 0, "Peak Memory Usage": 1170}], "Plans": [{"Node Type": "Index Only Scan", "Parent Relationship": "Outer", "Parallel Aware": false, "Async Capable": false, "Scan Direction": "Forward", "Index Name": "idx_badges_userid", "Relation Name": "badges", "Alias": "b", "Startup Cost": 0.29, "Total Cost": 0.35, "Plan Rows": 3, "Plan Width": 4, "Actual Rows": 7, "Actual Loops": 7473, "Index Cond": "(userid = ph.userid)", "Rows Removed by Index Recheck": 0, "Heap Fetches": 0, "Workers": []}]}]}, {"Node Type": "Hash", "Parent Relationship": "Inner", "Parallel Aware": true, "Async Capable": false, "Startup Cost": 10162.6, "Total Cost": 10162.6, "Plan Rows": 73442, "Plan Width": 8, "Actual Rows": 24379, "Actual Loops": 2, "Hash Buckets": 131072, "Original Hash Buckets": 131072, "Hash Batches": 1, "Original Hash Batches": 1, "Peak Memory Usage": 2944, "Workers": [], "Plans": [{"Node Type": "Hash Join", "Parent Relationship": "Outer", "Parallel Aware": false, "Async Capable": false, "Join Type": "Inner", "Startup Cost": 2336.87, "Total Cost": 10162.6, "Plan Rows": 73442, "Plan Width": 8, "Actual Rows": 24379, "Actual Loops": 2, "Inner Unique": true, "Hash Cond": "(c.userid = u.id)", "Workers": [], "Plans": [{"Node Type": "Index Scan", "Parent Relationship": "Outer", "Parallel Aware": true, "Async Capable": false, "Scan Direction": "Forward", "Index Name": "idx_comments_userid", "Relation Name": "comments", "Alias": "c", "Startup Cost": 0.29, "Total Cost": 7618.14, "Plan Rows": 79188, "Plan Width": 4, "Actual Rows": 67395, "Actual Loops": 2, "Filter": "((creationdate >= '2010-07-20 10:52:57'::timestamp without time zone) AND (score = 0))", "Rows Removed by Filter": 19758, "Workers": []}, {"Node Type": "Hash", "Parent Relationship": "Inner", "Parallel Aware": false, "Async Capable": false, "Startup Cost": 1861.23, "Total Cost": 1861.23, "Plan Rows": 38028, "Plan Width": 4, "Actual Rows": 38069, "Actual Loops": 2, "Hash Buckets": 65536, "Original Hash Buckets": 65536, "Hash Batches": 1, "Original Hash Batches": 1, "Peak Memory Usage": 1851, "Workers": [], "Plans": [{"Node Type": "Index Scan", "Parent Relationship": "Outer", "Parallel Aware": false, "Async Capable": false, "Scan Direction": "Forward", "Index Name": "users_pkey", "Relation Name": "users", "Alias": "u", "Startup Cost": 0.29, "Total Cost": 1861.23, "Plan Rows": 38028, "Plan Width": 4, "Actual Rows": 38069, "Actual Loops": 2, "Filter": "((reputation >= 1) AND (reputation <= 356) AND (downvotes <= 34) AND (creationdate >= '2010-07-19 21:29:29'::timestamp without time zone) AND (creationdate <= '2014-08-20 14:31:46'::timestamp without time zone))", "Rows Removed by Filter": 2256, "Workers": []}]}]}]}]}]}]}]}, "Planning Time": 6.384, "Triggers": [], "Execution Time": 592.785}, {"Plan": {"Node Type": "Aggregate", "Strategy": "Plain", "Partial Mode": "Finalize", "Parallel Aware": false, "Async Capable": false, "Startup Cost": 5439083.7, "Total Cost": 5439083.71, "Plan Rows": 1, "Plan Width": 8, "Actual Rows": 1, "Actual Loops": 1, "Plans": [{"Node Type": "Gather", "Parent Relationship": "Outer", "Parallel Aware": false, "Async Capable": false, "Startup Cost": 5439083.59, "Total Cost": 5439083.7, "Plan Rows": 1, "Plan Width": 8, "Actual Rows": 2, "Actual Loops": 1, "Workers Planned": 1, "Workers Launched": 1, "Single Copy": false, "Plans": [{"Node Type": "Aggregate", "Strategy": "Plain", "Partial Mode": "Partial", "Parent Relationship": "Outer", "Parallel Aware": false, "Async Capable": false, "Startup Cost": 5438083.59, "Total Cost": 5438083.6, "Plan Rows": 1, "Plan Width": 8, "Actual Rows": 1, "Actual Loops": 2, "Workers": [], "Plans": [{"Node Type": "Hash Join", "Parent Relationship": "Outer", "Parallel Aware": true, "Async Capable": false, "Join Type": "Inner", "Startup Cost": 31329.44, "Total Cost": 73409.46, "Plan Rows": 2145869650, "Plan Width": 0, "Actual Rows": 1017305, "Actual Loops": 2, "Inner Unique": false, "Hash Cond": "(c.userid = u.id)", "Workers": [], "Plans": [{"Node Type": "Seq Scan", "Parent Relationship": "Outer", "Parallel Aware": true, "Async Capable": false, "Relation Name": "comments", "Alias": "c", "Startup Cost": 0.0, "Total Cost": 2881.99, "Plan Rows": 79188, "Plan Width": 4, "Actual Rows": 67395, "Actual Loops": 2, "Filter": "((creationdate >= '2010-07-20 10:52:57'::timestamp without time zone) AND (score = 0))", "Rows Removed by Filter": 19758, "Workers": []}, {"Node Type": "Hash", "Parent Relationship": "Inner", "Parallel Aware": true, "Async Capable": false, "Startup Cost": 9098.04, "Total Cost": 9098.04, "Plan Rows": 1778512, "Plan Width": 12, "Actual Rows": 51706, "Actual Loops": 2, "Hash Buckets": 4194304, "Original Hash Buckets": 4194304, "Hash Batches": 1, "Original Hash Batches": 1, "Peak Memory Usage": 37664, "Workers": [], "Plans": [{"Node Type": "Hash Join", "Parent Relationship": "Outer", "Parallel Aware": true, "Async Capable": false, "Join Type": "Inner", "Startup Cost": 7121.31, "Total Cost": 9098.04, "Plan Rows": 1778512, "Plan Width": 12, "Actual Rows": 51706, "Actual Loops": 2, "Inner Unique": false, "Hash Cond": "(b.userid = u.id)", "Workers": [], "Plans": [{"Node Type": "Index Only Scan", "Parent Relationship": "Outer", "Parallel Aware": true, "Async Capable": false, "Scan Direction": "Forward", "Index Name": "idx_badges_userid", "Relation Name": "badges", "Alias": "b", "Startup Cost": 0.29, "Total Cost": 1405.26, "Plan Rows": 46971, "Plan Width": 4, "Actual Rows": 39926, "Actual Loops": 2, "Heap Fetches": 0, "Workers": []}, {"Node Type": "Hash", "Parent Relationship": "Inner", "Parallel Aware": true, "Async Capable": false, "Startup Cost": 6696.47, "Total Cost": 6696.47, "Plan Rows": 33964, "Plan Width": 8, "Actual Rows": 8446, "Actual Loops": 2, "Hash Buckets": 65536, "Original Hash Buckets": 65536, "Hash Batches": 1, "Original Hash Batches": 1, "Peak Memory Usage": 1216, "Workers": [], "Plans": [{"Node Type": "Hash Join", "Parent Relationship": "Outer", "Parallel Aware": false, "Async Capable": false, "Join Type": "Inner", "Startup Cost": 1679.66, "Total Cost": 6696.47, "Plan Rows": 33964, "Plan Width": 8, "Actual Rows": 8446, "Actual Loops": 2, "Inner Unique": true, "Hash Cond": "(ph.userid = u.id)", "Workers": [], "Plans": [{"Node Type": "Seq Scan", "Parent Relationship": "Outer", "Parallel Aware": true, "Async Capable": false, "Relation Name": "posthistory", "Alias": "ph", "Startup Cost": 0.0, "Total Cost": 4915.18, "Plan Rows": 38711, "Plan Width": 4, "Actual Rows": 33002, "Actual Loops": 2, "Filter": "((creationdate >= '2011-01-31 15:35:37'::timestamp without time zone) AND (posthistorytypeid = 5))", "Rows Removed by Filter": 118591, "Workers": []}, {"Node Type": "Hash", "Parent Relationship": "Inner", "Parallel Aware": false, "Async Capable": false, "Startup Cost": 1204.31, "Total Cost": 1204.31, "Plan Rows": 38028, "Plan Width": 4, "Actual Rows": 38069, "Actual Loops": 2, "Hash Buckets": 65536, "Original Hash Buckets": 65536, "Hash Batches": 1, "Original Hash Batches": 1, "Peak Memory Usage": 1851, "Workers": [], "Plans": [{"Node Type": "Seq Scan", "Parent Relationship": "Outer", "Parallel Aware": false, "Async Capable": false, "Relation Name": "users", "Alias": "u", "Startup Cost": 0.0, "Total Cost": 1204.31, "Plan Rows": 38028, "Plan Width": 4, "Actual Rows": 38069, "Actual Loops": 2, "Filter": "((reputation >= 1) AND (reputation <= 356) AND (downvotes <= 34) AND (creationdate >= '2010-07-19 21:29:29'::timestamp without time zone) AND (creationdate <= '2014-08-20 14:31:46'::timestamp without time zone))", "Rows Removed by Filter": 2256, "Workers": []}]}]}]}]}]}]}]}]}]}, "Planning Time": 3.404, "Triggers": [], "Execution Time": 255.993}, {"Plan": {"Node Type": "Aggregate", "Strategy": "Plain", "Partial Mode": "Simple", "Parallel Aware": false, "Async Capable": false, "Startup Cost": 40009296664.98, "Total Cost": 40009296664.99, "Plan Rows": 1, "Plan Width": 8, "Actual Rows": 1, "Actual Loops": 1, "Plans": [{"Node Type": "Merge Join", "Parent Relationship": "Outer", "Parallel Aware": false, "Async Capable": false, "Join Type": "Inner", "Startup Cost": 40000000005.59, "Total Cost": 40000176718.96, "Plan Rows": 3647978405, "Plan Width": 0, "Actual Rows": 2034610, "Actual Loops": 1, "Inner Unique": false, "Merge Cond": "(c.userid = u.id)", "Plans": [{"Node Type": "Index Scan", "Parent Relationship": "Outer", "Parallel Aware": false, "Async Capable": false, "Scan Direction": "Forward", "Index Name": "idx_comments_userid", "Relation Name": "comments", "Alias": "c", "Startup Cost": 10000000000.3, "Total Cost": 10000008694.72, "Plan Rows": 134619, "Plan Width": 4, "Actual Rows": 132075, "Actual Loops": 1, "Filter": "((creationdate >= '2010-07-20 10:52:57'::timestamp without time zone) AND (score = 0))", "Rows Removed by Filter": 38803}, {"Node Type": "Materialize", "Parent Relationship": "Inner", "Parallel Aware": false, "Async Capable": false, "Startup Cost": 30000000001.81, "Total Cost": 30000026498.84, "Plan Rows": 3023471, "Plan Width": 12, "Actual Rows": 2039815, "Actual Loops": 1, "Plans": [{"Node Type": "Merge Join", "Parent Relationship": "Outer", "Parallel Aware": false, "Async Capable": false, "Join Type": "Inner", "Startup Cost": 30000000001.81, "Total Cost": 30000018940.16, "Plan Rows": 3023471, "Plan Width": 12, "Actual Rows": 103411, "Actual Loops": 1, "Inner Unique": false, "Merge Cond": "(u.id = b.userid)", "Plans": [{"Node Type": "Merge Join", "Parent Relationship": "Outer", "Parallel Aware": false, "Async Capable": false, "Join Type": "Inner", "Startup Cost": 20000000000.71, "Total Cost": 20000015347.05, "Plan Rows": 57738, "Plan Width": 8, "Actual Rows": 16892, "Actual Loops": 1, "Inner Unique": true, "Merge Cond": "(ph.userid = u.id)", "Plans": [{"Node Type": "Index Scan", "Parent Relationship": "Outer", "Parallel Aware": false, "Async Capable": false, "Scan Direction": "Forward", "Index Name": "idx_posthistory_userid", "Relation Name": "posthistory", "Alias": "ph", "Startup Cost": 10000000000.42, "Total Cost": 10000013607.96, "Plan Rows": 65808, "Plan Width": 4, "Actual Rows": 65177, "Actual Loops": 1, "Filter": "((creationdate >= '2011-01-31 15:35:37'::timestamp without time zone) AND (posthistorytypeid = 5))", "Rows Removed by Filter": 214557}, {"Node Type": "Index Scan", "Parent Relationship": "Inner", "Parallel Aware": false, "Async Capable": false, "Scan Direction": "Forward", "Index Name": "users_pkey", "Relation Name": "users", "Alias": "u", "Startup Cost": 10000000000.29, "Total Cost": 10000001861.23, "Plan Rows": 38028, "Plan Width": 4, "Actual Rows": 38069, "Actual Loops": 1, "Filter": "((reputation >= 1) AND (reputation <= 356) AND (downvotes <= 34) AND (creationdate >= '2010-07-19 21:29:29'::timestamp without time zone) AND (creationdate <= '2014-08-20 14:31:46'::timestamp without time zone))", "Rows Removed by Filter": 2256}]}, {"Node Type": "Materialize", "Parent Relationship": "Inner", "Parallel Aware": false, "Async Capable": false, "Startup Cost": 10000000000.29, "Total Cost": 10000001933.68, "Plan Rows": 79851, "Plan Width": 4, "Actual Rows": 154028, "Actual Loops": 1, "Plans": [{"Node Type": "Index Only Scan", "Parent Relationship": "Outer", "Parallel Aware": false, "Async Capable": false, "Scan Direction": "Forward", "Index Name": "idx_badges_userid", "Relation Name": "badges", "Alias": "b", "Startup Cost": 10000000000.29, "Total Cost": 10000001734.06, "Plan Rows": 79851, "Plan Width": 4, "Actual Rows": 79012, "Actual Loops": 1, "Heap Fetches": 0}]}]}]}]}]}, "Planning Time": 3.112, "Triggers": [], "Execution Time": 650.921}, {"Plan": {"Node Type": "Aggregate", "Strategy": "Plain", "Partial Mode": "Simple", "Parallel Aware": false, "Async Capable": false, "Startup Cost": 10009889768.47, "Total Cost": 10009889768.48, "Plan Rows": 1, "Plan Width": 8, "Actual Rows": 1, "Actual Loops": 1, "Plans": [{"Node Type": "Nested Loop", "Parent Relationship": "Outer", "Parallel Aware": false, "Async Capable": false, "Join Type": "Inner", "Startup Cost": 10000000001.49, "Total Cost": 10000769822.46, "Plan Rows": 3647978405, "Plan Width": 0, "Actual Rows": 2034610, "Actual Loops": 1, "Inner Unique": false, "Join Filter": "(c.userid = u.id)", "Rows Removed by Join Filter": 0, "Plans": [{"Node Type": "Nested Loop", "Parent Relationship": "Outer", "Parallel Aware": false, "Async Capable": false, "Join Type": "Inner", "Startup Cost": 10000000001.07, "Total Cost": 10000188112.2, "Plan Rows": 3023471, "Plan Width": 12, "Actual Rows": 103411, "Actual Loops": 1, "Inner Unique": false, "Join Filter": "(b.userid = u.id)", "Rows Removed by Join Filter": 0, "Plans": [{"Node Type": "Nested Loop", "Parent Relationship": "Outer", "Parallel Aware": false, "Async Capable": false, "Join Type": "Inner", "Startup Cost": 10000000000.74, "Total Cost": 10000099711.65, "Plan Rows": 57738, "Plan Width": 8, "Actual Rows": 16892, "Actual Loops": 1, "Inner Unique": true, "Plans": [{"Node Type": "Index Scan", "Parent Relationship": "Outer", "Parallel Aware": false, "Async Capable": false, "Scan Direction": "Forward", "Index Name": "idx_posthistory_userid", "Relation Name": "posthistory", "Alias": "ph", "Startup Cost": 10000000000.42, "Total Cost": 10000013607.96, "Plan Rows": 65808, "Plan Width": 4, "Actual Rows": 66005, "Actual Loops": 1, "Filter": "((creationdate >= '2011-01-31 15:35:37'::timestamp without time zone) AND (posthistorytypeid = 5))", "Rows Removed by Filter": 237182}, {"Node Type": "Memoize", "Parent Relationship": "Inner", "Parallel Aware": false, "Async Capable": false, "Startup Cost": 0.31, "Total Cost": 4.34, "Plan Rows": 1, "Plan Width": 4, "Actual Rows": 0, "Actual Loops": 66005, "Cache Key": "ph.userid", "Cache Mode": "logical", "Cache Hits": 58564, "Cache Misses": 7441, "Cache Evictions": 0, "Cache Overflows": 0, "Peak Memory Usage": 724, "Plans": [{"Node Type": "Bitmap Heap Scan", "Parent Relationship": "Outer", "Parallel Aware": false, "Async Capable": false, "Relation Name": "users", "Alias": "u", "Startup Cost": 0.3, "Total Cost": 4.33, "Plan Rows": 1, "Plan Width": 4, "Actual Rows": 1, "Actual Loops": 7441, "Recheck Cond": "(ph.userid = id)", "Rows Removed by Index Recheck": 0, "Filter": "((reputation >= 1) AND (reputation <= 356) AND (downvotes <= 34) AND (creationdate >= '2010-07-19 21:29:29'::timestamp without time zone) AND (creationdate <= '2014-08-20 14:31:46'::timestamp without time zone))", "Rows Removed by Filter": 0, "Exact Heap Blocks": 7440, "Lossy Heap Blocks": 0, "Plans": [{"Node Type": "Bitmap Index Scan", "Parent Relationship": "Outer", "Parallel Aware": false, "Async Capable": false, "Index Name": "users_pkey", "Startup Cost": 0.0, "Total Cost": 0.3, "Plan Rows": 1, "Plan Width": 0, "Actual Rows": 1, "Actual Loops": 7441, "Index Cond": "(id = ph.userid)"}]}]}]}, {"Node Type": "Memoize", "Parent Relationship": "Inner", "Parallel Aware": false, "Async Capable": false, "Startup Cost": 0.33, "Total Cost": 4.37, "Plan Rows": 3, "Plan Width": 4, "Actual Rows": 6, "Actual Loops": 16892, "Cache Key": "ph.userid", "Cache Mode": "logical", "Cache Hits": 10357, "Cache Misses": 6535, "Cache Evictions": 0, "Cache Overflows": 0, "Peak Memory Usage": 1433, "Plans": [{"Node Type": "Bitmap Heap Scan", "Parent Relationship": "Outer", "Parallel Aware": false, "Async Capable": false, "Relation Name": "badges", "Alias": "b", "Startup Cost": 0.32, "Total Cost": 4.36, "Plan Rows": 3, "Plan Width": 4, "Actual Rows": 4, "Actual Loops": 6535, "Recheck Cond": "(ph.userid = userid)", "Rows Removed by Index Recheck": 0, "Exact Heap Blocks": 19869, "Lossy Heap Blocks": 0, "Plans": [{"Node Type": "Bitmap Index Scan", "Parent Relationship": "Outer", "Parallel Aware": false, "Async Capable": false, "Index Name": "idx_badges_userid", "Startup Cost": 0.0, "Total Cost": 0.32, "Plan Rows": 3, "Plan Width": 0, "Actual Rows": 4, "Actual Loops": 6535, "Index Cond": "(userid = ph.userid)"}]}]}]}, {"Node Type": "Memoize", "Parent Relationship": "Inner", "Parallel Aware": false, "Async Capable": false, "Startup Cost": 0.42, "Total Cost": 4.64, "Plan Rows": 10, "Plan Width": 4, "Actual Rows": 20, "Actual Loops": 103411, "Cache Key": "ph.userid", "Cache Mode": "logical", "Cache Hits": 96876, "Cache Misses": 6535, "Cache Evictions": 0, "Cache Overflows": 0, "Peak Memory Usage": 1576, "Plans": [{"Node Type": "Bitmap Heap Scan", "Parent Relationship": "Outer", "Parallel Aware": false, "Async Capable": false, "Relation Name": "comments", "Alias": "c", "Startup Cost": 0.41, "Total Cost": 4.63, "Plan Rows": 10, "Plan Width": 4, "Actual Rows": 5, "Actual Loops": 6535, "Recheck Cond": "(userid = ph.userid)", "Rows Removed by Index Recheck": 0, "Filter": "((creationdate >= '2010-07-20 10:52:57'::timestamp without time zone) AND (score = 0))", "Rows Removed by Filter": 0, "Exact Heap Blocks": 19456, "Lossy Heap Blocks": 0, "Plans": [{"Node Type": "Bitmap Index Scan", "Parent Relationship": "Outer", "Parallel Aware": false, "Async Capable": false, "Index Name": "idx_comments_userid", "Startup Cost": 0.0, "Total Cost": 0.4, "Plan Rows": 13, "Plan Width": 0, "Actual Rows": 5, "Actual Loops": 6535, "Index Cond": "(userid = ph.userid)"}]}]}]}]}, "Planning Time": 2.999, "Triggers": [], "Execution Time": 635.515}, {"Plan": {"Node Type": "Aggregate", "Strategy": "Plain", "Partial Mode": "Finalize", "Parallel Aware": false, "Async Capable": false, "Startup Cost": 5439828.03, "Total Cost": 5439828.04, "Plan Rows": 1, "Plan Width": 8, "Actual Rows": 1, "Actual Loops": 1, "Plans": [{"Node Type": "Gather", "Parent Relationship": "Outer", "Parallel Aware": false, "Async Capable": false, "Startup Cost": 5439827.92, "Total Cost": 5439828.03, "Plan Rows": 1, "Plan Width": 8, "Actual Rows": 2, "Actual Loops": 1, "Workers Planned": 1, "Workers Launched": 1, "Single Copy": false, "Plans": [{"Node Type": "Aggregate", "Strategy": "Plain", "Partial Mode": "Partial", "Parent Relationship": "Outer", "Parallel Aware": false, "Async Capable": false, "Startup Cost": 5438827.92, "Total Cost": 5438827.93, "Plan Rows": 1, "Plan Width": 8, "Actual Rows": 1, "Actual Loops": 2, "Workers": [], "Plans": [{"Node Type": "Hash Join", "Parent Relationship": "Outer", "Parallel Aware": true, "Async Capable": false, "Join Type": "Inner", "Startup Cost": 32073.78, "Total Cost": 74153.8, "Plan Rows": 2145869650, "Plan Width": 0, "Actual Rows": 1017305, "Actual Loops": 2, "Inner Unique": false, "Hash Cond": "(c.userid = u.id)", "Workers": [], "Plans": [{"Node Type": "Seq Scan", "Parent Relationship": "Outer", "Parallel Aware": true, "Async Capable": false, "Relation Name": "comments", "Alias": "c", "Startup Cost": 0.0, "Total Cost": 2881.99, "Plan Rows": 79188, "Plan Width": 4, "Actual Rows": 67395, "Actual Loops": 2, "Filter": "((creationdate >= '2010-07-20 10:52:57'::timestamp without time zone) AND (score = 0))", "Rows Removed by Filter": 19758, "Workers": []}, {"Node Type": "Hash", "Parent Relationship": "Inner", "Parallel Aware": true, "Async Capable": false, "Startup Cost": 9842.38, "Total Cost": 9842.38, "Plan Rows": 1778512, "Plan Width": 12, "Actual Rows": 51706, "Actual Loops": 2, "Hash Buckets": 4194304, "Original Hash Buckets": 4194304, "Hash Batches": 1, "Original Hash Batches": 1, "Peak Memory Usage": 37664, "Workers": [], "Plans": [{"Node Type": "Hash Join", "Parent Relationship": "Outer", "Parallel Aware": false, "Async Capable": false, "Join Type": "Inner", "Startup Cost": 4061.09, "Total Cost": 9842.38, "Plan Rows": 1778512, "Plan Width": 12, "Actual Rows": 51706, "Actual Loops": 2, "Inner Unique": false, "Hash Cond": "(ph.userid = u.id)", "Workers": [], "Plans": [{"Node Type": "Seq Scan", "Parent Relationship": "Outer", "Parallel Aware": true, "Async Capable": false, "Relation Name": "posthistory", "Alias": "ph", "Startup Cost": 0.0, "Total Cost": 4915.18, "Plan Rows": 38711, "Plan Width": 4, "Actual Rows": 33002, "Actual Loops": 2, "Filter": "((creationdate >= '2011-01-31 15:35:37'::timestamp without time zone) AND (posthistorytypeid = 5))", "Rows Removed by Filter": 118591, "Workers": []}, {"Node Type": "Hash", "Parent Relationship": "Inner", "Parallel Aware": false, "Async Capable": false, "Startup Cost": 3119.8, "Total Cost": 3119.8, "Plan Rows": 75303, "Plan Width": 8, "Actual Rows": 58111, "Actual Loops": 2, "Hash Buckets": 131072, "Original Hash Buckets": 131072, "Hash Batches": 1, "Original Hash Batches": 1, "Peak Memory Usage": 3294, "Workers": [], "Plans": [{"Node Type": "Hash Join", "Parent Relationship": "Outer", "Parallel Aware": false, "Async Capable": false, "Join Type": "Inner", "Startup Cost": 1679.66, "Total Cost": 3119.8, "Plan Rows": 75303, "Plan Width": 8, "Actual Rows": 58111, "Actual Loops": 2, "Inner Unique": true, "Hash Cond": "(b.userid = u.id)", "Workers": [], "Plans": [{"Node Type": "Seq Scan", "Parent Relationship": "Outer", "Parallel Aware": false, "Async Capable": false, "Relation Name": "badges", "Alias": "b", "Startup Cost": 0.0, "Total Cost": 1230.51, "Plan Rows": 79851, "Plan Width": 4, "Actual Rows": 79851, "Actual Loops": 2, "Workers": []}, {"Node Type": "Hash", "Parent Relationship": "Inner", "Parallel Aware": false, "Async Capable": false, "Startup Cost": 1204.31, "Total Cost": 1204.31, "Plan Rows": 38028, "Plan Width": 4, "Actual Rows": 38069, "Actual Loops": 2, "Hash Buckets": 65536, "Original Hash Buckets": 65536, "Hash Batches": 1, "Original Hash Batches": 1, "Peak Memory Usage": 1851, "Workers": [], "Plans": [{"Node Type": "Seq Scan", "Parent Relationship": "Outer", "Parallel Aware": false, "Async Capable": false, "Relation Name": "users", "Alias": "u", "Startup Cost": 0.0, "Total Cost": 1204.31, "Plan Rows": 38028, "Plan Width": 4, "Actual Rows": 38069, "Actual Loops": 2, "Filter": "((reputation >= 1) AND (reputation <= 356) AND (downvotes <= 34) AND (creationdate >= '2010-07-19 21:29:29'::timestamp without time zone) AND (creationdate <= '2014-08-20 14:31:46'::timestamp without time zone))", "Rows Removed by Filter": 2256, "Workers": []}]}]}]}]}]}]}]}]}]}, "Planning Time": 3.427, "Triggers": [], "Execution Time": 309.374}, {"Plan": {"Node Type": "Aggregate", "Strategy": "Plain", "Partial Mode": "Finalize", "Parallel Aware": false, "Async Capable": false, "Startup Cost": 5453676.09, "Total Cost": 5453676.1, "Plan Rows": 1, "Plan Width": 8, "Actual Rows": 1, "Actual Loops": 1, "Plans": [{"Node Type": "Gather", "Parent Relationship": "Outer", "Parallel Aware": false, "Async Capable": false, "Startup Cost": 5453675.97, "Total Cost": 5453676.08, "Plan Rows": 1, "Plan Width": 8, "Actual Rows": 2, "Actual Loops": 1, "Workers Planned": 1, "Workers Launched": 1, "Single Copy": false, "Plans": [{"Node Type": "Aggregate", "Strategy": "Plain", "Partial Mode": "Partial", "Parent Relationship": "Outer", "Parallel Aware": false, "Async Capable": false, "Startup Cost": 5452675.97, "Total Cost": 5452675.98, "Plan Rows": 1, "Plan Width": 8, "Actual Rows": 1, "Actual Loops": 2, "Workers": [], "Plans": [{"Node Type": "Hash Join", "Parent Relationship": "Outer", "Parallel Aware": true, "Async Capable": false, "Join Type": "Inner", "Startup Cost": 41185.97, "Total Cost": 88001.85, "Plan Rows": 2145869650, "Plan Width": 0, "Actual Rows": 1017305, "Actual Loops": 2, "Inner Unique": false, "Hash Cond": "(c.userid = u.id)", "Workers": [], "Plans": [{"Node Type": "Index Scan", "Parent Relationship": "Outer", "Parallel Aware": true, "Async Capable": false, "Scan Direction": "Forward", "Index Name": "idx_comments_userid", "Relation Name": "comments", "Alias": "c", "Startup Cost": 0.29, "Total Cost": 7618.14, "Plan Rows": 79188, "Plan Width": 4, "Actual Rows": 67395, "Actual Loops": 2, "Filter": "((creationdate >= '2010-07-20 10:52:57'::timestamp without time zone) AND (score = 0))", "Rows Removed by Filter": 19758, "Workers": []}, {"Node Type": "Hash", "Parent Relationship": "Inner", "Parallel Aware": true, "Async Capable": false, "Startup Cost": 18954.28, "Total Cost": 18954.28, "Plan Rows": 1778512, "Plan Width": 12, "Actual Rows": 51706, "Actual Loops": 2, "Hash Buckets": 4194304, "Original Hash Buckets": 4194304, "Hash Batches": 1, "Original Hash Batches": 1, "Peak Memory Usage": 37632, "Workers": [], "Plans": [{"Node Type": "Hash Join", "Parent Relationship": "Outer", "Parallel Aware": false, "Async Capable": false, "Join Type": "Inner", "Startup Cost": 6353.26, "Total Cost": 18954.28, "Plan Rows": 1778512, "Plan Width": 12, "Actual Rows": 51706, "Actual Loops": 2, "Inner Unique": false, "Hash Cond": "(ph.userid = u.id)", "Workers": [], "Plans": [{"Node Type": "Index Scan", "Parent Relationship": "Outer", "Parallel Aware": true, "Async Capable": false, "Scan Direction": "Forward", "Index Name": "idx_posthistory_userid", "Relation Name": "posthistory", "Alias": "ph", "Startup Cost": 0.42, "Total Cost": 11735.34, "Plan Rows": 38711, "Plan Width": 4, "Actual Rows": 33002, "Actual Loops": 2, "Filter": "((creationdate >= '2011-01-31 15:35:37'::timestamp without time zone) AND (posthistorytypeid = 5))", "Rows Removed by Filter": 118591, "Workers": []}, {"Node Type": "Hash", "Parent Relationship": "Inner", "Parallel Aware": false, "Async Capable": false, "Startup Cost": 5411.55, "Total Cost": 5411.55, "Plan Rows": 75303, "Plan Width": 8, "Actual Rows": 58111, "Actual Loops": 2, "Hash Buckets": 131072, "Original Hash Buckets": 131072, "Hash Batches": 1, "Original Hash Batches": 1, "Peak Memory Usage": 3294, "Workers": [], "Plans": [{"Node Type": "Hash Join", "Parent Relationship": "Outer", "Parallel Aware": false, "Async Capable": false, "Join Type": "Inner", "Startup Cost": 2336.87, "Total Cost": 5411.55, "Plan Rows": 75303, "Plan Width": 8, "Actual Rows": 58111, "Actual Loops": 2, "Inner Unique": true, "Hash Cond": "(b.userid = u.id)", "Workers": [], "Plans": [{"Node Type": "Index Scan", "Parent Relationship": "Outer", "Parallel Aware": false, "Async Capable": false, "Scan Direction": "Forward", "Index Name": "idx_badges_userid", "Relation Name": "badges", "Alias": "b", "Startup Cost": 0.29, "Total Cost": 2865.34, "Plan Rows": 79851, "Plan Width": 4, "Actual Rows": 79851, "Actual Loops": 2, "Workers": []}, {"Node Type": "Hash", "Parent Relationship": "Inner", "Parallel Aware": false, "Async Capable": false, "Startup Cost": 1861.23, "Total Cost": 1861.23, "Plan Rows": 38028, "Plan Width": 4, "Actual Rows": 38069, "Actual Loops": 2, "Hash Buckets": 65536, "Original Hash Buckets": 65536, "Hash Batches": 1, "Original Hash Batches": 1, "Peak Memory Usage": 1851, "Workers": [], "Plans": [{"Node Type": "Index Scan", "Parent Relationship": "Outer", "Parallel Aware": false, "Async Capable": false, "Scan Direction": "Forward", "Index Name": "users_pkey", "Relation Name": "users", "Alias": "u", "Startup Cost": 0.29, "Total Cost": 1861.23, "Plan Rows": 38028, "Plan Width": 4, "Actual Rows": 38069, "Actual Loops": 2, "Filter": "((reputation >= 1) AND (reputation <= 356) AND (downvotes <= 34) AND (creationdate >= '2010-07-19 21:29:29'::timestamp without time zone) AND (creationdate <= '2014-08-20 14:31:46'::timestamp without time zone))", "Rows Removed by Filter": 2256, "Workers": []}]}]}]}]}]}]}]}]}]}, "Planning Time": 4.873, "Triggers": [], "Execution Time": 502.025}, {"Plan": {"Node Type": "Aggregate", "Strategy": "Plain", "Partial Mode": "Finalize", "Parallel Aware": false, "Async Capable": false, "Startup Cost": 5451847.88, "Total Cost": 5451847.89, "Plan Rows": 1, "Plan Width": 8, "Actual Rows": 1, "Actual Loops": 1, "Plans": [{"Node Type": "Gather", "Parent Relationship": "Outer", "Parallel Aware": false, "Async Capable": false, "Startup Cost": 5451847.77, "Total Cost": 5451847.88, "Plan Rows": 1, "Plan Width": 8, "Actual Rows": 2, "Actual Loops": 1, "Workers Planned": 1, "Workers Launched": 1, "Single Copy": false, "Plans": [{"Node Type": "Aggregate", "Strategy": "Plain", "Partial Mode": "Partial", "Parent Relationship": "Outer", "Parallel Aware": false, "Async Capable": false, "Startup Cost": 5450847.77, "Total Cost": 5450847.78, "Plan Rows": 1, "Plan Width": 8, "Actual Rows": 1, "Actual Loops": 2, "Workers": [], "Plans": [{"Node Type": "Hash Join", "Parent Relationship": "Outer", "Parallel Aware": true, "Async Capable": false, "Join Type": "Inner", "Startup Cost": 39357.77, "Total Cost": 86173.65, "Plan Rows": 2145869650, "Plan Width": 0, "Actual Rows": 1017305, "Actual Loops": 2, "Inner Unique": false, "Hash Cond": "(c.userid = u.id)", "Workers": [], "Plans": [{"Node Type": "Index Scan", "Parent Relationship": "Outer", "Parallel Aware": true, "Async Capable": false, "Scan Direction": "Forward", "Index Name": "idx_comments_userid", "Relation Name": "comments", "Alias": "c", "Startup Cost": 0.29, "Total Cost": 7618.14, "Plan Rows": 79188, "Plan Width": 4, "Actual Rows": 67395, "Actual Loops": 2, "Filter": "((creationdate >= '2010-07-20 10:52:57'::timestamp without time zone) AND (score = 0))", "Rows Removed by Filter": 19758, "Workers": []}, {"Node Type": "Hash", "Parent Relationship": "Inner", "Parallel Aware": true, "Async Capable": false, "Startup Cost": 17126.08, "Total Cost": 17126.08, "Plan Rows": 1778512, "Plan Width": 12, "Actual Rows": 51706, "Actual Loops": 2, "Hash Buckets": 4194304, "Original Hash Buckets": 4194304, "Hash Batches": 1, "Original Hash Batches": 1, "Peak Memory Usage": 37664, "Workers": [], "Plans": [{"Node Type": "Merge Join", "Parent Relationship": "Outer", "Parallel Aware": false, "Async Capable": false, "Join Type": "Inner", "Startup Cost": 1.79, "Total Cost": 17126.08, "Plan Rows": 1778512, "Plan Width": 12, "Actual Rows": 51706, "Actual Loops": 2, "Inner Unique": false, "Merge Cond": "(u.id = b.userid)", "Workers": [], "Plans": [{"Node Type": "Merge Join", "Parent Relationship": "Outer", "Parallel Aware": false, "Async Capable": false, "Join Type": "Inner", "Startup Cost": 0.71, "Total Cost": 13304.04, "Plan Rows": 33964, "Plan Width": 8, "Actual Rows": 8446, "Actual Loops": 2, "Inner Unique": true, "Merge Cond": "(ph.userid = u.id)", "Workers": [], "Plans": [{"Node Type": "Index Scan", "Parent Relationship": "Outer", "Parallel Aware": true, "Async Capable": false, "Scan Direction": "Forward", "Index Name": "idx_posthistory_userid", "Relation Name": "posthistory", "Alias": "ph", "Startup Cost": 0.42, "Total Cost": 11735.34, "Plan Rows": 38711, "Plan Width": 4, "Actual Rows": 32589, "Actual Loops": 2, "Filter": "((creationdate >= '2011-01-31 15:35:37'::timestamp without time zone) AND (posthistorytypeid = 5))", "Rows Removed by Filter": 107285, "Workers": []}, {"Node Type": "Index Scan", "Parent Relationship": "Inner", "Parallel Aware": false, "Async Capable": false, "Scan Direction": "Forward", "Index Name": "users_pkey", "Relation Name": "users", "Alias": "u", "Startup Cost": 0.29, "Total Cost": 1861.23, "Plan Rows": 38028, "Plan Width": 4, "Actual Rows": 38069, "Actual Loops": 2, "Filter": "((reputation >= 1) AND (reputation <= 356) AND (downvotes <= 34) AND (creationdate >= '2010-07-19 21:29:29'::timestamp without time zone) AND (creationdate <= '2014-08-20 14:31:46'::timestamp without time zone))", "Rows Removed by Filter": 2256, "Workers": []}]}, {"Node Type": "Index Scan", "Parent Relationship": "Inner", "Parallel Aware": false, "Async Capable": false, "Scan Direction": "Forward", "Index Name": "idx_badges_userid", "Relation Name": "badges", "Alias": "b", "Startup Cost": 0.29, "Total Cost": 2865.34, "Plan Rows": 79851, "Plan Width": 4, "Actual Rows": 116456, "Actual Loops": 2, "Workers": []}]}]}]}]}]}]}, "Planning Time": 5.627, "Triggers": [], "Execution Time": 461.115}, {"Plan": {"Node Type": "Aggregate", "Strategy": "Plain", "Partial Mode": "Finalize", "Parallel Aware": false, "Async Capable": false, "Startup Cost": 5442310.19, "Total Cost": 5442310.2, "Plan Rows": 1, "Plan Width": 8, "Actual Rows": 1, "Actual Loops": 1, "Plans": [{"Node Type": "Gather", "Parent Relationship": "Outer", "Parallel Aware": false, "Async Capable": false, "Startup Cost": 5442310.08, "Total Cost": 5442310.19, "Plan Rows": 1, "Plan Width": 8, "Actual Rows": 2, "Actual Loops": 1, "Workers Planned": 1, "Workers Launched": 1, "Single Copy": false, "Plans": [{"Node Type": "Aggregate", "Strategy": "Plain", "Partial Mode": "Partial", "Parent Relationship": "Outer", "Parallel Aware": false, "Async Capable": false, "Startup Cost": 5441310.08, "Total Cost": 5441310.09, "Plan Rows": 1, "Plan Width": 8, "Actual Rows": 1, "Actual Loops": 2, "Workers": [], "Plans": [{"Node Type": "Hash Join", "Parent Relationship": "Outer", "Parallel Aware": true, "Async Capable": false, "Join Type": "Inner", "Startup Cost": 11081.35, "Total Cost": 76635.95, "Plan Rows": 2145869650, "Plan Width": 0, "Actual Rows": 1017305, "Actual Loops": 2, "Inner Unique": false, "Hash Cond": "(ph.userid = u.id)", "Workers": [], "Plans": [{"Node Type": "Nested Loop", "Parent Relationship": "Outer", "Parallel Aware": false, "Async Capable": false, "Join Type": "Inner", "Startup Cost": 0.72, "Total Cost": 21072.08, "Plan Rows": 2027107, "Plan Width": 8, "Actual Rows": 3005648, "Actual Loops": 2, "Inner Unique": false, "Workers": [], "Plans": [{"Node Type": "Index Scan", "Parent Relationship": "Outer", "Parallel Aware": true, "Async Capable": false, "Scan Direction": "Forward", "Index Name": "idx_posthistory_userid", "Relation Name": "posthistory", "Alias": "ph", "Startup Cost": 0.42, "Total Cost": 11735.34, "Plan Rows": 38711, "Plan Width": 4, "Actual Rows": 33002, "Actual Loops": 2, "Filter": "((creationdate >= '2011-01-31 15:35:37'::timestamp without time zone) AND (posthistorytypeid = 5))", "Rows Removed by Filter": 118591, "Workers": []}, {"Node Type": "Memoize", "Parent Relationship": "Inner", "Parallel Aware": false, "Async Capable": false, "Startup Cost": 0.3, "Total Cost": 0.39, "Plan Rows": 3, "Plan Width": 4, "Actual Rows": 91, "Actual Loops": 66005, "Cache Key": "ph.userid", "Cache Mode": "logical", "Cache Hits": 28632, "Cache Misses": 3682, "Cache Evictions": 0, "Cache Overflows": 0, "Peak Memory Usage": 1156, "Workers": [{"Worker Number": 0, "Cache Hits": 29900, "Cache Misses": 3791, "Cache Evictions": 0, "Cache Overflows": 0, "Peak Memory Usage": 1149}], "Plans": [{"Node Type": "Index Scan", "Parent Relationship": "Outer", "Parallel Aware": false, "Async Capable": false, "Scan Direction": "Forward", "Index Name": "idx_badges_userid", "Relation Name": "badges", "Alias": "b", "Startup Cost": 0.29, "Total Cost": 0.38, "Plan Rows": 3, "Plan Width": 4, "Actual Rows": 7, "Actual Loops": 7473, "Index Cond": "(userid = ph.userid)", "Rows Removed by Index Recheck": 0, "Workers": []}]}]}, {"Node Type": "Hash", "Parent Relationship": "Inner", "Parallel Aware": true, "Async Capable": false, "Startup Cost": 10162.6, "Total Cost": 10162.6, "Plan Rows": 73442, "Plan Width": 8, "Actual Rows": 24379, "Actual Loops": 2, "Hash Buckets": 131072, "Original Hash Buckets": 131072, "Hash Batches": 1, "Original Hash Batches": 1, "Peak Memory Usage": 2976, "Workers": [], "Plans": [{"Node Type": "Hash Join", "Parent Relationship": "Outer", "Parallel Aware": false, "Async Capable": false, "Join Type": "Inner", "Startup Cost": 2336.87, "Total Cost": 10162.6, "Plan Rows": 73442, "Plan Width": 8, "Actual Rows": 24379, "Actual Loops": 2, "Inner Unique": true, "Hash Cond": "(c.userid = u.id)", "Workers": [], "Plans": [{"Node Type": "Index Scan", "Parent Relationship": "Outer", "Parallel Aware": true, "Async Capable": false, "Scan Direction": "Forward", "Index Name": "idx_comments_userid", "Relation Name": "comments", "Alias": "c", "Startup Cost": 0.29, "Total Cost": 7618.14, "Plan Rows": 79188, "Plan Width": 4, "Actual Rows": 67395, "Actual Loops": 2, "Filter": "((creationdate >= '2010-07-20 10:52:57'::timestamp without time zone) AND (score = 0))", "Rows Removed by Filter": 19758, "Workers": []}, {"Node Type": "Hash", "Parent Relationship": "Inner", "Parallel Aware": false, "Async Capable": false, "Startup Cost": 1861.23, "Total Cost": 1861.23, "Plan Rows": 38028, "Plan Width": 4, "Actual Rows": 38069, "Actual Loops": 2, "Hash Buckets": 65536, "Original Hash Buckets": 65536, "Hash Batches": 1, "Original Hash Batches": 1, "Peak Memory Usage": 1851, "Workers": [], "Plans": [{"Node Type": "Index Scan", "Parent Relationship": "Outer", "Parallel Aware": false, "Async Capable": false, "Scan Direction": "Forward", "Index Name": "users_pkey", "Relation Name": "users", "Alias": "u", "Startup Cost": 0.29, "Total Cost": 1861.23, "Plan Rows": 38028, "Plan Width": 4, "Actual Rows": 38069, "Actual Loops": 2, "Filter": "((reputation >= 1) AND (reputation <= 356) AND (downvotes <= 34) AND (creationdate >= '2010-07-19 21:29:29'::timestamp without time zone) AND (creationdate <= '2014-08-20 14:31:46'::timestamp without time zone))", "Rows Removed by Filter": 2256, "Workers": []}]}]}]}]}]}]}]}, "Planning Time": 6.205, "Triggers": [], "Execution Time": 630.701}, {"Plan": {"Node Type": "Aggregate", "Strategy": "Plain", "Partial Mode": "Finalize", "Parallel Aware": false, "Async Capable": false, "Startup Cost": 5430096.97, "Total Cost": 5430096.98, "Plan Rows": 1, "Plan Width": 8, "Actual Rows": 1, "Actual Loops": 1, "Plans": [{"Node Type": "Gather", "Parent Relationship": "Outer", "Parallel Aware": false, "Async Capable": false, "Startup Cost": 5430096.86, "Total Cost": 5430096.97, "Plan Rows": 1, "Plan Width": 8, "Actual Rows": 2, "Actual Loops": 1, "Workers Planned": 1, "Workers Launched": 1, "Single Copy": false, "Plans": [{"Node Type": "Aggregate", "Strategy": "Plain", "Partial Mode": "Partial", "Parent Relationship": "Outer", "Parallel Aware": false, "Async Capable": false, "Startup Cost": 5429096.86, "Total Cost": 5429096.87, "Plan Rows": 1, "Plan Width": 8, "Actual Rows": 1, "Actual Loops": 2, "Workers": [], "Plans": [{"Node Type": "Hash Join", "Parent Relationship": "Outer", "Parallel Aware": true, "Async Capable": false, "Join Type": "Inner", "Startup Cost": 5687.87, "Total Cost": 64422.73, "Plan Rows": 2145869650, "Plan Width": 0, "Actual Rows": 1017305, "Actual Loops": 2, "Inner Unique": false, "Hash Cond": "(ph.userid = u.id)", "Workers": [], "Plans": [{"Node Type": "Nested Loop", "Parent Relationship": "Outer", "Parallel Aware": false, "Async Capable": false, "Join Type": "Inner", "Startup Cost": 0.3, "Total Cost": 14251.92, "Plan Rows": 2027107, "Plan Width": 8, "Actual Rows": 3005648, "Actual Loops": 2, "Inner Unique": false, "Workers": [], "Plans": [{"Node Type": "Seq Scan", "Parent Relationship": "Outer", "Parallel Aware": true, "Async Capable": false, "Relation Name": "posthistory", "Alias": "ph", "Startup Cost": 0.0, "Total Cost": 4915.18, "Plan Rows": 38711, "Plan Width": 4, "Actual Rows": 33002, "Actual Loops": 2, "Filter": "((creationdate >= '2011-01-31 15:35:37'::timestamp without time zone) AND (posthistorytypeid = 5))", "Rows Removed by Filter": 118591, "Workers": []}, {"Node Type": "Memoize", "Parent Relationship": "Inner", "Parallel Aware": false, "Async Capable": false, "Startup Cost": 0.3, "Total Cost": 0.39, "Plan Rows": 3, "Plan Width": 4, "Actual Rows": 91, "Actual Loops": 66005, "Cache Key": "ph.userid", "Cache Mode": "logical", "Cache Hits": 27243, "Cache Misses": 4929, "Cache Evictions": 0, "Cache Overflows": 0, "Peak Memory Usage": 1678, "Workers": [{"Worker Number": 0, "Cache Hits": 28880, "Cache Misses": 4953, "Cache Evictions": 0, "Cache Overflows": 0, "Peak Memory Usage": 1686}], "Plans": [{"Node Type": "Index Scan", "Parent Relationship": "Outer", "Parallel Aware": false, "Async Capable": false, "Scan Direction": "Forward", "Index Name": "idx_badges_userid", "Relation Name": "badges", "Alias": "b", "Startup Cost": 0.29, "Total Cost": 0.38, "Plan Rows": 3, "Plan Width": 4, "Actual Rows": 8, "Actual Loops": 9882, "Index Cond": "(userid = ph.userid)", "Rows Removed by Index Recheck": 0, "Workers": []}]}]}, {"Node Type": "Hash", "Parent Relationship": "Inner", "Parallel Aware": true, "Async Capable": false, "Startup Cost": 4769.54, "Total Cost": 4769.54, "Plan Rows": 73442, "Plan Width": 8, "Actual Rows": 24379, "Actual Loops": 2, "Hash Buckets": 131072, "Original Hash Buckets": 131072, "Hash Batches": 1, "Original Hash Batches": 1, "Peak Memory Usage": 2976, "Workers": [], "Plans": [{"Node Type": "Hash Join", "Parent Relationship": "Outer", "Parallel Aware": false, "Async Capable": false, "Join Type": "Inner", "Startup Cost": 1679.66, "Total Cost": 4769.54, "Plan Rows": 73442, "Plan Width": 8, "Actual Rows": 24379, "Actual Loops": 2, "Inner Unique": true, "Hash Cond": "(c.userid = u.id)", "Workers": [], "Plans": [{"Node Type": "Seq Scan", "Parent Relationship": "Outer", "Parallel Aware": true, "Async Capable": false, "Relation Name": "comments", "Alias": "c", "Startup Cost": 0.0, "Total Cost": 2881.99, "Plan Rows": 79188, "Plan Width": 4, "Actual Rows": 67395, "Actual Loops": 2, "Filter": "((creationdate >= '2010-07-20 10:52:57'::timestamp without time zone) AND (score = 0))", "Rows Removed by Filter": 19758, "Workers": []}, {"Node Type": "Hash", "Parent Relationship": "Inner", "Parallel Aware": false, "Async Capable": false, "Startup Cost": 1204.31, "Total Cost": 1204.31, "Plan Rows": 38028, "Plan Width": 4, "Actual Rows": 38069, "Actual Loops": 2, "Hash Buckets": 65536, "Original Hash Buckets": 65536, "Hash Batches": 1, "Original Hash Batches": 1, "Peak Memory Usage": 1851, "Workers": [], "Plans": [{"Node Type": "Seq Scan", "Parent Relationship": "Outer", "Parallel Aware": false, "Async Capable": false, "Relation Name": "users", "Alias": "u", "Startup Cost": 0.0, "Total Cost": 1204.31, "Plan Rows": 38028, "Plan Width": 4, "Actual Rows": 38069, "Actual Loops": 2, "Filter": "((reputation >= 1) AND (reputation <= 356) AND (downvotes <= 34) AND (creationdate >= '2010-07-19 21:29:29'::timestamp without time zone) AND (creationdate <= '2014-08-20 14:31:46'::timestamp without time zone))", "Rows Removed by Filter": 2256, "Workers": []}]}]}]}]}]}]}]}, "Planning Time": 7.793, "Triggers": [], "Execution Time": 487.192}, {"Plan": {"Node Type": "Aggregate", "Strategy": "Plain", "Partial Mode": "Finalize", "Parallel Aware": false, "Async Capable": false, "Startup Cost": 5479888.02, "Total Cost": 5479888.03, "Plan Rows": 1, "Plan Width": 8, "Actual Rows": 1, "Actual Loops": 1, "Plans": [{"Node Type": "Gather", "Parent Relationship": "Outer", "Parallel Aware": false, "Async Capable": false, "Startup Cost": 5479887.91, "Total Cost": 5479888.02, "Plan Rows": 1, "Plan Width": 8, "Actual Rows": 2, "Actual Loops": 1, "Workers Planned": 1, "Workers Launched": 1, "Single Copy": false, "Plans": [{"Node Type": "Aggregate", "Strategy": "Plain", "Partial Mode": "Partial", "Parent Relationship": "Outer", "Parallel Aware": false, "Async Capable": false, "Startup Cost": 5478887.91, "Total Cost": 5478887.92, "Plan Rows": 1, "Plan Width": 8, "Actual Rows": 1, "Actual Loops": 2, "Workers": [], "Plans": [{"Node Type": "Merge Join", "Parent Relationship": "Outer", "Parallel Aware": false, "Async Capable": false, "Join Type": "Inner", "Startup Cost": 4.78, "Total Cost": 114213.78, "Plan Rows": 2145869650, "Plan Width": 0, "Actual Rows": 1017305, "Actual Loops": 2, "Inner Unique": false, "Merge Cond": "(c.userid = u.id)", "Workers": [], "Plans": [{"Node Type": "Index Scan", "Parent Relationship": "Outer", "Parallel Aware": true, "Async Capable": false, "Scan Direction": "Forward", "Index Name": "idx_comments_userid", "Relation Name": "comments", "Alias": "c", "Startup Cost": 0.29, "Total Cost": 7618.14, "Plan Rows": 79188, "Plan Width": 4, "Actual Rows": 66038, "Actual Loops": 2, "Filter": "((creationdate >= '2010-07-20 10:52:57'::timestamp without time zone) AND (score = 0))", "Rows Removed by Filter": 19402, "Workers": []}, {"Node Type": "Materialize", "Parent Relationship": "Inner", "Parallel Aware": false, "Async Capable": false, "Startup Cost": 1.81, "Total Cost": 26498.84, "Plan Rows": 3023471, "Plan Width": 12, "Actual Rows": 1071456, "Actual Loops": 2, "Workers": [], "Plans": [{"Node Type": "Merge Join", "Parent Relationship": "Outer", "Parallel Aware": false, "Async Capable": false, "Join Type": "Inner", "Startup Cost": 1.81, "Total Cost": 18940.16, "Plan Rows": 3023471, "Plan Width": 12, "Actual Rows": 103411, "Actual Loops": 2, "Inner Unique": false, "Merge Cond": "(u.id = b.userid)", "Workers": [], "Plans": [{"Node Type": "Merge Join", "Parent Relationship": "Outer", "Parallel Aware": false, "Async Capable": false, "Join Type": "Inner", "Startup Cost": 0.71, "Total Cost": 15347.05, "Plan Rows": 57738, "Plan Width": 8, "Actual Rows": 16892, "Actual Loops": 2, "Inner Unique": true, "Merge Cond": "(ph.userid = u.id)", "Workers": [], "Plans": [{"Node Type": "Index Scan", "Parent Relationship": "Outer", "Parallel Aware": false, "Async Capable": false, "Scan Direction": "Forward", "Index Name": "idx_posthistory_userid", "Relation Name": "posthistory", "Alias": "ph", "Startup Cost": 0.42, "Total Cost": 13607.96, "Plan Rows": 65808, "Plan Width": 4, "Actual Rows": 65177, "Actual Loops": 2, "Filter": "((creationdate >= '2011-01-31 15:35:37'::timestamp without time zone) AND (posthistorytypeid = 5))", "Rows Removed by Filter": 214557, "Workers": []}, {"Node Type": "Index Scan", "Parent Relationship": "Inner", "Parallel Aware": false, "Async Capable": false, "Scan Direction": "Forward", "Index Name": "users_pkey", "Relation Name": "users", "Alias": "u", "Startup Cost": 0.29, "Total Cost": 1861.23, "Plan Rows": 38028, "Plan Width": 4, "Actual Rows": 38069, "Actual Loops": 2, "Filter": "((reputation >= 1) AND (reputation <= 356) AND (downvotes <= 34) AND (creationdate >= '2010-07-19 21:29:29'::timestamp without time zone) AND (creationdate <= '2014-08-20 14:31:46'::timestamp without time zone))", "Rows Removed by Filter": 2256, "Workers": []}]}, {"Node Type": "Materialize", "Parent Relationship": "Inner", "Parallel Aware": false, "Async Capable": false, "Startup Cost": 0.29, "Total Cost": 1933.68, "Plan Rows": 79851, "Plan Width": 4, "Actual Rows": 154028, "Actual Loops": 2, "Workers": [], "Plans": [{"Node Type": "Index Only Scan", "Parent Relationship": "Outer", "Parallel Aware": false, "Async Capable": false, "Scan Direction": "Forward", "Index Name": "idx_badges_userid", "Relation Name": "badges", "Alias": "b", "Startup Cost": 0.29, "Total Cost": 1734.06, "Plan Rows": 79851, "Plan Width": 4, "Actual Rows": 79012, "Actual Loops": 2, "Heap Fetches": 0, "Workers": []}]}]}]}]}]}]}]}, "Planning Time": 5.68, "Triggers": [], "Execution Time": 504.129}, {"Plan": {"Node Type": "Aggregate", "Strategy": "Plain", "Partial Mode": "Finalize", "Parallel Aware": false, "Async Capable": false, "Startup Cost": 5479435.41, "Total Cost": 5479435.42, "Plan Rows": 1, "Plan Width": 8, "Actual Rows": 1, "Actual Loops": 1, "Plans": [{"Node Type": "Gather", "Parent Relationship": "Outer", "Parallel Aware": false, "Async Capable": false, "Startup Cost": 5479435.29, "Total Cost": 5479435.4, "Plan Rows": 1, "Plan Width": 8, "Actual Rows": 2, "Actual Loops": 1, "Workers Planned": 1, "Workers Launched": 1, "Single Copy": false, "Plans": [{"Node Type": "Aggregate", "Strategy": "Plain", "Partial Mode": "Partial", "Parent Relationship": "Outer", "Parallel Aware": false, "Async Capable": false, "Startup Cost": 5478435.29, "Total Cost": 5478435.3, "Plan Rows": 1, "Plan Width": 8, "Actual Rows": 1, "Actual Loops": 2, "Workers": [], "Plans": [{"Node Type": "Merge Join", "Parent Relationship": "Outer", "Parallel Aware": false, "Async Capable": false, "Join Type": "Inner", "Startup Cost": 12057.12, "Total Cost": 113761.17, "Plan Rows": 2145869650, "Plan Width": 0, "Actual Rows": 1017305, "Actual Loops": 2, "Inner Unique": false, "Merge Cond": "(c.userid = u.id)", "Workers": [], "Plans": [{"Node Type": "Index Scan", "Parent Relationship": "Outer", "Parallel Aware": true, "Async Capable": false, "Scan Direction": "Forward", "Index Name": "idx_comments_userid", "Relation Name": "comments", "Alias": "c", "Startup Cost": 0.29, "Total Cost": 7618.14, "Plan Rows": 79188, "Plan Width": 4, "Actual Rows": 66038, "Actual Loops": 2, "Filter": "((creationdate >= '2010-07-20 10:52:57'::timestamp without time zone) AND (score = 0))", "Rows Removed by Filter": 19402, "Workers": []}, {"Node Type": "Materialize", "Parent Relationship": "Inner", "Parallel Aware": false, "Async Capable": false, "Startup Cost": 12055.15, "Total Cost": 26046.22, "Plan Rows": 3023471, "Plan Width": 12, "Actual Rows": 1071456, "Actual Loops": 2, "Workers": [], "Plans": [{"Node Type": "Merge Join", "Parent Relationship": "Outer", "Parallel Aware": false, "Async Capable": false, "Join Type": "Inner", "Startup Cost": 12055.15, "Total Cost": 18487.54, "Plan Rows": 3023471, "Plan Width": 12, "Actual Rows": 103411, "Actual Loops": 2, "Inner Unique": false, "Merge Cond": "(u.id = b.userid)", "Workers": [], "Plans": [{"Node Type": "Merge Join", "Parent Relationship": "Outer", "Parallel Aware": false, "Async Capable": false, "Join Type": "Inner", "Startup Cost": 12054.7, "Total Cost": 14894.21, "Plan Rows": 57738, "Plan Width": 8, "Actual Rows": 16892, "Actual Loops": 2, "Inner Unique": false, "Merge Cond": "(u.id = ph.userid)", "Workers": [], "Plans": [{"Node Type": "Index Scan", "Parent Relationship": "Outer", "Parallel Aware": false, "Async Capable": false, "Scan Direction": "Forward", "Index Name": "users_pkey", "Relation Name": "users", "Alias": "u", "Startup Cost": 0.29, "Total Cost": 1861.23, "Plan Rows": 38028, "Plan Width": 4, "Actual Rows": 38069, "Actual Loops": 2, "Filter": "((reputation >= 1) AND (reputation <= 356) AND (downvotes <= 34) AND (creationdate >= '2010-07-19 21:29:29'::timestamp without time zone) AND (creationdate <= '2014-08-20 14:31:46'::timestamp without time zone))", "Rows Removed by Filter": 2256, "Workers": []}, {"Node Type": "Sort", "Parent Relationship": "Inner", "Parallel Aware": false, "Async Capable": false, "Startup Cost": 12054.41, "Total Cost": 12218.93, "Plan Rows": 65808, "Plan Width": 4, "Actual Rows": 65177, "Actual Loops": 2, "Sort Key": ["ph.userid"], "Sort Method": "quicksort", "Sort Space Used": 3073, "Sort Space Type": "Memory", "Workers": [{"Worker Number": 0, "Sort Method": "quicksort", "Sort Space Used": 3073, "Sort Space Type": "Memory"}], "Plans": [{"Node Type": "Seq Scan", "Parent Relationship": "Outer", "Parallel Aware": false, "Async Capable": false, "Relation Name": "posthistory", "Alias": "ph", "Startup Cost": 0.0, "Total Cost": 6787.8, "Plan Rows": 65808, "Plan Width": 4, "Actual Rows": 66005, "Actual Loops": 2, "Filter": "((creationdate >= '2011-01-31 15:35:37'::timestamp without time zone) AND (posthistorytypeid = 5))", "Rows Removed by Filter": 237182, "Workers": []}]}]}, {"Node Type": "Materialize", "Parent Relationship": "Inner", "Parallel Aware": false, "Async Capable": false, "Startup Cost": 0.29, "Total Cost": 1933.68, "Plan Rows": 79851, "Plan Width": 4, "Actual Rows": 154028, "Actual Loops": 2, "Workers": [], "Plans": [{"Node Type": "Index Only Scan", "Parent Relationship": "Outer", "Parallel Aware": false, "Async Capable": false, "Scan Direction": "Forward", "Index Name": "idx_badges_userid", "Relation Name": "badges", "Alias": "b", "Startup Cost": 0.29, "Total Cost": 1734.06, "Plan Rows": 79851, "Plan Width": 4, "Actual Rows": 79012, "Actual Loops": 2, "Heap Fetches": 0, "Workers": []}]}]}]}]}]}]}]}, "Planning Time": 6.429, "Triggers": [], "Execution Time": 292.856}, {"Plan": {"Node Type": "Aggregate", "Strategy": "Plain", "Partial Mode": "Finalize", "Parallel Aware": false, "Async Capable": false, "Startup Cost": 5666955.27, "Total Cost": 5666955.28, "Plan Rows": 1, "Plan Width": 8, "Actual Rows": 1, "Actual Loops": 1, "Plans": [{"Node Type": "Gather", "Parent Relationship": "Outer", "Parallel Aware": false, "Async Capable": false, "Startup Cost": 5666955.16, "Total Cost": 5666955.27, "Plan Rows": 1, "Plan Width": 8, "Actual Rows": 2, "Actual Loops": 1, "Workers Planned": 1, "Workers Launched": 1, "Single Copy": false, "Plans": [{"Node Type": "Aggregate", "Strategy": "Plain", "Partial Mode": "Partial", "Parent Relationship": "Outer", "Parallel Aware": false, "Async Capable": false, "Startup Cost": 5665955.16, "Total Cost": 5665955.17, "Plan Rows": 1, "Plan Width": 8, "Actual Rows": 1, "Actual Loops": 2, "Workers": [], "Plans": [{"Node Type": "Nested Loop", "Parent Relationship": "Outer", "Parallel Aware": false, "Async Capable": false, "Join Type": "Inner", "Startup Cost": 1.33, "Total Cost": 301281.03, "Plan Rows": 2145869650, "Plan Width": 0, "Actual Rows": 1017305, "Actual Loops": 2, "Inner Unique": false, "Workers": [], "Plans": [{"Node Type": "Nested Loop", "Parent Relationship": "Outer", "Parallel Aware": false, "Async Capable": false, "Join Type": "Inner", "Startup Cost": 1.02, "Total Cost": 28273.48, "Plan Rows": 1778512, "Plan Width": 12, "Actual Rows": 51706, "Actual Loops": 2, "Inner Unique": false, "Join Filter": "(b.userid = u.id)", "Rows Removed by Join Filter": 0, "Workers": [], "Plans": [{"Node Type": "Nested Loop", "Parent Relationship": "Outer", "Parallel Aware": false, "Async Capable": false, "Join Type": "Inner", "Startup Cost": 0.72, "Total Cost": 19431.61, "Plan Rows": 33964, "Plan Width": 8, "Actual Rows": 8446, "Actual Loops": 2, "Inner Unique": true, "Workers": [], "Plans": [{"Node Type": "Index Scan", "Parent Relationship": "Outer", "Parallel Aware": true, "Async Capable": false, "Scan Direction": "Forward", "Index Name": "idx_posthistory_userid", "Relation Name": "posthistory", "Alias": "ph", "Startup Cost": 0.42, "Total Cost": 11735.34, "Plan Rows": 38711, "Plan Width": 4, "Actual Rows": 33002, "Actual Loops": 2, "Filter": "((creationdate >= '2011-01-31 15:35:37'::timestamp without time zone) AND (posthistorytypeid = 5))", "Rows Removed by Filter": 118591, "Workers": []}, {"Node Type": "Memoize", "Parent Relationship": "Inner", "Parallel Aware": false, "Async Capable": false, "Startup Cost": 0.3, "Total Cost": 0.35, "Plan Rows": 1, "Plan Width": 4, "Actual Rows": 0, "Actual Loops": 66005, "Cache Key": "ph.userid", "Cache Mode": "logical", "Cache Hits": 34096, "Cache Misses": 3693, "Cache Evictions": 0, "Cache Overflows": 0, "Peak Memory Usage": 358, "Workers": [{"Worker Number": 0, "Cache Hits": 24438, "Cache Misses": 3778, "Cache Evictions": 0, "Cache Overflows": 0, "Peak Memory Usage": 368}], "Plans": [{"Node Type": "Index Scan", "Parent Relationship": "Outer", "Parallel Aware": false, "Async Capable": false, "Scan Direction": "Forward", "Index Name": "users_pkey", "Relation Name": "users", "Alias": "u", "Startup Cost": 0.29, "Total Cost": 0.34, "Plan Rows": 1, "Plan Width": 4, "Actual Rows": 1, "Actual Loops": 7471, "Index Cond": "(id = ph.userid)", "Rows Removed by Index Recheck": 0, "Filter": "((reputation >= 1) AND (reputation <= 356) AND (downvotes <= 34) AND (creationdate >= '2010-07-19 21:29:29'::timestamp without time zone) AND (creationdate <= '2014-08-20 14:31:46'::timestamp without time zone))", "Rows Removed by Filter": 0, "Workers": []}]}]}, {"Node Type": "Memoize", "Parent Relationship": "Inner", "Parallel Aware": false, "Async Capable": false, "Startup Cost": 0.3, "Total Cost": 0.36, "Plan Rows": 3, "Plan Width": 4, "Actual Rows": 6, "Actual Loops": 16892, "Cache Key": "ph.userid", "Cache Mode": "logical", "Cache Hits": 5092, "Cache Misses": 3207, "Cache Evictions": 0, "Cache Overflows": 0, "Peak Memory Usage": 706, "Workers": [{"Worker Number": 0, "Cache Hits": 5265, "Cache Misses": 3328, "Cache Evictions": 0, "Cache Overflows": 0, "Peak Memory Usage": 728}], "Plans": [{"Node Type": "Index Only Scan", "Parent Relationship": "Outer", "Parallel Aware": false, "Async Capable": false, "Scan Direction": "Forward", "Index Name": "idx_badges_userid", "Relation Name": "badges", "Alias": "b", "Startup Cost": 0.29, "Total Cost": 0.35, "Plan Rows": 3, "Plan Width": 4, "Actual Rows": 4, "Actual Loops": 6535, "Index Cond": "(userid = ph.userid)", "Rows Removed by Index Recheck": 0, "Heap Fetches": 0, "Workers": []}]}]}, {"Node Type": "Memoize", "Parent Relationship": "Inner", "Parallel Aware": false, "Async Capable": false, "Startup Cost": 0.3, "Total Cost": 0.76, "Plan Rows": 10, "Plan Width": 4, "Actual Rows": 20, "Actual Loops": 103411, "Cache Key": "u.id", "Cache Mode": "logical", "Cache Hits": 47483, "Cache Misses": 3207, "Cache Evictions": 0, "Cache Overflows": 0, "Peak Memory Usage": 784, "Workers": [{"Worker Number": 0, "Cache Hits": 49393, "Cache Misses": 3328, "Cache Evictions": 0, "Cache Overflows": 0, "Peak Memory Usage": 792}], "Plans": [{"Node Type": "Index Scan", "Parent Relationship": "Outer", "Parallel Aware": false, "Async Capable": false, "Scan Direction": "Forward", "Index Name": "idx_comments_userid", "Relation Name": "comments", "Alias": "c", "Startup Cost": 0.29, "Total Cost": 0.75, "Plan Rows": 10, "Plan Width": 4, "Actual Rows": 5, "Actual Loops": 6535, "Index Cond": "(userid = u.id)", "Rows Removed by Index Recheck": 0, "Filter": "((creationdate >= '2010-07-20 10:52:57'::timestamp without time zone) AND (score = 0))", "Rows Removed by Filter": 0, "Workers": []}]}]}]}]}]}, "Planning Time": 4.371, "Triggers": [], "Execution Time": 296.381}, {"Plan": {"Node Type": "Aggregate", "Strategy": "Plain", "Partial Mode": "Finalize", "Parallel Aware": false, "Async Capable": false, "Startup Cost": 5660135.11, "Total Cost": 5660135.12, "Plan Rows": 1, "Plan Width": 8, "Actual Rows": 1, "Actual Loops": 1, "Plans": [{"Node Type": "Gather", "Parent Relationship": "Outer", "Parallel Aware": false, "Async Capable": false, "Startup Cost": 5660135.0, "Total Cost": 5660135.11, "Plan Rows": 1, "Plan Width": 8, "Actual Rows": 2, "Actual Loops": 1, "Workers Planned": 1, "Workers Launched": 1, "Single Copy": false, "Plans": [{"Node Type": "Aggregate", "Strategy": "Plain", "Partial Mode": "Partial", "Parent Relationship": "Outer", "Parallel Aware": false, "Async Capable": false, "Startup Cost": 5659135.0, "Total Cost": 5659135.01, "Plan Rows": 1, "Plan Width": 8, "Actual Rows": 1, "Actual Loops": 2, "Workers": [], "Plans": [{"Node Type": "Nested Loop", "Parent Relationship": "Outer", "Parallel Aware": false, "Async Capable": false, "Join Type": "Inner", "Startup Cost": 0.91, "Total Cost": 294460.87, "Plan Rows": 2145869650, "Plan Width": 0, "Actual Rows": 1017305, "Actual Loops": 2, "Inner Unique": false, "Workers": [], "Plans": [{"Node Type": "Nested Loop", "Parent Relationship": "Outer", "Parallel Aware": false, "Async Capable": false, "Join Type": "Inner", "Startup Cost": 0.6, "Total Cost": 21453.32, "Plan Rows": 1778512, "Plan Width": 12, "Actual Rows": 51706, "Actual Loops": 2, "Inner Unique": false, "Join Filter": "(b.userid = u.id)", "Rows Removed by Join Filter": 0, "Workers": [], "Plans": [{"Node Type": "Nested Loop", "Parent Relationship": "Outer", "Parallel Aware": false, "Async Capable": false, "Join Type": "Inner", "Startup Cost": 0.3, "Total Cost": 12611.45, "Plan Rows": 33964, "Plan Width": 8, "Actual Rows": 8446, "Actual Loops": 2, "Inner Unique": true, "Workers": [], "Plans": [{"Node Type": "Seq Scan", "Parent Relationship": "Outer", "Parallel Aware": true, "Async Capable": false, "Relation Name": "posthistory", "Alias": "ph", "Startup Cost": 0.0, "Total Cost": 4915.18, "Plan Rows": 38711, "Plan Width": 4, "Actual Rows": 33002, "Actual Loops": 2, "Filter": "((creationdate >= '2011-01-31 15:35:37'::timestamp without time zone) AND (posthistorytypeid = 5))", "Rows Removed by Filter": 118591, "Workers": []}, {"Node Type": "Memoize", "Parent Relationship": "Inner", "Parallel Aware": false, "Async Capable": false, "Startup Cost": 0.3, "Total Cost": 0.35, "Plan Rows": 1, "Plan Width": 4, "Actual Rows": 0, "Actual Loops": 66005, "Cache Key": "ph.userid", "Cache Mode": "logical", "Cache Hits": 30181, "Cache Misses": 5126, "Cache Evictions": 0, "Cache Overflows": 0, "Peak Memory Usage": 492, "Workers": [{"Worker Number": 0, "Cache Hits": 25978, "Cache Misses": 4720, "Cache Evictions": 0, "Cache Overflows": 0, "Peak Memory Usage": 454}], "Plans": [{"Node Type": "Index Scan", "Parent Relationship": "Outer", "Parallel Aware": false, "Async Capable": false, "Scan Direction": "Forward", "Index Name": "users_pkey", "Relation Name": "users", "Alias": "u", "Startup Cost": 0.29, "Total Cost": 0.34, "Plan Rows": 1, "Plan Width": 4, "Actual Rows": 1, "Actual Loops": 9846, "Index Cond": "(id = ph.userid)", "Rows Removed by Index Recheck": 0, "Filter": "((reputation >= 1) AND (reputation <= 356) AND (downvotes <= 34) AND (creationdate >= '2010-07-19 21:29:29'::timestamp without time zone) AND (creationdate <= '2014-08-20 14:31:46'::timestamp without time zone))", "Rows Removed by Filter": 0, "Workers": []}]}]}, {"Node Type": "Memoize", "Parent Relationship": "Inner", "Parallel Aware": false, "Async Capable": false, "Startup Cost": 0.3, "Total Cost": 0.36, "Plan Rows": 3, "Plan Width": 4, "Actual Rows": 6, "Actual Loops": 16892, "Cache Key": "ph.userid", "Cache Mode": "logical", "Cache Hits": 4496, "Cache Misses": 4305, "Cache Evictions": 0, "Cache Overflows": 0, "Peak Memory Usage": 1011, "Workers": [{"Worker Number": 0, "Cache Hits": 4117, "Cache Misses": 3974, "Cache Evictions": 0, "Cache Overflows": 0, "Peak Memory Usage": 929}], "Plans": [{"Node Type": "Index Only Scan", "Parent Relationship": "Outer", "Parallel Aware": false, "Async Capable": false, "Scan Direction": "Forward", "Index Name": "idx_badges_userid", "Relation Name": "badges", "Alias": "b", "Startup Cost": 0.29, "Total Cost": 0.35, "Plan Rows": 3, "Plan Width": 4, "Actual Rows": 5, "Actual Loops": 8279, "Index Cond": "(userid = ph.userid)", "Rows Removed by Index Recheck": 0, "Heap Fetches": 0, "Workers": []}]}]}, {"Node Type": "Memoize", "Parent Relationship": "Inner", "Parallel Aware": false, "Async Capable": false, "Startup Cost": 0.3, "Total Cost": 0.76, "Plan Rows": 10, "Plan Width": 4, "Actual Rows": 20, "Actual Loops": 103411, "Cache Key": "u.id", "Cache Mode": "logical", "Cache Hits": 49743, "Cache Misses": 4305, "Cache Evictions": 0, "Cache Overflows": 0, "Peak Memory Usage": 1194, "Workers": [{"Worker Number": 0, "Cache Hits": 45389, "Cache Misses": 3974, "Cache Evictions": 0, "Cache Overflows": 0, "Peak Memory Usage": 1122}], "Plans": [{"Node Type": "Index Scan", "Parent Relationship": "Outer", "Parallel Aware": false, "Async Capable": false, "Scan Direction": "Forward", "Index Name": "idx_comments_userid", "Relation Name": "comments", "Alias": "c", "Startup Cost": 0.29, "Total Cost": 0.75, "Plan Rows": 10, "Plan Width": 4, "Actual Rows": 6, "Actual Loops": 8279, "Index Cond": "(userid = u.id)", "Rows Removed by Index Recheck": 0, "Filter": "((creationdate >= '2010-07-20 10:52:57'::timestamp without time zone) AND (score = 0))", "Rows Removed by Filter": 0, "Workers": []}]}]}]}]}]}, "Planning Time": 4.697, "Triggers": [], "Execution Time": 226.413}, {"Plan": {"Node Type": "Aggregate", "Strategy": "Plain", "Partial Mode": "Finalize", "Parallel Aware": false, "Async Capable": false, "Startup Cost": 5489792.55, "Total Cost": 5489792.56, "Plan Rows": 1, "Plan Width": 8, "Actual Rows": 1, "Actual Loops": 1, "Plans": [{"Node Type": "Gather", "Parent Relationship": "Outer", "Parallel Aware": false, "Async Capable": false, "Startup Cost": 5489792.44, "Total Cost": 5489792.55, "Plan Rows": 1, "Plan Width": 8, "Actual Rows": 2, "Actual Loops": 1, "Workers Planned": 1, "Workers Launched": 1, "Single Copy": false, "Plans": [{"Node Type": "Aggregate", "Strategy": "Plain", "Partial Mode": "Partial", "Parent Relationship": "Outer", "Parallel Aware": false, "Async Capable": false, "Startup Cost": 5488792.44, "Total Cost": 5488792.45, "Plan Rows": 1, "Plan Width": 8, "Actual Rows": 1, "Actual Loops": 2, "Workers": [], "Plans": [{"Node Type": "Merge Join", "Parent Relationship": "Outer", "Parallel Aware": false, "Async Capable": false, "Join Type": "Inner", "Startup Cost": 33210.62, "Total Cost": 124118.32, "Plan Rows": 2145869650, "Plan Width": 0, "Actual Rows": 1017305, "Actual Loops": 2, "Inner Unique": false, "Merge Cond": "(c.userid = u.id)", "Workers": [], "Plans": [{"Node Type": "Sort", "Parent Relationship": "Outer", "Parallel Aware": false, "Async Capable": false, "Startup Cost": 9325.11, "Total Cost": 9523.08, "Plan Rows": 79188, "Plan Width": 4, "Actual Rows": 66038, "Actual Loops": 2, "Sort Key": ["c.userid"], "Sort Method": "quicksort", "Sort Space Used": 3073, "Sort Space Type": "Memory", "Workers": [{"Worker Number": 0, "Sort Method": "quicksort", "Sort Space Used": 769, "Sort Space Type": "Memory"}], "Plans": [{"Node Type": "Seq Scan", "Parent Relationship": "Outer", "Parallel Aware": true, "Async Capable": false, "Relation Name": "comments", "Alias": "c", "Startup Cost": 0.0, "Total Cost": 2881.99, "Plan Rows": 79188, "Plan Width": 4, "Actual Rows": 67395, "Actual Loops": 2, "Filter": "((creationdate >= '2010-07-20 10:52:57'::timestamp without time zone) AND (score = 0))", "Rows Removed by Filter": 19758, "Workers": []}]}, {"Node Type": "Materialize", "Parent Relationship": "Inner", "Parallel Aware": false, "Async Capable": false, "Startup Cost": 23884.11, "Total Cost": 34375.67, "Plan Rows": 3023471, "Plan Width": 12, "Actual Rows": 1040898, "Actual Loops": 2, "Workers": [], "Plans": [{"Node Type": "Merge Join", "Parent Relationship": "Outer", "Parallel Aware": false, "Async Capable": false, "Join Type": "Inner", "Startup Cost": 23884.11, "Total Cost": 26817.0, "Plan Rows": 3023471, "Plan Width": 12, "Actual Rows": 103411, "Actual Loops": 2, "Inner Unique": false, "Merge Cond": "(u.id = b.userid)", "Workers": [], "Plans": [{"Node Type": "Merge Join", "Parent Relationship": "Outer", "Parallel Aware": false, "Async Capable": false, "Join Type": "Inner", "Startup Cost": 16151.66, "Total Cost": 17225.31, "Plan Rows": 57738, "Plan Width": 8, "Actual Rows": 16892, "Actual Loops": 2, "Inner Unique": true, "Merge Cond": "(ph.userid = u.id)", "Workers": [], "Plans": [{"Node Type": "Sort", "Parent Relationship": "Outer", "Parallel Aware": false, "Async Capable": false, "Startup Cost": 12054.41, "Total Cost": 12218.93, "Plan Rows": 65808, "Plan Width": 4, "Actual Rows": 65177, "Actual Loops": 2, "Sort Key": ["ph.userid"], "Sort Method": "quicksort", "Sort Space Used": 3073, "Sort Space Type": "Memory", "Workers": [{"Worker Number": 0, "Sort Method": "quicksort", "Sort Space Used": 3073, "Sort Space Type": "Memory"}], "Plans": [{"Node Type": "Seq Scan", "Parent Relationship": "Outer", "Parallel Aware": false, "Async Capable": false, "Relation Name": "posthistory", "Alias": "ph", "Startup Cost": 0.0, "Total Cost": 6787.8, "Plan Rows": 65808, "Plan Width": 4, "Actual Rows": 66005, "Actual Loops": 2, "Filter": "((creationdate >= '2011-01-31 15:35:37'::timestamp without time zone) AND (posthistorytypeid = 5))", "Rows Removed by Filter": 237182, "Workers": []}]}, {"Node Type": "Sort", "Parent Relationship": "Inner", "Parallel Aware": false, "Async Capable": false, "Startup Cost": 4097.25, "Total Cost": 4192.32, "Plan Rows": 38028, "Plan Width": 4, "Actual Rows": 38069, "Actual Loops": 2, "Sort Key": ["u.id"], "Sort Method": "quicksort", "Sort Space Used": 1537, "Sort Space Type": "Memory", "Workers": [{"Worker Number": 0, "Sort Method": "quicksort", "Sort Space Used": 1537, "Sort Space Type": "Memory"}], "Plans": [{"Node Type": "Seq Scan", "Parent Relationship": "Outer", "Parallel Aware": false, "Async Capable": false, "Relation Name": "users", "Alias": "u", "Startup Cost": 0.0, "Total Cost": 1204.31, "Plan Rows": 38028, "Plan Width": 4, "Actual Rows": 38069, "Actual Loops": 2, "Filter": "((reputation >= 1) AND (reputation <= 356) AND (downvotes <= 34) AND (creationdate >= '2010-07-19 21:29:29'::timestamp without time zone) AND (creationdate <= '2014-08-20 14:31:46'::timestamp without time zone))", "Rows Removed by Filter": 2256, "Workers": []}]}]}, {"Node Type": "Sort", "Parent Relationship": "Inner", "Parallel Aware": false, "Async Capable": false, "Startup Cost": 7732.39, "Total Cost": 7932.01, "Plan Rows": 79851, "Plan Width": 4, "Actual Rows": 154028, "Actual Loops": 2, "Sort Key": ["b.userid"], "Sort Method": "quicksort", "Sort Space Used": 3073, "Sort Space Type": "Memory", "Workers": [{"Worker Number": 0, "Sort Method": "quicksort", "Sort Space Used": 3073, "Sort Space Type": "Memory"}], "Plans": [{"Node Type": "Seq Scan", "Parent Relationship": "Outer", "Parallel Aware": false, "Async Capable": false, "Relation Name": "badges", "Alias": "b", "Startup Cost": 0.0, "Total Cost": 1230.51, "Plan Rows": 79851, "Plan Width": 4, "Actual Rows": 79851, "Actual Loops": 2, "Workers": []}]}]}]}]}]}]}]}, "Planning Time": 3.019, "Triggers": [], "Execution Time": 258.636}, {"Plan": {"Node Type": "Aggregate", "Strategy": "Plain", "Partial Mode": "Finalize", "Parallel Aware": false, "Async Capable": false, "Startup Cost": 5922452.07, "Total Cost": 5922452.08, "Plan Rows": 1, "Plan Width": 8, "Actual Rows": 1, "Actual Loops": 1, "Plans": [{"Node Type": "Gather", "Parent Relationship": "Outer", "Parallel Aware": false, "Async Capable": false, "Startup Cost": 5922451.96, "Total Cost": 5922452.07, "Plan Rows": 1, "Plan Width": 8, "Actual Rows": 2, "Actual Loops": 1, "Workers Planned": 1, "Workers Launched": 1, "Single Copy": false, "Plans": [{"Node Type": "Aggregate", "Strategy": "Plain", "Partial Mode": "Partial", "Parent Relationship": "Outer", "Parallel Aware": false, "Async Capable": false, "Startup Cost": 5921451.96, "Total Cost": 5921451.97, "Plan Rows": 1, "Plan Width": 8, "Actual Rows": 1, "Actual Loops": 2, "Workers": [], "Plans": [{"Node Type": "Nested Loop", "Parent Relationship": "Outer", "Parallel Aware": false, "Async Capable": false, "Join Type": "Inner", "Startup Cost": 1.06, "Total Cost": 556777.83, "Plan Rows": 2145869650, "Plan Width": 0, "Actual Rows": 1017305, "Actual Loops": 2, "Inner Unique": false, "Join Filter": "(c.userid = u.id)", "Rows Removed by Join Filter": 0, "Workers": [], "Plans": [{"Node Type": "Nested Loop", "Parent Relationship": "Outer", "Parallel Aware": false, "Async Capable": false, "Join Type": "Inner", "Startup Cost": 0.65, "Total Cost": 177373.43, "Plan Rows": 1778512, "Plan Width": 12, "Actual Rows": 51706, "Actual Loops": 2, "Inner Unique": false, "Join Filter": "(b.userid = u.id)", "Rows Removed by Join Filter": 0, "Workers": [], "Plans": [{"Node Type": "Nested Loop", "Parent Relationship": "Outer", "Parallel Aware": false, "Async Capable": false, "Join Type": "Inner", "Startup Cost": 0.31, "Total Cost": 90340.92, "Plan Rows": 33964, "Plan Width": 8, "Actual Rows": 8446, "Actual Loops": 2, "Inner Unique": true, "Workers": [], "Plans": [{"Node Type": "Seq Scan", "Parent Relationship": "Outer", "Parallel Aware": true, "Async Capable": false, "Relation Name": "posthistory", "Alias": "ph", "Startup Cost": 0.0, "Total Cost": 4915.18, "Plan Rows": 38711, "Plan Width": 4, "Actual Rows": 33002, "Actual Loops": 2, "Filter": "((creationdate >= '2011-01-31 15:35:37'::timestamp without time zone) AND (posthistorytypeid = 5))", "Rows Removed by Filter": 118591, "Workers": []}, {"Node Type": "Memoize", "Parent Relationship": "Inner", "Parallel Aware": false, "Async Capable": false, "Startup Cost": 0.31, "Total Cost": 4.34, "Plan Rows": 1, "Plan Width": 4, "Actual Rows": 0, "Actual Loops": 66005, "Cache Key": "ph.userid", "Cache Mode": "logical", "Cache Hits": 29938, "Cache Misses": 5048, "Cache Evictions": 0, "Cache Overflows": 0, "Peak Memory Usage": 485, "Workers": [{"Worker Number": 0, "Cache Hits": 26218, "Cache Misses": 4801, "Cache Evictions": 0, "Cache Overflows": 0, "Peak Memory Usage": 461}], "Plans": [{"Node Type": "Bitmap Heap Scan", "Parent Relationship": "Outer", "Parallel Aware": false, "Async Capable": false, "Relation Name": "users", "Alias": "u", "Startup Cost": 0.3, "Total Cost": 4.33, "Plan Rows": 1, "Plan Width": 4, "Actual Rows": 1, "Actual Loops": 9849, "Recheck Cond": "(ph.userid = id)", "Rows Removed by Index Recheck": 0, "Filter": "((reputation >= 1) AND (reputation <= 356) AND (downvotes <= 34) AND (creationdate >= '2010-07-19 21:29:29'::timestamp without time zone) AND (creationdate <= '2014-08-20 14:31:46'::timestamp without time zone))", "Rows Removed by Filter": 0, "Exact Heap Blocks": 5047, "Lossy Heap Blocks": 0, "Workers": [], "Plans": [{"Node Type": "Bitmap Index Scan", "Parent Relationship": "Outer", "Parallel Aware": false, "Async Capable": false, "Index Name": "users_pkey", "Startup Cost": 0.0, "Total Cost": 0.3, "Plan Rows": 1, "Plan Width": 0, "Actual Rows": 1, "Actual Loops": 9849, "Index Cond": "(id = ph.userid)", "Workers": []}]}]}]}, {"Node Type": "Memoize", "Parent Relationship": "Inner", "Parallel Aware": false, "Async Capable": false, "Startup Cost": 0.33, "Total Cost": 4.37, "Plan Rows": 3, "Plan Width": 4, "Actual Rows": 6, "Actual Loops": 16892, "Cache Key": "ph.userid", "Cache Mode": "logical", "Cache Hits": 4550, "Cache Misses": 4246, "Cache Evictions": 0, "Cache Overflows": 0, "Peak Memory Usage": 993, "Workers": [{"Worker Number": 0, "Cache Hits": 4068, "Cache Misses": 4028, "Cache Evictions": 0, "Cache Overflows": 0, "Peak Memory Usage": 941}], "Plans": [{"Node Type": "Bitmap Heap Scan", "Parent Relationship": "Outer", "Parallel Aware": false, "Async Capable": false, "Relation Name": "badges", "Alias": "b", "Startup Cost": 0.32, "Total Cost": 4.36, "Plan Rows": 3, "Plan Width": 4, "Actual Rows": 5, "Actual Loops": 8274, "Recheck Cond": "(ph.userid = userid)", "Rows Removed by Index Recheck": 0, "Exact Heap Blocks": 14161, "Lossy Heap Blocks": 0, "Workers": [], "Plans": [{"Node Type": "Bitmap Index Scan", "Parent Relationship": "Outer", "Parallel Aware": false, "Async Capable": false, "Index Name": "idx_badges_userid", "Startup Cost": 0.0, "Total Cost": 0.32, "Plan Rows": 3, "Plan Width": 0, "Actual Rows": 5, "Actual Loops": 8274, "Index Cond": "(userid = ph.userid)", "Workers": []}]}]}]}, {"Node Type": "Memoize", "Parent Relationship": "Inner", "Parallel Aware": false, "Async Capable": false, "Startup Cost": 0.42, "Total Cost": 4.64, "Plan Rows": 10, "Plan Width": 4, "Actual Rows": 20, "Actual Loops": 103411, "Cache Key": "ph.userid", "Cache Mode": "logical", "Cache Hits": 49642, "Cache Misses": 4246, "Cache Evictions": 0, "Cache Overflows": 0, "Peak Memory Usage": 1176, "Workers": [{"Worker Number": 0, "Cache Hits": 45495, "Cache Misses": 4028, "Cache Evictions": 0, "Cache Overflows": 0, "Peak Memory Usage": 1123}], "Plans": [{"Node Type": "Bitmap Heap Scan", "Parent Relationship": "Outer", "Parallel Aware": false, "Async Capable": false, "Relation Name": "comments", "Alias": "c", "Startup Cost": 0.41, "Total Cost": 4.63, "Plan Rows": 10, "Plan Width": 4, "Actual Rows": 6, "Actual Loops": 8274, "Recheck Cond": "(userid = ph.userid)", "Rows Removed by Index Recheck": 0, "Filter": "((creationdate >= '2010-07-20 10:52:57'::timestamp without time zone) AND (score = 0))", "Rows Removed by Filter": 0, "Exact Heap Blocks": 15066, "Lossy Heap Blocks": 0, "Workers": [], "Plans": [{"Node Type": "Bitmap Index Scan", "Parent Relationship": "Outer", "Parallel Aware": false, "Async Capable": false, "Index Name": "idx_comments_userid", "Startup Cost": 0.0, "Total Cost": 0.4, "Plan Rows": 13, "Plan Width": 0, "Actual Rows": 6, "Actual Loops": 8274, "Index Cond": "(userid = ph.userid)", "Workers": []}]}]}]}]}]}]}, "Planning Time": 4.576, "Triggers": [], "Execution Time": 306.638}, {"Plan": {"Node Type": "Aggregate", "Strategy": "Plain", "Partial Mode": "Finalize", "Parallel Aware": false, "Async Capable": false, "Startup Cost": 5481019.31, "Total Cost": 5481019.32, "Plan Rows": 1, "Plan Width": 8, "Actual Rows": 1, "Actual Loops": 1, "Plans": [{"Node Type": "Gather", "Parent Relationship": "Outer", "Parallel Aware": false, "Async Capable": false, "Startup Cost": 5481019.19, "Total Cost": 5481019.3, "Plan Rows": 1, "Plan Width": 8, "Actual Rows": 2, "Actual Loops": 1, "Workers Planned": 1, "Workers Launched": 1, "Single Copy": false, "Plans": [{"Node Type": "Aggregate", "Strategy": "Plain", "Partial Mode": "Partial", "Parent Relationship": "Outer", "Parallel Aware": false, "Async Capable": false, "Startup Cost": 5480019.19, "Total Cost": 5480019.2, "Plan Rows": 1, "Plan Width": 8, "Actual Rows": 1, "Actual Loops": 2, "Workers": [], "Plans": [{"Node Type": "Merge Join", "Parent Relationship": "Outer", "Parallel Aware": false, "Async Capable": false, "Join Type": "Inner", "Startup Cost": 4.87, "Total Cost": 115345.07, "Plan Rows": 2145869650, "Plan Width": 0, "Actual Rows": 1017305, "Actual Loops": 2, "Inner Unique": false, "Merge Cond": "(c.userid = u.id)", "Workers": [], "Plans": [{"Node Type": "Index Scan", "Parent Relationship": "Outer", "Parallel Aware": true, "Async Capable": false, "Scan Direction": "Forward", "Index Name": "idx_comments_userid", "Relation Name": "comments", "Alias": "c", "Startup Cost": 0.29, "Total Cost": 7618.14, "Plan Rows": 79188, "Plan Width": 4, "Actual Rows": 66038, "Actual Loops": 2, "Filter": "((creationdate >= '2010-07-20 10:52:57'::timestamp without time zone) AND (score = 0))", "Rows Removed by Filter": 19402, "Workers": []}, {"Node Type": "Materialize", "Parent Relationship": "Inner", "Parallel Aware": false, "Async Capable": false, "Startup Cost": 1.81, "Total Cost": 27630.12, "Plan Rows": 3023471, "Plan Width": 12, "Actual Rows": 1071456, "Actual Loops": 2, "Workers": [], "Plans": [{"Node Type": "Merge Join", "Parent Relationship": "Outer", "Parallel Aware": false, "Async Capable": false, "Join Type": "Inner", "Startup Cost": 1.81, "Total Cost": 20071.44, "Plan Rows": 3023471, "Plan Width": 12, "Actual Rows": 103411, "Actual Loops": 2, "Inner Unique": false, "Merge Cond": "(u.id = b.userid)", "Workers": [], "Plans": [{"Node Type": "Merge Join", "Parent Relationship": "Outer", "Parallel Aware": false, "Async Capable": false, "Join Type": "Inner", "Startup Cost": 0.71, "Total Cost": 15347.05, "Plan Rows": 57738, "Plan Width": 8, "Actual Rows": 16892, "Actual Loops": 2, "Inner Unique": true, "Merge Cond": "(ph.userid = u.id)", "Workers": [], "Plans": [{"Node Type": "Index Scan", "Parent Relationship": "Outer", "Parallel Aware": false, "Async Capable": false, "Scan Direction": "Forward", "Index Name": "idx_posthistory_userid", "Relation Name": "posthistory", "Alias": "ph", "Startup Cost": 0.42, "Total Cost": 13607.96, "Plan Rows": 65808, "Plan Width": 4, "Actual Rows": 65177, "Actual Loops": 2, "Filter": "((creationdate >= '2011-01-31 15:35:37'::timestamp without time zone) AND (posthistorytypeid = 5))", "Rows Removed by Filter": 214557, "Workers": []}, {"Node Type": "Index Scan", "Parent Relationship": "Inner", "Parallel Aware": false, "Async Capable": false, "Scan Direction": "Forward", "Index Name": "users_pkey", "Relation Name": "users", "Alias": "u", "Startup Cost": 0.29, "Total Cost": 1861.23, "Plan Rows": 38028, "Plan Width": 4, "Actual Rows": 38069, "Actual Loops": 2, "Filter": "((reputation >= 1) AND (reputation <= 356) AND (downvotes <= 34) AND (creationdate >= '2010-07-19 21:29:29'::timestamp without time zone) AND (creationdate <= '2014-08-20 14:31:46'::timestamp without time zone))", "Rows Removed by Filter": 2256, "Workers": []}]}, {"Node Type": "Materialize", "Parent Relationship": "Inner", "Parallel Aware": false, "Async Capable": false, "Startup Cost": 0.29, "Total Cost": 3064.97, "Plan Rows": 79851, "Plan Width": 4, "Actual Rows": 154028, "Actual Loops": 2, "Workers": [], "Plans": [{"Node Type": "Index Scan", "Parent Relationship": "Outer", "Parallel Aware": false, "Async Capable": false, "Scan Direction": "Forward", "Index Name": "idx_badges_userid", "Relation Name": "badges", "Alias": "b", "Startup Cost": 0.29, "Total Cost": 2865.34, "Plan Rows": 79851, "Plan Width": 4, "Actual Rows": 79012, "Actual Loops": 2, "Workers": []}]}]}]}]}]}]}]}, "Planning Time": 5.782, "Triggers": [], "Execution Time": 596.852}, {"Plan": {"Node Type": "Aggregate", "Strategy": "Plain", "Partial Mode": "Finalize", "Parallel Aware": false, "Async Capable": false, "Startup Cost": 5480566.69, "Total Cost": 5480566.7, "Plan Rows": 1, "Plan Width": 8, "Actual Rows": 1, "Actual Loops": 1, "Plans": [{"Node Type": "Gather", "Parent Relationship": "Outer", "Parallel Aware": false, "Async Capable": false, "Startup Cost": 5480566.58, "Total Cost": 5480566.69, "Plan Rows": 1, "Plan Width": 8, "Actual Rows": 2, "Actual Loops": 1, "Workers Planned": 1, "Workers Launched": 1, "Single Copy": false, "Plans": [{"Node Type": "Aggregate", "Strategy": "Plain", "Partial Mode": "Partial", "Parent Relationship": "Outer", "Parallel Aware": false, "Async Capable": false, "Startup Cost": 5479566.58, "Total Cost": 5479566.59, "Plan Rows": 1, "Plan Width": 8, "Actual Rows": 1, "Actual Loops": 2, "Workers": [], "Plans": [{"Node Type": "Merge Join", "Parent Relationship": "Outer", "Parallel Aware": false, "Async Capable": false, "Join Type": "Inner", "Startup Cost": 12057.21, "Total Cost": 114892.45, "Plan Rows": 2145869650, "Plan Width": 0, "Actual Rows": 1017305, "Actual Loops": 2, "Inner Unique": false, "Merge Cond": "(c.userid = u.id)", "Workers": [], "Plans": [{"Node Type": "Index Scan", "Parent Relationship": "Outer", "Parallel Aware": true, "Async Capable": false, "Scan Direction": "Forward", "Index Name": "idx_comments_userid", "Relation Name": "comments", "Alias": "c", "Startup Cost": 0.29, "Total Cost": 7618.14, "Plan Rows": 79188, "Plan Width": 4, "Actual Rows": 66038, "Actual Loops": 2, "Filter": "((creationdate >= '2010-07-20 10:52:57'::timestamp without time zone) AND (score = 0))", "Rows Removed by Filter": 19402, "Workers": []}, {"Node Type": "Materialize", "Parent Relationship": "Inner", "Parallel Aware": false, "Async Capable": false, "Startup Cost": 12055.15, "Total Cost": 27177.51, "Plan Rows": 3023471, "Plan Width": 12, "Actual Rows": 1071456, "Actual Loops": 2, "Workers": [], "Plans": [{"Node Type": "Merge Join", "Parent Relationship": "Outer", "Parallel Aware": false, "Async Capable": false, "Join Type": "Inner", "Startup Cost": 12055.15, "Total Cost": 19618.83, "Plan Rows": 3023471, "Plan Width": 12, "Actual Rows": 103411, "Actual Loops": 2, "Inner Unique": false, "Merge Cond": "(u.id = b.userid)", "Workers": [], "Plans": [{"Node Type": "Merge Join", "Parent Relationship": "Outer", "Parallel Aware": false, "Async Capable": false, "Join Type": "Inner", "Startup Cost": 12054.7, "Total Cost": 14894.21, "Plan Rows": 57738, "Plan Width": 8, "Actual Rows": 16892, "Actual Loops": 2, "Inner Unique": false, "Merge Cond": "(u.id = ph.userid)", "Workers": [], "Plans": [{"Node Type": "Index Scan", "Parent Relationship": "Outer", "Parallel Aware": false, "Async Capable": false, "Scan Direction": "Forward", "Index Name": "users_pkey", "Relation Name": "users", "Alias": "u", "Startup Cost": 0.29, "Total Cost": 1861.23, "Plan Rows": 38028, "Plan Width": 4, "Actual Rows": 38069, "Actual Loops": 2, "Filter": "((reputation >= 1) AND (reputation <= 356) AND (downvotes <= 34) AND (creationdate >= '2010-07-19 21:29:29'::timestamp without time zone) AND (creationdate <= '2014-08-20 14:31:46'::timestamp without time zone))", "Rows Removed by Filter": 2256, "Workers": []}, {"Node Type": "Sort", "Parent Relationship": "Inner", "Parallel Aware": false, "Async Capable": false, "Startup Cost": 12054.41, "Total Cost": 12218.93, "Plan Rows": 65808, "Plan Width": 4, "Actual Rows": 65177, "Actual Loops": 2, "Sort Key": ["ph.userid"], "Sort Method": "quicksort", "Sort Space Used": 3073, "Sort Space Type": "Memory", "Workers": [{"Worker Number": 0, "Sort Method": "quicksort", "Sort Space Used": 3073, "Sort Space Type": "Memory"}], "Plans": [{"Node Type": "Seq Scan", "Parent Relationship": "Outer", "Parallel Aware": false, "Async Capable": false, "Relation Name": "posthistory", "Alias": "ph", "Startup Cost": 0.0, "Total Cost": 6787.8, "Plan Rows": 65808, "Plan Width": 4, "Actual Rows": 66005, "Actual Loops": 2, "Filter": "((creationdate >= '2011-01-31 15:35:37'::timestamp without time zone) AND (posthistorytypeid = 5))", "Rows Removed by Filter": 237182, "Workers": []}]}]}, {"Node Type": "Materialize", "Parent Relationship": "Inner", "Parallel Aware": false, "Async Capable": false, "Startup Cost": 0.29, "Total Cost": 3064.97, "Plan Rows": 79851, "Plan Width": 4, "Actual Rows": 154028, "Actual Loops": 2, "Workers": [], "Plans": [{"Node Type": "Index Scan", "Parent Relationship": "Outer", "Parallel Aware": false, "Async Capable": false, "Scan Direction": "Forward", "Index Name": "idx_badges_userid", "Relation Name": "badges", "Alias": "b", "Startup Cost": 0.29, "Total Cost": 2865.34, "Plan Rows": 79851, "Plan Width": 4, "Actual Rows": 79012, "Actual Loops": 2, "Workers": []}]}]}]}]}]}]}]}, "Planning Time": 4.405, "Triggers": [], "Execution Time": 356.204}, {"Plan": {"Node Type": "Aggregate", "Strategy": "Plain", "Partial Mode": "Finalize", "Parallel Aware": false, "Async Capable": false, "Startup Cost": 5667467.5, "Total Cost": 5667467.51, "Plan Rows": 1, "Plan Width": 8, "Actual Rows": 1, "Actual Loops": 1, "Plans": [{"Node Type": "Gather", "Parent Relationship": "Outer", "Parallel Aware": false, "Async Capable": false, "Startup Cost": 5667467.39, "Total Cost": 5667467.5, "Plan Rows": 1, "Plan Width": 8, "Actual Rows": 2, "Actual Loops": 1, "Workers Planned": 1, "Workers Launched": 1, "Single Copy": false, "Plans": [{"Node Type": "Aggregate", "Strategy": "Plain", "Partial Mode": "Partial", "Parent Relationship": "Outer", "Parallel Aware": false, "Async Capable": false, "Startup Cost": 5666467.39, "Total Cost": 5666467.4, "Plan Rows": 1, "Plan Width": 8, "Actual Rows": 1, "Actual Loops": 2, "Workers": [], "Plans": [{"Node Type": "Nested Loop", "Parent Relationship": "Outer", "Parallel Aware": false, "Async Capable": false, "Join Type": "Inner", "Startup Cost": 1.33, "Total Cost": 301793.26, "Plan Rows": 2145869650, "Plan Width": 0, "Actual Rows": 1017305, "Actual Loops": 2, "Inner Unique": false, "Workers": [], "Plans": [{"Node Type": "Nested Loop", "Parent Relationship": "Outer", "Parallel Aware": false, "Async Capable": false, "Join Type": "Inner", "Startup Cost": 1.02, "Total Cost": 28785.71, "Plan Rows": 1778512, "Plan Width": 12, "Actual Rows": 51706, "Actual Loops": 2, "Inner Unique": false, "Join Filter": "(b.userid = u.id)", "Rows Removed by Join Filter": 0, "Workers": [], "Plans": [{"Node Type": "Nested Loop", "Parent Relationship": "Outer", "Parallel Aware": false, "Async Capable": false, "Join Type": "Inner", "Startup Cost": 0.72, "Total Cost": 19431.61, "Plan Rows": 33964, "Plan Width": 8, "Actual Rows": 8446, "Actual Loops": 2, "Inner Unique": true, "Workers": [], "Plans": [{"Node Type": "Index Scan", "Parent Relationship": "Outer", "Parallel Aware": true, "Async Capable": false, "Scan Direction": "Forward", "Index Name": "idx_posthistory_userid", "Relation Name": "posthistory", "Alias": "ph", "Startup Cost": 0.42, "Total Cost": 11735.34, "Plan Rows": 38711, "Plan Width": 4, "Actual Rows": 33002, "Actual Loops": 2, "Filter": "((creationdate >= '2011-01-31 15:35:37'::timestamp without time zone) AND (posthistorytypeid = 5))", "Rows Removed by Filter": 118591, "Workers": []}, {"Node Type": "Memoize", "Parent Relationship": "Inner", "Parallel Aware": false, "Async Capable": false, "Startup Cost": 0.3, "Total Cost": 0.35, "Plan Rows": 1, "Plan Width": 4, "Actual Rows": 0, "Actual Loops": 66005, "Cache Key": "ph.userid", "Cache Mode": "logical", "Cache Hits": 31808, "Cache Misses": 3601, "Cache Evictions": 0, "Cache Overflows": 0, "Peak Memory Usage": 349, "Workers": [{"Worker Number": 0, "Cache Hits": 26727, "Cache Misses": 3869, "Cache Evictions": 0, "Cache Overflows": 0, "Peak Memory Usage": 378}], "Plans": [{"Node Type": "Index Scan", "Parent Relationship": "Outer", "Parallel Aware": false, "Async Capable": false, "Scan Direction": "Forward", "Index Name": "users_pkey", "Relation Name": "users", "Alias": "u", "Startup Cost": 0.29, "Total Cost": 0.34, "Plan Rows": 1, "Plan Width": 4, "Actual Rows": 1, "Actual Loops": 7470, "Index Cond": "(id = ph.userid)", "Rows Removed by Index Recheck": 0, "Filter": "((reputation >= 1) AND (reputation <= 356) AND (downvotes <= 34) AND (creationdate >= '2010-07-19 21:29:29'::timestamp without time zone) AND (creationdate <= '2014-08-20 14:31:46'::timestamp without time zone))", "Rows Removed by Filter": 0, "Workers": []}]}]}, {"Node Type": "Memoize", "Parent Relationship": "Inner", "Parallel Aware": false, "Async Capable": false, "Startup Cost": 0.3, "Total Cost": 0.39, "Plan Rows": 3, "Plan Width": 4, "Actual Rows": 6, "Actual Loops": 16892, "Cache Key": "ph.userid", "Cache Mode": "logical", "Cache Hits": 5208, "Cache Misses": 3107, "Cache Evictions": 0, "Cache Overflows": 0, "Peak Memory Usage": 685, "Workers": [{"Worker Number": 0, "Cache Hits": 5149, "Cache Misses": 3428, "Cache Evictions": 0, "Cache Overflows": 0, "Peak Memory Usage": 749}], "Plans": [{"Node Type": "Index Scan", "Parent Relationship": "Outer", "Parallel Aware": false, "Async Capable": false, "Scan Direction": "Forward", "Index Name": "idx_badges_userid", "Relation Name": "badges", "Alias": "b", "Startup Cost": 0.29, "Total Cost": 0.38, "Plan Rows": 3, "Plan Width": 4, "Actual Rows": 4, "Actual Loops": 6535, "Index Cond": "(userid = ph.userid)", "Rows Removed by Index Recheck": 0, "Workers": []}]}]}, {"Node Type": "Memoize", "Parent Relationship": "Inner", "Parallel Aware": false, "Async Capable": false, "Startup Cost": 0.3, "Total Cost": 0.76, "Plan Rows": 10, "Plan Width": 4, "Actual Rows": 20, "Actual Loops": 103411, "Cache Key": "u.id", "Cache Mode": "logical", "Cache Hits": 49290, "Cache Misses": 3107, "Cache Evictions": 0, "Cache Overflows": 0, "Peak Memory Usage": 755, "Workers": [{"Worker Number": 0, "Cache Hits": 47586, "Cache Misses": 3428, "Cache Evictions": 0, "Cache Overflows": 0, "Peak Memory Usage": 821}], "Plans": [{"Node Type": "Index Scan", "Parent Relationship": "Outer", "Parallel Aware": false, "Async Capable": false, "Scan Direction": "Forward", "Index Name": "idx_comments_userid", "Relation Name": "comments", "Alias": "c", "Startup Cost": 0.29, "Total Cost": 0.75, "Plan Rows": 10, "Plan Width": 4, "Actual Rows": 5, "Actual Loops": 6535, "Index Cond": "(userid = u.id)", "Rows Removed by Index Recheck": 0, "Filter": "((creationdate >= '2010-07-20 10:52:57'::timestamp without time zone) AND (score = 0))", "Rows Removed by Filter": 0, "Workers": []}]}]}]}]}]}, "Planning Time": 4.471, "Triggers": [], "Execution Time": 326.425}, {"Plan": {"Node Type": "Aggregate", "Strategy": "Plain", "Partial Mode": "Finalize", "Parallel Aware": false, "Async Capable": false, "Startup Cost": 5660647.34, "Total Cost": 5660647.35, "Plan Rows": 1, "Plan Width": 8, "Actual Rows": 1, "Actual Loops": 1, "Plans": [{"Node Type": "Gather", "Parent Relationship": "Outer", "Parallel Aware": false, "Async Capable": false, "Startup Cost": 5660647.23, "Total Cost": 5660647.34, "Plan Rows": 1, "Plan Width": 8, "Actual Rows": 2, "Actual Loops": 1, "Workers Planned": 1, "Workers Launched": 1, "Single Copy": false, "Plans": [{"Node Type": "Aggregate", "Strategy": "Plain", "Partial Mode": "Partial", "Parent Relationship": "Outer", "Parallel Aware": false, "Async Capable": false, "Startup Cost": 5659647.23, "Total Cost": 5659647.24, "Plan Rows": 1, "Plan Width": 8, "Actual Rows": 1, "Actual Loops": 2, "Workers": [], "Plans": [{"Node Type": "Nested Loop", "Parent Relationship": "Outer", "Parallel Aware": false, "Async Capable": false, "Join Type": "Inner", "Startup Cost": 0.91, "Total Cost": 294973.1, "Plan Rows": 2145869650, "Plan Width": 0, "Actual Rows": 1017305, "Actual Loops": 2, "Inner Unique": false, "Workers": [], "Plans": [{"Node Type": "Nested Loop", "Parent Relationship": "Outer", "Parallel Aware": false, "Async Capable": false, "Join Type": "Inner", "Startup Cost": 0.6, "Total Cost": 21965.55, "Plan Rows": 1778512, "Plan Width": 12, "Actual Rows": 51706, "Actual Loops": 2, "Inner Unique": false, "Join Filter": "(b.userid = u.id)", "Rows Removed by Join Filter": 0, "Workers": [], "Plans": [{"Node Type": "Nested Loop", "Parent Relationship": "Outer", "Parallel Aware": false, "Async Capable": false, "Join Type": "Inner", "Startup Cost": 0.3, "Total Cost": 12611.45, "Plan Rows": 33964, "Plan Width": 8, "Actual Rows": 8446, "Actual Loops": 2, "Inner Unique": true, "Workers": [], "Plans": [{"Node Type": "Seq Scan", "Parent Relationship": "Outer", "Parallel Aware": true, "Async Capable": false, "Relation Name": "posthistory", "Alias": "ph", "Startup Cost": 0.0, "Total Cost": 4915.18, "Plan Rows": 38711, "Plan Width": 4, "Actual Rows": 33002, "Actual Loops": 2, "Filter": "((creationdate >= '2011-01-31 15:35:37'::timestamp without time zone) AND (posthistorytypeid = 5))", "Rows Removed by Filter": 118591, "Workers": []}, {"Node Type": "Memoize", "Parent Relationship": "Inner", "Parallel Aware": false, "Async Capable": false, "Startup Cost": 0.3, "Total Cost": 0.35, "Plan Rows": 1, "Plan Width": 4, "Actual Rows": 0, "Actual Loops": 66005, "Cache Key": "ph.userid", "Cache Mode": "logical", "Cache Hits": 29576, "Cache Misses": 4988, "Cache Evictions": 0, "Cache Overflows": 0, "Peak Memory Usage": 479, "Workers": [{"Worker Number": 0, "Cache Hits": 26612, "Cache Misses": 4829, "Cache Evictions": 0, "Cache Overflows": 0, "Peak Memory Usage": 464}], "Plans": [{"Node Type": "Index Scan", "Parent Relationship": "Outer", "Parallel Aware": false, "Async Capable": false, "Scan Direction": "Forward", "Index Name": "users_pkey", "Relation Name": "users", "Alias": "u", "Startup Cost": 0.29, "Total Cost": 0.34, "Plan Rows": 1, "Plan Width": 4, "Actual Rows": 1, "Actual Loops": 9817, "Index Cond": "(id = ph.userid)", "Rows Removed by Index Recheck": 0, "Filter": "((reputation >= 1) AND (reputation <= 356) AND (downvotes <= 34) AND (creationdate >= '2010-07-19 21:29:29'::timestamp without time zone) AND (creationdate <= '2014-08-20 14:31:46'::timestamp without time zone))", "Rows Removed by Filter": 0, "Workers": []}]}]}, {"Node Type": "Memoize", "Parent Relationship": "Inner", "Parallel Aware": false, "Async Capable": false, "Startup Cost": 0.3, "Total Cost": 0.39, "Plan Rows": 3, "Plan Width": 4, "Actual Rows": 6, "Actual Loops": 16892, "Cache Key": "ph.userid", "Cache Mode": "logical", "Cache Hits": 4374, "Cache Misses": 4180, "Cache Evictions": 0, "Cache Overflows": 0, "Peak Memory Usage": 981, "Workers": [{"Worker Number": 0, "Cache Hits": 4274, "Cache Misses": 4064, "Cache Evictions": 0, "Cache Overflows": 0, "Peak Memory Usage": 946}], "Plans": [{"Node Type": "Index Scan", "Parent Relationship": "Outer", "Parallel Aware": false, "Async Capable": false, "Scan Direction": "Forward", "Index Name": "idx_badges_userid", "Relation Name": "badges", "Alias": "b", "Startup Cost": 0.29, "Total Cost": 0.38, "Plan Rows": 3, "Plan Width": 4, "Actual Rows": 5, "Actual Loops": 8244, "Index Cond": "(userid = ph.userid)", "Rows Removed by Index Recheck": 0, "Workers": []}]}]}, {"Node Type": "Memoize", "Parent Relationship": "Inner", "Parallel Aware": false, "Async Capable": false, "Startup Cost": 0.3, "Total Cost": 0.76, "Plan Rows": 10, "Plan Width": 4, "Actual Rows": 20, "Actual Loops": 103411, "Cache Key": "u.id", "Cache Mode": "logical", "Cache Hits": 48834, "Cache Misses": 4180, "Cache Evictions": 0, "Cache Overflows": 0, "Peak Memory Usage": 1157, "Workers": [{"Worker Number": 0, "Cache Hits": 46333, "Cache Misses": 4064, "Cache Evictions": 0, "Cache Overflows": 0, "Peak Memory Usage": 1146}], "Plans": [{"Node Type": "Index Scan", "Parent Relationship": "Outer", "Parallel Aware": false, "Async Capable": false, "Scan Direction": "Forward", "Index Name": "idx_comments_userid", "Relation Name": "comments", "Alias": "c", "Startup Cost": 0.29, "Total Cost": 0.75, "Plan Rows": 10, "Plan Width": 4, "Actual Rows": 6, "Actual Loops": 8244, "Index Cond": "(userid = u.id)", "Rows Removed by Index Recheck": 0, "Filter": "((creationdate >= '2010-07-20 10:52:57'::timestamp without time zone) AND (score = 0))", "Rows Removed by Filter": 0, "Workers": []}]}]}]}]}]}, "Planning Time": 4.62, "Triggers": [], "Execution Time": 267.35}]