[{"Plan": {"Node Type": "Aggregate", "Strategy": "Plain", "Partial Mode": "Finalize", "Parallel Aware": false, "Async Capable": false, "Startup Cost": 11056.74, "Total Cost": 11056.75, "Plan Rows": 1, "Plan Width": 8, "Actual Rows": 1, "Actual Loops": 1, "Plans": [{"Node Type": "Gather", "Parent Relationship": "Outer", "Parallel Aware": false, "Async Capable": false, "Startup Cost": 11056.52, "Total Cost": 11056.73, "Plan Rows": 2, "Plan Width": 8, "Actual Rows": 3, "Actual Loops": 1, "Workers Planned": 2, "Workers Launched": 2, "Single Copy": false, "Plans": [{"Node Type": "Aggregate", "Strategy": "Plain", "Partial Mode": "Partial", "Parent Relationship": "Outer", "Parallel Aware": false, "Async Capable": false, "Startup Cost": 10056.52, "Total Cost": 10056.53, "Plan Rows": 1, "Plan Width": 8, "Actual Rows": 1, "Actual Loops": 3, "Workers": [], "Plans": [{"Node Type": "Nested Loop", "Parent Relationship": "Outer", "Parallel Aware": false, "Async Capable": false, "Join Type": "Inner", "Startup Cost": 3073.82, "Total Cost": 9809.49, "Plan Rows": 98812, "Plan Width": 0, "Actual Rows": 1994294, "Actual Loops": 3, "Inner Unique": false, "Workers": [], "Plans": [{"Node Type": "Nested Loop", "Parent Relationship": "Outer", "Parallel Aware": false, "Async Capable": false, "Join Type": "Inner", "Startup Cost": 3073.53, "Total Cost": 8666.18, "Plan Rows": 2599, "Plan Width": 8, "Actual Rows": 125028, "Actual Loops": 3, "Inner Unique": false, "Join Filter": "(p.id = ph.postid)", "Rows Removed by Join Filter": 0, "Workers": [], "Plans": [{"Node Type": "Nested Loop", "Parent Relationship": "Outer", "Parallel Aware": false, "Async Capable": false, "Join Type": "Inner", "Startup Cost": 3073.1, "Total Cost": 8229.02, "Plan Rows": 788, "Plan Width": 20, "Actual Rows": 18599, "Actual Loops": 3, "Inner Unique": true, "Workers": [], "Plans": [{"Node Type": "Nested Loop", "Parent Relationship": "Outer", "Parallel Aware": false, "Async Capable": false, "Join Type": "Inner", "Startup Cost": 3072.81, "Total Cost": 7495.94, "Plan Rows": 818, "Plan Width": 16, "Actual Rows": 21808, "Actual Loops": 3, "Inner Unique": false, "Join Filter": "(p.id = v.postid)", "Rows Removed by Join Filter": 0, "Workers": [], "Plans": [{"Node Type": "Merge Join", "Parent Relationship": "Outer", "Parallel Aware": false, "Async Capable": false, "Join Type": "Inner", "Startup Cost": 3072.39, "Total Cost": 6162.46, "Plan Rows": 2238, "Plan Width": 12, "Actual Rows": 10193, "Actual Loops": 3, "Inner Unique": true, "Merge Cond": "(c.postid = p.id)", "Workers": [], "Plans": [{"Node Type": "Index Only Scan", "Parent Relationship": "Outer", "Parallel Aware": true, "Async Capable": false, "Scan Direction": "Forward", "Index Name": "idx_comments_postid", "Relation Name": "comments", "Alias": "c", "Startup Cost": 0.42, "Total Cost": 2872.37, "Plan Rows": 72627, "Plan Width": 4, "Actual Rows": 58097, "Actual Loops": 3, "Heap Fetches": 0, "Workers": []}, {"Node Type": "Sort", "Parent Relationship": "Inner", "Parallel Aware": false, "Async Capable": false, "Startup Cost": 3071.97, "Total Cost": 3079.06, "Plan Rows": 2834, "Plan Width": 8, "Actual Rows": 12966, "Actual Loops": 3, "Sort Key": ["p.id"], "Sort Method": "quicksort", "Sort Space Used": 790, "Sort Space Type": "Memory", "Workers": [{"Worker Number": 0, "Sort Method": "quicksort", "Sort Space Used": 790, "Sort Space Type": "Memory"}, {"Worker Number": 1, "Sort Method": "quicksort", "Sort Space Used": 790, "Sort Space Type": "Memory"}], "Plans": [{"Node Type": "Seq Scan", "Parent Relationship": "Outer", "Parallel Aware": false, "Async Capable": false, "Relation Name": "posts", "Alias": "p", "Startup Cost": 0.0, "Total Cost": 2909.46, "Plan Rows": 2834, "Plan Width": 8, "Actual Rows": 12978, "Actual Loops": 3, "Filter": "((viewcount >= 0) AND (answercount >= 0) AND (answercount <= 7) AND (favoritecount >= 0) AND (favoritecount <= 17))", "Rows Removed by Filter": 78998, "Workers": []}]}]}, {"Node Type": "Index Scan", "Parent Relationship": "Inner", "Parallel Aware": false, "Async Capable": false, "Scan Direction": "Forward", "Index Name": "idx_votes_postid", "Relation Name": "votes", "Alias": "v", "Startup Cost": 0.42, "Total Cost": 0.58, "Plan Rows": 1, "Plan Width": 4, "Actual Rows": 2, "Actual Loops": 30578, "Index Cond": "(postid = c.postid)", "Rows Removed by Index Recheck": 0, "Filter": "(votetypeid = 5)", "Rows Removed by Filter": 6, "Workers": []}]}, {"Node Type": "Index Scan", "Parent Relationship": "Inner", "Parallel Aware": false, "Async Capable": false, "Scan Direction": "Forward", "Index Name": "users_pkey", "Relation Name": "users", "Alias": "u", "Startup Cost": 0.29, "Total Cost": 0.9, "Plan Rows": 1, "Plan Width": 4, "Actual Rows": 1, "Actual Loops": 65424, "Index Cond": "(id = p.owneruserid)", "Rows Removed by Index Recheck": 0, "Filter": "((reputation >= 1) AND (views >= 0) AND (creationdate >= '2010-08-19 06:26:34'::timestamp without time zone) AND (creationdate <= '2014-09-11 05:22:26'::timestamp without time zone))", "Rows Removed by Filter": 0, "Workers": []}]}, {"Node Type": "Index Only Scan", "Parent Relationship": "Inner", "Parallel Aware": false, "Async Capable": false, "Scan Direction": "Forward", "Index Name": "idx_posthistory_postid", "Relation Name": "posthistory", "Alias": "ph", "Startup Cost": 0.42, "Total Cost": 0.5, "Plan Rows": 4, "Plan Width": 4, "Actual Rows": 7, "Actual Loops": 55797, "Index Cond": "(postid = c.postid)", "Rows Removed by Index Recheck": 0, "Heap Fetches": 0, "Workers": []}]}, {"Node Type": "Index Scan", "Parent Relationship": "Inner", "Parallel Aware": false, "Async Capable": false, "Scan Direction": "Forward", "Index Name": "idx_badges_userid", "Relation Name": "badges", "Alias": "b", "Startup Cost": 0.29, "Total Cost": 0.41, "Plan Rows": 3, "Plan Width": 4, "Actual Rows": 16, "Actual Loops": 375085, "Index Cond": "(userid = u.id)", "Rows Removed by Index Recheck": 0, "Filter": "(date >= '2010-08-01 02:54:53'::timestamp without time zone)", "Rows Removed by Filter": 0, "Workers": []}]}]}]}]}, "Planning Time": 11.268, "Triggers": [], "Execution Time": 948.496}, {"Plan": {"Node Type": "Aggregate", "Strategy": "Plain", "Partial Mode": "Simple", "Parallel Aware": false, "Async Capable": false, "Startup Cost": 60000042065.1, "Total Cost": 60000042065.11, "Plan Rows": 1, "Plan Width": 8, "Actual Rows": 1, "Actual Loops": 1, "Plans": [{"Node Type": "Hash Join", "Parent Relationship": "Outer", "Parallel Aware": false, "Async Capable": false, "Join Type": "Inner", "Startup Cost": 60000037989.9, "Total Cost": 60000041472.22, "Plan Rows": 237150, "Plan Width": 0, "Actual Rows": 5982882, "Actual Loops": 1, "Inner Unique": false, "Hash Cond": "(b.userid = u.id)", "Plans": [{"Node Type": "Index Scan", "Parent Relationship": "Outer", "Parallel Aware": false, "Async Capable": false, "Scan Direction": "Forward", "Index Name": "idx_badges_userid", "Relation Name": "badges", "Alias": "b", "Startup Cost": 10000000000.29, "Total Cost": 10000003064.97, "Plan Rows": 78850, "Plan Width": 4, "Actual Rows": 78870, "Actual Loops": 1, "Filter": "(date >= '2010-08-01 02:54:53'::timestamp without time zone)", "Rows Removed by Filter": 981}, {"Node Type": "Hash", "Parent Relationship": "Inner", "Parallel Aware": false, "Async Capable": false, "Startup Cost": 50000037911.64, "Total Cost": 50000037911.64, "Plan Rows": 6237, "Plan Width": 8, "Actual Rows": 375085, "Actual Loops": 1, "Hash Buckets": 524288, "Original Hash Buckets": 8192, "Hash Batches": 1, "Original Hash Batches": 1, "Peak Memory Usage": 18748, "Plans": [{"Node Type": "Nested Loop", "Parent Relationship": "Outer", "Parallel Aware": false, "Async Capable": false, "Join Type": "Inner", "Startup Cost": 50000000002.85, "Total Cost": 50000037911.64, "Plan Rows": 6237, "Plan Width": 8, "Actual Rows": 375085, "Actual Loops": 1, "Inner Unique": false, "Join Filter": "(p.id = ph.postid)", "Rows Removed by Join Filter": 0, "Plans": [{"Node Type": "Nested Loop", "Parent Relationship": "Outer", "Parallel Aware": false, "Async Capable": false, "Join Type": "Inner", "Startup Cost": 40000000002.38, "Total Cost": 40000029274.32, "Plan Rows": 1892, "Plan Width": 20, "Actual Rows": 55797, "Actual Loops": 1, "Inner Unique": false, "Join Filter": "(c.postid = p.id)", "Rows Removed by Join Filter": 0, "Plans": [{"Node Type": "Nested Loop", "Parent Relationship": "Outer", "Parallel Aware": false, "Async Capable": false, "Join Type": "Inner", "Startup Cost": 30000000001.9, "Total Cost": 30000024729.62, "Plan Rows": 998, "Plan Width": 16, "Actual Rows": 21632, "Actual Loops": 1, "Inner Unique": true, "Plans": [{"Node Type": "Nested Loop", "Parent Relationship": "Outer", "Parallel Aware": false, "Async Capable": false, "Join Type": "Inner", "Startup Cost": 20000000001.45, "Total Cost": 20000020088.61, "Plan Rows": 1036, "Plan Width": 12, "Actual Rows": 25932, "Actual Loops": 1, "Inner Unique": false, "Plans": [{"Node Type": "Index Scan", "Parent Relationship": "Outer", "Parallel Aware": false, "Async Capable": false, "Scan Direction": "Forward", "Index Name": "idx_posts_owneruserid", "Relation Name": "posts", "Alias": "p", "Startup Cost": 10000000000.29, "Total Cost": 10000005243.37, "Plan Rows": 2834, "Plan Width": 8, "Actual Rows": 12978, "Actual Loops": 1, "Filter": "((viewcount >= 0) AND (answercount >= 0) AND (answercount <= 7) AND (favoritecount >= 0) AND (favoritecount <= 17))", "Rows Removed by Filter": 78998}, {"Node Type": "Bitmap Heap Scan", "Parent Relationship": "Inner", "Parallel Aware": false, "Async Capable": false, "Relation Name": "votes", "Alias": "v", "Startup Cost": 1.15, "Total Cost": 5.23, "Plan Rows": 1, "Plan Width": 4, "Actual Rows": 2, "Actual Loops": 12978, "Recheck Cond": "(p.id = postid)", "Rows Removed by Index Recheck": 0, "Filter": "(votetypeid = 5)", "Rows Removed by Filter": 5, "Exact Heap Blocks": 54886, "Lossy Heap Blocks": 0, "Plans": [{"Node Type": "Bitmap Index Scan", "Parent Relationship": "Outer", "Parallel Aware": false, "Async Capable": false, "Index Name": "idx_votes_postid", "Startup Cost": 0.0, "Total Cost": 1.15, "Plan Rows": 5, "Plan Width": 0, "Actual Rows": 7, "Actual Loops": 12978, "Index Cond": "(postid = p.id)"}]}]}, {"Node Type": "Bitmap Heap Scan", "Parent Relationship": "Inner", "Parallel Aware": false, "Async Capable": false, "Relation Name": "users", "Alias": "u", "Startup Cost": 0.46, "Total Cost": 4.48, "Plan Rows": 1, "Plan Width": 4, "Actual Rows": 1, "Actual Loops": 25932, "Recheck Cond": "(p.owneruserid = id)", "Rows Removed by Index Recheck": 0, "Filter": "((reputation >= 1) AND (views >= 0) AND (creationdate >= '2010-08-19 06:26:34'::timestamp without time zone) AND (creationdate <= '2014-09-11 05:22:26'::timestamp without time zone))", "Rows Removed by Filter": 0, "Exact Heap Blocks": 25398, "Lossy Heap Blocks": 0, "Plans": [{"Node Type": "Bitmap Index Scan", "Parent Relationship": "Outer", "Parallel Aware": false, "Async Capable": false, "Index Name": "users_pkey", "Startup Cost": 0.0, "Total Cost": 0.46, "Plan Rows": 1, "Plan Width": 0, "Actual Rows": 1, "Actual Loops": 25932, "Index Cond": "(id = p.owneruserid)"}]}]}, {"Node Type": "Bitmap Heap Scan", "Parent Relationship": "Inner", "Parallel Aware": false, "Async Capable": false, "Relation Name": "comments", "Alias": "c", "Startup Cost": 0.48, "Total Cost": 4.52, "Plan Rows": 3, "Plan Width": 4, "Actual Rows": 3, "Actual Loops": 21632, "Recheck Cond": "(postid = v.postid)", "Rows Removed by Index Recheck": 0, "Exact Heap Blocks": 24785, "Lossy Heap Blocks": 0, "Plans": [{"Node Type": "Bitmap Index Scan", "Parent Relationship": "Outer", "Parallel Aware": false, "Async Capable": false, "Index Name": "idx_comments_postid", "Startup Cost": 0.0, "Total Cost": 0.48, "Plan Rows": 3, "Plan Width": 0, "Actual Rows": 3, "Actual Loops": 21632, "Index Cond": "(postid = v.postid)"}]}]}, {"Node Type": "Bitmap Heap Scan", "Parent Relationship": "Inner", "Parallel Aware": false, "Async Capable": false, "Relation Name": "posthistory", "Alias": "ph", "Startup Cost": 0.47, "Total Cost": 4.52, "Plan Rows": 4, "Plan Width": 4, "Actual Rows": 7, "Actual Loops": 55797, "Recheck Cond": "(c.postid = postid)", "Rows Removed by Index Recheck": 0, "Exact Heap Blocks": 122829, "Lossy Heap Blocks": 0, "Plans": [{"Node Type": "Bitmap Index Scan", "Parent Relationship": "Outer", "Parallel Aware": false, "Async Capable": false, "Index Name": "idx_posthistory_postid", "Startup Cost": 0.0, "Total Cost": 0.46, "Plan Rows": 4, "Plan Width": 0, "Actual Rows": 7, "Actual Loops": 55797, "Index Cond": "(postid = c.postid)"}]}]}]}]}]}, "Planning Time": 3.961, "Triggers": [], "Execution Time": 1329.975}, {"Plan": {"Node Type": "Aggregate", "Strategy": "Plain", "Partial Mode": "Finalize", "Parallel Aware": false, "Async Capable": false, "Startup Cost": 31827.01, "Total Cost": 31827.02, "Plan Rows": 1, "Plan Width": 8, "Actual Rows": 1, "Actual Loops": 1, "Plans": [{"Node Type": "Gather", "Parent Relationship": "Outer", "Parallel Aware": false, "Async Capable": false, "Startup Cost": 31826.79, "Total Cost": 31827.0, "Plan Rows": 2, "Plan Width": 8, "Actual Rows": 3, "Actual Loops": 1, "Workers Planned": 2, "Workers Launched": 2, "Single Copy": false, "Plans": [{"Node Type": "Aggregate", "Strategy": "Plain", "Partial Mode": "Partial", "Parent Relationship": "Outer", "Parallel Aware": false, "Async Capable": false, "Startup Cost": 30826.79, "Total Cost": 30826.8, "Plan Rows": 1, "Plan Width": 8, "Actual Rows": 1, "Actual Loops": 3, "Workers": [], "Plans": [{"Node Type": "Hash Join", "Parent Relationship": "Outer", "Parallel Aware": false, "Async Capable": false, "Join Type": "Inner", "Startup Cost": 27355.29, "Total Cost": 30579.76, "Plan Rows": 98812, "Plan Width": 0, "Actual Rows": 1994294, "Actual Loops": 3, "Inner Unique": false, "Hash Cond": "(p.owneruserid = u.id)", "Workers": [], "Plans": [{"Node Type": "Hash Join", "Parent Relationship": "Outer", "Parallel Aware": true, "Async Capable": false, "Join Type": "Inner", "Startup Cost": 20865.9, "Total Cost": 24026.06, "Plan Rows": 2698, "Plan Width": 4, "Actual Rows": 145141, "Actual Loops": 3, "Inner Unique": false, "Hash Cond": "(c.postid = p.id)", "Workers": [], "Plans": [{"Node Type": "Index Only Scan", "Parent Relationship": "Outer", "Parallel Aware": true, "Async Capable": false, "Scan Direction": "Forward", "Index Name": "idx_comments_postid", "Relation Name": "comments", "Alias": "c", "Startup Cost": 0.42, "Total Cost": 2872.37, "Plan Rows": 72627, "Plan Width": 4, "Actual Rows": 58102, "Actual Loops": 3, "Heap Fetches": 0, "Workers": []}, {"Node Type": "Hash", "Parent Relationship": "Inner", "Parallel Aware": true, "Async Capable": false, "Startup Cost": 20840.37, "Total Cost": 20840.37, "Plan Rows": 2009, "Plan Width": 16, "Actual Rows": 51528, "Actual Loops": 3, "Hash Buckets": 262144, "Original Hash Buckets": 4096, "Hash Batches": 1, "Original Hash Batches": 1, "Peak Memory Usage": 11392, "Workers": [], "Plans": [{"Node Type": "Hash Join", "Parent Relationship": "Outer", "Parallel Aware": true, "Async Capable": false, "Join Type": "Inner", "Startup Cost": 9652.37, "Total Cost": 20840.37, "Plan Rows": 2009, "Plan Width": 16, "Actual Rows": 51528, "Actual Loops": 3, "Inner Unique": false, "Hash Cond": "(v.postid = p.id)", "Workers": [], "Plans": [{"Node Type": "Index Scan", "Parent Relationship": "Outer", "Parallel Aware": true, "Async Capable": false, "Scan Direction": "Forward", "Index Name": "idx_votes_postid", "Relation Name": "votes", "Alias": "v", "Startup Cost": 0.42, "Total Cost": 11105.86, "Plan Rows": 19785, "Plan Width": 4, "Actual Rows": 11230, "Actual Loops": 3, "Filter": "(votetypeid = 5)", "Rows Removed by Filter": 98124, "Workers": []}, {"Node Type": "Hash", "Parent Relationship": "Inner", "Parallel Aware": true, "Async Capable": false, "Startup Cost": 9603.3, "Total Cost": 9603.3, "Plan Rows": 3892, "Plan Width": 12, "Actual Rows": 24527, "Actual Loops": 3, "Hash Buckets": 131072, "Original Hash Buckets": 16384, "Hash Batches": 1, "Original Hash Batches": 1, "Peak Memory Usage": 5408, "Workers": [], "Plans": [{"Node Type": "Hash Join", "Parent Relationship": "Outer", "Parallel Aware": false, "Async Capable": false, "Join Type": "Inner", "Startup Cost": 4424.72, "Total Cost": 9603.3, "Plan Rows": 3892, "Plan Width": 12, "Actual Rows": 24527, "Actual Loops": 3, "Inner Unique": true, "Hash Cond": "(ph.postid = p.id)", "Workers": [], "Plans": [{"Node Type": "Index Only Scan", "Parent Relationship": "Outer", "Parallel Aware": true, "Async Capable": false, "Scan Direction": "Forward", "Index Name": "idx_posthistory_postid", "Relation Name": "posthistory", "Alias": "ph", "Startup Cost": 0.42, "Total Cost": 4847.39, "Plan Rows": 126328, "Plan Width": 4, "Actual Rows": 101062, "Actual Loops": 3, "Heap Fetches": 0, "Workers": []}, {"Node Type": "Hash", "Parent Relationship": "Inner", "Parallel Aware": false, "Async Capable": false, "Startup Cost": 4388.87, "Total Cost": 4388.87, "Plan Rows": 2834, "Plan Width": 8, "Actual Rows": 12978, "Actual Loops": 3, "Hash Buckets": 16384, "Original Hash Buckets": 4096, "Hash Batches": 1, "Original Hash Batches": 1, "Peak Memory Usage": 634, "Workers": [], "Plans": [{"Node Type": "Index Scan", "Parent Relationship": "Outer", "Parallel Aware": false, "Async Capable": false, "Scan Direction": "Forward", "Index Name": "posts_pkey", "Relation Name": "posts", "Alias": "p", "Startup Cost": 0.29, "Total Cost": 4388.87, "Plan Rows": 2834, "Plan Width": 8, "Actual Rows": 12978, "Actual Loops": 3, "Filter": "((viewcount >= 0) AND (answercount >= 0) AND (answercount <= 7) AND (favoritecount >= 0) AND (favoritecount <= 17))", "Rows Removed by Filter": 78998, "Workers": []}]}]}]}]}]}]}, {"Node Type": "Hash", "Parent Relationship": "Inner", "Parallel Aware": false, "Async Capable": false, "Startup Cost": 5525.39, "Total Cost": 5525.39, "Plan Rows": 77120, "Plan Width": 8, "Actual Rows": 71850, "Actual Loops": 3, "Hash Buckets": 131072, "Original Hash Buckets": 131072, "Hash Batches": 1, "Original Hash Batches": 1, "Peak Memory Usage": 3831, "Workers": [], "Plans": [{"Node Type": "Hash Join", "Parent Relationship": "Outer", "Parallel Aware": false, "Async Capable": false, "Join Type": "Inner", "Startup Cost": 2253.71, "Total Cost": 5525.39, "Plan Rows": 77120, "Plan Width": 8, "Actual Rows": 71850, "Actual Loops": 3, "Inner Unique": true, "Hash Cond": "(b.userid = u.id)", "Workers": [], "Plans": [{"Node Type": "Index Scan", "Parent Relationship": "Outer", "Parallel Aware": false, "Async Capable": false, "Scan Direction": "Forward", "Index Name": "idx_badges_userid", "Relation Name": "badges", "Alias": "b", "Startup Cost": 0.29, "Total Cost": 3064.97, "Plan Rows": 78850, "Plan Width": 4, "Actual Rows": 78870, "Actual Loops": 3, "Filter": "(date >= '2010-08-01 02:54:53'::timestamp without time zone)", "Rows Removed by Filter": 981, "Workers": []}, {"Node Type": "Hash", "Parent Relationship": "Inner", "Parallel Aware": false, "Async Capable": false, "Startup Cost": 1760.41, "Total Cost": 1760.41, "Plan Rows": 39440, "Plan Width": 4, "Actual Rows": 39438, "Actual Loops": 3, "Hash Buckets": 65536, "Original Hash Buckets": 65536, "Hash Batches": 1, "Original Hash Batches": 1, "Peak Memory Usage": 1899, "Workers": [], "Plans": [{"Node Type": "Index Scan", "Parent Relationship": "Outer", "Parallel Aware": false, "Async Capable": false, "Scan Direction": "Forward", "Index Name": "users_pkey", "Relation Name": "users", "Alias": "u", "Startup Cost": 0.29, "Total Cost": 1760.41, "Plan Rows": 39440, "Plan Width": 4, "Actual Rows": 39438, "Actual Loops": 3, "Filter": "((reputation >= 1) AND (views >= 0) AND (creationdate >= '2010-08-19 06:26:34'::timestamp without time zone) AND (creationdate <= '2014-09-11 05:22:26'::timestamp without time zone))", "Rows Removed by Filter": 887, "Workers": []}]}]}]}]}]}]}]}, "Planning Time": 9.947, "Triggers": [], "Execution Time": 500.889}, {"Plan": {"Node Type": "Aggregate", "Strategy": "Plain", "Partial Mode": "Finalize", "Parallel Aware": false, "Async Capable": false, "Startup Cost": 30639.54, "Total Cost": 30639.55, "Plan Rows": 1, "Plan Width": 8, "Actual Rows": 1, "Actual Loops": 1, "Plans": [{"Node Type": "Gather", "Parent Relationship": "Outer", "Parallel Aware": false, "Async Capable": false, "Startup Cost": 30639.33, "Total Cost": 30639.54, "Plan Rows": 2, "Plan Width": 8, "Actual Rows": 3, "Actual Loops": 1, "Workers Planned": 2, "Workers Launched": 2, "Single Copy": false, "Plans": [{"Node Type": "Aggregate", "Strategy": "Plain", "Partial Mode": "Partial", "Parent Relationship": "Outer", "Parallel Aware": false, "Async Capable": false, "Startup Cost": 29639.33, "Total Cost": 29639.34, "Plan Rows": 1, "Plan Width": 8, "Actual Rows": 1, "Actual Loops": 3, "Workers": [], "Plans": [{"Node Type": "Merge Join", "Parent Relationship": "Outer", "Parallel Aware": false, "Async Capable": false, "Join Type": "Inner", "Startup Cost": 24175.18, "Total Cost": 29392.3, "Plan Rows": 98812, "Plan Width": 0, "Actual Rows": 1994294, "Actual Loops": 3, "Inner Unique": false, "Merge Cond": "(u.id = b.userid)", "Workers": [], "Plans": [{"Node Type": "Merge Join", "Parent Relationship": "Outer", "Parallel Aware": false, "Async Capable": false, "Join Type": "Inner", "Startup Cost": 24174.89, "Total Cost": 26072.89, "Plan Rows": 2599, "Plan Width": 8, "Actual Rows": 125028, "Actual Loops": 3, "Inner Unique": true, "Merge Cond": "(p.owneruserid = u.id)", "Workers": [], "Plans": [{"Node Type": "Sort", "Parent Relationship": "Outer", "Parallel Aware": false, "Async Capable": false, "Startup Cost": 24174.6, "Total Cost": 24181.34, "Plan Rows": 2698, "Plan Width": 4, "Actual Rows": 142908, "Actual Loops": 3, "Sort Key": ["p.owneruserid"], "Sort Method": "quicksort", "Sort Space Used": 6145, "Sort Space Type": "Memory", "Workers": [{"Worker Number": 0, "Sort Method": "quicksort", "Sort Space Used": 6145, "Sort Space Type": "Memory"}, {"Worker Number": 1, "Sort Method": "quicksort", "Sort Space Used": 6145, "Sort Space Type": "Memory"}], "Plans": [{"Node Type": "Hash Join", "Parent Relationship": "Outer", "Parallel Aware": true, "Async Capable": false, "Join Type": "Inner", "Startup Cost": 20860.68, "Total Cost": 24020.84, "Plan Rows": 2698, "Plan Width": 4, "Actual Rows": 145141, "Actual Loops": 3, "Inner Unique": false, "Hash Cond": "(c.postid = p.id)", "Workers": [], "Plans": [{"Node Type": "Index Only Scan", "Parent Relationship": "Outer", "Parallel Aware": true, "Async Capable": false, "Scan Direction": "Forward", "Index Name": "idx_comments_postid", "Relation Name": "comments", "Alias": "c", "Startup Cost": 0.42, "Total Cost": 2872.37, "Plan Rows": 72627, "Plan Width": 4, "Actual Rows": 58102, "Actual Loops": 3, "Heap Fetches": 0, "Workers": []}, {"Node Type": "Hash", "Parent Relationship": "Inner", "Parallel Aware": true, "Async Capable": false, "Startup Cost": 20835.15, "Total Cost": 20835.15, "Plan Rows": 2009, "Plan Width": 16, "Actual Rows": 51528, "Actual Loops": 3, "Hash Buckets": 262144, "Original Hash Buckets": 4096, "Hash Batches": 1, "Original Hash Batches": 1, "Peak Memory Usage": 11392, "Workers": [], "Plans": [{"Node Type": "Hash Join", "Parent Relationship": "Outer", "Parallel Aware": true, "Async Capable": false, "Join Type": "Inner", "Startup Cost": 9647.15, "Total Cost": 20835.15, "Plan Rows": 2009, "Plan Width": 16, "Actual Rows": 51528, "Actual Loops": 3, "Inner Unique": false, "Hash Cond": "(v.postid = p.id)", "Workers": [], "Plans": [{"Node Type": "Index Scan", "Parent Relationship": "Outer", "Parallel Aware": true, "Async Capable": false, "Scan Direction": "Forward", "Index Name": "idx_votes_postid", "Relation Name": "votes", "Alias": "v", "Startup Cost": 0.42, "Total Cost": 11105.86, "Plan Rows": 19785, "Plan Width": 4, "Actual Rows": 11230, "Actual Loops": 3, "Filter": "(votetypeid = 5)", "Rows Removed by Filter": 98124, "Workers": []}, {"Node Type": "Hash", "Parent Relationship": "Inner", "Parallel Aware": true, "Async Capable": false, "Startup Cost": 9598.08, "Total Cost": 9598.08, "Plan Rows": 3892, "Plan Width": 12, "Actual Rows": 24527, "Actual Loops": 3, "Hash Buckets": 131072, "Original Hash Buckets": 16384, "Hash Batches": 1, "Original Hash Batches": 1, "Peak Memory Usage": 5408, "Workers": [], "Plans": [{"Node Type": "Merge Join", "Parent Relationship": "Outer", "Parallel Aware": false, "Async Capable": false, "Join Type": "Inner", "Startup Cost": 0.71, "Total Cost": 9598.08, "Plan Rows": 3892, "Plan Width": 12, "Actual Rows": 24527, "Actual Loops": 3, "Inner Unique": true, "Merge Cond": "(ph.postid = p.id)", "Workers": [], "Plans": [{"Node Type": "Index Only Scan", "Parent Relationship": "Outer", "Parallel Aware": true, "Async Capable": false, "Scan Direction": "Forward", "Index Name": "idx_posthistory_postid", "Relation Name": "posthistory", "Alias": "ph", "Startup Cost": 0.42, "Total Cost": 4847.39, "Plan Rows": 126328, "Plan Width": 4, "Actual Rows": 101052, "Actual Loops": 3, "Heap Fetches": 0, "Workers": []}, {"Node Type": "Index Scan", "Parent Relationship": "Inner", "Parallel Aware": false, "Async Capable": false, "Scan Direction": "Forward", "Index Name": "posts_pkey", "Relation Name": "posts", "Alias": "p", "Startup Cost": 0.29, "Total Cost": 4388.87, "Plan Rows": 2834, "Plan Width": 8, "Actual Rows": 12974, "Actual Loops": 3, "Filter": "((viewcount >= 0) AND (answercount >= 0) AND (answercount <= 7) AND (favoritecount >= 0) AND (favoritecount <= 17))", "Rows Removed by Filter": 78901, "Workers": []}]}]}]}]}]}]}, {"Node Type": "Index Scan", "Parent Relationship": "Inner", "Parallel Aware": false, "Async Capable": false, "Scan Direction": "Forward", "Index Name": "users_pkey", "Relation Name": "users", "Alias": "u", "Startup Cost": 0.29, "Total Cost": 1760.41, "Plan Rows": 39440, "Plan Width": 4, "Actual Rows": 39314, "Actual Loops": 3, "Filter": "((reputation >= 1) AND (views >= 0) AND (creationdate >= '2010-08-19 06:26:34'::timestamp without time zone) AND (creationdate <= '2014-09-11 05:22:26'::timestamp without time zone))", "Rows Removed by Filter": 780, "Workers": []}]}, {"Node Type": "Index Scan", "Parent Relationship": "Inner", "Parallel Aware": false, "Async Capable": false, "Scan Direction": "Forward", "Index Name": "idx_badges_userid", "Relation Name": "badges", "Alias": "b", "Startup Cost": 0.29, "Total Cost": 3064.97, "Plan Rows": 78850, "Plan Width": 4, "Actual Rows": 2057907, "Actual Loops": 3, "Filter": "(date >= '2010-08-01 02:54:53'::timestamp without time zone)", "Rows Removed by Filter": 981, "Workers": []}]}]}]}]}, "Planning Time": 8.272, "Triggers": [], "Execution Time": 998.037}, {"Plan": {"Node Type": "Aggregate", "Strategy": "Plain", "Partial Mode": "Finalize", "Parallel Aware": false, "Async Capable": false, "Startup Cost": 12366.55, "Total Cost": 12366.56, "Plan Rows": 1, "Plan Width": 8, "Actual Rows": 1, "Actual Loops": 1, "Plans": [{"Node Type": "Gather", "Parent Relationship": "Outer", "Parallel Aware": false, "Async Capable": false, "Startup Cost": 12366.34, "Total Cost": 12366.55, "Plan Rows": 2, "Plan Width": 8, "Actual Rows": 3, "Actual Loops": 1, "Workers Planned": 2, "Workers Launched": 2, "Single Copy": false, "Plans": [{"Node Type": "Aggregate", "Strategy": "Plain", "Partial Mode": "Partial", "Parent Relationship": "Outer", "Parallel Aware": false, "Async Capable": false, "Startup Cost": 11366.34, "Total Cost": 11366.35, "Plan Rows": 1, "Plan Width": 8, "Actual Rows": 1, "Actual Loops": 3, "Workers": [], "Plans": [{"Node Type": "Nested Loop", "Parent Relationship": "Outer", "Parallel Aware": false, "Async Capable": false, "Join Type": "Inner", "Startup Cost": 2.14, "Total Cost": 11119.31, "Plan Rows": 98812, "Plan Width": 0, "Actual Rows": 1994294, "Actual Loops": 3, "Inner Unique": false, "Workers": [], "Plans": [{"Node Type": "Nested Loop", "Parent Relationship": "Outer", "Parallel Aware": false, "Async Capable": false, "Join Type": "Inner", "Startup Cost": 1.85, "Total Cost": 9976.0, "Plan Rows": 2599, "Plan Width": 8, "Actual Rows": 125028, "Actual Loops": 3, "Inner Unique": false, "Join Filter": "(p.id = ph.postid)", "Rows Removed by Join Filter": 0, "Workers": [], "Plans": [{"Node Type": "Nested Loop", "Parent Relationship": "Outer", "Parallel Aware": false, "Async Capable": false, "Join Type": "Inner", "Startup Cost": 1.42, "Total Cost": 9538.83, "Plan Rows": 788, "Plan Width": 20, "Actual Rows": 18599, "Actual Loops": 3, "Inner Unique": true, "Workers": [], "Plans": [{"Node Type": "Nested Loop", "Parent Relationship": "Outer", "Parallel Aware": false, "Async Capable": false, "Join Type": "Inner", "Startup Cost": 1.13, "Total Cost": 8805.75, "Plan Rows": 818, "Plan Width": 16, "Actual Rows": 21808, "Actual Loops": 3, "Inner Unique": false, "Join Filter": "(p.id = v.postid)", "Rows Removed by Join Filter": 0, "Workers": [], "Plans": [{"Node Type": "Merge Join", "Parent Relationship": "Outer", "Parallel Aware": false, "Async Capable": false, "Join Type": "Inner", "Startup Cost": 0.71, "Total Cost": 7472.27, "Plan Rows": 2238, "Plan Width": 12, "Actual Rows": 10193, "Actual Loops": 3, "Inner Unique": true, "Merge Cond": "(c.postid = p.id)", "Workers": [], "Plans": [{"Node Type": "Index Only Scan", "Parent Relationship": "Outer", "Parallel Aware": true, "Async Capable": false, "Scan Direction": "Forward", "Index Name": "idx_comments_postid", "Relation Name": "comments", "Alias": "c", "Startup Cost": 0.42, "Total Cost": 2872.37, "Plan Rows": 72627, "Plan Width": 4, "Actual Rows": 58097, "Actual Loops": 3, "Heap Fetches": 0, "Workers": []}, {"Node Type": "Index Scan", "Parent Relationship": "Inner", "Parallel Aware": false, "Async Capable": false, "Scan Direction": "Forward", "Index Name": "posts_pkey", "Relation Name": "posts", "Alias": "p", "Startup Cost": 0.29, "Total Cost": 4388.87, "Plan Rows": 2834, "Plan Width": 8, "Actual Rows": 12966, "Actual Loops": 3, "Filter": "((viewcount >= 0) AND (answercount >= 0) AND (answercount <= 7) AND (favoritecount >= 0) AND (favoritecount <= 17))", "Rows Removed by Filter": 78755, "Workers": []}]}, {"Node Type": "Index Scan", "Parent Relationship": "Inner", "Parallel Aware": false, "Async Capable": false, "Scan Direction": "Forward", "Index Name": "idx_votes_postid", "Relation Name": "votes", "Alias": "v", "Startup Cost": 0.42, "Total Cost": 0.58, "Plan Rows": 1, "Plan Width": 4, "Actual Rows": 2, "Actual Loops": 30578, "Index Cond": "(postid = c.postid)", "Rows Removed by Index Recheck": 0, "Filter": "(votetypeid = 5)", "Rows Removed by Filter": 6, "Workers": []}]}, {"Node Type": "Index Scan", "Parent Relationship": "Inner", "Parallel Aware": false, "Async Capable": false, "Scan Direction": "Forward", "Index Name": "users_pkey", "Relation Name": "users", "Alias": "u", "Startup Cost": 0.29, "Total Cost": 0.9, "Plan Rows": 1, "Plan Width": 4, "Actual Rows": 1, "Actual Loops": 65424, "Index Cond": "(id = p.owneruserid)", "Rows Removed by Index Recheck": 0, "Filter": "((reputation >= 1) AND (views >= 0) AND (creationdate >= '2010-08-19 06:26:34'::timestamp without time zone) AND (creationdate <= '2014-09-11 05:22:26'::timestamp without time zone))", "Rows Removed by Filter": 0, "Workers": []}]}, {"Node Type": "Index Only Scan", "Parent Relationship": "Inner", "Parallel Aware": false, "Async Capable": false, "Scan Direction": "Forward", "Index Name": "idx_posthistory_postid", "Relation Name": "posthistory", "Alias": "ph", "Startup Cost": 0.42, "Total Cost": 0.5, "Plan Rows": 4, "Plan Width": 4, "Actual Rows": 7, "Actual Loops": 55797, "Index Cond": "(postid = c.postid)", "Rows Removed by Index Recheck": 0, "Heap Fetches": 0, "Workers": []}]}, {"Node Type": "Index Scan", "Parent Relationship": "Inner", "Parallel Aware": false, "Async Capable": false, "Scan Direction": "Forward", "Index Name": "idx_badges_userid", "Relation Name": "badges", "Alias": "b", "Startup Cost": 0.29, "Total Cost": 0.41, "Plan Rows": 3, "Plan Width": 4, "Actual Rows": 16, "Actual Loops": 375085, "Index Cond": "(userid = u.id)", "Rows Removed by Index Recheck": 0, "Filter": "(date >= '2010-08-01 02:54:53'::timestamp without time zone)", "Rows Removed by Filter": 0, "Workers": []}]}]}]}]}, "Planning Time": 6.979, "Triggers": [], "Execution Time": 941.795}, {"Plan": {"Node Type": "Aggregate", "Strategy": "Plain", "Partial Mode": "Finalize", "Parallel Aware": false, "Async Capable": false, "Startup Cost": 20626.8, "Total Cost": 20626.81, "Plan Rows": 1, "Plan Width": 8, "Actual Rows": 1, "Actual Loops": 1, "Plans": [{"Node Type": "Gather", "Parent Relationship": "Outer", "Parallel Aware": false, "Async Capable": false, "Startup Cost": 20626.69, "Total Cost": 20626.8, "Plan Rows": 1, "Plan Width": 8, "Actual Rows": 2, "Actual Loops": 1, "Workers Planned": 1, "Workers Launched": 1, "Single Copy": false, "Plans": [{"Node Type": "Aggregate", "Strategy": "Plain", "Partial Mode": "Partial", "Parent Relationship": "Outer", "Parallel Aware": false, "Async Capable": false, "Startup Cost": 19626.69, "Total Cost": 19626.7, "Plan Rows": 1, "Plan Width": 8, "Actual Rows": 1, "Actual Loops": 2, "Workers": [], "Plans": [{"Node Type": "Hash Join", "Parent Relationship": "Outer", "Parallel Aware": false, "Async Capable": false, "Join Type": "Inner", "Startup Cost": 16410.94, "Total Cost": 19277.94, "Plan Rows": 139500, "Plan Width": 0, "Actual Rows": 2991441, "Actual Loops": 2, "Inner Unique": false, "Hash Cond": "(p.owneruserid = u.id)", "Workers": [], "Plans": [{"Node Type": "Hash Join", "Parent Relationship": "Outer", "Parallel Aware": true, "Async Capable": false, "Join Type": "Inner", "Startup Cost": 12213.3, "Total Cost": 14989.51, "Plan Rows": 3809, "Plan Width": 4, "Actual Rows": 217712, "Actual Loops": 2, "Inner Unique": false, "Hash Cond": "(c.postid = p.id)", "Workers": [], "Plans": [{"Node Type": "Seq Scan", "Parent Relationship": "Outer", "Parallel Aware": true, "Async Capable": false, "Relation Name": "comments", "Alias": "c", "Startup Cost": 0.0, "Total Cost": 2369.32, "Plan Rows": 102532, "Plan Width": 4, "Actual Rows": 87152, "Actual Loops": 2, "Workers": []}, {"Node Type": "Hash", "Parent Relationship": "Inner", "Parallel Aware": true, "Async Capable": false, "Startup Cost": 12188.18, "Total Cost": 12188.18, "Plan Rows": 2009, "Plan Width": 16, "Actual Rows": 77292, "Actual Loops": 2, "Hash Buckets": 262144, "Original Hash Buckets": 4096, "Hash Batches": 1, "Original Hash Batches": 1, "Peak Memory Usage": 11360, "Workers": [], "Plans": [{"Node Type": "Hash Join", "Parent Relationship": "Outer", "Parallel Aware": true, "Async Capable": false, "Join Type": "Inner", "Startup Cost": 7505.2, "Total Cost": 12188.18, "Plan Rows": 2009, "Plan Width": 16, "Actual Rows": 77292, "Actual Loops": 2, "Inner Unique": false, "Hash Cond": "(v.postid = p.id)", "Workers": [], "Plans": [{"Node Type": "Seq Scan", "Parent Relationship": "Outer", "Parallel Aware": true, "Async Capable": false, "Relation Name": "votes", "Alias": "v", "Startup Cost": 0.0, "Total Cost": 4572.24, "Plan Rows": 19785, "Plan Width": 4, "Actual Rows": 16846, "Actual Loops": 2, "Filter": "(votetypeid = 5)", "Rows Removed by Filter": 147186, "Workers": []}, {"Node Type": "Hash", "Parent Relationship": "Inner", "Parallel Aware": true, "Async Capable": false, "Startup Cost": 7436.52, "Total Cost": 7436.52, "Plan Rows": 5495, "Plan Width": 12, "Actual Rows": 36791, "Actual Loops": 2, "Hash Buckets": 131072, "Original Hash Buckets": 16384, "Hash Batches": 1, "Original Hash Batches": 1, "Peak Memory Usage": 5376, "Workers": [], "Plans": [{"Node Type": "Hash Join", "Parent Relationship": "Outer", "Parallel Aware": false, "Async Capable": false, "Join Type": "Inner", "Startup Cost": 2944.89, "Total Cost": 7436.52, "Plan Rows": 5495, "Plan Width": 12, "Actual Rows": 36791, "Actual Loops": 2, "Inner Unique": true, "Hash Cond": "(ph.postid = p.id)", "Workers": [], "Plans": [{"Node Type": "Seq Scan", "Parent Relationship": "Outer", "Parallel Aware": true, "Async Capable": false, "Relation Name": "posthistory", "Alias": "ph", "Startup Cost": 0.0, "Total Cost": 4023.45, "Plan Rows": 178345, "Plan Width": 4, "Actual Rows": 151594, "Actual Loops": 2, "Workers": []}, {"Node Type": "Hash", "Parent Relationship": "Inner", "Parallel Aware": false, "Async Capable": false, "Startup Cost": 2909.46, "Total Cost": 2909.46, "Plan Rows": 2834, "Plan Width": 8, "Actual Rows": 12978, "Actual Loops": 2, "Hash Buckets": 16384, "Original Hash Buckets": 4096, "Hash Batches": 1, "Original Hash Batches": 1, "Peak Memory Usage": 634, "Workers": [], "Plans": [{"Node Type": "Seq Scan", "Parent Relationship": "Outer", "Parallel Aware": false, "Async Capable": false, "Relation Name": "posts", "Alias": "p", "Startup Cost": 0.0, "Total Cost": 2909.46, "Plan Rows": 2834, "Plan Width": 8, "Actual Rows": 12978, "Actual Loops": 2, "Filter": "((viewcount >= 0) AND (answercount >= 0) AND (answercount <= 7) AND (favoritecount >= 0) AND (favoritecount <= 17))", "Rows Removed by Filter": 78998, "Workers": []}]}]}]}]}]}]}, {"Node Type": "Hash", "Parent Relationship": "Inner", "Parallel Aware": false, "Async Capable": false, "Startup Cost": 3233.64, "Total Cost": 3233.64, "Plan Rows": 77120, "Plan Width": 8, "Actual Rows": 71850, "Actual Loops": 2, "Hash Buckets": 131072, "Original Hash Buckets": 131072, "Hash Batches": 1, "Original Hash Batches": 1, "Peak Memory Usage": 3831, "Workers": [], "Plans": [{"Node Type": "Hash Join", "Parent Relationship": "Outer", "Parallel Aware": false, "Async Capable": false, "Join Type": "Inner", "Startup Cost": 1596.5, "Total Cost": 3233.64, "Plan Rows": 77120, "Plan Width": 8, "Actual Rows": 71850, "Actual Loops": 2, "Inner Unique": true, "Hash Cond": "(b.userid = u.id)", "Workers": [], "Plans": [{"Node Type": "Seq Scan", "Parent Relationship": "Outer", "Parallel Aware": false, "Async Capable": false, "Relation Name": "badges", "Alias": "b", "Startup Cost": 0.0, "Total Cost": 1430.14, "Plan Rows": 78850, "Plan Width": 4, "Actual Rows": 78870, "Actual Loops": 2, "Filter": "(date >= '2010-08-01 02:54:53'::timestamp without time zone)", "Rows Removed by Filter": 981, "Workers": []}, {"Node Type": "Hash", "Parent Relationship": "Inner", "Parallel Aware": false, "Async Capable": false, "Startup Cost": 1103.5, "Total Cost": 1103.5, "Plan Rows": 39440, "Plan Width": 4, "Actual Rows": 39438, "Actual Loops": 2, "Hash Buckets": 65536, "Original Hash Buckets": 65536, "Hash Batches": 1, "Original Hash Batches": 1, "Peak Memory Usage": 1899, "Workers": [], "Plans": [{"Node Type": "Seq Scan", "Parent Relationship": "Outer", "Parallel Aware": false, "Async Capable": false, "Relation Name": "users", "Alias": "u", "Startup Cost": 0.0, "Total Cost": 1103.5, "Plan Rows": 39440, "Plan Width": 4, "Actual Rows": 39438, "Actual Loops": 2, "Filter": "((reputation >= 1) AND (views >= 0) AND (creationdate >= '2010-08-19 06:26:34'::timestamp without time zone) AND (creationdate <= '2014-09-11 05:22:26'::timestamp without time zone))", "Rows Removed by Filter": 887, "Workers": []}]}]}]}]}]}]}]}, "Planning Time": 12.408, "Triggers": [], "Execution Time": 554.791}, {"Plan": {"Node Type": "Aggregate", "Strategy": "Plain", "Partial Mode": "Finalize", "Parallel Aware": false, "Async Capable": false, "Startup Cost": 12381.6, "Total Cost": 12381.61, "Plan Rows": 1, "Plan Width": 8, "Actual Rows": 1, "Actual Loops": 1, "Plans": [{"Node Type": "Gather", "Parent Relationship": "Outer", "Parallel Aware": false, "Async Capable": false, "Startup Cost": 12381.38, "Total Cost": 12381.59, "Plan Rows": 2, "Plan Width": 8, "Actual Rows": 3, "Actual Loops": 1, "Workers Planned": 2, "Workers Launched": 2, "Single Copy": false, "Plans": [{"Node Type": "Aggregate", "Strategy": "Plain", "Partial Mode": "Partial", "Parent Relationship": "Outer", "Parallel Aware": false, "Async Capable": false, "Startup Cost": 11381.38, "Total Cost": 11381.39, "Plan Rows": 1, "Plan Width": 8, "Actual Rows": 1, "Actual Loops": 3, "Workers": [], "Plans": [{"Node Type": "Nested Loop", "Parent Relationship": "Outer", "Parallel Aware": false, "Async Capable": false, "Join Type": "Inner", "Startup Cost": 4426.14, "Total Cost": 11134.35, "Plan Rows": 98812, "Plan Width": 0, "Actual Rows": 1994294, "Actual Loops": 3, "Inner Unique": false, "Workers": [], "Plans": [{"Node Type": "Nested Loop", "Parent Relationship": "Outer", "Parallel Aware": false, "Async Capable": false, "Join Type": "Inner", "Startup Cost": 4425.85, "Total Cost": 9991.05, "Plan Rows": 2599, "Plan Width": 8, "Actual Rows": 125028, "Actual Loops": 3, "Inner Unique": false, "Join Filter": "(p.id = ph.postid)", "Rows Removed by Join Filter": 0, "Workers": [], "Plans": [{"Node Type": "Nested Loop", "Parent Relationship": "Outer", "Parallel Aware": false, "Async Capable": false, "Join Type": "Inner", "Startup Cost": 4425.43, "Total Cost": 9553.88, "Plan Rows": 788, "Plan Width": 20, "Actual Rows": 18599, "Actual Loops": 3, "Inner Unique": true, "Workers": [], "Plans": [{"Node Type": "Nested Loop", "Parent Relationship": "Outer", "Parallel Aware": false, "Async Capable": false, "Join Type": "Inner", "Startup Cost": 4425.14, "Total Cost": 8820.8, "Plan Rows": 818, "Plan Width": 16, "Actual Rows": 21808, "Actual Loops": 3, "Inner Unique": false, "Join Filter": "(p.id = v.postid)", "Rows Removed by Join Filter": 0, "Workers": [], "Plans": [{"Node Type": "Hash Join", "Parent Relationship": "Outer", "Parallel Aware": false, "Async Capable": false, "Join Type": "Inner", "Startup Cost": 4424.71, "Total Cost": 7487.32, "Plan Rows": 2238, "Plan Width": 12, "Actual Rows": 10193, "Actual Loops": 3, "Inner Unique": true, "Hash Cond": "(c.postid = p.id)", "Workers": [], "Plans": [{"Node Type": "Index Only Scan", "Parent Relationship": "Outer", "Parallel Aware": true, "Async Capable": false, "Scan Direction": "Forward", "Index Name": "idx_comments_postid", "Relation Name": "comments", "Alias": "c", "Startup Cost": 0.42, "Total Cost": 2872.37, "Plan Rows": 72627, "Plan Width": 4, "Actual Rows": 58102, "Actual Loops": 3, "Heap Fetches": 0, "Workers": []}, {"Node Type": "Hash", "Parent Relationship": "Inner", "Parallel Aware": false, "Async Capable": false, "Startup Cost": 4388.87, "Total Cost": 4388.87, "Plan Rows": 2834, "Plan Width": 8, "Actual Rows": 12978, "Actual Loops": 3, "Hash Buckets": 16384, "Original Hash Buckets": 4096, "Hash Batches": 1, "Original Hash Batches": 1, "Peak Memory Usage": 634, "Workers": [], "Plans": [{"Node Type": "Index Scan", "Parent Relationship": "Outer", "Parallel Aware": false, "Async Capable": false, "Scan Direction": "Forward", "Index Name": "posts_pkey", "Relation Name": "posts", "Alias": "p", "Startup Cost": 0.29, "Total Cost": 4388.87, "Plan Rows": 2834, "Plan Width": 8, "Actual Rows": 12978, "Actual Loops": 3, "Filter": "((viewcount >= 0) AND (answercount >= 0) AND (answercount <= 7) AND (favoritecount >= 0) AND (favoritecount <= 17))", "Rows Removed by Filter": 78998, "Workers": []}]}]}, {"Node Type": "Index Scan", "Parent Relationship": "Inner", "Parallel Aware": false, "Async Capable": false, "Scan Direction": "Forward", "Index Name": "idx_votes_postid", "Relation Name": "votes", "Alias": "v", "Startup Cost": 0.42, "Total Cost": 0.58, "Plan Rows": 1, "Plan Width": 4, "Actual Rows": 2, "Actual Loops": 30578, "Index Cond": "(postid = c.postid)", "Rows Removed by Index Recheck": 0, "Filter": "(votetypeid = 5)", "Rows Removed by Filter": 6, "Workers": []}]}, {"Node Type": "Index Scan", "Parent Relationship": "Inner", "Parallel Aware": false, "Async Capable": false, "Scan Direction": "Forward", "Index Name": "users_pkey", "Relation Name": "users", "Alias": "u", "Startup Cost": 0.29, "Total Cost": 0.9, "Plan Rows": 1, "Plan Width": 4, "Actual Rows": 1, "Actual Loops": 65424, "Index Cond": "(id = p.owneruserid)", "Rows Removed by Index Recheck": 0, "Filter": "((reputation >= 1) AND (views >= 0) AND (creationdate >= '2010-08-19 06:26:34'::timestamp without time zone) AND (creationdate <= '2014-09-11 05:22:26'::timestamp without time zone))", "Rows Removed by Filter": 0, "Workers": []}]}, {"Node Type": "Index Only Scan", "Parent Relationship": "Inner", "Parallel Aware": false, "Async Capable": false, "Scan Direction": "Forward", "Index Name": "idx_posthistory_postid", "Relation Name": "posthistory", "Alias": "ph", "Startup Cost": 0.42, "Total Cost": 0.5, "Plan Rows": 4, "Plan Width": 4, "Actual Rows": 7, "Actual Loops": 55797, "Index Cond": "(postid = c.postid)", "Rows Removed by Index Recheck": 0, "Heap Fetches": 0, "Workers": []}]}, {"Node Type": "Index Scan", "Parent Relationship": "Inner", "Parallel Aware": false, "Async Capable": false, "Scan Direction": "Forward", "Index Name": "idx_badges_userid", "Relation Name": "badges", "Alias": "b", "Startup Cost": 0.29, "Total Cost": 0.41, "Plan Rows": 3, "Plan Width": 4, "Actual Rows": 16, "Actual Loops": 375085, "Index Cond": "(userid = u.id)", "Rows Removed by Index Recheck": 0, "Filter": "(date >= '2010-08-01 02:54:53'::timestamp without time zone)", "Rows Removed by Filter": 0, "Workers": []}]}]}]}]}, "Planning Time": 5.714, "Triggers": [], "Execution Time": 929.42}, {"Plan": {"Node Type": "Aggregate", "Strategy": "Plain", "Partial Mode": "Finalize", "Parallel Aware": false, "Async Capable": false, "Startup Cost": 12019.81, "Total Cost": 12019.82, "Plan Rows": 1, "Plan Width": 8, "Actual Rows": 1, "Actual Loops": 1, "Plans": [{"Node Type": "Gather", "Parent Relationship": "Outer", "Parallel Aware": false, "Async Capable": false, "Startup Cost": 12019.7, "Total Cost": 12019.81, "Plan Rows": 1, "Plan Width": 8, "Actual Rows": 2, "Actual Loops": 1, "Workers Planned": 1, "Workers Launched": 1, "Single Copy": false, "Plans": [{"Node Type": "Aggregate", "Strategy": "Plain", "Partial Mode": "Partial", "Parent Relationship": "Outer", "Parallel Aware": false, "Async Capable": false, "Startup Cost": 11019.7, "Total Cost": 11019.71, "Plan Rows": 1, "Plan Width": 8, "Actual Rows": 1, "Actual Loops": 2, "Workers": [], "Plans": [{"Node Type": "Nested Loop", "Parent Relationship": "Outer", "Parallel Aware": false, "Async Capable": false, "Join Type": "Inner", "Startup Cost": 2946.31, "Total Cost": 10670.95, "Plan Rows": 139500, "Plan Width": 0, "Actual Rows": 2991441, "Actual Loops": 2, "Inner Unique": false, "Workers": [], "Plans": [{"Node Type": "Nested Loop", "Parent Relationship": "Outer", "Parallel Aware": false, "Async Capable": false, "Join Type": "Inner", "Startup Cost": 2946.02, "Total Cost": 9056.94, "Plan Rows": 3669, "Plan Width": 8, "Actual Rows": 187542, "Actual Loops": 2, "Inner Unique": false, "Join Filter": "(p.id = ph.postid)", "Rows Removed by Join Filter": 0, "Workers": [], "Plans": [{"Node Type": "Nested Loop", "Parent Relationship": "Outer", "Parallel Aware": false, "Async Capable": false, "Join Type": "Inner", "Startup Cost": 2945.6, "Total Cost": 8439.47, "Plan Rows": 1113, "Plan Width": 20, "Actual Rows": 27898, "Actual Loops": 2, "Inner Unique": false, "Join Filter": "(c.postid = p.id)", "Rows Removed by Join Filter": 0, "Workers": [], "Plans": [{"Node Type": "Nested Loop", "Parent Relationship": "Outer", "Parallel Aware": false, "Async Capable": false, "Join Type": "Inner", "Startup Cost": 2945.18, "Total Cost": 8114.83, "Plan Rows": 587, "Plan Width": 16, "Actual Rows": 10816, "Actual Loops": 2, "Inner Unique": true, "Workers": [], "Plans": [{"Node Type": "Hash Join", "Parent Relationship": "Outer", "Parallel Aware": false, "Async Capable": false, "Join Type": "Inner", "Startup Cost": 2944.89, "Total Cost": 7569.06, "Plan Rows": 609, "Plan Width": 12, "Actual Rows": 12966, "Actual Loops": 2, "Inner Unique": true, "Hash Cond": "(v.postid = p.id)", "Workers": [], "Plans": [{"Node Type": "Seq Scan", "Parent Relationship": "Outer", "Parallel Aware": true, "Async Capable": false, "Relation Name": "votes", "Alias": "v", "Startup Cost": 0.0, "Total Cost": 4572.24, "Plan Rows": 19785, "Plan Width": 4, "Actual Rows": 16846, "Actual Loops": 2, "Filter": "(votetypeid = 5)", "Rows Removed by Filter": 147186, "Workers": []}, {"Node Type": "Hash", "Parent Relationship": "Inner", "Parallel Aware": false, "Async Capable": false, "Startup Cost": 2909.46, "Total Cost": 2909.46, "Plan Rows": 2834, "Plan Width": 8, "Actual Rows": 12978, "Actual Loops": 2, "Hash Buckets": 16384, "Original Hash Buckets": 4096, "Hash Batches": 1, "Original Hash Batches": 1, "Peak Memory Usage": 634, "Workers": [], "Plans": [{"Node Type": "Seq Scan", "Parent Relationship": "Outer", "Parallel Aware": false, "Async Capable": false, "Relation Name": "posts", "Alias": "p", "Startup Cost": 0.0, "Total Cost": 2909.46, "Plan Rows": 2834, "Plan Width": 8, "Actual Rows": 12978, "Actual Loops": 2, "Filter": "((viewcount >= 0) AND (answercount >= 0) AND (answercount <= 7) AND (favoritecount >= 0) AND (favoritecount <= 17))", "Rows Removed by Filter": 78998, "Workers": []}]}]}, {"Node Type": "Index Scan", "Parent Relationship": "Inner", "Parallel Aware": false, "Async Capable": false, "Scan Direction": "Forward", "Index Name": "users_pkey", "Relation Name": "users", "Alias": "u", "Startup Cost": 0.29, "Total Cost": 0.9, "Plan Rows": 1, "Plan Width": 4, "Actual Rows": 1, "Actual Loops": 25932, "Index Cond": "(id = p.owneruserid)", "Rows Removed by Index Recheck": 0, "Filter": "((reputation >= 1) AND (views >= 0) AND (creationdate >= '2010-08-19 06:26:34'::timestamp without time zone) AND (creationdate <= '2014-09-11 05:22:26'::timestamp without time zone))", "Rows Removed by Filter": 0, "Workers": []}]}, {"Node Type": "Index Only Scan", "Parent Relationship": "Inner", "Parallel Aware": false, "Async Capable": false, "Scan Direction": "Forward", "Index Name": "idx_comments_postid", "Relation Name": "comments", "Alias": "c", "Startup Cost": 0.42, "Total Cost": 0.52, "Plan Rows": 3, "Plan Width": 4, "Actual Rows": 3, "Actual Loops": 21632, "Index Cond": "(postid = v.postid)", "Rows Removed by Index Recheck": 0, "Heap Fetches": 0, "Workers": []}]}, {"Node Type": "Index Only Scan", "Parent Relationship": "Inner", "Parallel Aware": false, "Async Capable": false, "Scan Direction": "Forward", "Index Name": "idx_posthistory_postid", "Relation Name": "posthistory", "Alias": "ph", "Startup Cost": 0.42, "Total Cost": 0.5, "Plan Rows": 4, "Plan Width": 4, "Actual Rows": 7, "Actual Loops": 55797, "Index Cond": "(postid = c.postid)", "Rows Removed by Index Recheck": 0, "Heap Fetches": 0, "Workers": []}]}, {"Node Type": "Index Scan", "Parent Relationship": "Inner", "Parallel Aware": false, "Async Capable": false, "Scan Direction": "Forward", "Index Name": "idx_badges_userid", "Relation Name": "badges", "Alias": "b", "Startup Cost": 0.29, "Total Cost": 0.41, "Plan Rows": 3, "Plan Width": 4, "Actual Rows": 16, "Actual Loops": 375085, "Index Cond": "(userid = u.id)", "Rows Removed by Index Recheck": 0, "Filter": "(date >= '2010-08-01 02:54:53'::timestamp without time zone)", "Rows Removed by Filter": 0, "Workers": []}]}]}]}]}, "Planning Time": 9.164, "Triggers": [], "Execution Time": 1258.717}, {"Plan": {"Node Type": "Aggregate", "Strategy": "Plain", "Partial Mode": "Simple", "Parallel Aware": false, "Async Capable": false, "Startup Cost": 60000036256.83, "Total Cost": 60000036256.84, "Plan Rows": 1, "Plan Width": 8, "Actual Rows": 1, "Actual Loops": 1, "Plans": [{"Node Type": "Merge Join", "Parent Relationship": "Outer", "Parallel Aware": false, "Async Capable": false, "Join Type": "Inner", "Startup Cost": 60000021740.42, "Total Cost": 60000035663.95, "Plan Rows": 237150, "Plan Width": 0, "Actual Rows": 5982882, "Actual Loops": 1, "Inner Unique": false, "Merge Cond": "(u.id = b.userid)", "Plans": [{"Node Type": "Nested Loop", "Parent Relationship": "Outer", "Parallel Aware": false, "Async Capable": false, "Join Type": "Inner", "Startup Cost": 50000021740.13, "Total Cost": 50000032264.3, "Plan Rows": 6237, "Plan Width": 8, "Actual Rows": 375085, "Actual Loops": 1, "Inner Unique": false, "Join Filter": "(p.id = ph.postid)", "Rows Removed by Join Filter": 0, "Plans": [{"Node Type": "Merge Join", "Parent Relationship": "Outer", "Parallel Aware": false, "Async Capable": false, "Join Type": "Inner", "Startup Cost": 40000021739.67, "Total Cost": 40000023626.98, "Plan Rows": 1892, "Plan Width": 20, "Actual Rows": 55797, "Actual Loops": 1, "Inner Unique": true, "Merge Cond": "(p.owneruserid = u.id)", "Plans": [{"Node Type": "Sort", "Parent Relationship": "Outer", "Parallel Aware": false, "Async Capable": false, "Startup Cost": 30000021739.38, "Total Cost": 30000021744.29, "Plan Rows": 1964, "Plan Width": 16, "Actual Rows": 64322, "Actual Loops": 1, "Sort Key": ["p.owneruserid"], "Sort Method": "quicksort", "Sort Space Used": 4092, "Sort Space Type": "Memory", "Plans": [{"Node Type": "Merge Join", "Parent Relationship": "Outer", "Parallel Aware": false, "Async Capable": false, "Join Type": "Inner", "Startup Cost": 30000000001.14, "Total Cost": 30000021631.95, "Plan Rows": 1964, "Plan Width": 16, "Actual Rows": 65424, "Actual Loops": 1, "Inner Unique": false, "Merge Cond": "(p.id = c.postid)", "Plans": [{"Node Type": "Merge Join", "Parent Relationship": "Outer", "Parallel Aware": false, "Async Capable": false, "Join Type": "Inner", "Startup Cost": 20000000000.72, "Total Cost": 20000017284.82, "Plan Rows": 1036, "Plan Width": 12, "Actual Rows": 25932, "Actual Loops": 1, "Inner Unique": false, "Merge Cond": "(p.id = v.postid)", "Plans": [{"Node Type": "Index Scan", "Parent Relationship": "Outer", "Parallel Aware": false, "Async Capable": false, "Scan Direction": "Forward", "Index Name": "posts_pkey", "Relation Name": "posts", "Alias": "p", "Startup Cost": 10000000000.29, "Total Cost": 10000004388.87, "Plan Rows": 2834, "Plan Width": 8, "Actual Rows": 12978, "Actual Loops": 1, "Filter": "((viewcount >= 0) AND (answercount >= 0) AND (answercount <= 7) AND (favoritecount >= 0) AND (favoritecount <= 17))", "Rows Removed by Filter": 78998}, {"Node Type": "Index Scan", "Parent Relationship": "Inner", "Parallel Aware": false, "Async Capable": false, "Scan Direction": "Forward", "Index Name": "idx_votes_postid", "Relation Name": "votes", "Alias": "v", "Startup Cost": 10000000000.42, "Total Cost": 10000012794.42, "Plan Rows": 33635, "Plan Width": 4, "Actual Rows": 33691, "Actual Loops": 1, "Filter": "(votetypeid = 5)", "Rows Removed by Filter": 294373}]}, {"Node Type": "Index Only Scan", "Parent Relationship": "Inner", "Parallel Aware": false, "Async Capable": false, "Scan Direction": "Forward", "Index Name": "idx_comments_postid", "Relation Name": "comments", "Alias": "c", "Startup Cost": 10000000000.42, "Total Cost": 10000003889.15, "Plan Rows": 174305, "Plan Width": 4, "Actual Rows": 211270, "Actual Loops": 1, "Heap Fetches": 0}]}]}, {"Node Type": "Index Scan", "Parent Relationship": "Inner", "Parallel Aware": false, "Async Capable": false, "Scan Direction": "Forward", "Index Name": "users_pkey", "Relation Name": "users", "Alias": "u", "Startup Cost": 10000000000.29, "Total Cost": 10000001760.42, "Plan Rows": 39440, "Plan Width": 4, "Actual Rows": 39438, "Actual Loops": 1, "Filter": "((reputation >= 1) AND (views >= 0) AND (creationdate >= '2010-08-19 06:26:34'::timestamp without time zone) AND (creationdate <= '2014-09-11 05:22:26'::timestamp without time zone))", "Rows Removed by Filter": 887}]}, {"Node Type": "Bitmap Heap Scan", "Parent Relationship": "Inner", "Parallel Aware": false, "Async Capable": false, "Relation Name": "posthistory", "Alias": "ph", "Startup Cost": 0.47, "Total Cost": 4.52, "Plan Rows": 4, "Plan Width": 4, "Actual Rows": 7, "Actual Loops": 55797, "Recheck Cond": "(c.postid = postid)", "Rows Removed by Index Recheck": 0, "Exact Heap Blocks": 122829, "Lossy Heap Blocks": 0, "Plans": [{"Node Type": "Bitmap Index Scan", "Parent Relationship": "Outer", "Parallel Aware": false, "Async Capable": false, "Index Name": "idx_posthistory_postid", "Startup Cost": 0.0, "Total Cost": 0.46, "Plan Rows": 4, "Plan Width": 0, "Actual Rows": 7, "Actual Loops": 55797, "Index Cond": "(postid = c.postid)"}]}]}, {"Node Type": "Index Scan", "Parent Relationship": "Inner", "Parallel Aware": false, "Async Capable": false, "Scan Direction": "Forward", "Index Name": "idx_badges_userid", "Relation Name": "badges", "Alias": "b", "Startup Cost": 10000000000.29, "Total Cost": 10000003064.97, "Plan Rows": 78850, "Plan Width": 4, "Actual Rows": 6033069, "Actual Loops": 1, "Filter": "(date >= '2010-08-01 02:54:53'::timestamp without time zone)", "Rows Removed by Filter": 981}]}]}, "Planning Time": 6.112, "Triggers": [], "Execution Time": 2239.656}, {"Plan": {"Node Type": "Aggregate", "Strategy": "Plain", "Partial Mode": "Simple", "Parallel Aware": false, "Async Capable": false, "Startup Cost": 10000051141.3, "Total Cost": 10000051141.31, "Plan Rows": 1, "Plan Width": 8, "Actual Rows": 1, "Actual Loops": 1, "Plans": [{"Node Type": "Nested Loop", "Parent Relationship": "Outer", "Parallel Aware": false, "Async Capable": false, "Join Type": "Inner", "Startup Cost": 10000000003.36, "Total Cost": 10000050548.42, "Plan Rows": 237150, "Plan Width": 0, "Actual Rows": 5982882, "Actual Loops": 1, "Inner Unique": false, "Join Filter": "(b.userid = u.id)", "Rows Removed by Join Filter": 0, "Plans": [{"Node Type": "Nested Loop", "Parent Relationship": "Outer", "Parallel Aware": false, "Async Capable": false, "Join Type": "Inner", "Startup Cost": 10000000002.85, "Total Cost": 10000037911.64, "Plan Rows": 6237, "Plan Width": 8, "Actual Rows": 375085, "Actual Loops": 1, "Inner Unique": false, "Join Filter": "(p.id = ph.postid)", "Rows Removed by Join Filter": 0, "Plans": [{"Node Type": "Nested Loop", "Parent Relationship": "Outer", "Parallel Aware": false, "Async Capable": false, "Join Type": "Inner", "Startup Cost": 10000000002.38, "Total Cost": 10000029274.32, "Plan Rows": 1892, "Plan Width": 20, "Actual Rows": 55797, "Actual Loops": 1, "Inner Unique": false, "Join Filter": "(c.postid = p.id)", "Rows Removed by Join Filter": 0, "Plans": [{"Node Type": "Nested Loop", "Parent Relationship": "Outer", "Parallel Aware": false, "Async Capable": false, "Join Type": "Inner", "Startup Cost": 10000000001.9, "Total Cost": 10000024729.62, "Plan Rows": 998, "Plan Width": 16, "Actual Rows": 21632, "Actual Loops": 1, "Inner Unique": true, "Plans": [{"Node Type": "Nested Loop", "Parent Relationship": "Outer", "Parallel Aware": false, "Async Capable": false, "Join Type": "Inner", "Startup Cost": 10000000001.45, "Total Cost": 10000020088.61, "Plan Rows": 1036, "Plan Width": 12, "Actual Rows": 25932, "Actual Loops": 1, "Inner Unique": false, "Plans": [{"Node Type": "Index Scan", "Parent Relationship": "Outer", "Parallel Aware": false, "Async Capable": false, "Scan Direction": "Forward", "Index Name": "idx_posts_owneruserid", "Relation Name": "posts", "Alias": "p", "Startup Cost": 10000000000.29, "Total Cost": 10000005243.37, "Plan Rows": 2834, "Plan Width": 8, "Actual Rows": 12978, "Actual Loops": 1, "Filter": "((viewcount >= 0) AND (answercount >= 0) AND (answercount <= 7) AND (favoritecount >= 0) AND (favoritecount <= 17))", "Rows Removed by Filter": 78998}, {"Node Type": "Bitmap Heap Scan", "Parent Relationship": "Inner", "Parallel Aware": false, "Async Capable": false, "Relation Name": "votes", "Alias": "v", "Startup Cost": 1.15, "Total Cost": 5.23, "Plan Rows": 1, "Plan Width": 4, "Actual Rows": 2, "Actual Loops": 12978, "Recheck Cond": "(p.id = postid)", "Rows Removed by Index Recheck": 0, "Filter": "(votetypeid = 5)", "Rows Removed by Filter": 5, "Exact Heap Blocks": 54886, "Lossy Heap Blocks": 0, "Plans": [{"Node Type": "Bitmap Index Scan", "Parent Relationship": "Outer", "Parallel Aware": false, "Async Capable": false, "Index Name": "idx_votes_postid", "Startup Cost": 0.0, "Total Cost": 1.15, "Plan Rows": 5, "Plan Width": 0, "Actual Rows": 7, "Actual Loops": 12978, "Index Cond": "(postid = p.id)"}]}]}, {"Node Type": "Bitmap Heap Scan", "Parent Relationship": "Inner", "Parallel Aware": false, "Async Capable": false, "Relation Name": "users", "Alias": "u", "Startup Cost": 0.46, "Total Cost": 4.48, "Plan Rows": 1, "Plan Width": 4, "Actual Rows": 1, "Actual Loops": 25932, "Recheck Cond": "(p.owneruserid = id)", "Rows Removed by Index Recheck": 0, "Filter": "((reputation >= 1) AND (views >= 0) AND (creationdate >= '2010-08-19 06:26:34'::timestamp without time zone) AND (creationdate <= '2014-09-11 05:22:26'::timestamp without time zone))", "Rows Removed by Filter": 0, "Exact Heap Blocks": 25398, "Lossy Heap Blocks": 0, "Plans": [{"Node Type": "Bitmap Index Scan", "Parent Relationship": "Outer", "Parallel Aware": false, "Async Capable": false, "Index Name": "users_pkey", "Startup Cost": 0.0, "Total Cost": 0.46, "Plan Rows": 1, "Plan Width": 0, "Actual Rows": 1, "Actual Loops": 25932, "Index Cond": "(id = p.owneruserid)"}]}]}, {"Node Type": "Bitmap Heap Scan", "Parent Relationship": "Inner", "Parallel Aware": false, "Async Capable": false, "Relation Name": "comments", "Alias": "c", "Startup Cost": 0.48, "Total Cost": 4.52, "Plan Rows": 3, "Plan Width": 4, "Actual Rows": 3, "Actual Loops": 21632, "Recheck Cond": "(postid = v.postid)", "Rows Removed by Index Recheck": 0, "Exact Heap Blocks": 24785, "Lossy Heap Blocks": 0, "Plans": [{"Node Type": "Bitmap Index Scan", "Parent Relationship": "Outer", "Parallel Aware": false, "Async Capable": false, "Index Name": "idx_comments_postid", "Startup Cost": 0.0, "Total Cost": 0.48, "Plan Rows": 3, "Plan Width": 0, "Actual Rows": 3, "Actual Loops": 21632, "Index Cond": "(postid = v.postid)"}]}]}, {"Node Type": "Bitmap Heap Scan", "Parent Relationship": "Inner", "Parallel Aware": false, "Async Capable": false, "Relation Name": "posthistory", "Alias": "ph", "Startup Cost": 0.47, "Total Cost": 4.52, "Plan Rows": 4, "Plan Width": 4, "Actual Rows": 7, "Actual Loops": 55797, "Recheck Cond": "(c.postid = postid)", "Rows Removed by Index Recheck": 0, "Exact Heap Blocks": 122829, "Lossy Heap Blocks": 0, "Plans": [{"Node Type": "Bitmap Index Scan", "Parent Relationship": "Outer", "Parallel Aware": false, "Async Capable": false, "Index Name": "idx_posthistory_postid", "Startup Cost": 0.0, "Total Cost": 0.46, "Plan Rows": 4, "Plan Width": 0, "Actual Rows": 7, "Actual Loops": 55797, "Index Cond": "(postid = c.postid)"}]}]}, {"Node Type": "Memoize", "Parent Relationship": "Inner", "Parallel Aware": false, "Async Capable": false, "Startup Cost": 0.51, "Total Cost": 4.56, "Plan Rows": 3, "Plan Width": 4, "Actual Rows": 16, "Actual Loops": 375085, "Cache Key": "p.owneruserid", "Cache Mode": "logical", "Cache Hits": 370659, "Cache Misses": 4426, "Cache Evictions": 0, "Cache Overflows": 0, "Peak Memory Usage": 1299, "Plans": [{"Node Type": "Bitmap Heap Scan", "Parent Relationship": "Outer", "Parallel Aware": false, "Async Capable": false, "Relation Name": "badges", "Alias": "b", "Startup Cost": 0.5, "Total Cost": 4.55, "Plan Rows": 3, "Plan Width": 4, "Actual Rows": 6, "Actual Loops": 4426, "Recheck Cond": "(p.owneruserid = userid)", "Rows Removed by Index Recheck": 0, "Filter": "(date >= '2010-08-01 02:54:53'::timestamp without time zone)", "Rows Removed by Filter": 0, "Exact Heap Blocks": 21561, "Lossy Heap Blocks": 0, "Plans": [{"Node Type": "Bitmap Index Scan", "Parent Relationship": "Outer", "Parallel Aware": false, "Async Capable": false, "Index Name": "idx_badges_userid", "Startup Cost": 0.0, "Total Cost": 0.5, "Plan Rows": 3, "Plan Width": 0, "Actual Rows": 6, "Actual Loops": 4426, "Index Cond": "(userid = p.owneruserid)"}]}]}]}]}, "Planning Time": 5.678, "Triggers": [], "Execution Time": 1298.536}, {"Plan": {"Node Type": "Aggregate", "Strategy": "Plain", "Partial Mode": "Simple", "Parallel Aware": false, "Async Capable": false, "Startup Cost": 18817.49, "Total Cost": 18817.5, "Plan Rows": 1, "Plan Width": 8, "Actual Rows": 1, "Actual Loops": 1, "Plans": [{"Node Type": "Hash Join", "Parent Relationship": "Outer", "Parallel Aware": false, "Async Capable": false, "Join Type": "Inner", "Startup Cost": 16376.83, "Total Cost": 18224.61, "Plan Rows": 237150, "Plan Width": 0, "Actual Rows": 5982882, "Actual Loops": 1, "Inner Unique": false, "Hash Cond": "(b.userid = u.id)", "Plans": [{"Node Type": "Seq Scan", "Parent Relationship": "Outer", "Parallel Aware": false, "Async Capable": false, "Relation Name": "badges", "Alias": "b", "Startup Cost": 0.0, "Total Cost": 1430.14, "Plan Rows": 78850, "Plan Width": 4, "Actual Rows": 78870, "Actual Loops": 1, "Filter": "(date >= '2010-08-01 02:54:53'::timestamp without time zone)", "Rows Removed by Filter": 981}, {"Node Type": "Hash", "Parent Relationship": "Inner", "Parallel Aware": false, "Async Capable": false, "Startup Cost": 16298.87, "Total Cost": 16298.87, "Plan Rows": 6237, "Plan Width": 8, "Actual Rows": 375085, "Actual Loops": 1, "Hash Buckets": 524288, "Original Hash Buckets": 8192, "Hash Batches": 1, "Original Hash Batches": 1, "Peak Memory Usage": 18748, "Plans": [{"Node Type": "Gather", "Parent Relationship": "Outer", "Parallel Aware": false, "Async Capable": false, "Startup Cost": 12899.78, "Total Cost": 16298.87, "Plan Rows": 6237, "Plan Width": 8, "Actual Rows": 375085, "Actual Loops": 1, "Workers Planned": 1, "Workers Launched": 1, "Single Copy": false, "Plans": [{"Node Type": "Hash Join", "Parent Relationship": "Outer", "Parallel Aware": true, "Async Capable": false, "Join Type": "Inner", "Startup Cost": 11899.78, "Total Cost": 14675.17, "Plan Rows": 3669, "Plan Width": 8, "Actual Rows": 187542, "Actual Loops": 2, "Inner Unique": false, "Hash Cond": "(c.postid = p.id)", "Workers": [], "Plans": [{"Node Type": "Seq Scan", "Parent Relationship": "Outer", "Parallel Aware": true, "Async Capable": false, "Relation Name": "comments", "Alias": "c", "Startup Cost": 0.0, "Total Cost": 2369.32, "Plan Rows": 102532, "Plan Width": 4, "Actual Rows": 87152, "Actual Loops": 2, "Workers": []}, {"Node Type": "Hash", "Parent Relationship": "Inner", "Parallel Aware": true, "Async Capable": false, "Startup Cost": 11875.59, "Total Cost": 11875.59, "Plan Rows": 1935, "Plan Width": 20, "Actual Rows": 65154, "Actual Loops": 2, "Hash Buckets": 131072, "Original Hash Buckets": 4096, "Hash Batches": 1, "Original Hash Batches": 1, "Peak Memory Usage": 9184, "Workers": [], "Plans": [{"Node Type": "Nested Loop", "Parent Relationship": "Outer", "Parallel Aware": false, "Async Capable": false, "Join Type": "Inner", "Startup Cost": 4541.9, "Total Cost": 11875.59, "Plan Rows": 1935, "Plan Width": 20, "Actual Rows": 65154, "Actual Loops": 2, "Inner Unique": false, "Join Filter": "(p.id = ph.postid)", "Rows Removed by Join Filter": 0, "Workers": [], "Plans": [{"Node Type": "Hash Join", "Parent Relationship": "Outer", "Parallel Aware": false, "Async Capable": false, "Join Type": "Inner", "Startup Cost": 4541.39, "Total Cost": 9167.15, "Plan Rows": 587, "Plan Width": 16, "Actual Rows": 10816, "Actual Loops": 2, "Inner Unique": true, "Hash Cond": "(p.owneruserid = u.id)", "Workers": [], "Plans": [{"Node Type": "Hash Join", "Parent Relationship": "Outer", "Parallel Aware": false, "Async Capable": false, "Join Type": "Inner", "Startup Cost": 2944.89, "Total Cost": 7569.06, "Plan Rows": 609, "Plan Width": 12, "Actual Rows": 12966, "Actual Loops": 2, "Inner Unique": true, "Hash Cond": "(v.postid = p.id)", "Workers": [], "Plans": [{"Node Type": "Seq Scan", "Parent Relationship": "Outer", "Parallel Aware": true, "Async Capable": false, "Relation Name": "votes", "Alias": "v", "Startup Cost": 0.0, "Total Cost": 4572.24, "Plan Rows": 19785, "Plan Width": 4, "Actual Rows": 16846, "Actual Loops": 2, "Filter": "(votetypeid = 5)", "Rows Removed by Filter": 147186, "Workers": []}, {"Node Type": "Hash", "Parent Relationship": "Inner", "Parallel Aware": false, "Async Capable": false, "Startup Cost": 2909.46, "Total Cost": 2909.46, "Plan Rows": 2834, "Plan Width": 8, "Actual Rows": 12978, "Actual Loops": 2, "Hash Buckets": 16384, "Original Hash Buckets": 4096, "Hash Batches": 1, "Original Hash Batches": 1, "Peak Memory Usage": 634, "Workers": [], "Plans": [{"Node Type": "Seq Scan", "Parent Relationship": "Outer", "Parallel Aware": false, "Async Capable": false, "Relation Name": "posts", "Alias": "p", "Startup Cost": 0.0, "Total Cost": 2909.46, "Plan Rows": 2834, "Plan Width": 8, "Actual Rows": 12978, "Actual Loops": 2, "Filter": "((viewcount >= 0) AND (answercount >= 0) AND (answercount <= 7) AND (favoritecount >= 0) AND (favoritecount <= 17))", "Rows Removed by Filter": 78998, "Workers": []}]}]}, {"Node Type": "Hash", "Parent Relationship": "Inner", "Parallel Aware": false, "Async Capable": false, "Startup Cost": 1103.5, "Total Cost": 1103.5, "Plan Rows": 39440, "Plan Width": 4, "Actual Rows": 39438, "Actual Loops": 2, "Hash Buckets": 65536, "Original Hash Buckets": 65536, "Hash Batches": 1, "Original Hash Batches": 1, "Peak Memory Usage": 1899, "Workers": [], "Plans": [{"Node Type": "Seq Scan", "Parent Relationship": "Outer", "Parallel Aware": false, "Async Capable": false, "Relation Name": "users", "Alias": "u", "Startup Cost": 0.0, "Total Cost": 1103.5, "Plan Rows": 39440, "Plan Width": 4, "Actual Rows": 39438, "Actual Loops": 2, "Filter": "((reputation >= 1) AND (views >= 0) AND (creationdate >= '2010-08-19 06:26:34'::timestamp without time zone) AND (creationdate <= '2014-09-11 05:22:26'::timestamp without time zone))", "Rows Removed by Filter": 887, "Workers": []}]}]}, {"Node Type": "Bitmap Heap Scan", "Parent Relationship": "Inner", "Parallel Aware": false, "Async Capable": false, "Relation Name": "posthistory", "Alias": "ph", "Startup Cost": 0.51, "Total Cost": 4.56, "Plan Rows": 4, "Plan Width": 4, "Actual Rows": 6, "Actual Loops": 21632, "Recheck Cond": "(postid = v.postid)", "Rows Removed by Index Recheck": 0, "Exact Heap Blocks": 22217, "Lossy Heap Blocks": 0, "Workers": [], "Plans": [{"Node Type": "Bitmap Index Scan", "Parent Relationship": "Outer", "Parallel Aware": false, "Async Capable": false, "Index Name": "idx_posthistory_postid", "Startup Cost": 0.0, "Total Cost": 0.51, "Plan Rows": 4, "Plan Width": 0, "Actual Rows": 6, "Actual Loops": 21632, "Index Cond": "(postid = v.postid)", "Workers": []}]}]}]}]}]}]}]}]}, "Planning Time": 6.552, "Triggers": [], "Execution Time": 831.245}, {"Plan": {"Node Type": "Aggregate", "Strategy": "Plain", "Partial Mode": "Finalize", "Parallel Aware": false, "Async Capable": false, "Startup Cost": 37067.4, "Total Cost": 37067.41, "Plan Rows": 1, "Plan Width": 8, "Actual Rows": 1, "Actual Loops": 1, "Plans": [{"Node Type": "Gather", "Parent Relationship": "Outer", "Parallel Aware": false, "Async Capable": false, "Startup Cost": 37067.29, "Total Cost": 37067.4, "Plan Rows": 1, "Plan Width": 8, "Actual Rows": 2, "Actual Loops": 1, "Workers Planned": 1, "Workers Launched": 1, "Single Copy": false, "Plans": [{"Node Type": "Aggregate", "Strategy": "Plain", "Partial Mode": "Partial", "Parent Relationship": "Outer", "Parallel Aware": false, "Async Capable": false, "Startup Cost": 36067.29, "Total Cost": 36067.3, "Plan Rows": 1, "Plan Width": 8, "Actual Rows": 1, "Actual Loops": 2, "Workers": [], "Plans": [{"Node Type": "Hash Join", "Parent Relationship": "Outer", "Parallel Aware": false, "Async Capable": false, "Join Type": "Inner", "Startup Cost": 30517.77, "Total Cost": 35718.54, "Plan Rows": 139500, "Plan Width": 0, "Actual Rows": 2991441, "Actual Loops": 2, "Inner Unique": false, "Hash Cond": "(p.owneruserid = u.id)", "Workers": [], "Plans": [{"Node Type": "Hash Join", "Parent Relationship": "Outer", "Parallel Aware": true, "Async Capable": false, "Join Type": "Inner", "Startup Cost": 24028.38, "Total Cost": 29138.37, "Plan Rows": 3809, "Plan Width": 4, "Actual Rows": 217712, "Actual Loops": 2, "Inner Unique": false, "Hash Cond": "(c.postid = p.id)", "Workers": [], "Plans": [{"Node Type": "Index Scan", "Parent Relationship": "Outer", "Parallel Aware": true, "Async Capable": false, "Scan Direction": "Forward", "Index Name": "idx_comments_postid", "Relation Name": "comments", "Alias": "c", "Startup Cost": 0.42, "Total Cost": 4703.51, "Plan Rows": 102532, "Plan Width": 4, "Actual Rows": 87152, "Actual Loops": 2, "Workers": []}, {"Node Type": "Hash", "Parent Relationship": "Inner", "Parallel Aware": true, "Async Capable": false, "Startup Cost": 24002.85, "Total Cost": 24002.85, "Plan Rows": 2009, "Plan Width": 16, "Actual Rows": 77292, "Actual Loops": 2, "Hash Buckets": 262144, "Original Hash Buckets": 4096, "Hash Batches": 1, "Original Hash Batches": 1, "Peak Memory Usage": 11328, "Workers": [], "Plans": [{"Node Type": "Hash Join", "Parent Relationship": "Outer", "Parallel Aware": true, "Async Capable": false, "Join Type": "Inner", "Startup Cost": 12786.67, "Total Cost": 24002.85, "Plan Rows": 2009, "Plan Width": 16, "Actual Rows": 77292, "Actual Loops": 2, "Inner Unique": false, "Hash Cond": "(v.postid = p.id)", "Workers": [], "Plans": [{"Node Type": "Index Scan", "Parent Relationship": "Outer", "Parallel Aware": true, "Async Capable": false, "Scan Direction": "Forward", "Index Name": "idx_votes_postid", "Relation Name": "votes", "Alias": "v", "Startup Cost": 0.42, "Total Cost": 11105.86, "Plan Rows": 19785, "Plan Width": 4, "Actual Rows": 16846, "Actual Loops": 2, "Filter": "(votetypeid = 5)", "Rows Removed by Filter": 147186, "Workers": []}, {"Node Type": "Hash", "Parent Relationship": "Inner", "Parallel Aware": true, "Async Capable": false, "Startup Cost": 12717.56, "Total Cost": 12717.56, "Plan Rows": 5495, "Plan Width": 12, "Actual Rows": 36791, "Actual Loops": 2, "Hash Buckets": 131072, "Original Hash Buckets": 16384, "Hash Batches": 1, "Original Hash Batches": 1, "Peak Memory Usage": 5408, "Workers": [], "Plans": [{"Node Type": "Hash Join", "Parent Relationship": "Outer", "Parallel Aware": false, "Async Capable": false, "Join Type": "Inner", "Startup Cost": 4424.72, "Total Cost": 12717.56, "Plan Rows": 5495, "Plan Width": 12, "Actual Rows": 36791, "Actual Loops": 2, "Inner Unique": true, "Hash Cond": "(ph.postid = p.id)", "Workers": [], "Plans": [{"Node Type": "Index Scan", "Parent Relationship": "Outer", "Parallel Aware": true, "Async Capable": false, "Scan Direction": "Forward", "Index Name": "idx_posthistory_postid", "Relation Name": "posthistory", "Alias": "ph", "Startup Cost": 0.42, "Total Cost": 7825.09, "Plan Rows": 178345, "Plan Width": 4, "Actual Rows": 151594, "Actual Loops": 2, "Workers": []}, {"Node Type": "Hash", "Parent Relationship": "Inner", "Parallel Aware": false, "Async Capable": false, "Startup Cost": 4388.87, "Total Cost": 4388.87, "Plan Rows": 2834, "Plan Width": 8, "Actual Rows": 12978, "Actual Loops": 2, "Hash Buckets": 16384, "Original Hash Buckets": 4096, "Hash Batches": 1, "Original Hash Batches": 1, "Peak Memory Usage": 634, "Workers": [], "Plans": [{"Node Type": "Index Scan", "Parent Relationship": "Outer", "Parallel Aware": false, "Async Capable": false, "Scan Direction": "Forward", "Index Name": "posts_pkey", "Relation Name": "posts", "Alias": "p", "Startup Cost": 0.29, "Total Cost": 4388.87, "Plan Rows": 2834, "Plan Width": 8, "Actual Rows": 12978, "Actual Loops": 2, "Filter": "((viewcount >= 0) AND (answercount >= 0) AND (answercount <= 7) AND (favoritecount >= 0) AND (favoritecount <= 17))", "Rows Removed by Filter": 78998, "Workers": []}]}]}]}]}]}]}, {"Node Type": "Hash", "Parent Relationship": "Inner", "Parallel Aware": false, "Async Capable": false, "Startup Cost": 5525.39, "Total Cost": 5525.39, "Plan Rows": 77120, "Plan Width": 8, "Actual Rows": 71850, "Actual Loops": 2, "Hash Buckets": 131072, "Original Hash Buckets": 131072, "Hash Batches": 1, "Original Hash Batches": 1, "Peak Memory Usage": 3831, "Workers": [], "Plans": [{"Node Type": "Hash Join", "Parent Relationship": "Outer", "Parallel Aware": false, "Async Capable": false, "Join Type": "Inner", "Startup Cost": 2253.71, "Total Cost": 5525.39, "Plan Rows": 77120, "Plan Width": 8, "Actual Rows": 71850, "Actual Loops": 2, "Inner Unique": true, "Hash Cond": "(b.userid = u.id)", "Workers": [], "Plans": [{"Node Type": "Index Scan", "Parent Relationship": "Outer", "Parallel Aware": false, "Async Capable": false, "Scan Direction": "Forward", "Index Name": "idx_badges_userid", "Relation Name": "badges", "Alias": "b", "Startup Cost": 0.29, "Total Cost": 3064.97, "Plan Rows": 78850, "Plan Width": 4, "Actual Rows": 78870, "Actual Loops": 2, "Filter": "(date >= '2010-08-01 02:54:53'::timestamp without time zone)", "Rows Removed by Filter": 981, "Workers": []}, {"Node Type": "Hash", "Parent Relationship": "Inner", "Parallel Aware": false, "Async Capable": false, "Startup Cost": 1760.41, "Total Cost": 1760.41, "Plan Rows": 39440, "Plan Width": 4, "Actual Rows": 39438, "Actual Loops": 2, "Hash Buckets": 65536, "Original Hash Buckets": 65536, "Hash Batches": 1, "Original Hash Batches": 1, "Peak Memory Usage": 1899, "Workers": [], "Plans": [{"Node Type": "Index Scan", "Parent Relationship": "Outer", "Parallel Aware": false, "Async Capable": false, "Scan Direction": "Forward", "Index Name": "users_pkey", "Relation Name": "users", "Alias": "u", "Startup Cost": 0.29, "Total Cost": 1760.41, "Plan Rows": 39440, "Plan Width": 4, "Actual Rows": 39438, "Actual Loops": 2, "Filter": "((reputation >= 1) AND (views >= 0) AND (creationdate >= '2010-08-19 06:26:34'::timestamp without time zone) AND (creationdate <= '2014-09-11 05:22:26'::timestamp without time zone))", "Rows Removed by Filter": 887, "Workers": []}]}]}]}]}]}]}]}, "Planning Time": 9.599, "Triggers": [], "Execution Time": 846.881}, {"Plan": {"Node Type": "Aggregate", "Strategy": "Plain", "Partial Mode": "Finalize", "Parallel Aware": false, "Async Capable": false, "Startup Cost": 35975.54, "Total Cost": 35975.55, "Plan Rows": 1, "Plan Width": 8, "Actual Rows": 1, "Actual Loops": 1, "Plans": [{"Node Type": "Gather", "Parent Relationship": "Outer", "Parallel Aware": false, "Async Capable": false, "Startup Cost": 35975.42, "Total Cost": 35975.53, "Plan Rows": 1, "Plan Width": 8, "Actual Rows": 2, "Actual Loops": 1, "Workers Planned": 1, "Workers Launched": 1, "Single Copy": false, "Plans": [{"Node Type": "Aggregate", "Strategy": "Plain", "Partial Mode": "Partial", "Parent Relationship": "Outer", "Parallel Aware": false, "Async Capable": false, "Startup Cost": 34975.42, "Total Cost": 34975.43, "Plan Rows": 1, "Plan Width": 8, "Actual Rows": 1, "Actual Loops": 2, "Workers": [], "Plans": [{"Node Type": "Merge Join", "Parent Relationship": "Outer", "Parallel Aware": false, "Async Capable": false, "Join Type": "Inner", "Startup Cost": 29369.79, "Total Cost": 34626.67, "Plan Rows": 139500, "Plan Width": 0, "Actual Rows": 2991441, "Actual Loops": 2, "Inner Unique": false, "Merge Cond": "(u.id = b.userid)", "Workers": [], "Plans": [{"Node Type": "Merge Join", "Parent Relationship": "Outer", "Parallel Aware": false, "Async Capable": false, "Join Type": "Inner", "Startup Cost": 29369.5, "Total Cost": 31283.67, "Plan Rows": 3669, "Plan Width": 8, "Actual Rows": 187542, "Actual Loops": 2, "Inner Unique": true, "Merge Cond": "(p.owneruserid = u.id)", "Workers": [], "Plans": [{"Node Type": "Sort", "Parent Relationship": "Outer", "Parallel Aware": false, "Async Capable": false, "Startup Cost": 29369.21, "Total Cost": 29378.73, "Plan Rows": 3809, "Plan Width": 4, "Actual Rows": 214362, "Actual Loops": 2, "Sort Key": ["p.owneruserid"], "Sort Method": "quicksort", "Sort Space Used": 6145, "Sort Space Type": "Memory", "Workers": [{"Worker Number": 0, "Sort Method": "quicksort", "Sort Space Used": 6145, "Sort Space Type": "Memory"}], "Plans": [{"Node Type": "Hash Join", "Parent Relationship": "Outer", "Parallel Aware": true, "Async Capable": false, "Join Type": "Inner", "Startup Cost": 24032.68, "Total Cost": 29142.66, "Plan Rows": 3809, "Plan Width": 4, "Actual Rows": 217712, "Actual Loops": 2, "Inner Unique": false, "Hash Cond": "(c.postid = p.id)", "Workers": [], "Plans": [{"Node Type": "Index Scan", "Parent Relationship": "Outer", "Parallel Aware": true, "Async Capable": false, "Scan Direction": "Forward", "Index Name": "idx_comments_postid", "Relation Name": "comments", "Alias": "c", "Startup Cost": 0.42, "Total Cost": 4703.51, "Plan Rows": 102532, "Plan Width": 4, "Actual Rows": 87152, "Actual Loops": 2, "Workers": []}, {"Node Type": "Hash", "Parent Relationship": "Inner", "Parallel Aware": true, "Async Capable": false, "Startup Cost": 24007.14, "Total Cost": 24007.14, "Plan Rows": 2009, "Plan Width": 16, "Actual Rows": 77292, "Actual Loops": 2, "Hash Buckets": 262144, "Original Hash Buckets": 4096, "Hash Batches": 1, "Original Hash Batches": 1, "Peak Memory Usage": 11360, "Workers": [], "Plans": [{"Node Type": "Hash Join", "Parent Relationship": "Outer", "Parallel Aware": true, "Async Capable": false, "Join Type": "Inner", "Startup Cost": 12790.97, "Total Cost": 24007.14, "Plan Rows": 2009, "Plan Width": 16, "Actual Rows": 77292, "Actual Loops": 2, "Inner Unique": false, "Hash Cond": "(v.postid = p.id)", "Workers": [], "Plans": [{"Node Type": "Index Scan", "Parent Relationship": "Outer", "Parallel Aware": true, "Async Capable": false, "Scan Direction": "Forward", "Index Name": "idx_votes_postid", "Relation Name": "votes", "Alias": "v", "Startup Cost": 0.42, "Total Cost": 11105.86, "Plan Rows": 19785, "Plan Width": 4, "Actual Rows": 16846, "Actual Loops": 2, "Filter": "(votetypeid = 5)", "Rows Removed by Filter": 147186, "Workers": []}, {"Node Type": "Hash", "Parent Relationship": "Inner", "Parallel Aware": true, "Async Capable": false, "Startup Cost": 12721.86, "Total Cost": 12721.86, "Plan Rows": 5495, "Plan Width": 12, "Actual Rows": 36791, "Actual Loops": 2, "Hash Buckets": 131072, "Original Hash Buckets": 16384, "Hash Batches": 1, "Original Hash Batches": 1, "Peak Memory Usage": 5408, "Workers": [], "Plans": [{"Node Type": "Merge Join", "Parent Relationship": "Outer", "Parallel Aware": false, "Async Capable": false, "Join Type": "Inner", "Startup Cost": 0.71, "Total Cost": 12721.86, "Plan Rows": 5495, "Plan Width": 12, "Actual Rows": 36791, "Actual Loops": 2, "Inner Unique": true, "Merge Cond": "(ph.postid = p.id)", "Workers": [], "Plans": [{"Node Type": "Index Scan", "Parent Relationship": "Outer", "Parallel Aware": true, "Async Capable": false, "Scan Direction": "Forward", "Index Name": "idx_posthistory_postid", "Relation Name": "posthistory", "Alias": "ph", "Startup Cost": 0.42, "Total Cost": 7825.09, "Plan Rows": 178345, "Plan Width": 4, "Actual Rows": 151578, "Actual Loops": 2, "Workers": []}, {"Node Type": "Index Scan", "Parent Relationship": "Inner", "Parallel Aware": false, "Async Capable": false, "Scan Direction": "Forward", "Index Name": "posts_pkey", "Relation Name": "posts", "Alias": "p", "Startup Cost": 0.29, "Total Cost": 4388.87, "Plan Rows": 2834, "Plan Width": 8, "Actual Rows": 12978, "Actual Loops": 2, "Filter": "((viewcount >= 0) AND (answercount >= 0) AND (answercount <= 7) AND (favoritecount >= 0) AND (favoritecount <= 17))", "Rows Removed by Filter": 78974, "Workers": []}]}]}]}]}]}]}, {"Node Type": "Index Scan", "Parent Relationship": "Inner", "Parallel Aware": false, "Async Capable": false, "Scan Direction": "Forward", "Index Name": "users_pkey", "Relation Name": "users", "Alias": "u", "Startup Cost": 0.29, "Total Cost": 1760.41, "Plan Rows": 39440, "Plan Width": 4, "Actual Rows": 39423, "Actual Loops": 2, "Filter": "((reputation >= 1) AND (views >= 0) AND (creationdate >= '2010-08-19 06:26:34'::timestamp without time zone) AND (creationdate <= '2014-09-11 05:22:26'::timestamp without time zone))", "Rows Removed by Filter": 807, "Workers": []}]}, {"Node Type": "Index Scan", "Parent Relationship": "Inner", "Parallel Aware": false, "Async Capable": false, "Scan Direction": "Forward", "Index Name": "idx_badges_userid", "Relation Name": "badges", "Alias": "b", "Startup Cost": 0.29, "Total Cost": 3064.97, "Plan Rows": 78850, "Plan Width": 4, "Actual Rows": 3050786, "Actual Loops": 2, "Filter": "(date >= '2010-08-01 02:54:53'::timestamp without time zone)", "Rows Removed by Filter": 981, "Workers": []}]}]}]}]}, "Planning Time": 6.281, "Triggers": [], "Execution Time": 1506.637}, {"Plan": {"Node Type": "Aggregate", "Strategy": "Plain", "Partial Mode": "Finalize", "Parallel Aware": false, "Async Capable": false, "Startup Cost": 15941.61, "Total Cost": 15941.62, "Plan Rows": 1, "Plan Width": 8, "Actual Rows": 1, "Actual Loops": 1, "Plans": [{"Node Type": "Gather", "Parent Relationship": "Outer", "Parallel Aware": false, "Async Capable": false, "Startup Cost": 15941.5, "Total Cost": 15941.61, "Plan Rows": 1, "Plan Width": 8, "Actual Rows": 2, "Actual Loops": 1, "Workers Planned": 1, "Workers Launched": 1, "Single Copy": false, "Plans": [{"Node Type": "Aggregate", "Strategy": "Plain", "Partial Mode": "Partial", "Parent Relationship": "Outer", "Parallel Aware": false, "Async Capable": false, "Startup Cost": 14941.5, "Total Cost": 14941.51, "Plan Rows": 1, "Plan Width": 8, "Actual Rows": 1, "Actual Loops": 2, "Workers": [], "Plans": [{"Node Type": "Nested Loop", "Parent Relationship": "Outer", "Parallel Aware": false, "Async Capable": false, "Join Type": "Inner", "Startup Cost": 2.14, "Total Cost": 14592.75, "Plan Rows": 139500, "Plan Width": 0, "Actual Rows": 2991441, "Actual Loops": 2, "Inner Unique": false, "Workers": [], "Plans": [{"Node Type": "Nested Loop", "Parent Relationship": "Outer", "Parallel Aware": false, "Async Capable": false, "Join Type": "Inner", "Startup Cost": 1.85, "Total Cost": 12978.74, "Plan Rows": 3669, "Plan Width": 8, "Actual Rows": 187542, "Actual Loops": 2, "Inner Unique": false, "Join Filter": "(p.id = ph.postid)", "Rows Removed by Join Filter": 0, "Workers": [], "Plans": [{"Node Type": "Nested Loop", "Parent Relationship": "Outer", "Parallel Aware": false, "Async Capable": false, "Join Type": "Inner", "Startup Cost": 1.42, "Total Cost": 12304.73, "Plan Rows": 1113, "Plan Width": 20, "Actual Rows": 27898, "Actual Loops": 2, "Inner Unique": true, "Workers": [], "Plans": [{"Node Type": "Nested Loop", "Parent Relationship": "Outer", "Parallel Aware": false, "Async Capable": false, "Join Type": "Inner", "Startup Cost": 1.13, "Total Cost": 11269.63, "Plan Rows": 1155, "Plan Width": 16, "Actual Rows": 32712, "Actual Loops": 2, "Inner Unique": false, "Join Filter": "(p.id = v.postid)", "Rows Removed by Join Filter": 0, "Workers": [], "Plans": [{"Node Type": "Merge Join", "Parent Relationship": "Outer", "Parallel Aware": false, "Async Capable": false, "Join Type": "Inner", "Startup Cost": 0.71, "Total Cost": 9387.39, "Plan Rows": 3159, "Plan Width": 12, "Actual Rows": 15289, "Actual Loops": 2, "Inner Unique": true, "Merge Cond": "(c.postid = p.id)", "Workers": [], "Plans": [{"Node Type": "Index Scan", "Parent Relationship": "Outer", "Parallel Aware": true, "Async Capable": false, "Scan Direction": "Forward", "Index Name": "idx_comments_postid", "Relation Name": "comments", "Alias": "c", "Startup Cost": 0.42, "Total Cost": 4703.51, "Plan Rows": 102532, "Plan Width": 4, "Actual Rows": 87146, "Actual Loops": 2, "Workers": []}, {"Node Type": "Index Scan", "Parent Relationship": "Inner", "Parallel Aware": false, "Async Capable": false, "Scan Direction": "Forward", "Index Name": "posts_pkey", "Relation Name": "posts", "Alias": "p", "Startup Cost": 0.29, "Total Cost": 4388.87, "Plan Rows": 2834, "Plan Width": 8, "Actual Rows": 12964, "Actual Loops": 2, "Filter": "((viewcount >= 0) AND (answercount >= 0) AND (answercount <= 7) AND (favoritecount >= 0) AND (favoritecount <= 17))", "Rows Removed by Filter": 78721, "Workers": []}]}, {"Node Type": "Index Scan", "Parent Relationship": "Inner", "Parallel Aware": false, "Async Capable": false, "Scan Direction": "Forward", "Index Name": "idx_votes_postid", "Relation Name": "votes", "Alias": "v", "Startup Cost": 0.42, "Total Cost": 0.58, "Plan Rows": 1, "Plan Width": 4, "Actual Rows": 2, "Actual Loops": 30578, "Index Cond": "(postid = c.postid)", "Rows Removed by Index Recheck": 0, "Filter": "(votetypeid = 5)", "Rows Removed by Filter": 6, "Workers": []}]}, {"Node Type": "Index Scan", "Parent Relationship": "Inner", "Parallel Aware": false, "Async Capable": false, "Scan Direction": "Forward", "Index Name": "users_pkey", "Relation Name": "users", "Alias": "u", "Startup Cost": 0.29, "Total Cost": 0.9, "Plan Rows": 1, "Plan Width": 4, "Actual Rows": 1, "Actual Loops": 65424, "Index Cond": "(id = p.owneruserid)", "Rows Removed by Index Recheck": 0, "Filter": "((reputation >= 1) AND (views >= 0) AND (creationdate >= '2010-08-19 06:26:34'::timestamp without time zone) AND (creationdate <= '2014-09-11 05:22:26'::timestamp without time zone))", "Rows Removed by Filter": 0, "Workers": []}]}, {"Node Type": "Index Scan", "Parent Relationship": "Inner", "Parallel Aware": false, "Async Capable": false, "Scan Direction": "Forward", "Index Name": "idx_posthistory_postid", "Relation Name": "posthistory", "Alias": "ph", "Startup Cost": 0.42, "Total Cost": 0.56, "Plan Rows": 4, "Plan Width": 4, "Actual Rows": 7, "Actual Loops": 55797, "Index Cond": "(postid = c.postid)", "Rows Removed by Index Recheck": 0, "Workers": []}]}, {"Node Type": "Index Scan", "Parent Relationship": "Inner", "Parallel Aware": false, "Async Capable": false, "Scan Direction": "Forward", "Index Name": "idx_badges_userid", "Relation Name": "badges", "Alias": "b", "Startup Cost": 0.29, "Total Cost": 0.41, "Plan Rows": 3, "Plan Width": 4, "Actual Rows": 16, "Actual Loops": 375085, "Index Cond": "(userid = u.id)", "Rows Removed by Index Recheck": 0, "Filter": "(date >= '2010-08-01 02:54:53'::timestamp without time zone)", "Rows Removed by Filter": 0, "Workers": []}]}]}]}]}, "Planning Time": 9.86, "Triggers": [], "Execution Time": 1443.022}, {"Plan": {"Node Type": "Aggregate", "Strategy": "Plain", "Partial Mode": "Finalize", "Parallel Aware": false, "Async Capable": false, "Startup Cost": 12137.59, "Total Cost": 12137.6, "Plan Rows": 1, "Plan Width": 8, "Actual Rows": 1, "Actual Loops": 1, "Plans": [{"Node Type": "Gather", "Parent Relationship": "Outer", "Parallel Aware": false, "Async Capable": false, "Startup Cost": 12137.48, "Total Cost": 12137.59, "Plan Rows": 1, "Plan Width": 8, "Actual Rows": 2, "Actual Loops": 1, "Workers Planned": 1, "Workers Launched": 1, "Single Copy": false, "Plans": [{"Node Type": "Aggregate", "Strategy": "Plain", "Partial Mode": "Partial", "Parent Relationship": "Outer", "Parallel Aware": false, "Async Capable": false, "Startup Cost": 11137.48, "Total Cost": 11137.49, "Plan Rows": 1, "Plan Width": 8, "Actual Rows": 1, "Actual Loops": 2, "Workers": [], "Plans": [{"Node Type": "Nested Loop", "Parent Relationship": "Outer", "Parallel Aware": false, "Async Capable": false, "Join Type": "Inner", "Startup Cost": 2946.31, "Total Cost": 10788.73, "Plan Rows": 139500, "Plan Width": 0, "Actual Rows": 2991441, "Actual Loops": 2, "Inner Unique": false, "Workers": [], "Plans": [{"Node Type": "Nested Loop", "Parent Relationship": "Outer", "Parallel Aware": false, "Async Capable": false, "Join Type": "Inner", "Startup Cost": 2946.02, "Total Cost": 9174.72, "Plan Rows": 3669, "Plan Width": 8, "Actual Rows": 187542, "Actual Loops": 2, "Inner Unique": false, "Join Filter": "(p.id = ph.postid)", "Rows Removed by Join Filter": 0, "Workers": [], "Plans": [{"Node Type": "Nested Loop", "Parent Relationship": "Outer", "Parallel Aware": false, "Async Capable": false, "Join Type": "Inner", "Startup Cost": 2945.6, "Total Cost": 8500.71, "Plan Rows": 1113, "Plan Width": 20, "Actual Rows": 27898, "Actual Loops": 2, "Inner Unique": true, "Workers": [], "Plans": [{"Node Type": "Nested Loop", "Parent Relationship": "Outer", "Parallel Aware": false, "Async Capable": false, "Join Type": "Inner", "Startup Cost": 2945.31, "Total Cost": 7465.61, "Plan Rows": 1155, "Plan Width": 16, "Actual Rows": 32712, "Actual Loops": 2, "Inner Unique": false, "Join Filter": "(p.id = v.postid)", "Rows Removed by Join Filter": 0, "Workers": [], "Plans": [{"Node Type": "Hash Join", "Parent Relationship": "Outer", "Parallel Aware": false, "Async Capable": false, "Join Type": "Inner", "Startup Cost": 2944.89, "Total Cost": 5583.37, "Plan Rows": 3159, "Plan Width": 12, "Actual Rows": 15289, "Actual Loops": 2, "Inner Unique": true, "Hash Cond": "(c.postid = p.id)", "Workers": [], "Plans": [{"Node Type": "Seq Scan", "Parent Relationship": "Outer", "Parallel Aware": true, "Async Capable": false, "Relation Name": "comments", "Alias": "c", "Startup Cost": 0.0, "Total Cost": 2369.32, "Plan Rows": 102532, "Plan Width": 4, "Actual Rows": 87152, "Actual Loops": 2, "Workers": []}, {"Node Type": "Hash", "Parent Relationship": "Inner", "Parallel Aware": false, "Async Capable": false, "Startup Cost": 2909.46, "Total Cost": 2909.46, "Plan Rows": 2834, "Plan Width": 8, "Actual Rows": 12978, "Actual Loops": 2, "Hash Buckets": 16384, "Original Hash Buckets": 4096, "Hash Batches": 1, "Original Hash Batches": 1, "Peak Memory Usage": 634, "Workers": [], "Plans": [{"Node Type": "Seq Scan", "Parent Relationship": "Outer", "Parallel Aware": false, "Async Capable": false, "Relation Name": "posts", "Alias": "p", "Startup Cost": 0.0, "Total Cost": 2909.46, "Plan Rows": 2834, "Plan Width": 8, "Actual Rows": 12978, "Actual Loops": 2, "Filter": "((viewcount >= 0) AND (answercount >= 0) AND (answercount <= 7) AND (favoritecount >= 0) AND (favoritecount <= 17))", "Rows Removed by Filter": 78998, "Workers": []}]}]}, {"Node Type": "Index Scan", "Parent Relationship": "Inner", "Parallel Aware": false, "Async Capable": false, "Scan Direction": "Forward", "Index Name": "idx_votes_postid", "Relation Name": "votes", "Alias": "v", "Startup Cost": 0.42, "Total Cost": 0.58, "Plan Rows": 1, "Plan Width": 4, "Actual Rows": 2, "Actual Loops": 30578, "Index Cond": "(postid = c.postid)", "Rows Removed by Index Recheck": 0, "Filter": "(votetypeid = 5)", "Rows Removed by Filter": 6, "Workers": []}]}, {"Node Type": "Index Scan", "Parent Relationship": "Inner", "Parallel Aware": false, "Async Capable": false, "Scan Direction": "Forward", "Index Name": "users_pkey", "Relation Name": "users", "Alias": "u", "Startup Cost": 0.29, "Total Cost": 0.9, "Plan Rows": 1, "Plan Width": 4, "Actual Rows": 1, "Actual Loops": 65424, "Index Cond": "(id = p.owneruserid)", "Rows Removed by Index Recheck": 0, "Filter": "((reputation >= 1) AND (views >= 0) AND (creationdate >= '2010-08-19 06:26:34'::timestamp without time zone) AND (creationdate <= '2014-09-11 05:22:26'::timestamp without time zone))", "Rows Removed by Filter": 0, "Workers": []}]}, {"Node Type": "Index Scan", "Parent Relationship": "Inner", "Parallel Aware": false, "Async Capable": false, "Scan Direction": "Forward", "Index Name": "idx_posthistory_postid", "Relation Name": "posthistory", "Alias": "ph", "Startup Cost": 0.42, "Total Cost": 0.56, "Plan Rows": 4, "Plan Width": 4, "Actual Rows": 7, "Actual Loops": 55797, "Index Cond": "(postid = c.postid)", "Rows Removed by Index Recheck": 0, "Workers": []}]}, {"Node Type": "Index Scan", "Parent Relationship": "Inner", "Parallel Aware": false, "Async Capable": false, "Scan Direction": "Forward", "Index Name": "idx_badges_userid", "Relation Name": "badges", "Alias": "b", "Startup Cost": 0.29, "Total Cost": 0.41, "Plan Rows": 3, "Plan Width": 4, "Actual Rows": 16, "Actual Loops": 375085, "Index Cond": "(userid = u.id)", "Rows Removed by Index Recheck": 0, "Filter": "(date >= '2010-08-01 02:54:53'::timestamp without time zone)", "Rows Removed by Filter": 0, "Workers": []}]}]}]}]}, "Planning Time": 12.531, "Triggers": [], "Execution Time": 1494.138}, {"Plan": {"Node Type": "Aggregate", "Strategy": "Plain", "Partial Mode": "Finalize", "Parallel Aware": false, "Async Capable": false, "Startup Cost": 15951.19, "Total Cost": 15951.2, "Plan Rows": 1, "Plan Width": 8, "Actual Rows": 1, "Actual Loops": 1, "Plans": [{"Node Type": "Gather", "Parent Relationship": "Outer", "Parallel Aware": false, "Async Capable": false, "Startup Cost": 15951.08, "Total Cost": 15951.19, "Plan Rows": 1, "Plan Width": 8, "Actual Rows": 2, "Actual Loops": 1, "Workers Planned": 1, "Workers Launched": 1, "Single Copy": false, "Plans": [{"Node Type": "Aggregate", "Strategy": "Plain", "Partial Mode": "Partial", "Parent Relationship": "Outer", "Parallel Aware": false, "Async Capable": false, "Startup Cost": 14951.08, "Total Cost": 14951.09, "Plan Rows": 1, "Plan Width": 8, "Actual Rows": 1, "Actual Loops": 2, "Workers": [], "Plans": [{"Node Type": "Nested Loop", "Parent Relationship": "Outer", "Parallel Aware": false, "Async Capable": false, "Join Type": "Inner", "Startup Cost": 4426.14, "Total Cost": 14602.33, "Plan Rows": 139500, "Plan Width": 0, "Actual Rows": 2991441, "Actual Loops": 2, "Inner Unique": false, "Workers": [], "Plans": [{"Node Type": "Nested Loop", "Parent Relationship": "Outer", "Parallel Aware": false, "Async Capable": false, "Join Type": "Inner", "Startup Cost": 4425.85, "Total Cost": 12988.32, "Plan Rows": 3669, "Plan Width": 8, "Actual Rows": 187542, "Actual Loops": 2, "Inner Unique": false, "Join Filter": "(p.id = ph.postid)", "Rows Removed by Join Filter": 0, "Workers": [], "Plans": [{"Node Type": "Nested Loop", "Parent Relationship": "Outer", "Parallel Aware": false, "Async Capable": false, "Join Type": "Inner", "Startup Cost": 4425.43, "Total Cost": 12314.31, "Plan Rows": 1113, "Plan Width": 20, "Actual Rows": 27898, "Actual Loops": 2, "Inner Unique": true, "Workers": [], "Plans": [{"Node Type": "Nested Loop", "Parent Relationship": "Outer", "Parallel Aware": false, "Async Capable": false, "Join Type": "Inner", "Startup Cost": 4425.14, "Total Cost": 11279.21, "Plan Rows": 1155, "Plan Width": 16, "Actual Rows": 32712, "Actual Loops": 2, "Inner Unique": false, "Join Filter": "(p.id = v.postid)", "Rows Removed by Join Filter": 0, "Workers": [], "Plans": [{"Node Type": "Hash Join", "Parent Relationship": "Outer", "Parallel Aware": false, "Async Capable": false, "Join Type": "Inner", "Startup Cost": 4424.71, "Total Cost": 9396.96, "Plan Rows": 3159, "Plan Width": 12, "Actual Rows": 15289, "Actual Loops": 2, "Inner Unique": true, "Hash Cond": "(c.postid = p.id)", "Workers": [], "Plans": [{"Node Type": "Index Scan", "Parent Relationship": "Outer", "Parallel Aware": true, "Async Capable": false, "Scan Direction": "Forward", "Index Name": "idx_comments_postid", "Relation Name": "comments", "Alias": "c", "Startup Cost": 0.42, "Total Cost": 4703.51, "Plan Rows": 102532, "Plan Width": 4, "Actual Rows": 87152, "Actual Loops": 2, "Workers": []}, {"Node Type": "Hash", "Parent Relationship": "Inner", "Parallel Aware": false, "Async Capable": false, "Startup Cost": 4388.87, "Total Cost": 4388.87, "Plan Rows": 2834, "Plan Width": 8, "Actual Rows": 12978, "Actual Loops": 2, "Hash Buckets": 16384, "Original Hash Buckets": 4096, "Hash Batches": 1, "Original Hash Batches": 1, "Peak Memory Usage": 634, "Workers": [], "Plans": [{"Node Type": "Index Scan", "Parent Relationship": "Outer", "Parallel Aware": false, "Async Capable": false, "Scan Direction": "Forward", "Index Name": "posts_pkey", "Relation Name": "posts", "Alias": "p", "Startup Cost": 0.29, "Total Cost": 4388.87, "Plan Rows": 2834, "Plan Width": 8, "Actual Rows": 12978, "Actual Loops": 2, "Filter": "((viewcount >= 0) AND (answercount >= 0) AND (answercount <= 7) AND (favoritecount >= 0) AND (favoritecount <= 17))", "Rows Removed by Filter": 78998, "Workers": []}]}]}, {"Node Type": "Index Scan", "Parent Relationship": "Inner", "Parallel Aware": false, "Async Capable": false, "Scan Direction": "Forward", "Index Name": "idx_votes_postid", "Relation Name": "votes", "Alias": "v", "Startup Cost": 0.42, "Total Cost": 0.58, "Plan Rows": 1, "Plan Width": 4, "Actual Rows": 2, "Actual Loops": 30578, "Index Cond": "(postid = c.postid)", "Rows Removed by Index Recheck": 0, "Filter": "(votetypeid = 5)", "Rows Removed by Filter": 6, "Workers": []}]}, {"Node Type": "Index Scan", "Parent Relationship": "Inner", "Parallel Aware": false, "Async Capable": false, "Scan Direction": "Forward", "Index Name": "users_pkey", "Relation Name": "users", "Alias": "u", "Startup Cost": 0.29, "Total Cost": 0.9, "Plan Rows": 1, "Plan Width": 4, "Actual Rows": 1, "Actual Loops": 65424, "Index Cond": "(id = p.owneruserid)", "Rows Removed by Index Recheck": 0, "Filter": "((reputation >= 1) AND (views >= 0) AND (creationdate >= '2010-08-19 06:26:34'::timestamp without time zone) AND (creationdate <= '2014-09-11 05:22:26'::timestamp without time zone))", "Rows Removed by Filter": 0, "Workers": []}]}, {"Node Type": "Index Scan", "Parent Relationship": "Inner", "Parallel Aware": false, "Async Capable": false, "Scan Direction": "Forward", "Index Name": "idx_posthistory_postid", "Relation Name": "posthistory", "Alias": "ph", "Startup Cost": 0.42, "Total Cost": 0.56, "Plan Rows": 4, "Plan Width": 4, "Actual Rows": 7, "Actual Loops": 55797, "Index Cond": "(postid = c.postid)", "Rows Removed by Index Recheck": 0, "Workers": []}]}, {"Node Type": "Index Scan", "Parent Relationship": "Inner", "Parallel Aware": false, "Async Capable": false, "Scan Direction": "Forward", "Index Name": "idx_badges_userid", "Relation Name": "badges", "Alias": "b", "Startup Cost": 0.29, "Total Cost": 0.41, "Plan Rows": 3, "Plan Width": 4, "Actual Rows": 16, "Actual Loops": 375085, "Index Cond": "(userid = u.id)", "Rows Removed by Index Recheck": 0, "Filter": "(date >= '2010-08-01 02:54:53'::timestamp without time zone)", "Rows Removed by Filter": 0, "Workers": []}]}]}]}]}, "Planning Time": 9.468, "Triggers": [], "Execution Time": 1431.785}, {"Plan": {"Node Type": "Aggregate", "Strategy": "Plain", "Partial Mode": "Finalize", "Parallel Aware": false, "Async Capable": false, "Startup Cost": 33443.51, "Total Cost": 33443.52, "Plan Rows": 1, "Plan Width": 8, "Actual Rows": 1, "Actual Loops": 1, "Plans": [{"Node Type": "Gather", "Parent Relationship": "Outer", "Parallel Aware": false, "Async Capable": false, "Startup Cost": 33443.3, "Total Cost": 33443.51, "Plan Rows": 2, "Plan Width": 8, "Actual Rows": 3, "Actual Loops": 1, "Workers Planned": 2, "Workers Launched": 2, "Single Copy": false, "Plans": [{"Node Type": "Aggregate", "Strategy": "Plain", "Partial Mode": "Partial", "Parent Relationship": "Outer", "Parallel Aware": false, "Async Capable": false, "Startup Cost": 32443.3, "Total Cost": 32443.31, "Plan Rows": 1, "Plan Width": 8, "Actual Rows": 1, "Actual Loops": 3, "Workers": [], "Plans": [{"Node Type": "Merge Join", "Parent Relationship": "Outer", "Parallel Aware": false, "Async Capable": false, "Join Type": "Inner", "Startup Cost": 26979.15, "Total Cost": 32196.27, "Plan Rows": 98812, "Plan Width": 0, "Actual Rows": 1994294, "Actual Loops": 3, "Inner Unique": false, "Merge Cond": "(u.id = b.userid)", "Workers": [], "Plans": [{"Node Type": "Merge Join", "Parent Relationship": "Outer", "Parallel Aware": false, "Async Capable": false, "Join Type": "Inner", "Startup Cost": 26978.85, "Total Cost": 28876.85, "Plan Rows": 2599, "Plan Width": 8, "Actual Rows": 125028, "Actual Loops": 3, "Inner Unique": true, "Merge Cond": "(p.owneruserid = u.id)", "Workers": [], "Plans": [{"Node Type": "Sort", "Parent Relationship": "Outer", "Parallel Aware": false, "Async Capable": false, "Startup Cost": 26978.56, "Total Cost": 26985.31, "Plan Rows": 2698, "Plan Width": 4, "Actual Rows": 142908, "Actual Loops": 3, "Sort Key": ["p.owneruserid"], "Sort Method": "quicksort", "Sort Space Used": 3073, "Sort Space Type": "Memory", "Workers": [{"Worker Number": 0, "Sort Method": "quicksort", "Sort Space Used": 6145, "Sort Space Type": "Memory"}, {"Worker Number": 1, "Sort Method": "quicksort", "Sort Space Used": 6145, "Sort Space Type": "Memory"}], "Plans": [{"Node Type": "Merge Join", "Parent Relationship": "Outer", "Parallel Aware": false, "Async Capable": false, "Join Type": "Inner", "Startup Cost": 1.56, "Total Cost": 26824.81, "Plan Rows": 2698, "Plan Width": 4, "Actual Rows": 145141, "Actual Loops": 3, "Inner Unique": false, "Merge Cond": "(p.id = c.postid)", "Workers": [], "Plans": [{"Node Type": "Merge Join", "Parent Relationship": "Outer", "Parallel Aware": false, "Async Capable": false, "Join Type": "Inner", "Startup Cost": 1.14, "Total Cost": 22469.37, "Plan Rows": 1423, "Plan Width": 16, "Actual Rows": 51528, "Actual Loops": 3, "Inner Unique": false, "Merge Cond": "(ph.postid = p.id)", "Workers": [], "Plans": [{"Node Type": "Index Only Scan", "Parent Relationship": "Outer", "Parallel Aware": true, "Async Capable": false, "Scan Direction": "Forward", "Index Name": "idx_posthistory_postid", "Relation Name": "posthistory", "Alias": "ph", "Startup Cost": 0.42, "Total Cost": 4847.39, "Plan Rows": 126328, "Plan Width": 4, "Actual Rows": 101052, "Actual Loops": 3, "Heap Fetches": 0, "Workers": []}, {"Node Type": "Materialize", "Parent Relationship": "Inner", "Parallel Aware": false, "Async Capable": false, "Startup Cost": 0.71, "Total Cost": 17287.41, "Plan Rows": 1036, "Plan Width": 12, "Actual Rows": 68803, "Actual Loops": 3, "Workers": [], "Plans": [{"Node Type": "Merge Join", "Parent Relationship": "Outer", "Parallel Aware": false, "Async Capable": false, "Join Type": "Inner", "Startup Cost": 0.71, "Total Cost": 17284.82, "Plan Rows": 1036, "Plan Width": 12, "Actual Rows": 25919, "Actual Loops": 3, "Inner Unique": false, "Merge Cond": "(p.id = v.postid)", "Workers": [], "Plans": [{"Node Type": "Index Scan", "Parent Relationship": "Outer", "Parallel Aware": false, "Async Capable": false, "Scan Direction": "Forward", "Index Name": "posts_pkey", "Relation Name": "posts", "Alias": "p", "Startup Cost": 0.29, "Total Cost": 4388.87, "Plan Rows": 2834, "Plan Width": 8, "Actual Rows": 12967, "Actual Loops": 3, "Filter": "((viewcount >= 0) AND (answercount >= 0) AND (answercount <= 7) AND (favoritecount >= 0) AND (favoritecount <= 17))", "Rows Removed by Filter": 78781, "Workers": []}, {"Node Type": "Index Scan", "Parent Relationship": "Inner", "Parallel Aware": false, "Async Capable": false, "Scan Direction": "Forward", "Index Name": "idx_votes_postid", "Relation Name": "votes", "Alias": "v", "Startup Cost": 0.42, "Total Cost": 12794.42, "Plan Rows": 33635, "Plan Width": 4, "Actual Rows": 33677, "Actual Loops": 3, "Filter": "(votetypeid = 5)", "Rows Removed by Filter": 294060, "Workers": []}]}]}]}, {"Node Type": "Index Only Scan", "Parent Relationship": "Inner", "Parallel Aware": false, "Async Capable": false, "Scan Direction": "Forward", "Index Name": "idx_comments_postid", "Relation Name": "comments", "Alias": "c", "Startup Cost": 0.42, "Total Cost": 3889.15, "Plan Rows": 174305, "Plan Width": 4, "Actual Rows": 309608, "Actual Loops": 3, "Heap Fetches": 0, "Workers": []}]}]}, {"Node Type": "Index Scan", "Parent Relationship": "Inner", "Parallel Aware": false, "Async Capable": false, "Scan Direction": "Forward", "Index Name": "users_pkey", "Relation Name": "users", "Alias": "u", "Startup Cost": 0.29, "Total Cost": 1760.41, "Plan Rows": 39440, "Plan Width": 4, "Actual Rows": 39349, "Actual Loops": 3, "Filter": "((reputation >= 1) AND (views >= 0) AND (creationdate >= '2010-08-19 06:26:34'::timestamp without time zone) AND (creationdate <= '2014-09-11 05:22:26'::timestamp without time zone))", "Rows Removed by Filter": 780, "Workers": []}]}, {"Node Type": "Index Scan", "Parent Relationship": "Inner", "Parallel Aware": false, "Async Capable": false, "Scan Direction": "Forward", "Index Name": "idx_badges_userid", "Relation Name": "badges", "Alias": "b", "Startup Cost": 0.29, "Total Cost": 3064.97, "Plan Rows": 78850, "Plan Width": 4, "Actual Rows": 2057716, "Actual Loops": 3, "Filter": "(date >= '2010-08-01 02:54:53'::timestamp without time zone)", "Rows Removed by Filter": 981, "Workers": []}]}]}]}]}, "Planning Time": 6.113, "Triggers": [], "Execution Time": 1164.389}, {"Plan": {"Node Type": "Aggregate", "Strategy": "Plain", "Partial Mode": "Simple", "Parallel Aware": false, "Async Capable": false, "Startup Cost": 28438.24, "Total Cost": 28438.25, "Plan Rows": 1, "Plan Width": 8, "Actual Rows": 1, "Actual Loops": 1, "Plans": [{"Node Type": "Merge Join", "Parent Relationship": "Outer", "Parallel Aware": false, "Async Capable": false, "Join Type": "Inner", "Startup Cost": 22493.03, "Total Cost": 27845.36, "Plan Rows": 237150, "Plan Width": 0, "Actual Rows": 5982882, "Actual Loops": 1, "Inner Unique": false, "Merge Cond": "(u.id = b.userid)", "Plans": [{"Node Type": "Merge Join", "Parent Relationship": "Outer", "Parallel Aware": false, "Async Capable": false, "Join Type": "Inner", "Startup Cost": 22492.73, "Total Cost": 24445.71, "Plan Rows": 6237, "Plan Width": 8, "Actual Rows": 375085, "Actual Loops": 1, "Inner Unique": false, "Merge Cond": "(u.id = p.owneruserid)", "Plans": [{"Node Type": "Index Scan", "Parent Relationship": "Outer", "Parallel Aware": false, "Async Capable": false, "Scan Direction": "Forward", "Index Name": "users_pkey", "Relation Name": "users", "Alias": "u", "Startup Cost": 0.29, "Total Cost": 1760.41, "Plan Rows": 39440, "Plan Width": 4, "Actual Rows": 39438, "Actual Loops": 1, "Filter": "((reputation >= 1) AND (views >= 0) AND (creationdate >= '2010-08-19 06:26:34'::timestamp without time zone) AND (creationdate <= '2014-09-11 05:22:26'::timestamp without time zone))", "Rows Removed by Filter": 887}, {"Node Type": "Sort", "Parent Relationship": "Inner", "Parallel Aware": false, "Async Capable": false, "Startup Cost": 22492.44, "Total Cost": 22508.63, "Plan Rows": 6475, "Plan Width": 4, "Actual Rows": 428723, "Actual Loops": 1, "Sort Key": ["p.owneruserid"], "Sort Method": "quicksort", "Sort Space Used": 12289, "Sort Space Type": "Memory", "Plans": [{"Node Type": "Merge Join", "Parent Relationship": "Outer", "Parallel Aware": false, "Async Capable": false, "Join Type": "Inner", "Startup Cost": 10056.93, "Total Cost": 22082.56, "Plan Rows": 6475, "Plan Width": 4, "Actual Rows": 435424, "Actual Loops": 1, "Inner Unique": false, "Merge Cond": "(p.id = ph.postid)", "Plans": [{"Node Type": "Merge Join", "Parent Relationship": "Outer", "Parallel Aware": false, "Async Capable": false, "Join Type": "Inner", "Startup Cost": 10056.51, "Total Cost": 14638.96, "Plan Rows": 1964, "Plan Width": 16, "Actual Rows": 65424, "Actual Loops": 1, "Inner Unique": false, "Merge Cond": "(p.id = c.postid)", "Plans": [{"Node Type": "Gather Merge", "Parent Relationship": "Outer", "Parallel Aware": false, "Async Capable": false, "Startup Cost": 10056.09, "Total Cost": 10291.83, "Plan Rows": 1036, "Plan Width": 12, "Actual Rows": 25932, "Actual Loops": 1, "Workers Planned": 1, "Workers Launched": 1, "Plans": [{"Node Type": "Merge Join", "Parent Relationship": "Outer", "Parallel Aware": false, "Async Capable": false, "Join Type": "Inner", "Startup Cost": 9056.08, "Total Cost": 9175.27, "Plan Rows": 609, "Plan Width": 12, "Actual Rows": 12966, "Actual Loops": 2, "Inner Unique": true, "Merge Cond": "(v.postid = p.id)", "Workers": [], "Plans": [{"Node Type": "Sort", "Parent Relationship": "Outer", "Parallel Aware": false, "Async Capable": false, "Startup Cost": 5984.1, "Total Cost": 6033.57, "Plan Rows": 19785, "Plan Width": 4, "Actual Rows": 16846, "Actual Loops": 2, "Sort Key": ["v.postid"], "Sort Method": "quicksort", "Sort Space Used": 769, "Sort Space Type": "Memory", "Workers": [{"Worker Number": 0, "Sort Method": "quicksort", "Sort Space Used": 385, "Sort Space Type": "Memory"}], "Plans": [{"Node Type": "Seq Scan", "Parent Relationship": "Outer", "Parallel Aware": true, "Async Capable": false, "Relation Name": "votes", "Alias": "v", "Startup Cost": 0.0, "Total Cost": 4572.24, "Plan Rows": 19785, "Plan Width": 4, "Actual Rows": 16846, "Actual Loops": 2, "Filter": "(votetypeid = 5)", "Rows Removed by Filter": 147186, "Workers": []}]}, {"Node Type": "Sort", "Parent Relationship": "Inner", "Parallel Aware": false, "Async Capable": false, "Startup Cost": 3071.97, "Total Cost": 3079.06, "Plan Rows": 2834, "Plan Width": 8, "Actual Rows": 12976, "Actual Loops": 2, "Sort Key": ["p.id"], "Sort Method": "quicksort", "Sort Space Used": 790, "Sort Space Type": "Memory", "Workers": [{"Worker Number": 0, "Sort Method": "quicksort", "Sort Space Used": 790, "Sort Space Type": "Memory"}], "Plans": [{"Node Type": "Seq Scan", "Parent Relationship": "Outer", "Parallel Aware": false, "Async Capable": false, "Relation Name": "posts", "Alias": "p", "Startup Cost": 0.0, "Total Cost": 2909.46, "Plan Rows": 2834, "Plan Width": 8, "Actual Rows": 12978, "Actual Loops": 2, "Filter": "((viewcount >= 0) AND (answercount >= 0) AND (answercount <= 7) AND (favoritecount >= 0) AND (favoritecount <= 17))", "Rows Removed by Filter": 78998, "Workers": []}]}]}]}, {"Node Type": "Index Only Scan", "Parent Relationship": "Inner", "Parallel Aware": false, "Async Capable": false, "Scan Direction": "Forward", "Index Name": "idx_comments_postid", "Relation Name": "comments", "Alias": "c", "Startup Cost": 0.42, "Total Cost": 3889.15, "Plan Rows": 174305, "Plan Width": 4, "Actual Rows": 211270, "Actual Loops": 1, "Heap Fetches": 0}]}, {"Node Type": "Index Only Scan", "Parent Relationship": "Inner", "Parallel Aware": false, "Async Capable": false, "Scan Direction": "Forward", "Index Name": "idx_posthistory_postid", "Relation Name": "posthistory", "Alias": "ph", "Startup Cost": 0.42, "Total Cost": 6615.98, "Plan Rows": 303187, "Plan Width": 4, "Actual Rows": 691540, "Actual Loops": 1, "Heap Fetches": 0}]}]}]}, {"Node Type": "Index Scan", "Parent Relationship": "Inner", "Parallel Aware": false, "Async Capable": false, "Scan Direction": "Forward", "Index Name": "idx_badges_userid", "Relation Name": "badges", "Alias": "b", "Startup Cost": 0.29, "Total Cost": 3064.97, "Plan Rows": 78850, "Plan Width": 4, "Actual Rows": 6033069, "Actual Loops": 1, "Filter": "(date >= '2010-08-01 02:54:53'::timestamp without time zone)", "Rows Removed by Filter": 981}]}]}, "Planning Time": 6.223, "Triggers": [], "Execution Time": 1746.759}, {"Plan": {"Node Type": "Aggregate", "Strategy": "Plain", "Partial Mode": "Simple", "Parallel Aware": false, "Async Capable": false, "Startup Cost": 16607.49, "Total Cost": 16607.5, "Plan Rows": 1, "Plan Width": 8, "Actual Rows": 1, "Actual Loops": 1, "Plans": [{"Node Type": "Nested Loop", "Parent Relationship": "Outer", "Parallel Aware": false, "Async Capable": false, "Join Type": "Inner", "Startup Cost": 2.14, "Total Cost": 16014.62, "Plan Rows": 237150, "Plan Width": 0, "Actual Rows": 5982882, "Actual Loops": 1, "Inner Unique": false, "Plans": [{"Node Type": "Nested Loop", "Parent Relationship": "Outer", "Parallel Aware": false, "Async Capable": false, "Join Type": "Inner", "Startup Cost": 1.85, "Total Cost": 13270.94, "Plan Rows": 6237, "Plan Width": 8, "Actual Rows": 375085, "Actual Loops": 1, "Inner Unique": false, "Join Filter": "(p.id = ph.postid)", "Rows Removed by Join Filter": 0, "Plans": [{"Node Type": "Nested Loop", "Parent Relationship": "Outer", "Parallel Aware": false, "Async Capable": false, "Join Type": "Inner", "Startup Cost": 1.42, "Total Cost": 12221.3, "Plan Rows": 1892, "Plan Width": 20, "Actual Rows": 55797, "Actual Loops": 1, "Inner Unique": true, "Plans": [{"Node Type": "Nested Loop", "Parent Relationship": "Outer", "Parallel Aware": false, "Async Capable": false, "Join Type": "Inner", "Startup Cost": 1.13, "Total Cost": 10461.19, "Plan Rows": 1964, "Plan Width": 16, "Actual Rows": 65424, "Actual Loops": 1, "Inner Unique": false, "Join Filter": "(p.id = v.postid)", "Rows Removed by Join Filter": 0, "Plans": [{"Node Type": "Nested Loop", "Parent Relationship": "Outer", "Parallel Aware": false, "Async Capable": false, "Join Type": "Inner", "Startup Cost": 0.71, "Total Cost": 7260.95, "Plan Rows": 5371, "Plan Width": 12, "Actual Rows": 30578, "Actual Loops": 1, "Inner Unique": false, "Plans": [{"Node Type": "Index Scan", "Parent Relationship": "Outer", "Parallel Aware": false, "Async Capable": false, "Scan Direction": "Forward", "Index Name": "posts_pkey", "Relation Name": "posts", "Alias": "p", "Startup Cost": 0.29, "Total Cost": 4388.87, "Plan Rows": 2834, "Plan Width": 8, "Actual Rows": 12978, "Actual Loops": 1, "Filter": "((viewcount >= 0) AND (answercount >= 0) AND (answercount <= 7) AND (favoritecount >= 0) AND (favoritecount <= 17))", "Rows Removed by Filter": 78998}, {"Node Type": "Index Only Scan", "Parent Relationship": "Inner", "Parallel Aware": false, "Async Capable": false, "Scan Direction": "Forward", "Index Name": "idx_comments_postid", "Relation Name": "comments", "Alias": "c", "Startup Cost": 0.42, "Total Cost": 0.98, "Plan Rows": 3, "Plan Width": 4, "Actual Rows": 2, "Actual Loops": 12978, "Index Cond": "(postid = p.id)", "Rows Removed by Index Recheck": 0, "Heap Fetches": 0}]}, {"Node Type": "Index Scan", "Parent Relationship": "Inner", "Parallel Aware": false, "Async Capable": false, "Scan Direction": "Forward", "Index Name": "idx_votes_postid", "Relation Name": "votes", "Alias": "v", "Startup Cost": 0.42, "Total Cost": 0.58, "Plan Rows": 1, "Plan Width": 4, "Actual Rows": 2, "Actual Loops": 30578, "Index Cond": "(postid = c.postid)", "Rows Removed by Index Recheck": 0, "Filter": "(votetypeid = 5)", "Rows Removed by Filter": 6}]}, {"Node Type": "Index Scan", "Parent Relationship": "Inner", "Parallel Aware": false, "Async Capable": false, "Scan Direction": "Forward", "Index Name": "users_pkey", "Relation Name": "users", "Alias": "u", "Startup Cost": 0.29, "Total Cost": 0.9, "Plan Rows": 1, "Plan Width": 4, "Actual Rows": 1, "Actual Loops": 65424, "Index Cond": "(id = p.owneruserid)", "Rows Removed by Index Recheck": 0, "Filter": "((reputation >= 1) AND (views >= 0) AND (creationdate >= '2010-08-19 06:26:34'::timestamp without time zone) AND (creationdate <= '2014-09-11 05:22:26'::timestamp without time zone))", "Rows Removed by Filter": 0}]}, {"Node Type": "Index Only Scan", "Parent Relationship": "Inner", "Parallel Aware": false, "Async Capable": false, "Scan Direction": "Forward", "Index Name": "idx_posthistory_postid", "Relation Name": "posthistory", "Alias": "ph", "Startup Cost": 0.42, "Total Cost": 0.5, "Plan Rows": 4, "Plan Width": 4, "Actual Rows": 7, "Actual Loops": 55797, "Index Cond": "(postid = c.postid)", "Rows Removed by Index Recheck": 0, "Heap Fetches": 0}]}, {"Node Type": "Index Scan", "Parent Relationship": "Inner", "Parallel Aware": false, "Async Capable": false, "Scan Direction": "Forward", "Index Name": "idx_badges_userid", "Relation Name": "badges", "Alias": "b", "Startup Cost": 0.29, "Total Cost": 0.41, "Plan Rows": 3, "Plan Width": 4, "Actual Rows": 16, "Actual Loops": 375085, "Index Cond": "(userid = u.id)", "Rows Removed by Index Recheck": 0, "Filter": "(date >= '2010-08-01 02:54:53'::timestamp without time zone)", "Rows Removed by Filter": 0}]}]}, "Planning Time": 3.881, "Triggers": [], "Execution Time": 2139.754}, {"Plan": {"Node Type": "Aggregate", "Strategy": "Plain", "Partial Mode": "Simple", "Parallel Aware": false, "Async Capable": false, "Startup Cost": 15128.08, "Total Cost": 15128.09, "Plan Rows": 1, "Plan Width": 8, "Actual Rows": 1, "Actual Loops": 1, "Plans": [{"Node Type": "Nested Loop", "Parent Relationship": "Outer", "Parallel Aware": false, "Async Capable": false, "Join Type": "Inner", "Startup Cost": 1.85, "Total Cost": 14535.21, "Plan Rows": 237150, "Plan Width": 0, "Actual Rows": 5982882, "Actual Loops": 1, "Inner Unique": false, "Plans": [{"Node Type": "Nested Loop", "Parent Relationship": "Outer", "Parallel Aware": false, "Async Capable": false, "Join Type": "Inner", "Startup Cost": 1.56, "Total Cost": 11791.53, "Plan Rows": 6237, "Plan Width": 8, "Actual Rows": 375085, "Actual Loops": 1, "Inner Unique": false, "Join Filter": "(p.id = ph.postid)", "Rows Removed by Join Filter": 0, "Plans": [{"Node Type": "Nested Loop", "Parent Relationship": "Outer", "Parallel Aware": false, "Async Capable": false, "Join Type": "Inner", "Startup Cost": 1.13, "Total Cost": 10741.89, "Plan Rows": 1892, "Plan Width": 20, "Actual Rows": 55797, "Actual Loops": 1, "Inner Unique": true, "Plans": [{"Node Type": "Nested Loop", "Parent Relationship": "Outer", "Parallel Aware": false, "Async Capable": false, "Join Type": "Inner", "Startup Cost": 0.84, "Total Cost": 8981.78, "Plan Rows": 1964, "Plan Width": 16, "Actual Rows": 65424, "Actual Loops": 1, "Inner Unique": false, "Join Filter": "(p.id = v.postid)", "Rows Removed by Join Filter": 0, "Plans": [{"Node Type": "Nested Loop", "Parent Relationship": "Outer", "Parallel Aware": false, "Async Capable": false, "Join Type": "Inner", "Startup Cost": 0.42, "Total Cost": 5781.55, "Plan Rows": 5371, "Plan Width": 12, "Actual Rows": 30578, "Actual Loops": 1, "Inner Unique": false, "Plans": [{"Node Type": "Seq Scan", "Parent Relationship": "Outer", "Parallel Aware": false, "Async Capable": false, "Relation Name": "posts", "Alias": "p", "Startup Cost": 0.0, "Total Cost": 2909.46, "Plan Rows": 2834, "Plan Width": 8, "Actual Rows": 12978, "Actual Loops": 1, "Filter": "((viewcount >= 0) AND (answercount >= 0) AND (answercount <= 7) AND (favoritecount >= 0) AND (favoritecount <= 17))", "Rows Removed by Filter": 78998}, {"Node Type": "Index Only Scan", "Parent Relationship": "Inner", "Parallel Aware": false, "Async Capable": false, "Scan Direction": "Forward", "Index Name": "idx_comments_postid", "Relation Name": "comments", "Alias": "c", "Startup Cost": 0.42, "Total Cost": 0.98, "Plan Rows": 3, "Plan Width": 4, "Actual Rows": 2, "Actual Loops": 12978, "Index Cond": "(postid = p.id)", "Rows Removed by Index Recheck": 0, "Heap Fetches": 0}]}, {"Node Type": "Index Scan", "Parent Relationship": "Inner", "Parallel Aware": false, "Async Capable": false, "Scan Direction": "Forward", "Index Name": "idx_votes_postid", "Relation Name": "votes", "Alias": "v", "Startup Cost": 0.42, "Total Cost": 0.58, "Plan Rows": 1, "Plan Width": 4, "Actual Rows": 2, "Actual Loops": 30578, "Index Cond": "(postid = c.postid)", "Rows Removed by Index Recheck": 0, "Filter": "(votetypeid = 5)", "Rows Removed by Filter": 6}]}, {"Node Type": "Index Scan", "Parent Relationship": "Inner", "Parallel Aware": false, "Async Capable": false, "Scan Direction": "Forward", "Index Name": "users_pkey", "Relation Name": "users", "Alias": "u", "Startup Cost": 0.29, "Total Cost": 0.9, "Plan Rows": 1, "Plan Width": 4, "Actual Rows": 1, "Actual Loops": 65424, "Index Cond": "(id = p.owneruserid)", "Rows Removed by Index Recheck": 0, "Filter": "((reputation >= 1) AND (views >= 0) AND (creationdate >= '2010-08-19 06:26:34'::timestamp without time zone) AND (creationdate <= '2014-09-11 05:22:26'::timestamp without time zone))", "Rows Removed by Filter": 0}]}, {"Node Type": "Index Only Scan", "Parent Relationship": "Inner", "Parallel Aware": false, "Async Capable": false, "Scan Direction": "Forward", "Index Name": "idx_posthistory_postid", "Relation Name": "posthistory", "Alias": "ph", "Startup Cost": 0.42, "Total Cost": 0.5, "Plan Rows": 4, "Plan Width": 4, "Actual Rows": 7, "Actual Loops": 55797, "Index Cond": "(postid = c.postid)", "Rows Removed by Index Recheck": 0, "Heap Fetches": 0}]}, {"Node Type": "Index Scan", "Parent Relationship": "Inner", "Parallel Aware": false, "Async Capable": false, "Scan Direction": "Forward", "Index Name": "idx_badges_userid", "Relation Name": "badges", "Alias": "b", "Startup Cost": 0.29, "Total Cost": 0.41, "Plan Rows": 3, "Plan Width": 4, "Actual Rows": 16, "Actual Loops": 375085, "Index Cond": "(userid = u.id)", "Rows Removed by Index Recheck": 0, "Filter": "(date >= '2010-08-01 02:54:53'::timestamp without time zone)", "Rows Removed by Filter": 0}]}]}, "Planning Time": 4.151, "Triggers": [], "Execution Time": 2114.013}, {"Plan": {"Node Type": "Aggregate", "Strategy": "Plain", "Partial Mode": "Finalize", "Parallel Aware": false, "Async Capable": false, "Startup Cost": 29551.32, "Total Cost": 29551.33, "Plan Rows": 1, "Plan Width": 8, "Actual Rows": 1, "Actual Loops": 1, "Plans": [{"Node Type": "Gather", "Parent Relationship": "Outer", "Parallel Aware": false, "Async Capable": false, "Startup Cost": 29551.21, "Total Cost": 29551.32, "Plan Rows": 1, "Plan Width": 8, "Actual Rows": 2, "Actual Loops": 1, "Workers Planned": 1, "Workers Launched": 1, "Single Copy": false, "Plans": [{"Node Type": "Aggregate", "Strategy": "Plain", "Partial Mode": "Partial", "Parent Relationship": "Outer", "Parallel Aware": false, "Async Capable": false, "Startup Cost": 28551.21, "Total Cost": 28551.22, "Plan Rows": 1, "Plan Width": 8, "Actual Rows": 1, "Actual Loops": 2, "Workers": [], "Plans": [{"Node Type": "Merge Join", "Parent Relationship": "Outer", "Parallel Aware": false, "Async Capable": false, "Join Type": "Inner", "Startup Cost": 27718.12, "Total Cost": 28202.46, "Plan Rows": 139500, "Plan Width": 0, "Actual Rows": 2991441, "Actual Loops": 2, "Inner Unique": false, "Merge Cond": "(u.id = b.userid)", "Workers": [], "Plans": [{"Node Type": "Sort", "Parent Relationship": "Outer", "Parallel Aware": false, "Async Capable": false, "Startup Cost": 19874.79, "Total Cost": 19883.96, "Plan Rows": 3669, "Plan Width": 8, "Actual Rows": 187542, "Actual Loops": 2, "Sort Key": ["p.owneruserid"], "Sort Method": "quicksort", "Sort Space Used": 21125, "Sort Space Type": "Memory", "Workers": [{"Worker Number": 0, "Sort Method": "quicksort", "Sort Space Used": 5957, "Sort Space Type": "Memory"}], "Plans": [{"Node Type": "Nested Loop", "Parent Relationship": "Outer", "Parallel Aware": false, "Async Capable": false, "Join Type": "Inner", "Startup Cost": 9057.48, "Total Cost": 19657.56, "Plan Rows": 3669, "Plan Width": 8, "Actual Rows": 187542, "Actual Loops": 2, "Inner Unique": false, "Join Filter": "(p.id = ph.postid)", "Rows Removed by Join Filter": 0, "Workers": [], "Plans": [{"Node Type": "Nested Loop", "Parent Relationship": "Outer", "Parallel Aware": false, "Async Capable": false, "Join Type": "Inner", "Startup Cost": 9057.01, "Total Cost": 14576.52, "Plan Rows": 1113, "Plan Width": 20, "Actual Rows": 27898, "Actual Loops": 2, "Inner Unique": false, "Join Filter": "(c.postid = p.id)", "Rows Removed by Join Filter": 0, "Workers": [], "Plans": [{"Node Type": "Nested Loop", "Parent Relationship": "Outer", "Parallel Aware": false, "Async Capable": false, "Join Type": "Inner", "Startup Cost": 9056.53, "Total Cost": 11903.43, "Plan Rows": 587, "Plan Width": 16, "Actual Rows": 10816, "Actual Loops": 2, "Inner Unique": true, "Workers": [], "Plans": [{"Node Type": "Merge Join", "Parent Relationship": "Outer", "Parallel Aware": false, "Async Capable": false, "Join Type": "Inner", "Startup Cost": 9056.08, "Total Cost": 9175.27, "Plan Rows": 609, "Plan Width": 12, "Actual Rows": 12966, "Actual Loops": 2, "Inner Unique": true, "Merge Cond": "(v.postid = p.id)", "Workers": [], "Plans": [{"Node Type": "Sort", "Parent Relationship": "Outer", "Parallel Aware": false, "Async Capable": false, "Startup Cost": 5984.1, "Total Cost": 6033.57, "Plan Rows": 19785, "Plan Width": 4, "Actual Rows": 16846, "Actual Loops": 2, "Sort Key": ["v.postid"], "Sort Method": "quicksort", "Sort Space Used": 769, "Sort Space Type": "Memory", "Workers": [{"Worker Number": 0, "Sort Method": "quicksort", "Sort Space Used": 193, "Sort Space Type": "Memory"}], "Plans": [{"Node Type": "Seq Scan", "Parent Relationship": "Outer", "Parallel Aware": true, "Async Capable": false, "Relation Name": "votes", "Alias": "v", "Startup Cost": 0.0, "Total Cost": 4572.24, "Plan Rows": 19785, "Plan Width": 4, "Actual Rows": 16846, "Actual Loops": 2, "Filter": "(votetypeid = 5)", "Rows Removed by Filter": 147186, "Workers": []}]}, {"Node Type": "Sort", "Parent Relationship": "Inner", "Parallel Aware": false, "Async Capable": false, "Startup Cost": 3071.97, "Total Cost": 3079.06, "Plan Rows": 2834, "Plan Width": 8, "Actual Rows": 12978, "Actual Loops": 2, "Sort Key": ["p.id"], "Sort Method": "quicksort", "Sort Space Used": 790, "Sort Space Type": "Memory", "Workers": [{"Worker Number": 0, "Sort Method": "quicksort", "Sort Space Used": 790, "Sort Space Type": "Memory"}], "Plans": [{"Node Type": "Seq Scan", "Parent Relationship": "Outer", "Parallel Aware": false, "Async Capable": false, "Relation Name": "posts", "Alias": "p", "Startup Cost": 0.0, "Total Cost": 2909.46, "Plan Rows": 2834, "Plan Width": 8, "Actual Rows": 12978, "Actual Loops": 2, "Filter": "((viewcount >= 0) AND (answercount >= 0) AND (answercount <= 7) AND (favoritecount >= 0) AND (favoritecount <= 17))", "Rows Removed by Filter": 78998, "Workers": []}]}]}, {"Node Type": "Bitmap Heap Scan", "Parent Relationship": "Inner", "Parallel Aware": false, "Async Capable": false, "Relation Name": "users", "Alias": "u", "Startup Cost": 0.46, "Total Cost": 4.48, "Plan Rows": 1, "Plan Width": 4, "Actual Rows": 1, "Actual Loops": 25932, "Recheck Cond": "(p.owneruserid = id)", "Rows Removed by Index Recheck": 0, "Filter": "((reputation >= 1) AND (views >= 0) AND (creationdate >= '2010-08-19 06:26:34'::timestamp without time zone) AND (creationdate <= '2014-09-11 05:22:26'::timestamp without time zone))", "Rows Removed by Filter": 0, "Exact Heap Blocks": 19633, "Lossy Heap Blocks": 0, "Workers": [], "Plans": [{"Node Type": "Bitmap Index Scan", "Parent Relationship": "Outer", "Parallel Aware": false, "Async Capable": false, "Index Name": "users_pkey", "Startup Cost": 0.0, "Total Cost": 0.46, "Plan Rows": 1, "Plan Width": 0, "Actual Rows": 1, "Actual Loops": 25932, "Index Cond": "(id = p.owneruserid)", "Workers": []}]}]}, {"Node Type": "Bitmap Heap Scan", "Parent Relationship": "Inner", "Parallel Aware": false, "Async Capable": false, "Relation Name": "comments", "Alias": "c", "Startup Cost": 0.48, "Total Cost": 4.52, "Plan Rows": 3, "Plan Width": 4, "Actual Rows": 3, "Actual Loops": 21632, "Recheck Cond": "(postid = v.postid)", "Rows Removed by Index Recheck": 0, "Exact Heap Blocks": 18753, "Lossy Heap Blocks": 0, "Workers": [], "Plans": [{"Node Type": "Bitmap Index Scan", "Parent Relationship": "Outer", "Parallel Aware": false, "Async Capable": false, "Index Name": "idx_comments_postid", "Startup Cost": 0.0, "Total Cost": 0.48, "Plan Rows": 3, "Plan Width": 0, "Actual Rows": 3, "Actual Loops": 21632, "Index Cond": "(postid = v.postid)", "Workers": []}]}]}, {"Node Type": "Bitmap Heap Scan", "Parent Relationship": "Inner", "Parallel Aware": false, "Async Capable": false, "Relation Name": "posthistory", "Alias": "ph", "Startup Cost": 0.47, "Total Cost": 4.52, "Plan Rows": 4, "Plan Width": 4, "Actual Rows": 7, "Actual Loops": 55797, "Recheck Cond": "(c.postid = postid)", "Rows Removed by Index Recheck": 0, "Exact Heap Blocks": 91540, "Lossy Heap Blocks": 0, "Workers": [], "Plans": [{"Node Type": "Bitmap Index Scan", "Parent Relationship": "Outer", "Parallel Aware": false, "Async Capable": false, "Index Name": "idx_posthistory_postid", "Startup Cost": 0.0, "Total Cost": 0.46, "Plan Rows": 4, "Plan Width": 0, "Actual Rows": 7, "Actual Loops": 55797, "Index Cond": "(postid = c.postid)", "Workers": []}]}]}]}, {"Node Type": "Sort", "Parent Relationship": "Inner", "Parallel Aware": false, "Async Capable": false, "Startup Cost": 7843.33, "Total Cost": 8040.46, "Plan Rows": 78850, "Plan Width": 4, "Actual Rows": 3048616, "Actual Loops": 2, "Sort Key": ["b.userid"], "Sort Method": "quicksort", "Sort Space Used": 3073, "Sort Space Type": "Memory", "Workers": [{"Worker Number": 0, "Sort Method": "quicksort", "Sort Space Used": 3073, "Sort Space Type": "Memory"}], "Plans": [{"Node Type": "Seq Scan", "Parent Relationship": "Outer", "Parallel Aware": false, "Async Capable": false, "Relation Name": "badges", "Alias": "b", "Startup Cost": 0.0, "Total Cost": 1430.14, "Plan Rows": 78850, "Plan Width": 4, "Actual Rows": 78870, "Actual Loops": 2, "Filter": "(date >= '2010-08-01 02:54:53'::timestamp without time zone)", "Rows Removed by Filter": 981, "Workers": []}]}]}]}]}]}, "Planning Time": 5.974, "Triggers": [], "Execution Time": 795.885}, {"Plan": {"Node Type": "Aggregate", "Strategy": "Plain", "Partial Mode": "Finalize", "Parallel Aware": false, "Async Capable": false, "Startup Cost": 65992.06, "Total Cost": 65992.07, "Plan Rows": 1, "Plan Width": 8, "Actual Rows": 1, "Actual Loops": 1, "Plans": [{"Node Type": "Gather", "Parent Relationship": "Outer", "Parallel Aware": false, "Async Capable": false, "Startup Cost": 65991.95, "Total Cost": 65992.06, "Plan Rows": 1, "Plan Width": 8, "Actual Rows": 2, "Actual Loops": 1, "Workers Planned": 1, "Workers Launched": 1, "Single Copy": false, "Plans": [{"Node Type": "Aggregate", "Strategy": "Plain", "Partial Mode": "Partial", "Parent Relationship": "Outer", "Parallel Aware": false, "Async Capable": false, "Startup Cost": 64991.95, "Total Cost": 64991.96, "Plan Rows": 1, "Plan Width": 8, "Actual Rows": 1, "Actual Loops": 2, "Workers": [], "Plans": [{"Node Type": "Merge Join", "Parent Relationship": "Outer", "Parallel Aware": false, "Async Capable": false, "Join Type": "Inner", "Startup Cost": 63915.39, "Total Cost": 64643.2, "Plan Rows": 139500, "Plan Width": 0, "Actual Rows": 2991441, "Actual Loops": 2, "Inner Unique": false, "Merge Cond": "(u.id = b.userid)", "Workers": [], "Plans": [{"Node Type": "Merge Join", "Parent Relationship": "Outer", "Parallel Aware": false, "Async Capable": false, "Join Type": "Inner", "Startup Cost": 56072.06, "Total Cost": 56324.7, "Plan Rows": 3669, "Plan Width": 8, "Actual Rows": 187542, "Actual Loops": 2, "Inner Unique": true, "Merge Cond": "(p.owneruserid = u.id)", "Workers": [], "Plans": [{"Node Type": "Sort", "Parent Relationship": "Outer", "Parallel Aware": false, "Async Capable": false, "Startup Cost": 51957.83, "Total Cost": 51967.36, "Plan Rows": 3809, "Plan Width": 4, "Actual Rows": 214362, "Actual Loops": 2, "Sort Key": ["p.owneruserid"], "Sort Method": "quicksort", "Sort Space Used": 12289, "Sort Space Type": "Memory", "Workers": [{"Worker Number": 0, "Sort Method": "quicksort", "Sort Space Used": 3073, "Sort Space Type": "Memory"}], "Plans": [{"Node Type": "Merge Join", "Parent Relationship": "Outer", "Parallel Aware": false, "Async Capable": false, "Join Type": "Inner", "Startup Cost": 49702.11, "Total Cost": 51731.29, "Plan Rows": 3809, "Plan Width": 4, "Actual Rows": 217712, "Actual Loops": 2, "Inner Unique": false, "Merge Cond": "(p.id = c.postid)", "Workers": [], "Plans": [{"Node Type": "Merge Join", "Parent Relationship": "Outer", "Parallel Aware": false, "Async Capable": false, "Join Type": "Inner", "Startup Cost": 31440.71, "Total Cost": 32555.28, "Plan Rows": 2009, "Plan Width": 16, "Actual Rows": 77292, "Actual Loops": 2, "Inner Unique": false, "Merge Cond": "(ph.postid = p.id)", "Workers": [], "Plans": [{"Node Type": "Sort", "Parent Relationship": "Outer", "Parallel Aware": false, "Async Capable": false, "Startup Cost": 19578.98, "Total Cost": 20024.84, "Plan Rows": 178345, "Plan Width": 4, "Actual Rows": 151578, "Actual Loops": 2, "Sort Key": ["ph.postid"], "Sort Method": "quicksort", "Sort Space Used": 6145, "Sort Space Type": "Memory", "Workers": [{"Worker Number": 0, "Sort Method": "quicksort", "Sort Space Used": 3073, "Sort Space Type": "Memory"}], "Plans": [{"Node Type": "Seq Scan", "Parent Relationship": "Outer", "Parallel Aware": true, "Async Capable": false, "Relation Name": "posthistory", "Alias": "ph", "Startup Cost": 0.0, "Total Cost": 4023.45, "Plan Rows": 178345, "Plan Width": 4, "Actual Rows": 151594, "Actual Loops": 2, "Workers": []}]}, {"Node Type": "Materialize", "Parent Relationship": "Inner", "Parallel Aware": false, "Async Capable": false, "Startup Cost": 11861.73, "Total Cost": 12057.03, "Plan Rows": 1036, "Plan Width": 12, "Actual Rows": 87725, "Actual Loops": 2, "Workers": [], "Plans": [{"Node Type": "Merge Join", "Parent Relationship": "Outer", "Parallel Aware": false, "Async Capable": false, "Join Type": "Inner", "Startup Cost": 11861.73, "Total Cost": 12054.44, "Plan Rows": 1036, "Plan Width": 12, "Actual Rows": 25932, "Actual Loops": 2, "Inner Unique": false, "Merge Cond": "(p.id = v.postid)", "Workers": [], "Plans": [{"Node Type": "Sort", "Parent Relationship": "Outer", "Parallel Aware": false, "Async Capable": false, "Startup Cost": 3071.97, "Total Cost": 3079.06, "Plan Rows": 2834, "Plan Width": 8, "Actual Rows": 12978, "Actual Loops": 2, "Sort Key": ["p.id"], "Sort Method": "quicksort", "Sort Space Used": 790, "Sort Space Type": "Memory", "Workers": [{"Worker Number": 0, "Sort Method": "quicksort", "Sort Space Used": 790, "Sort Space Type": "Memory"}], "Plans": [{"Node Type": "Seq Scan", "Parent Relationship": "Outer", "Parallel Aware": false, "Async Capable": false, "Relation Name": "posts", "Alias": "p", "Startup Cost": 0.0, "Total Cost": 2909.46, "Plan Rows": 2834, "Plan Width": 8, "Actual Rows": 12978, "Actual Loops": 2, "Filter": "((viewcount >= 0) AND (answercount >= 0) AND (answercount <= 7) AND (favoritecount >= 0) AND (favoritecount <= 17))", "Rows Removed by Filter": 78998, "Workers": []}]}, {"Node Type": "Sort", "Parent Relationship": "Inner", "Parallel Aware": false, "Async Capable": false, "Startup Cost": 8789.76, "Total Cost": 8873.85, "Plan Rows": 33635, "Plan Width": 4, "Actual Rows": 33691, "Actual Loops": 2, "Sort Key": ["v.postid"], "Sort Method": "quicksort", "Sort Space Used": 1537, "Sort Space Type": "Memory", "Workers": [{"Worker Number": 0, "Sort Method": "quicksort", "Sort Space Used": 1537, "Sort Space Type": "Memory"}], "Plans": [{"Node Type": "Seq Scan", "Parent Relationship": "Outer", "Parallel Aware": false, "Async Capable": false, "Relation Name": "votes", "Alias": "v", "Startup Cost": 0.0, "Total Cost": 6260.8, "Plan Rows": 33635, "Plan Width": 4, "Actual Rows": 33691, "Actual Loops": 2, "Filter": "(votetypeid = 5)", "Rows Removed by Filter": 294373, "Workers": []}]}]}]}]}, {"Node Type": "Sort", "Parent Relationship": "Inner", "Parallel Aware": false, "Async Capable": false, "Startup Cost": 18261.39, "Total Cost": 18697.16, "Plan Rows": 174305, "Plan Width": 4, "Actual Rows": 374194, "Actual Loops": 2, "Sort Key": ["c.postid"], "Sort Method": "quicksort", "Sort Space Used": 6145, "Sort Space Type": "Memory", "Workers": [{"Worker Number": 0, "Sort Method": "quicksort", "Sort Space Used": 6145, "Sort Space Type": "Memory"}], "Plans": [{"Node Type": "Seq Scan", "Parent Relationship": "Outer", "Parallel Aware": false, "Async Capable": false, "Relation Name": "comments", "Alias": "c", "Startup Cost": 0.0, "Total Cost": 3087.05, "Plan Rows": 174305, "Plan Width": 4, "Actual Rows": 174305, "Actual Loops": 2, "Workers": []}]}]}]}, {"Node Type": "Sort", "Parent Relationship": "Inner", "Parallel Aware": false, "Async Capable": false, "Startup Cost": 4114.23, "Total Cost": 4212.83, "Plan Rows": 39440, "Plan Width": 4, "Actual Rows": 39438, "Actual Loops": 2, "Sort Key": ["u.id"], "Sort Method": "quicksort", "Sort Space Used": 1537, "Sort Space Type": "Memory", "Workers": [{"Worker Number": 0, "Sort Method": "quicksort", "Sort Space Used": 1537, "Sort Space Type": "Memory"}], "Plans": [{"Node Type": "Seq Scan", "Parent Relationship": "Outer", "Parallel Aware": false, "Async Capable": false, "Relation Name": "users", "Alias": "u", "Startup Cost": 0.0, "Total Cost": 1103.5, "Plan Rows": 39440, "Plan Width": 4, "Actual Rows": 39438, "Actual Loops": 2, "Filter": "((reputation >= 1) AND (views >= 0) AND (creationdate >= '2010-08-19 06:26:34'::timestamp without time zone) AND (creationdate <= '2014-09-11 05:22:26'::timestamp without time zone))", "Rows Removed by Filter": 887, "Workers": []}]}]}, {"Node Type": "Sort", "Parent Relationship": "Inner", "Parallel Aware": false, "Async Capable": false, "Startup Cost": 7843.33, "Total Cost": 8040.46, "Plan Rows": 78850, "Plan Width": 4, "Actual Rows": 3049638, "Actual Loops": 2, "Sort Key": ["b.userid"], "Sort Method": "quicksort", "Sort Space Used": 3073, "Sort Space Type": "Memory", "Workers": [{"Worker Number": 0, "Sort Method": "quicksort", "Sort Space Used": 3073, "Sort Space Type": "Memory"}], "Plans": [{"Node Type": "Seq Scan", "Parent Relationship": "Outer", "Parallel Aware": false, "Async Capable": false, "Relation Name": "badges", "Alias": "b", "Startup Cost": 0.0, "Total Cost": 1430.14, "Plan Rows": 78850, "Plan Width": 4, "Actual Rows": 78870, "Actual Loops": 2, "Filter": "(date >= '2010-08-01 02:54:53'::timestamp without time zone)", "Rows Removed by Filter": 981, "Workers": []}]}]}]}]}]}, "Planning Time": 6.005, "Triggers": [], "Execution Time": 604.457}, {"Plan": {"Node Type": "Aggregate", "Strategy": "Plain", "Partial Mode": "Simple", "Parallel Aware": false, "Async Capable": false, "Startup Cost": 48807.39, "Total Cost": 48807.4, "Plan Rows": 1, "Plan Width": 8, "Actual Rows": 1, "Actual Loops": 1, "Plans": [{"Node Type": "Nested Loop", "Parent Relationship": "Outer", "Parallel Aware": false, "Async Capable": false, "Join Type": "Inner", "Startup Cost": 3.07, "Total Cost": 48214.51, "Plan Rows": 237150, "Plan Width": 0, "Actual Rows": 5982882, "Actual Loops": 1, "Inner Unique": false, "Join Filter": "(b.userid = u.id)", "Rows Removed by Join Filter": 0, "Plans": [{"Node Type": "Nested Loop", "Parent Relationship": "Outer", "Parallel Aware": false, "Async Capable": false, "Join Type": "Inner", "Startup Cost": 2.55, "Total Cost": 35577.73, "Plan Rows": 6237, "Plan Width": 8, "Actual Rows": 375085, "Actual Loops": 1, "Inner Unique": false, "Join Filter": "(p.id = ph.postid)", "Rows Removed by Join Filter": 0, "Plans": [{"Node Type": "Nested Loop", "Parent Relationship": "Outer", "Parallel Aware": false, "Async Capable": false, "Join Type": "Inner", "Startup Cost": 2.09, "Total Cost": 26940.41, "Plan Rows": 1892, "Plan Width": 20, "Actual Rows": 55797, "Actual Loops": 1, "Inner Unique": false, "Join Filter": "(c.postid = p.id)", "Rows Removed by Join Filter": 0, "Plans": [{"Node Type": "Nested Loop", "Parent Relationship": "Outer", "Parallel Aware": false, "Async Capable": false, "Join Type": "Inner", "Startup Cost": 1.61, "Total Cost": 22395.71, "Plan Rows": 998, "Plan Width": 16, "Actual Rows": 21632, "Actual Loops": 1, "Inner Unique": true, "Plans": [{"Node Type": "Nested Loop", "Parent Relationship": "Outer", "Parallel Aware": false, "Async Capable": false, "Join Type": "Inner", "Startup Cost": 1.15, "Total Cost": 17754.7, "Plan Rows": 1036, "Plan Width": 12, "Actual Rows": 25932, "Actual Loops": 1, "Inner Unique": false, "Plans": [{"Node Type": "Seq Scan", "Parent Relationship": "Outer", "Parallel Aware": false, "Async Capable": false, "Relation Name": "posts", "Alias": "p", "Startup Cost": 0.0, "Total Cost": 2909.46, "Plan Rows": 2834, "Plan Width": 8, "Actual Rows": 12978, "Actual Loops": 1, "Filter": "((viewcount >= 0) AND (answercount >= 0) AND (answercount <= 7) AND (favoritecount >= 0) AND (favoritecount <= 17))", "Rows Removed by Filter": 78998}, {"Node Type": "Bitmap Heap Scan", "Parent Relationship": "Inner", "Parallel Aware": false, "Async Capable": false, "Relation Name": "votes", "Alias": "v", "Startup Cost": 1.15, "Total Cost": 5.23, "Plan Rows": 1, "Plan Width": 4, "Actual Rows": 2, "Actual Loops": 12978, "Recheck Cond": "(p.id = postid)", "Rows Removed by Index Recheck": 0, "Filter": "(votetypeid = 5)", "Rows Removed by Filter": 5, "Exact Heap Blocks": 54886, "Lossy Heap Blocks": 0, "Plans": [{"Node Type": "Bitmap Index Scan", "Parent Relationship": "Outer", "Parallel Aware": false, "Async Capable": false, "Index Name": "idx_votes_postid", "Startup Cost": 0.0, "Total Cost": 1.15, "Plan Rows": 5, "Plan Width": 0, "Actual Rows": 7, "Actual Loops": 12978, "Index Cond": "(postid = p.id)"}]}]}, {"Node Type": "Bitmap Heap Scan", "Parent Relationship": "Inner", "Parallel Aware": false, "Async Capable": false, "Relation Name": "users", "Alias": "u", "Startup Cost": 0.46, "Total Cost": 4.48, "Plan Rows": 1, "Plan Width": 4, "Actual Rows": 1, "Actual Loops": 25932, "Recheck Cond": "(p.owneruserid = id)", "Rows Removed by Index Recheck": 0, "Filter": "((reputation >= 1) AND (views >= 0) AND (creationdate >= '2010-08-19 06:26:34'::timestamp without time zone) AND (creationdate <= '2014-09-11 05:22:26'::timestamp without time zone))", "Rows Removed by Filter": 0, "Exact Heap Blocks": 25398, "Lossy Heap Blocks": 0, "Plans": [{"Node Type": "Bitmap Index Scan", "Parent Relationship": "Outer", "Parallel Aware": false, "Async Capable": false, "Index Name": "users_pkey", "Startup Cost": 0.0, "Total Cost": 0.46, "Plan Rows": 1, "Plan Width": 0, "Actual Rows": 1, "Actual Loops": 25932, "Index Cond": "(id = p.owneruserid)"}]}]}, {"Node Type": "Bitmap Heap Scan", "Parent Relationship": "Inner", "Parallel Aware": false, "Async Capable": false, "Relation Name": "comments", "Alias": "c", "Startup Cost": 0.48, "Total Cost": 4.52, "Plan Rows": 3, "Plan Width": 4, "Actual Rows": 3, "Actual Loops": 21632, "Recheck Cond": "(postid = v.postid)", "Rows Removed by Index Recheck": 0, "Exact Heap Blocks": 24785, "Lossy Heap Blocks": 0, "Plans": [{"Node Type": "Bitmap Index Scan", "Parent Relationship": "Outer", "Parallel Aware": false, "Async Capable": false, "Index Name": "idx_comments_postid", "Startup Cost": 0.0, "Total Cost": 0.48, "Plan Rows": 3, "Plan Width": 0, "Actual Rows": 3, "Actual Loops": 21632, "Index Cond": "(postid = v.postid)"}]}]}, {"Node Type": "Bitmap Heap Scan", "Parent Relationship": "Inner", "Parallel Aware": false, "Async Capable": false, "Relation Name": "posthistory", "Alias": "ph", "Startup Cost": 0.47, "Total Cost": 4.52, "Plan Rows": 4, "Plan Width": 4, "Actual Rows": 7, "Actual Loops": 55797, "Recheck Cond": "(c.postid = postid)", "Rows Removed by Index Recheck": 0, "Exact Heap Blocks": 122829, "Lossy Heap Blocks": 0, "Plans": [{"Node Type": "Bitmap Index Scan", "Parent Relationship": "Outer", "Parallel Aware": false, "Async Capable": false, "Index Name": "idx_posthistory_postid", "Startup Cost": 0.0, "Total Cost": 0.46, "Plan Rows": 4, "Plan Width": 0, "Actual Rows": 7, "Actual Loops": 55797, "Index Cond": "(postid = c.postid)"}]}]}, {"Node Type": "Memoize", "Parent Relationship": "Inner", "Parallel Aware": false, "Async Capable": false, "Startup Cost": 0.51, "Total Cost": 4.56, "Plan Rows": 3, "Plan Width": 4, "Actual Rows": 16, "Actual Loops": 375085, "Cache Key": "p.owneruserid", "Cache Mode": "logical", "Cache Hits": 370659, "Cache Misses": 4426, "Cache Evictions": 0, "Cache Overflows": 0, "Peak Memory Usage": 1299, "Plans": [{"Node Type": "Bitmap Heap Scan", "Parent Relationship": "Outer", "Parallel Aware": false, "Async Capable": false, "Relation Name": "badges", "Alias": "b", "Startup Cost": 0.5, "Total Cost": 4.55, "Plan Rows": 3, "Plan Width": 4, "Actual Rows": 6, "Actual Loops": 4426, "Recheck Cond": "(p.owneruserid = userid)", "Rows Removed by Index Recheck": 0, "Filter": "(date >= '2010-08-01 02:54:53'::timestamp without time zone)", "Rows Removed by Filter": 0, "Exact Heap Blocks": 21561, "Lossy Heap Blocks": 0, "Plans": [{"Node Type": "Bitmap Index Scan", "Parent Relationship": "Outer", "Parallel Aware": false, "Async Capable": false, "Index Name": "idx_badges_userid", "Startup Cost": 0.0, "Total Cost": 0.5, "Plan Rows": 3, "Plan Width": 0, "Actual Rows": 6, "Actual Loops": 4426, "Index Cond": "(userid = p.owneruserid)"}]}]}]}]}, "Planning Time": 4.39, "Triggers": [], "Execution Time": 1169.793}, {"Plan": {"Node Type": "Aggregate", "Strategy": "Plain", "Partial Mode": "Finalize", "Parallel Aware": false, "Async Capable": false, "Startup Cost": 38132.74, "Total Cost": 38132.75, "Plan Rows": 1, "Plan Width": 8, "Actual Rows": 1, "Actual Loops": 1, "Plans": [{"Node Type": "Gather", "Parent Relationship": "Outer", "Parallel Aware": false, "Async Capable": false, "Startup Cost": 38132.63, "Total Cost": 38132.74, "Plan Rows": 1, "Plan Width": 8, "Actual Rows": 2, "Actual Loops": 1, "Workers Planned": 1, "Workers Launched": 1, "Single Copy": false, "Plans": [{"Node Type": "Aggregate", "Strategy": "Plain", "Partial Mode": "Partial", "Parent Relationship": "Outer", "Parallel Aware": false, "Async Capable": false, "Startup Cost": 37132.63, "Total Cost": 37132.64, "Plan Rows": 1, "Plan Width": 8, "Actual Rows": 1, "Actual Loops": 2, "Workers": [], "Plans": [{"Node Type": "Merge Join", "Parent Relationship": "Outer", "Parallel Aware": false, "Async Capable": false, "Join Type": "Inner", "Startup Cost": 31526.99, "Total Cost": 36783.88, "Plan Rows": 139500, "Plan Width": 0, "Actual Rows": 2991441, "Actual Loops": 2, "Inner Unique": false, "Merge Cond": "(u.id = b.userid)", "Workers": [], "Plans": [{"Node Type": "Merge Join", "Parent Relationship": "Outer", "Parallel Aware": false, "Async Capable": false, "Join Type": "Inner", "Startup Cost": 31526.7, "Total Cost": 33440.87, "Plan Rows": 3669, "Plan Width": 8, "Actual Rows": 187542, "Actual Loops": 2, "Inner Unique": true, "Merge Cond": "(p.owneruserid = u.id)", "Workers": [], "Plans": [{"Node Type": "Sort", "Parent Relationship": "Outer", "Parallel Aware": false, "Async Capable": false, "Startup Cost": 31526.41, "Total Cost": 31535.93, "Plan Rows": 3809, "Plan Width": 4, "Actual Rows": 214362, "Actual Loops": 2, "Sort Key": ["p.owneruserid"], "Sort Method": "quicksort", "Sort Space Used": 6145, "Sort Space Type": "Memory", "Workers": [{"Worker Number": 0, "Sort Method": "quicksort", "Sort Space Used": 6145, "Sort Space Type": "Memory"}], "Plans": [{"Node Type": "Merge Join", "Parent Relationship": "Outer", "Parallel Aware": false, "Async Capable": false, "Join Type": "Inner", "Startup Cost": 1.56, "Total Cost": 31299.87, "Plan Rows": 3809, "Plan Width": 4, "Actual Rows": 217712, "Actual Loops": 2, "Inner Unique": false, "Merge Cond": "(p.id = ph.postid)", "Workers": [], "Plans": [{"Node Type": "Merge Join", "Parent Relationship": "Outer", "Parallel Aware": false, "Async Capable": false, "Join Type": "Inner", "Startup Cost": 1.14, "Total Cost": 21427.44, "Plan Rows": 1155, "Plan Width": 16, "Actual Rows": 32712, "Actual Loops": 2, "Inner Unique": false, "Merge Cond": "(p.id = c.postid)", "Workers": [], "Plans": [{"Node Type": "Merge Join", "Parent Relationship": "Outer", "Parallel Aware": false, "Async Capable": false, "Join Type": "Inner", "Startup Cost": 0.71, "Total Cost": 15557.37, "Plan Rows": 609, "Plan Width": 12, "Actual Rows": 12966, "Actual Loops": 2, "Inner Unique": true, "Merge Cond": "(v.postid = p.id)", "Workers": [], "Plans": [{"Node Type": "Index Scan", "Parent Relationship": "Outer", "Parallel Aware": true, "Async Capable": false, "Scan Direction": "Forward", "Index Name": "idx_votes_postid", "Relation Name": "votes", "Alias": "v", "Startup Cost": 0.42, "Total Cost": 11105.86, "Plan Rows": 19785, "Plan Width": 4, "Actual Rows": 16846, "Actual Loops": 2, "Filter": "(votetypeid = 5)", "Rows Removed by Filter": 147186, "Workers": []}, {"Node Type": "Index Scan", "Parent Relationship": "Inner", "Parallel Aware": false, "Async Capable": false, "Scan Direction": "Forward", "Index Name": "posts_pkey", "Relation Name": "posts", "Alias": "p", "Startup Cost": 0.29, "Total Cost": 4388.87, "Plan Rows": 2834, "Plan Width": 8, "Actual Rows": 12970, "Actual Loops": 2, "Filter": "((viewcount >= 0) AND (answercount >= 0) AND (answercount <= 7) AND (favoritecount >= 0) AND (favoritecount <= 17))", "Rows Removed by Filter": 78819, "Workers": []}]}, {"Node Type": "Index Scan", "Parent Relationship": "Inner", "Parallel Aware": false, "Async Capable": false, "Scan Direction": "Forward", "Index Name": "idx_comments_postid", "Relation Name": "comments", "Alias": "c", "Startup Cost": 0.42, "Total Cost": 5421.24, "Plan Rows": 174305, "Plan Width": 4, "Actual Rows": 192546, "Actual Loops": 2, "Workers": []}]}, {"Node Type": "Index Scan", "Parent Relationship": "Inner", "Parallel Aware": false, "Async Capable": false, "Scan Direction": "Forward", "Index Name": "idx_posthistory_postid", "Relation Name": "posthistory", "Alias": "ph", "Startup Cost": 0.42, "Total Cost": 9073.51, "Plan Rows": 303187, "Plan Width": 4, "Actual Rows": 496692, "Actual Loops": 2, "Workers": []}]}]}, {"Node Type": "Index Scan", "Parent Relationship": "Inner", "Parallel Aware": false, "Async Capable": false, "Scan Direction": "Forward", "Index Name": "users_pkey", "Relation Name": "users", "Alias": "u", "Startup Cost": 0.29, "Total Cost": 1760.41, "Plan Rows": 39440, "Plan Width": 4, "Actual Rows": 39366, "Actual Loops": 2, "Filter": "((reputation >= 1) AND (views >= 0) AND (creationdate >= '2010-08-19 06:26:34'::timestamp without time zone) AND (creationdate <= '2014-09-11 05:22:26'::timestamp without time zone))", "Rows Removed by Filter": 807, "Workers": []}]}, {"Node Type": "Index Scan", "Parent Relationship": "Inner", "Parallel Aware": false, "Async Capable": false, "Scan Direction": "Forward", "Index Name": "idx_badges_userid", "Relation Name": "badges", "Alias": "b", "Startup Cost": 0.29, "Total Cost": 3064.97, "Plan Rows": 78850, "Plan Width": 4, "Actual Rows": 3050737, "Actual Loops": 2, "Filter": "(date >= '2010-08-01 02:54:53'::timestamp without time zone)", "Rows Removed by Filter": 981, "Workers": []}]}]}]}]}, "Planning Time": 5.969, "Triggers": [], "Execution Time": 1602.25}, {"Plan": {"Node Type": "Aggregate", "Strategy": "Plain", "Partial Mode": "Finalize", "Parallel Aware": false, "Async Capable": false, "Startup Cost": 13772.0, "Total Cost": 13772.01, "Plan Rows": 1, "Plan Width": 8, "Actual Rows": 1, "Actual Loops": 1, "Plans": [{"Node Type": "Gather", "Parent Relationship": "Outer", "Parallel Aware": false, "Async Capable": false, "Startup Cost": 13771.89, "Total Cost": 13772.0, "Plan Rows": 1, "Plan Width": 8, "Actual Rows": 2, "Actual Loops": 1, "Workers Planned": 1, "Workers Launched": 1, "Single Copy": false, "Plans": [{"Node Type": "Aggregate", "Strategy": "Plain", "Partial Mode": "Partial", "Parent Relationship": "Outer", "Parallel Aware": false, "Async Capable": false, "Startup Cost": 12771.89, "Total Cost": 12771.9, "Plan Rows": 1, "Plan Width": 8, "Actual Rows": 1, "Actual Loops": 2, "Workers": [], "Plans": [{"Node Type": "Nested Loop", "Parent Relationship": "Outer", "Parallel Aware": false, "Async Capable": false, "Join Type": "Inner", "Startup Cost": 9057.5, "Total Cost": 12423.14, "Plan Rows": 139500, "Plan Width": 0, "Actual Rows": 2991441, "Actual Loops": 2, "Inner Unique": false, "Workers": [], "Plans": [{"Node Type": "Nested Loop", "Parent Relationship": "Outer", "Parallel Aware": false, "Async Capable": false, "Join Type": "Inner", "Startup Cost": 9057.21, "Total Cost": 10809.13, "Plan Rows": 3669, "Plan Width": 8, "Actual Rows": 187542, "Actual Loops": 2, "Inner Unique": false, "Join Filter": "(p.id = ph.postid)", "Rows Removed by Join Filter": 0, "Workers": [], "Plans": [{"Node Type": "Nested Loop", "Parent Relationship": "Outer", "Parallel Aware": false, "Async Capable": false, "Join Type": "Inner", "Startup Cost": 9056.79, "Total Cost": 10135.11, "Plan Rows": 1113, "Plan Width": 20, "Actual Rows": 27898, "Actual Loops": 2, "Inner Unique": false, "Join Filter": "(c.postid = p.id)", "Rows Removed by Join Filter": 0, "Workers": [], "Plans": [{"Node Type": "Nested Loop", "Parent Relationship": "Outer", "Parallel Aware": false, "Async Capable": false, "Join Type": "Inner", "Startup Cost": 9056.37, "Total Cost": 9721.05, "Plan Rows": 587, "Plan Width": 16, "Actual Rows": 10816, "Actual Loops": 2, "Inner Unique": true, "Workers": [], "Plans": [{"Node Type": "Merge Join", "Parent Relationship": "Outer", "Parallel Aware": false, "Async Capable": false, "Join Type": "Inner", "Startup Cost": 9056.08, "Total Cost": 9175.27, "Plan Rows": 609, "Plan Width": 12, "Actual Rows": 12966, "Actual Loops": 2, "Inner Unique": true, "Merge Cond": "(v.postid = p.id)", "Workers": [], "Plans": [{"Node Type": "Sort", "Parent Relationship": "Outer", "Parallel Aware": false, "Async Capable": false, "Startup Cost": 5984.1, "Total Cost": 6033.57, "Plan Rows": 19785, "Plan Width": 4, "Actual Rows": 16846, "Actual Loops": 2, "Sort Key": ["v.postid"], "Sort Method": "quicksort", "Sort Space Used": 769, "Sort Space Type": "Memory", "Workers": [{"Worker Number": 0, "Sort Method": "quicksort", "Sort Space Used": 193, "Sort Space Type": "Memory"}], "Plans": [{"Node Type": "Seq Scan", "Parent Relationship": "Outer", "Parallel Aware": true, "Async Capable": false, "Relation Name": "votes", "Alias": "v", "Startup Cost": 0.0, "Total Cost": 4572.24, "Plan Rows": 19785, "Plan Width": 4, "Actual Rows": 16846, "Actual Loops": 2, "Filter": "(votetypeid = 5)", "Rows Removed by Filter": 147186, "Workers": []}]}, {"Node Type": "Sort", "Parent Relationship": "Inner", "Parallel Aware": false, "Async Capable": false, "Startup Cost": 3071.97, "Total Cost": 3079.06, "Plan Rows": 2834, "Plan Width": 8, "Actual Rows": 12978, "Actual Loops": 2, "Sort Key": ["p.id"], "Sort Method": "quicksort", "Sort Space Used": 790, "Sort Space Type": "Memory", "Workers": [{"Worker Number": 0, "Sort Method": "quicksort", "Sort Space Used": 790, "Sort Space Type": "Memory"}], "Plans": [{"Node Type": "Seq Scan", "Parent Relationship": "Outer", "Parallel Aware": false, "Async Capable": false, "Relation Name": "posts", "Alias": "p", "Startup Cost": 0.0, "Total Cost": 2909.46, "Plan Rows": 2834, "Plan Width": 8, "Actual Rows": 12978, "Actual Loops": 2, "Filter": "((viewcount >= 0) AND (answercount >= 0) AND (answercount <= 7) AND (favoritecount >= 0) AND (favoritecount <= 17))", "Rows Removed by Filter": 78998, "Workers": []}]}]}, {"Node Type": "Index Scan", "Parent Relationship": "Inner", "Parallel Aware": false, "Async Capable": false, "Scan Direction": "Forward", "Index Name": "users_pkey", "Relation Name": "users", "Alias": "u", "Startup Cost": 0.29, "Total Cost": 0.9, "Plan Rows": 1, "Plan Width": 4, "Actual Rows": 1, "Actual Loops": 25932, "Index Cond": "(id = p.owneruserid)", "Rows Removed by Index Recheck": 0, "Filter": "((reputation >= 1) AND (views >= 0) AND (creationdate >= '2010-08-19 06:26:34'::timestamp without time zone) AND (creationdate <= '2014-09-11 05:22:26'::timestamp without time zone))", "Rows Removed by Filter": 0, "Workers": []}]}, {"Node Type": "Index Scan", "Parent Relationship": "Inner", "Parallel Aware": false, "Async Capable": false, "Scan Direction": "Forward", "Index Name": "idx_comments_postid", "Relation Name": "comments", "Alias": "c", "Startup Cost": 0.42, "Total Cost": 0.67, "Plan Rows": 3, "Plan Width": 4, "Actual Rows": 3, "Actual Loops": 21632, "Index Cond": "(postid = v.postid)", "Rows Removed by Index Recheck": 0, "Workers": []}]}, {"Node Type": "Index Scan", "Parent Relationship": "Inner", "Parallel Aware": false, "Async Capable": false, "Scan Direction": "Forward", "Index Name": "idx_posthistory_postid", "Relation Name": "posthistory", "Alias": "ph", "Startup Cost": 0.42, "Total Cost": 0.56, "Plan Rows": 4, "Plan Width": 4, "Actual Rows": 7, "Actual Loops": 55797, "Index Cond": "(postid = c.postid)", "Rows Removed by Index Recheck": 0, "Workers": []}]}, {"Node Type": "Index Scan", "Parent Relationship": "Inner", "Parallel Aware": false, "Async Capable": false, "Scan Direction": "Forward", "Index Name": "idx_badges_userid", "Relation Name": "badges", "Alias": "b", "Startup Cost": 0.29, "Total Cost": 0.41, "Plan Rows": 3, "Plan Width": 4, "Actual Rows": 16, "Actual Loops": 375085, "Index Cond": "(userid = u.id)", "Rows Removed by Index Recheck": 0, "Filter": "(date >= '2010-08-01 02:54:53'::timestamp without time zone)", "Rows Removed by Filter": 0, "Workers": []}]}]}]}]}, "Planning Time": 5.861, "Triggers": [], "Execution Time": 1666.37}, {"Plan": {"Node Type": "Aggregate", "Strategy": "Plain", "Partial Mode": "Simple", "Parallel Aware": false, "Async Capable": false, "Startup Cost": 32427.86, "Total Cost": 32427.87, "Plan Rows": 1, "Plan Width": 8, "Actual Rows": 1, "Actual Loops": 1, "Plans": [{"Node Type": "Merge Join", "Parent Relationship": "Outer", "Parallel Aware": false, "Async Capable": false, "Join Type": "Inner", "Startup Cost": 26482.65, "Total Cost": 31834.98, "Plan Rows": 237150, "Plan Width": 0, "Actual Rows": 5982882, "Actual Loops": 1, "Inner Unique": false, "Merge Cond": "(u.id = b.userid)", "Plans": [{"Node Type": "Merge Join", "Parent Relationship": "Outer", "Parallel Aware": false, "Async Capable": false, "Join Type": "Inner", "Startup Cost": 26482.36, "Total Cost": 28435.34, "Plan Rows": 6237, "Plan Width": 8, "Actual Rows": 375085, "Actual Loops": 1, "Inner Unique": false, "Merge Cond": "(u.id = p.owneruserid)", "Plans": [{"Node Type": "Index Scan", "Parent Relationship": "Outer", "Parallel Aware": false, "Async Capable": false, "Scan Direction": "Forward", "Index Name": "users_pkey", "Relation Name": "users", "Alias": "u", "Startup Cost": 0.29, "Total Cost": 1760.41, "Plan Rows": 39440, "Plan Width": 4, "Actual Rows": 39438, "Actual Loops": 1, "Filter": "((reputation >= 1) AND (views >= 0) AND (creationdate >= '2010-08-19 06:26:34'::timestamp without time zone) AND (creationdate <= '2014-09-11 05:22:26'::timestamp without time zone))", "Rows Removed by Filter": 887}, {"Node Type": "Sort", "Parent Relationship": "Inner", "Parallel Aware": false, "Async Capable": false, "Startup Cost": 26482.07, "Total Cost": 26498.25, "Plan Rows": 6475, "Plan Width": 4, "Actual Rows": 428723, "Actual Loops": 1, "Sort Key": ["p.owneruserid"], "Sort Method": "quicksort", "Sort Space Used": 12289, "Sort Space Type": "Memory", "Plans": [{"Node Type": "Merge Join", "Parent Relationship": "Outer", "Parallel Aware": false, "Async Capable": false, "Join Type": "Inner", "Startup Cost": 10056.93, "Total Cost": 26072.18, "Plan Rows": 6475, "Plan Width": 4, "Actual Rows": 435424, "Actual Loops": 1, "Inner Unique": false, "Merge Cond": "(p.id = ph.postid)", "Plans": [{"Node Type": "Merge Join", "Parent Relationship": "Outer", "Parallel Aware": false, "Async Capable": false, "Join Type": "Inner", "Startup Cost": 10056.51, "Total Cost": 16171.05, "Plan Rows": 1964, "Plan Width": 16, "Actual Rows": 65424, "Actual Loops": 1, "Inner Unique": false, "Merge Cond": "(p.id = c.postid)", "Plans": [{"Node Type": "Gather Merge", "Parent Relationship": "Outer", "Parallel Aware": false, "Async Capable": false, "Startup Cost": 10056.09, "Total Cost": 10291.83, "Plan Rows": 1036, "Plan Width": 12, "Actual Rows": 25932, "Actual Loops": 1, "Workers Planned": 1, "Workers Launched": 1, "Plans": [{"Node Type": "Merge Join", "Parent Relationship": "Outer", "Parallel Aware": false, "Async Capable": false, "Join Type": "Inner", "Startup Cost": 9056.08, "Total Cost": 9175.27, "Plan Rows": 609, "Plan Width": 12, "Actual Rows": 12966, "Actual Loops": 2, "Inner Unique": true, "Merge Cond": "(v.postid = p.id)", "Workers": [], "Plans": [{"Node Type": "Sort", "Parent Relationship": "Outer", "Parallel Aware": false, "Async Capable": false, "Startup Cost": 5984.1, "Total Cost": 6033.57, "Plan Rows": 19785, "Plan Width": 4, "Actual Rows": 16846, "Actual Loops": 2, "Sort Key": ["v.postid"], "Sort Method": "quicksort", "Sort Space Used": 769, "Sort Space Type": "Memory", "Workers": [{"Worker Number": 0, "Sort Method": "quicksort", "Sort Space Used": 385, "Sort Space Type": "Memory"}], "Plans": [{"Node Type": "Seq Scan", "Parent Relationship": "Outer", "Parallel Aware": true, "Async Capable": false, "Relation Name": "votes", "Alias": "v", "Startup Cost": 0.0, "Total Cost": 4572.24, "Plan Rows": 19785, "Plan Width": 4, "Actual Rows": 16846, "Actual Loops": 2, "Filter": "(votetypeid = 5)", "Rows Removed by Filter": 147186, "Workers": []}]}, {"Node Type": "Sort", "Parent Relationship": "Inner", "Parallel Aware": false, "Async Capable": false, "Startup Cost": 3071.97, "Total Cost": 3079.06, "Plan Rows": 2834, "Plan Width": 8, "Actual Rows": 12976, "Actual Loops": 2, "Sort Key": ["p.id"], "Sort Method": "quicksort", "Sort Space Used": 790, "Sort Space Type": "Memory", "Workers": [{"Worker Number": 0, "Sort Method": "quicksort", "Sort Space Used": 790, "Sort Space Type": "Memory"}], "Plans": [{"Node Type": "Seq Scan", "Parent Relationship": "Outer", "Parallel Aware": false, "Async Capable": false, "Relation Name": "posts", "Alias": "p", "Startup Cost": 0.0, "Total Cost": 2909.46, "Plan Rows": 2834, "Plan Width": 8, "Actual Rows": 12978, "Actual Loops": 2, "Filter": "((viewcount >= 0) AND (answercount >= 0) AND (answercount <= 7) AND (favoritecount >= 0) AND (favoritecount <= 17))", "Rows Removed by Filter": 78998, "Workers": []}]}]}]}, {"Node Type": "Index Scan", "Parent Relationship": "Inner", "Parallel Aware": false, "Async Capable": false, "Scan Direction": "Forward", "Index Name": "idx_comments_postid", "Relation Name": "comments", "Alias": "c", "Startup Cost": 0.42, "Total Cost": 5421.24, "Plan Rows": 174305, "Plan Width": 4, "Actual Rows": 211270, "Actual Loops": 1}]}, {"Node Type": "Index Scan", "Parent Relationship": "Inner", "Parallel Aware": false, "Async Capable": false, "Scan Direction": "Forward", "Index Name": "idx_posthistory_postid", "Relation Name": "posthistory", "Alias": "ph", "Startup Cost": 0.42, "Total Cost": 9073.51, "Plan Rows": 303187, "Plan Width": 4, "Actual Rows": 691540, "Actual Loops": 1}]}]}]}, {"Node Type": "Index Scan", "Parent Relationship": "Inner", "Parallel Aware": false, "Async Capable": false, "Scan Direction": "Forward", "Index Name": "idx_badges_userid", "Relation Name": "badges", "Alias": "b", "Startup Cost": 0.29, "Total Cost": 3064.97, "Plan Rows": 78850, "Plan Width": 4, "Actual Rows": 6033069, "Actual Loops": 1, "Filter": "(date >= '2010-08-01 02:54:53'::timestamp without time zone)", "Rows Removed by Filter": 981}]}]}, "Planning Time": 5.956, "Triggers": [], "Execution Time": 2052.518}, {"Plan": {"Node Type": "Aggregate", "Strategy": "Plain", "Partial Mode": "Simple", "Parallel Aware": false, "Async Capable": false, "Startup Cost": 21634.23, "Total Cost": 21634.24, "Plan Rows": 1, "Plan Width": 8, "Actual Rows": 1, "Actual Loops": 1, "Plans": [{"Node Type": "Nested Loop", "Parent Relationship": "Outer", "Parallel Aware": false, "Async Capable": false, "Join Type": "Inner", "Startup Cost": 2.14, "Total Cost": 21041.36, "Plan Rows": 237150, "Plan Width": 0, "Actual Rows": 5982882, "Actual Loops": 1, "Inner Unique": false, "Plans": [{"Node Type": "Nested Loop", "Parent Relationship": "Outer", "Parallel Aware": false, "Async Capable": false, "Join Type": "Inner", "Startup Cost": 1.85, "Total Cost": 18297.68, "Plan Rows": 6237, "Plan Width": 8, "Actual Rows": 375085, "Actual Loops": 1, "Inner Unique": false, "Join Filter": "(p.id = ph.postid)", "Rows Removed by Join Filter": 0, "Plans": [{"Node Type": "Nested Loop", "Parent Relationship": "Outer", "Parallel Aware": false, "Async Capable": false, "Join Type": "Inner", "Startup Cost": 1.42, "Total Cost": 17151.91, "Plan Rows": 1892, "Plan Width": 20, "Actual Rows": 55797, "Actual Loops": 1, "Inner Unique": false, "Join Filter": "(c.postid = p.id)", "Rows Removed by Join Filter": 0, "Plans": [{"Node Type": "Nested Loop", "Parent Relationship": "Outer", "Parallel Aware": false, "Async Capable": false, "Join Type": "Inner", "Startup Cost": 1.0, "Total Cost": 16447.93, "Plan Rows": 998, "Plan Width": 16, "Actual Rows": 21632, "Actual Loops": 1, "Inner Unique": true, "Plans": [{"Node Type": "Nested Loop", "Parent Relationship": "Outer", "Parallel Aware": false, "Async Capable": false, "Join Type": "Inner", "Startup Cost": 0.71, "Total Cost": 15519.48, "Plan Rows": 1036, "Plan Width": 12, "Actual Rows": 25932, "Actual Loops": 1, "Inner Unique": false, "Plans": [{"Node Type": "Index Scan", "Parent Relationship": "Outer", "Parallel Aware": false, "Async Capable": false, "Scan Direction": "Forward", "Index Name": "posts_pkey", "Relation Name": "posts", "Alias": "p", "Startup Cost": 0.29, "Total Cost": 4388.87, "Plan Rows": 2834, "Plan Width": 8, "Actual Rows": 12978, "Actual Loops": 1, "Filter": "((viewcount >= 0) AND (answercount >= 0) AND (answercount <= 7) AND (favoritecount >= 0) AND (favoritecount <= 17))", "Rows Removed by Filter": 78998}, {"Node Type": "Index Scan", "Parent Relationship": "Inner", "Parallel Aware": false, "Async Capable": false, "Scan Direction": "Forward", "Index Name": "idx_votes_postid", "Relation Name": "votes", "Alias": "v", "Startup Cost": 0.42, "Total Cost": 3.92, "Plan Rows": 1, "Plan Width": 4, "Actual Rows": 2, "Actual Loops": 12978, "Index Cond": "(postid = p.id)", "Rows Removed by Index Recheck": 0, "Filter": "(votetypeid = 5)", "Rows Removed by Filter": 5}]}, {"Node Type": "Index Scan", "Parent Relationship": "Inner", "Parallel Aware": false, "Async Capable": false, "Scan Direction": "Forward", "Index Name": "users_pkey", "Relation Name": "users", "Alias": "u", "Startup Cost": 0.29, "Total Cost": 0.9, "Plan Rows": 1, "Plan Width": 4, "Actual Rows": 1, "Actual Loops": 25932, "Index Cond": "(id = p.owneruserid)", "Rows Removed by Index Recheck": 0, "Filter": "((reputation >= 1) AND (views >= 0) AND (creationdate >= '2010-08-19 06:26:34'::timestamp without time zone) AND (creationdate <= '2014-09-11 05:22:26'::timestamp without time zone))", "Rows Removed by Filter": 0}]}, {"Node Type": "Index Scan", "Parent Relationship": "Inner", "Parallel Aware": false, "Async Capable": false, "Scan Direction": "Forward", "Index Name": "idx_comments_postid", "Relation Name": "comments", "Alias": "c", "Startup Cost": 0.42, "Total Cost": 0.67, "Plan Rows": 3, "Plan Width": 4, "Actual Rows": 3, "Actual Loops": 21632, "Index Cond": "(postid = v.postid)", "Rows Removed by Index Recheck": 0}]}, {"Node Type": "Index Scan", "Parent Relationship": "Inner", "Parallel Aware": false, "Async Capable": false, "Scan Direction": "Forward", "Index Name": "idx_posthistory_postid", "Relation Name": "posthistory", "Alias": "ph", "Startup Cost": 0.42, "Total Cost": 0.56, "Plan Rows": 4, "Plan Width": 4, "Actual Rows": 7, "Actual Loops": 55797, "Index Cond": "(postid = c.postid)", "Rows Removed by Index Recheck": 0}]}, {"Node Type": "Index Scan", "Parent Relationship": "Inner", "Parallel Aware": false, "Async Capable": false, "Scan Direction": "Forward", "Index Name": "idx_badges_userid", "Relation Name": "badges", "Alias": "b", "Startup Cost": 0.29, "Total Cost": 0.41, "Plan Rows": 3, "Plan Width": 4, "Actual Rows": 16, "Actual Loops": 375085, "Index Cond": "(userid = u.id)", "Rows Removed by Index Recheck": 0, "Filter": "(date >= '2010-08-01 02:54:53'::timestamp without time zone)", "Rows Removed by Filter": 0}]}]}, "Planning Time": 3.907, "Triggers": [], "Execution Time": 2188.244}, {"Plan": {"Node Type": "Aggregate", "Strategy": "Plain", "Partial Mode": "Finalize", "Parallel Aware": false, "Async Capable": false, "Startup Cost": 18123.71, "Total Cost": 18123.72, "Plan Rows": 1, "Plan Width": 8, "Actual Rows": 1, "Actual Loops": 1, "Plans": [{"Node Type": "Gather", "Parent Relationship": "Outer", "Parallel Aware": false, "Async Capable": false, "Startup Cost": 18123.59, "Total Cost": 18123.7, "Plan Rows": 1, "Plan Width": 8, "Actual Rows": 2, "Actual Loops": 1, "Workers Planned": 1, "Workers Launched": 1, "Single Copy": false, "Plans": [{"Node Type": "Aggregate", "Strategy": "Plain", "Partial Mode": "Partial", "Parent Relationship": "Outer", "Parallel Aware": false, "Async Capable": false, "Startup Cost": 17123.59, "Total Cost": 17123.6, "Plan Rows": 1, "Plan Width": 8, "Actual Rows": 1, "Actual Loops": 2, "Workers": [], "Plans": [{"Node Type": "Nested Loop", "Parent Relationship": "Outer", "Parallel Aware": false, "Async Capable": false, "Join Type": "Inner", "Startup Cost": 1.72, "Total Cost": 16774.84, "Plan Rows": 139500, "Plan Width": 0, "Actual Rows": 2991441, "Actual Loops": 2, "Inner Unique": false, "Workers": [], "Plans": [{"Node Type": "Nested Loop", "Parent Relationship": "Outer", "Parallel Aware": false, "Async Capable": false, "Join Type": "Inner", "Startup Cost": 1.42, "Total Cost": 15160.84, "Plan Rows": 3669, "Plan Width": 8, "Actual Rows": 187542, "Actual Loops": 2, "Inner Unique": false, "Join Filter": "(p.id = ph.postid)", "Rows Removed by Join Filter": 0, "Workers": [], "Plans": [{"Node Type": "Nested Loop", "Parent Relationship": "Outer", "Parallel Aware": false, "Async Capable": false, "Join Type": "Inner", "Startup Cost": 1.0, "Total Cost": 14486.82, "Plan Rows": 1113, "Plan Width": 20, "Actual Rows": 27898, "Actual Loops": 2, "Inner Unique": false, "Join Filter": "(c.postid = p.id)", "Rows Removed by Join Filter": 0, "Workers": [], "Plans": [{"Node Type": "Nested Loop", "Parent Relationship": "Outer", "Parallel Aware": false, "Async Capable": false, "Join Type": "Inner", "Startup Cost": 0.58, "Total Cost": 14072.76, "Plan Rows": 587, "Plan Width": 16, "Actual Rows": 10816, "Actual Loops": 2, "Inner Unique": true, "Workers": [], "Plans": [{"Node Type": "Nested Loop", "Parent Relationship": "Outer", "Parallel Aware": false, "Async Capable": false, "Join Type": "Inner", "Startup Cost": 0.29, "Total Cost": 13526.98, "Plan Rows": 609, "Plan Width": 12, "Actual Rows": 12966, "Actual Loops": 2, "Inner Unique": true, "Workers": [], "Plans": [{"Node Type": "Seq Scan", "Parent Relationship": "Outer", "Parallel Aware": true, "Async Capable": false, "Relation Name": "votes", "Alias": "v", "Startup Cost": 0.0, "Total Cost": 4572.24, "Plan Rows": 19785, "Plan Width": 4, "Actual Rows": 16846, "Actual Loops": 2, "Filter": "(votetypeid = 5)", "Rows Removed by Filter": 147186, "Workers": []}, {"Node Type": "Index Scan", "Parent Relationship": "Inner", "Parallel Aware": false, "Async Capable": false, "Scan Direction": "Forward", "Index Name": "posts_pkey", "Relation Name": "posts", "Alias": "p", "Startup Cost": 0.29, "Total Cost": 0.45, "Plan Rows": 1, "Plan Width": 8, "Actual Rows": 1, "Actual Loops": 33691, "Index Cond": "(id = v.postid)", "Rows Removed by Index Recheck": 0, "Filter": "((viewcount >= 0) AND (answercount >= 0) AND (answercount <= 7) AND (favoritecount >= 0) AND (favoritecount <= 17))", "Rows Removed by Filter": 0, "Workers": []}]}, {"Node Type": "Index Scan", "Parent Relationship": "Inner", "Parallel Aware": false, "Async Capable": false, "Scan Direction": "Forward", "Index Name": "users_pkey", "Relation Name": "users", "Alias": "u", "Startup Cost": 0.29, "Total Cost": 0.9, "Plan Rows": 1, "Plan Width": 4, "Actual Rows": 1, "Actual Loops": 25932, "Index Cond": "(id = p.owneruserid)", "Rows Removed by Index Recheck": 0, "Filter": "((reputation >= 1) AND (views >= 0) AND (creationdate >= '2010-08-19 06:26:34'::timestamp without time zone) AND (creationdate <= '2014-09-11 05:22:26'::timestamp without time zone))", "Rows Removed by Filter": 0, "Workers": []}]}, {"Node Type": "Index Scan", "Parent Relationship": "Inner", "Parallel Aware": false, "Async Capable": false, "Scan Direction": "Forward", "Index Name": "idx_comments_postid", "Relation Name": "comments", "Alias": "c", "Startup Cost": 0.42, "Total Cost": 0.67, "Plan Rows": 3, "Plan Width": 4, "Actual Rows": 3, "Actual Loops": 21632, "Index Cond": "(postid = v.postid)", "Rows Removed by Index Recheck": 0, "Workers": []}]}, {"Node Type": "Index Scan", "Parent Relationship": "Inner", "Parallel Aware": false, "Async Capable": false, "Scan Direction": "Forward", "Index Name": "idx_posthistory_postid", "Relation Name": "posthistory", "Alias": "ph", "Startup Cost": 0.42, "Total Cost": 0.56, "Plan Rows": 4, "Plan Width": 4, "Actual Rows": 7, "Actual Loops": 55797, "Index Cond": "(postid = c.postid)", "Rows Removed by Index Recheck": 0, "Workers": []}]}, {"Node Type": "Index Scan", "Parent Relationship": "Inner", "Parallel Aware": false, "Async Capable": false, "Scan Direction": "Forward", "Index Name": "idx_badges_userid", "Relation Name": "badges", "Alias": "b", "Startup Cost": 0.29, "Total Cost": 0.41, "Plan Rows": 3, "Plan Width": 4, "Actual Rows": 16, "Actual Loops": 375085, "Index Cond": "(userid = u.id)", "Rows Removed by Index Recheck": 0, "Filter": "(date >= '2010-08-01 02:54:53'::timestamp without time zone)", "Rows Removed by Filter": 0, "Workers": []}]}]}]}]}, "Planning Time": 9.043, "Triggers": [], "Execution Time": 1442.851}]