[{"Plan": {"Node Type": "Aggregate", "Strategy": "Plain", "Partial Mode": "Simple", "Parallel Aware": false, "Async Capable": false, "Startup Cost": 17079.61, "Total Cost": 17079.62, "Plan Rows": 1, "Plan Width": 8, "Actual Rows": 1, "Actual Loops": 1, "Plans": [{"Node Type": "Nested Loop", "Parent Relationship": "Outer", "Parallel Aware": false, "Async Capable": false, "Join Type": "Inner", "Startup Cost": 0.3, "Total Cost": 13031.89, "Plan Rows": 1619088, "Plan Width": 0, "Actual Rows": 428612, "Actual Loops": 1, "Inner Unique": false, "Plans": [{"Node Type": "Seq Scan", "Parent Relationship": "Outer", "Parallel Aware": false, "Async Capable": false, "Relation Name": "posts", "Alias": "p", "Startup Cost": 0.0, "Total Cost": 2679.52, "Plan Rows": 42174, "Plan Width": 4, "Actual Rows": 42172, "Actual Loops": 1, "Filter": "((answercount >= 0) AND (answercount <= 4) AND (commentcount >= 0) AND (commentcount <= 17))", "Rows Removed by Filter": 49804}, {"Node Type": "Memoize", "Parent Relationship": "Inner", "Parallel Aware": false, "Async Capable": false, "Startup Cost": 0.3, "Total Cost": 0.42, "Plan Rows": 3, "Plan Width": 4, "Actual Rows": 10, "Actual Loops": 42172, "Cache Key": "p.owneruserid", "Cache Mode": "logical", "Cache Hits": 23451, "Cache Misses": 18721, "Cache Evictions": 0, "Cache Overflows": 0, "Peak Memory Usage": 3506, "Plans": [{"Node Type": "Index Scan", "Parent Relationship": "Outer", "Parallel Aware": false, "Async Capable": false, "Scan Direction": "Forward", "Index Name": "idx_badges_userid", "Relation Name": "badges", "Alias": "b", "Startup Cost": 0.29, "Total Cost": 0.41, "Plan Rows": 3, "Plan Width": 4, "Actual Rows": 3, "Actual Loops": 18721, "Index Cond": "(userid = p.owneruserid)", "Rows Removed by Index Recheck": 0, "Filter": "(date <= '2014-09-11 08:55:52'::timestamp without time zone)", "Rows Removed by Filter": 0}]}]}]}, "Planning Time": 1.353, "Triggers": [], "Execution Time": 180.948}, {"Plan": {"Node Type": "Aggregate", "Strategy": "Plain", "Partial Mode": "Simple", "Parallel Aware": false, "Async Capable": false, "Startup Cost": 20000053456.78, "Total Cost": 20000053456.79, "Plan Rows": 1, "Plan Width": 8, "Actual Rows": 1, "Actual Loops": 1, "Plans": [{"Node Type": "Hash Join", "Parent Relationship": "Outer", "Parallel Aware": false, "Async Capable": false, "Join Type": "Inner", "Startup Cost": 20000004060.42, "Total Cost": 20000049409.06, "Plan Rows": 1619088, "Plan Width": 0, "Actual Rows": 428612, "Actual Loops": 1, "Inner Unique": false, "Hash Cond": "(p.owneruserid = b.userid)", "Plans": [{"Node Type": "Index Scan", "Parent Relationship": "Outer", "Parallel Aware": false, "Async Capable": false, "Scan Direction": "Forward", "Index Name": "idx_posts_owneruserid", "Relation Name": "posts", "Alias": "p", "Startup Cost": 10000000000.29, "Total Cost": 10000005013.43, "Plan Rows": 42174, "Plan Width": 4, "Actual Rows": 42172, "Actual Loops": 1, "Filter": "((answercount >= 0) AND (answercount <= 4) AND (commentcount >= 0) AND (commentcount <= 17))", "Rows Removed by Filter": 49804}, {"Node Type": "Hash", "Parent Relationship": "Inner", "Parallel Aware": false, "Async Capable": false, "Startup Cost": 10000003064.97, "Total Cost": 10000003064.97, "Plan Rows": 79613, "Plan Width": 4, "Actual Rows": 79598, "Actual Loops": 1, "Hash Buckets": 131072, "Original Hash Buckets": 131072, "Hash Batches": 1, "Original Hash Batches": 1, "Peak Memory Usage": 3823, "Plans": [{"Node Type": "Index Scan", "Parent Relationship": "Outer", "Parallel Aware": false, "Async Capable": false, "Scan Direction": "Forward", "Index Name": "idx_badges_userid", "Relation Name": "badges", "Alias": "b", "Startup Cost": 10000000000.29, "Total Cost": 10000003064.97, "Plan Rows": 79613, "Plan Width": 4, "Actual Rows": 79598, "Actual Loops": 1, "Filter": "(date <= '2014-09-11 08:55:52'::timestamp without time zone)", "Rows Removed by Filter": 253}]}]}]}, "Planning Time": 1.094, "Triggers": [], "Execution Time": 214.895}, {"Plan": {"Node Type": "Aggregate", "Strategy": "Plain", "Partial Mode": "Simple", "Parallel Aware": false, "Async Capable": false, "Startup Cost": 53456.78, "Total Cost": 53456.79, "Plan Rows": 1, "Plan Width": 8, "Actual Rows": 1, "Actual Loops": 1, "Plans": [{"Node Type": "Hash Join", "Parent Relationship": "Outer", "Parallel Aware": false, "Async Capable": false, "Join Type": "Inner", "Startup Cost": 4060.42, "Total Cost": 49409.06, "Plan Rows": 1619088, "Plan Width": 0, "Actual Rows": 428612, "Actual Loops": 1, "Inner Unique": false, "Hash Cond": "(p.owneruserid = b.userid)", "Plans": [{"Node Type": "Index Scan", "Parent Relationship": "Outer", "Parallel Aware": false, "Async Capable": false, "Scan Direction": "Forward", "Index Name": "idx_posts_owneruserid", "Relation Name": "posts", "Alias": "p", "Startup Cost": 0.29, "Total Cost": 5013.43, "Plan Rows": 42174, "Plan Width": 4, "Actual Rows": 42172, "Actual Loops": 1, "Filter": "((answercount >= 0) AND (answercount <= 4) AND (commentcount >= 0) AND (commentcount <= 17))", "Rows Removed by Filter": 49804}, {"Node Type": "Hash", "Parent Relationship": "Inner", "Parallel Aware": false, "Async Capable": false, "Startup Cost": 3064.97, "Total Cost": 3064.97, "Plan Rows": 79613, "Plan Width": 4, "Actual Rows": 79598, "Actual Loops": 1, "Hash Buckets": 131072, "Original Hash Buckets": 131072, "Hash Batches": 1, "Original Hash Batches": 1, "Peak Memory Usage": 3823, "Plans": [{"Node Type": "Index Scan", "Parent Relationship": "Outer", "Parallel Aware": false, "Async Capable": false, "Scan Direction": "Forward", "Index Name": "idx_badges_userid", "Relation Name": "badges", "Alias": "b", "Startup Cost": 0.29, "Total Cost": 3064.97, "Plan Rows": 79613, "Plan Width": 4, "Actual Rows": 79598, "Actual Loops": 1, "Filter": "(date <= '2014-09-11 08:55:52'::timestamp without time zone)", "Rows Removed by Filter": 253}]}]}]}, "Planning Time": 1.036, "Triggers": [], "Execution Time": 231.018}, {"Plan": {"Node Type": "Aggregate", "Strategy": "Plain", "Partial Mode": "Simple", "Parallel Aware": false, "Async Capable": false, "Startup Cost": 36440.44, "Total Cost": 36440.45, "Plan Rows": 1, "Plan Width": 8, "Actual Rows": 1, "Actual Loops": 1, "Plans": [{"Node Type": "Merge Join", "Parent Relationship": "Outer", "Parallel Aware": false, "Async Capable": false, "Join Type": "Inner", "Startup Cost": 12.6, "Total Cost": 32392.72, "Plan Rows": 1619088, "Plan Width": 0, "Actual Rows": 428612, "Actual Loops": 1, "Inner Unique": false, "Merge Cond": "(p.owneruserid = b.userid)", "Plans": [{"Node Type": "Index Scan", "Parent Relationship": "Outer", "Parallel Aware": false, "Async Capable": false, "Scan Direction": "Forward", "Index Name": "idx_posts_owneruserid", "Relation Name": "posts", "Alias": "p", "Startup Cost": 0.29, "Total Cost": 5013.43, "Plan Rows": 42174, "Plan Width": 4, "Actual Rows": 41395, "Actual Loops": 1, "Filter": "((answercount >= 0) AND (answercount <= 4) AND (commentcount >= 0) AND (commentcount <= 17))", "Rows Removed by Filter": 49114}, {"Node Type": "Materialize", "Parent Relationship": "Inner", "Parallel Aware": false, "Async Capable": false, "Startup Cost": 0.29, "Total Cost": 3264.0, "Plan Rows": 79613, "Plan Width": 4, "Actual Rows": 443864, "Actual Loops": 1, "Plans": [{"Node Type": "Index Scan", "Parent Relationship": "Outer", "Parallel Aware": false, "Async Capable": false, "Scan Direction": "Forward", "Index Name": "idx_badges_userid", "Relation Name": "badges", "Alias": "b", "Startup Cost": 0.29, "Total Cost": 3064.97, "Plan Rows": 79613, "Plan Width": 4, "Actual Rows": 79598, "Actual Loops": 1, "Filter": "(date <= '2014-09-11 08:55:52'::timestamp without time zone)", "Rows Removed by Filter": 253}]}]}]}, "Planning Time": 1.179, "Triggers": [], "Execution Time": 163.856}, {"Plan": {"Node Type": "Aggregate", "Strategy": "Plain", "Partial Mode": "Simple", "Parallel Aware": false, "Async Capable": false, "Startup Cost": 19413.52, "Total Cost": 19413.53, "Plan Rows": 1, "Plan Width": 8, "Actual Rows": 1, "Actual Loops": 1, "Plans": [{"Node Type": "Nested Loop", "Parent Relationship": "Outer", "Parallel Aware": false, "Async Capable": false, "Join Type": "Inner", "Startup Cost": 0.59, "Total Cost": 15365.8, "Plan Rows": 1619088, "Plan Width": 0, "Actual Rows": 428612, "Actual Loops": 1, "Inner Unique": false, "Plans": [{"Node Type": "Index Scan", "Parent Relationship": "Outer", "Parallel Aware": false, "Async Capable": false, "Scan Direction": "Forward", "Index Name": "idx_posts_owneruserid", "Relation Name": "posts", "Alias": "p", "Startup Cost": 0.29, "Total Cost": 5013.43, "Plan Rows": 42174, "Plan Width": 4, "Actual Rows": 42172, "Actual Loops": 1, "Filter": "((answercount >= 0) AND (answercount <= 4) AND (commentcount >= 0) AND (commentcount <= 17))", "Rows Removed by Filter": 49804}, {"Node Type": "Memoize", "Parent Relationship": "Inner", "Parallel Aware": false, "Async Capable": false, "Startup Cost": 0.3, "Total Cost": 0.42, "Plan Rows": 3, "Plan Width": 4, "Actual Rows": 10, "Actual Loops": 42172, "Cache Key": "p.owneruserid", "Cache Mode": "logical", "Cache Hits": 23451, "Cache Misses": 18721, "Cache Evictions": 0, "Cache Overflows": 0, "Peak Memory Usage": 3506, "Plans": [{"Node Type": "Index Scan", "Parent Relationship": "Outer", "Parallel Aware": false, "Async Capable": false, "Scan Direction": "Forward", "Index Name": "idx_badges_userid", "Relation Name": "badges", "Alias": "b", "Startup Cost": 0.29, "Total Cost": 0.41, "Plan Rows": 3, "Plan Width": 4, "Actual Rows": 3, "Actual Loops": 18721, "Index Cond": "(userid = p.owneruserid)", "Rows Removed by Index Recheck": 0, "Filter": "(date <= '2014-09-11 08:55:52'::timestamp without time zone)", "Rows Removed by Filter": 0}]}]}]}, "Planning Time": 1.488, "Triggers": [], "Execution Time": 220.361}, {"Plan": {"Node Type": "Aggregate", "Strategy": "Plain", "Partial Mode": "Simple", "Parallel Aware": false, "Async Capable": false, "Startup Cost": 49488.04, "Total Cost": 49488.05, "Plan Rows": 1, "Plan Width": 8, "Actual Rows": 1, "Actual Loops": 1, "Plans": [{"Node Type": "Hash Join", "Parent Relationship": "Outer", "Parallel Aware": false, "Async Capable": false, "Join Type": "Inner", "Startup Cost": 2425.3, "Total Cost": 45440.32, "Plan Rows": 1619088, "Plan Width": 0, "Actual Rows": 428612, "Actual Loops": 1, "Inner Unique": false, "Hash Cond": "(p.owneruserid = b.userid)", "Plans": [{"Node Type": "Seq Scan", "Parent Relationship": "Outer", "Parallel Aware": false, "Async Capable": false, "Relation Name": "posts", "Alias": "p", "Startup Cost": 0.0, "Total Cost": 2679.52, "Plan Rows": 42174, "Plan Width": 4, "Actual Rows": 42172, "Actual Loops": 1, "Filter": "((answercount >= 0) AND (answercount <= 4) AND (commentcount >= 0) AND (commentcount <= 17))", "Rows Removed by Filter": 49804}, {"Node Type": "Hash", "Parent Relationship": "Inner", "Parallel Aware": false, "Async Capable": false, "Startup Cost": 1430.14, "Total Cost": 1430.14, "Plan Rows": 79613, "Plan Width": 4, "Actual Rows": 79598, "Actual Loops": 1, "Hash Buckets": 131072, "Original Hash Buckets": 131072, "Hash Batches": 1, "Original Hash Batches": 1, "Peak Memory Usage": 3823, "Plans": [{"Node Type": "Seq Scan", "Parent Relationship": "Outer", "Parallel Aware": false, "Async Capable": false, "Relation Name": "badges", "Alias": "b", "Startup Cost": 0.0, "Total Cost": 1430.14, "Plan Rows": 79613, "Plan Width": 4, "Actual Rows": 79598, "Actual Loops": 1, "Filter": "(date <= '2014-09-11 08:55:52'::timestamp without time zone)", "Rows Removed by Filter": 253}]}]}]}, "Planning Time": 0.992, "Triggers": [], "Execution Time": 70.303}, {"Plan": {"Node Type": "Aggregate", "Strategy": "Plain", "Partial Mode": "Simple", "Parallel Aware": false, "Async Capable": false, "Startup Cost": 20000036440.44, "Total Cost": 20000036440.45, "Plan Rows": 1, "Plan Width": 8, "Actual Rows": 1, "Actual Loops": 1, "Plans": [{"Node Type": "Merge Join", "Parent Relationship": "Outer", "Parallel Aware": false, "Async Capable": false, "Join Type": "Inner", "Startup Cost": 20000000012.6, "Total Cost": 20000032392.72, "Plan Rows": 1619088, "Plan Width": 0, "Actual Rows": 428612, "Actual Loops": 1, "Inner Unique": false, "Merge Cond": "(p.owneruserid = b.userid)", "Plans": [{"Node Type": "Index Scan", "Parent Relationship": "Outer", "Parallel Aware": false, "Async Capable": false, "Scan Direction": "Forward", "Index Name": "idx_posts_owneruserid", "Relation Name": "posts", "Alias": "p", "Startup Cost": 10000000000.29, "Total Cost": 10000005013.43, "Plan Rows": 42174, "Plan Width": 4, "Actual Rows": 41395, "Actual Loops": 1, "Filter": "((answercount >= 0) AND (answercount <= 4) AND (commentcount >= 0) AND (commentcount <= 17))", "Rows Removed by Filter": 49114}, {"Node Type": "Materialize", "Parent Relationship": "Inner", "Parallel Aware": false, "Async Capable": false, "Startup Cost": 10000000000.29, "Total Cost": 10000003264.0, "Plan Rows": 79613, "Plan Width": 4, "Actual Rows": 443864, "Actual Loops": 1, "Plans": [{"Node Type": "Index Scan", "Parent Relationship": "Outer", "Parallel Aware": false, "Async Capable": false, "Scan Direction": "Forward", "Index Name": "idx_badges_userid", "Relation Name": "badges", "Alias": "b", "Startup Cost": 10000000000.29, "Total Cost": 10000003064.97, "Plan Rows": 79613, "Plan Width": 4, "Actual Rows": 79598, "Actual Loops": 1, "Filter": "(date <= '2014-09-11 08:55:52'::timestamp without time zone)", "Rows Removed by Filter": 253}]}]}]}, "Planning Time": 1.368, "Triggers": [], "Execution Time": 151.088}, {"Plan": {"Node Type": "Aggregate", "Strategy": "Plain", "Partial Mode": "Simple", "Parallel Aware": false, "Async Capable": false, "Startup Cost": 10000099931.46, "Total Cost": 10000099931.47, "Plan Rows": 1, "Plan Width": 8, "Actual Rows": 1, "Actual Loops": 1, "Plans": [{"Node Type": "Nested Loop", "Parent Relationship": "Outer", "Parallel Aware": false, "Async Capable": false, "Join Type": "Inner", "Startup Cost": 10000000000.63, "Total Cost": 10000095883.74, "Plan Rows": 1619088, "Plan Width": 0, "Actual Rows": 428612, "Actual Loops": 1, "Inner Unique": false, "Plans": [{"Node Type": "Index Scan", "Parent Relationship": "Outer", "Parallel Aware": false, "Async Capable": false, "Scan Direction": "Forward", "Index Name": "idx_posts_owneruserid", "Relation Name": "posts", "Alias": "p", "Startup Cost": 10000000000.29, "Total Cost": 10000005013.43, "Plan Rows": 42174, "Plan Width": 4, "Actual Rows": 42172, "Actual Loops": 1, "Filter": "((answercount >= 0) AND (answercount <= 4) AND (commentcount >= 0) AND (commentcount <= 17))", "Rows Removed by Filter": 49804}, {"Node Type": "Memoize", "Parent Relationship": "Inner", "Parallel Aware": false, "Async Capable": false, "Startup Cost": 0.34, "Total Cost": 4.38, "Plan Rows": 3, "Plan Width": 4, "Actual Rows": 10, "Actual Loops": 42172, "Cache Key": "p.owneruserid", "Cache Mode": "logical", "Cache Hits": 23451, "Cache Misses": 18721, "Cache Evictions": 0, "Cache Overflows": 0, "Peak Memory Usage": 3506, "Plans": [{"Node Type": "Bitmap Heap Scan", "Parent Relationship": "Outer", "Parallel Aware": false, "Async Capable": false, "Relation Name": "badges", "Alias": "b", "Startup Cost": 0.33, "Total Cost": 4.37, "Plan Rows": 3, "Plan Width": 4, "Actual Rows": 3, "Actual Loops": 18721, "Recheck Cond": "(userid = p.owneruserid)", "Rows Removed by Index Recheck": 0, "Filter": "(date <= '2014-09-11 08:55:52'::timestamp without time zone)", "Rows Removed by Filter": 0, "Exact Heap Blocks": 48820, "Lossy Heap Blocks": 0, "Plans": [{"Node Type": "Bitmap Index Scan", "Parent Relationship": "Outer", "Parallel Aware": false, "Async Capable": false, "Index Name": "idx_badges_userid", "Startup Cost": 0.0, "Total Cost": 0.33, "Plan Rows": 3, "Plan Width": 0, "Actual Rows": 3, "Actual Loops": 18721, "Index Cond": "(userid = p.owneruserid)"}]}]}]}]}, "Planning Time": 1.225, "Triggers": [], "Execution Time": 261.113}, {"Plan": {"Node Type": "Aggregate", "Strategy": "Plain", "Partial Mode": "Simple", "Parallel Aware": false, "Async Capable": false, "Startup Cost": 42371.98, "Total Cost": 42371.99, "Plan Rows": 1, "Plan Width": 8, "Actual Rows": 1, "Actual Loops": 1, "Plans": [{"Node Type": "Merge Join", "Parent Relationship": "Outer", "Parallel Aware": false, "Async Capable": false, "Join Type": "Inner", "Startup Cost": 13830.76, "Total Cost": 38324.26, "Plan Rows": 1619088, "Plan Width": 0, "Actual Rows": 428612, "Actual Loops": 1, "Inner Unique": false, "Merge Cond": "(p.owneruserid = b.userid)", "Plans": [{"Node Type": "Sort", "Parent Relationship": "Outer", "Parallel Aware": false, "Async Capable": false, "Startup Cost": 5919.34, "Total Cost": 6024.78, "Plan Rows": 42174, "Plan Width": 4, "Actual Rows": 41395, "Actual Loops": 1, "Sort Key": ["p.owneruserid"], "Sort Method": "quicksort", "Sort Space Used": 1537, "Sort Space Type": "Memory", "Plans": [{"Node Type": "Seq Scan", "Parent Relationship": "Outer", "Parallel Aware": false, "Async Capable": false, "Relation Name": "posts", "Alias": "p", "Startup Cost": 0.0, "Total Cost": 2679.52, "Plan Rows": 42174, "Plan Width": 4, "Actual Rows": 42172, "Actual Loops": 1, "Filter": "((answercount >= 0) AND (answercount <= 4) AND (commentcount >= 0) AND (commentcount <= 17))", "Rows Removed by Filter": 49804}]}, {"Node Type": "Sort", "Parent Relationship": "Inner", "Parallel Aware": false, "Async Capable": false, "Startup Cost": 7910.92, "Total Cost": 8109.95, "Plan Rows": 79613, "Plan Width": 4, "Actual Rows": 443864, "Actual Loops": 1, "Sort Key": ["b.userid"], "Sort Method": "quicksort", "Sort Space Used": 3073, "Sort Space Type": "Memory", "Plans": [{"Node Type": "Seq Scan", "Parent Relationship": "Outer", "Parallel Aware": false, "Async Capable": false, "Relation Name": "badges", "Alias": "b", "Startup Cost": 0.0, "Total Cost": 1430.14, "Plan Rows": 79613, "Plan Width": 4, "Actual Rows": 79598, "Actual Loops": 1, "Filter": "(date <= '2014-09-11 08:55:52'::timestamp without time zone)", "Rows Removed by Filter": 253}]}]}]}, "Planning Time": 1.175, "Triggers": [], "Execution Time": 62.703}, {"Plan": {"Node Type": "Aggregate", "Strategy": "Plain", "Partial Mode": "Simple", "Parallel Aware": false, "Async Capable": false, "Startup Cost": 97597.55, "Total Cost": 97597.56, "Plan Rows": 1, "Plan Width": 8, "Actual Rows": 1, "Actual Loops": 1, "Plans": [{"Node Type": "Nested Loop", "Parent Relationship": "Outer", "Parallel Aware": false, "Async Capable": false, "Join Type": "Inner", "Startup Cost": 0.34, "Total Cost": 93549.83, "Plan Rows": 1619088, "Plan Width": 0, "Actual Rows": 428612, "Actual Loops": 1, "Inner Unique": false, "Plans": [{"Node Type": "Seq Scan", "Parent Relationship": "Outer", "Parallel Aware": false, "Async Capable": false, "Relation Name": "posts", "Alias": "p", "Startup Cost": 0.0, "Total Cost": 2679.52, "Plan Rows": 42174, "Plan Width": 4, "Actual Rows": 42172, "Actual Loops": 1, "Filter": "((answercount >= 0) AND (answercount <= 4) AND (commentcount >= 0) AND (commentcount <= 17))", "Rows Removed by Filter": 49804}, {"Node Type": "Memoize", "Parent Relationship": "Inner", "Parallel Aware": false, "Async Capable": false, "Startup Cost": 0.34, "Total Cost": 4.38, "Plan Rows": 3, "Plan Width": 4, "Actual Rows": 10, "Actual Loops": 42172, "Cache Key": "p.owneruserid", "Cache Mode": "logical", "Cache Hits": 23451, "Cache Misses": 18721, "Cache Evictions": 0, "Cache Overflows": 0, "Peak Memory Usage": 3506, "Plans": [{"Node Type": "Bitmap Heap Scan", "Parent Relationship": "Outer", "Parallel Aware": false, "Async Capable": false, "Relation Name": "badges", "Alias": "b", "Startup Cost": 0.33, "Total Cost": 4.37, "Plan Rows": 3, "Plan Width": 4, "Actual Rows": 3, "Actual Loops": 18721, "Recheck Cond": "(userid = p.owneruserid)", "Rows Removed by Index Recheck": 0, "Filter": "(date <= '2014-09-11 08:55:52'::timestamp without time zone)", "Rows Removed by Filter": 0, "Exact Heap Blocks": 48820, "Lossy Heap Blocks": 0, "Plans": [{"Node Type": "Bitmap Index Scan", "Parent Relationship": "Outer", "Parallel Aware": false, "Async Capable": false, "Index Name": "idx_badges_userid", "Startup Cost": 0.0, "Total Cost": 0.33, "Plan Rows": 3, "Plan Width": 0, "Actual Rows": 3, "Actual Loops": 18721, "Index Cond": "(userid = p.owneruserid)"}]}]}]}]}, "Planning Time": 1.074, "Triggers": [], "Execution Time": 182.411}]