[{"Plan": {"Node Type": "Aggregate", "Strategy": "Plain", "Partial Mode": "Finalize", "Parallel Aware": false, "Async Capable": false, "Startup Cost": 22608.8, "Total Cost": 22608.81, "Plan Rows": 1, "Plan Width": 8, "Actual Rows": 1, "Actual Loops": 1, "Plans": [{"Node Type": "Gather", "Parent Relationship": "Outer", "Parallel Aware": false, "Async Capable": false, "Startup Cost": 22608.58, "Total Cost": 22608.79, "Plan Rows": 2, "Plan Width": 8, "Actual Rows": 3, "Actual Loops": 1, "Workers Planned": 2, "Workers Launched": 2, "Single Copy": false, "Plans": [{"Node Type": "Aggregate", "Strategy": "Plain", "Partial Mode": "Partial", "Parent Relationship": "Outer", "Parallel Aware": false, "Async Capable": false, "Startup Cost": 21608.58, "Total Cost": 21608.59, "Plan Rows": 1, "Plan Width": 8, "Actual Rows": 1, "Actual Loops": 3, "Workers": [], "Plans": [{"Node Type": "Nested Loop", "Parent Relationship": "Outer", "Parallel Aware": false, "Async Capable": false, "Join Type": "Inner", "Startup Cost": 6942.85, "Total Cost": 20831.02, "Plan Rows": 311026, "Plan Width": 0, "Actual Rows": 544560, "Actual Loops": 3, "Inner Unique": false, "Workers": [], "Plans": [{"Node Type": "Hash Join", "Parent Relationship": "Outer", "Parallel Aware": true, "Async Capable": false, "Join Type": "Inner", "Startup Cost": 6942.42, "Total Cost": 11371.06, "Plan Rows": 55386, "Plan Width": 12, "Actual Rows": 68774, "Actual Loops": 3, "Inner Unique": false, "Hash Cond": "(pl.postid = ph.postid)", "Workers": [], "Plans": [{"Node Type": "Merge Join", "Parent Relationship": "Outer", "Parallel Aware": false, "Async Capable": false, "Join Type": "Inner", "Startup Cost": 0.79, "Total Cost": 3572.51, "Plan Rows": 15737, "Plan Width": 8, "Actual Rows": 11765, "Actual Loops": 3, "Inner Unique": false, "Merge Cond": "(c.postid = pl.postid)", "Workers": [], "Plans": [{"Node Type": "Index Only Scan", "Parent Relationship": "Outer", "Parallel Aware": true, "Async Capable": false, "Scan Direction": "Forward", "Index Name": "idx_comments_postid", "Relation Name": "comments", "Alias": "c", "Startup Cost": 0.42, "Total Cost": 2872.37, "Plan Rows": 72627, "Plan Width": 4, "Actual Rows": 58095, "Actual Loops": 3, "Heap Fetches": 0, "Workers": []}, {"Node Type": "Materialize", "Parent Relationship": "Inner", "Parallel Aware": false, "Async Capable": false, "Startup Cost": 0.29, "Total Cost": 310.57, "Plan Rows": 11102, "Plan Width": 4, "Actual Rows": 19869, "Actual Loops": 3, "Workers": [], "Plans": [{"Node Type": "Index Only Scan", "Parent Relationship": "Outer", "Parallel Aware": false, "Async Capable": false, "Scan Direction": "Forward", "Index Name": "idx_postlinks_postid", "Relation Name": "postlinks", "Alias": "pl", "Startup Cost": 0.29, "Total Cost": 282.81, "Plan Rows": 11102, "Plan Width": 4, "Actual Rows": 11056, "Actual Loops": 3, "Heap Fetches": 0, "Workers": []}]}]}, {"Node Type": "Hash", "Parent Relationship": "Inner", "Parallel Aware": true, "Async Capable": false, "Startup Cost": 4915.18, "Total Cost": 4915.18, "Plan Rows": 162116, "Plan Width": 4, "Actual Rows": 91831, "Actual Loops": 3, "Hash Buckets": 524288, "Original Hash Buckets": 524288, "Hash Batches": 1, "Original Hash Batches": 1, "Peak Memory Usage": 14912, "Workers": [], "Plans": [{"Node Type": "Seq Scan", "Parent Relationship": "Outer", "Parallel Aware": true, "Async Capable": false, "Relation Name": "posthistory", "Alias": "ph", "Startup Cost": 0.0, "Total Cost": 4915.18, "Plan Rows": 162116, "Plan Width": 4, "Actual Rows": 91831, "Actual Loops": 3, "Filter": "((creationdate >= '2011-05-07 21:47:19'::timestamp without time zone) AND (creationdate <= '2014-09-10 13:19:54'::timestamp without time zone))", "Rows Removed by Filter": 9231, "Workers": []}]}]}, {"Node Type": "Memoize", "Parent Relationship": "Inner", "Parallel Aware": false, "Async Capable": false, "Startup Cost": 0.43, "Total Cost": 0.71, "Plan Rows": 5, "Plan Width": 4, "Actual Rows": 8, "Actual Loops": 206322, "Cache Key": "pl.postid", "Cache Mode": "logical", "Cache Hits": 72419, "Cache Misses": 1946, "Cache Evictions": 0, "Cache Overflows": 0, "Peak Memory Usage": 494, "Workers": [{"Worker Number": 0, "Cache Hits": 65753, "Cache Misses": 1845, "Cache Evictions": 0, "Cache Overflows": 0, "Peak Memory Usage": 505}, {"Worker Number": 1, "Cache Hits": 62544, "Cache Misses": 1815, "Cache Evictions": 0, "Cache Overflows": 0, "Peak Memory Usage": 461}], "Plans": [{"Node Type": "Index Only Scan", "Parent Relationship": "Outer", "Parallel Aware": false, "Async Capable": false, "Scan Direction": "Forward", "Index Name": "idx_votes_postid", "Relation Name": "votes", "Alias": "v", "Startup Cost": 0.42, "Total Cost": 0.7, "Plan Rows": 5, "Plan Width": 4, "Actual Rows": 6, "Actual Loops": 5606, "Index Cond": "(postid = pl.postid)", "Rows Removed by Index Recheck": 0, "Heap Fetches": 0, "Workers": []}]}]}]}]}]}, "Planning Time": 4.464, "Triggers": [], "Execution Time": 127.172}, {"Plan": {"Node Type": "Aggregate", "Strategy": "Plain", "Partial Mode": "Simple", "Parallel Aware": false, "Async Capable": false, "Startup Cost": 40000103871.13, "Total Cost": 40000103871.14, "Plan Rows": 1, "Plan Width": 8, "Actual Rows": 1, "Actual Loops": 1, "Plans": [{"Node Type": "Hash Join", "Parent Relationship": "Outer", "Parallel Aware": false, "Async Capable": false, "Join Type": "Inner", "Startup Cost": 40000006069.54, "Total Cost": 40000102004.97, "Plan Rows": 746462, "Plan Width": 0, "Actual Rows": 1633681, "Actual Loops": 1, "Inner Unique": false, "Hash Cond": "(pl.postid = c.postid)", "Plans": [{"Node Type": "Nested Loop", "Parent Relationship": "Outer", "Parallel Aware": false, "Async Capable": false, "Join Type": "Inner", "Startup Cost": 30000000001.58, "Total Cost": 30000075306.78, "Plan Rows": 219425, "Plan Width": 12, "Actual Rows": 371988, "Actual Loops": 1, "Inner Unique": false, "Plans": [{"Node Type": "Nested Loop", "Parent Relationship": "Outer", "Parallel Aware": false, "Async Capable": false, "Join Type": "Inner", "Startup Cost": 20000000000.93, "Total Cost": 20000036628.68, "Plan Rows": 39074, "Plan Width": 8, "Actual Rows": 59346, "Actual Loops": 1, "Inner Unique": false, "Plans": [{"Node Type": "Index Only Scan", "Parent Relationship": "Outer", "Parallel Aware": false, "Async Capable": false, "Scan Direction": "Forward", "Index Name": "idx_postlinks_postid", "Relation Name": "postlinks", "Alias": "pl", "Startup Cost": 10000000000.28, "Total Cost": 10000000282.82, "Plan Rows": 11102, "Plan Width": 4, "Actual Rows": 11102, "Actual Loops": 1, "Heap Fetches": 0}, {"Node Type": "Memoize", "Parent Relationship": "Inner", "Parallel Aware": false, "Async Capable": false, "Startup Cost": 0.65, "Total Cost": 4.72, "Plan Rows": 3, "Plan Width": 4, "Actual Rows": 5, "Actual Loops": 11102, "Cache Key": "pl.postid", "Cache Mode": "logical", "Cache Hits": 3498, "Cache Misses": 7604, "Cache Evictions": 0, "Cache Overflows": 0, "Peak Memory Usage": 1887, "Plans": [{"Node Type": "Bitmap Heap Scan", "Parent Relationship": "Outer", "Parallel Aware": false, "Async Capable": false, "Relation Name": "posthistory", "Alias": "ph", "Startup Cost": 0.64, "Total Cost": 4.71, "Plan Rows": 3, "Plan Width": 4, "Actual Rows": 5, "Actual Loops": 7604, "Recheck Cond": "(pl.postid = postid)", "Rows Removed by Index Recheck": 0, "Filter": "((creationdate >= '2011-05-07 21:47:19'::timestamp without time zone) AND (creationdate <= '2014-09-10 13:19:54'::timestamp without time zone))", "Rows Removed by Filter": 0, "Exact Heap Blocks": 13161, "Lossy Heap Blocks": 0, "Plans": [{"Node Type": "Bitmap Index Scan", "Parent Relationship": "Outer", "Parallel Aware": false, "Async Capable": false, "Index Name": "idx_posthistory_postid", "Startup Cost": 0.0, "Total Cost": 0.64, "Plan Rows": 4, "Plan Width": 0, "Actual Rows": 6, "Actual Loops": 7604, "Index Cond": "(postid = pl.postid)"}]}]}]}, {"Node Type": "Memoize", "Parent Relationship": "Inner", "Parallel Aware": false, "Async Capable": false, "Startup Cost": 0.65, "Total Cost": 4.71, "Plan Rows": 5, "Plan Width": 4, "Actual Rows": 6, "Actual Loops": 59346, "Cache Key": "pl.postid", "Cache Mode": "logical", "Cache Hits": 52204, "Cache Misses": 7142, "Cache Evictions": 0, "Cache Overflows": 0, "Peak Memory Usage": 1779, "Plans": [{"Node Type": "Bitmap Heap Scan", "Parent Relationship": "Outer", "Parallel Aware": false, "Async Capable": false, "Relation Name": "votes", "Alias": "v", "Startup Cost": 0.64, "Total Cost": 4.7, "Plan Rows": 5, "Plan Width": 4, "Actual Rows": 5, "Actual Loops": 7142, "Recheck Cond": "(pl.postid = postid)", "Rows Removed by Index Recheck": 0, "Exact Heap Blocks": 23226, "Lossy Heap Blocks": 0, "Plans": [{"Node Type": "Bitmap Index Scan", "Parent Relationship": "Outer", "Parallel Aware": false, "Async Capable": false, "Index Name": "idx_votes_postid", "Startup Cost": 0.0, "Total Cost": 0.64, "Plan Rows": 5, "Plan Width": 0, "Actual Rows": 5, "Actual Loops": 7142, "Index Cond": "(postid = pl.postid)"}]}]}]}, {"Node Type": "Hash", "Parent Relationship": "Inner", "Parallel Aware": false, "Async Capable": false, "Startup Cost": 10000003889.15, "Total Cost": 10000003889.15, "Plan Rows": 174305, "Plan Width": 4, "Actual Rows": 174305, "Actual Loops": 1, "Hash Buckets": 262144, "Original Hash Buckets": 262144, "Hash Batches": 1, "Original Hash Batches": 1, "Peak Memory Usage": 8176, "Plans": [{"Node Type": "Index Only Scan", "Parent Relationship": "Outer", "Parallel Aware": false, "Async Capable": false, "Scan Direction": "Forward", "Index Name": "idx_comments_postid", "Relation Name": "comments", "Alias": "c", "Startup Cost": 10000000000.42, "Total Cost": 10000003889.15, "Plan Rows": 174305, "Plan Width": 4, "Actual Rows": 174305, "Actual Loops": 1, "Heap Fetches": 0}]}]}]}, "Planning Time": 4.076, "Triggers": [], "Execution Time": 396.564}, {"Plan": {"Node Type": "Aggregate", "Strategy": "Plain", "Partial Mode": "Finalize", "Parallel Aware": false, "Async Capable": false, "Startup Cost": 29700.03, "Total Cost": 29700.04, "Plan Rows": 1, "Plan Width": 8, "Actual Rows": 1, "Actual Loops": 1, "Plans": [{"Node Type": "Gather", "Parent Relationship": "Outer", "Parallel Aware": false, "Async Capable": false, "Startup Cost": 29699.81, "Total Cost": 29700.02, "Plan Rows": 2, "Plan Width": 8, "Actual Rows": 3, "Actual Loops": 1, "Workers Planned": 2, "Workers Launched": 2, "Single Copy": false, "Plans": [{"Node Type": "Aggregate", "Strategy": "Plain", "Partial Mode": "Partial", "Parent Relationship": "Outer", "Parallel Aware": false, "Async Capable": false, "Startup Cost": 28699.81, "Total Cost": 28699.82, "Plan Rows": 1, "Plan Width": 8, "Actual Rows": 1, "Actual Loops": 3, "Workers": [], "Plans": [{"Node Type": "Hash Join", "Parent Relationship": "Outer", "Parallel Aware": true, "Async Capable": false, "Join Type": "Inner", "Startup Cost": 14945.48, "Total Cost": 27922.25, "Plan Rows": 311026, "Plan Width": 0, "Actual Rows": 544560, "Actual Loops": 3, "Inner Unique": false, "Hash Cond": "(pl.postid = c.postid)", "Workers": [], "Plans": [{"Node Type": "Hash Join", "Parent Relationship": "Outer", "Parallel Aware": true, "Async Capable": false, "Join Type": "Inner", "Startup Cost": 11165.28, "Total Cost": 20446.12, "Plan Rows": 91427, "Plan Width": 12, "Actual Rows": 123996, "Actual Loops": 3, "Inner Unique": false, "Hash Cond": "(pl.postid = ph.postid)", "Workers": [], "Plans": [{"Node Type": "Hash Join", "Parent Relationship": "Outer", "Parallel Aware": false, "Async Capable": false, "Join Type": "Inner", "Startup Cost": 422.01, "Total Cost": 8288.33, "Plan Rows": 25977, "Plan Width": 8, "Actual Rows": 23234, "Actual Loops": 3, "Inner Unique": false, "Hash Cond": "(v.postid = pl.postid)", "Workers": [], "Plans": [{"Node Type": "Index Only Scan", "Parent Relationship": "Outer", "Parallel Aware": true, "Async Capable": false, "Scan Direction": "Forward", "Index Name": "idx_votes_postid", "Relation Name": "votes", "Alias": "v", "Startup Cost": 0.42, "Total Cost": 5043.98, "Plan Rows": 136693, "Plan Width": 4, "Actual Rows": 109355, "Actual Loops": 3, "Heap Fetches": 0, "Workers": []}, {"Node Type": "Hash", "Parent Relationship": "Inner", "Parallel Aware": false, "Async Capable": false, "Startup Cost": 282.81, "Total Cost": 282.81, "Plan Rows": 11102, "Plan Width": 4, "Actual Rows": 11102, "Actual Loops": 3, "Hash Buckets": 16384, "Original Hash Buckets": 16384, "Hash Batches": 1, "Original Hash Batches": 1, "Peak Memory Usage": 519, "Workers": [], "Plans": [{"Node Type": "Index Only Scan", "Parent Relationship": "Outer", "Parallel Aware": false, "Async Capable": false, "Scan Direction": "Forward", "Index Name": "idx_postlinks_postid", "Relation Name": "postlinks", "Alias": "pl", "Startup Cost": 0.29, "Total Cost": 282.81, "Plan Rows": 11102, "Plan Width": 4, "Actual Rows": 11102, "Actual Loops": 3, "Heap Fetches": 0, "Workers": []}]}]}, {"Node Type": "Hash", "Parent Relationship": "Inner", "Parallel Aware": true, "Async Capable": false, "Startup Cost": 8716.82, "Total Cost": 8716.82, "Plan Rows": 162116, "Plan Width": 4, "Actual Rows": 91831, "Actual Loops": 3, "Hash Buckets": 524288, "Original Hash Buckets": 524288, "Hash Batches": 1, "Original Hash Batches": 1, "Peak Memory Usage": 14944, "Workers": [], "Plans": [{"Node Type": "Index Scan", "Parent Relationship": "Outer", "Parallel Aware": true, "Async Capable": false, "Scan Direction": "Forward", "Index Name": "idx_posthistory_postid", "Relation Name": "posthistory", "Alias": "ph", "Startup Cost": 0.42, "Total Cost": 8716.82, "Plan Rows": 162116, "Plan Width": 4, "Actual Rows": 91831, "Actual Loops": 3, "Filter": "((creationdate >= '2011-05-07 21:47:19'::timestamp without time zone) AND (creationdate <= '2014-09-10 13:19:54'::timestamp without time zone))", "Rows Removed by Filter": 9231, "Workers": []}]}]}, {"Node Type": "Hash", "Parent Relationship": "Inner", "Parallel Aware": true, "Async Capable": false, "Startup Cost": 2872.37, "Total Cost": 2872.37, "Plan Rows": 72627, "Plan Width": 4, "Actual Rows": 58102, "Actual Loops": 3, "Hash Buckets": 262144, "Original Hash Buckets": 262144, "Hash Batches": 1, "Original Hash Batches": 1, "Peak Memory Usage": 8896, "Workers": [], "Plans": [{"Node Type": "Index Only Scan", "Parent Relationship": "Outer", "Parallel Aware": true, "Async Capable": false, "Scan Direction": "Forward", "Index Name": "idx_comments_postid", "Relation Name": "comments", "Alias": "c", "Startup Cost": 0.42, "Total Cost": 2872.37, "Plan Rows": 72627, "Plan Width": 4, "Actual Rows": 58102, "Actual Loops": 3, "Heap Fetches": 0, "Workers": []}]}]}]}]}]}, "Planning Time": 4.161, "Triggers": [], "Execution Time": 199.953}, {"Plan": {"Node Type": "Aggregate", "Strategy": "Plain", "Partial Mode": "Finalize", "Parallel Aware": false, "Async Capable": false, "Startup Cost": 27567.49, "Total Cost": 27567.5, "Plan Rows": 1, "Plan Width": 8, "Actual Rows": 1, "Actual Loops": 1, "Plans": [{"Node Type": "Gather", "Parent Relationship": "Outer", "Parallel Aware": false, "Async Capable": false, "Startup Cost": 27567.28, "Total Cost": 27567.49, "Plan Rows": 2, "Plan Width": 8, "Actual Rows": 3, "Actual Loops": 1, "Workers Planned": 2, "Workers Launched": 2, "Single Copy": false, "Plans": [{"Node Type": "Aggregate", "Strategy": "Plain", "Partial Mode": "Partial", "Parent Relationship": "Outer", "Parallel Aware": false, "Async Capable": false, "Startup Cost": 26567.28, "Total Cost": 26567.29, "Plan Rows": 1, "Plan Width": 8, "Actual Rows": 1, "Actual Loops": 3, "Workers": [], "Plans": [{"Node Type": "Hash Join", "Parent Relationship": "Outer", "Parallel Aware": true, "Async Capable": false, "Join Type": "Inner", "Startup Cost": 3784.85, "Total Cost": 25789.71, "Plan Rows": 311026, "Plan Width": 0, "Actual Rows": 544560, "Actual Loops": 3, "Inner Unique": false, "Hash Cond": "(pl.postid = c.postid)", "Workers": [], "Plans": [{"Node Type": "Merge Join", "Parent Relationship": "Outer", "Parallel Aware": false, "Async Capable": false, "Join Type": "Inner", "Startup Cost": 4.65, "Total Cost": 18313.59, "Plan Rows": 91427, "Plan Width": 12, "Actual Rows": 123996, "Actual Loops": 3, "Inner Unique": false, "Merge Cond": "(pl.postid = ph.postid)", "Workers": [], "Plans": [{"Node Type": "Merge Join", "Parent Relationship": "Outer", "Parallel Aware": false, "Async Capable": false, "Join Type": "Inner", "Startup Cost": 3.9, "Total Cost": 6057.9, "Plan Rows": 25977, "Plan Width": 8, "Actual Rows": 23225, "Actual Loops": 3, "Inner Unique": false, "Merge Cond": "(v.postid = pl.postid)", "Workers": [], "Plans": [{"Node Type": "Index Only Scan", "Parent Relationship": "Outer", "Parallel Aware": true, "Async Capable": false, "Scan Direction": "Forward", "Index Name": "idx_votes_postid", "Relation Name": "votes", "Alias": "v", "Startup Cost": 0.42, "Total Cost": 5043.98, "Plan Rows": 136693, "Plan Width": 4, "Actual Rows": 109218, "Actual Loops": 3, "Heap Fetches": 0, "Workers": []}, {"Node Type": "Materialize", "Parent Relationship": "Inner", "Parallel Aware": false, "Async Capable": false, "Startup Cost": 0.29, "Total Cost": 310.57, "Plan Rows": 11102, "Plan Width": 4, "Actual Rows": 31124, "Actual Loops": 3, "Workers": [], "Plans": [{"Node Type": "Index Only Scan", "Parent Relationship": "Outer", "Parallel Aware": false, "Async Capable": false, "Scan Direction": "Forward", "Index Name": "idx_postlinks_postid", "Relation Name": "postlinks", "Alias": "pl", "Startup Cost": 0.29, "Total Cost": 282.81, "Plan Rows": 11102, "Plan Width": 4, "Actual Rows": 11062, "Actual Loops": 3, "Heap Fetches": 0, "Workers": []}]}]}, {"Node Type": "Index Scan", "Parent Relationship": "Inner", "Parallel Aware": false, "Async Capable": false, "Scan Direction": "Forward", "Index Name": "idx_posthistory_postid", "Relation Name": "posthistory", "Alias": "ph", "Startup Cost": 0.42, "Total Cost": 10589.44, "Plan Rows": 275598, "Plan Width": 4, "Actual Rows": 387633, "Actual Loops": 3, "Filter": "((creationdate >= '2011-05-07 21:47:19'::timestamp without time zone) AND (creationdate <= '2014-09-10 13:19:54'::timestamp without time zone))", "Rows Removed by Filter": 60207, "Workers": []}]}, {"Node Type": "Hash", "Parent Relationship": "Inner", "Parallel Aware": true, "Async Capable": false, "Startup Cost": 2872.37, "Total Cost": 2872.37, "Plan Rows": 72627, "Plan Width": 4, "Actual Rows": 58102, "Actual Loops": 3, "Hash Buckets": 262144, "Original Hash Buckets": 262144, "Hash Batches": 1, "Original Hash Batches": 1, "Peak Memory Usage": 8896, "Workers": [], "Plans": [{"Node Type": "Index Only Scan", "Parent Relationship": "Outer", "Parallel Aware": true, "Async Capable": false, "Scan Direction": "Forward", "Index Name": "idx_comments_postid", "Relation Name": "comments", "Alias": "c", "Startup Cost": 0.42, "Total Cost": 2872.37, "Plan Rows": 72627, "Plan Width": 4, "Actual Rows": 58102, "Actual Loops": 3, "Heap Fetches": 0, "Workers": []}]}]}]}]}]}, "Planning Time": 6.605, "Triggers": [], "Execution Time": 266.78}, {"Plan": {"Node Type": "Aggregate", "Strategy": "Plain", "Partial Mode": "Finalize", "Parallel Aware": false, "Async Capable": false, "Startup Cost": 24458.36, "Total Cost": 24458.37, "Plan Rows": 1, "Plan Width": 8, "Actual Rows": 1, "Actual Loops": 1, "Plans": [{"Node Type": "Gather", "Parent Relationship": "Outer", "Parallel Aware": false, "Async Capable": false, "Startup Cost": 24458.15, "Total Cost": 24458.36, "Plan Rows": 2, "Plan Width": 8, "Actual Rows": 3, "Actual Loops": 1, "Workers Planned": 2, "Workers Launched": 2, "Single Copy": false, "Plans": [{"Node Type": "Aggregate", "Strategy": "Plain", "Partial Mode": "Partial", "Parent Relationship": "Outer", "Parallel Aware": false, "Async Capable": false, "Startup Cost": 23458.15, "Total Cost": 23458.16, "Plan Rows": 1, "Plan Width": 8, "Actual Rows": 1, "Actual Loops": 3, "Workers": [], "Plans": [{"Node Type": "Nested Loop", "Parent Relationship": "Outer", "Parallel Aware": false, "Async Capable": false, "Join Type": "Inner", "Startup Cost": 1.64, "Total Cost": 22680.58, "Plan Rows": 311026, "Plan Width": 0, "Actual Rows": 544560, "Actual Loops": 3, "Inner Unique": false, "Workers": [], "Plans": [{"Node Type": "Nested Loop", "Parent Relationship": "Outer", "Parallel Aware": false, "Async Capable": false, "Join Type": "Inner", "Startup Cost": 1.21, "Total Cost": 13220.63, "Plan Rows": 55386, "Plan Width": 12, "Actual Rows": 68774, "Actual Loops": 3, "Inner Unique": false, "Join Filter": "(pl.postid = ph.postid)", "Rows Removed by Join Filter": 0, "Workers": [], "Plans": [{"Node Type": "Merge Join", "Parent Relationship": "Outer", "Parallel Aware": false, "Async Capable": false, "Join Type": "Inner", "Startup Cost": 0.79, "Total Cost": 3572.51, "Plan Rows": 15737, "Plan Width": 8, "Actual Rows": 11765, "Actual Loops": 3, "Inner Unique": false, "Merge Cond": "(c.postid = pl.postid)", "Workers": [], "Plans": [{"Node Type": "Index Only Scan", "Parent Relationship": "Outer", "Parallel Aware": true, "Async Capable": false, "Scan Direction": "Forward", "Index Name": "idx_comments_postid", "Relation Name": "comments", "Alias": "c", "Startup Cost": 0.42, "Total Cost": 2872.37, "Plan Rows": 72627, "Plan Width": 4, "Actual Rows": 58095, "Actual Loops": 3, "Heap Fetches": 0, "Workers": []}, {"Node Type": "Materialize", "Parent Relationship": "Inner", "Parallel Aware": false, "Async Capable": false, "Startup Cost": 0.29, "Total Cost": 310.57, "Plan Rows": 11102, "Plan Width": 4, "Actual Rows": 19892, "Actual Loops": 3, "Workers": [], "Plans": [{"Node Type": "Index Only Scan", "Parent Relationship": "Outer", "Parallel Aware": false, "Async Capable": false, "Scan Direction": "Forward", "Index Name": "idx_postlinks_postid", "Relation Name": "postlinks", "Alias": "pl", "Startup Cost": 0.29, "Total Cost": 282.81, "Plan Rows": 11102, "Plan Width": 4, "Actual Rows": 11079, "Actual Loops": 3, "Heap Fetches": 0, "Workers": []}]}]}, {"Node Type": "Index Scan", "Parent Relationship": "Inner", "Parallel Aware": false, "Async Capable": false, "Scan Direction": "Forward", "Index Name": "idx_posthistory_postid", "Relation Name": "posthistory", "Alias": "ph", "Startup Cost": 0.42, "Total Cost": 0.58, "Plan Rows": 3, "Plan Width": 4, "Actual Rows": 6, "Actual Loops": 35295, "Index Cond": "(postid = c.postid)", "Rows Removed by Index Recheck": 0, "Filter": "((creationdate >= '2011-05-07 21:47:19'::timestamp without time zone) AND (creationdate <= '2014-09-10 13:19:54'::timestamp without time zone))", "Rows Removed by Filter": 0, "Workers": []}]}, {"Node Type": "Memoize", "Parent Relationship": "Inner", "Parallel Aware": false, "Async Capable": false, "Startup Cost": 0.43, "Total Cost": 0.71, "Plan Rows": 5, "Plan Width": 4, "Actual Rows": 8, "Actual Loops": 206322, "Cache Key": "pl.postid", "Cache Mode": "logical", "Cache Hits": 74077, "Cache Misses": 2075, "Cache Evictions": 0, "Cache Overflows": 0, "Peak Memory Usage": 622, "Workers": [{"Worker Number": 0, "Cache Hits": 62171, "Cache Misses": 1708, "Cache Evictions": 0, "Cache Overflows": 0, "Peak Memory Usage": 423}, {"Worker Number": 1, "Cache Hits": 64468, "Cache Misses": 1823, "Cache Evictions": 0, "Cache Overflows": 0, "Peak Memory Usage": 415}], "Plans": [{"Node Type": "Index Only Scan", "Parent Relationship": "Outer", "Parallel Aware": false, "Async Capable": false, "Scan Direction": "Forward", "Index Name": "idx_votes_postid", "Relation Name": "votes", "Alias": "v", "Startup Cost": 0.42, "Total Cost": 0.7, "Plan Rows": 5, "Plan Width": 4, "Actual Rows": 6, "Actual Loops": 5606, "Index Cond": "(postid = pl.postid)", "Rows Removed by Index Recheck": 0, "Heap Fetches": 0, "Workers": []}]}]}]}]}]}, "Planning Time": 6.178, "Triggers": [], "Execution Time": 116.13}, {"Plan": {"Node Type": "Aggregate", "Strategy": "Plain", "Partial Mode": "Finalize", "Parallel Aware": false, "Async Capable": false, "Startup Cost": 24701.86, "Total Cost": 24701.87, "Plan Rows": 1, "Plan Width": 8, "Actual Rows": 1, "Actual Loops": 1, "Plans": [{"Node Type": "Gather", "Parent Relationship": "Outer", "Parallel Aware": false, "Async Capable": false, "Startup Cost": 24701.65, "Total Cost": 24701.86, "Plan Rows": 2, "Plan Width": 8, "Actual Rows": 3, "Actual Loops": 1, "Workers Planned": 2, "Workers Launched": 2, "Single Copy": false, "Plans": [{"Node Type": "Aggregate", "Strategy": "Plain", "Partial Mode": "Partial", "Parent Relationship": "Outer", "Parallel Aware": false, "Async Capable": false, "Startup Cost": 23701.65, "Total Cost": 23701.66, "Plan Rows": 1, "Plan Width": 8, "Actual Rows": 1, "Actual Loops": 3, "Workers": [], "Plans": [{"Node Type": "Hash Join", "Parent Relationship": "Outer", "Parallel Aware": true, "Async Capable": false, "Join Type": "Inner", "Startup Cost": 10596.5, "Total Cost": 22924.08, "Plan Rows": 311026, "Plan Width": 0, "Actual Rows": 544560, "Actual Loops": 3, "Inner Unique": false, "Hash Cond": "(pl.postid = ph.postid)", "Workers": [], "Plans": [{"Node Type": "Hash Join", "Parent Relationship": "Outer", "Parallel Aware": true, "Async Capable": false, "Join Type": "Inner", "Startup Cost": 3654.87, "Total Cost": 11170.38, "Plan Rows": 88371, "Plan Width": 12, "Actual Rows": 94280, "Actual Loops": 3, "Inner Unique": false, "Hash Cond": "(pl.postid = c.postid)", "Workers": [], "Plans": [{"Node Type": "Merge Join", "Parent Relationship": "Outer", "Parallel Aware": false, "Async Capable": false, "Join Type": "Inner", "Startup Cost": 3.9, "Total Cost": 6057.9, "Plan Rows": 25977, "Plan Width": 8, "Actual Rows": 23234, "Actual Loops": 3, "Inner Unique": false, "Merge Cond": "(v.postid = pl.postid)", "Workers": [], "Plans": [{"Node Type": "Index Only Scan", "Parent Relationship": "Outer", "Parallel Aware": true, "Async Capable": false, "Scan Direction": "Forward", "Index Name": "idx_votes_postid", "Relation Name": "votes", "Alias": "v", "Startup Cost": 0.42, "Total Cost": 5043.98, "Plan Rows": 136693, "Plan Width": 4, "Actual Rows": 109349, "Actual Loops": 3, "Heap Fetches": 0, "Workers": []}, {"Node Type": "Materialize", "Parent Relationship": "Inner", "Parallel Aware": false, "Async Capable": false, "Startup Cost": 0.29, "Total Cost": 310.57, "Plan Rows": 11102, "Plan Width": 4, "Actual Rows": 31136, "Actual Loops": 3, "Workers": [], "Plans": [{"Node Type": "Index Only Scan", "Parent Relationship": "Outer", "Parallel Aware": false, "Async Capable": false, "Scan Direction": "Forward", "Index Name": "idx_postlinks_postid", "Relation Name": "postlinks", "Alias": "pl", "Startup Cost": 0.29, "Total Cost": 282.81, "Plan Rows": 11102, "Plan Width": 4, "Actual Rows": 11072, "Actual Loops": 3, "Heap Fetches": 0, "Workers": []}]}]}, {"Node Type": "Hash", "Parent Relationship": "Inner", "Parallel Aware": true, "Async Capable": false, "Startup Cost": 2369.32, "Total Cost": 2369.32, "Plan Rows": 102532, "Plan Width": 4, "Actual Rows": 58102, "Actual Loops": 3, "Hash Buckets": 262144, "Original Hash Buckets": 262144, "Hash Batches": 1, "Original Hash Batches": 1, "Peak Memory Usage": 8896, "Workers": [], "Plans": [{"Node Type": "Seq Scan", "Parent Relationship": "Outer", "Parallel Aware": true, "Async Capable": false, "Relation Name": "comments", "Alias": "c", "Startup Cost": 0.0, "Total Cost": 2369.32, "Plan Rows": 102532, "Plan Width": 4, "Actual Rows": 58102, "Actual Loops": 3, "Workers": []}]}]}, {"Node Type": "Hash", "Parent Relationship": "Inner", "Parallel Aware": true, "Async Capable": false, "Startup Cost": 4915.18, "Total Cost": 4915.18, "Plan Rows": 162116, "Plan Width": 4, "Actual Rows": 91831, "Actual Loops": 3, "Hash Buckets": 524288, "Original Hash Buckets": 524288, "Hash Batches": 1, "Original Hash Batches": 1, "Peak Memory Usage": 14944, "Workers": [], "Plans": [{"Node Type": "Seq Scan", "Parent Relationship": "Outer", "Parallel Aware": true, "Async Capable": false, "Relation Name": "posthistory", "Alias": "ph", "Startup Cost": 0.0, "Total Cost": 4915.18, "Plan Rows": 162116, "Plan Width": 4, "Actual Rows": 91831, "Actual Loops": 3, "Filter": "((creationdate >= '2011-05-07 21:47:19'::timestamp without time zone) AND (creationdate <= '2014-09-10 13:19:54'::timestamp without time zone))", "Rows Removed by Filter": 9231, "Workers": []}]}]}]}]}]}, "Planning Time": 4.896, "Triggers": [], "Execution Time": 163.171}, {"Plan": {"Node Type": "Aggregate", "Strategy": "Plain", "Partial Mode": "Finalize", "Parallel Aware": false, "Async Capable": false, "Startup Cost": 25698.93, "Total Cost": 25698.94, "Plan Rows": 1, "Plan Width": 8, "Actual Rows": 1, "Actual Loops": 1, "Plans": [{"Node Type": "Gather", "Parent Relationship": "Outer", "Parallel Aware": false, "Async Capable": false, "Startup Cost": 25698.72, "Total Cost": 25698.93, "Plan Rows": 2, "Plan Width": 8, "Actual Rows": 3, "Actual Loops": 1, "Workers Planned": 2, "Workers Launched": 2, "Single Copy": false, "Plans": [{"Node Type": "Aggregate", "Strategy": "Plain", "Partial Mode": "Partial", "Parent Relationship": "Outer", "Parallel Aware": false, "Async Capable": false, "Startup Cost": 24698.72, "Total Cost": 24698.73, "Plan Rows": 1, "Plan Width": 8, "Actual Rows": 1, "Actual Loops": 3, "Workers": [], "Plans": [{"Node Type": "Nested Loop", "Parent Relationship": "Outer", "Parallel Aware": false, "Async Capable": false, "Join Type": "Inner", "Startup Cost": 422.87, "Total Cost": 23921.15, "Plan Rows": 311026, "Plan Width": 0, "Actual Rows": 544560, "Actual Loops": 3, "Inner Unique": false, "Workers": [], "Plans": [{"Node Type": "Nested Loop", "Parent Relationship": "Outer", "Parallel Aware": false, "Async Capable": false, "Join Type": "Inner", "Startup Cost": 422.43, "Total Cost": 14461.2, "Plan Rows": 55386, "Plan Width": 12, "Actual Rows": 68774, "Actual Loops": 3, "Inner Unique": false, "Join Filter": "(pl.postid = ph.postid)", "Rows Removed by Join Filter": 0, "Workers": [], "Plans": [{"Node Type": "Hash Join", "Parent Relationship": "Outer", "Parallel Aware": false, "Async Capable": false, "Join Type": "Inner", "Startup Cost": 422.01, "Total Cost": 4813.08, "Plan Rows": 15737, "Plan Width": 8, "Actual Rows": 11765, "Actual Loops": 3, "Inner Unique": false, "Hash Cond": "(c.postid = pl.postid)", "Workers": [], "Plans": [{"Node Type": "Index Only Scan", "Parent Relationship": "Outer", "Parallel Aware": true, "Async Capable": false, "Scan Direction": "Forward", "Index Name": "idx_comments_postid", "Relation Name": "comments", "Alias": "c", "Startup Cost": 0.42, "Total Cost": 2872.37, "Plan Rows": 72627, "Plan Width": 4, "Actual Rows": 58102, "Actual Loops": 3, "Heap Fetches": 0, "Workers": []}, {"Node Type": "Hash", "Parent Relationship": "Inner", "Parallel Aware": false, "Async Capable": false, "Startup Cost": 282.81, "Total Cost": 282.81, "Plan Rows": 11102, "Plan Width": 4, "Actual Rows": 11102, "Actual Loops": 3, "Hash Buckets": 16384, "Original Hash Buckets": 16384, "Hash Batches": 1, "Original Hash Batches": 1, "Peak Memory Usage": 519, "Workers": [], "Plans": [{"Node Type": "Index Only Scan", "Parent Relationship": "Outer", "Parallel Aware": false, "Async Capable": false, "Scan Direction": "Forward", "Index Name": "idx_postlinks_postid", "Relation Name": "postlinks", "Alias": "pl", "Startup Cost": 0.29, "Total Cost": 282.81, "Plan Rows": 11102, "Plan Width": 4, "Actual Rows": 11102, "Actual Loops": 3, "Heap Fetches": 0, "Workers": []}]}]}, {"Node Type": "Index Scan", "Parent Relationship": "Inner", "Parallel Aware": false, "Async Capable": false, "Scan Direction": "Forward", "Index Name": "idx_posthistory_postid", "Relation Name": "posthistory", "Alias": "ph", "Startup Cost": 0.42, "Total Cost": 0.58, "Plan Rows": 3, "Plan Width": 4, "Actual Rows": 6, "Actual Loops": 35295, "Index Cond": "(postid = c.postid)", "Rows Removed by Index Recheck": 0, "Filter": "((creationdate >= '2011-05-07 21:47:19'::timestamp without time zone) AND (creationdate <= '2014-09-10 13:19:54'::timestamp without time zone))", "Rows Removed by Filter": 0, "Workers": []}]}, {"Node Type": "Memoize", "Parent Relationship": "Inner", "Parallel Aware": false, "Async Capable": false, "Startup Cost": 0.43, "Total Cost": 0.71, "Plan Rows": 5, "Plan Width": 4, "Actual Rows": 8, "Actual Loops": 206322, "Cache Key": "pl.postid", "Cache Mode": "logical", "Cache Hits": 73532, "Cache Misses": 2038, "Cache Evictions": 0, "Cache Overflows": 0, "Peak Memory Usage": 601, "Workers": [{"Worker Number": 0, "Cache Hits": 63061, "Cache Misses": 1706, "Cache Evictions": 0, "Cache Overflows": 0, "Peak Memory Usage": 422}, {"Worker Number": 1, "Cache Hits": 64123, "Cache Misses": 1862, "Cache Evictions": 0, "Cache Overflows": 0, "Peak Memory Usage": 437}], "Plans": [{"Node Type": "Index Only Scan", "Parent Relationship": "Outer", "Parallel Aware": false, "Async Capable": false, "Scan Direction": "Forward", "Index Name": "idx_votes_postid", "Relation Name": "votes", "Alias": "v", "Startup Cost": 0.42, "Total Cost": 0.7, "Plan Rows": 5, "Plan Width": 4, "Actual Rows": 6, "Actual Loops": 5606, "Index Cond": "(postid = pl.postid)", "Rows Removed by Index Recheck": 0, "Heap Fetches": 0, "Workers": []}]}]}]}]}]}, "Planning Time": 5.256, "Triggers": [], "Execution Time": 118.277}, {"Plan": {"Node Type": "Aggregate", "Strategy": "Plain", "Partial Mode": "Finalize", "Parallel Aware": false, "Async Capable": false, "Startup Cost": 26265.4, "Total Cost": 26265.41, "Plan Rows": 1, "Plan Width": 8, "Actual Rows": 1, "Actual Loops": 1, "Plans": [{"Node Type": "Gather", "Parent Relationship": "Outer", "Parallel Aware": false, "Async Capable": false, "Startup Cost": 26265.29, "Total Cost": 26265.4, "Plan Rows": 1, "Plan Width": 8, "Actual Rows": 2, "Actual Loops": 1, "Workers Planned": 1, "Workers Launched": 1, "Single Copy": false, "Plans": [{"Node Type": "Aggregate", "Strategy": "Plain", "Partial Mode": "Partial", "Parent Relationship": "Outer", "Parallel Aware": false, "Async Capable": false, "Startup Cost": 25265.29, "Total Cost": 25265.3, "Plan Rows": 1, "Plan Width": 8, "Actual Rows": 1, "Actual Loops": 2, "Workers": [], "Plans": [{"Node Type": "Nested Loop", "Parent Relationship": "Outer", "Parallel Aware": false, "Async Capable": false, "Join Type": "Inner", "Startup Cost": 7273.86, "Total Cost": 24167.55, "Plan Rows": 439095, "Plan Width": 0, "Actual Rows": 816840, "Actual Loops": 2, "Inner Unique": false, "Workers": [], "Plans": [{"Node Type": "Hash Join", "Parent Relationship": "Outer", "Parallel Aware": true, "Async Capable": false, "Join Type": "Inner", "Startup Cost": 7273.42, "Total Cost": 12997.12, "Plan Rows": 78192, "Plan Width": 12, "Actual Rows": 103161, "Actual Loops": 2, "Inner Unique": false, "Hash Cond": "(pl.postid = ph.postid)", "Workers": [], "Plans": [{"Node Type": "Hash Join", "Parent Relationship": "Outer", "Parallel Aware": false, "Async Capable": false, "Join Type": "Inner", "Startup Cost": 331.79, "Total Cost": 4845.76, "Plan Rows": 22216, "Plan Width": 8, "Actual Rows": 17648, "Actual Loops": 2, "Inner Unique": false, "Hash Cond": "(c.postid = pl.postid)", "Workers": [], "Plans": [{"Node Type": "Seq Scan", "Parent Relationship": "Outer", "Parallel Aware": true, "Async Capable": false, "Relation Name": "comments", "Alias": "c", "Startup Cost": 0.0, "Total Cost": 2369.32, "Plan Rows": 102532, "Plan Width": 4, "Actual Rows": 87152, "Actual Loops": 2, "Workers": []}, {"Node Type": "Hash", "Parent Relationship": "Inner", "Parallel Aware": false, "Async Capable": false, "Startup Cost": 193.02, "Total Cost": 193.02, "Plan Rows": 11102, "Plan Width": 4, "Actual Rows": 11102, "Actual Loops": 2, "Hash Buckets": 16384, "Original Hash Buckets": 16384, "Hash Batches": 1, "Original Hash Batches": 1, "Peak Memory Usage": 519, "Workers": [], "Plans": [{"Node Type": "Seq Scan", "Parent Relationship": "Outer", "Parallel Aware": false, "Async Capable": false, "Relation Name": "postlinks", "Alias": "pl", "Startup Cost": 0.0, "Total Cost": 193.02, "Plan Rows": 11102, "Plan Width": 4, "Actual Rows": 11102, "Actual Loops": 2, "Workers": []}]}]}, {"Node Type": "Hash", "Parent Relationship": "Inner", "Parallel Aware": true, "Async Capable": false, "Startup Cost": 4915.18, "Total Cost": 4915.18, "Plan Rows": 162116, "Plan Width": 4, "Actual Rows": 137746, "Actual Loops": 2, "Hash Buckets": 524288, "Original Hash Buckets": 524288, "Hash Batches": 1, "Original Hash Batches": 1, "Peak Memory Usage": 14912, "Workers": [], "Plans": [{"Node Type": "Seq Scan", "Parent Relationship": "Outer", "Parallel Aware": true, "Async Capable": false, "Relation Name": "posthistory", "Alias": "ph", "Startup Cost": 0.0, "Total Cost": 4915.18, "Plan Rows": 162116, "Plan Width": 4, "Actual Rows": 137746, "Actual Loops": 2, "Filter": "((creationdate >= '2011-05-07 21:47:19'::timestamp without time zone) AND (creationdate <= '2014-09-10 13:19:54'::timestamp without time zone))", "Rows Removed by Filter": 13847, "Workers": []}]}]}, {"Node Type": "Memoize", "Parent Relationship": "Inner", "Parallel Aware": false, "Async Capable": false, "Startup Cost": 0.43, "Total Cost": 0.71, "Plan Rows": 5, "Plan Width": 4, "Actual Rows": 8, "Actual Loops": 206322, "Cache Key": "pl.postid", "Cache Mode": "logical", "Cache Hits": 102155, "Cache Misses": 3832, "Cache Evictions": 0, "Cache Overflows": 0, "Peak Memory Usage": 1062, "Workers": [{"Worker Number": 0, "Cache Hits": 96740, "Cache Misses": 3595, "Cache Evictions": 0, "Cache Overflows": 0, "Peak Memory Usage": 1015}], "Plans": [{"Node Type": "Index Only Scan", "Parent Relationship": "Outer", "Parallel Aware": false, "Async Capable": false, "Scan Direction": "Forward", "Index Name": "idx_votes_postid", "Relation Name": "votes", "Alias": "v", "Startup Cost": 0.42, "Total Cost": 0.7, "Plan Rows": 5, "Plan Width": 4, "Actual Rows": 6, "Actual Loops": 7427, "Index Cond": "(postid = pl.postid)", "Rows Removed by Index Recheck": 0, "Heap Fetches": 0, "Workers": []}]}]}]}]}]}, "Planning Time": 9.095, "Triggers": [], "Execution Time": 225.373}, {"Plan": {"Node Type": "Aggregate", "Strategy": "Plain", "Partial Mode": "Finalize", "Parallel Aware": false, "Async Capable": false, "Startup Cost": 29953.96, "Total Cost": 29953.97, "Plan Rows": 1, "Plan Width": 8, "Actual Rows": 1, "Actual Loops": 1, "Plans": [{"Node Type": "Gather", "Parent Relationship": "Outer", "Parallel Aware": false, "Async Capable": false, "Startup Cost": 29953.85, "Total Cost": 29953.96, "Plan Rows": 1, "Plan Width": 8, "Actual Rows": 2, "Actual Loops": 1, "Workers Planned": 1, "Workers Launched": 1, "Single Copy": false, "Plans": [{"Node Type": "Aggregate", "Strategy": "Plain", "Partial Mode": "Partial", "Parent Relationship": "Outer", "Parallel Aware": false, "Async Capable": false, "Startup Cost": 28953.85, "Total Cost": 28953.86, "Plan Rows": 1, "Plan Width": 8, "Actual Rows": 1, "Actual Loops": 2, "Workers": [], "Plans": [{"Node Type": "Hash Join", "Parent Relationship": "Outer", "Parallel Aware": true, "Async Capable": false, "Join Type": "Inner", "Startup Cost": 10924.4, "Total Cost": 27856.11, "Plan Rows": 439095, "Plan Width": 0, "Actual Rows": 816840, "Actual Loops": 2, "Inner Unique": false, "Hash Cond": "(pl.postid = ph.postid)", "Workers": [], "Plans": [{"Node Type": "Hash Join", "Parent Relationship": "Outer", "Parallel Aware": true, "Async Capable": false, "Join Type": "Inner", "Startup Cost": 3982.77, "Total Cost": 14120.98, "Plan Rows": 124759, "Plan Width": 12, "Actual Rows": 141420, "Actual Loops": 2, "Inner Unique": false, "Hash Cond": "(pl.postid = c.postid)", "Workers": [], "Plans": [{"Node Type": "Hash Join", "Parent Relationship": "Outer", "Parallel Aware": false, "Async Capable": false, "Join Type": "Inner", "Startup Cost": 331.79, "Total Cost": 8406.67, "Plan Rows": 36674, "Plan Width": 8, "Actual Rows": 34850, "Actual Loops": 2, "Inner Unique": false, "Hash Cond": "(v.postid = pl.postid)", "Workers": [], "Plans": [{"Node Type": "Seq Scan", "Parent Relationship": "Outer", "Parallel Aware": true, "Async Capable": false, "Relation Name": "votes", "Alias": "v", "Startup Cost": 0.0, "Total Cost": 4089.79, "Plan Rows": 192979, "Plan Width": 4, "Actual Rows": 164032, "Actual Loops": 2, "Workers": []}, {"Node Type": "Hash", "Parent Relationship": "Inner", "Parallel Aware": false, "Async Capable": false, "Startup Cost": 193.02, "Total Cost": 193.02, "Plan Rows": 11102, "Plan Width": 4, "Actual Rows": 11102, "Actual Loops": 2, "Hash Buckets": 16384, "Original Hash Buckets": 16384, "Hash Batches": 1, "Original Hash Batches": 1, "Peak Memory Usage": 519, "Workers": [], "Plans": [{"Node Type": "Seq Scan", "Parent Relationship": "Outer", "Parallel Aware": false, "Async Capable": false, "Relation Name": "postlinks", "Alias": "pl", "Startup Cost": 0.0, "Total Cost": 193.02, "Plan Rows": 11102, "Plan Width": 4, "Actual Rows": 11102, "Actual Loops": 2, "Workers": []}]}]}, {"Node Type": "Hash", "Parent Relationship": "Inner", "Parallel Aware": true, "Async Capable": false, "Startup Cost": 2369.32, "Total Cost": 2369.32, "Plan Rows": 102532, "Plan Width": 4, "Actual Rows": 87152, "Actual Loops": 2, "Hash Buckets": 262144, "Original Hash Buckets": 262144, "Hash Batches": 1, "Original Hash Batches": 1, "Peak Memory Usage": 8896, "Workers": [], "Plans": [{"Node Type": "Seq Scan", "Parent Relationship": "Outer", "Parallel Aware": true, "Async Capable": false, "Relation Name": "comments", "Alias": "c", "Startup Cost": 0.0, "Total Cost": 2369.32, "Plan Rows": 102532, "Plan Width": 4, "Actual Rows": 87152, "Actual Loops": 2, "Workers": []}]}]}, {"Node Type": "Hash", "Parent Relationship": "Inner", "Parallel Aware": true, "Async Capable": false, "Startup Cost": 4915.18, "Total Cost": 4915.18, "Plan Rows": 162116, "Plan Width": 4, "Actual Rows": 137746, "Actual Loops": 2, "Hash Buckets": 524288, "Original Hash Buckets": 524288, "Hash Batches": 1, "Original Hash Batches": 1, "Peak Memory Usage": 14912, "Workers": [], "Plans": [{"Node Type": "Seq Scan", "Parent Relationship": "Outer", "Parallel Aware": true, "Async Capable": false, "Relation Name": "posthistory", "Alias": "ph", "Startup Cost": 0.0, "Total Cost": 4915.18, "Plan Rows": 162116, "Plan Width": 4, "Actual Rows": 137746, "Actual Loops": 2, "Filter": "((creationdate >= '2011-05-07 21:47:19'::timestamp without time zone) AND (creationdate <= '2014-09-10 13:19:54'::timestamp without time zone))", "Rows Removed by Filter": 13847, "Workers": []}]}]}]}]}]}, "Planning Time": 5.216, "Triggers": [], "Execution Time": 300.173}, {"Plan": {"Node Type": "Aggregate", "Strategy": "Plain", "Partial Mode": "Simple", "Parallel Aware": false, "Async Capable": false, "Startup Cost": 40000038065.53, "Total Cost": 40000038065.54, "Plan Rows": 1, "Plan Width": 8, "Actual Rows": 1, "Actual Loops": 1, "Plans": [{"Node Type": "Merge Join", "Parent Relationship": "Outer", "Parallel Aware": false, "Async Capable": false, "Join Type": "Inner", "Startup Cost": 40000000007.22, "Total Cost": 40000036199.37, "Plan Rows": 746462, "Plan Width": 0, "Actual Rows": 1633681, "Actual Loops": 1, "Inner Unique": false, "Merge Cond": "(pl.postid = v.postid)", "Plans": [{"Node Type": "Merge Join", "Parent Relationship": "Outer", "Parallel Aware": false, "Async Capable": false, "Join Type": "Inner", "Startup Cost": 30000000001.58, "Total Cost": 30000017712.92, "Plan Rows": 132926, "Plan Width": 12, "Actual Rows": 206322, "Actual Loops": 1, "Inner Unique": false, "Merge Cond": "(pl.postid = ph.postid)", "Plans": [{"Node Type": "Merge Join", "Parent Relationship": "Outer", "Parallel Aware": false, "Async Capable": false, "Join Type": "Inner", "Startup Cost": 20000000000.83, "Total Cost": 20000005012.76, "Plan Rows": 37768, "Plan Width": 8, "Actual Rows": 35221, "Actual Loops": 1, "Inner Unique": false, "Merge Cond": "(pl.postid = c.postid)", "Plans": [{"Node Type": "Index Only Scan", "Parent Relationship": "Outer", "Parallel Aware": false, "Async Capable": false, "Scan Direction": "Forward", "Index Name": "idx_postlinks_postid", "Relation Name": "postlinks", "Alias": "pl", "Startup Cost": 10000000000.28, "Total Cost": 10000000282.82, "Plan Rows": 11102, "Plan Width": 4, "Actual Rows": 11073, "Actual Loops": 1, "Heap Fetches": 0}, {"Node Type": "Index Only Scan", "Parent Relationship": "Inner", "Parallel Aware": false, "Async Capable": false, "Scan Direction": "Forward", "Index Name": "idx_comments_postid", "Relation Name": "comments", "Alias": "c", "Startup Cost": 10000000000.42, "Total Cost": 10000003889.15, "Plan Rows": 174305, "Plan Width": 4, "Actual Rows": 186086, "Actual Loops": 1, "Heap Fetches": 0}]}, {"Node Type": "Index Scan", "Parent Relationship": "Inner", "Parallel Aware": false, "Async Capable": false, "Scan Direction": "Forward", "Index Name": "idx_posthistory_postid", "Relation Name": "posthistory", "Alias": "ph", "Startup Cost": 10000000000.42, "Total Cost": 10000010589.44, "Plan Rows": 275598, "Plan Width": 4, "Actual Rows": 450313, "Actual Loops": 1, "Filter": "((creationdate >= '2011-05-07 21:47:19'::timestamp without time zone) AND (creationdate <= '2014-09-10 13:19:54'::timestamp without time zone))", "Rows Removed by Filter": 36305}]}, {"Node Type": "Materialize", "Parent Relationship": "Inner", "Parallel Aware": false, "Async Capable": false, "Startup Cost": 10000000000.42, "Total Cost": 10000007777.84, "Plan Rows": 328064, "Plan Width": 4, "Actual Rows": 1930376, "Actual Loops": 1, "Plans": [{"Node Type": "Index Only Scan", "Parent Relationship": "Outer", "Parallel Aware": false, "Async Capable": false, "Scan Direction": "Forward", "Index Name": "idx_votes_postid", "Relation Name": "votes", "Alias": "v", "Startup Cost": 10000000000.42, "Total Cost": 10000006957.68, "Plan Rows": 328064, "Plan Width": 4, "Actual Rows": 327601, "Actual Loops": 1, "Heap Fetches": 0}]}]}]}, "Planning Time": 4.809, "Triggers": [], "Execution Time": 428.227}, {"Plan": {"Node Type": "Aggregate", "Strategy": "Plain", "Partial Mode": "Simple", "Parallel Aware": false, "Async Capable": false, "Startup Cost": 10000120995.39, "Total Cost": 10000120995.4, "Plan Rows": 1, "Plan Width": 8, "Actual Rows": 1, "Actual Loops": 1, "Plans": [{"Node Type": "Nested Loop", "Parent Relationship": "Outer", "Parallel Aware": false, "Async Capable": false, "Join Type": "Inner", "Startup Cost": 10000000002.14, "Total Cost": 10000119129.23, "Plan Rows": 746462, "Plan Width": 0, "Actual Rows": 1633681, "Actual Loops": 1, "Inner Unique": false, "Plans": [{"Node Type": "Nested Loop", "Parent Relationship": "Outer", "Parallel Aware": false, "Async Capable": false, "Join Type": "Inner", "Startup Cost": 10000000001.49, "Total Cost": 10000073411.58, "Plan Rows": 132926, "Plan Width": 12, "Actual Rows": 206322, "Actual Loops": 1, "Inner Unique": false, "Plans": [{"Node Type": "Nested Loop", "Parent Relationship": "Outer", "Parallel Aware": false, "Async Capable": false, "Join Type": "Inner", "Startup Cost": 10000000000.85, "Total Cost": 10000035730.14, "Plan Rows": 37768, "Plan Width": 8, "Actual Rows": 35295, "Actual Loops": 1, "Inner Unique": false, "Plans": [{"Node Type": "Index Only Scan", "Parent Relationship": "Outer", "Parallel Aware": false, "Async Capable": false, "Scan Direction": "Forward", "Index Name": "idx_postlinks_postid", "Relation Name": "postlinks", "Alias": "pl", "Startup Cost": 10000000000.28, "Total Cost": 10000000282.82, "Plan Rows": 11102, "Plan Width": 4, "Actual Rows": 11102, "Actual Loops": 1, "Heap Fetches": 0}, {"Node Type": "Memoize", "Parent Relationship": "Inner", "Parallel Aware": false, "Async Capable": false, "Startup Cost": 0.56, "Total Cost": 4.6, "Plan Rows": 3, "Plan Width": 4, "Actual Rows": 3, "Actual Loops": 11102, "Cache Key": "pl.postid", "Cache Mode": "logical", "Cache Hits": 3498, "Cache Misses": 7604, "Cache Evictions": 0, "Cache Overflows": 0, "Peak Memory Usage": 1315, "Plans": [{"Node Type": "Bitmap Heap Scan", "Parent Relationship": "Outer", "Parallel Aware": false, "Async Capable": false, "Relation Name": "comments", "Alias": "c", "Startup Cost": 0.55, "Total Cost": 4.59, "Plan Rows": 3, "Plan Width": 4, "Actual Rows": 3, "Actual Loops": 7604, "Recheck Cond": "(postid = pl.postid)", "Rows Removed by Index Recheck": 0, "Exact Heap Blocks": 9539, "Lossy Heap Blocks": 0, "Plans": [{"Node Type": "Bitmap Index Scan", "Parent Relationship": "Outer", "Parallel Aware": false, "Async Capable": false, "Index Name": "idx_comments_postid", "Startup Cost": 0.0, "Total Cost": 0.55, "Plan Rows": 3, "Plan Width": 0, "Actual Rows": 3, "Actual Loops": 7604, "Index Cond": "(postid = pl.postid)"}]}]}]}, {"Node Type": "Memoize", "Parent Relationship": "Inner", "Parallel Aware": false, "Async Capable": false, "Startup Cost": 0.65, "Total Cost": 4.72, "Plan Rows": 3, "Plan Width": 4, "Actual Rows": 6, "Actual Loops": 35295, "Cache Key": "pl.postid", "Cache Mode": "logical", "Cache Hits": 29347, "Cache Misses": 5948, "Cache Evictions": 0, "Cache Overflows": 0, "Peak Memory Usage": 1503, "Plans": [{"Node Type": "Bitmap Heap Scan", "Parent Relationship": "Outer", "Parallel Aware": false, "Async Capable": false, "Relation Name": "posthistory", "Alias": "ph", "Startup Cost": 0.64, "Total Cost": 4.71, "Plan Rows": 3, "Plan Width": 4, "Actual Rows": 5, "Actual Loops": 5948, "Recheck Cond": "(pl.postid = postid)", "Rows Removed by Index Recheck": 0, "Filter": "((creationdate >= '2011-05-07 21:47:19'::timestamp without time zone) AND (creationdate <= '2014-09-10 13:19:54'::timestamp without time zone))", "Rows Removed by Filter": 0, "Exact Heap Blocks": 10569, "Lossy Heap Blocks": 0, "Plans": [{"Node Type": "Bitmap Index Scan", "Parent Relationship": "Outer", "Parallel Aware": false, "Async Capable": false, "Index Name": "idx_posthistory_postid", "Startup Cost": 0.0, "Total Cost": 0.64, "Plan Rows": 4, "Plan Width": 0, "Actual Rows": 6, "Actual Loops": 5948, "Index Cond": "(postid = pl.postid)"}]}]}]}, {"Node Type": "Memoize", "Parent Relationship": "Inner", "Parallel Aware": false, "Async Capable": false, "Startup Cost": 0.65, "Total Cost": 4.71, "Plan Rows": 5, "Plan Width": 4, "Actual Rows": 8, "Actual Loops": 206322, "Cache Key": "pl.postid", "Cache Mode": "logical", "Cache Hits": 200716, "Cache Misses": 5606, "Cache Evictions": 0, "Cache Overflows": 0, "Peak Memory Usage": 1459, "Plans": [{"Node Type": "Bitmap Heap Scan", "Parent Relationship": "Outer", "Parallel Aware": false, "Async Capable": false, "Relation Name": "votes", "Alias": "v", "Startup Cost": 0.64, "Total Cost": 4.7, "Plan Rows": 5, "Plan Width": 4, "Actual Rows": 6, "Actual Loops": 5606, "Recheck Cond": "(pl.postid = postid)", "Rows Removed by Index Recheck": 0, "Exact Heap Blocks": 19233, "Lossy Heap Blocks": 0, "Plans": [{"Node Type": "Bitmap Index Scan", "Parent Relationship": "Outer", "Parallel Aware": false, "Async Capable": false, "Index Name": "idx_votes_postid", "Startup Cost": 0.0, "Total Cost": 0.64, "Plan Rows": 5, "Plan Width": 0, "Actual Rows": 6, "Actual Loops": 5606, "Index Cond": "(postid = pl.postid)"}]}]}]}]}, "Planning Time": 4.63, "Triggers": [], "Execution Time": 370.62}, {"Plan": {"Node Type": "Aggregate", "Strategy": "Plain", "Partial Mode": "Finalize", "Parallel Aware": false, "Async Capable": false, "Startup Cost": 42825.68, "Total Cost": 42825.69, "Plan Rows": 1, "Plan Width": 8, "Actual Rows": 1, "Actual Loops": 1, "Plans": [{"Node Type": "Gather", "Parent Relationship": "Outer", "Parallel Aware": false, "Async Capable": false, "Startup Cost": 42825.57, "Total Cost": 42825.68, "Plan Rows": 1, "Plan Width": 8, "Actual Rows": 2, "Actual Loops": 1, "Workers Planned": 1, "Workers Launched": 1, "Single Copy": false, "Plans": [{"Node Type": "Aggregate", "Strategy": "Plain", "Partial Mode": "Partial", "Parent Relationship": "Outer", "Parallel Aware": false, "Async Capable": false, "Startup Cost": 41825.57, "Total Cost": 41825.58, "Plan Rows": 1, "Plan Width": 8, "Actual Rows": 1, "Actual Loops": 2, "Workers": [], "Plans": [{"Node Type": "Hash Join", "Parent Relationship": "Outer", "Parallel Aware": true, "Async Capable": false, "Join Type": "Inner", "Startup Cost": 17262.92, "Total Cost": 40727.83, "Plan Rows": 439095, "Plan Width": 0, "Actual Rows": 816840, "Actual Loops": 2, "Inner Unique": false, "Hash Cond": "(pl.postid = ph.postid)", "Workers": [], "Plans": [{"Node Type": "Hash Join", "Parent Relationship": "Outer", "Parallel Aware": true, "Async Capable": false, "Join Type": "Inner", "Startup Cost": 6519.65, "Total Cost": 23191.06, "Plan Rows": 124759, "Plan Width": 12, "Actual Rows": 141420, "Actual Loops": 2, "Inner Unique": false, "Hash Cond": "(pl.postid = c.postid)", "Workers": [], "Plans": [{"Node Type": "Hash Join", "Parent Relationship": "Outer", "Parallel Aware": false, "Async Capable": false, "Join Type": "Inner", "Startup Cost": 534.49, "Total Cost": 15142.56, "Plan Rows": 36674, "Plan Width": 8, "Actual Rows": 34850, "Actual Loops": 2, "Inner Unique": false, "Hash Cond": "(v.postid = pl.postid)", "Workers": [], "Plans": [{"Node Type": "Index Scan", "Parent Relationship": "Outer", "Parallel Aware": true, "Async Capable": false, "Scan Direction": "Forward", "Index Name": "idx_votes_postid", "Relation Name": "votes", "Alias": "v", "Startup Cost": 0.42, "Total Cost": 10623.41, "Plan Rows": 192979, "Plan Width": 4, "Actual Rows": 164032, "Actual Loops": 2, "Workers": []}, {"Node Type": "Hash", "Parent Relationship": "Inner", "Parallel Aware": false, "Async Capable": false, "Startup Cost": 395.29, "Total Cost": 395.29, "Plan Rows": 11102, "Plan Width": 4, "Actual Rows": 11102, "Actual Loops": 2, "Hash Buckets": 16384, "Original Hash Buckets": 16384, "Hash Batches": 1, "Original Hash Batches": 1, "Peak Memory Usage": 519, "Workers": [], "Plans": [{"Node Type": "Index Scan", "Parent Relationship": "Outer", "Parallel Aware": false, "Async Capable": false, "Scan Direction": "Forward", "Index Name": "idx_postlinks_postid", "Relation Name": "postlinks", "Alias": "pl", "Startup Cost": 0.29, "Total Cost": 395.29, "Plan Rows": 11102, "Plan Width": 4, "Actual Rows": 11102, "Actual Loops": 2, "Workers": []}]}]}, {"Node Type": "Hash", "Parent Relationship": "Inner", "Parallel Aware": true, "Async Capable": false, "Startup Cost": 4703.51, "Total Cost": 4703.51, "Plan Rows": 102532, "Plan Width": 4, "Actual Rows": 87152, "Actual Loops": 2, "Hash Buckets": 262144, "Original Hash Buckets": 262144, "Hash Batches": 1, "Original Hash Batches": 1, "Peak Memory Usage": 8896, "Workers": [], "Plans": [{"Node Type": "Index Scan", "Parent Relationship": "Outer", "Parallel Aware": true, "Async Capable": false, "Scan Direction": "Forward", "Index Name": "idx_comments_postid", "Relation Name": "comments", "Alias": "c", "Startup Cost": 0.42, "Total Cost": 4703.51, "Plan Rows": 102532, "Plan Width": 4, "Actual Rows": 87152, "Actual Loops": 2, "Workers": []}]}]}, {"Node Type": "Hash", "Parent Relationship": "Inner", "Parallel Aware": true, "Async Capable": false, "Startup Cost": 8716.82, "Total Cost": 8716.82, "Plan Rows": 162116, "Plan Width": 4, "Actual Rows": 137746, "Actual Loops": 2, "Hash Buckets": 524288, "Original Hash Buckets": 524288, "Hash Batches": 1, "Original Hash Batches": 1, "Peak Memory Usage": 14912, "Workers": [], "Plans": [{"Node Type": "Index Scan", "Parent Relationship": "Outer", "Parallel Aware": true, "Async Capable": false, "Scan Direction": "Forward", "Index Name": "idx_posthistory_postid", "Relation Name": "posthistory", "Alias": "ph", "Startup Cost": 0.42, "Total Cost": 8716.82, "Plan Rows": 162116, "Plan Width": 4, "Actual Rows": 137746, "Actual Loops": 2, "Filter": "((creationdate >= '2011-05-07 21:47:19'::timestamp without time zone) AND (creationdate <= '2014-09-10 13:19:54'::timestamp without time zone))", "Rows Removed by Filter": 13847, "Workers": []}]}]}]}]}]}, "Planning Time": 5.254, "Triggers": [], "Execution Time": 564.743}, {"Plan": {"Node Type": "Aggregate", "Strategy": "Plain", "Partial Mode": "Finalize", "Parallel Aware": false, "Async Capable": false, "Startup Cost": 37409.76, "Total Cost": 37409.77, "Plan Rows": 1, "Plan Width": 8, "Actual Rows": 1, "Actual Loops": 1, "Plans": [{"Node Type": "Gather", "Parent Relationship": "Outer", "Parallel Aware": false, "Async Capable": false, "Startup Cost": 37409.65, "Total Cost": 37409.76, "Plan Rows": 1, "Plan Width": 8, "Actual Rows": 2, "Actual Loops": 1, "Workers Planned": 1, "Workers Launched": 1, "Single Copy": false, "Plans": [{"Node Type": "Aggregate", "Strategy": "Plain", "Partial Mode": "Partial", "Parent Relationship": "Outer", "Parallel Aware": false, "Async Capable": false, "Startup Cost": 36409.65, "Total Cost": 36409.66, "Plan Rows": 1, "Plan Width": 8, "Actual Rows": 1, "Actual Loops": 2, "Workers": [], "Plans": [{"Node Type": "Merge Join", "Parent Relationship": "Outer", "Parallel Aware": false, "Async Capable": false, "Join Type": "Inner", "Startup Cost": 9.73, "Total Cost": 35311.91, "Plan Rows": 439095, "Plan Width": 0, "Actual Rows": 816840, "Actual Loops": 2, "Inner Unique": false, "Merge Cond": "(pl.postid = v.postid)", "Workers": [], "Plans": [{"Node Type": "Merge Join", "Parent Relationship": "Outer", "Parallel Aware": false, "Async Capable": false, "Join Type": "Inner", "Startup Cost": 1.58, "Total Cost": 16556.47, "Plan Rows": 78192, "Plan Width": 12, "Actual Rows": 103161, "Actual Loops": 2, "Inner Unique": false, "Merge Cond": "(pl.postid = c.postid)", "Workers": [], "Plans": [{"Node Type": "Merge Join", "Parent Relationship": "Outer", "Parallel Aware": false, "Async Capable": false, "Join Type": "Inner", "Startup Cost": 0.99, "Total Cost": 9860.6, "Plan Rows": 22985, "Plan Width": 8, "Actual Rows": 29673, "Actual Loops": 2, "Inner Unique": false, "Merge Cond": "(ph.postid = pl.postid)", "Workers": [], "Plans": [{"Node Type": "Index Scan", "Parent Relationship": "Outer", "Parallel Aware": true, "Async Capable": false, "Scan Direction": "Forward", "Index Name": "idx_posthistory_postid", "Relation Name": "posthistory", "Alias": "ph", "Startup Cost": 0.42, "Total Cost": 8716.82, "Plan Rows": 162116, "Plan Width": 4, "Actual Rows": 137746, "Actual Loops": 2, "Filter": "((creationdate >= '2011-05-07 21:47:19'::timestamp without time zone) AND (creationdate <= '2014-09-10 13:19:54'::timestamp without time zone))", "Rows Removed by Filter": 13847, "Workers": []}, {"Node Type": "Materialize", "Parent Relationship": "Inner", "Parallel Aware": false, "Async Capable": false, "Startup Cost": 0.29, "Total Cost": 423.05, "Plan Rows": 11102, "Plan Width": 4, "Actual Rows": 35476, "Actual Loops": 2, "Workers": [], "Plans": [{"Node Type": "Index Scan", "Parent Relationship": "Outer", "Parallel Aware": false, "Async Capable": false, "Scan Direction": "Forward", "Index Name": "idx_postlinks_postid", "Relation Name": "postlinks", "Alias": "pl", "Startup Cost": 0.29, "Total Cost": 395.29, "Plan Rows": 11102, "Plan Width": 4, "Actual Rows": 11067, "Actual Loops": 2, "Workers": []}]}]}, {"Node Type": "Index Scan", "Parent Relationship": "Inner", "Parallel Aware": false, "Async Capable": false, "Scan Direction": "Forward", "Index Name": "idx_comments_postid", "Relation Name": "comments", "Alias": "c", "Startup Cost": 0.42, "Total Cost": 5421.24, "Plan Rows": 174305, "Plan Width": 4, "Actual Rows": 266003, "Actual Loops": 2, "Workers": []}]}, {"Node Type": "Materialize", "Parent Relationship": "Inner", "Parallel Aware": false, "Async Capable": false, "Startup Cost": 0.42, "Total Cost": 12794.42, "Plan Rows": 328064, "Plan Width": 4, "Actual Rows": 1128954, "Actual Loops": 2, "Workers": [], "Plans": [{"Node Type": "Index Scan", "Parent Relationship": "Outer", "Parallel Aware": false, "Async Capable": false, "Scan Direction": "Forward", "Index Name": "idx_votes_postid", "Relation Name": "votes", "Alias": "v", "Startup Cost": 0.42, "Total Cost": 11974.26, "Plan Rows": 328064, "Plan Width": 4, "Actual Rows": 327567, "Actual Loops": 2, "Workers": []}]}]}]}]}]}, "Planning Time": 9.777, "Triggers": [], "Execution Time": 708.112}, {"Plan": {"Node Type": "Aggregate", "Strategy": "Plain", "Partial Mode": "Finalize", "Parallel Aware": false, "Async Capable": false, "Startup Cost": 35660.97, "Total Cost": 35660.98, "Plan Rows": 1, "Plan Width": 8, "Actual Rows": 1, "Actual Loops": 1, "Plans": [{"Node Type": "Gather", "Parent Relationship": "Outer", "Parallel Aware": false, "Async Capable": false, "Startup Cost": 35660.86, "Total Cost": 35660.97, "Plan Rows": 1, "Plan Width": 8, "Actual Rows": 2, "Actual Loops": 1, "Workers Planned": 1, "Workers Launched": 1, "Single Copy": false, "Plans": [{"Node Type": "Aggregate", "Strategy": "Plain", "Partial Mode": "Partial", "Parent Relationship": "Outer", "Parallel Aware": false, "Async Capable": false, "Startup Cost": 34660.86, "Total Cost": 34660.87, "Plan Rows": 1, "Plan Width": 8, "Actual Rows": 1, "Actual Loops": 2, "Workers": [], "Plans": [{"Node Type": "Nested Loop", "Parent Relationship": "Outer", "Parallel Aware": false, "Async Capable": false, "Join Type": "Inner", "Startup Cost": 2.01, "Total Cost": 33563.12, "Plan Rows": 439095, "Plan Width": 0, "Actual Rows": 816840, "Actual Loops": 2, "Inner Unique": false, "Workers": [], "Plans": [{"Node Type": "Merge Join", "Parent Relationship": "Outer", "Parallel Aware": false, "Async Capable": false, "Join Type": "Inner", "Startup Cost": 1.58, "Total Cost": 16556.47, "Plan Rows": 78192, "Plan Width": 12, "Actual Rows": 103161, "Actual Loops": 2, "Inner Unique": false, "Merge Cond": "(pl.postid = c.postid)", "Workers": [], "Plans": [{"Node Type": "Merge Join", "Parent Relationship": "Outer", "Parallel Aware": false, "Async Capable": false, "Join Type": "Inner", "Startup Cost": 0.99, "Total Cost": 9860.6, "Plan Rows": 22985, "Plan Width": 8, "Actual Rows": 29673, "Actual Loops": 2, "Inner Unique": false, "Merge Cond": "(ph.postid = pl.postid)", "Workers": [], "Plans": [{"Node Type": "Index Scan", "Parent Relationship": "Outer", "Parallel Aware": true, "Async Capable": false, "Scan Direction": "Forward", "Index Name": "idx_posthistory_postid", "Relation Name": "posthistory", "Alias": "ph", "Startup Cost": 0.42, "Total Cost": 8716.82, "Plan Rows": 162116, "Plan Width": 4, "Actual Rows": 137746, "Actual Loops": 2, "Filter": "((creationdate >= '2011-05-07 21:47:19'::timestamp without time zone) AND (creationdate <= '2014-09-10 13:19:54'::timestamp without time zone))", "Rows Removed by Filter": 13847, "Workers": []}, {"Node Type": "Materialize", "Parent Relationship": "Inner", "Parallel Aware": false, "Async Capable": false, "Startup Cost": 0.29, "Total Cost": 423.05, "Plan Rows": 11102, "Plan Width": 4, "Actual Rows": 35476, "Actual Loops": 2, "Workers": [], "Plans": [{"Node Type": "Index Scan", "Parent Relationship": "Outer", "Parallel Aware": false, "Async Capable": false, "Scan Direction": "Forward", "Index Name": "idx_postlinks_postid", "Relation Name": "postlinks", "Alias": "pl", "Startup Cost": 0.29, "Total Cost": 395.29, "Plan Rows": 11102, "Plan Width": 4, "Actual Rows": 11067, "Actual Loops": 2, "Workers": []}]}]}, {"Node Type": "Index Scan", "Parent Relationship": "Inner", "Parallel Aware": false, "Async Capable": false, "Scan Direction": "Forward", "Index Name": "idx_comments_postid", "Relation Name": "comments", "Alias": "c", "Startup Cost": 0.42, "Total Cost": 5421.24, "Plan Rows": 174305, "Plan Width": 4, "Actual Rows": 266003, "Actual Loops": 2, "Workers": []}]}, {"Node Type": "Memoize", "Parent Relationship": "Inner", "Parallel Aware": false, "Async Capable": false, "Startup Cost": 0.43, "Total Cost": 1.48, "Plan Rows": 5, "Plan Width": 4, "Actual Rows": 8, "Actual Loops": 206322, "Cache Key": "pl.postid", "Cache Mode": "logical", "Cache Hits": 110186, "Cache Misses": 3035, "Cache Evictions": 0, "Cache Overflows": 0, "Peak Memory Usage": 814, "Workers": [{"Worker Number": 0, "Cache Hits": 90530, "Cache Misses": 2571, "Cache Evictions": 0, "Cache Overflows": 0, "Peak Memory Usage": 646}], "Plans": [{"Node Type": "Index Scan", "Parent Relationship": "Outer", "Parallel Aware": false, "Async Capable": false, "Scan Direction": "Forward", "Index Name": "idx_votes_postid", "Relation Name": "votes", "Alias": "v", "Startup Cost": 0.42, "Total Cost": 1.47, "Plan Rows": 5, "Plan Width": 4, "Actual Rows": 6, "Actual Loops": 5606, "Index Cond": "(postid = pl.postid)", "Rows Removed by Index Recheck": 0, "Workers": []}]}]}]}]}]}, "Planning Time": 9.922, "Triggers": [], "Execution Time": 381.047}, {"Plan": {"Node Type": "Aggregate", "Strategy": "Plain", "Partial Mode": "Finalize", "Parallel Aware": false, "Async Capable": false, "Startup Cost": 38439.73, "Total Cost": 38439.74, "Plan Rows": 1, "Plan Width": 8, "Actual Rows": 1, "Actual Loops": 1, "Plans": [{"Node Type": "Gather", "Parent Relationship": "Outer", "Parallel Aware": false, "Async Capable": false, "Startup Cost": 38439.62, "Total Cost": 38439.73, "Plan Rows": 1, "Plan Width": 8, "Actual Rows": 2, "Actual Loops": 1, "Workers Planned": 1, "Workers Launched": 1, "Single Copy": false, "Plans": [{"Node Type": "Aggregate", "Strategy": "Plain", "Partial Mode": "Partial", "Parent Relationship": "Outer", "Parallel Aware": false, "Async Capable": false, "Startup Cost": 37439.62, "Total Cost": 37439.63, "Plan Rows": 1, "Plan Width": 8, "Actual Rows": 1, "Actual Loops": 2, "Workers": [], "Plans": [{"Node Type": "Nested Loop", "Parent Relationship": "Outer", "Parallel Aware": false, "Async Capable": false, "Join Type": "Inner", "Startup Cost": 11278.19, "Total Cost": 36341.88, "Plan Rows": 439095, "Plan Width": 0, "Actual Rows": 816840, "Actual Loops": 2, "Inner Unique": false, "Workers": [], "Plans": [{"Node Type": "Hash Join", "Parent Relationship": "Outer", "Parallel Aware": true, "Async Capable": false, "Join Type": "Inner", "Startup Cost": 11277.76, "Total Cost": 19335.22, "Plan Rows": 78192, "Plan Width": 12, "Actual Rows": 103161, "Actual Loops": 2, "Inner Unique": false, "Hash Cond": "(pl.postid = ph.postid)", "Workers": [], "Plans": [{"Node Type": "Hash Join", "Parent Relationship": "Outer", "Parallel Aware": false, "Async Capable": false, "Join Type": "Inner", "Startup Cost": 534.49, "Total Cost": 7382.23, "Plan Rows": 22216, "Plan Width": 8, "Actual Rows": 17648, "Actual Loops": 2, "Inner Unique": false, "Hash Cond": "(c.postid = pl.postid)", "Workers": [], "Plans": [{"Node Type": "Index Scan", "Parent Relationship": "Outer", "Parallel Aware": true, "Async Capable": false, "Scan Direction": "Forward", "Index Name": "idx_comments_postid", "Relation Name": "comments", "Alias": "c", "Startup Cost": 0.42, "Total Cost": 4703.51, "Plan Rows": 102532, "Plan Width": 4, "Actual Rows": 87152, "Actual Loops": 2, "Workers": []}, {"Node Type": "Hash", "Parent Relationship": "Inner", "Parallel Aware": false, "Async Capable": false, "Startup Cost": 395.29, "Total Cost": 395.29, "Plan Rows": 11102, "Plan Width": 4, "Actual Rows": 11102, "Actual Loops": 2, "Hash Buckets": 16384, "Original Hash Buckets": 16384, "Hash Batches": 1, "Original Hash Batches": 1, "Peak Memory Usage": 519, "Workers": [], "Plans": [{"Node Type": "Index Scan", "Parent Relationship": "Outer", "Parallel Aware": false, "Async Capable": false, "Scan Direction": "Forward", "Index Name": "idx_postlinks_postid", "Relation Name": "postlinks", "Alias": "pl", "Startup Cost": 0.29, "Total Cost": 395.29, "Plan Rows": 11102, "Plan Width": 4, "Actual Rows": 11102, "Actual Loops": 2, "Workers": []}]}]}, {"Node Type": "Hash", "Parent Relationship": "Inner", "Parallel Aware": true, "Async Capable": false, "Startup Cost": 8716.82, "Total Cost": 8716.82, "Plan Rows": 162116, "Plan Width": 4, "Actual Rows": 137746, "Actual Loops": 2, "Hash Buckets": 524288, "Original Hash Buckets": 524288, "Hash Batches": 1, "Original Hash Batches": 1, "Peak Memory Usage": 14880, "Workers": [], "Plans": [{"Node Type": "Index Scan", "Parent Relationship": "Outer", "Parallel Aware": true, "Async Capable": false, "Scan Direction": "Forward", "Index Name": "idx_posthistory_postid", "Relation Name": "posthistory", "Alias": "ph", "Startup Cost": 0.42, "Total Cost": 8716.82, "Plan Rows": 162116, "Plan Width": 4, "Actual Rows": 137746, "Actual Loops": 2, "Filter": "((creationdate >= '2011-05-07 21:47:19'::timestamp without time zone) AND (creationdate <= '2014-09-10 13:19:54'::timestamp without time zone))", "Rows Removed by Filter": 13847, "Workers": []}]}]}, {"Node Type": "Memoize", "Parent Relationship": "Inner", "Parallel Aware": false, "Async Capable": false, "Startup Cost": 0.43, "Total Cost": 1.48, "Plan Rows": 5, "Plan Width": 4, "Actual Rows": 8, "Actual Loops": 206322, "Cache Key": "pl.postid", "Cache Mode": "logical", "Cache Hits": 101931, "Cache Misses": 2799, "Cache Evictions": 0, "Cache Overflows": 0, "Peak Memory Usage": 738, "Workers": [{"Worker Number": 0, "Cache Hits": 98785, "Cache Misses": 2807, "Cache Evictions": 0, "Cache Overflows": 0, "Peak Memory Usage": 722}], "Plans": [{"Node Type": "Index Scan", "Parent Relationship": "Outer", "Parallel Aware": false, "Async Capable": false, "Scan Direction": "Forward", "Index Name": "idx_votes_postid", "Relation Name": "votes", "Alias": "v", "Startup Cost": 0.42, "Total Cost": 1.47, "Plan Rows": 5, "Plan Width": 4, "Actual Rows": 6, "Actual Loops": 5606, "Index Cond": "(postid = pl.postid)", "Rows Removed by Index Recheck": 0, "Workers": []}]}]}]}]}]}, "Planning Time": 9.146, "Triggers": [], "Execution Time": 392.79}, {"Plan": {"Node Type": "Aggregate", "Strategy": "Plain", "Partial Mode": "Finalize", "Parallel Aware": false, "Async Capable": false, "Startup Cost": 28582.52, "Total Cost": 28582.53, "Plan Rows": 1, "Plan Width": 8, "Actual Rows": 1, "Actual Loops": 1, "Plans": [{"Node Type": "Gather", "Parent Relationship": "Outer", "Parallel Aware": false, "Async Capable": false, "Startup Cost": 28582.3, "Total Cost": 28582.51, "Plan Rows": 2, "Plan Width": 8, "Actual Rows": 3, "Actual Loops": 1, "Workers Planned": 2, "Workers Launched": 2, "Single Copy": false, "Plans": [{"Node Type": "Aggregate", "Strategy": "Plain", "Partial Mode": "Partial", "Parent Relationship": "Outer", "Parallel Aware": false, "Async Capable": false, "Startup Cost": 27582.3, "Total Cost": 27582.31, "Plan Rows": 1, "Plan Width": 8, "Actual Rows": 1, "Actual Loops": 3, "Workers": [], "Plans": [{"Node Type": "Merge Join", "Parent Relationship": "Outer", "Parallel Aware": false, "Async Capable": false, "Join Type": "Inner", "Startup Cost": 5.2, "Total Cost": 26804.74, "Plan Rows": 311026, "Plan Width": 0, "Actual Rows": 544560, "Actual Loops": 3, "Inner Unique": false, "Merge Cond": "(pl.postid = ph.postid)", "Workers": [], "Plans": [{"Node Type": "Merge Join", "Parent Relationship": "Outer", "Parallel Aware": false, "Async Capable": false, "Join Type": "Inner", "Startup Cost": 4.44, "Total Cost": 11331.08, "Plan Rows": 88371, "Plan Width": 12, "Actual Rows": 94260, "Actual Loops": 3, "Inner Unique": false, "Merge Cond": "(pl.postid = c.postid)", "Workers": [], "Plans": [{"Node Type": "Merge Join", "Parent Relationship": "Outer", "Parallel Aware": false, "Async Capable": false, "Join Type": "Inner", "Startup Cost": 3.9, "Total Cost": 6057.9, "Plan Rows": 25977, "Plan Width": 8, "Actual Rows": 23225, "Actual Loops": 3, "Inner Unique": false, "Merge Cond": "(v.postid = pl.postid)", "Workers": [], "Plans": [{"Node Type": "Index Only Scan", "Parent Relationship": "Outer", "Parallel Aware": true, "Async Capable": false, "Scan Direction": "Forward", "Index Name": "idx_votes_postid", "Relation Name": "votes", "Alias": "v", "Startup Cost": 0.42, "Total Cost": 5043.98, "Plan Rows": 136693, "Plan Width": 4, "Actual Rows": 109218, "Actual Loops": 3, "Heap Fetches": 0, "Workers": []}, {"Node Type": "Materialize", "Parent Relationship": "Inner", "Parallel Aware": false, "Async Capable": false, "Startup Cost": 0.29, "Total Cost": 310.57, "Plan Rows": 11102, "Plan Width": 4, "Actual Rows": 31124, "Actual Loops": 3, "Workers": [], "Plans": [{"Node Type": "Index Only Scan", "Parent Relationship": "Outer", "Parallel Aware": false, "Async Capable": false, "Scan Direction": "Forward", "Index Name": "idx_postlinks_postid", "Relation Name": "postlinks", "Alias": "pl", "Startup Cost": 0.29, "Total Cost": 282.81, "Plan Rows": 11102, "Plan Width": 4, "Actual Rows": 11062, "Actual Loops": 3, "Heap Fetches": 0, "Workers": []}]}]}, {"Node Type": "Index Only Scan", "Parent Relationship": "Inner", "Parallel Aware": false, "Async Capable": false, "Scan Direction": "Forward", "Index Name": "idx_comments_postid", "Relation Name": "comments", "Alias": "c", "Startup Cost": 0.42, "Total Cost": 3889.15, "Plan Rows": 174305, "Plan Width": 4, "Actual Rows": 261228, "Actual Loops": 3, "Heap Fetches": 0, "Workers": []}]}, {"Node Type": "Materialize", "Parent Relationship": "Inner", "Parallel Aware": false, "Async Capable": false, "Startup Cost": 0.42, "Total Cost": 11278.44, "Plan Rows": 275598, "Plan Width": 4, "Actual Rows": 810472, "Actual Loops": 3, "Workers": [], "Plans": [{"Node Type": "Index Scan", "Parent Relationship": "Outer", "Parallel Aware": false, "Async Capable": false, "Scan Direction": "Forward", "Index Name": "idx_posthistory_postid", "Relation Name": "posthistory", "Alias": "ph", "Startup Cost": 0.42, "Total Cost": 10589.44, "Plan Rows": 275598, "Plan Width": 4, "Actual Rows": 275111, "Actual Loops": 3, "Filter": "((creationdate >= '2011-05-07 21:47:19'::timestamp without time zone) AND (creationdate <= '2014-09-10 13:19:54'::timestamp without time zone))", "Rows Removed by Filter": 26927, "Workers": []}]}]}]}]}]}, "Planning Time": 11.69, "Triggers": [], "Execution Time": 291.007}, {"Plan": {"Node Type": "Aggregate", "Strategy": "Plain", "Partial Mode": "Simple", "Parallel Aware": false, "Async Capable": false, "Startup Cost": 35882.45, "Total Cost": 35882.46, "Plan Rows": 1, "Plan Width": 8, "Actual Rows": 1, "Actual Loops": 1, "Plans": [{"Node Type": "Nested Loop", "Parent Relationship": "Outer", "Parallel Aware": false, "Async Capable": false, "Join Type": "Inner", "Startup Cost": 1.58, "Total Cost": 34016.3, "Plan Rows": 746462, "Plan Width": 0, "Actual Rows": 1633681, "Actual Loops": 1, "Inner Unique": false, "Plans": [{"Node Type": "Nested Loop", "Parent Relationship": "Outer", "Parallel Aware": false, "Async Capable": false, "Join Type": "Inner", "Startup Cost": 1.15, "Total Cost": 18740.79, "Plan Rows": 132926, "Plan Width": 12, "Actual Rows": 206322, "Actual Loops": 1, "Inner Unique": false, "Plans": [{"Node Type": "Nested Loop", "Parent Relationship": "Outer", "Parallel Aware": false, "Async Capable": false, "Join Type": "Inner", "Startup Cost": 0.72, "Total Cost": 5422.75, "Plan Rows": 37768, "Plan Width": 8, "Actual Rows": 35295, "Actual Loops": 1, "Inner Unique": false, "Plans": [{"Node Type": "Index Only Scan", "Parent Relationship": "Outer", "Parallel Aware": false, "Async Capable": false, "Scan Direction": "Forward", "Index Name": "idx_postlinks_postid", "Relation Name": "postlinks", "Alias": "pl", "Startup Cost": 0.29, "Total Cost": 282.81, "Plan Rows": 11102, "Plan Width": 4, "Actual Rows": 11102, "Actual Loops": 1, "Heap Fetches": 0}, {"Node Type": "Memoize", "Parent Relationship": "Inner", "Parallel Aware": false, "Async Capable": false, "Startup Cost": 0.43, "Total Cost": 0.61, "Plan Rows": 3, "Plan Width": 4, "Actual Rows": 3, "Actual Loops": 11102, "Cache Key": "pl.postid", "Cache Mode": "logical", "Cache Hits": 3498, "Cache Misses": 7604, "Cache Evictions": 0, "Cache Overflows": 0, "Peak Memory Usage": 1315, "Plans": [{"Node Type": "Index Only Scan", "Parent Relationship": "Outer", "Parallel Aware": false, "Async Capable": false, "Scan Direction": "Forward", "Index Name": "idx_comments_postid", "Relation Name": "comments", "Alias": "c", "Startup Cost": 0.42, "Total Cost": 0.6, "Plan Rows": 3, "Plan Width": 4, "Actual Rows": 3, "Actual Loops": 7604, "Index Cond": "(postid = pl.postid)", "Rows Removed by Index Recheck": 0, "Heap Fetches": 0}]}]}, {"Node Type": "Memoize", "Parent Relationship": "Inner", "Parallel Aware": false, "Async Capable": false, "Startup Cost": 0.43, "Total Cost": 1.51, "Plan Rows": 3, "Plan Width": 4, "Actual Rows": 6, "Actual Loops": 35295, "Cache Key": "pl.postid", "Cache Mode": "logical", "Cache Hits": 29347, "Cache Misses": 5948, "Cache Evictions": 0, "Cache Overflows": 0, "Peak Memory Usage": 1503, "Plans": [{"Node Type": "Index Scan", "Parent Relationship": "Outer", "Parallel Aware": false, "Async Capable": false, "Scan Direction": "Forward", "Index Name": "idx_posthistory_postid", "Relation Name": "posthistory", "Alias": "ph", "Startup Cost": 0.42, "Total Cost": 1.5, "Plan Rows": 3, "Plan Width": 4, "Actual Rows": 5, "Actual Loops": 5948, "Index Cond": "(postid = pl.postid)", "Rows Removed by Index Recheck": 0, "Filter": "((creationdate >= '2011-05-07 21:47:19'::timestamp without time zone) AND (creationdate <= '2014-09-10 13:19:54'::timestamp without time zone))", "Rows Removed by Filter": 0}]}]}, {"Node Type": "Memoize", "Parent Relationship": "Inner", "Parallel Aware": false, "Async Capable": false, "Startup Cost": 0.43, "Total Cost": 0.71, "Plan Rows": 5, "Plan Width": 4, "Actual Rows": 8, "Actual Loops": 206322, "Cache Key": "pl.postid", "Cache Mode": "logical", "Cache Hits": 200716, "Cache Misses": 5606, "Cache Evictions": 0, "Cache Overflows": 0, "Peak Memory Usage": 1459, "Plans": [{"Node Type": "Index Only Scan", "Parent Relationship": "Outer", "Parallel Aware": false, "Async Capable": false, "Scan Direction": "Forward", "Index Name": "idx_votes_postid", "Relation Name": "votes", "Alias": "v", "Startup Cost": 0.42, "Total Cost": 0.7, "Plan Rows": 5, "Plan Width": 4, "Actual Rows": 6, "Actual Loops": 5606, "Index Cond": "(postid = pl.postid)", "Rows Removed by Index Recheck": 0, "Heap Fetches": 0}]}]}]}, "Planning Time": 4.144, "Triggers": [], "Execution Time": 236.288}, {"Plan": {"Node Type": "Aggregate", "Strategy": "Plain", "Partial Mode": "Simple", "Parallel Aware": false, "Async Capable": false, "Startup Cost": 35792.66, "Total Cost": 35792.67, "Plan Rows": 1, "Plan Width": 8, "Actual Rows": 1, "Actual Loops": 1, "Plans": [{"Node Type": "Nested Loop", "Parent Relationship": "Outer", "Parallel Aware": false, "Async Capable": false, "Join Type": "Inner", "Startup Cost": 1.29, "Total Cost": 33926.5, "Plan Rows": 746462, "Plan Width": 0, "Actual Rows": 1633681, "Actual Loops": 1, "Inner Unique": false, "Plans": [{"Node Type": "Nested Loop", "Parent Relationship": "Outer", "Parallel Aware": false, "Async Capable": false, "Join Type": "Inner", "Startup Cost": 0.86, "Total Cost": 18651.0, "Plan Rows": 132926, "Plan Width": 12, "Actual Rows": 206322, "Actual Loops": 1, "Inner Unique": false, "Plans": [{"Node Type": "Nested Loop", "Parent Relationship": "Outer", "Parallel Aware": false, "Async Capable": false, "Join Type": "Inner", "Startup Cost": 0.43, "Total Cost": 5332.96, "Plan Rows": 37768, "Plan Width": 8, "Actual Rows": 35295, "Actual Loops": 1, "Inner Unique": false, "Plans": [{"Node Type": "Seq Scan", "Parent Relationship": "Outer", "Parallel Aware": false, "Async Capable": false, "Relation Name": "postlinks", "Alias": "pl", "Startup Cost": 0.0, "Total Cost": 193.02, "Plan Rows": 11102, "Plan Width": 4, "Actual Rows": 11102, "Actual Loops": 1}, {"Node Type": "Memoize", "Parent Relationship": "Inner", "Parallel Aware": false, "Async Capable": false, "Startup Cost": 0.43, "Total Cost": 0.61, "Plan Rows": 3, "Plan Width": 4, "Actual Rows": 3, "Actual Loops": 11102, "Cache Key": "pl.postid", "Cache Mode": "logical", "Cache Hits": 3498, "Cache Misses": 7604, "Cache Evictions": 0, "Cache Overflows": 0, "Peak Memory Usage": 1315, "Plans": [{"Node Type": "Index Only Scan", "Parent Relationship": "Outer", "Parallel Aware": false, "Async Capable": false, "Scan Direction": "Forward", "Index Name": "idx_comments_postid", "Relation Name": "comments", "Alias": "c", "Startup Cost": 0.42, "Total Cost": 0.6, "Plan Rows": 3, "Plan Width": 4, "Actual Rows": 3, "Actual Loops": 7604, "Index Cond": "(postid = pl.postid)", "Rows Removed by Index Recheck": 0, "Heap Fetches": 0}]}]}, {"Node Type": "Memoize", "Parent Relationship": "Inner", "Parallel Aware": false, "Async Capable": false, "Startup Cost": 0.43, "Total Cost": 1.51, "Plan Rows": 3, "Plan Width": 4, "Actual Rows": 6, "Actual Loops": 35295, "Cache Key": "pl.postid", "Cache Mode": "logical", "Cache Hits": 29347, "Cache Misses": 5948, "Cache Evictions": 0, "Cache Overflows": 0, "Peak Memory Usage": 1503, "Plans": [{"Node Type": "Index Scan", "Parent Relationship": "Outer", "Parallel Aware": false, "Async Capable": false, "Scan Direction": "Forward", "Index Name": "idx_posthistory_postid", "Relation Name": "posthistory", "Alias": "ph", "Startup Cost": 0.42, "Total Cost": 1.5, "Plan Rows": 3, "Plan Width": 4, "Actual Rows": 5, "Actual Loops": 5948, "Index Cond": "(postid = pl.postid)", "Rows Removed by Index Recheck": 0, "Filter": "((creationdate >= '2011-05-07 21:47:19'::timestamp without time zone) AND (creationdate <= '2014-09-10 13:19:54'::timestamp without time zone))", "Rows Removed by Filter": 0}]}]}, {"Node Type": "Memoize", "Parent Relationship": "Inner", "Parallel Aware": false, "Async Capable": false, "Startup Cost": 0.43, "Total Cost": 0.71, "Plan Rows": 5, "Plan Width": 4, "Actual Rows": 8, "Actual Loops": 206322, "Cache Key": "pl.postid", "Cache Mode": "logical", "Cache Hits": 200716, "Cache Misses": 5606, "Cache Evictions": 0, "Cache Overflows": 0, "Peak Memory Usage": 1459, "Plans": [{"Node Type": "Index Only Scan", "Parent Relationship": "Outer", "Parallel Aware": false, "Async Capable": false, "Scan Direction": "Forward", "Index Name": "idx_votes_postid", "Relation Name": "votes", "Alias": "v", "Startup Cost": 0.42, "Total Cost": 0.7, "Plan Rows": 5, "Plan Width": 4, "Actual Rows": 6, "Actual Loops": 5606, "Index Cond": "(postid = pl.postid)", "Rows Removed by Index Recheck": 0, "Heap Fetches": 0}]}]}]}, "Planning Time": 4.069, "Triggers": [], "Execution Time": 240.141}, {"Plan": {"Node Type": "Aggregate", "Strategy": "Plain", "Partial Mode": "Finalize", "Parallel Aware": false, "Async Capable": false, "Startup Cost": 84644.59, "Total Cost": 84644.6, "Plan Rows": 1, "Plan Width": 8, "Actual Rows": 1, "Actual Loops": 1, "Plans": [{"Node Type": "Gather", "Parent Relationship": "Outer", "Parallel Aware": false, "Async Capable": false, "Startup Cost": 84644.48, "Total Cost": 84644.59, "Plan Rows": 1, "Plan Width": 8, "Actual Rows": 2, "Actual Loops": 1, "Workers Planned": 1, "Workers Launched": 1, "Single Copy": false, "Plans": [{"Node Type": "Aggregate", "Strategy": "Plain", "Partial Mode": "Partial", "Parent Relationship": "Outer", "Parallel Aware": false, "Async Capable": false, "Startup Cost": 83644.48, "Total Cost": 83644.49, "Plan Rows": 1, "Plan Width": 8, "Actual Rows": 1, "Actual Loops": 2, "Workers": [], "Plans": [{"Node Type": "Merge Join", "Parent Relationship": "Outer", "Parallel Aware": false, "Async Capable": false, "Join Type": "Inner", "Startup Cost": 71923.65, "Total Cost": 82546.74, "Plan Rows": 439095, "Plan Width": 0, "Actual Rows": 816840, "Actual Loops": 2, "Inner Unique": false, "Merge Cond": "(pl.postid = ph.postid)", "Workers": [], "Plans": [{"Node Type": "Merge Join", "Parent Relationship": "Outer", "Parallel Aware": false, "Async Capable": false, "Join Type": "Inner", "Startup Cost": 40232.48, "Total Cost": 43957.58, "Plan Rows": 124759, "Plan Width": 12, "Actual Rows": 141390, "Actual Loops": 2, "Inner Unique": false, "Merge Cond": "(pl.postid = c.postid)", "Workers": [], "Plans": [{"Node Type": "Merge Join", "Parent Relationship": "Outer", "Parallel Aware": false, "Async Capable": false, "Join Type": "Inner", "Startup Cost": 21971.06, "Total Cost": 23485.42, "Plan Rows": 36674, "Plan Width": 8, "Actual Rows": 34838, "Actual Loops": 2, "Inner Unique": false, "Merge Cond": "(v.postid = pl.postid)", "Workers": [], "Plans": [{"Node Type": "Sort", "Parent Relationship": "Outer", "Parallel Aware": false, "Async Capable": false, "Startup Cost": 21031.5, "Total Cost": 21513.94, "Plan Rows": 192979, "Plan Width": 4, "Actual Rows": 163827, "Actual Loops": 2, "Sort Key": ["v.postid"], "Sort Method": "quicksort", "Sort Space Used": 6145, "Sort Space Type": "Memory", "Workers": [{"Worker Number": 0, "Sort Method": "quicksort", "Sort Space Used": 3073, "Sort Space Type": "Memory"}], "Plans": [{"Node Type": "Seq Scan", "Parent Relationship": "Outer", "Parallel Aware": true, "Async Capable": false, "Relation Name": "votes", "Alias": "v", "Startup Cost": 0.0, "Total Cost": 4089.79, "Plan Rows": 192979, "Plan Width": 4, "Actual Rows": 164032, "Actual Loops": 2, "Workers": []}]}, {"Node Type": "Sort", "Parent Relationship": "Inner", "Parallel Aware": false, "Async Capable": false, "Startup Cost": 938.99, "Total Cost": 966.75, "Plan Rows": 11102, "Plan Width": 4, "Actual Rows": 39040, "Actual Loops": 2, "Sort Key": ["pl.postid"], "Sort Method": "quicksort", "Sort Space Used": 385, "Sort Space Type": "Memory", "Workers": [{"Worker Number": 0, "Sort Method": "quicksort", "Sort Space Used": 385, "Sort Space Type": "Memory"}], "Plans": [{"Node Type": "Seq Scan", "Parent Relationship": "Outer", "Parallel Aware": false, "Async Capable": false, "Relation Name": "postlinks", "Alias": "pl", "Startup Cost": 0.0, "Total Cost": 193.02, "Plan Rows": 11102, "Plan Width": 4, "Actual Rows": 11102, "Actual Loops": 2, "Workers": []}]}]}, {"Node Type": "Sort", "Parent Relationship": "Inner", "Parallel Aware": false, "Async Capable": false, "Startup Cost": 18261.39, "Total Cost": 18697.16, "Plan Rows": 174305, "Plan Width": 4, "Actual Rows": 300440, "Actual Loops": 2, "Sort Key": ["c.postid"], "Sort Method": "quicksort", "Sort Space Used": 6145, "Sort Space Type": "Memory", "Workers": [{"Worker Number": 0, "Sort Method": "quicksort", "Sort Space Used": 6145, "Sort Space Type": "Memory"}], "Plans": [{"Node Type": "Seq Scan", "Parent Relationship": "Outer", "Parallel Aware": false, "Async Capable": false, "Relation Name": "comments", "Alias": "c", "Startup Cost": 0.0, "Total Cost": 3087.05, "Plan Rows": 174305, "Plan Width": 4, "Actual Rows": 174305, "Actual Loops": 2, "Workers": []}]}]}, {"Node Type": "Sort", "Parent Relationship": "Inner", "Parallel Aware": false, "Async Capable": false, "Startup Cost": 31691.12, "Total Cost": 32380.12, "Plan Rows": 275598, "Plan Width": 4, "Actual Rows": 1071883, "Actual Loops": 2, "Sort Key": ["ph.postid"], "Sort Method": "quicksort", "Sort Space Used": 12289, "Sort Space Type": "Memory", "Workers": [{"Worker Number": 0, "Sort Method": "quicksort", "Sort Space Used": 12289, "Sort Space Type": "Memory"}], "Plans": [{"Node Type": "Seq Scan", "Parent Relationship": "Outer", "Parallel Aware": false, "Async Capable": false, "Relation Name": "posthistory", "Alias": "ph", "Startup Cost": 0.0, "Total Cost": 6787.8, "Plan Rows": 275598, "Plan Width": 4, "Actual Rows": 275493, "Actual Loops": 2, "Filter": "((creationdate >= '2011-05-07 21:47:19'::timestamp without time zone) AND (creationdate <= '2014-09-10 13:19:54'::timestamp without time zone))", "Rows Removed by Filter": 27694, "Workers": []}]}]}]}]}]}, "Planning Time": 5.445, "Triggers": [], "Execution Time": 286.019}, {"Plan": {"Node Type": "Aggregate", "Strategy": "Plain", "Partial Mode": "Simple", "Parallel Aware": false, "Async Capable": false, "Startup Cost": 120905.59, "Total Cost": 120905.6, "Plan Rows": 1, "Plan Width": 8, "Actual Rows": 1, "Actual Loops": 1, "Plans": [{"Node Type": "Nested Loop", "Parent Relationship": "Outer", "Parallel Aware": false, "Async Capable": false, "Join Type": "Inner", "Startup Cost": 1.86, "Total Cost": 119039.44, "Plan Rows": 746462, "Plan Width": 0, "Actual Rows": 1633681, "Actual Loops": 1, "Inner Unique": false, "Plans": [{"Node Type": "Nested Loop", "Parent Relationship": "Outer", "Parallel Aware": false, "Async Capable": false, "Join Type": "Inner", "Startup Cost": 1.21, "Total Cost": 73321.79, "Plan Rows": 132926, "Plan Width": 12, "Actual Rows": 206322, "Actual Loops": 1, "Inner Unique": false, "Plans": [{"Node Type": "Nested Loop", "Parent Relationship": "Outer", "Parallel Aware": false, "Async Capable": false, "Join Type": "Inner", "Startup Cost": 0.56, "Total Cost": 35640.35, "Plan Rows": 37768, "Plan Width": 8, "Actual Rows": 35295, "Actual Loops": 1, "Inner Unique": false, "Plans": [{"Node Type": "Seq Scan", "Parent Relationship": "Outer", "Parallel Aware": false, "Async Capable": false, "Relation Name": "postlinks", "Alias": "pl", "Startup Cost": 0.0, "Total Cost": 193.02, "Plan Rows": 11102, "Plan Width": 4, "Actual Rows": 11102, "Actual Loops": 1}, {"Node Type": "Memoize", "Parent Relationship": "Inner", "Parallel Aware": false, "Async Capable": false, "Startup Cost": 0.56, "Total Cost": 4.6, "Plan Rows": 3, "Plan Width": 4, "Actual Rows": 3, "Actual Loops": 11102, "Cache Key": "pl.postid", "Cache Mode": "logical", "Cache Hits": 3498, "Cache Misses": 7604, "Cache Evictions": 0, "Cache Overflows": 0, "Peak Memory Usage": 1315, "Plans": [{"Node Type": "Bitmap Heap Scan", "Parent Relationship": "Outer", "Parallel Aware": false, "Async Capable": false, "Relation Name": "comments", "Alias": "c", "Startup Cost": 0.55, "Total Cost": 4.59, "Plan Rows": 3, "Plan Width": 4, "Actual Rows": 3, "Actual Loops": 7604, "Recheck Cond": "(postid = pl.postid)", "Rows Removed by Index Recheck": 0, "Exact Heap Blocks": 9539, "Lossy Heap Blocks": 0, "Plans": [{"Node Type": "Bitmap Index Scan", "Parent Relationship": "Outer", "Parallel Aware": false, "Async Capable": false, "Index Name": "idx_comments_postid", "Startup Cost": 0.0, "Total Cost": 0.55, "Plan Rows": 3, "Plan Width": 0, "Actual Rows": 3, "Actual Loops": 7604, "Index Cond": "(postid = pl.postid)"}]}]}]}, {"Node Type": "Memoize", "Parent Relationship": "Inner", "Parallel Aware": false, "Async Capable": false, "Startup Cost": 0.65, "Total Cost": 4.72, "Plan Rows": 3, "Plan Width": 4, "Actual Rows": 6, "Actual Loops": 35295, "Cache Key": "pl.postid", "Cache Mode": "logical", "Cache Hits": 29347, "Cache Misses": 5948, "Cache Evictions": 0, "Cache Overflows": 0, "Peak Memory Usage": 1503, "Plans": [{"Node Type": "Bitmap Heap Scan", "Parent Relationship": "Outer", "Parallel Aware": false, "Async Capable": false, "Relation Name": "posthistory", "Alias": "ph", "Startup Cost": 0.64, "Total Cost": 4.71, "Plan Rows": 3, "Plan Width": 4, "Actual Rows": 5, "Actual Loops": 5948, "Recheck Cond": "(pl.postid = postid)", "Rows Removed by Index Recheck": 0, "Filter": "((creationdate >= '2011-05-07 21:47:19'::timestamp without time zone) AND (creationdate <= '2014-09-10 13:19:54'::timestamp without time zone))", "Rows Removed by Filter": 0, "Exact Heap Blocks": 10569, "Lossy Heap Blocks": 0, "Plans": [{"Node Type": "Bitmap Index Scan", "Parent Relationship": "Outer", "Parallel Aware": false, "Async Capable": false, "Index Name": "idx_posthistory_postid", "Startup Cost": 0.0, "Total Cost": 0.64, "Plan Rows": 4, "Plan Width": 0, "Actual Rows": 6, "Actual Loops": 5948, "Index Cond": "(postid = pl.postid)"}]}]}]}, {"Node Type": "Memoize", "Parent Relationship": "Inner", "Parallel Aware": false, "Async Capable": false, "Startup Cost": 0.65, "Total Cost": 4.71, "Plan Rows": 5, "Plan Width": 4, "Actual Rows": 8, "Actual Loops": 206322, "Cache Key": "pl.postid", "Cache Mode": "logical", "Cache Hits": 200716, "Cache Misses": 5606, "Cache Evictions": 0, "Cache Overflows": 0, "Peak Memory Usage": 1459, "Plans": [{"Node Type": "Bitmap Heap Scan", "Parent Relationship": "Outer", "Parallel Aware": false, "Async Capable": false, "Relation Name": "votes", "Alias": "v", "Startup Cost": 0.64, "Total Cost": 4.7, "Plan Rows": 5, "Plan Width": 4, "Actual Rows": 6, "Actual Loops": 5606, "Recheck Cond": "(pl.postid = postid)", "Rows Removed by Index Recheck": 0, "Exact Heap Blocks": 19233, "Lossy Heap Blocks": 0, "Plans": [{"Node Type": "Bitmap Index Scan", "Parent Relationship": "Outer", "Parallel Aware": false, "Async Capable": false, "Index Name": "idx_votes_postid", "Startup Cost": 0.0, "Total Cost": 0.64, "Plan Rows": 5, "Plan Width": 0, "Actual Rows": 6, "Actual Loops": 5606, "Index Cond": "(postid = pl.postid)"}]}]}]}]}, "Planning Time": 4.279, "Triggers": [], "Execution Time": 398.868}, {"Plan": {"Node Type": "Aggregate", "Strategy": "Plain", "Partial Mode": "Simple", "Parallel Aware": false, "Async Capable": false, "Startup Cost": 45340.87, "Total Cost": 45340.88, "Plan Rows": 1, "Plan Width": 8, "Actual Rows": 1, "Actual Loops": 1, "Plans": [{"Node Type": "Nested Loop", "Parent Relationship": "Outer", "Parallel Aware": false, "Async Capable": false, "Join Type": "Inner", "Startup Cost": 1.58, "Total Cost": 43474.72, "Plan Rows": 746462, "Plan Width": 0, "Actual Rows": 1633681, "Actual Loops": 1, "Inner Unique": false, "Plans": [{"Node Type": "Nested Loop", "Parent Relationship": "Outer", "Parallel Aware": false, "Async Capable": false, "Join Type": "Inner", "Startup Cost": 1.15, "Total Cost": 22362.95, "Plan Rows": 132926, "Plan Width": 12, "Actual Rows": 206322, "Actual Loops": 1, "Inner Unique": false, "Plans": [{"Node Type": "Nested Loop", "Parent Relationship": "Outer", "Parallel Aware": false, "Async Capable": false, "Join Type": "Inner", "Startup Cost": 0.72, "Total Cost": 9044.91, "Plan Rows": 37768, "Plan Width": 8, "Actual Rows": 35295, "Actual Loops": 1, "Inner Unique": false, "Plans": [{"Node Type": "Index Scan", "Parent Relationship": "Outer", "Parallel Aware": false, "Async Capable": false, "Scan Direction": "Forward", "Index Name": "idx_postlinks_postid", "Relation Name": "postlinks", "Alias": "pl", "Startup Cost": 0.29, "Total Cost": 395.29, "Plan Rows": 11102, "Plan Width": 4, "Actual Rows": 11102, "Actual Loops": 1}, {"Node Type": "Memoize", "Parent Relationship": "Inner", "Parallel Aware": false, "Async Capable": false, "Startup Cost": 0.43, "Total Cost": 1.07, "Plan Rows": 3, "Plan Width": 4, "Actual Rows": 3, "Actual Loops": 11102, "Cache Key": "pl.postid", "Cache Mode": "logical", "Cache Hits": 3498, "Cache Misses": 7604, "Cache Evictions": 0, "Cache Overflows": 0, "Peak Memory Usage": 1315, "Plans": [{"Node Type": "Index Scan", "Parent Relationship": "Outer", "Parallel Aware": false, "Async Capable": false, "Scan Direction": "Forward", "Index Name": "idx_comments_postid", "Relation Name": "comments", "Alias": "c", "Startup Cost": 0.42, "Total Cost": 1.06, "Plan Rows": 3, "Plan Width": 4, "Actual Rows": 3, "Actual Loops": 7604, "Index Cond": "(postid = pl.postid)", "Rows Removed by Index Recheck": 0}]}]}, {"Node Type": "Memoize", "Parent Relationship": "Inner", "Parallel Aware": false, "Async Capable": false, "Startup Cost": 0.43, "Total Cost": 1.51, "Plan Rows": 3, "Plan Width": 4, "Actual Rows": 6, "Actual Loops": 35295, "Cache Key": "pl.postid", "Cache Mode": "logical", "Cache Hits": 29347, "Cache Misses": 5948, "Cache Evictions": 0, "Cache Overflows": 0, "Peak Memory Usage": 1503, "Plans": [{"Node Type": "Index Scan", "Parent Relationship": "Outer", "Parallel Aware": false, "Async Capable": false, "Scan Direction": "Forward", "Index Name": "idx_posthistory_postid", "Relation Name": "posthistory", "Alias": "ph", "Startup Cost": 0.42, "Total Cost": 1.5, "Plan Rows": 3, "Plan Width": 4, "Actual Rows": 5, "Actual Loops": 5948, "Index Cond": "(postid = pl.postid)", "Rows Removed by Index Recheck": 0, "Filter": "((creationdate >= '2011-05-07 21:47:19'::timestamp without time zone) AND (creationdate <= '2014-09-10 13:19:54'::timestamp without time zone))", "Rows Removed by Filter": 0}]}]}, {"Node Type": "Memoize", "Parent Relationship": "Inner", "Parallel Aware": false, "Async Capable": false, "Startup Cost": 0.43, "Total Cost": 1.48, "Plan Rows": 5, "Plan Width": 4, "Actual Rows": 8, "Actual Loops": 206322, "Cache Key": "pl.postid", "Cache Mode": "logical", "Cache Hits": 200716, "Cache Misses": 5606, "Cache Evictions": 0, "Cache Overflows": 0, "Peak Memory Usage": 1459, "Plans": [{"Node Type": "Index Scan", "Parent Relationship": "Outer", "Parallel Aware": false, "Async Capable": false, "Scan Direction": "Forward", "Index Name": "idx_votes_postid", "Relation Name": "votes", "Alias": "v", "Startup Cost": 0.42, "Total Cost": 1.47, "Plan Rows": 5, "Plan Width": 4, "Actual Rows": 6, "Actual Loops": 5606, "Index Cond": "(postid = pl.postid)", "Rows Removed by Index Recheck": 0}]}]}]}, "Planning Time": 4.195, "Triggers": [], "Execution Time": 367.341}, {"Plan": {"Node Type": "Aggregate", "Strategy": "Plain", "Partial Mode": "Simple", "Parallel Aware": false, "Async Capable": false, "Startup Cost": 45138.6, "Total Cost": 45138.61, "Plan Rows": 1, "Plan Width": 8, "Actual Rows": 1, "Actual Loops": 1, "Plans": [{"Node Type": "Nested Loop", "Parent Relationship": "Outer", "Parallel Aware": false, "Async Capable": false, "Join Type": "Inner", "Startup Cost": 1.29, "Total Cost": 43272.44, "Plan Rows": 746462, "Plan Width": 0, "Actual Rows": 1633681, "Actual Loops": 1, "Inner Unique": false, "Plans": [{"Node Type": "Nested Loop", "Parent Relationship": "Outer", "Parallel Aware": false, "Async Capable": false, "Join Type": "Inner", "Startup Cost": 0.86, "Total Cost": 22160.68, "Plan Rows": 132926, "Plan Width": 12, "Actual Rows": 206322, "Actual Loops": 1, "Inner Unique": false, "Plans": [{"Node Type": "Nested Loop", "Parent Relationship": "Outer", "Parallel Aware": false, "Async Capable": false, "Join Type": "Inner", "Startup Cost": 0.43, "Total Cost": 8842.64, "Plan Rows": 37768, "Plan Width": 8, "Actual Rows": 35295, "Actual Loops": 1, "Inner Unique": false, "Plans": [{"Node Type": "Seq Scan", "Parent Relationship": "Outer", "Parallel Aware": false, "Async Capable": false, "Relation Name": "postlinks", "Alias": "pl", "Startup Cost": 0.0, "Total Cost": 193.02, "Plan Rows": 11102, "Plan Width": 4, "Actual Rows": 11102, "Actual Loops": 1}, {"Node Type": "Memoize", "Parent Relationship": "Inner", "Parallel Aware": false, "Async Capable": false, "Startup Cost": 0.43, "Total Cost": 1.07, "Plan Rows": 3, "Plan Width": 4, "Actual Rows": 3, "Actual Loops": 11102, "Cache Key": "pl.postid", "Cache Mode": "logical", "Cache Hits": 3498, "Cache Misses": 7604, "Cache Evictions": 0, "Cache Overflows": 0, "Peak Memory Usage": 1315, "Plans": [{"Node Type": "Index Scan", "Parent Relationship": "Outer", "Parallel Aware": false, "Async Capable": false, "Scan Direction": "Forward", "Index Name": "idx_comments_postid", "Relation Name": "comments", "Alias": "c", "Startup Cost": 0.42, "Total Cost": 1.06, "Plan Rows": 3, "Plan Width": 4, "Actual Rows": 3, "Actual Loops": 7604, "Index Cond": "(postid = pl.postid)", "Rows Removed by Index Recheck": 0}]}]}, {"Node Type": "Memoize", "Parent Relationship": "Inner", "Parallel Aware": false, "Async Capable": false, "Startup Cost": 0.43, "Total Cost": 1.51, "Plan Rows": 3, "Plan Width": 4, "Actual Rows": 6, "Actual Loops": 35295, "Cache Key": "pl.postid", "Cache Mode": "logical", "Cache Hits": 29347, "Cache Misses": 5948, "Cache Evictions": 0, "Cache Overflows": 0, "Peak Memory Usage": 1503, "Plans": [{"Node Type": "Index Scan", "Parent Relationship": "Outer", "Parallel Aware": false, "Async Capable": false, "Scan Direction": "Forward", "Index Name": "idx_posthistory_postid", "Relation Name": "posthistory", "Alias": "ph", "Startup Cost": 0.42, "Total Cost": 1.5, "Plan Rows": 3, "Plan Width": 4, "Actual Rows": 5, "Actual Loops": 5948, "Index Cond": "(postid = pl.postid)", "Rows Removed by Index Recheck": 0, "Filter": "((creationdate >= '2011-05-07 21:47:19'::timestamp without time zone) AND (creationdate <= '2014-09-10 13:19:54'::timestamp without time zone))", "Rows Removed by Filter": 0}]}]}, {"Node Type": "Memoize", "Parent Relationship": "Inner", "Parallel Aware": false, "Async Capable": false, "Startup Cost": 0.43, "Total Cost": 1.48, "Plan Rows": 5, "Plan Width": 4, "Actual Rows": 8, "Actual Loops": 206322, "Cache Key": "pl.postid", "Cache Mode": "logical", "Cache Hits": 200716, "Cache Misses": 5606, "Cache Evictions": 0, "Cache Overflows": 0, "Peak Memory Usage": 1459, "Plans": [{"Node Type": "Index Scan", "Parent Relationship": "Outer", "Parallel Aware": false, "Async Capable": false, "Scan Direction": "Forward", "Index Name": "idx_votes_postid", "Relation Name": "votes", "Alias": "v", "Startup Cost": 0.42, "Total Cost": 1.47, "Plan Rows": 5, "Plan Width": 4, "Actual Rows": 6, "Actual Loops": 5606, "Index Cond": "(postid = pl.postid)", "Rows Removed by Index Recheck": 0}]}]}]}, "Planning Time": 4.251, "Triggers": [], "Execution Time": 378.493}]