[{"Plan": {"Node Type": "Aggregate", "Strategy": "Plain", "Partial Mode": "Finalize", "Parallel Aware": false, "Async Capable": false, "Startup Cost": 71118948.19, "Total Cost": 71118948.2, "Plan Rows": 1, "Plan Width": 8, "Actual Rows": 1, "Actual Loops": 1, "Plans": [{"Node Type": "Gather", "Parent Relationship": "Outer", "Parallel Aware": false, "Async Capable": false, "Startup Cost": 71118948.08, "Total Cost": 71118948.19, "Plan Rows": 1, "Plan Width": 8, "Actual Rows": 2, "Actual Loops": 1, "Workers Planned": 1, "Workers Launched": 1, "Single Copy": false, "Plans": [{"Node Type": "Aggregate", "Strategy": "Plain", "Partial Mode": "Partial", "Parent Relationship": "Outer", "Parallel Aware": false, "Async Capable": false, "Startup Cost": 71117948.08, "Total Cost": 71117948.09, "Plan Rows": 1, "Plan Width": 8, "Actual Rows": 1, "Actual Loops": 2, "Workers": [], "Plans": [{"Node Type": "Hash Join", "Parent Relationship": "Outer", "Parallel Aware": true, "Async Capable": false, "Join Type": "Inner", "Startup Cost": 9136.15, "Total Cost": 1434046.17, "Plan Rows": 27873560763, "Plan Width": 0, "Actual Rows": 127677904, "Actual Loops": 2, "Inner Unique": false, "Hash Cond": "(ph.userid = u.id)", "Workers": [], "Plans": [{"Node Type": "Nested Loop", "Parent Relationship": "Outer", "Parallel Aware": false, "Async Capable": false, "Join Type": "Inner", "Startup Cost": 3304.15, "Total Cost": 23304.49, "Plan Rows": 51950928, "Plan Width": 12, "Actual Rows": 75444486, "Actual Loops": 2, "Inner Unique": false, "Join Filter": "(ph.userid = b.userid)", "Rows Removed by Join Filter": 0, "Workers": [], "Plans": [{"Node Type": "Merge Join", "Parent Relationship": "Outer", "Parallel Aware": false, "Async Capable": false, "Join Type": "Inner", "Startup Cost": 3303.72, "Total Cost": 5793.74, "Plan Rows": 64576, "Plan Width": 8, "Actual Rows": 105922, "Actual Loops": 2, "Inner Unique": false, "Merge Cond": "(b.userid = p.owneruserid)", "Workers": [], "Plans": [{"Node Type": "Index Only Scan", "Parent Relationship": "Outer", "Parallel Aware": true, "Async Capable": false, "Scan Direction": "Forward", "Index Name": "idx_badges_userid", "Relation Name": "badges", "Alias": "b", "Startup Cost": 0.29, "Total Cost": 1405.26, "Plan Rows": 46971, "Plan Width": 4, "Actual Rows": 39925, "Actual Loops": 2, "Heap Fetches": 0, "Workers": []}, {"Node Type": "Sort", "Parent Relationship": "Inner", "Parallel Aware": false, "Async Capable": false, "Startup Cost": 3303.01, "Total Cost": 3310.14, "Plan Rows": 2851, "Plan Width": 4, "Actual Rows": 112330, "Actual Loops": 2, "Sort Key": ["p.owneruserid"], "Sort Method": "quicksort", "Sort Space Used": 385, "Sort Space Type": "Memory", "Workers": [{"Worker Number": 0, "Sort Method": "quicksort", "Sort Space Used": 385, "Sort Space Type": "Memory"}], "Plans": [{"Node Type": "Seq Scan", "Parent Relationship": "Outer", "Parallel Aware": false, "Async Capable": false, "Relation Name": "posts", "Alias": "p", "Startup Cost": 0.0, "Total Cost": 3139.4, "Plan Rows": 2851, "Plan Width": 4, "Actual Rows": 13007, "Actual Loops": 2, "Filter": "((viewcount >= 0) AND (viewcount <= 25597) AND (commentcount >= 0) AND (commentcount <= 11) AND (favoritecount >= 0) AND (posttypeid = 1))", "Rows Removed by Filter": 78969, "Workers": []}]}]}, {"Node Type": "Memoize", "Parent Relationship": "Inner", "Parallel Aware": false, "Async Capable": false, "Startup Cost": 0.43, "Total Cost": 1.17, "Plan Rows": 14, "Plan Width": 4, "Actual Rows": 712, "Actual Loops": 211843, "Cache Key": "p.owneruserid", "Cache Mode": "logical", "Cache Hits": 74579, "Cache Misses": 3216, "Cache Evictions": 0, "Cache Overflows": 0, "Peak Memory Usage": 3053, "Workers": [{"Worker Number": 0, "Cache Hits": 130668, "Cache Misses": 3380, "Cache Evictions": 0, "Cache Overflows": 0, "Peak Memory Usage": 4092}], "Plans": [{"Node Type": "Index Only Scan", "Parent Relationship": "Outer", "Parallel Aware": false, "Async Capable": false, "Scan Direction": "Forward", "Index Name": "idx_posthistory_userid", "Relation Name": "posthistory", "Alias": "ph", "Startup Cost": 0.42, "Total Cost": 1.16, "Plan Rows": 14, "Plan Width": 4, "Actual Rows": 29, "Actual Loops": 6596, "Index Cond": "(userid = p.owneruserid)", "Rows Removed by Index Recheck": 0, "Heap Fetches": 0, "Workers": []}]}]}, {"Node Type": "Hash", "Parent Relationship": "Inner", "Parallel Aware": true, "Async Capable": false, "Startup Cost": 4637.72, "Total Cost": 4637.72, "Plan Rows": 95542, "Plan Width": 8, "Actual Rows": 28814, "Actual Loops": 2, "Hash Buckets": 262144, "Original Hash Buckets": 262144, "Hash Batches": 1, "Original Hash Batches": 1, "Peak Memory Usage": 4320, "Workers": [], "Plans": [{"Node Type": "Hash Join", "Parent Relationship": "Outer", "Parallel Aware": false, "Async Capable": false, "Join Type": "Inner", "Startup Cost": 1494.18, "Total Cost": 4637.72, "Plan Rows": 95542, "Plan Width": 8, "Actual Rows": 28814, "Actual Loops": 2, "Inner Unique": true, "Hash Cond": "(c.userid = u.id)", "Workers": [], "Plans": [{"Node Type": "Seq Scan", "Parent Relationship": "Outer", "Parallel Aware": true, "Async Capable": false, "Relation Name": "comments", "Alias": "c", "Startup Cost": 0.0, "Total Cost": 2881.99, "Plan Rows": 99635, "Plan Width": 4, "Actual Rows": 84656, "Actual Loops": 2, "Filter": "((creationdate >= '2010-08-19 09:33:49'::timestamp without time zone) AND (creationdate <= '2014-08-28 06:54:21'::timestamp without time zone))", "Rows Removed by Filter": 2497, "Workers": []}, {"Node Type": "Hash", "Parent Relationship": "Inner", "Parallel Aware": false, "Async Capable": false, "Startup Cost": 1002.69, "Total Cost": 1002.69, "Plan Rows": 39319, "Plan Width": 4, "Actual Rows": 39532, "Actual Loops": 2, "Hash Buckets": 65536, "Original Hash Buckets": 65536, "Hash Batches": 1, "Original Hash Batches": 1, "Peak Memory Usage": 1902, "Workers": [], "Plans": [{"Node Type": "Seq Scan", "Parent Relationship": "Outer", "Parallel Aware": false, "Async Capable": false, "Relation Name": "users", "Alias": "u", "Startup Cost": 0.0, "Total Cost": 1002.69, "Plan Rows": 39319, "Plan Width": 4, "Actual Rows": 39532, "Actual Loops": 2, "Filter": "((downvotes <= 0) AND (upvotes >= 0) AND (upvotes <= 123))", "Rows Removed by Filter": 793, "Workers": []}]}]}]}]}]}]}]}, "Planning Time": 9.458, "Triggers": [], "Execution Time": 13521.227}, {"Plan": {"Node Type": "Aggregate", "Strategy": "Plain", "Partial Mode": "Simple", "Parallel Aware": false, "Async Capable": false, "Startup Cost": 50122562116.13, "Total Cost": 50122562116.14, "Plan Rows": 1, "Plan Width": 8, "Actual Rows": 1, "Actual Loops": 1, "Plans": [{"Node Type": "Hash Join", "Parent Relationship": "Outer", "Parallel Aware": false, "Async Capable": false, "Join Type": "Inner", "Startup Cost": 50000071224.46, "Total Cost": 50004099482.88, "Plan Rows": 47385053297, "Plan Width": 0, "Actual Rows": 255355807, "Actual Loops": 1, "Inner Unique": false, "Hash Cond": "(ph.userid = u.id)", "Plans": [{"Node Type": "Nested Loop", "Parent Relationship": "Outer", "Parallel Aware": false, "Async Capable": false, "Join Type": "Inner", "Startup Cost": 30000000001.8, "Total Cost": 30000056375.58, "Plan Rows": 88316578, "Plan Width": 12, "Actual Rows": 150888972, "Actual Loops": 1, "Inner Unique": false, "Join Filter": "(ph.userid = b.userid)", "Rows Removed by Join Filter": 0, "Plans": [{"Node Type": "Nested Loop", "Parent Relationship": "Outer", "Parallel Aware": false, "Async Capable": false, "Join Type": "Inner", "Startup Cost": 20000000000.81, "Total Cost": 20000017936.49, "Plan Rows": 109779, "Plan Width": 8, "Actual Rows": 211843, "Actual Loops": 1, "Inner Unique": false, "Plans": [{"Node Type": "Index Scan", "Parent Relationship": "Outer", "Parallel Aware": false, "Async Capable": false, "Scan Direction": "Forward", "Index Name": "idx_posts_owneruserid", "Relation Name": "posts", "Alias": "p", "Startup Cost": 10000000000.29, "Total Cost": 10000005473.31, "Plan Rows": 2851, "Plan Width": 4, "Actual Rows": 13007, "Actual Loops": 1, "Filter": "((viewcount >= 0) AND (viewcount <= 25597) AND (commentcount >= 0) AND (commentcount <= 11) AND (favoritecount >= 0) AND (posttypeid = 1))", "Rows Removed by Filter": 78969}, {"Node Type": "Memoize", "Parent Relationship": "Inner", "Parallel Aware": false, "Async Capable": false, "Startup Cost": 0.51, "Total Cost": 4.55, "Plan Rows": 3, "Plan Width": 4, "Actual Rows": 16, "Actual Loops": 13007, "Cache Key": "p.owneruserid", "Cache Mode": "logical", "Cache Hits": 6288, "Cache Misses": 6719, "Cache Evictions": 0, "Cache Overflows": 0, "Peak Memory Usage": 1938, "Plans": [{"Node Type": "Bitmap Heap Scan", "Parent Relationship": "Outer", "Parallel Aware": false, "Async Capable": false, "Relation Name": "badges", "Alias": "b", "Startup Cost": 0.5, "Total Cost": 4.54, "Plan Rows": 3, "Plan Width": 4, "Actual Rows": 6, "Actual Loops": 6719, "Recheck Cond": "(p.owneruserid = userid)", "Rows Removed by Index Recheck": 0, "Exact Heap Blocks": 31839, "Lossy Heap Blocks": 0, "Plans": [{"Node Type": "Bitmap Index Scan", "Parent Relationship": "Outer", "Parallel Aware": false, "Async Capable": false, "Index Name": "idx_badges_userid", "Startup Cost": 0.0, "Total Cost": 0.5, "Plan Rows": 3, "Plan Width": 0, "Actual Rows": 6, "Actual Loops": 6719, "Index Cond": "(userid = p.owneruserid)"}]}]}]}, {"Node Type": "Memoize", "Parent Relationship": "Inner", "Parallel Aware": false, "Async Capable": false, "Startup Cost": 1.0, "Total Cost": 5.17, "Plan Rows": 14, "Plan Width": 4, "Actual Rows": 712, "Actual Loops": 211843, "Cache Key": "p.owneruserid", "Cache Mode": "logical", "Cache Hits": 205247, "Cache Misses": 6596, "Cache Evictions": 0, "Cache Overflows": 0, "Peak Memory Usage": 7144, "Plans": [{"Node Type": "Bitmap Heap Scan", "Parent Relationship": "Outer", "Parallel Aware": false, "Async Capable": false, "Relation Name": "posthistory", "Alias": "ph", "Startup Cost": 0.99, "Total Cost": 5.16, "Plan Rows": 14, "Plan Width": 4, "Actual Rows": 29, "Actual Loops": 6596, "Recheck Cond": "(p.owneruserid = userid)", "Rows Removed by Index Recheck": 0, "Exact Heap Blocks": 62799, "Lossy Heap Blocks": 0, "Plans": [{"Node Type": "Bitmap Index Scan", "Parent Relationship": "Outer", "Parallel Aware": false, "Async Capable": false, "Index Name": "idx_posthistory_userid", "Startup Cost": 0.0, "Total Cost": 0.98, "Plan Rows": 14, "Plan Width": 0, "Actual Rows": 29, "Actual Loops": 6596, "Index Cond": "(userid = p.owneruserid)"}]}]}]}, {"Node Type": "Hash", "Parent Relationship": "Inner", "Parallel Aware": false, "Async Capable": false, "Startup Cost": 20000069192.38, "Total Cost": 20000069192.38, "Plan Rows": 162422, "Plan Width": 8, "Actual Rows": 57627, "Actual Loops": 1, "Hash Buckets": 262144, "Original Hash Buckets": 262144, "Hash Batches": 1, "Original Hash Batches": 1, "Peak Memory Usage": 4300, "Plans": [{"Node Type": "Nested Loop", "Parent Relationship": "Outer", "Parallel Aware": false, "Async Capable": false, "Join Type": "Inner", "Startup Cost": 20000000000.61, "Total Cost": 20000069192.38, "Plan Rows": 162422, "Plan Width": 8, "Actual Rows": 57627, "Actual Loops": 1, "Inner Unique": true, "Plans": [{"Node Type": "Index Scan", "Parent Relationship": "Outer", "Parallel Aware": false, "Async Capable": false, "Scan Direction": "Forward", "Index Name": "idx_comments_userid", "Relation Name": "comments", "Alias": "c", "Startup Cost": 10000000000.3, "Total Cost": 10000008694.72, "Plan Rows": 169379, "Plan Width": 4, "Actual Rows": 169311, "Actual Loops": 1, "Filter": "((creationdate >= '2010-08-19 09:33:49'::timestamp without time zone) AND (creationdate <= '2014-08-28 06:54:21'::timestamp without time zone))", "Rows Removed by Filter": 4994}, {"Node Type": "Memoize", "Parent Relationship": "Inner", "Parallel Aware": false, "Async Capable": false, "Startup Cost": 0.31, "Total Cost": 4.33, "Plan Rows": 1, "Plan Width": 4, "Actual Rows": 0, "Actual Loops": 169311, "Cache Key": "c.userid", "Cache Mode": "logical", "Cache Hits": 155991, "Cache Misses": 13320, "Cache Evictions": 0, "Cache Overflows": 0, "Peak Memory Usage": 1327, "Plans": [{"Node Type": "Bitmap Heap Scan", "Parent Relationship": "Outer", "Parallel Aware": false, "Async Capable": false, "Relation Name": "users", "Alias": "u", "Startup Cost": 0.3, "Total Cost": 4.32, "Plan Rows": 1, "Plan Width": 4, "Actual Rows": 1, "Actual Loops": 13320, "Recheck Cond": "(c.userid = id)", "Rows Removed by Index Recheck": 0, "Filter": "((downvotes <= 0) AND (upvotes >= 0) AND (upvotes <= 123))", "Rows Removed by Filter": 0, "Exact Heap Blocks": 13319, "Lossy Heap Blocks": 0, "Plans": [{"Node Type": "Bitmap Index Scan", "Parent Relationship": "Outer", "Parallel Aware": false, "Async Capable": false, "Index Name": "users_pkey", "Startup Cost": 0.0, "Total Cost": 0.3, "Plan Rows": 1, "Plan Width": 0, "Actual Rows": 1, "Actual Loops": 13320, "Index Cond": "(id = c.userid)"}]}]}]}]}]}]}, "Planning Time": 3.8, "Triggers": [], "Execution Time": 27553.684}, {"Plan": {"Node Type": "Aggregate", "Strategy": "Plain", "Partial Mode": "Finalize", "Parallel Aware": false, "Async Capable": false, "Startup Cost": 50573536.92, "Total Cost": 50573536.93, "Plan Rows": 1, "Plan Width": 8, "Actual Rows": 1, "Actual Loops": 1, "Plans": [{"Node Type": "Gather", "Parent Relationship": "Outer", "Parallel Aware": false, "Async Capable": false, "Startup Cost": 50573536.71, "Total Cost": 50573536.92, "Plan Rows": 2, "Plan Width": 8, "Actual Rows": 3, "Actual Loops": 1, "Workers Planned": 2, "Workers Launched": 2, "Single Copy": false, "Plans": [{"Node Type": "Aggregate", "Strategy": "Plain", "Partial Mode": "Partial", "Parent Relationship": "Outer", "Parallel Aware": false, "Async Capable": false, "Startup Cost": 50572536.71, "Total Cost": 50572536.72, "Plan Rows": 1, "Plan Width": 8, "Actual Rows": 1, "Actual Loops": 3, "Workers": [], "Plans": [{"Node Type": "Hash Join", "Parent Relationship": "Outer", "Parallel Aware": true, "Async Capable": false, "Join Type": "Inner", "Startup Cost": 23533.22, "Total Cost": 1213106.19, "Plan Rows": 19743772207, "Plan Width": 0, "Actual Rows": 85118602, "Actual Loops": 3, "Inner Unique": false, "Hash Cond": "(ph.userid = u.id)", "Workers": [], "Plans": [{"Node Type": "Hash Join", "Parent Relationship": "Outer", "Parallel Aware": false, "Async Capable": false, "Join Type": "Inner", "Startup Cost": 12308.15, "Total Cost": 206736.76, "Plan Rows": 36798574, "Plan Width": 12, "Actual Rows": 50296324, "Actual Loops": 3, "Inner Unique": false, "Hash Cond": "(ph.userid = b.userid)", "Workers": [], "Plans": [{"Node Type": "Index Only Scan", "Parent Relationship": "Outer", "Parallel Aware": true, "Async Capable": false, "Scan Direction": "Forward", "Index Name": "idx_posthistory_userid", "Relation Name": "posthistory", "Alias": "ph", "Startup Cost": 0.42, "Total Cost": 4157.26, "Plan Rows": 126328, "Plan Width": 4, "Actual Rows": 101062, "Actual Loops": 3, "Heap Fetches": 0, "Workers": []}, {"Node Type": "Hash", "Parent Relationship": "Inner", "Parallel Aware": false, "Async Capable": false, "Startup Cost": 10935.49, "Total Cost": 10935.49, "Plan Rows": 109779, "Plan Width": 8, "Actual Rows": 211843, "Actual Loops": 3, "Hash Buckets": 262144, "Original Hash Buckets": 131072, "Hash Batches": 1, "Original Hash Batches": 1, "Peak Memory Usage": 10324, "Workers": [], "Plans": [{"Node Type": "Hash Join", "Parent Relationship": "Outer", "Parallel Aware": false, "Async Capable": false, "Join Type": "Inner", "Startup Cost": 2732.49, "Total Cost": 10935.49, "Plan Rows": 109779, "Plan Width": 8, "Actual Rows": 211843, "Actual Loops": 3, "Inner Unique": false, "Hash Cond": "(p.owneruserid = b.userid)", "Workers": [], "Plans": [{"Node Type": "Index Scan", "Parent Relationship": "Outer", "Parallel Aware": false, "Async Capable": false, "Scan Direction": "Forward", "Index Name": "idx_posts_owneruserid", "Relation Name": "posts", "Alias": "p", "Startup Cost": 0.29, "Total Cost": 5473.31, "Plan Rows": 2851, "Plan Width": 4, "Actual Rows": 13007, "Actual Loops": 3, "Filter": "((viewcount >= 0) AND (viewcount <= 25597) AND (commentcount >= 0) AND (commentcount <= 11) AND (favoritecount >= 0) AND (posttypeid = 1))", "Rows Removed by Filter": 78969, "Workers": []}, {"Node Type": "Hash", "Parent Relationship": "Inner", "Parallel Aware": false, "Async Capable": false, "Startup Cost": 1734.06, "Total Cost": 1734.06, "Plan Rows": 79851, "Plan Width": 4, "Actual Rows": 79851, "Actual Loops": 3, "Hash Buckets": 131072, "Original Hash Buckets": 131072, "Hash Batches": 1, "Original Hash Batches": 1, "Peak Memory Usage": 3832, "Workers": [], "Plans": [{"Node Type": "Index Only Scan", "Parent Relationship": "Outer", "Parallel Aware": false, "Async Capable": false, "Scan Direction": "Forward", "Index Name": "idx_badges_userid", "Relation Name": "badges", "Alias": "b", "Startup Cost": 0.29, "Total Cost": 1734.06, "Plan Rows": 79851, "Plan Width": 4, "Actual Rows": 79851, "Actual Loops": 3, "Heap Fetches": 0, "Workers": []}]}]}]}]}, {"Node Type": "Hash", "Parent Relationship": "Inner", "Parallel Aware": true, "Async Capable": false, "Startup Cost": 10030.79, "Total Cost": 10030.79, "Plan Rows": 95542, "Plan Width": 8, "Actual Rows": 19209, "Actual Loops": 3, "Hash Buckets": 262144, "Original Hash Buckets": 262144, "Hash Batches": 1, "Original Hash Batches": 1, "Peak Memory Usage": 4352, "Workers": [], "Plans": [{"Node Type": "Hash Join", "Parent Relationship": "Outer", "Parallel Aware": false, "Async Capable": false, "Join Type": "Inner", "Startup Cost": 2151.39, "Total Cost": 10030.79, "Plan Rows": 95542, "Plan Width": 8, "Actual Rows": 19209, "Actual Loops": 3, "Inner Unique": true, "Hash Cond": "(c.userid = u.id)", "Workers": [], "Plans": [{"Node Type": "Index Scan", "Parent Relationship": "Outer", "Parallel Aware": true, "Async Capable": false, "Scan Direction": "Forward", "Index Name": "idx_comments_userid", "Relation Name": "comments", "Alias": "c", "Startup Cost": 0.29, "Total Cost": 7618.14, "Plan Rows": 99635, "Plan Width": 4, "Actual Rows": 56437, "Actual Loops": 3, "Filter": "((creationdate >= '2010-08-19 09:33:49'::timestamp without time zone) AND (creationdate <= '2014-08-28 06:54:21'::timestamp without time zone))", "Rows Removed by Filter": 1665, "Workers": []}, {"Node Type": "Hash", "Parent Relationship": "Inner", "Parallel Aware": false, "Async Capable": false, "Startup Cost": 1659.6, "Total Cost": 1659.6, "Plan Rows": 39319, "Plan Width": 4, "Actual Rows": 39532, "Actual Loops": 3, "Hash Buckets": 65536, "Original Hash Buckets": 65536, "Hash Batches": 1, "Original Hash Batches": 1, "Peak Memory Usage": 1902, "Workers": [], "Plans": [{"Node Type": "Index Scan", "Parent Relationship": "Outer", "Parallel Aware": false, "Async Capable": false, "Scan Direction": "Forward", "Index Name": "users_pkey", "Relation Name": "users", "Alias": "u", "Startup Cost": 0.29, "Total Cost": 1659.6, "Plan Rows": 39319, "Plan Width": 4, "Actual Rows": 39532, "Actual Loops": 3, "Filter": "((downvotes <= 0) AND (upvotes >= 0) AND (upvotes <= 123))", "Rows Removed by Filter": 793, "Workers": []}]}]}]}]}]}]}]}, "Planning Time": 7.679, "Triggers": [], "Execution Time": 9144.194}, {"Plan": {"Node Type": "Aggregate", "Strategy": "Plain", "Partial Mode": "Finalize", "Parallel Aware": false, "Async Capable": false, "Startup Cost": 50491729.08, "Total Cost": 50491729.09, "Plan Rows": 1, "Plan Width": 8, "Actual Rows": 1, "Actual Loops": 1, "Plans": [{"Node Type": "Gather", "Parent Relationship": "Outer", "Parallel Aware": false, "Async Capable": false, "Startup Cost": 50491728.86, "Total Cost": 50491729.07, "Plan Rows": 2, "Plan Width": 8, "Actual Rows": 3, "Actual Loops": 1, "Workers Planned": 2, "Workers Launched": 2, "Single Copy": false, "Plans": [{"Node Type": "Aggregate", "Strategy": "Plain", "Partial Mode": "Partial", "Parent Relationship": "Outer", "Parallel Aware": false, "Async Capable": false, "Startup Cost": 50490728.86, "Total Cost": 50490728.87, "Plan Rows": 1, "Plan Width": 8, "Actual Rows": 1, "Actual Loops": 3, "Workers": [], "Plans": [{"Node Type": "Hash Join", "Parent Relationship": "Outer", "Parallel Aware": true, "Async Capable": false, "Join Type": "Inner", "Startup Cost": 19914.56, "Total Cost": 1131298.34, "Plan Rows": 19743772207, "Plan Width": 0, "Actual Rows": 85118602, "Actual Loops": 3, "Inner Unique": false, "Hash Cond": "(ph.userid = u.id)", "Workers": [], "Plans": [{"Node Type": "Hash Join", "Parent Relationship": "Outer", "Parallel Aware": true, "Async Capable": false, "Join Type": "Inner", "Startup Cost": 8689.5, "Total Cost": 124928.92, "Plan Rows": 36798574, "Plan Width": 12, "Actual Rows": 50296324, "Actual Loops": 3, "Inner Unique": false, "Hash Cond": "(ph.userid = b.userid)", "Workers": [], "Plans": [{"Node Type": "Index Only Scan", "Parent Relationship": "Outer", "Parallel Aware": true, "Async Capable": false, "Scan Direction": "Forward", "Index Name": "idx_posthistory_userid", "Relation Name": "posthistory", "Alias": "ph", "Startup Cost": 0.42, "Total Cost": 4157.26, "Plan Rows": 126328, "Plan Width": 4, "Actual Rows": 101062, "Actual Loops": 3, "Heap Fetches": 0, "Workers": []}, {"Node Type": "Hash", "Parent Relationship": "Inner", "Parallel Aware": true, "Async Capable": false, "Startup Cost": 7881.87, "Total Cost": 7881.87, "Plan Rows": 64576, "Plan Width": 8, "Actual Rows": 70614, "Actual Loops": 3, "Hash Buckets": 262144, "Original Hash Buckets": 131072, "Hash Batches": 1, "Original Hash Batches": 1, "Peak Memory Usage": 11424, "Workers": [], "Plans": [{"Node Type": "Merge Join", "Parent Relationship": "Outer", "Parallel Aware": false, "Async Capable": false, "Join Type": "Inner", "Startup Cost": 14.42, "Total Cost": 7881.87, "Plan Rows": 64576, "Plan Width": 8, "Actual Rows": 70614, "Actual Loops": 3, "Inner Unique": false, "Merge Cond": "(b.userid = p.owneruserid)", "Workers": [], "Plans": [{"Node Type": "Index Only Scan", "Parent Relationship": "Outer", "Parallel Aware": true, "Async Capable": false, "Scan Direction": "Forward", "Index Name": "idx_badges_userid", "Relation Name": "badges", "Alias": "b", "Startup Cost": 0.29, "Total Cost": 1405.26, "Plan Rows": 46971, "Plan Width": 4, "Actual Rows": 26617, "Actual Loops": 3, "Heap Fetches": 0, "Workers": []}, {"Node Type": "Materialize", "Parent Relationship": "Inner", "Parallel Aware": false, "Async Capable": false, "Startup Cost": 0.29, "Total Cost": 5480.44, "Plan Rows": 2851, "Plan Width": 4, "Actual Rows": 79012, "Actual Loops": 3, "Workers": [], "Plans": [{"Node Type": "Index Scan", "Parent Relationship": "Outer", "Parallel Aware": false, "Async Capable": false, "Scan Direction": "Forward", "Index Name": "idx_posts_owneruserid", "Relation Name": "posts", "Alias": "p", "Startup Cost": 0.29, "Total Cost": 5473.31, "Plan Rows": 2851, "Plan Width": 4, "Actual Rows": 12608, "Actual Loops": 3, "Filter": "((viewcount >= 0) AND (viewcount <= 25597) AND (commentcount >= 0) AND (commentcount <= 11) AND (favoritecount >= 0) AND (posttypeid = 1))", "Rows Removed by Filter": 76480, "Workers": []}]}]}]}]}, {"Node Type": "Hash", "Parent Relationship": "Inner", "Parallel Aware": true, "Async Capable": false, "Startup Cost": 10030.79, "Total Cost": 10030.79, "Plan Rows": 95542, "Plan Width": 8, "Actual Rows": 19209, "Actual Loops": 3, "Hash Buckets": 262144, "Original Hash Buckets": 262144, "Hash Batches": 1, "Original Hash Batches": 1, "Peak Memory Usage": 4320, "Workers": [], "Plans": [{"Node Type": "Hash Join", "Parent Relationship": "Outer", "Parallel Aware": false, "Async Capable": false, "Join Type": "Inner", "Startup Cost": 2151.39, "Total Cost": 10030.79, "Plan Rows": 95542, "Plan Width": 8, "Actual Rows": 19209, "Actual Loops": 3, "Inner Unique": true, "Hash Cond": "(c.userid = u.id)", "Workers": [], "Plans": [{"Node Type": "Index Scan", "Parent Relationship": "Outer", "Parallel Aware": true, "Async Capable": false, "Scan Direction": "Forward", "Index Name": "idx_comments_userid", "Relation Name": "comments", "Alias": "c", "Startup Cost": 0.29, "Total Cost": 7618.14, "Plan Rows": 99635, "Plan Width": 4, "Actual Rows": 56437, "Actual Loops": 3, "Filter": "((creationdate >= '2010-08-19 09:33:49'::timestamp without time zone) AND (creationdate <= '2014-08-28 06:54:21'::timestamp without time zone))", "Rows Removed by Filter": 1665, "Workers": []}, {"Node Type": "Hash", "Parent Relationship": "Inner", "Parallel Aware": false, "Async Capable": false, "Startup Cost": 1659.6, "Total Cost": 1659.6, "Plan Rows": 39319, "Plan Width": 4, "Actual Rows": 39532, "Actual Loops": 3, "Hash Buckets": 65536, "Original Hash Buckets": 65536, "Hash Batches": 1, "Original Hash Batches": 1, "Peak Memory Usage": 1902, "Workers": [], "Plans": [{"Node Type": "Index Scan", "Parent Relationship": "Outer", "Parallel Aware": false, "Async Capable": false, "Scan Direction": "Forward", "Index Name": "users_pkey", "Relation Name": "users", "Alias": "u", "Startup Cost": 0.29, "Total Cost": 1659.6, "Plan Rows": 39319, "Plan Width": 4, "Actual Rows": 39532, "Actual Loops": 3, "Filter": "((downvotes <= 0) AND (upvotes >= 0) AND (upvotes <= 123))", "Rows Removed by Filter": 793, "Workers": []}]}]}]}]}]}]}]}, "Planning Time": 6.876, "Triggers": [], "Execution Time": 9177.649}, {"Plan": {"Node Type": "Aggregate", "Strategy": "Plain", "Partial Mode": "Finalize", "Parallel Aware": false, "Async Capable": false, "Startup Cost": 71045794.48, "Total Cost": 71045794.49, "Plan Rows": 1, "Plan Width": 8, "Actual Rows": 1, "Actual Loops": 1, "Plans": [{"Node Type": "Gather", "Parent Relationship": "Outer", "Parallel Aware": false, "Async Capable": false, "Startup Cost": 71045794.37, "Total Cost": 71045794.48, "Plan Rows": 1, "Plan Width": 8, "Actual Rows": 2, "Actual Loops": 1, "Workers Planned": 1, "Workers Launched": 1, "Single Copy": false, "Plans": [{"Node Type": "Aggregate", "Strategy": "Plain", "Partial Mode": "Partial", "Parent Relationship": "Outer", "Parallel Aware": false, "Async Capable": false, "Startup Cost": 71044794.37, "Total Cost": 71044794.38, "Plan Rows": 1, "Plan Width": 8, "Actual Rows": 1, "Actual Loops": 2, "Workers": [], "Plans": [{"Node Type": "Hash Join", "Parent Relationship": "Outer", "Parallel Aware": true, "Async Capable": false, "Join Type": "Inner", "Startup Cost": 8087.2, "Total Cost": 1360892.46, "Plan Rows": 27873560763, "Plan Width": 0, "Actual Rows": 127677904, "Actual Loops": 2, "Inner Unique": false, "Hash Cond": "(b.userid = u.id)", "Workers": [], "Plans": [{"Node Type": "Nested Loop", "Parent Relationship": "Outer", "Parallel Aware": false, "Async Capable": false, "Join Type": "Inner", "Startup Cost": 14.73, "Total Cost": 28701.63, "Plan Rows": 38193593, "Plan Width": 12, "Actual Rows": 50675915, "Actual Loops": 2, "Inner Unique": false, "Join Filter": "(c.userid = b.userid)", "Rows Removed by Join Filter": 0, "Workers": [], "Plans": [{"Node Type": "Merge Join", "Parent Relationship": "Outer", "Parallel Aware": false, "Async Capable": false, "Join Type": "Inner", "Startup Cost": 14.42, "Total Cost": 7881.87, "Plan Rows": 64576, "Plan Width": 8, "Actual Rows": 105922, "Actual Loops": 2, "Inner Unique": false, "Merge Cond": "(b.userid = p.owneruserid)", "Workers": [], "Plans": [{"Node Type": "Index Only Scan", "Parent Relationship": "Outer", "Parallel Aware": true, "Async Capable": false, "Scan Direction": "Forward", "Index Name": "idx_badges_userid", "Relation Name": "badges", "Alias": "b", "Startup Cost": 0.29, "Total Cost": 1405.26, "Plan Rows": 46971, "Plan Width": 4, "Actual Rows": 39925, "Actual Loops": 2, "Heap Fetches": 0, "Workers": []}, {"Node Type": "Materialize", "Parent Relationship": "Inner", "Parallel Aware": false, "Async Capable": false, "Startup Cost": 0.29, "Total Cost": 5480.44, "Plan Rows": 2851, "Plan Width": 4, "Actual Rows": 112355, "Actual Loops": 2, "Workers": [], "Plans": [{"Node Type": "Index Scan", "Parent Relationship": "Outer", "Parallel Aware": false, "Async Capable": false, "Scan Direction": "Forward", "Index Name": "idx_posts_owneruserid", "Relation Name": "posts", "Alias": "p", "Startup Cost": 0.29, "Total Cost": 5473.31, "Plan Rows": 2851, "Plan Width": 4, "Actual Rows": 12746, "Actual Loops": 2, "Filter": "((viewcount >= 0) AND (viewcount <= 25597) AND (commentcount >= 0) AND (commentcount <= 11) AND (favoritecount >= 0) AND (posttypeid = 1))", "Rows Removed by Filter": 77816, "Workers": []}]}]}, {"Node Type": "Memoize", "Parent Relationship": "Inner", "Parallel Aware": false, "Async Capable": false, "Startup Cost": 0.3, "Total Cost": 2.74, "Plan Rows": 13, "Plan Width": 4, "Actual Rows": 478, "Actual Loops": 211843, "Cache Key": "p.owneruserid", "Cache Mode": "logical", "Cache Hits": 114111, "Cache Misses": 3451, "Cache Evictions": 0, "Cache Overflows": 0, "Peak Memory Usage": 2339, "Workers": [{"Worker Number": 0, "Cache Hits": 91136, "Cache Misses": 3145, "Cache Evictions": 0, "Cache Overflows": 0, "Peak Memory Usage": 2443}], "Plans": [{"Node Type": "Index Scan", "Parent Relationship": "Outer", "Parallel Aware": false, "Async Capable": false, "Scan Direction": "Forward", "Index Name": "idx_comments_userid", "Relation Name": "comments", "Alias": "c", "Startup Cost": 0.29, "Total Cost": 2.73, "Plan Rows": 13, "Plan Width": 4, "Actual Rows": 19, "Actual Loops": 6596, "Index Cond": "(userid = p.owneruserid)", "Rows Removed by Index Recheck": 0, "Filter": "((creationdate >= '2010-08-19 09:33:49'::timestamp without time zone) AND (creationdate <= '2014-08-28 06:54:21'::timestamp without time zone))", "Rows Removed by Filter": 1, "Workers": []}]}]}, {"Node Type": "Hash", "Parent Relationship": "Inner", "Parallel Aware": true, "Async Capable": false, "Startup Cost": 6640.0, "Total Cost": 6640.0, "Plan Rows": 114598, "Plan Width": 8, "Actual Rows": 72204, "Actual Loops": 2, "Hash Buckets": 524288, "Original Hash Buckets": 524288, "Hash Batches": 1, "Original Hash Batches": 1, "Peak Memory Usage": 9760, "Workers": [], "Plans": [{"Node Type": "Hash Join", "Parent Relationship": "Outer", "Parallel Aware": false, "Async Capable": false, "Join Type": "Inner", "Startup Cost": 2151.51, "Total Cost": 6640.0, "Plan Rows": 114598, "Plan Width": 8, "Actual Rows": 72204, "Actual Loops": 2, "Inner Unique": true, "Hash Cond": "(ph.userid = u.id)", "Workers": [], "Plans": [{"Node Type": "Index Only Scan", "Parent Relationship": "Outer", "Parallel Aware": true, "Async Capable": false, "Scan Direction": "Forward", "Index Name": "idx_posthistory_userid", "Relation Name": "posthistory", "Alias": "ph", "Startup Cost": 0.42, "Total Cost": 4157.26, "Plan Rows": 126328, "Plan Width": 4, "Actual Rows": 151594, "Actual Loops": 2, "Heap Fetches": 0, "Workers": []}, {"Node Type": "Hash", "Parent Relationship": "Inner", "Parallel Aware": false, "Async Capable": false, "Startup Cost": 1659.6, "Total Cost": 1659.6, "Plan Rows": 39319, "Plan Width": 4, "Actual Rows": 39532, "Actual Loops": 2, "Hash Buckets": 65536, "Original Hash Buckets": 65536, "Hash Batches": 1, "Original Hash Batches": 1, "Peak Memory Usage": 1902, "Workers": [], "Plans": [{"Node Type": "Index Scan", "Parent Relationship": "Outer", "Parallel Aware": false, "Async Capable": false, "Scan Direction": "Forward", "Index Name": "users_pkey", "Relation Name": "users", "Alias": "u", "Startup Cost": 0.29, "Total Cost": 1659.6, "Plan Rows": 39319, "Plan Width": 4, "Actual Rows": 39532, "Actual Loops": 2, "Filter": "((downvotes <= 0) AND (upvotes >= 0) AND (upvotes <= 123))", "Rows Removed by Filter": 793, "Workers": []}]}]}]}]}]}]}]}, "Planning Time": 10.38, "Triggers": [], "Execution Time": 11663.632}, {"Plan": {"Node Type": "Aggregate", "Strategy": "Plain", "Partial Mode": "Finalize", "Parallel Aware": false, "Async Capable": false, "Startup Cost": 50508870.78, "Total Cost": 50508870.79, "Plan Rows": 1, "Plan Width": 8, "Actual Rows": 1, "Actual Loops": 1, "Plans": [{"Node Type": "Gather", "Parent Relationship": "Outer", "Parallel Aware": false, "Async Capable": false, "Startup Cost": 50508870.57, "Total Cost": 50508870.78, "Plan Rows": 2, "Plan Width": 8, "Actual Rows": 3, "Actual Loops": 1, "Workers Planned": 2, "Workers Launched": 2, "Single Copy": false, "Plans": [{"Node Type": "Aggregate", "Strategy": "Plain", "Partial Mode": "Partial", "Parent Relationship": "Outer", "Parallel Aware": false, "Async Capable": false, "Startup Cost": 50507870.57, "Total Cost": 50507870.58, "Plan Rows": 1, "Plan Width": 8, "Actual Rows": 1, "Actual Loops": 3, "Workers": [], "Plans": [{"Node Type": "Hash Join", "Parent Relationship": "Outer", "Parallel Aware": true, "Async Capable": false, "Join Type": "Inner", "Startup Cost": 9204.08, "Total Cost": 1148440.05, "Plan Rows": 19743772207, "Plan Width": 0, "Actual Rows": 85118602, "Actual Loops": 3, "Inner Unique": false, "Hash Cond": "(ph.userid = u.id)", "Workers": [], "Plans": [{"Node Type": "Merge Join", "Parent Relationship": "Outer", "Parallel Aware": false, "Async Capable": false, "Join Type": "Inner", "Startup Cost": 3372.08, "Total Cost": 147463.69, "Plan Rows": 36798574, "Plan Width": 12, "Actual Rows": 50296324, "Actual Loops": 3, "Inner Unique": false, "Merge Cond": "(ph.userid = b.userid)", "Workers": [], "Plans": [{"Node Type": "Index Only Scan", "Parent Relationship": "Outer", "Parallel Aware": true, "Async Capable": false, "Scan Direction": "Forward", "Index Name": "idx_posthistory_userid", "Relation Name": "posthistory", "Alias": "ph", "Startup Cost": 0.42, "Total Cost": 4157.26, "Plan Rows": 126328, "Plan Width": 4, "Actual Rows": 93952, "Actual Loops": 3, "Heap Fetches": 0, "Workers": []}, {"Node Type": "Materialize", "Parent Relationship": "Inner", "Parallel Aware": false, "Async Capable": false, "Startup Cost": 3304.0, "Total Cost": 7156.94, "Plan Rows": 109779, "Plan Width": 8, "Actual Rows": 50416285, "Actual Loops": 3, "Workers": [], "Plans": [{"Node Type": "Merge Join", "Parent Relationship": "Outer", "Parallel Aware": false, "Async Capable": false, "Join Type": "Inner", "Startup Cost": 3304.0, "Total Cost": 6882.5, "Plan Rows": 109779, "Plan Width": 8, "Actual Rows": 211809, "Actual Loops": 3, "Inner Unique": false, "Merge Cond": "(b.userid = p.owneruserid)", "Workers": [], "Plans": [{"Node Type": "Index Only Scan", "Parent Relationship": "Outer", "Parallel Aware": false, "Async Capable": false, "Scan Direction": "Forward", "Index Name": "idx_badges_userid", "Relation Name": "badges", "Alias": "b", "Startup Cost": 0.29, "Total Cost": 1734.06, "Plan Rows": 79851, "Plan Width": 4, "Actual Rows": 79524, "Actual Loops": 3, "Heap Fetches": 0, "Workers": []}, {"Node Type": "Sort", "Parent Relationship": "Inner", "Parallel Aware": false, "Async Capable": false, "Startup Cost": 3303.01, "Total Cost": 3310.14, "Plan Rows": 2851, "Plan Width": 4, "Actual Rows": 211929, "Actual Loops": 3, "Sort Key": ["p.owneruserid"], "Sort Method": "quicksort", "Sort Space Used": 385, "Sort Space Type": "Memory", "Workers": [{"Worker Number": 0, "Sort Method": "quicksort", "Sort Space Used": 385, "Sort Space Type": "Memory"}, {"Worker Number": 1, "Sort Method": "quicksort", "Sort Space Used": 385, "Sort Space Type": "Memory"}], "Plans": [{"Node Type": "Seq Scan", "Parent Relationship": "Outer", "Parallel Aware": false, "Async Capable": false, "Relation Name": "posts", "Alias": "p", "Startup Cost": 0.0, "Total Cost": 3139.4, "Plan Rows": 2851, "Plan Width": 4, "Actual Rows": 13007, "Actual Loops": 3, "Filter": "((viewcount >= 0) AND (viewcount <= 25597) AND (commentcount >= 0) AND (commentcount <= 11) AND (favoritecount >= 0) AND (posttypeid = 1))", "Rows Removed by Filter": 78969, "Workers": []}]}]}]}]}, {"Node Type": "Hash", "Parent Relationship": "Inner", "Parallel Aware": true, "Async Capable": false, "Startup Cost": 4637.72, "Total Cost": 4637.72, "Plan Rows": 95542, "Plan Width": 8, "Actual Rows": 19209, "Actual Loops": 3, "Hash Buckets": 262144, "Original Hash Buckets": 262144, "Hash Batches": 1, "Original Hash Batches": 1, "Peak Memory Usage": 4352, "Workers": [], "Plans": [{"Node Type": "Hash Join", "Parent Relationship": "Outer", "Parallel Aware": false, "Async Capable": false, "Join Type": "Inner", "Startup Cost": 1494.18, "Total Cost": 4637.72, "Plan Rows": 95542, "Plan Width": 8, "Actual Rows": 19209, "Actual Loops": 3, "Inner Unique": true, "Hash Cond": "(c.userid = u.id)", "Workers": [], "Plans": [{"Node Type": "Seq Scan", "Parent Relationship": "Outer", "Parallel Aware": true, "Async Capable": false, "Relation Name": "comments", "Alias": "c", "Startup Cost": 0.0, "Total Cost": 2881.99, "Plan Rows": 99635, "Plan Width": 4, "Actual Rows": 56437, "Actual Loops": 3, "Filter": "((creationdate >= '2010-08-19 09:33:49'::timestamp without time zone) AND (creationdate <= '2014-08-28 06:54:21'::timestamp without time zone))", "Rows Removed by Filter": 1665, "Workers": []}, {"Node Type": "Hash", "Parent Relationship": "Inner", "Parallel Aware": false, "Async Capable": false, "Startup Cost": 1002.69, "Total Cost": 1002.69, "Plan Rows": 39319, "Plan Width": 4, "Actual Rows": 39532, "Actual Loops": 3, "Hash Buckets": 65536, "Original Hash Buckets": 65536, "Hash Batches": 1, "Original Hash Batches": 1, "Peak Memory Usage": 1902, "Workers": [], "Plans": [{"Node Type": "Seq Scan", "Parent Relationship": "Outer", "Parallel Aware": false, "Async Capable": false, "Relation Name": "users", "Alias": "u", "Startup Cost": 0.0, "Total Cost": 1002.69, "Plan Rows": 39319, "Plan Width": 4, "Actual Rows": 39532, "Actual Loops": 3, "Filter": "((downvotes <= 0) AND (upvotes >= 0) AND (upvotes <= 123))", "Rows Removed by Filter": 793, "Workers": []}]}]}]}]}]}]}]}, "Planning Time": 6.491, "Triggers": [], "Execution Time": 9725.353}, {"Plan": {"Node Type": "Aggregate", "Strategy": "Plain", "Partial Mode": "Finalize", "Parallel Aware": false, "Async Capable": false, "Startup Cost": 71084043.95, "Total Cost": 71084043.96, "Plan Rows": 1, "Plan Width": 8, "Actual Rows": 1, "Actual Loops": 1, "Plans": [{"Node Type": "Gather", "Parent Relationship": "Outer", "Parallel Aware": false, "Async Capable": false, "Startup Cost": 71084043.83, "Total Cost": 71084043.94, "Plan Rows": 1, "Plan Width": 8, "Actual Rows": 2, "Actual Loops": 1, "Workers Planned": 1, "Workers Launched": 1, "Single Copy": false, "Plans": [{"Node Type": "Aggregate", "Strategy": "Plain", "Partial Mode": "Partial", "Parent Relationship": "Outer", "Parallel Aware": false, "Async Capable": false, "Startup Cost": 71083043.83, "Total Cost": 71083043.84, "Plan Rows": 1, "Plan Width": 8, "Actual Rows": 1, "Actual Loops": 2, "Workers": [], "Plans": [{"Node Type": "Hash Join", "Parent Relationship": "Outer", "Parallel Aware": true, "Async Capable": false, "Join Type": "Inner", "Startup Cost": 8073.37, "Total Cost": 1399141.93, "Plan Rows": 27873560763, "Plan Width": 0, "Actual Rows": 127677904, "Actual Loops": 2, "Inner Unique": false, "Hash Cond": "(b.userid = u.id)", "Workers": [], "Plans": [{"Node Type": "Nested Loop", "Parent Relationship": "Outer", "Parallel Aware": false, "Async Capable": false, "Join Type": "Inner", "Startup Cost": 0.9, "Total Cost": 66951.1, "Plan Rows": 38193593, "Plan Width": 12, "Actual Rows": 50675915, "Actual Loops": 2, "Inner Unique": false, "Workers": [], "Plans": [{"Node Type": "Nested Loop", "Parent Relationship": "Outer", "Parallel Aware": false, "Async Capable": false, "Join Type": "Inner", "Startup Cost": 0.6, "Total Cost": 15909.48, "Plan Rows": 991901, "Plan Width": 8, "Actual Rows": 434001, "Actual Loops": 2, "Inner Unique": false, "Workers": [], "Plans": [{"Node Type": "Index Scan", "Parent Relationship": "Outer", "Parallel Aware": true, "Async Capable": false, "Scan Direction": "Forward", "Index Name": "idx_comments_userid", "Relation Name": "comments", "Alias": "c", "Startup Cost": 0.29, "Total Cost": 7618.14, "Plan Rows": 99635, "Plan Width": 4, "Actual Rows": 84656, "Actual Loops": 2, "Filter": "((creationdate >= '2010-08-19 09:33:49'::timestamp without time zone) AND (creationdate <= '2014-08-28 06:54:21'::timestamp without time zone))", "Rows Removed by Filter": 2497, "Workers": []}, {"Node Type": "Memoize", "Parent Relationship": "Inner", "Parallel Aware": false, "Async Capable": false, "Startup Cost": 0.3, "Total Cost": 0.46, "Plan Rows": 1, "Plan Width": 4, "Actual Rows": 5, "Actual Loops": 169311, "Cache Key": "c.userid", "Cache Mode": "logical", "Cache Hits": 69233, "Cache Misses": 5608, "Cache Evictions": 0, "Cache Overflows": 0, "Peak Memory Usage": 536, "Workers": [{"Worker Number": 0, "Cache Hits": 86739, "Cache Misses": 7731, "Cache Evictions": 0, "Cache Overflows": 0, "Peak Memory Usage": 750}], "Plans": [{"Node Type": "Index Scan", "Parent Relationship": "Outer", "Parallel Aware": false, "Async Capable": false, "Scan Direction": "Forward", "Index Name": "idx_posts_owneruserid", "Relation Name": "posts", "Alias": "p", "Startup Cost": 0.29, "Total Cost": 0.45, "Plan Rows": 1, "Plan Width": 4, "Actual Rows": 1, "Actual Loops": 13339, "Index Cond": "(owneruserid = c.userid)", "Rows Removed by Index Recheck": 0, "Filter": "((viewcount >= 0) AND (viewcount <= 25597) AND (commentcount >= 0) AND (commentcount <= 11) AND (favoritecount >= 0) AND (posttypeid = 1))", "Rows Removed by Filter": 6, "Workers": []}]}]}, {"Node Type": "Memoize", "Parent Relationship": "Inner", "Parallel Aware": false, "Async Capable": false, "Startup Cost": 0.3, "Total Cost": 0.54, "Plan Rows": 3, "Plan Width": 4, "Actual Rows": 117, "Actual Loops": 868002, "Cache Key": "p.owneruserid", "Cache Mode": "logical", "Cache Hits": 431100, "Cache Misses": 2130, "Cache Evictions": 0, "Cache Overflows": 0, "Peak Memory Usage": 747, "Workers": [{"Worker Number": 0, "Cache Hits": 431659, "Cache Misses": 3113, "Cache Evictions": 0, "Cache Overflows": 0, "Peak Memory Usage": 1042}], "Plans": [{"Node Type": "Index Only Scan", "Parent Relationship": "Outer", "Parallel Aware": false, "Async Capable": false, "Scan Direction": "Forward", "Index Name": "idx_badges_userid", "Relation Name": "badges", "Alias": "b", "Startup Cost": 0.29, "Total Cost": 0.53, "Plan Rows": 3, "Plan Width": 4, "Actual Rows": 8, "Actual Loops": 5243, "Index Cond": "(userid = p.owneruserid)", "Rows Removed by Index Recheck": 0, "Heap Fetches": 0, "Workers": []}]}]}, {"Node Type": "Hash", "Parent Relationship": "Inner", "Parallel Aware": true, "Async Capable": false, "Startup Cost": 6640.0, "Total Cost": 6640.0, "Plan Rows": 114598, "Plan Width": 8, "Actual Rows": 72204, "Actual Loops": 2, "Hash Buckets": 524288, "Original Hash Buckets": 524288, "Hash Batches": 1, "Original Hash Batches": 1, "Peak Memory Usage": 9792, "Workers": [], "Plans": [{"Node Type": "Hash Join", "Parent Relationship": "Outer", "Parallel Aware": false, "Async Capable": false, "Join Type": "Inner", "Startup Cost": 2151.51, "Total Cost": 6640.0, "Plan Rows": 114598, "Plan Width": 8, "Actual Rows": 72204, "Actual Loops": 2, "Inner Unique": true, "Hash Cond": "(ph.userid = u.id)", "Workers": [], "Plans": [{"Node Type": "Index Only Scan", "Parent Relationship": "Outer", "Parallel Aware": true, "Async Capable": false, "Scan Direction": "Forward", "Index Name": "idx_posthistory_userid", "Relation Name": "posthistory", "Alias": "ph", "Startup Cost": 0.42, "Total Cost": 4157.26, "Plan Rows": 126328, "Plan Width": 4, "Actual Rows": 151594, "Actual Loops": 2, "Heap Fetches": 0, "Workers": []}, {"Node Type": "Hash", "Parent Relationship": "Inner", "Parallel Aware": false, "Async Capable": false, "Startup Cost": 1659.6, "Total Cost": 1659.6, "Plan Rows": 39319, "Plan Width": 4, "Actual Rows": 39532, "Actual Loops": 2, "Hash Buckets": 65536, "Original Hash Buckets": 65536, "Hash Batches": 1, "Original Hash Batches": 1, "Peak Memory Usage": 1902, "Workers": [], "Plans": [{"Node Type": "Index Scan", "Parent Relationship": "Outer", "Parallel Aware": false, "Async Capable": false, "Scan Direction": "Forward", "Index Name": "users_pkey", "Relation Name": "users", "Alias": "u", "Startup Cost": 0.29, "Total Cost": 1659.6, "Plan Rows": 39319, "Plan Width": 4, "Actual Rows": 39532, "Actual Loops": 2, "Filter": "((downvotes <= 0) AND (upvotes >= 0) AND (upvotes <= 123))", "Rows Removed by Filter": 793, "Workers": []}]}]}]}]}]}]}]}, "Planning Time": 8.758, "Triggers": [], "Execution Time": 11381.891}, {"Plan": {"Node Type": "Aggregate", "Strategy": "Plain", "Partial Mode": "Finalize", "Parallel Aware": false, "Async Capable": false, "Startup Cost": 71221070.86, "Total Cost": 71221070.87, "Plan Rows": 1, "Plan Width": 8, "Actual Rows": 1, "Actual Loops": 1, "Plans": [{"Node Type": "Gather", "Parent Relationship": "Outer", "Parallel Aware": false, "Async Capable": false, "Startup Cost": 71221070.75, "Total Cost": 71221070.86, "Plan Rows": 1, "Plan Width": 8, "Actual Rows": 2, "Actual Loops": 1, "Workers Planned": 1, "Workers Launched": 1, "Single Copy": false, "Plans": [{"Node Type": "Aggregate", "Strategy": "Plain", "Partial Mode": "Partial", "Parent Relationship": "Outer", "Parallel Aware": false, "Async Capable": false, "Startup Cost": 71220070.75, "Total Cost": 71220070.76, "Plan Rows": 1, "Plan Width": 8, "Actual Rows": 1, "Actual Loops": 2, "Workers": [], "Plans": [{"Node Type": "Hash Join", "Parent Relationship": "Outer", "Parallel Aware": true, "Async Capable": false, "Join Type": "Inner", "Startup Cost": 9007.76, "Total Cost": 1536168.84, "Plan Rows": 27873560763, "Plan Width": 0, "Actual Rows": 127677904, "Actual Loops": 2, "Inner Unique": false, "Hash Cond": "(ph.userid = u.id)", "Workers": [], "Plans": [{"Node Type": "Nested Loop", "Parent Relationship": "Outer", "Parallel Aware": false, "Async Capable": false, "Join Type": "Inner", "Startup Cost": 3175.76, "Total Cost": 125427.16, "Plan Rows": 51950928, "Plan Width": 12, "Actual Rows": 75444486, "Actual Loops": 2, "Inner Unique": false, "Join Filter": "(ph.userid = b.userid)", "Rows Removed by Join Filter": 0, "Workers": [], "Plans": [{"Node Type": "Hash Join", "Parent Relationship": "Outer", "Parallel Aware": false, "Async Capable": false, "Join Type": "Inner", "Startup Cost": 3175.33, "Total Cost": 107916.41, "Plan Rows": 64576, "Plan Width": 8, "Actual Rows": 105922, "Actual Loops": 2, "Inner Unique": false, "Hash Cond": "(b.userid = p.owneruserid)", "Workers": [], "Plans": [{"Node Type": "Index Only Scan", "Parent Relationship": "Outer", "Parallel Aware": true, "Async Capable": false, "Scan Direction": "Forward", "Index Name": "idx_badges_userid", "Relation Name": "badges", "Alias": "b", "Startup Cost": 0.29, "Total Cost": 1405.26, "Plan Rows": 46971, "Plan Width": 4, "Actual Rows": 39926, "Actual Loops": 2, "Heap Fetches": 0, "Workers": []}, {"Node Type": "Hash", "Parent Relationship": "Inner", "Parallel Aware": false, "Async Capable": false, "Startup Cost": 3139.4, "Total Cost": 3139.4, "Plan Rows": 2851, "Plan Width": 4, "Actual Rows": 12747, "Actual Loops": 2, "Hash Buckets": 16384, "Original Hash Buckets": 4096, "Hash Batches": 1, "Original Hash Batches": 1, "Peak Memory Usage": 577, "Workers": [], "Plans": [{"Node Type": "Seq Scan", "Parent Relationship": "Outer", "Parallel Aware": false, "Async Capable": false, "Relation Name": "posts", "Alias": "p", "Startup Cost": 0.0, "Total Cost": 3139.4, "Plan Rows": 2851, "Plan Width": 4, "Actual Rows": 13007, "Actual Loops": 2, "Filter": "((viewcount >= 0) AND (viewcount <= 25597) AND (commentcount >= 0) AND (commentcount <= 11) AND (favoritecount >= 0) AND (posttypeid = 1))", "Rows Removed by Filter": 78969, "Workers": []}]}]}, {"Node Type": "Memoize", "Parent Relationship": "Inner", "Parallel Aware": false, "Async Capable": false, "Startup Cost": 0.43, "Total Cost": 1.17, "Plan Rows": 14, "Plan Width": 4, "Actual Rows": 712, "Actual Loops": 211843, "Cache Key": "p.owneruserid", "Cache Mode": "logical", "Cache Hits": 132285, "Cache Misses": 3694, "Cache Evictions": 0, "Cache Overflows": 0, "Peak Memory Usage": 4243, "Workers": [{"Worker Number": 0, "Cache Hits": 72962, "Cache Misses": 2902, "Cache Evictions": 0, "Cache Overflows": 0, "Peak Memory Usage": 2902}], "Plans": [{"Node Type": "Index Only Scan", "Parent Relationship": "Outer", "Parallel Aware": false, "Async Capable": false, "Scan Direction": "Forward", "Index Name": "idx_posthistory_userid", "Relation Name": "posthistory", "Alias": "ph", "Startup Cost": 0.42, "Total Cost": 1.16, "Plan Rows": 14, "Plan Width": 4, "Actual Rows": 29, "Actual Loops": 6596, "Index Cond": "(userid = p.owneruserid)", "Rows Removed by Index Recheck": 0, "Heap Fetches": 0, "Workers": []}]}]}, {"Node Type": "Hash", "Parent Relationship": "Inner", "Parallel Aware": true, "Async Capable": false, "Startup Cost": 4637.72, "Total Cost": 4637.72, "Plan Rows": 95542, "Plan Width": 8, "Actual Rows": 28814, "Actual Loops": 2, "Hash Buckets": 262144, "Original Hash Buckets": 262144, "Hash Batches": 1, "Original Hash Batches": 1, "Peak Memory Usage": 4320, "Workers": [], "Plans": [{"Node Type": "Hash Join", "Parent Relationship": "Outer", "Parallel Aware": false, "Async Capable": false, "Join Type": "Inner", "Startup Cost": 1494.18, "Total Cost": 4637.72, "Plan Rows": 95542, "Plan Width": 8, "Actual Rows": 28814, "Actual Loops": 2, "Inner Unique": true, "Hash Cond": "(c.userid = u.id)", "Workers": [], "Plans": [{"Node Type": "Seq Scan", "Parent Relationship": "Outer", "Parallel Aware": true, "Async Capable": false, "Relation Name": "comments", "Alias": "c", "Startup Cost": 0.0, "Total Cost": 2881.99, "Plan Rows": 99635, "Plan Width": 4, "Actual Rows": 84656, "Actual Loops": 2, "Filter": "((creationdate >= '2010-08-19 09:33:49'::timestamp without time zone) AND (creationdate <= '2014-08-28 06:54:21'::timestamp without time zone))", "Rows Removed by Filter": 2497, "Workers": []}, {"Node Type": "Hash", "Parent Relationship": "Inner", "Parallel Aware": false, "Async Capable": false, "Startup Cost": 1002.69, "Total Cost": 1002.69, "Plan Rows": 39319, "Plan Width": 4, "Actual Rows": 39532, "Actual Loops": 2, "Hash Buckets": 65536, "Original Hash Buckets": 65536, "Hash Batches": 1, "Original Hash Batches": 1, "Peak Memory Usage": 1902, "Workers": [], "Plans": [{"Node Type": "Seq Scan", "Parent Relationship": "Outer", "Parallel Aware": false, "Async Capable": false, "Relation Name": "users", "Alias": "u", "Startup Cost": 0.0, "Total Cost": 1002.69, "Plan Rows": 39319, "Plan Width": 4, "Actual Rows": 39532, "Actual Loops": 2, "Filter": "((downvotes <= 0) AND (upvotes >= 0) AND (upvotes <= 123))", "Rows Removed by Filter": 793, "Workers": []}]}]}]}]}]}]}]}, "Planning Time": 8.382, "Triggers": [], "Execution Time": 13487.666}, {"Plan": {"Node Type": "Aggregate", "Strategy": "Plain", "Partial Mode": "Finalize", "Parallel Aware": false, "Async Capable": false, "Startup Cost": 71366624.62, "Total Cost": 71366624.63, "Plan Rows": 1, "Plan Width": 8, "Actual Rows": 1, "Actual Loops": 1, "Plans": [{"Node Type": "Gather", "Parent Relationship": "Outer", "Parallel Aware": false, "Async Capable": false, "Startup Cost": 71366624.51, "Total Cost": 71366624.62, "Plan Rows": 1, "Plan Width": 8, "Actual Rows": 2, "Actual Loops": 1, "Workers Planned": 1, "Workers Launched": 1, "Single Copy": false, "Plans": [{"Node Type": "Aggregate", "Strategy": "Plain", "Partial Mode": "Partial", "Parent Relationship": "Outer", "Parallel Aware": false, "Async Capable": false, "Startup Cost": 71365624.51, "Total Cost": 71365624.52, "Plan Rows": 1, "Plan Width": 8, "Actual Rows": 1, "Actual Loops": 2, "Workers": [], "Plans": [{"Node Type": "Hash Join", "Parent Relationship": "Outer", "Parallel Aware": true, "Async Capable": false, "Join Type": "Inner", "Startup Cost": 114555.6, "Total Cost": 1681722.6, "Plan Rows": 27873560763, "Plan Width": 0, "Actual Rows": 127677904, "Actual Loops": 2, "Inner Unique": false, "Hash Cond": "(ph.userid = u.id)", "Workers": [], "Plans": [{"Node Type": "Hash Join", "Parent Relationship": "Outer", "Parallel Aware": true, "Async Capable": false, "Join Type": "Inner", "Startup Cost": 108723.61, "Total Cost": 270980.92, "Plan Rows": 51950928, "Plan Width": 12, "Actual Rows": 75444486, "Actual Loops": 2, "Inner Unique": false, "Hash Cond": "(ph.userid = b.userid)", "Workers": [], "Plans": [{"Node Type": "Seq Scan", "Parent Relationship": "Outer", "Parallel Aware": true, "Async Capable": false, "Relation Name": "posthistory", "Alias": "ph", "Startup Cost": 0.0, "Total Cost": 4023.45, "Plan Rows": 178345, "Plan Width": 4, "Actual Rows": 151594, "Actual Loops": 2, "Workers": []}, {"Node Type": "Hash", "Parent Relationship": "Inner", "Parallel Aware": true, "Async Capable": false, "Startup Cost": 107916.41, "Total Cost": 107916.41, "Plan Rows": 64576, "Plan Width": 8, "Actual Rows": 105922, "Actual Loops": 2, "Hash Buckets": 262144, "Original Hash Buckets": 131072, "Hash Batches": 1, "Original Hash Batches": 1, "Peak Memory Usage": 11392, "Workers": [], "Plans": [{"Node Type": "Hash Join", "Parent Relationship": "Outer", "Parallel Aware": false, "Async Capable": false, "Join Type": "Inner", "Startup Cost": 3175.33, "Total Cost": 107916.41, "Plan Rows": 64576, "Plan Width": 8, "Actual Rows": 105922, "Actual Loops": 2, "Inner Unique": false, "Hash Cond": "(b.userid = p.owneruserid)", "Workers": [], "Plans": [{"Node Type": "Index Only Scan", "Parent Relationship": "Outer", "Parallel Aware": true, "Async Capable": false, "Scan Direction": "Forward", "Index Name": "idx_badges_userid", "Relation Name": "badges", "Alias": "b", "Startup Cost": 0.29, "Total Cost": 1405.26, "Plan Rows": 46971, "Plan Width": 4, "Actual Rows": 39926, "Actual Loops": 2, "Heap Fetches": 0, "Workers": []}, {"Node Type": "Hash", "Parent Relationship": "Inner", "Parallel Aware": false, "Async Capable": false, "Startup Cost": 3139.4, "Total Cost": 3139.4, "Plan Rows": 2851, "Plan Width": 4, "Actual Rows": 12747, "Actual Loops": 2, "Hash Buckets": 16384, "Original Hash Buckets": 4096, "Hash Batches": 1, "Original Hash Batches": 1, "Peak Memory Usage": 577, "Workers": [], "Plans": [{"Node Type": "Seq Scan", "Parent Relationship": "Outer", "Parallel Aware": false, "Async Capable": false, "Relation Name": "posts", "Alias": "p", "Startup Cost": 0.0, "Total Cost": 3139.4, "Plan Rows": 2851, "Plan Width": 4, "Actual Rows": 13007, "Actual Loops": 2, "Filter": "((viewcount >= 0) AND (viewcount <= 25597) AND (commentcount >= 0) AND (commentcount <= 11) AND (favoritecount >= 0) AND (posttypeid = 1))", "Rows Removed by Filter": 78969, "Workers": []}]}]}]}]}, {"Node Type": "Hash", "Parent Relationship": "Inner", "Parallel Aware": true, "Async Capable": false, "Startup Cost": 4637.72, "Total Cost": 4637.72, "Plan Rows": 95542, "Plan Width": 8, "Actual Rows": 28814, "Actual Loops": 2, "Hash Buckets": 262144, "Original Hash Buckets": 262144, "Hash Batches": 1, "Original Hash Batches": 1, "Peak Memory Usage": 4320, "Workers": [], "Plans": [{"Node Type": "Hash Join", "Parent Relationship": "Outer", "Parallel Aware": false, "Async Capable": false, "Join Type": "Inner", "Startup Cost": 1494.18, "Total Cost": 4637.72, "Plan Rows": 95542, "Plan Width": 8, "Actual Rows": 28814, "Actual Loops": 2, "Inner Unique": true, "Hash Cond": "(c.userid = u.id)", "Workers": [], "Plans": [{"Node Type": "Seq Scan", "Parent Relationship": "Outer", "Parallel Aware": true, "Async Capable": false, "Relation Name": "comments", "Alias": "c", "Startup Cost": 0.0, "Total Cost": 2881.99, "Plan Rows": 99635, "Plan Width": 4, "Actual Rows": 84656, "Actual Loops": 2, "Filter": "((creationdate >= '2010-08-19 09:33:49'::timestamp without time zone) AND (creationdate <= '2014-08-28 06:54:21'::timestamp without time zone))", "Rows Removed by Filter": 2497, "Workers": []}, {"Node Type": "Hash", "Parent Relationship": "Inner", "Parallel Aware": false, "Async Capable": false, "Startup Cost": 1002.69, "Total Cost": 1002.69, "Plan Rows": 39319, "Plan Width": 4, "Actual Rows": 39532, "Actual Loops": 2, "Hash Buckets": 65536, "Original Hash Buckets": 65536, "Hash Batches": 1, "Original Hash Batches": 1, "Peak Memory Usage": 1902, "Workers": [], "Plans": [{"Node Type": "Seq Scan", "Parent Relationship": "Outer", "Parallel Aware": false, "Async Capable": false, "Relation Name": "users", "Alias": "u", "Startup Cost": 0.0, "Total Cost": 1002.69, "Plan Rows": 39319, "Plan Width": 4, "Actual Rows": 39532, "Actual Loops": 2, "Filter": "((downvotes <= 0) AND (upvotes >= 0) AND (upvotes <= 123))", "Rows Removed by Filter": 793, "Workers": []}]}]}]}]}]}]}]}, "Planning Time": 9.878, "Triggers": [], "Execution Time": 13810.153}, {"Plan": {"Node Type": "Aggregate", "Strategy": "Plain", "Partial Mode": "Simple", "Parallel Aware": false, "Async Capable": false, "Startup Cost": 50122496115.24, "Total Cost": 50122496115.25, "Plan Rows": 1, "Plan Width": 8, "Actual Rows": 1, "Actual Loops": 1, "Plans": [{"Node Type": "Hash Join", "Parent Relationship": "Outer", "Parallel Aware": false, "Async Capable": false, "Join Type": "Inner", "Startup Cost": 50000014394.77, "Total Cost": 50004033482.0, "Plan Rows": 47385053297, "Plan Width": 0, "Actual Rows": 255355807, "Actual Loops": 1, "Inner Unique": false, "Hash Cond": "(ph.userid = u.id)", "Plans": [{"Node Type": "Nested Loop", "Parent Relationship": "Outer", "Parallel Aware": false, "Async Capable": false, "Join Type": "Inner", "Startup Cost": 30000000015.04, "Total Cost": 30000047217.61, "Plan Rows": 88316578, "Plan Width": 12, "Actual Rows": 150888972, "Actual Loops": 1, "Inner Unique": false, "Join Filter": "(ph.userid = b.userid)", "Rows Removed by Join Filter": 0, "Plans": [{"Node Type": "Merge Join", "Parent Relationship": "Outer", "Parallel Aware": false, "Async Capable": false, "Join Type": "Inner", "Startup Cost": 20000000014.04, "Total Cost": 20000008778.53, "Plan Rows": 109779, "Plan Width": 8, "Actual Rows": 211843, "Actual Loops": 1, "Inner Unique": false, "Merge Cond": "(p.owneruserid = b.userid)", "Plans": [{"Node Type": "Index Scan", "Parent Relationship": "Outer", "Parallel Aware": false, "Async Capable": false, "Scan Direction": "Forward", "Index Name": "idx_posts_owneruserid", "Relation Name": "posts", "Alias": "p", "Startup Cost": 10000000000.29, "Total Cost": 10000005473.31, "Plan Rows": 2851, "Plan Width": 4, "Actual Rows": 12748, "Actual Loops": 1, "Filter": "((viewcount >= 0) AND (viewcount <= 25597) AND (commentcount >= 0) AND (commentcount <= 11) AND (favoritecount >= 0) AND (posttypeid = 1))", "Rows Removed by Filter": 77837}, {"Node Type": "Materialize", "Parent Relationship": "Inner", "Parallel Aware": false, "Async Capable": false, "Startup Cost": 10000000000.29, "Total Cost": 10000001933.68, "Plan Rows": 79851, "Plan Width": 4, "Actual Rows": 249281, "Actual Loops": 1, "Plans": [{"Node Type": "Index Only Scan", "Parent Relationship": "Outer", "Parallel Aware": false, "Async Capable": false, "Scan Direction": "Forward", "Index Name": "idx_badges_userid", "Relation Name": "badges", "Alias": "b", "Startup Cost": 10000000000.29, "Total Cost": 10000001734.06, "Plan Rows": 79851, "Plan Width": 4, "Actual Rows": 79850, "Actual Loops": 1, "Heap Fetches": 0}]}]}, {"Node Type": "Memoize", "Parent Relationship": "Inner", "Parallel Aware": false, "Async Capable": false, "Startup Cost": 1.0, "Total Cost": 5.17, "Plan Rows": 14, "Plan Width": 4, "Actual Rows": 712, "Actual Loops": 211843, "Cache Key": "p.owneruserid", "Cache Mode": "logical", "Cache Hits": 205247, "Cache Misses": 6596, "Cache Evictions": 0, "Cache Overflows": 0, "Peak Memory Usage": 7144, "Plans": [{"Node Type": "Bitmap Heap Scan", "Parent Relationship": "Outer", "Parallel Aware": false, "Async Capable": false, "Relation Name": "posthistory", "Alias": "ph", "Startup Cost": 0.99, "Total Cost": 5.16, "Plan Rows": 14, "Plan Width": 4, "Actual Rows": 29, "Actual Loops": 6596, "Recheck Cond": "(p.owneruserid = userid)", "Rows Removed by Index Recheck": 0, "Exact Heap Blocks": 62799, "Lossy Heap Blocks": 0, "Plans": [{"Node Type": "Bitmap Index Scan", "Parent Relationship": "Outer", "Parallel Aware": false, "Async Capable": false, "Index Name": "idx_posthistory_userid", "Startup Cost": 0.0, "Total Cost": 0.98, "Plan Rows": 14, "Plan Width": 0, "Actual Rows": 29, "Actual Loops": 6596, "Index Cond": "(userid = p.owneruserid)"}]}]}]}, {"Node Type": "Hash", "Parent Relationship": "Inner", "Parallel Aware": false, "Async Capable": false, "Startup Cost": 20000012349.46, "Total Cost": 20000012349.46, "Plan Rows": 162422, "Plan Width": 8, "Actual Rows": 57627, "Actual Loops": 1, "Hash Buckets": 262144, "Original Hash Buckets": 262144, "Hash Batches": 1, "Original Hash Batches": 1, "Peak Memory Usage": 4300, "Plans": [{"Node Type": "Merge Join", "Parent Relationship": "Outer", "Parallel Aware": false, "Async Capable": false, "Join Type": "Inner", "Startup Cost": 20000000000.72, "Total Cost": 20000012349.46, "Plan Rows": 162422, "Plan Width": 8, "Actual Rows": 57627, "Actual Loops": 1, "Inner Unique": true, "Merge Cond": "(c.userid = u.id)", "Plans": [{"Node Type": "Index Scan", "Parent Relationship": "Outer", "Parallel Aware": false, "Async Capable": false, "Scan Direction": "Forward", "Index Name": "idx_comments_userid", "Relation Name": "comments", "Alias": "c", "Startup Cost": 10000000000.3, "Total Cost": 10000008694.72, "Plan Rows": 169379, "Plan Width": 4, "Actual Rows": 166684, "Actual Loops": 1, "Filter": "((creationdate >= '2010-08-19 09:33:49'::timestamp without time zone) AND (creationdate <= '2014-08-28 06:54:21'::timestamp without time zone))", "Rows Removed by Filter": 4956}, {"Node Type": "Index Scan", "Parent Relationship": "Inner", "Parallel Aware": false, "Async Capable": false, "Scan Direction": "Forward", "Index Name": "users_pkey", "Relation Name": "users", "Alias": "u", "Startup Cost": 10000000000.29, "Total Cost": 10000001659.6, "Plan Rows": 39319, "Plan Width": 4, "Actual Rows": 38636, "Actual Loops": 1, "Filter": "((downvotes <= 0) AND (upvotes >= 0) AND (upvotes <= 123))", "Rows Removed by Filter": 792}]}]}]}]}, "Planning Time": 5.094, "Triggers": [], "Execution Time": 26913.26}, {"Plan": {"Node Type": "Aggregate", "Strategy": "Plain", "Partial Mode": "Simple", "Parallel Aware": false, "Async Capable": false, "Startup Cost": 10130584665.31, "Total Cost": 10130584665.32, "Plan Rows": 1, "Plan Width": 8, "Actual Rows": 1, "Actual Loops": 1, "Plans": [{"Node Type": "Nested Loop", "Parent Relationship": "Outer", "Parallel Aware": false, "Async Capable": false, "Join Type": "Inner", "Startup Cost": 10000000002.33, "Total Cost": 10012122032.06, "Plan Rows": 47385053297, "Plan Width": 0, "Actual Rows": 255355807, "Actual Loops": 1, "Inner Unique": false, "Plans": [{"Node Type": "Nested Loop", "Parent Relationship": "Outer", "Parallel Aware": false, "Async Capable": false, "Join Type": "Inner", "Startup Cost": 10000000001.75, "Total Cost": 10000065194.03, "Plan Rows": 63309302, "Plan Width": 16, "Actual Rows": 1885363, "Actual Loops": 1, "Inner Unique": false, "Join Filter": "(c.userid = u.id)", "Rows Removed by Join Filter": 0, "Plans": [{"Node Type": "Nested Loop", "Parent Relationship": "Outer", "Parallel Aware": false, "Async Capable": false, "Join Type": "Inner", "Startup Cost": 10000000001.09, "Total Cost": 10000029727.64, "Plan Rows": 107040, "Plan Width": 12, "Actual Rows": 69518, "Actual Loops": 1, "Inner Unique": false, "Plans": [{"Node Type": "Nested Loop", "Parent Relationship": "Outer", "Parallel Aware": false, "Async Capable": false, "Join Type": "Inner", "Startup Cost": 10000000000.76, "Total Cost": 10000017688.97, "Plan Rows": 2738, "Plan Width": 8, "Actual Rows": 9610, "Actual Loops": 1, "Inner Unique": true, "Plans": [{"Node Type": "Index Scan", "Parent Relationship": "Outer", "Parallel Aware": false, "Async Capable": false, "Scan Direction": "Forward", "Index Name": "idx_posts_owneruserid", "Relation Name": "posts", "Alias": "p", "Startup Cost": 10000000000.29, "Total Cost": 10000005473.31, "Plan Rows": 2851, "Plan Width": 4, "Actual Rows": 13007, "Actual Loops": 1, "Filter": "((viewcount >= 0) AND (viewcount <= 25597) AND (commentcount >= 0) AND (commentcount <= 11) AND (favoritecount >= 0) AND (posttypeid = 1))", "Rows Removed by Filter": 78969}, {"Node Type": "Memoize", "Parent Relationship": "Inner", "Parallel Aware": false, "Async Capable": false, "Startup Cost": 0.47, "Total Cost": 4.49, "Plan Rows": 1, "Plan Width": 4, "Actual Rows": 1, "Actual Loops": 13007, "Cache Key": "p.owneruserid", "Cache Mode": "logical", "Cache Hits": 6288, "Cache Misses": 6719, "Cache Evictions": 0, "Cache Overflows": 0, "Peak Memory Usage": 664, "Plans": [{"Node Type": "Bitmap Heap Scan", "Parent Relationship": "Outer", "Parallel Aware": false, "Async Capable": false, "Relation Name": "users", "Alias": "u", "Startup Cost": 0.46, "Total Cost": 4.48, "Plan Rows": 1, "Plan Width": 4, "Actual Rows": 1, "Actual Loops": 6719, "Recheck Cond": "(p.owneruserid = id)", "Rows Removed by Index Recheck": 0, "Filter": "((downvotes <= 0) AND (upvotes >= 0) AND (upvotes <= 123))", "Rows Removed by Filter": 0, "Exact Heap Blocks": 6718, "Lossy Heap Blocks": 0, "Plans": [{"Node Type": "Bitmap Index Scan", "Parent Relationship": "Outer", "Parallel Aware": false, "Async Capable": false, "Index Name": "users_pkey", "Startup Cost": 0.0, "Total Cost": 0.46, "Plan Rows": 1, "Plan Width": 0, "Actual Rows": 1, "Actual Loops": 6719, "Index Cond": "(id = p.owneruserid)"}]}]}]}, {"Node Type": "Bitmap Heap Scan", "Parent Relationship": "Inner", "Parallel Aware": false, "Async Capable": false, "Relation Name": "badges", "Alias": "b", "Startup Cost": 0.33, "Total Cost": 4.37, "Plan Rows": 3, "Plan Width": 4, "Actual Rows": 7, "Actual Loops": 9610, "Recheck Cond": "(userid = u.id)", "Rows Removed by Index Recheck": 0, "Exact Heap Blocks": 55677, "Lossy Heap Blocks": 0, "Plans": [{"Node Type": "Bitmap Index Scan", "Parent Relationship": "Outer", "Parallel Aware": false, "Async Capable": false, "Index Name": "idx_badges_userid", "Startup Cost": 0.0, "Total Cost": 0.33, "Plan Rows": 3, "Plan Width": 0, "Actual Rows": 7, "Actual Loops": 9610, "Index Cond": "(userid = u.id)"}]}]}, {"Node Type": "Memoize", "Parent Relationship": "Inner", "Parallel Aware": false, "Async Capable": false, "Startup Cost": 0.67, "Total Cost": 4.89, "Plan Rows": 13, "Plan Width": 4, "Actual Rows": 27, "Actual Loops": 69518, "Cache Key": "p.owneruserid", "Cache Mode": "logical", "Cache Hits": 63467, "Cache Misses": 6051, "Cache Evictions": 0, "Cache Overflows": 0, "Peak Memory Usage": 1587, "Plans": [{"Node Type": "Bitmap Heap Scan", "Parent Relationship": "Outer", "Parallel Aware": false, "Async Capable": false, "Relation Name": "comments", "Alias": "c", "Startup Cost": 0.66, "Total Cost": 4.88, "Plan Rows": 13, "Plan Width": 4, "Actual Rows": 6, "Actual Loops": 6051, "Recheck Cond": "(userid = p.owneruserid)", "Rows Removed by Index Recheck": 0, "Filter": "((creationdate >= '2010-08-19 09:33:49'::timestamp without time zone) AND (creationdate <= '2014-08-28 06:54:21'::timestamp without time zone))", "Rows Removed by Filter": 0, "Exact Heap Blocks": 19210, "Lossy Heap Blocks": 0, "Plans": [{"Node Type": "Bitmap Index Scan", "Parent Relationship": "Outer", "Parallel Aware": false, "Async Capable": false, "Index Name": "idx_comments_userid", "Startup Cost": 0.0, "Total Cost": 0.65, "Plan Rows": 13, "Plan Width": 0, "Actual Rows": 6, "Actual Loops": 6051, "Index Cond": "(userid = p.owneruserid)"}]}]}]}, {"Node Type": "Memoize", "Parent Relationship": "Inner", "Parallel Aware": false, "Async Capable": false, "Startup Cost": 0.57, "Total Cost": 4.75, "Plan Rows": 14, "Plan Width": 4, "Actual Rows": 135, "Actual Loops": 1885363, "Cache Key": "u.id", "Cache Mode": "logical", "Cache Hits": 1880730, "Cache Misses": 4633, "Cache Evictions": 0, "Cache Overflows": 0, "Peak Memory Usage": 2814, "Plans": [{"Node Type": "Bitmap Heap Scan", "Parent Relationship": "Outer", "Parallel Aware": false, "Async Capable": false, "Relation Name": "posthistory", "Alias": "ph", "Startup Cost": 0.56, "Total Cost": 4.74, "Plan Rows": 14, "Plan Width": 4, "Actual Rows": 15, "Actual Loops": 4633, "Recheck Cond": "(userid = u.id)", "Rows Removed by Index Recheck": 0, "Exact Heap Blocks": 24527, "Lossy Heap Blocks": 0, "Plans": [{"Node Type": "Bitmap Index Scan", "Parent Relationship": "Outer", "Parallel Aware": false, "Async Capable": false, "Index Name": "idx_posthistory_userid", "Startup Cost": 0.0, "Total Cost": 0.56, "Plan Rows": 14, "Plan Width": 0, "Actual Rows": 15, "Actual Loops": 4633, "Index Cond": "(userid = u.id)"}]}]}]}]}, "Planning Time": 4.876, "Triggers": [], "Execution Time": 11986.683}, {"Plan": {"Node Type": "Aggregate", "Strategy": "Plain", "Partial Mode": "Finalize", "Parallel Aware": false, "Async Capable": false, "Startup Cost": 71203605.97, "Total Cost": 71203605.98, "Plan Rows": 1, "Plan Width": 8, "Actual Rows": 1, "Actual Loops": 1, "Plans": [{"Node Type": "Gather", "Parent Relationship": "Outer", "Parallel Aware": false, "Async Capable": false, "Startup Cost": 71203605.86, "Total Cost": 71203605.97, "Plan Rows": 1, "Plan Width": 8, "Actual Rows": 2, "Actual Loops": 1, "Workers Planned": 1, "Workers Launched": 1, "Single Copy": false, "Plans": [{"Node Type": "Aggregate", "Strategy": "Plain", "Partial Mode": "Partial", "Parent Relationship": "Outer", "Parallel Aware": false, "Async Capable": false, "Startup Cost": 71202605.86, "Total Cost": 71202605.87, "Plan Rows": 1, "Plan Width": 8, "Actual Rows": 1, "Actual Loops": 2, "Workers": [], "Plans": [{"Node Type": "Hash Join", "Parent Relationship": "Outer", "Parallel Aware": true, "Async Capable": false, "Join Type": "Inner", "Startup Cost": 28714.5, "Total Cost": 1518703.95, "Plan Rows": 27873560763, "Plan Width": 0, "Actual Rows": 127677904, "Actual Loops": 2, "Inner Unique": false, "Hash Cond": "(ph.userid = u.id)", "Workers": [], "Plans": [{"Node Type": "Nested Loop", "Parent Relationship": "Outer", "Parallel Aware": false, "Async Capable": false, "Join Type": "Inner", "Startup Cost": 22882.5, "Total Cost": 107962.27, "Plan Rows": 51950928, "Plan Width": 12, "Actual Rows": 75444486, "Actual Loops": 2, "Inner Unique": false, "Join Filter": "(ph.userid = b.userid)", "Rows Removed by Join Filter": 0, "Workers": [], "Plans": [{"Node Type": "Merge Join", "Parent Relationship": "Outer", "Parallel Aware": false, "Async Capable": false, "Join Type": "Inner", "Startup Cost": 22881.99, "Total Cost": 38592.78, "Plan Rows": 992079, "Plan Width": 8, "Actual Rows": 713536, "Actual Loops": 2, "Inner Unique": false, "Merge Cond": "(ph.userid = p.owneruserid)", "Workers": [], "Plans": [{"Node Type": "Sort", "Parent Relationship": "Outer", "Parallel Aware": false, "Async Capable": false, "Startup Cost": 19578.98, "Total Cost": 20024.84, "Plan Rows": 178345, "Plan Width": 4, "Actual Rows": 140928, "Actual Loops": 2, "Sort Key": ["ph.userid"], "Sort Method": "quicksort", "Sort Space Used": 6145, "Sort Space Type": "Memory", "Workers": [{"Worker Number": 0, "Sort Method": "quicksort", "Sort Space Used": 3073, "Sort Space Type": "Memory"}], "Plans": [{"Node Type": "Seq Scan", "Parent Relationship": "Outer", "Parallel Aware": true, "Async Capable": false, "Relation Name": "posthistory", "Alias": "ph", "Startup Cost": 0.0, "Total Cost": 4023.45, "Plan Rows": 178345, "Plan Width": 4, "Actual Rows": 151594, "Actual Loops": 2, "Workers": []}]}, {"Node Type": "Sort", "Parent Relationship": "Inner", "Parallel Aware": false, "Async Capable": false, "Startup Cost": 3303.01, "Total Cost": 3310.14, "Plan Rows": 2851, "Plan Width": 4, "Actual Rows": 715288, "Actual Loops": 2, "Sort Key": ["p.owneruserid"], "Sort Method": "quicksort", "Sort Space Used": 385, "Sort Space Type": "Memory", "Workers": [{"Worker Number": 0, "Sort Method": "quicksort", "Sort Space Used": 385, "Sort Space Type": "Memory"}], "Plans": [{"Node Type": "Seq Scan", "Parent Relationship": "Outer", "Parallel Aware": false, "Async Capable": false, "Relation Name": "posts", "Alias": "p", "Startup Cost": 0.0, "Total Cost": 3139.4, "Plan Rows": 2851, "Plan Width": 4, "Actual Rows": 13007, "Actual Loops": 2, "Filter": "((viewcount >= 0) AND (viewcount <= 25597) AND (commentcount >= 0) AND (commentcount <= 11) AND (favoritecount >= 0) AND (posttypeid = 1))", "Rows Removed by Filter": 78969, "Workers": []}]}]}, {"Node Type": "Memoize", "Parent Relationship": "Inner", "Parallel Aware": false, "Async Capable": false, "Startup Cost": 0.51, "Total Cost": 4.55, "Plan Rows": 3, "Plan Width": 4, "Actual Rows": 106, "Actual Loops": 1427072, "Cache Key": "p.owneruserid", "Cache Mode": "logical", "Cache Hits": 947588, "Cache Misses": 5808, "Cache Evictions": 0, "Cache Overflows": 0, "Peak Memory Usage": 1802, "Workers": [{"Worker Number": 0, "Cache Hits": 469306, "Cache Misses": 4370, "Cache Evictions": 0, "Cache Overflows": 0, "Peak Memory Usage": 1553}], "Plans": [{"Node Type": "Bitmap Heap Scan", "Parent Relationship": "Outer", "Parallel Aware": false, "Async Capable": false, "Relation Name": "badges", "Alias": "b", "Startup Cost": 0.5, "Total Cost": 4.54, "Plan Rows": 3, "Plan Width": 4, "Actual Rows": 7, "Actual Loops": 10178, "Recheck Cond": "(p.owneruserid = userid)", "Rows Removed by Index Recheck": 0, "Exact Heap Blocks": 30234, "Lossy Heap Blocks": 0, "Workers": [], "Plans": [{"Node Type": "Bitmap Index Scan", "Parent Relationship": "Outer", "Parallel Aware": false, "Async Capable": false, "Index Name": "idx_badges_userid", "Startup Cost": 0.0, "Total Cost": 0.5, "Plan Rows": 3, "Plan Width": 0, "Actual Rows": 7, "Actual Loops": 10178, "Index Cond": "(userid = p.owneruserid)", "Workers": []}]}]}]}, {"Node Type": "Hash", "Parent Relationship": "Inner", "Parallel Aware": true, "Async Capable": false, "Startup Cost": 4637.72, "Total Cost": 4637.72, "Plan Rows": 95542, "Plan Width": 8, "Actual Rows": 28814, "Actual Loops": 2, "Hash Buckets": 262144, "Original Hash Buckets": 262144, "Hash Batches": 1, "Original Hash Batches": 1, "Peak Memory Usage": 4352, "Workers": [], "Plans": [{"Node Type": "Hash Join", "Parent Relationship": "Outer", "Parallel Aware": false, "Async Capable": false, "Join Type": "Inner", "Startup Cost": 1494.18, "Total Cost": 4637.72, "Plan Rows": 95542, "Plan Width": 8, "Actual Rows": 28814, "Actual Loops": 2, "Inner Unique": true, "Hash Cond": "(c.userid = u.id)", "Workers": [], "Plans": [{"Node Type": "Seq Scan", "Parent Relationship": "Outer", "Parallel Aware": true, "Async Capable": false, "Relation Name": "comments", "Alias": "c", "Startup Cost": 0.0, "Total Cost": 2881.99, "Plan Rows": 99635, "Plan Width": 4, "Actual Rows": 84656, "Actual Loops": 2, "Filter": "((creationdate >= '2010-08-19 09:33:49'::timestamp without time zone) AND (creationdate <= '2014-08-28 06:54:21'::timestamp without time zone))", "Rows Removed by Filter": 2497, "Workers": []}, {"Node Type": "Hash", "Parent Relationship": "Inner", "Parallel Aware": false, "Async Capable": false, "Startup Cost": 1002.69, "Total Cost": 1002.69, "Plan Rows": 39319, "Plan Width": 4, "Actual Rows": 39532, "Actual Loops": 2, "Hash Buckets": 65536, "Original Hash Buckets": 65536, "Hash Batches": 1, "Original Hash Batches": 1, "Peak Memory Usage": 1902, "Workers": [], "Plans": [{"Node Type": "Seq Scan", "Parent Relationship": "Outer", "Parallel Aware": false, "Async Capable": false, "Relation Name": "users", "Alias": "u", "Startup Cost": 0.0, "Total Cost": 1002.69, "Plan Rows": 39319, "Plan Width": 4, "Actual Rows": 39532, "Actual Loops": 2, "Filter": "((downvotes <= 0) AND (upvotes >= 0) AND (upvotes <= 123))", "Rows Removed by Filter": 793, "Workers": []}]}]}]}]}]}]}]}, "Planning Time": 6.56, "Triggers": [], "Execution Time": 18664.085}, {"Plan": {"Node Type": "Aggregate", "Strategy": "Plain", "Partial Mode": "Finalize", "Parallel Aware": false, "Async Capable": false, "Startup Cost": 71325933.06, "Total Cost": 71325933.07, "Plan Rows": 1, "Plan Width": 8, "Actual Rows": 1, "Actual Loops": 1, "Plans": [{"Node Type": "Gather", "Parent Relationship": "Outer", "Parallel Aware": false, "Async Capable": false, "Startup Cost": 71325932.94, "Total Cost": 71325933.05, "Plan Rows": 1, "Plan Width": 8, "Actual Rows": 2, "Actual Loops": 1, "Workers Planned": 1, "Workers Launched": 1, "Single Copy": false, "Plans": [{"Node Type": "Aggregate", "Strategy": "Plain", "Partial Mode": "Partial", "Parent Relationship": "Outer", "Parallel Aware": false, "Async Capable": false, "Startup Cost": 71324932.94, "Total Cost": 71324932.95, "Plan Rows": 1, "Plan Width": 8, "Actual Rows": 1, "Actual Loops": 2, "Workers": [], "Plans": [{"Node Type": "Hash Join", "Parent Relationship": "Outer", "Parallel Aware": true, "Async Capable": false, "Join Type": "Inner", "Startup Cost": 42713.33, "Total Cost": 1641031.04, "Plan Rows": 27873560763, "Plan Width": 0, "Actual Rows": 127677904, "Actual Loops": 2, "Inner Unique": false, "Hash Cond": "(ph.userid = u.id)", "Workers": [], "Plans": [{"Node Type": "Merge Join", "Parent Relationship": "Outer", "Parallel Aware": false, "Async Capable": false, "Join Type": "Inner", "Startup Cost": 36881.33, "Total Cost": 230289.36, "Plan Rows": 51950928, "Plan Width": 12, "Actual Rows": 75444486, "Actual Loops": 2, "Inner Unique": false, "Merge Cond": "(ph.userid = b.userid)", "Workers": [], "Plans": [{"Node Type": "Sort", "Parent Relationship": "Outer", "Parallel Aware": false, "Async Capable": false, "Startup Cost": 19578.98, "Total Cost": 20024.84, "Plan Rows": 178345, "Plan Width": 4, "Actual Rows": 140928, "Actual Loops": 2, "Sort Key": ["ph.userid"], "Sort Method": "quicksort", "Sort Space Used": 6145, "Sort Space Type": "Memory", "Workers": [{"Worker Number": 0, "Sort Method": "quicksort", "Sort Space Used": 3073, "Sort Space Type": "Memory"}], "Plans": [{"Node Type": "Seq Scan", "Parent Relationship": "Outer", "Parallel Aware": true, "Async Capable": false, "Relation Name": "posthistory", "Alias": "ph", "Startup Cost": 0.0, "Total Cost": 4023.45, "Plan Rows": 178345, "Plan Width": 4, "Actual Rows": 151594, "Actual Loops": 2, "Workers": []}]}, {"Node Type": "Sort", "Parent Relationship": "Inner", "Parallel Aware": false, "Async Capable": false, "Startup Cost": 17288.87, "Total Cost": 17563.31, "Plan Rows": 109779, "Plan Width": 8, "Actual Rows": 75449588, "Actual Loops": 2, "Sort Key": ["p.owneruserid"], "Sort Method": "quicksort", "Sort Space Used": 12765, "Sort Space Type": "Memory", "Workers": [{"Worker Number": 0, "Sort Method": "quicksort", "Sort Space Used": 12765, "Sort Space Type": "Memory"}], "Plans": [{"Node Type": "Hash Join", "Parent Relationship": "Outer", "Parallel Aware": false, "Async Capable": false, "Join Type": "Inner", "Startup Cost": 2228.65, "Total Cost": 8098.03, "Plan Rows": 109779, "Plan Width": 8, "Actual Rows": 211843, "Actual Loops": 2, "Inner Unique": false, "Hash Cond": "(p.owneruserid = b.userid)", "Workers": [], "Plans": [{"Node Type": "Seq Scan", "Parent Relationship": "Outer", "Parallel Aware": false, "Async Capable": false, "Relation Name": "posts", "Alias": "p", "Startup Cost": 0.0, "Total Cost": 3139.4, "Plan Rows": 2851, "Plan Width": 4, "Actual Rows": 13007, "Actual Loops": 2, "Filter": "((viewcount >= 0) AND (viewcount <= 25597) AND (commentcount >= 0) AND (commentcount <= 11) AND (favoritecount >= 0) AND (posttypeid = 1))", "Rows Removed by Filter": 78969, "Workers": []}, {"Node Type": "Hash", "Parent Relationship": "Inner", "Parallel Aware": false, "Async Capable": false, "Startup Cost": 1230.51, "Total Cost": 1230.51, "Plan Rows": 79851, "Plan Width": 4, "Actual Rows": 79851, "Actual Loops": 2, "Hash Buckets": 131072, "Original Hash Buckets": 131072, "Hash Batches": 1, "Original Hash Batches": 1, "Peak Memory Usage": 3832, "Workers": [], "Plans": [{"Node Type": "Seq Scan", "Parent Relationship": "Outer", "Parallel Aware": false, "Async Capable": false, "Relation Name": "badges", "Alias": "b", "Startup Cost": 0.0, "Total Cost": 1230.51, "Plan Rows": 79851, "Plan Width": 4, "Actual Rows": 79851, "Actual Loops": 2, "Workers": []}]}]}]}]}, {"Node Type": "Hash", "Parent Relationship": "Inner", "Parallel Aware": true, "Async Capable": false, "Startup Cost": 4637.72, "Total Cost": 4637.72, "Plan Rows": 95542, "Plan Width": 8, "Actual Rows": 28814, "Actual Loops": 2, "Hash Buckets": 262144, "Original Hash Buckets": 262144, "Hash Batches": 1, "Original Hash Batches": 1, "Peak Memory Usage": 4320, "Workers": [], "Plans": [{"Node Type": "Hash Join", "Parent Relationship": "Outer", "Parallel Aware": false, "Async Capable": false, "Join Type": "Inner", "Startup Cost": 1494.18, "Total Cost": 4637.72, "Plan Rows": 95542, "Plan Width": 8, "Actual Rows": 28814, "Actual Loops": 2, "Inner Unique": true, "Hash Cond": "(c.userid = u.id)", "Workers": [], "Plans": [{"Node Type": "Seq Scan", "Parent Relationship": "Outer", "Parallel Aware": true, "Async Capable": false, "Relation Name": "comments", "Alias": "c", "Startup Cost": 0.0, "Total Cost": 2881.99, "Plan Rows": 99635, "Plan Width": 4, "Actual Rows": 84656, "Actual Loops": 2, "Filter": "((creationdate >= '2010-08-19 09:33:49'::timestamp without time zone) AND (creationdate <= '2014-08-28 06:54:21'::timestamp without time zone))", "Rows Removed by Filter": 2497, "Workers": []}, {"Node Type": "Hash", "Parent Relationship": "Inner", "Parallel Aware": false, "Async Capable": false, "Startup Cost": 1002.69, "Total Cost": 1002.69, "Plan Rows": 39319, "Plan Width": 4, "Actual Rows": 39532, "Actual Loops": 2, "Hash Buckets": 65536, "Original Hash Buckets": 65536, "Hash Batches": 1, "Original Hash Batches": 1, "Peak Memory Usage": 1902, "Workers": [], "Plans": [{"Node Type": "Seq Scan", "Parent Relationship": "Outer", "Parallel Aware": false, "Async Capable": false, "Relation Name": "users", "Alias": "u", "Startup Cost": 0.0, "Total Cost": 1002.69, "Plan Rows": 39319, "Plan Width": 4, "Actual Rows": 39532, "Actual Loops": 2, "Filter": "((downvotes <= 0) AND (upvotes >= 0) AND (upvotes <= 123))", "Rows Removed by Filter": 793, "Workers": []}]}]}]}]}]}]}]}, "Planning Time": 5.402, "Triggers": [], "Execution Time": 19775.236}, {"Plan": {"Node Type": "Aggregate", "Strategy": "Plain", "Partial Mode": "Finalize", "Parallel Aware": false, "Async Capable": false, "Startup Cost": 71377755.77, "Total Cost": 71377755.78, "Plan Rows": 1, "Plan Width": 8, "Actual Rows": 1, "Actual Loops": 1, "Plans": [{"Node Type": "Gather", "Parent Relationship": "Outer", "Parallel Aware": false, "Async Capable": false, "Startup Cost": 71377755.66, "Total Cost": 71377755.77, "Plan Rows": 1, "Plan Width": 8, "Actual Rows": 2, "Actual Loops": 1, "Workers Planned": 1, "Workers Launched": 1, "Single Copy": false, "Plans": [{"Node Type": "Aggregate", "Strategy": "Plain", "Partial Mode": "Partial", "Parent Relationship": "Outer", "Parallel Aware": false, "Async Capable": false, "Startup Cost": 71376755.66, "Total Cost": 71376755.67, "Plan Rows": 1, "Plan Width": 8, "Actual Rows": 1, "Actual Loops": 2, "Workers": [], "Plans": [{"Node Type": "Hash Join", "Parent Relationship": "Outer", "Parallel Aware": true, "Async Capable": false, "Join Type": "Inner", "Startup Cost": 15302.27, "Total Cost": 1692853.75, "Plan Rows": 27873560763, "Plan Width": 0, "Actual Rows": 127677904, "Actual Loops": 2, "Inner Unique": false, "Hash Cond": "(ph.userid = u.id)", "Workers": [], "Plans": [{"Node Type": "Hash Join", "Parent Relationship": "Outer", "Parallel Aware": false, "Async Capable": false, "Join Type": "Inner", "Startup Cost": 9470.27, "Total Cost": 282112.07, "Plan Rows": 51950928, "Plan Width": 12, "Actual Rows": 75444486, "Actual Loops": 2, "Inner Unique": false, "Hash Cond": "(ph.userid = b.userid)", "Workers": [], "Plans": [{"Node Type": "Seq Scan", "Parent Relationship": "Outer", "Parallel Aware": true, "Async Capable": false, "Relation Name": "posthistory", "Alias": "ph", "Startup Cost": 0.0, "Total Cost": 4023.45, "Plan Rows": 178345, "Plan Width": 4, "Actual Rows": 151594, "Actual Loops": 2, "Workers": []}, {"Node Type": "Hash", "Parent Relationship": "Inner", "Parallel Aware": false, "Async Capable": false, "Startup Cost": 8098.03, "Total Cost": 8098.03, "Plan Rows": 109779, "Plan Width": 8, "Actual Rows": 211843, "Actual Loops": 2, "Hash Buckets": 262144, "Original Hash Buckets": 131072, "Hash Batches": 1, "Original Hash Batches": 1, "Peak Memory Usage": 10324, "Workers": [], "Plans": [{"Node Type": "Hash Join", "Parent Relationship": "Outer", "Parallel Aware": false, "Async Capable": false, "Join Type": "Inner", "Startup Cost": 2228.65, "Total Cost": 8098.03, "Plan Rows": 109779, "Plan Width": 8, "Actual Rows": 211843, "Actual Loops": 2, "Inner Unique": false, "Hash Cond": "(p.owneruserid = b.userid)", "Workers": [], "Plans": [{"Node Type": "Seq Scan", "Parent Relationship": "Outer", "Parallel Aware": false, "Async Capable": false, "Relation Name": "posts", "Alias": "p", "Startup Cost": 0.0, "Total Cost": 3139.4, "Plan Rows": 2851, "Plan Width": 4, "Actual Rows": 13007, "Actual Loops": 2, "Filter": "((viewcount >= 0) AND (viewcount <= 25597) AND (commentcount >= 0) AND (commentcount <= 11) AND (favoritecount >= 0) AND (posttypeid = 1))", "Rows Removed by Filter": 78969, "Workers": []}, {"Node Type": "Hash", "Parent Relationship": "Inner", "Parallel Aware": false, "Async Capable": false, "Startup Cost": 1230.51, "Total Cost": 1230.51, "Plan Rows": 79851, "Plan Width": 4, "Actual Rows": 79851, "Actual Loops": 2, "Hash Buckets": 131072, "Original Hash Buckets": 131072, "Hash Batches": 1, "Original Hash Batches": 1, "Peak Memory Usage": 3832, "Workers": [], "Plans": [{"Node Type": "Seq Scan", "Parent Relationship": "Outer", "Parallel Aware": false, "Async Capable": false, "Relation Name": "badges", "Alias": "b", "Startup Cost": 0.0, "Total Cost": 1230.51, "Plan Rows": 79851, "Plan Width": 4, "Actual Rows": 79851, "Actual Loops": 2, "Workers": []}]}]}]}]}, {"Node Type": "Hash", "Parent Relationship": "Inner", "Parallel Aware": true, "Async Capable": false, "Startup Cost": 4637.72, "Total Cost": 4637.72, "Plan Rows": 95542, "Plan Width": 8, "Actual Rows": 28814, "Actual Loops": 2, "Hash Buckets": 262144, "Original Hash Buckets": 262144, "Hash Batches": 1, "Original Hash Batches": 1, "Peak Memory Usage": 4320, "Workers": [], "Plans": [{"Node Type": "Hash Join", "Parent Relationship": "Outer", "Parallel Aware": false, "Async Capable": false, "Join Type": "Inner", "Startup Cost": 1494.18, "Total Cost": 4637.72, "Plan Rows": 95542, "Plan Width": 8, "Actual Rows": 28814, "Actual Loops": 2, "Inner Unique": true, "Hash Cond": "(c.userid = u.id)", "Workers": [], "Plans": [{"Node Type": "Seq Scan", "Parent Relationship": "Outer", "Parallel Aware": true, "Async Capable": false, "Relation Name": "comments", "Alias": "c", "Startup Cost": 0.0, "Total Cost": 2881.99, "Plan Rows": 99635, "Plan Width": 4, "Actual Rows": 84656, "Actual Loops": 2, "Filter": "((creationdate >= '2010-08-19 09:33:49'::timestamp without time zone) AND (creationdate <= '2014-08-28 06:54:21'::timestamp without time zone))", "Rows Removed by Filter": 2497, "Workers": []}, {"Node Type": "Hash", "Parent Relationship": "Inner", "Parallel Aware": false, "Async Capable": false, "Startup Cost": 1002.69, "Total Cost": 1002.69, "Plan Rows": 39319, "Plan Width": 4, "Actual Rows": 39532, "Actual Loops": 2, "Hash Buckets": 65536, "Original Hash Buckets": 65536, "Hash Batches": 1, "Original Hash Batches": 1, "Peak Memory Usage": 1902, "Workers": [], "Plans": [{"Node Type": "Seq Scan", "Parent Relationship": "Outer", "Parallel Aware": false, "Async Capable": false, "Relation Name": "users", "Alias": "u", "Startup Cost": 0.0, "Total Cost": 1002.69, "Plan Rows": 39319, "Plan Width": 4, "Actual Rows": 39532, "Actual Loops": 2, "Filter": "((downvotes <= 0) AND (upvotes >= 0) AND (upvotes <= 123))", "Rows Removed by Filter": 793, "Workers": []}]}]}]}]}]}]}]}, "Planning Time": 9.497, "Triggers": [], "Execution Time": 13666.801}, {"Plan": {"Node Type": "Aggregate", "Strategy": "Plain", "Partial Mode": "Finalize", "Parallel Aware": false, "Async Capable": false, "Startup Cost": 71393937.73, "Total Cost": 71393937.74, "Plan Rows": 1, "Plan Width": 8, "Actual Rows": 1, "Actual Loops": 1, "Plans": [{"Node Type": "Gather", "Parent Relationship": "Outer", "Parallel Aware": false, "Async Capable": false, "Startup Cost": 71393937.62, "Total Cost": 71393937.73, "Plan Rows": 1, "Plan Width": 8, "Actual Rows": 2, "Actual Loops": 1, "Workers Planned": 1, "Workers Launched": 1, "Single Copy": false, "Plans": [{"Node Type": "Aggregate", "Strategy": "Plain", "Partial Mode": "Partial", "Parent Relationship": "Outer", "Parallel Aware": false, "Async Capable": false, "Startup Cost": 71392937.62, "Total Cost": 71392937.63, "Plan Rows": 1, "Plan Width": 8, "Actual Rows": 1, "Actual Loops": 2, "Workers": [], "Plans": [{"Node Type": "Hash Join", "Parent Relationship": "Outer", "Parallel Aware": true, "Async Capable": false, "Join Type": "Inner", "Startup Cost": 24664.5, "Total Cost": 1709035.71, "Plan Rows": 27873560763, "Plan Width": 0, "Actual Rows": 127677904, "Actual Loops": 2, "Inner Unique": false, "Hash Cond": "(ph.userid = u.id)", "Workers": [], "Plans": [{"Node Type": "Hash Join", "Parent Relationship": "Outer", "Parallel Aware": false, "Async Capable": false, "Join Type": "Inner", "Startup Cost": 13439.44, "Total Cost": 292900.97, "Plan Rows": 51950928, "Plan Width": 12, "Actual Rows": 75444486, "Actual Loops": 2, "Inner Unique": false, "Hash Cond": "(ph.userid = b.userid)", "Workers": [], "Plans": [{"Node Type": "Index Scan", "Parent Relationship": "Outer", "Parallel Aware": true, "Async Capable": false, "Scan Direction": "Forward", "Index Name": "idx_posthistory_userid", "Relation Name": "posthistory", "Alias": "ph", "Startup Cost": 0.42, "Total Cost": 10843.61, "Plan Rows": 178345, "Plan Width": 4, "Actual Rows": 151594, "Actual Loops": 2, "Workers": []}, {"Node Type": "Hash", "Parent Relationship": "Inner", "Parallel Aware": false, "Async Capable": false, "Startup Cost": 12066.78, "Total Cost": 12066.78, "Plan Rows": 109779, "Plan Width": 8, "Actual Rows": 211843, "Actual Loops": 2, "Hash Buckets": 262144, "Original Hash Buckets": 131072, "Hash Batches": 1, "Original Hash Batches": 1, "Peak Memory Usage": 10324, "Workers": [], "Plans": [{"Node Type": "Hash Join", "Parent Relationship": "Outer", "Parallel Aware": false, "Async Capable": false, "Join Type": "Inner", "Startup Cost": 3863.77, "Total Cost": 12066.78, "Plan Rows": 109779, "Plan Width": 8, "Actual Rows": 211843, "Actual Loops": 2, "Inner Unique": false, "Hash Cond": "(p.owneruserid = b.userid)", "Workers": [], "Plans": [{"Node Type": "Index Scan", "Parent Relationship": "Outer", "Parallel Aware": false, "Async Capable": false, "Scan Direction": "Forward", "Index Name": "idx_posts_owneruserid", "Relation Name": "posts", "Alias": "p", "Startup Cost": 0.29, "Total Cost": 5473.31, "Plan Rows": 2851, "Plan Width": 4, "Actual Rows": 13007, "Actual Loops": 2, "Filter": "((viewcount >= 0) AND (viewcount <= 25597) AND (commentcount >= 0) AND (commentcount <= 11) AND (favoritecount >= 0) AND (posttypeid = 1))", "Rows Removed by Filter": 78969, "Workers": []}, {"Node Type": "Hash", "Parent Relationship": "Inner", "Parallel Aware": false, "Async Capable": false, "Startup Cost": 2865.34, "Total Cost": 2865.34, "Plan Rows": 79851, "Plan Width": 4, "Actual Rows": 79851, "Actual Loops": 2, "Hash Buckets": 131072, "Original Hash Buckets": 131072, "Hash Batches": 1, "Original Hash Batches": 1, "Peak Memory Usage": 3832, "Workers": [], "Plans": [{"Node Type": "Index Scan", "Parent Relationship": "Outer", "Parallel Aware": false, "Async Capable": false, "Scan Direction": "Forward", "Index Name": "idx_badges_userid", "Relation Name": "badges", "Alias": "b", "Startup Cost": 0.29, "Total Cost": 2865.34, "Plan Rows": 79851, "Plan Width": 4, "Actual Rows": 79851, "Actual Loops": 2, "Workers": []}]}]}]}]}, {"Node Type": "Hash", "Parent Relationship": "Inner", "Parallel Aware": true, "Async Capable": false, "Startup Cost": 10030.79, "Total Cost": 10030.79, "Plan Rows": 95542, "Plan Width": 8, "Actual Rows": 28814, "Actual Loops": 2, "Hash Buckets": 262144, "Original Hash Buckets": 262144, "Hash Batches": 1, "Original Hash Batches": 1, "Peak Memory Usage": 4320, "Workers": [], "Plans": [{"Node Type": "Hash Join", "Parent Relationship": "Outer", "Parallel Aware": false, "Async Capable": false, "Join Type": "Inner", "Startup Cost": 2151.39, "Total Cost": 10030.79, "Plan Rows": 95542, "Plan Width": 8, "Actual Rows": 28814, "Actual Loops": 2, "Inner Unique": true, "Hash Cond": "(c.userid = u.id)", "Workers": [], "Plans": [{"Node Type": "Index Scan", "Parent Relationship": "Outer", "Parallel Aware": true, "Async Capable": false, "Scan Direction": "Forward", "Index Name": "idx_comments_userid", "Relation Name": "comments", "Alias": "c", "Startup Cost": 0.29, "Total Cost": 7618.14, "Plan Rows": 99635, "Plan Width": 4, "Actual Rows": 84656, "Actual Loops": 2, "Filter": "((creationdate >= '2010-08-19 09:33:49'::timestamp without time zone) AND (creationdate <= '2014-08-28 06:54:21'::timestamp without time zone))", "Rows Removed by Filter": 2497, "Workers": []}, {"Node Type": "Hash", "Parent Relationship": "Inner", "Parallel Aware": false, "Async Capable": false, "Startup Cost": 1659.6, "Total Cost": 1659.6, "Plan Rows": 39319, "Plan Width": 4, "Actual Rows": 39532, "Actual Loops": 2, "Hash Buckets": 65536, "Original Hash Buckets": 65536, "Hash Batches": 1, "Original Hash Batches": 1, "Peak Memory Usage": 1902, "Workers": [], "Plans": [{"Node Type": "Index Scan", "Parent Relationship": "Outer", "Parallel Aware": false, "Async Capable": false, "Scan Direction": "Forward", "Index Name": "users_pkey", "Relation Name": "users", "Alias": "u", "Startup Cost": 0.29, "Total Cost": 1659.6, "Plan Rows": 39319, "Plan Width": 4, "Actual Rows": 39532, "Actual Loops": 2, "Filter": "((downvotes <= 0) AND (upvotes >= 0) AND (upvotes <= 123))", "Rows Removed by Filter": 793, "Workers": []}]}]}]}]}]}]}]}, "Planning Time": 8.145, "Triggers": [], "Execution Time": 14071.636}, {"Plan": {"Node Type": "Aggregate", "Strategy": "Plain", "Partial Mode": "Finalize", "Parallel Aware": false, "Async Capable": false, "Startup Cost": 71314041.76, "Total Cost": 71314041.77, "Plan Rows": 1, "Plan Width": 8, "Actual Rows": 1, "Actual Loops": 1, "Plans": [{"Node Type": "Gather", "Parent Relationship": "Outer", "Parallel Aware": false, "Async Capable": false, "Startup Cost": 71314041.65, "Total Cost": 71314041.76, "Plan Rows": 1, "Plan Width": 8, "Actual Rows": 2, "Actual Loops": 1, "Workers Planned": 1, "Workers Launched": 1, "Single Copy": false, "Plans": [{"Node Type": "Aggregate", "Strategy": "Plain", "Partial Mode": "Partial", "Parent Relationship": "Outer", "Parallel Aware": false, "Async Capable": false, "Startup Cost": 71313041.65, "Total Cost": 71313041.66, "Plan Rows": 1, "Plan Width": 8, "Actual Rows": 1, "Actual Loops": 2, "Workers": [], "Plans": [{"Node Type": "Hash Join", "Parent Relationship": "Outer", "Parallel Aware": true, "Async Capable": false, "Join Type": "Inner", "Startup Cost": 11410.24, "Total Cost": 1629139.74, "Plan Rows": 27873560763, "Plan Width": 0, "Actual Rows": 127677904, "Actual Loops": 2, "Inner Unique": false, "Hash Cond": "(ph.userid = u.id)", "Workers": [], "Plans": [{"Node Type": "Merge Join", "Parent Relationship": "Outer", "Parallel Aware": false, "Async Capable": false, "Join Type": "Inner", "Startup Cost": 185.18, "Total Cost": 213004.99, "Plan Rows": 51950928, "Plan Width": 12, "Actual Rows": 75444486, "Actual Loops": 2, "Inner Unique": false, "Merge Cond": "(ph.userid = b.userid)", "Workers": [], "Plans": [{"Node Type": "Index Scan", "Parent Relationship": "Outer", "Parallel Aware": true, "Async Capable": false, "Scan Direction": "Forward", "Index Name": "idx_posthistory_userid", "Relation Name": "posthistory", "Alias": "ph", "Startup Cost": 0.42, "Total Cost": 10843.61, "Plan Rows": 178345, "Plan Width": 4, "Actual Rows": 140928, "Actual Loops": 2, "Workers": []}, {"Node Type": "Materialize", "Parent Relationship": "Inner", "Parallel Aware": false, "Async Capable": false, "Startup Cost": 14.04, "Total Cost": 10184.26, "Plan Rows": 109779, "Plan Width": 8, "Actual Rows": 75530335, "Actual Loops": 2, "Workers": [], "Plans": [{"Node Type": "Merge Join", "Parent Relationship": "Outer", "Parallel Aware": false, "Async Capable": false, "Join Type": "Inner", "Startup Cost": 14.04, "Total Cost": 9909.81, "Plan Rows": 109779, "Plan Width": 8, "Actual Rows": 211842, "Actual Loops": 2, "Inner Unique": false, "Merge Cond": "(p.owneruserid = b.userid)", "Workers": [], "Plans": [{"Node Type": "Index Scan", "Parent Relationship": "Outer", "Parallel Aware": false, "Async Capable": false, "Scan Direction": "Forward", "Index Name": "idx_posts_owneruserid", "Relation Name": "posts", "Alias": "p", "Startup Cost": 0.29, "Total Cost": 5473.31, "Plan Rows": 2851, "Plan Width": 4, "Actual Rows": 12747, "Actual Loops": 2, "Filter": "((viewcount >= 0) AND (viewcount <= 25597) AND (commentcount >= 0) AND (commentcount <= 11) AND (favoritecount >= 0) AND (posttypeid = 1))", "Rows Removed by Filter": 77822, "Workers": []}, {"Node Type": "Materialize", "Parent Relationship": "Inner", "Parallel Aware": false, "Async Capable": false, "Startup Cost": 0.29, "Total Cost": 3064.97, "Plan Rows": 79851, "Plan Width": 4, "Actual Rows": 249266, "Actual Loops": 2, "Workers": [], "Plans": [{"Node Type": "Index Scan", "Parent Relationship": "Outer", "Parallel Aware": false, "Async Capable": false, "Scan Direction": "Forward", "Index Name": "idx_badges_userid", "Relation Name": "badges", "Alias": "b", "Startup Cost": 0.29, "Total Cost": 2865.34, "Plan Rows": 79851, "Plan Width": 4, "Actual Rows": 79834, "Actual Loops": 2, "Workers": []}]}]}]}]}, {"Node Type": "Hash", "Parent Relationship": "Inner", "Parallel Aware": true, "Async Capable": false, "Startup Cost": 10030.79, "Total Cost": 10030.79, "Plan Rows": 95542, "Plan Width": 8, "Actual Rows": 28814, "Actual Loops": 2, "Hash Buckets": 262144, "Original Hash Buckets": 262144, "Hash Batches": 1, "Original Hash Batches": 1, "Peak Memory Usage": 4320, "Workers": [], "Plans": [{"Node Type": "Hash Join", "Parent Relationship": "Outer", "Parallel Aware": false, "Async Capable": false, "Join Type": "Inner", "Startup Cost": 2151.39, "Total Cost": 10030.79, "Plan Rows": 95542, "Plan Width": 8, "Actual Rows": 28814, "Actual Loops": 2, "Inner Unique": true, "Hash Cond": "(c.userid = u.id)", "Workers": [], "Plans": [{"Node Type": "Index Scan", "Parent Relationship": "Outer", "Parallel Aware": true, "Async Capable": false, "Scan Direction": "Forward", "Index Name": "idx_comments_userid", "Relation Name": "comments", "Alias": "c", "Startup Cost": 0.29, "Total Cost": 7618.14, "Plan Rows": 99635, "Plan Width": 4, "Actual Rows": 84656, "Actual Loops": 2, "Filter": "((creationdate >= '2010-08-19 09:33:49'::timestamp without time zone) AND (creationdate <= '2014-08-28 06:54:21'::timestamp without time zone))", "Rows Removed by Filter": 2497, "Workers": []}, {"Node Type": "Hash", "Parent Relationship": "Inner", "Parallel Aware": false, "Async Capable": false, "Startup Cost": 1659.6, "Total Cost": 1659.6, "Plan Rows": 39319, "Plan Width": 4, "Actual Rows": 39532, "Actual Loops": 2, "Hash Buckets": 65536, "Original Hash Buckets": 65536, "Hash Batches": 1, "Original Hash Batches": 1, "Peak Memory Usage": 1902, "Workers": [], "Plans": [{"Node Type": "Index Scan", "Parent Relationship": "Outer", "Parallel Aware": false, "Async Capable": false, "Scan Direction": "Forward", "Index Name": "users_pkey", "Relation Name": "users", "Alias": "u", "Startup Cost": 0.29, "Total Cost": 1659.6, "Plan Rows": 39319, "Plan Width": 4, "Actual Rows": 39532, "Actual Loops": 2, "Filter": "((downvotes <= 0) AND (upvotes >= 0) AND (upvotes <= 123))", "Rows Removed by Filter": 793, "Workers": []}]}]}]}]}]}]}]}, "Planning Time": 9.499, "Triggers": [], "Execution Time": 15005.661}, {"Plan": {"Node Type": "Aggregate", "Strategy": "Plain", "Partial Mode": "Finalize", "Parallel Aware": false, "Async Capable": false, "Startup Cost": 71181696.6, "Total Cost": 71181696.61, "Plan Rows": 1, "Plan Width": 8, "Actual Rows": 1, "Actual Loops": 1, "Plans": [{"Node Type": "Gather", "Parent Relationship": "Outer", "Parallel Aware": false, "Async Capable": false, "Startup Cost": 71181696.49, "Total Cost": 71181696.6, "Plan Rows": 1, "Plan Width": 8, "Actual Rows": 2, "Actual Loops": 1, "Workers Planned": 1, "Workers Launched": 1, "Single Copy": false, "Plans": [{"Node Type": "Aggregate", "Strategy": "Plain", "Partial Mode": "Partial", "Parent Relationship": "Outer", "Parallel Aware": false, "Async Capable": false, "Startup Cost": 71180696.49, "Total Cost": 71180696.5, "Plan Rows": 1, "Plan Width": 8, "Actual Rows": 1, "Actual Loops": 2, "Workers": [], "Plans": [{"Node Type": "Hash Join", "Parent Relationship": "Outer", "Parallel Aware": true, "Async Capable": false, "Join Type": "Inner", "Startup Cost": 11226.09, "Total Cost": 1496794.58, "Plan Rows": 27873560763, "Plan Width": 0, "Actual Rows": 127677904, "Actual Loops": 2, "Inner Unique": false, "Hash Cond": "(ph.userid = u.id)", "Workers": [], "Plans": [{"Node Type": "Nested Loop", "Parent Relationship": "Outer", "Parallel Aware": false, "Async Capable": false, "Join Type": "Inner", "Startup Cost": 1.03, "Total Cost": 80659.83, "Plan Rows": 51950928, "Plan Width": 12, "Actual Rows": 75444486, "Actual Loops": 2, "Inner Unique": false, "Workers": [], "Plans": [{"Node Type": "Nested Loop", "Parent Relationship": "Outer", "Parallel Aware": false, "Async Capable": false, "Join Type": "Inner", "Startup Cost": 0.72, "Total Cost": 24007.26, "Plan Rows": 992079, "Plan Width": 8, "Actual Rows": 713536, "Actual Loops": 2, "Inner Unique": false, "Workers": [], "Plans": [{"Node Type": "Index Scan", "Parent Relationship": "Outer", "Parallel Aware": true, "Async Capable": false, "Scan Direction": "Forward", "Index Name": "idx_posthistory_userid", "Relation Name": "posthistory", "Alias": "ph", "Startup Cost": 0.42, "Total Cost": 10843.61, "Plan Rows": 178345, "Plan Width": 4, "Actual Rows": 151594, "Actual Loops": 2, "Workers": []}, {"Node Type": "Memoize", "Parent Relationship": "Inner", "Parallel Aware": false, "Async Capable": false, "Startup Cost": 0.3, "Total Cost": 0.45, "Plan Rows": 1, "Plan Width": 4, "Actual Rows": 5, "Actual Loops": 303187, "Cache Key": "ph.userid", "Cache Mode": "logical", "Cache Hits": 148348, "Cache Misses": 11280, "Cache Evictions": 0, "Cache Overflows": 0, "Peak Memory Usage": 992, "Workers": [{"Worker Number": 0, "Cache Hits": 132708, "Cache Misses": 10851, "Cache Evictions": 0, "Cache Overflows": 0, "Peak Memory Usage": 939}], "Plans": [{"Node Type": "Index Scan", "Parent Relationship": "Outer", "Parallel Aware": false, "Async Capable": false, "Scan Direction": "Forward", "Index Name": "idx_posts_owneruserid", "Relation Name": "posts", "Alias": "p", "Startup Cost": 0.29, "Total Cost": 0.44, "Plan Rows": 1, "Plan Width": 4, "Actual Rows": 1, "Actual Loops": 22131, "Index Cond": "(owneruserid = ph.userid)", "Rows Removed by Index Recheck": 0, "Filter": "((viewcount >= 0) AND (viewcount <= 25597) AND (commentcount >= 0) AND (commentcount <= 11) AND (favoritecount >= 0) AND (posttypeid = 1))", "Rows Removed by Filter": 4, "Workers": []}]}]}, {"Node Type": "Memoize", "Parent Relationship": "Inner", "Parallel Aware": false, "Async Capable": false, "Startup Cost": 0.3, "Total Cost": 0.36, "Plan Rows": 3, "Plan Width": 4, "Actual Rows": 106, "Actual Loops": 1427072, "Cache Key": "ph.userid", "Cache Mode": "logical", "Cache Hits": 759833, "Cache Misses": 3454, "Cache Evictions": 0, "Cache Overflows": 0, "Peak Memory Usage": 1062, "Workers": [{"Worker Number": 0, "Cache Hits": 660509, "Cache Misses": 3276, "Cache Evictions": 0, "Cache Overflows": 0, "Peak Memory Usage": 967}], "Plans": [{"Node Type": "Index Scan", "Parent Relationship": "Outer", "Parallel Aware": false, "Async Capable": false, "Scan Direction": "Forward", "Index Name": "idx_badges_userid", "Relation Name": "badges", "Alias": "b", "Startup Cost": 0.29, "Total Cost": 0.35, "Plan Rows": 3, "Plan Width": 4, "Actual Rows": 7, "Actual Loops": 6730, "Index Cond": "(userid = ph.userid)", "Rows Removed by Index Recheck": 0, "Workers": []}]}]}, {"Node Type": "Hash", "Parent Relationship": "Inner", "Parallel Aware": true, "Async Capable": false, "Startup Cost": 10030.79, "Total Cost": 10030.79, "Plan Rows": 95542, "Plan Width": 8, "Actual Rows": 28814, "Actual Loops": 2, "Hash Buckets": 262144, "Original Hash Buckets": 262144, "Hash Batches": 1, "Original Hash Batches": 1, "Peak Memory Usage": 4352, "Workers": [], "Plans": [{"Node Type": "Hash Join", "Parent Relationship": "Outer", "Parallel Aware": false, "Async Capable": false, "Join Type": "Inner", "Startup Cost": 2151.39, "Total Cost": 10030.79, "Plan Rows": 95542, "Plan Width": 8, "Actual Rows": 28814, "Actual Loops": 2, "Inner Unique": true, "Hash Cond": "(c.userid = u.id)", "Workers": [], "Plans": [{"Node Type": "Index Scan", "Parent Relationship": "Outer", "Parallel Aware": true, "Async Capable": false, "Scan Direction": "Forward", "Index Name": "idx_comments_userid", "Relation Name": "comments", "Alias": "c", "Startup Cost": 0.29, "Total Cost": 7618.14, "Plan Rows": 99635, "Plan Width": 4, "Actual Rows": 84656, "Actual Loops": 2, "Filter": "((creationdate >= '2010-08-19 09:33:49'::timestamp without time zone) AND (creationdate <= '2014-08-28 06:54:21'::timestamp without time zone))", "Rows Removed by Filter": 2497, "Workers": []}, {"Node Type": "Hash", "Parent Relationship": "Inner", "Parallel Aware": false, "Async Capable": false, "Startup Cost": 1659.6, "Total Cost": 1659.6, "Plan Rows": 39319, "Plan Width": 4, "Actual Rows": 39532, "Actual Loops": 2, "Hash Buckets": 65536, "Original Hash Buckets": 65536, "Hash Batches": 1, "Original Hash Batches": 1, "Peak Memory Usage": 1902, "Workers": [], "Plans": [{"Node Type": "Index Scan", "Parent Relationship": "Outer", "Parallel Aware": false, "Async Capable": false, "Scan Direction": "Forward", "Index Name": "users_pkey", "Relation Name": "users", "Alias": "u", "Startup Cost": 0.29, "Total Cost": 1659.6, "Plan Rows": 39319, "Plan Width": 4, "Actual Rows": 39532, "Actual Loops": 2, "Filter": "((downvotes <= 0) AND (upvotes >= 0) AND (upvotes <= 123))", "Rows Removed by Filter": 793, "Workers": []}]}]}]}]}]}]}]}, "Planning Time": 9.744, "Triggers": [], "Execution Time": 14205.659}, {"Plan": {"Node Type": "Aggregate", "Strategy": "Plain", "Partial Mode": "Finalize", "Parallel Aware": false, "Async Capable": false, "Startup Cost": 71180983.75, "Total Cost": 71180983.76, "Plan Rows": 1, "Plan Width": 8, "Actual Rows": 1, "Actual Loops": 1, "Plans": [{"Node Type": "Gather", "Parent Relationship": "Outer", "Parallel Aware": false, "Async Capable": false, "Startup Cost": 71180983.64, "Total Cost": 71180983.75, "Plan Rows": 1, "Plan Width": 8, "Actual Rows": 2, "Actual Loops": 1, "Workers Planned": 1, "Workers Launched": 1, "Single Copy": false, "Plans": [{"Node Type": "Aggregate", "Strategy": "Plain", "Partial Mode": "Partial", "Parent Relationship": "Outer", "Parallel Aware": false, "Async Capable": false, "Startup Cost": 71179983.64, "Total Cost": 71179983.65, "Plan Rows": 1, "Plan Width": 8, "Actual Rows": 1, "Actual Loops": 2, "Workers": [], "Plans": [{"Node Type": "Hash Join", "Parent Relationship": "Outer", "Parallel Aware": true, "Async Capable": false, "Join Type": "Inner", "Startup Cost": 9135.73, "Total Cost": 1496081.73, "Plan Rows": 27873560763, "Plan Width": 0, "Actual Rows": 127677904, "Actual Loops": 2, "Inner Unique": false, "Hash Cond": "(ph.userid = u.id)", "Workers": [], "Plans": [{"Node Type": "Nested Loop", "Parent Relationship": "Outer", "Parallel Aware": false, "Async Capable": false, "Join Type": "Inner", "Startup Cost": 3303.73, "Total Cost": 85340.05, "Plan Rows": 51950928, "Plan Width": 12, "Actual Rows": 75444486, "Actual Loops": 2, "Inner Unique": false, "Workers": [], "Plans": [{"Node Type": "Merge Join", "Parent Relationship": "Outer", "Parallel Aware": false, "Async Capable": false, "Join Type": "Inner", "Startup Cost": 3303.43, "Total Cost": 28687.48, "Plan Rows": 992079, "Plan Width": 8, "Actual Rows": 713536, "Actual Loops": 2, "Inner Unique": false, "Merge Cond": "(ph.userid = p.owneruserid)", "Workers": [], "Plans": [{"Node Type": "Index Scan", "Parent Relationship": "Outer", "Parallel Aware": true, "Async Capable": false, "Scan Direction": "Forward", "Index Name": "idx_posthistory_userid", "Relation Name": "posthistory", "Alias": "ph", "Startup Cost": 0.42, "Total Cost": 10843.61, "Plan Rows": 178345, "Plan Width": 4, "Actual Rows": 140928, "Actual Loops": 2, "Workers": []}, {"Node Type": "Sort", "Parent Relationship": "Inner", "Parallel Aware": false, "Async Capable": false, "Startup Cost": 3303.01, "Total Cost": 3310.14, "Plan Rows": 2851, "Plan Width": 4, "Actual Rows": 719712, "Actual Loops": 2, "Sort Key": ["p.owneruserid"], "Sort Method": "quicksort", "Sort Space Used": 385, "Sort Space Type": "Memory", "Workers": [{"Worker Number": 0, "Sort Method": "quicksort", "Sort Space Used": 385, "Sort Space Type": "Memory"}], "Plans": [{"Node Type": "Seq Scan", "Parent Relationship": "Outer", "Parallel Aware": false, "Async Capable": false, "Relation Name": "posts", "Alias": "p", "Startup Cost": 0.0, "Total Cost": 3139.4, "Plan Rows": 2851, "Plan Width": 4, "Actual Rows": 13007, "Actual Loops": 2, "Filter": "((viewcount >= 0) AND (viewcount <= 25597) AND (commentcount >= 0) AND (commentcount <= 11) AND (favoritecount >= 0) AND (posttypeid = 1))", "Rows Removed by Filter": 78969, "Workers": []}]}]}, {"Node Type": "Memoize", "Parent Relationship": "Inner", "Parallel Aware": false, "Async Capable": false, "Startup Cost": 0.3, "Total Cost": 0.36, "Plan Rows": 3, "Plan Width": 4, "Actual Rows": 106, "Actual Loops": 1427072, "Cache Key": "ph.userid", "Cache Mode": "logical", "Cache Hits": 618127, "Cache Misses": 3285, "Cache Evictions": 0, "Cache Overflows": 0, "Peak Memory Usage": 978, "Workers": [{"Worker Number": 0, "Cache Hits": 802215, "Cache Misses": 3445, "Cache Evictions": 0, "Cache Overflows": 0, "Peak Memory Usage": 1050}], "Plans": [{"Node Type": "Index Scan", "Parent Relationship": "Outer", "Parallel Aware": false, "Async Capable": false, "Scan Direction": "Forward", "Index Name": "idx_badges_userid", "Relation Name": "badges", "Alias": "b", "Startup Cost": 0.29, "Total Cost": 0.35, "Plan Rows": 3, "Plan Width": 4, "Actual Rows": 7, "Actual Loops": 6730, "Index Cond": "(userid = ph.userid)", "Rows Removed by Index Recheck": 0, "Workers": []}]}]}, {"Node Type": "Hash", "Parent Relationship": "Inner", "Parallel Aware": true, "Async Capable": false, "Startup Cost": 4637.72, "Total Cost": 4637.72, "Plan Rows": 95542, "Plan Width": 8, "Actual Rows": 28814, "Actual Loops": 2, "Hash Buckets": 262144, "Original Hash Buckets": 262144, "Hash Batches": 1, "Original Hash Batches": 1, "Peak Memory Usage": 4352, "Workers": [], "Plans": [{"Node Type": "Hash Join", "Parent Relationship": "Outer", "Parallel Aware": false, "Async Capable": false, "Join Type": "Inner", "Startup Cost": 1494.18, "Total Cost": 4637.72, "Plan Rows": 95542, "Plan Width": 8, "Actual Rows": 28814, "Actual Loops": 2, "Inner Unique": true, "Hash Cond": "(c.userid = u.id)", "Workers": [], "Plans": [{"Node Type": "Seq Scan", "Parent Relationship": "Outer", "Parallel Aware": true, "Async Capable": false, "Relation Name": "comments", "Alias": "c", "Startup Cost": 0.0, "Total Cost": 2881.99, "Plan Rows": 99635, "Plan Width": 4, "Actual Rows": 84656, "Actual Loops": 2, "Filter": "((creationdate >= '2010-08-19 09:33:49'::timestamp without time zone) AND (creationdate <= '2014-08-28 06:54:21'::timestamp without time zone))", "Rows Removed by Filter": 2497, "Workers": []}, {"Node Type": "Hash", "Parent Relationship": "Inner", "Parallel Aware": false, "Async Capable": false, "Startup Cost": 1002.69, "Total Cost": 1002.69, "Plan Rows": 39319, "Plan Width": 4, "Actual Rows": 39532, "Actual Loops": 2, "Hash Buckets": 65536, "Original Hash Buckets": 65536, "Hash Batches": 1, "Original Hash Batches": 1, "Peak Memory Usage": 1902, "Workers": [], "Plans": [{"Node Type": "Seq Scan", "Parent Relationship": "Outer", "Parallel Aware": false, "Async Capable": false, "Relation Name": "users", "Alias": "u", "Startup Cost": 0.0, "Total Cost": 1002.69, "Plan Rows": 39319, "Plan Width": 4, "Actual Rows": 39532, "Actual Loops": 2, "Filter": "((downvotes <= 0) AND (upvotes >= 0) AND (upvotes <= 123))", "Rows Removed by Filter": 793, "Workers": []}]}]}]}]}]}]}]}, "Planning Time": 10.55, "Triggers": [], "Execution Time": 13098.916}, {"Plan": {"Node Type": "Aggregate", "Strategy": "Plain", "Partial Mode": "Finalize", "Parallel Aware": false, "Async Capable": false, "Startup Cost": 71306752.67, "Total Cost": 71306752.68, "Plan Rows": 1, "Plan Width": 8, "Actual Rows": 1, "Actual Loops": 1, "Plans": [{"Node Type": "Gather", "Parent Relationship": "Outer", "Parallel Aware": false, "Async Capable": false, "Startup Cost": 71306752.55, "Total Cost": 71306752.66, "Plan Rows": 1, "Plan Width": 8, "Actual Rows": 2, "Actual Loops": 1, "Workers Planned": 1, "Workers Launched": 1, "Single Copy": false, "Plans": [{"Node Type": "Aggregate", "Strategy": "Plain", "Partial Mode": "Partial", "Parent Relationship": "Outer", "Parallel Aware": false, "Async Capable": false, "Startup Cost": 71305752.55, "Total Cost": 71305752.56, "Plan Rows": 1, "Plan Width": 8, "Actual Rows": 1, "Actual Loops": 2, "Workers": [], "Plans": [{"Node Type": "Hash Join", "Parent Relationship": "Outer", "Parallel Aware": true, "Async Capable": false, "Join Type": "Inner", "Startup Cost": 9307.14, "Total Cost": 1621850.65, "Plan Rows": 27873560763, "Plan Width": 0, "Actual Rows": 127677904, "Actual Loops": 2, "Inner Unique": false, "Hash Cond": "(ph.userid = u.id)", "Workers": [], "Plans": [{"Node Type": "Merge Join", "Parent Relationship": "Outer", "Parallel Aware": false, "Async Capable": false, "Join Type": "Inner", "Startup Cost": 3475.14, "Total Cost": 211108.97, "Plan Rows": 51950928, "Plan Width": 12, "Actual Rows": 75444486, "Actual Loops": 2, "Inner Unique": false, "Merge Cond": "(ph.userid = b.userid)", "Workers": [], "Plans": [{"Node Type": "Index Scan", "Parent Relationship": "Outer", "Parallel Aware": true, "Async Capable": false, "Scan Direction": "Forward", "Index Name": "idx_posthistory_userid", "Relation Name": "posthistory", "Alias": "ph", "Startup Cost": 0.42, "Total Cost": 10843.61, "Plan Rows": 178345, "Plan Width": 4, "Actual Rows": 140928, "Actual Loops": 2, "Workers": []}, {"Node Type": "Materialize", "Parent Relationship": "Inner", "Parallel Aware": false, "Async Capable": false, "Startup Cost": 3304.0, "Total Cost": 8288.23, "Plan Rows": 109779, "Plan Width": 8, "Actual Rows": 75530127, "Actual Loops": 2, "Workers": [], "Plans": [{"Node Type": "Merge Join", "Parent Relationship": "Outer", "Parallel Aware": false, "Async Capable": false, "Join Type": "Inner", "Startup Cost": 3304.0, "Total Cost": 8013.78, "Plan Rows": 109779, "Plan Width": 8, "Actual Rows": 211842, "Actual Loops": 2, "Inner Unique": false, "Merge Cond": "(b.userid = p.owneruserid)", "Workers": [], "Plans": [{"Node Type": "Index Scan", "Parent Relationship": "Outer", "Parallel Aware": false, "Async Capable": false, "Scan Direction": "Forward", "Index Name": "idx_badges_userid", "Relation Name": "badges", "Alias": "b", "Startup Cost": 0.29, "Total Cost": 2865.34, "Plan Rows": 79851, "Plan Width": 4, "Actual Rows": 79834, "Actual Loops": 2, "Workers": []}, {"Node Type": "Sort", "Parent Relationship": "Inner", "Parallel Aware": false, "Async Capable": false, "Startup Cost": 3303.01, "Total Cost": 3310.14, "Plan Rows": 2851, "Plan Width": 4, "Actual Rows": 211964, "Actual Loops": 2, "Sort Key": ["p.owneruserid"], "Sort Method": "quicksort", "Sort Space Used": 385, "Sort Space Type": "Memory", "Workers": [{"Worker Number": 0, "Sort Method": "quicksort", "Sort Space Used": 385, "Sort Space Type": "Memory"}], "Plans": [{"Node Type": "Seq Scan", "Parent Relationship": "Outer", "Parallel Aware": false, "Async Capable": false, "Relation Name": "posts", "Alias": "p", "Startup Cost": 0.0, "Total Cost": 3139.4, "Plan Rows": 2851, "Plan Width": 4, "Actual Rows": 13007, "Actual Loops": 2, "Filter": "((viewcount >= 0) AND (viewcount <= 25597) AND (commentcount >= 0) AND (commentcount <= 11) AND (favoritecount >= 0) AND (posttypeid = 1))", "Rows Removed by Filter": 78969, "Workers": []}]}]}]}]}, {"Node Type": "Hash", "Parent Relationship": "Inner", "Parallel Aware": true, "Async Capable": false, "Startup Cost": 4637.72, "Total Cost": 4637.72, "Plan Rows": 95542, "Plan Width": 8, "Actual Rows": 28814, "Actual Loops": 2, "Hash Buckets": 262144, "Original Hash Buckets": 262144, "Hash Batches": 1, "Original Hash Batches": 1, "Peak Memory Usage": 4352, "Workers": [], "Plans": [{"Node Type": "Hash Join", "Parent Relationship": "Outer", "Parallel Aware": false, "Async Capable": false, "Join Type": "Inner", "Startup Cost": 1494.18, "Total Cost": 4637.72, "Plan Rows": 95542, "Plan Width": 8, "Actual Rows": 28814, "Actual Loops": 2, "Inner Unique": true, "Hash Cond": "(c.userid = u.id)", "Workers": [], "Plans": [{"Node Type": "Seq Scan", "Parent Relationship": "Outer", "Parallel Aware": true, "Async Capable": false, "Relation Name": "comments", "Alias": "c", "Startup Cost": 0.0, "Total Cost": 2881.99, "Plan Rows": 99635, "Plan Width": 4, "Actual Rows": 84656, "Actual Loops": 2, "Filter": "((creationdate >= '2010-08-19 09:33:49'::timestamp without time zone) AND (creationdate <= '2014-08-28 06:54:21'::timestamp without time zone))", "Rows Removed by Filter": 2497, "Workers": []}, {"Node Type": "Hash", "Parent Relationship": "Inner", "Parallel Aware": false, "Async Capable": false, "Startup Cost": 1002.69, "Total Cost": 1002.69, "Plan Rows": 39319, "Plan Width": 4, "Actual Rows": 39532, "Actual Loops": 2, "Hash Buckets": 65536, "Original Hash Buckets": 65536, "Hash Batches": 1, "Original Hash Batches": 1, "Peak Memory Usage": 1902, "Workers": [], "Plans": [{"Node Type": "Seq Scan", "Parent Relationship": "Outer", "Parallel Aware": false, "Async Capable": false, "Relation Name": "users", "Alias": "u", "Startup Cost": 0.0, "Total Cost": 1002.69, "Plan Rows": 39319, "Plan Width": 4, "Actual Rows": 39532, "Actual Loops": 2, "Filter": "((downvotes <= 0) AND (upvotes >= 0) AND (upvotes <= 123))", "Rows Removed by Filter": 793, "Workers": []}]}]}]}]}]}]}]}, "Planning Time": 9.363, "Triggers": [], "Execution Time": 14968.012}, {"Plan": {"Node Type": "Aggregate", "Strategy": "Plain", "Partial Mode": "Finalize", "Parallel Aware": false, "Async Capable": false, "Startup Cost": 71370030.66, "Total Cost": 71370030.67, "Plan Rows": 1, "Plan Width": 8, "Actual Rows": 1, "Actual Loops": 1, "Plans": [{"Node Type": "Gather", "Parent Relationship": "Outer", "Parallel Aware": false, "Async Capable": false, "Startup Cost": 71370030.55, "Total Cost": 71370030.66, "Plan Rows": 1, "Plan Width": 8, "Actual Rows": 2, "Actual Loops": 1, "Workers Planned": 1, "Workers Launched": 1, "Single Copy": false, "Plans": [{"Node Type": "Aggregate", "Strategy": "Plain", "Partial Mode": "Partial", "Parent Relationship": "Outer", "Parallel Aware": false, "Async Capable": false, "Startup Cost": 71369030.55, "Total Cost": 71369030.56, "Plan Rows": 1, "Plan Width": 8, "Actual Rows": 1, "Actual Loops": 2, "Workers": [], "Plans": [{"Node Type": "Hash Join", "Parent Relationship": "Outer", "Parallel Aware": true, "Async Capable": false, "Join Type": "Inner", "Startup Cost": 11226.09, "Total Cost": 1685128.64, "Plan Rows": 27873560763, "Plan Width": 0, "Actual Rows": 127677904, "Actual Loops": 2, "Inner Unique": false, "Hash Cond": "(ph.userid = u.id)", "Workers": [], "Plans": [{"Node Type": "Nested Loop", "Parent Relationship": "Outer", "Parallel Aware": false, "Async Capable": false, "Join Type": "Inner", "Startup Cost": 1.03, "Total Cost": 268993.9, "Plan Rows": 51950928, "Plan Width": 12, "Actual Rows": 75444486, "Actual Loops": 2, "Inner Unique": false, "Workers": [], "Plans": [{"Node Type": "Nested Loop", "Parent Relationship": "Outer", "Parallel Aware": false, "Async Capable": false, "Join Type": "Inner", "Startup Cost": 0.72, "Total Cost": 26809.45, "Plan Rows": 9339175, "Plan Width": 8, "Actual Rows": 8161323, "Actual Loops": 2, "Inner Unique": false, "Workers": [], "Plans": [{"Node Type": "Index Scan", "Parent Relationship": "Outer", "Parallel Aware": true, "Async Capable": false, "Scan Direction": "Forward", "Index Name": "idx_posthistory_userid", "Relation Name": "posthistory", "Alias": "ph", "Startup Cost": 0.42, "Total Cost": 10843.61, "Plan Rows": 178345, "Plan Width": 4, "Actual Rows": 151594, "Actual Loops": 2, "Workers": []}, {"Node Type": "Memoize", "Parent Relationship": "Inner", "Parallel Aware": false, "Async Capable": false, "Startup Cost": 0.3, "Total Cost": 0.36, "Plan Rows": 3, "Plan Width": 4, "Actual Rows": 54, "Actual Loops": 303187, "Cache Key": "ph.userid", "Cache Mode": "logical", "Cache Hits": 106750, "Cache Misses": 8754, "Cache Evictions": 0, "Cache Overflows": 0, "Peak Memory Usage": 1563, "Workers": [{"Worker Number": 0, "Cache Hits": 174304, "Cache Misses": 13379, "Cache Evictions": 0, "Cache Overflows": 0, "Peak Memory Usage": 2565}], "Plans": [{"Node Type": "Index Scan", "Parent Relationship": "Outer", "Parallel Aware": false, "Async Capable": false, "Scan Direction": "Forward", "Index Name": "idx_badges_userid", "Relation Name": "badges", "Alias": "b", "Startup Cost": 0.29, "Total Cost": 0.35, "Plan Rows": 3, "Plan Width": 4, "Actual Rows": 3, "Actual Loops": 22133, "Index Cond": "(userid = ph.userid)", "Rows Removed by Index Recheck": 0, "Workers": []}]}]}, {"Node Type": "Memoize", "Parent Relationship": "Inner", "Parallel Aware": false, "Async Capable": false, "Startup Cost": 0.3, "Total Cost": 0.45, "Plan Rows": 1, "Plan Width": 4, "Actual Rows": 9, "Actual Loops": 16322646, "Cache Key": "ph.userid", "Cache Mode": "logical", "Cache Hits": 6558319, "Cache Misses": 7650, "Cache Evictions": 0, "Cache Overflows": 0, "Peak Memory Usage": 675, "Workers": [{"Worker Number": 0, "Cache Hits": 9744728, "Cache Misses": 11949, "Cache Evictions": 0, "Cache Overflows": 0, "Peak Memory Usage": 1085}], "Plans": [{"Node Type": "Index Scan", "Parent Relationship": "Outer", "Parallel Aware": false, "Async Capable": false, "Scan Direction": "Forward", "Index Name": "idx_posts_owneruserid", "Relation Name": "posts", "Alias": "p", "Startup Cost": 0.29, "Total Cost": 0.44, "Plan Rows": 1, "Plan Width": 4, "Actual Rows": 1, "Actual Loops": 19599, "Index Cond": "(owneruserid = ph.userid)", "Rows Removed by Index Recheck": 0, "Filter": "((viewcount >= 0) AND (viewcount <= 25597) AND (commentcount >= 0) AND (commentcount <= 11) AND (favoritecount >= 0) AND (posttypeid = 1))", "Rows Removed by Filter": 4, "Workers": []}]}]}, {"Node Type": "Hash", "Parent Relationship": "Inner", "Parallel Aware": true, "Async Capable": false, "Startup Cost": 10030.79, "Total Cost": 10030.79, "Plan Rows": 95542, "Plan Width": 8, "Actual Rows": 28814, "Actual Loops": 2, "Hash Buckets": 262144, "Original Hash Buckets": 262144, "Hash Batches": 1, "Original Hash Batches": 1, "Peak Memory Usage": 4352, "Workers": [], "Plans": [{"Node Type": "Hash Join", "Parent Relationship": "Outer", "Parallel Aware": false, "Async Capable": false, "Join Type": "Inner", "Startup Cost": 2151.39, "Total Cost": 10030.79, "Plan Rows": 95542, "Plan Width": 8, "Actual Rows": 28814, "Actual Loops": 2, "Inner Unique": true, "Hash Cond": "(c.userid = u.id)", "Workers": [], "Plans": [{"Node Type": "Index Scan", "Parent Relationship": "Outer", "Parallel Aware": true, "Async Capable": false, "Scan Direction": "Forward", "Index Name": "idx_comments_userid", "Relation Name": "comments", "Alias": "c", "Startup Cost": 0.29, "Total Cost": 7618.14, "Plan Rows": 99635, "Plan Width": 4, "Actual Rows": 84656, "Actual Loops": 2, "Filter": "((creationdate >= '2010-08-19 09:33:49'::timestamp without time zone) AND (creationdate <= '2014-08-28 06:54:21'::timestamp without time zone))", "Rows Removed by Filter": 2497, "Workers": []}, {"Node Type": "Hash", "Parent Relationship": "Inner", "Parallel Aware": false, "Async Capable": false, "Startup Cost": 1659.6, "Total Cost": 1659.6, "Plan Rows": 39319, "Plan Width": 4, "Actual Rows": 39532, "Actual Loops": 2, "Hash Buckets": 65536, "Original Hash Buckets": 65536, "Hash Batches": 1, "Original Hash Batches": 1, "Peak Memory Usage": 1902, "Workers": [], "Plans": [{"Node Type": "Index Scan", "Parent Relationship": "Outer", "Parallel Aware": false, "Async Capable": false, "Scan Direction": "Forward", "Index Name": "users_pkey", "Relation Name": "users", "Alias": "u", "Startup Cost": 0.29, "Total Cost": 1659.6, "Plan Rows": 39319, "Plan Width": 4, "Actual Rows": 39532, "Actual Loops": 2, "Filter": "((downvotes <= 0) AND (upvotes >= 0) AND (upvotes <= 123))", "Rows Removed by Filter": 793, "Workers": []}]}]}]}]}]}]}]}, "Planning Time": 8.308, "Triggers": [], "Execution Time": 14879.652}, {"Plan": {"Node Type": "Aggregate", "Strategy": "Plain", "Partial Mode": "Finalize", "Parallel Aware": false, "Async Capable": false, "Startup Cost": 71357817.44, "Total Cost": 71357817.45, "Plan Rows": 1, "Plan Width": 8, "Actual Rows": 1, "Actual Loops": 1, "Plans": [{"Node Type": "Gather", "Parent Relationship": "Outer", "Parallel Aware": false, "Async Capable": false, "Startup Cost": 71357817.33, "Total Cost": 71357817.44, "Plan Rows": 1, "Plan Width": 8, "Actual Rows": 2, "Actual Loops": 1, "Workers Planned": 1, "Workers Launched": 1, "Single Copy": false, "Plans": [{"Node Type": "Aggregate", "Strategy": "Plain", "Partial Mode": "Partial", "Parent Relationship": "Outer", "Parallel Aware": false, "Async Capable": false, "Startup Cost": 71356817.33, "Total Cost": 71356817.34, "Plan Rows": 1, "Plan Width": 8, "Actual Rows": 1, "Actual Loops": 2, "Workers": [], "Plans": [{"Node Type": "Hash Join", "Parent Relationship": "Outer", "Parallel Aware": true, "Async Capable": false, "Join Type": "Inner", "Startup Cost": 5832.6, "Total Cost": 1672915.42, "Plan Rows": 27873560763, "Plan Width": 0, "Actual Rows": 127677904, "Actual Loops": 2, "Inner Unique": false, "Hash Cond": "(ph.userid = u.id)", "Workers": [], "Plans": [{"Node Type": "Nested Loop", "Parent Relationship": "Outer", "Parallel Aware": false, "Async Capable": false, "Join Type": "Inner", "Startup Cost": 0.6, "Total Cost": 262173.74, "Plan Rows": 51950928, "Plan Width": 12, "Actual Rows": 75444486, "Actual Loops": 2, "Inner Unique": false, "Workers": [], "Plans": [{"Node Type": "Nested Loop", "Parent Relationship": "Outer", "Parallel Aware": false, "Async Capable": false, "Join Type": "Inner", "Startup Cost": 0.3, "Total Cost": 19989.3, "Plan Rows": 9339175, "Plan Width": 8, "Actual Rows": 8161323, "Actual Loops": 2, "Inner Unique": false, "Workers": [], "Plans": [{"Node Type": "Seq Scan", "Parent Relationship": "Outer", "Parallel Aware": true, "Async Capable": false, "Relation Name": "posthistory", "Alias": "ph", "Startup Cost": 0.0, "Total Cost": 4023.45, "Plan Rows": 178345, "Plan Width": 4, "Actual Rows": 151594, "Actual Loops": 2, "Workers": []}, {"Node Type": "Memoize", "Parent Relationship": "Inner", "Parallel Aware": false, "Async Capable": false, "Startup Cost": 0.3, "Total Cost": 0.36, "Plan Rows": 3, "Plan Width": 4, "Actual Rows": 54, "Actual Loops": 303187, "Cache Key": "ph.userid", "Cache Mode": "logical", "Cache Hits": 135595, "Cache Misses": 14490, "Cache Evictions": 0, "Cache Overflows": 0, "Peak Memory Usage": 3098, "Workers": [{"Worker Number": 0, "Cache Hits": 138463, "Cache Misses": 14639, "Cache Evictions": 0, "Cache Overflows": 0, "Peak Memory Usage": 3105}], "Plans": [{"Node Type": "Index Scan", "Parent Relationship": "Outer", "Parallel Aware": false, "Async Capable": false, "Scan Direction": "Forward", "Index Name": "idx_badges_userid", "Relation Name": "badges", "Alias": "b", "Startup Cost": 0.29, "Total Cost": 0.35, "Plan Rows": 3, "Plan Width": 4, "Actual Rows": 4, "Actual Loops": 29129, "Index Cond": "(userid = ph.userid)", "Rows Removed by Index Recheck": 0, "Workers": []}]}]}, {"Node Type": "Memoize", "Parent Relationship": "Inner", "Parallel Aware": false, "Async Capable": false, "Startup Cost": 0.3, "Total Cost": 0.45, "Plan Rows": 1, "Plan Width": 4, "Actual Rows": 9, "Actual Loops": 16322646, "Cache Key": "ph.userid", "Cache Mode": "logical", "Cache Hits": 8128166, "Cache Misses": 13233, "Cache Evictions": 0, "Cache Overflows": 0, "Peak Memory Usage": 1268, "Workers": [{"Worker Number": 0, "Cache Hits": 8167957, "Cache Misses": 13290, "Cache Evictions": 0, "Cache Overflows": 0, "Peak Memory Usage": 1273}], "Plans": [{"Node Type": "Index Scan", "Parent Relationship": "Outer", "Parallel Aware": false, "Async Capable": false, "Scan Direction": "Forward", "Index Name": "idx_posts_owneruserid", "Relation Name": "posts", "Alias": "p", "Startup Cost": 0.29, "Total Cost": 0.44, "Plan Rows": 1, "Plan Width": 4, "Actual Rows": 1, "Actual Loops": 26523, "Index Cond": "(owneruserid = ph.userid)", "Rows Removed by Index Recheck": 0, "Filter": "((viewcount >= 0) AND (viewcount <= 25597) AND (commentcount >= 0) AND (commentcount <= 11) AND (favoritecount >= 0) AND (posttypeid = 1))", "Rows Removed by Filter": 5, "Workers": []}]}]}, {"Node Type": "Hash", "Parent Relationship": "Inner", "Parallel Aware": true, "Async Capable": false, "Startup Cost": 4637.72, "Total Cost": 4637.72, "Plan Rows": 95542, "Plan Width": 8, "Actual Rows": 28814, "Actual Loops": 2, "Hash Buckets": 262144, "Original Hash Buckets": 262144, "Hash Batches": 1, "Original Hash Batches": 1, "Peak Memory Usage": 4352, "Workers": [], "Plans": [{"Node Type": "Hash Join", "Parent Relationship": "Outer", "Parallel Aware": false, "Async Capable": false, "Join Type": "Inner", "Startup Cost": 1494.18, "Total Cost": 4637.72, "Plan Rows": 95542, "Plan Width": 8, "Actual Rows": 28814, "Actual Loops": 2, "Inner Unique": true, "Hash Cond": "(c.userid = u.id)", "Workers": [], "Plans": [{"Node Type": "Seq Scan", "Parent Relationship": "Outer", "Parallel Aware": true, "Async Capable": false, "Relation Name": "comments", "Alias": "c", "Startup Cost": 0.0, "Total Cost": 2881.99, "Plan Rows": 99635, "Plan Width": 4, "Actual Rows": 84656, "Actual Loops": 2, "Filter": "((creationdate >= '2010-08-19 09:33:49'::timestamp without time zone) AND (creationdate <= '2014-08-28 06:54:21'::timestamp without time zone))", "Rows Removed by Filter": 2497, "Workers": []}, {"Node Type": "Hash", "Parent Relationship": "Inner", "Parallel Aware": false, "Async Capable": false, "Startup Cost": 1002.69, "Total Cost": 1002.69, "Plan Rows": 39319, "Plan Width": 4, "Actual Rows": 39532, "Actual Loops": 2, "Hash Buckets": 65536, "Original Hash Buckets": 65536, "Hash Batches": 1, "Original Hash Batches": 1, "Peak Memory Usage": 1902, "Workers": [], "Plans": [{"Node Type": "Seq Scan", "Parent Relationship": "Outer", "Parallel Aware": false, "Async Capable": false, "Relation Name": "users", "Alias": "u", "Startup Cost": 0.0, "Total Cost": 1002.69, "Plan Rows": 39319, "Plan Width": 4, "Actual Rows": 39532, "Actual Loops": 2, "Filter": "((downvotes <= 0) AND (upvotes >= 0) AND (upvotes <= 123))", "Rows Removed by Filter": 793, "Workers": []}]}]}]}]}]}]}]}, "Planning Time": 8.59, "Triggers": [], "Execution Time": 14851.799}, {"Plan": {"Node Type": "Aggregate", "Strategy": "Plain", "Partial Mode": "Finalize", "Parallel Aware": false, "Async Capable": false, "Startup Cost": 51538882.89, "Total Cost": 51538882.9, "Plan Rows": 1, "Plan Width": 8, "Actual Rows": 1, "Actual Loops": 1, "Plans": [{"Node Type": "Gather", "Parent Relationship": "Outer", "Parallel Aware": false, "Async Capable": false, "Startup Cost": 51538882.67, "Total Cost": 51538882.88, "Plan Rows": 2, "Plan Width": 8, "Actual Rows": 3, "Actual Loops": 1, "Workers Planned": 2, "Workers Launched": 2, "Single Copy": false, "Plans": [{"Node Type": "Aggregate", "Strategy": "Plain", "Partial Mode": "Partial", "Parent Relationship": "Outer", "Parallel Aware": false, "Async Capable": false, "Startup Cost": 51537882.67, "Total Cost": 51537882.68, "Plan Rows": 1, "Plan Width": 8, "Actual Rows": 1, "Actual Loops": 3, "Workers": [], "Plans": [{"Node Type": "Merge Join", "Parent Relationship": "Outer", "Parallel Aware": false, "Async Capable": false, "Join Type": "Inner", "Startup Cost": 9.69, "Total Cost": 2178452.15, "Plan Rows": 19743772207, "Plan Width": 0, "Actual Rows": 85118602, "Actual Loops": 3, "Inner Unique": false, "Merge Cond": "(u.id = c.userid)", "Workers": [], "Plans": [{"Node Type": "Merge Join", "Parent Relationship": "Outer", "Parallel Aware": false, "Async Capable": false, "Join Type": "Inner", "Startup Cost": 1.3, "Total Cost": 18019.09, "Plan Rows": 33381828, "Plan Width": 16, "Actual Rows": 1409583, "Actual Loops": 3, "Inner Unique": false, "Merge Cond": "(ph.userid = u.id)", "Workers": [], "Plans": [{"Node Type": "Index Only Scan", "Parent Relationship": "Outer", "Parallel Aware": true, "Async Capable": false, "Scan Direction": "Forward", "Index Name": "idx_posthistory_userid", "Relation Name": "posthistory", "Alias": "ph", "Startup Cost": 0.42, "Total Cost": 4157.26, "Plan Rows": 126328, "Plan Width": 4, "Actual Rows": 93523, "Actual Loops": 3, "Heap Fetches": 0, "Workers": []}, {"Node Type": "Materialize", "Parent Relationship": "Inner", "Parallel Aware": false, "Async Capable": false, "Startup Cost": 0.88, "Total Cost": 9445.41, "Plan Rows": 107040, "Plan Width": 12, "Actual Rows": 1455390, "Actual Loops": 3, "Workers": [], "Plans": [{"Node Type": "Merge Join", "Parent Relationship": "Outer", "Parallel Aware": false, "Async Capable": false, "Join Type": "Inner", "Startup Cost": 0.88, "Total Cost": 9177.81, "Plan Rows": 107040, "Plan Width": 12, "Actual Rows": 69469, "Actual Loops": 3, "Inner Unique": false, "Merge Cond": "(u.id = b.userid)", "Workers": [], "Plans": [{"Node Type": "Merge Join", "Parent Relationship": "Outer", "Parallel Aware": false, "Async Capable": false, "Join Type": "Inner", "Startup Cost": 0.58, "Total Cost": 7183.06, "Plan Rows": 2738, "Plan Width": 8, "Actual Rows": 9584, "Actual Loops": 3, "Inner Unique": true, "Merge Cond": "(p.owneruserid = u.id)", "Workers": [], "Plans": [{"Node Type": "Index Scan", "Parent Relationship": "Outer", "Parallel Aware": false, "Async Capable": false, "Scan Direction": "Forward", "Index Name": "idx_posts_owneruserid", "Relation Name": "posts", "Alias": "p", "Startup Cost": 0.29, "Total Cost": 5473.31, "Plan Rows": 2851, "Plan Width": 4, "Actual Rows": 12721, "Actual Loops": 3, "Filter": "((viewcount >= 0) AND (viewcount <= 25597) AND (commentcount >= 0) AND (commentcount <= 11) AND (favoritecount >= 0) AND (posttypeid = 1))", "Rows Removed by Filter": 77492, "Workers": []}, {"Node Type": "Index Scan", "Parent Relationship": "Inner", "Parallel Aware": false, "Async Capable": false, "Scan Direction": "Forward", "Index Name": "users_pkey", "Relation Name": "users", "Alias": "u", "Startup Cost": 0.29, "Total Cost": 1659.6, "Plan Rows": 39319, "Plan Width": 4, "Actual Rows": 38824, "Actual Loops": 3, "Filter": "((downvotes <= 0) AND (upvotes >= 0) AND (upvotes <= 123))", "Rows Removed by Filter": 792, "Workers": []}]}, {"Node Type": "Index Only Scan", "Parent Relationship": "Inner", "Parallel Aware": false, "Async Capable": false, "Scan Direction": "Forward", "Index Name": "idx_badges_userid", "Relation Name": "badges", "Alias": "b", "Startup Cost": 0.29, "Total Cost": 1734.06, "Plan Rows": 79851, "Plan Width": 4, "Actual Rows": 121521, "Actual Loops": 3, "Heap Fetches": 0, "Workers": []}]}]}]}, {"Node Type": "Materialize", "Parent Relationship": "Inner", "Parallel Aware": false, "Async Capable": false, "Startup Cost": 0.29, "Total Cost": 9118.17, "Plan Rows": 169379, "Plan Width": 4, "Actual Rows": 85274019, "Actual Loops": 3, "Workers": [], "Plans": [{"Node Type": "Index Scan", "Parent Relationship": "Outer", "Parallel Aware": false, "Async Capable": false, "Scan Direction": "Forward", "Index Name": "idx_comments_userid", "Relation Name": "comments", "Alias": "c", "Startup Cost": 0.29, "Total Cost": 8694.72, "Plan Rows": 169379, "Plan Width": 4, "Actual Rows": 166684, "Actual Loops": 3, "Filter": "((creationdate >= '2010-08-19 09:33:49'::timestamp without time zone) AND (creationdate <= '2014-08-28 06:54:21'::timestamp without time zone))", "Rows Removed by Filter": 4956, "Workers": []}]}]}]}]}]}, "Planning Time": 10.624, "Triggers": [], "Execution Time": 7374.092}, {"Plan": {"Node Type": "Aggregate", "Strategy": "Plain", "Partial Mode": "Finalize", "Parallel Aware": false, "Async Capable": false, "Startup Cost": 51537952.21, "Total Cost": 51537952.22, "Plan Rows": 1, "Plan Width": 8, "Actual Rows": 1, "Actual Loops": 1, "Plans": [{"Node Type": "Gather", "Parent Relationship": "Outer", "Parallel Aware": false, "Async Capable": false, "Startup Cost": 51537951.99, "Total Cost": 51537952.2, "Plan Rows": 2, "Plan Width": 8, "Actual Rows": 3, "Actual Loops": 1, "Workers Planned": 2, "Workers Launched": 2, "Single Copy": false, "Plans": [{"Node Type": "Aggregate", "Strategy": "Plain", "Partial Mode": "Partial", "Parent Relationship": "Outer", "Parallel Aware": false, "Async Capable": false, "Startup Cost": 51536951.99, "Total Cost": 51536952.0, "Plan Rows": 1, "Plan Width": 8, "Actual Rows": 1, "Actual Loops": 3, "Workers": [], "Plans": [{"Node Type": "Merge Join", "Parent Relationship": "Outer", "Parallel Aware": false, "Async Capable": false, "Join Type": "Inner", "Startup Cost": 9.62, "Total Cost": 2177521.48, "Plan Rows": 19743772207, "Plan Width": 0, "Actual Rows": 85118602, "Actual Loops": 3, "Inner Unique": false, "Merge Cond": "(u.id = c.userid)", "Workers": [], "Plans": [{"Node Type": "Merge Join", "Parent Relationship": "Outer", "Parallel Aware": false, "Async Capable": false, "Join Type": "Inner", "Startup Cost": 1.3, "Total Cost": 17088.42, "Plan Rows": 33381828, "Plan Width": 16, "Actual Rows": 1409583, "Actual Loops": 3, "Inner Unique": false, "Merge Cond": "(ph.userid = u.id)", "Workers": [], "Plans": [{"Node Type": "Index Only Scan", "Parent Relationship": "Outer", "Parallel Aware": true, "Async Capable": false, "Scan Direction": "Forward", "Index Name": "idx_posthistory_userid", "Relation Name": "posthistory", "Alias": "ph", "Startup Cost": 0.42, "Total Cost": 4157.26, "Plan Rows": 126328, "Plan Width": 4, "Actual Rows": 93523, "Actual Loops": 3, "Heap Fetches": 0, "Workers": []}, {"Node Type": "Materialize", "Parent Relationship": "Inner", "Parallel Aware": false, "Async Capable": false, "Startup Cost": 0.88, "Total Cost": 8514.74, "Plan Rows": 107040, "Plan Width": 12, "Actual Rows": 1455390, "Actual Loops": 3, "Workers": [], "Plans": [{"Node Type": "Nested Loop", "Parent Relationship": "Outer", "Parallel Aware": false, "Async Capable": false, "Join Type": "Inner", "Startup Cost": 0.88, "Total Cost": 8247.14, "Plan Rows": 107040, "Plan Width": 12, "Actual Rows": 69469, "Actual Loops": 3, "Inner Unique": false, "Workers": [], "Plans": [{"Node Type": "Merge Join", "Parent Relationship": "Outer", "Parallel Aware": false, "Async Capable": false, "Join Type": "Inner", "Startup Cost": 0.58, "Total Cost": 7183.06, "Plan Rows": 2738, "Plan Width": 8, "Actual Rows": 9584, "Actual Loops": 3, "Inner Unique": true, "Merge Cond": "(p.owneruserid = u.id)", "Workers": [], "Plans": [{"Node Type": "Index Scan", "Parent Relationship": "Outer", "Parallel Aware": false, "Async Capable": false, "Scan Direction": "Forward", "Index Name": "idx_posts_owneruserid", "Relation Name": "posts", "Alias": "p", "Startup Cost": 0.29, "Total Cost": 5473.31, "Plan Rows": 2851, "Plan Width": 4, "Actual Rows": 12721, "Actual Loops": 3, "Filter": "((viewcount >= 0) AND (viewcount <= 25597) AND (commentcount >= 0) AND (commentcount <= 11) AND (favoritecount >= 0) AND (posttypeid = 1))", "Rows Removed by Filter": 77492, "Workers": []}, {"Node Type": "Index Scan", "Parent Relationship": "Inner", "Parallel Aware": false, "Async Capable": false, "Scan Direction": "Forward", "Index Name": "users_pkey", "Relation Name": "users", "Alias": "u", "Startup Cost": 0.29, "Total Cost": 1659.6, "Plan Rows": 39319, "Plan Width": 4, "Actual Rows": 38824, "Actual Loops": 3, "Filter": "((downvotes <= 0) AND (upvotes >= 0) AND (upvotes <= 123))", "Rows Removed by Filter": 792, "Workers": []}]}, {"Node Type": "Index Only Scan", "Parent Relationship": "Inner", "Parallel Aware": false, "Async Capable": false, "Scan Direction": "Forward", "Index Name": "idx_badges_userid", "Relation Name": "badges", "Alias": "b", "Startup Cost": 0.29, "Total Cost": 0.36, "Plan Rows": 3, "Plan Width": 4, "Actual Rows": 7, "Actual Loops": 28752, "Index Cond": "(userid = u.id)", "Rows Removed by Index Recheck": 0, "Heap Fetches": 0, "Workers": []}]}]}]}, {"Node Type": "Materialize", "Parent Relationship": "Inner", "Parallel Aware": false, "Async Capable": false, "Startup Cost": 0.29, "Total Cost": 9118.17, "Plan Rows": 169379, "Plan Width": 4, "Actual Rows": 85274019, "Actual Loops": 3, "Workers": [], "Plans": [{"Node Type": "Index Scan", "Parent Relationship": "Outer", "Parallel Aware": false, "Async Capable": false, "Scan Direction": "Forward", "Index Name": "idx_comments_userid", "Relation Name": "comments", "Alias": "c", "Startup Cost": 0.29, "Total Cost": 8694.72, "Plan Rows": 169379, "Plan Width": 4, "Actual Rows": 166684, "Actual Loops": 3, "Filter": "((creationdate >= '2010-08-19 09:33:49'::timestamp without time zone) AND (creationdate <= '2014-08-28 06:54:21'::timestamp without time zone))", "Rows Removed by Filter": 4956, "Workers": []}]}]}]}]}]}, "Planning Time": 9.098, "Triggers": [], "Execution Time": 7372.651}, {"Plan": {"Node Type": "Aggregate", "Strategy": "Plain", "Partial Mode": "Finalize", "Parallel Aware": false, "Async Capable": false, "Startup Cost": 51535871.47, "Total Cost": 51535871.48, "Plan Rows": 1, "Plan Width": 8, "Actual Rows": 1, "Actual Loops": 1, "Plans": [{"Node Type": "Gather", "Parent Relationship": "Outer", "Parallel Aware": false, "Async Capable": false, "Startup Cost": 51535871.26, "Total Cost": 51535871.47, "Plan Rows": 2, "Plan Width": 8, "Actual Rows": 3, "Actual Loops": 1, "Workers Planned": 2, "Workers Launched": 2, "Single Copy": false, "Plans": [{"Node Type": "Aggregate", "Strategy": "Plain", "Partial Mode": "Partial", "Parent Relationship": "Outer", "Parallel Aware": false, "Async Capable": false, "Startup Cost": 51534871.26, "Total Cost": 51534871.27, "Plan Rows": 1, "Plan Width": 8, "Actual Rows": 1, "Actual Loops": 3, "Workers": [], "Plans": [{"Node Type": "Merge Join", "Parent Relationship": "Outer", "Parallel Aware": false, "Async Capable": false, "Join Type": "Inner", "Startup Cost": 3311.9, "Total Cost": 2175440.74, "Plan Rows": 19743772207, "Plan Width": 0, "Actual Rows": 85118602, "Actual Loops": 3, "Inner Unique": false, "Merge Cond": "(u.id = c.userid)", "Workers": [], "Plans": [{"Node Type": "Merge Join", "Parent Relationship": "Outer", "Parallel Aware": false, "Async Capable": false, "Join Type": "Inner", "Startup Cost": 3304.01, "Total Cost": 15007.68, "Plan Rows": 33381828, "Plan Width": 16, "Actual Rows": 1409583, "Actual Loops": 3, "Inner Unique": false, "Merge Cond": "(ph.userid = u.id)", "Workers": [], "Plans": [{"Node Type": "Index Only Scan", "Parent Relationship": "Outer", "Parallel Aware": true, "Async Capable": false, "Scan Direction": "Forward", "Index Name": "idx_posthistory_userid", "Relation Name": "posthistory", "Alias": "ph", "Startup Cost": 0.42, "Total Cost": 4157.26, "Plan Rows": 126328, "Plan Width": 4, "Actual Rows": 93523, "Actual Loops": 3, "Heap Fetches": 0, "Workers": []}, {"Node Type": "Materialize", "Parent Relationship": "Inner", "Parallel Aware": false, "Async Capable": false, "Startup Cost": 3303.59, "Total Cost": 6434.0, "Plan Rows": 107040, "Plan Width": 12, "Actual Rows": 1455390, "Actual Loops": 3, "Workers": [], "Plans": [{"Node Type": "Nested Loop", "Parent Relationship": "Outer", "Parallel Aware": false, "Async Capable": false, "Join Type": "Inner", "Startup Cost": 3303.59, "Total Cost": 6166.4, "Plan Rows": 107040, "Plan Width": 12, "Actual Rows": 69469, "Actual Loops": 3, "Inner Unique": false, "Workers": [], "Plans": [{"Node Type": "Merge Join", "Parent Relationship": "Outer", "Parallel Aware": false, "Async Capable": false, "Join Type": "Inner", "Startup Cost": 3303.3, "Total Cost": 5102.33, "Plan Rows": 2738, "Plan Width": 8, "Actual Rows": 9584, "Actual Loops": 3, "Inner Unique": false, "Merge Cond": "(u.id = p.owneruserid)", "Workers": [], "Plans": [{"Node Type": "Index Scan", "Parent Relationship": "Outer", "Parallel Aware": false, "Async Capable": false, "Scan Direction": "Forward", "Index Name": "users_pkey", "Relation Name": "users", "Alias": "u", "Startup Cost": 0.29, "Total Cost": 1659.6, "Plan Rows": 39319, "Plan Width": 4, "Actual Rows": 38824, "Actual Loops": 3, "Filter": "((downvotes <= 0) AND (upvotes >= 0) AND (upvotes <= 123))", "Rows Removed by Filter": 792, "Workers": []}, {"Node Type": "Sort", "Parent Relationship": "Inner", "Parallel Aware": false, "Async Capable": false, "Startup Cost": 3303.01, "Total Cost": 3310.14, "Plan Rows": 2851, "Plan Width": 4, "Actual Rows": 12721, "Actual Loops": 3, "Sort Key": ["p.owneruserid"], "Sort Method": "quicksort", "Sort Space Used": 385, "Sort Space Type": "Memory", "Workers": [{"Worker Number": 0, "Sort Method": "quicksort", "Sort Space Used": 385, "Sort Space Type": "Memory"}, {"Worker Number": 1, "Sort Method": "quicksort", "Sort Space Used": 385, "Sort Space Type": "Memory"}], "Plans": [{"Node Type": "Seq Scan", "Parent Relationship": "Outer", "Parallel Aware": false, "Async Capable": false, "Relation Name": "posts", "Alias": "p", "Startup Cost": 0.0, "Total Cost": 3139.4, "Plan Rows": 2851, "Plan Width": 4, "Actual Rows": 13007, "Actual Loops": 3, "Filter": "((viewcount >= 0) AND (viewcount <= 25597) AND (commentcount >= 0) AND (commentcount <= 11) AND (favoritecount >= 0) AND (posttypeid = 1))", "Rows Removed by Filter": 78969, "Workers": []}]}]}, {"Node Type": "Index Only Scan", "Parent Relationship": "Inner", "Parallel Aware": false, "Async Capable": false, "Scan Direction": "Forward", "Index Name": "idx_badges_userid", "Relation Name": "badges", "Alias": "b", "Startup Cost": 0.29, "Total Cost": 0.36, "Plan Rows": 3, "Plan Width": 4, "Actual Rows": 7, "Actual Loops": 28752, "Index Cond": "(userid = u.id)", "Rows Removed by Index Recheck": 0, "Heap Fetches": 0, "Workers": []}]}]}]}, {"Node Type": "Materialize", "Parent Relationship": "Inner", "Parallel Aware": false, "Async Capable": false, "Startup Cost": 0.29, "Total Cost": 9118.17, "Plan Rows": 169379, "Plan Width": 4, "Actual Rows": 85274019, "Actual Loops": 3, "Workers": [], "Plans": [{"Node Type": "Index Scan", "Parent Relationship": "Outer", "Parallel Aware": false, "Async Capable": false, "Scan Direction": "Forward", "Index Name": "idx_comments_userid", "Relation Name": "comments", "Alias": "c", "Startup Cost": 0.29, "Total Cost": 8694.72, "Plan Rows": 169379, "Plan Width": 4, "Actual Rows": 166684, "Actual Loops": 3, "Filter": "((creationdate >= '2010-08-19 09:33:49'::timestamp without time zone) AND (creationdate <= '2014-08-28 06:54:21'::timestamp without time zone))", "Rows Removed by Filter": 4956, "Workers": []}]}]}]}]}]}, "Planning Time": 5.228, "Triggers": [], "Execution Time": 7302.45}, {"Plan": {"Node Type": "Aggregate", "Strategy": "Plain", "Partial Mode": "Finalize", "Parallel Aware": false, "Async Capable": false, "Startup Cost": 51536802.15, "Total Cost": 51536802.16, "Plan Rows": 1, "Plan Width": 8, "Actual Rows": 1, "Actual Loops": 1, "Plans": [{"Node Type": "Gather", "Parent Relationship": "Outer", "Parallel Aware": false, "Async Capable": false, "Startup Cost": 51536801.94, "Total Cost": 51536802.15, "Plan Rows": 2, "Plan Width": 8, "Actual Rows": 3, "Actual Loops": 1, "Workers Planned": 2, "Workers Launched": 2, "Single Copy": false, "Plans": [{"Node Type": "Aggregate", "Strategy": "Plain", "Partial Mode": "Partial", "Parent Relationship": "Outer", "Parallel Aware": false, "Async Capable": false, "Startup Cost": 51535801.94, "Total Cost": 51535801.95, "Plan Rows": 1, "Plan Width": 8, "Actual Rows": 1, "Actual Loops": 3, "Workers": [], "Plans": [{"Node Type": "Merge Join", "Parent Relationship": "Outer", "Parallel Aware": false, "Async Capable": false, "Join Type": "Inner", "Startup Cost": 3311.98, "Total Cost": 2176371.42, "Plan Rows": 19743772207, "Plan Width": 0, "Actual Rows": 85118602, "Actual Loops": 3, "Inner Unique": false, "Merge Cond": "(u.id = c.userid)", "Workers": [], "Plans": [{"Node Type": "Merge Join", "Parent Relationship": "Outer", "Parallel Aware": false, "Async Capable": false, "Join Type": "Inner", "Startup Cost": 3304.01, "Total Cost": 15938.36, "Plan Rows": 33381828, "Plan Width": 16, "Actual Rows": 1409583, "Actual Loops": 3, "Inner Unique": false, "Merge Cond": "(ph.userid = u.id)", "Workers": [], "Plans": [{"Node Type": "Index Only Scan", "Parent Relationship": "Outer", "Parallel Aware": true, "Async Capable": false, "Scan Direction": "Forward", "Index Name": "idx_posthistory_userid", "Relation Name": "posthistory", "Alias": "ph", "Startup Cost": 0.42, "Total Cost": 4157.26, "Plan Rows": 126328, "Plan Width": 4, "Actual Rows": 93523, "Actual Loops": 3, "Heap Fetches": 0, "Workers": []}, {"Node Type": "Materialize", "Parent Relationship": "Inner", "Parallel Aware": false, "Async Capable": false, "Startup Cost": 3303.59, "Total Cost": 7364.68, "Plan Rows": 107040, "Plan Width": 12, "Actual Rows": 1455390, "Actual Loops": 3, "Workers": [], "Plans": [{"Node Type": "Merge Join", "Parent Relationship": "Outer", "Parallel Aware": false, "Async Capable": false, "Join Type": "Inner", "Startup Cost": 3303.59, "Total Cost": 7097.08, "Plan Rows": 107040, "Plan Width": 12, "Actual Rows": 69469, "Actual Loops": 3, "Inner Unique": false, "Merge Cond": "(u.id = b.userid)", "Workers": [], "Plans": [{"Node Type": "Merge Join", "Parent Relationship": "Outer", "Parallel Aware": false, "Async Capable": false, "Join Type": "Inner", "Startup Cost": 3303.3, "Total Cost": 5102.33, "Plan Rows": 2738, "Plan Width": 8, "Actual Rows": 9584, "Actual Loops": 3, "Inner Unique": false, "Merge Cond": "(u.id = p.owneruserid)", "Workers": [], "Plans": [{"Node Type": "Index Scan", "Parent Relationship": "Outer", "Parallel Aware": false, "Async Capable": false, "Scan Direction": "Forward", "Index Name": "users_pkey", "Relation Name": "users", "Alias": "u", "Startup Cost": 0.29, "Total Cost": 1659.6, "Plan Rows": 39319, "Plan Width": 4, "Actual Rows": 38824, "Actual Loops": 3, "Filter": "((downvotes <= 0) AND (upvotes >= 0) AND (upvotes <= 123))", "Rows Removed by Filter": 792, "Workers": []}, {"Node Type": "Sort", "Parent Relationship": "Inner", "Parallel Aware": false, "Async Capable": false, "Startup Cost": 3303.01, "Total Cost": 3310.14, "Plan Rows": 2851, "Plan Width": 4, "Actual Rows": 12721, "Actual Loops": 3, "Sort Key": ["p.owneruserid"], "Sort Method": "quicksort", "Sort Space Used": 385, "Sort Space Type": "Memory", "Workers": [{"Worker Number": 0, "Sort Method": "quicksort", "Sort Space Used": 385, "Sort Space Type": "Memory"}, {"Worker Number": 1, "Sort Method": "quicksort", "Sort Space Used": 385, "Sort Space Type": "Memory"}], "Plans": [{"Node Type": "Seq Scan", "Parent Relationship": "Outer", "Parallel Aware": false, "Async Capable": false, "Relation Name": "posts", "Alias": "p", "Startup Cost": 0.0, "Total Cost": 3139.4, "Plan Rows": 2851, "Plan Width": 4, "Actual Rows": 13007, "Actual Loops": 3, "Filter": "((viewcount >= 0) AND (viewcount <= 25597) AND (commentcount >= 0) AND (commentcount <= 11) AND (favoritecount >= 0) AND (posttypeid = 1))", "Rows Removed by Filter": 78969, "Workers": []}]}]}, {"Node Type": "Index Only Scan", "Parent Relationship": "Inner", "Parallel Aware": false, "Async Capable": false, "Scan Direction": "Forward", "Index Name": "idx_badges_userid", "Relation Name": "badges", "Alias": "b", "Startup Cost": 0.29, "Total Cost": 1734.06, "Plan Rows": 79851, "Plan Width": 4, "Actual Rows": 121521, "Actual Loops": 3, "Heap Fetches": 0, "Workers": []}]}]}]}, {"Node Type": "Materialize", "Parent Relationship": "Inner", "Parallel Aware": false, "Async Capable": false, "Startup Cost": 0.29, "Total Cost": 9118.17, "Plan Rows": 169379, "Plan Width": 4, "Actual Rows": 85274019, "Actual Loops": 3, "Workers": [], "Plans": [{"Node Type": "Index Scan", "Parent Relationship": "Outer", "Parallel Aware": false, "Async Capable": false, "Scan Direction": "Forward", "Index Name": "idx_comments_userid", "Relation Name": "comments", "Alias": "c", "Startup Cost": 0.29, "Total Cost": 8694.72, "Plan Rows": 169379, "Plan Width": 4, "Actual Rows": 166684, "Actual Loops": 3, "Filter": "((creationdate >= '2010-08-19 09:33:49'::timestamp without time zone) AND (creationdate <= '2014-08-28 06:54:21'::timestamp without time zone))", "Rows Removed by Filter": 4956, "Workers": []}]}]}]}]}]}, "Planning Time": 10.206, "Triggers": [], "Execution Time": 7314.153}, {"Plan": {"Node Type": "Aggregate", "Strategy": "Plain", "Partial Mode": "Finalize", "Parallel Aware": false, "Async Capable": false, "Startup Cost": 76774181.29, "Total Cost": 76774181.3, "Plan Rows": 1, "Plan Width": 8, "Actual Rows": 1, "Actual Loops": 1, "Plans": [{"Node Type": "Gather", "Parent Relationship": "Outer", "Parallel Aware": false, "Async Capable": false, "Startup Cost": 76774181.17, "Total Cost": 76774181.28, "Plan Rows": 1, "Plan Width": 8, "Actual Rows": 2, "Actual Loops": 1, "Workers Planned": 1, "Workers Launched": 1, "Single Copy": false, "Plans": [{"Node Type": "Aggregate", "Strategy": "Plain", "Partial Mode": "Partial", "Parent Relationship": "Outer", "Parallel Aware": false, "Async Capable": false, "Startup Cost": 76773181.17, "Total Cost": 76773181.18, "Plan Rows": 1, "Plan Width": 8, "Actual Rows": 1, "Actual Loops": 2, "Workers": [], "Plans": [{"Node Type": "Nested Loop", "Parent Relationship": "Outer", "Parallel Aware": false, "Async Capable": false, "Join Type": "Inner", "Startup Cost": 1.63, "Total Cost": 7089279.27, "Plan Rows": 27873560763, "Plan Width": 0, "Actual Rows": 127677904, "Actual Loops": 2, "Inner Unique": false, "Workers": [], "Plans": [{"Node Type": "Nested Loop", "Parent Relationship": "Outer", "Parallel Aware": false, "Async Capable": false, "Join Type": "Inner", "Startup Cost": 1.2, "Total Cost": 78981.54, "Plan Rows": 37240766, "Plan Width": 16, "Actual Rows": 942682, "Actual Loops": 2, "Inner Unique": false, "Join Filter": "(b.userid = u.id)", "Rows Removed by Join Filter": 0, "Workers": [], "Plans": [{"Node Type": "Nested Loop", "Parent Relationship": "Outer", "Parallel Aware": false, "Async Capable": false, "Join Type": "Inner", "Startup Cost": 0.9, "Total Cost": 22765.14, "Plan Rows": 952519, "Plan Width": 12, "Actual Rows": 59790, "Actual Loops": 2, "Inner Unique": false, "Join Filter": "(p.owneruserid = u.id)", "Rows Removed by Join Filter": 0, "Workers": [], "Plans": [{"Node Type": "Nested Loop", "Parent Relationship": "Outer", "Parallel Aware": false, "Async Capable": false, "Join Type": "Inner", "Startup Cost": 0.59, "Total Cost": 14337.26, "Plan Rows": 95542, "Plan Width": 8, "Actual Rows": 28814, "Actual Loops": 2, "Inner Unique": true, "Workers": [], "Plans": [{"Node Type": "Index Scan", "Parent Relationship": "Outer", "Parallel Aware": true, "Async Capable": false, "Scan Direction": "Forward", "Index Name": "idx_comments_userid", "Relation Name": "comments", "Alias": "c", "Startup Cost": 0.29, "Total Cost": 7618.14, "Plan Rows": 99635, "Plan Width": 4, "Actual Rows": 84656, "Actual Loops": 2, "Filter": "((creationdate >= '2010-08-19 09:33:49'::timestamp without time zone) AND (creationdate <= '2014-08-28 06:54:21'::timestamp without time zone))", "Rows Removed by Filter": 2497, "Workers": []}, {"Node Type": "Memoize", "Parent Relationship": "Inner", "Parallel Aware": false, "Async Capable": false, "Startup Cost": 0.3, "Total Cost": 0.33, "Plan Rows": 1, "Plan Width": 4, "Actual Rows": 0, "Actual Loops": 169311, "Cache Key": "c.userid", "Cache Mode": "logical", "Cache Hits": 72929, "Cache Misses": 7373, "Cache Evictions": 0, "Cache Overflows": 0, "Peak Memory Usage": 736, "Workers": [{"Worker Number": 0, "Cache Hits": 83053, "Cache Misses": 5956, "Cache Evictions": 0, "Cache Overflows": 0, "Peak Memory Usage": 592}], "Plans": [{"Node Type": "Index Scan", "Parent Relationship": "Outer", "Parallel Aware": false, "Async Capable": false, "Scan Direction": "Forward", "Index Name": "users_pkey", "Relation Name": "users", "Alias": "u", "Startup Cost": 0.29, "Total Cost": 0.32, "Plan Rows": 1, "Plan Width": 4, "Actual Rows": 1, "Actual Loops": 13329, "Index Cond": "(id = c.userid)", "Rows Removed by Index Recheck": 0, "Filter": "((downvotes <= 0) AND (upvotes >= 0) AND (upvotes <= 123))", "Rows Removed by Filter": 0, "Workers": []}]}]}, {"Node Type": "Memoize", "Parent Relationship": "Inner", "Parallel Aware": false, "Async Capable": false, "Startup Cost": 0.3, "Total Cost": 0.46, "Plan Rows": 1, "Plan Width": 4, "Actual Rows": 2, "Actual Loops": 57627, "Cache Key": "c.userid", "Cache Mode": "logical", "Cache Hits": 24964, "Cache Misses": 6996, "Cache Evictions": 0, "Cache Overflows": 0, "Peak Memory Usage": 621, "Workers": [{"Worker Number": 0, "Cache Hits": 20101, "Cache Misses": 5566, "Cache Evictions": 0, "Cache Overflows": 0, "Peak Memory Usage": 498}], "Plans": [{"Node Type": "Index Scan", "Parent Relationship": "Outer", "Parallel Aware": false, "Async Capable": false, "Scan Direction": "Forward", "Index Name": "idx_posts_owneruserid", "Relation Name": "posts", "Alias": "p", "Startup Cost": 0.29, "Total Cost": 0.45, "Plan Rows": 1, "Plan Width": 4, "Actual Rows": 1, "Actual Loops": 12562, "Index Cond": "(owneruserid = c.userid)", "Rows Removed by Index Recheck": 0, "Filter": "((viewcount >= 0) AND (viewcount <= 25597) AND (commentcount >= 0) AND (commentcount <= 11) AND (favoritecount >= 0) AND (posttypeid = 1))", "Rows Removed by Filter": 2, "Workers": []}]}]}, {"Node Type": "Memoize", "Parent Relationship": "Inner", "Parallel Aware": false, "Async Capable": false, "Startup Cost": 0.3, "Total Cost": 0.54, "Plan Rows": 3, "Plan Width": 4, "Actual Rows": 16, "Actual Loops": 119580, "Cache Key": "p.owneruserid", "Cache Mode": "logical", "Cache Hits": 64655, "Cache Misses": 2587, "Cache Evictions": 0, "Cache Overflows": 0, "Peak Memory Usage": 627, "Workers": [{"Worker Number": 0, "Cache Hits": 50233, "Cache Misses": 2105, "Cache Evictions": 0, "Cache Overflows": 0, "Peak Memory Usage": 535}], "Plans": [{"Node Type": "Index Only Scan", "Parent Relationship": "Outer", "Parallel Aware": false, "Async Capable": false, "Scan Direction": "Forward", "Index Name": "idx_badges_userid", "Relation Name": "badges", "Alias": "b", "Startup Cost": 0.29, "Total Cost": 0.53, "Plan Rows": 3, "Plan Width": 4, "Actual Rows": 5, "Actual Loops": 4692, "Index Cond": "(userid = p.owneruserid)", "Rows Removed by Index Recheck": 0, "Heap Fetches": 0, "Workers": []}]}]}, {"Node Type": "Memoize", "Parent Relationship": "Inner", "Parallel Aware": false, "Async Capable": false, "Startup Cost": 0.43, "Total Cost": 0.71, "Plan Rows": 14, "Plan Width": 4, "Actual Rows": 135, "Actual Loops": 1885363, "Cache Key": "u.id", "Cache Mode": "logical", "Cache Hits": 1008888, "Cache Misses": 2562, "Cache Evictions": 0, "Cache Overflows": 0, "Peak Memory Usage": 1575, "Workers": [{"Worker Number": 0, "Cache Hits": 871841, "Cache Misses": 2072, "Cache Evictions": 0, "Cache Overflows": 0, "Peak Memory Usage": 1247}], "Plans": [{"Node Type": "Index Only Scan", "Parent Relationship": "Outer", "Parallel Aware": false, "Async Capable": false, "Scan Direction": "Forward", "Index Name": "idx_posthistory_userid", "Relation Name": "posthistory", "Alias": "ph", "Startup Cost": 0.42, "Total Cost": 0.7, "Plan Rows": 14, "Plan Width": 4, "Actual Rows": 15, "Actual Loops": 4634, "Index Cond": "(userid = u.id)", "Rows Removed by Index Recheck": 0, "Heap Fetches": 0, "Workers": []}]}]}]}]}]}, "Planning Time": 8.026, "Triggers": [], "Execution Time": 5982.838}, {"Plan": {"Node Type": "Aggregate", "Strategy": "Plain", "Partial Mode": "Finalize", "Parallel Aware": false, "Async Capable": false, "Startup Cost": 76769445.14, "Total Cost": 76769445.15, "Plan Rows": 1, "Plan Width": 8, "Actual Rows": 1, "Actual Loops": 1, "Plans": [{"Node Type": "Gather", "Parent Relationship": "Outer", "Parallel Aware": false, "Async Capable": false, "Startup Cost": 76769445.02, "Total Cost": 76769445.13, "Plan Rows": 1, "Plan Width": 8, "Actual Rows": 2, "Actual Loops": 1, "Workers Planned": 1, "Workers Launched": 1, "Single Copy": false, "Plans": [{"Node Type": "Aggregate", "Strategy": "Plain", "Partial Mode": "Partial", "Parent Relationship": "Outer", "Parallel Aware": false, "Async Capable": false, "Startup Cost": 76768445.02, "Total Cost": 76768445.03, "Plan Rows": 1, "Plan Width": 8, "Actual Rows": 1, "Actual Loops": 2, "Workers": [], "Plans": [{"Node Type": "Nested Loop", "Parent Relationship": "Outer", "Parallel Aware": false, "Async Capable": false, "Join Type": "Inner", "Startup Cost": 1.34, "Total Cost": 7084543.12, "Plan Rows": 27873560763, "Plan Width": 0, "Actual Rows": 127677904, "Actual Loops": 2, "Inner Unique": false, "Workers": [], "Plans": [{"Node Type": "Nested Loop", "Parent Relationship": "Outer", "Parallel Aware": false, "Async Capable": false, "Join Type": "Inner", "Startup Cost": 0.91, "Total Cost": 74245.39, "Plan Rows": 37240766, "Plan Width": 16, "Actual Rows": 942682, "Actual Loops": 2, "Inner Unique": false, "Join Filter": "(b.userid = u.id)", "Rows Removed by Join Filter": 0, "Workers": [], "Plans": [{"Node Type": "Nested Loop", "Parent Relationship": "Outer", "Parallel Aware": false, "Async Capable": false, "Join Type": "Inner", "Startup Cost": 0.6, "Total Cost": 18028.99, "Plan Rows": 952519, "Plan Width": 12, "Actual Rows": 59790, "Actual Loops": 2, "Inner Unique": false, "Join Filter": "(p.owneruserid = u.id)", "Rows Removed by Join Filter": 0, "Workers": [], "Plans": [{"Node Type": "Nested Loop", "Parent Relationship": "Outer", "Parallel Aware": false, "Async Capable": false, "Join Type": "Inner", "Startup Cost": 0.3, "Total Cost": 9601.11, "Plan Rows": 95542, "Plan Width": 8, "Actual Rows": 28814, "Actual Loops": 2, "Inner Unique": true, "Workers": [], "Plans": [{"Node Type": "Seq Scan", "Parent Relationship": "Outer", "Parallel Aware": true, "Async Capable": false, "Relation Name": "comments", "Alias": "c", "Startup Cost": 0.0, "Total Cost": 2881.99, "Plan Rows": 99635, "Plan Width": 4, "Actual Rows": 84656, "Actual Loops": 2, "Filter": "((creationdate >= '2010-08-19 09:33:49'::timestamp without time zone) AND (creationdate <= '2014-08-28 06:54:21'::timestamp without time zone))", "Rows Removed by Filter": 2497, "Workers": []}, {"Node Type": "Memoize", "Parent Relationship": "Inner", "Parallel Aware": false, "Async Capable": false, "Startup Cost": 0.3, "Total Cost": 0.33, "Plan Rows": 1, "Plan Width": 4, "Actual Rows": 0, "Actual Loops": 169311, "Cache Key": "c.userid", "Cache Mode": "logical", "Cache Hits": 78257, "Cache Misses": 9252, "Cache Evictions": 0, "Cache Overflows": 0, "Peak Memory Usage": 914, "Workers": [{"Worker Number": 0, "Cache Hits": 72855, "Cache Misses": 8947, "Cache Evictions": 0, "Cache Overflows": 0, "Peak Memory Usage": 883}], "Plans": [{"Node Type": "Index Scan", "Parent Relationship": "Outer", "Parallel Aware": false, "Async Capable": false, "Scan Direction": "Forward", "Index Name": "users_pkey", "Relation Name": "users", "Alias": "u", "Startup Cost": 0.29, "Total Cost": 0.32, "Plan Rows": 1, "Plan Width": 4, "Actual Rows": 1, "Actual Loops": 18199, "Index Cond": "(id = c.userid)", "Rows Removed by Index Recheck": 0, "Filter": "((downvotes <= 0) AND (upvotes >= 0) AND (upvotes <= 123))", "Rows Removed by Filter": 0, "Workers": []}]}]}, {"Node Type": "Memoize", "Parent Relationship": "Inner", "Parallel Aware": false, "Async Capable": false, "Startup Cost": 0.3, "Total Cost": 0.46, "Plan Rows": 1, "Plan Width": 4, "Actual Rows": 2, "Actual Loops": 57627, "Cache Key": "c.userid", "Cache Mode": "logical", "Cache Hits": 21053, "Cache Misses": 8517, "Cache Evictions": 0, "Cache Overflows": 0, "Peak Memory Usage": 802, "Workers": [{"Worker Number": 0, "Cache Hits": 19842, "Cache Misses": 8215, "Cache Evictions": 0, "Cache Overflows": 0, "Peak Memory Usage": 779}], "Plans": [{"Node Type": "Index Scan", "Parent Relationship": "Outer", "Parallel Aware": false, "Async Capable": false, "Scan Direction": "Forward", "Index Name": "idx_posts_owneruserid", "Relation Name": "posts", "Alias": "p", "Startup Cost": 0.29, "Total Cost": 0.45, "Plan Rows": 1, "Plan Width": 4, "Actual Rows": 1, "Actual Loops": 16732, "Index Cond": "(owneruserid = c.userid)", "Rows Removed by Index Recheck": 0, "Filter": "((viewcount >= 0) AND (viewcount <= 25597) AND (commentcount >= 0) AND (commentcount <= 11) AND (favoritecount >= 0) AND (posttypeid = 1))", "Rows Removed by Filter": 3, "Workers": []}]}]}, {"Node Type": "Memoize", "Parent Relationship": "Inner", "Parallel Aware": false, "Async Capable": false, "Startup Cost": 0.3, "Total Cost": 0.54, "Plan Rows": 3, "Plan Width": 4, "Actual Rows": 16, "Actual Loops": 119580, "Cache Key": "p.owneruserid", "Cache Mode": "logical", "Cache Hits": 57151, "Cache Misses": 3563, "Cache Evictions": 0, "Cache Overflows": 0, "Peak Memory Usage": 956, "Workers": [{"Worker Number": 0, "Cache Hits": 55390, "Cache Misses": 3476, "Cache Evictions": 0, "Cache Overflows": 0, "Peak Memory Usage": 939}], "Plans": [{"Node Type": "Index Only Scan", "Parent Relationship": "Outer", "Parallel Aware": false, "Async Capable": false, "Scan Direction": "Forward", "Index Name": "idx_badges_userid", "Relation Name": "badges", "Alias": "b", "Startup Cost": 0.29, "Total Cost": 0.53, "Plan Rows": 3, "Plan Width": 4, "Actual Rows": 6, "Actual Loops": 7039, "Index Cond": "(userid = p.owneruserid)", "Rows Removed by Index Recheck": 0, "Heap Fetches": 0, "Workers": []}]}]}, {"Node Type": "Memoize", "Parent Relationship": "Inner", "Parallel Aware": false, "Async Capable": false, "Startup Cost": 0.43, "Total Cost": 0.71, "Plan Rows": 14, "Plan Width": 4, "Actual Rows": 135, "Actual Loops": 1885363, "Cache Key": "u.id", "Cache Mode": "logical", "Cache Hits": 948276, "Cache Misses": 3531, "Cache Evictions": 0, "Cache Overflows": 0, "Peak Memory Usage": 2477, "Workers": [{"Worker Number": 0, "Cache Hits": 930115, "Cache Misses": 3441, "Cache Evictions": 0, "Cache Overflows": 0, "Peak Memory Usage": 2456}], "Plans": [{"Node Type": "Index Only Scan", "Parent Relationship": "Outer", "Parallel Aware": false, "Async Capable": false, "Scan Direction": "Forward", "Index Name": "idx_posthistory_userid", "Relation Name": "posthistory", "Alias": "ph", "Startup Cost": 0.42, "Total Cost": 0.7, "Plan Rows": 14, "Plan Width": 4, "Actual Rows": 18, "Actual Loops": 6972, "Index Cond": "(userid = u.id)", "Rows Removed by Index Recheck": 0, "Heap Fetches": 0, "Workers": []}]}]}]}]}]}, "Planning Time": 7.298, "Triggers": [], "Execution Time": 5766.178}, {"Plan": {"Node Type": "Aggregate", "Strategy": "Plain", "Partial Mode": "Simple", "Parallel Aware": false, "Async Capable": false, "Startup Cost": 50123452832.82, "Total Cost": 50123452832.83, "Plan Rows": 1, "Plan Width": 8, "Actual Rows": 1, "Actual Loops": 1, "Plans": [{"Node Type": "Merge Join", "Parent Relationship": "Outer", "Parallel Aware": false, "Async Capable": false, "Join Type": "Inner", "Startup Cost": 50000000015.76, "Total Cost": 50004990199.58, "Plan Rows": 47385053297, "Plan Width": 0, "Actual Rows": 255355807, "Actual Loops": 1, "Inner Unique": false, "Merge Cond": "(u.id = ph.userid)", "Plans": [{"Node Type": "Merge Join", "Parent Relationship": "Outer", "Parallel Aware": false, "Async Capable": false, "Join Type": "Inner", "Startup Cost": 20000000000.72, "Total Cost": 20000012349.46, "Plan Rows": 162422, "Plan Width": 8, "Actual Rows": 57627, "Actual Loops": 1, "Inner Unique": true, "Merge Cond": "(c.userid = u.id)", "Plans": [{"Node Type": "Index Scan", "Parent Relationship": "Outer", "Parallel Aware": false, "Async Capable": false, "Scan Direction": "Forward", "Index Name": "idx_comments_userid", "Relation Name": "comments", "Alias": "c", "Startup Cost": 10000000000.3, "Total Cost": 10000008694.72, "Plan Rows": 169379, "Plan Width": 4, "Actual Rows": 166684, "Actual Loops": 1, "Filter": "((creationdate >= '2010-08-19 09:33:49'::timestamp without time zone) AND (creationdate <= '2014-08-28 06:54:21'::timestamp without time zone))", "Rows Removed by Filter": 4956}, {"Node Type": "Index Scan", "Parent Relationship": "Inner", "Parallel Aware": false, "Async Capable": false, "Scan Direction": "Forward", "Index Name": "users_pkey", "Relation Name": "users", "Alias": "u", "Startup Cost": 10000000000.29, "Total Cost": 10000001659.6, "Plan Rows": 39319, "Plan Width": 4, "Actual Rows": 38636, "Actual Loops": 1, "Filter": "((downvotes <= 0) AND (upvotes >= 0) AND (upvotes <= 123))", "Rows Removed by Filter": 792}]}, {"Node Type": "Materialize", "Parent Relationship": "Inner", "Parallel Aware": false, "Async Capable": false, "Startup Cost": 30000000015.04, "Total Cost": 30000268009.06, "Plan Rows": 88316578, "Plan Width": 12, "Actual Rows": 402052071, "Actual Loops": 1, "Plans": [{"Node Type": "Nested Loop", "Parent Relationship": "Outer", "Parallel Aware": false, "Async Capable": false, "Join Type": "Inner", "Startup Cost": 30000000015.04, "Total Cost": 30000047217.61, "Plan Rows": 88316578, "Plan Width": 12, "Actual Rows": 150888635, "Actual Loops": 1, "Inner Unique": false, "Join Filter": "(ph.userid = b.userid)", "Rows Removed by Join Filter": 0, "Plans": [{"Node Type": "Merge Join", "Parent Relationship": "Outer", "Parallel Aware": false, "Async Capable": false, "Join Type": "Inner", "Startup Cost": 20000000014.04, "Total Cost": 20000008778.53, "Plan Rows": 109779, "Plan Width": 8, "Actual Rows": 211776, "Actual Loops": 1, "Inner Unique": false, "Merge Cond": "(p.owneruserid = b.userid)", "Plans": [{"Node Type": "Index Scan", "Parent Relationship": "Outer", "Parallel Aware": false, "Async Capable": false, "Scan Direction": "Forward", "Index Name": "idx_posts_owneruserid", "Relation Name": "posts", "Alias": "p", "Startup Cost": 10000000000.29, "Total Cost": 10000005473.31, "Plan Rows": 2851, "Plan Width": 4, "Actual Rows": 12715, "Actual Loops": 1, "Filter": "((viewcount >= 0) AND (viewcount <= 25597) AND (commentcount >= 0) AND (commentcount <= 11) AND (favoritecount >= 0) AND (posttypeid = 1))", "Rows Removed by Filter": 77406}, {"Node Type": "Materialize", "Parent Relationship": "Inner", "Parallel Aware": false, "Async Capable": false, "Startup Cost": 10000000000.29, "Total Cost": 10000001933.68, "Plan Rows": 79851, "Plan Width": 4, "Actual Rows": 248739, "Actual Loops": 1, "Plans": [{"Node Type": "Index Only Scan", "Parent Relationship": "Outer", "Parallel Aware": false, "Async Capable": false, "Scan Direction": "Forward", "Index Name": "idx_badges_userid", "Relation Name": "badges", "Alias": "b", "Startup Cost": 10000000000.29, "Total Cost": 10000001734.06, "Plan Rows": 79851, "Plan Width": 4, "Actual Rows": 79311, "Actual Loops": 1, "Heap Fetches": 0}]}]}, {"Node Type": "Memoize", "Parent Relationship": "Inner", "Parallel Aware": false, "Async Capable": false, "Startup Cost": 1.0, "Total Cost": 5.17, "Plan Rows": 14, "Plan Width": 4, "Actual Rows": 712, "Actual Loops": 211776, "Cache Key": "p.owneruserid", "Cache Mode": "logical", "Cache Hits": 205209, "Cache Misses": 6567, "Cache Evictions": 0, "Cache Overflows": 0, "Peak Memory Usage": 7138, "Plans": [{"Node Type": "Bitmap Heap Scan", "Parent Relationship": "Outer", "Parallel Aware": false, "Async Capable": false, "Relation Name": "posthistory", "Alias": "ph", "Startup Cost": 0.99, "Total Cost": 5.16, "Plan Rows": 14, "Plan Width": 4, "Actual Rows": 29, "Actual Loops": 6567, "Recheck Cond": "(p.owneruserid = userid)", "Rows Removed by Index Recheck": 0, "Exact Heap Blocks": 62760, "Lossy Heap Blocks": 0, "Plans": [{"Node Type": "Bitmap Index Scan", "Parent Relationship": "Outer", "Parallel Aware": false, "Async Capable": false, "Index Name": "idx_posthistory_userid", "Startup Cost": 0.0, "Total Cost": 0.98, "Plan Rows": 14, "Plan Width": 0, "Actual Rows": 29, "Actual Loops": 6567, "Index Cond": "(userid = p.owneruserid)"}]}]}]}]}]}]}, "Planning Time": 4.982, "Triggers": [], "Execution Time": 52088.285}, {"Plan": {"Node Type": "Aggregate", "Strategy": "Plain", "Partial Mode": "Finalize", "Parallel Aware": false, "Async Capable": false, "Startup Cost": 72639676.27, "Total Cost": 72639676.28, "Plan Rows": 1, "Plan Width": 8, "Actual Rows": 1, "Actual Loops": 1, "Plans": [{"Node Type": "Gather", "Parent Relationship": "Outer", "Parallel Aware": false, "Async Capable": false, "Startup Cost": 72639676.15, "Total Cost": 72639676.26, "Plan Rows": 1, "Plan Width": 8, "Actual Rows": 2, "Actual Loops": 1, "Workers Planned": 1, "Workers Launched": 1, "Single Copy": false, "Plans": [{"Node Type": "Aggregate", "Strategy": "Plain", "Partial Mode": "Partial", "Parent Relationship": "Outer", "Parallel Aware": false, "Async Capable": false, "Startup Cost": 72638676.15, "Total Cost": 72638676.16, "Plan Rows": 1, "Plan Width": 8, "Actual Rows": 1, "Actual Loops": 2, "Workers": [], "Plans": [{"Node Type": "Merge Join", "Parent Relationship": "Outer", "Parallel Aware": false, "Async Capable": false, "Join Type": "Inner", "Startup Cost": 26193.61, "Total Cost": 2954774.25, "Plan Rows": 27873560763, "Plan Width": 0, "Actual Rows": 127677904, "Actual Loops": 2, "Inner Unique": false, "Merge Cond": "(u.id = ph.userid)", "Workers": [], "Plans": [{"Node Type": "Merge Join", "Parent Relationship": "Outer", "Parallel Aware": false, "Async Capable": false, "Join Type": "Inner", "Startup Cost": 15157.18, "Total Cost": 16799.13, "Plan Rows": 95542, "Plan Width": 8, "Actual Rows": 28814, "Actual Loops": 2, "Inner Unique": true, "Merge Cond": "(c.userid = u.id)", "Workers": [], "Plans": [{"Node Type": "Sort", "Parent Relationship": "Outer", "Parallel Aware": false, "Async Capable": false, "Startup Cost": 11153.86, "Total Cost": 11402.95, "Plan Rows": 99635, "Plan Width": 4, "Actual Rows": 83342, "Actual Loops": 2, "Sort Key": ["c.userid"], "Sort Method": "quicksort", "Sort Space Used": 6145, "Sort Space Type": "Memory", "Workers": [{"Worker Number": 0, "Sort Method": "quicksort", "Sort Space Used": 769, "Sort Space Type": "Memory"}], "Plans": [{"Node Type": "Seq Scan", "Parent Relationship": "Outer", "Parallel Aware": true, "Async Capable": false, "Relation Name": "comments", "Alias": "c", "Startup Cost": 0.0, "Total Cost": 2881.99, "Plan Rows": 99635, "Plan Width": 4, "Actual Rows": 84656, "Actual Loops": 2, "Filter": "((creationdate >= '2010-08-19 09:33:49'::timestamp without time zone) AND (creationdate <= '2014-08-28 06:54:21'::timestamp without time zone))", "Rows Removed by Filter": 2497, "Workers": []}]}, {"Node Type": "Sort", "Parent Relationship": "Inner", "Parallel Aware": false, "Async Capable": false, "Startup Cost": 4003.3, "Total Cost": 4101.6, "Plan Rows": 39319, "Plan Width": 4, "Actual Rows": 38634, "Actual Loops": 2, "Sort Key": ["u.id"], "Sort Method": "quicksort", "Sort Space Used": 1537, "Sort Space Type": "Memory", "Workers": [{"Worker Number": 0, "Sort Method": "quicksort", "Sort Space Used": 1537, "Sort Space Type": "Memory"}], "Plans": [{"Node Type": "Seq Scan", "Parent Relationship": "Outer", "Parallel Aware": false, "Async Capable": false, "Relation Name": "users", "Alias": "u", "Startup Cost": 0.0, "Total Cost": 1002.69, "Plan Rows": 39319, "Plan Width": 4, "Actual Rows": 39532, "Actual Loops": 2, "Filter": "((downvotes <= 0) AND (upvotes >= 0) AND (upvotes <= 123))", "Rows Removed by Filter": 793, "Workers": []}]}]}, {"Node Type": "Materialize", "Parent Relationship": "Inner", "Parallel Aware": false, "Async Capable": false, "Startup Cost": 11036.43, "Total Cost": 271926.65, "Plan Rows": 88316578, "Plan Width": 12, "Actual Rows": 275235319, "Actual Loops": 2, "Workers": [], "Plans": [{"Node Type": "Nested Loop", "Parent Relationship": "Outer", "Parallel Aware": false, "Async Capable": false, "Join Type": "Inner", "Startup Cost": 11036.43, "Total Cost": 51135.2, "Plan Rows": 88316578, "Plan Width": 12, "Actual Rows": 150888635, "Actual Loops": 2, "Inner Unique": false, "Join Filter": "(ph.userid = b.userid)", "Rows Removed by Join Filter": 0, "Workers": [], "Plans": [{"Node Type": "Merge Join", "Parent Relationship": "Outer", "Parallel Aware": false, "Async Capable": false, "Join Type": "Inner", "Startup Cost": 11035.43, "Total Cost": 12696.12, "Plan Rows": 109779, "Plan Width": 8, "Actual Rows": 211776, "Actual Loops": 2, "Inner Unique": false, "Merge Cond": "(p.owneruserid = b.userid)", "Workers": [], "Plans": [{"Node Type": "Sort", "Parent Relationship": "Outer", "Parallel Aware": false, "Async Capable": false, "Startup Cost": 3303.01, "Total Cost": 3310.14, "Plan Rows": 2851, "Plan Width": 4, "Actual Rows": 12715, "Actual Loops": 2, "Sort Key": ["p.owneruserid"], "Sort Method": "quicksort", "Sort Space Used": 385, "Sort Space Type": "Memory", "Workers": [{"Worker Number": 0, "Sort Method": "quicksort", "Sort Space Used": 385, "Sort Space Type": "Memory"}], "Plans": [{"Node Type": "Seq Scan", "Parent Relationship": "Outer", "Parallel Aware": false, "Async Capable": false, "Relation Name": "posts", "Alias": "p", "Startup Cost": 0.0, "Total Cost": 3139.4, "Plan Rows": 2851, "Plan Width": 4, "Actual Rows": 13007, "Actual Loops": 2, "Filter": "((viewcount >= 0) AND (viewcount <= 25597) AND (commentcount >= 0) AND (commentcount <= 11) AND (favoritecount >= 0) AND (posttypeid = 1))", "Rows Removed by Filter": 78969, "Workers": []}]}, {"Node Type": "Sort", "Parent Relationship": "Inner", "Parallel Aware": false, "Async Capable": false, "Startup Cost": 7732.39, "Total Cost": 7932.01, "Plan Rows": 79851, "Plan Width": 4, "Actual Rows": 248739, "Actual Loops": 2, "Sort Key": ["b.userid"], "Sort Method": "quicksort", "Sort Space Used": 3073, "Sort Space Type": "Memory", "Workers": [{"Worker Number": 0, "Sort Method": "quicksort", "Sort Space Used": 3073, "Sort Space Type": "Memory"}], "Plans": [{"Node Type": "Seq Scan", "Parent Relationship": "Outer", "Parallel Aware": false, "Async Capable": false, "Relation Name": "badges", "Alias": "b", "Startup Cost": 0.0, "Total Cost": 1230.51, "Plan Rows": 79851, "Plan Width": 4, "Actual Rows": 79851, "Actual Loops": 2, "Workers": []}]}]}, {"Node Type": "Memoize", "Parent Relationship": "Inner", "Parallel Aware": false, "Async Capable": false, "Startup Cost": 1.0, "Total Cost": 5.17, "Plan Rows": 14, "Plan Width": 4, "Actual Rows": 712, "Actual Loops": 423552, "Cache Key": "p.owneruserid", "Cache Mode": "logical", "Cache Hits": 205209, "Cache Misses": 6567, "Cache Evictions": 0, "Cache Overflows": 0, "Peak Memory Usage": 7138, "Workers": [{"Worker Number": 0, "Cache Hits": 205209, "Cache Misses": 6567, "Cache Evictions": 0, "Cache Overflows": 0, "Peak Memory Usage": 7138}], "Plans": [{"Node Type": "Bitmap Heap Scan", "Parent Relationship": "Outer", "Parallel Aware": false, "Async Capable": false, "Relation Name": "posthistory", "Alias": "ph", "Startup Cost": 0.99, "Total Cost": 5.16, "Plan Rows": 14, "Plan Width": 4, "Actual Rows": 29, "Actual Loops": 13134, "Recheck Cond": "(p.owneruserid = userid)", "Rows Removed by Index Recheck": 0, "Exact Heap Blocks": 62760, "Lossy Heap Blocks": 0, "Workers": [], "Plans": [{"Node Type": "Bitmap Index Scan", "Parent Relationship": "Outer", "Parallel Aware": false, "Async Capable": false, "Index Name": "idx_posthistory_userid", "Startup Cost": 0.0, "Total Cost": 0.98, "Plan Rows": 14, "Plan Width": 0, "Actual Rows": 29, "Actual Loops": 13134, "Index Cond": "(userid = p.owneruserid)", "Workers": []}]}]}]}]}]}]}]}]}, "Planning Time": 4.859, "Triggers": [], "Execution Time": 49193.221}, {"Plan": {"Node Type": "Aggregate", "Strategy": "Plain", "Partial Mode": "Finalize", "Parallel Aware": false, "Async Capable": false, "Startup Cost": 72676714.28, "Total Cost": 72676714.29, "Plan Rows": 1, "Plan Width": 8, "Actual Rows": 1, "Actual Loops": 1, "Plans": [{"Node Type": "Gather", "Parent Relationship": "Outer", "Parallel Aware": false, "Async Capable": false, "Startup Cost": 72676714.17, "Total Cost": 72676714.28, "Plan Rows": 1, "Plan Width": 8, "Actual Rows": 2, "Actual Loops": 1, "Workers Planned": 1, "Workers Launched": 1, "Single Copy": false, "Plans": [{"Node Type": "Aggregate", "Strategy": "Plain", "Partial Mode": "Partial", "Parent Relationship": "Outer", "Parallel Aware": false, "Async Capable": false, "Startup Cost": 72675714.17, "Total Cost": 72675714.18, "Plan Rows": 1, "Plan Width": 8, "Actual Rows": 1, "Actual Loops": 2, "Workers": [], "Plans": [{"Node Type": "Merge Join", "Parent Relationship": "Outer", "Parallel Aware": false, "Async Capable": false, "Join Type": "Inner", "Startup Cost": 59109.19, "Total Cost": 2991812.26, "Plan Rows": 27873560763, "Plan Width": 0, "Actual Rows": 127677904, "Actual Loops": 2, "Inner Unique": false, "Merge Cond": "(c.userid = u.id)", "Workers": [], "Plans": [{"Node Type": "Sort", "Parent Relationship": "Outer", "Parallel Aware": false, "Async Capable": false, "Startup Cost": 11153.86, "Total Cost": 11402.95, "Plan Rows": 99635, "Plan Width": 4, "Actual Rows": 83342, "Actual Loops": 2, "Sort Key": ["c.userid"], "Sort Method": "quicksort", "Sort Space Used": 6145, "Sort Space Type": "Memory", "Workers": [{"Worker Number": 0, "Sort Method": "quicksort", "Sort Space Used": 769, "Sort Space Type": "Memory"}], "Plans": [{"Node Type": "Seq Scan", "Parent Relationship": "Outer", "Parallel Aware": true, "Async Capable": false, "Relation Name": "comments", "Alias": "c", "Startup Cost": 0.0, "Total Cost": 2881.99, "Plan Rows": 99635, "Plan Width": 4, "Actual Rows": 84656, "Actual Loops": 2, "Filter": "((creationdate >= '2010-08-19 09:33:49'::timestamp without time zone) AND (creationdate <= '2014-08-28 06:54:21'::timestamp without time zone))", "Rows Removed by Filter": 2497, "Workers": []}]}, {"Node Type": "Materialize", "Parent Relationship": "Inner", "Parallel Aware": false, "Async Capable": false, "Startup Cost": 47915.52, "Total Cost": 260298.01, "Plan Rows": 80116386, "Plan Width": 16, "Actual Rows": 128379835, "Actual Loops": 2, "Workers": [], "Plans": [{"Node Type": "Merge Join", "Parent Relationship": "Outer", "Parallel Aware": false, "Async Capable": false, "Join Type": "Inner", "Startup Cost": 47915.52, "Total Cost": 60007.04, "Plan Rows": 80116386, "Plan Width": 16, "Actual Rows": 4228740, "Actual Loops": 2, "Inner Unique": false, "Merge Cond": "(u.id = ph.userid)", "Workers": [], "Plans": [{"Node Type": "Merge Join", "Parent Relationship": "Outer", "Parallel Aware": false, "Async Capable": false, "Join Type": "Inner", "Startup Cost": 15038.7, "Total Cost": 15737.04, "Plan Rows": 107040, "Plan Width": 12, "Actual Rows": 69450, "Actual Loops": 2, "Inner Unique": false, "Merge Cond": "(u.id = b.userid)", "Workers": [], "Plans": [{"Node Type": "Merge Join", "Parent Relationship": "Outer", "Parallel Aware": false, "Async Capable": false, "Join Type": "Inner", "Startup Cost": 7306.31, "Total Cost": 7544.33, "Plan Rows": 2738, "Plan Width": 8, "Actual Rows": 9578, "Actual Loops": 2, "Inner Unique": true, "Merge Cond": "(p.owneruserid = u.id)", "Workers": [], "Plans": [{"Node Type": "Sort", "Parent Relationship": "Outer", "Parallel Aware": false, "Async Capable": false, "Startup Cost": 3303.01, "Total Cost": 3310.14, "Plan Rows": 2851, "Plan Width": 4, "Actual Rows": 12714, "Actual Loops": 2, "Sort Key": ["p.owneruserid"], "Sort Method": "quicksort", "Sort Space Used": 385, "Sort Space Type": "Memory", "Workers": [{"Worker Number": 0, "Sort Method": "quicksort", "Sort Space Used": 385, "Sort Space Type": "Memory"}], "Plans": [{"Node Type": "Seq Scan", "Parent Relationship": "Outer", "Parallel Aware": false, "Async Capable": false, "Relation Name": "posts", "Alias": "p", "Startup Cost": 0.0, "Total Cost": 3139.4, "Plan Rows": 2851, "Plan Width": 4, "Actual Rows": 13007, "Actual Loops": 2, "Filter": "((viewcount >= 0) AND (viewcount <= 25597) AND (commentcount >= 0) AND (commentcount <= 11) AND (favoritecount >= 0) AND (posttypeid = 1))", "Rows Removed by Filter": 78969, "Workers": []}]}, {"Node Type": "Sort", "Parent Relationship": "Inner", "Parallel Aware": false, "Async Capable": false, "Startup Cost": 4003.3, "Total Cost": 4101.6, "Plan Rows": 39319, "Plan Width": 4, "Actual Rows": 38622, "Actual Loops": 2, "Sort Key": ["u.id"], "Sort Method": "quicksort", "Sort Space Used": 1537, "Sort Space Type": "Memory", "Workers": [{"Worker Number": 0, "Sort Method": "quicksort", "Sort Space Used": 1537, "Sort Space Type": "Memory"}], "Plans": [{"Node Type": "Seq Scan", "Parent Relationship": "Outer", "Parallel Aware": false, "Async Capable": false, "Relation Name": "users", "Alias": "u", "Startup Cost": 0.0, "Total Cost": 1002.69, "Plan Rows": 39319, "Plan Width": 4, "Actual Rows": 39532, "Actual Loops": 2, "Filter": "((downvotes <= 0) AND (upvotes >= 0) AND (upvotes <= 123))", "Rows Removed by Filter": 793, "Workers": []}]}]}, {"Node Type": "Sort", "Parent Relationship": "Inner", "Parallel Aware": false, "Async Capable": false, "Startup Cost": 7732.39, "Total Cost": 7932.01, "Plan Rows": 79851, "Plan Width": 4, "Actual Rows": 121382, "Actual Loops": 2, "Sort Key": ["b.userid"], "Sort Method": "quicksort", "Sort Space Used": 3073, "Sort Space Type": "Memory", "Workers": [{"Worker Number": 0, "Sort Method": "quicksort", "Sort Space Used": 3073, "Sort Space Type": "Memory"}], "Plans": [{"Node Type": "Seq Scan", "Parent Relationship": "Outer", "Parallel Aware": false, "Async Capable": false, "Relation Name": "badges", "Alias": "b", "Startup Cost": 0.0, "Total Cost": 1230.51, "Plan Rows": 79851, "Plan Width": 4, "Actual Rows": 79851, "Actual Loops": 2, "Workers": []}]}]}, {"Node Type": "Sort", "Parent Relationship": "Inner", "Parallel Aware": false, "Async Capable": false, "Startup Cost": 32876.82, "Total Cost": 33634.78, "Plan Rows": 303187, "Plan Width": 4, "Actual Rows": 4431870, "Actual Loops": 2, "Sort Key": ["ph.userid"], "Sort Method": "quicksort", "Sort Space Used": 12289, "Sort Space Type": "Memory", "Workers": [{"Worker Number": 0, "Sort Method": "quicksort", "Sort Space Used": 12289, "Sort Space Type": "Memory"}], "Plans": [{"Node Type": "Seq Scan", "Parent Relationship": "Outer", "Parallel Aware": false, "Async Capable": false, "Relation Name": "posthistory", "Alias": "ph", "Startup Cost": 0.0, "Total Cost": 5271.87, "Plan Rows": 303187, "Plan Width": 4, "Actual Rows": 303187, "Actual Loops": 2, "Workers": []}]}]}]}]}]}]}]}, "Planning Time": 5.065, "Triggers": [], "Execution Time": 18443.326}, {"Plan": {"Node Type": "Aggregate", "Strategy": "Plain", "Partial Mode": "Finalize", "Parallel Aware": false, "Async Capable": false, "Startup Cost": 77021069.84, "Total Cost": 77021069.85, "Plan Rows": 1, "Plan Width": 8, "Actual Rows": 1, "Actual Loops": 1, "Plans": [{"Node Type": "Gather", "Parent Relationship": "Outer", "Parallel Aware": false, "Async Capable": false, "Startup Cost": 77021069.72, "Total Cost": 77021069.83, "Plan Rows": 1, "Plan Width": 8, "Actual Rows": 2, "Actual Loops": 1, "Workers Planned": 1, "Workers Launched": 1, "Single Copy": false, "Plans": [{"Node Type": "Aggregate", "Strategy": "Plain", "Partial Mode": "Partial", "Parent Relationship": "Outer", "Parallel Aware": false, "Async Capable": false, "Startup Cost": 77020069.72, "Total Cost": 77020069.73, "Plan Rows": 1, "Plan Width": 8, "Actual Rows": 1, "Actual Loops": 2, "Workers": [], "Plans": [{"Node Type": "Nested Loop", "Parent Relationship": "Outer", "Parallel Aware": false, "Async Capable": false, "Join Type": "Inner", "Startup Cost": 1.89, "Total Cost": 7336167.82, "Plan Rows": 27873560763, "Plan Width": 0, "Actual Rows": 127677904, "Actual Loops": 2, "Inner Unique": false, "Workers": [], "Plans": [{"Node Type": "Nested Loop", "Parent Relationship": "Outer", "Parallel Aware": false, "Async Capable": false, "Join Type": "Inner", "Startup Cost": 1.32, "Total Cost": 167180.28, "Plan Rows": 37240766, "Plan Width": 16, "Actual Rows": 942682, "Actual Loops": 2, "Inner Unique": false, "Join Filter": "(b.userid = u.id)", "Rows Removed by Join Filter": 0, "Workers": [], "Plans": [{"Node Type": "Nested Loop", "Parent Relationship": "Outer", "Parallel Aware": false, "Async Capable": false, "Join Type": "Inner", "Startup Cost": 0.8, "Total Cost": 100085.5, "Plan Rows": 952519, "Plan Width": 12, "Actual Rows": 59790, "Actual Loops": 2, "Inner Unique": true, "Workers": [], "Plans": [{"Node Type": "Nested Loop", "Parent Relationship": "Outer", "Parallel Aware": false, "Async Capable": false, "Join Type": "Inner", "Startup Cost": 0.34, "Total Cost": 63139.96, "Plan Rows": 991901, "Plan Width": 8, "Actual Rows": 434001, "Actual Loops": 2, "Inner Unique": false, "Workers": [], "Plans": [{"Node Type": "Seq Scan", "Parent Relationship": "Outer", "Parallel Aware": true, "Async Capable": false, "Relation Name": "comments", "Alias": "c", "Startup Cost": 0.0, "Total Cost": 2881.99, "Plan Rows": 99635, "Plan Width": 4, "Actual Rows": 84656, "Actual Loops": 2, "Filter": "((creationdate >= '2010-08-19 09:33:49'::timestamp without time zone) AND (creationdate <= '2014-08-28 06:54:21'::timestamp without time zone))", "Rows Removed by Filter": 2497, "Workers": []}, {"Node Type": "Memoize", "Parent Relationship": "Inner", "Parallel Aware": false, "Async Capable": false, "Startup Cost": 0.34, "Total Cost": 4.45, "Plan Rows": 1, "Plan Width": 4, "Actual Rows": 5, "Actual Loops": 169311, "Cache Key": "c.userid", "Cache Mode": "logical", "Cache Hits": 75022, "Cache Misses": 9009, "Cache Evictions": 0, "Cache Overflows": 0, "Peak Memory Usage": 944, "Workers": [{"Worker Number": 0, "Cache Hits": 76025, "Cache Misses": 9255, "Cache Evictions": 0, "Cache Overflows": 0, "Peak Memory Usage": 958}], "Plans": [{"Node Type": "Bitmap Heap Scan", "Parent Relationship": "Outer", "Parallel Aware": false, "Async Capable": false, "Relation Name": "posts", "Alias": "p", "Startup Cost": 0.33, "Total Cost": 4.44, "Plan Rows": 1, "Plan Width": 4, "Actual Rows": 1, "Actual Loops": 18264, "Recheck Cond": "(c.userid = owneruserid)", "Rows Removed by Index Recheck": 0, "Filter": "((viewcount >= 0) AND (viewcount <= 25597) AND (commentcount >= 0) AND (commentcount <= 11) AND (favoritecount >= 0) AND (posttypeid = 1))", "Rows Removed by Filter": 7, "Exact Heap Blocks": 51135, "Lossy Heap Blocks": 0, "Workers": [], "Plans": [{"Node Type": "Bitmap Index Scan", "Parent Relationship": "Outer", "Parallel Aware": false, "Async Capable": false, "Index Name": "idx_posts_owneruserid", "Startup Cost": 0.0, "Total Cost": 0.33, "Plan Rows": 4, "Plan Width": 0, "Actual Rows": 8, "Actual Loops": 18264, "Index Cond": "(owneruserid = c.userid)", "Workers": []}]}]}]}, {"Node Type": "Memoize", "Parent Relationship": "Inner", "Parallel Aware": false, "Async Capable": false, "Startup Cost": 0.47, "Total Cost": 4.49, "Plan Rows": 1, "Plan Width": 4, "Actual Rows": 0, "Actual Loops": 868002, "Cache Key": "p.owneruserid", "Cache Mode": "logical", "Cache Hits": 438065, "Cache Misses": 4051, "Cache Evictions": 0, "Cache Overflows": 0, "Peak Memory Usage": 394, "Workers": [{"Worker Number": 0, "Cache Hits": 421850, "Cache Misses": 4036, "Cache Evictions": 0, "Cache Overflows": 0, "Peak Memory Usage": 392}], "Plans": [{"Node Type": "Bitmap Heap Scan", "Parent Relationship": "Outer", "Parallel Aware": false, "Async Capable": false, "Relation Name": "users", "Alias": "u", "Startup Cost": 0.46, "Total Cost": 4.48, "Plan Rows": 1, "Plan Width": 4, "Actual Rows": 1, "Actual Loops": 8087, "Recheck Cond": "(p.owneruserid = id)", "Rows Removed by Index Recheck": 0, "Filter": "((downvotes <= 0) AND (upvotes >= 0) AND (upvotes <= 123))", "Rows Removed by Filter": 0, "Exact Heap Blocks": 4051, "Lossy Heap Blocks": 0, "Workers": [], "Plans": [{"Node Type": "Bitmap Index Scan", "Parent Relationship": "Outer", "Parallel Aware": false, "Async Capable": false, "Index Name": "users_pkey", "Startup Cost": 0.0, "Total Cost": 0.46, "Plan Rows": 1, "Plan Width": 0, "Actual Rows": 1, "Actual Loops": 8087, "Index Cond": "(id = p.owneruserid)", "Workers": []}]}]}]}, {"Node Type": "Memoize", "Parent Relationship": "Inner", "Parallel Aware": false, "Async Capable": false, "Startup Cost": 0.51, "Total Cost": 4.55, "Plan Rows": 3, "Plan Width": 4, "Actual Rows": 16, "Actual Loops": 119580, "Cache Key": "p.owneruserid", "Cache Mode": "logical", "Cache Hits": 57797, "Cache Misses": 3527, "Cache Evictions": 0, "Cache Overflows": 0, "Peak Memory Usage": 949, "Workers": [{"Worker Number": 0, "Cache Hits": 54734, "Cache Misses": 3522, "Cache Evictions": 0, "Cache Overflows": 0, "Peak Memory Usage": 948}], "Plans": [{"Node Type": "Bitmap Heap Scan", "Parent Relationship": "Outer", "Parallel Aware": false, "Async Capable": false, "Relation Name": "badges", "Alias": "b", "Startup Cost": 0.5, "Total Cost": 4.54, "Plan Rows": 3, "Plan Width": 4, "Actual Rows": 6, "Actual Loops": 7049, "Recheck Cond": "(p.owneruserid = userid)", "Rows Removed by Index Recheck": 0, "Exact Heap Blocks": 15416, "Lossy Heap Blocks": 0, "Workers": [], "Plans": [{"Node Type": "Bitmap Index Scan", "Parent Relationship": "Outer", "Parallel Aware": false, "Async Capable": false, "Index Name": "idx_badges_userid", "Startup Cost": 0.0, "Total Cost": 0.5, "Plan Rows": 3, "Plan Width": 0, "Actual Rows": 6, "Actual Loops": 7049, "Index Cond": "(userid = p.owneruserid)", "Workers": []}]}]}]}, {"Node Type": "Memoize", "Parent Relationship": "Inner", "Parallel Aware": false, "Async Capable": false, "Startup Cost": 0.57, "Total Cost": 4.75, "Plan Rows": 14, "Plan Width": 4, "Actual Rows": 135, "Actual Loops": 1885363, "Cache Key": "u.id", "Cache Mode": "logical", "Cache Hits": 972612, "Cache Misses": 3489, "Cache Evictions": 0, "Cache Overflows": 0, "Peak Memory Usage": 2460, "Workers": [{"Worker Number": 0, "Cache Hits": 905768, "Cache Misses": 3494, "Cache Evictions": 0, "Cache Overflows": 0, "Peak Memory Usage": 2470}], "Plans": [{"Node Type": "Bitmap Heap Scan", "Parent Relationship": "Outer", "Parallel Aware": false, "Async Capable": false, "Relation Name": "posthistory", "Alias": "ph", "Startup Cost": 0.56, "Total Cost": 4.74, "Plan Rows": 14, "Plan Width": 4, "Actual Rows": 18, "Actual Loops": 6983, "Recheck Cond": "(userid = u.id)", "Rows Removed by Index Recheck": 0, "Exact Heap Blocks": 21839, "Lossy Heap Blocks": 0, "Workers": [], "Plans": [{"Node Type": "Bitmap Index Scan", "Parent Relationship": "Outer", "Parallel Aware": false, "Async Capable": false, "Index Name": "idx_posthistory_userid", "Startup Cost": 0.0, "Total Cost": 0.56, "Plan Rows": 14, "Plan Width": 0, "Actual Rows": 18, "Actual Loops": 6983, "Index Cond": "(userid = u.id)", "Workers": []}]}]}]}]}]}]}, "Planning Time": 8.946, "Triggers": [], "Execution Time": 6209.816}, {"Plan": {"Node Type": "Aggregate", "Strategy": "Plain", "Partial Mode": "Finalize", "Parallel Aware": false, "Async Capable": false, "Startup Cost": 72645752.79, "Total Cost": 72645752.8, "Plan Rows": 1, "Plan Width": 8, "Actual Rows": 1, "Actual Loops": 1, "Plans": [{"Node Type": "Gather", "Parent Relationship": "Outer", "Parallel Aware": false, "Async Capable": false, "Startup Cost": 72645752.68, "Total Cost": 72645752.79, "Plan Rows": 1, "Plan Width": 8, "Actual Rows": 2, "Actual Loops": 1, "Workers Planned": 1, "Workers Launched": 1, "Single Copy": false, "Plans": [{"Node Type": "Aggregate", "Strategy": "Plain", "Partial Mode": "Partial", "Parent Relationship": "Outer", "Parallel Aware": false, "Async Capable": false, "Startup Cost": 72644752.68, "Total Cost": 72644752.69, "Plan Rows": 1, "Plan Width": 8, "Actual Rows": 1, "Actual Loops": 2, "Workers": [], "Plans": [{"Node Type": "Merge Join", "Parent Relationship": "Outer", "Parallel Aware": false, "Async Capable": false, "Join Type": "Inner", "Startup Cost": 43.06, "Total Cost": 2960850.77, "Plan Rows": 27873560763, "Plan Width": 0, "Actual Rows": 127677904, "Actual Loops": 2, "Inner Unique": false, "Merge Cond": "(c.userid = u.id)", "Workers": [], "Plans": [{"Node Type": "Index Scan", "Parent Relationship": "Outer", "Parallel Aware": true, "Async Capable": false, "Scan Direction": "Forward", "Index Name": "idx_comments_userid", "Relation Name": "comments", "Alias": "c", "Startup Cost": 0.29, "Total Cost": 7618.14, "Plan Rows": 99635, "Plan Width": 4, "Actual Rows": 83342, "Actual Loops": 2, "Filter": "((creationdate >= '2010-08-19 09:33:49'::timestamp without time zone) AND (creationdate <= '2014-08-28 06:54:21'::timestamp without time zone))", "Rows Removed by Filter": 2478, "Workers": []}, {"Node Type": "Materialize", "Parent Relationship": "Inner", "Parallel Aware": false, "Async Capable": false, "Startup Cost": 1.3, "Total Cost": 233243.22, "Plan Rows": 80116386, "Plan Width": 16, "Actual Rows": 129664980, "Actual Loops": 2, "Workers": [], "Plans": [{"Node Type": "Merge Join", "Parent Relationship": "Outer", "Parallel Aware": false, "Async Capable": false, "Join Type": "Inner", "Startup Cost": 1.3, "Total Cost": 32952.25, "Plan Rows": 80116386, "Plan Width": 16, "Actual Rows": 4228710, "Actual Loops": 2, "Inner Unique": false, "Merge Cond": "(u.id = ph.userid)", "Workers": [], "Plans": [{"Node Type": "Merge Join", "Parent Relationship": "Outer", "Parallel Aware": false, "Async Capable": false, "Join Type": "Inner", "Startup Cost": 0.88, "Total Cost": 10309.1, "Plan Rows": 107040, "Plan Width": 12, "Actual Rows": 69446, "Actual Loops": 2, "Inner Unique": false, "Merge Cond": "(u.id = b.userid)", "Workers": [], "Plans": [{"Node Type": "Merge Join", "Parent Relationship": "Outer", "Parallel Aware": false, "Async Capable": false, "Join Type": "Inner", "Startup Cost": 0.58, "Total Cost": 7183.06, "Plan Rows": 2738, "Plan Width": 8, "Actual Rows": 9576, "Actual Loops": 2, "Inner Unique": true, "Merge Cond": "(p.owneruserid = u.id)", "Workers": [], "Plans": [{"Node Type": "Index Scan", "Parent Relationship": "Outer", "Parallel Aware": false, "Async Capable": false, "Scan Direction": "Forward", "Index Name": "idx_posts_owneruserid", "Relation Name": "posts", "Alias": "p", "Startup Cost": 0.29, "Total Cost": 5473.31, "Plan Rows": 2851, "Plan Width": 4, "Actual Rows": 12713, "Actual Loops": 2, "Filter": "((viewcount >= 0) AND (viewcount <= 25597) AND (commentcount >= 0) AND (commentcount <= 11) AND (favoritecount >= 0) AND (posttypeid = 1))", "Rows Removed by Filter": 77376, "Workers": []}, {"Node Type": "Index Scan", "Parent Relationship": "Inner", "Parallel Aware": false, "Async Capable": false, "Scan Direction": "Forward", "Index Name": "users_pkey", "Relation Name": "users", "Alias": "u", "Startup Cost": 0.29, "Total Cost": 1659.6, "Plan Rows": 39319, "Plan Width": 4, "Actual Rows": 38582, "Actual Loops": 2, "Filter": "((downvotes <= 0) AND (upvotes >= 0) AND (upvotes <= 123))", "Rows Removed by Filter": 792, "Workers": []}]}, {"Node Type": "Index Scan", "Parent Relationship": "Inner", "Parallel Aware": false, "Async Capable": false, "Scan Direction": "Forward", "Index Name": "idx_badges_userid", "Relation Name": "badges", "Alias": "b", "Startup Cost": 0.29, "Total Cost": 2865.34, "Plan Rows": 79851, "Plan Width": 4, "Actual Rows": 121349, "Actual Loops": 2, "Workers": []}]}, {"Node Type": "Materialize", "Parent Relationship": "Inner", "Parallel Aware": false, "Async Capable": false, "Startup Cost": 0.42, "Total Cost": 12849.99, "Plan Rows": 303187, "Plan Width": 4, "Actual Rows": 4431770, "Actual Loops": 2, "Workers": [], "Plans": [{"Node Type": "Index Scan", "Parent Relationship": "Outer", "Parallel Aware": false, "Async Capable": false, "Scan Direction": "Forward", "Index Name": "idx_posthistory_userid", "Relation Name": "posthistory", "Alias": "ph", "Startup Cost": 0.42, "Total Cost": 12092.03, "Plan Rows": 303187, "Plan Width": 4, "Actual Rows": 280410, "Actual Loops": 2, "Workers": []}]}]}]}]}]}]}]}, "Planning Time": 9.681, "Triggers": [], "Execution Time": 12093.02}, {"Plan": {"Node Type": "Aggregate", "Strategy": "Plain", "Partial Mode": "Finalize", "Parallel Aware": false, "Async Capable": false, "Startup Cost": 72625872.35, "Total Cost": 72625872.36, "Plan Rows": 1, "Plan Width": 8, "Actual Rows": 1, "Actual Loops": 1, "Plans": [{"Node Type": "Gather", "Parent Relationship": "Outer", "Parallel Aware": false, "Async Capable": false, "Startup Cost": 72625872.23, "Total Cost": 72625872.34, "Plan Rows": 1, "Plan Width": 8, "Actual Rows": 2, "Actual Loops": 1, "Workers Planned": 1, "Workers Launched": 1, "Single Copy": false, "Plans": [{"Node Type": "Aggregate", "Strategy": "Plain", "Partial Mode": "Partial", "Parent Relationship": "Outer", "Parallel Aware": false, "Async Capable": false, "Startup Cost": 72624872.23, "Total Cost": 72624872.24, "Plan Rows": 1, "Plan Width": 8, "Actual Rows": 1, "Actual Loops": 2, "Workers": [], "Plans": [{"Node Type": "Merge Join", "Parent Relationship": "Outer", "Parallel Aware": false, "Async Capable": false, "Join Type": "Inner", "Startup Cost": 1.75, "Total Cost": 2940970.33, "Plan Rows": 27873560763, "Plan Width": 0, "Actual Rows": 127677904, "Actual Loops": 2, "Inner Unique": false, "Merge Cond": "(u.id = ph.userid)", "Workers": [], "Plans": [{"Node Type": "Merge Join", "Parent Relationship": "Outer", "Parallel Aware": false, "Async Capable": false, "Join Type": "Inner", "Startup Cost": 0.72, "Total Cost": 10450.43, "Plan Rows": 95542, "Plan Width": 8, "Actual Rows": 28814, "Actual Loops": 2, "Inner Unique": true, "Merge Cond": "(c.userid = u.id)", "Workers": [], "Plans": [{"Node Type": "Index Scan", "Parent Relationship": "Outer", "Parallel Aware": true, "Async Capable": false, "Scan Direction": "Forward", "Index Name": "idx_comments_userid", "Relation Name": "comments", "Alias": "c", "Startup Cost": 0.29, "Total Cost": 7618.14, "Plan Rows": 99635, "Plan Width": 4, "Actual Rows": 83342, "Actual Loops": 2, "Filter": "((creationdate >= '2010-08-19 09:33:49'::timestamp without time zone) AND (creationdate <= '2014-08-28 06:54:21'::timestamp without time zone))", "Rows Removed by Filter": 2478, "Workers": []}, {"Node Type": "Index Scan", "Parent Relationship": "Inner", "Parallel Aware": false, "Async Capable": false, "Scan Direction": "Forward", "Index Name": "users_pkey", "Relation Name": "users", "Alias": "u", "Startup Cost": 0.29, "Total Cost": 1659.6, "Plan Rows": 39319, "Plan Width": 4, "Actual Rows": 38084, "Actual Loops": 2, "Filter": "((downvotes <= 0) AND (upvotes >= 0) AND (upvotes <= 123))", "Rows Removed by Filter": 791, "Workers": []}]}, {"Node Type": "Materialize", "Parent Relationship": "Inner", "Parallel Aware": false, "Async Capable": false, "Startup Cost": 1.03, "Total Cost": 264739.42, "Plan Rows": 88316578, "Plan Width": 12, "Actual Rows": 276322629, "Actual Loops": 2, "Workers": [], "Plans": [{"Node Type": "Nested Loop", "Parent Relationship": "Outer", "Parallel Aware": false, "Async Capable": false, "Join Type": "Inner", "Startup Cost": 1.03, "Total Cost": 43947.97, "Plan Rows": 88316578, "Plan Width": 12, "Actual Rows": 150886358, "Actual Loops": 2, "Inner Unique": false, "Join Filter": "(ph.userid = b.userid)", "Rows Removed by Join Filter": 0, "Workers": [], "Plans": [{"Node Type": "Nested Loop", "Parent Relationship": "Outer", "Parallel Aware": false, "Async Capable": false, "Join Type": "Inner", "Startup Cost": 0.59, "Total Cost": 8706.3, "Plan Rows": 109779, "Plan Width": 8, "Actual Rows": 211702, "Actual Loops": 2, "Inner Unique": false, "Workers": [], "Plans": [{"Node Type": "Index Scan", "Parent Relationship": "Outer", "Parallel Aware": false, "Async Capable": false, "Scan Direction": "Forward", "Index Name": "idx_posts_owneruserid", "Relation Name": "posts", "Alias": "p", "Startup Cost": 0.29, "Total Cost": 5473.31, "Plan Rows": 2851, "Plan Width": 4, "Actual Rows": 12686, "Actual Loops": 2, "Filter": "((viewcount >= 0) AND (viewcount <= 25597) AND (commentcount >= 0) AND (commentcount <= 11) AND (favoritecount >= 0) AND (posttypeid = 1))", "Rows Removed by Filter": 77065, "Workers": []}, {"Node Type": "Memoize", "Parent Relationship": "Inner", "Parallel Aware": false, "Async Capable": false, "Startup Cost": 0.3, "Total Cost": 1.15, "Plan Rows": 3, "Plan Width": 4, "Actual Rows": 17, "Actual Loops": 25373, "Cache Key": "p.owneruserid", "Cache Mode": "logical", "Cache Hits": 6025, "Cache Misses": 6633, "Cache Evictions": 0, "Cache Overflows": 0, "Peak Memory Usage": 1926, "Workers": [{"Worker Number": 0, "Cache Hits": 6028, "Cache Misses": 6687, "Cache Evictions": 0, "Cache Overflows": 0, "Peak Memory Usage": 1933}], "Plans": [{"Node Type": "Index Scan", "Parent Relationship": "Outer", "Parallel Aware": false, "Async Capable": false, "Scan Direction": "Forward", "Index Name": "idx_badges_userid", "Relation Name": "badges", "Alias": "b", "Startup Cost": 0.29, "Total Cost": 1.14, "Plan Rows": 3, "Plan Width": 4, "Actual Rows": 6, "Actual Loops": 13320, "Index Cond": "(userid = p.owneruserid)", "Rows Removed by Index Recheck": 0, "Workers": []}]}]}, {"Node Type": "Memoize", "Parent Relationship": "Inner", "Parallel Aware": false, "Async Capable": false, "Startup Cost": 0.43, "Total Cost": 4.0, "Plan Rows": 14, "Plan Width": 4, "Actual Rows": 713, "Actual Loops": 423403, "Cache Key": "p.owneruserid", "Cache Mode": "logical", "Cache Hits": 205110, "Cache Misses": 6517, "Cache Evictions": 0, "Cache Overflows": 0, "Peak Memory Usage": 7121, "Workers": [{"Worker Number": 0, "Cache Hits": 205209, "Cache Misses": 6567, "Cache Evictions": 0, "Cache Overflows": 0, "Peak Memory Usage": 7138}], "Plans": [{"Node Type": "Index Scan", "Parent Relationship": "Outer", "Parallel Aware": false, "Async Capable": false, "Scan Direction": "Forward", "Index Name": "idx_posthistory_userid", "Relation Name": "posthistory", "Alias": "ph", "Startup Cost": 0.42, "Total Cost": 3.99, "Plan Rows": 14, "Plan Width": 4, "Actual Rows": 29, "Actual Loops": 13084, "Index Cond": "(userid = p.owneruserid)", "Rows Removed by Index Recheck": 0, "Workers": []}]}]}]}]}]}]}]}, "Planning Time": 10.101, "Triggers": [], "Execution Time": 42075.092}, {"Plan": {"Node Type": "Aggregate", "Strategy": "Plain", "Partial Mode": "Finalize", "Parallel Aware": false, "Async Capable": false, "Startup Cost": 72625458.1, "Total Cost": 72625458.11, "Plan Rows": 1, "Plan Width": 8, "Actual Rows": 1, "Actual Loops": 1, "Plans": [{"Node Type": "Gather", "Parent Relationship": "Outer", "Parallel Aware": false, "Async Capable": false, "Startup Cost": 72625457.99, "Total Cost": 72625458.1, "Plan Rows": 1, "Plan Width": 8, "Actual Rows": 2, "Actual Loops": 1, "Workers Planned": 1, "Workers Launched": 1, "Single Copy": false, "Plans": [{"Node Type": "Aggregate", "Strategy": "Plain", "Partial Mode": "Partial", "Parent Relationship": "Outer", "Parallel Aware": false, "Async Capable": false, "Startup Cost": 72624457.99, "Total Cost": 72624458.0, "Plan Rows": 1, "Plan Width": 8, "Actual Rows": 1, "Actual Loops": 2, "Workers": [], "Plans": [{"Node Type": "Merge Join", "Parent Relationship": "Outer", "Parallel Aware": false, "Async Capable": false, "Join Type": "Inner", "Startup Cost": 3305.15, "Total Cost": 2940556.08, "Plan Rows": 27873560763, "Plan Width": 0, "Actual Rows": 127677904, "Actual Loops": 2, "Inner Unique": false, "Merge Cond": "(u.id = ph.userid)", "Workers": [], "Plans": [{"Node Type": "Merge Join", "Parent Relationship": "Outer", "Parallel Aware": false, "Async Capable": false, "Join Type": "Inner", "Startup Cost": 0.72, "Total Cost": 10450.43, "Plan Rows": 95542, "Plan Width": 8, "Actual Rows": 28814, "Actual Loops": 2, "Inner Unique": true, "Merge Cond": "(c.userid = u.id)", "Workers": [], "Plans": [{"Node Type": "Index Scan", "Parent Relationship": "Outer", "Parallel Aware": true, "Async Capable": false, "Scan Direction": "Forward", "Index Name": "idx_comments_userid", "Relation Name": "comments", "Alias": "c", "Startup Cost": 0.29, "Total Cost": 7618.14, "Plan Rows": 99635, "Plan Width": 4, "Actual Rows": 83342, "Actual Loops": 2, "Filter": "((creationdate >= '2010-08-19 09:33:49'::timestamp without time zone) AND (creationdate <= '2014-08-28 06:54:21'::timestamp without time zone))", "Rows Removed by Filter": 2478, "Workers": []}, {"Node Type": "Index Scan", "Parent Relationship": "Inner", "Parallel Aware": false, "Async Capable": false, "Scan Direction": "Forward", "Index Name": "users_pkey", "Relation Name": "users", "Alias": "u", "Startup Cost": 0.29, "Total Cost": 1659.6, "Plan Rows": 39319, "Plan Width": 4, "Actual Rows": 37604, "Actual Loops": 2, "Filter": "((downvotes <= 0) AND (upvotes >= 0) AND (upvotes <= 123))", "Rows Removed by Filter": 791, "Workers": []}]}, {"Node Type": "Materialize", "Parent Relationship": "Inner", "Parallel Aware": false, "Async Capable": false, "Startup Cost": 3304.43, "Total Cost": 264046.9, "Plan Rows": 88316578, "Plan Width": 12, "Actual Rows": 276321527, "Actual Loops": 2, "Workers": [], "Plans": [{"Node Type": "Nested Loop", "Parent Relationship": "Outer", "Parallel Aware": false, "Async Capable": false, "Join Type": "Inner", "Startup Cost": 3304.43, "Total Cost": 43255.45, "Plan Rows": 88316578, "Plan Width": 12, "Actual Rows": 150885256, "Actual Loops": 2, "Inner Unique": false, "Join Filter": "(ph.userid = b.userid)", "Rows Removed by Join Filter": 0, "Workers": [], "Plans": [{"Node Type": "Merge Join", "Parent Relationship": "Outer", "Parallel Aware": false, "Async Capable": false, "Join Type": "Inner", "Startup Cost": 3304.0, "Total Cost": 8013.78, "Plan Rows": 109779, "Plan Width": 8, "Actual Rows": 211612, "Actual Loops": 2, "Inner Unique": false, "Merge Cond": "(b.userid = p.owneruserid)", "Workers": [], "Plans": [{"Node Type": "Index Scan", "Parent Relationship": "Outer", "Parallel Aware": false, "Async Capable": false, "Scan Direction": "Forward", "Index Name": "idx_badges_userid", "Relation Name": "badges", "Alias": "b", "Startup Cost": 0.29, "Total Cost": 2865.34, "Plan Rows": 79851, "Plan Width": 4, "Actual Rows": 78540, "Actual Loops": 2, "Workers": []}, {"Node Type": "Sort", "Parent Relationship": "Inner", "Parallel Aware": false, "Async Capable": false, "Startup Cost": 3303.01, "Total Cost": 3310.14, "Plan Rows": 2851, "Plan Width": 4, "Actual Rows": 211728, "Actual Loops": 2, "Sort Key": ["p.owneruserid"], "Sort Method": "quicksort", "Sort Space Used": 385, "Sort Space Type": "Memory", "Workers": [{"Worker Number": 0, "Sort Method": "quicksort", "Sort Space Used": 385, "Sort Space Type": "Memory"}], "Plans": [{"Node Type": "Seq Scan", "Parent Relationship": "Outer", "Parallel Aware": false, "Async Capable": false, "Relation Name": "posts", "Alias": "p", "Startup Cost": 0.0, "Total Cost": 3139.4, "Plan Rows": 2851, "Plan Width": 4, "Actual Rows": 13007, "Actual Loops": 2, "Filter": "((viewcount >= 0) AND (viewcount <= 25597) AND (commentcount >= 0) AND (commentcount <= 11) AND (favoritecount >= 0) AND (posttypeid = 1))", "Rows Removed by Filter": 78969, "Workers": []}]}]}, {"Node Type": "Memoize", "Parent Relationship": "Inner", "Parallel Aware": false, "Async Capable": false, "Startup Cost": 0.43, "Total Cost": 4.0, "Plan Rows": 14, "Plan Width": 4, "Actual Rows": 713, "Actual Loops": 423224, "Cache Key": "p.owneruserid", "Cache Mode": "logical", "Cache Hits": 205209, "Cache Misses": 6567, "Cache Evictions": 0, "Cache Overflows": 0, "Peak Memory Usage": 7138, "Workers": [{"Worker Number": 0, "Cache Hits": 204987, "Cache Misses": 6461, "Cache Evictions": 0, "Cache Overflows": 0, "Peak Memory Usage": 7103}], "Plans": [{"Node Type": "Index Scan", "Parent Relationship": "Outer", "Parallel Aware": false, "Async Capable": false, "Scan Direction": "Forward", "Index Name": "idx_posthistory_userid", "Relation Name": "posthistory", "Alias": "ph", "Startup Cost": 0.42, "Total Cost": 3.99, "Plan Rows": 14, "Plan Width": 4, "Actual Rows": 29, "Actual Loops": 13028, "Index Cond": "(userid = p.owneruserid)", "Rows Removed by Index Recheck": 0, "Workers": []}]}]}]}]}]}]}]}, "Planning Time": 11.154, "Triggers": [], "Execution Time": 42011.872}, {"Plan": {"Node Type": "Aggregate", "Strategy": "Plain", "Partial Mode": "Finalize", "Parallel Aware": false, "Async Capable": false, "Startup Cost": 72643672.06, "Total Cost": 72643672.07, "Plan Rows": 1, "Plan Width": 8, "Actual Rows": 1, "Actual Loops": 1, "Plans": [{"Node Type": "Gather", "Parent Relationship": "Outer", "Parallel Aware": false, "Async Capable": false, "Startup Cost": 72643671.95, "Total Cost": 72643672.06, "Plan Rows": 1, "Plan Width": 8, "Actual Rows": 2, "Actual Loops": 1, "Workers Planned": 1, "Workers Launched": 1, "Single Copy": false, "Plans": [{"Node Type": "Aggregate", "Strategy": "Plain", "Partial Mode": "Partial", "Parent Relationship": "Outer", "Parallel Aware": false, "Async Capable": false, "Startup Cost": 72642671.95, "Total Cost": 72642671.96, "Plan Rows": 1, "Plan Width": 8, "Actual Rows": 1, "Actual Loops": 2, "Workers": [], "Plans": [{"Node Type": "Merge Join", "Parent Relationship": "Outer", "Parallel Aware": false, "Async Capable": false, "Join Type": "Inner", "Startup Cost": 3345.35, "Total Cost": 2958770.04, "Plan Rows": 27873560763, "Plan Width": 0, "Actual Rows": 127677904, "Actual Loops": 2, "Inner Unique": false, "Merge Cond": "(c.userid = u.id)", "Workers": [], "Plans": [{"Node Type": "Index Scan", "Parent Relationship": "Outer", "Parallel Aware": true, "Async Capable": false, "Scan Direction": "Forward", "Index Name": "idx_comments_userid", "Relation Name": "comments", "Alias": "c", "Startup Cost": 0.29, "Total Cost": 7618.14, "Plan Rows": 99635, "Plan Width": 4, "Actual Rows": 83342, "Actual Loops": 2, "Filter": "((creationdate >= '2010-08-19 09:33:49'::timestamp without time zone) AND (creationdate <= '2014-08-28 06:54:21'::timestamp without time zone))", "Rows Removed by Filter": 2478, "Workers": []}, {"Node Type": "Materialize", "Parent Relationship": "Inner", "Parallel Aware": false, "Async Capable": false, "Startup Cost": 3304.01, "Total Cost": 231162.48, "Plan Rows": 80116386, "Plan Width": 16, "Actual Rows": 129664980, "Actual Loops": 2, "Workers": [], "Plans": [{"Node Type": "Merge Join", "Parent Relationship": "Outer", "Parallel Aware": false, "Async Capable": false, "Join Type": "Inner", "Startup Cost": 3304.01, "Total Cost": 30871.52, "Plan Rows": 80116386, "Plan Width": 16, "Actual Rows": 4228710, "Actual Loops": 2, "Inner Unique": false, "Merge Cond": "(u.id = ph.userid)", "Workers": [], "Plans": [{"Node Type": "Merge Join", "Parent Relationship": "Outer", "Parallel Aware": false, "Async Capable": false, "Join Type": "Inner", "Startup Cost": 3303.59, "Total Cost": 8228.36, "Plan Rows": 107040, "Plan Width": 12, "Actual Rows": 69446, "Actual Loops": 2, "Inner Unique": false, "Merge Cond": "(u.id = b.userid)", "Workers": [], "Plans": [{"Node Type": "Merge Join", "Parent Relationship": "Outer", "Parallel Aware": false, "Async Capable": false, "Join Type": "Inner", "Startup Cost": 3303.3, "Total Cost": 5102.33, "Plan Rows": 2738, "Plan Width": 8, "Actual Rows": 9576, "Actual Loops": 2, "Inner Unique": false, "Merge Cond": "(u.id = p.owneruserid)", "Workers": [], "Plans": [{"Node Type": "Index Scan", "Parent Relationship": "Outer", "Parallel Aware": false, "Async Capable": false, "Scan Direction": "Forward", "Index Name": "users_pkey", "Relation Name": "users", "Alias": "u", "Startup Cost": 0.29, "Total Cost": 1659.6, "Plan Rows": 39319, "Plan Width": 4, "Actual Rows": 38582, "Actual Loops": 2, "Filter": "((downvotes <= 0) AND (upvotes >= 0) AND (upvotes <= 123))", "Rows Removed by Filter": 792, "Workers": []}, {"Node Type": "Sort", "Parent Relationship": "Inner", "Parallel Aware": false, "Async Capable": false, "Startup Cost": 3303.01, "Total Cost": 3310.14, "Plan Rows": 2851, "Plan Width": 4, "Actual Rows": 12713, "Actual Loops": 2, "Sort Key": ["p.owneruserid"], "Sort Method": "quicksort", "Sort Space Used": 385, "Sort Space Type": "Memory", "Workers": [{"Worker Number": 0, "Sort Method": "quicksort", "Sort Space Used": 385, "Sort Space Type": "Memory"}], "Plans": [{"Node Type": "Seq Scan", "Parent Relationship": "Outer", "Parallel Aware": false, "Async Capable": false, "Relation Name": "posts", "Alias": "p", "Startup Cost": 0.0, "Total Cost": 3139.4, "Plan Rows": 2851, "Plan Width": 4, "Actual Rows": 13007, "Actual Loops": 2, "Filter": "((viewcount >= 0) AND (viewcount <= 25597) AND (commentcount >= 0) AND (commentcount <= 11) AND (favoritecount >= 0) AND (posttypeid = 1))", "Rows Removed by Filter": 78969, "Workers": []}]}]}, {"Node Type": "Index Scan", "Parent Relationship": "Inner", "Parallel Aware": false, "Async Capable": false, "Scan Direction": "Forward", "Index Name": "idx_badges_userid", "Relation Name": "badges", "Alias": "b", "Startup Cost": 0.29, "Total Cost": 2865.34, "Plan Rows": 79851, "Plan Width": 4, "Actual Rows": 121349, "Actual Loops": 2, "Workers": []}]}, {"Node Type": "Materialize", "Parent Relationship": "Inner", "Parallel Aware": false, "Async Capable": false, "Startup Cost": 0.42, "Total Cost": 12849.99, "Plan Rows": 303187, "Plan Width": 4, "Actual Rows": 4431770, "Actual Loops": 2, "Workers": [], "Plans": [{"Node Type": "Index Scan", "Parent Relationship": "Outer", "Parallel Aware": false, "Async Capable": false, "Scan Direction": "Forward", "Index Name": "idx_posthistory_userid", "Relation Name": "posthistory", "Alias": "ph", "Startup Cost": 0.42, "Total Cost": 12092.03, "Plan Rows": 303187, "Plan Width": 4, "Actual Rows": 280410, "Actual Loops": 2, "Workers": []}]}]}]}]}]}]}]}, "Planning Time": 9.699, "Triggers": [], "Execution Time": 11960.589}, {"Plan": {"Node Type": "Aggregate", "Strategy": "Plain", "Partial Mode": "Finalize", "Parallel Aware": false, "Async Capable": false, "Startup Cost": 76784682.47, "Total Cost": 76784682.48, "Plan Rows": 1, "Plan Width": 8, "Actual Rows": 1, "Actual Loops": 1, "Plans": [{"Node Type": "Gather", "Parent Relationship": "Outer", "Parallel Aware": false, "Async Capable": false, "Startup Cost": 76784682.36, "Total Cost": 76784682.47, "Plan Rows": 1, "Plan Width": 8, "Actual Rows": 2, "Actual Loops": 1, "Workers Planned": 1, "Workers Launched": 1, "Single Copy": false, "Plans": [{"Node Type": "Aggregate", "Strategy": "Plain", "Partial Mode": "Partial", "Parent Relationship": "Outer", "Parallel Aware": false, "Async Capable": false, "Startup Cost": 76783682.36, "Total Cost": 76783682.37, "Plan Rows": 1, "Plan Width": 8, "Actual Rows": 1, "Actual Loops": 2, "Workers": [], "Plans": [{"Node Type": "Nested Loop", "Parent Relationship": "Outer", "Parallel Aware": false, "Async Capable": false, "Join Type": "Inner", "Startup Cost": 1.63, "Total Cost": 7099780.45, "Plan Rows": 27873560763, "Plan Width": 0, "Actual Rows": 127677904, "Actual Loops": 2, "Inner Unique": false, "Workers": [], "Plans": [{"Node Type": "Nested Loop", "Parent Relationship": "Outer", "Parallel Aware": false, "Async Capable": false, "Join Type": "Inner", "Startup Cost": 1.2, "Total Cost": 80626.51, "Plan Rows": 37240766, "Plan Width": 16, "Actual Rows": 942682, "Actual Loops": 2, "Inner Unique": false, "Join Filter": "(b.userid = u.id)", "Rows Removed by Join Filter": 0, "Workers": [], "Plans": [{"Node Type": "Nested Loop", "Parent Relationship": "Outer", "Parallel Aware": false, "Async Capable": false, "Join Type": "Inner", "Startup Cost": 0.9, "Total Cost": 22765.14, "Plan Rows": 952519, "Plan Width": 12, "Actual Rows": 59790, "Actual Loops": 2, "Inner Unique": false, "Join Filter": "(p.owneruserid = u.id)", "Rows Removed by Join Filter": 0, "Workers": [], "Plans": [{"Node Type": "Nested Loop", "Parent Relationship": "Outer", "Parallel Aware": false, "Async Capable": false, "Join Type": "Inner", "Startup Cost": 0.59, "Total Cost": 14337.26, "Plan Rows": 95542, "Plan Width": 8, "Actual Rows": 28814, "Actual Loops": 2, "Inner Unique": true, "Workers": [], "Plans": [{"Node Type": "Index Scan", "Parent Relationship": "Outer", "Parallel Aware": true, "Async Capable": false, "Scan Direction": "Forward", "Index Name": "idx_comments_userid", "Relation Name": "comments", "Alias": "c", "Startup Cost": 0.29, "Total Cost": 7618.14, "Plan Rows": 99635, "Plan Width": 4, "Actual Rows": 84656, "Actual Loops": 2, "Filter": "((creationdate >= '2010-08-19 09:33:49'::timestamp without time zone) AND (creationdate <= '2014-08-28 06:54:21'::timestamp without time zone))", "Rows Removed by Filter": 2497, "Workers": []}, {"Node Type": "Memoize", "Parent Relationship": "Inner", "Parallel Aware": false, "Async Capable": false, "Startup Cost": 0.3, "Total Cost": 0.33, "Plan Rows": 1, "Plan Width": 4, "Actual Rows": 0, "Actual Loops": 169311, "Cache Key": "c.userid", "Cache Mode": "logical", "Cache Hits": 89819, "Cache Misses": 6705, "Cache Evictions": 0, "Cache Overflows": 0, "Peak Memory Usage": 666, "Workers": [{"Worker Number": 0, "Cache Hits": 66162, "Cache Misses": 6625, "Cache Evictions": 0, "Cache Overflows": 0, "Peak Memory Usage": 661}], "Plans": [{"Node Type": "Index Scan", "Parent Relationship": "Outer", "Parallel Aware": false, "Async Capable": false, "Scan Direction": "Forward", "Index Name": "users_pkey", "Relation Name": "users", "Alias": "u", "Startup Cost": 0.29, "Total Cost": 0.32, "Plan Rows": 1, "Plan Width": 4, "Actual Rows": 1, "Actual Loops": 13330, "Index Cond": "(id = c.userid)", "Rows Removed by Index Recheck": 0, "Filter": "((downvotes <= 0) AND (upvotes >= 0) AND (upvotes <= 123))", "Rows Removed by Filter": 0, "Workers": []}]}]}, {"Node Type": "Memoize", "Parent Relationship": "Inner", "Parallel Aware": false, "Async Capable": false, "Startup Cost": 0.3, "Total Cost": 0.46, "Plan Rows": 1, "Plan Width": 4, "Actual Rows": 2, "Actual Loops": 57627, "Cache Key": "c.userid", "Cache Mode": "logical", "Cache Hits": 23045, "Cache Misses": 6278, "Cache Evictions": 0, "Cache Overflows": 0, "Peak Memory Usage": 563, "Workers": [{"Worker Number": 0, "Cache Hits": 22020, "Cache Misses": 6284, "Cache Evictions": 0, "Cache Overflows": 0, "Peak Memory Usage": 556}], "Plans": [{"Node Type": "Index Scan", "Parent Relationship": "Outer", "Parallel Aware": false, "Async Capable": false, "Scan Direction": "Forward", "Index Name": "idx_posts_owneruserid", "Relation Name": "posts", "Alias": "p", "Startup Cost": 0.29, "Total Cost": 0.45, "Plan Rows": 1, "Plan Width": 4, "Actual Rows": 1, "Actual Loops": 12562, "Index Cond": "(owneruserid = c.userid)", "Rows Removed by Index Recheck": 0, "Filter": "((viewcount >= 0) AND (viewcount <= 25597) AND (commentcount >= 0) AND (commentcount <= 11) AND (favoritecount >= 0) AND (posttypeid = 1))", "Rows Removed by Filter": 2, "Workers": []}]}]}, {"Node Type": "Memoize", "Parent Relationship": "Inner", "Parallel Aware": false, "Async Capable": false, "Startup Cost": 0.3, "Total Cost": 1.15, "Plan Rows": 3, "Plan Width": 4, "Actual Rows": 16, "Actual Loops": 119580, "Cache Key": "p.owneruserid", "Cache Mode": "logical", "Cache Hits": 55636, "Cache Misses": 2406, "Cache Evictions": 0, "Cache Overflows": 0, "Peak Memory Usage": 606, "Workers": [{"Worker Number": 0, "Cache Hits": 59252, "Cache Misses": 2286, "Cache Evictions": 0, "Cache Overflows": 0, "Peak Memory Usage": 557}], "Plans": [{"Node Type": "Index Scan", "Parent Relationship": "Outer", "Parallel Aware": false, "Async Capable": false, "Scan Direction": "Forward", "Index Name": "idx_badges_userid", "Relation Name": "badges", "Alias": "b", "Startup Cost": 0.29, "Total Cost": 1.14, "Plan Rows": 3, "Plan Width": 4, "Actual Rows": 5, "Actual Loops": 4692, "Index Cond": "(userid = p.owneruserid)", "Rows Removed by Index Recheck": 0, "Workers": []}]}]}, {"Node Type": "Memoize", "Parent Relationship": "Inner", "Parallel Aware": false, "Async Capable": false, "Startup Cost": 0.43, "Total Cost": 0.94, "Plan Rows": 14, "Plan Width": 4, "Actual Rows": 135, "Actual Loops": 1885363, "Cache Key": "u.id", "Cache Mode": "logical", "Cache Hits": 929829, "Cache Misses": 2375, "Cache Evictions": 0, "Cache Overflows": 0, "Peak Memory Usage": 1431, "Workers": [{"Worker Number": 0, "Cache Hits": 950900, "Cache Misses": 2259, "Cache Evictions": 0, "Cache Overflows": 0, "Peak Memory Usage": 1392}], "Plans": [{"Node Type": "Index Scan", "Parent Relationship": "Outer", "Parallel Aware": false, "Async Capable": false, "Scan Direction": "Forward", "Index Name": "idx_posthistory_userid", "Relation Name": "posthistory", "Alias": "ph", "Startup Cost": 0.42, "Total Cost": 0.93, "Plan Rows": 14, "Plan Width": 4, "Actual Rows": 15, "Actual Loops": 4634, "Index Cond": "(userid = u.id)", "Rows Removed by Index Recheck": 0, "Workers": []}]}]}]}]}]}, "Planning Time": 8.094, "Triggers": [], "Execution Time": 5844.546}, {"Plan": {"Node Type": "Aggregate", "Strategy": "Plain", "Partial Mode": "Finalize", "Parallel Aware": false, "Async Capable": false, "Startup Cost": 76779946.32, "Total Cost": 76779946.33, "Plan Rows": 1, "Plan Width": 8, "Actual Rows": 1, "Actual Loops": 1, "Plans": [{"Node Type": "Gather", "Parent Relationship": "Outer", "Parallel Aware": false, "Async Capable": false, "Startup Cost": 76779946.21, "Total Cost": 76779946.32, "Plan Rows": 1, "Plan Width": 8, "Actual Rows": 2, "Actual Loops": 1, "Workers Planned": 1, "Workers Launched": 1, "Single Copy": false, "Plans": [{"Node Type": "Aggregate", "Strategy": "Plain", "Partial Mode": "Partial", "Parent Relationship": "Outer", "Parallel Aware": false, "Async Capable": false, "Startup Cost": 76778946.21, "Total Cost": 76778946.22, "Plan Rows": 1, "Plan Width": 8, "Actual Rows": 1, "Actual Loops": 2, "Workers": [], "Plans": [{"Node Type": "Nested Loop", "Parent Relationship": "Outer", "Parallel Aware": false, "Async Capable": false, "Join Type": "Inner", "Startup Cost": 1.34, "Total Cost": 7095044.3, "Plan Rows": 27873560763, "Plan Width": 0, "Actual Rows": 127677904, "Actual Loops": 2, "Inner Unique": false, "Workers": [], "Plans": [{"Node Type": "Nested Loop", "Parent Relationship": "Outer", "Parallel Aware": false, "Async Capable": false, "Join Type": "Inner", "Startup Cost": 0.91, "Total Cost": 75890.36, "Plan Rows": 37240766, "Plan Width": 16, "Actual Rows": 942682, "Actual Loops": 2, "Inner Unique": false, "Join Filter": "(b.userid = u.id)", "Rows Removed by Join Filter": 0, "Workers": [], "Plans": [{"Node Type": "Nested Loop", "Parent Relationship": "Outer", "Parallel Aware": false, "Async Capable": false, "Join Type": "Inner", "Startup Cost": 0.6, "Total Cost": 18028.99, "Plan Rows": 952519, "Plan Width": 12, "Actual Rows": 59790, "Actual Loops": 2, "Inner Unique": false, "Join Filter": "(p.owneruserid = u.id)", "Rows Removed by Join Filter": 0, "Workers": [], "Plans": [{"Node Type": "Nested Loop", "Parent Relationship": "Outer", "Parallel Aware": false, "Async Capable": false, "Join Type": "Inner", "Startup Cost": 0.3, "Total Cost": 9601.11, "Plan Rows": 95542, "Plan Width": 8, "Actual Rows": 28814, "Actual Loops": 2, "Inner Unique": true, "Workers": [], "Plans": [{"Node Type": "Seq Scan", "Parent Relationship": "Outer", "Parallel Aware": true, "Async Capable": false, "Relation Name": "comments", "Alias": "c", "Startup Cost": 0.0, "Total Cost": 2881.99, "Plan Rows": 99635, "Plan Width": 4, "Actual Rows": 84656, "Actual Loops": 2, "Filter": "((creationdate >= '2010-08-19 09:33:49'::timestamp without time zone) AND (creationdate <= '2014-08-28 06:54:21'::timestamp without time zone))", "Rows Removed by Filter": 2497, "Workers": []}, {"Node Type": "Memoize", "Parent Relationship": "Inner", "Parallel Aware": false, "Async Capable": false, "Startup Cost": 0.3, "Total Cost": 0.33, "Plan Rows": 1, "Plan Width": 4, "Actual Rows": 0, "Actual Loops": 169311, "Cache Key": "c.userid", "Cache Mode": "logical", "Cache Hits": 75374, "Cache Misses": 9014, "Cache Evictions": 0, "Cache Overflows": 0, "Peak Memory Usage": 890, "Workers": [{"Worker Number": 0, "Cache Hits": 75717, "Cache Misses": 9206, "Cache Evictions": 0, "Cache Overflows": 0, "Peak Memory Usage": 910}], "Plans": [{"Node Type": "Index Scan", "Parent Relationship": "Outer", "Parallel Aware": false, "Async Capable": false, "Scan Direction": "Forward", "Index Name": "users_pkey", "Relation Name": "users", "Alias": "u", "Startup Cost": 0.29, "Total Cost": 0.32, "Plan Rows": 1, "Plan Width": 4, "Actual Rows": 1, "Actual Loops": 18220, "Index Cond": "(id = c.userid)", "Rows Removed by Index Recheck": 0, "Filter": "((downvotes <= 0) AND (upvotes >= 0) AND (upvotes <= 123))", "Rows Removed by Filter": 0, "Workers": []}]}]}, {"Node Type": "Memoize", "Parent Relationship": "Inner", "Parallel Aware": false, "Async Capable": false, "Startup Cost": 0.3, "Total Cost": 0.46, "Plan Rows": 1, "Plan Width": 4, "Actual Rows": 2, "Actual Loops": 57627, "Cache Key": "c.userid", "Cache Mode": "logical", "Cache Hits": 19969, "Cache Misses": 8271, "Cache Evictions": 0, "Cache Overflows": 0, "Peak Memory Usage": 786, "Workers": [{"Worker Number": 0, "Cache Hits": 20904, "Cache Misses": 8483, "Cache Evictions": 0, "Cache Overflows": 0, "Peak Memory Usage": 797}], "Plans": [{"Node Type": "Index Scan", "Parent Relationship": "Outer", "Parallel Aware": false, "Async Capable": false, "Scan Direction": "Forward", "Index Name": "idx_posts_owneruserid", "Relation Name": "posts", "Alias": "p", "Startup Cost": 0.29, "Total Cost": 0.45, "Plan Rows": 1, "Plan Width": 4, "Actual Rows": 1, "Actual Loops": 16754, "Index Cond": "(owneruserid = c.userid)", "Rows Removed by Index Recheck": 0, "Filter": "((viewcount >= 0) AND (viewcount <= 25597) AND (commentcount >= 0) AND (commentcount <= 11) AND (favoritecount >= 0) AND (posttypeid = 1))", "Rows Removed by Filter": 3, "Workers": []}]}]}, {"Node Type": "Memoize", "Parent Relationship": "Inner", "Parallel Aware": false, "Async Capable": false, "Startup Cost": 0.3, "Total Cost": 1.15, "Plan Rows": 3, "Plan Width": 4, "Actual Rows": 16, "Actual Loops": 119580, "Cache Key": "p.owneruserid", "Cache Mode": "logical", "Cache Hits": 56004, "Cache Misses": 3549, "Cache Evictions": 0, "Cache Overflows": 0, "Peak Memory Usage": 954, "Workers": [{"Worker Number": 0, "Cache Hits": 56539, "Cache Misses": 3488, "Cache Evictions": 0, "Cache Overflows": 0, "Peak Memory Usage": 941}], "Plans": [{"Node Type": "Index Scan", "Parent Relationship": "Outer", "Parallel Aware": false, "Async Capable": false, "Scan Direction": "Forward", "Index Name": "idx_badges_userid", "Relation Name": "badges", "Alias": "b", "Startup Cost": 0.29, "Total Cost": 1.14, "Plan Rows": 3, "Plan Width": 4, "Actual Rows": 6, "Actual Loops": 7037, "Index Cond": "(userid = p.owneruserid)", "Rows Removed by Index Recheck": 0, "Workers": []}]}]}, {"Node Type": "Memoize", "Parent Relationship": "Inner", "Parallel Aware": false, "Async Capable": false, "Startup Cost": 0.43, "Total Cost": 0.94, "Plan Rows": 14, "Plan Width": 4, "Actual Rows": 135, "Actual Loops": 1885363, "Cache Key": "u.id", "Cache Mode": "logical", "Cache Hits": 934279, "Cache Misses": 3516, "Cache Evictions": 0, "Cache Overflows": 0, "Peak Memory Usage": 2471, "Workers": [{"Worker Number": 0, "Cache Hits": 944113, "Cache Misses": 3455, "Cache Evictions": 0, "Cache Overflows": 0, "Peak Memory Usage": 2463}], "Plans": [{"Node Type": "Index Scan", "Parent Relationship": "Outer", "Parallel Aware": false, "Async Capable": false, "Scan Direction": "Forward", "Index Name": "idx_posthistory_userid", "Relation Name": "posthistory", "Alias": "ph", "Startup Cost": 0.42, "Total Cost": 0.93, "Plan Rows": 14, "Plan Width": 4, "Actual Rows": 18, "Actual Loops": 6971, "Index Cond": "(userid = u.id)", "Rows Removed by Index Recheck": 0, "Workers": []}]}]}]}]}]}, "Planning Time": 8.918, "Triggers": [], "Execution Time": 5907.178}]