[{"Plan": {"Node Type": "Aggregate", "Strategy": "Plain", "Partial Mode": "Simple", "Parallel Aware": false, "Async Capable": false, "Startup Cost": 10427.18, "Total Cost": 10427.19, "Plan Rows": 1, "Plan Width": 8, "Actual Rows": 1, "Actual Loops": 1, "Plans": [{"Node Type": "Nested Loop", "Parent Relationship": "Outer", "Parallel Aware": false, "Async Capable": false, "Join Type": "Inner", "Startup Cost": 3047.53, "Total Cost": 10364.09, "Plan Rows": 25233, "Plan Width": 0, "Actual Rows": 454094, "Actual Loops": 1, "Inner Unique": false, "Join Filter": "(p.id = v.postid)", "Rows Removed by Join Filter": 0, "Plans": [{"Node Type": "Nested Loop", "Parent Relationship": "Outer", "Parallel Aware": false, "Async Capable": false, "Join Type": "Inner", "Startup Cost": 3047.1, "Total Cost": 5966.76, "Plan Rows": 7084, "Plan Width": 16, "Actual Rows": 69251, "Actual Loops": 1, "Inner Unique": false, "Join Filter": "(p.id = ph.postid)", "Rows Removed by Join Filter": 0, "Plans": [{"Node Type": "Nested Loop", "Parent Relationship": "Outer", "Parallel Aware": false, "Async Capable": false, "Join Type": "Inner", "Startup Cost": 3046.68, "Total Cost": 4614.23, "Plan Rows": 2196, "Plan Width": 12, "Actual Rows": 10594, "Actual Loops": 1, "Inner Unique": false, "Plans": [{"Node Type": "Hash Join", "Parent Relationship": "Outer", "Parallel Aware": false, "Async Capable": false, "Join Type": "Inner", "Startup Cost": 3046.26, "Total Cost": 3320.48, "Plan Rows": 1165, "Plan Width": 8, "Actual Rows": 3167, "Actual Loops": 1, "Inner Unique": true, "Hash Cond": "(pl.postid = p.id)", "Plans": [{"Node Type": "Seq Scan", "Parent Relationship": "Outer", "Parallel Aware": false, "Async Capable": false, "Relation Name": "postlinks", "Alias": "pl", "Startup Cost": 0.0, "Total Cost": 248.53, "Plan Rows": 9788, "Plan Width": 4, "Actual Rows": 9803, "Actual Loops": 1, "Filter": "((creationdate <= '2014-08-11 17:26:31'::timestamp without time zone) AND (linktypeid = 1))", "Rows Removed by Filter": 1299}, {"Node Type": "Hash", "Parent Relationship": "Inner", "Parallel Aware": false, "Async Capable": false, "Startup Cost": 2909.46, "Total Cost": 2909.46, "Plan Rows": 10944, "Plan Width": 4, "Actual Rows": 11092, "Actual Loops": 1, "Hash Buckets": 16384, "Original Hash Buckets": 16384, "Hash Batches": 1, "Original Hash Batches": 1, "Peak Memory Usage": 518, "Plans": [{"Node Type": "Seq Scan", "Parent Relationship": "Outer", "Parallel Aware": false, "Async Capable": false, "Relation Name": "posts", "Alias": "p", "Startup Cost": 0.0, "Total Cost": 2909.46, "Plan Rows": 10944, "Plan Width": 4, "Actual Rows": 11092, "Actual Loops": 1, "Filter": "((score <= 44) AND (favoritecount >= 0) AND (favoritecount <= 3) AND (creationdate >= '2010-08-11 13:53:56'::timestamp without time zone) AND (creationdate <= '2014-09-03 11:52:36'::timestamp without time zone))", "Rows Removed by Filter": 80884}]}]}, {"Node Type": "Index Scan", "Parent Relationship": "Inner", "Parallel Aware": false, "Async Capable": false, "Scan Direction": "Forward", "Index Name": "idx_comments_postid", "Relation Name": "comments", "Alias": "c", "Startup Cost": 0.42, "Total Cost": 1.08, "Plan Rows": 3, "Plan Width": 4, "Actual Rows": 3, "Actual Loops": 3167, "Index Cond": "(postid = p.id)", "Rows Removed by Index Recheck": 0, "Filter": "(creationdate >= '2010-08-01 12:12:41'::timestamp without time zone)", "Rows Removed by Filter": 0}]}, {"Node Type": "Index Scan", "Parent Relationship": "Inner", "Parallel Aware": false, "Async Capable": false, "Scan Direction": "Forward", "Index Name": "idx_posthistory_postid", "Relation Name": "posthistory", "Alias": "ph", "Startup Cost": 0.42, "Total Cost": 0.57, "Plan Rows": 4, "Plan Width": 4, "Actual Rows": 7, "Actual Loops": 10594, "Index Cond": "(postid = c.postid)", "Rows Removed by Index Recheck": 0, "Filter": "(creationdate >= '2010-09-20 19:11:45'::timestamp without time zone)", "Rows Removed by Filter": 0}]}, {"Node Type": "Index Scan", "Parent Relationship": "Inner", "Parallel Aware": false, "Async Capable": false, "Scan Direction": "Forward", "Index Name": "idx_votes_postid", "Relation Name": "votes", "Alias": "v", "Startup Cost": 0.42, "Total Cost": 0.56, "Plan Rows": 5, "Plan Width": 4, "Actual Rows": 7, "Actual Loops": 69251, "Index Cond": "(postid = ph.postid)", "Rows Removed by Index Recheck": 0, "Filter": "(creationdate <= '2014-09-11 00:00:00'::timestamp without time zone)", "Rows Removed by Filter": 0}]}]}, "Planning Time": 6.451, "Triggers": [], "Execution Time": 292.776}, {"Plan": {"Node Type": "Aggregate", "Strategy": "Plain", "Partial Mode": "Simple", "Parallel Aware": false, "Async Capable": false, "Startup Cost": 50000059754.59, "Total Cost": 50000059754.6, "Plan Rows": 1, "Plan Width": 8, "Actual Rows": 1, "Actual Loops": 1, "Plans": [{"Node Type": "Hash Join", "Parent Relationship": "Outer", "Parallel Aware": false, "Async Capable": false, "Join Type": "Inner", "Startup Cost": 50000048495.55, "Total Cost": 50000059691.51, "Plan Rows": 25233, "Plan Width": 0, "Actual Rows": 454094, "Actual Loops": 1, "Inner Unique": false, "Hash Cond": "(ph.postid = p.id)", "Plans": [{"Node Type": "Index Scan", "Parent Relationship": "Outer", "Parallel Aware": false, "Async Capable": false, "Scan Direction": "Forward", "Index Name": "idx_posthistory_postid", "Relation Name": "posthistory", "Alias": "ph", "Startup Cost": 10000000000.42, "Total Cost": 10000009831.47, "Plan Rows": 296689, "Plan Width": 4, "Actual Rows": 296815, "Actual Loops": 1, "Filter": "(creationdate >= '2010-09-20 19:11:45'::timestamp without time zone)", "Rows Removed by Filter": 6372}, {"Node Type": "Hash", "Parent Relationship": "Inner", "Parallel Aware": false, "Async Capable": false, "Startup Cost": 40000048397.35, "Total Cost": 40000048397.35, "Plan Rows": 7822, "Plan Width": 16, "Actual Rows": 65948, "Actual Loops": 1, "Hash Buckets": 131072, "Original Hash Buckets": 8192, "Hash Batches": 1, "Original Hash Batches": 1, "Peak Memory Usage": 4116, "Plans": [{"Node Type": "Nested Loop", "Parent Relationship": "Outer", "Parallel Aware": false, "Async Capable": false, "Join Type": "Inner", "Startup Cost": 40000000001.72, "Total Cost": 40000048397.35, "Plan Rows": 7822, "Plan Width": 16, "Actual Rows": 65948, "Actual Loops": 1, "Inner Unique": false, "Join Filter": "(p.id = v.postid)", "Rows Removed by Join Filter": 0, "Plans": [{"Node Type": "Nested Loop", "Parent Relationship": "Outer", "Parallel Aware": false, "Async Capable": false, "Join Type": "Inner", "Startup Cost": 30000000001.25, "Total Cost": 30000038273.63, "Plan Rows": 2196, "Plan Width": 12, "Actual Rows": 10594, "Actual Loops": 1, "Inner Unique": false, "Plans": [{"Node Type": "Nested Loop", "Parent Relationship": "Outer", "Parallel Aware": false, "Async Capable": false, "Join Type": "Inner", "Startup Cost": 20000000000.7, "Total Cost": 20000032882.55, "Plan Rows": 1165, "Plan Width": 8, "Actual Rows": 3167, "Actual Loops": 1, "Inner Unique": true, "Plans": [{"Node Type": "Index Scan", "Parent Relationship": "Outer", "Parallel Aware": false, "Async Capable": false, "Scan Direction": "Forward", "Index Name": "idx_postlinks_postid", "Relation Name": "postlinks", "Alias": "pl", "Startup Cost": 10000000000.28, "Total Cost": 10000000450.8, "Plan Rows": 9788, "Plan Width": 4, "Actual Rows": 9803, "Actual Loops": 1, "Filter": "((creationdate <= '2014-08-11 17:26:31'::timestamp without time zone) AND (linktypeid = 1))", "Rows Removed by Filter": 1299}, {"Node Type": "Memoize", "Parent Relationship": "Inner", "Parallel Aware": false, "Async Capable": false, "Startup Cost": 0.41, "Total Cost": 4.44, "Plan Rows": 1, "Plan Width": 4, "Actual Rows": 0, "Actual Loops": 9803, "Cache Key": "pl.postid", "Cache Mode": "logical", "Cache Hits": 2693, "Cache Misses": 7110, "Cache Evictions": 0, "Cache Overflows": 0, "Peak Memory Usage": 553, "Plans": [{"Node Type": "Bitmap Heap Scan", "Parent Relationship": "Outer", "Parallel Aware": false, "Async Capable": false, "Relation Name": "posts", "Alias": "p", "Startup Cost": 0.4, "Total Cost": 4.43, "Plan Rows": 1, "Plan Width": 4, "Actual Rows": 0, "Actual Loops": 7110, "Recheck Cond": "(id = pl.postid)", "Rows Removed by Index Recheck": 0, "Filter": "((score <= 44) AND (favoritecount >= 0) AND (favoritecount <= 3) AND (creationdate >= '2010-08-11 13:53:56'::timestamp without time zone) AND (creationdate <= '2014-09-03 11:52:36'::timestamp without time zone))", "Rows Removed by Filter": 1, "Exact Heap Blocks": 7110, "Lossy Heap Blocks": 0, "Plans": [{"Node Type": "Bitmap Index Scan", "Parent Relationship": "Outer", "Parallel Aware": false, "Async Capable": false, "Index Name": "posts_pkey", "Startup Cost": 0.0, "Total Cost": 0.4, "Plan Rows": 1, "Plan Width": 0, "Actual Rows": 1, "Actual Loops": 7110, "Index Cond": "(id = pl.postid)"}]}]}]}, {"Node Type": "Bitmap Heap Scan", "Parent Relationship": "Inner", "Parallel Aware": false, "Async Capable": false, "Relation Name": "comments", "Alias": "c", "Startup Cost": 0.55, "Total Cost": 4.6, "Plan Rows": 3, "Plan Width": 4, "Actual Rows": 3, "Actual Loops": 3167, "Recheck Cond": "(postid = p.id)", "Rows Removed by Index Recheck": 0, "Filter": "(creationdate >= '2010-08-01 12:12:41'::timestamp without time zone)", "Rows Removed by Filter": 0, "Exact Heap Blocks": 4170, "Lossy Heap Blocks": 0, "Plans": [{"Node Type": "Bitmap Index Scan", "Parent Relationship": "Outer", "Parallel Aware": false, "Async Capable": false, "Index Name": "idx_comments_postid", "Startup Cost": 0.0, "Total Cost": 0.55, "Plan Rows": 3, "Plan Width": 0, "Actual Rows": 3, "Actual Loops": 3167, "Index Cond": "(postid = p.id)"}]}]}, {"Node Type": "Bitmap Heap Scan", "Parent Relationship": "Inner", "Parallel Aware": false, "Async Capable": false, "Relation Name": "votes", "Alias": "v", "Startup Cost": 0.47, "Total Cost": 4.55, "Plan Rows": 5, "Plan Width": 4, "Actual Rows": 6, "Actual Loops": 10594, "Recheck Cond": "(c.postid = postid)", "Rows Removed by Index Recheck": 0, "Filter": "(creationdate <= '2014-09-11 00:00:00'::timestamp without time zone)", "Rows Removed by Filter": 0, "Exact Heap Blocks": 38688, "Lossy Heap Blocks": 0, "Plans": [{"Node Type": "Bitmap Index Scan", "Parent Relationship": "Outer", "Parallel Aware": false, "Async Capable": false, "Index Name": "idx_votes_postid", "Startup Cost": 0.0, "Total Cost": 0.47, "Plan Rows": 5, "Plan Width": 0, "Actual Rows": 6, "Actual Loops": 10594, "Index Cond": "(postid = c.postid)"}]}]}]}]}]}, "Planning Time": 5.141, "Triggers": [], "Execution Time": 407.378}, {"Plan": {"Node Type": "Aggregate", "Strategy": "Plain", "Partial Mode": "Finalize", "Parallel Aware": false, "Async Capable": false, "Startup Cost": 32343.28, "Total Cost": 32343.29, "Plan Rows": 1, "Plan Width": 8, "Actual Rows": 1, "Actual Loops": 1, "Plans": [{"Node Type": "Gather", "Parent Relationship": "Outer", "Parallel Aware": false, "Async Capable": false, "Startup Cost": 32343.16, "Total Cost": 32343.27, "Plan Rows": 1, "Plan Width": 8, "Actual Rows": 2, "Actual Loops": 1, "Workers Planned": 1, "Workers Launched": 1, "Single Copy": false, "Plans": [{"Node Type": "Aggregate", "Strategy": "Plain", "Partial Mode": "Partial", "Parent Relationship": "Outer", "Parallel Aware": false, "Async Capable": false, "Startup Cost": 31343.16, "Total Cost": 31343.17, "Plan Rows": 1, "Plan Width": 8, "Actual Rows": 1, "Actual Loops": 2, "Workers": [], "Plans": [{"Node Type": "Hash Join", "Parent Relationship": "Outer", "Parallel Aware": true, "Async Capable": false, "Join Type": "Inner", "Startup Cost": 19390.62, "Total Cost": 31306.06, "Plan Rows": 14843, "Plan Width": 0, "Actual Rows": 227047, "Actual Loops": 2, "Inner Unique": false, "Hash Cond": "(v.postid = p.id)", "Workers": [], "Plans": [{"Node Type": "Index Scan", "Parent Relationship": "Outer", "Parallel Aware": true, "Async Capable": false, "Scan Direction": "Forward", "Index Name": "idx_votes_postid", "Relation Name": "votes", "Alias": "v", "Startup Cost": 0.42, "Total Cost": 11105.86, "Plan Rows": 192717, "Plan Width": 4, "Actual Rows": 163784, "Actual Loops": 2, "Filter": "(creationdate <= '2014-09-11 00:00:00'::timestamp without time zone)", "Rows Removed by Filter": 248, "Workers": []}, {"Node Type": "Hash", "Parent Relationship": "Inner", "Parallel Aware": true, "Async Capable": false, "Startup Cost": 19338.11, "Total Cost": 19338.11, "Plan Rows": 4167, "Plan Width": 16, "Actual Rows": 34626, "Actual Loops": 2, "Hash Buckets": 131072, "Original Hash Buckets": 8192, "Hash Batches": 1, "Original Hash Batches": 1, "Peak Memory Usage": 5248, "Workers": [], "Plans": [{"Node Type": "Hash Join", "Parent Relationship": "Outer", "Parallel Aware": true, "Async Capable": false, "Join Type": "Inner", "Startup Cost": 10388.6, "Total Cost": 19338.11, "Plan Rows": 4167, "Plan Width": 16, "Actual Rows": 34626, "Actual Loops": 2, "Inner Unique": false, "Hash Cond": "(ph.postid = p.id)", "Workers": [], "Plans": [{"Node Type": "Index Scan", "Parent Relationship": "Outer", "Parallel Aware": true, "Async Capable": false, "Scan Direction": "Forward", "Index Name": "idx_posthistory_postid", "Relation Name": "posthistory", "Alias": "ph", "Startup Cost": 0.42, "Total Cost": 8270.95, "Plan Rows": 174523, "Plan Width": 4, "Actual Rows": 148408, "Actual Loops": 2, "Filter": "(creationdate >= '2010-09-20 19:11:45'::timestamp without time zone)", "Rows Removed by Filter": 3186, "Workers": []}, {"Node Type": "Hash", "Parent Relationship": "Inner", "Parallel Aware": true, "Async Capable": false, "Startup Cost": 10372.03, "Total Cost": 10372.03, "Plan Rows": 1292, "Plan Width": 12, "Actual Rows": 5297, "Actual Loops": 2, "Hash Buckets": 16384, "Original Hash Buckets": 4096, "Hash Batches": 1, "Original Hash Batches": 1, "Peak Memory Usage": 736, "Workers": [], "Plans": [{"Node Type": "Hash Join", "Parent Relationship": "Outer", "Parallel Aware": false, "Async Capable": false, "Join Type": "Inner", "Startup Cost": 5017.15, "Total Cost": 10372.03, "Plan Rows": 1292, "Plan Width": 12, "Actual Rows": 5297, "Actual Loops": 2, "Inner Unique": false, "Hash Cond": "(c.postid = p.id)", "Workers": [], "Plans": [{"Node Type": "Index Scan", "Parent Relationship": "Outer", "Parallel Aware": true, "Async Capable": false, "Scan Direction": "Forward", "Index Name": "idx_comments_postid", "Relation Name": "comments", "Alias": "c", "Startup Cost": 0.42, "Total Cost": 4959.84, "Plan Rows": 102010, "Plan Width": 4, "Actual Rows": 86709, "Actual Loops": 2, "Filter": "(creationdate >= '2010-08-01 12:12:41'::timestamp without time zone)", "Rows Removed by Filter": 444, "Workers": []}, {"Node Type": "Hash", "Parent Relationship": "Inner", "Parallel Aware": false, "Async Capable": false, "Startup Cost": 5002.17, "Total Cost": 5002.17, "Plan Rows": 1165, "Plan Width": 8, "Actual Rows": 3167, "Actual Loops": 2, "Hash Buckets": 4096, "Original Hash Buckets": 2048, "Hash Batches": 1, "Original Hash Batches": 1, "Peak Memory Usage": 156, "Workers": [], "Plans": [{"Node Type": "Hash Join", "Parent Relationship": "Outer", "Parallel Aware": false, "Async Capable": false, "Join Type": "Inner", "Startup Cost": 4525.95, "Total Cost": 5002.17, "Plan Rows": 1165, "Plan Width": 8, "Actual Rows": 3167, "Actual Loops": 2, "Inner Unique": true, "Hash Cond": "(pl.postid = p.id)", "Workers": [], "Plans": [{"Node Type": "Index Scan", "Parent Relationship": "Outer", "Parallel Aware": false, "Async Capable": false, "Scan Direction": "Forward", "Index Name": "idx_postlinks_postid", "Relation Name": "postlinks", "Alias": "pl", "Startup Cost": 0.29, "Total Cost": 450.8, "Plan Rows": 9788, "Plan Width": 4, "Actual Rows": 9803, "Actual Loops": 2, "Filter": "((creationdate <= '2014-08-11 17:26:31'::timestamp without time zone) AND (linktypeid = 1))", "Rows Removed by Filter": 1299, "Workers": []}, {"Node Type": "Hash", "Parent Relationship": "Inner", "Parallel Aware": false, "Async Capable": false, "Startup Cost": 4388.87, "Total Cost": 4388.87, "Plan Rows": 10944, "Plan Width": 4, "Actual Rows": 11092, "Actual Loops": 2, "Hash Buckets": 16384, "Original Hash Buckets": 16384, "Hash Batches": 1, "Original Hash Batches": 1, "Peak Memory Usage": 518, "Workers": [], "Plans": [{"Node Type": "Index Scan", "Parent Relationship": "Outer", "Parallel Aware": false, "Async Capable": false, "Scan Direction": "Forward", "Index Name": "posts_pkey", "Relation Name": "posts", "Alias": "p", "Startup Cost": 0.29, "Total Cost": 4388.87, "Plan Rows": 10944, "Plan Width": 4, "Actual Rows": 11092, "Actual Loops": 2, "Filter": "((score <= 44) AND (favoritecount >= 0) AND (favoritecount <= 3) AND (creationdate >= '2010-08-11 13:53:56'::timestamp without time zone) AND (creationdate <= '2014-09-03 11:52:36'::timestamp without time zone))", "Rows Removed by Filter": 80884, "Workers": []}]}]}]}]}]}]}]}]}]}]}]}, "Planning Time": 10.691, "Triggers": [], "Execution Time": 481.38}, {"Plan": {"Node Type": "Aggregate", "Strategy": "Plain", "Partial Mode": "Finalize", "Parallel Aware": false, "Async Capable": false, "Startup Cost": 32034.02, "Total Cost": 32034.03, "Plan Rows": 1, "Plan Width": 8, "Actual Rows": 1, "Actual Loops": 1, "Plans": [{"Node Type": "Gather", "Parent Relationship": "Outer", "Parallel Aware": false, "Async Capable": false, "Startup Cost": 32033.91, "Total Cost": 32034.02, "Plan Rows": 1, "Plan Width": 8, "Actual Rows": 2, "Actual Loops": 1, "Workers Planned": 1, "Workers Launched": 1, "Single Copy": false, "Plans": [{"Node Type": "Aggregate", "Strategy": "Plain", "Partial Mode": "Partial", "Parent Relationship": "Outer", "Parallel Aware": false, "Async Capable": false, "Startup Cost": 31033.91, "Total Cost": 31033.92, "Plan Rows": 1, "Plan Width": 8, "Actual Rows": 1, "Actual Loops": 2, "Workers": [], "Plans": [{"Node Type": "Hash Join", "Parent Relationship": "Outer", "Parallel Aware": true, "Async Capable": false, "Join Type": "Inner", "Startup Cost": 21984.51, "Total Cost": 30996.8, "Plan Rows": 14843, "Plan Width": 0, "Actual Rows": 227047, "Actual Loops": 2, "Inner Unique": false, "Hash Cond": "(ph.postid = p.id)", "Workers": [], "Plans": [{"Node Type": "Index Scan", "Parent Relationship": "Outer", "Parallel Aware": true, "Async Capable": false, "Scan Direction": "Forward", "Index Name": "idx_posthistory_postid", "Relation Name": "posthistory", "Alias": "ph", "Startup Cost": 0.42, "Total Cost": 8270.95, "Plan Rows": 174523, "Plan Width": 4, "Actual Rows": 148408, "Actual Loops": 2, "Filter": "(creationdate >= '2010-09-20 19:11:45'::timestamp without time zone)", "Rows Removed by Filter": 3186, "Workers": []}, {"Node Type": "Hash", "Parent Relationship": "Inner", "Parallel Aware": true, "Async Capable": false, "Startup Cost": 21926.57, "Total Cost": 21926.57, "Plan Rows": 4601, "Plan Width": 16, "Actual Rows": 32974, "Actual Loops": 2, "Hash Buckets": 65536, "Original Hash Buckets": 8192, "Hash Batches": 1, "Original Hash Batches": 1, "Peak Memory Usage": 4064, "Workers": [], "Plans": [{"Node Type": "Hash Join", "Parent Relationship": "Outer", "Parallel Aware": true, "Async Capable": false, "Join Type": "Inner", "Startup Cost": 16557.54, "Total Cost": 21926.57, "Plan Rows": 4601, "Plan Width": 16, "Actual Rows": 32974, "Actual Loops": 2, "Inner Unique": false, "Hash Cond": "(c.postid = p.id)", "Workers": [], "Plans": [{"Node Type": "Index Scan", "Parent Relationship": "Outer", "Parallel Aware": true, "Async Capable": false, "Scan Direction": "Forward", "Index Name": "idx_comments_postid", "Relation Name": "comments", "Alias": "c", "Startup Cost": 0.42, "Total Cost": 4959.84, "Plan Rows": 102010, "Plan Width": 4, "Actual Rows": 86709, "Actual Loops": 2, "Filter": "(creationdate >= '2010-08-01 12:12:41'::timestamp without time zone)", "Rows Removed by Filter": 444, "Workers": []}, {"Node Type": "Hash", "Parent Relationship": "Inner", "Parallel Aware": true, "Async Capable": false, "Startup Cost": 16526.61, "Total Cost": 16526.61, "Plan Rows": 2441, "Plan Width": 12, "Actual Rows": 9048, "Actual Loops": 2, "Hash Buckets": 32768, "Original Hash Buckets": 8192, "Hash Batches": 1, "Original Hash Batches": 1, "Peak Memory Usage": 1344, "Workers": [], "Plans": [{"Node Type": "Merge Join", "Parent Relationship": "Outer", "Parallel Aware": false, "Async Capable": false, "Join Type": "Inner", "Startup Cost": 1.0, "Total Cost": 16526.61, "Plan Rows": 2441, "Plan Width": 12, "Actual Rows": 9048, "Actual Loops": 2, "Inner Unique": false, "Merge Cond": "(v.postid = p.id)", "Workers": [], "Plans": [{"Node Type": "Index Scan", "Parent Relationship": "Outer", "Parallel Aware": true, "Async Capable": false, "Scan Direction": "Forward", "Index Name": "idx_votes_postid", "Relation Name": "votes", "Alias": "v", "Startup Cost": 0.42, "Total Cost": 11105.86, "Plan Rows": 192717, "Plan Width": 4, "Actual Rows": 160858, "Actual Loops": 2, "Filter": "(creationdate <= '2014-09-11 00:00:00'::timestamp without time zone)", "Rows Removed by Filter": 86, "Workers": []}, {"Node Type": "Materialize", "Parent Relationship": "Inner", "Parallel Aware": false, "Async Capable": false, "Startup Cost": 0.58, "Total Cost": 4905.26, "Plan Rows": 1165, "Plan Width": 8, "Actual Rows": 10650, "Actual Loops": 2, "Workers": [], "Plans": [{"Node Type": "Merge Join", "Parent Relationship": "Outer", "Parallel Aware": false, "Async Capable": false, "Join Type": "Inner", "Startup Cost": 0.58, "Total Cost": 4902.35, "Plan Rows": 1165, "Plan Width": 8, "Actual Rows": 3167, "Actual Loops": 2, "Inner Unique": false, "Merge Cond": "(p.id = pl.postid)", "Workers": [], "Plans": [{"Node Type": "Index Scan", "Parent Relationship": "Outer", "Parallel Aware": false, "Async Capable": false, "Scan Direction": "Forward", "Index Name": "posts_pkey", "Relation Name": "posts", "Alias": "p", "Startup Cost": 0.29, "Total Cost": 4388.87, "Plan Rows": 10944, "Plan Width": 4, "Actual Rows": 10916, "Actual Loops": 2, "Filter": "((score <= 44) AND (favoritecount >= 0) AND (favoritecount <= 3) AND (creationdate >= '2010-08-11 13:53:56'::timestamp without time zone) AND (creationdate <= '2014-09-03 11:52:36'::timestamp without time zone))", "Rows Removed by Filter": 77520, "Workers": []}, {"Node Type": "Index Scan", "Parent Relationship": "Inner", "Parallel Aware": false, "Async Capable": false, "Scan Direction": "Forward", "Index Name": "idx_postlinks_postid", "Relation Name": "postlinks", "Alias": "pl", "Startup Cost": 0.29, "Total Cost": 450.8, "Plan Rows": 9788, "Plan Width": 4, "Actual Rows": 9803, "Actual Loops": 2, "Filter": "((creationdate <= '2014-08-11 17:26:31'::timestamp without time zone) AND (linktypeid = 1))", "Rows Removed by Filter": 1299, "Workers": []}]}]}]}]}]}]}]}]}]}]}, "Planning Time": 11.723, "Triggers": [], "Execution Time": 481.047}, {"Plan": {"Node Type": "Aggregate", "Strategy": "Plain", "Partial Mode": "Simple", "Parallel Aware": false, "Async Capable": false, "Startup Cost": 12009.04, "Total Cost": 12009.05, "Plan Rows": 1, "Plan Width": 8, "Actual Rows": 1, "Actual Loops": 1, "Plans": [{"Node Type": "Nested Loop", "Parent Relationship": "Outer", "Parallel Aware": false, "Async Capable": false, "Join Type": "Inner", "Startup Cost": 1.84, "Total Cost": 11945.96, "Plan Rows": 25233, "Plan Width": 0, "Actual Rows": 454094, "Actual Loops": 1, "Inner Unique": false, "Join Filter": "(p.id = v.postid)", "Rows Removed by Join Filter": 0, "Plans": [{"Node Type": "Nested Loop", "Parent Relationship": "Outer", "Parallel Aware": false, "Async Capable": false, "Join Type": "Inner", "Startup Cost": 1.42, "Total Cost": 7548.62, "Plan Rows": 7084, "Plan Width": 16, "Actual Rows": 69251, "Actual Loops": 1, "Inner Unique": false, "Join Filter": "(p.id = ph.postid)", "Rows Removed by Join Filter": 0, "Plans": [{"Node Type": "Nested Loop", "Parent Relationship": "Outer", "Parallel Aware": false, "Async Capable": false, "Join Type": "Inner", "Startup Cost": 1.0, "Total Cost": 6196.09, "Plan Rows": 2196, "Plan Width": 12, "Actual Rows": 10594, "Actual Loops": 1, "Inner Unique": false, "Plans": [{"Node Type": "Merge Join", "Parent Relationship": "Outer", "Parallel Aware": false, "Async Capable": false, "Join Type": "Inner", "Startup Cost": 0.58, "Total Cost": 4902.35, "Plan Rows": 1165, "Plan Width": 8, "Actual Rows": 3167, "Actual Loops": 1, "Inner Unique": false, "Merge Cond": "(p.id = pl.postid)", "Plans": [{"Node Type": "Index Scan", "Parent Relationship": "Outer", "Parallel Aware": false, "Async Capable": false, "Scan Direction": "Forward", "Index Name": "posts_pkey", "Relation Name": "posts", "Alias": "p", "Startup Cost": 0.29, "Total Cost": 4388.87, "Plan Rows": 10944, "Plan Width": 4, "Actual Rows": 10916, "Actual Loops": 1, "Filter": "((score <= 44) AND (favoritecount >= 0) AND (favoritecount <= 3) AND (creationdate >= '2010-08-11 13:53:56'::timestamp without time zone) AND (creationdate <= '2014-09-03 11:52:36'::timestamp without time zone))", "Rows Removed by Filter": 77520}, {"Node Type": "Index Scan", "Parent Relationship": "Inner", "Parallel Aware": false, "Async Capable": false, "Scan Direction": "Forward", "Index Name": "idx_postlinks_postid", "Relation Name": "postlinks", "Alias": "pl", "Startup Cost": 0.29, "Total Cost": 450.8, "Plan Rows": 9788, "Plan Width": 4, "Actual Rows": 9803, "Actual Loops": 1, "Filter": "((creationdate <= '2014-08-11 17:26:31'::timestamp without time zone) AND (linktypeid = 1))", "Rows Removed by Filter": 1299}]}, {"Node Type": "Index Scan", "Parent Relationship": "Inner", "Parallel Aware": false, "Async Capable": false, "Scan Direction": "Forward", "Index Name": "idx_comments_postid", "Relation Name": "comments", "Alias": "c", "Startup Cost": 0.42, "Total Cost": 1.08, "Plan Rows": 3, "Plan Width": 4, "Actual Rows": 3, "Actual Loops": 3167, "Index Cond": "(postid = p.id)", "Rows Removed by Index Recheck": 0, "Filter": "(creationdate >= '2010-08-01 12:12:41'::timestamp without time zone)", "Rows Removed by Filter": 0}]}, {"Node Type": "Index Scan", "Parent Relationship": "Inner", "Parallel Aware": false, "Async Capable": false, "Scan Direction": "Forward", "Index Name": "idx_posthistory_postid", "Relation Name": "posthistory", "Alias": "ph", "Startup Cost": 0.42, "Total Cost": 0.57, "Plan Rows": 4, "Plan Width": 4, "Actual Rows": 7, "Actual Loops": 10594, "Index Cond": "(postid = c.postid)", "Rows Removed by Index Recheck": 0, "Filter": "(creationdate >= '2010-09-20 19:11:45'::timestamp without time zone)", "Rows Removed by Filter": 0}]}, {"Node Type": "Index Scan", "Parent Relationship": "Inner", "Parallel Aware": false, "Async Capable": false, "Scan Direction": "Forward", "Index Name": "idx_votes_postid", "Relation Name": "votes", "Alias": "v", "Startup Cost": 0.42, "Total Cost": 0.56, "Plan Rows": 5, "Plan Width": 4, "Actual Rows": 7, "Actual Loops": 69251, "Index Cond": "(postid = ph.postid)", "Rows Removed by Index Recheck": 0, "Filter": "(creationdate <= '2014-09-11 00:00:00'::timestamp without time zone)", "Rows Removed by Filter": 0}]}]}, "Planning Time": 6.432, "Triggers": [], "Execution Time": 298.484}, {"Plan": {"Node Type": "Aggregate", "Strategy": "Plain", "Partial Mode": "Finalize", "Parallel Aware": false, "Async Capable": false, "Startup Cost": 17992.15, "Total Cost": 17992.16, "Plan Rows": 1, "Plan Width": 8, "Actual Rows": 1, "Actual Loops": 1, "Plans": [{"Node Type": "Gather", "Parent Relationship": "Outer", "Parallel Aware": false, "Async Capable": false, "Startup Cost": 17992.03, "Total Cost": 17992.14, "Plan Rows": 1, "Plan Width": 8, "Actual Rows": 2, "Actual Loops": 1, "Workers Planned": 1, "Workers Launched": 1, "Single Copy": false, "Plans": [{"Node Type": "Aggregate", "Strategy": "Plain", "Partial Mode": "Partial", "Parent Relationship": "Outer", "Parallel Aware": false, "Async Capable": false, "Startup Cost": 16992.03, "Total Cost": 16992.04, "Plan Rows": 1, "Plan Width": 8, "Actual Rows": 1, "Actual Loops": 2, "Workers": [], "Plans": [{"Node Type": "Hash Join", "Parent Relationship": "Outer", "Parallel Aware": true, "Async Capable": false, "Join Type": "Inner", "Startup Cost": 11572.69, "Total Cost": 16954.93, "Plan Rows": 14843, "Plan Width": 0, "Actual Rows": 227047, "Actual Loops": 2, "Inner Unique": false, "Hash Cond": "(v.postid = p.id)", "Workers": [], "Plans": [{"Node Type": "Seq Scan", "Parent Relationship": "Outer", "Parallel Aware": true, "Async Capable": false, "Relation Name": "votes", "Alias": "v", "Startup Cost": 0.0, "Total Cost": 4572.24, "Plan Rows": 192717, "Plan Width": 4, "Actual Rows": 163784, "Actual Loops": 2, "Filter": "(creationdate <= '2014-09-11 00:00:00'::timestamp without time zone)", "Rows Removed by Filter": 248, "Workers": []}, {"Node Type": "Hash", "Parent Relationship": "Inner", "Parallel Aware": true, "Async Capable": false, "Startup Cost": 11520.61, "Total Cost": 11520.61, "Plan Rows": 4167, "Plan Width": 16, "Actual Rows": 34626, "Actual Loops": 2, "Hash Buckets": 131072, "Original Hash Buckets": 8192, "Hash Batches": 1, "Original Hash Batches": 1, "Peak Memory Usage": 5248, "Workers": [], "Plans": [{"Node Type": "Hash Join", "Parent Relationship": "Outer", "Parallel Aware": true, "Async Capable": false, "Join Type": "Inner", "Startup Cost": 6372.31, "Total Cost": 11520.61, "Plan Rows": 4167, "Plan Width": 16, "Actual Rows": 34626, "Actual Loops": 2, "Inner Unique": false, "Hash Cond": "(ph.postid = p.id)", "Workers": [], "Plans": [{"Node Type": "Seq Scan", "Parent Relationship": "Outer", "Parallel Aware": true, "Async Capable": false, "Relation Name": "posthistory", "Alias": "ph", "Startup Cost": 0.0, "Total Cost": 4469.32, "Plan Rows": 174523, "Plan Width": 4, "Actual Rows": 148408, "Actual Loops": 2, "Filter": "(creationdate >= '2010-09-20 19:11:45'::timestamp without time zone)", "Rows Removed by Filter": 3186, "Workers": []}, {"Node Type": "Hash", "Parent Relationship": "Inner", "Parallel Aware": true, "Async Capable": false, "Startup Cost": 6356.16, "Total Cost": 6356.16, "Plan Rows": 1292, "Plan Width": 12, "Actual Rows": 5297, "Actual Loops": 2, "Hash Buckets": 16384, "Original Hash Buckets": 4096, "Hash Batches": 1, "Original Hash Batches": 1, "Peak Memory Usage": 736, "Workers": [], "Plans": [{"Node Type": "Hash Join", "Parent Relationship": "Outer", "Parallel Aware": false, "Async Capable": false, "Join Type": "Inner", "Startup Cost": 3335.05, "Total Cost": 6356.16, "Plan Rows": 1292, "Plan Width": 12, "Actual Rows": 5297, "Actual Loops": 2, "Inner Unique": false, "Hash Cond": "(c.postid = p.id)", "Workers": [], "Plans": [{"Node Type": "Seq Scan", "Parent Relationship": "Outer", "Parallel Aware": true, "Async Capable": false, "Relation Name": "comments", "Alias": "c", "Startup Cost": 0.0, "Total Cost": 2625.65, "Plan Rows": 102010, "Plan Width": 4, "Actual Rows": 86709, "Actual Loops": 2, "Filter": "(creationdate >= '2010-08-01 12:12:41'::timestamp without time zone)", "Rows Removed by Filter": 444, "Workers": []}, {"Node Type": "Hash", "Parent Relationship": "Inner", "Parallel Aware": false, "Async Capable": false, "Startup Cost": 3320.48, "Total Cost": 3320.48, "Plan Rows": 1165, "Plan Width": 8, "Actual Rows": 3167, "Actual Loops": 2, "Hash Buckets": 4096, "Original Hash Buckets": 2048, "Hash Batches": 1, "Original Hash Batches": 1, "Peak Memory Usage": 156, "Workers": [], "Plans": [{"Node Type": "Hash Join", "Parent Relationship": "Outer", "Parallel Aware": false, "Async Capable": false, "Join Type": "Inner", "Startup Cost": 3046.26, "Total Cost": 3320.48, "Plan Rows": 1165, "Plan Width": 8, "Actual Rows": 3167, "Actual Loops": 2, "Inner Unique": true, "Hash Cond": "(pl.postid = p.id)", "Workers": [], "Plans": [{"Node Type": "Seq Scan", "Parent Relationship": "Outer", "Parallel Aware": false, "Async Capable": false, "Relation Name": "postlinks", "Alias": "pl", "Startup Cost": 0.0, "Total Cost": 248.53, "Plan Rows": 9788, "Plan Width": 4, "Actual Rows": 9803, "Actual Loops": 2, "Filter": "((creationdate <= '2014-08-11 17:26:31'::timestamp without time zone) AND (linktypeid = 1))", "Rows Removed by Filter": 1299, "Workers": []}, {"Node Type": "Hash", "Parent Relationship": "Inner", "Parallel Aware": false, "Async Capable": false, "Startup Cost": 2909.46, "Total Cost": 2909.46, "Plan Rows": 10944, "Plan Width": 4, "Actual Rows": 11092, "Actual Loops": 2, "Hash Buckets": 16384, "Original Hash Buckets": 16384, "Hash Batches": 1, "Original Hash Batches": 1, "Peak Memory Usage": 518, "Workers": [], "Plans": [{"Node Type": "Seq Scan", "Parent Relationship": "Outer", "Parallel Aware": false, "Async Capable": false, "Relation Name": "posts", "Alias": "p", "Startup Cost": 0.0, "Total Cost": 2909.46, "Plan Rows": 10944, "Plan Width": 4, "Actual Rows": 11092, "Actual Loops": 2, "Filter": "((score <= 44) AND (favoritecount >= 0) AND (favoritecount <= 3) AND (creationdate >= '2010-08-11 13:53:56'::timestamp without time zone) AND (creationdate <= '2014-09-03 11:52:36'::timestamp without time zone))", "Rows Removed by Filter": 80884, "Workers": []}]}]}]}]}]}]}]}]}]}]}]}, "Planning Time": 13.72, "Triggers": [], "Execution Time": 227.629}, {"Plan": {"Node Type": "Aggregate", "Strategy": "Plain", "Partial Mode": "Simple", "Parallel Aware": false, "Async Capable": false, "Startup Cost": 12108.86, "Total Cost": 12108.87, "Plan Rows": 1, "Plan Width": 8, "Actual Rows": 1, "Actual Loops": 1, "Plans": [{"Node Type": "Nested Loop", "Parent Relationship": "Outer", "Parallel Aware": false, "Async Capable": false, "Join Type": "Inner", "Startup Cost": 4527.22, "Total Cost": 12045.78, "Plan Rows": 25233, "Plan Width": 0, "Actual Rows": 454094, "Actual Loops": 1, "Inner Unique": false, "Join Filter": "(p.id = v.postid)", "Rows Removed by Join Filter": 0, "Plans": [{"Node Type": "Nested Loop", "Parent Relationship": "Outer", "Parallel Aware": false, "Async Capable": false, "Join Type": "Inner", "Startup Cost": 4526.8, "Total Cost": 7648.45, "Plan Rows": 7084, "Plan Width": 16, "Actual Rows": 69251, "Actual Loops": 1, "Inner Unique": false, "Join Filter": "(p.id = ph.postid)", "Rows Removed by Join Filter": 0, "Plans": [{"Node Type": "Nested Loop", "Parent Relationship": "Outer", "Parallel Aware": false, "Async Capable": false, "Join Type": "Inner", "Startup Cost": 4526.37, "Total Cost": 6295.91, "Plan Rows": 2196, "Plan Width": 12, "Actual Rows": 10594, "Actual Loops": 1, "Inner Unique": false, "Plans": [{"Node Type": "Hash Join", "Parent Relationship": "Outer", "Parallel Aware": false, "Async Capable": false, "Join Type": "Inner", "Startup Cost": 4525.95, "Total Cost": 5002.17, "Plan Rows": 1165, "Plan Width": 8, "Actual Rows": 3167, "Actual Loops": 1, "Inner Unique": true, "Hash Cond": "(pl.postid = p.id)", "Plans": [{"Node Type": "Index Scan", "Parent Relationship": "Outer", "Parallel Aware": false, "Async Capable": false, "Scan Direction": "Forward", "Index Name": "idx_postlinks_postid", "Relation Name": "postlinks", "Alias": "pl", "Startup Cost": 0.29, "Total Cost": 450.8, "Plan Rows": 9788, "Plan Width": 4, "Actual Rows": 9803, "Actual Loops": 1, "Filter": "((creationdate <= '2014-08-11 17:26:31'::timestamp without time zone) AND (linktypeid = 1))", "Rows Removed by Filter": 1299}, {"Node Type": "Hash", "Parent Relationship": "Inner", "Parallel Aware": false, "Async Capable": false, "Startup Cost": 4388.87, "Total Cost": 4388.87, "Plan Rows": 10944, "Plan Width": 4, "Actual Rows": 11092, "Actual Loops": 1, "Hash Buckets": 16384, "Original Hash Buckets": 16384, "Hash Batches": 1, "Original Hash Batches": 1, "Peak Memory Usage": 518, "Plans": [{"Node Type": "Index Scan", "Parent Relationship": "Outer", "Parallel Aware": false, "Async Capable": false, "Scan Direction": "Forward", "Index Name": "posts_pkey", "Relation Name": "posts", "Alias": "p", "Startup Cost": 0.29, "Total Cost": 4388.87, "Plan Rows": 10944, "Plan Width": 4, "Actual Rows": 11092, "Actual Loops": 1, "Filter": "((score <= 44) AND (favoritecount >= 0) AND (favoritecount <= 3) AND (creationdate >= '2010-08-11 13:53:56'::timestamp without time zone) AND (creationdate <= '2014-09-03 11:52:36'::timestamp without time zone))", "Rows Removed by Filter": 80884}]}]}, {"Node Type": "Index Scan", "Parent Relationship": "Inner", "Parallel Aware": false, "Async Capable": false, "Scan Direction": "Forward", "Index Name": "idx_comments_postid", "Relation Name": "comments", "Alias": "c", "Startup Cost": 0.42, "Total Cost": 1.08, "Plan Rows": 3, "Plan Width": 4, "Actual Rows": 3, "Actual Loops": 3167, "Index Cond": "(postid = p.id)", "Rows Removed by Index Recheck": 0, "Filter": "(creationdate >= '2010-08-01 12:12:41'::timestamp without time zone)", "Rows Removed by Filter": 0}]}, {"Node Type": "Index Scan", "Parent Relationship": "Inner", "Parallel Aware": false, "Async Capable": false, "Scan Direction": "Forward", "Index Name": "idx_posthistory_postid", "Relation Name": "posthistory", "Alias": "ph", "Startup Cost": 0.42, "Total Cost": 0.57, "Plan Rows": 4, "Plan Width": 4, "Actual Rows": 7, "Actual Loops": 10594, "Index Cond": "(postid = c.postid)", "Rows Removed by Index Recheck": 0, "Filter": "(creationdate >= '2010-09-20 19:11:45'::timestamp without time zone)", "Rows Removed by Filter": 0}]}, {"Node Type": "Index Scan", "Parent Relationship": "Inner", "Parallel Aware": false, "Async Capable": false, "Scan Direction": "Forward", "Index Name": "idx_votes_postid", "Relation Name": "votes", "Alias": "v", "Startup Cost": 0.42, "Total Cost": 0.56, "Plan Rows": 5, "Plan Width": 4, "Actual Rows": 7, "Actual Loops": 69251, "Index Cond": "(postid = ph.postid)", "Rows Removed by Index Recheck": 0, "Filter": "(creationdate <= '2014-09-11 00:00:00'::timestamp without time zone)", "Rows Removed by Filter": 0}]}]}, "Planning Time": 5.072, "Triggers": [], "Execution Time": 310.942}, {"Plan": {"Node Type": "Aggregate", "Strategy": "Plain", "Partial Mode": "Simple", "Parallel Aware": false, "Async Capable": false, "Startup Cost": 50000027741.72, "Total Cost": 50000027741.73, "Plan Rows": 1, "Plan Width": 8, "Actual Rows": 1, "Actual Loops": 1, "Plans": [{"Node Type": "Merge Join", "Parent Relationship": "Outer", "Parallel Aware": false, "Async Capable": false, "Join Type": "Inner", "Startup Cost": 50000000002.06, "Total Cost": 50000027678.64, "Plan Rows": 25233, "Plan Width": 0, "Actual Rows": 454094, "Actual Loops": 1, "Inner Unique": false, "Merge Cond": "(p.id = ph.postid)", "Plans": [{"Node Type": "Merge Join", "Parent Relationship": "Outer", "Parallel Aware": false, "Async Capable": false, "Join Type": "Inner", "Startup Cost": 40000000001.64, "Total Cost": 40000016833.57, "Plan Rows": 7822, "Plan Width": 16, "Actual Rows": 65948, "Actual Loops": 1, "Inner Unique": false, "Merge Cond": "(p.id = c.postid)", "Plans": [{"Node Type": "Nested Loop", "Parent Relationship": "Outer", "Parallel Aware": false, "Async Capable": false, "Join Type": "Inner", "Startup Cost": 30000000001.22, "Total Cost": 30000010454.4, "Plan Rows": 4150, "Plan Width": 12, "Actual Rows": 18097, "Actual Loops": 1, "Inner Unique": false, "Plans": [{"Node Type": "Merge Join", "Parent Relationship": "Outer", "Parallel Aware": false, "Async Capable": false, "Join Type": "Inner", "Startup Cost": 20000000000.58, "Total Cost": 20000004902.35, "Plan Rows": 1165, "Plan Width": 8, "Actual Rows": 3167, "Actual Loops": 1, "Inner Unique": false, "Merge Cond": "(p.id = pl.postid)", "Plans": [{"Node Type": "Index Scan", "Parent Relationship": "Outer", "Parallel Aware": false, "Async Capable": false, "Scan Direction": "Forward", "Index Name": "posts_pkey", "Relation Name": "posts", "Alias": "p", "Startup Cost": 10000000000.29, "Total Cost": 10000004388.87, "Plan Rows": 10944, "Plan Width": 4, "Actual Rows": 10916, "Actual Loops": 1, "Filter": "((score <= 44) AND (favoritecount >= 0) AND (favoritecount <= 3) AND (creationdate >= '2010-08-11 13:53:56'::timestamp without time zone) AND (creationdate <= '2014-09-03 11:52:36'::timestamp without time zone))", "Rows Removed by Filter": 77520}, {"Node Type": "Index Scan", "Parent Relationship": "Inner", "Parallel Aware": false, "Async Capable": false, "Scan Direction": "Forward", "Index Name": "idx_postlinks_postid", "Relation Name": "postlinks", "Alias": "pl", "Startup Cost": 10000000000.28, "Total Cost": 10000000450.8, "Plan Rows": 9788, "Plan Width": 4, "Actual Rows": 9803, "Actual Loops": 1, "Filter": "((creationdate <= '2014-08-11 17:26:31'::timestamp without time zone) AND (linktypeid = 1))", "Rows Removed by Filter": 1299}]}, {"Node Type": "Bitmap Heap Scan", "Parent Relationship": "Inner", "Parallel Aware": false, "Async Capable": false, "Relation Name": "votes", "Alias": "v", "Startup Cost": 0.64, "Total Cost": 4.72, "Plan Rows": 5, "Plan Width": 4, "Actual Rows": 6, "Actual Loops": 3167, "Recheck Cond": "(p.id = postid)", "Rows Removed by Index Recheck": 0, "Filter": "(creationdate <= '2014-09-11 00:00:00'::timestamp without time zone)", "Rows Removed by Filter": 0, "Exact Heap Blocks": 10968, "Lossy Heap Blocks": 0, "Plans": [{"Node Type": "Bitmap Index Scan", "Parent Relationship": "Outer", "Parallel Aware": false, "Async Capable": false, "Index Name": "idx_votes_postid", "Startup Cost": 0.0, "Total Cost": 0.64, "Plan Rows": 5, "Plan Width": 0, "Actual Rows": 6, "Actual Loops": 3167, "Index Cond": "(postid = p.id)"}]}]}, {"Node Type": "Index Scan", "Parent Relationship": "Inner", "Parallel Aware": false, "Async Capable": false, "Scan Direction": "Forward", "Index Name": "idx_comments_postid", "Relation Name": "comments", "Alias": "c", "Startup Cost": 10000000000.42, "Total Cost": 10000005857.0, "Plan Rows": 173417, "Plan Width": 4, "Actual Rows": 226179, "Actual Loops": 1, "Filter": "(creationdate >= '2010-08-01 12:12:41'::timestamp without time zone)", "Rows Removed by Filter": 887}]}, {"Node Type": "Index Scan", "Parent Relationship": "Inner", "Parallel Aware": false, "Async Capable": false, "Scan Direction": "Forward", "Index Name": "idx_posthistory_postid", "Relation Name": "posthistory", "Alias": "ph", "Startup Cost": 10000000000.42, "Total Cost": 10000009831.47, "Plan Rows": 296689, "Plan Width": 4, "Actual Rows": 728404, "Actual Loops": 1, "Filter": "(creationdate >= '2010-09-20 19:11:45'::timestamp without time zone)", "Rows Removed by Filter": 8308}]}]}, "Planning Time": 6.567, "Triggers": [], "Execution Time": 496.978}, {"Plan": {"Node Type": "Aggregate", "Strategy": "Plain", "Partial Mode": "Simple", "Parallel Aware": false, "Async Capable": false, "Startup Cost": 10000081008.38, "Total Cost": 10000081008.39, "Plan Rows": 1, "Plan Width": 8, "Actual Rows": 1, "Actual Loops": 1, "Plans": [{"Node Type": "Nested Loop", "Parent Relationship": "Outer", "Parallel Aware": false, "Async Capable": false, "Join Type": "Inner", "Startup Cost": 10000000002.18, "Total Cost": 10000080945.29, "Plan Rows": 25233, "Plan Width": 0, "Actual Rows": 454094, "Actual Loops": 1, "Inner Unique": false, "Join Filter": "(p.id = v.postid)", "Rows Removed by Join Filter": 0, "Plans": [{"Node Type": "Nested Loop", "Parent Relationship": "Outer", "Parallel Aware": false, "Async Capable": false, "Join Type": "Inner", "Startup Cost": 10000000001.72, "Total Cost": 10000048320.86, "Plan Rows": 7084, "Plan Width": 16, "Actual Rows": 69251, "Actual Loops": 1, "Inner Unique": false, "Join Filter": "(p.id = ph.postid)", "Rows Removed by Join Filter": 0, "Plans": [{"Node Type": "Nested Loop", "Parent Relationship": "Outer", "Parallel Aware": false, "Async Capable": false, "Join Type": "Inner", "Startup Cost": 10000000001.25, "Total Cost": 10000038273.63, "Plan Rows": 2196, "Plan Width": 12, "Actual Rows": 10594, "Actual Loops": 1, "Inner Unique": false, "Plans": [{"Node Type": "Nested Loop", "Parent Relationship": "Outer", "Parallel Aware": false, "Async Capable": false, "Join Type": "Inner", "Startup Cost": 10000000000.7, "Total Cost": 10000032882.55, "Plan Rows": 1165, "Plan Width": 8, "Actual Rows": 3167, "Actual Loops": 1, "Inner Unique": true, "Plans": [{"Node Type": "Index Scan", "Parent Relationship": "Outer", "Parallel Aware": false, "Async Capable": false, "Scan Direction": "Forward", "Index Name": "idx_postlinks_postid", "Relation Name": "postlinks", "Alias": "pl", "Startup Cost": 10000000000.28, "Total Cost": 10000000450.8, "Plan Rows": 9788, "Plan Width": 4, "Actual Rows": 9803, "Actual Loops": 1, "Filter": "((creationdate <= '2014-08-11 17:26:31'::timestamp without time zone) AND (linktypeid = 1))", "Rows Removed by Filter": 1299}, {"Node Type": "Memoize", "Parent Relationship": "Inner", "Parallel Aware": false, "Async Capable": false, "Startup Cost": 0.41, "Total Cost": 4.44, "Plan Rows": 1, "Plan Width": 4, "Actual Rows": 0, "Actual Loops": 9803, "Cache Key": "pl.postid", "Cache Mode": "logical", "Cache Hits": 2693, "Cache Misses": 7110, "Cache Evictions": 0, "Cache Overflows": 0, "Peak Memory Usage": 553, "Plans": [{"Node Type": "Bitmap Heap Scan", "Parent Relationship": "Outer", "Parallel Aware": false, "Async Capable": false, "Relation Name": "posts", "Alias": "p", "Startup Cost": 0.4, "Total Cost": 4.43, "Plan Rows": 1, "Plan Width": 4, "Actual Rows": 0, "Actual Loops": 7110, "Recheck Cond": "(id = pl.postid)", "Rows Removed by Index Recheck": 0, "Filter": "((score <= 44) AND (favoritecount >= 0) AND (favoritecount <= 3) AND (creationdate >= '2010-08-11 13:53:56'::timestamp without time zone) AND (creationdate <= '2014-09-03 11:52:36'::timestamp without time zone))", "Rows Removed by Filter": 1, "Exact Heap Blocks": 7110, "Lossy Heap Blocks": 0, "Plans": [{"Node Type": "Bitmap Index Scan", "Parent Relationship": "Outer", "Parallel Aware": false, "Async Capable": false, "Index Name": "posts_pkey", "Startup Cost": 0.0, "Total Cost": 0.4, "Plan Rows": 1, "Plan Width": 0, "Actual Rows": 1, "Actual Loops": 7110, "Index Cond": "(id = pl.postid)"}]}]}]}, {"Node Type": "Bitmap Heap Scan", "Parent Relationship": "Inner", "Parallel Aware": false, "Async Capable": false, "Relation Name": "comments", "Alias": "c", "Startup Cost": 0.55, "Total Cost": 4.6, "Plan Rows": 3, "Plan Width": 4, "Actual Rows": 3, "Actual Loops": 3167, "Recheck Cond": "(postid = p.id)", "Rows Removed by Index Recheck": 0, "Filter": "(creationdate >= '2010-08-01 12:12:41'::timestamp without time zone)", "Rows Removed by Filter": 0, "Exact Heap Blocks": 4170, "Lossy Heap Blocks": 0, "Plans": [{"Node Type": "Bitmap Index Scan", "Parent Relationship": "Outer", "Parallel Aware": false, "Async Capable": false, "Index Name": "idx_comments_postid", "Startup Cost": 0.0, "Total Cost": 0.55, "Plan Rows": 3, "Plan Width": 0, "Actual Rows": 3, "Actual Loops": 3167, "Index Cond": "(postid = p.id)"}]}]}, {"Node Type": "Bitmap Heap Scan", "Parent Relationship": "Inner", "Parallel Aware": false, "Async Capable": false, "Relation Name": "posthistory", "Alias": "ph", "Startup Cost": 0.47, "Total Cost": 4.53, "Plan Rows": 4, "Plan Width": 4, "Actual Rows": 7, "Actual Loops": 10594, "Recheck Cond": "(c.postid = postid)", "Rows Removed by Index Recheck": 0, "Filter": "(creationdate >= '2010-09-20 19:11:45'::timestamp without time zone)", "Rows Removed by Filter": 0, "Exact Heap Blocks": 21814, "Lossy Heap Blocks": 0, "Plans": [{"Node Type": "Bitmap Index Scan", "Parent Relationship": "Outer", "Parallel Aware": false, "Async Capable": false, "Index Name": "idx_posthistory_postid", "Startup Cost": 0.0, "Total Cost": 0.46, "Plan Rows": 4, "Plan Width": 0, "Actual Rows": 7, "Actual Loops": 10594, "Index Cond": "(postid = c.postid)"}]}]}, {"Node Type": "Bitmap Heap Scan", "Parent Relationship": "Inner", "Parallel Aware": false, "Async Capable": false, "Relation Name": "votes", "Alias": "v", "Startup Cost": 0.47, "Total Cost": 4.54, "Plan Rows": 5, "Plan Width": 4, "Actual Rows": 7, "Actual Loops": 69251, "Recheck Cond": "(ph.postid = postid)", "Rows Removed by Index Recheck": 0, "Filter": "(creationdate <= '2014-09-11 00:00:00'::timestamp without time zone)", "Rows Removed by Filter": 0, "Exact Heap Blocks": 264240, "Lossy Heap Blocks": 0, "Plans": [{"Node Type": "Bitmap Index Scan", "Parent Relationship": "Outer", "Parallel Aware": false, "Async Capable": false, "Index Name": "idx_votes_postid", "Startup Cost": 0.0, "Total Cost": 0.47, "Plan Rows": 5, "Plan Width": 0, "Actual Rows": 7, "Actual Loops": 69251, "Index Cond": "(postid = ph.postid)"}]}]}]}, "Planning Time": 6.27, "Triggers": [], "Execution Time": 464.799}, {"Plan": {"Node Type": "Aggregate", "Strategy": "Plain", "Partial Mode": "Finalize", "Parallel Aware": false, "Async Capable": false, "Startup Cost": 34639.61, "Total Cost": 34639.62, "Plan Rows": 1, "Plan Width": 8, "Actual Rows": 1, "Actual Loops": 1, "Plans": [{"Node Type": "Gather", "Parent Relationship": "Outer", "Parallel Aware": false, "Async Capable": false, "Startup Cost": 34639.5, "Total Cost": 34639.61, "Plan Rows": 1, "Plan Width": 8, "Actual Rows": 2, "Actual Loops": 1, "Workers Planned": 1, "Workers Launched": 1, "Single Copy": false, "Plans": [{"Node Type": "Aggregate", "Strategy": "Plain", "Partial Mode": "Partial", "Parent Relationship": "Outer", "Parallel Aware": false, "Async Capable": false, "Startup Cost": 33639.5, "Total Cost": 33639.51, "Plan Rows": 1, "Plan Width": 8, "Actual Rows": 1, "Actual Loops": 2, "Workers": [], "Plans": [{"Node Type": "Merge Join", "Parent Relationship": "Outer", "Parallel Aware": false, "Async Capable": false, "Join Type": "Inner", "Startup Cost": 1.84, "Total Cost": 33602.39, "Plan Rows": 14843, "Plan Width": 0, "Actual Rows": 227047, "Actual Loops": 2, "Inner Unique": false, "Merge Cond": "(p.id = ph.postid)", "Workers": [], "Plans": [{"Node Type": "Merge Join", "Parent Relationship": "Outer", "Parallel Aware": false, "Async Capable": false, "Join Type": "Inner", "Startup Cost": 1.42, "Total Cost": 22869.27, "Plan Rows": 4601, "Plan Width": 16, "Actual Rows": 32974, "Actual Loops": 2, "Inner Unique": false, "Merge Cond": "(p.id = c.postid)", "Workers": [], "Plans": [{"Node Type": "Merge Join", "Parent Relationship": "Outer", "Parallel Aware": false, "Async Capable": false, "Join Type": "Inner", "Startup Cost": 1.0, "Total Cost": 16526.61, "Plan Rows": 2441, "Plan Width": 12, "Actual Rows": 9048, "Actual Loops": 2, "Inner Unique": false, "Merge Cond": "(v.postid = p.id)", "Workers": [], "Plans": [{"Node Type": "Index Scan", "Parent Relationship": "Outer", "Parallel Aware": true, "Async Capable": false, "Scan Direction": "Forward", "Index Name": "idx_votes_postid", "Relation Name": "votes", "Alias": "v", "Startup Cost": 0.42, "Total Cost": 11105.86, "Plan Rows": 192717, "Plan Width": 4, "Actual Rows": 160858, "Actual Loops": 2, "Filter": "(creationdate <= '2014-09-11 00:00:00'::timestamp without time zone)", "Rows Removed by Filter": 86, "Workers": []}, {"Node Type": "Materialize", "Parent Relationship": "Inner", "Parallel Aware": false, "Async Capable": false, "Startup Cost": 0.58, "Total Cost": 4905.26, "Plan Rows": 1165, "Plan Width": 8, "Actual Rows": 10650, "Actual Loops": 2, "Workers": [], "Plans": [{"Node Type": "Merge Join", "Parent Relationship": "Outer", "Parallel Aware": false, "Async Capable": false, "Join Type": "Inner", "Startup Cost": 0.58, "Total Cost": 4902.35, "Plan Rows": 1165, "Plan Width": 8, "Actual Rows": 3167, "Actual Loops": 2, "Inner Unique": false, "Merge Cond": "(p.id = pl.postid)", "Workers": [], "Plans": [{"Node Type": "Index Scan", "Parent Relationship": "Outer", "Parallel Aware": false, "Async Capable": false, "Scan Direction": "Forward", "Index Name": "posts_pkey", "Relation Name": "posts", "Alias": "p", "Startup Cost": 0.29, "Total Cost": 4388.87, "Plan Rows": 10944, "Plan Width": 4, "Actual Rows": 10916, "Actual Loops": 2, "Filter": "((score <= 44) AND (favoritecount >= 0) AND (favoritecount <= 3) AND (creationdate >= '2010-08-11 13:53:56'::timestamp without time zone) AND (creationdate <= '2014-09-03 11:52:36'::timestamp without time zone))", "Rows Removed by Filter": 77520, "Workers": []}, {"Node Type": "Index Scan", "Parent Relationship": "Inner", "Parallel Aware": false, "Async Capable": false, "Scan Direction": "Forward", "Index Name": "idx_postlinks_postid", "Relation Name": "postlinks", "Alias": "pl", "Startup Cost": 0.29, "Total Cost": 450.8, "Plan Rows": 9788, "Plan Width": 4, "Actual Rows": 9803, "Actual Loops": 2, "Filter": "((creationdate <= '2014-08-11 17:26:31'::timestamp without time zone) AND (linktypeid = 1))", "Rows Removed by Filter": 1299, "Workers": []}]}]}]}, {"Node Type": "Index Scan", "Parent Relationship": "Inner", "Parallel Aware": false, "Async Capable": false, "Scan Direction": "Forward", "Index Name": "idx_comments_postid", "Relation Name": "comments", "Alias": "c", "Startup Cost": 0.42, "Total Cost": 5857.0, "Plan Rows": 173417, "Plan Width": 4, "Actual Rows": 196614, "Actual Loops": 2, "Filter": "(creationdate >= '2010-08-01 12:12:41'::timestamp without time zone)", "Rows Removed by Filter": 887, "Workers": []}]}, {"Node Type": "Index Scan", "Parent Relationship": "Inner", "Parallel Aware": false, "Async Capable": false, "Scan Direction": "Forward", "Index Name": "idx_posthistory_postid", "Relation Name": "posthistory", "Alias": "ph", "Startup Cost": 0.42, "Total Cost": 9831.47, "Plan Rows": 296689, "Plan Width": 4, "Actual Rows": 506296, "Actual Loops": 2, "Filter": "(creationdate >= '2010-09-20 19:11:45'::timestamp without time zone)", "Rows Removed by Filter": 7340, "Workers": []}]}]}]}]}, "Planning Time": 11.3, "Triggers": [], "Execution Time": 590.6}, {"Plan": {"Node Type": "Aggregate", "Strategy": "Plain", "Partial Mode": "Simple", "Parallel Aware": false, "Async Capable": false, "Startup Cost": 11292.01, "Total Cost": 11292.02, "Plan Rows": 1, "Plan Width": 8, "Actual Rows": 1, "Actual Loops": 1, "Plans": [{"Node Type": "Nested Loop", "Parent Relationship": "Outer", "Parallel Aware": false, "Async Capable": false, "Join Type": "Inner", "Startup Cost": 3645.23, "Total Cost": 11228.93, "Plan Rows": 25233, "Plan Width": 0, "Actual Rows": 454094, "Actual Loops": 1, "Inner Unique": false, "Join Filter": "(p.id = v.postid)", "Rows Removed by Join Filter": 0, "Plans": [{"Node Type": "Nested Loop", "Parent Relationship": "Outer", "Parallel Aware": false, "Async Capable": false, "Join Type": "Inner", "Startup Cost": 3644.81, "Total Cost": 6831.6, "Plan Rows": 7084, "Plan Width": 16, "Actual Rows": 69251, "Actual Loops": 1, "Inner Unique": false, "Join Filter": "(p.id = ph.postid)", "Rows Removed by Join Filter": 0, "Plans": [{"Node Type": "Nested Loop", "Parent Relationship": "Outer", "Parallel Aware": false, "Async Capable": false, "Join Type": "Inner", "Startup Cost": 3644.39, "Total Cost": 5479.07, "Plan Rows": 2196, "Plan Width": 12, "Actual Rows": 10594, "Actual Loops": 1, "Inner Unique": false, "Plans": [{"Node Type": "Merge Join", "Parent Relationship": "Outer", "Parallel Aware": false, "Async Capable": false, "Join Type": "Inner", "Startup Cost": 3643.97, "Total Cost": 4185.32, "Plan Rows": 1165, "Plan Width": 8, "Actual Rows": 3167, "Actual Loops": 1, "Inner Unique": true, "Merge Cond": "(pl.postid = p.id)", "Plans": [{"Node Type": "Index Scan", "Parent Relationship": "Outer", "Parallel Aware": false, "Async Capable": false, "Scan Direction": "Forward", "Index Name": "idx_postlinks_postid", "Relation Name": "postlinks", "Alias": "pl", "Startup Cost": 0.29, "Total Cost": 450.8, "Plan Rows": 9788, "Plan Width": 4, "Actual Rows": 9803, "Actual Loops": 1, "Filter": "((creationdate <= '2014-08-11 17:26:31'::timestamp without time zone) AND (linktypeid = 1))", "Rows Removed by Filter": 1299}, {"Node Type": "Sort", "Parent Relationship": "Inner", "Parallel Aware": false, "Async Capable": false, "Startup Cost": 3643.68, "Total Cost": 3671.04, "Plan Rows": 10944, "Plan Width": 4, "Actual Rows": 10916, "Actual Loops": 1, "Sort Key": ["p.id"], "Sort Method": "quicksort", "Sort Space Used": 385, "Sort Space Type": "Memory", "Plans": [{"Node Type": "Seq Scan", "Parent Relationship": "Outer", "Parallel Aware": false, "Async Capable": false, "Relation Name": "posts", "Alias": "p", "Startup Cost": 0.0, "Total Cost": 2909.46, "Plan Rows": 10944, "Plan Width": 4, "Actual Rows": 11092, "Actual Loops": 1, "Filter": "((score <= 44) AND (favoritecount >= 0) AND (favoritecount <= 3) AND (creationdate >= '2010-08-11 13:53:56'::timestamp without time zone) AND (creationdate <= '2014-09-03 11:52:36'::timestamp without time zone))", "Rows Removed by Filter": 80884}]}]}, {"Node Type": "Index Scan", "Parent Relationship": "Inner", "Parallel Aware": false, "Async Capable": false, "Scan Direction": "Forward", "Index Name": "idx_comments_postid", "Relation Name": "comments", "Alias": "c", "Startup Cost": 0.42, "Total Cost": 1.08, "Plan Rows": 3, "Plan Width": 4, "Actual Rows": 3, "Actual Loops": 3167, "Index Cond": "(postid = p.id)", "Rows Removed by Index Recheck": 0, "Filter": "(creationdate >= '2010-08-01 12:12:41'::timestamp without time zone)", "Rows Removed by Filter": 0}]}, {"Node Type": "Index Scan", "Parent Relationship": "Inner", "Parallel Aware": false, "Async Capable": false, "Scan Direction": "Forward", "Index Name": "idx_posthistory_postid", "Relation Name": "posthistory", "Alias": "ph", "Startup Cost": 0.42, "Total Cost": 0.57, "Plan Rows": 4, "Plan Width": 4, "Actual Rows": 7, "Actual Loops": 10594, "Index Cond": "(postid = c.postid)", "Rows Removed by Index Recheck": 0, "Filter": "(creationdate >= '2010-09-20 19:11:45'::timestamp without time zone)", "Rows Removed by Filter": 0}]}, {"Node Type": "Index Scan", "Parent Relationship": "Inner", "Parallel Aware": false, "Async Capable": false, "Scan Direction": "Forward", "Index Name": "idx_votes_postid", "Relation Name": "votes", "Alias": "v", "Startup Cost": 0.42, "Total Cost": 0.56, "Plan Rows": 5, "Plan Width": 4, "Actual Rows": 7, "Actual Loops": 69251, "Index Cond": "(postid = ph.postid)", "Rows Removed by Index Recheck": 0, "Filter": "(creationdate <= '2014-09-11 00:00:00'::timestamp without time zone)", "Rows Removed by Filter": 0}]}]}, "Planning Time": 6.262, "Triggers": [], "Execution Time": 283.096}, {"Plan": {"Node Type": "Aggregate", "Strategy": "Plain", "Partial Mode": "Finalize", "Parallel Aware": false, "Async Capable": false, "Startup Cost": 33922.59, "Total Cost": 33922.6, "Plan Rows": 1, "Plan Width": 8, "Actual Rows": 1, "Actual Loops": 1, "Plans": [{"Node Type": "Gather", "Parent Relationship": "Outer", "Parallel Aware": false, "Async Capable": false, "Startup Cost": 33922.48, "Total Cost": 33922.59, "Plan Rows": 1, "Plan Width": 8, "Actual Rows": 2, "Actual Loops": 1, "Workers Planned": 1, "Workers Launched": 1, "Single Copy": false, "Plans": [{"Node Type": "Aggregate", "Strategy": "Plain", "Partial Mode": "Partial", "Parent Relationship": "Outer", "Parallel Aware": false, "Async Capable": false, "Startup Cost": 32922.48, "Total Cost": 32922.49, "Plan Rows": 1, "Plan Width": 8, "Actual Rows": 1, "Actual Loops": 2, "Workers": [], "Plans": [{"Node Type": "Merge Join", "Parent Relationship": "Outer", "Parallel Aware": false, "Async Capable": false, "Join Type": "Inner", "Startup Cost": 3645.23, "Total Cost": 32885.37, "Plan Rows": 14843, "Plan Width": 0, "Actual Rows": 227047, "Actual Loops": 2, "Inner Unique": false, "Merge Cond": "(p.id = ph.postid)", "Workers": [], "Plans": [{"Node Type": "Merge Join", "Parent Relationship": "Outer", "Parallel Aware": false, "Async Capable": false, "Join Type": "Inner", "Startup Cost": 3644.81, "Total Cost": 22152.25, "Plan Rows": 4601, "Plan Width": 16, "Actual Rows": 32974, "Actual Loops": 2, "Inner Unique": false, "Merge Cond": "(p.id = c.postid)", "Workers": [], "Plans": [{"Node Type": "Merge Join", "Parent Relationship": "Outer", "Parallel Aware": false, "Async Capable": false, "Join Type": "Inner", "Startup Cost": 3644.39, "Total Cost": 15809.58, "Plan Rows": 2441, "Plan Width": 12, "Actual Rows": 9048, "Actual Loops": 2, "Inner Unique": false, "Merge Cond": "(v.postid = p.id)", "Workers": [], "Plans": [{"Node Type": "Index Scan", "Parent Relationship": "Outer", "Parallel Aware": true, "Async Capable": false, "Scan Direction": "Forward", "Index Name": "idx_votes_postid", "Relation Name": "votes", "Alias": "v", "Startup Cost": 0.42, "Total Cost": 11105.86, "Plan Rows": 192717, "Plan Width": 4, "Actual Rows": 160858, "Actual Loops": 2, "Filter": "(creationdate <= '2014-09-11 00:00:00'::timestamp without time zone)", "Rows Removed by Filter": 86, "Workers": []}, {"Node Type": "Materialize", "Parent Relationship": "Inner", "Parallel Aware": false, "Async Capable": false, "Startup Cost": 3643.97, "Total Cost": 4188.23, "Plan Rows": 1165, "Plan Width": 8, "Actual Rows": 10650, "Actual Loops": 2, "Workers": [], "Plans": [{"Node Type": "Merge Join", "Parent Relationship": "Outer", "Parallel Aware": false, "Async Capable": false, "Join Type": "Inner", "Startup Cost": 3643.97, "Total Cost": 4185.32, "Plan Rows": 1165, "Plan Width": 8, "Actual Rows": 3167, "Actual Loops": 2, "Inner Unique": true, "Merge Cond": "(pl.postid = p.id)", "Workers": [], "Plans": [{"Node Type": "Index Scan", "Parent Relationship": "Outer", "Parallel Aware": false, "Async Capable": false, "Scan Direction": "Forward", "Index Name": "idx_postlinks_postid", "Relation Name": "postlinks", "Alias": "pl", "Startup Cost": 0.29, "Total Cost": 450.8, "Plan Rows": 9788, "Plan Width": 4, "Actual Rows": 9803, "Actual Loops": 2, "Filter": "((creationdate <= '2014-08-11 17:26:31'::timestamp without time zone) AND (linktypeid = 1))", "Rows Removed by Filter": 1299, "Workers": []}, {"Node Type": "Sort", "Parent Relationship": "Inner", "Parallel Aware": false, "Async Capable": false, "Startup Cost": 3643.68, "Total Cost": 3671.04, "Plan Rows": 10944, "Plan Width": 4, "Actual Rows": 10916, "Actual Loops": 2, "Sort Key": ["p.id"], "Sort Method": "quicksort", "Sort Space Used": 385, "Sort Space Type": "Memory", "Workers": [{"Worker Number": 0, "Sort Method": "quicksort", "Sort Space Used": 385, "Sort Space Type": "Memory"}], "Plans": [{"Node Type": "Seq Scan", "Parent Relationship": "Outer", "Parallel Aware": false, "Async Capable": false, "Relation Name": "posts", "Alias": "p", "Startup Cost": 0.0, "Total Cost": 2909.46, "Plan Rows": 10944, "Plan Width": 4, "Actual Rows": 11092, "Actual Loops": 2, "Filter": "((score <= 44) AND (favoritecount >= 0) AND (favoritecount <= 3) AND (creationdate >= '2010-08-11 13:53:56'::timestamp without time zone) AND (creationdate <= '2014-09-03 11:52:36'::timestamp without time zone))", "Rows Removed by Filter": 80884, "Workers": []}]}]}]}]}, {"Node Type": "Index Scan", "Parent Relationship": "Inner", "Parallel Aware": false, "Async Capable": false, "Scan Direction": "Forward", "Index Name": "idx_comments_postid", "Relation Name": "comments", "Alias": "c", "Startup Cost": 0.42, "Total Cost": 5857.0, "Plan Rows": 173417, "Plan Width": 4, "Actual Rows": 196390, "Actual Loops": 2, "Filter": "(creationdate >= '2010-08-01 12:12:41'::timestamp without time zone)", "Rows Removed by Filter": 887, "Workers": []}]}, {"Node Type": "Index Scan", "Parent Relationship": "Inner", "Parallel Aware": false, "Async Capable": false, "Scan Direction": "Forward", "Index Name": "idx_posthistory_postid", "Relation Name": "posthistory", "Alias": "ph", "Startup Cost": 0.42, "Total Cost": 9831.47, "Plan Rows": 296689, "Plan Width": 4, "Actual Rows": 505970, "Actual Loops": 2, "Filter": "(creationdate >= '2010-09-20 19:11:45'::timestamp without time zone)", "Rows Removed by Filter": 7340, "Workers": []}]}]}]}]}, "Planning Time": 12.027, "Triggers": [], "Execution Time": 574.916}, {"Plan": {"Node Type": "Aggregate", "Strategy": "Plain", "Partial Mode": "Simple", "Parallel Aware": false, "Async Capable": false, "Startup Cost": 13394.91, "Total Cost": 13394.92, "Plan Rows": 1, "Plan Width": 8, "Actual Rows": 1, "Actual Loops": 1, "Plans": [{"Node Type": "Nested Loop", "Parent Relationship": "Outer", "Parallel Aware": false, "Async Capable": false, "Join Type": "Inner", "Startup Cost": 1.85, "Total Cost": 13331.83, "Plan Rows": 25233, "Plan Width": 0, "Actual Rows": 454094, "Actual Loops": 1, "Inner Unique": false, "Join Filter": "(p.id = v.postid)", "Rows Removed by Join Filter": 0, "Plans": [{"Node Type": "Nested Loop", "Parent Relationship": "Outer", "Parallel Aware": false, "Async Capable": false, "Join Type": "Inner", "Startup Cost": 1.43, "Total Cost": 8934.5, "Plan Rows": 7084, "Plan Width": 16, "Actual Rows": 69251, "Actual Loops": 1, "Inner Unique": false, "Join Filter": "(p.id = ph.postid)", "Rows Removed by Join Filter": 0, "Plans": [{"Node Type": "Nested Loop", "Parent Relationship": "Outer", "Parallel Aware": false, "Async Capable": false, "Join Type": "Inner", "Startup Cost": 1.01, "Total Cost": 7581.97, "Plan Rows": 2196, "Plan Width": 12, "Actual Rows": 10594, "Actual Loops": 1, "Inner Unique": false, "Plans": [{"Node Type": "Nested Loop", "Parent Relationship": "Outer", "Parallel Aware": false, "Async Capable": false, "Join Type": "Inner", "Startup Cost": 0.59, "Total Cost": 6288.22, "Plan Rows": 1165, "Plan Width": 8, "Actual Rows": 3167, "Actual Loops": 1, "Inner Unique": true, "Plans": [{"Node Type": "Index Scan", "Parent Relationship": "Outer", "Parallel Aware": false, "Async Capable": false, "Scan Direction": "Forward", "Index Name": "idx_postlinks_postid", "Relation Name": "postlinks", "Alias": "pl", "Startup Cost": 0.29, "Total Cost": 450.8, "Plan Rows": 9788, "Plan Width": 4, "Actual Rows": 9803, "Actual Loops": 1, "Filter": "((creationdate <= '2014-08-11 17:26:31'::timestamp without time zone) AND (linktypeid = 1))", "Rows Removed by Filter": 1299}, {"Node Type": "Memoize", "Parent Relationship": "Inner", "Parallel Aware": false, "Async Capable": false, "Startup Cost": 0.3, "Total Cost": 0.78, "Plan Rows": 1, "Plan Width": 4, "Actual Rows": 0, "Actual Loops": 9803, "Cache Key": "pl.postid", "Cache Mode": "logical", "Cache Hits": 2693, "Cache Misses": 7110, "Cache Evictions": 0, "Cache Overflows": 0, "Peak Memory Usage": 553, "Plans": [{"Node Type": "Index Scan", "Parent Relationship": "Outer", "Parallel Aware": false, "Async Capable": false, "Scan Direction": "Forward", "Index Name": "posts_pkey", "Relation Name": "posts", "Alias": "p", "Startup Cost": 0.29, "Total Cost": 0.77, "Plan Rows": 1, "Plan Width": 4, "Actual Rows": 0, "Actual Loops": 7110, "Index Cond": "(id = pl.postid)", "Rows Removed by Index Recheck": 0, "Filter": "((score <= 44) AND (favoritecount >= 0) AND (favoritecount <= 3) AND (creationdate >= '2010-08-11 13:53:56'::timestamp without time zone) AND (creationdate <= '2014-09-03 11:52:36'::timestamp without time zone))", "Rows Removed by Filter": 1}]}]}, {"Node Type": "Index Scan", "Parent Relationship": "Inner", "Parallel Aware": false, "Async Capable": false, "Scan Direction": "Forward", "Index Name": "idx_comments_postid", "Relation Name": "comments", "Alias": "c", "Startup Cost": 0.42, "Total Cost": 1.08, "Plan Rows": 3, "Plan Width": 4, "Actual Rows": 3, "Actual Loops": 3167, "Index Cond": "(postid = p.id)", "Rows Removed by Index Recheck": 0, "Filter": "(creationdate >= '2010-08-01 12:12:41'::timestamp without time zone)", "Rows Removed by Filter": 0}]}, {"Node Type": "Index Scan", "Parent Relationship": "Inner", "Parallel Aware": false, "Async Capable": false, "Scan Direction": "Forward", "Index Name": "idx_posthistory_postid", "Relation Name": "posthistory", "Alias": "ph", "Startup Cost": 0.42, "Total Cost": 0.57, "Plan Rows": 4, "Plan Width": 4, "Actual Rows": 7, "Actual Loops": 10594, "Index Cond": "(postid = c.postid)", "Rows Removed by Index Recheck": 0, "Filter": "(creationdate >= '2010-09-20 19:11:45'::timestamp without time zone)", "Rows Removed by Filter": 0}]}, {"Node Type": "Index Scan", "Parent Relationship": "Inner", "Parallel Aware": false, "Async Capable": false, "Scan Direction": "Forward", "Index Name": "idx_votes_postid", "Relation Name": "votes", "Alias": "v", "Startup Cost": 0.42, "Total Cost": 0.56, "Plan Rows": 5, "Plan Width": 4, "Actual Rows": 7, "Actual Loops": 69251, "Index Cond": "(postid = ph.postid)", "Rows Removed by Index Recheck": 0, "Filter": "(creationdate <= '2014-09-11 00:00:00'::timestamp without time zone)", "Rows Removed by Filter": 0}]}]}, "Planning Time": 4.784, "Triggers": [], "Execution Time": 300.208}, {"Plan": {"Node Type": "Aggregate", "Strategy": "Plain", "Partial Mode": "Simple", "Parallel Aware": false, "Async Capable": false, "Startup Cost": 13192.64, "Total Cost": 13192.65, "Plan Rows": 1, "Plan Width": 8, "Actual Rows": 1, "Actual Loops": 1, "Plans": [{"Node Type": "Nested Loop", "Parent Relationship": "Outer", "Parallel Aware": false, "Async Capable": false, "Join Type": "Inner", "Startup Cost": 1.57, "Total Cost": 13129.56, "Plan Rows": 25233, "Plan Width": 0, "Actual Rows": 454094, "Actual Loops": 1, "Inner Unique": false, "Join Filter": "(p.id = v.postid)", "Rows Removed by Join Filter": 0, "Plans": [{"Node Type": "Nested Loop", "Parent Relationship": "Outer", "Parallel Aware": false, "Async Capable": false, "Join Type": "Inner", "Startup Cost": 1.15, "Total Cost": 8732.23, "Plan Rows": 7084, "Plan Width": 16, "Actual Rows": 69251, "Actual Loops": 1, "Inner Unique": false, "Join Filter": "(p.id = ph.postid)", "Rows Removed by Join Filter": 0, "Plans": [{"Node Type": "Nested Loop", "Parent Relationship": "Outer", "Parallel Aware": false, "Async Capable": false, "Join Type": "Inner", "Startup Cost": 0.72, "Total Cost": 7379.69, "Plan Rows": 2196, "Plan Width": 12, "Actual Rows": 10594, "Actual Loops": 1, "Inner Unique": false, "Plans": [{"Node Type": "Nested Loop", "Parent Relationship": "Outer", "Parallel Aware": false, "Async Capable": false, "Join Type": "Inner", "Startup Cost": 0.3, "Total Cost": 6085.95, "Plan Rows": 1165, "Plan Width": 8, "Actual Rows": 3167, "Actual Loops": 1, "Inner Unique": true, "Plans": [{"Node Type": "Seq Scan", "Parent Relationship": "Outer", "Parallel Aware": false, "Async Capable": false, "Relation Name": "postlinks", "Alias": "pl", "Startup Cost": 0.0, "Total Cost": 248.53, "Plan Rows": 9788, "Plan Width": 4, "Actual Rows": 9803, "Actual Loops": 1, "Filter": "((creationdate <= '2014-08-11 17:26:31'::timestamp without time zone) AND (linktypeid = 1))", "Rows Removed by Filter": 1299}, {"Node Type": "Memoize", "Parent Relationship": "Inner", "Parallel Aware": false, "Async Capable": false, "Startup Cost": 0.3, "Total Cost": 0.78, "Plan Rows": 1, "Plan Width": 4, "Actual Rows": 0, "Actual Loops": 9803, "Cache Key": "pl.postid", "Cache Mode": "logical", "Cache Hits": 2693, "Cache Misses": 7110, "Cache Evictions": 0, "Cache Overflows": 0, "Peak Memory Usage": 553, "Plans": [{"Node Type": "Index Scan", "Parent Relationship": "Outer", "Parallel Aware": false, "Async Capable": false, "Scan Direction": "Forward", "Index Name": "posts_pkey", "Relation Name": "posts", "Alias": "p", "Startup Cost": 0.29, "Total Cost": 0.77, "Plan Rows": 1, "Plan Width": 4, "Actual Rows": 0, "Actual Loops": 7110, "Index Cond": "(id = pl.postid)", "Rows Removed by Index Recheck": 0, "Filter": "((score <= 44) AND (favoritecount >= 0) AND (favoritecount <= 3) AND (creationdate >= '2010-08-11 13:53:56'::timestamp without time zone) AND (creationdate <= '2014-09-03 11:52:36'::timestamp without time zone))", "Rows Removed by Filter": 1}]}]}, {"Node Type": "Index Scan", "Parent Relationship": "Inner", "Parallel Aware": false, "Async Capable": false, "Scan Direction": "Forward", "Index Name": "idx_comments_postid", "Relation Name": "comments", "Alias": "c", "Startup Cost": 0.42, "Total Cost": 1.08, "Plan Rows": 3, "Plan Width": 4, "Actual Rows": 3, "Actual Loops": 3167, "Index Cond": "(postid = p.id)", "Rows Removed by Index Recheck": 0, "Filter": "(creationdate >= '2010-08-01 12:12:41'::timestamp without time zone)", "Rows Removed by Filter": 0}]}, {"Node Type": "Index Scan", "Parent Relationship": "Inner", "Parallel Aware": false, "Async Capable": false, "Scan Direction": "Forward", "Index Name": "idx_posthistory_postid", "Relation Name": "posthistory", "Alias": "ph", "Startup Cost": 0.42, "Total Cost": 0.57, "Plan Rows": 4, "Plan Width": 4, "Actual Rows": 7, "Actual Loops": 10594, "Index Cond": "(postid = c.postid)", "Rows Removed by Index Recheck": 0, "Filter": "(creationdate >= '2010-09-20 19:11:45'::timestamp without time zone)", "Rows Removed by Filter": 0}]}, {"Node Type": "Index Scan", "Parent Relationship": "Inner", "Parallel Aware": false, "Async Capable": false, "Scan Direction": "Forward", "Index Name": "idx_votes_postid", "Relation Name": "votes", "Alias": "v", "Startup Cost": 0.42, "Total Cost": 0.56, "Plan Rows": 5, "Plan Width": 4, "Actual Rows": 7, "Actual Loops": 69251, "Index Cond": "(postid = ph.postid)", "Rows Removed by Index Recheck": 0, "Filter": "(creationdate <= '2014-09-11 00:00:00'::timestamp without time zone)", "Rows Removed by Filter": 0}]}]}, "Planning Time": 4.94, "Triggers": [], "Execution Time": 295.235}, {"Plan": {"Node Type": "Aggregate", "Strategy": "Plain", "Partial Mode": "Finalize", "Parallel Aware": false, "Async Capable": false, "Startup Cost": 40366.85, "Total Cost": 40366.86, "Plan Rows": 1, "Plan Width": 8, "Actual Rows": 1, "Actual Loops": 1, "Plans": [{"Node Type": "Gather", "Parent Relationship": "Outer", "Parallel Aware": false, "Async Capable": false, "Startup Cost": 40366.74, "Total Cost": 40366.85, "Plan Rows": 1, "Plan Width": 8, "Actual Rows": 2, "Actual Loops": 1, "Workers Planned": 1, "Workers Launched": 1, "Single Copy": false, "Plans": [{"Node Type": "Aggregate", "Strategy": "Plain", "Partial Mode": "Partial", "Parent Relationship": "Outer", "Parallel Aware": false, "Async Capable": false, "Startup Cost": 39366.74, "Total Cost": 39366.75, "Plan Rows": 1, "Plan Width": 8, "Actual Rows": 1, "Actual Loops": 2, "Workers": [], "Plans": [{"Node Type": "Merge Join", "Parent Relationship": "Outer", "Parallel Aware": false, "Async Capable": false, "Join Type": "Inner", "Startup Cost": 15654.16, "Total Cost": 39329.63, "Plan Rows": 14843, "Plan Width": 0, "Actual Rows": 227047, "Actual Loops": 2, "Inner Unique": false, "Merge Cond": "(c.postid = p.id)", "Workers": [], "Plans": [{"Node Type": "Sort", "Parent Relationship": "Outer", "Parallel Aware": false, "Async Capable": false, "Startup Cost": 11112.05, "Total Cost": 11367.07, "Plan Rows": 102010, "Plan Width": 4, "Actual Rows": 83652, "Actual Loops": 2, "Sort Key": ["c.postid"], "Sort Method": "quicksort", "Sort Space Used": 6145, "Sort Space Type": "Memory", "Workers": [{"Worker Number": 0, "Sort Method": "quicksort", "Sort Space Used": 769, "Sort Space Type": "Memory"}], "Plans": [{"Node Type": "Seq Scan", "Parent Relationship": "Outer", "Parallel Aware": true, "Async Capable": false, "Relation Name": "comments", "Alias": "c", "Startup Cost": 0.0, "Total Cost": 2625.65, "Plan Rows": 102010, "Plan Width": 4, "Actual Rows": 86709, "Actual Loops": 2, "Filter": "(creationdate >= '2010-08-01 12:12:41'::timestamp without time zone)", "Rows Removed by Filter": 444, "Workers": []}]}, {"Node Type": "Materialize", "Parent Relationship": "Inner", "Parallel Aware": false, "Async Capable": false, "Startup Cost": 4542.11, "Total Cost": 27518.31, "Plan Rows": 13386, "Plan Width": 16, "Actual Rows": 286528, "Actual Loops": 2, "Workers": [], "Plans": [{"Node Type": "Nested Loop", "Parent Relationship": "Outer", "Parallel Aware": false, "Async Capable": false, "Join Type": "Inner", "Startup Cost": 4542.11, "Total Cost": 27484.84, "Plan Rows": 13386, "Plan Width": 16, "Actual Rows": 114676, "Actual Loops": 2, "Inner Unique": false, "Join Filter": "(p.id = v.postid)", "Rows Removed by Join Filter": 0, "Workers": [], "Plans": [{"Node Type": "Nested Loop", "Parent Relationship": "Outer", "Parallel Aware": false, "Async Capable": false, "Join Type": "Inner", "Startup Cost": 4541.64, "Total Cost": 10177.86, "Plan Rows": 3758, "Plan Width": 12, "Actual Rows": 19015, "Actual Loops": 2, "Inner Unique": false, "Workers": [], "Plans": [{"Node Type": "Merge Join", "Parent Relationship": "Outer", "Parallel Aware": false, "Async Capable": false, "Join Type": "Inner", "Startup Cost": 4541.0, "Total Cost": 4656.3, "Plan Rows": 1165, "Plan Width": 8, "Actual Rows": 3167, "Actual Loops": 2, "Inner Unique": false, "Merge Cond": "(p.id = pl.postid)", "Workers": [], "Plans": [{"Node Type": "Sort", "Parent Relationship": "Outer", "Parallel Aware": false, "Async Capable": false, "Startup Cost": 3643.68, "Total Cost": 3671.04, "Plan Rows": 10944, "Plan Width": 4, "Actual Rows": 10916, "Actual Loops": 2, "Sort Key": ["p.id"], "Sort Method": "quicksort", "Sort Space Used": 385, "Sort Space Type": "Memory", "Workers": [{"Worker Number": 0, "Sort Method": "quicksort", "Sort Space Used": 385, "Sort Space Type": "Memory"}], "Plans": [{"Node Type": "Seq Scan", "Parent Relationship": "Outer", "Parallel Aware": false, "Async Capable": false, "Relation Name": "posts", "Alias": "p", "Startup Cost": 0.0, "Total Cost": 2909.46, "Plan Rows": 10944, "Plan Width": 4, "Actual Rows": 11092, "Actual Loops": 2, "Filter": "((score <= 44) AND (favoritecount >= 0) AND (favoritecount <= 3) AND (creationdate >= '2010-08-11 13:53:56'::timestamp without time zone) AND (creationdate <= '2014-09-03 11:52:36'::timestamp without time zone))", "Rows Removed by Filter": 80884, "Workers": []}]}, {"Node Type": "Sort", "Parent Relationship": "Inner", "Parallel Aware": false, "Async Capable": false, "Startup Cost": 897.32, "Total Cost": 921.79, "Plan Rows": 9788, "Plan Width": 4, "Actual Rows": 9803, "Actual Loops": 2, "Sort Key": ["pl.postid"], "Sort Method": "quicksort", "Sort Space Used": 385, "Sort Space Type": "Memory", "Workers": [{"Worker Number": 0, "Sort Method": "quicksort", "Sort Space Used": 385, "Sort Space Type": "Memory"}], "Plans": [{"Node Type": "Seq Scan", "Parent Relationship": "Outer", "Parallel Aware": false, "Async Capable": false, "Relation Name": "postlinks", "Alias": "pl", "Startup Cost": 0.0, "Total Cost": 248.53, "Plan Rows": 9788, "Plan Width": 4, "Actual Rows": 9803, "Actual Loops": 2, "Filter": "((creationdate <= '2014-08-11 17:26:31'::timestamp without time zone) AND (linktypeid = 1))", "Rows Removed by Filter": 1299, "Workers": []}]}]}, {"Node Type": "Bitmap Heap Scan", "Parent Relationship": "Inner", "Parallel Aware": false, "Async Capable": false, "Relation Name": "posthistory", "Alias": "ph", "Startup Cost": 0.64, "Total Cost": 4.7, "Plan Rows": 4, "Plan Width": 4, "Actual Rows": 6, "Actual Loops": 6334, "Recheck Cond": "(p.id = postid)", "Rows Removed by Index Recheck": 0, "Filter": "(creationdate >= '2010-09-20 19:11:45'::timestamp without time zone)", "Rows Removed by Filter": 0, "Exact Heap Blocks": 5941, "Lossy Heap Blocks": 0, "Workers": [], "Plans": [{"Node Type": "Bitmap Index Scan", "Parent Relationship": "Outer", "Parallel Aware": false, "Async Capable": false, "Index Name": "idx_posthistory_postid", "Startup Cost": 0.0, "Total Cost": 0.64, "Plan Rows": 4, "Plan Width": 0, "Actual Rows": 6, "Actual Loops": 6334, "Index Cond": "(postid = p.id)", "Workers": []}]}]}, {"Node Type": "Bitmap Heap Scan", "Parent Relationship": "Inner", "Parallel Aware": false, "Async Capable": false, "Relation Name": "votes", "Alias": "v", "Startup Cost": 0.47, "Total Cost": 4.54, "Plan Rows": 5, "Plan Width": 4, "Actual Rows": 6, "Actual Loops": 38030, "Recheck Cond": "(ph.postid = postid)", "Rows Removed by Index Recheck": 0, "Filter": "(creationdate <= '2014-09-11 00:00:00'::timestamp without time zone)", "Rows Removed by Filter": 0, "Exact Heap Blocks": 68584, "Lossy Heap Blocks": 0, "Workers": [], "Plans": [{"Node Type": "Bitmap Index Scan", "Parent Relationship": "Outer", "Parallel Aware": false, "Async Capable": false, "Index Name": "idx_votes_postid", "Startup Cost": 0.0, "Total Cost": 0.47, "Plan Rows": 5, "Plan Width": 0, "Actual Rows": 6, "Actual Loops": 38030, "Index Cond": "(postid = ph.postid)", "Workers": []}]}]}]}]}]}]}]}, "Planning Time": 11.662, "Triggers": [], "Execution Time": 287.284}, {"Plan": {"Node Type": "Aggregate", "Strategy": "Plain", "Partial Mode": "Simple", "Parallel Aware": false, "Async Capable": false, "Startup Cost": 78967.87, "Total Cost": 78967.88, "Plan Rows": 1, "Plan Width": 8, "Actual Rows": 1, "Actual Loops": 1, "Plans": [{"Node Type": "Merge Join", "Parent Relationship": "Outer", "Parallel Aware": false, "Async Capable": false, "Join Type": "Inner", "Startup Cost": 66307.92, "Total Cost": 78904.79, "Plan Rows": 25233, "Plan Width": 0, "Actual Rows": 454094, "Actual Loops": 1, "Inner Unique": false, "Merge Cond": "(p.id = c.postid)", "Plans": [{"Node Type": "Merge Join", "Parent Relationship": "Outer", "Parallel Aware": false, "Async Capable": false, "Join Type": "Inner", "Startup Cost": 47694.46, "Total Cost": 59138.39, "Plan Rows": 13386, "Plan Width": 16, "Actual Rows": 114676, "Actual Loops": 1, "Inner Unique": false, "Merge Cond": "(p.id = pl.postid)", "Plans": [{"Node Type": "Gather Merge", "Parent Relationship": "Outer", "Parallel Aware": false, "Async Capable": false, "Startup Cost": 26132.75, "Total Cost": 31765.95, "Plan Rows": 38983, "Plan Width": 8, "Actual Rows": 55977, "Actual Loops": 1, "Workers Planned": 1, "Workers Launched": 1, "Plans": [{"Node Type": "Merge Join", "Parent Relationship": "Outer", "Parallel Aware": false, "Async Capable": false, "Join Type": "Inner", "Startup Cost": 25132.74, "Total Cost": 26380.35, "Plan Rows": 22931, "Plan Width": 8, "Actual Rows": 28103, "Actual Loops": 2, "Inner Unique": true, "Merge Cond": "(v.postid = p.id)", "Workers": [], "Plans": [{"Node Type": "Sort", "Parent Relationship": "Outer", "Parallel Aware": false, "Async Capable": false, "Startup Cost": 21489.05, "Total Cost": 21970.85, "Plan Rows": 192717, "Plan Width": 4, "Actual Rows": 161670, "Actual Loops": 2, "Sort Key": ["v.postid"], "Sort Method": "quicksort", "Sort Space Used": 6145, "Sort Space Type": "Memory", "Workers": [{"Worker Number": 0, "Sort Method": "quicksort", "Sort Space Used": 3073, "Sort Space Type": "Memory"}], "Plans": [{"Node Type": "Seq Scan", "Parent Relationship": "Outer", "Parallel Aware": true, "Async Capable": false, "Relation Name": "votes", "Alias": "v", "Startup Cost": 0.0, "Total Cost": 4572.24, "Plan Rows": 192717, "Plan Width": 4, "Actual Rows": 163784, "Actual Loops": 2, "Filter": "(creationdate <= '2014-09-11 00:00:00'::timestamp without time zone)", "Rows Removed by Filter": 248, "Workers": []}]}, {"Node Type": "Sort", "Parent Relationship": "Inner", "Parallel Aware": false, "Async Capable": false, "Startup Cost": 3643.68, "Total Cost": 3671.04, "Plan Rows": 10944, "Plan Width": 4, "Actual Rows": 11004, "Actual Loops": 2, "Sort Key": ["p.id"], "Sort Method": "quicksort", "Sort Space Used": 385, "Sort Space Type": "Memory", "Workers": [{"Worker Number": 0, "Sort Method": "quicksort", "Sort Space Used": 385, "Sort Space Type": "Memory"}], "Plans": [{"Node Type": "Seq Scan", "Parent Relationship": "Outer", "Parallel Aware": false, "Async Capable": false, "Relation Name": "posts", "Alias": "p", "Startup Cost": 0.0, "Total Cost": 2909.46, "Plan Rows": 10944, "Plan Width": 4, "Actual Rows": 11092, "Actual Loops": 2, "Filter": "((score <= 44) AND (favoritecount >= 0) AND (favoritecount <= 3) AND (creationdate >= '2010-08-11 13:53:56'::timestamp without time zone) AND (creationdate <= '2014-09-03 11:52:36'::timestamp without time zone))", "Rows Removed by Filter": 80884, "Workers": []}]}]}]}, {"Node Type": "Materialize", "Parent Relationship": "Inner", "Parallel Aware": false, "Async Capable": false, "Startup Cost": 21561.56, "Total Cost": 27026.11, "Plan Rows": 37086, "Plan Width": 8, "Actual Rows": 151148, "Actual Loops": 1, "Plans": [{"Node Type": "Gather Merge", "Parent Relationship": "Outer", "Parallel Aware": false, "Async Capable": false, "Startup Cost": 21561.56, "Total Cost": 26933.4, "Plan Rows": 37086, "Plan Width": 8, "Actual Rows": 55293, "Actual Loops": 1, "Workers Planned": 1, "Workers Launched": 1, "Plans": [{"Node Type": "Merge Join", "Parent Relationship": "Outer", "Parallel Aware": false, "Async Capable": false, "Join Type": "Inner", "Startup Cost": 20561.55, "Total Cost": 21761.21, "Plan Rows": 21815, "Plan Width": 8, "Actual Rows": 27646, "Actual Loops": 2, "Inner Unique": false, "Merge Cond": "(ph.postid = pl.postid)", "Workers": [], "Plans": [{"Node Type": "Sort", "Parent Relationship": "Outer", "Parallel Aware": false, "Async Capable": false, "Startup Cost": 19664.21, "Total Cost": 20100.52, "Plan Rows": 174523, "Plan Width": 4, "Actual Rows": 142766, "Actual Loops": 2, "Sort Key": ["ph.postid"], "Sort Method": "quicksort", "Sort Space Used": 6145, "Sort Space Type": "Memory", "Workers": [{"Worker Number": 0, "Sort Method": "quicksort", "Sort Space Used": 3073, "Sort Space Type": "Memory"}], "Plans": [{"Node Type": "Seq Scan", "Parent Relationship": "Outer", "Parallel Aware": true, "Async Capable": false, "Relation Name": "posthistory", "Alias": "ph", "Startup Cost": 0.0, "Total Cost": 4469.32, "Plan Rows": 174523, "Plan Width": 4, "Actual Rows": 148408, "Actual Loops": 2, "Filter": "(creationdate >= '2010-09-20 19:11:45'::timestamp without time zone)", "Rows Removed by Filter": 3186, "Workers": []}]}, {"Node Type": "Sort", "Parent Relationship": "Inner", "Parallel Aware": false, "Async Capable": false, "Startup Cost": 897.32, "Total Cost": 921.79, "Plan Rows": 9788, "Plan Width": 4, "Actual Rows": 31412, "Actual Loops": 2, "Sort Key": ["pl.postid"], "Sort Method": "quicksort", "Sort Space Used": 385, "Sort Space Type": "Memory", "Workers": [{"Worker Number": 0, "Sort Method": "quicksort", "Sort Space Used": 385, "Sort Space Type": "Memory"}], "Plans": [{"Node Type": "Seq Scan", "Parent Relationship": "Outer", "Parallel Aware": false, "Async Capable": false, "Relation Name": "postlinks", "Alias": "pl", "Startup Cost": 0.0, "Total Cost": 248.53, "Plan Rows": 9788, "Plan Width": 4, "Actual Rows": 9803, "Actual Loops": 2, "Filter": "((creationdate <= '2014-08-11 17:26:31'::timestamp without time zone) AND (linktypeid = 1))", "Rows Removed by Filter": 1299, "Workers": []}]}]}]}]}]}, {"Node Type": "Sort", "Parent Relationship": "Inner", "Parallel Aware": false, "Async Capable": false, "Startup Cost": 18613.46, "Total Cost": 19047.0, "Plan Rows": 173417, "Plan Width": 4, "Actual Rows": 614353, "Actual Loops": 1, "Sort Key": ["c.postid"], "Sort Method": "quicksort", "Sort Space Used": 6145, "Sort Space Type": "Memory", "Plans": [{"Node Type": "Seq Scan", "Parent Relationship": "Outer", "Parallel Aware": false, "Async Capable": false, "Relation Name": "comments", "Alias": "c", "Startup Cost": 0.0, "Total Cost": 3522.81, "Plan Rows": 173417, "Plan Width": 4, "Actual Rows": 173418, "Actual Loops": 1, "Filter": "(creationdate >= '2010-08-01 12:12:41'::timestamp without time zone)", "Rows Removed by Filter": 887}]}]}]}, "Planning Time": 6.665, "Triggers": [], "Execution Time": 269.924}, {"Plan": {"Node Type": "Aggregate", "Strategy": "Plain", "Partial Mode": "Simple", "Parallel Aware": false, "Async Capable": false, "Startup Cost": 80806.1, "Total Cost": 80806.11, "Plan Rows": 1, "Plan Width": 8, "Actual Rows": 1, "Actual Loops": 1, "Plans": [{"Node Type": "Nested Loop", "Parent Relationship": "Outer", "Parallel Aware": false, "Async Capable": false, "Join Type": "Inner", "Startup Cost": 1.9, "Total Cost": 80743.02, "Plan Rows": 25233, "Plan Width": 0, "Actual Rows": 454094, "Actual Loops": 1, "Inner Unique": false, "Join Filter": "(p.id = v.postid)", "Rows Removed by Join Filter": 0, "Plans": [{"Node Type": "Nested Loop", "Parent Relationship": "Outer", "Parallel Aware": false, "Async Capable": false, "Join Type": "Inner", "Startup Cost": 1.43, "Total Cost": 48118.58, "Plan Rows": 7084, "Plan Width": 16, "Actual Rows": 69251, "Actual Loops": 1, "Inner Unique": false, "Join Filter": "(p.id = ph.postid)", "Rows Removed by Join Filter": 0, "Plans": [{"Node Type": "Nested Loop", "Parent Relationship": "Outer", "Parallel Aware": false, "Async Capable": false, "Join Type": "Inner", "Startup Cost": 0.97, "Total Cost": 38071.35, "Plan Rows": 2196, "Plan Width": 12, "Actual Rows": 10594, "Actual Loops": 1, "Inner Unique": false, "Plans": [{"Node Type": "Nested Loop", "Parent Relationship": "Outer", "Parallel Aware": false, "Async Capable": false, "Join Type": "Inner", "Startup Cost": 0.41, "Total Cost": 32680.28, "Plan Rows": 1165, "Plan Width": 8, "Actual Rows": 3167, "Actual Loops": 1, "Inner Unique": true, "Plans": [{"Node Type": "Seq Scan", "Parent Relationship": "Outer", "Parallel Aware": false, "Async Capable": false, "Relation Name": "postlinks", "Alias": "pl", "Startup Cost": 0.0, "Total Cost": 248.53, "Plan Rows": 9788, "Plan Width": 4, "Actual Rows": 9803, "Actual Loops": 1, "Filter": "((creationdate <= '2014-08-11 17:26:31'::timestamp without time zone) AND (linktypeid = 1))", "Rows Removed by Filter": 1299}, {"Node Type": "Memoize", "Parent Relationship": "Inner", "Parallel Aware": false, "Async Capable": false, "Startup Cost": 0.41, "Total Cost": 4.44, "Plan Rows": 1, "Plan Width": 4, "Actual Rows": 0, "Actual Loops": 9803, "Cache Key": "pl.postid", "Cache Mode": "logical", "Cache Hits": 2693, "Cache Misses": 7110, "Cache Evictions": 0, "Cache Overflows": 0, "Peak Memory Usage": 553, "Plans": [{"Node Type": "Bitmap Heap Scan", "Parent Relationship": "Outer", "Parallel Aware": false, "Async Capable": false, "Relation Name": "posts", "Alias": "p", "Startup Cost": 0.4, "Total Cost": 4.43, "Plan Rows": 1, "Plan Width": 4, "Actual Rows": 0, "Actual Loops": 7110, "Recheck Cond": "(id = pl.postid)", "Rows Removed by Index Recheck": 0, "Filter": "((score <= 44) AND (favoritecount >= 0) AND (favoritecount <= 3) AND (creationdate >= '2010-08-11 13:53:56'::timestamp without time zone) AND (creationdate <= '2014-09-03 11:52:36'::timestamp without time zone))", "Rows Removed by Filter": 1, "Exact Heap Blocks": 7110, "Lossy Heap Blocks": 0, "Plans": [{"Node Type": "Bitmap Index Scan", "Parent Relationship": "Outer", "Parallel Aware": false, "Async Capable": false, "Index Name": "posts_pkey", "Startup Cost": 0.0, "Total Cost": 0.4, "Plan Rows": 1, "Plan Width": 0, "Actual Rows": 1, "Actual Loops": 7110, "Index Cond": "(id = pl.postid)"}]}]}]}, {"Node Type": "Bitmap Heap Scan", "Parent Relationship": "Inner", "Parallel Aware": false, "Async Capable": false, "Relation Name": "comments", "Alias": "c", "Startup Cost": 0.55, "Total Cost": 4.6, "Plan Rows": 3, "Plan Width": 4, "Actual Rows": 3, "Actual Loops": 3167, "Recheck Cond": "(postid = p.id)", "Rows Removed by Index Recheck": 0, "Filter": "(creationdate >= '2010-08-01 12:12:41'::timestamp without time zone)", "Rows Removed by Filter": 0, "Exact Heap Blocks": 4170, "Lossy Heap Blocks": 0, "Plans": [{"Node Type": "Bitmap Index Scan", "Parent Relationship": "Outer", "Parallel Aware": false, "Async Capable": false, "Index Name": "idx_comments_postid", "Startup Cost": 0.0, "Total Cost": 0.55, "Plan Rows": 3, "Plan Width": 0, "Actual Rows": 3, "Actual Loops": 3167, "Index Cond": "(postid = p.id)"}]}]}, {"Node Type": "Bitmap Heap Scan", "Parent Relationship": "Inner", "Parallel Aware": false, "Async Capable": false, "Relation Name": "posthistory", "Alias": "ph", "Startup Cost": 0.47, "Total Cost": 4.53, "Plan Rows": 4, "Plan Width": 4, "Actual Rows": 7, "Actual Loops": 10594, "Recheck Cond": "(c.postid = postid)", "Rows Removed by Index Recheck": 0, "Filter": "(creationdate >= '2010-09-20 19:11:45'::timestamp without time zone)", "Rows Removed by Filter": 0, "Exact Heap Blocks": 21814, "Lossy Heap Blocks": 0, "Plans": [{"Node Type": "Bitmap Index Scan", "Parent Relationship": "Outer", "Parallel Aware": false, "Async Capable": false, "Index Name": "idx_posthistory_postid", "Startup Cost": 0.0, "Total Cost": 0.46, "Plan Rows": 4, "Plan Width": 0, "Actual Rows": 7, "Actual Loops": 10594, "Index Cond": "(postid = c.postid)"}]}]}, {"Node Type": "Bitmap Heap Scan", "Parent Relationship": "Inner", "Parallel Aware": false, "Async Capable": false, "Relation Name": "votes", "Alias": "v", "Startup Cost": 0.47, "Total Cost": 4.54, "Plan Rows": 5, "Plan Width": 4, "Actual Rows": 7, "Actual Loops": 69251, "Recheck Cond": "(ph.postid = postid)", "Rows Removed by Index Recheck": 0, "Filter": "(creationdate <= '2014-09-11 00:00:00'::timestamp without time zone)", "Rows Removed by Filter": 0, "Exact Heap Blocks": 264240, "Lossy Heap Blocks": 0, "Plans": [{"Node Type": "Bitmap Index Scan", "Parent Relationship": "Outer", "Parallel Aware": false, "Async Capable": false, "Index Name": "idx_votes_postid", "Startup Cost": 0.0, "Total Cost": 0.47, "Plan Rows": 5, "Plan Width": 0, "Actual Rows": 7, "Actual Loops": 69251, "Index Cond": "(postid = ph.postid)"}]}]}]}, "Planning Time": 5.281, "Triggers": [], "Execution Time": 466.257}]