[{"Plan": {"Node Type": "Aggregate", "Strategy": "Plain", "Partial Mode": "Simple", "Parallel Aware": false, "Async Capable": false, "Startup Cost": 3653.47, "Total Cost": 3653.48, "Plan Rows": 1, "Plan Width": 8, "Actual Rows": 1, "Actual Loops": 1, "Plans": [{"Node Type": "Nested Loop", "Parent Relationship": "Outer", "Parallel Aware": false, "Async Capable": false, "Join Type": "Inner", "Startup Cost": 3149.49, "Total Cost": 3653.08, "Plan Rows": 156, "Plan Width": 0, "Actual Rows": 1717, "Actual Loops": 1, "Inner Unique": false, "Plans": [{"Node Type": "Nested Loop", "Parent Relationship": "Outer", "Parallel Aware": false, "Async Capable": false, "Join Type": "Inner", "Startup Cost": 3149.2, "Total Cost": 3617.95, "Plan Rows": 79, "Plan Width": 8, "Actual Rows": 332, "Actual Loops": 1, "Inner Unique": true, "Plans": [{"Node Type": "Hash Join", "Parent Relationship": "Outer", "Parallel Aware": false, "Async Capable": false, "Join Type": "Inner", "Startup Cost": 3148.91, "Total Cost": 3397.89, "Plan Rows": 89, "Plan Width": 4, "Actual Rows": 560, "Actual Loops": 1, "Inner Unique": true, "Hash Cond": "(pl.relatedpostid = p.id)", "Plans": [{"Node Type": "Seq Scan", "Parent Relationship": "Outer", "Parallel Aware": false, "Async Capable": false, "Relation Name": "postlinks", "Alias": "pl", "Startup Cost": 0.0, "Total Cost": 220.78, "Plan Rows": 10744, "Plan Width": 4, "Actual Rows": 10739, "Actual Loops": 1, "Filter": "(creationdate <= '2014-08-17 01:23:50'::timestamp without time zone)", "Rows Removed by Filter": 363}, {"Node Type": "Hash", "Parent Relationship": "Inner", "Parallel Aware": false, "Async Capable": false, "Startup Cost": 3139.4, "Total Cost": 3139.4, "Plan Rows": 761, "Plan Width": 8, "Actual Rows": 1654, "Actual Loops": 1, "Hash Buckets": 2048, "Original Hash Buckets": 1024, "Hash Batches": 1, "Original Hash Batches": 1, "Peak Memory Usage": 81, "Plans": [{"Node Type": "Seq Scan", "Parent Relationship": "Outer", "Parallel Aware": false, "Async Capable": false, "Relation Name": "posts", "Alias": "p", "Startup Cost": 0.0, "Total Cost": 3139.4, "Plan Rows": 761, "Plan Width": 8, "Actual Rows": 1654, "Actual Loops": 1, "Filter": "((score >= '-1'::integer) AND (score <= 10) AND (answercount <= 5) AND (favoritecount >= 0) AND (favoritecount <= 6) AND (commentcount = 2))", "Rows Removed by Filter": 90322}]}]}, {"Node Type": "Index Scan", "Parent Relationship": "Inner", "Parallel Aware": false, "Async Capable": false, "Scan Direction": "Forward", "Index Name": "users_pkey", "Relation Name": "users", "Alias": "u", "Startup Cost": 0.29, "Total Cost": 2.47, "Plan Rows": 1, "Plan Width": 4, "Actual Rows": 1, "Actual Loops": 560, "Index Cond": "(id = p.owneruserid)", "Rows Removed by Index Recheck": 0, "Filter": "((views <= 33) AND (downvotes >= 0) AND (creationdate >= '2010-08-19 17:31:36'::timestamp without time zone) AND (creationdate <= '2014-08-06 07:23:12'::timestamp without time zone))", "Rows Removed by Filter": 0}]}, {"Node Type": "Index Scan", "Parent Relationship": "Inner", "Parallel Aware": false, "Async Capable": false, "Scan Direction": "Forward", "Index Name": "idx_badges_userid", "Relation Name": "badges", "Alias": "b", "Startup Cost": 0.29, "Total Cost": 0.41, "Plan Rows": 3, "Plan Width": 4, "Actual Rows": 5, "Actual Loops": 332, "Index Cond": "(userid = u.id)", "Rows Removed by Index Recheck": 0, "Filter": "(date <= '2014-09-10 22:50:06'::timestamp without time zone)", "Rows Removed by Filter": 0}]}]}, "Planning Time": 0.819, "Triggers": [], "Execution Time": 15.604}, {"Plan": {"Node Type": "Aggregate", "Strategy": "Plain", "Partial Mode": "Simple", "Parallel Aware": false, "Async Capable": false, "Startup Cost": 40000009665.83, "Total Cost": 40000009665.84, "Plan Rows": 1, "Plan Width": 8, "Actual Rows": 1, "Actual Loops": 1, "Plans": [{"Node Type": "Nested Loop", "Parent Relationship": "Outer", "Parallel Aware": false, "Async Capable": false, "Join Type": "Inner", "Startup Cost": 40000000001.94, "Total Cost": 40000009665.44, "Plan Rows": 156, "Plan Width": 0, "Actual Rows": 1717, "Actual Loops": 1, "Inner Unique": false, "Plans": [{"Node Type": "Nested Loop", "Parent Relationship": "Outer", "Parallel Aware": false, "Async Capable": false, "Join Type": "Inner", "Startup Cost": 30000000001.61, "Total Cost": 30000009317.4, "Plan Rows": 79, "Plan Width": 8, "Actual Rows": 332, "Actual Loops": 1, "Inner Unique": true, "Plans": [{"Node Type": "Nested Loop", "Parent Relationship": "Outer", "Parallel Aware": false, "Async Capable": false, "Join Type": "Inner", "Startup Cost": 20000000000.72, "Total Cost": 20000008880.04, "Plan Rows": 89, "Plan Width": 4, "Actual Rows": 560, "Actual Loops": 1, "Inner Unique": false, "Plans": [{"Node Type": "Index Scan", "Parent Relationship": "Outer", "Parallel Aware": false, "Async Capable": false, "Scan Direction": "Forward", "Index Name": "idx_posts_owneruserid", "Relation Name": "posts", "Alias": "p", "Startup Cost": 10000000000.29, "Total Cost": 10000005473.31, "Plan Rows": 761, "Plan Width": 8, "Actual Rows": 1654, "Actual Loops": 1, "Filter": "((score >= '-1'::integer) AND (score <= 10) AND (answercount <= 5) AND (favoritecount >= 0) AND (favoritecount <= 6) AND (commentcount = 2))", "Rows Removed by Filter": 90322}, {"Node Type": "Bitmap Heap Scan", "Parent Relationship": "Inner", "Parallel Aware": false, "Async Capable": false, "Relation Name": "postlinks", "Alias": "pl", "Startup Cost": 0.43, "Total Cost": 4.46, "Plan Rows": 2, "Plan Width": 4, "Actual Rows": 0, "Actual Loops": 1654, "Recheck Cond": "(relatedpostid = p.id)", "Rows Removed by Index Recheck": 0, "Filter": "(creationdate <= '2014-08-17 01:23:50'::timestamp without time zone)", "Rows Removed by Filter": 0, "Exact Heap Blocks": 518, "Lossy Heap Blocks": 0, "Plans": [{"Node Type": "Bitmap Index Scan", "Parent Relationship": "Outer", "Parallel Aware": false, "Async Capable": false, "Index Name": "idx_postlinks_relatedpostid", "Startup Cost": 0.0, "Total Cost": 0.43, "Plan Rows": 2, "Plan Width": 0, "Actual Rows": 0, "Actual Loops": 1654, "Index Cond": "(relatedpostid = p.id)"}]}]}, {"Node Type": "Bitmap Heap Scan", "Parent Relationship": "Inner", "Parallel Aware": false, "Async Capable": false, "Relation Name": "users", "Alias": "u", "Startup Cost": 0.89, "Total Cost": 4.91, "Plan Rows": 1, "Plan Width": 4, "Actual Rows": 1, "Actual Loops": 560, "Recheck Cond": "(p.owneruserid = id)", "Rows Removed by Index Recheck": 0, "Filter": "((views <= 33) AND (downvotes >= 0) AND (creationdate >= '2010-08-19 17:31:36'::timestamp without time zone) AND (creationdate <= '2014-08-06 07:23:12'::timestamp without time zone))", "Rows Removed by Filter": 0, "Exact Heap Blocks": 544, "Lossy Heap Blocks": 0, "Plans": [{"Node Type": "Bitmap Index Scan", "Parent Relationship": "Outer", "Parallel Aware": false, "Async Capable": false, "Index Name": "users_pkey", "Startup Cost": 0.0, "Total Cost": 0.89, "Plan Rows": 1, "Plan Width": 0, "Actual Rows": 1, "Actual Loops": 560, "Index Cond": "(id = p.owneruserid)"}]}]}, {"Node Type": "Bitmap Heap Scan", "Parent Relationship": "Inner", "Parallel Aware": false, "Async Capable": false, "Relation Name": "badges", "Alias": "b", "Startup Cost": 0.33, "Total Cost": 4.38, "Plan Rows": 3, "Plan Width": 4, "Actual Rows": 5, "Actual Loops": 332, "Recheck Cond": "(u.id = userid)", "Rows Removed by Index Recheck": 0, "Filter": "(date <= '2014-09-10 22:50:06'::timestamp without time zone)", "Rows Removed by Filter": 0, "Exact Heap Blocks": 1341, "Lossy Heap Blocks": 0, "Plans": [{"Node Type": "Bitmap Index Scan", "Parent Relationship": "Outer", "Parallel Aware": false, "Async Capable": false, "Index Name": "idx_badges_userid", "Startup Cost": 0.0, "Total Cost": 0.33, "Plan Rows": 3, "Plan Width": 0, "Actual Rows": 5, "Actual Loops": 332, "Index Cond": "(userid = u.id)"}]}]}]}, "Planning Time": 0.632, "Triggers": [], "Execution Time": 29.587}, {"Plan": {"Node Type": "Aggregate", "Strategy": "Plain", "Partial Mode": "Simple", "Parallel Aware": false, "Async Capable": false, "Startup Cost": 10796.71, "Total Cost": 10796.72, "Plan Rows": 1, "Plan Width": 8, "Actual Rows": 1, "Actual Loops": 1, "Plans": [{"Node Type": "Hash Join", "Parent Relationship": "Outer", "Parallel Aware": false, "Async Capable": false, "Join Type": "Inner", "Startup Cost": 7431.73, "Total Cost": 10796.32, "Plan Rows": 156, "Plan Width": 0, "Actual Rows": 1717, "Actual Loops": 1, "Inner Unique": false, "Hash Cond": "(b.userid = u.id)", "Plans": [{"Node Type": "Index Scan", "Parent Relationship": "Outer", "Parallel Aware": false, "Async Capable": false, "Scan Direction": "Forward", "Index Name": "idx_badges_userid", "Relation Name": "badges", "Alias": "b", "Startup Cost": 0.29, "Total Cost": 3064.97, "Plan Rows": 79562, "Plan Width": 4, "Actual Rows": 79571, "Actual Loops": 1, "Filter": "(date <= '2014-09-10 22:50:06'::timestamp without time zone)", "Rows Removed by Filter": 280}, {"Node Type": "Hash", "Parent Relationship": "Inner", "Parallel Aware": false, "Async Capable": false, "Startup Cost": 7430.45, "Total Cost": 7430.45, "Plan Rows": 79, "Plan Width": 8, "Actual Rows": 332, "Actual Loops": 1, "Hash Buckets": 1024, "Original Hash Buckets": 1024, "Hash Batches": 1, "Original Hash Batches": 1, "Peak Memory Usage": 21, "Plans": [{"Node Type": "Hash Join", "Parent Relationship": "Outer", "Parallel Aware": false, "Async Capable": false, "Join Type": "Inner", "Startup Cost": 6843.58, "Total Cost": 7430.45, "Plan Rows": 79, "Plan Width": 8, "Actual Rows": 332, "Actual Loops": 1, "Inner Unique": true, "Hash Cond": "(p.owneruserid = u.id)", "Plans": [{"Node Type": "Hash Join", "Parent Relationship": "Outer", "Parallel Aware": false, "Async Capable": false, "Join Type": "Inner", "Startup Cost": 4628.61, "Total Cost": 5215.24, "Plan Rows": 89, "Plan Width": 4, "Actual Rows": 560, "Actual Loops": 1, "Inner Unique": true, "Hash Cond": "(pl.relatedpostid = p.id)", "Plans": [{"Node Type": "Index Scan", "Parent Relationship": "Outer", "Parallel Aware": false, "Async Capable": false, "Scan Direction": "Forward", "Index Name": "idx_postlinks_relatedpostid", "Relation Name": "postlinks", "Alias": "pl", "Startup Cost": 0.29, "Total Cost": 558.72, "Plan Rows": 10744, "Plan Width": 4, "Actual Rows": 10739, "Actual Loops": 1, "Filter": "(creationdate <= '2014-08-17 01:23:50'::timestamp without time zone)", "Rows Removed by Filter": 363}, {"Node Type": "Hash", "Parent Relationship": "Inner", "Parallel Aware": false, "Async Capable": false, "Startup Cost": 4618.81, "Total Cost": 4618.81, "Plan Rows": 761, "Plan Width": 8, "Actual Rows": 1654, "Actual Loops": 1, "Hash Buckets": 2048, "Original Hash Buckets": 1024, "Hash Batches": 1, "Original Hash Batches": 1, "Peak Memory Usage": 81, "Plans": [{"Node Type": "Index Scan", "Parent Relationship": "Outer", "Parallel Aware": false, "Async Capable": false, "Scan Direction": "Forward", "Index Name": "posts_pkey", "Relation Name": "posts", "Alias": "p", "Startup Cost": 0.29, "Total Cost": 4618.81, "Plan Rows": 761, "Plan Width": 8, "Actual Rows": 1654, "Actual Loops": 1, "Filter": "((score >= '-1'::integer) AND (score <= 10) AND (answercount <= 5) AND (favoritecount >= 0) AND (favoritecount <= 6) AND (commentcount = 2))", "Rows Removed by Filter": 90322}]}]}, {"Node Type": "Hash", "Parent Relationship": "Inner", "Parallel Aware": false, "Async Capable": false, "Startup Cost": 1760.41, "Total Cost": 1760.41, "Plan Rows": 36365, "Plan Width": 4, "Actual Rows": 36456, "Actual Loops": 1, "Hash Buckets": 65536, "Original Hash Buckets": 65536, "Hash Batches": 1, "Original Hash Batches": 1, "Peak Memory Usage": 1794, "Plans": [{"Node Type": "Index Scan", "Parent Relationship": "Outer", "Parallel Aware": false, "Async Capable": false, "Scan Direction": "Forward", "Index Name": "users_pkey", "Relation Name": "users", "Alias": "u", "Startup Cost": 0.29, "Total Cost": 1760.41, "Plan Rows": 36365, "Plan Width": 4, "Actual Rows": 36456, "Actual Loops": 1, "Filter": "((views <= 33) AND (downvotes >= 0) AND (creationdate >= '2010-08-19 17:31:36'::timestamp without time zone) AND (creationdate <= '2014-08-06 07:23:12'::timestamp without time zone))", "Rows Removed by Filter": 3869}]}]}]}]}]}, "Planning Time": 1.109, "Triggers": [], "Execution Time": 89.079}, {"Plan": {"Node Type": "Aggregate", "Strategy": "Plain", "Partial Mode": "Simple", "Parallel Aware": false, "Async Capable": false, "Startup Cost": 10316.49, "Total Cost": 10316.5, "Plan Rows": 1, "Plan Width": 8, "Actual Rows": 1, "Actual Loops": 1, "Plans": [{"Node Type": "Merge Join", "Parent Relationship": "Outer", "Parallel Aware": false, "Async Capable": false, "Join Type": "Inner", "Startup Cost": 5198.5, "Total Cost": 10316.1, "Plan Rows": 156, "Plan Width": 0, "Actual Rows": 1717, "Actual Loops": 1, "Inner Unique": false, "Merge Cond": "(u.id = b.userid)", "Plans": [{"Node Type": "Merge Join", "Parent Relationship": "Outer", "Parallel Aware": false, "Async Capable": false, "Join Type": "Inner", "Startup Cost": 5198.21, "Total Cost": 7050.47, "Plan Rows": 79, "Plan Width": 8, "Actual Rows": 332, "Actual Loops": 1, "Inner Unique": true, "Merge Cond": "(p.owneruserid = u.id)", "Plans": [{"Node Type": "Sort", "Parent Relationship": "Outer", "Parallel Aware": false, "Async Capable": false, "Startup Cost": 5197.92, "Total Cost": 5198.14, "Plan Rows": 89, "Plan Width": 4, "Actual Rows": 545, "Actual Loops": 1, "Sort Key": ["p.owneruserid"], "Sort Method": "quicksort", "Sort Space Used": 25, "Sort Space Type": "Memory", "Plans": [{"Node Type": "Merge Join", "Parent Relationship": "Outer", "Parallel Aware": false, "Async Capable": false, "Join Type": "Inner", "Startup Cost": 0.58, "Total Cost": 5195.03, "Plan Rows": 89, "Plan Width": 4, "Actual Rows": 560, "Actual Loops": 1, "Inner Unique": true, "Merge Cond": "(pl.relatedpostid = p.id)", "Plans": [{"Node Type": "Index Scan", "Parent Relationship": "Outer", "Parallel Aware": false, "Async Capable": false, "Scan Direction": "Forward", "Index Name": "idx_postlinks_relatedpostid", "Relation Name": "postlinks", "Alias": "pl", "Startup Cost": 0.29, "Total Cost": 558.72, "Plan Rows": 10744, "Plan Width": 4, "Actual Rows": 10739, "Actual Loops": 1, "Filter": "(creationdate <= '2014-08-17 01:23:50'::timestamp without time zone)", "Rows Removed by Filter": 363}, {"Node Type": "Index Scan", "Parent Relationship": "Inner", "Parallel Aware": false, "Async Capable": false, "Scan Direction": "Forward", "Index Name": "posts_pkey", "Relation Name": "posts", "Alias": "p", "Startup Cost": 0.29, "Total Cost": 4618.81, "Plan Rows": 761, "Plan Width": 8, "Actual Rows": 1630, "Actual Loops": 1, "Filter": "((score >= '-1'::integer) AND (score <= 10) AND (answercount <= 5) AND (favoritecount >= 0) AND (favoritecount <= 6) AND (commentcount = 2))", "Rows Removed by Filter": 87275}]}]}, {"Node Type": "Index Scan", "Parent Relationship": "Inner", "Parallel Aware": false, "Async Capable": false, "Scan Direction": "Forward", "Index Name": "users_pkey", "Relation Name": "users", "Alias": "u", "Startup Cost": 0.29, "Total Cost": 1760.41, "Plan Rows": 36365, "Plan Width": 4, "Actual Rows": 33808, "Actual Loops": 1, "Filter": "((views <= 33) AND (downvotes >= 0) AND (creationdate >= '2010-08-19 17:31:36'::timestamp without time zone) AND (creationdate <= '2014-08-06 07:23:12'::timestamp without time zone))", "Rows Removed by Filter": 1662}]}, {"Node Type": "Index Scan", "Parent Relationship": "Inner", "Parallel Aware": false, "Async Capable": false, "Scan Direction": "Forward", "Index Name": "idx_badges_userid", "Relation Name": "badges", "Alias": "b", "Startup Cost": 0.29, "Total Cost": 3064.97, "Plan Rows": 79562, "Plan Width": 4, "Actual Rows": 76883, "Actual Loops": 1, "Filter": "(date <= '2014-09-10 22:50:06'::timestamp without time zone)", "Rows Removed by Filter": 157}]}]}, "Planning Time": 1.492, "Triggers": [], "Execution Time": 66.021}, {"Plan": {"Node Type": "Aggregate", "Strategy": "Plain", "Partial Mode": "Simple", "Parallel Aware": false, "Async Capable": false, "Startup Cost": 4872.18, "Total Cost": 4872.19, "Plan Rows": 1, "Plan Width": 8, "Actual Rows": 1, "Actual Loops": 1, "Plans": [{"Node Type": "Nested Loop", "Parent Relationship": "Outer", "Parallel Aware": false, "Async Capable": false, "Join Type": "Inner", "Startup Cost": 1.17, "Total Cost": 4871.79, "Plan Rows": 156, "Plan Width": 0, "Actual Rows": 1717, "Actual Loops": 1, "Inner Unique": false, "Plans": [{"Node Type": "Nested Loop", "Parent Relationship": "Outer", "Parallel Aware": false, "Async Capable": false, "Join Type": "Inner", "Startup Cost": 0.88, "Total Cost": 4836.65, "Plan Rows": 79, "Plan Width": 8, "Actual Rows": 332, "Actual Loops": 1, "Inner Unique": true, "Plans": [{"Node Type": "Nested Loop", "Parent Relationship": "Outer", "Parallel Aware": false, "Async Capable": false, "Join Type": "Inner", "Startup Cost": 0.59, "Total Cost": 4616.6, "Plan Rows": 89, "Plan Width": 4, "Actual Rows": 560, "Actual Loops": 1, "Inner Unique": true, "Plans": [{"Node Type": "Index Scan", "Parent Relationship": "Outer", "Parallel Aware": false, "Async Capable": false, "Scan Direction": "Forward", "Index Name": "idx_postlinks_relatedpostid", "Relation Name": "postlinks", "Alias": "pl", "Startup Cost": 0.29, "Total Cost": 558.72, "Plan Rows": 10744, "Plan Width": 4, "Actual Rows": 10739, "Actual Loops": 1, "Filter": "(creationdate <= '2014-08-17 01:23:50'::timestamp without time zone)", "Rows Removed by Filter": 363}, {"Node Type": "Memoize", "Parent Relationship": "Inner", "Parallel Aware": false, "Async Capable": false, "Startup Cost": 0.3, "Total Cost": 0.74, "Plan Rows": 1, "Plan Width": 8, "Actual Rows": 0, "Actual Loops": 10739, "Cache Key": "pl.relatedpostid", "Cache Mode": "logical", "Cache Hits": 5707, "Cache Misses": 5032, "Cache Evictions": 0, "Cache Overflows": 0, "Peak Memory Usage": 347, "Plans": [{"Node Type": "Index Scan", "Parent Relationship": "Outer", "Parallel Aware": false, "Async Capable": false, "Scan Direction": "Forward", "Index Name": "posts_pkey", "Relation Name": "posts", "Alias": "p", "Startup Cost": 0.29, "Total Cost": 0.73, "Plan Rows": 1, "Plan Width": 8, "Actual Rows": 0, "Actual Loops": 5032, "Index Cond": "(id = pl.relatedpostid)", "Rows Removed by Index Recheck": 0, "Filter": "((score >= '-1'::integer) AND (score <= 10) AND (answercount <= 5) AND (favoritecount >= 0) AND (favoritecount <= 6) AND (commentcount = 2))", "Rows Removed by Filter": 1}]}]}, {"Node Type": "Index Scan", "Parent Relationship": "Inner", "Parallel Aware": false, "Async Capable": false, "Scan Direction": "Forward", "Index Name": "users_pkey", "Relation Name": "users", "Alias": "u", "Startup Cost": 0.29, "Total Cost": 2.47, "Plan Rows": 1, "Plan Width": 4, "Actual Rows": 1, "Actual Loops": 560, "Index Cond": "(id = p.owneruserid)", "Rows Removed by Index Recheck": 0, "Filter": "((views <= 33) AND (downvotes >= 0) AND (creationdate >= '2010-08-19 17:31:36'::timestamp without time zone) AND (creationdate <= '2014-08-06 07:23:12'::timestamp without time zone))", "Rows Removed by Filter": 0}]}, {"Node Type": "Index Scan", "Parent Relationship": "Inner", "Parallel Aware": false, "Async Capable": false, "Scan Direction": "Forward", "Index Name": "idx_badges_userid", "Relation Name": "badges", "Alias": "b", "Startup Cost": 0.29, "Total Cost": 0.41, "Plan Rows": 3, "Plan Width": 4, "Actual Rows": 5, "Actual Loops": 332, "Index Cond": "(userid = u.id)", "Rows Removed by Index Recheck": 0, "Filter": "(date <= '2014-09-10 22:50:06'::timestamp without time zone)", "Rows Removed by Filter": 0}]}]}, "Planning Time": 1.21, "Triggers": [], "Execution Time": 15.439}, {"Plan": {"Node Type": "Aggregate", "Strategy": "Plain", "Partial Mode": "Simple", "Parallel Aware": false, "Async Capable": false, "Startup Cost": 6687.62, "Total Cost": 6687.63, "Plan Rows": 1, "Plan Width": 8, "Actual Rows": 1, "Actual Loops": 1, "Plans": [{"Node Type": "Hash Join", "Parent Relationship": "Outer", "Parallel Aware": false, "Async Capable": false, "Join Type": "Inner", "Startup Cost": 4957.17, "Total Cost": 6687.23, "Plan Rows": 156, "Plan Width": 0, "Actual Rows": 1717, "Actual Loops": 1, "Inner Unique": false, "Hash Cond": "(b.userid = u.id)", "Plans": [{"Node Type": "Seq Scan", "Parent Relationship": "Outer", "Parallel Aware": false, "Async Capable": false, "Relation Name": "badges", "Alias": "b", "Startup Cost": 0.0, "Total Cost": 1430.14, "Plan Rows": 79562, "Plan Width": 4, "Actual Rows": 79571, "Actual Loops": 1, "Filter": "(date <= '2014-09-10 22:50:06'::timestamp without time zone)", "Rows Removed by Filter": 280}, {"Node Type": "Hash", "Parent Relationship": "Inner", "Parallel Aware": false, "Async Capable": false, "Startup Cost": 4956.19, "Total Cost": 4956.19, "Plan Rows": 79, "Plan Width": 8, "Actual Rows": 332, "Actual Loops": 1, "Hash Buckets": 1024, "Original Hash Buckets": 1024, "Hash Batches": 1, "Original Hash Batches": 1, "Peak Memory Usage": 21, "Plans": [{"Node Type": "Hash Join", "Parent Relationship": "Outer", "Parallel Aware": false, "Async Capable": false, "Join Type": "Inner", "Startup Cost": 4706.98, "Total Cost": 4956.19, "Plan Rows": 79, "Plan Width": 8, "Actual Rows": 332, "Actual Loops": 1, "Inner Unique": true, "Hash Cond": "(p.owneruserid = u.id)", "Plans": [{"Node Type": "Hash Join", "Parent Relationship": "Outer", "Parallel Aware": false, "Async Capable": false, "Join Type": "Inner", "Startup Cost": 3148.91, "Total Cost": 3397.89, "Plan Rows": 89, "Plan Width": 4, "Actual Rows": 560, "Actual Loops": 1, "Inner Unique": true, "Hash Cond": "(pl.relatedpostid = p.id)", "Plans": [{"Node Type": "Seq Scan", "Parent Relationship": "Outer", "Parallel Aware": false, "Async Capable": false, "Relation Name": "postlinks", "Alias": "pl", "Startup Cost": 0.0, "Total Cost": 220.78, "Plan Rows": 10744, "Plan Width": 4, "Actual Rows": 10739, "Actual Loops": 1, "Filter": "(creationdate <= '2014-08-17 01:23:50'::timestamp without time zone)", "Rows Removed by Filter": 363}, {"Node Type": "Hash", "Parent Relationship": "Inner", "Parallel Aware": false, "Async Capable": false, "Startup Cost": 3139.4, "Total Cost": 3139.4, "Plan Rows": 761, "Plan Width": 8, "Actual Rows": 1654, "Actual Loops": 1, "Hash Buckets": 2048, "Original Hash Buckets": 1024, "Hash Batches": 1, "Original Hash Batches": 1, "Peak Memory Usage": 81, "Plans": [{"Node Type": "Seq Scan", "Parent Relationship": "Outer", "Parallel Aware": false, "Async Capable": false, "Relation Name": "posts", "Alias": "p", "Startup Cost": 0.0, "Total Cost": 3139.4, "Plan Rows": 761, "Plan Width": 8, "Actual Rows": 1654, "Actual Loops": 1, "Filter": "((score >= '-1'::integer) AND (score <= 10) AND (answercount <= 5) AND (favoritecount >= 0) AND (favoritecount <= 6) AND (commentcount = 2))", "Rows Removed by Filter": 90322}]}]}, {"Node Type": "Hash", "Parent Relationship": "Inner", "Parallel Aware": false, "Async Capable": false, "Startup Cost": 1103.5, "Total Cost": 1103.5, "Plan Rows": 36365, "Plan Width": 4, "Actual Rows": 36456, "Actual Loops": 1, "Hash Buckets": 65536, "Original Hash Buckets": 65536, "Hash Batches": 1, "Original Hash Batches": 1, "Peak Memory Usage": 1794, "Plans": [{"Node Type": "Seq Scan", "Parent Relationship": "Outer", "Parallel Aware": false, "Async Capable": false, "Relation Name": "users", "Alias": "u", "Startup Cost": 0.0, "Total Cost": 1103.5, "Plan Rows": 36365, "Plan Width": 4, "Actual Rows": 36456, "Actual Loops": 1, "Filter": "((views <= 33) AND (downvotes >= 0) AND (creationdate >= '2010-08-19 17:31:36'::timestamp without time zone) AND (creationdate <= '2014-08-06 07:23:12'::timestamp without time zone))", "Rows Removed by Filter": 3869}]}]}]}]}]}, "Planning Time": 1.136, "Triggers": [], "Execution Time": 36.835}, {"Plan": {"Node Type": "Aggregate", "Strategy": "Plain", "Partial Mode": "Simple", "Parallel Aware": false, "Async Capable": false, "Startup Cost": 10000009665.83, "Total Cost": 10000009665.84, "Plan Rows": 1, "Plan Width": 8, "Actual Rows": 1, "Actual Loops": 1, "Plans": [{"Node Type": "Nested Loop", "Parent Relationship": "Outer", "Parallel Aware": false, "Async Capable": false, "Join Type": "Inner", "Startup Cost": 10000000001.94, "Total Cost": 10000009665.44, "Plan Rows": 156, "Plan Width": 0, "Actual Rows": 1717, "Actual Loops": 1, "Inner Unique": false, "Plans": [{"Node Type": "Nested Loop", "Parent Relationship": "Outer", "Parallel Aware": false, "Async Capable": false, "Join Type": "Inner", "Startup Cost": 10000000001.61, "Total Cost": 10000009317.4, "Plan Rows": 79, "Plan Width": 8, "Actual Rows": 332, "Actual Loops": 1, "Inner Unique": true, "Plans": [{"Node Type": "Nested Loop", "Parent Relationship": "Outer", "Parallel Aware": false, "Async Capable": false, "Join Type": "Inner", "Startup Cost": 10000000000.72, "Total Cost": 10000008880.04, "Plan Rows": 89, "Plan Width": 4, "Actual Rows": 560, "Actual Loops": 1, "Inner Unique": false, "Plans": [{"Node Type": "Index Scan", "Parent Relationship": "Outer", "Parallel Aware": false, "Async Capable": false, "Scan Direction": "Forward", "Index Name": "idx_posts_owneruserid", "Relation Name": "posts", "Alias": "p", "Startup Cost": 10000000000.29, "Total Cost": 10000005473.31, "Plan Rows": 761, "Plan Width": 8, "Actual Rows": 1654, "Actual Loops": 1, "Filter": "((score >= '-1'::integer) AND (score <= 10) AND (answercount <= 5) AND (favoritecount >= 0) AND (favoritecount <= 6) AND (commentcount = 2))", "Rows Removed by Filter": 90322}, {"Node Type": "Bitmap Heap Scan", "Parent Relationship": "Inner", "Parallel Aware": false, "Async Capable": false, "Relation Name": "postlinks", "Alias": "pl", "Startup Cost": 0.43, "Total Cost": 4.46, "Plan Rows": 2, "Plan Width": 4, "Actual Rows": 0, "Actual Loops": 1654, "Recheck Cond": "(relatedpostid = p.id)", "Rows Removed by Index Recheck": 0, "Filter": "(creationdate <= '2014-08-17 01:23:50'::timestamp without time zone)", "Rows Removed by Filter": 0, "Exact Heap Blocks": 518, "Lossy Heap Blocks": 0, "Plans": [{"Node Type": "Bitmap Index Scan", "Parent Relationship": "Outer", "Parallel Aware": false, "Async Capable": false, "Index Name": "idx_postlinks_relatedpostid", "Startup Cost": 0.0, "Total Cost": 0.43, "Plan Rows": 2, "Plan Width": 0, "Actual Rows": 0, "Actual Loops": 1654, "Index Cond": "(relatedpostid = p.id)"}]}]}, {"Node Type": "Bitmap Heap Scan", "Parent Relationship": "Inner", "Parallel Aware": false, "Async Capable": false, "Relation Name": "users", "Alias": "u", "Startup Cost": 0.89, "Total Cost": 4.91, "Plan Rows": 1, "Plan Width": 4, "Actual Rows": 1, "Actual Loops": 560, "Recheck Cond": "(p.owneruserid = id)", "Rows Removed by Index Recheck": 0, "Filter": "((views <= 33) AND (downvotes >= 0) AND (creationdate >= '2010-08-19 17:31:36'::timestamp without time zone) AND (creationdate <= '2014-08-06 07:23:12'::timestamp without time zone))", "Rows Removed by Filter": 0, "Exact Heap Blocks": 544, "Lossy Heap Blocks": 0, "Plans": [{"Node Type": "Bitmap Index Scan", "Parent Relationship": "Outer", "Parallel Aware": false, "Async Capable": false, "Index Name": "users_pkey", "Startup Cost": 0.0, "Total Cost": 0.89, "Plan Rows": 1, "Plan Width": 0, "Actual Rows": 1, "Actual Loops": 560, "Index Cond": "(id = p.owneruserid)"}]}]}, {"Node Type": "Bitmap Heap Scan", "Parent Relationship": "Inner", "Parallel Aware": false, "Async Capable": false, "Relation Name": "badges", "Alias": "b", "Startup Cost": 0.33, "Total Cost": 4.38, "Plan Rows": 3, "Plan Width": 4, "Actual Rows": 5, "Actual Loops": 332, "Recheck Cond": "(u.id = userid)", "Rows Removed by Index Recheck": 0, "Filter": "(date <= '2014-09-10 22:50:06'::timestamp without time zone)", "Rows Removed by Filter": 0, "Exact Heap Blocks": 1341, "Lossy Heap Blocks": 0, "Plans": [{"Node Type": "Bitmap Index Scan", "Parent Relationship": "Outer", "Parallel Aware": false, "Async Capable": false, "Index Name": "idx_badges_userid", "Startup Cost": 0.0, "Total Cost": 0.33, "Plan Rows": 3, "Plan Width": 0, "Actual Rows": 5, "Actual Loops": 332, "Index Cond": "(userid = u.id)"}]}]}]}, "Planning Time": 1.053, "Triggers": [], "Execution Time": 31.561}, {"Plan": {"Node Type": "Aggregate", "Strategy": "Plain", "Partial Mode": "Simple", "Parallel Aware": false, "Async Capable": false, "Startup Cost": 4183.68, "Total Cost": 4183.69, "Plan Rows": 1, "Plan Width": 8, "Actual Rows": 1, "Actual Loops": 1, "Plans": [{"Node Type": "Nested Loop", "Parent Relationship": "Outer", "Parallel Aware": false, "Async Capable": false, "Join Type": "Inner", "Startup Cost": 3150.13, "Total Cost": 4183.29, "Plan Rows": 156, "Plan Width": 0, "Actual Rows": 1717, "Actual Loops": 1, "Inner Unique": false, "Plans": [{"Node Type": "Nested Loop", "Parent Relationship": "Outer", "Parallel Aware": false, "Async Capable": false, "Join Type": "Inner", "Startup Cost": 3149.8, "Total Cost": 3835.25, "Plan Rows": 79, "Plan Width": 8, "Actual Rows": 332, "Actual Loops": 1, "Inner Unique": true, "Plans": [{"Node Type": "Hash Join", "Parent Relationship": "Outer", "Parallel Aware": false, "Async Capable": false, "Join Type": "Inner", "Startup Cost": 3148.91, "Total Cost": 3397.89, "Plan Rows": 89, "Plan Width": 4, "Actual Rows": 560, "Actual Loops": 1, "Inner Unique": true, "Hash Cond": "(pl.relatedpostid = p.id)", "Plans": [{"Node Type": "Seq Scan", "Parent Relationship": "Outer", "Parallel Aware": false, "Async Capable": false, "Relation Name": "postlinks", "Alias": "pl", "Startup Cost": 0.0, "Total Cost": 220.78, "Plan Rows": 10744, "Plan Width": 4, "Actual Rows": 10739, "Actual Loops": 1, "Filter": "(creationdate <= '2014-08-17 01:23:50'::timestamp without time zone)", "Rows Removed by Filter": 363}, {"Node Type": "Hash", "Parent Relationship": "Inner", "Parallel Aware": false, "Async Capable": false, "Startup Cost": 3139.4, "Total Cost": 3139.4, "Plan Rows": 761, "Plan Width": 8, "Actual Rows": 1654, "Actual Loops": 1, "Hash Buckets": 2048, "Original Hash Buckets": 1024, "Hash Batches": 1, "Original Hash Batches": 1, "Peak Memory Usage": 81, "Plans": [{"Node Type": "Seq Scan", "Parent Relationship": "Outer", "Parallel Aware": false, "Async Capable": false, "Relation Name": "posts", "Alias": "p", "Startup Cost": 0.0, "Total Cost": 3139.4, "Plan Rows": 761, "Plan Width": 8, "Actual Rows": 1654, "Actual Loops": 1, "Filter": "((score >= '-1'::integer) AND (score <= 10) AND (answercount <= 5) AND (favoritecount >= 0) AND (favoritecount <= 6) AND (commentcount = 2))", "Rows Removed by Filter": 90322}]}]}, {"Node Type": "Bitmap Heap Scan", "Parent Relationship": "Inner", "Parallel Aware": false, "Async Capable": false, "Relation Name": "users", "Alias": "u", "Startup Cost": 0.89, "Total Cost": 4.91, "Plan Rows": 1, "Plan Width": 4, "Actual Rows": 1, "Actual Loops": 560, "Recheck Cond": "(p.owneruserid = id)", "Rows Removed by Index Recheck": 0, "Filter": "((views <= 33) AND (downvotes >= 0) AND (creationdate >= '2010-08-19 17:31:36'::timestamp without time zone) AND (creationdate <= '2014-08-06 07:23:12'::timestamp without time zone))", "Rows Removed by Filter": 0, "Exact Heap Blocks": 544, "Lossy Heap Blocks": 0, "Plans": [{"Node Type": "Bitmap Index Scan", "Parent Relationship": "Outer", "Parallel Aware": false, "Async Capable": false, "Index Name": "users_pkey", "Startup Cost": 0.0, "Total Cost": 0.89, "Plan Rows": 1, "Plan Width": 0, "Actual Rows": 1, "Actual Loops": 560, "Index Cond": "(id = p.owneruserid)"}]}]}, {"Node Type": "Bitmap Heap Scan", "Parent Relationship": "Inner", "Parallel Aware": false, "Async Capable": false, "Relation Name": "badges", "Alias": "b", "Startup Cost": 0.33, "Total Cost": 4.38, "Plan Rows": 3, "Plan Width": 4, "Actual Rows": 5, "Actual Loops": 332, "Recheck Cond": "(u.id = userid)", "Rows Removed by Index Recheck": 0, "Filter": "(date <= '2014-09-10 22:50:06'::timestamp without time zone)", "Rows Removed by Filter": 0, "Exact Heap Blocks": 1341, "Lossy Heap Blocks": 0, "Plans": [{"Node Type": "Bitmap Index Scan", "Parent Relationship": "Outer", "Parallel Aware": false, "Async Capable": false, "Index Name": "idx_badges_userid", "Startup Cost": 0.0, "Total Cost": 0.33, "Plan Rows": 3, "Plan Width": 0, "Actual Rows": 5, "Actual Loops": 332, "Index Cond": "(userid = u.id)"}]}]}]}, "Planning Time": 0.923, "Triggers": [], "Execution Time": 12.466}, {"Plan": {"Node Type": "Aggregate", "Strategy": "Plain", "Partial Mode": "Simple", "Parallel Aware": false, "Async Capable": false, "Startup Cost": 4021.67, "Total Cost": 4021.68, "Plan Rows": 1, "Plan Width": 8, "Actual Rows": 1, "Actual Loops": 1, "Plans": [{"Node Type": "Nested Loop", "Parent Relationship": "Outer", "Parallel Aware": false, "Async Capable": false, "Join Type": "Inner", "Startup Cost": 3176.69, "Total Cost": 4021.28, "Plan Rows": 156, "Plan Width": 0, "Actual Rows": 1717, "Actual Loops": 1, "Inner Unique": false, "Plans": [{"Node Type": "Nested Loop", "Parent Relationship": "Outer", "Parallel Aware": false, "Async Capable": false, "Join Type": "Inner", "Startup Cost": 3176.4, "Total Cost": 3986.14, "Plan Rows": 79, "Plan Width": 8, "Actual Rows": 332, "Actual Loops": 1, "Inner Unique": true, "Plans": [{"Node Type": "Merge Join", "Parent Relationship": "Outer", "Parallel Aware": false, "Async Capable": false, "Join Type": "Inner", "Startup Cost": 3176.11, "Total Cost": 3766.08, "Plan Rows": 89, "Plan Width": 4, "Actual Rows": 560, "Actual Loops": 1, "Inner Unique": true, "Merge Cond": "(pl.relatedpostid = p.id)", "Plans": [{"Node Type": "Index Scan", "Parent Relationship": "Outer", "Parallel Aware": false, "Async Capable": false, "Scan Direction": "Forward", "Index Name": "idx_postlinks_relatedpostid", "Relation Name": "postlinks", "Alias": "pl", "Startup Cost": 0.29, "Total Cost": 558.72, "Plan Rows": 10744, "Plan Width": 4, "Actual Rows": 10739, "Actual Loops": 1, "Filter": "(creationdate <= '2014-08-17 01:23:50'::timestamp without time zone)", "Rows Removed by Filter": 363}, {"Node Type": "Sort", "Parent Relationship": "Inner", "Parallel Aware": false, "Async Capable": false, "Startup Cost": 3175.82, "Total Cost": 3177.72, "Plan Rows": 761, "Plan Width": 8, "Actual Rows": 1630, "Actual Loops": 1, "Sort Key": ["p.id"], "Sort Method": "quicksort", "Sort Space Used": 100, "Sort Space Type": "Memory", "Plans": [{"Node Type": "Seq Scan", "Parent Relationship": "Outer", "Parallel Aware": false, "Async Capable": false, "Relation Name": "posts", "Alias": "p", "Startup Cost": 0.0, "Total Cost": 3139.4, "Plan Rows": 761, "Plan Width": 8, "Actual Rows": 1654, "Actual Loops": 1, "Filter": "((score >= '-1'::integer) AND (score <= 10) AND (answercount <= 5) AND (favoritecount >= 0) AND (favoritecount <= 6) AND (commentcount = 2))", "Rows Removed by Filter": 90322}]}]}, {"Node Type": "Index Scan", "Parent Relationship": "Inner", "Parallel Aware": false, "Async Capable": false, "Scan Direction": "Forward", "Index Name": "users_pkey", "Relation Name": "users", "Alias": "u", "Startup Cost": 0.29, "Total Cost": 2.47, "Plan Rows": 1, "Plan Width": 4, "Actual Rows": 1, "Actual Loops": 560, "Index Cond": "(id = p.owneruserid)", "Rows Removed by Index Recheck": 0, "Filter": "((views <= 33) AND (downvotes >= 0) AND (creationdate >= '2010-08-19 17:31:36'::timestamp without time zone) AND (creationdate <= '2014-08-06 07:23:12'::timestamp without time zone))", "Rows Removed by Filter": 0}]}, {"Node Type": "Index Scan", "Parent Relationship": "Inner", "Parallel Aware": false, "Async Capable": false, "Scan Direction": "Forward", "Index Name": "idx_badges_userid", "Relation Name": "badges", "Alias": "b", "Startup Cost": 0.29, "Total Cost": 0.41, "Plan Rows": 3, "Plan Width": 4, "Actual Rows": 5, "Actual Loops": 332, "Index Cond": "(userid = u.id)", "Rows Removed by Index Recheck": 0, "Filter": "(date <= '2014-09-10 22:50:06'::timestamp without time zone)", "Rows Removed by Filter": 0}]}]}, "Planning Time": 0.924, "Triggers": [], "Execution Time": 12.957}, {"Plan": {"Node Type": "Aggregate", "Strategy": "Plain", "Partial Mode": "Simple", "Parallel Aware": false, "Async Capable": false, "Startup Cost": 8887.54, "Total Cost": 8887.55, "Plan Rows": 1, "Plan Width": 8, "Actual Rows": 1, "Actual Loops": 1, "Plans": [{"Node Type": "Merge Join", "Parent Relationship": "Outer", "Parallel Aware": false, "Async Capable": false, "Join Type": "Inner", "Startup Cost": 3769.55, "Total Cost": 8887.15, "Plan Rows": 156, "Plan Width": 0, "Actual Rows": 1717, "Actual Loops": 1, "Inner Unique": false, "Merge Cond": "(u.id = b.userid)", "Plans": [{"Node Type": "Merge Join", "Parent Relationship": "Outer", "Parallel Aware": false, "Async Capable": false, "Join Type": "Inner", "Startup Cost": 3769.25, "Total Cost": 5621.52, "Plan Rows": 79, "Plan Width": 8, "Actual Rows": 332, "Actual Loops": 1, "Inner Unique": false, "Merge Cond": "(u.id = p.owneruserid)", "Plans": [{"Node Type": "Index Scan", "Parent Relationship": "Outer", "Parallel Aware": false, "Async Capable": false, "Scan Direction": "Forward", "Index Name": "users_pkey", "Relation Name": "users", "Alias": "u", "Startup Cost": 0.29, "Total Cost": 1760.41, "Plan Rows": 36365, "Plan Width": 4, "Actual Rows": 33809, "Actual Loops": 1, "Filter": "((views <= 33) AND (downvotes >= 0) AND (creationdate >= '2010-08-19 17:31:36'::timestamp without time zone) AND (creationdate <= '2014-08-06 07:23:12'::timestamp without time zone))", "Rows Removed by Filter": 1662}, {"Node Type": "Sort", "Parent Relationship": "Inner", "Parallel Aware": false, "Async Capable": false, "Startup Cost": 3768.96, "Total Cost": 3769.19, "Plan Rows": 89, "Plan Width": 4, "Actual Rows": 545, "Actual Loops": 1, "Sort Key": ["p.owneruserid"], "Sort Method": "quicksort", "Sort Space Used": 25, "Sort Space Type": "Memory", "Plans": [{"Node Type": "Merge Join", "Parent Relationship": "Outer", "Parallel Aware": false, "Async Capable": false, "Join Type": "Inner", "Startup Cost": 3176.11, "Total Cost": 3766.08, "Plan Rows": 89, "Plan Width": 4, "Actual Rows": 560, "Actual Loops": 1, "Inner Unique": true, "Merge Cond": "(pl.relatedpostid = p.id)", "Plans": [{"Node Type": "Index Scan", "Parent Relationship": "Outer", "Parallel Aware": false, "Async Capable": false, "Scan Direction": "Forward", "Index Name": "idx_postlinks_relatedpostid", "Relation Name": "postlinks", "Alias": "pl", "Startup Cost": 0.29, "Total Cost": 558.72, "Plan Rows": 10744, "Plan Width": 4, "Actual Rows": 10739, "Actual Loops": 1, "Filter": "(creationdate <= '2014-08-17 01:23:50'::timestamp without time zone)", "Rows Removed by Filter": 363}, {"Node Type": "Sort", "Parent Relationship": "Inner", "Parallel Aware": false, "Async Capable": false, "Startup Cost": 3175.82, "Total Cost": 3177.72, "Plan Rows": 761, "Plan Width": 8, "Actual Rows": 1630, "Actual Loops": 1, "Sort Key": ["p.id"], "Sort Method": "quicksort", "Sort Space Used": 100, "Sort Space Type": "Memory", "Plans": [{"Node Type": "Seq Scan", "Parent Relationship": "Outer", "Parallel Aware": false, "Async Capable": false, "Relation Name": "posts", "Alias": "p", "Startup Cost": 0.0, "Total Cost": 3139.4, "Plan Rows": 761, "Plan Width": 8, "Actual Rows": 1654, "Actual Loops": 1, "Filter": "((score >= '-1'::integer) AND (score <= 10) AND (answercount <= 5) AND (favoritecount >= 0) AND (favoritecount <= 6) AND (commentcount = 2))", "Rows Removed by Filter": 90322}]}]}]}]}, {"Node Type": "Index Scan", "Parent Relationship": "Inner", "Parallel Aware": false, "Async Capable": false, "Scan Direction": "Forward", "Index Name": "idx_badges_userid", "Relation Name": "badges", "Alias": "b", "Startup Cost": 0.29, "Total Cost": 3064.97, "Plan Rows": 79562, "Plan Width": 4, "Actual Rows": 76883, "Actual Loops": 1, "Filter": "(date <= '2014-09-10 22:50:06'::timestamp without time zone)", "Rows Removed by Filter": 157}]}]}, "Planning Time": 1.337, "Triggers": [], "Execution Time": 60.295}, {"Plan": {"Node Type": "Aggregate", "Strategy": "Plain", "Partial Mode": "Simple", "Parallel Aware": false, "Async Capable": false, "Startup Cost": 4081.53, "Total Cost": 4081.54, "Plan Rows": 1, "Plan Width": 8, "Actual Rows": 1, "Actual Loops": 1, "Plans": [{"Node Type": "Nested Loop", "Parent Relationship": "Outer", "Parallel Aware": false, "Async Capable": false, "Join Type": "Inner", "Startup Cost": 0.87, "Total Cost": 4081.14, "Plan Rows": 156, "Plan Width": 0, "Actual Rows": 1717, "Actual Loops": 1, "Inner Unique": false, "Plans": [{"Node Type": "Nested Loop", "Parent Relationship": "Outer", "Parallel Aware": false, "Async Capable": false, "Join Type": "Inner", "Startup Cost": 0.57, "Total Cost": 4046.0, "Plan Rows": 79, "Plan Width": 8, "Actual Rows": 332, "Actual Loops": 1, "Inner Unique": true, "Plans": [{"Node Type": "Nested Loop", "Parent Relationship": "Outer", "Parallel Aware": false, "Async Capable": false, "Join Type": "Inner", "Startup Cost": 0.29, "Total Cost": 3825.94, "Plan Rows": 89, "Plan Width": 4, "Actual Rows": 560, "Actual Loops": 1, "Inner Unique": false, "Plans": [{"Node Type": "Seq Scan", "Parent Relationship": "Outer", "Parallel Aware": false, "Async Capable": false, "Relation Name": "posts", "Alias": "p", "Startup Cost": 0.0, "Total Cost": 3139.4, "Plan Rows": 761, "Plan Width": 8, "Actual Rows": 1654, "Actual Loops": 1, "Filter": "((score >= '-1'::integer) AND (score <= 10) AND (answercount <= 5) AND (favoritecount >= 0) AND (favoritecount <= 6) AND (commentcount = 2))", "Rows Removed by Filter": 90322}, {"Node Type": "Index Scan", "Parent Relationship": "Inner", "Parallel Aware": false, "Async Capable": false, "Scan Direction": "Forward", "Index Name": "idx_postlinks_relatedpostid", "Relation Name": "postlinks", "Alias": "pl", "Startup Cost": 0.29, "Total Cost": 0.88, "Plan Rows": 2, "Plan Width": 4, "Actual Rows": 0, "Actual Loops": 1654, "Index Cond": "(relatedpostid = p.id)", "Rows Removed by Index Recheck": 0, "Filter": "(creationdate <= '2014-08-17 01:23:50'::timestamp without time zone)", "Rows Removed by Filter": 0}]}, {"Node Type": "Index Scan", "Parent Relationship": "Inner", "Parallel Aware": false, "Async Capable": false, "Scan Direction": "Forward", "Index Name": "users_pkey", "Relation Name": "users", "Alias": "u", "Startup Cost": 0.29, "Total Cost": 2.47, "Plan Rows": 1, "Plan Width": 4, "Actual Rows": 1, "Actual Loops": 560, "Index Cond": "(id = p.owneruserid)", "Rows Removed by Index Recheck": 0, "Filter": "((views <= 33) AND (downvotes >= 0) AND (creationdate >= '2010-08-19 17:31:36'::timestamp without time zone) AND (creationdate <= '2014-08-06 07:23:12'::timestamp without time zone))", "Rows Removed by Filter": 0}]}, {"Node Type": "Index Scan", "Parent Relationship": "Inner", "Parallel Aware": false, "Async Capable": false, "Scan Direction": "Forward", "Index Name": "idx_badges_userid", "Relation Name": "badges", "Alias": "b", "Startup Cost": 0.29, "Total Cost": 0.41, "Plan Rows": 3, "Plan Width": 4, "Actual Rows": 5, "Actual Loops": 332, "Index Cond": "(userid = u.id)", "Rows Removed by Index Recheck": 0, "Filter": "(date <= '2014-09-10 22:50:06'::timestamp without time zone)", "Rows Removed by Filter": 0}]}]}, "Planning Time": 0.772, "Triggers": [], "Execution Time": 15.321}, {"Plan": {"Node Type": "Aggregate", "Strategy": "Plain", "Partial Mode": "Simple", "Parallel Aware": false, "Async Capable": false, "Startup Cost": 4960.17, "Total Cost": 4960.18, "Plan Rows": 1, "Plan Width": 8, "Actual Rows": 1, "Actual Loops": 1, "Plans": [{"Node Type": "Nested Loop", "Parent Relationship": "Outer", "Parallel Aware": false, "Async Capable": false, "Join Type": "Inner", "Startup Cost": 4117.2, "Total Cost": 4959.78, "Plan Rows": 156, "Plan Width": 0, "Actual Rows": 1717, "Actual Loops": 1, "Inner Unique": false, "Plans": [{"Node Type": "Nested Loop", "Parent Relationship": "Outer", "Parallel Aware": false, "Async Capable": false, "Join Type": "Inner", "Startup Cost": 4116.86, "Total Cost": 4611.74, "Plan Rows": 79, "Plan Width": 8, "Actual Rows": 332, "Actual Loops": 1, "Inner Unique": true, "Plans": [{"Node Type": "Merge Join", "Parent Relationship": "Outer", "Parallel Aware": false, "Async Capable": false, "Join Type": "Inner", "Startup Cost": 4115.97, "Total Cost": 4174.38, "Plan Rows": 89, "Plan Width": 4, "Actual Rows": 560, "Actual Loops": 1, "Inner Unique": true, "Merge Cond": "(pl.relatedpostid = p.id)", "Plans": [{"Node Type": "Sort", "Parent Relationship": "Outer", "Parallel Aware": false, "Async Capable": false, "Startup Cost": 940.15, "Total Cost": 967.01, "Plan Rows": 10744, "Plan Width": 4, "Actual Rows": 10739, "Actual Loops": 1, "Sort Key": ["pl.relatedpostid"], "Sort Method": "quicksort", "Sort Space Used": 385, "Sort Space Type": "Memory", "Plans": [{"Node Type": "Seq Scan", "Parent Relationship": "Outer", "Parallel Aware": false, "Async Capable": false, "Relation Name": "postlinks", "Alias": "pl", "Startup Cost": 0.0, "Total Cost": 220.78, "Plan Rows": 10744, "Plan Width": 4, "Actual Rows": 10739, "Actual Loops": 1, "Filter": "(creationdate <= '2014-08-17 01:23:50'::timestamp without time zone)", "Rows Removed by Filter": 363}]}, {"Node Type": "Sort", "Parent Relationship": "Inner", "Parallel Aware": false, "Async Capable": false, "Startup Cost": 3175.82, "Total Cost": 3177.72, "Plan Rows": 761, "Plan Width": 8, "Actual Rows": 1630, "Actual Loops": 1, "Sort Key": ["p.id"], "Sort Method": "quicksort", "Sort Space Used": 100, "Sort Space Type": "Memory", "Plans": [{"Node Type": "Seq Scan", "Parent Relationship": "Outer", "Parallel Aware": false, "Async Capable": false, "Relation Name": "posts", "Alias": "p", "Startup Cost": 0.0, "Total Cost": 3139.4, "Plan Rows": 761, "Plan Width": 8, "Actual Rows": 1654, "Actual Loops": 1, "Filter": "((score >= '-1'::integer) AND (score <= 10) AND (answercount <= 5) AND (favoritecount >= 0) AND (favoritecount <= 6) AND (commentcount = 2))", "Rows Removed by Filter": 90322}]}]}, {"Node Type": "Bitmap Heap Scan", "Parent Relationship": "Inner", "Parallel Aware": false, "Async Capable": false, "Relation Name": "users", "Alias": "u", "Startup Cost": 0.89, "Total Cost": 4.91, "Plan Rows": 1, "Plan Width": 4, "Actual Rows": 1, "Actual Loops": 560, "Recheck Cond": "(p.owneruserid = id)", "Rows Removed by Index Recheck": 0, "Filter": "((views <= 33) AND (downvotes >= 0) AND (creationdate >= '2010-08-19 17:31:36'::timestamp without time zone) AND (creationdate <= '2014-08-06 07:23:12'::timestamp without time zone))", "Rows Removed by Filter": 0, "Exact Heap Blocks": 544, "Lossy Heap Blocks": 0, "Plans": [{"Node Type": "Bitmap Index Scan", "Parent Relationship": "Outer", "Parallel Aware": false, "Async Capable": false, "Index Name": "users_pkey", "Startup Cost": 0.0, "Total Cost": 0.89, "Plan Rows": 1, "Plan Width": 0, "Actual Rows": 1, "Actual Loops": 560, "Index Cond": "(id = p.owneruserid)"}]}]}, {"Node Type": "Bitmap Heap Scan", "Parent Relationship": "Inner", "Parallel Aware": false, "Async Capable": false, "Relation Name": "badges", "Alias": "b", "Startup Cost": 0.33, "Total Cost": 4.38, "Plan Rows": 3, "Plan Width": 4, "Actual Rows": 5, "Actual Loops": 332, "Recheck Cond": "(u.id = userid)", "Rows Removed by Index Recheck": 0, "Filter": "(date <= '2014-09-10 22:50:06'::timestamp without time zone)", "Rows Removed by Filter": 0, "Exact Heap Blocks": 1341, "Lossy Heap Blocks": 0, "Plans": [{"Node Type": "Bitmap Index Scan", "Parent Relationship": "Outer", "Parallel Aware": false, "Async Capable": false, "Index Name": "idx_badges_userid", "Startup Cost": 0.0, "Total Cost": 0.33, "Plan Rows": 3, "Plan Width": 0, "Actual Rows": 5, "Actual Loops": 332, "Index Cond": "(userid = u.id)"}]}]}]}, "Planning Time": 1.009, "Triggers": [], "Execution Time": 14.083}, {"Plan": {"Node Type": "Aggregate", "Strategy": "Plain", "Partial Mode": "Simple", "Parallel Aware": false, "Async Capable": false, "Startup Cost": 16524.87, "Total Cost": 16524.88, "Plan Rows": 1, "Plan Width": 8, "Actual Rows": 1, "Actual Loops": 1, "Plans": [{"Node Type": "Merge Join", "Parent Relationship": "Outer", "Parallel Aware": false, "Async Capable": false, "Join Type": "Inner", "Startup Cost": 15941.86, "Total Cost": 16524.48, "Plan Rows": 156, "Plan Width": 0, "Actual Rows": 1717, "Actual Loops": 1, "Inner Unique": false, "Merge Cond": "(u.id = b.userid)", "Plans": [{"Node Type": "Merge Join", "Parent Relationship": "Outer", "Parallel Aware": false, "Async Capable": false, "Join Type": "Inner", "Startup Cost": 8035.46, "Total Cost": 8218.51, "Plan Rows": 79, "Plan Width": 8, "Actual Rows": 332, "Actual Loops": 1, "Inner Unique": true, "Merge Cond": "(p.owneruserid = u.id)", "Plans": [{"Node Type": "Sort", "Parent Relationship": "Outer", "Parallel Aware": false, "Async Capable": false, "Startup Cost": 4177.26, "Total Cost": 4177.48, "Plan Rows": 89, "Plan Width": 4, "Actual Rows": 545, "Actual Loops": 1, "Sort Key": ["p.owneruserid"], "Sort Method": "quicksort", "Sort Space Used": 25, "Sort Space Type": "Memory", "Plans": [{"Node Type": "Merge Join", "Parent Relationship": "Outer", "Parallel Aware": false, "Async Capable": false, "Join Type": "Inner", "Startup Cost": 4115.97, "Total Cost": 4174.38, "Plan Rows": 89, "Plan Width": 4, "Actual Rows": 560, "Actual Loops": 1, "Inner Unique": true, "Merge Cond": "(pl.relatedpostid = p.id)", "Plans": [{"Node Type": "Sort", "Parent Relationship": "Outer", "Parallel Aware": false, "Async Capable": false, "Startup Cost": 940.15, "Total Cost": 967.01, "Plan Rows": 10744, "Plan Width": 4, "Actual Rows": 10739, "Actual Loops": 1, "Sort Key": ["pl.relatedpostid"], "Sort Method": "quicksort", "Sort Space Used": 385, "Sort Space Type": "Memory", "Plans": [{"Node Type": "Seq Scan", "Parent Relationship": "Outer", "Parallel Aware": false, "Async Capable": false, "Relation Name": "postlinks", "Alias": "pl", "Startup Cost": 0.0, "Total Cost": 220.78, "Plan Rows": 10744, "Plan Width": 4, "Actual Rows": 10739, "Actual Loops": 1, "Filter": "(creationdate <= '2014-08-17 01:23:50'::timestamp without time zone)", "Rows Removed by Filter": 363}]}, {"Node Type": "Sort", "Parent Relationship": "Inner", "Parallel Aware": false, "Async Capable": false, "Startup Cost": 3175.82, "Total Cost": 3177.72, "Plan Rows": 761, "Plan Width": 8, "Actual Rows": 1630, "Actual Loops": 1, "Sort Key": ["p.id"], "Sort Method": "quicksort", "Sort Space Used": 100, "Sort Space Type": "Memory", "Plans": [{"Node Type": "Seq Scan", "Parent Relationship": "Outer", "Parallel Aware": false, "Async Capable": false, "Relation Name": "posts", "Alias": "p", "Startup Cost": 0.0, "Total Cost": 3139.4, "Plan Rows": 761, "Plan Width": 8, "Actual Rows": 1654, "Actual Loops": 1, "Filter": "((score >= '-1'::integer) AND (score <= 10) AND (answercount <= 5) AND (favoritecount >= 0) AND (favoritecount <= 6) AND (commentcount = 2))", "Rows Removed by Filter": 90322}]}]}]}, {"Node Type": "Sort", "Parent Relationship": "Inner", "Parallel Aware": false, "Async Capable": false, "Startup Cost": 3858.2, "Total Cost": 3949.11, "Plan Rows": 36365, "Plan Width": 4, "Actual Rows": 33808, "Actual Loops": 1, "Sort Key": ["u.id"], "Sort Method": "quicksort", "Sort Space Used": 1537, "Sort Space Type": "Memory", "Plans": [{"Node Type": "Seq Scan", "Parent Relationship": "Outer", "Parallel Aware": false, "Async Capable": false, "Relation Name": "users", "Alias": "u", "Startup Cost": 0.0, "Total Cost": 1103.5, "Plan Rows": 36365, "Plan Width": 4, "Actual Rows": 36456, "Actual Loops": 1, "Filter": "((views <= 33) AND (downvotes >= 0) AND (creationdate >= '2010-08-19 17:31:36'::timestamp without time zone) AND (creationdate <= '2014-08-06 07:23:12'::timestamp without time zone))", "Rows Removed by Filter": 3869}]}]}, {"Node Type": "Sort", "Parent Relationship": "Inner", "Parallel Aware": false, "Async Capable": false, "Startup Cost": 7906.4, "Total Cost": 8105.31, "Plan Rows": 79562, "Plan Width": 4, "Actual Rows": 76883, "Actual Loops": 1, "Sort Key": ["b.userid"], "Sort Method": "quicksort", "Sort Space Used": 3073, "Sort Space Type": "Memory", "Plans": [{"Node Type": "Seq Scan", "Parent Relationship": "Outer", "Parallel Aware": false, "Async Capable": false, "Relation Name": "badges", "Alias": "b", "Startup Cost": 0.0, "Total Cost": 1430.14, "Plan Rows": 79562, "Plan Width": 4, "Actual Rows": 79571, "Actual Loops": 1, "Filter": "(date <= '2014-09-10 22:50:06'::timestamp without time zone)", "Rows Removed by Filter": 280}]}]}]}, "Planning Time": 1.351, "Triggers": [], "Execution Time": 41.155}, {"Plan": {"Node Type": "Aggregate", "Strategy": "Plain", "Partial Mode": "Simple", "Parallel Aware": false, "Async Capable": false, "Startup Cost": 7331.92, "Total Cost": 7331.93, "Plan Rows": 1, "Plan Width": 8, "Actual Rows": 1, "Actual Loops": 1, "Plans": [{"Node Type": "Nested Loop", "Parent Relationship": "Outer", "Parallel Aware": false, "Async Capable": false, "Join Type": "Inner", "Startup Cost": 1.65, "Total Cost": 7331.53, "Plan Rows": 156, "Plan Width": 0, "Actual Rows": 1717, "Actual Loops": 1, "Inner Unique": false, "Plans": [{"Node Type": "Nested Loop", "Parent Relationship": "Outer", "Parallel Aware": false, "Async Capable": false, "Join Type": "Inner", "Startup Cost": 1.32, "Total Cost": 6983.49, "Plan Rows": 79, "Plan Width": 8, "Actual Rows": 332, "Actual Loops": 1, "Inner Unique": true, "Plans": [{"Node Type": "Nested Loop", "Parent Relationship": "Outer", "Parallel Aware": false, "Async Capable": false, "Join Type": "Inner", "Startup Cost": 0.43, "Total Cost": 6546.13, "Plan Rows": 89, "Plan Width": 4, "Actual Rows": 560, "Actual Loops": 1, "Inner Unique": false, "Plans": [{"Node Type": "Seq Scan", "Parent Relationship": "Outer", "Parallel Aware": false, "Async Capable": false, "Relation Name": "posts", "Alias": "p", "Startup Cost": 0.0, "Total Cost": 3139.4, "Plan Rows": 761, "Plan Width": 8, "Actual Rows": 1654, "Actual Loops": 1, "Filter": "((score >= '-1'::integer) AND (score <= 10) AND (answercount <= 5) AND (favoritecount >= 0) AND (favoritecount <= 6) AND (commentcount = 2))", "Rows Removed by Filter": 90322}, {"Node Type": "Bitmap Heap Scan", "Parent Relationship": "Inner", "Parallel Aware": false, "Async Capable": false, "Relation Name": "postlinks", "Alias": "pl", "Startup Cost": 0.43, "Total Cost": 4.46, "Plan Rows": 2, "Plan Width": 4, "Actual Rows": 0, "Actual Loops": 1654, "Recheck Cond": "(relatedpostid = p.id)", "Rows Removed by Index Recheck": 0, "Filter": "(creationdate <= '2014-08-17 01:23:50'::timestamp without time zone)", "Rows Removed by Filter": 0, "Exact Heap Blocks": 518, "Lossy Heap Blocks": 0, "Plans": [{"Node Type": "Bitmap Index Scan", "Parent Relationship": "Outer", "Parallel Aware": false, "Async Capable": false, "Index Name": "idx_postlinks_relatedpostid", "Startup Cost": 0.0, "Total Cost": 0.43, "Plan Rows": 2, "Plan Width": 0, "Actual Rows": 0, "Actual Loops": 1654, "Index Cond": "(relatedpostid = p.id)"}]}]}, {"Node Type": "Bitmap Heap Scan", "Parent Relationship": "Inner", "Parallel Aware": false, "Async Capable": false, "Relation Name": "users", "Alias": "u", "Startup Cost": 0.89, "Total Cost": 4.91, "Plan Rows": 1, "Plan Width": 4, "Actual Rows": 1, "Actual Loops": 560, "Recheck Cond": "(p.owneruserid = id)", "Rows Removed by Index Recheck": 0, "Filter": "((views <= 33) AND (downvotes >= 0) AND (creationdate >= '2010-08-19 17:31:36'::timestamp without time zone) AND (creationdate <= '2014-08-06 07:23:12'::timestamp without time zone))", "Rows Removed by Filter": 0, "Exact Heap Blocks": 544, "Lossy Heap Blocks": 0, "Plans": [{"Node Type": "Bitmap Index Scan", "Parent Relationship": "Outer", "Parallel Aware": false, "Async Capable": false, "Index Name": "users_pkey", "Startup Cost": 0.0, "Total Cost": 0.89, "Plan Rows": 1, "Plan Width": 0, "Actual Rows": 1, "Actual Loops": 560, "Index Cond": "(id = p.owneruserid)"}]}]}, {"Node Type": "Bitmap Heap Scan", "Parent Relationship": "Inner", "Parallel Aware": false, "Async Capable": false, "Relation Name": "badges", "Alias": "b", "Startup Cost": 0.33, "Total Cost": 4.38, "Plan Rows": 3, "Plan Width": 4, "Actual Rows": 5, "Actual Loops": 332, "Recheck Cond": "(u.id = userid)", "Rows Removed by Index Recheck": 0, "Filter": "(date <= '2014-09-10 22:50:06'::timestamp without time zone)", "Rows Removed by Filter": 0, "Exact Heap Blocks": 1341, "Lossy Heap Blocks": 0, "Plans": [{"Node Type": "Bitmap Index Scan", "Parent Relationship": "Outer", "Parallel Aware": false, "Async Capable": false, "Index Name": "idx_badges_userid", "Startup Cost": 0.0, "Total Cost": 0.33, "Plan Rows": 3, "Plan Width": 0, "Actual Rows": 5, "Actual Loops": 332, "Index Cond": "(userid = u.id)"}]}]}]}, "Planning Time": 0.826, "Triggers": [], "Execution Time": 20.206}]