[{"Plan": {"Node Type": "Aggregate", "Strategy": "Plain", "Partial Mode": "Finalize", "Parallel Aware": false, "Async Capable": false, "Startup Cost": 6463.02, "Total Cost": 6463.03, "Plan Rows": 1, "Plan Width": 8, "Actual Rows": 1, "Actual Loops": 1, "Plans": [{"Node Type": "Gather", "Parent Relationship": "Outer", "Parallel Aware": false, "Async Capable": false, "Startup Cost": 6462.81, "Total Cost": 6463.02, "Plan Rows": 2, "Plan Width": 8, "Actual Rows": 3, "Actual Loops": 1, "Workers Planned": 2, "Workers Launched": 2, "Single Copy": false, "Plans": [{"Node Type": "Aggregate", "Strategy": "Plain", "Partial Mode": "Partial", "Parent Relationship": "Outer", "Parallel Aware": false, "Async Capable": false, "Startup Cost": 5462.81, "Total Cost": 5462.82, "Plan Rows": 1, "Plan Width": 8, "Actual Rows": 1, "Actual Loops": 3, "Workers": [], "Plans": [{"Node Type": "Merge Join", "Parent Relationship": "Outer", "Parallel Aware": false, "Async Capable": false, "Join Type": "Inner", "Startup Cost": 2.29, "Total Cost": 5130.85, "Plan Rows": 132783, "Plan Width": 0, "Actual Rows": 77346553, "Actual Loops": 3, "Inner Unique": true, "Merge Cond": "(v.userid = u.id)", "Workers": [], "Plans": [{"Node Type": "Merge Join", "Parent Relationship": "Outer", "Parallel Aware": false, "Async Capable": false, "Join Type": "Inner", "Startup Cost": 2.0, "Total Cost": 21855.55, "Plan Rows": 1255592, "Plan Width": 12, "Actual Rows": 77346553, "Actual Loops": 3, "Inner Unique": false, "Merge Cond": "(v.userid = b.userid)", "Workers": [], "Plans": [{"Node Type": "Nested Loop", "Parent Relationship": "Outer", "Parallel Aware": false, "Async Capable": false, "Join Type": "Inner", "Startup Cost": 0.72, "Total Cost": 11088.24, "Plan Rows": 432410, "Plan Width": 8, "Actual Rows": 395689, "Actual Loops": 3, "Inner Unique": false, "Workers": [], "Plans": [{"Node Type": "Index Only Scan", "Parent Relationship": "Outer", "Parallel Aware": true, "Async Capable": false, "Scan Direction": "Forward", "Index Name": "idx_votes_userid", "Relation Name": "votes", "Alias": "v", "Startup Cost": 0.42, "Total Cost": 4261.57, "Plan Rows": 136693, "Plan Width": 4, "Actual Rows": 109355, "Actual Loops": 3, "Heap Fetches": 0, "Workers": []}, {"Node Type": "Memoize", "Parent Relationship": "Inner", "Parallel Aware": false, "Async Capable": false, "Startup Cost": 0.3, "Total Cost": 0.43, "Plan Rows": 2, "Plan Width": 4, "Actual Rows": 4, "Actual Loops": 328064, "Cache Key": "v.userid", "Cache Mode": "logical", "Cache Hits": 166860, "Cache Misses": 3856, "Cache Evictions": 0, "Cache Overflows": 0, "Peak Memory Usage": 725, "Workers": [{"Worker Number": 0, "Cache Hits": 153849, "Cache Misses": 1555, "Cache Evictions": 0, "Cache Overflows": 0, "Peak Memory Usage": 285}, {"Worker Number": 1, "Cache Hits": 1809, "Cache Misses": 135, "Cache Evictions": 0, "Cache Overflows": 0, "Peak Memory Usage": 97}], "Plans": [{"Node Type": "Index Scan", "Parent Relationship": "Outer", "Parallel Aware": false, "Async Capable": false, "Scan Direction": "Forward", "Index Name": "idx_posts_owneruserid", "Relation Name": "posts", "Alias": "p", "Startup Cost": 0.29, "Total Cost": 0.42, "Plan Rows": 2, "Plan Width": 4, "Actual Rows": 4, "Actual Loops": 5546, "Index Cond": "(owneruserid = v.userid)", "Rows Removed by Index Recheck": 0, "Filter": "((score >= 0) AND (score <= 30) AND (creationdate >= '2010-07-27 15:30:31'::timestamp without time zone) AND (creationdate <= '2014-09-04 17:45:10'::timestamp without time zone) AND (commentcount = 0))", "Rows Removed by Filter": 5, "Workers": []}]}]}, {"Node Type": "Materialize", "Parent Relationship": "Inner", "Parallel Aware": false, "Async Capable": false, "Startup Cost": 0.29, "Total Cost": 1933.68, "Plan Rows": 79851, "Plan Width": 4, "Actual Rows": 77390875, "Actual Loops": 3, "Workers": [], "Plans": [{"Node Type": "Index Only Scan", "Parent Relationship": "Outer", "Parallel Aware": false, "Async Capable": false, "Scan Direction": "Forward", "Index Name": "idx_badges_userid", "Relation Name": "badges", "Alias": "b", "Startup Cost": 0.29, "Total Cost": 1734.06, "Plan Rows": 79851, "Plan Width": 4, "Actual Rows": 53769, "Actual Loops": 3, "Heap Fetches": 0, "Workers": []}]}]}, {"Node Type": "Index Only Scan", "Parent Relationship": "Inner", "Parallel Aware": false, "Async Capable": false, "Scan Direction": "Forward", "Index Name": "users_pkey", "Relation Name": "users", "Alias": "u", "Startup Cost": 0.29, "Total Cost": 1057.16, "Plan Rows": 40325, "Plan Width": 4, "Actual Rows": 24850, "Actual Loops": 3, "Heap Fetches": 0, "Workers": []}]}]}]}]}, "Planning Time": 7.151, "Triggers": [], "Execution Time": 14941.566}, {"Plan": {"Node Type": "Aggregate", "Strategy": "Plain", "Partial Mode": "Simple", "Parallel Aware": false, "Async Capable": false, "Startup Cost": 40000057440.38, "Total Cost": 40000057440.39, "Plan Rows": 1, "Plan Width": 8, "Actual Rows": 1, "Actual Loops": 1, "Plans": [{"Node Type": "Hash Join", "Parent Relationship": "Outer", "Parallel Aware": false, "Async Capable": false, "Join Type": "Inner", "Startup Cost": 40000052237.62, "Total Cost": 40000056643.69, "Plan Rows": 318679, "Plan Width": 0, "Actual Rows": 232039659, "Actual Loops": 1, "Inner Unique": false, "Hash Cond": "(b.userid = u.id)", "Plans": [{"Node Type": "Index Only Scan", "Parent Relationship": "Outer", "Parallel Aware": false, "Async Capable": false, "Scan Direction": "Forward", "Index Name": "idx_badges_userid", "Relation Name": "badges", "Alias": "b", "Startup Cost": 10000000000.29, "Total Cost": 10000001734.06, "Plan Rows": 79851, "Plan Width": 4, "Actual Rows": 79851, "Actual Loops": 1, "Heap Fetches": 0}, {"Node Type": "Hash", "Parent Relationship": "Inner", "Parallel Aware": false, "Async Capable": false, "Startup Cost": 30000050865.47, "Total Cost": 30000050865.47, "Plan Rows": 109749, "Plan Width": 12, "Actual Rows": 1187068, "Actual Loops": 1, "Hash Buckets": 2097152, "Original Hash Buckets": 131072, "Hash Batches": 1, "Original Hash Batches": 1, "Peak Memory Usage": 67391, "Plans": [{"Node Type": "Nested Loop", "Parent Relationship": "Outer", "Parallel Aware": false, "Async Capable": false, "Join Type": "Inner", "Startup Cost": 30000000001.07, "Total Cost": 30000050865.47, "Plan Rows": 109749, "Plan Width": 12, "Actual Rows": 1187068, "Actual Loops": 1, "Inner Unique": false, "Join Filter": "(p.owneruserid = u.id)", "Rows Removed by Join Filter": 0, "Plans": [{"Node Type": "Nested Loop", "Parent Relationship": "Outer", "Parallel Aware": false, "Async Capable": false, "Join Type": "Inner", "Startup Cost": 20000000000.73, "Total Cost": 20000031657.75, "Plan Rows": 34694, "Plan Width": 8, "Actual Rows": 34789, "Actual Loops": 1, "Inner Unique": true, "Plans": [{"Node Type": "Index Only Scan", "Parent Relationship": "Outer", "Parallel Aware": false, "Async Capable": false, "Scan Direction": "Forward", "Index Name": "idx_votes_userid", "Relation Name": "votes", "Alias": "v", "Startup Cost": 10000000000.42, "Total Cost": 10000006175.27, "Plan Rows": 328064, "Plan Width": 4, "Actual Rows": 328064, "Actual Loops": 1, "Heap Fetches": 0}, {"Node Type": "Memoize", "Parent Relationship": "Inner", "Parallel Aware": false, "Async Capable": false, "Startup Cost": 0.31, "Total Cost": 4.32, "Plan Rows": 1, "Plan Width": 4, "Actual Rows": 0, "Actual Loops": 328064, "Cache Key": "v.userid", "Cache Mode": "logical", "Cache Hits": 322520, "Cache Misses": 5544, "Cache Evictions": 0, "Cache Overflows": 0, "Peak Memory Usage": 564, "Plans": [{"Node Type": "Bitmap Heap Scan", "Parent Relationship": "Outer", "Parallel Aware": false, "Async Capable": false, "Relation Name": "users", "Alias": "u", "Startup Cost": 0.3, "Total Cost": 4.31, "Plan Rows": 1, "Plan Width": 4, "Actual Rows": 1, "Actual Loops": 5544, "Recheck Cond": "(v.userid = id)", "Rows Removed by Index Recheck": 0, "Exact Heap Blocks": 5543, "Lossy Heap Blocks": 0, "Plans": [{"Node Type": "Bitmap Index Scan", "Parent Relationship": "Outer", "Parallel Aware": false, "Async Capable": false, "Index Name": "users_pkey", "Startup Cost": 0.0, "Total Cost": 0.3, "Plan Rows": 1, "Plan Width": 0, "Actual Rows": 1, "Actual Loops": 5544, "Index Cond": "(id = v.userid)"}]}]}]}, {"Node Type": "Memoize", "Parent Relationship": "Inner", "Parallel Aware": false, "Async Capable": false, "Startup Cost": 0.33, "Total Cost": 4.43, "Plan Rows": 2, "Plan Width": 4, "Actual Rows": 34, "Actual Loops": 34789, "Cache Key": "v.userid", "Cache Mode": "logical", "Cache Hits": 29246, "Cache Misses": 5543, "Cache Evictions": 0, "Cache Overflows": 0, "Peak Memory Usage": 1105, "Plans": [{"Node Type": "Bitmap Heap Scan", "Parent Relationship": "Outer", "Parallel Aware": false, "Async Capable": false, "Relation Name": "posts", "Alias": "p", "Startup Cost": 0.32, "Total Cost": 4.42, "Plan Rows": 2, "Plan Width": 4, "Actual Rows": 4, "Actual Loops": 5543, "Recheck Cond": "(v.userid = owneruserid)", "Rows Removed by Index Recheck": 0, "Filter": "((score >= 0) AND (score <= 30) AND (creationdate >= '2010-07-27 15:30:31'::timestamp without time zone) AND (creationdate <= '2014-09-04 17:45:10'::timestamp without time zone) AND (commentcount = 0))", "Rows Removed by Filter": 5, "Exact Heap Blocks": 33580, "Lossy Heap Blocks": 0, "Plans": [{"Node Type": "Bitmap Index Scan", "Parent Relationship": "Outer", "Parallel Aware": false, "Async Capable": false, "Index Name": "idx_posts_owneruserid", "Startup Cost": 0.0, "Total Cost": 0.32, "Plan Rows": 4, "Plan Width": 0, "Actual Rows": 9, "Actual Loops": 5543, "Index Cond": "(owneruserid = v.userid)"}]}]}]}]}]}]}, "Planning Time": 2.505, "Triggers": [], "Execution Time": 18122.787}, {"Plan": {"Node Type": "Aggregate", "Strategy": "Plain", "Partial Mode": "Finalize", "Parallel Aware": false, "Async Capable": false, "Startup Cost": 16421.47, "Total Cost": 16421.48, "Plan Rows": 1, "Plan Width": 8, "Actual Rows": 1, "Actual Loops": 1, "Plans": [{"Node Type": "Gather", "Parent Relationship": "Outer", "Parallel Aware": false, "Async Capable": false, "Startup Cost": 16421.35, "Total Cost": 16421.46, "Plan Rows": 1, "Plan Width": 8, "Actual Rows": 2, "Actual Loops": 1, "Workers Planned": 1, "Workers Launched": 1, "Single Copy": false, "Plans": [{"Node Type": "Aggregate", "Strategy": "Plain", "Partial Mode": "Partial", "Parent Relationship": "Outer", "Parallel Aware": false, "Async Capable": false, "Startup Cost": 15421.35, "Total Cost": 15421.36, "Plan Rows": 1, "Plan Width": 8, "Actual Rows": 1, "Actual Loops": 2, "Workers": [], "Plans": [{"Node Type": "Hash Join", "Parent Relationship": "Outer", "Parallel Aware": true, "Async Capable": false, "Join Type": "Inner", "Startup Cost": 12838.94, "Total Cost": 14952.71, "Plan Rows": 187458, "Plan Width": 0, "Actual Rows": 116019830, "Actual Loops": 2, "Inner Unique": false, "Hash Cond": "(b.userid = u.id)", "Workers": [], "Plans": [{"Node Type": "Index Only Scan", "Parent Relationship": "Outer", "Parallel Aware": true, "Async Capable": false, "Scan Direction": "Forward", "Index Name": "idx_badges_userid", "Relation Name": "badges", "Alias": "b", "Startup Cost": 0.29, "Total Cost": 1405.26, "Plan Rows": 46971, "Plan Width": 4, "Actual Rows": 39926, "Actual Loops": 2, "Heap Fetches": 0, "Workers": []}, {"Node Type": "Hash", "Parent Relationship": "Inner", "Parallel Aware": true, "Async Capable": false, "Startup Cost": 12267.04, "Total Cost": 12267.04, "Plan Rows": 45729, "Plan Width": 12, "Actual Rows": 593534, "Actual Loops": 2, "Hash Buckets": 2097152, "Original Hash Buckets": 131072, "Hash Batches": 1, "Original Hash Batches": 1, "Peak Memory Usage": 87488, "Workers": [], "Plans": [{"Node Type": "Hash Join", "Parent Relationship": "Outer", "Parallel Aware": false, "Async Capable": false, "Join Type": "Inner", "Startup Cost": 7361.7, "Total Cost": 12267.04, "Plan Rows": 45729, "Plan Width": 12, "Actual Rows": 593534, "Actual Loops": 2, "Inner Unique": false, "Hash Cond": "(v.userid = u.id)", "Workers": [], "Plans": [{"Node Type": "Index Only Scan", "Parent Relationship": "Outer", "Parallel Aware": true, "Async Capable": false, "Scan Direction": "Forward", "Index Name": "idx_votes_userid", "Relation Name": "votes", "Alias": "v", "Startup Cost": 0.42, "Total Cost": 4261.57, "Plan Rows": 136693, "Plan Width": 4, "Actual Rows": 164032, "Actual Loops": 2, "Heap Fetches": 0, "Workers": []}, {"Node Type": "Hash", "Parent Relationship": "Inner", "Parallel Aware": false, "Async Capable": false, "Startup Cost": 6902.44, "Total Cost": 6902.44, "Plan Rows": 36707, "Plan Width": 8, "Actual Rows": 37048, "Actual Loops": 2, "Hash Buckets": 65536, "Original Hash Buckets": 65536, "Hash Batches": 1, "Original Hash Batches": 1, "Peak Memory Usage": 1960, "Workers": [], "Plans": [{"Node Type": "Hash Join", "Parent Relationship": "Outer", "Parallel Aware": false, "Async Capable": false, "Join Type": "Inner", "Startup Cost": 1561.52, "Total Cost": 6902.44, "Plan Rows": 36707, "Plan Width": 8, "Actual Rows": 37048, "Actual Loops": 2, "Inner Unique": true, "Hash Cond": "(p.owneruserid = u.id)", "Workers": [], "Plans": [{"Node Type": "Index Scan", "Parent Relationship": "Outer", "Parallel Aware": false, "Async Capable": false, "Scan Direction": "Forward", "Index Name": "idx_posts_owneruserid", "Relation Name": "posts", "Alias": "p", "Startup Cost": 0.29, "Total Cost": 5243.37, "Plan Rows": 37271, "Plan Width": 4, "Actual Rows": 37528, "Actual Loops": 2, "Filter": "((score >= 0) AND (score <= 30) AND (creationdate >= '2010-07-27 15:30:31'::timestamp without time zone) AND (creationdate <= '2014-09-04 17:45:10'::timestamp without time zone) AND (commentcount = 0))", "Rows Removed by Filter": 54448, "Workers": []}, {"Node Type": "Hash", "Parent Relationship": "Inner", "Parallel Aware": false, "Async Capable": false, "Startup Cost": 1057.16, "Total Cost": 1057.16, "Plan Rows": 40325, "Plan Width": 4, "Actual Rows": 40325, "Actual Loops": 2, "Hash Buckets": 65536, "Original Hash Buckets": 65536, "Hash Batches": 1, "Original Hash Batches": 1, "Peak Memory Usage": 1930, "Workers": [], "Plans": [{"Node Type": "Index Only Scan", "Parent Relationship": "Outer", "Parallel Aware": false, "Async Capable": false, "Scan Direction": "Forward", "Index Name": "users_pkey", "Relation Name": "users", "Alias": "u", "Startup Cost": 0.29, "Total Cost": 1057.16, "Plan Rows": 40325, "Plan Width": 4, "Actual Rows": 40325, "Actual Loops": 2, "Heap Fetches": 0, "Workers": []}]}]}]}]}]}]}]}]}]}, "Planning Time": 2.929, "Triggers": [], "Execution Time": 11043.106}, {"Plan": {"Node Type": "Aggregate", "Strategy": "Plain", "Partial Mode": "Finalize", "Parallel Aware": false, "Async Capable": false, "Startup Cost": 6475.72, "Total Cost": 6475.73, "Plan Rows": 1, "Plan Width": 8, "Actual Rows": 1, "Actual Loops": 1, "Plans": [{"Node Type": "Gather", "Parent Relationship": "Outer", "Parallel Aware": false, "Async Capable": false, "Startup Cost": 6475.5, "Total Cost": 6475.71, "Plan Rows": 2, "Plan Width": 8, "Actual Rows": 3, "Actual Loops": 1, "Workers Planned": 2, "Workers Launched": 2, "Single Copy": false, "Plans": [{"Node Type": "Aggregate", "Strategy": "Plain", "Partial Mode": "Partial", "Parent Relationship": "Outer", "Parallel Aware": false, "Async Capable": false, "Startup Cost": 5475.5, "Total Cost": 5475.51, "Plan Rows": 1, "Plan Width": 8, "Actual Rows": 1, "Actual Loops": 3, "Workers": [], "Plans": [{"Node Type": "Merge Join", "Parent Relationship": "Outer", "Parallel Aware": false, "Async Capable": false, "Join Type": "Inner", "Startup Cost": 2.37, "Total Cost": 5143.54, "Plan Rows": 132783, "Plan Width": 0, "Actual Rows": 77346553, "Actual Loops": 3, "Inner Unique": true, "Merge Cond": "(v.userid = u.id)", "Workers": [], "Plans": [{"Node Type": "Merge Join", "Parent Relationship": "Outer", "Parallel Aware": false, "Async Capable": false, "Join Type": "Inner", "Startup Cost": 2.08, "Total Cost": 21974.88, "Plan Rows": 1255592, "Plan Width": 12, "Actual Rows": 77346553, "Actual Loops": 3, "Inner Unique": false, "Merge Cond": "(v.userid = b.userid)", "Workers": [], "Plans": [{"Node Type": "Merge Join", "Parent Relationship": "Outer", "Parallel Aware": false, "Async Capable": false, "Join Type": "Inner", "Startup Cost": 0.71, "Total Cost": 12216.69, "Plan Rows": 432410, "Plan Width": 8, "Actual Rows": 395689, "Actual Loops": 3, "Inner Unique": false, "Merge Cond": "(v.userid = p.owneruserid)", "Workers": [], "Plans": [{"Node Type": "Index Only Scan", "Parent Relationship": "Outer", "Parallel Aware": true, "Async Capable": false, "Scan Direction": "Forward", "Index Name": "idx_votes_userid", "Relation Name": "votes", "Alias": "v", "Startup Cost": 0.42, "Total Cost": 4261.57, "Plan Rows": 136693, "Plan Width": 4, "Actual Rows": 11585, "Actual Loops": 3, "Heap Fetches": 0, "Workers": []}, {"Node Type": "Materialize", "Parent Relationship": "Inner", "Parallel Aware": false, "Async Capable": false, "Startup Cost": 0.29, "Total Cost": 5336.55, "Plan Rows": 37271, "Plan Width": 4, "Actual Rows": 414296, "Actual Loops": 3, "Workers": [], "Plans": [{"Node Type": "Index Scan", "Parent Relationship": "Outer", "Parallel Aware": false, "Async Capable": false, "Scan Direction": "Forward", "Index Name": "idx_posts_owneruserid", "Relation Name": "posts", "Alias": "p", "Startup Cost": 0.29, "Total Cost": 5243.37, "Plan Rows": 37271, "Plan Width": 4, "Actual Rows": 25597, "Actual Loops": 3, "Filter": "((score >= 0) AND (score <= 30) AND (creationdate >= '2010-07-27 15:30:31'::timestamp without time zone) AND (creationdate <= '2014-09-04 17:45:10'::timestamp without time zone) AND (commentcount = 0))", "Rows Removed by Filter": 37153, "Workers": []}]}]}, {"Node Type": "Materialize", "Parent Relationship": "Inner", "Parallel Aware": false, "Async Capable": false, "Startup Cost": 0.29, "Total Cost": 1933.68, "Plan Rows": 79851, "Plan Width": 4, "Actual Rows": 77390875, "Actual Loops": 3, "Workers": [], "Plans": [{"Node Type": "Index Only Scan", "Parent Relationship": "Outer", "Parallel Aware": false, "Async Capable": false, "Scan Direction": "Forward", "Index Name": "idx_badges_userid", "Relation Name": "badges", "Alias": "b", "Startup Cost": 0.29, "Total Cost": 1734.06, "Plan Rows": 79851, "Plan Width": 4, "Actual Rows": 53769, "Actual Loops": 3, "Heap Fetches": 0, "Workers": []}]}]}, {"Node Type": "Index Only Scan", "Parent Relationship": "Inner", "Parallel Aware": false, "Async Capable": false, "Scan Direction": "Forward", "Index Name": "users_pkey", "Relation Name": "users", "Alias": "u", "Startup Cost": 0.29, "Total Cost": 1057.16, "Plan Rows": 40325, "Plan Width": 4, "Actual Rows": 24850, "Actual Loops": 3, "Heap Fetches": 0, "Workers": []}]}]}]}]}, "Planning Time": 7.081, "Triggers": [], "Execution Time": 15026.932}, {"Plan": {"Node Type": "Aggregate", "Strategy": "Plain", "Partial Mode": "Finalize", "Parallel Aware": false, "Async Capable": false, "Startup Cost": 12277.41, "Total Cost": 12277.42, "Plan Rows": 1, "Plan Width": 8, "Actual Rows": 1, "Actual Loops": 1, "Plans": [{"Node Type": "Gather", "Parent Relationship": "Outer", "Parallel Aware": false, "Async Capable": false, "Startup Cost": 12277.29, "Total Cost": 12277.4, "Plan Rows": 1, "Plan Width": 8, "Actual Rows": 2, "Actual Loops": 1, "Workers Planned": 1, "Workers Launched": 1, "Single Copy": false, "Plans": [{"Node Type": "Aggregate", "Strategy": "Plain", "Partial Mode": "Partial", "Parent Relationship": "Outer", "Parallel Aware": false, "Async Capable": false, "Startup Cost": 11277.29, "Total Cost": 11277.3, "Plan Rows": 1, "Plan Width": 8, "Actual Rows": 1, "Actual Loops": 2, "Workers": [], "Plans": [{"Node Type": "Hash Join", "Parent Relationship": "Outer", "Parallel Aware": true, "Async Capable": false, "Join Type": "Inner", "Startup Cost": 8694.88, "Total Cost": 10808.65, "Plan Rows": 187458, "Plan Width": 0, "Actual Rows": 116019830, "Actual Loops": 2, "Inner Unique": false, "Hash Cond": "(b.userid = u.id)", "Workers": [], "Plans": [{"Node Type": "Index Only Scan", "Parent Relationship": "Outer", "Parallel Aware": true, "Async Capable": false, "Scan Direction": "Forward", "Index Name": "idx_badges_userid", "Relation Name": "badges", "Alias": "b", "Startup Cost": 0.29, "Total Cost": 1405.26, "Plan Rows": 46971, "Plan Width": 4, "Actual Rows": 39926, "Actual Loops": 2, "Heap Fetches": 0, "Workers": []}, {"Node Type": "Hash", "Parent Relationship": "Inner", "Parallel Aware": true, "Async Capable": false, "Startup Cost": 8122.97, "Total Cost": 8122.97, "Plan Rows": 45729, "Plan Width": 12, "Actual Rows": 593534, "Actual Loops": 2, "Hash Buckets": 2097152, "Original Hash Buckets": 131072, "Hash Batches": 1, "Original Hash Batches": 1, "Peak Memory Usage": 87488, "Workers": [], "Plans": [{"Node Type": "Nested Loop", "Parent Relationship": "Outer", "Parallel Aware": false, "Async Capable": false, "Join Type": "Inner", "Startup Cost": 1188.36, "Total Cost": 8122.97, "Plan Rows": 45729, "Plan Width": 12, "Actual Rows": 593534, "Actual Loops": 2, "Inner Unique": false, "Join Filter": "(p.owneruserid = u.id)", "Rows Removed by Join Filter": 0, "Workers": [], "Plans": [{"Node Type": "Hash Join", "Parent Relationship": "Outer", "Parallel Aware": true, "Async Capable": false, "Join Type": "Inner", "Startup Cost": 1188.06, "Total Cost": 5808.02, "Plan Rows": 14456, "Plan Width": 8, "Actual Rows": 17394, "Actual Loops": 2, "Inner Unique": true, "Hash Cond": "(v.userid = u.id)", "Workers": [], "Plans": [{"Node Type": "Index Only Scan", "Parent Relationship": "Outer", "Parallel Aware": true, "Async Capable": false, "Scan Direction": "Forward", "Index Name": "idx_votes_userid", "Relation Name": "votes", "Alias": "v", "Startup Cost": 0.42, "Total Cost": 4261.57, "Plan Rows": 136693, "Plan Width": 4, "Actual Rows": 164032, "Actual Loops": 2, "Heap Fetches": 0, "Workers": []}, {"Node Type": "Hash", "Parent Relationship": "Inner", "Parallel Aware": true, "Async Capable": false, "Startup Cost": 891.12, "Total Cost": 891.12, "Plan Rows": 23721, "Plan Width": 4, "Actual Rows": 20162, "Actual Loops": 2, "Hash Buckets": 65536, "Original Hash Buckets": 65536, "Hash Batches": 1, "Original Hash Batches": 1, "Peak Memory Usage": 2112, "Workers": [], "Plans": [{"Node Type": "Index Only Scan", "Parent Relationship": "Outer", "Parallel Aware": true, "Async Capable": false, "Scan Direction": "Forward", "Index Name": "users_pkey", "Relation Name": "users", "Alias": "u", "Startup Cost": 0.29, "Total Cost": 891.12, "Plan Rows": 23721, "Plan Width": 4, "Actual Rows": 40325, "Actual Loops": 1, "Heap Fetches": 0, "Workers": []}]}]}, {"Node Type": "Memoize", "Parent Relationship": "Inner", "Parallel Aware": false, "Async Capable": false, "Startup Cost": 0.3, "Total Cost": 0.43, "Plan Rows": 2, "Plan Width": 4, "Actual Rows": 34, "Actual Loops": 34789, "Cache Key": "v.userid", "Cache Mode": "logical", "Cache Hits": 20274, "Cache Misses": 3636, "Cache Evictions": 0, "Cache Overflows": 0, "Peak Memory Usage": 726, "Workers": [{"Worker Number": 0, "Cache Hits": 8972, "Cache Misses": 1907, "Cache Evictions": 0, "Cache Overflows": 0, "Peak Memory Usage": 380}], "Plans": [{"Node Type": "Index Scan", "Parent Relationship": "Outer", "Parallel Aware": false, "Async Capable": false, "Scan Direction": "Forward", "Index Name": "idx_posts_owneruserid", "Relation Name": "posts", "Alias": "p", "Startup Cost": 0.29, "Total Cost": 0.42, "Plan Rows": 2, "Plan Width": 4, "Actual Rows": 4, "Actual Loops": 5543, "Index Cond": "(owneruserid = v.userid)", "Rows Removed by Index Recheck": 0, "Filter": "((score >= 0) AND (score <= 30) AND (creationdate >= '2010-07-27 15:30:31'::timestamp without time zone) AND (creationdate <= '2014-09-04 17:45:10'::timestamp without time zone) AND (commentcount = 0))", "Rows Removed by Filter": 5, "Workers": []}]}]}]}]}]}]}]}, "Planning Time": 2.759, "Triggers": [], "Execution Time": 10593.531}, {"Plan": {"Node Type": "Aggregate", "Strategy": "Plain", "Partial Mode": "Finalize", "Parallel Aware": false, "Async Capable": false, "Startup Cost": 13019.78, "Total Cost": 13019.79, "Plan Rows": 1, "Plan Width": 8, "Actual Rows": 1, "Actual Loops": 1, "Plans": [{"Node Type": "Gather", "Parent Relationship": "Outer", "Parallel Aware": false, "Async Capable": false, "Startup Cost": 13019.67, "Total Cost": 13019.78, "Plan Rows": 1, "Plan Width": 8, "Actual Rows": 2, "Actual Loops": 1, "Workers Planned": 1, "Workers Launched": 1, "Single Copy": false, "Plans": [{"Node Type": "Aggregate", "Strategy": "Plain", "Partial Mode": "Partial", "Parent Relationship": "Outer", "Parallel Aware": false, "Async Capable": false, "Startup Cost": 12019.67, "Total Cost": 12019.68, "Plan Rows": 1, "Plan Width": 8, "Actual Rows": 1, "Actual Loops": 2, "Workers": [], "Plans": [{"Node Type": "Hash Join", "Parent Relationship": "Outer", "Parallel Aware": true, "Async Capable": false, "Join Type": "Inner", "Startup Cost": 9159.22, "Total Cost": 11551.02, "Plan Rows": 187458, "Plan Width": 0, "Actual Rows": 116019830, "Actual Loops": 2, "Inner Unique": false, "Hash Cond": "(b.userid = u.id)", "Workers": [], "Plans": [{"Node Type": "Index Only Scan", "Parent Relationship": "Outer", "Parallel Aware": true, "Async Capable": false, "Scan Direction": "Forward", "Index Name": "idx_badges_userid", "Relation Name": "badges", "Alias": "b", "Startup Cost": 0.29, "Total Cost": 1405.26, "Plan Rows": 46971, "Plan Width": 4, "Actual Rows": 39926, "Actual Loops": 2, "Heap Fetches": 0, "Workers": []}, {"Node Type": "Hash", "Parent Relationship": "Inner", "Parallel Aware": true, "Async Capable": false, "Startup Cost": 8351.95, "Total Cost": 8351.95, "Plan Rows": 64558, "Plan Width": 12, "Actual Rows": 593534, "Actual Loops": 2, "Hash Buckets": 2097152, "Original Hash Buckets": 131072, "Hash Batches": 1, "Original Hash Batches": 1, "Peak Memory Usage": 87488, "Workers": [], "Plans": [{"Node Type": "Nested Loop", "Parent Relationship": "Outer", "Parallel Aware": false, "Async Capable": false, "Join Type": "Inner", "Startup Cost": 1187.94, "Total Cost": 8351.95, "Plan Rows": 64558, "Plan Width": 12, "Actual Rows": 593534, "Actual Loops": 2, "Inner Unique": false, "Join Filter": "(p.owneruserid = u.id)", "Rows Removed by Join Filter": 0, "Workers": [], "Plans": [{"Node Type": "Hash Join", "Parent Relationship": "Outer", "Parallel Aware": true, "Async Capable": false, "Join Type": "Inner", "Startup Cost": 1187.63, "Total Cost": 5784.0, "Plan Rows": 20408, "Plan Width": 8, "Actual Rows": 17394, "Actual Loops": 2, "Inner Unique": true, "Hash Cond": "(v.userid = u.id)", "Workers": [], "Plans": [{"Node Type": "Seq Scan", "Parent Relationship": "Outer", "Parallel Aware": true, "Async Capable": false, "Relation Name": "votes", "Alias": "v", "Startup Cost": 0.0, "Total Cost": 4089.79, "Plan Rows": 192979, "Plan Width": 4, "Actual Rows": 164032, "Actual Loops": 2, "Workers": []}, {"Node Type": "Hash", "Parent Relationship": "Inner", "Parallel Aware": true, "Async Capable": false, "Startup Cost": 891.12, "Total Cost": 891.12, "Plan Rows": 23721, "Plan Width": 4, "Actual Rows": 20162, "Actual Loops": 2, "Hash Buckets": 65536, "Original Hash Buckets": 65536, "Hash Batches": 1, "Original Hash Batches": 1, "Peak Memory Usage": 2112, "Workers": [], "Plans": [{"Node Type": "Index Only Scan", "Parent Relationship": "Outer", "Parallel Aware": true, "Async Capable": false, "Scan Direction": "Forward", "Index Name": "users_pkey", "Relation Name": "users", "Alias": "u", "Startup Cost": 0.29, "Total Cost": 891.12, "Plan Rows": 23721, "Plan Width": 4, "Actual Rows": 40325, "Actual Loops": 1, "Heap Fetches": 0, "Workers": []}]}]}, {"Node Type": "Memoize", "Parent Relationship": "Inner", "Parallel Aware": false, "Async Capable": false, "Startup Cost": 0.3, "Total Cost": 0.43, "Plan Rows": 2, "Plan Width": 4, "Actual Rows": 34, "Actual Loops": 34789, "Cache Key": "v.userid", "Cache Mode": "logical", "Cache Hits": 13953, "Cache Misses": 3686, "Cache Evictions": 0, "Cache Overflows": 0, "Peak Memory Usage": 903, "Workers": [{"Worker Number": 0, "Cache Hits": 13332, "Cache Misses": 3818, "Cache Evictions": 0, "Cache Overflows": 0, "Peak Memory Usage": 915}], "Plans": [{"Node Type": "Index Scan", "Parent Relationship": "Outer", "Parallel Aware": false, "Async Capable": false, "Scan Direction": "Forward", "Index Name": "idx_posts_owneruserid", "Relation Name": "posts", "Alias": "p", "Startup Cost": 0.29, "Total Cost": 0.42, "Plan Rows": 2, "Plan Width": 4, "Actual Rows": 5, "Actual Loops": 7504, "Index Cond": "(owneruserid = v.userid)", "Rows Removed by Index Recheck": 0, "Filter": "((score >= 0) AND (score <= 30) AND (creationdate >= '2010-07-27 15:30:31'::timestamp without time zone) AND (creationdate <= '2014-09-04 17:45:10'::timestamp without time zone) AND (commentcount = 0))", "Rows Removed by Filter": 7, "Workers": []}]}]}]}]}]}]}]}, "Planning Time": 2.731, "Triggers": [], "Execution Time": 11220.116}, {"Plan": {"Node Type": "Aggregate", "Strategy": "Plain", "Partial Mode": "Finalize", "Parallel Aware": false, "Async Capable": false, "Startup Cost": 14337.51, "Total Cost": 14337.52, "Plan Rows": 1, "Plan Width": 8, "Actual Rows": 1, "Actual Loops": 1, "Plans": [{"Node Type": "Gather", "Parent Relationship": "Outer", "Parallel Aware": false, "Async Capable": false, "Startup Cost": 14337.4, "Total Cost": 14337.51, "Plan Rows": 1, "Plan Width": 8, "Actual Rows": 2, "Actual Loops": 1, "Workers Planned": 1, "Workers Launched": 1, "Single Copy": false, "Plans": [{"Node Type": "Aggregate", "Strategy": "Plain", "Partial Mode": "Partial", "Parent Relationship": "Outer", "Parallel Aware": false, "Async Capable": false, "Startup Cost": 13337.4, "Total Cost": 13337.41, "Plan Rows": 1, "Plan Width": 8, "Actual Rows": 1, "Actual Loops": 2, "Workers": [], "Plans": [{"Node Type": "Hash Join", "Parent Relationship": "Outer", "Parallel Aware": true, "Async Capable": false, "Join Type": "Inner", "Startup Cost": 10476.95, "Total Cost": 12868.76, "Plan Rows": 187458, "Plan Width": 0, "Actual Rows": 116019830, "Actual Loops": 2, "Inner Unique": false, "Hash Cond": "(b.userid = u.id)", "Workers": [], "Plans": [{"Node Type": "Index Only Scan", "Parent Relationship": "Outer", "Parallel Aware": true, "Async Capable": false, "Scan Direction": "Forward", "Index Name": "idx_badges_userid", "Relation Name": "badges", "Alias": "b", "Startup Cost": 0.29, "Total Cost": 1405.26, "Plan Rows": 46971, "Plan Width": 4, "Actual Rows": 39926, "Actual Loops": 2, "Heap Fetches": 0, "Workers": []}, {"Node Type": "Hash", "Parent Relationship": "Inner", "Parallel Aware": true, "Async Capable": false, "Startup Cost": 9669.69, "Total Cost": 9669.69, "Plan Rows": 64558, "Plan Width": 12, "Actual Rows": 593534, "Actual Loops": 2, "Hash Buckets": 2097152, "Original Hash Buckets": 131072, "Hash Batches": 1, "Original Hash Batches": 1, "Peak Memory Usage": 87488, "Workers": [], "Plans": [{"Node Type": "Hash Join", "Parent Relationship": "Outer", "Parallel Aware": false, "Async Capable": false, "Join Type": "Inner", "Startup Cost": 4670.46, "Total Cost": 9669.69, "Plan Rows": 64558, "Plan Width": 12, "Actual Rows": 593534, "Actual Loops": 2, "Inner Unique": false, "Hash Cond": "(v.userid = u.id)", "Workers": [], "Plans": [{"Node Type": "Seq Scan", "Parent Relationship": "Outer", "Parallel Aware": true, "Async Capable": false, "Relation Name": "votes", "Alias": "v", "Startup Cost": 0.0, "Total Cost": 4089.79, "Plan Rows": 192979, "Plan Width": 4, "Actual Rows": 164032, "Actual Loops": 2, "Workers": []}, {"Node Type": "Hash", "Parent Relationship": "Inner", "Parallel Aware": false, "Async Capable": false, "Startup Cost": 4211.62, "Total Cost": 4211.62, "Plan Rows": 36707, "Plan Width": 8, "Actual Rows": 37048, "Actual Loops": 2, "Hash Buckets": 65536, "Original Hash Buckets": 65536, "Hash Batches": 1, "Original Hash Batches": 1, "Peak Memory Usage": 1960, "Workers": [], "Plans": [{"Node Type": "Hash Join", "Parent Relationship": "Outer", "Parallel Aware": false, "Async Capable": false, "Join Type": "Inner", "Startup Cost": 1204.31, "Total Cost": 4211.62, "Plan Rows": 36707, "Plan Width": 8, "Actual Rows": 37048, "Actual Loops": 2, "Inner Unique": true, "Hash Cond": "(p.owneruserid = u.id)", "Workers": [], "Plans": [{"Node Type": "Seq Scan", "Parent Relationship": "Outer", "Parallel Aware": false, "Async Capable": false, "Relation Name": "posts", "Alias": "p", "Startup Cost": 0.0, "Total Cost": 2909.46, "Plan Rows": 37271, "Plan Width": 4, "Actual Rows": 37528, "Actual Loops": 2, "Filter": "((score >= 0) AND (score <= 30) AND (creationdate >= '2010-07-27 15:30:31'::timestamp without time zone) AND (creationdate <= '2014-09-04 17:45:10'::timestamp without time zone) AND (commentcount = 0))", "Rows Removed by Filter": 54448, "Workers": []}, {"Node Type": "Hash", "Parent Relationship": "Inner", "Parallel Aware": false, "Async Capable": false, "Startup Cost": 700.25, "Total Cost": 700.25, "Plan Rows": 40325, "Plan Width": 4, "Actual Rows": 40325, "Actual Loops": 2, "Hash Buckets": 65536, "Original Hash Buckets": 65536, "Hash Batches": 1, "Original Hash Batches": 1, "Peak Memory Usage": 1930, "Workers": [], "Plans": [{"Node Type": "Seq Scan", "Parent Relationship": "Outer", "Parallel Aware": false, "Async Capable": false, "Relation Name": "users", "Alias": "u", "Startup Cost": 0.0, "Total Cost": 700.25, "Plan Rows": 40325, "Plan Width": 4, "Actual Rows": 40325, "Actual Loops": 2, "Workers": []}]}]}]}]}]}]}]}]}]}, "Planning Time": 2.678, "Triggers": [], "Execution Time": 11402.295}, {"Plan": {"Node Type": "Aggregate", "Strategy": "Plain", "Partial Mode": "Simple", "Parallel Aware": false, "Async Capable": false, "Startup Cost": 40000009733.66, "Total Cost": 40000009733.67, "Plan Rows": 1, "Plan Width": 8, "Actual Rows": 1, "Actual Loops": 1, "Plans": [{"Node Type": "Merge Join", "Parent Relationship": "Outer", "Parallel Aware": false, "Async Capable": false, "Join Type": "Inner", "Startup Cost": 40000000001.35, "Total Cost": 40000008936.97, "Plan Rows": 318679, "Plan Width": 0, "Actual Rows": 232039659, "Actual Loops": 1, "Inner Unique": false, "Merge Cond": "(u.id = v.userid)", "Plans": [{"Node Type": "Merge Join", "Parent Relationship": "Outer", "Parallel Aware": false, "Async Capable": false, "Join Type": "Inner", "Startup Cost": 20000000000.64, "Total Cost": 20000003890.14, "Plan Rows": 79851, "Plan Width": 8, "Actual Rows": 79443, "Actual Loops": 1, "Inner Unique": true, "Merge Cond": "(b.userid = u.id)", "Plans": [{"Node Type": "Index Only Scan", "Parent Relationship": "Outer", "Parallel Aware": false, "Async Capable": false, "Scan Direction": "Forward", "Index Name": "idx_badges_userid", "Relation Name": "badges", "Alias": "b", "Startup Cost": 10000000000.29, "Total Cost": 10000001734.06, "Plan Rows": 79851, "Plan Width": 4, "Actual Rows": 79443, "Actual Loops": 1, "Heap Fetches": 0}, {"Node Type": "Index Only Scan", "Parent Relationship": "Inner", "Parallel Aware": false, "Async Capable": false, "Scan Direction": "Forward", "Index Name": "users_pkey", "Relation Name": "users", "Alias": "u", "Startup Cost": 10000000000.29, "Total Cost": 10000001057.17, "Plan Rows": 40325, "Plan Width": 4, "Actual Rows": 39596, "Actual Loops": 1, "Heap Fetches": 0}]}, {"Node Type": "Materialize", "Parent Relationship": "Inner", "Parallel Aware": false, "Async Capable": false, "Startup Cost": 20000000000.72, "Total Cost": 20000022684.34, "Plan Rows": 1037783, "Plan Width": 8, "Actual Rows": 232043063, "Actual Loops": 1, "Plans": [{"Node Type": "Merge Join", "Parent Relationship": "Outer", "Parallel Aware": false, "Async Capable": false, "Join Type": "Inner", "Startup Cost": 20000000000.72, "Total Cost": 20000020089.88, "Plan Rows": 1037783, "Plan Width": 8, "Actual Rows": 1187068, "Actual Loops": 1, "Inner Unique": false, "Merge Cond": "(p.owneruserid = v.userid)", "Plans": [{"Node Type": "Index Scan", "Parent Relationship": "Outer", "Parallel Aware": false, "Async Capable": false, "Scan Direction": "Forward", "Index Name": "idx_posts_owneruserid", "Relation Name": "posts", "Alias": "p", "Startup Cost": 10000000000.29, "Total Cost": 10000005243.37, "Plan Rows": 37271, "Plan Width": 4, "Actual Rows": 37049, "Actual Loops": 1, "Filter": "((score >= 0) AND (score <= 30) AND (creationdate >= '2010-07-27 15:30:31'::timestamp without time zone) AND (creationdate <= '2014-09-04 17:45:10'::timestamp without time zone) AND (commentcount = 0))", "Rows Removed by Filter": 53571}, {"Node Type": "Materialize", "Parent Relationship": "Inner", "Parallel Aware": false, "Async Capable": false, "Startup Cost": 10000000000.42, "Total Cost": 10000006995.43, "Plan Rows": 328064, "Plan Width": 4, "Actual Rows": 1195275, "Actual Loops": 1, "Plans": [{"Node Type": "Index Only Scan", "Parent Relationship": "Outer", "Parallel Aware": false, "Async Capable": false, "Scan Direction": "Forward", "Index Name": "idx_votes_userid", "Relation Name": "votes", "Alias": "v", "Startup Cost": 10000000000.42, "Total Cost": 10000006175.27, "Plan Rows": 328064, "Plan Width": 4, "Actual Rows": 34752, "Actual Loops": 1, "Heap Fetches": 0}]}]}]}]}]}, "Planning Time": 3.418, "Triggers": [], "Execution Time": 18174.82}, {"Plan": {"Node Type": "Aggregate", "Strategy": "Plain", "Partial Mode": "Simple", "Parallel Aware": false, "Async Capable": false, "Startup Cost": 10000073918.26, "Total Cost": 10000073918.27, "Plan Rows": 1, "Plan Width": 8, "Actual Rows": 1, "Actual Loops": 1, "Plans": [{"Node Type": "Nested Loop", "Parent Relationship": "Outer", "Parallel Aware": false, "Async Capable": false, "Join Type": "Inner", "Startup Cost": 10000000001.39, "Total Cost": 10000073121.57, "Plan Rows": 318679, "Plan Width": 0, "Actual Rows": 232039659, "Actual Loops": 1, "Inner Unique": false, "Join Filter": "(p.owneruserid = u.id)", "Rows Removed by Join Filter": 0, "Plans": [{"Node Type": "Nested Loop", "Parent Relationship": "Outer", "Parallel Aware": false, "Async Capable": false, "Join Type": "Inner", "Startup Cost": 10000000001.06, "Total Cost": 10000051106.52, "Plan Rows": 100741, "Plan Width": 12, "Actual Rows": 1056687, "Actual Loops": 1, "Inner Unique": false, "Join Filter": "(b.userid = u.id)", "Rows Removed by Join Filter": 0, "Plans": [{"Node Type": "Nested Loop", "Parent Relationship": "Outer", "Parallel Aware": false, "Async Capable": false, "Join Type": "Inner", "Startup Cost": 10000000000.73, "Total Cost": 10000031657.75, "Plan Rows": 34694, "Plan Width": 8, "Actual Rows": 34789, "Actual Loops": 1, "Inner Unique": true, "Plans": [{"Node Type": "Index Only Scan", "Parent Relationship": "Outer", "Parallel Aware": false, "Async Capable": false, "Scan Direction": "Forward", "Index Name": "idx_votes_userid", "Relation Name": "votes", "Alias": "v", "Startup Cost": 10000000000.42, "Total Cost": 10000006175.27, "Plan Rows": 328064, "Plan Width": 4, "Actual Rows": 328064, "Actual Loops": 1, "Heap Fetches": 0}, {"Node Type": "Memoize", "Parent Relationship": "Inner", "Parallel Aware": false, "Async Capable": false, "Startup Cost": 0.31, "Total Cost": 4.32, "Plan Rows": 1, "Plan Width": 4, "Actual Rows": 0, "Actual Loops": 328064, "Cache Key": "v.userid", "Cache Mode": "logical", "Cache Hits": 322520, "Cache Misses": 5544, "Cache Evictions": 0, "Cache Overflows": 0, "Peak Memory Usage": 564, "Plans": [{"Node Type": "Bitmap Heap Scan", "Parent Relationship": "Outer", "Parallel Aware": false, "Async Capable": false, "Relation Name": "users", "Alias": "u", "Startup Cost": 0.3, "Total Cost": 4.31, "Plan Rows": 1, "Plan Width": 4, "Actual Rows": 1, "Actual Loops": 5544, "Recheck Cond": "(v.userid = id)", "Rows Removed by Index Recheck": 0, "Exact Heap Blocks": 5543, "Lossy Heap Blocks": 0, "Plans": [{"Node Type": "Bitmap Index Scan", "Parent Relationship": "Outer", "Parallel Aware": false, "Async Capable": false, "Index Name": "users_pkey", "Startup Cost": 0.0, "Total Cost": 0.3, "Plan Rows": 1, "Plan Width": 0, "Actual Rows": 1, "Actual Loops": 5544, "Index Cond": "(id = v.userid)"}]}]}]}, {"Node Type": "Memoize", "Parent Relationship": "Inner", "Parallel Aware": false, "Async Capable": false, "Startup Cost": 0.33, "Total Cost": 4.36, "Plan Rows": 3, "Plan Width": 4, "Actual Rows": 30, "Actual Loops": 34789, "Cache Key": "v.userid", "Cache Mode": "logical", "Cache Hits": 29246, "Cache Misses": 5543, "Cache Evictions": 0, "Cache Overflows": 0, "Peak Memory Usage": 1536, "Plans": [{"Node Type": "Bitmap Heap Scan", "Parent Relationship": "Outer", "Parallel Aware": false, "Async Capable": false, "Relation Name": "badges", "Alias": "b", "Startup Cost": 0.32, "Total Cost": 4.35, "Plan Rows": 3, "Plan Width": 4, "Actual Rows": 6, "Actual Loops": 5543, "Recheck Cond": "(v.userid = userid)", "Rows Removed by Index Recheck": 0, "Exact Heap Blocks": 24773, "Lossy Heap Blocks": 0, "Plans": [{"Node Type": "Bitmap Index Scan", "Parent Relationship": "Outer", "Parallel Aware": false, "Async Capable": false, "Index Name": "idx_badges_userid", "Startup Cost": 0.0, "Total Cost": 0.32, "Plan Rows": 3, "Plan Width": 0, "Actual Rows": 6, "Actual Loops": 5543, "Index Cond": "(userid = v.userid)"}]}]}]}, {"Node Type": "Memoize", "Parent Relationship": "Inner", "Parallel Aware": false, "Async Capable": false, "Startup Cost": 0.33, "Total Cost": 4.43, "Plan Rows": 2, "Plan Width": 4, "Actual Rows": 220, "Actual Loops": 1056687, "Cache Key": "v.userid", "Cache Mode": "logical", "Cache Hits": 1052324, "Cache Misses": 4363, "Cache Evictions": 0, "Cache Overflows": 0, "Peak Memory Usage": 1019, "Plans": [{"Node Type": "Bitmap Heap Scan", "Parent Relationship": "Outer", "Parallel Aware": false, "Async Capable": false, "Relation Name": "posts", "Alias": "p", "Startup Cost": 0.32, "Total Cost": 4.42, "Plan Rows": 2, "Plan Width": 4, "Actual Rows": 5, "Actual Loops": 4363, "Recheck Cond": "(v.userid = owneruserid)", "Rows Removed by Index Recheck": 0, "Filter": "((score >= 0) AND (score <= 30) AND (creationdate >= '2010-07-27 15:30:31'::timestamp without time zone) AND (creationdate <= '2014-09-04 17:45:10'::timestamp without time zone) AND (commentcount = 0))", "Rows Removed by Filter": 7, "Exact Heap Blocks": 33402, "Lossy Heap Blocks": 0, "Plans": [{"Node Type": "Bitmap Index Scan", "Parent Relationship": "Outer", "Parallel Aware": false, "Async Capable": false, "Index Name": "idx_posts_owneruserid", "Startup Cost": 0.0, "Total Cost": 0.32, "Plan Rows": 4, "Plan Width": 0, "Actual Rows": 12, "Actual Loops": 4363, "Index Cond": "(owneruserid = v.userid)"}]}]}]}]}, "Planning Time": 3.259, "Triggers": [], "Execution Time": 14336.456}, {"Plan": {"Node Type": "Aggregate", "Strategy": "Plain", "Partial Mode": "Simple", "Parallel Aware": false, "Async Capable": false, "Startup Cost": 16225.56, "Total Cost": 16225.57, "Plan Rows": 1, "Plan Width": 8, "Actual Rows": 1, "Actual Loops": 1, "Plans": [{"Node Type": "Hash Join", "Parent Relationship": "Outer", "Parallel Aware": false, "Async Capable": false, "Join Type": "Inner", "Startup Cost": 11416.03, "Total Cost": 15428.87, "Plan Rows": 318679, "Plan Width": 0, "Actual Rows": 232039659, "Actual Loops": 1, "Inner Unique": false, "Hash Cond": "(p.owneruserid = u.id)", "Plans": [{"Node Type": "Seq Scan", "Parent Relationship": "Outer", "Parallel Aware": false, "Async Capable": false, "Relation Name": "posts", "Alias": "p", "Startup Cost": 0.0, "Total Cost": 2909.46, "Plan Rows": 37271, "Plan Width": 4, "Actual Rows": 37528, "Actual Loops": 1, "Filter": "((score >= 0) AND (score <= 30) AND (creationdate >= '2010-07-27 15:30:31'::timestamp without time zone) AND (creationdate <= '2014-09-04 17:45:10'::timestamp without time zone) AND (commentcount = 0))", "Rows Removed by Filter": 54448}, {"Node Type": "Hash", "Parent Relationship": "Inner", "Parallel Aware": false, "Async Capable": false, "Startup Cost": 10156.77, "Total Cost": 10156.77, "Plan Rows": 100741, "Plan Width": 12, "Actual Rows": 1056687, "Actual Loops": 1, "Hash Buckets": 2097152, "Original Hash Buckets": 131072, "Hash Batches": 1, "Original Hash Batches": 1, "Peak Memory Usage": 61789, "Plans": [{"Node Type": "Hash Join", "Parent Relationship": "Outer", "Parallel Aware": false, "Async Capable": false, "Join Type": "Inner", "Startup Cost": 7939.81, "Total Cost": 10156.77, "Plan Rows": 100741, "Plan Width": 12, "Actual Rows": 1056687, "Actual Loops": 1, "Inner Unique": false, "Hash Cond": "(b.userid = u.id)", "Plans": [{"Node Type": "Seq Scan", "Parent Relationship": "Outer", "Parallel Aware": false, "Async Capable": false, "Relation Name": "badges", "Alias": "b", "Startup Cost": 0.0, "Total Cost": 1230.51, "Plan Rows": 79851, "Plan Width": 4, "Actual Rows": 79851, "Actual Loops": 1}, {"Node Type": "Hash", "Parent Relationship": "Inner", "Parallel Aware": false, "Async Capable": false, "Startup Cost": 7506.13, "Total Cost": 7506.13, "Plan Rows": 34694, "Plan Width": 8, "Actual Rows": 34789, "Actual Loops": 1, "Hash Buckets": 65536, "Original Hash Buckets": 65536, "Hash Batches": 1, "Original Hash Batches": 1, "Peak Memory Usage": 1871, "Plans": [{"Node Type": "Hash Join", "Parent Relationship": "Outer", "Parallel Aware": false, "Async Capable": false, "Join Type": "Inner", "Startup Cost": 1204.31, "Total Cost": 7506.13, "Plan Rows": 34694, "Plan Width": 8, "Actual Rows": 34789, "Actual Loops": 1, "Inner Unique": true, "Hash Cond": "(v.userid = u.id)", "Plans": [{"Node Type": "Seq Scan", "Parent Relationship": "Outer", "Parallel Aware": false, "Async Capable": false, "Relation Name": "votes", "Alias": "v", "Startup Cost": 0.0, "Total Cost": 5440.64, "Plan Rows": 328064, "Plan Width": 4, "Actual Rows": 328064, "Actual Loops": 1}, {"Node Type": "Hash", "Parent Relationship": "Inner", "Parallel Aware": false, "Async Capable": false, "Startup Cost": 700.25, "Total Cost": 700.25, "Plan Rows": 40325, "Plan Width": 4, "Actual Rows": 40325, "Actual Loops": 1, "Hash Buckets": 65536, "Original Hash Buckets": 65536, "Hash Batches": 1, "Original Hash Batches": 1, "Peak Memory Usage": 1930, "Plans": [{"Node Type": "Seq Scan", "Parent Relationship": "Outer", "Parallel Aware": false, "Async Capable": false, "Relation Name": "users", "Alias": "u", "Startup Cost": 0.0, "Total Cost": 700.25, "Plan Rows": 40325, "Plan Width": 4, "Actual Rows": 40325, "Actual Loops": 1}]}]}]}]}]}]}]}, "Planning Time": 3.636, "Triggers": [], "Execution Time": 19753.827}, {"Plan": {"Node Type": "Aggregate", "Strategy": "Plain", "Partial Mode": "Simple", "Parallel Aware": false, "Async Capable": false, "Startup Cost": 27012.89, "Total Cost": 27012.9, "Plan Rows": 1, "Plan Width": 8, "Actual Rows": 1, "Actual Loops": 1, "Plans": [{"Node Type": "Hash Join", "Parent Relationship": "Outer", "Parallel Aware": false, "Async Capable": false, "Join Type": "Inner", "Startup Cost": 19869.74, "Total Cost": 26216.2, "Plan Rows": 318679, "Plan Width": 0, "Actual Rows": 232039659, "Actual Loops": 1, "Inner Unique": false, "Hash Cond": "(p.owneruserid = u.id)", "Plans": [{"Node Type": "Index Scan", "Parent Relationship": "Outer", "Parallel Aware": false, "Async Capable": false, "Scan Direction": "Forward", "Index Name": "idx_posts_owneruserid", "Relation Name": "posts", "Alias": "p", "Startup Cost": 0.29, "Total Cost": 5243.37, "Plan Rows": 37271, "Plan Width": 4, "Actual Rows": 37528, "Actual Loops": 1, "Filter": "((score >= 0) AND (score <= 30) AND (creationdate >= '2010-07-27 15:30:31'::timestamp without time zone) AND (creationdate <= '2014-09-04 17:45:10'::timestamp without time zone) AND (commentcount = 0))", "Rows Removed by Filter": 54448}, {"Node Type": "Hash", "Parent Relationship": "Inner", "Parallel Aware": false, "Async Capable": false, "Startup Cost": 18610.19, "Total Cost": 18610.19, "Plan Rows": 100741, "Plan Width": 12, "Actual Rows": 1056687, "Actual Loops": 1, "Hash Buckets": 2097152, "Original Hash Buckets": 131072, "Hash Batches": 1, "Original Hash Batches": 1, "Peak Memory Usage": 61789, "Plans": [{"Node Type": "Hash Join", "Parent Relationship": "Outer", "Parallel Aware": false, "Async Capable": false, "Join Type": "Inner", "Startup Cost": 14758.69, "Total Cost": 18610.19, "Plan Rows": 100741, "Plan Width": 12, "Actual Rows": 1056687, "Actual Loops": 1, "Inner Unique": false, "Hash Cond": "(b.userid = u.id)", "Plans": [{"Node Type": "Index Scan", "Parent Relationship": "Outer", "Parallel Aware": false, "Async Capable": false, "Scan Direction": "Forward", "Index Name": "idx_badges_userid", "Relation Name": "badges", "Alias": "b", "Startup Cost": 0.29, "Total Cost": 2865.34, "Plan Rows": 79851, "Plan Width": 4, "Actual Rows": 79851, "Actual Loops": 1}, {"Node Type": "Hash", "Parent Relationship": "Inner", "Parallel Aware": false, "Async Capable": false, "Startup Cost": 14324.72, "Total Cost": 14324.72, "Plan Rows": 34694, "Plan Width": 8, "Actual Rows": 34789, "Actual Loops": 1, "Hash Buckets": 65536, "Original Hash Buckets": 65536, "Hash Batches": 1, "Original Hash Batches": 1, "Peak Memory Usage": 1871, "Plans": [{"Node Type": "Hash Join", "Parent Relationship": "Outer", "Parallel Aware": false, "Async Capable": false, "Join Type": "Inner", "Startup Cost": 1861.65, "Total Cost": 14324.72, "Plan Rows": 34694, "Plan Width": 8, "Actual Rows": 34789, "Actual Loops": 1, "Inner Unique": true, "Hash Cond": "(v.userid = u.id)", "Plans": [{"Node Type": "Index Scan", "Parent Relationship": "Outer", "Parallel Aware": false, "Async Capable": false, "Scan Direction": "Forward", "Index Name": "idx_votes_userid", "Relation Name": "votes", "Alias": "v", "Startup Cost": 0.42, "Total Cost": 11602.31, "Plan Rows": 328064, "Plan Width": 4, "Actual Rows": 328064, "Actual Loops": 1}, {"Node Type": "Hash", "Parent Relationship": "Inner", "Parallel Aware": false, "Async Capable": false, "Startup Cost": 1357.16, "Total Cost": 1357.16, "Plan Rows": 40325, "Plan Width": 4, "Actual Rows": 40325, "Actual Loops": 1, "Hash Buckets": 65536, "Original Hash Buckets": 65536, "Hash Batches": 1, "Original Hash Batches": 1, "Peak Memory Usage": 1930, "Plans": [{"Node Type": "Index Scan", "Parent Relationship": "Outer", "Parallel Aware": false, "Async Capable": false, "Scan Direction": "Forward", "Index Name": "users_pkey", "Relation Name": "users", "Alias": "u", "Startup Cost": 0.29, "Total Cost": 1357.16, "Plan Rows": 40325, "Plan Width": 4, "Actual Rows": 40325, "Actual Loops": 1}]}]}]}]}]}]}]}, "Planning Time": 2.706, "Triggers": [], "Execution Time": 15065.497}, {"Plan": {"Node Type": "Aggregate", "Strategy": "Plain", "Partial Mode": "Finalize", "Parallel Aware": false, "Async Capable": false, "Startup Cost": 8577.86, "Total Cost": 8577.87, "Plan Rows": 1, "Plan Width": 8, "Actual Rows": 1, "Actual Loops": 1, "Plans": [{"Node Type": "Gather", "Parent Relationship": "Outer", "Parallel Aware": false, "Async Capable": false, "Startup Cost": 8577.75, "Total Cost": 8577.86, "Plan Rows": 1, "Plan Width": 8, "Actual Rows": 2, "Actual Loops": 1, "Workers Planned": 1, "Workers Launched": 1, "Single Copy": false, "Plans": [{"Node Type": "Aggregate", "Strategy": "Plain", "Partial Mode": "Partial", "Parent Relationship": "Outer", "Parallel Aware": false, "Async Capable": false, "Startup Cost": 7577.75, "Total Cost": 7577.76, "Plan Rows": 1, "Plan Width": 8, "Actual Rows": 1, "Actual Loops": 2, "Workers": [], "Plans": [{"Node Type": "Merge Join", "Parent Relationship": "Outer", "Parallel Aware": false, "Async Capable": false, "Join Type": "Inner", "Startup Cost": 2.67, "Total Cost": 7109.1, "Plan Rows": 187458, "Plan Width": 0, "Actual Rows": 116019830, "Actual Loops": 2, "Inner Unique": true, "Merge Cond": "(v.userid = u.id)", "Workers": [], "Plans": [{"Node Type": "Merge Join", "Parent Relationship": "Outer", "Parallel Aware": false, "Async Capable": false, "Join Type": "Inner", "Startup Cost": 2.38, "Total Cost": 31259.35, "Plan Rows": 1772600, "Plan Width": 12, "Actual Rows": 116019830, "Actual Loops": 2, "Inner Unique": false, "Merge Cond": "(v.userid = b.userid)", "Workers": [], "Plans": [{"Node Type": "Merge Join", "Parent Relationship": "Outer", "Parallel Aware": false, "Async Capable": false, "Join Type": "Inner", "Startup Cost": 0.71, "Total Cost": 15535.8, "Plan Rows": 610461, "Plan Width": 8, "Actual Rows": 593534, "Actual Loops": 2, "Inner Unique": false, "Merge Cond": "(v.userid = p.owneruserid)", "Workers": [], "Plans": [{"Node Type": "Index Scan", "Parent Relationship": "Outer", "Parallel Aware": true, "Async Capable": false, "Scan Direction": "Forward", "Index Name": "idx_votes_userid", "Relation Name": "votes", "Alias": "v", "Startup Cost": 0.42, "Total Cost": 10251.46, "Plan Rows": 192979, "Plan Width": 4, "Actual Rows": 17376, "Actual Loops": 2, "Workers": []}, {"Node Type": "Materialize", "Parent Relationship": "Inner", "Parallel Aware": false, "Async Capable": false, "Startup Cost": 0.29, "Total Cost": 5336.55, "Plan Rows": 37271, "Plan Width": 4, "Actual Rows": 603782, "Actual Loops": 2, "Workers": [], "Plans": [{"Node Type": "Index Scan", "Parent Relationship": "Outer", "Parallel Aware": false, "Async Capable": false, "Scan Direction": "Forward", "Index Name": "idx_posts_owneruserid", "Relation Name": "posts", "Alias": "p", "Startup Cost": 0.29, "Total Cost": 5243.37, "Plan Rows": 37271, "Plan Width": 4, "Actual Rows": 20728, "Actual Loops": 2, "Filter": "((score >= 0) AND (score <= 30) AND (creationdate >= '2010-07-27 15:30:31'::timestamp without time zone) AND (creationdate <= '2014-09-04 17:45:10'::timestamp without time zone) AND (commentcount = 0))", "Rows Removed by Filter": 30206, "Workers": []}]}]}, {"Node Type": "Materialize", "Parent Relationship": "Inner", "Parallel Aware": false, "Async Capable": false, "Startup Cost": 0.29, "Total Cost": 3064.97, "Plan Rows": 79851, "Plan Width": 4, "Actual Rows": 116048794, "Actual Loops": 2, "Workers": [], "Plans": [{"Node Type": "Index Scan", "Parent Relationship": "Outer", "Parallel Aware": false, "Async Capable": false, "Scan Direction": "Forward", "Index Name": "idx_badges_userid", "Relation Name": "badges", "Alias": "b", "Startup Cost": 0.29, "Total Cost": 2865.34, "Plan Rows": 79851, "Plan Width": 4, "Actual Rows": 43128, "Actual Loops": 2, "Workers": []}]}]}, {"Node Type": "Index Scan", "Parent Relationship": "Inner", "Parallel Aware": false, "Async Capable": false, "Scan Direction": "Forward", "Index Name": "users_pkey", "Relation Name": "users", "Alias": "u", "Startup Cost": 0.29, "Total Cost": 1357.16, "Plan Rows": 40325, "Plan Width": 4, "Actual Rows": 20128, "Actual Loops": 2, "Workers": []}]}]}]}]}, "Planning Time": 3.202, "Triggers": [], "Execution Time": 16256.578}, {"Plan": {"Node Type": "Aggregate", "Strategy": "Plain", "Partial Mode": "Finalize", "Parallel Aware": false, "Async Capable": false, "Startup Cost": 20891.0, "Total Cost": 20891.01, "Plan Rows": 1, "Plan Width": 8, "Actual Rows": 1, "Actual Loops": 1, "Plans": [{"Node Type": "Gather", "Parent Relationship": "Outer", "Parallel Aware": false, "Async Capable": false, "Startup Cost": 20890.89, "Total Cost": 20891.0, "Plan Rows": 1, "Plan Width": 8, "Actual Rows": 2, "Actual Loops": 1, "Workers Planned": 1, "Workers Launched": 1, "Single Copy": false, "Plans": [{"Node Type": "Aggregate", "Strategy": "Plain", "Partial Mode": "Partial", "Parent Relationship": "Outer", "Parallel Aware": false, "Async Capable": false, "Startup Cost": 19890.89, "Total Cost": 19890.9, "Plan Rows": 1, "Plan Width": 8, "Actual Rows": 1, "Actual Loops": 2, "Workers": [], "Plans": [{"Node Type": "Nested Loop", "Parent Relationship": "Outer", "Parallel Aware": false, "Async Capable": false, "Join Type": "Inner", "Startup Cost": 1862.25, "Total Cost": 19422.24, "Plan Rows": 187458, "Plan Width": 0, "Actual Rows": 116019830, "Actual Loops": 2, "Inner Unique": false, "Join Filter": "(p.owneruserid = u.id)", "Rows Removed by Join Filter": 0, "Workers": [], "Plans": [{"Node Type": "Nested Loop", "Parent Relationship": "Outer", "Parallel Aware": false, "Async Capable": false, "Join Type": "Inner", "Startup Cost": 1861.95, "Total Cost": 15203.07, "Plan Rows": 59259, "Plan Width": 12, "Actual Rows": 528344, "Actual Loops": 2, "Inner Unique": false, "Join Filter": "(b.userid = u.id)", "Rows Removed by Join Filter": 0, "Workers": [], "Plans": [{"Node Type": "Hash Join", "Parent Relationship": "Outer", "Parallel Aware": false, "Async Capable": false, "Join Type": "Inner", "Startup Cost": 1861.65, "Total Cost": 12619.27, "Plan Rows": 20408, "Plan Width": 8, "Actual Rows": 17394, "Actual Loops": 2, "Inner Unique": true, "Hash Cond": "(v.userid = u.id)", "Workers": [], "Plans": [{"Node Type": "Index Scan", "Parent Relationship": "Outer", "Parallel Aware": true, "Async Capable": false, "Scan Direction": "Forward", "Index Name": "idx_votes_userid", "Relation Name": "votes", "Alias": "v", "Startup Cost": 0.42, "Total Cost": 10251.46, "Plan Rows": 192979, "Plan Width": 4, "Actual Rows": 164032, "Actual Loops": 2, "Workers": []}, {"Node Type": "Hash", "Parent Relationship": "Inner", "Parallel Aware": false, "Async Capable": false, "Startup Cost": 1357.16, "Total Cost": 1357.16, "Plan Rows": 40325, "Plan Width": 4, "Actual Rows": 40325, "Actual Loops": 2, "Hash Buckets": 65536, "Original Hash Buckets": 65536, "Hash Batches": 1, "Original Hash Batches": 1, "Peak Memory Usage": 1930, "Workers": [], "Plans": [{"Node Type": "Index Scan", "Parent Relationship": "Outer", "Parallel Aware": false, "Async Capable": false, "Scan Direction": "Forward", "Index Name": "users_pkey", "Relation Name": "users", "Alias": "u", "Startup Cost": 0.29, "Total Cost": 1357.16, "Plan Rows": 40325, "Plan Width": 4, "Actual Rows": 40325, "Actual Loops": 2, "Workers": []}]}]}, {"Node Type": "Memoize", "Parent Relationship": "Inner", "Parallel Aware": false, "Async Capable": false, "Startup Cost": 0.3, "Total Cost": 0.36, "Plan Rows": 3, "Plan Width": 4, "Actual Rows": 30, "Actual Loops": 34789, "Cache Key": "v.userid", "Cache Mode": "logical", "Cache Hits": 1778, "Cache Misses": 148, "Cache Evictions": 0, "Cache Overflows": 0, "Peak Memory Usage": 119, "Workers": [{"Worker Number": 0, "Cache Hits": 27468, "Cache Misses": 5395, "Cache Evictions": 0, "Cache Overflows": 0, "Peak Memory Usage": 1418}], "Plans": [{"Node Type": "Index Scan", "Parent Relationship": "Outer", "Parallel Aware": false, "Async Capable": false, "Scan Direction": "Forward", "Index Name": "idx_badges_userid", "Relation Name": "badges", "Alias": "b", "Startup Cost": 0.29, "Total Cost": 0.35, "Plan Rows": 3, "Plan Width": 4, "Actual Rows": 6, "Actual Loops": 5543, "Index Cond": "(userid = v.userid)", "Rows Removed by Index Recheck": 0, "Workers": []}]}]}, {"Node Type": "Memoize", "Parent Relationship": "Inner", "Parallel Aware": false, "Async Capable": false, "Startup Cost": 0.3, "Total Cost": 0.43, "Plan Rows": 2, "Plan Width": 4, "Actual Rows": 220, "Actual Loops": 1056687, "Cache Key": "v.userid", "Cache Mode": "logical", "Cache Hits": 234495, "Cache Misses": 141, "Cache Evictions": 0, "Cache Overflows": 0, "Peak Memory Usage": 102, "Workers": [{"Worker Number": 0, "Cache Hits": 817829, "Cache Misses": 4222, "Cache Evictions": 0, "Cache Overflows": 0, "Peak Memory Usage": 917}], "Plans": [{"Node Type": "Index Scan", "Parent Relationship": "Outer", "Parallel Aware": false, "Async Capable": false, "Scan Direction": "Forward", "Index Name": "idx_posts_owneruserid", "Relation Name": "posts", "Alias": "p", "Startup Cost": 0.29, "Total Cost": 0.42, "Plan Rows": 2, "Plan Width": 4, "Actual Rows": 5, "Actual Loops": 4363, "Index Cond": "(owneruserid = v.userid)", "Rows Removed by Index Recheck": 0, "Filter": "((score >= 0) AND (score <= 30) AND (creationdate >= '2010-07-27 15:30:31'::timestamp without time zone) AND (creationdate <= '2014-09-04 17:45:10'::timestamp without time zone) AND (commentcount = 0))", "Rows Removed by Filter": 7, "Workers": []}]}]}]}]}]}, "Planning Time": 6.519, "Triggers": [], "Execution Time": 8140.692}, {"Plan": {"Node Type": "Aggregate", "Strategy": "Plain", "Partial Mode": "Finalize", "Parallel Aware": false, "Async Capable": false, "Startup Cost": 14072.41, "Total Cost": 14072.42, "Plan Rows": 1, "Plan Width": 8, "Actual Rows": 1, "Actual Loops": 1, "Plans": [{"Node Type": "Gather", "Parent Relationship": "Outer", "Parallel Aware": false, "Async Capable": false, "Startup Cost": 14072.3, "Total Cost": 14072.41, "Plan Rows": 1, "Plan Width": 8, "Actual Rows": 2, "Actual Loops": 1, "Workers Planned": 1, "Workers Launched": 1, "Single Copy": false, "Plans": [{"Node Type": "Aggregate", "Strategy": "Plain", "Partial Mode": "Partial", "Parent Relationship": "Outer", "Parallel Aware": false, "Async Capable": false, "Startup Cost": 13072.3, "Total Cost": 13072.31, "Plan Rows": 1, "Plan Width": 8, "Actual Rows": 1, "Actual Loops": 2, "Workers": [], "Plans": [{"Node Type": "Nested Loop", "Parent Relationship": "Outer", "Parallel Aware": false, "Async Capable": false, "Join Type": "Inner", "Startup Cost": 1204.92, "Total Cost": 12603.66, "Plan Rows": 187458, "Plan Width": 0, "Actual Rows": 116019830, "Actual Loops": 2, "Inner Unique": false, "Join Filter": "(p.owneruserid = u.id)", "Rows Removed by Join Filter": 0, "Workers": [], "Plans": [{"Node Type": "Nested Loop", "Parent Relationship": "Outer", "Parallel Aware": false, "Async Capable": false, "Join Type": "Inner", "Startup Cost": 1204.62, "Total Cost": 8384.48, "Plan Rows": 59259, "Plan Width": 12, "Actual Rows": 528344, "Actual Loops": 2, "Inner Unique": false, "Join Filter": "(b.userid = u.id)", "Rows Removed by Join Filter": 0, "Workers": [], "Plans": [{"Node Type": "Hash Join", "Parent Relationship": "Outer", "Parallel Aware": false, "Async Capable": false, "Join Type": "Inner", "Startup Cost": 1204.31, "Total Cost": 5800.68, "Plan Rows": 20408, "Plan Width": 8, "Actual Rows": 17394, "Actual Loops": 2, "Inner Unique": true, "Hash Cond": "(v.userid = u.id)", "Workers": [], "Plans": [{"Node Type": "Seq Scan", "Parent Relationship": "Outer", "Parallel Aware": true, "Async Capable": false, "Relation Name": "votes", "Alias": "v", "Startup Cost": 0.0, "Total Cost": 4089.79, "Plan Rows": 192979, "Plan Width": 4, "Actual Rows": 164032, "Actual Loops": 2, "Workers": []}, {"Node Type": "Hash", "Parent Relationship": "Inner", "Parallel Aware": false, "Async Capable": false, "Startup Cost": 700.25, "Total Cost": 700.25, "Plan Rows": 40325, "Plan Width": 4, "Actual Rows": 40325, "Actual Loops": 2, "Hash Buckets": 65536, "Original Hash Buckets": 65536, "Hash Batches": 1, "Original Hash Batches": 1, "Peak Memory Usage": 1930, "Workers": [], "Plans": [{"Node Type": "Seq Scan", "Parent Relationship": "Outer", "Parallel Aware": false, "Async Capable": false, "Relation Name": "users", "Alias": "u", "Startup Cost": 0.0, "Total Cost": 700.25, "Plan Rows": 40325, "Plan Width": 4, "Actual Rows": 40325, "Actual Loops": 2, "Workers": []}]}]}, {"Node Type": "Memoize", "Parent Relationship": "Inner", "Parallel Aware": false, "Async Capable": false, "Startup Cost": 0.3, "Total Cost": 0.36, "Plan Rows": 3, "Plan Width": 4, "Actual Rows": 30, "Actual Loops": 34789, "Cache Key": "v.userid", "Cache Mode": "logical", "Cache Hits": 13700, "Cache Misses": 3799, "Cache Evictions": 0, "Cache Overflows": 0, "Peak Memory Usage": 1226, "Workers": [{"Worker Number": 0, "Cache Hits": 13568, "Cache Misses": 3722, "Cache Evictions": 0, "Cache Overflows": 0, "Peak Memory Usage": 1192}], "Plans": [{"Node Type": "Index Scan", "Parent Relationship": "Outer", "Parallel Aware": false, "Async Capable": false, "Scan Direction": "Forward", "Index Name": "idx_badges_userid", "Relation Name": "badges", "Alias": "b", "Startup Cost": 0.29, "Total Cost": 0.35, "Plan Rows": 3, "Plan Width": 4, "Actual Rows": 7, "Actual Loops": 7521, "Index Cond": "(userid = v.userid)", "Rows Removed by Index Recheck": 0, "Workers": []}]}]}, {"Node Type": "Memoize", "Parent Relationship": "Inner", "Parallel Aware": false, "Async Capable": false, "Startup Cost": 0.3, "Total Cost": 0.43, "Plan Rows": 2, "Plan Width": 4, "Actual Rows": 220, "Actual Loops": 1056687, "Cache Key": "v.userid", "Cache Mode": "logical", "Cache Hits": 523714, "Cache Misses": 3093, "Cache Evictions": 0, "Cache Overflows": 0, "Peak Memory Usage": 866, "Workers": [{"Worker Number": 0, "Cache Hits": 526860, "Cache Misses": 3020, "Cache Evictions": 0, "Cache Overflows": 0, "Peak Memory Usage": 831}], "Plans": [{"Node Type": "Index Scan", "Parent Relationship": "Outer", "Parallel Aware": false, "Async Capable": false, "Scan Direction": "Forward", "Index Name": "idx_posts_owneruserid", "Relation Name": "posts", "Alias": "p", "Startup Cost": 0.29, "Total Cost": 0.42, "Plan Rows": 2, "Plan Width": 4, "Actual Rows": 6, "Actual Loops": 6113, "Index Cond": "(owneruserid = v.userid)", "Rows Removed by Index Recheck": 0, "Filter": "((score >= 0) AND (score <= 30) AND (creationdate >= '2010-07-27 15:30:31'::timestamp without time zone) AND (creationdate <= '2014-09-04 17:45:10'::timestamp without time zone) AND (commentcount = 0))", "Rows Removed by Filter": 9, "Workers": []}]}]}]}]}]}, "Planning Time": 5.617, "Triggers": [], "Execution Time": 7335.844}, {"Plan": {"Node Type": "Aggregate", "Strategy": "Plain", "Partial Mode": "Finalize", "Parallel Aware": false, "Async Capable": false, "Startup Cost": 15954.04, "Total Cost": 15954.05, "Plan Rows": 1, "Plan Width": 8, "Actual Rows": 1, "Actual Loops": 1, "Plans": [{"Node Type": "Gather", "Parent Relationship": "Outer", "Parallel Aware": false, "Async Capable": false, "Startup Cost": 15953.83, "Total Cost": 15954.04, "Plan Rows": 2, "Plan Width": 8, "Actual Rows": 3, "Actual Loops": 1, "Workers Planned": 2, "Workers Launched": 2, "Single Copy": false, "Plans": [{"Node Type": "Aggregate", "Strategy": "Plain", "Partial Mode": "Partial", "Parent Relationship": "Outer", "Parallel Aware": false, "Async Capable": false, "Startup Cost": 14953.83, "Total Cost": 14953.84, "Plan Rows": 1, "Plan Width": 8, "Actual Rows": 1, "Actual Loops": 3, "Workers": [], "Plans": [{"Node Type": "Nested Loop", "Parent Relationship": "Outer", "Parallel Aware": false, "Async Capable": false, "Join Type": "Inner", "Startup Cost": 1.33, "Total Cost": 14621.87, "Plan Rows": 132783, "Plan Width": 0, "Actual Rows": 77346553, "Actual Loops": 3, "Inner Unique": false, "Join Filter": "(p.owneruserid = u.id)", "Rows Removed by Join Filter": 0, "Workers": [], "Plans": [{"Node Type": "Nested Loop", "Parent Relationship": "Outer", "Parallel Aware": false, "Async Capable": false, "Join Type": "Inner", "Startup Cost": 1.02, "Total Cost": 11137.28, "Plan Rows": 41975, "Plan Width": 12, "Actual Rows": 352229, "Actual Loops": 3, "Inner Unique": false, "Join Filter": "(b.userid = u.id)", "Rows Removed by Join Filter": 0, "Workers": [], "Plans": [{"Node Type": "Nested Loop", "Parent Relationship": "Outer", "Parallel Aware": false, "Async Capable": false, "Join Type": "Inner", "Startup Cost": 0.72, "Total Cost": 8916.86, "Plan Rows": 14456, "Plan Width": 8, "Actual Rows": 11596, "Actual Loops": 3, "Inner Unique": true, "Workers": [], "Plans": [{"Node Type": "Index Only Scan", "Parent Relationship": "Outer", "Parallel Aware": true, "Async Capable": false, "Scan Direction": "Forward", "Index Name": "idx_votes_userid", "Relation Name": "votes", "Alias": "v", "Startup Cost": 0.42, "Total Cost": 4261.57, "Plan Rows": 136693, "Plan Width": 4, "Actual Rows": 109355, "Actual Loops": 3, "Heap Fetches": 0, "Workers": []}, {"Node Type": "Memoize", "Parent Relationship": "Inner", "Parallel Aware": false, "Async Capable": false, "Startup Cost": 0.3, "Total Cost": 0.32, "Plan Rows": 1, "Plan Width": 4, "Actual Rows": 0, "Actual Loops": 328064, "Cache Key": "v.userid", "Cache Mode": "logical", "Cache Hits": 178670, "Cache Misses": 4185, "Cache Evictions": 0, "Cache Overflows": 0, "Peak Memory Usage": 425, "Workers": [{"Worker Number": 0, "Cache Hits": 1809, "Cache Misses": 135, "Cache Evictions": 0, "Cache Overflows": 0, "Peak Memory Usage": 14}, {"Worker Number": 1, "Cache Hits": 142040, "Cache Misses": 1225, "Cache Evictions": 0, "Cache Overflows": 0, "Peak Memory Usage": 125}], "Plans": [{"Node Type": "Index Only Scan", "Parent Relationship": "Outer", "Parallel Aware": false, "Async Capable": false, "Scan Direction": "Forward", "Index Name": "users_pkey", "Relation Name": "users", "Alias": "u", "Startup Cost": 0.29, "Total Cost": 0.31, "Plan Rows": 1, "Plan Width": 4, "Actual Rows": 1, "Actual Loops": 5545, "Index Cond": "(id = v.userid)", "Rows Removed by Index Recheck": 0, "Heap Fetches": 0, "Workers": []}]}]}, {"Node Type": "Memoize", "Parent Relationship": "Inner", "Parallel Aware": false, "Async Capable": false, "Startup Cost": 0.3, "Total Cost": 0.36, "Plan Rows": 3, "Plan Width": 4, "Actual Rows": 30, "Actual Loops": 34789, "Cache Key": "v.userid", "Cache Mode": "logical", "Cache Hits": 21327, "Cache Misses": 4184, "Cache Evictions": 0, "Cache Overflows": 0, "Peak Memory Usage": 1117, "Workers": [{"Worker Number": 0, "Cache Hits": 1809, "Cache Misses": 135, "Cache Evictions": 0, "Cache Overflows": 0, "Peak Memory Usage": 93}, {"Worker Number": 1, "Cache Hits": 6110, "Cache Misses": 1224, "Cache Evictions": 0, "Cache Overflows": 0, "Peak Memory Usage": 327}], "Plans": [{"Node Type": "Index Only Scan", "Parent Relationship": "Outer", "Parallel Aware": false, "Async Capable": false, "Scan Direction": "Forward", "Index Name": "idx_badges_userid", "Relation Name": "badges", "Alias": "b", "Startup Cost": 0.29, "Total Cost": 0.35, "Plan Rows": 3, "Plan Width": 4, "Actual Rows": 6, "Actual Loops": 5543, "Index Cond": "(userid = v.userid)", "Rows Removed by Index Recheck": 0, "Heap Fetches": 0, "Workers": []}]}]}, {"Node Type": "Memoize", "Parent Relationship": "Inner", "Parallel Aware": false, "Async Capable": false, "Startup Cost": 0.3, "Total Cost": 0.43, "Plan Rows": 2, "Plan Width": 4, "Actual Rows": 220, "Actual Loops": 1056687, "Cache Key": "v.userid", "Cache Mode": "logical", "Cache Hits": 499883, "Cache Misses": 3290, "Cache Evictions": 0, "Cache Overflows": 0, "Peak Memory Usage": 707, "Workers": [{"Worker Number": 0, "Cache Hits": 207360, "Cache Misses": 129, "Cache Evictions": 0, "Cache Overflows": 0, "Peak Memory Usage": 97}, {"Worker Number": 1, "Cache Hits": 345081, "Cache Misses": 944, "Cache Evictions": 0, "Cache Overflows": 0, "Peak Memory Usage": 216}], "Plans": [{"Node Type": "Index Scan", "Parent Relationship": "Outer", "Parallel Aware": false, "Async Capable": false, "Scan Direction": "Forward", "Index Name": "idx_posts_owneruserid", "Relation Name": "posts", "Alias": "p", "Startup Cost": 0.29, "Total Cost": 0.42, "Plan Rows": 2, "Plan Width": 4, "Actual Rows": 5, "Actual Loops": 4363, "Index Cond": "(owneruserid = v.userid)", "Rows Removed by Index Recheck": 0, "Filter": "((score >= 0) AND (score <= 30) AND (creationdate >= '2010-07-27 15:30:31'::timestamp without time zone) AND (creationdate <= '2014-09-04 17:45:10'::timestamp without time zone) AND (commentcount = 0))", "Rows Removed by Filter": 7, "Workers": []}]}]}]}]}]}, "Planning Time": 5.342, "Triggers": [], "Execution Time": 7848.829}, {"Plan": {"Node Type": "Aggregate", "Strategy": "Plain", "Partial Mode": "Finalize", "Parallel Aware": false, "Async Capable": false, "Startup Cost": 42073.63, "Total Cost": 42073.64, "Plan Rows": 1, "Plan Width": 8, "Actual Rows": 1, "Actual Loops": 1, "Plans": [{"Node Type": "Gather", "Parent Relationship": "Outer", "Parallel Aware": false, "Async Capable": false, "Startup Cost": 42073.52, "Total Cost": 42073.63, "Plan Rows": 1, "Plan Width": 8, "Actual Rows": 2, "Actual Loops": 1, "Workers Planned": 1, "Workers Launched": 1, "Single Copy": false, "Plans": [{"Node Type": "Aggregate", "Strategy": "Plain", "Partial Mode": "Partial", "Parent Relationship": "Outer", "Parallel Aware": false, "Async Capable": false, "Startup Cost": 41073.52, "Total Cost": 41073.53, "Plan Rows": 1, "Plan Width": 8, "Actual Rows": 1, "Actual Loops": 2, "Workers": [], "Plans": [{"Node Type": "Merge Join", "Parent Relationship": "Outer", "Parallel Aware": false, "Async Capable": false, "Join Type": "Inner", "Startup Cost": 38288.3, "Total Cost": 40604.87, "Plan Rows": 187458, "Plan Width": 0, "Actual Rows": 116019830, "Actual Loops": 2, "Inner Unique": false, "Merge Cond": "(u.id = p.owneruserid)", "Workers": [], "Plans": [{"Node Type": "Merge Join", "Parent Relationship": "Outer", "Parallel Aware": false, "Async Capable": false, "Join Type": "Inner", "Startup Cost": 32548.9, "Total Cost": 33911.01, "Plan Rows": 59259, "Plan Width": 12, "Actual Rows": 528328, "Actual Loops": 2, "Inner Unique": false, "Merge Cond": "(u.id = b.userid)", "Workers": [], "Plans": [{"Node Type": "Merge Join", "Parent Relationship": "Outer", "Parallel Aware": false, "Async Capable": false, "Join Type": "Inner", "Startup Cost": 24816.48, "Total Cost": 25324.23, "Plan Rows": 20408, "Plan Width": 8, "Actual Rows": 17376, "Actual Loops": 2, "Inner Unique": true, "Merge Cond": "(v.userid = u.id)", "Workers": [], "Plans": [{"Node Type": "Sort", "Parent Relationship": "Outer", "Parallel Aware": false, "Async Capable": false, "Startup Cost": 21031.5, "Total Cost": 21513.94, "Plan Rows": 192979, "Plan Width": 4, "Actual Rows": 17376, "Actual Loops": 2, "Sort Key": ["v.userid"], "Sort Method": "quicksort", "Sort Space Used": 6145, "Sort Space Type": "Memory", "Workers": [{"Worker Number": 0, "Sort Method": "quicksort", "Sort Space Used": 3073, "Sort Space Type": "Memory"}], "Plans": [{"Node Type": "Seq Scan", "Parent Relationship": "Outer", "Parallel Aware": true, "Async Capable": false, "Relation Name": "votes", "Alias": "v", "Startup Cost": 0.0, "Total Cost": 4089.79, "Plan Rows": 192979, "Plan Width": 4, "Actual Rows": 164032, "Actual Loops": 2, "Workers": []}]}, {"Node Type": "Sort", "Parent Relationship": "Inner", "Parallel Aware": false, "Async Capable": false, "Startup Cost": 3784.99, "Total Cost": 3885.8, "Plan Rows": 40325, "Plan Width": 4, "Actual Rows": 39859, "Actual Loops": 2, "Sort Key": ["u.id"], "Sort Method": "quicksort", "Sort Space Used": 1537, "Sort Space Type": "Memory", "Workers": [{"Worker Number": 0, "Sort Method": "quicksort", "Sort Space Used": 1537, "Sort Space Type": "Memory"}], "Plans": [{"Node Type": "Seq Scan", "Parent Relationship": "Outer", "Parallel Aware": false, "Async Capable": false, "Relation Name": "users", "Alias": "u", "Startup Cost": 0.0, "Total Cost": 700.25, "Plan Rows": 40325, "Plan Width": 4, "Actual Rows": 40325, "Actual Loops": 2, "Workers": []}]}]}, {"Node Type": "Sort", "Parent Relationship": "Inner", "Parallel Aware": false, "Async Capable": false, "Startup Cost": 7732.39, "Total Cost": 7932.01, "Plan Rows": 79851, "Plan Width": 4, "Actual Rows": 582051, "Actual Loops": 2, "Sort Key": ["b.userid"], "Sort Method": "quicksort", "Sort Space Used": 3073, "Sort Space Type": "Memory", "Workers": [{"Worker Number": 0, "Sort Method": "quicksort", "Sort Space Used": 3073, "Sort Space Type": "Memory"}], "Plans": [{"Node Type": "Seq Scan", "Parent Relationship": "Outer", "Parallel Aware": false, "Async Capable": false, "Relation Name": "badges", "Alias": "b", "Startup Cost": 0.0, "Total Cost": 1230.51, "Plan Rows": 79851, "Plan Width": 4, "Actual Rows": 79851, "Actual Loops": 2, "Workers": []}]}]}, {"Node Type": "Sort", "Parent Relationship": "Inner", "Parallel Aware": false, "Async Capable": false, "Startup Cost": 5739.4, "Total Cost": 5832.58, "Plan Rows": 37271, "Plan Width": 4, "Actual Rows": 116039002, "Actual Loops": 2, "Sort Key": ["p.owneruserid"], "Sort Method": "quicksort", "Sort Space Used": 1537, "Sort Space Type": "Memory", "Workers": [{"Worker Number": 0, "Sort Method": "quicksort", "Sort Space Used": 1537, "Sort Space Type": "Memory"}], "Plans": [{"Node Type": "Seq Scan", "Parent Relationship": "Outer", "Parallel Aware": false, "Async Capable": false, "Relation Name": "posts", "Alias": "p", "Startup Cost": 0.0, "Total Cost": 2909.46, "Plan Rows": 37271, "Plan Width": 4, "Actual Rows": 37528, "Actual Loops": 2, "Filter": "((score >= 0) AND (score <= 30) AND (creationdate >= '2010-07-27 15:30:31'::timestamp without time zone) AND (creationdate <= '2014-09-04 17:45:10'::timestamp without time zone) AND (commentcount = 0))", "Rows Removed by Filter": 54448, "Workers": []}]}]}]}]}]}, "Planning Time": 3.56, "Triggers": [], "Execution Time": 10321.452}, {"Plan": {"Node Type": "Aggregate", "Strategy": "Plain", "Partial Mode": "Finalize", "Parallel Aware": false, "Async Capable": false, "Startup Cost": 66542.74, "Total Cost": 66542.75, "Plan Rows": 1, "Plan Width": 8, "Actual Rows": 1, "Actual Loops": 1, "Plans": [{"Node Type": "Gather", "Parent Relationship": "Outer", "Parallel Aware": false, "Async Capable": false, "Startup Cost": 66542.63, "Total Cost": 66542.74, "Plan Rows": 1, "Plan Width": 8, "Actual Rows": 2, "Actual Loops": 1, "Workers Planned": 1, "Workers Launched": 1, "Single Copy": false, "Plans": [{"Node Type": "Aggregate", "Strategy": "Plain", "Partial Mode": "Partial", "Parent Relationship": "Outer", "Parallel Aware": false, "Async Capable": false, "Startup Cost": 65542.63, "Total Cost": 65542.64, "Plan Rows": 1, "Plan Width": 8, "Actual Rows": 1, "Actual Loops": 2, "Workers": [], "Plans": [{"Node Type": "Nested Loop", "Parent Relationship": "Outer", "Parallel Aware": false, "Async Capable": false, "Join Type": "Inner", "Startup Cost": 0.97, "Total Cost": 65073.98, "Plan Rows": 187458, "Plan Width": 0, "Actual Rows": 116019830, "Actual Loops": 2, "Inner Unique": false, "Join Filter": "(p.owneruserid = u.id)", "Rows Removed by Join Filter": 0, "Workers": [], "Plans": [{"Node Type": "Nested Loop", "Parent Relationship": "Outer", "Parallel Aware": false, "Async Capable": false, "Join Type": "Inner", "Startup Cost": 0.64, "Total Cost": 44822.04, "Plan Rows": 59259, "Plan Width": 12, "Actual Rows": 528344, "Actual Loops": 2, "Inner Unique": false, "Join Filter": "(b.userid = u.id)", "Rows Removed by Join Filter": 0, "Workers": [], "Plans": [{"Node Type": "Nested Loop", "Parent Relationship": "Outer", "Parallel Aware": false, "Async Capable": false, "Join Type": "Inner", "Startup Cost": 0.31, "Total Cost": 26195.07, "Plan Rows": 20408, "Plan Width": 8, "Actual Rows": 17394, "Actual Loops": 2, "Inner Unique": true, "Workers": [], "Plans": [{"Node Type": "Seq Scan", "Parent Relationship": "Outer", "Parallel Aware": true, "Async Capable": false, "Relation Name": "votes", "Alias": "v", "Startup Cost": 0.0, "Total Cost": 4089.79, "Plan Rows": 192979, "Plan Width": 4, "Actual Rows": 164032, "Actual Loops": 2, "Workers": []}, {"Node Type": "Memoize", "Parent Relationship": "Inner", "Parallel Aware": false, "Async Capable": false, "Startup Cost": 0.31, "Total Cost": 4.32, "Plan Rows": 1, "Plan Width": 4, "Actual Rows": 0, "Actual Loops": 328064, "Cache Key": "v.userid", "Cache Mode": "logical", "Cache Hits": 161827, "Cache Misses": 3859, "Cache Evictions": 0, "Cache Overflows": 0, "Peak Memory Usage": 392, "Workers": [{"Worker Number": 0, "Cache Hits": 158738, "Cache Misses": 3640, "Cache Evictions": 0, "Cache Overflows": 0, "Peak Memory Usage": 370}], "Plans": [{"Node Type": "Bitmap Heap Scan", "Parent Relationship": "Outer", "Parallel Aware": false, "Async Capable": false, "Relation Name": "users", "Alias": "u", "Startup Cost": 0.3, "Total Cost": 4.31, "Plan Rows": 1, "Plan Width": 4, "Actual Rows": 1, "Actual Loops": 7499, "Recheck Cond": "(v.userid = id)", "Rows Removed by Index Recheck": 0, "Exact Heap Blocks": 3858, "Lossy Heap Blocks": 0, "Workers": [], "Plans": [{"Node Type": "Bitmap Index Scan", "Parent Relationship": "Outer", "Parallel Aware": false, "Async Capable": false, "Index Name": "users_pkey", "Startup Cost": 0.0, "Total Cost": 0.3, "Plan Rows": 1, "Plan Width": 0, "Actual Rows": 1, "Actual Loops": 7499, "Index Cond": "(id = v.userid)", "Workers": []}]}]}]}, {"Node Type": "Memoize", "Parent Relationship": "Inner", "Parallel Aware": false, "Async Capable": false, "Startup Cost": 0.33, "Total Cost": 4.36, "Plan Rows": 3, "Plan Width": 4, "Actual Rows": 30, "Actual Loops": 34789, "Cache Key": "v.userid", "Cache Mode": "logical", "Cache Hits": 13750, "Cache Misses": 3858, "Cache Evictions": 0, "Cache Overflows": 0, "Peak Memory Usage": 1229, "Workers": [{"Worker Number": 0, "Cache Hits": 13542, "Cache Misses": 3639, "Cache Evictions": 0, "Cache Overflows": 0, "Peak Memory Usage": 1195}], "Plans": [{"Node Type": "Bitmap Heap Scan", "Parent Relationship": "Outer", "Parallel Aware": false, "Async Capable": false, "Relation Name": "badges", "Alias": "b", "Startup Cost": 0.32, "Total Cost": 4.35, "Plan Rows": 3, "Plan Width": 4, "Actual Rows": 7, "Actual Loops": 7497, "Recheck Cond": "(v.userid = userid)", "Rows Removed by Index Recheck": 0, "Exact Heap Blocks": 20631, "Lossy Heap Blocks": 0, "Workers": [], "Plans": [{"Node Type": "Bitmap Index Scan", "Parent Relationship": "Outer", "Parallel Aware": false, "Async Capable": false, "Index Name": "idx_badges_userid", "Startup Cost": 0.0, "Total Cost": 0.32, "Plan Rows": 3, "Plan Width": 0, "Actual Rows": 7, "Actual Loops": 7497, "Index Cond": "(userid = v.userid)", "Workers": []}]}]}]}, {"Node Type": "Memoize", "Parent Relationship": "Inner", "Parallel Aware": false, "Async Capable": false, "Startup Cost": 0.33, "Total Cost": 4.43, "Plan Rows": 2, "Plan Width": 4, "Actual Rows": 220, "Actual Loops": 1056687, "Cache Key": "v.userid", "Cache Mode": "logical", "Cache Hits": 527805, "Cache Misses": 3142, "Cache Evictions": 0, "Cache Overflows": 0, "Peak Memory Usage": 861, "Workers": [{"Worker Number": 0, "Cache Hits": 522790, "Cache Misses": 2950, "Cache Evictions": 0, "Cache Overflows": 0, "Peak Memory Usage": 843}], "Plans": [{"Node Type": "Bitmap Heap Scan", "Parent Relationship": "Outer", "Parallel Aware": false, "Async Capable": false, "Relation Name": "posts", "Alias": "p", "Startup Cost": 0.32, "Total Cost": 4.42, "Plan Rows": 2, "Plan Width": 4, "Actual Rows": 6, "Actual Loops": 6092, "Recheck Cond": "(v.userid = owneruserid)", "Rows Removed by Index Recheck": 0, "Filter": "((score >= 0) AND (score <= 30) AND (creationdate >= '2010-07-27 15:30:31'::timestamp without time zone) AND (creationdate <= '2014-09-04 17:45:10'::timestamp without time zone) AND (commentcount = 0))", "Rows Removed by Filter": 9, "Exact Heap Blocks": 29373, "Lossy Heap Blocks": 0, "Workers": [], "Plans": [{"Node Type": "Bitmap Index Scan", "Parent Relationship": "Outer", "Parallel Aware": false, "Async Capable": false, "Index Name": "idx_posts_owneruserid", "Startup Cost": 0.0, "Total Cost": 0.32, "Plan Rows": 4, "Plan Width": 0, "Actual Rows": 15, "Actual Loops": 6092, "Index Cond": "(owneruserid = v.userid)", "Workers": []}]}]}]}]}]}]}, "Planning Time": 5.304, "Triggers": [], "Execution Time": 7538.465}, {"Plan": {"Node Type": "Aggregate", "Strategy": "Plain", "Partial Mode": "Finalize", "Parallel Aware": false, "Async Capable": false, "Startup Cost": 24600.14, "Total Cost": 24600.15, "Plan Rows": 1, "Plan Width": 8, "Actual Rows": 1, "Actual Loops": 1, "Plans": [{"Node Type": "Gather", "Parent Relationship": "Outer", "Parallel Aware": false, "Async Capable": false, "Startup Cost": 24600.03, "Total Cost": 24600.14, "Plan Rows": 1, "Plan Width": 8, "Actual Rows": 2, "Actual Loops": 1, "Workers Planned": 1, "Workers Launched": 1, "Single Copy": false, "Plans": [{"Node Type": "Aggregate", "Strategy": "Plain", "Partial Mode": "Partial", "Parent Relationship": "Outer", "Parallel Aware": false, "Async Capable": false, "Startup Cost": 23600.03, "Total Cost": 23600.04, "Plan Rows": 1, "Plan Width": 8, "Actual Rows": 1, "Actual Loops": 2, "Workers": [], "Plans": [{"Node Type": "Nested Loop", "Parent Relationship": "Outer", "Parallel Aware": false, "Async Capable": false, "Join Type": "Inner", "Startup Cost": 1.33, "Total Cost": 23131.38, "Plan Rows": 187458, "Plan Width": 0, "Actual Rows": 116019830, "Actual Loops": 2, "Inner Unique": false, "Join Filter": "(p.owneruserid = u.id)", "Rows Removed by Join Filter": 0, "Workers": [], "Plans": [{"Node Type": "Nested Loop", "Parent Relationship": "Outer", "Parallel Aware": false, "Async Capable": false, "Join Type": "Inner", "Startup Cost": 1.02, "Total Cost": 18912.21, "Plan Rows": 59259, "Plan Width": 12, "Actual Rows": 528344, "Actual Loops": 2, "Inner Unique": false, "Join Filter": "(b.userid = u.id)", "Rows Removed by Join Filter": 0, "Workers": [], "Plans": [{"Node Type": "Nested Loop", "Parent Relationship": "Outer", "Parallel Aware": false, "Async Capable": false, "Join Type": "Inner", "Startup Cost": 0.72, "Total Cost": 16328.41, "Plan Rows": 20408, "Plan Width": 8, "Actual Rows": 17394, "Actual Loops": 2, "Inner Unique": true, "Workers": [], "Plans": [{"Node Type": "Index Scan", "Parent Relationship": "Outer", "Parallel Aware": true, "Async Capable": false, "Scan Direction": "Forward", "Index Name": "idx_votes_userid", "Relation Name": "votes", "Alias": "v", "Startup Cost": 0.42, "Total Cost": 10251.46, "Plan Rows": 192979, "Plan Width": 4, "Actual Rows": 164032, "Actual Loops": 2, "Workers": []}, {"Node Type": "Memoize", "Parent Relationship": "Inner", "Parallel Aware": false, "Async Capable": false, "Startup Cost": 0.3, "Total Cost": 0.32, "Plan Rows": 1, "Plan Width": 4, "Actual Rows": 0, "Actual Loops": 328064, "Cache Key": "v.userid", "Cache Mode": "logical", "Cache Hits": 1778, "Cache Misses": 148, "Cache Evictions": 0, "Cache Overflows": 0, "Peak Memory Usage": 16, "Workers": [{"Worker Number": 0, "Cache Hits": 320742, "Cache Misses": 5396, "Cache Evictions": 0, "Cache Overflows": 0, "Peak Memory Usage": 548}], "Plans": [{"Node Type": "Index Scan", "Parent Relationship": "Outer", "Parallel Aware": false, "Async Capable": false, "Scan Direction": "Forward", "Index Name": "users_pkey", "Relation Name": "users", "Alias": "u", "Startup Cost": 0.29, "Total Cost": 0.31, "Plan Rows": 1, "Plan Width": 4, "Actual Rows": 1, "Actual Loops": 5544, "Index Cond": "(id = v.userid)", "Rows Removed by Index Recheck": 0, "Workers": []}]}]}, {"Node Type": "Memoize", "Parent Relationship": "Inner", "Parallel Aware": false, "Async Capable": false, "Startup Cost": 0.3, "Total Cost": 0.36, "Plan Rows": 3, "Plan Width": 4, "Actual Rows": 30, "Actual Loops": 34789, "Cache Key": "v.userid", "Cache Mode": "logical", "Cache Hits": 1778, "Cache Misses": 148, "Cache Evictions": 0, "Cache Overflows": 0, "Peak Memory Usage": 119, "Workers": [{"Worker Number": 0, "Cache Hits": 27468, "Cache Misses": 5395, "Cache Evictions": 0, "Cache Overflows": 0, "Peak Memory Usage": 1418}], "Plans": [{"Node Type": "Index Scan", "Parent Relationship": "Outer", "Parallel Aware": false, "Async Capable": false, "Scan Direction": "Forward", "Index Name": "idx_badges_userid", "Relation Name": "badges", "Alias": "b", "Startup Cost": 0.29, "Total Cost": 0.35, "Plan Rows": 3, "Plan Width": 4, "Actual Rows": 6, "Actual Loops": 5543, "Index Cond": "(userid = v.userid)", "Rows Removed by Index Recheck": 0, "Workers": []}]}]}, {"Node Type": "Memoize", "Parent Relationship": "Inner", "Parallel Aware": false, "Async Capable": false, "Startup Cost": 0.3, "Total Cost": 0.43, "Plan Rows": 2, "Plan Width": 4, "Actual Rows": 220, "Actual Loops": 1056687, "Cache Key": "v.userid", "Cache Mode": "logical", "Cache Hits": 234495, "Cache Misses": 141, "Cache Evictions": 0, "Cache Overflows": 0, "Peak Memory Usage": 102, "Workers": [{"Worker Number": 0, "Cache Hits": 817829, "Cache Misses": 4222, "Cache Evictions": 0, "Cache Overflows": 0, "Peak Memory Usage": 917}], "Plans": [{"Node Type": "Index Scan", "Parent Relationship": "Outer", "Parallel Aware": false, "Async Capable": false, "Scan Direction": "Forward", "Index Name": "idx_posts_owneruserid", "Relation Name": "posts", "Alias": "p", "Startup Cost": 0.29, "Total Cost": 0.42, "Plan Rows": 2, "Plan Width": 4, "Actual Rows": 5, "Actual Loops": 4363, "Index Cond": "(owneruserid = v.userid)", "Rows Removed by Index Recheck": 0, "Filter": "((score >= 0) AND (score <= 30) AND (creationdate >= '2010-07-27 15:30:31'::timestamp without time zone) AND (creationdate <= '2014-09-04 17:45:10'::timestamp without time zone) AND (commentcount = 0))", "Rows Removed by Filter": 7, "Workers": []}]}]}]}]}]}, "Planning Time": 2.122, "Triggers": [], "Execution Time": 8400.379}, {"Plan": {"Node Type": "Aggregate", "Strategy": "Plain", "Partial Mode": "Finalize", "Parallel Aware": false, "Async Capable": false, "Startup Cost": 18438.46, "Total Cost": 18438.47, "Plan Rows": 1, "Plan Width": 8, "Actual Rows": 1, "Actual Loops": 1, "Plans": [{"Node Type": "Gather", "Parent Relationship": "Outer", "Parallel Aware": false, "Async Capable": false, "Startup Cost": 18438.35, "Total Cost": 18438.46, "Plan Rows": 1, "Plan Width": 8, "Actual Rows": 2, "Actual Loops": 1, "Workers Planned": 1, "Workers Launched": 1, "Single Copy": false, "Plans": [{"Node Type": "Aggregate", "Strategy": "Plain", "Partial Mode": "Partial", "Parent Relationship": "Outer", "Parallel Aware": false, "Async Capable": false, "Startup Cost": 17438.35, "Total Cost": 17438.36, "Plan Rows": 1, "Plan Width": 8, "Actual Rows": 1, "Actual Loops": 2, "Workers": [], "Plans": [{"Node Type": "Nested Loop", "Parent Relationship": "Outer", "Parallel Aware": false, "Async Capable": false, "Join Type": "Inner", "Startup Cost": 0.91, "Total Cost": 16969.71, "Plan Rows": 187458, "Plan Width": 0, "Actual Rows": 116019830, "Actual Loops": 2, "Inner Unique": false, "Join Filter": "(p.owneruserid = u.id)", "Rows Removed by Join Filter": 0, "Workers": [], "Plans": [{"Node Type": "Nested Loop", "Parent Relationship": "Outer", "Parallel Aware": false, "Async Capable": false, "Join Type": "Inner", "Startup Cost": 0.6, "Total Cost": 12750.53, "Plan Rows": 59259, "Plan Width": 12, "Actual Rows": 528344, "Actual Loops": 2, "Inner Unique": false, "Join Filter": "(b.userid = u.id)", "Rows Removed by Join Filter": 0, "Workers": [], "Plans": [{"Node Type": "Nested Loop", "Parent Relationship": "Outer", "Parallel Aware": false, "Async Capable": false, "Join Type": "Inner", "Startup Cost": 0.3, "Total Cost": 10166.73, "Plan Rows": 20408, "Plan Width": 8, "Actual Rows": 17394, "Actual Loops": 2, "Inner Unique": true, "Workers": [], "Plans": [{"Node Type": "Seq Scan", "Parent Relationship": "Outer", "Parallel Aware": true, "Async Capable": false, "Relation Name": "votes", "Alias": "v", "Startup Cost": 0.0, "Total Cost": 4089.79, "Plan Rows": 192979, "Plan Width": 4, "Actual Rows": 164032, "Actual Loops": 2, "Workers": []}, {"Node Type": "Memoize", "Parent Relationship": "Inner", "Parallel Aware": false, "Async Capable": false, "Startup Cost": 0.3, "Total Cost": 0.32, "Plan Rows": 1, "Plan Width": 4, "Actual Rows": 0, "Actual Loops": 328064, "Cache Key": "v.userid", "Cache Mode": "logical", "Cache Hits": 168699, "Cache Misses": 3862, "Cache Evictions": 0, "Cache Overflows": 0, "Peak Memory Usage": 393, "Workers": [{"Worker Number": 0, "Cache Hits": 151853, "Cache Misses": 3650, "Cache Evictions": 0, "Cache Overflows": 0, "Peak Memory Usage": 371}], "Plans": [{"Node Type": "Index Scan", "Parent Relationship": "Outer", "Parallel Aware": false, "Async Capable": false, "Scan Direction": "Forward", "Index Name": "users_pkey", "Relation Name": "users", "Alias": "u", "Startup Cost": 0.29, "Total Cost": 0.31, "Plan Rows": 1, "Plan Width": 4, "Actual Rows": 1, "Actual Loops": 7512, "Index Cond": "(id = v.userid)", "Rows Removed by Index Recheck": 0, "Workers": []}]}]}, {"Node Type": "Memoize", "Parent Relationship": "Inner", "Parallel Aware": false, "Async Capable": false, "Startup Cost": 0.3, "Total Cost": 0.36, "Plan Rows": 3, "Plan Width": 4, "Actual Rows": 30, "Actual Loops": 34789, "Cache Key": "v.userid", "Cache Mode": "logical", "Cache Hits": 14263, "Cache Misses": 3861, "Cache Evictions": 0, "Cache Overflows": 0, "Peak Memory Usage": 1238, "Workers": [{"Worker Number": 0, "Cache Hits": 13016, "Cache Misses": 3649, "Cache Evictions": 0, "Cache Overflows": 0, "Peak Memory Usage": 1177}], "Plans": [{"Node Type": "Index Scan", "Parent Relationship": "Outer", "Parallel Aware": false, "Async Capable": false, "Scan Direction": "Forward", "Index Name": "idx_badges_userid", "Relation Name": "badges", "Alias": "b", "Startup Cost": 0.29, "Total Cost": 0.35, "Plan Rows": 3, "Plan Width": 4, "Actual Rows": 7, "Actual Loops": 7510, "Index Cond": "(userid = v.userid)", "Rows Removed by Index Recheck": 0, "Workers": []}]}]}, {"Node Type": "Memoize", "Parent Relationship": "Inner", "Parallel Aware": false, "Async Capable": false, "Startup Cost": 0.3, "Total Cost": 0.43, "Plan Rows": 2, "Plan Width": 4, "Actual Rows": 220, "Actual Loops": 1056687, "Cache Key": "v.userid", "Cache Mode": "logical", "Cache Hits": 539802, "Cache Misses": 3138, "Cache Evictions": 0, "Cache Overflows": 0, "Peak Memory Usage": 865, "Workers": [{"Worker Number": 0, "Cache Hits": 510784, "Cache Misses": 2963, "Cache Evictions": 0, "Cache Overflows": 0, "Peak Memory Usage": 836}], "Plans": [{"Node Type": "Index Scan", "Parent Relationship": "Outer", "Parallel Aware": false, "Async Capable": false, "Scan Direction": "Forward", "Index Name": "idx_posts_owneruserid", "Relation Name": "posts", "Alias": "p", "Startup Cost": 0.29, "Total Cost": 0.42, "Plan Rows": 2, "Plan Width": 4, "Actual Rows": 6, "Actual Loops": 6101, "Index Cond": "(owneruserid = v.userid)", "Rows Removed by Index Recheck": 0, "Filter": "((score >= 0) AND (score <= 30) AND (creationdate >= '2010-07-27 15:30:31'::timestamp without time zone) AND (creationdate <= '2014-09-04 17:45:10'::timestamp without time zone) AND (commentcount = 0))", "Rows Removed by Filter": 9, "Workers": []}]}]}]}]}]}, "Planning Time": 5.619, "Triggers": [], "Execution Time": 7358.967}]