[{"Plan": {"Node Type": "Aggregate", "Strategy": "Plain", "Partial Mode": "Finalize", "Parallel Aware": false, "Async Capable": false, "Startup Cost": 8854.76, "Total Cost": 8854.77, "Plan Rows": 1, "Plan Width": 8, "Actual Rows": 1, "Actual Loops": 1, "Plans": [{"Node Type": "Gather", "Parent Relationship": "Outer", "Parallel Aware": false, "Async Capable": false, "Startup Cost": 8854.65, "Total Cost": 8854.76, "Plan Rows": 1, "Plan Width": 8, "Actual Rows": 2, "Actual Loops": 1, "Workers Planned": 1, "Workers Launched": 1, "Single Copy": false, "Plans": [{"Node Type": "Aggregate", "Strategy": "Plain", "Partial Mode": "Partial", "Parent Relationship": "Outer", "Parallel Aware": false, "Async Capable": false, "Startup Cost": 7854.65, "Total Cost": 7854.66, "Plan Rows": 1, "Plan Width": 8, "Actual Rows": 1, "Actual Loops": 2, "Workers": [], "Plans": [{"Node Type": "Nested Loop", "Parent Relationship": "Outer", "Parallel Aware": false, "Async Capable": false, "Join Type": "Inner", "Startup Cost": 2.24, "Total Cost": 7371.26, "Plan Rows": 193356, "Plan Width": 0, "Actual Rows": 3336232, "Actual Loops": 2, "Inner Unique": false, "Join Filter": "(p.owneruserid = u.id)", "Rows Removed by Join Filter": 0, "Workers": [], "Plans": [{"Node Type": "Merge Join", "Parent Relationship": "Outer", "Parallel Aware": false, "Async Capable": false, "Join Type": "Inner", "Startup Cost": 1.94, "Total Cost": 3525.5, "Plan Rows": 53294, "Plan Width": 12, "Actual Rows": 237645, "Actual Loops": 2, "Inner Unique": true, "Merge Cond": "(v.userid = u.id)", "Workers": [], "Plans": [{"Node Type": "Merge Join", "Parent Relationship": "Outer", "Parallel Aware": false, "Async Capable": false, "Join Type": "Inner", "Startup Cost": 1.65, "Total Cost": 12272.16, "Plan Rows": 521424, "Plan Width": 8, "Actual Rows": 478152, "Actual Loops": 2, "Inner Unique": false, "Merge Cond": "(v.userid = b.userid)", "Workers": [], "Plans": [{"Node Type": "Index Scan", "Parent Relationship": "Outer", "Parallel Aware": true, "Async Capable": false, "Scan Direction": "Forward", "Index Name": "idx_votes_userid", "Relation Name": "votes", "Alias": "v", "Startup Cost": 0.42, "Total Cost": 10733.91, "Plan Rows": 191603, "Plan Width": 4, "Actual Rows": 17260, "Actual Loops": 2, "Filter": "(creationdate <= '2014-09-06 00:00:00'::timestamp without time zone)", "Rows Removed by Filter": 113, "Workers": []}, {"Node Type": "Materialize", "Parent Relationship": "Inner", "Parallel Aware": false, "Async Capable": false, "Startup Cost": 0.29, "Total Cost": 3451.69, "Plan Rows": 74837, "Plan Width": 4, "Actual Rows": 536934, "Actual Loops": 2, "Workers": [], "Plans": [{"Node Type": "Index Scan", "Parent Relationship": "Outer", "Parallel Aware": false, "Async Capable": false, "Scan Direction": "Forward", "Index Name": "idx_badges_userid", "Relation Name": "badges", "Alias": "b", "Startup Cost": 0.29, "Total Cost": 3264.6, "Plan Rows": 74837, "Plan Width": 4, "Actual Rows": 74124, "Actual Loops": 2, "Filter": "((date >= '2011-01-03 20:50:19'::timestamp without time zone) AND (date <= '2014-09-02 15:35:07'::timestamp without time zone))", "Rows Removed by Filter": 4789, "Workers": []}]}]}, {"Node Type": "Index Scan", "Parent Relationship": "Inner", "Parallel Aware": false, "Async Capable": false, "Scan Direction": "Forward", "Index Name": "users_pkey", "Relation Name": "users", "Alias": "u", "Startup Cost": 0.29, "Total Cost": 1457.98, "Plan Rows": 38973, "Plan Width": 4, "Actual Rows": 37309, "Actual Loops": 2, "Filter": "(creationdate >= '2010-11-16 06:03:04'::timestamp without time zone)", "Rows Removed by Filter": 1346, "Workers": []}]}, {"Node Type": "Memoize", "Parent Relationship": "Inner", "Parallel Aware": false, "Async Capable": false, "Startup Cost": 0.3, "Total Cost": 0.4, "Plan Rows": 2, "Plan Width": 4, "Actual Rows": 14, "Actual Loops": 475290, "Cache Key": "v.userid", "Cache Mode": "logical", "Cache Hits": 290096, "Cache Misses": 2333, "Cache Evictions": 0, "Cache Overflows": 0, "Peak Memory Usage": 441, "Workers": [{"Worker Number": 0, "Cache Hits": 181321, "Cache Misses": 1540, "Cache Evictions": 0, "Cache Overflows": 0, "Peak Memory Usage": 292}], "Plans": [{"Node Type": "Index Scan", "Parent Relationship": "Outer", "Parallel Aware": false, "Async Capable": false, "Scan Direction": "Forward", "Index Name": "idx_posts_owneruserid", "Relation Name": "posts", "Alias": "p", "Startup Cost": 0.29, "Total Cost": 0.39, "Plan Rows": 2, "Plan Width": 4, "Actual Rows": 3, "Actual Loops": 3873, "Index Cond": "(owneruserid = v.userid)", "Rows Removed by Index Recheck": 0, "Filter": "((score <= 48) AND (answercount <= 8))", "Rows Removed by Filter": 6, "Workers": []}]}]}]}]}]}, "Planning Time": 6.564, "Triggers": [], "Execution Time": 451.351}, {"Plan": {"Node Type": "Aggregate", "Strategy": "Plain", "Partial Mode": "Simple", "Parallel Aware": false, "Async Capable": false, "Startup Cost": 40000064952.24, "Total Cost": 40000064952.25, "Plan Rows": 1, "Plan Width": 8, "Actual Rows": 1, "Actual Loops": 1, "Plans": [{"Node Type": "Hash Join", "Parent Relationship": "Outer", "Parallel Aware": false, "Async Capable": false, "Join Type": "Inner", "Startup Cost": 40000058417.62, "Total Cost": 40000064130.48, "Plan Rows": 328705, "Plan Width": 0, "Actual Rows": 6672465, "Actual Loops": 1, "Inner Unique": false, "Hash Cond": "(p.owneruserid = u.id)", "Plans": [{"Node Type": "Index Scan", "Parent Relationship": "Outer", "Parallel Aware": false, "Async Capable": false, "Scan Direction": "Forward", "Index Name": "idx_posts_owneruserid", "Relation Name": "posts", "Alias": "p", "Startup Cost": 10000000000.29, "Total Cost": 10000004553.55, "Plan Rows": 42747, "Plan Width": 4, "Actual Rows": 42797, "Actual Loops": 1, "Filter": "((score <= 48) AND (answercount <= 8))", "Rows Removed by Filter": 49179}, {"Node Type": "Hash", "Parent Relationship": "Inner", "Parallel Aware": false, "Async Capable": false, "Startup Cost": 30000057284.84, "Total Cost": 30000057284.84, "Plan Rows": 90599, "Plan Width": 12, "Actual Rows": 475290, "Actual Loops": 1, "Hash Buckets": 524288, "Original Hash Buckets": 131072, "Hash Batches": 1, "Original Hash Batches": 1, "Peak Memory Usage": 24519, "Plans": [{"Node Type": "Nested Loop", "Parent Relationship": "Outer", "Parallel Aware": false, "Async Capable": false, "Join Type": "Inner", "Startup Cost": 30000000001.06, "Total Cost": 30000057284.84, "Plan Rows": 90599, "Plan Width": 12, "Actual Rows": 475290, "Actual Loops": 1, "Inner Unique": false, "Join Filter": "(b.userid = u.id)", "Rows Removed by Join Filter": 0, "Plans": [{"Node Type": "Nested Loop", "Parent Relationship": "Outer", "Parallel Aware": false, "Async Capable": false, "Join Type": "Inner", "Startup Cost": 20000000000.73, "Total Cost": 20000037856.54, "Plan Rows": 33292, "Plan Width": 8, "Actual Rows": 28260, "Actual Loops": 1, "Inner Unique": true, "Plans": [{"Node Type": "Index Scan", "Parent Relationship": "Outer", "Parallel Aware": false, "Async Capable": false, "Scan Direction": "Forward", "Index Name": "idx_votes_userid", "Relation Name": "votes", "Alias": "v", "Startup Cost": 10000000000.42, "Total Cost": 10000012422.47, "Plan Rows": 325725, "Plan Width": 4, "Actual Rows": 325944, "Actual Loops": 1, "Filter": "(creationdate <= '2014-09-06 00:00:00'::timestamp without time zone)", "Rows Removed by Filter": 2120}, {"Node Type": "Memoize", "Parent Relationship": "Inner", "Parallel Aware": false, "Async Capable": false, "Startup Cost": 0.31, "Total Cost": 4.32, "Plan Rows": 1, "Plan Width": 4, "Actual Rows": 0, "Actual Loops": 325944, "Cache Key": "v.userid", "Cache Mode": "logical", "Cache Hits": 320445, "Cache Misses": 5499, "Cache Evictions": 0, "Cache Overflows": 0, "Peak Memory Usage": 543, "Plans": [{"Node Type": "Bitmap Heap Scan", "Parent Relationship": "Outer", "Parallel Aware": false, "Async Capable": false, "Relation Name": "users", "Alias": "u", "Startup Cost": 0.3, "Total Cost": 4.31, "Plan Rows": 1, "Plan Width": 4, "Actual Rows": 1, "Actual Loops": 5499, "Recheck Cond": "(v.userid = id)", "Rows Removed by Index Recheck": 0, "Filter": "(creationdate >= '2010-11-16 06:03:04'::timestamp without time zone)", "Rows Removed by Filter": 0, "Exact Heap Blocks": 5498, "Lossy Heap Blocks": 0, "Plans": [{"Node Type": "Bitmap Index Scan", "Parent Relationship": "Outer", "Parallel Aware": false, "Async Capable": false, "Index Name": "users_pkey", "Startup Cost": 0.0, "Total Cost": 0.3, "Plan Rows": 1, "Plan Width": 0, "Actual Rows": 1, "Actual Loops": 5499, "Index Cond": "(id = v.userid)"}]}]}]}, {"Node Type": "Memoize", "Parent Relationship": "Inner", "Parallel Aware": false, "Async Capable": false, "Startup Cost": 0.33, "Total Cost": 4.38, "Plan Rows": 3, "Plan Width": 4, "Actual Rows": 17, "Actual Loops": 28260, "Cache Key": "v.userid", "Cache Mode": "logical", "Cache Hits": 23229, "Cache Misses": 5031, "Cache Evictions": 0, "Cache Overflows": 0, "Peak Memory Usage": 1199, "Plans": [{"Node Type": "Bitmap Heap Scan", "Parent Relationship": "Outer", "Parallel Aware": false, "Async Capable": false, "Relation Name": "badges", "Alias": "b", "Startup Cost": 0.32, "Total Cost": 4.37, "Plan Rows": 3, "Plan Width": 4, "Actual Rows": 5, "Actual Loops": 5031, "Recheck Cond": "(v.userid = userid)", "Rows Removed by Index Recheck": 0, "Filter": "((date >= '2011-01-03 20:50:19'::timestamp without time zone) AND (date <= '2014-09-02 15:35:07'::timestamp without time zone))", "Rows Removed by Filter": 0, "Exact Heap Blocks": 18637, "Lossy Heap Blocks": 0, "Plans": [{"Node Type": "Bitmap Index Scan", "Parent Relationship": "Outer", "Parallel Aware": false, "Async Capable": false, "Index Name": "idx_badges_userid", "Startup Cost": 0.0, "Total Cost": 0.32, "Plan Rows": 3, "Plan Width": 0, "Actual Rows": 5, "Actual Loops": 5031, "Index Cond": "(userid = v.userid)"}]}]}]}]}]}]}, "Planning Time": 2.504, "Triggers": [], "Execution Time": 930.575}, {"Plan": {"Node Type": "Aggregate", "Strategy": "Plain", "Partial Mode": "Simple", "Parallel Aware": false, "Async Capable": false, "Startup Cost": 27469.29, "Total Cost": 27469.3, "Plan Rows": 1, "Plan Width": 8, "Actual Rows": 1, "Actual Loops": 1, "Plans": [{"Node Type": "Hash Join", "Parent Relationship": "Outer", "Parallel Aware": false, "Async Capable": false, "Join Type": "Inner", "Startup Cost": 20934.67, "Total Cost": 26647.53, "Plan Rows": 328705, "Plan Width": 0, "Actual Rows": 6672465, "Actual Loops": 1, "Inner Unique": false, "Hash Cond": "(p.owneruserid = u.id)", "Plans": [{"Node Type": "Index Scan", "Parent Relationship": "Outer", "Parallel Aware": false, "Async Capable": false, "Scan Direction": "Forward", "Index Name": "idx_posts_owneruserid", "Relation Name": "posts", "Alias": "p", "Startup Cost": 0.29, "Total Cost": 4553.55, "Plan Rows": 42747, "Plan Width": 4, "Actual Rows": 42797, "Actual Loops": 1, "Filter": "((score <= 48) AND (answercount <= 8))", "Rows Removed by Filter": 49179}, {"Node Type": "Hash", "Parent Relationship": "Inner", "Parallel Aware": false, "Async Capable": false, "Startup Cost": 19801.89, "Total Cost": 19801.89, "Plan Rows": 90599, "Plan Width": 12, "Actual Rows": 475290, "Actual Loops": 1, "Hash Buckets": 524288, "Original Hash Buckets": 131072, "Hash Batches": 1, "Original Hash Batches": 1, "Peak Memory Usage": 24519, "Plans": [{"Node Type": "Hash Join", "Parent Relationship": "Outer", "Parallel Aware": false, "Async Capable": false, "Join Type": "Inner", "Startup Cost": 15639.1, "Total Cost": 19801.89, "Plan Rows": 90599, "Plan Width": 12, "Actual Rows": 475290, "Actual Loops": 1, "Inner Unique": false, "Hash Cond": "(b.userid = u.id)", "Plans": [{"Node Type": "Index Scan", "Parent Relationship": "Outer", "Parallel Aware": false, "Async Capable": false, "Scan Direction": "Forward", "Index Name": "idx_badges_userid", "Relation Name": "badges", "Alias": "b", "Startup Cost": 0.29, "Total Cost": 3264.6, "Plan Rows": 74837, "Plan Width": 4, "Actual Rows": 74827, "Actual Loops": 1, "Filter": "((date >= '2011-01-03 20:50:19'::timestamp without time zone) AND (date <= '2014-09-02 15:35:07'::timestamp without time zone))", "Rows Removed by Filter": 5024}, {"Node Type": "Hash", "Parent Relationship": "Inner", "Parallel Aware": false, "Async Capable": false, "Startup Cost": 15222.65, "Total Cost": 15222.65, "Plan Rows": 33292, "Plan Width": 8, "Actual Rows": 28260, "Actual Loops": 1, "Hash Buckets": 65536, "Original Hash Buckets": 65536, "Hash Batches": 1, "Original Hash Batches": 1, "Peak Memory Usage": 1616, "Plans": [{"Node Type": "Hash Join", "Parent Relationship": "Outer", "Parallel Aware": false, "Async Capable": false, "Join Type": "Inner", "Startup Cost": 1945.56, "Total Cost": 15222.65, "Plan Rows": 33292, "Plan Width": 8, "Actual Rows": 28260, "Actual Loops": 1, "Inner Unique": true, "Hash Cond": "(v.userid = u.id)", "Plans": [{"Node Type": "Index Scan", "Parent Relationship": "Outer", "Parallel Aware": false, "Async Capable": false, "Scan Direction": "Forward", "Index Name": "idx_votes_userid", "Relation Name": "votes", "Alias": "v", "Startup Cost": 0.42, "Total Cost": 12422.47, "Plan Rows": 325725, "Plan Width": 4, "Actual Rows": 325944, "Actual Loops": 1, "Filter": "(creationdate <= '2014-09-06 00:00:00'::timestamp without time zone)", "Rows Removed by Filter": 2120}, {"Node Type": "Hash", "Parent Relationship": "Inner", "Parallel Aware": false, "Async Capable": false, "Startup Cost": 1457.98, "Total Cost": 1457.98, "Plan Rows": 38973, "Plan Width": 4, "Actual Rows": 38979, "Actual Loops": 1, "Hash Buckets": 65536, "Original Hash Buckets": 65536, "Hash Batches": 1, "Original Hash Batches": 1, "Peak Memory Usage": 1883, "Plans": [{"Node Type": "Index Scan", "Parent Relationship": "Outer", "Parallel Aware": false, "Async Capable": false, "Scan Direction": "Forward", "Index Name": "users_pkey", "Relation Name": "users", "Alias": "u", "Startup Cost": 0.29, "Total Cost": 1457.98, "Plan Rows": 38973, "Plan Width": 4, "Actual Rows": 38979, "Actual Loops": 1, "Filter": "(creationdate >= '2010-11-16 06:03:04'::timestamp without time zone)", "Rows Removed by Filter": 1346}]}]}]}]}]}]}]}, "Planning Time": 2.621, "Triggers": [], "Execution Time": 910.642}, {"Plan": {"Node Type": "Aggregate", "Strategy": "Plain", "Partial Mode": "Finalize", "Parallel Aware": false, "Async Capable": false, "Startup Cost": 9021.34, "Total Cost": 9021.35, "Plan Rows": 1, "Plan Width": 8, "Actual Rows": 1, "Actual Loops": 1, "Plans": [{"Node Type": "Gather", "Parent Relationship": "Outer", "Parallel Aware": false, "Async Capable": false, "Startup Cost": 9021.23, "Total Cost": 9021.34, "Plan Rows": 1, "Plan Width": 8, "Actual Rows": 2, "Actual Loops": 1, "Workers Planned": 1, "Workers Launched": 1, "Single Copy": false, "Plans": [{"Node Type": "Aggregate", "Strategy": "Plain", "Partial Mode": "Partial", "Parent Relationship": "Outer", "Parallel Aware": false, "Async Capable": false, "Startup Cost": 8021.23, "Total Cost": 8021.24, "Plan Rows": 1, "Plan Width": 8, "Actual Rows": 1, "Actual Loops": 2, "Workers": [], "Plans": [{"Node Type": "Merge Join", "Parent Relationship": "Outer", "Parallel Aware": false, "Async Capable": false, "Join Type": "Inner", "Startup Cost": 2.74, "Total Cost": 7537.84, "Plan Rows": 193356, "Plan Width": 0, "Actual Rows": 3336232, "Actual Loops": 2, "Inner Unique": true, "Merge Cond": "(v.userid = u.id)", "Workers": [], "Plans": [{"Node Type": "Merge Join", "Parent Relationship": "Outer", "Parallel Aware": false, "Async Capable": false, "Join Type": "Inner", "Startup Cost": 2.45, "Total Cost": 33535.68, "Plan Rows": 1891794, "Plan Width": 12, "Actual Rows": 9691741, "Actual Loops": 2, "Inner Unique": false, "Merge Cond": "(v.userid = b.userid)", "Workers": [], "Plans": [{"Node Type": "Merge Join", "Parent Relationship": "Outer", "Parallel Aware": false, "Async Capable": false, "Join Type": "Inner", "Startup Cost": 0.71, "Total Cost": 16167.15, "Plan Rows": 695160, "Plan Width": 8, "Actual Rows": 184093, "Actual Loops": 2, "Inner Unique": false, "Merge Cond": "(v.userid = p.owneruserid)", "Workers": [], "Plans": [{"Node Type": "Index Scan", "Parent Relationship": "Outer", "Parallel Aware": true, "Async Capable": false, "Scan Direction": "Forward", "Index Name": "idx_votes_userid", "Relation Name": "votes", "Alias": "v", "Startup Cost": 0.42, "Total Cost": 10733.91, "Plan Rows": 191603, "Plan Width": 4, "Actual Rows": 17267, "Actual Loops": 2, "Filter": "(creationdate <= '2014-09-06 00:00:00'::timestamp without time zone)", "Rows Removed by Filter": 128, "Workers": []}, {"Node Type": "Materialize", "Parent Relationship": "Inner", "Parallel Aware": false, "Async Capable": false, "Startup Cost": 0.29, "Total Cost": 4660.42, "Plan Rows": 42747, "Plan Width": 4, "Actual Rows": 216508, "Actual Loops": 2, "Workers": [], "Plans": [{"Node Type": "Index Scan", "Parent Relationship": "Outer", "Parallel Aware": false, "Async Capable": false, "Scan Direction": "Forward", "Index Name": "idx_posts_owneruserid", "Relation Name": "posts", "Alias": "p", "Startup Cost": 0.29, "Total Cost": 4553.55, "Plan Rows": 42747, "Plan Width": 4, "Actual Rows": 40436, "Actual Loops": 2, "Filter": "((score <= 48) AND (answercount <= 8))", "Rows Removed by Filter": 47935, "Workers": []}]}]}, {"Node Type": "Materialize", "Parent Relationship": "Inner", "Parallel Aware": false, "Async Capable": false, "Startup Cost": 0.29, "Total Cost": 3451.69, "Plan Rows": 74837, "Plan Width": 4, "Actual Rows": 9750866, "Actual Loops": 2, "Workers": [], "Plans": [{"Node Type": "Index Scan", "Parent Relationship": "Outer", "Parallel Aware": false, "Async Capable": false, "Scan Direction": "Forward", "Index Name": "idx_badges_userid", "Relation Name": "badges", "Alias": "b", "Startup Cost": 0.29, "Total Cost": 3264.6, "Plan Rows": 74837, "Plan Width": 4, "Actual Rows": 72732, "Actual Loops": 2, "Filter": "((date >= '2011-01-03 20:50:19'::timestamp without time zone) AND (date <= '2014-09-02 15:35:07'::timestamp without time zone))", "Rows Removed by Filter": 4571, "Workers": []}]}]}, {"Node Type": "Index Scan", "Parent Relationship": "Inner", "Parallel Aware": false, "Async Capable": false, "Scan Direction": "Forward", "Index Name": "users_pkey", "Relation Name": "users", "Alias": "u", "Startup Cost": 0.29, "Total Cost": 1457.98, "Plan Rows": 38973, "Plan Width": 4, "Actual Rows": 35670, "Actual Loops": 2, "Filter": "(creationdate >= '2010-11-16 06:03:04'::timestamp without time zone)", "Rows Removed by Filter": 1346, "Workers": []}]}]}]}]}, "Planning Time": 6.387, "Triggers": [], "Execution Time": 1177.845}, {"Plan": {"Node Type": "Aggregate", "Strategy": "Plain", "Partial Mode": "Finalize", "Parallel Aware": false, "Async Capable": false, "Startup Cost": 21108.01, "Total Cost": 21108.02, "Plan Rows": 1, "Plan Width": 8, "Actual Rows": 1, "Actual Loops": 1, "Plans": [{"Node Type": "Gather", "Parent Relationship": "Outer", "Parallel Aware": false, "Async Capable": false, "Startup Cost": 21107.9, "Total Cost": 21108.01, "Plan Rows": 1, "Plan Width": 8, "Actual Rows": 2, "Actual Loops": 1, "Workers Planned": 1, "Workers Launched": 1, "Single Copy": false, "Plans": [{"Node Type": "Aggregate", "Strategy": "Plain", "Partial Mode": "Partial", "Parent Relationship": "Outer", "Parallel Aware": false, "Async Capable": false, "Startup Cost": 20107.9, "Total Cost": 20107.91, "Plan Rows": 1, "Plan Width": 8, "Actual Rows": 1, "Actual Loops": 2, "Workers": [], "Plans": [{"Node Type": "Nested Loop", "Parent Relationship": "Outer", "Parallel Aware": false, "Async Capable": false, "Join Type": "Inner", "Startup Cost": 1946.17, "Total Cost": 19624.51, "Plan Rows": 193356, "Plan Width": 0, "Actual Rows": 3336232, "Actual Loops": 2, "Inner Unique": false, "Join Filter": "(p.owneruserid = u.id)", "Rows Removed by Join Filter": 0, "Workers": [], "Plans": [{"Node Type": "Nested Loop", "Parent Relationship": "Outer", "Parallel Aware": false, "Async Capable": false, "Join Type": "Inner", "Startup Cost": 1945.87, "Total Cost": 15778.75, "Plan Rows": 53294, "Plan Width": 12, "Actual Rows": 237645, "Actual Loops": 2, "Inner Unique": false, "Join Filter": "(b.userid = u.id)", "Rows Removed by Join Filter": 0, "Workers": [], "Plans": [{"Node Type": "Hash Join", "Parent Relationship": "Outer", "Parallel Aware": false, "Async Capable": false, "Join Type": "Inner", "Startup Cost": 1945.56, "Total Cost": 13182.02, "Plan Rows": 19584, "Plan Width": 8, "Actual Rows": 14130, "Actual Loops": 2, "Inner Unique": true, "Hash Cond": "(v.userid = u.id)", "Workers": [], "Plans": [{"Node Type": "Index Scan", "Parent Relationship": "Outer", "Parallel Aware": true, "Async Capable": false, "Scan Direction": "Forward", "Index Name": "idx_votes_userid", "Relation Name": "votes", "Alias": "v", "Startup Cost": 0.42, "Total Cost": 10733.91, "Plan Rows": 191603, "Plan Width": 4, "Actual Rows": 162972, "Actual Loops": 2, "Filter": "(creationdate <= '2014-09-06 00:00:00'::timestamp without time zone)", "Rows Removed by Filter": 1060, "Workers": []}, {"Node Type": "Hash", "Parent Relationship": "Inner", "Parallel Aware": false, "Async Capable": false, "Startup Cost": 1457.98, "Total Cost": 1457.98, "Plan Rows": 38973, "Plan Width": 4, "Actual Rows": 38979, "Actual Loops": 2, "Hash Buckets": 65536, "Original Hash Buckets": 65536, "Hash Batches": 1, "Original Hash Batches": 1, "Peak Memory Usage": 1883, "Workers": [], "Plans": [{"Node Type": "Index Scan", "Parent Relationship": "Outer", "Parallel Aware": false, "Async Capable": false, "Scan Direction": "Forward", "Index Name": "users_pkey", "Relation Name": "users", "Alias": "u", "Startup Cost": 0.29, "Total Cost": 1457.98, "Plan Rows": 38973, "Plan Width": 4, "Actual Rows": 38979, "Actual Loops": 2, "Filter": "(creationdate >= '2010-11-16 06:03:04'::timestamp without time zone)", "Rows Removed by Filter": 1346, "Workers": []}]}]}, {"Node Type": "Memoize", "Parent Relationship": "Inner", "Parallel Aware": false, "Async Capable": false, "Startup Cost": 0.3, "Total Cost": 0.38, "Plan Rows": 3, "Plan Width": 4, "Actual Rows": 17, "Actual Loops": 28260, "Cache Key": "v.userid", "Cache Mode": "logical", "Cache Hits": 13225, "Cache Misses": 3037, "Cache Evictions": 0, "Cache Overflows": 0, "Peak Memory Usage": 707, "Workers": [{"Worker Number": 0, "Cache Hits": 10004, "Cache Misses": 1994, "Cache Evictions": 0, "Cache Overflows": 0, "Peak Memory Usage": 493}], "Plans": [{"Node Type": "Index Scan", "Parent Relationship": "Outer", "Parallel Aware": false, "Async Capable": false, "Scan Direction": "Forward", "Index Name": "idx_badges_userid", "Relation Name": "badges", "Alias": "b", "Startup Cost": 0.29, "Total Cost": 0.37, "Plan Rows": 3, "Plan Width": 4, "Actual Rows": 5, "Actual Loops": 5031, "Index Cond": "(userid = v.userid)", "Rows Removed by Index Recheck": 0, "Filter": "((date >= '2011-01-03 20:50:19'::timestamp without time zone) AND (date <= '2014-09-02 15:35:07'::timestamp without time zone))", "Rows Removed by Filter": 0, "Workers": []}]}]}, {"Node Type": "Memoize", "Parent Relationship": "Inner", "Parallel Aware": false, "Async Capable": false, "Startup Cost": 0.3, "Total Cost": 0.4, "Plan Rows": 2, "Plan Width": 4, "Actual Rows": 14, "Actual Loops": 475290, "Cache Key": "v.userid", "Cache Mode": "logical", "Cache Hits": 290997, "Cache Misses": 2298, "Cache Evictions": 0, "Cache Overflows": 0, "Peak Memory Usage": 434, "Workers": [{"Worker Number": 0, "Cache Hits": 180420, "Cache Misses": 1575, "Cache Evictions": 0, "Cache Overflows": 0, "Peak Memory Usage": 299}], "Plans": [{"Node Type": "Index Scan", "Parent Relationship": "Outer", "Parallel Aware": false, "Async Capable": false, "Scan Direction": "Forward", "Index Name": "idx_posts_owneruserid", "Relation Name": "posts", "Alias": "p", "Startup Cost": 0.29, "Total Cost": 0.39, "Plan Rows": 2, "Plan Width": 4, "Actual Rows": 3, "Actual Loops": 3873, "Index Cond": "(owneruserid = v.userid)", "Rows Removed by Index Recheck": 0, "Filter": "((score <= 48) AND (answercount <= 8))", "Rows Removed by Filter": 6, "Workers": []}]}]}]}]}]}, "Planning Time": 5.547, "Triggers": [], "Execution Time": 440.891}, {"Plan": {"Node Type": "Aggregate", "Strategy": "Plain", "Partial Mode": "Finalize", "Parallel Aware": false, "Async Capable": false, "Startup Cost": 14289.43, "Total Cost": 14289.44, "Plan Rows": 1, "Plan Width": 8, "Actual Rows": 1, "Actual Loops": 1, "Plans": [{"Node Type": "Gather", "Parent Relationship": "Outer", "Parallel Aware": false, "Async Capable": false, "Startup Cost": 14289.31, "Total Cost": 14289.42, "Plan Rows": 1, "Plan Width": 8, "Actual Rows": 2, "Actual Loops": 1, "Workers Planned": 1, "Workers Launched": 1, "Single Copy": false, "Plans": [{"Node Type": "Aggregate", "Strategy": "Plain", "Partial Mode": "Partial", "Parent Relationship": "Outer", "Parallel Aware": false, "Async Capable": false, "Startup Cost": 13289.31, "Total Cost": 13289.32, "Plan Rows": 1, "Plan Width": 8, "Actual Rows": 1, "Actual Loops": 2, "Workers": [], "Plans": [{"Node Type": "Nested Loop", "Parent Relationship": "Outer", "Parallel Aware": false, "Async Capable": false, "Join Type": "Inner", "Startup Cost": 1288.83, "Total Cost": 12805.92, "Plan Rows": 193356, "Plan Width": 0, "Actual Rows": 3336232, "Actual Loops": 2, "Inner Unique": false, "Join Filter": "(p.owneruserid = u.id)", "Rows Removed by Join Filter": 0, "Workers": [], "Plans": [{"Node Type": "Nested Loop", "Parent Relationship": "Outer", "Parallel Aware": false, "Async Capable": false, "Join Type": "Inner", "Startup Cost": 1288.53, "Total Cost": 8960.16, "Plan Rows": 53294, "Plan Width": 12, "Actual Rows": 237645, "Actual Loops": 2, "Inner Unique": false, "Join Filter": "(b.userid = u.id)", "Rows Removed by Join Filter": 0, "Workers": [], "Plans": [{"Node Type": "Hash Join", "Parent Relationship": "Outer", "Parallel Aware": false, "Async Capable": false, "Join Type": "Inner", "Startup Cost": 1288.22, "Total Cost": 6363.43, "Plan Rows": 19584, "Plan Width": 8, "Actual Rows": 14130, "Actual Loops": 2, "Inner Unique": true, "Hash Cond": "(v.userid = u.id)", "Workers": [], "Plans": [{"Node Type": "Seq Scan", "Parent Relationship": "Outer", "Parallel Aware": true, "Async Capable": false, "Relation Name": "votes", "Alias": "v", "Startup Cost": 0.0, "Total Cost": 4572.24, "Plan Rows": 191603, "Plan Width": 4, "Actual Rows": 162972, "Actual Loops": 2, "Filter": "(creationdate <= '2014-09-06 00:00:00'::timestamp without time zone)", "Rows Removed by Filter": 1060, "Workers": []}, {"Node Type": "Hash", "Parent Relationship": "Inner", "Parallel Aware": false, "Async Capable": false, "Startup Cost": 801.06, "Total Cost": 801.06, "Plan Rows": 38973, "Plan Width": 4, "Actual Rows": 38979, "Actual Loops": 2, "Hash Buckets": 65536, "Original Hash Buckets": 65536, "Hash Batches": 1, "Original Hash Batches": 1, "Peak Memory Usage": 1883, "Workers": [], "Plans": [{"Node Type": "Seq Scan", "Parent Relationship": "Outer", "Parallel Aware": false, "Async Capable": false, "Relation Name": "users", "Alias": "u", "Startup Cost": 0.0, "Total Cost": 801.06, "Plan Rows": 38973, "Plan Width": 4, "Actual Rows": 38979, "Actual Loops": 2, "Filter": "(creationdate >= '2010-11-16 06:03:04'::timestamp without time zone)", "Rows Removed by Filter": 1346, "Workers": []}]}]}, {"Node Type": "Memoize", "Parent Relationship": "Inner", "Parallel Aware": false, "Async Capable": false, "Startup Cost": 0.3, "Total Cost": 0.38, "Plan Rows": 3, "Plan Width": 4, "Actual Rows": 17, "Actual Loops": 28260, "Cache Key": "v.userid", "Cache Mode": "logical", "Cache Hits": 11147, "Cache Misses": 3439, "Cache Evictions": 0, "Cache Overflows": 0, "Peak Memory Usage": 934, "Workers": [{"Worker Number": 0, "Cache Hits": 10344, "Cache Misses": 3330, "Cache Evictions": 0, "Cache Overflows": 0, "Peak Memory Usage": 902}], "Plans": [{"Node Type": "Index Scan", "Parent Relationship": "Outer", "Parallel Aware": false, "Async Capable": false, "Scan Direction": "Forward", "Index Name": "idx_badges_userid", "Relation Name": "badges", "Alias": "b", "Startup Cost": 0.29, "Total Cost": 0.37, "Plan Rows": 3, "Plan Width": 4, "Actual Rows": 6, "Actual Loops": 6769, "Index Cond": "(userid = v.userid)", "Rows Removed by Index Recheck": 0, "Filter": "((date >= '2011-01-03 20:50:19'::timestamp without time zone) AND (date <= '2014-09-02 15:35:07'::timestamp without time zone))", "Rows Removed by Filter": 0, "Workers": []}]}]}, {"Node Type": "Memoize", "Parent Relationship": "Inner", "Parallel Aware": false, "Async Capable": false, "Startup Cost": 0.3, "Total Cost": 0.4, "Plan Rows": 2, "Plan Width": 4, "Actual Rows": 14, "Actual Loops": 475290, "Cache Key": "v.userid", "Cache Mode": "logical", "Cache Hits": 238333, "Cache Misses": 2742, "Cache Evictions": 0, "Cache Overflows": 0, "Peak Memory Usage": 568, "Workers": [{"Worker Number": 0, "Cache Hits": 231575, "Cache Misses": 2640, "Cache Evictions": 0, "Cache Overflows": 0, "Peak Memory Usage": 553}], "Plans": [{"Node Type": "Index Scan", "Parent Relationship": "Outer", "Parallel Aware": false, "Async Capable": false, "Scan Direction": "Forward", "Index Name": "idx_posts_owneruserid", "Relation Name": "posts", "Alias": "p", "Startup Cost": 0.29, "Total Cost": 0.39, "Plan Rows": 2, "Plan Width": 4, "Actual Rows": 4, "Actual Loops": 5382, "Index Cond": "(owneruserid = v.userid)", "Rows Removed by Index Recheck": 0, "Filter": "((score <= 48) AND (answercount <= 8))", "Rows Removed by Filter": 8, "Workers": []}]}]}]}]}]}, "Planning Time": 5.635, "Triggers": [], "Execution Time": 456.103}, {"Plan": {"Node Type": "Aggregate", "Strategy": "Plain", "Partial Mode": "Simple", "Parallel Aware": false, "Async Capable": false, "Startup Cost": 16681.96, "Total Cost": 16681.97, "Plan Rows": 1, "Plan Width": 8, "Actual Rows": 1, "Actual Loops": 1, "Plans": [{"Node Type": "Hash Join", "Parent Relationship": "Outer", "Parallel Aware": false, "Async Capable": false, "Join Type": "Inner", "Startup Cost": 12480.96, "Total Cost": 15860.2, "Plan Rows": 328705, "Plan Width": 0, "Actual Rows": 6672465, "Actual Loops": 1, "Inner Unique": false, "Hash Cond": "(p.owneruserid = u.id)", "Plans": [{"Node Type": "Seq Scan", "Parent Relationship": "Outer", "Parallel Aware": false, "Async Capable": false, "Relation Name": "posts", "Alias": "p", "Startup Cost": 0.0, "Total Cost": 2219.64, "Plan Rows": 42747, "Plan Width": 4, "Actual Rows": 42797, "Actual Loops": 1, "Filter": "((score <= 48) AND (answercount <= 8))", "Rows Removed by Filter": 49179}, {"Node Type": "Hash", "Parent Relationship": "Inner", "Parallel Aware": false, "Async Capable": false, "Startup Cost": 11348.47, "Total Cost": 11348.47, "Plan Rows": 90599, "Plan Width": 12, "Actual Rows": 475290, "Actual Loops": 1, "Hash Buckets": 524288, "Original Hash Buckets": 131072, "Hash Batches": 1, "Original Hash Batches": 1, "Peak Memory Usage": 24519, "Plans": [{"Node Type": "Hash Join", "Parent Relationship": "Outer", "Parallel Aware": false, "Async Capable": false, "Join Type": "Inner", "Startup Cost": 8820.21, "Total Cost": 11348.47, "Plan Rows": 90599, "Plan Width": 12, "Actual Rows": 475290, "Actual Loops": 1, "Inner Unique": false, "Hash Cond": "(b.userid = u.id)", "Plans": [{"Node Type": "Seq Scan", "Parent Relationship": "Outer", "Parallel Aware": false, "Async Capable": false, "Relation Name": "badges", "Alias": "b", "Startup Cost": 0.0, "Total Cost": 1629.76, "Plan Rows": 74837, "Plan Width": 4, "Actual Rows": 74827, "Actual Loops": 1, "Filter": "((date >= '2011-01-03 20:50:19'::timestamp without time zone) AND (date <= '2014-09-02 15:35:07'::timestamp without time zone))", "Rows Removed by Filter": 5024}, {"Node Type": "Hash", "Parent Relationship": "Inner", "Parallel Aware": false, "Async Capable": false, "Startup Cost": 8404.06, "Total Cost": 8404.06, "Plan Rows": 33292, "Plan Width": 8, "Actual Rows": 28260, "Actual Loops": 1, "Hash Buckets": 65536, "Original Hash Buckets": 65536, "Hash Batches": 1, "Original Hash Batches": 1, "Peak Memory Usage": 1616, "Plans": [{"Node Type": "Hash Join", "Parent Relationship": "Outer", "Parallel Aware": false, "Async Capable": false, "Join Type": "Inner", "Startup Cost": 1288.22, "Total Cost": 8404.06, "Plan Rows": 33292, "Plan Width": 8, "Actual Rows": 28260, "Actual Loops": 1, "Inner Unique": true, "Hash Cond": "(v.userid = u.id)", "Plans": [{"Node Type": "Seq Scan", "Parent Relationship": "Outer", "Parallel Aware": false, "Async Capable": false, "Relation Name": "votes", "Alias": "v", "Startup Cost": 0.0, "Total Cost": 6260.8, "Plan Rows": 325725, "Plan Width": 4, "Actual Rows": 325944, "Actual Loops": 1, "Filter": "(creationdate <= '2014-09-06 00:00:00'::timestamp without time zone)", "Rows Removed by Filter": 2120}, {"Node Type": "Hash", "Parent Relationship": "Inner", "Parallel Aware": false, "Async Capable": false, "Startup Cost": 801.06, "Total Cost": 801.06, "Plan Rows": 38973, "Plan Width": 4, "Actual Rows": 38979, "Actual Loops": 1, "Hash Buckets": 65536, "Original Hash Buckets": 65536, "Hash Batches": 1, "Original Hash Batches": 1, "Peak Memory Usage": 1883, "Plans": [{"Node Type": "Seq Scan", "Parent Relationship": "Outer", "Parallel Aware": false, "Async Capable": false, "Relation Name": "users", "Alias": "u", "Startup Cost": 0.0, "Total Cost": 801.06, "Plan Rows": 38973, "Plan Width": 4, "Actual Rows": 38979, "Actual Loops": 1, "Filter": "(creationdate >= '2010-11-16 06:03:04'::timestamp without time zone)", "Rows Removed by Filter": 1346}]}]}]}]}]}]}]}, "Planning Time": 2.791, "Triggers": [], "Execution Time": 970.859}, {"Plan": {"Node Type": "Aggregate", "Strategy": "Plain", "Partial Mode": "Simple", "Parallel Aware": false, "Async Capable": false, "Startup Cost": 40000010648.9, "Total Cost": 40000010648.91, "Plan Rows": 1, "Plan Width": 8, "Actual Rows": 1, "Actual Loops": 1, "Plans": [{"Node Type": "Merge Join", "Parent Relationship": "Outer", "Parallel Aware": false, "Async Capable": false, "Join Type": "Inner", "Startup Cost": 40000000003.41, "Total Cost": 40000009827.14, "Plan Rows": 328705, "Plan Width": 0, "Actual Rows": 6672465, "Actual Loops": 1, "Inner Unique": false, "Merge Cond": "(u.id = v.userid)", "Plans": [{"Node Type": "Merge Join", "Parent Relationship": "Outer", "Parallel Aware": false, "Async Capable": false, "Join Type": "Inner", "Startup Cost": 20000000000.58, "Total Cost": 20000006552.18, "Plan Rows": 40689, "Plan Width": 8, "Actual Rows": 38526, "Actual Loops": 1, "Inner Unique": true, "Merge Cond": "(p.owneruserid = u.id)", "Plans": [{"Node Type": "Index Scan", "Parent Relationship": "Outer", "Parallel Aware": false, "Async Capable": false, "Scan Direction": "Forward", "Index Name": "idx_posts_owneruserid", "Relation Name": "posts", "Alias": "p", "Startup Cost": 10000000000.29, "Total Cost": 10000004553.55, "Plan Rows": 42747, "Plan Width": 4, "Actual Rows": 41808, "Actual Loops": 1, "Filter": "((score <= 48) AND (answercount <= 8))", "Rows Removed by Filter": 48446}, {"Node Type": "Index Scan", "Parent Relationship": "Inner", "Parallel Aware": false, "Async Capable": false, "Scan Direction": "Forward", "Index Name": "users_pkey", "Relation Name": "users", "Alias": "u", "Startup Cost": 10000000000.29, "Total Cost": 10000001457.98, "Plan Rows": 38973, "Plan Width": 4, "Actual Rows": 38340, "Actual Loops": 1, "Filter": "(creationdate >= '2010-11-16 06:03:04'::timestamp without time zone)", "Rows Removed by Filter": 1346}]}, {"Node Type": "Materialize", "Parent Relationship": "Inner", "Parallel Aware": false, "Async Capable": false, "Startup Cost": 20000000002.83, "Total Cost": 20000018821.78, "Plan Rows": 886421, "Plan Width": 8, "Actual Rows": 7197347, "Actual Loops": 1, "Plans": [{"Node Type": "Merge Join", "Parent Relationship": "Outer", "Parallel Aware": false, "Async Capable": false, "Join Type": "Inner", "Startup Cost": 20000000002.83, "Total Cost": 20000016605.73, "Plan Rows": 886421, "Plan Width": 8, "Actual Rows": 956304, "Actual Loops": 1, "Inner Unique": false, "Merge Cond": "(b.userid = v.userid)", "Plans": [{"Node Type": "Index Scan", "Parent Relationship": "Outer", "Parallel Aware": false, "Async Capable": false, "Scan Direction": "Forward", "Index Name": "idx_badges_userid", "Relation Name": "badges", "Alias": "b", "Startup Cost": 10000000000.29, "Total Cost": 10000003264.6, "Plan Rows": 74837, "Plan Width": 4, "Actual Rows": 74827, "Actual Loops": 1, "Filter": "((date >= '2011-01-03 20:50:19'::timestamp without time zone) AND (date <= '2014-09-02 15:35:07'::timestamp without time zone))", "Rows Removed by Filter": 5024}, {"Node Type": "Materialize", "Parent Relationship": "Inner", "Parallel Aware": false, "Async Capable": false, "Startup Cost": 10000000000.42, "Total Cost": 10000013236.79, "Plan Rows": 325725, "Plan Width": 4, "Actual Rows": 959388, "Actual Loops": 1, "Plans": [{"Node Type": "Index Scan", "Parent Relationship": "Outer", "Parallel Aware": false, "Async Capable": false, "Scan Direction": "Forward", "Index Name": "idx_votes_userid", "Relation Name": "votes", "Alias": "v", "Startup Cost": 10000000000.42, "Total Cost": 10000012422.47, "Plan Rows": 325725, "Plan Width": 4, "Actual Rows": 34520, "Actual Loops": 1, "Filter": "(creationdate <= '2014-09-06 00:00:00'::timestamp without time zone)", "Rows Removed by Filter": 226}]}]}]}]}]}, "Planning Time": 3.421, "Triggers": [], "Execution Time": 957.758}, {"Plan": {"Node Type": "Aggregate", "Strategy": "Plain", "Partial Mode": "Simple", "Parallel Aware": false, "Async Capable": false, "Startup Cost": 10000079570.4, "Total Cost": 10000079570.41, "Plan Rows": 1, "Plan Width": 8, "Actual Rows": 1, "Actual Loops": 1, "Plans": [{"Node Type": "Nested Loop", "Parent Relationship": "Outer", "Parallel Aware": false, "Async Capable": false, "Join Type": "Inner", "Startup Cost": 10000000001.39, "Total Cost": 10000078748.63, "Plan Rows": 328705, "Plan Width": 0, "Actual Rows": 6672465, "Actual Loops": 1, "Inner Unique": false, "Join Filter": "(p.owneruserid = u.id)", "Rows Removed by Join Filter": 0, "Plans": [{"Node Type": "Nested Loop", "Parent Relationship": "Outer", "Parallel Aware": false, "Async Capable": false, "Join Type": "Inner", "Startup Cost": 10000000001.06, "Total Cost": 10000057284.84, "Plan Rows": 90599, "Plan Width": 12, "Actual Rows": 475290, "Actual Loops": 1, "Inner Unique": false, "Join Filter": "(b.userid = u.id)", "Rows Removed by Join Filter": 0, "Plans": [{"Node Type": "Nested Loop", "Parent Relationship": "Outer", "Parallel Aware": false, "Async Capable": false, "Join Type": "Inner", "Startup Cost": 10000000000.73, "Total Cost": 10000037856.54, "Plan Rows": 33292, "Plan Width": 8, "Actual Rows": 28260, "Actual Loops": 1, "Inner Unique": true, "Plans": [{"Node Type": "Index Scan", "Parent Relationship": "Outer", "Parallel Aware": false, "Async Capable": false, "Scan Direction": "Forward", "Index Name": "idx_votes_userid", "Relation Name": "votes", "Alias": "v", "Startup Cost": 10000000000.42, "Total Cost": 10000012422.47, "Plan Rows": 325725, "Plan Width": 4, "Actual Rows": 325944, "Actual Loops": 1, "Filter": "(creationdate <= '2014-09-06 00:00:00'::timestamp without time zone)", "Rows Removed by Filter": 2120}, {"Node Type": "Memoize", "Parent Relationship": "Inner", "Parallel Aware": false, "Async Capable": false, "Startup Cost": 0.31, "Total Cost": 4.32, "Plan Rows": 1, "Plan Width": 4, "Actual Rows": 0, "Actual Loops": 325944, "Cache Key": "v.userid", "Cache Mode": "logical", "Cache Hits": 320445, "Cache Misses": 5499, "Cache Evictions": 0, "Cache Overflows": 0, "Peak Memory Usage": 543, "Plans": [{"Node Type": "Bitmap Heap Scan", "Parent Relationship": "Outer", "Parallel Aware": false, "Async Capable": false, "Relation Name": "users", "Alias": "u", "Startup Cost": 0.3, "Total Cost": 4.31, "Plan Rows": 1, "Plan Width": 4, "Actual Rows": 1, "Actual Loops": 5499, "Recheck Cond": "(v.userid = id)", "Rows Removed by Index Recheck": 0, "Filter": "(creationdate >= '2010-11-16 06:03:04'::timestamp without time zone)", "Rows Removed by Filter": 0, "Exact Heap Blocks": 5498, "Lossy Heap Blocks": 0, "Plans": [{"Node Type": "Bitmap Index Scan", "Parent Relationship": "Outer", "Parallel Aware": false, "Async Capable": false, "Index Name": "users_pkey", "Startup Cost": 0.0, "Total Cost": 0.3, "Plan Rows": 1, "Plan Width": 0, "Actual Rows": 1, "Actual Loops": 5499, "Index Cond": "(id = v.userid)"}]}]}]}, {"Node Type": "Memoize", "Parent Relationship": "Inner", "Parallel Aware": false, "Async Capable": false, "Startup Cost": 0.33, "Total Cost": 4.38, "Plan Rows": 3, "Plan Width": 4, "Actual Rows": 17, "Actual Loops": 28260, "Cache Key": "v.userid", "Cache Mode": "logical", "Cache Hits": 23229, "Cache Misses": 5031, "Cache Evictions": 0, "Cache Overflows": 0, "Peak Memory Usage": 1199, "Plans": [{"Node Type": "Bitmap Heap Scan", "Parent Relationship": "Outer", "Parallel Aware": false, "Async Capable": false, "Relation Name": "badges", "Alias": "b", "Startup Cost": 0.32, "Total Cost": 4.37, "Plan Rows": 3, "Plan Width": 4, "Actual Rows": 5, "Actual Loops": 5031, "Recheck Cond": "(v.userid = userid)", "Rows Removed by Index Recheck": 0, "Filter": "((date >= '2011-01-03 20:50:19'::timestamp without time zone) AND (date <= '2014-09-02 15:35:07'::timestamp without time zone))", "Rows Removed by Filter": 0, "Exact Heap Blocks": 18637, "Lossy Heap Blocks": 0, "Plans": [{"Node Type": "Bitmap Index Scan", "Parent Relationship": "Outer", "Parallel Aware": false, "Async Capable": false, "Index Name": "idx_badges_userid", "Startup Cost": 0.0, "Total Cost": 0.32, "Plan Rows": 3, "Plan Width": 0, "Actual Rows": 5, "Actual Loops": 5031, "Index Cond": "(userid = v.userid)"}]}]}]}, {"Node Type": "Memoize", "Parent Relationship": "Inner", "Parallel Aware": false, "Async Capable": false, "Startup Cost": 0.33, "Total Cost": 4.4, "Plan Rows": 2, "Plan Width": 4, "Actual Rows": 14, "Actual Loops": 475290, "Cache Key": "v.userid", "Cache Mode": "logical", "Cache Hits": 471417, "Cache Misses": 3873, "Cache Evictions": 0, "Cache Overflows": 0, "Peak Memory Usage": 732, "Plans": [{"Node Type": "Bitmap Heap Scan", "Parent Relationship": "Outer", "Parallel Aware": false, "Async Capable": false, "Relation Name": "posts", "Alias": "p", "Startup Cost": 0.32, "Total Cost": 4.39, "Plan Rows": 2, "Plan Width": 4, "Actual Rows": 3, "Actual Loops": 3873, "Recheck Cond": "(v.userid = owneruserid)", "Rows Removed by Index Recheck": 0, "Filter": "((score <= 48) AND (answercount <= 8))", "Rows Removed by Filter": 6, "Exact Heap Blocks": 25476, "Lossy Heap Blocks": 0, "Plans": [{"Node Type": "Bitmap Index Scan", "Parent Relationship": "Outer", "Parallel Aware": false, "Async Capable": false, "Index Name": "idx_posts_owneruserid", "Startup Cost": 0.0, "Total Cost": 0.32, "Plan Rows": 4, "Plan Width": 0, "Actual Rows": 9, "Actual Loops": 3873, "Index Cond": "(owneruserid = v.userid)"}]}]}]}]}, "Planning Time": 3.443, "Triggers": [], "Execution Time": 847.98}, {"Plan": {"Node Type": "Aggregate", "Strategy": "Plain", "Partial Mode": "Finalize", "Parallel Aware": false, "Async Capable": false, "Startup Cost": 24712.61, "Total Cost": 24712.62, "Plan Rows": 1, "Plan Width": 8, "Actual Rows": 1, "Actual Loops": 1, "Plans": [{"Node Type": "Gather", "Parent Relationship": "Outer", "Parallel Aware": false, "Async Capable": false, "Startup Cost": 24712.5, "Total Cost": 24712.61, "Plan Rows": 1, "Plan Width": 8, "Actual Rows": 2, "Actual Loops": 1, "Workers Planned": 1, "Workers Launched": 1, "Single Copy": false, "Plans": [{"Node Type": "Aggregate", "Strategy": "Plain", "Partial Mode": "Partial", "Parent Relationship": "Outer", "Parallel Aware": false, "Async Capable": false, "Startup Cost": 23712.5, "Total Cost": 23712.51, "Plan Rows": 1, "Plan Width": 8, "Actual Rows": 1, "Actual Loops": 2, "Workers": [], "Plans": [{"Node Type": "Nested Loop", "Parent Relationship": "Outer", "Parallel Aware": false, "Async Capable": false, "Join Type": "Inner", "Startup Cost": 1.33, "Total Cost": 23229.11, "Plan Rows": 193356, "Plan Width": 0, "Actual Rows": 3336232, "Actual Loops": 2, "Inner Unique": false, "Join Filter": "(p.owneruserid = u.id)", "Rows Removed by Join Filter": 0, "Workers": [], "Plans": [{"Node Type": "Nested Loop", "Parent Relationship": "Outer", "Parallel Aware": false, "Async Capable": false, "Join Type": "Inner", "Startup Cost": 1.02, "Total Cost": 19383.35, "Plan Rows": 53294, "Plan Width": 12, "Actual Rows": 237645, "Actual Loops": 2, "Inner Unique": false, "Join Filter": "(b.userid = u.id)", "Rows Removed by Join Filter": 0, "Workers": [], "Plans": [{"Node Type": "Nested Loop", "Parent Relationship": "Outer", "Parallel Aware": false, "Async Capable": false, "Join Type": "Inner", "Startup Cost": 0.72, "Total Cost": 16786.62, "Plan Rows": 19584, "Plan Width": 8, "Actual Rows": 14130, "Actual Loops": 2, "Inner Unique": true, "Workers": [], "Plans": [{"Node Type": "Index Scan", "Parent Relationship": "Outer", "Parallel Aware": true, "Async Capable": false, "Scan Direction": "Forward", "Index Name": "idx_votes_userid", "Relation Name": "votes", "Alias": "v", "Startup Cost": 0.42, "Total Cost": 10733.91, "Plan Rows": 191603, "Plan Width": 4, "Actual Rows": 162972, "Actual Loops": 2, "Filter": "(creationdate <= '2014-09-06 00:00:00'::timestamp without time zone)", "Rows Removed by Filter": 1060, "Workers": []}, {"Node Type": "Memoize", "Parent Relationship": "Inner", "Parallel Aware": false, "Async Capable": false, "Startup Cost": 0.3, "Total Cost": 0.33, "Plan Rows": 1, "Plan Width": 4, "Actual Rows": 0, "Actual Loops": 325944, "Cache Key": "v.userid", "Cache Mode": "logical", "Cache Hits": 170283, "Cache Misses": 3570, "Cache Evictions": 0, "Cache Overflows": 0, "Peak Memory Usage": 347, "Workers": [{"Worker Number": 0, "Cache Hits": 150161, "Cache Misses": 1930, "Cache Evictions": 0, "Cache Overflows": 0, "Peak Memory Usage": 196}], "Plans": [{"Node Type": "Index Scan", "Parent Relationship": "Outer", "Parallel Aware": false, "Async Capable": false, "Scan Direction": "Forward", "Index Name": "users_pkey", "Relation Name": "users", "Alias": "u", "Startup Cost": 0.29, "Total Cost": 0.32, "Plan Rows": 1, "Plan Width": 4, "Actual Rows": 1, "Actual Loops": 5500, "Index Cond": "(id = v.userid)", "Rows Removed by Index Recheck": 0, "Filter": "(creationdate >= '2010-11-16 06:03:04'::timestamp without time zone)", "Rows Removed by Filter": 0, "Workers": []}]}]}, {"Node Type": "Memoize", "Parent Relationship": "Inner", "Parallel Aware": false, "Async Capable": false, "Startup Cost": 0.3, "Total Cost": 0.38, "Plan Rows": 3, "Plan Width": 4, "Actual Rows": 17, "Actual Loops": 28260, "Cache Key": "v.userid", "Cache Mode": "logical", "Cache Hits": 13094, "Cache Misses": 3104, "Cache Evictions": 0, "Cache Overflows": 0, "Peak Memory Usage": 731, "Workers": [{"Worker Number": 0, "Cache Hits": 10135, "Cache Misses": 1927, "Cache Evictions": 0, "Cache Overflows": 0, "Peak Memory Usage": 469}], "Plans": [{"Node Type": "Index Scan", "Parent Relationship": "Outer", "Parallel Aware": false, "Async Capable": false, "Scan Direction": "Forward", "Index Name": "idx_badges_userid", "Relation Name": "badges", "Alias": "b", "Startup Cost": 0.29, "Total Cost": 0.37, "Plan Rows": 3, "Plan Width": 4, "Actual Rows": 5, "Actual Loops": 5031, "Index Cond": "(userid = v.userid)", "Rows Removed by Index Recheck": 0, "Filter": "((date >= '2011-01-03 20:50:19'::timestamp without time zone) AND (date <= '2014-09-02 15:35:07'::timestamp without time zone))", "Rows Removed by Filter": 0, "Workers": []}]}]}, {"Node Type": "Memoize", "Parent Relationship": "Inner", "Parallel Aware": false, "Async Capable": false, "Startup Cost": 0.3, "Total Cost": 0.4, "Plan Rows": 2, "Plan Width": 4, "Actual Rows": 14, "Actual Loops": 475290, "Cache Key": "v.userid", "Cache Mode": "logical", "Cache Hits": 286378, "Cache Misses": 2390, "Cache Evictions": 0, "Cache Overflows": 0, "Peak Memory Usage": 447, "Workers": [{"Worker Number": 0, "Cache Hits": 185039, "Cache Misses": 1483, "Cache Evictions": 0, "Cache Overflows": 0, "Peak Memory Usage": 285}], "Plans": [{"Node Type": "Index Scan", "Parent Relationship": "Outer", "Parallel Aware": false, "Async Capable": false, "Scan Direction": "Forward", "Index Name": "idx_posts_owneruserid", "Relation Name": "posts", "Alias": "p", "Startup Cost": 0.29, "Total Cost": 0.39, "Plan Rows": 2, "Plan Width": 4, "Actual Rows": 3, "Actual Loops": 3873, "Index Cond": "(owneruserid = v.userid)", "Rows Removed by Index Recheck": 0, "Filter": "((score <= 48) AND (answercount <= 8))", "Rows Removed by Filter": 6, "Workers": []}]}]}]}]}]}, "Planning Time": 5.42, "Triggers": [], "Execution Time": 449.234}, {"Plan": {"Node Type": "Aggregate", "Strategy": "Plain", "Partial Mode": "Finalize", "Parallel Aware": false, "Async Capable": false, "Startup Cost": 18550.94, "Total Cost": 18550.95, "Plan Rows": 1, "Plan Width": 8, "Actual Rows": 1, "Actual Loops": 1, "Plans": [{"Node Type": "Gather", "Parent Relationship": "Outer", "Parallel Aware": false, "Async Capable": false, "Startup Cost": 18550.83, "Total Cost": 18550.94, "Plan Rows": 1, "Plan Width": 8, "Actual Rows": 2, "Actual Loops": 1, "Workers Planned": 1, "Workers Launched": 1, "Single Copy": false, "Plans": [{"Node Type": "Aggregate", "Strategy": "Plain", "Partial Mode": "Partial", "Parent Relationship": "Outer", "Parallel Aware": false, "Async Capable": false, "Startup Cost": 17550.83, "Total Cost": 17550.84, "Plan Rows": 1, "Plan Width": 8, "Actual Rows": 1, "Actual Loops": 2, "Workers": [], "Plans": [{"Node Type": "Nested Loop", "Parent Relationship": "Outer", "Parallel Aware": false, "Async Capable": false, "Join Type": "Inner", "Startup Cost": 0.91, "Total Cost": 17067.44, "Plan Rows": 193356, "Plan Width": 0, "Actual Rows": 3336232, "Actual Loops": 2, "Inner Unique": false, "Join Filter": "(p.owneruserid = u.id)", "Rows Removed by Join Filter": 0, "Workers": [], "Plans": [{"Node Type": "Nested Loop", "Parent Relationship": "Outer", "Parallel Aware": false, "Async Capable": false, "Join Type": "Inner", "Startup Cost": 0.6, "Total Cost": 13221.68, "Plan Rows": 53294, "Plan Width": 12, "Actual Rows": 237645, "Actual Loops": 2, "Inner Unique": false, "Join Filter": "(b.userid = u.id)", "Rows Removed by Join Filter": 0, "Workers": [], "Plans": [{"Node Type": "Nested Loop", "Parent Relationship": "Outer", "Parallel Aware": false, "Async Capable": false, "Join Type": "Inner", "Startup Cost": 0.3, "Total Cost": 10624.94, "Plan Rows": 19584, "Plan Width": 8, "Actual Rows": 14130, "Actual Loops": 2, "Inner Unique": true, "Workers": [], "Plans": [{"Node Type": "Seq Scan", "Parent Relationship": "Outer", "Parallel Aware": true, "Async Capable": false, "Relation Name": "votes", "Alias": "v", "Startup Cost": 0.0, "Total Cost": 4572.24, "Plan Rows": 191603, "Plan Width": 4, "Actual Rows": 162972, "Actual Loops": 2, "Filter": "(creationdate <= '2014-09-06 00:00:00'::timestamp without time zone)", "Rows Removed by Filter": 1060, "Workers": []}, {"Node Type": "Memoize", "Parent Relationship": "Inner", "Parallel Aware": false, "Async Capable": false, "Startup Cost": 0.3, "Total Cost": 0.33, "Plan Rows": 1, "Plan Width": 4, "Actual Rows": 0, "Actual Loops": 325944, "Cache Key": "v.userid", "Cache Mode": "logical", "Cache Hits": 173950, "Cache Misses": 3816, "Cache Evictions": 0, "Cache Overflows": 0, "Peak Memory Usage": 373, "Workers": [{"Worker Number": 0, "Cache Hits": 144551, "Cache Misses": 3627, "Cache Evictions": 0, "Cache Overflows": 0, "Peak Memory Usage": 360}], "Plans": [{"Node Type": "Index Scan", "Parent Relationship": "Outer", "Parallel Aware": false, "Async Capable": false, "Scan Direction": "Forward", "Index Name": "users_pkey", "Relation Name": "users", "Alias": "u", "Startup Cost": 0.29, "Total Cost": 0.32, "Plan Rows": 1, "Plan Width": 4, "Actual Rows": 1, "Actual Loops": 7443, "Index Cond": "(id = v.userid)", "Rows Removed by Index Recheck": 0, "Filter": "(creationdate >= '2010-11-16 06:03:04'::timestamp without time zone)", "Rows Removed by Filter": 0, "Workers": []}]}]}, {"Node Type": "Memoize", "Parent Relationship": "Inner", "Parallel Aware": false, "Async Capable": false, "Startup Cost": 0.3, "Total Cost": 0.38, "Plan Rows": 3, "Plan Width": 4, "Actual Rows": 17, "Actual Loops": 28260, "Cache Key": "v.userid", "Cache Mode": "logical", "Cache Hits": 11125, "Cache Misses": 3398, "Cache Evictions": 0, "Cache Overflows": 0, "Peak Memory Usage": 925, "Workers": [{"Worker Number": 0, "Cache Hits": 10373, "Cache Misses": 3364, "Cache Evictions": 0, "Cache Overflows": 0, "Peak Memory Usage": 922}], "Plans": [{"Node Type": "Index Scan", "Parent Relationship": "Outer", "Parallel Aware": false, "Async Capable": false, "Scan Direction": "Forward", "Index Name": "idx_badges_userid", "Relation Name": "badges", "Alias": "b", "Startup Cost": 0.29, "Total Cost": 0.37, "Plan Rows": 3, "Plan Width": 4, "Actual Rows": 6, "Actual Loops": 6762, "Index Cond": "(userid = v.userid)", "Rows Removed by Index Recheck": 0, "Filter": "((date >= '2011-01-03 20:50:19'::timestamp without time zone) AND (date <= '2014-09-02 15:35:07'::timestamp without time zone))", "Rows Removed by Filter": 0, "Workers": []}]}]}, {"Node Type": "Memoize", "Parent Relationship": "Inner", "Parallel Aware": false, "Async Capable": false, "Startup Cost": 0.3, "Total Cost": 0.4, "Plan Rows": 2, "Plan Width": 4, "Actual Rows": 14, "Actual Loops": 475290, "Cache Key": "v.userid", "Cache Mode": "logical", "Cache Hits": 241676, "Cache Misses": 2721, "Cache Evictions": 0, "Cache Overflows": 0, "Peak Memory Usage": 567, "Workers": [{"Worker Number": 0, "Cache Hits": 228232, "Cache Misses": 2661, "Cache Evictions": 0, "Cache Overflows": 0, "Peak Memory Usage": 567}], "Plans": [{"Node Type": "Index Scan", "Parent Relationship": "Outer", "Parallel Aware": false, "Async Capable": false, "Scan Direction": "Forward", "Index Name": "idx_posts_owneruserid", "Relation Name": "posts", "Alias": "p", "Startup Cost": 0.29, "Total Cost": 0.39, "Plan Rows": 2, "Plan Width": 4, "Actual Rows": 4, "Actual Loops": 5382, "Index Cond": "(owneruserid = v.userid)", "Rows Removed by Index Recheck": 0, "Filter": "((score <= 48) AND (answercount <= 8))", "Rows Removed by Filter": 8, "Workers": []}]}]}]}]}]}, "Planning Time": 5.288, "Triggers": [], "Execution Time": 470.246}, {"Plan": {"Node Type": "Aggregate", "Strategy": "Plain", "Partial Mode": "Finalize", "Parallel Aware": false, "Async Capable": false, "Startup Cost": 42078.76, "Total Cost": 42078.77, "Plan Rows": 1, "Plan Width": 8, "Actual Rows": 1, "Actual Loops": 1, "Plans": [{"Node Type": "Gather", "Parent Relationship": "Outer", "Parallel Aware": false, "Async Capable": false, "Startup Cost": 42078.65, "Total Cost": 42078.76, "Plan Rows": 1, "Plan Width": 8, "Actual Rows": 2, "Actual Loops": 1, "Workers Planned": 1, "Workers Launched": 1, "Single Copy": false, "Plans": [{"Node Type": "Aggregate", "Strategy": "Plain", "Partial Mode": "Partial", "Parent Relationship": "Outer", "Parallel Aware": false, "Async Capable": false, "Startup Cost": 41078.65, "Total Cost": 41078.66, "Plan Rows": 1, "Plan Width": 8, "Actual Rows": 1, "Actual Loops": 2, "Workers": [], "Plans": [{"Node Type": "Merge Join", "Parent Relationship": "Outer", "Parallel Aware": false, "Async Capable": false, "Join Type": "Inner", "Startup Cost": 38352.08, "Total Cost": 40595.26, "Plan Rows": 193356, "Plan Width": 0, "Actual Rows": 3336232, "Actual Loops": 2, "Inner Unique": false, "Merge Cond": "(u.id = p.owneruserid)", "Workers": [], "Plans": [{"Node Type": "Merge Join", "Parent Relationship": "Outer", "Parallel Aware": false, "Async Capable": false, "Join Type": "Inner", "Startup Cost": 32844.44, "Total Cost": 34123.02, "Plan Rows": 53294, "Plan Width": 12, "Actual Rows": 237645, "Actual Loops": 2, "Inner Unique": false, "Merge Cond": "(u.id = b.userid)", "Workers": [], "Plans": [{"Node Type": "Merge Join", "Parent Relationship": "Outer", "Parallel Aware": false, "Async Capable": false, "Join Type": "Inner", "Startup Cost": 25156.04, "Total Cost": 25648.05, "Plan Rows": 19584, "Plan Width": 8, "Actual Rows": 14124, "Actual Loops": 2, "Inner Unique": true, "Merge Cond": "(v.userid = u.id)", "Workers": [], "Plans": [{"Node Type": "Sort", "Parent Relationship": "Outer", "Parallel Aware": false, "Async Capable": false, "Startup Cost": 21383.25, "Total Cost": 21862.26, "Plan Rows": 191603, "Plan Width": 4, "Actual Rows": 17260, "Actual Loops": 2, "Sort Key": ["v.userid"], "Sort Method": "quicksort", "Sort Space Used": 6145, "Sort Space Type": "Memory", "Workers": [{"Worker Number": 0, "Sort Method": "quicksort", "Sort Space Used": 3073, "Sort Space Type": "Memory"}], "Plans": [{"Node Type": "Seq Scan", "Parent Relationship": "Outer", "Parallel Aware": true, "Async Capable": false, "Relation Name": "votes", "Alias": "v", "Startup Cost": 0.0, "Total Cost": 4572.24, "Plan Rows": 191603, "Plan Width": 4, "Actual Rows": 162972, "Actual Loops": 2, "Filter": "(creationdate <= '2014-09-06 00:00:00'::timestamp without time zone)", "Rows Removed by Filter": 1060, "Workers": []}]}, {"Node Type": "Sort", "Parent Relationship": "Inner", "Parallel Aware": false, "Async Capable": false, "Startup Cost": 3772.79, "Total Cost": 3870.22, "Plan Rows": 38973, "Plan Width": 4, "Actual Rows": 38389, "Actual Loops": 2, "Sort Key": ["u.id"], "Sort Method": "quicksort", "Sort Space Used": 1537, "Sort Space Type": "Memory", "Workers": [{"Worker Number": 0, "Sort Method": "quicksort", "Sort Space Used": 1537, "Sort Space Type": "Memory"}], "Plans": [{"Node Type": "Seq Scan", "Parent Relationship": "Outer", "Parallel Aware": false, "Async Capable": false, "Relation Name": "users", "Alias": "u", "Startup Cost": 0.0, "Total Cost": 801.06, "Plan Rows": 38973, "Plan Width": 4, "Actual Rows": 38979, "Actual Loops": 2, "Filter": "(creationdate >= '2010-11-16 06:03:04'::timestamp without time zone)", "Rows Removed by Filter": 1346, "Workers": []}]}]}, {"Node Type": "Sort", "Parent Relationship": "Inner", "Parallel Aware": false, "Async Capable": false, "Startup Cost": 7688.37, "Total Cost": 7875.46, "Plan Rows": 74837, "Plan Width": 4, "Actual Rows": 293432, "Actual Loops": 2, "Sort Key": ["b.userid"], "Sort Method": "quicksort", "Sort Space Used": 3073, "Sort Space Type": "Memory", "Workers": [{"Worker Number": 0, "Sort Method": "quicksort", "Sort Space Used": 3073, "Sort Space Type": "Memory"}], "Plans": [{"Node Type": "Seq Scan", "Parent Relationship": "Outer", "Parallel Aware": false, "Async Capable": false, "Relation Name": "badges", "Alias": "b", "Startup Cost": 0.0, "Total Cost": 1629.76, "Plan Rows": 74837, "Plan Width": 4, "Actual Rows": 74827, "Actual Loops": 2, "Filter": "((date >= '2011-01-03 20:50:19'::timestamp without time zone) AND (date <= '2014-09-02 15:35:07'::timestamp without time zone))", "Rows Removed by Filter": 5024, "Workers": []}]}]}, {"Node Type": "Sort", "Parent Relationship": "Inner", "Parallel Aware": false, "Async Capable": false, "Startup Cost": 5507.64, "Total Cost": 5614.51, "Plan Rows": 42747, "Plan Width": 4, "Actual Rows": 3367365, "Actual Loops": 2, "Sort Key": ["p.owneruserid"], "Sort Method": "quicksort", "Sort Space Used": 1537, "Sort Space Type": "Memory", "Workers": [{"Worker Number": 0, "Sort Method": "quicksort", "Sort Space Used": 1537, "Sort Space Type": "Memory"}], "Plans": [{"Node Type": "Seq Scan", "Parent Relationship": "Outer", "Parallel Aware": false, "Async Capable": false, "Relation Name": "posts", "Alias": "p", "Startup Cost": 0.0, "Total Cost": 2219.64, "Plan Rows": 42747, "Plan Width": 4, "Actual Rows": 42797, "Actual Loops": 2, "Filter": "((score <= 48) AND (answercount <= 8))", "Rows Removed by Filter": 49179, "Workers": []}]}]}]}]}]}, "Planning Time": 3.59, "Triggers": [], "Execution Time": 434.65}, {"Plan": {"Node Type": "Aggregate", "Strategy": "Plain", "Partial Mode": "Finalize", "Parallel Aware": false, "Async Capable": false, "Startup Cost": 66654.6, "Total Cost": 66654.61, "Plan Rows": 1, "Plan Width": 8, "Actual Rows": 1, "Actual Loops": 1, "Plans": [{"Node Type": "Gather", "Parent Relationship": "Outer", "Parallel Aware": false, "Async Capable": false, "Startup Cost": 66654.49, "Total Cost": 66654.6, "Plan Rows": 1, "Plan Width": 8, "Actual Rows": 2, "Actual Loops": 1, "Workers Planned": 1, "Workers Launched": 1, "Single Copy": false, "Plans": [{"Node Type": "Aggregate", "Strategy": "Plain", "Partial Mode": "Partial", "Parent Relationship": "Outer", "Parallel Aware": false, "Async Capable": false, "Startup Cost": 65654.49, "Total Cost": 65654.5, "Plan Rows": 1, "Plan Width": 8, "Actual Rows": 1, "Actual Loops": 2, "Workers": [], "Plans": [{"Node Type": "Nested Loop", "Parent Relationship": "Outer", "Parallel Aware": false, "Async Capable": false, "Join Type": "Inner", "Startup Cost": 0.97, "Total Cost": 65171.1, "Plan Rows": 193356, "Plan Width": 0, "Actual Rows": 3336232, "Actual Loops": 2, "Inner Unique": false, "Join Filter": "(p.owneruserid = u.id)", "Rows Removed by Join Filter": 0, "Workers": [], "Plans": [{"Node Type": "Nested Loop", "Parent Relationship": "Outer", "Parallel Aware": false, "Async Capable": false, "Join Type": "Inner", "Startup Cost": 0.64, "Total Cost": 45292.9, "Plan Rows": 53294, "Plan Width": 12, "Actual Rows": 237645, "Actual Loops": 2, "Inner Unique": false, "Join Filter": "(b.userid = u.id)", "Rows Removed by Join Filter": 0, "Workers": [], "Plans": [{"Node Type": "Nested Loop", "Parent Relationship": "Outer", "Parallel Aware": false, "Async Capable": false, "Join Type": "Inner", "Startup Cost": 0.31, "Total Cost": 26653.18, "Plan Rows": 19584, "Plan Width": 8, "Actual Rows": 14130, "Actual Loops": 2, "Inner Unique": true, "Workers": [], "Plans": [{"Node Type": "Seq Scan", "Parent Relationship": "Outer", "Parallel Aware": true, "Async Capable": false, "Relation Name": "votes", "Alias": "v", "Startup Cost": 0.0, "Total Cost": 4572.24, "Plan Rows": 191603, "Plan Width": 4, "Actual Rows": 162972, "Actual Loops": 2, "Filter": "(creationdate <= '2014-09-06 00:00:00'::timestamp without time zone)", "Rows Removed by Filter": 1060, "Workers": []}, {"Node Type": "Memoize", "Parent Relationship": "Inner", "Parallel Aware": false, "Async Capable": false, "Startup Cost": 0.31, "Total Cost": 4.32, "Plan Rows": 1, "Plan Width": 4, "Actual Rows": 0, "Actual Loops": 325944, "Cache Key": "v.userid", "Cache Mode": "logical", "Cache Hits": 166274, "Cache Misses": 3689, "Cache Evictions": 0, "Cache Overflows": 0, "Peak Memory Usage": 360, "Workers": [{"Worker Number": 0, "Cache Hits": 152251, "Cache Misses": 3730, "Cache Evictions": 0, "Cache Overflows": 0, "Peak Memory Usage": 370}], "Plans": [{"Node Type": "Bitmap Heap Scan", "Parent Relationship": "Outer", "Parallel Aware": false, "Async Capable": false, "Relation Name": "users", "Alias": "u", "Startup Cost": 0.3, "Total Cost": 4.31, "Plan Rows": 1, "Plan Width": 4, "Actual Rows": 1, "Actual Loops": 7419, "Recheck Cond": "(v.userid = id)", "Rows Removed by Index Recheck": 0, "Filter": "(creationdate >= '2010-11-16 06:03:04'::timestamp without time zone)", "Rows Removed by Filter": 0, "Exact Heap Blocks": 3688, "Lossy Heap Blocks": 0, "Workers": [], "Plans": [{"Node Type": "Bitmap Index Scan", "Parent Relationship": "Outer", "Parallel Aware": false, "Async Capable": false, "Index Name": "users_pkey", "Startup Cost": 0.0, "Total Cost": 0.3, "Plan Rows": 1, "Plan Width": 0, "Actual Rows": 1, "Actual Loops": 7419, "Index Cond": "(id = v.userid)", "Workers": []}]}]}]}, {"Node Type": "Memoize", "Parent Relationship": "Inner", "Parallel Aware": false, "Async Capable": false, "Startup Cost": 0.33, "Total Cost": 4.38, "Plan Rows": 3, "Plan Width": 4, "Actual Rows": 17, "Actual Loops": 28260, "Cache Key": "v.userid", "Cache Mode": "logical", "Cache Hits": 10431, "Cache Misses": 3271, "Cache Evictions": 0, "Cache Overflows": 0, "Peak Memory Usage": 907, "Workers": [{"Worker Number": 0, "Cache Hits": 11089, "Cache Misses": 3469, "Cache Evictions": 0, "Cache Overflows": 0, "Peak Memory Usage": 929}], "Plans": [{"Node Type": "Bitmap Heap Scan", "Parent Relationship": "Outer", "Parallel Aware": false, "Async Capable": false, "Relation Name": "badges", "Alias": "b", "Startup Cost": 0.32, "Total Cost": 4.37, "Plan Rows": 3, "Plan Width": 4, "Actual Rows": 6, "Actual Loops": 6740, "Recheck Cond": "(v.userid = userid)", "Rows Removed by Index Recheck": 0, "Filter": "((date >= '2011-01-03 20:50:19'::timestamp without time zone) AND (date <= '2014-09-02 15:35:07'::timestamp without time zone))", "Rows Removed by Filter": 0, "Exact Heap Blocks": 14848, "Lossy Heap Blocks": 0, "Workers": [], "Plans": [{"Node Type": "Bitmap Index Scan", "Parent Relationship": "Outer", "Parallel Aware": false, "Async Capable": false, "Index Name": "idx_badges_userid", "Startup Cost": 0.0, "Total Cost": 0.32, "Plan Rows": 3, "Plan Width": 0, "Actual Rows": 6, "Actual Loops": 6740, "Index Cond": "(userid = v.userid)", "Workers": []}]}]}]}, {"Node Type": "Memoize", "Parent Relationship": "Inner", "Parallel Aware": false, "Async Capable": false, "Startup Cost": 0.33, "Total Cost": 4.4, "Plan Rows": 2, "Plan Width": 4, "Actual Rows": 14, "Actual Loops": 475290, "Cache Key": "v.userid", "Cache Mode": "logical", "Cache Hits": 230338, "Cache Misses": 2610, "Cache Evictions": 0, "Cache Overflows": 0, "Peak Memory Usage": 551, "Workers": [{"Worker Number": 0, "Cache Hits": 239602, "Cache Misses": 2740, "Cache Evictions": 0, "Cache Overflows": 0, "Peak Memory Usage": 569}], "Plans": [{"Node Type": "Bitmap Heap Scan", "Parent Relationship": "Outer", "Parallel Aware": false, "Async Capable": false, "Relation Name": "posts", "Alias": "p", "Startup Cost": 0.32, "Total Cost": 4.39, "Plan Rows": 2, "Plan Width": 4, "Actual Rows": 4, "Actual Loops": 5350, "Recheck Cond": "(v.userid = owneruserid)", "Rows Removed by Index Recheck": 0, "Filter": "((score <= 48) AND (answercount <= 8))", "Rows Removed by Filter": 8, "Exact Heap Blocks": 21839, "Lossy Heap Blocks": 0, "Workers": [], "Plans": [{"Node Type": "Bitmap Index Scan", "Parent Relationship": "Outer", "Parallel Aware": false, "Async Capable": false, "Index Name": "idx_posts_owneruserid", "Startup Cost": 0.0, "Total Cost": 0.32, "Plan Rows": 4, "Plan Width": 0, "Actual Rows": 12, "Actual Loops": 5350, "Index Cond": "(owneruserid = v.userid)", "Workers": []}]}]}]}]}]}]}, "Planning Time": 5.382, "Triggers": [], "Execution Time": 484.284}]