[{"Plan": {"Node Type": "Aggregate", "Strategy": "Plain", "Partial Mode": "Finalize", "Parallel Aware": false, "Async Capable": false, "Startup Cost": 21577.26, "Total Cost": 21577.27, "Plan Rows": 1, "Plan Width": 8, "Actual Rows": 1, "Actual Loops": 1, "Plans": [{"Node Type": "Gather", "Parent Relationship": "Outer", "Parallel Aware": false, "Async Capable": false, "Startup Cost": 21577.14, "Total Cost": 21577.25, "Plan Rows": 1, "Plan Width": 8, "Actual Rows": 2, "Actual Loops": 1, "Workers Planned": 1, "Workers Launched": 1, "Single Copy": false, "Plans": [{"Node Type": "Aggregate", "Strategy": "Plain", "Partial Mode": "Partial", "Parent Relationship": "Outer", "Parallel Aware": false, "Async Capable": false, "Startup Cost": 20577.14, "Total Cost": 20577.15, "Plan Rows": 1, "Plan Width": 8, "Actual Rows": 1, "Actual Loops": 2, "Workers": [], "Plans": [{"Node Type": "Hash Join", "Parent Relationship": "Outer", "Parallel Aware": true, "Async Capable": false, "Join Type": "Inner", "Startup Cost": 14676.3, "Total Cost": 20252.83, "Plan Rows": 129724, "Plan Width": 0, "Actual Rows": 785214, "Actual Loops": 2, "Inner Unique": false, "Hash Cond": "(v.postid = p.id)", "Workers": [], "Plans": [{"Node Type": "Seq Scan", "Parent Relationship": "Outer", "Parallel Aware": true, "Async Capable": false, "Relation Name": "votes", "Alias": "v", "Startup Cost": 0.0, "Total Cost": 4089.79, "Plan Rows": 192979, "Plan Width": 4, "Actual Rows": 164032, "Actual Loops": 2, "Workers": []}, {"Node Type": "Hash", "Parent Relationship": "Inner", "Parallel Aware": true, "Async Capable": false, "Startup Cost": 14221.69, "Total Cost": 14221.69, "Plan Rows": 36369, "Plan Width": 16, "Actual Rows": 97762, "Actual Loops": 2, "Hash Buckets": 262144, "Original Hash Buckets": 65536, "Hash Batches": 1, "Original Hash Batches": 1, "Peak Memory Usage": 12800, "Workers": [], "Plans": [{"Node Type": "Hash Join", "Parent Relationship": "Outer", "Parallel Aware": true, "Async Capable": false, "Join Type": "Inner", "Startup Cost": 8895.06, "Total Cost": 14221.69, "Plan Rows": 36369, "Plan Width": 16, "Actual Rows": 97762, "Actual Loops": 2, "Inner Unique": false, "Hash Cond": "(ph.postid = p.id)", "Workers": [], "Plans": [{"Node Type": "Seq Scan", "Parent Relationship": "Outer", "Parallel Aware": true, "Async Capable": false, "Relation Name": "posthistory", "Alias": "ph", "Startup Cost": 0.0, "Total Cost": 4469.32, "Plan Rows": 171568, "Plan Width": 4, "Actual Rows": 145832, "Actual Loops": 2, "Filter": "(creationdate >= '2010-11-27 03:38:45'::timestamp without time zone)", "Rows Removed by Filter": 5762, "Workers": []}, {"Node Type": "Hash", "Parent Relationship": "Inner", "Parallel Aware": true, "Async Capable": false, "Startup Cost": 8751.69, "Total Cost": 8751.69, "Plan Rows": 11469, "Plan Width": 12, "Actual Rows": 16077, "Actual Loops": 2, "Hash Buckets": 32768, "Original Hash Buckets": 32768, "Hash Batches": 1, "Original Hash Batches": 1, "Peak Memory Usage": 1792, "Workers": [], "Plans": [{"Node Type": "Hash Join", "Parent Relationship": "Outer", "Parallel Aware": false, "Async Capable": false, "Join Type": "Inner", "Startup Cost": 5628.11, "Total Cost": 8751.69, "Plan Rows": 11469, "Plan Width": 12, "Actual Rows": 16077, "Actual Loops": 2, "Inner Unique": false, "Hash Cond": "(c.postid = p.id)", "Workers": [], "Plans": [{"Node Type": "Seq Scan", "Parent Relationship": "Outer", "Parallel Aware": true, "Async Capable": false, "Relation Name": "comments", "Alias": "c", "Startup Cost": 0.0, "Total Cost": 2625.65, "Plan Rows": 102196, "Plan Width": 4, "Actual Rows": 86902, "Actual Loops": 2, "Filter": "(creationdate >= '2010-07-26 19:37:03'::timestamp without time zone)", "Rows Removed by Filter": 250, "Workers": []}, {"Node Type": "Hash", "Parent Relationship": "Inner", "Parallel Aware": false, "Async Capable": false, "Startup Cost": 5499.09, "Total Cost": 5499.09, "Plan Rows": 10322, "Plan Width": 8, "Actual Rows": 10354, "Actual Loops": 2, "Hash Buckets": 16384, "Original Hash Buckets": 16384, "Hash Batches": 1, "Original Hash Batches": 1, "Peak Memory Usage": 533, "Workers": [], "Plans": [{"Node Type": "Hash Join", "Parent Relationship": "Outer", "Parallel Aware": false, "Async Capable": false, "Join Type": "Inner", "Startup Cost": 5222.99, "Total Cost": 5499.09, "Plan Rows": 10322, "Plan Width": 8, "Actual Rows": 10354, "Actual Loops": 2, "Inner Unique": true, "Hash Cond": "(p.owneruserid = u.id)", "Workers": [], "Plans": [{"Node Type": "Hash Join", "Parent Relationship": "Outer", "Parallel Aware": false, "Async Capable": false, "Join Type": "Inner", "Startup Cost": 3817.06, "Total Cost": 4065.64, "Plan Rows": 10481, "Plan Width": 12, "Actual Rows": 10494, "Actual Loops": 2, "Inner Unique": true, "Hash Cond": "(pl.postid = p.id)", "Workers": [], "Plans": [{"Node Type": "Seq Scan", "Parent Relationship": "Outer", "Parallel Aware": false, "Async Capable": false, "Relation Name": "postlinks", "Alias": "pl", "Startup Cost": 0.0, "Total Cost": 220.78, "Plan Rows": 10593, "Plan Width": 4, "Actual Rows": 10593, "Actual Loops": 2, "Filter": "(creationdate <= '2014-08-05 18:27:51'::timestamp without time zone)", "Rows Removed by Filter": 509, "Workers": []}, {"Node Type": "Hash", "Parent Relationship": "Inner", "Parallel Aware": false, "Async Capable": false, "Startup Cost": 2679.52, "Total Cost": 2679.52, "Plan Rows": 91003, "Plan Width": 8, "Actual Rows": 91000, "Actual Loops": 2, "Hash Buckets": 131072, "Original Hash Buckets": 131072, "Hash Batches": 1, "Original Hash Batches": 1, "Peak Memory Usage": 4574, "Workers": [], "Plans": [{"Node Type": "Seq Scan", "Parent Relationship": "Outer", "Parallel Aware": false, "Async Capable": false, "Relation Name": "posts", "Alias": "p", "Startup Cost": 0.0, "Total Cost": 2679.52, "Plan Rows": 91003, "Plan Width": 8, "Actual Rows": 91000, "Actual Loops": 2, "Filter": "((score >= '-2'::integer) AND (commentcount <= 18) AND (creationdate >= '2010-07-21 13:50:08'::timestamp without time zone) AND (creationdate <= '2014-09-11 00:53:10'::timestamp without time zone))", "Rows Removed by Filter": 976, "Workers": []}]}]}, {"Node Type": "Hash", "Parent Relationship": "Inner", "Parallel Aware": false, "Async Capable": false, "Startup Cost": 901.88, "Total Cost": 901.88, "Plan Rows": 40325, "Plan Width": 4, "Actual Rows": 40325, "Actual Loops": 2, "Hash Buckets": 65536, "Original Hash Buckets": 65536, "Hash Batches": 1, "Original Hash Batches": 1, "Peak Memory Usage": 1930, "Workers": [], "Plans": [{"Node Type": "Seq Scan", "Parent Relationship": "Outer", "Parallel Aware": false, "Async Capable": false, "Relation Name": "users", "Alias": "u", "Startup Cost": 0.0, "Total Cost": 901.88, "Plan Rows": 40325, "Plan Width": 4, "Actual Rows": 40325, "Actual Loops": 2, "Filter": "((downvotes >= 0) AND (upvotes >= 0))", "Rows Removed by Filter": 0, "Workers": []}]}]}]}]}]}]}]}]}]}]}]}, "Planning Time": 11.501, "Triggers": [], "Execution Time": 377.134}, {"Plan": {"Node Type": "Aggregate", "Strategy": "Plain", "Partial Mode": "Simple", "Parallel Aware": false, "Async Capable": false, "Startup Cost": 60000162913.82, "Total Cost": 60000162913.83, "Plan Rows": 1, "Plan Width": 8, "Actual Rows": 1, "Actual Loops": 1, "Plans": [{"Node Type": "Hash Join", "Parent Relationship": "Outer", "Parallel Aware": false, "Async Capable": false, "Join Type": "Inner", "Startup Cost": 60000151969.69, "Total Cost": 60000162362.5, "Plan Rows": 220530, "Plan Width": 0, "Actual Rows": 1570429, "Actual Loops": 1, "Inner Unique": false, "Hash Cond": "(v.postid = p.id)", "Plans": [{"Node Type": "Index Only Scan", "Parent Relationship": "Outer", "Parallel Aware": false, "Async Capable": false, "Scan Direction": "Forward", "Index Name": "idx_votes_postid", "Relation Name": "votes", "Alias": "v", "Startup Cost": 10000000000.42, "Total Cost": 10000006957.68, "Plan Rows": 328064, "Plan Width": 4, "Actual Rows": 328064, "Actual Loops": 1, "Heap Fetches": 0}, {"Node Type": "Hash", "Parent Relationship": "Inner", "Parallel Aware": false, "Async Capable": false, "Startup Cost": 50000151196.42, "Total Cost": 50000151196.42, "Plan Rows": 61828, "Plan Width": 16, "Actual Rows": 195525, "Actual Loops": 1, "Hash Buckets": 262144, "Original Hash Buckets": 65536, "Hash Batches": 1, "Original Hash Batches": 1, "Peak Memory Usage": 11214, "Plans": [{"Node Type": "Nested Loop", "Parent Relationship": "Outer", "Parallel Aware": false, "Async Capable": false, "Join Type": "Inner", "Startup Cost": 50000000002.22, "Total Cost": 50000151196.42, "Plan Rows": 61828, "Plan Width": 16, "Actual Rows": 195525, "Actual Loops": 1, "Inner Unique": false, "Join Filter": "(p.id = ph.postid)", "Rows Removed by Join Filter": 0, "Plans": [{"Node Type": "Nested Loop", "Parent Relationship": "Outer", "Parallel Aware": false, "Async Capable": false, "Join Type": "Inner", "Startup Cost": 40000000001.56, "Total Cost": 40000114393.12, "Plan Rows": 19497, "Plan Width": 12, "Actual Rows": 32154, "Actual Loops": 1, "Inner Unique": false, "Join Filter": "(c.postid = p.id)", "Rows Removed by Join Filter": 0, "Plans": [{"Node Type": "Nested Loop", "Parent Relationship": "Outer", "Parallel Aware": false, "Async Capable": false, "Join Type": "Inner", "Startup Cost": 30000000000.99, "Total Cost": 30000079197.69, "Plan Rows": 10322, "Plan Width": 8, "Actual Rows": 10354, "Actual Loops": 1, "Inner Unique": true, "Plans": [{"Node Type": "Nested Loop", "Parent Relationship": "Outer", "Parallel Aware": false, "Async Capable": false, "Join Type": "Inner", "Startup Cost": 20000000000.69, "Total Cost": 20000033917.49, "Plan Rows": 10481, "Plan Width": 12, "Actual Rows": 10494, "Actual Loops": 1, "Inner Unique": true, "Plans": [{"Node Type": "Index Scan", "Parent Relationship": "Outer", "Parallel Aware": false, "Async Capable": false, "Scan Direction": "Forward", "Index Name": "idx_postlinks_postid", "Relation Name": "postlinks", "Alias": "pl", "Startup Cost": 10000000000.28, "Total Cost": 10000000423.05, "Plan Rows": 10593, "Plan Width": 4, "Actual Rows": 10593, "Actual Loops": 1, "Filter": "(creationdate <= '2014-08-05 18:27:51'::timestamp without time zone)", "Rows Removed by Filter": 509}, {"Node Type": "Memoize", "Parent Relationship": "Inner", "Parallel Aware": false, "Async Capable": false, "Startup Cost": 0.41, "Total Cost": 4.43, "Plan Rows": 1, "Plan Width": 8, "Actual Rows": 1, "Actual Loops": 10593, "Cache Key": "pl.postid", "Cache Mode": "logical", "Cache Hits": 3320, "Cache Misses": 7273, "Cache Evictions": 0, "Cache Overflows": 0, "Peak Memory Usage": 765, "Plans": [{"Node Type": "Bitmap Heap Scan", "Parent Relationship": "Outer", "Parallel Aware": false, "Async Capable": false, "Relation Name": "posts", "Alias": "p", "Startup Cost": 0.4, "Total Cost": 4.42, "Plan Rows": 1, "Plan Width": 8, "Actual Rows": 1, "Actual Loops": 7273, "Recheck Cond": "(id = pl.postid)", "Rows Removed by Index Recheck": 0, "Filter": "((score >= '-2'::integer) AND (commentcount <= 18) AND (creationdate >= '2010-07-21 13:50:08'::timestamp without time zone) AND (creationdate <= '2014-09-11 00:53:10'::timestamp without time zone))", "Rows Removed by Filter": 0, "Exact Heap Blocks": 7273, "Lossy Heap Blocks": 0, "Plans": [{"Node Type": "Bitmap Index Scan", "Parent Relationship": "Outer", "Parallel Aware": false, "Async Capable": false, "Index Name": "posts_pkey", "Startup Cost": 0.0, "Total Cost": 0.4, "Plan Rows": 1, "Plan Width": 0, "Actual Rows": 1, "Actual Loops": 7273, "Index Cond": "(id = pl.postid)"}]}]}]}, {"Node Type": "Bitmap Heap Scan", "Parent Relationship": "Inner", "Parallel Aware": false, "Async Capable": false, "Relation Name": "users", "Alias": "u", "Startup Cost": 0.3, "Total Cost": 4.32, "Plan Rows": 1, "Plan Width": 4, "Actual Rows": 1, "Actual Loops": 10494, "Recheck Cond": "(p.owneruserid = id)", "Rows Removed by Index Recheck": 0, "Filter": "((downvotes >= 0) AND (upvotes >= 0))", "Rows Removed by Filter": 0, "Exact Heap Blocks": 10354, "Lossy Heap Blocks": 0, "Plans": [{"Node Type": "Bitmap Index Scan", "Parent Relationship": "Outer", "Parallel Aware": false, "Async Capable": false, "Index Name": "users_pkey", "Startup Cost": 0.0, "Total Cost": 0.3, "Plan Rows": 1, "Plan Width": 0, "Actual Rows": 1, "Actual Loops": 10494, "Index Cond": "(id = p.owneruserid)"}]}]}, {"Node Type": "Memoize", "Parent Relationship": "Inner", "Parallel Aware": false, "Async Capable": false, "Startup Cost": 0.57, "Total Cost": 4.61, "Plan Rows": 3, "Plan Width": 4, "Actual Rows": 3, "Actual Loops": 10354, "Cache Key": "pl.postid", "Cache Mode": "logical", "Cache Hits": 3240, "Cache Misses": 7114, "Cache Evictions": 0, "Cache Overflows": 0, "Peak Memory Usage": 1216, "Plans": [{"Node Type": "Bitmap Heap Scan", "Parent Relationship": "Outer", "Parallel Aware": false, "Async Capable": false, "Relation Name": "comments", "Alias": "c", "Startup Cost": 0.56, "Total Cost": 4.6, "Plan Rows": 3, "Plan Width": 4, "Actual Rows": 3, "Actual Loops": 7114, "Recheck Cond": "(postid = pl.postid)", "Rows Removed by Index Recheck": 0, "Filter": "(creationdate >= '2010-07-26 19:37:03'::timestamp without time zone)", "Rows Removed by Filter": 0, "Exact Heap Blocks": 8889, "Lossy Heap Blocks": 0, "Plans": [{"Node Type": "Bitmap Index Scan", "Parent Relationship": "Outer", "Parallel Aware": false, "Async Capable": false, "Index Name": "idx_comments_postid", "Startup Cost": 0.0, "Total Cost": 0.56, "Plan Rows": 3, "Plan Width": 0, "Actual Rows": 3, "Actual Loops": 7114, "Index Cond": "(postid = pl.postid)"}]}]}]}, {"Node Type": "Memoize", "Parent Relationship": "Inner", "Parallel Aware": false, "Async Capable": false, "Startup Cost": 0.66, "Total Cost": 4.72, "Plan Rows": 4, "Plan Width": 4, "Actual Rows": 6, "Actual Loops": 32154, "Cache Key": "pl.postid", "Cache Mode": "logical", "Cache Hits": 26575, "Cache Misses": 5579, "Cache Evictions": 0, "Cache Overflows": 0, "Peak Memory Usage": 1467, "Plans": [{"Node Type": "Bitmap Heap Scan", "Parent Relationship": "Outer", "Parallel Aware": false, "Async Capable": false, "Relation Name": "posthistory", "Alias": "ph", "Startup Cost": 0.65, "Total Cost": 4.71, "Plan Rows": 4, "Plan Width": 4, "Actual Rows": 6, "Actual Loops": 5579, "Recheck Cond": "(pl.postid = postid)", "Rows Removed by Index Recheck": 0, "Filter": "(creationdate >= '2010-11-27 03:38:45'::timestamp without time zone)", "Rows Removed by Filter": 0, "Exact Heap Blocks": 9893, "Lossy Heap Blocks": 0, "Plans": [{"Node Type": "Bitmap Index Scan", "Parent Relationship": "Outer", "Parallel Aware": false, "Async Capable": false, "Index Name": "idx_posthistory_postid", "Startup Cost": 0.0, "Total Cost": 0.64, "Plan Rows": 4, "Plan Width": 0, "Actual Rows": 6, "Actual Loops": 5579, "Index Cond": "(postid = pl.postid)"}]}]}]}]}]}]}, "Planning Time": 14.434, "Triggers": [], "Execution Time": 490.403}, {"Plan": {"Node Type": "Aggregate", "Strategy": "Plain", "Partial Mode": "Finalize", "Parallel Aware": false, "Async Capable": false, "Startup Cost": 30436.36, "Total Cost": 30436.37, "Plan Rows": 1, "Plan Width": 8, "Actual Rows": 1, "Actual Loops": 1, "Plans": [{"Node Type": "Gather", "Parent Relationship": "Outer", "Parallel Aware": false, "Async Capable": false, "Startup Cost": 30436.24, "Total Cost": 30436.35, "Plan Rows": 1, "Plan Width": 8, "Actual Rows": 2, "Actual Loops": 1, "Workers Planned": 1, "Workers Launched": 1, "Single Copy": false, "Plans": [{"Node Type": "Aggregate", "Strategy": "Plain", "Partial Mode": "Partial", "Parent Relationship": "Outer", "Parallel Aware": false, "Async Capable": false, "Startup Cost": 29436.24, "Total Cost": 29436.25, "Plan Rows": 1, "Plan Width": 8, "Actual Rows": 1, "Actual Loops": 2, "Workers": [], "Plans": [{"Node Type": "Hash Join", "Parent Relationship": "Outer", "Parallel Aware": true, "Async Capable": false, "Join Type": "Inner", "Startup Cost": 19657.5, "Total Cost": 29111.93, "Plan Rows": 129724, "Plan Width": 0, "Actual Rows": 785214, "Actual Loops": 2, "Inner Unique": false, "Hash Cond": "(ph.postid = p.id)", "Workers": [], "Plans": [{"Node Type": "Index Scan", "Parent Relationship": "Outer", "Parallel Aware": true, "Async Capable": false, "Scan Direction": "Forward", "Index Name": "idx_posthistory_postid", "Relation Name": "posthistory", "Alias": "ph", "Startup Cost": 0.42, "Total Cost": 8270.95, "Plan Rows": 171568, "Plan Width": 4, "Actual Rows": 145832, "Actual Loops": 2, "Filter": "(creationdate >= '2010-11-27 03:38:45'::timestamp without time zone)", "Rows Removed by Filter": 5762, "Workers": []}, {"Node Type": "Hash", "Parent Relationship": "Inner", "Parallel Aware": true, "Async Capable": false, "Startup Cost": 19294.87, "Total Cost": 19294.87, "Plan Rows": 28977, "Plan Width": 16, "Actual Rows": 122882, "Actual Loops": 2, "Hash Buckets": 262144, "Original Hash Buckets": 131072, "Hash Batches": 1, "Original Hash Batches": 1, "Peak Memory Usage": 14624, "Workers": [], "Plans": [{"Node Type": "Hash Join", "Parent Relationship": "Outer", "Parallel Aware": true, "Async Capable": false, "Join Type": "Inner", "Startup Cost": 13568.27, "Total Cost": 19294.87, "Plan Rows": 28977, "Plan Width": 16, "Actual Rows": 122882, "Actual Loops": 2, "Inner Unique": false, "Hash Cond": "(v.postid = p.id)", "Workers": [], "Plans": [{"Node Type": "Index Only Scan", "Parent Relationship": "Outer", "Parallel Aware": true, "Async Capable": false, "Scan Direction": "Forward", "Index Name": "idx_votes_postid", "Relation Name": "votes", "Alias": "v", "Startup Cost": 0.42, "Total Cost": 5043.98, "Plan Rows": 136693, "Plan Width": 4, "Actual Rows": 164032, "Actual Loops": 2, "Heap Fetches": 0, "Workers": []}, {"Node Type": "Hash", "Parent Relationship": "Inner", "Parallel Aware": true, "Async Capable": false, "Startup Cost": 13424.48, "Total Cost": 13424.48, "Plan Rows": 11469, "Plan Width": 12, "Actual Rows": 16077, "Actual Loops": 2, "Hash Buckets": 32768, "Original Hash Buckets": 32768, "Hash Batches": 1, "Original Hash Batches": 1, "Peak Memory Usage": 1824, "Workers": [], "Plans": [{"Node Type": "Hash Join", "Parent Relationship": "Outer", "Parallel Aware": false, "Async Capable": false, "Join Type": "Inner", "Startup Cost": 7967.13, "Total Cost": 13424.48, "Plan Rows": 11469, "Plan Width": 12, "Actual Rows": 16077, "Actual Loops": 2, "Inner Unique": false, "Hash Cond": "(c.postid = p.id)", "Workers": [], "Plans": [{"Node Type": "Index Scan", "Parent Relationship": "Outer", "Parallel Aware": true, "Async Capable": false, "Scan Direction": "Forward", "Index Name": "idx_comments_postid", "Relation Name": "comments", "Alias": "c", "Startup Cost": 0.42, "Total Cost": 4959.84, "Plan Rows": 102196, "Plan Width": 4, "Actual Rows": 86902, "Actual Loops": 2, "Filter": "(creationdate >= '2010-07-26 19:37:03'::timestamp without time zone)", "Rows Removed by Filter": 250, "Workers": []}, {"Node Type": "Hash", "Parent Relationship": "Inner", "Parallel Aware": false, "Async Capable": false, "Startup Cost": 7837.69, "Total Cost": 7837.69, "Plan Rows": 10322, "Plan Width": 8, "Actual Rows": 10354, "Actual Loops": 2, "Hash Buckets": 16384, "Original Hash Buckets": 16384, "Hash Batches": 1, "Original Hash Batches": 1, "Peak Memory Usage": 533, "Workers": [], "Plans": [{"Node Type": "Hash Join", "Parent Relationship": "Outer", "Parallel Aware": false, "Async Capable": false, "Join Type": "Inner", "Startup Cost": 7359.6, "Total Cost": 7837.69, "Plan Rows": 10322, "Plan Width": 8, "Actual Rows": 10354, "Actual Loops": 2, "Inner Unique": true, "Hash Cond": "(p.owneruserid = u.id)", "Workers": [], "Plans": [{"Node Type": "Hash Join", "Parent Relationship": "Outer", "Parallel Aware": false, "Async Capable": false, "Join Type": "Inner", "Startup Cost": 5296.75, "Total Cost": 5747.32, "Plan Rows": 10481, "Plan Width": 12, "Actual Rows": 10494, "Actual Loops": 2, "Inner Unique": true, "Hash Cond": "(pl.postid = p.id)", "Workers": [], "Plans": [{"Node Type": "Index Scan", "Parent Relationship": "Outer", "Parallel Aware": false, "Async Capable": false, "Scan Direction": "Forward", "Index Name": "idx_postlinks_postid", "Relation Name": "postlinks", "Alias": "pl", "Startup Cost": 0.29, "Total Cost": 423.05, "Plan Rows": 10593, "Plan Width": 4, "Actual Rows": 10593, "Actual Loops": 2, "Filter": "(creationdate <= '2014-08-05 18:27:51'::timestamp without time zone)", "Rows Removed by Filter": 509, "Workers": []}, {"Node Type": "Hash", "Parent Relationship": "Inner", "Parallel Aware": false, "Async Capable": false, "Startup Cost": 4158.93, "Total Cost": 4158.93, "Plan Rows": 91003, "Plan Width": 8, "Actual Rows": 91000, "Actual Loops": 2, "Hash Buckets": 131072, "Original Hash Buckets": 131072, "Hash Batches": 1, "Original Hash Batches": 1, "Peak Memory Usage": 4574, "Workers": [], "Plans": [{"Node Type": "Index Scan", "Parent Relationship": "Outer", "Parallel Aware": false, "Async Capable": false, "Scan Direction": "Forward", "Index Name": "posts_pkey", "Relation Name": "posts", "Alias": "p", "Startup Cost": 0.29, "Total Cost": 4158.93, "Plan Rows": 91003, "Plan Width": 8, "Actual Rows": 91000, "Actual Loops": 2, "Filter": "((score >= '-2'::integer) AND (commentcount <= 18) AND (creationdate >= '2010-07-21 13:50:08'::timestamp without time zone) AND (creationdate <= '2014-09-11 00:53:10'::timestamp without time zone))", "Rows Removed by Filter": 976, "Workers": []}]}]}, {"Node Type": "Hash", "Parent Relationship": "Inner", "Parallel Aware": false, "Async Capable": false, "Startup Cost": 1558.79, "Total Cost": 1558.79, "Plan Rows": 40325, "Plan Width": 4, "Actual Rows": 40325, "Actual Loops": 2, "Hash Buckets": 65536, "Original Hash Buckets": 65536, "Hash Batches": 1, "Original Hash Batches": 1, "Peak Memory Usage": 1930, "Workers": [], "Plans": [{"Node Type": "Index Scan", "Parent Relationship": "Outer", "Parallel Aware": false, "Async Capable": false, "Scan Direction": "Forward", "Index Name": "users_pkey", "Relation Name": "users", "Alias": "u", "Startup Cost": 0.29, "Total Cost": 1558.79, "Plan Rows": 40325, "Plan Width": 4, "Actual Rows": 40325, "Actual Loops": 2, "Filter": "((downvotes >= 0) AND (upvotes >= 0))", "Rows Removed by Filter": 0, "Workers": []}]}]}]}]}]}]}]}]}]}]}]}, "Planning Time": 13.572, "Triggers": [], "Execution Time": 484.419}, {"Plan": {"Node Type": "Aggregate", "Strategy": "Plain", "Partial Mode": "Finalize", "Parallel Aware": false, "Async Capable": false, "Startup Cost": 29435.33, "Total Cost": 29435.34, "Plan Rows": 1, "Plan Width": 8, "Actual Rows": 1, "Actual Loops": 1, "Plans": [{"Node Type": "Gather", "Parent Relationship": "Outer", "Parallel Aware": false, "Async Capable": false, "Startup Cost": 29435.21, "Total Cost": 29435.32, "Plan Rows": 1, "Plan Width": 8, "Actual Rows": 2, "Actual Loops": 1, "Workers Planned": 1, "Workers Launched": 1, "Single Copy": false, "Plans": [{"Node Type": "Aggregate", "Strategy": "Plain", "Partial Mode": "Partial", "Parent Relationship": "Outer", "Parallel Aware": false, "Async Capable": false, "Startup Cost": 28435.21, "Total Cost": 28435.22, "Plan Rows": 1, "Plan Width": 8, "Actual Rows": 1, "Actual Loops": 2, "Workers": [], "Plans": [{"Node Type": "Hash Join", "Parent Relationship": "Outer", "Parallel Aware": true, "Async Capable": false, "Join Type": "Inner", "Startup Cost": 18656.47, "Total Cost": 28110.9, "Plan Rows": 129724, "Plan Width": 0, "Actual Rows": 785214, "Actual Loops": 2, "Inner Unique": false, "Hash Cond": "(ph.postid = p.id)", "Workers": [], "Plans": [{"Node Type": "Index Scan", "Parent Relationship": "Outer", "Parallel Aware": true, "Async Capable": false, "Scan Direction": "Forward", "Index Name": "idx_posthistory_postid", "Relation Name": "posthistory", "Alias": "ph", "Startup Cost": 0.42, "Total Cost": 8270.95, "Plan Rows": 171568, "Plan Width": 4, "Actual Rows": 145832, "Actual Loops": 2, "Filter": "(creationdate >= '2010-11-27 03:38:45'::timestamp without time zone)", "Rows Removed by Filter": 5762, "Workers": []}, {"Node Type": "Hash", "Parent Relationship": "Inner", "Parallel Aware": true, "Async Capable": false, "Startup Cost": 18293.84, "Total Cost": 18293.84, "Plan Rows": 28977, "Plan Width": 16, "Actual Rows": 122882, "Actual Loops": 2, "Hash Buckets": 262144, "Original Hash Buckets": 131072, "Hash Batches": 1, "Original Hash Batches": 1, "Peak Memory Usage": 14624, "Workers": [], "Plans": [{"Node Type": "Hash Join", "Parent Relationship": "Outer", "Parallel Aware": true, "Async Capable": false, "Join Type": "Inner", "Startup Cost": 12567.24, "Total Cost": 18293.84, "Plan Rows": 28977, "Plan Width": 16, "Actual Rows": 122882, "Actual Loops": 2, "Inner Unique": false, "Hash Cond": "(v.postid = p.id)", "Workers": [], "Plans": [{"Node Type": "Index Only Scan", "Parent Relationship": "Outer", "Parallel Aware": true, "Async Capable": false, "Scan Direction": "Forward", "Index Name": "idx_votes_postid", "Relation Name": "votes", "Alias": "v", "Startup Cost": 0.42, "Total Cost": 5043.98, "Plan Rows": 136693, "Plan Width": 4, "Actual Rows": 164032, "Actual Loops": 2, "Heap Fetches": 0, "Workers": []}, {"Node Type": "Hash", "Parent Relationship": "Inner", "Parallel Aware": true, "Async Capable": false, "Startup Cost": 12423.45, "Total Cost": 12423.45, "Plan Rows": 11469, "Plan Width": 12, "Actual Rows": 16077, "Actual Loops": 2, "Hash Buckets": 32768, "Original Hash Buckets": 32768, "Hash Batches": 1, "Original Hash Batches": 1, "Peak Memory Usage": 1824, "Workers": [], "Plans": [{"Node Type": "Hash Join", "Parent Relationship": "Outer", "Parallel Aware": false, "Async Capable": false, "Join Type": "Inner", "Startup Cost": 2063.99, "Total Cost": 12423.45, "Plan Rows": 11469, "Plan Width": 12, "Actual Rows": 16077, "Actual Loops": 2, "Inner Unique": true, "Hash Cond": "(p.owneruserid = u.id)", "Workers": [], "Plans": [{"Node Type": "Merge Join", "Parent Relationship": "Outer", "Parallel Aware": false, "Async Capable": false, "Join Type": "Inner", "Startup Cost": 1.14, "Total Cost": 10330.03, "Plan Rows": 11645, "Plan Width": 16, "Actual Rows": 16273, "Actual Loops": 2, "Inner Unique": false, "Merge Cond": "(c.postid = p.id)", "Workers": [], "Plans": [{"Node Type": "Index Scan", "Parent Relationship": "Outer", "Parallel Aware": true, "Async Capable": false, "Scan Direction": "Forward", "Index Name": "idx_comments_postid", "Relation Name": "comments", "Alias": "c", "Startup Cost": 0.42, "Total Cost": 4959.84, "Plan Rows": 102196, "Plan Width": 4, "Actual Rows": 83521, "Actual Loops": 2, "Filter": "(creationdate >= '2010-07-26 19:37:03'::timestamp without time zone)", "Rows Removed by Filter": 250, "Workers": []}, {"Node Type": "Materialize", "Parent Relationship": "Inner", "Parallel Aware": false, "Async Capable": false, "Startup Cost": 0.72, "Total Cost": 4966.21, "Plan Rows": 10481, "Plan Width": 12, "Actual Rows": 22579, "Actual Loops": 2, "Workers": [], "Plans": [{"Node Type": "Merge Join", "Parent Relationship": "Outer", "Parallel Aware": false, "Async Capable": false, "Join Type": "Inner", "Startup Cost": 0.72, "Total Cost": 4940.01, "Plan Rows": 10481, "Plan Width": 12, "Actual Rows": 10494, "Actual Loops": 2, "Inner Unique": false, "Merge Cond": "(p.id = pl.postid)", "Workers": [], "Plans": [{"Node Type": "Index Scan", "Parent Relationship": "Outer", "Parallel Aware": false, "Async Capable": false, "Scan Direction": "Forward", "Index Name": "posts_pkey", "Relation Name": "posts", "Alias": "p", "Startup Cost": 0.29, "Total Cost": 4158.93, "Plan Rows": 91003, "Plan Width": 8, "Actual Rows": 87138, "Actual Loops": 2, "Filter": "((score >= '-2'::integer) AND (commentcount <= 18) AND (creationdate >= '2010-07-21 13:50:08'::timestamp without time zone) AND (creationdate <= '2014-09-11 00:53:10'::timestamp without time zone))", "Rows Removed by Filter": 676, "Workers": []}, {"Node Type": "Index Scan", "Parent Relationship": "Inner", "Parallel Aware": false, "Async Capable": false, "Scan Direction": "Forward", "Index Name": "idx_postlinks_postid", "Relation Name": "postlinks", "Alias": "pl", "Startup Cost": 0.29, "Total Cost": 423.05, "Plan Rows": 10593, "Plan Width": 4, "Actual Rows": 10593, "Actual Loops": 2, "Filter": "(creationdate <= '2014-08-05 18:27:51'::timestamp without time zone)", "Rows Removed by Filter": 509, "Workers": []}]}]}]}, {"Node Type": "Hash", "Parent Relationship": "Inner", "Parallel Aware": false, "Async Capable": false, "Startup Cost": 1558.79, "Total Cost": 1558.79, "Plan Rows": 40325, "Plan Width": 4, "Actual Rows": 40325, "Actual Loops": 2, "Hash Buckets": 65536, "Original Hash Buckets": 65536, "Hash Batches": 1, "Original Hash Batches": 1, "Peak Memory Usage": 1930, "Workers": [], "Plans": [{"Node Type": "Index Scan", "Parent Relationship": "Outer", "Parallel Aware": false, "Async Capable": false, "Scan Direction": "Forward", "Index Name": "users_pkey", "Relation Name": "users", "Alias": "u", "Startup Cost": 0.29, "Total Cost": 1558.79, "Plan Rows": 40325, "Plan Width": 4, "Actual Rows": 40325, "Actual Loops": 2, "Filter": "((downvotes >= 0) AND (upvotes >= 0))", "Rows Removed by Filter": 0, "Workers": []}]}]}]}]}]}]}]}]}]}, "Planning Time": 10.626, "Triggers": [], "Execution Time": 427.908}, {"Plan": {"Node Type": "Aggregate", "Strategy": "Plain", "Partial Mode": "Finalize", "Parallel Aware": false, "Async Capable": false, "Startup Cost": 27267.6, "Total Cost": 27267.61, "Plan Rows": 1, "Plan Width": 8, "Actual Rows": 1, "Actual Loops": 1, "Plans": [{"Node Type": "Gather", "Parent Relationship": "Outer", "Parallel Aware": false, "Async Capable": false, "Startup Cost": 27267.39, "Total Cost": 27267.6, "Plan Rows": 2, "Plan Width": 8, "Actual Rows": 3, "Actual Loops": 1, "Workers Planned": 2, "Workers Launched": 2, "Single Copy": false, "Plans": [{"Node Type": "Aggregate", "Strategy": "Plain", "Partial Mode": "Partial", "Parent Relationship": "Outer", "Parallel Aware": false, "Async Capable": false, "Startup Cost": 26267.39, "Total Cost": 26267.4, "Plan Rows": 1, "Plan Width": 8, "Actual Rows": 1, "Actual Loops": 3, "Workers": [], "Plans": [{"Node Type": "Hash Join", "Parent Relationship": "Outer", "Parallel Aware": true, "Async Capable": false, "Join Type": "Inner", "Startup Cost": 19941.01, "Total Cost": 26037.67, "Plan Rows": 91888, "Plan Width": 0, "Actual Rows": 523476, "Actual Loops": 3, "Inner Unique": false, "Hash Cond": "(v.postid = p.id)", "Workers": [], "Plans": [{"Node Type": "Index Only Scan", "Parent Relationship": "Outer", "Parallel Aware": true, "Async Capable": false, "Scan Direction": "Forward", "Index Name": "idx_votes_postid", "Relation Name": "votes", "Alias": "v", "Startup Cost": 0.42, "Total Cost": 5043.98, "Plan Rows": 136693, "Plan Width": 4, "Actual Rows": 109355, "Actual Loops": 3, "Heap Fetches": 0, "Workers": []}, {"Node Type": "Hash", "Parent Relationship": "Inner", "Parallel Aware": true, "Async Capable": false, "Startup Cost": 19485.97, "Total Cost": 19485.97, "Plan Rows": 36369, "Plan Width": 16, "Actual Rows": 65175, "Actual Loops": 3, "Hash Buckets": 262144, "Original Hash Buckets": 65536, "Hash Batches": 1, "Original Hash Batches": 1, "Peak Memory Usage": 12800, "Workers": [], "Plans": [{"Node Type": "Nested Loop", "Parent Relationship": "Outer", "Parallel Aware": false, "Async Capable": false, "Join Type": "Inner", "Startup Cost": 2064.42, "Total Cost": 19485.97, "Plan Rows": 36369, "Plan Width": 16, "Actual Rows": 65175, "Actual Loops": 3, "Inner Unique": false, "Join Filter": "(p.id = ph.postid)", "Rows Removed by Join Filter": 0, "Workers": [], "Plans": [{"Node Type": "Hash Join", "Parent Relationship": "Outer", "Parallel Aware": false, "Async Capable": false, "Join Type": "Inner", "Startup Cost": 2063.99, "Total Cost": 12423.45, "Plan Rows": 11469, "Plan Width": 12, "Actual Rows": 10718, "Actual Loops": 3, "Inner Unique": true, "Hash Cond": "(p.owneruserid = u.id)", "Workers": [], "Plans": [{"Node Type": "Merge Join", "Parent Relationship": "Outer", "Parallel Aware": false, "Async Capable": false, "Join Type": "Inner", "Startup Cost": 1.14, "Total Cost": 10330.03, "Plan Rows": 11645, "Plan Width": 16, "Actual Rows": 10849, "Actual Loops": 3, "Inner Unique": false, "Merge Cond": "(c.postid = p.id)", "Workers": [], "Plans": [{"Node Type": "Index Scan", "Parent Relationship": "Outer", "Parallel Aware": true, "Async Capable": false, "Scan Direction": "Forward", "Index Name": "idx_comments_postid", "Relation Name": "comments", "Alias": "c", "Startup Cost": 0.42, "Total Cost": 4959.84, "Plan Rows": 102196, "Plan Width": 4, "Actual Rows": 55681, "Actual Loops": 3, "Filter": "(creationdate >= '2010-07-26 19:37:03'::timestamp without time zone)", "Rows Removed by Filter": 167, "Workers": []}, {"Node Type": "Materialize", "Parent Relationship": "Inner", "Parallel Aware": false, "Async Capable": false, "Startup Cost": 0.72, "Total Cost": 4966.21, "Plan Rows": 10481, "Plan Width": 12, "Actual Rows": 18551, "Actual Loops": 3, "Workers": [], "Plans": [{"Node Type": "Merge Join", "Parent Relationship": "Outer", "Parallel Aware": false, "Async Capable": false, "Join Type": "Inner", "Startup Cost": 0.72, "Total Cost": 4940.01, "Plan Rows": 10481, "Plan Width": 12, "Actual Rows": 10494, "Actual Loops": 3, "Inner Unique": false, "Merge Cond": "(p.id = pl.postid)", "Workers": [], "Plans": [{"Node Type": "Index Scan", "Parent Relationship": "Outer", "Parallel Aware": false, "Async Capable": false, "Scan Direction": "Forward", "Index Name": "posts_pkey", "Relation Name": "posts", "Alias": "p", "Startup Cost": 0.29, "Total Cost": 4158.93, "Plan Rows": 91003, "Plan Width": 8, "Actual Rows": 87138, "Actual Loops": 3, "Filter": "((score >= '-2'::integer) AND (commentcount <= 18) AND (creationdate >= '2010-07-21 13:50:08'::timestamp without time zone) AND (creationdate <= '2014-09-11 00:53:10'::timestamp without time zone))", "Rows Removed by Filter": 676, "Workers": []}, {"Node Type": "Index Scan", "Parent Relationship": "Inner", "Parallel Aware": false, "Async Capable": false, "Scan Direction": "Forward", "Index Name": "idx_postlinks_postid", "Relation Name": "postlinks", "Alias": "pl", "Startup Cost": 0.29, "Total Cost": 423.05, "Plan Rows": 10593, "Plan Width": 4, "Actual Rows": 10593, "Actual Loops": 3, "Filter": "(creationdate <= '2014-08-05 18:27:51'::timestamp without time zone)", "Rows Removed by Filter": 509, "Workers": []}]}]}]}, {"Node Type": "Hash", "Parent Relationship": "Inner", "Parallel Aware": false, "Async Capable": false, "Startup Cost": 1558.79, "Total Cost": 1558.79, "Plan Rows": 40325, "Plan Width": 4, "Actual Rows": 40325, "Actual Loops": 3, "Hash Buckets": 65536, "Original Hash Buckets": 65536, "Hash Batches": 1, "Original Hash Batches": 1, "Peak Memory Usage": 1930, "Workers": [], "Plans": [{"Node Type": "Index Scan", "Parent Relationship": "Outer", "Parallel Aware": false, "Async Capable": false, "Scan Direction": "Forward", "Index Name": "users_pkey", "Relation Name": "users", "Alias": "u", "Startup Cost": 0.29, "Total Cost": 1558.79, "Plan Rows": 40325, "Plan Width": 4, "Actual Rows": 40325, "Actual Loops": 3, "Filter": "((downvotes >= 0) AND (upvotes >= 0))", "Rows Removed by Filter": 0, "Workers": []}]}]}, {"Node Type": "Index Scan", "Parent Relationship": "Inner", "Parallel Aware": false, "Async Capable": false, "Scan Direction": "Forward", "Index Name": "idx_posthistory_postid", "Relation Name": "posthistory", "Alias": "ph", "Startup Cost": 0.42, "Total Cost": 0.57, "Plan Rows": 4, "Plan Width": 4, "Actual Rows": 6, "Actual Loops": 32154, "Index Cond": "(postid = c.postid)", "Rows Removed by Index Recheck": 0, "Filter": "(creationdate >= '2010-11-27 03:38:45'::timestamp without time zone)", "Rows Removed by Filter": 0, "Workers": []}]}]}]}]}]}]}, "Planning Time": 9.539, "Triggers": [], "Execution Time": 255.779}, {"Plan": {"Node Type": "Aggregate", "Strategy": "Plain", "Partial Mode": "Finalize", "Parallel Aware": false, "Async Capable": false, "Startup Cost": 28268.63, "Total Cost": 28268.64, "Plan Rows": 1, "Plan Width": 8, "Actual Rows": 1, "Actual Loops": 1, "Plans": [{"Node Type": "Gather", "Parent Relationship": "Outer", "Parallel Aware": false, "Async Capable": false, "Startup Cost": 28268.42, "Total Cost": 28268.63, "Plan Rows": 2, "Plan Width": 8, "Actual Rows": 3, "Actual Loops": 1, "Workers Planned": 2, "Workers Launched": 2, "Single Copy": false, "Plans": [{"Node Type": "Aggregate", "Strategy": "Plain", "Partial Mode": "Partial", "Parent Relationship": "Outer", "Parallel Aware": false, "Async Capable": false, "Startup Cost": 27268.42, "Total Cost": 27268.43, "Plan Rows": 1, "Plan Width": 8, "Actual Rows": 1, "Actual Loops": 3, "Workers": [], "Plans": [{"Node Type": "Hash Join", "Parent Relationship": "Outer", "Parallel Aware": true, "Async Capable": false, "Join Type": "Inner", "Startup Cost": 20942.04, "Total Cost": 27038.7, "Plan Rows": 91888, "Plan Width": 0, "Actual Rows": 523476, "Actual Loops": 3, "Inner Unique": false, "Hash Cond": "(v.postid = p.id)", "Workers": [], "Plans": [{"Node Type": "Index Only Scan", "Parent Relationship": "Outer", "Parallel Aware": true, "Async Capable": false, "Scan Direction": "Forward", "Index Name": "idx_votes_postid", "Relation Name": "votes", "Alias": "v", "Startup Cost": 0.42, "Total Cost": 5043.98, "Plan Rows": 136693, "Plan Width": 4, "Actual Rows": 109355, "Actual Loops": 3, "Heap Fetches": 0, "Workers": []}, {"Node Type": "Hash", "Parent Relationship": "Inner", "Parallel Aware": true, "Async Capable": false, "Startup Cost": 20487.0, "Total Cost": 20487.0, "Plan Rows": 36369, "Plan Width": 16, "Actual Rows": 65175, "Actual Loops": 3, "Hash Buckets": 262144, "Original Hash Buckets": 65536, "Hash Batches": 1, "Original Hash Batches": 1, "Peak Memory Usage": 12800, "Workers": [], "Plans": [{"Node Type": "Nested Loop", "Parent Relationship": "Outer", "Parallel Aware": false, "Async Capable": false, "Join Type": "Inner", "Startup Cost": 7967.55, "Total Cost": 20487.0, "Plan Rows": 36369, "Plan Width": 16, "Actual Rows": 65175, "Actual Loops": 3, "Inner Unique": false, "Join Filter": "(p.id = ph.postid)", "Rows Removed by Join Filter": 0, "Workers": [], "Plans": [{"Node Type": "Hash Join", "Parent Relationship": "Outer", "Parallel Aware": false, "Async Capable": false, "Join Type": "Inner", "Startup Cost": 7967.13, "Total Cost": 13424.48, "Plan Rows": 11469, "Plan Width": 12, "Actual Rows": 10718, "Actual Loops": 3, "Inner Unique": false, "Hash Cond": "(c.postid = p.id)", "Workers": [], "Plans": [{"Node Type": "Index Scan", "Parent Relationship": "Outer", "Parallel Aware": true, "Async Capable": false, "Scan Direction": "Forward", "Index Name": "idx_comments_postid", "Relation Name": "comments", "Alias": "c", "Startup Cost": 0.42, "Total Cost": 4959.84, "Plan Rows": 102196, "Plan Width": 4, "Actual Rows": 57935, "Actual Loops": 3, "Filter": "(creationdate >= '2010-07-26 19:37:03'::timestamp without time zone)", "Rows Removed by Filter": 167, "Workers": []}, {"Node Type": "Hash", "Parent Relationship": "Inner", "Parallel Aware": false, "Async Capable": false, "Startup Cost": 7837.69, "Total Cost": 7837.69, "Plan Rows": 10322, "Plan Width": 8, "Actual Rows": 10354, "Actual Loops": 3, "Hash Buckets": 16384, "Original Hash Buckets": 16384, "Hash Batches": 1, "Original Hash Batches": 1, "Peak Memory Usage": 533, "Workers": [], "Plans": [{"Node Type": "Hash Join", "Parent Relationship": "Outer", "Parallel Aware": false, "Async Capable": false, "Join Type": "Inner", "Startup Cost": 7359.6, "Total Cost": 7837.69, "Plan Rows": 10322, "Plan Width": 8, "Actual Rows": 10354, "Actual Loops": 3, "Inner Unique": true, "Hash Cond": "(p.owneruserid = u.id)", "Workers": [], "Plans": [{"Node Type": "Hash Join", "Parent Relationship": "Outer", "Parallel Aware": false, "Async Capable": false, "Join Type": "Inner", "Startup Cost": 5296.75, "Total Cost": 5747.32, "Plan Rows": 10481, "Plan Width": 12, "Actual Rows": 10494, "Actual Loops": 3, "Inner Unique": true, "Hash Cond": "(pl.postid = p.id)", "Workers": [], "Plans": [{"Node Type": "Index Scan", "Parent Relationship": "Outer", "Parallel Aware": false, "Async Capable": false, "Scan Direction": "Forward", "Index Name": "idx_postlinks_postid", "Relation Name": "postlinks", "Alias": "pl", "Startup Cost": 0.29, "Total Cost": 423.05, "Plan Rows": 10593, "Plan Width": 4, "Actual Rows": 10593, "Actual Loops": 3, "Filter": "(creationdate <= '2014-08-05 18:27:51'::timestamp without time zone)", "Rows Removed by Filter": 509, "Workers": []}, {"Node Type": "Hash", "Parent Relationship": "Inner", "Parallel Aware": false, "Async Capable": false, "Startup Cost": 4158.93, "Total Cost": 4158.93, "Plan Rows": 91003, "Plan Width": 8, "Actual Rows": 91000, "Actual Loops": 3, "Hash Buckets": 131072, "Original Hash Buckets": 131072, "Hash Batches": 1, "Original Hash Batches": 1, "Peak Memory Usage": 4574, "Workers": [], "Plans": [{"Node Type": "Index Scan", "Parent Relationship": "Outer", "Parallel Aware": false, "Async Capable": false, "Scan Direction": "Forward", "Index Name": "posts_pkey", "Relation Name": "posts", "Alias": "p", "Startup Cost": 0.29, "Total Cost": 4158.93, "Plan Rows": 91003, "Plan Width": 8, "Actual Rows": 91000, "Actual Loops": 3, "Filter": "((score >= '-2'::integer) AND (commentcount <= 18) AND (creationdate >= '2010-07-21 13:50:08'::timestamp without time zone) AND (creationdate <= '2014-09-11 00:53:10'::timestamp without time zone))", "Rows Removed by Filter": 976, "Workers": []}]}]}, {"Node Type": "Hash", "Parent Relationship": "Inner", "Parallel Aware": false, "Async Capable": false, "Startup Cost": 1558.79, "Total Cost": 1558.79, "Plan Rows": 40325, "Plan Width": 4, "Actual Rows": 40325, "Actual Loops": 3, "Hash Buckets": 65536, "Original Hash Buckets": 65536, "Hash Batches": 1, "Original Hash Batches": 1, "Peak Memory Usage": 1930, "Workers": [], "Plans": [{"Node Type": "Index Scan", "Parent Relationship": "Outer", "Parallel Aware": false, "Async Capable": false, "Scan Direction": "Forward", "Index Name": "users_pkey", "Relation Name": "users", "Alias": "u", "Startup Cost": 0.29, "Total Cost": 1558.79, "Plan Rows": 40325, "Plan Width": 4, "Actual Rows": 40325, "Actual Loops": 3, "Filter": "((downvotes >= 0) AND (upvotes >= 0))", "Rows Removed by Filter": 0, "Workers": []}]}]}]}]}, {"Node Type": "Index Scan", "Parent Relationship": "Inner", "Parallel Aware": false, "Async Capable": false, "Scan Direction": "Forward", "Index Name": "idx_posthistory_postid", "Relation Name": "posthistory", "Alias": "ph", "Startup Cost": 0.42, "Total Cost": 0.57, "Plan Rows": 4, "Plan Width": 4, "Actual Rows": 6, "Actual Loops": 32154, "Index Cond": "(postid = c.postid)", "Rows Removed by Index Recheck": 0, "Filter": "(creationdate >= '2010-11-27 03:38:45'::timestamp without time zone)", "Rows Removed by Filter": 0, "Workers": []}]}]}]}]}]}]}, "Planning Time": 11.837, "Triggers": [], "Execution Time": 291.866}, {"Plan": {"Node Type": "Aggregate", "Strategy": "Plain", "Partial Mode": "Simple", "Parallel Aware": false, "Async Capable": false, "Startup Cost": 60000078646.81, "Total Cost": 60000078646.82, "Plan Rows": 1, "Plan Width": 8, "Actual Rows": 1, "Actual Loops": 1, "Plans": [{"Node Type": "Merge Join", "Parent Relationship": "Outer", "Parallel Aware": false, "Async Capable": false, "Join Type": "Inner", "Startup Cost": 60000000002.29, "Total Cost": 60000078095.48, "Plan Rows": 220530, "Plan Width": 0, "Actual Rows": 1570429, "Actual Loops": 1, "Inner Unique": false, "Merge Cond": "(p.id = v.postid)", "Plans": [{"Node Type": "Merge Join", "Parent Relationship": "Outer", "Parallel Aware": false, "Async Capable": false, "Join Type": "Inner", "Startup Cost": 50000000001.87, "Total Cost": 50000067959.96, "Plan Rows": 61828, "Plan Width": 16, "Actual Rows": 195525, "Actual Loops": 1, "Inner Unique": false, "Merge Cond": "(p.id = ph.postid)", "Plans": [{"Node Type": "Merge Join", "Parent Relationship": "Outer", "Parallel Aware": false, "Async Capable": false, "Join Type": "Inner", "Startup Cost": 40000000001.44, "Total Cost": 40000056732.31, "Plan Rows": 19497, "Plan Width": 12, "Actual Rows": 32154, "Actual Loops": 1, "Inner Unique": false, "Merge Cond": "(p.id = c.postid)", "Plans": [{"Node Type": "Nested Loop", "Parent Relationship": "Outer", "Parallel Aware": false, "Async Capable": false, "Join Type": "Inner", "Startup Cost": 30000000001.02, "Total Cost": 30000050220.2, "Plan Rows": 10322, "Plan Width": 8, "Actual Rows": 10354, "Actual Loops": 1, "Inner Unique": true, "Plans": [{"Node Type": "Merge Join", "Parent Relationship": "Outer", "Parallel Aware": false, "Async Capable": false, "Join Type": "Inner", "Startup Cost": 20000000000.72, "Total Cost": 20000004940.01, "Plan Rows": 10481, "Plan Width": 12, "Actual Rows": 10494, "Actual Loops": 1, "Inner Unique": false, "Merge Cond": "(p.id = pl.postid)", "Plans": [{"Node Type": "Index Scan", "Parent Relationship": "Outer", "Parallel Aware": false, "Async Capable": false, "Scan Direction": "Forward", "Index Name": "posts_pkey", "Relation Name": "posts", "Alias": "p", "Startup Cost": 10000000000.29, "Total Cost": 10000004158.93, "Plan Rows": 91003, "Plan Width": 8, "Actual Rows": 87138, "Actual Loops": 1, "Filter": "((score >= '-2'::integer) AND (commentcount <= 18) AND (creationdate >= '2010-07-21 13:50:08'::timestamp without time zone) AND (creationdate <= '2014-09-11 00:53:10'::timestamp without time zone))", "Rows Removed by Filter": 676}, {"Node Type": "Index Scan", "Parent Relationship": "Inner", "Parallel Aware": false, "Async Capable": false, "Scan Direction": "Forward", "Index Name": "idx_postlinks_postid", "Relation Name": "postlinks", "Alias": "pl", "Startup Cost": 10000000000.28, "Total Cost": 10000000423.05, "Plan Rows": 10593, "Plan Width": 4, "Actual Rows": 10593, "Actual Loops": 1, "Filter": "(creationdate <= '2014-08-05 18:27:51'::timestamp without time zone)", "Rows Removed by Filter": 509}]}, {"Node Type": "Bitmap Heap Scan", "Parent Relationship": "Inner", "Parallel Aware": false, "Async Capable": false, "Relation Name": "users", "Alias": "u", "Startup Cost": 0.3, "Total Cost": 4.32, "Plan Rows": 1, "Plan Width": 4, "Actual Rows": 1, "Actual Loops": 10494, "Recheck Cond": "(p.owneruserid = id)", "Rows Removed by Index Recheck": 0, "Filter": "((downvotes >= 0) AND (upvotes >= 0))", "Rows Removed by Filter": 0, "Exact Heap Blocks": 10354, "Lossy Heap Blocks": 0, "Plans": [{"Node Type": "Bitmap Index Scan", "Parent Relationship": "Outer", "Parallel Aware": false, "Async Capable": false, "Index Name": "users_pkey", "Startup Cost": 0.0, "Total Cost": 0.3, "Plan Rows": 1, "Plan Width": 0, "Actual Rows": 1, "Actual Loops": 10494, "Index Cond": "(id = p.owneruserid)"}]}]}, {"Node Type": "Index Scan", "Parent Relationship": "Inner", "Parallel Aware": false, "Async Capable": false, "Scan Direction": "Forward", "Index Name": "idx_comments_postid", "Relation Name": "comments", "Alias": "c", "Startup Cost": 10000000000.42, "Total Cost": 10000005857.0, "Plan Rows": 173734, "Plan Width": 4, "Actual Rows": 178050, "Actual Loops": 1, "Filter": "(creationdate >= '2010-07-26 19:37:03'::timestamp without time zone)", "Rows Removed by Filter": 503}]}, {"Node Type": "Index Scan", "Parent Relationship": "Inner", "Parallel Aware": false, "Async Capable": false, "Scan Direction": "Forward", "Index Name": "idx_posthistory_postid", "Relation Name": "posthistory", "Alias": "ph", "Startup Cost": 10000000000.42, "Total Cost": 10000009831.47, "Plan Rows": 291665, "Plan Width": 4, "Actual Rows": 442844, "Actual Loops": 1, "Filter": "(creationdate >= '2010-11-27 03:38:45'::timestamp without time zone)", "Rows Removed by Filter": 15282}]}, {"Node Type": "Index Only Scan", "Parent Relationship": "Inner", "Parallel Aware": false, "Async Capable": false, "Scan Direction": "Forward", "Index Name": "idx_votes_postid", "Relation Name": "votes", "Alias": "v", "Startup Cost": 10000000000.42, "Total Cost": 10000006957.68, "Plan Rows": 328064, "Plan Width": 4, "Actual Rows": 1860339, "Actual Loops": 1, "Heap Fetches": 0}]}]}, "Planning Time": 7.994, "Triggers": [], "Execution Time": 603.064}, {"Plan": {"Node Type": "Aggregate", "Strategy": "Plain", "Partial Mode": "Simple", "Parallel Aware": false, "Async Capable": false, "Startup Cost": 10000192499.17, "Total Cost": 10000192499.18, "Plan Rows": 1, "Plan Width": 8, "Actual Rows": 1, "Actual Loops": 1, "Plans": [{"Node Type": "Nested Loop", "Parent Relationship": "Outer", "Parallel Aware": false, "Async Capable": false, "Join Type": "Inner", "Startup Cost": 10000000002.87, "Total Cost": 10000191947.84, "Plan Rows": 220530, "Plan Width": 0, "Actual Rows": 1570429, "Actual Loops": 1, "Inner Unique": false, "Join Filter": "(p.id = ph.postid)", "Rows Removed by Join Filter": 0, "Plans": [{"Node Type": "Nested Loop", "Parent Relationship": "Outer", "Parallel Aware": false, "Async Capable": false, "Join Type": "Inner", "Startup Cost": 10000000002.22, "Total Cost": 10000151514.84, "Plan Rows": 69544, "Plan Width": 16, "Actual Rows": 245765, "Actual Loops": 1, "Inner Unique": false, "Join Filter": "(p.id = v.postid)", "Rows Removed by Join Filter": 0, "Plans": [{"Node Type": "Nested Loop", "Parent Relationship": "Outer", "Parallel Aware": false, "Async Capable": false, "Join Type": "Inner", "Startup Cost": 10000000001.56, "Total Cost": 10000114393.12, "Plan Rows": 19497, "Plan Width": 12, "Actual Rows": 32154, "Actual Loops": 1, "Inner Unique": false, "Join Filter": "(c.postid = p.id)", "Rows Removed by Join Filter": 0, "Plans": [{"Node Type": "Nested Loop", "Parent Relationship": "Outer", "Parallel Aware": false, "Async Capable": false, "Join Type": "Inner", "Startup Cost": 10000000000.99, "Total Cost": 10000079197.69, "Plan Rows": 10322, "Plan Width": 8, "Actual Rows": 10354, "Actual Loops": 1, "Inner Unique": true, "Plans": [{"Node Type": "Nested Loop", "Parent Relationship": "Outer", "Parallel Aware": false, "Async Capable": false, "Join Type": "Inner", "Startup Cost": 10000000000.69, "Total Cost": 10000033917.49, "Plan Rows": 10481, "Plan Width": 12, "Actual Rows": 10494, "Actual Loops": 1, "Inner Unique": true, "Plans": [{"Node Type": "Index Scan", "Parent Relationship": "Outer", "Parallel Aware": false, "Async Capable": false, "Scan Direction": "Forward", "Index Name": "idx_postlinks_postid", "Relation Name": "postlinks", "Alias": "pl", "Startup Cost": 10000000000.28, "Total Cost": 10000000423.05, "Plan Rows": 10593, "Plan Width": 4, "Actual Rows": 10593, "Actual Loops": 1, "Filter": "(creationdate <= '2014-08-05 18:27:51'::timestamp without time zone)", "Rows Removed by Filter": 509}, {"Node Type": "Memoize", "Parent Relationship": "Inner", "Parallel Aware": false, "Async Capable": false, "Startup Cost": 0.41, "Total Cost": 4.43, "Plan Rows": 1, "Plan Width": 8, "Actual Rows": 1, "Actual Loops": 10593, "Cache Key": "pl.postid", "Cache Mode": "logical", "Cache Hits": 3320, "Cache Misses": 7273, "Cache Evictions": 0, "Cache Overflows": 0, "Peak Memory Usage": 765, "Plans": [{"Node Type": "Bitmap Heap Scan", "Parent Relationship": "Outer", "Parallel Aware": false, "Async Capable": false, "Relation Name": "posts", "Alias": "p", "Startup Cost": 0.4, "Total Cost": 4.42, "Plan Rows": 1, "Plan Width": 8, "Actual Rows": 1, "Actual Loops": 7273, "Recheck Cond": "(id = pl.postid)", "Rows Removed by Index Recheck": 0, "Filter": "((score >= '-2'::integer) AND (commentcount <= 18) AND (creationdate >= '2010-07-21 13:50:08'::timestamp without time zone) AND (creationdate <= '2014-09-11 00:53:10'::timestamp without time zone))", "Rows Removed by Filter": 0, "Exact Heap Blocks": 7273, "Lossy Heap Blocks": 0, "Plans": [{"Node Type": "Bitmap Index Scan", "Parent Relationship": "Outer", "Parallel Aware": false, "Async Capable": false, "Index Name": "posts_pkey", "Startup Cost": 0.0, "Total Cost": 0.4, "Plan Rows": 1, "Plan Width": 0, "Actual Rows": 1, "Actual Loops": 7273, "Index Cond": "(id = pl.postid)"}]}]}]}, {"Node Type": "Bitmap Heap Scan", "Parent Relationship": "Inner", "Parallel Aware": false, "Async Capable": false, "Relation Name": "users", "Alias": "u", "Startup Cost": 0.3, "Total Cost": 4.32, "Plan Rows": 1, "Plan Width": 4, "Actual Rows": 1, "Actual Loops": 10494, "Recheck Cond": "(p.owneruserid = id)", "Rows Removed by Index Recheck": 0, "Filter": "((downvotes >= 0) AND (upvotes >= 0))", "Rows Removed by Filter": 0, "Exact Heap Blocks": 10354, "Lossy Heap Blocks": 0, "Plans": [{"Node Type": "Bitmap Index Scan", "Parent Relationship": "Outer", "Parallel Aware": false, "Async Capable": false, "Index Name": "users_pkey", "Startup Cost": 0.0, "Total Cost": 0.3, "Plan Rows": 1, "Plan Width": 0, "Actual Rows": 1, "Actual Loops": 10494, "Index Cond": "(id = p.owneruserid)"}]}]}, {"Node Type": "Memoize", "Parent Relationship": "Inner", "Parallel Aware": false, "Async Capable": false, "Startup Cost": 0.57, "Total Cost": 4.61, "Plan Rows": 3, "Plan Width": 4, "Actual Rows": 3, "Actual Loops": 10354, "Cache Key": "pl.postid", "Cache Mode": "logical", "Cache Hits": 3240, "Cache Misses": 7114, "Cache Evictions": 0, "Cache Overflows": 0, "Peak Memory Usage": 1216, "Plans": [{"Node Type": "Bitmap Heap Scan", "Parent Relationship": "Outer", "Parallel Aware": false, "Async Capable": false, "Relation Name": "comments", "Alias": "c", "Startup Cost": 0.56, "Total Cost": 4.6, "Plan Rows": 3, "Plan Width": 4, "Actual Rows": 3, "Actual Loops": 7114, "Recheck Cond": "(postid = pl.postid)", "Rows Removed by Index Recheck": 0, "Filter": "(creationdate >= '2010-07-26 19:37:03'::timestamp without time zone)", "Rows Removed by Filter": 0, "Exact Heap Blocks": 8889, "Lossy Heap Blocks": 0, "Plans": [{"Node Type": "Bitmap Index Scan", "Parent Relationship": "Outer", "Parallel Aware": false, "Async Capable": false, "Index Name": "idx_comments_postid", "Startup Cost": 0.0, "Total Cost": 0.56, "Plan Rows": 3, "Plan Width": 0, "Actual Rows": 3, "Actual Loops": 7114, "Index Cond": "(postid = pl.postid)"}]}]}]}, {"Node Type": "Memoize", "Parent Relationship": "Inner", "Parallel Aware": false, "Async Capable": false, "Startup Cost": 0.66, "Total Cost": 4.72, "Plan Rows": 5, "Plan Width": 4, "Actual Rows": 8, "Actual Loops": 32154, "Cache Key": "pl.postid", "Cache Mode": "logical", "Cache Hits": 26575, "Cache Misses": 5579, "Cache Evictions": 0, "Cache Overflows": 0, "Peak Memory Usage": 1546, "Plans": [{"Node Type": "Bitmap Heap Scan", "Parent Relationship": "Outer", "Parallel Aware": false, "Async Capable": false, "Relation Name": "votes", "Alias": "v", "Startup Cost": 0.65, "Total Cost": 4.71, "Plan Rows": 5, "Plan Width": 4, "Actual Rows": 6, "Actual Loops": 5579, "Recheck Cond": "(pl.postid = postid)", "Rows Removed by Index Recheck": 0, "Exact Heap Blocks": 21008, "Lossy Heap Blocks": 0, "Plans": [{"Node Type": "Bitmap Index Scan", "Parent Relationship": "Outer", "Parallel Aware": false, "Async Capable": false, "Index Name": "idx_votes_postid", "Startup Cost": 0.0, "Total Cost": 0.65, "Plan Rows": 5, "Plan Width": 0, "Actual Rows": 6, "Actual Loops": 5579, "Index Cond": "(postid = pl.postid)"}]}]}]}, {"Node Type": "Memoize", "Parent Relationship": "Inner", "Parallel Aware": false, "Async Capable": false, "Startup Cost": 0.66, "Total Cost": 4.72, "Plan Rows": 4, "Plan Width": 4, "Actual Rows": 6, "Actual Loops": 245765, "Cache Key": "pl.postid", "Cache Mode": "logical", "Cache Hits": 240992, "Cache Misses": 4773, "Cache Evictions": 0, "Cache Overflows": 0, "Peak Memory Usage": 1284, "Plans": [{"Node Type": "Bitmap Heap Scan", "Parent Relationship": "Outer", "Parallel Aware": false, "Async Capable": false, "Relation Name": "posthistory", "Alias": "ph", "Startup Cost": 0.65, "Total Cost": 4.71, "Plan Rows": 4, "Plan Width": 4, "Actual Rows": 6, "Actual Loops": 4773, "Recheck Cond": "(pl.postid = postid)", "Rows Removed by Index Recheck": 0, "Filter": "(creationdate >= '2010-11-27 03:38:45'::timestamp without time zone)", "Rows Removed by Filter": 0, "Exact Heap Blocks": 8763, "Lossy Heap Blocks": 0, "Plans": [{"Node Type": "Bitmap Index Scan", "Parent Relationship": "Outer", "Parallel Aware": false, "Async Capable": false, "Index Name": "idx_posthistory_postid", "Startup Cost": 0.0, "Total Cost": 0.64, "Plan Rows": 4, "Plan Width": 0, "Actual Rows": 6, "Actual Loops": 4773, "Index Cond": "(postid = pl.postid)"}]}]}]}]}, "Planning Time": 7.598, "Triggers": [], "Execution Time": 512.66}, {"Plan": {"Node Type": "Aggregate", "Strategy": "Plain", "Partial Mode": "Finalize", "Parallel Aware": false, "Async Capable": false, "Startup Cost": 36585.3, "Total Cost": 36585.31, "Plan Rows": 1, "Plan Width": 8, "Actual Rows": 1, "Actual Loops": 1, "Plans": [{"Node Type": "Gather", "Parent Relationship": "Outer", "Parallel Aware": false, "Async Capable": false, "Startup Cost": 36585.19, "Total Cost": 36585.3, "Plan Rows": 1, "Plan Width": 8, "Actual Rows": 2, "Actual Loops": 1, "Workers Planned": 1, "Workers Launched": 1, "Single Copy": false, "Plans": [{"Node Type": "Aggregate", "Strategy": "Plain", "Partial Mode": "Partial", "Parent Relationship": "Outer", "Parallel Aware": false, "Async Capable": false, "Startup Cost": 35585.19, "Total Cost": 35585.2, "Plan Rows": 1, "Plan Width": 8, "Actual Rows": 1, "Actual Loops": 2, "Workers": [], "Plans": [{"Node Type": "Hash Join", "Parent Relationship": "Outer", "Parallel Aware": true, "Async Capable": false, "Join Type": "Inner", "Startup Cost": 23151.15, "Total Cost": 35260.88, "Plan Rows": 129724, "Plan Width": 0, "Actual Rows": 785214, "Actual Loops": 2, "Inner Unique": false, "Hash Cond": "(v.postid = p.id)", "Workers": [], "Plans": [{"Node Type": "Index Scan", "Parent Relationship": "Outer", "Parallel Aware": true, "Async Capable": false, "Scan Direction": "Forward", "Index Name": "idx_votes_postid", "Relation Name": "votes", "Alias": "v", "Startup Cost": 0.42, "Total Cost": 10623.41, "Plan Rows": 192979, "Plan Width": 4, "Actual Rows": 164032, "Actual Loops": 2, "Workers": []}, {"Node Type": "Hash", "Parent Relationship": "Inner", "Parallel Aware": true, "Async Capable": false, "Startup Cost": 22696.12, "Total Cost": 22696.12, "Plan Rows": 36369, "Plan Width": 16, "Actual Rows": 97762, "Actual Loops": 2, "Hash Buckets": 262144, "Original Hash Buckets": 65536, "Hash Batches": 1, "Original Hash Batches": 1, "Peak Memory Usage": 12800, "Workers": [], "Plans": [{"Node Type": "Hash Join", "Parent Relationship": "Outer", "Parallel Aware": true, "Async Capable": false, "Join Type": "Inner", "Startup Cost": 13568.27, "Total Cost": 22696.12, "Plan Rows": 36369, "Plan Width": 16, "Actual Rows": 97762, "Actual Loops": 2, "Inner Unique": false, "Hash Cond": "(ph.postid = p.id)", "Workers": [], "Plans": [{"Node Type": "Index Scan", "Parent Relationship": "Outer", "Parallel Aware": true, "Async Capable": false, "Scan Direction": "Forward", "Index Name": "idx_posthistory_postid", "Relation Name": "posthistory", "Alias": "ph", "Startup Cost": 0.42, "Total Cost": 8270.95, "Plan Rows": 171568, "Plan Width": 4, "Actual Rows": 145832, "Actual Loops": 2, "Filter": "(creationdate >= '2010-11-27 03:38:45'::timestamp without time zone)", "Rows Removed by Filter": 5762, "Workers": []}, {"Node Type": "Hash", "Parent Relationship": "Inner", "Parallel Aware": true, "Async Capable": false, "Startup Cost": 13424.48, "Total Cost": 13424.48, "Plan Rows": 11469, "Plan Width": 12, "Actual Rows": 16077, "Actual Loops": 2, "Hash Buckets": 32768, "Original Hash Buckets": 32768, "Hash Batches": 1, "Original Hash Batches": 1, "Peak Memory Usage": 1792, "Workers": [], "Plans": [{"Node Type": "Hash Join", "Parent Relationship": "Outer", "Parallel Aware": false, "Async Capable": false, "Join Type": "Inner", "Startup Cost": 7967.13, "Total Cost": 13424.48, "Plan Rows": 11469, "Plan Width": 12, "Actual Rows": 16077, "Actual Loops": 2, "Inner Unique": false, "Hash Cond": "(c.postid = p.id)", "Workers": [], "Plans": [{"Node Type": "Index Scan", "Parent Relationship": "Outer", "Parallel Aware": true, "Async Capable": false, "Scan Direction": "Forward", "Index Name": "idx_comments_postid", "Relation Name": "comments", "Alias": "c", "Startup Cost": 0.42, "Total Cost": 4959.84, "Plan Rows": 102196, "Plan Width": 4, "Actual Rows": 86902, "Actual Loops": 2, "Filter": "(creationdate >= '2010-07-26 19:37:03'::timestamp without time zone)", "Rows Removed by Filter": 250, "Workers": []}, {"Node Type": "Hash", "Parent Relationship": "Inner", "Parallel Aware": false, "Async Capable": false, "Startup Cost": 7837.69, "Total Cost": 7837.69, "Plan Rows": 10322, "Plan Width": 8, "Actual Rows": 10354, "Actual Loops": 2, "Hash Buckets": 16384, "Original Hash Buckets": 16384, "Hash Batches": 1, "Original Hash Batches": 1, "Peak Memory Usage": 533, "Workers": [], "Plans": [{"Node Type": "Hash Join", "Parent Relationship": "Outer", "Parallel Aware": false, "Async Capable": false, "Join Type": "Inner", "Startup Cost": 7359.6, "Total Cost": 7837.69, "Plan Rows": 10322, "Plan Width": 8, "Actual Rows": 10354, "Actual Loops": 2, "Inner Unique": true, "Hash Cond": "(p.owneruserid = u.id)", "Workers": [], "Plans": [{"Node Type": "Hash Join", "Parent Relationship": "Outer", "Parallel Aware": false, "Async Capable": false, "Join Type": "Inner", "Startup Cost": 5296.75, "Total Cost": 5747.32, "Plan Rows": 10481, "Plan Width": 12, "Actual Rows": 10494, "Actual Loops": 2, "Inner Unique": true, "Hash Cond": "(pl.postid = p.id)", "Workers": [], "Plans": [{"Node Type": "Index Scan", "Parent Relationship": "Outer", "Parallel Aware": false, "Async Capable": false, "Scan Direction": "Forward", "Index Name": "idx_postlinks_postid", "Relation Name": "postlinks", "Alias": "pl", "Startup Cost": 0.29, "Total Cost": 423.05, "Plan Rows": 10593, "Plan Width": 4, "Actual Rows": 10593, "Actual Loops": 2, "Filter": "(creationdate <= '2014-08-05 18:27:51'::timestamp without time zone)", "Rows Removed by Filter": 509, "Workers": []}, {"Node Type": "Hash", "Parent Relationship": "Inner", "Parallel Aware": false, "Async Capable": false, "Startup Cost": 4158.93, "Total Cost": 4158.93, "Plan Rows": 91003, "Plan Width": 8, "Actual Rows": 91000, "Actual Loops": 2, "Hash Buckets": 131072, "Original Hash Buckets": 131072, "Hash Batches": 1, "Original Hash Batches": 1, "Peak Memory Usage": 4574, "Workers": [], "Plans": [{"Node Type": "Index Scan", "Parent Relationship": "Outer", "Parallel Aware": false, "Async Capable": false, "Scan Direction": "Forward", "Index Name": "posts_pkey", "Relation Name": "posts", "Alias": "p", "Startup Cost": 0.29, "Total Cost": 4158.93, "Plan Rows": 91003, "Plan Width": 8, "Actual Rows": 91000, "Actual Loops": 2, "Filter": "((score >= '-2'::integer) AND (commentcount <= 18) AND (creationdate >= '2010-07-21 13:50:08'::timestamp without time zone) AND (creationdate <= '2014-09-11 00:53:10'::timestamp without time zone))", "Rows Removed by Filter": 976, "Workers": []}]}]}, {"Node Type": "Hash", "Parent Relationship": "Inner", "Parallel Aware": false, "Async Capable": false, "Startup Cost": 1558.79, "Total Cost": 1558.79, "Plan Rows": 40325, "Plan Width": 4, "Actual Rows": 40325, "Actual Loops": 2, "Hash Buckets": 65536, "Original Hash Buckets": 65536, "Hash Batches": 1, "Original Hash Batches": 1, "Peak Memory Usage": 1930, "Workers": [], "Plans": [{"Node Type": "Index Scan", "Parent Relationship": "Outer", "Parallel Aware": false, "Async Capable": false, "Scan Direction": "Forward", "Index Name": "users_pkey", "Relation Name": "users", "Alias": "u", "Startup Cost": 0.29, "Total Cost": 1558.79, "Plan Rows": 40325, "Plan Width": 4, "Actual Rows": 40325, "Actual Loops": 2, "Filter": "((downvotes >= 0) AND (upvotes >= 0))", "Rows Removed by Filter": 0, "Workers": []}]}]}]}]}]}]}]}]}]}]}]}, "Planning Time": 11.664, "Triggers": [], "Execution Time": 636.242}, {"Plan": {"Node Type": "Aggregate", "Strategy": "Plain", "Partial Mode": "Finalize", "Parallel Aware": false, "Async Capable": false, "Startup Cost": 35584.27, "Total Cost": 35584.28, "Plan Rows": 1, "Plan Width": 8, "Actual Rows": 1, "Actual Loops": 1, "Plans": [{"Node Type": "Gather", "Parent Relationship": "Outer", "Parallel Aware": false, "Async Capable": false, "Startup Cost": 35584.16, "Total Cost": 35584.27, "Plan Rows": 1, "Plan Width": 8, "Actual Rows": 2, "Actual Loops": 1, "Workers Planned": 1, "Workers Launched": 1, "Single Copy": false, "Plans": [{"Node Type": "Aggregate", "Strategy": "Plain", "Partial Mode": "Partial", "Parent Relationship": "Outer", "Parallel Aware": false, "Async Capable": false, "Startup Cost": 34584.16, "Total Cost": 34584.17, "Plan Rows": 1, "Plan Width": 8, "Actual Rows": 1, "Actual Loops": 2, "Workers": [], "Plans": [{"Node Type": "Hash Join", "Parent Relationship": "Outer", "Parallel Aware": true, "Async Capable": false, "Join Type": "Inner", "Startup Cost": 22150.12, "Total Cost": 34259.85, "Plan Rows": 129724, "Plan Width": 0, "Actual Rows": 785214, "Actual Loops": 2, "Inner Unique": false, "Hash Cond": "(v.postid = p.id)", "Workers": [], "Plans": [{"Node Type": "Index Scan", "Parent Relationship": "Outer", "Parallel Aware": true, "Async Capable": false, "Scan Direction": "Forward", "Index Name": "idx_votes_postid", "Relation Name": "votes", "Alias": "v", "Startup Cost": 0.42, "Total Cost": 10623.41, "Plan Rows": 192979, "Plan Width": 4, "Actual Rows": 164032, "Actual Loops": 2, "Workers": []}, {"Node Type": "Hash", "Parent Relationship": "Inner", "Parallel Aware": true, "Async Capable": false, "Startup Cost": 21695.09, "Total Cost": 21695.09, "Plan Rows": 36369, "Plan Width": 16, "Actual Rows": 97762, "Actual Loops": 2, "Hash Buckets": 262144, "Original Hash Buckets": 65536, "Hash Batches": 1, "Original Hash Batches": 1, "Peak Memory Usage": 12768, "Workers": [], "Plans": [{"Node Type": "Hash Join", "Parent Relationship": "Outer", "Parallel Aware": true, "Async Capable": false, "Join Type": "Inner", "Startup Cost": 12567.24, "Total Cost": 21695.09, "Plan Rows": 36369, "Plan Width": 16, "Actual Rows": 97762, "Actual Loops": 2, "Inner Unique": false, "Hash Cond": "(ph.postid = p.id)", "Workers": [], "Plans": [{"Node Type": "Index Scan", "Parent Relationship": "Outer", "Parallel Aware": true, "Async Capable": false, "Scan Direction": "Forward", "Index Name": "idx_posthistory_postid", "Relation Name": "posthistory", "Alias": "ph", "Startup Cost": 0.42, "Total Cost": 8270.95, "Plan Rows": 171568, "Plan Width": 4, "Actual Rows": 145832, "Actual Loops": 2, "Filter": "(creationdate >= '2010-11-27 03:38:45'::timestamp without time zone)", "Rows Removed by Filter": 5762, "Workers": []}, {"Node Type": "Hash", "Parent Relationship": "Inner", "Parallel Aware": true, "Async Capable": false, "Startup Cost": 12423.45, "Total Cost": 12423.45, "Plan Rows": 11469, "Plan Width": 12, "Actual Rows": 16077, "Actual Loops": 2, "Hash Buckets": 32768, "Original Hash Buckets": 32768, "Hash Batches": 1, "Original Hash Batches": 1, "Peak Memory Usage": 1792, "Workers": [], "Plans": [{"Node Type": "Hash Join", "Parent Relationship": "Outer", "Parallel Aware": false, "Async Capable": false, "Join Type": "Inner", "Startup Cost": 2063.99, "Total Cost": 12423.45, "Plan Rows": 11469, "Plan Width": 12, "Actual Rows": 16077, "Actual Loops": 2, "Inner Unique": true, "Hash Cond": "(p.owneruserid = u.id)", "Workers": [], "Plans": [{"Node Type": "Merge Join", "Parent Relationship": "Outer", "Parallel Aware": false, "Async Capable": false, "Join Type": "Inner", "Startup Cost": 1.14, "Total Cost": 10330.03, "Plan Rows": 11645, "Plan Width": 16, "Actual Rows": 16273, "Actual Loops": 2, "Inner Unique": false, "Merge Cond": "(c.postid = p.id)", "Workers": [], "Plans": [{"Node Type": "Index Scan", "Parent Relationship": "Outer", "Parallel Aware": true, "Async Capable": false, "Scan Direction": "Forward", "Index Name": "idx_comments_postid", "Relation Name": "comments", "Alias": "c", "Startup Cost": 0.42, "Total Cost": 4959.84, "Plan Rows": 102196, "Plan Width": 4, "Actual Rows": 83521, "Actual Loops": 2, "Filter": "(creationdate >= '2010-07-26 19:37:03'::timestamp without time zone)", "Rows Removed by Filter": 250, "Workers": []}, {"Node Type": "Materialize", "Parent Relationship": "Inner", "Parallel Aware": false, "Async Capable": false, "Startup Cost": 0.72, "Total Cost": 4966.21, "Plan Rows": 10481, "Plan Width": 12, "Actual Rows": 22579, "Actual Loops": 2, "Workers": [], "Plans": [{"Node Type": "Merge Join", "Parent Relationship": "Outer", "Parallel Aware": false, "Async Capable": false, "Join Type": "Inner", "Startup Cost": 0.72, "Total Cost": 4940.01, "Plan Rows": 10481, "Plan Width": 12, "Actual Rows": 10494, "Actual Loops": 2, "Inner Unique": false, "Merge Cond": "(p.id = pl.postid)", "Workers": [], "Plans": [{"Node Type": "Index Scan", "Parent Relationship": "Outer", "Parallel Aware": false, "Async Capable": false, "Scan Direction": "Forward", "Index Name": "posts_pkey", "Relation Name": "posts", "Alias": "p", "Startup Cost": 0.29, "Total Cost": 4158.93, "Plan Rows": 91003, "Plan Width": 8, "Actual Rows": 87138, "Actual Loops": 2, "Filter": "((score >= '-2'::integer) AND (commentcount <= 18) AND (creationdate >= '2010-07-21 13:50:08'::timestamp without time zone) AND (creationdate <= '2014-09-11 00:53:10'::timestamp without time zone))", "Rows Removed by Filter": 676, "Workers": []}, {"Node Type": "Index Scan", "Parent Relationship": "Inner", "Parallel Aware": false, "Async Capable": false, "Scan Direction": "Forward", "Index Name": "idx_postlinks_postid", "Relation Name": "postlinks", "Alias": "pl", "Startup Cost": 0.29, "Total Cost": 423.05, "Plan Rows": 10593, "Plan Width": 4, "Actual Rows": 10593, "Actual Loops": 2, "Filter": "(creationdate <= '2014-08-05 18:27:51'::timestamp without time zone)", "Rows Removed by Filter": 509, "Workers": []}]}]}]}, {"Node Type": "Hash", "Parent Relationship": "Inner", "Parallel Aware": false, "Async Capable": false, "Startup Cost": 1558.79, "Total Cost": 1558.79, "Plan Rows": 40325, "Plan Width": 4, "Actual Rows": 40325, "Actual Loops": 2, "Hash Buckets": 65536, "Original Hash Buckets": 65536, "Hash Batches": 1, "Original Hash Batches": 1, "Peak Memory Usage": 1930, "Workers": [], "Plans": [{"Node Type": "Index Scan", "Parent Relationship": "Outer", "Parallel Aware": false, "Async Capable": false, "Scan Direction": "Forward", "Index Name": "users_pkey", "Relation Name": "users", "Alias": "u", "Startup Cost": 0.29, "Total Cost": 1558.79, "Plan Rows": 40325, "Plan Width": 4, "Actual Rows": 40325, "Actual Loops": 2, "Filter": "((downvotes >= 0) AND (upvotes >= 0))", "Rows Removed by Filter": 0, "Workers": []}]}]}]}]}]}]}]}]}]}, "Planning Time": 14.903, "Triggers": [], "Execution Time": 602.668}, {"Plan": {"Node Type": "Aggregate", "Strategy": "Plain", "Partial Mode": "Finalize", "Parallel Aware": false, "Async Capable": false, "Startup Cost": 31202.66, "Total Cost": 31202.67, "Plan Rows": 1, "Plan Width": 8, "Actual Rows": 1, "Actual Loops": 1, "Plans": [{"Node Type": "Gather", "Parent Relationship": "Outer", "Parallel Aware": false, "Async Capable": false, "Startup Cost": 31202.55, "Total Cost": 31202.66, "Plan Rows": 1, "Plan Width": 8, "Actual Rows": 2, "Actual Loops": 1, "Workers Planned": 1, "Workers Launched": 1, "Single Copy": false, "Plans": [{"Node Type": "Aggregate", "Strategy": "Plain", "Partial Mode": "Partial", "Parent Relationship": "Outer", "Parallel Aware": false, "Async Capable": false, "Startup Cost": 30202.55, "Total Cost": 30202.56, "Plan Rows": 1, "Plan Width": 8, "Actual Rows": 1, "Actual Loops": 2, "Workers": [], "Plans": [{"Node Type": "Hash Join", "Parent Relationship": "Outer", "Parallel Aware": true, "Async Capable": false, "Join Type": "Inner", "Startup Cost": 20201.25, "Total Cost": 29878.24, "Plan Rows": 129724, "Plan Width": 0, "Actual Rows": 785214, "Actual Loops": 2, "Inner Unique": false, "Hash Cond": "(ph.postid = p.id)", "Workers": [], "Plans": [{"Node Type": "Index Scan", "Parent Relationship": "Outer", "Parallel Aware": true, "Async Capable": false, "Scan Direction": "Forward", "Index Name": "idx_posthistory_postid", "Relation Name": "posthistory", "Alias": "ph", "Startup Cost": 0.42, "Total Cost": 8270.95, "Plan Rows": 171568, "Plan Width": 4, "Actual Rows": 145832, "Actual Loops": 2, "Filter": "(creationdate >= '2010-11-27 03:38:45'::timestamp without time zone)", "Rows Removed by Filter": 5762, "Workers": []}, {"Node Type": "Hash", "Parent Relationship": "Inner", "Parallel Aware": true, "Async Capable": false, "Startup Cost": 19689.47, "Total Cost": 19689.47, "Plan Rows": 40908, "Plan Width": 16, "Actual Rows": 122882, "Actual Loops": 2, "Hash Buckets": 262144, "Original Hash Buckets": 131072, "Hash Batches": 1, "Original Hash Batches": 1, "Peak Memory Usage": 14624, "Workers": [], "Plans": [{"Node Type": "Nested Loop", "Parent Relationship": "Outer", "Parallel Aware": false, "Async Capable": false, "Join Type": "Inner", "Startup Cost": 2064.42, "Total Cost": 19689.47, "Plan Rows": 40908, "Plan Width": 16, "Actual Rows": 122882, "Actual Loops": 2, "Inner Unique": false, "Join Filter": "(p.id = v.postid)", "Rows Removed by Join Filter": 0, "Workers": [], "Plans": [{"Node Type": "Hash Join", "Parent Relationship": "Outer", "Parallel Aware": false, "Async Capable": false, "Join Type": "Inner", "Startup Cost": 2063.99, "Total Cost": 12423.45, "Plan Rows": 11469, "Plan Width": 12, "Actual Rows": 16077, "Actual Loops": 2, "Inner Unique": true, "Hash Cond": "(p.owneruserid = u.id)", "Workers": [], "Plans": [{"Node Type": "Merge Join", "Parent Relationship": "Outer", "Parallel Aware": false, "Async Capable": false, "Join Type": "Inner", "Startup Cost": 1.14, "Total Cost": 10330.03, "Plan Rows": 11645, "Plan Width": 16, "Actual Rows": 16273, "Actual Loops": 2, "Inner Unique": false, "Merge Cond": "(c.postid = p.id)", "Workers": [], "Plans": [{"Node Type": "Index Scan", "Parent Relationship": "Outer", "Parallel Aware": true, "Async Capable": false, "Scan Direction": "Forward", "Index Name": "idx_comments_postid", "Relation Name": "comments", "Alias": "c", "Startup Cost": 0.42, "Total Cost": 4959.84, "Plan Rows": 102196, "Plan Width": 4, "Actual Rows": 83521, "Actual Loops": 2, "Filter": "(creationdate >= '2010-07-26 19:37:03'::timestamp without time zone)", "Rows Removed by Filter": 250, "Workers": []}, {"Node Type": "Materialize", "Parent Relationship": "Inner", "Parallel Aware": false, "Async Capable": false, "Startup Cost": 0.72, "Total Cost": 4966.21, "Plan Rows": 10481, "Plan Width": 12, "Actual Rows": 22579, "Actual Loops": 2, "Workers": [], "Plans": [{"Node Type": "Merge Join", "Parent Relationship": "Outer", "Parallel Aware": false, "Async Capable": false, "Join Type": "Inner", "Startup Cost": 0.72, "Total Cost": 4940.01, "Plan Rows": 10481, "Plan Width": 12, "Actual Rows": 10494, "Actual Loops": 2, "Inner Unique": false, "Merge Cond": "(p.id = pl.postid)", "Workers": [], "Plans": [{"Node Type": "Index Scan", "Parent Relationship": "Outer", "Parallel Aware": false, "Async Capable": false, "Scan Direction": "Forward", "Index Name": "posts_pkey", "Relation Name": "posts", "Alias": "p", "Startup Cost": 0.29, "Total Cost": 4158.93, "Plan Rows": 91003, "Plan Width": 8, "Actual Rows": 87138, "Actual Loops": 2, "Filter": "((score >= '-2'::integer) AND (commentcount <= 18) AND (creationdate >= '2010-07-21 13:50:08'::timestamp without time zone) AND (creationdate <= '2014-09-11 00:53:10'::timestamp without time zone))", "Rows Removed by Filter": 676, "Workers": []}, {"Node Type": "Index Scan", "Parent Relationship": "Inner", "Parallel Aware": false, "Async Capable": false, "Scan Direction": "Forward", "Index Name": "idx_postlinks_postid", "Relation Name": "postlinks", "Alias": "pl", "Startup Cost": 0.29, "Total Cost": 423.05, "Plan Rows": 10593, "Plan Width": 4, "Actual Rows": 10593, "Actual Loops": 2, "Filter": "(creationdate <= '2014-08-05 18:27:51'::timestamp without time zone)", "Rows Removed by Filter": 509, "Workers": []}]}]}]}, {"Node Type": "Hash", "Parent Relationship": "Inner", "Parallel Aware": false, "Async Capable": false, "Startup Cost": 1558.79, "Total Cost": 1558.79, "Plan Rows": 40325, "Plan Width": 4, "Actual Rows": 40325, "Actual Loops": 2, "Hash Buckets": 65536, "Original Hash Buckets": 65536, "Hash Batches": 1, "Original Hash Batches": 1, "Peak Memory Usage": 1930, "Workers": [], "Plans": [{"Node Type": "Index Scan", "Parent Relationship": "Outer", "Parallel Aware": false, "Async Capable": false, "Scan Direction": "Forward", "Index Name": "users_pkey", "Relation Name": "users", "Alias": "u", "Startup Cost": 0.29, "Total Cost": 1558.79, "Plan Rows": 40325, "Plan Width": 4, "Actual Rows": 40325, "Actual Loops": 2, "Filter": "((downvotes >= 0) AND (upvotes >= 0))", "Rows Removed by Filter": 0, "Workers": []}]}]}, {"Node Type": "Index Scan", "Parent Relationship": "Inner", "Parallel Aware": false, "Async Capable": false, "Scan Direction": "Forward", "Index Name": "idx_votes_postid", "Relation Name": "votes", "Alias": "v", "Startup Cost": 0.42, "Total Cost": 0.57, "Plan Rows": 5, "Plan Width": 4, "Actual Rows": 8, "Actual Loops": 32154, "Index Cond": "(postid = c.postid)", "Rows Removed by Index Recheck": 0, "Workers": []}]}]}]}]}]}]}, "Planning Time": 12.868, "Triggers": [], "Execution Time": 483.18}, {"Plan": {"Node Type": "Aggregate", "Strategy": "Plain", "Partial Mode": "Finalize", "Parallel Aware": false, "Async Capable": false, "Startup Cost": 32203.69, "Total Cost": 32203.7, "Plan Rows": 1, "Plan Width": 8, "Actual Rows": 1, "Actual Loops": 1, "Plans": [{"Node Type": "Gather", "Parent Relationship": "Outer", "Parallel Aware": false, "Async Capable": false, "Startup Cost": 32203.58, "Total Cost": 32203.69, "Plan Rows": 1, "Plan Width": 8, "Actual Rows": 2, "Actual Loops": 1, "Workers Planned": 1, "Workers Launched": 1, "Single Copy": false, "Plans": [{"Node Type": "Aggregate", "Strategy": "Plain", "Partial Mode": "Partial", "Parent Relationship": "Outer", "Parallel Aware": false, "Async Capable": false, "Startup Cost": 31203.58, "Total Cost": 31203.59, "Plan Rows": 1, "Plan Width": 8, "Actual Rows": 1, "Actual Loops": 2, "Workers": [], "Plans": [{"Node Type": "Hash Join", "Parent Relationship": "Outer", "Parallel Aware": true, "Async Capable": false, "Join Type": "Inner", "Startup Cost": 21202.28, "Total Cost": 30879.27, "Plan Rows": 129724, "Plan Width": 0, "Actual Rows": 785214, "Actual Loops": 2, "Inner Unique": false, "Hash Cond": "(ph.postid = p.id)", "Workers": [], "Plans": [{"Node Type": "Index Scan", "Parent Relationship": "Outer", "Parallel Aware": true, "Async Capable": false, "Scan Direction": "Forward", "Index Name": "idx_posthistory_postid", "Relation Name": "posthistory", "Alias": "ph", "Startup Cost": 0.42, "Total Cost": 8270.95, "Plan Rows": 171568, "Plan Width": 4, "Actual Rows": 145832, "Actual Loops": 2, "Filter": "(creationdate >= '2010-11-27 03:38:45'::timestamp without time zone)", "Rows Removed by Filter": 5762, "Workers": []}, {"Node Type": "Hash", "Parent Relationship": "Inner", "Parallel Aware": true, "Async Capable": false, "Startup Cost": 20690.5, "Total Cost": 20690.5, "Plan Rows": 40908, "Plan Width": 16, "Actual Rows": 122882, "Actual Loops": 2, "Hash Buckets": 262144, "Original Hash Buckets": 131072, "Hash Batches": 1, "Original Hash Batches": 1, "Peak Memory Usage": 14656, "Workers": [], "Plans": [{"Node Type": "Nested Loop", "Parent Relationship": "Outer", "Parallel Aware": false, "Async Capable": false, "Join Type": "Inner", "Startup Cost": 7967.55, "Total Cost": 20690.5, "Plan Rows": 40908, "Plan Width": 16, "Actual Rows": 122882, "Actual Loops": 2, "Inner Unique": false, "Join Filter": "(p.id = v.postid)", "Rows Removed by Join Filter": 0, "Workers": [], "Plans": [{"Node Type": "Hash Join", "Parent Relationship": "Outer", "Parallel Aware": false, "Async Capable": false, "Join Type": "Inner", "Startup Cost": 7967.13, "Total Cost": 13424.48, "Plan Rows": 11469, "Plan Width": 12, "Actual Rows": 16077, "Actual Loops": 2, "Inner Unique": false, "Hash Cond": "(c.postid = p.id)", "Workers": [], "Plans": [{"Node Type": "Index Scan", "Parent Relationship": "Outer", "Parallel Aware": true, "Async Capable": false, "Scan Direction": "Forward", "Index Name": "idx_comments_postid", "Relation Name": "comments", "Alias": "c", "Startup Cost": 0.42, "Total Cost": 4959.84, "Plan Rows": 102196, "Plan Width": 4, "Actual Rows": 86902, "Actual Loops": 2, "Filter": "(creationdate >= '2010-07-26 19:37:03'::timestamp without time zone)", "Rows Removed by Filter": 250, "Workers": []}, {"Node Type": "Hash", "Parent Relationship": "Inner", "Parallel Aware": false, "Async Capable": false, "Startup Cost": 7837.69, "Total Cost": 7837.69, "Plan Rows": 10322, "Plan Width": 8, "Actual Rows": 10354, "Actual Loops": 2, "Hash Buckets": 16384, "Original Hash Buckets": 16384, "Hash Batches": 1, "Original Hash Batches": 1, "Peak Memory Usage": 533, "Workers": [], "Plans": [{"Node Type": "Hash Join", "Parent Relationship": "Outer", "Parallel Aware": false, "Async Capable": false, "Join Type": "Inner", "Startup Cost": 7359.6, "Total Cost": 7837.69, "Plan Rows": 10322, "Plan Width": 8, "Actual Rows": 10354, "Actual Loops": 2, "Inner Unique": true, "Hash Cond": "(p.owneruserid = u.id)", "Workers": [], "Plans": [{"Node Type": "Hash Join", "Parent Relationship": "Outer", "Parallel Aware": false, "Async Capable": false, "Join Type": "Inner", "Startup Cost": 5296.75, "Total Cost": 5747.32, "Plan Rows": 10481, "Plan Width": 12, "Actual Rows": 10494, "Actual Loops": 2, "Inner Unique": true, "Hash Cond": "(pl.postid = p.id)", "Workers": [], "Plans": [{"Node Type": "Index Scan", "Parent Relationship": "Outer", "Parallel Aware": false, "Async Capable": false, "Scan Direction": "Forward", "Index Name": "idx_postlinks_postid", "Relation Name": "postlinks", "Alias": "pl", "Startup Cost": 0.29, "Total Cost": 423.05, "Plan Rows": 10593, "Plan Width": 4, "Actual Rows": 10593, "Actual Loops": 2, "Filter": "(creationdate <= '2014-08-05 18:27:51'::timestamp without time zone)", "Rows Removed by Filter": 509, "Workers": []}, {"Node Type": "Hash", "Parent Relationship": "Inner", "Parallel Aware": false, "Async Capable": false, "Startup Cost": 4158.93, "Total Cost": 4158.93, "Plan Rows": 91003, "Plan Width": 8, "Actual Rows": 91000, "Actual Loops": 2, "Hash Buckets": 131072, "Original Hash Buckets": 131072, "Hash Batches": 1, "Original Hash Batches": 1, "Peak Memory Usage": 4574, "Workers": [], "Plans": [{"Node Type": "Index Scan", "Parent Relationship": "Outer", "Parallel Aware": false, "Async Capable": false, "Scan Direction": "Forward", "Index Name": "posts_pkey", "Relation Name": "posts", "Alias": "p", "Startup Cost": 0.29, "Total Cost": 4158.93, "Plan Rows": 91003, "Plan Width": 8, "Actual Rows": 91000, "Actual Loops": 2, "Filter": "((score >= '-2'::integer) AND (commentcount <= 18) AND (creationdate >= '2010-07-21 13:50:08'::timestamp without time zone) AND (creationdate <= '2014-09-11 00:53:10'::timestamp without time zone))", "Rows Removed by Filter": 976, "Workers": []}]}]}, {"Node Type": "Hash", "Parent Relationship": "Inner", "Parallel Aware": false, "Async Capable": false, "Startup Cost": 1558.79, "Total Cost": 1558.79, "Plan Rows": 40325, "Plan Width": 4, "Actual Rows": 40325, "Actual Loops": 2, "Hash Buckets": 65536, "Original Hash Buckets": 65536, "Hash Batches": 1, "Original Hash Batches": 1, "Peak Memory Usage": 1930, "Workers": [], "Plans": [{"Node Type": "Index Scan", "Parent Relationship": "Outer", "Parallel Aware": false, "Async Capable": false, "Scan Direction": "Forward", "Index Name": "users_pkey", "Relation Name": "users", "Alias": "u", "Startup Cost": 0.29, "Total Cost": 1558.79, "Plan Rows": 40325, "Plan Width": 4, "Actual Rows": 40325, "Actual Loops": 2, "Filter": "((downvotes >= 0) AND (upvotes >= 0))", "Rows Removed by Filter": 0, "Workers": []}]}]}]}]}, {"Node Type": "Index Scan", "Parent Relationship": "Inner", "Parallel Aware": false, "Async Capable": false, "Scan Direction": "Forward", "Index Name": "idx_votes_postid", "Relation Name": "votes", "Alias": "v", "Startup Cost": 0.42, "Total Cost": 0.57, "Plan Rows": 5, "Plan Width": 4, "Actual Rows": 8, "Actual Loops": 32154, "Index Cond": "(postid = c.postid)", "Rows Removed by Index Recheck": 0, "Workers": []}]}]}]}]}]}]}, "Planning Time": 13.666, "Triggers": [], "Execution Time": 519.217}, {"Plan": {"Node Type": "Aggregate", "Strategy": "Plain", "Partial Mode": "Finalize", "Parallel Aware": false, "Async Capable": false, "Startup Cost": 33159.65, "Total Cost": 33159.66, "Plan Rows": 1, "Plan Width": 8, "Actual Rows": 1, "Actual Loops": 1, "Plans": [{"Node Type": "Gather", "Parent Relationship": "Outer", "Parallel Aware": false, "Async Capable": false, "Startup Cost": 33159.44, "Total Cost": 33159.65, "Plan Rows": 2, "Plan Width": 8, "Actual Rows": 3, "Actual Loops": 1, "Workers Planned": 2, "Workers Launched": 2, "Single Copy": false, "Plans": [{"Node Type": "Aggregate", "Strategy": "Plain", "Partial Mode": "Partial", "Parent Relationship": "Outer", "Parallel Aware": false, "Async Capable": false, "Startup Cost": 32159.44, "Total Cost": 32159.45, "Plan Rows": 1, "Plan Width": 8, "Actual Rows": 1, "Actual Loops": 3, "Workers": [], "Plans": [{"Node Type": "Merge Join", "Parent Relationship": "Outer", "Parallel Aware": false, "Async Capable": false, "Join Type": "Inner", "Startup Cost": 8143.74, "Total Cost": 31929.72, "Plan Rows": 91888, "Plan Width": 0, "Actual Rows": 523476, "Actual Loops": 3, "Inner Unique": false, "Merge Cond": "(p.id = ph.postid)", "Workers": [], "Plans": [{"Node Type": "Merge Join", "Parent Relationship": "Outer", "Parallel Aware": false, "Async Capable": false, "Join Type": "Inner", "Startup Cost": 8143.31, "Total Cost": 20377.75, "Plan Rows": 28977, "Plan Width": 16, "Actual Rows": 81922, "Actual Loops": 3, "Inner Unique": false, "Merge Cond": "(p.id = c.postid)", "Workers": [], "Plans": [{"Node Type": "Merge Join", "Parent Relationship": "Outer", "Parallel Aware": false, "Async Capable": false, "Join Type": "Inner", "Startup Cost": 8142.89, "Total Cost": 13758.28, "Plan Rows": 15341, "Plan Width": 12, "Actual Rows": 21385, "Actual Loops": 3, "Inner Unique": false, "Merge Cond": "(v.postid = p.id)", "Workers": [], "Plans": [{"Node Type": "Index Only Scan", "Parent Relationship": "Outer", "Parallel Aware": true, "Async Capable": false, "Scan Direction": "Forward", "Index Name": "idx_votes_postid", "Relation Name": "votes", "Alias": "v", "Startup Cost": 0.42, "Total Cost": 5043.98, "Plan Rows": 136693, "Plan Width": 4, "Actual Rows": 107039, "Actual Loops": 3, "Heap Fetches": 0, "Workers": []}, {"Node Type": "Sort", "Parent Relationship": "Inner", "Parallel Aware": false, "Async Capable": false, "Startup Cost": 8142.47, "Total Cost": 8168.28, "Plan Rows": 10322, "Plan Width": 8, "Actual Rows": 28776, "Actual Loops": 3, "Sort Key": ["p.id"], "Sort Method": "quicksort", "Sort Space Used": 708, "Sort Space Type": "Memory", "Workers": [{"Worker Number": 0, "Sort Method": "quicksort", "Sort Space Used": 708, "Sort Space Type": "Memory"}, {"Worker Number": 1, "Sort Method": "quicksort", "Sort Space Used": 708, "Sort Space Type": "Memory"}], "Plans": [{"Node Type": "Merge Join", "Parent Relationship": "Outer", "Parallel Aware": false, "Async Capable": false, "Join Type": "Inner", "Startup Cost": 5640.19, "Total Cost": 7454.33, "Plan Rows": 10322, "Plan Width": 8, "Actual Rows": 10354, "Actual Loops": 3, "Inner Unique": true, "Merge Cond": "(p.owneruserid = u.id)", "Workers": [], "Plans": [{"Node Type": "Sort", "Parent Relationship": "Outer", "Parallel Aware": false, "Async Capable": false, "Startup Cost": 5639.9, "Total Cost": 5666.1, "Plan Rows": 10481, "Plan Width": 12, "Actual Rows": 10355, "Actual Loops": 3, "Sort Key": ["p.owneruserid"], "Sort Method": "quicksort", "Sort Space Used": 793, "Sort Space Type": "Memory", "Workers": [{"Worker Number": 0, "Sort Method": "quicksort", "Sort Space Used": 793, "Sort Space Type": "Memory"}, {"Worker Number": 1, "Sort Method": "quicksort", "Sort Space Used": 793, "Sort Space Type": "Memory"}], "Plans": [{"Node Type": "Merge Join", "Parent Relationship": "Outer", "Parallel Aware": false, "Async Capable": false, "Join Type": "Inner", "Startup Cost": 0.72, "Total Cost": 4940.01, "Plan Rows": 10481, "Plan Width": 12, "Actual Rows": 10494, "Actual Loops": 3, "Inner Unique": false, "Merge Cond": "(p.id = pl.postid)", "Workers": [], "Plans": [{"Node Type": "Index Scan", "Parent Relationship": "Outer", "Parallel Aware": false, "Async Capable": false, "Scan Direction": "Forward", "Index Name": "posts_pkey", "Relation Name": "posts", "Alias": "p", "Startup Cost": 0.29, "Total Cost": 4158.93, "Plan Rows": 91003, "Plan Width": 8, "Actual Rows": 87138, "Actual Loops": 3, "Filter": "((score >= '-2'::integer) AND (commentcount <= 18) AND (creationdate >= '2010-07-21 13:50:08'::timestamp without time zone) AND (creationdate <= '2014-09-11 00:53:10'::timestamp without time zone))", "Rows Removed by Filter": 676, "Workers": []}, {"Node Type": "Index Scan", "Parent Relationship": "Inner", "Parallel Aware": false, "Async Capable": false, "Scan Direction": "Forward", "Index Name": "idx_postlinks_postid", "Relation Name": "postlinks", "Alias": "pl", "Startup Cost": 0.29, "Total Cost": 423.05, "Plan Rows": 10593, "Plan Width": 4, "Actual Rows": 10593, "Actual Loops": 3, "Filter": "(creationdate <= '2014-08-05 18:27:51'::timestamp without time zone)", "Rows Removed by Filter": 509, "Workers": []}]}]}, {"Node Type": "Index Scan", "Parent Relationship": "Inner", "Parallel Aware": false, "Async Capable": false, "Scan Direction": "Forward", "Index Name": "users_pkey", "Relation Name": "users", "Alias": "u", "Startup Cost": 0.29, "Total Cost": 1558.79, "Plan Rows": 40325, "Plan Width": 4, "Actual Rows": 38057, "Actual Loops": 3, "Filter": "((downvotes >= 0) AND (upvotes >= 0))", "Rows Removed by Filter": 0, "Workers": []}]}]}]}, {"Node Type": "Index Scan", "Parent Relationship": "Inner", "Parallel Aware": false, "Async Capable": false, "Scan Direction": "Forward", "Index Name": "idx_comments_postid", "Relation Name": "comments", "Alias": "c", "Startup Cost": 0.42, "Total Cost": 5857.0, "Plan Rows": 173734, "Plan Width": 4, "Actual Rows": 242626, "Actual Loops": 3, "Filter": "(creationdate >= '2010-07-26 19:37:03'::timestamp without time zone)", "Rows Removed by Filter": 948, "Workers": []}]}, {"Node Type": "Index Scan", "Parent Relationship": "Inner", "Parallel Aware": false, "Async Capable": false, "Scan Direction": "Forward", "Index Name": "idx_posthistory_postid", "Relation Name": "posthistory", "Alias": "ph", "Startup Cost": 0.42, "Total Cost": 9831.47, "Plan Rows": 291665, "Plan Width": 4, "Actual Rows": 792369, "Actual Loops": 3, "Filter": "(creationdate >= '2010-11-27 03:38:45'::timestamp without time zone)", "Rows Removed by Filter": 117986, "Workers": []}]}]}]}]}, "Planning Time": 7.936, "Triggers": [], "Execution Time": 474.35}, {"Plan": {"Node Type": "Aggregate", "Strategy": "Plain", "Partial Mode": "Finalize", "Parallel Aware": false, "Async Capable": false, "Startup Cost": 29832.55, "Total Cost": 29832.56, "Plan Rows": 1, "Plan Width": 8, "Actual Rows": 1, "Actual Loops": 1, "Plans": [{"Node Type": "Gather", "Parent Relationship": "Outer", "Parallel Aware": false, "Async Capable": false, "Startup Cost": 29832.44, "Total Cost": 29832.55, "Plan Rows": 1, "Plan Width": 8, "Actual Rows": 2, "Actual Loops": 1, "Workers Planned": 1, "Workers Launched": 1, "Single Copy": false, "Plans": [{"Node Type": "Aggregate", "Strategy": "Plain", "Partial Mode": "Partial", "Parent Relationship": "Outer", "Parallel Aware": false, "Async Capable": false, "Startup Cost": 28832.44, "Total Cost": 28832.45, "Plan Rows": 1, "Plan Width": 8, "Actual Rows": 1, "Actual Loops": 2, "Workers": [], "Plans": [{"Node Type": "Nested Loop", "Parent Relationship": "Outer", "Parallel Aware": false, "Async Capable": false, "Join Type": "Inner", "Startup Cost": 11117.64, "Total Cost": 28508.13, "Plan Rows": 129724, "Plan Width": 0, "Actual Rows": 785214, "Actual Loops": 2, "Inner Unique": false, "Join Filter": "(p.id = v.postid)", "Rows Removed by Join Filter": 0, "Workers": [], "Plans": [{"Node Type": "Nested Loop", "Parent Relationship": "Outer", "Parallel Aware": false, "Async Capable": false, "Join Type": "Inner", "Startup Cost": 11117.21, "Total Cost": 20010.66, "Plan Rows": 36369, "Plan Width": 16, "Actual Rows": 97762, "Actual Loops": 2, "Inner Unique": false, "Join Filter": "(p.id = ph.postid)", "Rows Removed by Join Filter": 0, "Workers": [], "Plans": [{"Node Type": "Merge Join", "Parent Relationship": "Outer", "Parallel Aware": false, "Async Capable": false, "Join Type": "Inner", "Startup Cost": 11116.79, "Total Cost": 12948.14, "Plan Rows": 11469, "Plan Width": 12, "Actual Rows": 16077, "Actual Loops": 2, "Inner Unique": true, "Merge Cond": "(p.owneruserid = u.id)", "Workers": [], "Plans": [{"Node Type": "Sort", "Parent Relationship": "Outer", "Parallel Aware": false, "Async Capable": false, "Startup Cost": 11116.5, "Total Cost": 11145.61, "Plan Rows": 11645, "Plan Width": 16, "Actual Rows": 16078, "Actual Loops": 2, "Sort Key": ["p.owneruserid"], "Sort Method": "quicksort", "Sort Space Used": 1444, "Sort Space Type": "Memory", "Workers": [{"Worker Number": 0, "Sort Method": "quicksort", "Sort Space Used": 980, "Sort Space Type": "Memory"}], "Plans": [{"Node Type": "Merge Join", "Parent Relationship": "Outer", "Parallel Aware": false, "Async Capable": false, "Join Type": "Inner", "Startup Cost": 1.14, "Total Cost": 10330.03, "Plan Rows": 11645, "Plan Width": 16, "Actual Rows": 16273, "Actual Loops": 2, "Inner Unique": false, "Merge Cond": "(c.postid = p.id)", "Workers": [], "Plans": [{"Node Type": "Index Scan", "Parent Relationship": "Outer", "Parallel Aware": true, "Async Capable": false, "Scan Direction": "Forward", "Index Name": "idx_comments_postid", "Relation Name": "comments", "Alias": "c", "Startup Cost": 0.42, "Total Cost": 4959.84, "Plan Rows": 102196, "Plan Width": 4, "Actual Rows": 83521, "Actual Loops": 2, "Filter": "(creationdate >= '2010-07-26 19:37:03'::timestamp without time zone)", "Rows Removed by Filter": 250, "Workers": []}, {"Node Type": "Materialize", "Parent Relationship": "Inner", "Parallel Aware": false, "Async Capable": false, "Startup Cost": 0.72, "Total Cost": 4966.21, "Plan Rows": 10481, "Plan Width": 12, "Actual Rows": 22579, "Actual Loops": 2, "Workers": [], "Plans": [{"Node Type": "Merge Join", "Parent Relationship": "Outer", "Parallel Aware": false, "Async Capable": false, "Join Type": "Inner", "Startup Cost": 0.72, "Total Cost": 4940.01, "Plan Rows": 10481, "Plan Width": 12, "Actual Rows": 10494, "Actual Loops": 2, "Inner Unique": false, "Merge Cond": "(p.id = pl.postid)", "Workers": [], "Plans": [{"Node Type": "Index Scan", "Parent Relationship": "Outer", "Parallel Aware": false, "Async Capable": false, "Scan Direction": "Forward", "Index Name": "posts_pkey", "Relation Name": "posts", "Alias": "p", "Startup Cost": 0.29, "Total Cost": 4158.93, "Plan Rows": 91003, "Plan Width": 8, "Actual Rows": 87138, "Actual Loops": 2, "Filter": "((score >= '-2'::integer) AND (commentcount <= 18) AND (creationdate >= '2010-07-21 13:50:08'::timestamp without time zone) AND (creationdate <= '2014-09-11 00:53:10'::timestamp without time zone))", "Rows Removed by Filter": 676, "Workers": []}, {"Node Type": "Index Scan", "Parent Relationship": "Inner", "Parallel Aware": false, "Async Capable": false, "Scan Direction": "Forward", "Index Name": "idx_postlinks_postid", "Relation Name": "postlinks", "Alias": "pl", "Startup Cost": 0.29, "Total Cost": 423.05, "Plan Rows": 10593, "Plan Width": 4, "Actual Rows": 10593, "Actual Loops": 2, "Filter": "(creationdate <= '2014-08-05 18:27:51'::timestamp without time zone)", "Rows Removed by Filter": 509, "Workers": []}]}]}]}]}, {"Node Type": "Index Scan", "Parent Relationship": "Inner", "Parallel Aware": false, "Async Capable": false, "Scan Direction": "Forward", "Index Name": "users_pkey", "Relation Name": "users", "Alias": "u", "Startup Cost": 0.29, "Total Cost": 1558.79, "Plan Rows": 40325, "Plan Width": 4, "Actual Rows": 37958, "Actual Loops": 2, "Filter": "((downvotes >= 0) AND (upvotes >= 0))", "Rows Removed by Filter": 0, "Workers": []}]}, {"Node Type": "Index Scan", "Parent Relationship": "Inner", "Parallel Aware": false, "Async Capable": false, "Scan Direction": "Forward", "Index Name": "idx_posthistory_postid", "Relation Name": "posthistory", "Alias": "ph", "Startup Cost": 0.42, "Total Cost": 0.57, "Plan Rows": 4, "Plan Width": 4, "Actual Rows": 6, "Actual Loops": 32154, "Index Cond": "(postid = c.postid)", "Rows Removed by Index Recheck": 0, "Filter": "(creationdate >= '2010-11-27 03:38:45'::timestamp without time zone)", "Rows Removed by Filter": 0, "Workers": []}]}, {"Node Type": "Memoize", "Parent Relationship": "Inner", "Parallel Aware": false, "Async Capable": false, "Startup Cost": 0.43, "Total Cost": 0.72, "Plan Rows": 5, "Plan Width": 4, "Actual Rows": 8, "Actual Loops": 195525, "Cache Key": "pl.postid", "Cache Mode": "logical", "Cache Hits": 100017, "Cache Misses": 2950, "Cache Evictions": 0, "Cache Overflows": 0, "Peak Memory Usage": 874, "Workers": [{"Worker Number": 0, "Cache Hits": 90021, "Cache Misses": 2537, "Cache Evictions": 0, "Cache Overflows": 0, "Peak Memory Usage": 588}], "Plans": [{"Node Type": "Index Only Scan", "Parent Relationship": "Outer", "Parallel Aware": false, "Async Capable": false, "Scan Direction": "Forward", "Index Name": "idx_votes_postid", "Relation Name": "votes", "Alias": "v", "Startup Cost": 0.42, "Total Cost": 0.71, "Plan Rows": 5, "Plan Width": 4, "Actual Rows": 6, "Actual Loops": 5487, "Index Cond": "(postid = pl.postid)", "Rows Removed by Index Recheck": 0, "Heap Fetches": 0, "Workers": []}]}]}]}]}]}, "Planning Time": 11.874, "Triggers": [], "Execution Time": 290.852}, {"Plan": {"Node Type": "Aggregate", "Strategy": "Plain", "Partial Mode": "Finalize", "Parallel Aware": false, "Async Capable": false, "Startup Cost": 29927.41, "Total Cost": 29927.42, "Plan Rows": 1, "Plan Width": 8, "Actual Rows": 1, "Actual Loops": 1, "Plans": [{"Node Type": "Gather", "Parent Relationship": "Outer", "Parallel Aware": false, "Async Capable": false, "Startup Cost": 29927.19, "Total Cost": 29927.4, "Plan Rows": 2, "Plan Width": 8, "Actual Rows": 3, "Actual Loops": 1, "Workers Planned": 2, "Workers Launched": 2, "Single Copy": false, "Plans": [{"Node Type": "Aggregate", "Strategy": "Plain", "Partial Mode": "Partial", "Parent Relationship": "Outer", "Parallel Aware": false, "Async Capable": false, "Startup Cost": 28927.19, "Total Cost": 28927.2, "Plan Rows": 1, "Plan Width": 8, "Actual Rows": 1, "Actual Loops": 3, "Workers": [], "Plans": [{"Node Type": "Merge Join", "Parent Relationship": "Outer", "Parallel Aware": false, "Async Capable": false, "Join Type": "Inner", "Startup Cost": 2.28, "Total Cost": 28697.47, "Plan Rows": 91888, "Plan Width": 0, "Actual Rows": 523476, "Actual Loops": 3, "Inner Unique": false, "Merge Cond": "(p.id = c.postid)", "Workers": [], "Plans": [{"Node Type": "Merge Join", "Parent Relationship": "Outer", "Parallel Aware": false, "Async Capable": false, "Join Type": "Inner", "Startup Cost": 1.86, "Total Cost": 21366.05, "Plan Rows": 48648, "Plan Width": 16, "Actual Rows": 127783, "Actual Loops": 3, "Inner Unique": false, "Merge Cond": "(v.postid = p.id)", "Workers": [], "Plans": [{"Node Type": "Index Only Scan", "Parent Relationship": "Outer", "Parallel Aware": true, "Async Capable": false, "Scan Direction": "Forward", "Index Name": "idx_votes_postid", "Relation Name": "votes", "Alias": "v", "Startup Cost": 0.42, "Total Cost": 5043.98, "Plan Rows": 136693, "Plan Width": 4, "Actual Rows": 107039, "Actual Loops": 3, "Heap Fetches": 0, "Workers": []}, {"Node Type": "Materialize", "Parent Relationship": "Inner", "Parallel Aware": false, "Async Capable": false, "Startup Cost": 1.43, "Total Cost": 15332.94, "Plan Rows": 32733, "Plan Width": 12, "Actual Rows": 168635, "Actual Loops": 3, "Workers": [], "Plans": [{"Node Type": "Nested Loop", "Parent Relationship": "Outer", "Parallel Aware": false, "Async Capable": false, "Join Type": "Inner", "Startup Cost": 1.43, "Total Cost": 15251.11, "Plan Rows": 32733, "Plan Width": 12, "Actual Rows": 57968, "Actual Loops": 3, "Inner Unique": false, "Workers": [], "Plans": [{"Node Type": "Nested Loop", "Parent Relationship": "Outer", "Parallel Aware": false, "Async Capable": false, "Join Type": "Inner", "Startup Cost": 1.01, "Total Cost": 8404.2, "Plan Rows": 10322, "Plan Width": 8, "Actual Rows": 10354, "Actual Loops": 3, "Inner Unique": true, "Workers": [], "Plans": [{"Node Type": "Merge Join", "Parent Relationship": "Outer", "Parallel Aware": false, "Async Capable": false, "Join Type": "Inner", "Startup Cost": 0.72, "Total Cost": 4940.01, "Plan Rows": 10481, "Plan Width": 12, "Actual Rows": 10494, "Actual Loops": 3, "Inner Unique": false, "Merge Cond": "(p.id = pl.postid)", "Workers": [], "Plans": [{"Node Type": "Index Scan", "Parent Relationship": "Outer", "Parallel Aware": false, "Async Capable": false, "Scan Direction": "Forward", "Index Name": "posts_pkey", "Relation Name": "posts", "Alias": "p", "Startup Cost": 0.29, "Total Cost": 4158.93, "Plan Rows": 91003, "Plan Width": 8, "Actual Rows": 87138, "Actual Loops": 3, "Filter": "((score >= '-2'::integer) AND (commentcount <= 18) AND (creationdate >= '2010-07-21 13:50:08'::timestamp without time zone) AND (creationdate <= '2014-09-11 00:53:10'::timestamp without time zone))", "Rows Removed by Filter": 676, "Workers": []}, {"Node Type": "Index Scan", "Parent Relationship": "Inner", "Parallel Aware": false, "Async Capable": false, "Scan Direction": "Forward", "Index Name": "idx_postlinks_postid", "Relation Name": "postlinks", "Alias": "pl", "Startup Cost": 0.29, "Total Cost": 423.05, "Plan Rows": 10593, "Plan Width": 4, "Actual Rows": 10593, "Actual Loops": 3, "Filter": "(creationdate <= '2014-08-05 18:27:51'::timestamp without time zone)", "Rows Removed by Filter": 509, "Workers": []}]}, {"Node Type": "Index Scan", "Parent Relationship": "Inner", "Parallel Aware": false, "Async Capable": false, "Scan Direction": "Forward", "Index Name": "users_pkey", "Relation Name": "users", "Alias": "u", "Startup Cost": 0.29, "Total Cost": 0.33, "Plan Rows": 1, "Plan Width": 4, "Actual Rows": 1, "Actual Loops": 31482, "Index Cond": "(id = p.owneruserid)", "Rows Removed by Index Recheck": 0, "Filter": "((downvotes >= 0) AND (upvotes >= 0))", "Rows Removed by Filter": 0, "Workers": []}]}, {"Node Type": "Index Scan", "Parent Relationship": "Inner", "Parallel Aware": false, "Async Capable": false, "Scan Direction": "Forward", "Index Name": "idx_posthistory_postid", "Relation Name": "posthistory", "Alias": "ph", "Startup Cost": 0.42, "Total Cost": 0.62, "Plan Rows": 4, "Plan Width": 4, "Actual Rows": 6, "Actual Loops": 31062, "Index Cond": "(postid = p.id)", "Rows Removed by Index Recheck": 0, "Filter": "(creationdate >= '2010-11-27 03:38:45'::timestamp without time zone)", "Rows Removed by Filter": 0, "Workers": []}]}]}]}, {"Node Type": "Index Scan", "Parent Relationship": "Inner", "Parallel Aware": false, "Async Capable": false, "Scan Direction": "Forward", "Index Name": "idx_comments_postid", "Relation Name": "comments", "Alias": "c", "Startup Cost": 0.42, "Total Cost": 5857.0, "Plan Rows": 173734, "Plan Width": 4, "Actual Rows": 684283, "Actual Loops": 3, "Filter": "(creationdate >= '2010-07-26 19:37:03'::timestamp without time zone)", "Rows Removed by Filter": 507, "Workers": []}]}]}]}]}, "Planning Time": 14.328, "Triggers": [], "Execution Time": 397.557}, {"Plan": {"Node Type": "Aggregate", "Strategy": "Plain", "Partial Mode": "Finalize", "Parallel Aware": false, "Async Capable": false, "Startup Cost": 33159.65, "Total Cost": 33159.66, "Plan Rows": 1, "Plan Width": 8, "Actual Rows": 1, "Actual Loops": 1, "Plans": [{"Node Type": "Gather", "Parent Relationship": "Outer", "Parallel Aware": false, "Async Capable": false, "Startup Cost": 33159.44, "Total Cost": 33159.65, "Plan Rows": 2, "Plan Width": 8, "Actual Rows": 3, "Actual Loops": 1, "Workers Planned": 2, "Workers Launched": 2, "Single Copy": false, "Plans": [{"Node Type": "Aggregate", "Strategy": "Plain", "Partial Mode": "Partial", "Parent Relationship": "Outer", "Parallel Aware": false, "Async Capable": false, "Startup Cost": 32159.44, "Total Cost": 32159.45, "Plan Rows": 1, "Plan Width": 8, "Actual Rows": 1, "Actual Loops": 3, "Workers": [], "Plans": [{"Node Type": "Merge Join", "Parent Relationship": "Outer", "Parallel Aware": false, "Async Capable": false, "Join Type": "Inner", "Startup Cost": 8143.74, "Total Cost": 31929.72, "Plan Rows": 91888, "Plan Width": 0, "Actual Rows": 523476, "Actual Loops": 3, "Inner Unique": false, "Merge Cond": "(p.id = ph.postid)", "Workers": [], "Plans": [{"Node Type": "Merge Join", "Parent Relationship": "Outer", "Parallel Aware": false, "Async Capable": false, "Join Type": "Inner", "Startup Cost": 8143.31, "Total Cost": 20377.75, "Plan Rows": 28977, "Plan Width": 16, "Actual Rows": 81922, "Actual Loops": 3, "Inner Unique": false, "Merge Cond": "(p.id = c.postid)", "Workers": [], "Plans": [{"Node Type": "Merge Join", "Parent Relationship": "Outer", "Parallel Aware": false, "Async Capable": false, "Join Type": "Inner", "Startup Cost": 8142.89, "Total Cost": 13758.28, "Plan Rows": 15341, "Plan Width": 12, "Actual Rows": 21385, "Actual Loops": 3, "Inner Unique": false, "Merge Cond": "(v.postid = p.id)", "Workers": [], "Plans": [{"Node Type": "Index Only Scan", "Parent Relationship": "Outer", "Parallel Aware": true, "Async Capable": false, "Scan Direction": "Forward", "Index Name": "idx_votes_postid", "Relation Name": "votes", "Alias": "v", "Startup Cost": 0.42, "Total Cost": 5043.98, "Plan Rows": 136693, "Plan Width": 4, "Actual Rows": 107039, "Actual Loops": 3, "Heap Fetches": 0, "Workers": []}, {"Node Type": "Sort", "Parent Relationship": "Inner", "Parallel Aware": false, "Async Capable": false, "Startup Cost": 8142.47, "Total Cost": 8168.28, "Plan Rows": 10322, "Plan Width": 8, "Actual Rows": 28776, "Actual Loops": 3, "Sort Key": ["p.id"], "Sort Method": "quicksort", "Sort Space Used": 708, "Sort Space Type": "Memory", "Workers": [{"Worker Number": 0, "Sort Method": "quicksort", "Sort Space Used": 708, "Sort Space Type": "Memory"}, {"Worker Number": 1, "Sort Method": "quicksort", "Sort Space Used": 708, "Sort Space Type": "Memory"}], "Plans": [{"Node Type": "Merge Join", "Parent Relationship": "Outer", "Parallel Aware": false, "Async Capable": false, "Join Type": "Inner", "Startup Cost": 5640.19, "Total Cost": 7454.33, "Plan Rows": 10322, "Plan Width": 8, "Actual Rows": 10354, "Actual Loops": 3, "Inner Unique": false, "Merge Cond": "(u.id = p.owneruserid)", "Workers": [], "Plans": [{"Node Type": "Index Scan", "Parent Relationship": "Outer", "Parallel Aware": false, "Async Capable": false, "Scan Direction": "Forward", "Index Name": "users_pkey", "Relation Name": "users", "Alias": "u", "Startup Cost": 0.29, "Total Cost": 1558.79, "Plan Rows": 40325, "Plan Width": 4, "Actual Rows": 38058, "Actual Loops": 3, "Filter": "((downvotes >= 0) AND (upvotes >= 0))", "Rows Removed by Filter": 0, "Workers": []}, {"Node Type": "Sort", "Parent Relationship": "Inner", "Parallel Aware": false, "Async Capable": false, "Startup Cost": 5639.9, "Total Cost": 5666.1, "Plan Rows": 10481, "Plan Width": 12, "Actual Rows": 10355, "Actual Loops": 3, "Sort Key": ["p.owneruserid"], "Sort Method": "quicksort", "Sort Space Used": 793, "Sort Space Type": "Memory", "Workers": [{"Worker Number": 0, "Sort Method": "quicksort", "Sort Space Used": 793, "Sort Space Type": "Memory"}, {"Worker Number": 1, "Sort Method": "quicksort", "Sort Space Used": 793, "Sort Space Type": "Memory"}], "Plans": [{"Node Type": "Merge Join", "Parent Relationship": "Outer", "Parallel Aware": false, "Async Capable": false, "Join Type": "Inner", "Startup Cost": 0.72, "Total Cost": 4940.01, "Plan Rows": 10481, "Plan Width": 12, "Actual Rows": 10494, "Actual Loops": 3, "Inner Unique": false, "Merge Cond": "(p.id = pl.postid)", "Workers": [], "Plans": [{"Node Type": "Index Scan", "Parent Relationship": "Outer", "Parallel Aware": false, "Async Capable": false, "Scan Direction": "Forward", "Index Name": "posts_pkey", "Relation Name": "posts", "Alias": "p", "Startup Cost": 0.29, "Total Cost": 4158.93, "Plan Rows": 91003, "Plan Width": 8, "Actual Rows": 87138, "Actual Loops": 3, "Filter": "((score >= '-2'::integer) AND (commentcount <= 18) AND (creationdate >= '2010-07-21 13:50:08'::timestamp without time zone) AND (creationdate <= '2014-09-11 00:53:10'::timestamp without time zone))", "Rows Removed by Filter": 676, "Workers": []}, {"Node Type": "Index Scan", "Parent Relationship": "Inner", "Parallel Aware": false, "Async Capable": false, "Scan Direction": "Forward", "Index Name": "idx_postlinks_postid", "Relation Name": "postlinks", "Alias": "pl", "Startup Cost": 0.29, "Total Cost": 423.05, "Plan Rows": 10593, "Plan Width": 4, "Actual Rows": 10593, "Actual Loops": 3, "Filter": "(creationdate <= '2014-08-05 18:27:51'::timestamp without time zone)", "Rows Removed by Filter": 509, "Workers": []}]}]}]}]}]}, {"Node Type": "Index Scan", "Parent Relationship": "Inner", "Parallel Aware": false, "Async Capable": false, "Scan Direction": "Forward", "Index Name": "idx_comments_postid", "Relation Name": "comments", "Alias": "c", "Startup Cost": 0.42, "Total Cost": 5857.0, "Plan Rows": 173734, "Plan Width": 4, "Actual Rows": 242274, "Actual Loops": 3, "Filter": "(creationdate >= '2010-07-26 19:37:03'::timestamp without time zone)", "Rows Removed by Filter": 948, "Workers": []}]}, {"Node Type": "Index Scan", "Parent Relationship": "Inner", "Parallel Aware": false, "Async Capable": false, "Scan Direction": "Forward", "Index Name": "idx_posthistory_postid", "Relation Name": "posthistory", "Alias": "ph", "Startup Cost": 0.42, "Total Cost": 9831.47, "Plan Rows": 291665, "Plan Width": 4, "Actual Rows": 791739, "Actual Loops": 3, "Filter": "(creationdate >= '2010-11-27 03:38:45'::timestamp without time zone)", "Rows Removed by Filter": 117986, "Workers": []}]}]}]}]}, "Planning Time": 11.46, "Triggers": [], "Execution Time": 473.4}, {"Plan": {"Node Type": "Aggregate", "Strategy": "Plain", "Partial Mode": "Simple", "Parallel Aware": false, "Async Capable": false, "Startup Cost": 37946.7, "Total Cost": 37946.71, "Plan Rows": 1, "Plan Width": 8, "Actual Rows": 1, "Actual Loops": 1, "Plans": [{"Node Type": "Nested Loop", "Parent Relationship": "Outer", "Parallel Aware": false, "Async Capable": false, "Join Type": "Inner", "Startup Cost": 2.16, "Total Cost": 37395.37, "Plan Rows": 220530, "Plan Width": 0, "Actual Rows": 1570429, "Actual Loops": 1, "Inner Unique": false, "Join Filter": "(p.id = v.postid)", "Rows Removed by Join Filter": 0, "Plans": [{"Node Type": "Nested Loop", "Parent Relationship": "Outer", "Parallel Aware": false, "Async Capable": false, "Join Type": "Inner", "Startup Cost": 1.73, "Total Cost": 26670.18, "Plan Rows": 61828, "Plan Width": 16, "Actual Rows": 195525, "Actual Loops": 1, "Inner Unique": false, "Join Filter": "(c.postid = p.id)", "Rows Removed by Join Filter": 0, "Plans": [{"Node Type": "Nested Loop", "Parent Relationship": "Outer", "Parallel Aware": false, "Async Capable": false, "Join Type": "Inner", "Startup Cost": 1.3, "Total Cost": 16512.12, "Plan Rows": 32733, "Plan Width": 12, "Actual Rows": 57968, "Actual Loops": 1, "Inner Unique": false, "Plans": [{"Node Type": "Nested Loop", "Parent Relationship": "Outer", "Parallel Aware": false, "Async Capable": false, "Join Type": "Inner", "Startup Cost": 0.88, "Total Cost": 9665.21, "Plan Rows": 10322, "Plan Width": 8, "Actual Rows": 10354, "Actual Loops": 1, "Inner Unique": true, "Plans": [{"Node Type": "Nested Loop", "Parent Relationship": "Outer", "Parallel Aware": false, "Async Capable": false, "Join Type": "Inner", "Startup Cost": 0.59, "Total Cost": 6201.02, "Plan Rows": 10481, "Plan Width": 12, "Actual Rows": 10494, "Actual Loops": 1, "Inner Unique": true, "Plans": [{"Node Type": "Index Scan", "Parent Relationship": "Outer", "Parallel Aware": false, "Async Capable": false, "Scan Direction": "Forward", "Index Name": "idx_postlinks_postid", "Relation Name": "postlinks", "Alias": "pl", "Startup Cost": 0.29, "Total Cost": 423.05, "Plan Rows": 10593, "Plan Width": 4, "Actual Rows": 10593, "Actual Loops": 1, "Filter": "(creationdate <= '2014-08-05 18:27:51'::timestamp without time zone)", "Rows Removed by Filter": 509}, {"Node Type": "Memoize", "Parent Relationship": "Inner", "Parallel Aware": false, "Async Capable": false, "Startup Cost": 0.3, "Total Cost": 0.74, "Plan Rows": 1, "Plan Width": 8, "Actual Rows": 1, "Actual Loops": 10593, "Cache Key": "pl.postid", "Cache Mode": "logical", "Cache Hits": 3320, "Cache Misses": 7273, "Cache Evictions": 0, "Cache Overflows": 0, "Peak Memory Usage": 765, "Plans": [{"Node Type": "Index Scan", "Parent Relationship": "Outer", "Parallel Aware": false, "Async Capable": false, "Scan Direction": "Forward", "Index Name": "posts_pkey", "Relation Name": "posts", "Alias": "p", "Startup Cost": 0.29, "Total Cost": 0.73, "Plan Rows": 1, "Plan Width": 8, "Actual Rows": 1, "Actual Loops": 7273, "Index Cond": "(id = pl.postid)", "Rows Removed by Index Recheck": 0, "Filter": "((score >= '-2'::integer) AND (commentcount <= 18) AND (creationdate >= '2010-07-21 13:50:08'::timestamp without time zone) AND (creationdate <= '2014-09-11 00:53:10'::timestamp without time zone))", "Rows Removed by Filter": 0}]}]}, {"Node Type": "Index Scan", "Parent Relationship": "Inner", "Parallel Aware": false, "Async Capable": false, "Scan Direction": "Forward", "Index Name": "users_pkey", "Relation Name": "users", "Alias": "u", "Startup Cost": 0.29, "Total Cost": 0.33, "Plan Rows": 1, "Plan Width": 4, "Actual Rows": 1, "Actual Loops": 10494, "Index Cond": "(id = p.owneruserid)", "Rows Removed by Index Recheck": 0, "Filter": "((downvotes >= 0) AND (upvotes >= 0))", "Rows Removed by Filter": 0}]}, {"Node Type": "Index Scan", "Parent Relationship": "Inner", "Parallel Aware": false, "Async Capable": false, "Scan Direction": "Forward", "Index Name": "idx_posthistory_postid", "Relation Name": "posthistory", "Alias": "ph", "Startup Cost": 0.42, "Total Cost": 0.62, "Plan Rows": 4, "Plan Width": 4, "Actual Rows": 6, "Actual Loops": 10354, "Index Cond": "(postid = p.id)", "Rows Removed by Index Recheck": 0, "Filter": "(creationdate >= '2010-11-27 03:38:45'::timestamp without time zone)", "Rows Removed by Filter": 0}]}, {"Node Type": "Memoize", "Parent Relationship": "Inner", "Parallel Aware": false, "Async Capable": false, "Startup Cost": 0.43, "Total Cost": 1.11, "Plan Rows": 3, "Plan Width": 4, "Actual Rows": 3, "Actual Loops": 57968, "Cache Key": "pl.postid", "Cache Mode": "logical", "Cache Hits": 50989, "Cache Misses": 6979, "Cache Evictions": 0, "Cache Overflows": 0, "Peak Memory Usage": 1196, "Plans": [{"Node Type": "Index Scan", "Parent Relationship": "Outer", "Parallel Aware": false, "Async Capable": false, "Scan Direction": "Forward", "Index Name": "idx_comments_postid", "Relation Name": "comments", "Alias": "c", "Startup Cost": 0.42, "Total Cost": 1.1, "Plan Rows": 3, "Plan Width": 4, "Actual Rows": 3, "Actual Loops": 6979, "Index Cond": "(postid = pl.postid)", "Rows Removed by Index Recheck": 0, "Filter": "(creationdate >= '2010-07-26 19:37:03'::timestamp without time zone)", "Rows Removed by Filter": 0}]}]}, {"Node Type": "Memoize", "Parent Relationship": "Inner", "Parallel Aware": false, "Async Capable": false, "Startup Cost": 0.43, "Total Cost": 0.72, "Plan Rows": 5, "Plan Width": 4, "Actual Rows": 8, "Actual Loops": 195525, "Cache Key": "pl.postid", "Cache Mode": "logical", "Cache Hits": 190038, "Cache Misses": 5487, "Cache Evictions": 0, "Cache Overflows": 0, "Peak Memory Usage": 1462, "Plans": [{"Node Type": "Index Only Scan", "Parent Relationship": "Outer", "Parallel Aware": false, "Async Capable": false, "Scan Direction": "Forward", "Index Name": "idx_votes_postid", "Relation Name": "votes", "Alias": "v", "Startup Cost": 0.42, "Total Cost": 0.71, "Plan Rows": 5, "Plan Width": 4, "Actual Rows": 6, "Actual Loops": 5487, "Index Cond": "(postid = pl.postid)", "Rows Removed by Index Recheck": 0, "Heap Fetches": 0}]}]}]}, "Planning Time": 5.381, "Triggers": [], "Execution Time": 390.064}, {"Plan": {"Node Type": "Aggregate", "Strategy": "Plain", "Partial Mode": "Simple", "Parallel Aware": false, "Async Capable": false, "Startup Cost": 37744.43, "Total Cost": 37744.44, "Plan Rows": 1, "Plan Width": 8, "Actual Rows": 1, "Actual Loops": 1, "Plans": [{"Node Type": "Nested Loop", "Parent Relationship": "Outer", "Parallel Aware": false, "Async Capable": false, "Join Type": "Inner", "Startup Cost": 1.88, "Total Cost": 37193.1, "Plan Rows": 220530, "Plan Width": 0, "Actual Rows": 1570429, "Actual Loops": 1, "Inner Unique": false, "Join Filter": "(p.id = v.postid)", "Rows Removed by Join Filter": 0, "Plans": [{"Node Type": "Nested Loop", "Parent Relationship": "Outer", "Parallel Aware": false, "Async Capable": false, "Join Type": "Inner", "Startup Cost": 1.45, "Total Cost": 26467.91, "Plan Rows": 61828, "Plan Width": 16, "Actual Rows": 195525, "Actual Loops": 1, "Inner Unique": false, "Join Filter": "(c.postid = p.id)", "Rows Removed by Join Filter": 0, "Plans": [{"Node Type": "Nested Loop", "Parent Relationship": "Outer", "Parallel Aware": false, "Async Capable": false, "Join Type": "Inner", "Startup Cost": 1.02, "Total Cost": 16309.84, "Plan Rows": 32733, "Plan Width": 12, "Actual Rows": 57968, "Actual Loops": 1, "Inner Unique": false, "Plans": [{"Node Type": "Nested Loop", "Parent Relationship": "Outer", "Parallel Aware": false, "Async Capable": false, "Join Type": "Inner", "Startup Cost": 0.59, "Total Cost": 9462.94, "Plan Rows": 10322, "Plan Width": 8, "Actual Rows": 10354, "Actual Loops": 1, "Inner Unique": true, "Plans": [{"Node Type": "Nested Loop", "Parent Relationship": "Outer", "Parallel Aware": false, "Async Capable": false, "Join Type": "Inner", "Startup Cost": 0.3, "Total Cost": 5998.74, "Plan Rows": 10481, "Plan Width": 12, "Actual Rows": 10494, "Actual Loops": 1, "Inner Unique": true, "Plans": [{"Node Type": "Seq Scan", "Parent Relationship": "Outer", "Parallel Aware": false, "Async Capable": false, "Relation Name": "postlinks", "Alias": "pl", "Startup Cost": 0.0, "Total Cost": 220.78, "Plan Rows": 10593, "Plan Width": 4, "Actual Rows": 10593, "Actual Loops": 1, "Filter": "(creationdate <= '2014-08-05 18:27:51'::timestamp without time zone)", "Rows Removed by Filter": 509}, {"Node Type": "Memoize", "Parent Relationship": "Inner", "Parallel Aware": false, "Async Capable": false, "Startup Cost": 0.3, "Total Cost": 0.74, "Plan Rows": 1, "Plan Width": 8, "Actual Rows": 1, "Actual Loops": 10593, "Cache Key": "pl.postid", "Cache Mode": "logical", "Cache Hits": 3320, "Cache Misses": 7273, "Cache Evictions": 0, "Cache Overflows": 0, "Peak Memory Usage": 765, "Plans": [{"Node Type": "Index Scan", "Parent Relationship": "Outer", "Parallel Aware": false, "Async Capable": false, "Scan Direction": "Forward", "Index Name": "posts_pkey", "Relation Name": "posts", "Alias": "p", "Startup Cost": 0.29, "Total Cost": 0.73, "Plan Rows": 1, "Plan Width": 8, "Actual Rows": 1, "Actual Loops": 7273, "Index Cond": "(id = pl.postid)", "Rows Removed by Index Recheck": 0, "Filter": "((score >= '-2'::integer) AND (commentcount <= 18) AND (creationdate >= '2010-07-21 13:50:08'::timestamp without time zone) AND (creationdate <= '2014-09-11 00:53:10'::timestamp without time zone))", "Rows Removed by Filter": 0}]}]}, {"Node Type": "Index Scan", "Parent Relationship": "Inner", "Parallel Aware": false, "Async Capable": false, "Scan Direction": "Forward", "Index Name": "users_pkey", "Relation Name": "users", "Alias": "u", "Startup Cost": 0.29, "Total Cost": 0.33, "Plan Rows": 1, "Plan Width": 4, "Actual Rows": 1, "Actual Loops": 10494, "Index Cond": "(id = p.owneruserid)", "Rows Removed by Index Recheck": 0, "Filter": "((downvotes >= 0) AND (upvotes >= 0))", "Rows Removed by Filter": 0}]}, {"Node Type": "Index Scan", "Parent Relationship": "Inner", "Parallel Aware": false, "Async Capable": false, "Scan Direction": "Forward", "Index Name": "idx_posthistory_postid", "Relation Name": "posthistory", "Alias": "ph", "Startup Cost": 0.42, "Total Cost": 0.62, "Plan Rows": 4, "Plan Width": 4, "Actual Rows": 6, "Actual Loops": 10354, "Index Cond": "(postid = p.id)", "Rows Removed by Index Recheck": 0, "Filter": "(creationdate >= '2010-11-27 03:38:45'::timestamp without time zone)", "Rows Removed by Filter": 0}]}, {"Node Type": "Memoize", "Parent Relationship": "Inner", "Parallel Aware": false, "Async Capable": false, "Startup Cost": 0.43, "Total Cost": 1.11, "Plan Rows": 3, "Plan Width": 4, "Actual Rows": 3, "Actual Loops": 57968, "Cache Key": "pl.postid", "Cache Mode": "logical", "Cache Hits": 50989, "Cache Misses": 6979, "Cache Evictions": 0, "Cache Overflows": 0, "Peak Memory Usage": 1196, "Plans": [{"Node Type": "Index Scan", "Parent Relationship": "Outer", "Parallel Aware": false, "Async Capable": false, "Scan Direction": "Forward", "Index Name": "idx_comments_postid", "Relation Name": "comments", "Alias": "c", "Startup Cost": 0.42, "Total Cost": 1.1, "Plan Rows": 3, "Plan Width": 4, "Actual Rows": 3, "Actual Loops": 6979, "Index Cond": "(postid = pl.postid)", "Rows Removed by Index Recheck": 0, "Filter": "(creationdate >= '2010-07-26 19:37:03'::timestamp without time zone)", "Rows Removed by Filter": 0}]}]}, {"Node Type": "Memoize", "Parent Relationship": "Inner", "Parallel Aware": false, "Async Capable": false, "Startup Cost": 0.43, "Total Cost": 0.72, "Plan Rows": 5, "Plan Width": 4, "Actual Rows": 8, "Actual Loops": 195525, "Cache Key": "pl.postid", "Cache Mode": "logical", "Cache Hits": 190038, "Cache Misses": 5487, "Cache Evictions": 0, "Cache Overflows": 0, "Peak Memory Usage": 1462, "Plans": [{"Node Type": "Index Only Scan", "Parent Relationship": "Outer", "Parallel Aware": false, "Async Capable": false, "Scan Direction": "Forward", "Index Name": "idx_votes_postid", "Relation Name": "votes", "Alias": "v", "Startup Cost": 0.42, "Total Cost": 0.71, "Plan Rows": 5, "Plan Width": 4, "Actual Rows": 6, "Actual Loops": 5487, "Index Cond": "(postid = pl.postid)", "Rows Removed by Index Recheck": 0, "Heap Fetches": 0}]}]}]}, "Planning Time": 5.993, "Triggers": [], "Execution Time": 391.007}, {"Plan": {"Node Type": "Aggregate", "Strategy": "Plain", "Partial Mode": "Finalize", "Parallel Aware": false, "Async Capable": false, "Startup Cost": 96430.98, "Total Cost": 96430.99, "Plan Rows": 1, "Plan Width": 8, "Actual Rows": 1, "Actual Loops": 1, "Plans": [{"Node Type": "Gather", "Parent Relationship": "Outer", "Parallel Aware": false, "Async Capable": false, "Startup Cost": 96430.87, "Total Cost": 96430.98, "Plan Rows": 1, "Plan Width": 8, "Actual Rows": 2, "Actual Loops": 1, "Workers Planned": 1, "Workers Launched": 1, "Single Copy": false, "Plans": [{"Node Type": "Aggregate", "Strategy": "Plain", "Partial Mode": "Partial", "Parent Relationship": "Outer", "Parallel Aware": false, "Async Capable": false, "Startup Cost": 95430.87, "Total Cost": 95430.88, "Plan Rows": 1, "Plan Width": 8, "Actual Rows": 1, "Actual Loops": 2, "Workers": [], "Plans": [{"Node Type": "Merge Join", "Parent Relationship": "Outer", "Parallel Aware": false, "Async Capable": false, "Join Type": "Inner", "Startup Cost": 89627.07, "Total Cost": 95106.56, "Plan Rows": 129724, "Plan Width": 0, "Actual Rows": 785214, "Actual Loops": 2, "Inner Unique": false, "Merge Cond": "(p.id = ph.postid)", "Workers": [], "Plans": [{"Node Type": "Merge Join", "Parent Relationship": "Outer", "Parallel Aware": false, "Async Capable": false, "Join Type": "Inner", "Startup Cost": 57122.87, "Total Cost": 59744.54, "Plan Rows": 40908, "Plan Width": 16, "Actual Rows": 122882, "Actual Loops": 2, "Inner Unique": false, "Merge Cond": "(p.id = c.postid)", "Workers": [], "Plans": [{"Node Type": "Merge Join", "Parent Relationship": "Outer", "Parallel Aware": false, "Async Capable": false, "Join Type": "Inner", "Startup Cost": 38479.54, "Total Cost": 39769.29, "Plan Rows": 21658, "Plan Width": 12, "Actual Rows": 32078, "Actual Loops": 2, "Inner Unique": false, "Merge Cond": "(v.postid = p.id)", "Workers": [], "Plans": [{"Node Type": "Sort", "Parent Relationship": "Outer", "Parallel Aware": false, "Async Capable": false, "Startup Cost": 21031.5, "Total Cost": 21513.94, "Plan Rows": 192979, "Plan Width": 4, "Actual Rows": 160558, "Actual Loops": 2, "Sort Key": ["v.postid"], "Sort Method": "quicksort", "Sort Space Used": 6145, "Sort Space Type": "Memory", "Workers": [{"Worker Number": 0, "Sort Method": "quicksort", "Sort Space Used": 3073, "Sort Space Type": "Memory"}], "Plans": [{"Node Type": "Seq Scan", "Parent Relationship": "Outer", "Parallel Aware": true, "Async Capable": false, "Relation Name": "votes", "Alias": "v", "Startup Cost": 0.0, "Total Cost": 4089.79, "Plan Rows": 192979, "Plan Width": 4, "Actual Rows": 164032, "Actual Loops": 2, "Workers": []}]}, {"Node Type": "Sort", "Parent Relationship": "Inner", "Parallel Aware": false, "Async Capable": false, "Startup Cost": 17448.04, "Total Cost": 17473.84, "Plan Rows": 10322, "Plan Width": 8, "Actual Rows": 36122, "Actual Loops": 2, "Sort Key": ["p.id"], "Sort Method": "quicksort", "Sort Space Used": 708, "Sort Space Type": "Memory", "Workers": [{"Worker Number": 0, "Sort Method": "quicksort", "Sort Space Used": 708, "Sort Space Type": "Memory"}], "Plans": [{"Node Type": "Merge Join", "Parent Relationship": "Outer", "Parallel Aware": false, "Async Capable": false, "Join Type": "Inner", "Startup Cost": 16403.45, "Total Cost": 16759.9, "Plan Rows": 10322, "Plan Width": 8, "Actual Rows": 10354, "Actual Loops": 2, "Inner Unique": true, "Merge Cond": "(p.owneruserid = u.id)", "Workers": [], "Plans": [{"Node Type": "Sort", "Parent Relationship": "Outer", "Parallel Aware": false, "Async Capable": false, "Startup Cost": 12416.83, "Total Cost": 12443.03, "Plan Rows": 10481, "Plan Width": 12, "Actual Rows": 10355, "Actual Loops": 2, "Sort Key": ["p.owneruserid"], "Sort Method": "quicksort", "Sort Space Used": 793, "Sort Space Type": "Memory", "Workers": [{"Worker Number": 0, "Sort Method": "quicksort", "Sort Space Used": 793, "Sort Space Type": "Memory"}], "Plans": [{"Node Type": "Merge Join", "Parent Relationship": "Outer", "Parallel Aware": false, "Async Capable": false, "Join Type": "Inner", "Startup Cost": 11104.24, "Total Cost": 11716.94, "Plan Rows": 10481, "Plan Width": 12, "Actual Rows": 10494, "Actual Loops": 2, "Inner Unique": false, "Merge Cond": "(p.id = pl.postid)", "Workers": [], "Plans": [{"Node Type": "Sort", "Parent Relationship": "Outer", "Parallel Aware": false, "Async Capable": false, "Startup Cost": 10175.27, "Total Cost": 10402.77, "Plan Rows": 91003, "Plan Width": 8, "Actual Rows": 87138, "Actual Loops": 2, "Sort Key": ["p.id"], "Sort Method": "quicksort", "Sort Space Used": 5916, "Sort Space Type": "Memory", "Workers": [{"Worker Number": 0, "Sort Method": "quicksort", "Sort Space Used": 5916, "Sort Space Type": "Memory"}], "Plans": [{"Node Type": "Seq Scan", "Parent Relationship": "Outer", "Parallel Aware": false, "Async Capable": false, "Relation Name": "posts", "Alias": "p", "Startup Cost": 0.0, "Total Cost": 2679.52, "Plan Rows": 91003, "Plan Width": 8, "Actual Rows": 91000, "Actual Loops": 2, "Filter": "((score >= '-2'::integer) AND (commentcount <= 18) AND (creationdate >= '2010-07-21 13:50:08'::timestamp without time zone) AND (creationdate <= '2014-09-11 00:53:10'::timestamp without time zone))", "Rows Removed by Filter": 976, "Workers": []}]}, {"Node Type": "Sort", "Parent Relationship": "Inner", "Parallel Aware": false, "Async Capable": false, "Startup Cost": 928.96, "Total Cost": 955.44, "Plan Rows": 10593, "Plan Width": 4, "Actual Rows": 10593, "Actual Loops": 2, "Sort Key": ["pl.postid"], "Sort Method": "quicksort", "Sort Space Used": 385, "Sort Space Type": "Memory", "Workers": [{"Worker Number": 0, "Sort Method": "quicksort", "Sort Space Used": 385, "Sort Space Type": "Memory"}], "Plans": [{"Node Type": "Seq Scan", "Parent Relationship": "Outer", "Parallel Aware": false, "Async Capable": false, "Relation Name": "postlinks", "Alias": "pl", "Startup Cost": 0.0, "Total Cost": 220.78, "Plan Rows": 10593, "Plan Width": 4, "Actual Rows": 10593, "Actual Loops": 2, "Filter": "(creationdate <= '2014-08-05 18:27:51'::timestamp without time zone)", "Rows Removed by Filter": 509, "Workers": []}]}]}]}, {"Node Type": "Sort", "Parent Relationship": "Inner", "Parallel Aware": false, "Async Capable": false, "Startup Cost": 3986.61, "Total Cost": 4087.43, "Plan Rows": 40325, "Plan Width": 4, "Actual Rows": 38057, "Actual Loops": 2, "Sort Key": ["u.id"], "Sort Method": "quicksort", "Sort Space Used": 1537, "Sort Space Type": "Memory", "Workers": [{"Worker Number": 0, "Sort Method": "quicksort", "Sort Space Used": 1537, "Sort Space Type": "Memory"}], "Plans": [{"Node Type": "Seq Scan", "Parent Relationship": "Outer", "Parallel Aware": false, "Async Capable": false, "Relation Name": "users", "Alias": "u", "Startup Cost": 0.0, "Total Cost": 901.88, "Plan Rows": 40325, "Plan Width": 4, "Actual Rows": 40325, "Actual Loops": 2, "Filter": "((downvotes >= 0) AND (upvotes >= 0))", "Rows Removed by Filter": 0, "Workers": []}]}]}]}]}, {"Node Type": "Sort", "Parent Relationship": "Inner", "Parallel Aware": false, "Async Capable": false, "Startup Cost": 18643.33, "Total Cost": 19077.67, "Plan Rows": 173734, "Plan Width": 4, "Actual Rows": 276659, "Actual Loops": 2, "Sort Key": ["c.postid"], "Sort Method": "quicksort", "Sort Space Used": 6145, "Sort Space Type": "Memory", "Workers": [{"Worker Number": 0, "Sort Method": "quicksort", "Sort Space Used": 6145, "Sort Space Type": "Memory"}], "Plans": [{"Node Type": "Seq Scan", "Parent Relationship": "Outer", "Parallel Aware": false, "Async Capable": false, "Relation Name": "comments", "Alias": "c", "Startup Cost": 0.0, "Total Cost": 3522.81, "Plan Rows": 173734, "Plan Width": 4, "Actual Rows": 173805, "Actual Loops": 2, "Filter": "(creationdate >= '2010-07-26 19:37:03'::timestamp without time zone)", "Rows Removed by Filter": 500, "Workers": []}]}]}, {"Node Type": "Sort", "Parent Relationship": "Inner", "Parallel Aware": false, "Async Capable": false, "Startup Cost": 32504.2, "Total Cost": 33233.36, "Plan Rows": 291665, "Plan Width": 4, "Actual Rows": 1043759, "Actual Loops": 2, "Sort Key": ["ph.postid"], "Sort Method": "quicksort", "Sort Space Used": 12289, "Sort Space Type": "Memory", "Workers": [{"Worker Number": 0, "Sort Method": "quicksort", "Sort Space Used": 12289, "Sort Space Type": "Memory"}], "Plans": [{"Node Type": "Seq Scan", "Parent Relationship": "Outer", "Parallel Aware": false, "Async Capable": false, "Relation Name": "posthistory", "Alias": "ph", "Startup Cost": 0.0, "Total Cost": 6029.84, "Plan Rows": 291665, "Plan Width": 4, "Actual Rows": 291664, "Actual Loops": 2, "Filter": "(creationdate >= '2010-11-27 03:38:45'::timestamp without time zone)", "Rows Removed by Filter": 11523, "Workers": []}]}]}]}]}]}, "Planning Time": 8.162, "Triggers": [], "Execution Time": 343.129}, {"Plan": {"Node Type": "Aggregate", "Strategy": "Plain", "Partial Mode": "Simple", "Parallel Aware": false, "Async Capable": false, "Startup Cost": 192296.89, "Total Cost": 192296.9, "Plan Rows": 1, "Plan Width": 8, "Actual Rows": 1, "Actual Loops": 1, "Plans": [{"Node Type": "Nested Loop", "Parent Relationship": "Outer", "Parallel Aware": false, "Async Capable": false, "Join Type": "Inner", "Startup Cost": 2.59, "Total Cost": 191745.57, "Plan Rows": 220530, "Plan Width": 0, "Actual Rows": 1570429, "Actual Loops": 1, "Inner Unique": false, "Join Filter": "(p.id = ph.postid)", "Rows Removed by Join Filter": 0, "Plans": [{"Node Type": "Nested Loop", "Parent Relationship": "Outer", "Parallel Aware": false, "Async Capable": false, "Join Type": "Inner", "Startup Cost": 1.93, "Total Cost": 151312.56, "Plan Rows": 69544, "Plan Width": 16, "Actual Rows": 245765, "Actual Loops": 1, "Inner Unique": false, "Join Filter": "(p.id = v.postid)", "Rows Removed by Join Filter": 0, "Plans": [{"Node Type": "Nested Loop", "Parent Relationship": "Outer", "Parallel Aware": false, "Async Capable": false, "Join Type": "Inner", "Startup Cost": 1.28, "Total Cost": 114190.85, "Plan Rows": 19497, "Plan Width": 12, "Actual Rows": 32154, "Actual Loops": 1, "Inner Unique": false, "Join Filter": "(c.postid = p.id)", "Rows Removed by Join Filter": 0, "Plans": [{"Node Type": "Nested Loop", "Parent Relationship": "Outer", "Parallel Aware": false, "Async Capable": false, "Join Type": "Inner", "Startup Cost": 0.71, "Total Cost": 78995.41, "Plan Rows": 10322, "Plan Width": 8, "Actual Rows": 10354, "Actual Loops": 1, "Inner Unique": true, "Plans": [{"Node Type": "Nested Loop", "Parent Relationship": "Outer", "Parallel Aware": false, "Async Capable": false, "Join Type": "Inner", "Startup Cost": 0.41, "Total Cost": 33715.22, "Plan Rows": 10481, "Plan Width": 12, "Actual Rows": 10494, "Actual Loops": 1, "Inner Unique": true, "Plans": [{"Node Type": "Seq Scan", "Parent Relationship": "Outer", "Parallel Aware": false, "Async Capable": false, "Relation Name": "postlinks", "Alias": "pl", "Startup Cost": 0.0, "Total Cost": 220.78, "Plan Rows": 10593, "Plan Width": 4, "Actual Rows": 10593, "Actual Loops": 1, "Filter": "(creationdate <= '2014-08-05 18:27:51'::timestamp without time zone)", "Rows Removed by Filter": 509}, {"Node Type": "Memoize", "Parent Relationship": "Inner", "Parallel Aware": false, "Async Capable": false, "Startup Cost": 0.41, "Total Cost": 4.43, "Plan Rows": 1, "Plan Width": 8, "Actual Rows": 1, "Actual Loops": 10593, "Cache Key": "pl.postid", "Cache Mode": "logical", "Cache Hits": 3320, "Cache Misses": 7273, "Cache Evictions": 0, "Cache Overflows": 0, "Peak Memory Usage": 765, "Plans": [{"Node Type": "Bitmap Heap Scan", "Parent Relationship": "Outer", "Parallel Aware": false, "Async Capable": false, "Relation Name": "posts", "Alias": "p", "Startup Cost": 0.4, "Total Cost": 4.42, "Plan Rows": 1, "Plan Width": 8, "Actual Rows": 1, "Actual Loops": 7273, "Recheck Cond": "(id = pl.postid)", "Rows Removed by Index Recheck": 0, "Filter": "((score >= '-2'::integer) AND (commentcount <= 18) AND (creationdate >= '2010-07-21 13:50:08'::timestamp without time zone) AND (creationdate <= '2014-09-11 00:53:10'::timestamp without time zone))", "Rows Removed by Filter": 0, "Exact Heap Blocks": 7273, "Lossy Heap Blocks": 0, "Plans": [{"Node Type": "Bitmap Index Scan", "Parent Relationship": "Outer", "Parallel Aware": false, "Async Capable": false, "Index Name": "posts_pkey", "Startup Cost": 0.0, "Total Cost": 0.4, "Plan Rows": 1, "Plan Width": 0, "Actual Rows": 1, "Actual Loops": 7273, "Index Cond": "(id = pl.postid)"}]}]}]}, {"Node Type": "Bitmap Heap Scan", "Parent Relationship": "Inner", "Parallel Aware": false, "Async Capable": false, "Relation Name": "users", "Alias": "u", "Startup Cost": 0.3, "Total Cost": 4.32, "Plan Rows": 1, "Plan Width": 4, "Actual Rows": 1, "Actual Loops": 10494, "Recheck Cond": "(p.owneruserid = id)", "Rows Removed by Index Recheck": 0, "Filter": "((downvotes >= 0) AND (upvotes >= 0))", "Rows Removed by Filter": 0, "Exact Heap Blocks": 10354, "Lossy Heap Blocks": 0, "Plans": [{"Node Type": "Bitmap Index Scan", "Parent Relationship": "Outer", "Parallel Aware": false, "Async Capable": false, "Index Name": "users_pkey", "Startup Cost": 0.0, "Total Cost": 0.3, "Plan Rows": 1, "Plan Width": 0, "Actual Rows": 1, "Actual Loops": 10494, "Index Cond": "(id = p.owneruserid)"}]}]}, {"Node Type": "Memoize", "Parent Relationship": "Inner", "Parallel Aware": false, "Async Capable": false, "Startup Cost": 0.57, "Total Cost": 4.61, "Plan Rows": 3, "Plan Width": 4, "Actual Rows": 3, "Actual Loops": 10354, "Cache Key": "pl.postid", "Cache Mode": "logical", "Cache Hits": 3240, "Cache Misses": 7114, "Cache Evictions": 0, "Cache Overflows": 0, "Peak Memory Usage": 1216, "Plans": [{"Node Type": "Bitmap Heap Scan", "Parent Relationship": "Outer", "Parallel Aware": false, "Async Capable": false, "Relation Name": "comments", "Alias": "c", "Startup Cost": 0.56, "Total Cost": 4.6, "Plan Rows": 3, "Plan Width": 4, "Actual Rows": 3, "Actual Loops": 7114, "Recheck Cond": "(postid = pl.postid)", "Rows Removed by Index Recheck": 0, "Filter": "(creationdate >= '2010-07-26 19:37:03'::timestamp without time zone)", "Rows Removed by Filter": 0, "Exact Heap Blocks": 8889, "Lossy Heap Blocks": 0, "Plans": [{"Node Type": "Bitmap Index Scan", "Parent Relationship": "Outer", "Parallel Aware": false, "Async Capable": false, "Index Name": "idx_comments_postid", "Startup Cost": 0.0, "Total Cost": 0.56, "Plan Rows": 3, "Plan Width": 0, "Actual Rows": 3, "Actual Loops": 7114, "Index Cond": "(postid = pl.postid)"}]}]}]}, {"Node Type": "Memoize", "Parent Relationship": "Inner", "Parallel Aware": false, "Async Capable": false, "Startup Cost": 0.66, "Total Cost": 4.72, "Plan Rows": 5, "Plan Width": 4, "Actual Rows": 8, "Actual Loops": 32154, "Cache Key": "pl.postid", "Cache Mode": "logical", "Cache Hits": 26575, "Cache Misses": 5579, "Cache Evictions": 0, "Cache Overflows": 0, "Peak Memory Usage": 1546, "Plans": [{"Node Type": "Bitmap Heap Scan", "Parent Relationship": "Outer", "Parallel Aware": false, "Async Capable": false, "Relation Name": "votes", "Alias": "v", "Startup Cost": 0.65, "Total Cost": 4.71, "Plan Rows": 5, "Plan Width": 4, "Actual Rows": 6, "Actual Loops": 5579, "Recheck Cond": "(pl.postid = postid)", "Rows Removed by Index Recheck": 0, "Exact Heap Blocks": 21008, "Lossy Heap Blocks": 0, "Plans": [{"Node Type": "Bitmap Index Scan", "Parent Relationship": "Outer", "Parallel Aware": false, "Async Capable": false, "Index Name": "idx_votes_postid", "Startup Cost": 0.0, "Total Cost": 0.65, "Plan Rows": 5, "Plan Width": 0, "Actual Rows": 6, "Actual Loops": 5579, "Index Cond": "(postid = pl.postid)"}]}]}]}, {"Node Type": "Memoize", "Parent Relationship": "Inner", "Parallel Aware": false, "Async Capable": false, "Startup Cost": 0.66, "Total Cost": 4.72, "Plan Rows": 4, "Plan Width": 4, "Actual Rows": 6, "Actual Loops": 245765, "Cache Key": "pl.postid", "Cache Mode": "logical", "Cache Hits": 240992, "Cache Misses": 4773, "Cache Evictions": 0, "Cache Overflows": 0, "Peak Memory Usage": 1284, "Plans": [{"Node Type": "Bitmap Heap Scan", "Parent Relationship": "Outer", "Parallel Aware": false, "Async Capable": false, "Relation Name": "posthistory", "Alias": "ph", "Startup Cost": 0.65, "Total Cost": 4.71, "Plan Rows": 4, "Plan Width": 4, "Actual Rows": 6, "Actual Loops": 4773, "Recheck Cond": "(pl.postid = postid)", "Rows Removed by Index Recheck": 0, "Filter": "(creationdate >= '2010-11-27 03:38:45'::timestamp without time zone)", "Rows Removed by Filter": 0, "Exact Heap Blocks": 8763, "Lossy Heap Blocks": 0, "Plans": [{"Node Type": "Bitmap Index Scan", "Parent Relationship": "Outer", "Parallel Aware": false, "Async Capable": false, "Index Name": "idx_posthistory_postid", "Startup Cost": 0.0, "Total Cost": 0.64, "Plan Rows": 4, "Plan Width": 0, "Actual Rows": 6, "Actual Loops": 4773, "Index Cond": "(postid = pl.postid)"}]}]}]}]}, "Planning Time": 7.851, "Triggers": [], "Execution Time": 530.483}, {"Plan": {"Node Type": "Aggregate", "Strategy": "Plain", "Partial Mode": "Finalize", "Parallel Aware": false, "Async Capable": false, "Startup Cost": 39340.9, "Total Cost": 39340.91, "Plan Rows": 1, "Plan Width": 8, "Actual Rows": 1, "Actual Loops": 1, "Plans": [{"Node Type": "Gather", "Parent Relationship": "Outer", "Parallel Aware": false, "Async Capable": false, "Startup Cost": 39340.79, "Total Cost": 39340.9, "Plan Rows": 1, "Plan Width": 8, "Actual Rows": 2, "Actual Loops": 1, "Workers Planned": 1, "Workers Launched": 1, "Single Copy": false, "Plans": [{"Node Type": "Aggregate", "Strategy": "Plain", "Partial Mode": "Partial", "Parent Relationship": "Outer", "Parallel Aware": false, "Async Capable": false, "Startup Cost": 38340.79, "Total Cost": 38340.8, "Plan Rows": 1, "Plan Width": 8, "Actual Rows": 1, "Actual Loops": 2, "Workers": [], "Plans": [{"Node Type": "Merge Join", "Parent Relationship": "Outer", "Parallel Aware": false, "Async Capable": false, "Join Type": "Inner", "Startup Cost": 8143.74, "Total Cost": 38016.48, "Plan Rows": 129724, "Plan Width": 0, "Actual Rows": 785214, "Actual Loops": 2, "Inner Unique": false, "Merge Cond": "(p.id = v.postid)", "Workers": [], "Plans": [{"Node Type": "Merge Join", "Parent Relationship": "Outer", "Parallel Aware": false, "Async Capable": false, "Join Type": "Inner", "Startup Cost": 8143.31, "Total Cost": 23834.34, "Plan Rows": 36369, "Plan Width": 16, "Actual Rows": 97762, "Actual Loops": 2, "Inner Unique": false, "Merge Cond": "(p.id = c.postid)", "Workers": [], "Plans": [{"Node Type": "Merge Join", "Parent Relationship": "Outer", "Parallel Aware": false, "Async Capable": false, "Join Type": "Inner", "Startup Cost": 8142.89, "Total Cost": 17131.15, "Plan Rows": 19255, "Plan Width": 12, "Actual Rows": 28984, "Actual Loops": 2, "Inner Unique": false, "Merge Cond": "(ph.postid = p.id)", "Workers": [], "Plans": [{"Node Type": "Index Scan", "Parent Relationship": "Outer", "Parallel Aware": true, "Async Capable": false, "Scan Direction": "Forward", "Index Name": "idx_posthistory_postid", "Relation Name": "posthistory", "Alias": "ph", "Startup Cost": 0.42, "Total Cost": 8270.95, "Plan Rows": 171568, "Plan Width": 4, "Actual Rows": 139254, "Actual Loops": 2, "Filter": "(creationdate >= '2010-11-27 03:38:45'::timestamp without time zone)", "Rows Removed by Filter": 5762, "Workers": []}, {"Node Type": "Sort", "Parent Relationship": "Inner", "Parallel Aware": false, "Async Capable": false, "Startup Cost": 8142.47, "Total Cost": 8168.28, "Plan Rows": 10322, "Plan Width": 8, "Actual Rows": 34244, "Actual Loops": 2, "Sort Key": ["p.id"], "Sort Method": "quicksort", "Sort Space Used": 708, "Sort Space Type": "Memory", "Workers": [{"Worker Number": 0, "Sort Method": "quicksort", "Sort Space Used": 708, "Sort Space Type": "Memory"}], "Plans": [{"Node Type": "Merge Join", "Parent Relationship": "Outer", "Parallel Aware": false, "Async Capable": false, "Join Type": "Inner", "Startup Cost": 5640.19, "Total Cost": 7454.33, "Plan Rows": 10322, "Plan Width": 8, "Actual Rows": 10354, "Actual Loops": 2, "Inner Unique": true, "Merge Cond": "(p.owneruserid = u.id)", "Workers": [], "Plans": [{"Node Type": "Sort", "Parent Relationship": "Outer", "Parallel Aware": false, "Async Capable": false, "Startup Cost": 5639.9, "Total Cost": 5666.1, "Plan Rows": 10481, "Plan Width": 12, "Actual Rows": 10355, "Actual Loops": 2, "Sort Key": ["p.owneruserid"], "Sort Method": "quicksort", "Sort Space Used": 793, "Sort Space Type": "Memory", "Workers": [{"Worker Number": 0, "Sort Method": "quicksort", "Sort Space Used": 793, "Sort Space Type": "Memory"}], "Plans": [{"Node Type": "Merge Join", "Parent Relationship": "Outer", "Parallel Aware": false, "Async Capable": false, "Join Type": "Inner", "Startup Cost": 0.72, "Total Cost": 4940.01, "Plan Rows": 10481, "Plan Width": 12, "Actual Rows": 10494, "Actual Loops": 2, "Inner Unique": false, "Merge Cond": "(p.id = pl.postid)", "Workers": [], "Plans": [{"Node Type": "Index Scan", "Parent Relationship": "Outer", "Parallel Aware": false, "Async Capable": false, "Scan Direction": "Forward", "Index Name": "posts_pkey", "Relation Name": "posts", "Alias": "p", "Startup Cost": 0.29, "Total Cost": 4158.93, "Plan Rows": 91003, "Plan Width": 8, "Actual Rows": 87138, "Actual Loops": 2, "Filter": "((score >= '-2'::integer) AND (commentcount <= 18) AND (creationdate >= '2010-07-21 13:50:08'::timestamp without time zone) AND (creationdate <= '2014-09-11 00:53:10'::timestamp without time zone))", "Rows Removed by Filter": 676, "Workers": []}, {"Node Type": "Index Scan", "Parent Relationship": "Inner", "Parallel Aware": false, "Async Capable": false, "Scan Direction": "Forward", "Index Name": "idx_postlinks_postid", "Relation Name": "postlinks", "Alias": "pl", "Startup Cost": 0.29, "Total Cost": 423.05, "Plan Rows": 10593, "Plan Width": 4, "Actual Rows": 10593, "Actual Loops": 2, "Filter": "(creationdate <= '2014-08-05 18:27:51'::timestamp without time zone)", "Rows Removed by Filter": 509, "Workers": []}]}]}, {"Node Type": "Index Scan", "Parent Relationship": "Inner", "Parallel Aware": false, "Async Capable": false, "Scan Direction": "Forward", "Index Name": "users_pkey", "Relation Name": "users", "Alias": "u", "Startup Cost": 0.29, "Total Cost": 1558.79, "Plan Rows": 40325, "Plan Width": 4, "Actual Rows": 38057, "Actual Loops": 2, "Filter": "((downvotes >= 0) AND (upvotes >= 0))", "Rows Removed by Filter": 0, "Workers": []}]}]}]}, {"Node Type": "Index Scan", "Parent Relationship": "Inner", "Parallel Aware": false, "Async Capable": false, "Scan Direction": "Forward", "Index Name": "idx_comments_postid", "Relation Name": "comments", "Alias": "c", "Startup Cost": 0.42, "Total Cost": 5857.0, "Plan Rows": 173734, "Plan Width": 4, "Actual Rows": 254260, "Actual Loops": 2, "Filter": "(creationdate >= '2010-07-26 19:37:03'::timestamp without time zone)", "Rows Removed by Filter": 500, "Workers": []}]}, {"Node Type": "Index Scan", "Parent Relationship": "Inner", "Parallel Aware": false, "Async Capable": false, "Scan Direction": "Forward", "Index Name": "idx_votes_postid", "Relation Name": "votes", "Alias": "v", "Startup Cost": 0.42, "Total Cost": 11974.26, "Plan Rows": 328064, "Plan Width": 4, "Actual Rows": 1090606, "Actual Loops": 2, "Workers": []}]}]}]}]}, "Planning Time": 12.667, "Triggers": [], "Execution Time": 817.214}, {"Plan": {"Node Type": "Aggregate", "Strategy": "Plain", "Partial Mode": "Finalize", "Parallel Aware": false, "Async Capable": false, "Startup Cost": 34080.42, "Total Cost": 34080.43, "Plan Rows": 1, "Plan Width": 8, "Actual Rows": 1, "Actual Loops": 1, "Plans": [{"Node Type": "Gather", "Parent Relationship": "Outer", "Parallel Aware": false, "Async Capable": false, "Startup Cost": 34080.31, "Total Cost": 34080.42, "Plan Rows": 1, "Plan Width": 8, "Actual Rows": 2, "Actual Loops": 1, "Workers Planned": 1, "Workers Launched": 1, "Single Copy": false, "Plans": [{"Node Type": "Aggregate", "Strategy": "Plain", "Partial Mode": "Partial", "Parent Relationship": "Outer", "Parallel Aware": false, "Async Capable": false, "Startup Cost": 33080.31, "Total Cost": 33080.32, "Plan Rows": 1, "Plan Width": 8, "Actual Rows": 1, "Actual Loops": 2, "Workers": [], "Plans": [{"Node Type": "Merge Join", "Parent Relationship": "Outer", "Parallel Aware": false, "Async Capable": false, "Join Type": "Inner", "Startup Cost": 8143.74, "Total Cost": 32756.0, "Plan Rows": 129724, "Plan Width": 0, "Actual Rows": 785214, "Actual Loops": 2, "Inner Unique": false, "Merge Cond": "(p.id = ph.postid)", "Workers": [], "Plans": [{"Node Type": "Nested Loop", "Parent Relationship": "Outer", "Parallel Aware": false, "Async Capable": false, "Join Type": "Inner", "Startup Cost": 8143.31, "Total Cost": 20795.86, "Plan Rows": 40908, "Plan Width": 16, "Actual Rows": 122882, "Actual Loops": 2, "Inner Unique": false, "Join Filter": "(p.id = v.postid)", "Rows Removed by Join Filter": 0, "Workers": [], "Plans": [{"Node Type": "Merge Join", "Parent Relationship": "Outer", "Parallel Aware": false, "Async Capable": false, "Join Type": "Inner", "Startup Cost": 8142.89, "Total Cost": 13529.84, "Plan Rows": 11469, "Plan Width": 12, "Actual Rows": 16077, "Actual Loops": 2, "Inner Unique": false, "Merge Cond": "(c.postid = p.id)", "Workers": [], "Plans": [{"Node Type": "Index Scan", "Parent Relationship": "Outer", "Parallel Aware": true, "Async Capable": false, "Scan Direction": "Forward", "Index Name": "idx_comments_postid", "Relation Name": "comments", "Alias": "c", "Startup Cost": 0.42, "Total Cost": 4959.84, "Plan Rows": 102196, "Plan Width": 4, "Actual Rows": 83521, "Actual Loops": 2, "Filter": "(creationdate >= '2010-07-26 19:37:03'::timestamp without time zone)", "Rows Removed by Filter": 250, "Workers": []}, {"Node Type": "Sort", "Parent Relationship": "Inner", "Parallel Aware": false, "Async Capable": false, "Startup Cost": 8142.47, "Total Cost": 8168.28, "Plan Rows": 10322, "Plan Width": 8, "Actual Rows": 22295, "Actual Loops": 2, "Sort Key": ["p.id"], "Sort Method": "quicksort", "Sort Space Used": 708, "Sort Space Type": "Memory", "Workers": [{"Worker Number": 0, "Sort Method": "quicksort", "Sort Space Used": 708, "Sort Space Type": "Memory"}], "Plans": [{"Node Type": "Merge Join", "Parent Relationship": "Outer", "Parallel Aware": false, "Async Capable": false, "Join Type": "Inner", "Startup Cost": 5640.19, "Total Cost": 7454.33, "Plan Rows": 10322, "Plan Width": 8, "Actual Rows": 10354, "Actual Loops": 2, "Inner Unique": true, "Merge Cond": "(p.owneruserid = u.id)", "Workers": [], "Plans": [{"Node Type": "Sort", "Parent Relationship": "Outer", "Parallel Aware": false, "Async Capable": false, "Startup Cost": 5639.9, "Total Cost": 5666.1, "Plan Rows": 10481, "Plan Width": 12, "Actual Rows": 10355, "Actual Loops": 2, "Sort Key": ["p.owneruserid"], "Sort Method": "quicksort", "Sort Space Used": 793, "Sort Space Type": "Memory", "Workers": [{"Worker Number": 0, "Sort Method": "quicksort", "Sort Space Used": 793, "Sort Space Type": "Memory"}], "Plans": [{"Node Type": "Merge Join", "Parent Relationship": "Outer", "Parallel Aware": false, "Async Capable": false, "Join Type": "Inner", "Startup Cost": 0.72, "Total Cost": 4940.01, "Plan Rows": 10481, "Plan Width": 12, "Actual Rows": 10494, "Actual Loops": 2, "Inner Unique": false, "Merge Cond": "(p.id = pl.postid)", "Workers": [], "Plans": [{"Node Type": "Index Scan", "Parent Relationship": "Outer", "Parallel Aware": false, "Async Capable": false, "Scan Direction": "Forward", "Index Name": "posts_pkey", "Relation Name": "posts", "Alias": "p", "Startup Cost": 0.29, "Total Cost": 4158.93, "Plan Rows": 91003, "Plan Width": 8, "Actual Rows": 87138, "Actual Loops": 2, "Filter": "((score >= '-2'::integer) AND (commentcount <= 18) AND (creationdate >= '2010-07-21 13:50:08'::timestamp without time zone) AND (creationdate <= '2014-09-11 00:53:10'::timestamp without time zone))", "Rows Removed by Filter": 676, "Workers": []}, {"Node Type": "Index Scan", "Parent Relationship": "Inner", "Parallel Aware": false, "Async Capable": false, "Scan Direction": "Forward", "Index Name": "idx_postlinks_postid", "Relation Name": "postlinks", "Alias": "pl", "Startup Cost": 0.29, "Total Cost": 423.05, "Plan Rows": 10593, "Plan Width": 4, "Actual Rows": 10593, "Actual Loops": 2, "Filter": "(creationdate <= '2014-08-05 18:27:51'::timestamp without time zone)", "Rows Removed by Filter": 509, "Workers": []}]}]}, {"Node Type": "Index Scan", "Parent Relationship": "Inner", "Parallel Aware": false, "Async Capable": false, "Scan Direction": "Forward", "Index Name": "users_pkey", "Relation Name": "users", "Alias": "u", "Startup Cost": 0.29, "Total Cost": 1558.79, "Plan Rows": 40325, "Plan Width": 4, "Actual Rows": 38057, "Actual Loops": 2, "Filter": "((downvotes >= 0) AND (upvotes >= 0))", "Rows Removed by Filter": 0, "Workers": []}]}]}]}, {"Node Type": "Index Scan", "Parent Relationship": "Inner", "Parallel Aware": false, "Async Capable": false, "Scan Direction": "Forward", "Index Name": "idx_votes_postid", "Relation Name": "votes", "Alias": "v", "Startup Cost": 0.42, "Total Cost": 0.57, "Plan Rows": 5, "Plan Width": 4, "Actual Rows": 8, "Actual Loops": 32154, "Index Cond": "(postid = c.postid)", "Rows Removed by Index Recheck": 0, "Workers": []}]}, {"Node Type": "Index Scan", "Parent Relationship": "Inner", "Parallel Aware": false, "Async Capable": false, "Scan Direction": "Forward", "Index Name": "idx_posthistory_postid", "Relation Name": "posthistory", "Alias": "ph", "Startup Cost": 0.42, "Total Cost": 9831.47, "Plan Rows": 291665, "Plan Width": 4, "Actual Rows": 1049382, "Actual Loops": 2, "Filter": "(creationdate >= '2010-11-27 03:38:45'::timestamp without time zone)", "Rows Removed by Filter": 171218, "Workers": []}]}]}]}]}, "Planning Time": 14.325, "Triggers": [], "Execution Time": 596.495}, {"Plan": {"Node Type": "Aggregate", "Strategy": "Plain", "Partial Mode": "Finalize", "Parallel Aware": false, "Async Capable": false, "Startup Cost": 34080.42, "Total Cost": 34080.43, "Plan Rows": 1, "Plan Width": 8, "Actual Rows": 1, "Actual Loops": 1, "Plans": [{"Node Type": "Gather", "Parent Relationship": "Outer", "Parallel Aware": false, "Async Capable": false, "Startup Cost": 34080.31, "Total Cost": 34080.42, "Plan Rows": 1, "Plan Width": 8, "Actual Rows": 2, "Actual Loops": 1, "Workers Planned": 1, "Workers Launched": 1, "Single Copy": false, "Plans": [{"Node Type": "Aggregate", "Strategy": "Plain", "Partial Mode": "Partial", "Parent Relationship": "Outer", "Parallel Aware": false, "Async Capable": false, "Startup Cost": 33080.31, "Total Cost": 33080.32, "Plan Rows": 1, "Plan Width": 8, "Actual Rows": 1, "Actual Loops": 2, "Workers": [], "Plans": [{"Node Type": "Merge Join", "Parent Relationship": "Outer", "Parallel Aware": false, "Async Capable": false, "Join Type": "Inner", "Startup Cost": 8143.74, "Total Cost": 32756.0, "Plan Rows": 129724, "Plan Width": 0, "Actual Rows": 785214, "Actual Loops": 2, "Inner Unique": false, "Merge Cond": "(p.id = ph.postid)", "Workers": [], "Plans": [{"Node Type": "Nested Loop", "Parent Relationship": "Outer", "Parallel Aware": false, "Async Capable": false, "Join Type": "Inner", "Startup Cost": 8143.31, "Total Cost": 20795.86, "Plan Rows": 40908, "Plan Width": 16, "Actual Rows": 122882, "Actual Loops": 2, "Inner Unique": false, "Join Filter": "(p.id = v.postid)", "Rows Removed by Join Filter": 0, "Workers": [], "Plans": [{"Node Type": "Merge Join", "Parent Relationship": "Outer", "Parallel Aware": false, "Async Capable": false, "Join Type": "Inner", "Startup Cost": 8142.89, "Total Cost": 13529.84, "Plan Rows": 11469, "Plan Width": 12, "Actual Rows": 16077, "Actual Loops": 2, "Inner Unique": false, "Merge Cond": "(c.postid = p.id)", "Workers": [], "Plans": [{"Node Type": "Index Scan", "Parent Relationship": "Outer", "Parallel Aware": true, "Async Capable": false, "Scan Direction": "Forward", "Index Name": "idx_comments_postid", "Relation Name": "comments", "Alias": "c", "Startup Cost": 0.42, "Total Cost": 4959.84, "Plan Rows": 102196, "Plan Width": 4, "Actual Rows": 83521, "Actual Loops": 2, "Filter": "(creationdate >= '2010-07-26 19:37:03'::timestamp without time zone)", "Rows Removed by Filter": 250, "Workers": []}, {"Node Type": "Sort", "Parent Relationship": "Inner", "Parallel Aware": false, "Async Capable": false, "Startup Cost": 8142.47, "Total Cost": 8168.28, "Plan Rows": 10322, "Plan Width": 8, "Actual Rows": 22295, "Actual Loops": 2, "Sort Key": ["p.id"], "Sort Method": "quicksort", "Sort Space Used": 708, "Sort Space Type": "Memory", "Workers": [{"Worker Number": 0, "Sort Method": "quicksort", "Sort Space Used": 708, "Sort Space Type": "Memory"}], "Plans": [{"Node Type": "Merge Join", "Parent Relationship": "Outer", "Parallel Aware": false, "Async Capable": false, "Join Type": "Inner", "Startup Cost": 5640.19, "Total Cost": 7454.33, "Plan Rows": 10322, "Plan Width": 8, "Actual Rows": 10354, "Actual Loops": 2, "Inner Unique": false, "Merge Cond": "(u.id = p.owneruserid)", "Workers": [], "Plans": [{"Node Type": "Index Scan", "Parent Relationship": "Outer", "Parallel Aware": false, "Async Capable": false, "Scan Direction": "Forward", "Index Name": "users_pkey", "Relation Name": "users", "Alias": "u", "Startup Cost": 0.29, "Total Cost": 1558.79, "Plan Rows": 40325, "Plan Width": 4, "Actual Rows": 38058, "Actual Loops": 2, "Filter": "((downvotes >= 0) AND (upvotes >= 0))", "Rows Removed by Filter": 0, "Workers": []}, {"Node Type": "Sort", "Parent Relationship": "Inner", "Parallel Aware": false, "Async Capable": false, "Startup Cost": 5639.9, "Total Cost": 5666.1, "Plan Rows": 10481, "Plan Width": 12, "Actual Rows": 10355, "Actual Loops": 2, "Sort Key": ["p.owneruserid"], "Sort Method": "quicksort", "Sort Space Used": 793, "Sort Space Type": "Memory", "Workers": [{"Worker Number": 0, "Sort Method": "quicksort", "Sort Space Used": 793, "Sort Space Type": "Memory"}], "Plans": [{"Node Type": "Merge Join", "Parent Relationship": "Outer", "Parallel Aware": false, "Async Capable": false, "Join Type": "Inner", "Startup Cost": 0.72, "Total Cost": 4940.01, "Plan Rows": 10481, "Plan Width": 12, "Actual Rows": 10494, "Actual Loops": 2, "Inner Unique": false, "Merge Cond": "(p.id = pl.postid)", "Workers": [], "Plans": [{"Node Type": "Index Scan", "Parent Relationship": "Outer", "Parallel Aware": false, "Async Capable": false, "Scan Direction": "Forward", "Index Name": "posts_pkey", "Relation Name": "posts", "Alias": "p", "Startup Cost": 0.29, "Total Cost": 4158.93, "Plan Rows": 91003, "Plan Width": 8, "Actual Rows": 87138, "Actual Loops": 2, "Filter": "((score >= '-2'::integer) AND (commentcount <= 18) AND (creationdate >= '2010-07-21 13:50:08'::timestamp without time zone) AND (creationdate <= '2014-09-11 00:53:10'::timestamp without time zone))", "Rows Removed by Filter": 676, "Workers": []}, {"Node Type": "Index Scan", "Parent Relationship": "Inner", "Parallel Aware": false, "Async Capable": false, "Scan Direction": "Forward", "Index Name": "idx_postlinks_postid", "Relation Name": "postlinks", "Alias": "pl", "Startup Cost": 0.29, "Total Cost": 423.05, "Plan Rows": 10593, "Plan Width": 4, "Actual Rows": 10593, "Actual Loops": 2, "Filter": "(creationdate <= '2014-08-05 18:27:51'::timestamp without time zone)", "Rows Removed by Filter": 509, "Workers": []}]}]}]}]}]}, {"Node Type": "Index Scan", "Parent Relationship": "Inner", "Parallel Aware": false, "Async Capable": false, "Scan Direction": "Forward", "Index Name": "idx_votes_postid", "Relation Name": "votes", "Alias": "v", "Startup Cost": 0.42, "Total Cost": 0.57, "Plan Rows": 5, "Plan Width": 4, "Actual Rows": 8, "Actual Loops": 32154, "Index Cond": "(postid = c.postid)", "Rows Removed by Index Recheck": 0, "Workers": []}]}, {"Node Type": "Index Scan", "Parent Relationship": "Inner", "Parallel Aware": false, "Async Capable": false, "Scan Direction": "Forward", "Index Name": "idx_posthistory_postid", "Relation Name": "posthistory", "Alias": "ph", "Startup Cost": 0.42, "Total Cost": 9831.47, "Plan Rows": 291665, "Plan Width": 4, "Actual Rows": 1049382, "Actual Loops": 2, "Filter": "(creationdate >= '2010-11-27 03:38:45'::timestamp without time zone)", "Rows Removed by Filter": 171218, "Workers": []}]}]}]}]}, "Planning Time": 14.079, "Triggers": [], "Execution Time": 599.943}, {"Plan": {"Node Type": "Aggregate", "Strategy": "Plain", "Partial Mode": "Finalize", "Parallel Aware": false, "Async Capable": false, "Startup Cost": 39340.9, "Total Cost": 39340.91, "Plan Rows": 1, "Plan Width": 8, "Actual Rows": 1, "Actual Loops": 1, "Plans": [{"Node Type": "Gather", "Parent Relationship": "Outer", "Parallel Aware": false, "Async Capable": false, "Startup Cost": 39340.79, "Total Cost": 39340.9, "Plan Rows": 1, "Plan Width": 8, "Actual Rows": 2, "Actual Loops": 1, "Workers Planned": 1, "Workers Launched": 1, "Single Copy": false, "Plans": [{"Node Type": "Aggregate", "Strategy": "Plain", "Partial Mode": "Partial", "Parent Relationship": "Outer", "Parallel Aware": false, "Async Capable": false, "Startup Cost": 38340.79, "Total Cost": 38340.8, "Plan Rows": 1, "Plan Width": 8, "Actual Rows": 1, "Actual Loops": 2, "Workers": [], "Plans": [{"Node Type": "Merge Join", "Parent Relationship": "Outer", "Parallel Aware": false, "Async Capable": false, "Join Type": "Inner", "Startup Cost": 8143.74, "Total Cost": 38016.48, "Plan Rows": 129724, "Plan Width": 0, "Actual Rows": 785214, "Actual Loops": 2, "Inner Unique": false, "Merge Cond": "(p.id = v.postid)", "Workers": [], "Plans": [{"Node Type": "Merge Join", "Parent Relationship": "Outer", "Parallel Aware": false, "Async Capable": false, "Join Type": "Inner", "Startup Cost": 8143.31, "Total Cost": 23834.34, "Plan Rows": 36369, "Plan Width": 16, "Actual Rows": 97762, "Actual Loops": 2, "Inner Unique": false, "Merge Cond": "(p.id = c.postid)", "Workers": [], "Plans": [{"Node Type": "Merge Join", "Parent Relationship": "Outer", "Parallel Aware": false, "Async Capable": false, "Join Type": "Inner", "Startup Cost": 8142.89, "Total Cost": 17131.15, "Plan Rows": 19255, "Plan Width": 12, "Actual Rows": 28984, "Actual Loops": 2, "Inner Unique": false, "Merge Cond": "(ph.postid = p.id)", "Workers": [], "Plans": [{"Node Type": "Index Scan", "Parent Relationship": "Outer", "Parallel Aware": true, "Async Capable": false, "Scan Direction": "Forward", "Index Name": "idx_posthistory_postid", "Relation Name": "posthistory", "Alias": "ph", "Startup Cost": 0.42, "Total Cost": 8270.95, "Plan Rows": 171568, "Plan Width": 4, "Actual Rows": 139254, "Actual Loops": 2, "Filter": "(creationdate >= '2010-11-27 03:38:45'::timestamp without time zone)", "Rows Removed by Filter": 5762, "Workers": []}, {"Node Type": "Sort", "Parent Relationship": "Inner", "Parallel Aware": false, "Async Capable": false, "Startup Cost": 8142.47, "Total Cost": 8168.28, "Plan Rows": 10322, "Plan Width": 8, "Actual Rows": 34244, "Actual Loops": 2, "Sort Key": ["p.id"], "Sort Method": "quicksort", "Sort Space Used": 708, "Sort Space Type": "Memory", "Workers": [{"Worker Number": 0, "Sort Method": "quicksort", "Sort Space Used": 708, "Sort Space Type": "Memory"}], "Plans": [{"Node Type": "Merge Join", "Parent Relationship": "Outer", "Parallel Aware": false, "Async Capable": false, "Join Type": "Inner", "Startup Cost": 5640.19, "Total Cost": 7454.33, "Plan Rows": 10322, "Plan Width": 8, "Actual Rows": 10354, "Actual Loops": 2, "Inner Unique": false, "Merge Cond": "(u.id = p.owneruserid)", "Workers": [], "Plans": [{"Node Type": "Index Scan", "Parent Relationship": "Outer", "Parallel Aware": false, "Async Capable": false, "Scan Direction": "Forward", "Index Name": "users_pkey", "Relation Name": "users", "Alias": "u", "Startup Cost": 0.29, "Total Cost": 1558.79, "Plan Rows": 40325, "Plan Width": 4, "Actual Rows": 38058, "Actual Loops": 2, "Filter": "((downvotes >= 0) AND (upvotes >= 0))", "Rows Removed by Filter": 0, "Workers": []}, {"Node Type": "Sort", "Parent Relationship": "Inner", "Parallel Aware": false, "Async Capable": false, "Startup Cost": 5639.9, "Total Cost": 5666.1, "Plan Rows": 10481, "Plan Width": 12, "Actual Rows": 10355, "Actual Loops": 2, "Sort Key": ["p.owneruserid"], "Sort Method": "quicksort", "Sort Space Used": 793, "Sort Space Type": "Memory", "Workers": [{"Worker Number": 0, "Sort Method": "quicksort", "Sort Space Used": 793, "Sort Space Type": "Memory"}], "Plans": [{"Node Type": "Merge Join", "Parent Relationship": "Outer", "Parallel Aware": false, "Async Capable": false, "Join Type": "Inner", "Startup Cost": 0.72, "Total Cost": 4940.01, "Plan Rows": 10481, "Plan Width": 12, "Actual Rows": 10494, "Actual Loops": 2, "Inner Unique": false, "Merge Cond": "(p.id = pl.postid)", "Workers": [], "Plans": [{"Node Type": "Index Scan", "Parent Relationship": "Outer", "Parallel Aware": false, "Async Capable": false, "Scan Direction": "Forward", "Index Name": "posts_pkey", "Relation Name": "posts", "Alias": "p", "Startup Cost": 0.29, "Total Cost": 4158.93, "Plan Rows": 91003, "Plan Width": 8, "Actual Rows": 87138, "Actual Loops": 2, "Filter": "((score >= '-2'::integer) AND (commentcount <= 18) AND (creationdate >= '2010-07-21 13:50:08'::timestamp without time zone) AND (creationdate <= '2014-09-11 00:53:10'::timestamp without time zone))", "Rows Removed by Filter": 676, "Workers": []}, {"Node Type": "Index Scan", "Parent Relationship": "Inner", "Parallel Aware": false, "Async Capable": false, "Scan Direction": "Forward", "Index Name": "idx_postlinks_postid", "Relation Name": "postlinks", "Alias": "pl", "Startup Cost": 0.29, "Total Cost": 423.05, "Plan Rows": 10593, "Plan Width": 4, "Actual Rows": 10593, "Actual Loops": 2, "Filter": "(creationdate <= '2014-08-05 18:27:51'::timestamp without time zone)", "Rows Removed by Filter": 509, "Workers": []}]}]}]}]}]}, {"Node Type": "Index Scan", "Parent Relationship": "Inner", "Parallel Aware": false, "Async Capable": false, "Scan Direction": "Forward", "Index Name": "idx_comments_postid", "Relation Name": "comments", "Alias": "c", "Startup Cost": 0.42, "Total Cost": 5857.0, "Plan Rows": 173734, "Plan Width": 4, "Actual Rows": 254260, "Actual Loops": 2, "Filter": "(creationdate >= '2010-07-26 19:37:03'::timestamp without time zone)", "Rows Removed by Filter": 500, "Workers": []}]}, {"Node Type": "Index Scan", "Parent Relationship": "Inner", "Parallel Aware": false, "Async Capable": false, "Scan Direction": "Forward", "Index Name": "idx_votes_postid", "Relation Name": "votes", "Alias": "v", "Startup Cost": 0.42, "Total Cost": 11974.26, "Plan Rows": 328064, "Plan Width": 4, "Actual Rows": 1090606, "Actual Loops": 2, "Workers": []}]}]}]}]}, "Planning Time": 13.767, "Triggers": [], "Execution Time": 814.569}, {"Plan": {"Node Type": "Aggregate", "Strategy": "Plain", "Partial Mode": "Simple", "Parallel Aware": false, "Async Capable": false, "Startup Cost": 43995.78, "Total Cost": 43995.79, "Plan Rows": 1, "Plan Width": 8, "Actual Rows": 1, "Actual Loops": 1, "Plans": [{"Node Type": "Nested Loop", "Parent Relationship": "Outer", "Parallel Aware": false, "Async Capable": false, "Join Type": "Inner", "Startup Cost": 2.16, "Total Cost": 43444.45, "Plan Rows": 220530, "Plan Width": 0, "Actual Rows": 1570429, "Actual Loops": 1, "Inner Unique": false, "Join Filter": "(p.id = v.postid)", "Rows Removed by Join Filter": 0, "Plans": [{"Node Type": "Nested Loop", "Parent Relationship": "Outer", "Parallel Aware": false, "Async Capable": false, "Join Type": "Inner", "Startup Cost": 1.73, "Total Cost": 26670.18, "Plan Rows": 61828, "Plan Width": 16, "Actual Rows": 195525, "Actual Loops": 1, "Inner Unique": false, "Join Filter": "(c.postid = p.id)", "Rows Removed by Join Filter": 0, "Plans": [{"Node Type": "Nested Loop", "Parent Relationship": "Outer", "Parallel Aware": false, "Async Capable": false, "Join Type": "Inner", "Startup Cost": 1.3, "Total Cost": 16512.12, "Plan Rows": 32733, "Plan Width": 12, "Actual Rows": 57968, "Actual Loops": 1, "Inner Unique": false, "Plans": [{"Node Type": "Nested Loop", "Parent Relationship": "Outer", "Parallel Aware": false, "Async Capable": false, "Join Type": "Inner", "Startup Cost": 0.88, "Total Cost": 9665.21, "Plan Rows": 10322, "Plan Width": 8, "Actual Rows": 10354, "Actual Loops": 1, "Inner Unique": true, "Plans": [{"Node Type": "Nested Loop", "Parent Relationship": "Outer", "Parallel Aware": false, "Async Capable": false, "Join Type": "Inner", "Startup Cost": 0.59, "Total Cost": 6201.02, "Plan Rows": 10481, "Plan Width": 12, "Actual Rows": 10494, "Actual Loops": 1, "Inner Unique": true, "Plans": [{"Node Type": "Index Scan", "Parent Relationship": "Outer", "Parallel Aware": false, "Async Capable": false, "Scan Direction": "Forward", "Index Name": "idx_postlinks_postid", "Relation Name": "postlinks", "Alias": "pl", "Startup Cost": 0.29, "Total Cost": 423.05, "Plan Rows": 10593, "Plan Width": 4, "Actual Rows": 10593, "Actual Loops": 1, "Filter": "(creationdate <= '2014-08-05 18:27:51'::timestamp without time zone)", "Rows Removed by Filter": 509}, {"Node Type": "Memoize", "Parent Relationship": "Inner", "Parallel Aware": false, "Async Capable": false, "Startup Cost": 0.3, "Total Cost": 0.74, "Plan Rows": 1, "Plan Width": 8, "Actual Rows": 1, "Actual Loops": 10593, "Cache Key": "pl.postid", "Cache Mode": "logical", "Cache Hits": 3320, "Cache Misses": 7273, "Cache Evictions": 0, "Cache Overflows": 0, "Peak Memory Usage": 765, "Plans": [{"Node Type": "Index Scan", "Parent Relationship": "Outer", "Parallel Aware": false, "Async Capable": false, "Scan Direction": "Forward", "Index Name": "posts_pkey", "Relation Name": "posts", "Alias": "p", "Startup Cost": 0.29, "Total Cost": 0.73, "Plan Rows": 1, "Plan Width": 8, "Actual Rows": 1, "Actual Loops": 7273, "Index Cond": "(id = pl.postid)", "Rows Removed by Index Recheck": 0, "Filter": "((score >= '-2'::integer) AND (commentcount <= 18) AND (creationdate >= '2010-07-21 13:50:08'::timestamp without time zone) AND (creationdate <= '2014-09-11 00:53:10'::timestamp without time zone))", "Rows Removed by Filter": 0}]}]}, {"Node Type": "Index Scan", "Parent Relationship": "Inner", "Parallel Aware": false, "Async Capable": false, "Scan Direction": "Forward", "Index Name": "users_pkey", "Relation Name": "users", "Alias": "u", "Startup Cost": 0.29, "Total Cost": 0.33, "Plan Rows": 1, "Plan Width": 4, "Actual Rows": 1, "Actual Loops": 10494, "Index Cond": "(id = p.owneruserid)", "Rows Removed by Index Recheck": 0, "Filter": "((downvotes >= 0) AND (upvotes >= 0))", "Rows Removed by Filter": 0}]}, {"Node Type": "Index Scan", "Parent Relationship": "Inner", "Parallel Aware": false, "Async Capable": false, "Scan Direction": "Forward", "Index Name": "idx_posthistory_postid", "Relation Name": "posthistory", "Alias": "ph", "Startup Cost": 0.42, "Total Cost": 0.62, "Plan Rows": 4, "Plan Width": 4, "Actual Rows": 6, "Actual Loops": 10354, "Index Cond": "(postid = p.id)", "Rows Removed by Index Recheck": 0, "Filter": "(creationdate >= '2010-11-27 03:38:45'::timestamp without time zone)", "Rows Removed by Filter": 0}]}, {"Node Type": "Memoize", "Parent Relationship": "Inner", "Parallel Aware": false, "Async Capable": false, "Startup Cost": 0.43, "Total Cost": 1.11, "Plan Rows": 3, "Plan Width": 4, "Actual Rows": 3, "Actual Loops": 57968, "Cache Key": "pl.postid", "Cache Mode": "logical", "Cache Hits": 50989, "Cache Misses": 6979, "Cache Evictions": 0, "Cache Overflows": 0, "Peak Memory Usage": 1196, "Plans": [{"Node Type": "Index Scan", "Parent Relationship": "Outer", "Parallel Aware": false, "Async Capable": false, "Scan Direction": "Forward", "Index Name": "idx_comments_postid", "Relation Name": "comments", "Alias": "c", "Startup Cost": 0.42, "Total Cost": 1.1, "Plan Rows": 3, "Plan Width": 4, "Actual Rows": 3, "Actual Loops": 6979, "Index Cond": "(postid = pl.postid)", "Rows Removed by Index Recheck": 0, "Filter": "(creationdate >= '2010-07-26 19:37:03'::timestamp without time zone)", "Rows Removed by Filter": 0}]}]}, {"Node Type": "Memoize", "Parent Relationship": "Inner", "Parallel Aware": false, "Async Capable": false, "Startup Cost": 0.43, "Total Cost": 1.52, "Plan Rows": 5, "Plan Width": 4, "Actual Rows": 8, "Actual Loops": 195525, "Cache Key": "pl.postid", "Cache Mode": "logical", "Cache Hits": 190038, "Cache Misses": 5487, "Cache Evictions": 0, "Cache Overflows": 0, "Peak Memory Usage": 1462, "Plans": [{"Node Type": "Index Scan", "Parent Relationship": "Outer", "Parallel Aware": false, "Async Capable": false, "Scan Direction": "Forward", "Index Name": "idx_votes_postid", "Relation Name": "votes", "Alias": "v", "Startup Cost": 0.42, "Total Cost": 1.51, "Plan Rows": 5, "Plan Width": 4, "Actual Rows": 6, "Actual Loops": 5487, "Index Cond": "(postid = pl.postid)", "Rows Removed by Index Recheck": 0}]}]}]}, "Planning Time": 5.475, "Triggers": [], "Execution Time": 466.705}, {"Plan": {"Node Type": "Aggregate", "Strategy": "Plain", "Partial Mode": "Simple", "Parallel Aware": false, "Async Capable": false, "Startup Cost": 43793.5, "Total Cost": 43793.51, "Plan Rows": 1, "Plan Width": 8, "Actual Rows": 1, "Actual Loops": 1, "Plans": [{"Node Type": "Nested Loop", "Parent Relationship": "Outer", "Parallel Aware": false, "Async Capable": false, "Join Type": "Inner", "Startup Cost": 1.88, "Total Cost": 43242.18, "Plan Rows": 220530, "Plan Width": 0, "Actual Rows": 1570429, "Actual Loops": 1, "Inner Unique": false, "Join Filter": "(p.id = v.postid)", "Rows Removed by Join Filter": 0, "Plans": [{"Node Type": "Nested Loop", "Parent Relationship": "Outer", "Parallel Aware": false, "Async Capable": false, "Join Type": "Inner", "Startup Cost": 1.45, "Total Cost": 26467.91, "Plan Rows": 61828, "Plan Width": 16, "Actual Rows": 195525, "Actual Loops": 1, "Inner Unique": false, "Join Filter": "(c.postid = p.id)", "Rows Removed by Join Filter": 0, "Plans": [{"Node Type": "Nested Loop", "Parent Relationship": "Outer", "Parallel Aware": false, "Async Capable": false, "Join Type": "Inner", "Startup Cost": 1.02, "Total Cost": 16309.84, "Plan Rows": 32733, "Plan Width": 12, "Actual Rows": 57968, "Actual Loops": 1, "Inner Unique": false, "Plans": [{"Node Type": "Nested Loop", "Parent Relationship": "Outer", "Parallel Aware": false, "Async Capable": false, "Join Type": "Inner", "Startup Cost": 0.59, "Total Cost": 9462.94, "Plan Rows": 10322, "Plan Width": 8, "Actual Rows": 10354, "Actual Loops": 1, "Inner Unique": true, "Plans": [{"Node Type": "Nested Loop", "Parent Relationship": "Outer", "Parallel Aware": false, "Async Capable": false, "Join Type": "Inner", "Startup Cost": 0.3, "Total Cost": 5998.74, "Plan Rows": 10481, "Plan Width": 12, "Actual Rows": 10494, "Actual Loops": 1, "Inner Unique": true, "Plans": [{"Node Type": "Seq Scan", "Parent Relationship": "Outer", "Parallel Aware": false, "Async Capable": false, "Relation Name": "postlinks", "Alias": "pl", "Startup Cost": 0.0, "Total Cost": 220.78, "Plan Rows": 10593, "Plan Width": 4, "Actual Rows": 10593, "Actual Loops": 1, "Filter": "(creationdate <= '2014-08-05 18:27:51'::timestamp without time zone)", "Rows Removed by Filter": 509}, {"Node Type": "Memoize", "Parent Relationship": "Inner", "Parallel Aware": false, "Async Capable": false, "Startup Cost": 0.3, "Total Cost": 0.74, "Plan Rows": 1, "Plan Width": 8, "Actual Rows": 1, "Actual Loops": 10593, "Cache Key": "pl.postid", "Cache Mode": "logical", "Cache Hits": 3320, "Cache Misses": 7273, "Cache Evictions": 0, "Cache Overflows": 0, "Peak Memory Usage": 765, "Plans": [{"Node Type": "Index Scan", "Parent Relationship": "Outer", "Parallel Aware": false, "Async Capable": false, "Scan Direction": "Forward", "Index Name": "posts_pkey", "Relation Name": "posts", "Alias": "p", "Startup Cost": 0.29, "Total Cost": 0.73, "Plan Rows": 1, "Plan Width": 8, "Actual Rows": 1, "Actual Loops": 7273, "Index Cond": "(id = pl.postid)", "Rows Removed by Index Recheck": 0, "Filter": "((score >= '-2'::integer) AND (commentcount <= 18) AND (creationdate >= '2010-07-21 13:50:08'::timestamp without time zone) AND (creationdate <= '2014-09-11 00:53:10'::timestamp without time zone))", "Rows Removed by Filter": 0}]}]}, {"Node Type": "Index Scan", "Parent Relationship": "Inner", "Parallel Aware": false, "Async Capable": false, "Scan Direction": "Forward", "Index Name": "users_pkey", "Relation Name": "users", "Alias": "u", "Startup Cost": 0.29, "Total Cost": 0.33, "Plan Rows": 1, "Plan Width": 4, "Actual Rows": 1, "Actual Loops": 10494, "Index Cond": "(id = p.owneruserid)", "Rows Removed by Index Recheck": 0, "Filter": "((downvotes >= 0) AND (upvotes >= 0))", "Rows Removed by Filter": 0}]}, {"Node Type": "Index Scan", "Parent Relationship": "Inner", "Parallel Aware": false, "Async Capable": false, "Scan Direction": "Forward", "Index Name": "idx_posthistory_postid", "Relation Name": "posthistory", "Alias": "ph", "Startup Cost": 0.42, "Total Cost": 0.62, "Plan Rows": 4, "Plan Width": 4, "Actual Rows": 6, "Actual Loops": 10354, "Index Cond": "(postid = p.id)", "Rows Removed by Index Recheck": 0, "Filter": "(creationdate >= '2010-11-27 03:38:45'::timestamp without time zone)", "Rows Removed by Filter": 0}]}, {"Node Type": "Memoize", "Parent Relationship": "Inner", "Parallel Aware": false, "Async Capable": false, "Startup Cost": 0.43, "Total Cost": 1.11, "Plan Rows": 3, "Plan Width": 4, "Actual Rows": 3, "Actual Loops": 57968, "Cache Key": "pl.postid", "Cache Mode": "logical", "Cache Hits": 50989, "Cache Misses": 6979, "Cache Evictions": 0, "Cache Overflows": 0, "Peak Memory Usage": 1196, "Plans": [{"Node Type": "Index Scan", "Parent Relationship": "Outer", "Parallel Aware": false, "Async Capable": false, "Scan Direction": "Forward", "Index Name": "idx_comments_postid", "Relation Name": "comments", "Alias": "c", "Startup Cost": 0.42, "Total Cost": 1.1, "Plan Rows": 3, "Plan Width": 4, "Actual Rows": 3, "Actual Loops": 6979, "Index Cond": "(postid = pl.postid)", "Rows Removed by Index Recheck": 0, "Filter": "(creationdate >= '2010-07-26 19:37:03'::timestamp without time zone)", "Rows Removed by Filter": 0}]}]}, {"Node Type": "Memoize", "Parent Relationship": "Inner", "Parallel Aware": false, "Async Capable": false, "Startup Cost": 0.43, "Total Cost": 1.52, "Plan Rows": 5, "Plan Width": 4, "Actual Rows": 8, "Actual Loops": 195525, "Cache Key": "pl.postid", "Cache Mode": "logical", "Cache Hits": 190038, "Cache Misses": 5487, "Cache Evictions": 0, "Cache Overflows": 0, "Peak Memory Usage": 1462, "Plans": [{"Node Type": "Index Scan", "Parent Relationship": "Outer", "Parallel Aware": false, "Async Capable": false, "Scan Direction": "Forward", "Index Name": "idx_votes_postid", "Relation Name": "votes", "Alias": "v", "Startup Cost": 0.42, "Total Cost": 1.51, "Plan Rows": 5, "Plan Width": 4, "Actual Rows": 6, "Actual Loops": 5487, "Index Cond": "(postid = pl.postid)", "Rows Removed by Index Recheck": 0}]}]}]}, "Planning Time": 7.494, "Triggers": [], "Execution Time": 478.659}]