[{"Plan": {"Node Type": "Aggregate", "Strategy": "Plain", "Partial Mode": "Simple", "Parallel Aware": false, "Async Capable": false, "Startup Cost": 21266.54, "Total Cost": 21266.55, "Plan Rows": 1, "Plan Width": 8, "Actual Rows": 1, "Actual Loops": 1, "Plans": [{"Node Type": "Nested Loop", "Parent Relationship": "Outer", "Parallel Aware": false, "Async Capable": false, "Join Type": "Inner", "Startup Cost": 3339.32, "Total Cost": 10330.26, "Plan Rows": 4374511, "Plan Width": 0, "Actual Rows": 481420, "Actual Loops": 1, "Inner Unique": false, "Plans": [{"Node Type": "Hash Join", "Parent Relationship": "Outer", "Parallel Aware": false, "Async Capable": false, "Join Type": "Inner", "Startup Cost": 3339.03, "Total Cost": 3612.6, "Plan Rows": 9287, "Plan Width": 4, "Actual Rows": 9405, "Actual Loops": 1, "Inner Unique": true, "Hash Cond": "(pl.postid = p.id)", "Plans": [{"Node Type": "Seq Scan", "Parent Relationship": "Outer", "Parallel Aware": false, "Async Capable": false, "Relation Name": "postlinks", "Alias": "pl", "Startup Cost": 0.0, "Total Cost": 248.53, "Plan Rows": 9539, "Plan Width": 4, "Actual Rows": 9480, "Actual Loops": 1, "Filter": "((creationdate >= '2011-07-09 22:35:44'::timestamp without time zone) AND (linktypeid = 1))", "Rows Removed by Filter": 1622}, {"Node Type": "Hash", "Parent Relationship": "Inner", "Parallel Aware": false, "Async Capable": false, "Startup Cost": 2219.64, "Total Cost": 2219.64, "Plan Rows": 89551, "Plan Width": 8, "Actual Rows": 89551, "Actual Loops": 1, "Hash Buckets": 131072, "Original Hash Buckets": 131072, "Hash Batches": 1, "Original Hash Batches": 1, "Peak Memory Usage": 4518, "Plans": [{"Node Type": "Seq Scan", "Parent Relationship": "Outer", "Parallel Aware": false, "Async Capable": false, "Relation Name": "posts", "Alias": "p", "Startup Cost": 0.0, "Total Cost": 2219.64, "Plan Rows": 89551, "Plan Width": 8, "Actual Rows": 89551, "Actual Loops": 1, "Filter": "((creationdate >= '2010-09-06 00:58:21'::timestamp without time zone) AND (creationdate <= '2014-09-12 10:02:21'::timestamp without time zone))", "Rows Removed by Filter": 2425}]}]}, {"Node Type": "Index Scan", "Parent Relationship": "Inner", "Parallel Aware": false, "Async Capable": false, "Scan Direction": "Forward", "Index Name": "idx_comments_userid", "Relation Name": "comments", "Alias": "c", "Startup Cost": 0.29, "Total Cost": 0.62, "Plan Rows": 10, "Plan Width": 4, "Actual Rows": 51, "Actual Loops": 9405, "Index Cond": "(userid = p.owneruserid)", "Rows Removed by Index Recheck": 0, "Filter": "(score = 0)", "Rows Removed by Filter": 13}]}]}, "Planning Time": 1.604, "Triggers": [], "Execution Time": 248.463}, {"Plan": {"Node Type": "Aggregate", "Strategy": "Plain", "Partial Mode": "Simple", "Parallel Aware": false, "Async Capable": false, "Startup Cost": 30000446121.72, "Total Cost": 30000446121.73, "Plan Rows": 1, "Plan Width": 8, "Actual Rows": 1, "Actual Loops": 1, "Plans": [{"Node Type": "Nested Loop", "Parent Relationship": "Outer", "Parallel Aware": false, "Async Capable": false, "Join Type": "Inner", "Startup Cost": 30000000000.99, "Total Cost": 30000435185.44, "Plan Rows": 4374511, "Plan Width": 0, "Actual Rows": 481420, "Actual Loops": 1, "Inner Unique": false, "Plans": [{"Node Type": "Nested Loop", "Parent Relationship": "Outer", "Parallel Aware": false, "Async Capable": false, "Join Type": "Inner", "Startup Cost": 20000000000.59, "Total Cost": 20000391552.26, "Plan Rows": 9287, "Plan Width": 4, "Actual Rows": 9405, "Actual Loops": 1, "Inner Unique": false, "Plans": [{"Node Type": "Index Scan", "Parent Relationship": "Outer", "Parallel Aware": false, "Async Capable": false, "Scan Direction": "Forward", "Index Name": "idx_posts_owneruserid", "Relation Name": "posts", "Alias": "p", "Startup Cost": 10000000000.29, "Total Cost": 10000004553.55, "Plan Rows": 89551, "Plan Width": 8, "Actual Rows": 89551, "Actual Loops": 1, "Filter": "((creationdate >= '2010-09-06 00:58:21'::timestamp without time zone) AND (creationdate <= '2014-09-12 10:02:21'::timestamp without time zone))", "Rows Removed by Filter": 2425}, {"Node Type": "Bitmap Heap Scan", "Parent Relationship": "Inner", "Parallel Aware": false, "Async Capable": false, "Relation Name": "postlinks", "Alias": "pl", "Startup Cost": 0.29, "Total Cost": 4.31, "Plan Rows": 1, "Plan Width": 4, "Actual Rows": 0, "Actual Loops": 89551, "Recheck Cond": "(p.id = postid)", "Rows Removed by Index Recheck": 0, "Filter": "((creationdate >= '2011-07-09 22:35:44'::timestamp without time zone) AND (linktypeid = 1))", "Rows Removed by Filter": 0, "Exact Heap Blocks": 8014, "Lossy Heap Blocks": 0, "Plans": [{"Node Type": "Bitmap Index Scan", "Parent Relationship": "Outer", "Parallel Aware": false, "Async Capable": false, "Index Name": "idx_postlinks_postid", "Startup Cost": 0.0, "Total Cost": 0.29, "Plan Rows": 1, "Plan Width": 0, "Actual Rows": 0, "Actual Loops": 89551, "Index Cond": "(postid = p.id)"}]}]}, {"Node Type": "Bitmap Heap Scan", "Parent Relationship": "Inner", "Parallel Aware": false, "Async Capable": false, "Relation Name": "comments", "Alias": "c", "Startup Cost": 0.4, "Total Cost": 4.6, "Plan Rows": 10, "Plan Width": 4, "Actual Rows": 51, "Actual Loops": 9405, "Recheck Cond": "(userid = p.owneruserid)", "Rows Removed by Index Recheck": 0, "Filter": "(score = 0)", "Rows Removed by Filter": 13, "Exact Heap Blocks": 219303, "Lossy Heap Blocks": 0, "Plans": [{"Node Type": "Bitmap Index Scan", "Parent Relationship": "Outer", "Parallel Aware": false, "Async Capable": false, "Index Name": "idx_comments_userid", "Startup Cost": 0.0, "Total Cost": 0.4, "Plan Rows": 13, "Plan Width": 0, "Actual Rows": 65, "Actual Loops": 9405, "Index Cond": "(userid = p.owneruserid)"}]}]}]}, "Planning Time": 1.285, "Triggers": [], "Execution Time": 533.582}, {"Plan": {"Node Type": "Aggregate", "Strategy": "Plain", "Partial Mode": "Finalize", "Parallel Aware": false, "Async Capable": false, "Startup Cost": 64086.5, "Total Cost": 64086.51, "Plan Rows": 1, "Plan Width": 8, "Actual Rows": 1, "Actual Loops": 1, "Plans": [{"Node Type": "Gather", "Parent Relationship": "Outer", "Parallel Aware": false, "Async Capable": false, "Startup Cost": 64086.38, "Total Cost": 64086.49, "Plan Rows": 1, "Plan Width": 8, "Actual Rows": 2, "Actual Loops": 1, "Workers Planned": 1, "Workers Launched": 1, "Single Copy": false, "Plans": [{"Node Type": "Aggregate", "Strategy": "Plain", "Partial Mode": "Partial", "Parent Relationship": "Outer", "Parallel Aware": false, "Async Capable": false, "Startup Cost": 63086.38, "Total Cost": 63086.39, "Plan Rows": 1, "Plan Width": 8, "Actual Rows": 1, "Actual Loops": 2, "Workers": [], "Plans": [{"Node Type": "Hash Join", "Parent Relationship": "Outer", "Parallel Aware": false, "Async Capable": false, "Join Type": "Inner", "Startup Cost": 5410.66, "Total Cost": 56653.28, "Plan Rows": 2573242, "Plan Width": 0, "Actual Rows": 240710, "Actual Loops": 2, "Inner Unique": false, "Hash Cond": "(c.userid = p.owneruserid)", "Workers": [], "Plans": [{"Node Type": "Index Scan", "Parent Relationship": "Outer", "Parallel Aware": true, "Async Capable": false, "Scan Direction": "Forward", "Index Name": "idx_comments_userid", "Relation Name": "comments", "Alias": "c", "Startup Cost": 0.29, "Total Cost": 7361.8, "Plan Rows": 79345, "Plan Width": 4, "Actual Rows": 67444, "Actual Loops": 2, "Filter": "(score = 0)", "Rows Removed by Filter": 19709, "Workers": []}, {"Node Type": "Hash", "Parent Relationship": "Inner", "Parallel Aware": false, "Async Capable": false, "Startup Cost": 5294.28, "Total Cost": 5294.28, "Plan Rows": 9287, "Plan Width": 4, "Actual Rows": 9324, "Actual Loops": 2, "Hash Buckets": 16384, "Original Hash Buckets": 16384, "Hash Batches": 1, "Original Hash Batches": 1, "Peak Memory Usage": 456, "Workers": [], "Plans": [{"Node Type": "Hash Join", "Parent Relationship": "Outer", "Parallel Aware": false, "Async Capable": false, "Join Type": "Inner", "Startup Cost": 4818.72, "Total Cost": 5294.28, "Plan Rows": 9287, "Plan Width": 4, "Actual Rows": 9405, "Actual Loops": 2, "Inner Unique": true, "Hash Cond": "(pl.postid = p.id)", "Workers": [], "Plans": [{"Node Type": "Index Scan", "Parent Relationship": "Outer", "Parallel Aware": false, "Async Capable": false, "Scan Direction": "Forward", "Index Name": "idx_postlinks_postid", "Relation Name": "postlinks", "Alias": "pl", "Startup Cost": 0.29, "Total Cost": 450.8, "Plan Rows": 9539, "Plan Width": 4, "Actual Rows": 9480, "Actual Loops": 2, "Filter": "((creationdate >= '2011-07-09 22:35:44'::timestamp without time zone) AND (linktypeid = 1))", "Rows Removed by Filter": 1622, "Workers": []}, {"Node Type": "Hash", "Parent Relationship": "Inner", "Parallel Aware": false, "Async Capable": false, "Startup Cost": 3699.05, "Total Cost": 3699.05, "Plan Rows": 89551, "Plan Width": 8, "Actual Rows": 89551, "Actual Loops": 2, "Hash Buckets": 131072, "Original Hash Buckets": 131072, "Hash Batches": 1, "Original Hash Batches": 1, "Peak Memory Usage": 4518, "Workers": [], "Plans": [{"Node Type": "Index Scan", "Parent Relationship": "Outer", "Parallel Aware": false, "Async Capable": false, "Scan Direction": "Forward", "Index Name": "posts_pkey", "Relation Name": "posts", "Alias": "p", "Startup Cost": 0.29, "Total Cost": 3699.05, "Plan Rows": 89551, "Plan Width": 8, "Actual Rows": 89551, "Actual Loops": 2, "Filter": "((creationdate >= '2010-09-06 00:58:21'::timestamp without time zone) AND (creationdate <= '2014-09-12 10:02:21'::timestamp without time zone))", "Rows Removed by Filter": 2425, "Workers": []}]}]}]}]}]}]}]}, "Planning Time": 2.031, "Triggers": [], "Execution Time": 199.284}, {"Plan": {"Node Type": "Aggregate", "Strategy": "Plain", "Partial Mode": "Finalize", "Parallel Aware": false, "Async Capable": false, "Startup Cost": 58551.41, "Total Cost": 58551.42, "Plan Rows": 1, "Plan Width": 8, "Actual Rows": 1, "Actual Loops": 1, "Plans": [{"Node Type": "Gather", "Parent Relationship": "Outer", "Parallel Aware": false, "Async Capable": false, "Startup Cost": 58551.3, "Total Cost": 58551.41, "Plan Rows": 1, "Plan Width": 8, "Actual Rows": 2, "Actual Loops": 1, "Workers Planned": 1, "Workers Launched": 1, "Single Copy": false, "Plans": [{"Node Type": "Aggregate", "Strategy": "Plain", "Partial Mode": "Partial", "Parent Relationship": "Outer", "Parallel Aware": false, "Async Capable": false, "Startup Cost": 57551.3, "Total Cost": 57551.31, "Plan Rows": 1, "Plan Width": 8, "Actual Rows": 1, "Actual Loops": 2, "Workers": [], "Plans": [{"Node Type": "Merge Join", "Parent Relationship": "Outer", "Parallel Aware": false, "Async Capable": false, "Join Type": "Inner", "Startup Cost": 5117.39, "Total Cost": 51118.19, "Plan Rows": 2573242, "Plan Width": 0, "Actual Rows": 240710, "Actual Loops": 2, "Inner Unique": false, "Merge Cond": "(c.userid = p.owneruserid)", "Workers": [], "Plans": [{"Node Type": "Index Scan", "Parent Relationship": "Outer", "Parallel Aware": true, "Async Capable": false, "Scan Direction": "Forward", "Index Name": "idx_comments_userid", "Relation Name": "comments", "Alias": "c", "Startup Cost": 0.29, "Total Cost": 7361.8, "Plan Rows": 79345, "Plan Width": 4, "Actual Rows": 66336, "Actual Loops": 2, "Filter": "(score = 0)", "Rows Removed by Filter": 19379, "Workers": []}, {"Node Type": "Sort", "Parent Relationship": "Inner", "Parallel Aware": false, "Async Capable": false, "Startup Cost": 5101.81, "Total Cost": 5125.02, "Plan Rows": 9287, "Plan Width": 4, "Actual Rows": 245873, "Actual Loops": 2, "Sort Key": ["p.owneruserid"], "Sort Method": "quicksort", "Sort Space Used": 385, "Sort Space Type": "Memory", "Workers": [{"Worker Number": 0, "Sort Method": "quicksort", "Sort Space Used": 385, "Sort Space Type": "Memory"}], "Plans": [{"Node Type": "Merge Join", "Parent Relationship": "Outer", "Parallel Aware": false, "Async Capable": false, "Join Type": "Inner", "Startup Cost": 0.71, "Total Cost": 4489.75, "Plan Rows": 9287, "Plan Width": 4, "Actual Rows": 9405, "Actual Loops": 2, "Inner Unique": false, "Merge Cond": "(p.id = pl.postid)", "Workers": [], "Plans": [{"Node Type": "Index Scan", "Parent Relationship": "Outer", "Parallel Aware": false, "Async Capable": false, "Scan Direction": "Forward", "Index Name": "posts_pkey", "Relation Name": "posts", "Alias": "p", "Startup Cost": 0.29, "Total Cost": 3699.05, "Plan Rows": 89551, "Plan Width": 8, "Actual Rows": 89551, "Actual Loops": 2, "Filter": "((creationdate >= '2010-09-06 00:58:21'::timestamp without time zone) AND (creationdate <= '2014-09-12 10:02:21'::timestamp without time zone))", "Rows Removed by Filter": 2425, "Workers": []}, {"Node Type": "Index Scan", "Parent Relationship": "Inner", "Parallel Aware": false, "Async Capable": false, "Scan Direction": "Forward", "Index Name": "idx_postlinks_postid", "Relation Name": "postlinks", "Alias": "pl", "Startup Cost": 0.29, "Total Cost": 450.8, "Plan Rows": 9539, "Plan Width": 4, "Actual Rows": 9471, "Actual Loops": 2, "Filter": "((creationdate >= '2011-07-09 22:35:44'::timestamp without time zone) AND (linktypeid = 1))", "Rows Removed by Filter": 1620, "Workers": []}]}]}]}]}]}]}, "Planning Time": 3.012, "Triggers": [], "Execution Time": 158.374}, {"Plan": {"Node Type": "Aggregate", "Strategy": "Plain", "Partial Mode": "Simple", "Parallel Aware": false, "Async Capable": false, "Startup Cost": 22143.69, "Total Cost": 22143.7, "Plan Rows": 1, "Plan Width": 8, "Actual Rows": 1, "Actual Loops": 1, "Plans": [{"Node Type": "Nested Loop", "Parent Relationship": "Outer", "Parallel Aware": false, "Async Capable": false, "Join Type": "Inner", "Startup Cost": 1.0, "Total Cost": 11207.41, "Plan Rows": 4374511, "Plan Width": 0, "Actual Rows": 481420, "Actual Loops": 1, "Inner Unique": false, "Plans": [{"Node Type": "Merge Join", "Parent Relationship": "Outer", "Parallel Aware": false, "Async Capable": false, "Join Type": "Inner", "Startup Cost": 0.71, "Total Cost": 4489.75, "Plan Rows": 9287, "Plan Width": 4, "Actual Rows": 9405, "Actual Loops": 1, "Inner Unique": false, "Merge Cond": "(p.id = pl.postid)", "Plans": [{"Node Type": "Index Scan", "Parent Relationship": "Outer", "Parallel Aware": false, "Async Capable": false, "Scan Direction": "Forward", "Index Name": "posts_pkey", "Relation Name": "posts", "Alias": "p", "Startup Cost": 0.29, "Total Cost": 3699.05, "Plan Rows": 89551, "Plan Width": 8, "Actual Rows": 89551, "Actual Loops": 1, "Filter": "((creationdate >= '2010-09-06 00:58:21'::timestamp without time zone) AND (creationdate <= '2014-09-12 10:02:21'::timestamp without time zone))", "Rows Removed by Filter": 2425}, {"Node Type": "Index Scan", "Parent Relationship": "Inner", "Parallel Aware": false, "Async Capable": false, "Scan Direction": "Forward", "Index Name": "idx_postlinks_postid", "Relation Name": "postlinks", "Alias": "pl", "Startup Cost": 0.29, "Total Cost": 450.8, "Plan Rows": 9539, "Plan Width": 4, "Actual Rows": 9471, "Actual Loops": 1, "Filter": "((creationdate >= '2011-07-09 22:35:44'::timestamp without time zone) AND (linktypeid = 1))", "Rows Removed by Filter": 1620}]}, {"Node Type": "Index Scan", "Parent Relationship": "Inner", "Parallel Aware": false, "Async Capable": false, "Scan Direction": "Forward", "Index Name": "idx_comments_userid", "Relation Name": "comments", "Alias": "c", "Startup Cost": 0.29, "Total Cost": 0.62, "Plan Rows": 10, "Plan Width": 4, "Actual Rows": 51, "Actual Loops": 9405, "Index Cond": "(userid = p.owneruserid)", "Rows Removed by Index Recheck": 0, "Filter": "(score = 0)", "Rows Removed by Filter": 13}]}]}, "Planning Time": 1.787, "Triggers": [], "Execution Time": 224.762}, {"Plan": {"Node Type": "Aggregate", "Strategy": "Plain", "Partial Mode": "Finalize", "Parallel Aware": false, "Async Capable": false, "Startup Cost": 57668.67, "Total Cost": 57668.68, "Plan Rows": 1, "Plan Width": 8, "Actual Rows": 1, "Actual Loops": 1, "Plans": [{"Node Type": "Gather", "Parent Relationship": "Outer", "Parallel Aware": false, "Async Capable": false, "Startup Cost": 57668.55, "Total Cost": 57668.66, "Plan Rows": 1, "Plan Width": 8, "Actual Rows": 2, "Actual Loops": 1, "Workers Planned": 1, "Workers Launched": 1, "Single Copy": false, "Plans": [{"Node Type": "Aggregate", "Strategy": "Plain", "Partial Mode": "Partial", "Parent Relationship": "Outer", "Parallel Aware": false, "Async Capable": false, "Startup Cost": 56668.55, "Total Cost": 56668.56, "Plan Rows": 1, "Plan Width": 8, "Actual Rows": 1, "Actual Loops": 2, "Workers": [], "Plans": [{"Node Type": "Hash Join", "Parent Relationship": "Outer", "Parallel Aware": false, "Async Capable": false, "Join Type": "Inner", "Startup Cost": 3728.68, "Total Cost": 50235.45, "Plan Rows": 2573242, "Plan Width": 0, "Actual Rows": 240710, "Actual Loops": 2, "Inner Unique": false, "Hash Cond": "(c.userid = p.owneruserid)", "Workers": [], "Plans": [{"Node Type": "Seq Scan", "Parent Relationship": "Outer", "Parallel Aware": true, "Async Capable": false, "Relation Name": "comments", "Alias": "c", "Startup Cost": 0.0, "Total Cost": 2625.65, "Plan Rows": 79345, "Plan Width": 4, "Actual Rows": 67444, "Actual Loops": 2, "Filter": "(score = 0)", "Rows Removed by Filter": 19709, "Workers": []}, {"Node Type": "Hash", "Parent Relationship": "Inner", "Parallel Aware": false, "Async Capable": false, "Startup Cost": 3612.6, "Total Cost": 3612.6, "Plan Rows": 9287, "Plan Width": 4, "Actual Rows": 9324, "Actual Loops": 2, "Hash Buckets": 16384, "Original Hash Buckets": 16384, "Hash Batches": 1, "Original Hash Batches": 1, "Peak Memory Usage": 456, "Workers": [], "Plans": [{"Node Type": "Hash Join", "Parent Relationship": "Outer", "Parallel Aware": false, "Async Capable": false, "Join Type": "Inner", "Startup Cost": 3339.03, "Total Cost": 3612.6, "Plan Rows": 9287, "Plan Width": 4, "Actual Rows": 9405, "Actual Loops": 2, "Inner Unique": true, "Hash Cond": "(pl.postid = p.id)", "Workers": [], "Plans": [{"Node Type": "Seq Scan", "Parent Relationship": "Outer", "Parallel Aware": false, "Async Capable": false, "Relation Name": "postlinks", "Alias": "pl", "Startup Cost": 0.0, "Total Cost": 248.53, "Plan Rows": 9539, "Plan Width": 4, "Actual Rows": 9480, "Actual Loops": 2, "Filter": "((creationdate >= '2011-07-09 22:35:44'::timestamp without time zone) AND (linktypeid = 1))", "Rows Removed by Filter": 1622, "Workers": []}, {"Node Type": "Hash", "Parent Relationship": "Inner", "Parallel Aware": false, "Async Capable": false, "Startup Cost": 2219.64, "Total Cost": 2219.64, "Plan Rows": 89551, "Plan Width": 8, "Actual Rows": 89551, "Actual Loops": 2, "Hash Buckets": 131072, "Original Hash Buckets": 131072, "Hash Batches": 1, "Original Hash Batches": 1, "Peak Memory Usage": 4518, "Workers": [], "Plans": [{"Node Type": "Seq Scan", "Parent Relationship": "Outer", "Parallel Aware": false, "Async Capable": false, "Relation Name": "posts", "Alias": "p", "Startup Cost": 0.0, "Total Cost": 2219.64, "Plan Rows": 89551, "Plan Width": 8, "Actual Rows": 89551, "Actual Loops": 2, "Filter": "((creationdate >= '2010-09-06 00:58:21'::timestamp without time zone) AND (creationdate <= '2014-09-12 10:02:21'::timestamp without time zone))", "Rows Removed by Filter": 2425, "Workers": []}]}]}]}]}]}]}]}, "Planning Time": 2.841, "Triggers": [], "Execution Time": 117.483}, {"Plan": {"Node Type": "Aggregate", "Strategy": "Plain", "Partial Mode": "Simple", "Parallel Aware": false, "Async Capable": false, "Startup Cost": 22948.22, "Total Cost": 22948.23, "Plan Rows": 1, "Plan Width": 8, "Actual Rows": 1, "Actual Loops": 1, "Plans": [{"Node Type": "Nested Loop", "Parent Relationship": "Outer", "Parallel Aware": false, "Async Capable": false, "Join Type": "Inner", "Startup Cost": 4819.02, "Total Cost": 12011.95, "Plan Rows": 4374511, "Plan Width": 0, "Actual Rows": 481420, "Actual Loops": 1, "Inner Unique": false, "Plans": [{"Node Type": "Hash Join", "Parent Relationship": "Outer", "Parallel Aware": false, "Async Capable": false, "Join Type": "Inner", "Startup Cost": 4818.72, "Total Cost": 5294.28, "Plan Rows": 9287, "Plan Width": 4, "Actual Rows": 9405, "Actual Loops": 1, "Inner Unique": true, "Hash Cond": "(pl.postid = p.id)", "Plans": [{"Node Type": "Index Scan", "Parent Relationship": "Outer", "Parallel Aware": false, "Async Capable": false, "Scan Direction": "Forward", "Index Name": "idx_postlinks_postid", "Relation Name": "postlinks", "Alias": "pl", "Startup Cost": 0.29, "Total Cost": 450.8, "Plan Rows": 9539, "Plan Width": 4, "Actual Rows": 9480, "Actual Loops": 1, "Filter": "((creationdate >= '2011-07-09 22:35:44'::timestamp without time zone) AND (linktypeid = 1))", "Rows Removed by Filter": 1622}, {"Node Type": "Hash", "Parent Relationship": "Inner", "Parallel Aware": false, "Async Capable": false, "Startup Cost": 3699.05, "Total Cost": 3699.05, "Plan Rows": 89551, "Plan Width": 8, "Actual Rows": 89551, "Actual Loops": 1, "Hash Buckets": 131072, "Original Hash Buckets": 131072, "Hash Batches": 1, "Original Hash Batches": 1, "Peak Memory Usage": 4518, "Plans": [{"Node Type": "Index Scan", "Parent Relationship": "Outer", "Parallel Aware": false, "Async Capable": false, "Scan Direction": "Forward", "Index Name": "posts_pkey", "Relation Name": "posts", "Alias": "p", "Startup Cost": 0.29, "Total Cost": 3699.05, "Plan Rows": 89551, "Plan Width": 8, "Actual Rows": 89551, "Actual Loops": 1, "Filter": "((creationdate >= '2010-09-06 00:58:21'::timestamp without time zone) AND (creationdate <= '2014-09-12 10:02:21'::timestamp without time zone))", "Rows Removed by Filter": 2425}]}]}, {"Node Type": "Index Scan", "Parent Relationship": "Inner", "Parallel Aware": false, "Async Capable": false, "Scan Direction": "Forward", "Index Name": "idx_comments_userid", "Relation Name": "comments", "Alias": "c", "Startup Cost": 0.29, "Total Cost": 0.62, "Plan Rows": 10, "Plan Width": 4, "Actual Rows": 51, "Actual Loops": 9405, "Index Cond": "(userid = p.owneruserid)", "Rows Removed by Index Recheck": 0, "Filter": "(score = 0)", "Rows Removed by Filter": 13}]}]}, "Planning Time": 1.234, "Triggers": [], "Execution Time": 284.371}, {"Plan": {"Node Type": "Aggregate", "Strategy": "Plain", "Partial Mode": "Simple", "Parallel Aware": false, "Async Capable": false, "Startup Cost": 30000299513.73, "Total Cost": 30000299513.74, "Plan Rows": 1, "Plan Width": 8, "Actual Rows": 1, "Actual Loops": 1, "Plans": [{"Node Type": "Merge Join", "Parent Relationship": "Outer", "Parallel Aware": false, "Async Capable": false, "Join Type": "Inner", "Startup Cost": 30000000007.83, "Total Cost": 30000288577.45, "Plan Rows": 4374511, "Plan Width": 0, "Actual Rows": 481420, "Actual Loops": 1, "Inner Unique": false, "Merge Cond": "(p.id = pl.postid)", "Plans": [{"Node Type": "Nested Loop", "Parent Relationship": "Outer", "Parallel Aware": false, "Async Capable": false, "Join Type": "Inner", "Startup Cost": 20000000000.71, "Total Cost": 20000117100.36, "Plan Rows": 42179472, "Plan Width": 4, "Actual Rows": 36337035, "Actual Loops": 1, "Inner Unique": false, "Plans": [{"Node Type": "Index Scan", "Parent Relationship": "Outer", "Parallel Aware": false, "Async Capable": false, "Scan Direction": "Forward", "Index Name": "posts_pkey", "Relation Name": "posts", "Alias": "p", "Startup Cost": 10000000000.29, "Total Cost": 10000003699.05, "Plan Rows": 89551, "Plan Width": 8, "Actual Rows": 89551, "Actual Loops": 1, "Filter": "((creationdate >= '2010-09-06 00:58:21'::timestamp without time zone) AND (creationdate <= '2014-09-12 10:02:21'::timestamp without time zone))", "Rows Removed by Filter": 2425}, {"Node Type": "Memoize", "Parent Relationship": "Inner", "Parallel Aware": false, "Async Capable": false, "Startup Cost": 0.41, "Total Cost": 4.61, "Plan Rows": 10, "Plan Width": 4, "Actual Rows": 406, "Actual Loops": 89551, "Cache Key": "p.owneruserid", "Cache Mode": "logical", "Cache Hits": 67780, "Cache Misses": 21771, "Cache Evictions": 0, "Cache Overflows": 0, "Peak Memory Usage": 6079, "Plans": [{"Node Type": "Bitmap Heap Scan", "Parent Relationship": "Outer", "Parallel Aware": false, "Async Capable": false, "Relation Name": "comments", "Alias": "c", "Startup Cost": 0.4, "Total Cost": 4.6, "Plan Rows": 10, "Plan Width": 4, "Actual Rows": 6, "Actual Loops": 21771, "Recheck Cond": "(userid = p.owneruserid)", "Rows Removed by Index Recheck": 0, "Filter": "(score = 0)", "Rows Removed by Filter": 2, "Exact Heap Blocks": 73551, "Lossy Heap Blocks": 0, "Plans": [{"Node Type": "Bitmap Index Scan", "Parent Relationship": "Outer", "Parallel Aware": false, "Async Capable": false, "Index Name": "idx_comments_userid", "Startup Cost": 0.0, "Total Cost": 0.4, "Plan Rows": 13, "Plan Width": 0, "Actual Rows": 8, "Actual Loops": 21771, "Index Cond": "(userid = p.owneruserid)"}]}]}]}, {"Node Type": "Materialize", "Parent Relationship": "Inner", "Parallel Aware": false, "Async Capable": false, "Startup Cost": 10000000000.28, "Total Cost": 10000000474.65, "Plan Rows": 9539, "Plan Width": 4, "Actual Rows": 482865, "Actual Loops": 1, "Plans": [{"Node Type": "Index Scan", "Parent Relationship": "Outer", "Parallel Aware": false, "Async Capable": false, "Scan Direction": "Forward", "Index Name": "idx_postlinks_postid", "Relation Name": "postlinks", "Alias": "pl", "Startup Cost": 10000000000.28, "Total Cost": 10000000450.8, "Plan Rows": 9539, "Plan Width": 4, "Actual Rows": 9471, "Actual Loops": 1, "Filter": "((creationdate >= '2011-07-09 22:35:44'::timestamp without time zone) AND (linktypeid = 1))", "Rows Removed by Filter": 1620}]}]}]}, "Planning Time": 1.776, "Triggers": [], "Execution Time": 2116.769}, {"Plan": {"Node Type": "Aggregate", "Strategy": "Plain", "Partial Mode": "Simple", "Parallel Aware": false, "Async Capable": false, "Startup Cost": 10000446121.72, "Total Cost": 10000446121.73, "Plan Rows": 1, "Plan Width": 8, "Actual Rows": 1, "Actual Loops": 1, "Plans": [{"Node Type": "Nested Loop", "Parent Relationship": "Outer", "Parallel Aware": false, "Async Capable": false, "Join Type": "Inner", "Startup Cost": 10000000000.99, "Total Cost": 10000435185.44, "Plan Rows": 4374511, "Plan Width": 0, "Actual Rows": 481420, "Actual Loops": 1, "Inner Unique": false, "Plans": [{"Node Type": "Nested Loop", "Parent Relationship": "Outer", "Parallel Aware": false, "Async Capable": false, "Join Type": "Inner", "Startup Cost": 10000000000.59, "Total Cost": 10000391552.26, "Plan Rows": 9287, "Plan Width": 4, "Actual Rows": 9405, "Actual Loops": 1, "Inner Unique": false, "Plans": [{"Node Type": "Index Scan", "Parent Relationship": "Outer", "Parallel Aware": false, "Async Capable": false, "Scan Direction": "Forward", "Index Name": "idx_posts_owneruserid", "Relation Name": "posts", "Alias": "p", "Startup Cost": 10000000000.29, "Total Cost": 10000004553.55, "Plan Rows": 89551, "Plan Width": 8, "Actual Rows": 89551, "Actual Loops": 1, "Filter": "((creationdate >= '2010-09-06 00:58:21'::timestamp without time zone) AND (creationdate <= '2014-09-12 10:02:21'::timestamp without time zone))", "Rows Removed by Filter": 2425}, {"Node Type": "Bitmap Heap Scan", "Parent Relationship": "Inner", "Parallel Aware": false, "Async Capable": false, "Relation Name": "postlinks", "Alias": "pl", "Startup Cost": 0.29, "Total Cost": 4.31, "Plan Rows": 1, "Plan Width": 4, "Actual Rows": 0, "Actual Loops": 89551, "Recheck Cond": "(p.id = postid)", "Rows Removed by Index Recheck": 0, "Filter": "((creationdate >= '2011-07-09 22:35:44'::timestamp without time zone) AND (linktypeid = 1))", "Rows Removed by Filter": 0, "Exact Heap Blocks": 8014, "Lossy Heap Blocks": 0, "Plans": [{"Node Type": "Bitmap Index Scan", "Parent Relationship": "Outer", "Parallel Aware": false, "Async Capable": false, "Index Name": "idx_postlinks_postid", "Startup Cost": 0.0, "Total Cost": 0.29, "Plan Rows": 1, "Plan Width": 0, "Actual Rows": 0, "Actual Loops": 89551, "Index Cond": "(postid = p.id)"}]}]}, {"Node Type": "Bitmap Heap Scan", "Parent Relationship": "Inner", "Parallel Aware": false, "Async Capable": false, "Relation Name": "comments", "Alias": "c", "Startup Cost": 0.4, "Total Cost": 4.6, "Plan Rows": 10, "Plan Width": 4, "Actual Rows": 51, "Actual Loops": 9405, "Recheck Cond": "(userid = p.owneruserid)", "Rows Removed by Index Recheck": 0, "Filter": "(score = 0)", "Rows Removed by Filter": 13, "Exact Heap Blocks": 219303, "Lossy Heap Blocks": 0, "Plans": [{"Node Type": "Bitmap Index Scan", "Parent Relationship": "Outer", "Parallel Aware": false, "Async Capable": false, "Index Name": "idx_comments_userid", "Startup Cost": 0.0, "Total Cost": 0.4, "Plan Rows": 13, "Plan Width": 0, "Actual Rows": 65, "Actual Loops": 9405, "Index Cond": "(userid = p.owneruserid)"}]}]}]}, "Planning Time": 1.664, "Triggers": [], "Execution Time": 519.385}, {"Plan": {"Node Type": "Aggregate", "Strategy": "Plain", "Partial Mode": "Simple", "Parallel Aware": false, "Async Capable": false, "Startup Cost": 58182.06, "Total Cost": 58182.07, "Plan Rows": 1, "Plan Width": 8, "Actual Rows": 1, "Actual Loops": 1, "Plans": [{"Node Type": "Nested Loop", "Parent Relationship": "Outer", "Parallel Aware": false, "Async Capable": false, "Join Type": "Inner", "Startup Cost": 3339.43, "Total Cost": 47245.78, "Plan Rows": 4374511, "Plan Width": 0, "Actual Rows": 481420, "Actual Loops": 1, "Inner Unique": false, "Plans": [{"Node Type": "Hash Join", "Parent Relationship": "Outer", "Parallel Aware": false, "Async Capable": false, "Join Type": "Inner", "Startup Cost": 3339.03, "Total Cost": 3612.6, "Plan Rows": 9287, "Plan Width": 4, "Actual Rows": 9405, "Actual Loops": 1, "Inner Unique": true, "Hash Cond": "(pl.postid = p.id)", "Plans": [{"Node Type": "Seq Scan", "Parent Relationship": "Outer", "Parallel Aware": false, "Async Capable": false, "Relation Name": "postlinks", "Alias": "pl", "Startup Cost": 0.0, "Total Cost": 248.53, "Plan Rows": 9539, "Plan Width": 4, "Actual Rows": 9480, "Actual Loops": 1, "Filter": "((creationdate >= '2011-07-09 22:35:44'::timestamp without time zone) AND (linktypeid = 1))", "Rows Removed by Filter": 1622}, {"Node Type": "Hash", "Parent Relationship": "Inner", "Parallel Aware": false, "Async Capable": false, "Startup Cost": 2219.64, "Total Cost": 2219.64, "Plan Rows": 89551, "Plan Width": 8, "Actual Rows": 89551, "Actual Loops": 1, "Hash Buckets": 131072, "Original Hash Buckets": 131072, "Hash Batches": 1, "Original Hash Batches": 1, "Peak Memory Usage": 4518, "Plans": [{"Node Type": "Seq Scan", "Parent Relationship": "Outer", "Parallel Aware": false, "Async Capable": false, "Relation Name": "posts", "Alias": "p", "Startup Cost": 0.0, "Total Cost": 2219.64, "Plan Rows": 89551, "Plan Width": 8, "Actual Rows": 89551, "Actual Loops": 1, "Filter": "((creationdate >= '2010-09-06 00:58:21'::timestamp without time zone) AND (creationdate <= '2014-09-12 10:02:21'::timestamp without time zone))", "Rows Removed by Filter": 2425}]}]}, {"Node Type": "Bitmap Heap Scan", "Parent Relationship": "Inner", "Parallel Aware": false, "Async Capable": false, "Relation Name": "comments", "Alias": "c", "Startup Cost": 0.4, "Total Cost": 4.6, "Plan Rows": 10, "Plan Width": 4, "Actual Rows": 51, "Actual Loops": 9405, "Recheck Cond": "(userid = p.owneruserid)", "Rows Removed by Index Recheck": 0, "Filter": "(score = 0)", "Rows Removed by Filter": 13, "Exact Heap Blocks": 219303, "Lossy Heap Blocks": 0, "Plans": [{"Node Type": "Bitmap Index Scan", "Parent Relationship": "Outer", "Parallel Aware": false, "Async Capable": false, "Index Name": "idx_comments_userid", "Startup Cost": 0.0, "Total Cost": 0.4, "Plan Rows": 13, "Plan Width": 0, "Actual Rows": 65, "Actual Loops": 9405, "Index Cond": "(userid = p.owneruserid)"}]}]}]}, "Planning Time": 1.826, "Triggers": [], "Execution Time": 340.267}, {"Plan": {"Node Type": "Aggregate", "Strategy": "Plain", "Partial Mode": "Simple", "Parallel Aware": false, "Async Capable": false, "Startup Cost": 23891.19, "Total Cost": 23891.2, "Plan Rows": 1, "Plan Width": 8, "Actual Rows": 1, "Actual Loops": 1, "Plans": [{"Node Type": "Nested Loop", "Parent Relationship": "Outer", "Parallel Aware": false, "Async Capable": false, "Join Type": "Inner", "Startup Cost": 0.88, "Total Cost": 12954.91, "Plan Rows": 4374511, "Plan Width": 0, "Actual Rows": 481420, "Actual Loops": 1, "Inner Unique": false, "Plans": [{"Node Type": "Nested Loop", "Parent Relationship": "Outer", "Parallel Aware": false, "Async Capable": false, "Join Type": "Inner", "Startup Cost": 0.59, "Total Cost": 6237.24, "Plan Rows": 9287, "Plan Width": 4, "Actual Rows": 9405, "Actual Loops": 1, "Inner Unique": true, "Plans": [{"Node Type": "Index Scan", "Parent Relationship": "Outer", "Parallel Aware": false, "Async Capable": false, "Scan Direction": "Forward", "Index Name": "idx_postlinks_postid", "Relation Name": "postlinks", "Alias": "pl", "Startup Cost": 0.29, "Total Cost": 450.8, "Plan Rows": 9539, "Plan Width": 4, "Actual Rows": 9480, "Actual Loops": 1, "Filter": "((creationdate >= '2011-07-09 22:35:44'::timestamp without time zone) AND (linktypeid = 1))", "Rows Removed by Filter": 1622}, {"Node Type": "Memoize", "Parent Relationship": "Inner", "Parallel Aware": false, "Async Capable": false, "Startup Cost": 0.3, "Total Cost": 0.78, "Plan Rows": 1, "Plan Width": 8, "Actual Rows": 1, "Actual Loops": 9480, "Cache Key": "pl.postid", "Cache Mode": "logical", "Cache Hits": 2667, "Cache Misses": 6813, "Cache Evictions": 0, "Cache Overflows": 0, "Peak Memory Usage": 717, "Plans": [{"Node Type": "Index Scan", "Parent Relationship": "Outer", "Parallel Aware": false, "Async Capable": false, "Scan Direction": "Forward", "Index Name": "posts_pkey", "Relation Name": "posts", "Alias": "p", "Startup Cost": 0.29, "Total Cost": 0.77, "Plan Rows": 1, "Plan Width": 8, "Actual Rows": 1, "Actual Loops": 6813, "Index Cond": "(id = pl.postid)", "Rows Removed by Index Recheck": 0, "Filter": "((creationdate >= '2010-09-06 00:58:21'::timestamp without time zone) AND (creationdate <= '2014-09-12 10:02:21'::timestamp without time zone))", "Rows Removed by Filter": 0}]}]}, {"Node Type": "Index Scan", "Parent Relationship": "Inner", "Parallel Aware": false, "Async Capable": false, "Scan Direction": "Forward", "Index Name": "idx_comments_userid", "Relation Name": "comments", "Alias": "c", "Startup Cost": 0.29, "Total Cost": 0.62, "Plan Rows": 10, "Plan Width": 4, "Actual Rows": 51, "Actual Loops": 9405, "Index Cond": "(userid = p.owneruserid)", "Rows Removed by Index Recheck": 0, "Filter": "(score = 0)", "Rows Removed by Filter": 13}]}]}, "Planning Time": 1.286, "Triggers": [], "Execution Time": 240.248}, {"Plan": {"Node Type": "Aggregate", "Strategy": "Plain", "Partial Mode": "Simple", "Parallel Aware": false, "Async Capable": false, "Startup Cost": 23688.91, "Total Cost": 23688.92, "Plan Rows": 1, "Plan Width": 8, "Actual Rows": 1, "Actual Loops": 1, "Plans": [{"Node Type": "Nested Loop", "Parent Relationship": "Outer", "Parallel Aware": false, "Async Capable": false, "Join Type": "Inner", "Startup Cost": 0.6, "Total Cost": 12752.63, "Plan Rows": 4374511, "Plan Width": 0, "Actual Rows": 481420, "Actual Loops": 1, "Inner Unique": false, "Plans": [{"Node Type": "Nested Loop", "Parent Relationship": "Outer", "Parallel Aware": false, "Async Capable": false, "Join Type": "Inner", "Startup Cost": 0.3, "Total Cost": 6034.97, "Plan Rows": 9287, "Plan Width": 4, "Actual Rows": 9405, "Actual Loops": 1, "Inner Unique": true, "Plans": [{"Node Type": "Seq Scan", "Parent Relationship": "Outer", "Parallel Aware": false, "Async Capable": false, "Relation Name": "postlinks", "Alias": "pl", "Startup Cost": 0.0, "Total Cost": 248.53, "Plan Rows": 9539, "Plan Width": 4, "Actual Rows": 9480, "Actual Loops": 1, "Filter": "((creationdate >= '2011-07-09 22:35:44'::timestamp without time zone) AND (linktypeid = 1))", "Rows Removed by Filter": 1622}, {"Node Type": "Memoize", "Parent Relationship": "Inner", "Parallel Aware": false, "Async Capable": false, "Startup Cost": 0.3, "Total Cost": 0.78, "Plan Rows": 1, "Plan Width": 8, "Actual Rows": 1, "Actual Loops": 9480, "Cache Key": "pl.postid", "Cache Mode": "logical", "Cache Hits": 2667, "Cache Misses": 6813, "Cache Evictions": 0, "Cache Overflows": 0, "Peak Memory Usage": 717, "Plans": [{"Node Type": "Index Scan", "Parent Relationship": "Outer", "Parallel Aware": false, "Async Capable": false, "Scan Direction": "Forward", "Index Name": "posts_pkey", "Relation Name": "posts", "Alias": "p", "Startup Cost": 0.29, "Total Cost": 0.77, "Plan Rows": 1, "Plan Width": 8, "Actual Rows": 1, "Actual Loops": 6813, "Index Cond": "(id = pl.postid)", "Rows Removed by Index Recheck": 0, "Filter": "((creationdate >= '2010-09-06 00:58:21'::timestamp without time zone) AND (creationdate <= '2014-09-12 10:02:21'::timestamp without time zone))", "Rows Removed by Filter": 0}]}]}, {"Node Type": "Index Scan", "Parent Relationship": "Inner", "Parallel Aware": false, "Async Capable": false, "Scan Direction": "Forward", "Index Name": "idx_comments_userid", "Relation Name": "comments", "Alias": "c", "Startup Cost": 0.29, "Total Cost": 0.62, "Plan Rows": 10, "Plan Width": 4, "Actual Rows": 51, "Actual Loops": 9405, "Index Cond": "(userid = p.owneruserid)", "Rows Removed by Index Recheck": 0, "Filter": "(score = 0)", "Rows Removed by Filter": 13}]}]}, "Planning Time": 1.274, "Triggers": [], "Execution Time": 219.287}, {"Plan": {"Node Type": "Aggregate", "Strategy": "Plain", "Partial Mode": "Simple", "Parallel Aware": false, "Async Capable": false, "Startup Cost": 65622.14, "Total Cost": 65622.15, "Plan Rows": 1, "Plan Width": 8, "Actual Rows": 1, "Actual Loops": 1, "Plans": [{"Node Type": "Nested Loop", "Parent Relationship": "Outer", "Parallel Aware": false, "Async Capable": false, "Join Type": "Inner", "Startup Cost": 10464.86, "Total Cost": 54685.87, "Plan Rows": 4374511, "Plan Width": 0, "Actual Rows": 481420, "Actual Loops": 1, "Inner Unique": false, "Plans": [{"Node Type": "Merge Join", "Parent Relationship": "Outer", "Parallel Aware": false, "Async Capable": false, "Join Type": "Inner", "Startup Cost": 10464.45, "Total Cost": 11052.68, "Plan Rows": 9287, "Plan Width": 4, "Actual Rows": 9405, "Actual Loops": 1, "Inner Unique": false, "Merge Cond": "(p.id = pl.postid)", "Plans": [{"Node Type": "Sort", "Parent Relationship": "Outer", "Parallel Aware": false, "Async Capable": false, "Startup Cost": 9585.4, "Total Cost": 9809.28, "Plan Rows": 89551, "Plan Width": 8, "Actual Rows": 89551, "Actual Loops": 1, "Sort Key": ["p.id"], "Sort Method": "quicksort", "Sort Space Used": 5871, "Sort Space Type": "Memory", "Plans": [{"Node Type": "Seq Scan", "Parent Relationship": "Outer", "Parallel Aware": false, "Async Capable": false, "Relation Name": "posts", "Alias": "p", "Startup Cost": 0.0, "Total Cost": 2219.64, "Plan Rows": 89551, "Plan Width": 8, "Actual Rows": 89551, "Actual Loops": 1, "Filter": "((creationdate >= '2010-09-06 00:58:21'::timestamp without time zone) AND (creationdate <= '2014-09-12 10:02:21'::timestamp without time zone))", "Rows Removed by Filter": 2425}]}, {"Node Type": "Sort", "Parent Relationship": "Inner", "Parallel Aware": false, "Async Capable": false, "Startup Cost": 879.04, "Total Cost": 902.89, "Plan Rows": 9539, "Plan Width": 4, "Actual Rows": 9471, "Actual Loops": 1, "Sort Key": ["pl.postid"], "Sort Method": "quicksort", "Sort Space Used": 385, "Sort Space Type": "Memory", "Plans": [{"Node Type": "Seq Scan", "Parent Relationship": "Outer", "Parallel Aware": false, "Async Capable": false, "Relation Name": "postlinks", "Alias": "pl", "Startup Cost": 0.0, "Total Cost": 248.53, "Plan Rows": 9539, "Plan Width": 4, "Actual Rows": 9480, "Actual Loops": 1, "Filter": "((creationdate >= '2011-07-09 22:35:44'::timestamp without time zone) AND (linktypeid = 1))", "Rows Removed by Filter": 1622}]}]}, {"Node Type": "Bitmap Heap Scan", "Parent Relationship": "Inner", "Parallel Aware": false, "Async Capable": false, "Relation Name": "comments", "Alias": "c", "Startup Cost": 0.4, "Total Cost": 4.6, "Plan Rows": 10, "Plan Width": 4, "Actual Rows": 51, "Actual Loops": 9405, "Recheck Cond": "(userid = p.owneruserid)", "Rows Removed by Index Recheck": 0, "Filter": "(score = 0)", "Rows Removed by Filter": 13, "Exact Heap Blocks": 219303, "Lossy Heap Blocks": 0, "Plans": [{"Node Type": "Bitmap Index Scan", "Parent Relationship": "Outer", "Parallel Aware": false, "Async Capable": false, "Index Name": "idx_comments_userid", "Startup Cost": 0.0, "Total Cost": 0.4, "Plan Rows": 13, "Plan Width": 0, "Actual Rows": 65, "Actual Loops": 9405, "Index Cond": "(userid = p.owneruserid)"}]}]}]}, "Planning Time": 1.726, "Triggers": [], "Execution Time": 318.482}, {"Plan": {"Node Type": "Aggregate", "Strategy": "Plain", "Partial Mode": "Finalize", "Parallel Aware": false, "Async Capable": false, "Startup Cost": 67152.04, "Total Cost": 67152.05, "Plan Rows": 1, "Plan Width": 8, "Actual Rows": 1, "Actual Loops": 1, "Plans": [{"Node Type": "Gather", "Parent Relationship": "Outer", "Parallel Aware": false, "Async Capable": false, "Startup Cost": 67151.93, "Total Cost": 67152.04, "Plan Rows": 1, "Plan Width": 8, "Actual Rows": 2, "Actual Loops": 1, "Workers Planned": 1, "Workers Launched": 1, "Single Copy": false, "Plans": [{"Node Type": "Aggregate", "Strategy": "Plain", "Partial Mode": "Partial", "Parent Relationship": "Outer", "Parallel Aware": false, "Async Capable": false, "Startup Cost": 66151.93, "Total Cost": 66151.94, "Plan Rows": 1, "Plan Width": 8, "Actual Rows": 1, "Actual Loops": 2, "Workers": [], "Plans": [{"Node Type": "Merge Join", "Parent Relationship": "Outer", "Parallel Aware": false, "Async Capable": false, "Join Type": "Inner", "Startup Cost": 20762.72, "Total Cost": 59718.82, "Plan Rows": 2573242, "Plan Width": 0, "Actual Rows": 240710, "Actual Loops": 2, "Inner Unique": false, "Merge Cond": "(c.userid = p.owneruserid)", "Workers": [], "Plans": [{"Node Type": "Sort", "Parent Relationship": "Outer", "Parallel Aware": false, "Async Capable": false, "Startup Cost": 9082.69, "Total Cost": 9281.05, "Plan Rows": 79345, "Plan Width": 4, "Actual Rows": 66336, "Actual Loops": 2, "Sort Key": ["c.userid"], "Sort Method": "quicksort", "Sort Space Used": 3073, "Sort Space Type": "Memory", "Workers": [{"Worker Number": 0, "Sort Method": "quicksort", "Sort Space Used": 769, "Sort Space Type": "Memory"}], "Plans": [{"Node Type": "Seq Scan", "Parent Relationship": "Outer", "Parallel Aware": true, "Async Capable": false, "Relation Name": "comments", "Alias": "c", "Startup Cost": 0.0, "Total Cost": 2625.65, "Plan Rows": 79345, "Plan Width": 4, "Actual Rows": 67444, "Actual Loops": 2, "Filter": "(score = 0)", "Rows Removed by Filter": 19709, "Workers": []}]}, {"Node Type": "Sort", "Parent Relationship": "Inner", "Parallel Aware": false, "Async Capable": false, "Startup Cost": 11664.74, "Total Cost": 11687.96, "Plan Rows": 9287, "Plan Width": 4, "Actual Rows": 243745, "Actual Loops": 2, "Sort Key": ["p.owneruserid"], "Sort Method": "quicksort", "Sort Space Used": 385, "Sort Space Type": "Memory", "Workers": [{"Worker Number": 0, "Sort Method": "quicksort", "Sort Space Used": 385, "Sort Space Type": "Memory"}], "Plans": [{"Node Type": "Merge Join", "Parent Relationship": "Outer", "Parallel Aware": false, "Async Capable": false, "Join Type": "Inner", "Startup Cost": 10464.45, "Total Cost": 11052.68, "Plan Rows": 9287, "Plan Width": 4, "Actual Rows": 9405, "Actual Loops": 2, "Inner Unique": false, "Merge Cond": "(p.id = pl.postid)", "Workers": [], "Plans": [{"Node Type": "Sort", "Parent Relationship": "Outer", "Parallel Aware": false, "Async Capable": false, "Startup Cost": 9585.4, "Total Cost": 9809.28, "Plan Rows": 89551, "Plan Width": 8, "Actual Rows": 89551, "Actual Loops": 2, "Sort Key": ["p.id"], "Sort Method": "quicksort", "Sort Space Used": 5871, "Sort Space Type": "Memory", "Workers": [{"Worker Number": 0, "Sort Method": "quicksort", "Sort Space Used": 5871, "Sort Space Type": "Memory"}], "Plans": [{"Node Type": "Seq Scan", "Parent Relationship": "Outer", "Parallel Aware": false, "Async Capable": false, "Relation Name": "posts", "Alias": "p", "Startup Cost": 0.0, "Total Cost": 2219.64, "Plan Rows": 89551, "Plan Width": 8, "Actual Rows": 89551, "Actual Loops": 2, "Filter": "((creationdate >= '2010-09-06 00:58:21'::timestamp without time zone) AND (creationdate <= '2014-09-12 10:02:21'::timestamp without time zone))", "Rows Removed by Filter": 2425, "Workers": []}]}, {"Node Type": "Sort", "Parent Relationship": "Inner", "Parallel Aware": false, "Async Capable": false, "Startup Cost": 879.04, "Total Cost": 902.89, "Plan Rows": 9539, "Plan Width": 4, "Actual Rows": 9471, "Actual Loops": 2, "Sort Key": ["pl.postid"], "Sort Method": "quicksort", "Sort Space Used": 385, "Sort Space Type": "Memory", "Workers": [{"Worker Number": 0, "Sort Method": "quicksort", "Sort Space Used": 385, "Sort Space Type": "Memory"}], "Plans": [{"Node Type": "Seq Scan", "Parent Relationship": "Outer", "Parallel Aware": false, "Async Capable": false, "Relation Name": "postlinks", "Alias": "pl", "Startup Cost": 0.0, "Total Cost": 248.53, "Plan Rows": 9539, "Plan Width": 4, "Actual Rows": 9480, "Actual Loops": 2, "Filter": "((creationdate >= '2011-07-09 22:35:44'::timestamp without time zone) AND (linktypeid = 1))", "Rows Removed by Filter": 1622, "Workers": []}]}]}]}]}]}]}]}, "Planning Time": 1.795, "Triggers": [], "Execution Time": 97.869}, {"Plan": {"Node Type": "Aggregate", "Strategy": "Plain", "Partial Mode": "Simple", "Parallel Aware": false, "Async Capable": false, "Startup Cost": 86779.51, "Total Cost": 86779.52, "Plan Rows": 1, "Plan Width": 8, "Actual Rows": 1, "Actual Loops": 1, "Plans": [{"Node Type": "Nested Loop", "Parent Relationship": "Outer", "Parallel Aware": false, "Async Capable": false, "Join Type": "Inner", "Startup Cost": 0.82, "Total Cost": 75843.23, "Plan Rows": 4374511, "Plan Width": 0, "Actual Rows": 481420, "Actual Loops": 1, "Inner Unique": false, "Plans": [{"Node Type": "Nested Loop", "Parent Relationship": "Outer", "Parallel Aware": false, "Async Capable": false, "Join Type": "Inner", "Startup Cost": 0.42, "Total Cost": 32210.04, "Plan Rows": 9287, "Plan Width": 4, "Actual Rows": 9405, "Actual Loops": 1, "Inner Unique": true, "Plans": [{"Node Type": "Seq Scan", "Parent Relationship": "Outer", "Parallel Aware": false, "Async Capable": false, "Relation Name": "postlinks", "Alias": "pl", "Startup Cost": 0.0, "Total Cost": 248.53, "Plan Rows": 9539, "Plan Width": 4, "Actual Rows": 9480, "Actual Loops": 1, "Filter": "((creationdate >= '2011-07-09 22:35:44'::timestamp without time zone) AND (linktypeid = 1))", "Rows Removed by Filter": 1622}, {"Node Type": "Memoize", "Parent Relationship": "Inner", "Parallel Aware": false, "Async Capable": false, "Startup Cost": 0.42, "Total Cost": 4.43, "Plan Rows": 1, "Plan Width": 8, "Actual Rows": 1, "Actual Loops": 9480, "Cache Key": "pl.postid", "Cache Mode": "logical", "Cache Hits": 2667, "Cache Misses": 6813, "Cache Evictions": 0, "Cache Overflows": 0, "Peak Memory Usage": 717, "Plans": [{"Node Type": "Bitmap Heap Scan", "Parent Relationship": "Outer", "Parallel Aware": false, "Async Capable": false, "Relation Name": "posts", "Alias": "p", "Startup Cost": 0.41, "Total Cost": 4.42, "Plan Rows": 1, "Plan Width": 8, "Actual Rows": 1, "Actual Loops": 6813, "Recheck Cond": "(id = pl.postid)", "Rows Removed by Index Recheck": 0, "Filter": "((creationdate >= '2010-09-06 00:58:21'::timestamp without time zone) AND (creationdate <= '2014-09-12 10:02:21'::timestamp without time zone))", "Rows Removed by Filter": 0, "Exact Heap Blocks": 6813, "Lossy Heap Blocks": 0, "Plans": [{"Node Type": "Bitmap Index Scan", "Parent Relationship": "Outer", "Parallel Aware": false, "Async Capable": false, "Index Name": "posts_pkey", "Startup Cost": 0.0, "Total Cost": 0.41, "Plan Rows": 1, "Plan Width": 0, "Actual Rows": 1, "Actual Loops": 6813, "Index Cond": "(id = pl.postid)"}]}]}]}, {"Node Type": "Bitmap Heap Scan", "Parent Relationship": "Inner", "Parallel Aware": false, "Async Capable": false, "Relation Name": "comments", "Alias": "c", "Startup Cost": 0.4, "Total Cost": 4.6, "Plan Rows": 10, "Plan Width": 4, "Actual Rows": 51, "Actual Loops": 9405, "Recheck Cond": "(userid = p.owneruserid)", "Rows Removed by Index Recheck": 0, "Filter": "(score = 0)", "Rows Removed by Filter": 13, "Exact Heap Blocks": 219303, "Lossy Heap Blocks": 0, "Plans": [{"Node Type": "Bitmap Index Scan", "Parent Relationship": "Outer", "Parallel Aware": false, "Async Capable": false, "Index Name": "idx_comments_userid", "Startup Cost": 0.0, "Total Cost": 0.4, "Plan Rows": 13, "Plan Width": 0, "Actual Rows": 65, "Actual Loops": 9405, "Index Cond": "(userid = p.owneruserid)"}]}]}]}, "Planning Time": 1.021, "Triggers": [], "Execution Time": 329.263}]