[{"Plan": {"Node Type": "Aggregate", "Strategy": "Plain", "Partial Mode": "Simple", "Parallel Aware": false, "Async Capable": false, "Startup Cost": 21814.9, "Total Cost": 21814.91, "Plan Rows": 1, "Plan Width": 8, "Actual Rows": 1, "Actual Loops": 1, "Plans": [{"Node Type": "Nested Loop", "Parent Relationship": "Outer", "Parallel Aware": false, "Async Capable": false, "Join Type": "Inner", "Startup Cost": 4714.26, "Total Cost": 17185.65, "Plan Rows": 1851701, "Plan Width": 0, "Actual Rows": 1116000, "Actual Loops": 1, "Inner Unique": false, "Plans": [{"Node Type": "Hash Join", "Parent Relationship": "Outer", "Parallel Aware": false, "Async Capable": false, "Join Type": "Inner", "Startup Cost": 4713.83, "Total Cost": 6750.68, "Plan Rows": 11073, "Plan Width": 12, "Actual Rows": 70835, "Actual Loops": 1, "Inner Unique": false, "Hash Cond": "(b.userid = u.id)", "Plans": [{"Node Type": "Seq Scan", "Parent Relationship": "Outer", "Parallel Aware": false, "Async Capable": false, "Relation Name": "badges", "Alias": "b", "Startup Cost": 0.0, "Total Cost": 1629.76, "Plan Rows": 79027, "Plan Width": 4, "Actual Rows": 79007, "Actual Loops": 1, "Filter": "((date >= '2010-07-20 20:47:27'::timestamp without time zone) AND (date <= '2014-09-09 13:24:28'::timestamp without time zone))", "Rows Removed by Filter": 844}, {"Node Type": "Hash", "Parent Relationship": "Inner", "Parallel Aware": false, "Async Capable": false, "Startup Cost": 4643.21, "Total Cost": 4643.21, "Plan Rows": 5650, "Plan Width": 8, "Actual Rows": 9739, "Actual Loops": 1, "Hash Buckets": 16384, "Original Hash Buckets": 8192, "Hash Batches": 1, "Original Hash Batches": 1, "Peak Memory Usage": 509, "Plans": [{"Node Type": "Hash Join", "Parent Relationship": "Outer", "Parallel Aware": false, "Async Capable": false, "Join Type": "Inner", "Startup Cost": 1488.18, "Total Cost": 4643.21, "Plan Rows": 5650, "Plan Width": 8, "Actual Rows": 9739, "Actual Loops": 1, "Inner Unique": true, "Hash Cond": "(p.owneruserid = u.id)", "Plans": [{"Node Type": "Seq Scan", "Parent Relationship": "Outer", "Parallel Aware": false, "Async Capable": false, "Relation Name": "posts", "Alias": "p", "Startup Cost": 0.0, "Total Cost": 3139.4, "Plan Rows": 5956, "Plan Width": 4, "Actual Rows": 12416, "Actual Loops": 1, "Filter": "((answercount <= 4) AND (commentcount >= 0) AND (commentcount <= 12) AND (favoritecount >= 0) AND (favoritecount <= 89) AND (creationdate <= '2014-09-02 10:21:04'::timestamp without time zone))", "Rows Removed by Filter": 79560}, {"Node Type": "Hash", "Parent Relationship": "Inner", "Parallel Aware": false, "Async Capable": false, "Startup Cost": 1002.69, "Total Cost": 1002.69, "Plan Rows": 38839, "Plan Width": 4, "Actual Rows": 38877, "Actual Loops": 1, "Hash Buckets": 65536, "Original Hash Buckets": 65536, "Hash Batches": 1, "Original Hash Batches": 1, "Peak Memory Usage": 1879, "Plans": [{"Node Type": "Seq Scan", "Parent Relationship": "Outer", "Parallel Aware": false, "Async Capable": false, "Relation Name": "users", "Alias": "u", "Startup Cost": 0.0, "Total Cost": 1002.69, "Plan Rows": 38839, "Plan Width": 4, "Actual Rows": 38877, "Actual Loops": 1, "Filter": "((reputation <= 705) AND (creationdate >= '2010-07-28 23:56:00'::timestamp without time zone) AND (creationdate <= '2014-09-02 10:04:41'::timestamp without time zone))", "Rows Removed by Filter": 1448}]}]}]}]}, {"Node Type": "Index Scan", "Parent Relationship": "Inner", "Parallel Aware": false, "Async Capable": false, "Scan Direction": "Forward", "Index Name": "idx_posthistory_userid", "Relation Name": "posthistory", "Alias": "ph", "Startup Cost": 0.42, "Total Cost": 0.9, "Plan Rows": 4, "Plan Width": 4, "Actual Rows": 16, "Actual Loops": 70835, "Index Cond": "(userid = b.userid)", "Rows Removed by Index Recheck": 0, "Filter": "((creationdate >= '2011-01-08 03:03:48'::timestamp without time zone) AND (creationdate <= '2014-08-25 14:04:43'::timestamp without time zone) AND (posthistorytypeid = 2))", "Rows Removed by Filter": 40}]}]}, "Planning Time": 2.882, "Triggers": [], "Execution Time": 884.987}, {"Plan": {"Node Type": "Aggregate", "Strategy": "Plain", "Partial Mode": "Simple", "Parallel Aware": false, "Async Capable": false, "Startup Cost": 40000085914.3, "Total Cost": 40000085914.31, "Plan Rows": 1, "Plan Width": 8, "Actual Rows": 1, "Actual Loops": 1, "Plans": [{"Node Type": "Nested Loop", "Parent Relationship": "Outer", "Parallel Aware": false, "Async Capable": false, "Join Type": "Inner", "Startup Cost": 40000000001.85, "Total Cost": 40000081285.05, "Plan Rows": 1851701, "Plan Width": 0, "Actual Rows": 1116000, "Actual Loops": 1, "Inner Unique": false, "Join Filter": "(ph.userid = b.userid)", "Rows Removed by Join Filter": 0, "Plans": [{"Node Type": "Nested Loop", "Parent Relationship": "Outer", "Parallel Aware": false, "Async Capable": false, "Join Type": "Inner", "Startup Cost": 30000000001.09, "Total Cost": 30000053482.34, "Plan Rows": 11073, "Plan Width": 12, "Actual Rows": 70835, "Actual Loops": 1, "Inner Unique": false, "Join Filter": "(u.id = b.userid)", "Rows Removed by Join Filter": 0, "Plans": [{"Node Type": "Nested Loop", "Parent Relationship": "Outer", "Parallel Aware": false, "Async Capable": false, "Join Type": "Inner", "Startup Cost": 20000000000.68, "Total Cost": 20000029216.48, "Plan Rows": 5650, "Plan Width": 8, "Actual Rows": 9739, "Actual Loops": 1, "Inner Unique": true, "Plans": [{"Node Type": "Index Scan", "Parent Relationship": "Outer", "Parallel Aware": false, "Async Capable": false, "Scan Direction": "Forward", "Index Name": "idx_posts_owneruserid", "Relation Name": "posts", "Alias": "p", "Startup Cost": 10000000000.29, "Total Cost": 10000005473.31, "Plan Rows": 5956, "Plan Width": 4, "Actual Rows": 12416, "Actual Loops": 1, "Filter": "((answercount <= 4) AND (commentcount >= 0) AND (commentcount <= 12) AND (favoritecount >= 0) AND (favoritecount <= 89) AND (creationdate <= '2014-09-02 10:21:04'::timestamp without time zone))", "Rows Removed by Filter": 79560}, {"Node Type": "Memoize", "Parent Relationship": "Inner", "Parallel Aware": false, "Async Capable": false, "Startup Cost": 0.38, "Total Cost": 4.4, "Plan Rows": 1, "Plan Width": 4, "Actual Rows": 1, "Actual Loops": 12416, "Cache Key": "p.owneruserid", "Cache Mode": "logical", "Cache Hits": 5872, "Cache Misses": 6544, "Cache Evictions": 0, "Cache Overflows": 0, "Peak Memory Usage": 651, "Plans": [{"Node Type": "Bitmap Heap Scan", "Parent Relationship": "Outer", "Parallel Aware": false, "Async Capable": false, "Relation Name": "users", "Alias": "u", "Startup Cost": 0.37, "Total Cost": 4.39, "Plan Rows": 1, "Plan Width": 4, "Actual Rows": 1, "Actual Loops": 6544, "Recheck Cond": "(p.owneruserid = id)", "Rows Removed by Index Recheck": 0, "Filter": "((reputation <= 705) AND (creationdate >= '2010-07-28 23:56:00'::timestamp without time zone) AND (creationdate <= '2014-09-02 10:04:41'::timestamp without time zone))", "Rows Removed by Filter": 0, "Exact Heap Blocks": 6543, "Lossy Heap Blocks": 0, "Plans": [{"Node Type": "Bitmap Index Scan", "Parent Relationship": "Outer", "Parallel Aware": false, "Async Capable": false, "Index Name": "users_pkey", "Startup Cost": 0.0, "Total Cost": 0.37, "Plan Rows": 1, "Plan Width": 0, "Actual Rows": 1, "Actual Loops": 6544, "Index Cond": "(id = p.owneruserid)"}]}]}]}, {"Node Type": "Memoize", "Parent Relationship": "Inner", "Parallel Aware": false, "Async Capable": false, "Startup Cost": 0.42, "Total Cost": 4.47, "Plan Rows": 3, "Plan Width": 4, "Actual Rows": 7, "Actual Loops": 9739, "Cache Key": "p.owneruserid", "Cache Mode": "logical", "Cache Hits": 3598, "Cache Misses": 6141, "Cache Evictions": 0, "Cache Overflows": 0, "Peak Memory Usage": 1399, "Plans": [{"Node Type": "Bitmap Heap Scan", "Parent Relationship": "Outer", "Parallel Aware": false, "Async Capable": false, "Relation Name": "badges", "Alias": "b", "Startup Cost": 0.41, "Total Cost": 4.46, "Plan Rows": 3, "Plan Width": 4, "Actual Rows": 5, "Actual Loops": 6141, "Recheck Cond": "(p.owneruserid = userid)", "Rows Removed by Index Recheck": 0, "Filter": "((date >= '2010-07-20 20:47:27'::timestamp without time zone) AND (date <= '2014-09-09 13:24:28'::timestamp without time zone))", "Rows Removed by Filter": 0, "Exact Heap Blocks": 21313, "Lossy Heap Blocks": 0, "Plans": [{"Node Type": "Bitmap Index Scan", "Parent Relationship": "Outer", "Parallel Aware": false, "Async Capable": false, "Index Name": "idx_badges_userid", "Startup Cost": 0.0, "Total Cost": 0.4, "Plan Rows": 3, "Plan Width": 0, "Actual Rows": 5, "Actual Loops": 6141, "Index Cond": "(userid = p.owneruserid)"}]}]}]}, {"Node Type": "Memoize", "Parent Relationship": "Inner", "Parallel Aware": false, "Async Capable": false, "Startup Cost": 0.76, "Total Cost": 5.04, "Plan Rows": 4, "Plan Width": 4, "Actual Rows": 16, "Actual Loops": 70835, "Cache Key": "p.owneruserid", "Cache Mode": "logical", "Cache Hits": 64811, "Cache Misses": 6024, "Cache Evictions": 0, "Cache Overflows": 0, "Peak Memory Usage": 1256, "Plans": [{"Node Type": "Bitmap Heap Scan", "Parent Relationship": "Outer", "Parallel Aware": false, "Async Capable": false, "Relation Name": "posthistory", "Alias": "ph", "Startup Cost": 0.75, "Total Cost": 5.03, "Plan Rows": 4, "Plan Width": 4, "Actual Rows": 4, "Actual Loops": 6024, "Recheck Cond": "(userid = p.owneruserid)", "Rows Removed by Index Recheck": 0, "Filter": "((creationdate >= '2011-01-08 03:03:48'::timestamp without time zone) AND (creationdate <= '2014-08-25 14:04:43'::timestamp without time zone) AND (posthistorytypeid = 2))", "Rows Removed by Filter": 10, "Exact Heap Blocks": 28478, "Lossy Heap Blocks": 0, "Plans": [{"Node Type": "Bitmap Index Scan", "Parent Relationship": "Outer", "Parallel Aware": false, "Async Capable": false, "Index Name": "idx_posthistory_userid", "Startup Cost": 0.0, "Total Cost": 0.75, "Plan Rows": 14, "Plan Width": 0, "Actual Rows": 14, "Actual Loops": 6024, "Index Cond": "(userid = p.owneruserid)"}]}]}]}]}, "Planning Time": 1.988, "Triggers": [], "Execution Time": 391.751}, {"Plan": {"Node Type": "Aggregate", "Strategy": "Plain", "Partial Mode": "Finalize", "Parallel Aware": false, "Async Capable": false, "Startup Cost": 35240.25, "Total Cost": 35240.26, "Plan Rows": 1, "Plan Width": 8, "Actual Rows": 1, "Actual Loops": 1, "Plans": [{"Node Type": "Gather", "Parent Relationship": "Outer", "Parallel Aware": false, "Async Capable": false, "Startup Cost": 35240.14, "Total Cost": 35240.25, "Plan Rows": 1, "Plan Width": 8, "Actual Rows": 2, "Actual Loops": 1, "Workers Planned": 1, "Workers Launched": 1, "Single Copy": false, "Plans": [{"Node Type": "Aggregate", "Strategy": "Plain", "Partial Mode": "Partial", "Parent Relationship": "Outer", "Parallel Aware": false, "Async Capable": false, "Startup Cost": 34240.14, "Total Cost": 34240.15, "Plan Rows": 1, "Plan Width": 8, "Actual Rows": 1, "Actual Loops": 2, "Workers": [], "Plans": [{"Node Type": "Hash Join", "Parent Relationship": "Outer", "Parallel Aware": false, "Async Capable": false, "Join Type": "Inner", "Startup Cost": 11515.17, "Total Cost": 31517.05, "Plan Rows": 1089236, "Plan Width": 0, "Actual Rows": 558000, "Actual Loops": 2, "Inner Unique": false, "Hash Cond": "(ph.userid = b.userid)", "Workers": [], "Plans": [{"Node Type": "Index Scan", "Parent Relationship": "Outer", "Parallel Aware": true, "Async Capable": false, "Scan Direction": "Forward", "Index Name": "idx_posthistory_userid", "Relation Name": "posthistory", "Alias": "ph", "Startup Cost": 0.42, "Total Cost": 12181.2, "Plan Rows": 50421, "Plan Width": 4, "Actual Rows": 42160, "Actual Loops": 2, "Filter": "((creationdate >= '2011-01-08 03:03:48'::timestamp without time zone) AND (creationdate <= '2014-08-25 14:04:43'::timestamp without time zone) AND (posthistorytypeid = 2))", "Rows Removed by Filter": 109434, "Workers": []}, {"Node Type": "Hash", "Parent Relationship": "Inner", "Parallel Aware": false, "Async Capable": false, "Startup Cost": 11376.34, "Total Cost": 11376.34, "Plan Rows": 11073, "Plan Width": 12, "Actual Rows": 70835, "Actual Loops": 2, "Hash Buckets": 131072, "Original Hash Buckets": 16384, "Hash Batches": 1, "Original Hash Batches": 1, "Peak Memory Usage": 4068, "Workers": [], "Plans": [{"Node Type": "Hash Join", "Parent Relationship": "Outer", "Parallel Aware": false, "Async Capable": false, "Join Type": "Inner", "Startup Cost": 7704.95, "Total Cost": 11376.34, "Plan Rows": 11073, "Plan Width": 12, "Actual Rows": 70835, "Actual Loops": 2, "Inner Unique": false, "Hash Cond": "(b.userid = u.id)", "Workers": [], "Plans": [{"Node Type": "Index Scan", "Parent Relationship": "Outer", "Parallel Aware": false, "Async Capable": false, "Scan Direction": "Forward", "Index Name": "idx_badges_userid", "Relation Name": "badges", "Alias": "b", "Startup Cost": 0.29, "Total Cost": 3264.6, "Plan Rows": 79027, "Plan Width": 4, "Actual Rows": 79007, "Actual Loops": 2, "Filter": "((date >= '2010-07-20 20:47:27'::timestamp without time zone) AND (date <= '2014-09-09 13:24:28'::timestamp without time zone))", "Rows Removed by Filter": 844, "Workers": []}, {"Node Type": "Hash", "Parent Relationship": "Inner", "Parallel Aware": false, "Async Capable": false, "Startup Cost": 7634.03, "Total Cost": 7634.03, "Plan Rows": 5650, "Plan Width": 8, "Actual Rows": 9739, "Actual Loops": 2, "Hash Buckets": 16384, "Original Hash Buckets": 8192, "Hash Batches": 1, "Original Hash Batches": 1, "Peak Memory Usage": 509, "Workers": [], "Plans": [{"Node Type": "Hash Join", "Parent Relationship": "Outer", "Parallel Aware": false, "Async Capable": false, "Join Type": "Inner", "Startup Cost": 2145.38, "Total Cost": 7634.03, "Plan Rows": 5650, "Plan Width": 8, "Actual Rows": 9739, "Actual Loops": 2, "Inner Unique": true, "Hash Cond": "(p.owneruserid = u.id)", "Workers": [], "Plans": [{"Node Type": "Index Scan", "Parent Relationship": "Outer", "Parallel Aware": false, "Async Capable": false, "Scan Direction": "Forward", "Index Name": "idx_posts_owneruserid", "Relation Name": "posts", "Alias": "p", "Startup Cost": 0.29, "Total Cost": 5473.31, "Plan Rows": 5956, "Plan Width": 4, "Actual Rows": 12416, "Actual Loops": 2, "Filter": "((answercount <= 4) AND (commentcount >= 0) AND (commentcount <= 12) AND (favoritecount >= 0) AND (favoritecount <= 89) AND (creationdate <= '2014-09-02 10:21:04'::timestamp without time zone))", "Rows Removed by Filter": 79560, "Workers": []}, {"Node Type": "Hash", "Parent Relationship": "Inner", "Parallel Aware": false, "Async Capable": false, "Startup Cost": 1659.6, "Total Cost": 1659.6, "Plan Rows": 38839, "Plan Width": 4, "Actual Rows": 38877, "Actual Loops": 2, "Hash Buckets": 65536, "Original Hash Buckets": 65536, "Hash Batches": 1, "Original Hash Batches": 1, "Peak Memory Usage": 1879, "Workers": [], "Plans": [{"Node Type": "Index Scan", "Parent Relationship": "Outer", "Parallel Aware": false, "Async Capable": false, "Scan Direction": "Forward", "Index Name": "users_pkey", "Relation Name": "users", "Alias": "u", "Startup Cost": 0.29, "Total Cost": 1659.6, "Plan Rows": 38839, "Plan Width": 4, "Actual Rows": 38877, "Actual Loops": 2, "Filter": "((reputation <= 705) AND (creationdate >= '2010-07-28 23:56:00'::timestamp without time zone) AND (creationdate <= '2014-09-02 10:04:41'::timestamp without time zone))", "Rows Removed by Filter": 1448, "Workers": []}]}]}]}]}]}]}]}]}]}, "Planning Time": 3.156, "Triggers": [], "Execution Time": 419.511}, {"Plan": {"Node Type": "Aggregate", "Strategy": "Plain", "Partial Mode": "Finalize", "Parallel Aware": false, "Async Capable": false, "Startup Cost": 31471.03, "Total Cost": 31471.04, "Plan Rows": 1, "Plan Width": 8, "Actual Rows": 1, "Actual Loops": 1, "Plans": [{"Node Type": "Gather", "Parent Relationship": "Outer", "Parallel Aware": false, "Async Capable": false, "Startup Cost": 31470.92, "Total Cost": 31471.03, "Plan Rows": 1, "Plan Width": 8, "Actual Rows": 2, "Actual Loops": 1, "Workers Planned": 1, "Workers Launched": 1, "Single Copy": false, "Plans": [{"Node Type": "Aggregate", "Strategy": "Plain", "Partial Mode": "Partial", "Parent Relationship": "Outer", "Parallel Aware": false, "Async Capable": false, "Startup Cost": 30470.92, "Total Cost": 30470.93, "Plan Rows": 1, "Plan Width": 8, "Actual Rows": 1, "Actual Loops": 2, "Workers": [], "Plans": [{"Node Type": "Merge Join", "Parent Relationship": "Outer", "Parallel Aware": false, "Async Capable": false, "Join Type": "Inner", "Startup Cost": 187.53, "Total Cost": 27747.83, "Plan Rows": 1089236, "Plan Width": 0, "Actual Rows": 558000, "Actual Loops": 2, "Inner Unique": false, "Merge Cond": "(ph.userid = b.userid)", "Workers": [], "Plans": [{"Node Type": "Index Scan", "Parent Relationship": "Outer", "Parallel Aware": true, "Async Capable": false, "Scan Direction": "Forward", "Index Name": "idx_posthistory_userid", "Relation Name": "posthistory", "Alias": "ph", "Startup Cost": 0.42, "Total Cost": 12181.2, "Plan Rows": 50421, "Plan Width": 4, "Actual Rows": 41686, "Actual Loops": 2, "Filter": "((creationdate >= '2011-01-08 03:03:48'::timestamp without time zone) AND (creationdate <= '2014-08-25 14:04:43'::timestamp without time zone) AND (posthistorytypeid = 2))", "Rows Removed by Filter": 98890, "Workers": []}, {"Node Type": "Materialize", "Parent Relationship": "Inner", "Parallel Aware": false, "Async Capable": false, "Startup Cost": 0.88, "Total Cost": 10833.17, "Plan Rows": 11073, "Plan Width": 12, "Actual Rows": 593853, "Actual Loops": 2, "Workers": [], "Plans": [{"Node Type": "Merge Join", "Parent Relationship": "Outer", "Parallel Aware": false, "Async Capable": false, "Join Type": "Inner", "Startup Cost": 0.88, "Total Cost": 10805.49, "Plan Rows": 11073, "Plan Width": 12, "Actual Rows": 70835, "Actual Loops": 2, "Inner Unique": false, "Merge Cond": "(u.id = b.userid)", "Workers": [], "Plans": [{"Node Type": "Merge Join", "Parent Relationship": "Outer", "Parallel Aware": false, "Async Capable": false, "Join Type": "Inner", "Startup Cost": 0.58, "Total Cost": 7218.47, "Plan Rows": 5650, "Plan Width": 8, "Actual Rows": 9739, "Actual Loops": 2, "Inner Unique": true, "Merge Cond": "(p.owneruserid = u.id)", "Workers": [], "Plans": [{"Node Type": "Index Scan", "Parent Relationship": "Outer", "Parallel Aware": false, "Async Capable": false, "Scan Direction": "Forward", "Index Name": "idx_posts_owneruserid", "Relation Name": "posts", "Alias": "p", "Startup Cost": 0.29, "Total Cost": 5473.31, "Plan Rows": 5956, "Plan Width": 4, "Actual Rows": 12174, "Actual Loops": 2, "Filter": "((answercount <= 4) AND (commentcount >= 0) AND (commentcount <= 12) AND (favoritecount >= 0) AND (favoritecount <= 89) AND (creationdate <= '2014-09-02 10:21:04'::timestamp without time zone))", "Rows Removed by Filter": 78411, "Workers": []}, {"Node Type": "Index Scan", "Parent Relationship": "Inner", "Parallel Aware": false, "Async Capable": false, "Scan Direction": "Forward", "Index Name": "users_pkey", "Relation Name": "users", "Alias": "u", "Startup Cost": 0.29, "Total Cost": 1659.6, "Plan Rows": 38839, "Plan Width": 4, "Actual Rows": 38840, "Actual Loops": 2, "Filter": "((reputation <= 705) AND (creationdate >= '2010-07-28 23:56:00'::timestamp without time zone) AND (creationdate <= '2014-09-02 10:04:41'::timestamp without time zone))", "Rows Removed by Filter": 799, "Workers": []}]}, {"Node Type": "Index Scan", "Parent Relationship": "Inner", "Parallel Aware": false, "Async Capable": false, "Scan Direction": "Forward", "Index Name": "idx_badges_userid", "Relation Name": "badges", "Alias": "b", "Startup Cost": 0.29, "Total Cost": 3264.6, "Plan Rows": 79027, "Plan Width": 4, "Actual Rows": 121436, "Actual Loops": 2, "Filter": "((date >= '2010-07-20 20:47:27'::timestamp without time zone) AND (date <= '2014-09-09 13:24:28'::timestamp without time zone))", "Rows Removed by Filter": 817, "Workers": []}]}]}]}]}]}]}, "Planning Time": 6.001, "Triggers": [], "Execution Time": 418.775}, {"Plan": {"Node Type": "Aggregate", "Strategy": "Plain", "Partial Mode": "Simple", "Parallel Aware": false, "Async Capable": false, "Startup Cost": 24815.54, "Total Cost": 24815.55, "Plan Rows": 1, "Plan Width": 8, "Actual Rows": 1, "Actual Loops": 1, "Plans": [{"Node Type": "Nested Loop", "Parent Relationship": "Outer", "Parallel Aware": false, "Async Capable": false, "Join Type": "Inner", "Startup Cost": 1.3, "Total Cost": 20186.29, "Plan Rows": 1851701, "Plan Width": 0, "Actual Rows": 1116000, "Actual Loops": 1, "Inner Unique": false, "Plans": [{"Node Type": "Nested Loop", "Parent Relationship": "Outer", "Parallel Aware": false, "Async Capable": false, "Join Type": "Inner", "Startup Cost": 0.88, "Total Cost": 9751.32, "Plan Rows": 11073, "Plan Width": 12, "Actual Rows": 70835, "Actual Loops": 1, "Inner Unique": false, "Plans": [{"Node Type": "Merge Join", "Parent Relationship": "Outer", "Parallel Aware": false, "Async Capable": false, "Join Type": "Inner", "Startup Cost": 0.58, "Total Cost": 7218.47, "Plan Rows": 5650, "Plan Width": 8, "Actual Rows": 9739, "Actual Loops": 1, "Inner Unique": true, "Merge Cond": "(p.owneruserid = u.id)", "Plans": [{"Node Type": "Index Scan", "Parent Relationship": "Outer", "Parallel Aware": false, "Async Capable": false, "Scan Direction": "Forward", "Index Name": "idx_posts_owneruserid", "Relation Name": "posts", "Alias": "p", "Startup Cost": 0.29, "Total Cost": 5473.31, "Plan Rows": 5956, "Plan Width": 4, "Actual Rows": 12174, "Actual Loops": 1, "Filter": "((answercount <= 4) AND (commentcount >= 0) AND (commentcount <= 12) AND (favoritecount >= 0) AND (favoritecount <= 89) AND (creationdate <= '2014-09-02 10:21:04'::timestamp without time zone))", "Rows Removed by Filter": 78411}, {"Node Type": "Index Scan", "Parent Relationship": "Inner", "Parallel Aware": false, "Async Capable": false, "Scan Direction": "Forward", "Index Name": "users_pkey", "Relation Name": "users", "Alias": "u", "Startup Cost": 0.29, "Total Cost": 1659.6, "Plan Rows": 38839, "Plan Width": 4, "Actual Rows": 38840, "Actual Loops": 1, "Filter": "((reputation <= 705) AND (creationdate >= '2010-07-28 23:56:00'::timestamp without time zone) AND (creationdate <= '2014-09-02 10:04:41'::timestamp without time zone))", "Rows Removed by Filter": 799}]}, {"Node Type": "Index Scan", "Parent Relationship": "Inner", "Parallel Aware": false, "Async Capable": false, "Scan Direction": "Forward", "Index Name": "idx_badges_userid", "Relation Name": "badges", "Alias": "b", "Startup Cost": 0.29, "Total Cost": 0.42, "Plan Rows": 3, "Plan Width": 4, "Actual Rows": 7, "Actual Loops": 9739, "Index Cond": "(userid = u.id)", "Rows Removed by Index Recheck": 0, "Filter": "((date >= '2010-07-20 20:47:27'::timestamp without time zone) AND (date <= '2014-09-09 13:24:28'::timestamp without time zone))", "Rows Removed by Filter": 0}]}, {"Node Type": "Index Scan", "Parent Relationship": "Inner", "Parallel Aware": false, "Async Capable": false, "Scan Direction": "Forward", "Index Name": "idx_posthistory_userid", "Relation Name": "posthistory", "Alias": "ph", "Startup Cost": 0.42, "Total Cost": 0.9, "Plan Rows": 4, "Plan Width": 4, "Actual Rows": 16, "Actual Loops": 70835, "Index Cond": "(userid = b.userid)", "Rows Removed by Index Recheck": 0, "Filter": "((creationdate >= '2011-01-08 03:03:48'::timestamp without time zone) AND (creationdate <= '2014-08-25 14:04:43'::timestamp without time zone) AND (posthistorytypeid = 2))", "Rows Removed by Filter": 40}]}]}, "Planning Time": 2.825, "Triggers": [], "Execution Time": 907.183}, {"Plan": {"Node Type": "Aggregate", "Strategy": "Plain", "Partial Mode": "Finalize", "Parallel Aware": false, "Async Capable": false, "Startup Cost": 23794.44, "Total Cost": 23794.45, "Plan Rows": 1, "Plan Width": 8, "Actual Rows": 1, "Actual Loops": 1, "Plans": [{"Node Type": "Gather", "Parent Relationship": "Outer", "Parallel Aware": false, "Async Capable": false, "Startup Cost": 23794.33, "Total Cost": 23794.44, "Plan Rows": 1, "Plan Width": 8, "Actual Rows": 2, "Actual Loops": 1, "Workers Planned": 1, "Workers Launched": 1, "Single Copy": false, "Plans": [{"Node Type": "Aggregate", "Strategy": "Plain", "Partial Mode": "Partial", "Parent Relationship": "Outer", "Parallel Aware": false, "Async Capable": false, "Startup Cost": 22794.33, "Total Cost": 22794.34, "Plan Rows": 1, "Plan Width": 8, "Actual Rows": 1, "Actual Loops": 2, "Workers": [], "Plans": [{"Node Type": "Hash Join", "Parent Relationship": "Outer", "Parallel Aware": false, "Async Capable": false, "Join Type": "Inner", "Startup Cost": 6889.09, "Total Cost": 20071.24, "Plan Rows": 1089236, "Plan Width": 0, "Actual Rows": 558000, "Actual Loops": 2, "Inner Unique": false, "Hash Cond": "(ph.userid = b.userid)", "Workers": [], "Plans": [{"Node Type": "Seq Scan", "Parent Relationship": "Outer", "Parallel Aware": true, "Async Capable": false, "Relation Name": "posthistory", "Alias": "ph", "Startup Cost": 0.0, "Total Cost": 5361.04, "Plan Rows": 50421, "Plan Width": 4, "Actual Rows": 42160, "Actual Loops": 2, "Filter": "((creationdate >= '2011-01-08 03:03:48'::timestamp without time zone) AND (creationdate <= '2014-08-25 14:04:43'::timestamp without time zone) AND (posthistorytypeid = 2))", "Rows Removed by Filter": 109434, "Workers": []}, {"Node Type": "Hash", "Parent Relationship": "Inner", "Parallel Aware": false, "Async Capable": false, "Startup Cost": 6750.68, "Total Cost": 6750.68, "Plan Rows": 11073, "Plan Width": 12, "Actual Rows": 70835, "Actual Loops": 2, "Hash Buckets": 131072, "Original Hash Buckets": 16384, "Hash Batches": 1, "Original Hash Batches": 1, "Peak Memory Usage": 4068, "Workers": [], "Plans": [{"Node Type": "Hash Join", "Parent Relationship": "Outer", "Parallel Aware": false, "Async Capable": false, "Join Type": "Inner", "Startup Cost": 4713.83, "Total Cost": 6750.68, "Plan Rows": 11073, "Plan Width": 12, "Actual Rows": 70835, "Actual Loops": 2, "Inner Unique": false, "Hash Cond": "(b.userid = u.id)", "Workers": [], "Plans": [{"Node Type": "Seq Scan", "Parent Relationship": "Outer", "Parallel Aware": false, "Async Capable": false, "Relation Name": "badges", "Alias": "b", "Startup Cost": 0.0, "Total Cost": 1629.76, "Plan Rows": 79027, "Plan Width": 4, "Actual Rows": 79007, "Actual Loops": 2, "Filter": "((date >= '2010-07-20 20:47:27'::timestamp without time zone) AND (date <= '2014-09-09 13:24:28'::timestamp without time zone))", "Rows Removed by Filter": 844, "Workers": []}, {"Node Type": "Hash", "Parent Relationship": "Inner", "Parallel Aware": false, "Async Capable": false, "Startup Cost": 4643.21, "Total Cost": 4643.21, "Plan Rows": 5650, "Plan Width": 8, "Actual Rows": 9739, "Actual Loops": 2, "Hash Buckets": 16384, "Original Hash Buckets": 8192, "Hash Batches": 1, "Original Hash Batches": 1, "Peak Memory Usage": 509, "Workers": [], "Plans": [{"Node Type": "Hash Join", "Parent Relationship": "Outer", "Parallel Aware": false, "Async Capable": false, "Join Type": "Inner", "Startup Cost": 1488.18, "Total Cost": 4643.21, "Plan Rows": 5650, "Plan Width": 8, "Actual Rows": 9739, "Actual Loops": 2, "Inner Unique": true, "Hash Cond": "(p.owneruserid = u.id)", "Workers": [], "Plans": [{"Node Type": "Seq Scan", "Parent Relationship": "Outer", "Parallel Aware": false, "Async Capable": false, "Relation Name": "posts", "Alias": "p", "Startup Cost": 0.0, "Total Cost": 3139.4, "Plan Rows": 5956, "Plan Width": 4, "Actual Rows": 12416, "Actual Loops": 2, "Filter": "((answercount <= 4) AND (commentcount >= 0) AND (commentcount <= 12) AND (favoritecount >= 0) AND (favoritecount <= 89) AND (creationdate <= '2014-09-02 10:21:04'::timestamp without time zone))", "Rows Removed by Filter": 79560, "Workers": []}, {"Node Type": "Hash", "Parent Relationship": "Inner", "Parallel Aware": false, "Async Capable": false, "Startup Cost": 1002.69, "Total Cost": 1002.69, "Plan Rows": 38839, "Plan Width": 4, "Actual Rows": 38877, "Actual Loops": 2, "Hash Buckets": 65536, "Original Hash Buckets": 65536, "Hash Batches": 1, "Original Hash Batches": 1, "Peak Memory Usage": 1879, "Workers": [], "Plans": [{"Node Type": "Seq Scan", "Parent Relationship": "Outer", "Parallel Aware": false, "Async Capable": false, "Relation Name": "users", "Alias": "u", "Startup Cost": 0.0, "Total Cost": 1002.69, "Plan Rows": 38839, "Plan Width": 4, "Actual Rows": 38877, "Actual Loops": 2, "Filter": "((reputation <= 705) AND (creationdate >= '2010-07-28 23:56:00'::timestamp without time zone) AND (creationdate <= '2014-09-02 10:04:41'::timestamp without time zone))", "Rows Removed by Filter": 1448, "Workers": []}]}]}]}]}]}]}]}]}]}, "Planning Time": 6.247, "Triggers": [], "Execution Time": 181.502}, {"Plan": {"Node Type": "Aggregate", "Strategy": "Plain", "Partial Mode": "Simple", "Parallel Aware": false, "Async Capable": false, "Startup Cost": 25231.11, "Total Cost": 25231.12, "Plan Rows": 1, "Plan Width": 8, "Actual Rows": 1, "Actual Loops": 1, "Plans": [{"Node Type": "Nested Loop", "Parent Relationship": "Outer", "Parallel Aware": false, "Async Capable": false, "Join Type": "Inner", "Startup Cost": 2146.1, "Total Cost": 20601.85, "Plan Rows": 1851701, "Plan Width": 0, "Actual Rows": 1116000, "Actual Loops": 1, "Inner Unique": false, "Plans": [{"Node Type": "Nested Loop", "Parent Relationship": "Outer", "Parallel Aware": false, "Async Capable": false, "Join Type": "Inner", "Startup Cost": 2145.68, "Total Cost": 10166.88, "Plan Rows": 11073, "Plan Width": 12, "Actual Rows": 70835, "Actual Loops": 1, "Inner Unique": false, "Plans": [{"Node Type": "Hash Join", "Parent Relationship": "Outer", "Parallel Aware": false, "Async Capable": false, "Join Type": "Inner", "Startup Cost": 2145.38, "Total Cost": 7634.03, "Plan Rows": 5650, "Plan Width": 8, "Actual Rows": 9739, "Actual Loops": 1, "Inner Unique": true, "Hash Cond": "(p.owneruserid = u.id)", "Plans": [{"Node Type": "Index Scan", "Parent Relationship": "Outer", "Parallel Aware": false, "Async Capable": false, "Scan Direction": "Forward", "Index Name": "idx_posts_owneruserid", "Relation Name": "posts", "Alias": "p", "Startup Cost": 0.29, "Total Cost": 5473.31, "Plan Rows": 5956, "Plan Width": 4, "Actual Rows": 12416, "Actual Loops": 1, "Filter": "((answercount <= 4) AND (commentcount >= 0) AND (commentcount <= 12) AND (favoritecount >= 0) AND (favoritecount <= 89) AND (creationdate <= '2014-09-02 10:21:04'::timestamp without time zone))", "Rows Removed by Filter": 79560}, {"Node Type": "Hash", "Parent Relationship": "Inner", "Parallel Aware": false, "Async Capable": false, "Startup Cost": 1659.6, "Total Cost": 1659.6, "Plan Rows": 38839, "Plan Width": 4, "Actual Rows": 38877, "Actual Loops": 1, "Hash Buckets": 65536, "Original Hash Buckets": 65536, "Hash Batches": 1, "Original Hash Batches": 1, "Peak Memory Usage": 1879, "Plans": [{"Node Type": "Index Scan", "Parent Relationship": "Outer", "Parallel Aware": false, "Async Capable": false, "Scan Direction": "Forward", "Index Name": "users_pkey", "Relation Name": "users", "Alias": "u", "Startup Cost": 0.29, "Total Cost": 1659.6, "Plan Rows": 38839, "Plan Width": 4, "Actual Rows": 38877, "Actual Loops": 1, "Filter": "((reputation <= 705) AND (creationdate >= '2010-07-28 23:56:00'::timestamp without time zone) AND (creationdate <= '2014-09-02 10:04:41'::timestamp without time zone))", "Rows Removed by Filter": 1448}]}]}, {"Node Type": "Index Scan", "Parent Relationship": "Inner", "Parallel Aware": false, "Async Capable": false, "Scan Direction": "Forward", "Index Name": "idx_badges_userid", "Relation Name": "badges", "Alias": "b", "Startup Cost": 0.29, "Total Cost": 0.42, "Plan Rows": 3, "Plan Width": 4, "Actual Rows": 7, "Actual Loops": 9739, "Index Cond": "(userid = u.id)", "Rows Removed by Index Recheck": 0, "Filter": "((date >= '2010-07-20 20:47:27'::timestamp without time zone) AND (date <= '2014-09-09 13:24:28'::timestamp without time zone))", "Rows Removed by Filter": 0}]}, {"Node Type": "Index Scan", "Parent Relationship": "Inner", "Parallel Aware": false, "Async Capable": false, "Scan Direction": "Forward", "Index Name": "idx_posthistory_userid", "Relation Name": "posthistory", "Alias": "ph", "Startup Cost": 0.42, "Total Cost": 0.9, "Plan Rows": 4, "Plan Width": 4, "Actual Rows": 16, "Actual Loops": 70835, "Index Cond": "(userid = b.userid)", "Rows Removed by Index Recheck": 0, "Filter": "((creationdate >= '2011-01-08 03:03:48'::timestamp without time zone) AND (creationdate <= '2014-08-25 14:04:43'::timestamp without time zone) AND (posthistorytypeid = 2))", "Rows Removed by Filter": 40}]}]}, "Planning Time": 2.111, "Triggers": [], "Execution Time": 927.45}, {"Plan": {"Node Type": "Aggregate", "Strategy": "Plain", "Partial Mode": "Simple", "Parallel Aware": false, "Async Capable": false, "Startup Cost": 40000038134.54, "Total Cost": 40000038134.55, "Plan Rows": 1, "Plan Width": 8, "Actual Rows": 1, "Actual Loops": 1, "Plans": [{"Node Type": "Merge Join", "Parent Relationship": "Outer", "Parallel Aware": false, "Async Capable": false, "Join Type": "Inner", "Startup Cost": 40000000243.55, "Total Cost": 40000033505.28, "Plan Rows": 1851701, "Plan Width": 0, "Actual Rows": 1116000, "Actual Loops": 1, "Inner Unique": false, "Merge Cond": "(b.userid = ph.userid)", "Plans": [{"Node Type": "Merge Join", "Parent Relationship": "Outer", "Parallel Aware": false, "Async Capable": false, "Join Type": "Inner", "Startup Cost": 30000000000.88, "Total Cost": 30000010805.49, "Plan Rows": 11073, "Plan Width": 12, "Actual Rows": 70835, "Actual Loops": 1, "Inner Unique": false, "Merge Cond": "(u.id = b.userid)", "Plans": [{"Node Type": "Merge Join", "Parent Relationship": "Outer", "Parallel Aware": false, "Async Capable": false, "Join Type": "Inner", "Startup Cost": 20000000000.58, "Total Cost": 20000007218.47, "Plan Rows": 5650, "Plan Width": 8, "Actual Rows": 9739, "Actual Loops": 1, "Inner Unique": true, "Merge Cond": "(p.owneruserid = u.id)", "Plans": [{"Node Type": "Index Scan", "Parent Relationship": "Outer", "Parallel Aware": false, "Async Capable": false, "Scan Direction": "Forward", "Index Name": "idx_posts_owneruserid", "Relation Name": "posts", "Alias": "p", "Startup Cost": 10000000000.29, "Total Cost": 10000005473.31, "Plan Rows": 5956, "Plan Width": 4, "Actual Rows": 12174, "Actual Loops": 1, "Filter": "((answercount <= 4) AND (commentcount >= 0) AND (commentcount <= 12) AND (favoritecount >= 0) AND (favoritecount <= 89) AND (creationdate <= '2014-09-02 10:21:04'::timestamp without time zone))", "Rows Removed by Filter": 78411}, {"Node Type": "Index Scan", "Parent Relationship": "Inner", "Parallel Aware": false, "Async Capable": false, "Scan Direction": "Forward", "Index Name": "users_pkey", "Relation Name": "users", "Alias": "u", "Startup Cost": 10000000000.29, "Total Cost": 10000001659.6, "Plan Rows": 38839, "Plan Width": 4, "Actual Rows": 38840, "Actual Loops": 1, "Filter": "((reputation <= 705) AND (creationdate >= '2010-07-28 23:56:00'::timestamp without time zone) AND (creationdate <= '2014-09-02 10:04:41'::timestamp without time zone))", "Rows Removed by Filter": 799}]}, {"Node Type": "Index Scan", "Parent Relationship": "Inner", "Parallel Aware": false, "Async Capable": false, "Scan Direction": "Forward", "Index Name": "idx_badges_userid", "Relation Name": "badges", "Alias": "b", "Startup Cost": 10000000000.29, "Total Cost": 10000003264.6, "Plan Rows": 79027, "Plan Width": 4, "Actual Rows": 121436, "Actual Loops": 1, "Filter": "((date >= '2010-07-20 20:47:27'::timestamp without time zone) AND (date <= '2014-09-09 13:24:28'::timestamp without time zone))", "Rows Removed by Filter": 817}]}, {"Node Type": "Materialize", "Parent Relationship": "Inner", "Parallel Aware": false, "Async Capable": false, "Startup Cost": 10000000000.42, "Total Cost": 10000014580.22, "Plan Rows": 85715, "Plan Width": 4, "Actual Rows": 1175038, "Actual Loops": 1, "Plans": [{"Node Type": "Index Scan", "Parent Relationship": "Outer", "Parallel Aware": false, "Async Capable": false, "Scan Direction": "Forward", "Index Name": "idx_posthistory_userid", "Relation Name": "posthistory", "Alias": "ph", "Startup Cost": 10000000000.42, "Total Cost": 10000014365.93, "Plan Rows": 85715, "Plan Width": 4, "Actual Rows": 83372, "Actual Loops": 1, "Filter": "((creationdate >= '2011-01-08 03:03:48'::timestamp without time zone) AND (creationdate <= '2014-08-25 14:04:43'::timestamp without time zone) AND (posthistorytypeid = 2))", "Rows Removed by Filter": 197731}]}]}]}, "Planning Time": 2.889, "Triggers": [], "Execution Time": 568.129}, {"Plan": {"Node Type": "Aggregate", "Strategy": "Plain", "Partial Mode": "Simple", "Parallel Aware": false, "Async Capable": false, "Startup Cost": 10000085914.3, "Total Cost": 10000085914.31, "Plan Rows": 1, "Plan Width": 8, "Actual Rows": 1, "Actual Loops": 1, "Plans": [{"Node Type": "Nested Loop", "Parent Relationship": "Outer", "Parallel Aware": false, "Async Capable": false, "Join Type": "Inner", "Startup Cost": 10000000001.85, "Total Cost": 10000081285.05, "Plan Rows": 1851701, "Plan Width": 0, "Actual Rows": 1116000, "Actual Loops": 1, "Inner Unique": false, "Join Filter": "(ph.userid = b.userid)", "Rows Removed by Join Filter": 0, "Plans": [{"Node Type": "Nested Loop", "Parent Relationship": "Outer", "Parallel Aware": false, "Async Capable": false, "Join Type": "Inner", "Startup Cost": 10000000001.09, "Total Cost": 10000053482.34, "Plan Rows": 11073, "Plan Width": 12, "Actual Rows": 70835, "Actual Loops": 1, "Inner Unique": false, "Join Filter": "(u.id = b.userid)", "Rows Removed by Join Filter": 0, "Plans": [{"Node Type": "Nested Loop", "Parent Relationship": "Outer", "Parallel Aware": false, "Async Capable": false, "Join Type": "Inner", "Startup Cost": 10000000000.68, "Total Cost": 10000029216.48, "Plan Rows": 5650, "Plan Width": 8, "Actual Rows": 9739, "Actual Loops": 1, "Inner Unique": true, "Plans": [{"Node Type": "Index Scan", "Parent Relationship": "Outer", "Parallel Aware": false, "Async Capable": false, "Scan Direction": "Forward", "Index Name": "idx_posts_owneruserid", "Relation Name": "posts", "Alias": "p", "Startup Cost": 10000000000.29, "Total Cost": 10000005473.31, "Plan Rows": 5956, "Plan Width": 4, "Actual Rows": 12416, "Actual Loops": 1, "Filter": "((answercount <= 4) AND (commentcount >= 0) AND (commentcount <= 12) AND (favoritecount >= 0) AND (favoritecount <= 89) AND (creationdate <= '2014-09-02 10:21:04'::timestamp without time zone))", "Rows Removed by Filter": 79560}, {"Node Type": "Memoize", "Parent Relationship": "Inner", "Parallel Aware": false, "Async Capable": false, "Startup Cost": 0.38, "Total Cost": 4.4, "Plan Rows": 1, "Plan Width": 4, "Actual Rows": 1, "Actual Loops": 12416, "Cache Key": "p.owneruserid", "Cache Mode": "logical", "Cache Hits": 5872, "Cache Misses": 6544, "Cache Evictions": 0, "Cache Overflows": 0, "Peak Memory Usage": 651, "Plans": [{"Node Type": "Bitmap Heap Scan", "Parent Relationship": "Outer", "Parallel Aware": false, "Async Capable": false, "Relation Name": "users", "Alias": "u", "Startup Cost": 0.37, "Total Cost": 4.39, "Plan Rows": 1, "Plan Width": 4, "Actual Rows": 1, "Actual Loops": 6544, "Recheck Cond": "(p.owneruserid = id)", "Rows Removed by Index Recheck": 0, "Filter": "((reputation <= 705) AND (creationdate >= '2010-07-28 23:56:00'::timestamp without time zone) AND (creationdate <= '2014-09-02 10:04:41'::timestamp without time zone))", "Rows Removed by Filter": 0, "Exact Heap Blocks": 6543, "Lossy Heap Blocks": 0, "Plans": [{"Node Type": "Bitmap Index Scan", "Parent Relationship": "Outer", "Parallel Aware": false, "Async Capable": false, "Index Name": "users_pkey", "Startup Cost": 0.0, "Total Cost": 0.37, "Plan Rows": 1, "Plan Width": 0, "Actual Rows": 1, "Actual Loops": 6544, "Index Cond": "(id = p.owneruserid)"}]}]}]}, {"Node Type": "Memoize", "Parent Relationship": "Inner", "Parallel Aware": false, "Async Capable": false, "Startup Cost": 0.42, "Total Cost": 4.47, "Plan Rows": 3, "Plan Width": 4, "Actual Rows": 7, "Actual Loops": 9739, "Cache Key": "p.owneruserid", "Cache Mode": "logical", "Cache Hits": 3598, "Cache Misses": 6141, "Cache Evictions": 0, "Cache Overflows": 0, "Peak Memory Usage": 1399, "Plans": [{"Node Type": "Bitmap Heap Scan", "Parent Relationship": "Outer", "Parallel Aware": false, "Async Capable": false, "Relation Name": "badges", "Alias": "b", "Startup Cost": 0.41, "Total Cost": 4.46, "Plan Rows": 3, "Plan Width": 4, "Actual Rows": 5, "Actual Loops": 6141, "Recheck Cond": "(p.owneruserid = userid)", "Rows Removed by Index Recheck": 0, "Filter": "((date >= '2010-07-20 20:47:27'::timestamp without time zone) AND (date <= '2014-09-09 13:24:28'::timestamp without time zone))", "Rows Removed by Filter": 0, "Exact Heap Blocks": 21313, "Lossy Heap Blocks": 0, "Plans": [{"Node Type": "Bitmap Index Scan", "Parent Relationship": "Outer", "Parallel Aware": false, "Async Capable": false, "Index Name": "idx_badges_userid", "Startup Cost": 0.0, "Total Cost": 0.4, "Plan Rows": 3, "Plan Width": 0, "Actual Rows": 5, "Actual Loops": 6141, "Index Cond": "(userid = p.owneruserid)"}]}]}]}, {"Node Type": "Memoize", "Parent Relationship": "Inner", "Parallel Aware": false, "Async Capable": false, "Startup Cost": 0.76, "Total Cost": 5.04, "Plan Rows": 4, "Plan Width": 4, "Actual Rows": 16, "Actual Loops": 70835, "Cache Key": "p.owneruserid", "Cache Mode": "logical", "Cache Hits": 64811, "Cache Misses": 6024, "Cache Evictions": 0, "Cache Overflows": 0, "Peak Memory Usage": 1256, "Plans": [{"Node Type": "Bitmap Heap Scan", "Parent Relationship": "Outer", "Parallel Aware": false, "Async Capable": false, "Relation Name": "posthistory", "Alias": "ph", "Startup Cost": 0.75, "Total Cost": 5.03, "Plan Rows": 4, "Plan Width": 4, "Actual Rows": 4, "Actual Loops": 6024, "Recheck Cond": "(userid = p.owneruserid)", "Rows Removed by Index Recheck": 0, "Filter": "((creationdate >= '2011-01-08 03:03:48'::timestamp without time zone) AND (creationdate <= '2014-08-25 14:04:43'::timestamp without time zone) AND (posthistorytypeid = 2))", "Rows Removed by Filter": 10, "Exact Heap Blocks": 28478, "Lossy Heap Blocks": 0, "Plans": [{"Node Type": "Bitmap Index Scan", "Parent Relationship": "Outer", "Parallel Aware": false, "Async Capable": false, "Index Name": "idx_posthistory_userid", "Startup Cost": 0.0, "Total Cost": 0.75, "Plan Rows": 14, "Plan Width": 0, "Actual Rows": 14, "Actual Loops": 6024, "Index Cond": "(userid = p.owneruserid)"}]}]}]}]}, "Planning Time": 2.66, "Triggers": [], "Execution Time": 394.348}, {"Plan": {"Node Type": "Aggregate", "Strategy": "Plain", "Partial Mode": "Simple", "Parallel Aware": false, "Async Capable": false, "Startup Cost": 22952.45, "Total Cost": 22952.46, "Plan Rows": 1, "Plan Width": 8, "Actual Rows": 1, "Actual Loops": 1, "Plans": [{"Node Type": "Nested Loop", "Parent Relationship": "Outer", "Parallel Aware": false, "Async Capable": false, "Join Type": "Inner", "Startup Cost": 3513.85, "Total Cost": 18323.19, "Plan Rows": 1851701, "Plan Width": 0, "Actual Rows": 1116000, "Actual Loops": 1, "Inner Unique": false, "Plans": [{"Node Type": "Nested Loop", "Parent Relationship": "Outer", "Parallel Aware": false, "Async Capable": false, "Join Type": "Inner", "Startup Cost": 3513.43, "Total Cost": 7888.22, "Plan Rows": 11073, "Plan Width": 12, "Actual Rows": 70835, "Actual Loops": 1, "Inner Unique": false, "Plans": [{"Node Type": "Merge Join", "Parent Relationship": "Outer", "Parallel Aware": false, "Async Capable": false, "Join Type": "Inner", "Startup Cost": 3513.14, "Total Cost": 5355.38, "Plan Rows": 5650, "Plan Width": 8, "Actual Rows": 9739, "Actual Loops": 1, "Inner Unique": false, "Merge Cond": "(u.id = p.owneruserid)", "Plans": [{"Node Type": "Index Scan", "Parent Relationship": "Outer", "Parallel Aware": false, "Async Capable": false, "Scan Direction": "Forward", "Index Name": "users_pkey", "Relation Name": "users", "Alias": "u", "Startup Cost": 0.29, "Total Cost": 1659.6, "Plan Rows": 38839, "Plan Width": 4, "Actual Rows": 38841, "Actual Loops": 1, "Filter": "((reputation <= 705) AND (creationdate >= '2010-07-28 23:56:00'::timestamp without time zone) AND (creationdate <= '2014-09-02 10:04:41'::timestamp without time zone))", "Rows Removed by Filter": 799}, {"Node Type": "Sort", "Parent Relationship": "Inner", "Parallel Aware": false, "Async Capable": false, "Startup Cost": 3512.85, "Total Cost": 3527.74, "Plan Rows": 5956, "Plan Width": 4, "Actual Rows": 12174, "Actual Loops": 1, "Sort Key": ["p.owneruserid"], "Sort Method": "quicksort", "Sort Space Used": 385, "Sort Space Type": "Memory", "Plans": [{"Node Type": "Seq Scan", "Parent Relationship": "Outer", "Parallel Aware": false, "Async Capable": false, "Relation Name": "posts", "Alias": "p", "Startup Cost": 0.0, "Total Cost": 3139.4, "Plan Rows": 5956, "Plan Width": 4, "Actual Rows": 12416, "Actual Loops": 1, "Filter": "((answercount <= 4) AND (commentcount >= 0) AND (commentcount <= 12) AND (favoritecount >= 0) AND (favoritecount <= 89) AND (creationdate <= '2014-09-02 10:21:04'::timestamp without time zone))", "Rows Removed by Filter": 79560}]}]}, {"Node Type": "Index Scan", "Parent Relationship": "Inner", "Parallel Aware": false, "Async Capable": false, "Scan Direction": "Forward", "Index Name": "idx_badges_userid", "Relation Name": "badges", "Alias": "b", "Startup Cost": 0.29, "Total Cost": 0.42, "Plan Rows": 3, "Plan Width": 4, "Actual Rows": 7, "Actual Loops": 9739, "Index Cond": "(userid = u.id)", "Rows Removed by Index Recheck": 0, "Filter": "((date >= '2010-07-20 20:47:27'::timestamp without time zone) AND (date <= '2014-09-09 13:24:28'::timestamp without time zone))", "Rows Removed by Filter": 0}]}, {"Node Type": "Index Scan", "Parent Relationship": "Inner", "Parallel Aware": false, "Async Capable": false, "Scan Direction": "Forward", "Index Name": "idx_posthistory_userid", "Relation Name": "posthistory", "Alias": "ph", "Startup Cost": 0.42, "Total Cost": 0.9, "Plan Rows": 4, "Plan Width": 4, "Actual Rows": 16, "Actual Loops": 70835, "Index Cond": "(userid = b.userid)", "Rows Removed by Index Recheck": 0, "Filter": "((creationdate >= '2011-01-08 03:03:48'::timestamp without time zone) AND (creationdate <= '2014-08-25 14:04:43'::timestamp without time zone) AND (posthistorytypeid = 2))", "Rows Removed by Filter": 40}]}]}, "Planning Time": 2.714, "Triggers": [], "Execution Time": 829.462}, {"Plan": {"Node Type": "Aggregate", "Strategy": "Plain", "Partial Mode": "Finalize", "Parallel Aware": false, "Async Capable": false, "Startup Cost": 27691.56, "Total Cost": 27691.57, "Plan Rows": 1, "Plan Width": 8, "Actual Rows": 1, "Actual Loops": 1, "Plans": [{"Node Type": "Gather", "Parent Relationship": "Outer", "Parallel Aware": false, "Async Capable": false, "Startup Cost": 27691.45, "Total Cost": 27691.56, "Plan Rows": 1, "Plan Width": 8, "Actual Rows": 2, "Actual Loops": 1, "Workers Planned": 1, "Workers Launched": 1, "Single Copy": false, "Plans": [{"Node Type": "Aggregate", "Strategy": "Plain", "Partial Mode": "Partial", "Parent Relationship": "Outer", "Parallel Aware": false, "Async Capable": false, "Startup Cost": 26691.45, "Total Cost": 26691.46, "Plan Rows": 1, "Plan Width": 8, "Actual Rows": 1, "Actual Loops": 2, "Workers": [], "Plans": [{"Node Type": "Merge Join", "Parent Relationship": "Outer", "Parallel Aware": false, "Async Capable": false, "Join Type": "Inner", "Startup Cost": 12816.6, "Total Cost": 23968.36, "Plan Rows": 1089236, "Plan Width": 0, "Actual Rows": 558000, "Actual Loops": 2, "Inner Unique": false, "Merge Cond": "(ph.userid = b.userid)", "Workers": [], "Plans": [{"Node Type": "Sort", "Parent Relationship": "Outer", "Parallel Aware": false, "Async Capable": false, "Startup Cost": 9299.36, "Total Cost": 9425.41, "Plan Rows": 50421, "Plan Width": 4, "Actual Rows": 41686, "Actual Loops": 2, "Sort Key": ["ph.userid"], "Sort Method": "quicksort", "Sort Space Used": 1537, "Sort Space Type": "Memory", "Workers": [{"Worker Number": 0, "Sort Method": "quicksort", "Sort Space Used": 769, "Sort Space Type": "Memory"}], "Plans": [{"Node Type": "Seq Scan", "Parent Relationship": "Outer", "Parallel Aware": true, "Async Capable": false, "Relation Name": "posthistory", "Alias": "ph", "Startup Cost": 0.0, "Total Cost": 5361.04, "Plan Rows": 50421, "Plan Width": 4, "Actual Rows": 42160, "Actual Loops": 2, "Filter": "((creationdate >= '2011-01-08 03:03:48'::timestamp without time zone) AND (creationdate <= '2014-08-25 14:04:43'::timestamp without time zone) AND (posthistorytypeid = 2))", "Rows Removed by Filter": 109434, "Workers": []}]}, {"Node Type": "Materialize", "Parent Relationship": "Inner", "Parallel Aware": false, "Async Capable": false, "Startup Cost": 3513.43, "Total Cost": 8970.08, "Plan Rows": 11073, "Plan Width": 12, "Actual Rows": 571526, "Actual Loops": 2, "Workers": [], "Plans": [{"Node Type": "Merge Join", "Parent Relationship": "Outer", "Parallel Aware": false, "Async Capable": false, "Join Type": "Inner", "Startup Cost": 3513.43, "Total Cost": 8942.39, "Plan Rows": 11073, "Plan Width": 12, "Actual Rows": 70814, "Actual Loops": 2, "Inner Unique": false, "Merge Cond": "(u.id = b.userid)", "Workers": [], "Plans": [{"Node Type": "Merge Join", "Parent Relationship": "Outer", "Parallel Aware": false, "Async Capable": false, "Join Type": "Inner", "Startup Cost": 3513.14, "Total Cost": 5355.38, "Plan Rows": 5650, "Plan Width": 8, "Actual Rows": 9731, "Actual Loops": 2, "Inner Unique": false, "Merge Cond": "(u.id = p.owneruserid)", "Workers": [], "Plans": [{"Node Type": "Index Scan", "Parent Relationship": "Outer", "Parallel Aware": false, "Async Capable": false, "Scan Direction": "Forward", "Index Name": "users_pkey", "Relation Name": "users", "Alias": "u", "Startup Cost": 0.29, "Total Cost": 1659.6, "Plan Rows": 38839, "Plan Width": 4, "Actual Rows": 38652, "Actual Loops": 2, "Filter": "((reputation <= 705) AND (creationdate >= '2010-07-28 23:56:00'::timestamp without time zone) AND (creationdate <= '2014-09-02 10:04:41'::timestamp without time zone))", "Rows Removed by Filter": 799, "Workers": []}, {"Node Type": "Sort", "Parent Relationship": "Inner", "Parallel Aware": false, "Async Capable": false, "Startup Cost": 3512.85, "Total Cost": 3527.74, "Plan Rows": 5956, "Plan Width": 4, "Actual Rows": 12166, "Actual Loops": 2, "Sort Key": ["p.owneruserid"], "Sort Method": "quicksort", "Sort Space Used": 385, "Sort Space Type": "Memory", "Workers": [{"Worker Number": 0, "Sort Method": "quicksort", "Sort Space Used": 385, "Sort Space Type": "Memory"}], "Plans": [{"Node Type": "Seq Scan", "Parent Relationship": "Outer", "Parallel Aware": false, "Async Capable": false, "Relation Name": "posts", "Alias": "p", "Startup Cost": 0.0, "Total Cost": 3139.4, "Plan Rows": 5956, "Plan Width": 4, "Actual Rows": 12416, "Actual Loops": 2, "Filter": "((answercount <= 4) AND (commentcount >= 0) AND (commentcount <= 12) AND (favoritecount >= 0) AND (favoritecount <= 89) AND (creationdate <= '2014-09-02 10:21:04'::timestamp without time zone))", "Rows Removed by Filter": 79560, "Workers": []}]}]}, {"Node Type": "Index Scan", "Parent Relationship": "Inner", "Parallel Aware": false, "Async Capable": false, "Scan Direction": "Forward", "Index Name": "idx_badges_userid", "Relation Name": "badges", "Alias": "b", "Startup Cost": 0.29, "Total Cost": 3264.6, "Plan Rows": 79027, "Plan Width": 4, "Actual Rows": 121295, "Actual Loops": 2, "Filter": "((date >= '2010-07-20 20:47:27'::timestamp without time zone) AND (date <= '2014-09-09 13:24:28'::timestamp without time zone))", "Rows Removed by Filter": 814, "Workers": []}]}]}]}]}]}]}, "Planning Time": 2.729, "Triggers": [], "Execution Time": 216.597}, {"Plan": {"Node Type": "Aggregate", "Strategy": "Plain", "Partial Mode": "Simple", "Parallel Aware": false, "Async Capable": false, "Startup Cost": 26389.53, "Total Cost": 26389.54, "Plan Rows": 1, "Plan Width": 8, "Actual Rows": 1, "Actual Loops": 1, "Plans": [{"Node Type": "Nested Loop", "Parent Relationship": "Outer", "Parallel Aware": false, "Async Capable": false, "Join Type": "Inner", "Startup Cost": 1.31, "Total Cost": 21760.28, "Plan Rows": 1851701, "Plan Width": 0, "Actual Rows": 1116000, "Actual Loops": 1, "Inner Unique": false, "Plans": [{"Node Type": "Nested Loop", "Parent Relationship": "Outer", "Parallel Aware": false, "Async Capable": false, "Join Type": "Inner", "Startup Cost": 0.89, "Total Cost": 11325.31, "Plan Rows": 11073, "Plan Width": 12, "Actual Rows": 70835, "Actual Loops": 1, "Inner Unique": false, "Plans": [{"Node Type": "Nested Loop", "Parent Relationship": "Outer", "Parallel Aware": false, "Async Capable": false, "Join Type": "Inner", "Startup Cost": 0.59, "Total Cost": 8792.46, "Plan Rows": 5650, "Plan Width": 8, "Actual Rows": 9739, "Actual Loops": 1, "Inner Unique": true, "Plans": [{"Node Type": "Index Scan", "Parent Relationship": "Outer", "Parallel Aware": false, "Async Capable": false, "Scan Direction": "Forward", "Index Name": "idx_posts_owneruserid", "Relation Name": "posts", "Alias": "p", "Startup Cost": 0.29, "Total Cost": 5473.31, "Plan Rows": 5956, "Plan Width": 4, "Actual Rows": 12416, "Actual Loops": 1, "Filter": "((answercount <= 4) AND (commentcount >= 0) AND (commentcount <= 12) AND (favoritecount >= 0) AND (favoritecount <= 89) AND (creationdate <= '2014-09-02 10:21:04'::timestamp without time zone))", "Rows Removed by Filter": 79560}, {"Node Type": "Memoize", "Parent Relationship": "Inner", "Parallel Aware": false, "Async Capable": false, "Startup Cost": 0.3, "Total Cost": 0.6, "Plan Rows": 1, "Plan Width": 4, "Actual Rows": 1, "Actual Loops": 12416, "Cache Key": "p.owneruserid", "Cache Mode": "logical", "Cache Hits": 5872, "Cache Misses": 6544, "Cache Evictions": 0, "Cache Overflows": 0, "Peak Memory Usage": 651, "Plans": [{"Node Type": "Index Scan", "Parent Relationship": "Outer", "Parallel Aware": false, "Async Capable": false, "Scan Direction": "Forward", "Index Name": "users_pkey", "Relation Name": "users", "Alias": "u", "Startup Cost": 0.29, "Total Cost": 0.59, "Plan Rows": 1, "Plan Width": 4, "Actual Rows": 1, "Actual Loops": 6544, "Index Cond": "(id = p.owneruserid)", "Rows Removed by Index Recheck": 0, "Filter": "((reputation <= 705) AND (creationdate >= '2010-07-28 23:56:00'::timestamp without time zone) AND (creationdate <= '2014-09-02 10:04:41'::timestamp without time zone))", "Rows Removed by Filter": 0}]}]}, {"Node Type": "Index Scan", "Parent Relationship": "Inner", "Parallel Aware": false, "Async Capable": false, "Scan Direction": "Forward", "Index Name": "idx_badges_userid", "Relation Name": "badges", "Alias": "b", "Startup Cost": 0.29, "Total Cost": 0.42, "Plan Rows": 3, "Plan Width": 4, "Actual Rows": 7, "Actual Loops": 9739, "Index Cond": "(userid = u.id)", "Rows Removed by Index Recheck": 0, "Filter": "((date >= '2010-07-20 20:47:27'::timestamp without time zone) AND (date <= '2014-09-09 13:24:28'::timestamp without time zone))", "Rows Removed by Filter": 0}]}, {"Node Type": "Index Scan", "Parent Relationship": "Inner", "Parallel Aware": false, "Async Capable": false, "Scan Direction": "Forward", "Index Name": "idx_posthistory_userid", "Relation Name": "posthistory", "Alias": "ph", "Startup Cost": 0.42, "Total Cost": 0.9, "Plan Rows": 4, "Plan Width": 4, "Actual Rows": 16, "Actual Loops": 70835, "Index Cond": "(userid = b.userid)", "Rows Removed by Index Recheck": 0, "Filter": "((creationdate >= '2011-01-08 03:03:48'::timestamp without time zone) AND (creationdate <= '2014-08-25 14:04:43'::timestamp without time zone) AND (posthistorytypeid = 2))", "Rows Removed by Filter": 40}]}]}, "Planning Time": 1.956, "Triggers": [], "Execution Time": 921.838}, {"Plan": {"Node Type": "Aggregate", "Strategy": "Plain", "Partial Mode": "Simple", "Parallel Aware": false, "Async Capable": false, "Startup Cost": 24055.62, "Total Cost": 24055.63, "Plan Rows": 1, "Plan Width": 8, "Actual Rows": 1, "Actual Loops": 1, "Plans": [{"Node Type": "Nested Loop", "Parent Relationship": "Outer", "Parallel Aware": false, "Async Capable": false, "Join Type": "Inner", "Startup Cost": 1.02, "Total Cost": 19426.37, "Plan Rows": 1851701, "Plan Width": 0, "Actual Rows": 1116000, "Actual Loops": 1, "Inner Unique": false, "Plans": [{"Node Type": "Nested Loop", "Parent Relationship": "Outer", "Parallel Aware": false, "Async Capable": false, "Join Type": "Inner", "Startup Cost": 0.59, "Total Cost": 8991.4, "Plan Rows": 11073, "Plan Width": 12, "Actual Rows": 70835, "Actual Loops": 1, "Inner Unique": false, "Plans": [{"Node Type": "Nested Loop", "Parent Relationship": "Outer", "Parallel Aware": false, "Async Capable": false, "Join Type": "Inner", "Startup Cost": 0.3, "Total Cost": 6458.55, "Plan Rows": 5650, "Plan Width": 8, "Actual Rows": 9739, "Actual Loops": 1, "Inner Unique": true, "Plans": [{"Node Type": "Seq Scan", "Parent Relationship": "Outer", "Parallel Aware": false, "Async Capable": false, "Relation Name": "posts", "Alias": "p", "Startup Cost": 0.0, "Total Cost": 3139.4, "Plan Rows": 5956, "Plan Width": 4, "Actual Rows": 12416, "Actual Loops": 1, "Filter": "((answercount <= 4) AND (commentcount >= 0) AND (commentcount <= 12) AND (favoritecount >= 0) AND (favoritecount <= 89) AND (creationdate <= '2014-09-02 10:21:04'::timestamp without time zone))", "Rows Removed by Filter": 79560}, {"Node Type": "Memoize", "Parent Relationship": "Inner", "Parallel Aware": false, "Async Capable": false, "Startup Cost": 0.3, "Total Cost": 0.6, "Plan Rows": 1, "Plan Width": 4, "Actual Rows": 1, "Actual Loops": 12416, "Cache Key": "p.owneruserid", "Cache Mode": "logical", "Cache Hits": 5872, "Cache Misses": 6544, "Cache Evictions": 0, "Cache Overflows": 0, "Peak Memory Usage": 651, "Plans": [{"Node Type": "Index Scan", "Parent Relationship": "Outer", "Parallel Aware": false, "Async Capable": false, "Scan Direction": "Forward", "Index Name": "users_pkey", "Relation Name": "users", "Alias": "u", "Startup Cost": 0.29, "Total Cost": 0.59, "Plan Rows": 1, "Plan Width": 4, "Actual Rows": 1, "Actual Loops": 6544, "Index Cond": "(id = p.owneruserid)", "Rows Removed by Index Recheck": 0, "Filter": "((reputation <= 705) AND (creationdate >= '2010-07-28 23:56:00'::timestamp without time zone) AND (creationdate <= '2014-09-02 10:04:41'::timestamp without time zone))", "Rows Removed by Filter": 0}]}]}, {"Node Type": "Index Scan", "Parent Relationship": "Inner", "Parallel Aware": false, "Async Capable": false, "Scan Direction": "Forward", "Index Name": "idx_badges_userid", "Relation Name": "badges", "Alias": "b", "Startup Cost": 0.29, "Total Cost": 0.42, "Plan Rows": 3, "Plan Width": 4, "Actual Rows": 7, "Actual Loops": 9739, "Index Cond": "(userid = u.id)", "Rows Removed by Index Recheck": 0, "Filter": "((date >= '2010-07-20 20:47:27'::timestamp without time zone) AND (date <= '2014-09-09 13:24:28'::timestamp without time zone))", "Rows Removed by Filter": 0}]}, {"Node Type": "Index Scan", "Parent Relationship": "Inner", "Parallel Aware": false, "Async Capable": false, "Scan Direction": "Forward", "Index Name": "idx_posthistory_userid", "Relation Name": "posthistory", "Alias": "ph", "Startup Cost": 0.42, "Total Cost": 0.9, "Plan Rows": 4, "Plan Width": 4, "Actual Rows": 16, "Actual Loops": 70835, "Index Cond": "(userid = b.userid)", "Rows Removed by Index Recheck": 0, "Filter": "((creationdate >= '2011-01-08 03:03:48'::timestamp without time zone) AND (creationdate <= '2014-08-25 14:04:43'::timestamp without time zone) AND (posthistorytypeid = 2))", "Rows Removed by Filter": 40}]}]}, "Planning Time": 2.074, "Triggers": [], "Execution Time": 898.578}, {"Plan": {"Node Type": "Aggregate", "Strategy": "Plain", "Partial Mode": "Finalize", "Parallel Aware": false, "Async Capable": false, "Startup Cost": 34912.89, "Total Cost": 34912.9, "Plan Rows": 1, "Plan Width": 8, "Actual Rows": 1, "Actual Loops": 1, "Plans": [{"Node Type": "Gather", "Parent Relationship": "Outer", "Parallel Aware": false, "Async Capable": false, "Startup Cost": 34912.78, "Total Cost": 34912.89, "Plan Rows": 1, "Plan Width": 8, "Actual Rows": 2, "Actual Loops": 1, "Workers Planned": 1, "Workers Launched": 1, "Single Copy": false, "Plans": [{"Node Type": "Aggregate", "Strategy": "Plain", "Partial Mode": "Partial", "Parent Relationship": "Outer", "Parallel Aware": false, "Async Capable": false, "Startup Cost": 33912.78, "Total Cost": 33912.79, "Plan Rows": 1, "Plan Width": 8, "Actual Rows": 1, "Actual Loops": 2, "Workers": [], "Plans": [{"Node Type": "Merge Join", "Parent Relationship": "Outer", "Parallel Aware": false, "Async Capable": false, "Join Type": "Inner", "Startup Cost": 24835.69, "Total Cost": 31189.69, "Plan Rows": 1089236, "Plan Width": 0, "Actual Rows": 558000, "Actual Loops": 2, "Inner Unique": false, "Merge Cond": "(b.userid = p.owneruserid)", "Workers": [], "Plans": [{"Node Type": "Merge Join", "Parent Relationship": "Outer", "Parallel Aware": false, "Async Capable": false, "Join Type": "Inner", "Startup Cost": 21321.29, "Total Cost": 23642.87, "Plan Rows": 88543, "Plan Width": 12, "Actual Rows": 142172, "Actual Loops": 2, "Inner Unique": false, "Merge Cond": "(u.id = b.userid)", "Workers": [], "Plans": [{"Node Type": "Merge Join", "Parent Relationship": "Outer", "Parallel Aware": false, "Async Capable": false, "Join Type": "Inner", "Startup Cost": 13262.59, "Total Cost": 14143.15, "Plan Rows": 45181, "Plan Width": 8, "Actual Rows": 23917, "Actual Loops": 2, "Inner Unique": true, "Merge Cond": "(ph.userid = u.id)", "Workers": [], "Plans": [{"Node Type": "Sort", "Parent Relationship": "Outer", "Parallel Aware": false, "Async Capable": false, "Startup Cost": 9299.36, "Total Cost": 9425.41, "Plan Rows": 50421, "Plan Width": 4, "Actual Rows": 41686, "Actual Loops": 2, "Sort Key": ["ph.userid"], "Sort Method": "quicksort", "Sort Space Used": 1537, "Sort Space Type": "Memory", "Workers": [{"Worker Number": 0, "Sort Method": "quicksort", "Sort Space Used": 769, "Sort Space Type": "Memory"}], "Plans": [{"Node Type": "Seq Scan", "Parent Relationship": "Outer", "Parallel Aware": true, "Async Capable": false, "Relation Name": "posthistory", "Alias": "ph", "Startup Cost": 0.0, "Total Cost": 5361.04, "Plan Rows": 50421, "Plan Width": 4, "Actual Rows": 42160, "Actual Loops": 2, "Filter": "((creationdate >= '2011-01-08 03:03:48'::timestamp without time zone) AND (creationdate <= '2014-08-25 14:04:43'::timestamp without time zone) AND (posthistorytypeid = 2))", "Rows Removed by Filter": 109434, "Workers": []}]}, {"Node Type": "Sort", "Parent Relationship": "Inner", "Parallel Aware": false, "Async Capable": false, "Startup Cost": 3963.23, "Total Cost": 4060.33, "Plan Rows": 38839, "Plan Width": 4, "Actual Rows": 38779, "Actual Loops": 2, "Sort Key": ["u.id"], "Sort Method": "quicksort", "Sort Space Used": 1537, "Sort Space Type": "Memory", "Workers": [{"Worker Number": 0, "Sort Method": "quicksort", "Sort Space Used": 1537, "Sort Space Type": "Memory"}], "Plans": [{"Node Type": "Seq Scan", "Parent Relationship": "Outer", "Parallel Aware": false, "Async Capable": false, "Relation Name": "users", "Alias": "u", "Startup Cost": 0.0, "Total Cost": 1002.69, "Plan Rows": 38839, "Plan Width": 4, "Actual Rows": 38877, "Actual Loops": 2, "Filter": "((reputation <= 705) AND (creationdate >= '2010-07-28 23:56:00'::timestamp without time zone) AND (creationdate <= '2014-09-02 10:04:41'::timestamp without time zone))", "Rows Removed by Filter": 1448, "Workers": []}]}]}, {"Node Type": "Sort", "Parent Relationship": "Inner", "Parallel Aware": false, "Async Capable": false, "Startup Cost": 8058.63, "Total Cost": 8256.2, "Plan Rows": 79027, "Plan Width": 4, "Actual Rows": 183376, "Actual Loops": 2, "Sort Key": ["b.userid"], "Sort Method": "quicksort", "Sort Space Used": 3073, "Sort Space Type": "Memory", "Workers": [{"Worker Number": 0, "Sort Method": "quicksort", "Sort Space Used": 3073, "Sort Space Type": "Memory"}], "Plans": [{"Node Type": "Seq Scan", "Parent Relationship": "Outer", "Parallel Aware": false, "Async Capable": false, "Relation Name": "badges", "Alias": "b", "Startup Cost": 0.0, "Total Cost": 1629.76, "Plan Rows": 79027, "Plan Width": 4, "Actual Rows": 79007, "Actual Loops": 2, "Filter": "((date >= '2010-07-20 20:47:27'::timestamp without time zone) AND (date <= '2014-09-09 13:24:28'::timestamp without time zone))", "Rows Removed by Filter": 844, "Workers": []}]}]}, {"Node Type": "Sort", "Parent Relationship": "Inner", "Parallel Aware": false, "Async Capable": false, "Startup Cost": 3512.85, "Total Cost": 3527.74, "Plan Rows": 5956, "Plan Width": 4, "Actual Rows": 563174, "Actual Loops": 2, "Sort Key": ["p.owneruserid"], "Sort Method": "quicksort", "Sort Space Used": 385, "Sort Space Type": "Memory", "Workers": [{"Worker Number": 0, "Sort Method": "quicksort", "Sort Space Used": 385, "Sort Space Type": "Memory"}], "Plans": [{"Node Type": "Seq Scan", "Parent Relationship": "Outer", "Parallel Aware": false, "Async Capable": false, "Relation Name": "posts", "Alias": "p", "Startup Cost": 0.0, "Total Cost": 3139.4, "Plan Rows": 5956, "Plan Width": 4, "Actual Rows": 12416, "Actual Loops": 2, "Filter": "((answercount <= 4) AND (commentcount >= 0) AND (commentcount <= 12) AND (favoritecount >= 0) AND (favoritecount <= 89) AND (creationdate <= '2014-09-02 10:21:04'::timestamp without time zone))", "Rows Removed by Filter": 79560, "Workers": []}]}]}]}]}]}, "Planning Time": 2.795, "Triggers": [], "Execution Time": 167.519}, {"Plan": {"Node Type": "Aggregate", "Strategy": "Plain", "Partial Mode": "Simple", "Parallel Aware": false, "Async Capable": false, "Startup Cost": 83580.39, "Total Cost": 83580.4, "Plan Rows": 1, "Plan Width": 8, "Actual Rows": 1, "Actual Loops": 1, "Plans": [{"Node Type": "Nested Loop", "Parent Relationship": "Outer", "Parallel Aware": false, "Async Capable": false, "Join Type": "Inner", "Startup Cost": 1.56, "Total Cost": 78951.14, "Plan Rows": 1851701, "Plan Width": 0, "Actual Rows": 1116000, "Actual Loops": 1, "Inner Unique": false, "Join Filter": "(ph.userid = b.userid)", "Rows Removed by Join Filter": 0, "Plans": [{"Node Type": "Nested Loop", "Parent Relationship": "Outer", "Parallel Aware": false, "Async Capable": false, "Join Type": "Inner", "Startup Cost": 0.8, "Total Cost": 51148.43, "Plan Rows": 11073, "Plan Width": 12, "Actual Rows": 70835, "Actual Loops": 1, "Inner Unique": false, "Join Filter": "(u.id = b.userid)", "Rows Removed by Join Filter": 0, "Plans": [{"Node Type": "Nested Loop", "Parent Relationship": "Outer", "Parallel Aware": false, "Async Capable": false, "Join Type": "Inner", "Startup Cost": 0.38, "Total Cost": 26882.57, "Plan Rows": 5650, "Plan Width": 8, "Actual Rows": 9739, "Actual Loops": 1, "Inner Unique": true, "Plans": [{"Node Type": "Seq Scan", "Parent Relationship": "Outer", "Parallel Aware": false, "Async Capable": false, "Relation Name": "posts", "Alias": "p", "Startup Cost": 0.0, "Total Cost": 3139.4, "Plan Rows": 5956, "Plan Width": 4, "Actual Rows": 12416, "Actual Loops": 1, "Filter": "((answercount <= 4) AND (commentcount >= 0) AND (commentcount <= 12) AND (favoritecount >= 0) AND (favoritecount <= 89) AND (creationdate <= '2014-09-02 10:21:04'::timestamp without time zone))", "Rows Removed by Filter": 79560}, {"Node Type": "Memoize", "Parent Relationship": "Inner", "Parallel Aware": false, "Async Capable": false, "Startup Cost": 0.38, "Total Cost": 4.4, "Plan Rows": 1, "Plan Width": 4, "Actual Rows": 1, "Actual Loops": 12416, "Cache Key": "p.owneruserid", "Cache Mode": "logical", "Cache Hits": 5872, "Cache Misses": 6544, "Cache Evictions": 0, "Cache Overflows": 0, "Peak Memory Usage": 651, "Plans": [{"Node Type": "Bitmap Heap Scan", "Parent Relationship": "Outer", "Parallel Aware": false, "Async Capable": false, "Relation Name": "users", "Alias": "u", "Startup Cost": 0.37, "Total Cost": 4.39, "Plan Rows": 1, "Plan Width": 4, "Actual Rows": 1, "Actual Loops": 6544, "Recheck Cond": "(p.owneruserid = id)", "Rows Removed by Index Recheck": 0, "Filter": "((reputation <= 705) AND (creationdate >= '2010-07-28 23:56:00'::timestamp without time zone) AND (creationdate <= '2014-09-02 10:04:41'::timestamp without time zone))", "Rows Removed by Filter": 0, "Exact Heap Blocks": 6543, "Lossy Heap Blocks": 0, "Plans": [{"Node Type": "Bitmap Index Scan", "Parent Relationship": "Outer", "Parallel Aware": false, "Async Capable": false, "Index Name": "users_pkey", "Startup Cost": 0.0, "Total Cost": 0.37, "Plan Rows": 1, "Plan Width": 0, "Actual Rows": 1, "Actual Loops": 6544, "Index Cond": "(id = p.owneruserid)"}]}]}]}, {"Node Type": "Memoize", "Parent Relationship": "Inner", "Parallel Aware": false, "Async Capable": false, "Startup Cost": 0.42, "Total Cost": 4.47, "Plan Rows": 3, "Plan Width": 4, "Actual Rows": 7, "Actual Loops": 9739, "Cache Key": "p.owneruserid", "Cache Mode": "logical", "Cache Hits": 3598, "Cache Misses": 6141, "Cache Evictions": 0, "Cache Overflows": 0, "Peak Memory Usage": 1399, "Plans": [{"Node Type": "Bitmap Heap Scan", "Parent Relationship": "Outer", "Parallel Aware": false, "Async Capable": false, "Relation Name": "badges", "Alias": "b", "Startup Cost": 0.41, "Total Cost": 4.46, "Plan Rows": 3, "Plan Width": 4, "Actual Rows": 5, "Actual Loops": 6141, "Recheck Cond": "(p.owneruserid = userid)", "Rows Removed by Index Recheck": 0, "Filter": "((date >= '2010-07-20 20:47:27'::timestamp without time zone) AND (date <= '2014-09-09 13:24:28'::timestamp without time zone))", "Rows Removed by Filter": 0, "Exact Heap Blocks": 21313, "Lossy Heap Blocks": 0, "Plans": [{"Node Type": "Bitmap Index Scan", "Parent Relationship": "Outer", "Parallel Aware": false, "Async Capable": false, "Index Name": "idx_badges_userid", "Startup Cost": 0.0, "Total Cost": 0.4, "Plan Rows": 3, "Plan Width": 0, "Actual Rows": 5, "Actual Loops": 6141, "Index Cond": "(userid = p.owneruserid)"}]}]}]}, {"Node Type": "Memoize", "Parent Relationship": "Inner", "Parallel Aware": false, "Async Capable": false, "Startup Cost": 0.76, "Total Cost": 5.04, "Plan Rows": 4, "Plan Width": 4, "Actual Rows": 16, "Actual Loops": 70835, "Cache Key": "p.owneruserid", "Cache Mode": "logical", "Cache Hits": 64811, "Cache Misses": 6024, "Cache Evictions": 0, "Cache Overflows": 0, "Peak Memory Usage": 1256, "Plans": [{"Node Type": "Bitmap Heap Scan", "Parent Relationship": "Outer", "Parallel Aware": false, "Async Capable": false, "Relation Name": "posthistory", "Alias": "ph", "Startup Cost": 0.75, "Total Cost": 5.03, "Plan Rows": 4, "Plan Width": 4, "Actual Rows": 4, "Actual Loops": 6024, "Recheck Cond": "(userid = p.owneruserid)", "Rows Removed by Index Recheck": 0, "Filter": "((creationdate >= '2011-01-08 03:03:48'::timestamp without time zone) AND (creationdate <= '2014-08-25 14:04:43'::timestamp without time zone) AND (posthistorytypeid = 2))", "Rows Removed by Filter": 10, "Exact Heap Blocks": 28478, "Lossy Heap Blocks": 0, "Plans": [{"Node Type": "Bitmap Index Scan", "Parent Relationship": "Outer", "Parallel Aware": false, "Async Capable": false, "Index Name": "idx_posthistory_userid", "Startup Cost": 0.0, "Total Cost": 0.75, "Plan Rows": 14, "Plan Width": 0, "Actual Rows": 14, "Actual Loops": 6024, "Index Cond": "(userid = p.owneruserid)"}]}]}]}]}, "Planning Time": 2.106, "Triggers": [], "Execution Time": 363.566}]