[{"Plan": {"Node Type": "Aggregate", "Strategy": "Plain", "Partial Mode": "Finalize", "Parallel Aware": false, "Async Capable": false, "Startup Cost": 1616214.15, "Total Cost": 1616214.16, "Plan Rows": 1, "Plan Width": 8, "Actual Rows": 1, "Actual Loops": 1, "Plans": [{"Node Type": "Gather", "Parent Relationship": "Outer", "Parallel Aware": false, "Async Capable": false, "Startup Cost": 1616214.04, "Total Cost": 1616214.15, "Plan Rows": 1, "Plan Width": 8, "Actual Rows": 2, "Actual Loops": 1, "Workers Planned": 1, "Workers Launched": 1, "Single Copy": false, "Plans": [{"Node Type": "Aggregate", "Strategy": "Plain", "Partial Mode": "Partial", "Parent Relationship": "Outer", "Parallel Aware": false, "Async Capable": false, "Startup Cost": 1615214.04, "Total Cost": 1615214.05, "Plan Rows": 1, "Plan Width": 8, "Actual Rows": 1, "Actual Loops": 2, "Workers": [], "Plans": [{"Node Type": "Hash Join", "Parent Relationship": "Outer", "Parallel Aware": true, "Async Capable": false, "Join Type": "Inner", "Startup Cost": 19036.58, "Total Cost": 42602.15, "Plan Rows": 629044756, "Plan Width": 0, "Actual Rows": 9701284, "Actual Loops": 2, "Inner Unique": false, "Hash Cond": "(c.userid = u.id)", "Workers": [], "Plans": [{"Node Type": "Seq Scan", "Parent Relationship": "Outer", "Parallel Aware": true, "Async Capable": false, "Relation Name": "comments", "Alias": "c", "Startup Cost": 0.0, "Total Cost": 2881.99, "Plan Rows": 101638, "Plan Width": 4, "Actual Rows": 86370, "Actual Loops": 2, "Filter": "((creationdate >= '2010-08-12 20:33:46'::timestamp without time zone) AND (creationdate <= '2014-09-13 19:26:55'::timestamp without time zone))", "Rows Removed by Filter": 782, "Workers": []}, {"Node Type": "Hash", "Parent Relationship": "Inner", "Parallel Aware": true, "Async Capable": false, "Startup Cost": 9887.62, "Total Cost": 9887.62, "Plan Rows": 731917, "Plan Width": 12, "Actual Rows": 212799, "Actual Loops": 2, "Hash Buckets": 2097152, "Original Hash Buckets": 2097152, "Hash Batches": 1, "Original Hash Batches": 1, "Peak Memory Usage": 36384, "Workers": [], "Plans": [{"Node Type": "Hash Join", "Parent Relationship": "Outer", "Parallel Aware": true, "Async Capable": false, "Join Type": "Inner", "Startup Cost": 3645.31, "Total Cost": 9887.62, "Plan Rows": 731917, "Plan Width": 12, "Actual Rows": 212799, "Actual Loops": 2, "Inner Unique": false, "Hash Cond": "(ph.userid = u.id)", "Workers": [], "Plans": [{"Node Type": "Seq Scan", "Parent Relationship": "Outer", "Parallel Aware": true, "Async Capable": false, "Relation Name": "posthistory", "Alias": "ph", "Startup Cost": 0.0, "Total Cost": 4915.18, "Plan Rows": 159078, "Plan Width": 4, "Actual Rows": 135190, "Actual Loops": 2, "Filter": "((creationdate >= '2011-04-11 14:46:09'::timestamp without time zone) AND (creationdate <= '2014-08-17 16:37:23'::timestamp without time zone))", "Rows Removed by Filter": 16404, "Workers": []}, {"Node Type": "Hash", "Parent Relationship": "Inner", "Parallel Aware": true, "Async Capable": false, "Startup Cost": 3396.48, "Total Cost": 3396.48, "Plan Rows": 19906, "Plan Width": 8, "Actual Rows": 10004, "Actual Loops": 2, "Hash Buckets": 65536, "Original Hash Buckets": 65536, "Hash Batches": 1, "Original Hash Batches": 1, "Peak Memory Usage": 1344, "Workers": [], "Plans": [{"Node Type": "Merge Join", "Parent Relationship": "Outer", "Parallel Aware": false, "Async Capable": false, "Join Type": "Inner", "Startup Cost": 0.71, "Total Cost": 3396.48, "Plan Rows": 19906, "Plan Width": 8, "Actual Rows": 10004, "Actual Loops": 2, "Inner Unique": true, "Merge Cond": "(v.userid = u.id)", "Workers": [], "Plans": [{"Node Type": "Index Scan", "Parent Relationship": "Outer", "Parallel Aware": true, "Async Capable": false, "Scan Direction": "Forward", "Index Name": "idx_votes_userid", "Relation Name": "votes", "Alias": "v", "Startup Cost": 0.42, "Total Cost": 11216.36, "Plan Rows": 191849, "Plan Width": 4, "Actual Rows": 17318, "Actual Loops": 2, "Filter": "((creationdate >= '2010-07-26 00:00:00'::timestamp without time zone) AND (creationdate <= '2014-09-12 00:00:00'::timestamp without time zone))", "Rows Removed by Filter": 830, "Workers": []}, {"Node Type": "Index Scan", "Parent Relationship": "Inner", "Parallel Aware": false, "Async Capable": false, "Scan Direction": "Forward", "Index Name": "users_pkey", "Relation Name": "users", "Alias": "u", "Startup Cost": 0.29, "Total Cost": 1861.23, "Plan Rows": 39564, "Plan Width": 4, "Actual Rows": 38436, "Actual Loops": 2, "Filter": "((views >= 0) AND (views <= 783) AND (downvotes >= 0) AND (downvotes <= 1) AND (upvotes <= 123))", "Rows Removed by Filter": 518, "Workers": []}]}]}]}]}]}]}]}]}, "Planning Time": 4.008, "Triggers": [], "Execution Time": 974.825}, {"Plan": {"Node Type": "Aggregate", "Strategy": "Plain", "Partial Mode": "Simple", "Parallel Aware": false, "Async Capable": false, "Startup Cost": 40002822153.54, "Total Cost": 40002822153.55, "Plan Rows": 1, "Plan Width": 8, "Actual Rows": 1, "Actual Loops": 1, "Plans": [{"Node Type": "Hash Join", "Parent Relationship": "Outer", "Parallel Aware": false, "Async Capable": false, "Join Type": "Inner", "Startup Cost": 40000080459.19, "Total Cost": 40000148713.33, "Plan Rows": 1069376086, "Plan Width": 0, "Actual Rows": 19402569, "Actual Loops": 1, "Inner Unique": false, "Hash Cond": "(c.userid = u.id)", "Plans": [{"Node Type": "Index Scan", "Parent Relationship": "Outer", "Parallel Aware": false, "Async Capable": false, "Scan Direction": "Forward", "Index Name": "idx_comments_userid", "Relation Name": "comments", "Alias": "c", "Startup Cost": 10000000000.3, "Total Cost": 10000008694.72, "Plan Rows": 172785, "Plan Width": 4, "Actual Rows": 172741, "Actual Loops": 1, "Filter": "((creationdate >= '2010-08-12 20:33:46'::timestamp without time zone) AND (creationdate <= '2014-09-13 19:26:55'::timestamp without time zone))", "Rows Removed by Filter": 1564}, {"Node Type": "Hash", "Parent Relationship": "Inner", "Parallel Aware": false, "Async Capable": false, "Startup Cost": 30000064905.65, "Total Cost": 30000064905.65, "Plan Rows": 1244259, "Plan Width": 12, "Actual Rows": 425598, "Actual Loops": 1, "Hash Buckets": 2097152, "Original Hash Buckets": 2097152, "Hash Batches": 1, "Original Hash Batches": 1, "Peak Memory Usage": 34672, "Plans": [{"Node Type": "Nested Loop", "Parent Relationship": "Outer", "Parallel Aware": false, "Async Capable": false, "Join Type": "Inner", "Startup Cost": 30000000001.28, "Total Cost": 30000064905.65, "Plan Rows": 1244259, "Plan Width": 12, "Actual Rows": 425598, "Actual Loops": 1, "Inner Unique": false, "Join Filter": "(ph.userid = u.id)", "Rows Removed by Join Filter": 0, "Plans": [{"Node Type": "Nested Loop", "Parent Relationship": "Outer", "Parallel Aware": false, "Async Capable": false, "Join Type": "Inner", "Startup Cost": 20000000000.73, "Total Cost": 20000038727.22, "Plan Rows": 33840, "Plan Width": 8, "Actual Rows": 20007, "Actual Loops": 1, "Inner Unique": true, "Plans": [{"Node Type": "Index Scan", "Parent Relationship": "Outer", "Parallel Aware": false, "Async Capable": false, "Scan Direction": "Forward", "Index Name": "idx_votes_userid", "Relation Name": "votes", "Alias": "v", "Startup Cost": 10000000000.42, "Total Cost": 10000013242.63, "Plan Rows": 326143, "Plan Width": 4, "Actual Rows": 326162, "Actual Loops": 1, "Filter": "((creationdate >= '2010-07-26 00:00:00'::timestamp without time zone) AND (creationdate <= '2014-09-12 00:00:00'::timestamp without time zone))", "Rows Removed by Filter": 1902}, {"Node Type": "Memoize", "Parent Relationship": "Inner", "Parallel Aware": false, "Async Capable": false, "Startup Cost": 0.31, "Total Cost": 4.33, "Plan Rows": 1, "Plan Width": 4, "Actual Rows": 0, "Actual Loops": 326162, "Cache Key": "v.userid", "Cache Mode": "logical", "Cache Hits": 320633, "Cache Misses": 5529, "Cache Evictions": 0, "Cache Overflows": 0, "Peak Memory Usage": 547, "Plans": [{"Node Type": "Bitmap Heap Scan", "Parent Relationship": "Outer", "Parallel Aware": false, "Async Capable": false, "Relation Name": "users", "Alias": "u", "Startup Cost": 0.3, "Total Cost": 4.32, "Plan Rows": 1, "Plan Width": 4, "Actual Rows": 1, "Actual Loops": 5529, "Recheck Cond": "(v.userid = id)", "Rows Removed by Index Recheck": 0, "Filter": "((views >= 0) AND (views <= 783) AND (downvotes >= 0) AND (downvotes <= 1) AND (upvotes <= 123))", "Rows Removed by Filter": 0, "Exact Heap Blocks": 5528, "Lossy Heap Blocks": 0, "Plans": [{"Node Type": "Bitmap Index Scan", "Parent Relationship": "Outer", "Parallel Aware": false, "Async Capable": false, "Index Name": "users_pkey", "Startup Cost": 0.0, "Total Cost": 0.3, "Plan Rows": 1, "Plan Width": 0, "Actual Rows": 1, "Actual Loops": 5529, "Index Cond": "(id = v.userid)"}]}]}]}, {"Node Type": "Memoize", "Parent Relationship": "Inner", "Parallel Aware": false, "Async Capable": false, "Startup Cost": 0.54, "Total Cost": 4.79, "Plan Rows": 13, "Plan Width": 4, "Actual Rows": 21, "Actual Loops": 20007, "Cache Key": "v.userid", "Cache Mode": "logical", "Cache Hits": 14911, "Cache Misses": 5096, "Cache Evictions": 0, "Cache Overflows": 0, "Peak Memory Usage": 2037, "Plans": [{"Node Type": "Bitmap Heap Scan", "Parent Relationship": "Outer", "Parallel Aware": false, "Async Capable": false, "Relation Name": "posthistory", "Alias": "ph", "Startup Cost": 0.53, "Total Cost": 4.78, "Plan Rows": 13, "Plan Width": 4, "Actual Rows": 9, "Actual Loops": 5096, "Recheck Cond": "(userid = v.userid)", "Rows Removed by Index Recheck": 0, "Filter": "((creationdate >= '2011-04-11 14:46:09'::timestamp without time zone) AND (creationdate <= '2014-08-17 16:37:23'::timestamp without time zone))", "Rows Removed by Filter": 1, "Exact Heap Blocks": 19864, "Lossy Heap Blocks": 0, "Plans": [{"Node Type": "Bitmap Index Scan", "Parent Relationship": "Outer", "Parallel Aware": false, "Async Capable": false, "Index Name": "idx_posthistory_userid", "Startup Cost": 0.0, "Total Cost": 0.53, "Plan Rows": 14, "Plan Width": 0, "Actual Rows": 10, "Actual Loops": 5096, "Index Cond": "(userid = v.userid)"}]}]}]}]}]}]}, "Planning Time": 2.718, "Triggers": [], "Execution Time": 1790.266}, {"Plan": {"Node Type": "Aggregate", "Strategy": "Plain", "Partial Mode": "Finalize", "Parallel Aware": false, "Async Capable": false, "Startup Cost": 1638449.72, "Total Cost": 1638449.73, "Plan Rows": 1, "Plan Width": 8, "Actual Rows": 1, "Actual Loops": 1, "Plans": [{"Node Type": "Gather", "Parent Relationship": "Outer", "Parallel Aware": false, "Async Capable": false, "Startup Cost": 1638449.61, "Total Cost": 1638449.72, "Plan Rows": 1, "Plan Width": 8, "Actual Rows": 2, "Actual Loops": 1, "Workers Planned": 1, "Workers Launched": 1, "Single Copy": false, "Plans": [{"Node Type": "Aggregate", "Strategy": "Plain", "Partial Mode": "Partial", "Parent Relationship": "Outer", "Parallel Aware": false, "Async Capable": false, "Startup Cost": 1637449.61, "Total Cost": 1637449.62, "Plan Rows": 1, "Plan Width": 8, "Actual Rows": 1, "Actual Loops": 2, "Workers": [], "Plans": [{"Node Type": "Hash Join", "Parent Relationship": "Outer", "Parallel Aware": true, "Async Capable": false, "Join Type": "Inner", "Startup Cost": 36536.3, "Total Cost": 64837.72, "Plan Rows": 629044756, "Plan Width": 0, "Actual Rows": 9701284, "Actual Loops": 2, "Inner Unique": false, "Hash Cond": "(c.userid = u.id)", "Workers": [], "Plans": [{"Node Type": "Index Scan", "Parent Relationship": "Outer", "Parallel Aware": true, "Async Capable": false, "Scan Direction": "Forward", "Index Name": "idx_comments_userid", "Relation Name": "comments", "Alias": "c", "Startup Cost": 0.29, "Total Cost": 7618.14, "Plan Rows": 101638, "Plan Width": 4, "Actual Rows": 86370, "Actual Loops": 2, "Filter": "((creationdate >= '2010-08-12 20:33:46'::timestamp without time zone) AND (creationdate <= '2014-09-13 19:26:55'::timestamp without time zone))", "Rows Removed by Filter": 782, "Workers": []}, {"Node Type": "Hash", "Parent Relationship": "Inner", "Parallel Aware": true, "Async Capable": false, "Startup Cost": 27387.04, "Total Cost": 27387.04, "Plan Rows": 731917, "Plan Width": 12, "Actual Rows": 212799, "Actual Loops": 2, "Hash Buckets": 2097152, "Original Hash Buckets": 2097152, "Hash Batches": 1, "Original Hash Batches": 1, "Peak Memory Usage": 36384, "Workers": [], "Plans": [{"Node Type": "Hash Join", "Parent Relationship": "Outer", "Parallel Aware": true, "Async Capable": false, "Join Type": "Inner", "Startup Cost": 14325.0, "Total Cost": 27387.04, "Plan Rows": 731917, "Plan Width": 12, "Actual Rows": 212799, "Actual Loops": 2, "Inner Unique": false, "Hash Cond": "(ph.userid = u.id)", "Workers": [], "Plans": [{"Node Type": "Index Scan", "Parent Relationship": "Outer", "Parallel Aware": true, "Async Capable": false, "Scan Direction": "Forward", "Index Name": "idx_posthistory_userid", "Relation Name": "posthistory", "Alias": "ph", "Startup Cost": 0.42, "Total Cost": 11735.34, "Plan Rows": 159078, "Plan Width": 4, "Actual Rows": 135190, "Actual Loops": 2, "Filter": "((creationdate >= '2011-04-11 14:46:09'::timestamp without time zone) AND (creationdate <= '2014-08-17 16:37:23'::timestamp without time zone))", "Rows Removed by Filter": 16404, "Workers": []}, {"Node Type": "Hash", "Parent Relationship": "Inner", "Parallel Aware": true, "Async Capable": false, "Startup Cost": 14075.75, "Total Cost": 14075.75, "Plan Rows": 19906, "Plan Width": 8, "Actual Rows": 10004, "Actual Loops": 2, "Hash Buckets": 65536, "Original Hash Buckets": 65536, "Hash Batches": 1, "Original Hash Batches": 1, "Peak Memory Usage": 1344, "Workers": [], "Plans": [{"Node Type": "Hash Join", "Parent Relationship": "Outer", "Parallel Aware": false, "Async Capable": false, "Join Type": "Inner", "Startup Cost": 2356.2, "Total Cost": 14075.75, "Plan Rows": 19906, "Plan Width": 8, "Actual Rows": 10004, "Actual Loops": 2, "Inner Unique": true, "Hash Cond": "(v.userid = u.id)", "Workers": [], "Plans": [{"Node Type": "Index Scan", "Parent Relationship": "Outer", "Parallel Aware": true, "Async Capable": false, "Scan Direction": "Forward", "Index Name": "idx_votes_userid", "Relation Name": "votes", "Alias": "v", "Startup Cost": 0.42, "Total Cost": 11216.36, "Plan Rows": 191849, "Plan Width": 4, "Actual Rows": 163081, "Actual Loops": 2, "Filter": "((creationdate >= '2010-07-26 00:00:00'::timestamp without time zone) AND (creationdate <= '2014-09-12 00:00:00'::timestamp without time zone))", "Rows Removed by Filter": 951, "Workers": []}, {"Node Type": "Hash", "Parent Relationship": "Inner", "Parallel Aware": false, "Async Capable": false, "Startup Cost": 1861.23, "Total Cost": 1861.23, "Plan Rows": 39564, "Plan Width": 4, "Actual Rows": 39806, "Actual Loops": 2, "Hash Buckets": 65536, "Original Hash Buckets": 65536, "Hash Batches": 1, "Original Hash Batches": 1, "Peak Memory Usage": 1912, "Workers": [], "Plans": [{"Node Type": "Index Scan", "Parent Relationship": "Outer", "Parallel Aware": false, "Async Capable": false, "Scan Direction": "Forward", "Index Name": "users_pkey", "Relation Name": "users", "Alias": "u", "Startup Cost": 0.29, "Total Cost": 1861.23, "Plan Rows": 39564, "Plan Width": 4, "Actual Rows": 39806, "Actual Loops": 2, "Filter": "((views >= 0) AND (views <= 783) AND (downvotes >= 0) AND (downvotes <= 1) AND (upvotes <= 123))", "Rows Removed by Filter": 519, "Workers": []}]}]}]}]}]}]}]}]}]}, "Planning Time": 3.348, "Triggers": [], "Execution Time": 1070.517}, {"Plan": {"Node Type": "Aggregate", "Strategy": "Plain", "Partial Mode": "Finalize", "Parallel Aware": false, "Async Capable": false, "Startup Cost": 1627770.46, "Total Cost": 1627770.47, "Plan Rows": 1, "Plan Width": 8, "Actual Rows": 1, "Actual Loops": 1, "Plans": [{"Node Type": "Gather", "Parent Relationship": "Outer", "Parallel Aware": false, "Async Capable": false, "Startup Cost": 1627770.35, "Total Cost": 1627770.46, "Plan Rows": 1, "Plan Width": 8, "Actual Rows": 2, "Actual Loops": 1, "Workers Planned": 1, "Workers Launched": 1, "Single Copy": false, "Plans": [{"Node Type": "Aggregate", "Strategy": "Plain", "Partial Mode": "Partial", "Parent Relationship": "Outer", "Parallel Aware": false, "Async Capable": false, "Startup Cost": 1626770.35, "Total Cost": 1626770.36, "Plan Rows": 1, "Plan Width": 8, "Actual Rows": 1, "Actual Loops": 2, "Workers": [], "Plans": [{"Node Type": "Hash Join", "Parent Relationship": "Outer", "Parallel Aware": true, "Async Capable": false, "Join Type": "Inner", "Startup Cost": 25857.04, "Total Cost": 54158.46, "Plan Rows": 629044756, "Plan Width": 0, "Actual Rows": 9701284, "Actual Loops": 2, "Inner Unique": false, "Hash Cond": "(c.userid = u.id)", "Workers": [], "Plans": [{"Node Type": "Index Scan", "Parent Relationship": "Outer", "Parallel Aware": true, "Async Capable": false, "Scan Direction": "Forward", "Index Name": "idx_comments_userid", "Relation Name": "comments", "Alias": "c", "Startup Cost": 0.29, "Total Cost": 7618.14, "Plan Rows": 101638, "Plan Width": 4, "Actual Rows": 86370, "Actual Loops": 2, "Filter": "((creationdate >= '2010-08-12 20:33:46'::timestamp without time zone) AND (creationdate <= '2014-09-13 19:26:55'::timestamp without time zone))", "Rows Removed by Filter": 782, "Workers": []}, {"Node Type": "Hash", "Parent Relationship": "Inner", "Parallel Aware": true, "Async Capable": false, "Startup Cost": 16707.78, "Total Cost": 16707.78, "Plan Rows": 731917, "Plan Width": 12, "Actual Rows": 212799, "Actual Loops": 2, "Hash Buckets": 2097152, "Original Hash Buckets": 2097152, "Hash Batches": 1, "Original Hash Batches": 1, "Peak Memory Usage": 36384, "Workers": [], "Plans": [{"Node Type": "Hash Join", "Parent Relationship": "Outer", "Parallel Aware": true, "Async Capable": false, "Join Type": "Inner", "Startup Cost": 3645.73, "Total Cost": 16707.78, "Plan Rows": 731917, "Plan Width": 12, "Actual Rows": 212799, "Actual Loops": 2, "Inner Unique": false, "Hash Cond": "(ph.userid = u.id)", "Workers": [], "Plans": [{"Node Type": "Index Scan", "Parent Relationship": "Outer", "Parallel Aware": true, "Async Capable": false, "Scan Direction": "Forward", "Index Name": "idx_posthistory_userid", "Relation Name": "posthistory", "Alias": "ph", "Startup Cost": 0.42, "Total Cost": 11735.34, "Plan Rows": 159078, "Plan Width": 4, "Actual Rows": 135190, "Actual Loops": 2, "Filter": "((creationdate >= '2011-04-11 14:46:09'::timestamp without time zone) AND (creationdate <= '2014-08-17 16:37:23'::timestamp without time zone))", "Rows Removed by Filter": 16404, "Workers": []}, {"Node Type": "Hash", "Parent Relationship": "Inner", "Parallel Aware": true, "Async Capable": false, "Startup Cost": 3396.48, "Total Cost": 3396.48, "Plan Rows": 19906, "Plan Width": 8, "Actual Rows": 10004, "Actual Loops": 2, "Hash Buckets": 65536, "Original Hash Buckets": 65536, "Hash Batches": 1, "Original Hash Batches": 1, "Peak Memory Usage": 1312, "Workers": [], "Plans": [{"Node Type": "Merge Join", "Parent Relationship": "Outer", "Parallel Aware": false, "Async Capable": false, "Join Type": "Inner", "Startup Cost": 0.71, "Total Cost": 3396.48, "Plan Rows": 19906, "Plan Width": 8, "Actual Rows": 10004, "Actual Loops": 2, "Inner Unique": true, "Merge Cond": "(v.userid = u.id)", "Workers": [], "Plans": [{"Node Type": "Index Scan", "Parent Relationship": "Outer", "Parallel Aware": true, "Async Capable": false, "Scan Direction": "Forward", "Index Name": "idx_votes_userid", "Relation Name": "votes", "Alias": "v", "Startup Cost": 0.42, "Total Cost": 11216.36, "Plan Rows": 191849, "Plan Width": 4, "Actual Rows": 17318, "Actual Loops": 2, "Filter": "((creationdate >= '2010-07-26 00:00:00'::timestamp without time zone) AND (creationdate <= '2014-09-12 00:00:00'::timestamp without time zone))", "Rows Removed by Filter": 830, "Workers": []}, {"Node Type": "Index Scan", "Parent Relationship": "Inner", "Parallel Aware": false, "Async Capable": false, "Scan Direction": "Forward", "Index Name": "users_pkey", "Relation Name": "users", "Alias": "u", "Startup Cost": 0.29, "Total Cost": 1861.23, "Plan Rows": 39564, "Plan Width": 4, "Actual Rows": 38436, "Actual Loops": 2, "Filter": "((views >= 0) AND (views <= 783) AND (downvotes >= 0) AND (downvotes <= 1) AND (upvotes <= 123))", "Rows Removed by Filter": 518, "Workers": []}]}]}]}]}]}]}]}]}, "Planning Time": 3.635, "Triggers": [], "Execution Time": 1037.19}, {"Plan": {"Node Type": "Aggregate", "Strategy": "Plain", "Partial Mode": "Finalize", "Parallel Aware": false, "Async Capable": false, "Startup Cost": 1621671.5, "Total Cost": 1621671.51, "Plan Rows": 1, "Plan Width": 8, "Actual Rows": 1, "Actual Loops": 1, "Plans": [{"Node Type": "Gather", "Parent Relationship": "Outer", "Parallel Aware": false, "Async Capable": false, "Startup Cost": 1621671.39, "Total Cost": 1621671.5, "Plan Rows": 1, "Plan Width": 8, "Actual Rows": 2, "Actual Loops": 1, "Workers Planned": 1, "Workers Launched": 1, "Single Copy": false, "Plans": [{"Node Type": "Aggregate", "Strategy": "Plain", "Partial Mode": "Partial", "Parent Relationship": "Outer", "Parallel Aware": false, "Async Capable": false, "Startup Cost": 1620671.39, "Total Cost": 1620671.4, "Plan Rows": 1, "Plan Width": 8, "Actual Rows": 1, "Actual Loops": 2, "Workers": [], "Plans": [{"Node Type": "Hash Join", "Parent Relationship": "Outer", "Parallel Aware": true, "Async Capable": false, "Join Type": "Inner", "Startup Cost": 19758.08, "Total Cost": 48059.5, "Plan Rows": 629044756, "Plan Width": 0, "Actual Rows": 9701284, "Actual Loops": 2, "Inner Unique": false, "Hash Cond": "(c.userid = u.id)", "Workers": [], "Plans": [{"Node Type": "Index Scan", "Parent Relationship": "Outer", "Parallel Aware": true, "Async Capable": false, "Scan Direction": "Forward", "Index Name": "idx_comments_userid", "Relation Name": "comments", "Alias": "c", "Startup Cost": 0.29, "Total Cost": 7618.14, "Plan Rows": 101638, "Plan Width": 4, "Actual Rows": 86370, "Actual Loops": 2, "Filter": "((creationdate >= '2010-08-12 20:33:46'::timestamp without time zone) AND (creationdate <= '2014-09-13 19:26:55'::timestamp without time zone))", "Rows Removed by Filter": 782, "Workers": []}, {"Node Type": "Hash", "Parent Relationship": "Inner", "Parallel Aware": true, "Async Capable": false, "Startup Cost": 10608.82, "Total Cost": 10608.82, "Plan Rows": 731917, "Plan Width": 12, "Actual Rows": 212799, "Actual Loops": 2, "Hash Buckets": 2097152, "Original Hash Buckets": 2097152, "Hash Batches": 1, "Original Hash Batches": 1, "Peak Memory Usage": 36384, "Workers": [], "Plans": [{"Node Type": "Nested Loop", "Parent Relationship": "Outer", "Parallel Aware": false, "Async Capable": false, "Join Type": "Inner", "Startup Cost": 1.15, "Total Cost": 10608.82, "Plan Rows": 731917, "Plan Width": 12, "Actual Rows": 212799, "Actual Loops": 2, "Inner Unique": false, "Join Filter": "(ph.userid = u.id)", "Rows Removed by Join Filter": 0, "Workers": [], "Plans": [{"Node Type": "Merge Join", "Parent Relationship": "Outer", "Parallel Aware": false, "Async Capable": false, "Join Type": "Inner", "Startup Cost": 0.71, "Total Cost": 3396.48, "Plan Rows": 19906, "Plan Width": 8, "Actual Rows": 10004, "Actual Loops": 2, "Inner Unique": true, "Merge Cond": "(v.userid = u.id)", "Workers": [], "Plans": [{"Node Type": "Index Scan", "Parent Relationship": "Outer", "Parallel Aware": true, "Async Capable": false, "Scan Direction": "Forward", "Index Name": "idx_votes_userid", "Relation Name": "votes", "Alias": "v", "Startup Cost": 0.42, "Total Cost": 11216.36, "Plan Rows": 191849, "Plan Width": 4, "Actual Rows": 17318, "Actual Loops": 2, "Filter": "((creationdate >= '2010-07-26 00:00:00'::timestamp without time zone) AND (creationdate <= '2014-09-12 00:00:00'::timestamp without time zone))", "Rows Removed by Filter": 830, "Workers": []}, {"Node Type": "Index Scan", "Parent Relationship": "Inner", "Parallel Aware": false, "Async Capable": false, "Scan Direction": "Forward", "Index Name": "users_pkey", "Relation Name": "users", "Alias": "u", "Startup Cost": 0.29, "Total Cost": 1861.23, "Plan Rows": 39564, "Plan Width": 4, "Actual Rows": 38436, "Actual Loops": 2, "Filter": "((views >= 0) AND (views <= 783) AND (downvotes >= 0) AND (downvotes <= 1) AND (upvotes <= 123))", "Rows Removed by Filter": 518, "Workers": []}]}, {"Node Type": "Memoize", "Parent Relationship": "Inner", "Parallel Aware": false, "Async Capable": false, "Startup Cost": 0.43, "Total Cost": 0.78, "Plan Rows": 13, "Plan Width": 4, "Actual Rows": 21, "Actual Loops": 20007, "Cache Key": "v.userid", "Cache Mode": "logical", "Cache Hits": 7784, "Cache Misses": 2683, "Cache Evictions": 0, "Cache Overflows": 0, "Peak Memory Usage": 1136, "Workers": [{"Worker Number": 0, "Cache Hits": 7125, "Cache Misses": 2415, "Cache Evictions": 0, "Cache Overflows": 0, "Peak Memory Usage": 906}], "Plans": [{"Node Type": "Index Scan", "Parent Relationship": "Outer", "Parallel Aware": false, "Async Capable": false, "Scan Direction": "Forward", "Index Name": "idx_posthistory_userid", "Relation Name": "posthistory", "Alias": "ph", "Startup Cost": 0.42, "Total Cost": 0.77, "Plan Rows": 13, "Plan Width": 4, "Actual Rows": 9, "Actual Loops": 5098, "Index Cond": "(userid = v.userid)", "Rows Removed by Index Recheck": 0, "Filter": "((creationdate >= '2011-04-11 14:46:09'::timestamp without time zone) AND (creationdate <= '2014-08-17 16:37:23'::timestamp without time zone))", "Rows Removed by Filter": 1, "Workers": []}]}]}]}]}]}]}]}, "Planning Time": 4.818, "Triggers": [], "Execution Time": 931.203}, {"Plan": {"Node Type": "Aggregate", "Strategy": "Plain", "Partial Mode": "Finalize", "Parallel Aware": false, "Async Capable": false, "Startup Cost": 1632350.77, "Total Cost": 1632350.78, "Plan Rows": 1, "Plan Width": 8, "Actual Rows": 1, "Actual Loops": 1, "Plans": [{"Node Type": "Gather", "Parent Relationship": "Outer", "Parallel Aware": false, "Async Capable": false, "Startup Cost": 1632350.66, "Total Cost": 1632350.77, "Plan Rows": 1, "Plan Width": 8, "Actual Rows": 2, "Actual Loops": 1, "Workers Planned": 1, "Workers Launched": 1, "Single Copy": false, "Plans": [{"Node Type": "Aggregate", "Strategy": "Plain", "Partial Mode": "Partial", "Parent Relationship": "Outer", "Parallel Aware": false, "Async Capable": false, "Startup Cost": 1631350.66, "Total Cost": 1631350.67, "Plan Rows": 1, "Plan Width": 8, "Actual Rows": 1, "Actual Loops": 2, "Workers": [], "Plans": [{"Node Type": "Hash Join", "Parent Relationship": "Outer", "Parallel Aware": true, "Async Capable": false, "Join Type": "Inner", "Startup Cost": 30437.35, "Total Cost": 58738.77, "Plan Rows": 629044756, "Plan Width": 0, "Actual Rows": 9701284, "Actual Loops": 2, "Inner Unique": false, "Hash Cond": "(c.userid = u.id)", "Workers": [], "Plans": [{"Node Type": "Index Scan", "Parent Relationship": "Outer", "Parallel Aware": true, "Async Capable": false, "Scan Direction": "Forward", "Index Name": "idx_comments_userid", "Relation Name": "comments", "Alias": "c", "Startup Cost": 0.29, "Total Cost": 7618.14, "Plan Rows": 101638, "Plan Width": 4, "Actual Rows": 86370, "Actual Loops": 2, "Filter": "((creationdate >= '2010-08-12 20:33:46'::timestamp without time zone) AND (creationdate <= '2014-09-13 19:26:55'::timestamp without time zone))", "Rows Removed by Filter": 782, "Workers": []}, {"Node Type": "Hash", "Parent Relationship": "Inner", "Parallel Aware": true, "Async Capable": false, "Startup Cost": 21288.09, "Total Cost": 21288.09, "Plan Rows": 731917, "Plan Width": 12, "Actual Rows": 212799, "Actual Loops": 2, "Hash Buckets": 2097152, "Original Hash Buckets": 2097152, "Hash Batches": 1, "Original Hash Batches": 1, "Peak Memory Usage": 36384, "Workers": [], "Plans": [{"Node Type": "Nested Loop", "Parent Relationship": "Outer", "Parallel Aware": false, "Async Capable": false, "Join Type": "Inner", "Startup Cost": 2356.63, "Total Cost": 21288.09, "Plan Rows": 731917, "Plan Width": 12, "Actual Rows": 212799, "Actual Loops": 2, "Inner Unique": false, "Join Filter": "(ph.userid = u.id)", "Rows Removed by Join Filter": 0, "Workers": [], "Plans": [{"Node Type": "Hash Join", "Parent Relationship": "Outer", "Parallel Aware": false, "Async Capable": false, "Join Type": "Inner", "Startup Cost": 2356.2, "Total Cost": 14075.75, "Plan Rows": 19906, "Plan Width": 8, "Actual Rows": 10004, "Actual Loops": 2, "Inner Unique": true, "Hash Cond": "(v.userid = u.id)", "Workers": [], "Plans": [{"Node Type": "Index Scan", "Parent Relationship": "Outer", "Parallel Aware": true, "Async Capable": false, "Scan Direction": "Forward", "Index Name": "idx_votes_userid", "Relation Name": "votes", "Alias": "v", "Startup Cost": 0.42, "Total Cost": 11216.36, "Plan Rows": 191849, "Plan Width": 4, "Actual Rows": 163081, "Actual Loops": 2, "Filter": "((creationdate >= '2010-07-26 00:00:00'::timestamp without time zone) AND (creationdate <= '2014-09-12 00:00:00'::timestamp without time zone))", "Rows Removed by Filter": 951, "Workers": []}, {"Node Type": "Hash", "Parent Relationship": "Inner", "Parallel Aware": false, "Async Capable": false, "Startup Cost": 1861.23, "Total Cost": 1861.23, "Plan Rows": 39564, "Plan Width": 4, "Actual Rows": 39806, "Actual Loops": 2, "Hash Buckets": 65536, "Original Hash Buckets": 65536, "Hash Batches": 1, "Original Hash Batches": 1, "Peak Memory Usage": 1912, "Workers": [], "Plans": [{"Node Type": "Index Scan", "Parent Relationship": "Outer", "Parallel Aware": false, "Async Capable": false, "Scan Direction": "Forward", "Index Name": "users_pkey", "Relation Name": "users", "Alias": "u", "Startup Cost": 0.29, "Total Cost": 1861.23, "Plan Rows": 39564, "Plan Width": 4, "Actual Rows": 39806, "Actual Loops": 2, "Filter": "((views >= 0) AND (views <= 783) AND (downvotes >= 0) AND (downvotes <= 1) AND (upvotes <= 123))", "Rows Removed by Filter": 519, "Workers": []}]}]}, {"Node Type": "Memoize", "Parent Relationship": "Inner", "Parallel Aware": false, "Async Capable": false, "Startup Cost": 0.43, "Total Cost": 0.78, "Plan Rows": 13, "Plan Width": 4, "Actual Rows": 21, "Actual Loops": 20007, "Cache Key": "v.userid", "Cache Mode": "logical", "Cache Hits": 7685, "Cache Misses": 2557, "Cache Evictions": 0, "Cache Overflows": 0, "Peak Memory Usage": 1080, "Workers": [{"Worker Number": 0, "Cache Hits": 7224, "Cache Misses": 2541, "Cache Evictions": 0, "Cache Overflows": 0, "Peak Memory Usage": 962}], "Plans": [{"Node Type": "Index Scan", "Parent Relationship": "Outer", "Parallel Aware": false, "Async Capable": false, "Scan Direction": "Forward", "Index Name": "idx_posthistory_userid", "Relation Name": "posthistory", "Alias": "ph", "Startup Cost": 0.42, "Total Cost": 0.77, "Plan Rows": 13, "Plan Width": 4, "Actual Rows": 9, "Actual Loops": 5098, "Index Cond": "(userid = v.userid)", "Rows Removed by Index Recheck": 0, "Filter": "((creationdate >= '2011-04-11 14:46:09'::timestamp without time zone) AND (creationdate <= '2014-08-17 16:37:23'::timestamp without time zone))", "Rows Removed by Filter": 1, "Workers": []}]}]}]}]}]}]}]}, "Planning Time": 5.125, "Triggers": [], "Execution Time": 989.143}, {"Plan": {"Node Type": "Aggregate", "Strategy": "Plain", "Partial Mode": "Finalize", "Parallel Aware": false, "Async Capable": false, "Startup Cost": 1620074.83, "Total Cost": 1620074.84, "Plan Rows": 1, "Plan Width": 8, "Actual Rows": 1, "Actual Loops": 1, "Plans": [{"Node Type": "Gather", "Parent Relationship": "Outer", "Parallel Aware": false, "Async Capable": false, "Startup Cost": 1620074.71, "Total Cost": 1620074.82, "Plan Rows": 1, "Plan Width": 8, "Actual Rows": 2, "Actual Loops": 1, "Workers Planned": 1, "Workers Launched": 1, "Single Copy": false, "Plans": [{"Node Type": "Aggregate", "Strategy": "Plain", "Partial Mode": "Partial", "Parent Relationship": "Outer", "Parallel Aware": false, "Async Capable": false, "Startup Cost": 1619074.71, "Total Cost": 1619074.72, "Plan Rows": 1, "Plan Width": 8, "Actual Rows": 1, "Actual Loops": 2, "Workers": [], "Plans": [{"Node Type": "Hash Join", "Parent Relationship": "Outer", "Parallel Aware": true, "Async Capable": false, "Join Type": "Inner", "Startup Cost": 22897.26, "Total Cost": 46462.82, "Plan Rows": 629044756, "Plan Width": 0, "Actual Rows": 9701284, "Actual Loops": 2, "Inner Unique": false, "Hash Cond": "(c.userid = u.id)", "Workers": [], "Plans": [{"Node Type": "Seq Scan", "Parent Relationship": "Outer", "Parallel Aware": true, "Async Capable": false, "Relation Name": "comments", "Alias": "c", "Startup Cost": 0.0, "Total Cost": 2881.99, "Plan Rows": 101638, "Plan Width": 4, "Actual Rows": 86370, "Actual Loops": 2, "Filter": "((creationdate >= '2010-08-12 20:33:46'::timestamp without time zone) AND (creationdate <= '2014-09-13 19:26:55'::timestamp without time zone))", "Rows Removed by Filter": 782, "Workers": []}, {"Node Type": "Hash", "Parent Relationship": "Inner", "Parallel Aware": true, "Async Capable": false, "Startup Cost": 13748.3, "Total Cost": 13748.3, "Plan Rows": 731917, "Plan Width": 12, "Actual Rows": 212799, "Actual Loops": 2, "Hash Buckets": 2097152, "Original Hash Buckets": 2097152, "Hash Batches": 1, "Original Hash Batches": 1, "Peak Memory Usage": 36384, "Workers": [], "Plans": [{"Node Type": "Hash Join", "Parent Relationship": "Outer", "Parallel Aware": true, "Async Capable": false, "Join Type": "Inner", "Startup Cost": 7505.98, "Total Cost": 13748.3, "Plan Rows": 731917, "Plan Width": 12, "Actual Rows": 212799, "Actual Loops": 2, "Inner Unique": false, "Hash Cond": "(ph.userid = u.id)", "Workers": [], "Plans": [{"Node Type": "Seq Scan", "Parent Relationship": "Outer", "Parallel Aware": true, "Async Capable": false, "Relation Name": "posthistory", "Alias": "ph", "Startup Cost": 0.0, "Total Cost": 4915.18, "Plan Rows": 159078, "Plan Width": 4, "Actual Rows": 135190, "Actual Loops": 2, "Filter": "((creationdate >= '2011-04-11 14:46:09'::timestamp without time zone) AND (creationdate <= '2014-08-17 16:37:23'::timestamp without time zone))", "Rows Removed by Filter": 16404, "Workers": []}, {"Node Type": "Hash", "Parent Relationship": "Inner", "Parallel Aware": true, "Async Capable": false, "Startup Cost": 7257.16, "Total Cost": 7257.16, "Plan Rows": 19906, "Plan Width": 8, "Actual Rows": 10004, "Actual Loops": 2, "Hash Buckets": 65536, "Original Hash Buckets": 65536, "Hash Batches": 1, "Original Hash Batches": 1, "Peak Memory Usage": 1344, "Workers": [], "Plans": [{"Node Type": "Hash Join", "Parent Relationship": "Outer", "Parallel Aware": false, "Async Capable": false, "Join Type": "Inner", "Startup Cost": 1698.86, "Total Cost": 7257.16, "Plan Rows": 19906, "Plan Width": 8, "Actual Rows": 10004, "Actual Loops": 2, "Inner Unique": true, "Hash Cond": "(v.userid = u.id)", "Workers": [], "Plans": [{"Node Type": "Seq Scan", "Parent Relationship": "Outer", "Parallel Aware": true, "Async Capable": false, "Relation Name": "votes", "Alias": "v", "Startup Cost": 0.0, "Total Cost": 5054.68, "Plan Rows": 191849, "Plan Width": 4, "Actual Rows": 163081, "Actual Loops": 2, "Filter": "((creationdate >= '2010-07-26 00:00:00'::timestamp without time zone) AND (creationdate <= '2014-09-12 00:00:00'::timestamp without time zone))", "Rows Removed by Filter": 951, "Workers": []}, {"Node Type": "Hash", "Parent Relationship": "Inner", "Parallel Aware": false, "Async Capable": false, "Startup Cost": 1204.31, "Total Cost": 1204.31, "Plan Rows": 39564, "Plan Width": 4, "Actual Rows": 39806, "Actual Loops": 2, "Hash Buckets": 65536, "Original Hash Buckets": 65536, "Hash Batches": 1, "Original Hash Batches": 1, "Peak Memory Usage": 1912, "Workers": [], "Plans": [{"Node Type": "Seq Scan", "Parent Relationship": "Outer", "Parallel Aware": false, "Async Capable": false, "Relation Name": "users", "Alias": "u", "Startup Cost": 0.0, "Total Cost": 1204.31, "Plan Rows": 39564, "Plan Width": 4, "Actual Rows": 39806, "Actual Loops": 2, "Filter": "((views >= 0) AND (views <= 783) AND (downvotes >= 0) AND (downvotes <= 1) AND (upvotes <= 123))", "Rows Removed by Filter": 519, "Workers": []}]}]}]}]}]}]}]}]}]}, "Planning Time": 2.875, "Triggers": [], "Execution Time": 981.743}, {"Plan": {"Node Type": "Aggregate", "Strategy": "Plain", "Partial Mode": "Simple", "Parallel Aware": false, "Async Capable": false, "Startup Cost": 40002754696.41, "Total Cost": 40002754696.42, "Plan Rows": 1, "Plan Width": 8, "Actual Rows": 1, "Actual Loops": 1, "Plans": [{"Node Type": "Merge Join", "Parent Relationship": "Outer", "Parallel Aware": false, "Async Capable": false, "Join Type": "Inner", "Startup Cost": 40000000001.7, "Total Cost": 40000081256.19, "Plan Rows": 1069376086, "Plan Width": 0, "Actual Rows": 19402569, "Actual Loops": 1, "Inner Unique": false, "Merge Cond": "(u.id = v.userid)", "Plans": [{"Node Type": "Merge Join", "Parent Relationship": "Outer", "Parallel Aware": false, "Async Capable": false, "Join Type": "Inner", "Startup Cost": 20000000000.73, "Total Cost": 20000012603.07, "Plan Rows": 166720, "Plan Width": 8, "Actual Rows": 63425, "Actual Loops": 1, "Inner Unique": true, "Merge Cond": "(c.userid = u.id)", "Plans": [{"Node Type": "Index Scan", "Parent Relationship": "Outer", "Parallel Aware": false, "Async Capable": false, "Scan Direction": "Forward", "Index Name": "idx_comments_userid", "Relation Name": "comments", "Alias": "c", "Startup Cost": 10000000000.3, "Total Cost": 10000008694.72, "Plan Rows": 172785, "Plan Width": 4, "Actual Rows": 169272, "Actual Loops": 1, "Filter": "((creationdate >= '2010-08-12 20:33:46'::timestamp without time zone) AND (creationdate <= '2014-09-13 19:26:55'::timestamp without time zone))", "Rows Removed by Filter": 1396}, {"Node Type": "Index Scan", "Parent Relationship": "Inner", "Parallel Aware": false, "Async Capable": false, "Scan Direction": "Forward", "Index Name": "users_pkey", "Relation Name": "users", "Alias": "u", "Startup Cost": 10000000000.29, "Total Cost": 10000001861.23, "Plan Rows": 39564, "Plan Width": 4, "Actual Rows": 38246, "Actual Loops": 1, "Filter": "((views >= 0) AND (views <= 783) AND (downvotes >= 0) AND (downvotes <= 1) AND (upvotes <= 123))", "Rows Removed by Filter": 518}]}, {"Node Type": "Materialize", "Parent Relationship": "Inner", "Parallel Aware": false, "Async Capable": false, "Startup Cost": 20000000000.97, "Total Cost": 20000119454.75, "Plan Rows": 11991981, "Plan Width": 8, "Actual Rows": 31453519, "Actual Loops": 1, "Plans": [{"Node Type": "Nested Loop", "Parent Relationship": "Outer", "Parallel Aware": false, "Async Capable": false, "Join Type": "Inner", "Startup Cost": 20000000000.97, "Total Cost": 20000089474.8, "Plan Rows": 11991981, "Plan Width": 8, "Actual Rows": 12470361, "Actual Loops": 1, "Inner Unique": false, "Plans": [{"Node Type": "Index Scan", "Parent Relationship": "Outer", "Parallel Aware": false, "Async Capable": false, "Scan Direction": "Forward", "Index Name": "idx_votes_userid", "Relation Name": "votes", "Alias": "v", "Startup Cost": 10000000000.42, "Total Cost": 10000013242.63, "Plan Rows": 326143, "Plan Width": 4, "Actual Rows": 326162, "Actual Loops": 1, "Filter": "((creationdate >= '2010-07-26 00:00:00'::timestamp without time zone) AND (creationdate <= '2014-09-12 00:00:00'::timestamp without time zone))", "Rows Removed by Filter": 1902}, {"Node Type": "Memoize", "Parent Relationship": "Inner", "Parallel Aware": false, "Async Capable": false, "Startup Cost": 0.54, "Total Cost": 4.79, "Plan Rows": 13, "Plan Width": 4, "Actual Rows": 38, "Actual Loops": 326162, "Cache Key": "v.userid", "Cache Mode": "logical", "Cache Hits": 320633, "Cache Misses": 5529, "Cache Evictions": 0, "Cache Overflows": 0, "Peak Memory Usage": 5611, "Plans": [{"Node Type": "Bitmap Heap Scan", "Parent Relationship": "Outer", "Parallel Aware": false, "Async Capable": false, "Relation Name": "posthistory", "Alias": "ph", "Startup Cost": 0.53, "Total Cost": 4.78, "Plan Rows": 13, "Plan Width": 4, "Actual Rows": 27, "Actual Loops": 5529, "Recheck Cond": "(userid = v.userid)", "Rows Removed by Index Recheck": 0, "Filter": "((creationdate >= '2011-04-11 14:46:09'::timestamp without time zone) AND (creationdate <= '2014-08-17 16:37:23'::timestamp without time zone))", "Rows Removed by Filter": 4, "Exact Heap Blocks": 57470, "Lossy Heap Blocks": 0, "Plans": [{"Node Type": "Bitmap Index Scan", "Parent Relationship": "Outer", "Parallel Aware": false, "Async Capable": false, "Index Name": "idx_posthistory_userid", "Startup Cost": 0.0, "Total Cost": 0.53, "Plan Rows": 14, "Plan Width": 0, "Actual Rows": 31, "Actual Loops": 5529, "Index Cond": "(userid = v.userid)"}]}]}]}]}]}]}, "Planning Time": 3.606, "Triggers": [], "Execution Time": 4565.273}, {"Plan": {"Node Type": "Aggregate", "Strategy": "Plain", "Partial Mode": "Simple", "Parallel Aware": false, "Async Capable": false, "Startup Cost": 10002979223.29, "Total Cost": 10002979223.3, "Plan Rows": 1, "Plan Width": 8, "Actual Rows": 1, "Actual Loops": 1, "Plans": [{"Node Type": "Nested Loop", "Parent Relationship": "Outer", "Parallel Aware": false, "Async Capable": false, "Join Type": "Inner", "Startup Cost": 10000000001.68, "Total Cost": 10000305783.07, "Plan Rows": 1069376086, "Plan Width": 0, "Actual Rows": 19402569, "Actual Loops": 1, "Inner Unique": false, "Join Filter": "(ph.userid = u.id)", "Rows Removed by Join Filter": 0, "Plans": [{"Node Type": "Nested Loop", "Parent Relationship": "Outer", "Parallel Aware": false, "Async Capable": false, "Join Type": "Inner", "Startup Cost": 10000000001.14, "Total Cost": 10000064287.57, "Plan Rows": 1071510, "Plan Width": 12, "Actual Rows": 221701, "Actual Loops": 1, "Inner Unique": false, "Join Filter": "(c.userid = u.id)", "Rows Removed by Join Filter": 0, "Plans": [{"Node Type": "Nested Loop", "Parent Relationship": "Outer", "Parallel Aware": false, "Async Capable": false, "Join Type": "Inner", "Startup Cost": 10000000000.73, "Total Cost": 10000038727.22, "Plan Rows": 33840, "Plan Width": 8, "Actual Rows": 20007, "Actual Loops": 1, "Inner Unique": true, "Plans": [{"Node Type": "Index Scan", "Parent Relationship": "Outer", "Parallel Aware": false, "Async Capable": false, "Scan Direction": "Forward", "Index Name": "idx_votes_userid", "Relation Name": "votes", "Alias": "v", "Startup Cost": 10000000000.42, "Total Cost": 10000013242.63, "Plan Rows": 326143, "Plan Width": 4, "Actual Rows": 326162, "Actual Loops": 1, "Filter": "((creationdate >= '2010-07-26 00:00:00'::timestamp without time zone) AND (creationdate <= '2014-09-12 00:00:00'::timestamp without time zone))", "Rows Removed by Filter": 1902}, {"Node Type": "Memoize", "Parent Relationship": "Inner", "Parallel Aware": false, "Async Capable": false, "Startup Cost": 0.31, "Total Cost": 4.33, "Plan Rows": 1, "Plan Width": 4, "Actual Rows": 0, "Actual Loops": 326162, "Cache Key": "v.userid", "Cache Mode": "logical", "Cache Hits": 320633, "Cache Misses": 5529, "Cache Evictions": 0, "Cache Overflows": 0, "Peak Memory Usage": 547, "Plans": [{"Node Type": "Bitmap Heap Scan", "Parent Relationship": "Outer", "Parallel Aware": false, "Async Capable": false, "Relation Name": "users", "Alias": "u", "Startup Cost": 0.3, "Total Cost": 4.32, "Plan Rows": 1, "Plan Width": 4, "Actual Rows": 1, "Actual Loops": 5529, "Recheck Cond": "(v.userid = id)", "Rows Removed by Index Recheck": 0, "Filter": "((views >= 0) AND (views <= 783) AND (downvotes >= 0) AND (downvotes <= 1) AND (upvotes <= 123))", "Rows Removed by Filter": 0, "Exact Heap Blocks": 5528, "Lossy Heap Blocks": 0, "Plans": [{"Node Type": "Bitmap Index Scan", "Parent Relationship": "Outer", "Parallel Aware": false, "Async Capable": false, "Index Name": "users_pkey", "Startup Cost": 0.0, "Total Cost": 0.3, "Plan Rows": 1, "Plan Width": 0, "Actual Rows": 1, "Actual Loops": 5529, "Index Cond": "(id = v.userid)"}]}]}]}, {"Node Type": "Memoize", "Parent Relationship": "Inner", "Parallel Aware": false, "Async Capable": false, "Startup Cost": 0.41, "Total Cost": 4.64, "Plan Rows": 13, "Plan Width": 4, "Actual Rows": 11, "Actual Loops": 20007, "Cache Key": "v.userid", "Cache Mode": "logical", "Cache Hits": 14911, "Cache Misses": 5096, "Cache Evictions": 0, "Cache Overflows": 0, "Peak Memory Usage": 1250, "Plans": [{"Node Type": "Bitmap Heap Scan", "Parent Relationship": "Outer", "Parallel Aware": false, "Async Capable": false, "Relation Name": "comments", "Alias": "c", "Startup Cost": 0.4, "Total Cost": 4.63, "Plan Rows": 13, "Plan Width": 4, "Actual Rows": 5, "Actual Loops": 5096, "Recheck Cond": "(userid = v.userid)", "Rows Removed by Index Recheck": 0, "Filter": "((creationdate >= '2010-08-12 20:33:46'::timestamp without time zone) AND (creationdate <= '2014-09-13 19:26:55'::timestamp without time zone))", "Rows Removed by Filter": 0, "Exact Heap Blocks": 14783, "Lossy Heap Blocks": 0, "Plans": [{"Node Type": "Bitmap Index Scan", "Parent Relationship": "Outer", "Parallel Aware": false, "Async Capable": false, "Index Name": "idx_comments_userid", "Startup Cost": 0.0, "Total Cost": 0.39, "Plan Rows": 13, "Plan Width": 0, "Actual Rows": 5, "Actual Loops": 5096, "Index Cond": "(userid = v.userid)"}]}]}]}, {"Node Type": "Memoize", "Parent Relationship": "Inner", "Parallel Aware": false, "Async Capable": false, "Startup Cost": 0.54, "Total Cost": 4.79, "Plan Rows": 13, "Plan Width": 4, "Actual Rows": 88, "Actual Loops": 221701, "Cache Key": "v.userid", "Cache Mode": "logical", "Cache Hits": 219095, "Cache Misses": 2606, "Cache Evictions": 0, "Cache Overflows": 0, "Peak Memory Usage": 1802, "Plans": [{"Node Type": "Bitmap Heap Scan", "Parent Relationship": "Outer", "Parallel Aware": false, "Async Capable": false, "Relation Name": "posthistory", "Alias": "ph", "Startup Cost": 0.53, "Total Cost": 4.78, "Plan Rows": 13, "Plan Width": 4, "Actual Rows": 18, "Actual Loops": 2606, "Recheck Cond": "(userid = v.userid)", "Rows Removed by Index Recheck": 0, "Filter": "((creationdate >= '2011-04-11 14:46:09'::timestamp without time zone) AND (creationdate <= '2014-08-17 16:37:23'::timestamp without time zone))", "Rows Removed by Filter": 2, "Exact Heap Blocks": 18900, "Lossy Heap Blocks": 0, "Plans": [{"Node Type": "Bitmap Index Scan", "Parent Relationship": "Outer", "Parallel Aware": false, "Async Capable": false, "Index Name": "idx_posthistory_userid", "Startup Cost": 0.0, "Total Cost": 0.53, "Plan Rows": 14, "Plan Width": 0, "Actual Rows": 20, "Actual Loops": 2606, "Index Cond": "(userid = v.userid)"}]}]}]}]}, "Planning Time": 3.539, "Triggers": [], "Execution Time": 1621.666}, {"Plan": {"Node Type": "Aggregate", "Strategy": "Plain", "Partial Mode": "Finalize", "Parallel Aware": false, "Async Capable": false, "Startup Cost": 1642251.8, "Total Cost": 1642251.81, "Plan Rows": 1, "Plan Width": 8, "Actual Rows": 1, "Actual Loops": 1, "Plans": [{"Node Type": "Gather", "Parent Relationship": "Outer", "Parallel Aware": false, "Async Capable": false, "Startup Cost": 1642251.69, "Total Cost": 1642251.8, "Plan Rows": 1, "Plan Width": 8, "Actual Rows": 2, "Actual Loops": 1, "Workers Planned": 1, "Workers Launched": 1, "Single Copy": false, "Plans": [{"Node Type": "Aggregate", "Strategy": "Plain", "Partial Mode": "Partial", "Parent Relationship": "Outer", "Parallel Aware": false, "Async Capable": false, "Startup Cost": 1641251.69, "Total Cost": 1641251.7, "Plan Rows": 1, "Plan Width": 8, "Actual Rows": 1, "Actual Loops": 2, "Workers": [], "Plans": [{"Node Type": "Merge Join", "Parent Relationship": "Outer", "Parallel Aware": false, "Async Capable": false, "Join Type": "Inner", "Startup Cost": 1.58, "Total Cost": 68639.8, "Plan Rows": 629044756, "Plan Width": 0, "Actual Rows": 9701284, "Actual Loops": 2, "Inner Unique": false, "Merge Cond": "(u.id = v.userid)", "Workers": [], "Plans": [{"Node Type": "Merge Join", "Parent Relationship": "Outer", "Parallel Aware": false, "Async Capable": false, "Join Type": "Inner", "Startup Cost": 0.73, "Total Cost": 10682.88, "Plan Rows": 98071, "Plan Width": 8, "Actual Rows": 31713, "Actual Loops": 2, "Inner Unique": true, "Merge Cond": "(c.userid = u.id)", "Workers": [], "Plans": [{"Node Type": "Index Scan", "Parent Relationship": "Outer", "Parallel Aware": true, "Async Capable": false, "Scan Direction": "Forward", "Index Name": "idx_comments_userid", "Relation Name": "comments", "Alias": "c", "Startup Cost": 0.29, "Total Cost": 7618.14, "Plan Rows": 101638, "Plan Width": 4, "Actual Rows": 84636, "Actual Loops": 2, "Filter": "((creationdate >= '2010-08-12 20:33:46'::timestamp without time zone) AND (creationdate <= '2014-09-13 19:26:55'::timestamp without time zone))", "Rows Removed by Filter": 698, "Workers": []}, {"Node Type": "Index Scan", "Parent Relationship": "Inner", "Parallel Aware": false, "Async Capable": false, "Scan Direction": "Forward", "Index Name": "users_pkey", "Relation Name": "users", "Alias": "u", "Startup Cost": 0.29, "Total Cost": 1861.23, "Plan Rows": 39564, "Plan Width": 4, "Actual Rows": 38512, "Actual Loops": 2, "Filter": "((views >= 0) AND (views <= 783) AND (downvotes >= 0) AND (downvotes <= 1) AND (upvotes <= 123))", "Rows Removed by Filter": 518, "Workers": []}]}, {"Node Type": "Materialize", "Parent Relationship": "Inner", "Parallel Aware": false, "Async Capable": false, "Startup Cost": 0.84, "Total Cost": 224086.29, "Plan Rows": 11991981, "Plan Width": 8, "Actual Rows": 21961832, "Actual Loops": 2, "Workers": [], "Plans": [{"Node Type": "Merge Join", "Parent Relationship": "Outer", "Parallel Aware": false, "Async Capable": false, "Join Type": "Inner", "Startup Cost": 0.84, "Total Cost": 194106.34, "Plan Rows": 11991981, "Plan Width": 8, "Actual Rows": 12470361, "Actual Loops": 2, "Inner Unique": false, "Merge Cond": "(ph.userid = v.userid)", "Workers": [], "Plans": [{"Node Type": "Index Scan", "Parent Relationship": "Outer", "Parallel Aware": false, "Async Capable": false, "Scan Direction": "Forward", "Index Name": "idx_posthistory_userid", "Relation Name": "posthistory", "Alias": "ph", "Startup Cost": 0.42, "Total Cost": 13607.96, "Plan Rows": 270433, "Plan Width": 4, "Actual Rows": 251693, "Actual Loops": 2, "Filter": "((creationdate >= '2011-04-11 14:46:09'::timestamp without time zone) AND (creationdate <= '2014-08-17 16:37:23'::timestamp without time zone))", "Rows Removed by Filter": 32325, "Workers": []}, {"Node Type": "Materialize", "Parent Relationship": "Inner", "Parallel Aware": false, "Async Capable": false, "Startup Cost": 0.42, "Total Cost": 14057.99, "Plan Rows": 326143, "Plan Width": 4, "Actual Rows": 12476191, "Actual Loops": 2, "Workers": [], "Plans": [{"Node Type": "Index Scan", "Parent Relationship": "Outer", "Parallel Aware": false, "Async Capable": false, "Scan Direction": "Forward", "Index Name": "idx_votes_userid", "Relation Name": "votes", "Alias": "v", "Startup Cost": 0.42, "Total Cost": 13242.63, "Plan Rows": 326143, "Plan Width": 4, "Actual Rows": 34605, "Actual Loops": 2, "Filter": "((creationdate >= '2010-07-26 00:00:00'::timestamp without time zone) AND (creationdate <= '2014-09-12 00:00:00'::timestamp without time zone))", "Rows Removed by Filter": 154, "Workers": []}]}]}]}]}]}]}]}, "Planning Time": 7.316, "Triggers": [], "Execution Time": 4181.939}, {"Plan": {"Node Type": "Aggregate", "Strategy": "Plain", "Partial Mode": "Finalize", "Parallel Aware": false, "Async Capable": false, "Startup Cost": 1628136.94, "Total Cost": 1628136.95, "Plan Rows": 1, "Plan Width": 8, "Actual Rows": 1, "Actual Loops": 1, "Plans": [{"Node Type": "Gather", "Parent Relationship": "Outer", "Parallel Aware": false, "Async Capable": false, "Startup Cost": 1628136.83, "Total Cost": 1628136.94, "Plan Rows": 1, "Plan Width": 8, "Actual Rows": 2, "Actual Loops": 1, "Workers Planned": 1, "Workers Launched": 1, "Single Copy": false, "Plans": [{"Node Type": "Aggregate", "Strategy": "Plain", "Partial Mode": "Partial", "Parent Relationship": "Outer", "Parallel Aware": false, "Async Capable": false, "Startup Cost": 1627136.83, "Total Cost": 1627136.84, "Plan Rows": 1, "Plan Width": 8, "Actual Rows": 1, "Actual Loops": 2, "Workers": [], "Plans": [{"Node Type": "Merge Join", "Parent Relationship": "Outer", "Parallel Aware": false, "Async Capable": false, "Join Type": "Inner", "Startup Cost": 1.59, "Total Cost": 54524.94, "Plan Rows": 629044756, "Plan Width": 0, "Actual Rows": 9701284, "Actual Loops": 2, "Inner Unique": false, "Merge Cond": "(u.id = v.userid)", "Workers": [], "Plans": [{"Node Type": "Merge Join", "Parent Relationship": "Outer", "Parallel Aware": false, "Async Capable": false, "Join Type": "Inner", "Startup Cost": 0.73, "Total Cost": 10682.88, "Plan Rows": 98071, "Plan Width": 8, "Actual Rows": 31713, "Actual Loops": 2, "Inner Unique": true, "Merge Cond": "(c.userid = u.id)", "Workers": [], "Plans": [{"Node Type": "Index Scan", "Parent Relationship": "Outer", "Parallel Aware": true, "Async Capable": false, "Scan Direction": "Forward", "Index Name": "idx_comments_userid", "Relation Name": "comments", "Alias": "c", "Startup Cost": 0.29, "Total Cost": 7618.14, "Plan Rows": 101638, "Plan Width": 4, "Actual Rows": 84636, "Actual Loops": 2, "Filter": "((creationdate >= '2010-08-12 20:33:46'::timestamp without time zone) AND (creationdate <= '2014-09-13 19:26:55'::timestamp without time zone))", "Rows Removed by Filter": 698, "Workers": []}, {"Node Type": "Index Scan", "Parent Relationship": "Inner", "Parallel Aware": false, "Async Capable": false, "Scan Direction": "Forward", "Index Name": "users_pkey", "Relation Name": "users", "Alias": "u", "Startup Cost": 0.29, "Total Cost": 1861.23, "Plan Rows": 39564, "Plan Width": 4, "Actual Rows": 38512, "Actual Loops": 2, "Filter": "((views >= 0) AND (views <= 783) AND (downvotes >= 0) AND (downvotes <= 1) AND (upvotes <= 123))", "Rows Removed by Filter": 518, "Workers": []}]}, {"Node Type": "Materialize", "Parent Relationship": "Inner", "Parallel Aware": false, "Async Capable": false, "Startup Cost": 0.85, "Total Cost": 90616.59, "Plan Rows": 11991981, "Plan Width": 8, "Actual Rows": 21961832, "Actual Loops": 2, "Workers": [], "Plans": [{"Node Type": "Nested Loop", "Parent Relationship": "Outer", "Parallel Aware": false, "Async Capable": false, "Join Type": "Inner", "Startup Cost": 0.85, "Total Cost": 60636.64, "Plan Rows": 11991981, "Plan Width": 8, "Actual Rows": 12470361, "Actual Loops": 2, "Inner Unique": false, "Workers": [], "Plans": [{"Node Type": "Index Scan", "Parent Relationship": "Outer", "Parallel Aware": false, "Async Capable": false, "Scan Direction": "Forward", "Index Name": "idx_posthistory_userid", "Relation Name": "posthistory", "Alias": "ph", "Startup Cost": 0.42, "Total Cost": 13607.96, "Plan Rows": 270433, "Plan Width": 4, "Actual Rows": 270380, "Actual Loops": 2, "Filter": "((creationdate >= '2011-04-11 14:46:09'::timestamp without time zone) AND (creationdate <= '2014-08-17 16:37:23'::timestamp without time zone))", "Rows Removed by Filter": 32807, "Workers": []}, {"Node Type": "Memoize", "Parent Relationship": "Inner", "Parallel Aware": false, "Async Capable": false, "Startup Cost": 0.43, "Total Cost": 0.67, "Plan Rows": 9, "Plan Width": 4, "Actual Rows": 46, "Actual Loops": 540760, "Cache Key": "ph.userid", "Cache Mode": "logical", "Cache Hits": 249710, "Cache Misses": 20670, "Cache Evictions": 0, "Cache Overflows": 0, "Peak Memory Usage": 2385, "Workers": [{"Worker Number": 0, "Cache Hits": 249710, "Cache Misses": 20670, "Cache Evictions": 0, "Cache Overflows": 0, "Peak Memory Usage": 2385}], "Plans": [{"Node Type": "Index Scan", "Parent Relationship": "Outer", "Parallel Aware": false, "Async Capable": false, "Scan Direction": "Forward", "Index Name": "idx_votes_userid", "Relation Name": "votes", "Alias": "v", "Startup Cost": 0.42, "Total Cost": 0.66, "Plan Rows": 9, "Plan Width": 4, "Actual Rows": 1, "Actual Loops": 41340, "Index Cond": "(userid = ph.userid)", "Rows Removed by Index Recheck": 0, "Filter": "((creationdate >= '2010-07-26 00:00:00'::timestamp without time zone) AND (creationdate <= '2014-09-12 00:00:00'::timestamp without time zone))", "Rows Removed by Filter": 0, "Workers": []}]}]}]}]}]}]}]}, "Planning Time": 4.669, "Triggers": [], "Execution Time": 3857.417}, {"Plan": {"Node Type": "Aggregate", "Strategy": "Plain", "Partial Mode": "Finalize", "Parallel Aware": false, "Async Capable": false, "Startup Cost": 1731356.76, "Total Cost": 1731356.77, "Plan Rows": 1, "Plan Width": 8, "Actual Rows": 1, "Actual Loops": 1, "Plans": [{"Node Type": "Gather", "Parent Relationship": "Outer", "Parallel Aware": false, "Async Capable": false, "Startup Cost": 1731356.65, "Total Cost": 1731356.76, "Plan Rows": 1, "Plan Width": 8, "Actual Rows": 2, "Actual Loops": 1, "Workers Planned": 1, "Workers Launched": 1, "Single Copy": false, "Plans": [{"Node Type": "Aggregate", "Strategy": "Plain", "Partial Mode": "Partial", "Parent Relationship": "Outer", "Parallel Aware": false, "Async Capable": false, "Startup Cost": 1730356.65, "Total Cost": 1730356.66, "Plan Rows": 1, "Plan Width": 8, "Actual Rows": 1, "Actual Loops": 2, "Workers": [], "Plans": [{"Node Type": "Nested Loop", "Parent Relationship": "Outer", "Parallel Aware": false, "Async Capable": false, "Join Type": "Inner", "Startup Cost": 1.46, "Total Cost": 157744.76, "Plan Rows": 629044756, "Plan Width": 0, "Actual Rows": 9701284, "Actual Loops": 2, "Inner Unique": false, "Join Filter": "(ph.userid = u.id)", "Rows Removed by Join Filter": 0, "Workers": [], "Plans": [{"Node Type": "Nested Loop", "Parent Relationship": "Outer", "Parallel Aware": false, "Async Capable": false, "Join Type": "Inner", "Startup Cost": 1.03, "Total Cost": 23875.51, "Plan Rows": 630300, "Plan Width": 12, "Actual Rows": 110850, "Actual Loops": 2, "Inner Unique": false, "Join Filter": "(c.userid = u.id)", "Rows Removed by Join Filter": 0, "Workers": [], "Plans": [{"Node Type": "Nested Loop", "Parent Relationship": "Outer", "Parallel Aware": false, "Async Capable": false, "Join Type": "Inner", "Startup Cost": 0.72, "Total Cost": 17315.27, "Plan Rows": 19906, "Plan Width": 8, "Actual Rows": 10004, "Actual Loops": 2, "Inner Unique": true, "Workers": [], "Plans": [{"Node Type": "Index Scan", "Parent Relationship": "Outer", "Parallel Aware": true, "Async Capable": false, "Scan Direction": "Forward", "Index Name": "idx_votes_userid", "Relation Name": "votes", "Alias": "v", "Startup Cost": 0.42, "Total Cost": 11216.36, "Plan Rows": 191849, "Plan Width": 4, "Actual Rows": 163081, "Actual Loops": 2, "Filter": "((creationdate >= '2010-07-26 00:00:00'::timestamp without time zone) AND (creationdate <= '2014-09-12 00:00:00'::timestamp without time zone))", "Rows Removed by Filter": 951, "Workers": []}, {"Node Type": "Memoize", "Parent Relationship": "Inner", "Parallel Aware": false, "Async Capable": false, "Startup Cost": 0.3, "Total Cost": 0.34, "Plan Rows": 1, "Plan Width": 4, "Actual Rows": 0, "Actual Loops": 326162, "Cache Key": "v.userid", "Cache Mode": "logical", "Cache Hits": 166689, "Cache Misses": 2600, "Cache Evictions": 0, "Cache Overflows": 0, "Peak Memory Usage": 257, "Workers": [{"Worker Number": 0, "Cache Hits": 153941, "Cache Misses": 2932, "Cache Evictions": 0, "Cache Overflows": 0, "Peak Memory Usage": 290}], "Plans": [{"Node Type": "Index Scan", "Parent Relationship": "Outer", "Parallel Aware": false, "Async Capable": false, "Scan Direction": "Forward", "Index Name": "users_pkey", "Relation Name": "users", "Alias": "u", "Startup Cost": 0.29, "Total Cost": 0.33, "Plan Rows": 1, "Plan Width": 4, "Actual Rows": 1, "Actual Loops": 5532, "Index Cond": "(id = v.userid)", "Rows Removed by Index Recheck": 0, "Filter": "((views >= 0) AND (views <= 783) AND (downvotes >= 0) AND (downvotes <= 1) AND (upvotes <= 123))", "Rows Removed by Filter": 0, "Workers": []}]}]}, {"Node Type": "Memoize", "Parent Relationship": "Inner", "Parallel Aware": false, "Async Capable": false, "Startup Cost": 0.3, "Total Cost": 0.62, "Plan Rows": 13, "Plan Width": 4, "Actual Rows": 11, "Actual Loops": 20007, "Cache Key": "v.userid", "Cache Mode": "logical", "Cache Hits": 6679, "Cache Misses": 2393, "Cache Evictions": 0, "Cache Overflows": 0, "Peak Memory Usage": 562, "Workers": [{"Worker Number": 0, "Cache Hits": 8230, "Cache Misses": 2705, "Cache Evictions": 0, "Cache Overflows": 0, "Peak Memory Usage": 690}], "Plans": [{"Node Type": "Index Scan", "Parent Relationship": "Outer", "Parallel Aware": false, "Async Capable": false, "Scan Direction": "Forward", "Index Name": "idx_comments_userid", "Relation Name": "comments", "Alias": "c", "Startup Cost": 0.29, "Total Cost": 0.61, "Plan Rows": 13, "Plan Width": 4, "Actual Rows": 5, "Actual Loops": 5098, "Index Cond": "(userid = v.userid)", "Rows Removed by Index Recheck": 0, "Filter": "((creationdate >= '2010-08-12 20:33:46'::timestamp without time zone) AND (creationdate <= '2014-09-13 19:26:55'::timestamp without time zone))", "Rows Removed by Filter": 0, "Workers": []}]}]}, {"Node Type": "Memoize", "Parent Relationship": "Inner", "Parallel Aware": false, "Async Capable": false, "Startup Cost": 0.43, "Total Cost": 0.78, "Plan Rows": 13, "Plan Width": 4, "Actual Rows": 88, "Actual Loops": 221701, "Cache Key": "v.userid", "Cache Mode": "logical", "Cache Hits": 97124, "Cache Misses": 1154, "Cache Evictions": 0, "Cache Overflows": 0, "Peak Memory Usage": 775, "Workers": [{"Worker Number": 0, "Cache Hits": 121969, "Cache Misses": 1454, "Cache Evictions": 0, "Cache Overflows": 0, "Peak Memory Usage": 1031}], "Plans": [{"Node Type": "Index Scan", "Parent Relationship": "Outer", "Parallel Aware": false, "Async Capable": false, "Scan Direction": "Forward", "Index Name": "idx_posthistory_userid", "Relation Name": "posthistory", "Alias": "ph", "Startup Cost": 0.42, "Total Cost": 0.77, "Plan Rows": 13, "Plan Width": 4, "Actual Rows": 18, "Actual Loops": 2608, "Index Cond": "(userid = v.userid)", "Rows Removed by Index Recheck": 0, "Filter": "((creationdate >= '2011-04-11 14:46:09'::timestamp without time zone) AND (creationdate <= '2014-08-17 16:37:23'::timestamp without time zone))", "Rows Removed by Filter": 2, "Workers": []}]}]}]}]}]}, "Planning Time": 5.468, "Triggers": [], "Execution Time": 851.581}, {"Plan": {"Node Type": "Aggregate", "Strategy": "Plain", "Partial Mode": "Finalize", "Parallel Aware": false, "Async Capable": false, "Startup Cost": 1725195.09, "Total Cost": 1725195.1, "Plan Rows": 1, "Plan Width": 8, "Actual Rows": 1, "Actual Loops": 1, "Plans": [{"Node Type": "Gather", "Parent Relationship": "Outer", "Parallel Aware": false, "Async Capable": false, "Startup Cost": 1725194.98, "Total Cost": 1725195.09, "Plan Rows": 1, "Plan Width": 8, "Actual Rows": 2, "Actual Loops": 1, "Workers Planned": 1, "Workers Launched": 1, "Single Copy": false, "Plans": [{"Node Type": "Aggregate", "Strategy": "Plain", "Partial Mode": "Partial", "Parent Relationship": "Outer", "Parallel Aware": false, "Async Capable": false, "Startup Cost": 1724194.98, "Total Cost": 1724194.99, "Plan Rows": 1, "Plan Width": 8, "Actual Rows": 1, "Actual Loops": 2, "Workers": [], "Plans": [{"Node Type": "Nested Loop", "Parent Relationship": "Outer", "Parallel Aware": false, "Async Capable": false, "Join Type": "Inner", "Startup Cost": 1.04, "Total Cost": 151583.09, "Plan Rows": 629044756, "Plan Width": 0, "Actual Rows": 9701284, "Actual Loops": 2, "Inner Unique": false, "Join Filter": "(ph.userid = u.id)", "Rows Removed by Join Filter": 0, "Workers": [], "Plans": [{"Node Type": "Nested Loop", "Parent Relationship": "Outer", "Parallel Aware": false, "Async Capable": false, "Join Type": "Inner", "Startup Cost": 0.6, "Total Cost": 17713.84, "Plan Rows": 630300, "Plan Width": 12, "Actual Rows": 110850, "Actual Loops": 2, "Inner Unique": false, "Join Filter": "(c.userid = u.id)", "Rows Removed by Join Filter": 0, "Workers": [], "Plans": [{"Node Type": "Nested Loop", "Parent Relationship": "Outer", "Parallel Aware": false, "Async Capable": false, "Join Type": "Inner", "Startup Cost": 0.3, "Total Cost": 11153.59, "Plan Rows": 19906, "Plan Width": 8, "Actual Rows": 10004, "Actual Loops": 2, "Inner Unique": true, "Workers": [], "Plans": [{"Node Type": "Seq Scan", "Parent Relationship": "Outer", "Parallel Aware": true, "Async Capable": false, "Relation Name": "votes", "Alias": "v", "Startup Cost": 0.0, "Total Cost": 5054.68, "Plan Rows": 191849, "Plan Width": 4, "Actual Rows": 163081, "Actual Loops": 2, "Filter": "((creationdate >= '2010-07-26 00:00:00'::timestamp without time zone) AND (creationdate <= '2014-09-12 00:00:00'::timestamp without time zone))", "Rows Removed by Filter": 951, "Workers": []}, {"Node Type": "Memoize", "Parent Relationship": "Inner", "Parallel Aware": false, "Async Capable": false, "Startup Cost": 0.3, "Total Cost": 0.34, "Plan Rows": 1, "Plan Width": 4, "Actual Rows": 0, "Actual Loops": 326162, "Cache Key": "v.userid", "Cache Mode": "logical", "Cache Hits": 175920, "Cache Misses": 3797, "Cache Evictions": 0, "Cache Overflows": 0, "Peak Memory Usage": 372, "Workers": [{"Worker Number": 0, "Cache Hits": 142787, "Cache Misses": 3658, "Cache Evictions": 0, "Cache Overflows": 0, "Peak Memory Usage": 359}], "Plans": [{"Node Type": "Index Scan", "Parent Relationship": "Outer", "Parallel Aware": false, "Async Capable": false, "Scan Direction": "Forward", "Index Name": "users_pkey", "Relation Name": "users", "Alias": "u", "Startup Cost": 0.29, "Total Cost": 0.33, "Plan Rows": 1, "Plan Width": 4, "Actual Rows": 1, "Actual Loops": 7455, "Index Cond": "(id = v.userid)", "Rows Removed by Index Recheck": 0, "Filter": "((views >= 0) AND (views <= 783) AND (downvotes >= 0) AND (downvotes <= 1) AND (upvotes <= 123))", "Rows Removed by Filter": 0, "Workers": []}]}]}, {"Node Type": "Memoize", "Parent Relationship": "Inner", "Parallel Aware": false, "Async Capable": false, "Startup Cost": 0.3, "Total Cost": 0.62, "Plan Rows": 13, "Plan Width": 4, "Actual Rows": 11, "Actual Loops": 20007, "Cache Key": "v.userid", "Cache Mode": "logical", "Cache Hits": 7108, "Cache Misses": 3397, "Cache Evictions": 0, "Cache Overflows": 0, "Peak Memory Usage": 964, "Workers": [{"Worker Number": 0, "Cache Hits": 6222, "Cache Misses": 3280, "Cache Evictions": 0, "Cache Overflows": 0, "Peak Memory Usage": 914}], "Plans": [{"Node Type": "Index Scan", "Parent Relationship": "Outer", "Parallel Aware": false, "Async Capable": false, "Scan Direction": "Forward", "Index Name": "idx_comments_userid", "Relation Name": "comments", "Alias": "c", "Startup Cost": 0.29, "Total Cost": 0.61, "Plan Rows": 13, "Plan Width": 4, "Actual Rows": 6, "Actual Loops": 6677, "Index Cond": "(userid = v.userid)", "Rows Removed by Index Recheck": 0, "Filter": "((creationdate >= '2010-08-12 20:33:46'::timestamp without time zone) AND (creationdate <= '2014-09-13 19:26:55'::timestamp without time zone))", "Rows Removed by Filter": 0, "Workers": []}]}]}, {"Node Type": "Memoize", "Parent Relationship": "Inner", "Parallel Aware": false, "Async Capable": false, "Startup Cost": 0.43, "Total Cost": 0.78, "Plan Rows": 13, "Plan Width": 4, "Actual Rows": 88, "Actual Loops": 221701, "Cache Key": "v.userid", "Cache Mode": "logical", "Cache Hits": 113211, "Cache Misses": 1889, "Cache Evictions": 0, "Cache Overflows": 0, "Peak Memory Usage": 1433, "Workers": [{"Worker Number": 0, "Cache Hits": 104815, "Cache Misses": 1786, "Cache Evictions": 0, "Cache Overflows": 0, "Peak Memory Usage": 1371}], "Plans": [{"Node Type": "Index Scan", "Parent Relationship": "Outer", "Parallel Aware": false, "Async Capable": false, "Scan Direction": "Forward", "Index Name": "idx_posthistory_userid", "Relation Name": "posthistory", "Alias": "ph", "Startup Cost": 0.42, "Total Cost": 0.77, "Plan Rows": 13, "Plan Width": 4, "Actual Rows": 20, "Actual Loops": 3675, "Index Cond": "(userid = v.userid)", "Rows Removed by Index Recheck": 0, "Filter": "((creationdate >= '2011-04-11 14:46:09'::timestamp without time zone) AND (creationdate <= '2014-08-17 16:37:23'::timestamp without time zone))", "Rows Removed by Filter": 2, "Workers": []}]}]}]}]}]}, "Planning Time": 5.66, "Triggers": [], "Execution Time": 878.616}, {"Plan": {"Node Type": "Aggregate", "Strategy": "Plain", "Partial Mode": "Finalize", "Parallel Aware": false, "Async Capable": false, "Startup Cost": 1690580.5, "Total Cost": 1690580.51, "Plan Rows": 1, "Plan Width": 8, "Actual Rows": 1, "Actual Loops": 1, "Plans": [{"Node Type": "Gather", "Parent Relationship": "Outer", "Parallel Aware": false, "Async Capable": false, "Startup Cost": 1690580.39, "Total Cost": 1690580.5, "Plan Rows": 1, "Plan Width": 8, "Actual Rows": 2, "Actual Loops": 1, "Workers Planned": 1, "Workers Launched": 1, "Single Copy": false, "Plans": [{"Node Type": "Aggregate", "Strategy": "Plain", "Partial Mode": "Partial", "Parent Relationship": "Outer", "Parallel Aware": false, "Async Capable": false, "Startup Cost": 1689580.39, "Total Cost": 1689580.4, "Plan Rows": 1, "Plan Width": 8, "Actual Rows": 1, "Actual Loops": 2, "Workers": [], "Plans": [{"Node Type": "Merge Join", "Parent Relationship": "Outer", "Parallel Aware": false, "Async Capable": false, "Join Type": "Inner", "Startup Cost": 45106.71, "Total Cost": 116968.5, "Plan Rows": 629044756, "Plan Width": 0, "Actual Rows": 9701284, "Actual Loops": 2, "Inner Unique": false, "Merge Cond": "(u.id = c.userid)", "Workers": [], "Plans": [{"Node Type": "Nested Loop", "Parent Relationship": "Outer", "Parallel Aware": false, "Async Capable": false, "Join Type": "Inner", "Startup Cost": 26115.0, "Total Cost": 49899.51, "Plan Rows": 731917, "Plan Width": 12, "Actual Rows": 212799, "Actual Loops": 2, "Inner Unique": false, "Join Filter": "(ph.userid = u.id)", "Rows Removed by Join Filter": 0, "Workers": [], "Plans": [{"Node Type": "Merge Join", "Parent Relationship": "Outer", "Parallel Aware": false, "Async Capable": false, "Join Type": "Inner", "Startup Cost": 26114.46, "Total Cost": 26612.78, "Plan Rows": 19906, "Plan Width": 8, "Actual Rows": 10004, "Actual Loops": 2, "Inner Unique": true, "Merge Cond": "(v.userid = u.id)", "Workers": [], "Plans": [{"Node Type": "Sort", "Parent Relationship": "Outer", "Parallel Aware": false, "Async Capable": false, "Startup Cost": 21889.06, "Total Cost": 22368.68, "Plan Rows": 191849, "Plan Width": 4, "Actual Rows": 17318, "Actual Loops": 2, "Sort Key": ["v.userid"], "Sort Method": "quicksort", "Sort Space Used": 6145, "Sort Space Type": "Memory", "Workers": [{"Worker Number": 0, "Sort Method": "quicksort", "Sort Space Used": 3073, "Sort Space Type": "Memory"}], "Plans": [{"Node Type": "Seq Scan", "Parent Relationship": "Outer", "Parallel Aware": true, "Async Capable": false, "Relation Name": "votes", "Alias": "v", "Startup Cost": 0.0, "Total Cost": 5054.68, "Plan Rows": 191849, "Plan Width": 4, "Actual Rows": 163081, "Actual Loops": 2, "Filter": "((creationdate >= '2010-07-26 00:00:00'::timestamp without time zone) AND (creationdate <= '2014-09-12 00:00:00'::timestamp without time zone))", "Rows Removed by Filter": 951, "Workers": []}]}, {"Node Type": "Sort", "Parent Relationship": "Inner", "Parallel Aware": false, "Async Capable": false, "Startup Cost": 4225.4, "Total Cost": 4324.31, "Plan Rows": 39564, "Plan Width": 4, "Actual Rows": 39758, "Actual Loops": 2, "Sort Key": ["u.id"], "Sort Method": "quicksort", "Sort Space Used": 1537, "Sort Space Type": "Memory", "Workers": [{"Worker Number": 0, "Sort Method": "quicksort", "Sort Space Used": 1537, "Sort Space Type": "Memory"}], "Plans": [{"Node Type": "Seq Scan", "Parent Relationship": "Outer", "Parallel Aware": false, "Async Capable": false, "Relation Name": "users", "Alias": "u", "Startup Cost": 0.0, "Total Cost": 1204.31, "Plan Rows": 39564, "Plan Width": 4, "Actual Rows": 39806, "Actual Loops": 2, "Filter": "((views >= 0) AND (views <= 783) AND (downvotes >= 0) AND (downvotes <= 1) AND (upvotes <= 123))", "Rows Removed by Filter": 519, "Workers": []}]}]}, {"Node Type": "Memoize", "Parent Relationship": "Inner", "Parallel Aware": false, "Async Capable": false, "Startup Cost": 0.54, "Total Cost": 4.79, "Plan Rows": 13, "Plan Width": 4, "Actual Rows": 21, "Actual Loops": 20007, "Cache Key": "v.userid", "Cache Mode": "logical", "Cache Hits": 10276, "Cache Misses": 4124, "Cache Evictions": 0, "Cache Overflows": 0, "Peak Memory Usage": 1778, "Workers": [{"Worker Number": 0, "Cache Hits": 3259, "Cache Misses": 2348, "Cache Evictions": 0, "Cache Overflows": 0, "Peak Memory Usage": 1216}], "Plans": [{"Node Type": "Bitmap Heap Scan", "Parent Relationship": "Outer", "Parallel Aware": false, "Async Capable": false, "Relation Name": "posthistory", "Alias": "ph", "Startup Cost": 0.53, "Total Cost": 4.78, "Plan Rows": 13, "Plan Width": 4, "Actual Rows": 11, "Actual Loops": 6472, "Recheck Cond": "(userid = v.userid)", "Rows Removed by Index Recheck": 0, "Filter": "((creationdate >= '2011-04-11 14:46:09'::timestamp without time zone) AND (creationdate <= '2014-08-17 16:37:23'::timestamp without time zone))", "Rows Removed by Filter": 1, "Exact Heap Blocks": 17702, "Lossy Heap Blocks": 0, "Workers": [], "Plans": [{"Node Type": "Bitmap Index Scan", "Parent Relationship": "Outer", "Parallel Aware": false, "Async Capable": false, "Index Name": "idx_posthistory_userid", "Startup Cost": 0.0, "Total Cost": 0.53, "Plan Rows": 14, "Plan Width": 0, "Actual Rows": 12, "Actual Loops": 6472, "Index Cond": "(userid = v.userid)", "Workers": []}]}]}]}, {"Node Type": "Sort", "Parent Relationship": "Inner", "Parallel Aware": false, "Async Capable": false, "Startup Cost": 18989.68, "Total Cost": 19421.64, "Plan Rows": 172785, "Plan Width": 4, "Actual Rows": 9851436, "Actual Loops": 2, "Sort Key": ["c.userid"], "Sort Method": "quicksort", "Sort Space Used": 6145, "Sort Space Type": "Memory", "Workers": [{"Worker Number": 0, "Sort Method": "quicksort", "Sort Space Used": 6145, "Sort Space Type": "Memory"}], "Plans": [{"Node Type": "Seq Scan", "Parent Relationship": "Outer", "Parallel Aware": false, "Async Capable": false, "Relation Name": "comments", "Alias": "c", "Startup Cost": 0.0, "Total Cost": 3958.57, "Plan Rows": 172785, "Plan Width": 4, "Actual Rows": 172741, "Actual Loops": 2, "Filter": "((creationdate >= '2010-08-12 20:33:46'::timestamp without time zone) AND (creationdate <= '2014-09-13 19:26:55'::timestamp without time zone))", "Rows Removed by Filter": 1564, "Workers": []}]}]}]}]}]}, "Planning Time": 3.45, "Triggers": [], "Execution Time": 1124.296}, {"Plan": {"Node Type": "Aggregate", "Strategy": "Plain", "Partial Mode": "Finalize", "Parallel Aware": false, "Async Capable": false, "Startup Cost": 1701031.04, "Total Cost": 1701031.05, "Plan Rows": 1, "Plan Width": 8, "Actual Rows": 1, "Actual Loops": 1, "Plans": [{"Node Type": "Gather", "Parent Relationship": "Outer", "Parallel Aware": false, "Async Capable": false, "Startup Cost": 1701030.93, "Total Cost": 1701031.04, "Plan Rows": 1, "Plan Width": 8, "Actual Rows": 2, "Actual Loops": 1, "Workers Planned": 1, "Workers Launched": 1, "Single Copy": false, "Plans": [{"Node Type": "Aggregate", "Strategy": "Plain", "Partial Mode": "Partial", "Parent Relationship": "Outer", "Parallel Aware": false, "Async Capable": false, "Startup Cost": 1700030.93, "Total Cost": 1700030.94, "Plan Rows": 1, "Plan Width": 8, "Actual Rows": 1, "Actual Loops": 2, "Workers": [], "Plans": [{"Node Type": "Merge Join", "Parent Relationship": "Outer", "Parallel Aware": false, "Async Capable": false, "Join Type": "Inner", "Startup Cost": 76292.03, "Total Cost": 127419.04, "Plan Rows": 629044756, "Plan Width": 0, "Actual Rows": 9701284, "Actual Loops": 2, "Inner Unique": false, "Merge Cond": "(u.id = c.userid)", "Workers": [], "Plans": [{"Node Type": "Merge Join", "Parent Relationship": "Outer", "Parallel Aware": false, "Async Capable": false, "Join Type": "Inner", "Startup Cost": 57301.96, "Total Cost": 60350.05, "Plan Rows": 731917, "Plan Width": 12, "Actual Rows": 212799, "Actual Loops": 2, "Inner Unique": false, "Merge Cond": "(u.id = ph.userid)", "Workers": [], "Plans": [{"Node Type": "Merge Join", "Parent Relationship": "Outer", "Parallel Aware": false, "Async Capable": false, "Join Type": "Inner", "Startup Cost": 26114.46, "Total Cost": 26612.78, "Plan Rows": 19906, "Plan Width": 8, "Actual Rows": 9990, "Actual Loops": 2, "Inner Unique": true, "Merge Cond": "(v.userid = u.id)", "Workers": [], "Plans": [{"Node Type": "Sort", "Parent Relationship": "Outer", "Parallel Aware": false, "Async Capable": false, "Startup Cost": 21889.06, "Total Cost": 22368.68, "Plan Rows": 191849, "Plan Width": 4, "Actual Rows": 17303, "Actual Loops": 2, "Sort Key": ["v.userid"], "Sort Method": "quicksort", "Sort Space Used": 6145, "Sort Space Type": "Memory", "Workers": [{"Worker Number": 0, "Sort Method": "quicksort", "Sort Space Used": 3073, "Sort Space Type": "Memory"}], "Plans": [{"Node Type": "Seq Scan", "Parent Relationship": "Outer", "Parallel Aware": true, "Async Capable": false, "Relation Name": "votes", "Alias": "v", "Startup Cost": 0.0, "Total Cost": 5054.68, "Plan Rows": 191849, "Plan Width": 4, "Actual Rows": 163081, "Actual Loops": 2, "Filter": "((creationdate >= '2010-07-26 00:00:00'::timestamp without time zone) AND (creationdate <= '2014-09-12 00:00:00'::timestamp without time zone))", "Rows Removed by Filter": 951, "Workers": []}]}, {"Node Type": "Sort", "Parent Relationship": "Inner", "Parallel Aware": false, "Async Capable": false, "Startup Cost": 4225.4, "Total Cost": 4324.31, "Plan Rows": 39564, "Plan Width": 4, "Actual Rows": 39446, "Actual Loops": 2, "Sort Key": ["u.id"], "Sort Method": "quicksort", "Sort Space Used": 1537, "Sort Space Type": "Memory", "Workers": [{"Worker Number": 0, "Sort Method": "quicksort", "Sort Space Used": 1537, "Sort Space Type": "Memory"}], "Plans": [{"Node Type": "Seq Scan", "Parent Relationship": "Outer", "Parallel Aware": false, "Async Capable": false, "Relation Name": "users", "Alias": "u", "Startup Cost": 0.0, "Total Cost": 1204.31, "Plan Rows": 39564, "Plan Width": 4, "Actual Rows": 39806, "Actual Loops": 2, "Filter": "((views >= 0) AND (views <= 783) AND (downvotes >= 0) AND (downvotes <= 1) AND (upvotes <= 123))", "Rows Removed by Filter": 519, "Workers": []}]}]}, {"Node Type": "Sort", "Parent Relationship": "Inner", "Parallel Aware": false, "Async Capable": false, "Startup Cost": 31187.5, "Total Cost": 31863.59, "Plan Rows": 270433, "Plan Width": 4, "Actual Rows": 428996, "Actual Loops": 2, "Sort Key": ["ph.userid"], "Sort Method": "quicksort", "Sort Space Used": 12289, "Sort Space Type": "Memory", "Workers": [{"Worker Number": 0, "Sort Method": "quicksort", "Sort Space Used": 12289, "Sort Space Type": "Memory"}], "Plans": [{"Node Type": "Seq Scan", "Parent Relationship": "Outer", "Parallel Aware": false, "Async Capable": false, "Relation Name": "posthistory", "Alias": "ph", "Startup Cost": 0.0, "Total Cost": 6787.8, "Plan Rows": 270433, "Plan Width": 4, "Actual Rows": 270380, "Actual Loops": 2, "Filter": "((creationdate >= '2011-04-11 14:46:09'::timestamp without time zone) AND (creationdate <= '2014-08-17 16:37:23'::timestamp without time zone))", "Rows Removed by Filter": 32807, "Workers": []}]}]}, {"Node Type": "Sort", "Parent Relationship": "Inner", "Parallel Aware": false, "Async Capable": false, "Startup Cost": 18989.68, "Total Cost": 19421.64, "Plan Rows": 172785, "Plan Width": 4, "Actual Rows": 9851846, "Actual Loops": 2, "Sort Key": ["c.userid"], "Sort Method": "quicksort", "Sort Space Used": 6145, "Sort Space Type": "Memory", "Workers": [{"Worker Number": 0, "Sort Method": "quicksort", "Sort Space Used": 6145, "Sort Space Type": "Memory"}], "Plans": [{"Node Type": "Seq Scan", "Parent Relationship": "Outer", "Parallel Aware": false, "Async Capable": false, "Relation Name": "comments", "Alias": "c", "Startup Cost": 0.0, "Total Cost": 3958.57, "Plan Rows": 172785, "Plan Width": 4, "Actual Rows": 172741, "Actual Loops": 2, "Filter": "((creationdate >= '2010-08-12 20:33:46'::timestamp without time zone) AND (creationdate <= '2014-09-13 19:26:55'::timestamp without time zone))", "Rows Removed by Filter": 1564, "Workers": []}]}]}]}]}]}, "Planning Time": 3.565, "Triggers": [], "Execution Time": 1068.521}, {"Plan": {"Node Type": "Aggregate", "Strategy": "Plain", "Partial Mode": "Finalize", "Parallel Aware": false, "Async Capable": false, "Startup Cost": 1773406.93, "Total Cost": 1773406.94, "Plan Rows": 1, "Plan Width": 8, "Actual Rows": 1, "Actual Loops": 1, "Plans": [{"Node Type": "Gather", "Parent Relationship": "Outer", "Parallel Aware": false, "Async Capable": false, "Startup Cost": 1773406.81, "Total Cost": 1773406.92, "Plan Rows": 1, "Plan Width": 8, "Actual Rows": 2, "Actual Loops": 1, "Workers Planned": 1, "Workers Launched": 1, "Single Copy": false, "Plans": [{"Node Type": "Aggregate", "Strategy": "Plain", "Partial Mode": "Partial", "Parent Relationship": "Outer", "Parallel Aware": false, "Async Capable": false, "Startup Cost": 1772406.81, "Total Cost": 1772406.82, "Plan Rows": 1, "Plan Width": 8, "Actual Rows": 1, "Actual Loops": 2, "Workers": [], "Plans": [{"Node Type": "Nested Loop", "Parent Relationship": "Outer", "Parallel Aware": false, "Async Capable": false, "Join Type": "Inner", "Startup Cost": 1.26, "Total Cost": 199794.92, "Plan Rows": 629044756, "Plan Width": 0, "Actual Rows": 9701284, "Actual Loops": 2, "Inner Unique": false, "Join Filter": "(ph.userid = u.id)", "Rows Removed by Join Filter": 0, "Workers": [], "Plans": [{"Node Type": "Nested Loop", "Parent Relationship": "Outer", "Parallel Aware": false, "Async Capable": false, "Join Type": "Inner", "Startup Cost": 0.72, "Total Cost": 49850.51, "Plan Rows": 630300, "Plan Width": 12, "Actual Rows": 110850, "Actual Loops": 2, "Inner Unique": false, "Join Filter": "(c.userid = u.id)", "Rows Removed by Join Filter": 0, "Workers": [], "Plans": [{"Node Type": "Nested Loop", "Parent Relationship": "Outer", "Parallel Aware": false, "Async Capable": false, "Join Type": "Inner", "Startup Cost": 0.31, "Total Cost": 27181.85, "Plan Rows": 19906, "Plan Width": 8, "Actual Rows": 10004, "Actual Loops": 2, "Inner Unique": true, "Workers": [], "Plans": [{"Node Type": "Seq Scan", "Parent Relationship": "Outer", "Parallel Aware": true, "Async Capable": false, "Relation Name": "votes", "Alias": "v", "Startup Cost": 0.0, "Total Cost": 5054.68, "Plan Rows": 191849, "Plan Width": 4, "Actual Rows": 163081, "Actual Loops": 2, "Filter": "((creationdate >= '2010-07-26 00:00:00'::timestamp without time zone) AND (creationdate <= '2014-09-12 00:00:00'::timestamp without time zone))", "Rows Removed by Filter": 951, "Workers": []}, {"Node Type": "Memoize", "Parent Relationship": "Inner", "Parallel Aware": false, "Async Capable": false, "Startup Cost": 0.31, "Total Cost": 4.33, "Plan Rows": 1, "Plan Width": 4, "Actual Rows": 0, "Actual Loops": 326162, "Cache Key": "v.userid", "Cache Mode": "logical", "Cache Hits": 172229, "Cache Misses": 3839, "Cache Evictions": 0, "Cache Overflows": 0, "Peak Memory Usage": 376, "Workers": [{"Worker Number": 0, "Cache Hits": 146471, "Cache Misses": 3623, "Cache Evictions": 0, "Cache Overflows": 0, "Peak Memory Usage": 355}], "Plans": [{"Node Type": "Bitmap Heap Scan", "Parent Relationship": "Outer", "Parallel Aware": false, "Async Capable": false, "Relation Name": "users", "Alias": "u", "Startup Cost": 0.3, "Total Cost": 4.32, "Plan Rows": 1, "Plan Width": 4, "Actual Rows": 1, "Actual Loops": 7462, "Recheck Cond": "(v.userid = id)", "Rows Removed by Index Recheck": 0, "Filter": "((views >= 0) AND (views <= 783) AND (downvotes >= 0) AND (downvotes <= 1) AND (upvotes <= 123))", "Rows Removed by Filter": 0, "Exact Heap Blocks": 3838, "Lossy Heap Blocks": 0, "Workers": [], "Plans": [{"Node Type": "Bitmap Index Scan", "Parent Relationship": "Outer", "Parallel Aware": false, "Async Capable": false, "Index Name": "users_pkey", "Startup Cost": 0.0, "Total Cost": 0.3, "Plan Rows": 1, "Plan Width": 0, "Actual Rows": 1, "Actual Loops": 7462, "Index Cond": "(id = v.userid)", "Workers": []}]}]}]}, {"Node Type": "Memoize", "Parent Relationship": "Inner", "Parallel Aware": false, "Async Capable": false, "Startup Cost": 0.41, "Total Cost": 4.64, "Plan Rows": 13, "Plan Width": 4, "Actual Rows": 11, "Actual Loops": 20007, "Cache Key": "v.userid", "Cache Mode": "logical", "Cache Hits": 6906, "Cache Misses": 3439, "Cache Evictions": 0, "Cache Overflows": 0, "Peak Memory Usage": 940, "Workers": [{"Worker Number": 0, "Cache Hits": 6409, "Cache Misses": 3253, "Cache Evictions": 0, "Cache Overflows": 0, "Peak Memory Usage": 937}], "Plans": [{"Node Type": "Bitmap Heap Scan", "Parent Relationship": "Outer", "Parallel Aware": false, "Async Capable": false, "Relation Name": "comments", "Alias": "c", "Startup Cost": 0.4, "Total Cost": 4.63, "Plan Rows": 13, "Plan Width": 4, "Actual Rows": 6, "Actual Loops": 6692, "Recheck Cond": "(userid = v.userid)", "Rows Removed by Index Recheck": 0, "Filter": "((creationdate >= '2010-08-12 20:33:46'::timestamp without time zone) AND (creationdate <= '2014-09-13 19:26:55'::timestamp without time zone))", "Rows Removed by Filter": 0, "Exact Heap Blocks": 11543, "Lossy Heap Blocks": 0, "Workers": [], "Plans": [{"Node Type": "Bitmap Index Scan", "Parent Relationship": "Outer", "Parallel Aware": false, "Async Capable": false, "Index Name": "idx_comments_userid", "Startup Cost": 0.0, "Total Cost": 0.39, "Plan Rows": 13, "Plan Width": 0, "Actual Rows": 6, "Actual Loops": 6692, "Index Cond": "(userid = v.userid)", "Workers": []}]}]}]}, {"Node Type": "Memoize", "Parent Relationship": "Inner", "Parallel Aware": false, "Async Capable": false, "Startup Cost": 0.54, "Total Cost": 4.79, "Plan Rows": 13, "Plan Width": 4, "Actual Rows": 88, "Actual Loops": 221701, "Cache Key": "v.userid", "Cache Mode": "logical", "Cache Hits": 111619, "Cache Misses": 1888, "Cache Evictions": 0, "Cache Overflows": 0, "Peak Memory Usage": 1394, "Workers": [{"Worker Number": 0, "Cache Hits": 106414, "Cache Misses": 1780, "Cache Evictions": 0, "Cache Overflows": 0, "Peak Memory Usage": 1405}], "Plans": [{"Node Type": "Bitmap Heap Scan", "Parent Relationship": "Outer", "Parallel Aware": false, "Async Capable": false, "Relation Name": "posthistory", "Alias": "ph", "Startup Cost": 0.53, "Total Cost": 4.78, "Plan Rows": 13, "Plan Width": 4, "Actual Rows": 20, "Actual Loops": 3668, "Recheck Cond": "(userid = v.userid)", "Rows Removed by Index Recheck": 0, "Filter": "((creationdate >= '2011-04-11 14:46:09'::timestamp without time zone) AND (creationdate <= '2014-08-17 16:37:23'::timestamp without time zone))", "Rows Removed by Filter": 2, "Exact Heap Blocks": 14961, "Lossy Heap Blocks": 0, "Workers": [], "Plans": [{"Node Type": "Bitmap Index Scan", "Parent Relationship": "Outer", "Parallel Aware": false, "Async Capable": false, "Index Name": "idx_posthistory_userid", "Startup Cost": 0.0, "Total Cost": 0.53, "Plan Rows": 14, "Plan Width": 0, "Actual Rows": 22, "Actual Loops": 3668, "Index Cond": "(userid = v.userid)", "Workers": []}]}]}]}]}]}]}, "Planning Time": 5.151, "Triggers": [], "Execution Time": 880.39}]