[{"Plan": {"Node Type": "Aggregate", "Strategy": "Plain", "Partial Mode": "Simple", "Parallel Aware": false, "Async Capable": false, "Startup Cost": 2402.53, "Total Cost": 2402.54, "Plan Rows": 1, "Plan Width": 8, "Actual Rows": 1, "Actual Loops": 1, "Plans": [{"Node Type": "Hash Join", "Parent Relationship": "Outer", "Parallel Aware": false, "Async Capable": false, "Join Type": "Inner", "Startup Cost": 34.95, "Total Cost": 2402.52, "Plan Rows": 6, "Plan Width": 0, "Actual Rows": 5091, "Actual Loops": 1, "Inner Unique": false, "Hash Cond": "(p.id = t.excerptpostid)", "Plans": [{"Node Type": "Merge Join", "Parent Relationship": "Outer", "Parallel Aware": false, "Async Capable": false, "Join Type": "Inner", "Startup Cost": 1.73, "Total Cost": 2365.23, "Plan Rows": 803, "Plan Width": 4, "Actual Rows": 908830, "Actual Loops": 1, "Inner Unique": true, "Merge Cond": "(v.userid = u.id)", "Plans": [{"Node Type": "Merge Join", "Parent Relationship": "Outer", "Parallel Aware": false, "Async Capable": false, "Join Type": "Inner", "Startup Cost": 1.44, "Total Cost": 4279.72, "Plan Rows": 39110, "Plan Width": 16, "Actual Rows": 24804704, "Actual Loops": 1, "Inner Unique": false, "Merge Cond": "(v.userid = b.userid)", "Plans": [{"Node Type": "Merge Join", "Parent Relationship": "Outer", "Parallel Aware": false, "Async Capable": false, "Join Type": "Inner", "Startup Cost": 0.71, "Total Cost": 5861.77, "Plan Rows": 13489, "Plan Width": 12, "Actual Rows": 121174, "Actual Loops": 1, "Inner Unique": false, "Merge Cond": "(v.userid = p.owneruserid)", "Plans": [{"Node Type": "Index Scan", "Parent Relationship": "Outer", "Parallel Aware": false, "Async Capable": false, "Scan Direction": "Forward", "Index Name": "idx_votes_userid", "Relation Name": "votes", "Alias": "v", "Startup Cost": 0.42, "Total Cost": 13242.63, "Plan Rows": 1728, "Plan Width": 4, "Actual Rows": 1086, "Actual Loops": 1, "Filter": "((bountyamount >= 0) AND (bountyamount <= 200))", "Rows Removed by Filter": 36543}, {"Node Type": "Index Scan", "Parent Relationship": "Inner", "Parallel Aware": false, "Async Capable": false, "Scan Direction": "Forward", "Index Name": "idx_posts_owneruserid", "Relation Name": "posts", "Alias": "p", "Startup Cost": 0.29, "Total Cost": 4093.67, "Plan Rows": 91976, "Plan Width": 8, "Actual Rows": 185849, "Actual Loops": 1}]}, {"Node Type": "Index Scan", "Parent Relationship": "Inner", "Parallel Aware": false, "Async Capable": false, "Scan Direction": "Forward", "Index Name": "idx_badges_userid", "Relation Name": "badges", "Alias": "b", "Startup Cost": 0.29, "Total Cost": 3064.97, "Plan Rows": 79733, "Plan Width": 4, "Actual Rows": 24871216, "Actual Loops": 1, "Filter": "(date <= '2014-09-12 12:56:22'::timestamp without time zone)", "Rows Removed by Filter": 93470}]}, {"Node Type": "Index Scan", "Parent Relationship": "Inner", "Parallel Aware": false, "Async Capable": false, "Scan Direction": "Forward", "Index Name": "users_pkey", "Relation Name": "users", "Alias": "u", "Startup Cost": 0.29, "Total Cost": 1760.41, "Plan Rows": 39876, "Plan Width": 4, "Actual Rows": 38814, "Actual Loops": 1, "Filter": "((views >= 0) AND (views <= 515) AND (upvotes >= 0) AND (creationdate <= '2014-09-07 13:46:41'::timestamp without time zone))", "Rows Removed by Filter": 85}]}, {"Node Type": "Hash", "Parent Relationship": "Inner", "Parallel Aware": false, "Async Capable": false, "Startup Cost": 20.32, "Total Cost": 20.32, "Plan Rows": 1032, "Plan Width": 4, "Actual Rows": 596, "Actual Loops": 1, "Hash Buckets": 2048, "Original Hash Buckets": 2048, "Hash Batches": 1, "Original Hash Batches": 1, "Peak Memory Usage": 37, "Plans": [{"Node Type": "Seq Scan", "Parent Relationship": "Outer", "Parallel Aware": false, "Async Capable": false, "Relation Name": "tags", "Alias": "t", "Startup Cost": 0.0, "Total Cost": 20.32, "Plan Rows": 1032, "Plan Width": 4, "Actual Rows": 1032, "Actual Loops": 1}]}]}]}, "Planning Time": 3.728, "Triggers": [], "Execution Time": 5951.08}, {"Plan": {"Node Type": "Aggregate", "Strategy": "Plain", "Partial Mode": "Simple", "Parallel Aware": false, "Async Capable": false, "Startup Cost": 50000022296.75, "Total Cost": 50000022296.76, "Plan Rows": 1, "Plan Width": 8, "Actual Rows": 1, "Actual Loops": 1, "Plans": [{"Node Type": "Nested Loop", "Parent Relationship": "Outer", "Parallel Aware": false, "Async Capable": false, "Join Type": "Inner", "Startup Cost": 50000000001.94, "Total Cost": 50000022296.74, "Plan Rows": 6, "Plan Width": 0, "Actual Rows": 5091, "Actual Loops": 1, "Inner Unique": false, "Join Filter": "(u.id = b.userid)", "Rows Removed by Join Filter": 0, "Plans": [{"Node Type": "Nested Loop", "Parent Relationship": "Outer", "Parallel Aware": false, "Async Capable": false, "Join Type": "Inner", "Startup Cost": 40000000001.61, "Total Cost": 40000022283.53, "Plan Rows": 3, "Plan Width": 12, "Actual Rows": 312, "Actual Loops": 1, "Inner Unique": false, "Plans": [{"Node Type": "Nested Loop", "Parent Relationship": "Outer", "Parallel Aware": false, "Async Capable": false, "Join Type": "Inner", "Startup Cost": 30000000001.33, "Total Cost": 30000020534.51, "Plan Rows": 406, "Plan Width": 16, "Actual Rows": 32380, "Actual Loops": 1, "Inner Unique": false, "Plans": [{"Node Type": "Nested Loop", "Parent Relationship": "Outer", "Parallel Aware": false, "Async Capable": false, "Join Type": "Inner", "Startup Cost": 20000000000.99, "Total Cost": 20000019733.31, "Plan Rows": 181, "Plan Width": 8, "Actual Rows": 942, "Actual Loops": 1, "Inner Unique": true, "Plans": [{"Node Type": "Index Scan", "Parent Relationship": "Outer", "Parallel Aware": false, "Async Capable": false, "Scan Direction": "Forward", "Index Name": "idx_votes_userid", "Relation Name": "votes", "Alias": "v", "Startup Cost": 10000000000.42, "Total Cost": 10000013242.63, "Plan Rows": 1728, "Plan Width": 4, "Actual Rows": 1725, "Actual Loops": 1, "Filter": "((bountyamount >= 0) AND (bountyamount <= 200))", "Rows Removed by Filter": 326339}, {"Node Type": "Memoize", "Parent Relationship": "Inner", "Parallel Aware": false, "Async Capable": false, "Startup Cost": 0.57, "Total Cost": 4.59, "Plan Rows": 1, "Plan Width": 4, "Actual Rows": 1, "Actual Loops": 1725, "Cache Key": "v.userid", "Cache Mode": "logical", "Cache Hits": 1070, "Cache Misses": 655, "Cache Evictions": 0, "Cache Overflows": 0, "Peak Memory Usage": 65, "Plans": [{"Node Type": "Bitmap Heap Scan", "Parent Relationship": "Outer", "Parallel Aware": false, "Async Capable": false, "Relation Name": "users", "Alias": "u", "Startup Cost": 0.56, "Total Cost": 4.58, "Plan Rows": 1, "Plan Width": 4, "Actual Rows": 1, "Actual Loops": 655, "Recheck Cond": "(id = v.userid)", "Rows Removed by Index Recheck": 0, "Filter": "((views >= 0) AND (views <= 515) AND (upvotes >= 0) AND (creationdate <= '2014-09-07 13:46:41'::timestamp without time zone))", "Rows Removed by Filter": 0, "Exact Heap Blocks": 654, "Lossy Heap Blocks": 0, "Plans": [{"Node Type": "Bitmap Index Scan", "Parent Relationship": "Outer", "Parallel Aware": false, "Async Capable": false, "Index Name": "users_pkey", "Startup Cost": 0.0, "Total Cost": 0.56, "Plan Rows": 1, "Plan Width": 0, "Actual Rows": 1, "Actual Loops": 655, "Index Cond": "(id = v.userid)"}]}]}]}, {"Node Type": "Bitmap Heap Scan", "Parent Relationship": "Inner", "Parallel Aware": false, "Async Capable": false, "Relation Name": "posts", "Alias": "p", "Startup Cost": 0.34, "Total Cost": 4.39, "Plan Rows": 4, "Plan Width": 8, "Actual Rows": 34, "Actual Loops": 942, "Recheck Cond": "(owneruserid = u.id)", "Rows Removed by Index Recheck": 0, "Exact Heap Blocks": 23246, "Lossy Heap Blocks": 0, "Plans": [{"Node Type": "Bitmap Index Scan", "Parent Relationship": "Outer", "Parallel Aware": false, "Async Capable": false, "Index Name": "idx_posts_owneruserid", "Startup Cost": 0.0, "Total Cost": 0.34, "Plan Rows": 4, "Plan Width": 0, "Actual Rows": 34, "Actual Loops": 942, "Index Cond": "(owneruserid = u.id)"}]}]}, {"Node Type": "Bitmap Heap Scan", "Parent Relationship": "Inner", "Parallel Aware": false, "Async Capable": false, "Relation Name": "tags", "Alias": "t", "Startup Cost": 0.29, "Total Cost": 4.3, "Plan Rows": 1, "Plan Width": 4, "Actual Rows": 0, "Actual Loops": 32380, "Recheck Cond": "(excerptpostid = p.id)", "Rows Removed by Index Recheck": 0, "Exact Heap Blocks": 312, "Lossy Heap Blocks": 0, "Plans": [{"Node Type": "Bitmap Index Scan", "Parent Relationship": "Outer", "Parallel Aware": false, "Async Capable": false, "Index Name": "idx_tags_excerptpostid", "Startup Cost": 0.0, "Total Cost": 0.29, "Plan Rows": 1, "Plan Width": 0, "Actual Rows": 0, "Actual Loops": 32380, "Index Cond": "(excerptpostid = p.id)"}]}]}, {"Node Type": "Bitmap Heap Scan", "Parent Relationship": "Inner", "Parallel Aware": false, "Async Capable": false, "Relation Name": "badges", "Alias": "b", "Startup Cost": 0.32, "Total Cost": 4.37, "Plan Rows": 3, "Plan Width": 4, "Actual Rows": 16, "Actual Loops": 312, "Recheck Cond": "(p.owneruserid = userid)", "Rows Removed by Index Recheck": 0, "Filter": "(date <= '2014-09-12 12:56:22'::timestamp without time zone)", "Rows Removed by Filter": 0, "Exact Heap Blocks": 3523, "Lossy Heap Blocks": 0, "Plans": [{"Node Type": "Bitmap Index Scan", "Parent Relationship": "Outer", "Parallel Aware": false, "Async Capable": false, "Index Name": "idx_badges_userid", "Startup Cost": 0.0, "Total Cost": 0.32, "Plan Rows": 3, "Plan Width": 0, "Actual Rows": 16, "Actual Loops": 312, "Index Cond": "(userid = p.owneruserid)"}]}]}]}, "Planning Time": 2.604, "Triggers": [], "Execution Time": 169.211}, {"Plan": {"Node Type": "Aggregate", "Strategy": "Plain", "Partial Mode": "Finalize", "Parallel Aware": false, "Async Capable": false, "Startup Cost": 21662.46, "Total Cost": 21662.47, "Plan Rows": 1, "Plan Width": 8, "Actual Rows": 1, "Actual Loops": 1, "Plans": [{"Node Type": "Gather", "Parent Relationship": "Outer", "Parallel Aware": false, "Async Capable": false, "Startup Cost": 21662.35, "Total Cost": 21662.46, "Plan Rows": 1, "Plan Width": 8, "Actual Rows": 2, "Actual Loops": 1, "Workers Planned": 1, "Workers Launched": 1, "Single Copy": false, "Plans": [{"Node Type": "Aggregate", "Strategy": "Plain", "Partial Mode": "Partial", "Parent Relationship": "Outer", "Parallel Aware": false, "Async Capable": false, "Startup Cost": 20662.35, "Total Cost": 20662.36, "Plan Rows": 1, "Plan Width": 8, "Actual Rows": 1, "Actual Loops": 2, "Workers": [], "Plans": [{"Node Type": "Hash Join", "Parent Relationship": "Outer", "Parallel Aware": false, "Async Capable": false, "Join Type": "Inner", "Startup Cost": 9442.56, "Total Cost": 20662.34, "Plan Rows": 4, "Plan Width": 0, "Actual Rows": 2546, "Actual Loops": 2, "Inner Unique": false, "Hash Cond": "(v.userid = u.id)", "Workers": [], "Plans": [{"Node Type": "Index Scan", "Parent Relationship": "Outer", "Parallel Aware": true, "Async Capable": false, "Scan Direction": "Forward", "Index Name": "idx_votes_userid", "Relation Name": "votes", "Alias": "v", "Startup Cost": 0.42, "Total Cost": 11216.36, "Plan Rows": 1016, "Plan Width": 4, "Actual Rows": 862, "Actual Loops": 2, "Filter": "((bountyamount >= 0) AND (bountyamount <= 200))", "Rows Removed by Filter": 163170, "Workers": []}, {"Node Type": "Hash", "Parent Relationship": "Inner", "Parallel Aware": false, "Async Capable": false, "Startup Cost": 9427.8, "Total Cost": 9427.8, "Plan Rows": 1147, "Plan Width": 12, "Actual Rows": 7584, "Actual Loops": 2, "Hash Buckets": 8192, "Original Hash Buckets": 2048, "Hash Batches": 1, "Original Hash Batches": 1, "Peak Memory Usage": 390, "Workers": [], "Plans": [{"Node Type": "Hash Join", "Parent Relationship": "Outer", "Parallel Aware": false, "Async Capable": false, "Join Type": "Inner", "Startup Cost": 6052.66, "Total Cost": 9427.8, "Plan Rows": 1147, "Plan Width": 12, "Actual Rows": 7584, "Actual Loops": 2, "Inner Unique": false, "Hash Cond": "(b.userid = u.id)", "Workers": [], "Plans": [{"Node Type": "Index Scan", "Parent Relationship": "Outer", "Parallel Aware": false, "Async Capable": false, "Scan Direction": "Forward", "Index Name": "idx_badges_userid", "Relation Name": "badges", "Alias": "b", "Startup Cost": 0.29, "Total Cost": 3064.97, "Plan Rows": 79733, "Plan Width": 4, "Actual Rows": 79736, "Actual Loops": 2, "Filter": "(date <= '2014-09-12 12:56:22'::timestamp without time zone)", "Rows Removed by Filter": 115, "Workers": []}, {"Node Type": "Hash", "Parent Relationship": "Inner", "Parallel Aware": false, "Async Capable": false, "Startup Cost": 6045.11, "Total Cost": 6045.11, "Plan Rows": 580, "Plan Width": 8, "Actual Rows": 218, "Actual Loops": 2, "Hash Buckets": 1024, "Original Hash Buckets": 1024, "Hash Batches": 1, "Original Hash Batches": 1, "Peak Memory Usage": 17, "Workers": [], "Plans": [{"Node Type": "Hash Join", "Parent Relationship": "Outer", "Parallel Aware": false, "Async Capable": false, "Join Type": "Inner", "Startup Cost": 2338.83, "Total Cost": 6045.11, "Plan Rows": 580, "Plan Width": 8, "Actual Rows": 218, "Actual Loops": 2, "Inner Unique": true, "Hash Cond": "(p.owneruserid = u.id)", "Workers": [], "Plans": [{"Node Type": "Hash Join", "Parent Relationship": "Outer", "Parallel Aware": false, "Async Capable": false, "Join Type": "Inner", "Startup Cost": 79.97, "Total Cost": 3784.68, "Plan Rows": 596, "Plan Width": 4, "Actual Rows": 596, "Actual Loops": 2, "Inner Unique": false, "Hash Cond": "(p.id = t.excerptpostid)", "Workers": [], "Plans": [{"Node Type": "Index Scan", "Parent Relationship": "Outer", "Parallel Aware": false, "Async Capable": false, "Scan Direction": "Forward", "Index Name": "posts_pkey", "Relation Name": "posts", "Alias": "p", "Startup Cost": 0.29, "Total Cost": 3239.17, "Plan Rows": 91976, "Plan Width": 8, "Actual Rows": 91976, "Actual Loops": 2, "Workers": []}, {"Node Type": "Hash", "Parent Relationship": "Inner", "Parallel Aware": false, "Async Capable": false, "Startup Cost": 66.78, "Total Cost": 66.78, "Plan Rows": 1032, "Plan Width": 4, "Actual Rows": 596, "Actual Loops": 2, "Hash Buckets": 2048, "Original Hash Buckets": 2048, "Hash Batches": 1, "Original Hash Batches": 1, "Peak Memory Usage": 37, "Workers": [], "Plans": [{"Node Type": "Index Only Scan", "Parent Relationship": "Outer", "Parallel Aware": false, "Async Capable": false, "Scan Direction": "Forward", "Index Name": "idx_tags_excerptpostid", "Relation Name": "tags", "Alias": "t", "Startup Cost": 0.28, "Total Cost": 66.78, "Plan Rows": 1032, "Plan Width": 4, "Actual Rows": 1032, "Actual Loops": 2, "Heap Fetches": 2064, "Workers": []}]}]}, {"Node Type": "Hash", "Parent Relationship": "Inner", "Parallel Aware": false, "Async Capable": false, "Startup Cost": 1760.41, "Total Cost": 1760.41, "Plan Rows": 39876, "Plan Width": 4, "Actual Rows": 39871, "Actual Loops": 2, "Hash Buckets": 65536, "Original Hash Buckets": 65536, "Hash Batches": 1, "Original Hash Batches": 1, "Peak Memory Usage": 1914, "Workers": [], "Plans": [{"Node Type": "Index Scan", "Parent Relationship": "Outer", "Parallel Aware": false, "Async Capable": false, "Scan Direction": "Forward", "Index Name": "users_pkey", "Relation Name": "users", "Alias": "u", "Startup Cost": 0.29, "Total Cost": 1760.41, "Plan Rows": 39876, "Plan Width": 4, "Actual Rows": 39871, "Actual Loops": 2, "Filter": "((views >= 0) AND (views <= 515) AND (upvotes >= 0) AND (creationdate <= '2014-09-07 13:46:41'::timestamp without time zone))", "Rows Removed by Filter": 454, "Workers": []}]}]}]}]}]}]}]}]}]}, "Planning Time": 6.103, "Triggers": [], "Execution Time": 198.331}, {"Plan": {"Node Type": "Aggregate", "Strategy": "Plain", "Partial Mode": "Simple", "Parallel Aware": false, "Async Capable": false, "Startup Cost": 2448.99, "Total Cost": 2449.0, "Plan Rows": 1, "Plan Width": 8, "Actual Rows": 1, "Actual Loops": 1, "Plans": [{"Node Type": "Hash Join", "Parent Relationship": "Outer", "Parallel Aware": false, "Async Capable": false, "Join Type": "Inner", "Startup Cost": 81.41, "Total Cost": 2448.97, "Plan Rows": 6, "Plan Width": 0, "Actual Rows": 5091, "Actual Loops": 1, "Inner Unique": false, "Hash Cond": "(p.id = t.excerptpostid)", "Plans": [{"Node Type": "Merge Join", "Parent Relationship": "Outer", "Parallel Aware": false, "Async Capable": false, "Join Type": "Inner", "Startup Cost": 1.73, "Total Cost": 2365.23, "Plan Rows": 803, "Plan Width": 4, "Actual Rows": 908830, "Actual Loops": 1, "Inner Unique": true, "Merge Cond": "(v.userid = u.id)", "Plans": [{"Node Type": "Merge Join", "Parent Relationship": "Outer", "Parallel Aware": false, "Async Capable": false, "Join Type": "Inner", "Startup Cost": 1.44, "Total Cost": 4279.72, "Plan Rows": 39110, "Plan Width": 16, "Actual Rows": 24804704, "Actual Loops": 1, "Inner Unique": false, "Merge Cond": "(v.userid = b.userid)", "Plans": [{"Node Type": "Merge Join", "Parent Relationship": "Outer", "Parallel Aware": false, "Async Capable": false, "Join Type": "Inner", "Startup Cost": 0.71, "Total Cost": 5861.77, "Plan Rows": 13489, "Plan Width": 12, "Actual Rows": 121174, "Actual Loops": 1, "Inner Unique": false, "Merge Cond": "(v.userid = p.owneruserid)", "Plans": [{"Node Type": "Index Scan", "Parent Relationship": "Outer", "Parallel Aware": false, "Async Capable": false, "Scan Direction": "Forward", "Index Name": "idx_votes_userid", "Relation Name": "votes", "Alias": "v", "Startup Cost": 0.42, "Total Cost": 13242.63, "Plan Rows": 1728, "Plan Width": 4, "Actual Rows": 1086, "Actual Loops": 1, "Filter": "((bountyamount >= 0) AND (bountyamount <= 200))", "Rows Removed by Filter": 36543}, {"Node Type": "Index Scan", "Parent Relationship": "Inner", "Parallel Aware": false, "Async Capable": false, "Scan Direction": "Forward", "Index Name": "idx_posts_owneruserid", "Relation Name": "posts", "Alias": "p", "Startup Cost": 0.29, "Total Cost": 4093.67, "Plan Rows": 91976, "Plan Width": 8, "Actual Rows": 185849, "Actual Loops": 1}]}, {"Node Type": "Index Scan", "Parent Relationship": "Inner", "Parallel Aware": false, "Async Capable": false, "Scan Direction": "Forward", "Index Name": "idx_badges_userid", "Relation Name": "badges", "Alias": "b", "Startup Cost": 0.29, "Total Cost": 3064.97, "Plan Rows": 79733, "Plan Width": 4, "Actual Rows": 24871216, "Actual Loops": 1, "Filter": "(date <= '2014-09-12 12:56:22'::timestamp without time zone)", "Rows Removed by Filter": 93470}]}, {"Node Type": "Index Scan", "Parent Relationship": "Inner", "Parallel Aware": false, "Async Capable": false, "Scan Direction": "Forward", "Index Name": "users_pkey", "Relation Name": "users", "Alias": "u", "Startup Cost": 0.29, "Total Cost": 1760.41, "Plan Rows": 39876, "Plan Width": 4, "Actual Rows": 38814, "Actual Loops": 1, "Filter": "((views >= 0) AND (views <= 515) AND (upvotes >= 0) AND (creationdate <= '2014-09-07 13:46:41'::timestamp without time zone))", "Rows Removed by Filter": 85}]}, {"Node Type": "Hash", "Parent Relationship": "Inner", "Parallel Aware": false, "Async Capable": false, "Startup Cost": 66.78, "Total Cost": 66.78, "Plan Rows": 1032, "Plan Width": 4, "Actual Rows": 596, "Actual Loops": 1, "Hash Buckets": 2048, "Original Hash Buckets": 2048, "Hash Batches": 1, "Original Hash Batches": 1, "Peak Memory Usage": 37, "Plans": [{"Node Type": "Index Only Scan", "Parent Relationship": "Outer", "Parallel Aware": false, "Async Capable": false, "Scan Direction": "Forward", "Index Name": "idx_tags_excerptpostid", "Relation Name": "tags", "Alias": "t", "Startup Cost": 0.28, "Total Cost": 66.78, "Plan Rows": 1032, "Plan Width": 4, "Actual Rows": 1032, "Actual Loops": 1, "Heap Fetches": 1032}]}]}]}, "Planning Time": 3.648, "Triggers": [], "Execution Time": 5935.732}, {"Plan": {"Node Type": "Aggregate", "Strategy": "Plain", "Partial Mode": "Simple", "Parallel Aware": false, "Async Capable": false, "Startup Cost": 2817.72, "Total Cost": 2817.73, "Plan Rows": 1, "Plan Width": 8, "Actual Rows": 1, "Actual Loops": 1, "Plans": [{"Node Type": "Nested Loop", "Parent Relationship": "Outer", "Parallel Aware": false, "Async Capable": false, "Join Type": "Inner", "Startup Cost": 1.58, "Total Cost": 2817.71, "Plan Rows": 6, "Plan Width": 0, "Actual Rows": 5091, "Actual Loops": 1, "Inner Unique": false, "Join Filter": "(u.id = b.userid)", "Rows Removed by Join Filter": 0, "Plans": [{"Node Type": "Nested Loop", "Parent Relationship": "Outer", "Parallel Aware": false, "Async Capable": false, "Join Type": "Inner", "Startup Cost": 1.29, "Total Cost": 2816.46, "Plan Rows": 3, "Plan Width": 12, "Actual Rows": 312, "Actual Loops": 1, "Inner Unique": true, "Join Filter": "(u.id = v.userid)", "Rows Removed by Join Filter": 0, "Plans": [{"Node Type": "Nested Loop", "Parent Relationship": "Outer", "Parallel Aware": false, "Async Capable": false, "Join Type": "Inner", "Startup Cost": 1.0, "Total Cost": 2786.2, "Plan Rows": 87, "Plan Width": 8, "Actual Rows": 2642, "Actual Loops": 1, "Inner Unique": false, "Plans": [{"Node Type": "Nested Loop", "Parent Relationship": "Outer", "Parallel Aware": false, "Async Capable": false, "Join Type": "Inner", "Startup Cost": 0.58, "Total Cost": 2344.14, "Plan Rows": 596, "Plan Width": 4, "Actual Rows": 596, "Actual Loops": 1, "Inner Unique": true, "Plans": [{"Node Type": "Index Only Scan", "Parent Relationship": "Outer", "Parallel Aware": false, "Async Capable": false, "Scan Direction": "Forward", "Index Name": "idx_tags_excerptpostid", "Relation Name": "tags", "Alias": "t", "Startup Cost": 0.28, "Total Cost": 66.78, "Plan Rows": 1032, "Plan Width": 4, "Actual Rows": 1032, "Actual Loops": 1, "Heap Fetches": 1032}, {"Node Type": "Memoize", "Parent Relationship": "Inner", "Parallel Aware": false, "Async Capable": false, "Startup Cost": 0.3, "Total Cost": 3.79, "Plan Rows": 1, "Plan Width": 8, "Actual Rows": 1, "Actual Loops": 1032, "Cache Key": "t.excerptpostid", "Cache Mode": "logical", "Cache Hits": 435, "Cache Misses": 597, "Cache Evictions": 0, "Cache Overflows": 0, "Peak Memory Usage": 63, "Plans": [{"Node Type": "Index Scan", "Parent Relationship": "Outer", "Parallel Aware": false, "Async Capable": false, "Scan Direction": "Forward", "Index Name": "posts_pkey", "Relation Name": "posts", "Alias": "p", "Startup Cost": 0.29, "Total Cost": 3.78, "Plan Rows": 1, "Plan Width": 8, "Actual Rows": 1, "Actual Loops": 597, "Index Cond": "(id = t.excerptpostid)", "Rows Removed by Index Recheck": 0}]}]}, {"Node Type": "Index Scan", "Parent Relationship": "Inner", "Parallel Aware": false, "Async Capable": false, "Scan Direction": "Forward", "Index Name": "idx_votes_userid", "Relation Name": "votes", "Alias": "v", "Startup Cost": 0.42, "Total Cost": 0.73, "Plan Rows": 1, "Plan Width": 4, "Actual Rows": 4, "Actual Loops": 596, "Index Cond": "(userid = p.owneruserid)", "Rows Removed by Index Recheck": 0, "Filter": "((bountyamount >= 0) AND (bountyamount <= 200))", "Rows Removed by Filter": 114}]}, {"Node Type": "Index Scan", "Parent Relationship": "Inner", "Parallel Aware": false, "Async Capable": false, "Scan Direction": "Forward", "Index Name": "users_pkey", "Relation Name": "users", "Alias": "u", "Startup Cost": 0.29, "Total Cost": 0.34, "Plan Rows": 1, "Plan Width": 4, "Actual Rows": 0, "Actual Loops": 2642, "Index Cond": "(id = p.owneruserid)", "Rows Removed by Index Recheck": 0, "Filter": "((views >= 0) AND (views <= 515) AND (upvotes >= 0) AND (creationdate <= '2014-09-07 13:46:41'::timestamp without time zone))", "Rows Removed by Filter": 1}]}, {"Node Type": "Index Scan", "Parent Relationship": "Inner", "Parallel Aware": false, "Async Capable": false, "Scan Direction": "Forward", "Index Name": "idx_badges_userid", "Relation Name": "badges", "Alias": "b", "Startup Cost": 0.29, "Total Cost": 0.38, "Plan Rows": 3, "Plan Width": 4, "Actual Rows": 16, "Actual Loops": 312, "Index Cond": "(userid = p.owneruserid)", "Rows Removed by Index Recheck": 0, "Filter": "(date <= '2014-09-12 12:56:22'::timestamp without time zone)", "Rows Removed by Filter": 0}]}]}, "Planning Time": 2.12, "Triggers": [], "Execution Time": 21.103}, {"Plan": {"Node Type": "Aggregate", "Strategy": "Plain", "Partial Mode": "Simple", "Parallel Aware": false, "Async Capable": false, "Startup Cost": 2732.41, "Total Cost": 2732.42, "Plan Rows": 1, "Plan Width": 8, "Actual Rows": 1, "Actual Loops": 1, "Plans": [{"Node Type": "Nested Loop", "Parent Relationship": "Outer", "Parallel Aware": false, "Async Capable": false, "Join Type": "Inner", "Startup Cost": 34.22, "Total Cost": 2732.39, "Plan Rows": 6, "Plan Width": 0, "Actual Rows": 5091, "Actual Loops": 1, "Inner Unique": false, "Join Filter": "(u.id = b.userid)", "Rows Removed by Join Filter": 0, "Plans": [{"Node Type": "Nested Loop", "Parent Relationship": "Outer", "Parallel Aware": false, "Async Capable": false, "Join Type": "Inner", "Startup Cost": 33.93, "Total Cost": 2731.15, "Plan Rows": 3, "Plan Width": 12, "Actual Rows": 312, "Actual Loops": 1, "Inner Unique": true, "Join Filter": "(u.id = v.userid)", "Rows Removed by Join Filter": 0, "Plans": [{"Node Type": "Nested Loop", "Parent Relationship": "Outer", "Parallel Aware": false, "Async Capable": false, "Join Type": "Inner", "Startup Cost": 33.64, "Total Cost": 2700.89, "Plan Rows": 87, "Plan Width": 8, "Actual Rows": 2642, "Actual Loops": 1, "Inner Unique": false, "Plans": [{"Node Type": "Hash Join", "Parent Relationship": "Outer", "Parallel Aware": false, "Async Capable": false, "Join Type": "Inner", "Startup Cost": 33.22, "Total Cost": 2258.82, "Plan Rows": 596, "Plan Width": 4, "Actual Rows": 596, "Actual Loops": 1, "Inner Unique": false, "Hash Cond": "(p.id = t.excerptpostid)", "Plans": [{"Node Type": "Seq Scan", "Parent Relationship": "Outer", "Parallel Aware": false, "Async Capable": false, "Relation Name": "posts", "Alias": "p", "Startup Cost": 0.0, "Total Cost": 1759.76, "Plan Rows": 91976, "Plan Width": 8, "Actual Rows": 91976, "Actual Loops": 1}, {"Node Type": "Hash", "Parent Relationship": "Inner", "Parallel Aware": false, "Async Capable": false, "Startup Cost": 20.32, "Total Cost": 20.32, "Plan Rows": 1032, "Plan Width": 4, "Actual Rows": 596, "Actual Loops": 1, "Hash Buckets": 2048, "Original Hash Buckets": 2048, "Hash Batches": 1, "Original Hash Batches": 1, "Peak Memory Usage": 37, "Plans": [{"Node Type": "Seq Scan", "Parent Relationship": "Outer", "Parallel Aware": false, "Async Capable": false, "Relation Name": "tags", "Alias": "t", "Startup Cost": 0.0, "Total Cost": 20.32, "Plan Rows": 1032, "Plan Width": 4, "Actual Rows": 1032, "Actual Loops": 1}]}]}, {"Node Type": "Index Scan", "Parent Relationship": "Inner", "Parallel Aware": false, "Async Capable": false, "Scan Direction": "Forward", "Index Name": "idx_votes_userid", "Relation Name": "votes", "Alias": "v", "Startup Cost": 0.42, "Total Cost": 0.73, "Plan Rows": 1, "Plan Width": 4, "Actual Rows": 4, "Actual Loops": 596, "Index Cond": "(userid = p.owneruserid)", "Rows Removed by Index Recheck": 0, "Filter": "((bountyamount >= 0) AND (bountyamount <= 200))", "Rows Removed by Filter": 114}]}, {"Node Type": "Index Scan", "Parent Relationship": "Inner", "Parallel Aware": false, "Async Capable": false, "Scan Direction": "Forward", "Index Name": "users_pkey", "Relation Name": "users", "Alias": "u", "Startup Cost": 0.29, "Total Cost": 0.34, "Plan Rows": 1, "Plan Width": 4, "Actual Rows": 0, "Actual Loops": 2642, "Index Cond": "(id = p.owneruserid)", "Rows Removed by Index Recheck": 0, "Filter": "((views >= 0) AND (views <= 515) AND (upvotes >= 0) AND (creationdate <= '2014-09-07 13:46:41'::timestamp without time zone))", "Rows Removed by Filter": 1}]}, {"Node Type": "Index Scan", "Parent Relationship": "Inner", "Parallel Aware": false, "Async Capable": false, "Scan Direction": "Forward", "Index Name": "idx_badges_userid", "Relation Name": "badges", "Alias": "b", "Startup Cost": 0.29, "Total Cost": 0.38, "Plan Rows": 3, "Plan Width": 4, "Actual Rows": 16, "Actual Loops": 312, "Index Cond": "(userid = p.owneruserid)", "Rows Removed by Index Recheck": 0, "Filter": "(date <= '2014-09-12 12:56:22'::timestamp without time zone)", "Rows Removed by Filter": 0}]}]}, "Planning Time": 1.95, "Triggers": [], "Execution Time": 31.673}, {"Plan": {"Node Type": "Aggregate", "Strategy": "Plain", "Partial Mode": "Simple", "Parallel Aware": false, "Async Capable": false, "Startup Cost": 11566.86, "Total Cost": 11566.87, "Plan Rows": 1, "Plan Width": 8, "Actual Rows": 1, "Actual Loops": 1, "Plans": [{"Node Type": "Hash Join", "Parent Relationship": "Outer", "Parallel Aware": false, "Async Capable": false, "Join Type": "Inner", "Startup Cost": 9450.07, "Total Cost": 11566.85, "Plan Rows": 6, "Plan Width": 0, "Actual Rows": 5091, "Actual Loops": 1, "Inner Unique": false, "Hash Cond": "(p.id = t.excerptpostid)", "Plans": [{"Node Type": "Hash Join", "Parent Relationship": "Outer", "Parallel Aware": false, "Async Capable": false, "Join Type": "Inner", "Startup Cost": 9416.85, "Total Cost": 11529.56, "Plan Rows": 803, "Plan Width": 4, "Actual Rows": 908830, "Actual Loops": 1, "Inner Unique": false, "Hash Cond": "(p.owneruserid = u.id)", "Plans": [{"Node Type": "Seq Scan", "Parent Relationship": "Outer", "Parallel Aware": false, "Async Capable": false, "Relation Name": "posts", "Alias": "p", "Startup Cost": 0.0, "Total Cost": 1759.76, "Plan Rows": 91976, "Plan Width": 8, "Actual Rows": 91976, "Actual Loops": 1}, {"Node Type": "Hash", "Parent Relationship": "Inner", "Parallel Aware": false, "Async Capable": false, "Startup Cost": 9412.38, "Total Cost": 9412.38, "Plan Rows": 358, "Plan Width": 12, "Actual Rows": 16394, "Actual Loops": 1, "Hash Buckets": 32768, "Original Hash Buckets": 1024, "Hash Batches": 1, "Original Hash Batches": 1, "Peak Memory Usage": 961, "Plans": [{"Node Type": "Hash Join", "Parent Relationship": "Outer", "Parallel Aware": false, "Async Capable": false, "Join Type": "Inner", "Startup Cost": 7679.66, "Total Cost": 9412.38, "Plan Rows": 358, "Plan Width": 12, "Actual Rows": 16394, "Actual Loops": 1, "Inner Unique": false, "Hash Cond": "(b.userid = u.id)", "Plans": [{"Node Type": "Seq Scan", "Parent Relationship": "Outer", "Parallel Aware": false, "Async Capable": false, "Relation Name": "badges", "Alias": "b", "Startup Cost": 0.0, "Total Cost": 1430.14, "Plan Rows": 79733, "Plan Width": 4, "Actual Rows": 79736, "Actual Loops": 1, "Filter": "(date <= '2014-09-12 12:56:22'::timestamp without time zone)", "Rows Removed by Filter": 115}, {"Node Type": "Hash", "Parent Relationship": "Inner", "Parallel Aware": false, "Async Capable": false, "Startup Cost": 7677.4, "Total Cost": 7677.4, "Plan Rows": 181, "Plan Width": 8, "Actual Rows": 942, "Actual Loops": 1, "Hash Buckets": 1024, "Original Hash Buckets": 1024, "Hash Batches": 1, "Original Hash Batches": 1, "Peak Memory Usage": 45, "Plans": [{"Node Type": "Gather", "Parent Relationship": "Outer", "Parallel Aware": false, "Async Capable": false, "Startup Cost": 2601.95, "Total Cost": 7677.4, "Plan Rows": 181, "Plan Width": 8, "Actual Rows": 942, "Actual Loops": 1, "Workers Planned": 1, "Workers Launched": 1, "Single Copy": false, "Plans": [{"Node Type": "Hash Join", "Parent Relationship": "Outer", "Parallel Aware": false, "Async Capable": false, "Join Type": "Inner", "Startup Cost": 1601.95, "Total Cost": 6659.3, "Plan Rows": 106, "Plan Width": 8, "Actual Rows": 471, "Actual Loops": 2, "Inner Unique": true, "Hash Cond": "(v.userid = u.id)", "Workers": [], "Plans": [{"Node Type": "Seq Scan", "Parent Relationship": "Outer", "Parallel Aware": true, "Async Capable": false, "Relation Name": "votes", "Alias": "v", "Startup Cost": 0.0, "Total Cost": 5054.68, "Plan Rows": 1016, "Plan Width": 4, "Actual Rows": 862, "Actual Loops": 2, "Filter": "((bountyamount >= 0) AND (bountyamount <= 200))", "Rows Removed by Filter": 163170, "Workers": []}, {"Node Type": "Hash", "Parent Relationship": "Inner", "Parallel Aware": false, "Async Capable": false, "Startup Cost": 1103.5, "Total Cost": 1103.5, "Plan Rows": 39876, "Plan Width": 4, "Actual Rows": 39871, "Actual Loops": 2, "Hash Buckets": 65536, "Original Hash Buckets": 65536, "Hash Batches": 1, "Original Hash Batches": 1, "Peak Memory Usage": 1914, "Workers": [], "Plans": [{"Node Type": "Seq Scan", "Parent Relationship": "Outer", "Parallel Aware": false, "Async Capable": false, "Relation Name": "users", "Alias": "u", "Startup Cost": 0.0, "Total Cost": 1103.5, "Plan Rows": 39876, "Plan Width": 4, "Actual Rows": 39871, "Actual Loops": 2, "Filter": "((views >= 0) AND (views <= 515) AND (upvotes >= 0) AND (creationdate <= '2014-09-07 13:46:41'::timestamp without time zone))", "Rows Removed by Filter": 454, "Workers": []}]}]}]}]}]}]}]}, {"Node Type": "Hash", "Parent Relationship": "Inner", "Parallel Aware": false, "Async Capable": false, "Startup Cost": 20.32, "Total Cost": 20.32, "Plan Rows": 1032, "Plan Width": 4, "Actual Rows": 596, "Actual Loops": 1, "Hash Buckets": 2048, "Original Hash Buckets": 2048, "Hash Batches": 1, "Original Hash Batches": 1, "Peak Memory Usage": 37, "Plans": [{"Node Type": "Seq Scan", "Parent Relationship": "Outer", "Parallel Aware": false, "Async Capable": false, "Relation Name": "tags", "Alias": "t", "Startup Cost": 0.0, "Total Cost": 20.32, "Plan Rows": 1032, "Plan Width": 4, "Actual Rows": 1032, "Actual Loops": 1}]}]}]}, "Planning Time": 2.813, "Triggers": [], "Execution Time": 159.297}, {"Plan": {"Node Type": "Aggregate", "Strategy": "Plain", "Partial Mode": "Simple", "Parallel Aware": false, "Async Capable": false, "Startup Cost": 50000002920.76, "Total Cost": 50000002920.77, "Plan Rows": 1, "Plan Width": 8, "Actual Rows": 1, "Actual Loops": 1, "Plans": [{"Node Type": "Merge Join", "Parent Relationship": "Outer", "Parallel Aware": false, "Async Capable": false, "Join Type": "Inner", "Startup Cost": 50000000001.58, "Total Cost": 50000002920.74, "Plan Rows": 6, "Plan Width": 0, "Actual Rows": 5091, "Actual Loops": 1, "Inner Unique": true, "Merge Cond": "(v.userid = u.id)", "Plans": [{"Node Type": "Merge Join", "Parent Relationship": "Outer", "Parallel Aware": false, "Async Capable": false, "Join Type": "Inner", "Startup Cost": 40000000001.29, "Total Cost": 40000009885.47, "Plan Rows": 252, "Plan Width": 12, "Actual Rows": 644030, "Actual Loops": 1, "Inner Unique": false, "Merge Cond": "(v.userid = b.userid)", "Plans": [{"Node Type": "Nested Loop", "Parent Relationship": "Outer", "Parallel Aware": false, "Async Capable": false, "Join Type": "Inner", "Startup Cost": 30000000001.0, "Total Cost": 30000063971.35, "Plan Rows": 87, "Plan Width": 8, "Actual Rows": 2642, "Actual Loops": 1, "Inner Unique": false, "Plans": [{"Node Type": "Merge Join", "Parent Relationship": "Outer", "Parallel Aware": false, "Async Capable": false, "Join Type": "Inner", "Startup Cost": 20000000000.72, "Total Cost": 20000005861.77, "Plan Rows": 13489, "Plan Width": 12, "Actual Rows": 121174, "Actual Loops": 1, "Inner Unique": false, "Merge Cond": "(v.userid = p.owneruserid)", "Plans": [{"Node Type": "Index Scan", "Parent Relationship": "Outer", "Parallel Aware": false, "Async Capable": false, "Scan Direction": "Forward", "Index Name": "idx_votes_userid", "Relation Name": "votes", "Alias": "v", "Startup Cost": 10000000000.42, "Total Cost": 10000013242.63, "Plan Rows": 1728, "Plan Width": 4, "Actual Rows": 1086, "Actual Loops": 1, "Filter": "((bountyamount >= 0) AND (bountyamount <= 200))", "Rows Removed by Filter": 36543}, {"Node Type": "Index Scan", "Parent Relationship": "Inner", "Parallel Aware": false, "Async Capable": false, "Scan Direction": "Forward", "Index Name": "idx_posts_owneruserid", "Relation Name": "posts", "Alias": "p", "Startup Cost": 10000000000.29, "Total Cost": 10000004093.67, "Plan Rows": 91976, "Plan Width": 8, "Actual Rows": 185849, "Actual Loops": 1}]}, {"Node Type": "Bitmap Heap Scan", "Parent Relationship": "Inner", "Parallel Aware": false, "Async Capable": false, "Relation Name": "tags", "Alias": "t", "Startup Cost": 0.29, "Total Cost": 4.3, "Plan Rows": 1, "Plan Width": 4, "Actual Rows": 0, "Actual Loops": 121174, "Recheck Cond": "(excerptpostid = p.id)", "Rows Removed by Index Recheck": 0, "Exact Heap Blocks": 2642, "Lossy Heap Blocks": 0, "Plans": [{"Node Type": "Bitmap Index Scan", "Parent Relationship": "Outer", "Parallel Aware": false, "Async Capable": false, "Index Name": "idx_tags_excerptpostid", "Startup Cost": 0.0, "Total Cost": 0.29, "Plan Rows": 1, "Plan Width": 0, "Actual Rows": 0, "Actual Loops": 121174, "Index Cond": "(excerptpostid = p.id)"}]}]}, {"Node Type": "Index Scan", "Parent Relationship": "Inner", "Parallel Aware": false, "Async Capable": false, "Scan Direction": "Forward", "Index Name": "idx_badges_userid", "Relation Name": "badges", "Alias": "b", "Startup Cost": 10000000000.29, "Total Cost": 10000003064.97, "Plan Rows": 79733, "Plan Width": 4, "Actual Rows": 713159, "Actual Loops": 1, "Filter": "(date <= '2014-09-12 12:56:22'::timestamp without time zone)", "Rows Removed by Filter": 2482}]}, {"Node Type": "Index Scan", "Parent Relationship": "Inner", "Parallel Aware": false, "Async Capable": false, "Scan Direction": "Forward", "Index Name": "users_pkey", "Relation Name": "users", "Alias": "u", "Startup Cost": 10000000000.29, "Total Cost": 10000001760.42, "Plan Rows": 39876, "Plan Width": 4, "Actual Rows": 31857, "Actual Loops": 1, "Filter": "((views >= 0) AND (views <= 515) AND (upvotes >= 0) AND (creationdate <= '2014-09-07 13:46:41'::timestamp without time zone))", "Rows Removed by Filter": 85}]}]}, "Planning Time": 3.484, "Triggers": [], "Execution Time": 497.001}, {"Plan": {"Node Type": "Aggregate", "Strategy": "Plain", "Partial Mode": "Simple", "Parallel Aware": false, "Async Capable": false, "Startup Cost": 10000022296.75, "Total Cost": 10000022296.76, "Plan Rows": 1, "Plan Width": 8, "Actual Rows": 1, "Actual Loops": 1, "Plans": [{"Node Type": "Nested Loop", "Parent Relationship": "Outer", "Parallel Aware": false, "Async Capable": false, "Join Type": "Inner", "Startup Cost": 10000000001.94, "Total Cost": 10000022296.74, "Plan Rows": 6, "Plan Width": 0, "Actual Rows": 5091, "Actual Loops": 1, "Inner Unique": false, "Join Filter": "(u.id = b.userid)", "Rows Removed by Join Filter": 0, "Plans": [{"Node Type": "Nested Loop", "Parent Relationship": "Outer", "Parallel Aware": false, "Async Capable": false, "Join Type": "Inner", "Startup Cost": 10000000001.61, "Total Cost": 10000022283.53, "Plan Rows": 3, "Plan Width": 12, "Actual Rows": 312, "Actual Loops": 1, "Inner Unique": false, "Plans": [{"Node Type": "Nested Loop", "Parent Relationship": "Outer", "Parallel Aware": false, "Async Capable": false, "Join Type": "Inner", "Startup Cost": 10000000001.33, "Total Cost": 10000020534.51, "Plan Rows": 406, "Plan Width": 16, "Actual Rows": 32380, "Actual Loops": 1, "Inner Unique": false, "Plans": [{"Node Type": "Nested Loop", "Parent Relationship": "Outer", "Parallel Aware": false, "Async Capable": false, "Join Type": "Inner", "Startup Cost": 10000000000.99, "Total Cost": 10000019733.31, "Plan Rows": 181, "Plan Width": 8, "Actual Rows": 942, "Actual Loops": 1, "Inner Unique": true, "Plans": [{"Node Type": "Index Scan", "Parent Relationship": "Outer", "Parallel Aware": false, "Async Capable": false, "Scan Direction": "Forward", "Index Name": "idx_votes_userid", "Relation Name": "votes", "Alias": "v", "Startup Cost": 10000000000.42, "Total Cost": 10000013242.63, "Plan Rows": 1728, "Plan Width": 4, "Actual Rows": 1725, "Actual Loops": 1, "Filter": "((bountyamount >= 0) AND (bountyamount <= 200))", "Rows Removed by Filter": 326339}, {"Node Type": "Memoize", "Parent Relationship": "Inner", "Parallel Aware": false, "Async Capable": false, "Startup Cost": 0.57, "Total Cost": 4.59, "Plan Rows": 1, "Plan Width": 4, "Actual Rows": 1, "Actual Loops": 1725, "Cache Key": "v.userid", "Cache Mode": "logical", "Cache Hits": 1070, "Cache Misses": 655, "Cache Evictions": 0, "Cache Overflows": 0, "Peak Memory Usage": 65, "Plans": [{"Node Type": "Bitmap Heap Scan", "Parent Relationship": "Outer", "Parallel Aware": false, "Async Capable": false, "Relation Name": "users", "Alias": "u", "Startup Cost": 0.56, "Total Cost": 4.58, "Plan Rows": 1, "Plan Width": 4, "Actual Rows": 1, "Actual Loops": 655, "Recheck Cond": "(id = v.userid)", "Rows Removed by Index Recheck": 0, "Filter": "((views >= 0) AND (views <= 515) AND (upvotes >= 0) AND (creationdate <= '2014-09-07 13:46:41'::timestamp without time zone))", "Rows Removed by Filter": 0, "Exact Heap Blocks": 654, "Lossy Heap Blocks": 0, "Plans": [{"Node Type": "Bitmap Index Scan", "Parent Relationship": "Outer", "Parallel Aware": false, "Async Capable": false, "Index Name": "users_pkey", "Startup Cost": 0.0, "Total Cost": 0.56, "Plan Rows": 1, "Plan Width": 0, "Actual Rows": 1, "Actual Loops": 655, "Index Cond": "(id = v.userid)"}]}]}]}, {"Node Type": "Bitmap Heap Scan", "Parent Relationship": "Inner", "Parallel Aware": false, "Async Capable": false, "Relation Name": "posts", "Alias": "p", "Startup Cost": 0.34, "Total Cost": 4.39, "Plan Rows": 4, "Plan Width": 8, "Actual Rows": 34, "Actual Loops": 942, "Recheck Cond": "(owneruserid = u.id)", "Rows Removed by Index Recheck": 0, "Exact Heap Blocks": 23246, "Lossy Heap Blocks": 0, "Plans": [{"Node Type": "Bitmap Index Scan", "Parent Relationship": "Outer", "Parallel Aware": false, "Async Capable": false, "Index Name": "idx_posts_owneruserid", "Startup Cost": 0.0, "Total Cost": 0.34, "Plan Rows": 4, "Plan Width": 0, "Actual Rows": 34, "Actual Loops": 942, "Index Cond": "(owneruserid = u.id)"}]}]}, {"Node Type": "Bitmap Heap Scan", "Parent Relationship": "Inner", "Parallel Aware": false, "Async Capable": false, "Relation Name": "tags", "Alias": "t", "Startup Cost": 0.29, "Total Cost": 4.3, "Plan Rows": 1, "Plan Width": 4, "Actual Rows": 0, "Actual Loops": 32380, "Recheck Cond": "(excerptpostid = p.id)", "Rows Removed by Index Recheck": 0, "Exact Heap Blocks": 312, "Lossy Heap Blocks": 0, "Plans": [{"Node Type": "Bitmap Index Scan", "Parent Relationship": "Outer", "Parallel Aware": false, "Async Capable": false, "Index Name": "idx_tags_excerptpostid", "Startup Cost": 0.0, "Total Cost": 0.29, "Plan Rows": 1, "Plan Width": 0, "Actual Rows": 0, "Actual Loops": 32380, "Index Cond": "(excerptpostid = p.id)"}]}]}, {"Node Type": "Bitmap Heap Scan", "Parent Relationship": "Inner", "Parallel Aware": false, "Async Capable": false, "Relation Name": "badges", "Alias": "b", "Startup Cost": 0.32, "Total Cost": 4.37, "Plan Rows": 3, "Plan Width": 4, "Actual Rows": 16, "Actual Loops": 312, "Recheck Cond": "(p.owneruserid = userid)", "Rows Removed by Index Recheck": 0, "Filter": "(date <= '2014-09-12 12:56:22'::timestamp without time zone)", "Rows Removed by Filter": 0, "Exact Heap Blocks": 3523, "Lossy Heap Blocks": 0, "Plans": [{"Node Type": "Bitmap Index Scan", "Parent Relationship": "Outer", "Parallel Aware": false, "Async Capable": false, "Index Name": "idx_badges_userid", "Startup Cost": 0.0, "Total Cost": 0.32, "Plan Rows": 3, "Plan Width": 0, "Actual Rows": 16, "Actual Loops": 312, "Index Cond": "(userid = p.owneruserid)"}]}]}]}, "Planning Time": 3.408, "Triggers": [], "Execution Time": 169.117}, {"Plan": {"Node Type": "Aggregate", "Strategy": "Plain", "Partial Mode": "Simple", "Parallel Aware": false, "Async Capable": false, "Startup Cost": 5433.06, "Total Cost": 5433.07, "Plan Rows": 1, "Plan Width": 8, "Actual Rows": 1, "Actual Loops": 1, "Plans": [{"Node Type": "Nested Loop", "Parent Relationship": "Outer", "Parallel Aware": false, "Async Capable": false, "Join Type": "Inner", "Startup Cost": 34.35, "Total Cost": 5433.05, "Plan Rows": 6, "Plan Width": 0, "Actual Rows": 5091, "Actual Loops": 1, "Inner Unique": false, "Join Filter": "(u.id = b.userid)", "Rows Removed by Join Filter": 0, "Plans": [{"Node Type": "Nested Loop", "Parent Relationship": "Outer", "Parallel Aware": false, "Async Capable": false, "Join Type": "Inner", "Startup Cost": 34.03, "Total Cost": 5419.84, "Plan Rows": 3, "Plan Width": 12, "Actual Rows": 312, "Actual Loops": 1, "Inner Unique": true, "Join Filter": "(u.id = v.userid)", "Rows Removed by Join Filter": 0, "Plans": [{"Node Type": "Nested Loop", "Parent Relationship": "Outer", "Parallel Aware": false, "Async Capable": false, "Join Type": "Inner", "Startup Cost": 33.72, "Total Cost": 5042.46, "Plan Rows": 87, "Plan Width": 8, "Actual Rows": 2642, "Actual Loops": 1, "Inner Unique": false, "Plans": [{"Node Type": "Hash Join", "Parent Relationship": "Outer", "Parallel Aware": false, "Async Capable": false, "Join Type": "Inner", "Startup Cost": 33.22, "Total Cost": 2258.82, "Plan Rows": 596, "Plan Width": 4, "Actual Rows": 596, "Actual Loops": 1, "Inner Unique": false, "Hash Cond": "(p.id = t.excerptpostid)", "Plans": [{"Node Type": "Seq Scan", "Parent Relationship": "Outer", "Parallel Aware": false, "Async Capable": false, "Relation Name": "posts", "Alias": "p", "Startup Cost": 0.0, "Total Cost": 1759.76, "Plan Rows": 91976, "Plan Width": 8, "Actual Rows": 91976, "Actual Loops": 1}, {"Node Type": "Hash", "Parent Relationship": "Inner", "Parallel Aware": false, "Async Capable": false, "Startup Cost": 20.32, "Total Cost": 20.32, "Plan Rows": 1032, "Plan Width": 4, "Actual Rows": 596, "Actual Loops": 1, "Hash Buckets": 2048, "Original Hash Buckets": 2048, "Hash Batches": 1, "Original Hash Batches": 1, "Peak Memory Usage": 37, "Plans": [{"Node Type": "Seq Scan", "Parent Relationship": "Outer", "Parallel Aware": false, "Async Capable": false, "Relation Name": "tags", "Alias": "t", "Startup Cost": 0.0, "Total Cost": 20.32, "Plan Rows": 1032, "Plan Width": 4, "Actual Rows": 1032, "Actual Loops": 1}]}]}, {"Node Type": "Bitmap Heap Scan", "Parent Relationship": "Inner", "Parallel Aware": false, "Async Capable": false, "Relation Name": "votes", "Alias": "v", "Startup Cost": 0.5, "Total Cost": 4.66, "Plan Rows": 1, "Plan Width": 4, "Actual Rows": 4, "Actual Loops": 596, "Recheck Cond": "(p.owneruserid = userid)", "Rows Removed by Index Recheck": 0, "Filter": "((bountyamount >= 0) AND (bountyamount <= 200))", "Rows Removed by Filter": 114, "Exact Heap Blocks": 52419, "Lossy Heap Blocks": 0, "Plans": [{"Node Type": "Bitmap Index Scan", "Parent Relationship": "Outer", "Parallel Aware": false, "Async Capable": false, "Index Name": "idx_votes_userid", "Startup Cost": 0.0, "Total Cost": 0.5, "Plan Rows": 9, "Plan Width": 0, "Actual Rows": 119, "Actual Loops": 596, "Index Cond": "(userid = p.owneruserid)"}]}]}, {"Node Type": "Bitmap Heap Scan", "Parent Relationship": "Inner", "Parallel Aware": false, "Async Capable": false, "Relation Name": "users", "Alias": "u", "Startup Cost": 0.3, "Total Cost": 4.33, "Plan Rows": 1, "Plan Width": 4, "Actual Rows": 0, "Actual Loops": 2642, "Recheck Cond": "(p.owneruserid = id)", "Rows Removed by Index Recheck": 0, "Filter": "((views >= 0) AND (views <= 515) AND (upvotes >= 0) AND (creationdate <= '2014-09-07 13:46:41'::timestamp without time zone))", "Rows Removed by Filter": 1, "Exact Heap Blocks": 2642, "Lossy Heap Blocks": 0, "Plans": [{"Node Type": "Bitmap Index Scan", "Parent Relationship": "Outer", "Parallel Aware": false, "Async Capable": false, "Index Name": "users_pkey", "Startup Cost": 0.0, "Total Cost": 0.3, "Plan Rows": 1, "Plan Width": 0, "Actual Rows": 1, "Actual Loops": 2642, "Index Cond": "(id = p.owneruserid)"}]}]}, {"Node Type": "Bitmap Heap Scan", "Parent Relationship": "Inner", "Parallel Aware": false, "Async Capable": false, "Relation Name": "badges", "Alias": "b", "Startup Cost": 0.32, "Total Cost": 4.37, "Plan Rows": 3, "Plan Width": 4, "Actual Rows": 16, "Actual Loops": 312, "Recheck Cond": "(p.owneruserid = userid)", "Rows Removed by Index Recheck": 0, "Filter": "(date <= '2014-09-12 12:56:22'::timestamp without time zone)", "Rows Removed by Filter": 0, "Exact Heap Blocks": 3523, "Lossy Heap Blocks": 0, "Plans": [{"Node Type": "Bitmap Index Scan", "Parent Relationship": "Outer", "Parallel Aware": false, "Async Capable": false, "Index Name": "idx_badges_userid", "Startup Cost": 0.0, "Total Cost": 0.32, "Plan Rows": 3, "Plan Width": 0, "Actual Rows": 16, "Actual Loops": 312, "Index Cond": "(userid = p.owneruserid)"}]}]}]}, "Planning Time": 3.187, "Triggers": [], "Execution Time": 56.376}, {"Plan": {"Node Type": "Aggregate", "Strategy": "Plain", "Partial Mode": "Finalize", "Parallel Aware": false, "Async Capable": false, "Startup Cost": 21662.46, "Total Cost": 21662.47, "Plan Rows": 1, "Plan Width": 8, "Actual Rows": 1, "Actual Loops": 1, "Plans": [{"Node Type": "Gather", "Parent Relationship": "Outer", "Parallel Aware": false, "Async Capable": false, "Startup Cost": 21662.35, "Total Cost": 21662.46, "Plan Rows": 1, "Plan Width": 8, "Actual Rows": 2, "Actual Loops": 1, "Workers Planned": 1, "Workers Launched": 1, "Single Copy": false, "Plans": [{"Node Type": "Aggregate", "Strategy": "Plain", "Partial Mode": "Partial", "Parent Relationship": "Outer", "Parallel Aware": false, "Async Capable": false, "Startup Cost": 20662.35, "Total Cost": 20662.36, "Plan Rows": 1, "Plan Width": 8, "Actual Rows": 1, "Actual Loops": 2, "Workers": [], "Plans": [{"Node Type": "Hash Join", "Parent Relationship": "Outer", "Parallel Aware": false, "Async Capable": false, "Join Type": "Inner", "Startup Cost": 9442.56, "Total Cost": 20662.34, "Plan Rows": 4, "Plan Width": 0, "Actual Rows": 2546, "Actual Loops": 2, "Inner Unique": false, "Hash Cond": "(v.userid = u.id)", "Workers": [], "Plans": [{"Node Type": "Index Scan", "Parent Relationship": "Outer", "Parallel Aware": true, "Async Capable": false, "Scan Direction": "Forward", "Index Name": "idx_votes_userid", "Relation Name": "votes", "Alias": "v", "Startup Cost": 0.42, "Total Cost": 11216.36, "Plan Rows": 1016, "Plan Width": 4, "Actual Rows": 862, "Actual Loops": 2, "Filter": "((bountyamount >= 0) AND (bountyamount <= 200))", "Rows Removed by Filter": 163170, "Workers": []}, {"Node Type": "Hash", "Parent Relationship": "Inner", "Parallel Aware": false, "Async Capable": false, "Startup Cost": 9427.8, "Total Cost": 9427.8, "Plan Rows": 1147, "Plan Width": 12, "Actual Rows": 7584, "Actual Loops": 2, "Hash Buckets": 8192, "Original Hash Buckets": 2048, "Hash Batches": 1, "Original Hash Batches": 1, "Peak Memory Usage": 390, "Workers": [], "Plans": [{"Node Type": "Hash Join", "Parent Relationship": "Outer", "Parallel Aware": false, "Async Capable": false, "Join Type": "Inner", "Startup Cost": 6052.66, "Total Cost": 9427.8, "Plan Rows": 1147, "Plan Width": 12, "Actual Rows": 7584, "Actual Loops": 2, "Inner Unique": false, "Hash Cond": "(b.userid = u.id)", "Workers": [], "Plans": [{"Node Type": "Index Scan", "Parent Relationship": "Outer", "Parallel Aware": false, "Async Capable": false, "Scan Direction": "Forward", "Index Name": "idx_badges_userid", "Relation Name": "badges", "Alias": "b", "Startup Cost": 0.29, "Total Cost": 3064.97, "Plan Rows": 79733, "Plan Width": 4, "Actual Rows": 79736, "Actual Loops": 2, "Filter": "(date <= '2014-09-12 12:56:22'::timestamp without time zone)", "Rows Removed by Filter": 115, "Workers": []}, {"Node Type": "Hash", "Parent Relationship": "Inner", "Parallel Aware": false, "Async Capable": false, "Startup Cost": 6045.11, "Total Cost": 6045.11, "Plan Rows": 580, "Plan Width": 8, "Actual Rows": 218, "Actual Loops": 2, "Hash Buckets": 1024, "Original Hash Buckets": 1024, "Hash Batches": 1, "Original Hash Batches": 1, "Peak Memory Usage": 17, "Workers": [], "Plans": [{"Node Type": "Hash Join", "Parent Relationship": "Outer", "Parallel Aware": false, "Async Capable": false, "Join Type": "Inner", "Startup Cost": 2338.83, "Total Cost": 6045.11, "Plan Rows": 580, "Plan Width": 8, "Actual Rows": 218, "Actual Loops": 2, "Inner Unique": true, "Hash Cond": "(p.owneruserid = u.id)", "Workers": [], "Plans": [{"Node Type": "Hash Join", "Parent Relationship": "Outer", "Parallel Aware": false, "Async Capable": false, "Join Type": "Inner", "Startup Cost": 79.97, "Total Cost": 3784.68, "Plan Rows": 596, "Plan Width": 4, "Actual Rows": 596, "Actual Loops": 2, "Inner Unique": false, "Hash Cond": "(p.id = t.excerptpostid)", "Workers": [], "Plans": [{"Node Type": "Index Scan", "Parent Relationship": "Outer", "Parallel Aware": false, "Async Capable": false, "Scan Direction": "Forward", "Index Name": "posts_pkey", "Relation Name": "posts", "Alias": "p", "Startup Cost": 0.29, "Total Cost": 3239.17, "Plan Rows": 91976, "Plan Width": 8, "Actual Rows": 91976, "Actual Loops": 2, "Workers": []}, {"Node Type": "Hash", "Parent Relationship": "Inner", "Parallel Aware": false, "Async Capable": false, "Startup Cost": 66.78, "Total Cost": 66.78, "Plan Rows": 1032, "Plan Width": 4, "Actual Rows": 596, "Actual Loops": 2, "Hash Buckets": 2048, "Original Hash Buckets": 2048, "Hash Batches": 1, "Original Hash Batches": 1, "Peak Memory Usage": 37, "Workers": [], "Plans": [{"Node Type": "Index Scan", "Parent Relationship": "Outer", "Parallel Aware": false, "Async Capable": false, "Scan Direction": "Forward", "Index Name": "idx_tags_excerptpostid", "Relation Name": "tags", "Alias": "t", "Startup Cost": 0.28, "Total Cost": 66.78, "Plan Rows": 1032, "Plan Width": 4, "Actual Rows": 1032, "Actual Loops": 2, "Workers": []}]}]}, {"Node Type": "Hash", "Parent Relationship": "Inner", "Parallel Aware": false, "Async Capable": false, "Startup Cost": 1760.41, "Total Cost": 1760.41, "Plan Rows": 39876, "Plan Width": 4, "Actual Rows": 39871, "Actual Loops": 2, "Hash Buckets": 65536, "Original Hash Buckets": 65536, "Hash Batches": 1, "Original Hash Batches": 1, "Peak Memory Usage": 1914, "Workers": [], "Plans": [{"Node Type": "Index Scan", "Parent Relationship": "Outer", "Parallel Aware": false, "Async Capable": false, "Scan Direction": "Forward", "Index Name": "users_pkey", "Relation Name": "users", "Alias": "u", "Startup Cost": 0.29, "Total Cost": 1760.41, "Plan Rows": 39876, "Plan Width": 4, "Actual Rows": 39871, "Actual Loops": 2, "Filter": "((views >= 0) AND (views <= 515) AND (upvotes >= 0) AND (creationdate <= '2014-09-07 13:46:41'::timestamp without time zone))", "Rows Removed by Filter": 454, "Workers": []}]}]}]}]}]}]}]}]}]}, "Planning Time": 6.265, "Triggers": [], "Execution Time": 207.253}, {"Plan": {"Node Type": "Aggregate", "Strategy": "Plain", "Partial Mode": "Simple", "Parallel Aware": false, "Async Capable": false, "Startup Cost": 2448.99, "Total Cost": 2449.0, "Plan Rows": 1, "Plan Width": 8, "Actual Rows": 1, "Actual Loops": 1, "Plans": [{"Node Type": "Hash Join", "Parent Relationship": "Outer", "Parallel Aware": false, "Async Capable": false, "Join Type": "Inner", "Startup Cost": 81.41, "Total Cost": 2448.97, "Plan Rows": 6, "Plan Width": 0, "Actual Rows": 5091, "Actual Loops": 1, "Inner Unique": false, "Hash Cond": "(p.id = t.excerptpostid)", "Plans": [{"Node Type": "Merge Join", "Parent Relationship": "Outer", "Parallel Aware": false, "Async Capable": false, "Join Type": "Inner", "Startup Cost": 1.73, "Total Cost": 2365.23, "Plan Rows": 803, "Plan Width": 4, "Actual Rows": 908830, "Actual Loops": 1, "Inner Unique": true, "Merge Cond": "(v.userid = u.id)", "Plans": [{"Node Type": "Merge Join", "Parent Relationship": "Outer", "Parallel Aware": false, "Async Capable": false, "Join Type": "Inner", "Startup Cost": 1.44, "Total Cost": 4279.72, "Plan Rows": 39110, "Plan Width": 16, "Actual Rows": 24804704, "Actual Loops": 1, "Inner Unique": false, "Merge Cond": "(v.userid = b.userid)", "Plans": [{"Node Type": "Merge Join", "Parent Relationship": "Outer", "Parallel Aware": false, "Async Capable": false, "Join Type": "Inner", "Startup Cost": 0.71, "Total Cost": 5861.77, "Plan Rows": 13489, "Plan Width": 12, "Actual Rows": 121174, "Actual Loops": 1, "Inner Unique": false, "Merge Cond": "(v.userid = p.owneruserid)", "Plans": [{"Node Type": "Index Scan", "Parent Relationship": "Outer", "Parallel Aware": false, "Async Capable": false, "Scan Direction": "Forward", "Index Name": "idx_votes_userid", "Relation Name": "votes", "Alias": "v", "Startup Cost": 0.42, "Total Cost": 13242.63, "Plan Rows": 1728, "Plan Width": 4, "Actual Rows": 1086, "Actual Loops": 1, "Filter": "((bountyamount >= 0) AND (bountyamount <= 200))", "Rows Removed by Filter": 36543}, {"Node Type": "Index Scan", "Parent Relationship": "Inner", "Parallel Aware": false, "Async Capable": false, "Scan Direction": "Forward", "Index Name": "idx_posts_owneruserid", "Relation Name": "posts", "Alias": "p", "Startup Cost": 0.29, "Total Cost": 4093.67, "Plan Rows": 91976, "Plan Width": 8, "Actual Rows": 185849, "Actual Loops": 1}]}, {"Node Type": "Index Scan", "Parent Relationship": "Inner", "Parallel Aware": false, "Async Capable": false, "Scan Direction": "Forward", "Index Name": "idx_badges_userid", "Relation Name": "badges", "Alias": "b", "Startup Cost": 0.29, "Total Cost": 3064.97, "Plan Rows": 79733, "Plan Width": 4, "Actual Rows": 24871216, "Actual Loops": 1, "Filter": "(date <= '2014-09-12 12:56:22'::timestamp without time zone)", "Rows Removed by Filter": 93470}]}, {"Node Type": "Index Scan", "Parent Relationship": "Inner", "Parallel Aware": false, "Async Capable": false, "Scan Direction": "Forward", "Index Name": "users_pkey", "Relation Name": "users", "Alias": "u", "Startup Cost": 0.29, "Total Cost": 1760.41, "Plan Rows": 39876, "Plan Width": 4, "Actual Rows": 38814, "Actual Loops": 1, "Filter": "((views >= 0) AND (views <= 515) AND (upvotes >= 0) AND (creationdate <= '2014-09-07 13:46:41'::timestamp without time zone))", "Rows Removed by Filter": 85}]}, {"Node Type": "Hash", "Parent Relationship": "Inner", "Parallel Aware": false, "Async Capable": false, "Startup Cost": 66.78, "Total Cost": 66.78, "Plan Rows": 1032, "Plan Width": 4, "Actual Rows": 596, "Actual Loops": 1, "Hash Buckets": 2048, "Original Hash Buckets": 2048, "Hash Batches": 1, "Original Hash Batches": 1, "Peak Memory Usage": 37, "Plans": [{"Node Type": "Index Scan", "Parent Relationship": "Outer", "Parallel Aware": false, "Async Capable": false, "Scan Direction": "Forward", "Index Name": "idx_tags_excerptpostid", "Relation Name": "tags", "Alias": "t", "Startup Cost": 0.28, "Total Cost": 66.78, "Plan Rows": 1032, "Plan Width": 4, "Actual Rows": 1032, "Actual Loops": 1}]}]}]}, "Planning Time": 3.593, "Triggers": [], "Execution Time": 5936.969}, {"Plan": {"Node Type": "Aggregate", "Strategy": "Plain", "Partial Mode": "Simple", "Parallel Aware": false, "Async Capable": false, "Startup Cost": 2817.72, "Total Cost": 2817.73, "Plan Rows": 1, "Plan Width": 8, "Actual Rows": 1, "Actual Loops": 1, "Plans": [{"Node Type": "Nested Loop", "Parent Relationship": "Outer", "Parallel Aware": false, "Async Capable": false, "Join Type": "Inner", "Startup Cost": 1.58, "Total Cost": 2817.71, "Plan Rows": 6, "Plan Width": 0, "Actual Rows": 5091, "Actual Loops": 1, "Inner Unique": false, "Join Filter": "(u.id = b.userid)", "Rows Removed by Join Filter": 0, "Plans": [{"Node Type": "Nested Loop", "Parent Relationship": "Outer", "Parallel Aware": false, "Async Capable": false, "Join Type": "Inner", "Startup Cost": 1.29, "Total Cost": 2816.46, "Plan Rows": 3, "Plan Width": 12, "Actual Rows": 312, "Actual Loops": 1, "Inner Unique": true, "Join Filter": "(u.id = v.userid)", "Rows Removed by Join Filter": 0, "Plans": [{"Node Type": "Nested Loop", "Parent Relationship": "Outer", "Parallel Aware": false, "Async Capable": false, "Join Type": "Inner", "Startup Cost": 1.0, "Total Cost": 2786.2, "Plan Rows": 87, "Plan Width": 8, "Actual Rows": 2642, "Actual Loops": 1, "Inner Unique": false, "Plans": [{"Node Type": "Nested Loop", "Parent Relationship": "Outer", "Parallel Aware": false, "Async Capable": false, "Join Type": "Inner", "Startup Cost": 0.58, "Total Cost": 2344.14, "Plan Rows": 596, "Plan Width": 4, "Actual Rows": 596, "Actual Loops": 1, "Inner Unique": true, "Plans": [{"Node Type": "Index Scan", "Parent Relationship": "Outer", "Parallel Aware": false, "Async Capable": false, "Scan Direction": "Forward", "Index Name": "idx_tags_excerptpostid", "Relation Name": "tags", "Alias": "t", "Startup Cost": 0.28, "Total Cost": 66.78, "Plan Rows": 1032, "Plan Width": 4, "Actual Rows": 1032, "Actual Loops": 1}, {"Node Type": "Memoize", "Parent Relationship": "Inner", "Parallel Aware": false, "Async Capable": false, "Startup Cost": 0.3, "Total Cost": 3.79, "Plan Rows": 1, "Plan Width": 8, "Actual Rows": 1, "Actual Loops": 1032, "Cache Key": "t.excerptpostid", "Cache Mode": "logical", "Cache Hits": 435, "Cache Misses": 597, "Cache Evictions": 0, "Cache Overflows": 0, "Peak Memory Usage": 63, "Plans": [{"Node Type": "Index Scan", "Parent Relationship": "Outer", "Parallel Aware": false, "Async Capable": false, "Scan Direction": "Forward", "Index Name": "posts_pkey", "Relation Name": "posts", "Alias": "p", "Startup Cost": 0.29, "Total Cost": 3.78, "Plan Rows": 1, "Plan Width": 8, "Actual Rows": 1, "Actual Loops": 597, "Index Cond": "(id = t.excerptpostid)", "Rows Removed by Index Recheck": 0}]}]}, {"Node Type": "Index Scan", "Parent Relationship": "Inner", "Parallel Aware": false, "Async Capable": false, "Scan Direction": "Forward", "Index Name": "idx_votes_userid", "Relation Name": "votes", "Alias": "v", "Startup Cost": 0.42, "Total Cost": 0.73, "Plan Rows": 1, "Plan Width": 4, "Actual Rows": 4, "Actual Loops": 596, "Index Cond": "(userid = p.owneruserid)", "Rows Removed by Index Recheck": 0, "Filter": "((bountyamount >= 0) AND (bountyamount <= 200))", "Rows Removed by Filter": 114}]}, {"Node Type": "Index Scan", "Parent Relationship": "Inner", "Parallel Aware": false, "Async Capable": false, "Scan Direction": "Forward", "Index Name": "users_pkey", "Relation Name": "users", "Alias": "u", "Startup Cost": 0.29, "Total Cost": 0.34, "Plan Rows": 1, "Plan Width": 4, "Actual Rows": 0, "Actual Loops": 2642, "Index Cond": "(id = p.owneruserid)", "Rows Removed by Index Recheck": 0, "Filter": "((views >= 0) AND (views <= 515) AND (upvotes >= 0) AND (creationdate <= '2014-09-07 13:46:41'::timestamp without time zone))", "Rows Removed by Filter": 1}]}, {"Node Type": "Index Scan", "Parent Relationship": "Inner", "Parallel Aware": false, "Async Capable": false, "Scan Direction": "Forward", "Index Name": "idx_badges_userid", "Relation Name": "badges", "Alias": "b", "Startup Cost": 0.29, "Total Cost": 0.38, "Plan Rows": 3, "Plan Width": 4, "Actual Rows": 16, "Actual Loops": 312, "Index Cond": "(userid = p.owneruserid)", "Rows Removed by Index Recheck": 0, "Filter": "(date <= '2014-09-12 12:56:22'::timestamp without time zone)", "Rows Removed by Filter": 0}]}]}, "Planning Time": 2.138, "Triggers": [], "Execution Time": 21.037}, {"Plan": {"Node Type": "Aggregate", "Strategy": "Plain", "Partial Mode": "Simple", "Parallel Aware": false, "Async Capable": false, "Startup Cost": 2448.22, "Total Cost": 2448.23, "Plan Rows": 1, "Plan Width": 8, "Actual Rows": 1, "Actual Loops": 1, "Plans": [{"Node Type": "Merge Join", "Parent Relationship": "Outer", "Parallel Aware": false, "Async Capable": false, "Join Type": "Inner", "Startup Cost": 2404.34, "Total Cost": 2448.21, "Plan Rows": 6, "Plan Width": 0, "Actual Rows": 5091, "Actual Loops": 1, "Inner Unique": false, "Merge Cond": "(p.id = t.excerptpostid)", "Plans": [{"Node Type": "Sort", "Parent Relationship": "Outer", "Parallel Aware": false, "Async Capable": false, "Startup Cost": 2403.97, "Total Cost": 2405.98, "Plan Rows": 803, "Plan Width": 4, "Actual Rows": 899827, "Actual Loops": 1, "Sort Key": ["p.id"], "Sort Method": "quicksort", "Sort Space Used": 24577, "Sort Space Type": "Memory", "Plans": [{"Node Type": "Merge Join", "Parent Relationship": "Outer", "Parallel Aware": false, "Async Capable": false, "Join Type": "Inner", "Startup Cost": 1.73, "Total Cost": 2365.23, "Plan Rows": 803, "Plan Width": 4, "Actual Rows": 908830, "Actual Loops": 1, "Inner Unique": true, "Merge Cond": "(v.userid = u.id)", "Plans": [{"Node Type": "Merge Join", "Parent Relationship": "Outer", "Parallel Aware": false, "Async Capable": false, "Join Type": "Inner", "Startup Cost": 1.44, "Total Cost": 4279.72, "Plan Rows": 39110, "Plan Width": 16, "Actual Rows": 24804704, "Actual Loops": 1, "Inner Unique": false, "Merge Cond": "(v.userid = b.userid)", "Plans": [{"Node Type": "Merge Join", "Parent Relationship": "Outer", "Parallel Aware": false, "Async Capable": false, "Join Type": "Inner", "Startup Cost": 0.71, "Total Cost": 5861.77, "Plan Rows": 13489, "Plan Width": 12, "Actual Rows": 121174, "Actual Loops": 1, "Inner Unique": false, "Merge Cond": "(v.userid = p.owneruserid)", "Plans": [{"Node Type": "Index Scan", "Parent Relationship": "Outer", "Parallel Aware": false, "Async Capable": false, "Scan Direction": "Forward", "Index Name": "idx_votes_userid", "Relation Name": "votes", "Alias": "v", "Startup Cost": 0.42, "Total Cost": 13242.63, "Plan Rows": 1728, "Plan Width": 4, "Actual Rows": 1086, "Actual Loops": 1, "Filter": "((bountyamount >= 0) AND (bountyamount <= 200))", "Rows Removed by Filter": 36543}, {"Node Type": "Index Scan", "Parent Relationship": "Inner", "Parallel Aware": false, "Async Capable": false, "Scan Direction": "Forward", "Index Name": "idx_posts_owneruserid", "Relation Name": "posts", "Alias": "p", "Startup Cost": 0.29, "Total Cost": 4093.67, "Plan Rows": 91976, "Plan Width": 8, "Actual Rows": 185849, "Actual Loops": 1}]}, {"Node Type": "Index Scan", "Parent Relationship": "Inner", "Parallel Aware": false, "Async Capable": false, "Scan Direction": "Forward", "Index Name": "idx_badges_userid", "Relation Name": "badges", "Alias": "b", "Startup Cost": 0.29, "Total Cost": 3064.97, "Plan Rows": 79733, "Plan Width": 4, "Actual Rows": 24871216, "Actual Loops": 1, "Filter": "(date <= '2014-09-12 12:56:22'::timestamp without time zone)", "Rows Removed by Filter": 93470}]}, {"Node Type": "Index Scan", "Parent Relationship": "Inner", "Parallel Aware": false, "Async Capable": false, "Scan Direction": "Forward", "Index Name": "users_pkey", "Relation Name": "users", "Alias": "u", "Startup Cost": 0.29, "Total Cost": 1760.41, "Plan Rows": 39876, "Plan Width": 4, "Actual Rows": 38814, "Actual Loops": 1, "Filter": "((views >= 0) AND (views <= 515) AND (upvotes >= 0) AND (creationdate <= '2014-09-07 13:46:41'::timestamp without time zone))", "Rows Removed by Filter": 85}]}]}, {"Node Type": "Index Only Scan", "Parent Relationship": "Inner", "Parallel Aware": false, "Async Capable": false, "Scan Direction": "Forward", "Index Name": "idx_tags_excerptpostid", "Relation Name": "tags", "Alias": "t", "Startup Cost": 0.28, "Total Cost": 66.78, "Plan Rows": 1032, "Plan Width": 4, "Actual Rows": 5622, "Actual Loops": 1, "Heap Fetches": 5622}]}]}, "Planning Time": 3.552, "Triggers": [], "Execution Time": 6174.058}, {"Plan": {"Node Type": "Aggregate", "Strategy": "Plain", "Partial Mode": "Simple", "Parallel Aware": false, "Async Capable": false, "Startup Cost": 2448.22, "Total Cost": 2448.23, "Plan Rows": 1, "Plan Width": 8, "Actual Rows": 1, "Actual Loops": 1, "Plans": [{"Node Type": "Merge Join", "Parent Relationship": "Outer", "Parallel Aware": false, "Async Capable": false, "Join Type": "Inner", "Startup Cost": 2404.34, "Total Cost": 2448.21, "Plan Rows": 6, "Plan Width": 0, "Actual Rows": 5091, "Actual Loops": 1, "Inner Unique": false, "Merge Cond": "(t.excerptpostid = p.id)", "Plans": [{"Node Type": "Index Only Scan", "Parent Relationship": "Outer", "Parallel Aware": false, "Async Capable": false, "Scan Direction": "Forward", "Index Name": "idx_tags_excerptpostid", "Relation Name": "tags", "Alias": "t", "Startup Cost": 0.28, "Total Cost": 66.78, "Plan Rows": 1032, "Plan Width": 4, "Actual Rows": 597, "Actual Loops": 1, "Heap Fetches": 597}, {"Node Type": "Sort", "Parent Relationship": "Inner", "Parallel Aware": false, "Async Capable": false, "Startup Cost": 2403.97, "Total Cost": 2405.98, "Plan Rows": 803, "Plan Width": 4, "Actual Rows": 899827, "Actual Loops": 1, "Sort Key": ["p.id"], "Sort Method": "quicksort", "Sort Space Used": 24577, "Sort Space Type": "Memory", "Plans": [{"Node Type": "Merge Join", "Parent Relationship": "Outer", "Parallel Aware": false, "Async Capable": false, "Join Type": "Inner", "Startup Cost": 1.73, "Total Cost": 2365.23, "Plan Rows": 803, "Plan Width": 4, "Actual Rows": 908830, "Actual Loops": 1, "Inner Unique": true, "Merge Cond": "(v.userid = u.id)", "Plans": [{"Node Type": "Merge Join", "Parent Relationship": "Outer", "Parallel Aware": false, "Async Capable": false, "Join Type": "Inner", "Startup Cost": 1.44, "Total Cost": 4279.72, "Plan Rows": 39110, "Plan Width": 16, "Actual Rows": 24804704, "Actual Loops": 1, "Inner Unique": false, "Merge Cond": "(v.userid = b.userid)", "Plans": [{"Node Type": "Merge Join", "Parent Relationship": "Outer", "Parallel Aware": false, "Async Capable": false, "Join Type": "Inner", "Startup Cost": 0.71, "Total Cost": 5861.77, "Plan Rows": 13489, "Plan Width": 12, "Actual Rows": 121174, "Actual Loops": 1, "Inner Unique": false, "Merge Cond": "(v.userid = p.owneruserid)", "Plans": [{"Node Type": "Index Scan", "Parent Relationship": "Outer", "Parallel Aware": false, "Async Capable": false, "Scan Direction": "Forward", "Index Name": "idx_votes_userid", "Relation Name": "votes", "Alias": "v", "Startup Cost": 0.42, "Total Cost": 13242.63, "Plan Rows": 1728, "Plan Width": 4, "Actual Rows": 1086, "Actual Loops": 1, "Filter": "((bountyamount >= 0) AND (bountyamount <= 200))", "Rows Removed by Filter": 36543}, {"Node Type": "Index Scan", "Parent Relationship": "Inner", "Parallel Aware": false, "Async Capable": false, "Scan Direction": "Forward", "Index Name": "idx_posts_owneruserid", "Relation Name": "posts", "Alias": "p", "Startup Cost": 0.29, "Total Cost": 4093.67, "Plan Rows": 91976, "Plan Width": 8, "Actual Rows": 185849, "Actual Loops": 1}]}, {"Node Type": "Index Scan", "Parent Relationship": "Inner", "Parallel Aware": false, "Async Capable": false, "Scan Direction": "Forward", "Index Name": "idx_badges_userid", "Relation Name": "badges", "Alias": "b", "Startup Cost": 0.29, "Total Cost": 3064.97, "Plan Rows": 79733, "Plan Width": 4, "Actual Rows": 24871216, "Actual Loops": 1, "Filter": "(date <= '2014-09-12 12:56:22'::timestamp without time zone)", "Rows Removed by Filter": 93470}]}, {"Node Type": "Index Scan", "Parent Relationship": "Inner", "Parallel Aware": false, "Async Capable": false, "Scan Direction": "Forward", "Index Name": "users_pkey", "Relation Name": "users", "Alias": "u", "Startup Cost": 0.29, "Total Cost": 1760.41, "Plan Rows": 39876, "Plan Width": 4, "Actual Rows": 38814, "Actual Loops": 1, "Filter": "((views >= 0) AND (views <= 515) AND (upvotes >= 0) AND (creationdate <= '2014-09-07 13:46:41'::timestamp without time zone))", "Rows Removed by Filter": 85}]}]}]}]}, "Planning Time": 3.744, "Triggers": [], "Execution Time": 6514.466}, {"Plan": {"Node Type": "Aggregate", "Strategy": "Plain", "Partial Mode": "Simple", "Parallel Aware": false, "Async Capable": false, "Startup Cost": 2771.27, "Total Cost": 2771.28, "Plan Rows": 1, "Plan Width": 8, "Actual Rows": 1, "Actual Loops": 1, "Plans": [{"Node Type": "Nested Loop", "Parent Relationship": "Outer", "Parallel Aware": false, "Async Capable": false, "Join Type": "Inner", "Startup Cost": 1.31, "Total Cost": 2771.25, "Plan Rows": 6, "Plan Width": 0, "Actual Rows": 5091, "Actual Loops": 1, "Inner Unique": false, "Join Filter": "(u.id = b.userid)", "Rows Removed by Join Filter": 0, "Plans": [{"Node Type": "Nested Loop", "Parent Relationship": "Outer", "Parallel Aware": false, "Async Capable": false, "Join Type": "Inner", "Startup Cost": 1.01, "Total Cost": 2770.01, "Plan Rows": 3, "Plan Width": 12, "Actual Rows": 312, "Actual Loops": 1, "Inner Unique": true, "Join Filter": "(u.id = v.userid)", "Rows Removed by Join Filter": 0, "Plans": [{"Node Type": "Nested Loop", "Parent Relationship": "Outer", "Parallel Aware": false, "Async Capable": false, "Join Type": "Inner", "Startup Cost": 0.72, "Total Cost": 2739.75, "Plan Rows": 87, "Plan Width": 8, "Actual Rows": 2642, "Actual Loops": 1, "Inner Unique": false, "Plans": [{"Node Type": "Nested Loop", "Parent Relationship": "Outer", "Parallel Aware": false, "Async Capable": false, "Join Type": "Inner", "Startup Cost": 0.3, "Total Cost": 2297.68, "Plan Rows": 596, "Plan Width": 4, "Actual Rows": 596, "Actual Loops": 1, "Inner Unique": true, "Plans": [{"Node Type": "Seq Scan", "Parent Relationship": "Outer", "Parallel Aware": false, "Async Capable": false, "Relation Name": "tags", "Alias": "t", "Startup Cost": 0.0, "Total Cost": 20.32, "Plan Rows": 1032, "Plan Width": 4, "Actual Rows": 1032, "Actual Loops": 1}, {"Node Type": "Memoize", "Parent Relationship": "Inner", "Parallel Aware": false, "Async Capable": false, "Startup Cost": 0.3, "Total Cost": 3.79, "Plan Rows": 1, "Plan Width": 8, "Actual Rows": 1, "Actual Loops": 1032, "Cache Key": "t.excerptpostid", "Cache Mode": "logical", "Cache Hits": 435, "Cache Misses": 597, "Cache Evictions": 0, "Cache Overflows": 0, "Peak Memory Usage": 63, "Plans": [{"Node Type": "Index Scan", "Parent Relationship": "Outer", "Parallel Aware": false, "Async Capable": false, "Scan Direction": "Forward", "Index Name": "posts_pkey", "Relation Name": "posts", "Alias": "p", "Startup Cost": 0.29, "Total Cost": 3.78, "Plan Rows": 1, "Plan Width": 8, "Actual Rows": 1, "Actual Loops": 597, "Index Cond": "(id = t.excerptpostid)", "Rows Removed by Index Recheck": 0}]}]}, {"Node Type": "Index Scan", "Parent Relationship": "Inner", "Parallel Aware": false, "Async Capable": false, "Scan Direction": "Forward", "Index Name": "idx_votes_userid", "Relation Name": "votes", "Alias": "v", "Startup Cost": 0.42, "Total Cost": 0.73, "Plan Rows": 1, "Plan Width": 4, "Actual Rows": 4, "Actual Loops": 596, "Index Cond": "(userid = p.owneruserid)", "Rows Removed by Index Recheck": 0, "Filter": "((bountyamount >= 0) AND (bountyamount <= 200))", "Rows Removed by Filter": 114}]}, {"Node Type": "Index Scan", "Parent Relationship": "Inner", "Parallel Aware": false, "Async Capable": false, "Scan Direction": "Forward", "Index Name": "users_pkey", "Relation Name": "users", "Alias": "u", "Startup Cost": 0.29, "Total Cost": 0.34, "Plan Rows": 1, "Plan Width": 4, "Actual Rows": 0, "Actual Loops": 2642, "Index Cond": "(id = p.owneruserid)", "Rows Removed by Index Recheck": 0, "Filter": "((views >= 0) AND (views <= 515) AND (upvotes >= 0) AND (creationdate <= '2014-09-07 13:46:41'::timestamp without time zone))", "Rows Removed by Filter": 1}]}, {"Node Type": "Index Scan", "Parent Relationship": "Inner", "Parallel Aware": false, "Async Capable": false, "Scan Direction": "Forward", "Index Name": "idx_badges_userid", "Relation Name": "badges", "Alias": "b", "Startup Cost": 0.29, "Total Cost": 0.38, "Plan Rows": 3, "Plan Width": 4, "Actual Rows": 16, "Actual Loops": 312, "Index Cond": "(userid = p.owneruserid)", "Rows Removed by Index Recheck": 0, "Filter": "(date <= '2014-09-12 12:56:22'::timestamp without time zone)", "Rows Removed by Filter": 0}]}]}, "Planning Time": 2.152, "Triggers": [], "Execution Time": 22.638}, {"Plan": {"Node Type": "Aggregate", "Strategy": "Plain", "Partial Mode": "Simple", "Parallel Aware": false, "Async Capable": false, "Startup Cost": 6379.76, "Total Cost": 6379.77, "Plan Rows": 1, "Plan Width": 8, "Actual Rows": 1, "Actual Loops": 1, "Plans": [{"Node Type": "Nested Loop", "Parent Relationship": "Outer", "Parallel Aware": false, "Async Capable": false, "Join Type": "Inner", "Startup Cost": 2.42, "Total Cost": 6379.74, "Plan Rows": 6, "Plan Width": 0, "Actual Rows": 5091, "Actual Loops": 1, "Inner Unique": false, "Join Filter": "(u.id = b.userid)", "Rows Removed by Join Filter": 0, "Plans": [{"Node Type": "Nested Loop", "Parent Relationship": "Outer", "Parallel Aware": false, "Async Capable": false, "Join Type": "Inner", "Startup Cost": 2.1, "Total Cost": 6366.53, "Plan Rows": 3, "Plan Width": 12, "Actual Rows": 312, "Actual Loops": 1, "Inner Unique": true, "Join Filter": "(u.id = v.userid)", "Rows Removed by Join Filter": 0, "Plans": [{"Node Type": "Nested Loop", "Parent Relationship": "Outer", "Parallel Aware": false, "Async Capable": false, "Join Type": "Inner", "Startup Cost": 1.8, "Total Cost": 5989.15, "Plan Rows": 87, "Plan Width": 8, "Actual Rows": 2642, "Actual Loops": 1, "Inner Unique": false, "Plans": [{"Node Type": "Nested Loop", "Parent Relationship": "Outer", "Parallel Aware": false, "Async Capable": false, "Join Type": "Inner", "Startup Cost": 1.29, "Total Cost": 3205.51, "Plan Rows": 596, "Plan Width": 4, "Actual Rows": 596, "Actual Loops": 1, "Inner Unique": true, "Plans": [{"Node Type": "Seq Scan", "Parent Relationship": "Outer", "Parallel Aware": false, "Async Capable": false, "Relation Name": "tags", "Alias": "t", "Startup Cost": 0.0, "Total Cost": 20.32, "Plan Rows": 1032, "Plan Width": 4, "Actual Rows": 1032, "Actual Loops": 1}, {"Node Type": "Memoize", "Parent Relationship": "Inner", "Parallel Aware": false, "Async Capable": false, "Startup Cost": 1.29, "Total Cost": 5.31, "Plan Rows": 1, "Plan Width": 8, "Actual Rows": 1, "Actual Loops": 1032, "Cache Key": "t.excerptpostid", "Cache Mode": "logical", "Cache Hits": 435, "Cache Misses": 597, "Cache Evictions": 0, "Cache Overflows": 0, "Peak Memory Usage": 63, "Plans": [{"Node Type": "Bitmap Heap Scan", "Parent Relationship": "Outer", "Parallel Aware": false, "Async Capable": false, "Relation Name": "posts", "Alias": "p", "Startup Cost": 1.28, "Total Cost": 5.3, "Plan Rows": 1, "Plan Width": 8, "Actual Rows": 1, "Actual Loops": 597, "Recheck Cond": "(t.excerptpostid = id)", "Rows Removed by Index Recheck": 0, "Exact Heap Blocks": 596, "Lossy Heap Blocks": 0, "Plans": [{"Node Type": "Bitmap Index Scan", "Parent Relationship": "Outer", "Parallel Aware": false, "Async Capable": false, "Index Name": "posts_pkey", "Startup Cost": 0.0, "Total Cost": 1.28, "Plan Rows": 1, "Plan Width": 0, "Actual Rows": 1, "Actual Loops": 597, "Index Cond": "(id = t.excerptpostid)"}]}]}]}, {"Node Type": "Bitmap Heap Scan", "Parent Relationship": "Inner", "Parallel Aware": false, "Async Capable": false, "Relation Name": "votes", "Alias": "v", "Startup Cost": 0.5, "Total Cost": 4.66, "Plan Rows": 1, "Plan Width": 4, "Actual Rows": 4, "Actual Loops": 596, "Recheck Cond": "(p.owneruserid = userid)", "Rows Removed by Index Recheck": 0, "Filter": "((bountyamount >= 0) AND (bountyamount <= 200))", "Rows Removed by Filter": 114, "Exact Heap Blocks": 52419, "Lossy Heap Blocks": 0, "Plans": [{"Node Type": "Bitmap Index Scan", "Parent Relationship": "Outer", "Parallel Aware": false, "Async Capable": false, "Index Name": "idx_votes_userid", "Startup Cost": 0.0, "Total Cost": 0.5, "Plan Rows": 9, "Plan Width": 0, "Actual Rows": 119, "Actual Loops": 596, "Index Cond": "(userid = p.owneruserid)"}]}]}, {"Node Type": "Bitmap Heap Scan", "Parent Relationship": "Inner", "Parallel Aware": false, "Async Capable": false, "Relation Name": "users", "Alias": "u", "Startup Cost": 0.3, "Total Cost": 4.33, "Plan Rows": 1, "Plan Width": 4, "Actual Rows": 0, "Actual Loops": 2642, "Recheck Cond": "(p.owneruserid = id)", "Rows Removed by Index Recheck": 0, "Filter": "((views >= 0) AND (views <= 515) AND (upvotes >= 0) AND (creationdate <= '2014-09-07 13:46:41'::timestamp without time zone))", "Rows Removed by Filter": 1, "Exact Heap Blocks": 2642, "Lossy Heap Blocks": 0, "Plans": [{"Node Type": "Bitmap Index Scan", "Parent Relationship": "Outer", "Parallel Aware": false, "Async Capable": false, "Index Name": "users_pkey", "Startup Cost": 0.0, "Total Cost": 0.3, "Plan Rows": 1, "Plan Width": 0, "Actual Rows": 1, "Actual Loops": 2642, "Index Cond": "(id = p.owneruserid)"}]}]}, {"Node Type": "Bitmap Heap Scan", "Parent Relationship": "Inner", "Parallel Aware": false, "Async Capable": false, "Relation Name": "badges", "Alias": "b", "Startup Cost": 0.32, "Total Cost": 4.37, "Plan Rows": 3, "Plan Width": 4, "Actual Rows": 16, "Actual Loops": 312, "Recheck Cond": "(p.owneruserid = userid)", "Rows Removed by Index Recheck": 0, "Filter": "(date <= '2014-09-12 12:56:22'::timestamp without time zone)", "Rows Removed by Filter": 0, "Exact Heap Blocks": 3523, "Lossy Heap Blocks": 0, "Plans": [{"Node Type": "Bitmap Index Scan", "Parent Relationship": "Outer", "Parallel Aware": false, "Async Capable": false, "Index Name": "idx_badges_userid", "Startup Cost": 0.0, "Total Cost": 0.32, "Plan Rows": 3, "Plan Width": 0, "Actual Rows": 16, "Actual Loops": 312, "Index Cond": "(userid = p.owneruserid)"}]}]}]}, "Planning Time": 2.266, "Triggers": [], "Execution Time": 41.513}, {"Plan": {"Node Type": "Aggregate", "Strategy": "Plain", "Partial Mode": "Finalize", "Parallel Aware": false, "Async Capable": false, "Startup Cost": 27921.13, "Total Cost": 27921.14, "Plan Rows": 1, "Plan Width": 8, "Actual Rows": 1, "Actual Loops": 1, "Plans": [{"Node Type": "Gather", "Parent Relationship": "Outer", "Parallel Aware": false, "Async Capable": false, "Startup Cost": 27921.01, "Total Cost": 27921.12, "Plan Rows": 1, "Plan Width": 8, "Actual Rows": 2, "Actual Loops": 1, "Workers Planned": 1, "Workers Launched": 1, "Single Copy": false, "Plans": [{"Node Type": "Aggregate", "Strategy": "Plain", "Partial Mode": "Partial", "Parent Relationship": "Outer", "Parallel Aware": false, "Async Capable": false, "Startup Cost": 26921.01, "Total Cost": 26921.02, "Plan Rows": 1, "Plan Width": 8, "Actual Rows": 1, "Actual Loops": 2, "Workers": [], "Plans": [{"Node Type": "Merge Join", "Parent Relationship": "Outer", "Parallel Aware": false, "Async Capable": false, "Join Type": "Inner", "Startup Cost": 26915.69, "Total Cost": 26921.0, "Plan Rows": 4, "Plan Width": 0, "Actual Rows": 2546, "Actual Loops": 2, "Inner Unique": false, "Merge Cond": "(p.id = t.excerptpostid)", "Workers": [], "Plans": [{"Node Type": "Sort", "Parent Relationship": "Outer", "Parallel Aware": false, "Async Capable": false, "Startup Cost": 26843.66, "Total Cost": 26844.84, "Plan Rows": 472, "Plan Width": 4, "Actual Rows": 449914, "Actual Loops": 2, "Sort Key": ["p.id"], "Sort Method": "quicksort", "Sort Space Used": 24577, "Sort Space Type": "Memory", "Workers": [{"Worker Number": 0, "Sort Method": "quicksort", "Sort Space Used": 6145, "Sort Space Type": "Memory"}], "Plans": [{"Node Type": "Merge Join", "Parent Relationship": "Outer", "Parallel Aware": false, "Async Capable": false, "Join Type": "Inner", "Startup Cost": 26520.43, "Total Cost": 26822.69, "Plan Rows": 472, "Plan Width": 4, "Actual Rows": 454415, "Actual Loops": 2, "Inner Unique": true, "Merge Cond": "(v.userid = u.id)", "Workers": [], "Plans": [{"Node Type": "Merge Join", "Parent Relationship": "Outer", "Parallel Aware": false, "Async Capable": false, "Join Type": "Inner", "Startup Cost": 22369.76, "Total Cost": 23057.59, "Plan Rows": 23006, "Plan Width": 16, "Actual Rows": 12402352, "Actual Loops": 2, "Inner Unique": false, "Merge Cond": "(v.userid = b.userid)", "Workers": [], "Plans": [{"Node Type": "Merge Join", "Parent Relationship": "Outer", "Parallel Aware": false, "Async Capable": false, "Join Type": "Inner", "Startup Cost": 14448.13, "Total Cost": 14987.86, "Plan Rows": 7935, "Plan Width": 12, "Actual Rows": 60587, "Actual Loops": 2, "Inner Unique": false, "Merge Cond": "(v.userid = p.owneruserid)", "Workers": [], "Plans": [{"Node Type": "Sort", "Parent Relationship": "Outer", "Parallel Aware": false, "Async Capable": false, "Startup Cost": 5105.42, "Total Cost": 5107.96, "Plan Rows": 1016, "Plan Width": 4, "Actual Rows": 544, "Actual Loops": 2, "Sort Key": ["v.userid"], "Sort Method": "quicksort", "Sort Space Used": 49, "Sort Space Type": "Memory", "Workers": [{"Worker Number": 0, "Sort Method": "quicksort", "Sort Space Used": 25, "Sort Space Type": "Memory"}], "Plans": [{"Node Type": "Seq Scan", "Parent Relationship": "Outer", "Parallel Aware": true, "Async Capable": false, "Relation Name": "votes", "Alias": "v", "Startup Cost": 0.0, "Total Cost": 5054.68, "Plan Rows": 1016, "Plan Width": 4, "Actual Rows": 862, "Actual Loops": 2, "Filter": "((bountyamount >= 0) AND (bountyamount <= 200))", "Rows Removed by Filter": 163170, "Workers": []}]}, {"Node Type": "Sort", "Parent Relationship": "Inner", "Parallel Aware": false, "Async Capable": false, "Startup Cost": 9342.71, "Total Cost": 9572.65, "Plan Rows": 91976, "Plan Width": 8, "Actual Rows": 132145, "Actual Loops": 2, "Sort Key": ["p.owneruserid"], "Sort Method": "quicksort", "Sort Space Used": 5947, "Sort Space Type": "Memory", "Workers": [{"Worker Number": 0, "Sort Method": "quicksort", "Sort Space Used": 5947, "Sort Space Type": "Memory"}], "Plans": [{"Node Type": "Seq Scan", "Parent Relationship": "Outer", "Parallel Aware": false, "Async Capable": false, "Relation Name": "posts", "Alias": "p", "Startup Cost": 0.0, "Total Cost": 1759.76, "Plan Rows": 91976, "Plan Width": 8, "Actual Rows": 91976, "Actual Loops": 2, "Workers": []}]}]}, {"Node Type": "Sort", "Parent Relationship": "Inner", "Parallel Aware": false, "Async Capable": false, "Startup Cost": 7921.56, "Total Cost": 8120.89, "Plan Rows": 79733, "Plan Width": 4, "Actual Rows": 12473202, "Actual Loops": 2, "Sort Key": ["b.userid"], "Sort Method": "quicksort", "Sort Space Used": 3073, "Sort Space Type": "Memory", "Workers": [{"Worker Number": 0, "Sort Method": "quicksort", "Sort Space Used": 3073, "Sort Space Type": "Memory"}], "Plans": [{"Node Type": "Seq Scan", "Parent Relationship": "Outer", "Parallel Aware": false, "Async Capable": false, "Relation Name": "badges", "Alias": "b", "Startup Cost": 0.0, "Total Cost": 1430.14, "Plan Rows": 79733, "Plan Width": 4, "Actual Rows": 79736, "Actual Loops": 2, "Filter": "(date <= '2014-09-12 12:56:22'::timestamp without time zone)", "Rows Removed by Filter": 115, "Workers": []}]}]}, {"Node Type": "Sort", "Parent Relationship": "Inner", "Parallel Aware": false, "Async Capable": false, "Startup Cost": 4150.67, "Total Cost": 4250.36, "Plan Rows": 39876, "Plan Width": 4, "Actual Rows": 38716, "Actual Loops": 2, "Sort Key": ["u.id"], "Sort Method": "quicksort", "Sort Space Used": 1537, "Sort Space Type": "Memory", "Workers": [{"Worker Number": 0, "Sort Method": "quicksort", "Sort Space Used": 1537, "Sort Space Type": "Memory"}], "Plans": [{"Node Type": "Seq Scan", "Parent Relationship": "Outer", "Parallel Aware": false, "Async Capable": false, "Relation Name": "users", "Alias": "u", "Startup Cost": 0.0, "Total Cost": 1103.5, "Plan Rows": 39876, "Plan Width": 4, "Actual Rows": 39871, "Actual Loops": 2, "Filter": "((views >= 0) AND (views <= 515) AND (upvotes >= 0) AND (creationdate <= '2014-09-07 13:46:41'::timestamp without time zone))", "Rows Removed by Filter": 454, "Workers": []}]}]}]}, {"Node Type": "Sort", "Parent Relationship": "Inner", "Parallel Aware": false, "Async Capable": false, "Startup Cost": 71.98, "Total Cost": 74.56, "Plan Rows": 1032, "Plan Width": 4, "Actual Rows": 3104, "Actual Loops": 2, "Sort Key": ["t.excerptpostid"], "Sort Method": "quicksort", "Sort Space Used": 49, "Sort Space Type": "Memory", "Workers": [{"Worker Number": 0, "Sort Method": "quicksort", "Sort Space Used": 49, "Sort Space Type": "Memory"}], "Plans": [{"Node Type": "Seq Scan", "Parent Relationship": "Outer", "Parallel Aware": false, "Async Capable": false, "Relation Name": "tags", "Alias": "t", "Startup Cost": 0.0, "Total Cost": 20.32, "Plan Rows": 1032, "Plan Width": 4, "Actual Rows": 1032, "Actual Loops": 2, "Workers": []}]}]}]}]}]}, "Planning Time": 3.636, "Triggers": [], "Execution Time": 1524.245}, {"Plan": {"Node Type": "Aggregate", "Strategy": "Plain", "Partial Mode": "Simple", "Parallel Aware": false, "Async Capable": false, "Startup Cost": 2448.22, "Total Cost": 2448.23, "Plan Rows": 1, "Plan Width": 8, "Actual Rows": 1, "Actual Loops": 1, "Plans": [{"Node Type": "Merge Join", "Parent Relationship": "Outer", "Parallel Aware": false, "Async Capable": false, "Join Type": "Inner", "Startup Cost": 2404.34, "Total Cost": 2448.21, "Plan Rows": 6, "Plan Width": 0, "Actual Rows": 5091, "Actual Loops": 1, "Inner Unique": false, "Merge Cond": "(p.id = t.excerptpostid)", "Plans": [{"Node Type": "Sort", "Parent Relationship": "Outer", "Parallel Aware": false, "Async Capable": false, "Startup Cost": 2403.97, "Total Cost": 2405.98, "Plan Rows": 803, "Plan Width": 4, "Actual Rows": 899827, "Actual Loops": 1, "Sort Key": ["p.id"], "Sort Method": "quicksort", "Sort Space Used": 24577, "Sort Space Type": "Memory", "Plans": [{"Node Type": "Merge Join", "Parent Relationship": "Outer", "Parallel Aware": false, "Async Capable": false, "Join Type": "Inner", "Startup Cost": 1.73, "Total Cost": 2365.23, "Plan Rows": 803, "Plan Width": 4, "Actual Rows": 908830, "Actual Loops": 1, "Inner Unique": true, "Merge Cond": "(v.userid = u.id)", "Plans": [{"Node Type": "Merge Join", "Parent Relationship": "Outer", "Parallel Aware": false, "Async Capable": false, "Join Type": "Inner", "Startup Cost": 1.44, "Total Cost": 4279.72, "Plan Rows": 39110, "Plan Width": 16, "Actual Rows": 24804704, "Actual Loops": 1, "Inner Unique": false, "Merge Cond": "(v.userid = b.userid)", "Plans": [{"Node Type": "Merge Join", "Parent Relationship": "Outer", "Parallel Aware": false, "Async Capable": false, "Join Type": "Inner", "Startup Cost": 0.71, "Total Cost": 5861.77, "Plan Rows": 13489, "Plan Width": 12, "Actual Rows": 121174, "Actual Loops": 1, "Inner Unique": false, "Merge Cond": "(v.userid = p.owneruserid)", "Plans": [{"Node Type": "Index Scan", "Parent Relationship": "Outer", "Parallel Aware": false, "Async Capable": false, "Scan Direction": "Forward", "Index Name": "idx_votes_userid", "Relation Name": "votes", "Alias": "v", "Startup Cost": 0.42, "Total Cost": 13242.63, "Plan Rows": 1728, "Plan Width": 4, "Actual Rows": 1086, "Actual Loops": 1, "Filter": "((bountyamount >= 0) AND (bountyamount <= 200))", "Rows Removed by Filter": 36543}, {"Node Type": "Index Scan", "Parent Relationship": "Inner", "Parallel Aware": false, "Async Capable": false, "Scan Direction": "Forward", "Index Name": "idx_posts_owneruserid", "Relation Name": "posts", "Alias": "p", "Startup Cost": 0.29, "Total Cost": 4093.67, "Plan Rows": 91976, "Plan Width": 8, "Actual Rows": 185849, "Actual Loops": 1}]}, {"Node Type": "Index Scan", "Parent Relationship": "Inner", "Parallel Aware": false, "Async Capable": false, "Scan Direction": "Forward", "Index Name": "idx_badges_userid", "Relation Name": "badges", "Alias": "b", "Startup Cost": 0.29, "Total Cost": 3064.97, "Plan Rows": 79733, "Plan Width": 4, "Actual Rows": 24871216, "Actual Loops": 1, "Filter": "(date <= '2014-09-12 12:56:22'::timestamp without time zone)", "Rows Removed by Filter": 93470}]}, {"Node Type": "Index Scan", "Parent Relationship": "Inner", "Parallel Aware": false, "Async Capable": false, "Scan Direction": "Forward", "Index Name": "users_pkey", "Relation Name": "users", "Alias": "u", "Startup Cost": 0.29, "Total Cost": 1760.41, "Plan Rows": 39876, "Plan Width": 4, "Actual Rows": 38814, "Actual Loops": 1, "Filter": "((views >= 0) AND (views <= 515) AND (upvotes >= 0) AND (creationdate <= '2014-09-07 13:46:41'::timestamp without time zone))", "Rows Removed by Filter": 85}]}]}, {"Node Type": "Index Scan", "Parent Relationship": "Inner", "Parallel Aware": false, "Async Capable": false, "Scan Direction": "Forward", "Index Name": "idx_tags_excerptpostid", "Relation Name": "tags", "Alias": "t", "Startup Cost": 0.28, "Total Cost": 66.78, "Plan Rows": 1032, "Plan Width": 4, "Actual Rows": 5622, "Actual Loops": 1}]}]}, "Planning Time": 3.471, "Triggers": [], "Execution Time": 6211.989}, {"Plan": {"Node Type": "Aggregate", "Strategy": "Plain", "Partial Mode": "Simple", "Parallel Aware": false, "Async Capable": false, "Startup Cost": 2448.22, "Total Cost": 2448.23, "Plan Rows": 1, "Plan Width": 8, "Actual Rows": 1, "Actual Loops": 1, "Plans": [{"Node Type": "Merge Join", "Parent Relationship": "Outer", "Parallel Aware": false, "Async Capable": false, "Join Type": "Inner", "Startup Cost": 2404.34, "Total Cost": 2448.21, "Plan Rows": 6, "Plan Width": 0, "Actual Rows": 5091, "Actual Loops": 1, "Inner Unique": false, "Merge Cond": "(t.excerptpostid = p.id)", "Plans": [{"Node Type": "Index Scan", "Parent Relationship": "Outer", "Parallel Aware": false, "Async Capable": false, "Scan Direction": "Forward", "Index Name": "idx_tags_excerptpostid", "Relation Name": "tags", "Alias": "t", "Startup Cost": 0.28, "Total Cost": 66.78, "Plan Rows": 1032, "Plan Width": 4, "Actual Rows": 597, "Actual Loops": 1}, {"Node Type": "Sort", "Parent Relationship": "Inner", "Parallel Aware": false, "Async Capable": false, "Startup Cost": 2403.97, "Total Cost": 2405.98, "Plan Rows": 803, "Plan Width": 4, "Actual Rows": 899827, "Actual Loops": 1, "Sort Key": ["p.id"], "Sort Method": "quicksort", "Sort Space Used": 24577, "Sort Space Type": "Memory", "Plans": [{"Node Type": "Merge Join", "Parent Relationship": "Outer", "Parallel Aware": false, "Async Capable": false, "Join Type": "Inner", "Startup Cost": 1.73, "Total Cost": 2365.23, "Plan Rows": 803, "Plan Width": 4, "Actual Rows": 908830, "Actual Loops": 1, "Inner Unique": true, "Merge Cond": "(v.userid = u.id)", "Plans": [{"Node Type": "Merge Join", "Parent Relationship": "Outer", "Parallel Aware": false, "Async Capable": false, "Join Type": "Inner", "Startup Cost": 1.44, "Total Cost": 4279.72, "Plan Rows": 39110, "Plan Width": 16, "Actual Rows": 24804704, "Actual Loops": 1, "Inner Unique": false, "Merge Cond": "(v.userid = b.userid)", "Plans": [{"Node Type": "Merge Join", "Parent Relationship": "Outer", "Parallel Aware": false, "Async Capable": false, "Join Type": "Inner", "Startup Cost": 0.71, "Total Cost": 5861.77, "Plan Rows": 13489, "Plan Width": 12, "Actual Rows": 121174, "Actual Loops": 1, "Inner Unique": false, "Merge Cond": "(v.userid = p.owneruserid)", "Plans": [{"Node Type": "Index Scan", "Parent Relationship": "Outer", "Parallel Aware": false, "Async Capable": false, "Scan Direction": "Forward", "Index Name": "idx_votes_userid", "Relation Name": "votes", "Alias": "v", "Startup Cost": 0.42, "Total Cost": 13242.63, "Plan Rows": 1728, "Plan Width": 4, "Actual Rows": 1086, "Actual Loops": 1, "Filter": "((bountyamount >= 0) AND (bountyamount <= 200))", "Rows Removed by Filter": 36543}, {"Node Type": "Index Scan", "Parent Relationship": "Inner", "Parallel Aware": false, "Async Capable": false, "Scan Direction": "Forward", "Index Name": "idx_posts_owneruserid", "Relation Name": "posts", "Alias": "p", "Startup Cost": 0.29, "Total Cost": 4093.67, "Plan Rows": 91976, "Plan Width": 8, "Actual Rows": 185849, "Actual Loops": 1}]}, {"Node Type": "Index Scan", "Parent Relationship": "Inner", "Parallel Aware": false, "Async Capable": false, "Scan Direction": "Forward", "Index Name": "idx_badges_userid", "Relation Name": "badges", "Alias": "b", "Startup Cost": 0.29, "Total Cost": 3064.97, "Plan Rows": 79733, "Plan Width": 4, "Actual Rows": 24871216, "Actual Loops": 1, "Filter": "(date <= '2014-09-12 12:56:22'::timestamp without time zone)", "Rows Removed by Filter": 93470}]}, {"Node Type": "Index Scan", "Parent Relationship": "Inner", "Parallel Aware": false, "Async Capable": false, "Scan Direction": "Forward", "Index Name": "users_pkey", "Relation Name": "users", "Alias": "u", "Startup Cost": 0.29, "Total Cost": 1760.41, "Plan Rows": 39876, "Plan Width": 4, "Actual Rows": 38814, "Actual Loops": 1, "Filter": "((views >= 0) AND (views <= 515) AND (upvotes >= 0) AND (creationdate <= '2014-09-07 13:46:41'::timestamp without time zone))", "Rows Removed by Filter": 85}]}]}]}]}, "Planning Time": 3.605, "Triggers": [], "Execution Time": 6481.26}]