[{"Plan": {"Node Type": "Aggregate", "Strategy": "Plain", "Partial Mode": "Finalize", "Parallel Aware": false, "Async Capable": false, "Startup Cost": 21192.04, "Total Cost": 21192.05, "Plan Rows": 1, "Plan Width": 8, "Actual Rows": 1, "Actual Loops": 1, "Plans": [{"Node Type": "Gather", "Parent Relationship": "Outer", "Parallel Aware": false, "Async Capable": false, "Startup Cost": 21191.92, "Total Cost": 21192.03, "Plan Rows": 1, "Plan Width": 8, "Actual Rows": 2, "Actual Loops": 1, "Workers Planned": 1, "Workers Launched": 1, "Single Copy": false, "Plans": [{"Node Type": "Aggregate", "Strategy": "Plain", "Partial Mode": "Partial", "Parent Relationship": "Outer", "Parallel Aware": false, "Async Capable": false, "Startup Cost": 20191.92, "Total Cost": 20191.93, "Plan Rows": 1, "Plan Width": 8, "Actual Rows": 1, "Actual Loops": 2, "Workers": [], "Plans": [{"Node Type": "Hash Join", "Parent Relationship": "Outer", "Parallel Aware": true, "Async Capable": false, "Join Type": "Inner", "Startup Cost": 3050.93, "Total Cost": 6336.0, "Plan Rows": 5542368, "Plan Width": 0, "Actual Rows": 21018, "Actual Loops": 2, "Inner Unique": false, "Hash Cond": "(c.userid = u.id)", "Workers": [], "Plans": [{"Node Type": "Seq Scan", "Parent Relationship": "Outer", "Parallel Aware": true, "Async Capable": false, "Relation Name": "comments", "Alias": "c", "Startup Cost": 0.0, "Total Cost": 2881.99, "Plan Rows": 79328, "Plan Width": 4, "Actual Rows": 67424, "Actual Loops": 2, "Filter": "((creationdate <= '2014-09-13 20:12:15'::timestamp without time zone) AND (score = 0))", "Rows Removed by Filter": 19728, "Workers": []}, {"Node Type": "Hash", "Parent Relationship": "Inner", "Parallel Aware": true, "Async Capable": false, "Startup Cost": 2982.69, "Total Cost": 2982.69, "Plan Rows": 5459, "Plan Width": 12, "Actual Rows": 900, "Actual Loops": 2, "Hash Buckets": 16384, "Original Hash Buckets": 16384, "Hash Batches": 1, "Original Hash Batches": 1, "Peak Memory Usage": 224, "Workers": [], "Plans": [{"Node Type": "Nested Loop", "Parent Relationship": "Outer", "Parallel Aware": false, "Async Capable": false, "Join Type": "Inner", "Startup Cost": 1.0, "Total Cost": 2982.69, "Plan Rows": 5459, "Plan Width": 12, "Actual Rows": 900, "Actual Loops": 2, "Inner Unique": false, "Workers": [], "Plans": [{"Node Type": "Merge Join", "Parent Relationship": "Outer", "Parallel Aware": false, "Async Capable": false, "Join Type": "Inner", "Startup Cost": 0.71, "Total Cost": 2943.71, "Plan Rows": 76, "Plan Width": 8, "Actual Rows": 122, "Actual Loops": 2, "Inner Unique": true, "Merge Cond": "(v.userid = u.id)", "Workers": [], "Plans": [{"Node Type": "Index Scan", "Parent Relationship": "Outer", "Parallel Aware": true, "Async Capable": false, "Scan Direction": "Forward", "Index Name": "idx_votes_userid", "Relation Name": "votes", "Alias": "v", "Startup Cost": 0.42, "Total Cost": 11216.36, "Plan Rows": 747, "Plan Width": 4, "Actual Rows": 406, "Actual Loops": 2, "Filter": "((bountyamount <= 50) AND (creationdate <= '2014-09-12 00:00:00'::timestamp without time zone))", "Rows Removed by Filter": 18752, "Workers": []}, {"Node Type": "Index Scan", "Parent Relationship": "Inner", "Parallel Aware": false, "Async Capable": false, "Scan Direction": "Forward", "Index Name": "users_pkey", "Relation Name": "users", "Alias": "u", "Startup Cost": 0.29, "Total Cost": 1659.6, "Plan Rows": 38627, "Plan Width": 4, "Actual Rows": 37014, "Actual Loops": 2, "Filter": "((upvotes >= 0) AND (upvotes <= 12) AND (creationdate >= '2010-07-19 19:09:39'::timestamp without time zone))", "Rows Removed by Filter": 1630, "Workers": []}]}, {"Node Type": "Index Scan", "Parent Relationship": "Inner", "Parallel Aware": false, "Async Capable": false, "Scan Direction": "Forward", "Index Name": "idx_posts_owneruserid", "Relation Name": "posts", "Alias": "p", "Startup Cost": 0.29, "Total Cost": 0.47, "Plan Rows": 4, "Plan Width": 4, "Actual Rows": 7, "Actual Loops": 244, "Index Cond": "(owneruserid = u.id)", "Rows Removed by Index Recheck": 0, "Filter": "(creationdate >= '2010-07-27 01:51:15'::timestamp without time zone)", "Rows Removed by Filter": 0, "Workers": []}]}]}]}]}]}]}, "Planning Time": 5.065, "Triggers": [], "Execution Time": 104.252}, {"Plan": {"Node Type": "Aggregate", "Strategy": "Plain", "Partial Mode": "Simple", "Parallel Aware": false, "Async Capable": false, "Startup Cost": 40000048230.48, "Total Cost": 40000048230.49, "Plan Rows": 1, "Plan Width": 8, "Actual Rows": 1, "Actual Loops": 1, "Plans": [{"Node Type": "Hash Join", "Parent Relationship": "Outer", "Parallel Aware": false, "Async Capable": false, "Join Type": "Inner", "Startup Cost": 40000019350.89, "Total Cost": 40000024675.42, "Plan Rows": 9422025, "Plan Width": 0, "Actual Rows": 42036, "Actual Loops": 1, "Inner Unique": false, "Hash Cond": "(p.owneruserid = u.id)", "Plans": [{"Node Type": "Index Scan", "Parent Relationship": "Outer", "Parallel Aware": false, "Async Capable": false, "Scan Direction": "Forward", "Index Name": "idx_posts_owneruserid", "Relation Name": "posts", "Alias": "p", "Startup Cost": 10000000000.29, "Total Cost": 10000004323.61, "Plan Rows": 91258, "Plan Width": 4, "Actual Rows": 91286, "Actual Loops": 1, "Filter": "(creationdate >= '2010-07-27 01:51:15'::timestamp without time zone)", "Rows Removed by Filter": 690}, {"Node Type": "Hash", "Parent Relationship": "Inner", "Parallel Aware": false, "Async Capable": false, "Startup Cost": 30000018981.01, "Total Cost": 30000018981.01, "Plan Rows": 29567, "Plan Width": 12, "Actual Rows": 2489, "Actual Loops": 1, "Hash Buckets": 32768, "Original Hash Buckets": 32768, "Hash Batches": 1, "Original Hash Batches": 1, "Peak Memory Usage": 363, "Plans": [{"Node Type": "Nested Loop", "Parent Relationship": "Outer", "Parallel Aware": false, "Async Capable": false, "Join Type": "Inner", "Startup Cost": 30000000001.5, "Total Cost": 30000018981.01, "Plan Rows": 29567, "Plan Width": 12, "Actual Rows": 2489, "Actual Loops": 1, "Inner Unique": false, "Plans": [{"Node Type": "Nested Loop", "Parent Relationship": "Outer", "Parallel Aware": false, "Async Capable": false, "Join Type": "Inner", "Startup Cost": 20000000001.09, "Total Cost": 20000018369.33, "Plan Rows": 129, "Plan Width": 8, "Actual Rows": 244, "Actual Loops": 1, "Inner Unique": true, "Plans": [{"Node Type": "Index Scan", "Parent Relationship": "Outer", "Parallel Aware": false, "Async Capable": false, "Scan Direction": "Forward", "Index Name": "idx_votes_userid", "Relation Name": "votes", "Alias": "v", "Startup Cost": 10000000000.42, "Total Cost": 10000013242.63, "Plan Rows": 1270, "Plan Width": 4, "Actual Rows": 1301, "Actual Loops": 1, "Filter": "((bountyamount <= 50) AND (creationdate <= '2014-09-12 00:00:00'::timestamp without time zone))", "Rows Removed by Filter": 326763}, {"Node Type": "Memoize", "Parent Relationship": "Inner", "Parallel Aware": false, "Async Capable": false, "Startup Cost": 0.66, "Total Cost": 4.68, "Plan Rows": 1, "Plan Width": 4, "Actual Rows": 0, "Actual Loops": 1301, "Cache Key": "v.userid", "Cache Mode": "logical", "Cache Hits": 789, "Cache Misses": 512, "Cache Evictions": 0, "Cache Overflows": 0, "Peak Memory Usage": 42, "Plans": [{"Node Type": "Bitmap Heap Scan", "Parent Relationship": "Outer", "Parallel Aware": false, "Async Capable": false, "Relation Name": "users", "Alias": "u", "Startup Cost": 0.65, "Total Cost": 4.67, "Plan Rows": 1, "Plan Width": 4, "Actual Rows": 0, "Actual Loops": 512, "Recheck Cond": "(v.userid = id)", "Rows Removed by Index Recheck": 0, "Filter": "((upvotes >= 0) AND (upvotes <= 12) AND (creationdate >= '2010-07-19 19:09:39'::timestamp without time zone))", "Rows Removed by Filter": 1, "Exact Heap Blocks": 511, "Lossy Heap Blocks": 0, "Plans": [{"Node Type": "Bitmap Index Scan", "Parent Relationship": "Outer", "Parallel Aware": false, "Async Capable": false, "Index Name": "users_pkey", "Startup Cost": 0.0, "Total Cost": 0.65, "Plan Rows": 1, "Plan Width": 0, "Actual Rows": 1, "Actual Loops": 512, "Index Cond": "(id = v.userid)"}]}]}]}, {"Node Type": "Bitmap Heap Scan", "Parent Relationship": "Inner", "Parallel Aware": false, "Async Capable": false, "Relation Name": "comments", "Alias": "c", "Startup Cost": 0.41, "Total Cost": 4.64, "Plan Rows": 10, "Plan Width": 4, "Actual Rows": 10, "Actual Loops": 244, "Recheck Cond": "(userid = u.id)", "Rows Removed by Index Recheck": 0, "Filter": "((creationdate <= '2014-09-13 20:12:15'::timestamp without time zone) AND (score = 0))", "Rows Removed by Filter": 1, "Exact Heap Blocks": 1574, "Lossy Heap Blocks": 0, "Plans": [{"Node Type": "Bitmap Index Scan", "Parent Relationship": "Outer", "Parallel Aware": false, "Async Capable": false, "Index Name": "idx_comments_userid", "Startup Cost": 0.0, "Total Cost": 0.41, "Plan Rows": 13, "Plan Width": 0, "Actual Rows": 11, "Actual Loops": 244, "Index Cond": "(userid = u.id)"}]}]}]}]}]}, "Planning Time": 2.419, "Triggers": [], "Execution Time": 239.294}, {"Plan": {"Node Type": "Aggregate", "Strategy": "Plain", "Partial Mode": "Finalize", "Parallel Aware": false, "Async Capable": false, "Startup Cost": 41938.34, "Total Cost": 41938.35, "Plan Rows": 1, "Plan Width": 8, "Actual Rows": 1, "Actual Loops": 1, "Plans": [{"Node Type": "Gather", "Parent Relationship": "Outer", "Parallel Aware": false, "Async Capable": false, "Startup Cost": 41938.22, "Total Cost": 41938.33, "Plan Rows": 1, "Plan Width": 8, "Actual Rows": 2, "Actual Loops": 1, "Workers Planned": 1, "Workers Launched": 1, "Single Copy": false, "Plans": [{"Node Type": "Aggregate", "Strategy": "Plain", "Partial Mode": "Partial", "Parent Relationship": "Outer", "Parallel Aware": false, "Async Capable": false, "Startup Cost": 40938.22, "Total Cost": 40938.23, "Plan Rows": 1, "Plan Width": 8, "Actual Rows": 1, "Actual Loops": 2, "Workers": [], "Plans": [{"Node Type": "Hash Join", "Parent Relationship": "Outer", "Parallel Aware": true, "Async Capable": false, "Join Type": "Inner", "Startup Cost": 19061.37, "Total Cost": 27082.3, "Plan Rows": 5542368, "Plan Width": 0, "Actual Rows": 21018, "Actual Loops": 2, "Inner Unique": false, "Hash Cond": "(c.userid = u.id)", "Workers": [], "Plans": [{"Node Type": "Index Scan", "Parent Relationship": "Outer", "Parallel Aware": true, "Async Capable": false, "Scan Direction": "Forward", "Index Name": "idx_comments_userid", "Relation Name": "comments", "Alias": "c", "Startup Cost": 0.29, "Total Cost": 7618.14, "Plan Rows": 79328, "Plan Width": 4, "Actual Rows": 67424, "Actual Loops": 2, "Filter": "((creationdate <= '2014-09-13 20:12:15'::timestamp without time zone) AND (score = 0))", "Rows Removed by Filter": 19728, "Workers": []}, {"Node Type": "Hash", "Parent Relationship": "Inner", "Parallel Aware": true, "Async Capable": false, "Startup Cost": 18992.84, "Total Cost": 18992.84, "Plan Rows": 5459, "Plan Width": 12, "Actual Rows": 900, "Actual Loops": 2, "Hash Buckets": 16384, "Original Hash Buckets": 16384, "Hash Batches": 1, "Original Hash Batches": 1, "Peak Memory Usage": 224, "Workers": [], "Plans": [{"Node Type": "Hash Join", "Parent Relationship": "Outer", "Parallel Aware": false, "Async Capable": false, "Join Type": "Inner", "Startup Cost": 7607.2, "Total Cost": 18992.84, "Plan Rows": 5459, "Plan Width": 12, "Actual Rows": 900, "Actual Loops": 2, "Inner Unique": false, "Hash Cond": "(u.id = p.owneruserid)", "Workers": [], "Plans": [{"Node Type": "Hash Join", "Parent Relationship": "Outer", "Parallel Aware": false, "Async Capable": false, "Join Type": "Inner", "Startup Cost": 2142.86, "Total Cost": 13360.76, "Plan Rows": 76, "Plan Width": 8, "Actual Rows": 122, "Actual Loops": 2, "Inner Unique": true, "Hash Cond": "(v.userid = u.id)", "Workers": [], "Plans": [{"Node Type": "Index Scan", "Parent Relationship": "Outer", "Parallel Aware": true, "Async Capable": false, "Scan Direction": "Forward", "Index Name": "idx_votes_userid", "Relation Name": "votes", "Alias": "v", "Startup Cost": 0.42, "Total Cost": 11216.36, "Plan Rows": 747, "Plan Width": 4, "Actual Rows": 650, "Actual Loops": 2, "Filter": "((bountyamount <= 50) AND (creationdate <= '2014-09-12 00:00:00'::timestamp without time zone))", "Rows Removed by Filter": 163382, "Workers": []}, {"Node Type": "Hash", "Parent Relationship": "Inner", "Parallel Aware": false, "Async Capable": false, "Startup Cost": 1659.6, "Total Cost": 1659.6, "Plan Rows": 38627, "Plan Width": 4, "Actual Rows": 38691, "Actual Loops": 2, "Hash Buckets": 65536, "Original Hash Buckets": 65536, "Hash Batches": 1, "Original Hash Batches": 1, "Peak Memory Usage": 1873, "Workers": [], "Plans": [{"Node Type": "Index Scan", "Parent Relationship": "Outer", "Parallel Aware": false, "Async Capable": false, "Scan Direction": "Forward", "Index Name": "users_pkey", "Relation Name": "users", "Alias": "u", "Startup Cost": 0.29, "Total Cost": 1659.6, "Plan Rows": 38627, "Plan Width": 4, "Actual Rows": 38691, "Actual Loops": 2, "Filter": "((upvotes >= 0) AND (upvotes <= 12) AND (creationdate >= '2010-07-19 19:09:39'::timestamp without time zone))", "Rows Removed by Filter": 1634, "Workers": []}]}]}, {"Node Type": "Hash", "Parent Relationship": "Inner", "Parallel Aware": false, "Async Capable": false, "Startup Cost": 4323.61, "Total Cost": 4323.61, "Plan Rows": 91258, "Plan Width": 4, "Actual Rows": 89935, "Actual Loops": 2, "Hash Buckets": 131072, "Original Hash Buckets": 131072, "Hash Batches": 1, "Original Hash Batches": 1, "Peak Memory Usage": 4186, "Workers": [], "Plans": [{"Node Type": "Index Scan", "Parent Relationship": "Outer", "Parallel Aware": false, "Async Capable": false, "Scan Direction": "Forward", "Index Name": "idx_posts_owneruserid", "Relation Name": "posts", "Alias": "p", "Startup Cost": 0.29, "Total Cost": 4323.61, "Plan Rows": 91258, "Plan Width": 4, "Actual Rows": 91286, "Actual Loops": 2, "Filter": "(creationdate >= '2010-07-27 01:51:15'::timestamp without time zone)", "Rows Removed by Filter": 690, "Workers": []}]}]}]}]}]}]}]}, "Planning Time": 4.036, "Triggers": [], "Execution Time": 350.268}, {"Plan": {"Node Type": "Aggregate", "Strategy": "Plain", "Partial Mode": "Finalize", "Parallel Aware": false, "Async Capable": false, "Startup Cost": 30373.96, "Total Cost": 30373.97, "Plan Rows": 1, "Plan Width": 8, "Actual Rows": 1, "Actual Loops": 1, "Plans": [{"Node Type": "Gather", "Parent Relationship": "Outer", "Parallel Aware": false, "Async Capable": false, "Startup Cost": 30373.85, "Total Cost": 30373.96, "Plan Rows": 1, "Plan Width": 8, "Actual Rows": 2, "Actual Loops": 1, "Workers Planned": 1, "Workers Launched": 1, "Single Copy": false, "Plans": [{"Node Type": "Aggregate", "Strategy": "Plain", "Partial Mode": "Partial", "Parent Relationship": "Outer", "Parallel Aware": false, "Async Capable": false, "Startup Cost": 29373.85, "Total Cost": 29373.86, "Plan Rows": 1, "Plan Width": 8, "Actual Rows": 1, "Actual Loops": 2, "Workers": [], "Plans": [{"Node Type": "Hash Join", "Parent Relationship": "Outer", "Parallel Aware": true, "Async Capable": false, "Join Type": "Inner", "Startup Cost": 7497.0, "Total Cost": 15517.93, "Plan Rows": 5542368, "Plan Width": 0, "Actual Rows": 21018, "Actual Loops": 2, "Inner Unique": false, "Hash Cond": "(c.userid = u.id)", "Workers": [], "Plans": [{"Node Type": "Index Scan", "Parent Relationship": "Outer", "Parallel Aware": true, "Async Capable": false, "Scan Direction": "Forward", "Index Name": "idx_comments_userid", "Relation Name": "comments", "Alias": "c", "Startup Cost": 0.29, "Total Cost": 7618.14, "Plan Rows": 79328, "Plan Width": 4, "Actual Rows": 67424, "Actual Loops": 2, "Filter": "((creationdate <= '2014-09-13 20:12:15'::timestamp without time zone) AND (score = 0))", "Rows Removed by Filter": 19728, "Workers": []}, {"Node Type": "Hash", "Parent Relationship": "Inner", "Parallel Aware": true, "Async Capable": false, "Startup Cost": 7428.46, "Total Cost": 7428.46, "Plan Rows": 5459, "Plan Width": 12, "Actual Rows": 900, "Actual Loops": 2, "Hash Buckets": 16384, "Original Hash Buckets": 16384, "Hash Batches": 1, "Original Hash Batches": 1, "Peak Memory Usage": 224, "Workers": [], "Plans": [{"Node Type": "Merge Join", "Parent Relationship": "Outer", "Parallel Aware": false, "Async Capable": false, "Join Type": "Inner", "Startup Cost": 1.0, "Total Cost": 7428.46, "Plan Rows": 5459, "Plan Width": 12, "Actual Rows": 900, "Actual Loops": 2, "Inner Unique": false, "Merge Cond": "(u.id = p.owneruserid)", "Workers": [], "Plans": [{"Node Type": "Merge Join", "Parent Relationship": "Outer", "Parallel Aware": false, "Async Capable": false, "Join Type": "Inner", "Startup Cost": 0.71, "Total Cost": 2943.71, "Plan Rows": 76, "Plan Width": 8, "Actual Rows": 122, "Actual Loops": 2, "Inner Unique": true, "Merge Cond": "(v.userid = u.id)", "Workers": [], "Plans": [{"Node Type": "Index Scan", "Parent Relationship": "Outer", "Parallel Aware": true, "Async Capable": false, "Scan Direction": "Forward", "Index Name": "idx_votes_userid", "Relation Name": "votes", "Alias": "v", "Startup Cost": 0.42, "Total Cost": 11216.36, "Plan Rows": 747, "Plan Width": 4, "Actual Rows": 406, "Actual Loops": 2, "Filter": "((bountyamount <= 50) AND (creationdate <= '2014-09-12 00:00:00'::timestamp without time zone))", "Rows Removed by Filter": 18752, "Workers": []}, {"Node Type": "Index Scan", "Parent Relationship": "Inner", "Parallel Aware": false, "Async Capable": false, "Scan Direction": "Forward", "Index Name": "users_pkey", "Relation Name": "users", "Alias": "u", "Startup Cost": 0.29, "Total Cost": 1659.6, "Plan Rows": 38627, "Plan Width": 4, "Actual Rows": 37014, "Actual Loops": 2, "Filter": "((upvotes >= 0) AND (upvotes <= 12) AND (creationdate >= '2010-07-19 19:09:39'::timestamp without time zone))", "Rows Removed by Filter": 1630, "Workers": []}]}, {"Node Type": "Index Scan", "Parent Relationship": "Inner", "Parallel Aware": false, "Async Capable": false, "Scan Direction": "Forward", "Index Name": "idx_posts_owneruserid", "Relation Name": "posts", "Alias": "p", "Startup Cost": 0.29, "Total Cost": 4323.61, "Plan Rows": 91258, "Plan Width": 4, "Actual Rows": 89012, "Actual Loops": 2, "Filter": "(creationdate >= '2010-07-27 01:51:15'::timestamp without time zone)", "Rows Removed by Filter": 649, "Workers": []}]}]}]}]}]}]}, "Planning Time": 7.253, "Triggers": [], "Execution Time": 256.325}, {"Plan": {"Node Type": "Aggregate", "Strategy": "Plain", "Partial Mode": "Finalize", "Parallel Aware": false, "Async Capable": false, "Startup Cost": 22094.36, "Total Cost": 22094.37, "Plan Rows": 1, "Plan Width": 8, "Actual Rows": 1, "Actual Loops": 1, "Plans": [{"Node Type": "Gather", "Parent Relationship": "Outer", "Parallel Aware": false, "Async Capable": false, "Startup Cost": 22094.24, "Total Cost": 22094.35, "Plan Rows": 1, "Plan Width": 8, "Actual Rows": 2, "Actual Loops": 1, "Workers Planned": 1, "Workers Launched": 1, "Single Copy": false, "Plans": [{"Node Type": "Aggregate", "Strategy": "Plain", "Partial Mode": "Partial", "Parent Relationship": "Outer", "Parallel Aware": false, "Async Capable": false, "Startup Cost": 21094.24, "Total Cost": 21094.25, "Plan Rows": 1, "Plan Width": 8, "Actual Rows": 1, "Actual Loops": 2, "Workers": [], "Plans": [{"Node Type": "Nested Loop", "Parent Relationship": "Outer", "Parallel Aware": false, "Async Capable": false, "Join Type": "Inner", "Startup Cost": 1.3, "Total Cost": 7238.32, "Plan Rows": 5542368, "Plan Width": 0, "Actual Rows": 21018, "Actual Loops": 2, "Inner Unique": false, "Join Filter": "(c.userid = u.id)", "Rows Removed by Join Filter": 0, "Workers": [], "Plans": [{"Node Type": "Nested Loop", "Parent Relationship": "Outer", "Parallel Aware": false, "Async Capable": false, "Join Type": "Inner", "Startup Cost": 1.0, "Total Cost": 2982.69, "Plan Rows": 5459, "Plan Width": 12, "Actual Rows": 900, "Actual Loops": 2, "Inner Unique": false, "Workers": [], "Plans": [{"Node Type": "Merge Join", "Parent Relationship": "Outer", "Parallel Aware": false, "Async Capable": false, "Join Type": "Inner", "Startup Cost": 0.71, "Total Cost": 2943.71, "Plan Rows": 76, "Plan Width": 8, "Actual Rows": 122, "Actual Loops": 2, "Inner Unique": true, "Merge Cond": "(v.userid = u.id)", "Workers": [], "Plans": [{"Node Type": "Index Scan", "Parent Relationship": "Outer", "Parallel Aware": true, "Async Capable": false, "Scan Direction": "Forward", "Index Name": "idx_votes_userid", "Relation Name": "votes", "Alias": "v", "Startup Cost": 0.42, "Total Cost": 11216.36, "Plan Rows": 747, "Plan Width": 4, "Actual Rows": 406, "Actual Loops": 2, "Filter": "((bountyamount <= 50) AND (creationdate <= '2014-09-12 00:00:00'::timestamp without time zone))", "Rows Removed by Filter": 18752, "Workers": []}, {"Node Type": "Index Scan", "Parent Relationship": "Inner", "Parallel Aware": false, "Async Capable": false, "Scan Direction": "Forward", "Index Name": "users_pkey", "Relation Name": "users", "Alias": "u", "Startup Cost": 0.29, "Total Cost": 1659.6, "Plan Rows": 38627, "Plan Width": 4, "Actual Rows": 37014, "Actual Loops": 2, "Filter": "((upvotes >= 0) AND (upvotes <= 12) AND (creationdate >= '2010-07-19 19:09:39'::timestamp without time zone))", "Rows Removed by Filter": 1630, "Workers": []}]}, {"Node Type": "Index Scan", "Parent Relationship": "Inner", "Parallel Aware": false, "Async Capable": false, "Scan Direction": "Forward", "Index Name": "idx_posts_owneruserid", "Relation Name": "posts", "Alias": "p", "Startup Cost": 0.29, "Total Cost": 0.47, "Plan Rows": 4, "Plan Width": 4, "Actual Rows": 7, "Actual Loops": 244, "Index Cond": "(owneruserid = u.id)", "Rows Removed by Index Recheck": 0, "Filter": "(creationdate >= '2010-07-27 01:51:15'::timestamp without time zone)", "Rows Removed by Filter": 0, "Workers": []}]}, {"Node Type": "Index Scan", "Parent Relationship": "Inner", "Parallel Aware": false, "Async Capable": false, "Scan Direction": "Forward", "Index Name": "idx_comments_userid", "Relation Name": "comments", "Alias": "c", "Startup Cost": 0.29, "Total Cost": 0.65, "Plan Rows": 10, "Plan Width": 4, "Actual Rows": 23, "Actual Loops": 1799, "Index Cond": "(userid = p.owneruserid)", "Rows Removed by Index Recheck": 0, "Filter": "((creationdate <= '2014-09-13 20:12:15'::timestamp without time zone) AND (score = 0))", "Rows Removed by Filter": 2, "Workers": []}]}]}]}]}, "Planning Time": 3.768, "Triggers": [], "Execution Time": 77.097}, {"Plan": {"Node Type": "Aggregate", "Strategy": "Plain", "Partial Mode": "Finalize", "Parallel Aware": false, "Async Capable": false, "Startup Cost": 23822.87, "Total Cost": 23822.88, "Plan Rows": 1, "Plan Width": 8, "Actual Rows": 1, "Actual Loops": 1, "Plans": [{"Node Type": "Gather", "Parent Relationship": "Outer", "Parallel Aware": false, "Async Capable": false, "Startup Cost": 23822.76, "Total Cost": 23822.87, "Plan Rows": 1, "Plan Width": 8, "Actual Rows": 2, "Actual Loops": 1, "Workers Planned": 1, "Workers Launched": 1, "Single Copy": false, "Plans": [{"Node Type": "Aggregate", "Strategy": "Plain", "Partial Mode": "Partial", "Parent Relationship": "Outer", "Parallel Aware": false, "Async Capable": false, "Startup Cost": 22822.76, "Total Cost": 22822.77, "Plan Rows": 1, "Plan Width": 8, "Actual Rows": 1, "Actual Loops": 2, "Workers": [], "Plans": [{"Node Type": "Hash Join", "Parent Relationship": "Outer", "Parallel Aware": false, "Async Capable": false, "Join Type": "Inner", "Startup Cost": 5607.84, "Total Cost": 8966.84, "Plan Rows": 5542368, "Plan Width": 0, "Actual Rows": 21018, "Actual Loops": 2, "Inner Unique": false, "Hash Cond": "(c.userid = u.id)", "Workers": [], "Plans": [{"Node Type": "Seq Scan", "Parent Relationship": "Outer", "Parallel Aware": true, "Async Capable": false, "Relation Name": "comments", "Alias": "c", "Startup Cost": 0.0, "Total Cost": 2881.99, "Plan Rows": 79328, "Plan Width": 4, "Actual Rows": 67424, "Actual Loops": 2, "Filter": "((creationdate <= '2014-09-13 20:12:15'::timestamp without time zone) AND (score = 0))", "Rows Removed by Filter": 19728, "Workers": []}, {"Node Type": "Hash", "Parent Relationship": "Inner", "Parallel Aware": false, "Async Capable": false, "Startup Cost": 5491.84, "Total Cost": 5491.84, "Plan Rows": 9280, "Plan Width": 12, "Actual Rows": 1799, "Actual Loops": 2, "Hash Buckets": 16384, "Original Hash Buckets": 16384, "Hash Batches": 1, "Original Hash Batches": 1, "Peak Memory Usage": 206, "Workers": [], "Plans": [{"Node Type": "Hash Join", "Parent Relationship": "Outer", "Parallel Aware": false, "Async Capable": false, "Join Type": "Inner", "Startup Cost": 3157.04, "Total Cost": 5491.84, "Plan Rows": 9280, "Plan Width": 12, "Actual Rows": 1799, "Actual Loops": 2, "Inner Unique": false, "Hash Cond": "(p.owneruserid = u.id)", "Workers": [], "Plans": [{"Node Type": "Seq Scan", "Parent Relationship": "Outer", "Parallel Aware": false, "Async Capable": false, "Relation Name": "posts", "Alias": "p", "Startup Cost": 0.0, "Total Cost": 1989.7, "Plan Rows": 91258, "Plan Width": 4, "Actual Rows": 91286, "Actual Loops": 2, "Filter": "(creationdate >= '2010-07-27 01:51:15'::timestamp without time zone)", "Rows Removed by Filter": 690, "Workers": []}, {"Node Type": "Hash", "Parent Relationship": "Inner", "Parallel Aware": false, "Async Capable": false, "Startup Cost": 3155.43, "Total Cost": 3155.43, "Plan Rows": 129, "Plan Width": 8, "Actual Rows": 244, "Actual Loops": 2, "Hash Buckets": 1024, "Original Hash Buckets": 1024, "Hash Batches": 1, "Original Hash Batches": 1, "Peak Memory Usage": 18, "Workers": [], "Plans": [{"Node Type": "Merge Join", "Parent Relationship": "Outer", "Parallel Aware": false, "Async Capable": false, "Join Type": "Inner", "Startup Cost": 0.71, "Total Cost": 3155.43, "Plan Rows": 129, "Plan Width": 8, "Actual Rows": 244, "Actual Loops": 2, "Inner Unique": true, "Merge Cond": "(v.userid = u.id)", "Workers": [], "Plans": [{"Node Type": "Index Scan", "Parent Relationship": "Outer", "Parallel Aware": false, "Async Capable": false, "Scan Direction": "Forward", "Index Name": "idx_votes_userid", "Relation Name": "votes", "Alias": "v", "Startup Cost": 0.42, "Total Cost": 13242.63, "Plan Rows": 1270, "Plan Width": 4, "Actual Rows": 811, "Actual Loops": 2, "Filter": "((bountyamount <= 50) AND (creationdate <= '2014-09-12 00:00:00'::timestamp without time zone))", "Rows Removed by Filter": 36818, "Workers": []}, {"Node Type": "Index Scan", "Parent Relationship": "Inner", "Parallel Aware": false, "Async Capable": false, "Scan Direction": "Forward", "Index Name": "users_pkey", "Relation Name": "users", "Alias": "u", "Startup Cost": 0.29, "Total Cost": 1659.6, "Plan Rows": 38627, "Plan Width": 4, "Actual Rows": 38594, "Actual Loops": 2, "Filter": "((upvotes >= 0) AND (upvotes <= 12) AND (creationdate >= '2010-07-19 19:09:39'::timestamp without time zone))", "Rows Removed by Filter": 1634, "Workers": []}]}]}]}]}]}]}]}]}, "Planning Time": 4.085, "Triggers": [], "Execution Time": 135.161}, {"Plan": {"Node Type": "Aggregate", "Strategy": "Plain", "Partial Mode": "Finalize", "Parallel Aware": false, "Async Capable": false, "Startup Cost": 31566.94, "Total Cost": 31566.95, "Plan Rows": 1, "Plan Width": 8, "Actual Rows": 1, "Actual Loops": 1, "Plans": [{"Node Type": "Gather", "Parent Relationship": "Outer", "Parallel Aware": false, "Async Capable": false, "Startup Cost": 31566.83, "Total Cost": 31566.94, "Plan Rows": 1, "Plan Width": 8, "Actual Rows": 2, "Actual Loops": 1, "Workers Planned": 1, "Workers Launched": 1, "Single Copy": false, "Plans": [{"Node Type": "Aggregate", "Strategy": "Plain", "Partial Mode": "Partial", "Parent Relationship": "Outer", "Parallel Aware": false, "Async Capable": false, "Startup Cost": 30566.83, "Total Cost": 30566.84, "Plan Rows": 1, "Plan Width": 8, "Actual Rows": 1, "Actual Loops": 2, "Workers": [], "Plans": [{"Node Type": "Nested Loop", "Parent Relationship": "Outer", "Parallel Aware": false, "Async Capable": false, "Join Type": "Inner", "Startup Cost": 1.3, "Total Cost": 16710.91, "Plan Rows": 5542368, "Plan Width": 0, "Actual Rows": 21018, "Actual Loops": 2, "Inner Unique": false, "Join Filter": "(c.userid = u.id)", "Rows Removed by Join Filter": 0, "Workers": [], "Plans": [{"Node Type": "Nested Loop", "Parent Relationship": "Outer", "Parallel Aware": false, "Async Capable": false, "Join Type": "Inner", "Startup Cost": 1.0, "Total Cost": 12455.28, "Plan Rows": 5459, "Plan Width": 12, "Actual Rows": 900, "Actual Loops": 2, "Inner Unique": false, "Workers": [], "Plans": [{"Node Type": "Nested Loop", "Parent Relationship": "Outer", "Parallel Aware": false, "Async Capable": false, "Join Type": "Inner", "Startup Cost": 0.71, "Total Cost": 12416.29, "Plan Rows": 76, "Plan Width": 8, "Actual Rows": 122, "Actual Loops": 2, "Inner Unique": true, "Workers": [], "Plans": [{"Node Type": "Index Scan", "Parent Relationship": "Outer", "Parallel Aware": true, "Async Capable": false, "Scan Direction": "Forward", "Index Name": "idx_votes_userid", "Relation Name": "votes", "Alias": "v", "Startup Cost": 0.42, "Total Cost": 11216.36, "Plan Rows": 747, "Plan Width": 4, "Actual Rows": 650, "Actual Loops": 2, "Filter": "((bountyamount <= 50) AND (creationdate <= '2014-09-12 00:00:00'::timestamp without time zone))", "Rows Removed by Filter": 163382, "Workers": []}, {"Node Type": "Index Scan", "Parent Relationship": "Inner", "Parallel Aware": false, "Async Capable": false, "Scan Direction": "Forward", "Index Name": "users_pkey", "Relation Name": "users", "Alias": "u", "Startup Cost": 0.29, "Total Cost": 1.61, "Plan Rows": 1, "Plan Width": 4, "Actual Rows": 0, "Actual Loops": 1301, "Index Cond": "(id = v.userid)", "Rows Removed by Index Recheck": 0, "Filter": "((upvotes >= 0) AND (upvotes <= 12) AND (creationdate >= '2010-07-19 19:09:39'::timestamp without time zone))", "Rows Removed by Filter": 0, "Workers": []}]}, {"Node Type": "Index Scan", "Parent Relationship": "Inner", "Parallel Aware": false, "Async Capable": false, "Scan Direction": "Forward", "Index Name": "idx_posts_owneruserid", "Relation Name": "posts", "Alias": "p", "Startup Cost": 0.29, "Total Cost": 0.47, "Plan Rows": 4, "Plan Width": 4, "Actual Rows": 7, "Actual Loops": 244, "Index Cond": "(owneruserid = u.id)", "Rows Removed by Index Recheck": 0, "Filter": "(creationdate >= '2010-07-27 01:51:15'::timestamp without time zone)", "Rows Removed by Filter": 0, "Workers": []}]}, {"Node Type": "Index Scan", "Parent Relationship": "Inner", "Parallel Aware": false, "Async Capable": false, "Scan Direction": "Forward", "Index Name": "idx_comments_userid", "Relation Name": "comments", "Alias": "c", "Startup Cost": 0.29, "Total Cost": 0.65, "Plan Rows": 10, "Plan Width": 4, "Actual Rows": 23, "Actual Loops": 1799, "Index Cond": "(userid = p.owneruserid)", "Rows Removed by Index Recheck": 0, "Filter": "((creationdate <= '2014-09-13 20:12:15'::timestamp without time zone) AND (score = 0))", "Rows Removed by Filter": 2, "Workers": []}]}]}]}]}, "Planning Time": 2.802, "Triggers": [], "Execution Time": 75.932}, {"Plan": {"Node Type": "Aggregate", "Strategy": "Plain", "Partial Mode": "Finalize", "Parallel Aware": false, "Async Capable": false, "Startup Cost": 24502.95, "Total Cost": 24502.96, "Plan Rows": 1, "Plan Width": 8, "Actual Rows": 1, "Actual Loops": 1, "Plans": [{"Node Type": "Gather", "Parent Relationship": "Outer", "Parallel Aware": false, "Async Capable": false, "Startup Cost": 24502.83, "Total Cost": 24502.94, "Plan Rows": 1, "Plan Width": 8, "Actual Rows": 2, "Actual Loops": 1, "Workers Planned": 1, "Workers Launched": 1, "Single Copy": false, "Plans": [{"Node Type": "Aggregate", "Strategy": "Plain", "Partial Mode": "Partial", "Parent Relationship": "Outer", "Parallel Aware": false, "Async Capable": false, "Startup Cost": 23502.83, "Total Cost": 23502.84, "Plan Rows": 1, "Plan Width": 8, "Actual Rows": 1, "Actual Loops": 2, "Workers": [], "Plans": [{"Node Type": "Hash Join", "Parent Relationship": "Outer", "Parallel Aware": true, "Async Capable": false, "Join Type": "Inner", "Startup Cost": 6361.84, "Total Cost": 9646.91, "Plan Rows": 5542368, "Plan Width": 0, "Actual Rows": 21018, "Actual Loops": 2, "Inner Unique": false, "Hash Cond": "(c.userid = u.id)", "Workers": [], "Plans": [{"Node Type": "Seq Scan", "Parent Relationship": "Outer", "Parallel Aware": true, "Async Capable": false, "Relation Name": "comments", "Alias": "c", "Startup Cost": 0.0, "Total Cost": 2881.99, "Plan Rows": 79328, "Plan Width": 4, "Actual Rows": 67424, "Actual Loops": 2, "Filter": "((creationdate <= '2014-09-13 20:12:15'::timestamp without time zone) AND (score = 0))", "Rows Removed by Filter": 19728, "Workers": []}, {"Node Type": "Hash", "Parent Relationship": "Inner", "Parallel Aware": true, "Async Capable": false, "Startup Cost": 6293.6, "Total Cost": 6293.6, "Plan Rows": 5459, "Plan Width": 12, "Actual Rows": 900, "Actual Loops": 2, "Hash Buckets": 16384, "Original Hash Buckets": 16384, "Hash Batches": 1, "Original Hash Batches": 1, "Peak Memory Usage": 224, "Workers": [], "Plans": [{"Node Type": "Nested Loop", "Parent Relationship": "Outer", "Parallel Aware": false, "Async Capable": false, "Join Type": "Inner", "Startup Cost": 0.58, "Total Cost": 6293.6, "Plan Rows": 5459, "Plan Width": 12, "Actual Rows": 900, "Actual Loops": 2, "Inner Unique": false, "Workers": [], "Plans": [{"Node Type": "Nested Loop", "Parent Relationship": "Outer", "Parallel Aware": false, "Async Capable": false, "Join Type": "Inner", "Startup Cost": 0.29, "Total Cost": 6254.62, "Plan Rows": 76, "Plan Width": 8, "Actual Rows": 122, "Actual Loops": 2, "Inner Unique": true, "Workers": [], "Plans": [{"Node Type": "Seq Scan", "Parent Relationship": "Outer", "Parallel Aware": true, "Async Capable": false, "Relation Name": "votes", "Alias": "v", "Startup Cost": 0.0, "Total Cost": 5054.68, "Plan Rows": 747, "Plan Width": 4, "Actual Rows": 650, "Actual Loops": 2, "Filter": "((bountyamount <= 50) AND (creationdate <= '2014-09-12 00:00:00'::timestamp without time zone))", "Rows Removed by Filter": 163382, "Workers": []}, {"Node Type": "Index Scan", "Parent Relationship": "Inner", "Parallel Aware": false, "Async Capable": false, "Scan Direction": "Forward", "Index Name": "users_pkey", "Relation Name": "users", "Alias": "u", "Startup Cost": 0.29, "Total Cost": 1.61, "Plan Rows": 1, "Plan Width": 4, "Actual Rows": 0, "Actual Loops": 1301, "Index Cond": "(id = v.userid)", "Rows Removed by Index Recheck": 0, "Filter": "((upvotes >= 0) AND (upvotes <= 12) AND (creationdate >= '2010-07-19 19:09:39'::timestamp without time zone))", "Rows Removed by Filter": 0, "Workers": []}]}, {"Node Type": "Index Scan", "Parent Relationship": "Inner", "Parallel Aware": false, "Async Capable": false, "Scan Direction": "Forward", "Index Name": "idx_posts_owneruserid", "Relation Name": "posts", "Alias": "p", "Startup Cost": 0.29, "Total Cost": 0.47, "Plan Rows": 4, "Plan Width": 4, "Actual Rows": 7, "Actual Loops": 244, "Index Cond": "(owneruserid = u.id)", "Rows Removed by Index Recheck": 0, "Filter": "(creationdate >= '2010-07-27 01:51:15'::timestamp without time zone)", "Rows Removed by Filter": 0, "Workers": []}]}]}]}]}]}]}, "Planning Time": 2.484, "Triggers": [], "Execution Time": 76.839}, {"Plan": {"Node Type": "Aggregate", "Strategy": "Plain", "Partial Mode": "Finalize", "Parallel Aware": false, "Async Capable": false, "Startup Cost": 28049.69, "Total Cost": 28049.7, "Plan Rows": 1, "Plan Width": 8, "Actual Rows": 1, "Actual Loops": 1, "Plans": [{"Node Type": "Gather", "Parent Relationship": "Outer", "Parallel Aware": false, "Async Capable": false, "Startup Cost": 28049.58, "Total Cost": 28049.69, "Plan Rows": 1, "Plan Width": 8, "Actual Rows": 2, "Actual Loops": 1, "Workers Planned": 1, "Workers Launched": 1, "Single Copy": false, "Plans": [{"Node Type": "Aggregate", "Strategy": "Plain", "Partial Mode": "Partial", "Parent Relationship": "Outer", "Parallel Aware": false, "Async Capable": false, "Startup Cost": 27049.58, "Total Cost": 27049.59, "Plan Rows": 1, "Plan Width": 8, "Actual Rows": 1, "Actual Loops": 2, "Workers": [], "Plans": [{"Node Type": "Hash Join", "Parent Relationship": "Outer", "Parallel Aware": true, "Async Capable": false, "Join Type": "Inner", "Startup Cost": 9908.58, "Total Cost": 13193.66, "Plan Rows": 5542368, "Plan Width": 0, "Actual Rows": 21018, "Actual Loops": 2, "Inner Unique": false, "Hash Cond": "(c.userid = u.id)", "Workers": [], "Plans": [{"Node Type": "Seq Scan", "Parent Relationship": "Outer", "Parallel Aware": true, "Async Capable": false, "Relation Name": "comments", "Alias": "c", "Startup Cost": 0.0, "Total Cost": 2881.99, "Plan Rows": 79328, "Plan Width": 4, "Actual Rows": 67424, "Actual Loops": 2, "Filter": "((creationdate <= '2014-09-13 20:12:15'::timestamp without time zone) AND (score = 0))", "Rows Removed by Filter": 19728, "Workers": []}, {"Node Type": "Hash", "Parent Relationship": "Inner", "Parallel Aware": true, "Async Capable": false, "Startup Cost": 9840.34, "Total Cost": 9840.34, "Plan Rows": 5459, "Plan Width": 12, "Actual Rows": 900, "Actual Loops": 2, "Hash Buckets": 16384, "Original Hash Buckets": 16384, "Hash Batches": 1, "Original Hash Batches": 1, "Peak Memory Usage": 224, "Workers": [], "Plans": [{"Node Type": "Hash Join", "Parent Relationship": "Outer", "Parallel Aware": false, "Async Capable": false, "Join Type": "Inner", "Startup Cost": 4615.95, "Total Cost": 9840.34, "Plan Rows": 5459, "Plan Width": 12, "Actual Rows": 900, "Actual Loops": 2, "Inner Unique": false, "Hash Cond": "(u.id = p.owneruserid)", "Workers": [], "Plans": [{"Node Type": "Hash Join", "Parent Relationship": "Outer", "Parallel Aware": false, "Async Capable": false, "Join Type": "Inner", "Startup Cost": 1485.53, "Total Cost": 6542.17, "Plan Rows": 76, "Plan Width": 8, "Actual Rows": 122, "Actual Loops": 2, "Inner Unique": true, "Hash Cond": "(v.userid = u.id)", "Workers": [], "Plans": [{"Node Type": "Seq Scan", "Parent Relationship": "Outer", "Parallel Aware": true, "Async Capable": false, "Relation Name": "votes", "Alias": "v", "Startup Cost": 0.0, "Total Cost": 5054.68, "Plan Rows": 747, "Plan Width": 4, "Actual Rows": 650, "Actual Loops": 2, "Filter": "((bountyamount <= 50) AND (creationdate <= '2014-09-12 00:00:00'::timestamp without time zone))", "Rows Removed by Filter": 163382, "Workers": []}, {"Node Type": "Hash", "Parent Relationship": "Inner", "Parallel Aware": false, "Async Capable": false, "Startup Cost": 1002.69, "Total Cost": 1002.69, "Plan Rows": 38627, "Plan Width": 4, "Actual Rows": 38691, "Actual Loops": 2, "Hash Buckets": 65536, "Original Hash Buckets": 65536, "Hash Batches": 1, "Original Hash Batches": 1, "Peak Memory Usage": 1873, "Workers": [], "Plans": [{"Node Type": "Seq Scan", "Parent Relationship": "Outer", "Parallel Aware": false, "Async Capable": false, "Relation Name": "users", "Alias": "u", "Startup Cost": 0.0, "Total Cost": 1002.69, "Plan Rows": 38627, "Plan Width": 4, "Actual Rows": 38691, "Actual Loops": 2, "Filter": "((upvotes >= 0) AND (upvotes <= 12) AND (creationdate >= '2010-07-19 19:09:39'::timestamp without time zone))", "Rows Removed by Filter": 1634, "Workers": []}]}]}, {"Node Type": "Hash", "Parent Relationship": "Inner", "Parallel Aware": false, "Async Capable": false, "Startup Cost": 1989.7, "Total Cost": 1989.7, "Plan Rows": 91258, "Plan Width": 4, "Actual Rows": 89935, "Actual Loops": 2, "Hash Buckets": 131072, "Original Hash Buckets": 131072, "Hash Batches": 1, "Original Hash Batches": 1, "Peak Memory Usage": 4186, "Workers": [], "Plans": [{"Node Type": "Seq Scan", "Parent Relationship": "Outer", "Parallel Aware": false, "Async Capable": false, "Relation Name": "posts", "Alias": "p", "Startup Cost": 0.0, "Total Cost": 1989.7, "Plan Rows": 91258, "Plan Width": 4, "Actual Rows": 91286, "Actual Loops": 2, "Filter": "(creationdate >= '2010-07-27 01:51:15'::timestamp without time zone)", "Rows Removed by Filter": 690, "Workers": []}]}]}]}]}]}]}]}, "Planning Time": 3.637, "Triggers": [], "Execution Time": 145.715}, {"Plan": {"Node Type": "Aggregate", "Strategy": "Plain", "Partial Mode": "Simple", "Parallel Aware": false, "Async Capable": false, "Startup Cost": 40000032537.96, "Total Cost": 40000032537.97, "Plan Rows": 1, "Plan Width": 8, "Actual Rows": 1, "Actual Loops": 1, "Plans": [{"Node Type": "Merge Join", "Parent Relationship": "Outer", "Parallel Aware": false, "Async Capable": false, "Join Type": "Inner", "Startup Cost": 40000000001.42, "Total Cost": 40000008982.9, "Plan Rows": 9422025, "Plan Width": 0, "Actual Rows": 42036, "Actual Loops": 1, "Inner Unique": false, "Merge Cond": "(u.id = p.owneruserid)", "Plans": [{"Node Type": "Nested Loop", "Parent Relationship": "Outer", "Parallel Aware": false, "Async Capable": false, "Join Type": "Inner", "Startup Cost": 30000000001.13, "Total Cost": 30000003767.11, "Plan Rows": 29567, "Plan Width": 12, "Actual Rows": 2489, "Actual Loops": 1, "Inner Unique": false, "Plans": [{"Node Type": "Merge Join", "Parent Relationship": "Outer", "Parallel Aware": false, "Async Capable": false, "Join Type": "Inner", "Startup Cost": 20000000000.71, "Total Cost": 20000003155.43, "Plan Rows": 129, "Plan Width": 8, "Actual Rows": 244, "Actual Loops": 1, "Inner Unique": true, "Merge Cond": "(v.userid = u.id)", "Plans": [{"Node Type": "Index Scan", "Parent Relationship": "Outer", "Parallel Aware": false, "Async Capable": false, "Scan Direction": "Forward", "Index Name": "idx_votes_userid", "Relation Name": "votes", "Alias": "v", "Startup Cost": 10000000000.42, "Total Cost": 10000013242.63, "Plan Rows": 1270, "Plan Width": 4, "Actual Rows": 811, "Actual Loops": 1, "Filter": "((bountyamount <= 50) AND (creationdate <= '2014-09-12 00:00:00'::timestamp without time zone))", "Rows Removed by Filter": 36818}, {"Node Type": "Index Scan", "Parent Relationship": "Inner", "Parallel Aware": false, "Async Capable": false, "Scan Direction": "Forward", "Index Name": "users_pkey", "Relation Name": "users", "Alias": "u", "Startup Cost": 10000000000.29, "Total Cost": 10000001659.6, "Plan Rows": 38627, "Plan Width": 4, "Actual Rows": 38594, "Actual Loops": 1, "Filter": "((upvotes >= 0) AND (upvotes <= 12) AND (creationdate >= '2010-07-19 19:09:39'::timestamp without time zone))", "Rows Removed by Filter": 1634}]}, {"Node Type": "Bitmap Heap Scan", "Parent Relationship": "Inner", "Parallel Aware": false, "Async Capable": false, "Relation Name": "comments", "Alias": "c", "Startup Cost": 0.41, "Total Cost": 4.64, "Plan Rows": 10, "Plan Width": 4, "Actual Rows": 10, "Actual Loops": 244, "Recheck Cond": "(userid = u.id)", "Rows Removed by Index Recheck": 0, "Filter": "((creationdate <= '2014-09-13 20:12:15'::timestamp without time zone) AND (score = 0))", "Rows Removed by Filter": 1, "Exact Heap Blocks": 1574, "Lossy Heap Blocks": 0, "Plans": [{"Node Type": "Bitmap Index Scan", "Parent Relationship": "Outer", "Parallel Aware": false, "Async Capable": false, "Index Name": "idx_comments_userid", "Startup Cost": 0.0, "Total Cost": 0.41, "Plan Rows": 13, "Plan Width": 0, "Actual Rows": 11, "Actual Loops": 244, "Index Cond": "(userid = u.id)"}]}]}, {"Node Type": "Index Scan", "Parent Relationship": "Inner", "Parallel Aware": false, "Async Capable": false, "Scan Direction": "Forward", "Index Name": "idx_posts_owneruserid", "Relation Name": "posts", "Alias": "p", "Startup Cost": 10000000000.29, "Total Cost": 10000004323.61, "Plan Rows": 91258, "Plan Width": 4, "Actual Rows": 129478, "Actual Loops": 1, "Filter": "(creationdate >= '2010-07-27 01:51:15'::timestamp without time zone)", "Rows Removed by Filter": 649}]}]}, "Planning Time": 3.172, "Triggers": [], "Execution Time": 202.34}, {"Plan": {"Node Type": "Aggregate", "Strategy": "Plain", "Partial Mode": "Simple", "Parallel Aware": false, "Async Capable": false, "Startup Cost": 10000049908.6, "Total Cost": 10000049908.61, "Plan Rows": 1, "Plan Width": 8, "Actual Rows": 1, "Actual Loops": 1, "Plans": [{"Node Type": "Nested Loop", "Parent Relationship": "Outer", "Parallel Aware": false, "Async Capable": false, "Join Type": "Inner", "Startup Cost": 10000000002.24, "Total Cost": 10000026353.54, "Plan Rows": 9422025, "Plan Width": 0, "Actual Rows": 42036, "Actual Loops": 1, "Inner Unique": false, "Join Filter": "(p.owneruserid = u.id)", "Rows Removed by Join Filter": 0, "Plans": [{"Node Type": "Nested Loop", "Parent Relationship": "Outer", "Parallel Aware": false, "Async Capable": false, "Join Type": "Inner", "Startup Cost": 10000000001.5, "Total Cost": 10000018981.01, "Plan Rows": 29567, "Plan Width": 12, "Actual Rows": 2489, "Actual Loops": 1, "Inner Unique": false, "Plans": [{"Node Type": "Nested Loop", "Parent Relationship": "Outer", "Parallel Aware": false, "Async Capable": false, "Join Type": "Inner", "Startup Cost": 10000000001.09, "Total Cost": 10000018369.33, "Plan Rows": 129, "Plan Width": 8, "Actual Rows": 244, "Actual Loops": 1, "Inner Unique": true, "Plans": [{"Node Type": "Index Scan", "Parent Relationship": "Outer", "Parallel Aware": false, "Async Capable": false, "Scan Direction": "Forward", "Index Name": "idx_votes_userid", "Relation Name": "votes", "Alias": "v", "Startup Cost": 10000000000.42, "Total Cost": 10000013242.63, "Plan Rows": 1270, "Plan Width": 4, "Actual Rows": 1301, "Actual Loops": 1, "Filter": "((bountyamount <= 50) AND (creationdate <= '2014-09-12 00:00:00'::timestamp without time zone))", "Rows Removed by Filter": 326763}, {"Node Type": "Memoize", "Parent Relationship": "Inner", "Parallel Aware": false, "Async Capable": false, "Startup Cost": 0.66, "Total Cost": 4.68, "Plan Rows": 1, "Plan Width": 4, "Actual Rows": 0, "Actual Loops": 1301, "Cache Key": "v.userid", "Cache Mode": "logical", "Cache Hits": 789, "Cache Misses": 512, "Cache Evictions": 0, "Cache Overflows": 0, "Peak Memory Usage": 42, "Plans": [{"Node Type": "Bitmap Heap Scan", "Parent Relationship": "Outer", "Parallel Aware": false, "Async Capable": false, "Relation Name": "users", "Alias": "u", "Startup Cost": 0.65, "Total Cost": 4.67, "Plan Rows": 1, "Plan Width": 4, "Actual Rows": 0, "Actual Loops": 512, "Recheck Cond": "(v.userid = id)", "Rows Removed by Index Recheck": 0, "Filter": "((upvotes >= 0) AND (upvotes <= 12) AND (creationdate >= '2010-07-19 19:09:39'::timestamp without time zone))", "Rows Removed by Filter": 1, "Exact Heap Blocks": 511, "Lossy Heap Blocks": 0, "Plans": [{"Node Type": "Bitmap Index Scan", "Parent Relationship": "Outer", "Parallel Aware": false, "Async Capable": false, "Index Name": "users_pkey", "Startup Cost": 0.0, "Total Cost": 0.65, "Plan Rows": 1, "Plan Width": 0, "Actual Rows": 1, "Actual Loops": 512, "Index Cond": "(id = v.userid)"}]}]}]}, {"Node Type": "Bitmap Heap Scan", "Parent Relationship": "Inner", "Parallel Aware": false, "Async Capable": false, "Relation Name": "comments", "Alias": "c", "Startup Cost": 0.41, "Total Cost": 4.64, "Plan Rows": 10, "Plan Width": 4, "Actual Rows": 10, "Actual Loops": 244, "Recheck Cond": "(userid = u.id)", "Rows Removed by Index Recheck": 0, "Filter": "((creationdate <= '2014-09-13 20:12:15'::timestamp without time zone) AND (score = 0))", "Rows Removed by Filter": 1, "Exact Heap Blocks": 1574, "Lossy Heap Blocks": 0, "Plans": [{"Node Type": "Bitmap Index Scan", "Parent Relationship": "Outer", "Parallel Aware": false, "Async Capable": false, "Index Name": "idx_comments_userid", "Startup Cost": 0.0, "Total Cost": 0.41, "Plan Rows": 13, "Plan Width": 0, "Actual Rows": 11, "Actual Loops": 244, "Index Cond": "(userid = u.id)"}]}]}, {"Node Type": "Memoize", "Parent Relationship": "Inner", "Parallel Aware": false, "Async Capable": false, "Startup Cost": 0.74, "Total Cost": 4.8, "Plan Rows": 4, "Plan Width": 4, "Actual Rows": 17, "Actual Loops": 2489, "Cache Key": "v.userid", "Cache Mode": "logical", "Cache Hits": 2286, "Cache Misses": 203, "Cache Evictions": 0, "Cache Overflows": 0, "Peak Memory Usage": 62, "Plans": [{"Node Type": "Bitmap Heap Scan", "Parent Relationship": "Outer", "Parallel Aware": false, "Async Capable": false, "Relation Name": "posts", "Alias": "p", "Startup Cost": 0.73, "Total Cost": 4.79, "Plan Rows": 4, "Plan Width": 4, "Actual Rows": 7, "Actual Loops": 203, "Recheck Cond": "(owneruserid = v.userid)", "Rows Removed by Index Recheck": 0, "Filter": "(creationdate >= '2010-07-27 01:51:15'::timestamp without time zone)", "Rows Removed by Filter": 0, "Exact Heap Blocks": 1137, "Lossy Heap Blocks": 0, "Plans": [{"Node Type": "Bitmap Index Scan", "Parent Relationship": "Outer", "Parallel Aware": false, "Async Capable": false, "Index Name": "idx_posts_owneruserid", "Startup Cost": 0.0, "Total Cost": 0.73, "Plan Rows": 4, "Plan Width": 0, "Actual Rows": 7, "Actual Loops": 203, "Index Cond": "(owneruserid = v.userid)"}]}]}]}]}, "Planning Time": 3.067, "Triggers": [], "Execution Time": 130.371}, {"Plan": {"Node Type": "Aggregate", "Strategy": "Plain", "Partial Mode": "Finalize", "Parallel Aware": false, "Async Capable": false, "Startup Cost": 25088.72, "Total Cost": 25088.73, "Plan Rows": 1, "Plan Width": 8, "Actual Rows": 1, "Actual Loops": 1, "Plans": [{"Node Type": "Gather", "Parent Relationship": "Outer", "Parallel Aware": false, "Async Capable": false, "Startup Cost": 25088.61, "Total Cost": 25088.72, "Plan Rows": 1, "Plan Width": 8, "Actual Rows": 2, "Actual Loops": 1, "Workers Planned": 1, "Workers Launched": 1, "Single Copy": false, "Plans": [{"Node Type": "Aggregate", "Strategy": "Plain", "Partial Mode": "Partial", "Parent Relationship": "Outer", "Parallel Aware": false, "Async Capable": false, "Startup Cost": 24088.61, "Total Cost": 24088.62, "Plan Rows": 1, "Plan Width": 8, "Actual Rows": 1, "Actual Loops": 2, "Workers": [], "Plans": [{"Node Type": "Hash Join", "Parent Relationship": "Outer", "Parallel Aware": true, "Async Capable": false, "Join Type": "Inner", "Startup Cost": 6947.61, "Total Cost": 10232.69, "Plan Rows": 5542368, "Plan Width": 0, "Actual Rows": 21018, "Actual Loops": 2, "Inner Unique": false, "Hash Cond": "(c.userid = u.id)", "Workers": [], "Plans": [{"Node Type": "Seq Scan", "Parent Relationship": "Outer", "Parallel Aware": true, "Async Capable": false, "Relation Name": "comments", "Alias": "c", "Startup Cost": 0.0, "Total Cost": 2881.99, "Plan Rows": 79328, "Plan Width": 4, "Actual Rows": 67424, "Actual Loops": 2, "Filter": "((creationdate <= '2014-09-13 20:12:15'::timestamp without time zone) AND (score = 0))", "Rows Removed by Filter": 19728, "Workers": []}, {"Node Type": "Hash", "Parent Relationship": "Inner", "Parallel Aware": true, "Async Capable": false, "Startup Cost": 6879.38, "Total Cost": 6879.38, "Plan Rows": 5459, "Plan Width": 12, "Actual Rows": 900, "Actual Loops": 2, "Hash Buckets": 16384, "Original Hash Buckets": 16384, "Hash Batches": 1, "Original Hash Batches": 1, "Peak Memory Usage": 256, "Workers": [], "Plans": [{"Node Type": "Nested Loop", "Parent Relationship": "Outer", "Parallel Aware": false, "Async Capable": false, "Join Type": "Inner", "Startup Cost": 1485.86, "Total Cost": 6879.38, "Plan Rows": 5459, "Plan Width": 12, "Actual Rows": 900, "Actual Loops": 2, "Inner Unique": false, "Workers": [], "Plans": [{"Node Type": "Hash Join", "Parent Relationship": "Outer", "Parallel Aware": false, "Async Capable": false, "Join Type": "Inner", "Startup Cost": 1485.53, "Total Cost": 6542.17, "Plan Rows": 76, "Plan Width": 8, "Actual Rows": 122, "Actual Loops": 2, "Inner Unique": true, "Hash Cond": "(v.userid = u.id)", "Workers": [], "Plans": [{"Node Type": "Seq Scan", "Parent Relationship": "Outer", "Parallel Aware": true, "Async Capable": false, "Relation Name": "votes", "Alias": "v", "Startup Cost": 0.0, "Total Cost": 5054.68, "Plan Rows": 747, "Plan Width": 4, "Actual Rows": 650, "Actual Loops": 2, "Filter": "((bountyamount <= 50) AND (creationdate <= '2014-09-12 00:00:00'::timestamp without time zone))", "Rows Removed by Filter": 163382, "Workers": []}, {"Node Type": "Hash", "Parent Relationship": "Inner", "Parallel Aware": false, "Async Capable": false, "Startup Cost": 1002.69, "Total Cost": 1002.69, "Plan Rows": 38627, "Plan Width": 4, "Actual Rows": 38691, "Actual Loops": 2, "Hash Buckets": 65536, "Original Hash Buckets": 65536, "Hash Batches": 1, "Original Hash Batches": 1, "Peak Memory Usage": 1873, "Workers": [], "Plans": [{"Node Type": "Seq Scan", "Parent Relationship": "Outer", "Parallel Aware": false, "Async Capable": false, "Relation Name": "users", "Alias": "u", "Startup Cost": 0.0, "Total Cost": 1002.69, "Plan Rows": 38627, "Plan Width": 4, "Actual Rows": 38691, "Actual Loops": 2, "Filter": "((upvotes >= 0) AND (upvotes <= 12) AND (creationdate >= '2010-07-19 19:09:39'::timestamp without time zone))", "Rows Removed by Filter": 1634, "Workers": []}]}]}, {"Node Type": "Bitmap Heap Scan", "Parent Relationship": "Inner", "Parallel Aware": false, "Async Capable": false, "Relation Name": "posts", "Alias": "p", "Startup Cost": 0.34, "Total Cost": 4.4, "Plan Rows": 4, "Plan Width": 4, "Actual Rows": 7, "Actual Loops": 244, "Recheck Cond": "(owneruserid = u.id)", "Rows Removed by Index Recheck": 0, "Filter": "(creationdate >= '2010-07-27 01:51:15'::timestamp without time zone)", "Rows Removed by Filter": 0, "Exact Heap Blocks": 828, "Lossy Heap Blocks": 0, "Workers": [], "Plans": [{"Node Type": "Bitmap Index Scan", "Parent Relationship": "Outer", "Parallel Aware": false, "Async Capable": false, "Index Name": "idx_posts_owneruserid", "Startup Cost": 0.0, "Total Cost": 0.34, "Plan Rows": 4, "Plan Width": 0, "Actual Rows": 7, "Actual Loops": 244, "Index Cond": "(owneruserid = u.id)", "Workers": []}]}]}]}]}]}]}]}, "Planning Time": 4.148, "Triggers": [], "Execution Time": 95.19}, {"Plan": {"Node Type": "Aggregate", "Strategy": "Plain", "Partial Mode": "Finalize", "Parallel Aware": false, "Async Capable": false, "Startup Cost": 30454.03, "Total Cost": 30454.04, "Plan Rows": 1, "Plan Width": 8, "Actual Rows": 1, "Actual Loops": 1, "Plans": [{"Node Type": "Gather", "Parent Relationship": "Outer", "Parallel Aware": false, "Async Capable": false, "Startup Cost": 30453.92, "Total Cost": 30454.03, "Plan Rows": 1, "Plan Width": 8, "Actual Rows": 2, "Actual Loops": 1, "Workers Planned": 1, "Workers Launched": 1, "Single Copy": false, "Plans": [{"Node Type": "Aggregate", "Strategy": "Plain", "Partial Mode": "Partial", "Parent Relationship": "Outer", "Parallel Aware": false, "Async Capable": false, "Startup Cost": 29453.92, "Total Cost": 29453.93, "Plan Rows": 1, "Plan Width": 8, "Actual Rows": 1, "Actual Loops": 2, "Workers": [], "Plans": [{"Node Type": "Merge Join", "Parent Relationship": "Outer", "Parallel Aware": false, "Async Capable": false, "Join Type": "Inner", "Startup Cost": 2.13, "Total Cost": 15598.0, "Plan Rows": 5542368, "Plan Width": 0, "Actual Rows": 21018, "Actual Loops": 2, "Inner Unique": false, "Merge Cond": "(c.userid = u.id)", "Workers": [], "Plans": [{"Node Type": "Index Scan", "Parent Relationship": "Outer", "Parallel Aware": true, "Async Capable": false, "Scan Direction": "Forward", "Index Name": "idx_comments_userid", "Relation Name": "comments", "Alias": "c", "Startup Cost": 0.29, "Total Cost": 7618.14, "Plan Rows": 79328, "Plan Width": 4, "Actual Rows": 65862, "Actual Loops": 2, "Filter": "((creationdate <= '2014-09-13 20:12:15'::timestamp without time zone) AND (score = 0))", "Rows Removed by Filter": 19361, "Workers": []}, {"Node Type": "Materialize", "Parent Relationship": "Inner", "Parallel Aware": false, "Async Capable": false, "Startup Cost": 1.0, "Total Cost": 7664.71, "Plan Rows": 9280, "Plan Width": 12, "Actual Rows": 21926, "Actual Loops": 2, "Workers": [], "Plans": [{"Node Type": "Merge Join", "Parent Relationship": "Outer", "Parallel Aware": false, "Async Capable": false, "Join Type": "Inner", "Startup Cost": 1.0, "Total Cost": 7641.51, "Plan Rows": 9280, "Plan Width": 12, "Actual Rows": 1799, "Actual Loops": 2, "Inner Unique": false, "Merge Cond": "(u.id = p.owneruserid)", "Workers": [], "Plans": [{"Node Type": "Merge Join", "Parent Relationship": "Outer", "Parallel Aware": false, "Async Capable": false, "Join Type": "Inner", "Startup Cost": 0.71, "Total Cost": 3155.43, "Plan Rows": 129, "Plan Width": 8, "Actual Rows": 244, "Actual Loops": 2, "Inner Unique": true, "Merge Cond": "(v.userid = u.id)", "Workers": [], "Plans": [{"Node Type": "Index Scan", "Parent Relationship": "Outer", "Parallel Aware": false, "Async Capable": false, "Scan Direction": "Forward", "Index Name": "idx_votes_userid", "Relation Name": "votes", "Alias": "v", "Startup Cost": 0.42, "Total Cost": 13242.63, "Plan Rows": 1270, "Plan Width": 4, "Actual Rows": 811, "Actual Loops": 2, "Filter": "((bountyamount <= 50) AND (creationdate <= '2014-09-12 00:00:00'::timestamp without time zone))", "Rows Removed by Filter": 36818, "Workers": []}, {"Node Type": "Index Scan", "Parent Relationship": "Inner", "Parallel Aware": false, "Async Capable": false, "Scan Direction": "Forward", "Index Name": "users_pkey", "Relation Name": "users", "Alias": "u", "Startup Cost": 0.29, "Total Cost": 1659.6, "Plan Rows": 38627, "Plan Width": 4, "Actual Rows": 38594, "Actual Loops": 2, "Filter": "((upvotes >= 0) AND (upvotes <= 12) AND (creationdate >= '2010-07-19 19:09:39'::timestamp without time zone))", "Rows Removed by Filter": 1634, "Workers": []}]}, {"Node Type": "Index Scan", "Parent Relationship": "Inner", "Parallel Aware": false, "Async Capable": false, "Scan Direction": "Forward", "Index Name": "idx_posts_owneruserid", "Relation Name": "posts", "Alias": "p", "Startup Cost": 0.29, "Total Cost": 4323.61, "Plan Rows": 91258, "Plan Width": 4, "Actual Rows": 90309, "Actual Loops": 2, "Filter": "(creationdate >= '2010-07-27 01:51:15'::timestamp without time zone)", "Rows Removed by Filter": 649, "Workers": []}]}]}]}]}]}]}, "Planning Time": 6.997, "Triggers": [], "Execution Time": 315.005}, {"Plan": {"Node Type": "Aggregate", "Strategy": "Plain", "Partial Mode": "Finalize", "Parallel Aware": false, "Async Capable": false, "Startup Cost": 25405.27, "Total Cost": 25405.28, "Plan Rows": 1, "Plan Width": 8, "Actual Rows": 1, "Actual Loops": 1, "Plans": [{"Node Type": "Gather", "Parent Relationship": "Outer", "Parallel Aware": false, "Async Capable": false, "Startup Cost": 25405.15, "Total Cost": 25405.26, "Plan Rows": 1, "Plan Width": 8, "Actual Rows": 2, "Actual Loops": 1, "Workers Planned": 1, "Workers Launched": 1, "Single Copy": false, "Plans": [{"Node Type": "Aggregate", "Strategy": "Plain", "Partial Mode": "Partial", "Parent Relationship": "Outer", "Parallel Aware": false, "Async Capable": false, "Startup Cost": 24405.15, "Total Cost": 24405.16, "Plan Rows": 1, "Plan Width": 8, "Actual Rows": 1, "Actual Loops": 2, "Workers": [], "Plans": [{"Node Type": "Nested Loop", "Parent Relationship": "Outer", "Parallel Aware": false, "Async Capable": false, "Join Type": "Inner", "Startup Cost": 0.88, "Total Cost": 10549.23, "Plan Rows": 5542368, "Plan Width": 0, "Actual Rows": 21018, "Actual Loops": 2, "Inner Unique": false, "Join Filter": "(c.userid = u.id)", "Rows Removed by Join Filter": 0, "Workers": [], "Plans": [{"Node Type": "Nested Loop", "Parent Relationship": "Outer", "Parallel Aware": false, "Async Capable": false, "Join Type": "Inner", "Startup Cost": 0.58, "Total Cost": 6293.6, "Plan Rows": 5459, "Plan Width": 12, "Actual Rows": 900, "Actual Loops": 2, "Inner Unique": false, "Workers": [], "Plans": [{"Node Type": "Nested Loop", "Parent Relationship": "Outer", "Parallel Aware": false, "Async Capable": false, "Join Type": "Inner", "Startup Cost": 0.29, "Total Cost": 6254.62, "Plan Rows": 76, "Plan Width": 8, "Actual Rows": 122, "Actual Loops": 2, "Inner Unique": true, "Workers": [], "Plans": [{"Node Type": "Seq Scan", "Parent Relationship": "Outer", "Parallel Aware": true, "Async Capable": false, "Relation Name": "votes", "Alias": "v", "Startup Cost": 0.0, "Total Cost": 5054.68, "Plan Rows": 747, "Plan Width": 4, "Actual Rows": 650, "Actual Loops": 2, "Filter": "((bountyamount <= 50) AND (creationdate <= '2014-09-12 00:00:00'::timestamp without time zone))", "Rows Removed by Filter": 163382, "Workers": []}, {"Node Type": "Index Scan", "Parent Relationship": "Inner", "Parallel Aware": false, "Async Capable": false, "Scan Direction": "Forward", "Index Name": "users_pkey", "Relation Name": "users", "Alias": "u", "Startup Cost": 0.29, "Total Cost": 1.61, "Plan Rows": 1, "Plan Width": 4, "Actual Rows": 0, "Actual Loops": 1301, "Index Cond": "(id = v.userid)", "Rows Removed by Index Recheck": 0, "Filter": "((upvotes >= 0) AND (upvotes <= 12) AND (creationdate >= '2010-07-19 19:09:39'::timestamp without time zone))", "Rows Removed by Filter": 0, "Workers": []}]}, {"Node Type": "Index Scan", "Parent Relationship": "Inner", "Parallel Aware": false, "Async Capable": false, "Scan Direction": "Forward", "Index Name": "idx_posts_owneruserid", "Relation Name": "posts", "Alias": "p", "Startup Cost": 0.29, "Total Cost": 0.47, "Plan Rows": 4, "Plan Width": 4, "Actual Rows": 7, "Actual Loops": 244, "Index Cond": "(owneruserid = u.id)", "Rows Removed by Index Recheck": 0, "Filter": "(creationdate >= '2010-07-27 01:51:15'::timestamp without time zone)", "Rows Removed by Filter": 0, "Workers": []}]}, {"Node Type": "Index Scan", "Parent Relationship": "Inner", "Parallel Aware": false, "Async Capable": false, "Scan Direction": "Forward", "Index Name": "idx_comments_userid", "Relation Name": "comments", "Alias": "c", "Startup Cost": 0.29, "Total Cost": 0.65, "Plan Rows": 10, "Plan Width": 4, "Actual Rows": 23, "Actual Loops": 1799, "Index Cond": "(userid = p.owneruserid)", "Rows Removed by Index Recheck": 0, "Filter": "((creationdate <= '2014-09-13 20:12:15'::timestamp without time zone) AND (score = 0))", "Rows Removed by Filter": 2, "Workers": []}]}]}]}]}, "Planning Time": 5.31, "Triggers": [], "Execution Time": 63.386}, {"Plan": {"Node Type": "Aggregate", "Strategy": "Plain", "Partial Mode": "Finalize", "Parallel Aware": false, "Async Capable": false, "Startup Cost": 30252.02, "Total Cost": 30252.03, "Plan Rows": 1, "Plan Width": 8, "Actual Rows": 1, "Actual Loops": 1, "Plans": [{"Node Type": "Gather", "Parent Relationship": "Outer", "Parallel Aware": false, "Async Capable": false, "Startup Cost": 30251.91, "Total Cost": 30252.02, "Plan Rows": 1, "Plan Width": 8, "Actual Rows": 2, "Actual Loops": 1, "Workers Planned": 1, "Workers Launched": 1, "Single Copy": false, "Plans": [{"Node Type": "Aggregate", "Strategy": "Plain", "Partial Mode": "Partial", "Parent Relationship": "Outer", "Parallel Aware": false, "Async Capable": false, "Startup Cost": 29251.91, "Total Cost": 29251.92, "Plan Rows": 1, "Plan Width": 8, "Actual Rows": 1, "Actual Loops": 2, "Workers": [], "Plans": [{"Node Type": "Nested Loop", "Parent Relationship": "Outer", "Parallel Aware": false, "Async Capable": false, "Join Type": "Inner", "Startup Cost": 1.81, "Total Cost": 15395.99, "Plan Rows": 5542368, "Plan Width": 0, "Actual Rows": 21018, "Actual Loops": 2, "Inner Unique": false, "Join Filter": "(p.owneruserid = u.id)", "Rows Removed by Join Filter": 0, "Workers": [], "Plans": [{"Node Type": "Nested Loop", "Parent Relationship": "Outer", "Parallel Aware": false, "Async Capable": false, "Join Type": "Inner", "Startup Cost": 1.07, "Total Cost": 8906.28, "Plan Rows": 17392, "Plan Width": 12, "Actual Rows": 1244, "Actual Loops": 2, "Inner Unique": false, "Workers": [], "Plans": [{"Node Type": "Nested Loop", "Parent Relationship": "Outer", "Parallel Aware": false, "Async Capable": false, "Join Type": "Inner", "Startup Cost": 0.65, "Total Cost": 8545.9, "Plan Rows": 76, "Plan Width": 8, "Actual Rows": 122, "Actual Loops": 2, "Inner Unique": true, "Workers": [], "Plans": [{"Node Type": "Seq Scan", "Parent Relationship": "Outer", "Parallel Aware": true, "Async Capable": false, "Relation Name": "votes", "Alias": "v", "Startup Cost": 0.0, "Total Cost": 5054.68, "Plan Rows": 747, "Plan Width": 4, "Actual Rows": 650, "Actual Loops": 2, "Filter": "((bountyamount <= 50) AND (creationdate <= '2014-09-12 00:00:00'::timestamp without time zone))", "Rows Removed by Filter": 163382, "Workers": []}, {"Node Type": "Bitmap Heap Scan", "Parent Relationship": "Inner", "Parallel Aware": false, "Async Capable": false, "Relation Name": "users", "Alias": "u", "Startup Cost": 0.65, "Total Cost": 4.67, "Plan Rows": 1, "Plan Width": 4, "Actual Rows": 0, "Actual Loops": 1301, "Recheck Cond": "(v.userid = id)", "Rows Removed by Index Recheck": 0, "Filter": "((upvotes >= 0) AND (upvotes <= 12) AND (creationdate >= '2010-07-19 19:09:39'::timestamp without time zone))", "Rows Removed by Filter": 0, "Exact Heap Blocks": 478, "Lossy Heap Blocks": 0, "Workers": [], "Plans": [{"Node Type": "Bitmap Index Scan", "Parent Relationship": "Outer", "Parallel Aware": false, "Async Capable": false, "Index Name": "users_pkey", "Startup Cost": 0.0, "Total Cost": 0.65, "Plan Rows": 1, "Plan Width": 0, "Actual Rows": 1, "Actual Loops": 1301, "Index Cond": "(id = v.userid)", "Workers": []}]}]}, {"Node Type": "Bitmap Heap Scan", "Parent Relationship": "Inner", "Parallel Aware": false, "Async Capable": false, "Relation Name": "comments", "Alias": "c", "Startup Cost": 0.41, "Total Cost": 4.64, "Plan Rows": 10, "Plan Width": 4, "Actual Rows": 10, "Actual Loops": 244, "Recheck Cond": "(userid = u.id)", "Rows Removed by Index Recheck": 0, "Filter": "((creationdate <= '2014-09-13 20:12:15'::timestamp without time zone) AND (score = 0))", "Rows Removed by Filter": 1, "Exact Heap Blocks": 854, "Lossy Heap Blocks": 0, "Workers": [], "Plans": [{"Node Type": "Bitmap Index Scan", "Parent Relationship": "Outer", "Parallel Aware": false, "Async Capable": false, "Index Name": "idx_comments_userid", "Startup Cost": 0.0, "Total Cost": 0.41, "Plan Rows": 13, "Plan Width": 0, "Actual Rows": 11, "Actual Loops": 244, "Index Cond": "(userid = u.id)", "Workers": []}]}]}, {"Node Type": "Memoize", "Parent Relationship": "Inner", "Parallel Aware": false, "Async Capable": false, "Startup Cost": 0.74, "Total Cost": 4.8, "Plan Rows": 4, "Plan Width": 4, "Actual Rows": 17, "Actual Loops": 2489, "Cache Key": "v.userid", "Cache Mode": "logical", "Cache Hits": 1247, "Cache Misses": 126, "Cache Evictions": 0, "Cache Overflows": 0, "Peak Memory Usage": 40, "Workers": [{"Worker Number": 0, "Cache Hits": 1024, "Cache Misses": 92, "Cache Evictions": 0, "Cache Overflows": 0, "Peak Memory Usage": 31}], "Plans": [{"Node Type": "Bitmap Heap Scan", "Parent Relationship": "Outer", "Parallel Aware": false, "Async Capable": false, "Relation Name": "posts", "Alias": "p", "Startup Cost": 0.73, "Total Cost": 4.79, "Plan Rows": 4, "Plan Width": 4, "Actual Rows": 7, "Actual Loops": 218, "Recheck Cond": "(owneruserid = v.userid)", "Rows Removed by Index Recheck": 0, "Filter": "(creationdate >= '2010-07-27 01:51:15'::timestamp without time zone)", "Rows Removed by Filter": 0, "Exact Heap Blocks": 712, "Lossy Heap Blocks": 0, "Workers": [], "Plans": [{"Node Type": "Bitmap Index Scan", "Parent Relationship": "Outer", "Parallel Aware": false, "Async Capable": false, "Index Name": "idx_posts_owneruserid", "Startup Cost": 0.0, "Total Cost": 0.73, "Plan Rows": 4, "Plan Width": 0, "Actual Rows": 7, "Actual Loops": 218, "Index Cond": "(owneruserid = v.userid)", "Workers": []}]}]}]}]}]}]}, "Planning Time": 4.048, "Triggers": [], "Execution Time": 57.046}, {"Plan": {"Node Type": "Aggregate", "Strategy": "Plain", "Partial Mode": "Finalize", "Parallel Aware": false, "Async Capable": false, "Startup Cost": 46743.65, "Total Cost": 46743.66, "Plan Rows": 1, "Plan Width": 8, "Actual Rows": 1, "Actual Loops": 1, "Plans": [{"Node Type": "Gather", "Parent Relationship": "Outer", "Parallel Aware": false, "Async Capable": false, "Startup Cost": 46743.53, "Total Cost": 46743.64, "Plan Rows": 1, "Plan Width": 8, "Actual Rows": 2, "Actual Loops": 1, "Workers Planned": 1, "Workers Launched": 1, "Single Copy": false, "Plans": [{"Node Type": "Aggregate", "Strategy": "Plain", "Partial Mode": "Partial", "Parent Relationship": "Outer", "Parallel Aware": false, "Async Capable": false, "Startup Cost": 45743.53, "Total Cost": 45743.54, "Plan Rows": 1, "Plan Width": 8, "Actual Rows": 1, "Actual Loops": 2, "Workers": [], "Plans": [{"Node Type": "Merge Join", "Parent Relationship": "Outer", "Parallel Aware": false, "Async Capable": false, "Join Type": "Inner", "Startup Cost": 29937.8, "Total Cost": 31887.61, "Plan Rows": 5542368, "Plan Width": 0, "Actual Rows": 21018, "Actual Loops": 2, "Inner Unique": false, "Merge Cond": "(u.id = p.owneruserid)", "Workers": [], "Plans": [{"Node Type": "Merge Join", "Parent Relationship": "Outer", "Parallel Aware": false, "Async Capable": false, "Join Type": "Inner", "Startup Cost": 20429.51, "Total Cost": 21498.82, "Plan Rows": 17392, "Plan Width": 12, "Actual Rows": 1244, "Actual Loops": 2, "Inner Unique": true, "Merge Cond": "(c.userid = u.id)", "Workers": [], "Plans": [{"Node Type": "Merge Join", "Parent Relationship": "Outer", "Parallel Aware": false, "Async Capable": false, "Join Type": "Inner", "Startup Cost": 16483.95, "Total Cost": 17151.85, "Plan Rows": 18462, "Plan Width": 8, "Actual Rows": 121468, "Actual Loops": 2, "Inner Unique": false, "Merge Cond": "(c.userid = v.userid)", "Workers": [], "Plans": [{"Node Type": "Sort", "Parent Relationship": "Outer", "Parallel Aware": false, "Async Capable": false, "Startup Cost": 9337.52, "Total Cost": 9535.84, "Plan Rows": 79328, "Plan Width": 4, "Actual Rows": 66328, "Actual Loops": 2, "Sort Key": ["c.userid"], "Sort Method": "quicksort", "Sort Space Used": 3073, "Sort Space Type": "Memory", "Workers": [{"Worker Number": 0, "Sort Method": "quicksort", "Sort Space Used": 1537, "Sort Space Type": "Memory"}], "Plans": [{"Node Type": "Seq Scan", "Parent Relationship": "Outer", "Parallel Aware": true, "Async Capable": false, "Relation Name": "comments", "Alias": "c", "Startup Cost": 0.0, "Total Cost": 2881.99, "Plan Rows": 79328, "Plan Width": 4, "Actual Rows": 67424, "Actual Loops": 2, "Filter": "((creationdate <= '2014-09-13 20:12:15'::timestamp without time zone) AND (score = 0))", "Rows Removed by Filter": 19728, "Workers": []}]}, {"Node Type": "Sort", "Parent Relationship": "Inner", "Parallel Aware": false, "Async Capable": false, "Startup Cost": 7146.43, "Total Cost": 7149.61, "Plan Rows": 1270, "Plan Width": 4, "Actual Rows": 121560, "Actual Loops": 2, "Sort Key": ["v.userid"], "Sort Method": "quicksort", "Sort Space Used": 49, "Sort Space Type": "Memory", "Workers": [{"Worker Number": 0, "Sort Method": "quicksort", "Sort Space Used": 49, "Sort Space Type": "Memory"}], "Plans": [{"Node Type": "Seq Scan", "Parent Relationship": "Outer", "Parallel Aware": false, "Async Capable": false, "Relation Name": "votes", "Alias": "v", "Startup Cost": 0.0, "Total Cost": 7080.96, "Plan Rows": 1270, "Plan Width": 4, "Actual Rows": 1301, "Actual Loops": 2, "Filter": "((bountyamount <= 50) AND (creationdate <= '2014-09-12 00:00:00'::timestamp without time zone))", "Rows Removed by Filter": 326763, "Workers": []}]}]}, {"Node Type": "Sort", "Parent Relationship": "Inner", "Parallel Aware": false, "Async Capable": false, "Startup Cost": 3945.55, "Total Cost": 4042.12, "Plan Rows": 38627, "Plan Width": 4, "Actual Rows": 37073, "Actual Loops": 2, "Sort Key": ["u.id"], "Sort Method": "quicksort", "Sort Space Used": 1537, "Sort Space Type": "Memory", "Workers": [{"Worker Number": 0, "Sort Method": "quicksort", "Sort Space Used": 1537, "Sort Space Type": "Memory"}], "Plans": [{"Node Type": "Seq Scan", "Parent Relationship": "Outer", "Parallel Aware": false, "Async Capable": false, "Relation Name": "users", "Alias": "u", "Startup Cost": 0.0, "Total Cost": 1002.69, "Plan Rows": 38627, "Plan Width": 4, "Actual Rows": 38691, "Actual Loops": 2, "Filter": "((upvotes >= 0) AND (upvotes <= 12) AND (creationdate >= '2010-07-19 19:09:39'::timestamp without time zone))", "Rows Removed by Filter": 1634, "Workers": []}]}]}, {"Node Type": "Sort", "Parent Relationship": "Inner", "Parallel Aware": false, "Async Capable": false, "Startup Cost": 9508.29, "Total Cost": 9736.44, "Plan Rows": 91258, "Plan Width": 4, "Actual Rows": 108022, "Actual Loops": 2, "Sort Key": ["p.owneruserid"], "Sort Method": "quicksort", "Sort Space Used": 3073, "Sort Space Type": "Memory", "Workers": [{"Worker Number": 0, "Sort Method": "quicksort", "Sort Space Used": 3073, "Sort Space Type": "Memory"}], "Plans": [{"Node Type": "Seq Scan", "Parent Relationship": "Outer", "Parallel Aware": false, "Async Capable": false, "Relation Name": "posts", "Alias": "p", "Startup Cost": 0.0, "Total Cost": 1989.7, "Plan Rows": 91258, "Plan Width": 4, "Actual Rows": 91286, "Actual Loops": 2, "Filter": "(creationdate >= '2010-07-27 01:51:15'::timestamp without time zone)", "Rows Removed by Filter": 690, "Workers": []}]}]}]}]}]}, "Planning Time": 3.303, "Triggers": [], "Execution Time": 177.36}]