[{"Plan": {"Node Type": "Aggregate", "Strategy": "Plain", "Partial Mode": "Finalize", "Parallel Aware": false, "Async Capable": false, "Startup Cost": 583298.68, "Total Cost": 583298.69, "Plan Rows": 1, "Plan Width": 8, "Actual Rows": 1, "Actual Loops": 1, "Plans": [{"Node Type": "Gather", "Parent Relationship": "Outer", "Parallel Aware": false, "Async Capable": false, "Startup Cost": 583298.05, "Total Cost": 583298.66, "Plan Rows": 6, "Plan Width": 8, "Actual Rows": 7, "Actual Loops": 1, "Workers Planned": 6, "Workers Launched": 6, "Single Copy": false, "Plans": [{"Node Type": "Aggregate", "Strategy": "Plain", "Partial Mode": "Partial", "Parent Relationship": "Outer", "Parallel Aware": false, "Async Capable": false, "Startup Cost": 582298.05, "Total Cost": 582298.06, "Plan Rows": 1, "Plan Width": 8, "Actual Rows": 1, "Actual Loops": 7, "Workers": [], "Plans": [{"Node Type": "Nested Loop", "Parent Relationship": "Outer", "Parallel Aware": false, "Async Capable": false, "Join Type": "Inner", "Startup Cost": 2316.19, "Total Cost": 582287.47, "Plan Rows": 4234, "Plan Width": 0, "Actual Rows": 140483, "Actual Loops": 7, "Inner Unique": true, "Workers": [], "Plans": [{"Node Type": "Hash Join", "Parent Relationship": "Outer", "Parallel Aware": false, "Async Capable": false, "Join Type": "Inner", "Startup Cost": 2315.77, "Total Cost": 580434.66, "Plan Rows": 4234, "Plan Width": 4, "Actual Rows": 141353, "Actual Loops": 7, "Inner Unique": true, "Hash Cond": "(store_sales.ss_store_sk = store.s_store_sk)", "Workers": [], "Plans": [{"Node Type": "Hash Join", "Parent Relationship": "Outer", "Parallel Aware": false, "Async Capable": false, "Join Type": "Inner", "Startup Cost": 2308.06, "Total Cost": 580412.92, "Plan Rows": 5142, "Plan Width": 8, "Actual Rows": 165812, "Actual Loops": 7, "Inner Unique": true, "Hash Cond": "(store_sales.ss_hdemo_sk = household_demographics.hd_demo_sk)", "Workers": [], "Plans": [{"Node Type": "Hash Join", "Parent Relationship": "Outer", "Parallel Aware": true, "Async Capable": false, "Join Type": "Inner", "Startup Cost": 2124.56, "Total Cost": 580175.4, "Plan Rows": 20568, "Plan Width": 12, "Actual Rows": 677682, "Actual Loops": 7, "Inner Unique": true, "Hash Cond": "(store_sales.ss_sold_date_sk = date_dim.d_date_sk)", "Workers": [], "Plans": [{"Node Type": "Seq Scan", "Parent Relationship": "Outer", "Parallel Aware": true, "Async Capable": false, "Relation Name": "store_sales", "Alias": "store_sales", "Startup Cost": 0.0, "Total Cost": 565449.69, "Plan Rows": 4800169, "Plan Width": 16, "Actual Rows": 4114427, "Actual Loops": 7, "Workers": []}, {"Node Type": "Hash", "Parent Relationship": "Inner", "Parallel Aware": true, "Async Capable": false, "Startup Cost": 2122.26, "Total Cost": 2122.26, "Plan Rows": 184, "Plan Width": 4, "Actual Rows": 45, "Actual Loops": 7, "Hash Buckets": 1024, "Original Hash Buckets": 1024, "Hash Batches": 1, "Original Hash Batches": 1, "Peak Memory Usage": 200, "Workers": [], "Plans": [{"Node Type": "Seq Scan", "Parent Relationship": "Outer", "Parallel Aware": true, "Async Capable": false, "Relation Name": "date_dim", "Alias": "date_dim", "Startup Cost": 0.0, "Total Cost": 2122.26, "Plan Rows": 184, "Plan Width": 4, "Actual Rows": 52, "Actual Loops": 6, "Filter": "((d_dow = ANY ('{6,0}'::integer[])) AND (d_year = ANY ('{1998,1999,2000}'::integer[])))", "Rows Removed by Filter": 12122, "Workers": []}]}]}, {"Node Type": "Hash", "Parent Relationship": "Inner", "Parallel Aware": false, "Async Capable": false, "Startup Cost": 161.0, "Total Cost": 161.0, "Plan Rows": 1800, "Plan Width": 4, "Actual Rows": 1800, "Actual Loops": 7, "Hash Buckets": 2048, "Original Hash Buckets": 2048, "Hash Batches": 1, "Original Hash Batches": 1, "Peak Memory Usage": 80, "Workers": [], "Plans": [{"Node Type": "Seq Scan", "Parent Relationship": "Outer", "Parallel Aware": false, "Async Capable": false, "Relation Name": "household_demographics", "Alias": "household_demographics", "Startup Cost": 0.0, "Total Cost": 161.0, "Plan Rows": 1800, "Plan Width": 4, "Actual Rows": 1800, "Actual Loops": 7, "Filter": "((hd_dep_count = 6) OR (hd_vehicle_count = 2))", "Rows Removed by Filter": 5400, "Workers": []}]}]}, {"Node Type": "Hash", "Parent Relationship": "Inner", "Parallel Aware": false, "Async Capable": false, "Startup Cost": 6.66, "Total Cost": 6.66, "Plan Rows": 84, "Plan Width": 4, "Actual Rows": 84, "Actual Loops": 7, "Hash Buckets": 1024, "Original Hash Buckets": 1024, "Hash Batches": 1, "Original Hash Batches": 1, "Peak Memory Usage": 11, "Workers": [], "Plans": [{"Node Type": "Seq Scan", "Parent Relationship": "Outer", "Parallel Aware": false, "Async Capable": false, "Relation Name": "store", "Alias": "store", "Startup Cost": 0.0, "Total Cost": 6.66, "Plan Rows": 84, "Plan Width": 4, "Actual Rows": 84, "Actual Loops": 7, "Filter": "((s_city)::text = ANY ('{\"Pleasant Hill\",\"Oak Grove\",Riverside,Midway,Fairview}'::text[]))", "Rows Removed by Filter": 18, "Workers": []}]}]}, {"Node Type": "Index Only Scan", "Parent Relationship": "Inner", "Parallel Aware": false, "Async Capable": false, "Scan Direction": "Forward", "Index Name": "customer_address_pkey", "Relation Name": "customer_address", "Alias": "customer_address", "Startup Cost": 0.42, "Total Cost": 0.44, "Plan Rows": 1, "Plan Width": 4, "Actual Rows": 1, "Actual Loops": 989469, "Index Cond": "(ca_address_sk = store_sales.ss_addr_sk)", "Rows Removed by Index Recheck": 0, "Heap Fetches": 0, "Workers": []}]}]}]}]}, "Planning Time": 2.315, "Triggers": [], "Execution Time": 1217.062}, {"Plan": {"Node Type": "Aggregate", "Strategy": "Plain", "Partial Mode": "Finalize", "Parallel Aware": false, "Async Capable": false, "Startup Cost": 583289.15, "Total Cost": 583289.16, "Plan Rows": 1, "Plan Width": 8, "Actual Rows": 1, "Actual Loops": 1, "Plans": [{"Node Type": "Gather", "Parent Relationship": "Outer", "Parallel Aware": false, "Async Capable": false, "Startup Cost": 583288.53, "Total Cost": 583289.14, "Plan Rows": 60.0, "Plan Width": 8, "Actual Rows": 7, "Actual Loops": 1, "Workers Planned": 6, "Workers Launched": 6, "Single Copy": false, "Plans": [{"Node Type": "Aggregate", "Strategy": "Plain", "Partial Mode": "Partial", "Parent Relationship": "Outer", "Parallel Aware": false, "Async Capable": false, "Startup Cost": 582288.53, "Total Cost": 582288.54, "Plan Rows": 1, "Plan Width": 8, "Actual Rows": 1, "Actual Loops": 7, "Workers": [], "Plans": [{"Node Type": "Nested Loop", "Parent Relationship": "Outer", "Parallel Aware": false, "Async Capable": false, "Join Type": "Inner", "Startup Cost": 2316.19, "Total Cost": 582287.47, "Plan Rows": 4230.0, "Plan Width": 0, "Actual Rows": 140483, "Actual Loops": 7, "Inner Unique": true, "Workers": [], "Plans": [{"Node Type": "Hash Join", "Parent Relationship": "Outer", "Parallel Aware": false, "Async Capable": false, "Join Type": "Inner", "Startup Cost": 2315.77, "Total Cost": 580434.66, "Plan Rows": 4234, "Plan Width": 4, "Actual Rows": 141353, "Actual Loops": 7, "Inner Unique": true, "Hash Cond": "(store_sales.ss_store_sk = store.s_store_sk)", "Workers": [], "Plans": [{"Node Type": "Hash Join", "Parent Relationship": "Outer", "Parallel Aware": false, "Async Capable": false, "Join Type": "Inner", "Startup Cost": 2308.06, "Total Cost": 580412.92, "Plan Rows": 5142, "Plan Width": 8, "Actual Rows": 165812, "Actual Loops": 7, "Inner Unique": true, "Hash Cond": "(store_sales.ss_hdemo_sk = household_demographics.hd_demo_sk)", "Workers": [], "Plans": [{"Node Type": "Hash Join", "Parent Relationship": "Outer", "Parallel Aware": true, "Async Capable": false, "Join Type": "Inner", "Startup Cost": 2124.56, "Total Cost": 580175.4, "Plan Rows": 20568, "Plan Width": 12, "Actual Rows": 677682, "Actual Loops": 7, "Inner Unique": true, "Hash Cond": "(store_sales.ss_sold_date_sk = date_dim.d_date_sk)", "Workers": [], "Plans": [{"Node Type": "Seq Scan", "Parent Relationship": "Outer", "Parallel Aware": true, "Async Capable": false, "Relation Name": "store_sales", "Alias": "store_sales", "Startup Cost": 0.0, "Total Cost": 565449.69, "Plan Rows": 4800169, "Plan Width": 16, "Actual Rows": 4114427, "Actual Loops": 7, "Workers": []}, {"Node Type": "Hash", "Parent Relationship": "Inner", "Parallel Aware": true, "Async Capable": false, "Startup Cost": 2122.26, "Total Cost": 2122.26, "Plan Rows": 184, "Plan Width": 4, "Actual Rows": 45, "Actual Loops": 7, "Hash Buckets": 1024, "Original Hash Buckets": 1024, "Hash Batches": 1, "Original Hash Batches": 1, "Peak Memory Usage": 232, "Workers": [], "Plans": [{"Node Type": "Seq Scan", "Parent Relationship": "Outer", "Parallel Aware": true, "Async Capable": false, "Relation Name": "date_dim", "Alias": "date_dim", "Startup Cost": 0.0, "Total Cost": 2122.26, "Plan Rows": 184, "Plan Width": 4, "Actual Rows": 45, "Actual Loops": 7, "Filter": "((d_dow = ANY ('{6,0}'::integer[])) AND (d_year = ANY ('{1998,1999,2000}'::integer[])))", "Rows Removed by Filter": 10391, "Workers": []}]}]}, {"Node Type": "Hash", "Parent Relationship": "Inner", "Parallel Aware": false, "Async Capable": false, "Startup Cost": 161.0, "Total Cost": 161.0, "Plan Rows": 1800, "Plan Width": 4, "Actual Rows": 1800, "Actual Loops": 7, "Hash Buckets": 2048, "Original Hash Buckets": 2048, "Hash Batches": 1, "Original Hash Batches": 1, "Peak Memory Usage": 80, "Workers": [], "Plans": [{"Node Type": "Seq Scan", "Parent Relationship": "Outer", "Parallel Aware": false, "Async Capable": false, "Relation Name": "household_demographics", "Alias": "household_demographics", "Startup Cost": 0.0, "Total Cost": 161.0, "Plan Rows": 1800, "Plan Width": 4, "Actual Rows": 1800, "Actual Loops": 7, "Filter": "((hd_dep_count = 6) OR (hd_vehicle_count = 2))", "Rows Removed by Filter": 5400, "Workers": []}]}]}, {"Node Type": "Hash", "Parent Relationship": "Inner", "Parallel Aware": false, "Async Capable": false, "Startup Cost": 6.66, "Total Cost": 6.66, "Plan Rows": 84, "Plan Width": 4, "Actual Rows": 84, "Actual Loops": 7, "Hash Buckets": 1024, "Original Hash Buckets": 1024, "Hash Batches": 1, "Original Hash Batches": 1, "Peak Memory Usage": 11, "Workers": [], "Plans": [{"Node Type": "Seq Scan", "Parent Relationship": "Outer", "Parallel Aware": false, "Async Capable": false, "Relation Name": "store", "Alias": "store", "Startup Cost": 0.0, "Total Cost": 6.66, "Plan Rows": 84, "Plan Width": 4, "Actual Rows": 84, "Actual Loops": 7, "Filter": "((s_city)::text = ANY ('{\"Pleasant Hill\",\"Oak Grove\",Riverside,Midway,Fairview}'::text[]))", "Rows Removed by Filter": 18, "Workers": []}]}]}, {"Node Type": "Index Only Scan", "Parent Relationship": "Inner", "Parallel Aware": false, "Async Capable": false, "Scan Direction": "Forward", "Index Name": "customer_address_pkey", "Relation Name": "customer_address", "Alias": "customer_address", "Startup Cost": 0.42, "Total Cost": 0.44, "Plan Rows": 1, "Plan Width": 4, "Actual Rows": 1, "Actual Loops": 989469, "Index Cond": "(ca_address_sk = store_sales.ss_addr_sk)", "Rows Removed by Index Recheck": 0, "Heap Fetches": 0, "Workers": []}]}]}]}]}, "Planning Time": 3.905, "Triggers": [], "Execution Time": 1230.526}, {"Plan": {"Node Type": "Aggregate", "Strategy": "Plain", "Partial Mode": "Finalize", "Parallel Aware": false, "Async Capable": false, "Startup Cost": 585085.31, "Total Cost": 585085.32, "Plan Rows": 1, "Plan Width": 8, "Actual Rows": 1, "Actual Loops": 1, "Plans": [{"Node Type": "Gather", "Parent Relationship": "Outer", "Parallel Aware": false, "Async Capable": false, "Startup Cost": 585084.68, "Total Cost": 585085.29, "Plan Rows": 6, "Plan Width": 8, "Actual Rows": 7, "Actual Loops": 1, "Workers Planned": 6, "Workers Launched": 6, "Single Copy": false, "Plans": [{"Node Type": "Aggregate", "Strategy": "Plain", "Partial Mode": "Partial", "Parent Relationship": "Outer", "Parallel Aware": false, "Async Capable": false, "Startup Cost": 584084.68, "Total Cost": 584084.69, "Plan Rows": 1, "Plan Width": 8, "Actual Rows": 1, "Actual Loops": 7, "Workers": [], "Plans": [{"Node Type": "Hash Join", "Parent Relationship": "Outer", "Parallel Aware": false, "Async Capable": false, "Join Type": "Inner", "Startup Cost": 2316.19, "Total Cost": 584074.1, "Plan Rows": 4234, "Plan Width": 0, "Actual Rows": 140483, "Actual Loops": 7, "Inner Unique": true, "Hash Cond": "(store_sales.ss_store_sk = store.s_store_sk)", "Workers": [], "Plans": [{"Node Type": "Nested Loop", "Parent Relationship": "Outer", "Parallel Aware": false, "Async Capable": false, "Join Type": "Inner", "Startup Cost": 2308.48, "Total Cost": 582663.07, "Plan Rows": 5142.0, "Plan Width": 4, "Actual Rows": 163823, "Actual Loops": 7, "Inner Unique": true, "Workers": [], "Plans": [{"Node Type": "Hash Join", "Parent Relationship": "Outer", "Parallel Aware": false, "Async Capable": false, "Join Type": "Inner", "Startup Cost": 2308.06, "Total Cost": 580412.92, "Plan Rows": 5142, "Plan Width": 8, "Actual Rows": 165812, "Actual Loops": 7, "Inner Unique": true, "Hash Cond": "(store_sales.ss_hdemo_sk = household_demographics.hd_demo_sk)", "Workers": [], "Plans": [{"Node Type": "Hash Join", "Parent Relationship": "Outer", "Parallel Aware": true, "Async Capable": false, "Join Type": "Inner", "Startup Cost": 2124.56, "Total Cost": 580175.4, "Plan Rows": 20568, "Plan Width": 12, "Actual Rows": 677682, "Actual Loops": 7, "Inner Unique": true, "Hash Cond": "(store_sales.ss_sold_date_sk = date_dim.d_date_sk)", "Workers": [], "Plans": [{"Node Type": "Seq Scan", "Parent Relationship": "Outer", "Parallel Aware": true, "Async Capable": false, "Relation Name": "store_sales", "Alias": "store_sales", "Startup Cost": 0.0, "Total Cost": 565449.69, "Plan Rows": 4800169, "Plan Width": 16, "Actual Rows": 4114427, "Actual Loops": 7, "Workers": []}, {"Node Type": "Hash", "Parent Relationship": "Inner", "Parallel Aware": true, "Async Capable": false, "Startup Cost": 2122.26, "Total Cost": 2122.26, "Plan Rows": 184, "Plan Width": 4, "Actual Rows": 45, "Actual Loops": 7, "Hash Buckets": 1024, "Original Hash Buckets": 1024, "Hash Batches": 1, "Original Hash Batches": 1, "Peak Memory Usage": 200, "Workers": [], "Plans": [{"Node Type": "Seq Scan", "Parent Relationship": "Outer", "Parallel Aware": true, "Async Capable": false, "Relation Name": "date_dim", "Alias": "date_dim", "Startup Cost": 0.0, "Total Cost": 2122.26, "Plan Rows": 184, "Plan Width": 4, "Actual Rows": 52, "Actual Loops": 6, "Filter": "((d_dow = ANY ('{6,0}'::integer[])) AND (d_year = ANY ('{1998,1999,2000}'::integer[])))", "Rows Removed by Filter": 12122, "Workers": []}]}]}, {"Node Type": "Hash", "Parent Relationship": "Inner", "Parallel Aware": false, "Async Capable": false, "Startup Cost": 161.0, "Total Cost": 161.0, "Plan Rows": 1800, "Plan Width": 4, "Actual Rows": 1800, "Actual Loops": 7, "Hash Buckets": 2048, "Original Hash Buckets": 2048, "Hash Batches": 1, "Original Hash Batches": 1, "Peak Memory Usage": 80, "Workers": [], "Plans": [{"Node Type": "Seq Scan", "Parent Relationship": "Outer", "Parallel Aware": false, "Async Capable": false, "Relation Name": "household_demographics", "Alias": "household_demographics", "Startup Cost": 0.0, "Total Cost": 161.0, "Plan Rows": 1800, "Plan Width": 4, "Actual Rows": 1800, "Actual Loops": 7, "Filter": "((hd_dep_count = 6) OR (hd_vehicle_count = 2))", "Rows Removed by Filter": 5400, "Workers": []}]}]}, {"Node Type": "Index Only Scan", "Parent Relationship": "Inner", "Parallel Aware": false, "Async Capable": false, "Scan Direction": "Forward", "Index Name": "customer_address_pkey", "Relation Name": "customer_address", "Alias": "customer_address", "Startup Cost": 0.42, "Total Cost": 0.44, "Plan Rows": 1, "Plan Width": 4, "Actual Rows": 1, "Actual Loops": 1160684, "Index Cond": "(ca_address_sk = store_sales.ss_addr_sk)", "Rows Removed by Index Recheck": 0, "Heap Fetches": 0, "Workers": []}]}, {"Node Type": "Hash", "Parent Relationship": "Inner", "Parallel Aware": false, "Async Capable": false, "Startup Cost": 6.66, "Total Cost": 6.66, "Plan Rows": 84, "Plan Width": 4, "Actual Rows": 84, "Actual Loops": 7, "Hash Buckets": 1024, "Original Hash Buckets": 1024, "Hash Batches": 1, "Original Hash Batches": 1, "Peak Memory Usage": 11, "Workers": [], "Plans": [{"Node Type": "Seq Scan", "Parent Relationship": "Outer", "Parallel Aware": false, "Async Capable": false, "Relation Name": "store", "Alias": "store", "Startup Cost": 0.0, "Total Cost": 6.66, "Plan Rows": 84, "Plan Width": 4, "Actual Rows": 84, "Actual Loops": 7, "Filter": "((s_city)::text = ANY ('{\"Pleasant Hill\",\"Oak Grove\",Riverside,Midway,Fairview}'::text[]))", "Rows Removed by Filter": 18, "Workers": []}]}]}]}]}]}, "Planning Time": 3.507, "Triggers": [], "Execution Time": 1270.729}]