[{"Plan": {"Node Type": "Aggregate", "Strategy": "Plain", "Partial Mode": "Finalize", "Parallel Aware": false, "Async Capable": false, "Startup Cost": 209184.82, "Total Cost": 209184.83, "Plan Rows": 1, "Plan Width": 8, "Actual Rows": 1, "Actual Loops": 1, "Plans": [{"Node Type": "Gather", "Parent Relationship": "Outer", "Parallel Aware": false, "Async Capable": false, "Startup Cost": 209184.3, "Total Cost": 209184.81, "Plan Rows": 5, "Plan Width": 8, "Actual Rows": 6, "Actual Loops": 1, "Workers Planned": 5, "Workers Launched": 5, "Single Copy": false, "Plans": [{"Node Type": "Aggregate", "Strategy": "Plain", "Partial Mode": "Partial", "Parent Relationship": "Outer", "Parallel Aware": false, "Async Capable": false, "Startup Cost": 208184.3, "Total Cost": 208184.31, "Plan Rows": 1, "Plan Width": 8, "Actual Rows": 1, "Actual Loops": 6, "Workers": [], "Plans": [{"Node Type": "Hash Join", "Parent Relationship": "Outer", "Parallel Aware": false, "Async Capable": false, "Join Type": "Inner", "Startup Cost": 2077.72, "Total Cost": 208167.2, "Plan Rows": 6838, "Plan Width": 0, "Actual Rows": 164293, "Actual Loops": 6, "Inner Unique": true, "Hash Cond": "(web_sales.ws_web_site_sk = web_site.web_site_sk)", "Workers": [], "Plans": [{"Node Type": "Hash Join", "Parent Relationship": "Outer", "Parallel Aware": false, "Async Capable": false, "Join Type": "Inner", "Startup Cost": 2073.78, "Total Cost": 208143.5, "Plan Rows": 6838, "Plan Width": 4, "Actual Rows": 164298, "Actual Loops": 6, "Inner Unique": true, "Hash Cond": "(web_sales.ws_ship_mode_sk = ship_mode.sm_ship_mode_sk)", "Workers": [], "Plans": [{"Node Type": "Hash Join", "Parent Relationship": "Outer", "Parallel Aware": false, "Async Capable": false, "Join Type": "Inner", "Startup Cost": 2072.33, "Total Cost": 208120.29, "Plan Rows": 6838, "Plan Width": 8, "Actual Rows": 164307, "Actual Loops": 6, "Inner Unique": true, "Hash Cond": "(web_sales.ws_warehouse_sk = warehouse.w_warehouse_sk)", "Workers": [], "Plans": [{"Node Type": "Hash Join", "Parent Relationship": "Outer", "Parallel Aware": true, "Async Capable": false, "Join Type": "Inner", "Startup Cost": 2071.1, "Total Cost": 208093.51, "Plan Rows": 6838, "Plan Width": 12, "Actual Rows": 164326, "Actual Loops": 6, "Inner Unique": true, "Hash Cond": "(web_sales.ws_ship_date_sk = date_dim.d_date_sk)", "Workers": [], "Plans": [{"Node Type": "Seq Scan", "Parent Relationship": "Outer", "Parallel Aware": true, "Async Capable": false, "Relation Name": "web_sales", "Alias": "web_sales", "Startup Cost": 0.0, "Total Cost": 202243.39, "Plan Rows": 1439539, "Plan Width": 16, "Actual Rows": 1199594, "Actual Loops": 6, "Workers": []}, {"Node Type": "Hash", "Parent Relationship": "Inner", "Parallel Aware": true, "Async Capable": false, "Startup Cost": 2068.55, "Total Cost": 2068.55, "Plan Rows": 204, "Plan Width": 4, "Actual Rows": 61, "Actual Loops": 6, "Hash Buckets": 1024, "Original Hash Buckets": 1024, "Hash Batches": 1, "Original Hash Batches": 1, "Peak Memory Usage": 72, "Workers": [], "Plans": [{"Node Type": "Seq Scan", "Parent Relationship": "Outer", "Parallel Aware": true, "Async Capable": false, "Relation Name": "date_dim", "Alias": "date_dim", "Startup Cost": 0.0, "Total Cost": 2068.55, "Plan Rows": 204, "Plan Width": 4, "Actual Rows": 61, "Actual Loops": 6, "Filter": "((d_month_seq >= 1176) AND (d_month_seq <= 1187))", "Rows Removed by Filter": 12114, "Workers": []}]}]}, {"Node Type": "Hash", "Parent Relationship": "Inner", "Parallel Aware": false, "Async Capable": false, "Startup Cost": 1.1, "Total Cost": 1.1, "Plan Rows": 10, "Plan Width": 4, "Actual Rows": 10, "Actual Loops": 6, "Hash Buckets": 1024, "Original Hash Buckets": 1024, "Hash Batches": 1, "Original Hash Batches": 1, "Peak Memory Usage": 9, "Workers": [], "Plans": [{"Node Type": "Seq Scan", "Parent Relationship": "Outer", "Parallel Aware": false, "Async Capable": false, "Relation Name": "warehouse", "Alias": "warehouse", "Startup Cost": 0.0, "Total Cost": 1.1, "Plan Rows": 10, "Plan Width": 4, "Actual Rows": 10, "Actual Loops": 6, "Workers": []}]}]}, {"Node Type": "Hash", "Parent Relationship": "Inner", "Parallel Aware": false, "Async Capable": false, "Startup Cost": 1.2, "Total Cost": 1.2, "Plan Rows": 20, "Plan Width": 4, "Actual Rows": 20, "Actual Loops": 6, "Hash Buckets": 1024, "Original Hash Buckets": 1024, "Hash Batches": 1, "Original Hash Batches": 1, "Peak Memory Usage": 9, "Workers": [], "Plans": [{"Node Type": "Seq Scan", "Parent Relationship": "Outer", "Parallel Aware": false, "Async Capable": false, "Relation Name": "ship_mode", "Alias": "ship_mode", "Startup Cost": 0.0, "Total Cost": 1.2, "Plan Rows": 20, "Plan Width": 4, "Actual Rows": 20, "Actual Loops": 6, "Workers": []}]}]}, {"Node Type": "Hash", "Parent Relationship": "Inner", "Parallel Aware": false, "Async Capable": false, "Startup Cost": 3.42, "Total Cost": 3.42, "Plan Rows": 42, "Plan Width": 4, "Actual Rows": 42, "Actual Loops": 6, "Hash Buckets": 1024, "Original Hash Buckets": 1024, "Hash Batches": 1, "Original Hash Batches": 1, "Peak Memory Usage": 10, "Workers": [], "Plans": [{"Node Type": "Seq Scan", "Parent Relationship": "Outer", "Parallel Aware": false, "Async Capable": false, "Relation Name": "web_site", "Alias": "web_site", "Startup Cost": 0.0, "Total Cost": 3.42, "Plan Rows": 42, "Plan Width": 4, "Actual Rows": 42, "Actual Loops": 6, "Workers": []}]}]}]}]}]}, "Planning Time": 1.817, "Triggers": [], "Execution Time": 444.366}, {"Plan": {"Node Type": "Aggregate", "Strategy": "Plain", "Partial Mode": "Finalize", "Parallel Aware": false, "Async Capable": false, "Startup Cost": 209169.44, "Total Cost": 209169.45, "Plan Rows": 1, "Plan Width": 8, "Actual Rows": 1, "Actual Loops": 1, "Plans": [{"Node Type": "Gather", "Parent Relationship": "Outer", "Parallel Aware": false, "Async Capable": false, "Startup Cost": 209168.91, "Total Cost": 209169.42, "Plan Rows": 50.0, "Plan Width": 8, "Actual Rows": 6, "Actual Loops": 1, "Workers Planned": 5, "Workers Launched": 5, "Single Copy": false, "Plans": [{"Node Type": "Aggregate", "Strategy": "Plain", "Partial Mode": "Partial", "Parent Relationship": "Outer", "Parallel Aware": false, "Async Capable": false, "Startup Cost": 208168.91, "Total Cost": 208168.92, "Plan Rows": 1, "Plan Width": 8, "Actual Rows": 1, "Actual Loops": 6, "Workers": [], "Plans": [{"Node Type": "Hash Join", "Parent Relationship": "Outer", "Parallel Aware": false, "Async Capable": false, "Join Type": "Inner", "Startup Cost": 2077.72, "Total Cost": 208167.2, "Plan Rows": 6840.0, "Plan Width": 0, "Actual Rows": 164293, "Actual Loops": 6, "Inner Unique": true, "Hash Cond": "(web_sales.ws_web_site_sk = web_site.web_site_sk)", "Workers": [], "Plans": [{"Node Type": "Hash Join", "Parent Relationship": "Outer", "Parallel Aware": false, "Async Capable": false, "Join Type": "Inner", "Startup Cost": 2073.78, "Total Cost": 208143.5, "Plan Rows": 6838, "Plan Width": 4, "Actual Rows": 164298, "Actual Loops": 6, "Inner Unique": true, "Hash Cond": "(web_sales.ws_ship_mode_sk = ship_mode.sm_ship_mode_sk)", "Workers": [], "Plans": [{"Node Type": "Hash Join", "Parent Relationship": "Outer", "Parallel Aware": false, "Async Capable": false, "Join Type": "Inner", "Startup Cost": 2072.33, "Total Cost": 208120.29, "Plan Rows": 6838, "Plan Width": 8, "Actual Rows": 164307, "Actual Loops": 6, "Inner Unique": true, "Hash Cond": "(web_sales.ws_warehouse_sk = warehouse.w_warehouse_sk)", "Workers": [], "Plans": [{"Node Type": "Hash Join", "Parent Relationship": "Outer", "Parallel Aware": true, "Async Capable": false, "Join Type": "Inner", "Startup Cost": 2071.1, "Total Cost": 208093.51, "Plan Rows": 6838, "Plan Width": 12, "Actual Rows": 164326, "Actual Loops": 6, "Inner Unique": true, "Hash Cond": "(web_sales.ws_ship_date_sk = date_dim.d_date_sk)", "Workers": [], "Plans": [{"Node Type": "Seq Scan", "Parent Relationship": "Outer", "Parallel Aware": true, "Async Capable": false, "Relation Name": "web_sales", "Alias": "web_sales", "Startup Cost": 0.0, "Total Cost": 202243.39, "Plan Rows": 1439539, "Plan Width": 16, "Actual Rows": 1199594, "Actual Loops": 6, "Workers": []}, {"Node Type": "Hash", "Parent Relationship": "Inner", "Parallel Aware": true, "Async Capable": false, "Startup Cost": 2068.55, "Total Cost": 2068.55, "Plan Rows": 204, "Plan Width": 4, "Actual Rows": 61, "Actual Loops": 6, "Hash Buckets": 1024, "Original Hash Buckets": 1024, "Hash Batches": 1, "Original Hash Batches": 1, "Peak Memory Usage": 168, "Workers": [], "Plans": [{"Node Type": "Seq Scan", "Parent Relationship": "Outer", "Parallel Aware": true, "Async Capable": false, "Relation Name": "date_dim", "Alias": "date_dim", "Startup Cost": 0.0, "Total Cost": 2068.55, "Plan Rows": 204, "Plan Width": 4, "Actual Rows": 61, "Actual Loops": 6, "Filter": "((d_month_seq >= 1176) AND (d_month_seq <= 1187))", "Rows Removed by Filter": 12114, "Workers": []}]}]}, {"Node Type": "Hash", "Parent Relationship": "Inner", "Parallel Aware": false, "Async Capable": false, "Startup Cost": 1.1, "Total Cost": 1.1, "Plan Rows": 10, "Plan Width": 4, "Actual Rows": 10, "Actual Loops": 6, "Hash Buckets": 1024, "Original Hash Buckets": 1024, "Hash Batches": 1, "Original Hash Batches": 1, "Peak Memory Usage": 9, "Workers": [], "Plans": [{"Node Type": "Seq Scan", "Parent Relationship": "Outer", "Parallel Aware": false, "Async Capable": false, "Relation Name": "warehouse", "Alias": "warehouse", "Startup Cost": 0.0, "Total Cost": 1.1, "Plan Rows": 10, "Plan Width": 4, "Actual Rows": 10, "Actual Loops": 6, "Workers": []}]}]}, {"Node Type": "Hash", "Parent Relationship": "Inner", "Parallel Aware": false, "Async Capable": false, "Startup Cost": 1.2, "Total Cost": 1.2, "Plan Rows": 20, "Plan Width": 4, "Actual Rows": 20, "Actual Loops": 6, "Hash Buckets": 1024, "Original Hash Buckets": 1024, "Hash Batches": 1, "Original Hash Batches": 1, "Peak Memory Usage": 9, "Workers": [], "Plans": [{"Node Type": "Seq Scan", "Parent Relationship": "Outer", "Parallel Aware": false, "Async Capable": false, "Relation Name": "ship_mode", "Alias": "ship_mode", "Startup Cost": 0.0, "Total Cost": 1.2, "Plan Rows": 20, "Plan Width": 4, "Actual Rows": 20, "Actual Loops": 6, "Workers": []}]}]}, {"Node Type": "Hash", "Parent Relationship": "Inner", "Parallel Aware": false, "Async Capable": false, "Startup Cost": 3.42, "Total Cost": 3.42, "Plan Rows": 42, "Plan Width": 4, "Actual Rows": 42, "Actual Loops": 6, "Hash Buckets": 1024, "Original Hash Buckets": 1024, "Hash Batches": 1, "Original Hash Batches": 1, "Peak Memory Usage": 10, "Workers": [], "Plans": [{"Node Type": "Seq Scan", "Parent Relationship": "Outer", "Parallel Aware": false, "Async Capable": false, "Relation Name": "web_site", "Alias": "web_site", "Startup Cost": 0.0, "Total Cost": 3.42, "Plan Rows": 42, "Plan Width": 4, "Actual Rows": 42, "Actual Loops": 6, "Workers": []}]}]}]}]}]}, "Planning Time": 3.03, "Triggers": [], "Execution Time": 433.949}, {"Plan": {"Node Type": "Aggregate", "Strategy": "Plain", "Partial Mode": "Finalize", "Parallel Aware": false, "Async Capable": false, "Startup Cost": 209161.81, "Total Cost": 209161.82, "Plan Rows": 1, "Plan Width": 8, "Actual Rows": 1, "Actual Loops": 1, "Plans": [{"Node Type": "Gather", "Parent Relationship": "Outer", "Parallel Aware": false, "Async Capable": false, "Startup Cost": 209161.29, "Total Cost": 209161.8, "Plan Rows": 5, "Plan Width": 8, "Actual Rows": 6, "Actual Loops": 1, "Workers Planned": 5, "Workers Launched": 5, "Single Copy": false, "Plans": [{"Node Type": "Aggregate", "Strategy": "Plain", "Partial Mode": "Partial", "Parent Relationship": "Outer", "Parallel Aware": false, "Async Capable": false, "Startup Cost": 208161.29, "Total Cost": 208161.3, "Plan Rows": 1, "Plan Width": 8, "Actual Rows": 1, "Actual Loops": 6, "Workers": [], "Plans": [{"Node Type": "Hash Join", "Parent Relationship": "Outer", "Parallel Aware": false, "Async Capable": false, "Join Type": "Inner", "Startup Cost": 2077.72, "Total Cost": 208144.2, "Plan Rows": 6838, "Plan Width": 0, "Actual Rows": 164293, "Actual Loops": 6, "Inner Unique": true, "Hash Cond": "(web_sales.ws_warehouse_sk = warehouse.w_warehouse_sk)", "Workers": [], "Plans": [{"Node Type": "Hash Join", "Parent Relationship": "Outer", "Parallel Aware": false, "Async Capable": false, "Join Type": "Inner", "Startup Cost": 2076.5, "Total Cost": 208140.42, "Plan Rows": 6840.0, "Plan Width": 4, "Actual Rows": 164298, "Actual Loops": 6, "Inner Unique": true, "Hash Cond": "(web_sales.ws_web_site_sk = web_site.web_site_sk)", "Workers": [], "Plans": [{"Node Type": "Hash Join", "Parent Relationship": "Outer", "Parallel Aware": false, "Async Capable": false, "Join Type": "Inner", "Startup Cost": 2072.55, "Total Cost": 208116.71, "Plan Rows": 6838, "Plan Width": 8, "Actual Rows": 164308, "Actual Loops": 6, "Inner Unique": true, "Hash Cond": "(web_sales.ws_ship_mode_sk = ship_mode.sm_ship_mode_sk)", "Workers": [], "Plans": [{"Node Type": "Hash Join", "Parent Relationship": "Outer", "Parallel Aware": true, "Async Capable": false, "Join Type": "Inner", "Startup Cost": 2071.1, "Total Cost": 208093.51, "Plan Rows": 6838, "Plan Width": 12, "Actual Rows": 164326, "Actual Loops": 6, "Inner Unique": true, "Hash Cond": "(web_sales.ws_ship_date_sk = date_dim.d_date_sk)", "Workers": [], "Plans": [{"Node Type": "Seq Scan", "Parent Relationship": "Outer", "Parallel Aware": true, "Async Capable": false, "Relation Name": "web_sales", "Alias": "web_sales", "Startup Cost": 0.0, "Total Cost": 202243.39, "Plan Rows": 1439539, "Plan Width": 16, "Actual Rows": 1199594, "Actual Loops": 6, "Workers": []}, {"Node Type": "Hash", "Parent Relationship": "Inner", "Parallel Aware": true, "Async Capable": false, "Startup Cost": 2068.55, "Total Cost": 2068.55, "Plan Rows": 204, "Plan Width": 4, "Actual Rows": 61, "Actual Loops": 6, "Hash Buckets": 1024, "Original Hash Buckets": 1024, "Hash Batches": 1, "Original Hash Batches": 1, "Peak Memory Usage": 168, "Workers": [], "Plans": [{"Node Type": "Seq Scan", "Parent Relationship": "Outer", "Parallel Aware": true, "Async Capable": false, "Relation Name": "date_dim", "Alias": "date_dim", "Startup Cost": 0.0, "Total Cost": 2068.55, "Plan Rows": 204, "Plan Width": 4, "Actual Rows": 61, "Actual Loops": 6, "Filter": "((d_month_seq >= 1176) AND (d_month_seq <= 1187))", "Rows Removed by Filter": 12114, "Workers": []}]}]}, {"Node Type": "Hash", "Parent Relationship": "Inner", "Parallel Aware": false, "Async Capable": false, "Startup Cost": 1.2, "Total Cost": 1.2, "Plan Rows": 20, "Plan Width": 4, "Actual Rows": 20, "Actual Loops": 6, "Hash Buckets": 1024, "Original Hash Buckets": 1024, "Hash Batches": 1, "Original Hash Batches": 1, "Peak Memory Usage": 9, "Workers": [], "Plans": [{"Node Type": "Seq Scan", "Parent Relationship": "Outer", "Parallel Aware": false, "Async Capable": false, "Relation Name": "ship_mode", "Alias": "ship_mode", "Startup Cost": 0.0, "Total Cost": 1.2, "Plan Rows": 20, "Plan Width": 4, "Actual Rows": 20, "Actual Loops": 6, "Workers": []}]}]}, {"Node Type": "Hash", "Parent Relationship": "Inner", "Parallel Aware": false, "Async Capable": false, "Startup Cost": 3.42, "Total Cost": 3.42, "Plan Rows": 42, "Plan Width": 4, "Actual Rows": 42, "Actual Loops": 6, "Hash Buckets": 1024, "Original Hash Buckets": 1024, "Hash Batches": 1, "Original Hash Batches": 1, "Peak Memory Usage": 10, "Workers": [], "Plans": [{"Node Type": "Seq Scan", "Parent Relationship": "Outer", "Parallel Aware": false, "Async Capable": false, "Relation Name": "web_site", "Alias": "web_site", "Startup Cost": 0.0, "Total Cost": 3.42, "Plan Rows": 42, "Plan Width": 4, "Actual Rows": 42, "Actual Loops": 6, "Workers": []}]}]}, {"Node Type": "Hash", "Parent Relationship": "Inner", "Parallel Aware": false, "Async Capable": false, "Startup Cost": 1.1, "Total Cost": 1.1, "Plan Rows": 10, "Plan Width": 4, "Actual Rows": 10, "Actual Loops": 6, "Hash Buckets": 1024, "Original Hash Buckets": 1024, "Hash Batches": 1, "Original Hash Batches": 1, "Peak Memory Usage": 9, "Workers": [], "Plans": [{"Node Type": "Seq Scan", "Parent Relationship": "Outer", "Parallel Aware": false, "Async Capable": false, "Relation Name": "warehouse", "Alias": "warehouse", "Startup Cost": 0.0, "Total Cost": 1.1, "Plan Rows": 10, "Plan Width": 4, "Actual Rows": 10, "Actual Loops": 6, "Workers": []}]}]}]}]}]}, "Planning Time": 2.985, "Triggers": [], "Execution Time": 437.043}, {"Plan": {"Node Type": "Aggregate", "Strategy": "Plain", "Partial Mode": "Finalize", "Parallel Aware": false, "Async Capable": false, "Startup Cost": 209161.81, "Total Cost": 209161.82, "Plan Rows": 1, "Plan Width": 8, "Actual Rows": 1, "Actual Loops": 1, "Plans": [{"Node Type": "Gather", "Parent Relationship": "Outer", "Parallel Aware": false, "Async Capable": false, "Startup Cost": 209161.29, "Total Cost": 209161.8, "Plan Rows": 5, "Plan Width": 8, "Actual Rows": 6, "Actual Loops": 1, "Workers Planned": 5, "Workers Launched": 5, "Single Copy": false, "Plans": [{"Node Type": "Aggregate", "Strategy": "Plain", "Partial Mode": "Partial", "Parent Relationship": "Outer", "Parallel Aware": false, "Async Capable": false, "Startup Cost": 208161.29, "Total Cost": 208161.3, "Plan Rows": 1, "Plan Width": 8, "Actual Rows": 1, "Actual Loops": 6, "Workers": [], "Plans": [{"Node Type": "Hash Join", "Parent Relationship": "Outer", "Parallel Aware": false, "Async Capable": false, "Join Type": "Inner", "Startup Cost": 2077.72, "Total Cost": 208144.2, "Plan Rows": 6838, "Plan Width": 0, "Actual Rows": 164293, "Actual Loops": 6, "Inner Unique": true, "Hash Cond": "(web_sales.ws_web_site_sk = web_site.web_site_sk)", "Workers": [], "Plans": [{"Node Type": "Hash Join", "Parent Relationship": "Outer", "Parallel Aware": false, "Async Capable": false, "Join Type": "Inner", "Startup Cost": 2073.78, "Total Cost": 208120.49, "Plan Rows": 6838, "Plan Width": 4, "Actual Rows": 164298, "Actual Loops": 6, "Inner Unique": true, "Hash Cond": "(web_sales.ws_warehouse_sk = warehouse.w_warehouse_sk)", "Workers": [], "Plans": [{"Node Type": "Hash Join", "Parent Relationship": "Outer", "Parallel Aware": false, "Async Capable": false, "Join Type": "Inner", "Startup Cost": 2072.55, "Total Cost": 208116.71, "Plan Rows": 6840.0, "Plan Width": 8, "Actual Rows": 164308, "Actual Loops": 6, "Inner Unique": true, "Hash Cond": "(web_sales.ws_ship_mode_sk = ship_mode.sm_ship_mode_sk)", "Workers": [], "Plans": [{"Node Type": "Hash Join", "Parent Relationship": "Outer", "Parallel Aware": true, "Async Capable": false, "Join Type": "Inner", "Startup Cost": 2071.1, "Total Cost": 208093.51, "Plan Rows": 6838, "Plan Width": 12, "Actual Rows": 164326, "Actual Loops": 6, "Inner Unique": true, "Hash Cond": "(web_sales.ws_ship_date_sk = date_dim.d_date_sk)", "Workers": [], "Plans": [{"Node Type": "Seq Scan", "Parent Relationship": "Outer", "Parallel Aware": true, "Async Capable": false, "Relation Name": "web_sales", "Alias": "web_sales", "Startup Cost": 0.0, "Total Cost": 202243.39, "Plan Rows": 1439539, "Plan Width": 16, "Actual Rows": 1199594, "Actual Loops": 6, "Workers": []}, {"Node Type": "Hash", "Parent Relationship": "Inner", "Parallel Aware": true, "Async Capable": false, "Startup Cost": 2068.55, "Total Cost": 2068.55, "Plan Rows": 204, "Plan Width": 4, "Actual Rows": 61, "Actual Loops": 6, "Hash Buckets": 1024, "Original Hash Buckets": 1024, "Hash Batches": 1, "Original Hash Batches": 1, "Peak Memory Usage": 40, "Workers": [], "Plans": [{"Node Type": "Seq Scan", "Parent Relationship": "Outer", "Parallel Aware": true, "Async Capable": false, "Relation Name": "date_dim", "Alias": "date_dim", "Startup Cost": 0.0, "Total Cost": 2068.55, "Plan Rows": 204, "Plan Width": 4, "Actual Rows": 61, "Actual Loops": 6, "Filter": "((d_month_seq >= 1176) AND (d_month_seq <= 1187))", "Rows Removed by Filter": 12114, "Workers": []}]}]}, {"Node Type": "Hash", "Parent Relationship": "Inner", "Parallel Aware": false, "Async Capable": false, "Startup Cost": 1.2, "Total Cost": 1.2, "Plan Rows": 20, "Plan Width": 4, "Actual Rows": 20, "Actual Loops": 6, "Hash Buckets": 1024, "Original Hash Buckets": 1024, "Hash Batches": 1, "Original Hash Batches": 1, "Peak Memory Usage": 9, "Workers": [], "Plans": [{"Node Type": "Seq Scan", "Parent Relationship": "Outer", "Parallel Aware": false, "Async Capable": false, "Relation Name": "ship_mode", "Alias": "ship_mode", "Startup Cost": 0.0, "Total Cost": 1.2, "Plan Rows": 20, "Plan Width": 4, "Actual Rows": 20, "Actual Loops": 6, "Workers": []}]}]}, {"Node Type": "Hash", "Parent Relationship": "Inner", "Parallel Aware": false, "Async Capable": false, "Startup Cost": 1.1, "Total Cost": 1.1, "Plan Rows": 10, "Plan Width": 4, "Actual Rows": 10, "Actual Loops": 6, "Hash Buckets": 1024, "Original Hash Buckets": 1024, "Hash Batches": 1, "Original Hash Batches": 1, "Peak Memory Usage": 9, "Workers": [], "Plans": [{"Node Type": "Seq Scan", "Parent Relationship": "Outer", "Parallel Aware": false, "Async Capable": false, "Relation Name": "warehouse", "Alias": "warehouse", "Startup Cost": 0.0, "Total Cost": 1.1, "Plan Rows": 10, "Plan Width": 4, "Actual Rows": 10, "Actual Loops": 6, "Workers": []}]}]}, {"Node Type": "Hash", "Parent Relationship": "Inner", "Parallel Aware": false, "Async Capable": false, "Startup Cost": 3.42, "Total Cost": 3.42, "Plan Rows": 42, "Plan Width": 4, "Actual Rows": 42, "Actual Loops": 6, "Hash Buckets": 1024, "Original Hash Buckets": 1024, "Hash Batches": 1, "Original Hash Batches": 1, "Peak Memory Usage": 10, "Workers": [], "Plans": [{"Node Type": "Seq Scan", "Parent Relationship": "Outer", "Parallel Aware": false, "Async Capable": false, "Relation Name": "web_site", "Alias": "web_site", "Startup Cost": 0.0, "Total Cost": 3.42, "Plan Rows": 42, "Plan Width": 4, "Actual Rows": 42, "Actual Loops": 6, "Workers": []}]}]}]}]}]}, "Planning Time": 3.04, "Triggers": [], "Execution Time": 441.124}, {"Plan": {"Node Type": "Aggregate", "Strategy": "Plain", "Partial Mode": "Finalize", "Parallel Aware": false, "Async Capable": false, "Startup Cost": 211141.18, "Total Cost": 211141.19, "Plan Rows": 1, "Plan Width": 8, "Actual Rows": 1, "Actual Loops": 1, "Plans": [{"Node Type": "Gather", "Parent Relationship": "Outer", "Parallel Aware": false, "Async Capable": false, "Startup Cost": 211140.66, "Total Cost": 211141.17, "Plan Rows": 5, "Plan Width": 8, "Actual Rows": 6, "Actual Loops": 1, "Workers Planned": 5, "Workers Launched": 5, "Single Copy": false, "Plans": [{"Node Type": "Aggregate", "Strategy": "Plain", "Partial Mode": "Partial", "Parent Relationship": "Outer", "Parallel Aware": false, "Async Capable": false, "Startup Cost": 210140.66, "Total Cost": 210140.67, "Plan Rows": 1, "Plan Width": 8, "Actual Rows": 1, "Actual Loops": 6, "Workers": [], "Plans": [{"Node Type": "Hash Join", "Parent Relationship": "Outer", "Parallel Aware": false, "Async Capable": false, "Join Type": "Inner", "Startup Cost": 2077.72, "Total Cost": 210123.56, "Plan Rows": 6838, "Plan Width": 0, "Actual Rows": 164293, "Actual Loops": 6, "Inner Unique": true, "Hash Cond": "(web_sales.ws_ship_mode_sk = ship_mode.sm_ship_mode_sk)", "Workers": [], "Plans": [{"Node Type": "Hash Join", "Parent Relationship": "Outer", "Parallel Aware": false, "Async Capable": false, "Join Type": "Inner", "Startup Cost": 2076.27, "Total Cost": 210100.36, "Plan Rows": 6838, "Plan Width": 4, "Actual Rows": 164298, "Actual Loops": 6, "Inner Unique": true, "Hash Cond": "(web_sales.ws_web_site_sk = web_site.web_site_sk)", "Workers": [], "Plans": [{"Node Type": "Hash Join", "Parent Relationship": "Outer", "Parallel Aware": false, "Async Capable": false, "Join Type": "Inner", "Startup Cost": 2072.33, "Total Cost": 208120.29, "Plan Rows": 6838.2, "Plan Width": 8, "Actual Rows": 164307, "Actual Loops": 6, "Inner Unique": true, "Hash Cond": "(web_sales.ws_warehouse_sk = warehouse.w_warehouse_sk)", "Workers": [], "Plans": [{"Node Type": "Hash Join", "Parent Relationship": "Outer", "Parallel Aware": true, "Async Capable": false, "Join Type": "Inner", "Startup Cost": 2071.1, "Total Cost": 208093.51, "Plan Rows": 6838, "Plan Width": 12, "Actual Rows": 164326, "Actual Loops": 6, "Inner Unique": true, "Hash Cond": "(web_sales.ws_ship_date_sk = date_dim.d_date_sk)", "Workers": [], "Plans": [{"Node Type": "Seq Scan", "Parent Relationship": "Outer", "Parallel Aware": true, "Async Capable": false, "Relation Name": "web_sales", "Alias": "web_sales", "Startup Cost": 0.0, "Total Cost": 202243.39, "Plan Rows": 1439539, "Plan Width": 16, "Actual Rows": 1199594, "Actual Loops": 6, "Workers": []}, {"Node Type": "Hash", "Parent Relationship": "Inner", "Parallel Aware": true, "Async Capable": false, "Startup Cost": 2068.55, "Total Cost": 2068.55, "Plan Rows": 204, "Plan Width": 4, "Actual Rows": 61, "Actual Loops": 6, "Hash Buckets": 1024, "Original Hash Buckets": 1024, "Hash Batches": 1, "Original Hash Batches": 1, "Peak Memory Usage": 200, "Workers": [], "Plans": [{"Node Type": "Seq Scan", "Parent Relationship": "Outer", "Parallel Aware": true, "Async Capable": false, "Relation Name": "date_dim", "Alias": "date_dim", "Startup Cost": 0.0, "Total Cost": 2068.55, "Plan Rows": 204, "Plan Width": 4, "Actual Rows": 61, "Actual Loops": 6, "Filter": "((d_month_seq >= 1176) AND (d_month_seq <= 1187))", "Rows Removed by Filter": 12114, "Workers": []}]}]}, {"Node Type": "Hash", "Parent Relationship": "Inner", "Parallel Aware": false, "Async Capable": false, "Startup Cost": 1.1, "Total Cost": 1.1, "Plan Rows": 10, "Plan Width": 4, "Actual Rows": 10, "Actual Loops": 6, "Hash Buckets": 1024, "Original Hash Buckets": 1024, "Hash Batches": 1, "Original Hash Batches": 1, "Peak Memory Usage": 9, "Workers": [], "Plans": [{"Node Type": "Seq Scan", "Parent Relationship": "Outer", "Parallel Aware": false, "Async Capable": false, "Relation Name": "warehouse", "Alias": "warehouse", "Startup Cost": 0.0, "Total Cost": 1.1, "Plan Rows": 10, "Plan Width": 4, "Actual Rows": 10, "Actual Loops": 6, "Workers": []}]}]}, {"Node Type": "Hash", "Parent Relationship": "Inner", "Parallel Aware": false, "Async Capable": false, "Startup Cost": 3.42, "Total Cost": 3.42, "Plan Rows": 42, "Plan Width": 4, "Actual Rows": 42, "Actual Loops": 6, "Hash Buckets": 1024, "Original Hash Buckets": 1024, "Hash Batches": 1, "Original Hash Batches": 1, "Peak Memory Usage": 10, "Workers": [], "Plans": [{"Node Type": "Seq Scan", "Parent Relationship": "Outer", "Parallel Aware": false, "Async Capable": false, "Relation Name": "web_site", "Alias": "web_site", "Startup Cost": 0.0, "Total Cost": 3.42, "Plan Rows": 42, "Plan Width": 4, "Actual Rows": 42, "Actual Loops": 6, "Workers": []}]}]}, {"Node Type": "Hash", "Parent Relationship": "Inner", "Parallel Aware": false, "Async Capable": false, "Startup Cost": 1.2, "Total Cost": 1.2, "Plan Rows": 20, "Plan Width": 4, "Actual Rows": 20, "Actual Loops": 6, "Hash Buckets": 1024, "Original Hash Buckets": 1024, "Hash Batches": 1, "Original Hash Batches": 1, "Peak Memory Usage": 9, "Workers": [], "Plans": [{"Node Type": "Seq Scan", "Parent Relationship": "Outer", "Parallel Aware": false, "Async Capable": false, "Relation Name": "ship_mode", "Alias": "ship_mode", "Startup Cost": 0.0, "Total Cost": 1.2, "Plan Rows": 20, "Plan Width": 4, "Actual Rows": 20, "Actual Loops": 6, "Workers": []}]}]}]}]}]}, "Planning Time": 2.786, "Triggers": [], "Execution Time": 437.863}, {"Plan": {"Node Type": "Aggregate", "Strategy": "Plain", "Partial Mode": "Finalize", "Parallel Aware": false, "Async Capable": false, "Startup Cost": 208449.22, "Total Cost": 208449.23, "Plan Rows": 1, "Plan Width": 8, "Actual Rows": 1, "Actual Loops": 1, "Plans": [{"Node Type": "Gather", "Parent Relationship": "Outer", "Parallel Aware": false, "Async Capable": false, "Startup Cost": 208448.69, "Total Cost": 208449.2, "Plan Rows": 5, "Plan Width": 8, "Actual Rows": 6, "Actual Loops": 1, "Workers Planned": 5, "Workers Launched": 5, "Single Copy": false, "Plans": [{"Node Type": "Aggregate", "Strategy": "Plain", "Partial Mode": "Partial", "Parent Relationship": "Outer", "Parallel Aware": false, "Async Capable": false, "Startup Cost": 207448.69, "Total Cost": 207448.7, "Plan Rows": 1, "Plan Width": 8, "Actual Rows": 1, "Actual Loops": 6, "Workers": [], "Plans": [{"Node Type": "Hash Join", "Parent Relationship": "Outer", "Parallel Aware": false, "Async Capable": false, "Join Type": "Inner", "Startup Cost": 6.92, "Total Cost": 207431.6, "Plan Rows": 6838, "Plan Width": 0, "Actual Rows": 164293, "Actual Loops": 6, "Inner Unique": true, "Hash Cond": "(web_sales.ws_ship_mode_sk = ship_mode.sm_ship_mode_sk)", "Workers": [], "Plans": [{"Node Type": "Hash Join", "Parent Relationship": "Outer", "Parallel Aware": false, "Async Capable": false, "Join Type": "Inner", "Startup Cost": 5.47, "Total Cost": 207408.39, "Plan Rows": 6838, "Plan Width": 4, "Actual Rows": 164298, "Actual Loops": 6, "Inner Unique": true, "Hash Cond": "(web_sales.ws_warehouse_sk = warehouse.w_warehouse_sk)", "Workers": [], "Plans": [{"Node Type": "Nested Loop", "Parent Relationship": "Outer", "Parallel Aware": false, "Async Capable": false, "Join Type": "Inner", "Startup Cost": 4.25, "Total Cost": 207381.61, "Plan Rows": 6838, "Plan Width": 8, "Actual Rows": 164308, "Actual Loops": 6, "Inner Unique": true, "Workers": [], "Plans": [{"Node Type": "Hash Join", "Parent Relationship": "Outer", "Parallel Aware": false, "Async Capable": false, "Join Type": "Inner", "Startup Cost": 3.94, "Total Cost": 206407.35, "Plan Rows": 1439500.0, "Plan Width": 12, "Actual Rows": 1199291, "Actual Loops": 6, "Inner Unique": true, "Hash Cond": "(web_sales.ws_web_site_sk = web_site.web_site_sk)", "Workers": [], "Plans": [{"Node Type": "Seq Scan", "Parent Relationship": "Outer", "Parallel Aware": true, "Async Capable": false, "Relation Name": "web_sales", "Alias": "web_sales", "Startup Cost": 0.0, "Total Cost": 202243.39, "Plan Rows": 1439539, "Plan Width": 16, "Actual Rows": 1199594, "Actual Loops": 6, "Workers": []}, {"Node Type": "Hash", "Parent Relationship": "Inner", "Parallel Aware": false, "Async Capable": false, "Startup Cost": 3.42, "Total Cost": 3.42, "Plan Rows": 42, "Plan Width": 4, "Actual Rows": 42, "Actual Loops": 6, "Hash Buckets": 1024, "Original Hash Buckets": 1024, "Hash Batches": 1, "Original Hash Batches": 1, "Peak Memory Usage": 10, "Workers": [], "Plans": [{"Node Type": "Seq Scan", "Parent Relationship": "Outer", "Parallel Aware": false, "Async Capable": false, "Relation Name": "web_site", "Alias": "web_site", "Startup Cost": 0.0, "Total Cost": 3.42, "Plan Rows": 42, "Plan Width": 4, "Actual Rows": 42, "Actual Loops": 6, "Workers": []}]}]}, {"Node Type": "Memoize", "Parent Relationship": "Inner", "Parallel Aware": false, "Async Capable": false, "Startup Cost": 0.3, "Total Cost": 0.33, "Plan Rows": 1, "Plan Width": 4, "Actual Rows": 0, "Actual Loops": 7195744, "Cache Key": "web_sales.ws_ship_date_sk", "Cache Mode": "logical", "Cache Hits": 1373742, "Cache Misses": 1947, "Cache Evictions": 0, "Cache Overflows": 0, "Peak Memory Usage": 143, "Workers": [{"Worker Number": 0, "Cache Hits": 1142237, "Cache Misses": 1947, "Cache Evictions": 0, "Cache Overflows": 0, "Peak Memory Usage": 143}, {"Worker Number": 1, "Cache Hits": 1169063, "Cache Misses": 1947, "Cache Evictions": 0, "Cache Overflows": 0, "Peak Memory Usage": 143}, {"Worker Number": 2, "Cache Hits": 1181942, "Cache Misses": 1947, "Cache Evictions": 0, "Cache Overflows": 0, "Peak Memory Usage": 143}, {"Worker Number": 3, "Cache Hits": 1125084, "Cache Misses": 1947, "Cache Evictions": 0, "Cache Overflows": 0, "Peak Memory Usage": 143}, {"Worker Number": 4, "Cache Hits": 1191994, "Cache Misses": 1947, "Cache Evictions": 0, "Cache Overflows": 0, "Peak Memory Usage": 143}], "Plans": [{"Node Type": "Index Scan", "Parent Relationship": "Outer", "Parallel Aware": false, "Async Capable": false, "Scan Direction": "Forward", "Index Name": "date_dim_pkey", "Relation Name": "date_dim", "Alias": "date_dim", "Startup Cost": 0.29, "Total Cost": 0.32, "Plan Rows": 1, "Plan Width": 4, "Actual Rows": 0, "Actual Loops": 11682, "Index Cond": "(d_date_sk = web_sales.ws_ship_date_sk)", "Rows Removed by Index Recheck": 0, "Filter": "((d_month_seq >= 1176) AND (d_month_seq <= 1187))", "Rows Removed by Filter": 1, "Workers": []}]}]}, {"Node Type": "Hash", "Parent Relationship": "Inner", "Parallel Aware": false, "Async Capable": false, "Startup Cost": 1.1, "Total Cost": 1.1, "Plan Rows": 10, "Plan Width": 4, "Actual Rows": 10, "Actual Loops": 6, "Hash Buckets": 1024, "Original Hash Buckets": 1024, "Hash Batches": 1, "Original Hash Batches": 1, "Peak Memory Usage": 9, "Workers": [], "Plans": [{"Node Type": "Seq Scan", "Parent Relationship": "Outer", "Parallel Aware": false, "Async Capable": false, "Relation Name": "warehouse", "Alias": "warehouse", "Startup Cost": 0.0, "Total Cost": 1.1, "Plan Rows": 10, "Plan Width": 4, "Actual Rows": 10, "Actual Loops": 6, "Workers": []}]}]}, {"Node Type": "Hash", "Parent Relationship": "Inner", "Parallel Aware": false, "Async Capable": false, "Startup Cost": 1.2, "Total Cost": 1.2, "Plan Rows": 20, "Plan Width": 4, "Actual Rows": 20, "Actual Loops": 6, "Hash Buckets": 1024, "Original Hash Buckets": 1024, "Hash Batches": 1, "Original Hash Batches": 1, "Peak Memory Usage": 9, "Workers": [], "Plans": [{"Node Type": "Seq Scan", "Parent Relationship": "Outer", "Parallel Aware": false, "Async Capable": false, "Relation Name": "ship_mode", "Alias": "ship_mode", "Startup Cost": 0.0, "Total Cost": 1.2, "Plan Rows": 20, "Plan Width": 4, "Actual Rows": 20, "Actual Loops": 6, "Workers": []}]}]}]}]}]}, "Planning Time": 3.252, "Triggers": [], "Execution Time": 760.055}]