[{"Plan": {"Node Type": "Aggregate", "Strategy": "Plain", "Partial Mode": "Simple", "Parallel Aware": false, "Async Capable": false, "Startup Cost": 56469.28, "Total Cost": 56469.29, "Plan Rows": 1, "Plan Width": 8, "Actual Rows": 1, "Actual Loops": 1, "Plans": [{"Node Type": "Nested Loop", "Parent Relationship": "Outer", "Parallel Aware": false, "Async Capable": false, "Join Type": "Inner", "Startup Cost": 9225.16, "Total Cost": 56469.28, "Plan Rows": 1, "Plan Width": 0, "Actual Rows": 16, "Actual Loops": 1, "Inner Unique": true, "Plans": [{"Node Type": "Nested Loop", "Parent Relationship": "Outer", "Parallel Aware": false, "Async Capable": false, "Join Type": "Inner", "Startup Cost": 9225.02, "Total Cost": 56469.12, "Plan Rows": 1, "Plan Width": 4, "Actual Rows": 16, "Actual Loops": 1, "Inner Unique": true, "Plans": [{"Node Type": "Nested Loop", "Parent Relationship": "Outer", "Parallel Aware": false, "Async Capable": false, "Join Type": "Inner", "Startup Cost": 9224.73, "Total Cost": 56468.79, "Plan Rows": 1, "Plan Width": 8, "Actual Rows": 74, "Actual Loops": 1, "Inner Unique": true, "Plans": [{"Node Type": "Gather", "Parent Relationship": "Outer", "Parallel Aware": false, "Async Capable": false, "Startup Cost": 9224.58, "Total Cost": 56468.63, "Plan Rows": 1, "Plan Width": 12, "Actual Rows": 74, "Actual Loops": 1, "Workers Planned": 3, "Workers Launched": 3, "Single Copy": false, "Plans": [{"Node Type": "Nested Loop", "Parent Relationship": "Outer", "Parallel Aware": false, "Async Capable": false, "Join Type": "Inner", "Startup Cost": 8224.58, "Total Cost": 55468.53, "Plan Rows": 1, "Plan Width": 12, "Actual Rows": 18, "Actual Loops": 4, "Inner Unique": true, "Join Filter": "((((customer_address.ca_state = ANY ('{NE,OK,GA}'::bpchar[])) AND (web_sales.ws_net_profit >= '100'::numeric) AND (web_sales.ws_net_profit <= '200'::numeric)) OR ((customer_address.ca_state = ANY ('{NM,NY,VA}'::bpchar[])) AND (web_sales.ws_net_profit >= '150'::numeric) AND (web_sales.ws_net_profit <= '300'::numeric)) OR ((customer_address.ca_state = ANY ('{AL,MD,CO}'::bpchar[])) AND (web_sales.ws_net_profit >= '50'::numeric) AND (web_sales.ws_net_profit <= '250'::numeric))) AND (((cd1.cd_marital_status = 'W'::bpchar) AND (cd1.cd_education_status = 'Advanced Degree'::bpchar) AND (web_sales.ws_sales_price >= 100.00) AND (web_sales.ws_sales_price <= 150.00)) OR ((cd1.cd_marital_status = 'U'::bpchar) AND (cd1.cd_education_status = '2 yr Degree'::bpchar) AND (web_sales.ws_sales_price >= 50.00) AND (web_sales.ws_sales_price <= 100.00)) OR ((cd1.cd_marital_status = 'D'::bpchar) AND (cd1.cd_education_status = 'College'::bpchar) AND (web_sales.ws_sales_price >= 150.00) AND (web_sales.ws_sales_price <= 200.00))))", "Rows Removed by Join Filter": 82, "Workers": [], "Plans": [{"Node Type": "Nested Loop", "Parent Relationship": "Outer", "Parallel Aware": false, "Async Capable": false, "Join Type": "Inner", "Startup Cost": 8224.15, "Total Cost": 55276.47, "Plan Rows": 110, "Plan Width": 38, "Actual Rows": 3088, "Actual Loops": 4, "Inner Unique": true, "Join Filter": "((cd1.cd_marital_status = cd2.cd_marital_status) AND (cd1.cd_education_status = cd2.cd_education_status))", "Rows Removed by Join Filter": 0, "Workers": [], "Plans": [{"Node Type": "Nested Loop", "Parent Relationship": "Outer", "Parallel Aware": false, "Async Capable": false, "Join Type": "Inner", "Startup Cost": 8223.72, "Total Cost": 52916.74, "Plan Rows": 3863, "Plan Width": 42, "Actual Rows": 3124, "Actual Loops": 4, "Inner Unique": true, "Workers": [], "Plans": [{"Node Type": "Hash Join", "Parent Relationship": "Outer", "Parallel Aware": true, "Async Capable": false, "Join Type": "Inner", "Startup Cost": 8223.3, "Total Cost": 24472.37, "Plan Rows": 46565, "Plan Width": 23, "Actual Rows": 37456, "Actual Loops": 4, "Inner Unique": true, "Hash Cond": "(web_returns.wr_refunded_addr_sk = customer_address.ca_address_sk)", "Workers": [], "Plans": [{"Node Type": "Seq Scan", "Parent Relationship": "Outer", "Parallel Aware": true, "Async Capable": false, "Relation Name": "web_returns", "Alias": "web_returns", "Startup Cost": 0.0, "Total Cost": 15640.05, "Plan Rows": 232005, "Plan Width": 24, "Actual Rows": 179804, "Actual Loops": 4, "Workers": []}, {"Node Type": "Hash", "Parent Relationship": "Inner", "Parallel Aware": true, "Async Capable": false, "Startup Cost": 7961.96, "Total Cost": 7961.96, "Plan Rows": 20907, "Plan Width": 7, "Actual Rows": 13614, "Actual Loops": 4, "Hash Buckets": 65536, "Original Hash Buckets": 65536, "Hash Batches": 1, "Original Hash Batches": 1, "Peak Memory Usage": 2688, "Workers": [], "Plans": [{"Node Type": "Seq Scan", "Parent Relationship": "Outer", "Parallel Aware": true, "Async Capable": false, "Relation Name": "customer_address", "Alias": "customer_address", "Startup Cost": 0.0, "Total Cost": 7961.96, "Plan Rows": 20907, "Plan Width": 7, "Actual Rows": 13614, "Actual Loops": 4, "Filter": "(((ca_country)::text = 'United States'::text) AND ((ca_state = ANY ('{NE,OK,GA}'::bpchar[])) OR (ca_state = ANY ('{NM,NY,VA}'::bpchar[])) OR (ca_state = ANY ('{AL,MD,CO}'::bpchar[]))))", "Rows Removed by Filter": 48886, "Workers": []}]}]}, {"Node Type": "Index Scan", "Parent Relationship": "Inner", "Parallel Aware": false, "Async Capable": false, "Scan Direction": "Forward", "Index Name": "customer_demographics_pkey", "Relation Name": "customer_demographics", "Alias": "cd1", "Startup Cost": 0.43, "Total Cost": 0.61, "Plan Rows": 1, "Plan Width": 27, "Actual Rows": 0, "Actual Loops": 149825, "Index Cond": "(cd_demo_sk = web_returns.wr_refunded_cdemo_sk)", "Rows Removed by Index Recheck": 0, "Filter": "(((cd_marital_status = 'W'::bpchar) AND (cd_education_status = 'Advanced Degree'::bpchar)) OR ((cd_marital_status = 'U'::bpchar) AND (cd_education_status = '2 yr Degree'::bpchar)) OR ((cd_marital_status = 'D'::bpchar) AND (cd_education_status = 'College'::bpchar)))", "Rows Removed by Filter": 1, "Workers": []}]}, {"Node Type": "Index Scan", "Parent Relationship": "Inner", "Parallel Aware": false, "Async Capable": false, "Scan Direction": "Forward", "Index Name": "customer_demographics_pkey", "Relation Name": "customer_demographics", "Alias": "cd2", "Startup Cost": 0.43, "Total Cost": 0.6, "Plan Rows": 1, "Plan Width": 27, "Actual Rows": 1, "Actual Loops": 12494, "Index Cond": "(cd_demo_sk = web_returns.wr_returning_cdemo_sk)", "Rows Removed by Index Recheck": 0, "Workers": []}]}, {"Node Type": "Index Scan", "Parent Relationship": "Inner", "Parallel Aware": false, "Async Capable": false, "Scan Direction": "Forward", "Index Name": "web_sales_pkey", "Relation Name": "web_sales", "Alias": "web_sales", "Startup Cost": 0.43, "Total Cost": 1.68, "Plan Rows": 1, "Plan Width": 28, "Actual Rows": 0, "Actual Loops": 12351, "Index Cond": "((ws_item_sk = web_returns.wr_item_sk) AND (ws_order_number = web_returns.wr_order_number))", "Rows Removed by Index Recheck": 0, "Filter": "((((ws_sales_price >= 100.00) AND (ws_sales_price <= 150.00)) OR ((ws_sales_price >= 50.00) AND (ws_sales_price <= 100.00)) OR ((ws_sales_price >= 150.00) AND (ws_sales_price <= 200.00))) AND (((ws_net_profit >= '100'::numeric) AND (ws_net_profit <= '200'::numeric)) OR ((ws_net_profit >= '150'::numeric) AND (ws_net_profit <= '300'::numeric)) OR ((ws_net_profit >= '50'::numeric) AND (ws_net_profit <= '250'::numeric))))", "Rows Removed by Filter": 1, "Workers": []}]}]}, {"Node Type": "Index Only Scan", "Parent Relationship": "Inner", "Parallel Aware": false, "Async Capable": false, "Scan Direction": "Forward", "Index Name": "web_page_pkey", "Relation Name": "web_page", "Alias": "web_page", "Startup Cost": 0.14, "Total Cost": 0.16, "Plan Rows": 1, "Plan Width": 4, "Actual Rows": 1, "Actual Loops": 74, "Index Cond": "(wp_web_page_sk = web_sales.ws_web_page_sk)", "Rows Removed by Index Recheck": 0, "Heap Fetches": 74}]}, {"Node Type": "Index Scan", "Parent Relationship": "Inner", "Parallel Aware": false, "Async Capable": false, "Scan Direction": "Forward", "Index Name": "date_dim_pkey", "Relation Name": "date_dim", "Alias": "date_dim", "Startup Cost": 0.29, "Total Cost": 0.33, "Plan Rows": 1, "Plan Width": 4, "Actual Rows": 0, "Actual Loops": 74, "Index Cond": "(d_date_sk = web_sales.ws_sold_date_sk)", "Rows Removed by Index Recheck": 0, "Filter": "(d_year = 2001)", "Rows Removed by Filter": 1}]}, {"Node Type": "Index Only Scan", "Parent Relationship": "Inner", "Parallel Aware": false, "Async Capable": false, "Scan Direction": "Forward", "Index Name": "reason_pkey", "Relation Name": "reason", "Alias": "reason", "Startup Cost": 0.14, "Total Cost": 0.16, "Plan Rows": 1, "Plan Width": 4, "Actual Rows": 1, "Actual Loops": 16, "Index Cond": "(r_reason_sk = web_returns.wr_reason_sk)", "Rows Removed by Index Recheck": 0, "Heap Fetches": 16}]}]}, "Planning Time": 12.987, "Triggers": [], "Execution Time": 950.141}, {"Plan": {"Node Type": "Aggregate", "Strategy": "Plain", "Partial Mode": "Simple", "Parallel Aware": false, "Async Capable": false, "Startup Cost": 75980.1, "Total Cost": 75980.11, "Plan Rows": 1, "Plan Width": 8, "Actual Rows": 1, "Actual Loops": 1, "Plans": [{"Node Type": "Gather", "Parent Relationship": "Outer", "Parallel Aware": false, "Async Capable": false, "Startup Cost": 67939.6, "Total Cost": 75980.1, "Plan Rows": 1, "Plan Width": 0, "Actual Rows": 16, "Actual Loops": 1, "Workers Planned": 2, "Workers Launched": 2, "Single Copy": false, "Plans": [{"Node Type": "Hash Join", "Parent Relationship": "Outer", "Parallel Aware": true, "Async Capable": false, "Join Type": "Inner", "Startup Cost": 66939.6, "Total Cost": 74980.0, "Plan Rows": 1, "Plan Width": 0, "Actual Rows": 5, "Actual Loops": 3, "Inner Unique": false, "Hash Cond": "(customer_address.ca_address_sk = web_returns.wr_refunded_addr_sk)", "Join Filter": "(((customer_address.ca_state = ANY ('{NE,OK,GA}'::bpchar[])) AND (web_sales.ws_net_profit >= '100'::numeric) AND (web_sales.ws_net_profit <= '200'::numeric)) OR ((customer_address.ca_state = ANY ('{NM,NY,VA}'::bpchar[])) AND (web_sales.ws_net_profit >= '150'::numeric) AND (web_sales.ws_net_profit <= '300'::numeric)) OR ((customer_address.ca_state = ANY ('{AL,MD,CO}'::bpchar[])) AND (web_sales.ws_net_profit >= '50'::numeric) AND (web_sales.ws_net_profit <= '250'::numeric)))", "Rows Removed by Join Filter": 5, "Workers": [], "Plans": [{"Node Type": "Seq Scan", "Parent Relationship": "Outer", "Parallel Aware": true, "Async Capable": false, "Relation Name": "customer_address", "Alias": "customer_address", "Startup Cost": 0.0, "Total Cost": 7961.96, "Plan Rows": 20907, "Plan Width": 7, "Actual Rows": 18152, "Actual Loops": 3, "Filter": "(((ca_country)::text = 'United States'::text) AND ((ca_state = ANY ('{NE,OK,GA}'::bpchar[])) OR (ca_state = ANY ('{NM,NY,VA}'::bpchar[])) OR (ca_state = ANY ('{AL,MD,CO}'::bpchar[]))))", "Rows Removed by Filter": 65181, "Workers": []}, {"Node Type": "Hash", "Parent Relationship": "Inner", "Parallel Aware": true, "Async Capable": false, "Startup Cost": 66939.59, "Total Cost": 66939.59, "Plan Rows": 1, "Plan Width": 10, "Actual Rows": 46, "Actual Loops": 3, "Hash Buckets": 1024, "Original Hash Buckets": 1024, "Hash Batches": 1, "Original Hash Batches": 1, "Peak Memory Usage": 104, "Workers": [], "Plans": [{"Node Type": "Nested Loop", "Parent Relationship": "Outer", "Parallel Aware": false, "Async Capable": false, "Join Type": "Inner", "Startup Cost": 37990.2, "Total Cost": 66939.59, "Plan Rows": 1, "Plan Width": 10, "Actual Rows": 46, "Actual Loops": 3, "Inner Unique": true, "Workers": [], "Plans": [{"Node Type": "Nested Loop", "Parent Relationship": "Outer", "Parallel Aware": false, "Async Capable": false, "Join Type": "Inner", "Startup Cost": 37990.06, "Total Cost": 66939.43, "Plan Rows": 1, "Plan Width": 14, "Actual Rows": 46, "Actual Loops": 3, "Inner Unique": true, "Workers": [], "Plans": [{"Node Type": "Nested Loop", "Parent Relationship": "Outer", "Parallel Aware": false, "Async Capable": false, "Join Type": "Inner", "Startup Cost": 37989.77, "Total Cost": 66939.1, "Plan Rows": 1, "Plan Width": 18, "Actual Rows": 228, "Actual Loops": 3, "Inner Unique": true, "Workers": [], "Plans": [{"Node Type": "Nested Loop", "Parent Relationship": "Outer", "Parallel Aware": false, "Async Capable": false, "Join Type": "Inner", "Startup Cost": 37989.62, "Total Cost": 66938.94, "Plan Rows": 1, "Plan Width": 22, "Actual Rows": 228, "Actual Loops": 3, "Inner Unique": true, "Join Filter": "(((cd1.cd_marital_status = 'W'::bpchar) AND (cd1.cd_education_status = 'Advanced Degree'::bpchar) AND (web_sales.ws_sales_price >= 100.00) AND (web_sales.ws_sales_price <= 150.00)) OR ((cd1.cd_marital_status = 'U'::bpchar) AND (cd1.cd_education_status = '2 yr Degree'::bpchar) AND (web_sales.ws_sales_price >= 50.00) AND (web_sales.ws_sales_price <= 100.00)) OR ((cd1.cd_marital_status = 'D'::bpchar) AND (cd1.cd_education_status = 'College'::bpchar) AND (web_sales.ws_sales_price >= 150.00) AND (web_sales.ws_sales_price <= 200.00)))", "Rows Removed by Join Filter": 440, "Workers": [], "Plans": [{"Node Type": "Nested Loop", "Parent Relationship": "Outer", "Parallel Aware": false, "Async Capable": false, "Join Type": "Inner", "Startup Cost": 37989.19, "Total Cost": 65993.08, "Plan Rows": 550, "Plan Width": 39, "Actual Rows": 19027, "Actual Loops": 3, "Inner Unique": true, "Join Filter": "((cd1.cd_marital_status = cd2.cd_marital_status) AND (cd1.cd_education_status = cd2.cd_education_status))", "Rows Removed by Join Filter": 0, "Workers": [], "Plans": [{"Node Type": "Hash Join", "Parent Relationship": "Outer", "Parallel Aware": true, "Async Capable": false, "Join Type": "Inner", "Startup Cost": 37988.76, "Total Cost": 54237.83, "Plan Rows": 19244, "Plan Width": 43, "Actual Rows": 19475, "Actual Loops": 3, "Inner Unique": true, "Hash Cond": "(web_returns.wr_refunded_cdemo_sk = cd1.cd_demo_sk)", "Workers": [], "Plans": [{"Node Type": "Seq Scan", "Parent Relationship": "Outer", "Parallel Aware": true, "Async Capable": false, "Relation Name": "web_returns", "Alias": "web_returns", "Startup Cost": 0.0, "Total Cost": 15640.05, "Plan Rows": 232005, "Plan Width": 24, "Actual Rows": 239739, "Actual Loops": 3, "Workers": []}, {"Node Type": "Hash", "Parent Relationship": "Inner", "Parallel Aware": true, "Async Capable": false, "Startup Cost": 37346.32, "Total Cost": 37346.32, "Plan Rows": 51395, "Plan Width": 27, "Actual Rows": 54880, "Actual Loops": 3, "Hash Buckets": 262144, "Original Hash Buckets": 262144, "Hash Batches": 1, "Original Hash Batches": 1, "Peak Memory Usage": 12384, "Workers": [], "Plans": [{"Node Type": "Seq Scan", "Parent Relationship": "Outer", "Parallel Aware": true, "Async Capable": false, "Relation Name": "customer_demographics", "Alias": "cd1", "Startup Cost": 0.0, "Total Cost": 37346.32, "Plan Rows": 51395, "Plan Width": 27, "Actual Rows": 54880, "Actual Loops": 3, "Filter": "(((cd_marital_status = 'W'::bpchar) AND (cd_education_status = 'Advanced Degree'::bpchar)) OR ((cd_marital_status = 'U'::bpchar) AND (cd_education_status = '2 yr Degree'::bpchar)) OR ((cd_marital_status = 'D'::bpchar) AND (cd_education_status = 'College'::bpchar)))", "Rows Removed by Filter": 585387, "Workers": []}]}]}, {"Node Type": "Index Scan", "Parent Relationship": "Inner", "Parallel Aware": false, "Async Capable": false, "Scan Direction": "Forward", "Index Name": "customer_demographics_pkey", "Relation Name": "customer_demographics", "Alias": "cd2", "Startup Cost": 0.43, "Total Cost": 0.6, "Plan Rows": 1, "Plan Width": 27, "Actual Rows": 1, "Actual Loops": 58425, "Index Cond": "(cd_demo_sk = web_returns.wr_returning_cdemo_sk)", "Rows Removed by Index Recheck": 0, "Workers": []}]}, {"Node Type": "Index Scan", "Parent Relationship": "Inner", "Parallel Aware": false, "Async Capable": false, "Scan Direction": "Forward", "Index Name": "web_sales_pkey", "Relation Name": "web_sales", "Alias": "web_sales", "Startup Cost": 0.43, "Total Cost": 1.68, "Plan Rows": 1, "Plan Width": 28, "Actual Rows": 0, "Actual Loops": 57081, "Index Cond": "((ws_item_sk = web_returns.wr_item_sk) AND (ws_order_number = web_returns.wr_order_number))", "Rows Removed by Index Recheck": 0, "Filter": "((((ws_sales_price >= 100.00) AND (ws_sales_price <= 150.00)) OR ((ws_sales_price >= 50.00) AND (ws_sales_price <= 100.00)) OR ((ws_sales_price >= 150.00) AND (ws_sales_price <= 200.00))) AND (((ws_net_profit >= '100'::numeric) AND (ws_net_profit <= '200'::numeric)) OR ((ws_net_profit >= '150'::numeric) AND (ws_net_profit <= '300'::numeric)) OR ((ws_net_profit >= '50'::numeric) AND (ws_net_profit <= '250'::numeric))))", "Rows Removed by Filter": 1, "Workers": []}]}, {"Node Type": "Index Only Scan", "Parent Relationship": "Inner", "Parallel Aware": false, "Async Capable": false, "Scan Direction": "Forward", "Index Name": "web_page_pkey", "Relation Name": "web_page", "Alias": "web_page", "Startup Cost": 0.14, "Total Cost": 0.16, "Plan Rows": 1, "Plan Width": 4, "Actual Rows": 1, "Actual Loops": 684, "Index Cond": "(wp_web_page_sk = web_sales.ws_web_page_sk)", "Rows Removed by Index Recheck": 0, "Heap Fetches": 684, "Workers": []}]}, {"Node Type": "Index Scan", "Parent Relationship": "Inner", "Parallel Aware": false, "Async Capable": false, "Scan Direction": "Forward", "Index Name": "date_dim_pkey", "Relation Name": "date_dim", "Alias": "date_dim", "Startup Cost": 0.29, "Total Cost": 0.33, "Plan Rows": 1, "Plan Width": 4, "Actual Rows": 0, "Actual Loops": 684, "Index Cond": "(d_date_sk = web_sales.ws_sold_date_sk)", "Rows Removed by Index Recheck": 0, "Filter": "(d_year = 2001)", "Rows Removed by Filter": 1, "Workers": []}]}, {"Node Type": "Index Only Scan", "Parent Relationship": "Inner", "Parallel Aware": false, "Async Capable": false, "Scan Direction": "Forward", "Index Name": "reason_pkey", "Relation Name": "reason", "Alias": "reason", "Startup Cost": 0.14, "Total Cost": 0.16, "Plan Rows": 1, "Plan Width": 4, "Actual Rows": 1, "Actual Loops": 139, "Index Cond": "(r_reason_sk = web_returns.wr_reason_sk)", "Rows Removed by Index Recheck": 0, "Heap Fetches": 139, "Workers": []}]}]}]}]}]}, "Planning Time": 9.887, "Triggers": [], "Execution Time": 1640.935}, {"Plan": {"Node Type": "Aggregate", "Strategy": "Plain", "Partial Mode": "Simple", "Parallel Aware": false, "Async Capable": false, "Startup Cost": 67940.21, "Total Cost": 67940.22, "Plan Rows": 1, "Plan Width": 8, "Actual Rows": 1, "Actual Loops": 1, "Plans": [{"Node Type": "Nested Loop", "Parent Relationship": "Outer", "Parallel Aware": false, "Async Capable": false, "Join Type": "Inner", "Startup Cost": 38990.62, "Total Cost": 67940.21, "Plan Rows": 1, "Plan Width": 0, "Actual Rows": 16, "Actual Loops": 1, "Inner Unique": true, "Join Filter": "(((customer_address.ca_state = ANY ('{NE,OK,GA}'::bpchar[])) AND (web_sales.ws_net_profit >= '100'::numeric) AND (web_sales.ws_net_profit <= '200'::numeric)) OR ((customer_address.ca_state = ANY ('{NM,NY,VA}'::bpchar[])) AND (web_sales.ws_net_profit >= '150'::numeric) AND (web_sales.ws_net_profit <= '300'::numeric)) OR ((customer_address.ca_state = ANY ('{AL,MD,CO}'::bpchar[])) AND (web_sales.ws_net_profit >= '50'::numeric) AND (web_sales.ws_net_profit <= '250'::numeric)))", "Rows Removed by Join Filter": 16, "Plans": [{"Node Type": "Nested Loop", "Parent Relationship": "Outer", "Parallel Aware": false, "Async Capable": false, "Join Type": "Inner", "Startup Cost": 38990.2, "Total Cost": 67939.69, "Plan Rows": 1, "Plan Width": 10, "Actual Rows": 139, "Actual Loops": 1, "Inner Unique": true, "Plans": [{"Node Type": "Nested Loop", "Parent Relationship": "Outer", "Parallel Aware": false, "Async Capable": false, "Join Type": "Inner", "Startup Cost": 38990.06, "Total Cost": 67939.53, "Plan Rows": 1, "Plan Width": 14, "Actual Rows": 139, "Actual Loops": 1, "Inner Unique": true, "Plans": [{"Node Type": "Nested Loop", "Parent Relationship": "Outer", "Parallel Aware": false, "Async Capable": false, "Join Type": "Inner", "Startup Cost": 38989.77, "Total Cost": 67939.2, "Plan Rows": 1, "Plan Width": 18, "Actual Rows": 684, "Actual Loops": 1, "Inner Unique": true, "Plans": [{"Node Type": "Gather", "Parent Relationship": "Outer", "Parallel Aware": false, "Async Capable": false, "Startup Cost": 38989.62, "Total Cost": 67939.04, "Plan Rows": 1, "Plan Width": 22, "Actual Rows": 684, "Actual Loops": 1, "Workers Planned": 3, "Workers Launched": 3, "Single Copy": false, "Plans": [{"Node Type": "Nested Loop", "Parent Relationship": "Outer", "Parallel Aware": false, "Async Capable": false, "Join Type": "Inner", "Startup Cost": 37989.62, "Total Cost": 66938.94, "Plan Rows": 1, "Plan Width": 22, "Actual Rows": 171, "Actual Loops": 4, "Inner Unique": true, "Join Filter": "(((cd1.cd_marital_status = 'W'::bpchar) AND (cd1.cd_education_status = 'Advanced Degree'::bpchar) AND (web_sales.ws_sales_price >= 100.00) AND (web_sales.ws_sales_price <= 150.00)) OR ((cd1.cd_marital_status = 'U'::bpchar) AND (cd1.cd_education_status = '2 yr Degree'::bpchar) AND (web_sales.ws_sales_price >= 50.00) AND (web_sales.ws_sales_price <= 100.00)) OR ((cd1.cd_marital_status = 'D'::bpchar) AND (cd1.cd_education_status = 'College'::bpchar) AND (web_sales.ws_sales_price >= 150.00) AND (web_sales.ws_sales_price <= 200.00)))", "Rows Removed by Join Filter": 330, "Workers": [], "Plans": [{"Node Type": "Nested Loop", "Parent Relationship": "Outer", "Parallel Aware": false, "Async Capable": false, "Join Type": "Inner", "Startup Cost": 37989.19, "Total Cost": 65993.08, "Plan Rows": 550, "Plan Width": 39, "Actual Rows": 14270, "Actual Loops": 4, "Inner Unique": true, "Join Filter": "((cd1.cd_marital_status = cd2.cd_marital_status) AND (cd1.cd_education_status = cd2.cd_education_status))", "Rows Removed by Join Filter": 0, "Workers": [], "Plans": [{"Node Type": "Hash Join", "Parent Relationship": "Outer", "Parallel Aware": true, "Async Capable": false, "Join Type": "Inner", "Startup Cost": 37988.76, "Total Cost": 54237.83, "Plan Rows": 19244, "Plan Width": 43, "Actual Rows": 14606, "Actual Loops": 4, "Inner Unique": true, "Hash Cond": "(web_returns.wr_refunded_cdemo_sk = cd1.cd_demo_sk)", "Workers": [], "Plans": [{"Node Type": "Seq Scan", "Parent Relationship": "Outer", "Parallel Aware": true, "Async Capable": false, "Relation Name": "web_returns", "Alias": "web_returns", "Startup Cost": 0.0, "Total Cost": 15640.05, "Plan Rows": 232005, "Plan Width": 24, "Actual Rows": 179804, "Actual Loops": 4, "Workers": []}, {"Node Type": "Hash", "Parent Relationship": "Inner", "Parallel Aware": true, "Async Capable": false, "Startup Cost": 37346.32, "Total Cost": 37346.32, "Plan Rows": 51395, "Plan Width": 27, "Actual Rows": 41160, "Actual Loops": 4, "Hash Buckets": 262144, "Original Hash Buckets": 262144, "Hash Batches": 1, "Original Hash Batches": 1, "Peak Memory Usage": 12416, "Workers": [], "Plans": [{"Node Type": "Seq Scan", "Parent Relationship": "Outer", "Parallel Aware": true, "Async Capable": false, "Relation Name": "customer_demographics", "Alias": "cd1", "Startup Cost": 0.0, "Total Cost": 37346.32, "Plan Rows": 51395, "Plan Width": 27, "Actual Rows": 41160, "Actual Loops": 4, "Filter": "(((cd_marital_status = 'W'::bpchar) AND (cd_education_status = 'Advanced Degree'::bpchar)) OR ((cd_marital_status = 'U'::bpchar) AND (cd_education_status = '2 yr Degree'::bpchar)) OR ((cd_marital_status = 'D'::bpchar) AND (cd_education_status = 'College'::bpchar)))", "Rows Removed by Filter": 439040, "Workers": []}]}]}, {"Node Type": "Index Scan", "Parent Relationship": "Inner", "Parallel Aware": false, "Async Capable": false, "Scan Direction": "Forward", "Index Name": "customer_demographics_pkey", "Relation Name": "customer_demographics", "Alias": "cd2", "Startup Cost": 0.43, "Total Cost": 0.6, "Plan Rows": 1, "Plan Width": 27, "Actual Rows": 1, "Actual Loops": 58425, "Index Cond": "(cd_demo_sk = web_returns.wr_returning_cdemo_sk)", "Rows Removed by Index Recheck": 0, "Workers": []}]}, {"Node Type": "Index Scan", "Parent Relationship": "Inner", "Parallel Aware": false, "Async Capable": false, "Scan Direction": "Forward", "Index Name": "web_sales_pkey", "Relation Name": "web_sales", "Alias": "web_sales", "Startup Cost": 0.43, "Total Cost": 1.68, "Plan Rows": 1, "Plan Width": 28, "Actual Rows": 0, "Actual Loops": 57081, "Index Cond": "((ws_item_sk = web_returns.wr_item_sk) AND (ws_order_number = web_returns.wr_order_number))", "Rows Removed by Index Recheck": 0, "Filter": "((((ws_sales_price >= 100.00) AND (ws_sales_price <= 150.00)) OR ((ws_sales_price >= 50.00) AND (ws_sales_price <= 100.00)) OR ((ws_sales_price >= 150.00) AND (ws_sales_price <= 200.00))) AND (((ws_net_profit >= '100'::numeric) AND (ws_net_profit <= '200'::numeric)) OR ((ws_net_profit >= '150'::numeric) AND (ws_net_profit <= '300'::numeric)) OR ((ws_net_profit >= '50'::numeric) AND (ws_net_profit <= '250'::numeric))))", "Rows Removed by Filter": 1, "Workers": []}]}]}, {"Node Type": "Index Only Scan", "Parent Relationship": "Inner", "Parallel Aware": false, "Async Capable": false, "Scan Direction": "Forward", "Index Name": "web_page_pkey", "Relation Name": "web_page", "Alias": "web_page", "Startup Cost": 0.14, "Total Cost": 0.16, "Plan Rows": 1, "Plan Width": 4, "Actual Rows": 1, "Actual Loops": 684, "Index Cond": "(wp_web_page_sk = web_sales.ws_web_page_sk)", "Rows Removed by Index Recheck": 0, "Heap Fetches": 684}]}, {"Node Type": "Index Scan", "Parent Relationship": "Inner", "Parallel Aware": false, "Async Capable": false, "Scan Direction": "Forward", "Index Name": "date_dim_pkey", "Relation Name": "date_dim", "Alias": "date_dim", "Startup Cost": 0.29, "Total Cost": 0.33, "Plan Rows": 1, "Plan Width": 4, "Actual Rows": 0, "Actual Loops": 684, "Index Cond": "(d_date_sk = web_sales.ws_sold_date_sk)", "Rows Removed by Index Recheck": 0, "Filter": "(d_year = 2001)", "Rows Removed by Filter": 1}]}, {"Node Type": "Index Only Scan", "Parent Relationship": "Inner", "Parallel Aware": false, "Async Capable": false, "Scan Direction": "Forward", "Index Name": "reason_pkey", "Relation Name": "reason", "Alias": "reason", "Startup Cost": 0.14, "Total Cost": 0.16, "Plan Rows": 1, "Plan Width": 4, "Actual Rows": 1, "Actual Loops": 139, "Index Cond": "(r_reason_sk = web_returns.wr_reason_sk)", "Rows Removed by Index Recheck": 0, "Heap Fetches": 139}]}, {"Node Type": "Index Scan", "Parent Relationship": "Inner", "Parallel Aware": false, "Async Capable": false, "Scan Direction": "Forward", "Index Name": "customer_address_pkey", "Relation Name": "customer_address", "Alias": "customer_address", "Startup Cost": 0.42, "Total Cost": 0.49, "Plan Rows": 1, "Plan Width": 7, "Actual Rows": 0, "Actual Loops": 139, "Index Cond": "(ca_address_sk = web_returns.wr_refunded_addr_sk)", "Rows Removed by Index Recheck": 0, "Filter": "(((ca_country)::text = 'United States'::text) AND ((ca_state = ANY ('{NE,OK,GA}'::bpchar[])) OR (ca_state = ANY ('{NM,NY,VA}'::bpchar[])) OR (ca_state = ANY ('{AL,MD,CO}'::bpchar[]))))", "Rows Removed by Filter": 1}]}]}, "Planning Time": 9.626, "Triggers": [], "Execution Time": 1106.254}, {"Plan": {"Node Type": "Aggregate", "Strategy": "Plain", "Partial Mode": "Simple", "Parallel Aware": false, "Async Capable": false, "Startup Cost": 56469.28, "Total Cost": 56469.29, "Plan Rows": 1, "Plan Width": 8, "Actual Rows": 1, "Actual Loops": 1, "Plans": [{"Node Type": "Nested Loop", "Parent Relationship": "Outer", "Parallel Aware": false, "Async Capable": false, "Join Type": "Inner", "Startup Cost": 9225.16, "Total Cost": 56469.28, "Plan Rows": 1, "Plan Width": 0, "Actual Rows": 16, "Actual Loops": 1, "Inner Unique": true, "Plans": [{"Node Type": "Nested Loop", "Parent Relationship": "Outer", "Parallel Aware": false, "Async Capable": false, "Join Type": "Inner", "Startup Cost": 9225.02, "Total Cost": 56469.12, "Plan Rows": 1, "Plan Width": 4, "Actual Rows": 16, "Actual Loops": 1, "Inner Unique": true, "Plans": [{"Node Type": "Nested Loop", "Parent Relationship": "Outer", "Parallel Aware": false, "Async Capable": false, "Join Type": "Inner", "Startup Cost": 9224.88, "Total Cost": 56468.96, "Plan Rows": 1, "Plan Width": 8, "Actual Rows": 16, "Actual Loops": 1, "Inner Unique": true, "Plans": [{"Node Type": "Gather", "Parent Relationship": "Outer", "Parallel Aware": false, "Async Capable": false, "Startup Cost": 9224.58, "Total Cost": 56468.63, "Plan Rows": 1, "Plan Width": 12, "Actual Rows": 74, "Actual Loops": 1, "Workers Planned": 3, "Workers Launched": 3, "Single Copy": false, "Plans": [{"Node Type": "Nested Loop", "Parent Relationship": "Outer", "Parallel Aware": false, "Async Capable": false, "Join Type": "Inner", "Startup Cost": 8224.58, "Total Cost": 55468.53, "Plan Rows": 1, "Plan Width": 12, "Actual Rows": 18, "Actual Loops": 4, "Inner Unique": true, "Join Filter": "((((customer_address.ca_state = ANY ('{NE,OK,GA}'::bpchar[])) AND (web_sales.ws_net_profit >= '100'::numeric) AND (web_sales.ws_net_profit <= '200'::numeric)) OR ((customer_address.ca_state = ANY ('{NM,NY,VA}'::bpchar[])) AND (web_sales.ws_net_profit >= '150'::numeric) AND (web_sales.ws_net_profit <= '300'::numeric)) OR ((customer_address.ca_state = ANY ('{AL,MD,CO}'::bpchar[])) AND (web_sales.ws_net_profit >= '50'::numeric) AND (web_sales.ws_net_profit <= '250'::numeric))) AND (((cd1.cd_marital_status = 'W'::bpchar) AND (cd1.cd_education_status = 'Advanced Degree'::bpchar) AND (web_sales.ws_sales_price >= 100.00) AND (web_sales.ws_sales_price <= 150.00)) OR ((cd1.cd_marital_status = 'U'::bpchar) AND (cd1.cd_education_status = '2 yr Degree'::bpchar) AND (web_sales.ws_sales_price >= 50.00) AND (web_sales.ws_sales_price <= 100.00)) OR ((cd1.cd_marital_status = 'D'::bpchar) AND (cd1.cd_education_status = 'College'::bpchar) AND (web_sales.ws_sales_price >= 150.00) AND (web_sales.ws_sales_price <= 200.00))))", "Rows Removed by Join Filter": 82, "Workers": [], "Plans": [{"Node Type": "Nested Loop", "Parent Relationship": "Outer", "Parallel Aware": false, "Async Capable": false, "Join Type": "Inner", "Startup Cost": 8224.15, "Total Cost": 55276.47, "Plan Rows": 110, "Plan Width": 38, "Actual Rows": 3088, "Actual Loops": 4, "Inner Unique": true, "Join Filter": "((cd1.cd_marital_status = cd2.cd_marital_status) AND (cd1.cd_education_status = cd2.cd_education_status))", "Rows Removed by Join Filter": 0, "Workers": [], "Plans": [{"Node Type": "Nested Loop", "Parent Relationship": "Outer", "Parallel Aware": false, "Async Capable": false, "Join Type": "Inner", "Startup Cost": 8223.72, "Total Cost": 52916.74, "Plan Rows": 3863, "Plan Width": 42, "Actual Rows": 3124, "Actual Loops": 4, "Inner Unique": true, "Workers": [], "Plans": [{"Node Type": "Hash Join", "Parent Relationship": "Outer", "Parallel Aware": true, "Async Capable": false, "Join Type": "Inner", "Startup Cost": 8223.3, "Total Cost": 24472.37, "Plan Rows": 46565, "Plan Width": 23, "Actual Rows": 37456, "Actual Loops": 4, "Inner Unique": true, "Hash Cond": "(web_returns.wr_refunded_addr_sk = customer_address.ca_address_sk)", "Workers": [], "Plans": [{"Node Type": "Seq Scan", "Parent Relationship": "Outer", "Parallel Aware": true, "Async Capable": false, "Relation Name": "web_returns", "Alias": "web_returns", "Startup Cost": 0.0, "Total Cost": 15640.05, "Plan Rows": 232005, "Plan Width": 24, "Actual Rows": 179804, "Actual Loops": 4, "Workers": []}, {"Node Type": "Hash", "Parent Relationship": "Inner", "Parallel Aware": true, "Async Capable": false, "Startup Cost": 7961.96, "Total Cost": 7961.96, "Plan Rows": 20907, "Plan Width": 7, "Actual Rows": 13614, "Actual Loops": 4, "Hash Buckets": 65536, "Original Hash Buckets": 65536, "Hash Batches": 1, "Original Hash Batches": 1, "Peak Memory Usage": 2688, "Workers": [], "Plans": [{"Node Type": "Seq Scan", "Parent Relationship": "Outer", "Parallel Aware": true, "Async Capable": false, "Relation Name": "customer_address", "Alias": "customer_address", "Startup Cost": 0.0, "Total Cost": 7961.96, "Plan Rows": 20907, "Plan Width": 7, "Actual Rows": 13614, "Actual Loops": 4, "Filter": "(((ca_country)::text = 'United States'::text) AND ((ca_state = ANY ('{NE,OK,GA}'::bpchar[])) OR (ca_state = ANY ('{NM,NY,VA}'::bpchar[])) OR (ca_state = ANY ('{AL,MD,CO}'::bpchar[]))))", "Rows Removed by Filter": 48886, "Workers": []}]}]}, {"Node Type": "Index Scan", "Parent Relationship": "Inner", "Parallel Aware": false, "Async Capable": false, "Scan Direction": "Forward", "Index Name": "customer_demographics_pkey", "Relation Name": "customer_demographics", "Alias": "cd1", "Startup Cost": 0.43, "Total Cost": 0.61, "Plan Rows": 1, "Plan Width": 27, "Actual Rows": 0, "Actual Loops": 149825, "Index Cond": "(cd_demo_sk = web_returns.wr_refunded_cdemo_sk)", "Rows Removed by Index Recheck": 0, "Filter": "(((cd_marital_status = 'W'::bpchar) AND (cd_education_status = 'Advanced Degree'::bpchar)) OR ((cd_marital_status = 'U'::bpchar) AND (cd_education_status = '2 yr Degree'::bpchar)) OR ((cd_marital_status = 'D'::bpchar) AND (cd_education_status = 'College'::bpchar)))", "Rows Removed by Filter": 1, "Workers": []}]}, {"Node Type": "Index Scan", "Parent Relationship": "Inner", "Parallel Aware": false, "Async Capable": false, "Scan Direction": "Forward", "Index Name": "customer_demographics_pkey", "Relation Name": "customer_demographics", "Alias": "cd2", "Startup Cost": 0.43, "Total Cost": 0.6, "Plan Rows": 1, "Plan Width": 27, "Actual Rows": 1, "Actual Loops": 12494, "Index Cond": "(cd_demo_sk = web_returns.wr_returning_cdemo_sk)", "Rows Removed by Index Recheck": 0, "Workers": []}]}, {"Node Type": "Index Scan", "Parent Relationship": "Inner", "Parallel Aware": false, "Async Capable": false, "Scan Direction": "Forward", "Index Name": "web_sales_pkey", "Relation Name": "web_sales", "Alias": "web_sales", "Startup Cost": 0.43, "Total Cost": 1.68, "Plan Rows": 1, "Plan Width": 28, "Actual Rows": 0, "Actual Loops": 12351, "Index Cond": "((ws_item_sk = web_returns.wr_item_sk) AND (ws_order_number = web_returns.wr_order_number))", "Rows Removed by Index Recheck": 0, "Filter": "((((ws_sales_price >= 100.00) AND (ws_sales_price <= 150.00)) OR ((ws_sales_price >= 50.00) AND (ws_sales_price <= 100.00)) OR ((ws_sales_price >= 150.00) AND (ws_sales_price <= 200.00))) AND (((ws_net_profit >= '100'::numeric) AND (ws_net_profit <= '200'::numeric)) OR ((ws_net_profit >= '150'::numeric) AND (ws_net_profit <= '300'::numeric)) OR ((ws_net_profit >= '50'::numeric) AND (ws_net_profit <= '250'::numeric))))", "Rows Removed by Filter": 1, "Workers": []}]}]}, {"Node Type": "Index Scan", "Parent Relationship": "Inner", "Parallel Aware": false, "Async Capable": false, "Scan Direction": "Forward", "Index Name": "date_dim_pkey", "Relation Name": "date_dim", "Alias": "date_dim", "Startup Cost": 0.29, "Total Cost": 0.33, "Plan Rows": 1, "Plan Width": 4, "Actual Rows": 0, "Actual Loops": 74, "Index Cond": "(d_date_sk = web_sales.ws_sold_date_sk)", "Rows Removed by Index Recheck": 0, "Filter": "(d_year = 2001)", "Rows Removed by Filter": 1}]}, {"Node Type": "Index Only Scan", "Parent Relationship": "Inner", "Parallel Aware": false, "Async Capable": false, "Scan Direction": "Forward", "Index Name": "reason_pkey", "Relation Name": "reason", "Alias": "reason", "Startup Cost": 0.14, "Total Cost": 0.16, "Plan Rows": 1, "Plan Width": 4, "Actual Rows": 1, "Actual Loops": 16, "Index Cond": "(r_reason_sk = web_returns.wr_reason_sk)", "Rows Removed by Index Recheck": 0, "Heap Fetches": 16}]}, {"Node Type": "Index Only Scan", "Parent Relationship": "Inner", "Parallel Aware": false, "Async Capable": false, "Scan Direction": "Forward", "Index Name": "web_page_pkey", "Relation Name": "web_page", "Alias": "web_page", "Startup Cost": 0.14, "Total Cost": 0.16, "Plan Rows": 1, "Plan Width": 4, "Actual Rows": 1, "Actual Loops": 16, "Index Cond": "(wp_web_page_sk = web_sales.ws_web_page_sk)", "Rows Removed by Index Recheck": 0, "Heap Fetches": 16}]}]}, "Planning Time": 9.536, "Triggers": [], "Execution Time": 919.852}, {"Plan": {"Node Type": "Aggregate", "Strategy": "Plain", "Partial Mode": "Simple", "Parallel Aware": false, "Async Capable": false, "Startup Cost": 32555746578.3, "Total Cost": 32555746578.31, "Plan Rows": 1, "Plan Width": 8, "Plans": [{"Node Type": "Nested Loop", "Parent Relationship": "Outer", "Parallel Aware": false, "Async Capable": false, "Join Type": "Inner", "Startup Cost": 30000002975.17, "Total Cost": 32555746578.3, "Plan Rows": 1, "Plan Width": 0, "Inner Unique": false, "Join Filter": "((web_sales.ws_item_sk = web_returns.wr_item_sk) AND (web_sales.ws_order_number = web_returns.wr_order_number) AND (customer_address.ca_address_sk = web_returns.wr_refunded_addr_sk) AND (((cd1.cd_marital_status = 'W'::bpchar) AND (cd1.cd_education_status = 'Advanced Degree'::bpchar) AND (web_sales.ws_sales_price >= 100.00) AND (web_sales.ws_sales_price <= 150.00)) OR ((cd1.cd_marital_status = 'U'::bpchar) AND (cd1.cd_education_status = '2 yr Degree'::bpchar) AND (web_sales.ws_sales_price >= 50.00) AND (web_sales.ws_sales_price <= 100.00)) OR ((cd1.cd_marital_status = 'D'::bpchar) AND (cd1.cd_education_status = 'College'::bpchar) AND (web_sales.ws_sales_price >= 150.00) AND (web_sales.ws_sales_price <= 200.00))))", "Plans": [{"Node Type": "Nested Loop", "Parent Relationship": "Outer", "Parallel Aware": false, "Async Capable": false, "Join Type": "Inner", "Startup Cost": 2973.73, "Total Cost": 3662933.4, "Plan Rows": 29931055, "Plan Width": 18, "Inner Unique": false, "Join Filter": "(((customer_address.ca_state = ANY ('{NE,OK,GA}'::bpchar[])) AND (web_sales.ws_net_profit >= '100'::numeric) AND (web_sales.ws_net_profit <= '200'::numeric)) OR ((customer_address.ca_state = ANY ('{NM,NY,VA}'::bpchar[])) AND (web_sales.ws_net_profit >= '150'::numeric) AND (web_sales.ws_net_profit <= '300'::numeric)) OR ((customer_address.ca_state = ANY ('{AL,MD,CO}'::bpchar[])) AND (web_sales.ws_net_profit >= '50'::numeric) AND (web_sales.ws_net_profit <= '250'::numeric)))", "Plans": [{"Node Type": "Index Scan", "Parent Relationship": "Outer", "Parallel Aware": false, "Async Capable": false, "Scan Direction": "Forward", "Index Name": "customer_address_pkey", "Relation Name": "customer_address", "Alias": "customer_address", "Startup Cost": 0.42, "Total Cost": 15427.62, "Plan Rows": 50177, "Plan Width": 7, "Filter": "(((ca_country)::text = 'United States'::text) AND ((ca_state = ANY ('{NE,OK,GA}'::bpchar[])) OR (ca_state = ANY ('{NM,NY,VA}'::bpchar[])) OR (ca_state = ANY ('{AL,MD,CO}'::bpchar[]))))"}, {"Node Type": "Materialize", "Parent Relationship": "Inner", "Parallel Aware": false, "Async Capable": false, "Startup Cost": 2973.31, "Total Cost": 248771.06, "Plan Rows": 1748, "Plan Width": 20, "Plans": [{"Node Type": "Gather", "Parent Relationship": "Outer", "Parallel Aware": false, "Async Capable": false, "Startup Cost": 2973.31, "Total Cost": 248762.32, "Plan Rows": 1748, "Plan Width": 20, "Workers Planned": 5, "Single Copy": false, "Plans": [{"Node Type": "Hash Join", "Parent Relationship": "Outer", "Parallel Aware": false, "Async Capable": false, "Join Type": "Inner", "Startup Cost": 1973.31, "Total Cost": 247587.52, "Plan Rows": 350, "Plan Width": 20, "Inner Unique": true, "Hash Cond": "(web_sales.ws_web_page_sk = web_page.wp_web_page_sk)", "Plans": [{"Node Type": "Hash Join", "Parent Relationship": "Outer", "Parallel Aware": true, "Async Capable": false, "Join Type": "Inner", "Startup Cost": 1963.81, "Total Cost": 247577.08, "Plan Rows": 350, "Plan Width": 24, "Inner Unique": true, "Hash Cond": "(web_sales.ws_sold_date_sk = date_dim.d_date_sk)", "Plans": [{"Node Type": "Seq Scan", "Parent Relationship": "Outer", "Parallel Aware": true, "Async Capable": false, "Relation Name": "web_sales", "Alias": "web_sales", "Startup Cost": 0.0, "Total Cost": 245429.58, "Plan Rows": 69972, "Plan Width": 28, "Filter": "((((ws_sales_price >= 100.00) AND (ws_sales_price <= 150.00)) OR ((ws_sales_price >= 50.00) AND (ws_sales_price <= 100.00)) OR ((ws_sales_price >= 150.00) AND (ws_sales_price <= 200.00))) AND (((ws_net_profit >= '100'::numeric) AND (ws_net_profit <= '200'::numeric)) OR ((ws_net_profit >= '150'::numeric) AND (ws_net_profit <= '300'::numeric)) OR ((ws_net_profit >= '50'::numeric) AND (ws_net_profit <= '250'::numeric))))"}, {"Node Type": "Hash", "Parent Relationship": "Inner", "Parallel Aware": true, "Async Capable": false, "Startup Cost": 1961.12, "Total Cost": 1961.12, "Plan Rows": 215, "Plan Width": 4, "Plans": [{"Node Type": "Seq Scan", "Parent Relationship": "Outer", "Parallel Aware": true, "Async Capable": false, "Relation Name": "date_dim", "Alias": "date_dim", "Startup Cost": 0.0, "Total Cost": 1961.12, "Plan Rows": 215, "Plan Width": 4, "Filter": "(d_year = 2001)"}]}]}, {"Node Type": "Hash", "Parent Relationship": "Inner", "Parallel Aware": false, "Async Capable": false, "Startup Cost": 7.0, "Total Cost": 7.0, "Plan Rows": 200, "Plan Width": 4, "Plans": [{"Node Type": "Seq Scan", "Parent Relationship": "Outer", "Parallel Aware": false, "Async Capable": false, "Relation Name": "web_page", "Alias": "web_page", "Startup Cost": 0.0, "Total Cost": 7.0, "Plan Rows": 200, "Plan Width": 4}]}]}]}]}]}, {"Node Type": "Materialize", "Parent Relationship": "Inner", "Parallel Aware": false, "Async Capable": false, "Startup Cost": 20000000001.44, "Total Cost": 20000461210.41, "Plan Rows": 1705, "Plan Width": 35, "Plans": [{"Node Type": "Nested Loop", "Parent Relationship": "Outer", "Parallel Aware": false, "Async Capable": false, "Join Type": "Inner", "Startup Cost": 20000000001.44, "Total Cost": 20000461201.89, "Plan Rows": 1705, "Plan Width": 35, "Inner Unique": true, "Join Filter": "((cd1.cd_marital_status = cd2.cd_marital_status) AND (cd1.cd_education_status = cd2.cd_education_status))", "Plans": [{"Node Type": "Nested Loop", "Parent Relationship": "Outer", "Parallel Aware": false, "Async Capable": false, "Join Type": "Inner", "Startup Cost": 10000000001.01, "Total Cost": 10000424760.23, "Plan Rows": 59657, "Plan Width": 39, "Inner Unique": true, "Plans": [{"Node Type": "Nested Loop", "Parent Relationship": "Outer", "Parallel Aware": false, "Async Capable": false, "Join Type": "Inner", "Startup Cost": 0.57, "Total Cost": 91509.27, "Plan Rows": 719217, "Plan Width": 20, "Inner Unique": true, "Plans": [{"Node Type": "Index Scan", "Parent Relationship": "Outer", "Parallel Aware": false, "Async Capable": false, "Scan Direction": "Forward", "Index Name": "web_returns_pkey", "Relation Name": "web_returns", "Alias": "web_returns", "Startup Cost": 0.42, "Total Cost": 73740.67, "Plan Rows": 719217, "Plan Width": 24}, {"Node Type": "Memoize", "Parent Relationship": "Inner", "Parallel Aware": false, "Async Capable": false, "Startup Cost": 0.15, "Total Cost": 0.17, "Plan Rows": 1, "Plan Width": 4, "Cache Key": "web_returns.wr_reason_sk", "Cache Mode": "logical", "Plans": [{"Node Type": "Index Only Scan", "Parent Relationship": "Outer", "Parallel Aware": false, "Async Capable": false, "Scan Direction": "Forward", "Index Name": "reason_pkey", "Relation Name": "reason", "Alias": "reason", "Startup Cost": 0.14, "Total Cost": 0.16, "Plan Rows": 1, "Plan Width": 4, "Index Cond": "(r_reason_sk = web_returns.wr_reason_sk)"}]}]}, {"Node Type": "Memoize", "Parent Relationship": "Inner", "Parallel Aware": false, "Async Capable": false, "Startup Cost": 0.44, "Total Cost": 0.62, "Plan Rows": 1, "Plan Width": 27, "Cache Key": "web_returns.wr_refunded_cdemo_sk", "Cache Mode": "logical", "Plans": [{"Node Type": "Index Scan", "Parent Relationship": "Outer", "Parallel Aware": false, "Async Capable": false, "Scan Direction": "Forward", "Index Name": "customer_demographics_pkey", "Relation Name": "customer_demographics", "Alias": "cd1", "Startup Cost": 0.43, "Total Cost": 0.61, "Plan Rows": 1, "Plan Width": 27, "Index Cond": "(cd_demo_sk = web_returns.wr_refunded_cdemo_sk)", "Filter": "(((cd_marital_status = 'W'::bpchar) AND (cd_education_status = 'Advanced Degree'::bpchar)) OR ((cd_marital_status = 'U'::bpchar) AND (cd_education_status = '2 yr Degree'::bpchar)) OR ((cd_marital_status = 'D'::bpchar) AND (cd_education_status = 'College'::bpchar)))"}]}]}, {"Node Type": "Index Scan", "Parent Relationship": "Inner", "Parallel Aware": false, "Async Capable": false, "Scan Direction": "Forward", "Index Name": "customer_demographics_pkey", "Relation Name": "customer_demographics", "Alias": "cd2", "Startup Cost": 0.43, "Total Cost": 0.6, "Plan Rows": 1, "Plan Width": 27, "Index Cond": "(cd_demo_sk = web_returns.wr_returning_cdemo_sk)"}]}]}]}]}}, {"Plan": {"Node Type": "Aggregate", "Strategy": "Plain", "Partial Mode": "Simple", "Parallel Aware": false, "Async Capable": false, "Startup Cost": 4608507.93, "Total Cost": 4608507.94, "Plan Rows": 1, "Plan Width": 8, "Plans": [{"Node Type": "Hash Join", "Parent Relationship": "Outer", "Parallel Aware": false, "Async Capable": false, "Join Type": "Inner", "Startup Cost": 4401096.06, "Total Cost": 4608507.93, "Plan Rows": 1, "Plan Width": 0, "Inner Unique": false, "Hash Cond": "((web_returns.wr_item_sk = web_sales.ws_item_sk) AND (web_returns.wr_order_number = web_sales.ws_order_number) AND (web_returns.wr_refunded_addr_sk = customer_address.ca_address_sk))", "Join Filter": "(((cd1.cd_marital_status = 'W'::bpchar) AND (cd1.cd_education_status = 'Advanced Degree'::bpchar) AND (web_sales.ws_sales_price >= 100.00) AND (web_sales.ws_sales_price <= 150.00)) OR ((cd1.cd_marital_status = 'U'::bpchar) AND (cd1.cd_education_status = '2 yr Degree'::bpchar) AND (web_sales.ws_sales_price >= 50.00) AND (web_sales.ws_sales_price <= 100.00)) OR ((cd1.cd_marital_status = 'D'::bpchar) AND (cd1.cd_education_status = 'College'::bpchar) AND (web_sales.ws_sales_price >= 150.00) AND (web_sales.ws_sales_price <= 200.00)))", "Plans": [{"Node Type": "Gather", "Parent Relationship": "Outer", "Parallel Aware": false, "Async Capable": false, "Startup Cost": 38991.2, "Total Cost": 67167.17, "Plan Rows": 1705, "Plan Width": 35, "Workers Planned": 3, "Single Copy": false, "Plans": [{"Node Type": "Hash Join", "Parent Relationship": "Outer", "Parallel Aware": false, "Async Capable": false, "Join Type": "Inner", "Startup Cost": 37991.2, "Total Cost": 65996.67, "Plan Rows": 550, "Plan Width": 35, "Inner Unique": true, "Hash Cond": "(web_returns.wr_reason_sk = reason.r_reason_sk)", "Plans": [{"Node Type": "Nested Loop", "Parent Relationship": "Outer", "Parallel Aware": false, "Async Capable": false, "Join Type": "Inner", "Startup Cost": 37989.19, "Total Cost": 65993.08, "Plan Rows": 550, "Plan Width": 39, "Inner Unique": true, "Join Filter": "((cd1.cd_marital_status = cd2.cd_marital_status) AND (cd1.cd_education_status = cd2.cd_education_status))", "Plans": [{"Node Type": "Hash Join", "Parent Relationship": "Outer", "Parallel Aware": true, "Async Capable": false, "Join Type": "Inner", "Startup Cost": 37988.76, "Total Cost": 54237.83, "Plan Rows": 19244, "Plan Width": 43, "Inner Unique": true, "Hash Cond": "(web_returns.wr_refunded_cdemo_sk = cd1.cd_demo_sk)", "Plans": [{"Node Type": "Seq Scan", "Parent Relationship": "Outer", "Parallel Aware": true, "Async Capable": false, "Relation Name": "web_returns", "Alias": "web_returns", "Startup Cost": 0.0, "Total Cost": 15640.05, "Plan Rows": 232005, "Plan Width": 24}, {"Node Type": "Hash", "Parent Relationship": "Inner", "Parallel Aware": true, "Async Capable": false, "Startup Cost": 37346.32, "Total Cost": 37346.32, "Plan Rows": 51395, "Plan Width": 27, "Plans": [{"Node Type": "Seq Scan", "Parent Relationship": "Outer", "Parallel Aware": true, "Async Capable": false, "Relation Name": "customer_demographics", "Alias": "cd1", "Startup Cost": 0.0, "Total Cost": 37346.32, "Plan Rows": 51395, "Plan Width": 27, "Filter": "(((cd_marital_status = 'W'::bpchar) AND (cd_education_status = 'Advanced Degree'::bpchar)) OR ((cd_marital_status = 'U'::bpchar) AND (cd_education_status = '2 yr Degree'::bpchar)) OR ((cd_marital_status = 'D'::bpchar) AND (cd_education_status = 'College'::bpchar)))"}]}]}, {"Node Type": "Index Scan", "Parent Relationship": "Inner", "Parallel Aware": false, "Async Capable": false, "Scan Direction": "Forward", "Index Name": "customer_demographics_pkey", "Relation Name": "customer_demographics", "Alias": "cd2", "Startup Cost": 0.43, "Total Cost": 0.6, "Plan Rows": 1, "Plan Width": 27, "Index Cond": "(cd_demo_sk = web_returns.wr_returning_cdemo_sk)"}]}, {"Node Type": "Hash", "Parent Relationship": "Inner", "Parallel Aware": false, "Async Capable": false, "Startup Cost": 1.45, "Total Cost": 1.45, "Plan Rows": 45, "Plan Width": 4, "Plans": [{"Node Type": "Seq Scan", "Parent Relationship": "Outer", "Parallel Aware": false, "Async Capable": false, "Relation Name": "reason", "Alias": "reason", "Startup Cost": 0.0, "Total Cost": 1.45, "Plan Rows": 45, "Plan Width": 4}]}]}]}, {"Node Type": "Hash", "Parent Relationship": "Inner", "Parallel Aware": false, "Async Capable": false, "Startup Cost": 3662933.4, "Total Cost": 3662933.4, "Plan Rows": 29931055, "Plan Width": 18, "Plans": [{"Node Type": "Nested Loop", "Parent Relationship": "Outer", "Parallel Aware": false, "Async Capable": false, "Join Type": "Inner", "Startup Cost": 2973.73, "Total Cost": 3662933.4, "Plan Rows": 29931055, "Plan Width": 18, "Inner Unique": false, "Join Filter": "(((customer_address.ca_state = ANY ('{NE,OK,GA}'::bpchar[])) AND (web_sales.ws_net_profit >= '100'::numeric) AND (web_sales.ws_net_profit <= '200'::numeric)) OR ((customer_address.ca_state = ANY ('{NM,NY,VA}'::bpchar[])) AND (web_sales.ws_net_profit >= '150'::numeric) AND (web_sales.ws_net_profit <= '300'::numeric)) OR ((customer_address.ca_state = ANY ('{AL,MD,CO}'::bpchar[])) AND (web_sales.ws_net_profit >= '50'::numeric) AND (web_sales.ws_net_profit <= '250'::numeric)))", "Plans": [{"Node Type": "Index Scan", "Parent Relationship": "Outer", "Parallel Aware": false, "Async Capable": false, "Scan Direction": "Forward", "Index Name": "customer_address_pkey", "Relation Name": "customer_address", "Alias": "customer_address", "Startup Cost": 0.42, "Total Cost": 15427.62, "Plan Rows": 50177, "Plan Width": 7, "Filter": "(((ca_country)::text = 'United States'::text) AND ((ca_state = ANY ('{NE,OK,GA}'::bpchar[])) OR (ca_state = ANY ('{NM,NY,VA}'::bpchar[])) OR (ca_state = ANY ('{AL,MD,CO}'::bpchar[]))))"}, {"Node Type": "Materialize", "Parent Relationship": "Inner", "Parallel Aware": false, "Async Capable": false, "Startup Cost": 2973.31, "Total Cost": 248771.06, "Plan Rows": 1748, "Plan Width": 20, "Plans": [{"Node Type": "Gather", "Parent Relationship": "Outer", "Parallel Aware": false, "Async Capable": false, "Startup Cost": 2973.31, "Total Cost": 248762.32, "Plan Rows": 1748, "Plan Width": 20, "Workers Planned": 5, "Single Copy": false, "Plans": [{"Node Type": "Hash Join", "Parent Relationship": "Outer", "Parallel Aware": false, "Async Capable": false, "Join Type": "Inner", "Startup Cost": 1973.31, "Total Cost": 247587.52, "Plan Rows": 350, "Plan Width": 20, "Inner Unique": true, "Hash Cond": "(web_sales.ws_web_page_sk = web_page.wp_web_page_sk)", "Plans": [{"Node Type": "Hash Join", "Parent Relationship": "Outer", "Parallel Aware": true, "Async Capable": false, "Join Type": "Inner", "Startup Cost": 1963.81, "Total Cost": 247577.08, "Plan Rows": 350, "Plan Width": 24, "Inner Unique": true, "Hash Cond": "(web_sales.ws_sold_date_sk = date_dim.d_date_sk)", "Plans": [{"Node Type": "Seq Scan", "Parent Relationship": "Outer", "Parallel Aware": true, "Async Capable": false, "Relation Name": "web_sales", "Alias": "web_sales", "Startup Cost": 0.0, "Total Cost": 245429.58, "Plan Rows": 69972, "Plan Width": 28, "Filter": "((((ws_sales_price >= 100.00) AND (ws_sales_price <= 150.00)) OR ((ws_sales_price >= 50.00) AND (ws_sales_price <= 100.00)) OR ((ws_sales_price >= 150.00) AND (ws_sales_price <= 200.00))) AND (((ws_net_profit >= '100'::numeric) AND (ws_net_profit <= '200'::numeric)) OR ((ws_net_profit >= '150'::numeric) AND (ws_net_profit <= '300'::numeric)) OR ((ws_net_profit >= '50'::numeric) AND (ws_net_profit <= '250'::numeric))))"}, {"Node Type": "Hash", "Parent Relationship": "Inner", "Parallel Aware": true, "Async Capable": false, "Startup Cost": 1961.12, "Total Cost": 1961.12, "Plan Rows": 215, "Plan Width": 4, "Plans": [{"Node Type": "Seq Scan", "Parent Relationship": "Outer", "Parallel Aware": true, "Async Capable": false, "Relation Name": "date_dim", "Alias": "date_dim", "Startup Cost": 0.0, "Total Cost": 1961.12, "Plan Rows": 215, "Plan Width": 4, "Filter": "(d_year = 2001)"}]}]}, {"Node Type": "Hash", "Parent Relationship": "Inner", "Parallel Aware": false, "Async Capable": false, "Startup Cost": 7.0, "Total Cost": 7.0, "Plan Rows": 200, "Plan Width": 4, "Plans": [{"Node Type": "Seq Scan", "Parent Relationship": "Outer", "Parallel Aware": false, "Async Capable": false, "Relation Name": "web_page", "Alias": "web_page", "Startup Cost": 0.0, "Total Cost": 7.0, "Plan Rows": 200, "Plan Width": 4}]}]}]}]}]}]}]}]}}, {"Plan": {"Node Type": "Aggregate", "Strategy": "Plain", "Partial Mode": "Simple", "Parallel Aware": false, "Async Capable": false, "Startup Cost": 56469.28, "Total Cost": 56469.29, "Plan Rows": 1, "Plan Width": 8, "Actual Rows": 1, "Actual Loops": 1, "Plans": [{"Node Type": "Nested Loop", "Parent Relationship": "Outer", "Parallel Aware": false, "Async Capable": false, "Join Type": "Inner", "Startup Cost": 9225.16, "Total Cost": 56469.28, "Plan Rows": 1, "Plan Width": 0, "Actual Rows": 16, "Actual Loops": 1, "Inner Unique": true, "Plans": [{"Node Type": "Nested Loop", "Parent Relationship": "Outer", "Parallel Aware": false, "Async Capable": false, "Join Type": "Inner", "Startup Cost": 9224.87, "Total Cost": 56468.95, "Plan Rows": 1, "Plan Width": 4, "Actual Rows": 72, "Actual Loops": 1, "Inner Unique": true, "Plans": [{"Node Type": "Nested Loop", "Parent Relationship": "Outer", "Parallel Aware": false, "Async Capable": false, "Join Type": "Inner", "Startup Cost": 9224.73, "Total Cost": 56468.79, "Plan Rows": 1, "Plan Width": 8, "Actual Rows": 74, "Actual Loops": 1, "Inner Unique": true, "Plans": [{"Node Type": "Gather", "Parent Relationship": "Outer", "Parallel Aware": false, "Async Capable": false, "Startup Cost": 9224.58, "Total Cost": 56468.63, "Plan Rows": 1, "Plan Width": 12, "Actual Rows": 74, "Actual Loops": 1, "Workers Planned": 3, "Workers Launched": 3, "Single Copy": false, "Plans": [{"Node Type": "Nested Loop", "Parent Relationship": "Outer", "Parallel Aware": false, "Async Capable": false, "Join Type": "Inner", "Startup Cost": 8224.58, "Total Cost": 55468.53, "Plan Rows": 1, "Plan Width": 12, "Actual Rows": 18, "Actual Loops": 4, "Inner Unique": true, "Join Filter": "((((customer_address.ca_state = ANY ('{NE,OK,GA}'::bpchar[])) AND (web_sales.ws_net_profit >= '100'::numeric) AND (web_sales.ws_net_profit <= '200'::numeric)) OR ((customer_address.ca_state = ANY ('{NM,NY,VA}'::bpchar[])) AND (web_sales.ws_net_profit >= '150'::numeric) AND (web_sales.ws_net_profit <= '300'::numeric)) OR ((customer_address.ca_state = ANY ('{AL,MD,CO}'::bpchar[])) AND (web_sales.ws_net_profit >= '50'::numeric) AND (web_sales.ws_net_profit <= '250'::numeric))) AND (((cd1.cd_marital_status = 'W'::bpchar) AND (cd1.cd_education_status = 'Advanced Degree'::bpchar) AND (web_sales.ws_sales_price >= 100.00) AND (web_sales.ws_sales_price <= 150.00)) OR ((cd1.cd_marital_status = 'U'::bpchar) AND (cd1.cd_education_status = '2 yr Degree'::bpchar) AND (web_sales.ws_sales_price >= 50.00) AND (web_sales.ws_sales_price <= 100.00)) OR ((cd1.cd_marital_status = 'D'::bpchar) AND (cd1.cd_education_status = 'College'::bpchar) AND (web_sales.ws_sales_price >= 150.00) AND (web_sales.ws_sales_price <= 200.00))))", "Rows Removed by Join Filter": 82, "Workers": [], "Plans": [{"Node Type": "Nested Loop", "Parent Relationship": "Outer", "Parallel Aware": false, "Async Capable": false, "Join Type": "Inner", "Startup Cost": 8224.15, "Total Cost": 55276.47, "Plan Rows": 110, "Plan Width": 38, "Actual Rows": 3088, "Actual Loops": 4, "Inner Unique": true, "Join Filter": "((cd1.cd_marital_status = cd2.cd_marital_status) AND (cd1.cd_education_status = cd2.cd_education_status))", "Rows Removed by Join Filter": 0, "Workers": [], "Plans": [{"Node Type": "Nested Loop", "Parent Relationship": "Outer", "Parallel Aware": false, "Async Capable": false, "Join Type": "Inner", "Startup Cost": 8223.72, "Total Cost": 52916.74, "Plan Rows": 3863, "Plan Width": 42, "Actual Rows": 3124, "Actual Loops": 4, "Inner Unique": true, "Workers": [], "Plans": [{"Node Type": "Hash Join", "Parent Relationship": "Outer", "Parallel Aware": true, "Async Capable": false, "Join Type": "Inner", "Startup Cost": 8223.3, "Total Cost": 24472.37, "Plan Rows": 46565, "Plan Width": 23, "Actual Rows": 37456, "Actual Loops": 4, "Inner Unique": true, "Hash Cond": "(web_returns.wr_refunded_addr_sk = customer_address.ca_address_sk)", "Workers": [], "Plans": [{"Node Type": "Seq Scan", "Parent Relationship": "Outer", "Parallel Aware": true, "Async Capable": false, "Relation Name": "web_returns", "Alias": "web_returns", "Startup Cost": 0.0, "Total Cost": 15640.05, "Plan Rows": 232005, "Plan Width": 24, "Actual Rows": 179804, "Actual Loops": 4, "Workers": []}, {"Node Type": "Hash", "Parent Relationship": "Inner", "Parallel Aware": true, "Async Capable": false, "Startup Cost": 7961.96, "Total Cost": 7961.96, "Plan Rows": 20907, "Plan Width": 7, "Actual Rows": 13614, "Actual Loops": 4, "Hash Buckets": 65536, "Original Hash Buckets": 65536, "Hash Batches": 1, "Original Hash Batches": 1, "Peak Memory Usage": 2688, "Workers": [], "Plans": [{"Node Type": "Seq Scan", "Parent Relationship": "Outer", "Parallel Aware": true, "Async Capable": false, "Relation Name": "customer_address", "Alias": "customer_address", "Startup Cost": 0.0, "Total Cost": 7961.96, "Plan Rows": 20907, "Plan Width": 7, "Actual Rows": 13614, "Actual Loops": 4, "Filter": "(((ca_country)::text = 'United States'::text) AND ((ca_state = ANY ('{NE,OK,GA}'::bpchar[])) OR (ca_state = ANY ('{NM,NY,VA}'::bpchar[])) OR (ca_state = ANY ('{AL,MD,CO}'::bpchar[]))))", "Rows Removed by Filter": 48886, "Workers": []}]}]}, {"Node Type": "Index Scan", "Parent Relationship": "Inner", "Parallel Aware": false, "Async Capable": false, "Scan Direction": "Forward", "Index Name": "customer_demographics_pkey", "Relation Name": "customer_demographics", "Alias": "cd1", "Startup Cost": 0.43, "Total Cost": 0.61, "Plan Rows": 1, "Plan Width": 27, "Actual Rows": 0, "Actual Loops": 149825, "Index Cond": "(cd_demo_sk = web_returns.wr_refunded_cdemo_sk)", "Rows Removed by Index Recheck": 0, "Filter": "(((cd_marital_status = 'W'::bpchar) AND (cd_education_status = 'Advanced Degree'::bpchar)) OR ((cd_marital_status = 'U'::bpchar) AND (cd_education_status = '2 yr Degree'::bpchar)) OR ((cd_marital_status = 'D'::bpchar) AND (cd_education_status = 'College'::bpchar)))", "Rows Removed by Filter": 1, "Workers": []}]}, {"Node Type": "Index Scan", "Parent Relationship": "Inner", "Parallel Aware": false, "Async Capable": false, "Scan Direction": "Forward", "Index Name": "customer_demographics_pkey", "Relation Name": "customer_demographics", "Alias": "cd2", "Startup Cost": 0.43, "Total Cost": 0.6, "Plan Rows": 1, "Plan Width": 27, "Actual Rows": 1, "Actual Loops": 12494, "Index Cond": "(cd_demo_sk = web_returns.wr_returning_cdemo_sk)", "Rows Removed by Index Recheck": 0, "Workers": []}]}, {"Node Type": "Index Scan", "Parent Relationship": "Inner", "Parallel Aware": false, "Async Capable": false, "Scan Direction": "Forward", "Index Name": "web_sales_pkey", "Relation Name": "web_sales", "Alias": "web_sales", "Startup Cost": 0.43, "Total Cost": 1.68, "Plan Rows": 1, "Plan Width": 28, "Actual Rows": 0, "Actual Loops": 12351, "Index Cond": "((ws_item_sk = web_returns.wr_item_sk) AND (ws_order_number = web_returns.wr_order_number))", "Rows Removed by Index Recheck": 0, "Filter": "((((ws_sales_price >= 100.00) AND (ws_sales_price <= 150.00)) OR ((ws_sales_price >= 50.00) AND (ws_sales_price <= 100.00)) OR ((ws_sales_price >= 150.00) AND (ws_sales_price <= 200.00))) AND (((ws_net_profit >= '100'::numeric) AND (ws_net_profit <= '200'::numeric)) OR ((ws_net_profit >= '150'::numeric) AND (ws_net_profit <= '300'::numeric)) OR ((ws_net_profit >= '50'::numeric) AND (ws_net_profit <= '250'::numeric))))", "Rows Removed by Filter": 1, "Workers": []}]}]}, {"Node Type": "Index Only Scan", "Parent Relationship": "Inner", "Parallel Aware": false, "Async Capable": false, "Scan Direction": "Forward", "Index Name": "web_page_pkey", "Relation Name": "web_page", "Alias": "web_page", "Startup Cost": 0.14, "Total Cost": 0.16, "Plan Rows": 1, "Plan Width": 4, "Actual Rows": 1, "Actual Loops": 74, "Index Cond": "(wp_web_page_sk = web_sales.ws_web_page_sk)", "Rows Removed by Index Recheck": 0, "Heap Fetches": 74}]}, {"Node Type": "Index Only Scan", "Parent Relationship": "Inner", "Parallel Aware": false, "Async Capable": false, "Scan Direction": "Forward", "Index Name": "reason_pkey", "Relation Name": "reason", "Alias": "reason", "Startup Cost": 0.14, "Total Cost": 0.16, "Plan Rows": 1, "Plan Width": 4, "Actual Rows": 1, "Actual Loops": 74, "Index Cond": "(r_reason_sk = web_returns.wr_reason_sk)", "Rows Removed by Index Recheck": 0, "Heap Fetches": 72}]}, {"Node Type": "Index Scan", "Parent Relationship": "Inner", "Parallel Aware": false, "Async Capable": false, "Scan Direction": "Forward", "Index Name": "date_dim_pkey", "Relation Name": "date_dim", "Alias": "date_dim", "Startup Cost": 0.29, "Total Cost": 0.33, "Plan Rows": 1, "Plan Width": 4, "Actual Rows": 0, "Actual Loops": 72, "Index Cond": "(d_date_sk = web_sales.ws_sold_date_sk)", "Rows Removed by Index Recheck": 0, "Filter": "(d_year = 2001)", "Rows Removed by Filter": 1}]}]}, "Planning Time": 9.705, "Triggers": [], "Execution Time": 923.052}, {"Plan": {"Node Type": "Aggregate", "Strategy": "Plain", "Partial Mode": "Simple", "Parallel Aware": false, "Async Capable": false, "Startup Cost": 3814768.05, "Total Cost": 3814768.06, "Plan Rows": 1, "Plan Width": 8, "Plans": [{"Node Type": "Merge Join", "Parent Relationship": "Outer", "Parallel Aware": false, "Async Capable": false, "Join Type": "Inner", "Startup Cost": 70232.42, "Total Cost": 3814768.05, "Plan Rows": 1, "Plan Width": 0, "Inner Unique": false, "Merge Cond": "(customer_address.ca_address_sk = web_returns.wr_refunded_addr_sk)", "Join Filter": "((web_sales.ws_item_sk = web_returns.wr_item_sk) AND (web_sales.ws_order_number = web_returns.wr_order_number) AND (((cd1.cd_marital_status = 'W'::bpchar) AND (cd1.cd_education_status = 'Advanced Degree'::bpchar) AND (web_sales.ws_sales_price >= 100.00) AND (web_sales.ws_sales_price <= 150.00)) OR ((cd1.cd_marital_status = 'U'::bpchar) AND (cd1.cd_education_status = '2 yr Degree'::bpchar) AND (web_sales.ws_sales_price >= 50.00) AND (web_sales.ws_sales_price <= 100.00)) OR ((cd1.cd_marital_status = 'D'::bpchar) AND (cd1.cd_education_status = 'College'::bpchar) AND (web_sales.ws_sales_price >= 150.00) AND (web_sales.ws_sales_price <= 200.00))))", "Plans": [{"Node Type": "Nested Loop", "Parent Relationship": "Outer", "Parallel Aware": false, "Async Capable": false, "Join Type": "Inner", "Startup Cost": 2973.73, "Total Cost": 3662933.4, "Plan Rows": 29931055, "Plan Width": 18, "Inner Unique": false, "Join Filter": "(((customer_address.ca_state = ANY ('{NE,OK,GA}'::bpchar[])) AND (web_sales.ws_net_profit >= '100'::numeric) AND (web_sales.ws_net_profit <= '200'::numeric)) OR ((customer_address.ca_state = ANY ('{NM,NY,VA}'::bpchar[])) AND (web_sales.ws_net_profit >= '150'::numeric) AND (web_sales.ws_net_profit <= '300'::numeric)) OR ((customer_address.ca_state = ANY ('{AL,MD,CO}'::bpchar[])) AND (web_sales.ws_net_profit >= '50'::numeric) AND (web_sales.ws_net_profit <= '250'::numeric)))", "Plans": [{"Node Type": "Index Scan", "Parent Relationship": "Outer", "Parallel Aware": false, "Async Capable": false, "Scan Direction": "Forward", "Index Name": "customer_address_pkey", "Relation Name": "customer_address", "Alias": "customer_address", "Startup Cost": 0.42, "Total Cost": 15427.62, "Plan Rows": 50177, "Plan Width": 7, "Filter": "(((ca_country)::text = 'United States'::text) AND ((ca_state = ANY ('{NE,OK,GA}'::bpchar[])) OR (ca_state = ANY ('{NM,NY,VA}'::bpchar[])) OR (ca_state = ANY ('{AL,MD,CO}'::bpchar[]))))"}, {"Node Type": "Materialize", "Parent Relationship": "Inner", "Parallel Aware": false, "Async Capable": false, "Startup Cost": 2973.31, "Total Cost": 248771.06, "Plan Rows": 1748, "Plan Width": 20, "Plans": [{"Node Type": "Gather", "Parent Relationship": "Outer", "Parallel Aware": false, "Async Capable": false, "Startup Cost": 2973.31, "Total Cost": 248762.32, "Plan Rows": 1748, "Plan Width": 20, "Workers Planned": 5, "Single Copy": false, "Plans": [{"Node Type": "Hash Join", "Parent Relationship": "Outer", "Parallel Aware": false, "Async Capable": false, "Join Type": "Inner", "Startup Cost": 1973.31, "Total Cost": 247587.52, "Plan Rows": 350, "Plan Width": 20, "Inner Unique": true, "Hash Cond": "(web_sales.ws_web_page_sk = web_page.wp_web_page_sk)", "Plans": [{"Node Type": "Hash Join", "Parent Relationship": "Outer", "Parallel Aware": true, "Async Capable": false, "Join Type": "Inner", "Startup Cost": 1963.81, "Total Cost": 247577.08, "Plan Rows": 350, "Plan Width": 24, "Inner Unique": true, "Hash Cond": "(web_sales.ws_sold_date_sk = date_dim.d_date_sk)", "Plans": [{"Node Type": "Seq Scan", "Parent Relationship": "Outer", "Parallel Aware": true, "Async Capable": false, "Relation Name": "web_sales", "Alias": "web_sales", "Startup Cost": 0.0, "Total Cost": 245429.58, "Plan Rows": 69972, "Plan Width": 28, "Filter": "((((ws_sales_price >= 100.00) AND (ws_sales_price <= 150.00)) OR ((ws_sales_price >= 50.00) AND (ws_sales_price <= 100.00)) OR ((ws_sales_price >= 150.00) AND (ws_sales_price <= 200.00))) AND (((ws_net_profit >= '100'::numeric) AND (ws_net_profit <= '200'::numeric)) OR ((ws_net_profit >= '150'::numeric) AND (ws_net_profit <= '300'::numeric)) OR ((ws_net_profit >= '50'::numeric) AND (ws_net_profit <= '250'::numeric))))"}, {"Node Type": "Hash", "Parent Relationship": "Inner", "Parallel Aware": true, "Async Capable": false, "Startup Cost": 1961.12, "Total Cost": 1961.12, "Plan Rows": 215, "Plan Width": 4, "Plans": [{"Node Type": "Seq Scan", "Parent Relationship": "Outer", "Parallel Aware": true, "Async Capable": false, "Relation Name": "date_dim", "Alias": "date_dim", "Startup Cost": 0.0, "Total Cost": 1961.12, "Plan Rows": 215, "Plan Width": 4, "Filter": "(d_year = 2001)"}]}]}, {"Node Type": "Hash", "Parent Relationship": "Inner", "Parallel Aware": false, "Async Capable": false, "Startup Cost": 7.0, "Total Cost": 7.0, "Plan Rows": 200, "Plan Width": 4, "Plans": [{"Node Type": "Seq Scan", "Parent Relationship": "Outer", "Parallel Aware": false, "Async Capable": false, "Relation Name": "web_page", "Alias": "web_page", "Startup Cost": 0.0, "Total Cost": 7.0, "Plan Rows": 200, "Plan Width": 4}]}]}]}]}]}, {"Node Type": "Sort", "Parent Relationship": "Inner", "Parallel Aware": false, "Async Capable": false, "Startup Cost": 67258.69, "Total Cost": 67262.95, "Plan Rows": 1705, "Plan Width": 35, "Sort Key": ["web_returns.wr_refunded_addr_sk"], "Plans": [{"Node Type": "Gather", "Parent Relationship": "Outer", "Parallel Aware": false, "Async Capable": false, "Startup Cost": 38991.2, "Total Cost": 67167.17, "Plan Rows": 1705, "Plan Width": 35, "Workers Planned": 3, "Single Copy": false, "Plans": [{"Node Type": "Hash Join", "Parent Relationship": "Outer", "Parallel Aware": false, "Async Capable": false, "Join Type": "Inner", "Startup Cost": 37991.2, "Total Cost": 65996.67, "Plan Rows": 550, "Plan Width": 35, "Inner Unique": true, "Hash Cond": "(web_returns.wr_reason_sk = reason.r_reason_sk)", "Plans": [{"Node Type": "Nested Loop", "Parent Relationship": "Outer", "Parallel Aware": false, "Async Capable": false, "Join Type": "Inner", "Startup Cost": 37989.19, "Total Cost": 65993.08, "Plan Rows": 550, "Plan Width": 39, "Inner Unique": true, "Join Filter": "((cd1.cd_marital_status = cd2.cd_marital_status) AND (cd1.cd_education_status = cd2.cd_education_status))", "Plans": [{"Node Type": "Hash Join", "Parent Relationship": "Outer", "Parallel Aware": true, "Async Capable": false, "Join Type": "Inner", "Startup Cost": 37988.76, "Total Cost": 54237.83, "Plan Rows": 19244, "Plan Width": 43, "Inner Unique": true, "Hash Cond": "(web_returns.wr_refunded_cdemo_sk = cd1.cd_demo_sk)", "Plans": [{"Node Type": "Seq Scan", "Parent Relationship": "Outer", "Parallel Aware": true, "Async Capable": false, "Relation Name": "web_returns", "Alias": "web_returns", "Startup Cost": 0.0, "Total Cost": 15640.05, "Plan Rows": 232005, "Plan Width": 24}, {"Node Type": "Hash", "Parent Relationship": "Inner", "Parallel Aware": true, "Async Capable": false, "Startup Cost": 37346.32, "Total Cost": 37346.32, "Plan Rows": 51395, "Plan Width": 27, "Plans": [{"Node Type": "Seq Scan", "Parent Relationship": "Outer", "Parallel Aware": true, "Async Capable": false, "Relation Name": "customer_demographics", "Alias": "cd1", "Startup Cost": 0.0, "Total Cost": 37346.32, "Plan Rows": 51395, "Plan Width": 27, "Filter": "(((cd_marital_status = 'W'::bpchar) AND (cd_education_status = 'Advanced Degree'::bpchar)) OR ((cd_marital_status = 'U'::bpchar) AND (cd_education_status = '2 yr Degree'::bpchar)) OR ((cd_marital_status = 'D'::bpchar) AND (cd_education_status = 'College'::bpchar)))"}]}]}, {"Node Type": "Index Scan", "Parent Relationship": "Inner", "Parallel Aware": false, "Async Capable": false, "Scan Direction": "Forward", "Index Name": "customer_demographics_pkey", "Relation Name": "customer_demographics", "Alias": "cd2", "Startup Cost": 0.43, "Total Cost": 0.6, "Plan Rows": 1, "Plan Width": 27, "Index Cond": "(cd_demo_sk = web_returns.wr_returning_cdemo_sk)"}]}, {"Node Type": "Hash", "Parent Relationship": "Inner", "Parallel Aware": false, "Async Capable": false, "Startup Cost": 1.45, "Total Cost": 1.45, "Plan Rows": 45, "Plan Width": 4, "Plans": [{"Node Type": "Seq Scan", "Parent Relationship": "Outer", "Parallel Aware": false, "Async Capable": false, "Relation Name": "reason", "Alias": "reason", "Startup Cost": 0.0, "Total Cost": 1.45, "Plan Rows": 45, "Plan Width": 4}]}]}]}]}]}]}}, {"Plan": {"Node Type": "Aggregate", "Strategy": "Plain", "Partial Mode": "Simple", "Parallel Aware": false, "Async Capable": false, "Startup Cost": 303870.75, "Total Cost": 303870.76, "Plan Rows": 1, "Plan Width": 8, "Actual Rows": 1, "Actual Loops": 1, "Plans": [{"Node Type": "Gather", "Parent Relationship": "Outer", "Parallel Aware": false, "Async Capable": false, "Startup Cost": 58253.75, "Total Cost": 303870.75, "Plan Rows": 1, "Plan Width": 0, "Actual Rows": 16, "Actual Loops": 1, "Workers Planned": 5, "Workers Launched": 5, "Single Copy": false, "Plans": [{"Node Type": "Hash Join", "Parent Relationship": "Outer", "Parallel Aware": true, "Async Capable": false, "Join Type": "Inner", "Startup Cost": 57253.75, "Total Cost": 302870.65, "Plan Rows": 1, "Plan Width": 0, "Actual Rows": 3, "Actual Loops": 6, "Inner Unique": false, "Hash Cond": "((web_sales.ws_item_sk = web_returns.wr_item_sk) AND (web_sales.ws_order_number = web_returns.wr_order_number))", "Join Filter": "((((customer_address.ca_state = ANY ('{NE,OK,GA}'::bpchar[])) AND (web_sales.ws_net_profit >= '100'::numeric) AND (web_sales.ws_net_profit <= '200'::numeric)) OR ((customer_address.ca_state = ANY ('{NM,NY,VA}'::bpchar[])) AND (web_sales.ws_net_profit >= '150'::numeric) AND (web_sales.ws_net_profit <= '300'::numeric)) OR ((customer_address.ca_state = ANY ('{AL,MD,CO}'::bpchar[])) AND (web_sales.ws_net_profit >= '50'::numeric) AND (web_sales.ws_net_profit <= '250'::numeric))) AND (((cd1.cd_marital_status = 'W'::bpchar) AND (cd1.cd_education_status = 'Advanced Degree'::bpchar) AND (web_sales.ws_sales_price >= 100.00) AND (web_sales.ws_sales_price <= 150.00)) OR ((cd1.cd_marital_status = 'U'::bpchar) AND (cd1.cd_education_status = '2 yr Degree'::bpchar) AND (web_sales.ws_sales_price >= 50.00) AND (web_sales.ws_sales_price <= 100.00)) OR ((cd1.cd_marital_status = 'D'::bpchar) AND (cd1.cd_education_status = 'College'::bpchar) AND (web_sales.ws_sales_price >= 150.00) AND (web_sales.ws_sales_price <= 200.00))))", "Rows Removed by Join Filter": 13, "Workers": [], "Plans": [{"Node Type": "Hash Join", "Parent Relationship": "Outer", "Parallel Aware": false, "Async Capable": false, "Join Type": "Inner", "Startup Cost": 1973.31, "Total Cost": 247587.52, "Plan Rows": 350, "Plan Width": 20, "Actual Rows": 8512, "Actual Loops": 6, "Inner Unique": true, "Hash Cond": "(web_sales.ws_web_page_sk = web_page.wp_web_page_sk)", "Workers": [], "Plans": [{"Node Type": "Hash Join", "Parent Relationship": "Outer", "Parallel Aware": true, "Async Capable": false, "Join Type": "Inner", "Startup Cost": 1963.81, "Total Cost": 247577.08, "Plan Rows": 350, "Plan Width": 24, "Actual Rows": 8514, "Actual Loops": 6, "Inner Unique": true, "Hash Cond": "(web_sales.ws_sold_date_sk = date_dim.d_date_sk)", "Workers": [], "Plans": [{"Node Type": "Seq Scan", "Parent Relationship": "Outer", "Parallel Aware": true, "Async Capable": false, "Relation Name": "web_sales", "Alias": "web_sales", "Startup Cost": 0.0, "Total Cost": 245429.58, "Plan Rows": 69972, "Plan Width": 28, "Actual Rows": 42698, "Actual Loops": 6, "Filter": "((((ws_sales_price >= 100.00) AND (ws_sales_price <= 150.00)) OR ((ws_sales_price >= 50.00) AND (ws_sales_price <= 100.00)) OR ((ws_sales_price >= 150.00) AND (ws_sales_price <= 200.00))) AND (((ws_net_profit >= '100'::numeric) AND (ws_net_profit <= '200'::numeric)) OR ((ws_net_profit >= '150'::numeric) AND (ws_net_profit <= '300'::numeric)) OR ((ws_net_profit >= '50'::numeric) AND (ws_net_profit <= '250'::numeric))))", "Rows Removed by Filter": 1156896, "Workers": []}, {"Node Type": "Hash", "Parent Relationship": "Inner", "Parallel Aware": true, "Async Capable": false, "Startup Cost": 1961.12, "Total Cost": 1961.12, "Plan Rows": 215, "Plan Width": 4, "Actual Rows": 61, "Actual Loops": 6, "Hash Buckets": 1024, "Original Hash Buckets": 1024, "Hash Batches": 1, "Original Hash Batches": 1, "Peak Memory Usage": 200, "Workers": [], "Plans": [{"Node Type": "Seq Scan", "Parent Relationship": "Outer", "Parallel Aware": true, "Async Capable": false, "Relation Name": "date_dim", "Alias": "date_dim", "Startup Cost": 0.0, "Total Cost": 1961.12, "Plan Rows": 215, "Plan Width": 4, "Actual Rows": 61, "Actual Loops": 6, "Filter": "(d_year = 2001)", "Rows Removed by Filter": 12114, "Workers": []}]}]}, {"Node Type": "Hash", "Parent Relationship": "Inner", "Parallel Aware": false, "Async Capable": false, "Startup Cost": 7.0, "Total Cost": 7.0, "Plan Rows": 200, "Plan Width": 4, "Actual Rows": 200, "Actual Loops": 6, "Hash Buckets": 1024, "Original Hash Buckets": 1024, "Hash Batches": 1, "Original Hash Batches": 1, "Peak Memory Usage": 16, "Workers": [], "Plans": [{"Node Type": "Seq Scan", "Parent Relationship": "Outer", "Parallel Aware": false, "Async Capable": false, "Relation Name": "web_page", "Alias": "web_page", "Startup Cost": 0.0, "Total Cost": 7.0, "Plan Rows": 200, "Plan Width": 4, "Actual Rows": 200, "Actual Loops": 6, "Workers": []}]}]}, {"Node Type": "Hash", "Parent Relationship": "Inner", "Parallel Aware": true, "Async Capable": false, "Startup Cost": 55278.79, "Total Cost": 55278.79, "Plan Rows": 110, "Plan Width": 34, "Actual Rows": 2044, "Actual Loops": 6, "Hash Buckets": 16384, "Original Hash Buckets": 1024, "Hash Batches": 1, "Original Hash Batches": 1, "Peak Memory Usage": 1208, "Workers": [], "Plans": [{"Node Type": "Hash Join", "Parent Relationship": "Outer", "Parallel Aware": false, "Async Capable": false, "Join Type": "Inner", "Startup Cost": 8226.16, "Total Cost": 55278.79, "Plan Rows": 110, "Plan Width": 34, "Actual Rows": 2044, "Actual Loops": 6, "Inner Unique": true, "Hash Cond": "(web_returns.wr_reason_sk = reason.r_reason_sk)", "Workers": [], "Plans": [{"Node Type": "Nested Loop", "Parent Relationship": "Outer", "Parallel Aware": false, "Async Capable": false, "Join Type": "Inner", "Startup Cost": 8224.15, "Total Cost": 55276.47, "Plan Rows": 110, "Plan Width": 38, "Actual Rows": 2058, "Actual Loops": 6, "Inner Unique": true, "Join Filter": "((cd1.cd_marital_status = cd2.cd_marital_status) AND (cd1.cd_education_status = cd2.cd_education_status))", "Rows Removed by Join Filter": 0, "Workers": [], "Plans": [{"Node Type": "Nested Loop", "Parent Relationship": "Outer", "Parallel Aware": false, "Async Capable": false, "Join Type": "Inner", "Startup Cost": 8223.72, "Total Cost": 52916.74, "Plan Rows": 3863, "Plan Width": 42, "Actual Rows": 2082, "Actual Loops": 6, "Inner Unique": true, "Workers": [], "Plans": [{"Node Type": "Hash Join", "Parent Relationship": "Outer", "Parallel Aware": true, "Async Capable": false, "Join Type": "Inner", "Startup Cost": 8223.3, "Total Cost": 24472.37, "Plan Rows": 46565, "Plan Width": 23, "Actual Rows": 24971, "Actual Loops": 6, "Inner Unique": true, "Hash Cond": "(web_returns.wr_refunded_addr_sk = customer_address.ca_address_sk)", "Workers": [], "Plans": [{"Node Type": "Seq Scan", "Parent Relationship": "Outer", "Parallel Aware": true, "Async Capable": false, "Relation Name": "web_returns", "Alias": "web_returns", "Startup Cost": 0.0, "Total Cost": 15640.05, "Plan Rows": 232005, "Plan Width": 24, "Actual Rows": 119870, "Actual Loops": 6, "Workers": []}, {"Node Type": "Hash", "Parent Relationship": "Inner", "Parallel Aware": true, "Async Capable": false, "Startup Cost": 7961.96, "Total Cost": 7961.96, "Plan Rows": 20907, "Plan Width": 7, "Actual Rows": 9076, "Actual Loops": 6, "Hash Buckets": 65536, "Original Hash Buckets": 65536, "Hash Batches": 1, "Original Hash Batches": 1, "Peak Memory Usage": 2720, "Workers": [], "Plans": [{"Node Type": "Seq Scan", "Parent Relationship": "Outer", "Parallel Aware": true, "Async Capable": false, "Relation Name": "customer_address", "Alias": "customer_address", "Startup Cost": 0.0, "Total Cost": 7961.96, "Plan Rows": 20907, "Plan Width": 7, "Actual Rows": 9076, "Actual Loops": 6, "Filter": "(((ca_country)::text = 'United States'::text) AND ((ca_state = ANY ('{NE,OK,GA}'::bpchar[])) OR (ca_state = ANY ('{NM,NY,VA}'::bpchar[])) OR (ca_state = ANY ('{AL,MD,CO}'::bpchar[]))))", "Rows Removed by Filter": 32591, "Workers": []}]}]}, {"Node Type": "Index Scan", "Parent Relationship": "Inner", "Parallel Aware": false, "Async Capable": false, "Scan Direction": "Forward", "Index Name": "customer_demographics_pkey", "Relation Name": "customer_demographics", "Alias": "cd1", "Startup Cost": 0.43, "Total Cost": 0.61, "Plan Rows": 1, "Plan Width": 27, "Actual Rows": 0, "Actual Loops": 149825, "Index Cond": "(cd_demo_sk = web_returns.wr_refunded_cdemo_sk)", "Rows Removed by Index Recheck": 0, "Filter": "(((cd_marital_status = 'W'::bpchar) AND (cd_education_status = 'Advanced Degree'::bpchar)) OR ((cd_marital_status = 'U'::bpchar) AND (cd_education_status = '2 yr Degree'::bpchar)) OR ((cd_marital_status = 'D'::bpchar) AND (cd_education_status = 'College'::bpchar)))", "Rows Removed by Filter": 1, "Workers": []}]}, {"Node Type": "Index Scan", "Parent Relationship": "Inner", "Parallel Aware": false, "Async Capable": false, "Scan Direction": "Forward", "Index Name": "customer_demographics_pkey", "Relation Name": "customer_demographics", "Alias": "cd2", "Startup Cost": 0.43, "Total Cost": 0.6, "Plan Rows": 1, "Plan Width": 27, "Actual Rows": 1, "Actual Loops": 12494, "Index Cond": "(cd_demo_sk = web_returns.wr_returning_cdemo_sk)", "Rows Removed by Index Recheck": 0, "Workers": []}]}, {"Node Type": "Hash", "Parent Relationship": "Inner", "Parallel Aware": false, "Async Capable": false, "Startup Cost": 1.45, "Total Cost": 1.45, "Plan Rows": 45, "Plan Width": 4, "Actual Rows": 45, "Actual Loops": 6, "Hash Buckets": 1024, "Original Hash Buckets": 1024, "Hash Batches": 1, "Original Hash Batches": 1, "Peak Memory Usage": 10, "Workers": [], "Plans": [{"Node Type": "Seq Scan", "Parent Relationship": "Outer", "Parallel Aware": false, "Async Capable": false, "Relation Name": "reason", "Alias": "reason", "Startup Cost": 0.0, "Total Cost": 1.45, "Plan Rows": 45, "Plan Width": 4, "Actual Rows": 45, "Actual Loops": 6, "Workers": []}]}]}]}]}]}]}, "Planning Time": 9.724, "Triggers": [], "Execution Time": 1577.202}, {"Plan": {"Node Type": "Aggregate", "Strategy": "Plain", "Partial Mode": "Simple", "Parallel Aware": false, "Async Capable": false, "Startup Cost": 303872.55, "Total Cost": 303872.56, "Plan Rows": 1, "Plan Width": 8, "Actual Rows": 1, "Actual Loops": 1, "Plans": [{"Node Type": "Gather", "Parent Relationship": "Outer", "Parallel Aware": false, "Async Capable": false, "Startup Cost": 256818.93, "Total Cost": 303872.55, "Plan Rows": 1, "Plan Width": 0, "Actual Rows": 16, "Actual Loops": 1, "Workers Planned": 3, "Workers Launched": 3, "Single Copy": false, "Plans": [{"Node Type": "Hash Join", "Parent Relationship": "Outer", "Parallel Aware": true, "Async Capable": false, "Join Type": "Inner", "Startup Cost": 255818.93, "Total Cost": 302872.45, "Plan Rows": 1, "Plan Width": 0, "Actual Rows": 4, "Actual Loops": 4, "Inner Unique": false, "Hash Cond": "((web_returns.wr_item_sk = web_sales.ws_item_sk) AND (web_returns.wr_order_number = web_sales.ws_order_number))", "Join Filter": "((((customer_address.ca_state = ANY ('{NE,OK,GA}'::bpchar[])) AND (web_sales.ws_net_profit >= '100'::numeric) AND (web_sales.ws_net_profit <= '200'::numeric)) OR ((customer_address.ca_state = ANY ('{NM,NY,VA}'::bpchar[])) AND (web_sales.ws_net_profit >= '150'::numeric) AND (web_sales.ws_net_profit <= '300'::numeric)) OR ((customer_address.ca_state = ANY ('{AL,MD,CO}'::bpchar[])) AND (web_sales.ws_net_profit >= '50'::numeric) AND (web_sales.ws_net_profit <= '250'::numeric))) AND (((cd1.cd_marital_status = 'W'::bpchar) AND (cd1.cd_education_status = 'Advanced Degree'::bpchar) AND (web_sales.ws_sales_price >= 100.00) AND (web_sales.ws_sales_price <= 150.00)) OR ((cd1.cd_marital_status = 'U'::bpchar) AND (cd1.cd_education_status = '2 yr Degree'::bpchar) AND (web_sales.ws_sales_price >= 50.00) AND (web_sales.ws_sales_price <= 100.00)) OR ((cd1.cd_marital_status = 'D'::bpchar) AND (cd1.cd_education_status = 'College'::bpchar) AND (web_sales.ws_sales_price >= 150.00) AND (web_sales.ws_sales_price <= 200.00))))", "Rows Removed by Join Filter": 19, "Workers": [], "Plans": [{"Node Type": "Hash Join", "Parent Relationship": "Outer", "Parallel Aware": false, "Async Capable": false, "Join Type": "Inner", "Startup Cost": 8226.16, "Total Cost": 55278.79, "Plan Rows": 110, "Plan Width": 34, "Actual Rows": 3066, "Actual Loops": 4, "Inner Unique": true, "Hash Cond": "(web_returns.wr_reason_sk = reason.r_reason_sk)", "Workers": [], "Plans": [{"Node Type": "Nested Loop", "Parent Relationship": "Outer", "Parallel Aware": false, "Async Capable": false, "Join Type": "Inner", "Startup Cost": 8224.15, "Total Cost": 55276.47, "Plan Rows": 110, "Plan Width": 38, "Actual Rows": 3088, "Actual Loops": 4, "Inner Unique": true, "Join Filter": "((cd1.cd_marital_status = cd2.cd_marital_status) AND (cd1.cd_education_status = cd2.cd_education_status))", "Rows Removed by Join Filter": 0, "Workers": [], "Plans": [{"Node Type": "Nested Loop", "Parent Relationship": "Outer", "Parallel Aware": false, "Async Capable": false, "Join Type": "Inner", "Startup Cost": 8223.72, "Total Cost": 52916.74, "Plan Rows": 3863, "Plan Width": 42, "Actual Rows": 3124, "Actual Loops": 4, "Inner Unique": true, "Workers": [], "Plans": [{"Node Type": "Hash Join", "Parent Relationship": "Outer", "Parallel Aware": true, "Async Capable": false, "Join Type": "Inner", "Startup Cost": 8223.3, "Total Cost": 24472.37, "Plan Rows": 46565, "Plan Width": 23, "Actual Rows": 37456, "Actual Loops": 4, "Inner Unique": true, "Hash Cond": "(web_returns.wr_refunded_addr_sk = customer_address.ca_address_sk)", "Workers": [], "Plans": [{"Node Type": "Seq Scan", "Parent Relationship": "Outer", "Parallel Aware": true, "Async Capable": false, "Relation Name": "web_returns", "Alias": "web_returns", "Startup Cost": 0.0, "Total Cost": 15640.05, "Plan Rows": 232005, "Plan Width": 24, "Actual Rows": 179804, "Actual Loops": 4, "Workers": []}, {"Node Type": "Hash", "Parent Relationship": "Inner", "Parallel Aware": true, "Async Capable": false, "Startup Cost": 7961.96, "Total Cost": 7961.96, "Plan Rows": 20907, "Plan Width": 7, "Actual Rows": 13614, "Actual Loops": 4, "Hash Buckets": 65536, "Original Hash Buckets": 65536, "Hash Batches": 1, "Original Hash Batches": 1, "Peak Memory Usage": 2688, "Workers": [], "Plans": [{"Node Type": "Seq Scan", "Parent Relationship": "Outer", "Parallel Aware": true, "Async Capable": false, "Relation Name": "customer_address", "Alias": "customer_address", "Startup Cost": 0.0, "Total Cost": 7961.96, "Plan Rows": 20907, "Plan Width": 7, "Actual Rows": 13614, "Actual Loops": 4, "Filter": "(((ca_country)::text = 'United States'::text) AND ((ca_state = ANY ('{NE,OK,GA}'::bpchar[])) OR (ca_state = ANY ('{NM,NY,VA}'::bpchar[])) OR (ca_state = ANY ('{AL,MD,CO}'::bpchar[]))))", "Rows Removed by Filter": 48886, "Workers": []}]}]}, {"Node Type": "Index Scan", "Parent Relationship": "Inner", "Parallel Aware": false, "Async Capable": false, "Scan Direction": "Forward", "Index Name": "customer_demographics_pkey", "Relation Name": "customer_demographics", "Alias": "cd1", "Startup Cost": 0.43, "Total Cost": 0.61, "Plan Rows": 1, "Plan Width": 27, "Actual Rows": 0, "Actual Loops": 149825, "Index Cond": "(cd_demo_sk = web_returns.wr_refunded_cdemo_sk)", "Rows Removed by Index Recheck": 0, "Filter": "(((cd_marital_status = 'W'::bpchar) AND (cd_education_status = 'Advanced Degree'::bpchar)) OR ((cd_marital_status = 'U'::bpchar) AND (cd_education_status = '2 yr Degree'::bpchar)) OR ((cd_marital_status = 'D'::bpchar) AND (cd_education_status = 'College'::bpchar)))", "Rows Removed by Filter": 1, "Workers": []}]}, {"Node Type": "Index Scan", "Parent Relationship": "Inner", "Parallel Aware": false, "Async Capable": false, "Scan Direction": "Forward", "Index Name": "customer_demographics_pkey", "Relation Name": "customer_demographics", "Alias": "cd2", "Startup Cost": 0.43, "Total Cost": 0.6, "Plan Rows": 1, "Plan Width": 27, "Actual Rows": 1, "Actual Loops": 12494, "Index Cond": "(cd_demo_sk = web_returns.wr_returning_cdemo_sk)", "Rows Removed by Index Recheck": 0, "Workers": []}]}, {"Node Type": "Hash", "Parent Relationship": "Inner", "Parallel Aware": false, "Async Capable": false, "Startup Cost": 1.45, "Total Cost": 1.45, "Plan Rows": 45, "Plan Width": 4, "Actual Rows": 45, "Actual Loops": 4, "Hash Buckets": 1024, "Original Hash Buckets": 1024, "Hash Batches": 1, "Original Hash Batches": 1, "Peak Memory Usage": 10, "Workers": [], "Plans": [{"Node Type": "Seq Scan", "Parent Relationship": "Outer", "Parallel Aware": false, "Async Capable": false, "Relation Name": "reason", "Alias": "reason", "Startup Cost": 0.0, "Total Cost": 1.45, "Plan Rows": 45, "Plan Width": 4, "Actual Rows": 45, "Actual Loops": 4, "Workers": []}]}]}, {"Node Type": "Hash", "Parent Relationship": "Inner", "Parallel Aware": true, "Async Capable": false, "Startup Cost": 247587.52, "Total Cost": 247587.52, "Plan Rows": 350, "Plan Width": 20, "Actual Rows": 12769, "Actual Loops": 4, "Hash Buckets": 65536, "Original Hash Buckets": 2048, "Hash Batches": 1, "Original Hash Batches": 1, "Peak Memory Usage": 3856, "Workers": [], "Plans": [{"Node Type": "Hash Join", "Parent Relationship": "Outer", "Parallel Aware": false, "Async Capable": false, "Join Type": "Inner", "Startup Cost": 1973.31, "Total Cost": 247587.52, "Plan Rows": 350, "Plan Width": 20, "Actual Rows": 12769, "Actual Loops": 4, "Inner Unique": true, "Hash Cond": "(web_sales.ws_web_page_sk = web_page.wp_web_page_sk)", "Workers": [], "Plans": [{"Node Type": "Hash Join", "Parent Relationship": "Outer", "Parallel Aware": true, "Async Capable": false, "Join Type": "Inner", "Startup Cost": 1963.81, "Total Cost": 247577.08, "Plan Rows": 350, "Plan Width": 24, "Actual Rows": 12770, "Actual Loops": 4, "Inner Unique": true, "Hash Cond": "(web_sales.ws_sold_date_sk = date_dim.d_date_sk)", "Workers": [], "Plans": [{"Node Type": "Seq Scan", "Parent Relationship": "Outer", "Parallel Aware": true, "Async Capable": false, "Relation Name": "web_sales", "Alias": "web_sales", "Startup Cost": 0.0, "Total Cost": 245429.58, "Plan Rows": 69972, "Plan Width": 28, "Actual Rows": 64048, "Actual Loops": 4, "Filter": "((((ws_sales_price >= 100.00) AND (ws_sales_price <= 150.00)) OR ((ws_sales_price >= 50.00) AND (ws_sales_price <= 100.00)) OR ((ws_sales_price >= 150.00) AND (ws_sales_price <= 200.00))) AND (((ws_net_profit >= '100'::numeric) AND (ws_net_profit <= '200'::numeric)) OR ((ws_net_profit >= '150'::numeric) AND (ws_net_profit <= '300'::numeric)) OR ((ws_net_profit >= '50'::numeric) AND (ws_net_profit <= '250'::numeric))))", "Rows Removed by Filter": 1735344, "Workers": []}, {"Node Type": "Hash", "Parent Relationship": "Inner", "Parallel Aware": true, "Async Capable": false, "Startup Cost": 1961.12, "Total Cost": 1961.12, "Plan Rows": 215, "Plan Width": 4, "Actual Rows": 91, "Actual Loops": 4, "Hash Buckets": 1024, "Original Hash Buckets": 1024, "Hash Batches": 1, "Original Hash Batches": 1, "Peak Memory Usage": 40, "Workers": [], "Plans": [{"Node Type": "Seq Scan", "Parent Relationship": "Outer", "Parallel Aware": true, "Async Capable": false, "Relation Name": "date_dim", "Alias": "date_dim", "Startup Cost": 0.0, "Total Cost": 1961.12, "Plan Rows": 215, "Plan Width": 4, "Actual Rows": 91, "Actual Loops": 4, "Filter": "(d_year = 2001)", "Rows Removed by Filter": 18171, "Workers": []}]}]}, {"Node Type": "Hash", "Parent Relationship": "Inner", "Parallel Aware": false, "Async Capable": false, "Startup Cost": 7.0, "Total Cost": 7.0, "Plan Rows": 200, "Plan Width": 4, "Actual Rows": 200, "Actual Loops": 4, "Hash Buckets": 1024, "Original Hash Buckets": 1024, "Hash Batches": 1, "Original Hash Batches": 1, "Peak Memory Usage": 16, "Workers": [], "Plans": [{"Node Type": "Seq Scan", "Parent Relationship": "Outer", "Parallel Aware": false, "Async Capable": false, "Relation Name": "web_page", "Alias": "web_page", "Startup Cost": 0.0, "Total Cost": 7.0, "Plan Rows": 200, "Plan Width": 4, "Actual Rows": 200, "Actual Loops": 4, "Workers": []}]}]}]}]}]}]}, "Planning Time": 8.421, "Triggers": [], "Execution Time": 2241.357}, {"Plan": {"Node Type": "Aggregate", "Strategy": "Plain", "Partial Mode": "Simple", "Parallel Aware": false, "Async Capable": false, "Startup Cost": 30000579366.19, "Total Cost": 30000579366.2, "Plan Rows": 1, "Plan Width": 8, "Plans": [{"Node Type": "Nested Loop", "Parent Relationship": "Outer", "Parallel Aware": false, "Async Capable": false, "Join Type": "Inner", "Startup Cost": 30000002975.17, "Total Cost": 30000579366.19, "Plan Rows": 1, "Plan Width": 0, "Inner Unique": false, "Join Filter": "((web_sales.ws_item_sk = web_returns.wr_item_sk) AND (web_sales.ws_order_number = web_returns.wr_order_number) AND (((customer_address.ca_state = ANY ('{NE,OK,GA}'::bpchar[])) AND (web_sales.ws_net_profit >= '100'::numeric) AND (web_sales.ws_net_profit <= '200'::numeric)) OR ((customer_address.ca_state = ANY ('{NM,NY,VA}'::bpchar[])) AND (web_sales.ws_net_profit >= '150'::numeric) AND (web_sales.ws_net_profit <= '300'::numeric)) OR ((customer_address.ca_state = ANY ('{AL,MD,CO}'::bpchar[])) AND (web_sales.ws_net_profit >= '50'::numeric) AND (web_sales.ws_net_profit <= '250'::numeric))) AND (((cd1.cd_marital_status = 'W'::bpchar) AND (cd1.cd_education_status = 'Advanced Degree'::bpchar) AND (web_sales.ws_sales_price >= 100.00) AND (web_sales.ws_sales_price <= 150.00)) OR ((cd1.cd_marital_status = 'U'::bpchar) AND (cd1.cd_education_status = '2 yr Degree'::bpchar) AND (web_sales.ws_sales_price >= 50.00) AND (web_sales.ws_sales_price <= 100.00)) OR ((cd1.cd_marital_status = 'D'::bpchar) AND (cd1.cd_education_status = 'College'::bpchar) AND (web_sales.ws_sales_price >= 150.00) AND (web_sales.ws_sales_price <= 200.00))))", "Plans": [{"Node Type": "Gather", "Parent Relationship": "Outer", "Parallel Aware": false, "Async Capable": false, "Startup Cost": 2973.31, "Total Cost": 248762.32, "Plan Rows": 1748, "Plan Width": 20, "Workers Planned": 5, "Single Copy": false, "Plans": [{"Node Type": "Hash Join", "Parent Relationship": "Outer", "Parallel Aware": false, "Async Capable": false, "Join Type": "Inner", "Startup Cost": 1973.31, "Total Cost": 247587.52, "Plan Rows": 350, "Plan Width": 20, "Inner Unique": true, "Hash Cond": "(web_sales.ws_web_page_sk = web_page.wp_web_page_sk)", "Plans": [{"Node Type": "Hash Join", "Parent Relationship": "Outer", "Parallel Aware": true, "Async Capable": false, "Join Type": "Inner", "Startup Cost": 1963.81, "Total Cost": 247577.08, "Plan Rows": 350, "Plan Width": 24, "Inner Unique": true, "Hash Cond": "(web_sales.ws_sold_date_sk = date_dim.d_date_sk)", "Plans": [{"Node Type": "Seq Scan", "Parent Relationship": "Outer", "Parallel Aware": true, "Async Capable": false, "Relation Name": "web_sales", "Alias": "web_sales", "Startup Cost": 0.0, "Total Cost": 245429.58, "Plan Rows": 69972, "Plan Width": 28, "Filter": "((((ws_sales_price >= 100.00) AND (ws_sales_price <= 150.00)) OR ((ws_sales_price >= 50.00) AND (ws_sales_price <= 100.00)) OR ((ws_sales_price >= 150.00) AND (ws_sales_price <= 200.00))) AND (((ws_net_profit >= '100'::numeric) AND (ws_net_profit <= '200'::numeric)) OR ((ws_net_profit >= '150'::numeric) AND (ws_net_profit <= '300'::numeric)) OR ((ws_net_profit >= '50'::numeric) AND (ws_net_profit <= '250'::numeric))))"}, {"Node Type": "Hash", "Parent Relationship": "Inner", "Parallel Aware": true, "Async Capable": false, "Startup Cost": 1961.12, "Total Cost": 1961.12, "Plan Rows": 215, "Plan Width": 4, "Plans": [{"Node Type": "Seq Scan", "Parent Relationship": "Outer", "Parallel Aware": true, "Async Capable": false, "Relation Name": "date_dim", "Alias": "date_dim", "Startup Cost": 0.0, "Total Cost": 1961.12, "Plan Rows": 215, "Plan Width": 4, "Filter": "(d_year = 2001)"}]}]}, {"Node Type": "Hash", "Parent Relationship": "Inner", "Parallel Aware": false, "Async Capable": false, "Startup Cost": 7.0, "Total Cost": 7.0, "Plan Rows": 200, "Plan Width": 4, "Plans": [{"Node Type": "Seq Scan", "Parent Relationship": "Outer", "Parallel Aware": false, "Async Capable": false, "Relation Name": "web_page", "Alias": "web_page", "Startup Cost": 0.0, "Total Cost": 7.0, "Plan Rows": 200, "Plan Width": 4}]}]}]}, {"Node Type": "Materialize", "Parent Relationship": "Inner", "Parallel Aware": false, "Async Capable": false, "Startup Cost": 20000000001.86, "Total Cost": 20000286515.79, "Plan Rows": 342, "Plan Width": 34, "Plans": [{"Node Type": "Nested Loop", "Parent Relationship": "Outer", "Parallel Aware": false, "Async Capable": false, "Join Type": "Inner", "Startup Cost": 20000000001.86, "Total Cost": 20000286514.08, "Plan Rows": 342, "Plan Width": 34, "Inner Unique": true, "Join Filter": "((cd1.cd_marital_status = cd2.cd_marital_status) AND (cd1.cd_education_status = cd2.cd_education_status))", "Plans": [{"Node Type": "Nested Loop", "Parent Relationship": "Outer", "Parallel Aware": false, "Async Capable": false, "Join Type": "Inner", "Startup Cost": 10000000001.43, "Total Cost": 10000279199.73, "Plan Rows": 11974, "Plan Width": 38, "Inner Unique": true, "Plans": [{"Node Type": "Nested Loop", "Parent Relationship": "Outer", "Parallel Aware": false, "Async Capable": false, "Join Type": "Inner", "Startup Cost": 1.0, "Total Cost": 191021.28, "Plan Rows": 144353, "Plan Width": 19, "Inner Unique": true, "Plans": [{"Node Type": "Nested Loop", "Parent Relationship": "Outer", "Parallel Aware": false, "Async Capable": false, "Join Type": "Inner", "Startup Cost": 0.85, "Total Cost": 187449.19, "Plan Rows": 144353, "Plan Width": 23, "Inner Unique": true, "Plans": [{"Node Type": "Index Scan", "Parent Relationship": "Outer", "Parallel Aware": false, "Async Capable": false, "Scan Direction": "Forward", "Index Name": "web_returns_pkey", "Relation Name": "web_returns", "Alias": "web_returns", "Startup Cost": 0.42, "Total Cost": 73740.67, "Plan Rows": 719217, "Plan Width": 24}, {"Node Type": "Memoize", "Parent Relationship": "Inner", "Parallel Aware": false, "Async Capable": false, "Startup Cost": 0.43, "Total Cost": 0.5, "Plan Rows": 1, "Plan Width": 7, "Cache Key": "web_returns.wr_refunded_addr_sk", "Cache Mode": "logical", "Plans": [{"Node Type": "Index Scan", "Parent Relationship": "Outer", "Parallel Aware": false, "Async Capable": false, "Scan Direction": "Forward", "Index Name": "customer_address_pkey", "Relation Name": "customer_address", "Alias": "customer_address", "Startup Cost": 0.42, "Total Cost": 0.49, "Plan Rows": 1, "Plan Width": 7, "Index Cond": "(ca_address_sk = web_returns.wr_refunded_addr_sk)", "Filter": "(((ca_country)::text = 'United States'::text) AND ((ca_state = ANY ('{NE,OK,GA}'::bpchar[])) OR (ca_state = ANY ('{NM,NY,VA}'::bpchar[])) OR (ca_state = ANY ('{AL,MD,CO}'::bpchar[]))))"}]}]}, {"Node Type": "Memoize", "Parent Relationship": "Inner", "Parallel Aware": false, "Async Capable": false, "Startup Cost": 0.15, "Total Cost": 0.17, "Plan Rows": 1, "Plan Width": 4, "Cache Key": "web_returns.wr_reason_sk", "Cache Mode": "logical", "Plans": [{"Node Type": "Index Only Scan", "Parent Relationship": "Outer", "Parallel Aware": false, "Async Capable": false, "Scan Direction": "Forward", "Index Name": "reason_pkey", "Relation Name": "reason", "Alias": "reason", "Startup Cost": 0.14, "Total Cost": 0.16, "Plan Rows": 1, "Plan Width": 4, "Index Cond": "(r_reason_sk = web_returns.wr_reason_sk)"}]}]}, {"Node Type": "Index Scan", "Parent Relationship": "Inner", "Parallel Aware": false, "Async Capable": false, "Scan Direction": "Forward", "Index Name": "customer_demographics_pkey", "Relation Name": "customer_demographics", "Alias": "cd1", "Startup Cost": 0.43, "Total Cost": 0.61, "Plan Rows": 1, "Plan Width": 27, "Index Cond": "(cd_demo_sk = web_returns.wr_refunded_cdemo_sk)", "Filter": "(((cd_marital_status = 'W'::bpchar) AND (cd_education_status = 'Advanced Degree'::bpchar)) OR ((cd_marital_status = 'U'::bpchar) AND (cd_education_status = '2 yr Degree'::bpchar)) OR ((cd_marital_status = 'D'::bpchar) AND (cd_education_status = 'College'::bpchar)))"}]}, {"Node Type": "Index Scan", "Parent Relationship": "Inner", "Parallel Aware": false, "Async Capable": false, "Scan Direction": "Forward", "Index Name": "customer_demographics_pkey", "Relation Name": "customer_demographics", "Alias": "cd2", "Startup Cost": 0.43, "Total Cost": 0.6, "Plan Rows": 1, "Plan Width": 27, "Index Cond": "(cd_demo_sk = web_returns.wr_returning_cdemo_sk)"}]}]}]}]}}, {"Plan": {"Node Type": "Aggregate", "Strategy": "Plain", "Partial Mode": "Simple", "Parallel Aware": false, "Async Capable": false, "Startup Cost": 13857329.63, "Total Cost": 13857329.64, "Plan Rows": 1, "Plan Width": 8, "Plans": [{"Node Type": "Merge Join", "Parent Relationship": "Outer", "Parallel Aware": false, "Async Capable": false, "Join Type": "Inner", "Startup Cost": 3002.44, "Total Cost": 13857329.63, "Plan Rows": 1, "Plan Width": 0, "Inner Unique": false, "Merge Cond": "((web_returns.wr_item_sk = web_sales.ws_item_sk) AND (web_returns.wr_order_number = web_sales.ws_order_number))", "Join Filter": "((cd1.cd_demo_sk = web_returns.wr_refunded_cdemo_sk) AND (cd1.cd_marital_status = cd2.cd_marital_status) AND (cd1.cd_education_status = cd2.cd_education_status) AND (((customer_address.ca_state = ANY ('{NE,OK,GA}'::bpchar[])) AND (web_sales.ws_net_profit >= '100'::numeric) AND (web_sales.ws_net_profit <= '200'::numeric)) OR ((customer_address.ca_state = ANY ('{NM,NY,VA}'::bpchar[])) AND (web_sales.ws_net_profit >= '150'::numeric) AND (web_sales.ws_net_profit <= '300'::numeric)) OR ((customer_address.ca_state = ANY ('{AL,MD,CO}'::bpchar[])) AND (web_sales.ws_net_profit >= '50'::numeric) AND (web_sales.ws_net_profit <= '250'::numeric))))", "Plans": [{"Node Type": "Gather Merge", "Parent Relationship": "Outer", "Parallel Aware": false, "Async Capable": false, "Startup Cost": 1001.47, "Total Cost": 217261.11, "Plan Rows": 144353, "Plan Width": 38, "Workers Planned": 3, "Plans": [{"Node Type": "Nested Loop", "Parent Relationship": "Outer", "Parallel Aware": false, "Async Capable": false, "Join Type": "Inner", "Startup Cost": 1.43, "Total Cost": 199299.59, "Plan Rows": 46565, "Plan Width": 38, "Inner Unique": true, "Plans": [{"Node Type": "Nested Loop", "Parent Relationship": "Outer", "Parallel Aware": false, "Async Capable": false, "Join Type": "Inner", "Startup Cost": 1.28, "Total Cost": 198142.41, "Plan Rows": 46565, "Plan Width": 42, "Inner Unique": true, "Plans": [{"Node Type": "Nested Loop", "Parent Relationship": "Outer", "Parallel Aware": false, "Async Capable": false, "Join Type": "Inner", "Startup Cost": 0.85, "Total Cost": 170396.52, "Plan Rows": 46565, "Plan Width": 23, "Inner Unique": true, "Plans": [{"Node Type": "Index Scan", "Parent Relationship": "Outer", "Parallel Aware": true, "Async Capable": false, "Scan Direction": "Forward", "Index Name": "web_returns_pkey", "Relation Name": "web_returns", "Alias": "web_returns", "Startup Cost": 0.42, "Total Cost": 68868.56, "Plan Rows": 232005, "Plan Width": 24}, {"Node Type": "Memoize", "Parent Relationship": "Inner", "Parallel Aware": false, "Async Capable": false, "Startup Cost": 0.43, "Total Cost": 0.5, "Plan Rows": 1, "Plan Width": 7, "Cache Key": "web_returns.wr_refunded_addr_sk", "Cache Mode": "logical", "Plans": [{"Node Type": "Index Scan", "Parent Relationship": "Outer", "Parallel Aware": false, "Async Capable": false, "Scan Direction": "Forward", "Index Name": "customer_address_pkey", "Relation Name": "customer_address", "Alias": "customer_address", "Startup Cost": 0.42, "Total Cost": 0.49, "Plan Rows": 1, "Plan Width": 7, "Index Cond": "(ca_address_sk = web_returns.wr_refunded_addr_sk)", "Filter": "(((ca_country)::text = 'United States'::text) AND ((ca_state = ANY ('{NE,OK,GA}'::bpchar[])) OR (ca_state = ANY ('{NM,NY,VA}'::bpchar[])) OR (ca_state = ANY ('{AL,MD,CO}'::bpchar[]))))"}]}]}, {"Node Type": "Index Scan", "Parent Relationship": "Inner", "Parallel Aware": false, "Async Capable": false, "Scan Direction": "Forward", "Index Name": "customer_demographics_pkey", "Relation Name": "customer_demographics", "Alias": "cd2", "Startup Cost": 0.43, "Total Cost": 0.6, "Plan Rows": 1, "Plan Width": 27, "Index Cond": "(cd_demo_sk = web_returns.wr_returning_cdemo_sk)"}]}, {"Node Type": "Memoize", "Parent Relationship": "Inner", "Parallel Aware": false, "Async Capable": false, "Startup Cost": 0.15, "Total Cost": 0.17, "Plan Rows": 1, "Plan Width": 4, "Cache Key": "web_returns.wr_reason_sk", "Cache Mode": "logical", "Plans": [{"Node Type": "Index Only Scan", "Parent Relationship": "Outer", "Parallel Aware": false, "Async Capable": false, "Scan Direction": "Forward", "Index Name": "reason_pkey", "Relation Name": "reason", "Alias": "reason", "Startup Cost": 0.14, "Total Cost": 0.16, "Plan Rows": 1, "Plan Width": 4, "Index Cond": "(r_reason_sk = web_returns.wr_reason_sk)"}]}]}]}, {"Node Type": "Materialize", "Parent Relationship": "Inner", "Parallel Aware": false, "Async Capable": false, "Startup Cost": 2000.97, "Total Cost": 13112612.46, "Plan Rows": 105344141, "Plan Width": 41, "Plans": [{"Node Type": "Nested Loop", "Parent Relationship": "Outer", "Parallel Aware": false, "Async Capable": false, "Join Type": "Inner", "Startup Cost": 2000.97, "Total Cost": 12849252.11, "Plan Rows": 105344141, "Plan Width": 41, "Inner Unique": false, "Join Filter": "(((cd1.cd_marital_status = 'W'::bpchar) AND (cd1.cd_education_status = 'Advanced Degree'::bpchar) AND (web_sales.ws_sales_price >= 100.00) AND (web_sales.ws_sales_price <= 150.00)) OR ((cd1.cd_marital_status = 'U'::bpchar) AND (cd1.cd_education_status = '2 yr Degree'::bpchar) AND (web_sales.ws_sales_price >= 50.00) AND (web_sales.ws_sales_price <= 100.00)) OR ((cd1.cd_marital_status = 'D'::bpchar) AND (cd1.cd_education_status = 'College'::bpchar) AND (web_sales.ws_sales_price >= 150.00) AND (web_sales.ws_sales_price <= 200.00)))", "Plans": [{"Node Type": "Gather Merge", "Parent Relationship": "Outer", "Parallel Aware": false, "Async Capable": false, "Startup Cost": 1000.97, "Total Cost": 958246.33, "Plan Rows": 1748, "Plan Width": 20, "Workers Planned": 5, "Plans": [{"Node Type": "Nested Loop", "Parent Relationship": "Outer", "Parallel Aware": false, "Async Capable": false, "Join Type": "Inner", "Startup Cost": 0.89, "Total Cost": 957035.75, "Plan Rows": 350, "Plan Width": 20, "Inner Unique": true, "Plans": [{"Node Type": "Nested Loop", "Parent Relationship": "Outer", "Parallel Aware": false, "Async Capable": false, "Join Type": "Inner", "Startup Cost": 0.73, "Total Cost": 956994.47, "Plan Rows": 350, "Plan Width": 24, "Inner Unique": true, "Plans": [{"Node Type": "Index Scan", "Parent Relationship": "Outer", "Parallel Aware": true, "Async Capable": false, "Scan Direction": "Forward", "Index Name": "web_sales_pkey", "Relation Name": "web_sales", "Alias": "web_sales", "Startup Cost": 0.43, "Total Cost": 954641.29, "Plan Rows": 69972, "Plan Width": 28, "Filter": "((((ws_sales_price >= 100.00) AND (ws_sales_price <= 150.00)) OR ((ws_sales_price >= 50.00) AND (ws_sales_price <= 100.00)) OR ((ws_sales_price >= 150.00) AND (ws_sales_price <= 200.00))) AND (((ws_net_profit >= '100'::numeric) AND (ws_net_profit <= '200'::numeric)) OR ((ws_net_profit >= '150'::numeric) AND (ws_net_profit <= '300'::numeric)) OR ((ws_net_profit >= '50'::numeric) AND (ws_net_profit <= '250'::numeric))))"}, {"Node Type": "Memoize", "Parent Relationship": "Inner", "Parallel Aware": false, "Async Capable": false, "Startup Cost": 0.3, "Total Cost": 0.34, "Plan Rows": 1, "Plan Width": 4, "Cache Key": "web_sales.ws_sold_date_sk", "Cache Mode": "logical", "Plans": [{"Node Type": "Index Scan", "Parent Relationship": "Outer", "Parallel Aware": false, "Async Capable": false, "Scan Direction": "Forward", "Index Name": "date_dim_pkey", "Relation Name": "date_dim", "Alias": "date_dim", "Startup Cost": 0.29, "Total Cost": 0.33, "Plan Rows": 1, "Plan Width": 4, "Index Cond": "(d_date_sk = web_sales.ws_sold_date_sk)", "Filter": "(d_year = 2001)"}]}]}, {"Node Type": "Memoize", "Parent Relationship": "Inner", "Parallel Aware": false, "Async Capable": false, "Startup Cost": 0.15, "Total Cost": 0.17, "Plan Rows": 1, "Plan Width": 4, "Cache Key": "web_sales.ws_web_page_sk", "Cache Mode": "logical", "Plans": [{"Node Type": "Index Only Scan", "Parent Relationship": "Outer", "Parallel Aware": false, "Async Capable": false, "Scan Direction": "Forward", "Index Name": "web_page_pkey", "Relation Name": "web_page", "Alias": "web_page", "Startup Cost": 0.14, "Total Cost": 0.16, "Plan Rows": 1, "Plan Width": 4, "Index Cond": "(wp_web_page_sk = web_sales.ws_web_page_sk)"}]}]}]}, {"Node Type": "Materialize", "Parent Relationship": "Inner", "Parallel Aware": false, "Async Capable": false, "Startup Cost": 1000.0, "Total Cost": 55075.55, "Plan Rows": 159326, "Plan Width": 27, "Plans": [{"Node Type": "Gather", "Parent Relationship": "Outer", "Parallel Aware": false, "Async Capable": false, "Startup Cost": 1000.0, "Total Cost": 54278.92, "Plan Rows": 159326, "Plan Width": 27, "Workers Planned": 3, "Single Copy": false, "Plans": [{"Node Type": "Seq Scan", "Parent Relationship": "Outer", "Parallel Aware": true, "Async Capable": false, "Relation Name": "customer_demographics", "Alias": "cd1", "Startup Cost": 0.0, "Total Cost": 37346.32, "Plan Rows": 51395, "Plan Width": 27, "Filter": "(((cd_marital_status = 'W'::bpchar) AND (cd_education_status = 'Advanced Degree'::bpchar)) OR ((cd_marital_status = 'U'::bpchar) AND (cd_education_status = '2 yr Degree'::bpchar)) OR ((cd_marital_status = 'D'::bpchar) AND (cd_education_status = 'College'::bpchar)))"}]}]}]}]}]}]}}, {"Plan": {"Node Type": "Aggregate", "Strategy": "Plain", "Partial Mode": "Simple", "Parallel Aware": false, "Async Capable": false, "Startup Cost": 12916797.94, "Total Cost": 12916797.95, "Plan Rows": 1, "Plan Width": 8, "Plans": [{"Node Type": "Merge Join", "Parent Relationship": "Outer", "Parallel Aware": false, "Async Capable": false, "Join Type": "Inner", "Startup Cost": 83133.61, "Total Cost": 12916797.93, "Plan Rows": 1, "Plan Width": 0, "Inner Unique": false, "Merge Cond": "(cd1.cd_demo_sk = web_returns.wr_refunded_cdemo_sk)", "Join Filter": "((web_sales.ws_item_sk = web_returns.wr_item_sk) AND (web_sales.ws_order_number = web_returns.wr_order_number) AND (cd1.cd_marital_status = cd2.cd_marital_status) AND (cd1.cd_education_status = cd2.cd_education_status) AND (((customer_address.ca_state = ANY ('{NE,OK,GA}'::bpchar[])) AND (web_sales.ws_net_profit >= '100'::numeric) AND (web_sales.ws_net_profit <= '200'::numeric)) OR ((customer_address.ca_state = ANY ('{NM,NY,VA}'::bpchar[])) AND (web_sales.ws_net_profit >= '150'::numeric) AND (web_sales.ws_net_profit <= '300'::numeric)) OR ((customer_address.ca_state = ANY ('{AL,MD,CO}'::bpchar[])) AND (web_sales.ws_net_profit >= '50'::numeric) AND (web_sales.ws_net_profit <= '250'::numeric))))", "Plans": [{"Node Type": "Nested Loop", "Parent Relationship": "Outer", "Parallel Aware": false, "Async Capable": false, "Join Type": "Inner", "Startup Cost": 2973.74, "Total Cost": 12185650.65, "Plan Rows": 105344141, "Plan Width": 41, "Inner Unique": false, "Join Filter": "(((cd1.cd_marital_status = 'W'::bpchar) AND (cd1.cd_education_status = 'Advanced Degree'::bpchar) AND (web_sales.ws_sales_price >= 100.00) AND (web_sales.ws_sales_price <= 150.00)) OR ((cd1.cd_marital_status = 'U'::bpchar) AND (cd1.cd_education_status = '2 yr Degree'::bpchar) AND (web_sales.ws_sales_price >= 50.00) AND (web_sales.ws_sales_price <= 100.00)) OR ((cd1.cd_marital_status = 'D'::bpchar) AND (cd1.cd_education_status = 'College'::bpchar) AND (web_sales.ws_sales_price >= 150.00) AND (web_sales.ws_sales_price <= 200.00)))", "Plans": [{"Node Type": "Index Scan", "Parent Relationship": "Outer", "Parallel Aware": false, "Async Capable": false, "Scan Direction": "Forward", "Index Name": "customer_demographics_pkey", "Relation Name": "customer_demographics", "Alias": "cd1", "Startup Cost": 0.43, "Total Cost": 100555.43, "Plan Rows": 159326, "Plan Width": 27, "Filter": "(((cd_marital_status = 'W'::bpchar) AND (cd_education_status = 'Advanced Degree'::bpchar)) OR ((cd_marital_status = 'U'::bpchar) AND (cd_education_status = '2 yr Degree'::bpchar)) OR ((cd_marital_status = 'D'::bpchar) AND (cd_education_status = 'College'::bpchar)))"}, {"Node Type": "Materialize", "Parent Relationship": "Inner", "Parallel Aware": false, "Async Capable": false, "Startup Cost": 2973.31, "Total Cost": 248771.06, "Plan Rows": 1748, "Plan Width": 20, "Plans": [{"Node Type": "Gather", "Parent Relationship": "Outer", "Parallel Aware": false, "Async Capable": false, "Startup Cost": 2973.31, "Total Cost": 248762.32, "Plan Rows": 1748, "Plan Width": 20, "Workers Planned": 5, "Single Copy": false, "Plans": [{"Node Type": "Hash Join", "Parent Relationship": "Outer", "Parallel Aware": false, "Async Capable": false, "Join Type": "Inner", "Startup Cost": 1973.31, "Total Cost": 247587.52, "Plan Rows": 350, "Plan Width": 20, "Inner Unique": true, "Hash Cond": "(web_sales.ws_web_page_sk = web_page.wp_web_page_sk)", "Plans": [{"Node Type": "Hash Join", "Parent Relationship": "Outer", "Parallel Aware": true, "Async Capable": false, "Join Type": "Inner", "Startup Cost": 1963.81, "Total Cost": 247577.08, "Plan Rows": 350, "Plan Width": 24, "Inner Unique": true, "Hash Cond": "(web_sales.ws_sold_date_sk = date_dim.d_date_sk)", "Plans": [{"Node Type": "Seq Scan", "Parent Relationship": "Outer", "Parallel Aware": true, "Async Capable": false, "Relation Name": "web_sales", "Alias": "web_sales", "Startup Cost": 0.0, "Total Cost": 245429.58, "Plan Rows": 69972, "Plan Width": 28, "Filter": "((((ws_sales_price >= 100.00) AND (ws_sales_price <= 150.00)) OR ((ws_sales_price >= 50.00) AND (ws_sales_price <= 100.00)) OR ((ws_sales_price >= 150.00) AND (ws_sales_price <= 200.00))) AND (((ws_net_profit >= '100'::numeric) AND (ws_net_profit <= '200'::numeric)) OR ((ws_net_profit >= '150'::numeric) AND (ws_net_profit <= '300'::numeric)) OR ((ws_net_profit >= '50'::numeric) AND (ws_net_profit <= '250'::numeric))))"}, {"Node Type": "Hash", "Parent Relationship": "Inner", "Parallel Aware": true, "Async Capable": false, "Startup Cost": 1961.12, "Total Cost": 1961.12, "Plan Rows": 215, "Plan Width": 4, "Plans": [{"Node Type": "Seq Scan", "Parent Relationship": "Outer", "Parallel Aware": true, "Async Capable": false, "Relation Name": "date_dim", "Alias": "date_dim", "Startup Cost": 0.0, "Total Cost": 1961.12, "Plan Rows": 215, "Plan Width": 4, "Filter": "(d_year = 2001)"}]}]}, {"Node Type": "Hash", "Parent Relationship": "Inner", "Parallel Aware": false, "Async Capable": false, "Startup Cost": 7.0, "Total Cost": 7.0, "Plan Rows": 200, "Plan Width": 4, "Plans": [{"Node Type": "Seq Scan", "Parent Relationship": "Outer", "Parallel Aware": false, "Async Capable": false, "Relation Name": "web_page", "Alias": "web_page", "Startup Cost": 0.0, "Total Cost": 7.0, "Plan Rows": 200, "Plan Width": 4}]}]}]}]}]}, {"Node Type": "Sort", "Parent Relationship": "Inner", "Parallel Aware": false, "Async Capable": false, "Startup Cost": 80159.31, "Total Cost": 80520.19, "Plan Rows": 144353, "Plan Width": 38, "Sort Key": ["web_returns.wr_refunded_cdemo_sk"], "Plans": [{"Node Type": "Gather", "Parent Relationship": "Outer", "Parallel Aware": false, "Async Capable": false, "Startup Cost": 9225.74, "Total Cost": 67788.8, "Plan Rows": 144353, "Plan Width": 38, "Workers Planned": 3, "Single Copy": false, "Plans": [{"Node Type": "Hash Join", "Parent Relationship": "Outer", "Parallel Aware": false, "Async Capable": false, "Join Type": "Inner", "Startup Cost": 8225.74, "Total Cost": 52353.5, "Plan Rows": 46565, "Plan Width": 38, "Inner Unique": true, "Hash Cond": "(web_returns.wr_reason_sk = reason.r_reason_sk)", "Plans": [{"Node Type": "Nested Loop", "Parent Relationship": "Outer", "Parallel Aware": false, "Async Capable": false, "Join Type": "Inner", "Startup Cost": 8223.72, "Total Cost": 52218.27, "Plan Rows": 46565, "Plan Width": 42, "Inner Unique": true, "Plans": [{"Node Type": "Hash Join", "Parent Relationship": "Outer", "Parallel Aware": true, "Async Capable": false, "Join Type": "Inner", "Startup Cost": 8223.3, "Total Cost": 24472.37, "Plan Rows": 46565, "Plan Width": 23, "Inner Unique": true, "Hash Cond": "(web_returns.wr_refunded_addr_sk = customer_address.ca_address_sk)", "Plans": [{"Node Type": "Seq Scan", "Parent Relationship": "Outer", "Parallel Aware": true, "Async Capable": false, "Relation Name": "web_returns", "Alias": "web_returns", "Startup Cost": 0.0, "Total Cost": 15640.05, "Plan Rows": 232005, "Plan Width": 24}, {"Node Type": "Hash", "Parent Relationship": "Inner", "Parallel Aware": true, "Async Capable": false, "Startup Cost": 7961.96, "Total Cost": 7961.96, "Plan Rows": 20907, "Plan Width": 7, "Plans": [{"Node Type": "Seq Scan", "Parent Relationship": "Outer", "Parallel Aware": true, "Async Capable": false, "Relation Name": "customer_address", "Alias": "customer_address", "Startup Cost": 0.0, "Total Cost": 7961.96, "Plan Rows": 20907, "Plan Width": 7, "Filter": "(((ca_country)::text = 'United States'::text) AND ((ca_state = ANY ('{NE,OK,GA}'::bpchar[])) OR (ca_state = ANY ('{NM,NY,VA}'::bpchar[])) OR (ca_state = ANY ('{AL,MD,CO}'::bpchar[]))))"}]}]}, {"Node Type": "Index Scan", "Parent Relationship": "Inner", "Parallel Aware": false, "Async Capable": false, "Scan Direction": "Forward", "Index Name": "customer_demographics_pkey", "Relation Name": "customer_demographics", "Alias": "cd2", "Startup Cost": 0.43, "Total Cost": 0.6, "Plan Rows": 1, "Plan Width": 27, "Index Cond": "(cd_demo_sk = web_returns.wr_returning_cdemo_sk)"}]}, {"Node Type": "Hash", "Parent Relationship": "Inner", "Parallel Aware": false, "Async Capable": false, "Startup Cost": 1.45, "Total Cost": 1.45, "Plan Rows": 45, "Plan Width": 4, "Plans": [{"Node Type": "Seq Scan", "Parent Relationship": "Outer", "Parallel Aware": false, "Async Capable": false, "Relation Name": "reason", "Alias": "reason", "Startup Cost": 0.0, "Total Cost": 1.45, "Plan Rows": 45, "Plan Width": 4}]}]}]}]}]}]}}, {"Plan": {"Node Type": "Aggregate", "Strategy": "Plain", "Partial Mode": "Simple", "Parallel Aware": false, "Async Capable": false, "Startup Cost": 143303.16, "Total Cost": 143303.17, "Plan Rows": 1, "Plan Width": 8, "Actual Rows": 1, "Actual Loops": 1, "Plans": [{"Node Type": "Gather", "Parent Relationship": "Outer", "Parallel Aware": false, "Async Capable": false, "Startup Cost": 105378.5, "Total Cost": 143303.15, "Plan Rows": 1, "Plan Width": 0, "Actual Rows": 16, "Actual Loops": 1, "Workers Planned": 3, "Workers Launched": 3, "Single Copy": false, "Plans": [{"Node Type": "Hash Join", "Parent Relationship": "Outer", "Parallel Aware": true, "Async Capable": false, "Join Type": "Inner", "Startup Cost": 104378.5, "Total Cost": 142303.05, "Plan Rows": 1, "Plan Width": 0, "Actual Rows": 4, "Actual Loops": 4, "Inner Unique": false, "Hash Cond": "((cd1.cd_demo_sk = web_returns.wr_refunded_cdemo_sk) AND (cd1.cd_marital_status = cd2.cd_marital_status) AND (cd1.cd_education_status = cd2.cd_education_status))", "Join Filter": "(((cd1.cd_marital_status = 'W'::bpchar) AND (cd1.cd_education_status = 'Advanced Degree'::bpchar) AND (web_sales.ws_sales_price >= 100.00) AND (web_sales.ws_sales_price <= 150.00)) OR ((cd1.cd_marital_status = 'U'::bpchar) AND (cd1.cd_education_status = '2 yr Degree'::bpchar) AND (web_sales.ws_sales_price >= 50.00) AND (web_sales.ws_sales_price <= 100.00)) OR ((cd1.cd_marital_status = 'D'::bpchar) AND (cd1.cd_education_status = 'College'::bpchar) AND (web_sales.ws_sales_price >= 150.00) AND (web_sales.ws_sales_price <= 200.00)))", "Rows Removed by Join Filter": 8, "Workers": [], "Plans": [{"Node Type": "Seq Scan", "Parent Relationship": "Outer", "Parallel Aware": true, "Async Capable": false, "Relation Name": "customer_demographics", "Alias": "cd1", "Startup Cost": 0.0, "Total Cost": 37346.32, "Plan Rows": 51395, "Plan Width": 27, "Actual Rows": 41160, "Actual Loops": 4, "Filter": "(((cd_marital_status = 'W'::bpchar) AND (cd_education_status = 'Advanced Degree'::bpchar)) OR ((cd_marital_status = 'U'::bpchar) AND (cd_education_status = '2 yr Degree'::bpchar)) OR ((cd_marital_status = 'D'::bpchar) AND (cd_education_status = 'College'::bpchar)))", "Rows Removed by Filter": 439040, "Workers": []}, {"Node Type": "Hash", "Parent Relationship": "Inner", "Parallel Aware": true, "Async Capable": false, "Startup Cost": 104378.48, "Total Cost": 104378.48, "Plan Rows": 1, "Plan Width": 33, "Actual Rows": 148, "Actual Loops": 4, "Hash Buckets": 1024, "Original Hash Buckets": 1024, "Hash Batches": 1, "Original Hash Batches": 1, "Peak Memory Usage": 136, "Workers": [], "Plans": [{"Node Type": "Nested Loop", "Parent Relationship": "Outer", "Parallel Aware": false, "Async Capable": false, "Join Type": "Inner", "Startup Cost": 8224.73, "Total Cost": 104378.48, "Plan Rows": 1, "Plan Width": 33, "Actual Rows": 148, "Actual Loops": 4, "Inner Unique": true, "Workers": [], "Plans": [{"Node Type": "Nested Loop", "Parent Relationship": "Outer", "Parallel Aware": false, "Async Capable": false, "Join Type": "Inner", "Startup Cost": 8224.59, "Total Cost": 104378.32, "Plan Rows": 1, "Plan Width": 37, "Actual Rows": 150, "Actual Loops": 4, "Inner Unique": true, "Workers": [], "Plans": [{"Node Type": "Nested Loop", "Parent Relationship": "Outer", "Parallel Aware": false, "Async Capable": false, "Join Type": "Inner", "Startup Cost": 8224.3, "Total Cost": 104377.99, "Plan Rows": 1, "Plan Width": 41, "Actual Rows": 708, "Actual Loops": 4, "Inner Unique": true, "Workers": [], "Plans": [{"Node Type": "Nested Loop", "Parent Relationship": "Outer", "Parallel Aware": false, "Async Capable": false, "Join Type": "Inner", "Startup Cost": 8223.87, "Total Cost": 104377.39, "Plan Rows": 1, "Plan Width": 22, "Actual Rows": 723, "Actual Loops": 4, "Inner Unique": true, "Workers": [], "Plans": [{"Node Type": "Nested Loop", "Parent Relationship": "Outer", "Parallel Aware": false, "Async Capable": false, "Join Type": "Inner", "Startup Cost": 8223.73, "Total Cost": 104377.23, "Plan Rows": 1, "Plan Width": 26, "Actual Rows": 724, "Actual Loops": 4, "Inner Unique": true, "Join Filter": "(((customer_address.ca_state = ANY ('{NE,OK,GA}'::bpchar[])) AND (web_sales.ws_net_profit >= '100'::numeric) AND (web_sales.ws_net_profit <= '200'::numeric)) OR ((customer_address.ca_state = ANY ('{NM,NY,VA}'::bpchar[])) AND (web_sales.ws_net_profit >= '150'::numeric) AND (web_sales.ws_net_profit <= '300'::numeric)) OR ((customer_address.ca_state = ANY ('{AL,MD,CO}'::bpchar[])) AND (web_sales.ws_net_profit >= '50'::numeric) AND (web_sales.ws_net_profit <= '250'::numeric)))", "Rows Removed by Join Filter": 600, "Workers": [], "Plans": [{"Node Type": "Hash Join", "Parent Relationship": "Outer", "Parallel Aware": true, "Async Capable": false, "Join Type": "Inner", "Startup Cost": 8223.3, "Total Cost": 24472.37, "Plan Rows": 46565, "Plan Width": 23, "Actual Rows": 37456, "Actual Loops": 4, "Inner Unique": true, "Hash Cond": "(web_returns.wr_refunded_addr_sk = customer_address.ca_address_sk)", "Workers": [], "Plans": [{"Node Type": "Seq Scan", "Parent Relationship": "Outer", "Parallel Aware": true, "Async Capable": false, "Relation Name": "web_returns", "Alias": "web_returns", "Startup Cost": 0.0, "Total Cost": 15640.05, "Plan Rows": 232005, "Plan Width": 24, "Actual Rows": 179804, "Actual Loops": 4, "Workers": []}, {"Node Type": "Hash", "Parent Relationship": "Inner", "Parallel Aware": true, "Async Capable": false, "Startup Cost": 7961.96, "Total Cost": 7961.96, "Plan Rows": 20907, "Plan Width": 7, "Actual Rows": 13614, "Actual Loops": 4, "Hash Buckets": 65536, "Original Hash Buckets": 65536, "Hash Batches": 1, "Original Hash Batches": 1, "Peak Memory Usage": 2720, "Workers": [], "Plans": [{"Node Type": "Seq Scan", "Parent Relationship": "Outer", "Parallel Aware": true, "Async Capable": false, "Relation Name": "customer_address", "Alias": "customer_address", "Startup Cost": 0.0, "Total Cost": 7961.96, "Plan Rows": 20907, "Plan Width": 7, "Actual Rows": 13614, "Actual Loops": 4, "Filter": "(((ca_country)::text = 'United States'::text) AND ((ca_state = ANY ('{NE,OK,GA}'::bpchar[])) OR (ca_state = ANY ('{NM,NY,VA}'::bpchar[])) OR (ca_state = ANY ('{AL,MD,CO}'::bpchar[]))))", "Rows Removed by Filter": 48886, "Workers": []}]}]}, {"Node Type": "Index Scan", "Parent Relationship": "Inner", "Parallel Aware": false, "Async Capable": false, "Scan Direction": "Forward", "Index Name": "web_sales_pkey", "Relation Name": "web_sales", "Alias": "web_sales", "Startup Cost": 0.43, "Total Cost": 1.68, "Plan Rows": 1, "Plan Width": 28, "Actual Rows": 0, "Actual Loops": 149825, "Index Cond": "((ws_item_sk = web_returns.wr_item_sk) AND (ws_order_number = web_returns.wr_order_number))", "Rows Removed by Index Recheck": 0, "Filter": "((((ws_sales_price >= 100.00) AND (ws_sales_price <= 150.00)) OR ((ws_sales_price >= 50.00) AND (ws_sales_price <= 100.00)) OR ((ws_sales_price >= 150.00) AND (ws_sales_price <= 200.00))) AND (((ws_net_profit >= '100'::numeric) AND (ws_net_profit <= '200'::numeric)) OR ((ws_net_profit >= '150'::numeric) AND (ws_net_profit <= '300'::numeric)) OR ((ws_net_profit >= '50'::numeric) AND (ws_net_profit <= '250'::numeric))))", "Rows Removed by Filter": 1, "Workers": []}]}, {"Node Type": "Index Only Scan", "Parent Relationship": "Inner", "Parallel Aware": false, "Async Capable": false, "Scan Direction": "Forward", "Index Name": "web_page_pkey", "Relation Name": "web_page", "Alias": "web_page", "Startup Cost": 0.14, "Total Cost": 0.16, "Plan Rows": 1, "Plan Width": 4, "Actual Rows": 1, "Actual Loops": 2894, "Index Cond": "(wp_web_page_sk = web_sales.ws_web_page_sk)", "Rows Removed by Index Recheck": 0, "Heap Fetches": 2892, "Workers": []}]}, {"Node Type": "Index Scan", "Parent Relationship": "Inner", "Parallel Aware": false, "Async Capable": false, "Scan Direction": "Forward", "Index Name": "customer_demographics_pkey", "Relation Name": "customer_demographics", "Alias": "cd2", "Startup Cost": 0.43, "Total Cost": 0.6, "Plan Rows": 1, "Plan Width": 27, "Actual Rows": 1, "Actual Loops": 2892, "Index Cond": "(cd_demo_sk = web_returns.wr_returning_cdemo_sk)", "Rows Removed by Index Recheck": 0, "Workers": []}]}, {"Node Type": "Index Scan", "Parent Relationship": "Inner", "Parallel Aware": false, "Async Capable": false, "Scan Direction": "Forward", "Index Name": "date_dim_pkey", "Relation Name": "date_dim", "Alias": "date_dim", "Startup Cost": 0.29, "Total Cost": 0.33, "Plan Rows": 1, "Plan Width": 4, "Actual Rows": 0, "Actual Loops": 2833, "Index Cond": "(d_date_sk = web_sales.ws_sold_date_sk)", "Rows Removed by Index Recheck": 0, "Filter": "(d_year = 2001)", "Rows Removed by Filter": 1, "Workers": []}]}, {"Node Type": "Index Only Scan", "Parent Relationship": "Inner", "Parallel Aware": false, "Async Capable": false, "Scan Direction": "Forward", "Index Name": "reason_pkey", "Relation Name": "reason", "Alias": "reason", "Startup Cost": 0.14, "Total Cost": 0.16, "Plan Rows": 1, "Plan Width": 4, "Actual Rows": 1, "Actual Loops": 599, "Index Cond": "(r_reason_sk = web_returns.wr_reason_sk)", "Rows Removed by Index Recheck": 0, "Heap Fetches": 593, "Workers": []}]}]}]}]}]}, "Planning Time": 10.449, "Triggers": [], "Execution Time": 1102.424}, {"Plan": {"Node Type": "Aggregate", "Strategy": "Plain", "Partial Mode": "Simple", "Parallel Aware": false, "Async Capable": false, "Startup Cost": 32555746578.3, "Total Cost": 32555746578.31, "Plan Rows": 1, "Plan Width": 8, "Plans": [{"Node Type": "Nested Loop", "Parent Relationship": "Outer", "Parallel Aware": false, "Async Capable": false, "Join Type": "Inner", "Startup Cost": 30000002975.17, "Total Cost": 32555746578.3, "Plan Rows": 1, "Plan Width": 0, "Inner Unique": false, "Join Filter": "((web_sales.ws_item_sk = web_returns.wr_item_sk) AND (web_sales.ws_order_number = web_returns.wr_order_number) AND (customer_address.ca_address_sk = web_returns.wr_refunded_addr_sk) AND (((cd1.cd_marital_status = 'W'::bpchar) AND (cd1.cd_education_status = 'Advanced Degree'::bpchar) AND (web_sales.ws_sales_price >= 100.00) AND (web_sales.ws_sales_price <= 150.00)) OR ((cd1.cd_marital_status = 'U'::bpchar) AND (cd1.cd_education_status = '2 yr Degree'::bpchar) AND (web_sales.ws_sales_price >= 50.00) AND (web_sales.ws_sales_price <= 100.00)) OR ((cd1.cd_marital_status = 'D'::bpchar) AND (cd1.cd_education_status = 'College'::bpchar) AND (web_sales.ws_sales_price >= 150.00) AND (web_sales.ws_sales_price <= 200.00))))", "Plans": [{"Node Type": "Nested Loop", "Parent Relationship": "Outer", "Parallel Aware": false, "Async Capable": false, "Join Type": "Inner", "Startup Cost": 2973.73, "Total Cost": 3662933.4, "Plan Rows": 29931055, "Plan Width": 18, "Inner Unique": false, "Join Filter": "(((customer_address.ca_state = ANY ('{NE,OK,GA}'::bpchar[])) AND (web_sales.ws_net_profit >= '100'::numeric) AND (web_sales.ws_net_profit <= '200'::numeric)) OR ((customer_address.ca_state = ANY ('{NM,NY,VA}'::bpchar[])) AND (web_sales.ws_net_profit >= '150'::numeric) AND (web_sales.ws_net_profit <= '300'::numeric)) OR ((customer_address.ca_state = ANY ('{AL,MD,CO}'::bpchar[])) AND (web_sales.ws_net_profit >= '50'::numeric) AND (web_sales.ws_net_profit <= '250'::numeric)))", "Plans": [{"Node Type": "Index Scan", "Parent Relationship": "Outer", "Parallel Aware": false, "Async Capable": false, "Scan Direction": "Forward", "Index Name": "customer_address_pkey", "Relation Name": "customer_address", "Alias": "customer_address", "Startup Cost": 0.42, "Total Cost": 15427.62, "Plan Rows": 50177, "Plan Width": 7, "Filter": "(((ca_country)::text = 'United States'::text) AND ((ca_state = ANY ('{NE,OK,GA}'::bpchar[])) OR (ca_state = ANY ('{NM,NY,VA}'::bpchar[])) OR (ca_state = ANY ('{AL,MD,CO}'::bpchar[]))))"}, {"Node Type": "Materialize", "Parent Relationship": "Inner", "Parallel Aware": false, "Async Capable": false, "Startup Cost": 2973.31, "Total Cost": 248771.06, "Plan Rows": 1748, "Plan Width": 20, "Plans": [{"Node Type": "Gather", "Parent Relationship": "Outer", "Parallel Aware": false, "Async Capable": false, "Startup Cost": 2973.31, "Total Cost": 248762.32, "Plan Rows": 1748, "Plan Width": 20, "Workers Planned": 5, "Single Copy": false, "Plans": [{"Node Type": "Hash Join", "Parent Relationship": "Outer", "Parallel Aware": false, "Async Capable": false, "Join Type": "Inner", "Startup Cost": 1973.31, "Total Cost": 247587.52, "Plan Rows": 350, "Plan Width": 20, "Inner Unique": true, "Hash Cond": "(web_sales.ws_web_page_sk = web_page.wp_web_page_sk)", "Plans": [{"Node Type": "Hash Join", "Parent Relationship": "Outer", "Parallel Aware": true, "Async Capable": false, "Join Type": "Inner", "Startup Cost": 1963.81, "Total Cost": 247577.08, "Plan Rows": 350, "Plan Width": 24, "Inner Unique": true, "Hash Cond": "(web_sales.ws_sold_date_sk = date_dim.d_date_sk)", "Plans": [{"Node Type": "Seq Scan", "Parent Relationship": "Outer", "Parallel Aware": true, "Async Capable": false, "Relation Name": "web_sales", "Alias": "web_sales", "Startup Cost": 0.0, "Total Cost": 245429.58, "Plan Rows": 69972, "Plan Width": 28, "Filter": "((((ws_sales_price >= 100.00) AND (ws_sales_price <= 150.00)) OR ((ws_sales_price >= 50.00) AND (ws_sales_price <= 100.00)) OR ((ws_sales_price >= 150.00) AND (ws_sales_price <= 200.00))) AND (((ws_net_profit >= '100'::numeric) AND (ws_net_profit <= '200'::numeric)) OR ((ws_net_profit >= '150'::numeric) AND (ws_net_profit <= '300'::numeric)) OR ((ws_net_profit >= '50'::numeric) AND (ws_net_profit <= '250'::numeric))))"}, {"Node Type": "Hash", "Parent Relationship": "Inner", "Parallel Aware": true, "Async Capable": false, "Startup Cost": 1961.12, "Total Cost": 1961.12, "Plan Rows": 215, "Plan Width": 4, "Plans": [{"Node Type": "Seq Scan", "Parent Relationship": "Outer", "Parallel Aware": true, "Async Capable": false, "Relation Name": "date_dim", "Alias": "date_dim", "Startup Cost": 0.0, "Total Cost": 1961.12, "Plan Rows": 215, "Plan Width": 4, "Filter": "(d_year = 2001)"}]}]}, {"Node Type": "Hash", "Parent Relationship": "Inner", "Parallel Aware": false, "Async Capable": false, "Startup Cost": 7.0, "Total Cost": 7.0, "Plan Rows": 200, "Plan Width": 4, "Plans": [{"Node Type": "Seq Scan", "Parent Relationship": "Outer", "Parallel Aware": false, "Async Capable": false, "Relation Name": "web_page", "Alias": "web_page", "Startup Cost": 0.0, "Total Cost": 7.0, "Plan Rows": 200, "Plan Width": 4}]}]}]}]}]}, {"Node Type": "Materialize", "Parent Relationship": "Inner", "Parallel Aware": false, "Async Capable": false, "Startup Cost": 20000000001.44, "Total Cost": 20000461210.41, "Plan Rows": 1705, "Plan Width": 35, "Plans": [{"Node Type": "Nested Loop", "Parent Relationship": "Outer", "Parallel Aware": false, "Async Capable": false, "Join Type": "Inner", "Startup Cost": 20000000001.44, "Total Cost": 20000461201.89, "Plan Rows": 1705, "Plan Width": 35, "Inner Unique": true, "Join Filter": "((cd1.cd_marital_status = cd2.cd_marital_status) AND (cd1.cd_education_status = cd2.cd_education_status))", "Plans": [{"Node Type": "Nested Loop", "Parent Relationship": "Outer", "Parallel Aware": false, "Async Capable": false, "Join Type": "Inner", "Startup Cost": 10000000001.01, "Total Cost": 10000424760.23, "Plan Rows": 59657, "Plan Width": 39, "Inner Unique": true, "Plans": [{"Node Type": "Nested Loop", "Parent Relationship": "Outer", "Parallel Aware": false, "Async Capable": false, "Join Type": "Inner", "Startup Cost": 0.57, "Total Cost": 91509.27, "Plan Rows": 719217, "Plan Width": 20, "Inner Unique": true, "Plans": [{"Node Type": "Index Scan", "Parent Relationship": "Outer", "Parallel Aware": false, "Async Capable": false, "Scan Direction": "Forward", "Index Name": "web_returns_pkey", "Relation Name": "web_returns", "Alias": "web_returns", "Startup Cost": 0.42, "Total Cost": 73740.67, "Plan Rows": 719217, "Plan Width": 24}, {"Node Type": "Memoize", "Parent Relationship": "Inner", "Parallel Aware": false, "Async Capable": false, "Startup Cost": 0.15, "Total Cost": 0.17, "Plan Rows": 1, "Plan Width": 4, "Cache Key": "web_returns.wr_reason_sk", "Cache Mode": "logical", "Plans": [{"Node Type": "Index Only Scan", "Parent Relationship": "Outer", "Parallel Aware": false, "Async Capable": false, "Scan Direction": "Forward", "Index Name": "reason_pkey", "Relation Name": "reason", "Alias": "reason", "Startup Cost": 0.14, "Total Cost": 0.16, "Plan Rows": 1, "Plan Width": 4, "Index Cond": "(r_reason_sk = web_returns.wr_reason_sk)"}]}]}, {"Node Type": "Memoize", "Parent Relationship": "Inner", "Parallel Aware": false, "Async Capable": false, "Startup Cost": 0.44, "Total Cost": 0.62, "Plan Rows": 1, "Plan Width": 27, "Cache Key": "web_returns.wr_refunded_cdemo_sk", "Cache Mode": "logical", "Plans": [{"Node Type": "Index Scan", "Parent Relationship": "Outer", "Parallel Aware": false, "Async Capable": false, "Scan Direction": "Forward", "Index Name": "customer_demographics_pkey", "Relation Name": "customer_demographics", "Alias": "cd1", "Startup Cost": 0.43, "Total Cost": 0.61, "Plan Rows": 1, "Plan Width": 27, "Index Cond": "(cd_demo_sk = web_returns.wr_refunded_cdemo_sk)", "Filter": "(((cd_marital_status = 'W'::bpchar) AND (cd_education_status = 'Advanced Degree'::bpchar)) OR ((cd_marital_status = 'U'::bpchar) AND (cd_education_status = '2 yr Degree'::bpchar)) OR ((cd_marital_status = 'D'::bpchar) AND (cd_education_status = 'College'::bpchar)))"}]}]}, {"Node Type": "Index Scan", "Parent Relationship": "Inner", "Parallel Aware": false, "Async Capable": false, "Scan Direction": "Forward", "Index Name": "customer_demographics_pkey", "Relation Name": "customer_demographics", "Alias": "cd2", "Startup Cost": 0.43, "Total Cost": 0.6, "Plan Rows": 1, "Plan Width": 27, "Index Cond": "(cd_demo_sk = web_returns.wr_returning_cdemo_sk)"}]}]}]}]}}, {"Plan": {"Node Type": "Aggregate", "Strategy": "Plain", "Partial Mode": "Simple", "Parallel Aware": false, "Async Capable": false, "Startup Cost": 101700796.19, "Total Cost": 101700796.2, "Plan Rows": 1, "Plan Width": 8, "Plans": [{"Node Type": "Gather", "Parent Relationship": "Outer", "Parallel Aware": false, "Async Capable": false, "Startup Cost": 82322208.41, "Total Cost": 101700796.18, "Plan Rows": 1, "Plan Width": 0, "Workers Planned": 3, "Single Copy": false, "Plans": [{"Node Type": "Hash Join", "Parent Relationship": "Outer", "Parallel Aware": true, "Async Capable": false, "Join Type": "Inner", "Startup Cost": 82321208.41, "Total Cost": 101699796.08, "Plan Rows": 1, "Plan Width": 0, "Inner Unique": false, "Hash Cond": "((web_returns.wr_refunded_cdemo_sk = cd1.cd_demo_sk) AND (web_returns.wr_returning_cdemo_sk = cd2.cd_demo_sk))", "Join Filter": "(((cd1.cd_marital_status = 'W'::bpchar) AND (cd1.cd_education_status = 'Advanced Degree'::bpchar) AND (web_sales.ws_sales_price >= 100.00) AND (web_sales.ws_sales_price <= 150.00)) OR ((cd1.cd_marital_status = 'U'::bpchar) AND (cd1.cd_education_status = '2 yr Degree'::bpchar) AND (web_sales.ws_sales_price >= 50.00) AND (web_sales.ws_sales_price <= 100.00)) OR ((cd1.cd_marital_status = 'D'::bpchar) AND (cd1.cd_education_status = 'College'::bpchar) AND (web_sales.ws_sales_price >= 150.00) AND (web_sales.ws_sales_price <= 200.00)))", "Plans": [{"Node Type": "Nested Loop", "Parent Relationship": "Outer", "Parallel Aware": false, "Async Capable": false, "Join Type": "Inner", "Startup Cost": 8224.31, "Total Cost": 104377.88, "Plan Rows": 1, "Plan Width": 14, "Inner Unique": true, "Plans": [{"Node Type": "Nested Loop", "Parent Relationship": "Outer", "Parallel Aware": false, "Async Capable": false, "Join Type": "Inner", "Startup Cost": 8224.17, "Total Cost": 104377.73, "Plan Rows": 1, "Plan Width": 18, "Inner Unique": true, "Plans": [{"Node Type": "Nested Loop", "Parent Relationship": "Outer", "Parallel Aware": false, "Async Capable": false, "Join Type": "Inner", "Startup Cost": 8223.87, "Total Cost": 104377.39, "Plan Rows": 1, "Plan Width": 22, "Inner Unique": true, "Plans": [{"Node Type": "Nested Loop", "Parent Relationship": "Outer", "Parallel Aware": false, "Async Capable": false, "Join Type": "Inner", "Startup Cost": 8223.73, "Total Cost": 104377.23, "Plan Rows": 1, "Plan Width": 26, "Inner Unique": true, "Join Filter": "(((customer_address.ca_state = ANY ('{NE,OK,GA}'::bpchar[])) AND (web_sales.ws_net_profit >= '100'::numeric) AND (web_sales.ws_net_profit <= '200'::numeric)) OR ((customer_address.ca_state = ANY ('{NM,NY,VA}'::bpchar[])) AND (web_sales.ws_net_profit >= '150'::numeric) AND (web_sales.ws_net_profit <= '300'::numeric)) OR ((customer_address.ca_state = ANY ('{AL,MD,CO}'::bpchar[])) AND (web_sales.ws_net_profit >= '50'::numeric) AND (web_sales.ws_net_profit <= '250'::numeric)))", "Plans": [{"Node Type": "Hash Join", "Parent Relationship": "Outer", "Parallel Aware": true, "Async Capable": false, "Join Type": "Inner", "Startup Cost": 8223.3, "Total Cost": 24472.37, "Plan Rows": 46565, "Plan Width": 23, "Inner Unique": true, "Hash Cond": "(web_returns.wr_refunded_addr_sk = customer_address.ca_address_sk)", "Plans": [{"Node Type": "Seq Scan", "Parent Relationship": "Outer", "Parallel Aware": true, "Async Capable": false, "Relation Name": "web_returns", "Alias": "web_returns", "Startup Cost": 0.0, "Total Cost": 15640.05, "Plan Rows": 232005, "Plan Width": 24}, {"Node Type": "Hash", "Parent Relationship": "Inner", "Parallel Aware": true, "Async Capable": false, "Startup Cost": 7961.96, "Total Cost": 7961.96, "Plan Rows": 20907, "Plan Width": 7, "Plans": [{"Node Type": "Seq Scan", "Parent Relationship": "Outer", "Parallel Aware": true, "Async Capable": false, "Relation Name": "customer_address", "Alias": "customer_address", "Startup Cost": 0.0, "Total Cost": 7961.96, "Plan Rows": 20907, "Plan Width": 7, "Filter": "(((ca_country)::text = 'United States'::text) AND ((ca_state = ANY ('{NE,OK,GA}'::bpchar[])) OR (ca_state = ANY ('{NM,NY,VA}'::bpchar[])) OR (ca_state = ANY ('{AL,MD,CO}'::bpchar[]))))"}]}]}, {"Node Type": "Index Scan", "Parent Relationship": "Inner", "Parallel Aware": false, "Async Capable": false, "Scan Direction": "Forward", "Index Name": "web_sales_pkey", "Relation Name": "web_sales", "Alias": "web_sales", "Startup Cost": 0.43, "Total Cost": 1.68, "Plan Rows": 1, "Plan Width": 28, "Index Cond": "((ws_item_sk = web_returns.wr_item_sk) AND (ws_order_number = web_returns.wr_order_number))", "Filter": "((((ws_sales_price >= 100.00) AND (ws_sales_price <= 150.00)) OR ((ws_sales_price >= 50.00) AND (ws_sales_price <= 100.00)) OR ((ws_sales_price >= 150.00) AND (ws_sales_price <= 200.00))) AND (((ws_net_profit >= '100'::numeric) AND (ws_net_profit <= '200'::numeric)) OR ((ws_net_profit >= '150'::numeric) AND (ws_net_profit <= '300'::numeric)) OR ((ws_net_profit >= '50'::numeric) AND (ws_net_profit <= '250'::numeric))))"}]}, {"Node Type": "Index Only Scan", "Parent Relationship": "Inner", "Parallel Aware": false, "Async Capable": false, "Scan Direction": "Forward", "Index Name": "web_page_pkey", "Relation Name": "web_page", "Alias": "web_page", "Startup Cost": 0.14, "Total Cost": 0.16, "Plan Rows": 1, "Plan Width": 4, "Index Cond": "(wp_web_page_sk = web_sales.ws_web_page_sk)"}]}, {"Node Type": "Index Scan", "Parent Relationship": "Inner", "Parallel Aware": false, "Async Capable": false, "Scan Direction": "Forward", "Index Name": "date_dim_pkey", "Relation Name": "date_dim", "Alias": "date_dim", "Startup Cost": 0.29, "Total Cost": 0.33, "Plan Rows": 1, "Plan Width": 4, "Index Cond": "(d_date_sk = web_sales.ws_sold_date_sk)", "Filter": "(d_year = 2001)"}]}, {"Node Type": "Index Only Scan", "Parent Relationship": "Inner", "Parallel Aware": false, "Async Capable": false, "Scan Direction": "Forward", "Index Name": "reason_pkey", "Relation Name": "reason", "Alias": "reason", "Startup Cost": 0.14, "Total Cost": 0.16, "Plan Rows": 1, "Plan Width": 4, "Index Cond": "(r_reason_sk = web_returns.wr_reason_sk)"}]}, {"Node Type": "Hash", "Parent Relationship": "Inner", "Parallel Aware": true, "Async Capable": false, "Startup Cost": 20719410.02, "Total Cost": 20719410.02, "Plan Rows": 2820743272, "Plan Width": 31, "Plans": [{"Node Type": "Hash Join", "Parent Relationship": "Outer", "Parallel Aware": true, "Async Capable": false, "Join Type": "Inner", "Startup Cost": 37346.32, "Total Cost": 20719410.02, "Plan Rows": 2820743272, "Plan Width": 31, "Inner Unique": false, "Hash Cond": "((cd1.cd_marital_status = cd2.cd_marital_status) AND (cd1.cd_education_status = cd2.cd_education_status))", "Plans": [{"Node Type": "Seq Scan", "Parent Relationship": "Outer", "Parallel Aware": true, "Async Capable": false, "Relation Name": "customer_demographics", "Alias": "cd1", "Startup Cost": 0.0, "Total Cost": 37346.32, "Plan Rows": 51395, "Plan Width": 27, "Filter": "(((cd_marital_status = 'W'::bpchar) AND (cd_education_status = 'Advanced Degree'::bpchar)) OR ((cd_marital_status = 'U'::bpchar) AND (cd_education_status = '2 yr Degree'::bpchar)) OR ((cd_marital_status = 'D'::bpchar) AND (cd_education_status = 'College'::bpchar)))"}, {"Node Type": "Hash", "Parent Relationship": "Inner", "Parallel Aware": true, "Async Capable": false, "Startup Cost": 28052.13, "Total Cost": 28052.13, "Plan Rows": 619613, "Plan Width": 27, "Plans": [{"Node Type": "Seq Scan", "Parent Relationship": "Outer", "Parallel Aware": true, "Async Capable": false, "Relation Name": "customer_demographics", "Alias": "cd2", "Startup Cost": 0.0, "Total Cost": 28052.13, "Plan Rows": 619613, "Plan Width": 27}]}]}]}]}]}]}}, {"Plan": {"Node Type": "Aggregate", "Strategy": "Plain", "Partial Mode": "Simple", "Parallel Aware": false, "Async Capable": false, "Startup Cost": 60662.85, "Total Cost": 60662.86, "Plan Rows": 1, "Plan Width": 8, "Actual Rows": 1, "Actual Loops": 1, "Plans": [{"Node Type": "Nested Loop", "Parent Relationship": "Outer", "Parallel Aware": false, "Async Capable": false, "Join Type": "Inner", "Startup Cost": 9225.16, "Total Cost": 60662.85, "Plan Rows": 1, "Plan Width": 0, "Actual Rows": 16, "Actual Loops": 1, "Inner Unique": true, "Join Filter": "((cd1.cd_marital_status = cd2.cd_marital_status) AND (cd1.cd_education_status = cd2.cd_education_status))", "Rows Removed by Join Filter": 0, "Plans": [{"Node Type": "Nested Loop", "Parent Relationship": "Outer", "Parallel Aware": false, "Async Capable": false, "Join Type": "Inner", "Startup Cost": 9224.73, "Total Cost": 60662.24, "Plan Rows": 1, "Plan Width": 27, "Actual Rows": 17, "Actual Loops": 1, "Inner Unique": true, "Plans": [{"Node Type": "Nested Loop", "Parent Relationship": "Outer", "Parallel Aware": false, "Async Capable": false, "Join Type": "Inner", "Startup Cost": 9224.59, "Total Cost": 60662.08, "Plan Rows": 1, "Plan Width": 31, "Actual Rows": 18, "Actual Loops": 1, "Inner Unique": true, "Plans": [{"Node Type": "Nested Loop", "Parent Relationship": "Outer", "Parallel Aware": false, "Async Capable": false, "Join Type": "Inner", "Startup Cost": 9224.3, "Total Cost": 60661.75, "Plan Rows": 1, "Plan Width": 35, "Actual Rows": 76, "Actual Loops": 1, "Inner Unique": true, "Plans": [{"Node Type": "Gather", "Parent Relationship": "Outer", "Parallel Aware": false, "Async Capable": false, "Startup Cost": 9224.16, "Total Cost": 60661.58, "Plan Rows": 1, "Plan Width": 39, "Actual Rows": 76, "Actual Loops": 1, "Workers Planned": 3, "Workers Launched": 3, "Single Copy": false, "Plans": [{"Node Type": "Nested Loop", "Parent Relationship": "Outer", "Parallel Aware": false, "Async Capable": false, "Join Type": "Inner", "Startup Cost": 8224.16, "Total Cost": 59661.48, "Plan Rows": 1, "Plan Width": 39, "Actual Rows": 19, "Actual Loops": 4, "Inner Unique": true, "Join Filter": "((((customer_address.ca_state = ANY ('{NE,OK,GA}'::bpchar[])) AND (web_sales.ws_net_profit >= '100'::numeric) AND (web_sales.ws_net_profit <= '200'::numeric)) OR ((customer_address.ca_state = ANY ('{NM,NY,VA}'::bpchar[])) AND (web_sales.ws_net_profit >= '150'::numeric) AND (web_sales.ws_net_profit <= '300'::numeric)) OR ((customer_address.ca_state = ANY ('{AL,MD,CO}'::bpchar[])) AND (web_sales.ws_net_profit >= '50'::numeric) AND (web_sales.ws_net_profit <= '250'::numeric))) AND (((cd1.cd_marital_status = 'W'::bpchar) AND (cd1.cd_education_status = 'Advanced Degree'::bpchar) AND (web_sales.ws_sales_price >= 100.00) AND (web_sales.ws_sales_price <= 150.00)) OR ((cd1.cd_marital_status = 'U'::bpchar) AND (cd1.cd_education_status = '2 yr Degree'::bpchar) AND (web_sales.ws_sales_price >= 50.00) AND (web_sales.ws_sales_price <= 100.00)) OR ((cd1.cd_marital_status = 'D'::bpchar) AND (cd1.cd_education_status = 'College'::bpchar) AND (web_sales.ws_sales_price >= 150.00) AND (web_sales.ws_sales_price <= 200.00))))", "Rows Removed by Join Filter": 83, "Workers": [], "Plans": [{"Node Type": "Nested Loop", "Parent Relationship": "Outer", "Parallel Aware": false, "Async Capable": false, "Join Type": "Inner", "Startup Cost": 8223.72, "Total Cost": 52916.74, "Plan Rows": 3863, "Plan Width": 42, "Actual Rows": 3124, "Actual Loops": 4, "Inner Unique": true, "Workers": [], "Plans": [{"Node Type": "Hash Join", "Parent Relationship": "Outer", "Parallel Aware": true, "Async Capable": false, "Join Type": "Inner", "Startup Cost": 8223.3, "Total Cost": 24472.37, "Plan Rows": 46565, "Plan Width": 23, "Actual Rows": 37456, "Actual Loops": 4, "Inner Unique": true, "Hash Cond": "(web_returns.wr_refunded_addr_sk = customer_address.ca_address_sk)", "Workers": [], "Plans": [{"Node Type": "Seq Scan", "Parent Relationship": "Outer", "Parallel Aware": true, "Async Capable": false, "Relation Name": "web_returns", "Alias": "web_returns", "Startup Cost": 0.0, "Total Cost": 15640.05, "Plan Rows": 232005, "Plan Width": 24, "Actual Rows": 179804, "Actual Loops": 4, "Workers": []}, {"Node Type": "Hash", "Parent Relationship": "Inner", "Parallel Aware": true, "Async Capable": false, "Startup Cost": 7961.96, "Total Cost": 7961.96, "Plan Rows": 20907, "Plan Width": 7, "Actual Rows": 13614, "Actual Loops": 4, "Hash Buckets": 65536, "Original Hash Buckets": 65536, "Hash Batches": 1, "Original Hash Batches": 1, "Peak Memory Usage": 2752, "Workers": [], "Plans": [{"Node Type": "Seq Scan", "Parent Relationship": "Outer", "Parallel Aware": true, "Async Capable": false, "Relation Name": "customer_address", "Alias": "customer_address", "Startup Cost": 0.0, "Total Cost": 7961.96, "Plan Rows": 20907, "Plan Width": 7, "Actual Rows": 13614, "Actual Loops": 4, "Filter": "(((ca_country)::text = 'United States'::text) AND ((ca_state = ANY ('{NE,OK,GA}'::bpchar[])) OR (ca_state = ANY ('{NM,NY,VA}'::bpchar[])) OR (ca_state = ANY ('{AL,MD,CO}'::bpchar[]))))", "Rows Removed by Filter": 48886, "Workers": []}]}]}, {"Node Type": "Index Scan", "Parent Relationship": "Inner", "Parallel Aware": false, "Async Capable": false, "Scan Direction": "Forward", "Index Name": "customer_demographics_pkey", "Relation Name": "customer_demographics", "Alias": "cd1", "Startup Cost": 0.43, "Total Cost": 0.61, "Plan Rows": 1, "Plan Width": 27, "Actual Rows": 0, "Actual Loops": 149825, "Index Cond": "(cd_demo_sk = web_returns.wr_refunded_cdemo_sk)", "Rows Removed by Index Recheck": 0, "Filter": "(((cd_marital_status = 'W'::bpchar) AND (cd_education_status = 'Advanced Degree'::bpchar)) OR ((cd_marital_status = 'U'::bpchar) AND (cd_education_status = '2 yr Degree'::bpchar)) OR ((cd_marital_status = 'D'::bpchar) AND (cd_education_status = 'College'::bpchar)))", "Rows Removed by Filter": 1, "Workers": []}]}, {"Node Type": "Index Scan", "Parent Relationship": "Inner", "Parallel Aware": false, "Async Capable": false, "Scan Direction": "Forward", "Index Name": "web_sales_pkey", "Relation Name": "web_sales", "Alias": "web_sales", "Startup Cost": 0.43, "Total Cost": 1.68, "Plan Rows": 1, "Plan Width": 28, "Actual Rows": 0, "Actual Loops": 12494, "Index Cond": "((ws_item_sk = web_returns.wr_item_sk) AND (ws_order_number = web_returns.wr_order_number))", "Rows Removed by Index Recheck": 0, "Filter": "((((ws_sales_price >= 100.00) AND (ws_sales_price <= 150.00)) OR ((ws_sales_price >= 50.00) AND (ws_sales_price <= 100.00)) OR ((ws_sales_price >= 150.00) AND (ws_sales_price <= 200.00))) AND (((ws_net_profit >= '100'::numeric) AND (ws_net_profit <= '200'::numeric)) OR ((ws_net_profit >= '150'::numeric) AND (ws_net_profit <= '300'::numeric)) OR ((ws_net_profit >= '50'::numeric) AND (ws_net_profit <= '250'::numeric))))", "Rows Removed by Filter": 1, "Workers": []}]}]}, {"Node Type": "Index Only Scan", "Parent Relationship": "Inner", "Parallel Aware": false, "Async Capable": false, "Scan Direction": "Forward", "Index Name": "web_page_pkey", "Relation Name": "web_page", "Alias": "web_page", "Startup Cost": 0.14, "Total Cost": 0.16, "Plan Rows": 1, "Plan Width": 4, "Actual Rows": 1, "Actual Loops": 76, "Index Cond": "(wp_web_page_sk = web_sales.ws_web_page_sk)", "Rows Removed by Index Recheck": 0, "Heap Fetches": 76}]}, {"Node Type": "Index Scan", "Parent Relationship": "Inner", "Parallel Aware": false, "Async Capable": false, "Scan Direction": "Forward", "Index Name": "date_dim_pkey", "Relation Name": "date_dim", "Alias": "date_dim", "Startup Cost": 0.29, "Total Cost": 0.33, "Plan Rows": 1, "Plan Width": 4, "Actual Rows": 0, "Actual Loops": 76, "Index Cond": "(d_date_sk = web_sales.ws_sold_date_sk)", "Rows Removed by Index Recheck": 0, "Filter": "(d_year = 2001)", "Rows Removed by Filter": 1}]}, {"Node Type": "Index Only Scan", "Parent Relationship": "Inner", "Parallel Aware": false, "Async Capable": false, "Scan Direction": "Forward", "Index Name": "reason_pkey", "Relation Name": "reason", "Alias": "reason", "Startup Cost": 0.14, "Total Cost": 0.16, "Plan Rows": 1, "Plan Width": 4, "Actual Rows": 1, "Actual Loops": 18, "Index Cond": "(r_reason_sk = web_returns.wr_reason_sk)", "Rows Removed by Index Recheck": 0, "Heap Fetches": 17}]}, {"Node Type": "Index Scan", "Parent Relationship": "Inner", "Parallel Aware": false, "Async Capable": false, "Scan Direction": "Forward", "Index Name": "customer_demographics_pkey", "Relation Name": "customer_demographics", "Alias": "cd2", "Startup Cost": 0.43, "Total Cost": 0.6, "Plan Rows": 1, "Plan Width": 27, "Actual Rows": 1, "Actual Loops": 17, "Index Cond": "(cd_demo_sk = web_returns.wr_returning_cdemo_sk)", "Rows Removed by Index Recheck": 0}]}]}, "Planning Time": 10.316, "Triggers": [], "Execution Time": 943.228}, {"Plan": {"Node Type": "Aggregate", "Strategy": "Plain", "Partial Mode": "Simple", "Parallel Aware": false, "Async Capable": false, "Startup Cost": 30000579366.19, "Total Cost": 30000579366.2, "Plan Rows": 1, "Plan Width": 8, "Plans": [{"Node Type": "Nested Loop", "Parent Relationship": "Outer", "Parallel Aware": false, "Async Capable": false, "Join Type": "Inner", "Startup Cost": 30000002975.17, "Total Cost": 30000579366.19, "Plan Rows": 1, "Plan Width": 0, "Inner Unique": false, "Join Filter": "((web_sales.ws_item_sk = web_returns.wr_item_sk) AND (web_sales.ws_order_number = web_returns.wr_order_number) AND (((customer_address.ca_state = ANY ('{NE,OK,GA}'::bpchar[])) AND (web_sales.ws_net_profit >= '100'::numeric) AND (web_sales.ws_net_profit <= '200'::numeric)) OR ((customer_address.ca_state = ANY ('{NM,NY,VA}'::bpchar[])) AND (web_sales.ws_net_profit >= '150'::numeric) AND (web_sales.ws_net_profit <= '300'::numeric)) OR ((customer_address.ca_state = ANY ('{AL,MD,CO}'::bpchar[])) AND (web_sales.ws_net_profit >= '50'::numeric) AND (web_sales.ws_net_profit <= '250'::numeric))) AND (((cd1.cd_marital_status = 'W'::bpchar) AND (cd1.cd_education_status = 'Advanced Degree'::bpchar) AND (web_sales.ws_sales_price >= 100.00) AND (web_sales.ws_sales_price <= 150.00)) OR ((cd1.cd_marital_status = 'U'::bpchar) AND (cd1.cd_education_status = '2 yr Degree'::bpchar) AND (web_sales.ws_sales_price >= 50.00) AND (web_sales.ws_sales_price <= 100.00)) OR ((cd1.cd_marital_status = 'D'::bpchar) AND (cd1.cd_education_status = 'College'::bpchar) AND (web_sales.ws_sales_price >= 150.00) AND (web_sales.ws_sales_price <= 200.00))))", "Plans": [{"Node Type": "Gather", "Parent Relationship": "Outer", "Parallel Aware": false, "Async Capable": false, "Startup Cost": 2973.31, "Total Cost": 248762.32, "Plan Rows": 1748, "Plan Width": 20, "Workers Planned": 5, "Single Copy": false, "Plans": [{"Node Type": "Hash Join", "Parent Relationship": "Outer", "Parallel Aware": false, "Async Capable": false, "Join Type": "Inner", "Startup Cost": 1973.31, "Total Cost": 247587.52, "Plan Rows": 350, "Plan Width": 20, "Inner Unique": true, "Hash Cond": "(web_sales.ws_web_page_sk = web_page.wp_web_page_sk)", "Plans": [{"Node Type": "Hash Join", "Parent Relationship": "Outer", "Parallel Aware": true, "Async Capable": false, "Join Type": "Inner", "Startup Cost": 1963.81, "Total Cost": 247577.08, "Plan Rows": 350, "Plan Width": 24, "Inner Unique": true, "Hash Cond": "(web_sales.ws_sold_date_sk = date_dim.d_date_sk)", "Plans": [{"Node Type": "Seq Scan", "Parent Relationship": "Outer", "Parallel Aware": true, "Async Capable": false, "Relation Name": "web_sales", "Alias": "web_sales", "Startup Cost": 0.0, "Total Cost": 245429.58, "Plan Rows": 69972, "Plan Width": 28, "Filter": "((((ws_sales_price >= 100.00) AND (ws_sales_price <= 150.00)) OR ((ws_sales_price >= 50.00) AND (ws_sales_price <= 100.00)) OR ((ws_sales_price >= 150.00) AND (ws_sales_price <= 200.00))) AND (((ws_net_profit >= '100'::numeric) AND (ws_net_profit <= '200'::numeric)) OR ((ws_net_profit >= '150'::numeric) AND (ws_net_profit <= '300'::numeric)) OR ((ws_net_profit >= '50'::numeric) AND (ws_net_profit <= '250'::numeric))))"}, {"Node Type": "Hash", "Parent Relationship": "Inner", "Parallel Aware": true, "Async Capable": false, "Startup Cost": 1961.12, "Total Cost": 1961.12, "Plan Rows": 215, "Plan Width": 4, "Plans": [{"Node Type": "Seq Scan", "Parent Relationship": "Outer", "Parallel Aware": true, "Async Capable": false, "Relation Name": "date_dim", "Alias": "date_dim", "Startup Cost": 0.0, "Total Cost": 1961.12, "Plan Rows": 215, "Plan Width": 4, "Filter": "(d_year = 2001)"}]}]}, {"Node Type": "Hash", "Parent Relationship": "Inner", "Parallel Aware": false, "Async Capable": false, "Startup Cost": 7.0, "Total Cost": 7.0, "Plan Rows": 200, "Plan Width": 4, "Plans": [{"Node Type": "Seq Scan", "Parent Relationship": "Outer", "Parallel Aware": false, "Async Capable": false, "Relation Name": "web_page", "Alias": "web_page", "Startup Cost": 0.0, "Total Cost": 7.0, "Plan Rows": 200, "Plan Width": 4}]}]}]}, {"Node Type": "Materialize", "Parent Relationship": "Inner", "Parallel Aware": false, "Async Capable": false, "Startup Cost": 20000000001.86, "Total Cost": 20000286515.79, "Plan Rows": 342, "Plan Width": 34, "Plans": [{"Node Type": "Nested Loop", "Parent Relationship": "Outer", "Parallel Aware": false, "Async Capable": false, "Join Type": "Inner", "Startup Cost": 20000000001.86, "Total Cost": 20000286514.08, "Plan Rows": 342, "Plan Width": 34, "Inner Unique": true, "Join Filter": "((cd1.cd_marital_status = cd2.cd_marital_status) AND (cd1.cd_education_status = cd2.cd_education_status))", "Plans": [{"Node Type": "Nested Loop", "Parent Relationship": "Outer", "Parallel Aware": false, "Async Capable": false, "Join Type": "Inner", "Startup Cost": 10000000001.43, "Total Cost": 10000279199.73, "Plan Rows": 11974, "Plan Width": 38, "Inner Unique": true, "Plans": [{"Node Type": "Nested Loop", "Parent Relationship": "Outer", "Parallel Aware": false, "Async Capable": false, "Join Type": "Inner", "Startup Cost": 1.0, "Total Cost": 191021.28, "Plan Rows": 144353, "Plan Width": 19, "Inner Unique": true, "Plans": [{"Node Type": "Nested Loop", "Parent Relationship": "Outer", "Parallel Aware": false, "Async Capable": false, "Join Type": "Inner", "Startup Cost": 0.85, "Total Cost": 187449.19, "Plan Rows": 144353, "Plan Width": 23, "Inner Unique": true, "Plans": [{"Node Type": "Index Scan", "Parent Relationship": "Outer", "Parallel Aware": false, "Async Capable": false, "Scan Direction": "Forward", "Index Name": "web_returns_pkey", "Relation Name": "web_returns", "Alias": "web_returns", "Startup Cost": 0.42, "Total Cost": 73740.67, "Plan Rows": 719217, "Plan Width": 24}, {"Node Type": "Memoize", "Parent Relationship": "Inner", "Parallel Aware": false, "Async Capable": false, "Startup Cost": 0.43, "Total Cost": 0.5, "Plan Rows": 1, "Plan Width": 7, "Cache Key": "web_returns.wr_refunded_addr_sk", "Cache Mode": "logical", "Plans": [{"Node Type": "Index Scan", "Parent Relationship": "Outer", "Parallel Aware": false, "Async Capable": false, "Scan Direction": "Forward", "Index Name": "customer_address_pkey", "Relation Name": "customer_address", "Alias": "customer_address", "Startup Cost": 0.42, "Total Cost": 0.49, "Plan Rows": 1, "Plan Width": 7, "Index Cond": "(ca_address_sk = web_returns.wr_refunded_addr_sk)", "Filter": "(((ca_country)::text = 'United States'::text) AND ((ca_state = ANY ('{NE,OK,GA}'::bpchar[])) OR (ca_state = ANY ('{NM,NY,VA}'::bpchar[])) OR (ca_state = ANY ('{AL,MD,CO}'::bpchar[]))))"}]}]}, {"Node Type": "Memoize", "Parent Relationship": "Inner", "Parallel Aware": false, "Async Capable": false, "Startup Cost": 0.15, "Total Cost": 0.17, "Plan Rows": 1, "Plan Width": 4, "Cache Key": "web_returns.wr_reason_sk", "Cache Mode": "logical", "Plans": [{"Node Type": "Index Only Scan", "Parent Relationship": "Outer", "Parallel Aware": false, "Async Capable": false, "Scan Direction": "Forward", "Index Name": "reason_pkey", "Relation Name": "reason", "Alias": "reason", "Startup Cost": 0.14, "Total Cost": 0.16, "Plan Rows": 1, "Plan Width": 4, "Index Cond": "(r_reason_sk = web_returns.wr_reason_sk)"}]}]}, {"Node Type": "Index Scan", "Parent Relationship": "Inner", "Parallel Aware": false, "Async Capable": false, "Scan Direction": "Forward", "Index Name": "customer_demographics_pkey", "Relation Name": "customer_demographics", "Alias": "cd1", "Startup Cost": 0.43, "Total Cost": 0.61, "Plan Rows": 1, "Plan Width": 27, "Index Cond": "(cd_demo_sk = web_returns.wr_refunded_cdemo_sk)", "Filter": "(((cd_marital_status = 'W'::bpchar) AND (cd_education_status = 'Advanced Degree'::bpchar)) OR ((cd_marital_status = 'U'::bpchar) AND (cd_education_status = '2 yr Degree'::bpchar)) OR ((cd_marital_status = 'D'::bpchar) AND (cd_education_status = 'College'::bpchar)))"}]}, {"Node Type": "Index Scan", "Parent Relationship": "Inner", "Parallel Aware": false, "Async Capable": false, "Scan Direction": "Forward", "Index Name": "customer_demographics_pkey", "Relation Name": "customer_demographics", "Alias": "cd2", "Startup Cost": 0.43, "Total Cost": 0.6, "Plan Rows": 1, "Plan Width": 27, "Index Cond": "(cd_demo_sk = web_returns.wr_returning_cdemo_sk)"}]}]}]}]}}, {"Plan": {"Node Type": "Aggregate", "Strategy": "Plain", "Partial Mode": "Simple", "Parallel Aware": false, "Async Capable": false, "Startup Cost": 105379.24, "Total Cost": 105379.25, "Plan Rows": 1, "Plan Width": 8, "Actual Rows": 1, "Actual Loops": 1, "Plans": [{"Node Type": "Nested Loop", "Parent Relationship": "Outer", "Parallel Aware": false, "Async Capable": false, "Join Type": "Inner", "Startup Cost": 9225.16, "Total Cost": 105379.24, "Plan Rows": 1, "Plan Width": 0, "Actual Rows": 16, "Actual Loops": 1, "Inner Unique": true, "Join Filter": "((cd1.cd_marital_status = cd2.cd_marital_status) AND (cd1.cd_education_status = cd2.cd_education_status) AND (((cd1.cd_marital_status = 'W'::bpchar) AND (cd1.cd_education_status = 'Advanced Degree'::bpchar) AND (web_sales.ws_sales_price >= 100.00) AND (web_sales.ws_sales_price <= 150.00)) OR ((cd1.cd_marital_status = 'U'::bpchar) AND (cd1.cd_education_status = '2 yr Degree'::bpchar) AND (web_sales.ws_sales_price >= 50.00) AND (web_sales.ws_sales_price <= 100.00)) OR ((cd1.cd_marital_status = 'D'::bpchar) AND (cd1.cd_education_status = 'College'::bpchar) AND (web_sales.ws_sales_price >= 150.00) AND (web_sales.ws_sales_price <= 200.00))))", "Rows Removed by Join Filter": 32, "Plans": [{"Node Type": "Nested Loop", "Parent Relationship": "Outer", "Parallel Aware": false, "Async Capable": false, "Join Type": "Inner", "Startup Cost": 9224.73, "Total Cost": 105378.58, "Plan Rows": 1, "Plan Width": 33, "Actual Rows": 593, "Actual Loops": 1, "Inner Unique": true, "Plans": [{"Node Type": "Nested Loop", "Parent Relationship": "Outer", "Parallel Aware": false, "Async Capable": false, "Join Type": "Inner", "Startup Cost": 9224.59, "Total Cost": 105378.42, "Plan Rows": 1, "Plan Width": 37, "Actual Rows": 599, "Actual Loops": 1, "Inner Unique": true, "Plans": [{"Node Type": "Nested Loop", "Parent Relationship": "Outer", "Parallel Aware": false, "Async Capable": false, "Join Type": "Inner", "Startup Cost": 9224.3, "Total Cost": 105378.09, "Plan Rows": 1, "Plan Width": 41, "Actual Rows": 2833, "Actual Loops": 1, "Inner Unique": true, "Plans": [{"Node Type": "Nested Loop", "Parent Relationship": "Outer", "Parallel Aware": false, "Async Capable": false, "Join Type": "Inner", "Startup Cost": 9223.87, "Total Cost": 105377.49, "Plan Rows": 1, "Plan Width": 22, "Actual Rows": 2892, "Actual Loops": 1, "Inner Unique": true, "Plans": [{"Node Type": "Gather", "Parent Relationship": "Outer", "Parallel Aware": false, "Async Capable": false, "Startup Cost": 9223.73, "Total Cost": 105377.33, "Plan Rows": 1, "Plan Width": 26, "Actual Rows": 2894, "Actual Loops": 1, "Workers Planned": 3, "Workers Launched": 3, "Single Copy": false, "Plans": [{"Node Type": "Nested Loop", "Parent Relationship": "Outer", "Parallel Aware": false, "Async Capable": false, "Join Type": "Inner", "Startup Cost": 8223.73, "Total Cost": 104377.23, "Plan Rows": 1, "Plan Width": 26, "Actual Rows": 724, "Actual Loops": 4, "Inner Unique": true, "Join Filter": "(((customer_address.ca_state = ANY ('{NE,OK,GA}'::bpchar[])) AND (web_sales.ws_net_profit >= '100'::numeric) AND (web_sales.ws_net_profit <= '200'::numeric)) OR ((customer_address.ca_state = ANY ('{NM,NY,VA}'::bpchar[])) AND (web_sales.ws_net_profit >= '150'::numeric) AND (web_sales.ws_net_profit <= '300'::numeric)) OR ((customer_address.ca_state = ANY ('{AL,MD,CO}'::bpchar[])) AND (web_sales.ws_net_profit >= '50'::numeric) AND (web_sales.ws_net_profit <= '250'::numeric)))", "Rows Removed by Join Filter": 600, "Workers": [], "Plans": [{"Node Type": "Hash Join", "Parent Relationship": "Outer", "Parallel Aware": true, "Async Capable": false, "Join Type": "Inner", "Startup Cost": 8223.3, "Total Cost": 24472.37, "Plan Rows": 46565, "Plan Width": 23, "Actual Rows": 37456, "Actual Loops": 4, "Inner Unique": true, "Hash Cond": "(web_returns.wr_refunded_addr_sk = customer_address.ca_address_sk)", "Workers": [], "Plans": [{"Node Type": "Seq Scan", "Parent Relationship": "Outer", "Parallel Aware": true, "Async Capable": false, "Relation Name": "web_returns", "Alias": "web_returns", "Startup Cost": 0.0, "Total Cost": 15640.05, "Plan Rows": 232005, "Plan Width": 24, "Actual Rows": 179804, "Actual Loops": 4, "Workers": []}, {"Node Type": "Hash", "Parent Relationship": "Inner", "Parallel Aware": true, "Async Capable": false, "Startup Cost": 7961.96, "Total Cost": 7961.96, "Plan Rows": 20907, "Plan Width": 7, "Actual Rows": 13614, "Actual Loops": 4, "Hash Buckets": 65536, "Original Hash Buckets": 65536, "Hash Batches": 1, "Original Hash Batches": 1, "Peak Memory Usage": 2656, "Workers": [], "Plans": [{"Node Type": "Seq Scan", "Parent Relationship": "Outer", "Parallel Aware": true, "Async Capable": false, "Relation Name": "customer_address", "Alias": "customer_address", "Startup Cost": 0.0, "Total Cost": 7961.96, "Plan Rows": 20907, "Plan Width": 7, "Actual Rows": 13614, "Actual Loops": 4, "Filter": "(((ca_country)::text = 'United States'::text) AND ((ca_state = ANY ('{NE,OK,GA}'::bpchar[])) OR (ca_state = ANY ('{NM,NY,VA}'::bpchar[])) OR (ca_state = ANY ('{AL,MD,CO}'::bpchar[]))))", "Rows Removed by Filter": 48886, "Workers": []}]}]}, {"Node Type": "Index Scan", "Parent Relationship": "Inner", "Parallel Aware": false, "Async Capable": false, "Scan Direction": "Forward", "Index Name": "web_sales_pkey", "Relation Name": "web_sales", "Alias": "web_sales", "Startup Cost": 0.43, "Total Cost": 1.68, "Plan Rows": 1, "Plan Width": 28, "Actual Rows": 0, "Actual Loops": 149825, "Index Cond": "((ws_item_sk = web_returns.wr_item_sk) AND (ws_order_number = web_returns.wr_order_number))", "Rows Removed by Index Recheck": 0, "Filter": "((((ws_sales_price >= 100.00) AND (ws_sales_price <= 150.00)) OR ((ws_sales_price >= 50.00) AND (ws_sales_price <= 100.00)) OR ((ws_sales_price >= 150.00) AND (ws_sales_price <= 200.00))) AND (((ws_net_profit >= '100'::numeric) AND (ws_net_profit <= '200'::numeric)) OR ((ws_net_profit >= '150'::numeric) AND (ws_net_profit <= '300'::numeric)) OR ((ws_net_profit >= '50'::numeric) AND (ws_net_profit <= '250'::numeric))))", "Rows Removed by Filter": 1, "Workers": []}]}]}, {"Node Type": "Index Only Scan", "Parent Relationship": "Inner", "Parallel Aware": false, "Async Capable": false, "Scan Direction": "Forward", "Index Name": "web_page_pkey", "Relation Name": "web_page", "Alias": "web_page", "Startup Cost": 0.14, "Total Cost": 0.16, "Plan Rows": 1, "Plan Width": 4, "Actual Rows": 1, "Actual Loops": 2894, "Index Cond": "(wp_web_page_sk = web_sales.ws_web_page_sk)", "Rows Removed by Index Recheck": 0, "Heap Fetches": 2892}]}, {"Node Type": "Index Scan", "Parent Relationship": "Inner", "Parallel Aware": false, "Async Capable": false, "Scan Direction": "Forward", "Index Name": "customer_demographics_pkey", "Relation Name": "customer_demographics", "Alias": "cd2", "Startup Cost": 0.43, "Total Cost": 0.6, "Plan Rows": 1, "Plan Width": 27, "Actual Rows": 1, "Actual Loops": 2892, "Index Cond": "(cd_demo_sk = web_returns.wr_returning_cdemo_sk)", "Rows Removed by Index Recheck": 0}]}, {"Node Type": "Index Scan", "Parent Relationship": "Inner", "Parallel Aware": false, "Async Capable": false, "Scan Direction": "Forward", "Index Name": "date_dim_pkey", "Relation Name": "date_dim", "Alias": "date_dim", "Startup Cost": 0.29, "Total Cost": 0.33, "Plan Rows": 1, "Plan Width": 4, "Actual Rows": 0, "Actual Loops": 2833, "Index Cond": "(d_date_sk = web_sales.ws_sold_date_sk)", "Rows Removed by Index Recheck": 0, "Filter": "(d_year = 2001)", "Rows Removed by Filter": 1}]}, {"Node Type": "Index Only Scan", "Parent Relationship": "Inner", "Parallel Aware": false, "Async Capable": false, "Scan Direction": "Forward", "Index Name": "reason_pkey", "Relation Name": "reason", "Alias": "reason", "Startup Cost": 0.14, "Total Cost": 0.16, "Plan Rows": 1, "Plan Width": 4, "Actual Rows": 1, "Actual Loops": 599, "Index Cond": "(r_reason_sk = web_returns.wr_reason_sk)", "Rows Removed by Index Recheck": 0, "Heap Fetches": 593}]}, {"Node Type": "Index Scan", "Parent Relationship": "Inner", "Parallel Aware": false, "Async Capable": false, "Scan Direction": "Forward", "Index Name": "customer_demographics_pkey", "Relation Name": "customer_demographics", "Alias": "cd1", "Startup Cost": 0.43, "Total Cost": 0.61, "Plan Rows": 1, "Plan Width": 27, "Actual Rows": 0, "Actual Loops": 593, "Index Cond": "(cd_demo_sk = web_returns.wr_refunded_cdemo_sk)", "Rows Removed by Index Recheck": 0, "Filter": "(((cd_marital_status = 'W'::bpchar) AND (cd_education_status = 'Advanced Degree'::bpchar)) OR ((cd_marital_status = 'U'::bpchar) AND (cd_education_status = '2 yr Degree'::bpchar)) OR ((cd_marital_status = 'D'::bpchar) AND (cd_education_status = 'College'::bpchar)))", "Rows Removed by Filter": 1}]}]}, "Planning Time": 10.246, "Triggers": [], "Execution Time": 975.329}, {"Plan": {"Node Type": "Aggregate", "Strategy": "Plain", "Partial Mode": "Simple", "Parallel Aware": false, "Async Capable": false, "Startup Cost": 95685.04, "Total Cost": 95685.05, "Plan Rows": 1, "Plan Width": 8, "Actual Rows": 1, "Actual Loops": 1, "Plans": [{"Node Type": "Gather", "Parent Relationship": "Outer", "Parallel Aware": false, "Async Capable": false, "Startup Cost": 60662.15, "Total Cost": 95685.04, "Plan Rows": 1, "Plan Width": 0, "Actual Rows": 16, "Actual Loops": 1, "Workers Planned": 3, "Workers Launched": 3, "Single Copy": false, "Plans": [{"Node Type": "Hash Join", "Parent Relationship": "Outer", "Parallel Aware": true, "Async Capable": false, "Join Type": "Inner", "Startup Cost": 59662.15, "Total Cost": 94684.94, "Plan Rows": 1, "Plan Width": 0, "Actual Rows": 4, "Actual Loops": 4, "Inner Unique": false, "Hash Cond": "((cd2.cd_demo_sk = web_returns.wr_returning_cdemo_sk) AND (cd2.cd_marital_status = cd1.cd_marital_status) AND (cd2.cd_education_status = cd1.cd_education_status))", "Workers": [], "Plans": [{"Node Type": "Seq Scan", "Parent Relationship": "Outer", "Parallel Aware": true, "Async Capable": false, "Relation Name": "customer_demographics", "Alias": "cd2", "Startup Cost": 0.0, "Total Cost": 28052.13, "Plan Rows": 619613, "Plan Width": 27, "Actual Rows": 480200, "Actual Loops": 4, "Workers": []}, {"Node Type": "Hash", "Parent Relationship": "Inner", "Parallel Aware": true, "Async Capable": false, "Startup Cost": 59662.14, "Total Cost": 59662.14, "Plan Rows": 1, "Plan Width": 27, "Actual Rows": 4, "Actual Loops": 4, "Hash Buckets": 1024, "Original Hash Buckets": 1024, "Hash Batches": 1, "Original Hash Batches": 1, "Peak Memory Usage": 136, "Workers": [], "Plans": [{"Node Type": "Nested Loop", "Parent Relationship": "Outer", "Parallel Aware": false, "Async Capable": false, "Join Type": "Inner", "Startup Cost": 8224.73, "Total Cost": 59662.14, "Plan Rows": 1, "Plan Width": 27, "Actual Rows": 4, "Actual Loops": 4, "Inner Unique": true, "Workers": [], "Plans": [{"Node Type": "Nested Loop", "Parent Relationship": "Outer", "Parallel Aware": false, "Async Capable": false, "Join Type": "Inner", "Startup Cost": 8224.59, "Total Cost": 59661.98, "Plan Rows": 1, "Plan Width": 31, "Actual Rows": 4, "Actual Loops": 4, "Inner Unique": true, "Workers": [], "Plans": [{"Node Type": "Nested Loop", "Parent Relationship": "Outer", "Parallel Aware": false, "Async Capable": false, "Join Type": "Inner", "Startup Cost": 8224.3, "Total Cost": 59661.65, "Plan Rows": 1, "Plan Width": 35, "Actual Rows": 19, "Actual Loops": 4, "Inner Unique": true, "Workers": [], "Plans": [{"Node Type": "Nested Loop", "Parent Relationship": "Outer", "Parallel Aware": false, "Async Capable": false, "Join Type": "Inner", "Startup Cost": 8224.16, "Total Cost": 59661.48, "Plan Rows": 1, "Plan Width": 39, "Actual Rows": 19, "Actual Loops": 4, "Inner Unique": true, "Join Filter": "((((customer_address.ca_state = ANY ('{NE,OK,GA}'::bpchar[])) AND (web_sales.ws_net_profit >= '100'::numeric) AND (web_sales.ws_net_profit <= '200'::numeric)) OR ((customer_address.ca_state = ANY ('{NM,NY,VA}'::bpchar[])) AND (web_sales.ws_net_profit >= '150'::numeric) AND (web_sales.ws_net_profit <= '300'::numeric)) OR ((customer_address.ca_state = ANY ('{AL,MD,CO}'::bpchar[])) AND (web_sales.ws_net_profit >= '50'::numeric) AND (web_sales.ws_net_profit <= '250'::numeric))) AND (((cd1.cd_marital_status = 'W'::bpchar) AND (cd1.cd_education_status = 'Advanced Degree'::bpchar) AND (web_sales.ws_sales_price >= 100.00) AND (web_sales.ws_sales_price <= 150.00)) OR ((cd1.cd_marital_status = 'U'::bpchar) AND (cd1.cd_education_status = '2 yr Degree'::bpchar) AND (web_sales.ws_sales_price >= 50.00) AND (web_sales.ws_sales_price <= 100.00)) OR ((cd1.cd_marital_status = 'D'::bpchar) AND (cd1.cd_education_status = 'College'::bpchar) AND (web_sales.ws_sales_price >= 150.00) AND (web_sales.ws_sales_price <= 200.00))))", "Rows Removed by Join Filter": 83, "Workers": [], "Plans": [{"Node Type": "Nested Loop", "Parent Relationship": "Outer", "Parallel Aware": false, "Async Capable": false, "Join Type": "Inner", "Startup Cost": 8223.72, "Total Cost": 52916.74, "Plan Rows": 3863, "Plan Width": 42, "Actual Rows": 3124, "Actual Loops": 4, "Inner Unique": true, "Workers": [], "Plans": [{"Node Type": "Hash Join", "Parent Relationship": "Outer", "Parallel Aware": true, "Async Capable": false, "Join Type": "Inner", "Startup Cost": 8223.3, "Total Cost": 24472.37, "Plan Rows": 46565, "Plan Width": 23, "Actual Rows": 37456, "Actual Loops": 4, "Inner Unique": true, "Hash Cond": "(web_returns.wr_refunded_addr_sk = customer_address.ca_address_sk)", "Workers": [], "Plans": [{"Node Type": "Seq Scan", "Parent Relationship": "Outer", "Parallel Aware": true, "Async Capable": false, "Relation Name": "web_returns", "Alias": "web_returns", "Startup Cost": 0.0, "Total Cost": 15640.05, "Plan Rows": 232005, "Plan Width": 24, "Actual Rows": 179804, "Actual Loops": 4, "Workers": []}, {"Node Type": "Hash", "Parent Relationship": "Inner", "Parallel Aware": true, "Async Capable": false, "Startup Cost": 7961.96, "Total Cost": 7961.96, "Plan Rows": 20907, "Plan Width": 7, "Actual Rows": 13614, "Actual Loops": 4, "Hash Buckets": 65536, "Original Hash Buckets": 65536, "Hash Batches": 1, "Original Hash Batches": 1, "Peak Memory Usage": 2688, "Workers": [], "Plans": [{"Node Type": "Seq Scan", "Parent Relationship": "Outer", "Parallel Aware": true, "Async Capable": false, "Relation Name": "customer_address", "Alias": "customer_address", "Startup Cost": 0.0, "Total Cost": 7961.96, "Plan Rows": 20907, "Plan Width": 7, "Actual Rows": 13614, "Actual Loops": 4, "Filter": "(((ca_country)::text = 'United States'::text) AND ((ca_state = ANY ('{NE,OK,GA}'::bpchar[])) OR (ca_state = ANY ('{NM,NY,VA}'::bpchar[])) OR (ca_state = ANY ('{AL,MD,CO}'::bpchar[]))))", "Rows Removed by Filter": 48886, "Workers": []}]}]}, {"Node Type": "Index Scan", "Parent Relationship": "Inner", "Parallel Aware": false, "Async Capable": false, "Scan Direction": "Forward", "Index Name": "customer_demographics_pkey", "Relation Name": "customer_demographics", "Alias": "cd1", "Startup Cost": 0.43, "Total Cost": 0.61, "Plan Rows": 1, "Plan Width": 27, "Actual Rows": 0, "Actual Loops": 149825, "Index Cond": "(cd_demo_sk = web_returns.wr_refunded_cdemo_sk)", "Rows Removed by Index Recheck": 0, "Filter": "(((cd_marital_status = 'W'::bpchar) AND (cd_education_status = 'Advanced Degree'::bpchar)) OR ((cd_marital_status = 'U'::bpchar) AND (cd_education_status = '2 yr Degree'::bpchar)) OR ((cd_marital_status = 'D'::bpchar) AND (cd_education_status = 'College'::bpchar)))", "Rows Removed by Filter": 1, "Workers": []}]}, {"Node Type": "Index Scan", "Parent Relationship": "Inner", "Parallel Aware": false, "Async Capable": false, "Scan Direction": "Forward", "Index Name": "web_sales_pkey", "Relation Name": "web_sales", "Alias": "web_sales", "Startup Cost": 0.43, "Total Cost": 1.68, "Plan Rows": 1, "Plan Width": 28, "Actual Rows": 0, "Actual Loops": 12494, "Index Cond": "((ws_item_sk = web_returns.wr_item_sk) AND (ws_order_number = web_returns.wr_order_number))", "Rows Removed by Index Recheck": 0, "Filter": "((((ws_sales_price >= 100.00) AND (ws_sales_price <= 150.00)) OR ((ws_sales_price >= 50.00) AND (ws_sales_price <= 100.00)) OR ((ws_sales_price >= 150.00) AND (ws_sales_price <= 200.00))) AND (((ws_net_profit >= '100'::numeric) AND (ws_net_profit <= '200'::numeric)) OR ((ws_net_profit >= '150'::numeric) AND (ws_net_profit <= '300'::numeric)) OR ((ws_net_profit >= '50'::numeric) AND (ws_net_profit <= '250'::numeric))))", "Rows Removed by Filter": 1, "Workers": []}]}, {"Node Type": "Index Only Scan", "Parent Relationship": "Inner", "Parallel Aware": false, "Async Capable": false, "Scan Direction": "Forward", "Index Name": "web_page_pkey", "Relation Name": "web_page", "Alias": "web_page", "Startup Cost": 0.14, "Total Cost": 0.16, "Plan Rows": 1, "Plan Width": 4, "Actual Rows": 1, "Actual Loops": 76, "Index Cond": "(wp_web_page_sk = web_sales.ws_web_page_sk)", "Rows Removed by Index Recheck": 0, "Heap Fetches": 76, "Workers": []}]}, {"Node Type": "Index Scan", "Parent Relationship": "Inner", "Parallel Aware": false, "Async Capable": false, "Scan Direction": "Forward", "Index Name": "date_dim_pkey", "Relation Name": "date_dim", "Alias": "date_dim", "Startup Cost": 0.29, "Total Cost": 0.33, "Plan Rows": 1, "Plan Width": 4, "Actual Rows": 0, "Actual Loops": 76, "Index Cond": "(d_date_sk = web_sales.ws_sold_date_sk)", "Rows Removed by Index Recheck": 0, "Filter": "(d_year = 2001)", "Rows Removed by Filter": 1, "Workers": []}]}, {"Node Type": "Index Only Scan", "Parent Relationship": "Inner", "Parallel Aware": false, "Async Capable": false, "Scan Direction": "Forward", "Index Name": "reason_pkey", "Relation Name": "reason", "Alias": "reason", "Startup Cost": 0.14, "Total Cost": 0.16, "Plan Rows": 1, "Plan Width": 4, "Actual Rows": 1, "Actual Loops": 18, "Index Cond": "(r_reason_sk = web_returns.wr_reason_sk)", "Rows Removed by Index Recheck": 0, "Heap Fetches": 17, "Workers": []}]}]}]}]}]}, "Planning Time": 11.659, "Triggers": [], "Execution Time": 1026.605}, {"Plan": {"Node Type": "Aggregate", "Strategy": "Plain", "Partial Mode": "Simple", "Parallel Aware": false, "Async Capable": false, "Startup Cost": 56479.12, "Total Cost": 56479.13, "Plan Rows": 1, "Plan Width": 8, "Actual Rows": 1, "Actual Loops": 1, "Plans": [{"Node Type": "Nested Loop", "Parent Relationship": "Outer", "Parallel Aware": false, "Async Capable": false, "Join Type": "Inner", "Startup Cost": 9225.02, "Total Cost": 56479.12, "Plan Rows": 1, "Plan Width": 0, "Actual Rows": 16, "Actual Loops": 1, "Inner Unique": false, "Join Filter": "(web_page.wp_web_page_sk = web_sales.ws_web_page_sk)", "Rows Removed by Join Filter": 3184, "Plans": [{"Node Type": "Seq Scan", "Parent Relationship": "Outer", "Parallel Aware": false, "Async Capable": false, "Relation Name": "web_page", "Alias": "web_page", "Startup Cost": 0.0, "Total Cost": 7.0, "Plan Rows": 200, "Plan Width": 4, "Actual Rows": 200, "Actual Loops": 1}, {"Node Type": "Materialize", "Parent Relationship": "Inner", "Parallel Aware": false, "Async Capable": false, "Startup Cost": 9225.02, "Total Cost": 56469.12, "Plan Rows": 1, "Plan Width": 4, "Actual Rows": 16, "Actual Loops": 200, "Plans": [{"Node Type": "Nested Loop", "Parent Relationship": "Outer", "Parallel Aware": false, "Async Capable": false, "Join Type": "Inner", "Startup Cost": 9225.02, "Total Cost": 56469.12, "Plan Rows": 1, "Plan Width": 4, "Actual Rows": 16, "Actual Loops": 1, "Inner Unique": true, "Plans": [{"Node Type": "Nested Loop", "Parent Relationship": "Outer", "Parallel Aware": false, "Async Capable": false, "Join Type": "Inner", "Startup Cost": 9224.88, "Total Cost": 56468.96, "Plan Rows": 1, "Plan Width": 8, "Actual Rows": 16, "Actual Loops": 1, "Inner Unique": true, "Plans": [{"Node Type": "Gather", "Parent Relationship": "Outer", "Parallel Aware": false, "Async Capable": false, "Startup Cost": 9224.58, "Total Cost": 56468.63, "Plan Rows": 1, "Plan Width": 12, "Actual Rows": 74, "Actual Loops": 1, "Workers Planned": 3, "Workers Launched": 3, "Single Copy": false, "Plans": [{"Node Type": "Nested Loop", "Parent Relationship": "Outer", "Parallel Aware": false, "Async Capable": false, "Join Type": "Inner", "Startup Cost": 8224.58, "Total Cost": 55468.53, "Plan Rows": 1, "Plan Width": 12, "Actual Rows": 18, "Actual Loops": 4, "Inner Unique": true, "Join Filter": "((((customer_address.ca_state = ANY ('{NE,OK,GA}'::bpchar[])) AND (web_sales.ws_net_profit >= '100'::numeric) AND (web_sales.ws_net_profit <= '200'::numeric)) OR ((customer_address.ca_state = ANY ('{NM,NY,VA}'::bpchar[])) AND (web_sales.ws_net_profit >= '150'::numeric) AND (web_sales.ws_net_profit <= '300'::numeric)) OR ((customer_address.ca_state = ANY ('{AL,MD,CO}'::bpchar[])) AND (web_sales.ws_net_profit >= '50'::numeric) AND (web_sales.ws_net_profit <= '250'::numeric))) AND (((cd1.cd_marital_status = 'W'::bpchar) AND (cd1.cd_education_status = 'Advanced Degree'::bpchar) AND (web_sales.ws_sales_price >= 100.00) AND (web_sales.ws_sales_price <= 150.00)) OR ((cd1.cd_marital_status = 'U'::bpchar) AND (cd1.cd_education_status = '2 yr Degree'::bpchar) AND (web_sales.ws_sales_price >= 50.00) AND (web_sales.ws_sales_price <= 100.00)) OR ((cd1.cd_marital_status = 'D'::bpchar) AND (cd1.cd_education_status = 'College'::bpchar) AND (web_sales.ws_sales_price >= 150.00) AND (web_sales.ws_sales_price <= 200.00))))", "Rows Removed by Join Filter": 82, "Workers": [], "Plans": [{"Node Type": "Nested Loop", "Parent Relationship": "Outer", "Parallel Aware": false, "Async Capable": false, "Join Type": "Inner", "Startup Cost": 8224.15, "Total Cost": 55276.47, "Plan Rows": 110, "Plan Width": 38, "Actual Rows": 3088, "Actual Loops": 4, "Inner Unique": true, "Join Filter": "((cd1.cd_marital_status = cd2.cd_marital_status) AND (cd1.cd_education_status = cd2.cd_education_status))", "Rows Removed by Join Filter": 0, "Workers": [], "Plans": [{"Node Type": "Nested Loop", "Parent Relationship": "Outer", "Parallel Aware": false, "Async Capable": false, "Join Type": "Inner", "Startup Cost": 8223.72, "Total Cost": 52916.74, "Plan Rows": 3863, "Plan Width": 42, "Actual Rows": 3124, "Actual Loops": 4, "Inner Unique": true, "Workers": [], "Plans": [{"Node Type": "Hash Join", "Parent Relationship": "Outer", "Parallel Aware": true, "Async Capable": false, "Join Type": "Inner", "Startup Cost": 8223.3, "Total Cost": 24472.37, "Plan Rows": 46565, "Plan Width": 23, "Actual Rows": 37456, "Actual Loops": 4, "Inner Unique": true, "Hash Cond": "(web_returns.wr_refunded_addr_sk = customer_address.ca_address_sk)", "Workers": [], "Plans": [{"Node Type": "Seq Scan", "Parent Relationship": "Outer", "Parallel Aware": true, "Async Capable": false, "Relation Name": "web_returns", "Alias": "web_returns", "Startup Cost": 0.0, "Total Cost": 15640.05, "Plan Rows": 232005, "Plan Width": 24, "Actual Rows": 179804, "Actual Loops": 4, "Workers": []}, {"Node Type": "Hash", "Parent Relationship": "Inner", "Parallel Aware": true, "Async Capable": false, "Startup Cost": 7961.96, "Total Cost": 7961.96, "Plan Rows": 20907, "Plan Width": 7, "Actual Rows": 13614, "Actual Loops": 4, "Hash Buckets": 65536, "Original Hash Buckets": 65536, "Hash Batches": 1, "Original Hash Batches": 1, "Peak Memory Usage": 2688, "Workers": [], "Plans": [{"Node Type": "Seq Scan", "Parent Relationship": "Outer", "Parallel Aware": true, "Async Capable": false, "Relation Name": "customer_address", "Alias": "customer_address", "Startup Cost": 0.0, "Total Cost": 7961.96, "Plan Rows": 20907, "Plan Width": 7, "Actual Rows": 13614, "Actual Loops": 4, "Filter": "(((ca_country)::text = 'United States'::text) AND ((ca_state = ANY ('{NE,OK,GA}'::bpchar[])) OR (ca_state = ANY ('{NM,NY,VA}'::bpchar[])) OR (ca_state = ANY ('{AL,MD,CO}'::bpchar[]))))", "Rows Removed by Filter": 48886, "Workers": []}]}]}, {"Node Type": "Index Scan", "Parent Relationship": "Inner", "Parallel Aware": false, "Async Capable": false, "Scan Direction": "Forward", "Index Name": "customer_demographics_pkey", "Relation Name": "customer_demographics", "Alias": "cd1", "Startup Cost": 0.43, "Total Cost": 0.61, "Plan Rows": 1, "Plan Width": 27, "Actual Rows": 0, "Actual Loops": 149825, "Index Cond": "(cd_demo_sk = web_returns.wr_refunded_cdemo_sk)", "Rows Removed by Index Recheck": 0, "Filter": "(((cd_marital_status = 'W'::bpchar) AND (cd_education_status = 'Advanced Degree'::bpchar)) OR ((cd_marital_status = 'U'::bpchar) AND (cd_education_status = '2 yr Degree'::bpchar)) OR ((cd_marital_status = 'D'::bpchar) AND (cd_education_status = 'College'::bpchar)))", "Rows Removed by Filter": 1, "Workers": []}]}, {"Node Type": "Index Scan", "Parent Relationship": "Inner", "Parallel Aware": false, "Async Capable": false, "Scan Direction": "Forward", "Index Name": "customer_demographics_pkey", "Relation Name": "customer_demographics", "Alias": "cd2", "Startup Cost": 0.43, "Total Cost": 0.6, "Plan Rows": 1, "Plan Width": 27, "Actual Rows": 1, "Actual Loops": 12494, "Index Cond": "(cd_demo_sk = web_returns.wr_returning_cdemo_sk)", "Rows Removed by Index Recheck": 0, "Workers": []}]}, {"Node Type": "Index Scan", "Parent Relationship": "Inner", "Parallel Aware": false, "Async Capable": false, "Scan Direction": "Forward", "Index Name": "web_sales_pkey", "Relation Name": "web_sales", "Alias": "web_sales", "Startup Cost": 0.43, "Total Cost": 1.68, "Plan Rows": 1, "Plan Width": 28, "Actual Rows": 0, "Actual Loops": 12351, "Index Cond": "((ws_item_sk = web_returns.wr_item_sk) AND (ws_order_number = web_returns.wr_order_number))", "Rows Removed by Index Recheck": 0, "Filter": "((((ws_sales_price >= 100.00) AND (ws_sales_price <= 150.00)) OR ((ws_sales_price >= 50.00) AND (ws_sales_price <= 100.00)) OR ((ws_sales_price >= 150.00) AND (ws_sales_price <= 200.00))) AND (((ws_net_profit >= '100'::numeric) AND (ws_net_profit <= '200'::numeric)) OR ((ws_net_profit >= '150'::numeric) AND (ws_net_profit <= '300'::numeric)) OR ((ws_net_profit >= '50'::numeric) AND (ws_net_profit <= '250'::numeric))))", "Rows Removed by Filter": 1, "Workers": []}]}]}, {"Node Type": "Index Scan", "Parent Relationship": "Inner", "Parallel Aware": false, "Async Capable": false, "Scan Direction": "Forward", "Index Name": "date_dim_pkey", "Relation Name": "date_dim", "Alias": "date_dim", "Startup Cost": 0.29, "Total Cost": 0.33, "Plan Rows": 1, "Plan Width": 4, "Actual Rows": 0, "Actual Loops": 74, "Index Cond": "(d_date_sk = web_sales.ws_sold_date_sk)", "Rows Removed by Index Recheck": 0, "Filter": "(d_year = 2001)", "Rows Removed by Filter": 1}]}, {"Node Type": "Index Only Scan", "Parent Relationship": "Inner", "Parallel Aware": false, "Async Capable": false, "Scan Direction": "Forward", "Index Name": "reason_pkey", "Relation Name": "reason", "Alias": "reason", "Startup Cost": 0.14, "Total Cost": 0.16, "Plan Rows": 1, "Plan Width": 4, "Actual Rows": 1, "Actual Loops": 16, "Index Cond": "(r_reason_sk = web_returns.wr_reason_sk)", "Rows Removed by Index Recheck": 0, "Heap Fetches": 16}]}]}]}]}, "Planning Time": 14.514, "Triggers": [], "Execution Time": 924.65}, {"Plan": {"Node Type": "Aggregate", "Strategy": "Plain", "Partial Mode": "Finalize", "Parallel Aware": false, "Async Capable": false, "Startup Cost": 58430.92, "Total Cost": 58430.93, "Plan Rows": 1, "Plan Width": 8, "Actual Rows": 1, "Actual Loops": 1, "Plans": [{"Node Type": "Gather", "Parent Relationship": "Outer", "Parallel Aware": false, "Async Capable": false, "Startup Cost": 58430.8, "Total Cost": 58430.91, "Plan Rows": 1, "Plan Width": 8, "Actual Rows": 2, "Actual Loops": 1, "Workers Planned": 1, "Workers Launched": 1, "Single Copy": false, "Plans": [{"Node Type": "Aggregate", "Strategy": "Plain", "Partial Mode": "Partial", "Parent Relationship": "Outer", "Parallel Aware": false, "Async Capable": false, "Startup Cost": 57430.8, "Total Cost": 57430.81, "Plan Rows": 1, "Plan Width": 8, "Actual Rows": 1, "Actual Loops": 2, "Workers": [], "Plans": [{"Node Type": "Hash Join", "Parent Relationship": "Outer", "Parallel Aware": true, "Async Capable": false, "Join Type": "Inner", "Startup Cost": 55468.86, "Total Cost": 57430.8, "Plan Rows": 1, "Plan Width": 0, "Actual Rows": 8, "Actual Loops": 2, "Inner Unique": false, "Hash Cond": "(date_dim.d_date_sk = web_sales.ws_sold_date_sk)", "Workers": [], "Plans": [{"Node Type": "Seq Scan", "Parent Relationship": "Outer", "Parallel Aware": true, "Async Capable": false, "Relation Name": "date_dim", "Alias": "date_dim", "Startup Cost": 0.0, "Total Cost": 1961.12, "Plan Rows": 215, "Plan Width": 4, "Actual Rows": 182, "Actual Loops": 2, "Filter": "(d_year = 2001)", "Rows Removed by Filter": 36342, "Workers": []}, {"Node Type": "Hash", "Parent Relationship": "Inner", "Parallel Aware": true, "Async Capable": false, "Startup Cost": 55468.85, "Total Cost": 55468.85, "Plan Rows": 1, "Plan Width": 4, "Actual Rows": 36, "Actual Loops": 2, "Hash Buckets": 1024, "Original Hash Buckets": 1024, "Hash Batches": 1, "Original Hash Batches": 1, "Peak Memory Usage": 72, "Workers": [], "Plans": [{"Node Type": "Nested Loop", "Parent Relationship": "Outer", "Parallel Aware": false, "Async Capable": false, "Join Type": "Inner", "Startup Cost": 8224.87, "Total Cost": 55468.85, "Plan Rows": 1, "Plan Width": 4, "Actual Rows": 36, "Actual Loops": 2, "Inner Unique": true, "Workers": [], "Plans": [{"Node Type": "Nested Loop", "Parent Relationship": "Outer", "Parallel Aware": false, "Async Capable": false, "Join Type": "Inner", "Startup Cost": 8224.73, "Total Cost": 55468.69, "Plan Rows": 1, "Plan Width": 8, "Actual Rows": 37, "Actual Loops": 2, "Inner Unique": true, "Workers": [], "Plans": [{"Node Type": "Nested Loop", "Parent Relationship": "Outer", "Parallel Aware": false, "Async Capable": false, "Join Type": "Inner", "Startup Cost": 8224.58, "Total Cost": 55468.53, "Plan Rows": 1, "Plan Width": 12, "Actual Rows": 37, "Actual Loops": 2, "Inner Unique": true, "Join Filter": "((((customer_address.ca_state = ANY ('{NE,OK,GA}'::bpchar[])) AND (web_sales.ws_net_profit >= '100'::numeric) AND (web_sales.ws_net_profit <= '200'::numeric)) OR ((customer_address.ca_state = ANY ('{NM,NY,VA}'::bpchar[])) AND (web_sales.ws_net_profit >= '150'::numeric) AND (web_sales.ws_net_profit <= '300'::numeric)) OR ((customer_address.ca_state = ANY ('{AL,MD,CO}'::bpchar[])) AND (web_sales.ws_net_profit >= '50'::numeric) AND (web_sales.ws_net_profit <= '250'::numeric))) AND (((cd1.cd_marital_status = 'W'::bpchar) AND (cd1.cd_education_status = 'Advanced Degree'::bpchar) AND (web_sales.ws_sales_price >= 100.00) AND (web_sales.ws_sales_price <= 150.00)) OR ((cd1.cd_marital_status = 'U'::bpchar) AND (cd1.cd_education_status = '2 yr Degree'::bpchar) AND (web_sales.ws_sales_price >= 50.00) AND (web_sales.ws_sales_price <= 100.00)) OR ((cd1.cd_marital_status = 'D'::bpchar) AND (cd1.cd_education_status = 'College'::bpchar) AND (web_sales.ws_sales_price >= 150.00) AND (web_sales.ws_sales_price <= 200.00))))", "Rows Removed by Join Filter": 163, "Workers": [], "Plans": [{"Node Type": "Nested Loop", "Parent Relationship": "Outer", "Parallel Aware": false, "Async Capable": false, "Join Type": "Inner", "Startup Cost": 8224.15, "Total Cost": 55276.47, "Plan Rows": 110, "Plan Width": 38, "Actual Rows": 6176, "Actual Loops": 2, "Inner Unique": true, "Join Filter": "((cd1.cd_marital_status = cd2.cd_marital_status) AND (cd1.cd_education_status = cd2.cd_education_status))", "Rows Removed by Join Filter": 0, "Workers": [], "Plans": [{"Node Type": "Nested Loop", "Parent Relationship": "Outer", "Parallel Aware": false, "Async Capable": false, "Join Type": "Inner", "Startup Cost": 8223.72, "Total Cost": 52916.74, "Plan Rows": 3863, "Plan Width": 42, "Actual Rows": 6247, "Actual Loops": 2, "Inner Unique": true, "Workers": [], "Plans": [{"Node Type": "Hash Join", "Parent Relationship": "Outer", "Parallel Aware": true, "Async Capable": false, "Join Type": "Inner", "Startup Cost": 8223.3, "Total Cost": 24472.37, "Plan Rows": 46565, "Plan Width": 23, "Actual Rows": 74912, "Actual Loops": 2, "Inner Unique": true, "Hash Cond": "(web_returns.wr_refunded_addr_sk = customer_address.ca_address_sk)", "Workers": [], "Plans": [{"Node Type": "Seq Scan", "Parent Relationship": "Outer", "Parallel Aware": true, "Async Capable": false, "Relation Name": "web_returns", "Alias": "web_returns", "Startup Cost": 0.0, "Total Cost": 15640.05, "Plan Rows": 232005, "Plan Width": 24, "Actual Rows": 359608, "Actual Loops": 2, "Workers": []}, {"Node Type": "Hash", "Parent Relationship": "Inner", "Parallel Aware": true, "Async Capable": false, "Startup Cost": 7961.96, "Total Cost": 7961.96, "Plan Rows": 20907, "Plan Width": 7, "Actual Rows": 27228, "Actual Loops": 2, "Hash Buckets": 65536, "Original Hash Buckets": 65536, "Hash Batches": 1, "Original Hash Batches": 1, "Peak Memory Usage": 2656, "Workers": [], "Plans": [{"Node Type": "Seq Scan", "Parent Relationship": "Outer", "Parallel Aware": true, "Async Capable": false, "Relation Name": "customer_address", "Alias": "customer_address", "Startup Cost": 0.0, "Total Cost": 7961.96, "Plan Rows": 20907, "Plan Width": 7, "Actual Rows": 27228, "Actual Loops": 2, "Filter": "(((ca_country)::text = 'United States'::text) AND ((ca_state = ANY ('{NE,OK,GA}'::bpchar[])) OR (ca_state = ANY ('{NM,NY,VA}'::bpchar[])) OR (ca_state = ANY ('{AL,MD,CO}'::bpchar[]))))", "Rows Removed by Filter": 97772, "Workers": []}]}]}, {"Node Type": "Index Scan", "Parent Relationship": "Inner", "Parallel Aware": false, "Async Capable": false, "Scan Direction": "Forward", "Index Name": "customer_demographics_pkey", "Relation Name": "customer_demographics", "Alias": "cd1", "Startup Cost": 0.43, "Total Cost": 0.61, "Plan Rows": 1, "Plan Width": 27, "Actual Rows": 0, "Actual Loops": 149825, "Index Cond": "(cd_demo_sk = web_returns.wr_refunded_cdemo_sk)", "Rows Removed by Index Recheck": 0, "Filter": "(((cd_marital_status = 'W'::bpchar) AND (cd_education_status = 'Advanced Degree'::bpchar)) OR ((cd_marital_status = 'U'::bpchar) AND (cd_education_status = '2 yr Degree'::bpchar)) OR ((cd_marital_status = 'D'::bpchar) AND (cd_education_status = 'College'::bpchar)))", "Rows Removed by Filter": 1, "Workers": []}]}, {"Node Type": "Index Scan", "Parent Relationship": "Inner", "Parallel Aware": false, "Async Capable": false, "Scan Direction": "Forward", "Index Name": "customer_demographics_pkey", "Relation Name": "customer_demographics", "Alias": "cd2", "Startup Cost": 0.43, "Total Cost": 0.6, "Plan Rows": 1, "Plan Width": 27, "Actual Rows": 1, "Actual Loops": 12494, "Index Cond": "(cd_demo_sk = web_returns.wr_returning_cdemo_sk)", "Rows Removed by Index Recheck": 0, "Workers": []}]}, {"Node Type": "Index Scan", "Parent Relationship": "Inner", "Parallel Aware": false, "Async Capable": false, "Scan Direction": "Forward", "Index Name": "web_sales_pkey", "Relation Name": "web_sales", "Alias": "web_sales", "Startup Cost": 0.43, "Total Cost": 1.68, "Plan Rows": 1, "Plan Width": 28, "Actual Rows": 0, "Actual Loops": 12351, "Index Cond": "((ws_item_sk = web_returns.wr_item_sk) AND (ws_order_number = web_returns.wr_order_number))", "Rows Removed by Index Recheck": 0, "Filter": "((((ws_sales_price >= 100.00) AND (ws_sales_price <= 150.00)) OR ((ws_sales_price >= 50.00) AND (ws_sales_price <= 100.00)) OR ((ws_sales_price >= 150.00) AND (ws_sales_price <= 200.00))) AND (((ws_net_profit >= '100'::numeric) AND (ws_net_profit <= '200'::numeric)) OR ((ws_net_profit >= '150'::numeric) AND (ws_net_profit <= '300'::numeric)) OR ((ws_net_profit >= '50'::numeric) AND (ws_net_profit <= '250'::numeric))))", "Rows Removed by Filter": 1, "Workers": []}]}, {"Node Type": "Index Only Scan", "Parent Relationship": "Inner", "Parallel Aware": false, "Async Capable": false, "Scan Direction": "Forward", "Index Name": "web_page_pkey", "Relation Name": "web_page", "Alias": "web_page", "Startup Cost": 0.14, "Total Cost": 0.16, "Plan Rows": 1, "Plan Width": 4, "Actual Rows": 1, "Actual Loops": 74, "Index Cond": "(wp_web_page_sk = web_sales.ws_web_page_sk)", "Rows Removed by Index Recheck": 0, "Heap Fetches": 74, "Workers": []}]}, {"Node Type": "Index Only Scan", "Parent Relationship": "Inner", "Parallel Aware": false, "Async Capable": false, "Scan Direction": "Forward", "Index Name": "reason_pkey", "Relation Name": "reason", "Alias": "reason", "Startup Cost": 0.14, "Total Cost": 0.16, "Plan Rows": 1, "Plan Width": 4, "Actual Rows": 1, "Actual Loops": 74, "Index Cond": "(r_reason_sk = web_returns.wr_reason_sk)", "Rows Removed by Index Recheck": 0, "Heap Fetches": 72, "Workers": []}]}]}]}]}]}]}, "Planning Time": 10.531, "Triggers": [], "Execution Time": 2105.797}, {"Plan": {"Node Type": "Aggregate", "Strategy": "Plain", "Partial Mode": "Simple", "Parallel Aware": false, "Async Capable": false, "Startup Cost": 22555640742.86, "Total Cost": 22555640742.87, "Plan Rows": 1, "Plan Width": 8, "Plans": [{"Node Type": "Nested Loop", "Parent Relationship": "Outer", "Parallel Aware": false, "Async Capable": false, "Join Type": "Inner", "Startup Cost": 20000003974.78, "Total Cost": 22555640742.86, "Plan Rows": 1, "Plan Width": 0, "Inner Unique": false, "Join Filter": "((web_sales.ws_item_sk = web_returns.wr_item_sk) AND (web_sales.ws_order_number = web_returns.wr_order_number) AND (customer_address.ca_address_sk = web_returns.wr_refunded_addr_sk) AND (((cd1.cd_marital_status = 'W'::bpchar) AND (cd1.cd_education_status = 'Advanced Degree'::bpchar) AND (web_sales.ws_sales_price >= 100.00) AND (web_sales.ws_sales_price <= 150.00)) OR ((cd1.cd_marital_status = 'U'::bpchar) AND (cd1.cd_education_status = '2 yr Degree'::bpchar) AND (web_sales.ws_sales_price >= 50.00) AND (web_sales.ws_sales_price <= 100.00)) OR ((cd1.cd_marital_status = 'D'::bpchar) AND (cd1.cd_education_status = 'College'::bpchar) AND (web_sales.ws_sales_price >= 150.00) AND (web_sales.ws_sales_price <= 200.00))))", "Plans": [{"Node Type": "Nested Loop", "Parent Relationship": "Outer", "Parallel Aware": false, "Async Capable": false, "Join Type": "Inner", "Startup Cost": 2973.31, "Total Cost": 3659052.35, "Plan Rows": 29931055, "Plan Width": 18, "Inner Unique": false, "Join Filter": "(((customer_address.ca_state = ANY ('{NE,OK,GA}'::bpchar[])) AND (web_sales.ws_net_profit >= '100'::numeric) AND (web_sales.ws_net_profit <= '200'::numeric)) OR ((customer_address.ca_state = ANY ('{NM,NY,VA}'::bpchar[])) AND (web_sales.ws_net_profit >= '150'::numeric) AND (web_sales.ws_net_profit <= '300'::numeric)) OR ((customer_address.ca_state = ANY ('{AL,MD,CO}'::bpchar[])) AND (web_sales.ws_net_profit >= '50'::numeric) AND (web_sales.ws_net_profit <= '250'::numeric)))", "Plans": [{"Node Type": "Gather", "Parent Relationship": "Outer", "Parallel Aware": false, "Async Capable": false, "Startup Cost": 2973.31, "Total Cost": 248762.32, "Plan Rows": 1748, "Plan Width": 20, "Workers Planned": 5, "Single Copy": false, "Plans": [{"Node Type": "Hash Join", "Parent Relationship": "Outer", "Parallel Aware": false, "Async Capable": false, "Join Type": "Inner", "Startup Cost": 1973.31, "Total Cost": 247587.52, "Plan Rows": 350, "Plan Width": 20, "Inner Unique": true, "Hash Cond": "(web_sales.ws_web_page_sk = web_page.wp_web_page_sk)", "Plans": [{"Node Type": "Hash Join", "Parent Relationship": "Outer", "Parallel Aware": true, "Async Capable": false, "Join Type": "Inner", "Startup Cost": 1963.81, "Total Cost": 247577.08, "Plan Rows": 350, "Plan Width": 24, "Inner Unique": true, "Hash Cond": "(web_sales.ws_sold_date_sk = date_dim.d_date_sk)", "Plans": [{"Node Type": "Seq Scan", "Parent Relationship": "Outer", "Parallel Aware": true, "Async Capable": false, "Relation Name": "web_sales", "Alias": "web_sales", "Startup Cost": 0.0, "Total Cost": 245429.58, "Plan Rows": 69972, "Plan Width": 28, "Filter": "((((ws_sales_price >= 100.00) AND (ws_sales_price <= 150.00)) OR ((ws_sales_price >= 50.00) AND (ws_sales_price <= 100.00)) OR ((ws_sales_price >= 150.00) AND (ws_sales_price <= 200.00))) AND (((ws_net_profit >= '100'::numeric) AND (ws_net_profit <= '200'::numeric)) OR ((ws_net_profit >= '150'::numeric) AND (ws_net_profit <= '300'::numeric)) OR ((ws_net_profit >= '50'::numeric) AND (ws_net_profit <= '250'::numeric))))"}, {"Node Type": "Hash", "Parent Relationship": "Inner", "Parallel Aware": true, "Async Capable": false, "Startup Cost": 1961.12, "Total Cost": 1961.12, "Plan Rows": 215, "Plan Width": 4, "Plans": [{"Node Type": "Seq Scan", "Parent Relationship": "Outer", "Parallel Aware": true, "Async Capable": false, "Relation Name": "date_dim", "Alias": "date_dim", "Startup Cost": 0.0, "Total Cost": 1961.12, "Plan Rows": 215, "Plan Width": 4, "Filter": "(d_year = 2001)"}]}]}, {"Node Type": "Hash", "Parent Relationship": "Inner", "Parallel Aware": false, "Async Capable": false, "Startup Cost": 7.0, "Total Cost": 7.0, "Plan Rows": 200, "Plan Width": 4, "Plans": [{"Node Type": "Seq Scan", "Parent Relationship": "Outer", "Parallel Aware": false, "Async Capable": false, "Relation Name": "web_page", "Alias": "web_page", "Startup Cost": 0.0, "Total Cost": 7.0, "Plan Rows": 200, "Plan Width": 4}]}]}]}, {"Node Type": "Materialize", "Parent Relationship": "Inner", "Parallel Aware": false, "Async Capable": false, "Startup Cost": 0.0, "Total Cost": 11676.39, "Plan Rows": 50177, "Plan Width": 7, "Plans": [{"Node Type": "Seq Scan", "Parent Relationship": "Outer", "Parallel Aware": false, "Async Capable": false, "Relation Name": "customer_address", "Alias": "customer_address", "Startup Cost": 0.0, "Total Cost": 11425.5, "Plan Rows": 50177, "Plan Width": 7, "Filter": "(((ca_country)::text = 'United States'::text) AND ((ca_state = ANY ('{NE,OK,GA}'::bpchar[])) OR (ca_state = ANY ('{NM,NY,VA}'::bpchar[])) OR (ca_state = ANY ('{AL,MD,CO}'::bpchar[]))))"}]}]}, {"Node Type": "Materialize", "Parent Relationship": "Inner", "Parallel Aware": false, "Async Capable": false, "Startup Cost": 10000001001.47, "Total Cost": 10000359256.02, "Plan Rows": 1705, "Plan Width": 35, "Plans": [{"Node Type": "Gather Merge", "Parent Relationship": "Outer", "Parallel Aware": false, "Async Capable": false, "Startup Cost": 10000001001.47, "Total Cost": 10000359247.49, "Plan Rows": 1705, "Plan Width": 35, "Workers Planned": 3, "Plans": [{"Node Type": "Nested Loop", "Parent Relationship": "Outer", "Parallel Aware": false, "Async Capable": false, "Join Type": "Inner", "Startup Cost": 10000000001.43, "Total Cost": 10000358047.12, "Plan Rows": 550, "Plan Width": 35, "Inner Unique": true, "Join Filter": "((cd1.cd_marital_status = cd2.cd_marital_status) AND (cd1.cd_education_status = cd2.cd_education_status))", "Plans": [{"Node Type": "Nested Loop", "Parent Relationship": "Outer", "Parallel Aware": false, "Async Capable": false, "Join Type": "Inner", "Startup Cost": 1.0, "Total Cost": 212846.11, "Plan Rows": 232005, "Plan Width": 39, "Inner Unique": true, "Plans": [{"Node Type": "Nested Loop", "Parent Relationship": "Outer", "Parallel Aware": false, "Async Capable": false, "Join Type": "Inner", "Startup Cost": 0.85, "Total Cost": 207109.42, "Plan Rows": 232005, "Plan Width": 43, "Inner Unique": true, "Plans": [{"Node Type": "Index Scan", "Parent Relationship": "Outer", "Parallel Aware": true, "Async Capable": false, "Scan Direction": "Forward", "Index Name": "web_returns_pkey", "Relation Name": "web_returns", "Alias": "web_returns", "Startup Cost": 0.42, "Total Cost": 68868.56, "Plan Rows": 232005, "Plan Width": 24}, {"Node Type": "Index Scan", "Parent Relationship": "Inner", "Parallel Aware": false, "Async Capable": false, "Scan Direction": "Forward", "Index Name": "customer_demographics_pkey", "Relation Name": "customer_demographics", "Alias": "cd2", "Startup Cost": 0.43, "Total Cost": 0.6, "Plan Rows": 1, "Plan Width": 27, "Index Cond": "(cd_demo_sk = web_returns.wr_returning_cdemo_sk)"}]}, {"Node Type": "Memoize", "Parent Relationship": "Inner", "Parallel Aware": false, "Async Capable": false, "Startup Cost": 0.15, "Total Cost": 0.17, "Plan Rows": 1, "Plan Width": 4, "Cache Key": "web_returns.wr_reason_sk", "Cache Mode": "logical", "Plans": [{"Node Type": "Index Only Scan", "Parent Relationship": "Outer", "Parallel Aware": false, "Async Capable": false, "Scan Direction": "Forward", "Index Name": "reason_pkey", "Relation Name": "reason", "Alias": "reason", "Startup Cost": 0.14, "Total Cost": 0.16, "Plan Rows": 1, "Plan Width": 4, "Index Cond": "(r_reason_sk = web_returns.wr_reason_sk)"}]}]}, {"Node Type": "Index Scan", "Parent Relationship": "Inner", "Parallel Aware": false, "Async Capable": false, "Scan Direction": "Forward", "Index Name": "customer_demographics_pkey", "Relation Name": "customer_demographics", "Alias": "cd1", "Startup Cost": 0.43, "Total Cost": 0.61, "Plan Rows": 1, "Plan Width": 27, "Index Cond": "(cd_demo_sk = web_returns.wr_refunded_cdemo_sk)", "Filter": "(((cd_marital_status = 'W'::bpchar) AND (cd_education_status = 'Advanced Degree'::bpchar)) OR ((cd_marital_status = 'U'::bpchar) AND (cd_education_status = '2 yr Degree'::bpchar)) OR ((cd_marital_status = 'D'::bpchar) AND (cd_education_status = 'College'::bpchar)))"}]}]}]}]}]}}, {"Plan": {"Node Type": "Aggregate", "Strategy": "Plain", "Partial Mode": "Simple", "Parallel Aware": false, "Async Capable": false, "Startup Cost": 41980362.6, "Total Cost": 41980362.61, "Plan Rows": 1, "Plan Width": 8, "Plans": [{"Node Type": "Gather", "Parent Relationship": "Outer", "Parallel Aware": false, "Async Capable": false, "Startup Cost": 142724.22, "Total Cost": 41980362.6, "Plan Rows": 1, "Plan Width": 0, "Workers Planned": 3, "Single Copy": false, "Plans": [{"Node Type": "Hash Join", "Parent Relationship": "Outer", "Parallel Aware": true, "Async Capable": false, "Join Type": "Inner", "Startup Cost": 141724.22, "Total Cost": 41979362.5, "Plan Rows": 1, "Plan Width": 0, "Inner Unique": false, "Hash Cond": "((cd1.cd_demo_sk = web_returns.wr_refunded_cdemo_sk) AND (cd2.cd_demo_sk = web_returns.wr_returning_cdemo_sk))", "Join Filter": "(((cd1.cd_marital_status = 'W'::bpchar) AND (cd1.cd_education_status = 'Advanced Degree'::bpchar) AND (web_sales.ws_sales_price >= 100.00) AND (web_sales.ws_sales_price <= 150.00)) OR ((cd1.cd_marital_status = 'U'::bpchar) AND (cd1.cd_education_status = '2 yr Degree'::bpchar) AND (web_sales.ws_sales_price >= 50.00) AND (web_sales.ws_sales_price <= 100.00)) OR ((cd1.cd_marital_status = 'D'::bpchar) AND (cd1.cd_education_status = 'College'::bpchar) AND (web_sales.ws_sales_price >= 150.00) AND (web_sales.ws_sales_price <= 200.00)))", "Plans": [{"Node Type": "Hash Join", "Parent Relationship": "Outer", "Parallel Aware": true, "Async Capable": false, "Join Type": "Inner", "Startup Cost": 37346.32, "Total Cost": 20719410.02, "Plan Rows": 2820743272, "Plan Width": 31, "Inner Unique": false, "Hash Cond": "((cd1.cd_marital_status = cd2.cd_marital_status) AND (cd1.cd_education_status = cd2.cd_education_status))", "Plans": [{"Node Type": "Seq Scan", "Parent Relationship": "Outer", "Parallel Aware": true, "Async Capable": false, "Relation Name": "customer_demographics", "Alias": "cd1", "Startup Cost": 0.0, "Total Cost": 37346.32, "Plan Rows": 51395, "Plan Width": 27, "Filter": "(((cd_marital_status = 'W'::bpchar) AND (cd_education_status = 'Advanced Degree'::bpchar)) OR ((cd_marital_status = 'U'::bpchar) AND (cd_education_status = '2 yr Degree'::bpchar)) OR ((cd_marital_status = 'D'::bpchar) AND (cd_education_status = 'College'::bpchar)))"}, {"Node Type": "Hash", "Parent Relationship": "Inner", "Parallel Aware": true, "Async Capable": false, "Startup Cost": 28052.13, "Total Cost": 28052.13, "Plan Rows": 619613, "Plan Width": 27, "Plans": [{"Node Type": "Seq Scan", "Parent Relationship": "Outer", "Parallel Aware": true, "Async Capable": false, "Relation Name": "customer_demographics", "Alias": "cd2", "Startup Cost": 0.0, "Total Cost": 28052.13, "Plan Rows": 619613, "Plan Width": 27}]}]}, {"Node Type": "Hash", "Parent Relationship": "Inner", "Parallel Aware": true, "Async Capable": false, "Startup Cost": 104377.88, "Total Cost": 104377.88, "Plan Rows": 1, "Plan Width": 14, "Plans": [{"Node Type": "Nested Loop", "Parent Relationship": "Outer", "Parallel Aware": false, "Async Capable": false, "Join Type": "Inner", "Startup Cost": 8224.31, "Total Cost": 104377.88, "Plan Rows": 1, "Plan Width": 14, "Inner Unique": true, "Plans": [{"Node Type": "Nested Loop", "Parent Relationship": "Outer", "Parallel Aware": false, "Async Capable": false, "Join Type": "Inner", "Startup Cost": 8224.17, "Total Cost": 104377.73, "Plan Rows": 1, "Plan Width": 18, "Inner Unique": true, "Plans": [{"Node Type": "Nested Loop", "Parent Relationship": "Outer", "Parallel Aware": false, "Async Capable": false, "Join Type": "Inner", "Startup Cost": 8223.87, "Total Cost": 104377.39, "Plan Rows": 1, "Plan Width": 22, "Inner Unique": true, "Plans": [{"Node Type": "Nested Loop", "Parent Relationship": "Outer", "Parallel Aware": false, "Async Capable": false, "Join Type": "Inner", "Startup Cost": 8223.73, "Total Cost": 104377.23, "Plan Rows": 1, "Plan Width": 26, "Inner Unique": true, "Join Filter": "(((customer_address.ca_state = ANY ('{NE,OK,GA}'::bpchar[])) AND (web_sales.ws_net_profit >= '100'::numeric) AND (web_sales.ws_net_profit <= '200'::numeric)) OR ((customer_address.ca_state = ANY ('{NM,NY,VA}'::bpchar[])) AND (web_sales.ws_net_profit >= '150'::numeric) AND (web_sales.ws_net_profit <= '300'::numeric)) OR ((customer_address.ca_state = ANY ('{AL,MD,CO}'::bpchar[])) AND (web_sales.ws_net_profit >= '50'::numeric) AND (web_sales.ws_net_profit <= '250'::numeric)))", "Plans": [{"Node Type": "Hash Join", "Parent Relationship": "Outer", "Parallel Aware": true, "Async Capable": false, "Join Type": "Inner", "Startup Cost": 8223.3, "Total Cost": 24472.37, "Plan Rows": 46565, "Plan Width": 23, "Inner Unique": true, "Hash Cond": "(web_returns.wr_refunded_addr_sk = customer_address.ca_address_sk)", "Plans": [{"Node Type": "Seq Scan", "Parent Relationship": "Outer", "Parallel Aware": true, "Async Capable": false, "Relation Name": "web_returns", "Alias": "web_returns", "Startup Cost": 0.0, "Total Cost": 15640.05, "Plan Rows": 232005, "Plan Width": 24}, {"Node Type": "Hash", "Parent Relationship": "Inner", "Parallel Aware": true, "Async Capable": false, "Startup Cost": 7961.96, "Total Cost": 7961.96, "Plan Rows": 20907, "Plan Width": 7, "Plans": [{"Node Type": "Seq Scan", "Parent Relationship": "Outer", "Parallel Aware": true, "Async Capable": false, "Relation Name": "customer_address", "Alias": "customer_address", "Startup Cost": 0.0, "Total Cost": 7961.96, "Plan Rows": 20907, "Plan Width": 7, "Filter": "(((ca_country)::text = 'United States'::text) AND ((ca_state = ANY ('{NE,OK,GA}'::bpchar[])) OR (ca_state = ANY ('{NM,NY,VA}'::bpchar[])) OR (ca_state = ANY ('{AL,MD,CO}'::bpchar[]))))"}]}]}, {"Node Type": "Index Scan", "Parent Relationship": "Inner", "Parallel Aware": false, "Async Capable": false, "Scan Direction": "Forward", "Index Name": "web_sales_pkey", "Relation Name": "web_sales", "Alias": "web_sales", "Startup Cost": 0.43, "Total Cost": 1.68, "Plan Rows": 1, "Plan Width": 28, "Index Cond": "((ws_item_sk = web_returns.wr_item_sk) AND (ws_order_number = web_returns.wr_order_number))", "Filter": "((((ws_sales_price >= 100.00) AND (ws_sales_price <= 150.00)) OR ((ws_sales_price >= 50.00) AND (ws_sales_price <= 100.00)) OR ((ws_sales_price >= 150.00) AND (ws_sales_price <= 200.00))) AND (((ws_net_profit >= '100'::numeric) AND (ws_net_profit <= '200'::numeric)) OR ((ws_net_profit >= '150'::numeric) AND (ws_net_profit <= '300'::numeric)) OR ((ws_net_profit >= '50'::numeric) AND (ws_net_profit <= '250'::numeric))))"}]}, {"Node Type": "Index Only Scan", "Parent Relationship": "Inner", "Parallel Aware": false, "Async Capable": false, "Scan Direction": "Forward", "Index Name": "web_page_pkey", "Relation Name": "web_page", "Alias": "web_page", "Startup Cost": 0.14, "Total Cost": 0.16, "Plan Rows": 1, "Plan Width": 4, "Index Cond": "(wp_web_page_sk = web_sales.ws_web_page_sk)"}]}, {"Node Type": "Index Scan", "Parent Relationship": "Inner", "Parallel Aware": false, "Async Capable": false, "Scan Direction": "Forward", "Index Name": "date_dim_pkey", "Relation Name": "date_dim", "Alias": "date_dim", "Startup Cost": 0.29, "Total Cost": 0.33, "Plan Rows": 1, "Plan Width": 4, "Index Cond": "(d_date_sk = web_sales.ws_sold_date_sk)", "Filter": "(d_year = 2001)"}]}, {"Node Type": "Index Only Scan", "Parent Relationship": "Inner", "Parallel Aware": false, "Async Capable": false, "Scan Direction": "Forward", "Index Name": "reason_pkey", "Relation Name": "reason", "Alias": "reason", "Startup Cost": 0.14, "Total Cost": 0.16, "Plan Rows": 1, "Plan Width": 4, "Index Cond": "(r_reason_sk = web_returns.wr_reason_sk)"}]}]}]}]}]}}, {"Plan": {"Node Type": "Aggregate", "Strategy": "Plain", "Partial Mode": "Simple", "Parallel Aware": false, "Async Capable": false, "Startup Cost": 22555640742.86, "Total Cost": 22555640742.87, "Plan Rows": 1, "Plan Width": 8, "Plans": [{"Node Type": "Nested Loop", "Parent Relationship": "Outer", "Parallel Aware": false, "Async Capable": false, "Join Type": "Inner", "Startup Cost": 20000003974.78, "Total Cost": 22555640742.86, "Plan Rows": 1, "Plan Width": 0, "Inner Unique": false, "Join Filter": "((web_sales.ws_item_sk = web_returns.wr_item_sk) AND (web_sales.ws_order_number = web_returns.wr_order_number) AND (customer_address.ca_address_sk = web_returns.wr_refunded_addr_sk) AND (((cd1.cd_marital_status = 'W'::bpchar) AND (cd1.cd_education_status = 'Advanced Degree'::bpchar) AND (web_sales.ws_sales_price >= 100.00) AND (web_sales.ws_sales_price <= 150.00)) OR ((cd1.cd_marital_status = 'U'::bpchar) AND (cd1.cd_education_status = '2 yr Degree'::bpchar) AND (web_sales.ws_sales_price >= 50.00) AND (web_sales.ws_sales_price <= 100.00)) OR ((cd1.cd_marital_status = 'D'::bpchar) AND (cd1.cd_education_status = 'College'::bpchar) AND (web_sales.ws_sales_price >= 150.00) AND (web_sales.ws_sales_price <= 200.00))))", "Plans": [{"Node Type": "Nested Loop", "Parent Relationship": "Outer", "Parallel Aware": false, "Async Capable": false, "Join Type": "Inner", "Startup Cost": 2973.31, "Total Cost": 3659052.35, "Plan Rows": 29931055, "Plan Width": 18, "Inner Unique": false, "Join Filter": "(((customer_address.ca_state = ANY ('{NE,OK,GA}'::bpchar[])) AND (web_sales.ws_net_profit >= '100'::numeric) AND (web_sales.ws_net_profit <= '200'::numeric)) OR ((customer_address.ca_state = ANY ('{NM,NY,VA}'::bpchar[])) AND (web_sales.ws_net_profit >= '150'::numeric) AND (web_sales.ws_net_profit <= '300'::numeric)) OR ((customer_address.ca_state = ANY ('{AL,MD,CO}'::bpchar[])) AND (web_sales.ws_net_profit >= '50'::numeric) AND (web_sales.ws_net_profit <= '250'::numeric)))", "Plans": [{"Node Type": "Gather", "Parent Relationship": "Outer", "Parallel Aware": false, "Async Capable": false, "Startup Cost": 2973.31, "Total Cost": 248762.32, "Plan Rows": 1748, "Plan Width": 20, "Workers Planned": 5, "Single Copy": false, "Plans": [{"Node Type": "Hash Join", "Parent Relationship": "Outer", "Parallel Aware": false, "Async Capable": false, "Join Type": "Inner", "Startup Cost": 1973.31, "Total Cost": 247587.52, "Plan Rows": 350, "Plan Width": 20, "Inner Unique": true, "Hash Cond": "(web_sales.ws_web_page_sk = web_page.wp_web_page_sk)", "Plans": [{"Node Type": "Hash Join", "Parent Relationship": "Outer", "Parallel Aware": true, "Async Capable": false, "Join Type": "Inner", "Startup Cost": 1963.81, "Total Cost": 247577.08, "Plan Rows": 350, "Plan Width": 24, "Inner Unique": true, "Hash Cond": "(web_sales.ws_sold_date_sk = date_dim.d_date_sk)", "Plans": [{"Node Type": "Seq Scan", "Parent Relationship": "Outer", "Parallel Aware": true, "Async Capable": false, "Relation Name": "web_sales", "Alias": "web_sales", "Startup Cost": 0.0, "Total Cost": 245429.58, "Plan Rows": 69972, "Plan Width": 28, "Filter": "((((ws_sales_price >= 100.00) AND (ws_sales_price <= 150.00)) OR ((ws_sales_price >= 50.00) AND (ws_sales_price <= 100.00)) OR ((ws_sales_price >= 150.00) AND (ws_sales_price <= 200.00))) AND (((ws_net_profit >= '100'::numeric) AND (ws_net_profit <= '200'::numeric)) OR ((ws_net_profit >= '150'::numeric) AND (ws_net_profit <= '300'::numeric)) OR ((ws_net_profit >= '50'::numeric) AND (ws_net_profit <= '250'::numeric))))"}, {"Node Type": "Hash", "Parent Relationship": "Inner", "Parallel Aware": true, "Async Capable": false, "Startup Cost": 1961.12, "Total Cost": 1961.12, "Plan Rows": 215, "Plan Width": 4, "Plans": [{"Node Type": "Seq Scan", "Parent Relationship": "Outer", "Parallel Aware": true, "Async Capable": false, "Relation Name": "date_dim", "Alias": "date_dim", "Startup Cost": 0.0, "Total Cost": 1961.12, "Plan Rows": 215, "Plan Width": 4, "Filter": "(d_year = 2001)"}]}]}, {"Node Type": "Hash", "Parent Relationship": "Inner", "Parallel Aware": false, "Async Capable": false, "Startup Cost": 7.0, "Total Cost": 7.0, "Plan Rows": 200, "Plan Width": 4, "Plans": [{"Node Type": "Seq Scan", "Parent Relationship": "Outer", "Parallel Aware": false, "Async Capable": false, "Relation Name": "web_page", "Alias": "web_page", "Startup Cost": 0.0, "Total Cost": 7.0, "Plan Rows": 200, "Plan Width": 4}]}]}]}, {"Node Type": "Materialize", "Parent Relationship": "Inner", "Parallel Aware": false, "Async Capable": false, "Startup Cost": 0.0, "Total Cost": 11676.39, "Plan Rows": 50177, "Plan Width": 7, "Plans": [{"Node Type": "Seq Scan", "Parent Relationship": "Outer", "Parallel Aware": false, "Async Capable": false, "Relation Name": "customer_address", "Alias": "customer_address", "Startup Cost": 0.0, "Total Cost": 11425.5, "Plan Rows": 50177, "Plan Width": 7, "Filter": "(((ca_country)::text = 'United States'::text) AND ((ca_state = ANY ('{NE,OK,GA}'::bpchar[])) OR (ca_state = ANY ('{NM,NY,VA}'::bpchar[])) OR (ca_state = ANY ('{AL,MD,CO}'::bpchar[]))))"}]}]}, {"Node Type": "Materialize", "Parent Relationship": "Inner", "Parallel Aware": false, "Async Capable": false, "Startup Cost": 10000001001.47, "Total Cost": 10000359256.02, "Plan Rows": 1705, "Plan Width": 35, "Plans": [{"Node Type": "Gather Merge", "Parent Relationship": "Outer", "Parallel Aware": false, "Async Capable": false, "Startup Cost": 10000001001.47, "Total Cost": 10000359247.49, "Plan Rows": 1705, "Plan Width": 35, "Workers Planned": 3, "Plans": [{"Node Type": "Nested Loop", "Parent Relationship": "Outer", "Parallel Aware": false, "Async Capable": false, "Join Type": "Inner", "Startup Cost": 10000000001.43, "Total Cost": 10000358047.12, "Plan Rows": 550, "Plan Width": 35, "Inner Unique": true, "Join Filter": "((cd1.cd_marital_status = cd2.cd_marital_status) AND (cd1.cd_education_status = cd2.cd_education_status))", "Plans": [{"Node Type": "Nested Loop", "Parent Relationship": "Outer", "Parallel Aware": false, "Async Capable": false, "Join Type": "Inner", "Startup Cost": 1.0, "Total Cost": 212846.11, "Plan Rows": 232005, "Plan Width": 39, "Inner Unique": true, "Plans": [{"Node Type": "Nested Loop", "Parent Relationship": "Outer", "Parallel Aware": false, "Async Capable": false, "Join Type": "Inner", "Startup Cost": 0.85, "Total Cost": 207109.42, "Plan Rows": 232005, "Plan Width": 43, "Inner Unique": true, "Plans": [{"Node Type": "Index Scan", "Parent Relationship": "Outer", "Parallel Aware": true, "Async Capable": false, "Scan Direction": "Forward", "Index Name": "web_returns_pkey", "Relation Name": "web_returns", "Alias": "web_returns", "Startup Cost": 0.42, "Total Cost": 68868.56, "Plan Rows": 232005, "Plan Width": 24}, {"Node Type": "Index Scan", "Parent Relationship": "Inner", "Parallel Aware": false, "Async Capable": false, "Scan Direction": "Forward", "Index Name": "customer_demographics_pkey", "Relation Name": "customer_demographics", "Alias": "cd2", "Startup Cost": 0.43, "Total Cost": 0.6, "Plan Rows": 1, "Plan Width": 27, "Index Cond": "(cd_demo_sk = web_returns.wr_returning_cdemo_sk)"}]}, {"Node Type": "Memoize", "Parent Relationship": "Inner", "Parallel Aware": false, "Async Capable": false, "Startup Cost": 0.15, "Total Cost": 0.17, "Plan Rows": 1, "Plan Width": 4, "Cache Key": "web_returns.wr_reason_sk", "Cache Mode": "logical", "Plans": [{"Node Type": "Index Only Scan", "Parent Relationship": "Outer", "Parallel Aware": false, "Async Capable": false, "Scan Direction": "Forward", "Index Name": "reason_pkey", "Relation Name": "reason", "Alias": "reason", "Startup Cost": 0.14, "Total Cost": 0.16, "Plan Rows": 1, "Plan Width": 4, "Index Cond": "(r_reason_sk = web_returns.wr_reason_sk)"}]}]}, {"Node Type": "Index Scan", "Parent Relationship": "Inner", "Parallel Aware": false, "Async Capable": false, "Scan Direction": "Forward", "Index Name": "customer_demographics_pkey", "Relation Name": "customer_demographics", "Alias": "cd1", "Startup Cost": 0.43, "Total Cost": 0.61, "Plan Rows": 1, "Plan Width": 27, "Index Cond": "(cd_demo_sk = web_returns.wr_refunded_cdemo_sk)", "Filter": "(((cd_marital_status = 'W'::bpchar) AND (cd_education_status = 'Advanced Degree'::bpchar)) OR ((cd_marital_status = 'U'::bpchar) AND (cd_education_status = '2 yr Degree'::bpchar)) OR ((cd_marital_status = 'D'::bpchar) AND (cd_education_status = 'College'::bpchar)))"}]}]}]}]}]}}, {"Plan": {"Node Type": "Aggregate", "Strategy": "Plain", "Partial Mode": "Simple", "Parallel Aware": false, "Async Capable": false, "Startup Cost": 56471.25, "Total Cost": 56471.26, "Plan Rows": 1, "Plan Width": 8, "Actual Rows": 1, "Actual Loops": 1, "Plans": [{"Node Type": "Nested Loop", "Parent Relationship": "Outer", "Parallel Aware": false, "Async Capable": false, "Join Type": "Inner", "Startup Cost": 9225.02, "Total Cost": 56471.25, "Plan Rows": 1, "Plan Width": 0, "Actual Rows": 16, "Actual Loops": 1, "Inner Unique": false, "Join Filter": "(reason.r_reason_sk = web_returns.wr_reason_sk)", "Rows Removed by Join Filter": 704, "Plans": [{"Node Type": "Seq Scan", "Parent Relationship": "Outer", "Parallel Aware": false, "Async Capable": false, "Relation Name": "reason", "Alias": "reason", "Startup Cost": 0.0, "Total Cost": 1.45, "Plan Rows": 45, "Plan Width": 4, "Actual Rows": 45, "Actual Loops": 1}, {"Node Type": "Materialize", "Parent Relationship": "Inner", "Parallel Aware": false, "Async Capable": false, "Startup Cost": 9225.02, "Total Cost": 56469.12, "Plan Rows": 1, "Plan Width": 4, "Actual Rows": 16, "Actual Loops": 45, "Plans": [{"Node Type": "Nested Loop", "Parent Relationship": "Outer", "Parallel Aware": false, "Async Capable": false, "Join Type": "Inner", "Startup Cost": 9225.02, "Total Cost": 56469.12, "Plan Rows": 1, "Plan Width": 4, "Actual Rows": 16, "Actual Loops": 1, "Inner Unique": true, "Plans": [{"Node Type": "Nested Loop", "Parent Relationship": "Outer", "Parallel Aware": false, "Async Capable": false, "Join Type": "Inner", "Startup Cost": 9224.73, "Total Cost": 56468.79, "Plan Rows": 1, "Plan Width": 8, "Actual Rows": 74, "Actual Loops": 1, "Inner Unique": true, "Plans": [{"Node Type": "Gather", "Parent Relationship": "Outer", "Parallel Aware": false, "Async Capable": false, "Startup Cost": 9224.58, "Total Cost": 56468.63, "Plan Rows": 1, "Plan Width": 12, "Actual Rows": 74, "Actual Loops": 1, "Workers Planned": 3, "Workers Launched": 3, "Single Copy": false, "Plans": [{"Node Type": "Nested Loop", "Parent Relationship": "Outer", "Parallel Aware": false, "Async Capable": false, "Join Type": "Inner", "Startup Cost": 8224.58, "Total Cost": 55468.53, "Plan Rows": 1, "Plan Width": 12, "Actual Rows": 18, "Actual Loops": 4, "Inner Unique": true, "Join Filter": "((((customer_address.ca_state = ANY ('{NE,OK,GA}'::bpchar[])) AND (web_sales.ws_net_profit >= '100'::numeric) AND (web_sales.ws_net_profit <= '200'::numeric)) OR ((customer_address.ca_state = ANY ('{NM,NY,VA}'::bpchar[])) AND (web_sales.ws_net_profit >= '150'::numeric) AND (web_sales.ws_net_profit <= '300'::numeric)) OR ((customer_address.ca_state = ANY ('{AL,MD,CO}'::bpchar[])) AND (web_sales.ws_net_profit >= '50'::numeric) AND (web_sales.ws_net_profit <= '250'::numeric))) AND (((cd1.cd_marital_status = 'W'::bpchar) AND (cd1.cd_education_status = 'Advanced Degree'::bpchar) AND (web_sales.ws_sales_price >= 100.00) AND (web_sales.ws_sales_price <= 150.00)) OR ((cd1.cd_marital_status = 'U'::bpchar) AND (cd1.cd_education_status = '2 yr Degree'::bpchar) AND (web_sales.ws_sales_price >= 50.00) AND (web_sales.ws_sales_price <= 100.00)) OR ((cd1.cd_marital_status = 'D'::bpchar) AND (cd1.cd_education_status = 'College'::bpchar) AND (web_sales.ws_sales_price >= 150.00) AND (web_sales.ws_sales_price <= 200.00))))", "Rows Removed by Join Filter": 82, "Workers": [], "Plans": [{"Node Type": "Nested Loop", "Parent Relationship": "Outer", "Parallel Aware": false, "Async Capable": false, "Join Type": "Inner", "Startup Cost": 8224.15, "Total Cost": 55276.47, "Plan Rows": 110, "Plan Width": 38, "Actual Rows": 3088, "Actual Loops": 4, "Inner Unique": true, "Join Filter": "((cd1.cd_marital_status = cd2.cd_marital_status) AND (cd1.cd_education_status = cd2.cd_education_status))", "Rows Removed by Join Filter": 0, "Workers": [], "Plans": [{"Node Type": "Nested Loop", "Parent Relationship": "Outer", "Parallel Aware": false, "Async Capable": false, "Join Type": "Inner", "Startup Cost": 8223.72, "Total Cost": 52916.74, "Plan Rows": 3863, "Plan Width": 42, "Actual Rows": 3124, "Actual Loops": 4, "Inner Unique": true, "Workers": [], "Plans": [{"Node Type": "Hash Join", "Parent Relationship": "Outer", "Parallel Aware": true, "Async Capable": false, "Join Type": "Inner", "Startup Cost": 8223.3, "Total Cost": 24472.37, "Plan Rows": 46565, "Plan Width": 23, "Actual Rows": 37456, "Actual Loops": 4, "Inner Unique": true, "Hash Cond": "(web_returns.wr_refunded_addr_sk = customer_address.ca_address_sk)", "Workers": [], "Plans": [{"Node Type": "Seq Scan", "Parent Relationship": "Outer", "Parallel Aware": true, "Async Capable": false, "Relation Name": "web_returns", "Alias": "web_returns", "Startup Cost": 0.0, "Total Cost": 15640.05, "Plan Rows": 232005, "Plan Width": 24, "Actual Rows": 179804, "Actual Loops": 4, "Workers": []}, {"Node Type": "Hash", "Parent Relationship": "Inner", "Parallel Aware": true, "Async Capable": false, "Startup Cost": 7961.96, "Total Cost": 7961.96, "Plan Rows": 20907, "Plan Width": 7, "Actual Rows": 13614, "Actual Loops": 4, "Hash Buckets": 65536, "Original Hash Buckets": 65536, "Hash Batches": 1, "Original Hash Batches": 1, "Peak Memory Usage": 2720, "Workers": [], "Plans": [{"Node Type": "Seq Scan", "Parent Relationship": "Outer", "Parallel Aware": true, "Async Capable": false, "Relation Name": "customer_address", "Alias": "customer_address", "Startup Cost": 0.0, "Total Cost": 7961.96, "Plan Rows": 20907, "Plan Width": 7, "Actual Rows": 13614, "Actual Loops": 4, "Filter": "(((ca_country)::text = 'United States'::text) AND ((ca_state = ANY ('{NE,OK,GA}'::bpchar[])) OR (ca_state = ANY ('{NM,NY,VA}'::bpchar[])) OR (ca_state = ANY ('{AL,MD,CO}'::bpchar[]))))", "Rows Removed by Filter": 48886, "Workers": []}]}]}, {"Node Type": "Index Scan", "Parent Relationship": "Inner", "Parallel Aware": false, "Async Capable": false, "Scan Direction": "Forward", "Index Name": "customer_demographics_pkey", "Relation Name": "customer_demographics", "Alias": "cd1", "Startup Cost": 0.43, "Total Cost": 0.61, "Plan Rows": 1, "Plan Width": 27, "Actual Rows": 0, "Actual Loops": 149825, "Index Cond": "(cd_demo_sk = web_returns.wr_refunded_cdemo_sk)", "Rows Removed by Index Recheck": 0, "Filter": "(((cd_marital_status = 'W'::bpchar) AND (cd_education_status = 'Advanced Degree'::bpchar)) OR ((cd_marital_status = 'U'::bpchar) AND (cd_education_status = '2 yr Degree'::bpchar)) OR ((cd_marital_status = 'D'::bpchar) AND (cd_education_status = 'College'::bpchar)))", "Rows Removed by Filter": 1, "Workers": []}]}, {"Node Type": "Index Scan", "Parent Relationship": "Inner", "Parallel Aware": false, "Async Capable": false, "Scan Direction": "Forward", "Index Name": "customer_demographics_pkey", "Relation Name": "customer_demographics", "Alias": "cd2", "Startup Cost": 0.43, "Total Cost": 0.6, "Plan Rows": 1, "Plan Width": 27, "Actual Rows": 1, "Actual Loops": 12494, "Index Cond": "(cd_demo_sk = web_returns.wr_returning_cdemo_sk)", "Rows Removed by Index Recheck": 0, "Workers": []}]}, {"Node Type": "Index Scan", "Parent Relationship": "Inner", "Parallel Aware": false, "Async Capable": false, "Scan Direction": "Forward", "Index Name": "web_sales_pkey", "Relation Name": "web_sales", "Alias": "web_sales", "Startup Cost": 0.43, "Total Cost": 1.68, "Plan Rows": 1, "Plan Width": 28, "Actual Rows": 0, "Actual Loops": 12351, "Index Cond": "((ws_item_sk = web_returns.wr_item_sk) AND (ws_order_number = web_returns.wr_order_number))", "Rows Removed by Index Recheck": 0, "Filter": "((((ws_sales_price >= 100.00) AND (ws_sales_price <= 150.00)) OR ((ws_sales_price >= 50.00) AND (ws_sales_price <= 100.00)) OR ((ws_sales_price >= 150.00) AND (ws_sales_price <= 200.00))) AND (((ws_net_profit >= '100'::numeric) AND (ws_net_profit <= '200'::numeric)) OR ((ws_net_profit >= '150'::numeric) AND (ws_net_profit <= '300'::numeric)) OR ((ws_net_profit >= '50'::numeric) AND (ws_net_profit <= '250'::numeric))))", "Rows Removed by Filter": 1, "Workers": []}]}]}, {"Node Type": "Index Only Scan", "Parent Relationship": "Inner", "Parallel Aware": false, "Async Capable": false, "Scan Direction": "Forward", "Index Name": "web_page_pkey", "Relation Name": "web_page", "Alias": "web_page", "Startup Cost": 0.14, "Total Cost": 0.16, "Plan Rows": 1, "Plan Width": 4, "Actual Rows": 1, "Actual Loops": 74, "Index Cond": "(wp_web_page_sk = web_sales.ws_web_page_sk)", "Rows Removed by Index Recheck": 0, "Heap Fetches": 74}]}, {"Node Type": "Index Scan", "Parent Relationship": "Inner", "Parallel Aware": false, "Async Capable": false, "Scan Direction": "Forward", "Index Name": "date_dim_pkey", "Relation Name": "date_dim", "Alias": "date_dim", "Startup Cost": 0.29, "Total Cost": 0.33, "Plan Rows": 1, "Plan Width": 4, "Actual Rows": 0, "Actual Loops": 74, "Index Cond": "(d_date_sk = web_sales.ws_sold_date_sk)", "Rows Removed by Index Recheck": 0, "Filter": "(d_year = 2001)", "Rows Removed by Filter": 1}]}]}]}]}, "Planning Time": 9.784, "Triggers": [], "Execution Time": 926.57}, {"Plan": {"Node Type": "Aggregate", "Strategy": "Plain", "Partial Mode": "Simple", "Parallel Aware": false, "Async Capable": false, "Startup Cost": 56469.28, "Total Cost": 56469.29, "Plan Rows": 1, "Plan Width": 8, "Actual Rows": 1, "Actual Loops": 1, "Plans": [{"Node Type": "Nested Loop", "Parent Relationship": "Outer", "Parallel Aware": false, "Async Capable": false, "Join Type": "Inner", "Startup Cost": 9225.16, "Total Cost": 56469.28, "Plan Rows": 1, "Plan Width": 0, "Actual Rows": 16, "Actual Loops": 1, "Inner Unique": true, "Plans": [{"Node Type": "Nested Loop", "Parent Relationship": "Outer", "Parallel Aware": false, "Async Capable": false, "Join Type": "Inner", "Startup Cost": 9225.02, "Total Cost": 56469.12, "Plan Rows": 1, "Plan Width": 4, "Actual Rows": 16, "Actual Loops": 1, "Inner Unique": true, "Plans": [{"Node Type": "Nested Loop", "Parent Relationship": "Outer", "Parallel Aware": false, "Async Capable": false, "Join Type": "Inner", "Startup Cost": 9224.73, "Total Cost": 56468.79, "Plan Rows": 1, "Plan Width": 8, "Actual Rows": 74, "Actual Loops": 1, "Inner Unique": true, "Plans": [{"Node Type": "Gather", "Parent Relationship": "Outer", "Parallel Aware": false, "Async Capable": false, "Startup Cost": 9224.58, "Total Cost": 56468.63, "Plan Rows": 1, "Plan Width": 12, "Actual Rows": 74, "Actual Loops": 1, "Workers Planned": 3, "Workers Launched": 3, "Single Copy": false, "Plans": [{"Node Type": "Nested Loop", "Parent Relationship": "Outer", "Parallel Aware": false, "Async Capable": false, "Join Type": "Inner", "Startup Cost": 8224.58, "Total Cost": 55468.53, "Plan Rows": 1, "Plan Width": 12, "Actual Rows": 18, "Actual Loops": 4, "Inner Unique": true, "Join Filter": "((((customer_address.ca_state = ANY ('{NE,OK,GA}'::bpchar[])) AND (web_sales.ws_net_profit >= '100'::numeric) AND (web_sales.ws_net_profit <= '200'::numeric)) OR ((customer_address.ca_state = ANY ('{NM,NY,VA}'::bpchar[])) AND (web_sales.ws_net_profit >= '150'::numeric) AND (web_sales.ws_net_profit <= '300'::numeric)) OR ((customer_address.ca_state = ANY ('{AL,MD,CO}'::bpchar[])) AND (web_sales.ws_net_profit >= '50'::numeric) AND (web_sales.ws_net_profit <= '250'::numeric))) AND (((cd1.cd_marital_status = 'W'::bpchar) AND (cd1.cd_education_status = 'Advanced Degree'::bpchar) AND (web_sales.ws_sales_price >= 100.00) AND (web_sales.ws_sales_price <= 150.00)) OR ((cd1.cd_marital_status = 'U'::bpchar) AND (cd1.cd_education_status = '2 yr Degree'::bpchar) AND (web_sales.ws_sales_price >= 50.00) AND (web_sales.ws_sales_price <= 100.00)) OR ((cd1.cd_marital_status = 'D'::bpchar) AND (cd1.cd_education_status = 'College'::bpchar) AND (web_sales.ws_sales_price >= 150.00) AND (web_sales.ws_sales_price <= 200.00))))", "Rows Removed by Join Filter": 82, "Workers": [], "Plans": [{"Node Type": "Nested Loop", "Parent Relationship": "Outer", "Parallel Aware": false, "Async Capable": false, "Join Type": "Inner", "Startup Cost": 8224.15, "Total Cost": 55276.47, "Plan Rows": 110, "Plan Width": 38, "Actual Rows": 3088, "Actual Loops": 4, "Inner Unique": true, "Join Filter": "((cd1.cd_marital_status = cd2.cd_marital_status) AND (cd1.cd_education_status = cd2.cd_education_status))", "Rows Removed by Join Filter": 0, "Workers": [], "Plans": [{"Node Type": "Nested Loop", "Parent Relationship": "Outer", "Parallel Aware": false, "Async Capable": false, "Join Type": "Inner", "Startup Cost": 8223.72, "Total Cost": 52916.74, "Plan Rows": 3863, "Plan Width": 42, "Actual Rows": 3124, "Actual Loops": 4, "Inner Unique": true, "Workers": [], "Plans": [{"Node Type": "Hash Join", "Parent Relationship": "Outer", "Parallel Aware": true, "Async Capable": false, "Join Type": "Inner", "Startup Cost": 8223.3, "Total Cost": 24472.37, "Plan Rows": 46565, "Plan Width": 23, "Actual Rows": 37456, "Actual Loops": 4, "Inner Unique": true, "Hash Cond": "(web_returns.wr_refunded_addr_sk = customer_address.ca_address_sk)", "Workers": [], "Plans": [{"Node Type": "Seq Scan", "Parent Relationship": "Outer", "Parallel Aware": true, "Async Capable": false, "Relation Name": "web_returns", "Alias": "web_returns", "Startup Cost": 0.0, "Total Cost": 15640.05, "Plan Rows": 232005, "Plan Width": 24, "Actual Rows": 179804, "Actual Loops": 4, "Workers": []}, {"Node Type": "Hash", "Parent Relationship": "Inner", "Parallel Aware": true, "Async Capable": false, "Startup Cost": 7961.96, "Total Cost": 7961.96, "Plan Rows": 20907, "Plan Width": 7, "Actual Rows": 13614, "Actual Loops": 4, "Hash Buckets": 65536, "Original Hash Buckets": 65536, "Hash Batches": 1, "Original Hash Batches": 1, "Peak Memory Usage": 2720, "Workers": [], "Plans": [{"Node Type": "Seq Scan", "Parent Relationship": "Outer", "Parallel Aware": true, "Async Capable": false, "Relation Name": "customer_address", "Alias": "customer_address", "Startup Cost": 0.0, "Total Cost": 7961.96, "Plan Rows": 20907, "Plan Width": 7, "Actual Rows": 13614, "Actual Loops": 4, "Filter": "(((ca_country)::text = 'United States'::text) AND ((ca_state = ANY ('{NE,OK,GA}'::bpchar[])) OR (ca_state = ANY ('{NM,NY,VA}'::bpchar[])) OR (ca_state = ANY ('{AL,MD,CO}'::bpchar[]))))", "Rows Removed by Filter": 48886, "Workers": []}]}]}, {"Node Type": "Index Scan", "Parent Relationship": "Inner", "Parallel Aware": false, "Async Capable": false, "Scan Direction": "Forward", "Index Name": "customer_demographics_pkey", "Relation Name": "customer_demographics", "Alias": "cd1", "Startup Cost": 0.43, "Total Cost": 0.61, "Plan Rows": 1, "Plan Width": 27, "Actual Rows": 0, "Actual Loops": 149825, "Index Cond": "(cd_demo_sk = web_returns.wr_refunded_cdemo_sk)", "Rows Removed by Index Recheck": 0, "Filter": "(((cd_marital_status = 'W'::bpchar) AND (cd_education_status = 'Advanced Degree'::bpchar)) OR ((cd_marital_status = 'U'::bpchar) AND (cd_education_status = '2 yr Degree'::bpchar)) OR ((cd_marital_status = 'D'::bpchar) AND (cd_education_status = 'College'::bpchar)))", "Rows Removed by Filter": 1, "Workers": []}]}, {"Node Type": "Index Scan", "Parent Relationship": "Inner", "Parallel Aware": false, "Async Capable": false, "Scan Direction": "Forward", "Index Name": "customer_demographics_pkey", "Relation Name": "customer_demographics", "Alias": "cd2", "Startup Cost": 0.43, "Total Cost": 0.6, "Plan Rows": 1, "Plan Width": 27, "Actual Rows": 1, "Actual Loops": 12494, "Index Cond": "(cd_demo_sk = web_returns.wr_returning_cdemo_sk)", "Rows Removed by Index Recheck": 0, "Workers": []}]}, {"Node Type": "Index Scan", "Parent Relationship": "Inner", "Parallel Aware": false, "Async Capable": false, "Scan Direction": "Forward", "Index Name": "web_sales_pkey", "Relation Name": "web_sales", "Alias": "web_sales", "Startup Cost": 0.43, "Total Cost": 1.68, "Plan Rows": 1, "Plan Width": 28, "Actual Rows": 0, "Actual Loops": 12351, "Index Cond": "((ws_item_sk = web_returns.wr_item_sk) AND (ws_order_number = web_returns.wr_order_number))", "Rows Removed by Index Recheck": 0, "Filter": "((((ws_sales_price >= 100.00) AND (ws_sales_price <= 150.00)) OR ((ws_sales_price >= 50.00) AND (ws_sales_price <= 100.00)) OR ((ws_sales_price >= 150.00) AND (ws_sales_price <= 200.00))) AND (((ws_net_profit >= '100'::numeric) AND (ws_net_profit <= '200'::numeric)) OR ((ws_net_profit >= '150'::numeric) AND (ws_net_profit <= '300'::numeric)) OR ((ws_net_profit >= '50'::numeric) AND (ws_net_profit <= '250'::numeric))))", "Rows Removed by Filter": 1, "Workers": []}]}]}, {"Node Type": "Index Only Scan", "Parent Relationship": "Inner", "Parallel Aware": false, "Async Capable": false, "Scan Direction": "Forward", "Index Name": "web_page_pkey", "Relation Name": "web_page", "Alias": "web_page", "Startup Cost": 0.14, "Total Cost": 0.16, "Plan Rows": 1, "Plan Width": 4, "Actual Rows": 1, "Actual Loops": 74, "Index Cond": "(wp_web_page_sk = web_sales.ws_web_page_sk)", "Rows Removed by Index Recheck": 0, "Heap Fetches": 74}]}, {"Node Type": "Index Scan", "Parent Relationship": "Inner", "Parallel Aware": false, "Async Capable": false, "Scan Direction": "Forward", "Index Name": "date_dim_pkey", "Relation Name": "date_dim", "Alias": "date_dim", "Startup Cost": 0.29, "Total Cost": 0.33, "Plan Rows": 1, "Plan Width": 4, "Actual Rows": 0, "Actual Loops": 74, "Index Cond": "(d_date_sk = web_sales.ws_sold_date_sk)", "Rows Removed by Index Recheck": 0, "Filter": "(d_year = 2001)", "Rows Removed by Filter": 1}]}, {"Node Type": "Index Only Scan", "Parent Relationship": "Inner", "Parallel Aware": false, "Async Capable": false, "Scan Direction": "Forward", "Index Name": "reason_pkey", "Relation Name": "reason", "Alias": "reason", "Startup Cost": 0.14, "Total Cost": 0.16, "Plan Rows": 1, "Plan Width": 4, "Actual Rows": 1, "Actual Loops": 16, "Index Cond": "(r_reason_sk = web_returns.wr_reason_sk)", "Rows Removed by Index Recheck": 0, "Heap Fetches": 16}]}]}, "Planning Time": 10.464, "Triggers": [], "Execution Time": 940.558}]