[{"Plan": {"Node Type": "Aggregate", "Strategy": "Plain", "Partial Mode": "Finalize", "Parallel Aware": false, "Async Capable": false, "Startup Cost": 592095.59, "Total Cost": 592095.6, "Plan Rows": 1, "Plan Width": 8, "Actual Rows": 1, "Actual Loops": 1, "Plans": [{"Node Type": "Gather", "Parent Relationship": "Outer", "Parallel Aware": false, "Async Capable": false, "Startup Cost": 592094.97, "Total Cost": 592095.58, "Plan Rows": 6, "Plan Width": 8, "Actual Rows": 7, "Actual Loops": 1, "Workers Planned": 6, "Workers Launched": 6, "Single Copy": false, "Plans": [{"Node Type": "Aggregate", "Strategy": "Plain", "Partial Mode": "Partial", "Parent Relationship": "Outer", "Parallel Aware": false, "Async Capable": false, "Startup Cost": 591094.97, "Total Cost": 591094.98, "Plan Rows": 1, "Plan Width": 8, "Actual Rows": 1, "Actual Loops": 7, "Workers": [], "Plans": [{"Node Type": "Hash Join", "Parent Relationship": "Outer", "Parallel Aware": false, "Async Capable": false, "Join Type": "Inner", "Startup Cost": 1991.28, "Total Cost": 591094.1, "Plan Rows": 349, "Plan Width": 0, "Actual Rows": 10869, "Actual Loops": 7, "Inner Unique": true, "Hash Cond": "(store_sales.ss_promo_sk = promotion.p_promo_sk)", "Workers": [], "Plans": [{"Node Type": "Nested Loop", "Parent Relationship": "Outer", "Parallel Aware": false, "Async Capable": false, "Join Type": "Inner", "Startup Cost": 1964.53, "Total Cost": 591066.42, "Plan Rows": 349, "Plan Width": 4, "Actual Rows": 11045, "Actual Loops": 7, "Inner Unique": true, "Workers": [], "Plans": [{"Node Type": "Nested Loop", "Parent Relationship": "Outer", "Parallel Aware": false, "Async Capable": false, "Join Type": "Inner", "Startup Cost": 1964.24, "Total Cost": 590958.21, "Plan Rows": 349, "Plan Width": 8, "Actual Rows": 11045, "Actual Loops": 7, "Inner Unique": true, "Workers": [], "Plans": [{"Node Type": "Hash Join", "Parent Relationship": "Outer", "Parallel Aware": true, "Async Capable": false, "Join Type": "Inner", "Startup Cost": 1963.81, "Total Cost": 580014.65, "Plan Rows": 23985, "Plan Width": 12, "Actual Rows": 786689, "Actual Loops": 7, "Inner Unique": true, "Hash Cond": "(store_sales.ss_sold_date_sk = date_dim.d_date_sk)", "Workers": [], "Plans": [{"Node Type": "Seq Scan", "Parent Relationship": "Outer", "Parallel Aware": true, "Async Capable": false, "Relation Name": "store_sales", "Alias": "store_sales", "Startup Cost": 0.0, "Total Cost": 565449.69, "Plan Rows": 4800169, "Plan Width": 16, "Actual Rows": 4114427, "Actual Loops": 7, "Workers": []}, {"Node Type": "Hash", "Parent Relationship": "Inner", "Parallel Aware": true, "Async Capable": false, "Startup Cost": 1961.12, "Total Cost": 1961.12, "Plan Rows": 215, "Plan Width": 4, "Actual Rows": 52, "Actual Loops": 7, "Hash Buckets": 1024, "Original Hash Buckets": 1024, "Hash Batches": 1, "Original Hash Batches": 1, "Peak Memory Usage": 104, "Workers": [], "Plans": [{"Node Type": "Seq Scan", "Parent Relationship": "Outer", "Parallel Aware": true, "Async Capable": false, "Relation Name": "date_dim", "Alias": "date_dim", "Startup Cost": 0.0, "Total Cost": 1961.12, "Plan Rows": 215, "Plan Width": 4, "Actual Rows": 52, "Actual Loops": 7, "Filter": "(d_year = 1999)", "Rows Removed by Filter": 10383, "Workers": []}]}]}, {"Node Type": "Index Scan", "Parent Relationship": "Inner", "Parallel Aware": false, "Async Capable": false, "Scan Direction": "Forward", "Index Name": "customer_demographics_pkey", "Relation Name": "customer_demographics", "Alias": "customer_demographics", "Startup Cost": 0.43, "Total Cost": 0.46, "Plan Rows": 1, "Plan Width": 4, "Actual Rows": 0, "Actual Loops": 5506824, "Index Cond": "(cd_demo_sk = store_sales.ss_cdemo_sk)", "Rows Removed by Index Recheck": 0, "Filter": "((cd_gender = 'F'::bpchar) AND (cd_marital_status = 'U'::bpchar) AND (cd_education_status = 'Primary'::bpchar))", "Rows Removed by Filter": 1, "Workers": []}]}, {"Node Type": "Index Only Scan", "Parent Relationship": "Inner", "Parallel Aware": false, "Async Capable": false, "Scan Direction": "Forward", "Index Name": "item_pkey", "Relation Name": "item", "Alias": "item", "Startup Cost": 0.29, "Total Cost": 0.31, "Plan Rows": 1, "Plan Width": 4, "Actual Rows": 1, "Actual Loops": 77315, "Index Cond": "(i_item_sk = store_sales.ss_item_sk)", "Rows Removed by Index Recheck": 0, "Heap Fetches": 0, "Workers": []}]}, {"Node Type": "Hash", "Parent Relationship": "Inner", "Parallel Aware": false, "Async Capable": false, "Startup Cost": 20.5, "Total Cost": 20.5, "Plan Rows": 500, "Plan Width": 4, "Actual Rows": 498, "Actual Loops": 7, "Hash Buckets": 1024, "Original Hash Buckets": 1024, "Hash Batches": 1, "Original Hash Batches": 1, "Peak Memory Usage": 26, "Workers": [], "Plans": [{"Node Type": "Seq Scan", "Parent Relationship": "Outer", "Parallel Aware": false, "Async Capable": false, "Relation Name": "promotion", "Alias": "promotion", "Startup Cost": 0.0, "Total Cost": 20.5, "Plan Rows": 500, "Plan Width": 4, "Actual Rows": 498, "Actual Loops": 7, "Filter": "((p_channel_email = 'N'::bpchar) OR (p_channel_event = 'N'::bpchar))", "Rows Removed by Filter": 2, "Workers": []}]}]}]}]}]}, "Planning Time": 3.042, "Triggers": [], "Execution Time": 3816.006}, {"Plan": {"Node Type": "Aggregate", "Strategy": "Plain", "Partial Mode": "Finalize", "Parallel Aware": false, "Async Capable": false, "Startup Cost": 592095.59, "Total Cost": 592095.6, "Plan Rows": 1, "Plan Width": 8, "Actual Rows": 1, "Actual Loops": 1, "Plans": [{"Node Type": "Gather", "Parent Relationship": "Outer", "Parallel Aware": false, "Async Capable": false, "Startup Cost": 592094.97, "Total Cost": 592095.58, "Plan Rows": 6, "Plan Width": 8, "Actual Rows": 7, "Actual Loops": 1, "Workers Planned": 6, "Workers Launched": 6, "Single Copy": false, "Plans": [{"Node Type": "Aggregate", "Strategy": "Plain", "Partial Mode": "Partial", "Parent Relationship": "Outer", "Parallel Aware": false, "Async Capable": false, "Startup Cost": 591094.97, "Total Cost": 591094.98, "Plan Rows": 1, "Plan Width": 8, "Actual Rows": 1, "Actual Loops": 7, "Workers": [], "Plans": [{"Node Type": "Hash Join", "Parent Relationship": "Outer", "Parallel Aware": false, "Async Capable": false, "Join Type": "Inner", "Startup Cost": 1991.28, "Total Cost": 591094.1, "Plan Rows": 349, "Plan Width": 0, "Actual Rows": 10869, "Actual Loops": 7, "Inner Unique": true, "Hash Cond": "(store_sales.ss_promo_sk = promotion.p_promo_sk)", "Workers": [], "Plans": [{"Node Type": "Nested Loop", "Parent Relationship": "Outer", "Parallel Aware": false, "Async Capable": false, "Join Type": "Inner", "Startup Cost": 1964.53, "Total Cost": 591066.42, "Plan Rows": 349, "Plan Width": 4, "Actual Rows": 11045, "Actual Loops": 7, "Inner Unique": true, "Workers": [], "Plans": [{"Node Type": "Nested Loop", "Parent Relationship": "Outer", "Parallel Aware": false, "Async Capable": false, "Join Type": "Inner", "Startup Cost": 1964.24, "Total Cost": 590958.21, "Plan Rows": 349, "Plan Width": 8, "Actual Rows": 11045, "Actual Loops": 7, "Inner Unique": true, "Workers": [], "Plans": [{"Node Type": "Hash Join", "Parent Relationship": "Outer", "Parallel Aware": true, "Async Capable": false, "Join Type": "Inner", "Startup Cost": 1963.81, "Total Cost": 580014.65, "Plan Rows": 23985, "Plan Width": 12, "Actual Rows": 786689, "Actual Loops": 7, "Inner Unique": true, "Hash Cond": "(store_sales.ss_sold_date_sk = date_dim.d_date_sk)", "Workers": [], "Plans": [{"Node Type": "Seq Scan", "Parent Relationship": "Outer", "Parallel Aware": true, "Async Capable": false, "Relation Name": "store_sales", "Alias": "store_sales", "Startup Cost": 0.0, "Total Cost": 565449.69, "Plan Rows": 4800169, "Plan Width": 16, "Actual Rows": 4114427, "Actual Loops": 7, "Workers": []}, {"Node Type": "Hash", "Parent Relationship": "Inner", "Parallel Aware": true, "Async Capable": false, "Startup Cost": 1961.12, "Total Cost": 1961.12, "Plan Rows": 215, "Plan Width": 4, "Actual Rows": 52, "Actual Loops": 7, "Hash Buckets": 1024, "Original Hash Buckets": 1024, "Hash Batches": 1, "Original Hash Batches": 1, "Peak Memory Usage": 104, "Workers": [], "Plans": [{"Node Type": "Seq Scan", "Parent Relationship": "Outer", "Parallel Aware": true, "Async Capable": false, "Relation Name": "date_dim", "Alias": "date_dim", "Startup Cost": 0.0, "Total Cost": 1961.12, "Plan Rows": 215, "Plan Width": 4, "Actual Rows": 52, "Actual Loops": 7, "Filter": "(d_year = 1999)", "Rows Removed by Filter": 10383, "Workers": []}]}]}, {"Node Type": "Index Scan", "Parent Relationship": "Inner", "Parallel Aware": false, "Async Capable": false, "Scan Direction": "Forward", "Index Name": "customer_demographics_pkey", "Relation Name": "customer_demographics", "Alias": "customer_demographics", "Startup Cost": 0.43, "Total Cost": 0.46, "Plan Rows": 1, "Plan Width": 4, "Actual Rows": 0, "Actual Loops": 5506824, "Index Cond": "(cd_demo_sk = store_sales.ss_cdemo_sk)", "Rows Removed by Index Recheck": 0, "Filter": "((cd_gender = 'F'::bpchar) AND (cd_marital_status = 'U'::bpchar) AND (cd_education_status = 'Primary'::bpchar))", "Rows Removed by Filter": 1, "Workers": []}]}, {"Node Type": "Index Only Scan", "Parent Relationship": "Inner", "Parallel Aware": false, "Async Capable": false, "Scan Direction": "Forward", "Index Name": "item_pkey", "Relation Name": "item", "Alias": "item", "Startup Cost": 0.29, "Total Cost": 0.31, "Plan Rows": 1, "Plan Width": 4, "Actual Rows": 1, "Actual Loops": 77315, "Index Cond": "(i_item_sk = store_sales.ss_item_sk)", "Rows Removed by Index Recheck": 0, "Heap Fetches": 0, "Workers": []}]}, {"Node Type": "Hash", "Parent Relationship": "Inner", "Parallel Aware": false, "Async Capable": false, "Startup Cost": 20.5, "Total Cost": 20.5, "Plan Rows": 500, "Plan Width": 4, "Actual Rows": 498, "Actual Loops": 7, "Hash Buckets": 1024, "Original Hash Buckets": 1024, "Hash Batches": 1, "Original Hash Batches": 1, "Peak Memory Usage": 26, "Workers": [], "Plans": [{"Node Type": "Seq Scan", "Parent Relationship": "Outer", "Parallel Aware": false, "Async Capable": false, "Relation Name": "promotion", "Alias": "promotion", "Startup Cost": 0.0, "Total Cost": 20.5, "Plan Rows": 500, "Plan Width": 4, "Actual Rows": 498, "Actual Loops": 7, "Filter": "((p_channel_email = 'N'::bpchar) OR (p_channel_event = 'N'::bpchar))", "Rows Removed by Filter": 2, "Workers": []}]}]}]}]}]}, "Planning Time": 2.803, "Triggers": [], "Execution Time": 3831.628}, {"Plan": {"Node Type": "Aggregate", "Strategy": "Plain", "Partial Mode": "Finalize", "Parallel Aware": false, "Async Capable": false, "Startup Cost": 617036.98, "Total Cost": 617036.99, "Plan Rows": 1, "Plan Width": 8, "Actual Rows": 1, "Actual Loops": 1, "Plans": [{"Node Type": "Gather", "Parent Relationship": "Outer", "Parallel Aware": false, "Async Capable": false, "Startup Cost": 617036.36, "Total Cost": 617036.97, "Plan Rows": 6, "Plan Width": 8, "Actual Rows": 7, "Actual Loops": 1, "Workers Planned": 6, "Workers Launched": 6, "Single Copy": false, "Plans": [{"Node Type": "Aggregate", "Strategy": "Plain", "Partial Mode": "Partial", "Parent Relationship": "Outer", "Parallel Aware": false, "Async Capable": false, "Startup Cost": 616036.36, "Total Cost": 616036.37, "Plan Rows": 1, "Plan Width": 8, "Actual Rows": 1, "Actual Loops": 7, "Workers": [], "Plans": [{"Node Type": "Hash Join", "Parent Relationship": "Outer", "Parallel Aware": true, "Async Capable": false, "Join Type": "Inner", "Startup Cost": 37433.25, "Total Cost": 616035.49, "Plan Rows": 349, "Plan Width": 0, "Actual Rows": 10869, "Actual Loops": 7, "Inner Unique": true, "Hash Cond": "(store_sales.ss_sold_date_sk = date_dim.d_date_sk)", "Workers": [], "Plans": [{"Node Type": "Hash Join", "Parent Relationship": "Outer", "Parallel Aware": false, "Async Capable": false, "Join Type": "Inner", "Startup Cost": 35469.44, "Total Cost": 613888.14, "Plan Rows": 69913, "Plan Width": 4, "Actual Rows": 54721, "Actual Loops": 7, "Inner Unique": true, "Hash Cond": "(store_sales.ss_promo_sk = promotion.p_promo_sk)", "Workers": [], "Plans": [{"Node Type": "Hash Join", "Parent Relationship": "Outer", "Parallel Aware": true, "Async Capable": false, "Join Type": "Inner", "Startup Cost": 35442.69, "Total Cost": 613676.38, "Plan Rows": 69913, "Plan Width": 8, "Actual Rows": 56270, "Actual Loops": 7, "Inner Unique": true, "Hash Cond": "(store_sales.ss_item_sk = item.i_item_sk)", "Workers": [], "Plans": [{"Node Type": "Hash Join", "Parent Relationship": "Outer", "Parallel Aware": true, "Async Capable": false, "Join Type": "Inner", "Startup Cost": 32812.04, "Total Cost": 610862.19, "Plan Rows": 69913, "Plan Width": 12, "Actual Rows": 56270, "Actual Loops": 7, "Inner Unique": true, "Hash Cond": "(store_sales.ss_cdemo_sk = customer_demographics.cd_demo_sk)", "Workers": [], "Plans": [{"Node Type": "Seq Scan", "Parent Relationship": "Outer", "Parallel Aware": true, "Async Capable": false, "Relation Name": "store_sales", "Alias": "store_sales", "Startup Cost": 0.0, "Total Cost": 565449.69, "Plan Rows": 4800169, "Plan Width": 16, "Actual Rows": 4114427, "Actual Loops": 7, "Workers": []}, {"Node Type": "Hash", "Parent Relationship": "Inner", "Parallel Aware": true, "Async Capable": false, "Startup Cost": 32699.23, "Total Cost": 32699.23, "Plan Rows": 9025, "Plan Width": 4, "Actual Rows": 3920, "Actual Loops": 7, "Hash Buckets": 32768, "Original Hash Buckets": 32768, "Hash Batches": 1, "Original Hash Batches": 1, "Peak Memory Usage": 1408, "Workers": [], "Plans": [{"Node Type": "Seq Scan", "Parent Relationship": "Outer", "Parallel Aware": true, "Async Capable": false, "Relation Name": "customer_demographics", "Alias": "customer_demographics", "Startup Cost": 0.0, "Total Cost": 32699.23, "Plan Rows": 9025, "Plan Width": 4, "Actual Rows": 3920, "Actual Loops": 7, "Filter": "((cd_gender = 'F'::bpchar) AND (cd_marital_status = 'U'::bpchar) AND (cd_education_status = 'Primary'::bpchar))", "Rows Removed by Filter": 270480, "Workers": []}]}]}, {"Node Type": "Hash", "Parent Relationship": "Inner", "Parallel Aware": true, "Async Capable": false, "Startup Cost": 2099.4, "Total Cost": 2099.4, "Plan Rows": 42500, "Plan Width": 4, "Actual Rows": 14571, "Actual Loops": 7, "Hash Buckets": 131072, "Original Hash Buckets": 131072, "Hash Batches": 1, "Original Hash Batches": 1, "Peak Memory Usage": 5120, "Workers": [], "Plans": [{"Node Type": "Index Only Scan", "Parent Relationship": "Outer", "Parallel Aware": true, "Async Capable": false, "Scan Direction": "Forward", "Index Name": "item_pkey", "Relation Name": "item", "Alias": "item", "Startup Cost": 0.29, "Total Cost": 2099.4, "Plan Rows": 42500, "Plan Width": 4, "Actual Rows": 14571, "Actual Loops": 7, "Heap Fetches": 0, "Workers": []}]}]}, {"Node Type": "Hash", "Parent Relationship": "Inner", "Parallel Aware": false, "Async Capable": false, "Startup Cost": 20.5, "Total Cost": 20.5, "Plan Rows": 500, "Plan Width": 4, "Actual Rows": 498, "Actual Loops": 7, "Hash Buckets": 1024, "Original Hash Buckets": 1024, "Hash Batches": 1, "Original Hash Batches": 1, "Peak Memory Usage": 26, "Workers": [], "Plans": [{"Node Type": "Seq Scan", "Parent Relationship": "Outer", "Parallel Aware": false, "Async Capable": false, "Relation Name": "promotion", "Alias": "promotion", "Startup Cost": 0.0, "Total Cost": 20.5, "Plan Rows": 500, "Plan Width": 4, "Actual Rows": 498, "Actual Loops": 7, "Filter": "((p_channel_email = 'N'::bpchar) OR (p_channel_event = 'N'::bpchar))", "Rows Removed by Filter": 2, "Workers": []}]}]}, {"Node Type": "Hash", "Parent Relationship": "Inner", "Parallel Aware": true, "Async Capable": false, "Startup Cost": 1961.12, "Total Cost": 1961.12, "Plan Rows": 215, "Plan Width": 4, "Actual Rows": 52, "Actual Loops": 7, "Hash Buckets": 1024, "Original Hash Buckets": 1024, "Hash Batches": 1, "Original Hash Batches": 1, "Peak Memory Usage": 232, "Workers": [], "Plans": [{"Node Type": "Seq Scan", "Parent Relationship": "Outer", "Parallel Aware": true, "Async Capable": false, "Relation Name": "date_dim", "Alias": "date_dim", "Startup Cost": 0.0, "Total Cost": 1961.12, "Plan Rows": 215, "Plan Width": 4, "Actual Rows": 52, "Actual Loops": 7, "Filter": "(d_year = 1999)", "Rows Removed by Filter": 10383, "Workers": []}]}]}]}]}]}, "Planning Time": 2.845, "Triggers": [], "Execution Time": 1355.624}, {"Plan": {"Node Type": "Aggregate", "Strategy": "Plain", "Partial Mode": "Finalize", "Parallel Aware": false, "Async Capable": false, "Startup Cost": 617757.91, "Total Cost": 617757.92, "Plan Rows": 1, "Plan Width": 8, "Actual Rows": 1, "Actual Loops": 1, "Plans": [{"Node Type": "Gather", "Parent Relationship": "Outer", "Parallel Aware": false, "Async Capable": false, "Startup Cost": 617757.79, "Total Cost": 617757.9, "Plan Rows": 1, "Plan Width": 8, "Actual Rows": 2, "Actual Loops": 1, "Workers Planned": 1, "Workers Launched": 1, "Single Copy": false, "Plans": [{"Node Type": "Aggregate", "Strategy": "Plain", "Partial Mode": "Partial", "Parent Relationship": "Outer", "Parallel Aware": false, "Async Capable": false, "Startup Cost": 616757.79, "Total Cost": 616757.8, "Plan Rows": 1, "Plan Width": 8, "Actual Rows": 1, "Actual Loops": 2, "Workers": [], "Plans": [{"Node Type": "Hash Join", "Parent Relationship": "Outer", "Parallel Aware": true, "Async Capable": false, "Join Type": "Inner", "Startup Cost": 614762.05, "Total Cost": 616754.71, "Plan Rows": 1233, "Plan Width": 0, "Actual Rows": 38040, "Actual Loops": 2, "Inner Unique": false, "Hash Cond": "(date_dim.d_date_sk = store_sales.ss_sold_date_sk)", "Workers": [], "Plans": [{"Node Type": "Seq Scan", "Parent Relationship": "Outer", "Parallel Aware": true, "Async Capable": false, "Relation Name": "date_dim", "Alias": "date_dim", "Startup Cost": 0.0, "Total Cost": 1961.12, "Plan Rows": 215, "Plan Width": 4, "Actual Rows": 182, "Actual Loops": 2, "Filter": "(d_year = 1999)", "Rows Removed by Filter": 36342, "Workers": []}, {"Node Type": "Hash", "Parent Relationship": "Inner", "Parallel Aware": true, "Async Capable": false, "Startup Cost": 613888.14, "Total Cost": 613888.14, "Plan Rows": 69913, "Plan Width": 4, "Actual Rows": 191524, "Actual Loops": 2, "Hash Buckets": 524288, "Original Hash Buckets": 524288, "Hash Batches": 1, "Original Hash Batches": 1, "Peak Memory Usage": 18944, "Workers": [], "Plans": [{"Node Type": "Hash Join", "Parent Relationship": "Outer", "Parallel Aware": false, "Async Capable": false, "Join Type": "Inner", "Startup Cost": 35469.44, "Total Cost": 613888.14, "Plan Rows": 69913, "Plan Width": 4, "Actual Rows": 191524, "Actual Loops": 2, "Inner Unique": true, "Hash Cond": "(store_sales.ss_promo_sk = promotion.p_promo_sk)", "Workers": [], "Plans": [{"Node Type": "Hash Join", "Parent Relationship": "Outer", "Parallel Aware": true, "Async Capable": false, "Join Type": "Inner", "Startup Cost": 35442.69, "Total Cost": 613676.38, "Plan Rows": 69913, "Plan Width": 8, "Actual Rows": 196944, "Actual Loops": 2, "Inner Unique": true, "Hash Cond": "(store_sales.ss_item_sk = item.i_item_sk)", "Workers": [], "Plans": [{"Node Type": "Hash Join", "Parent Relationship": "Outer", "Parallel Aware": true, "Async Capable": false, "Join Type": "Inner", "Startup Cost": 32812.04, "Total Cost": 610862.19, "Plan Rows": 69913, "Plan Width": 12, "Actual Rows": 196944, "Actual Loops": 2, "Inner Unique": true, "Hash Cond": "(store_sales.ss_cdemo_sk = customer_demographics.cd_demo_sk)", "Workers": [], "Plans": [{"Node Type": "Seq Scan", "Parent Relationship": "Outer", "Parallel Aware": true, "Async Capable": false, "Relation Name": "store_sales", "Alias": "store_sales", "Startup Cost": 0.0, "Total Cost": 565449.69, "Plan Rows": 4800169, "Plan Width": 16, "Actual Rows": 14400496, "Actual Loops": 2, "Workers": []}, {"Node Type": "Hash", "Parent Relationship": "Inner", "Parallel Aware": true, "Async Capable": false, "Startup Cost": 32699.23, "Total Cost": 32699.23, "Plan Rows": 9025, "Plan Width": 4, "Actual Rows": 13720, "Actual Loops": 2, "Hash Buckets": 32768, "Original Hash Buckets": 32768, "Hash Batches": 1, "Original Hash Batches": 1, "Peak Memory Usage": 1344, "Workers": [], "Plans": [{"Node Type": "Seq Scan", "Parent Relationship": "Outer", "Parallel Aware": true, "Async Capable": false, "Relation Name": "customer_demographics", "Alias": "customer_demographics", "Startup Cost": 0.0, "Total Cost": 32699.23, "Plan Rows": 9025, "Plan Width": 4, "Actual Rows": 13720, "Actual Loops": 2, "Filter": "((cd_gender = 'F'::bpchar) AND (cd_marital_status = 'U'::bpchar) AND (cd_education_status = 'Primary'::bpchar))", "Rows Removed by Filter": 946680, "Workers": []}]}]}, {"Node Type": "Hash", "Parent Relationship": "Inner", "Parallel Aware": true, "Async Capable": false, "Startup Cost": 2099.4, "Total Cost": 2099.4, "Plan Rows": 42500, "Plan Width": 4, "Actual Rows": 51000, "Actual Loops": 2, "Hash Buckets": 131072, "Original Hash Buckets": 131072, "Hash Batches": 1, "Original Hash Batches": 1, "Peak Memory Usage": 5056, "Workers": [], "Plans": [{"Node Type": "Index Only Scan", "Parent Relationship": "Outer", "Parallel Aware": true, "Async Capable": false, "Scan Direction": "Forward", "Index Name": "item_pkey", "Relation Name": "item", "Alias": "item", "Startup Cost": 0.29, "Total Cost": 2099.4, "Plan Rows": 42500, "Plan Width": 4, "Actual Rows": 51000, "Actual Loops": 2, "Heap Fetches": 0, "Workers": []}]}]}, {"Node Type": "Hash", "Parent Relationship": "Inner", "Parallel Aware": false, "Async Capable": false, "Startup Cost": 20.5, "Total Cost": 20.5, "Plan Rows": 500, "Plan Width": 4, "Actual Rows": 498, "Actual Loops": 2, "Hash Buckets": 1024, "Original Hash Buckets": 1024, "Hash Batches": 1, "Original Hash Batches": 1, "Peak Memory Usage": 26, "Workers": [], "Plans": [{"Node Type": "Seq Scan", "Parent Relationship": "Outer", "Parallel Aware": false, "Async Capable": false, "Relation Name": "promotion", "Alias": "promotion", "Startup Cost": 0.0, "Total Cost": 20.5, "Plan Rows": 500, "Plan Width": 4, "Actual Rows": 498, "Actual Loops": 2, "Filter": "((p_channel_email = 'N'::bpchar) OR (p_channel_event = 'N'::bpchar))", "Rows Removed by Filter": 2, "Workers": []}]}]}]}]}]}]}]}, "Planning Time": 2.768, "Triggers": [], "Execution Time": 8688.313}, {"Plan": {"Node Type": "Aggregate", "Strategy": "Plain", "Partial Mode": "Finalize", "Parallel Aware": false, "Async Capable": false, "Startup Cost": 594252.88, "Total Cost": 594252.89, "Plan Rows": 1, "Plan Width": 8, "Actual Rows": 1, "Actual Loops": 1, "Plans": [{"Node Type": "Gather", "Parent Relationship": "Outer", "Parallel Aware": false, "Async Capable": false, "Startup Cost": 594252.66, "Total Cost": 594252.87, "Plan Rows": 2, "Plan Width": 8, "Actual Rows": 3, "Actual Loops": 1, "Workers Planned": 2, "Workers Launched": 2, "Single Copy": false, "Plans": [{"Node Type": "Aggregate", "Strategy": "Plain", "Partial Mode": "Partial", "Parent Relationship": "Outer", "Parallel Aware": false, "Async Capable": false, "Startup Cost": 593252.66, "Total Cost": 593252.67, "Plan Rows": 1, "Plan Width": 8, "Actual Rows": 1, "Actual Loops": 3, "Workers": [], "Plans": [{"Node Type": "Hash Join", "Parent Relationship": "Outer", "Parallel Aware": true, "Async Capable": false, "Join Type": "Inner", "Startup Cost": 590990.55, "Total Cost": 593250.48, "Plan Rows": 873, "Plan Width": 0, "Actual Rows": 25360, "Actual Loops": 3, "Inner Unique": false, "Hash Cond": "(item.i_item_sk = store_sales.ss_item_sk)", "Workers": [], "Plans": [{"Node Type": "Index Only Scan", "Parent Relationship": "Outer", "Parallel Aware": true, "Async Capable": false, "Scan Direction": "Forward", "Index Name": "item_pkey", "Relation Name": "item", "Alias": "item", "Startup Cost": 0.29, "Total Cost": 2099.4, "Plan Rows": 42500, "Plan Width": 4, "Actual Rows": 34000, "Actual Loops": 3, "Heap Fetches": 0, "Workers": []}, {"Node Type": "Hash", "Parent Relationship": "Inner", "Parallel Aware": true, "Async Capable": false, "Startup Cost": 590985.89, "Total Cost": 590985.89, "Plan Rows": 349, "Plan Width": 4, "Actual Rows": 25360, "Actual Loops": 3, "Hash Buckets": 131072, "Original Hash Buckets": 4096, "Hash Batches": 1, "Original Hash Batches": 1, "Peak Memory Usage": 5056, "Workers": [], "Plans": [{"Node Type": "Hash Join", "Parent Relationship": "Outer", "Parallel Aware": false, "Async Capable": false, "Join Type": "Inner", "Startup Cost": 1990.99, "Total Cost": 590985.89, "Plan Rows": 349, "Plan Width": 4, "Actual Rows": 25360, "Actual Loops": 3, "Inner Unique": true, "Hash Cond": "(store_sales.ss_promo_sk = promotion.p_promo_sk)", "Workers": [], "Plans": [{"Node Type": "Nested Loop", "Parent Relationship": "Outer", "Parallel Aware": false, "Async Capable": false, "Join Type": "Inner", "Startup Cost": 1964.24, "Total Cost": 590958.21, "Plan Rows": 349, "Plan Width": 8, "Actual Rows": 25772, "Actual Loops": 3, "Inner Unique": true, "Workers": [], "Plans": [{"Node Type": "Hash Join", "Parent Relationship": "Outer", "Parallel Aware": true, "Async Capable": false, "Join Type": "Inner", "Startup Cost": 1963.81, "Total Cost": 580014.65, "Plan Rows": 23985, "Plan Width": 12, "Actual Rows": 1835608, "Actual Loops": 3, "Inner Unique": true, "Hash Cond": "(store_sales.ss_sold_date_sk = date_dim.d_date_sk)", "Workers": [], "Plans": [{"Node Type": "Seq Scan", "Parent Relationship": "Outer", "Parallel Aware": true, "Async Capable": false, "Relation Name": "store_sales", "Alias": "store_sales", "Startup Cost": 0.0, "Total Cost": 565449.69, "Plan Rows": 4800169, "Plan Width": 16, "Actual Rows": 9600330, "Actual Loops": 3, "Workers": []}, {"Node Type": "Hash", "Parent Relationship": "Inner", "Parallel Aware": true, "Async Capable": false, "Startup Cost": 1961.12, "Total Cost": 1961.12, "Plan Rows": 215, "Plan Width": 4, "Actual Rows": 122, "Actual Loops": 3, "Hash Buckets": 1024, "Original Hash Buckets": 1024, "Hash Batches": 1, "Original Hash Batches": 1, "Peak Memory Usage": 40, "Workers": [], "Plans": [{"Node Type": "Seq Scan", "Parent Relationship": "Outer", "Parallel Aware": true, "Async Capable": false, "Relation Name": "date_dim", "Alias": "date_dim", "Startup Cost": 0.0, "Total Cost": 1961.12, "Plan Rows": 215, "Plan Width": 4, "Actual Rows": 122, "Actual Loops": 3, "Filter": "(d_year = 1999)", "Rows Removed by Filter": 24228, "Workers": []}]}]}, {"Node Type": "Index Scan", "Parent Relationship": "Inner", "Parallel Aware": false, "Async Capable": false, "Scan Direction": "Forward", "Index Name": "customer_demographics_pkey", "Relation Name": "customer_demographics", "Alias": "customer_demographics", "Startup Cost": 0.43, "Total Cost": 0.46, "Plan Rows": 1, "Plan Width": 4, "Actual Rows": 0, "Actual Loops": 5506824, "Index Cond": "(cd_demo_sk = store_sales.ss_cdemo_sk)", "Rows Removed by Index Recheck": 0, "Filter": "((cd_gender = 'F'::bpchar) AND (cd_marital_status = 'U'::bpchar) AND (cd_education_status = 'Primary'::bpchar))", "Rows Removed by Filter": 1, "Workers": []}]}, {"Node Type": "Hash", "Parent Relationship": "Inner", "Parallel Aware": false, "Async Capable": false, "Startup Cost": 20.5, "Total Cost": 20.5, "Plan Rows": 500, "Plan Width": 4, "Actual Rows": 498, "Actual Loops": 3, "Hash Buckets": 1024, "Original Hash Buckets": 1024, "Hash Batches": 1, "Original Hash Batches": 1, "Peak Memory Usage": 26, "Workers": [], "Plans": [{"Node Type": "Seq Scan", "Parent Relationship": "Outer", "Parallel Aware": false, "Async Capable": false, "Relation Name": "promotion", "Alias": "promotion", "Startup Cost": 0.0, "Total Cost": 20.5, "Plan Rows": 500, "Plan Width": 4, "Actual Rows": 498, "Actual Loops": 3, "Filter": "((p_channel_email = 'N'::bpchar) OR (p_channel_event = 'N'::bpchar))", "Rows Removed by Filter": 2, "Workers": []}]}]}]}]}]}]}]}, "Planning Time": 3.005, "Triggers": [], "Execution Time": 9927.987}, {"Plan": {"Node Type": "Aggregate", "Strategy": "Plain", "Partial Mode": "Finalize", "Parallel Aware": false, "Async Capable": false, "Startup Cost": 594743.55, "Total Cost": 594743.56, "Plan Rows": 1, "Plan Width": 8, "Actual Rows": 1, "Actual Loops": 1, "Plans": [{"Node Type": "Gather", "Parent Relationship": "Outer", "Parallel Aware": false, "Async Capable": false, "Startup Cost": 594742.92, "Total Cost": 594743.53, "Plan Rows": 6, "Plan Width": 8, "Actual Rows": 7, "Actual Loops": 1, "Workers Planned": 6, "Workers Launched": 6, "Single Copy": false, "Plans": [{"Node Type": "Aggregate", "Strategy": "Plain", "Partial Mode": "Partial", "Parent Relationship": "Outer", "Parallel Aware": false, "Async Capable": false, "Startup Cost": 593742.92, "Total Cost": 593742.93, "Plan Rows": 1, "Plan Width": 8, "Actual Rows": 1, "Actual Loops": 7, "Workers": [], "Plans": [{"Node Type": "Nested Loop", "Parent Relationship": "Outer", "Parallel Aware": false, "Async Capable": false, "Join Type": "Inner", "Startup Cost": 4621.64, "Total Cost": 593742.05, "Plan Rows": 349, "Plan Width": 0, "Actual Rows": 10869, "Actual Loops": 7, "Inner Unique": true, "Workers": [], "Plans": [{"Node Type": "Hash Join", "Parent Relationship": "Outer", "Parallel Aware": false, "Async Capable": false, "Join Type": "Inner", "Startup Cost": 4621.21, "Total Cost": 582798.48, "Plan Rows": 23985, "Plan Width": 4, "Actual Rows": 765078, "Actual Loops": 7, "Inner Unique": true, "Hash Cond": "(store_sales.ss_promo_sk = promotion.p_promo_sk)", "Workers": [], "Plans": [{"Node Type": "Hash Join", "Parent Relationship": "Outer", "Parallel Aware": true, "Async Capable": false, "Join Type": "Inner", "Startup Cost": 4594.46, "Total Cost": 582708.26, "Plan Rows": 23985, "Plan Width": 8, "Actual Rows": 786689, "Actual Loops": 7, "Inner Unique": true, "Hash Cond": "(store_sales.ss_item_sk = item.i_item_sk)", "Workers": [], "Plans": [{"Node Type": "Hash Join", "Parent Relationship": "Outer", "Parallel Aware": true, "Async Capable": false, "Join Type": "Inner", "Startup Cost": 1963.81, "Total Cost": 580014.65, "Plan Rows": 23985, "Plan Width": 12, "Actual Rows": 786689, "Actual Loops": 7, "Inner Unique": true, "Hash Cond": "(store_sales.ss_sold_date_sk = date_dim.d_date_sk)", "Workers": [], "Plans": [{"Node Type": "Seq Scan", "Parent Relationship": "Outer", "Parallel Aware": true, "Async Capable": false, "Relation Name": "store_sales", "Alias": "store_sales", "Startup Cost": 0.0, "Total Cost": 565449.69, "Plan Rows": 4800169, "Plan Width": 16, "Actual Rows": 4114427, "Actual Loops": 7, "Workers": []}, {"Node Type": "Hash", "Parent Relationship": "Inner", "Parallel Aware": true, "Async Capable": false, "Startup Cost": 1961.12, "Total Cost": 1961.12, "Plan Rows": 215, "Plan Width": 4, "Actual Rows": 52, "Actual Loops": 7, "Hash Buckets": 1024, "Original Hash Buckets": 1024, "Hash Batches": 1, "Original Hash Batches": 1, "Peak Memory Usage": 232, "Workers": [], "Plans": [{"Node Type": "Seq Scan", "Parent Relationship": "Outer", "Parallel Aware": true, "Async Capable": false, "Relation Name": "date_dim", "Alias": "date_dim", "Startup Cost": 0.0, "Total Cost": 1961.12, "Plan Rows": 215, "Plan Width": 4, "Actual Rows": 52, "Actual Loops": 7, "Filter": "(d_year = 1999)", "Rows Removed by Filter": 10383, "Workers": []}]}]}, {"Node Type": "Hash", "Parent Relationship": "Inner", "Parallel Aware": true, "Async Capable": false, "Startup Cost": 2099.4, "Total Cost": 2099.4, "Plan Rows": 42500, "Plan Width": 4, "Actual Rows": 14571, "Actual Loops": 7, "Hash Buckets": 131072, "Original Hash Buckets": 131072, "Hash Batches": 1, "Original Hash Batches": 1, "Peak Memory Usage": 5152, "Workers": [], "Plans": [{"Node Type": "Index Only Scan", "Parent Relationship": "Outer", "Parallel Aware": true, "Async Capable": false, "Scan Direction": "Forward", "Index Name": "item_pkey", "Relation Name": "item", "Alias": "item", "Startup Cost": 0.29, "Total Cost": 2099.4, "Plan Rows": 42500, "Plan Width": 4, "Actual Rows": 14571, "Actual Loops": 7, "Heap Fetches": 0, "Workers": []}]}]}, {"Node Type": "Hash", "Parent Relationship": "Inner", "Parallel Aware": false, "Async Capable": false, "Startup Cost": 20.5, "Total Cost": 20.5, "Plan Rows": 500, "Plan Width": 4, "Actual Rows": 498, "Actual Loops": 7, "Hash Buckets": 1024, "Original Hash Buckets": 1024, "Hash Batches": 1, "Original Hash Batches": 1, "Peak Memory Usage": 26, "Workers": [], "Plans": [{"Node Type": "Seq Scan", "Parent Relationship": "Outer", "Parallel Aware": false, "Async Capable": false, "Relation Name": "promotion", "Alias": "promotion", "Startup Cost": 0.0, "Total Cost": 20.5, "Plan Rows": 500, "Plan Width": 4, "Actual Rows": 498, "Actual Loops": 7, "Filter": "((p_channel_email = 'N'::bpchar) OR (p_channel_event = 'N'::bpchar))", "Rows Removed by Filter": 2, "Workers": []}]}]}, {"Node Type": "Index Scan", "Parent Relationship": "Inner", "Parallel Aware": false, "Async Capable": false, "Scan Direction": "Forward", "Index Name": "customer_demographics_pkey", "Relation Name": "customer_demographics", "Alias": "customer_demographics", "Startup Cost": 0.43, "Total Cost": 0.46, "Plan Rows": 1, "Plan Width": 4, "Actual Rows": 0, "Actual Loops": 5355546, "Index Cond": "(cd_demo_sk = store_sales.ss_cdemo_sk)", "Rows Removed by Index Recheck": 0, "Filter": "((cd_gender = 'F'::bpchar) AND (cd_marital_status = 'U'::bpchar) AND (cd_education_status = 'Primary'::bpchar))", "Rows Removed by Filter": 1, "Workers": []}]}]}]}]}, "Planning Time": 2.862, "Triggers": [], "Execution Time": 4407.146}, {"Plan": {"Node Type": "Aggregate", "Strategy": "Plain", "Partial Mode": "Finalize", "Parallel Aware": false, "Async Capable": false, "Startup Cost": 616834.45, "Total Cost": 616834.46, "Plan Rows": 1, "Plan Width": 8, "Actual Rows": 1, "Actual Loops": 1, "Plans": [{"Node Type": "Gather", "Parent Relationship": "Outer", "Parallel Aware": false, "Async Capable": false, "Startup Cost": 616834.13, "Total Cost": 616834.44, "Plan Rows": 3, "Plan Width": 8, "Actual Rows": 4, "Actual Loops": 1, "Workers Planned": 3, "Workers Launched": 3, "Single Copy": false, "Plans": [{"Node Type": "Aggregate", "Strategy": "Plain", "Partial Mode": "Partial", "Parent Relationship": "Outer", "Parallel Aware": false, "Async Capable": false, "Startup Cost": 615834.13, "Total Cost": 615834.14, "Plan Rows": 1, "Plan Width": 8, "Actual Rows": 1, "Actual Loops": 4, "Workers": [], "Plans": [{"Node Type": "Hash Join", "Parent Relationship": "Outer", "Parallel Aware": true, "Async Capable": false, "Join Type": "Inner", "Startup Cost": 583098.29, "Total Cost": 615832.44, "Plan Rows": 676, "Plan Width": 0, "Actual Rows": 19020, "Actual Loops": 4, "Inner Unique": false, "Hash Cond": "(customer_demographics.cd_demo_sk = store_sales.ss_cdemo_sk)", "Workers": [], "Plans": [{"Node Type": "Seq Scan", "Parent Relationship": "Outer", "Parallel Aware": true, "Async Capable": false, "Relation Name": "customer_demographics", "Alias": "customer_demographics", "Startup Cost": 0.0, "Total Cost": 32699.23, "Plan Rows": 9025, "Plan Width": 4, "Actual Rows": 6860, "Actual Loops": 4, "Filter": "((cd_gender = 'F'::bpchar) AND (cd_marital_status = 'U'::bpchar) AND (cd_education_status = 'Primary'::bpchar))", "Rows Removed by Filter": 473340, "Workers": []}, {"Node Type": "Hash", "Parent Relationship": "Inner", "Parallel Aware": true, "Async Capable": false, "Startup Cost": 582798.48, "Total Cost": 582798.48, "Plan Rows": 23985, "Plan Width": 4, "Actual Rows": 1338886, "Actual Loops": 4, "Hash Buckets": 8388608, "Original Hash Buckets": 262144, "Hash Batches": 1, "Original Hash Batches": 1, "Peak Memory Usage": 336064, "Workers": [], "Plans": [{"Node Type": "Hash Join", "Parent Relationship": "Outer", "Parallel Aware": false, "Async Capable": false, "Join Type": "Inner", "Startup Cost": 4621.21, "Total Cost": 582798.48, "Plan Rows": 23985, "Plan Width": 4, "Actual Rows": 1338886, "Actual Loops": 4, "Inner Unique": true, "Hash Cond": "(store_sales.ss_promo_sk = promotion.p_promo_sk)", "Workers": [], "Plans": [{"Node Type": "Hash Join", "Parent Relationship": "Outer", "Parallel Aware": true, "Async Capable": false, "Join Type": "Inner", "Startup Cost": 4594.46, "Total Cost": 582708.26, "Plan Rows": 23985, "Plan Width": 8, "Actual Rows": 1376706, "Actual Loops": 4, "Inner Unique": true, "Hash Cond": "(store_sales.ss_item_sk = item.i_item_sk)", "Workers": [], "Plans": [{"Node Type": "Hash Join", "Parent Relationship": "Outer", "Parallel Aware": true, "Async Capable": false, "Join Type": "Inner", "Startup Cost": 1963.81, "Total Cost": 580014.65, "Plan Rows": 23985, "Plan Width": 12, "Actual Rows": 1376706, "Actual Loops": 4, "Inner Unique": true, "Hash Cond": "(store_sales.ss_sold_date_sk = date_dim.d_date_sk)", "Workers": [], "Plans": [{"Node Type": "Seq Scan", "Parent Relationship": "Outer", "Parallel Aware": true, "Async Capable": false, "Relation Name": "store_sales", "Alias": "store_sales", "Startup Cost": 0.0, "Total Cost": 565449.69, "Plan Rows": 4800169, "Plan Width": 16, "Actual Rows": 7200248, "Actual Loops": 4, "Workers": []}, {"Node Type": "Hash", "Parent Relationship": "Inner", "Parallel Aware": true, "Async Capable": false, "Startup Cost": 1961.12, "Total Cost": 1961.12, "Plan Rows": 215, "Plan Width": 4, "Actual Rows": 91, "Actual Loops": 4, "Hash Buckets": 1024, "Original Hash Buckets": 1024, "Hash Batches": 1, "Original Hash Batches": 1, "Peak Memory Usage": 136, "Workers": [], "Plans": [{"Node Type": "Seq Scan", "Parent Relationship": "Outer", "Parallel Aware": true, "Async Capable": false, "Relation Name": "date_dim", "Alias": "date_dim", "Startup Cost": 0.0, "Total Cost": 1961.12, "Plan Rows": 215, "Plan Width": 4, "Actual Rows": 91, "Actual Loops": 4, "Filter": "(d_year = 1999)", "Rows Removed by Filter": 18171, "Workers": []}]}]}, {"Node Type": "Hash", "Parent Relationship": "Inner", "Parallel Aware": true, "Async Capable": false, "Startup Cost": 2099.4, "Total Cost": 2099.4, "Plan Rows": 42500, "Plan Width": 4, "Actual Rows": 25500, "Actual Loops": 4, "Hash Buckets": 131072, "Original Hash Buckets": 131072, "Hash Batches": 1, "Original Hash Batches": 1, "Peak Memory Usage": 5088, "Workers": [], "Plans": [{"Node Type": "Index Only Scan", "Parent Relationship": "Outer", "Parallel Aware": true, "Async Capable": false, "Scan Direction": "Forward", "Index Name": "item_pkey", "Relation Name": "item", "Alias": "item", "Startup Cost": 0.29, "Total Cost": 2099.4, "Plan Rows": 42500, "Plan Width": 4, "Actual Rows": 25500, "Actual Loops": 4, "Heap Fetches": 0, "Workers": []}]}]}, {"Node Type": "Hash", "Parent Relationship": "Inner", "Parallel Aware": false, "Async Capable": false, "Startup Cost": 20.5, "Total Cost": 20.5, "Plan Rows": 500, "Plan Width": 4, "Actual Rows": 498, "Actual Loops": 4, "Hash Buckets": 1024, "Original Hash Buckets": 1024, "Hash Batches": 1, "Original Hash Batches": 1, "Peak Memory Usage": 26, "Workers": [], "Plans": [{"Node Type": "Seq Scan", "Parent Relationship": "Outer", "Parallel Aware": false, "Async Capable": false, "Relation Name": "promotion", "Alias": "promotion", "Startup Cost": 0.0, "Total Cost": 20.5, "Plan Rows": 500, "Plan Width": 4, "Actual Rows": 498, "Actual Loops": 4, "Filter": "((p_channel_email = 'N'::bpchar) OR (p_channel_event = 'N'::bpchar))", "Rows Removed by Filter": 2, "Workers": []}]}]}]}]}]}]}]}, "Planning Time": 1.846, "Triggers": [], "Execution Time": 4222.883}, {"Plan": {"Node Type": "Aggregate", "Strategy": "Plain", "Partial Mode": "Simple", "Parallel Aware": false, "Async Capable": false, "Startup Cost": 592352.36, "Total Cost": 592352.37, "Plan Rows": 1, "Plan Width": 8, "Actual Rows": 1, "Actual Loops": 1, "Plans": [{"Node Type": "Hash Join", "Parent Relationship": "Outer", "Parallel Aware": false, "Async Capable": false, "Join Type": "Inner", "Startup Cost": 592302.22, "Total Cost": 592347.12, "Plan Rows": 2096, "Plan Width": 0, "Actual Rows": 76081, "Actual Loops": 1, "Inner Unique": false, "Hash Cond": "(promotion.p_promo_sk = store_sales.ss_promo_sk)", "Plans": [{"Node Type": "Seq Scan", "Parent Relationship": "Outer", "Parallel Aware": false, "Async Capable": false, "Relation Name": "promotion", "Alias": "promotion", "Startup Cost": 0.0, "Total Cost": 20.5, "Plan Rows": 500, "Plan Width": 4, "Actual Rows": 498, "Actual Loops": 1, "Filter": "((p_channel_email = 'N'::bpchar) OR (p_channel_event = 'N'::bpchar))", "Rows Removed by Filter": 2}, {"Node Type": "Hash", "Parent Relationship": "Inner", "Parallel Aware": false, "Async Capable": false, "Startup Cost": 592276.02, "Total Cost": 592276.02, "Plan Rows": 2096, "Plan Width": 4, "Actual Rows": 76384, "Actual Loops": 1, "Hash Buckets": 131072, "Original Hash Buckets": 4096, "Hash Batches": 1, "Original Hash Batches": 1, "Peak Memory Usage": 3710, "Plans": [{"Node Type": "Gather", "Parent Relationship": "Outer", "Parallel Aware": false, "Async Capable": false, "Startup Cost": 2964.53, "Total Cost": 592276.02, "Plan Rows": 2096, "Plan Width": 4, "Actual Rows": 77315, "Actual Loops": 1, "Workers Planned": 6, "Workers Launched": 6, "Single Copy": false, "Plans": [{"Node Type": "Nested Loop", "Parent Relationship": "Outer", "Parallel Aware": false, "Async Capable": false, "Join Type": "Inner", "Startup Cost": 1964.53, "Total Cost": 591066.42, "Plan Rows": 349, "Plan Width": 4, "Actual Rows": 11045, "Actual Loops": 7, "Inner Unique": true, "Workers": [], "Plans": [{"Node Type": "Nested Loop", "Parent Relationship": "Outer", "Parallel Aware": false, "Async Capable": false, "Join Type": "Inner", "Startup Cost": 1964.24, "Total Cost": 590958.21, "Plan Rows": 349, "Plan Width": 8, "Actual Rows": 11045, "Actual Loops": 7, "Inner Unique": true, "Workers": [], "Plans": [{"Node Type": "Hash Join", "Parent Relationship": "Outer", "Parallel Aware": true, "Async Capable": false, "Join Type": "Inner", "Startup Cost": 1963.81, "Total Cost": 580014.65, "Plan Rows": 23985, "Plan Width": 12, "Actual Rows": 786689, "Actual Loops": 7, "Inner Unique": true, "Hash Cond": "(store_sales.ss_sold_date_sk = date_dim.d_date_sk)", "Workers": [], "Plans": [{"Node Type": "Seq Scan", "Parent Relationship": "Outer", "Parallel Aware": true, "Async Capable": false, "Relation Name": "store_sales", "Alias": "store_sales", "Startup Cost": 0.0, "Total Cost": 565449.69, "Plan Rows": 4800169, "Plan Width": 16, "Actual Rows": 4114427, "Actual Loops": 7, "Workers": []}, {"Node Type": "Hash", "Parent Relationship": "Inner", "Parallel Aware": true, "Async Capable": false, "Startup Cost": 1961.12, "Total Cost": 1961.12, "Plan Rows": 215, "Plan Width": 4, "Actual Rows": 52, "Actual Loops": 7, "Hash Buckets": 1024, "Original Hash Buckets": 1024, "Hash Batches": 1, "Original Hash Batches": 1, "Peak Memory Usage": 40, "Workers": [], "Plans": [{"Node Type": "Seq Scan", "Parent Relationship": "Outer", "Parallel Aware": true, "Async Capable": false, "Relation Name": "date_dim", "Alias": "date_dim", "Startup Cost": 0.0, "Total Cost": 1961.12, "Plan Rows": 215, "Plan Width": 4, "Actual Rows": 52, "Actual Loops": 7, "Filter": "(d_year = 1999)", "Rows Removed by Filter": 10383, "Workers": []}]}]}, {"Node Type": "Index Scan", "Parent Relationship": "Inner", "Parallel Aware": false, "Async Capable": false, "Scan Direction": "Forward", "Index Name": "customer_demographics_pkey", "Relation Name": "customer_demographics", "Alias": "customer_demographics", "Startup Cost": 0.43, "Total Cost": 0.46, "Plan Rows": 1, "Plan Width": 4, "Actual Rows": 0, "Actual Loops": 5506824, "Index Cond": "(cd_demo_sk = store_sales.ss_cdemo_sk)", "Rows Removed by Index Recheck": 0, "Filter": "((cd_gender = 'F'::bpchar) AND (cd_marital_status = 'U'::bpchar) AND (cd_education_status = 'Primary'::bpchar))", "Rows Removed by Filter": 1, "Workers": []}]}, {"Node Type": "Index Only Scan", "Parent Relationship": "Inner", "Parallel Aware": false, "Async Capable": false, "Scan Direction": "Forward", "Index Name": "item_pkey", "Relation Name": "item", "Alias": "item", "Startup Cost": 0.29, "Total Cost": 0.31, "Plan Rows": 1, "Plan Width": 4, "Actual Rows": 1, "Actual Loops": 77315, "Index Cond": "(i_item_sk = store_sales.ss_item_sk)", "Rows Removed by Index Recheck": 0, "Heap Fetches": 0, "Workers": []}]}]}]}]}]}, "Planning Time": 2.84, "Triggers": [], "Execution Time": 3842.337}, {"Plan": {"Node Type": "Aggregate", "Strategy": "Plain", "Partial Mode": "Finalize", "Parallel Aware": false, "Async Capable": false, "Startup Cost": 592095.59, "Total Cost": 592095.6, "Plan Rows": 1, "Plan Width": 8, "Actual Rows": 1, "Actual Loops": 1, "Plans": [{"Node Type": "Gather", "Parent Relationship": "Outer", "Parallel Aware": false, "Async Capable": false, "Startup Cost": 592094.97, "Total Cost": 592095.58, "Plan Rows": 6, "Plan Width": 8, "Actual Rows": 7, "Actual Loops": 1, "Workers Planned": 6, "Workers Launched": 6, "Single Copy": false, "Plans": [{"Node Type": "Aggregate", "Strategy": "Plain", "Partial Mode": "Partial", "Parent Relationship": "Outer", "Parallel Aware": false, "Async Capable": false, "Startup Cost": 591094.97, "Total Cost": 591094.98, "Plan Rows": 1, "Plan Width": 8, "Actual Rows": 1, "Actual Loops": 7, "Workers": [], "Plans": [{"Node Type": "Nested Loop", "Parent Relationship": "Outer", "Parallel Aware": false, "Async Capable": false, "Join Type": "Inner", "Startup Cost": 1991.28, "Total Cost": 591094.1, "Plan Rows": 349, "Plan Width": 0, "Actual Rows": 10869, "Actual Loops": 7, "Inner Unique": true, "Workers": [], "Plans": [{"Node Type": "Hash Join", "Parent Relationship": "Outer", "Parallel Aware": false, "Async Capable": false, "Join Type": "Inner", "Startup Cost": 1990.99, "Total Cost": 590985.89, "Plan Rows": 349, "Plan Width": 4, "Actual Rows": 10869, "Actual Loops": 7, "Inner Unique": true, "Hash Cond": "(store_sales.ss_promo_sk = promotion.p_promo_sk)", "Workers": [], "Plans": [{"Node Type": "Nested Loop", "Parent Relationship": "Outer", "Parallel Aware": false, "Async Capable": false, "Join Type": "Inner", "Startup Cost": 1964.24, "Total Cost": 590958.21, "Plan Rows": 349, "Plan Width": 8, "Actual Rows": 11045, "Actual Loops": 7, "Inner Unique": true, "Workers": [], "Plans": [{"Node Type": "Hash Join", "Parent Relationship": "Outer", "Parallel Aware": true, "Async Capable": false, "Join Type": "Inner", "Startup Cost": 1963.81, "Total Cost": 580014.65, "Plan Rows": 23985, "Plan Width": 12, "Actual Rows": 786689, "Actual Loops": 7, "Inner Unique": true, "Hash Cond": "(store_sales.ss_sold_date_sk = date_dim.d_date_sk)", "Workers": [], "Plans": [{"Node Type": "Seq Scan", "Parent Relationship": "Outer", "Parallel Aware": true, "Async Capable": false, "Relation Name": "store_sales", "Alias": "store_sales", "Startup Cost": 0.0, "Total Cost": 565449.69, "Plan Rows": 4800169, "Plan Width": 16, "Actual Rows": 4114427, "Actual Loops": 7, "Workers": []}, {"Node Type": "Hash", "Parent Relationship": "Inner", "Parallel Aware": true, "Async Capable": false, "Startup Cost": 1961.12, "Total Cost": 1961.12, "Plan Rows": 215, "Plan Width": 4, "Actual Rows": 52, "Actual Loops": 7, "Hash Buckets": 1024, "Original Hash Buckets": 1024, "Hash Batches": 1, "Original Hash Batches": 1, "Peak Memory Usage": 104, "Workers": [], "Plans": [{"Node Type": "Seq Scan", "Parent Relationship": "Outer", "Parallel Aware": true, "Async Capable": false, "Relation Name": "date_dim", "Alias": "date_dim", "Startup Cost": 0.0, "Total Cost": 1961.12, "Plan Rows": 215, "Plan Width": 4, "Actual Rows": 52, "Actual Loops": 7, "Filter": "(d_year = 1999)", "Rows Removed by Filter": 10383, "Workers": []}]}]}, {"Node Type": "Index Scan", "Parent Relationship": "Inner", "Parallel Aware": false, "Async Capable": false, "Scan Direction": "Forward", "Index Name": "customer_demographics_pkey", "Relation Name": "customer_demographics", "Alias": "customer_demographics", "Startup Cost": 0.43, "Total Cost": 0.46, "Plan Rows": 1, "Plan Width": 4, "Actual Rows": 0, "Actual Loops": 5506824, "Index Cond": "(cd_demo_sk = store_sales.ss_cdemo_sk)", "Rows Removed by Index Recheck": 0, "Filter": "((cd_gender = 'F'::bpchar) AND (cd_marital_status = 'U'::bpchar) AND (cd_education_status = 'Primary'::bpchar))", "Rows Removed by Filter": 1, "Workers": []}]}, {"Node Type": "Hash", "Parent Relationship": "Inner", "Parallel Aware": false, "Async Capable": false, "Startup Cost": 20.5, "Total Cost": 20.5, "Plan Rows": 500, "Plan Width": 4, "Actual Rows": 498, "Actual Loops": 7, "Hash Buckets": 1024, "Original Hash Buckets": 1024, "Hash Batches": 1, "Original Hash Batches": 1, "Peak Memory Usage": 26, "Workers": [], "Plans": [{"Node Type": "Seq Scan", "Parent Relationship": "Outer", "Parallel Aware": false, "Async Capable": false, "Relation Name": "promotion", "Alias": "promotion", "Startup Cost": 0.0, "Total Cost": 20.5, "Plan Rows": 500, "Plan Width": 4, "Actual Rows": 498, "Actual Loops": 7, "Filter": "((p_channel_email = 'N'::bpchar) OR (p_channel_event = 'N'::bpchar))", "Rows Removed by Filter": 2, "Workers": []}]}]}, {"Node Type": "Index Only Scan", "Parent Relationship": "Inner", "Parallel Aware": false, "Async Capable": false, "Scan Direction": "Forward", "Index Name": "item_pkey", "Relation Name": "item", "Alias": "item", "Startup Cost": 0.29, "Total Cost": 0.31, "Plan Rows": 1, "Plan Width": 4, "Actual Rows": 1, "Actual Loops": 76081, "Index Cond": "(i_item_sk = store_sales.ss_item_sk)", "Rows Removed by Index Recheck": 0, "Heap Fetches": 0, "Workers": []}]}]}]}]}, "Planning Time": 2.877, "Triggers": [], "Execution Time": 3797.654}]