[{"Plan": {"Node Type": "Aggregate", "Strategy": "Plain", "Partial Mode": "Finalize", "Parallel Aware": false, "Async Capable": false, "Startup Cost": 592094.02, "Total Cost": 592094.03, "Plan Rows": 1, "Plan Width": 8, "Actual Rows": 1, "Actual Loops": 1, "Plans": [{"Node Type": "Gather", "Parent Relationship": "Outer", "Parallel Aware": false, "Async Capable": false, "Startup Cost": 592093.39, "Total Cost": 592094.0, "Plan Rows": 6, "Plan Width": 8, "Actual Rows": 7, "Actual Loops": 1, "Workers Planned": 6, "Workers Launched": 6, "Single Copy": false, "Plans": [{"Node Type": "Aggregate", "Strategy": "Plain", "Partial Mode": "Partial", "Parent Relationship": "Outer", "Parallel Aware": false, "Async Capable": false, "Startup Cost": 591093.39, "Total Cost": 591093.4, "Plan Rows": 1, "Plan Width": 8, "Actual Rows": 1, "Actual Loops": 7, "Workers": [], "Plans": [{"Node Type": "Hash Join", "Parent Relationship": "Outer", "Parallel Aware": false, "Async Capable": false, "Join Type": "Inner", "Startup Cost": 1991.28, "Total Cost": 591092.53, "Plan Rows": 344, "Plan Width": 0, "Actual Rows": 10686, "Actual Loops": 7, "Inner Unique": true, "Hash Cond": "(store_sales.ss_promo_sk = promotion.p_promo_sk)", "Workers": [], "Plans": [{"Node Type": "Nested Loop", "Parent Relationship": "Outer", "Parallel Aware": false, "Async Capable": false, "Join Type": "Inner", "Startup Cost": 1964.53, "Total Cost": 591064.87, "Plan Rows": 344, "Plan Width": 4, "Actual Rows": 10866, "Actual Loops": 7, "Inner Unique": true, "Workers": [], "Plans": [{"Node Type": "Nested Loop", "Parent Relationship": "Outer", "Parallel Aware": false, "Async Capable": false, "Join Type": "Inner", "Startup Cost": 1964.24, "Total Cost": 590958.21, "Plan Rows": 344, "Plan Width": 8, "Actual Rows": 10866, "Actual Loops": 7, "Inner Unique": true, "Workers": [], "Plans": [{"Node Type": "Hash Join", "Parent Relationship": "Outer", "Parallel Aware": true, "Async Capable": false, "Join Type": "Inner", "Startup Cost": 1963.81, "Total Cost": 580014.65, "Plan Rows": 23985, "Plan Width": 12, "Actual Rows": 786689, "Actual Loops": 7, "Inner Unique": true, "Hash Cond": "(store_sales.ss_sold_date_sk = date_dim.d_date_sk)", "Workers": [], "Plans": [{"Node Type": "Seq Scan", "Parent Relationship": "Outer", "Parallel Aware": true, "Async Capable": false, "Relation Name": "store_sales", "Alias": "store_sales", "Startup Cost": 0.0, "Total Cost": 565449.69, "Plan Rows": 4800169, "Plan Width": 16, "Actual Rows": 4114427, "Actual Loops": 7, "Workers": []}, {"Node Type": "Hash", "Parent Relationship": "Inner", "Parallel Aware": true, "Async Capable": false, "Startup Cost": 1961.12, "Total Cost": 1961.12, "Plan Rows": 215, "Plan Width": 4, "Actual Rows": 52, "Actual Loops": 7, "Hash Buckets": 1024, "Original Hash Buckets": 1024, "Hash Batches": 1, "Original Hash Batches": 1, "Peak Memory Usage": 200, "Workers": [], "Plans": [{"Node Type": "Seq Scan", "Parent Relationship": "Outer", "Parallel Aware": true, "Async Capable": false, "Relation Name": "date_dim", "Alias": "date_dim", "Startup Cost": 0.0, "Total Cost": 1961.12, "Plan Rows": 215, "Plan Width": 4, "Actual Rows": 52, "Actual Loops": 7, "Filter": "(d_year = 1999)", "Rows Removed by Filter": 10383, "Workers": []}]}]}, {"Node Type": "Index Scan", "Parent Relationship": "Inner", "Parallel Aware": false, "Async Capable": false, "Scan Direction": "Forward", "Index Name": "customer_demographics_pkey", "Relation Name": "customer_demographics", "Alias": "customer_demographics", "Startup Cost": 0.43, "Total Cost": 0.46, "Plan Rows": 1, "Plan Width": 4, "Actual Rows": 0, "Actual Loops": 5506824, "Index Cond": "(cd_demo_sk = store_sales.ss_cdemo_sk)", "Rows Removed by Index Recheck": 0, "Filter": "((cd_gender = 'M'::bpchar) AND (cd_marital_status = 'M'::bpchar) AND (cd_education_status = 'College'::bpchar))", "Rows Removed by Filter": 1, "Workers": []}]}, {"Node Type": "Index Only Scan", "Parent Relationship": "Inner", "Parallel Aware": false, "Async Capable": false, "Scan Direction": "Forward", "Index Name": "item_pkey", "Relation Name": "item", "Alias": "item", "Startup Cost": 0.29, "Total Cost": 0.31, "Plan Rows": 1, "Plan Width": 4, "Actual Rows": 1, "Actual Loops": 76059, "Index Cond": "(i_item_sk = store_sales.ss_item_sk)", "Rows Removed by Index Recheck": 0, "Heap Fetches": 0, "Workers": []}]}, {"Node Type": "Hash", "Parent Relationship": "Inner", "Parallel Aware": false, "Async Capable": false, "Startup Cost": 20.5, "Total Cost": 20.5, "Plan Rows": 500, "Plan Width": 4, "Actual Rows": 498, "Actual Loops": 7, "Hash Buckets": 1024, "Original Hash Buckets": 1024, "Hash Batches": 1, "Original Hash Batches": 1, "Peak Memory Usage": 26, "Workers": [], "Plans": [{"Node Type": "Seq Scan", "Parent Relationship": "Outer", "Parallel Aware": false, "Async Capable": false, "Relation Name": "promotion", "Alias": "promotion", "Startup Cost": 0.0, "Total Cost": 20.5, "Plan Rows": 500, "Plan Width": 4, "Actual Rows": 498, "Actual Loops": 7, "Filter": "((p_channel_email = 'N'::bpchar) OR (p_channel_event = 'N'::bpchar))", "Rows Removed by Filter": 2, "Workers": []}]}]}]}]}]}, "Planning Time": 2.97, "Triggers": [], "Execution Time": 3814.632}, {"Plan": {"Node Type": "Aggregate", "Strategy": "Plain", "Partial Mode": "Finalize", "Parallel Aware": false, "Async Capable": false, "Startup Cost": 592094.02, "Total Cost": 592094.03, "Plan Rows": 1, "Plan Width": 8, "Actual Rows": 1, "Actual Loops": 1, "Plans": [{"Node Type": "Gather", "Parent Relationship": "Outer", "Parallel Aware": false, "Async Capable": false, "Startup Cost": 592093.39, "Total Cost": 592094.0, "Plan Rows": 6, "Plan Width": 8, "Actual Rows": 7, "Actual Loops": 1, "Workers Planned": 6, "Workers Launched": 6, "Single Copy": false, "Plans": [{"Node Type": "Aggregate", "Strategy": "Plain", "Partial Mode": "Partial", "Parent Relationship": "Outer", "Parallel Aware": false, "Async Capable": false, "Startup Cost": 591093.39, "Total Cost": 591093.4, "Plan Rows": 1, "Plan Width": 8, "Actual Rows": 1, "Actual Loops": 7, "Workers": [], "Plans": [{"Node Type": "Hash Join", "Parent Relationship": "Outer", "Parallel Aware": false, "Async Capable": false, "Join Type": "Inner", "Startup Cost": 1991.28, "Total Cost": 591092.53, "Plan Rows": 344, "Plan Width": 0, "Actual Rows": 10686, "Actual Loops": 7, "Inner Unique": true, "Hash Cond": "(store_sales.ss_promo_sk = promotion.p_promo_sk)", "Workers": [], "Plans": [{"Node Type": "Nested Loop", "Parent Relationship": "Outer", "Parallel Aware": false, "Async Capable": false, "Join Type": "Inner", "Startup Cost": 1964.53, "Total Cost": 591064.87, "Plan Rows": 344, "Plan Width": 4, "Actual Rows": 10866, "Actual Loops": 7, "Inner Unique": true, "Workers": [], "Plans": [{"Node Type": "Nested Loop", "Parent Relationship": "Outer", "Parallel Aware": false, "Async Capable": false, "Join Type": "Inner", "Startup Cost": 1964.24, "Total Cost": 590958.21, "Plan Rows": 344, "Plan Width": 8, "Actual Rows": 10866, "Actual Loops": 7, "Inner Unique": true, "Workers": [], "Plans": [{"Node Type": "Hash Join", "Parent Relationship": "Outer", "Parallel Aware": true, "Async Capable": false, "Join Type": "Inner", "Startup Cost": 1963.81, "Total Cost": 580014.65, "Plan Rows": 23985, "Plan Width": 12, "Actual Rows": 786689, "Actual Loops": 7, "Inner Unique": true, "Hash Cond": "(store_sales.ss_sold_date_sk = date_dim.d_date_sk)", "Workers": [], "Plans": [{"Node Type": "Seq Scan", "Parent Relationship": "Outer", "Parallel Aware": true, "Async Capable": false, "Relation Name": "store_sales", "Alias": "store_sales", "Startup Cost": 0.0, "Total Cost": 565449.69, "Plan Rows": 4800169, "Plan Width": 16, "Actual Rows": 4114427, "Actual Loops": 7, "Workers": []}, {"Node Type": "Hash", "Parent Relationship": "Inner", "Parallel Aware": true, "Async Capable": false, "Startup Cost": 1961.12, "Total Cost": 1961.12, "Plan Rows": 215, "Plan Width": 4, "Actual Rows": 52, "Actual Loops": 7, "Hash Buckets": 1024, "Original Hash Buckets": 1024, "Hash Batches": 1, "Original Hash Batches": 1, "Peak Memory Usage": 232, "Workers": [], "Plans": [{"Node Type": "Seq Scan", "Parent Relationship": "Outer", "Parallel Aware": true, "Async Capable": false, "Relation Name": "date_dim", "Alias": "date_dim", "Startup Cost": 0.0, "Total Cost": 1961.12, "Plan Rows": 215, "Plan Width": 4, "Actual Rows": 52, "Actual Loops": 7, "Filter": "(d_year = 1999)", "Rows Removed by Filter": 10383, "Workers": []}]}]}, {"Node Type": "Index Scan", "Parent Relationship": "Inner", "Parallel Aware": false, "Async Capable": false, "Scan Direction": "Forward", "Index Name": "customer_demographics_pkey", "Relation Name": "customer_demographics", "Alias": "customer_demographics", "Startup Cost": 0.43, "Total Cost": 0.46, "Plan Rows": 1, "Plan Width": 4, "Actual Rows": 0, "Actual Loops": 5506824, "Index Cond": "(cd_demo_sk = store_sales.ss_cdemo_sk)", "Rows Removed by Index Recheck": 0, "Filter": "((cd_gender = 'M'::bpchar) AND (cd_marital_status = 'M'::bpchar) AND (cd_education_status = 'College'::bpchar))", "Rows Removed by Filter": 1, "Workers": []}]}, {"Node Type": "Index Only Scan", "Parent Relationship": "Inner", "Parallel Aware": false, "Async Capable": false, "Scan Direction": "Forward", "Index Name": "item_pkey", "Relation Name": "item", "Alias": "item", "Startup Cost": 0.29, "Total Cost": 0.31, "Plan Rows": 1, "Plan Width": 4, "Actual Rows": 1, "Actual Loops": 76059, "Index Cond": "(i_item_sk = store_sales.ss_item_sk)", "Rows Removed by Index Recheck": 0, "Heap Fetches": 0, "Workers": []}]}, {"Node Type": "Hash", "Parent Relationship": "Inner", "Parallel Aware": false, "Async Capable": false, "Startup Cost": 20.5, "Total Cost": 20.5, "Plan Rows": 500, "Plan Width": 4, "Actual Rows": 498, "Actual Loops": 7, "Hash Buckets": 1024, "Original Hash Buckets": 1024, "Hash Batches": 1, "Original Hash Batches": 1, "Peak Memory Usage": 26, "Workers": [], "Plans": [{"Node Type": "Seq Scan", "Parent Relationship": "Outer", "Parallel Aware": false, "Async Capable": false, "Relation Name": "promotion", "Alias": "promotion", "Startup Cost": 0.0, "Total Cost": 20.5, "Plan Rows": 500, "Plan Width": 4, "Actual Rows": 498, "Actual Loops": 7, "Filter": "((p_channel_email = 'N'::bpchar) OR (p_channel_event = 'N'::bpchar))", "Rows Removed by Filter": 2, "Workers": []}]}]}]}]}]}, "Planning Time": 2.893, "Triggers": [], "Execution Time": 3811.197}, {"Plan": {"Node Type": "Aggregate", "Strategy": "Plain", "Partial Mode": "Finalize", "Parallel Aware": false, "Async Capable": false, "Startup Cost": 617026.24, "Total Cost": 617026.25, "Plan Rows": 1, "Plan Width": 8, "Actual Rows": 1, "Actual Loops": 1, "Plans": [{"Node Type": "Gather", "Parent Relationship": "Outer", "Parallel Aware": false, "Async Capable": false, "Startup Cost": 617025.61, "Total Cost": 617026.22, "Plan Rows": 6, "Plan Width": 8, "Actual Rows": 7, "Actual Loops": 1, "Workers Planned": 6, "Workers Launched": 6, "Single Copy": false, "Plans": [{"Node Type": "Aggregate", "Strategy": "Plain", "Partial Mode": "Partial", "Parent Relationship": "Outer", "Parallel Aware": false, "Async Capable": false, "Startup Cost": 616025.61, "Total Cost": 616025.62, "Plan Rows": 1, "Plan Width": 8, "Actual Rows": 1, "Actual Loops": 7, "Workers": [], "Plans": [{"Node Type": "Hash Join", "Parent Relationship": "Outer", "Parallel Aware": true, "Async Capable": false, "Join Type": "Inner", "Startup Cost": 37431.43, "Total Cost": 616024.75, "Plan Rows": 344, "Plan Width": 0, "Actual Rows": 10686, "Actual Loops": 7, "Inner Unique": true, "Hash Cond": "(store_sales.ss_sold_date_sk = date_dim.d_date_sk)", "Workers": [], "Plans": [{"Node Type": "Hash Join", "Parent Relationship": "Outer", "Parallel Aware": false, "Async Capable": false, "Join Type": "Inner", "Startup Cost": 35467.62, "Total Cost": 613880.37, "Plan Rows": 68786, "Plan Width": 4, "Actual Rows": 54656, "Actual Loops": 7, "Inner Unique": true, "Hash Cond": "(store_sales.ss_promo_sk = promotion.p_promo_sk)", "Workers": [], "Plans": [{"Node Type": "Hash Join", "Parent Relationship": "Outer", "Parallel Aware": true, "Async Capable": false, "Join Type": "Inner", "Startup Cost": 35440.87, "Total Cost": 613671.6, "Plan Rows": 68786, "Plan Width": 8, "Actual Rows": 56204, "Actual Loops": 7, "Inner Unique": true, "Hash Cond": "(store_sales.ss_item_sk = item.i_item_sk)", "Workers": [], "Plans": [{"Node Type": "Hash Join", "Parent Relationship": "Outer", "Parallel Aware": true, "Async Capable": false, "Join Type": "Inner", "Startup Cost": 32810.21, "Total Cost": 610860.37, "Plan Rows": 68786, "Plan Width": 12, "Actual Rows": 56204, "Actual Loops": 7, "Inner Unique": true, "Hash Cond": "(store_sales.ss_cdemo_sk = customer_demographics.cd_demo_sk)", "Workers": [], "Plans": [{"Node Type": "Seq Scan", "Parent Relationship": "Outer", "Parallel Aware": true, "Async Capable": false, "Relation Name": "store_sales", "Alias": "store_sales", "Startup Cost": 0.0, "Total Cost": 565449.69, "Plan Rows": 4800169, "Plan Width": 16, "Actual Rows": 4114427, "Actual Loops": 7, "Workers": []}, {"Node Type": "Hash", "Parent Relationship": "Inner", "Parallel Aware": true, "Async Capable": false, "Startup Cost": 32699.23, "Total Cost": 32699.23, "Plan Rows": 8879, "Plan Width": 4, "Actual Rows": 3920, "Actual Loops": 7, "Hash Buckets": 32768, "Original Hash Buckets": 32768, "Hash Batches": 1, "Original Hash Batches": 1, "Peak Memory Usage": 1408, "Workers": [], "Plans": [{"Node Type": "Seq Scan", "Parent Relationship": "Outer", "Parallel Aware": true, "Async Capable": false, "Relation Name": "customer_demographics", "Alias": "customer_demographics", "Startup Cost": 0.0, "Total Cost": 32699.23, "Plan Rows": 8879, "Plan Width": 4, "Actual Rows": 3920, "Actual Loops": 7, "Filter": "((cd_gender = 'M'::bpchar) AND (cd_marital_status = 'M'::bpchar) AND (cd_education_status = 'College'::bpchar))", "Rows Removed by Filter": 270480, "Workers": []}]}]}, {"Node Type": "Hash", "Parent Relationship": "Inner", "Parallel Aware": true, "Async Capable": false, "Startup Cost": 2099.4, "Total Cost": 2099.4, "Plan Rows": 42500, "Plan Width": 4, "Actual Rows": 14571, "Actual Loops": 7, "Hash Buckets": 131072, "Original Hash Buckets": 131072, "Hash Batches": 1, "Original Hash Batches": 1, "Peak Memory Usage": 5152, "Workers": [], "Plans": [{"Node Type": "Index Only Scan", "Parent Relationship": "Outer", "Parallel Aware": true, "Async Capable": false, "Scan Direction": "Forward", "Index Name": "item_pkey", "Relation Name": "item", "Alias": "item", "Startup Cost": 0.29, "Total Cost": 2099.4, "Plan Rows": 42500, "Plan Width": 4, "Actual Rows": 14571, "Actual Loops": 7, "Heap Fetches": 0, "Workers": []}]}]}, {"Node Type": "Hash", "Parent Relationship": "Inner", "Parallel Aware": false, "Async Capable": false, "Startup Cost": 20.5, "Total Cost": 20.5, "Plan Rows": 500, "Plan Width": 4, "Actual Rows": 498, "Actual Loops": 7, "Hash Buckets": 1024, "Original Hash Buckets": 1024, "Hash Batches": 1, "Original Hash Batches": 1, "Peak Memory Usage": 26, "Workers": [], "Plans": [{"Node Type": "Seq Scan", "Parent Relationship": "Outer", "Parallel Aware": false, "Async Capable": false, "Relation Name": "promotion", "Alias": "promotion", "Startup Cost": 0.0, "Total Cost": 20.5, "Plan Rows": 500, "Plan Width": 4, "Actual Rows": 498, "Actual Loops": 7, "Filter": "((p_channel_email = 'N'::bpchar) OR (p_channel_event = 'N'::bpchar))", "Rows Removed by Filter": 2, "Workers": []}]}]}, {"Node Type": "Hash", "Parent Relationship": "Inner", "Parallel Aware": true, "Async Capable": false, "Startup Cost": 1961.12, "Total Cost": 1961.12, "Plan Rows": 215, "Plan Width": 4, "Actual Rows": 52, "Actual Loops": 7, "Hash Buckets": 1024, "Original Hash Buckets": 1024, "Hash Batches": 1, "Original Hash Batches": 1, "Peak Memory Usage": 104, "Workers": [], "Plans": [{"Node Type": "Seq Scan", "Parent Relationship": "Outer", "Parallel Aware": true, "Async Capable": false, "Relation Name": "date_dim", "Alias": "date_dim", "Startup Cost": 0.0, "Total Cost": 1961.12, "Plan Rows": 215, "Plan Width": 4, "Actual Rows": 52, "Actual Loops": 7, "Filter": "(d_year = 1999)", "Rows Removed by Filter": 10383, "Workers": []}]}]}]}]}]}, "Planning Time": 2.875, "Triggers": [], "Execution Time": 1311.961}, {"Plan": {"Node Type": "Aggregate", "Strategy": "Plain", "Partial Mode": "Finalize", "Parallel Aware": false, "Async Capable": false, "Startup Cost": 617735.42, "Total Cost": 617735.43, "Plan Rows": 1, "Plan Width": 8, "Actual Rows": 1, "Actual Loops": 1, "Plans": [{"Node Type": "Gather", "Parent Relationship": "Outer", "Parallel Aware": false, "Async Capable": false, "Startup Cost": 617735.3, "Total Cost": 617735.41, "Plan Rows": 1, "Plan Width": 8, "Actual Rows": 2, "Actual Loops": 1, "Workers Planned": 1, "Workers Launched": 1, "Single Copy": false, "Plans": [{"Node Type": "Aggregate", "Strategy": "Plain", "Partial Mode": "Partial", "Parent Relationship": "Outer", "Parallel Aware": false, "Async Capable": false, "Startup Cost": 616735.3, "Total Cost": 616735.31, "Plan Rows": 1, "Plan Width": 8, "Actual Rows": 1, "Actual Loops": 2, "Workers": [], "Plans": [{"Node Type": "Hash Join", "Parent Relationship": "Outer", "Parallel Aware": true, "Async Capable": false, "Join Type": "Inner", "Startup Cost": 614740.19, "Total Cost": 616732.27, "Plan Rows": 1213, "Plan Width": 0, "Actual Rows": 37401, "Actual Loops": 2, "Inner Unique": false, "Hash Cond": "(date_dim.d_date_sk = store_sales.ss_sold_date_sk)", "Workers": [], "Plans": [{"Node Type": "Seq Scan", "Parent Relationship": "Outer", "Parallel Aware": true, "Async Capable": false, "Relation Name": "date_dim", "Alias": "date_dim", "Startup Cost": 0.0, "Total Cost": 1961.12, "Plan Rows": 215, "Plan Width": 4, "Actual Rows": 182, "Actual Loops": 2, "Filter": "(d_year = 1999)", "Rows Removed by Filter": 36342, "Workers": []}, {"Node Type": "Hash", "Parent Relationship": "Inner", "Parallel Aware": true, "Async Capable": false, "Startup Cost": 613880.37, "Total Cost": 613880.37, "Plan Rows": 68786, "Plan Width": 4, "Actual Rows": 191296, "Actual Loops": 2, "Hash Buckets": 524288, "Original Hash Buckets": 524288, "Hash Batches": 1, "Original Hash Batches": 1, "Peak Memory Usage": 18912, "Workers": [], "Plans": [{"Node Type": "Hash Join", "Parent Relationship": "Outer", "Parallel Aware": false, "Async Capable": false, "Join Type": "Inner", "Startup Cost": 35467.62, "Total Cost": 613880.37, "Plan Rows": 68786, "Plan Width": 4, "Actual Rows": 191296, "Actual Loops": 2, "Inner Unique": true, "Hash Cond": "(store_sales.ss_promo_sk = promotion.p_promo_sk)", "Workers": [], "Plans": [{"Node Type": "Hash Join", "Parent Relationship": "Outer", "Parallel Aware": true, "Async Capable": false, "Join Type": "Inner", "Startup Cost": 35440.87, "Total Cost": 613671.6, "Plan Rows": 68786, "Plan Width": 8, "Actual Rows": 196714, "Actual Loops": 2, "Inner Unique": true, "Hash Cond": "(store_sales.ss_item_sk = item.i_item_sk)", "Workers": [], "Plans": [{"Node Type": "Hash Join", "Parent Relationship": "Outer", "Parallel Aware": true, "Async Capable": false, "Join Type": "Inner", "Startup Cost": 32810.21, "Total Cost": 610860.37, "Plan Rows": 68786, "Plan Width": 12, "Actual Rows": 196714, "Actual Loops": 2, "Inner Unique": true, "Hash Cond": "(store_sales.ss_cdemo_sk = customer_demographics.cd_demo_sk)", "Workers": [], "Plans": [{"Node Type": "Seq Scan", "Parent Relationship": "Outer", "Parallel Aware": true, "Async Capable": false, "Relation Name": "store_sales", "Alias": "store_sales", "Startup Cost": 0.0, "Total Cost": 565449.69, "Plan Rows": 4800169, "Plan Width": 16, "Actual Rows": 14400496, "Actual Loops": 2, "Workers": []}, {"Node Type": "Hash", "Parent Relationship": "Inner", "Parallel Aware": true, "Async Capable": false, "Startup Cost": 32699.23, "Total Cost": 32699.23, "Plan Rows": 8879, "Plan Width": 4, "Actual Rows": 13720, "Actual Loops": 2, "Hash Buckets": 32768, "Original Hash Buckets": 32768, "Hash Batches": 1, "Original Hash Batches": 1, "Peak Memory Usage": 1344, "Workers": [], "Plans": [{"Node Type": "Seq Scan", "Parent Relationship": "Outer", "Parallel Aware": true, "Async Capable": false, "Relation Name": "customer_demographics", "Alias": "customer_demographics", "Startup Cost": 0.0, "Total Cost": 32699.23, "Plan Rows": 8879, "Plan Width": 4, "Actual Rows": 13720, "Actual Loops": 2, "Filter": "((cd_gender = 'M'::bpchar) AND (cd_marital_status = 'M'::bpchar) AND (cd_education_status = 'College'::bpchar))", "Rows Removed by Filter": 946680, "Workers": []}]}]}, {"Node Type": "Hash", "Parent Relationship": "Inner", "Parallel Aware": true, "Async Capable": false, "Startup Cost": 2099.4, "Total Cost": 2099.4, "Plan Rows": 42500, "Plan Width": 4, "Actual Rows": 51000, "Actual Loops": 2, "Hash Buckets": 131072, "Original Hash Buckets": 131072, "Hash Batches": 1, "Original Hash Batches": 1, "Peak Memory Usage": 5056, "Workers": [], "Plans": [{"Node Type": "Index Only Scan", "Parent Relationship": "Outer", "Parallel Aware": true, "Async Capable": false, "Scan Direction": "Forward", "Index Name": "item_pkey", "Relation Name": "item", "Alias": "item", "Startup Cost": 0.29, "Total Cost": 2099.4, "Plan Rows": 42500, "Plan Width": 4, "Actual Rows": 51000, "Actual Loops": 2, "Heap Fetches": 0, "Workers": []}]}]}, {"Node Type": "Hash", "Parent Relationship": "Inner", "Parallel Aware": false, "Async Capable": false, "Startup Cost": 20.5, "Total Cost": 20.5, "Plan Rows": 500, "Plan Width": 4, "Actual Rows": 498, "Actual Loops": 2, "Hash Buckets": 1024, "Original Hash Buckets": 1024, "Hash Batches": 1, "Original Hash Batches": 1, "Peak Memory Usage": 26, "Workers": [], "Plans": [{"Node Type": "Seq Scan", "Parent Relationship": "Outer", "Parallel Aware": false, "Async Capable": false, "Relation Name": "promotion", "Alias": "promotion", "Startup Cost": 0.0, "Total Cost": 20.5, "Plan Rows": 500, "Plan Width": 4, "Actual Rows": 498, "Actual Loops": 2, "Filter": "((p_channel_email = 'N'::bpchar) OR (p_channel_event = 'N'::bpchar))", "Rows Removed by Filter": 2, "Workers": []}]}]}]}]}]}]}]}, "Planning Time": 2.957, "Triggers": [], "Execution Time": 8639.011}, {"Plan": {"Node Type": "Aggregate", "Strategy": "Plain", "Partial Mode": "Finalize", "Parallel Aware": false, "Async Capable": false, "Startup Cost": 594252.75, "Total Cost": 594252.76, "Plan Rows": 1, "Plan Width": 8, "Actual Rows": 1, "Actual Loops": 1, "Plans": [{"Node Type": "Gather", "Parent Relationship": "Outer", "Parallel Aware": false, "Async Capable": false, "Startup Cost": 594252.53, "Total Cost": 594252.74, "Plan Rows": 2, "Plan Width": 8, "Actual Rows": 3, "Actual Loops": 1, "Workers Planned": 2, "Workers Launched": 2, "Single Copy": false, "Plans": [{"Node Type": "Aggregate", "Strategy": "Plain", "Partial Mode": "Partial", "Parent Relationship": "Outer", "Parallel Aware": false, "Async Capable": false, "Startup Cost": 593252.53, "Total Cost": 593252.54, "Plan Rows": 1, "Plan Width": 8, "Actual Rows": 1, "Actual Loops": 3, "Workers": [], "Plans": [{"Node Type": "Hash Join", "Parent Relationship": "Outer", "Parallel Aware": true, "Async Capable": false, "Join Type": "Inner", "Startup Cost": 590990.47, "Total Cost": 593250.38, "Plan Rows": 859, "Plan Width": 0, "Actual Rows": 24934, "Actual Loops": 3, "Inner Unique": false, "Hash Cond": "(item.i_item_sk = store_sales.ss_item_sk)", "Workers": [], "Plans": [{"Node Type": "Index Only Scan", "Parent Relationship": "Outer", "Parallel Aware": true, "Async Capable": false, "Scan Direction": "Forward", "Index Name": "item_pkey", "Relation Name": "item", "Alias": "item", "Startup Cost": 0.29, "Total Cost": 2099.4, "Plan Rows": 42500, "Plan Width": 4, "Actual Rows": 34000, "Actual Loops": 3, "Heap Fetches": 0, "Workers": []}, {"Node Type": "Hash", "Parent Relationship": "Inner", "Parallel Aware": true, "Async Capable": false, "Startup Cost": 590985.88, "Total Cost": 590985.88, "Plan Rows": 344, "Plan Width": 4, "Actual Rows": 24934, "Actual Loops": 3, "Hash Buckets": 131072, "Original Hash Buckets": 4096, "Hash Batches": 1, "Original Hash Batches": 1, "Peak Memory Usage": 4992, "Workers": [], "Plans": [{"Node Type": "Hash Join", "Parent Relationship": "Outer", "Parallel Aware": false, "Async Capable": false, "Join Type": "Inner", "Startup Cost": 1990.99, "Total Cost": 590985.88, "Plan Rows": 344, "Plan Width": 4, "Actual Rows": 24934, "Actual Loops": 3, "Inner Unique": true, "Hash Cond": "(store_sales.ss_promo_sk = promotion.p_promo_sk)", "Workers": [], "Plans": [{"Node Type": "Nested Loop", "Parent Relationship": "Outer", "Parallel Aware": false, "Async Capable": false, "Join Type": "Inner", "Startup Cost": 1964.24, "Total Cost": 590958.21, "Plan Rows": 344, "Plan Width": 8, "Actual Rows": 25353, "Actual Loops": 3, "Inner Unique": true, "Workers": [], "Plans": [{"Node Type": "Hash Join", "Parent Relationship": "Outer", "Parallel Aware": true, "Async Capable": false, "Join Type": "Inner", "Startup Cost": 1963.81, "Total Cost": 580014.65, "Plan Rows": 23985, "Plan Width": 12, "Actual Rows": 1835608, "Actual Loops": 3, "Inner Unique": true, "Hash Cond": "(store_sales.ss_sold_date_sk = date_dim.d_date_sk)", "Workers": [], "Plans": [{"Node Type": "Seq Scan", "Parent Relationship": "Outer", "Parallel Aware": true, "Async Capable": false, "Relation Name": "store_sales", "Alias": "store_sales", "Startup Cost": 0.0, "Total Cost": 565449.69, "Plan Rows": 4800169, "Plan Width": 16, "Actual Rows": 9600330, "Actual Loops": 3, "Workers": []}, {"Node Type": "Hash", "Parent Relationship": "Inner", "Parallel Aware": true, "Async Capable": false, "Startup Cost": 1961.12, "Total Cost": 1961.12, "Plan Rows": 215, "Plan Width": 4, "Actual Rows": 122, "Actual Loops": 3, "Hash Buckets": 1024, "Original Hash Buckets": 1024, "Hash Batches": 1, "Original Hash Batches": 1, "Peak Memory Usage": 40, "Workers": [], "Plans": [{"Node Type": "Seq Scan", "Parent Relationship": "Outer", "Parallel Aware": true, "Async Capable": false, "Relation Name": "date_dim", "Alias": "date_dim", "Startup Cost": 0.0, "Total Cost": 1961.12, "Plan Rows": 215, "Plan Width": 4, "Actual Rows": 122, "Actual Loops": 3, "Filter": "(d_year = 1999)", "Rows Removed by Filter": 24228, "Workers": []}]}]}, {"Node Type": "Index Scan", "Parent Relationship": "Inner", "Parallel Aware": false, "Async Capable": false, "Scan Direction": "Forward", "Index Name": "customer_demographics_pkey", "Relation Name": "customer_demographics", "Alias": "customer_demographics", "Startup Cost": 0.43, "Total Cost": 0.46, "Plan Rows": 1, "Plan Width": 4, "Actual Rows": 0, "Actual Loops": 5506824, "Index Cond": "(cd_demo_sk = store_sales.ss_cdemo_sk)", "Rows Removed by Index Recheck": 0, "Filter": "((cd_gender = 'M'::bpchar) AND (cd_marital_status = 'M'::bpchar) AND (cd_education_status = 'College'::bpchar))", "Rows Removed by Filter": 1, "Workers": []}]}, {"Node Type": "Hash", "Parent Relationship": "Inner", "Parallel Aware": false, "Async Capable": false, "Startup Cost": 20.5, "Total Cost": 20.5, "Plan Rows": 500, "Plan Width": 4, "Actual Rows": 498, "Actual Loops": 3, "Hash Buckets": 1024, "Original Hash Buckets": 1024, "Hash Batches": 1, "Original Hash Batches": 1, "Peak Memory Usage": 26, "Workers": [], "Plans": [{"Node Type": "Seq Scan", "Parent Relationship": "Outer", "Parallel Aware": false, "Async Capable": false, "Relation Name": "promotion", "Alias": "promotion", "Startup Cost": 0.0, "Total Cost": 20.5, "Plan Rows": 500, "Plan Width": 4, "Actual Rows": 498, "Actual Loops": 3, "Filter": "((p_channel_email = 'N'::bpchar) OR (p_channel_event = 'N'::bpchar))", "Rows Removed by Filter": 2, "Workers": []}]}]}]}]}]}]}]}, "Planning Time": 2.85, "Triggers": [], "Execution Time": 10060.847}, {"Plan": {"Node Type": "Aggregate", "Strategy": "Plain", "Partial Mode": "Finalize", "Parallel Aware": false, "Async Capable": false, "Startup Cost": 594743.53, "Total Cost": 594743.54, "Plan Rows": 1, "Plan Width": 8, "Actual Rows": 1, "Actual Loops": 1, "Plans": [{"Node Type": "Gather", "Parent Relationship": "Outer", "Parallel Aware": false, "Async Capable": false, "Startup Cost": 594742.91, "Total Cost": 594743.52, "Plan Rows": 6, "Plan Width": 8, "Actual Rows": 7, "Actual Loops": 1, "Workers Planned": 6, "Workers Launched": 6, "Single Copy": false, "Plans": [{"Node Type": "Aggregate", "Strategy": "Plain", "Partial Mode": "Partial", "Parent Relationship": "Outer", "Parallel Aware": false, "Async Capable": false, "Startup Cost": 593742.91, "Total Cost": 593742.92, "Plan Rows": 1, "Plan Width": 8, "Actual Rows": 1, "Actual Loops": 7, "Workers": [], "Plans": [{"Node Type": "Nested Loop", "Parent Relationship": "Outer", "Parallel Aware": false, "Async Capable": false, "Join Type": "Inner", "Startup Cost": 4621.64, "Total Cost": 593742.05, "Plan Rows": 344, "Plan Width": 0, "Actual Rows": 10686, "Actual Loops": 7, "Inner Unique": true, "Workers": [], "Plans": [{"Node Type": "Hash Join", "Parent Relationship": "Outer", "Parallel Aware": false, "Async Capable": false, "Join Type": "Inner", "Startup Cost": 4621.21, "Total Cost": 582798.48, "Plan Rows": 23985, "Plan Width": 4, "Actual Rows": 765078, "Actual Loops": 7, "Inner Unique": true, "Hash Cond": "(store_sales.ss_promo_sk = promotion.p_promo_sk)", "Workers": [], "Plans": [{"Node Type": "Hash Join", "Parent Relationship": "Outer", "Parallel Aware": true, "Async Capable": false, "Join Type": "Inner", "Startup Cost": 4594.46, "Total Cost": 582708.26, "Plan Rows": 23985, "Plan Width": 8, "Actual Rows": 786689, "Actual Loops": 7, "Inner Unique": true, "Hash Cond": "(store_sales.ss_item_sk = item.i_item_sk)", "Workers": [], "Plans": [{"Node Type": "Hash Join", "Parent Relationship": "Outer", "Parallel Aware": true, "Async Capable": false, "Join Type": "Inner", "Startup Cost": 1963.81, "Total Cost": 580014.65, "Plan Rows": 23985, "Plan Width": 12, "Actual Rows": 786689, "Actual Loops": 7, "Inner Unique": true, "Hash Cond": "(store_sales.ss_sold_date_sk = date_dim.d_date_sk)", "Workers": [], "Plans": [{"Node Type": "Seq Scan", "Parent Relationship": "Outer", "Parallel Aware": true, "Async Capable": false, "Relation Name": "store_sales", "Alias": "store_sales", "Startup Cost": 0.0, "Total Cost": 565449.69, "Plan Rows": 4800169, "Plan Width": 16, "Actual Rows": 4114427, "Actual Loops": 7, "Workers": []}, {"Node Type": "Hash", "Parent Relationship": "Inner", "Parallel Aware": true, "Async Capable": false, "Startup Cost": 1961.12, "Total Cost": 1961.12, "Plan Rows": 215, "Plan Width": 4, "Actual Rows": 52, "Actual Loops": 7, "Hash Buckets": 1024, "Original Hash Buckets": 1024, "Hash Batches": 1, "Original Hash Batches": 1, "Peak Memory Usage": 232, "Workers": [], "Plans": [{"Node Type": "Seq Scan", "Parent Relationship": "Outer", "Parallel Aware": true, "Async Capable": false, "Relation Name": "date_dim", "Alias": "date_dim", "Startup Cost": 0.0, "Total Cost": 1961.12, "Plan Rows": 215, "Plan Width": 4, "Actual Rows": 52, "Actual Loops": 7, "Filter": "(d_year = 1999)", "Rows Removed by Filter": 10383, "Workers": []}]}]}, {"Node Type": "Hash", "Parent Relationship": "Inner", "Parallel Aware": true, "Async Capable": false, "Startup Cost": 2099.4, "Total Cost": 2099.4, "Plan Rows": 42500, "Plan Width": 4, "Actual Rows": 14571, "Actual Loops": 7, "Hash Buckets": 131072, "Original Hash Buckets": 131072, "Hash Batches": 1, "Original Hash Batches": 1, "Peak Memory Usage": 5184, "Workers": [], "Plans": [{"Node Type": "Index Only Scan", "Parent Relationship": "Outer", "Parallel Aware": true, "Async Capable": false, "Scan Direction": "Forward", "Index Name": "item_pkey", "Relation Name": "item", "Alias": "item", "Startup Cost": 0.29, "Total Cost": 2099.4, "Plan Rows": 42500, "Plan Width": 4, "Actual Rows": 14571, "Actual Loops": 7, "Heap Fetches": 0, "Workers": []}]}]}, {"Node Type": "Hash", "Parent Relationship": "Inner", "Parallel Aware": false, "Async Capable": false, "Startup Cost": 20.5, "Total Cost": 20.5, "Plan Rows": 500, "Plan Width": 4, "Actual Rows": 498, "Actual Loops": 7, "Hash Buckets": 1024, "Original Hash Buckets": 1024, "Hash Batches": 1, "Original Hash Batches": 1, "Peak Memory Usage": 26, "Workers": [], "Plans": [{"Node Type": "Seq Scan", "Parent Relationship": "Outer", "Parallel Aware": false, "Async Capable": false, "Relation Name": "promotion", "Alias": "promotion", "Startup Cost": 0.0, "Total Cost": 20.5, "Plan Rows": 500, "Plan Width": 4, "Actual Rows": 498, "Actual Loops": 7, "Filter": "((p_channel_email = 'N'::bpchar) OR (p_channel_event = 'N'::bpchar))", "Rows Removed by Filter": 2, "Workers": []}]}]}, {"Node Type": "Index Scan", "Parent Relationship": "Inner", "Parallel Aware": false, "Async Capable": false, "Scan Direction": "Forward", "Index Name": "customer_demographics_pkey", "Relation Name": "customer_demographics", "Alias": "customer_demographics", "Startup Cost": 0.43, "Total Cost": 0.46, "Plan Rows": 1, "Plan Width": 4, "Actual Rows": 0, "Actual Loops": 5355546, "Index Cond": "(cd_demo_sk = store_sales.ss_cdemo_sk)", "Rows Removed by Index Recheck": 0, "Filter": "((cd_gender = 'M'::bpchar) AND (cd_marital_status = 'M'::bpchar) AND (cd_education_status = 'College'::bpchar))", "Rows Removed by Filter": 1, "Workers": []}]}]}]}]}, "Planning Time": 3.325, "Triggers": [], "Execution Time": 4410.378}, {"Plan": {"Node Type": "Aggregate", "Strategy": "Plain", "Partial Mode": "Finalize", "Parallel Aware": false, "Async Capable": false, "Startup Cost": 616833.86, "Total Cost": 616833.87, "Plan Rows": 1, "Plan Width": 8, "Actual Rows": 1, "Actual Loops": 1, "Plans": [{"Node Type": "Gather", "Parent Relationship": "Outer", "Parallel Aware": false, "Async Capable": false, "Startup Cost": 616833.54, "Total Cost": 616833.85, "Plan Rows": 3, "Plan Width": 8, "Actual Rows": 4, "Actual Loops": 1, "Workers Planned": 3, "Workers Launched": 3, "Single Copy": false, "Plans": [{"Node Type": "Aggregate", "Strategy": "Plain", "Partial Mode": "Partial", "Parent Relationship": "Outer", "Parallel Aware": false, "Async Capable": false, "Startup Cost": 615833.54, "Total Cost": 615833.55, "Plan Rows": 1, "Plan Width": 8, "Actual Rows": 1, "Actual Loops": 4, "Workers": [], "Plans": [{"Node Type": "Hash Join", "Parent Relationship": "Outer", "Parallel Aware": true, "Async Capable": false, "Join Type": "Inner", "Startup Cost": 583098.29, "Total Cost": 615831.88, "Plan Rows": 665, "Plan Width": 0, "Actual Rows": 18700, "Actual Loops": 4, "Inner Unique": false, "Hash Cond": "(customer_demographics.cd_demo_sk = store_sales.ss_cdemo_sk)", "Workers": [], "Plans": [{"Node Type": "Seq Scan", "Parent Relationship": "Outer", "Parallel Aware": true, "Async Capable": false, "Relation Name": "customer_demographics", "Alias": "customer_demographics", "Startup Cost": 0.0, "Total Cost": 32699.23, "Plan Rows": 8879, "Plan Width": 4, "Actual Rows": 6860, "Actual Loops": 4, "Filter": "((cd_gender = 'M'::bpchar) AND (cd_marital_status = 'M'::bpchar) AND (cd_education_status = 'College'::bpchar))", "Rows Removed by Filter": 473340, "Workers": []}, {"Node Type": "Hash", "Parent Relationship": "Inner", "Parallel Aware": true, "Async Capable": false, "Startup Cost": 582798.48, "Total Cost": 582798.48, "Plan Rows": 23985, "Plan Width": 4, "Actual Rows": 1338886, "Actual Loops": 4, "Hash Buckets": 8388608, "Original Hash Buckets": 262144, "Hash Batches": 1, "Original Hash Batches": 1, "Peak Memory Usage": 336064, "Workers": [], "Plans": [{"Node Type": "Hash Join", "Parent Relationship": "Outer", "Parallel Aware": false, "Async Capable": false, "Join Type": "Inner", "Startup Cost": 4621.21, "Total Cost": 582798.48, "Plan Rows": 23985, "Plan Width": 4, "Actual Rows": 1338886, "Actual Loops": 4, "Inner Unique": true, "Hash Cond": "(store_sales.ss_promo_sk = promotion.p_promo_sk)", "Workers": [], "Plans": [{"Node Type": "Hash Join", "Parent Relationship": "Outer", "Parallel Aware": true, "Async Capable": false, "Join Type": "Inner", "Startup Cost": 4594.46, "Total Cost": 582708.26, "Plan Rows": 23985, "Plan Width": 8, "Actual Rows": 1376706, "Actual Loops": 4, "Inner Unique": true, "Hash Cond": "(store_sales.ss_item_sk = item.i_item_sk)", "Workers": [], "Plans": [{"Node Type": "Hash Join", "Parent Relationship": "Outer", "Parallel Aware": true, "Async Capable": false, "Join Type": "Inner", "Startup Cost": 1963.81, "Total Cost": 580014.65, "Plan Rows": 23985, "Plan Width": 12, "Actual Rows": 1376706, "Actual Loops": 4, "Inner Unique": true, "Hash Cond": "(store_sales.ss_sold_date_sk = date_dim.d_date_sk)", "Workers": [], "Plans": [{"Node Type": "Seq Scan", "Parent Relationship": "Outer", "Parallel Aware": true, "Async Capable": false, "Relation Name": "store_sales", "Alias": "store_sales", "Startup Cost": 0.0, "Total Cost": 565449.69, "Plan Rows": 4800169, "Plan Width": 16, "Actual Rows": 7200248, "Actual Loops": 4, "Workers": []}, {"Node Type": "Hash", "Parent Relationship": "Inner", "Parallel Aware": true, "Async Capable": false, "Startup Cost": 1961.12, "Total Cost": 1961.12, "Plan Rows": 215, "Plan Width": 4, "Actual Rows": 91, "Actual Loops": 4, "Hash Buckets": 1024, "Original Hash Buckets": 1024, "Hash Batches": 1, "Original Hash Batches": 1, "Peak Memory Usage": 136, "Workers": [], "Plans": [{"Node Type": "Seq Scan", "Parent Relationship": "Outer", "Parallel Aware": true, "Async Capable": false, "Relation Name": "date_dim", "Alias": "date_dim", "Startup Cost": 0.0, "Total Cost": 1961.12, "Plan Rows": 215, "Plan Width": 4, "Actual Rows": 91, "Actual Loops": 4, "Filter": "(d_year = 1999)", "Rows Removed by Filter": 18171, "Workers": []}]}]}, {"Node Type": "Hash", "Parent Relationship": "Inner", "Parallel Aware": true, "Async Capable": false, "Startup Cost": 2099.4, "Total Cost": 2099.4, "Plan Rows": 42500, "Plan Width": 4, "Actual Rows": 25500, "Actual Loops": 4, "Hash Buckets": 131072, "Original Hash Buckets": 131072, "Hash Batches": 1, "Original Hash Batches": 1, "Peak Memory Usage": 5056, "Workers": [], "Plans": [{"Node Type": "Index Only Scan", "Parent Relationship": "Outer", "Parallel Aware": true, "Async Capable": false, "Scan Direction": "Forward", "Index Name": "item_pkey", "Relation Name": "item", "Alias": "item", "Startup Cost": 0.29, "Total Cost": 2099.4, "Plan Rows": 42500, "Plan Width": 4, "Actual Rows": 25500, "Actual Loops": 4, "Heap Fetches": 0, "Workers": []}]}]}, {"Node Type": "Hash", "Parent Relationship": "Inner", "Parallel Aware": false, "Async Capable": false, "Startup Cost": 20.5, "Total Cost": 20.5, "Plan Rows": 500, "Plan Width": 4, "Actual Rows": 498, "Actual Loops": 4, "Hash Buckets": 1024, "Original Hash Buckets": 1024, "Hash Batches": 1, "Original Hash Batches": 1, "Peak Memory Usage": 26, "Workers": [], "Plans": [{"Node Type": "Seq Scan", "Parent Relationship": "Outer", "Parallel Aware": false, "Async Capable": false, "Relation Name": "promotion", "Alias": "promotion", "Startup Cost": 0.0, "Total Cost": 20.5, "Plan Rows": 500, "Plan Width": 4, "Actual Rows": 498, "Actual Loops": 4, "Filter": "((p_channel_email = 'N'::bpchar) OR (p_channel_event = 'N'::bpchar))", "Rows Removed by Filter": 2, "Workers": []}]}]}]}]}]}]}]}, "Planning Time": 1.95, "Triggers": [], "Execution Time": 4412.932}, {"Plan": {"Node Type": "Aggregate", "Strategy": "Plain", "Partial Mode": "Simple", "Parallel Aware": false, "Async Capable": false, "Startup Cost": 592346.58, "Total Cost": 592346.59, "Plan Rows": 1, "Plan Width": 8, "Actual Rows": 1, "Actual Loops": 1, "Plans": [{"Node Type": "Hash Join", "Parent Relationship": "Outer", "Parallel Aware": false, "Async Capable": false, "Join Type": "Inner", "Startup Cost": 592296.84, "Total Cost": 592341.43, "Plan Rows": 2062, "Plan Width": 0, "Actual Rows": 74802, "Actual Loops": 1, "Inner Unique": false, "Hash Cond": "(promotion.p_promo_sk = store_sales.ss_promo_sk)", "Plans": [{"Node Type": "Seq Scan", "Parent Relationship": "Outer", "Parallel Aware": false, "Async Capable": false, "Relation Name": "promotion", "Alias": "promotion", "Startup Cost": 0.0, "Total Cost": 20.5, "Plan Rows": 500, "Plan Width": 4, "Actual Rows": 498, "Actual Loops": 1, "Filter": "((p_channel_email = 'N'::bpchar) OR (p_channel_event = 'N'::bpchar))", "Rows Removed by Filter": 2}, {"Node Type": "Hash", "Parent Relationship": "Inner", "Parallel Aware": false, "Async Capable": false, "Startup Cost": 592271.07, "Total Cost": 592271.07, "Plan Rows": 2062, "Plan Width": 4, "Actual Rows": 75094, "Actual Loops": 1, "Hash Buckets": 131072, "Original Hash Buckets": 4096, "Hash Batches": 1, "Original Hash Batches": 1, "Peak Memory Usage": 3665, "Plans": [{"Node Type": "Gather", "Parent Relationship": "Outer", "Parallel Aware": false, "Async Capable": false, "Startup Cost": 2964.53, "Total Cost": 592271.07, "Plan Rows": 2062, "Plan Width": 4, "Actual Rows": 76059, "Actual Loops": 1, "Workers Planned": 6, "Workers Launched": 6, "Single Copy": false, "Plans": [{"Node Type": "Nested Loop", "Parent Relationship": "Outer", "Parallel Aware": false, "Async Capable": false, "Join Type": "Inner", "Startup Cost": 1964.53, "Total Cost": 591064.87, "Plan Rows": 344, "Plan Width": 4, "Actual Rows": 10866, "Actual Loops": 7, "Inner Unique": true, "Workers": [], "Plans": [{"Node Type": "Nested Loop", "Parent Relationship": "Outer", "Parallel Aware": false, "Async Capable": false, "Join Type": "Inner", "Startup Cost": 1964.24, "Total Cost": 590958.21, "Plan Rows": 344, "Plan Width": 8, "Actual Rows": 10866, "Actual Loops": 7, "Inner Unique": true, "Workers": [], "Plans": [{"Node Type": "Hash Join", "Parent Relationship": "Outer", "Parallel Aware": true, "Async Capable": false, "Join Type": "Inner", "Startup Cost": 1963.81, "Total Cost": 580014.65, "Plan Rows": 23985, "Plan Width": 12, "Actual Rows": 786689, "Actual Loops": 7, "Inner Unique": true, "Hash Cond": "(store_sales.ss_sold_date_sk = date_dim.d_date_sk)", "Workers": [], "Plans": [{"Node Type": "Seq Scan", "Parent Relationship": "Outer", "Parallel Aware": true, "Async Capable": false, "Relation Name": "store_sales", "Alias": "store_sales", "Startup Cost": 0.0, "Total Cost": 565449.69, "Plan Rows": 4800169, "Plan Width": 16, "Actual Rows": 4114427, "Actual Loops": 7, "Workers": []}, {"Node Type": "Hash", "Parent Relationship": "Inner", "Parallel Aware": true, "Async Capable": false, "Startup Cost": 1961.12, "Total Cost": 1961.12, "Plan Rows": 215, "Plan Width": 4, "Actual Rows": 52, "Actual Loops": 7, "Hash Buckets": 1024, "Original Hash Buckets": 1024, "Hash Batches": 1, "Original Hash Batches": 1, "Peak Memory Usage": 168, "Workers": [], "Plans": [{"Node Type": "Seq Scan", "Parent Relationship": "Outer", "Parallel Aware": true, "Async Capable": false, "Relation Name": "date_dim", "Alias": "date_dim", "Startup Cost": 0.0, "Total Cost": 1961.12, "Plan Rows": 215, "Plan Width": 4, "Actual Rows": 52, "Actual Loops": 7, "Filter": "(d_year = 1999)", "Rows Removed by Filter": 10383, "Workers": []}]}]}, {"Node Type": "Index Scan", "Parent Relationship": "Inner", "Parallel Aware": false, "Async Capable": false, "Scan Direction": "Forward", "Index Name": "customer_demographics_pkey", "Relation Name": "customer_demographics", "Alias": "customer_demographics", "Startup Cost": 0.43, "Total Cost": 0.46, "Plan Rows": 1, "Plan Width": 4, "Actual Rows": 0, "Actual Loops": 5506824, "Index Cond": "(cd_demo_sk = store_sales.ss_cdemo_sk)", "Rows Removed by Index Recheck": 0, "Filter": "((cd_gender = 'M'::bpchar) AND (cd_marital_status = 'M'::bpchar) AND (cd_education_status = 'College'::bpchar))", "Rows Removed by Filter": 1, "Workers": []}]}, {"Node Type": "Index Only Scan", "Parent Relationship": "Inner", "Parallel Aware": false, "Async Capable": false, "Scan Direction": "Forward", "Index Name": "item_pkey", "Relation Name": "item", "Alias": "item", "Startup Cost": 0.29, "Total Cost": 0.31, "Plan Rows": 1, "Plan Width": 4, "Actual Rows": 1, "Actual Loops": 76059, "Index Cond": "(i_item_sk = store_sales.ss_item_sk)", "Rows Removed by Index Recheck": 0, "Heap Fetches": 0, "Workers": []}]}]}]}]}]}, "Planning Time": 2.146, "Triggers": [], "Execution Time": 3827.876}, {"Plan": {"Node Type": "Aggregate", "Strategy": "Plain", "Partial Mode": "Finalize", "Parallel Aware": false, "Async Capable": false, "Startup Cost": 592094.02, "Total Cost": 592094.03, "Plan Rows": 1, "Plan Width": 8, "Actual Rows": 1, "Actual Loops": 1, "Plans": [{"Node Type": "Gather", "Parent Relationship": "Outer", "Parallel Aware": false, "Async Capable": false, "Startup Cost": 592093.39, "Total Cost": 592094.0, "Plan Rows": 6, "Plan Width": 8, "Actual Rows": 7, "Actual Loops": 1, "Workers Planned": 6, "Workers Launched": 6, "Single Copy": false, "Plans": [{"Node Type": "Aggregate", "Strategy": "Plain", "Partial Mode": "Partial", "Parent Relationship": "Outer", "Parallel Aware": false, "Async Capable": false, "Startup Cost": 591093.39, "Total Cost": 591093.4, "Plan Rows": 1, "Plan Width": 8, "Actual Rows": 1, "Actual Loops": 7, "Workers": [], "Plans": [{"Node Type": "Nested Loop", "Parent Relationship": "Outer", "Parallel Aware": false, "Async Capable": false, "Join Type": "Inner", "Startup Cost": 1991.28, "Total Cost": 591092.53, "Plan Rows": 344, "Plan Width": 0, "Actual Rows": 10686, "Actual Loops": 7, "Inner Unique": true, "Workers": [], "Plans": [{"Node Type": "Hash Join", "Parent Relationship": "Outer", "Parallel Aware": false, "Async Capable": false, "Join Type": "Inner", "Startup Cost": 1990.99, "Total Cost": 590985.88, "Plan Rows": 344, "Plan Width": 4, "Actual Rows": 10686, "Actual Loops": 7, "Inner Unique": true, "Hash Cond": "(store_sales.ss_promo_sk = promotion.p_promo_sk)", "Workers": [], "Plans": [{"Node Type": "Nested Loop", "Parent Relationship": "Outer", "Parallel Aware": false, "Async Capable": false, "Join Type": "Inner", "Startup Cost": 1964.24, "Total Cost": 590958.21, "Plan Rows": 344, "Plan Width": 8, "Actual Rows": 10866, "Actual Loops": 7, "Inner Unique": true, "Workers": [], "Plans": [{"Node Type": "Hash Join", "Parent Relationship": "Outer", "Parallel Aware": true, "Async Capable": false, "Join Type": "Inner", "Startup Cost": 1963.81, "Total Cost": 580014.65, "Plan Rows": 23985, "Plan Width": 12, "Actual Rows": 786689, "Actual Loops": 7, "Inner Unique": true, "Hash Cond": "(store_sales.ss_sold_date_sk = date_dim.d_date_sk)", "Workers": [], "Plans": [{"Node Type": "Seq Scan", "Parent Relationship": "Outer", "Parallel Aware": true, "Async Capable": false, "Relation Name": "store_sales", "Alias": "store_sales", "Startup Cost": 0.0, "Total Cost": 565449.69, "Plan Rows": 4800169, "Plan Width": 16, "Actual Rows": 4114427, "Actual Loops": 7, "Workers": []}, {"Node Type": "Hash", "Parent Relationship": "Inner", "Parallel Aware": true, "Async Capable": false, "Startup Cost": 1961.12, "Total Cost": 1961.12, "Plan Rows": 215, "Plan Width": 4, "Actual Rows": 52, "Actual Loops": 7, "Hash Buckets": 1024, "Original Hash Buckets": 1024, "Hash Batches": 1, "Original Hash Batches": 1, "Peak Memory Usage": 136, "Workers": [], "Plans": [{"Node Type": "Seq Scan", "Parent Relationship": "Outer", "Parallel Aware": true, "Async Capable": false, "Relation Name": "date_dim", "Alias": "date_dim", "Startup Cost": 0.0, "Total Cost": 1961.12, "Plan Rows": 215, "Plan Width": 4, "Actual Rows": 52, "Actual Loops": 7, "Filter": "(d_year = 1999)", "Rows Removed by Filter": 10383, "Workers": []}]}]}, {"Node Type": "Index Scan", "Parent Relationship": "Inner", "Parallel Aware": false, "Async Capable": false, "Scan Direction": "Forward", "Index Name": "customer_demographics_pkey", "Relation Name": "customer_demographics", "Alias": "customer_demographics", "Startup Cost": 0.43, "Total Cost": 0.46, "Plan Rows": 1, "Plan Width": 4, "Actual Rows": 0, "Actual Loops": 5506824, "Index Cond": "(cd_demo_sk = store_sales.ss_cdemo_sk)", "Rows Removed by Index Recheck": 0, "Filter": "((cd_gender = 'M'::bpchar) AND (cd_marital_status = 'M'::bpchar) AND (cd_education_status = 'College'::bpchar))", "Rows Removed by Filter": 1, "Workers": []}]}, {"Node Type": "Hash", "Parent Relationship": "Inner", "Parallel Aware": false, "Async Capable": false, "Startup Cost": 20.5, "Total Cost": 20.5, "Plan Rows": 500, "Plan Width": 4, "Actual Rows": 498, "Actual Loops": 7, "Hash Buckets": 1024, "Original Hash Buckets": 1024, "Hash Batches": 1, "Original Hash Batches": 1, "Peak Memory Usage": 26, "Workers": [], "Plans": [{"Node Type": "Seq Scan", "Parent Relationship": "Outer", "Parallel Aware": false, "Async Capable": false, "Relation Name": "promotion", "Alias": "promotion", "Startup Cost": 0.0, "Total Cost": 20.5, "Plan Rows": 500, "Plan Width": 4, "Actual Rows": 498, "Actual Loops": 7, "Filter": "((p_channel_email = 'N'::bpchar) OR (p_channel_event = 'N'::bpchar))", "Rows Removed by Filter": 2, "Workers": []}]}]}, {"Node Type": "Index Only Scan", "Parent Relationship": "Inner", "Parallel Aware": false, "Async Capable": false, "Scan Direction": "Forward", "Index Name": "item_pkey", "Relation Name": "item", "Alias": "item", "Startup Cost": 0.29, "Total Cost": 0.31, "Plan Rows": 1, "Plan Width": 4, "Actual Rows": 1, "Actual Loops": 74802, "Index Cond": "(i_item_sk = store_sales.ss_item_sk)", "Rows Removed by Index Recheck": 0, "Heap Fetches": 0, "Workers": []}]}]}]}]}, "Planning Time": 2.937, "Triggers": [], "Execution Time": 3800.928}]