[{"Plan": {"Node Type": "Aggregate", "Strategy": "Plain", "Partial Mode": "Finalize", "Parallel Aware": false, "Async Capable": false, "Startup Cost": 209184.82, "Total Cost": 209184.83, "Plan Rows": 1, "Plan Width": 8, "Actual Rows": 1, "Actual Loops": 1, "Plans": [{"Node Type": "Gather", "Parent Relationship": "Outer", "Parallel Aware": false, "Async Capable": false, "Startup Cost": 209184.3, "Total Cost": 209184.81, "Plan Rows": 5, "Plan Width": 8, "Actual Rows": 6, "Actual Loops": 1, "Workers Planned": 5, "Workers Launched": 5, "Single Copy": false, "Plans": [{"Node Type": "Aggregate", "Strategy": "Plain", "Partial Mode": "Partial", "Parent Relationship": "Outer", "Parallel Aware": false, "Async Capable": false, "Startup Cost": 208184.3, "Total Cost": 208184.31, "Plan Rows": 1, "Plan Width": 8, "Actual Rows": 1, "Actual Loops": 6, "Workers": [], "Plans": [{"Node Type": "Hash Join", "Parent Relationship": "Outer", "Parallel Aware": false, "Async Capable": false, "Join Type": "Inner", "Startup Cost": 2077.72, "Total Cost": 208167.2, "Plan Rows": 6838, "Plan Width": 0, "Actual Rows": 233836, "Actual Loops": 6, "Inner Unique": true, "Hash Cond": "(web_sales.ws_web_site_sk = web_site.web_site_sk)", "Workers": [], "Plans": [{"Node Type": "Hash Join", "Parent Relationship": "Outer", "Parallel Aware": false, "Async Capable": false, "Join Type": "Inner", "Startup Cost": 2073.78, "Total Cost": 208143.5, "Plan Rows": 6838, "Plan Width": 4, "Actual Rows": 233844, "Actual Loops": 6, "Inner Unique": true, "Hash Cond": "(web_sales.ws_ship_mode_sk = ship_mode.sm_ship_mode_sk)", "Workers": [], "Plans": [{"Node Type": "Hash Join", "Parent Relationship": "Outer", "Parallel Aware": false, "Async Capable": false, "Join Type": "Inner", "Startup Cost": 2072.33, "Total Cost": 208120.29, "Plan Rows": 6838, "Plan Width": 8, "Actual Rows": 233857, "Actual Loops": 6, "Inner Unique": true, "Hash Cond": "(web_sales.ws_warehouse_sk = warehouse.w_warehouse_sk)", "Workers": [], "Plans": [{"Node Type": "Hash Join", "Parent Relationship": "Outer", "Parallel Aware": true, "Async Capable": false, "Join Type": "Inner", "Startup Cost": 2071.1, "Total Cost": 208093.51, "Plan Rows": 6838, "Plan Width": 12, "Actual Rows": 233884, "Actual Loops": 6, "Inner Unique": true, "Hash Cond": "(web_sales.ws_ship_date_sk = date_dim.d_date_sk)", "Workers": [], "Plans": [{"Node Type": "Seq Scan", "Parent Relationship": "Outer", "Parallel Aware": true, "Async Capable": false, "Relation Name": "web_sales", "Alias": "web_sales", "Startup Cost": 0.0, "Total Cost": 202243.39, "Plan Rows": 1439539, "Plan Width": 16, "Actual Rows": 1199594, "Actual Loops": 6, "Workers": []}, {"Node Type": "Hash", "Parent Relationship": "Inner", "Parallel Aware": true, "Async Capable": false, "Startup Cost": 2068.55, "Total Cost": 2068.55, "Plan Rows": 204, "Plan Width": 4, "Actual Rows": 61, "Actual Loops": 6, "Hash Buckets": 1024, "Original Hash Buckets": 1024, "Hash Batches": 1, "Original Hash Batches": 1, "Peak Memory Usage": 104, "Workers": [], "Plans": [{"Node Type": "Seq Scan", "Parent Relationship": "Outer", "Parallel Aware": true, "Async Capable": false, "Relation Name": "date_dim", "Alias": "date_dim", "Startup Cost": 0.0, "Total Cost": 2068.55, "Plan Rows": 204, "Plan Width": 4, "Actual Rows": 61, "Actual Loops": 6, "Filter": "((d_month_seq >= 1179) AND (d_month_seq <= 1190))", "Rows Removed by Filter": 12114, "Workers": []}]}]}, {"Node Type": "Hash", "Parent Relationship": "Inner", "Parallel Aware": false, "Async Capable": false, "Startup Cost": 1.1, "Total Cost": 1.1, "Plan Rows": 10, "Plan Width": 4, "Actual Rows": 10, "Actual Loops": 6, "Hash Buckets": 1024, "Original Hash Buckets": 1024, "Hash Batches": 1, "Original Hash Batches": 1, "Peak Memory Usage": 9, "Workers": [], "Plans": [{"Node Type": "Seq Scan", "Parent Relationship": "Outer", "Parallel Aware": false, "Async Capable": false, "Relation Name": "warehouse", "Alias": "warehouse", "Startup Cost": 0.0, "Total Cost": 1.1, "Plan Rows": 10, "Plan Width": 4, "Actual Rows": 10, "Actual Loops": 6, "Workers": []}]}]}, {"Node Type": "Hash", "Parent Relationship": "Inner", "Parallel Aware": false, "Async Capable": false, "Startup Cost": 1.2, "Total Cost": 1.2, "Plan Rows": 20, "Plan Width": 4, "Actual Rows": 20, "Actual Loops": 6, "Hash Buckets": 1024, "Original Hash Buckets": 1024, "Hash Batches": 1, "Original Hash Batches": 1, "Peak Memory Usage": 9, "Workers": [], "Plans": [{"Node Type": "Seq Scan", "Parent Relationship": "Outer", "Parallel Aware": false, "Async Capable": false, "Relation Name": "ship_mode", "Alias": "ship_mode", "Startup Cost": 0.0, "Total Cost": 1.2, "Plan Rows": 20, "Plan Width": 4, "Actual Rows": 20, "Actual Loops": 6, "Workers": []}]}]}, {"Node Type": "Hash", "Parent Relationship": "Inner", "Parallel Aware": false, "Async Capable": false, "Startup Cost": 3.42, "Total Cost": 3.42, "Plan Rows": 42, "Plan Width": 4, "Actual Rows": 42, "Actual Loops": 6, "Hash Buckets": 1024, "Original Hash Buckets": 1024, "Hash Batches": 1, "Original Hash Batches": 1, "Peak Memory Usage": 10, "Workers": [], "Plans": [{"Node Type": "Seq Scan", "Parent Relationship": "Outer", "Parallel Aware": false, "Async Capable": false, "Relation Name": "web_site", "Alias": "web_site", "Startup Cost": 0.0, "Total Cost": 3.42, "Plan Rows": 42, "Plan Width": 4, "Actual Rows": 42, "Actual Loops": 6, "Workers": []}]}]}]}]}]}, "Planning Time": 1.94, "Triggers": [], "Execution Time": 473.583}, {"Plan": {"Node Type": "Aggregate", "Strategy": "Plain", "Partial Mode": "Simple", "Parallel Aware": false, "Async Capable": false, "Startup Cost": 213462.43, "Total Cost": 213462.44, "Plan Rows": 1, "Plan Width": 8, "Actual Rows": 1, "Actual Loops": 1, "Plans": [{"Node Type": "Hash Join", "Parent Relationship": "Outer", "Parallel Aware": false, "Async Capable": false, "Join Type": "Inner", "Startup Cost": 212990.49, "Total Cost": 213376.96, "Plan Rows": 34191, "Plan Width": 0, "Actual Rows": 1403016, "Actual Loops": 1, "Inner Unique": false, "Hash Cond": "(ship_mode.sm_ship_mode_sk = web_sales.ws_ship_mode_sk)", "Plans": [{"Node Type": "Seq Scan", "Parent Relationship": "Outer", "Parallel Aware": false, "Async Capable": false, "Relation Name": "ship_mode", "Alias": "ship_mode", "Startup Cost": 0.0, "Total Cost": 1.2, "Plan Rows": 20, "Plan Width": 4, "Actual Rows": 20, "Actual Loops": 1}, {"Node Type": "Hash", "Parent Relationship": "Inner", "Parallel Aware": false, "Async Capable": false, "Startup Cost": 212563.1, "Total Cost": 212563.1, "Plan Rows": 34191, "Plan Width": 4, "Actual Rows": 1403016, "Actual Loops": 1, "Hash Buckets": 2097152, "Original Hash Buckets": 65536, "Hash Batches": 1, "Original Hash Batches": 1, "Peak Memory Usage": 65709, "Plans": [{"Node Type": "Gather", "Parent Relationship": "Outer", "Parallel Aware": false, "Async Capable": false, "Startup Cost": 3076.27, "Total Cost": 212563.1, "Plan Rows": 34191, "Plan Width": 4, "Actual Rows": 1403055, "Actual Loops": 1, "Workers Planned": 5, "Workers Launched": 5, "Single Copy": false, "Plans": [{"Node Type": "Hash Join", "Parent Relationship": "Outer", "Parallel Aware": false, "Async Capable": false, "Join Type": "Inner", "Startup Cost": 2076.27, "Total Cost": 208144.0, "Plan Rows": 6838, "Plan Width": 4, "Actual Rows": 233842, "Actual Loops": 6, "Inner Unique": true, "Hash Cond": "(web_sales.ws_web_site_sk = web_site.web_site_sk)", "Workers": [], "Plans": [{"Node Type": "Hash Join", "Parent Relationship": "Outer", "Parallel Aware": false, "Async Capable": false, "Join Type": "Inner", "Startup Cost": 2072.33, "Total Cost": 208120.29, "Plan Rows": 6838, "Plan Width": 8, "Actual Rows": 233857, "Actual Loops": 6, "Inner Unique": true, "Hash Cond": "(web_sales.ws_warehouse_sk = warehouse.w_warehouse_sk)", "Workers": [], "Plans": [{"Node Type": "Hash Join", "Parent Relationship": "Outer", "Parallel Aware": true, "Async Capable": false, "Join Type": "Inner", "Startup Cost": 2071.1, "Total Cost": 208093.51, "Plan Rows": 6838, "Plan Width": 12, "Actual Rows": 233884, "Actual Loops": 6, "Inner Unique": true, "Hash Cond": "(web_sales.ws_ship_date_sk = date_dim.d_date_sk)", "Workers": [], "Plans": [{"Node Type": "Seq Scan", "Parent Relationship": "Outer", "Parallel Aware": true, "Async Capable": false, "Relation Name": "web_sales", "Alias": "web_sales", "Startup Cost": 0.0, "Total Cost": 202243.39, "Plan Rows": 1439539, "Plan Width": 16, "Actual Rows": 1199594, "Actual Loops": 6, "Workers": []}, {"Node Type": "Hash", "Parent Relationship": "Inner", "Parallel Aware": true, "Async Capable": false, "Startup Cost": 2068.55, "Total Cost": 2068.55, "Plan Rows": 204, "Plan Width": 4, "Actual Rows": 61, "Actual Loops": 6, "Hash Buckets": 1024, "Original Hash Buckets": 1024, "Hash Batches": 1, "Original Hash Batches": 1, "Peak Memory Usage": 40, "Workers": [], "Plans": [{"Node Type": "Seq Scan", "Parent Relationship": "Outer", "Parallel Aware": true, "Async Capable": false, "Relation Name": "date_dim", "Alias": "date_dim", "Startup Cost": 0.0, "Total Cost": 2068.55, "Plan Rows": 204, "Plan Width": 4, "Actual Rows": 61, "Actual Loops": 6, "Filter": "((d_month_seq >= 1179) AND (d_month_seq <= 1190))", "Rows Removed by Filter": 12114, "Workers": []}]}]}, {"Node Type": "Hash", "Parent Relationship": "Inner", "Parallel Aware": false, "Async Capable": false, "Startup Cost": 1.1, "Total Cost": 1.1, "Plan Rows": 10, "Plan Width": 4, "Actual Rows": 10, "Actual Loops": 6, "Hash Buckets": 1024, "Original Hash Buckets": 1024, "Hash Batches": 1, "Original Hash Batches": 1, "Peak Memory Usage": 9, "Workers": [], "Plans": [{"Node Type": "Seq Scan", "Parent Relationship": "Outer", "Parallel Aware": false, "Async Capable": false, "Relation Name": "warehouse", "Alias": "warehouse", "Startup Cost": 0.0, "Total Cost": 1.1, "Plan Rows": 10, "Plan Width": 4, "Actual Rows": 10, "Actual Loops": 6, "Workers": []}]}]}, {"Node Type": "Hash", "Parent Relationship": "Inner", "Parallel Aware": false, "Async Capable": false, "Startup Cost": 3.42, "Total Cost": 3.42, "Plan Rows": 42, "Plan Width": 4, "Actual Rows": 42, "Actual Loops": 6, "Hash Buckets": 1024, "Original Hash Buckets": 1024, "Hash Batches": 1, "Original Hash Batches": 1, "Peak Memory Usage": 10, "Workers": [], "Plans": [{"Node Type": "Seq Scan", "Parent Relationship": "Outer", "Parallel Aware": false, "Async Capable": false, "Relation Name": "web_site", "Alias": "web_site", "Startup Cost": 0.0, "Total Cost": 3.42, "Plan Rows": 42, "Plan Width": 4, "Actual Rows": 42, "Actual Loops": 6, "Workers": []}]}]}]}]}]}]}, "Planning Time": 1.306, "Triggers": [], "Execution Time": 1570.415}, {"Plan": {"Node Type": "Aggregate", "Strategy": "Plain", "Partial Mode": "Finalize", "Parallel Aware": false, "Async Capable": false, "Startup Cost": 209184.82, "Total Cost": 209184.83, "Plan Rows": 1, "Plan Width": 8, "Actual Rows": 1, "Actual Loops": 1, "Plans": [{"Node Type": "Gather", "Parent Relationship": "Outer", "Parallel Aware": false, "Async Capable": false, "Startup Cost": 209184.3, "Total Cost": 209184.81, "Plan Rows": 5, "Plan Width": 8, "Actual Rows": 6, "Actual Loops": 1, "Workers Planned": 5, "Workers Launched": 5, "Single Copy": false, "Plans": [{"Node Type": "Aggregate", "Strategy": "Plain", "Partial Mode": "Partial", "Parent Relationship": "Outer", "Parallel Aware": false, "Async Capable": false, "Startup Cost": 208184.3, "Total Cost": 208184.31, "Plan Rows": 1, "Plan Width": 8, "Actual Rows": 1, "Actual Loops": 6, "Workers": [], "Plans": [{"Node Type": "Hash Join", "Parent Relationship": "Outer", "Parallel Aware": false, "Async Capable": false, "Join Type": "Inner", "Startup Cost": 2077.72, "Total Cost": 208167.2, "Plan Rows": 6838, "Plan Width": 0, "Actual Rows": 233836, "Actual Loops": 6, "Inner Unique": true, "Hash Cond": "(web_sales.ws_warehouse_sk = warehouse.w_warehouse_sk)", "Workers": [], "Plans": [{"Node Type": "Hash Join", "Parent Relationship": "Outer", "Parallel Aware": false, "Async Capable": false, "Join Type": "Inner", "Startup Cost": 2076.5, "Total Cost": 208140.42, "Plan Rows": 6838, "Plan Width": 4, "Actual Rows": 233843, "Actual Loops": 6, "Inner Unique": true, "Hash Cond": "(web_sales.ws_web_site_sk = web_site.web_site_sk)", "Workers": [], "Plans": [{"Node Type": "Hash Join", "Parent Relationship": "Outer", "Parallel Aware": false, "Async Capable": false, "Join Type": "Inner", "Startup Cost": 2072.55, "Total Cost": 208116.71, "Plan Rows": 6838, "Plan Width": 8, "Actual Rows": 233858, "Actual Loops": 6, "Inner Unique": true, "Hash Cond": "(web_sales.ws_ship_mode_sk = ship_mode.sm_ship_mode_sk)", "Workers": [], "Plans": [{"Node Type": "Hash Join", "Parent Relationship": "Outer", "Parallel Aware": true, "Async Capable": false, "Join Type": "Inner", "Startup Cost": 2071.1, "Total Cost": 208093.51, "Plan Rows": 6838, "Plan Width": 12, "Actual Rows": 233884, "Actual Loops": 6, "Inner Unique": true, "Hash Cond": "(web_sales.ws_ship_date_sk = date_dim.d_date_sk)", "Workers": [], "Plans": [{"Node Type": "Seq Scan", "Parent Relationship": "Outer", "Parallel Aware": true, "Async Capable": false, "Relation Name": "web_sales", "Alias": "web_sales", "Startup Cost": 0.0, "Total Cost": 202243.39, "Plan Rows": 1439539, "Plan Width": 16, "Actual Rows": 1199594, "Actual Loops": 6, "Workers": []}, {"Node Type": "Hash", "Parent Relationship": "Inner", "Parallel Aware": true, "Async Capable": false, "Startup Cost": 2068.55, "Total Cost": 2068.55, "Plan Rows": 204, "Plan Width": 4, "Actual Rows": 61, "Actual Loops": 6, "Hash Buckets": 1024, "Original Hash Buckets": 1024, "Hash Batches": 1, "Original Hash Batches": 1, "Peak Memory Usage": 168, "Workers": [], "Plans": [{"Node Type": "Seq Scan", "Parent Relationship": "Outer", "Parallel Aware": true, "Async Capable": false, "Relation Name": "date_dim", "Alias": "date_dim", "Startup Cost": 0.0, "Total Cost": 2068.55, "Plan Rows": 204, "Plan Width": 4, "Actual Rows": 61, "Actual Loops": 6, "Filter": "((d_month_seq >= 1179) AND (d_month_seq <= 1190))", "Rows Removed by Filter": 12114, "Workers": []}]}]}, {"Node Type": "Hash", "Parent Relationship": "Inner", "Parallel Aware": false, "Async Capable": false, "Startup Cost": 1.2, "Total Cost": 1.2, "Plan Rows": 20, "Plan Width": 4, "Actual Rows": 20, "Actual Loops": 6, "Hash Buckets": 1024, "Original Hash Buckets": 1024, "Hash Batches": 1, "Original Hash Batches": 1, "Peak Memory Usage": 9, "Workers": [], "Plans": [{"Node Type": "Seq Scan", "Parent Relationship": "Outer", "Parallel Aware": false, "Async Capable": false, "Relation Name": "ship_mode", "Alias": "ship_mode", "Startup Cost": 0.0, "Total Cost": 1.2, "Plan Rows": 20, "Plan Width": 4, "Actual Rows": 20, "Actual Loops": 6, "Workers": []}]}]}, {"Node Type": "Hash", "Parent Relationship": "Inner", "Parallel Aware": false, "Async Capable": false, "Startup Cost": 3.42, "Total Cost": 3.42, "Plan Rows": 42, "Plan Width": 4, "Actual Rows": 42, "Actual Loops": 6, "Hash Buckets": 1024, "Original Hash Buckets": 1024, "Hash Batches": 1, "Original Hash Batches": 1, "Peak Memory Usage": 10, "Workers": [], "Plans": [{"Node Type": "Seq Scan", "Parent Relationship": "Outer", "Parallel Aware": false, "Async Capable": false, "Relation Name": "web_site", "Alias": "web_site", "Startup Cost": 0.0, "Total Cost": 3.42, "Plan Rows": 42, "Plan Width": 4, "Actual Rows": 42, "Actual Loops": 6, "Workers": []}]}]}, {"Node Type": "Hash", "Parent Relationship": "Inner", "Parallel Aware": false, "Async Capable": false, "Startup Cost": 1.1, "Total Cost": 1.1, "Plan Rows": 10, "Plan Width": 4, "Actual Rows": 10, "Actual Loops": 6, "Hash Buckets": 1024, "Original Hash Buckets": 1024, "Hash Batches": 1, "Original Hash Batches": 1, "Peak Memory Usage": 9, "Workers": [], "Plans": [{"Node Type": "Seq Scan", "Parent Relationship": "Outer", "Parallel Aware": false, "Async Capable": false, "Relation Name": "warehouse", "Alias": "warehouse", "Startup Cost": 0.0, "Total Cost": 1.1, "Plan Rows": 10, "Plan Width": 4, "Actual Rows": 10, "Actual Loops": 6, "Workers": []}]}]}]}]}]}, "Planning Time": 1.969, "Triggers": [], "Execution Time": 471.612}, {"Plan": {"Node Type": "Aggregate", "Strategy": "Plain", "Partial Mode": "Simple", "Parallel Aware": false, "Async Capable": false, "Startup Cost": 213507.82, "Total Cost": 213507.83, "Plan Rows": 1, "Plan Width": 8, "Actual Rows": 1, "Actual Loops": 1, "Plans": [{"Node Type": "Hash Join", "Parent Relationship": "Outer", "Parallel Aware": false, "Async Capable": false, "Join Type": "Inner", "Startup Cost": 212989.98, "Total Cost": 213422.34, "Plan Rows": 34191, "Plan Width": 0, "Actual Rows": 1403016, "Actual Loops": 1, "Inner Unique": false, "Hash Cond": "(web_site.web_site_sk = web_sales.ws_web_site_sk)", "Plans": [{"Node Type": "Seq Scan", "Parent Relationship": "Outer", "Parallel Aware": false, "Async Capable": false, "Relation Name": "web_site", "Alias": "web_site", "Startup Cost": 0.0, "Total Cost": 3.42, "Plan Rows": 42, "Plan Width": 4, "Actual Rows": 42, "Actual Loops": 1}, {"Node Type": "Hash", "Parent Relationship": "Inner", "Parallel Aware": false, "Async Capable": false, "Startup Cost": 212562.6, "Total Cost": 212562.6, "Plan Rows": 34191, "Plan Width": 4, "Actual Rows": 1403016, "Actual Loops": 1, "Hash Buckets": 2097152, "Original Hash Buckets": 65536, "Hash Batches": 1, "Original Hash Batches": 1, "Peak Memory Usage": 65709, "Plans": [{"Node Type": "Gather", "Parent Relationship": "Outer", "Parallel Aware": false, "Async Capable": false, "Startup Cost": 3073.78, "Total Cost": 212562.6, "Plan Rows": 34191, "Plan Width": 4, "Actual Rows": 1403061, "Actual Loops": 1, "Workers Planned": 5, "Workers Launched": 5, "Single Copy": false, "Plans": [{"Node Type": "Hash Join", "Parent Relationship": "Outer", "Parallel Aware": false, "Async Capable": false, "Join Type": "Inner", "Startup Cost": 2073.78, "Total Cost": 208143.5, "Plan Rows": 6838, "Plan Width": 4, "Actual Rows": 233844, "Actual Loops": 6, "Inner Unique": true, "Hash Cond": "(web_sales.ws_ship_mode_sk = ship_mode.sm_ship_mode_sk)", "Workers": [], "Plans": [{"Node Type": "Hash Join", "Parent Relationship": "Outer", "Parallel Aware": false, "Async Capable": false, "Join Type": "Inner", "Startup Cost": 2072.33, "Total Cost": 208120.29, "Plan Rows": 6838, "Plan Width": 8, "Actual Rows": 233857, "Actual Loops": 6, "Inner Unique": true, "Hash Cond": "(web_sales.ws_warehouse_sk = warehouse.w_warehouse_sk)", "Workers": [], "Plans": [{"Node Type": "Hash Join", "Parent Relationship": "Outer", "Parallel Aware": true, "Async Capable": false, "Join Type": "Inner", "Startup Cost": 2071.1, "Total Cost": 208093.51, "Plan Rows": 6838, "Plan Width": 12, "Actual Rows": 233884, "Actual Loops": 6, "Inner Unique": true, "Hash Cond": "(web_sales.ws_ship_date_sk = date_dim.d_date_sk)", "Workers": [], "Plans": [{"Node Type": "Seq Scan", "Parent Relationship": "Outer", "Parallel Aware": true, "Async Capable": false, "Relation Name": "web_sales", "Alias": "web_sales", "Startup Cost": 0.0, "Total Cost": 202243.39, "Plan Rows": 1439539, "Plan Width": 16, "Actual Rows": 1199594, "Actual Loops": 6, "Workers": []}, {"Node Type": "Hash", "Parent Relationship": "Inner", "Parallel Aware": true, "Async Capable": false, "Startup Cost": 2068.55, "Total Cost": 2068.55, "Plan Rows": 204, "Plan Width": 4, "Actual Rows": 61, "Actual Loops": 6, "Hash Buckets": 1024, "Original Hash Buckets": 1024, "Hash Batches": 1, "Original Hash Batches": 1, "Peak Memory Usage": 40, "Workers": [], "Plans": [{"Node Type": "Seq Scan", "Parent Relationship": "Outer", "Parallel Aware": true, "Async Capable": false, "Relation Name": "date_dim", "Alias": "date_dim", "Startup Cost": 0.0, "Total Cost": 2068.55, "Plan Rows": 204, "Plan Width": 4, "Actual Rows": 61, "Actual Loops": 6, "Filter": "((d_month_seq >= 1179) AND (d_month_seq <= 1190))", "Rows Removed by Filter": 12114, "Workers": []}]}]}, {"Node Type": "Hash", "Parent Relationship": "Inner", "Parallel Aware": false, "Async Capable": false, "Startup Cost": 1.1, "Total Cost": 1.1, "Plan Rows": 10, "Plan Width": 4, "Actual Rows": 10, "Actual Loops": 6, "Hash Buckets": 1024, "Original Hash Buckets": 1024, "Hash Batches": 1, "Original Hash Batches": 1, "Peak Memory Usage": 9, "Workers": [], "Plans": [{"Node Type": "Seq Scan", "Parent Relationship": "Outer", "Parallel Aware": false, "Async Capable": false, "Relation Name": "warehouse", "Alias": "warehouse", "Startup Cost": 0.0, "Total Cost": 1.1, "Plan Rows": 10, "Plan Width": 4, "Actual Rows": 10, "Actual Loops": 6, "Workers": []}]}]}, {"Node Type": "Hash", "Parent Relationship": "Inner", "Parallel Aware": false, "Async Capable": false, "Startup Cost": 1.2, "Total Cost": 1.2, "Plan Rows": 20, "Plan Width": 4, "Actual Rows": 20, "Actual Loops": 6, "Hash Buckets": 1024, "Original Hash Buckets": 1024, "Hash Batches": 1, "Original Hash Batches": 1, "Peak Memory Usage": 9, "Workers": [], "Plans": [{"Node Type": "Seq Scan", "Parent Relationship": "Outer", "Parallel Aware": false, "Async Capable": false, "Relation Name": "ship_mode", "Alias": "ship_mode", "Startup Cost": 0.0, "Total Cost": 1.2, "Plan Rows": 20, "Plan Width": 4, "Actual Rows": 20, "Actual Loops": 6, "Workers": []}]}]}]}]}]}]}, "Planning Time": 1.333, "Triggers": [], "Execution Time": 1592.442}, {"Plan": {"Node Type": "Aggregate", "Strategy": "Plain", "Partial Mode": "Finalize", "Parallel Aware": false, "Async Capable": false, "Startup Cost": 209184.82, "Total Cost": 209184.83, "Plan Rows": 1, "Plan Width": 8, "Actual Rows": 1, "Actual Loops": 1, "Plans": [{"Node Type": "Gather", "Parent Relationship": "Outer", "Parallel Aware": false, "Async Capable": false, "Startup Cost": 209184.3, "Total Cost": 209184.81, "Plan Rows": 5, "Plan Width": 8, "Actual Rows": 6, "Actual Loops": 1, "Workers Planned": 5, "Workers Launched": 5, "Single Copy": false, "Plans": [{"Node Type": "Aggregate", "Strategy": "Plain", "Partial Mode": "Partial", "Parent Relationship": "Outer", "Parallel Aware": false, "Async Capable": false, "Startup Cost": 208184.3, "Total Cost": 208184.31, "Plan Rows": 1, "Plan Width": 8, "Actual Rows": 1, "Actual Loops": 6, "Workers": [], "Plans": [{"Node Type": "Hash Join", "Parent Relationship": "Outer", "Parallel Aware": false, "Async Capable": false, "Join Type": "Inner", "Startup Cost": 2077.72, "Total Cost": 208167.2, "Plan Rows": 6838, "Plan Width": 0, "Actual Rows": 233836, "Actual Loops": 6, "Inner Unique": true, "Hash Cond": "(web_sales.ws_ship_mode_sk = ship_mode.sm_ship_mode_sk)", "Workers": [], "Plans": [{"Node Type": "Hash Join", "Parent Relationship": "Outer", "Parallel Aware": false, "Async Capable": false, "Join Type": "Inner", "Startup Cost": 2076.27, "Total Cost": 208144.0, "Plan Rows": 6838, "Plan Width": 4, "Actual Rows": 233842, "Actual Loops": 6, "Inner Unique": true, "Hash Cond": "(web_sales.ws_web_site_sk = web_site.web_site_sk)", "Workers": [], "Plans": [{"Node Type": "Hash Join", "Parent Relationship": "Outer", "Parallel Aware": false, "Async Capable": false, "Join Type": "Inner", "Startup Cost": 2072.33, "Total Cost": 208120.29, "Plan Rows": 6838, "Plan Width": 8, "Actual Rows": 233857, "Actual Loops": 6, "Inner Unique": true, "Hash Cond": "(web_sales.ws_warehouse_sk = warehouse.w_warehouse_sk)", "Workers": [], "Plans": [{"Node Type": "Hash Join", "Parent Relationship": "Outer", "Parallel Aware": true, "Async Capable": false, "Join Type": "Inner", "Startup Cost": 2071.1, "Total Cost": 208093.51, "Plan Rows": 6838, "Plan Width": 12, "Actual Rows": 233884, "Actual Loops": 6, "Inner Unique": true, "Hash Cond": "(web_sales.ws_ship_date_sk = date_dim.d_date_sk)", "Workers": [], "Plans": [{"Node Type": "Seq Scan", "Parent Relationship": "Outer", "Parallel Aware": true, "Async Capable": false, "Relation Name": "web_sales", "Alias": "web_sales", "Startup Cost": 0.0, "Total Cost": 202243.39, "Plan Rows": 1439539, "Plan Width": 16, "Actual Rows": 1199594, "Actual Loops": 6, "Workers": []}, {"Node Type": "Hash", "Parent Relationship": "Inner", "Parallel Aware": true, "Async Capable": false, "Startup Cost": 2068.55, "Total Cost": 2068.55, "Plan Rows": 204, "Plan Width": 4, "Actual Rows": 61, "Actual Loops": 6, "Hash Buckets": 1024, "Original Hash Buckets": 1024, "Hash Batches": 1, "Original Hash Batches": 1, "Peak Memory Usage": 136, "Workers": [], "Plans": [{"Node Type": "Seq Scan", "Parent Relationship": "Outer", "Parallel Aware": true, "Async Capable": false, "Relation Name": "date_dim", "Alias": "date_dim", "Startup Cost": 0.0, "Total Cost": 2068.55, "Plan Rows": 204, "Plan Width": 4, "Actual Rows": 61, "Actual Loops": 6, "Filter": "((d_month_seq >= 1179) AND (d_month_seq <= 1190))", "Rows Removed by Filter": 12114, "Workers": []}]}]}, {"Node Type": "Hash", "Parent Relationship": "Inner", "Parallel Aware": false, "Async Capable": false, "Startup Cost": 1.1, "Total Cost": 1.1, "Plan Rows": 10, "Plan Width": 4, "Actual Rows": 10, "Actual Loops": 6, "Hash Buckets": 1024, "Original Hash Buckets": 1024, "Hash Batches": 1, "Original Hash Batches": 1, "Peak Memory Usage": 9, "Workers": [], "Plans": [{"Node Type": "Seq Scan", "Parent Relationship": "Outer", "Parallel Aware": false, "Async Capable": false, "Relation Name": "warehouse", "Alias": "warehouse", "Startup Cost": 0.0, "Total Cost": 1.1, "Plan Rows": 10, "Plan Width": 4, "Actual Rows": 10, "Actual Loops": 6, "Workers": []}]}]}, {"Node Type": "Hash", "Parent Relationship": "Inner", "Parallel Aware": false, "Async Capable": false, "Startup Cost": 3.42, "Total Cost": 3.42, "Plan Rows": 42, "Plan Width": 4, "Actual Rows": 42, "Actual Loops": 6, "Hash Buckets": 1024, "Original Hash Buckets": 1024, "Hash Batches": 1, "Original Hash Batches": 1, "Peak Memory Usage": 10, "Workers": [], "Plans": [{"Node Type": "Seq Scan", "Parent Relationship": "Outer", "Parallel Aware": false, "Async Capable": false, "Relation Name": "web_site", "Alias": "web_site", "Startup Cost": 0.0, "Total Cost": 3.42, "Plan Rows": 42, "Plan Width": 4, "Actual Rows": 42, "Actual Loops": 6, "Workers": []}]}]}, {"Node Type": "Hash", "Parent Relationship": "Inner", "Parallel Aware": false, "Async Capable": false, "Startup Cost": 1.2, "Total Cost": 1.2, "Plan Rows": 20, "Plan Width": 4, "Actual Rows": 20, "Actual Loops": 6, "Hash Buckets": 1024, "Original Hash Buckets": 1024, "Hash Batches": 1, "Original Hash Batches": 1, "Peak Memory Usage": 9, "Workers": [], "Plans": [{"Node Type": "Seq Scan", "Parent Relationship": "Outer", "Parallel Aware": false, "Async Capable": false, "Relation Name": "ship_mode", "Alias": "ship_mode", "Startup Cost": 0.0, "Total Cost": 1.2, "Plan Rows": 20, "Plan Width": 4, "Actual Rows": 20, "Actual Loops": 6, "Workers": []}]}]}]}]}]}, "Planning Time": 1.973, "Triggers": [], "Execution Time": 485.56}, {"Plan": {"Node Type": "Aggregate", "Strategy": "Plain", "Partial Mode": "Simple", "Parallel Aware": false, "Async Capable": false, "Startup Cost": 213458.49, "Total Cost": 213458.5, "Plan Rows": 1, "Plan Width": 8, "Actual Rows": 1, "Actual Loops": 1, "Plans": [{"Node Type": "Hash Join", "Parent Relationship": "Outer", "Parallel Aware": false, "Async Capable": false, "Join Type": "Inner", "Startup Cost": 212986.91, "Total Cost": 213373.01, "Plan Rows": 34191, "Plan Width": 0, "Actual Rows": 1403016, "Actual Loops": 1, "Inner Unique": false, "Hash Cond": "(warehouse.w_warehouse_sk = web_sales.ws_warehouse_sk)", "Plans": [{"Node Type": "Seq Scan", "Parent Relationship": "Outer", "Parallel Aware": false, "Async Capable": false, "Relation Name": "warehouse", "Alias": "warehouse", "Startup Cost": 0.0, "Total Cost": 1.1, "Plan Rows": 10, "Plan Width": 4, "Actual Rows": 10, "Actual Loops": 1}, {"Node Type": "Hash", "Parent Relationship": "Inner", "Parallel Aware": false, "Async Capable": false, "Startup Cost": 212559.52, "Total Cost": 212559.52, "Plan Rows": 34191, "Plan Width": 4, "Actual Rows": 1403016, "Actual Loops": 1, "Hash Buckets": 2097152, "Original Hash Buckets": 65536, "Hash Batches": 1, "Original Hash Batches": 1, "Peak Memory Usage": 65709, "Plans": [{"Node Type": "Gather", "Parent Relationship": "Outer", "Parallel Aware": false, "Async Capable": false, "Startup Cost": 3076.5, "Total Cost": 212559.52, "Plan Rows": 34191, "Plan Width": 4, "Actual Rows": 1403058, "Actual Loops": 1, "Workers Planned": 5, "Workers Launched": 5, "Single Copy": false, "Plans": [{"Node Type": "Hash Join", "Parent Relationship": "Outer", "Parallel Aware": false, "Async Capable": false, "Join Type": "Inner", "Startup Cost": 2076.5, "Total Cost": 208140.42, "Plan Rows": 6838, "Plan Width": 4, "Actual Rows": 233843, "Actual Loops": 6, "Inner Unique": true, "Hash Cond": "(web_sales.ws_web_site_sk = web_site.web_site_sk)", "Workers": [], "Plans": [{"Node Type": "Hash Join", "Parent Relationship": "Outer", "Parallel Aware": false, "Async Capable": false, "Join Type": "Inner", "Startup Cost": 2072.55, "Total Cost": 208116.71, "Plan Rows": 6838, "Plan Width": 8, "Actual Rows": 233858, "Actual Loops": 6, "Inner Unique": true, "Hash Cond": "(web_sales.ws_ship_mode_sk = ship_mode.sm_ship_mode_sk)", "Workers": [], "Plans": [{"Node Type": "Hash Join", "Parent Relationship": "Outer", "Parallel Aware": true, "Async Capable": false, "Join Type": "Inner", "Startup Cost": 2071.1, "Total Cost": 208093.51, "Plan Rows": 6838, "Plan Width": 12, "Actual Rows": 233884, "Actual Loops": 6, "Inner Unique": true, "Hash Cond": "(web_sales.ws_ship_date_sk = date_dim.d_date_sk)", "Workers": [], "Plans": [{"Node Type": "Seq Scan", "Parent Relationship": "Outer", "Parallel Aware": true, "Async Capable": false, "Relation Name": "web_sales", "Alias": "web_sales", "Startup Cost": 0.0, "Total Cost": 202243.39, "Plan Rows": 1439539, "Plan Width": 16, "Actual Rows": 1199594, "Actual Loops": 6, "Workers": []}, {"Node Type": "Hash", "Parent Relationship": "Inner", "Parallel Aware": true, "Async Capable": false, "Startup Cost": 2068.55, "Total Cost": 2068.55, "Plan Rows": 204, "Plan Width": 4, "Actual Rows": 61, "Actual Loops": 6, "Hash Buckets": 1024, "Original Hash Buckets": 1024, "Hash Batches": 1, "Original Hash Batches": 1, "Peak Memory Usage": 40, "Workers": [], "Plans": [{"Node Type": "Seq Scan", "Parent Relationship": "Outer", "Parallel Aware": true, "Async Capable": false, "Relation Name": "date_dim", "Alias": "date_dim", "Startup Cost": 0.0, "Total Cost": 2068.55, "Plan Rows": 204, "Plan Width": 4, "Actual Rows": 61, "Actual Loops": 6, "Filter": "((d_month_seq >= 1179) AND (d_month_seq <= 1190))", "Rows Removed by Filter": 12114, "Workers": []}]}]}, {"Node Type": "Hash", "Parent Relationship": "Inner", "Parallel Aware": false, "Async Capable": false, "Startup Cost": 1.2, "Total Cost": 1.2, "Plan Rows": 20, "Plan Width": 4, "Actual Rows": 20, "Actual Loops": 6, "Hash Buckets": 1024, "Original Hash Buckets": 1024, "Hash Batches": 1, "Original Hash Batches": 1, "Peak Memory Usage": 9, "Workers": [], "Plans": [{"Node Type": "Seq Scan", "Parent Relationship": "Outer", "Parallel Aware": false, "Async Capable": false, "Relation Name": "ship_mode", "Alias": "ship_mode", "Startup Cost": 0.0, "Total Cost": 1.2, "Plan Rows": 20, "Plan Width": 4, "Actual Rows": 20, "Actual Loops": 6, "Workers": []}]}]}, {"Node Type": "Hash", "Parent Relationship": "Inner", "Parallel Aware": false, "Async Capable": false, "Startup Cost": 3.42, "Total Cost": 3.42, "Plan Rows": 42, "Plan Width": 4, "Actual Rows": 42, "Actual Loops": 6, "Hash Buckets": 1024, "Original Hash Buckets": 1024, "Hash Batches": 1, "Original Hash Batches": 1, "Peak Memory Usage": 10, "Workers": [], "Plans": [{"Node Type": "Seq Scan", "Parent Relationship": "Outer", "Parallel Aware": false, "Async Capable": false, "Relation Name": "web_site", "Alias": "web_site", "Startup Cost": 0.0, "Total Cost": 3.42, "Plan Rows": 42, "Plan Width": 4, "Actual Rows": 42, "Actual Loops": 6, "Workers": []}]}]}]}]}]}]}, "Planning Time": 1.222, "Triggers": [], "Execution Time": 1148.402}, {"Plan": {"Node Type": "Aggregate", "Strategy": "Plain", "Partial Mode": "Finalize", "Parallel Aware": false, "Async Capable": false, "Startup Cost": 209184.82, "Total Cost": 209184.83, "Plan Rows": 1, "Plan Width": 8, "Actual Rows": 1, "Actual Loops": 1, "Plans": [{"Node Type": "Gather", "Parent Relationship": "Outer", "Parallel Aware": false, "Async Capable": false, "Startup Cost": 209184.3, "Total Cost": 209184.81, "Plan Rows": 5, "Plan Width": 8, "Actual Rows": 6, "Actual Loops": 1, "Workers Planned": 5, "Workers Launched": 5, "Single Copy": false, "Plans": [{"Node Type": "Aggregate", "Strategy": "Plain", "Partial Mode": "Partial", "Parent Relationship": "Outer", "Parallel Aware": false, "Async Capable": false, "Startup Cost": 208184.3, "Total Cost": 208184.31, "Plan Rows": 1, "Plan Width": 8, "Actual Rows": 1, "Actual Loops": 6, "Workers": [], "Plans": [{"Node Type": "Hash Join", "Parent Relationship": "Outer", "Parallel Aware": false, "Async Capable": false, "Join Type": "Inner", "Startup Cost": 2077.72, "Total Cost": 208167.2, "Plan Rows": 6838, "Plan Width": 0, "Actual Rows": 233836, "Actual Loops": 6, "Inner Unique": true, "Hash Cond": "(web_sales.ws_web_site_sk = web_site.web_site_sk)", "Workers": [], "Plans": [{"Node Type": "Hash Join", "Parent Relationship": "Outer", "Parallel Aware": false, "Async Capable": false, "Join Type": "Inner", "Startup Cost": 2073.78, "Total Cost": 208143.5, "Plan Rows": 6838, "Plan Width": 4, "Actual Rows": 233844, "Actual Loops": 6, "Inner Unique": true, "Hash Cond": "(web_sales.ws_ship_mode_sk = ship_mode.sm_ship_mode_sk)", "Workers": [], "Plans": [{"Node Type": "Hash Join", "Parent Relationship": "Outer", "Parallel Aware": false, "Async Capable": false, "Join Type": "Inner", "Startup Cost": 2072.33, "Total Cost": 208120.29, "Plan Rows": 6838, "Plan Width": 8, "Actual Rows": 233857, "Actual Loops": 6, "Inner Unique": true, "Hash Cond": "(web_sales.ws_warehouse_sk = warehouse.w_warehouse_sk)", "Workers": [], "Plans": [{"Node Type": "Hash Join", "Parent Relationship": "Outer", "Parallel Aware": true, "Async Capable": false, "Join Type": "Inner", "Startup Cost": 2071.1, "Total Cost": 208093.51, "Plan Rows": 6838, "Plan Width": 12, "Actual Rows": 233884, "Actual Loops": 6, "Inner Unique": true, "Hash Cond": "(web_sales.ws_ship_date_sk = date_dim.d_date_sk)", "Workers": [], "Plans": [{"Node Type": "Seq Scan", "Parent Relationship": "Outer", "Parallel Aware": true, "Async Capable": false, "Relation Name": "web_sales", "Alias": "web_sales", "Startup Cost": 0.0, "Total Cost": 202243.39, "Plan Rows": 1439539, "Plan Width": 16, "Actual Rows": 1199594, "Actual Loops": 6, "Workers": []}, {"Node Type": "Hash", "Parent Relationship": "Inner", "Parallel Aware": true, "Async Capable": false, "Startup Cost": 2068.55, "Total Cost": 2068.55, "Plan Rows": 204, "Plan Width": 4, "Actual Rows": 61, "Actual Loops": 6, "Hash Buckets": 1024, "Original Hash Buckets": 1024, "Hash Batches": 1, "Original Hash Batches": 1, "Peak Memory Usage": 168, "Workers": [], "Plans": [{"Node Type": "Seq Scan", "Parent Relationship": "Outer", "Parallel Aware": true, "Async Capable": false, "Relation Name": "date_dim", "Alias": "date_dim", "Startup Cost": 0.0, "Total Cost": 2068.55, "Plan Rows": 204, "Plan Width": 4, "Actual Rows": 61, "Actual Loops": 6, "Filter": "((d_month_seq >= 1179) AND (d_month_seq <= 1190))", "Rows Removed by Filter": 12114, "Workers": []}]}]}, {"Node Type": "Hash", "Parent Relationship": "Inner", "Parallel Aware": false, "Async Capable": false, "Startup Cost": 1.1, "Total Cost": 1.1, "Plan Rows": 10, "Plan Width": 4, "Actual Rows": 10, "Actual Loops": 6, "Hash Buckets": 1024, "Original Hash Buckets": 1024, "Hash Batches": 1, "Original Hash Batches": 1, "Peak Memory Usage": 9, "Workers": [], "Plans": [{"Node Type": "Seq Scan", "Parent Relationship": "Outer", "Parallel Aware": false, "Async Capable": false, "Relation Name": "warehouse", "Alias": "warehouse", "Startup Cost": 0.0, "Total Cost": 1.1, "Plan Rows": 10, "Plan Width": 4, "Actual Rows": 10, "Actual Loops": 6, "Workers": []}]}]}, {"Node Type": "Hash", "Parent Relationship": "Inner", "Parallel Aware": false, "Async Capable": false, "Startup Cost": 1.2, "Total Cost": 1.2, "Plan Rows": 20, "Plan Width": 4, "Actual Rows": 20, "Actual Loops": 6, "Hash Buckets": 1024, "Original Hash Buckets": 1024, "Hash Batches": 1, "Original Hash Batches": 1, "Peak Memory Usage": 9, "Workers": [], "Plans": [{"Node Type": "Seq Scan", "Parent Relationship": "Outer", "Parallel Aware": false, "Async Capable": false, "Relation Name": "ship_mode", "Alias": "ship_mode", "Startup Cost": 0.0, "Total Cost": 1.2, "Plan Rows": 20, "Plan Width": 4, "Actual Rows": 20, "Actual Loops": 6, "Workers": []}]}]}, {"Node Type": "Hash", "Parent Relationship": "Inner", "Parallel Aware": false, "Async Capable": false, "Startup Cost": 3.42, "Total Cost": 3.42, "Plan Rows": 42, "Plan Width": 4, "Actual Rows": 42, "Actual Loops": 6, "Hash Buckets": 1024, "Original Hash Buckets": 1024, "Hash Batches": 1, "Original Hash Batches": 1, "Peak Memory Usage": 10, "Workers": [], "Plans": [{"Node Type": "Seq Scan", "Parent Relationship": "Outer", "Parallel Aware": false, "Async Capable": false, "Relation Name": "web_site", "Alias": "web_site", "Startup Cost": 0.0, "Total Cost": 3.42, "Plan Rows": 42, "Plan Width": 4, "Actual Rows": 42, "Actual Loops": 6, "Workers": []}]}]}]}]}]}, "Planning Time": 1.781, "Triggers": [], "Execution Time": 485.322}, {"Plan": {"Node Type": "Aggregate", "Strategy": "Plain", "Partial Mode": "Finalize", "Parallel Aware": false, "Async Capable": false, "Startup Cost": 237941.59, "Total Cost": 237941.6, "Plan Rows": 1, "Plan Width": 8, "Plans": [{"Node Type": "Gather", "Parent Relationship": "Outer", "Parallel Aware": false, "Async Capable": false, "Startup Cost": 237941.48, "Total Cost": 237941.59, "Plan Rows": 1, "Plan Width": 8, "Workers Planned": 1, "Single Copy": false, "Plans": [{"Node Type": "Aggregate", "Strategy": "Plain", "Partial Mode": "Partial", "Parent Relationship": "Outer", "Parallel Aware": false, "Async Capable": false, "Startup Cost": 236941.48, "Total Cost": 236941.49, "Plan Rows": 1, "Plan Width": 8, "Plans": [{"Node Type": "Hash Join", "Parent Relationship": "Outer", "Parallel Aware": true, "Async Capable": false, "Join Type": "Inner", "Startup Cost": 234363.5, "Total Cost": 236891.2, "Plan Rows": 20112, "Plan Width": 0, "Inner Unique": false, "Hash Cond": "(date_dim.d_date_sk = web_sales.ws_ship_date_sk)", "Plans": [{"Node Type": "Seq Scan", "Parent Relationship": "Outer", "Parallel Aware": true, "Async Capable": false, "Relation Name": "date_dim", "Alias": "date_dim", "Startup Cost": 0.0, "Total Cost": 2068.55, "Plan Rows": 204, "Plan Width": 4, "Filter": "((d_month_seq >= 1179) AND (d_month_seq <= 1190))"}, {"Node Type": "Hash", "Parent Relationship": "Inner", "Parallel Aware": true, "Async Capable": false, "Startup Cost": 216369.26, "Total Cost": 216369.26, "Plan Rows": 1439539, "Plan Width": 4, "Plans": [{"Node Type": "Hash Join", "Parent Relationship": "Outer", "Parallel Aware": false, "Async Capable": false, "Join Type": "Inner", "Startup Cost": 6.62, "Total Cost": 216369.26, "Plan Rows": 1439539, "Plan Width": 4, "Inner Unique": true, "Hash Cond": "(web_sales.ws_web_site_sk = web_site.web_site_sk)", "Plans": [{"Node Type": "Hash Join", "Parent Relationship": "Outer", "Parallel Aware": false, "Async Capable": false, "Join Type": "Inner", "Startup Cost": 2.67, "Total Cost": 212205.3, "Plan Rows": 1439539, "Plan Width": 8, "Inner Unique": true, "Hash Cond": "(web_sales.ws_ship_mode_sk = ship_mode.sm_ship_mode_sk)", "Plans": [{"Node Type": "Hash Join", "Parent Relationship": "Outer", "Parallel Aware": false, "Async Capable": false, "Join Type": "Inner", "Startup Cost": 1.23, "Total Cost": 207624.52, "Plan Rows": 1439539, "Plan Width": 12, "Inner Unique": true, "Hash Cond": "(web_sales.ws_warehouse_sk = warehouse.w_warehouse_sk)", "Plans": [{"Node Type": "Seq Scan", "Parent Relationship": "Outer", "Parallel Aware": true, "Async Capable": false, "Relation Name": "web_sales", "Alias": "web_sales", "Startup Cost": 0.0, "Total Cost": 202243.39, "Plan Rows": 1439539, "Plan Width": 16}, {"Node Type": "Hash", "Parent Relationship": "Inner", "Parallel Aware": false, "Async Capable": false, "Startup Cost": 1.1, "Total Cost": 1.1, "Plan Rows": 10, "Plan Width": 4, "Plans": [{"Node Type": "Seq Scan", "Parent Relationship": "Outer", "Parallel Aware": false, "Async Capable": false, "Relation Name": "warehouse", "Alias": "warehouse", "Startup Cost": 0.0, "Total Cost": 1.1, "Plan Rows": 10, "Plan Width": 4}]}]}, {"Node Type": "Hash", "Parent Relationship": "Inner", "Parallel Aware": false, "Async Capable": false, "Startup Cost": 1.2, "Total Cost": 1.2, "Plan Rows": 20, "Plan Width": 4, "Plans": [{"Node Type": "Seq Scan", "Parent Relationship": "Outer", "Parallel Aware": false, "Async Capable": false, "Relation Name": "ship_mode", "Alias": "ship_mode", "Startup Cost": 0.0, "Total Cost": 1.2, "Plan Rows": 20, "Plan Width": 4}]}]}, {"Node Type": "Hash", "Parent Relationship": "Inner", "Parallel Aware": false, "Async Capable": false, "Startup Cost": 3.42, "Total Cost": 3.42, "Plan Rows": 42, "Plan Width": 4, "Plans": [{"Node Type": "Seq Scan", "Parent Relationship": "Outer", "Parallel Aware": false, "Async Capable": false, "Relation Name": "web_site", "Alias": "web_site", "Startup Cost": 0.0, "Total Cost": 3.42, "Plan Rows": 42, "Plan Width": 4}]}]}]}]}]}]}]}}, {"Plan": {"Node Type": "Aggregate", "Strategy": "Plain", "Partial Mode": "Finalize", "Parallel Aware": false, "Async Capable": false, "Startup Cost": 223236.99, "Total Cost": 223237.0, "Plan Rows": 1, "Plan Width": 8, "Actual Rows": 1, "Actual Loops": 1, "Plans": [{"Node Type": "Gather", "Parent Relationship": "Outer", "Parallel Aware": false, "Async Capable": false, "Startup Cost": 223236.47, "Total Cost": 223236.98, "Plan Rows": 5, "Plan Width": 8, "Actual Rows": 6, "Actual Loops": 1, "Workers Planned": 5, "Workers Launched": 5, "Single Copy": false, "Plans": [{"Node Type": "Aggregate", "Strategy": "Plain", "Partial Mode": "Partial", "Parent Relationship": "Outer", "Parallel Aware": false, "Async Capable": false, "Startup Cost": 222236.47, "Total Cost": 222236.48, "Plan Rows": 1, "Plan Width": 8, "Actual Rows": 1, "Actual Loops": 6, "Workers": [], "Plans": [{"Node Type": "Hash Join", "Parent Relationship": "Outer", "Parallel Aware": true, "Async Capable": false, "Join Type": "Inner", "Startup Cost": 2077.72, "Total Cost": 222219.37, "Plan Rows": 6838, "Plan Width": 0, "Actual Rows": 233836, "Actual Loops": 6, "Inner Unique": true, "Hash Cond": "(web_sales.ws_ship_date_sk = date_dim.d_date_sk)", "Workers": [], "Plans": [{"Node Type": "Hash Join", "Parent Relationship": "Outer", "Parallel Aware": false, "Async Capable": false, "Join Type": "Inner", "Startup Cost": 6.62, "Total Cost": 216369.26, "Plan Rows": 1439539, "Plan Width": 4, "Actual Rows": 1199081, "Actual Loops": 6, "Inner Unique": true, "Hash Cond": "(web_sales.ws_web_site_sk = web_site.web_site_sk)", "Workers": [], "Plans": [{"Node Type": "Hash Join", "Parent Relationship": "Outer", "Parallel Aware": false, "Async Capable": false, "Join Type": "Inner", "Startup Cost": 2.67, "Total Cost": 212205.3, "Plan Rows": 1439539, "Plan Width": 8, "Actual Rows": 1199159, "Actual Loops": 6, "Inner Unique": true, "Hash Cond": "(web_sales.ws_ship_mode_sk = ship_mode.sm_ship_mode_sk)", "Workers": [], "Plans": [{"Node Type": "Hash Join", "Parent Relationship": "Outer", "Parallel Aware": false, "Async Capable": false, "Join Type": "Inner", "Startup Cost": 1.23, "Total Cost": 207624.52, "Plan Rows": 1439539, "Plan Width": 12, "Actual Rows": 1199304, "Actual Loops": 6, "Inner Unique": true, "Hash Cond": "(web_sales.ws_warehouse_sk = warehouse.w_warehouse_sk)", "Workers": [], "Plans": [{"Node Type": "Seq Scan", "Parent Relationship": "Outer", "Parallel Aware": true, "Async Capable": false, "Relation Name": "web_sales", "Alias": "web_sales", "Startup Cost": 0.0, "Total Cost": 202243.39, "Plan Rows": 1439539, "Plan Width": 16, "Actual Rows": 1199594, "Actual Loops": 6, "Workers": []}, {"Node Type": "Hash", "Parent Relationship": "Inner", "Parallel Aware": false, "Async Capable": false, "Startup Cost": 1.1, "Total Cost": 1.1, "Plan Rows": 10, "Plan Width": 4, "Actual Rows": 10, "Actual Loops": 6, "Hash Buckets": 1024, "Original Hash Buckets": 1024, "Hash Batches": 1, "Original Hash Batches": 1, "Peak Memory Usage": 9, "Workers": [], "Plans": [{"Node Type": "Seq Scan", "Parent Relationship": "Outer", "Parallel Aware": false, "Async Capable": false, "Relation Name": "warehouse", "Alias": "warehouse", "Startup Cost": 0.0, "Total Cost": 1.1, "Plan Rows": 10, "Plan Width": 4, "Actual Rows": 10, "Actual Loops": 6, "Workers": []}]}]}, {"Node Type": "Hash", "Parent Relationship": "Inner", "Parallel Aware": false, "Async Capable": false, "Startup Cost": 1.2, "Total Cost": 1.2, "Plan Rows": 20, "Plan Width": 4, "Actual Rows": 20, "Actual Loops": 6, "Hash Buckets": 1024, "Original Hash Buckets": 1024, "Hash Batches": 1, "Original Hash Batches": 1, "Peak Memory Usage": 9, "Workers": [], "Plans": [{"Node Type": "Seq Scan", "Parent Relationship": "Outer", "Parallel Aware": false, "Async Capable": false, "Relation Name": "ship_mode", "Alias": "ship_mode", "Startup Cost": 0.0, "Total Cost": 1.2, "Plan Rows": 20, "Plan Width": 4, "Actual Rows": 20, "Actual Loops": 6, "Workers": []}]}]}, {"Node Type": "Hash", "Parent Relationship": "Inner", "Parallel Aware": false, "Async Capable": false, "Startup Cost": 3.42, "Total Cost": 3.42, "Plan Rows": 42, "Plan Width": 4, "Actual Rows": 42, "Actual Loops": 6, "Hash Buckets": 1024, "Original Hash Buckets": 1024, "Hash Batches": 1, "Original Hash Batches": 1, "Peak Memory Usage": 10, "Workers": [], "Plans": [{"Node Type": "Seq Scan", "Parent Relationship": "Outer", "Parallel Aware": false, "Async Capable": false, "Relation Name": "web_site", "Alias": "web_site", "Startup Cost": 0.0, "Total Cost": 3.42, "Plan Rows": 42, "Plan Width": 4, "Actual Rows": 42, "Actual Loops": 6, "Workers": []}]}]}, {"Node Type": "Hash", "Parent Relationship": "Inner", "Parallel Aware": true, "Async Capable": false, "Startup Cost": 2068.55, "Total Cost": 2068.55, "Plan Rows": 204, "Plan Width": 4, "Actual Rows": 61, "Actual Loops": 6, "Hash Buckets": 1024, "Original Hash Buckets": 1024, "Hash Batches": 1, "Original Hash Batches": 1, "Peak Memory Usage": 168, "Workers": [], "Plans": [{"Node Type": "Seq Scan", "Parent Relationship": "Outer", "Parallel Aware": true, "Async Capable": false, "Relation Name": "date_dim", "Alias": "date_dim", "Startup Cost": 0.0, "Total Cost": 2068.55, "Plan Rows": 204, "Plan Width": 4, "Actual Rows": 61, "Actual Loops": 6, "Filter": "((d_month_seq >= 1179) AND (d_month_seq <= 1190))", "Rows Removed by Filter": 12114, "Workers": []}]}]}]}]}]}, "Planning Time": 2.008, "Triggers": [], "Execution Time": 729.086}]